cd /tmp/Nopol_Defects4J_Math_98;
export JAVA_TOOL_OPTIONS=-Dfile.encoding=UTF8;
TZ="America/New_York"; export TZ;
export PATH="/usr/lib/jvm/java-1.8.0-openjdk-amd64/bin/:$PATH";
export JAVA_HOME="/usr/lib/jvm/java-1.8.0-openjdk-amd64/bin/";
time java -Xmx4048m -cp /home/tdurieux/defects4j4repair/script/../repair_tools/nopol.jar:/usr/lib/jvm/java-1.8.0-openjdk-amd64/bin//../lib/tools.jar fr.inria.lille.repair.Main \
	--mode repair \
	--type pre_then_cond \
	--oracle angelic \
	--synthesis smt \
	--flocal gzoltar \
	--json \
	--solver z3 \
	--solver-path /home/tdurieux/defects4j4repair/script/../libs/z3/build/z3 \
	--complianceLevel 5 \
	--source src/java/ \
	--classpath "target/classes/:target/test-classes/:/tmp/Nopol_Defects4J_Math_98/target/classes/:/tmp/Nopol_Defects4J_Math_98/target/test-classes/:/home/tdurieux/defects4j4repair/script/../benchmarks/defects4j/framework/projects/Math/lib/commons-discovery-0.5.jar:/home/tdurieux/defects4j4repair/script/../repair_tools/nopol.jar";
	echo "\n\nNode: `hostname`\n";
	echo "\n\nDate: `date`\n";
Picked up JAVA_TOOL_OPTIONS: -Dfile.encoding=UTF8
22:01:49.523 [main] INFO  fr.inria.lille.repair.nopol.NoPol - Source files: [src/java]
22:01:49.531 [main] INFO  fr.inria.lille.repair.nopol.NoPol - Classpath: [file:/tmp/Nopol_Defects4J_Math_98/target/classes/, file:/tmp/Nopol_Defects4J_Math_98/target/test-classes/, file:/tmp/Nopol_Defects4J_Math_98/target/classes/, file:/tmp/Nopol_Defects4J_Math_98/target/test-classes/, file:/home/tdurieux/defects4j4repair/script/../benchmarks/defects4j/framework/projects/Math/lib/commons-discovery-0.5.jar, file:/home/tdurieux/defects4j4repair/script/../repair_tools/nopol.jar]
22:01:49.531 [main] INFO  fr.inria.lille.repair.nopol.NoPol - Statement type: PRE_THEN_COND
22:01:49.531 [main] INFO  fr.inria.lille.repair.nopol.NoPol - Args: [org.apache.commons.math.ArgumentOutsideDomainExceptionTest, org.apache.commons.math.ArgumentOutsideDomainExceptionTest, org.apache.commons.math.ConvergenceExceptionTest, org.apache.commons.math.ConvergenceExceptionTest, org.apache.commons.math.DuplicateSampleAbscissaExceptionTest, org.apache.commons.math.DuplicateSampleAbscissaExceptionTest, org.apache.commons.math.FunctionEvaluationExceptionTest, org.apache.commons.math.FunctionEvaluationExceptionTest, org.apache.commons.math.MathConfigurationExceptionTest, org.apache.commons.math.MathConfigurationExceptionTest, org.apache.commons.math.MathExceptionTest, org.apache.commons.math.MathExceptionTest, org.apache.commons.math.MaxIterationsExceededExceptionTest, org.apache.commons.math.MaxIterationsExceededExceptionTest, org.apache.commons.math.analysis.BisectionSolverTest, org.apache.commons.math.analysis.BisectionSolverTest, org.apache.commons.math.analysis.BrentSolverTest, org.apache.commons.math.analysis.BrentSolverTest, org.apache.commons.math.analysis.DividedDifferenceInterpolatorTest, org.apache.commons.math.analysis.DividedDifferenceInterpolatorTest, org.apache.commons.math.analysis.LaguerreSolverTest, org.apache.commons.math.analysis.LaguerreSolverTest, org.apache.commons.math.analysis.MullerSolverTest, org.apache.commons.math.analysis.MullerSolverTest, org.apache.commons.math.analysis.NevilleInterpolatorTest, org.apache.commons.math.analysis.NevilleInterpolatorTest, org.apache.commons.math.analysis.NewtonSolverTest, org.apache.commons.math.analysis.NewtonSolverTest, org.apache.commons.math.analysis.PolynomialFunctionLagrangeFormTest, org.apache.commons.math.analysis.PolynomialFunctionLagrangeFormTest, org.apache.commons.math.analysis.PolynomialFunctionNewtonFormTest, org.apache.commons.math.analysis.PolynomialFunctionNewtonFormTest, org.apache.commons.math.analysis.PolynomialFunctionTest, org.apache.commons.math.analysis.PolynomialFunctionTest, org.apache.commons.math.analysis.PolynomialSplineFunctionTest, org.apache.commons.math.analysis.PolynomialSplineFunctionTest, org.apache.commons.math.analysis.RiddersSolverTest, org.apache.commons.math.analysis.RiddersSolverTest, org.apache.commons.math.analysis.RombergIntegratorTest, org.apache.commons.math.analysis.RombergIntegratorTest, org.apache.commons.math.analysis.SimpsonIntegratorTest, org.apache.commons.math.analysis.SimpsonIntegratorTest, org.apache.commons.math.analysis.SplineInterpolatorTest, org.apache.commons.math.analysis.SplineInterpolatorTest, org.apache.commons.math.analysis.TrapezoidIntegratorTest, org.apache.commons.math.analysis.TrapezoidIntegratorTest, org.apache.commons.math.analysis.UnivariateRealSolverFactoryImplTest, org.apache.commons.math.analysis.UnivariateRealSolverFactoryImplTest, org.apache.commons.math.analysis.UnivariateRealSolverUtilsTest, org.apache.commons.math.analysis.UnivariateRealSolverUtilsTest, org.apache.commons.math.complex.ComplexFormatTest, org.apache.commons.math.complex.ComplexFormatTest, org.apache.commons.math.complex.ComplexTest, org.apache.commons.math.complex.ComplexTest, org.apache.commons.math.complex.ComplexUtilsTest, org.apache.commons.math.complex.ComplexUtilsTest, org.apache.commons.math.complex.FrenchComplexFormatTest, org.apache.commons.math.complex.FrenchComplexFormatTest, org.apache.commons.math.distribution.BinomialDistributionTest, org.apache.commons.math.distribution.BinomialDistributionTest, org.apache.commons.math.distribution.CauchyDistributionTest, org.apache.commons.math.distribution.CauchyDistributionTest, org.apache.commons.math.distribution.ChiSquareDistributionTest, org.apache.commons.math.distribution.ChiSquareDistributionTest, org.apache.commons.math.distribution.ExponentialDistributionTest, org.apache.commons.math.distribution.ExponentialDistributionTest, org.apache.commons.math.distribution.FDistributionTest, org.apache.commons.math.distribution.FDistributionTest, org.apache.commons.math.distribution.GammaDistributionTest, org.apache.commons.math.distribution.GammaDistributionTest, org.apache.commons.math.distribution.HypergeometricDistributionTest, org.apache.commons.math.distribution.HypergeometricDistributionTest, org.apache.commons.math.distribution.NormalDistributionTest, org.apache.commons.math.distribution.NormalDistributionTest, org.apache.commons.math.distribution.PascalDistributionTest, org.apache.commons.math.distribution.PascalDistributionTest, org.apache.commons.math.distribution.PoissonDistributionTest, org.apache.commons.math.distribution.PoissonDistributionTest, org.apache.commons.math.distribution.TDistributionTest, org.apache.commons.math.distribution.TDistributionTest, org.apache.commons.math.distribution.WeibullDistributionTest, org.apache.commons.math.distribution.WeibullDistributionTest, org.apache.commons.math.estimation.EstimatedParameterTest, org.apache.commons.math.estimation.EstimatedParameterTest, org.apache.commons.math.estimation.GaussNewtonEstimatorTest, org.apache.commons.math.estimation.GaussNewtonEstimatorTest, org.apache.commons.math.estimation.LevenbergMarquardtEstimatorTest, org.apache.commons.math.estimation.LevenbergMarquardtEstimatorTest, org.apache.commons.math.estimation.MinpackTest, org.apache.commons.math.estimation.MinpackTest, org.apache.commons.math.estimation.WeightedMeasurementTest, org.apache.commons.math.estimation.WeightedMeasurementTest, org.apache.commons.math.fraction.FractionFormatTest, org.apache.commons.math.fraction.FractionFormatTest, org.apache.commons.math.fraction.FractionTest, org.apache.commons.math.fraction.FractionTest, org.apache.commons.math.geometry.RotationOrderTest, org.apache.commons.math.geometry.RotationOrderTest, org.apache.commons.math.geometry.RotationTest, org.apache.commons.math.geometry.RotationTest, org.apache.commons.math.geometry.Vector3DTest, org.apache.commons.math.geometry.Vector3DTest, org.apache.commons.math.linear.BigMatrixImplTest, org.apache.commons.math.linear.BigMatrixImplTest, org.apache.commons.math.linear.InvalidMatrixExceptionTest, org.apache.commons.math.linear.InvalidMatrixExceptionTest, org.apache.commons.math.linear.MatrixIndexExceptionTest, org.apache.commons.math.linear.MatrixIndexExceptionTest, org.apache.commons.math.linear.MatrixUtilsTest, org.apache.commons.math.linear.MatrixUtilsTest, org.apache.commons.math.linear.QRDecompositionImplTest, org.apache.commons.math.linear.QRDecompositionImplTest, org.apache.commons.math.linear.RealMatrixImplTest, org.apache.commons.math.linear.RealMatrixImplTest, org.apache.commons.math.ode.ClassicalRungeKuttaIntegratorTest, org.apache.commons.math.ode.ClassicalRungeKuttaIntegratorTest, org.apache.commons.math.ode.ClassicalRungeKuttaStepInterpolatorTest, org.apache.commons.math.ode.ClassicalRungeKuttaStepInterpolatorTest, org.apache.commons.math.ode.ContinuousOutputModelTest, org.apache.commons.math.ode.ContinuousOutputModelTest, org.apache.commons.math.ode.DormandPrince54IntegratorTest, org.apache.commons.math.ode.DormandPrince54IntegratorTest, org.apache.commons.math.ode.DormandPrince54StepInterpolatorTest, org.apache.commons.math.ode.DormandPrince54StepInterpolatorTest, org.apache.commons.math.ode.DormandPrince853IntegratorTest, org.apache.commons.math.ode.DormandPrince853IntegratorTest, org.apache.commons.math.ode.DormandPrince853StepInterpolatorTest, org.apache.commons.math.ode.DormandPrince853StepInterpolatorTest, org.apache.commons.math.ode.DummyStepInterpolatorTest, org.apache.commons.math.ode.DummyStepInterpolatorTest, org.apache.commons.math.ode.EulerIntegratorTest, org.apache.commons.math.ode.EulerIntegratorTest, org.apache.commons.math.ode.EulerStepInterpolatorTest, org.apache.commons.math.ode.EulerStepInterpolatorTest, org.apache.commons.math.ode.FirstOrderConverterTest, org.apache.commons.math.ode.FirstOrderConverterTest, org.apache.commons.math.ode.GillIntegratorTest, org.apache.commons.math.ode.GillIntegratorTest, org.apache.commons.math.ode.GillStepInterpolatorTest, org.apache.commons.math.ode.GillStepInterpolatorTest, org.apache.commons.math.ode.GraggBulirschStoerIntegratorTest, org.apache.commons.math.ode.GraggBulirschStoerIntegratorTest, org.apache.commons.math.ode.GraggBulirschStoerStepInterpolatorTest, org.apache.commons.math.ode.GraggBulirschStoerStepInterpolatorTest, org.apache.commons.math.ode.HighamHall54IntegratorTest, org.apache.commons.math.ode.HighamHall54IntegratorTest, org.apache.commons.math.ode.HighamHall54StepInterpolatorTest, org.apache.commons.math.ode.HighamHall54StepInterpolatorTest, org.apache.commons.math.ode.MidpointIntegratorTest, org.apache.commons.math.ode.MidpointIntegratorTest, org.apache.commons.math.ode.MidpointStepInterpolatorTest, org.apache.commons.math.ode.MidpointStepInterpolatorTest, org.apache.commons.math.ode.StepNormalizerTest, org.apache.commons.math.ode.StepNormalizerTest, org.apache.commons.math.ode.ThreeEighthesIntegratorTest, org.apache.commons.math.ode.ThreeEighthesIntegratorTest, org.apache.commons.math.ode.ThreeEighthesStepInterpolatorTest, org.apache.commons.math.ode.ThreeEighthesStepInterpolatorTest, org.apache.commons.math.optimization.MultiDirectionalTest, org.apache.commons.math.optimization.MultiDirectionalTest, org.apache.commons.math.optimization.NelderMeadTest, org.apache.commons.math.optimization.NelderMeadTest, org.apache.commons.math.random.AbstractRandomGeneratorTest, org.apache.commons.math.random.AbstractRandomGeneratorTest, org.apache.commons.math.random.CorrelatedRandomVectorGeneratorTest, org.apache.commons.math.random.CorrelatedRandomVectorGeneratorTest, org.apache.commons.math.random.EmpiricalDistributionTest, org.apache.commons.math.random.EmpiricalDistributionTest, org.apache.commons.math.random.GaussianRandomGeneratorTest, org.apache.commons.math.random.GaussianRandomGeneratorTest, org.apache.commons.math.random.RandomAdaptorTest, org.apache.commons.math.random.RandomAdaptorTest, org.apache.commons.math.random.RandomDataTest, org.apache.commons.math.random.RandomDataTest, org.apache.commons.math.random.UncorrelatedRandomVectorGeneratorTest, org.apache.commons.math.random.UncorrelatedRandomVectorGeneratorTest, org.apache.commons.math.random.UniformRandomGeneratorTest, org.apache.commons.math.random.UniformRandomGeneratorTest, org.apache.commons.math.random.ValueServerTest, org.apache.commons.math.random.ValueServerTest, org.apache.commons.math.special.BetaTest, org.apache.commons.math.special.BetaTest, org.apache.commons.math.special.ErfTest, org.apache.commons.math.special.ErfTest, org.apache.commons.math.special.GammaTest, org.apache.commons.math.special.GammaTest, org.apache.commons.math.stat.CertifiedDataTest, org.apache.commons.math.stat.CertifiedDataTest, org.apache.commons.math.stat.FrequencyTest, org.apache.commons.math.stat.FrequencyTest, org.apache.commons.math.stat.StatUtilsTest, org.apache.commons.math.stat.StatUtilsTest, org.apache.commons.math.stat.data.LewTest, org.apache.commons.math.stat.data.LewTest, org.apache.commons.math.stat.data.LotteryTest, org.apache.commons.math.stat.data.LotteryTest, org.apache.commons.math.stat.descriptive.AbstractUnivariateStatisticTest, org.apache.commons.math.stat.descriptive.AbstractUnivariateStatisticTest, org.apache.commons.math.stat.descriptive.DescriptiveStatisticsTest, org.apache.commons.math.stat.descriptive.DescriptiveStatisticsTest, org.apache.commons.math.stat.descriptive.InteractionTest, org.apache.commons.math.stat.descriptive.InteractionTest, org.apache.commons.math.stat.descriptive.ListUnivariateImplTest, org.apache.commons.math.stat.descriptive.ListUnivariateImplTest, org.apache.commons.math.stat.descriptive.MixedListUnivariateImplTest, org.apache.commons.math.stat.descriptive.MixedListUnivariateImplTest, org.apache.commons.math.stat.descriptive.MultivariateSummaryStatisticsTest, org.apache.commons.math.stat.descriptive.MultivariateSummaryStatisticsTest, org.apache.commons.math.stat.descriptive.StatisticalSummaryValuesTest, org.apache.commons.math.stat.descriptive.StatisticalSummaryValuesTest, org.apache.commons.math.stat.descriptive.SummaryStatisticsTest, org.apache.commons.math.stat.descriptive.SummaryStatisticsTest, org.apache.commons.math.stat.descriptive.SynchronizedDescriptiveStatisticsTest, org.apache.commons.math.stat.descriptive.SynchronizedDescriptiveStatisticsTest, org.apache.commons.math.stat.descriptive.SynchronizedSummaryStatisticsTest, org.apache.commons.math.stat.descriptive.SynchronizedSummaryStatisticsTest, org.apache.commons.math.stat.descriptive.moment.FirstMomentTest, org.apache.commons.math.stat.descriptive.moment.FirstMomentTest, org.apache.commons.math.stat.descriptive.moment.FourthMomentTest, org.apache.commons.math.stat.descriptive.moment.FourthMomentTest, org.apache.commons.math.stat.descriptive.moment.GeometricMeanTest, org.apache.commons.math.stat.descriptive.moment.GeometricMeanTest, org.apache.commons.math.stat.descriptive.moment.KurtosisTest, org.apache.commons.math.stat.descriptive.moment.KurtosisTest, org.apache.commons.math.stat.descriptive.moment.MeanTest, org.apache.commons.math.stat.descriptive.moment.MeanTest, org.apache.commons.math.stat.descriptive.moment.SecondMomentTest, org.apache.commons.math.stat.descriptive.moment.SecondMomentTest, org.apache.commons.math.stat.descriptive.moment.SkewnessTest, org.apache.commons.math.stat.descriptive.moment.SkewnessTest, org.apache.commons.math.stat.descriptive.moment.StandardDeviationTest, org.apache.commons.math.stat.descriptive.moment.StandardDeviationTest, org.apache.commons.math.stat.descriptive.moment.ThirdMomentTest, org.apache.commons.math.stat.descriptive.moment.ThirdMomentTest, org.apache.commons.math.stat.descriptive.moment.VarianceTest, org.apache.commons.math.stat.descriptive.moment.VarianceTest, org.apache.commons.math.stat.descriptive.moment.VectorialCovarianceTest, org.apache.commons.math.stat.descriptive.moment.VectorialCovarianceTest, org.apache.commons.math.stat.descriptive.moment.VectorialMeanTest, org.apache.commons.math.stat.descriptive.moment.VectorialMeanTest, org.apache.commons.math.stat.descriptive.rank.MaxTest, org.apache.commons.math.stat.descriptive.rank.MaxTest, org.apache.commons.math.stat.descriptive.rank.MedianTest, org.apache.commons.math.stat.descriptive.rank.MedianTest, org.apache.commons.math.stat.descriptive.rank.MinTest, org.apache.commons.math.stat.descriptive.rank.MinTest, org.apache.commons.math.stat.descriptive.rank.PercentileTest, org.apache.commons.math.stat.descriptive.rank.PercentileTest, org.apache.commons.math.stat.descriptive.summary.ProductTest, org.apache.commons.math.stat.descriptive.summary.ProductTest, org.apache.commons.math.stat.descriptive.summary.SumLogTest, org.apache.commons.math.stat.descriptive.summary.SumLogTest, org.apache.commons.math.stat.descriptive.summary.SumSqTest, org.apache.commons.math.stat.descriptive.summary.SumSqTest, org.apache.commons.math.stat.descriptive.summary.SumTest, org.apache.commons.math.stat.descriptive.summary.SumTest, org.apache.commons.math.stat.inference.ChiSquareFactoryTest, org.apache.commons.math.stat.inference.ChiSquareFactoryTest, org.apache.commons.math.stat.inference.ChiSquareTestTest, org.apache.commons.math.stat.inference.ChiSquareTestTest, org.apache.commons.math.stat.inference.OneWayAnovaTest, org.apache.commons.math.stat.inference.OneWayAnovaTest, org.apache.commons.math.stat.inference.TTestFactoryTest, org.apache.commons.math.stat.inference.TTestFactoryTest, org.apache.commons.math.stat.inference.TTestTest, org.apache.commons.math.stat.inference.TTestTest, org.apache.commons.math.stat.inference.TestUtilsTest, org.apache.commons.math.stat.inference.TestUtilsTest, org.apache.commons.math.stat.regression.GLSMultipleLinearRegressionTest, org.apache.commons.math.stat.regression.GLSMultipleLinearRegressionTest, org.apache.commons.math.stat.regression.OLSMultipleLinearRegressionTest, org.apache.commons.math.stat.regression.OLSMultipleLinearRegressionTest, org.apache.commons.math.stat.regression.SimpleRegressionTest, org.apache.commons.math.stat.regression.SimpleRegressionTest, org.apache.commons.math.transform.FastCosineTransformerTest, org.apache.commons.math.transform.FastCosineTransformerTest, org.apache.commons.math.transform.FastFourierTransformerTest, org.apache.commons.math.transform.FastFourierTransformerTest, org.apache.commons.math.transform.FastSineTransformerTest, org.apache.commons.math.transform.FastSineTransformerTest, org.apache.commons.math.util.ContinuedFractionTest, org.apache.commons.math.util.ContinuedFractionTest, org.apache.commons.math.util.DefaultTransformerTest, org.apache.commons.math.util.DefaultTransformerTest, org.apache.commons.math.util.MathUtilsTest, org.apache.commons.math.util.MathUtilsTest, org.apache.commons.math.util.ResizableDoubleArrayTest, org.apache.commons.math.util.ResizableDoubleArrayTest, org.apache.commons.math.util.TransformerMapTest, org.apache.commons.math.util.TransformerMapTest]
22:01:49.535 [main] INFO  fr.inria.lille.repair.nopol.NoPol - Config: Config{synthesisDepth=3, collectStaticMethods=true, collectStaticFields=false, collectLiterals=false, onlyOneSynthesisResult=true, sortExpressions=true, maxLineInvocationPerTest=250, timeoutMethodInvocation=2000, dataCollectionTimeoutInSecondForSynthesis=900, addWeight=0.19478, subWeight=0.04554, mulWeight=0.0102, divWeight=0.00613, andWeight=0.10597, orWeight=0.05708, eqWeight=0.22798, nEqWeight=0.0, lessEqWeight=0.0255, lessWeight=0.0947, methodCallWeight=0.1, fieldAccessWeight=0.08099, constantWeight=0.14232, variableWeight=0.05195, mode=REPAIR, type=PRE_THEN_COND, synthesis=SMT, oracle=ANGELIC, solver=Z3, solverPath='/home/tdurieux/defects4j4repair/script/../libs/z3/build/z3', projectSources=[src/java], projectClasspath='[Ljava.net.URL;@66d33a', projectTests=[org.apache.commons.math.ArgumentOutsideDomainExceptionTest, org.apache.commons.math.ArgumentOutsideDomainExceptionTest, org.apache.commons.math.ConvergenceExceptionTest, org.apache.commons.math.ConvergenceExceptionTest, org.apache.commons.math.DuplicateSampleAbscissaExceptionTest, org.apache.commons.math.DuplicateSampleAbscissaExceptionTest, org.apache.commons.math.FunctionEvaluationExceptionTest, org.apache.commons.math.FunctionEvaluationExceptionTest, org.apache.commons.math.MathConfigurationExceptionTest, org.apache.commons.math.MathConfigurationExceptionTest, org.apache.commons.math.MathExceptionTest, org.apache.commons.math.MathExceptionTest, org.apache.commons.math.MaxIterationsExceededExceptionTest, org.apache.commons.math.MaxIterationsExceededExceptionTest, org.apache.commons.math.analysis.BisectionSolverTest, org.apache.commons.math.analysis.BisectionSolverTest, org.apache.commons.math.analysis.BrentSolverTest, org.apache.commons.math.analysis.BrentSolverTest, org.apache.commons.math.analysis.DividedDifferenceInterpolatorTest, org.apache.commons.math.analysis.DividedDifferenceInterpolatorTest, org.apache.commons.math.analysis.LaguerreSolverTest, org.apache.commons.math.analysis.LaguerreSolverTest, org.apache.commons.math.analysis.MullerSolverTest, org.apache.commons.math.analysis.MullerSolverTest, org.apache.commons.math.analysis.NevilleInterpolatorTest, org.apache.commons.math.analysis.NevilleInterpolatorTest, org.apache.commons.math.analysis.NewtonSolverTest, org.apache.commons.math.analysis.NewtonSolverTest, org.apache.commons.math.analysis.PolynomialFunctionLagrangeFormTest, org.apache.commons.math.analysis.PolynomialFunctionLagrangeFormTest, org.apache.commons.math.analysis.PolynomialFunctionNewtonFormTest, org.apache.commons.math.analysis.PolynomialFunctionNewtonFormTest, org.apache.commons.math.analysis.PolynomialFunctionTest, org.apache.commons.math.analysis.PolynomialFunctionTest, org.apache.commons.math.analysis.PolynomialSplineFunctionTest, org.apache.commons.math.analysis.PolynomialSplineFunctionTest, org.apache.commons.math.analysis.RiddersSolverTest, org.apache.commons.math.analysis.RiddersSolverTest, org.apache.commons.math.analysis.RombergIntegratorTest, org.apache.commons.math.analysis.RombergIntegratorTest, org.apache.commons.math.analysis.SimpsonIntegratorTest, org.apache.commons.math.analysis.SimpsonIntegratorTest, org.apache.commons.math.analysis.SplineInterpolatorTest, org.apache.commons.math.analysis.SplineInterpolatorTest, org.apache.commons.math.analysis.TrapezoidIntegratorTest, org.apache.commons.math.analysis.TrapezoidIntegratorTest, org.apache.commons.math.analysis.UnivariateRealSolverFactoryImplTest, org.apache.commons.math.analysis.UnivariateRealSolverFactoryImplTest, org.apache.commons.math.analysis.UnivariateRealSolverUtilsTest, org.apache.commons.math.analysis.UnivariateRealSolverUtilsTest, org.apache.commons.math.complex.ComplexFormatTest, org.apache.commons.math.complex.ComplexFormatTest, org.apache.commons.math.complex.ComplexTest, org.apache.commons.math.complex.ComplexTest, org.apache.commons.math.complex.ComplexUtilsTest, org.apache.commons.math.complex.ComplexUtilsTest, org.apache.commons.math.complex.FrenchComplexFormatTest, org.apache.commons.math.complex.FrenchComplexFormatTest, org.apache.commons.math.distribution.BinomialDistributionTest, org.apache.commons.math.distribution.BinomialDistributionTest, org.apache.commons.math.distribution.CauchyDistributionTest, org.apache.commons.math.distribution.CauchyDistributionTest, org.apache.commons.math.distribution.ChiSquareDistributionTest, org.apache.commons.math.distribution.ChiSquareDistributionTest, org.apache.commons.math.distribution.ExponentialDistributionTest, org.apache.commons.math.distribution.ExponentialDistributionTest, org.apache.commons.math.distribution.FDistributionTest, org.apache.commons.math.distribution.FDistributionTest, org.apache.commons.math.distribution.GammaDistributionTest, org.apache.commons.math.distribution.GammaDistributionTest, org.apache.commons.math.distribution.HypergeometricDistributionTest, org.apache.commons.math.distribution.HypergeometricDistributionTest, org.apache.commons.math.distribution.NormalDistributionTest, org.apache.commons.math.distribution.NormalDistributionTest, org.apache.commons.math.distribution.PascalDistributionTest, org.apache.commons.math.distribution.PascalDistributionTest, org.apache.commons.math.distribution.PoissonDistributionTest, org.apache.commons.math.distribution.PoissonDistributionTest, org.apache.commons.math.distribution.TDistributionTest, org.apache.commons.math.distribution.TDistributionTest, org.apache.commons.math.distribution.WeibullDistributionTest, org.apache.commons.math.distribution.WeibullDistributionTest, org.apache.commons.math.estimation.EstimatedParameterTest, org.apache.commons.math.estimation.EstimatedParameterTest, org.apache.commons.math.estimation.GaussNewtonEstimatorTest, org.apache.commons.math.estimation.GaussNewtonEstimatorTest, org.apache.commons.math.estimation.LevenbergMarquardtEstimatorTest, org.apache.commons.math.estimation.LevenbergMarquardtEstimatorTest, org.apache.commons.math.estimation.MinpackTest, org.apache.commons.math.estimation.MinpackTest, org.apache.commons.math.estimation.WeightedMeasurementTest, org.apache.commons.math.estimation.WeightedMeasurementTest, org.apache.commons.math.fraction.FractionFormatTest, org.apache.commons.math.fraction.FractionFormatTest, org.apache.commons.math.fraction.FractionTest, org.apache.commons.math.fraction.FractionTest, org.apache.commons.math.geometry.RotationOrderTest, org.apache.commons.math.geometry.RotationOrderTest, org.apache.commons.math.geometry.RotationTest, org.apache.commons.math.geometry.RotationTest, org.apache.commons.math.geometry.Vector3DTest, org.apache.commons.math.geometry.Vector3DTest, org.apache.commons.math.linear.BigMatrixImplTest, org.apache.commons.math.linear.BigMatrixImplTest, org.apache.commons.math.linear.InvalidMatrixExceptionTest, org.apache.commons.math.linear.InvalidMatrixExceptionTest, org.apache.commons.math.linear.MatrixIndexExceptionTest, org.apache.commons.math.linear.MatrixIndexExceptionTest, org.apache.commons.math.linear.MatrixUtilsTest, org.apache.commons.math.linear.MatrixUtilsTest, org.apache.commons.math.linear.QRDecompositionImplTest, org.apache.commons.math.linear.QRDecompositionImplTest, org.apache.commons.math.linear.RealMatrixImplTest, org.apache.commons.math.linear.RealMatrixImplTest, org.apache.commons.math.ode.ClassicalRungeKuttaIntegratorTest, org.apache.commons.math.ode.ClassicalRungeKuttaIntegratorTest, org.apache.commons.math.ode.ClassicalRungeKuttaStepInterpolatorTest, org.apache.commons.math.ode.ClassicalRungeKuttaStepInterpolatorTest, org.apache.commons.math.ode.ContinuousOutputModelTest, org.apache.commons.math.ode.ContinuousOutputModelTest, org.apache.commons.math.ode.DormandPrince54IntegratorTest, org.apache.commons.math.ode.DormandPrince54IntegratorTest, org.apache.commons.math.ode.DormandPrince54StepInterpolatorTest, org.apache.commons.math.ode.DormandPrince54StepInterpolatorTest, org.apache.commons.math.ode.DormandPrince853IntegratorTest, org.apache.commons.math.ode.DormandPrince853IntegratorTest, org.apache.commons.math.ode.DormandPrince853StepInterpolatorTest, org.apache.commons.math.ode.DormandPrince853StepInterpolatorTest, org.apache.commons.math.ode.DummyStepInterpolatorTest, org.apache.commons.math.ode.DummyStepInterpolatorTest, org.apache.commons.math.ode.EulerIntegratorTest, org.apache.commons.math.ode.EulerIntegratorTest, org.apache.commons.math.ode.EulerStepInterpolatorTest, org.apache.commons.math.ode.EulerStepInterpolatorTest, org.apache.commons.math.ode.FirstOrderConverterTest, org.apache.commons.math.ode.FirstOrderConverterTest, org.apache.commons.math.ode.GillIntegratorTest, org.apache.commons.math.ode.GillIntegratorTest, org.apache.commons.math.ode.GillStepInterpolatorTest, org.apache.commons.math.ode.GillStepInterpolatorTest, org.apache.commons.math.ode.GraggBulirschStoerIntegratorTest, org.apache.commons.math.ode.GraggBulirschStoerIntegratorTest, org.apache.commons.math.ode.GraggBulirschStoerStepInterpolatorTest, org.apache.commons.math.ode.GraggBulirschStoerStepInterpolatorTest, org.apache.commons.math.ode.HighamHall54IntegratorTest, org.apache.commons.math.ode.HighamHall54IntegratorTest, org.apache.commons.math.ode.HighamHall54StepInterpolatorTest, org.apache.commons.math.ode.HighamHall54StepInterpolatorTest, org.apache.commons.math.ode.MidpointIntegratorTest, org.apache.commons.math.ode.MidpointIntegratorTest, org.apache.commons.math.ode.MidpointStepInterpolatorTest, org.apache.commons.math.ode.MidpointStepInterpolatorTest, org.apache.commons.math.ode.StepNormalizerTest, org.apache.commons.math.ode.StepNormalizerTest, org.apache.commons.math.ode.ThreeEighthesIntegratorTest, org.apache.commons.math.ode.ThreeEighthesIntegratorTest, org.apache.commons.math.ode.ThreeEighthesStepInterpolatorTest, org.apache.commons.math.ode.ThreeEighthesStepInterpolatorTest, org.apache.commons.math.optimization.MultiDirectionalTest, org.apache.commons.math.optimization.MultiDirectionalTest, org.apache.commons.math.optimization.NelderMeadTest, org.apache.commons.math.optimization.NelderMeadTest, org.apache.commons.math.random.AbstractRandomGeneratorTest, org.apache.commons.math.random.AbstractRandomGeneratorTest, org.apache.commons.math.random.CorrelatedRandomVectorGeneratorTest, org.apache.commons.math.random.CorrelatedRandomVectorGeneratorTest, org.apache.commons.math.random.EmpiricalDistributionTest, org.apache.commons.math.random.EmpiricalDistributionTest, org.apache.commons.math.random.GaussianRandomGeneratorTest, org.apache.commons.math.random.GaussianRandomGeneratorTest, org.apache.commons.math.random.RandomAdaptorTest, org.apache.commons.math.random.RandomAdaptorTest, org.apache.commons.math.random.RandomDataTest, org.apache.commons.math.random.RandomDataTest, org.apache.commons.math.random.UncorrelatedRandomVectorGeneratorTest, org.apache.commons.math.random.UncorrelatedRandomVectorGeneratorTest, org.apache.commons.math.random.UniformRandomGeneratorTest, org.apache.commons.math.random.UniformRandomGeneratorTest, org.apache.commons.math.random.ValueServerTest, org.apache.commons.math.random.ValueServerTest, org.apache.commons.math.special.BetaTest, org.apache.commons.math.special.BetaTest, org.apache.commons.math.special.ErfTest, org.apache.commons.math.special.ErfTest, org.apache.commons.math.special.GammaTest, org.apache.commons.math.special.GammaTest, org.apache.commons.math.stat.CertifiedDataTest, org.apache.commons.math.stat.CertifiedDataTest, org.apache.commons.math.stat.FrequencyTest, org.apache.commons.math.stat.FrequencyTest, org.apache.commons.math.stat.StatUtilsTest, org.apache.commons.math.stat.StatUtilsTest, org.apache.commons.math.stat.data.LewTest, org.apache.commons.math.stat.data.LewTest, org.apache.commons.math.stat.data.LotteryTest, org.apache.commons.math.stat.data.LotteryTest, org.apache.commons.math.stat.descriptive.AbstractUnivariateStatisticTest, org.apache.commons.math.stat.descriptive.AbstractUnivariateStatisticTest, org.apache.commons.math.stat.descriptive.DescriptiveStatisticsTest, org.apache.commons.math.stat.descriptive.DescriptiveStatisticsTest, org.apache.commons.math.stat.descriptive.InteractionTest, org.apache.commons.math.stat.descriptive.InteractionTest, org.apache.commons.math.stat.descriptive.ListUnivariateImplTest, org.apache.commons.math.stat.descriptive.ListUnivariateImplTest, org.apache.commons.math.stat.descriptive.MixedListUnivariateImplTest, org.apache.commons.math.stat.descriptive.MixedListUnivariateImplTest, org.apache.commons.math.stat.descriptive.MultivariateSummaryStatisticsTest, org.apache.commons.math.stat.descriptive.MultivariateSummaryStatisticsTest, org.apache.commons.math.stat.descriptive.StatisticalSummaryValuesTest, org.apache.commons.math.stat.descriptive.StatisticalSummaryValuesTest, org.apache.commons.math.stat.descriptive.SummaryStatisticsTest, org.apache.commons.math.stat.descriptive.SummaryStatisticsTest, org.apache.commons.math.stat.descriptive.SynchronizedDescriptiveStatisticsTest, org.apache.commons.math.stat.descriptive.SynchronizedDescriptiveStatisticsTest, org.apache.commons.math.stat.descriptive.SynchronizedSummaryStatisticsTest, org.apache.commons.math.stat.descriptive.SynchronizedSummaryStatisticsTest, org.apache.commons.math.stat.descriptive.moment.FirstMomentTest, org.apache.commons.math.stat.descriptive.moment.FirstMomentTest, org.apache.commons.math.stat.descriptive.moment.FourthMomentTest, org.apache.commons.math.stat.descriptive.moment.FourthMomentTest, org.apache.commons.math.stat.descriptive.moment.GeometricMeanTest, org.apache.commons.math.stat.descriptive.moment.GeometricMeanTest, org.apache.commons.math.stat.descriptive.moment.KurtosisTest, org.apache.commons.math.stat.descriptive.moment.KurtosisTest, org.apache.commons.math.stat.descriptive.moment.MeanTest, org.apache.commons.math.stat.descriptive.moment.MeanTest, org.apache.commons.math.stat.descriptive.moment.SecondMomentTest, org.apache.commons.math.stat.descriptive.moment.SecondMomentTest, org.apache.commons.math.stat.descriptive.moment.SkewnessTest, org.apache.commons.math.stat.descriptive.moment.SkewnessTest, org.apache.commons.math.stat.descriptive.moment.StandardDeviationTest, org.apache.commons.math.stat.descriptive.moment.StandardDeviationTest, org.apache.commons.math.stat.descriptive.moment.ThirdMomentTest, org.apache.commons.math.stat.descriptive.moment.ThirdMomentTest, org.apache.commons.math.stat.descriptive.moment.VarianceTest, org.apache.commons.math.stat.descriptive.moment.VarianceTest, org.apache.commons.math.stat.descriptive.moment.VectorialCovarianceTest, org.apache.commons.math.stat.descriptive.moment.VectorialCovarianceTest, org.apache.commons.math.stat.descriptive.moment.VectorialMeanTest, org.apache.commons.math.stat.descriptive.moment.VectorialMeanTest, org.apache.commons.math.stat.descriptive.rank.MaxTest, org.apache.commons.math.stat.descriptive.rank.MaxTest, org.apache.commons.math.stat.descriptive.rank.MedianTest, org.apache.commons.math.stat.descriptive.rank.MedianTest, org.apache.commons.math.stat.descriptive.rank.MinTest, org.apache.commons.math.stat.descriptive.rank.MinTest, org.apache.commons.math.stat.descriptive.rank.PercentileTest, org.apache.commons.math.stat.descriptive.rank.PercentileTest, org.apache.commons.math.stat.descriptive.summary.ProductTest, org.apache.commons.math.stat.descriptive.summary.ProductTest, org.apache.commons.math.stat.descriptive.summary.SumLogTest, org.apache.commons.math.stat.descriptive.summary.SumLogTest, org.apache.commons.math.stat.descriptive.summary.SumSqTest, org.apache.commons.math.stat.descriptive.summary.SumSqTest, org.apache.commons.math.stat.descriptive.summary.SumTest, org.apache.commons.math.stat.descriptive.summary.SumTest, org.apache.commons.math.stat.inference.ChiSquareFactoryTest, org.apache.commons.math.stat.inference.ChiSquareFactoryTest, org.apache.commons.math.stat.inference.ChiSquareTestTest, org.apache.commons.math.stat.inference.ChiSquareTestTest, org.apache.commons.math.stat.inference.OneWayAnovaTest, org.apache.commons.math.stat.inference.OneWayAnovaTest, org.apache.commons.math.stat.inference.TTestFactoryTest, org.apache.commons.math.stat.inference.TTestFactoryTest, org.apache.commons.math.stat.inference.TTestTest, org.apache.commons.math.stat.inference.TTestTest, org.apache.commons.math.stat.inference.TestUtilsTest, org.apache.commons.math.stat.inference.TestUtilsTest, org.apache.commons.math.stat.regression.GLSMultipleLinearRegressionTest, org.apache.commons.math.stat.regression.GLSMultipleLinearRegressionTest, org.apache.commons.math.stat.regression.OLSMultipleLinearRegressionTest, org.apache.commons.math.stat.regression.OLSMultipleLinearRegressionTest, org.apache.commons.math.stat.regression.SimpleRegressionTest, org.apache.commons.math.stat.regression.SimpleRegressionTest, org.apache.commons.math.transform.FastCosineTransformerTest, org.apache.commons.math.transform.FastCosineTransformerTest, org.apache.commons.math.transform.FastFourierTransformerTest, org.apache.commons.math.transform.FastFourierTransformerTest, org.apache.commons.math.transform.FastSineTransformerTest, org.apache.commons.math.transform.FastSineTransformerTest, org.apache.commons.math.util.ContinuedFractionTest, org.apache.commons.math.util.ContinuedFractionTest, org.apache.commons.math.util.DefaultTransformerTest, org.apache.commons.math.util.DefaultTransformerTest, org.apache.commons.math.util.MathUtilsTest, org.apache.commons.math.util.MathUtilsTest, org.apache.commons.math.util.ResizableDoubleArrayTest, org.apache.commons.math.util.ResizableDoubleArrayTest, org.apache.commons.math.util.TransformerMapTest, org.apache.commons.math.util.TransformerMapTest], complianceLevel=5, outputFolder=., json=true}
22:01:49.535 [main] INFO  fr.inria.lille.repair.nopol.NoPol - Available processors (cores): 8
22:01:49.549 [main] INFO  fr.inria.lille.repair.nopol.NoPol - Free memory: 207 MB
22:01:49.549 [main] INFO  fr.inria.lille.repair.nopol.NoPol - Maximum memory: 3 GB
22:01:49.549 [main] INFO  fr.inria.lille.repair.nopol.NoPol - Total memory available to JVM: 241 MB
22:01:49.549 [main] INFO  fr.inria.lille.repair.nopol.NoPol - Java version: 1.8.0_181
22:01:49.551 [main] INFO  fr.inria.lille.repair.nopol.NoPol - JAVA_HOME: /usr/lib/jvm/java-1.8.0-openjdk-amd64/bin/
22:01:49.551 [main] INFO  fr.inria.lille.repair.nopol.NoPol - PATH: /usr/lib/jvm/java-1.8.0-openjdk-amd64/bin/:/usr/lib/oar/oardodo:/usr/lib/oar/oardodo:/usr/local/bin:/usr/bin:/bin:/usr/games
22:02:07.751 [pool-2-thread-1] DEBUG fr.inria.lille.repair.nopol.NoPol - statement #1
22:02:07.752 [pool-2-thread-1] DEBUG fr.inria.lille.repair.nopol.NoPol - Analysing SourceLocation org.apache.commons.math.fraction.FractionFormat:157 which is executed by 16 tests
1013737658
22:02:08.218 [pool-2-thread-1] DEBUG fr.inria.lille.repair.nopol.NoPol - statement #2
22:02:08.219 [pool-2-thread-1] DEBUG fr.inria.lille.repair.nopol.NoPol - Analysing SourceLocation org.apache.commons.math.fraction.FractionFormat:156 which is executed by 16 tests
1013737658
22:02:08.441 [pool-2-thread-1] DEBUG fr.inria.lille.repair.nopol.NoPol - looking with class fr.inria.lille.repair.nopol.spoon.smt.ConditionalAdder
22:02:08.557 [pool-4-thread-1] INFO  xxl.java.junit.TestCasesListener - Tests run finished (62 ms)
<> Total tests run: 160
<> Ignored tests: 0
<> Failed tests: 0

22:02:08.558 [pool-2-thread-1] ERROR fr.inria.lille.repair.nopol.NoPol - Error ExecutionException java.util.concurrent.ExecutionException: java.lang.RuntimeException: failingTestCasesValidated: nothing to repair, no failing test cases
22:02:08.558 [pool-2-thread-1] DEBUG fr.inria.lille.repair.nopol.NoPol - statement #3
22:02:08.559 [pool-2-thread-1] DEBUG fr.inria.lille.repair.nopol.NoPol - Analysing SourceLocation org.apache.commons.math.fraction.FractionFormat:155 which is executed by 16 tests
1013737658
22:02:08.705 [pool-2-thread-1] DEBUG fr.inria.lille.repair.nopol.NoPol - looking with class fr.inria.lille.repair.nopol.spoon.smt.ConditionalAdder
22:02:08.756 [pool-6-thread-1] INFO  xxl.java.junit.TestCasesListener - Tests run finished (37 ms)
<> Total tests run: 160
<> Ignored tests: 0
<> Failed tests: 0

22:02:08.757 [pool-2-thread-1] ERROR fr.inria.lille.repair.nopol.NoPol - Error ExecutionException java.util.concurrent.ExecutionException: java.lang.RuntimeException: failingTestCasesValidated: nothing to repair, no failing test cases
22:02:08.757 [pool-2-thread-1] DEBUG fr.inria.lille.repair.nopol.NoPol - statement #4
22:02:08.758 [pool-2-thread-1] DEBUG fr.inria.lille.repair.nopol.NoPol - Analysing SourceLocation org.apache.commons.math.fraction.FractionFormat:154 which is executed by 16 tests
1013737658
22:02:08.900 [pool-2-thread-1] DEBUG fr.inria.lille.repair.nopol.NoPol - statement #5
22:02:08.900 [pool-2-thread-1] DEBUG fr.inria.lille.repair.nopol.NoPol - Analysing SourceLocation org.apache.commons.math.fraction.FractionFormat:133 which is executed by 16 tests
1013737658
22:02:09.040 [pool-2-thread-1] DEBUG fr.inria.lille.repair.nopol.NoPol - statement #6
22:02:09.040 [pool-2-thread-1] DEBUG fr.inria.lille.repair.nopol.NoPol - Analysing SourceLocation org.apache.commons.math.fraction.FractionFormat:132 which is executed by 16 tests
1013737658
22:02:09.182 [pool-2-thread-1] DEBUG fr.inria.lille.repair.nopol.NoPol - statement #7
22:02:09.182 [pool-2-thread-1] DEBUG fr.inria.lille.repair.nopol.NoPol - Analysing SourceLocation org.apache.commons.math.fraction.FractionFormat:115 which is executed by 16 tests
1013737658
22:02:09.322 [pool-2-thread-1] DEBUG fr.inria.lille.repair.nopol.NoPol - statement #8
22:02:09.322 [pool-2-thread-1] DEBUG fr.inria.lille.repair.nopol.NoPol - Analysing SourceLocation org.apache.commons.math.fraction.FractionFormat:114 which is executed by 16 tests
1013737658
22:02:09.462 [pool-2-thread-1] DEBUG fr.inria.lille.repair.nopol.NoPol - statement #9
22:02:09.471 [pool-2-thread-1] DEBUG fr.inria.lille.repair.nopol.NoPol - Analysing SourceLocation org.apache.commons.math.fraction.ProperFractionFormat:229 which is executed by 16 tests
-1129122774
22:02:09.603 [pool-2-thread-1] DEBUG fr.inria.lille.repair.nopol.NoPol - statement #10
22:02:09.604 [pool-2-thread-1] DEBUG fr.inria.lille.repair.nopol.NoPol - Analysing SourceLocation org.apache.commons.math.fraction.ProperFractionFormat:228 which is executed by 16 tests
-1129122774
22:02:09.756 [pool-2-thread-1] DEBUG fr.inria.lille.repair.nopol.NoPol - looking with class fr.inria.lille.repair.nopol.spoon.smt.ConditionalAdder
22:02:09.805 [pool-8-thread-1] INFO  xxl.java.junit.TestCasesListener - Tests run finished (34 ms)
<> Total tests run: 160
<> Ignored tests: 0
<> Failed tests: 0

22:02:09.806 [pool-2-thread-1] ERROR fr.inria.lille.repair.nopol.NoPol - Error ExecutionException java.util.concurrent.ExecutionException: java.lang.RuntimeException: failingTestCasesValidated: nothing to repair, no failing test cases
22:02:09.806 [pool-2-thread-1] DEBUG fr.inria.lille.repair.nopol.NoPol - statement #11
22:02:09.807 [pool-2-thread-1] DEBUG fr.inria.lille.repair.nopol.NoPol - Analysing SourceLocation org.apache.commons.math.fraction.ProperFractionFormat:224 which is executed by 16 tests
-1129122774
22:02:09.975 [pool-2-thread-1] DEBUG fr.inria.lille.repair.nopol.NoPol - looking with class fr.inria.lille.repair.nopol.spoon.smt.ConditionalAdder
22:02:10.018 [pool-10-thread-1] INFO  xxl.java.junit.TestCasesListener - Tests run finished (30 ms)
<> Total tests run: 160
<> Ignored tests: 0
<> Failed tests: 0

22:02:10.027 [pool-2-thread-1] ERROR fr.inria.lille.repair.nopol.NoPol - Error ExecutionException java.util.concurrent.ExecutionException: java.lang.RuntimeException: failingTestCasesValidated: nothing to repair, no failing test cases
22:02:10.027 [pool-2-thread-1] DEBUG fr.inria.lille.repair.nopol.NoPol - looking with class fr.inria.lille.repair.nopol.spoon.smt.ConditionalReplacer
22:02:10.069 [pool-12-thread-1] INFO  xxl.java.junit.TestCasesListener - Tests run finished (29 ms)
<> Total tests run: 160
<> Ignored tests: 0
<> Failed tests: 0

22:02:10.070 [pool-2-thread-1] ERROR fr.inria.lille.repair.nopol.NoPol - Error ExecutionException java.util.concurrent.ExecutionException: java.lang.RuntimeException: failingTestCasesValidated: nothing to repair, no failing test cases
22:02:10.070 [pool-2-thread-1] DEBUG fr.inria.lille.repair.nopol.NoPol - statement #12
22:02:10.071 [pool-2-thread-1] DEBUG fr.inria.lille.repair.nopol.NoPol - Analysing SourceLocation org.apache.commons.math.fraction.FractionFormat:383 which is executed by 7 tests
1013737658
22:02:10.248 [pool-2-thread-1] DEBUG fr.inria.lille.repair.nopol.NoPol - looking with class fr.inria.lille.repair.nopol.spoon.smt.ConditionalAdder
22:02:10.273 [pool-14-thread-1] INFO  xxl.java.junit.TestCasesListener - Tests run finished (16 ms)
<> Total tests run: 80
<> Ignored tests: 0
<> Failed tests: 0

22:02:10.274 [pool-2-thread-1] ERROR fr.inria.lille.repair.nopol.NoPol - Error ExecutionException java.util.concurrent.ExecutionException: java.lang.RuntimeException: failingTestCasesValidated: nothing to repair, no failing test cases
22:02:10.274 [pool-2-thread-1] DEBUG fr.inria.lille.repair.nopol.NoPol - statement #13
22:02:10.274 [pool-2-thread-1] DEBUG fr.inria.lille.repair.nopol.NoPol - Analysing SourceLocation org.apache.commons.math.fraction.FractionFormat:279 which is executed by 7 tests
1013737658
22:02:10.415 [pool-2-thread-1] DEBUG fr.inria.lille.repair.nopol.NoPol - looking with class fr.inria.lille.repair.nopol.spoon.smt.ConditionalAdder
22:02:10.436 [pool-16-thread-1] INFO  xxl.java.junit.TestCasesListener - Tests run finished (13 ms)
<> Total tests run: 80
<> Ignored tests: 0
<> Failed tests: 0

22:02:10.436 [pool-2-thread-1] ERROR fr.inria.lille.repair.nopol.NoPol - Error ExecutionException java.util.concurrent.ExecutionException: java.lang.RuntimeException: failingTestCasesValidated: nothing to repair, no failing test cases
22:02:10.436 [pool-2-thread-1] DEBUG fr.inria.lille.repair.nopol.NoPol - statement #14
22:02:10.437 [pool-2-thread-1] DEBUG fr.inria.lille.repair.nopol.NoPol - Analysing SourceLocation org.apache.commons.math.fraction.FractionFormat:278 which is executed by 7 tests
1013737658
22:02:10.577 [pool-2-thread-1] DEBUG fr.inria.lille.repair.nopol.NoPol - statement #15
22:02:10.577 [pool-2-thread-1] DEBUG fr.inria.lille.repair.nopol.NoPol - Analysing SourceLocation org.apache.commons.math.fraction.FractionFormat:277 which is executed by 7 tests
1013737658
22:02:10.713 [pool-2-thread-1] DEBUG fr.inria.lille.repair.nopol.NoPol - statement #16
22:02:10.714 [pool-2-thread-1] DEBUG fr.inria.lille.repair.nopol.NoPol - Analysing SourceLocation org.apache.commons.math.fraction.FractionFormat:387 which is executed by 8 tests
1013737658
22:02:10.848 [pool-2-thread-1] DEBUG fr.inria.lille.repair.nopol.NoPol - statement #17
22:02:10.848 [pool-2-thread-1] DEBUG fr.inria.lille.repair.nopol.NoPol - Analysing SourceLocation org.apache.commons.math.fraction.FractionFormat:382 which is executed by 8 tests
1013737658
22:02:10.983 [pool-2-thread-1] DEBUG fr.inria.lille.repair.nopol.NoPol - looking with class fr.inria.lille.repair.nopol.spoon.smt.ConditionalAdder
22:02:11.003 [pool-18-thread-1] INFO  xxl.java.junit.TestCasesListener - Tests run finished (13 ms)
<> Total tests run: 80
<> Ignored tests: 0
<> Failed tests: 0

22:02:11.012 [pool-2-thread-1] ERROR fr.inria.lille.repair.nopol.NoPol - Error ExecutionException java.util.concurrent.ExecutionException: java.lang.RuntimeException: failingTestCasesValidated: nothing to repair, no failing test cases
22:02:11.012 [pool-2-thread-1] DEBUG fr.inria.lille.repair.nopol.NoPol - looking with class fr.inria.lille.repair.nopol.spoon.smt.ConditionalReplacer
22:02:11.032 [pool-20-thread-1] INFO  xxl.java.junit.TestCasesListener - Tests run finished (13 ms)
<> Total tests run: 80
<> Ignored tests: 0
<> Failed tests: 0

22:02:11.033 [pool-2-thread-1] ERROR fr.inria.lille.repair.nopol.NoPol - Error ExecutionException java.util.concurrent.ExecutionException: java.lang.RuntimeException: failingTestCasesValidated: nothing to repair, no failing test cases
22:02:11.034 [pool-2-thread-1] DEBUG fr.inria.lille.repair.nopol.NoPol - statement #18
22:02:11.034 [pool-2-thread-1] DEBUG fr.inria.lille.repair.nopol.NoPol - Analysing SourceLocation org.apache.commons.math.fraction.FractionFormat:380 which is executed by 8 tests
1013737658
22:02:11.167 [pool-2-thread-1] DEBUG fr.inria.lille.repair.nopol.NoPol - looking with class fr.inria.lille.repair.nopol.spoon.smt.ConditionalAdder
22:02:11.185 [pool-22-thread-1] INFO  xxl.java.junit.TestCasesListener - Tests run finished (12 ms)
<> Total tests run: 80
<> Ignored tests: 0
<> Failed tests: 0

22:02:11.186 [pool-2-thread-1] ERROR fr.inria.lille.repair.nopol.NoPol - Error ExecutionException java.util.concurrent.ExecutionException: java.lang.RuntimeException: failingTestCasesValidated: nothing to repair, no failing test cases
22:02:11.186 [pool-2-thread-1] DEBUG fr.inria.lille.repair.nopol.NoPol - statement #19
22:02:11.187 [pool-2-thread-1] DEBUG fr.inria.lille.repair.nopol.NoPol - Analysing SourceLocation org.apache.commons.math.fraction.FractionFormat:379 which is executed by 8 tests
1013737658
22:02:11.320 [pool-2-thread-1] DEBUG fr.inria.lille.repair.nopol.NoPol - statement #20
22:02:11.321 [pool-2-thread-1] DEBUG fr.inria.lille.repair.nopol.NoPol - Analysing SourceLocation org.apache.commons.math.fraction.FractionFormat:378 which is executed by 8 tests
1013737658
22:02:11.459 [pool-2-thread-1] DEBUG fr.inria.lille.repair.nopol.NoPol - looking with class fr.inria.lille.repair.nopol.spoon.smt.ConditionalAdder
22:02:11.478 [pool-24-thread-1] INFO  xxl.java.junit.TestCasesListener - Tests run finished (12 ms)
<> Total tests run: 80
<> Ignored tests: 0
<> Failed tests: 0

22:02:11.481 [pool-2-thread-1] ERROR fr.inria.lille.repair.nopol.NoPol - Error ExecutionException java.util.concurrent.ExecutionException: java.lang.RuntimeException: failingTestCasesValidated: nothing to repair, no failing test cases
22:02:11.481 [pool-2-thread-1] DEBUG fr.inria.lille.repair.nopol.NoPol - statement #21
22:02:11.481 [pool-2-thread-1] DEBUG fr.inria.lille.repair.nopol.NoPol - Analysing SourceLocation org.apache.commons.math.fraction.FractionFormat:375 which is executed by 8 tests
1013737658
22:02:11.621 [pool-2-thread-1] DEBUG fr.inria.lille.repair.nopol.NoPol - looking with class fr.inria.lille.repair.nopol.spoon.smt.ConditionalAdder
22:02:11.642 [pool-26-thread-1] INFO  xxl.java.junit.TestCasesListener - Tests run finished (14 ms)
<> Total tests run: 80
<> Ignored tests: 0
<> Failed tests: 0

22:02:11.643 [pool-2-thread-1] ERROR fr.inria.lille.repair.nopol.NoPol - Error ExecutionException java.util.concurrent.ExecutionException: java.lang.RuntimeException: failingTestCasesValidated: nothing to repair, no failing test cases
22:02:11.643 [pool-2-thread-1] DEBUG fr.inria.lille.repair.nopol.NoPol - looking with class fr.inria.lille.repair.nopol.spoon.smt.ConditionalReplacer
22:02:11.671 [pool-28-thread-1] INFO  xxl.java.junit.TestCasesListener - Tests run finished (15 ms)
<> Total tests run: 80
<> Ignored tests: 0
<> Failed tests: 0

22:02:11.672 [pool-2-thread-1] ERROR fr.inria.lille.repair.nopol.NoPol - Error ExecutionException java.util.concurrent.ExecutionException: java.lang.RuntimeException: failingTestCasesValidated: nothing to repair, no failing test cases
22:02:11.672 [pool-2-thread-1] DEBUG fr.inria.lille.repair.nopol.NoPol - statement #22
22:02:11.673 [pool-2-thread-1] DEBUG fr.inria.lille.repair.nopol.NoPol - Analysing SourceLocation org.apache.commons.math.fraction.FractionFormat:373 which is executed by 8 tests
1013737658
22:02:11.882 [pool-2-thread-1] DEBUG fr.inria.lille.repair.nopol.NoPol - statement #23
22:02:11.882 [pool-2-thread-1] DEBUG fr.inria.lille.repair.nopol.NoPol - Analysing SourceLocation org.apache.commons.math.fraction.FractionFormat:372 which is executed by 8 tests
1013737658
22:02:12.016 [pool-2-thread-1] DEBUG fr.inria.lille.repair.nopol.NoPol - statement #24
22:02:12.017 [pool-2-thread-1] DEBUG fr.inria.lille.repair.nopol.NoPol - Analysing SourceLocation org.apache.commons.math.fraction.FractionFormat:371 which is executed by 8 tests
1013737658
22:02:12.150 [pool-2-thread-1] DEBUG fr.inria.lille.repair.nopol.NoPol - statement #25
22:02:12.150 [pool-2-thread-1] DEBUG fr.inria.lille.repair.nopol.NoPol - Analysing SourceLocation org.apache.commons.math.fraction.FractionFormat:362 which is executed by 8 tests
1013737658
22:02:12.283 [pool-2-thread-1] DEBUG fr.inria.lille.repair.nopol.NoPol - statement #26
22:02:12.283 [pool-2-thread-1] DEBUG fr.inria.lille.repair.nopol.NoPol - Analysing SourceLocation org.apache.commons.math.fraction.FractionFormat:361 which is executed by 8 tests
1013737658
22:02:12.416 [pool-2-thread-1] DEBUG fr.inria.lille.repair.nopol.NoPol - looking with class fr.inria.lille.repair.nopol.spoon.smt.ConditionalAdder
22:02:12.434 [pool-30-thread-1] INFO  xxl.java.junit.TestCasesListener - Tests run finished (12 ms)
<> Total tests run: 80
<> Ignored tests: 0
<> Failed tests: 0

22:02:12.435 [pool-2-thread-1] ERROR fr.inria.lille.repair.nopol.NoPol - Error ExecutionException java.util.concurrent.ExecutionException: java.lang.RuntimeException: failingTestCasesValidated: nothing to repair, no failing test cases
22:02:12.436 [pool-2-thread-1] DEBUG fr.inria.lille.repair.nopol.NoPol - statement #27
22:02:12.436 [pool-2-thread-1] DEBUG fr.inria.lille.repair.nopol.NoPol - Analysing SourceLocation org.apache.commons.math.fraction.FractionFormat:360 which is executed by 8 tests
1013737658
22:02:12.570 [pool-2-thread-1] DEBUG fr.inria.lille.repair.nopol.NoPol - looking with class fr.inria.lille.repair.nopol.spoon.smt.ConditionalAdder
22:02:12.588 [pool-32-thread-1] INFO  xxl.java.junit.TestCasesListener - Tests run finished (12 ms)
<> Total tests run: 80
<> Ignored tests: 0
<> Failed tests: 0

22:02:12.592 [pool-2-thread-1] ERROR fr.inria.lille.repair.nopol.NoPol - Error ExecutionException java.util.concurrent.ExecutionException: java.lang.RuntimeException: failingTestCasesValidated: nothing to repair, no failing test cases
22:02:12.593 [pool-2-thread-1] DEBUG fr.inria.lille.repair.nopol.NoPol - statement #28
22:02:12.593 [pool-2-thread-1] DEBUG fr.inria.lille.repair.nopol.NoPol - Analysing SourceLocation org.apache.commons.math.fraction.FractionFormat:268 which is executed by 8 tests
1013737658
22:02:12.726 [pool-2-thread-1] DEBUG fr.inria.lille.repair.nopol.NoPol - looking with class fr.inria.lille.repair.nopol.spoon.smt.ConditionalAdder
22:02:12.748 [pool-34-thread-1] INFO  xxl.java.junit.TestCasesListener - Tests run finished (11 ms)
<> Total tests run: 80
<> Ignored tests: 0
<> Failed tests: 0

22:02:12.749 [pool-2-thread-1] ERROR fr.inria.lille.repair.nopol.NoPol - Error ExecutionException java.util.concurrent.ExecutionException: java.lang.RuntimeException: failingTestCasesValidated: nothing to repair, no failing test cases
22:02:12.749 [pool-2-thread-1] DEBUG fr.inria.lille.repair.nopol.NoPol - looking with class fr.inria.lille.repair.nopol.spoon.smt.ConditionalReplacer
22:02:12.764 [pool-36-thread-1] INFO  xxl.java.junit.TestCasesListener - Tests run finished (10 ms)
<> Total tests run: 80
<> Ignored tests: 0
<> Failed tests: 0

22:02:12.765 [pool-2-thread-1] ERROR fr.inria.lille.repair.nopol.NoPol - Error ExecutionException java.util.concurrent.ExecutionException: java.lang.RuntimeException: failingTestCasesValidated: nothing to repair, no failing test cases
22:02:12.765 [pool-2-thread-1] DEBUG fr.inria.lille.repair.nopol.NoPol - statement #29
22:02:12.766 [pool-2-thread-1] DEBUG fr.inria.lille.repair.nopol.NoPol - Analysing SourceLocation org.apache.commons.math.fraction.FractionFormat:267 which is executed by 8 tests
1013737658
22:02:12.897 [pool-2-thread-1] DEBUG fr.inria.lille.repair.nopol.NoPol - statement #30
22:02:12.897 [pool-2-thread-1] DEBUG fr.inria.lille.repair.nopol.NoPol - Analysing SourceLocation org.apache.commons.math.fraction.FractionFormat:264 which is executed by 8 tests
1013737658
22:02:13.028 [pool-2-thread-1] DEBUG fr.inria.lille.repair.nopol.NoPol - looking with class fr.inria.lille.repair.nopol.spoon.smt.ConditionalAdder
22:02:13.047 [pool-38-thread-1] INFO  xxl.java.junit.TestCasesListener - Tests run finished (11 ms)
<> Total tests run: 80
<> Ignored tests: 0
<> Failed tests: 0

22:02:13.052 [pool-2-thread-1] ERROR fr.inria.lille.repair.nopol.NoPol - Error ExecutionException java.util.concurrent.ExecutionException: java.lang.RuntimeException: failingTestCasesValidated: nothing to repair, no failing test cases
22:02:13.052 [pool-2-thread-1] DEBUG fr.inria.lille.repair.nopol.NoPol - statement #31
22:02:13.053 [pool-2-thread-1] DEBUG fr.inria.lille.repair.nopol.NoPol - Analysing SourceLocation org.apache.commons.math.fraction.FractionFormat:261 which is executed by 8 tests
1013737658
22:02:13.185 [pool-2-thread-1] DEBUG fr.inria.lille.repair.nopol.NoPol - statement #32
22:02:13.186 [pool-2-thread-1] DEBUG fr.inria.lille.repair.nopol.NoPol - Analysing SourceLocation org.apache.commons.math.fraction.FractionFormat:245 which is executed by 8 tests
1013737658
22:02:13.353 [pool-2-thread-1] DEBUG fr.inria.lille.repair.nopol.NoPol - statement #33
22:02:13.353 [pool-2-thread-1] DEBUG fr.inria.lille.repair.nopol.NoPol - Analysing SourceLocation org.apache.commons.math.fraction.FractionFormat:244 which is executed by 8 tests
1013737658
22:02:13.482 [pool-2-thread-1] DEBUG fr.inria.lille.repair.nopol.NoPol - statement #34
22:02:13.483 [pool-2-thread-1] DEBUG fr.inria.lille.repair.nopol.NoPol - Analysing SourceLocation org.apache.commons.math.fraction.ProperFractionFormat:133 which is executed by 8 tests
-1129122774
22:02:13.608 [pool-2-thread-1] DEBUG fr.inria.lille.repair.nopol.NoPol - statement #35
22:02:13.608 [pool-2-thread-1] DEBUG fr.inria.lille.repair.nopol.NoPol - Analysing SourceLocation org.apache.commons.math.fraction.FractionFormat:233 which is executed by 9 tests
1013737658
22:02:13.757 [pool-2-thread-1] DEBUG fr.inria.lille.repair.nopol.NoPol - statement #36
22:02:13.757 [pool-2-thread-1] DEBUG fr.inria.lille.repair.nopol.NoPol - Analysing SourceLocation org.apache.commons.math.fraction.FractionFormat:225 which is executed by 7 tests
1013737658
22:02:13.888 [pool-2-thread-1] DEBUG fr.inria.lille.repair.nopol.NoPol - statement #37
22:02:13.888 [pool-2-thread-1] DEBUG fr.inria.lille.repair.nopol.NoPol - Analysing SourceLocation org.apache.commons.math.fraction.FractionFormat:309 which is executed by 2 tests
1013737658
22:02:14.018 [pool-2-thread-1] DEBUG fr.inria.lille.repair.nopol.NoPol - statement #38
22:02:14.018 [pool-2-thread-1] DEBUG fr.inria.lille.repair.nopol.NoPol - Analysing SourceLocation org.apache.commons.math.fraction.ProperFractionFormat:214 which is executed by 2 tests
-1129122774
22:02:14.145 [pool-2-thread-1] DEBUG fr.inria.lille.repair.nopol.NoPol - statement #39
22:02:14.145 [pool-2-thread-1] DEBUG fr.inria.lille.repair.nopol.NoPol - Analysing SourceLocation org.apache.commons.math.fraction.ProperFractionFormat:213 which is executed by 2 tests
-1129122774
22:02:14.270 [pool-2-thread-1] DEBUG fr.inria.lille.repair.nopol.NoPol - statement #40
22:02:14.270 [pool-2-thread-1] DEBUG fr.inria.lille.repair.nopol.NoPol - Analysing SourceLocation org.apache.commons.math.fraction.ProperFractionFormat:212 which is executed by 2 tests
-1129122774
22:02:14.395 [pool-2-thread-1] DEBUG fr.inria.lille.repair.nopol.NoPol - statement #41
22:02:14.395 [pool-2-thread-1] DEBUG fr.inria.lille.repair.nopol.NoPol - Analysing SourceLocation org.apache.commons.math.fraction.ProperFractionFormat:211 which is executed by 2 tests
-1129122774
22:02:14.520 [pool-2-thread-1] DEBUG fr.inria.lille.repair.nopol.NoPol - statement #42
22:02:14.520 [pool-2-thread-1] DEBUG fr.inria.lille.repair.nopol.NoPol - Analysing SourceLocation org.apache.commons.math.fraction.FractionFormat:301 which is executed by 3 tests
1013737658
22:02:14.658 [pool-2-thread-1] DEBUG fr.inria.lille.repair.nopol.NoPol - looking with class fr.inria.lille.repair.nopol.spoon.smt.ConditionalAdder
22:02:14.670 [pool-40-thread-1] INFO  xxl.java.junit.TestCasesListener - Tests run finished (7 ms)
<> Total tests run: 32
<> Ignored tests: 0
<> Failed tests: 0

22:02:14.670 [pool-2-thread-1] ERROR fr.inria.lille.repair.nopol.NoPol - Error ExecutionException java.util.concurrent.ExecutionException: java.lang.RuntimeException: failingTestCasesValidated: nothing to repair, no failing test cases
22:02:14.670 [pool-2-thread-1] DEBUG fr.inria.lille.repair.nopol.NoPol - looking with class fr.inria.lille.repair.nopol.spoon.smt.ConditionalReplacer
22:02:14.681 [pool-42-thread-1] INFO  xxl.java.junit.TestCasesListener - Tests run finished (7 ms)
<> Total tests run: 32
<> Ignored tests: 0
<> Failed tests: 0

22:02:14.681 [pool-2-thread-1] ERROR fr.inria.lille.repair.nopol.NoPol - Error ExecutionException java.util.concurrent.ExecutionException: java.lang.RuntimeException: failingTestCasesValidated: nothing to repair, no failing test cases
22:02:14.681 [pool-2-thread-1] DEBUG fr.inria.lille.repair.nopol.NoPol - statement #43
22:02:14.681 [pool-2-thread-1] DEBUG fr.inria.lille.repair.nopol.NoPol - Analysing SourceLocation org.apache.commons.math.fraction.FractionFormat:300 which is executed by 3 tests
1013737658
22:02:14.811 [pool-2-thread-1] DEBUG fr.inria.lille.repair.nopol.NoPol - statement #44
22:02:14.811 [pool-2-thread-1] DEBUG fr.inria.lille.repair.nopol.NoPol - Analysing SourceLocation org.apache.commons.math.fraction.FractionFormat:297 which is executed by 3 tests
1013737658
22:02:14.960 [pool-2-thread-1] DEBUG fr.inria.lille.repair.nopol.NoPol - looking with class fr.inria.lille.repair.nopol.spoon.smt.ConditionalAdder
22:02:14.972 [pool-44-thread-1] INFO  xxl.java.junit.TestCasesListener - Tests run finished (7 ms)
<> Total tests run: 32
<> Ignored tests: 0
<> Failed tests: 0

22:02:14.972 [pool-2-thread-1] ERROR fr.inria.lille.repair.nopol.NoPol - Error ExecutionException java.util.concurrent.ExecutionException: java.lang.RuntimeException: failingTestCasesValidated: nothing to repair, no failing test cases
22:02:14.973 [pool-2-thread-1] DEBUG fr.inria.lille.repair.nopol.NoPol - statement #45
22:02:14.973 [pool-2-thread-1] DEBUG fr.inria.lille.repair.nopol.NoPol - Analysing SourceLocation org.apache.commons.math.fraction.FractionFormat:286 which is executed by 3 tests
1013737658
22:02:15.122 [pool-2-thread-1] DEBUG fr.inria.lille.repair.nopol.NoPol - looking with class fr.inria.lille.repair.nopol.spoon.smt.ConditionalAdder
22:02:15.134 [pool-46-thread-1] INFO  xxl.java.junit.TestCasesListener - Tests run finished (8 ms)
<> Total tests run: 32
<> Ignored tests: 0
<> Failed tests: 0

22:02:15.134 [pool-2-thread-1] ERROR fr.inria.lille.repair.nopol.NoPol - Error ExecutionException java.util.concurrent.ExecutionException: java.lang.RuntimeException: failingTestCasesValidated: nothing to repair, no failing test cases
22:02:15.134 [pool-2-thread-1] DEBUG fr.inria.lille.repair.nopol.NoPol - statement #46
22:02:15.134 [pool-2-thread-1] DEBUG fr.inria.lille.repair.nopol.NoPol - Analysing SourceLocation org.apache.commons.math.fraction.FractionFormat:293 which is executed by 3 tests
1013737658
22:02:15.295 [pool-2-thread-1] DEBUG fr.inria.lille.repair.nopol.NoPol - statement #47
22:02:15.296 [pool-2-thread-1] DEBUG fr.inria.lille.repair.nopol.NoPol - Analysing SourceLocation org.apache.commons.math.fraction.FractionFormat:292 which is executed by 3 tests
1013737658
22:02:15.457 [pool-2-thread-1] DEBUG fr.inria.lille.repair.nopol.NoPol - looking with class fr.inria.lille.repair.nopol.spoon.smt.ConditionalAdder
22:02:15.468 [pool-48-thread-1] INFO  xxl.java.junit.TestCasesListener - Tests run finished (7 ms)
<> Total tests run: 32
<> Ignored tests: 0
<> Failed tests: 0

22:02:15.469 [pool-2-thread-1] ERROR fr.inria.lille.repair.nopol.NoPol - Error ExecutionException java.util.concurrent.ExecutionException: java.lang.RuntimeException: failingTestCasesValidated: nothing to repair, no failing test cases
22:02:15.469 [pool-2-thread-1] DEBUG fr.inria.lille.repair.nopol.NoPol - statement #48
22:02:15.469 [pool-2-thread-1] DEBUG fr.inria.lille.repair.nopol.NoPol - Analysing SourceLocation org.apache.commons.math.fraction.FractionFormat:291 which is executed by 3 tests
1013737658
22:02:15.624 [pool-2-thread-1] DEBUG fr.inria.lille.repair.nopol.NoPol - looking with class fr.inria.lille.repair.nopol.spoon.smt.ConditionalAdder
22:02:15.636 [pool-50-thread-1] INFO  xxl.java.junit.TestCasesListener - Tests run finished (8 ms)
<> Total tests run: 32
<> Ignored tests: 0
<> Failed tests: 0

22:02:15.636 [pool-2-thread-1] ERROR fr.inria.lille.repair.nopol.NoPol - Error ExecutionException java.util.concurrent.ExecutionException: java.lang.RuntimeException: failingTestCasesValidated: nothing to repair, no failing test cases
22:02:15.637 [pool-2-thread-1] DEBUG fr.inria.lille.repair.nopol.NoPol - statement #49
22:02:15.637 [pool-2-thread-1] DEBUG fr.inria.lille.repair.nopol.NoPol - Analysing SourceLocation org.apache.commons.math.fraction.ProperFractionFormat:205 which is executed by 3 tests
-1129122774
22:02:15.761 [pool-2-thread-1] DEBUG fr.inria.lille.repair.nopol.NoPol - looking with class fr.inria.lille.repair.nopol.spoon.smt.ConditionalAdder
22:02:15.773 [pool-52-thread-1] INFO  xxl.java.junit.TestCasesListener - Tests run finished (6 ms)
<> Total tests run: 32
<> Ignored tests: 0
<> Failed tests: 0

22:02:15.773 [pool-2-thread-1] ERROR fr.inria.lille.repair.nopol.NoPol - Error ExecutionException java.util.concurrent.ExecutionException: java.lang.RuntimeException: failingTestCasesValidated: nothing to repair, no failing test cases
22:02:15.773 [pool-2-thread-1] DEBUG fr.inria.lille.repair.nopol.NoPol - looking with class fr.inria.lille.repair.nopol.spoon.smt.ConditionalReplacer
22:02:15.783 [pool-54-thread-1] INFO  xxl.java.junit.TestCasesListener - Tests run finished (6 ms)
<> Total tests run: 32
<> Ignored tests: 0
<> Failed tests: 0

22:02:15.784 [pool-2-thread-1] ERROR fr.inria.lille.repair.nopol.NoPol - Error ExecutionException java.util.concurrent.ExecutionException: java.lang.RuntimeException: failingTestCasesValidated: nothing to repair, no failing test cases
22:02:15.784 [pool-2-thread-1] DEBUG fr.inria.lille.repair.nopol.NoPol - statement #50
22:02:15.784 [pool-2-thread-1] DEBUG fr.inria.lille.repair.nopol.NoPol - Analysing SourceLocation org.apache.commons.math.fraction.ProperFractionFormat:197 which is executed by 3 tests
-1129122774
22:02:15.908 [pool-2-thread-1] DEBUG fr.inria.lille.repair.nopol.NoPol - looking with class fr.inria.lille.repair.nopol.spoon.smt.ConditionalAdder
22:02:15.919 [pool-56-thread-1] INFO  xxl.java.junit.TestCasesListener - Tests run finished (7 ms)
<> Total tests run: 32
<> Ignored tests: 0
<> Failed tests: 0

22:02:15.919 [pool-2-thread-1] ERROR fr.inria.lille.repair.nopol.NoPol - Error ExecutionException java.util.concurrent.ExecutionException: java.lang.RuntimeException: failingTestCasesValidated: nothing to repair, no failing test cases
22:02:15.920 [pool-2-thread-1] DEBUG fr.inria.lille.repair.nopol.NoPol - looking with class fr.inria.lille.repair.nopol.spoon.smt.ConditionalReplacer
22:02:15.929 [pool-58-thread-1] INFO  xxl.java.junit.TestCasesListener - Tests run finished (6 ms)
<> Total tests run: 32
<> Ignored tests: 0
<> Failed tests: 0

22:02:15.930 [pool-2-thread-1] ERROR fr.inria.lille.repair.nopol.NoPol - Error ExecutionException java.util.concurrent.ExecutionException: java.lang.RuntimeException: failingTestCasesValidated: nothing to repair, no failing test cases
22:02:15.930 [pool-2-thread-1] DEBUG fr.inria.lille.repair.nopol.NoPol - statement #51
22:02:15.930 [pool-2-thread-1] DEBUG fr.inria.lille.repair.nopol.NoPol - Analysing SourceLocation org.apache.commons.math.fraction.ProperFractionFormat:196 which is executed by 3 tests
-1129122774
22:02:16.055 [pool-2-thread-1] DEBUG fr.inria.lille.repair.nopol.NoPol - statement #52
22:02:16.055 [pool-2-thread-1] DEBUG fr.inria.lille.repair.nopol.NoPol - Analysing SourceLocation org.apache.commons.math.fraction.ProperFractionFormat:193 which is executed by 3 tests
-1129122774
22:02:16.179 [pool-2-thread-1] DEBUG fr.inria.lille.repair.nopol.NoPol - looking with class fr.inria.lille.repair.nopol.spoon.smt.ConditionalAdder
22:02:16.190 [pool-60-thread-1] INFO  xxl.java.junit.TestCasesListener - Tests run finished (6 ms)
<> Total tests run: 32
<> Ignored tests: 0
<> Failed tests: 0

22:02:16.190 [pool-2-thread-1] ERROR fr.inria.lille.repair.nopol.NoPol - Error ExecutionException java.util.concurrent.ExecutionException: java.lang.RuntimeException: failingTestCasesValidated: nothing to repair, no failing test cases
22:02:16.190 [pool-2-thread-1] DEBUG fr.inria.lille.repair.nopol.NoPol - statement #53
22:02:16.190 [pool-2-thread-1] DEBUG fr.inria.lille.repair.nopol.NoPol - Analysing SourceLocation org.apache.commons.math.fraction.ProperFractionFormat:182 which is executed by 3 tests
-1129122774
22:02:16.314 [pool-2-thread-1] DEBUG fr.inria.lille.repair.nopol.NoPol - looking with class fr.inria.lille.repair.nopol.spoon.smt.ConditionalAdder
22:02:16.324 [pool-62-thread-1] INFO  xxl.java.junit.TestCasesListener - Tests run finished (6 ms)
<> Total tests run: 32
<> Ignored tests: 0
<> Failed tests: 0

22:02:16.325 [pool-2-thread-1] ERROR fr.inria.lille.repair.nopol.NoPol - Error ExecutionException java.util.concurrent.ExecutionException: java.lang.RuntimeException: failingTestCasesValidated: nothing to repair, no failing test cases
22:02:16.325 [pool-2-thread-1] DEBUG fr.inria.lille.repair.nopol.NoPol - statement #54
22:02:16.325 [pool-2-thread-1] DEBUG fr.inria.lille.repair.nopol.NoPol - Analysing SourceLocation org.apache.commons.math.fraction.ProperFractionFormat:175 which is executed by 3 tests
-1129122774
22:02:16.450 [pool-2-thread-1] DEBUG fr.inria.lille.repair.nopol.NoPol - looking with class fr.inria.lille.repair.nopol.spoon.smt.ConditionalAdder
22:02:16.466 [pool-64-thread-1] INFO  xxl.java.junit.TestCasesListener - Tests run finished (6 ms)
<> Total tests run: 32
<> Ignored tests: 0
<> Failed tests: 0

22:02:16.467 [pool-2-thread-1] ERROR fr.inria.lille.repair.nopol.NoPol - Error ExecutionException java.util.concurrent.ExecutionException: java.lang.RuntimeException: failingTestCasesValidated: nothing to repair, no failing test cases
22:02:16.467 [pool-2-thread-1] DEBUG fr.inria.lille.repair.nopol.NoPol - statement #55
22:02:16.467 [pool-2-thread-1] DEBUG fr.inria.lille.repair.nopol.NoPol - Analysing SourceLocation org.apache.commons.math.fraction.ProperFractionFormat:174 which is executed by 3 tests
-1129122774
22:02:16.591 [pool-2-thread-1] DEBUG fr.inria.lille.repair.nopol.NoPol - statement #56
22:02:16.591 [pool-2-thread-1] DEBUG fr.inria.lille.repair.nopol.NoPol - Analysing SourceLocation org.apache.commons.math.fraction.ProperFractionFormat:173 which is executed by 3 tests
-1129122774
22:02:16.715 [pool-2-thread-1] DEBUG fr.inria.lille.repair.nopol.NoPol - statement #57
22:02:16.716 [pool-2-thread-1] DEBUG fr.inria.lille.repair.nopol.NoPol - Analysing SourceLocation org.apache.commons.math.fraction.ProperFractionFormat:166 which is executed by 3 tests
-1129122774
22:02:16.842 [pool-2-thread-1] DEBUG fr.inria.lille.repair.nopol.NoPol - looking with class fr.inria.lille.repair.nopol.spoon.smt.ConditionalAdder
22:02:16.852 [pool-66-thread-1] INFO  xxl.java.junit.TestCasesListener - Tests run finished (6 ms)
<> Total tests run: 32
<> Ignored tests: 0
<> Failed tests: 0

22:02:16.853 [pool-2-thread-1] ERROR fr.inria.lille.repair.nopol.NoPol - Error ExecutionException java.util.concurrent.ExecutionException: java.lang.RuntimeException: failingTestCasesValidated: nothing to repair, no failing test cases
22:02:16.853 [pool-2-thread-1] DEBUG fr.inria.lille.repair.nopol.NoPol - looking with class fr.inria.lille.repair.nopol.spoon.smt.ConditionalReplacer
22:02:16.863 [pool-68-thread-1] INFO  xxl.java.junit.TestCasesListener - Tests run finished (6 ms)
<> Total tests run: 32
<> Ignored tests: 0
<> Failed tests: 0

22:02:16.863 [pool-2-thread-1] ERROR fr.inria.lille.repair.nopol.NoPol - Error ExecutionException java.util.concurrent.ExecutionException: java.lang.RuntimeException: failingTestCasesValidated: nothing to repair, no failing test cases
22:02:16.863 [pool-2-thread-1] DEBUG fr.inria.lille.repair.nopol.NoPol - statement #58
22:02:16.863 [pool-2-thread-1] DEBUG fr.inria.lille.repair.nopol.NoPol - Analysing SourceLocation org.apache.commons.math.fraction.FractionFormat:283 which is executed by 1 tests
1013737658
22:02:16.991 [pool-2-thread-1] DEBUG fr.inria.lille.repair.nopol.NoPol - statement #59
22:02:16.992 [pool-2-thread-1] DEBUG fr.inria.lille.repair.nopol.NoPol - Analysing SourceLocation org.apache.commons.math.fraction.ProperFractionFormat:158 which is executed by 4 tests
-1129122774
22:02:17.120 [pool-2-thread-1] DEBUG fr.inria.lille.repair.nopol.NoPol - looking with class fr.inria.lille.repair.nopol.spoon.smt.ConditionalAdder
22:02:17.130 [pool-70-thread-1] INFO  xxl.java.junit.TestCasesListener - Tests run finished (6 ms)
<> Total tests run: 32
<> Ignored tests: 0
<> Failed tests: 0

22:02:17.130 [pool-2-thread-1] ERROR fr.inria.lille.repair.nopol.NoPol - Error ExecutionException java.util.concurrent.ExecutionException: java.lang.RuntimeException: failingTestCasesValidated: nothing to repair, no failing test cases
22:02:17.131 [pool-2-thread-1] DEBUG fr.inria.lille.repair.nopol.NoPol - looking with class fr.inria.lille.repair.nopol.spoon.smt.ConditionalReplacer
22:02:17.141 [pool-72-thread-1] INFO  xxl.java.junit.TestCasesListener - Tests run finished (7 ms)
<> Total tests run: 32
<> Ignored tests: 0
<> Failed tests: 0

22:02:17.141 [pool-2-thread-1] ERROR fr.inria.lille.repair.nopol.NoPol - Error ExecutionException java.util.concurrent.ExecutionException: java.lang.RuntimeException: failingTestCasesValidated: nothing to repair, no failing test cases
22:02:17.141 [pool-2-thread-1] DEBUG fr.inria.lille.repair.nopol.NoPol - statement #60
22:02:17.142 [pool-2-thread-1] DEBUG fr.inria.lille.repair.nopol.NoPol - Analysing SourceLocation org.apache.commons.math.fraction.ProperFractionFormat:157 which is executed by 4 tests
-1129122774
22:02:17.266 [pool-2-thread-1] DEBUG fr.inria.lille.repair.nopol.NoPol - statement #61
22:02:17.267 [pool-2-thread-1] DEBUG fr.inria.lille.repair.nopol.NoPol - Analysing SourceLocation org.apache.commons.math.fraction.ProperFractionFormat:154 which is executed by 4 tests
-1129122774
22:02:17.390 [pool-2-thread-1] DEBUG fr.inria.lille.repair.nopol.NoPol - looking with class fr.inria.lille.repair.nopol.spoon.smt.ConditionalAdder
22:02:17.400 [pool-74-thread-1] INFO  xxl.java.junit.TestCasesListener - Tests run finished (6 ms)
<> Total tests run: 32
<> Ignored tests: 0
<> Failed tests: 0

22:02:17.401 [pool-2-thread-1] ERROR fr.inria.lille.repair.nopol.NoPol - Error ExecutionException java.util.concurrent.ExecutionException: java.lang.RuntimeException: failingTestCasesValidated: nothing to repair, no failing test cases
22:02:17.401 [pool-2-thread-1] DEBUG fr.inria.lille.repair.nopol.NoPol - statement #62
22:02:17.401 [pool-2-thread-1] DEBUG fr.inria.lille.repair.nopol.NoPol - Analysing SourceLocation org.apache.commons.math.fraction.ProperFractionFormat:145 which is executed by 5 tests
-1129122774
22:02:17.582 [pool-2-thread-1] DEBUG fr.inria.lille.repair.nopol.NoPol - looking with class fr.inria.lille.repair.nopol.spoon.smt.ConditionalAdder
22:02:17.593 [pool-76-thread-1] INFO  xxl.java.junit.TestCasesListener - Tests run finished (6 ms)
<> Total tests run: 32
<> Ignored tests: 0
<> Failed tests: 0

22:02:17.593 [pool-2-thread-1] ERROR fr.inria.lille.repair.nopol.NoPol - Error ExecutionException java.util.concurrent.ExecutionException: java.lang.RuntimeException: failingTestCasesValidated: nothing to repair, no failing test cases
22:02:17.594 [pool-2-thread-1] DEBUG fr.inria.lille.repair.nopol.NoPol - looking with class fr.inria.lille.repair.nopol.spoon.smt.ConditionalReplacer
22:02:17.603 [pool-78-thread-1] INFO  xxl.java.junit.TestCasesListener - Tests run finished (6 ms)
<> Total tests run: 32
<> Ignored tests: 0
<> Failed tests: 0

22:02:17.603 [pool-2-thread-1] ERROR fr.inria.lille.repair.nopol.NoPol - Error ExecutionException java.util.concurrent.ExecutionException: java.lang.RuntimeException: failingTestCasesValidated: nothing to repair, no failing test cases
22:02:17.603 [pool-2-thread-1] DEBUG fr.inria.lille.repair.nopol.NoPol - statement #63
22:02:17.604 [pool-2-thread-1] DEBUG fr.inria.lille.repair.nopol.NoPol - Analysing SourceLocation org.apache.commons.math.fraction.ProperFractionFormat:144 which is executed by 5 tests
-1129122774
22:02:17.729 [pool-2-thread-1] DEBUG fr.inria.lille.repair.nopol.NoPol - statement #64
22:02:17.729 [pool-2-thread-1] DEBUG fr.inria.lille.repair.nopol.NoPol - Analysing SourceLocation org.apache.commons.math.fraction.ProperFractionFormat:141 which is executed by 5 tests
-1129122774
22:02:17.854 [pool-2-thread-1] DEBUG fr.inria.lille.repair.nopol.NoPol - looking with class fr.inria.lille.repair.nopol.spoon.smt.ConditionalAdder
22:02:17.864 [pool-80-thread-1] INFO  xxl.java.junit.TestCasesListener - Tests run finished (6 ms)
<> Total tests run: 32
<> Ignored tests: 0
<> Failed tests: 0

22:02:17.865 [pool-2-thread-1] ERROR fr.inria.lille.repair.nopol.NoPol - Error ExecutionException java.util.concurrent.ExecutionException: java.lang.RuntimeException: failingTestCasesValidated: nothing to repair, no failing test cases
22:02:17.865 [pool-2-thread-1] DEBUG fr.inria.lille.repair.nopol.NoPol - statement #65
22:02:17.866 [pool-2-thread-1] DEBUG fr.inria.lille.repair.nopol.NoPol - Analysing SourceLocation org.apache.commons.math.fraction.ProperFractionFormat:138 which is executed by 5 tests
-1129122774
22:02:17.989 [pool-2-thread-1] DEBUG fr.inria.lille.repair.nopol.NoPol - statement #66
22:02:17.990 [pool-2-thread-1] DEBUG fr.inria.lille.repair.nopol.NoPol - Analysing SourceLocation org.apache.commons.math.fraction.ProperFractionFormat:134 which is executed by 5 tests
-1129122774
22:02:18.114 [pool-2-thread-1] DEBUG fr.inria.lille.repair.nopol.NoPol - looking with class fr.inria.lille.repair.nopol.spoon.smt.ConditionalAdder
22:02:18.125 [pool-82-thread-1] INFO  xxl.java.junit.TestCasesListener - Tests run finished (5 ms)
<> Total tests run: 32
<> Ignored tests: 0
<> Failed tests: 0

22:02:18.126 [pool-2-thread-1] ERROR fr.inria.lille.repair.nopol.NoPol - Error ExecutionException java.util.concurrent.ExecutionException: java.lang.RuntimeException: failingTestCasesValidated: nothing to repair, no failing test cases
22:02:18.126 [pool-2-thread-1] DEBUG fr.inria.lille.repair.nopol.NoPol - looking with class fr.inria.lille.repair.nopol.spoon.smt.ConditionalReplacer
22:02:18.135 [pool-84-thread-1] INFO  xxl.java.junit.TestCasesListener - Tests run finished (6 ms)
<> Total tests run: 32
<> Ignored tests: 0
<> Failed tests: 0

22:02:18.136 [pool-2-thread-1] ERROR fr.inria.lille.repair.nopol.NoPol - Error ExecutionException java.util.concurrent.ExecutionException: java.lang.RuntimeException: failingTestCasesValidated: nothing to repair, no failing test cases
22:02:18.136 [pool-2-thread-1] DEBUG fr.inria.lille.repair.nopol.NoPol - statement #67
22:02:18.136 [pool-2-thread-1] DEBUG fr.inria.lille.repair.nopol.NoPol - Analysing SourceLocation org.apache.commons.math.fraction.ProperFractionFormat:116 which is executed by 6 tests
-1129122774
22:02:18.262 [pool-2-thread-1] DEBUG fr.inria.lille.repair.nopol.NoPol - statement #68
22:02:18.262 [pool-2-thread-1] DEBUG fr.inria.lille.repair.nopol.NoPol - Analysing SourceLocation org.apache.commons.math.linear.BigMatrixImpl:997 which is executed by 3 tests
-1876496766
22:02:18.435 [pool-2-thread-1] DEBUG fr.inria.lille.repair.nopol.NoPol - looking with class fr.inria.lille.repair.nopol.spoon.smt.ConditionalAdder
java.lang.ArrayIndexOutOfBoundsException: 2
    at org.apache.commons.math.linear.BigMatrixImpl.operate(BigMatrixImpl.java:997)
    at org.apache.commons.math.linear.BigMatrixImplTest.testMath209(BigMatrixImplTest.java:446)
    at sun.reflect.NativeMethodAccessorImpl.invoke0(Native Method)
    at sun.reflect.NativeMethodAccessorImpl.invoke(NativeMethodAccessorImpl.java:62)
    at sun.reflect.DelegatingMethodAccessorImpl.invoke(DelegatingMethodAccessorImpl.java:43)
    at java.lang.reflect.Method.invoke(Method.java:498)
22:02:18.467 [pool-86-thread-1] INFO  xxl.java.junit.TestCasesListener - Tests run finished (24 ms)
<> Total tests run: 28
<> Ignored tests: 0
<> Failed tests: 1
~ testMath209(org.apache.commons.math.linear.BigMatrixImplTest)
[2]
java.lang.ArrayIndexOutOfBoundsException: 2    at org.apache.commons.math.linear.BigMatrixImpl.operate(BigMatrixImpl.java:997)
    at org.apache.commons.math.linear.BigMatrixImplTest.testMath209(BigMatrixImplTest.java:446)
    at sun.reflect.NativeMethodAccessorImpl.invoke0(Native Method)
    at sun.reflect.NativeMethodAccessorImpl.invoke(NativeMethodAccessorImpl.java:62)
    at sun.reflect.DelegatingMethodAccessorImpl.invoke(DelegatingMethodAccessorImpl.java:43)
    at java.lang.reflect.Method.invoke(Method.java:498)

junit.framework.AssertionFailedError: expected:<3> but was:<2>
    at junit.framework.Assert.fail(Assert.java:57)
    at junit.framework.Assert.failNotEquals(Assert.java:329)
    at junit.framework.Assert.assertEquals(Assert.java:78)
    at junit.framework.Assert.assertEquals(Assert.java:234)
    at junit.framework.Assert.assertEquals(Assert.java:241)
    at junit.framework.TestCase.assertEquals(TestCase.java:409)
22:02:20.205 [pool-87-thread-1] INFO  f.i.l.c.t.SpecificationTestCasesListener - Tests run finished (8 ms)
<> Total tests run: 1
<> Ignored tests: 0
<> Failed tests: 1
~ testMath209(org.apache.commons.math.linear.BigMatrixImplTest)
[expected:<3> but was:<2>]
junit.framework.AssertionFailedError: expected:<3> but was:<2>    at junit.framework.Assert.fail(Assert.java:57)
    at junit.framework.Assert.failNotEquals(Assert.java:329)
    at junit.framework.Assert.assertEquals(Assert.java:78)
    at junit.framework.Assert.assertEquals(Assert.java:234)
    at junit.framework.Assert.assertEquals(Assert.java:241)
    at junit.framework.TestCase.assertEquals(TestCase.java:409)

java.lang.ArrayIndexOutOfBoundsException: 2
    at org.apache.commons.math.linear.BigMatrixImpl.operate(BigMatrixImpl.java:567)
    at org.apache.commons.math.linear.BigMatrixImplTest.testMath209(BigMatrixImplTest.java:446)
    at sun.reflect.NativeMethodAccessorImpl.invoke0(Native Method)
    at sun.reflect.NativeMethodAccessorImpl.invoke(NativeMethodAccessorImpl.java:62)
    at sun.reflect.DelegatingMethodAccessorImpl.invoke(DelegatingMethodAccessorImpl.java:43)
    at java.lang.reflect.Method.invoke(Method.java:498)
22:02:20.209 [pool-88-thread-1] INFO  f.i.l.c.t.SpecificationTestCasesListener - Tests run finished (1 ms)
<> Total tests run: 1
<> Ignored tests: 0
<> Failed tests: 1
~ testMath209(org.apache.commons.math.linear.BigMatrixImplTest)
[2]
java.lang.ArrayIndexOutOfBoundsException: 2    at org.apache.commons.math.linear.BigMatrixImpl.operate(BigMatrixImpl.java:567)
    at org.apache.commons.math.linear.BigMatrixImplTest.testMath209(BigMatrixImplTest.java:446)
    at sun.reflect.NativeMethodAccessorImpl.invoke0(Native Method)
    at sun.reflect.NativeMethodAccessorImpl.invoke(NativeMethodAccessorImpl.java:62)
    at sun.reflect.DelegatingMethodAccessorImpl.invoke(DelegatingMethodAccessorImpl.java:43)
    at java.lang.reflect.Method.invoke(Method.java:498)

22:02:20.210 [pool-85-thread-1] DEBUG tests.output - Failing tests with false: 
[testMath209(org.apache.commons.math.linear.BigMatrixImplTest): expected:<3> but was:<2>]
22:02:20.210 [pool-85-thread-1] DEBUG tests.output - Failing tests with true: 
[testMath209(org.apache.commons.math.linear.BigMatrixImplTest): 2]
22:02:20.210 [pool-85-thread-1] INFO  f.i.l.r.n.synth.SMTNopolSynthesizer - Not enough specifications: 0. A trivial patch is "true" or "false", please write new tests specifying SourceLocation org.apache.commons.math.linear.BigMatrixImpl:997.
22:02:20.210 [pool-2-thread-1] DEBUG fr.inria.lille.repair.nopol.NoPol - statement #69
22:02:20.211 [pool-2-thread-1] DEBUG fr.inria.lille.repair.nopol.NoPol - Analysing SourceLocation org.apache.commons.math.linear.BigMatrixImpl:995 which is executed by 3 tests
-1876496766
22:02:20.403 [pool-2-thread-1] DEBUG fr.inria.lille.repair.nopol.NoPol - looking with class fr.inria.lille.repair.nopol.spoon.smt.ConditionalAdder
java.lang.ArrayIndexOutOfBoundsException: 2
    at org.apache.commons.math.linear.BigMatrixImpl.operate(BigMatrixImpl.java:997)
    at org.apache.commons.math.linear.BigMatrixImplTest.testMath209(BigMatrixImplTest.java:446)
    at sun.reflect.NativeMethodAccessorImpl.invoke0(Native Method)
    at sun.reflect.NativeMethodAccessorImpl.invoke(NativeMethodAccessorImpl.java:62)
    at sun.reflect.DelegatingMethodAccessorImpl.invoke(DelegatingMethodAccessorImpl.java:43)
    at java.lang.reflect.Method.invoke(Method.java:498)
22:02:20.426 [pool-90-thread-1] INFO  xxl.java.junit.TestCasesListener - Tests run finished (16 ms)
<> Total tests run: 28
<> Ignored tests: 0
<> Failed tests: 1
~ testMath209(org.apache.commons.math.linear.BigMatrixImplTest)
[2]
java.lang.ArrayIndexOutOfBoundsException: 2    at org.apache.commons.math.linear.BigMatrixImpl.operate(BigMatrixImpl.java:997)
    at org.apache.commons.math.linear.BigMatrixImplTest.testMath209(BigMatrixImplTest.java:446)
    at sun.reflect.NativeMethodAccessorImpl.invoke0(Native Method)
    at sun.reflect.NativeMethodAccessorImpl.invoke(NativeMethodAccessorImpl.java:62)
    at sun.reflect.DelegatingMethodAccessorImpl.invoke(DelegatingMethodAccessorImpl.java:43)
    at java.lang.reflect.Method.invoke(Method.java:498)

java.lang.ArrayIndexOutOfBoundsException: 2
    at org.apache.commons.math.linear.BigMatrixImpl.operate(BigMatrixImpl.java:568)
    at org.apache.commons.math.linear.BigMatrixImplTest.testMath209(BigMatrixImplTest.java:446)
    at sun.reflect.NativeMethodAccessorImpl.invoke0(Native Method)
    at sun.reflect.NativeMethodAccessorImpl.invoke(NativeMethodAccessorImpl.java:62)
    at sun.reflect.DelegatingMethodAccessorImpl.invoke(DelegatingMethodAccessorImpl.java:43)
    at java.lang.reflect.Method.invoke(Method.java:498)
22:02:20.882 [pool-91-thread-1] INFO  f.i.l.c.t.SpecificationTestCasesListener - Tests run finished (5 ms)
<> Total tests run: 1
<> Ignored tests: 0
<> Failed tests: 1
~ testMath209(org.apache.commons.math.linear.BigMatrixImplTest)
[2]
java.lang.ArrayIndexOutOfBoundsException: 2    at org.apache.commons.math.linear.BigMatrixImpl.operate(BigMatrixImpl.java:568)
    at org.apache.commons.math.linear.BigMatrixImplTest.testMath209(BigMatrixImplTest.java:446)
    at sun.reflect.NativeMethodAccessorImpl.invoke0(Native Method)
    at sun.reflect.NativeMethodAccessorImpl.invoke(NativeMethodAccessorImpl.java:62)
    at sun.reflect.DelegatingMethodAccessorImpl.invoke(DelegatingMethodAccessorImpl.java:43)
    at java.lang.reflect.Method.invoke(Method.java:498)

java.lang.ArrayIndexOutOfBoundsException: 2
    at org.apache.commons.math.linear.BigMatrixImpl.operate(BigMatrixImpl.java:568)
    at org.apache.commons.math.linear.BigMatrixImplTest.testMath209(BigMatrixImplTest.java:446)
    at sun.reflect.NativeMethodAccessorImpl.invoke0(Native Method)
    at sun.reflect.NativeMethodAccessorImpl.invoke(NativeMethodAccessorImpl.java:62)
    at sun.reflect.DelegatingMethodAccessorImpl.invoke(DelegatingMethodAccessorImpl.java:43)
    at java.lang.reflect.Method.invoke(Method.java:498)
22:02:20.885 [pool-92-thread-1] INFO  f.i.l.c.t.SpecificationTestCasesListener - Tests run finished (1 ms)
<> Total tests run: 1
<> Ignored tests: 0
<> Failed tests: 1
~ testMath209(org.apache.commons.math.linear.BigMatrixImplTest)
[2]
java.lang.ArrayIndexOutOfBoundsException: 2    at org.apache.commons.math.linear.BigMatrixImpl.operate(BigMatrixImpl.java:568)
    at org.apache.commons.math.linear.BigMatrixImplTest.testMath209(BigMatrixImplTest.java:446)
    at sun.reflect.NativeMethodAccessorImpl.invoke0(Native Method)
    at sun.reflect.NativeMethodAccessorImpl.invoke(NativeMethodAccessorImpl.java:62)
    at sun.reflect.DelegatingMethodAccessorImpl.invoke(DelegatingMethodAccessorImpl.java:43)
    at java.lang.reflect.Method.invoke(Method.java:498)

22:02:20.886 [pool-89-thread-1] DEBUG tests.output - Failing tests with false: 
[testMath209(org.apache.commons.math.linear.BigMatrixImplTest): 2]
22:02:20.887 [pool-89-thread-1] DEBUG tests.output - Failing tests with true: 
[testMath209(org.apache.commons.math.linear.BigMatrixImplTest): 2]
22:02:20.887 [pool-89-thread-1] INFO  f.i.l.r.n.synth.SMTNopolSynthesizer - Not enough specifications: 0. A trivial patch is "true" or "false", please write new tests specifying SourceLocation org.apache.commons.math.linear.BigMatrixImpl:995.
22:02:20.887 [pool-2-thread-1] DEBUG fr.inria.lille.repair.nopol.NoPol - statement #70
22:02:20.887 [pool-2-thread-1] DEBUG fr.inria.lille.repair.nopol.NoPol - Analysing SourceLocation org.apache.commons.math.linear.BigMatrixImpl:994 which is executed by 3 tests
-1876496766
22:02:21.055 [pool-2-thread-1] DEBUG fr.inria.lille.repair.nopol.NoPol - looking with class fr.inria.lille.repair.nopol.spoon.smt.ConditionalAdder
java.lang.ArrayIndexOutOfBoundsException: 2
    at org.apache.commons.math.linear.BigMatrixImpl.operate(BigMatrixImpl.java:997)
    at org.apache.commons.math.linear.BigMatrixImplTest.testMath209(BigMatrixImplTest.java:446)
    at sun.reflect.NativeMethodAccessorImpl.invoke0(Native Method)
    at sun.reflect.NativeMethodAccessorImpl.invoke(NativeMethodAccessorImpl.java:62)
    at sun.reflect.DelegatingMethodAccessorImpl.invoke(DelegatingMethodAccessorImpl.java:43)
    at java.lang.reflect.Method.invoke(Method.java:498)
22:02:21.075 [pool-94-thread-1] INFO  xxl.java.junit.TestCasesListener - Tests run finished (13 ms)
<> Total tests run: 28
<> Ignored tests: 0
<> Failed tests: 1
~ testMath209(org.apache.commons.math.linear.BigMatrixImplTest)
[2]
java.lang.ArrayIndexOutOfBoundsException: 2    at org.apache.commons.math.linear.BigMatrixImpl.operate(BigMatrixImpl.java:997)
    at org.apache.commons.math.linear.BigMatrixImplTest.testMath209(BigMatrixImplTest.java:446)
    at sun.reflect.NativeMethodAccessorImpl.invoke0(Native Method)
    at sun.reflect.NativeMethodAccessorImpl.invoke(NativeMethodAccessorImpl.java:62)
    at sun.reflect.DelegatingMethodAccessorImpl.invoke(DelegatingMethodAccessorImpl.java:43)
    at java.lang.reflect.Method.invoke(Method.java:498)

java.lang.ArrayIndexOutOfBoundsException: 2
    at org.apache.commons.math.linear.BigMatrixImpl.operate(BigMatrixImpl.java:568)
    at org.apache.commons.math.linear.BigMatrixImplTest.testMath209(BigMatrixImplTest.java:446)
    at sun.reflect.NativeMethodAccessorImpl.invoke0(Native Method)
    at sun.reflect.NativeMethodAccessorImpl.invoke(NativeMethodAccessorImpl.java:62)
    at sun.reflect.DelegatingMethodAccessorImpl.invoke(DelegatingMethodAccessorImpl.java:43)
    at java.lang.reflect.Method.invoke(Method.java:498)
22:02:21.500 [pool-95-thread-1] INFO  f.i.l.c.t.SpecificationTestCasesListener - Tests run finished (5 ms)
<> Total tests run: 1
<> Ignored tests: 0
<> Failed tests: 1
~ testMath209(org.apache.commons.math.linear.BigMatrixImplTest)
[2]
java.lang.ArrayIndexOutOfBoundsException: 2    at org.apache.commons.math.linear.BigMatrixImpl.operate(BigMatrixImpl.java:568)
    at org.apache.commons.math.linear.BigMatrixImplTest.testMath209(BigMatrixImplTest.java:446)
    at sun.reflect.NativeMethodAccessorImpl.invoke0(Native Method)
    at sun.reflect.NativeMethodAccessorImpl.invoke(NativeMethodAccessorImpl.java:62)
    at sun.reflect.DelegatingMethodAccessorImpl.invoke(DelegatingMethodAccessorImpl.java:43)
    at java.lang.reflect.Method.invoke(Method.java:498)

java.lang.ArrayIndexOutOfBoundsException: 2
    at org.apache.commons.math.linear.BigMatrixImpl.operate(BigMatrixImpl.java:568)
    at org.apache.commons.math.linear.BigMatrixImplTest.testMath209(BigMatrixImplTest.java:446)
    at sun.reflect.NativeMethodAccessorImpl.invoke0(Native Method)
    at sun.reflect.NativeMethodAccessorImpl.invoke(NativeMethodAccessorImpl.java:62)
    at sun.reflect.DelegatingMethodAccessorImpl.invoke(DelegatingMethodAccessorImpl.java:43)
    at java.lang.reflect.Method.invoke(Method.java:498)
22:02:21.503 [pool-96-thread-1] INFO  f.i.l.c.t.SpecificationTestCasesListener - Tests run finished (1 ms)
<> Total tests run: 1
<> Ignored tests: 0
<> Failed tests: 1
~ testMath209(org.apache.commons.math.linear.BigMatrixImplTest)
[2]
java.lang.ArrayIndexOutOfBoundsException: 2    at org.apache.commons.math.linear.BigMatrixImpl.operate(BigMatrixImpl.java:568)
    at org.apache.commons.math.linear.BigMatrixImplTest.testMath209(BigMatrixImplTest.java:446)
    at sun.reflect.NativeMethodAccessorImpl.invoke0(Native Method)
    at sun.reflect.NativeMethodAccessorImpl.invoke(NativeMethodAccessorImpl.java:62)
    at sun.reflect.DelegatingMethodAccessorImpl.invoke(DelegatingMethodAccessorImpl.java:43)
    at java.lang.reflect.Method.invoke(Method.java:498)

22:02:21.512 [pool-93-thread-1] DEBUG tests.output - Failing tests with false: 
[testMath209(org.apache.commons.math.linear.BigMatrixImplTest): 2]
22:02:21.512 [pool-93-thread-1] DEBUG tests.output - Failing tests with true: 
[testMath209(org.apache.commons.math.linear.BigMatrixImplTest): 2]
22:02:21.512 [pool-93-thread-1] INFO  f.i.l.r.n.synth.SMTNopolSynthesizer - Not enough specifications: 0. A trivial patch is "true" or "false", please write new tests specifying SourceLocation org.apache.commons.math.linear.BigMatrixImpl:994.
22:02:21.512 [pool-2-thread-1] DEBUG fr.inria.lille.repair.nopol.NoPol - statement #71
22:02:21.513 [pool-2-thread-1] DEBUG fr.inria.lille.repair.nopol.NoPol - Analysing SourceLocation org.apache.commons.math.linear.BigMatrixImpl:993 which is executed by 3 tests
-1876496766
22:02:21.684 [pool-2-thread-1] DEBUG fr.inria.lille.repair.nopol.NoPol - statement #72
22:02:21.684 [pool-2-thread-1] DEBUG fr.inria.lille.repair.nopol.NoPol - Analysing SourceLocation org.apache.commons.math.linear.BigMatrixImpl:992 which is executed by 3 tests
-1876496766
22:02:21.849 [pool-2-thread-1] DEBUG fr.inria.lille.repair.nopol.NoPol - looking with class fr.inria.lille.repair.nopol.spoon.smt.ConditionalAdder
java.lang.ArrayIndexOutOfBoundsException: 2
    at org.apache.commons.math.linear.BigMatrixImpl.operate(BigMatrixImpl.java:997)
    at org.apache.commons.math.linear.BigMatrixImplTest.testMath209(BigMatrixImplTest.java:446)
    at sun.reflect.NativeMethodAccessorImpl.invoke0(Native Method)
    at sun.reflect.NativeMethodAccessorImpl.invoke(NativeMethodAccessorImpl.java:62)
    at sun.reflect.DelegatingMethodAccessorImpl.invoke(DelegatingMethodAccessorImpl.java:43)
    at java.lang.reflect.Method.invoke(Method.java:498)
22:02:21.867 [pool-98-thread-1] INFO  xxl.java.junit.TestCasesListener - Tests run finished (12 ms)
<> Total tests run: 28
<> Ignored tests: 0
<> Failed tests: 1
~ testMath209(org.apache.commons.math.linear.BigMatrixImplTest)
[2]
java.lang.ArrayIndexOutOfBoundsException: 2    at org.apache.commons.math.linear.BigMatrixImpl.operate(BigMatrixImpl.java:997)
    at org.apache.commons.math.linear.BigMatrixImplTest.testMath209(BigMatrixImplTest.java:446)
    at sun.reflect.NativeMethodAccessorImpl.invoke0(Native Method)
    at sun.reflect.NativeMethodAccessorImpl.invoke(NativeMethodAccessorImpl.java:62)
    at sun.reflect.DelegatingMethodAccessorImpl.invoke(DelegatingMethodAccessorImpl.java:43)
    at java.lang.reflect.Method.invoke(Method.java:498)

junit.framework.AssertionFailedError: expected:<3> but was:<2>
    at junit.framework.Assert.fail(Assert.java:57)
    at junit.framework.Assert.failNotEquals(Assert.java:329)
    at junit.framework.Assert.assertEquals(Assert.java:78)
    at junit.framework.Assert.assertEquals(Assert.java:234)
    at junit.framework.Assert.assertEquals(Assert.java:241)
    at junit.framework.TestCase.assertEquals(TestCase.java:409)
22:02:22.225 [pool-99-thread-1] INFO  f.i.l.c.t.SpecificationTestCasesListener - Tests run finished (4 ms)
<> Total tests run: 1
<> Ignored tests: 0
<> Failed tests: 1
~ testMath209(org.apache.commons.math.linear.BigMatrixImplTest)
[expected:<3> but was:<2>]
junit.framework.AssertionFailedError: expected:<3> but was:<2>    at junit.framework.Assert.fail(Assert.java:57)
    at junit.framework.Assert.failNotEquals(Assert.java:329)
    at junit.framework.Assert.assertEquals(Assert.java:78)
    at junit.framework.Assert.assertEquals(Assert.java:234)
    at junit.framework.Assert.assertEquals(Assert.java:241)
    at junit.framework.TestCase.assertEquals(TestCase.java:409)

java.lang.ArrayIndexOutOfBoundsException: 2
    at org.apache.commons.math.linear.BigMatrixImpl.operate(BigMatrixImpl.java:566)
    at org.apache.commons.math.linear.BigMatrixImplTest.testMath209(BigMatrixImplTest.java:446)
    at sun.reflect.NativeMethodAccessorImpl.invoke0(Native Method)
    at sun.reflect.NativeMethodAccessorImpl.invoke(NativeMethodAccessorImpl.java:62)
    at sun.reflect.DelegatingMethodAccessorImpl.invoke(DelegatingMethodAccessorImpl.java:43)
    at java.lang.reflect.Method.invoke(Method.java:498)
22:02:22.228 [pool-100-thread-1] INFO  f.i.l.c.t.SpecificationTestCasesListener - Tests run finished (1 ms)
<> Total tests run: 1
<> Ignored tests: 0
<> Failed tests: 1
~ testMath209(org.apache.commons.math.linear.BigMatrixImplTest)
[2]
java.lang.ArrayIndexOutOfBoundsException: 2    at org.apache.commons.math.linear.BigMatrixImpl.operate(BigMatrixImpl.java:566)
    at org.apache.commons.math.linear.BigMatrixImplTest.testMath209(BigMatrixImplTest.java:446)
    at sun.reflect.NativeMethodAccessorImpl.invoke0(Native Method)
    at sun.reflect.NativeMethodAccessorImpl.invoke(NativeMethodAccessorImpl.java:62)
    at sun.reflect.DelegatingMethodAccessorImpl.invoke(DelegatingMethodAccessorImpl.java:43)
    at java.lang.reflect.Method.invoke(Method.java:498)

22:02:22.229 [pool-97-thread-1] DEBUG tests.output - Failing tests with false: 
[testMath209(org.apache.commons.math.linear.BigMatrixImplTest): expected:<3> but was:<2>]
22:02:22.229 [pool-97-thread-1] DEBUG tests.output - Failing tests with true: 
[testMath209(org.apache.commons.math.linear.BigMatrixImplTest): 2]
22:02:22.229 [pool-97-thread-1] INFO  f.i.l.r.n.synth.SMTNopolSynthesizer - Not enough specifications: 0. A trivial patch is "true" or "false", please write new tests specifying SourceLocation org.apache.commons.math.linear.BigMatrixImpl:992.
22:02:22.229 [pool-2-thread-1] DEBUG fr.inria.lille.repair.nopol.NoPol - statement #73
22:02:22.229 [pool-2-thread-1] DEBUG fr.inria.lille.repair.nopol.NoPol - Analysing SourceLocation org.apache.commons.math.linear.BigMatrixImpl:991 which is executed by 3 tests
-1876496766
22:02:22.395 [pool-2-thread-1] DEBUG fr.inria.lille.repair.nopol.NoPol - statement #74
22:02:22.395 [pool-2-thread-1] DEBUG fr.inria.lille.repair.nopol.NoPol - Analysing SourceLocation org.apache.commons.math.linear.BigMatrixImpl:990 which is executed by 3 tests
-1876496766
22:02:22.564 [pool-2-thread-1] DEBUG fr.inria.lille.repair.nopol.NoPol - statement #75
22:02:22.564 [pool-2-thread-1] DEBUG fr.inria.lille.repair.nopol.NoPol - Analysing SourceLocation org.apache.commons.math.linear.BigMatrixImpl:989 which is executed by 3 tests
-1876496766
22:02:22.727 [pool-2-thread-1] DEBUG fr.inria.lille.repair.nopol.NoPol - statement #76
22:02:22.727 [pool-2-thread-1] DEBUG fr.inria.lille.repair.nopol.NoPol - Analysing SourceLocation org.apache.commons.math.linear.BigMatrixImpl:986 which is executed by 3 tests
-1876496766
22:02:22.895 [pool-2-thread-1] DEBUG fr.inria.lille.repair.nopol.NoPol - looking with class fr.inria.lille.repair.nopol.spoon.smt.ConditionalAdder
java.lang.ArrayIndexOutOfBoundsException: 2
    at org.apache.commons.math.linear.BigMatrixImpl.operate(BigMatrixImpl.java:997)
    at org.apache.commons.math.linear.BigMatrixImplTest.testMath209(BigMatrixImplTest.java:446)
    at sun.reflect.NativeMethodAccessorImpl.invoke0(Native Method)
    at sun.reflect.NativeMethodAccessorImpl.invoke(NativeMethodAccessorImpl.java:62)
    at sun.reflect.DelegatingMethodAccessorImpl.invoke(DelegatingMethodAccessorImpl.java:43)
    at java.lang.reflect.Method.invoke(Method.java:498)
22:02:22.915 [pool-102-thread-1] INFO  xxl.java.junit.TestCasesListener - Tests run finished (11 ms)
<> Total tests run: 28
<> Ignored tests: 0
<> Failed tests: 1
~ testMath209(org.apache.commons.math.linear.BigMatrixImplTest)
[2]
java.lang.ArrayIndexOutOfBoundsException: 2    at org.apache.commons.math.linear.BigMatrixImpl.operate(BigMatrixImpl.java:997)
    at org.apache.commons.math.linear.BigMatrixImplTest.testMath209(BigMatrixImplTest.java:446)
    at sun.reflect.NativeMethodAccessorImpl.invoke0(Native Method)
    at sun.reflect.NativeMethodAccessorImpl.invoke(NativeMethodAccessorImpl.java:62)
    at sun.reflect.DelegatingMethodAccessorImpl.invoke(DelegatingMethodAccessorImpl.java:43)
    at java.lang.reflect.Method.invoke(Method.java:498)

java.lang.ArrayIndexOutOfBoundsException: 2
    at org.apache.commons.math.linear.BigMatrixImpl.operate(BigMatrixImpl.java:562)
    at org.apache.commons.math.linear.BigMatrixImplTest.testMath209(BigMatrixImplTest.java:446)
    at sun.reflect.NativeMethodAccessorImpl.invoke0(Native Method)
    at sun.reflect.NativeMethodAccessorImpl.invoke(NativeMethodAccessorImpl.java:62)
    at sun.reflect.DelegatingMethodAccessorImpl.invoke(DelegatingMethodAccessorImpl.java:43)
    at java.lang.reflect.Method.invoke(Method.java:498)
22:02:23.289 [pool-103-thread-1] INFO  f.i.l.c.t.SpecificationTestCasesListener - Tests run finished (4 ms)
<> Total tests run: 1
<> Ignored tests: 0
<> Failed tests: 1
~ testMath209(org.apache.commons.math.linear.BigMatrixImplTest)
[2]
java.lang.ArrayIndexOutOfBoundsException: 2    at org.apache.commons.math.linear.BigMatrixImpl.operate(BigMatrixImpl.java:562)
    at org.apache.commons.math.linear.BigMatrixImplTest.testMath209(BigMatrixImplTest.java:446)
    at sun.reflect.NativeMethodAccessorImpl.invoke0(Native Method)
    at sun.reflect.NativeMethodAccessorImpl.invoke(NativeMethodAccessorImpl.java:62)
    at sun.reflect.DelegatingMethodAccessorImpl.invoke(DelegatingMethodAccessorImpl.java:43)
    at java.lang.reflect.Method.invoke(Method.java:498)

java.lang.ArrayIndexOutOfBoundsException: 2
    at org.apache.commons.math.linear.BigMatrixImpl.operate(BigMatrixImpl.java:562)
    at org.apache.commons.math.linear.BigMatrixImplTest.testMath209(BigMatrixImplTest.java:446)
    at sun.reflect.NativeMethodAccessorImpl.invoke0(Native Method)
    at sun.reflect.NativeMethodAccessorImpl.invoke(NativeMethodAccessorImpl.java:62)
    at sun.reflect.DelegatingMethodAccessorImpl.invoke(DelegatingMethodAccessorImpl.java:43)
    at java.lang.reflect.Method.invoke(Method.java:498)
22:02:23.292 [pool-104-thread-1] INFO  f.i.l.c.t.SpecificationTestCasesListener - Tests run finished (0 ms)
<> Total tests run: 1
<> Ignored tests: 0
<> Failed tests: 1
~ testMath209(org.apache.commons.math.linear.BigMatrixImplTest)
[2]
java.lang.ArrayIndexOutOfBoundsException: 2    at org.apache.commons.math.linear.BigMatrixImpl.operate(BigMatrixImpl.java:562)
    at org.apache.commons.math.linear.BigMatrixImplTest.testMath209(BigMatrixImplTest.java:446)
    at sun.reflect.NativeMethodAccessorImpl.invoke0(Native Method)
    at sun.reflect.NativeMethodAccessorImpl.invoke(NativeMethodAccessorImpl.java:62)
    at sun.reflect.DelegatingMethodAccessorImpl.invoke(DelegatingMethodAccessorImpl.java:43)
    at java.lang.reflect.Method.invoke(Method.java:498)

22:02:23.293 [pool-101-thread-1] DEBUG tests.output - Failing tests with false: 
[testMath209(org.apache.commons.math.linear.BigMatrixImplTest): 2]
22:02:23.293 [pool-101-thread-1] DEBUG tests.output - Failing tests with true: 
[testMath209(org.apache.commons.math.linear.BigMatrixImplTest): 2]
22:02:23.293 [pool-101-thread-1] INFO  f.i.l.r.n.synth.SMTNopolSynthesizer - Not enough specifications: 0. A trivial patch is "true" or "false", please write new tests specifying SourceLocation org.apache.commons.math.linear.BigMatrixImpl:986.
22:02:23.293 [pool-2-thread-1] DEBUG fr.inria.lille.repair.nopol.NoPol - looking with class fr.inria.lille.repair.nopol.spoon.smt.ConditionalReplacer
java.lang.ArrayIndexOutOfBoundsException: 2
    at org.apache.commons.math.linear.BigMatrixImpl.operate(BigMatrixImpl.java:997)
    at org.apache.commons.math.linear.BigMatrixImplTest.testMath209(BigMatrixImplTest.java:446)
    at sun.reflect.NativeMethodAccessorImpl.invoke0(Native Method)
    at sun.reflect.NativeMethodAccessorImpl.invoke(NativeMethodAccessorImpl.java:62)
    at sun.reflect.DelegatingMethodAccessorImpl.invoke(DelegatingMethodAccessorImpl.java:43)
    at java.lang.reflect.Method.invoke(Method.java:498)
22:02:23.311 [pool-106-thread-1] INFO  xxl.java.junit.TestCasesListener - Tests run finished (11 ms)
<> Total tests run: 28
<> Ignored tests: 0
<> Failed tests: 1
~ testMath209(org.apache.commons.math.linear.BigMatrixImplTest)
[2]
java.lang.ArrayIndexOutOfBoundsException: 2    at org.apache.commons.math.linear.BigMatrixImpl.operate(BigMatrixImpl.java:997)
    at org.apache.commons.math.linear.BigMatrixImplTest.testMath209(BigMatrixImplTest.java:446)
    at sun.reflect.NativeMethodAccessorImpl.invoke0(Native Method)
    at sun.reflect.NativeMethodAccessorImpl.invoke(NativeMethodAccessorImpl.java:62)
    at sun.reflect.DelegatingMethodAccessorImpl.invoke(DelegatingMethodAccessorImpl.java:43)
    at java.lang.reflect.Method.invoke(Method.java:498)

java.lang.ArrayIndexOutOfBoundsException: 2
    at org.apache.commons.math.linear.BigMatrixImpl.operate(BigMatrixImpl.java:562)
    at org.apache.commons.math.linear.BigMatrixImplTest.testMath209(BigMatrixImplTest.java:446)
    at sun.reflect.NativeMethodAccessorImpl.invoke0(Native Method)
    at sun.reflect.NativeMethodAccessorImpl.invoke(NativeMethodAccessorImpl.java:62)
    at sun.reflect.DelegatingMethodAccessorImpl.invoke(DelegatingMethodAccessorImpl.java:43)
    at java.lang.reflect.Method.invoke(Method.java:498)
22:02:23.713 [pool-107-thread-1] INFO  f.i.l.c.t.SpecificationTestCasesListener - Tests run finished (4 ms)
<> Total tests run: 1
<> Ignored tests: 0
<> Failed tests: 1
~ testMath209(org.apache.commons.math.linear.BigMatrixImplTest)
[2]
java.lang.ArrayIndexOutOfBoundsException: 2    at org.apache.commons.math.linear.BigMatrixImpl.operate(BigMatrixImpl.java:562)
    at org.apache.commons.math.linear.BigMatrixImplTest.testMath209(BigMatrixImplTest.java:446)
    at sun.reflect.NativeMethodAccessorImpl.invoke0(Native Method)
    at sun.reflect.NativeMethodAccessorImpl.invoke(NativeMethodAccessorImpl.java:62)
    at sun.reflect.DelegatingMethodAccessorImpl.invoke(DelegatingMethodAccessorImpl.java:43)
    at java.lang.reflect.Method.invoke(Method.java:498)

java.lang.IllegalArgumentException: vector has wrong length
    at org.apache.commons.math.linear.BigMatrixImpl.operate(BigMatrixImpl.java:552)
    at org.apache.commons.math.linear.BigMatrixImplTest.testMath209(BigMatrixImplTest.java:446)
    at sun.reflect.NativeMethodAccessorImpl.invoke0(Native Method)
    at sun.reflect.NativeMethodAccessorImpl.invoke(NativeMethodAccessorImpl.java:62)
    at sun.reflect.DelegatingMethodAccessorImpl.invoke(DelegatingMethodAccessorImpl.java:43)
    at java.lang.reflect.Method.invoke(Method.java:498)
22:02:23.716 [pool-108-thread-1] INFO  f.i.l.c.t.SpecificationTestCasesListener - Tests run finished (0 ms)
<> Total tests run: 1
<> Ignored tests: 0
<> Failed tests: 1
~ testMath209(org.apache.commons.math.linear.BigMatrixImplTest)
[vector has wrong length]
java.lang.IllegalArgumentException: vector has wrong length    at org.apache.commons.math.linear.BigMatrixImpl.operate(BigMatrixImpl.java:552)
    at org.apache.commons.math.linear.BigMatrixImplTest.testMath209(BigMatrixImplTest.java:446)
    at sun.reflect.NativeMethodAccessorImpl.invoke0(Native Method)
    at sun.reflect.NativeMethodAccessorImpl.invoke(NativeMethodAccessorImpl.java:62)
    at sun.reflect.DelegatingMethodAccessorImpl.invoke(DelegatingMethodAccessorImpl.java:43)
    at java.lang.reflect.Method.invoke(Method.java:498)

22:02:23.716 [pool-105-thread-1] DEBUG tests.output - Failing tests with false: 
[testMath209(org.apache.commons.math.linear.BigMatrixImplTest): 2]
22:02:23.717 [pool-105-thread-1] DEBUG tests.output - Failing tests with true: 
[testMath209(org.apache.commons.math.linear.BigMatrixImplTest): vector has wrong length]
22:02:23.717 [pool-105-thread-1] INFO  f.i.l.r.n.synth.SMTNopolSynthesizer - Not enough specifications: 0. A trivial patch is "true" or "false", please write new tests specifying SourceLocation org.apache.commons.math.linear.BigMatrixImpl:986.
22:02:23.717 [pool-2-thread-1] DEBUG fr.inria.lille.repair.nopol.NoPol - statement #77
22:02:23.717 [pool-2-thread-1] DEBUG fr.inria.lille.repair.nopol.NoPol - Analysing SourceLocation org.apache.commons.math.linear.RealMatrixImpl:786 which is executed by 3 tests
805681632
22:02:23.873 [pool-2-thread-1] DEBUG fr.inria.lille.repair.nopol.NoPol - looking with class fr.inria.lille.repair.nopol.spoon.smt.ConditionalAdder
java.lang.ArrayIndexOutOfBoundsException: 2
    at org.apache.commons.math.linear.RealMatrixImpl.operate(RealMatrixImpl.java:786)
    at org.apache.commons.math.linear.RealMatrixImplTest.testMath209(RealMatrixImplTest.java:351)
    at sun.reflect.NativeMethodAccessorImpl.invoke0(Native Method)
    at sun.reflect.NativeMethodAccessorImpl.invoke(NativeMethodAccessorImpl.java:62)
    at sun.reflect.DelegatingMethodAccessorImpl.invoke(DelegatingMethodAccessorImpl.java:43)
    at java.lang.reflect.Method.invoke(Method.java:498)
22:02:23.887 [pool-110-thread-1] INFO  xxl.java.junit.TestCasesListener - Tests run finished (8 ms)
<> Total tests run: 29
<> Ignored tests: 0
<> Failed tests: 1
~ testMath209(org.apache.commons.math.linear.RealMatrixImplTest)
[2]
java.lang.ArrayIndexOutOfBoundsException: 2    at org.apache.commons.math.linear.RealMatrixImpl.operate(RealMatrixImpl.java:786)
    at org.apache.commons.math.linear.RealMatrixImplTest.testMath209(RealMatrixImplTest.java:351)
    at sun.reflect.NativeMethodAccessorImpl.invoke0(Native Method)
    at sun.reflect.NativeMethodAccessorImpl.invoke(NativeMethodAccessorImpl.java:62)
    at sun.reflect.DelegatingMethodAccessorImpl.invoke(DelegatingMethodAccessorImpl.java:43)
    at java.lang.reflect.Method.invoke(Method.java:498)

junit.framework.AssertionFailedError: expected:<3> but was:<2>
    at junit.framework.Assert.fail(Assert.java:57)
    at junit.framework.Assert.failNotEquals(Assert.java:329)
    at junit.framework.Assert.assertEquals(Assert.java:78)
    at junit.framework.Assert.assertEquals(Assert.java:234)
    at junit.framework.Assert.assertEquals(Assert.java:241)
    at junit.framework.TestCase.assertEquals(TestCase.java:409)
22:02:24.163 [pool-111-thread-1] INFO  f.i.l.c.t.SpecificationTestCasesListener - Tests run finished (3 ms)
<> Total tests run: 1
<> Ignored tests: 0
<> Failed tests: 1
~ testMath209(org.apache.commons.math.linear.RealMatrixImplTest)
[expected:<3> but was:<2>]
junit.framework.AssertionFailedError: expected:<3> but was:<2>    at junit.framework.Assert.fail(Assert.java:57)
    at junit.framework.Assert.failNotEquals(Assert.java:329)
    at junit.framework.Assert.assertEquals(Assert.java:78)
    at junit.framework.Assert.assertEquals(Assert.java:234)
    at junit.framework.Assert.assertEquals(Assert.java:241)
    at junit.framework.TestCase.assertEquals(TestCase.java:409)

java.lang.ArrayIndexOutOfBoundsException: 2
    at org.apache.commons.math.linear.RealMatrixImpl.operate(RealMatrixImpl.java:465)
    at org.apache.commons.math.linear.RealMatrixImplTest.testMath209(RealMatrixImplTest.java:351)
    at sun.reflect.NativeMethodAccessorImpl.invoke0(Native Method)
    at sun.reflect.NativeMethodAccessorImpl.invoke(NativeMethodAccessorImpl.java:62)
    at sun.reflect.DelegatingMethodAccessorImpl.invoke(DelegatingMethodAccessorImpl.java:43)
    at java.lang.reflect.Method.invoke(Method.java:498)
22:02:24.167 [pool-112-thread-1] INFO  f.i.l.c.t.SpecificationTestCasesListener - Tests run finished (0 ms)
<> Total tests run: 1
<> Ignored tests: 0
<> Failed tests: 1
~ testMath209(org.apache.commons.math.linear.RealMatrixImplTest)
[2]
java.lang.ArrayIndexOutOfBoundsException: 2    at org.apache.commons.math.linear.RealMatrixImpl.operate(RealMatrixImpl.java:465)
    at org.apache.commons.math.linear.RealMatrixImplTest.testMath209(RealMatrixImplTest.java:351)
    at sun.reflect.NativeMethodAccessorImpl.invoke0(Native Method)
    at sun.reflect.NativeMethodAccessorImpl.invoke(NativeMethodAccessorImpl.java:62)
    at sun.reflect.DelegatingMethodAccessorImpl.invoke(DelegatingMethodAccessorImpl.java:43)
    at java.lang.reflect.Method.invoke(Method.java:498)

22:02:24.168 [pool-109-thread-1] DEBUG tests.output - Failing tests with false: 
[testMath209(org.apache.commons.math.linear.RealMatrixImplTest): expected:<3> but was:<2>]
22:02:24.168 [pool-109-thread-1] DEBUG tests.output - Failing tests with true: 
[testMath209(org.apache.commons.math.linear.RealMatrixImplTest): 2]
22:02:24.168 [pool-109-thread-1] INFO  f.i.l.r.n.synth.SMTNopolSynthesizer - Not enough specifications: 0. A trivial patch is "true" or "false", please write new tests specifying SourceLocation org.apache.commons.math.linear.RealMatrixImpl:786.
22:02:24.168 [pool-2-thread-1] DEBUG fr.inria.lille.repair.nopol.NoPol - statement #78
22:02:24.168 [pool-2-thread-1] DEBUG fr.inria.lille.repair.nopol.NoPol - Analysing SourceLocation org.apache.commons.math.linear.RealMatrixImpl:784 which is executed by 3 tests
805681632
22:02:24.319 [pool-2-thread-1] DEBUG fr.inria.lille.repair.nopol.NoPol - looking with class fr.inria.lille.repair.nopol.spoon.smt.ConditionalAdder
java.lang.ArrayIndexOutOfBoundsException: 2
    at org.apache.commons.math.linear.RealMatrixImpl.operate(RealMatrixImpl.java:786)
    at org.apache.commons.math.linear.RealMatrixImplTest.testMath209(RealMatrixImplTest.java:351)
    at sun.reflect.NativeMethodAccessorImpl.invoke0(Native Method)
    at sun.reflect.NativeMethodAccessorImpl.invoke(NativeMethodAccessorImpl.java:62)
    at sun.reflect.DelegatingMethodAccessorImpl.invoke(DelegatingMethodAccessorImpl.java:43)
    at java.lang.reflect.Method.invoke(Method.java:498)
22:02:24.334 [pool-114-thread-1] INFO  xxl.java.junit.TestCasesListener - Tests run finished (8 ms)
<> Total tests run: 29
<> Ignored tests: 0
<> Failed tests: 1
~ testMath209(org.apache.commons.math.linear.RealMatrixImplTest)
[2]
java.lang.ArrayIndexOutOfBoundsException: 2    at org.apache.commons.math.linear.RealMatrixImpl.operate(RealMatrixImpl.java:786)
    at org.apache.commons.math.linear.RealMatrixImplTest.testMath209(RealMatrixImplTest.java:351)
    at sun.reflect.NativeMethodAccessorImpl.invoke0(Native Method)
    at sun.reflect.NativeMethodAccessorImpl.invoke(NativeMethodAccessorImpl.java:62)
    at sun.reflect.DelegatingMethodAccessorImpl.invoke(DelegatingMethodAccessorImpl.java:43)
    at java.lang.reflect.Method.invoke(Method.java:498)

java.lang.ArrayIndexOutOfBoundsException: 2
    at org.apache.commons.math.linear.RealMatrixImpl.operate(RealMatrixImpl.java:466)
    at org.apache.commons.math.linear.RealMatrixImplTest.testMath209(RealMatrixImplTest.java:351)
    at sun.reflect.NativeMethodAccessorImpl.invoke0(Native Method)
    at sun.reflect.NativeMethodAccessorImpl.invoke(NativeMethodAccessorImpl.java:62)
    at sun.reflect.DelegatingMethodAccessorImpl.invoke(DelegatingMethodAccessorImpl.java:43)
    at java.lang.reflect.Method.invoke(Method.java:498)
22:02:24.607 [pool-115-thread-1] INFO  f.i.l.c.t.SpecificationTestCasesListener - Tests run finished (3 ms)
<> Total tests run: 1
<> Ignored tests: 0
<> Failed tests: 1
~ testMath209(org.apache.commons.math.linear.RealMatrixImplTest)
[2]
java.lang.ArrayIndexOutOfBoundsException: 2    at org.apache.commons.math.linear.RealMatrixImpl.operate(RealMatrixImpl.java:466)
    at org.apache.commons.math.linear.RealMatrixImplTest.testMath209(RealMatrixImplTest.java:351)
    at sun.reflect.NativeMethodAccessorImpl.invoke0(Native Method)
    at sun.reflect.NativeMethodAccessorImpl.invoke(NativeMethodAccessorImpl.java:62)
    at sun.reflect.DelegatingMethodAccessorImpl.invoke(DelegatingMethodAccessorImpl.java:43)
    at java.lang.reflect.Method.invoke(Method.java:498)

java.lang.ArrayIndexOutOfBoundsException: 2
    at org.apache.commons.math.linear.RealMatrixImpl.operate(RealMatrixImpl.java:466)
    at org.apache.commons.math.linear.RealMatrixImplTest.testMath209(RealMatrixImplTest.java:351)
    at sun.reflect.NativeMethodAccessorImpl.invoke0(Native Method)
    at sun.reflect.NativeMethodAccessorImpl.invoke(NativeMethodAccessorImpl.java:62)
    at sun.reflect.DelegatingMethodAccessorImpl.invoke(DelegatingMethodAccessorImpl.java:43)
    at java.lang.reflect.Method.invoke(Method.java:498)
22:02:24.610 [pool-116-thread-1] INFO  f.i.l.c.t.SpecificationTestCasesListener - Tests run finished (1 ms)
<> Total tests run: 1
<> Ignored tests: 0
<> Failed tests: 1
~ testMath209(org.apache.commons.math.linear.RealMatrixImplTest)
[2]
java.lang.ArrayIndexOutOfBoundsException: 2    at org.apache.commons.math.linear.RealMatrixImpl.operate(RealMatrixImpl.java:466)
    at org.apache.commons.math.linear.RealMatrixImplTest.testMath209(RealMatrixImplTest.java:351)
    at sun.reflect.NativeMethodAccessorImpl.invoke0(Native Method)
    at sun.reflect.NativeMethodAccessorImpl.invoke(NativeMethodAccessorImpl.java:62)
    at sun.reflect.DelegatingMethodAccessorImpl.invoke(DelegatingMethodAccessorImpl.java:43)
    at java.lang.reflect.Method.invoke(Method.java:498)

22:02:24.611 [pool-113-thread-1] DEBUG tests.output - Failing tests with false: 
[testMath209(org.apache.commons.math.linear.RealMatrixImplTest): 2]
22:02:24.611 [pool-113-thread-1] DEBUG tests.output - Failing tests with true: 
[testMath209(org.apache.commons.math.linear.RealMatrixImplTest): 2]
22:02:24.611 [pool-113-thread-1] INFO  f.i.l.r.n.synth.SMTNopolSynthesizer - Not enough specifications: 0. A trivial patch is "true" or "false", please write new tests specifying SourceLocation org.apache.commons.math.linear.RealMatrixImpl:784.
22:02:24.611 [pool-2-thread-1] DEBUG fr.inria.lille.repair.nopol.NoPol - statement #79
22:02:24.612 [pool-2-thread-1] DEBUG fr.inria.lille.repair.nopol.NoPol - Analysing SourceLocation org.apache.commons.math.linear.RealMatrixImpl:783 which is executed by 3 tests
805681632
22:02:24.767 [pool-2-thread-1] DEBUG fr.inria.lille.repair.nopol.NoPol - looking with class fr.inria.lille.repair.nopol.spoon.smt.ConditionalAdder
java.lang.ArrayIndexOutOfBoundsException: 2
    at org.apache.commons.math.linear.RealMatrixImpl.operate(RealMatrixImpl.java:786)
    at org.apache.commons.math.linear.RealMatrixImplTest.testMath209(RealMatrixImplTest.java:351)
    at sun.reflect.NativeMethodAccessorImpl.invoke0(Native Method)
    at sun.reflect.NativeMethodAccessorImpl.invoke(NativeMethodAccessorImpl.java:62)
    at sun.reflect.DelegatingMethodAccessorImpl.invoke(DelegatingMethodAccessorImpl.java:43)
    at java.lang.reflect.Method.invoke(Method.java:498)
22:02:24.783 [pool-118-thread-1] INFO  xxl.java.junit.TestCasesListener - Tests run finished (9 ms)
<> Total tests run: 29
<> Ignored tests: 0
<> Failed tests: 1
~ testMath209(org.apache.commons.math.linear.RealMatrixImplTest)
[2]
java.lang.ArrayIndexOutOfBoundsException: 2    at org.apache.commons.math.linear.RealMatrixImpl.operate(RealMatrixImpl.java:786)
    at org.apache.commons.math.linear.RealMatrixImplTest.testMath209(RealMatrixImplTest.java:351)
    at sun.reflect.NativeMethodAccessorImpl.invoke0(Native Method)
    at sun.reflect.NativeMethodAccessorImpl.invoke(NativeMethodAccessorImpl.java:62)
    at sun.reflect.DelegatingMethodAccessorImpl.invoke(DelegatingMethodAccessorImpl.java:43)
    at java.lang.reflect.Method.invoke(Method.java:498)

java.lang.ArrayIndexOutOfBoundsException: 2
    at org.apache.commons.math.linear.RealMatrixImpl.operate(RealMatrixImpl.java:466)
    at org.apache.commons.math.linear.RealMatrixImplTest.testMath209(RealMatrixImplTest.java:351)
    at sun.reflect.NativeMethodAccessorImpl.invoke0(Native Method)
    at sun.reflect.NativeMethodAccessorImpl.invoke(NativeMethodAccessorImpl.java:62)
    at sun.reflect.DelegatingMethodAccessorImpl.invoke(DelegatingMethodAccessorImpl.java:43)
    at java.lang.reflect.Method.invoke(Method.java:498)
22:02:25.052 [pool-119-thread-1] INFO  f.i.l.c.t.SpecificationTestCasesListener - Tests run finished (3 ms)
<> Total tests run: 1
<> Ignored tests: 0
<> Failed tests: 1
~ testMath209(org.apache.commons.math.linear.RealMatrixImplTest)
[2]
java.lang.ArrayIndexOutOfBoundsException: 2    at org.apache.commons.math.linear.RealMatrixImpl.operate(RealMatrixImpl.java:466)
    at org.apache.commons.math.linear.RealMatrixImplTest.testMath209(RealMatrixImplTest.java:351)
    at sun.reflect.NativeMethodAccessorImpl.invoke0(Native Method)
    at sun.reflect.NativeMethodAccessorImpl.invoke(NativeMethodAccessorImpl.java:62)
    at sun.reflect.DelegatingMethodAccessorImpl.invoke(DelegatingMethodAccessorImpl.java:43)
    at java.lang.reflect.Method.invoke(Method.java:498)

java.lang.ArrayIndexOutOfBoundsException: 2
    at org.apache.commons.math.linear.RealMatrixImpl.operate(RealMatrixImpl.java:466)
    at org.apache.commons.math.linear.RealMatrixImplTest.testMath209(RealMatrixImplTest.java:351)
    at sun.reflect.NativeMethodAccessorImpl.invoke0(Native Method)
    at sun.reflect.NativeMethodAccessorImpl.invoke(NativeMethodAccessorImpl.java:62)
    at sun.reflect.DelegatingMethodAccessorImpl.invoke(DelegatingMethodAccessorImpl.java:43)
    at java.lang.reflect.Method.invoke(Method.java:498)
22:02:25.056 [pool-120-thread-1] INFO  f.i.l.c.t.SpecificationTestCasesListener - Tests run finished (1 ms)
<> Total tests run: 1
<> Ignored tests: 0
<> Failed tests: 1
~ testMath209(org.apache.commons.math.linear.RealMatrixImplTest)
[2]
java.lang.ArrayIndexOutOfBoundsException: 2    at org.apache.commons.math.linear.RealMatrixImpl.operate(RealMatrixImpl.java:466)
    at org.apache.commons.math.linear.RealMatrixImplTest.testMath209(RealMatrixImplTest.java:351)
    at sun.reflect.NativeMethodAccessorImpl.invoke0(Native Method)
    at sun.reflect.NativeMethodAccessorImpl.invoke(NativeMethodAccessorImpl.java:62)
    at sun.reflect.DelegatingMethodAccessorImpl.invoke(DelegatingMethodAccessorImpl.java:43)
    at java.lang.reflect.Method.invoke(Method.java:498)

22:02:25.064 [pool-117-thread-1] DEBUG tests.output - Failing tests with false: 
[testMath209(org.apache.commons.math.linear.RealMatrixImplTest): 2]
22:02:25.064 [pool-117-thread-1] DEBUG tests.output - Failing tests with true: 
[testMath209(org.apache.commons.math.linear.RealMatrixImplTest): 2]
22:02:25.064 [pool-117-thread-1] INFO  f.i.l.r.n.synth.SMTNopolSynthesizer - Not enough specifications: 0. A trivial patch is "true" or "false", please write new tests specifying SourceLocation org.apache.commons.math.linear.RealMatrixImpl:783.
22:02:25.065 [pool-2-thread-1] DEBUG fr.inria.lille.repair.nopol.NoPol - statement #80
22:02:25.065 [pool-2-thread-1] DEBUG fr.inria.lille.repair.nopol.NoPol - Analysing SourceLocation org.apache.commons.math.linear.RealMatrixImpl:782 which is executed by 3 tests
805681632
22:02:25.216 [pool-2-thread-1] DEBUG fr.inria.lille.repair.nopol.NoPol - statement #81
22:02:25.216 [pool-2-thread-1] DEBUG fr.inria.lille.repair.nopol.NoPol - Analysing SourceLocation org.apache.commons.math.linear.RealMatrixImpl:781 which is executed by 3 tests
805681632
22:02:25.365 [pool-2-thread-1] DEBUG fr.inria.lille.repair.nopol.NoPol - statement #82
22:02:25.365 [pool-2-thread-1] DEBUG fr.inria.lille.repair.nopol.NoPol - Analysing SourceLocation org.apache.commons.math.linear.RealMatrixImpl:780 which is executed by 3 tests
805681632
22:02:25.513 [pool-2-thread-1] DEBUG fr.inria.lille.repair.nopol.NoPol - looking with class fr.inria.lille.repair.nopol.spoon.smt.ConditionalAdder
java.lang.ArrayIndexOutOfBoundsException: 2
    at org.apache.commons.math.linear.RealMatrixImpl.operate(RealMatrixImpl.java:786)
    at org.apache.commons.math.linear.RealMatrixImplTest.testMath209(RealMatrixImplTest.java:351)
    at sun.reflect.NativeMethodAccessorImpl.invoke0(Native Method)
    at sun.reflect.NativeMethodAccessorImpl.invoke(NativeMethodAccessorImpl.java:62)
    at sun.reflect.DelegatingMethodAccessorImpl.invoke(DelegatingMethodAccessorImpl.java:43)
    at java.lang.reflect.Method.invoke(Method.java:498)
22:02:25.527 [pool-122-thread-1] INFO  xxl.java.junit.TestCasesListener - Tests run finished (8 ms)
<> Total tests run: 29
<> Ignored tests: 0
<> Failed tests: 1
~ testMath209(org.apache.commons.math.linear.RealMatrixImplTest)
[2]
java.lang.ArrayIndexOutOfBoundsException: 2    at org.apache.commons.math.linear.RealMatrixImpl.operate(RealMatrixImpl.java:786)
    at org.apache.commons.math.linear.RealMatrixImplTest.testMath209(RealMatrixImplTest.java:351)
    at sun.reflect.NativeMethodAccessorImpl.invoke0(Native Method)
    at sun.reflect.NativeMethodAccessorImpl.invoke(NativeMethodAccessorImpl.java:62)
    at sun.reflect.DelegatingMethodAccessorImpl.invoke(DelegatingMethodAccessorImpl.java:43)
    at java.lang.reflect.Method.invoke(Method.java:498)

junit.framework.AssertionFailedError: expected:<3> but was:<2>
    at junit.framework.Assert.fail(Assert.java:57)
    at junit.framework.Assert.failNotEquals(Assert.java:329)
    at junit.framework.Assert.assertEquals(Assert.java:78)
    at junit.framework.Assert.assertEquals(Assert.java:234)
    at junit.framework.Assert.assertEquals(Assert.java:241)
    at junit.framework.TestCase.assertEquals(TestCase.java:409)
22:02:25.783 [pool-123-thread-1] INFO  f.i.l.c.t.SpecificationTestCasesListener - Tests run finished (3 ms)
<> Total tests run: 1
<> Ignored tests: 0
<> Failed tests: 1
~ testMath209(org.apache.commons.math.linear.RealMatrixImplTest)
[expected:<3> but was:<2>]
junit.framework.AssertionFailedError: expected:<3> but was:<2>    at junit.framework.Assert.fail(Assert.java:57)
    at junit.framework.Assert.failNotEquals(Assert.java:329)
    at junit.framework.Assert.assertEquals(Assert.java:78)
    at junit.framework.Assert.assertEquals(Assert.java:234)
    at junit.framework.Assert.assertEquals(Assert.java:241)
    at junit.framework.TestCase.assertEquals(TestCase.java:409)

java.lang.ArrayIndexOutOfBoundsException: 2
    at org.apache.commons.math.linear.RealMatrixImpl.operate(RealMatrixImpl.java:463)
    at org.apache.commons.math.linear.RealMatrixImplTest.testMath209(RealMatrixImplTest.java:351)
    at sun.reflect.NativeMethodAccessorImpl.invoke0(Native Method)
    at sun.reflect.NativeMethodAccessorImpl.invoke(NativeMethodAccessorImpl.java:62)
    at sun.reflect.DelegatingMethodAccessorImpl.invoke(DelegatingMethodAccessorImpl.java:43)
    at java.lang.reflect.Method.invoke(Method.java:498)
22:02:25.786 [pool-124-thread-1] INFO  f.i.l.c.t.SpecificationTestCasesListener - Tests run finished (1 ms)
<> Total tests run: 1
<> Ignored tests: 0
<> Failed tests: 1
~ testMath209(org.apache.commons.math.linear.RealMatrixImplTest)
[2]
java.lang.ArrayIndexOutOfBoundsException: 2    at org.apache.commons.math.linear.RealMatrixImpl.operate(RealMatrixImpl.java:463)
    at org.apache.commons.math.linear.RealMatrixImplTest.testMath209(RealMatrixImplTest.java:351)
    at sun.reflect.NativeMethodAccessorImpl.invoke0(Native Method)
    at sun.reflect.NativeMethodAccessorImpl.invoke(NativeMethodAccessorImpl.java:62)
    at sun.reflect.DelegatingMethodAccessorImpl.invoke(DelegatingMethodAccessorImpl.java:43)
    at java.lang.reflect.Method.invoke(Method.java:498)

22:02:25.787 [pool-121-thread-1] DEBUG tests.output - Failing tests with false: 
[testMath209(org.apache.commons.math.linear.RealMatrixImplTest): expected:<3> but was:<2>]
22:02:25.787 [pool-121-thread-1] DEBUG tests.output - Failing tests with true: 
[testMath209(org.apache.commons.math.linear.RealMatrixImplTest): 2]
22:02:25.787 [pool-121-thread-1] INFO  f.i.l.r.n.synth.SMTNopolSynthesizer - Not enough specifications: 0. A trivial patch is "true" or "false", please write new tests specifying SourceLocation org.apache.commons.math.linear.RealMatrixImpl:780.
22:02:25.787 [pool-2-thread-1] DEBUG fr.inria.lille.repair.nopol.NoPol - statement #83
22:02:25.788 [pool-2-thread-1] DEBUG fr.inria.lille.repair.nopol.NoPol - Analysing SourceLocation org.apache.commons.math.linear.RealMatrixImpl:779 which is executed by 3 tests
805681632
22:02:25.937 [pool-2-thread-1] DEBUG fr.inria.lille.repair.nopol.NoPol - statement #84
22:02:25.938 [pool-2-thread-1] DEBUG fr.inria.lille.repair.nopol.NoPol - Analysing SourceLocation org.apache.commons.math.linear.RealMatrixImpl:776 which is executed by 3 tests
805681632
22:02:26.091 [pool-2-thread-1] DEBUG fr.inria.lille.repair.nopol.NoPol - looking with class fr.inria.lille.repair.nopol.spoon.smt.ConditionalAdder
java.lang.ArrayIndexOutOfBoundsException: 2
    at org.apache.commons.math.linear.RealMatrixImpl.operate(RealMatrixImpl.java:786)
    at org.apache.commons.math.linear.RealMatrixImplTest.testMath209(RealMatrixImplTest.java:351)
    at sun.reflect.NativeMethodAccessorImpl.invoke0(Native Method)
    at sun.reflect.NativeMethodAccessorImpl.invoke(NativeMethodAccessorImpl.java:62)
    at sun.reflect.DelegatingMethodAccessorImpl.invoke(DelegatingMethodAccessorImpl.java:43)
    at java.lang.reflect.Method.invoke(Method.java:498)
22:02:26.109 [pool-126-thread-1] INFO  xxl.java.junit.TestCasesListener - Tests run finished (11 ms)
<> Total tests run: 29
<> Ignored tests: 0
<> Failed tests: 1
~ testMath209(org.apache.commons.math.linear.RealMatrixImplTest)
[2]
java.lang.ArrayIndexOutOfBoundsException: 2    at org.apache.commons.math.linear.RealMatrixImpl.operate(RealMatrixImpl.java:786)
    at org.apache.commons.math.linear.RealMatrixImplTest.testMath209(RealMatrixImplTest.java:351)
    at sun.reflect.NativeMethodAccessorImpl.invoke0(Native Method)
    at sun.reflect.NativeMethodAccessorImpl.invoke(NativeMethodAccessorImpl.java:62)
    at sun.reflect.DelegatingMethodAccessorImpl.invoke(DelegatingMethodAccessorImpl.java:43)
    at java.lang.reflect.Method.invoke(Method.java:498)

java.lang.ArrayIndexOutOfBoundsException: 2
    at org.apache.commons.math.linear.RealMatrixImpl.operate(RealMatrixImpl.java:462)
    at org.apache.commons.math.linear.RealMatrixImplTest.testMath209(RealMatrixImplTest.java:351)
    at sun.reflect.NativeMethodAccessorImpl.invoke0(Native Method)
    at sun.reflect.NativeMethodAccessorImpl.invoke(NativeMethodAccessorImpl.java:62)
    at sun.reflect.DelegatingMethodAccessorImpl.invoke(DelegatingMethodAccessorImpl.java:43)
    at java.lang.reflect.Method.invoke(Method.java:498)
22:02:26.373 [pool-127-thread-1] INFO  f.i.l.c.t.SpecificationTestCasesListener - Tests run finished (3 ms)
<> Total tests run: 1
<> Ignored tests: 0
<> Failed tests: 1
~ testMath209(org.apache.commons.math.linear.RealMatrixImplTest)
[2]
java.lang.ArrayIndexOutOfBoundsException: 2    at org.apache.commons.math.linear.RealMatrixImpl.operate(RealMatrixImpl.java:462)
    at org.apache.commons.math.linear.RealMatrixImplTest.testMath209(RealMatrixImplTest.java:351)
    at sun.reflect.NativeMethodAccessorImpl.invoke0(Native Method)
    at sun.reflect.NativeMethodAccessorImpl.invoke(NativeMethodAccessorImpl.java:62)
    at sun.reflect.DelegatingMethodAccessorImpl.invoke(DelegatingMethodAccessorImpl.java:43)
    at java.lang.reflect.Method.invoke(Method.java:498)

java.lang.ArrayIndexOutOfBoundsException: 2
    at org.apache.commons.math.linear.RealMatrixImpl.operate(RealMatrixImpl.java:462)
    at org.apache.commons.math.linear.RealMatrixImplTest.testMath209(RealMatrixImplTest.java:351)
    at sun.reflect.NativeMethodAccessorImpl.invoke0(Native Method)
    at sun.reflect.NativeMethodAccessorImpl.invoke(NativeMethodAccessorImpl.java:62)
    at sun.reflect.DelegatingMethodAccessorImpl.invoke(DelegatingMethodAccessorImpl.java:43)
    at java.lang.reflect.Method.invoke(Method.java:498)
22:02:26.376 [pool-128-thread-1] INFO  f.i.l.c.t.SpecificationTestCasesListener - Tests run finished (1 ms)
<> Total tests run: 1
<> Ignored tests: 0
<> Failed tests: 1
~ testMath209(org.apache.commons.math.linear.RealMatrixImplTest)
[2]
java.lang.ArrayIndexOutOfBoundsException: 2    at org.apache.commons.math.linear.RealMatrixImpl.operate(RealMatrixImpl.java:462)
    at org.apache.commons.math.linear.RealMatrixImplTest.testMath209(RealMatrixImplTest.java:351)
    at sun.reflect.NativeMethodAccessorImpl.invoke0(Native Method)
    at sun.reflect.NativeMethodAccessorImpl.invoke(NativeMethodAccessorImpl.java:62)
    at sun.reflect.DelegatingMethodAccessorImpl.invoke(DelegatingMethodAccessorImpl.java:43)
    at java.lang.reflect.Method.invoke(Method.java:498)

22:02:26.377 [pool-125-thread-1] DEBUG tests.output - Failing tests with false: 
[testMath209(org.apache.commons.math.linear.RealMatrixImplTest): 2]
22:02:26.377 [pool-125-thread-1] DEBUG tests.output - Failing tests with true: 
[testMath209(org.apache.commons.math.linear.RealMatrixImplTest): 2]
22:02:26.377 [pool-125-thread-1] INFO  f.i.l.r.n.synth.SMTNopolSynthesizer - Not enough specifications: 0. A trivial patch is "true" or "false", please write new tests specifying SourceLocation org.apache.commons.math.linear.RealMatrixImpl:776.
22:02:26.378 [pool-2-thread-1] DEBUG fr.inria.lille.repair.nopol.NoPol - looking with class fr.inria.lille.repair.nopol.spoon.smt.ConditionalReplacer
java.lang.ArrayIndexOutOfBoundsException: 2
    at org.apache.commons.math.linear.RealMatrixImpl.operate(RealMatrixImpl.java:786)
    at org.apache.commons.math.linear.RealMatrixImplTest.testMath209(RealMatrixImplTest.java:351)
    at sun.reflect.NativeMethodAccessorImpl.invoke0(Native Method)
    at sun.reflect.NativeMethodAccessorImpl.invoke(NativeMethodAccessorImpl.java:62)
    at sun.reflect.DelegatingMethodAccessorImpl.invoke(DelegatingMethodAccessorImpl.java:43)
    at java.lang.reflect.Method.invoke(Method.java:498)
22:02:26.392 [pool-130-thread-1] INFO  xxl.java.junit.TestCasesListener - Tests run finished (7 ms)
<> Total tests run: 29
<> Ignored tests: 0
<> Failed tests: 1
~ testMath209(org.apache.commons.math.linear.RealMatrixImplTest)
[2]
java.lang.ArrayIndexOutOfBoundsException: 2    at org.apache.commons.math.linear.RealMatrixImpl.operate(RealMatrixImpl.java:786)
    at org.apache.commons.math.linear.RealMatrixImplTest.testMath209(RealMatrixImplTest.java:351)
    at sun.reflect.NativeMethodAccessorImpl.invoke0(Native Method)
    at sun.reflect.NativeMethodAccessorImpl.invoke(NativeMethodAccessorImpl.java:62)
    at sun.reflect.DelegatingMethodAccessorImpl.invoke(DelegatingMethodAccessorImpl.java:43)
    at java.lang.reflect.Method.invoke(Method.java:498)

java.lang.ArrayIndexOutOfBoundsException: 2
    at org.apache.commons.math.linear.RealMatrixImpl.operate(RealMatrixImpl.java:462)
    at org.apache.commons.math.linear.RealMatrixImplTest.testMath209(RealMatrixImplTest.java:351)
    at sun.reflect.NativeMethodAccessorImpl.invoke0(Native Method)
    at sun.reflect.NativeMethodAccessorImpl.invoke(NativeMethodAccessorImpl.java:62)
    at sun.reflect.DelegatingMethodAccessorImpl.invoke(DelegatingMethodAccessorImpl.java:43)
    at java.lang.reflect.Method.invoke(Method.java:498)
22:02:26.668 [pool-131-thread-1] INFO  f.i.l.c.t.SpecificationTestCasesListener - Tests run finished (3 ms)
<> Total tests run: 1
<> Ignored tests: 0
<> Failed tests: 1
~ testMath209(org.apache.commons.math.linear.RealMatrixImplTest)
[2]
java.lang.ArrayIndexOutOfBoundsException: 2    at org.apache.commons.math.linear.RealMatrixImpl.operate(RealMatrixImpl.java:462)
    at org.apache.commons.math.linear.RealMatrixImplTest.testMath209(RealMatrixImplTest.java:351)
    at sun.reflect.NativeMethodAccessorImpl.invoke0(Native Method)
    at sun.reflect.NativeMethodAccessorImpl.invoke(NativeMethodAccessorImpl.java:62)
    at sun.reflect.DelegatingMethodAccessorImpl.invoke(DelegatingMethodAccessorImpl.java:43)
    at java.lang.reflect.Method.invoke(Method.java:498)

java.lang.IllegalArgumentException: vector has wrong length
    at org.apache.commons.math.linear.RealMatrixImpl.operate(RealMatrixImpl.java:453)
    at org.apache.commons.math.linear.RealMatrixImplTest.testMath209(RealMatrixImplTest.java:351)
    at sun.reflect.NativeMethodAccessorImpl.invoke0(Native Method)
    at sun.reflect.NativeMethodAccessorImpl.invoke(NativeMethodAccessorImpl.java:62)
    at sun.reflect.DelegatingMethodAccessorImpl.invoke(DelegatingMethodAccessorImpl.java:43)
    at java.lang.reflect.Method.invoke(Method.java:498)
22:02:26.671 [pool-132-thread-1] INFO  f.i.l.c.t.SpecificationTestCasesListener - Tests run finished (1 ms)
<> Total tests run: 1
<> Ignored tests: 0
<> Failed tests: 1
~ testMath209(org.apache.commons.math.linear.RealMatrixImplTest)
[vector has wrong length]
java.lang.IllegalArgumentException: vector has wrong length    at org.apache.commons.math.linear.RealMatrixImpl.operate(RealMatrixImpl.java:453)
    at org.apache.commons.math.linear.RealMatrixImplTest.testMath209(RealMatrixImplTest.java:351)
    at sun.reflect.NativeMethodAccessorImpl.invoke0(Native Method)
    at sun.reflect.NativeMethodAccessorImpl.invoke(NativeMethodAccessorImpl.java:62)
    at sun.reflect.DelegatingMethodAccessorImpl.invoke(DelegatingMethodAccessorImpl.java:43)
    at java.lang.reflect.Method.invoke(Method.java:498)

22:02:26.672 [pool-129-thread-1] DEBUG tests.output - Failing tests with false: 
[testMath209(org.apache.commons.math.linear.RealMatrixImplTest): 2]
22:02:26.672 [pool-129-thread-1] DEBUG tests.output - Failing tests with true: 
[testMath209(org.apache.commons.math.linear.RealMatrixImplTest): vector has wrong length]
22:02:26.672 [pool-129-thread-1] INFO  f.i.l.r.n.synth.SMTNopolSynthesizer - Not enough specifications: 0. A trivial patch is "true" or "false", please write new tests specifying SourceLocation org.apache.commons.math.linear.RealMatrixImpl:776.
22:02:26.672 [pool-2-thread-1] DEBUG fr.inria.lille.repair.nopol.NoPol - statement #85
22:02:26.672 [pool-2-thread-1] DEBUG fr.inria.lille.repair.nopol.NoPol - Analysing SourceLocation org.apache.commons.math.linear.RealMatrixImpl:775 which is executed by 3 tests
805681632
22:02:26.853 [pool-2-thread-1] DEBUG fr.inria.lille.repair.nopol.NoPol - statement #86
22:02:26.854 [pool-2-thread-1] DEBUG fr.inria.lille.repair.nopol.NoPol - Analysing SourceLocation org.apache.commons.math.linear.RealMatrixImpl:774 which is executed by 3 tests
805681632
22:02:27.039 [pool-2-thread-1] DEBUG fr.inria.lille.repair.nopol.NoPol - statement #87
22:02:27.039 [pool-2-thread-1] DEBUG fr.inria.lille.repair.nopol.NoPol - Analysing SourceLocation org.apache.commons.math.linear.BigMatrixImpl:956 which is executed by 31 tests
-1876496766
22:02:27.253 [pool-2-thread-1] DEBUG fr.inria.lille.repair.nopol.NoPol - statement #88
22:02:27.253 [pool-2-thread-1] DEBUG fr.inria.lille.repair.nopol.NoPol - Analysing SourceLocation org.apache.commons.math.linear.BigMatrixImpl:947 which is executed by 31 tests
-1876496766
22:02:27.408 [pool-2-thread-1] DEBUG fr.inria.lille.repair.nopol.NoPol - statement #89
22:02:27.409 [pool-2-thread-1] DEBUG fr.inria.lille.repair.nopol.NoPol - Analysing SourceLocation org.apache.commons.math.linear.RealMatrixImpl:750 which is executed by 80 tests
805681632
22:02:27.554 [pool-2-thread-1] DEBUG fr.inria.lille.repair.nopol.NoPol - statement #90
22:02:27.554 [pool-2-thread-1] DEBUG fr.inria.lille.repair.nopol.NoPol - Analysing SourceLocation org.apache.commons.math.linear.RealMatrixImpl:743 which is executed by 81 tests
805681632
22:02:27.706 [pool-2-thread-1] INFO  fr.inria.lille.repair.nopol.NoPol - ----INFORMATION----
22:02:27.809 [pool-2-thread-1] INFO  fr.inria.lille.repair.nopol.NoPol - Nb classes : 231
22:02:27.809 [pool-2-thread-1] INFO  fr.inria.lille.repair.nopol.NoPol - Nb methods : 1419
22:02:27.809 [pool-2-thread-1] INFO  fr.inria.lille.repair.nopol.NoPol - Nb Statements Analyzed : 12
22:02:27.809 [pool-2-thread-1] INFO  fr.inria.lille.repair.nopol.NoPol - Nb Statements with Angelic Value Found : 0
22:02:27.809 [pool-2-thread-1] INFO  fr.inria.lille.repair.nopol.NoPol - Nb inputs in SMT : 0
22:02:27.814 [pool-2-thread-1] INFO  fr.inria.lille.repair.nopol.NoPol - Nb SMT level: 0
22:02:27.814 [pool-2-thread-1] INFO  fr.inria.lille.repair.nopol.NoPol - Nb variables in SMT : 0
22:02:27.814 [pool-2-thread-1] INFO  fr.inria.lille.repair.nopol.NoPol - NoPol Execution time : 38187ms
22:02:27.814 [pool-2-thread-1] INFO  fr.inria.lille.repair.nopol.NoPol - 
NO_ANGELIC_VALUE
Command exited with non-zero status 255
107.28user 5.76system 0:39.89elapsed 283%CPU (0avgtext+0avgdata 948932maxresident)k
51016inputs+5688outputs (3major+351134minor)pagefaults 0swaps


Node: granduc-15.luxembourg.grid5000.fr



Date: Wed Nov 28 22:02:28 EST 2018

