cd /tmp/DynaMoth_QuixBugs_POWERSET_;
export JAVA_TOOL_OPTIONS="-Dfile.encoding=UTF8 -Duser.language=en-US -Duser.country=US -Duser.language=en";
TZ="America/New_York"; export TZ;
export PATH="/usr/lib/jvm/java-1.8.0-openjdk-amd64/bin/:$PATH";
export JAVA_HOME="/usr/lib/jvm/java-1.8.0-openjdk-amd64/bin/";
time java -Xmx4g -Xms1g -cp /home/tdurieux/defects4j4repair/script/../repair_tools/nopol.jar:/usr/lib/jvm/java-1.8.0-openjdk-amd64/bin//../lib/tools.jar fr.inria.lille.repair.Main \
	--mode repair \
	--type pre_then_cond \
	--oracle angelic \
	--synthesis dynamoth \
	--flocal gzoltar \
	--json \
	--solver z3 \
	--solver-path /home/tdurieux/defects4j4repair/script/../libs/z3/build/z3 \
	--complianceLevel 8 \
	--source src/main/java \
	--classpath "target/classes:target/test-classes:/home/tdurieux/.m2/repository/junit/junit/4.11/junit-4.11.jar:/home/tdurieux/.m2/repository/org/hamcrest/hamcrest-core/1.3/hamcrest-core-1.3.jar:/home/tdurieux/defects4j4repair/script/../repair_tools/nopol.jar";
	echo "\n\nNode: `hostname`\n";
	echo "\n\nDate: `date`\n";
Picked up JAVA_TOOL_OPTIONS: -Dfile.encoding=UTF8 -Duser.language=en-US -Duser.country=US -Duser.language=en
12:03:35.665 [main] INFO  fr.inria.lille.repair.nopol.NoPol - Source files: [src/main/java]
12:03:35.668 [main] INFO  fr.inria.lille.repair.nopol.NoPol - Classpath: [file:/tmp/DynaMoth_QuixBugs_POWERSET_/target/classes/, file:/tmp/DynaMoth_QuixBugs_POWERSET_/target/test-classes/, file:/home/tdurieux/.m2/repository/junit/junit/4.11/junit-4.11.jar, file:/home/tdurieux/.m2/repository/org/hamcrest/hamcrest-core/1.3/hamcrest-core-1.3.jar, file:/home/tdurieux/defects4j4repair/script/../repair_tools/nopol.jar]
12:03:35.668 [main] INFO  fr.inria.lille.repair.nopol.NoPol - Statement type: PRE_THEN_COND
12:03:35.668 [main] INFO  fr.inria.lille.repair.nopol.NoPol - Args: [java_testcases.junit.POWERSET_Test]
12:03:35.669 [main] INFO  fr.inria.lille.repair.nopol.NoPol - Config: Config{synthesisDepth=3, collectStaticMethods=true, collectStaticFields=false, collectLiterals=false, onlyOneSynthesisResult=true, sortExpressions=true, maxLineInvocationPerTest=250, timeoutMethodInvocation=2000, dataCollectionTimeoutInSecondForSynthesis=900, addWeight=0.19478, subWeight=0.04554, mulWeight=0.0102, divWeight=0.00613, andWeight=0.10597, orWeight=0.05708, eqWeight=0.22798, nEqWeight=0.0, lessEqWeight=0.0255, lessWeight=0.0947, methodCallWeight=0.1, fieldAccessWeight=0.08099, constantWeight=0.14232, variableWeight=0.05195, mode=REPAIR, type=PRE_THEN_COND, synthesis=DYNAMOTH, oracle=ANGELIC, solver=Z3, solverPath='/home/tdurieux/defects4j4repair/script/../libs/z3/build/z3', projectSources=[src/main/java], projectClasspath='[Ljava.net.URL;@2ff4f00f', projectTests=[java_testcases.junit.POWERSET_Test], complianceLevel=8, outputFolder=., json=true}
12:03:35.670 [main] INFO  fr.inria.lille.repair.nopol.NoPol - Available processors (cores): 32
12:03:35.674 [main] INFO  fr.inria.lille.repair.nopol.NoPol - Free memory: 940 MB
12:03:35.674 [main] INFO  fr.inria.lille.repair.nopol.NoPol - Maximum memory: 3 GB
12:03:35.674 [main] INFO  fr.inria.lille.repair.nopol.NoPol - Total memory available to JVM: 981 MB
12:03:35.674 [main] INFO  fr.inria.lille.repair.nopol.NoPol - Java version: 1.8.0_181
12:03:35.675 [main] INFO  fr.inria.lille.repair.nopol.NoPol - JAVA_HOME: /usr/lib/jvm/java-1.8.0-openjdk-amd64/bin/
12:03:35.675 [main] INFO  fr.inria.lille.repair.nopol.NoPol - PATH: /usr/lib/jvm/java-1.8.0-openjdk-amd64/bin/:/usr/lib/oar/oardodo:/usr/lib/oar/oardodo:/usr/local/bin:/usr/bin:/bin:/usr/games
12:03:37.914 [pool-2-thread-1] DEBUG fr.inria.lille.repair.nopol.NoPol - statement #1
12:03:37.914 [pool-2-thread-1] DEBUG fr.inria.lille.repair.nopol.NoPol - Analysing SourceLocation java_testcases.junit.QuixFixOracleHelper:57 which is executed by 4 tests
12:03:37.914 [pool-2-thread-1] DEBUG fr.inria.lille.repair.nopol.NoPol - cannot spoon SourceLocation java_testcases.junit.QuixFixOracleHelper:57
12:03:37.914 [pool-2-thread-1] DEBUG fr.inria.lille.repair.nopol.NoPol - statement #2
12:03:37.915 [pool-2-thread-1] DEBUG fr.inria.lille.repair.nopol.NoPol - Analysing SourceLocation java_testcases.junit.QuixFixOracleHelper:52 which is executed by 4 tests
12:03:37.915 [pool-2-thread-1] DEBUG fr.inria.lille.repair.nopol.NoPol - cannot spoon SourceLocation java_testcases.junit.QuixFixOracleHelper:52
12:03:37.915 [pool-2-thread-1] DEBUG fr.inria.lille.repair.nopol.NoPol - statement #3
12:03:37.915 [pool-2-thread-1] DEBUG fr.inria.lille.repair.nopol.NoPol - Analysing SourceLocation java_testcases.junit.QuixFixOracleHelper:50 which is executed by 4 tests
12:03:37.915 [pool-2-thread-1] DEBUG fr.inria.lille.repair.nopol.NoPol - cannot spoon SourceLocation java_testcases.junit.QuixFixOracleHelper:50
12:03:37.915 [pool-2-thread-1] DEBUG fr.inria.lille.repair.nopol.NoPol - statement #4
12:03:37.915 [pool-2-thread-1] DEBUG fr.inria.lille.repair.nopol.NoPol - Analysing SourceLocation java_testcases.junit.QuixFixOracleHelper:44 which is executed by 4 tests
12:03:37.916 [pool-2-thread-1] DEBUG fr.inria.lille.repair.nopol.NoPol - cannot spoon SourceLocation java_testcases.junit.QuixFixOracleHelper:44
12:03:37.916 [pool-2-thread-1] DEBUG fr.inria.lille.repair.nopol.NoPol - statement #5
12:03:37.916 [pool-2-thread-1] DEBUG fr.inria.lille.repair.nopol.NoPol - Analysing SourceLocation java_testcases.junit.QuixFixOracleHelper:39 which is executed by 4 tests
12:03:37.916 [pool-2-thread-1] DEBUG fr.inria.lille.repair.nopol.NoPol - cannot spoon SourceLocation java_testcases.junit.QuixFixOracleHelper:39
12:03:37.916 [pool-2-thread-1] DEBUG fr.inria.lille.repair.nopol.NoPol - statement #6
12:03:37.916 [pool-2-thread-1] DEBUG fr.inria.lille.repair.nopol.NoPol - Analysing SourceLocation java_testcases.junit.QuixFixOracleHelper:38 which is executed by 4 tests
12:03:37.916 [pool-2-thread-1] DEBUG fr.inria.lille.repair.nopol.NoPol - cannot spoon SourceLocation java_testcases.junit.QuixFixOracleHelper:38
12:03:37.916 [pool-2-thread-1] DEBUG fr.inria.lille.repair.nopol.NoPol - statement #7
12:03:37.916 [pool-2-thread-1] DEBUG fr.inria.lille.repair.nopol.NoPol - Analysing SourceLocation java_testcases.junit.QuixFixOracleHelper:37 which is executed by 4 tests
12:03:37.916 [pool-2-thread-1] DEBUG fr.inria.lille.repair.nopol.NoPol - cannot spoon SourceLocation java_testcases.junit.QuixFixOracleHelper:37
12:03:37.917 [pool-2-thread-1] DEBUG fr.inria.lille.repair.nopol.NoPol - statement #8
12:03:37.917 [pool-2-thread-1] DEBUG fr.inria.lille.repair.nopol.NoPol - Analysing SourceLocation java_programs.POWERSET:29 which is executed by 4 tests
1641204030
12:03:38.079 [pool-2-thread-1] DEBUG fr.inria.lille.repair.nopol.NoPol - looking with class fr.inria.lille.repair.nopol.spoon.smt.ConditionalAdder
org.junit.ComparisonFailure: expected:<[[[],[c],[b],[b,c],[a],[a,c],[a,b],[]a,b,c]]> but was:<[[[]a,b,c]]>
    at org.junit.Assert.assertEquals(Assert.java:115)
    at org.junit.Assert.assertEquals(Assert.java:144)
    at java_testcases.junit.POWERSET_Test.test_0(POWERSET_Test.java:9)
    at sun.reflect.NativeMethodAccessorImpl.invoke0(Native Method)
    at sun.reflect.NativeMethodAccessorImpl.invoke(NativeMethodAccessorImpl.java:62)
    at sun.reflect.DelegatingMethodAccessorImpl.invoke(DelegatingMethodAccessorImpl.java:43)
org.junit.ComparisonFailure: expected:<[[[],[b],[a],[]a,b]]> but was:<[[[]a,b]]>
    at org.junit.Assert.assertEquals(Assert.java:115)
    at org.junit.Assert.assertEquals(Assert.java:144)
    at java_testcases.junit.POWERSET_Test.test_1(POWERSET_Test.java:16)
    at sun.reflect.NativeMethodAccessorImpl.invoke0(Native Method)
    at sun.reflect.NativeMethodAccessorImpl.invoke(NativeMethodAccessorImpl.java:62)
    at sun.reflect.DelegatingMethodAccessorImpl.invoke(DelegatingMethodAccessorImpl.java:43)
org.junit.ComparisonFailure: expected:<[[[],[]a]]> but was:<[[[]a]]>
    at org.junit.Assert.assertEquals(Assert.java:115)
    at org.junit.Assert.assertEquals(Assert.java:144)
    at java_testcases.junit.POWERSET_Test.test_2(POWERSET_Test.java:23)
    at sun.reflect.NativeMethodAccessorImpl.invoke0(Native Method)
    at sun.reflect.NativeMethodAccessorImpl.invoke(NativeMethodAccessorImpl.java:62)
    at sun.reflect.DelegatingMethodAccessorImpl.invoke(DelegatingMethodAccessorImpl.java:43)
org.junit.ComparisonFailure: expected:<[[[],[m],[z],[z,m],[df],[df,m],[df,z],[df,z,m],[x],[x,m],[x,z],[x,z,m],[x,df],[x,df,m],[x,df,z],[]x,df,z,m]]> but was:<[[[]x,df,z,m]]>
    at org.junit.Assert.assertEquals(Assert.java:115)
    at org.junit.Assert.assertEquals(Assert.java:144)
    at java_testcases.junit.POWERSET_Test.test_4(POWERSET_Test.java:37)
    at sun.reflect.NativeMethodAccessorImpl.invoke0(Native Method)
    at sun.reflect.NativeMethodAccessorImpl.invoke(NativeMethodAccessorImpl.java:62)
    at sun.reflect.DelegatingMethodAccessorImpl.invoke(DelegatingMethodAccessorImpl.java:43)
org.junit.ComparisonFailure: expected:<[[[],[c],[b],[b,c],[a],[a,c],[a,b],[]a,b,c]]> but was:<[[[]a,b,c]]>
    at org.junit.Assert.assertEquals(Assert.java:115)
    at org.junit.Assert.assertEquals(Assert.java:144)
    at java_testcases.junit.POWERSET_Test.test_0(POWERSET_Test.java:9)
    at sun.reflect.NativeMethodAccessorImpl.invoke0(Native Method)
    at sun.reflect.NativeMethodAccessorImpl.invoke(NativeMethodAccessorImpl.java:62)
    at sun.reflect.DelegatingMethodAccessorImpl.invoke(DelegatingMethodAccessorImpl.java:43)
org.junit.ComparisonFailure: expected:<[[[],[b],[a],[]a,b]]> but was:<[[[]a,b]]>
    at org.junit.Assert.assertEquals(Assert.java:115)
    at org.junit.Assert.assertEquals(Assert.java:144)
    at java_testcases.junit.POWERSET_Test.test_1(POWERSET_Test.java:16)
    at sun.reflect.NativeMethodAccessorImpl.invoke0(Native Method)
    at sun.reflect.NativeMethodAccessorImpl.invoke(NativeMethodAccessorImpl.java:62)
    at sun.reflect.DelegatingMethodAccessorImpl.invoke(DelegatingMethodAccessorImpl.java:43)
org.junit.ComparisonFailure: expected:<[[[],[]a]]> but was:<[[[]a]]>
    at org.junit.Assert.assertEquals(Assert.java:115)
    at org.junit.Assert.assertEquals(Assert.java:144)
    at java_testcases.junit.POWERSET_Test.test_2(POWERSET_Test.java:23)
    at sun.reflect.NativeMethodAccessorImpl.invoke0(Native Method)
    at sun.reflect.NativeMethodAccessorImpl.invoke(NativeMethodAccessorImpl.java:62)
    at sun.reflect.DelegatingMethodAccessorImpl.invoke(DelegatingMethodAccessorImpl.java:43)
org.junit.ComparisonFailure: expected:<[[[],[m],[z],[z,m],[df],[df,m],[df,z],[df,z,m],[x],[x,m],[x,z],[x,z,m],[x,df],[x,df,m],[x,df,z],[]x,df,z,m]]> but was:<[[[]x,df,z,m]]>
    at org.junit.Assert.assertEquals(Assert.java:115)
    at org.junit.Assert.assertEquals(Assert.java:144)
    at java_testcases.junit.POWERSET_Test.test_4(POWERSET_Test.java:37)
    at sun.reflect.NativeMethodAccessorImpl.invoke0(Native Method)
    at sun.reflect.NativeMethodAccessorImpl.invoke(NativeMethodAccessorImpl.java:62)
    at sun.reflect.DelegatingMethodAccessorImpl.invoke(DelegatingMethodAccessorImpl.java:43)
org.junit.ComparisonFailure: expected:<[[[],[c],[b],[b,c],[a],[a,c],[a,b],[]a,b,c]]> but was:<[[[]a,b,c]]>
    at org.junit.Assert.assertEquals(Assert.java:115)
    at org.junit.Assert.assertEquals(Assert.java:144)
    at java_testcases.junit.POWERSET_Test.test_0(POWERSET_Test.java:9)
    at sun.reflect.NativeMethodAccessorImpl.invoke0(Native Method)
    at sun.reflect.NativeMethodAccessorImpl.invoke(NativeMethodAccessorImpl.java:62)
    at sun.reflect.DelegatingMethodAccessorImpl.invoke(DelegatingMethodAccessorImpl.java:43)
org.junit.ComparisonFailure: expected:<[[[],[b],[a],[]a,b]]> but was:<[[[]a,b]]>
    at org.junit.Assert.assertEquals(Assert.java:115)
    at org.junit.Assert.assertEquals(Assert.java:144)
    at java_testcases.junit.POWERSET_Test.test_1(POWERSET_Test.java:16)
    at sun.reflect.NativeMethodAccessorImpl.invoke0(Native Method)
    at sun.reflect.NativeMethodAccessorImpl.invoke(NativeMethodAccessorImpl.java:62)
    at sun.reflect.DelegatingMethodAccessorImpl.invoke(DelegatingMethodAccessorImpl.java:43)
org.junit.ComparisonFailure: expected:<[[[],[]a]]> but was:<[[[]a]]>
    at org.junit.Assert.assertEquals(Assert.java:115)
    at org.junit.Assert.assertEquals(Assert.java:144)
    at java_testcases.junit.POWERSET_Test.test_2(POWERSET_Test.java:23)
    at sun.reflect.NativeMethodAccessorImpl.invoke0(Native Method)
    at sun.reflect.NativeMethodAccessorImpl.invoke(NativeMethodAccessorImpl.java:62)
    at sun.reflect.DelegatingMethodAccessorImpl.invoke(DelegatingMethodAccessorImpl.java:43)
org.junit.ComparisonFailure: expected:<[[[],[m],[z],[z,m],[df],[df,m],[df,z],[df,z,m],[x],[x,m],[x,z],[x,z,m],[x,df],[x,df,m],[x,df,z],[]x,df,z,m]]> but was:<[[[]x,df,z,m]]>
    at org.junit.Assert.assertEquals(Assert.java:115)
    at org.junit.Assert.assertEquals(Assert.java:144)
    at java_testcases.junit.POWERSET_Test.test_4(POWERSET_Test.java:37)
    at sun.reflect.NativeMethodAccessorImpl.invoke0(Native Method)
    at sun.reflect.NativeMethodAccessorImpl.invoke(NativeMethodAccessorImpl.java:62)
    at sun.reflect.DelegatingMethodAccessorImpl.invoke(DelegatingMethodAccessorImpl.java:43)
org.junit.ComparisonFailure: expected:<[[[],[c],[b],[b,c],[a],[a,c],[a,b],[]a,b,c]]> but was:<[[[]a,b,c]]>
    at org.junit.Assert.assertEquals(Assert.java:115)
    at org.junit.Assert.assertEquals(Assert.java:144)
    at java_testcases.junit.POWERSET_Test.test_0(POWERSET_Test.java:9)
    at sun.reflect.NativeMethodAccessorImpl.invoke0(Native Method)
    at sun.reflect.NativeMethodAccessorImpl.invoke(NativeMethodAccessorImpl.java:62)
    at sun.reflect.DelegatingMethodAccessorImpl.invoke(DelegatingMethodAccessorImpl.java:43)
org.junit.ComparisonFailure: expected:<[[[],[b],[a],[]a,b]]> but was:<[[[]a,b]]>
    at org.junit.Assert.assertEquals(Assert.java:115)
    at org.junit.Assert.assertEquals(Assert.java:144)
    at java_testcases.junit.POWERSET_Test.test_1(POWERSET_Test.java:16)
    at sun.reflect.NativeMethodAccessorImpl.invoke0(Native Method)
    at sun.reflect.NativeMethodAccessorImpl.invoke(NativeMethodAccessorImpl.java:62)
    at sun.reflect.DelegatingMethodAccessorImpl.invoke(DelegatingMethodAccessorImpl.java:43)
org.junit.ComparisonFailure: expected:<[[[],[]a]]> but was:<[[[]a]]>
    at org.junit.Assert.assertEquals(Assert.java:115)
    at org.junit.Assert.assertEquals(Assert.java:144)
    at java_testcases.junit.POWERSET_Test.test_2(POWERSET_Test.java:23)
    at sun.reflect.NativeMethodAccessorImpl.invoke0(Native Method)
    at sun.reflect.NativeMethodAccessorImpl.invoke(NativeMethodAccessorImpl.java:62)
    at sun.reflect.DelegatingMethodAccessorImpl.invoke(DelegatingMethodAccessorImpl.java:43)
org.junit.ComparisonFailure: expected:<[[[],[m],[z],[z,m],[df],[df,m],[df,z],[df,z,m],[x],[x,m],[x,z],[x,z,m],[x,df],[x,df,m],[x,df,z],[]x,df,z,m]]> but was:<[[[]x,df,z,m]]>
    at org.junit.Assert.assertEquals(Assert.java:115)
    at org.junit.Assert.assertEquals(Assert.java:144)
    at java_testcases.junit.POWERSET_Test.test_4(POWERSET_Test.java:37)
    at sun.reflect.NativeMethodAccessorImpl.invoke0(Native Method)
    at sun.reflect.NativeMethodAccessorImpl.invoke(NativeMethodAccessorImpl.java:62)
    at sun.reflect.DelegatingMethodAccessorImpl.invoke(DelegatingMethodAccessorImpl.java:43)
12:03:38.118 [pool-4-thread-1] INFO  xxl.java.junit.TestCasesListener - Tests run finished (18 ms)
<> Total tests run: 20
<> Ignored tests: 0
<> Failed tests: 16
~ test_0(java_testcases.junit.POWERSET_Test)
[expected:<[[[],[c],[b],[b,c],[a],[a,c],[a,b],[]a,b,c]]> but was:<[[[]a,b,c]]>]
org.junit.ComparisonFailure: expected:<[[[],[c],[b],[b,c],[a],[a,c],[a,b],[]a,b,c]]> but was:<[[[]a,b,c]]>    at org.junit.Assert.assertEquals(Assert.java:115)
    at org.junit.Assert.assertEquals(Assert.java:144)
    at java_testcases.junit.POWERSET_Test.test_0(POWERSET_Test.java:9)
    at sun.reflect.NativeMethodAccessorImpl.invoke0(Native Method)
    at sun.reflect.NativeMethodAccessorImpl.invoke(NativeMethodAccessorImpl.java:62)
    at sun.reflect.DelegatingMethodAccessorImpl.invoke(DelegatingMethodAccessorImpl.java:43)
~ test_1(java_testcases.junit.POWERSET_Test)
[expected:<[[[],[b],[a],[]a,b]]> but was:<[[[]a,b]]>]
org.junit.ComparisonFailure: expected:<[[[],[b],[a],[]a,b]]> but was:<[[[]a,b]]>    at org.junit.Assert.assertEquals(Assert.java:115)
    at org.junit.Assert.assertEquals(Assert.java:144)
    at java_testcases.junit.POWERSET_Test.test_1(POWERSET_Test.java:16)
    at sun.reflect.NativeMethodAccessorImpl.invoke0(Native Method)
    at sun.reflect.NativeMethodAccessorImpl.invoke(NativeMethodAccessorImpl.java:62)
    at sun.reflect.DelegatingMethodAccessorImpl.invoke(DelegatingMethodAccessorImpl.java:43)
~ test_2(java_testcases.junit.POWERSET_Test)
[expected:<[[[],[]a]]> but was:<[[[]a]]>]
org.junit.ComparisonFailure: expected:<[[[],[]a]]> but was:<[[[]a]]>    at org.junit.Assert.assertEquals(Assert.java:115)
    at org.junit.Assert.assertEquals(Assert.java:144)
    at java_testcases.junit.POWERSET_Test.test_2(POWERSET_Test.java:23)
    at sun.reflect.NativeMethodAccessorImpl.invoke0(Native Method)
    at sun.reflect.NativeMethodAccessorImpl.invoke(NativeMethodAccessorImpl.java:62)
    at sun.reflect.DelegatingMethodAccessorImpl.invoke(DelegatingMethodAccessorImpl.java:43)
~ test_4(java_testcases.junit.POWERSET_Test)
[expected:<[[[],[m],[z],[z,m],[df],[df,m],[df,z],[df,z,m],[x],[x,m],[x,z],[x,z,m],[x,df],[x,df,m],[x,df,z],[]x,df,z,m]]> but was:<[[[]x,df,z,m]]>]
org.junit.ComparisonFailure: expected:<[[[],[m],[z],[z,m],[df],[df,m],[df,z],[df,z,m],[x],[x,m],[x,z],[x,z,m],[x,df],[x,df,m],[x,df,z],[]x,df,z,m]]> but was:<[[[]x,df,z,m]]>    at org.junit.Assert.assertEquals(Assert.java:115)
    at org.junit.Assert.assertEquals(Assert.java:144)
    at java_testcases.junit.POWERSET_Test.test_4(POWERSET_Test.java:37)
    at sun.reflect.NativeMethodAccessorImpl.invoke0(Native Method)
    at sun.reflect.NativeMethodAccessorImpl.invoke(NativeMethodAccessorImpl.java:62)
    at sun.reflect.DelegatingMethodAccessorImpl.invoke(DelegatingMethodAccessorImpl.java:43)
~ test_0(java_testcases.junit.POWERSET_Test)
[expected:<[[[],[c],[b],[b,c],[a],[a,c],[a,b],[]a,b,c]]> but was:<[[[]a,b,c]]>]
org.junit.ComparisonFailure: expected:<[[[],[c],[b],[b,c],[a],[a,c],[a,b],[]a,b,c]]> but was:<[[[]a,b,c]]>    at org.junit.Assert.assertEquals(Assert.java:115)
    at org.junit.Assert.assertEquals(Assert.java:144)
    at java_testcases.junit.POWERSET_Test.test_0(POWERSET_Test.java:9)
    at sun.reflect.NativeMethodAccessorImpl.invoke0(Native Method)
    at sun.reflect.NativeMethodAccessorImpl.invoke(NativeMethodAccessorImpl.java:62)
    at sun.reflect.DelegatingMethodAccessorImpl.invoke(DelegatingMethodAccessorImpl.java:43)
~ test_1(java_testcases.junit.POWERSET_Test)
[expected:<[[[],[b],[a],[]a,b]]> but was:<[[[]a,b]]>]
org.junit.ComparisonFailure: expected:<[[[],[b],[a],[]a,b]]> but was:<[[[]a,b]]>    at org.junit.Assert.assertEquals(Assert.java:115)
    at org.junit.Assert.assertEquals(Assert.java:144)
    at java_testcases.junit.POWERSET_Test.test_1(POWERSET_Test.java:16)
    at sun.reflect.NativeMethodAccessorImpl.invoke0(Native Method)
    at sun.reflect.NativeMethodAccessorImpl.invoke(NativeMethodAccessorImpl.java:62)
    at sun.reflect.DelegatingMethodAccessorImpl.invoke(DelegatingMethodAccessorImpl.java:43)
~ test_2(java_testcases.junit.POWERSET_Test)
[expected:<[[[],[]a]]> but was:<[[[]a]]>]
org.junit.ComparisonFailure: expected:<[[[],[]a]]> but was:<[[[]a]]>    at org.junit.Assert.assertEquals(Assert.java:115)
    at org.junit.Assert.assertEquals(Assert.java:144)
    at java_testcases.junit.POWERSET_Test.test_2(POWERSET_Test.java:23)
    at sun.reflect.NativeMethodAccessorImpl.invoke0(Native Method)
    at sun.reflect.NativeMethodAccessorImpl.invoke(NativeMethodAccessorImpl.java:62)
    at sun.reflect.DelegatingMethodAccessorImpl.invoke(DelegatingMethodAccessorImpl.java:43)
~ test_4(java_testcases.junit.POWERSET_Test)
[expected:<[[[],[m],[z],[z,m],[df],[df,m],[df,z],[df,z,m],[x],[x,m],[x,z],[x,z,m],[x,df],[x,df,m],[x,df,z],[]x,df,z,m]]> but was:<[[[]x,df,z,m]]>]
org.junit.ComparisonFailure: expected:<[[[],[m],[z],[z,m],[df],[df,m],[df,z],[df,z,m],[x],[x,m],[x,z],[x,z,m],[x,df],[x,df,m],[x,df,z],[]x,df,z,m]]> but was:<[[[]x,df,z,m]]>    at org.junit.Assert.assertEquals(Assert.java:115)
    at org.junit.Assert.assertEquals(Assert.java:144)
    at java_testcases.junit.POWERSET_Test.test_4(POWERSET_Test.java:37)
    at sun.reflect.NativeMethodAccessorImpl.invoke0(Native Method)
    at sun.reflect.NativeMethodAccessorImpl.invoke(NativeMethodAccessorImpl.java:62)
    at sun.reflect.DelegatingMethodAccessorImpl.invoke(DelegatingMethodAccessorImpl.java:43)
~ test_0(java_testcases.junit.POWERSET_Test)
[expected:<[[[],[c],[b],[b,c],[a],[a,c],[a,b],[]a,b,c]]> but was:<[[[]a,b,c]]>]
org.junit.ComparisonFailure: expected:<[[[],[c],[b],[b,c],[a],[a,c],[a,b],[]a,b,c]]> but was:<[[[]a,b,c]]>    at org.junit.Assert.assertEquals(Assert.java:115)
    at org.junit.Assert.assertEquals(Assert.java:144)
    at java_testcases.junit.POWERSET_Test.test_0(POWERSET_Test.java:9)
    at sun.reflect.NativeMethodAccessorImpl.invoke0(Native Method)
    at sun.reflect.NativeMethodAccessorImpl.invoke(NativeMethodAccessorImpl.java:62)
    at sun.reflect.DelegatingMethodAccessorImpl.invoke(DelegatingMethodAccessorImpl.java:43)
~ test_1(java_testcases.junit.POWERSET_Test)
[expected:<[[[],[b],[a],[]a,b]]> but was:<[[[]a,b]]>]
org.junit.ComparisonFailure: expected:<[[[],[b],[a],[]a,b]]> but was:<[[[]a,b]]>    at org.junit.Assert.assertEquals(Assert.java:115)
    at org.junit.Assert.assertEquals(Assert.java:144)
    at java_testcases.junit.POWERSET_Test.test_1(POWERSET_Test.java:16)
    at sun.reflect.NativeMethodAccessorImpl.invoke0(Native Method)
    at sun.reflect.NativeMethodAccessorImpl.invoke(NativeMethodAccessorImpl.java:62)
    at sun.reflect.DelegatingMethodAccessorImpl.invoke(DelegatingMethodAccessorImpl.java:43)
~ test_2(java_testcases.junit.POWERSET_Test)
[expected:<[[[],[]a]]> but was:<[[[]a]]>]
org.junit.ComparisonFailure: expected:<[[[],[]a]]> but was:<[[[]a]]>    at org.junit.Assert.assertEquals(Assert.java:115)
    at org.junit.Assert.assertEquals(Assert.java:144)
    at java_testcases.junit.POWERSET_Test.test_2(POWERSET_Test.java:23)
    at sun.reflect.NativeMethodAccessorImpl.invoke0(Native Method)
    at sun.reflect.NativeMethodAccessorImpl.invoke(NativeMethodAccessorImpl.java:62)
    at sun.reflect.DelegatingMethodAccessorImpl.invoke(DelegatingMethodAccessorImpl.java:43)
~ test_4(java_testcases.junit.POWERSET_Test)
[expected:<[[[],[m],[z],[z,m],[df],[df,m],[df,z],[df,z,m],[x],[x,m],[x,z],[x,z,m],[x,df],[x,df,m],[x,df,z],[]x,df,z,m]]> but was:<[[[]x,df,z,m]]>]
org.junit.ComparisonFailure: expected:<[[[],[m],[z],[z,m],[df],[df,m],[df,z],[df,z,m],[x],[x,m],[x,z],[x,z,m],[x,df],[x,df,m],[x,df,z],[]x,df,z,m]]> but was:<[[[]x,df,z,m]]>    at org.junit.Assert.assertEquals(Assert.java:115)
    at org.junit.Assert.assertEquals(Assert.java:144)
    at java_testcases.junit.POWERSET_Test.test_4(POWERSET_Test.java:37)
    at sun.reflect.NativeMethodAccessorImpl.invoke0(Native Method)
    at sun.reflect.NativeMethodAccessorImpl.invoke(NativeMethodAccessorImpl.java:62)
    at sun.reflect.DelegatingMethodAccessorImpl.invoke(DelegatingMethodAccessorImpl.java:43)
~ test_0(java_testcases.junit.POWERSET_Test)
[expected:<[[[],[c],[b],[b,c],[a],[a,c],[a,b],[]a,b,c]]> but was:<[[[]a,b,c]]>]
org.junit.ComparisonFailure: expected:<[[[],[c],[b],[b,c],[a],[a,c],[a,b],[]a,b,c]]> but was:<[[[]a,b,c]]>    at org.junit.Assert.assertEquals(Assert.java:115)
    at org.junit.Assert.assertEquals(Assert.java:144)
    at java_testcases.junit.POWERSET_Test.test_0(POWERSET_Test.java:9)
    at sun.reflect.NativeMethodAccessorImpl.invoke0(Native Method)
    at sun.reflect.NativeMethodAccessorImpl.invoke(NativeMethodAccessorImpl.java:62)
    at sun.reflect.DelegatingMethodAccessorImpl.invoke(DelegatingMethodAccessorImpl.java:43)
~ test_1(java_testcases.junit.POWERSET_Test)
[expected:<[[[],[b],[a],[]a,b]]> but was:<[[[]a,b]]>]
org.junit.ComparisonFailure: expected:<[[[],[b],[a],[]a,b]]> but was:<[[[]a,b]]>    at org.junit.Assert.assertEquals(Assert.java:115)
    at org.junit.Assert.assertEquals(Assert.java:144)
    at java_testcases.junit.POWERSET_Test.test_1(POWERSET_Test.java:16)
    at sun.reflect.NativeMethodAccessorImpl.invoke0(Native Method)
    at sun.reflect.NativeMethodAccessorImpl.invoke(NativeMethodAccessorImpl.java:62)
    at sun.reflect.DelegatingMethodAccessorImpl.invoke(DelegatingMethodAccessorImpl.java:43)
~ test_2(java_testcases.junit.POWERSET_Test)
[expected:<[[[],[]a]]> but was:<[[[]a]]>]
org.junit.ComparisonFailure: expected:<[[[],[]a]]> but was:<[[[]a]]>    at org.junit.Assert.assertEquals(Assert.java:115)
    at org.junit.Assert.assertEquals(Assert.java:144)
    at java_testcases.junit.POWERSET_Test.test_2(POWERSET_Test.java:23)
    at sun.reflect.NativeMethodAccessorImpl.invoke0(Native Method)
    at sun.reflect.NativeMethodAccessorImpl.invoke(NativeMethodAccessorImpl.java:62)
    at sun.reflect.DelegatingMethodAccessorImpl.invoke(DelegatingMethodAccessorImpl.java:43)
~ test_4(java_testcases.junit.POWERSET_Test)
[expected:<[[[],[m],[z],[z,m],[df],[df,m],[df,z],[df,z,m],[x],[x,m],[x,z],[x,z,m],[x,df],[x,df,m],[x,df,z],[]x,df,z,m]]> but was:<[[[]x,df,z,m]]>]
org.junit.ComparisonFailure: expected:<[[[],[m],[z],[z,m],[df],[df,m],[df,z],[df,z,m],[x],[x,m],[x,z],[x,z,m],[x,df],[x,df,m],[x,df,z],[]x,df,z,m]]> but was:<[[[]x,df,z,m]]>    at org.junit.Assert.assertEquals(Assert.java:115)
    at org.junit.Assert.assertEquals(Assert.java:144)
    at java_testcases.junit.POWERSET_Test.test_4(POWERSET_Test.java:37)
    at sun.reflect.NativeMethodAccessorImpl.invoke0(Native Method)
    at sun.reflect.NativeMethodAccessorImpl.invoke(NativeMethodAccessorImpl.java:62)
    at sun.reflect.DelegatingMethodAccessorImpl.invoke(DelegatingMethodAccessorImpl.java:43)

12:03:38.486 [pool-3-thread-1] ERROR x.java.compiler.DynamicClassCompiler - [Compilation errors]
POWERSET.java:30: error: missing return statement
    }
    ^
Note: POWERSET.java uses unchecked or unsafe operations.
Note: Recompile with -Xlint:unchecked for details.
xxl.java.compiler.DynamicCompilationException: Aborting: dynamic compilation failed
	at xxl.java.compiler.DynamicClassCompiler.runCompilationTask(DynamicClassCompiler.java:99)
	at xxl.java.compiler.DynamicClassCompiler.javaBytecodeFor(DynamicClassCompiler.java:67)
	at fr.inria.lille.commons.spoon.SpoonedFile.compilationFor(SpoonedFile.java:203)
	at fr.inria.lille.commons.spoon.SpoonedFile.compileModelledClasses(SpoonedFile.java:177)
	at fr.inria.lille.commons.spoon.SpoonedFile.dumpedToClassLoader(SpoonedFile.java:130)
	at fr.inria.lille.commons.spoon.SpoonedFile.processedAndDumpedToClassLoader(SpoonedFile.java:140)
	at fr.inria.lille.commons.spoon.SpoonedFile.processedAndDumpedToClassLoader(SpoonedFile.java:135)
	at fr.inria.lille.repair.nopol.synth.dynamoth.DynamothSynthesizer.findAngelicValuesAndBuildPatch(DynamothSynthesizer.java:69)
	at fr.inria.lille.repair.nopol.NoPol.runNopolProcessor(NoPol.java:295)
	at fr.inria.lille.repair.nopol.NoPol.access$000(NoPol.java:81)
	at fr.inria.lille.repair.nopol.NoPol$1.call(NoPol.java:260)
	at java.util.concurrent.FutureTask.run(FutureTask.java:266)
	at java.util.concurrent.ThreadPoolExecutor.runWorker(ThreadPoolExecutor.java:1149)
	at java.util.concurrent.ThreadPoolExecutor$Worker.run(ThreadPoolExecutor.java:624)
	at java.lang.Thread.run(Thread.java:748)
12:03:38.487 [pool-2-thread-1] DEBUG fr.inria.lille.repair.nopol.NoPol - statement #9
12:03:38.488 [pool-2-thread-1] DEBUG fr.inria.lille.repair.nopol.NoPol - Analysing SourceLocation java_programs.POWERSET:27 which is executed by 4 tests
1641204030
12:03:38.525 [pool-2-thread-1] DEBUG fr.inria.lille.repair.nopol.NoPol - looking with class fr.inria.lille.repair.nopol.spoon.smt.ConditionalAdder
org.junit.ComparisonFailure: expected:<[[[],[c],[b],[b,c],[a],[a,c],[a,b],[]a,b,c]]> but was:<[[[]a,b,c]]>
    at org.junit.Assert.assertEquals(Assert.java:115)
    at org.junit.Assert.assertEquals(Assert.java:144)
    at java_testcases.junit.POWERSET_Test.test_0(POWERSET_Test.java:9)
    at sun.reflect.NativeMethodAccessorImpl.invoke0(Native Method)
    at sun.reflect.NativeMethodAccessorImpl.invoke(NativeMethodAccessorImpl.java:62)
    at sun.reflect.DelegatingMethodAccessorImpl.invoke(DelegatingMethodAccessorImpl.java:43)
org.junit.ComparisonFailure: expected:<[[[],[b],[a],[]a,b]]> but was:<[[[]a,b]]>
    at org.junit.Assert.assertEquals(Assert.java:115)
    at org.junit.Assert.assertEquals(Assert.java:144)
    at java_testcases.junit.POWERSET_Test.test_1(POWERSET_Test.java:16)
    at sun.reflect.NativeMethodAccessorImpl.invoke0(Native Method)
    at sun.reflect.NativeMethodAccessorImpl.invoke(NativeMethodAccessorImpl.java:62)
    at sun.reflect.DelegatingMethodAccessorImpl.invoke(DelegatingMethodAccessorImpl.java:43)
org.junit.ComparisonFailure: expected:<[[[],[]a]]> but was:<[[[]a]]>
    at org.junit.Assert.assertEquals(Assert.java:115)
    at org.junit.Assert.assertEquals(Assert.java:144)
    at java_testcases.junit.POWERSET_Test.test_2(POWERSET_Test.java:23)
    at sun.reflect.NativeMethodAccessorImpl.invoke0(Native Method)
    at sun.reflect.NativeMethodAccessorImpl.invoke(NativeMethodAccessorImpl.java:62)
    at sun.reflect.DelegatingMethodAccessorImpl.invoke(DelegatingMethodAccessorImpl.java:43)
org.junit.ComparisonFailure: expected:<[[[],[m],[z],[z,m],[df],[df,m],[df,z],[df,z,m],[x],[x,m],[x,z],[x,z,m],[x,df],[x,df,m],[x,df,z],[]x,df,z,m]]> but was:<[[[]x,df,z,m]]>
    at org.junit.Assert.assertEquals(Assert.java:115)
    at org.junit.Assert.assertEquals(Assert.java:144)
    at java_testcases.junit.POWERSET_Test.test_4(POWERSET_Test.java:37)
    at sun.reflect.NativeMethodAccessorImpl.invoke0(Native Method)
    at sun.reflect.NativeMethodAccessorImpl.invoke(NativeMethodAccessorImpl.java:62)
    at sun.reflect.DelegatingMethodAccessorImpl.invoke(DelegatingMethodAccessorImpl.java:43)
org.junit.ComparisonFailure: expected:<[[[],[c],[b],[b,c],[a],[a,c],[a,b],[]a,b,c]]> but was:<[[[]a,b,c]]>
    at org.junit.Assert.assertEquals(Assert.java:115)
    at org.junit.Assert.assertEquals(Assert.java:144)
    at java_testcases.junit.POWERSET_Test.test_0(POWERSET_Test.java:9)
    at sun.reflect.NativeMethodAccessorImpl.invoke0(Native Method)
    at sun.reflect.NativeMethodAccessorImpl.invoke(NativeMethodAccessorImpl.java:62)
    at sun.reflect.DelegatingMethodAccessorImpl.invoke(DelegatingMethodAccessorImpl.java:43)
org.junit.ComparisonFailure: expected:<[[[],[b],[a],[]a,b]]> but was:<[[[]a,b]]>
    at org.junit.Assert.assertEquals(Assert.java:115)
    at org.junit.Assert.assertEquals(Assert.java:144)
    at java_testcases.junit.POWERSET_Test.test_1(POWERSET_Test.java:16)
    at sun.reflect.NativeMethodAccessorImpl.invoke0(Native Method)
    at sun.reflect.NativeMethodAccessorImpl.invoke(NativeMethodAccessorImpl.java:62)
    at sun.reflect.DelegatingMethodAccessorImpl.invoke(DelegatingMethodAccessorImpl.java:43)
org.junit.ComparisonFailure: expected:<[[[],[]a]]> but was:<[[[]a]]>
    at org.junit.Assert.assertEquals(Assert.java:115)
    at org.junit.Assert.assertEquals(Assert.java:144)
    at java_testcases.junit.POWERSET_Test.test_2(POWERSET_Test.java:23)
    at sun.reflect.NativeMethodAccessorImpl.invoke0(Native Method)
    at sun.reflect.NativeMethodAccessorImpl.invoke(NativeMethodAccessorImpl.java:62)
    at sun.reflect.DelegatingMethodAccessorImpl.invoke(DelegatingMethodAccessorImpl.java:43)
org.junit.ComparisonFailure: expected:<[[[],[m],[z],[z,m],[df],[df,m],[df,z],[df,z,m],[x],[x,m],[x,z],[x,z,m],[x,df],[x,df,m],[x,df,z],[]x,df,z,m]]> but was:<[[[]x,df,z,m]]>
    at org.junit.Assert.assertEquals(Assert.java:115)
    at org.junit.Assert.assertEquals(Assert.java:144)
    at java_testcases.junit.POWERSET_Test.test_4(POWERSET_Test.java:37)
    at sun.reflect.NativeMethodAccessorImpl.invoke0(Native Method)
    at sun.reflect.NativeMethodAccessorImpl.invoke(NativeMethodAccessorImpl.java:62)
    at sun.reflect.DelegatingMethodAccessorImpl.invoke(DelegatingMethodAccessorImpl.java:43)
org.junit.ComparisonFailure: expected:<[[[],[c],[b],[b,c],[a],[a,c],[a,b],[]a,b,c]]> but was:<[[[]a,b,c]]>
    at org.junit.Assert.assertEquals(Assert.java:115)
    at org.junit.Assert.assertEquals(Assert.java:144)
    at java_testcases.junit.POWERSET_Test.test_0(POWERSET_Test.java:9)
    at sun.reflect.NativeMethodAccessorImpl.invoke0(Native Method)
    at sun.reflect.NativeMethodAccessorImpl.invoke(NativeMethodAccessorImpl.java:62)
    at sun.reflect.DelegatingMethodAccessorImpl.invoke(DelegatingMethodAccessorImpl.java:43)
org.junit.ComparisonFailure: expected:<[[[],[b],[a],[]a,b]]> but was:<[[[]a,b]]>
    at org.junit.Assert.assertEquals(Assert.java:115)
    at org.junit.Assert.assertEquals(Assert.java:144)
    at java_testcases.junit.POWERSET_Test.test_1(POWERSET_Test.java:16)
    at sun.reflect.NativeMethodAccessorImpl.invoke0(Native Method)
    at sun.reflect.NativeMethodAccessorImpl.invoke(NativeMethodAccessorImpl.java:62)
    at sun.reflect.DelegatingMethodAccessorImpl.invoke(DelegatingMethodAccessorImpl.java:43)
org.junit.ComparisonFailure: expected:<[[[],[]a]]> but was:<[[[]a]]>
    at org.junit.Assert.assertEquals(Assert.java:115)
    at org.junit.Assert.assertEquals(Assert.java:144)
    at java_testcases.junit.POWERSET_Test.test_2(POWERSET_Test.java:23)
    at sun.reflect.NativeMethodAccessorImpl.invoke0(Native Method)
    at sun.reflect.NativeMethodAccessorImpl.invoke(NativeMethodAccessorImpl.java:62)
    at sun.reflect.DelegatingMethodAccessorImpl.invoke(DelegatingMethodAccessorImpl.java:43)
org.junit.ComparisonFailure: expected:<[[[],[m],[z],[z,m],[df],[df,m],[df,z],[df,z,m],[x],[x,m],[x,z],[x,z,m],[x,df],[x,df,m],[x,df,z],[]x,df,z,m]]> but was:<[[[]x,df,z,m]]>
    at org.junit.Assert.assertEquals(Assert.java:115)
    at org.junit.Assert.assertEquals(Assert.java:144)
    at java_testcases.junit.POWERSET_Test.test_4(POWERSET_Test.java:37)
    at sun.reflect.NativeMethodAccessorImpl.invoke0(Native Method)
    at sun.reflect.NativeMethodAccessorImpl.invoke(NativeMethodAccessorImpl.java:62)
    at sun.reflect.DelegatingMethodAccessorImpl.invoke(DelegatingMethodAccessorImpl.java:43)
org.junit.ComparisonFailure: expected:<[[[],[c],[b],[b,c],[a],[a,c],[a,b],[]a,b,c]]> but was:<[[[]a,b,c]]>
    at org.junit.Assert.assertEquals(Assert.java:115)
    at org.junit.Assert.assertEquals(Assert.java:144)
    at java_testcases.junit.POWERSET_Test.test_0(POWERSET_Test.java:9)
    at sun.reflect.NativeMethodAccessorImpl.invoke0(Native Method)
    at sun.reflect.NativeMethodAccessorImpl.invoke(NativeMethodAccessorImpl.java:62)
    at sun.reflect.DelegatingMethodAccessorImpl.invoke(DelegatingMethodAccessorImpl.java:43)
org.junit.ComparisonFailure: expected:<[[[],[b],[a],[]a,b]]> but was:<[[[]a,b]]>
    at org.junit.Assert.assertEquals(Assert.java:115)
    at org.junit.Assert.assertEquals(Assert.java:144)
    at java_testcases.junit.POWERSET_Test.test_1(POWERSET_Test.java:16)
    at sun.reflect.NativeMethodAccessorImpl.invoke0(Native Method)
    at sun.reflect.NativeMethodAccessorImpl.invoke(NativeMethodAccessorImpl.java:62)
    at sun.reflect.DelegatingMethodAccessorImpl.invoke(DelegatingMethodAccessorImpl.java:43)
org.junit.ComparisonFailure: expected:<[[[],[]a]]> but was:<[[[]a]]>
    at org.junit.Assert.assertEquals(Assert.java:115)
    at org.junit.Assert.assertEquals(Assert.java:144)
    at java_testcases.junit.POWERSET_Test.test_2(POWERSET_Test.java:23)
    at sun.reflect.NativeMethodAccessorImpl.invoke0(Native Method)
    at sun.reflect.NativeMethodAccessorImpl.invoke(NativeMethodAccessorImpl.java:62)
    at sun.reflect.DelegatingMethodAccessorImpl.invoke(DelegatingMethodAccessorImpl.java:43)
org.junit.ComparisonFailure: expected:<[[[],[m],[z],[z,m],[df],[df,m],[df,z],[df,z,m],[x],[x,m],[x,z],[x,z,m],[x,df],[x,df,m],[x,df,z],[]x,df,z,m]]> but was:<[[[]x,df,z,m]]>
    at org.junit.Assert.assertEquals(Assert.java:115)
    at org.junit.Assert.assertEquals(Assert.java:144)
    at java_testcases.junit.POWERSET_Test.test_4(POWERSET_Test.java:37)
    at sun.reflect.NativeMethodAccessorImpl.invoke0(Native Method)
    at sun.reflect.NativeMethodAccessorImpl.invoke(NativeMethodAccessorImpl.java:62)
    at sun.reflect.DelegatingMethodAccessorImpl.invoke(DelegatingMethodAccessorImpl.java:43)
12:03:38.538 [pool-6-thread-1] INFO  xxl.java.junit.TestCasesListener - Tests run finished (10 ms)
<> Total tests run: 20
<> Ignored tests: 0
<> Failed tests: 16
~ test_0(java_testcases.junit.POWERSET_Test)
[expected:<[[[],[c],[b],[b,c],[a],[a,c],[a,b],[]a,b,c]]> but was:<[[[]a,b,c]]>]
org.junit.ComparisonFailure: expected:<[[[],[c],[b],[b,c],[a],[a,c],[a,b],[]a,b,c]]> but was:<[[[]a,b,c]]>    at org.junit.Assert.assertEquals(Assert.java:115)
    at org.junit.Assert.assertEquals(Assert.java:144)
    at java_testcases.junit.POWERSET_Test.test_0(POWERSET_Test.java:9)
    at sun.reflect.NativeMethodAccessorImpl.invoke0(Native Method)
    at sun.reflect.NativeMethodAccessorImpl.invoke(NativeMethodAccessorImpl.java:62)
    at sun.reflect.DelegatingMethodAccessorImpl.invoke(DelegatingMethodAccessorImpl.java:43)
~ test_1(java_testcases.junit.POWERSET_Test)
[expected:<[[[],[b],[a],[]a,b]]> but was:<[[[]a,b]]>]
org.junit.ComparisonFailure: expected:<[[[],[b],[a],[]a,b]]> but was:<[[[]a,b]]>    at org.junit.Assert.assertEquals(Assert.java:115)
    at org.junit.Assert.assertEquals(Assert.java:144)
    at java_testcases.junit.POWERSET_Test.test_1(POWERSET_Test.java:16)
    at sun.reflect.NativeMethodAccessorImpl.invoke0(Native Method)
    at sun.reflect.NativeMethodAccessorImpl.invoke(NativeMethodAccessorImpl.java:62)
    at sun.reflect.DelegatingMethodAccessorImpl.invoke(DelegatingMethodAccessorImpl.java:43)
~ test_2(java_testcases.junit.POWERSET_Test)
[expected:<[[[],[]a]]> but was:<[[[]a]]>]
org.junit.ComparisonFailure: expected:<[[[],[]a]]> but was:<[[[]a]]>    at org.junit.Assert.assertEquals(Assert.java:115)
    at org.junit.Assert.assertEquals(Assert.java:144)
    at java_testcases.junit.POWERSET_Test.test_2(POWERSET_Test.java:23)
    at sun.reflect.NativeMethodAccessorImpl.invoke0(Native Method)
    at sun.reflect.NativeMethodAccessorImpl.invoke(NativeMethodAccessorImpl.java:62)
    at sun.reflect.DelegatingMethodAccessorImpl.invoke(DelegatingMethodAccessorImpl.java:43)
~ test_4(java_testcases.junit.POWERSET_Test)
[expected:<[[[],[m],[z],[z,m],[df],[df,m],[df,z],[df,z,m],[x],[x,m],[x,z],[x,z,m],[x,df],[x,df,m],[x,df,z],[]x,df,z,m]]> but was:<[[[]x,df,z,m]]>]
org.junit.ComparisonFailure: expected:<[[[],[m],[z],[z,m],[df],[df,m],[df,z],[df,z,m],[x],[x,m],[x,z],[x,z,m],[x,df],[x,df,m],[x,df,z],[]x,df,z,m]]> but was:<[[[]x,df,z,m]]>    at org.junit.Assert.assertEquals(Assert.java:115)
    at org.junit.Assert.assertEquals(Assert.java:144)
    at java_testcases.junit.POWERSET_Test.test_4(POWERSET_Test.java:37)
    at sun.reflect.NativeMethodAccessorImpl.invoke0(Native Method)
    at sun.reflect.NativeMethodAccessorImpl.invoke(NativeMethodAccessorImpl.java:62)
    at sun.reflect.DelegatingMethodAccessorImpl.invoke(DelegatingMethodAccessorImpl.java:43)
~ test_0(java_testcases.junit.POWERSET_Test)
[expected:<[[[],[c],[b],[b,c],[a],[a,c],[a,b],[]a,b,c]]> but was:<[[[]a,b,c]]>]
org.junit.ComparisonFailure: expected:<[[[],[c],[b],[b,c],[a],[a,c],[a,b],[]a,b,c]]> but was:<[[[]a,b,c]]>    at org.junit.Assert.assertEquals(Assert.java:115)
    at org.junit.Assert.assertEquals(Assert.java:144)
    at java_testcases.junit.POWERSET_Test.test_0(POWERSET_Test.java:9)
    at sun.reflect.NativeMethodAccessorImpl.invoke0(Native Method)
    at sun.reflect.NativeMethodAccessorImpl.invoke(NativeMethodAccessorImpl.java:62)
    at sun.reflect.DelegatingMethodAccessorImpl.invoke(DelegatingMethodAccessorImpl.java:43)
~ test_1(java_testcases.junit.POWERSET_Test)
[expected:<[[[],[b],[a],[]a,b]]> but was:<[[[]a,b]]>]
org.junit.ComparisonFailure: expected:<[[[],[b],[a],[]a,b]]> but was:<[[[]a,b]]>    at org.junit.Assert.assertEquals(Assert.java:115)
    at org.junit.Assert.assertEquals(Assert.java:144)
    at java_testcases.junit.POWERSET_Test.test_1(POWERSET_Test.java:16)
    at sun.reflect.NativeMethodAccessorImpl.invoke0(Native Method)
    at sun.reflect.NativeMethodAccessorImpl.invoke(NativeMethodAccessorImpl.java:62)
    at sun.reflect.DelegatingMethodAccessorImpl.invoke(DelegatingMethodAccessorImpl.java:43)
~ test_2(java_testcases.junit.POWERSET_Test)
[expected:<[[[],[]a]]> but was:<[[[]a]]>]
org.junit.ComparisonFailure: expected:<[[[],[]a]]> but was:<[[[]a]]>    at org.junit.Assert.assertEquals(Assert.java:115)
    at org.junit.Assert.assertEquals(Assert.java:144)
    at java_testcases.junit.POWERSET_Test.test_2(POWERSET_Test.java:23)
    at sun.reflect.NativeMethodAccessorImpl.invoke0(Native Method)
    at sun.reflect.NativeMethodAccessorImpl.invoke(NativeMethodAccessorImpl.java:62)
    at sun.reflect.DelegatingMethodAccessorImpl.invoke(DelegatingMethodAccessorImpl.java:43)
~ test_4(java_testcases.junit.POWERSET_Test)
[expected:<[[[],[m],[z],[z,m],[df],[df,m],[df,z],[df,z,m],[x],[x,m],[x,z],[x,z,m],[x,df],[x,df,m],[x,df,z],[]x,df,z,m]]> but was:<[[[]x,df,z,m]]>]
org.junit.ComparisonFailure: expected:<[[[],[m],[z],[z,m],[df],[df,m],[df,z],[df,z,m],[x],[x,m],[x,z],[x,z,m],[x,df],[x,df,m],[x,df,z],[]x,df,z,m]]> but was:<[[[]x,df,z,m]]>    at org.junit.Assert.assertEquals(Assert.java:115)
    at org.junit.Assert.assertEquals(Assert.java:144)
    at java_testcases.junit.POWERSET_Test.test_4(POWERSET_Test.java:37)
    at sun.reflect.NativeMethodAccessorImpl.invoke0(Native Method)
    at sun.reflect.NativeMethodAccessorImpl.invoke(NativeMethodAccessorImpl.java:62)
    at sun.reflect.DelegatingMethodAccessorImpl.invoke(DelegatingMethodAccessorImpl.java:43)
~ test_0(java_testcases.junit.POWERSET_Test)
[expected:<[[[],[c],[b],[b,c],[a],[a,c],[a,b],[]a,b,c]]> but was:<[[[]a,b,c]]>]
org.junit.ComparisonFailure: expected:<[[[],[c],[b],[b,c],[a],[a,c],[a,b],[]a,b,c]]> but was:<[[[]a,b,c]]>    at org.junit.Assert.assertEquals(Assert.java:115)
    at org.junit.Assert.assertEquals(Assert.java:144)
    at java_testcases.junit.POWERSET_Test.test_0(POWERSET_Test.java:9)
    at sun.reflect.NativeMethodAccessorImpl.invoke0(Native Method)
    at sun.reflect.NativeMethodAccessorImpl.invoke(NativeMethodAccessorImpl.java:62)
    at sun.reflect.DelegatingMethodAccessorImpl.invoke(DelegatingMethodAccessorImpl.java:43)
~ test_1(java_testcases.junit.POWERSET_Test)
[expected:<[[[],[b],[a],[]a,b]]> but was:<[[[]a,b]]>]
org.junit.ComparisonFailure: expected:<[[[],[b],[a],[]a,b]]> but was:<[[[]a,b]]>    at org.junit.Assert.assertEquals(Assert.java:115)
    at org.junit.Assert.assertEquals(Assert.java:144)
    at java_testcases.junit.POWERSET_Test.test_1(POWERSET_Test.java:16)
    at sun.reflect.NativeMethodAccessorImpl.invoke0(Native Method)
    at sun.reflect.NativeMethodAccessorImpl.invoke(NativeMethodAccessorImpl.java:62)
    at sun.reflect.DelegatingMethodAccessorImpl.invoke(DelegatingMethodAccessorImpl.java:43)
~ test_2(java_testcases.junit.POWERSET_Test)
[expected:<[[[],[]a]]> but was:<[[[]a]]>]
org.junit.ComparisonFailure: expected:<[[[],[]a]]> but was:<[[[]a]]>    at org.junit.Assert.assertEquals(Assert.java:115)
    at org.junit.Assert.assertEquals(Assert.java:144)
    at java_testcases.junit.POWERSET_Test.test_2(POWERSET_Test.java:23)
    at sun.reflect.NativeMethodAccessorImpl.invoke0(Native Method)
    at sun.reflect.NativeMethodAccessorImpl.invoke(NativeMethodAccessorImpl.java:62)
    at sun.reflect.DelegatingMethodAccessorImpl.invoke(DelegatingMethodAccessorImpl.java:43)
~ test_4(java_testcases.junit.POWERSET_Test)
[expected:<[[[],[m],[z],[z,m],[df],[df,m],[df,z],[df,z,m],[x],[x,m],[x,z],[x,z,m],[x,df],[x,df,m],[x,df,z],[]x,df,z,m]]> but was:<[[[]x,df,z,m]]>]
org.junit.ComparisonFailure: expected:<[[[],[m],[z],[z,m],[df],[df,m],[df,z],[df,z,m],[x],[x,m],[x,z],[x,z,m],[x,df],[x,df,m],[x,df,z],[]x,df,z,m]]> but was:<[[[]x,df,z,m]]>    at org.junit.Assert.assertEquals(Assert.java:115)
    at org.junit.Assert.assertEquals(Assert.java:144)
    at java_testcases.junit.POWERSET_Test.test_4(POWERSET_Test.java:37)
    at sun.reflect.NativeMethodAccessorImpl.invoke0(Native Method)
    at sun.reflect.NativeMethodAccessorImpl.invoke(NativeMethodAccessorImpl.java:62)
    at sun.reflect.DelegatingMethodAccessorImpl.invoke(DelegatingMethodAccessorImpl.java:43)
~ test_0(java_testcases.junit.POWERSET_Test)
[expected:<[[[],[c],[b],[b,c],[a],[a,c],[a,b],[]a,b,c]]> but was:<[[[]a,b,c]]>]
org.junit.ComparisonFailure: expected:<[[[],[c],[b],[b,c],[a],[a,c],[a,b],[]a,b,c]]> but was:<[[[]a,b,c]]>    at org.junit.Assert.assertEquals(Assert.java:115)
    at org.junit.Assert.assertEquals(Assert.java:144)
    at java_testcases.junit.POWERSET_Test.test_0(POWERSET_Test.java:9)
    at sun.reflect.NativeMethodAccessorImpl.invoke0(Native Method)
    at sun.reflect.NativeMethodAccessorImpl.invoke(NativeMethodAccessorImpl.java:62)
    at sun.reflect.DelegatingMethodAccessorImpl.invoke(DelegatingMethodAccessorImpl.java:43)
~ test_1(java_testcases.junit.POWERSET_Test)
[expected:<[[[],[b],[a],[]a,b]]> but was:<[[[]a,b]]>]
org.junit.ComparisonFailure: expected:<[[[],[b],[a],[]a,b]]> but was:<[[[]a,b]]>    at org.junit.Assert.assertEquals(Assert.java:115)
    at org.junit.Assert.assertEquals(Assert.java:144)
    at java_testcases.junit.POWERSET_Test.test_1(POWERSET_Test.java:16)
    at sun.reflect.NativeMethodAccessorImpl.invoke0(Native Method)
    at sun.reflect.NativeMethodAccessorImpl.invoke(NativeMethodAccessorImpl.java:62)
    at sun.reflect.DelegatingMethodAccessorImpl.invoke(DelegatingMethodAccessorImpl.java:43)
~ test_2(java_testcases.junit.POWERSET_Test)
[expected:<[[[],[]a]]> but was:<[[[]a]]>]
org.junit.ComparisonFailure: expected:<[[[],[]a]]> but was:<[[[]a]]>    at org.junit.Assert.assertEquals(Assert.java:115)
    at org.junit.Assert.assertEquals(Assert.java:144)
    at java_testcases.junit.POWERSET_Test.test_2(POWERSET_Test.java:23)
    at sun.reflect.NativeMethodAccessorImpl.invoke0(Native Method)
    at sun.reflect.NativeMethodAccessorImpl.invoke(NativeMethodAccessorImpl.java:62)
    at sun.reflect.DelegatingMethodAccessorImpl.invoke(DelegatingMethodAccessorImpl.java:43)
~ test_4(java_testcases.junit.POWERSET_Test)
[expected:<[[[],[m],[z],[z,m],[df],[df,m],[df,z],[df,z,m],[x],[x,m],[x,z],[x,z,m],[x,df],[x,df,m],[x,df,z],[]x,df,z,m]]> but was:<[[[]x,df,z,m]]>]
org.junit.ComparisonFailure: expected:<[[[],[m],[z],[z,m],[df],[df,m],[df,z],[df,z,m],[x],[x,m],[x,z],[x,z,m],[x,df],[x,df,m],[x,df,z],[]x,df,z,m]]> but was:<[[[]x,df,z,m]]>    at org.junit.Assert.assertEquals(Assert.java:115)
    at org.junit.Assert.assertEquals(Assert.java:144)
    at java_testcases.junit.POWERSET_Test.test_4(POWERSET_Test.java:37)
    at sun.reflect.NativeMethodAccessorImpl.invoke0(Native Method)
    at sun.reflect.NativeMethodAccessorImpl.invoke(NativeMethodAccessorImpl.java:62)
    at sun.reflect.DelegatingMethodAccessorImpl.invoke(DelegatingMethodAccessorImpl.java:43)

12:03:38.639 [pool-2-thread-1] DEBUG fr.inria.lille.repair.nopol.NoPol - statement #10
12:03:38.639 [pool-2-thread-1] DEBUG fr.inria.lille.repair.nopol.NoPol - Analysing SourceLocation java_programs.POWERSET:26 which is executed by 4 tests
1641204030
12:03:38.684 [pool-2-thread-1] DEBUG fr.inria.lille.repair.nopol.NoPol - statement #11
12:03:38.684 [pool-2-thread-1] DEBUG fr.inria.lille.repair.nopol.NoPol - Analysing SourceLocation java_programs.POWERSET:25 which is executed by 4 tests
1641204030
12:03:38.731 [pool-2-thread-1] DEBUG fr.inria.lille.repair.nopol.NoPol - looking with class fr.inria.lille.repair.nopol.spoon.smt.ConditionalAdder
org.junit.ComparisonFailure: expected:<[[[],[c],[b],[b,c],[a],[a,c],[a,b],[]a,b,c]]> but was:<[[[]a,b,c]]>
    at org.junit.Assert.assertEquals(Assert.java:115)
    at org.junit.Assert.assertEquals(Assert.java:144)
    at java_testcases.junit.POWERSET_Test.test_0(POWERSET_Test.java:9)
    at sun.reflect.NativeMethodAccessorImpl.invoke0(Native Method)
    at sun.reflect.NativeMethodAccessorImpl.invoke(NativeMethodAccessorImpl.java:62)
    at sun.reflect.DelegatingMethodAccessorImpl.invoke(DelegatingMethodAccessorImpl.java:43)
org.junit.ComparisonFailure: expected:<[[[],[b],[a],[]a,b]]> but was:<[[[]a,b]]>
    at org.junit.Assert.assertEquals(Assert.java:115)
    at org.junit.Assert.assertEquals(Assert.java:144)
    at java_testcases.junit.POWERSET_Test.test_1(POWERSET_Test.java:16)
    at sun.reflect.NativeMethodAccessorImpl.invoke0(Native Method)
    at sun.reflect.NativeMethodAccessorImpl.invoke(NativeMethodAccessorImpl.java:62)
    at sun.reflect.DelegatingMethodAccessorImpl.invoke(DelegatingMethodAccessorImpl.java:43)
org.junit.ComparisonFailure: expected:<[[[],[]a]]> but was:<[[[]a]]>
    at org.junit.Assert.assertEquals(Assert.java:115)
    at org.junit.Assert.assertEquals(Assert.java:144)
    at java_testcases.junit.POWERSET_Test.test_2(POWERSET_Test.java:23)
    at sun.reflect.NativeMethodAccessorImpl.invoke0(Native Method)
    at sun.reflect.NativeMethodAccessorImpl.invoke(NativeMethodAccessorImpl.java:62)
    at sun.reflect.DelegatingMethodAccessorImpl.invoke(DelegatingMethodAccessorImpl.java:43)
org.junit.ComparisonFailure: expected:<[[[],[m],[z],[z,m],[df],[df,m],[df,z],[df,z,m],[x],[x,m],[x,z],[x,z,m],[x,df],[x,df,m],[x,df,z],[]x,df,z,m]]> but was:<[[[]x,df,z,m]]>
    at org.junit.Assert.assertEquals(Assert.java:115)
    at org.junit.Assert.assertEquals(Assert.java:144)
    at java_testcases.junit.POWERSET_Test.test_4(POWERSET_Test.java:37)
    at sun.reflect.NativeMethodAccessorImpl.invoke0(Native Method)
    at sun.reflect.NativeMethodAccessorImpl.invoke(NativeMethodAccessorImpl.java:62)
    at sun.reflect.DelegatingMethodAccessorImpl.invoke(DelegatingMethodAccessorImpl.java:43)
org.junit.ComparisonFailure: expected:<[[[],[c],[b],[b,c],[a],[a,c],[a,b],[]a,b,c]]> but was:<[[[]a,b,c]]>
    at org.junit.Assert.assertEquals(Assert.java:115)
    at org.junit.Assert.assertEquals(Assert.java:144)
    at java_testcases.junit.POWERSET_Test.test_0(POWERSET_Test.java:9)
    at sun.reflect.NativeMethodAccessorImpl.invoke0(Native Method)
    at sun.reflect.NativeMethodAccessorImpl.invoke(NativeMethodAccessorImpl.java:62)
    at sun.reflect.DelegatingMethodAccessorImpl.invoke(DelegatingMethodAccessorImpl.java:43)
org.junit.ComparisonFailure: expected:<[[[],[b],[a],[]a,b]]> but was:<[[[]a,b]]>
    at org.junit.Assert.assertEquals(Assert.java:115)
    at org.junit.Assert.assertEquals(Assert.java:144)
    at java_testcases.junit.POWERSET_Test.test_1(POWERSET_Test.java:16)
    at sun.reflect.NativeMethodAccessorImpl.invoke0(Native Method)
    at sun.reflect.NativeMethodAccessorImpl.invoke(NativeMethodAccessorImpl.java:62)
    at sun.reflect.DelegatingMethodAccessorImpl.invoke(DelegatingMethodAccessorImpl.java:43)
org.junit.ComparisonFailure: expected:<[[[],[]a]]> but was:<[[[]a]]>
    at org.junit.Assert.assertEquals(Assert.java:115)
    at org.junit.Assert.assertEquals(Assert.java:144)
    at java_testcases.junit.POWERSET_Test.test_2(POWERSET_Test.java:23)
    at sun.reflect.NativeMethodAccessorImpl.invoke0(Native Method)
    at sun.reflect.NativeMethodAccessorImpl.invoke(NativeMethodAccessorImpl.java:62)
    at sun.reflect.DelegatingMethodAccessorImpl.invoke(DelegatingMethodAccessorImpl.java:43)
org.junit.ComparisonFailure: expected:<[[[],[m],[z],[z,m],[df],[df,m],[df,z],[df,z,m],[x],[x,m],[x,z],[x,z,m],[x,df],[x,df,m],[x,df,z],[]x,df,z,m]]> but was:<[[[]x,df,z,m]]>
    at org.junit.Assert.assertEquals(Assert.java:115)
    at org.junit.Assert.assertEquals(Assert.java:144)
    at java_testcases.junit.POWERSET_Test.test_4(POWERSET_Test.java:37)
    at sun.reflect.NativeMethodAccessorImpl.invoke0(Native Method)
    at sun.reflect.NativeMethodAccessorImpl.invoke(NativeMethodAccessorImpl.java:62)
    at sun.reflect.DelegatingMethodAccessorImpl.invoke(DelegatingMethodAccessorImpl.java:43)
org.junit.ComparisonFailure: expected:<[[[],[c],[b],[b,c],[a],[a,c],[a,b],[]a,b,c]]> but was:<[[[]a,b,c]]>
    at org.junit.Assert.assertEquals(Assert.java:115)
    at org.junit.Assert.assertEquals(Assert.java:144)
    at java_testcases.junit.POWERSET_Test.test_0(POWERSET_Test.java:9)
    at sun.reflect.NativeMethodAccessorImpl.invoke0(Native Method)
    at sun.reflect.NativeMethodAccessorImpl.invoke(NativeMethodAccessorImpl.java:62)
    at sun.reflect.DelegatingMethodAccessorImpl.invoke(DelegatingMethodAccessorImpl.java:43)
org.junit.ComparisonFailure: expected:<[[[],[b],[a],[]a,b]]> but was:<[[[]a,b]]>
    at org.junit.Assert.assertEquals(Assert.java:115)
    at org.junit.Assert.assertEquals(Assert.java:144)
    at java_testcases.junit.POWERSET_Test.test_1(POWERSET_Test.java:16)
    at sun.reflect.NativeMethodAccessorImpl.invoke0(Native Method)
    at sun.reflect.NativeMethodAccessorImpl.invoke(NativeMethodAccessorImpl.java:62)
    at sun.reflect.DelegatingMethodAccessorImpl.invoke(DelegatingMethodAccessorImpl.java:43)
org.junit.ComparisonFailure: expected:<[[[],[]a]]> but was:<[[[]a]]>
    at org.junit.Assert.assertEquals(Assert.java:115)
    at org.junit.Assert.assertEquals(Assert.java:144)
    at java_testcases.junit.POWERSET_Test.test_2(POWERSET_Test.java:23)
    at sun.reflect.NativeMethodAccessorImpl.invoke0(Native Method)
    at sun.reflect.NativeMethodAccessorImpl.invoke(NativeMethodAccessorImpl.java:62)
    at sun.reflect.DelegatingMethodAccessorImpl.invoke(DelegatingMethodAccessorImpl.java:43)
org.junit.ComparisonFailure: expected:<[[[],[m],[z],[z,m],[df],[df,m],[df,z],[df,z,m],[x],[x,m],[x,z],[x,z,m],[x,df],[x,df,m],[x,df,z],[]x,df,z,m]]> but was:<[[[]x,df,z,m]]>
    at org.junit.Assert.assertEquals(Assert.java:115)
    at org.junit.Assert.assertEquals(Assert.java:144)
    at java_testcases.junit.POWERSET_Test.test_4(POWERSET_Test.java:37)
    at sun.reflect.NativeMethodAccessorImpl.invoke0(Native Method)
    at sun.reflect.NativeMethodAccessorImpl.invoke(NativeMethodAccessorImpl.java:62)
    at sun.reflect.DelegatingMethodAccessorImpl.invoke(DelegatingMethodAccessorImpl.java:43)
org.junit.ComparisonFailure: expected:<[[[],[c],[b],[b,c],[a],[a,c],[a,b],[]a,b,c]]> but was:<[[[]a,b,c]]>
    at org.junit.Assert.assertEquals(Assert.java:115)
    at org.junit.Assert.assertEquals(Assert.java:144)
    at java_testcases.junit.POWERSET_Test.test_0(POWERSET_Test.java:9)
    at sun.reflect.NativeMethodAccessorImpl.invoke0(Native Method)
    at sun.reflect.NativeMethodAccessorImpl.invoke(NativeMethodAccessorImpl.java:62)
    at sun.reflect.DelegatingMethodAccessorImpl.invoke(DelegatingMethodAccessorImpl.java:43)
org.junit.ComparisonFailure: expected:<[[[],[b],[a],[]a,b]]> but was:<[[[]a,b]]>
    at org.junit.Assert.assertEquals(Assert.java:115)
    at org.junit.Assert.assertEquals(Assert.java:144)
    at java_testcases.junit.POWERSET_Test.test_1(POWERSET_Test.java:16)
    at sun.reflect.NativeMethodAccessorImpl.invoke0(Native Method)
    at sun.reflect.NativeMethodAccessorImpl.invoke(NativeMethodAccessorImpl.java:62)
    at sun.reflect.DelegatingMethodAccessorImpl.invoke(DelegatingMethodAccessorImpl.java:43)
org.junit.ComparisonFailure: expected:<[[[],[]a]]> but was:<[[[]a]]>
    at org.junit.Assert.assertEquals(Assert.java:115)
    at org.junit.Assert.assertEquals(Assert.java:144)
    at java_testcases.junit.POWERSET_Test.test_2(POWERSET_Test.java:23)
    at sun.reflect.NativeMethodAccessorImpl.invoke0(Native Method)
    at sun.reflect.NativeMethodAccessorImpl.invoke(NativeMethodAccessorImpl.java:62)
    at sun.reflect.DelegatingMethodAccessorImpl.invoke(DelegatingMethodAccessorImpl.java:43)
org.junit.ComparisonFailure: expected:<[[[],[m],[z],[z,m],[df],[df,m],[df,z],[df,z,m],[x],[x,m],[x,z],[x,z,m],[x,df],[x,df,m],[x,df,z],[]x,df,z,m]]> but was:<[[[]x,df,z,m]]>
    at org.junit.Assert.assertEquals(Assert.java:115)
    at org.junit.Assert.assertEquals(Assert.java:144)
    at java_testcases.junit.POWERSET_Test.test_4(POWERSET_Test.java:37)
    at sun.reflect.NativeMethodAccessorImpl.invoke0(Native Method)
    at sun.reflect.NativeMethodAccessorImpl.invoke(NativeMethodAccessorImpl.java:62)
    at sun.reflect.DelegatingMethodAccessorImpl.invoke(DelegatingMethodAccessorImpl.java:43)
12:03:38.752 [pool-16-thread-1] INFO  xxl.java.junit.TestCasesListener - Tests run finished (17 ms)
<> Total tests run: 20
<> Ignored tests: 0
<> Failed tests: 16
~ test_0(java_testcases.junit.POWERSET_Test)
[expected:<[[[],[c],[b],[b,c],[a],[a,c],[a,b],[]a,b,c]]> but was:<[[[]a,b,c]]>]
org.junit.ComparisonFailure: expected:<[[[],[c],[b],[b,c],[a],[a,c],[a,b],[]a,b,c]]> but was:<[[[]a,b,c]]>    at org.junit.Assert.assertEquals(Assert.java:115)
    at org.junit.Assert.assertEquals(Assert.java:144)
    at java_testcases.junit.POWERSET_Test.test_0(POWERSET_Test.java:9)
    at sun.reflect.NativeMethodAccessorImpl.invoke0(Native Method)
    at sun.reflect.NativeMethodAccessorImpl.invoke(NativeMethodAccessorImpl.java:62)
    at sun.reflect.DelegatingMethodAccessorImpl.invoke(DelegatingMethodAccessorImpl.java:43)
~ test_1(java_testcases.junit.POWERSET_Test)
[expected:<[[[],[b],[a],[]a,b]]> but was:<[[[]a,b]]>]
org.junit.ComparisonFailure: expected:<[[[],[b],[a],[]a,b]]> but was:<[[[]a,b]]>    at org.junit.Assert.assertEquals(Assert.java:115)
    at org.junit.Assert.assertEquals(Assert.java:144)
    at java_testcases.junit.POWERSET_Test.test_1(POWERSET_Test.java:16)
    at sun.reflect.NativeMethodAccessorImpl.invoke0(Native Method)
    at sun.reflect.NativeMethodAccessorImpl.invoke(NativeMethodAccessorImpl.java:62)
    at sun.reflect.DelegatingMethodAccessorImpl.invoke(DelegatingMethodAccessorImpl.java:43)
~ test_2(java_testcases.junit.POWERSET_Test)
[expected:<[[[],[]a]]> but was:<[[[]a]]>]
org.junit.ComparisonFailure: expected:<[[[],[]a]]> but was:<[[[]a]]>    at org.junit.Assert.assertEquals(Assert.java:115)
    at org.junit.Assert.assertEquals(Assert.java:144)
    at java_testcases.junit.POWERSET_Test.test_2(POWERSET_Test.java:23)
    at sun.reflect.NativeMethodAccessorImpl.invoke0(Native Method)
    at sun.reflect.NativeMethodAccessorImpl.invoke(NativeMethodAccessorImpl.java:62)
    at sun.reflect.DelegatingMethodAccessorImpl.invoke(DelegatingMethodAccessorImpl.java:43)
~ test_4(java_testcases.junit.POWERSET_Test)
[expected:<[[[],[m],[z],[z,m],[df],[df,m],[df,z],[df,z,m],[x],[x,m],[x,z],[x,z,m],[x,df],[x,df,m],[x,df,z],[]x,df,z,m]]> but was:<[[[]x,df,z,m]]>]
org.junit.ComparisonFailure: expected:<[[[],[m],[z],[z,m],[df],[df,m],[df,z],[df,z,m],[x],[x,m],[x,z],[x,z,m],[x,df],[x,df,m],[x,df,z],[]x,df,z,m]]> but was:<[[[]x,df,z,m]]>    at org.junit.Assert.assertEquals(Assert.java:115)
    at org.junit.Assert.assertEquals(Assert.java:144)
    at java_testcases.junit.POWERSET_Test.test_4(POWERSET_Test.java:37)
    at sun.reflect.NativeMethodAccessorImpl.invoke0(Native Method)
    at sun.reflect.NativeMethodAccessorImpl.invoke(NativeMethodAccessorImpl.java:62)
    at sun.reflect.DelegatingMethodAccessorImpl.invoke(DelegatingMethodAccessorImpl.java:43)
~ test_0(java_testcases.junit.POWERSET_Test)
[expected:<[[[],[c],[b],[b,c],[a],[a,c],[a,b],[]a,b,c]]> but was:<[[[]a,b,c]]>]
org.junit.ComparisonFailure: expected:<[[[],[c],[b],[b,c],[a],[a,c],[a,b],[]a,b,c]]> but was:<[[[]a,b,c]]>    at org.junit.Assert.assertEquals(Assert.java:115)
    at org.junit.Assert.assertEquals(Assert.java:144)
    at java_testcases.junit.POWERSET_Test.test_0(POWERSET_Test.java:9)
    at sun.reflect.NativeMethodAccessorImpl.invoke0(Native Method)
    at sun.reflect.NativeMethodAccessorImpl.invoke(NativeMethodAccessorImpl.java:62)
    at sun.reflect.DelegatingMethodAccessorImpl.invoke(DelegatingMethodAccessorImpl.java:43)
~ test_1(java_testcases.junit.POWERSET_Test)
[expected:<[[[],[b],[a],[]a,b]]> but was:<[[[]a,b]]>]
org.junit.ComparisonFailure: expected:<[[[],[b],[a],[]a,b]]> but was:<[[[]a,b]]>    at org.junit.Assert.assertEquals(Assert.java:115)
    at org.junit.Assert.assertEquals(Assert.java:144)
    at java_testcases.junit.POWERSET_Test.test_1(POWERSET_Test.java:16)
    at sun.reflect.NativeMethodAccessorImpl.invoke0(Native Method)
    at sun.reflect.NativeMethodAccessorImpl.invoke(NativeMethodAccessorImpl.java:62)
    at sun.reflect.DelegatingMethodAccessorImpl.invoke(DelegatingMethodAccessorImpl.java:43)
~ test_2(java_testcases.junit.POWERSET_Test)
[expected:<[[[],[]a]]> but was:<[[[]a]]>]
org.junit.ComparisonFailure: expected:<[[[],[]a]]> but was:<[[[]a]]>    at org.junit.Assert.assertEquals(Assert.java:115)
    at org.junit.Assert.assertEquals(Assert.java:144)
    at java_testcases.junit.POWERSET_Test.test_2(POWERSET_Test.java:23)
    at sun.reflect.NativeMethodAccessorImpl.invoke0(Native Method)
    at sun.reflect.NativeMethodAccessorImpl.invoke(NativeMethodAccessorImpl.java:62)
    at sun.reflect.DelegatingMethodAccessorImpl.invoke(DelegatingMethodAccessorImpl.java:43)
~ test_4(java_testcases.junit.POWERSET_Test)
[expected:<[[[],[m],[z],[z,m],[df],[df,m],[df,z],[df,z,m],[x],[x,m],[x,z],[x,z,m],[x,df],[x,df,m],[x,df,z],[]x,df,z,m]]> but was:<[[[]x,df,z,m]]>]
org.junit.ComparisonFailure: expected:<[[[],[m],[z],[z,m],[df],[df,m],[df,z],[df,z,m],[x],[x,m],[x,z],[x,z,m],[x,df],[x,df,m],[x,df,z],[]x,df,z,m]]> but was:<[[[]x,df,z,m]]>    at org.junit.Assert.assertEquals(Assert.java:115)
    at org.junit.Assert.assertEquals(Assert.java:144)
    at java_testcases.junit.POWERSET_Test.test_4(POWERSET_Test.java:37)
    at sun.reflect.NativeMethodAccessorImpl.invoke0(Native Method)
    at sun.reflect.NativeMethodAccessorImpl.invoke(NativeMethodAccessorImpl.java:62)
    at sun.reflect.DelegatingMethodAccessorImpl.invoke(DelegatingMethodAccessorImpl.java:43)
~ test_0(java_testcases.junit.POWERSET_Test)
[expected:<[[[],[c],[b],[b,c],[a],[a,c],[a,b],[]a,b,c]]> but was:<[[[]a,b,c]]>]
org.junit.ComparisonFailure: expected:<[[[],[c],[b],[b,c],[a],[a,c],[a,b],[]a,b,c]]> but was:<[[[]a,b,c]]>    at org.junit.Assert.assertEquals(Assert.java:115)
    at org.junit.Assert.assertEquals(Assert.java:144)
    at java_testcases.junit.POWERSET_Test.test_0(POWERSET_Test.java:9)
    at sun.reflect.NativeMethodAccessorImpl.invoke0(Native Method)
    at sun.reflect.NativeMethodAccessorImpl.invoke(NativeMethodAccessorImpl.java:62)
    at sun.reflect.DelegatingMethodAccessorImpl.invoke(DelegatingMethodAccessorImpl.java:43)
~ test_1(java_testcases.junit.POWERSET_Test)
[expected:<[[[],[b],[a],[]a,b]]> but was:<[[[]a,b]]>]
org.junit.ComparisonFailure: expected:<[[[],[b],[a],[]a,b]]> but was:<[[[]a,b]]>    at org.junit.Assert.assertEquals(Assert.java:115)
    at org.junit.Assert.assertEquals(Assert.java:144)
    at java_testcases.junit.POWERSET_Test.test_1(POWERSET_Test.java:16)
    at sun.reflect.NativeMethodAccessorImpl.invoke0(Native Method)
    at sun.reflect.NativeMethodAccessorImpl.invoke(NativeMethodAccessorImpl.java:62)
    at sun.reflect.DelegatingMethodAccessorImpl.invoke(DelegatingMethodAccessorImpl.java:43)
~ test_2(java_testcases.junit.POWERSET_Test)
[expected:<[[[],[]a]]> but was:<[[[]a]]>]
org.junit.ComparisonFailure: expected:<[[[],[]a]]> but was:<[[[]a]]>    at org.junit.Assert.assertEquals(Assert.java:115)
    at org.junit.Assert.assertEquals(Assert.java:144)
    at java_testcases.junit.POWERSET_Test.test_2(POWERSET_Test.java:23)
    at sun.reflect.NativeMethodAccessorImpl.invoke0(Native Method)
    at sun.reflect.NativeMethodAccessorImpl.invoke(NativeMethodAccessorImpl.java:62)
    at sun.reflect.DelegatingMethodAccessorImpl.invoke(DelegatingMethodAccessorImpl.java:43)
~ test_4(java_testcases.junit.POWERSET_Test)
[expected:<[[[],[m],[z],[z,m],[df],[df,m],[df,z],[df,z,m],[x],[x,m],[x,z],[x,z,m],[x,df],[x,df,m],[x,df,z],[]x,df,z,m]]> but was:<[[[]x,df,z,m]]>]
org.junit.ComparisonFailure: expected:<[[[],[m],[z],[z,m],[df],[df,m],[df,z],[df,z,m],[x],[x,m],[x,z],[x,z,m],[x,df],[x,df,m],[x,df,z],[]x,df,z,m]]> but was:<[[[]x,df,z,m]]>    at org.junit.Assert.assertEquals(Assert.java:115)
    at org.junit.Assert.assertEquals(Assert.java:144)
    at java_testcases.junit.POWERSET_Test.test_4(POWERSET_Test.java:37)
    at sun.reflect.NativeMethodAccessorImpl.invoke0(Native Method)
    at sun.reflect.NativeMethodAccessorImpl.invoke(NativeMethodAccessorImpl.java:62)
    at sun.reflect.DelegatingMethodAccessorImpl.invoke(DelegatingMethodAccessorImpl.java:43)
~ test_0(java_testcases.junit.POWERSET_Test)
[expected:<[[[],[c],[b],[b,c],[a],[a,c],[a,b],[]a,b,c]]> but was:<[[[]a,b,c]]>]
org.junit.ComparisonFailure: expected:<[[[],[c],[b],[b,c],[a],[a,c],[a,b],[]a,b,c]]> but was:<[[[]a,b,c]]>    at org.junit.Assert.assertEquals(Assert.java:115)
    at org.junit.Assert.assertEquals(Assert.java:144)
    at java_testcases.junit.POWERSET_Test.test_0(POWERSET_Test.java:9)
    at sun.reflect.NativeMethodAccessorImpl.invoke0(Native Method)
    at sun.reflect.NativeMethodAccessorImpl.invoke(NativeMethodAccessorImpl.java:62)
    at sun.reflect.DelegatingMethodAccessorImpl.invoke(DelegatingMethodAccessorImpl.java:43)
~ test_1(java_testcases.junit.POWERSET_Test)
[expected:<[[[],[b],[a],[]a,b]]> but was:<[[[]a,b]]>]
org.junit.ComparisonFailure: expected:<[[[],[b],[a],[]a,b]]> but was:<[[[]a,b]]>    at org.junit.Assert.assertEquals(Assert.java:115)
    at org.junit.Assert.assertEquals(Assert.java:144)
    at java_testcases.junit.POWERSET_Test.test_1(POWERSET_Test.java:16)
    at sun.reflect.NativeMethodAccessorImpl.invoke0(Native Method)
    at sun.reflect.NativeMethodAccessorImpl.invoke(NativeMethodAccessorImpl.java:62)
    at sun.reflect.DelegatingMethodAccessorImpl.invoke(DelegatingMethodAccessorImpl.java:43)
~ test_2(java_testcases.junit.POWERSET_Test)
[expected:<[[[],[]a]]> but was:<[[[]a]]>]
org.junit.ComparisonFailure: expected:<[[[],[]a]]> but was:<[[[]a]]>    at org.junit.Assert.assertEquals(Assert.java:115)
    at org.junit.Assert.assertEquals(Assert.java:144)
    at java_testcases.junit.POWERSET_Test.test_2(POWERSET_Test.java:23)
    at sun.reflect.NativeMethodAccessorImpl.invoke0(Native Method)
    at sun.reflect.NativeMethodAccessorImpl.invoke(NativeMethodAccessorImpl.java:62)
    at sun.reflect.DelegatingMethodAccessorImpl.invoke(DelegatingMethodAccessorImpl.java:43)
~ test_4(java_testcases.junit.POWERSET_Test)
[expected:<[[[],[m],[z],[z,m],[df],[df,m],[df,z],[df,z,m],[x],[x,m],[x,z],[x,z,m],[x,df],[x,df,m],[x,df,z],[]x,df,z,m]]> but was:<[[[]x,df,z,m]]>]
org.junit.ComparisonFailure: expected:<[[[],[m],[z],[z,m],[df],[df,m],[df,z],[df,z,m],[x],[x,m],[x,z],[x,z,m],[x,df],[x,df,m],[x,df,z],[]x,df,z,m]]> but was:<[[[]x,df,z,m]]>    at org.junit.Assert.assertEquals(Assert.java:115)
    at org.junit.Assert.assertEquals(Assert.java:144)
    at java_testcases.junit.POWERSET_Test.test_4(POWERSET_Test.java:37)
    at sun.reflect.NativeMethodAccessorImpl.invoke0(Native Method)
    at sun.reflect.NativeMethodAccessorImpl.invoke(NativeMethodAccessorImpl.java:62)
    at sun.reflect.DelegatingMethodAccessorImpl.invoke(DelegatingMethodAccessorImpl.java:43)

12:03:38.829 [pool-2-thread-1] DEBUG fr.inria.lille.repair.nopol.NoPol - statement #12
12:03:38.830 [pool-2-thread-1] DEBUG fr.inria.lille.repair.nopol.NoPol - Analysing SourceLocation java_programs.POWERSET:24 which is executed by 4 tests
1641204030
12:03:38.866 [pool-2-thread-1] DEBUG fr.inria.lille.repair.nopol.NoPol - looking with class fr.inria.lille.repair.nopol.spoon.smt.ConditionalAdder
org.junit.ComparisonFailure: expected:<[[[],[c],[b],[b,c],[a],[a,c],[a,b],[]a,b,c]]> but was:<[[[]a,b,c]]>
    at org.junit.Assert.assertEquals(Assert.java:115)
    at org.junit.Assert.assertEquals(Assert.java:144)
    at java_testcases.junit.POWERSET_Test.test_0(POWERSET_Test.java:9)
    at sun.reflect.NativeMethodAccessorImpl.invoke0(Native Method)
    at sun.reflect.NativeMethodAccessorImpl.invoke(NativeMethodAccessorImpl.java:62)
    at sun.reflect.DelegatingMethodAccessorImpl.invoke(DelegatingMethodAccessorImpl.java:43)
org.junit.ComparisonFailure: expected:<[[[],[b],[a],[]a,b]]> but was:<[[[]a,b]]>
    at org.junit.Assert.assertEquals(Assert.java:115)
    at org.junit.Assert.assertEquals(Assert.java:144)
    at java_testcases.junit.POWERSET_Test.test_1(POWERSET_Test.java:16)
    at sun.reflect.NativeMethodAccessorImpl.invoke0(Native Method)
    at sun.reflect.NativeMethodAccessorImpl.invoke(NativeMethodAccessorImpl.java:62)
    at sun.reflect.DelegatingMethodAccessorImpl.invoke(DelegatingMethodAccessorImpl.java:43)
org.junit.ComparisonFailure: expected:<[[[],[]a]]> but was:<[[[]a]]>
    at org.junit.Assert.assertEquals(Assert.java:115)
    at org.junit.Assert.assertEquals(Assert.java:144)
    at java_testcases.junit.POWERSET_Test.test_2(POWERSET_Test.java:23)
    at sun.reflect.NativeMethodAccessorImpl.invoke0(Native Method)
    at sun.reflect.NativeMethodAccessorImpl.invoke(NativeMethodAccessorImpl.java:62)
    at sun.reflect.DelegatingMethodAccessorImpl.invoke(DelegatingMethodAccessorImpl.java:43)
org.junit.ComparisonFailure: expected:<[[[],[m],[z],[z,m],[df],[df,m],[df,z],[df,z,m],[x],[x,m],[x,z],[x,z,m],[x,df],[x,df,m],[x,df,z],[]x,df,z,m]]> but was:<[[[]x,df,z,m]]>
    at org.junit.Assert.assertEquals(Assert.java:115)
    at org.junit.Assert.assertEquals(Assert.java:144)
    at java_testcases.junit.POWERSET_Test.test_4(POWERSET_Test.java:37)
    at sun.reflect.NativeMethodAccessorImpl.invoke0(Native Method)
    at sun.reflect.NativeMethodAccessorImpl.invoke(NativeMethodAccessorImpl.java:62)
    at sun.reflect.DelegatingMethodAccessorImpl.invoke(DelegatingMethodAccessorImpl.java:43)
org.junit.ComparisonFailure: expected:<[[[],[c],[b],[b,c],[a],[a,c],[a,b],[]a,b,c]]> but was:<[[[]a,b,c]]>
    at org.junit.Assert.assertEquals(Assert.java:115)
    at org.junit.Assert.assertEquals(Assert.java:144)
    at java_testcases.junit.POWERSET_Test.test_0(POWERSET_Test.java:9)
    at sun.reflect.NativeMethodAccessorImpl.invoke0(Native Method)
    at sun.reflect.NativeMethodAccessorImpl.invoke(NativeMethodAccessorImpl.java:62)
    at sun.reflect.DelegatingMethodAccessorImpl.invoke(DelegatingMethodAccessorImpl.java:43)
org.junit.ComparisonFailure: expected:<[[[],[b],[a],[]a,b]]> but was:<[[[]a,b]]>
    at org.junit.Assert.assertEquals(Assert.java:115)
    at org.junit.Assert.assertEquals(Assert.java:144)
    at java_testcases.junit.POWERSET_Test.test_1(POWERSET_Test.java:16)
    at sun.reflect.NativeMethodAccessorImpl.invoke0(Native Method)
    at sun.reflect.NativeMethodAccessorImpl.invoke(NativeMethodAccessorImpl.java:62)
    at sun.reflect.DelegatingMethodAccessorImpl.invoke(DelegatingMethodAccessorImpl.java:43)
org.junit.ComparisonFailure: expected:<[[[],[]a]]> but was:<[[[]a]]>
    at org.junit.Assert.assertEquals(Assert.java:115)
    at org.junit.Assert.assertEquals(Assert.java:144)
    at java_testcases.junit.POWERSET_Test.test_2(POWERSET_Test.java:23)
    at sun.reflect.NativeMethodAccessorImpl.invoke0(Native Method)
    at sun.reflect.NativeMethodAccessorImpl.invoke(NativeMethodAccessorImpl.java:62)
    at sun.reflect.DelegatingMethodAccessorImpl.invoke(DelegatingMethodAccessorImpl.java:43)
org.junit.ComparisonFailure: expected:<[[[],[m],[z],[z,m],[df],[df,m],[df,z],[df,z,m],[x],[x,m],[x,z],[x,z,m],[x,df],[x,df,m],[x,df,z],[]x,df,z,m]]> but was:<[[[]x,df,z,m]]>
    at org.junit.Assert.assertEquals(Assert.java:115)
    at org.junit.Assert.assertEquals(Assert.java:144)
    at java_testcases.junit.POWERSET_Test.test_4(POWERSET_Test.java:37)
    at sun.reflect.NativeMethodAccessorImpl.invoke0(Native Method)
    at sun.reflect.NativeMethodAccessorImpl.invoke(NativeMethodAccessorImpl.java:62)
    at sun.reflect.DelegatingMethodAccessorImpl.invoke(DelegatingMethodAccessorImpl.java:43)
org.junit.ComparisonFailure: expected:<[[[],[c],[b],[b,c],[a],[a,c],[a,b],[]a,b,c]]> but was:<[[[]a,b,c]]>
    at org.junit.Assert.assertEquals(Assert.java:115)
    at org.junit.Assert.assertEquals(Assert.java:144)
    at java_testcases.junit.POWERSET_Test.test_0(POWERSET_Test.java:9)
    at sun.reflect.NativeMethodAccessorImpl.invoke0(Native Method)
    at sun.reflect.NativeMethodAccessorImpl.invoke(NativeMethodAccessorImpl.java:62)
    at sun.reflect.DelegatingMethodAccessorImpl.invoke(DelegatingMethodAccessorImpl.java:43)
org.junit.ComparisonFailure: expected:<[[[],[b],[a],[]a,b]]> but was:<[[[]a,b]]>
    at org.junit.Assert.assertEquals(Assert.java:115)
    at org.junit.Assert.assertEquals(Assert.java:144)
    at java_testcases.junit.POWERSET_Test.test_1(POWERSET_Test.java:16)
    at sun.reflect.NativeMethodAccessorImpl.invoke0(Native Method)
    at sun.reflect.NativeMethodAccessorImpl.invoke(NativeMethodAccessorImpl.java:62)
    at sun.reflect.DelegatingMethodAccessorImpl.invoke(DelegatingMethodAccessorImpl.java:43)
org.junit.ComparisonFailure: expected:<[[[],[]a]]> but was:<[[[]a]]>
    at org.junit.Assert.assertEquals(Assert.java:115)
    at org.junit.Assert.assertEquals(Assert.java:144)
    at java_testcases.junit.POWERSET_Test.test_2(POWERSET_Test.java:23)
    at sun.reflect.NativeMethodAccessorImpl.invoke0(Native Method)
    at sun.reflect.NativeMethodAccessorImpl.invoke(NativeMethodAccessorImpl.java:62)
    at sun.reflect.DelegatingMethodAccessorImpl.invoke(DelegatingMethodAccessorImpl.java:43)
org.junit.ComparisonFailure: expected:<[[[],[m],[z],[z,m],[df],[df,m],[df,z],[df,z,m],[x],[x,m],[x,z],[x,z,m],[x,df],[x,df,m],[x,df,z],[]x,df,z,m]]> but was:<[[[]x,df,z,m]]>
    at org.junit.Assert.assertEquals(Assert.java:115)
    at org.junit.Assert.assertEquals(Assert.java:144)
    at java_testcases.junit.POWERSET_Test.test_4(POWERSET_Test.java:37)
    at sun.reflect.NativeMethodAccessorImpl.invoke0(Native Method)
    at sun.reflect.NativeMethodAccessorImpl.invoke(NativeMethodAccessorImpl.java:62)
    at sun.reflect.DelegatingMethodAccessorImpl.invoke(DelegatingMethodAccessorImpl.java:43)
org.junit.ComparisonFailure: expected:<[[[],[c],[b],[b,c],[a],[a,c],[a,b],[]a,b,c]]> but was:<[[[]a,b,c]]>
    at org.junit.Assert.assertEquals(Assert.java:115)
    at org.junit.Assert.assertEquals(Assert.java:144)
    at java_testcases.junit.POWERSET_Test.test_0(POWERSET_Test.java:9)
    at sun.reflect.NativeMethodAccessorImpl.invoke0(Native Method)
    at sun.reflect.NativeMethodAccessorImpl.invoke(NativeMethodAccessorImpl.java:62)
    at sun.reflect.DelegatingMethodAccessorImpl.invoke(DelegatingMethodAccessorImpl.java:43)
org.junit.ComparisonFailure: expected:<[[[],[b],[a],[]a,b]]> but was:<[[[]a,b]]>
    at org.junit.Assert.assertEquals(Assert.java:115)
    at org.junit.Assert.assertEquals(Assert.java:144)
    at java_testcases.junit.POWERSET_Test.test_1(POWERSET_Test.java:16)
    at sun.reflect.NativeMethodAccessorImpl.invoke0(Native Method)
    at sun.reflect.NativeMethodAccessorImpl.invoke(NativeMethodAccessorImpl.java:62)
    at sun.reflect.DelegatingMethodAccessorImpl.invoke(DelegatingMethodAccessorImpl.java:43)
org.junit.ComparisonFailure: expected:<[[[],[]a]]> but was:<[[[]a]]>
    at org.junit.Assert.assertEquals(Assert.java:115)
    at org.junit.Assert.assertEquals(Assert.java:144)
    at java_testcases.junit.POWERSET_Test.test_2(POWERSET_Test.java:23)
    at sun.reflect.NativeMethodAccessorImpl.invoke0(Native Method)
    at sun.reflect.NativeMethodAccessorImpl.invoke(NativeMethodAccessorImpl.java:62)
    at sun.reflect.DelegatingMethodAccessorImpl.invoke(DelegatingMethodAccessorImpl.java:43)
org.junit.ComparisonFailure: expected:<[[[],[m],[z],[z,m],[df],[df,m],[df,z],[df,z,m],[x],[x,m],[x,z],[x,z,m],[x,df],[x,df,m],[x,df,z],[]x,df,z,m]]> but was:<[[[]x,df,z,m]]>
    at org.junit.Assert.assertEquals(Assert.java:115)
    at org.junit.Assert.assertEquals(Assert.java:144)
    at java_testcases.junit.POWERSET_Test.test_4(POWERSET_Test.java:37)
    at sun.reflect.NativeMethodAccessorImpl.invoke0(Native Method)
    at sun.reflect.NativeMethodAccessorImpl.invoke(NativeMethodAccessorImpl.java:62)
    at sun.reflect.DelegatingMethodAccessorImpl.invoke(DelegatingMethodAccessorImpl.java:43)
12:03:38.878 [pool-26-thread-1] INFO  xxl.java.junit.TestCasesListener - Tests run finished (9 ms)
<> Total tests run: 20
<> Ignored tests: 0
<> Failed tests: 16
~ test_0(java_testcases.junit.POWERSET_Test)
[expected:<[[[],[c],[b],[b,c],[a],[a,c],[a,b],[]a,b,c]]> but was:<[[[]a,b,c]]>]
org.junit.ComparisonFailure: expected:<[[[],[c],[b],[b,c],[a],[a,c],[a,b],[]a,b,c]]> but was:<[[[]a,b,c]]>    at org.junit.Assert.assertEquals(Assert.java:115)
    at org.junit.Assert.assertEquals(Assert.java:144)
    at java_testcases.junit.POWERSET_Test.test_0(POWERSET_Test.java:9)
    at sun.reflect.NativeMethodAccessorImpl.invoke0(Native Method)
    at sun.reflect.NativeMethodAccessorImpl.invoke(NativeMethodAccessorImpl.java:62)
    at sun.reflect.DelegatingMethodAccessorImpl.invoke(DelegatingMethodAccessorImpl.java:43)
~ test_1(java_testcases.junit.POWERSET_Test)
[expected:<[[[],[b],[a],[]a,b]]> but was:<[[[]a,b]]>]
org.junit.ComparisonFailure: expected:<[[[],[b],[a],[]a,b]]> but was:<[[[]a,b]]>    at org.junit.Assert.assertEquals(Assert.java:115)
    at org.junit.Assert.assertEquals(Assert.java:144)
    at java_testcases.junit.POWERSET_Test.test_1(POWERSET_Test.java:16)
    at sun.reflect.NativeMethodAccessorImpl.invoke0(Native Method)
    at sun.reflect.NativeMethodAccessorImpl.invoke(NativeMethodAccessorImpl.java:62)
    at sun.reflect.DelegatingMethodAccessorImpl.invoke(DelegatingMethodAccessorImpl.java:43)
~ test_2(java_testcases.junit.POWERSET_Test)
[expected:<[[[],[]a]]> but was:<[[[]a]]>]
org.junit.ComparisonFailure: expected:<[[[],[]a]]> but was:<[[[]a]]>    at org.junit.Assert.assertEquals(Assert.java:115)
    at org.junit.Assert.assertEquals(Assert.java:144)
    at java_testcases.junit.POWERSET_Test.test_2(POWERSET_Test.java:23)
    at sun.reflect.NativeMethodAccessorImpl.invoke0(Native Method)
    at sun.reflect.NativeMethodAccessorImpl.invoke(NativeMethodAccessorImpl.java:62)
    at sun.reflect.DelegatingMethodAccessorImpl.invoke(DelegatingMethodAccessorImpl.java:43)
~ test_4(java_testcases.junit.POWERSET_Test)
[expected:<[[[],[m],[z],[z,m],[df],[df,m],[df,z],[df,z,m],[x],[x,m],[x,z],[x,z,m],[x,df],[x,df,m],[x,df,z],[]x,df,z,m]]> but was:<[[[]x,df,z,m]]>]
org.junit.ComparisonFailure: expected:<[[[],[m],[z],[z,m],[df],[df,m],[df,z],[df,z,m],[x],[x,m],[x,z],[x,z,m],[x,df],[x,df,m],[x,df,z],[]x,df,z,m]]> but was:<[[[]x,df,z,m]]>    at org.junit.Assert.assertEquals(Assert.java:115)
    at org.junit.Assert.assertEquals(Assert.java:144)
    at java_testcases.junit.POWERSET_Test.test_4(POWERSET_Test.java:37)
    at sun.reflect.NativeMethodAccessorImpl.invoke0(Native Method)
    at sun.reflect.NativeMethodAccessorImpl.invoke(NativeMethodAccessorImpl.java:62)
    at sun.reflect.DelegatingMethodAccessorImpl.invoke(DelegatingMethodAccessorImpl.java:43)
~ test_0(java_testcases.junit.POWERSET_Test)
[expected:<[[[],[c],[b],[b,c],[a],[a,c],[a,b],[]a,b,c]]> but was:<[[[]a,b,c]]>]
org.junit.ComparisonFailure: expected:<[[[],[c],[b],[b,c],[a],[a,c],[a,b],[]a,b,c]]> but was:<[[[]a,b,c]]>    at org.junit.Assert.assertEquals(Assert.java:115)
    at org.junit.Assert.assertEquals(Assert.java:144)
    at java_testcases.junit.POWERSET_Test.test_0(POWERSET_Test.java:9)
    at sun.reflect.NativeMethodAccessorImpl.invoke0(Native Method)
    at sun.reflect.NativeMethodAccessorImpl.invoke(NativeMethodAccessorImpl.java:62)
    at sun.reflect.DelegatingMethodAccessorImpl.invoke(DelegatingMethodAccessorImpl.java:43)
~ test_1(java_testcases.junit.POWERSET_Test)
[expected:<[[[],[b],[a],[]a,b]]> but was:<[[[]a,b]]>]
org.junit.ComparisonFailure: expected:<[[[],[b],[a],[]a,b]]> but was:<[[[]a,b]]>    at org.junit.Assert.assertEquals(Assert.java:115)
    at org.junit.Assert.assertEquals(Assert.java:144)
    at java_testcases.junit.POWERSET_Test.test_1(POWERSET_Test.java:16)
    at sun.reflect.NativeMethodAccessorImpl.invoke0(Native Method)
    at sun.reflect.NativeMethodAccessorImpl.invoke(NativeMethodAccessorImpl.java:62)
    at sun.reflect.DelegatingMethodAccessorImpl.invoke(DelegatingMethodAccessorImpl.java:43)
~ test_2(java_testcases.junit.POWERSET_Test)
[expected:<[[[],[]a]]> but was:<[[[]a]]>]
org.junit.ComparisonFailure: expected:<[[[],[]a]]> but was:<[[[]a]]>    at org.junit.Assert.assertEquals(Assert.java:115)
    at org.junit.Assert.assertEquals(Assert.java:144)
    at java_testcases.junit.POWERSET_Test.test_2(POWERSET_Test.java:23)
    at sun.reflect.NativeMethodAccessorImpl.invoke0(Native Method)
    at sun.reflect.NativeMethodAccessorImpl.invoke(NativeMethodAccessorImpl.java:62)
    at sun.reflect.DelegatingMethodAccessorImpl.invoke(DelegatingMethodAccessorImpl.java:43)
~ test_4(java_testcases.junit.POWERSET_Test)
[expected:<[[[],[m],[z],[z,m],[df],[df,m],[df,z],[df,z,m],[x],[x,m],[x,z],[x,z,m],[x,df],[x,df,m],[x,df,z],[]x,df,z,m]]> but was:<[[[]x,df,z,m]]>]
org.junit.ComparisonFailure: expected:<[[[],[m],[z],[z,m],[df],[df,m],[df,z],[df,z,m],[x],[x,m],[x,z],[x,z,m],[x,df],[x,df,m],[x,df,z],[]x,df,z,m]]> but was:<[[[]x,df,z,m]]>    at org.junit.Assert.assertEquals(Assert.java:115)
    at org.junit.Assert.assertEquals(Assert.java:144)
    at java_testcases.junit.POWERSET_Test.test_4(POWERSET_Test.java:37)
    at sun.reflect.NativeMethodAccessorImpl.invoke0(Native Method)
    at sun.reflect.NativeMethodAccessorImpl.invoke(NativeMethodAccessorImpl.java:62)
    at sun.reflect.DelegatingMethodAccessorImpl.invoke(DelegatingMethodAccessorImpl.java:43)
~ test_0(java_testcases.junit.POWERSET_Test)
[expected:<[[[],[c],[b],[b,c],[a],[a,c],[a,b],[]a,b,c]]> but was:<[[[]a,b,c]]>]
org.junit.ComparisonFailure: expected:<[[[],[c],[b],[b,c],[a],[a,c],[a,b],[]a,b,c]]> but was:<[[[]a,b,c]]>    at org.junit.Assert.assertEquals(Assert.java:115)
    at org.junit.Assert.assertEquals(Assert.java:144)
    at java_testcases.junit.POWERSET_Test.test_0(POWERSET_Test.java:9)
    at sun.reflect.NativeMethodAccessorImpl.invoke0(Native Method)
    at sun.reflect.NativeMethodAccessorImpl.invoke(NativeMethodAccessorImpl.java:62)
    at sun.reflect.DelegatingMethodAccessorImpl.invoke(DelegatingMethodAccessorImpl.java:43)
~ test_1(java_testcases.junit.POWERSET_Test)
[expected:<[[[],[b],[a],[]a,b]]> but was:<[[[]a,b]]>]
org.junit.ComparisonFailure: expected:<[[[],[b],[a],[]a,b]]> but was:<[[[]a,b]]>    at org.junit.Assert.assertEquals(Assert.java:115)
    at org.junit.Assert.assertEquals(Assert.java:144)
    at java_testcases.junit.POWERSET_Test.test_1(POWERSET_Test.java:16)
    at sun.reflect.NativeMethodAccessorImpl.invoke0(Native Method)
    at sun.reflect.NativeMethodAccessorImpl.invoke(NativeMethodAccessorImpl.java:62)
    at sun.reflect.DelegatingMethodAccessorImpl.invoke(DelegatingMethodAccessorImpl.java:43)
~ test_2(java_testcases.junit.POWERSET_Test)
[expected:<[[[],[]a]]> but was:<[[[]a]]>]
org.junit.ComparisonFailure: expected:<[[[],[]a]]> but was:<[[[]a]]>    at org.junit.Assert.assertEquals(Assert.java:115)
    at org.junit.Assert.assertEquals(Assert.java:144)
    at java_testcases.junit.POWERSET_Test.test_2(POWERSET_Test.java:23)
    at sun.reflect.NativeMethodAccessorImpl.invoke0(Native Method)
    at sun.reflect.NativeMethodAccessorImpl.invoke(NativeMethodAccessorImpl.java:62)
    at sun.reflect.DelegatingMethodAccessorImpl.invoke(DelegatingMethodAccessorImpl.java:43)
~ test_4(java_testcases.junit.POWERSET_Test)
[expected:<[[[],[m],[z],[z,m],[df],[df,m],[df,z],[df,z,m],[x],[x,m],[x,z],[x,z,m],[x,df],[x,df,m],[x,df,z],[]x,df,z,m]]> but was:<[[[]x,df,z,m]]>]
org.junit.ComparisonFailure: expected:<[[[],[m],[z],[z,m],[df],[df,m],[df,z],[df,z,m],[x],[x,m],[x,z],[x,z,m],[x,df],[x,df,m],[x,df,z],[]x,df,z,m]]> but was:<[[[]x,df,z,m]]>    at org.junit.Assert.assertEquals(Assert.java:115)
    at org.junit.Assert.assertEquals(Assert.java:144)
    at java_testcases.junit.POWERSET_Test.test_4(POWERSET_Test.java:37)
    at sun.reflect.NativeMethodAccessorImpl.invoke0(Native Method)
    at sun.reflect.NativeMethodAccessorImpl.invoke(NativeMethodAccessorImpl.java:62)
    at sun.reflect.DelegatingMethodAccessorImpl.invoke(DelegatingMethodAccessorImpl.java:43)
~ test_0(java_testcases.junit.POWERSET_Test)
[expected:<[[[],[c],[b],[b,c],[a],[a,c],[a,b],[]a,b,c]]> but was:<[[[]a,b,c]]>]
org.junit.ComparisonFailure: expected:<[[[],[c],[b],[b,c],[a],[a,c],[a,b],[]a,b,c]]> but was:<[[[]a,b,c]]>    at org.junit.Assert.assertEquals(Assert.java:115)
    at org.junit.Assert.assertEquals(Assert.java:144)
    at java_testcases.junit.POWERSET_Test.test_0(POWERSET_Test.java:9)
    at sun.reflect.NativeMethodAccessorImpl.invoke0(Native Method)
    at sun.reflect.NativeMethodAccessorImpl.invoke(NativeMethodAccessorImpl.java:62)
    at sun.reflect.DelegatingMethodAccessorImpl.invoke(DelegatingMethodAccessorImpl.java:43)
~ test_1(java_testcases.junit.POWERSET_Test)
[expected:<[[[],[b],[a],[]a,b]]> but was:<[[[]a,b]]>]
org.junit.ComparisonFailure: expected:<[[[],[b],[a],[]a,b]]> but was:<[[[]a,b]]>    at org.junit.Assert.assertEquals(Assert.java:115)
    at org.junit.Assert.assertEquals(Assert.java:144)
    at java_testcases.junit.POWERSET_Test.test_1(POWERSET_Test.java:16)
    at sun.reflect.NativeMethodAccessorImpl.invoke0(Native Method)
    at sun.reflect.NativeMethodAccessorImpl.invoke(NativeMethodAccessorImpl.java:62)
    at sun.reflect.DelegatingMethodAccessorImpl.invoke(DelegatingMethodAccessorImpl.java:43)
~ test_2(java_testcases.junit.POWERSET_Test)
[expected:<[[[],[]a]]> but was:<[[[]a]]>]
org.junit.ComparisonFailure: expected:<[[[],[]a]]> but was:<[[[]a]]>    at org.junit.Assert.assertEquals(Assert.java:115)
    at org.junit.Assert.assertEquals(Assert.java:144)
    at java_testcases.junit.POWERSET_Test.test_2(POWERSET_Test.java:23)
    at sun.reflect.NativeMethodAccessorImpl.invoke0(Native Method)
    at sun.reflect.NativeMethodAccessorImpl.invoke(NativeMethodAccessorImpl.java:62)
    at sun.reflect.DelegatingMethodAccessorImpl.invoke(DelegatingMethodAccessorImpl.java:43)
~ test_4(java_testcases.junit.POWERSET_Test)
[expected:<[[[],[m],[z],[z,m],[df],[df,m],[df,z],[df,z,m],[x],[x,m],[x,z],[x,z,m],[x,df],[x,df,m],[x,df,z],[]x,df,z,m]]> but was:<[[[]x,df,z,m]]>]
org.junit.ComparisonFailure: expected:<[[[],[m],[z],[z,m],[df],[df,m],[df,z],[df,z,m],[x],[x,m],[x,z],[x,z,m],[x,df],[x,df,m],[x,df,z],[]x,df,z,m]]> but was:<[[[]x,df,z,m]]>    at org.junit.Assert.assertEquals(Assert.java:115)
    at org.junit.Assert.assertEquals(Assert.java:144)
    at java_testcases.junit.POWERSET_Test.test_4(POWERSET_Test.java:37)
    at sun.reflect.NativeMethodAccessorImpl.invoke0(Native Method)
    at sun.reflect.NativeMethodAccessorImpl.invoke(NativeMethodAccessorImpl.java:62)
    at sun.reflect.DelegatingMethodAccessorImpl.invoke(DelegatingMethodAccessorImpl.java:43)

12:03:38.955 [pool-2-thread-1] DEBUG fr.inria.lille.repair.nopol.NoPol - statement #13
12:03:38.955 [pool-2-thread-1] DEBUG fr.inria.lille.repair.nopol.NoPol - Analysing SourceLocation java_programs.POWERSET:23 which is executed by 4 tests
1641204030
12:03:39.000 [pool-2-thread-1] DEBUG fr.inria.lille.repair.nopol.NoPol - looking with class fr.inria.lille.repair.nopol.spoon.smt.ConditionalAdder
org.junit.ComparisonFailure: expected:<[[[],[c],[b],[b,c],[a],[a,c],[a,b],[]a,b,c]]> but was:<[[[]a,b,c]]>
    at org.junit.Assert.assertEquals(Assert.java:115)
    at org.junit.Assert.assertEquals(Assert.java:144)
    at java_testcases.junit.POWERSET_Test.test_0(POWERSET_Test.java:9)
    at sun.reflect.NativeMethodAccessorImpl.invoke0(Native Method)
    at sun.reflect.NativeMethodAccessorImpl.invoke(NativeMethodAccessorImpl.java:62)
    at sun.reflect.DelegatingMethodAccessorImpl.invoke(DelegatingMethodAccessorImpl.java:43)
org.junit.ComparisonFailure: expected:<[[[],[b],[a],[]a,b]]> but was:<[[[]a,b]]>
    at org.junit.Assert.assertEquals(Assert.java:115)
    at org.junit.Assert.assertEquals(Assert.java:144)
    at java_testcases.junit.POWERSET_Test.test_1(POWERSET_Test.java:16)
    at sun.reflect.NativeMethodAccessorImpl.invoke0(Native Method)
    at sun.reflect.NativeMethodAccessorImpl.invoke(NativeMethodAccessorImpl.java:62)
    at sun.reflect.DelegatingMethodAccessorImpl.invoke(DelegatingMethodAccessorImpl.java:43)
org.junit.ComparisonFailure: expected:<[[[],[]a]]> but was:<[[[]a]]>
    at org.junit.Assert.assertEquals(Assert.java:115)
    at org.junit.Assert.assertEquals(Assert.java:144)
    at java_testcases.junit.POWERSET_Test.test_2(POWERSET_Test.java:23)
    at sun.reflect.NativeMethodAccessorImpl.invoke0(Native Method)
    at sun.reflect.NativeMethodAccessorImpl.invoke(NativeMethodAccessorImpl.java:62)
    at sun.reflect.DelegatingMethodAccessorImpl.invoke(DelegatingMethodAccessorImpl.java:43)
org.junit.ComparisonFailure: expected:<[[[],[m],[z],[z,m],[df],[df,m],[df,z],[df,z,m],[x],[x,m],[x,z],[x,z,m],[x,df],[x,df,m],[x,df,z],[]x,df,z,m]]> but was:<[[[]x,df,z,m]]>
    at org.junit.Assert.assertEquals(Assert.java:115)
    at org.junit.Assert.assertEquals(Assert.java:144)
    at java_testcases.junit.POWERSET_Test.test_4(POWERSET_Test.java:37)
    at sun.reflect.NativeMethodAccessorImpl.invoke0(Native Method)
    at sun.reflect.NativeMethodAccessorImpl.invoke(NativeMethodAccessorImpl.java:62)
    at sun.reflect.DelegatingMethodAccessorImpl.invoke(DelegatingMethodAccessorImpl.java:43)
org.junit.ComparisonFailure: expected:<[[[],[c],[b],[b,c],[a],[a,c],[a,b],[]a,b,c]]> but was:<[[[]a,b,c]]>
    at org.junit.Assert.assertEquals(Assert.java:115)
    at org.junit.Assert.assertEquals(Assert.java:144)
    at java_testcases.junit.POWERSET_Test.test_0(POWERSET_Test.java:9)
    at sun.reflect.NativeMethodAccessorImpl.invoke0(Native Method)
    at sun.reflect.NativeMethodAccessorImpl.invoke(NativeMethodAccessorImpl.java:62)
    at sun.reflect.DelegatingMethodAccessorImpl.invoke(DelegatingMethodAccessorImpl.java:43)
org.junit.ComparisonFailure: expected:<[[[],[b],[a],[]a,b]]> but was:<[[[]a,b]]>
    at org.junit.Assert.assertEquals(Assert.java:115)
    at org.junit.Assert.assertEquals(Assert.java:144)
    at java_testcases.junit.POWERSET_Test.test_1(POWERSET_Test.java:16)
    at sun.reflect.NativeMethodAccessorImpl.invoke0(Native Method)
    at sun.reflect.NativeMethodAccessorImpl.invoke(NativeMethodAccessorImpl.java:62)
    at sun.reflect.DelegatingMethodAccessorImpl.invoke(DelegatingMethodAccessorImpl.java:43)
org.junit.ComparisonFailure: expected:<[[[],[]a]]> but was:<[[[]a]]>
    at org.junit.Assert.assertEquals(Assert.java:115)
    at org.junit.Assert.assertEquals(Assert.java:144)
    at java_testcases.junit.POWERSET_Test.test_2(POWERSET_Test.java:23)
    at sun.reflect.NativeMethodAccessorImpl.invoke0(Native Method)
    at sun.reflect.NativeMethodAccessorImpl.invoke(NativeMethodAccessorImpl.java:62)
    at sun.reflect.DelegatingMethodAccessorImpl.invoke(DelegatingMethodAccessorImpl.java:43)
org.junit.ComparisonFailure: expected:<[[[],[m],[z],[z,m],[df],[df,m],[df,z],[df,z,m],[x],[x,m],[x,z],[x,z,m],[x,df],[x,df,m],[x,df,z],[]x,df,z,m]]> but was:<[[[]x,df,z,m]]>
    at org.junit.Assert.assertEquals(Assert.java:115)
    at org.junit.Assert.assertEquals(Assert.java:144)
    at java_testcases.junit.POWERSET_Test.test_4(POWERSET_Test.java:37)
    at sun.reflect.NativeMethodAccessorImpl.invoke0(Native Method)
    at sun.reflect.NativeMethodAccessorImpl.invoke(NativeMethodAccessorImpl.java:62)
    at sun.reflect.DelegatingMethodAccessorImpl.invoke(DelegatingMethodAccessorImpl.java:43)
org.junit.ComparisonFailure: expected:<[[[],[c],[b],[b,c],[a],[a,c],[a,b],[]a,b,c]]> but was:<[[[]a,b,c]]>
    at org.junit.Assert.assertEquals(Assert.java:115)
    at org.junit.Assert.assertEquals(Assert.java:144)
    at java_testcases.junit.POWERSET_Test.test_0(POWERSET_Test.java:9)
    at sun.reflect.NativeMethodAccessorImpl.invoke0(Native Method)
    at sun.reflect.NativeMethodAccessorImpl.invoke(NativeMethodAccessorImpl.java:62)
    at sun.reflect.DelegatingMethodAccessorImpl.invoke(DelegatingMethodAccessorImpl.java:43)
org.junit.ComparisonFailure: expected:<[[[],[b],[a],[]a,b]]> but was:<[[[]a,b]]>
    at org.junit.Assert.assertEquals(Assert.java:115)
    at org.junit.Assert.assertEquals(Assert.java:144)
    at java_testcases.junit.POWERSET_Test.test_1(POWERSET_Test.java:16)
    at sun.reflect.NativeMethodAccessorImpl.invoke0(Native Method)
    at sun.reflect.NativeMethodAccessorImpl.invoke(NativeMethodAccessorImpl.java:62)
    at sun.reflect.DelegatingMethodAccessorImpl.invoke(DelegatingMethodAccessorImpl.java:43)
org.junit.ComparisonFailure: expected:<[[[],[]a]]> but was:<[[[]a]]>
    at org.junit.Assert.assertEquals(Assert.java:115)
    at org.junit.Assert.assertEquals(Assert.java:144)
    at java_testcases.junit.POWERSET_Test.test_2(POWERSET_Test.java:23)
    at sun.reflect.NativeMethodAccessorImpl.invoke0(Native Method)
    at sun.reflect.NativeMethodAccessorImpl.invoke(NativeMethodAccessorImpl.java:62)
    at sun.reflect.DelegatingMethodAccessorImpl.invoke(DelegatingMethodAccessorImpl.java:43)
org.junit.ComparisonFailure: expected:<[[[],[m],[z],[z,m],[df],[df,m],[df,z],[df,z,m],[x],[x,m],[x,z],[x,z,m],[x,df],[x,df,m],[x,df,z],[]x,df,z,m]]> but was:<[[[]x,df,z,m]]>
    at org.junit.Assert.assertEquals(Assert.java:115)
    at org.junit.Assert.assertEquals(Assert.java:144)
    at java_testcases.junit.POWERSET_Test.test_4(POWERSET_Test.java:37)
    at sun.reflect.NativeMethodAccessorImpl.invoke0(Native Method)
    at sun.reflect.NativeMethodAccessorImpl.invoke(NativeMethodAccessorImpl.java:62)
    at sun.reflect.DelegatingMethodAccessorImpl.invoke(DelegatingMethodAccessorImpl.java:43)
org.junit.ComparisonFailure: expected:<[[[],[c],[b],[b,c],[a],[a,c],[a,b],[]a,b,c]]> but was:<[[[]a,b,c]]>
    at org.junit.Assert.assertEquals(Assert.java:115)
    at org.junit.Assert.assertEquals(Assert.java:144)
    at java_testcases.junit.POWERSET_Test.test_0(POWERSET_Test.java:9)
    at sun.reflect.NativeMethodAccessorImpl.invoke0(Native Method)
    at sun.reflect.NativeMethodAccessorImpl.invoke(NativeMethodAccessorImpl.java:62)
    at sun.reflect.DelegatingMethodAccessorImpl.invoke(DelegatingMethodAccessorImpl.java:43)
org.junit.ComparisonFailure: expected:<[[[],[b],[a],[]a,b]]> but was:<[[[]a,b]]>
    at org.junit.Assert.assertEquals(Assert.java:115)
    at org.junit.Assert.assertEquals(Assert.java:144)
    at java_testcases.junit.POWERSET_Test.test_1(POWERSET_Test.java:16)
    at sun.reflect.NativeMethodAccessorImpl.invoke0(Native Method)
    at sun.reflect.NativeMethodAccessorImpl.invoke(NativeMethodAccessorImpl.java:62)
    at sun.reflect.DelegatingMethodAccessorImpl.invoke(DelegatingMethodAccessorImpl.java:43)
org.junit.ComparisonFailure: expected:<[[[],[]a]]> but was:<[[[]a]]>
    at org.junit.Assert.assertEquals(Assert.java:115)
    at org.junit.Assert.assertEquals(Assert.java:144)
    at java_testcases.junit.POWERSET_Test.test_2(POWERSET_Test.java:23)
    at sun.reflect.NativeMethodAccessorImpl.invoke0(Native Method)
    at sun.reflect.NativeMethodAccessorImpl.invoke(NativeMethodAccessorImpl.java:62)
    at sun.reflect.DelegatingMethodAccessorImpl.invoke(DelegatingMethodAccessorImpl.java:43)
org.junit.ComparisonFailure: expected:<[[[],[m],[z],[z,m],[df],[df,m],[df,z],[df,z,m],[x],[x,m],[x,z],[x,z,m],[x,df],[x,df,m],[x,df,z],[]x,df,z,m]]> but was:<[[[]x,df,z,m]]>
    at org.junit.Assert.assertEquals(Assert.java:115)
    at org.junit.Assert.assertEquals(Assert.java:144)
    at java_testcases.junit.POWERSET_Test.test_4(POWERSET_Test.java:37)
    at sun.reflect.NativeMethodAccessorImpl.invoke0(Native Method)
    at sun.reflect.NativeMethodAccessorImpl.invoke(NativeMethodAccessorImpl.java:62)
    at sun.reflect.DelegatingMethodAccessorImpl.invoke(DelegatingMethodAccessorImpl.java:43)
12:03:39.010 [pool-36-thread-1] INFO  xxl.java.junit.TestCasesListener - Tests run finished (8 ms)
<> Total tests run: 20
<> Ignored tests: 0
<> Failed tests: 16
~ test_0(java_testcases.junit.POWERSET_Test)
[expected:<[[[],[c],[b],[b,c],[a],[a,c],[a,b],[]a,b,c]]> but was:<[[[]a,b,c]]>]
org.junit.ComparisonFailure: expected:<[[[],[c],[b],[b,c],[a],[a,c],[a,b],[]a,b,c]]> but was:<[[[]a,b,c]]>    at org.junit.Assert.assertEquals(Assert.java:115)
    at org.junit.Assert.assertEquals(Assert.java:144)
    at java_testcases.junit.POWERSET_Test.test_0(POWERSET_Test.java:9)
    at sun.reflect.NativeMethodAccessorImpl.invoke0(Native Method)
    at sun.reflect.NativeMethodAccessorImpl.invoke(NativeMethodAccessorImpl.java:62)
    at sun.reflect.DelegatingMethodAccessorImpl.invoke(DelegatingMethodAccessorImpl.java:43)
~ test_1(java_testcases.junit.POWERSET_Test)
[expected:<[[[],[b],[a],[]a,b]]> but was:<[[[]a,b]]>]
org.junit.ComparisonFailure: expected:<[[[],[b],[a],[]a,b]]> but was:<[[[]a,b]]>    at org.junit.Assert.assertEquals(Assert.java:115)
    at org.junit.Assert.assertEquals(Assert.java:144)
    at java_testcases.junit.POWERSET_Test.test_1(POWERSET_Test.java:16)
    at sun.reflect.NativeMethodAccessorImpl.invoke0(Native Method)
    at sun.reflect.NativeMethodAccessorImpl.invoke(NativeMethodAccessorImpl.java:62)
    at sun.reflect.DelegatingMethodAccessorImpl.invoke(DelegatingMethodAccessorImpl.java:43)
~ test_2(java_testcases.junit.POWERSET_Test)
[expected:<[[[],[]a]]> but was:<[[[]a]]>]
org.junit.ComparisonFailure: expected:<[[[],[]a]]> but was:<[[[]a]]>    at org.junit.Assert.assertEquals(Assert.java:115)
    at org.junit.Assert.assertEquals(Assert.java:144)
    at java_testcases.junit.POWERSET_Test.test_2(POWERSET_Test.java:23)
    at sun.reflect.NativeMethodAccessorImpl.invoke0(Native Method)
    at sun.reflect.NativeMethodAccessorImpl.invoke(NativeMethodAccessorImpl.java:62)
    at sun.reflect.DelegatingMethodAccessorImpl.invoke(DelegatingMethodAccessorImpl.java:43)
~ test_4(java_testcases.junit.POWERSET_Test)
[expected:<[[[],[m],[z],[z,m],[df],[df,m],[df,z],[df,z,m],[x],[x,m],[x,z],[x,z,m],[x,df],[x,df,m],[x,df,z],[]x,df,z,m]]> but was:<[[[]x,df,z,m]]>]
org.junit.ComparisonFailure: expected:<[[[],[m],[z],[z,m],[df],[df,m],[df,z],[df,z,m],[x],[x,m],[x,z],[x,z,m],[x,df],[x,df,m],[x,df,z],[]x,df,z,m]]> but was:<[[[]x,df,z,m]]>    at org.junit.Assert.assertEquals(Assert.java:115)
    at org.junit.Assert.assertEquals(Assert.java:144)
    at java_testcases.junit.POWERSET_Test.test_4(POWERSET_Test.java:37)
    at sun.reflect.NativeMethodAccessorImpl.invoke0(Native Method)
    at sun.reflect.NativeMethodAccessorImpl.invoke(NativeMethodAccessorImpl.java:62)
    at sun.reflect.DelegatingMethodAccessorImpl.invoke(DelegatingMethodAccessorImpl.java:43)
~ test_0(java_testcases.junit.POWERSET_Test)
[expected:<[[[],[c],[b],[b,c],[a],[a,c],[a,b],[]a,b,c]]> but was:<[[[]a,b,c]]>]
org.junit.ComparisonFailure: expected:<[[[],[c],[b],[b,c],[a],[a,c],[a,b],[]a,b,c]]> but was:<[[[]a,b,c]]>    at org.junit.Assert.assertEquals(Assert.java:115)
    at org.junit.Assert.assertEquals(Assert.java:144)
    at java_testcases.junit.POWERSET_Test.test_0(POWERSET_Test.java:9)
    at sun.reflect.NativeMethodAccessorImpl.invoke0(Native Method)
    at sun.reflect.NativeMethodAccessorImpl.invoke(NativeMethodAccessorImpl.java:62)
    at sun.reflect.DelegatingMethodAccessorImpl.invoke(DelegatingMethodAccessorImpl.java:43)
~ test_1(java_testcases.junit.POWERSET_Test)
[expected:<[[[],[b],[a],[]a,b]]> but was:<[[[]a,b]]>]
org.junit.ComparisonFailure: expected:<[[[],[b],[a],[]a,b]]> but was:<[[[]a,b]]>    at org.junit.Assert.assertEquals(Assert.java:115)
    at org.junit.Assert.assertEquals(Assert.java:144)
    at java_testcases.junit.POWERSET_Test.test_1(POWERSET_Test.java:16)
    at sun.reflect.NativeMethodAccessorImpl.invoke0(Native Method)
    at sun.reflect.NativeMethodAccessorImpl.invoke(NativeMethodAccessorImpl.java:62)
    at sun.reflect.DelegatingMethodAccessorImpl.invoke(DelegatingMethodAccessorImpl.java:43)
~ test_2(java_testcases.junit.POWERSET_Test)
[expected:<[[[],[]a]]> but was:<[[[]a]]>]
org.junit.ComparisonFailure: expected:<[[[],[]a]]> but was:<[[[]a]]>    at org.junit.Assert.assertEquals(Assert.java:115)
    at org.junit.Assert.assertEquals(Assert.java:144)
    at java_testcases.junit.POWERSET_Test.test_2(POWERSET_Test.java:23)
    at sun.reflect.NativeMethodAccessorImpl.invoke0(Native Method)
    at sun.reflect.NativeMethodAccessorImpl.invoke(NativeMethodAccessorImpl.java:62)
    at sun.reflect.DelegatingMethodAccessorImpl.invoke(DelegatingMethodAccessorImpl.java:43)
~ test_4(java_testcases.junit.POWERSET_Test)
[expected:<[[[],[m],[z],[z,m],[df],[df,m],[df,z],[df,z,m],[x],[x,m],[x,z],[x,z,m],[x,df],[x,df,m],[x,df,z],[]x,df,z,m]]> but was:<[[[]x,df,z,m]]>]
org.junit.ComparisonFailure: expected:<[[[],[m],[z],[z,m],[df],[df,m],[df,z],[df,z,m],[x],[x,m],[x,z],[x,z,m],[x,df],[x,df,m],[x,df,z],[]x,df,z,m]]> but was:<[[[]x,df,z,m]]>    at org.junit.Assert.assertEquals(Assert.java:115)
    at org.junit.Assert.assertEquals(Assert.java:144)
    at java_testcases.junit.POWERSET_Test.test_4(POWERSET_Test.java:37)
    at sun.reflect.NativeMethodAccessorImpl.invoke0(Native Method)
    at sun.reflect.NativeMethodAccessorImpl.invoke(NativeMethodAccessorImpl.java:62)
    at sun.reflect.DelegatingMethodAccessorImpl.invoke(DelegatingMethodAccessorImpl.java:43)
~ test_0(java_testcases.junit.POWERSET_Test)
[expected:<[[[],[c],[b],[b,c],[a],[a,c],[a,b],[]a,b,c]]> but was:<[[[]a,b,c]]>]
org.junit.ComparisonFailure: expected:<[[[],[c],[b],[b,c],[a],[a,c],[a,b],[]a,b,c]]> but was:<[[[]a,b,c]]>    at org.junit.Assert.assertEquals(Assert.java:115)
    at org.junit.Assert.assertEquals(Assert.java:144)
    at java_testcases.junit.POWERSET_Test.test_0(POWERSET_Test.java:9)
    at sun.reflect.NativeMethodAccessorImpl.invoke0(Native Method)
    at sun.reflect.NativeMethodAccessorImpl.invoke(NativeMethodAccessorImpl.java:62)
    at sun.reflect.DelegatingMethodAccessorImpl.invoke(DelegatingMethodAccessorImpl.java:43)
~ test_1(java_testcases.junit.POWERSET_Test)
[expected:<[[[],[b],[a],[]a,b]]> but was:<[[[]a,b]]>]
org.junit.ComparisonFailure: expected:<[[[],[b],[a],[]a,b]]> but was:<[[[]a,b]]>    at org.junit.Assert.assertEquals(Assert.java:115)
    at org.junit.Assert.assertEquals(Assert.java:144)
    at java_testcases.junit.POWERSET_Test.test_1(POWERSET_Test.java:16)
    at sun.reflect.NativeMethodAccessorImpl.invoke0(Native Method)
    at sun.reflect.NativeMethodAccessorImpl.invoke(NativeMethodAccessorImpl.java:62)
    at sun.reflect.DelegatingMethodAccessorImpl.invoke(DelegatingMethodAccessorImpl.java:43)
~ test_2(java_testcases.junit.POWERSET_Test)
[expected:<[[[],[]a]]> but was:<[[[]a]]>]
org.junit.ComparisonFailure: expected:<[[[],[]a]]> but was:<[[[]a]]>    at org.junit.Assert.assertEquals(Assert.java:115)
    at org.junit.Assert.assertEquals(Assert.java:144)
    at java_testcases.junit.POWERSET_Test.test_2(POWERSET_Test.java:23)
    at sun.reflect.NativeMethodAccessorImpl.invoke0(Native Method)
    at sun.reflect.NativeMethodAccessorImpl.invoke(NativeMethodAccessorImpl.java:62)
    at sun.reflect.DelegatingMethodAccessorImpl.invoke(DelegatingMethodAccessorImpl.java:43)
~ test_4(java_testcases.junit.POWERSET_Test)
[expected:<[[[],[m],[z],[z,m],[df],[df,m],[df,z],[df,z,m],[x],[x,m],[x,z],[x,z,m],[x,df],[x,df,m],[x,df,z],[]x,df,z,m]]> but was:<[[[]x,df,z,m]]>]
org.junit.ComparisonFailure: expected:<[[[],[m],[z],[z,m],[df],[df,m],[df,z],[df,z,m],[x],[x,m],[x,z],[x,z,m],[x,df],[x,df,m],[x,df,z],[]x,df,z,m]]> but was:<[[[]x,df,z,m]]>    at org.junit.Assert.assertEquals(Assert.java:115)
    at org.junit.Assert.assertEquals(Assert.java:144)
    at java_testcases.junit.POWERSET_Test.test_4(POWERSET_Test.java:37)
    at sun.reflect.NativeMethodAccessorImpl.invoke0(Native Method)
    at sun.reflect.NativeMethodAccessorImpl.invoke(NativeMethodAccessorImpl.java:62)
    at sun.reflect.DelegatingMethodAccessorImpl.invoke(DelegatingMethodAccessorImpl.java:43)
~ test_0(java_testcases.junit.POWERSET_Test)
[expected:<[[[],[c],[b],[b,c],[a],[a,c],[a,b],[]a,b,c]]> but was:<[[[]a,b,c]]>]
org.junit.ComparisonFailure: expected:<[[[],[c],[b],[b,c],[a],[a,c],[a,b],[]a,b,c]]> but was:<[[[]a,b,c]]>    at org.junit.Assert.assertEquals(Assert.java:115)
    at org.junit.Assert.assertEquals(Assert.java:144)
    at java_testcases.junit.POWERSET_Test.test_0(POWERSET_Test.java:9)
    at sun.reflect.NativeMethodAccessorImpl.invoke0(Native Method)
    at sun.reflect.NativeMethodAccessorImpl.invoke(NativeMethodAccessorImpl.java:62)
    at sun.reflect.DelegatingMethodAccessorImpl.invoke(DelegatingMethodAccessorImpl.java:43)
~ test_1(java_testcases.junit.POWERSET_Test)
[expected:<[[[],[b],[a],[]a,b]]> but was:<[[[]a,b]]>]
org.junit.ComparisonFailure: expected:<[[[],[b],[a],[]a,b]]> but was:<[[[]a,b]]>    at org.junit.Assert.assertEquals(Assert.java:115)
    at org.junit.Assert.assertEquals(Assert.java:144)
    at java_testcases.junit.POWERSET_Test.test_1(POWERSET_Test.java:16)
    at sun.reflect.NativeMethodAccessorImpl.invoke0(Native Method)
    at sun.reflect.NativeMethodAccessorImpl.invoke(NativeMethodAccessorImpl.java:62)
    at sun.reflect.DelegatingMethodAccessorImpl.invoke(DelegatingMethodAccessorImpl.java:43)
~ test_2(java_testcases.junit.POWERSET_Test)
[expected:<[[[],[]a]]> but was:<[[[]a]]>]
org.junit.ComparisonFailure: expected:<[[[],[]a]]> but was:<[[[]a]]>    at org.junit.Assert.assertEquals(Assert.java:115)
    at org.junit.Assert.assertEquals(Assert.java:144)
    at java_testcases.junit.POWERSET_Test.test_2(POWERSET_Test.java:23)
    at sun.reflect.NativeMethodAccessorImpl.invoke0(Native Method)
    at sun.reflect.NativeMethodAccessorImpl.invoke(NativeMethodAccessorImpl.java:62)
    at sun.reflect.DelegatingMethodAccessorImpl.invoke(DelegatingMethodAccessorImpl.java:43)
~ test_4(java_testcases.junit.POWERSET_Test)
[expected:<[[[],[m],[z],[z,m],[df],[df,m],[df,z],[df,z,m],[x],[x,m],[x,z],[x,z,m],[x,df],[x,df,m],[x,df,z],[]x,df,z,m]]> but was:<[[[]x,df,z,m]]>]
org.junit.ComparisonFailure: expected:<[[[],[m],[z],[z,m],[df],[df,m],[df,z],[df,z,m],[x],[x,m],[x,z],[x,z,m],[x,df],[x,df,m],[x,df,z],[]x,df,z,m]]> but was:<[[[]x,df,z,m]]>    at org.junit.Assert.assertEquals(Assert.java:115)
    at org.junit.Assert.assertEquals(Assert.java:144)
    at java_testcases.junit.POWERSET_Test.test_4(POWERSET_Test.java:37)
    at sun.reflect.NativeMethodAccessorImpl.invoke0(Native Method)
    at sun.reflect.NativeMethodAccessorImpl.invoke(NativeMethodAccessorImpl.java:62)
    at sun.reflect.DelegatingMethodAccessorImpl.invoke(DelegatingMethodAccessorImpl.java:43)

12:03:39.075 [pool-2-thread-1] DEBUG fr.inria.lille.repair.nopol.NoPol - statement #14
12:03:39.076 [pool-2-thread-1] DEBUG fr.inria.lille.repair.nopol.NoPol - Analysing SourceLocation java_programs.POWERSET:22 which is executed by 4 tests
1641204030
12:03:39.116 [pool-2-thread-1] DEBUG fr.inria.lille.repair.nopol.NoPol - statement #15
12:03:39.116 [pool-2-thread-1] DEBUG fr.inria.lille.repair.nopol.NoPol - Analysing SourceLocation java_programs.POWERSET:21 which is executed by 4 tests
1641204030
12:03:39.153 [pool-2-thread-1] DEBUG fr.inria.lille.repair.nopol.NoPol - statement #16
12:03:39.153 [pool-2-thread-1] DEBUG fr.inria.lille.repair.nopol.NoPol - Analysing SourceLocation java_programs.POWERSET:19 which is executed by 4 tests
1641204030
12:03:39.188 [pool-2-thread-1] DEBUG fr.inria.lille.repair.nopol.NoPol - statement #17
12:03:39.188 [pool-2-thread-1] DEBUG fr.inria.lille.repair.nopol.NoPol - Analysing SourceLocation java_programs.POWERSET:18 which is executed by 4 tests
1641204030
12:03:39.235 [pool-2-thread-1] DEBUG fr.inria.lille.repair.nopol.NoPol - statement #18
12:03:39.236 [pool-2-thread-1] DEBUG fr.inria.lille.repair.nopol.NoPol - Analysing SourceLocation java_programs.POWERSET:17 which is executed by 4 tests
1641204030
12:03:39.271 [pool-2-thread-1] DEBUG fr.inria.lille.repair.nopol.NoPol - looking with class fr.inria.lille.repair.nopol.spoon.smt.ConditionalAdder
org.junit.ComparisonFailure: expected:<[[[],[c],[b],[b,c],[a],[a,c],[a,b],[]a,b,c]]> but was:<[[[]a,b,c]]>
    at org.junit.Assert.assertEquals(Assert.java:115)
    at org.junit.Assert.assertEquals(Assert.java:144)
    at java_testcases.junit.POWERSET_Test.test_0(POWERSET_Test.java:9)
    at sun.reflect.NativeMethodAccessorImpl.invoke0(Native Method)
    at sun.reflect.NativeMethodAccessorImpl.invoke(NativeMethodAccessorImpl.java:62)
    at sun.reflect.DelegatingMethodAccessorImpl.invoke(DelegatingMethodAccessorImpl.java:43)
org.junit.ComparisonFailure: expected:<[[[],[b],[a],[]a,b]]> but was:<[[[]a,b]]>
    at org.junit.Assert.assertEquals(Assert.java:115)
    at org.junit.Assert.assertEquals(Assert.java:144)
    at java_testcases.junit.POWERSET_Test.test_1(POWERSET_Test.java:16)
    at sun.reflect.NativeMethodAccessorImpl.invoke0(Native Method)
    at sun.reflect.NativeMethodAccessorImpl.invoke(NativeMethodAccessorImpl.java:62)
    at sun.reflect.DelegatingMethodAccessorImpl.invoke(DelegatingMethodAccessorImpl.java:43)
org.junit.ComparisonFailure: expected:<[[[],[]a]]> but was:<[[[]a]]>
    at org.junit.Assert.assertEquals(Assert.java:115)
    at org.junit.Assert.assertEquals(Assert.java:144)
    at java_testcases.junit.POWERSET_Test.test_2(POWERSET_Test.java:23)
    at sun.reflect.NativeMethodAccessorImpl.invoke0(Native Method)
    at sun.reflect.NativeMethodAccessorImpl.invoke(NativeMethodAccessorImpl.java:62)
    at sun.reflect.DelegatingMethodAccessorImpl.invoke(DelegatingMethodAccessorImpl.java:43)
org.junit.ComparisonFailure: expected:<[[[],[m],[z],[z,m],[df],[df,m],[df,z],[df,z,m],[x],[x,m],[x,z],[x,z,m],[x,df],[x,df,m],[x,df,z],[]x,df,z,m]]> but was:<[[[]x,df,z,m]]>
    at org.junit.Assert.assertEquals(Assert.java:115)
    at org.junit.Assert.assertEquals(Assert.java:144)
    at java_testcases.junit.POWERSET_Test.test_4(POWERSET_Test.java:37)
    at sun.reflect.NativeMethodAccessorImpl.invoke0(Native Method)
    at sun.reflect.NativeMethodAccessorImpl.invoke(NativeMethodAccessorImpl.java:62)
    at sun.reflect.DelegatingMethodAccessorImpl.invoke(DelegatingMethodAccessorImpl.java:43)
org.junit.ComparisonFailure: expected:<[[[],[c],[b],[b,c],[a],[a,c],[a,b],[]a,b,c]]> but was:<[[[]a,b,c]]>
    at org.junit.Assert.assertEquals(Assert.java:115)
    at org.junit.Assert.assertEquals(Assert.java:144)
    at java_testcases.junit.POWERSET_Test.test_0(POWERSET_Test.java:9)
    at sun.reflect.NativeMethodAccessorImpl.invoke0(Native Method)
    at sun.reflect.NativeMethodAccessorImpl.invoke(NativeMethodAccessorImpl.java:62)
    at sun.reflect.DelegatingMethodAccessorImpl.invoke(DelegatingMethodAccessorImpl.java:43)
org.junit.ComparisonFailure: expected:<[[[],[b],[a],[]a,b]]> but was:<[[[]a,b]]>
    at org.junit.Assert.assertEquals(Assert.java:115)
    at org.junit.Assert.assertEquals(Assert.java:144)
    at java_testcases.junit.POWERSET_Test.test_1(POWERSET_Test.java:16)
    at sun.reflect.NativeMethodAccessorImpl.invoke0(Native Method)
    at sun.reflect.NativeMethodAccessorImpl.invoke(NativeMethodAccessorImpl.java:62)
    at sun.reflect.DelegatingMethodAccessorImpl.invoke(DelegatingMethodAccessorImpl.java:43)
org.junit.ComparisonFailure: expected:<[[[],[]a]]> but was:<[[[]a]]>
    at org.junit.Assert.assertEquals(Assert.java:115)
    at org.junit.Assert.assertEquals(Assert.java:144)
    at java_testcases.junit.POWERSET_Test.test_2(POWERSET_Test.java:23)
    at sun.reflect.NativeMethodAccessorImpl.invoke0(Native Method)
    at sun.reflect.NativeMethodAccessorImpl.invoke(NativeMethodAccessorImpl.java:62)
    at sun.reflect.DelegatingMethodAccessorImpl.invoke(DelegatingMethodAccessorImpl.java:43)
org.junit.ComparisonFailure: expected:<[[[],[m],[z],[z,m],[df],[df,m],[df,z],[df,z,m],[x],[x,m],[x,z],[x,z,m],[x,df],[x,df,m],[x,df,z],[]x,df,z,m]]> but was:<[[[]x,df,z,m]]>
    at org.junit.Assert.assertEquals(Assert.java:115)
    at org.junit.Assert.assertEquals(Assert.java:144)
    at java_testcases.junit.POWERSET_Test.test_4(POWERSET_Test.java:37)
    at sun.reflect.NativeMethodAccessorImpl.invoke0(Native Method)
    at sun.reflect.NativeMethodAccessorImpl.invoke(NativeMethodAccessorImpl.java:62)
    at sun.reflect.DelegatingMethodAccessorImpl.invoke(DelegatingMethodAccessorImpl.java:43)
org.junit.ComparisonFailure: expected:<[[[],[c],[b],[b,c],[a],[a,c],[a,b],[]a,b,c]]> but was:<[[[]a,b,c]]>
    at org.junit.Assert.assertEquals(Assert.java:115)
    at org.junit.Assert.assertEquals(Assert.java:144)
    at java_testcases.junit.POWERSET_Test.test_0(POWERSET_Test.java:9)
    at sun.reflect.NativeMethodAccessorImpl.invoke0(Native Method)
    at sun.reflect.NativeMethodAccessorImpl.invoke(NativeMethodAccessorImpl.java:62)
    at sun.reflect.DelegatingMethodAccessorImpl.invoke(DelegatingMethodAccessorImpl.java:43)
org.junit.ComparisonFailure: expected:<[[[],[b],[a],[]a,b]]> but was:<[[[]a,b]]>
    at org.junit.Assert.assertEquals(Assert.java:115)
    at org.junit.Assert.assertEquals(Assert.java:144)
    at java_testcases.junit.POWERSET_Test.test_1(POWERSET_Test.java:16)
    at sun.reflect.NativeMethodAccessorImpl.invoke0(Native Method)
    at sun.reflect.NativeMethodAccessorImpl.invoke(NativeMethodAccessorImpl.java:62)
    at sun.reflect.DelegatingMethodAccessorImpl.invoke(DelegatingMethodAccessorImpl.java:43)
org.junit.ComparisonFailure: expected:<[[[],[]a]]> but was:<[[[]a]]>
    at org.junit.Assert.assertEquals(Assert.java:115)
    at org.junit.Assert.assertEquals(Assert.java:144)
    at java_testcases.junit.POWERSET_Test.test_2(POWERSET_Test.java:23)
    at sun.reflect.NativeMethodAccessorImpl.invoke0(Native Method)
    at sun.reflect.NativeMethodAccessorImpl.invoke(NativeMethodAccessorImpl.java:62)
    at sun.reflect.DelegatingMethodAccessorImpl.invoke(DelegatingMethodAccessorImpl.java:43)
org.junit.ComparisonFailure: expected:<[[[],[m],[z],[z,m],[df],[df,m],[df,z],[df,z,m],[x],[x,m],[x,z],[x,z,m],[x,df],[x,df,m],[x,df,z],[]x,df,z,m]]> but was:<[[[]x,df,z,m]]>
    at org.junit.Assert.assertEquals(Assert.java:115)
    at org.junit.Assert.assertEquals(Assert.java:144)
    at java_testcases.junit.POWERSET_Test.test_4(POWERSET_Test.java:37)
    at sun.reflect.NativeMethodAccessorImpl.invoke0(Native Method)
    at sun.reflect.NativeMethodAccessorImpl.invoke(NativeMethodAccessorImpl.java:62)
    at sun.reflect.DelegatingMethodAccessorImpl.invoke(DelegatingMethodAccessorImpl.java:43)
org.junit.ComparisonFailure: expected:<[[[],[c],[b],[b,c],[a],[a,c],[a,b],[]a,b,c]]> but was:<[[[]a,b,c]]>
    at org.junit.Assert.assertEquals(Assert.java:115)
    at org.junit.Assert.assertEquals(Assert.java:144)
    at java_testcases.junit.POWERSET_Test.test_0(POWERSET_Test.java:9)
    at sun.reflect.NativeMethodAccessorImpl.invoke0(Native Method)
    at sun.reflect.NativeMethodAccessorImpl.invoke(NativeMethodAccessorImpl.java:62)
    at sun.reflect.DelegatingMethodAccessorImpl.invoke(DelegatingMethodAccessorImpl.java:43)
org.junit.ComparisonFailure: expected:<[[[],[b],[a],[]a,b]]> but was:<[[[]a,b]]>
    at org.junit.Assert.assertEquals(Assert.java:115)
    at org.junit.Assert.assertEquals(Assert.java:144)
    at java_testcases.junit.POWERSET_Test.test_1(POWERSET_Test.java:16)
    at sun.reflect.NativeMethodAccessorImpl.invoke0(Native Method)
    at sun.reflect.NativeMethodAccessorImpl.invoke(NativeMethodAccessorImpl.java:62)
    at sun.reflect.DelegatingMethodAccessorImpl.invoke(DelegatingMethodAccessorImpl.java:43)
org.junit.ComparisonFailure: expected:<[[[],[]a]]> but was:<[[[]a]]>
    at org.junit.Assert.assertEquals(Assert.java:115)
    at org.junit.Assert.assertEquals(Assert.java:144)
    at java_testcases.junit.POWERSET_Test.test_2(POWERSET_Test.java:23)
    at sun.reflect.NativeMethodAccessorImpl.invoke0(Native Method)
    at sun.reflect.NativeMethodAccessorImpl.invoke(NativeMethodAccessorImpl.java:62)
    at sun.reflect.DelegatingMethodAccessorImpl.invoke(DelegatingMethodAccessorImpl.java:43)
org.junit.ComparisonFailure: expected:<[[[],[m],[z],[z,m],[df],[df,m],[df,z],[df,z,m],[x],[x,m],[x,z],[x,z,m],[x,df],[x,df,m],[x,df,z],[]x,df,z,m]]> but was:<[[[]x,df,z,m]]>
    at org.junit.Assert.assertEquals(Assert.java:115)
    at org.junit.Assert.assertEquals(Assert.java:144)
    at java_testcases.junit.POWERSET_Test.test_4(POWERSET_Test.java:37)
    at sun.reflect.NativeMethodAccessorImpl.invoke0(Native Method)
    at sun.reflect.NativeMethodAccessorImpl.invoke(NativeMethodAccessorImpl.java:62)
    at sun.reflect.DelegatingMethodAccessorImpl.invoke(DelegatingMethodAccessorImpl.java:43)
12:03:39.283 [pool-46-thread-1] INFO  xxl.java.junit.TestCasesListener - Tests run finished (10 ms)
<> Total tests run: 20
<> Ignored tests: 0
<> Failed tests: 16
~ test_0(java_testcases.junit.POWERSET_Test)
[expected:<[[[],[c],[b],[b,c],[a],[a,c],[a,b],[]a,b,c]]> but was:<[[[]a,b,c]]>]
org.junit.ComparisonFailure: expected:<[[[],[c],[b],[b,c],[a],[a,c],[a,b],[]a,b,c]]> but was:<[[[]a,b,c]]>    at org.junit.Assert.assertEquals(Assert.java:115)
    at org.junit.Assert.assertEquals(Assert.java:144)
    at java_testcases.junit.POWERSET_Test.test_0(POWERSET_Test.java:9)
    at sun.reflect.NativeMethodAccessorImpl.invoke0(Native Method)
    at sun.reflect.NativeMethodAccessorImpl.invoke(NativeMethodAccessorImpl.java:62)
    at sun.reflect.DelegatingMethodAccessorImpl.invoke(DelegatingMethodAccessorImpl.java:43)
~ test_1(java_testcases.junit.POWERSET_Test)
[expected:<[[[],[b],[a],[]a,b]]> but was:<[[[]a,b]]>]
org.junit.ComparisonFailure: expected:<[[[],[b],[a],[]a,b]]> but was:<[[[]a,b]]>    at org.junit.Assert.assertEquals(Assert.java:115)
    at org.junit.Assert.assertEquals(Assert.java:144)
    at java_testcases.junit.POWERSET_Test.test_1(POWERSET_Test.java:16)
    at sun.reflect.NativeMethodAccessorImpl.invoke0(Native Method)
    at sun.reflect.NativeMethodAccessorImpl.invoke(NativeMethodAccessorImpl.java:62)
    at sun.reflect.DelegatingMethodAccessorImpl.invoke(DelegatingMethodAccessorImpl.java:43)
~ test_2(java_testcases.junit.POWERSET_Test)
[expected:<[[[],[]a]]> but was:<[[[]a]]>]
org.junit.ComparisonFailure: expected:<[[[],[]a]]> but was:<[[[]a]]>    at org.junit.Assert.assertEquals(Assert.java:115)
    at org.junit.Assert.assertEquals(Assert.java:144)
    at java_testcases.junit.POWERSET_Test.test_2(POWERSET_Test.java:23)
    at sun.reflect.NativeMethodAccessorImpl.invoke0(Native Method)
    at sun.reflect.NativeMethodAccessorImpl.invoke(NativeMethodAccessorImpl.java:62)
    at sun.reflect.DelegatingMethodAccessorImpl.invoke(DelegatingMethodAccessorImpl.java:43)
~ test_4(java_testcases.junit.POWERSET_Test)
[expected:<[[[],[m],[z],[z,m],[df],[df,m],[df,z],[df,z,m],[x],[x,m],[x,z],[x,z,m],[x,df],[x,df,m],[x,df,z],[]x,df,z,m]]> but was:<[[[]x,df,z,m]]>]
org.junit.ComparisonFailure: expected:<[[[],[m],[z],[z,m],[df],[df,m],[df,z],[df,z,m],[x],[x,m],[x,z],[x,z,m],[x,df],[x,df,m],[x,df,z],[]x,df,z,m]]> but was:<[[[]x,df,z,m]]>    at org.junit.Assert.assertEquals(Assert.java:115)
    at org.junit.Assert.assertEquals(Assert.java:144)
    at java_testcases.junit.POWERSET_Test.test_4(POWERSET_Test.java:37)
    at sun.reflect.NativeMethodAccessorImpl.invoke0(Native Method)
    at sun.reflect.NativeMethodAccessorImpl.invoke(NativeMethodAccessorImpl.java:62)
    at sun.reflect.DelegatingMethodAccessorImpl.invoke(DelegatingMethodAccessorImpl.java:43)
~ test_0(java_testcases.junit.POWERSET_Test)
[expected:<[[[],[c],[b],[b,c],[a],[a,c],[a,b],[]a,b,c]]> but was:<[[[]a,b,c]]>]
org.junit.ComparisonFailure: expected:<[[[],[c],[b],[b,c],[a],[a,c],[a,b],[]a,b,c]]> but was:<[[[]a,b,c]]>    at org.junit.Assert.assertEquals(Assert.java:115)
    at org.junit.Assert.assertEquals(Assert.java:144)
    at java_testcases.junit.POWERSET_Test.test_0(POWERSET_Test.java:9)
    at sun.reflect.NativeMethodAccessorImpl.invoke0(Native Method)
    at sun.reflect.NativeMethodAccessorImpl.invoke(NativeMethodAccessorImpl.java:62)
    at sun.reflect.DelegatingMethodAccessorImpl.invoke(DelegatingMethodAccessorImpl.java:43)
~ test_1(java_testcases.junit.POWERSET_Test)
[expected:<[[[],[b],[a],[]a,b]]> but was:<[[[]a,b]]>]
org.junit.ComparisonFailure: expected:<[[[],[b],[a],[]a,b]]> but was:<[[[]a,b]]>    at org.junit.Assert.assertEquals(Assert.java:115)
    at org.junit.Assert.assertEquals(Assert.java:144)
    at java_testcases.junit.POWERSET_Test.test_1(POWERSET_Test.java:16)
    at sun.reflect.NativeMethodAccessorImpl.invoke0(Native Method)
    at sun.reflect.NativeMethodAccessorImpl.invoke(NativeMethodAccessorImpl.java:62)
    at sun.reflect.DelegatingMethodAccessorImpl.invoke(DelegatingMethodAccessorImpl.java:43)
~ test_2(java_testcases.junit.POWERSET_Test)
[expected:<[[[],[]a]]> but was:<[[[]a]]>]
org.junit.ComparisonFailure: expected:<[[[],[]a]]> but was:<[[[]a]]>    at org.junit.Assert.assertEquals(Assert.java:115)
    at org.junit.Assert.assertEquals(Assert.java:144)
    at java_testcases.junit.POWERSET_Test.test_2(POWERSET_Test.java:23)
    at sun.reflect.NativeMethodAccessorImpl.invoke0(Native Method)
    at sun.reflect.NativeMethodAccessorImpl.invoke(NativeMethodAccessorImpl.java:62)
    at sun.reflect.DelegatingMethodAccessorImpl.invoke(DelegatingMethodAccessorImpl.java:43)
~ test_4(java_testcases.junit.POWERSET_Test)
[expected:<[[[],[m],[z],[z,m],[df],[df,m],[df,z],[df,z,m],[x],[x,m],[x,z],[x,z,m],[x,df],[x,df,m],[x,df,z],[]x,df,z,m]]> but was:<[[[]x,df,z,m]]>]
org.junit.ComparisonFailure: expected:<[[[],[m],[z],[z,m],[df],[df,m],[df,z],[df,z,m],[x],[x,m],[x,z],[x,z,m],[x,df],[x,df,m],[x,df,z],[]x,df,z,m]]> but was:<[[[]x,df,z,m]]>    at org.junit.Assert.assertEquals(Assert.java:115)
    at org.junit.Assert.assertEquals(Assert.java:144)
    at java_testcases.junit.POWERSET_Test.test_4(POWERSET_Test.java:37)
    at sun.reflect.NativeMethodAccessorImpl.invoke0(Native Method)
    at sun.reflect.NativeMethodAccessorImpl.invoke(NativeMethodAccessorImpl.java:62)
    at sun.reflect.DelegatingMethodAccessorImpl.invoke(DelegatingMethodAccessorImpl.java:43)
~ test_0(java_testcases.junit.POWERSET_Test)
[expected:<[[[],[c],[b],[b,c],[a],[a,c],[a,b],[]a,b,c]]> but was:<[[[]a,b,c]]>]
org.junit.ComparisonFailure: expected:<[[[],[c],[b],[b,c],[a],[a,c],[a,b],[]a,b,c]]> but was:<[[[]a,b,c]]>    at org.junit.Assert.assertEquals(Assert.java:115)
    at org.junit.Assert.assertEquals(Assert.java:144)
    at java_testcases.junit.POWERSET_Test.test_0(POWERSET_Test.java:9)
    at sun.reflect.NativeMethodAccessorImpl.invoke0(Native Method)
    at sun.reflect.NativeMethodAccessorImpl.invoke(NativeMethodAccessorImpl.java:62)
    at sun.reflect.DelegatingMethodAccessorImpl.invoke(DelegatingMethodAccessorImpl.java:43)
~ test_1(java_testcases.junit.POWERSET_Test)
[expected:<[[[],[b],[a],[]a,b]]> but was:<[[[]a,b]]>]
org.junit.ComparisonFailure: expected:<[[[],[b],[a],[]a,b]]> but was:<[[[]a,b]]>    at org.junit.Assert.assertEquals(Assert.java:115)
    at org.junit.Assert.assertEquals(Assert.java:144)
    at java_testcases.junit.POWERSET_Test.test_1(POWERSET_Test.java:16)
    at sun.reflect.NativeMethodAccessorImpl.invoke0(Native Method)
    at sun.reflect.NativeMethodAccessorImpl.invoke(NativeMethodAccessorImpl.java:62)
    at sun.reflect.DelegatingMethodAccessorImpl.invoke(DelegatingMethodAccessorImpl.java:43)
~ test_2(java_testcases.junit.POWERSET_Test)
[expected:<[[[],[]a]]> but was:<[[[]a]]>]
org.junit.ComparisonFailure: expected:<[[[],[]a]]> but was:<[[[]a]]>    at org.junit.Assert.assertEquals(Assert.java:115)
    at org.junit.Assert.assertEquals(Assert.java:144)
    at java_testcases.junit.POWERSET_Test.test_2(POWERSET_Test.java:23)
    at sun.reflect.NativeMethodAccessorImpl.invoke0(Native Method)
    at sun.reflect.NativeMethodAccessorImpl.invoke(NativeMethodAccessorImpl.java:62)
    at sun.reflect.DelegatingMethodAccessorImpl.invoke(DelegatingMethodAccessorImpl.java:43)
~ test_4(java_testcases.junit.POWERSET_Test)
[expected:<[[[],[m],[z],[z,m],[df],[df,m],[df,z],[df,z,m],[x],[x,m],[x,z],[x,z,m],[x,df],[x,df,m],[x,df,z],[]x,df,z,m]]> but was:<[[[]x,df,z,m]]>]
org.junit.ComparisonFailure: expected:<[[[],[m],[z],[z,m],[df],[df,m],[df,z],[df,z,m],[x],[x,m],[x,z],[x,z,m],[x,df],[x,df,m],[x,df,z],[]x,df,z,m]]> but was:<[[[]x,df,z,m]]>    at org.junit.Assert.assertEquals(Assert.java:115)
    at org.junit.Assert.assertEquals(Assert.java:144)
    at java_testcases.junit.POWERSET_Test.test_4(POWERSET_Test.java:37)
    at sun.reflect.NativeMethodAccessorImpl.invoke0(Native Method)
    at sun.reflect.NativeMethodAccessorImpl.invoke(NativeMethodAccessorImpl.java:62)
    at sun.reflect.DelegatingMethodAccessorImpl.invoke(DelegatingMethodAccessorImpl.java:43)
~ test_0(java_testcases.junit.POWERSET_Test)
[expected:<[[[],[c],[b],[b,c],[a],[a,c],[a,b],[]a,b,c]]> but was:<[[[]a,b,c]]>]
org.junit.ComparisonFailure: expected:<[[[],[c],[b],[b,c],[a],[a,c],[a,b],[]a,b,c]]> but was:<[[[]a,b,c]]>    at org.junit.Assert.assertEquals(Assert.java:115)
    at org.junit.Assert.assertEquals(Assert.java:144)
    at java_testcases.junit.POWERSET_Test.test_0(POWERSET_Test.java:9)
    at sun.reflect.NativeMethodAccessorImpl.invoke0(Native Method)
    at sun.reflect.NativeMethodAccessorImpl.invoke(NativeMethodAccessorImpl.java:62)
    at sun.reflect.DelegatingMethodAccessorImpl.invoke(DelegatingMethodAccessorImpl.java:43)
~ test_1(java_testcases.junit.POWERSET_Test)
[expected:<[[[],[b],[a],[]a,b]]> but was:<[[[]a,b]]>]
org.junit.ComparisonFailure: expected:<[[[],[b],[a],[]a,b]]> but was:<[[[]a,b]]>    at org.junit.Assert.assertEquals(Assert.java:115)
    at org.junit.Assert.assertEquals(Assert.java:144)
    at java_testcases.junit.POWERSET_Test.test_1(POWERSET_Test.java:16)
    at sun.reflect.NativeMethodAccessorImpl.invoke0(Native Method)
    at sun.reflect.NativeMethodAccessorImpl.invoke(NativeMethodAccessorImpl.java:62)
    at sun.reflect.DelegatingMethodAccessorImpl.invoke(DelegatingMethodAccessorImpl.java:43)
~ test_2(java_testcases.junit.POWERSET_Test)
[expected:<[[[],[]a]]> but was:<[[[]a]]>]
org.junit.ComparisonFailure: expected:<[[[],[]a]]> but was:<[[[]a]]>    at org.junit.Assert.assertEquals(Assert.java:115)
    at org.junit.Assert.assertEquals(Assert.java:144)
    at java_testcases.junit.POWERSET_Test.test_2(POWERSET_Test.java:23)
    at sun.reflect.NativeMethodAccessorImpl.invoke0(Native Method)
    at sun.reflect.NativeMethodAccessorImpl.invoke(NativeMethodAccessorImpl.java:62)
    at sun.reflect.DelegatingMethodAccessorImpl.invoke(DelegatingMethodAccessorImpl.java:43)
~ test_4(java_testcases.junit.POWERSET_Test)
[expected:<[[[],[m],[z],[z,m],[df],[df,m],[df,z],[df,z,m],[x],[x,m],[x,z],[x,z,m],[x,df],[x,df,m],[x,df,z],[]x,df,z,m]]> but was:<[[[]x,df,z,m]]>]
org.junit.ComparisonFailure: expected:<[[[],[m],[z],[z,m],[df],[df,m],[df,z],[df,z,m],[x],[x,m],[x,z],[x,z,m],[x,df],[x,df,m],[x,df,z],[]x,df,z,m]]> but was:<[[[]x,df,z,m]]>    at org.junit.Assert.assertEquals(Assert.java:115)
    at org.junit.Assert.assertEquals(Assert.java:144)
    at java_testcases.junit.POWERSET_Test.test_4(POWERSET_Test.java:37)
    at sun.reflect.NativeMethodAccessorImpl.invoke0(Native Method)
    at sun.reflect.NativeMethodAccessorImpl.invoke(NativeMethodAccessorImpl.java:62)
    at sun.reflect.DelegatingMethodAccessorImpl.invoke(DelegatingMethodAccessorImpl.java:43)

12:03:39.361 [pool-2-thread-1] DEBUG fr.inria.lille.repair.nopol.NoPol - statement #19
12:03:39.361 [pool-2-thread-1] DEBUG fr.inria.lille.repair.nopol.NoPol - Analysing SourceLocation java_programs.POWERSET:16 which is executed by 4 tests
1641204030
12:03:39.393 [pool-2-thread-1] DEBUG fr.inria.lille.repair.nopol.NoPol - statement #20
12:03:39.393 [pool-2-thread-1] DEBUG fr.inria.lille.repair.nopol.NoPol - Analysing SourceLocation java_testcases.junit.QuixFixOracleHelper:35 which is executed by 5 tests
12:03:39.393 [pool-2-thread-1] DEBUG fr.inria.lille.repair.nopol.NoPol - cannot spoon SourceLocation java_testcases.junit.QuixFixOracleHelper:35
12:03:39.393 [pool-2-thread-1] DEBUG fr.inria.lille.repair.nopol.NoPol - statement #21
12:03:39.393 [pool-2-thread-1] DEBUG fr.inria.lille.repair.nopol.NoPol - Analysing SourceLocation java_testcases.junit.QuixFixOracleHelper:32 which is executed by 5 tests
12:03:39.393 [pool-2-thread-1] DEBUG fr.inria.lille.repair.nopol.NoPol - cannot spoon SourceLocation java_testcases.junit.QuixFixOracleHelper:32
12:03:39.393 [pool-2-thread-1] DEBUG fr.inria.lille.repair.nopol.NoPol - statement #22
12:03:39.393 [pool-2-thread-1] DEBUG fr.inria.lille.repair.nopol.NoPol - Analysing SourceLocation java_testcases.junit.QuixFixOracleHelper:31 which is executed by 5 tests
12:03:39.393 [pool-2-thread-1] DEBUG fr.inria.lille.repair.nopol.NoPol - cannot spoon SourceLocation java_testcases.junit.QuixFixOracleHelper:31
12:03:39.393 [pool-2-thread-1] DEBUG fr.inria.lille.repair.nopol.NoPol - statement #23
12:03:39.393 [pool-2-thread-1] DEBUG fr.inria.lille.repair.nopol.NoPol - Analysing SourceLocation java_testcases.junit.QuixFixOracleHelper:30 which is executed by 5 tests
12:03:39.393 [pool-2-thread-1] DEBUG fr.inria.lille.repair.nopol.NoPol - cannot spoon SourceLocation java_testcases.junit.QuixFixOracleHelper:30
12:03:39.393 [pool-2-thread-1] DEBUG fr.inria.lille.repair.nopol.NoPol - statement #24
12:03:39.394 [pool-2-thread-1] DEBUG fr.inria.lille.repair.nopol.NoPol - Analysing SourceLocation java_testcases.junit.QuixFixOracleHelper:29 which is executed by 5 tests
12:03:39.394 [pool-2-thread-1] DEBUG fr.inria.lille.repair.nopol.NoPol - cannot spoon SourceLocation java_testcases.junit.QuixFixOracleHelper:29
12:03:39.394 [pool-2-thread-1] DEBUG fr.inria.lille.repair.nopol.NoPol - statement #25
12:03:39.394 [pool-2-thread-1] DEBUG fr.inria.lille.repair.nopol.NoPol - Analysing SourceLocation java_testcases.junit.QuixFixOracleHelper:28 which is executed by 5 tests
12:03:39.394 [pool-2-thread-1] DEBUG fr.inria.lille.repair.nopol.NoPol - cannot spoon SourceLocation java_testcases.junit.QuixFixOracleHelper:28
12:03:39.394 [pool-2-thread-1] DEBUG fr.inria.lille.repair.nopol.NoPol - statement #26
12:03:39.394 [pool-2-thread-1] DEBUG fr.inria.lille.repair.nopol.NoPol - Analysing SourceLocation java_testcases.junit.QuixFixOracleHelper:27 which is executed by 5 tests
12:03:39.394 [pool-2-thread-1] DEBUG fr.inria.lille.repair.nopol.NoPol - cannot spoon SourceLocation java_testcases.junit.QuixFixOracleHelper:27
12:03:39.394 [pool-2-thread-1] DEBUG fr.inria.lille.repair.nopol.NoPol - statement #27
12:03:39.394 [pool-2-thread-1] DEBUG fr.inria.lille.repair.nopol.NoPol - Analysing SourceLocation java_testcases.junit.QuixFixOracleHelper:26 which is executed by 5 tests
12:03:39.394 [pool-2-thread-1] DEBUG fr.inria.lille.repair.nopol.NoPol - cannot spoon SourceLocation java_testcases.junit.QuixFixOracleHelper:26
12:03:39.394 [pool-2-thread-1] DEBUG fr.inria.lille.repair.nopol.NoPol - statement #28
12:03:39.394 [pool-2-thread-1] DEBUG fr.inria.lille.repair.nopol.NoPol - Analysing SourceLocation java_testcases.junit.QuixFixOracleHelper:22 which is executed by 5 tests
12:03:39.394 [pool-2-thread-1] DEBUG fr.inria.lille.repair.nopol.NoPol - cannot spoon SourceLocation java_testcases.junit.QuixFixOracleHelper:22
12:03:39.394 [pool-2-thread-1] DEBUG fr.inria.lille.repair.nopol.NoPol - statement #29
12:03:39.394 [pool-2-thread-1] DEBUG fr.inria.lille.repair.nopol.NoPol - Analysing SourceLocation java_testcases.junit.QuixFixOracleHelper:21 which is executed by 5 tests
12:03:39.395 [pool-2-thread-1] DEBUG fr.inria.lille.repair.nopol.NoPol - cannot spoon SourceLocation java_testcases.junit.QuixFixOracleHelper:21
12:03:39.395 [pool-2-thread-1] DEBUG fr.inria.lille.repair.nopol.NoPol - statement #30
12:03:39.395 [pool-2-thread-1] DEBUG fr.inria.lille.repair.nopol.NoPol - Analysing SourceLocation java_testcases.junit.QuixFixOracleHelper:16 which is executed by 5 tests
12:03:39.395 [pool-2-thread-1] DEBUG fr.inria.lille.repair.nopol.NoPol - cannot spoon SourceLocation java_testcases.junit.QuixFixOracleHelper:16
12:03:39.395 [pool-2-thread-1] DEBUG fr.inria.lille.repair.nopol.NoPol - statement #31
12:03:39.395 [pool-2-thread-1] DEBUG fr.inria.lille.repair.nopol.NoPol - Analysing SourceLocation java_testcases.junit.QuixFixOracleHelper:15 which is executed by 5 tests
12:03:39.395 [pool-2-thread-1] DEBUG fr.inria.lille.repair.nopol.NoPol - cannot spoon SourceLocation java_testcases.junit.QuixFixOracleHelper:15
12:03:39.395 [pool-2-thread-1] DEBUG fr.inria.lille.repair.nopol.NoPol - statement #32
12:03:39.395 [pool-2-thread-1] DEBUG fr.inria.lille.repair.nopol.NoPol - Analysing SourceLocation java_testcases.junit.QuixFixOracleHelper:14 which is executed by 5 tests
12:03:39.395 [pool-2-thread-1] DEBUG fr.inria.lille.repair.nopol.NoPol - cannot spoon SourceLocation java_testcases.junit.QuixFixOracleHelper:14
12:03:39.395 [pool-2-thread-1] DEBUG fr.inria.lille.repair.nopol.NoPol - statement #33
12:03:39.395 [pool-2-thread-1] DEBUG fr.inria.lille.repair.nopol.NoPol - Analysing SourceLocation java_programs.POWERSET:33 which is executed by 5 tests
1641204030
12:03:39.426 [pool-2-thread-1] DEBUG fr.inria.lille.repair.nopol.NoPol - looking with class fr.inria.lille.repair.nopol.spoon.smt.ConditionalAdder
org.junit.ComparisonFailure: expected:<[[[],[c],[b],[b,c],[a],[a,c],[a,b],[]a,b,c]]> but was:<[[[]a,b,c]]>
    at org.junit.Assert.assertEquals(Assert.java:115)
    at org.junit.Assert.assertEquals(Assert.java:144)
    at java_testcases.junit.POWERSET_Test.test_0(POWERSET_Test.java:9)
    at sun.reflect.NativeMethodAccessorImpl.invoke0(Native Method)
    at sun.reflect.NativeMethodAccessorImpl.invoke(NativeMethodAccessorImpl.java:62)
    at sun.reflect.DelegatingMethodAccessorImpl.invoke(DelegatingMethodAccessorImpl.java:43)
org.junit.ComparisonFailure: expected:<[[[],[b],[a],[]a,b]]> but was:<[[[]a,b]]>
    at org.junit.Assert.assertEquals(Assert.java:115)
    at org.junit.Assert.assertEquals(Assert.java:144)
    at java_testcases.junit.POWERSET_Test.test_1(POWERSET_Test.java:16)
    at sun.reflect.NativeMethodAccessorImpl.invoke0(Native Method)
    at sun.reflect.NativeMethodAccessorImpl.invoke(NativeMethodAccessorImpl.java:62)
    at sun.reflect.DelegatingMethodAccessorImpl.invoke(DelegatingMethodAccessorImpl.java:43)
org.junit.ComparisonFailure: expected:<[[[],[]a]]> but was:<[[[]a]]>
    at org.junit.Assert.assertEquals(Assert.java:115)
    at org.junit.Assert.assertEquals(Assert.java:144)
    at java_testcases.junit.POWERSET_Test.test_2(POWERSET_Test.java:23)
    at sun.reflect.NativeMethodAccessorImpl.invoke0(Native Method)
    at sun.reflect.NativeMethodAccessorImpl.invoke(NativeMethodAccessorImpl.java:62)
    at sun.reflect.DelegatingMethodAccessorImpl.invoke(DelegatingMethodAccessorImpl.java:43)
org.junit.ComparisonFailure: expected:<[[[],[m],[z],[z,m],[df],[df,m],[df,z],[df,z,m],[x],[x,m],[x,z],[x,z,m],[x,df],[x,df,m],[x,df,z],[]x,df,z,m]]> but was:<[[[]x,df,z,m]]>
    at org.junit.Assert.assertEquals(Assert.java:115)
    at org.junit.Assert.assertEquals(Assert.java:144)
    at java_testcases.junit.POWERSET_Test.test_4(POWERSET_Test.java:37)
    at sun.reflect.NativeMethodAccessorImpl.invoke0(Native Method)
    at sun.reflect.NativeMethodAccessorImpl.invoke(NativeMethodAccessorImpl.java:62)
    at sun.reflect.DelegatingMethodAccessorImpl.invoke(DelegatingMethodAccessorImpl.java:43)
org.junit.ComparisonFailure: expected:<[[[],[c],[b],[b,c],[a],[a,c],[a,b],[]a,b,c]]> but was:<[[[]a,b,c]]>
    at org.junit.Assert.assertEquals(Assert.java:115)
    at org.junit.Assert.assertEquals(Assert.java:144)
    at java_testcases.junit.POWERSET_Test.test_0(POWERSET_Test.java:9)
    at sun.reflect.NativeMethodAccessorImpl.invoke0(Native Method)
    at sun.reflect.NativeMethodAccessorImpl.invoke(NativeMethodAccessorImpl.java:62)
    at sun.reflect.DelegatingMethodAccessorImpl.invoke(DelegatingMethodAccessorImpl.java:43)
org.junit.ComparisonFailure: expected:<[[[],[b],[a],[]a,b]]> but was:<[[[]a,b]]>
    at org.junit.Assert.assertEquals(Assert.java:115)
    at org.junit.Assert.assertEquals(Assert.java:144)
    at java_testcases.junit.POWERSET_Test.test_1(POWERSET_Test.java:16)
    at sun.reflect.NativeMethodAccessorImpl.invoke0(Native Method)
    at sun.reflect.NativeMethodAccessorImpl.invoke(NativeMethodAccessorImpl.java:62)
    at sun.reflect.DelegatingMethodAccessorImpl.invoke(DelegatingMethodAccessorImpl.java:43)
org.junit.ComparisonFailure: expected:<[[[],[]a]]> but was:<[[[]a]]>
    at org.junit.Assert.assertEquals(Assert.java:115)
    at org.junit.Assert.assertEquals(Assert.java:144)
    at java_testcases.junit.POWERSET_Test.test_2(POWERSET_Test.java:23)
    at sun.reflect.NativeMethodAccessorImpl.invoke0(Native Method)
    at sun.reflect.NativeMethodAccessorImpl.invoke(NativeMethodAccessorImpl.java:62)
    at sun.reflect.DelegatingMethodAccessorImpl.invoke(DelegatingMethodAccessorImpl.java:43)
org.junit.ComparisonFailure: expected:<[[[],[m],[z],[z,m],[df],[df,m],[df,z],[df,z,m],[x],[x,m],[x,z],[x,z,m],[x,df],[x,df,m],[x,df,z],[]x,df,z,m]]> but was:<[[[]x,df,z,m]]>
    at org.junit.Assert.assertEquals(Assert.java:115)
    at org.junit.Assert.assertEquals(Assert.java:144)
    at java_testcases.junit.POWERSET_Test.test_4(POWERSET_Test.java:37)
    at sun.reflect.NativeMethodAccessorImpl.invoke0(Native Method)
    at sun.reflect.NativeMethodAccessorImpl.invoke(NativeMethodAccessorImpl.java:62)
    at sun.reflect.DelegatingMethodAccessorImpl.invoke(DelegatingMethodAccessorImpl.java:43)
org.junit.ComparisonFailure: expected:<[[[],[c],[b],[b,c],[a],[a,c],[a,b],[]a,b,c]]> but was:<[[[]a,b,c]]>
    at org.junit.Assert.assertEquals(Assert.java:115)
    at org.junit.Assert.assertEquals(Assert.java:144)
    at java_testcases.junit.POWERSET_Test.test_0(POWERSET_Test.java:9)
    at sun.reflect.NativeMethodAccessorImpl.invoke0(Native Method)
    at sun.reflect.NativeMethodAccessorImpl.invoke(NativeMethodAccessorImpl.java:62)
    at sun.reflect.DelegatingMethodAccessorImpl.invoke(DelegatingMethodAccessorImpl.java:43)
org.junit.ComparisonFailure: expected:<[[[],[b],[a],[]a,b]]> but was:<[[[]a,b]]>
    at org.junit.Assert.assertEquals(Assert.java:115)
    at org.junit.Assert.assertEquals(Assert.java:144)
    at java_testcases.junit.POWERSET_Test.test_1(POWERSET_Test.java:16)
    at sun.reflect.NativeMethodAccessorImpl.invoke0(Native Method)
    at sun.reflect.NativeMethodAccessorImpl.invoke(NativeMethodAccessorImpl.java:62)
    at sun.reflect.DelegatingMethodAccessorImpl.invoke(DelegatingMethodAccessorImpl.java:43)
org.junit.ComparisonFailure: expected:<[[[],[]a]]> but was:<[[[]a]]>
    at org.junit.Assert.assertEquals(Assert.java:115)
    at org.junit.Assert.assertEquals(Assert.java:144)
    at java_testcases.junit.POWERSET_Test.test_2(POWERSET_Test.java:23)
    at sun.reflect.NativeMethodAccessorImpl.invoke0(Native Method)
    at sun.reflect.NativeMethodAccessorImpl.invoke(NativeMethodAccessorImpl.java:62)
    at sun.reflect.DelegatingMethodAccessorImpl.invoke(DelegatingMethodAccessorImpl.java:43)
org.junit.ComparisonFailure: expected:<[[[],[m],[z],[z,m],[df],[df,m],[df,z],[df,z,m],[x],[x,m],[x,z],[x,z,m],[x,df],[x,df,m],[x,df,z],[]x,df,z,m]]> but was:<[[[]x,df,z,m]]>
    at org.junit.Assert.assertEquals(Assert.java:115)
    at org.junit.Assert.assertEquals(Assert.java:144)
    at java_testcases.junit.POWERSET_Test.test_4(POWERSET_Test.java:37)
    at sun.reflect.NativeMethodAccessorImpl.invoke0(Native Method)
    at sun.reflect.NativeMethodAccessorImpl.invoke(NativeMethodAccessorImpl.java:62)
    at sun.reflect.DelegatingMethodAccessorImpl.invoke(DelegatingMethodAccessorImpl.java:43)
org.junit.ComparisonFailure: expected:<[[[],[c],[b],[b,c],[a],[a,c],[a,b],[]a,b,c]]> but was:<[[[]a,b,c]]>
    at org.junit.Assert.assertEquals(Assert.java:115)
    at org.junit.Assert.assertEquals(Assert.java:144)
    at java_testcases.junit.POWERSET_Test.test_0(POWERSET_Test.java:9)
    at sun.reflect.NativeMethodAccessorImpl.invoke0(Native Method)
    at sun.reflect.NativeMethodAccessorImpl.invoke(NativeMethodAccessorImpl.java:62)
    at sun.reflect.DelegatingMethodAccessorImpl.invoke(DelegatingMethodAccessorImpl.java:43)
org.junit.ComparisonFailure: expected:<[[[],[b],[a],[]a,b]]> but was:<[[[]a,b]]>
    at org.junit.Assert.assertEquals(Assert.java:115)
    at org.junit.Assert.assertEquals(Assert.java:144)
    at java_testcases.junit.POWERSET_Test.test_1(POWERSET_Test.java:16)
    at sun.reflect.NativeMethodAccessorImpl.invoke0(Native Method)
    at sun.reflect.NativeMethodAccessorImpl.invoke(NativeMethodAccessorImpl.java:62)
    at sun.reflect.DelegatingMethodAccessorImpl.invoke(DelegatingMethodAccessorImpl.java:43)
org.junit.ComparisonFailure: expected:<[[[],[]a]]> but was:<[[[]a]]>
    at org.junit.Assert.assertEquals(Assert.java:115)
    at org.junit.Assert.assertEquals(Assert.java:144)
    at java_testcases.junit.POWERSET_Test.test_2(POWERSET_Test.java:23)
    at sun.reflect.NativeMethodAccessorImpl.invoke0(Native Method)
    at sun.reflect.NativeMethodAccessorImpl.invoke(NativeMethodAccessorImpl.java:62)
    at sun.reflect.DelegatingMethodAccessorImpl.invoke(DelegatingMethodAccessorImpl.java:43)
org.junit.ComparisonFailure: expected:<[[[],[m],[z],[z,m],[df],[df,m],[df,z],[df,z,m],[x],[x,m],[x,z],[x,z,m],[x,df],[x,df,m],[x,df,z],[]x,df,z,m]]> but was:<[[[]x,df,z,m]]>
    at org.junit.Assert.assertEquals(Assert.java:115)
    at org.junit.Assert.assertEquals(Assert.java:144)
    at java_testcases.junit.POWERSET_Test.test_4(POWERSET_Test.java:37)
    at sun.reflect.NativeMethodAccessorImpl.invoke0(Native Method)
    at sun.reflect.NativeMethodAccessorImpl.invoke(NativeMethodAccessorImpl.java:62)
    at sun.reflect.DelegatingMethodAccessorImpl.invoke(DelegatingMethodAccessorImpl.java:43)
12:03:39.437 [pool-56-thread-1] INFO  xxl.java.junit.TestCasesListener - Tests run finished (8 ms)
<> Total tests run: 20
<> Ignored tests: 0
<> Failed tests: 16
~ test_0(java_testcases.junit.POWERSET_Test)
[expected:<[[[],[c],[b],[b,c],[a],[a,c],[a,b],[]a,b,c]]> but was:<[[[]a,b,c]]>]
org.junit.ComparisonFailure: expected:<[[[],[c],[b],[b,c],[a],[a,c],[a,b],[]a,b,c]]> but was:<[[[]a,b,c]]>    at org.junit.Assert.assertEquals(Assert.java:115)
    at org.junit.Assert.assertEquals(Assert.java:144)
    at java_testcases.junit.POWERSET_Test.test_0(POWERSET_Test.java:9)
    at sun.reflect.NativeMethodAccessorImpl.invoke0(Native Method)
    at sun.reflect.NativeMethodAccessorImpl.invoke(NativeMethodAccessorImpl.java:62)
    at sun.reflect.DelegatingMethodAccessorImpl.invoke(DelegatingMethodAccessorImpl.java:43)
~ test_1(java_testcases.junit.POWERSET_Test)
[expected:<[[[],[b],[a],[]a,b]]> but was:<[[[]a,b]]>]
org.junit.ComparisonFailure: expected:<[[[],[b],[a],[]a,b]]> but was:<[[[]a,b]]>    at org.junit.Assert.assertEquals(Assert.java:115)
    at org.junit.Assert.assertEquals(Assert.java:144)
    at java_testcases.junit.POWERSET_Test.test_1(POWERSET_Test.java:16)
    at sun.reflect.NativeMethodAccessorImpl.invoke0(Native Method)
    at sun.reflect.NativeMethodAccessorImpl.invoke(NativeMethodAccessorImpl.java:62)
    at sun.reflect.DelegatingMethodAccessorImpl.invoke(DelegatingMethodAccessorImpl.java:43)
~ test_2(java_testcases.junit.POWERSET_Test)
[expected:<[[[],[]a]]> but was:<[[[]a]]>]
org.junit.ComparisonFailure: expected:<[[[],[]a]]> but was:<[[[]a]]>    at org.junit.Assert.assertEquals(Assert.java:115)
    at org.junit.Assert.assertEquals(Assert.java:144)
    at java_testcases.junit.POWERSET_Test.test_2(POWERSET_Test.java:23)
    at sun.reflect.NativeMethodAccessorImpl.invoke0(Native Method)
    at sun.reflect.NativeMethodAccessorImpl.invoke(NativeMethodAccessorImpl.java:62)
    at sun.reflect.DelegatingMethodAccessorImpl.invoke(DelegatingMethodAccessorImpl.java:43)
~ test_4(java_testcases.junit.POWERSET_Test)
[expected:<[[[],[m],[z],[z,m],[df],[df,m],[df,z],[df,z,m],[x],[x,m],[x,z],[x,z,m],[x,df],[x,df,m],[x,df,z],[]x,df,z,m]]> but was:<[[[]x,df,z,m]]>]
org.junit.ComparisonFailure: expected:<[[[],[m],[z],[z,m],[df],[df,m],[df,z],[df,z,m],[x],[x,m],[x,z],[x,z,m],[x,df],[x,df,m],[x,df,z],[]x,df,z,m]]> but was:<[[[]x,df,z,m]]>    at org.junit.Assert.assertEquals(Assert.java:115)
    at org.junit.Assert.assertEquals(Assert.java:144)
    at java_testcases.junit.POWERSET_Test.test_4(POWERSET_Test.java:37)
    at sun.reflect.NativeMethodAccessorImpl.invoke0(Native Method)
    at sun.reflect.NativeMethodAccessorImpl.invoke(NativeMethodAccessorImpl.java:62)
    at sun.reflect.DelegatingMethodAccessorImpl.invoke(DelegatingMethodAccessorImpl.java:43)
~ test_0(java_testcases.junit.POWERSET_Test)
[expected:<[[[],[c],[b],[b,c],[a],[a,c],[a,b],[]a,b,c]]> but was:<[[[]a,b,c]]>]
org.junit.ComparisonFailure: expected:<[[[],[c],[b],[b,c],[a],[a,c],[a,b],[]a,b,c]]> but was:<[[[]a,b,c]]>    at org.junit.Assert.assertEquals(Assert.java:115)
    at org.junit.Assert.assertEquals(Assert.java:144)
    at java_testcases.junit.POWERSET_Test.test_0(POWERSET_Test.java:9)
    at sun.reflect.NativeMethodAccessorImpl.invoke0(Native Method)
    at sun.reflect.NativeMethodAccessorImpl.invoke(NativeMethodAccessorImpl.java:62)
    at sun.reflect.DelegatingMethodAccessorImpl.invoke(DelegatingMethodAccessorImpl.java:43)
~ test_1(java_testcases.junit.POWERSET_Test)
[expected:<[[[],[b],[a],[]a,b]]> but was:<[[[]a,b]]>]
org.junit.ComparisonFailure: expected:<[[[],[b],[a],[]a,b]]> but was:<[[[]a,b]]>    at org.junit.Assert.assertEquals(Assert.java:115)
    at org.junit.Assert.assertEquals(Assert.java:144)
    at java_testcases.junit.POWERSET_Test.test_1(POWERSET_Test.java:16)
    at sun.reflect.NativeMethodAccessorImpl.invoke0(Native Method)
    at sun.reflect.NativeMethodAccessorImpl.invoke(NativeMethodAccessorImpl.java:62)
    at sun.reflect.DelegatingMethodAccessorImpl.invoke(DelegatingMethodAccessorImpl.java:43)
~ test_2(java_testcases.junit.POWERSET_Test)
[expected:<[[[],[]a]]> but was:<[[[]a]]>]
org.junit.ComparisonFailure: expected:<[[[],[]a]]> but was:<[[[]a]]>    at org.junit.Assert.assertEquals(Assert.java:115)
    at org.junit.Assert.assertEquals(Assert.java:144)
    at java_testcases.junit.POWERSET_Test.test_2(POWERSET_Test.java:23)
    at sun.reflect.NativeMethodAccessorImpl.invoke0(Native Method)
    at sun.reflect.NativeMethodAccessorImpl.invoke(NativeMethodAccessorImpl.java:62)
    at sun.reflect.DelegatingMethodAccessorImpl.invoke(DelegatingMethodAccessorImpl.java:43)
~ test_4(java_testcases.junit.POWERSET_Test)
[expected:<[[[],[m],[z],[z,m],[df],[df,m],[df,z],[df,z,m],[x],[x,m],[x,z],[x,z,m],[x,df],[x,df,m],[x,df,z],[]x,df,z,m]]> but was:<[[[]x,df,z,m]]>]
org.junit.ComparisonFailure: expected:<[[[],[m],[z],[z,m],[df],[df,m],[df,z],[df,z,m],[x],[x,m],[x,z],[x,z,m],[x,df],[x,df,m],[x,df,z],[]x,df,z,m]]> but was:<[[[]x,df,z,m]]>    at org.junit.Assert.assertEquals(Assert.java:115)
    at org.junit.Assert.assertEquals(Assert.java:144)
    at java_testcases.junit.POWERSET_Test.test_4(POWERSET_Test.java:37)
    at sun.reflect.NativeMethodAccessorImpl.invoke0(Native Method)
    at sun.reflect.NativeMethodAccessorImpl.invoke(NativeMethodAccessorImpl.java:62)
    at sun.reflect.DelegatingMethodAccessorImpl.invoke(DelegatingMethodAccessorImpl.java:43)
~ test_0(java_testcases.junit.POWERSET_Test)
[expected:<[[[],[c],[b],[b,c],[a],[a,c],[a,b],[]a,b,c]]> but was:<[[[]a,b,c]]>]
org.junit.ComparisonFailure: expected:<[[[],[c],[b],[b,c],[a],[a,c],[a,b],[]a,b,c]]> but was:<[[[]a,b,c]]>    at org.junit.Assert.assertEquals(Assert.java:115)
    at org.junit.Assert.assertEquals(Assert.java:144)
    at java_testcases.junit.POWERSET_Test.test_0(POWERSET_Test.java:9)
    at sun.reflect.NativeMethodAccessorImpl.invoke0(Native Method)
    at sun.reflect.NativeMethodAccessorImpl.invoke(NativeMethodAccessorImpl.java:62)
    at sun.reflect.DelegatingMethodAccessorImpl.invoke(DelegatingMethodAccessorImpl.java:43)
~ test_1(java_testcases.junit.POWERSET_Test)
[expected:<[[[],[b],[a],[]a,b]]> but was:<[[[]a,b]]>]
org.junit.ComparisonFailure: expected:<[[[],[b],[a],[]a,b]]> but was:<[[[]a,b]]>    at org.junit.Assert.assertEquals(Assert.java:115)
    at org.junit.Assert.assertEquals(Assert.java:144)
    at java_testcases.junit.POWERSET_Test.test_1(POWERSET_Test.java:16)
    at sun.reflect.NativeMethodAccessorImpl.invoke0(Native Method)
    at sun.reflect.NativeMethodAccessorImpl.invoke(NativeMethodAccessorImpl.java:62)
    at sun.reflect.DelegatingMethodAccessorImpl.invoke(DelegatingMethodAccessorImpl.java:43)
~ test_2(java_testcases.junit.POWERSET_Test)
[expected:<[[[],[]a]]> but was:<[[[]a]]>]
org.junit.ComparisonFailure: expected:<[[[],[]a]]> but was:<[[[]a]]>    at org.junit.Assert.assertEquals(Assert.java:115)
    at org.junit.Assert.assertEquals(Assert.java:144)
    at java_testcases.junit.POWERSET_Test.test_2(POWERSET_Test.java:23)
    at sun.reflect.NativeMethodAccessorImpl.invoke0(Native Method)
    at sun.reflect.NativeMethodAccessorImpl.invoke(NativeMethodAccessorImpl.java:62)
    at sun.reflect.DelegatingMethodAccessorImpl.invoke(DelegatingMethodAccessorImpl.java:43)
~ test_4(java_testcases.junit.POWERSET_Test)
[expected:<[[[],[m],[z],[z,m],[df],[df,m],[df,z],[df,z,m],[x],[x,m],[x,z],[x,z,m],[x,df],[x,df,m],[x,df,z],[]x,df,z,m]]> but was:<[[[]x,df,z,m]]>]
org.junit.ComparisonFailure: expected:<[[[],[m],[z],[z,m],[df],[df,m],[df,z],[df,z,m],[x],[x,m],[x,z],[x,z,m],[x,df],[x,df,m],[x,df,z],[]x,df,z,m]]> but was:<[[[]x,df,z,m]]>    at org.junit.Assert.assertEquals(Assert.java:115)
    at org.junit.Assert.assertEquals(Assert.java:144)
    at java_testcases.junit.POWERSET_Test.test_4(POWERSET_Test.java:37)
    at sun.reflect.NativeMethodAccessorImpl.invoke0(Native Method)
    at sun.reflect.NativeMethodAccessorImpl.invoke(NativeMethodAccessorImpl.java:62)
    at sun.reflect.DelegatingMethodAccessorImpl.invoke(DelegatingMethodAccessorImpl.java:43)
~ test_0(java_testcases.junit.POWERSET_Test)
[expected:<[[[],[c],[b],[b,c],[a],[a,c],[a,b],[]a,b,c]]> but was:<[[[]a,b,c]]>]
org.junit.ComparisonFailure: expected:<[[[],[c],[b],[b,c],[a],[a,c],[a,b],[]a,b,c]]> but was:<[[[]a,b,c]]>    at org.junit.Assert.assertEquals(Assert.java:115)
    at org.junit.Assert.assertEquals(Assert.java:144)
    at java_testcases.junit.POWERSET_Test.test_0(POWERSET_Test.java:9)
    at sun.reflect.NativeMethodAccessorImpl.invoke0(Native Method)
    at sun.reflect.NativeMethodAccessorImpl.invoke(NativeMethodAccessorImpl.java:62)
    at sun.reflect.DelegatingMethodAccessorImpl.invoke(DelegatingMethodAccessorImpl.java:43)
~ test_1(java_testcases.junit.POWERSET_Test)
[expected:<[[[],[b],[a],[]a,b]]> but was:<[[[]a,b]]>]
org.junit.ComparisonFailure: expected:<[[[],[b],[a],[]a,b]]> but was:<[[[]a,b]]>    at org.junit.Assert.assertEquals(Assert.java:115)
    at org.junit.Assert.assertEquals(Assert.java:144)
    at java_testcases.junit.POWERSET_Test.test_1(POWERSET_Test.java:16)
    at sun.reflect.NativeMethodAccessorImpl.invoke0(Native Method)
    at sun.reflect.NativeMethodAccessorImpl.invoke(NativeMethodAccessorImpl.java:62)
    at sun.reflect.DelegatingMethodAccessorImpl.invoke(DelegatingMethodAccessorImpl.java:43)
~ test_2(java_testcases.junit.POWERSET_Test)
[expected:<[[[],[]a]]> but was:<[[[]a]]>]
org.junit.ComparisonFailure: expected:<[[[],[]a]]> but was:<[[[]a]]>    at org.junit.Assert.assertEquals(Assert.java:115)
    at org.junit.Assert.assertEquals(Assert.java:144)
    at java_testcases.junit.POWERSET_Test.test_2(POWERSET_Test.java:23)
    at sun.reflect.NativeMethodAccessorImpl.invoke0(Native Method)
    at sun.reflect.NativeMethodAccessorImpl.invoke(NativeMethodAccessorImpl.java:62)
    at sun.reflect.DelegatingMethodAccessorImpl.invoke(DelegatingMethodAccessorImpl.java:43)
~ test_4(java_testcases.junit.POWERSET_Test)
[expected:<[[[],[m],[z],[z,m],[df],[df,m],[df,z],[df,z,m],[x],[x,m],[x,z],[x,z,m],[x,df],[x,df,m],[x,df,z],[]x,df,z,m]]> but was:<[[[]x,df,z,m]]>]
org.junit.ComparisonFailure: expected:<[[[],[m],[z],[z,m],[df],[df,m],[df,z],[df,z,m],[x],[x,m],[x,z],[x,z,m],[x,df],[x,df,m],[x,df,z],[]x,df,z,m]]> but was:<[[[]x,df,z,m]]>    at org.junit.Assert.assertEquals(Assert.java:115)
    at org.junit.Assert.assertEquals(Assert.java:144)
    at java_testcases.junit.POWERSET_Test.test_4(POWERSET_Test.java:37)
    at sun.reflect.NativeMethodAccessorImpl.invoke0(Native Method)
    at sun.reflect.NativeMethodAccessorImpl.invoke(NativeMethodAccessorImpl.java:62)
    at sun.reflect.DelegatingMethodAccessorImpl.invoke(DelegatingMethodAccessorImpl.java:43)

12:03:39.489 [pool-55-thread-1] ERROR x.java.compiler.DynamicClassCompiler - [Compilation errors]
POWERSET.java:30: error: missing return statement
    }
    ^
Note: POWERSET.java uses unchecked or unsafe operations.
Note: Recompile with -Xlint:unchecked for details.
xxl.java.compiler.DynamicCompilationException: Aborting: dynamic compilation failed
	at xxl.java.compiler.DynamicClassCompiler.runCompilationTask(DynamicClassCompiler.java:99)
	at xxl.java.compiler.DynamicClassCompiler.javaBytecodeFor(DynamicClassCompiler.java:67)
	at fr.inria.lille.commons.spoon.SpoonedFile.compilationFor(SpoonedFile.java:203)
	at fr.inria.lille.commons.spoon.SpoonedFile.compileModelledClasses(SpoonedFile.java:177)
	at fr.inria.lille.commons.spoon.SpoonedFile.dumpedToClassLoader(SpoonedFile.java:130)
	at fr.inria.lille.commons.spoon.SpoonedFile.processedAndDumpedToClassLoader(SpoonedFile.java:140)
	at fr.inria.lille.commons.spoon.SpoonedFile.processedAndDumpedToClassLoader(SpoonedFile.java:135)
	at fr.inria.lille.repair.nopol.synth.dynamoth.DynamothSynthesizer.findAngelicValuesAndBuildPatch(DynamothSynthesizer.java:69)
	at fr.inria.lille.repair.nopol.NoPol.runNopolProcessor(NoPol.java:295)
	at fr.inria.lille.repair.nopol.NoPol.access$000(NoPol.java:81)
	at fr.inria.lille.repair.nopol.NoPol$1.call(NoPol.java:260)
	at java.util.concurrent.FutureTask.run(FutureTask.java:266)
	at java.util.concurrent.ThreadPoolExecutor.runWorker(ThreadPoolExecutor.java:1149)
	at java.util.concurrent.ThreadPoolExecutor$Worker.run(ThreadPoolExecutor.java:624)
	at java.lang.Thread.run(Thread.java:748)
12:03:39.490 [pool-2-thread-1] DEBUG fr.inria.lille.repair.nopol.NoPol - statement #34
12:03:39.490 [pool-2-thread-1] DEBUG fr.inria.lille.repair.nopol.NoPol - Analysing SourceLocation java_programs.POWERSET:32 which is executed by 5 tests
1641204030
12:03:39.522 [pool-2-thread-1] DEBUG fr.inria.lille.repair.nopol.NoPol - looking with class fr.inria.lille.repair.nopol.spoon.smt.ConditionalAdder
org.junit.ComparisonFailure: expected:<[[[],[c],[b],[b,c],[a],[a,c],[a,b],[]a,b,c]]> but was:<[[[]a,b,c]]>
    at org.junit.Assert.assertEquals(Assert.java:115)
    at org.junit.Assert.assertEquals(Assert.java:144)
    at java_testcases.junit.POWERSET_Test.test_0(POWERSET_Test.java:9)
    at sun.reflect.NativeMethodAccessorImpl.invoke0(Native Method)
    at sun.reflect.NativeMethodAccessorImpl.invoke(NativeMethodAccessorImpl.java:62)
    at sun.reflect.DelegatingMethodAccessorImpl.invoke(DelegatingMethodAccessorImpl.java:43)
org.junit.ComparisonFailure: expected:<[[[],[b],[a],[]a,b]]> but was:<[[[]a,b]]>
    at org.junit.Assert.assertEquals(Assert.java:115)
    at org.junit.Assert.assertEquals(Assert.java:144)
    at java_testcases.junit.POWERSET_Test.test_1(POWERSET_Test.java:16)
    at sun.reflect.NativeMethodAccessorImpl.invoke0(Native Method)
    at sun.reflect.NativeMethodAccessorImpl.invoke(NativeMethodAccessorImpl.java:62)
    at sun.reflect.DelegatingMethodAccessorImpl.invoke(DelegatingMethodAccessorImpl.java:43)
org.junit.ComparisonFailure: expected:<[[[],[]a]]> but was:<[[[]a]]>
    at org.junit.Assert.assertEquals(Assert.java:115)
    at org.junit.Assert.assertEquals(Assert.java:144)
    at java_testcases.junit.POWERSET_Test.test_2(POWERSET_Test.java:23)
    at sun.reflect.NativeMethodAccessorImpl.invoke0(Native Method)
    at sun.reflect.NativeMethodAccessorImpl.invoke(NativeMethodAccessorImpl.java:62)
    at sun.reflect.DelegatingMethodAccessorImpl.invoke(DelegatingMethodAccessorImpl.java:43)
org.junit.ComparisonFailure: expected:<[[[],[m],[z],[z,m],[df],[df,m],[df,z],[df,z,m],[x],[x,m],[x,z],[x,z,m],[x,df],[x,df,m],[x,df,z],[]x,df,z,m]]> but was:<[[[]x,df,z,m]]>
    at org.junit.Assert.assertEquals(Assert.java:115)
    at org.junit.Assert.assertEquals(Assert.java:144)
    at java_testcases.junit.POWERSET_Test.test_4(POWERSET_Test.java:37)
    at sun.reflect.NativeMethodAccessorImpl.invoke0(Native Method)
    at sun.reflect.NativeMethodAccessorImpl.invoke(NativeMethodAccessorImpl.java:62)
    at sun.reflect.DelegatingMethodAccessorImpl.invoke(DelegatingMethodAccessorImpl.java:43)
org.junit.ComparisonFailure: expected:<[[[],[c],[b],[b,c],[a],[a,c],[a,b],[]a,b,c]]> but was:<[[[]a,b,c]]>
    at org.junit.Assert.assertEquals(Assert.java:115)
    at org.junit.Assert.assertEquals(Assert.java:144)
    at java_testcases.junit.POWERSET_Test.test_0(POWERSET_Test.java:9)
    at sun.reflect.NativeMethodAccessorImpl.invoke0(Native Method)
    at sun.reflect.NativeMethodAccessorImpl.invoke(NativeMethodAccessorImpl.java:62)
    at sun.reflect.DelegatingMethodAccessorImpl.invoke(DelegatingMethodAccessorImpl.java:43)
org.junit.ComparisonFailure: expected:<[[[],[b],[a],[]a,b]]> but was:<[[[]a,b]]>
    at org.junit.Assert.assertEquals(Assert.java:115)
    at org.junit.Assert.assertEquals(Assert.java:144)
    at java_testcases.junit.POWERSET_Test.test_1(POWERSET_Test.java:16)
    at sun.reflect.NativeMethodAccessorImpl.invoke0(Native Method)
    at sun.reflect.NativeMethodAccessorImpl.invoke(NativeMethodAccessorImpl.java:62)
    at sun.reflect.DelegatingMethodAccessorImpl.invoke(DelegatingMethodAccessorImpl.java:43)
org.junit.ComparisonFailure: expected:<[[[],[]a]]> but was:<[[[]a]]>
    at org.junit.Assert.assertEquals(Assert.java:115)
    at org.junit.Assert.assertEquals(Assert.java:144)
    at java_testcases.junit.POWERSET_Test.test_2(POWERSET_Test.java:23)
    at sun.reflect.NativeMethodAccessorImpl.invoke0(Native Method)
    at sun.reflect.NativeMethodAccessorImpl.invoke(NativeMethodAccessorImpl.java:62)
    at sun.reflect.DelegatingMethodAccessorImpl.invoke(DelegatingMethodAccessorImpl.java:43)
org.junit.ComparisonFailure: expected:<[[[],[m],[z],[z,m],[df],[df,m],[df,z],[df,z,m],[x],[x,m],[x,z],[x,z,m],[x,df],[x,df,m],[x,df,z],[]x,df,z,m]]> but was:<[[[]x,df,z,m]]>
    at org.junit.Assert.assertEquals(Assert.java:115)
    at org.junit.Assert.assertEquals(Assert.java:144)
    at java_testcases.junit.POWERSET_Test.test_4(POWERSET_Test.java:37)
    at sun.reflect.NativeMethodAccessorImpl.invoke0(Native Method)
    at sun.reflect.NativeMethodAccessorImpl.invoke(NativeMethodAccessorImpl.java:62)
    at sun.reflect.DelegatingMethodAccessorImpl.invoke(DelegatingMethodAccessorImpl.java:43)
org.junit.ComparisonFailure: expected:<[[[],[c],[b],[b,c],[a],[a,c],[a,b],[]a,b,c]]> but was:<[[[]a,b,c]]>
    at org.junit.Assert.assertEquals(Assert.java:115)
    at org.junit.Assert.assertEquals(Assert.java:144)
    at java_testcases.junit.POWERSET_Test.test_0(POWERSET_Test.java:9)
    at sun.reflect.NativeMethodAccessorImpl.invoke0(Native Method)
    at sun.reflect.NativeMethodAccessorImpl.invoke(NativeMethodAccessorImpl.java:62)
    at sun.reflect.DelegatingMethodAccessorImpl.invoke(DelegatingMethodAccessorImpl.java:43)
org.junit.ComparisonFailure: expected:<[[[],[b],[a],[]a,b]]> but was:<[[[]a,b]]>
    at org.junit.Assert.assertEquals(Assert.java:115)
    at org.junit.Assert.assertEquals(Assert.java:144)
    at java_testcases.junit.POWERSET_Test.test_1(POWERSET_Test.java:16)
    at sun.reflect.NativeMethodAccessorImpl.invoke0(Native Method)
    at sun.reflect.NativeMethodAccessorImpl.invoke(NativeMethodAccessorImpl.java:62)
    at sun.reflect.DelegatingMethodAccessorImpl.invoke(DelegatingMethodAccessorImpl.java:43)
org.junit.ComparisonFailure: expected:<[[[],[]a]]> but was:<[[[]a]]>
    at org.junit.Assert.assertEquals(Assert.java:115)
    at org.junit.Assert.assertEquals(Assert.java:144)
    at java_testcases.junit.POWERSET_Test.test_2(POWERSET_Test.java:23)
    at sun.reflect.NativeMethodAccessorImpl.invoke0(Native Method)
    at sun.reflect.NativeMethodAccessorImpl.invoke(NativeMethodAccessorImpl.java:62)
    at sun.reflect.DelegatingMethodAccessorImpl.invoke(DelegatingMethodAccessorImpl.java:43)
org.junit.ComparisonFailure: expected:<[[[],[m],[z],[z,m],[df],[df,m],[df,z],[df,z,m],[x],[x,m],[x,z],[x,z,m],[x,df],[x,df,m],[x,df,z],[]x,df,z,m]]> but was:<[[[]x,df,z,m]]>
    at org.junit.Assert.assertEquals(Assert.java:115)
    at org.junit.Assert.assertEquals(Assert.java:144)
    at java_testcases.junit.POWERSET_Test.test_4(POWERSET_Test.java:37)
    at sun.reflect.NativeMethodAccessorImpl.invoke0(Native Method)
    at sun.reflect.NativeMethodAccessorImpl.invoke(NativeMethodAccessorImpl.java:62)
    at sun.reflect.DelegatingMethodAccessorImpl.invoke(DelegatingMethodAccessorImpl.java:43)
org.junit.ComparisonFailure: expected:<[[[],[c],[b],[b,c],[a],[a,c],[a,b],[]a,b,c]]> but was:<[[[]a,b,c]]>
    at org.junit.Assert.assertEquals(Assert.java:115)
    at org.junit.Assert.assertEquals(Assert.java:144)
    at java_testcases.junit.POWERSET_Test.test_0(POWERSET_Test.java:9)
    at sun.reflect.NativeMethodAccessorImpl.invoke0(Native Method)
    at sun.reflect.NativeMethodAccessorImpl.invoke(NativeMethodAccessorImpl.java:62)
    at sun.reflect.DelegatingMethodAccessorImpl.invoke(DelegatingMethodAccessorImpl.java:43)
org.junit.ComparisonFailure: expected:<[[[],[b],[a],[]a,b]]> but was:<[[[]a,b]]>
    at org.junit.Assert.assertEquals(Assert.java:115)
    at org.junit.Assert.assertEquals(Assert.java:144)
    at java_testcases.junit.POWERSET_Test.test_1(POWERSET_Test.java:16)
    at sun.reflect.NativeMethodAccessorImpl.invoke0(Native Method)
    at sun.reflect.NativeMethodAccessorImpl.invoke(NativeMethodAccessorImpl.java:62)
    at sun.reflect.DelegatingMethodAccessorImpl.invoke(DelegatingMethodAccessorImpl.java:43)
org.junit.ComparisonFailure: expected:<[[[],[]a]]> but was:<[[[]a]]>
    at org.junit.Assert.assertEquals(Assert.java:115)
    at org.junit.Assert.assertEquals(Assert.java:144)
    at java_testcases.junit.POWERSET_Test.test_2(POWERSET_Test.java:23)
    at sun.reflect.NativeMethodAccessorImpl.invoke0(Native Method)
    at sun.reflect.NativeMethodAccessorImpl.invoke(NativeMethodAccessorImpl.java:62)
    at sun.reflect.DelegatingMethodAccessorImpl.invoke(DelegatingMethodAccessorImpl.java:43)
org.junit.ComparisonFailure: expected:<[[[],[m],[z],[z,m],[df],[df,m],[df,z],[df,z,m],[x],[x,m],[x,z],[x,z,m],[x,df],[x,df,m],[x,df,z],[]x,df,z,m]]> but was:<[[[]x,df,z,m]]>
    at org.junit.Assert.assertEquals(Assert.java:115)
    at org.junit.Assert.assertEquals(Assert.java:144)
    at java_testcases.junit.POWERSET_Test.test_4(POWERSET_Test.java:37)
    at sun.reflect.NativeMethodAccessorImpl.invoke0(Native Method)
    at sun.reflect.NativeMethodAccessorImpl.invoke(NativeMethodAccessorImpl.java:62)
    at sun.reflect.DelegatingMethodAccessorImpl.invoke(DelegatingMethodAccessorImpl.java:43)
12:03:39.533 [pool-58-thread-1] INFO  xxl.java.junit.TestCasesListener - Tests run finished (8 ms)
<> Total tests run: 20
<> Ignored tests: 0
<> Failed tests: 16
~ test_0(java_testcases.junit.POWERSET_Test)
[expected:<[[[],[c],[b],[b,c],[a],[a,c],[a,b],[]a,b,c]]> but was:<[[[]a,b,c]]>]
org.junit.ComparisonFailure: expected:<[[[],[c],[b],[b,c],[a],[a,c],[a,b],[]a,b,c]]> but was:<[[[]a,b,c]]>    at org.junit.Assert.assertEquals(Assert.java:115)
    at org.junit.Assert.assertEquals(Assert.java:144)
    at java_testcases.junit.POWERSET_Test.test_0(POWERSET_Test.java:9)
    at sun.reflect.NativeMethodAccessorImpl.invoke0(Native Method)
    at sun.reflect.NativeMethodAccessorImpl.invoke(NativeMethodAccessorImpl.java:62)
    at sun.reflect.DelegatingMethodAccessorImpl.invoke(DelegatingMethodAccessorImpl.java:43)
~ test_1(java_testcases.junit.POWERSET_Test)
[expected:<[[[],[b],[a],[]a,b]]> but was:<[[[]a,b]]>]
org.junit.ComparisonFailure: expected:<[[[],[b],[a],[]a,b]]> but was:<[[[]a,b]]>    at org.junit.Assert.assertEquals(Assert.java:115)
    at org.junit.Assert.assertEquals(Assert.java:144)
    at java_testcases.junit.POWERSET_Test.test_1(POWERSET_Test.java:16)
    at sun.reflect.NativeMethodAccessorImpl.invoke0(Native Method)
    at sun.reflect.NativeMethodAccessorImpl.invoke(NativeMethodAccessorImpl.java:62)
    at sun.reflect.DelegatingMethodAccessorImpl.invoke(DelegatingMethodAccessorImpl.java:43)
~ test_2(java_testcases.junit.POWERSET_Test)
[expected:<[[[],[]a]]> but was:<[[[]a]]>]
org.junit.ComparisonFailure: expected:<[[[],[]a]]> but was:<[[[]a]]>    at org.junit.Assert.assertEquals(Assert.java:115)
    at org.junit.Assert.assertEquals(Assert.java:144)
    at java_testcases.junit.POWERSET_Test.test_2(POWERSET_Test.java:23)
    at sun.reflect.NativeMethodAccessorImpl.invoke0(Native Method)
    at sun.reflect.NativeMethodAccessorImpl.invoke(NativeMethodAccessorImpl.java:62)
    at sun.reflect.DelegatingMethodAccessorImpl.invoke(DelegatingMethodAccessorImpl.java:43)
~ test_4(java_testcases.junit.POWERSET_Test)
[expected:<[[[],[m],[z],[z,m],[df],[df,m],[df,z],[df,z,m],[x],[x,m],[x,z],[x,z,m],[x,df],[x,df,m],[x,df,z],[]x,df,z,m]]> but was:<[[[]x,df,z,m]]>]
org.junit.ComparisonFailure: expected:<[[[],[m],[z],[z,m],[df],[df,m],[df,z],[df,z,m],[x],[x,m],[x,z],[x,z,m],[x,df],[x,df,m],[x,df,z],[]x,df,z,m]]> but was:<[[[]x,df,z,m]]>    at org.junit.Assert.assertEquals(Assert.java:115)
    at org.junit.Assert.assertEquals(Assert.java:144)
    at java_testcases.junit.POWERSET_Test.test_4(POWERSET_Test.java:37)
    at sun.reflect.NativeMethodAccessorImpl.invoke0(Native Method)
    at sun.reflect.NativeMethodAccessorImpl.invoke(NativeMethodAccessorImpl.java:62)
    at sun.reflect.DelegatingMethodAccessorImpl.invoke(DelegatingMethodAccessorImpl.java:43)
~ test_0(java_testcases.junit.POWERSET_Test)
[expected:<[[[],[c],[b],[b,c],[a],[a,c],[a,b],[]a,b,c]]> but was:<[[[]a,b,c]]>]
org.junit.ComparisonFailure: expected:<[[[],[c],[b],[b,c],[a],[a,c],[a,b],[]a,b,c]]> but was:<[[[]a,b,c]]>    at org.junit.Assert.assertEquals(Assert.java:115)
    at org.junit.Assert.assertEquals(Assert.java:144)
    at java_testcases.junit.POWERSET_Test.test_0(POWERSET_Test.java:9)
    at sun.reflect.NativeMethodAccessorImpl.invoke0(Native Method)
    at sun.reflect.NativeMethodAccessorImpl.invoke(NativeMethodAccessorImpl.java:62)
    at sun.reflect.DelegatingMethodAccessorImpl.invoke(DelegatingMethodAccessorImpl.java:43)
~ test_1(java_testcases.junit.POWERSET_Test)
[expected:<[[[],[b],[a],[]a,b]]> but was:<[[[]a,b]]>]
org.junit.ComparisonFailure: expected:<[[[],[b],[a],[]a,b]]> but was:<[[[]a,b]]>    at org.junit.Assert.assertEquals(Assert.java:115)
    at org.junit.Assert.assertEquals(Assert.java:144)
    at java_testcases.junit.POWERSET_Test.test_1(POWERSET_Test.java:16)
    at sun.reflect.NativeMethodAccessorImpl.invoke0(Native Method)
    at sun.reflect.NativeMethodAccessorImpl.invoke(NativeMethodAccessorImpl.java:62)
    at sun.reflect.DelegatingMethodAccessorImpl.invoke(DelegatingMethodAccessorImpl.java:43)
~ test_2(java_testcases.junit.POWERSET_Test)
[expected:<[[[],[]a]]> but was:<[[[]a]]>]
org.junit.ComparisonFailure: expected:<[[[],[]a]]> but was:<[[[]a]]>    at org.junit.Assert.assertEquals(Assert.java:115)
    at org.junit.Assert.assertEquals(Assert.java:144)
    at java_testcases.junit.POWERSET_Test.test_2(POWERSET_Test.java:23)
    at sun.reflect.NativeMethodAccessorImpl.invoke0(Native Method)
    at sun.reflect.NativeMethodAccessorImpl.invoke(NativeMethodAccessorImpl.java:62)
    at sun.reflect.DelegatingMethodAccessorImpl.invoke(DelegatingMethodAccessorImpl.java:43)
~ test_4(java_testcases.junit.POWERSET_Test)
[expected:<[[[],[m],[z],[z,m],[df],[df,m],[df,z],[df,z,m],[x],[x,m],[x,z],[x,z,m],[x,df],[x,df,m],[x,df,z],[]x,df,z,m]]> but was:<[[[]x,df,z,m]]>]
org.junit.ComparisonFailure: expected:<[[[],[m],[z],[z,m],[df],[df,m],[df,z],[df,z,m],[x],[x,m],[x,z],[x,z,m],[x,df],[x,df,m],[x,df,z],[]x,df,z,m]]> but was:<[[[]x,df,z,m]]>    at org.junit.Assert.assertEquals(Assert.java:115)
    at org.junit.Assert.assertEquals(Assert.java:144)
    at java_testcases.junit.POWERSET_Test.test_4(POWERSET_Test.java:37)
    at sun.reflect.NativeMethodAccessorImpl.invoke0(Native Method)
    at sun.reflect.NativeMethodAccessorImpl.invoke(NativeMethodAccessorImpl.java:62)
    at sun.reflect.DelegatingMethodAccessorImpl.invoke(DelegatingMethodAccessorImpl.java:43)
~ test_0(java_testcases.junit.POWERSET_Test)
[expected:<[[[],[c],[b],[b,c],[a],[a,c],[a,b],[]a,b,c]]> but was:<[[[]a,b,c]]>]
org.junit.ComparisonFailure: expected:<[[[],[c],[b],[b,c],[a],[a,c],[a,b],[]a,b,c]]> but was:<[[[]a,b,c]]>    at org.junit.Assert.assertEquals(Assert.java:115)
    at org.junit.Assert.assertEquals(Assert.java:144)
    at java_testcases.junit.POWERSET_Test.test_0(POWERSET_Test.java:9)
    at sun.reflect.NativeMethodAccessorImpl.invoke0(Native Method)
    at sun.reflect.NativeMethodAccessorImpl.invoke(NativeMethodAccessorImpl.java:62)
    at sun.reflect.DelegatingMethodAccessorImpl.invoke(DelegatingMethodAccessorImpl.java:43)
~ test_1(java_testcases.junit.POWERSET_Test)
[expected:<[[[],[b],[a],[]a,b]]> but was:<[[[]a,b]]>]
org.junit.ComparisonFailure: expected:<[[[],[b],[a],[]a,b]]> but was:<[[[]a,b]]>    at org.junit.Assert.assertEquals(Assert.java:115)
    at org.junit.Assert.assertEquals(Assert.java:144)
    at java_testcases.junit.POWERSET_Test.test_1(POWERSET_Test.java:16)
    at sun.reflect.NativeMethodAccessorImpl.invoke0(Native Method)
    at sun.reflect.NativeMethodAccessorImpl.invoke(NativeMethodAccessorImpl.java:62)
    at sun.reflect.DelegatingMethodAccessorImpl.invoke(DelegatingMethodAccessorImpl.java:43)
~ test_2(java_testcases.junit.POWERSET_Test)
[expected:<[[[],[]a]]> but was:<[[[]a]]>]
org.junit.ComparisonFailure: expected:<[[[],[]a]]> but was:<[[[]a]]>    at org.junit.Assert.assertEquals(Assert.java:115)
    at org.junit.Assert.assertEquals(Assert.java:144)
    at java_testcases.junit.POWERSET_Test.test_2(POWERSET_Test.java:23)
    at sun.reflect.NativeMethodAccessorImpl.invoke0(Native Method)
    at sun.reflect.NativeMethodAccessorImpl.invoke(NativeMethodAccessorImpl.java:62)
    at sun.reflect.DelegatingMethodAccessorImpl.invoke(DelegatingMethodAccessorImpl.java:43)
~ test_4(java_testcases.junit.POWERSET_Test)
[expected:<[[[],[m],[z],[z,m],[df],[df,m],[df,z],[df,z,m],[x],[x,m],[x,z],[x,z,m],[x,df],[x,df,m],[x,df,z],[]x,df,z,m]]> but was:<[[[]x,df,z,m]]>]
org.junit.ComparisonFailure: expected:<[[[],[m],[z],[z,m],[df],[df,m],[df,z],[df,z,m],[x],[x,m],[x,z],[x,z,m],[x,df],[x,df,m],[x,df,z],[]x,df,z,m]]> but was:<[[[]x,df,z,m]]>    at org.junit.Assert.assertEquals(Assert.java:115)
    at org.junit.Assert.assertEquals(Assert.java:144)
    at java_testcases.junit.POWERSET_Test.test_4(POWERSET_Test.java:37)
    at sun.reflect.NativeMethodAccessorImpl.invoke0(Native Method)
    at sun.reflect.NativeMethodAccessorImpl.invoke(NativeMethodAccessorImpl.java:62)
    at sun.reflect.DelegatingMethodAccessorImpl.invoke(DelegatingMethodAccessorImpl.java:43)
~ test_0(java_testcases.junit.POWERSET_Test)
[expected:<[[[],[c],[b],[b,c],[a],[a,c],[a,b],[]a,b,c]]> but was:<[[[]a,b,c]]>]
org.junit.ComparisonFailure: expected:<[[[],[c],[b],[b,c],[a],[a,c],[a,b],[]a,b,c]]> but was:<[[[]a,b,c]]>    at org.junit.Assert.assertEquals(Assert.java:115)
    at org.junit.Assert.assertEquals(Assert.java:144)
    at java_testcases.junit.POWERSET_Test.test_0(POWERSET_Test.java:9)
    at sun.reflect.NativeMethodAccessorImpl.invoke0(Native Method)
    at sun.reflect.NativeMethodAccessorImpl.invoke(NativeMethodAccessorImpl.java:62)
    at sun.reflect.DelegatingMethodAccessorImpl.invoke(DelegatingMethodAccessorImpl.java:43)
~ test_1(java_testcases.junit.POWERSET_Test)
[expected:<[[[],[b],[a],[]a,b]]> but was:<[[[]a,b]]>]
org.junit.ComparisonFailure: expected:<[[[],[b],[a],[]a,b]]> but was:<[[[]a,b]]>    at org.junit.Assert.assertEquals(Assert.java:115)
    at org.junit.Assert.assertEquals(Assert.java:144)
    at java_testcases.junit.POWERSET_Test.test_1(POWERSET_Test.java:16)
    at sun.reflect.NativeMethodAccessorImpl.invoke0(Native Method)
    at sun.reflect.NativeMethodAccessorImpl.invoke(NativeMethodAccessorImpl.java:62)
    at sun.reflect.DelegatingMethodAccessorImpl.invoke(DelegatingMethodAccessorImpl.java:43)
~ test_2(java_testcases.junit.POWERSET_Test)
[expected:<[[[],[]a]]> but was:<[[[]a]]>]
org.junit.ComparisonFailure: expected:<[[[],[]a]]> but was:<[[[]a]]>    at org.junit.Assert.assertEquals(Assert.java:115)
    at org.junit.Assert.assertEquals(Assert.java:144)
    at java_testcases.junit.POWERSET_Test.test_2(POWERSET_Test.java:23)
    at sun.reflect.NativeMethodAccessorImpl.invoke0(Native Method)
    at sun.reflect.NativeMethodAccessorImpl.invoke(NativeMethodAccessorImpl.java:62)
    at sun.reflect.DelegatingMethodAccessorImpl.invoke(DelegatingMethodAccessorImpl.java:43)
~ test_4(java_testcases.junit.POWERSET_Test)
[expected:<[[[],[m],[z],[z,m],[df],[df,m],[df,z],[df,z,m],[x],[x,m],[x,z],[x,z,m],[x,df],[x,df,m],[x,df,z],[]x,df,z,m]]> but was:<[[[]x,df,z,m]]>]
org.junit.ComparisonFailure: expected:<[[[],[m],[z],[z,m],[df],[df,m],[df,z],[df,z,m],[x],[x,m],[x,z],[x,z,m],[x,df],[x,df,m],[x,df,z],[]x,df,z,m]]> but was:<[[[]x,df,z,m]]>    at org.junit.Assert.assertEquals(Assert.java:115)
    at org.junit.Assert.assertEquals(Assert.java:144)
    at java_testcases.junit.POWERSET_Test.test_4(POWERSET_Test.java:37)
    at sun.reflect.NativeMethodAccessorImpl.invoke0(Native Method)
    at sun.reflect.NativeMethodAccessorImpl.invoke(NativeMethodAccessorImpl.java:62)
    at sun.reflect.DelegatingMethodAccessorImpl.invoke(DelegatingMethodAccessorImpl.java:43)

12:03:39.598 [pool-2-thread-1] DEBUG fr.inria.lille.repair.nopol.NoPol - statement #35
12:03:39.598 [pool-2-thread-1] DEBUG fr.inria.lille.repair.nopol.NoPol - Analysing SourceLocation java_programs.POWERSET:31 which is executed by 5 tests
1641204030
12:03:39.631 [pool-2-thread-1] DEBUG fr.inria.lille.repair.nopol.NoPol - statement #36
12:03:39.631 [pool-2-thread-1] DEBUG fr.inria.lille.repair.nopol.NoPol - Analysing SourceLocation java_programs.POWERSET:15 which is executed by 5 tests
1641204030
12:03:39.675 [pool-2-thread-1] DEBUG fr.inria.lille.repair.nopol.NoPol - looking with class fr.inria.lille.repair.nopol.spoon.smt.ConditionalReplacer
org.junit.ComparisonFailure: expected:<[[[],[c],[b],[b,c],[a],[a,c],[a,b],[]a,b,c]]> but was:<[[[]a,b,c]]>
    at org.junit.Assert.assertEquals(Assert.java:115)
    at org.junit.Assert.assertEquals(Assert.java:144)
    at java_testcases.junit.POWERSET_Test.test_0(POWERSET_Test.java:9)
    at sun.reflect.NativeMethodAccessorImpl.invoke0(Native Method)
    at sun.reflect.NativeMethodAccessorImpl.invoke(NativeMethodAccessorImpl.java:62)
    at sun.reflect.DelegatingMethodAccessorImpl.invoke(DelegatingMethodAccessorImpl.java:43)
org.junit.ComparisonFailure: expected:<[[[],[b],[a],[]a,b]]> but was:<[[[]a,b]]>
    at org.junit.Assert.assertEquals(Assert.java:115)
    at org.junit.Assert.assertEquals(Assert.java:144)
    at java_testcases.junit.POWERSET_Test.test_1(POWERSET_Test.java:16)
    at sun.reflect.NativeMethodAccessorImpl.invoke0(Native Method)
    at sun.reflect.NativeMethodAccessorImpl.invoke(NativeMethodAccessorImpl.java:62)
    at sun.reflect.DelegatingMethodAccessorImpl.invoke(DelegatingMethodAccessorImpl.java:43)
org.junit.ComparisonFailure: expected:<[[[],[]a]]> but was:<[[[]a]]>
    at org.junit.Assert.assertEquals(Assert.java:115)
    at org.junit.Assert.assertEquals(Assert.java:144)
    at java_testcases.junit.POWERSET_Test.test_2(POWERSET_Test.java:23)
    at sun.reflect.NativeMethodAccessorImpl.invoke0(Native Method)
    at sun.reflect.NativeMethodAccessorImpl.invoke(NativeMethodAccessorImpl.java:62)
    at sun.reflect.DelegatingMethodAccessorImpl.invoke(DelegatingMethodAccessorImpl.java:43)
org.junit.ComparisonFailure: expected:<[[[],[m],[z],[z,m],[df],[df,m],[df,z],[df,z,m],[x],[x,m],[x,z],[x,z,m],[x,df],[x,df,m],[x,df,z],[]x,df,z,m]]> but was:<[[[]x,df,z,m]]>
    at org.junit.Assert.assertEquals(Assert.java:115)
    at org.junit.Assert.assertEquals(Assert.java:144)
    at java_testcases.junit.POWERSET_Test.test_4(POWERSET_Test.java:37)
    at sun.reflect.NativeMethodAccessorImpl.invoke0(Native Method)
    at sun.reflect.NativeMethodAccessorImpl.invoke(NativeMethodAccessorImpl.java:62)
    at sun.reflect.DelegatingMethodAccessorImpl.invoke(DelegatingMethodAccessorImpl.java:43)
org.junit.ComparisonFailure: expected:<[[[],[c],[b],[b,c],[a],[a,c],[a,b],[]a,b,c]]> but was:<[[[]a,b,c]]>
    at org.junit.Assert.assertEquals(Assert.java:115)
    at org.junit.Assert.assertEquals(Assert.java:144)
    at java_testcases.junit.POWERSET_Test.test_0(POWERSET_Test.java:9)
    at sun.reflect.NativeMethodAccessorImpl.invoke0(Native Method)
    at sun.reflect.NativeMethodAccessorImpl.invoke(NativeMethodAccessorImpl.java:62)
    at sun.reflect.DelegatingMethodAccessorImpl.invoke(DelegatingMethodAccessorImpl.java:43)
org.junit.ComparisonFailure: expected:<[[[],[b],[a],[]a,b]]> but was:<[[[]a,b]]>
    at org.junit.Assert.assertEquals(Assert.java:115)
    at org.junit.Assert.assertEquals(Assert.java:144)
    at java_testcases.junit.POWERSET_Test.test_1(POWERSET_Test.java:16)
    at sun.reflect.NativeMethodAccessorImpl.invoke0(Native Method)
    at sun.reflect.NativeMethodAccessorImpl.invoke(NativeMethodAccessorImpl.java:62)
    at sun.reflect.DelegatingMethodAccessorImpl.invoke(DelegatingMethodAccessorImpl.java:43)
org.junit.ComparisonFailure: expected:<[[[],[]a]]> but was:<[[[]a]]>
    at org.junit.Assert.assertEquals(Assert.java:115)
    at org.junit.Assert.assertEquals(Assert.java:144)
    at java_testcases.junit.POWERSET_Test.test_2(POWERSET_Test.java:23)
    at sun.reflect.NativeMethodAccessorImpl.invoke0(Native Method)
    at sun.reflect.NativeMethodAccessorImpl.invoke(NativeMethodAccessorImpl.java:62)
    at sun.reflect.DelegatingMethodAccessorImpl.invoke(DelegatingMethodAccessorImpl.java:43)
org.junit.ComparisonFailure: expected:<[[[],[m],[z],[z,m],[df],[df,m],[df,z],[df,z,m],[x],[x,m],[x,z],[x,z,m],[x,df],[x,df,m],[x,df,z],[]x,df,z,m]]> but was:<[[[]x,df,z,m]]>
    at org.junit.Assert.assertEquals(Assert.java:115)
    at org.junit.Assert.assertEquals(Assert.java:144)
    at java_testcases.junit.POWERSET_Test.test_4(POWERSET_Test.java:37)
    at sun.reflect.NativeMethodAccessorImpl.invoke0(Native Method)
    at sun.reflect.NativeMethodAccessorImpl.invoke(NativeMethodAccessorImpl.java:62)
    at sun.reflect.DelegatingMethodAccessorImpl.invoke(DelegatingMethodAccessorImpl.java:43)
org.junit.ComparisonFailure: expected:<[[[],[c],[b],[b,c],[a],[a,c],[a,b],[]a,b,c]]> but was:<[[[]a,b,c]]>
    at org.junit.Assert.assertEquals(Assert.java:115)
    at org.junit.Assert.assertEquals(Assert.java:144)
    at java_testcases.junit.POWERSET_Test.test_0(POWERSET_Test.java:9)
    at sun.reflect.NativeMethodAccessorImpl.invoke0(Native Method)
    at sun.reflect.NativeMethodAccessorImpl.invoke(NativeMethodAccessorImpl.java:62)
    at sun.reflect.DelegatingMethodAccessorImpl.invoke(DelegatingMethodAccessorImpl.java:43)
org.junit.ComparisonFailure: expected:<[[[],[b],[a],[]a,b]]> but was:<[[[]a,b]]>
    at org.junit.Assert.assertEquals(Assert.java:115)
    at org.junit.Assert.assertEquals(Assert.java:144)
    at java_testcases.junit.POWERSET_Test.test_1(POWERSET_Test.java:16)
    at sun.reflect.NativeMethodAccessorImpl.invoke0(Native Method)
    at sun.reflect.NativeMethodAccessorImpl.invoke(NativeMethodAccessorImpl.java:62)
    at sun.reflect.DelegatingMethodAccessorImpl.invoke(DelegatingMethodAccessorImpl.java:43)
org.junit.ComparisonFailure: expected:<[[[],[]a]]> but was:<[[[]a]]>
    at org.junit.Assert.assertEquals(Assert.java:115)
    at org.junit.Assert.assertEquals(Assert.java:144)
    at java_testcases.junit.POWERSET_Test.test_2(POWERSET_Test.java:23)
    at sun.reflect.NativeMethodAccessorImpl.invoke0(Native Method)
    at sun.reflect.NativeMethodAccessorImpl.invoke(NativeMethodAccessorImpl.java:62)
    at sun.reflect.DelegatingMethodAccessorImpl.invoke(DelegatingMethodAccessorImpl.java:43)
org.junit.ComparisonFailure: expected:<[[[],[m],[z],[z,m],[df],[df,m],[df,z],[df,z,m],[x],[x,m],[x,z],[x,z,m],[x,df],[x,df,m],[x,df,z],[]x,df,z,m]]> but was:<[[[]x,df,z,m]]>
    at org.junit.Assert.assertEquals(Assert.java:115)
    at org.junit.Assert.assertEquals(Assert.java:144)
    at java_testcases.junit.POWERSET_Test.test_4(POWERSET_Test.java:37)
    at sun.reflect.NativeMethodAccessorImpl.invoke0(Native Method)
    at sun.reflect.NativeMethodAccessorImpl.invoke(NativeMethodAccessorImpl.java:62)
    at sun.reflect.DelegatingMethodAccessorImpl.invoke(DelegatingMethodAccessorImpl.java:43)
org.junit.ComparisonFailure: expected:<[[[],[c],[b],[b,c],[a],[a,c],[a,b],[]a,b,c]]> but was:<[[[]a,b,c]]>
    at org.junit.Assert.assertEquals(Assert.java:115)
    at org.junit.Assert.assertEquals(Assert.java:144)
    at java_testcases.junit.POWERSET_Test.test_0(POWERSET_Test.java:9)
    at sun.reflect.NativeMethodAccessorImpl.invoke0(Native Method)
    at sun.reflect.NativeMethodAccessorImpl.invoke(NativeMethodAccessorImpl.java:62)
    at sun.reflect.DelegatingMethodAccessorImpl.invoke(DelegatingMethodAccessorImpl.java:43)
org.junit.ComparisonFailure: expected:<[[[],[b],[a],[]a,b]]> but was:<[[[]a,b]]>
    at org.junit.Assert.assertEquals(Assert.java:115)
    at org.junit.Assert.assertEquals(Assert.java:144)
    at java_testcases.junit.POWERSET_Test.test_1(POWERSET_Test.java:16)
    at sun.reflect.NativeMethodAccessorImpl.invoke0(Native Method)
    at sun.reflect.NativeMethodAccessorImpl.invoke(NativeMethodAccessorImpl.java:62)
    at sun.reflect.DelegatingMethodAccessorImpl.invoke(DelegatingMethodAccessorImpl.java:43)
org.junit.ComparisonFailure: expected:<[[[],[]a]]> but was:<[[[]a]]>
    at org.junit.Assert.assertEquals(Assert.java:115)
    at org.junit.Assert.assertEquals(Assert.java:144)
    at java_testcases.junit.POWERSET_Test.test_2(POWERSET_Test.java:23)
    at sun.reflect.NativeMethodAccessorImpl.invoke0(Native Method)
    at sun.reflect.NativeMethodAccessorImpl.invoke(NativeMethodAccessorImpl.java:62)
    at sun.reflect.DelegatingMethodAccessorImpl.invoke(DelegatingMethodAccessorImpl.java:43)
org.junit.ComparisonFailure: expected:<[[[],[m],[z],[z,m],[df],[df,m],[df,z],[df,z,m],[x],[x,m],[x,z],[x,z,m],[x,df],[x,df,m],[x,df,z],[]x,df,z,m]]> but was:<[[[]x,df,z,m]]>
    at org.junit.Assert.assertEquals(Assert.java:115)
    at org.junit.Assert.assertEquals(Assert.java:144)
    at java_testcases.junit.POWERSET_Test.test_4(POWERSET_Test.java:37)
    at sun.reflect.NativeMethodAccessorImpl.invoke0(Native Method)
    at sun.reflect.NativeMethodAccessorImpl.invoke(NativeMethodAccessorImpl.java:62)
    at sun.reflect.DelegatingMethodAccessorImpl.invoke(DelegatingMethodAccessorImpl.java:43)
12:03:39.684 [pool-68-thread-1] INFO  xxl.java.junit.TestCasesListener - Tests run finished (7 ms)
<> Total tests run: 20
<> Ignored tests: 0
<> Failed tests: 16
~ test_0(java_testcases.junit.POWERSET_Test)
[expected:<[[[],[c],[b],[b,c],[a],[a,c],[a,b],[]a,b,c]]> but was:<[[[]a,b,c]]>]
org.junit.ComparisonFailure: expected:<[[[],[c],[b],[b,c],[a],[a,c],[a,b],[]a,b,c]]> but was:<[[[]a,b,c]]>    at org.junit.Assert.assertEquals(Assert.java:115)
    at org.junit.Assert.assertEquals(Assert.java:144)
    at java_testcases.junit.POWERSET_Test.test_0(POWERSET_Test.java:9)
    at sun.reflect.NativeMethodAccessorImpl.invoke0(Native Method)
    at sun.reflect.NativeMethodAccessorImpl.invoke(NativeMethodAccessorImpl.java:62)
    at sun.reflect.DelegatingMethodAccessorImpl.invoke(DelegatingMethodAccessorImpl.java:43)
~ test_1(java_testcases.junit.POWERSET_Test)
[expected:<[[[],[b],[a],[]a,b]]> but was:<[[[]a,b]]>]
org.junit.ComparisonFailure: expected:<[[[],[b],[a],[]a,b]]> but was:<[[[]a,b]]>    at org.junit.Assert.assertEquals(Assert.java:115)
    at org.junit.Assert.assertEquals(Assert.java:144)
    at java_testcases.junit.POWERSET_Test.test_1(POWERSET_Test.java:16)
    at sun.reflect.NativeMethodAccessorImpl.invoke0(Native Method)
    at sun.reflect.NativeMethodAccessorImpl.invoke(NativeMethodAccessorImpl.java:62)
    at sun.reflect.DelegatingMethodAccessorImpl.invoke(DelegatingMethodAccessorImpl.java:43)
~ test_2(java_testcases.junit.POWERSET_Test)
[expected:<[[[],[]a]]> but was:<[[[]a]]>]
org.junit.ComparisonFailure: expected:<[[[],[]a]]> but was:<[[[]a]]>    at org.junit.Assert.assertEquals(Assert.java:115)
    at org.junit.Assert.assertEquals(Assert.java:144)
    at java_testcases.junit.POWERSET_Test.test_2(POWERSET_Test.java:23)
    at sun.reflect.NativeMethodAccessorImpl.invoke0(Native Method)
    at sun.reflect.NativeMethodAccessorImpl.invoke(NativeMethodAccessorImpl.java:62)
    at sun.reflect.DelegatingMethodAccessorImpl.invoke(DelegatingMethodAccessorImpl.java:43)
~ test_4(java_testcases.junit.POWERSET_Test)
[expected:<[[[],[m],[z],[z,m],[df],[df,m],[df,z],[df,z,m],[x],[x,m],[x,z],[x,z,m],[x,df],[x,df,m],[x,df,z],[]x,df,z,m]]> but was:<[[[]x,df,z,m]]>]
org.junit.ComparisonFailure: expected:<[[[],[m],[z],[z,m],[df],[df,m],[df,z],[df,z,m],[x],[x,m],[x,z],[x,z,m],[x,df],[x,df,m],[x,df,z],[]x,df,z,m]]> but was:<[[[]x,df,z,m]]>    at org.junit.Assert.assertEquals(Assert.java:115)
    at org.junit.Assert.assertEquals(Assert.java:144)
    at java_testcases.junit.POWERSET_Test.test_4(POWERSET_Test.java:37)
    at sun.reflect.NativeMethodAccessorImpl.invoke0(Native Method)
    at sun.reflect.NativeMethodAccessorImpl.invoke(NativeMethodAccessorImpl.java:62)
    at sun.reflect.DelegatingMethodAccessorImpl.invoke(DelegatingMethodAccessorImpl.java:43)
~ test_0(java_testcases.junit.POWERSET_Test)
[expected:<[[[],[c],[b],[b,c],[a],[a,c],[a,b],[]a,b,c]]> but was:<[[[]a,b,c]]>]
org.junit.ComparisonFailure: expected:<[[[],[c],[b],[b,c],[a],[a,c],[a,b],[]a,b,c]]> but was:<[[[]a,b,c]]>    at org.junit.Assert.assertEquals(Assert.java:115)
    at org.junit.Assert.assertEquals(Assert.java:144)
    at java_testcases.junit.POWERSET_Test.test_0(POWERSET_Test.java:9)
    at sun.reflect.NativeMethodAccessorImpl.invoke0(Native Method)
    at sun.reflect.NativeMethodAccessorImpl.invoke(NativeMethodAccessorImpl.java:62)
    at sun.reflect.DelegatingMethodAccessorImpl.invoke(DelegatingMethodAccessorImpl.java:43)
~ test_1(java_testcases.junit.POWERSET_Test)
[expected:<[[[],[b],[a],[]a,b]]> but was:<[[[]a,b]]>]
org.junit.ComparisonFailure: expected:<[[[],[b],[a],[]a,b]]> but was:<[[[]a,b]]>    at org.junit.Assert.assertEquals(Assert.java:115)
    at org.junit.Assert.assertEquals(Assert.java:144)
    at java_testcases.junit.POWERSET_Test.test_1(POWERSET_Test.java:16)
    at sun.reflect.NativeMethodAccessorImpl.invoke0(Native Method)
    at sun.reflect.NativeMethodAccessorImpl.invoke(NativeMethodAccessorImpl.java:62)
    at sun.reflect.DelegatingMethodAccessorImpl.invoke(DelegatingMethodAccessorImpl.java:43)
~ test_2(java_testcases.junit.POWERSET_Test)
[expected:<[[[],[]a]]> but was:<[[[]a]]>]
org.junit.ComparisonFailure: expected:<[[[],[]a]]> but was:<[[[]a]]>    at org.junit.Assert.assertEquals(Assert.java:115)
    at org.junit.Assert.assertEquals(Assert.java:144)
    at java_testcases.junit.POWERSET_Test.test_2(POWERSET_Test.java:23)
    at sun.reflect.NativeMethodAccessorImpl.invoke0(Native Method)
    at sun.reflect.NativeMethodAccessorImpl.invoke(NativeMethodAccessorImpl.java:62)
    at sun.reflect.DelegatingMethodAccessorImpl.invoke(DelegatingMethodAccessorImpl.java:43)
~ test_4(java_testcases.junit.POWERSET_Test)
[expected:<[[[],[m],[z],[z,m],[df],[df,m],[df,z],[df,z,m],[x],[x,m],[x,z],[x,z,m],[x,df],[x,df,m],[x,df,z],[]x,df,z,m]]> but was:<[[[]x,df,z,m]]>]
org.junit.ComparisonFailure: expected:<[[[],[m],[z],[z,m],[df],[df,m],[df,z],[df,z,m],[x],[x,m],[x,z],[x,z,m],[x,df],[x,df,m],[x,df,z],[]x,df,z,m]]> but was:<[[[]x,df,z,m]]>    at org.junit.Assert.assertEquals(Assert.java:115)
    at org.junit.Assert.assertEquals(Assert.java:144)
    at java_testcases.junit.POWERSET_Test.test_4(POWERSET_Test.java:37)
    at sun.reflect.NativeMethodAccessorImpl.invoke0(Native Method)
    at sun.reflect.NativeMethodAccessorImpl.invoke(NativeMethodAccessorImpl.java:62)
    at sun.reflect.DelegatingMethodAccessorImpl.invoke(DelegatingMethodAccessorImpl.java:43)
~ test_0(java_testcases.junit.POWERSET_Test)
[expected:<[[[],[c],[b],[b,c],[a],[a,c],[a,b],[]a,b,c]]> but was:<[[[]a,b,c]]>]
org.junit.ComparisonFailure: expected:<[[[],[c],[b],[b,c],[a],[a,c],[a,b],[]a,b,c]]> but was:<[[[]a,b,c]]>    at org.junit.Assert.assertEquals(Assert.java:115)
    at org.junit.Assert.assertEquals(Assert.java:144)
    at java_testcases.junit.POWERSET_Test.test_0(POWERSET_Test.java:9)
    at sun.reflect.NativeMethodAccessorImpl.invoke0(Native Method)
    at sun.reflect.NativeMethodAccessorImpl.invoke(NativeMethodAccessorImpl.java:62)
    at sun.reflect.DelegatingMethodAccessorImpl.invoke(DelegatingMethodAccessorImpl.java:43)
~ test_1(java_testcases.junit.POWERSET_Test)
[expected:<[[[],[b],[a],[]a,b]]> but was:<[[[]a,b]]>]
org.junit.ComparisonFailure: expected:<[[[],[b],[a],[]a,b]]> but was:<[[[]a,b]]>    at org.junit.Assert.assertEquals(Assert.java:115)
    at org.junit.Assert.assertEquals(Assert.java:144)
    at java_testcases.junit.POWERSET_Test.test_1(POWERSET_Test.java:16)
    at sun.reflect.NativeMethodAccessorImpl.invoke0(Native Method)
    at sun.reflect.NativeMethodAccessorImpl.invoke(NativeMethodAccessorImpl.java:62)
    at sun.reflect.DelegatingMethodAccessorImpl.invoke(DelegatingMethodAccessorImpl.java:43)
~ test_2(java_testcases.junit.POWERSET_Test)
[expected:<[[[],[]a]]> but was:<[[[]a]]>]
org.junit.ComparisonFailure: expected:<[[[],[]a]]> but was:<[[[]a]]>    at org.junit.Assert.assertEquals(Assert.java:115)
    at org.junit.Assert.assertEquals(Assert.java:144)
    at java_testcases.junit.POWERSET_Test.test_2(POWERSET_Test.java:23)
    at sun.reflect.NativeMethodAccessorImpl.invoke0(Native Method)
    at sun.reflect.NativeMethodAccessorImpl.invoke(NativeMethodAccessorImpl.java:62)
    at sun.reflect.DelegatingMethodAccessorImpl.invoke(DelegatingMethodAccessorImpl.java:43)
~ test_4(java_testcases.junit.POWERSET_Test)
[expected:<[[[],[m],[z],[z,m],[df],[df,m],[df,z],[df,z,m],[x],[x,m],[x,z],[x,z,m],[x,df],[x,df,m],[x,df,z],[]x,df,z,m]]> but was:<[[[]x,df,z,m]]>]
org.junit.ComparisonFailure: expected:<[[[],[m],[z],[z,m],[df],[df,m],[df,z],[df,z,m],[x],[x,m],[x,z],[x,z,m],[x,df],[x,df,m],[x,df,z],[]x,df,z,m]]> but was:<[[[]x,df,z,m]]>    at org.junit.Assert.assertEquals(Assert.java:115)
    at org.junit.Assert.assertEquals(Assert.java:144)
    at java_testcases.junit.POWERSET_Test.test_4(POWERSET_Test.java:37)
    at sun.reflect.NativeMethodAccessorImpl.invoke0(Native Method)
    at sun.reflect.NativeMethodAccessorImpl.invoke(NativeMethodAccessorImpl.java:62)
    at sun.reflect.DelegatingMethodAccessorImpl.invoke(DelegatingMethodAccessorImpl.java:43)
~ test_0(java_testcases.junit.POWERSET_Test)
[expected:<[[[],[c],[b],[b,c],[a],[a,c],[a,b],[]a,b,c]]> but was:<[[[]a,b,c]]>]
org.junit.ComparisonFailure: expected:<[[[],[c],[b],[b,c],[a],[a,c],[a,b],[]a,b,c]]> but was:<[[[]a,b,c]]>    at org.junit.Assert.assertEquals(Assert.java:115)
    at org.junit.Assert.assertEquals(Assert.java:144)
    at java_testcases.junit.POWERSET_Test.test_0(POWERSET_Test.java:9)
    at sun.reflect.NativeMethodAccessorImpl.invoke0(Native Method)
    at sun.reflect.NativeMethodAccessorImpl.invoke(NativeMethodAccessorImpl.java:62)
    at sun.reflect.DelegatingMethodAccessorImpl.invoke(DelegatingMethodAccessorImpl.java:43)
~ test_1(java_testcases.junit.POWERSET_Test)
[expected:<[[[],[b],[a],[]a,b]]> but was:<[[[]a,b]]>]
org.junit.ComparisonFailure: expected:<[[[],[b],[a],[]a,b]]> but was:<[[[]a,b]]>    at org.junit.Assert.assertEquals(Assert.java:115)
    at org.junit.Assert.assertEquals(Assert.java:144)
    at java_testcases.junit.POWERSET_Test.test_1(POWERSET_Test.java:16)
    at sun.reflect.NativeMethodAccessorImpl.invoke0(Native Method)
    at sun.reflect.NativeMethodAccessorImpl.invoke(NativeMethodAccessorImpl.java:62)
    at sun.reflect.DelegatingMethodAccessorImpl.invoke(DelegatingMethodAccessorImpl.java:43)
~ test_2(java_testcases.junit.POWERSET_Test)
[expected:<[[[],[]a]]> but was:<[[[]a]]>]
org.junit.ComparisonFailure: expected:<[[[],[]a]]> but was:<[[[]a]]>    at org.junit.Assert.assertEquals(Assert.java:115)
    at org.junit.Assert.assertEquals(Assert.java:144)
    at java_testcases.junit.POWERSET_Test.test_2(POWERSET_Test.java:23)
    at sun.reflect.NativeMethodAccessorImpl.invoke0(Native Method)
    at sun.reflect.NativeMethodAccessorImpl.invoke(NativeMethodAccessorImpl.java:62)
    at sun.reflect.DelegatingMethodAccessorImpl.invoke(DelegatingMethodAccessorImpl.java:43)
~ test_4(java_testcases.junit.POWERSET_Test)
[expected:<[[[],[m],[z],[z,m],[df],[df,m],[df,z],[df,z,m],[x],[x,m],[x,z],[x,z,m],[x,df],[x,df,m],[x,df,z],[]x,df,z,m]]> but was:<[[[]x,df,z,m]]>]
org.junit.ComparisonFailure: expected:<[[[],[m],[z],[z,m],[df],[df,m],[df,z],[df,z,m],[x],[x,m],[x,z],[x,z,m],[x,df],[x,df,m],[x,df,z],[]x,df,z,m]]> but was:<[[[]x,df,z,m]]>    at org.junit.Assert.assertEquals(Assert.java:115)
    at org.junit.Assert.assertEquals(Assert.java:144)
    at java_testcases.junit.POWERSET_Test.test_4(POWERSET_Test.java:37)
    at sun.reflect.NativeMethodAccessorImpl.invoke0(Native Method)
    at sun.reflect.NativeMethodAccessorImpl.invoke(NativeMethodAccessorImpl.java:62)
    at sun.reflect.DelegatingMethodAccessorImpl.invoke(DelegatingMethodAccessorImpl.java:43)

12:03:39.746 [pool-2-thread-1] INFO  fr.inria.lille.repair.nopol.NoPol - ----INFORMATION----
12:03:39.755 [pool-2-thread-1] INFO  fr.inria.lille.repair.nopol.NoPol - Nb classes : 3
12:03:39.755 [pool-2-thread-1] INFO  fr.inria.lille.repair.nopol.NoPol - Nb methods : 9
12:03:39.755 [pool-2-thread-1] INFO  fr.inria.lille.repair.nopol.NoPol - Nb Statements Analyzed : 9
12:03:39.756 [pool-2-thread-1] INFO  fr.inria.lille.repair.nopol.NoPol - Nb Statements with Angelic Value Found : 0
12:03:39.756 [pool-2-thread-1] INFO  fr.inria.lille.repair.nopol.NoPol - NoPol Execution time : 4083ms
12:03:39.756 [pool-2-thread-1] INFO  fr.inria.lille.repair.nopol.NoPol - 
NO_ANGELIC_VALUE
Command exited with non-zero status 255
10.21user 0.94system 0:04.91elapsed 227%CPU (0avgtext+0avgdata 473600maxresident)k
45800inputs+5680outputs (3major+153939minor)pagefaults 0swaps


Node: grisou-3.nancy.grid5000.fr



Date: Sun Dec  2 12:03:40 EST 2018

