cd /tmp/Nopol_Bug_dot_jar_Accumulo_f848178e;
export JAVA_TOOL_OPTIONS="-Dfile.encoding=UTF8 -Duser.language=en-US -Duser.country=US -Duser.language=en";
TZ="America/New_York"; export TZ;
export PATH="/usr/lib/jvm/java-1.8.0-openjdk-amd64/bin/:$PATH";
export JAVA_HOME="/usr/lib/jvm/java-1.8.0-openjdk-amd64/bin/";
time java -Xmx4g -Xms1g -cp /home/tdurieux/defects4j4repair/script/../repair_tools/nopol.jar:/usr/lib/jvm/java-1.8.0-openjdk-amd64/bin//../lib/tools.jar fr.inria.lille.repair.Main \
	--mode repair \
	--type pre_then_cond \
	--oracle angelic \
	--synthesis smt \
	--flocal gzoltar \
	--json \
	--solver z3 \
	--solver-path /home/tdurieux/defects4j4repair/script/../libs/z3/build/z3 \
	--complianceLevel 7 \
	--source core/src/main/java \
	--classpath "core/target/classes:core/target/test-classes:/tmp/Nopol_Bug_dot_jar_Accumulo_f848178e/trace/target/classes:/tmp/Nopol_Bug_dot_jar_Accumulo_f848178e/fate/target/classes:/tmp/Nopol_Bug_dot_jar_Accumulo_f848178e/start/target/classes:/tmp/Nopol_Bug_dot_jar_Accumulo_f848178e/server/target/classes:/tmp/Nopol_Bug_dot_jar_Accumulo_f848178e/examples/simple/target/classes:/tmp/Nopol_Bug_dot_jar_Accumulo_f848178e/minicluster/target/classes:/tmp/Nopol_Bug_dot_jar_Accumulo_f848178e/test/target/classes:/tmp/Nopol_Bug_dot_jar_Accumulo_f848178e/proxy/target/classes:/home/tdurieux/.m2/repository/org/powermock/powermock-api-support/1.5/powermock-api-support-1.5.jar:/home/tdurieux/.m2/repository/com/sun/jersey/jersey-server/1.0/jersey-server-1.0.jar:/home/tdurieux/.m2/repository/xmlenc/xmlenc/0.52/xmlenc-0.52.jar:/home/tdurieux/.m2/repository/hsqldb/hsqldb/1.8.0.10/hsqldb-1.8.0.10.jar:/home/tdurieux/.m2/repository/org/mortbay/jetty/jetty-util/6.1.26/jetty-util-6.1.26.jar:/home/tdurieux/.m2/repository/stax/stax-api/1.0.1/stax-api-1.0.1.jar:/home/tdurieux/.m2/repository/regexp/regexp/1.3/regexp-1.3.jar:/home/tdurieux/.m2/repository/org/codehaus/jettison/jettison/1.1/jettison-1.1.jar:/home/tdurieux/.m2/repository/jline/jline/1.0/jline-1.0.jar:/home/tdurieux/.m2/repository/com/sun/xml/bind/jaxb-impl/2.2.3-1/jaxb-impl-2.2.3-1.jar:/home/tdurieux/.m2/repository/org/apache/commons/commons-vfs2/2.0/commons-vfs2-2.0.jar:/home/tdurieux/.m2/repository/com/sun/jersey/jersey-json/1.8/jersey-json-1.8.jar:/home/tdurieux/.m2/repository/com/sun/jersey/jersey-server/1.8/jersey-server-1.8.jar:/home/tdurieux/.m2/repository/com/google/code/gson/gson/2.2.2/gson-2.2.2.jar:/home/tdurieux/.m2/repository/javax/servlet/servlet-api/2.5/servlet-api-2.5.jar:/home/tdurieux/.m2/repository/commons-io/commons-io/2.1/commons-io-2.1.jar:/home/tdurieux/.m2/repository/org/apache/accumulo/accumulo-core/1.5.2-SNAPSHOT/accumulo-core-1.5.2-SNAPSHOT.jar:/home/tdurieux/.m2/repository/org/codehaus/jackson/jackson-xc/1.7.1/jackson-xc-1.7.1.jar:/home/tdurieux/.m2/repository/org/apache/ftpserver/ftpserver-deprecated/1.0.0-M2/ftpserver-deprecated-1.0.0-M2.jar:/home/tdurieux/.m2/repository/asm/asm/3.1/asm-3.1.jar:/home/tdurieux/.m2/repository/commons-el/commons-el/1.0/commons-el-1.0.jar:/home/tdurieux/.m2/repository/com/beust/jcommander/1.30/jcommander-1.30.jar:/home/tdurieux/.m2/repository/org/powermock/powermock-module-junit4/1.5/powermock-module-junit4-1.5.jar:/home/tdurieux/.m2/repository/cglib/cglib-nodep/2.2.2/cglib-nodep-2.2.2.jar:/home/tdurieux/.m2/repository/org/easymock/easymock/3.1/easymock-3.1.jar:/home/tdurieux/.m2/repository/javax/activation/activation/1.1/activation-1.1.jar:/home/tdurieux/.m2/repository/org/codehaus/jackson/jackson-jaxrs/1.7.1/jackson-jaxrs-1.7.1.jar:/home/tdurieux/.m2/repository/org/powermock/powermock-api-easymock/1.5/powermock-api-easymock-1.5.jar:/home/tdurieux/.m2/repository/log4j/log4j/1.2.16/log4j-1.2.16.jar:/home/tdurieux/.m2/repository/org/apache/accumulo/accumulo-start/1.5.2-SNAPSHOT/accumulo-start-1.5.2-SNAPSHOT.jar:/home/tdurieux/.m2/repository/org/apache/accumulo/accumulo-test/1.5.2-SNAPSHOT/accumulo-test-1.5.2-SNAPSHOT.jar:/home/tdurieux/.m2/repository/commons-httpclient/commons-httpclient/3.0.1/commons-httpclient-3.0.1.jar:/home/tdurieux/.m2/repository/com/google/guava/guava/14.0.1/guava-14.0.1.jar:/home/tdurieux/.m2/repository/commons-logging/commons-logging/1.1.1/commons-logging-1.1.1.jar:/home/tdurieux/.m2/repository/org/apache/maven/scm/maven-scm-api/1.4/maven-scm-api-1.4.jar:/home/tdurieux/.m2/repository/org/apache/accumulo/accumulo-trace/1.5.2-SNAPSHOT/accumulo-trace-1.5.2-SNAPSHOT.jar:/home/tdurieux/.m2/repository/org/apache/zookeeper/zookeeper/3.3.6/zookeeper-3.3.6.jar:/home/tdurieux/.m2/repository/org/apache/accumulo/accumulo-examples-simple/1.5.2-SNAPSHOT/accumulo-examples-simple-1.5.2-SNAPSHOT.jar:/home/tdurieux/.m2/repository/org/objenesis/objenesis/1.2/objenesis-1.2.jar:/home/tdurieux/.m2/repository/commons-beanutils/commons-beanutils-core/1.8.0/commons-beanutils-core-1.8.0.jar:/home/tdurieux/.m2/repository/javax/ws/rs/jsr311-api/1.1.1/jsr311-api-1.1.1.jar:/home/tdurieux/.m2/repository/org/apache/accumulo/accumulo-fate/1.5.2-SNAPSHOT/accumulo-fate-1.5.2-SNAPSHOT.jar:/home/tdurieux/.m2/repository/org/slf4j/slf4j-api/1.4.3/slf4j-api-1.4.3.jar:/home/tdurieux/.m2/repository/commons-cli/commons-cli/1.2/commons-cli-1.2.jar:/home/tdurieux/.m2/repository/org/apache/thrift/libthrift/0.9.0/libthrift-0.9.0.jar:/home/tdurieux/.m2/repository/org/javassist/javassist/3.17.1-GA/javassist-3.17.1-GA.jar:/home/tdurieux/.m2/repository/org/apache/hadoop/hadoop-core/1.2.1/hadoop-core-1.2.1.jar:/home/tdurieux/.m2/repository/org/mortbay/jetty/jetty/6.1.26/jetty-6.1.26.jar:/home/tdurieux/.m2/repository/org/apache/hadoop/hadoop-client/1.2.1/hadoop-client-1.2.1.jar:/home/tdurieux/.m2/repository/org/apache/ftpserver/ftplet-api/1.0.0/ftplet-api-1.0.0.jar:/home/tdurieux/.m2/repository/org/apache/maven/scm/maven-scm-provider-svnexe/1.4/maven-scm-provider-svnexe-1.4.jar:/home/tdurieux/.m2/repository/org/hamcrest/hamcrest-core/1.3/hamcrest-core-1.3.jar:/home/tdurieux/.m2/repository/org/mortbay/jetty/servlet-api/2.5-20081211/servlet-api-2.5-20081211.jar:/home/tdurieux/.m2/repository/org/powermock/powermock-reflect/1.5/powermock-reflect-1.5.jar:/home/tdurieux/.m2/repository/org/apache/hadoop/hadoop-tools/1.2.1/hadoop-tools-1.2.1.jar:/home/tdurieux/.m2/repository/org/apache/mina/mina-core/2.0.0-M5/mina-core-2.0.0-M5.jar:/home/tdurieux/.m2/repository/org/apache/ftpserver/ftpserver-core/1.0.0/ftpserver-core-1.0.0.jar:/home/tdurieux/.m2/repository/com/sun/jersey/jersey-core/1.8/jersey-core-1.8.jar:/home/tdurieux/.m2/repository/javax/xml/stream/stax-api/1.0-2/stax-api-1.0-2.jar:/home/tdurieux/.m2/repository/commons-net/commons-net/1.4.1/commons-net-1.4.1.jar:/home/tdurieux/.m2/repository/junit/junit/4.11/junit-4.11.jar:/home/tdurieux/.m2/repository/commons-configuration/commons-configuration/1.6/commons-configuration-1.6.jar:/home/tdurieux/.m2/repository/org/powermock/powermock-core/1.5/powermock-core-1.5.jar:/home/tdurieux/.m2/repository/org/codehaus/jackson/jackson-core-asl/1.7.1/jackson-core-asl-1.7.1.jar:/home/tdurieux/.m2/repository/org/apache/hadoop/hadoop-test/1.2.1/hadoop-test-1.2.1.jar:/home/tdurieux/.m2/repository/commons-digester/commons-digester/1.8/commons-digester-1.8.jar:/home/tdurieux/.m2/repository/org/codehaus/jackson/jackson-mapper-asl/1.8.8/jackson-mapper-asl-1.8.8.jar:/home/tdurieux/.m2/repository/org/apache/hadoop/hadoop-minicluster/1.2.1/hadoop-minicluster-1.2.1.jar:/home/tdurieux/.m2/repository/org/slf4j/slf4j-log4j12/1.4.3/slf4j-log4j12-1.4.3.jar:/home/tdurieux/.m2/repository/oro/oro/2.0.8/oro-2.0.8.jar:/home/tdurieux/.m2/repository/commons-lang/commons-lang/2.4/commons-lang-2.4.jar:/home/tdurieux/.m2/repository/org/apache/accumulo/accumulo-minicluster/1.5.2-SNAPSHOT/accumulo-minicluster-1.5.2-SNAPSHOT.jar:/home/tdurieux/.m2/repository/org/apache/accumulo/accumulo-server/1.5.2-SNAPSHOT/accumulo-server-1.5.2-SNAPSHOT.jar:/home/tdurieux/.m2/repository/org/codehaus/plexus/plexus-utils/1.5.6/plexus-utils-1.5.6.jar:/home/tdurieux/.m2/repository/javax/xml/bind/jaxb-api/2.2.2/jaxb-api-2.2.2.jar:/home/tdurieux/.m2/repository/org/apache/maven/scm/maven-scm-provider-svn-commons/1.4/maven-scm-provider-svn-commons-1.4.jar:/home/tdurieux/.m2/repository/org/apache/accumulo/accumulo-proxy/1.5.2-SNAPSHOT/accumulo-proxy-1.5.2-SNAPSHOT.jar:/home/tdurieux/.m2/repository/commons-codec/commons-codec/1.4/commons-codec-1.4.jar:/home/tdurieux/.m2/repository/org/apache/commons/commons-math/2.1/commons-math-2.1.jar:/home/tdurieux/.m2/repository/org/powermock/powermock-module-junit4-common/1.5/powermock-module-junit4-common-1.5.jar:/home/tdurieux/.m2/repository/commons-beanutils/commons-beanutils/1.7.0/commons-beanutils-1.7.0.jar:/home/tdurieux/.m2/repository/commons-collections/commons-collections/3.2.1/commons-collections-3.2.1.jar:/home/tdurieux/defects4j4repair/script/../repair_tools/nopol.jar";
	echo "\n\nNode: `hostname`\n";
	echo "\n\nDate: `date`\n";
Picked up JAVA_TOOL_OPTIONS: -Dfile.encoding=UTF8 -Duser.language=en-US -Duser.country=US -Duser.language=en
05:19:31.095 [main] INFO  fr.inria.lille.repair.nopol.NoPol - Source files: [core/src/main/java]
05:19:31.098 [main] INFO  fr.inria.lille.repair.nopol.NoPol - Classpath: [file:/tmp/Nopol_Bug_dot_jar_Accumulo_f848178e/core/target/classes/, file:/tmp/Nopol_Bug_dot_jar_Accumulo_f848178e/core/target/test-classes/, file:/tmp/Nopol_Bug_dot_jar_Accumulo_f848178e/trace/target/classes/, file:/tmp/Nopol_Bug_dot_jar_Accumulo_f848178e/fate/target/classes/, file:/tmp/Nopol_Bug_dot_jar_Accumulo_f848178e/start/target/classes/, file:/tmp/Nopol_Bug_dot_jar_Accumulo_f848178e/server/target/classes/, file:/tmp/Nopol_Bug_dot_jar_Accumulo_f848178e/examples/simple/target/classes/, file:/tmp/Nopol_Bug_dot_jar_Accumulo_f848178e/minicluster/target/classes/, file:/tmp/Nopol_Bug_dot_jar_Accumulo_f848178e/test/target/classes/, file:/tmp/Nopol_Bug_dot_jar_Accumulo_f848178e/proxy/target/classes/, file:/home/tdurieux/.m2/repository/org/powermock/powermock-api-support/1.5/powermock-api-support-1.5.jar, file:/home/tdurieux/.m2/repository/com/sun/jersey/jersey-server/1.0/jersey-server-1.0.jar, file:/home/tdurieux/.m2/repository/xmlenc/xmlenc/0.52/xmlenc-0.52.jar, file:/home/tdurieux/.m2/repository/hsqldb/hsqldb/1.8.0.10/hsqldb-1.8.0.10.jar, file:/home/tdurieux/.m2/repository/org/mortbay/jetty/jetty-util/6.1.26/jetty-util-6.1.26.jar, file:/home/tdurieux/.m2/repository/stax/stax-api/1.0.1/stax-api-1.0.1.jar, file:/home/tdurieux/.m2/repository/regexp/regexp/1.3/regexp-1.3.jar, file:/home/tdurieux/.m2/repository/org/codehaus/jettison/jettison/1.1/jettison-1.1.jar, file:/home/tdurieux/.m2/repository/jline/jline/1.0/jline-1.0.jar, file:/home/tdurieux/.m2/repository/com/sun/xml/bind/jaxb-impl/2.2.3-1/jaxb-impl-2.2.3-1.jar, file:/home/tdurieux/.m2/repository/org/apache/commons/commons-vfs2/2.0/commons-vfs2-2.0.jar, file:/home/tdurieux/.m2/repository/com/sun/jersey/jersey-json/1.8/jersey-json-1.8.jar, file:/home/tdurieux/.m2/repository/com/sun/jersey/jersey-server/1.8/jersey-server-1.8.jar, file:/home/tdurieux/.m2/repository/com/google/code/gson/gson/2.2.2/gson-2.2.2.jar, file:/home/tdurieux/.m2/repository/javax/servlet/servlet-api/2.5/servlet-api-2.5.jar, file:/home/tdurieux/.m2/repository/commons-io/commons-io/2.1/commons-io-2.1.jar, file:/home/tdurieux/.m2/repository/org/apache/accumulo/accumulo-core/1.5.2-SNAPSHOT/accumulo-core-1.5.2-SNAPSHOT.jar, file:/home/tdurieux/.m2/repository/org/codehaus/jackson/jackson-xc/1.7.1/jackson-xc-1.7.1.jar, file:/home/tdurieux/.m2/repository/org/apache/ftpserver/ftpserver-deprecated/1.0.0-M2/ftpserver-deprecated-1.0.0-M2.jar, file:/home/tdurieux/.m2/repository/asm/asm/3.1/asm-3.1.jar, file:/home/tdurieux/.m2/repository/commons-el/commons-el/1.0/commons-el-1.0.jar, file:/home/tdurieux/.m2/repository/com/beust/jcommander/1.30/jcommander-1.30.jar, file:/home/tdurieux/.m2/repository/org/powermock/powermock-module-junit4/1.5/powermock-module-junit4-1.5.jar, file:/home/tdurieux/.m2/repository/cglib/cglib-nodep/2.2.2/cglib-nodep-2.2.2.jar, file:/home/tdurieux/.m2/repository/org/easymock/easymock/3.1/easymock-3.1.jar, file:/home/tdurieux/.m2/repository/javax/activation/activation/1.1/activation-1.1.jar, file:/home/tdurieux/.m2/repository/org/codehaus/jackson/jackson-jaxrs/1.7.1/jackson-jaxrs-1.7.1.jar, file:/home/tdurieux/.m2/repository/org/powermock/powermock-api-easymock/1.5/powermock-api-easymock-1.5.jar, file:/home/tdurieux/.m2/repository/log4j/log4j/1.2.16/log4j-1.2.16.jar, file:/home/tdurieux/.m2/repository/org/apache/accumulo/accumulo-start/1.5.2-SNAPSHOT/accumulo-start-1.5.2-SNAPSHOT.jar, file:/home/tdurieux/.m2/repository/org/apache/accumulo/accumulo-test/1.5.2-SNAPSHOT/accumulo-test-1.5.2-SNAPSHOT.jar, file:/home/tdurieux/.m2/repository/commons-httpclient/commons-httpclient/3.0.1/commons-httpclient-3.0.1.jar, file:/home/tdurieux/.m2/repository/com/google/guava/guava/14.0.1/guava-14.0.1.jar, file:/home/tdurieux/.m2/repository/commons-logging/commons-logging/1.1.1/commons-logging-1.1.1.jar, file:/home/tdurieux/.m2/repository/org/apache/maven/scm/maven-scm-api/1.4/maven-scm-api-1.4.jar, file:/home/tdurieux/.m2/repository/org/apache/accumulo/accumulo-trace/1.5.2-SNAPSHOT/accumulo-trace-1.5.2-SNAPSHOT.jar, file:/home/tdurieux/.m2/repository/org/apache/zookeeper/zookeeper/3.3.6/zookeeper-3.3.6.jar, file:/home/tdurieux/.m2/repository/org/apache/accumulo/accumulo-examples-simple/1.5.2-SNAPSHOT/accumulo-examples-simple-1.5.2-SNAPSHOT.jar, file:/home/tdurieux/.m2/repository/org/objenesis/objenesis/1.2/objenesis-1.2.jar, file:/home/tdurieux/.m2/repository/commons-beanutils/commons-beanutils-core/1.8.0/commons-beanutils-core-1.8.0.jar, file:/home/tdurieux/.m2/repository/javax/ws/rs/jsr311-api/1.1.1/jsr311-api-1.1.1.jar, file:/home/tdurieux/.m2/repository/org/apache/accumulo/accumulo-fate/1.5.2-SNAPSHOT/accumulo-fate-1.5.2-SNAPSHOT.jar, file:/home/tdurieux/.m2/repository/org/slf4j/slf4j-api/1.4.3/slf4j-api-1.4.3.jar, file:/home/tdurieux/.m2/repository/commons-cli/commons-cli/1.2/commons-cli-1.2.jar, file:/home/tdurieux/.m2/repository/org/apache/thrift/libthrift/0.9.0/libthrift-0.9.0.jar, file:/home/tdurieux/.m2/repository/org/javassist/javassist/3.17.1-GA/javassist-3.17.1-GA.jar, file:/home/tdurieux/.m2/repository/org/apache/hadoop/hadoop-core/1.2.1/hadoop-core-1.2.1.jar, file:/home/tdurieux/.m2/repository/org/mortbay/jetty/jetty/6.1.26/jetty-6.1.26.jar, file:/home/tdurieux/.m2/repository/org/apache/hadoop/hadoop-client/1.2.1/hadoop-client-1.2.1.jar, file:/home/tdurieux/.m2/repository/org/apache/ftpserver/ftplet-api/1.0.0/ftplet-api-1.0.0.jar, file:/home/tdurieux/.m2/repository/org/apache/maven/scm/maven-scm-provider-svnexe/1.4/maven-scm-provider-svnexe-1.4.jar, file:/home/tdurieux/.m2/repository/org/hamcrest/hamcrest-core/1.3/hamcrest-core-1.3.jar, file:/home/tdurieux/.m2/repository/org/mortbay/jetty/servlet-api/2.5-20081211/servlet-api-2.5-20081211.jar, file:/home/tdurieux/.m2/repository/org/powermock/powermock-reflect/1.5/powermock-reflect-1.5.jar, file:/home/tdurieux/.m2/repository/org/apache/hadoop/hadoop-tools/1.2.1/hadoop-tools-1.2.1.jar, file:/home/tdurieux/.m2/repository/org/apache/mina/mina-core/2.0.0-M5/mina-core-2.0.0-M5.jar, file:/home/tdurieux/.m2/repository/org/apache/ftpserver/ftpserver-core/1.0.0/ftpserver-core-1.0.0.jar, file:/home/tdurieux/.m2/repository/com/sun/jersey/jersey-core/1.8/jersey-core-1.8.jar, file:/home/tdurieux/.m2/repository/javax/xml/stream/stax-api/1.0-2/stax-api-1.0-2.jar, file:/home/tdurieux/.m2/repository/commons-net/commons-net/1.4.1/commons-net-1.4.1.jar, file:/home/tdurieux/.m2/repository/junit/junit/4.11/junit-4.11.jar, file:/home/tdurieux/.m2/repository/commons-configuration/commons-configuration/1.6/commons-configuration-1.6.jar, file:/home/tdurieux/.m2/repository/org/powermock/powermock-core/1.5/powermock-core-1.5.jar, file:/home/tdurieux/.m2/repository/org/codehaus/jackson/jackson-core-asl/1.7.1/jackson-core-asl-1.7.1.jar, file:/home/tdurieux/.m2/repository/org/apache/hadoop/hadoop-test/1.2.1/hadoop-test-1.2.1.jar, file:/home/tdurieux/.m2/repository/commons-digester/commons-digester/1.8/commons-digester-1.8.jar, file:/home/tdurieux/.m2/repository/org/codehaus/jackson/jackson-mapper-asl/1.8.8/jackson-mapper-asl-1.8.8.jar, file:/home/tdurieux/.m2/repository/org/apache/hadoop/hadoop-minicluster/1.2.1/hadoop-minicluster-1.2.1.jar, file:/home/tdurieux/.m2/repository/org/slf4j/slf4j-log4j12/1.4.3/slf4j-log4j12-1.4.3.jar, file:/home/tdurieux/.m2/repository/oro/oro/2.0.8/oro-2.0.8.jar, file:/home/tdurieux/.m2/repository/commons-lang/commons-lang/2.4/commons-lang-2.4.jar, file:/home/tdurieux/.m2/repository/org/apache/accumulo/accumulo-minicluster/1.5.2-SNAPSHOT/accumulo-minicluster-1.5.2-SNAPSHOT.jar, file:/home/tdurieux/.m2/repository/org/apache/accumulo/accumulo-server/1.5.2-SNAPSHOT/accumulo-server-1.5.2-SNAPSHOT.jar, file:/home/tdurieux/.m2/repository/org/codehaus/plexus/plexus-utils/1.5.6/plexus-utils-1.5.6.jar, file:/home/tdurieux/.m2/repository/javax/xml/bind/jaxb-api/2.2.2/jaxb-api-2.2.2.jar, file:/home/tdurieux/.m2/repository/org/apache/maven/scm/maven-scm-provider-svn-commons/1.4/maven-scm-provider-svn-commons-1.4.jar, file:/home/tdurieux/.m2/repository/org/apache/accumulo/accumulo-proxy/1.5.2-SNAPSHOT/accumulo-proxy-1.5.2-SNAPSHOT.jar, file:/home/tdurieux/.m2/repository/commons-codec/commons-codec/1.4/commons-codec-1.4.jar, file:/home/tdurieux/.m2/repository/org/apache/commons/commons-math/2.1/commons-math-2.1.jar, file:/home/tdurieux/.m2/repository/org/powermock/powermock-module-junit4-common/1.5/powermock-module-junit4-common-1.5.jar, file:/home/tdurieux/.m2/repository/commons-beanutils/commons-beanutils/1.7.0/commons-beanutils-1.7.0.jar, file:/home/tdurieux/.m2/repository/commons-collections/commons-collections/3.2.1/commons-collections-3.2.1.jar, file:/home/tdurieux/defects4j4repair/script/../repair_tools/nopol.jar]
05:19:31.098 [main] INFO  fr.inria.lille.repair.nopol.NoPol - Statement type: PRE_THEN_COND
05:19:31.099 [main] INFO  fr.inria.lille.repair.nopol.NoPol - Args: [org.apache.accumulo.core.cli.TestClientOpts, org.apache.accumulo.core.cli.TestHelp, org.apache.accumulo.core.client.BatchWriterConfigTest, org.apache.accumulo.core.client.ClientSideIteratorTest, org.apache.accumulo.core.client.IteratorSettingTest, org.apache.accumulo.core.client.RowIteratorTest, org.apache.accumulo.core.client.TestThrift1474, org.apache.accumulo.core.client.admin.FindMaxTest, org.apache.accumulo.core.client.admin.TableOperationsHelperTest, org.apache.accumulo.core.client.impl.ScannerOptionsTest, org.apache.accumulo.core.client.impl.TabletLocatorImplTest, org.apache.accumulo.core.client.mapred.AccumuloFileOutputFormatTest, org.apache.accumulo.core.client.mapred.AccumuloInputFormatTest, org.apache.accumulo.core.client.mapred.AccumuloOutputFormatTest, org.apache.accumulo.core.client.mapred.AccumuloRowInputFormatTest, org.apache.accumulo.core.client.mapred.RangeInputSplitTest, org.apache.accumulo.core.client.mapreduce.AccumuloFileOutputFormatTest, org.apache.accumulo.core.client.mapreduce.AccumuloInputFormatTest, org.apache.accumulo.core.client.mapreduce.AccumuloOutputFormatTest, org.apache.accumulo.core.client.mapreduce.AccumuloRowInputFormatTest, org.apache.accumulo.core.client.mapreduce.RangeInputSplitTest, org.apache.accumulo.core.client.mapreduce.lib.partition.RangePartitionerTest, org.apache.accumulo.core.client.mock.MockConnectorTest, org.apache.accumulo.core.client.mock.MockTableOperationsTest, org.apache.accumulo.core.client.mock.TestBatchScanner821, org.apache.accumulo.core.client.security.SecurityErrorCodeTest, org.apache.accumulo.core.client.security.tokens.PasswordTokenTest, org.apache.accumulo.core.conf.AccumuloConfigurationTest, org.apache.accumulo.core.conf.PropertyTest, org.apache.accumulo.core.data.ColumnTest, org.apache.accumulo.core.data.KeyExtentTest, org.apache.accumulo.core.data.KeyTest, org.apache.accumulo.core.data.MutationTest, org.apache.accumulo.core.data.RangeTest, org.apache.accumulo.core.file.FileOperationsTest, org.apache.accumulo.core.file.blockfile.cache.TestCachedBlockQueue, org.apache.accumulo.core.file.blockfile.cache.TestLruBlockCache, org.apache.accumulo.core.file.rfile.BlockIndexTest, org.apache.accumulo.core.file.rfile.MultiLevelIndexTest, org.apache.accumulo.core.file.rfile.RFileTest, org.apache.accumulo.core.file.rfile.RelativeKeyTest, org.apache.accumulo.core.iterators.AggregatingIteratorTest, org.apache.accumulo.core.iterators.FirstEntryInRowIteratorTest, org.apache.accumulo.core.iterators.FirstEntryInRowTest, org.apache.accumulo.core.iterators.IteratorUtilTest, org.apache.accumulo.core.iterators.aggregation.NumSummationTest, org.apache.accumulo.core.iterators.aggregation.conf.AggregatorConfigurationTest, org.apache.accumulo.core.iterators.system.ColumnFamilySkippingIteratorTest, org.apache.accumulo.core.iterators.system.ColumnFilterTest, org.apache.accumulo.core.iterators.system.DeletingIteratorTest, org.apache.accumulo.core.iterators.system.MultiIteratorTest, org.apache.accumulo.core.iterators.system.SourceSwitchingIteratorTest, org.apache.accumulo.core.iterators.system.TimeSettingIteratorTest, org.apache.accumulo.core.iterators.system.VisibilityFilterTest, org.apache.accumulo.core.iterators.user.BigDecimalCombinerTest, org.apache.accumulo.core.iterators.user.ColumnSliceFilterTest, org.apache.accumulo.core.iterators.user.CombinerTest, org.apache.accumulo.core.iterators.user.FilterTest, org.apache.accumulo.core.iterators.user.GrepIteratorTest, org.apache.accumulo.core.iterators.user.IndexedDocIteratorTest, org.apache.accumulo.core.iterators.user.IntersectingIteratorTest, org.apache.accumulo.core.iterators.user.LargeRowFilterTest, org.apache.accumulo.core.iterators.user.RegExFilterTest, org.apache.accumulo.core.iterators.user.RowDeletingIteratorTest, org.apache.accumulo.core.iterators.user.RowFilterTest, org.apache.accumulo.core.iterators.user.TransformingIteratorTest, org.apache.accumulo.core.iterators.user.VersioningIteratorTest, org.apache.accumulo.core.iterators.user.VisibilityFilterTest, org.apache.accumulo.core.iterators.user.WholeRowIteratorTest, org.apache.accumulo.core.security.AuthorizationsTest, org.apache.accumulo.core.security.ColumnVisibilityTest, org.apache.accumulo.core.security.VisibilityEvaluatorTest, org.apache.accumulo.core.util.AddressUtilTest, org.apache.accumulo.core.util.LocalityGroupUtilTest, org.apache.accumulo.core.util.MergeTest, org.apache.accumulo.core.util.MetadataTableTest, org.apache.accumulo.core.util.StatTest, org.apache.accumulo.core.util.TestStringUtil, org.apache.accumulo.core.util.TestVersion, org.apache.accumulo.core.util.TextUtilTest, org.apache.accumulo.core.util.shell.ShellTest, org.apache.accumulo.core.util.shell.TableDiskUsageTest, org.apache.accumulo.core.util.shell.command.FormatterCommandTest]
05:19:31.100 [main] INFO  fr.inria.lille.repair.nopol.NoPol - Config: Config{synthesisDepth=3, collectStaticMethods=true, collectStaticFields=false, collectLiterals=false, onlyOneSynthesisResult=true, sortExpressions=true, maxLineInvocationPerTest=250, timeoutMethodInvocation=2000, dataCollectionTimeoutInSecondForSynthesis=900, addWeight=0.19478, subWeight=0.04554, mulWeight=0.0102, divWeight=0.00613, andWeight=0.10597, orWeight=0.05708, eqWeight=0.22798, nEqWeight=0.0, lessEqWeight=0.0255, lessWeight=0.0947, methodCallWeight=0.1, fieldAccessWeight=0.08099, constantWeight=0.14232, variableWeight=0.05195, mode=REPAIR, type=PRE_THEN_COND, synthesis=SMT, oracle=ANGELIC, solver=Z3, solverPath='/home/tdurieux/defects4j4repair/script/../libs/z3/build/z3', projectSources=[core/src/main/java], projectClasspath='[Ljava.net.URL;@66d33a', projectTests=[org.apache.accumulo.core.cli.TestClientOpts, org.apache.accumulo.core.cli.TestHelp, org.apache.accumulo.core.client.BatchWriterConfigTest, org.apache.accumulo.core.client.ClientSideIteratorTest, org.apache.accumulo.core.client.IteratorSettingTest, org.apache.accumulo.core.client.RowIteratorTest, org.apache.accumulo.core.client.TestThrift1474, org.apache.accumulo.core.client.admin.FindMaxTest, org.apache.accumulo.core.client.admin.TableOperationsHelperTest, org.apache.accumulo.core.client.impl.ScannerOptionsTest, org.apache.accumulo.core.client.impl.TabletLocatorImplTest, org.apache.accumulo.core.client.mapred.AccumuloFileOutputFormatTest, org.apache.accumulo.core.client.mapred.AccumuloInputFormatTest, org.apache.accumulo.core.client.mapred.AccumuloOutputFormatTest, org.apache.accumulo.core.client.mapred.AccumuloRowInputFormatTest, org.apache.accumulo.core.client.mapred.RangeInputSplitTest, org.apache.accumulo.core.client.mapreduce.AccumuloFileOutputFormatTest, org.apache.accumulo.core.client.mapreduce.AccumuloInputFormatTest, org.apache.accumulo.core.client.mapreduce.AccumuloOutputFormatTest, org.apache.accumulo.core.client.mapreduce.AccumuloRowInputFormatTest, org.apache.accumulo.core.client.mapreduce.RangeInputSplitTest, org.apache.accumulo.core.client.mapreduce.lib.partition.RangePartitionerTest, org.apache.accumulo.core.client.mock.MockConnectorTest, org.apache.accumulo.core.client.mock.MockTableOperationsTest, org.apache.accumulo.core.client.mock.TestBatchScanner821, org.apache.accumulo.core.client.security.SecurityErrorCodeTest, org.apache.accumulo.core.client.security.tokens.PasswordTokenTest, org.apache.accumulo.core.conf.AccumuloConfigurationTest, org.apache.accumulo.core.conf.PropertyTest, org.apache.accumulo.core.data.ColumnTest, org.apache.accumulo.core.data.KeyExtentTest, org.apache.accumulo.core.data.KeyTest, org.apache.accumulo.core.data.MutationTest, org.apache.accumulo.core.data.RangeTest, org.apache.accumulo.core.file.FileOperationsTest, org.apache.accumulo.core.file.blockfile.cache.TestCachedBlockQueue, org.apache.accumulo.core.file.blockfile.cache.TestLruBlockCache, org.apache.accumulo.core.file.rfile.BlockIndexTest, org.apache.accumulo.core.file.rfile.MultiLevelIndexTest, org.apache.accumulo.core.file.rfile.RFileTest, org.apache.accumulo.core.file.rfile.RelativeKeyTest, org.apache.accumulo.core.iterators.AggregatingIteratorTest, org.apache.accumulo.core.iterators.FirstEntryInRowIteratorTest, org.apache.accumulo.core.iterators.FirstEntryInRowTest, org.apache.accumulo.core.iterators.IteratorUtilTest, org.apache.accumulo.core.iterators.aggregation.NumSummationTest, org.apache.accumulo.core.iterators.aggregation.conf.AggregatorConfigurationTest, org.apache.accumulo.core.iterators.system.ColumnFamilySkippingIteratorTest, org.apache.accumulo.core.iterators.system.ColumnFilterTest, org.apache.accumulo.core.iterators.system.DeletingIteratorTest, org.apache.accumulo.core.iterators.system.MultiIteratorTest, org.apache.accumulo.core.iterators.system.SourceSwitchingIteratorTest, org.apache.accumulo.core.iterators.system.TimeSettingIteratorTest, org.apache.accumulo.core.iterators.system.VisibilityFilterTest, org.apache.accumulo.core.iterators.user.BigDecimalCombinerTest, org.apache.accumulo.core.iterators.user.ColumnSliceFilterTest, org.apache.accumulo.core.iterators.user.CombinerTest, org.apache.accumulo.core.iterators.user.FilterTest, org.apache.accumulo.core.iterators.user.GrepIteratorTest, org.apache.accumulo.core.iterators.user.IndexedDocIteratorTest, org.apache.accumulo.core.iterators.user.IntersectingIteratorTest, org.apache.accumulo.core.iterators.user.LargeRowFilterTest, org.apache.accumulo.core.iterators.user.RegExFilterTest, org.apache.accumulo.core.iterators.user.RowDeletingIteratorTest, org.apache.accumulo.core.iterators.user.RowFilterTest, org.apache.accumulo.core.iterators.user.TransformingIteratorTest, org.apache.accumulo.core.iterators.user.VersioningIteratorTest, org.apache.accumulo.core.iterators.user.VisibilityFilterTest, org.apache.accumulo.core.iterators.user.WholeRowIteratorTest, org.apache.accumulo.core.security.AuthorizationsTest, org.apache.accumulo.core.security.ColumnVisibilityTest, org.apache.accumulo.core.security.VisibilityEvaluatorTest, org.apache.accumulo.core.util.AddressUtilTest, org.apache.accumulo.core.util.LocalityGroupUtilTest, org.apache.accumulo.core.util.MergeTest, org.apache.accumulo.core.util.MetadataTableTest, org.apache.accumulo.core.util.StatTest, org.apache.accumulo.core.util.TestStringUtil, org.apache.accumulo.core.util.TestVersion, org.apache.accumulo.core.util.TextUtilTest, org.apache.accumulo.core.util.shell.ShellTest, org.apache.accumulo.core.util.shell.TableDiskUsageTest, org.apache.accumulo.core.util.shell.command.FormatterCommandTest], complianceLevel=7, outputFolder=., json=true}
05:19:31.100 [main] INFO  fr.inria.lille.repair.nopol.NoPol - Available processors (cores): 32
05:19:31.105 [main] INFO  fr.inria.lille.repair.nopol.NoPol - Free memory: 843 MB
05:19:31.105 [main] INFO  fr.inria.lille.repair.nopol.NoPol - Maximum memory: 3 GB
05:19:31.105 [main] INFO  fr.inria.lille.repair.nopol.NoPol - Total memory available to JVM: 981 MB
05:19:31.105 [main] INFO  fr.inria.lille.repair.nopol.NoPol - Java version: 1.8.0_181
05:19:31.106 [main] INFO  fr.inria.lille.repair.nopol.NoPol - JAVA_HOME: /usr/lib/jvm/java-1.8.0-openjdk-amd64/bin/
05:19:31.106 [main] INFO  fr.inria.lille.repair.nopol.NoPol - PATH: /usr/lib/jvm/java-1.8.0-openjdk-amd64/bin/:/usr/lib/oar/oardodo:/usr/lib/oar/oardodo:/usr/local/bin:/usr/bin:/bin:/usr/games
05:20:02.009 [pool-2-thread-1] DEBUG fr.inria.lille.repair.nopol.NoPol - statement #1
05:20:02.010 [pool-2-thread-1] DEBUG fr.inria.lille.repair.nopol.NoPol - Analysing SourceLocation jline.History:171 which is executed by 1 tests
05:20:02.010 [pool-2-thread-1] DEBUG fr.inria.lille.repair.nopol.NoPol - cannot spoon SourceLocation jline.History:171
05:20:02.010 [pool-2-thread-1] DEBUG fr.inria.lille.repair.nopol.NoPol - statement #2
05:20:02.010 [pool-2-thread-1] DEBUG fr.inria.lille.repair.nopol.NoPol - Analysing SourceLocation jline.History:165 which is executed by 1 tests
05:20:02.010 [pool-2-thread-1] DEBUG fr.inria.lille.repair.nopol.NoPol - cannot spoon SourceLocation jline.History:165
05:20:02.011 [pool-2-thread-1] DEBUG fr.inria.lille.repair.nopol.NoPol - statement #3
05:20:02.011 [pool-2-thread-1] DEBUG fr.inria.lille.repair.nopol.NoPol - Analysing SourceLocation jline.History:164 which is executed by 1 tests
05:20:02.011 [pool-2-thread-1] DEBUG fr.inria.lille.repair.nopol.NoPol - cannot spoon SourceLocation jline.History:164
05:20:02.011 [pool-2-thread-1] DEBUG fr.inria.lille.repair.nopol.NoPol - statement #4
05:20:02.011 [pool-2-thread-1] DEBUG fr.inria.lille.repair.nopol.NoPol - Analysing SourceLocation jline.History:118 which is executed by 1 tests
05:20:02.011 [pool-2-thread-1] DEBUG fr.inria.lille.repair.nopol.NoPol - cannot spoon SourceLocation jline.History:118
05:20:02.011 [pool-2-thread-1] DEBUG fr.inria.lille.repair.nopol.NoPol - statement #5
05:20:02.011 [pool-2-thread-1] DEBUG fr.inria.lille.repair.nopol.NoPol - Analysing SourceLocation jline.History:116 which is executed by 1 tests
05:20:02.011 [pool-2-thread-1] DEBUG fr.inria.lille.repair.nopol.NoPol - cannot spoon SourceLocation jline.History:116
05:20:02.011 [pool-2-thread-1] DEBUG fr.inria.lille.repair.nopol.NoPol - statement #6
05:20:02.012 [pool-2-thread-1] DEBUG fr.inria.lille.repair.nopol.NoPol - Analysing SourceLocation jline.History:112 which is executed by 1 tests
05:20:02.012 [pool-2-thread-1] DEBUG fr.inria.lille.repair.nopol.NoPol - cannot spoon SourceLocation jline.History:112
05:20:02.012 [pool-2-thread-1] DEBUG fr.inria.lille.repair.nopol.NoPol - statement #7
05:20:02.012 [pool-2-thread-1] DEBUG fr.inria.lille.repair.nopol.NoPol - Analysing SourceLocation jline.History:111 which is executed by 1 tests
05:20:02.012 [pool-2-thread-1] DEBUG fr.inria.lille.repair.nopol.NoPol - cannot spoon SourceLocation jline.History:111
05:20:02.012 [pool-2-thread-1] DEBUG fr.inria.lille.repair.nopol.NoPol - statement #8
05:20:02.012 [pool-2-thread-1] DEBUG fr.inria.lille.repair.nopol.NoPol - Analysing SourceLocation jline.History:69 which is executed by 1 tests
05:20:02.012 [pool-2-thread-1] DEBUG fr.inria.lille.repair.nopol.NoPol - cannot spoon SourceLocation jline.History:69
05:20:02.012 [pool-2-thread-1] DEBUG fr.inria.lille.repair.nopol.NoPol - statement #9
05:20:02.013 [pool-2-thread-1] DEBUG fr.inria.lille.repair.nopol.NoPol - Analysing SourceLocation jline.History:66 which is executed by 1 tests
05:20:02.013 [pool-2-thread-1] DEBUG fr.inria.lille.repair.nopol.NoPol - cannot spoon SourceLocation jline.History:66
05:20:02.013 [pool-2-thread-1] DEBUG fr.inria.lille.repair.nopol.NoPol - statement #10
05:20:02.013 [pool-2-thread-1] DEBUG fr.inria.lille.repair.nopol.NoPol - Analysing SourceLocation jline.History:62 which is executed by 1 tests
05:20:02.013 [pool-2-thread-1] DEBUG fr.inria.lille.repair.nopol.NoPol - cannot spoon SourceLocation jline.History:62
05:20:02.013 [pool-2-thread-1] DEBUG fr.inria.lille.repair.nopol.NoPol - statement #11
05:20:02.013 [pool-2-thread-1] DEBUG fr.inria.lille.repair.nopol.NoPol - Analysing SourceLocation jline.History:59 which is executed by 1 tests
05:20:02.013 [pool-2-thread-1] DEBUG fr.inria.lille.repair.nopol.NoPol - cannot spoon SourceLocation jline.History:59
05:20:02.013 [pool-2-thread-1] DEBUG fr.inria.lille.repair.nopol.NoPol - statement #12
05:20:02.014 [pool-2-thread-1] DEBUG fr.inria.lille.repair.nopol.NoPol - Analysing SourceLocation jline.History:58 which is executed by 1 tests
05:20:02.014 [pool-2-thread-1] DEBUG fr.inria.lille.repair.nopol.NoPol - cannot spoon SourceLocation jline.History:58
05:20:02.014 [pool-2-thread-1] DEBUG fr.inria.lille.repair.nopol.NoPol - statement #13
05:20:02.014 [pool-2-thread-1] DEBUG fr.inria.lille.repair.nopol.NoPol - Analysing SourceLocation jline.History:52 which is executed by 1 tests
05:20:02.014 [pool-2-thread-1] DEBUG fr.inria.lille.repair.nopol.NoPol - cannot spoon SourceLocation jline.History:52
05:20:02.014 [pool-2-thread-1] DEBUG fr.inria.lille.repair.nopol.NoPol - statement #14
05:20:02.014 [pool-2-thread-1] DEBUG fr.inria.lille.repair.nopol.NoPol - Analysing SourceLocation jline.History:51 which is executed by 1 tests
05:20:02.015 [pool-2-thread-1] DEBUG fr.inria.lille.repair.nopol.NoPol - cannot spoon SourceLocation jline.History:51
05:20:02.015 [pool-2-thread-1] DEBUG fr.inria.lille.repair.nopol.NoPol - statement #15
05:20:02.015 [pool-2-thread-1] DEBUG fr.inria.lille.repair.nopol.NoPol - Analysing SourceLocation jline.History:45 which is executed by 1 tests
05:20:02.015 [pool-2-thread-1] DEBUG fr.inria.lille.repair.nopol.NoPol - cannot spoon SourceLocation jline.History:45
05:20:02.015 [pool-2-thread-1] DEBUG fr.inria.lille.repair.nopol.NoPol - statement #16
05:20:02.015 [pool-2-thread-1] DEBUG fr.inria.lille.repair.nopol.NoPol - Analysing SourceLocation jline.History:44 which is executed by 1 tests
05:20:02.015 [pool-2-thread-1] DEBUG fr.inria.lille.repair.nopol.NoPol - cannot spoon SourceLocation jline.History:44
05:20:02.015 [pool-2-thread-1] DEBUG fr.inria.lille.repair.nopol.NoPol - statement #17
05:20:02.015 [pool-2-thread-1] DEBUG fr.inria.lille.repair.nopol.NoPol - Analysing SourceLocation jline.History:43 which is executed by 1 tests
05:20:02.015 [pool-2-thread-1] DEBUG fr.inria.lille.repair.nopol.NoPol - cannot spoon SourceLocation jline.History:43
05:20:02.015 [pool-2-thread-1] DEBUG fr.inria.lille.repair.nopol.NoPol - statement #18
05:20:02.015 [pool-2-thread-1] DEBUG fr.inria.lille.repair.nopol.NoPol - Analysing SourceLocation jline.History:40 which is executed by 1 tests
05:20:02.015 [pool-2-thread-1] DEBUG fr.inria.lille.repair.nopol.NoPol - cannot spoon SourceLocation jline.History:40
05:20:02.016 [pool-2-thread-1] DEBUG fr.inria.lille.repair.nopol.NoPol - statement #19
05:20:02.016 [pool-2-thread-1] DEBUG fr.inria.lille.repair.nopol.NoPol - Analysing SourceLocation jline.History:39 which is executed by 1 tests
05:20:02.016 [pool-2-thread-1] DEBUG fr.inria.lille.repair.nopol.NoPol - cannot spoon SourceLocation jline.History:39
05:20:02.016 [pool-2-thread-1] DEBUG fr.inria.lille.repair.nopol.NoPol - statement #20
05:20:02.016 [pool-2-thread-1] DEBUG fr.inria.lille.repair.nopol.NoPol - Analysing SourceLocation jline.ConsoleReader:1672 which is executed by 1 tests
05:20:02.016 [pool-2-thread-1] DEBUG fr.inria.lille.repair.nopol.NoPol - cannot spoon SourceLocation jline.ConsoleReader:1672
05:20:02.016 [pool-2-thread-1] DEBUG fr.inria.lille.repair.nopol.NoPol - statement #21
05:20:02.016 [pool-2-thread-1] DEBUG fr.inria.lille.repair.nopol.NoPol - Analysing SourceLocation jline.ConsoleReader:1671 which is executed by 1 tests
05:20:02.016 [pool-2-thread-1] DEBUG fr.inria.lille.repair.nopol.NoPol - cannot spoon SourceLocation jline.ConsoleReader:1671
05:20:02.016 [pool-2-thread-1] DEBUG fr.inria.lille.repair.nopol.NoPol - statement #22
05:20:02.016 [pool-2-thread-1] DEBUG fr.inria.lille.repair.nopol.NoPol - Analysing SourceLocation org.apache.accumulo.core.util.shell.Shell:441 which is executed by 1 tests
79851025
05:20:02.442 [pool-2-thread-1] DEBUG fr.inria.lille.repair.nopol.NoPol - statement #23
05:20:02.443 [pool-2-thread-1] DEBUG fr.inria.lille.repair.nopol.NoPol - Analysing SourceLocation org.apache.accumulo.core.util.shell.Shell:440 which is executed by 1 tests
79851025
05:20:02.708 [pool-2-thread-1] DEBUG fr.inria.lille.repair.nopol.NoPol - looking with class fr.inria.lille.repair.nopol.spoon.smt.ConditionalAdder
[pool-4-thread-1} WARN  org.apache.accumulo.start.classloader.vfs.AccumuloVFSClassLoader  - ignoring classpath entry file:///lib/ext/[^.].*.jar
java.io.FileNotFoundException: src/test/resources/shelltest.txt (No such file or directory)
    at java.io.FileInputStream.open0(Native Method)
    at java.io.FileInputStream.open(FileInputStream.java:195)
    at java.io.FileInputStream.<init>(FileInputStream.java:138)
    at java.util.Scanner.<init>(Scanner.java:635)
    at java.util.Scanner.<init>(Scanner.java:629)
    at org.apache.accumulo.core.util.shell.Shell.start(Shell.java:441)
05:20:03.175 [pool-4-thread-1] INFO  xxl.java.junit.TestCasesListener - Tests run finished (443 ms)
<> Total tests run: 10
<> Ignored tests: 0
<> Failed tests: 1
~ execFileTest(org.apache.accumulo.core.util.shell.ShellTest)
[src/test/resources/shelltest.txt (No such file or directory)]
java.io.FileNotFoundException: src/test/resources/shelltest.txt (No such file or directory)    at java.io.FileInputStream.open0(Native Method)
    at java.io.FileInputStream.open(FileInputStream.java:195)
    at java.io.FileInputStream.<init>(FileInputStream.java:138)
    at java.util.Scanner.<init>(Scanner.java:635)
    at java.util.Scanner.<init>(Scanner.java:629)
    at org.apache.accumulo.core.util.shell.Shell.start(Shell.java:441)

05:20:05.008 [pool-5-thread-1] INFO  f.i.l.c.t.SpecificationTestCasesListener - Tests run finished (182 ms)
<> Total tests run: 1
<> Ignored tests: 0
<> Failed tests: 0

java.io.FileNotFoundException: src/test/resources/shelltest.txt (No such file or directory)
    at java.io.FileInputStream.open0(Native Method)
    at java.io.FileInputStream.open(FileInputStream.java:195)
    at java.io.FileInputStream.<init>(FileInputStream.java:138)
    at java.util.Scanner.<init>(Scanner.java:635)
    at java.util.Scanner.<init>(Scanner.java:629)
    at org.apache.accumulo.core.util.shell.Shell.start(Shell.java:326)
05:20:05.012 [pool-6-thread-1] INFO  f.i.l.c.t.SpecificationTestCasesListener - Tests run finished (2 ms)
<> Total tests run: 1
<> Ignored tests: 0
<> Failed tests: 1
~ execFileTest(org.apache.accumulo.core.util.shell.ShellTest)
[src/test/resources/shelltest.txt (No such file or directory)]
java.io.FileNotFoundException: src/test/resources/shelltest.txt (No such file or directory)    at java.io.FileInputStream.open0(Native Method)
    at java.io.FileInputStream.open(FileInputStream.java:195)
    at java.io.FileInputStream.<init>(FileInputStream.java:138)
    at java.util.Scanner.<init>(Scanner.java:635)
    at java.util.Scanner.<init>(Scanner.java:629)
    at org.apache.accumulo.core.util.shell.Shell.start(Shell.java:326)

05:20:05.015 [pool-7-thread-1] INFO  f.i.l.r.n.s.ConstraintModelBuilder$1PassingListener - Tests run finished (2 ms)
<> Total tests run: 1
<> Ignored tests: 0
<> Failed tests: 0

java.io.FileNotFoundException: src/test/resources/shelltest.txt (No such file or directory)
    at java.io.FileInputStream.open0(Native Method)
    at java.io.FileInputStream.open(FileInputStream.java:195)
    at java.io.FileInputStream.<init>(FileInputStream.java:138)
    at java.util.Scanner.<init>(Scanner.java:635)
    at java.util.Scanner.<init>(Scanner.java:629)
    at org.apache.accumulo.core.util.shell.Shell.start(Shell.java:326)
05:20:05.018 [pool-8-thread-1] INFO  f.i.l.r.n.s.ConstraintModelBuilder$1PassingListener - Tests run finished (2 ms)
<> Total tests run: 1
<> Ignored tests: 0
<> Failed tests: 1
~ execFileTest(org.apache.accumulo.core.util.shell.ShellTest)
[src/test/resources/shelltest.txt (No such file or directory)]
java.io.FileNotFoundException: src/test/resources/shelltest.txt (No such file or directory)    at java.io.FileInputStream.open0(Native Method)
    at java.io.FileInputStream.open(FileInputStream.java:195)
    at java.io.FileInputStream.<init>(FileInputStream.java:138)
    at java.util.Scanner.<init>(Scanner.java:635)
    at java.util.Scanner.<init>(Scanner.java:629)
    at org.apache.accumulo.core.util.shell.Shell.start(Shell.java:326)

05:20:05.018 [pool-3-thread-1] INFO  f.i.l.r.n.synth.SMTNopolSynthesizer - Not enough specifications: 1. A trivial patch is "true" or "false", please write new tests specifying SourceLocation org.apache.accumulo.core.util.shell.Shell:440.
05:20:05.018 [pool-2-thread-1] DEBUG fr.inria.lille.repair.nopol.NoPol - looking with class fr.inria.lille.repair.nopol.spoon.smt.ConditionalReplacer
[pool-10-thread-1} WARN  org.apache.accumulo.start.classloader.vfs.AccumuloVFSClassLoader  - ignoring classpath entry file:///lib/ext/[^.].*.jar
java.io.FileNotFoundException: src/test/resources/shelltest.txt (No such file or directory)
    at java.io.FileInputStream.open0(Native Method)
    at java.io.FileInputStream.open(FileInputStream.java:195)
    at java.io.FileInputStream.<init>(FileInputStream.java:138)
    at java.util.Scanner.<init>(Scanner.java:635)
    at java.util.Scanner.<init>(Scanner.java:629)
    at org.apache.accumulo.core.util.shell.Shell.start(Shell.java:441)
05:20:05.301 [pool-10-thread-1] INFO  xxl.java.junit.TestCasesListener - Tests run finished (279 ms)
<> Total tests run: 10
<> Ignored tests: 0
<> Failed tests: 1
~ execFileTest(org.apache.accumulo.core.util.shell.ShellTest)
[src/test/resources/shelltest.txt (No such file or directory)]
java.io.FileNotFoundException: src/test/resources/shelltest.txt (No such file or directory)    at java.io.FileInputStream.open0(Native Method)
    at java.io.FileInputStream.open(FileInputStream.java:195)
    at java.io.FileInputStream.<init>(FileInputStream.java:138)
    at java.util.Scanner.<init>(Scanner.java:635)
    at java.util.Scanner.<init>(Scanner.java:629)
    at org.apache.accumulo.core.util.shell.Shell.start(Shell.java:441)

05:20:06.443 [pool-11-thread-1] INFO  f.i.l.c.t.SpecificationTestCasesListener - Tests run finished (182 ms)
<> Total tests run: 1
<> Ignored tests: 0
<> Failed tests: 0

java.io.FileNotFoundException: src/test/resources/shelltest.txt (No such file or directory)
    at java.io.FileInputStream.open0(Native Method)
    at java.io.FileInputStream.open(FileInputStream.java:195)
    at java.io.FileInputStream.<init>(FileInputStream.java:138)
    at java.util.Scanner.<init>(Scanner.java:635)
    at java.util.Scanner.<init>(Scanner.java:629)
    at org.apache.accumulo.core.util.shell.Shell.start(Shell.java:326)
05:20:06.446 [pool-12-thread-1] INFO  f.i.l.c.t.SpecificationTestCasesListener - Tests run finished (2 ms)
<> Total tests run: 1
<> Ignored tests: 0
<> Failed tests: 1
~ execFileTest(org.apache.accumulo.core.util.shell.ShellTest)
[src/test/resources/shelltest.txt (No such file or directory)]
java.io.FileNotFoundException: src/test/resources/shelltest.txt (No such file or directory)    at java.io.FileInputStream.open0(Native Method)
    at java.io.FileInputStream.open(FileInputStream.java:195)
    at java.io.FileInputStream.<init>(FileInputStream.java:138)
    at java.util.Scanner.<init>(Scanner.java:635)
    at java.util.Scanner.<init>(Scanner.java:629)
    at org.apache.accumulo.core.util.shell.Shell.start(Shell.java:326)

05:20:06.450 [pool-13-thread-1] INFO  f.i.l.r.n.s.ConstraintModelBuilder$1PassingListener - Tests run finished (3 ms)
<> Total tests run: 1
<> Ignored tests: 0
<> Failed tests: 0

java.io.FileNotFoundException: src/test/resources/shelltest.txt (No such file or directory)
    at java.io.FileInputStream.open0(Native Method)
    at java.io.FileInputStream.open(FileInputStream.java:195)
    at java.io.FileInputStream.<init>(FileInputStream.java:138)
    at java.util.Scanner.<init>(Scanner.java:635)
    at java.util.Scanner.<init>(Scanner.java:629)
    at org.apache.accumulo.core.util.shell.Shell.start(Shell.java:326)
05:20:06.452 [pool-14-thread-1] INFO  f.i.l.r.n.s.ConstraintModelBuilder$1PassingListener - Tests run finished (2 ms)
<> Total tests run: 1
<> Ignored tests: 0
<> Failed tests: 1
~ execFileTest(org.apache.accumulo.core.util.shell.ShellTest)
[src/test/resources/shelltest.txt (No such file or directory)]
java.io.FileNotFoundException: src/test/resources/shelltest.txt (No such file or directory)    at java.io.FileInputStream.open0(Native Method)
    at java.io.FileInputStream.open(FileInputStream.java:195)
    at java.io.FileInputStream.<init>(FileInputStream.java:138)
    at java.util.Scanner.<init>(Scanner.java:635)
    at java.util.Scanner.<init>(Scanner.java:629)
    at org.apache.accumulo.core.util.shell.Shell.start(Shell.java:326)

05:20:06.452 [pool-9-thread-1] INFO  f.i.l.r.n.synth.SMTNopolSynthesizer - Not enough specifications: 1. A trivial patch is "true" or "false", please write new tests specifying SourceLocation org.apache.accumulo.core.util.shell.Shell:440.
05:20:06.453 [pool-2-thread-1] DEBUG fr.inria.lille.repair.nopol.NoPol - statement #24
05:20:06.453 [pool-2-thread-1] DEBUG fr.inria.lille.repair.nopol.NoPol - Analysing SourceLocation org.apache.accumulo.core.util.shell.Shell:438 which is executed by 1 tests
79851025
05:20:06.685 [pool-2-thread-1] DEBUG fr.inria.lille.repair.nopol.NoPol - statement #25
05:20:06.685 [pool-2-thread-1] DEBUG fr.inria.lille.repair.nopol.NoPol - Analysing SourceLocation org.apache.accumulo.core.util.shell.Shell:436 which is executed by 1 tests
79851025
05:20:06.925 [pool-2-thread-1] DEBUG fr.inria.lille.repair.nopol.NoPol - statement #26
05:20:06.925 [pool-2-thread-1] DEBUG fr.inria.lille.repair.nopol.NoPol - Analysing SourceLocation org.apache.accumulo.core.util.shell.Shell:433 which is executed by 1 tests
79851025
05:20:07.172 [pool-2-thread-1] DEBUG fr.inria.lille.repair.nopol.NoPol - looking with class fr.inria.lille.repair.nopol.spoon.smt.ConditionalAdder
[pool-16-thread-1} WARN  org.apache.accumulo.start.classloader.vfs.AccumuloVFSClassLoader  - ignoring classpath entry file:///lib/ext/[^.].*.jar
java.io.FileNotFoundException: src/test/resources/shelltest.txt (No such file or directory)
    at java.io.FileInputStream.open0(Native Method)
    at java.io.FileInputStream.open(FileInputStream.java:195)
    at java.io.FileInputStream.<init>(FileInputStream.java:138)
    at java.util.Scanner.<init>(Scanner.java:635)
    at java.util.Scanner.<init>(Scanner.java:629)
    at org.apache.accumulo.core.util.shell.Shell.start(Shell.java:441)
05:20:07.472 [pool-16-thread-1] INFO  xxl.java.junit.TestCasesListener - Tests run finished (295 ms)
<> Total tests run: 10
<> Ignored tests: 0
<> Failed tests: 1
~ execFileTest(org.apache.accumulo.core.util.shell.ShellTest)
[src/test/resources/shelltest.txt (No such file or directory)]
java.io.FileNotFoundException: src/test/resources/shelltest.txt (No such file or directory)    at java.io.FileInputStream.open0(Native Method)
    at java.io.FileInputStream.open(FileInputStream.java:195)
    at java.io.FileInputStream.<init>(FileInputStream.java:138)
    at java.util.Scanner.<init>(Scanner.java:635)
    at java.util.Scanner.<init>(Scanner.java:629)
    at org.apache.accumulo.core.util.shell.Shell.start(Shell.java:441)

java.io.FileNotFoundException: src/test/resources/shelltest.txt (No such file or directory)
    at java.io.FileInputStream.open0(Native Method)
    at java.io.FileInputStream.open(FileInputStream.java:195)
    at java.io.FileInputStream.<init>(FileInputStream.java:138)
    at java.util.Scanner.<init>(Scanner.java:635)
    at java.util.Scanner.<init>(Scanner.java:629)
    at org.apache.accumulo.core.util.shell.Shell.start(Shell.java:326)
05:20:08.566 [pool-17-thread-1] INFO  f.i.l.c.t.SpecificationTestCasesListener - Tests run finished (171 ms)
<> Total tests run: 1
<> Ignored tests: 0
<> Failed tests: 1
~ execFileTest(org.apache.accumulo.core.util.shell.ShellTest)
[src/test/resources/shelltest.txt (No such file or directory)]
java.io.FileNotFoundException: src/test/resources/shelltest.txt (No such file or directory)    at java.io.FileInputStream.open0(Native Method)
    at java.io.FileInputStream.open(FileInputStream.java:195)
    at java.io.FileInputStream.<init>(FileInputStream.java:138)
    at java.util.Scanner.<init>(Scanner.java:635)
    at java.util.Scanner.<init>(Scanner.java:629)
    at org.apache.accumulo.core.util.shell.Shell.start(Shell.java:326)

java.io.FileNotFoundException: src/test/resources/shelltest.txt (No such file or directory)
    at java.io.FileInputStream.open0(Native Method)
    at java.io.FileInputStream.open(FileInputStream.java:195)
    at java.io.FileInputStream.<init>(FileInputStream.java:138)
    at java.util.Scanner.<init>(Scanner.java:635)
    at java.util.Scanner.<init>(Scanner.java:629)
    at org.apache.accumulo.core.util.shell.Shell.start(Shell.java:326)
05:20:08.569 [pool-18-thread-1] INFO  f.i.l.c.t.SpecificationTestCasesListener - Tests run finished (2 ms)
<> Total tests run: 1
<> Ignored tests: 0
<> Failed tests: 1
~ execFileTest(org.apache.accumulo.core.util.shell.ShellTest)
[src/test/resources/shelltest.txt (No such file or directory)]
java.io.FileNotFoundException: src/test/resources/shelltest.txt (No such file or directory)    at java.io.FileInputStream.open0(Native Method)
    at java.io.FileInputStream.open(FileInputStream.java:195)
    at java.io.FileInputStream.<init>(FileInputStream.java:138)
    at java.util.Scanner.<init>(Scanner.java:635)
    at java.util.Scanner.<init>(Scanner.java:629)
    at org.apache.accumulo.core.util.shell.Shell.start(Shell.java:326)

05:20:08.570 [pool-15-thread-1] DEBUG tests.output - Failing tests with false: 
[execFileTest(org.apache.accumulo.core.util.shell.ShellTest): src/test/resources/shelltest.txt (No such file or directory)]
05:20:08.570 [pool-15-thread-1] DEBUG tests.output - Failing tests with true: 
[execFileTest(org.apache.accumulo.core.util.shell.ShellTest): src/test/resources/shelltest.txt (No such file or directory)]
05:20:08.570 [pool-15-thread-1] INFO  f.i.l.r.n.synth.SMTNopolSynthesizer - Not enough specifications: 0. A trivial patch is "true" or "false", please write new tests specifying SourceLocation org.apache.accumulo.core.util.shell.Shell:433.
05:20:08.570 [pool-2-thread-1] DEBUG fr.inria.lille.repair.nopol.NoPol - statement #27
05:20:08.570 [pool-2-thread-1] DEBUG fr.inria.lille.repair.nopol.NoPol - Analysing SourceLocation org.apache.accumulo.core.util.shell.Shell:432 which is executed by 1 tests
79851025
05:20:08.773 [pool-2-thread-1] DEBUG fr.inria.lille.repair.nopol.NoPol - looking with class fr.inria.lille.repair.nopol.spoon.smt.ConditionalAdder
[pool-20-thread-1} WARN  org.apache.accumulo.start.classloader.vfs.AccumuloVFSClassLoader  - ignoring classpath entry file:///lib/ext/[^.].*.jar
java.io.FileNotFoundException: src/test/resources/shelltest.txt (No such file or directory)
    at java.io.FileInputStream.open0(Native Method)
    at java.io.FileInputStream.open(FileInputStream.java:195)
    at java.io.FileInputStream.<init>(FileInputStream.java:138)
    at java.util.Scanner.<init>(Scanner.java:635)
    at java.util.Scanner.<init>(Scanner.java:629)
    at org.apache.accumulo.core.util.shell.Shell.start(Shell.java:441)
05:20:09.061 [pool-20-thread-1] INFO  xxl.java.junit.TestCasesListener - Tests run finished (285 ms)
<> Total tests run: 10
<> Ignored tests: 0
<> Failed tests: 1
~ execFileTest(org.apache.accumulo.core.util.shell.ShellTest)
[src/test/resources/shelltest.txt (No such file or directory)]
java.io.FileNotFoundException: src/test/resources/shelltest.txt (No such file or directory)    at java.io.FileInputStream.open0(Native Method)
    at java.io.FileInputStream.open(FileInputStream.java:195)
    at java.io.FileInputStream.<init>(FileInputStream.java:138)
    at java.util.Scanner.<init>(Scanner.java:635)
    at java.util.Scanner.<init>(Scanner.java:629)
    at org.apache.accumulo.core.util.shell.Shell.start(Shell.java:441)

java.io.FileNotFoundException: src/test/resources/shelltest.txt (No such file or directory)
    at java.io.FileInputStream.open0(Native Method)
    at java.io.FileInputStream.open(FileInputStream.java:195)
    at java.io.FileInputStream.<init>(FileInputStream.java:138)
    at java.util.Scanner.<init>(Scanner.java:635)
    at java.util.Scanner.<init>(Scanner.java:629)
    at org.apache.accumulo.core.util.shell.Shell.start(Shell.java:326)
05:20:11.255 [pool-21-thread-1] INFO  f.i.l.c.t.SpecificationTestCasesListener - Tests run finished (1348 ms)
<> Total tests run: 1
<> Ignored tests: 0
<> Failed tests: 1
~ execFileTest(org.apache.accumulo.core.util.shell.ShellTest)
[src/test/resources/shelltest.txt (No such file or directory)]
java.io.FileNotFoundException: src/test/resources/shelltest.txt (No such file or directory)    at java.io.FileInputStream.open0(Native Method)
    at java.io.FileInputStream.open(FileInputStream.java:195)
    at java.io.FileInputStream.<init>(FileInputStream.java:138)
    at java.util.Scanner.<init>(Scanner.java:635)
    at java.util.Scanner.<init>(Scanner.java:629)
    at org.apache.accumulo.core.util.shell.Shell.start(Shell.java:326)

java.io.FileNotFoundException: src/test/resources/shelltest.txt (No such file or directory)
    at java.io.FileInputStream.open0(Native Method)
    at java.io.FileInputStream.open(FileInputStream.java:195)
    at java.io.FileInputStream.<init>(FileInputStream.java:138)
    at java.util.Scanner.<init>(Scanner.java:635)
    at java.util.Scanner.<init>(Scanner.java:629)
    at org.apache.accumulo.core.util.shell.Shell.start(Shell.java:326)
05:20:11.260 [pool-22-thread-1] INFO  f.i.l.c.t.SpecificationTestCasesListener - Tests run finished (4 ms)
<> Total tests run: 1
<> Ignored tests: 0
<> Failed tests: 1
~ execFileTest(org.apache.accumulo.core.util.shell.ShellTest)
[src/test/resources/shelltest.txt (No such file or directory)]
java.io.FileNotFoundException: src/test/resources/shelltest.txt (No such file or directory)    at java.io.FileInputStream.open0(Native Method)
    at java.io.FileInputStream.open(FileInputStream.java:195)
    at java.io.FileInputStream.<init>(FileInputStream.java:138)
    at java.util.Scanner.<init>(Scanner.java:635)
    at java.util.Scanner.<init>(Scanner.java:629)
    at org.apache.accumulo.core.util.shell.Shell.start(Shell.java:326)

05:20:11.260 [pool-19-thread-1] DEBUG tests.output - Failing tests with false: 
[execFileTest(org.apache.accumulo.core.util.shell.ShellTest): src/test/resources/shelltest.txt (No such file or directory)]
05:20:11.260 [pool-19-thread-1] DEBUG tests.output - Failing tests with true: 
[execFileTest(org.apache.accumulo.core.util.shell.ShellTest): src/test/resources/shelltest.txt (No such file or directory)]
05:20:11.260 [pool-19-thread-1] INFO  f.i.l.r.n.synth.SMTNopolSynthesizer - Not enough specifications: 0. A trivial patch is "true" or "false", please write new tests specifying SourceLocation org.apache.accumulo.core.util.shell.Shell:432.
05:20:11.260 [pool-2-thread-1] DEBUG fr.inria.lille.repair.nopol.NoPol - statement #28
05:20:11.261 [pool-2-thread-1] DEBUG fr.inria.lille.repair.nopol.NoPol - Analysing SourceLocation org.apache.accumulo.core.util.shell.Shell:431 which is executed by 1 tests
79851025
05:20:11.473 [pool-2-thread-1] DEBUG fr.inria.lille.repair.nopol.NoPol - statement #29
05:20:11.473 [pool-2-thread-1] DEBUG fr.inria.lille.repair.nopol.NoPol - Analysing SourceLocation org.apache.accumulo.core.util.shell.Shell:428 which is executed by 1 tests
79851025
05:20:11.672 [pool-2-thread-1] DEBUG fr.inria.lille.repair.nopol.NoPol - looking with class fr.inria.lille.repair.nopol.spoon.smt.ConditionalAdder
[pool-24-thread-1} WARN  org.apache.accumulo.start.classloader.vfs.AccumuloVFSClassLoader  - ignoring classpath entry file:///lib/ext/[^.].*.jar
java.io.FileNotFoundException: src/test/resources/shelltest.txt (No such file or directory)
    at java.io.FileInputStream.open0(Native Method)
    at java.io.FileInputStream.open(FileInputStream.java:195)
    at java.io.FileInputStream.<init>(FileInputStream.java:138)
    at java.util.Scanner.<init>(Scanner.java:635)
    at java.util.Scanner.<init>(Scanner.java:629)
    at org.apache.accumulo.core.util.shell.Shell.start(Shell.java:441)
05:20:11.941 [pool-24-thread-1] INFO  xxl.java.junit.TestCasesListener - Tests run finished (265 ms)
<> Total tests run: 10
<> Ignored tests: 0
<> Failed tests: 1
~ execFileTest(org.apache.accumulo.core.util.shell.ShellTest)
[src/test/resources/shelltest.txt (No such file or directory)]
java.io.FileNotFoundException: src/test/resources/shelltest.txt (No such file or directory)    at java.io.FileInputStream.open0(Native Method)
    at java.io.FileInputStream.open(FileInputStream.java:195)
    at java.io.FileInputStream.<init>(FileInputStream.java:138)
    at java.util.Scanner.<init>(Scanner.java:635)
    at java.util.Scanner.<init>(Scanner.java:629)
    at org.apache.accumulo.core.util.shell.Shell.start(Shell.java:441)

java.io.FileNotFoundException: src/test/resources/shelltest.txt (No such file or directory)
    at java.io.FileInputStream.open0(Native Method)
    at java.io.FileInputStream.open(FileInputStream.java:195)
    at java.io.FileInputStream.<init>(FileInputStream.java:138)
    at java.util.Scanner.<init>(Scanner.java:635)
    at java.util.Scanner.<init>(Scanner.java:629)
    at org.apache.accumulo.core.util.shell.Shell.start(Shell.java:323)
05:20:12.980 [pool-25-thread-1] INFO  f.i.l.c.t.SpecificationTestCasesListener - Tests run finished (183 ms)
<> Total tests run: 1
<> Ignored tests: 0
<> Failed tests: 1
~ execFileTest(org.apache.accumulo.core.util.shell.ShellTest)
[src/test/resources/shelltest.txt (No such file or directory)]
java.io.FileNotFoundException: src/test/resources/shelltest.txt (No such file or directory)    at java.io.FileInputStream.open0(Native Method)
    at java.io.FileInputStream.open(FileInputStream.java:195)
    at java.io.FileInputStream.<init>(FileInputStream.java:138)
    at java.util.Scanner.<init>(Scanner.java:635)
    at java.util.Scanner.<init>(Scanner.java:629)
    at org.apache.accumulo.core.util.shell.Shell.start(Shell.java:323)

java.io.FileNotFoundException: src/test/resources/shelltest.txt (No such file or directory)
    at java.io.FileInputStream.open0(Native Method)
    at java.io.FileInputStream.open(FileInputStream.java:195)
    at java.io.FileInputStream.<init>(FileInputStream.java:138)
    at java.util.Scanner.<init>(Scanner.java:635)
    at java.util.Scanner.<init>(Scanner.java:629)
    at org.apache.accumulo.core.util.shell.Shell.start(Shell.java:323)
05:20:12.982 [pool-26-thread-1] INFO  f.i.l.c.t.SpecificationTestCasesListener - Tests run finished (2 ms)
<> Total tests run: 1
<> Ignored tests: 0
<> Failed tests: 1
~ execFileTest(org.apache.accumulo.core.util.shell.ShellTest)
[src/test/resources/shelltest.txt (No such file or directory)]
java.io.FileNotFoundException: src/test/resources/shelltest.txt (No such file or directory)    at java.io.FileInputStream.open0(Native Method)
    at java.io.FileInputStream.open(FileInputStream.java:195)
    at java.io.FileInputStream.<init>(FileInputStream.java:138)
    at java.util.Scanner.<init>(Scanner.java:635)
    at java.util.Scanner.<init>(Scanner.java:629)
    at org.apache.accumulo.core.util.shell.Shell.start(Shell.java:323)

05:20:12.983 [pool-23-thread-1] DEBUG tests.output - Failing tests with false: 
[execFileTest(org.apache.accumulo.core.util.shell.ShellTest): src/test/resources/shelltest.txt (No such file or directory)]
05:20:12.983 [pool-23-thread-1] DEBUG tests.output - Failing tests with true: 
[execFileTest(org.apache.accumulo.core.util.shell.ShellTest): src/test/resources/shelltest.txt (No such file or directory)]
05:20:12.983 [pool-23-thread-1] INFO  f.i.l.r.n.synth.SMTNopolSynthesizer - Not enough specifications: 0. A trivial patch is "true" or "false", please write new tests specifying SourceLocation org.apache.accumulo.core.util.shell.Shell:428.
05:20:12.983 [pool-2-thread-1] DEBUG fr.inria.lille.repair.nopol.NoPol - looking with class fr.inria.lille.repair.nopol.spoon.smt.ConditionalReplacer
[pool-28-thread-1} WARN  org.apache.accumulo.start.classloader.vfs.AccumuloVFSClassLoader  - ignoring classpath entry file:///lib/ext/[^.].*.jar
java.io.FileNotFoundException: src/test/resources/shelltest.txt (No such file or directory)
    at java.io.FileInputStream.open0(Native Method)
    at java.io.FileInputStream.open(FileInputStream.java:195)
    at java.io.FileInputStream.<init>(FileInputStream.java:138)
    at java.util.Scanner.<init>(Scanner.java:635)
    at java.util.Scanner.<init>(Scanner.java:629)
    at org.apache.accumulo.core.util.shell.Shell.start(Shell.java:441)
05:20:13.248 [pool-28-thread-1] INFO  xxl.java.junit.TestCasesListener - Tests run finished (262 ms)
<> Total tests run: 10
<> Ignored tests: 0
<> Failed tests: 1
~ execFileTest(org.apache.accumulo.core.util.shell.ShellTest)
[src/test/resources/shelltest.txt (No such file or directory)]
java.io.FileNotFoundException: src/test/resources/shelltest.txt (No such file or directory)    at java.io.FileInputStream.open0(Native Method)
    at java.io.FileInputStream.open(FileInputStream.java:195)
    at java.io.FileInputStream.<init>(FileInputStream.java:138)
    at java.util.Scanner.<init>(Scanner.java:635)
    at java.util.Scanner.<init>(Scanner.java:629)
    at org.apache.accumulo.core.util.shell.Shell.start(Shell.java:441)

java.io.FileNotFoundException: src/test/resources/shelltest.txt (No such file or directory)
    at java.io.FileInputStream.open0(Native Method)
    at java.io.FileInputStream.open(FileInputStream.java:195)
    at java.io.FileInputStream.<init>(FileInputStream.java:138)
    at java.util.Scanner.<init>(Scanner.java:635)
    at java.util.Scanner.<init>(Scanner.java:629)
    at org.apache.accumulo.core.util.shell.Shell.start(Shell.java:323)
05:20:14.253 [pool-29-thread-1] INFO  f.i.l.c.t.SpecificationTestCasesListener - Tests run finished (165 ms)
<> Total tests run: 1
<> Ignored tests: 0
<> Failed tests: 1
~ execFileTest(org.apache.accumulo.core.util.shell.ShellTest)
[src/test/resources/shelltest.txt (No such file or directory)]
java.io.FileNotFoundException: src/test/resources/shelltest.txt (No such file or directory)    at java.io.FileInputStream.open0(Native Method)
    at java.io.FileInputStream.open(FileInputStream.java:195)
    at java.io.FileInputStream.<init>(FileInputStream.java:138)
    at java.util.Scanner.<init>(Scanner.java:635)
    at java.util.Scanner.<init>(Scanner.java:629)
    at org.apache.accumulo.core.util.shell.Shell.start(Shell.java:323)

java.io.FileNotFoundException: src/test/resources/shelltest.txt (No such file or directory)
    at java.io.FileInputStream.open0(Native Method)
    at java.io.FileInputStream.open(FileInputStream.java:195)
    at java.io.FileInputStream.<init>(FileInputStream.java:138)
    at java.util.Scanner.<init>(Scanner.java:635)
    at java.util.Scanner.<init>(Scanner.java:629)
    at org.apache.accumulo.core.util.shell.Shell.start(Shell.java:323)
05:20:14.256 [pool-30-thread-1] INFO  f.i.l.c.t.SpecificationTestCasesListener - Tests run finished (2 ms)
<> Total tests run: 1
<> Ignored tests: 0
<> Failed tests: 1
~ execFileTest(org.apache.accumulo.core.util.shell.ShellTest)
[src/test/resources/shelltest.txt (No such file or directory)]
java.io.FileNotFoundException: src/test/resources/shelltest.txt (No such file or directory)    at java.io.FileInputStream.open0(Native Method)
    at java.io.FileInputStream.open(FileInputStream.java:195)
    at java.io.FileInputStream.<init>(FileInputStream.java:138)
    at java.util.Scanner.<init>(Scanner.java:635)
    at java.util.Scanner.<init>(Scanner.java:629)
    at org.apache.accumulo.core.util.shell.Shell.start(Shell.java:323)

05:20:14.256 [pool-27-thread-1] DEBUG tests.output - Failing tests with false: 
[execFileTest(org.apache.accumulo.core.util.shell.ShellTest): src/test/resources/shelltest.txt (No such file or directory)]
05:20:14.257 [pool-27-thread-1] DEBUG tests.output - Failing tests with true: 
[execFileTest(org.apache.accumulo.core.util.shell.ShellTest): src/test/resources/shelltest.txt (No such file or directory)]
05:20:14.257 [pool-27-thread-1] INFO  f.i.l.r.n.synth.SMTNopolSynthesizer - Not enough specifications: 0. A trivial patch is "true" or "false", please write new tests specifying SourceLocation org.apache.accumulo.core.util.shell.Shell:428.
05:20:14.257 [pool-2-thread-1] DEBUG fr.inria.lille.repair.nopol.NoPol - statement #30
05:20:14.257 [pool-2-thread-1] DEBUG fr.inria.lille.repair.nopol.NoPol - Analysing SourceLocation org.apache.accumulo.core.util.shell.Shell:427 which is executed by 1 tests
79851025
05:20:14.485 [pool-2-thread-1] DEBUG fr.inria.lille.repair.nopol.NoPol - statement #31
05:20:14.486 [pool-2-thread-1] DEBUG fr.inria.lille.repair.nopol.NoPol - Analysing SourceLocation org.apache.accumulo.core.util.shell.Shell:426 which is executed by 1 tests
79851025
05:20:14.727 [pool-2-thread-1] DEBUG fr.inria.lille.repair.nopol.NoPol - statement #32
05:20:14.727 [pool-2-thread-1] DEBUG fr.inria.lille.repair.nopol.NoPol - Analysing SourceLocation org.apache.accumulo.core.util.shell.Shell:425 which is executed by 1 tests
79851025
05:20:14.942 [pool-2-thread-1] DEBUG fr.inria.lille.repair.nopol.NoPol - statement #33
05:20:14.942 [pool-2-thread-1] DEBUG fr.inria.lille.repair.nopol.NoPol - Analysing SourceLocation org.apache.accumulo.core.util.shell.Shell:424 which is executed by 1 tests
79851025
05:20:15.151 [pool-2-thread-1] DEBUG fr.inria.lille.repair.nopol.NoPol - looking with class fr.inria.lille.repair.nopol.spoon.smt.ConditionalAdder
[pool-32-thread-1} WARN  org.apache.accumulo.start.classloader.vfs.AccumuloVFSClassLoader  - ignoring classpath entry file:///lib/ext/[^.].*.jar
java.io.FileNotFoundException: src/test/resources/shelltest.txt (No such file or directory)
    at java.io.FileInputStream.open0(Native Method)
    at java.io.FileInputStream.open(FileInputStream.java:195)
    at java.io.FileInputStream.<init>(FileInputStream.java:138)
    at java.util.Scanner.<init>(Scanner.java:635)
    at java.util.Scanner.<init>(Scanner.java:629)
    at org.apache.accumulo.core.util.shell.Shell.start(Shell.java:441)
05:20:15.410 [pool-32-thread-1] INFO  xxl.java.junit.TestCasesListener - Tests run finished (256 ms)
<> Total tests run: 10
<> Ignored tests: 0
<> Failed tests: 1
~ execFileTest(org.apache.accumulo.core.util.shell.ShellTest)
[src/test/resources/shelltest.txt (No such file or directory)]
java.io.FileNotFoundException: src/test/resources/shelltest.txt (No such file or directory)    at java.io.FileInputStream.open0(Native Method)
    at java.io.FileInputStream.open(FileInputStream.java:195)
    at java.io.FileInputStream.<init>(FileInputStream.java:138)
    at java.util.Scanner.<init>(Scanner.java:635)
    at java.util.Scanner.<init>(Scanner.java:629)
    at org.apache.accumulo.core.util.shell.Shell.start(Shell.java:441)

java.io.FileNotFoundException: src/test/resources/shelltest.txt (No such file or directory)
    at java.io.FileInputStream.open0(Native Method)
    at java.io.FileInputStream.open(FileInputStream.java:195)
    at java.io.FileInputStream.<init>(FileInputStream.java:138)
    at java.util.Scanner.<init>(Scanner.java:635)
    at java.util.Scanner.<init>(Scanner.java:629)
    at org.apache.accumulo.core.util.shell.Shell.start(Shell.java:322)
05:20:16.387 [pool-33-thread-1] INFO  f.i.l.c.t.SpecificationTestCasesListener - Tests run finished (160 ms)
<> Total tests run: 1
<> Ignored tests: 0
<> Failed tests: 1
~ execFileTest(org.apache.accumulo.core.util.shell.ShellTest)
[src/test/resources/shelltest.txt (No such file or directory)]
java.io.FileNotFoundException: src/test/resources/shelltest.txt (No such file or directory)    at java.io.FileInputStream.open0(Native Method)
    at java.io.FileInputStream.open(FileInputStream.java:195)
    at java.io.FileInputStream.<init>(FileInputStream.java:138)
    at java.util.Scanner.<init>(Scanner.java:635)
    at java.util.Scanner.<init>(Scanner.java:629)
    at org.apache.accumulo.core.util.shell.Shell.start(Shell.java:322)

java.io.FileNotFoundException: src/test/resources/shelltest.txt (No such file or directory)
    at java.io.FileInputStream.open0(Native Method)
    at java.io.FileInputStream.open(FileInputStream.java:195)
    at java.io.FileInputStream.<init>(FileInputStream.java:138)
    at java.util.Scanner.<init>(Scanner.java:635)
    at java.util.Scanner.<init>(Scanner.java:629)
    at org.apache.accumulo.core.util.shell.Shell.start(Shell.java:322)
05:20:16.390 [pool-34-thread-1] INFO  f.i.l.c.t.SpecificationTestCasesListener - Tests run finished (2 ms)
<> Total tests run: 1
<> Ignored tests: 0
<> Failed tests: 1
~ execFileTest(org.apache.accumulo.core.util.shell.ShellTest)
[src/test/resources/shelltest.txt (No such file or directory)]
java.io.FileNotFoundException: src/test/resources/shelltest.txt (No such file or directory)    at java.io.FileInputStream.open0(Native Method)
    at java.io.FileInputStream.open(FileInputStream.java:195)
    at java.io.FileInputStream.<init>(FileInputStream.java:138)
    at java.util.Scanner.<init>(Scanner.java:635)
    at java.util.Scanner.<init>(Scanner.java:629)
    at org.apache.accumulo.core.util.shell.Shell.start(Shell.java:322)

05:20:16.390 [pool-31-thread-1] DEBUG tests.output - Failing tests with false: 
[execFileTest(org.apache.accumulo.core.util.shell.ShellTest): src/test/resources/shelltest.txt (No such file or directory)]
05:20:16.390 [pool-31-thread-1] DEBUG tests.output - Failing tests with true: 
[execFileTest(org.apache.accumulo.core.util.shell.ShellTest): src/test/resources/shelltest.txt (No such file or directory)]
05:20:16.391 [pool-31-thread-1] INFO  f.i.l.r.n.synth.SMTNopolSynthesizer - Not enough specifications: 0. A trivial patch is "true" or "false", please write new tests specifying SourceLocation org.apache.accumulo.core.util.shell.Shell:424.
05:20:16.391 [pool-2-thread-1] DEBUG fr.inria.lille.repair.nopol.NoPol - statement #34
05:20:16.391 [pool-2-thread-1] DEBUG fr.inria.lille.repair.nopol.NoPol - Analysing SourceLocation org.apache.accumulo.core.util.shell.Shell:423 which is executed by 1 tests
79851025
05:20:16.589 [pool-2-thread-1] DEBUG fr.inria.lille.repair.nopol.NoPol - looking with class fr.inria.lille.repair.nopol.spoon.smt.ConditionalAdder
[pool-36-thread-1} WARN  org.apache.accumulo.start.classloader.vfs.AccumuloVFSClassLoader  - ignoring classpath entry file:///lib/ext/[^.].*.jar
java.io.FileNotFoundException: src/test/resources/shelltest.txt (No such file or directory)
    at java.io.FileInputStream.open0(Native Method)
    at java.io.FileInputStream.open(FileInputStream.java:195)
    at java.io.FileInputStream.<init>(FileInputStream.java:138)
    at java.util.Scanner.<init>(Scanner.java:635)
    at java.util.Scanner.<init>(Scanner.java:629)
    at org.apache.accumulo.core.util.shell.Shell.start(Shell.java:441)
05:20:16.853 [pool-36-thread-1] INFO  xxl.java.junit.TestCasesListener - Tests run finished (259 ms)
<> Total tests run: 10
<> Ignored tests: 0
<> Failed tests: 1
~ execFileTest(org.apache.accumulo.core.util.shell.ShellTest)
[src/test/resources/shelltest.txt (No such file or directory)]
java.io.FileNotFoundException: src/test/resources/shelltest.txt (No such file or directory)    at java.io.FileInputStream.open0(Native Method)
    at java.io.FileInputStream.open(FileInputStream.java:195)
    at java.io.FileInputStream.<init>(FileInputStream.java:138)
    at java.util.Scanner.<init>(Scanner.java:635)
    at java.util.Scanner.<init>(Scanner.java:629)
    at org.apache.accumulo.core.util.shell.Shell.start(Shell.java:441)

java.io.FileNotFoundException: src/test/resources/shelltest.txt (No such file or directory)
    at java.io.FileInputStream.open0(Native Method)
    at java.io.FileInputStream.open(FileInputStream.java:195)
    at java.io.FileInputStream.<init>(FileInputStream.java:138)
    at java.util.Scanner.<init>(Scanner.java:635)
    at java.util.Scanner.<init>(Scanner.java:629)
    at org.apache.accumulo.core.util.shell.Shell.start(Shell.java:322)
05:20:17.836 [pool-37-thread-1] INFO  f.i.l.c.t.SpecificationTestCasesListener - Tests run finished (167 ms)
<> Total tests run: 1
<> Ignored tests: 0
<> Failed tests: 1
~ execFileTest(org.apache.accumulo.core.util.shell.ShellTest)
[src/test/resources/shelltest.txt (No such file or directory)]
java.io.FileNotFoundException: src/test/resources/shelltest.txt (No such file or directory)    at java.io.FileInputStream.open0(Native Method)
    at java.io.FileInputStream.open(FileInputStream.java:195)
    at java.io.FileInputStream.<init>(FileInputStream.java:138)
    at java.util.Scanner.<init>(Scanner.java:635)
    at java.util.Scanner.<init>(Scanner.java:629)
    at org.apache.accumulo.core.util.shell.Shell.start(Shell.java:322)

java.io.FileNotFoundException: src/test/resources/shelltest.txt (No such file or directory)
    at java.io.FileInputStream.open0(Native Method)
    at java.io.FileInputStream.open(FileInputStream.java:195)
    at java.io.FileInputStream.<init>(FileInputStream.java:138)
    at java.util.Scanner.<init>(Scanner.java:635)
    at java.util.Scanner.<init>(Scanner.java:629)
    at org.apache.accumulo.core.util.shell.Shell.start(Shell.java:322)
05:20:17.840 [pool-38-thread-1] INFO  f.i.l.c.t.SpecificationTestCasesListener - Tests run finished (3 ms)
<> Total tests run: 1
<> Ignored tests: 0
<> Failed tests: 1
~ execFileTest(org.apache.accumulo.core.util.shell.ShellTest)
[src/test/resources/shelltest.txt (No such file or directory)]
java.io.FileNotFoundException: src/test/resources/shelltest.txt (No such file or directory)    at java.io.FileInputStream.open0(Native Method)
    at java.io.FileInputStream.open(FileInputStream.java:195)
    at java.io.FileInputStream.<init>(FileInputStream.java:138)
    at java.util.Scanner.<init>(Scanner.java:635)
    at java.util.Scanner.<init>(Scanner.java:629)
    at org.apache.accumulo.core.util.shell.Shell.start(Shell.java:322)

05:20:17.840 [pool-35-thread-1] DEBUG tests.output - Failing tests with false: 
[execFileTest(org.apache.accumulo.core.util.shell.ShellTest): src/test/resources/shelltest.txt (No such file or directory)]
05:20:17.840 [pool-35-thread-1] DEBUG tests.output - Failing tests with true: 
[execFileTest(org.apache.accumulo.core.util.shell.ShellTest): src/test/resources/shelltest.txt (No such file or directory)]
05:20:17.840 [pool-35-thread-1] INFO  f.i.l.r.n.synth.SMTNopolSynthesizer - Not enough specifications: 0. A trivial patch is "true" or "false", please write new tests specifying SourceLocation org.apache.accumulo.core.util.shell.Shell:423.
05:20:17.840 [pool-2-thread-1] DEBUG fr.inria.lille.repair.nopol.NoPol - looking with class fr.inria.lille.repair.nopol.spoon.smt.ConditionalReplacer
[pool-40-thread-1} WARN  org.apache.accumulo.start.classloader.vfs.AccumuloVFSClassLoader  - ignoring classpath entry file:///lib/ext/[^.].*.jar
java.io.FileNotFoundException: src/test/resources/shelltest.txt (No such file or directory)
    at java.io.FileInputStream.open0(Native Method)
    at java.io.FileInputStream.open(FileInputStream.java:195)
    at java.io.FileInputStream.<init>(FileInputStream.java:138)
    at java.util.Scanner.<init>(Scanner.java:635)
    at java.util.Scanner.<init>(Scanner.java:629)
    at org.apache.accumulo.core.util.shell.Shell.start(Shell.java:441)
05:20:18.095 [pool-40-thread-1] INFO  xxl.java.junit.TestCasesListener - Tests run finished (252 ms)
<> Total tests run: 10
<> Ignored tests: 0
<> Failed tests: 1
~ execFileTest(org.apache.accumulo.core.util.shell.ShellTest)
[src/test/resources/shelltest.txt (No such file or directory)]
java.io.FileNotFoundException: src/test/resources/shelltest.txt (No such file or directory)    at java.io.FileInputStream.open0(Native Method)
    at java.io.FileInputStream.open(FileInputStream.java:195)
    at java.io.FileInputStream.<init>(FileInputStream.java:138)
    at java.util.Scanner.<init>(Scanner.java:635)
    at java.util.Scanner.<init>(Scanner.java:629)
    at org.apache.accumulo.core.util.shell.Shell.start(Shell.java:441)

java.io.FileNotFoundException: src/test/resources/shelltest.txt (No such file or directory)
    at java.io.FileInputStream.open0(Native Method)
    at java.io.FileInputStream.open(FileInputStream.java:195)
    at java.io.FileInputStream.<init>(FileInputStream.java:138)
    at java.util.Scanner.<init>(Scanner.java:635)
    at java.util.Scanner.<init>(Scanner.java:629)
    at org.apache.accumulo.core.util.shell.Shell.start(Shell.java:322)
05:20:19.065 [pool-41-thread-1] INFO  f.i.l.c.t.SpecificationTestCasesListener - Tests run finished (160 ms)
<> Total tests run: 1
<> Ignored tests: 0
<> Failed tests: 1
~ execFileTest(org.apache.accumulo.core.util.shell.ShellTest)
[src/test/resources/shelltest.txt (No such file or directory)]
java.io.FileNotFoundException: src/test/resources/shelltest.txt (No such file or directory)    at java.io.FileInputStream.open0(Native Method)
    at java.io.FileInputStream.open(FileInputStream.java:195)
    at java.io.FileInputStream.<init>(FileInputStream.java:138)
    at java.util.Scanner.<init>(Scanner.java:635)
    at java.util.Scanner.<init>(Scanner.java:629)
    at org.apache.accumulo.core.util.shell.Shell.start(Shell.java:322)

java.io.FileNotFoundException: src/test/resources/shelltest.txt (No such file or directory)
    at java.io.FileInputStream.open0(Native Method)
    at java.io.FileInputStream.open(FileInputStream.java:195)
    at java.io.FileInputStream.<init>(FileInputStream.java:138)
    at java.util.Scanner.<init>(Scanner.java:635)
    at java.util.Scanner.<init>(Scanner.java:629)
    at org.apache.accumulo.core.util.shell.Shell.start(Shell.java:322)
05:20:19.069 [pool-42-thread-1] INFO  f.i.l.c.t.SpecificationTestCasesListener - Tests run finished (3 ms)
<> Total tests run: 1
<> Ignored tests: 0
<> Failed tests: 1
~ execFileTest(org.apache.accumulo.core.util.shell.ShellTest)
[src/test/resources/shelltest.txt (No such file or directory)]
java.io.FileNotFoundException: src/test/resources/shelltest.txt (No such file or directory)    at java.io.FileInputStream.open0(Native Method)
    at java.io.FileInputStream.open(FileInputStream.java:195)
    at java.io.FileInputStream.<init>(FileInputStream.java:138)
    at java.util.Scanner.<init>(Scanner.java:635)
    at java.util.Scanner.<init>(Scanner.java:629)
    at org.apache.accumulo.core.util.shell.Shell.start(Shell.java:322)

05:20:19.069 [pool-39-thread-1] DEBUG tests.output - Failing tests with false: 
[execFileTest(org.apache.accumulo.core.util.shell.ShellTest): src/test/resources/shelltest.txt (No such file or directory)]
05:20:19.069 [pool-39-thread-1] DEBUG tests.output - Failing tests with true: 
[execFileTest(org.apache.accumulo.core.util.shell.ShellTest): src/test/resources/shelltest.txt (No such file or directory)]
05:20:19.069 [pool-39-thread-1] INFO  f.i.l.r.n.synth.SMTNopolSynthesizer - Not enough specifications: 0. A trivial patch is "true" or "false", please write new tests specifying SourceLocation org.apache.accumulo.core.util.shell.Shell:423.
05:20:19.069 [pool-2-thread-1] DEBUG fr.inria.lille.repair.nopol.NoPol - statement #35
05:20:19.069 [pool-2-thread-1] DEBUG fr.inria.lille.repair.nopol.NoPol - Analysing SourceLocation org.apache.accumulo.core.util.shell.Shell:422 which is executed by 1 tests
79851025
05:20:19.270 [pool-2-thread-1] DEBUG fr.inria.lille.repair.nopol.NoPol - statement #36
05:20:19.270 [pool-2-thread-1] DEBUG fr.inria.lille.repair.nopol.NoPol - Analysing SourceLocation org.apache.accumulo.core.util.shell.Shell:419 which is executed by 1 tests
79851025
05:20:19.471 [pool-2-thread-1] DEBUG fr.inria.lille.repair.nopol.NoPol - looking with class fr.inria.lille.repair.nopol.spoon.smt.ConditionalAdder
[pool-44-thread-1} WARN  org.apache.accumulo.start.classloader.vfs.AccumuloVFSClassLoader  - ignoring classpath entry file:///lib/ext/[^.].*.jar
java.io.FileNotFoundException: src/test/resources/shelltest.txt (No such file or directory)
    at java.io.FileInputStream.open0(Native Method)
    at java.io.FileInputStream.open(FileInputStream.java:195)
    at java.io.FileInputStream.<init>(FileInputStream.java:138)
    at java.util.Scanner.<init>(Scanner.java:635)
    at java.util.Scanner.<init>(Scanner.java:629)
    at org.apache.accumulo.core.util.shell.Shell.start(Shell.java:441)
05:20:19.728 [pool-44-thread-1] INFO  xxl.java.junit.TestCasesListener - Tests run finished (253 ms)
<> Total tests run: 10
<> Ignored tests: 0
<> Failed tests: 1
~ execFileTest(org.apache.accumulo.core.util.shell.ShellTest)
[src/test/resources/shelltest.txt (No such file or directory)]
java.io.FileNotFoundException: src/test/resources/shelltest.txt (No such file or directory)    at java.io.FileInputStream.open0(Native Method)
    at java.io.FileInputStream.open(FileInputStream.java:195)
    at java.io.FileInputStream.<init>(FileInputStream.java:138)
    at java.util.Scanner.<init>(Scanner.java:635)
    at java.util.Scanner.<init>(Scanner.java:629)
    at org.apache.accumulo.core.util.shell.Shell.start(Shell.java:441)

java.io.FileNotFoundException: src/test/resources/shelltest.txt (No such file or directory)
    at java.io.FileInputStream.open0(Native Method)
    at java.io.FileInputStream.open(FileInputStream.java:195)
    at java.io.FileInputStream.<init>(FileInputStream.java:138)
    at java.util.Scanner.<init>(Scanner.java:635)
    at java.util.Scanner.<init>(Scanner.java:629)
    at org.apache.accumulo.core.util.shell.Shell.start(Shell.java:319)
05:20:20.678 [pool-45-thread-1] INFO  f.i.l.c.t.SpecificationTestCasesListener - Tests run finished (162 ms)
<> Total tests run: 1
<> Ignored tests: 0
<> Failed tests: 1
~ execFileTest(org.apache.accumulo.core.util.shell.ShellTest)
[src/test/resources/shelltest.txt (No such file or directory)]
java.io.FileNotFoundException: src/test/resources/shelltest.txt (No such file or directory)    at java.io.FileInputStream.open0(Native Method)
    at java.io.FileInputStream.open(FileInputStream.java:195)
    at java.io.FileInputStream.<init>(FileInputStream.java:138)
    at java.util.Scanner.<init>(Scanner.java:635)
    at java.util.Scanner.<init>(Scanner.java:629)
    at org.apache.accumulo.core.util.shell.Shell.start(Shell.java:319)

java.io.FileNotFoundException: src/test/resources/shelltest.txt (No such file or directory)
    at java.io.FileInputStream.open0(Native Method)
    at java.io.FileInputStream.open(FileInputStream.java:195)
    at java.io.FileInputStream.<init>(FileInputStream.java:138)
    at java.util.Scanner.<init>(Scanner.java:635)
    at java.util.Scanner.<init>(Scanner.java:629)
    at org.apache.accumulo.core.util.shell.Shell.start(Shell.java:319)
05:20:20.680 [pool-46-thread-1] INFO  f.i.l.c.t.SpecificationTestCasesListener - Tests run finished (1 ms)
<> Total tests run: 1
<> Ignored tests: 0
<> Failed tests: 1
~ execFileTest(org.apache.accumulo.core.util.shell.ShellTest)
[src/test/resources/shelltest.txt (No such file or directory)]
java.io.FileNotFoundException: src/test/resources/shelltest.txt (No such file or directory)    at java.io.FileInputStream.open0(Native Method)
    at java.io.FileInputStream.open(FileInputStream.java:195)
    at java.io.FileInputStream.<init>(FileInputStream.java:138)
    at java.util.Scanner.<init>(Scanner.java:635)
    at java.util.Scanner.<init>(Scanner.java:629)
    at org.apache.accumulo.core.util.shell.Shell.start(Shell.java:319)

05:20:20.681 [pool-43-thread-1] DEBUG tests.output - Failing tests with false: 
[execFileTest(org.apache.accumulo.core.util.shell.ShellTest): src/test/resources/shelltest.txt (No such file or directory)]
05:20:20.681 [pool-43-thread-1] DEBUG tests.output - Failing tests with true: 
[execFileTest(org.apache.accumulo.core.util.shell.ShellTest): src/test/resources/shelltest.txt (No such file or directory)]
05:20:20.681 [pool-43-thread-1] INFO  f.i.l.r.n.synth.SMTNopolSynthesizer - Not enough specifications: 0. A trivial patch is "true" or "false", please write new tests specifying SourceLocation org.apache.accumulo.core.util.shell.Shell:419.
05:20:20.681 [pool-2-thread-1] DEBUG fr.inria.lille.repair.nopol.NoPol - looking with class fr.inria.lille.repair.nopol.spoon.smt.ConditionalReplacer
[pool-48-thread-1} WARN  org.apache.accumulo.start.classloader.vfs.AccumuloVFSClassLoader  - ignoring classpath entry file:///lib/ext/[^.].*.jar
java.io.FileNotFoundException: src/test/resources/shelltest.txt (No such file or directory)
    at java.io.FileInputStream.open0(Native Method)
    at java.io.FileInputStream.open(FileInputStream.java:195)
    at java.io.FileInputStream.<init>(FileInputStream.java:138)
    at java.util.Scanner.<init>(Scanner.java:635)
    at java.util.Scanner.<init>(Scanner.java:629)
    at org.apache.accumulo.core.util.shell.Shell.start(Shell.java:441)
05:20:20.950 [pool-48-thread-1] INFO  xxl.java.junit.TestCasesListener - Tests run finished (266 ms)
<> Total tests run: 10
<> Ignored tests: 0
<> Failed tests: 1
~ execFileTest(org.apache.accumulo.core.util.shell.ShellTest)
[src/test/resources/shelltest.txt (No such file or directory)]
java.io.FileNotFoundException: src/test/resources/shelltest.txt (No such file or directory)    at java.io.FileInputStream.open0(Native Method)
    at java.io.FileInputStream.open(FileInputStream.java:195)
    at java.io.FileInputStream.<init>(FileInputStream.java:138)
    at java.util.Scanner.<init>(Scanner.java:635)
    at java.util.Scanner.<init>(Scanner.java:629)
    at org.apache.accumulo.core.util.shell.Shell.start(Shell.java:441)

java.io.FileNotFoundException: src/test/resources/shelltest.txt (No such file or directory)
    at java.io.FileInputStream.open0(Native Method)
    at java.io.FileInputStream.open(FileInputStream.java:195)
    at java.io.FileInputStream.<init>(FileInputStream.java:138)
    at java.util.Scanner.<init>(Scanner.java:635)
    at java.util.Scanner.<init>(Scanner.java:629)
    at org.apache.accumulo.core.util.shell.Shell.start(Shell.java:319)
05:20:22.035 [pool-49-thread-1] INFO  f.i.l.c.t.SpecificationTestCasesListener - Tests run finished (290 ms)
<> Total tests run: 1
<> Ignored tests: 0
<> Failed tests: 1
~ execFileTest(org.apache.accumulo.core.util.shell.ShellTest)
[src/test/resources/shelltest.txt (No such file or directory)]
java.io.FileNotFoundException: src/test/resources/shelltest.txt (No such file or directory)    at java.io.FileInputStream.open0(Native Method)
    at java.io.FileInputStream.open(FileInputStream.java:195)
    at java.io.FileInputStream.<init>(FileInputStream.java:138)
    at java.util.Scanner.<init>(Scanner.java:635)
    at java.util.Scanner.<init>(Scanner.java:629)
    at org.apache.accumulo.core.util.shell.Shell.start(Shell.java:319)

java.io.FileNotFoundException: src/test/resources/shelltest.txt (No such file or directory)
    at java.io.FileInputStream.open0(Native Method)
    at java.io.FileInputStream.open(FileInputStream.java:195)
    at java.io.FileInputStream.<init>(FileInputStream.java:138)
    at java.util.Scanner.<init>(Scanner.java:635)
    at java.util.Scanner.<init>(Scanner.java:629)
    at org.apache.accumulo.core.util.shell.Shell.start(Shell.java:319)
05:20:22.037 [pool-50-thread-1] INFO  f.i.l.c.t.SpecificationTestCasesListener - Tests run finished (1 ms)
<> Total tests run: 1
<> Ignored tests: 0
<> Failed tests: 1
~ execFileTest(org.apache.accumulo.core.util.shell.ShellTest)
[src/test/resources/shelltest.txt (No such file or directory)]
java.io.FileNotFoundException: src/test/resources/shelltest.txt (No such file or directory)    at java.io.FileInputStream.open0(Native Method)
    at java.io.FileInputStream.open(FileInputStream.java:195)
    at java.io.FileInputStream.<init>(FileInputStream.java:138)
    at java.util.Scanner.<init>(Scanner.java:635)
    at java.util.Scanner.<init>(Scanner.java:629)
    at org.apache.accumulo.core.util.shell.Shell.start(Shell.java:319)

05:20:22.038 [pool-47-thread-1] DEBUG tests.output - Failing tests with false: 
[execFileTest(org.apache.accumulo.core.util.shell.ShellTest): src/test/resources/shelltest.txt (No such file or directory)]
05:20:22.038 [pool-47-thread-1] DEBUG tests.output - Failing tests with true: 
[execFileTest(org.apache.accumulo.core.util.shell.ShellTest): src/test/resources/shelltest.txt (No such file or directory)]
05:20:22.038 [pool-47-thread-1] INFO  f.i.l.r.n.synth.SMTNopolSynthesizer - Not enough specifications: 0. A trivial patch is "true" or "false", please write new tests specifying SourceLocation org.apache.accumulo.core.util.shell.Shell:419.
05:20:22.038 [pool-2-thread-1] DEBUG fr.inria.lille.repair.nopol.NoPol - statement #37
05:20:22.038 [pool-2-thread-1] DEBUG fr.inria.lille.repair.nopol.NoPol - Analysing SourceLocation org.apache.accumulo.core.util.shell.Shell:415 which is executed by 1 tests
79851025
05:20:22.243 [pool-2-thread-1] DEBUG fr.inria.lille.repair.nopol.NoPol - looking with class fr.inria.lille.repair.nopol.spoon.smt.ConditionalAdder
[pool-52-thread-1} WARN  org.apache.accumulo.start.classloader.vfs.AccumuloVFSClassLoader  - ignoring classpath entry file:///lib/ext/[^.].*.jar
java.io.FileNotFoundException: src/test/resources/shelltest.txt (No such file or directory)
    at java.io.FileInputStream.open0(Native Method)
    at java.io.FileInputStream.open(FileInputStream.java:195)
    at java.io.FileInputStream.<init>(FileInputStream.java:138)
    at java.util.Scanner.<init>(Scanner.java:635)
    at java.util.Scanner.<init>(Scanner.java:629)
    at org.apache.accumulo.core.util.shell.Shell.start(Shell.java:441)
05:20:22.502 [pool-52-thread-1] INFO  xxl.java.junit.TestCasesListener - Tests run finished (256 ms)
<> Total tests run: 10
<> Ignored tests: 0
<> Failed tests: 1
~ execFileTest(org.apache.accumulo.core.util.shell.ShellTest)
[src/test/resources/shelltest.txt (No such file or directory)]
java.io.FileNotFoundException: src/test/resources/shelltest.txt (No such file or directory)    at java.io.FileInputStream.open0(Native Method)
    at java.io.FileInputStream.open(FileInputStream.java:195)
    at java.io.FileInputStream.<init>(FileInputStream.java:138)
    at java.util.Scanner.<init>(Scanner.java:635)
    at java.util.Scanner.<init>(Scanner.java:629)
    at org.apache.accumulo.core.util.shell.Shell.start(Shell.java:441)

java.io.FileNotFoundException: src/test/resources/shelltest.txt (No such file or directory)
    at java.io.FileInputStream.open0(Native Method)
    at java.io.FileInputStream.open(FileInputStream.java:195)
    at java.io.FileInputStream.<init>(FileInputStream.java:138)
    at java.util.Scanner.<init>(Scanner.java:635)
    at java.util.Scanner.<init>(Scanner.java:629)
    at org.apache.accumulo.core.util.shell.Shell.start(Shell.java:319)
05:20:23.467 [pool-53-thread-1] INFO  f.i.l.c.t.SpecificationTestCasesListener - Tests run finished (166 ms)
<> Total tests run: 1
<> Ignored tests: 0
<> Failed tests: 1
~ execFileTest(org.apache.accumulo.core.util.shell.ShellTest)
[src/test/resources/shelltest.txt (No such file or directory)]
java.io.FileNotFoundException: src/test/resources/shelltest.txt (No such file or directory)    at java.io.FileInputStream.open0(Native Method)
    at java.io.FileInputStream.open(FileInputStream.java:195)
    at java.io.FileInputStream.<init>(FileInputStream.java:138)
    at java.util.Scanner.<init>(Scanner.java:635)
    at java.util.Scanner.<init>(Scanner.java:629)
    at org.apache.accumulo.core.util.shell.Shell.start(Shell.java:319)

java.io.FileNotFoundException: src/test/resources/shelltest.txt (No such file or directory)
    at java.io.FileInputStream.open0(Native Method)
    at java.io.FileInputStream.open(FileInputStream.java:195)
    at java.io.FileInputStream.<init>(FileInputStream.java:138)
    at java.util.Scanner.<init>(Scanner.java:635)
    at java.util.Scanner.<init>(Scanner.java:629)
    at org.apache.accumulo.core.util.shell.Shell.start(Shell.java:319)
05:20:23.470 [pool-54-thread-1] INFO  f.i.l.c.t.SpecificationTestCasesListener - Tests run finished (2 ms)
<> Total tests run: 1
<> Ignored tests: 0
<> Failed tests: 1
~ execFileTest(org.apache.accumulo.core.util.shell.ShellTest)
[src/test/resources/shelltest.txt (No such file or directory)]
java.io.FileNotFoundException: src/test/resources/shelltest.txt (No such file or directory)    at java.io.FileInputStream.open0(Native Method)
    at java.io.FileInputStream.open(FileInputStream.java:195)
    at java.io.FileInputStream.<init>(FileInputStream.java:138)
    at java.util.Scanner.<init>(Scanner.java:635)
    at java.util.Scanner.<init>(Scanner.java:629)
    at org.apache.accumulo.core.util.shell.Shell.start(Shell.java:319)

05:20:23.470 [pool-51-thread-1] DEBUG tests.output - Failing tests with false: 
[execFileTest(org.apache.accumulo.core.util.shell.ShellTest): src/test/resources/shelltest.txt (No such file or directory)]
05:20:23.470 [pool-51-thread-1] DEBUG tests.output - Failing tests with true: 
[execFileTest(org.apache.accumulo.core.util.shell.ShellTest): src/test/resources/shelltest.txt (No such file or directory)]
05:20:23.470 [pool-51-thread-1] INFO  f.i.l.r.n.synth.SMTNopolSynthesizer - Not enough specifications: 0. A trivial patch is "true" or "false", please write new tests specifying SourceLocation org.apache.accumulo.core.util.shell.Shell:415.
05:20:23.470 [pool-2-thread-1] DEBUG fr.inria.lille.repair.nopol.NoPol - looking with class fr.inria.lille.repair.nopol.spoon.smt.ConditionalReplacer
[pool-56-thread-1} WARN  org.apache.accumulo.start.classloader.vfs.AccumuloVFSClassLoader  - ignoring classpath entry file:///lib/ext/[^.].*.jar
java.io.FileNotFoundException: src/test/resources/shelltest.txt (No such file or directory)
    at java.io.FileInputStream.open0(Native Method)
    at java.io.FileInputStream.open(FileInputStream.java:195)
    at java.io.FileInputStream.<init>(FileInputStream.java:138)
    at java.util.Scanner.<init>(Scanner.java:635)
    at java.util.Scanner.<init>(Scanner.java:629)
    at org.apache.accumulo.core.util.shell.Shell.start(Shell.java:441)
05:20:23.724 [pool-56-thread-1] INFO  xxl.java.junit.TestCasesListener - Tests run finished (251 ms)
<> Total tests run: 10
<> Ignored tests: 0
<> Failed tests: 1
~ execFileTest(org.apache.accumulo.core.util.shell.ShellTest)
[src/test/resources/shelltest.txt (No such file or directory)]
java.io.FileNotFoundException: src/test/resources/shelltest.txt (No such file or directory)    at java.io.FileInputStream.open0(Native Method)
    at java.io.FileInputStream.open(FileInputStream.java:195)
    at java.io.FileInputStream.<init>(FileInputStream.java:138)
    at java.util.Scanner.<init>(Scanner.java:635)
    at java.util.Scanner.<init>(Scanner.java:629)
    at org.apache.accumulo.core.util.shell.Shell.start(Shell.java:441)

java.io.FileNotFoundException: src/test/resources/shelltest.txt (No such file or directory)
    at java.io.FileInputStream.open0(Native Method)
    at java.io.FileInputStream.open(FileInputStream.java:195)
    at java.io.FileInputStream.<init>(FileInputStream.java:138)
    at java.util.Scanner.<init>(Scanner.java:635)
    at java.util.Scanner.<init>(Scanner.java:629)
    at org.apache.accumulo.core.util.shell.Shell.start(Shell.java:319)
05:20:24.667 [pool-57-thread-1] INFO  f.i.l.c.t.SpecificationTestCasesListener - Tests run finished (161 ms)
<> Total tests run: 1
<> Ignored tests: 0
<> Failed tests: 1
~ execFileTest(org.apache.accumulo.core.util.shell.ShellTest)
[src/test/resources/shelltest.txt (No such file or directory)]
java.io.FileNotFoundException: src/test/resources/shelltest.txt (No such file or directory)    at java.io.FileInputStream.open0(Native Method)
    at java.io.FileInputStream.open(FileInputStream.java:195)
    at java.io.FileInputStream.<init>(FileInputStream.java:138)
    at java.util.Scanner.<init>(Scanner.java:635)
    at java.util.Scanner.<init>(Scanner.java:629)
    at org.apache.accumulo.core.util.shell.Shell.start(Shell.java:319)

java.lang.AssertionError: expected:<0> but was:<1>
    at org.junit.Assert.fail(Assert.java:88)
    at org.junit.Assert.failNotEquals(Assert.java:743)
    at org.junit.Assert.assertEquals(Assert.java:118)
    at org.junit.Assert.assertEquals(Assert.java:555)
    at org.junit.Assert.assertEquals(Assert.java:542)
    at org.apache.accumulo.core.util.shell.ShellTest.execFileTest(ShellTest.java:216)
05:20:24.669 [pool-58-thread-1] INFO  f.i.l.c.t.SpecificationTestCasesListener - Tests run finished (2 ms)
<> Total tests run: 1
<> Ignored tests: 0
<> Failed tests: 1
~ execFileTest(org.apache.accumulo.core.util.shell.ShellTest)
[expected:<0> but was:<1>]
java.lang.AssertionError: expected:<0> but was:<1>    at org.junit.Assert.fail(Assert.java:88)
    at org.junit.Assert.failNotEquals(Assert.java:743)
    at org.junit.Assert.assertEquals(Assert.java:118)
    at org.junit.Assert.assertEquals(Assert.java:555)
    at org.junit.Assert.assertEquals(Assert.java:542)
    at org.apache.accumulo.core.util.shell.ShellTest.execFileTest(ShellTest.java:216)

05:20:24.669 [pool-55-thread-1] DEBUG tests.output - Failing tests with false: 
[execFileTest(org.apache.accumulo.core.util.shell.ShellTest): src/test/resources/shelltest.txt (No such file or directory)]
05:20:24.669 [pool-55-thread-1] DEBUG tests.output - Failing tests with true: 
[execFileTest(org.apache.accumulo.core.util.shell.ShellTest): expected:<0> but was:<1>]
05:20:24.669 [pool-55-thread-1] INFO  f.i.l.r.n.synth.SMTNopolSynthesizer - Not enough specifications: 0. A trivial patch is "true" or "false", please write new tests specifying SourceLocation org.apache.accumulo.core.util.shell.Shell:415.
05:20:24.669 [pool-2-thread-1] DEBUG fr.inria.lille.repair.nopol.NoPol - statement #38
05:20:24.669 [pool-2-thread-1] DEBUG fr.inria.lille.repair.nopol.NoPol - Analysing SourceLocation org.apache.accumulo.core.util.shell.Shell:323 which is executed by 1 tests
79851025
05:20:24.866 [pool-2-thread-1] DEBUG fr.inria.lille.repair.nopol.NoPol - looking with class fr.inria.lille.repair.nopol.spoon.smt.ConditionalAdder
[pool-60-thread-1} WARN  org.apache.accumulo.start.classloader.vfs.AccumuloVFSClassLoader  - ignoring classpath entry file:///lib/ext/[^.].*.jar
java.io.FileNotFoundException: src/test/resources/shelltest.txt (No such file or directory)
    at java.io.FileInputStream.open0(Native Method)
    at java.io.FileInputStream.open(FileInputStream.java:195)
    at java.io.FileInputStream.<init>(FileInputStream.java:138)
    at java.util.Scanner.<init>(Scanner.java:635)
    at java.util.Scanner.<init>(Scanner.java:629)
    at org.apache.accumulo.core.util.shell.Shell.start(Shell.java:441)
05:20:25.124 [pool-60-thread-1] INFO  xxl.java.junit.TestCasesListener - Tests run finished (255 ms)
<> Total tests run: 10
<> Ignored tests: 0
<> Failed tests: 1
~ execFileTest(org.apache.accumulo.core.util.shell.ShellTest)
[src/test/resources/shelltest.txt (No such file or directory)]
java.io.FileNotFoundException: src/test/resources/shelltest.txt (No such file or directory)    at java.io.FileInputStream.open0(Native Method)
    at java.io.FileInputStream.open(FileInputStream.java:195)
    at java.io.FileInputStream.<init>(FileInputStream.java:138)
    at java.util.Scanner.<init>(Scanner.java:635)
    at java.util.Scanner.<init>(Scanner.java:629)
    at org.apache.accumulo.core.util.shell.Shell.start(Shell.java:441)

java.io.FileNotFoundException: src/test/resources/shelltest.txt (No such file or directory)
    at java.io.FileInputStream.open0(Native Method)
    at java.io.FileInputStream.open(FileInputStream.java:195)
    at java.io.FileInputStream.<init>(FileInputStream.java:138)
    at java.util.Scanner.<init>(Scanner.java:635)
    at java.util.Scanner.<init>(Scanner.java:629)
    at org.apache.accumulo.core.util.shell.Shell.start(Shell.java:326)
05:20:26.077 [pool-61-thread-1] INFO  f.i.l.c.t.SpecificationTestCasesListener - Tests run finished (163 ms)
<> Total tests run: 1
<> Ignored tests: 0
<> Failed tests: 1
~ execFileTest(org.apache.accumulo.core.util.shell.ShellTest)
[src/test/resources/shelltest.txt (No such file or directory)]
java.io.FileNotFoundException: src/test/resources/shelltest.txt (No such file or directory)    at java.io.FileInputStream.open0(Native Method)
    at java.io.FileInputStream.open(FileInputStream.java:195)
    at java.io.FileInputStream.<init>(FileInputStream.java:138)
    at java.util.Scanner.<init>(Scanner.java:635)
    at java.util.Scanner.<init>(Scanner.java:629)
    at org.apache.accumulo.core.util.shell.Shell.start(Shell.java:326)

java.io.FileNotFoundException: src/test/resources/shelltest.txt (No such file or directory)
    at java.io.FileInputStream.open0(Native Method)
    at java.io.FileInputStream.open(FileInputStream.java:195)
    at java.io.FileInputStream.<init>(FileInputStream.java:138)
    at java.util.Scanner.<init>(Scanner.java:635)
    at java.util.Scanner.<init>(Scanner.java:629)
    at org.apache.accumulo.core.util.shell.Shell.start(Shell.java:326)
05:20:26.079 [pool-62-thread-1] INFO  f.i.l.c.t.SpecificationTestCasesListener - Tests run finished (1 ms)
<> Total tests run: 1
<> Ignored tests: 0
<> Failed tests: 1
~ execFileTest(org.apache.accumulo.core.util.shell.ShellTest)
[src/test/resources/shelltest.txt (No such file or directory)]
java.io.FileNotFoundException: src/test/resources/shelltest.txt (No such file or directory)    at java.io.FileInputStream.open0(Native Method)
    at java.io.FileInputStream.open(FileInputStream.java:195)
    at java.io.FileInputStream.<init>(FileInputStream.java:138)
    at java.util.Scanner.<init>(Scanner.java:635)
    at java.util.Scanner.<init>(Scanner.java:629)
    at org.apache.accumulo.core.util.shell.Shell.start(Shell.java:326)

05:20:26.080 [pool-59-thread-1] DEBUG tests.output - Failing tests with false: 
[execFileTest(org.apache.accumulo.core.util.shell.ShellTest): src/test/resources/shelltest.txt (No such file or directory)]
05:20:26.080 [pool-59-thread-1] DEBUG tests.output - Failing tests with true: 
[execFileTest(org.apache.accumulo.core.util.shell.ShellTest): src/test/resources/shelltest.txt (No such file or directory)]
05:20:26.080 [pool-59-thread-1] INFO  f.i.l.r.n.synth.SMTNopolSynthesizer - Not enough specifications: 0. A trivial patch is "true" or "false", please write new tests specifying SourceLocation org.apache.accumulo.core.util.shell.Shell:323.
05:20:26.080 [pool-2-thread-1] DEBUG fr.inria.lille.repair.nopol.NoPol - statement #39
05:20:26.080 [pool-2-thread-1] DEBUG fr.inria.lille.repair.nopol.NoPol - Analysing SourceLocation org.apache.accumulo.core.util.shell.Shell:322 which is executed by 1 tests
79851025
05:20:26.275 [pool-2-thread-1] DEBUG fr.inria.lille.repair.nopol.NoPol - looking with class fr.inria.lille.repair.nopol.spoon.smt.ConditionalAdder
[pool-64-thread-1} WARN  org.apache.accumulo.start.classloader.vfs.AccumuloVFSClassLoader  - ignoring classpath entry file:///lib/ext/[^.].*.jar
java.io.FileNotFoundException: src/test/resources/shelltest.txt (No such file or directory)
    at java.io.FileInputStream.open0(Native Method)
    at java.io.FileInputStream.open(FileInputStream.java:195)
    at java.io.FileInputStream.<init>(FileInputStream.java:138)
    at java.util.Scanner.<init>(Scanner.java:635)
    at java.util.Scanner.<init>(Scanner.java:629)
    at org.apache.accumulo.core.util.shell.Shell.start(Shell.java:441)
05:20:26.536 [pool-64-thread-1] INFO  xxl.java.junit.TestCasesListener - Tests run finished (258 ms)
<> Total tests run: 10
<> Ignored tests: 0
<> Failed tests: 1
~ execFileTest(org.apache.accumulo.core.util.shell.ShellTest)
[src/test/resources/shelltest.txt (No such file or directory)]
java.io.FileNotFoundException: src/test/resources/shelltest.txt (No such file or directory)    at java.io.FileInputStream.open0(Native Method)
    at java.io.FileInputStream.open(FileInputStream.java:195)
    at java.io.FileInputStream.<init>(FileInputStream.java:138)
    at java.util.Scanner.<init>(Scanner.java:635)
    at java.util.Scanner.<init>(Scanner.java:629)
    at org.apache.accumulo.core.util.shell.Shell.start(Shell.java:441)

05:20:27.493 [pool-65-thread-1] INFO  f.i.l.c.t.SpecificationTestCasesListener - Tests run finished (168 ms)
<> Total tests run: 1
<> Ignored tests: 0
<> Failed tests: 0

java.io.FileNotFoundException: src/test/resources/shelltest.txt (No such file or directory)
    at java.io.FileInputStream.open0(Native Method)
    at java.io.FileInputStream.open(FileInputStream.java:195)
    at java.io.FileInputStream.<init>(FileInputStream.java:138)
    at java.util.Scanner.<init>(Scanner.java:635)
    at java.util.Scanner.<init>(Scanner.java:629)
    at org.apache.accumulo.core.util.shell.Shell.start(Shell.java:326)
05:20:27.496 [pool-66-thread-1] INFO  f.i.l.c.t.SpecificationTestCasesListener - Tests run finished (2 ms)
<> Total tests run: 1
<> Ignored tests: 0
<> Failed tests: 1
~ execFileTest(org.apache.accumulo.core.util.shell.ShellTest)
[src/test/resources/shelltest.txt (No such file or directory)]
java.io.FileNotFoundException: src/test/resources/shelltest.txt (No such file or directory)    at java.io.FileInputStream.open0(Native Method)
    at java.io.FileInputStream.open(FileInputStream.java:195)
    at java.io.FileInputStream.<init>(FileInputStream.java:138)
    at java.util.Scanner.<init>(Scanner.java:635)
    at java.util.Scanner.<init>(Scanner.java:629)
    at org.apache.accumulo.core.util.shell.Shell.start(Shell.java:326)

05:20:27.498 [pool-67-thread-1] INFO  f.i.l.r.n.s.ConstraintModelBuilder$1PassingListener - Tests run finished (2 ms)
<> Total tests run: 1
<> Ignored tests: 0
<> Failed tests: 0

java.io.FileNotFoundException: src/test/resources/shelltest.txt (No such file or directory)
    at java.io.FileInputStream.open0(Native Method)
    at java.io.FileInputStream.open(FileInputStream.java:195)
    at java.io.FileInputStream.<init>(FileInputStream.java:138)
    at java.util.Scanner.<init>(Scanner.java:635)
    at java.util.Scanner.<init>(Scanner.java:629)
    at org.apache.accumulo.core.util.shell.Shell.start(Shell.java:326)
05:20:27.500 [pool-68-thread-1] INFO  f.i.l.r.n.s.ConstraintModelBuilder$1PassingListener - Tests run finished (1 ms)
<> Total tests run: 1
<> Ignored tests: 0
<> Failed tests: 1
~ execFileTest(org.apache.accumulo.core.util.shell.ShellTest)
[src/test/resources/shelltest.txt (No such file or directory)]
java.io.FileNotFoundException: src/test/resources/shelltest.txt (No such file or directory)    at java.io.FileInputStream.open0(Native Method)
    at java.io.FileInputStream.open(FileInputStream.java:195)
    at java.io.FileInputStream.<init>(FileInputStream.java:138)
    at java.util.Scanner.<init>(Scanner.java:635)
    at java.util.Scanner.<init>(Scanner.java:629)
    at org.apache.accumulo.core.util.shell.Shell.start(Shell.java:326)

05:20:27.500 [pool-63-thread-1] INFO  f.i.l.r.n.synth.SMTNopolSynthesizer - Not enough specifications: 1. A trivial patch is "true" or "false", please write new tests specifying SourceLocation org.apache.accumulo.core.util.shell.Shell:322.
05:20:27.500 [pool-2-thread-1] DEBUG fr.inria.lille.repair.nopol.NoPol - statement #40
05:20:27.500 [pool-2-thread-1] DEBUG fr.inria.lille.repair.nopol.NoPol - Analysing SourceLocation org.apache.accumulo.core.client.mapreduce.RangeInputSplit:291 which is executed by 2 tests
2032158318
05:20:27.674 [pool-2-thread-1] DEBUG fr.inria.lille.repair.nopol.NoPol - statement #41
05:20:27.674 [pool-2-thread-1] DEBUG fr.inria.lille.repair.nopol.NoPol - Analysing SourceLocation org.apache.accumulo.core.client.mapreduce.RangeInputSplit:290 which is executed by 2 tests
2032158318
05:20:27.847 [pool-2-thread-1] DEBUG fr.inria.lille.repair.nopol.NoPol - looking with class fr.inria.lille.repair.nopol.spoon.smt.ConditionalAdder
java.lang.AssertionError: expected:<table> but was:<null>
    at org.junit.Assert.fail(Assert.java:88)
    at org.junit.Assert.failNotEquals(Assert.java:743)
    at org.junit.Assert.assertEquals(Assert.java:118)
    at org.junit.Assert.assertEquals(Assert.java:144)
    at org.apache.accumulo.core.client.mapreduce.RangeInputSplitTest.testAllFieldsWritable(RangeInputSplitTest.java:108)
    at sun.reflect.NativeMethodAccessorImpl.invoke0(Native Method)
05:20:27.902 [pool-70-thread-1] INFO  xxl.java.junit.TestCasesListener - Tests run finished (50 ms)
<> Total tests run: 2
<> Ignored tests: 0
<> Failed tests: 1
~ testAllFieldsWritable(org.apache.accumulo.core.client.mapreduce.RangeInputSplitTest)
[expected:<table> but was:<null>]
java.lang.AssertionError: expected:<table> but was:<null>    at org.junit.Assert.fail(Assert.java:88)
    at org.junit.Assert.failNotEquals(Assert.java:743)
    at org.junit.Assert.assertEquals(Assert.java:118)
    at org.junit.Assert.assertEquals(Assert.java:144)
    at org.apache.accumulo.core.client.mapreduce.RangeInputSplitTest.testAllFieldsWritable(RangeInputSplitTest.java:108)
    at sun.reflect.NativeMethodAccessorImpl.invoke0(Native Method)

java.io.EOFException
    at java.io.DataInputStream.readFully(DataInputStream.java:197)
    at java.io.DataInputStream.readFully(DataInputStream.java:169)
    at org.apache.hadoop.io.WritableUtils.readString(WritableUtils.java:116)
    at org.apache.accumulo.core.client.IteratorSetting.readFields(IteratorSetting.java:359)
    at org.apache.accumulo.core.client.IteratorSetting.<init>(IteratorSetting.java:194)
    at org.apache.accumulo.core.client.mapreduce.RangeInputSplit.readFields(RangeInputSplit.java:166)
05:20:28.186 [pool-71-thread-1] INFO  f.i.l.c.t.SpecificationTestCasesListener - Tests run finished (51 ms)
<> Total tests run: 1
<> Ignored tests: 0
<> Failed tests: 1
~ testAllFieldsWritable(org.apache.accumulo.core.client.mapreduce.RangeInputSplitTest)
[null]
java.io.EOFException    at java.io.DataInputStream.readFully(DataInputStream.java:197)
    at java.io.DataInputStream.readFully(DataInputStream.java:169)
    at org.apache.hadoop.io.WritableUtils.readString(WritableUtils.java:116)
    at org.apache.accumulo.core.client.IteratorSetting.readFields(IteratorSetting.java:359)
    at org.apache.accumulo.core.client.IteratorSetting.<init>(IteratorSetting.java:194)
    at org.apache.accumulo.core.client.mapreduce.RangeInputSplit.readFields(RangeInputSplit.java:166)

java.lang.AssertionError: expected:<table> but was:<null>
    at org.junit.Assert.fail(Assert.java:88)
    at org.junit.Assert.failNotEquals(Assert.java:743)
    at org.junit.Assert.assertEquals(Assert.java:118)
    at org.junit.Assert.assertEquals(Assert.java:144)
    at org.apache.accumulo.core.client.mapreduce.RangeInputSplitTest.testAllFieldsWritable(RangeInputSplitTest.java:108)
    at sun.reflect.NativeMethodAccessorImpl.invoke0(Native Method)
05:20:28.188 [pool-72-thread-1] INFO  f.i.l.c.t.SpecificationTestCasesListener - Tests run finished (1 ms)
<> Total tests run: 1
<> Ignored tests: 0
<> Failed tests: 1
~ testAllFieldsWritable(org.apache.accumulo.core.client.mapreduce.RangeInputSplitTest)
[expected:<table> but was:<null>]
java.lang.AssertionError: expected:<table> but was:<null>    at org.junit.Assert.fail(Assert.java:88)
    at org.junit.Assert.failNotEquals(Assert.java:743)
    at org.junit.Assert.assertEquals(Assert.java:118)
    at org.junit.Assert.assertEquals(Assert.java:144)
    at org.apache.accumulo.core.client.mapreduce.RangeInputSplitTest.testAllFieldsWritable(RangeInputSplitTest.java:108)
    at sun.reflect.NativeMethodAccessorImpl.invoke0(Native Method)

05:20:28.188 [pool-69-thread-1] DEBUG tests.output - Failing tests with false: 
[testAllFieldsWritable(org.apache.accumulo.core.client.mapreduce.RangeInputSplitTest): null]
05:20:28.188 [pool-69-thread-1] DEBUG tests.output - Failing tests with true: 
[testAllFieldsWritable(org.apache.accumulo.core.client.mapreduce.RangeInputSplitTest): expected:<table> but was:<null>]
05:20:28.188 [pool-69-thread-1] INFO  f.i.l.r.n.synth.SMTNopolSynthesizer - Not enough specifications: 0. A trivial patch is "true" or "false", please write new tests specifying SourceLocation org.apache.accumulo.core.client.mapreduce.RangeInputSplit:290.
05:20:28.188 [pool-2-thread-1] DEBUG fr.inria.lille.repair.nopol.NoPol - statement #42
05:20:28.189 [pool-2-thread-1] DEBUG fr.inria.lille.repair.nopol.NoPol - Analysing SourceLocation org.apache.accumulo.core.client.mapreduce.RangeInputSplit:252 which is executed by 2 tests
2032158318
05:20:28.362 [pool-2-thread-1] DEBUG fr.inria.lille.repair.nopol.NoPol - looking with class fr.inria.lille.repair.nopol.spoon.smt.ConditionalAdder
java.lang.AssertionError: expected:<table> but was:<null>
    at org.junit.Assert.fail(Assert.java:88)
    at org.junit.Assert.failNotEquals(Assert.java:743)
    at org.junit.Assert.assertEquals(Assert.java:118)
    at org.junit.Assert.assertEquals(Assert.java:144)
    at org.apache.accumulo.core.client.mapreduce.RangeInputSplitTest.testAllFieldsWritable(RangeInputSplitTest.java:108)
    at sun.reflect.NativeMethodAccessorImpl.invoke0(Native Method)
05:20:28.419 [pool-74-thread-1] INFO  xxl.java.junit.TestCasesListener - Tests run finished (50 ms)
<> Total tests run: 2
<> Ignored tests: 0
<> Failed tests: 1
~ testAllFieldsWritable(org.apache.accumulo.core.client.mapreduce.RangeInputSplitTest)
[expected:<table> but was:<null>]
java.lang.AssertionError: expected:<table> but was:<null>    at org.junit.Assert.fail(Assert.java:88)
    at org.junit.Assert.failNotEquals(Assert.java:743)
    at org.junit.Assert.assertEquals(Assert.java:118)
    at org.junit.Assert.assertEquals(Assert.java:144)
    at org.apache.accumulo.core.client.mapreduce.RangeInputSplitTest.testAllFieldsWritable(RangeInputSplitTest.java:108)
    at sun.reflect.NativeMethodAccessorImpl.invoke0(Native Method)

java.io.EOFException
    at java.io.DataInputStream.readFully(DataInputStream.java:197)
    at java.io.DataInputStream.readUTF(DataInputStream.java:609)
    at java.io.DataInputStream.readUTF(DataInputStream.java:564)
    at org.apache.accumulo.core.client.mapreduce.RangeInputSplit.readFields(RangeInputSplit.java:135)
    at org.apache.accumulo.core.client.mapreduce.RangeInputSplitTest.testAllFieldsWritable(RangeInputSplitTest.java:103)
    at sun.reflect.NativeMethodAccessorImpl.invoke0(Native Method)
05:20:28.701 [pool-75-thread-1] INFO  f.i.l.c.t.SpecificationTestCasesListener - Tests run finished (50 ms)
<> Total tests run: 1
<> Ignored tests: 0
<> Failed tests: 1
~ testAllFieldsWritable(org.apache.accumulo.core.client.mapreduce.RangeInputSplitTest)
[null]
java.io.EOFException    at java.io.DataInputStream.readFully(DataInputStream.java:197)
    at java.io.DataInputStream.readUTF(DataInputStream.java:609)
    at java.io.DataInputStream.readUTF(DataInputStream.java:564)
    at org.apache.accumulo.core.client.mapreduce.RangeInputSplit.readFields(RangeInputSplit.java:135)
    at org.apache.accumulo.core.client.mapreduce.RangeInputSplitTest.testAllFieldsWritable(RangeInputSplitTest.java:103)
    at sun.reflect.NativeMethodAccessorImpl.invoke0(Native Method)

java.lang.AssertionError: expected:<table> but was:<null>
    at org.junit.Assert.fail(Assert.java:88)
    at org.junit.Assert.failNotEquals(Assert.java:743)
    at org.junit.Assert.assertEquals(Assert.java:118)
    at org.junit.Assert.assertEquals(Assert.java:144)
    at org.apache.accumulo.core.client.mapreduce.RangeInputSplitTest.testAllFieldsWritable(RangeInputSplitTest.java:108)
    at sun.reflect.NativeMethodAccessorImpl.invoke0(Native Method)
05:20:28.703 [pool-76-thread-1] INFO  f.i.l.c.t.SpecificationTestCasesListener - Tests run finished (1 ms)
<> Total tests run: 1
<> Ignored tests: 0
<> Failed tests: 1
~ testAllFieldsWritable(org.apache.accumulo.core.client.mapreduce.RangeInputSplitTest)
[expected:<table> but was:<null>]
java.lang.AssertionError: expected:<table> but was:<null>    at org.junit.Assert.fail(Assert.java:88)
    at org.junit.Assert.failNotEquals(Assert.java:743)
    at org.junit.Assert.assertEquals(Assert.java:118)
    at org.junit.Assert.assertEquals(Assert.java:144)
    at org.apache.accumulo.core.client.mapreduce.RangeInputSplitTest.testAllFieldsWritable(RangeInputSplitTest.java:108)
    at sun.reflect.NativeMethodAccessorImpl.invoke0(Native Method)

05:20:28.703 [pool-73-thread-1] DEBUG tests.output - Failing tests with false: 
[testAllFieldsWritable(org.apache.accumulo.core.client.mapreduce.RangeInputSplitTest): null]
05:20:28.703 [pool-73-thread-1] DEBUG tests.output - Failing tests with true: 
[testAllFieldsWritable(org.apache.accumulo.core.client.mapreduce.RangeInputSplitTest): expected:<table> but was:<null>]
05:20:28.703 [pool-73-thread-1] INFO  f.i.l.r.n.synth.SMTNopolSynthesizer - Not enough specifications: 0. A trivial patch is "true" or "false", please write new tests specifying SourceLocation org.apache.accumulo.core.client.mapreduce.RangeInputSplit:252.
05:20:28.703 [pool-2-thread-1] DEBUG fr.inria.lille.repair.nopol.NoPol - statement #43
05:20:28.704 [pool-2-thread-1] DEBUG fr.inria.lille.repair.nopol.NoPol - Analysing SourceLocation org.apache.accumulo.core.client.mapreduce.RangeInputSplit:211 which is executed by 2 tests
2032158318
05:20:28.899 [pool-2-thread-1] DEBUG fr.inria.lille.repair.nopol.NoPol - looking with class fr.inria.lille.repair.nopol.spoon.smt.ConditionalAdder
java.lang.AssertionError: expected:<table> but was:<null>
    at org.junit.Assert.fail(Assert.java:88)
    at org.junit.Assert.failNotEquals(Assert.java:743)
    at org.junit.Assert.assertEquals(Assert.java:118)
    at org.junit.Assert.assertEquals(Assert.java:144)
    at org.apache.accumulo.core.client.mapreduce.RangeInputSplitTest.testAllFieldsWritable(RangeInputSplitTest.java:108)
    at sun.reflect.NativeMethodAccessorImpl.invoke0(Native Method)
05:20:28.955 [pool-78-thread-1] INFO  xxl.java.junit.TestCasesListener - Tests run finished (51 ms)
<> Total tests run: 2
<> Ignored tests: 0
<> Failed tests: 1
~ testAllFieldsWritable(org.apache.accumulo.core.client.mapreduce.RangeInputSplitTest)
[expected:<table> but was:<null>]
java.lang.AssertionError: expected:<table> but was:<null>    at org.junit.Assert.fail(Assert.java:88)
    at org.junit.Assert.failNotEquals(Assert.java:743)
    at org.junit.Assert.assertEquals(Assert.java:118)
    at org.junit.Assert.assertEquals(Assert.java:144)
    at org.apache.accumulo.core.client.mapreduce.RangeInputSplitTest.testAllFieldsWritable(RangeInputSplitTest.java:108)
    at sun.reflect.NativeMethodAccessorImpl.invoke0(Native Method)

java.lang.AssertionError: expected:<table> but was:<null>
    at org.junit.Assert.fail(Assert.java:88)
    at org.junit.Assert.failNotEquals(Assert.java:743)
    at org.junit.Assert.assertEquals(Assert.java:118)
    at org.junit.Assert.assertEquals(Assert.java:144)
    at org.apache.accumulo.core.client.mapreduce.RangeInputSplitTest.testAllFieldsWritable(RangeInputSplitTest.java:108)
    at sun.reflect.NativeMethodAccessorImpl.invoke0(Native Method)
05:20:29.235 [pool-79-thread-1] INFO  f.i.l.c.t.SpecificationTestCasesListener - Tests run finished (50 ms)
<> Total tests run: 1
<> Ignored tests: 0
<> Failed tests: 1
~ testAllFieldsWritable(org.apache.accumulo.core.client.mapreduce.RangeInputSplitTest)
[expected:<table> but was:<null>]
java.lang.AssertionError: expected:<table> but was:<null>    at org.junit.Assert.fail(Assert.java:88)
    at org.junit.Assert.failNotEquals(Assert.java:743)
    at org.junit.Assert.assertEquals(Assert.java:118)
    at org.junit.Assert.assertEquals(Assert.java:144)
    at org.apache.accumulo.core.client.mapreduce.RangeInputSplitTest.testAllFieldsWritable(RangeInputSplitTest.java:108)
    at sun.reflect.NativeMethodAccessorImpl.invoke0(Native Method)

java.lang.AssertionError: expected:<table> but was:<null>
    at org.junit.Assert.fail(Assert.java:88)
    at org.junit.Assert.failNotEquals(Assert.java:743)
    at org.junit.Assert.assertEquals(Assert.java:118)
    at org.junit.Assert.assertEquals(Assert.java:144)
    at org.apache.accumulo.core.client.mapreduce.RangeInputSplitTest.testAllFieldsWritable(RangeInputSplitTest.java:108)
    at sun.reflect.NativeMethodAccessorImpl.invoke0(Native Method)
05:20:29.237 [pool-80-thread-1] INFO  f.i.l.c.t.SpecificationTestCasesListener - Tests run finished (1 ms)
<> Total tests run: 1
<> Ignored tests: 0
<> Failed tests: 1
~ testAllFieldsWritable(org.apache.accumulo.core.client.mapreduce.RangeInputSplitTest)
[expected:<table> but was:<null>]
java.lang.AssertionError: expected:<table> but was:<null>    at org.junit.Assert.fail(Assert.java:88)
    at org.junit.Assert.failNotEquals(Assert.java:743)
    at org.junit.Assert.assertEquals(Assert.java:118)
    at org.junit.Assert.assertEquals(Assert.java:144)
    at org.apache.accumulo.core.client.mapreduce.RangeInputSplitTest.testAllFieldsWritable(RangeInputSplitTest.java:108)
    at sun.reflect.NativeMethodAccessorImpl.invoke0(Native Method)

05:20:29.237 [pool-77-thread-1] DEBUG tests.output - Failing tests with false: 
[testAllFieldsWritable(org.apache.accumulo.core.client.mapreduce.RangeInputSplitTest): expected:<table> but was:<null>]
05:20:29.237 [pool-77-thread-1] DEBUG tests.output - Failing tests with true: 
[testAllFieldsWritable(org.apache.accumulo.core.client.mapreduce.RangeInputSplitTest): expected:<table> but was:<null>]
05:20:29.237 [pool-77-thread-1] INFO  f.i.l.r.n.synth.SMTNopolSynthesizer - Not enough specifications: 0. A trivial patch is "true" or "false", please write new tests specifying SourceLocation org.apache.accumulo.core.client.mapreduce.RangeInputSplit:211.
05:20:29.237 [pool-2-thread-1] DEBUG fr.inria.lille.repair.nopol.NoPol - statement #44
05:20:29.237 [pool-2-thread-1] DEBUG fr.inria.lille.repair.nopol.NoPol - Analysing SourceLocation org.apache.accumulo.core.client.mapreduce.RangeInputSplit:172 which is executed by 2 tests
2032158318
05:20:29.411 [pool-2-thread-1] DEBUG fr.inria.lille.repair.nopol.NoPol - looking with class fr.inria.lille.repair.nopol.spoon.smt.ConditionalAdder
java.lang.AssertionError: expected:<table> but was:<null>
    at org.junit.Assert.fail(Assert.java:88)
    at org.junit.Assert.failNotEquals(Assert.java:743)
    at org.junit.Assert.assertEquals(Assert.java:118)
    at org.junit.Assert.assertEquals(Assert.java:144)
    at org.apache.accumulo.core.client.mapreduce.RangeInputSplitTest.testAllFieldsWritable(RangeInputSplitTest.java:108)
    at sun.reflect.NativeMethodAccessorImpl.invoke0(Native Method)
05:20:29.465 [pool-82-thread-1] INFO  xxl.java.junit.TestCasesListener - Tests run finished (49 ms)
<> Total tests run: 2
<> Ignored tests: 0
<> Failed tests: 1
~ testAllFieldsWritable(org.apache.accumulo.core.client.mapreduce.RangeInputSplitTest)
[expected:<table> but was:<null>]
java.lang.AssertionError: expected:<table> but was:<null>    at org.junit.Assert.fail(Assert.java:88)
    at org.junit.Assert.failNotEquals(Assert.java:743)
    at org.junit.Assert.assertEquals(Assert.java:118)
    at org.junit.Assert.assertEquals(Assert.java:144)
    at org.apache.accumulo.core.client.mapreduce.RangeInputSplitTest.testAllFieldsWritable(RangeInputSplitTest.java:108)
    at sun.reflect.NativeMethodAccessorImpl.invoke0(Native Method)

java.io.EOFException
    at java.io.DataInputStream.readFully(DataInputStream.java:197)
    at java.io.DataInputStream.readUTF(DataInputStream.java:609)
    at java.io.DataInputStream.readUTF(DataInputStream.java:564)
    at org.apache.accumulo.core.client.mapreduce.RangeInputSplit.readFields(RangeInputSplit.java:176)
    at org.apache.accumulo.core.client.mapreduce.RangeInputSplitTest.testAllFieldsWritable(RangeInputSplitTest.java:103)
    at sun.reflect.NativeMethodAccessorImpl.invoke0(Native Method)
05:20:29.742 [pool-83-thread-1] INFO  f.i.l.c.t.SpecificationTestCasesListener - Tests run finished (49 ms)
<> Total tests run: 1
<> Ignored tests: 0
<> Failed tests: 1
~ testAllFieldsWritable(org.apache.accumulo.core.client.mapreduce.RangeInputSplitTest)
[null]
java.io.EOFException    at java.io.DataInputStream.readFully(DataInputStream.java:197)
    at java.io.DataInputStream.readUTF(DataInputStream.java:609)
    at java.io.DataInputStream.readUTF(DataInputStream.java:564)
    at org.apache.accumulo.core.client.mapreduce.RangeInputSplit.readFields(RangeInputSplit.java:176)
    at org.apache.accumulo.core.client.mapreduce.RangeInputSplitTest.testAllFieldsWritable(RangeInputSplitTest.java:103)
    at sun.reflect.NativeMethodAccessorImpl.invoke0(Native Method)

java.lang.AssertionError: expected:<table> but was:<null>
    at org.junit.Assert.fail(Assert.java:88)
    at org.junit.Assert.failNotEquals(Assert.java:743)
    at org.junit.Assert.assertEquals(Assert.java:118)
    at org.junit.Assert.assertEquals(Assert.java:144)
    at org.apache.accumulo.core.client.mapreduce.RangeInputSplitTest.testAllFieldsWritable(RangeInputSplitTest.java:108)
    at sun.reflect.NativeMethodAccessorImpl.invoke0(Native Method)
05:20:29.744 [pool-84-thread-1] INFO  f.i.l.c.t.SpecificationTestCasesListener - Tests run finished (1 ms)
<> Total tests run: 1
<> Ignored tests: 0
<> Failed tests: 1
~ testAllFieldsWritable(org.apache.accumulo.core.client.mapreduce.RangeInputSplitTest)
[expected:<table> but was:<null>]
java.lang.AssertionError: expected:<table> but was:<null>    at org.junit.Assert.fail(Assert.java:88)
    at org.junit.Assert.failNotEquals(Assert.java:743)
    at org.junit.Assert.assertEquals(Assert.java:118)
    at org.junit.Assert.assertEquals(Assert.java:144)
    at org.apache.accumulo.core.client.mapreduce.RangeInputSplitTest.testAllFieldsWritable(RangeInputSplitTest.java:108)
    at sun.reflect.NativeMethodAccessorImpl.invoke0(Native Method)

05:20:29.745 [pool-81-thread-1] DEBUG tests.output - Failing tests with false: 
[testAllFieldsWritable(org.apache.accumulo.core.client.mapreduce.RangeInputSplitTest): null]
05:20:29.745 [pool-81-thread-1] DEBUG tests.output - Failing tests with true: 
[testAllFieldsWritable(org.apache.accumulo.core.client.mapreduce.RangeInputSplitTest): expected:<table> but was:<null>]
05:20:29.745 [pool-81-thread-1] INFO  f.i.l.r.n.synth.SMTNopolSynthesizer - Not enough specifications: 0. A trivial patch is "true" or "false", please write new tests specifying SourceLocation org.apache.accumulo.core.client.mapreduce.RangeInputSplit:172.
05:20:29.745 [pool-2-thread-1] DEBUG fr.inria.lille.repair.nopol.NoPol - statement #45
05:20:29.745 [pool-2-thread-1] DEBUG fr.inria.lille.repair.nopol.NoPol - Analysing SourceLocation org.apache.commons.cli.Option:640 which is executed by 2 tests
05:20:29.745 [pool-2-thread-1] DEBUG fr.inria.lille.repair.nopol.NoPol - cannot spoon SourceLocation org.apache.commons.cli.Option:640
05:20:29.745 [pool-2-thread-1] DEBUG fr.inria.lille.repair.nopol.NoPol - statement #46
05:20:29.745 [pool-2-thread-1] DEBUG fr.inria.lille.repair.nopol.NoPol - Analysing SourceLocation org.apache.commons.cli.Option:638 which is executed by 2 tests
05:20:29.745 [pool-2-thread-1] DEBUG fr.inria.lille.repair.nopol.NoPol - cannot spoon SourceLocation org.apache.commons.cli.Option:638
05:20:29.745 [pool-2-thread-1] DEBUG fr.inria.lille.repair.nopol.NoPol - statement #47
05:20:29.745 [pool-2-thread-1] DEBUG fr.inria.lille.repair.nopol.NoPol - Analysing SourceLocation org.apache.commons.cli.Option:635 which is executed by 2 tests
05:20:29.745 [pool-2-thread-1] DEBUG fr.inria.lille.repair.nopol.NoPol - cannot spoon SourceLocation org.apache.commons.cli.Option:635
05:20:29.745 [pool-2-thread-1] DEBUG fr.inria.lille.repair.nopol.NoPol - statement #48
05:20:29.745 [pool-2-thread-1] DEBUG fr.inria.lille.repair.nopol.NoPol - Analysing SourceLocation org.apache.commons.cli.Option:630 which is executed by 2 tests
05:20:29.745 [pool-2-thread-1] DEBUG fr.inria.lille.repair.nopol.NoPol - cannot spoon SourceLocation org.apache.commons.cli.Option:630
05:20:29.745 [pool-2-thread-1] DEBUG fr.inria.lille.repair.nopol.NoPol - statement #49
05:20:29.745 [pool-2-thread-1] DEBUG fr.inria.lille.repair.nopol.NoPol - Analysing SourceLocation org.apache.accumulo.core.util.shell.Shell:966 which is executed by 2 tests
79851025
05:20:29.945 [pool-2-thread-1] DEBUG fr.inria.lille.repair.nopol.NoPol - statement #50
05:20:29.945 [pool-2-thread-1] DEBUG fr.inria.lille.repair.nopol.NoPol - Analysing SourceLocation org.apache.log4j.Level:140 which is executed by 4 tests
05:20:29.945 [pool-2-thread-1] DEBUG fr.inria.lille.repair.nopol.NoPol - cannot spoon SourceLocation org.apache.log4j.Level:140
05:20:29.945 [pool-2-thread-1] DEBUG fr.inria.lille.repair.nopol.NoPol - statement #51
05:20:29.945 [pool-2-thread-1] DEBUG fr.inria.lille.repair.nopol.NoPol - Analysing SourceLocation org.apache.commons.cli.Parser:427 which is executed by 4 tests
05:20:29.945 [pool-2-thread-1] DEBUG fr.inria.lille.repair.nopol.NoPol - cannot spoon SourceLocation org.apache.commons.cli.Parser:427
05:20:29.945 [pool-2-thread-1] DEBUG fr.inria.lille.repair.nopol.NoPol - statement #52
05:20:29.945 [pool-2-thread-1] DEBUG fr.inria.lille.repair.nopol.NoPol - Analysing SourceLocation org.apache.commons.cli.Parser:422 which is executed by 4 tests
05:20:29.945 [pool-2-thread-1] DEBUG fr.inria.lille.repair.nopol.NoPol - cannot spoon SourceLocation org.apache.commons.cli.Parser:422
05:20:29.945 [pool-2-thread-1] DEBUG fr.inria.lille.repair.nopol.NoPol - statement #53
05:20:29.945 [pool-2-thread-1] DEBUG fr.inria.lille.repair.nopol.NoPol - Analysing SourceLocation org.apache.commons.cli.Parser:420 which is executed by 4 tests
05:20:29.945 [pool-2-thread-1] DEBUG fr.inria.lille.repair.nopol.NoPol - cannot spoon SourceLocation org.apache.commons.cli.Parser:420
05:20:29.945 [pool-2-thread-1] DEBUG fr.inria.lille.repair.nopol.NoPol - statement #54
05:20:29.945 [pool-2-thread-1] DEBUG fr.inria.lille.repair.nopol.NoPol - Analysing SourceLocation org.apache.commons.cli.OptionGroup:106 which is executed by 4 tests
05:20:29.945 [pool-2-thread-1] DEBUG fr.inria.lille.repair.nopol.NoPol - cannot spoon SourceLocation org.apache.commons.cli.OptionGroup:106
05:20:29.945 [pool-2-thread-1] DEBUG fr.inria.lille.repair.nopol.NoPol - statement #55
05:20:29.945 [pool-2-thread-1] DEBUG fr.inria.lille.repair.nopol.NoPol - Analysing SourceLocation org.apache.commons.cli.OptionGroup:100 which is executed by 4 tests
05:20:29.945 [pool-2-thread-1] DEBUG fr.inria.lille.repair.nopol.NoPol - cannot spoon SourceLocation org.apache.commons.cli.OptionGroup:100
05:20:29.945 [pool-2-thread-1] DEBUG fr.inria.lille.repair.nopol.NoPol - statement #56
05:20:29.945 [pool-2-thread-1] DEBUG fr.inria.lille.repair.nopol.NoPol - Analysing SourceLocation org.apache.commons.cli.OptionGroup:98 which is executed by 4 tests
05:20:29.945 [pool-2-thread-1] DEBUG fr.inria.lille.repair.nopol.NoPol - cannot spoon SourceLocation org.apache.commons.cli.OptionGroup:98
05:20:29.945 [pool-2-thread-1] DEBUG fr.inria.lille.repair.nopol.NoPol - statement #57
05:20:29.945 [pool-2-thread-1] DEBUG fr.inria.lille.repair.nopol.NoPol - Analysing SourceLocation org.apache.hadoop.io.WritableUtils:41 which is executed by 5 tests
05:20:29.946 [pool-2-thread-1] DEBUG fr.inria.lille.repair.nopol.NoPol - cannot spoon SourceLocation org.apache.hadoop.io.WritableUtils:41
05:20:29.946 [pool-2-thread-1] DEBUG fr.inria.lille.repair.nopol.NoPol - statement #58
05:20:29.946 [pool-2-thread-1] DEBUG fr.inria.lille.repair.nopol.NoPol - Analysing SourceLocation org.apache.accumulo.core.client.mapreduce.lib.util.InputConfigurator:264 which is executed by 5 tests
-630495232
05:20:30.130 [pool-2-thread-1] DEBUG fr.inria.lille.repair.nopol.NoPol - statement #59
05:20:30.130 [pool-2-thread-1] DEBUG fr.inria.lille.repair.nopol.NoPol - Analysing SourceLocation org.apache.accumulo.core.client.mapreduce.lib.util.InputConfigurator:263 which is executed by 5 tests
-630495232
05:20:30.312 [pool-2-thread-1] DEBUG fr.inria.lille.repair.nopol.NoPol - looking with class fr.inria.lille.repair.nopol.spoon.smt.ConditionalAdder
java.lang.AssertionError: expected:<table> but was:<null>
    at org.junit.Assert.fail(Assert.java:88)
    at org.junit.Assert.failNotEquals(Assert.java:743)
    at org.junit.Assert.assertEquals(Assert.java:118)
    at org.junit.Assert.assertEquals(Assert.java:144)
    at org.apache.accumulo.core.client.mapreduce.RangeInputSplitTest.testAllFieldsWritable(RangeInputSplitTest.java:108)
    at sun.reflect.NativeMethodAccessorImpl.invoke0(Native Method)
05:20:30.368 [pool-86-thread-1] INFO  xxl.java.junit.TestCasesListener - Tests run finished (51 ms)
<> Total tests run: 2
<> Ignored tests: 0
<> Failed tests: 1
~ testAllFieldsWritable(org.apache.accumulo.core.client.mapreduce.RangeInputSplitTest)
[expected:<table> but was:<null>]
java.lang.AssertionError: expected:<table> but was:<null>    at org.junit.Assert.fail(Assert.java:88)
    at org.junit.Assert.failNotEquals(Assert.java:743)
    at org.junit.Assert.assertEquals(Assert.java:118)
    at org.junit.Assert.assertEquals(Assert.java:144)
    at org.apache.accumulo.core.client.mapreduce.RangeInputSplitTest.testAllFieldsWritable(RangeInputSplitTest.java:108)
    at sun.reflect.NativeMethodAccessorImpl.invoke0(Native Method)

java.lang.AssertionError: expected:<table> but was:<null>
    at org.junit.Assert.fail(Assert.java:88)
    at org.junit.Assert.failNotEquals(Assert.java:743)
    at org.junit.Assert.assertEquals(Assert.java:118)
    at org.junit.Assert.assertEquals(Assert.java:144)
    at org.apache.accumulo.core.client.mapreduce.RangeInputSplitTest.testAllFieldsWritable(RangeInputSplitTest.java:108)
    at sun.reflect.NativeMethodAccessorImpl.invoke0(Native Method)
05:20:30.669 [pool-87-thread-1] INFO  f.i.l.c.t.SpecificationTestCasesListener - Tests run finished (51 ms)
<> Total tests run: 1
<> Ignored tests: 0
<> Failed tests: 1
~ testAllFieldsWritable(org.apache.accumulo.core.client.mapreduce.RangeInputSplitTest)
[expected:<table> but was:<null>]
java.lang.AssertionError: expected:<table> but was:<null>    at org.junit.Assert.fail(Assert.java:88)
    at org.junit.Assert.failNotEquals(Assert.java:743)
    at org.junit.Assert.assertEquals(Assert.java:118)
    at org.junit.Assert.assertEquals(Assert.java:144)
    at org.apache.accumulo.core.client.mapreduce.RangeInputSplitTest.testAllFieldsWritable(RangeInputSplitTest.java:108)
    at sun.reflect.NativeMethodAccessorImpl.invoke0(Native Method)

java.lang.AssertionError: expected:<table> but was:<null>
    at org.junit.Assert.fail(Assert.java:88)
    at org.junit.Assert.failNotEquals(Assert.java:743)
    at org.junit.Assert.assertEquals(Assert.java:118)
    at org.junit.Assert.assertEquals(Assert.java:144)
    at org.apache.accumulo.core.client.mapreduce.RangeInputSplitTest.testAllFieldsWritable(RangeInputSplitTest.java:108)
    at sun.reflect.NativeMethodAccessorImpl.invoke0(Native Method)
05:20:30.670 [pool-88-thread-1] INFO  f.i.l.c.t.SpecificationTestCasesListener - Tests run finished (1 ms)
<> Total tests run: 1
<> Ignored tests: 0
<> Failed tests: 1
~ testAllFieldsWritable(org.apache.accumulo.core.client.mapreduce.RangeInputSplitTest)
[expected:<table> but was:<null>]
java.lang.AssertionError: expected:<table> but was:<null>    at org.junit.Assert.fail(Assert.java:88)
    at org.junit.Assert.failNotEquals(Assert.java:743)
    at org.junit.Assert.assertEquals(Assert.java:118)
    at org.junit.Assert.assertEquals(Assert.java:144)
    at org.apache.accumulo.core.client.mapreduce.RangeInputSplitTest.testAllFieldsWritable(RangeInputSplitTest.java:108)
    at sun.reflect.NativeMethodAccessorImpl.invoke0(Native Method)

05:20:30.670 [pool-85-thread-1] DEBUG tests.output - Failing tests with false: 
[testAllFieldsWritable(org.apache.accumulo.core.client.mapreduce.RangeInputSplitTest): expected:<table> but was:<null>]
05:20:30.671 [pool-85-thread-1] DEBUG tests.output - Failing tests with true: 
[testAllFieldsWritable(org.apache.accumulo.core.client.mapreduce.RangeInputSplitTest): expected:<table> but was:<null>]
05:20:30.671 [pool-85-thread-1] INFO  f.i.l.r.n.synth.SMTNopolSynthesizer - Not enough specifications: 0. A trivial patch is "true" or "false", please write new tests specifying SourceLocation org.apache.accumulo.core.client.mapreduce.lib.util.InputConfigurator:263.
05:20:30.671 [pool-2-thread-1] DEBUG fr.inria.lille.repair.nopol.NoPol - statement #60
05:20:30.671 [pool-2-thread-1] DEBUG fr.inria.lille.repair.nopol.NoPol - Analysing SourceLocation org.apache.accumulo.core.client.mapreduce.lib.util.InputConfigurator:262 which is executed by 5 tests
-630495232
05:20:30.847 [pool-2-thread-1] DEBUG fr.inria.lille.repair.nopol.NoPol - statement #61
05:20:30.847 [pool-2-thread-1] DEBUG fr.inria.lille.repair.nopol.NoPol - Analysing SourceLocation org.apache.accumulo.core.client.mapreduce.lib.util.InputConfigurator:261 which is executed by 5 tests
-630495232
05:20:31.024 [pool-2-thread-1] DEBUG fr.inria.lille.repair.nopol.NoPol - statement #62
05:20:31.024 [pool-2-thread-1] DEBUG fr.inria.lille.repair.nopol.NoPol - Analysing SourceLocation org.apache.accumulo.core.client.mapreduce.lib.util.InputConfigurator:260 which is executed by 5 tests
-630495232
05:20:31.202 [pool-2-thread-1] DEBUG fr.inria.lille.repair.nopol.NoPol - statement #63
05:20:31.202 [pool-2-thread-1] DEBUG fr.inria.lille.repair.nopol.NoPol - Analysing SourceLocation org.apache.accumulo.core.client.mapreduce.lib.util.InputConfigurator:223 which is executed by 5 tests
-630495232
05:20:31.381 [pool-2-thread-1] DEBUG fr.inria.lille.repair.nopol.NoPol - statement #64
05:20:31.382 [pool-2-thread-1] DEBUG fr.inria.lille.repair.nopol.NoPol - Analysing SourceLocation org.apache.accumulo.core.client.mapreduce.lib.util.InputConfigurator:222 which is executed by 5 tests
-630495232
05:20:31.559 [pool-2-thread-1] DEBUG fr.inria.lille.repair.nopol.NoPol - looking with class fr.inria.lille.repair.nopol.spoon.smt.ConditionalAdder
java.lang.AssertionError: expected:<table> but was:<null>
    at org.junit.Assert.fail(Assert.java:88)
    at org.junit.Assert.failNotEquals(Assert.java:743)
    at org.junit.Assert.assertEquals(Assert.java:118)
    at org.junit.Assert.assertEquals(Assert.java:144)
    at org.apache.accumulo.core.client.mapreduce.RangeInputSplitTest.testAllFieldsWritable(RangeInputSplitTest.java:108)
    at sun.reflect.NativeMethodAccessorImpl.invoke0(Native Method)
05:20:31.613 [pool-90-thread-1] INFO  xxl.java.junit.TestCasesListener - Tests run finished (49 ms)
<> Total tests run: 2
<> Ignored tests: 0
<> Failed tests: 1
~ testAllFieldsWritable(org.apache.accumulo.core.client.mapreduce.RangeInputSplitTest)
[expected:<table> but was:<null>]
java.lang.AssertionError: expected:<table> but was:<null>    at org.junit.Assert.fail(Assert.java:88)
    at org.junit.Assert.failNotEquals(Assert.java:743)
    at org.junit.Assert.assertEquals(Assert.java:118)
    at org.junit.Assert.assertEquals(Assert.java:144)
    at org.apache.accumulo.core.client.mapreduce.RangeInputSplitTest.testAllFieldsWritable(RangeInputSplitTest.java:108)
    at sun.reflect.NativeMethodAccessorImpl.invoke0(Native Method)

java.lang.AssertionError: expected:<table> but was:<null>
    at org.junit.Assert.fail(Assert.java:88)
    at org.junit.Assert.failNotEquals(Assert.java:743)
    at org.junit.Assert.assertEquals(Assert.java:118)
    at org.junit.Assert.assertEquals(Assert.java:144)
    at org.apache.accumulo.core.client.mapreduce.RangeInputSplitTest.testAllFieldsWritable(RangeInputSplitTest.java:108)
    at sun.reflect.NativeMethodAccessorImpl.invoke0(Native Method)
05:20:31.903 [pool-91-thread-1] INFO  f.i.l.c.t.SpecificationTestCasesListener - Tests run finished (51 ms)
<> Total tests run: 1
<> Ignored tests: 0
<> Failed tests: 1
~ testAllFieldsWritable(org.apache.accumulo.core.client.mapreduce.RangeInputSplitTest)
[expected:<table> but was:<null>]
java.lang.AssertionError: expected:<table> but was:<null>    at org.junit.Assert.fail(Assert.java:88)
    at org.junit.Assert.failNotEquals(Assert.java:743)
    at org.junit.Assert.assertEquals(Assert.java:118)
    at org.junit.Assert.assertEquals(Assert.java:144)
    at org.apache.accumulo.core.client.mapreduce.RangeInputSplitTest.testAllFieldsWritable(RangeInputSplitTest.java:108)
    at sun.reflect.NativeMethodAccessorImpl.invoke0(Native Method)

java.lang.AssertionError: expected:<table> but was:<null>
    at org.junit.Assert.fail(Assert.java:88)
    at org.junit.Assert.failNotEquals(Assert.java:743)
    at org.junit.Assert.assertEquals(Assert.java:118)
    at org.junit.Assert.assertEquals(Assert.java:144)
    at org.apache.accumulo.core.client.mapreduce.RangeInputSplitTest.testAllFieldsWritable(RangeInputSplitTest.java:108)
    at sun.reflect.NativeMethodAccessorImpl.invoke0(Native Method)
05:20:31.904 [pool-92-thread-1] INFO  f.i.l.c.t.SpecificationTestCasesListener - Tests run finished (1 ms)
<> Total tests run: 1
<> Ignored tests: 0
<> Failed tests: 1
~ testAllFieldsWritable(org.apache.accumulo.core.client.mapreduce.RangeInputSplitTest)
[expected:<table> but was:<null>]
java.lang.AssertionError: expected:<table> but was:<null>    at org.junit.Assert.fail(Assert.java:88)
    at org.junit.Assert.failNotEquals(Assert.java:743)
    at org.junit.Assert.assertEquals(Assert.java:118)
    at org.junit.Assert.assertEquals(Assert.java:144)
    at org.apache.accumulo.core.client.mapreduce.RangeInputSplitTest.testAllFieldsWritable(RangeInputSplitTest.java:108)
    at sun.reflect.NativeMethodAccessorImpl.invoke0(Native Method)

05:20:31.904 [pool-89-thread-1] DEBUG tests.output - Failing tests with false: 
[testAllFieldsWritable(org.apache.accumulo.core.client.mapreduce.RangeInputSplitTest): expected:<table> but was:<null>]
05:20:31.904 [pool-89-thread-1] DEBUG tests.output - Failing tests with true: 
[testAllFieldsWritable(org.apache.accumulo.core.client.mapreduce.RangeInputSplitTest): expected:<table> but was:<null>]
05:20:31.904 [pool-89-thread-1] INFO  f.i.l.r.n.synth.SMTNopolSynthesizer - Not enough specifications: 0. A trivial patch is "true" or "false", please write new tests specifying SourceLocation org.apache.accumulo.core.client.mapreduce.lib.util.InputConfigurator:222.
05:20:31.904 [pool-2-thread-1] DEBUG fr.inria.lille.repair.nopol.NoPol - statement #65
05:20:31.904 [pool-2-thread-1] DEBUG fr.inria.lille.repair.nopol.NoPol - Analysing SourceLocation org.apache.accumulo.core.client.mapreduce.lib.util.InputConfigurator:221 which is executed by 5 tests
-630495232
05:20:32.080 [pool-2-thread-1] DEBUG fr.inria.lille.repair.nopol.NoPol - looking with class fr.inria.lille.repair.nopol.spoon.smt.ConditionalAdder
java.lang.AssertionError: expected:<table> but was:<null>
    at org.junit.Assert.fail(Assert.java:88)
    at org.junit.Assert.failNotEquals(Assert.java:743)
    at org.junit.Assert.assertEquals(Assert.java:118)
    at org.junit.Assert.assertEquals(Assert.java:144)
    at org.apache.accumulo.core.client.mapreduce.RangeInputSplitTest.testAllFieldsWritable(RangeInputSplitTest.java:108)
    at sun.reflect.NativeMethodAccessorImpl.invoke0(Native Method)
05:20:32.134 [pool-94-thread-1] INFO  xxl.java.junit.TestCasesListener - Tests run finished (50 ms)
<> Total tests run: 2
<> Ignored tests: 0
<> Failed tests: 1
~ testAllFieldsWritable(org.apache.accumulo.core.client.mapreduce.RangeInputSplitTest)
[expected:<table> but was:<null>]
java.lang.AssertionError: expected:<table> but was:<null>    at org.junit.Assert.fail(Assert.java:88)
    at org.junit.Assert.failNotEquals(Assert.java:743)
    at org.junit.Assert.assertEquals(Assert.java:118)
    at org.junit.Assert.assertEquals(Assert.java:144)
    at org.apache.accumulo.core.client.mapreduce.RangeInputSplitTest.testAllFieldsWritable(RangeInputSplitTest.java:108)
    at sun.reflect.NativeMethodAccessorImpl.invoke0(Native Method)

java.lang.AssertionError: expected:<table> but was:<null>
    at org.junit.Assert.fail(Assert.java:88)
    at org.junit.Assert.failNotEquals(Assert.java:743)
    at org.junit.Assert.assertEquals(Assert.java:118)
    at org.junit.Assert.assertEquals(Assert.java:144)
    at org.apache.accumulo.core.client.mapreduce.RangeInputSplitTest.testAllFieldsWritable(RangeInputSplitTest.java:108)
    at sun.reflect.NativeMethodAccessorImpl.invoke0(Native Method)
05:20:32.447 [pool-95-thread-1] INFO  f.i.l.c.t.SpecificationTestCasesListener - Tests run finished (50 ms)
<> Total tests run: 1
<> Ignored tests: 0
<> Failed tests: 1
~ testAllFieldsWritable(org.apache.accumulo.core.client.mapreduce.RangeInputSplitTest)
[expected:<table> but was:<null>]
java.lang.AssertionError: expected:<table> but was:<null>    at org.junit.Assert.fail(Assert.java:88)
    at org.junit.Assert.failNotEquals(Assert.java:743)
    at org.junit.Assert.assertEquals(Assert.java:118)
    at org.junit.Assert.assertEquals(Assert.java:144)
    at org.apache.accumulo.core.client.mapreduce.RangeInputSplitTest.testAllFieldsWritable(RangeInputSplitTest.java:108)
    at sun.reflect.NativeMethodAccessorImpl.invoke0(Native Method)

java.lang.AssertionError: expected:<table> but was:<null>
    at org.junit.Assert.fail(Assert.java:88)
    at org.junit.Assert.failNotEquals(Assert.java:743)
    at org.junit.Assert.assertEquals(Assert.java:118)
    at org.junit.Assert.assertEquals(Assert.java:144)
    at org.apache.accumulo.core.client.mapreduce.RangeInputSplitTest.testAllFieldsWritable(RangeInputSplitTest.java:108)
    at sun.reflect.NativeMethodAccessorImpl.invoke0(Native Method)
05:20:32.449 [pool-96-thread-1] INFO  f.i.l.c.t.SpecificationTestCasesListener - Tests run finished (1 ms)
<> Total tests run: 1
<> Ignored tests: 0
<> Failed tests: 1
~ testAllFieldsWritable(org.apache.accumulo.core.client.mapreduce.RangeInputSplitTest)
[expected:<table> but was:<null>]
java.lang.AssertionError: expected:<table> but was:<null>    at org.junit.Assert.fail(Assert.java:88)
    at org.junit.Assert.failNotEquals(Assert.java:743)
    at org.junit.Assert.assertEquals(Assert.java:118)
    at org.junit.Assert.assertEquals(Assert.java:144)
    at org.apache.accumulo.core.client.mapreduce.RangeInputSplitTest.testAllFieldsWritable(RangeInputSplitTest.java:108)
    at sun.reflect.NativeMethodAccessorImpl.invoke0(Native Method)

05:20:32.449 [pool-93-thread-1] DEBUG tests.output - Failing tests with false: 
[testAllFieldsWritable(org.apache.accumulo.core.client.mapreduce.RangeInputSplitTest): expected:<table> but was:<null>]
05:20:32.449 [pool-93-thread-1] DEBUG tests.output - Failing tests with true: 
[testAllFieldsWritable(org.apache.accumulo.core.client.mapreduce.RangeInputSplitTest): expected:<table> but was:<null>]
05:20:32.449 [pool-93-thread-1] INFO  f.i.l.r.n.synth.SMTNopolSynthesizer - Not enough specifications: 0. A trivial patch is "true" or "false", please write new tests specifying SourceLocation org.apache.accumulo.core.client.mapreduce.lib.util.InputConfigurator:221.
05:20:32.449 [pool-2-thread-1] DEBUG fr.inria.lille.repair.nopol.NoPol - statement #66
05:20:32.449 [pool-2-thread-1] DEBUG fr.inria.lille.repair.nopol.NoPol - Analysing SourceLocation org.apache.accumulo.core.client.mapreduce.lib.util.InputConfigurator:220 which is executed by 5 tests
-630495232
05:20:32.622 [pool-2-thread-1] DEBUG fr.inria.lille.repair.nopol.NoPol - looking with class fr.inria.lille.repair.nopol.spoon.smt.ConditionalAdder
java.lang.AssertionError: expected:<table> but was:<null>
    at org.junit.Assert.fail(Assert.java:88)
    at org.junit.Assert.failNotEquals(Assert.java:743)
    at org.junit.Assert.assertEquals(Assert.java:118)
    at org.junit.Assert.assertEquals(Assert.java:144)
    at org.apache.accumulo.core.client.mapreduce.RangeInputSplitTest.testAllFieldsWritable(RangeInputSplitTest.java:108)
    at sun.reflect.NativeMethodAccessorImpl.invoke0(Native Method)
05:20:32.674 [pool-98-thread-1] INFO  xxl.java.junit.TestCasesListener - Tests run finished (48 ms)
<> Total tests run: 2
<> Ignored tests: 0
<> Failed tests: 1
~ testAllFieldsWritable(org.apache.accumulo.core.client.mapreduce.RangeInputSplitTest)
[expected:<table> but was:<null>]
java.lang.AssertionError: expected:<table> but was:<null>    at org.junit.Assert.fail(Assert.java:88)
    at org.junit.Assert.failNotEquals(Assert.java:743)
    at org.junit.Assert.assertEquals(Assert.java:118)
    at org.junit.Assert.assertEquals(Assert.java:144)
    at org.apache.accumulo.core.client.mapreduce.RangeInputSplitTest.testAllFieldsWritable(RangeInputSplitTest.java:108)
    at sun.reflect.NativeMethodAccessorImpl.invoke0(Native Method)

java.lang.AssertionError: expected:<table> but was:<null>
    at org.junit.Assert.fail(Assert.java:88)
    at org.junit.Assert.failNotEquals(Assert.java:743)
    at org.junit.Assert.assertEquals(Assert.java:118)
    at org.junit.Assert.assertEquals(Assert.java:144)
    at org.apache.accumulo.core.client.mapreduce.RangeInputSplitTest.testAllFieldsWritable(RangeInputSplitTest.java:108)
    at sun.reflect.NativeMethodAccessorImpl.invoke0(Native Method)
05:20:32.960 [pool-99-thread-1] INFO  f.i.l.c.t.SpecificationTestCasesListener - Tests run finished (50 ms)
<> Total tests run: 1
<> Ignored tests: 0
<> Failed tests: 1
~ testAllFieldsWritable(org.apache.accumulo.core.client.mapreduce.RangeInputSplitTest)
[expected:<table> but was:<null>]
java.lang.AssertionError: expected:<table> but was:<null>    at org.junit.Assert.fail(Assert.java:88)
    at org.junit.Assert.failNotEquals(Assert.java:743)
    at org.junit.Assert.assertEquals(Assert.java:118)
    at org.junit.Assert.assertEquals(Assert.java:144)
    at org.apache.accumulo.core.client.mapreduce.RangeInputSplitTest.testAllFieldsWritable(RangeInputSplitTest.java:108)
    at sun.reflect.NativeMethodAccessorImpl.invoke0(Native Method)

java.lang.AssertionError: expected:<table> but was:<null>
    at org.junit.Assert.fail(Assert.java:88)
    at org.junit.Assert.failNotEquals(Assert.java:743)
    at org.junit.Assert.assertEquals(Assert.java:118)
    at org.junit.Assert.assertEquals(Assert.java:144)
    at org.apache.accumulo.core.client.mapreduce.RangeInputSplitTest.testAllFieldsWritable(RangeInputSplitTest.java:108)
    at sun.reflect.NativeMethodAccessorImpl.invoke0(Native Method)
05:20:32.961 [pool-100-thread-1] INFO  f.i.l.c.t.SpecificationTestCasesListener - Tests run finished (0 ms)
<> Total tests run: 1
<> Ignored tests: 0
<> Failed tests: 1
~ testAllFieldsWritable(org.apache.accumulo.core.client.mapreduce.RangeInputSplitTest)
[expected:<table> but was:<null>]
java.lang.AssertionError: expected:<table> but was:<null>    at org.junit.Assert.fail(Assert.java:88)
    at org.junit.Assert.failNotEquals(Assert.java:743)
    at org.junit.Assert.assertEquals(Assert.java:118)
    at org.junit.Assert.assertEquals(Assert.java:144)
    at org.apache.accumulo.core.client.mapreduce.RangeInputSplitTest.testAllFieldsWritable(RangeInputSplitTest.java:108)
    at sun.reflect.NativeMethodAccessorImpl.invoke0(Native Method)

05:20:32.961 [pool-97-thread-1] DEBUG tests.output - Failing tests with false: 
[testAllFieldsWritable(org.apache.accumulo.core.client.mapreduce.RangeInputSplitTest): expected:<table> but was:<null>]
05:20:32.961 [pool-97-thread-1] DEBUG tests.output - Failing tests with true: 
[testAllFieldsWritable(org.apache.accumulo.core.client.mapreduce.RangeInputSplitTest): expected:<table> but was:<null>]
05:20:32.961 [pool-97-thread-1] INFO  f.i.l.r.n.synth.SMTNopolSynthesizer - Not enough specifications: 0. A trivial patch is "true" or "false", please write new tests specifying SourceLocation org.apache.accumulo.core.client.mapreduce.lib.util.InputConfigurator:220.
05:20:32.962 [pool-2-thread-1] DEBUG fr.inria.lille.repair.nopol.NoPol - looking with class fr.inria.lille.repair.nopol.spoon.smt.ConditionalReplacer
java.lang.AssertionError: expected:<table> but was:<null>
    at org.junit.Assert.fail(Assert.java:88)
    at org.junit.Assert.failNotEquals(Assert.java:743)
    at org.junit.Assert.assertEquals(Assert.java:118)
    at org.junit.Assert.assertEquals(Assert.java:144)
    at org.apache.accumulo.core.client.mapreduce.RangeInputSplitTest.testAllFieldsWritable(RangeInputSplitTest.java:108)
    at sun.reflect.NativeMethodAccessorImpl.invoke0(Native Method)
05:20:33.014 [pool-102-thread-1] INFO  xxl.java.junit.TestCasesListener - Tests run finished (49 ms)
<> Total tests run: 2
<> Ignored tests: 0
<> Failed tests: 1
~ testAllFieldsWritable(org.apache.accumulo.core.client.mapreduce.RangeInputSplitTest)
[expected:<table> but was:<null>]
java.lang.AssertionError: expected:<table> but was:<null>    at org.junit.Assert.fail(Assert.java:88)
    at org.junit.Assert.failNotEquals(Assert.java:743)
    at org.junit.Assert.assertEquals(Assert.java:118)
    at org.junit.Assert.assertEquals(Assert.java:144)
    at org.apache.accumulo.core.client.mapreduce.RangeInputSplitTest.testAllFieldsWritable(RangeInputSplitTest.java:108)
    at sun.reflect.NativeMethodAccessorImpl.invoke0(Native Method)

java.lang.AssertionError: expected:<table> but was:<null>
    at org.junit.Assert.fail(Assert.java:88)
    at org.junit.Assert.failNotEquals(Assert.java:743)
    at org.junit.Assert.assertEquals(Assert.java:118)
    at org.junit.Assert.assertEquals(Assert.java:144)
    at org.apache.accumulo.core.client.mapreduce.RangeInputSplitTest.testAllFieldsWritable(RangeInputSplitTest.java:108)
    at sun.reflect.NativeMethodAccessorImpl.invoke0(Native Method)
05:20:33.300 [pool-103-thread-1] INFO  f.i.l.c.t.SpecificationTestCasesListener - Tests run finished (49 ms)
<> Total tests run: 1
<> Ignored tests: 0
<> Failed tests: 1
~ testAllFieldsWritable(org.apache.accumulo.core.client.mapreduce.RangeInputSplitTest)
[expected:<table> but was:<null>]
java.lang.AssertionError: expected:<table> but was:<null>    at org.junit.Assert.fail(Assert.java:88)
    at org.junit.Assert.failNotEquals(Assert.java:743)
    at org.junit.Assert.assertEquals(Assert.java:118)
    at org.junit.Assert.assertEquals(Assert.java:144)
    at org.apache.accumulo.core.client.mapreduce.RangeInputSplitTest.testAllFieldsWritable(RangeInputSplitTest.java:108)
    at sun.reflect.NativeMethodAccessorImpl.invoke0(Native Method)

java.lang.AssertionError: expected:<table> but was:<null>
    at org.junit.Assert.fail(Assert.java:88)
    at org.junit.Assert.failNotEquals(Assert.java:743)
    at org.junit.Assert.assertEquals(Assert.java:118)
    at org.junit.Assert.assertEquals(Assert.java:144)
    at org.apache.accumulo.core.client.mapreduce.RangeInputSplitTest.testAllFieldsWritable(RangeInputSplitTest.java:108)
    at sun.reflect.NativeMethodAccessorImpl.invoke0(Native Method)
05:20:33.301 [pool-104-thread-1] INFO  f.i.l.c.t.SpecificationTestCasesListener - Tests run finished (0 ms)
<> Total tests run: 1
<> Ignored tests: 0
<> Failed tests: 1
~ testAllFieldsWritable(org.apache.accumulo.core.client.mapreduce.RangeInputSplitTest)
[expected:<table> but was:<null>]
java.lang.AssertionError: expected:<table> but was:<null>    at org.junit.Assert.fail(Assert.java:88)
    at org.junit.Assert.failNotEquals(Assert.java:743)
    at org.junit.Assert.assertEquals(Assert.java:118)
    at org.junit.Assert.assertEquals(Assert.java:144)
    at org.apache.accumulo.core.client.mapreduce.RangeInputSplitTest.testAllFieldsWritable(RangeInputSplitTest.java:108)
    at sun.reflect.NativeMethodAccessorImpl.invoke0(Native Method)

05:20:33.302 [pool-101-thread-1] DEBUG tests.output - Failing tests with false: 
[testAllFieldsWritable(org.apache.accumulo.core.client.mapreduce.RangeInputSplitTest): expected:<table> but was:<null>]
05:20:33.302 [pool-101-thread-1] DEBUG tests.output - Failing tests with true: 
[testAllFieldsWritable(org.apache.accumulo.core.client.mapreduce.RangeInputSplitTest): expected:<table> but was:<null>]
05:20:33.302 [pool-101-thread-1] INFO  f.i.l.r.n.synth.SMTNopolSynthesizer - Not enough specifications: 0. A trivial patch is "true" or "false", please write new tests specifying SourceLocation org.apache.accumulo.core.client.mapreduce.lib.util.InputConfigurator:220.
05:20:33.302 [pool-2-thread-1] DEBUG fr.inria.lille.repair.nopol.NoPol - statement #67
05:20:33.302 [pool-2-thread-1] DEBUG fr.inria.lille.repair.nopol.NoPol - Analysing SourceLocation org.apache.accumulo.core.client.mapreduce.lib.util.InputConfigurator:219 which is executed by 5 tests
-630495232
05:20:33.476 [pool-2-thread-1] DEBUG fr.inria.lille.repair.nopol.NoPol - statement #68
05:20:33.477 [pool-2-thread-1] DEBUG fr.inria.lille.repair.nopol.NoPol - Analysing SourceLocation org.apache.accumulo.core.client.mapreduce.lib.util.InputConfigurator:216 which is executed by 5 tests
-630495232
05:20:33.652 [pool-2-thread-1] DEBUG fr.inria.lille.repair.nopol.NoPol - looking with class fr.inria.lille.repair.nopol.spoon.smt.ConditionalAdder
java.lang.AssertionError: expected:<table> but was:<null>
    at org.junit.Assert.fail(Assert.java:88)
    at org.junit.Assert.failNotEquals(Assert.java:743)
    at org.junit.Assert.assertEquals(Assert.java:118)
    at org.junit.Assert.assertEquals(Assert.java:144)
    at org.apache.accumulo.core.client.mapreduce.RangeInputSplitTest.testAllFieldsWritable(RangeInputSplitTest.java:108)
    at sun.reflect.NativeMethodAccessorImpl.invoke0(Native Method)
05:20:33.707 [pool-106-thread-1] INFO  xxl.java.junit.TestCasesListener - Tests run finished (50 ms)
<> Total tests run: 2
<> Ignored tests: 0
<> Failed tests: 1
~ testAllFieldsWritable(org.apache.accumulo.core.client.mapreduce.RangeInputSplitTest)
[expected:<table> but was:<null>]
java.lang.AssertionError: expected:<table> but was:<null>    at org.junit.Assert.fail(Assert.java:88)
    at org.junit.Assert.failNotEquals(Assert.java:743)
    at org.junit.Assert.assertEquals(Assert.java:118)
    at org.junit.Assert.assertEquals(Assert.java:144)
    at org.apache.accumulo.core.client.mapreduce.RangeInputSplitTest.testAllFieldsWritable(RangeInputSplitTest.java:108)
    at sun.reflect.NativeMethodAccessorImpl.invoke0(Native Method)

java.lang.AssertionError: expected:<table> but was:<null>
    at org.junit.Assert.fail(Assert.java:88)
    at org.junit.Assert.failNotEquals(Assert.java:743)
    at org.junit.Assert.assertEquals(Assert.java:118)
    at org.junit.Assert.assertEquals(Assert.java:144)
    at org.apache.accumulo.core.client.mapreduce.RangeInputSplitTest.testAllFieldsWritable(RangeInputSplitTest.java:108)
    at sun.reflect.NativeMethodAccessorImpl.invoke0(Native Method)
05:20:34.002 [pool-107-thread-1] INFO  f.i.l.c.t.SpecificationTestCasesListener - Tests run finished (50 ms)
<> Total tests run: 1
<> Ignored tests: 0
<> Failed tests: 1
~ testAllFieldsWritable(org.apache.accumulo.core.client.mapreduce.RangeInputSplitTest)
[expected:<table> but was:<null>]
java.lang.AssertionError: expected:<table> but was:<null>    at org.junit.Assert.fail(Assert.java:88)
    at org.junit.Assert.failNotEquals(Assert.java:743)
    at org.junit.Assert.assertEquals(Assert.java:118)
    at org.junit.Assert.assertEquals(Assert.java:144)
    at org.apache.accumulo.core.client.mapreduce.RangeInputSplitTest.testAllFieldsWritable(RangeInputSplitTest.java:108)
    at sun.reflect.NativeMethodAccessorImpl.invoke0(Native Method)

java.lang.AssertionError: expected:<table> but was:<null>
    at org.junit.Assert.fail(Assert.java:88)
    at org.junit.Assert.failNotEquals(Assert.java:743)
    at org.junit.Assert.assertEquals(Assert.java:118)
    at org.junit.Assert.assertEquals(Assert.java:144)
    at org.apache.accumulo.core.client.mapreduce.RangeInputSplitTest.testAllFieldsWritable(RangeInputSplitTest.java:108)
    at sun.reflect.NativeMethodAccessorImpl.invoke0(Native Method)
05:20:34.003 [pool-108-thread-1] INFO  f.i.l.c.t.SpecificationTestCasesListener - Tests run finished (0 ms)
<> Total tests run: 1
<> Ignored tests: 0
<> Failed tests: 1
~ testAllFieldsWritable(org.apache.accumulo.core.client.mapreduce.RangeInputSplitTest)
[expected:<table> but was:<null>]
java.lang.AssertionError: expected:<table> but was:<null>    at org.junit.Assert.fail(Assert.java:88)
    at org.junit.Assert.failNotEquals(Assert.java:743)
    at org.junit.Assert.assertEquals(Assert.java:118)
    at org.junit.Assert.assertEquals(Assert.java:144)
    at org.apache.accumulo.core.client.mapreduce.RangeInputSplitTest.testAllFieldsWritable(RangeInputSplitTest.java:108)
    at sun.reflect.NativeMethodAccessorImpl.invoke0(Native Method)

05:20:34.003 [pool-105-thread-1] DEBUG tests.output - Failing tests with false: 
[testAllFieldsWritable(org.apache.accumulo.core.client.mapreduce.RangeInputSplitTest): expected:<table> but was:<null>]
05:20:34.003 [pool-105-thread-1] DEBUG tests.output - Failing tests with true: 
[testAllFieldsWritable(org.apache.accumulo.core.client.mapreduce.RangeInputSplitTest): expected:<table> but was:<null>]
05:20:34.003 [pool-105-thread-1] INFO  f.i.l.r.n.synth.SMTNopolSynthesizer - Not enough specifications: 0. A trivial patch is "true" or "false", please write new tests specifying SourceLocation org.apache.accumulo.core.client.mapreduce.lib.util.InputConfigurator:216.
05:20:34.003 [pool-2-thread-1] DEBUG fr.inria.lille.repair.nopol.NoPol - looking with class fr.inria.lille.repair.nopol.spoon.smt.ConditionalReplacer
java.lang.AssertionError: expected:<table> but was:<null>
    at org.junit.Assert.fail(Assert.java:88)
    at org.junit.Assert.failNotEquals(Assert.java:743)
    at org.junit.Assert.assertEquals(Assert.java:118)
    at org.junit.Assert.assertEquals(Assert.java:144)
    at org.apache.accumulo.core.client.mapreduce.RangeInputSplitTest.testAllFieldsWritable(RangeInputSplitTest.java:108)
    at sun.reflect.NativeMethodAccessorImpl.invoke0(Native Method)
05:20:34.056 [pool-110-thread-1] INFO  xxl.java.junit.TestCasesListener - Tests run finished (49 ms)
<> Total tests run: 2
<> Ignored tests: 0
<> Failed tests: 1
~ testAllFieldsWritable(org.apache.accumulo.core.client.mapreduce.RangeInputSplitTest)
[expected:<table> but was:<null>]
java.lang.AssertionError: expected:<table> but was:<null>    at org.junit.Assert.fail(Assert.java:88)
    at org.junit.Assert.failNotEquals(Assert.java:743)
    at org.junit.Assert.assertEquals(Assert.java:118)
    at org.junit.Assert.assertEquals(Assert.java:144)
    at org.apache.accumulo.core.client.mapreduce.RangeInputSplitTest.testAllFieldsWritable(RangeInputSplitTest.java:108)
    at sun.reflect.NativeMethodAccessorImpl.invoke0(Native Method)

java.lang.AssertionError: expected:<table> but was:<null>
    at org.junit.Assert.fail(Assert.java:88)
    at org.junit.Assert.failNotEquals(Assert.java:743)
    at org.junit.Assert.assertEquals(Assert.java:118)
    at org.junit.Assert.assertEquals(Assert.java:144)
    at org.apache.accumulo.core.client.mapreduce.RangeInputSplitTest.testAllFieldsWritable(RangeInputSplitTest.java:108)
    at sun.reflect.NativeMethodAccessorImpl.invoke0(Native Method)
05:20:34.342 [pool-111-thread-1] INFO  f.i.l.c.t.SpecificationTestCasesListener - Tests run finished (50 ms)
<> Total tests run: 1
<> Ignored tests: 0
<> Failed tests: 1
~ testAllFieldsWritable(org.apache.accumulo.core.client.mapreduce.RangeInputSplitTest)
[expected:<table> but was:<null>]
java.lang.AssertionError: expected:<table> but was:<null>    at org.junit.Assert.fail(Assert.java:88)
    at org.junit.Assert.failNotEquals(Assert.java:743)
    at org.junit.Assert.assertEquals(Assert.java:118)
    at org.junit.Assert.assertEquals(Assert.java:144)
    at org.apache.accumulo.core.client.mapreduce.RangeInputSplitTest.testAllFieldsWritable(RangeInputSplitTest.java:108)
    at sun.reflect.NativeMethodAccessorImpl.invoke0(Native Method)

java.lang.IllegalArgumentException: Column family can not be null
    at org.apache.accumulo.core.client.mapreduce.lib.util.InputConfigurator.serializeColumns(InputConfigurator.java:89)
    at org.apache.accumulo.core.client.mapreduce.RangeInputSplit.write(RangeInputSplit.java:249)
    at org.apache.accumulo.core.client.mapreduce.RangeInputSplitTest.testAllFieldsWritable(RangeInputSplitTest.java:97)
    at sun.reflect.NativeMethodAccessorImpl.invoke0(Native Method)
    at sun.reflect.NativeMethodAccessorImpl.invoke(NativeMethodAccessorImpl.java:62)
    at sun.reflect.DelegatingMethodAccessorImpl.invoke(DelegatingMethodAccessorImpl.java:43)
05:20:34.343 [pool-112-thread-1] INFO  f.i.l.c.t.SpecificationTestCasesListener - Tests run finished (1 ms)
<> Total tests run: 1
<> Ignored tests: 0
<> Failed tests: 1
~ testAllFieldsWritable(org.apache.accumulo.core.client.mapreduce.RangeInputSplitTest)
[Column family can not be null]
java.lang.IllegalArgumentException: Column family can not be null    at org.apache.accumulo.core.client.mapreduce.lib.util.InputConfigurator.serializeColumns(InputConfigurator.java:89)
    at org.apache.accumulo.core.client.mapreduce.RangeInputSplit.write(RangeInputSplit.java:249)
    at org.apache.accumulo.core.client.mapreduce.RangeInputSplitTest.testAllFieldsWritable(RangeInputSplitTest.java:97)
    at sun.reflect.NativeMethodAccessorImpl.invoke0(Native Method)
    at sun.reflect.NativeMethodAccessorImpl.invoke(NativeMethodAccessorImpl.java:62)
    at sun.reflect.DelegatingMethodAccessorImpl.invoke(DelegatingMethodAccessorImpl.java:43)

05:20:34.343 [pool-109-thread-1] DEBUG tests.output - Failing tests with false: 
[testAllFieldsWritable(org.apache.accumulo.core.client.mapreduce.RangeInputSplitTest): expected:<table> but was:<null>]
05:20:34.343 [pool-109-thread-1] DEBUG tests.output - Failing tests with true: 
[testAllFieldsWritable(org.apache.accumulo.core.client.mapreduce.RangeInputSplitTest): Column family can not be null]
05:20:34.343 [pool-109-thread-1] INFO  f.i.l.r.n.synth.SMTNopolSynthesizer - Not enough specifications: 0. A trivial patch is "true" or "false", please write new tests specifying SourceLocation org.apache.accumulo.core.client.mapreduce.lib.util.InputConfigurator:216.
05:20:34.343 [pool-2-thread-1] DEBUG fr.inria.lille.repair.nopol.NoPol - statement #69
05:20:34.343 [pool-2-thread-1] DEBUG fr.inria.lille.repair.nopol.NoPol - Analysing SourceLocation org.apache.accumulo.core.util.Pair:36 which is executed by 5 tests
2479867
05:20:34.506 [pool-2-thread-1] DEBUG fr.inria.lille.repair.nopol.NoPol - statement #70
05:20:34.506 [pool-2-thread-1] DEBUG fr.inria.lille.repair.nopol.NoPol - Analysing SourceLocation org.apache.accumulo.core.util.Pair:31 which is executed by 5 tests
2479867
05:20:34.666 [pool-2-thread-1] DEBUG fr.inria.lille.repair.nopol.NoPol - statement #71
05:20:34.666 [pool-2-thread-1] DEBUG fr.inria.lille.repair.nopol.NoPol - Analysing SourceLocation org.apache.accumulo.core.util.Pair:29 which is executed by 5 tests
2479867
05:20:34.825 [pool-2-thread-1] DEBUG fr.inria.lille.repair.nopol.NoPol - looking with class fr.inria.lille.repair.nopol.spoon.smt.ConditionalAdder
java.lang.AssertionError: expected:<table> but was:<null>
    at org.junit.Assert.fail(Assert.java:88)
    at org.junit.Assert.failNotEquals(Assert.java:743)
    at org.junit.Assert.assertEquals(Assert.java:118)
    at org.junit.Assert.assertEquals(Assert.java:144)
    at org.apache.accumulo.core.client.mapreduce.RangeInputSplitTest.testAllFieldsWritable(RangeInputSplitTest.java:108)
    at sun.reflect.NativeMethodAccessorImpl.invoke0(Native Method)
05:20:34.878 [pool-114-thread-1] INFO  xxl.java.junit.TestCasesListener - Tests run finished (48 ms)
<> Total tests run: 2
<> Ignored tests: 0
<> Failed tests: 1
~ testAllFieldsWritable(org.apache.accumulo.core.client.mapreduce.RangeInputSplitTest)
[expected:<table> but was:<null>]
java.lang.AssertionError: expected:<table> but was:<null>    at org.junit.Assert.fail(Assert.java:88)
    at org.junit.Assert.failNotEquals(Assert.java:743)
    at org.junit.Assert.assertEquals(Assert.java:118)
    at org.junit.Assert.assertEquals(Assert.java:144)
    at org.apache.accumulo.core.client.mapreduce.RangeInputSplitTest.testAllFieldsWritable(RangeInputSplitTest.java:108)
    at sun.reflect.NativeMethodAccessorImpl.invoke0(Native Method)

java.lang.AssertionError: expected:<table> but was:<null>
    at org.junit.Assert.fail(Assert.java:88)
    at org.junit.Assert.failNotEquals(Assert.java:743)
    at org.junit.Assert.assertEquals(Assert.java:118)
    at org.junit.Assert.assertEquals(Assert.java:144)
    at org.apache.accumulo.core.client.mapreduce.RangeInputSplitTest.testAllFieldsWritable(RangeInputSplitTest.java:108)
    at sun.reflect.NativeMethodAccessorImpl.invoke0(Native Method)
05:20:35.127 [pool-115-thread-1] INFO  f.i.l.c.t.SpecificationTestCasesListener - Tests run finished (52 ms)
<> Total tests run: 1
<> Ignored tests: 0
<> Failed tests: 1
~ testAllFieldsWritable(org.apache.accumulo.core.client.mapreduce.RangeInputSplitTest)
[expected:<table> but was:<null>]
java.lang.AssertionError: expected:<table> but was:<null>    at org.junit.Assert.fail(Assert.java:88)
    at org.junit.Assert.failNotEquals(Assert.java:743)
    at org.junit.Assert.assertEquals(Assert.java:118)
    at org.junit.Assert.assertEquals(Assert.java:144)
    at org.apache.accumulo.core.client.mapreduce.RangeInputSplitTest.testAllFieldsWritable(RangeInputSplitTest.java:108)
    at sun.reflect.NativeMethodAccessorImpl.invoke0(Native Method)

java.lang.AssertionError: expected:<table> but was:<null>
    at org.junit.Assert.fail(Assert.java:88)
    at org.junit.Assert.failNotEquals(Assert.java:743)
    at org.junit.Assert.assertEquals(Assert.java:118)
    at org.junit.Assert.assertEquals(Assert.java:144)
    at org.apache.accumulo.core.client.mapreduce.RangeInputSplitTest.testAllFieldsWritable(RangeInputSplitTest.java:108)
    at sun.reflect.NativeMethodAccessorImpl.invoke0(Native Method)
05:20:35.129 [pool-116-thread-1] INFO  f.i.l.c.t.SpecificationTestCasesListener - Tests run finished (1 ms)
<> Total tests run: 1
<> Ignored tests: 0
<> Failed tests: 1
~ testAllFieldsWritable(org.apache.accumulo.core.client.mapreduce.RangeInputSplitTest)
[expected:<table> but was:<null>]
java.lang.AssertionError: expected:<table> but was:<null>    at org.junit.Assert.fail(Assert.java:88)
    at org.junit.Assert.failNotEquals(Assert.java:743)
    at org.junit.Assert.assertEquals(Assert.java:118)
    at org.junit.Assert.assertEquals(Assert.java:144)
    at org.apache.accumulo.core.client.mapreduce.RangeInputSplitTest.testAllFieldsWritable(RangeInputSplitTest.java:108)
    at sun.reflect.NativeMethodAccessorImpl.invoke0(Native Method)

05:20:35.129 [pool-113-thread-1] DEBUG tests.output - Failing tests with false: 
[testAllFieldsWritable(org.apache.accumulo.core.client.mapreduce.RangeInputSplitTest): expected:<table> but was:<null>]
05:20:35.129 [pool-113-thread-1] DEBUG tests.output - Failing tests with true: 
[testAllFieldsWritable(org.apache.accumulo.core.client.mapreduce.RangeInputSplitTest): expected:<table> but was:<null>]
05:20:35.129 [pool-113-thread-1] INFO  f.i.l.r.n.synth.SMTNopolSynthesizer - Not enough specifications: 0. A trivial patch is "true" or "false", please write new tests specifying SourceLocation org.apache.accumulo.core.util.Pair:29.
05:20:35.129 [pool-2-thread-1] DEBUG fr.inria.lille.repair.nopol.NoPol - looking with class fr.inria.lille.repair.nopol.spoon.smt.ConditionalReplacer
java.lang.AssertionError: expected:<table> but was:<null>
    at org.junit.Assert.fail(Assert.java:88)
    at org.junit.Assert.failNotEquals(Assert.java:743)
    at org.junit.Assert.assertEquals(Assert.java:118)
    at org.junit.Assert.assertEquals(Assert.java:144)
    at org.apache.accumulo.core.client.mapreduce.RangeInputSplitTest.testAllFieldsWritable(RangeInputSplitTest.java:108)
    at sun.reflect.NativeMethodAccessorImpl.invoke0(Native Method)
05:20:35.185 [pool-118-thread-1] INFO  xxl.java.junit.TestCasesListener - Tests run finished (52 ms)
<> Total tests run: 2
<> Ignored tests: 0
<> Failed tests: 1
~ testAllFieldsWritable(org.apache.accumulo.core.client.mapreduce.RangeInputSplitTest)
[expected:<table> but was:<null>]
java.lang.AssertionError: expected:<table> but was:<null>    at org.junit.Assert.fail(Assert.java:88)
    at org.junit.Assert.failNotEquals(Assert.java:743)
    at org.junit.Assert.assertEquals(Assert.java:118)
    at org.junit.Assert.assertEquals(Assert.java:144)
    at org.apache.accumulo.core.client.mapreduce.RangeInputSplitTest.testAllFieldsWritable(RangeInputSplitTest.java:108)
    at sun.reflect.NativeMethodAccessorImpl.invoke0(Native Method)

java.lang.AssertionError: expected:<table> but was:<null>
    at org.junit.Assert.fail(Assert.java:88)
    at org.junit.Assert.failNotEquals(Assert.java:743)
    at org.junit.Assert.assertEquals(Assert.java:118)
    at org.junit.Assert.assertEquals(Assert.java:144)
    at org.apache.accumulo.core.client.mapreduce.RangeInputSplitTest.testAllFieldsWritable(RangeInputSplitTest.java:108)
    at sun.reflect.NativeMethodAccessorImpl.invoke0(Native Method)
05:20:35.426 [pool-119-thread-1] INFO  f.i.l.c.t.SpecificationTestCasesListener - Tests run finished (51 ms)
<> Total tests run: 1
<> Ignored tests: 0
<> Failed tests: 1
~ testAllFieldsWritable(org.apache.accumulo.core.client.mapreduce.RangeInputSplitTest)
[expected:<table> but was:<null>]
java.lang.AssertionError: expected:<table> but was:<null>    at org.junit.Assert.fail(Assert.java:88)
    at org.junit.Assert.failNotEquals(Assert.java:743)
    at org.junit.Assert.assertEquals(Assert.java:118)
    at org.junit.Assert.assertEquals(Assert.java:144)
    at org.apache.accumulo.core.client.mapreduce.RangeInputSplitTest.testAllFieldsWritable(RangeInputSplitTest.java:108)
    at sun.reflect.NativeMethodAccessorImpl.invoke0(Native Method)

java.lang.AssertionError: expected:<table> but was:<null>
    at org.junit.Assert.fail(Assert.java:88)
    at org.junit.Assert.failNotEquals(Assert.java:743)
    at org.junit.Assert.assertEquals(Assert.java:118)
    at org.junit.Assert.assertEquals(Assert.java:144)
    at org.apache.accumulo.core.client.mapreduce.RangeInputSplitTest.testAllFieldsWritable(RangeInputSplitTest.java:108)
    at sun.reflect.NativeMethodAccessorImpl.invoke0(Native Method)
05:20:35.428 [pool-120-thread-1] INFO  f.i.l.c.t.SpecificationTestCasesListener - Tests run finished (1 ms)
<> Total tests run: 1
<> Ignored tests: 0
<> Failed tests: 1
~ testAllFieldsWritable(org.apache.accumulo.core.client.mapreduce.RangeInputSplitTest)
[expected:<table> but was:<null>]
java.lang.AssertionError: expected:<table> but was:<null>    at org.junit.Assert.fail(Assert.java:88)
    at org.junit.Assert.failNotEquals(Assert.java:743)
    at org.junit.Assert.assertEquals(Assert.java:118)
    at org.junit.Assert.assertEquals(Assert.java:144)
    at org.apache.accumulo.core.client.mapreduce.RangeInputSplitTest.testAllFieldsWritable(RangeInputSplitTest.java:108)
    at sun.reflect.NativeMethodAccessorImpl.invoke0(Native Method)

05:20:35.428 [pool-117-thread-1] DEBUG tests.output - Failing tests with false: 
[testAllFieldsWritable(org.apache.accumulo.core.client.mapreduce.RangeInputSplitTest): expected:<table> but was:<null>]
05:20:35.428 [pool-117-thread-1] DEBUG tests.output - Failing tests with true: 
[testAllFieldsWritable(org.apache.accumulo.core.client.mapreduce.RangeInputSplitTest): expected:<table> but was:<null>]
05:20:35.428 [pool-117-thread-1] INFO  f.i.l.r.n.synth.SMTNopolSynthesizer - Not enough specifications: 0. A trivial patch is "true" or "false", please write new tests specifying SourceLocation org.apache.accumulo.core.util.Pair:29.
05:20:35.428 [pool-2-thread-1] DEBUG fr.inria.lille.repair.nopol.NoPol - statement #72
05:20:35.428 [pool-2-thread-1] DEBUG fr.inria.lille.repair.nopol.NoPol - Analysing SourceLocation org.apache.accumulo.core.data.Range:624 which is executed by 6 tests
78727454
05:20:35.602 [pool-2-thread-1] DEBUG fr.inria.lille.repair.nopol.NoPol - looking with class fr.inria.lille.repair.nopol.spoon.smt.ConditionalAdder
java.lang.AssertionError: expected:<table> but was:<null>
    at org.junit.Assert.fail(Assert.java:88)
    at org.junit.Assert.failNotEquals(Assert.java:743)
    at org.junit.Assert.assertEquals(Assert.java:118)
    at org.junit.Assert.assertEquals(Assert.java:144)
    at org.apache.accumulo.core.client.mapreduce.RangeInputSplitTest.testAllFieldsWritable(RangeInputSplitTest.java:108)
    at sun.reflect.NativeMethodAccessorImpl.invoke0(Native Method)
05:20:35.658 [pool-122-thread-1] INFO  xxl.java.junit.TestCasesListener - Tests run finished (51 ms)
<> Total tests run: 2
<> Ignored tests: 0
<> Failed tests: 1
~ testAllFieldsWritable(org.apache.accumulo.core.client.mapreduce.RangeInputSplitTest)
[expected:<table> but was:<null>]
java.lang.AssertionError: expected:<table> but was:<null>    at org.junit.Assert.fail(Assert.java:88)
    at org.junit.Assert.failNotEquals(Assert.java:743)
    at org.junit.Assert.assertEquals(Assert.java:118)
    at org.junit.Assert.assertEquals(Assert.java:144)
    at org.apache.accumulo.core.client.mapreduce.RangeInputSplitTest.testAllFieldsWritable(RangeInputSplitTest.java:108)
    at sun.reflect.NativeMethodAccessorImpl.invoke0(Native Method)

java.lang.NegativeArraySizeException
    at org.apache.accumulo.core.data.Key.readFields(Key.java:530)
    at org.apache.accumulo.core.data.Range.readFields(Range.java:370)
    at org.apache.accumulo.core.client.mapreduce.RangeInputSplit.readFields(RangeInputSplit.java:146)
    at org.apache.accumulo.core.client.mapreduce.RangeInputSplitTest.testAllFieldsWritable(RangeInputSplitTest.java:103)
    at sun.reflect.NativeMethodAccessorImpl.invoke0(Native Method)
    at sun.reflect.NativeMethodAccessorImpl.invoke(NativeMethodAccessorImpl.java:62)
05:20:35.972 [pool-123-thread-1] INFO  f.i.l.c.t.SpecificationTestCasesListener - Tests run finished (51 ms)
<> Total tests run: 1
<> Ignored tests: 0
<> Failed tests: 1
~ testAllFieldsWritable(org.apache.accumulo.core.client.mapreduce.RangeInputSplitTest)
[null]
java.lang.NegativeArraySizeException    at org.apache.accumulo.core.data.Key.readFields(Key.java:530)
    at org.apache.accumulo.core.data.Range.readFields(Range.java:370)
    at org.apache.accumulo.core.client.mapreduce.RangeInputSplit.readFields(RangeInputSplit.java:146)
    at org.apache.accumulo.core.client.mapreduce.RangeInputSplitTest.testAllFieldsWritable(RangeInputSplitTest.java:103)
    at sun.reflect.NativeMethodAccessorImpl.invoke0(Native Method)
    at sun.reflect.NativeMethodAccessorImpl.invoke(NativeMethodAccessorImpl.java:62)

java.lang.AssertionError: expected:<table> but was:<null>
    at org.junit.Assert.fail(Assert.java:88)
    at org.junit.Assert.failNotEquals(Assert.java:743)
    at org.junit.Assert.assertEquals(Assert.java:118)
    at org.junit.Assert.assertEquals(Assert.java:144)
    at org.apache.accumulo.core.client.mapreduce.RangeInputSplitTest.testAllFieldsWritable(RangeInputSplitTest.java:108)
    at sun.reflect.NativeMethodAccessorImpl.invoke0(Native Method)
05:20:35.974 [pool-124-thread-1] INFO  f.i.l.c.t.SpecificationTestCasesListener - Tests run finished (1 ms)
<> Total tests run: 1
<> Ignored tests: 0
<> Failed tests: 1
~ testAllFieldsWritable(org.apache.accumulo.core.client.mapreduce.RangeInputSplitTest)
[expected:<table> but was:<null>]
java.lang.AssertionError: expected:<table> but was:<null>    at org.junit.Assert.fail(Assert.java:88)
    at org.junit.Assert.failNotEquals(Assert.java:743)
    at org.junit.Assert.assertEquals(Assert.java:118)
    at org.junit.Assert.assertEquals(Assert.java:144)
    at org.apache.accumulo.core.client.mapreduce.RangeInputSplitTest.testAllFieldsWritable(RangeInputSplitTest.java:108)
    at sun.reflect.NativeMethodAccessorImpl.invoke0(Native Method)

05:20:35.974 [pool-121-thread-1] DEBUG tests.output - Failing tests with false: 
[testAllFieldsWritable(org.apache.accumulo.core.client.mapreduce.RangeInputSplitTest): null]
05:20:35.974 [pool-121-thread-1] DEBUG tests.output - Failing tests with true: 
[testAllFieldsWritable(org.apache.accumulo.core.client.mapreduce.RangeInputSplitTest): expected:<table> but was:<null>]
05:20:35.974 [pool-121-thread-1] INFO  f.i.l.r.n.synth.SMTNopolSynthesizer - Not enough specifications: 0. A trivial patch is "true" or "false", please write new tests specifying SourceLocation org.apache.accumulo.core.data.Range:624.
05:20:35.974 [pool-2-thread-1] DEBUG fr.inria.lille.repair.nopol.NoPol - statement #73
05:20:35.974 [pool-2-thread-1] DEBUG fr.inria.lille.repair.nopol.NoPol - Analysing SourceLocation org.apache.accumulo.core.data.Range:622 which is executed by 6 tests
78727454
05:20:36.162 [pool-2-thread-1] DEBUG fr.inria.lille.repair.nopol.NoPol - looking with class fr.inria.lille.repair.nopol.spoon.smt.ConditionalAdder
java.lang.AssertionError: expected:<table> but was:<null>
    at org.junit.Assert.fail(Assert.java:88)
    at org.junit.Assert.failNotEquals(Assert.java:743)
    at org.junit.Assert.assertEquals(Assert.java:118)
    at org.junit.Assert.assertEquals(Assert.java:144)
    at org.apache.accumulo.core.client.mapreduce.RangeInputSplitTest.testAllFieldsWritable(RangeInputSplitTest.java:108)
    at sun.reflect.NativeMethodAccessorImpl.invoke0(Native Method)
05:20:36.217 [pool-126-thread-1] INFO  xxl.java.junit.TestCasesListener - Tests run finished (50 ms)
<> Total tests run: 2
<> Ignored tests: 0
<> Failed tests: 1
~ testAllFieldsWritable(org.apache.accumulo.core.client.mapreduce.RangeInputSplitTest)
[expected:<table> but was:<null>]
java.lang.AssertionError: expected:<table> but was:<null>    at org.junit.Assert.fail(Assert.java:88)
    at org.junit.Assert.failNotEquals(Assert.java:743)
    at org.junit.Assert.assertEquals(Assert.java:118)
    at org.junit.Assert.assertEquals(Assert.java:144)
    at org.apache.accumulo.core.client.mapreduce.RangeInputSplitTest.testAllFieldsWritable(RangeInputSplitTest.java:108)
    at sun.reflect.NativeMethodAccessorImpl.invoke0(Native Method)

java.lang.NegativeArraySizeException
    at org.apache.accumulo.core.data.Key.readFields(Key.java:530)
    at org.apache.accumulo.core.data.Range.readFields(Range.java:370)
    at org.apache.accumulo.core.client.mapreduce.RangeInputSplit.readFields(RangeInputSplit.java:146)
    at org.apache.accumulo.core.client.mapreduce.RangeInputSplitTest.testAllFieldsWritable(RangeInputSplitTest.java:103)
    at sun.reflect.NativeMethodAccessorImpl.invoke0(Native Method)
    at sun.reflect.NativeMethodAccessorImpl.invoke(NativeMethodAccessorImpl.java:62)
05:20:36.493 [pool-127-thread-1] INFO  f.i.l.c.t.SpecificationTestCasesListener - Tests run finished (50 ms)
<> Total tests run: 1
<> Ignored tests: 0
<> Failed tests: 1
~ testAllFieldsWritable(org.apache.accumulo.core.client.mapreduce.RangeInputSplitTest)
[null]
java.lang.NegativeArraySizeException    at org.apache.accumulo.core.data.Key.readFields(Key.java:530)
    at org.apache.accumulo.core.data.Range.readFields(Range.java:370)
    at org.apache.accumulo.core.client.mapreduce.RangeInputSplit.readFields(RangeInputSplit.java:146)
    at org.apache.accumulo.core.client.mapreduce.RangeInputSplitTest.testAllFieldsWritable(RangeInputSplitTest.java:103)
    at sun.reflect.NativeMethodAccessorImpl.invoke0(Native Method)
    at sun.reflect.NativeMethodAccessorImpl.invoke(NativeMethodAccessorImpl.java:62)

java.lang.AssertionError: expected:<table> but was:<null>
    at org.junit.Assert.fail(Assert.java:88)
    at org.junit.Assert.failNotEquals(Assert.java:743)
    at org.junit.Assert.assertEquals(Assert.java:118)
    at org.junit.Assert.assertEquals(Assert.java:144)
    at org.apache.accumulo.core.client.mapreduce.RangeInputSplitTest.testAllFieldsWritable(RangeInputSplitTest.java:108)
    at sun.reflect.NativeMethodAccessorImpl.invoke0(Native Method)
05:20:36.494 [pool-128-thread-1] INFO  f.i.l.c.t.SpecificationTestCasesListener - Tests run finished (0 ms)
<> Total tests run: 1
<> Ignored tests: 0
<> Failed tests: 1
~ testAllFieldsWritable(org.apache.accumulo.core.client.mapreduce.RangeInputSplitTest)
[expected:<table> but was:<null>]
java.lang.AssertionError: expected:<table> but was:<null>    at org.junit.Assert.fail(Assert.java:88)
    at org.junit.Assert.failNotEquals(Assert.java:743)
    at org.junit.Assert.assertEquals(Assert.java:118)
    at org.junit.Assert.assertEquals(Assert.java:144)
    at org.apache.accumulo.core.client.mapreduce.RangeInputSplitTest.testAllFieldsWritable(RangeInputSplitTest.java:108)
    at sun.reflect.NativeMethodAccessorImpl.invoke0(Native Method)

05:20:36.495 [pool-125-thread-1] DEBUG tests.output - Failing tests with false: 
[testAllFieldsWritable(org.apache.accumulo.core.client.mapreduce.RangeInputSplitTest): null]
05:20:36.495 [pool-125-thread-1] DEBUG tests.output - Failing tests with true: 
[testAllFieldsWritable(org.apache.accumulo.core.client.mapreduce.RangeInputSplitTest): expected:<table> but was:<null>]
05:20:36.495 [pool-125-thread-1] INFO  f.i.l.r.n.synth.SMTNopolSynthesizer - Not enough specifications: 0. A trivial patch is "true" or "false", please write new tests specifying SourceLocation org.apache.accumulo.core.data.Range:622.
05:20:36.495 [pool-2-thread-1] DEBUG fr.inria.lille.repair.nopol.NoPol - statement #74
05:20:36.495 [pool-2-thread-1] DEBUG fr.inria.lille.repair.nopol.NoPol - Analysing SourceLocation org.apache.accumulo.core.data.Range:604 which is executed by 6 tests
78727454
05:20:36.667 [pool-2-thread-1] DEBUG fr.inria.lille.repair.nopol.NoPol - looking with class fr.inria.lille.repair.nopol.spoon.smt.ConditionalAdder
java.lang.AssertionError: expected:<table> but was:<null>
    at org.junit.Assert.fail(Assert.java:88)
    at org.junit.Assert.failNotEquals(Assert.java:743)
    at org.junit.Assert.assertEquals(Assert.java:118)
    at org.junit.Assert.assertEquals(Assert.java:144)
    at org.apache.accumulo.core.client.mapreduce.RangeInputSplitTest.testAllFieldsWritable(RangeInputSplitTest.java:108)
    at sun.reflect.NativeMethodAccessorImpl.invoke0(Native Method)
05:20:36.724 [pool-130-thread-1] INFO  xxl.java.junit.TestCasesListener - Tests run finished (52 ms)
<> Total tests run: 2
<> Ignored tests: 0
<> Failed tests: 1
~ testAllFieldsWritable(org.apache.accumulo.core.client.mapreduce.RangeInputSplitTest)
[expected:<table> but was:<null>]
java.lang.AssertionError: expected:<table> but was:<null>    at org.junit.Assert.fail(Assert.java:88)
    at org.junit.Assert.failNotEquals(Assert.java:743)
    at org.junit.Assert.assertEquals(Assert.java:118)
    at org.junit.Assert.assertEquals(Assert.java:144)
    at org.apache.accumulo.core.client.mapreduce.RangeInputSplitTest.testAllFieldsWritable(RangeInputSplitTest.java:108)
    at sun.reflect.NativeMethodAccessorImpl.invoke0(Native Method)

java.io.InvalidObjectException: Start key must be less than end key in range (a : [] 9223372036854775807 false,  : [] 9223372036854775807 false)
    at org.apache.accumulo.core.data.Range.readFields(Range.java:397)
    at org.apache.accumulo.core.client.mapreduce.RangeInputSplit.readFields(RangeInputSplit.java:146)
    at org.apache.accumulo.core.client.mapreduce.RangeInputSplitTest.testAllFieldsWritable(RangeInputSplitTest.java:103)
    at sun.reflect.NativeMethodAccessorImpl.invoke0(Native Method)
    at sun.reflect.NativeMethodAccessorImpl.invoke(NativeMethodAccessorImpl.java:62)
    at sun.reflect.DelegatingMethodAccessorImpl.invoke(DelegatingMethodAccessorImpl.java:43)
05:20:36.999 [pool-131-thread-1] INFO  f.i.l.c.t.SpecificationTestCasesListener - Tests run finished (50 ms)
<> Total tests run: 1
<> Ignored tests: 0
<> Failed tests: 1
~ testAllFieldsWritable(org.apache.accumulo.core.client.mapreduce.RangeInputSplitTest)
[Start key must be less than end key in range (a : [] 9223372036854775807 false,  : [] 9223372036854775807 false)]
java.io.InvalidObjectException: Start key must be less than end key in range (a : [] 9223372036854775807 false,  : [] 9223372036854775807 false)    at org.apache.accumulo.core.data.Range.readFields(Range.java:397)
    at org.apache.accumulo.core.client.mapreduce.RangeInputSplit.readFields(RangeInputSplit.java:146)
    at org.apache.accumulo.core.client.mapreduce.RangeInputSplitTest.testAllFieldsWritable(RangeInputSplitTest.java:103)
    at sun.reflect.NativeMethodAccessorImpl.invoke0(Native Method)
    at sun.reflect.NativeMethodAccessorImpl.invoke(NativeMethodAccessorImpl.java:62)
    at sun.reflect.DelegatingMethodAccessorImpl.invoke(DelegatingMethodAccessorImpl.java:43)

java.lang.AssertionError: expected:<table> but was:<null>
    at org.junit.Assert.fail(Assert.java:88)
    at org.junit.Assert.failNotEquals(Assert.java:743)
    at org.junit.Assert.assertEquals(Assert.java:118)
    at org.junit.Assert.assertEquals(Assert.java:144)
    at org.apache.accumulo.core.client.mapreduce.RangeInputSplitTest.testAllFieldsWritable(RangeInputSplitTest.java:108)
    at sun.reflect.NativeMethodAccessorImpl.invoke0(Native Method)
05:20:37.001 [pool-132-thread-1] INFO  f.i.l.c.t.SpecificationTestCasesListener - Tests run finished (1 ms)
<> Total tests run: 1
<> Ignored tests: 0
<> Failed tests: 1
~ testAllFieldsWritable(org.apache.accumulo.core.client.mapreduce.RangeInputSplitTest)
[expected:<table> but was:<null>]
java.lang.AssertionError: expected:<table> but was:<null>    at org.junit.Assert.fail(Assert.java:88)
    at org.junit.Assert.failNotEquals(Assert.java:743)
    at org.junit.Assert.assertEquals(Assert.java:118)
    at org.junit.Assert.assertEquals(Assert.java:144)
    at org.apache.accumulo.core.client.mapreduce.RangeInputSplitTest.testAllFieldsWritable(RangeInputSplitTest.java:108)
    at sun.reflect.NativeMethodAccessorImpl.invoke0(Native Method)

05:20:37.001 [pool-129-thread-1] DEBUG tests.output - Failing tests with false: 
[testAllFieldsWritable(org.apache.accumulo.core.client.mapreduce.RangeInputSplitTest): Start key must be less than end key in range (a : [] 9223372036854775807 false,  : [] 9223372036854775807 false)]
05:20:37.001 [pool-129-thread-1] DEBUG tests.output - Failing tests with true: 
[testAllFieldsWritable(org.apache.accumulo.core.client.mapreduce.RangeInputSplitTest): expected:<table> but was:<null>]
05:20:37.001 [pool-129-thread-1] INFO  f.i.l.r.n.synth.SMTNopolSynthesizer - Not enough specifications: 0. A trivial patch is "true" or "false", please write new tests specifying SourceLocation org.apache.accumulo.core.data.Range:604.
05:20:37.001 [pool-2-thread-1] DEBUG fr.inria.lille.repair.nopol.NoPol - statement #75
05:20:37.001 [pool-2-thread-1] DEBUG fr.inria.lille.repair.nopol.NoPol - Analysing SourceLocation org.apache.accumulo.core.data.Range:603 which is executed by 6 tests
78727454
05:20:37.174 [pool-2-thread-1] DEBUG fr.inria.lille.repair.nopol.NoPol - looking with class fr.inria.lille.repair.nopol.spoon.smt.ConditionalAdder
java.lang.AssertionError: expected:<table> but was:<null>
    at org.junit.Assert.fail(Assert.java:88)
    at org.junit.Assert.failNotEquals(Assert.java:743)
    at org.junit.Assert.assertEquals(Assert.java:118)
    at org.junit.Assert.assertEquals(Assert.java:144)
    at org.apache.accumulo.core.client.mapreduce.RangeInputSplitTest.testAllFieldsWritable(RangeInputSplitTest.java:108)
    at sun.reflect.NativeMethodAccessorImpl.invoke0(Native Method)
05:20:37.229 [pool-134-thread-1] INFO  xxl.java.junit.TestCasesListener - Tests run finished (50 ms)
<> Total tests run: 2
<> Ignored tests: 0
<> Failed tests: 1
~ testAllFieldsWritable(org.apache.accumulo.core.client.mapreduce.RangeInputSplitTest)
[expected:<table> but was:<null>]
java.lang.AssertionError: expected:<table> but was:<null>    at org.junit.Assert.fail(Assert.java:88)
    at org.junit.Assert.failNotEquals(Assert.java:743)
    at org.junit.Assert.assertEquals(Assert.java:118)
    at org.junit.Assert.assertEquals(Assert.java:144)
    at org.apache.accumulo.core.client.mapreduce.RangeInputSplitTest.testAllFieldsWritable(RangeInputSplitTest.java:108)
    at sun.reflect.NativeMethodAccessorImpl.invoke0(Native Method)

java.lang.NullPointerException
    at org.apache.accumulo.core.data.Range.readFields(Range.java:390)
    at org.apache.accumulo.core.client.mapreduce.RangeInputSplit.readFields(RangeInputSplit.java:146)
    at org.apache.accumulo.core.client.mapreduce.RangeInputSplitTest.testAllFieldsWritable(RangeInputSplitTest.java:103)
    at sun.reflect.NativeMethodAccessorImpl.invoke0(Native Method)
    at sun.reflect.NativeMethodAccessorImpl.invoke(NativeMethodAccessorImpl.java:62)
    at sun.reflect.DelegatingMethodAccessorImpl.invoke(DelegatingMethodAccessorImpl.java:43)
05:20:37.508 [pool-135-thread-1] INFO  f.i.l.c.t.SpecificationTestCasesListener - Tests run finished (50 ms)
<> Total tests run: 1
<> Ignored tests: 0
<> Failed tests: 1
~ testAllFieldsWritable(org.apache.accumulo.core.client.mapreduce.RangeInputSplitTest)
[null]
java.lang.NullPointerException    at org.apache.accumulo.core.data.Range.readFields(Range.java:390)
    at org.apache.accumulo.core.client.mapreduce.RangeInputSplit.readFields(RangeInputSplit.java:146)
    at org.apache.accumulo.core.client.mapreduce.RangeInputSplitTest.testAllFieldsWritable(RangeInputSplitTest.java:103)
    at sun.reflect.NativeMethodAccessorImpl.invoke0(Native Method)
    at sun.reflect.NativeMethodAccessorImpl.invoke(NativeMethodAccessorImpl.java:62)
    at sun.reflect.DelegatingMethodAccessorImpl.invoke(DelegatingMethodAccessorImpl.java:43)

java.lang.AssertionError: expected:<table> but was:<null>
    at org.junit.Assert.fail(Assert.java:88)
    at org.junit.Assert.failNotEquals(Assert.java:743)
    at org.junit.Assert.assertEquals(Assert.java:118)
    at org.junit.Assert.assertEquals(Assert.java:144)
    at org.apache.accumulo.core.client.mapreduce.RangeInputSplitTest.testAllFieldsWritable(RangeInputSplitTest.java:108)
    at sun.reflect.NativeMethodAccessorImpl.invoke0(Native Method)
05:20:37.509 [pool-136-thread-1] INFO  f.i.l.c.t.SpecificationTestCasesListener - Tests run finished (1 ms)
<> Total tests run: 1
<> Ignored tests: 0
<> Failed tests: 1
~ testAllFieldsWritable(org.apache.accumulo.core.client.mapreduce.RangeInputSplitTest)
[expected:<table> but was:<null>]
java.lang.AssertionError: expected:<table> but was:<null>    at org.junit.Assert.fail(Assert.java:88)
    at org.junit.Assert.failNotEquals(Assert.java:743)
    at org.junit.Assert.assertEquals(Assert.java:118)
    at org.junit.Assert.assertEquals(Assert.java:144)
    at org.apache.accumulo.core.client.mapreduce.RangeInputSplitTest.testAllFieldsWritable(RangeInputSplitTest.java:108)
    at sun.reflect.NativeMethodAccessorImpl.invoke0(Native Method)

05:20:37.509 [pool-133-thread-1] DEBUG tests.output - Failing tests with false: 
[testAllFieldsWritable(org.apache.accumulo.core.client.mapreduce.RangeInputSplitTest): null]
05:20:37.509 [pool-133-thread-1] DEBUG tests.output - Failing tests with true: 
[testAllFieldsWritable(org.apache.accumulo.core.client.mapreduce.RangeInputSplitTest): expected:<table> but was:<null>]
05:20:37.509 [pool-133-thread-1] INFO  f.i.l.r.n.synth.SMTNopolSynthesizer - Not enough specifications: 0. A trivial patch is "true" or "false", please write new tests specifying SourceLocation org.apache.accumulo.core.data.Range:603.
05:20:37.509 [pool-2-thread-1] DEBUG fr.inria.lille.repair.nopol.NoPol - statement #76
05:20:37.509 [pool-2-thread-1] DEBUG fr.inria.lille.repair.nopol.NoPol - Analysing SourceLocation org.apache.accumulo.core.data.Range:597 which is executed by 6 tests
78727454
05:20:37.682 [pool-2-thread-1] DEBUG fr.inria.lille.repair.nopol.NoPol - looking with class fr.inria.lille.repair.nopol.spoon.smt.ConditionalAdder
java.lang.AssertionError: expected:<table> but was:<null>
    at org.junit.Assert.fail(Assert.java:88)
    at org.junit.Assert.failNotEquals(Assert.java:743)
    at org.junit.Assert.assertEquals(Assert.java:118)
    at org.junit.Assert.assertEquals(Assert.java:144)
    at org.apache.accumulo.core.client.mapreduce.RangeInputSplitTest.testAllFieldsWritable(RangeInputSplitTest.java:108)
    at sun.reflect.NativeMethodAccessorImpl.invoke0(Native Method)
05:20:37.738 [pool-138-thread-1] INFO  xxl.java.junit.TestCasesListener - Tests run finished (52 ms)
<> Total tests run: 2
<> Ignored tests: 0
<> Failed tests: 1
~ testAllFieldsWritable(org.apache.accumulo.core.client.mapreduce.RangeInputSplitTest)
[expected:<table> but was:<null>]
java.lang.AssertionError: expected:<table> but was:<null>    at org.junit.Assert.fail(Assert.java:88)
    at org.junit.Assert.failNotEquals(Assert.java:743)
    at org.junit.Assert.assertEquals(Assert.java:118)
    at org.junit.Assert.assertEquals(Assert.java:144)
    at org.apache.accumulo.core.client.mapreduce.RangeInputSplitTest.testAllFieldsWritable(RangeInputSplitTest.java:108)
    at sun.reflect.NativeMethodAccessorImpl.invoke0(Native Method)

java.io.EOFException
    at java.io.DataInputStream.readFully(DataInputStream.java:197)
    at java.io.DataInputStream.readUTF(DataInputStream.java:609)
    at java.io.DataInputStream.readUTF(DataInputStream.java:564)
    at org.apache.accumulo.core.client.mapreduce.RangeInputSplit.readFields(RangeInputSplit.java:150)
    at org.apache.accumulo.core.client.mapreduce.RangeInputSplitTest.testAllFieldsWritable(RangeInputSplitTest.java:103)
    at sun.reflect.NativeMethodAccessorImpl.invoke0(Native Method)
05:20:38.022 [pool-139-thread-1] INFO  f.i.l.c.t.SpecificationTestCasesListener - Tests run finished (60 ms)
<> Total tests run: 1
<> Ignored tests: 0
<> Failed tests: 1
~ testAllFieldsWritable(org.apache.accumulo.core.client.mapreduce.RangeInputSplitTest)
[null]
java.io.EOFException    at java.io.DataInputStream.readFully(DataInputStream.java:197)
    at java.io.DataInputStream.readUTF(DataInputStream.java:609)
    at java.io.DataInputStream.readUTF(DataInputStream.java:564)
    at org.apache.accumulo.core.client.mapreduce.RangeInputSplit.readFields(RangeInputSplit.java:150)
    at org.apache.accumulo.core.client.mapreduce.RangeInputSplitTest.testAllFieldsWritable(RangeInputSplitTest.java:103)
    at sun.reflect.NativeMethodAccessorImpl.invoke0(Native Method)

java.lang.AssertionError: expected:<table> but was:<null>
    at org.junit.Assert.fail(Assert.java:88)
    at org.junit.Assert.failNotEquals(Assert.java:743)
    at org.junit.Assert.assertEquals(Assert.java:118)
    at org.junit.Assert.assertEquals(Assert.java:144)
    at org.apache.accumulo.core.client.mapreduce.RangeInputSplitTest.testAllFieldsWritable(RangeInputSplitTest.java:108)
    at sun.reflect.NativeMethodAccessorImpl.invoke0(Native Method)
05:20:38.025 [pool-140-thread-1] INFO  f.i.l.c.t.SpecificationTestCasesListener - Tests run finished (1 ms)
<> Total tests run: 1
<> Ignored tests: 0
<> Failed tests: 1
~ testAllFieldsWritable(org.apache.accumulo.core.client.mapreduce.RangeInputSplitTest)
[expected:<table> but was:<null>]
java.lang.AssertionError: expected:<table> but was:<null>    at org.junit.Assert.fail(Assert.java:88)
    at org.junit.Assert.failNotEquals(Assert.java:743)
    at org.junit.Assert.assertEquals(Assert.java:118)
    at org.junit.Assert.assertEquals(Assert.java:144)
    at org.apache.accumulo.core.client.mapreduce.RangeInputSplitTest.testAllFieldsWritable(RangeInputSplitTest.java:108)
    at sun.reflect.NativeMethodAccessorImpl.invoke0(Native Method)

05:20:38.025 [pool-137-thread-1] DEBUG tests.output - Failing tests with false: 
[testAllFieldsWritable(org.apache.accumulo.core.client.mapreduce.RangeInputSplitTest): null]
05:20:38.025 [pool-137-thread-1] DEBUG tests.output - Failing tests with true: 
[testAllFieldsWritable(org.apache.accumulo.core.client.mapreduce.RangeInputSplitTest): expected:<table> but was:<null>]
05:20:38.025 [pool-137-thread-1] INFO  f.i.l.r.n.synth.SMTNopolSynthesizer - Not enough specifications: 0. A trivial patch is "true" or "false", please write new tests specifying SourceLocation org.apache.accumulo.core.data.Range:597.
05:20:38.025 [pool-2-thread-1] DEBUG fr.inria.lille.repair.nopol.NoPol - statement #77
05:20:38.025 [pool-2-thread-1] DEBUG fr.inria.lille.repair.nopol.NoPol - Analysing SourceLocation org.apache.accumulo.core.data.Range:596 which is executed by 6 tests
78727454
05:20:38.209 [pool-2-thread-1] DEBUG fr.inria.lille.repair.nopol.NoPol - looking with class fr.inria.lille.repair.nopol.spoon.smt.ConditionalAdder
java.lang.AssertionError: expected:<table> but was:<null>
    at org.junit.Assert.fail(Assert.java:88)
    at org.junit.Assert.failNotEquals(Assert.java:743)
    at org.junit.Assert.assertEquals(Assert.java:118)
    at org.junit.Assert.assertEquals(Assert.java:144)
    at org.apache.accumulo.core.client.mapreduce.RangeInputSplitTest.testAllFieldsWritable(RangeInputSplitTest.java:108)
    at sun.reflect.NativeMethodAccessorImpl.invoke0(Native Method)
05:20:38.263 [pool-142-thread-1] INFO  xxl.java.junit.TestCasesListener - Tests run finished (49 ms)
<> Total tests run: 2
<> Ignored tests: 0
<> Failed tests: 1
~ testAllFieldsWritable(org.apache.accumulo.core.client.mapreduce.RangeInputSplitTest)
[expected:<table> but was:<null>]
java.lang.AssertionError: expected:<table> but was:<null>    at org.junit.Assert.fail(Assert.java:88)
    at org.junit.Assert.failNotEquals(Assert.java:743)
    at org.junit.Assert.assertEquals(Assert.java:118)
    at org.junit.Assert.assertEquals(Assert.java:144)
    at org.apache.accumulo.core.client.mapreduce.RangeInputSplitTest.testAllFieldsWritable(RangeInputSplitTest.java:108)
    at sun.reflect.NativeMethodAccessorImpl.invoke0(Native Method)

java.lang.NullPointerException
    at org.apache.accumulo.core.data.Range.readFields(Range.java:384)
    at org.apache.accumulo.core.client.mapreduce.RangeInputSplit.readFields(RangeInputSplit.java:146)
    at org.apache.accumulo.core.client.mapreduce.RangeInputSplitTest.testAllFieldsWritable(RangeInputSplitTest.java:103)
    at sun.reflect.NativeMethodAccessorImpl.invoke0(Native Method)
    at sun.reflect.NativeMethodAccessorImpl.invoke(NativeMethodAccessorImpl.java:62)
    at sun.reflect.DelegatingMethodAccessorImpl.invoke(DelegatingMethodAccessorImpl.java:43)
05:20:38.534 [pool-143-thread-1] INFO  f.i.l.c.t.SpecificationTestCasesListener - Tests run finished (50 ms)
<> Total tests run: 1
<> Ignored tests: 0
<> Failed tests: 1
~ testAllFieldsWritable(org.apache.accumulo.core.client.mapreduce.RangeInputSplitTest)
[null]
java.lang.NullPointerException    at org.apache.accumulo.core.data.Range.readFields(Range.java:384)
    at org.apache.accumulo.core.client.mapreduce.RangeInputSplit.readFields(RangeInputSplit.java:146)
    at org.apache.accumulo.core.client.mapreduce.RangeInputSplitTest.testAllFieldsWritable(RangeInputSplitTest.java:103)
    at sun.reflect.NativeMethodAccessorImpl.invoke0(Native Method)
    at sun.reflect.NativeMethodAccessorImpl.invoke(NativeMethodAccessorImpl.java:62)
    at sun.reflect.DelegatingMethodAccessorImpl.invoke(DelegatingMethodAccessorImpl.java:43)

java.lang.AssertionError: expected:<table> but was:<null>
    at org.junit.Assert.fail(Assert.java:88)
    at org.junit.Assert.failNotEquals(Assert.java:743)
    at org.junit.Assert.assertEquals(Assert.java:118)
    at org.junit.Assert.assertEquals(Assert.java:144)
    at org.apache.accumulo.core.client.mapreduce.RangeInputSplitTest.testAllFieldsWritable(RangeInputSplitTest.java:108)
    at sun.reflect.NativeMethodAccessorImpl.invoke0(Native Method)
05:20:38.536 [pool-144-thread-1] INFO  f.i.l.c.t.SpecificationTestCasesListener - Tests run finished (1 ms)
<> Total tests run: 1
<> Ignored tests: 0
<> Failed tests: 1
~ testAllFieldsWritable(org.apache.accumulo.core.client.mapreduce.RangeInputSplitTest)
[expected:<table> but was:<null>]
java.lang.AssertionError: expected:<table> but was:<null>    at org.junit.Assert.fail(Assert.java:88)
    at org.junit.Assert.failNotEquals(Assert.java:743)
    at org.junit.Assert.assertEquals(Assert.java:118)
    at org.junit.Assert.assertEquals(Assert.java:144)
    at org.apache.accumulo.core.client.mapreduce.RangeInputSplitTest.testAllFieldsWritable(RangeInputSplitTest.java:108)
    at sun.reflect.NativeMethodAccessorImpl.invoke0(Native Method)

05:20:38.536 [pool-141-thread-1] DEBUG tests.output - Failing tests with false: 
[testAllFieldsWritable(org.apache.accumulo.core.client.mapreduce.RangeInputSplitTest): null]
05:20:38.536 [pool-141-thread-1] DEBUG tests.output - Failing tests with true: 
[testAllFieldsWritable(org.apache.accumulo.core.client.mapreduce.RangeInputSplitTest): expected:<table> but was:<null>]
05:20:38.536 [pool-141-thread-1] INFO  f.i.l.r.n.synth.SMTNopolSynthesizer - Not enough specifications: 0. A trivial patch is "true" or "false", please write new tests specifying SourceLocation org.apache.accumulo.core.data.Range:596.
05:20:38.536 [pool-2-thread-1] DEBUG fr.inria.lille.repair.nopol.NoPol - statement #78
05:20:38.536 [pool-2-thread-1] DEBUG fr.inria.lille.repair.nopol.NoPol - Analysing SourceLocation org.apache.accumulo.core.client.IteratorSetting:381 which is executed by 9 tests
5676515
05:20:38.703 [pool-2-thread-1] DEBUG fr.inria.lille.repair.nopol.NoPol - statement #79
05:20:38.703 [pool-2-thread-1] DEBUG fr.inria.lille.repair.nopol.NoPol - Analysing SourceLocation org.apache.accumulo.core.client.IteratorSetting:380 which is executed by 9 tests
5676515
05:20:38.869 [pool-2-thread-1] DEBUG fr.inria.lille.repair.nopol.NoPol - looking with class fr.inria.lille.repair.nopol.spoon.smt.ConditionalAdder
java.lang.AssertionError: expected:<table> but was:<null>
    at org.junit.Assert.fail(Assert.java:88)
    at org.junit.Assert.failNotEquals(Assert.java:743)
    at org.junit.Assert.assertEquals(Assert.java:118)
    at org.junit.Assert.assertEquals(Assert.java:144)
    at org.apache.accumulo.core.client.mapreduce.RangeInputSplitTest.testAllFieldsWritable(RangeInputSplitTest.java:108)
    at sun.reflect.NativeMethodAccessorImpl.invoke0(Native Method)
05:20:38.924 [pool-146-thread-1] INFO  xxl.java.junit.TestCasesListener - Tests run finished (50 ms)
<> Total tests run: 2
<> Ignored tests: 0
<> Failed tests: 1
~ testAllFieldsWritable(org.apache.accumulo.core.client.mapreduce.RangeInputSplitTest)
[expected:<table> but was:<null>]
java.lang.AssertionError: expected:<table> but was:<null>    at org.junit.Assert.fail(Assert.java:88)
    at org.junit.Assert.failNotEquals(Assert.java:743)
    at org.junit.Assert.assertEquals(Assert.java:118)
    at org.junit.Assert.assertEquals(Assert.java:144)
    at org.apache.accumulo.core.client.mapreduce.RangeInputSplitTest.testAllFieldsWritable(RangeInputSplitTest.java:108)
    at sun.reflect.NativeMethodAccessorImpl.invoke0(Native Method)

java.io.EOFException
    at java.io.DataInputStream.readFully(DataInputStream.java:197)
    at java.io.DataInputStream.readFully(DataInputStream.java:169)
    at org.apache.hadoop.io.WritableUtils.readString(WritableUtils.java:116)
    at org.apache.accumulo.core.client.IteratorSetting.readFields(IteratorSetting.java:201)
    at org.apache.accumulo.core.client.IteratorSetting.<init>(IteratorSetting.java:64)
    at org.apache.accumulo.core.client.mapreduce.RangeInputSplit.readFields(RangeInputSplit.java:211)
05:20:40.027 [pool-147-thread-1] INFO  f.i.l.c.t.SpecificationTestCasesListener - Tests run finished (863 ms)
<> Total tests run: 1
<> Ignored tests: 0
<> Failed tests: 1
~ testAllFieldsWritable(org.apache.accumulo.core.client.mapreduce.RangeInputSplitTest)
[null]
java.io.EOFException    at java.io.DataInputStream.readFully(DataInputStream.java:197)
    at java.io.DataInputStream.readFully(DataInputStream.java:169)
    at org.apache.hadoop.io.WritableUtils.readString(WritableUtils.java:116)
    at org.apache.accumulo.core.client.IteratorSetting.readFields(IteratorSetting.java:201)
    at org.apache.accumulo.core.client.IteratorSetting.<init>(IteratorSetting.java:64)
    at org.apache.accumulo.core.client.mapreduce.RangeInputSplit.readFields(RangeInputSplit.java:211)

java.lang.AssertionError: expected:<table> but was:<null>
    at org.junit.Assert.fail(Assert.java:88)
    at org.junit.Assert.failNotEquals(Assert.java:743)
    at org.junit.Assert.assertEquals(Assert.java:118)
    at org.junit.Assert.assertEquals(Assert.java:144)
    at org.apache.accumulo.core.client.mapreduce.RangeInputSplitTest.testAllFieldsWritable(RangeInputSplitTest.java:108)
    at sun.reflect.NativeMethodAccessorImpl.invoke0(Native Method)
05:20:40.029 [pool-148-thread-1] INFO  f.i.l.c.t.SpecificationTestCasesListener - Tests run finished (1 ms)
<> Total tests run: 1
<> Ignored tests: 0
<> Failed tests: 1
~ testAllFieldsWritable(org.apache.accumulo.core.client.mapreduce.RangeInputSplitTest)
[expected:<table> but was:<null>]
java.lang.AssertionError: expected:<table> but was:<null>    at org.junit.Assert.fail(Assert.java:88)
    at org.junit.Assert.failNotEquals(Assert.java:743)
    at org.junit.Assert.assertEquals(Assert.java:118)
    at org.junit.Assert.assertEquals(Assert.java:144)
    at org.apache.accumulo.core.client.mapreduce.RangeInputSplitTest.testAllFieldsWritable(RangeInputSplitTest.java:108)
    at sun.reflect.NativeMethodAccessorImpl.invoke0(Native Method)

05:20:40.029 [pool-145-thread-1] DEBUG tests.output - Failing tests with false: 
[testAllFieldsWritable(org.apache.accumulo.core.client.mapreduce.RangeInputSplitTest): null]
05:20:40.029 [pool-145-thread-1] DEBUG tests.output - Failing tests with true: 
[testAllFieldsWritable(org.apache.accumulo.core.client.mapreduce.RangeInputSplitTest): expected:<table> but was:<null>]
05:20:40.029 [pool-145-thread-1] INFO  f.i.l.r.n.synth.SMTNopolSynthesizer - Not enough specifications: 0. A trivial patch is "true" or "false", please write new tests specifying SourceLocation org.apache.accumulo.core.client.IteratorSetting:380.
05:20:40.029 [pool-2-thread-1] DEBUG fr.inria.lille.repair.nopol.NoPol - statement #80
05:20:40.030 [pool-2-thread-1] DEBUG fr.inria.lille.repair.nopol.NoPol - Analysing SourceLocation org.apache.accumulo.core.client.IteratorSetting:379 which is executed by 9 tests
5676515
05:20:40.201 [pool-2-thread-1] DEBUG fr.inria.lille.repair.nopol.NoPol - looking with class fr.inria.lille.repair.nopol.spoon.smt.ConditionalAdder
java.lang.AssertionError: expected:<table> but was:<null>
    at org.junit.Assert.fail(Assert.java:88)
    at org.junit.Assert.failNotEquals(Assert.java:743)
    at org.junit.Assert.assertEquals(Assert.java:118)
    at org.junit.Assert.assertEquals(Assert.java:144)
    at org.apache.accumulo.core.client.mapreduce.RangeInputSplitTest.testAllFieldsWritable(RangeInputSplitTest.java:108)
    at sun.reflect.NativeMethodAccessorImpl.invoke0(Native Method)
05:20:40.257 [pool-150-thread-1] INFO  xxl.java.junit.TestCasesListener - Tests run finished (51 ms)
<> Total tests run: 2
<> Ignored tests: 0
<> Failed tests: 1
~ testAllFieldsWritable(org.apache.accumulo.core.client.mapreduce.RangeInputSplitTest)
[expected:<table> but was:<null>]
java.lang.AssertionError: expected:<table> but was:<null>    at org.junit.Assert.fail(Assert.java:88)
    at org.junit.Assert.failNotEquals(Assert.java:743)
    at org.junit.Assert.assertEquals(Assert.java:118)
    at org.junit.Assert.assertEquals(Assert.java:144)
    at org.apache.accumulo.core.client.mapreduce.RangeInputSplitTest.testAllFieldsWritable(RangeInputSplitTest.java:108)
    at sun.reflect.NativeMethodAccessorImpl.invoke0(Native Method)

java.io.EOFException
    at java.io.DataInputStream.readFully(DataInputStream.java:197)
    at java.io.DataInputStream.readFully(DataInputStream.java:169)
    at org.apache.hadoop.io.WritableUtils.readString(WritableUtils.java:116)
    at org.apache.accumulo.core.client.IteratorSetting.readFields(IteratorSetting.java:201)
    at org.apache.accumulo.core.client.IteratorSetting.<init>(IteratorSetting.java:64)
    at org.apache.accumulo.core.client.mapreduce.RangeInputSplit.readFields(RangeInputSplit.java:211)
05:20:41.152 [pool-151-thread-1] INFO  f.i.l.c.t.SpecificationTestCasesListener - Tests run finished (687 ms)
<> Total tests run: 1
<> Ignored tests: 0
<> Failed tests: 1
~ testAllFieldsWritable(org.apache.accumulo.core.client.mapreduce.RangeInputSplitTest)
[null]
java.io.EOFException    at java.io.DataInputStream.readFully(DataInputStream.java:197)
    at java.io.DataInputStream.readFully(DataInputStream.java:169)
    at org.apache.hadoop.io.WritableUtils.readString(WritableUtils.java:116)
    at org.apache.accumulo.core.client.IteratorSetting.readFields(IteratorSetting.java:201)
    at org.apache.accumulo.core.client.IteratorSetting.<init>(IteratorSetting.java:64)
    at org.apache.accumulo.core.client.mapreduce.RangeInputSplit.readFields(RangeInputSplit.java:211)

java.lang.AssertionError: expected:<table> but was:<null>
    at org.junit.Assert.fail(Assert.java:88)
    at org.junit.Assert.failNotEquals(Assert.java:743)
    at org.junit.Assert.assertEquals(Assert.java:118)
    at org.junit.Assert.assertEquals(Assert.java:144)
    at org.apache.accumulo.core.client.mapreduce.RangeInputSplitTest.testAllFieldsWritable(RangeInputSplitTest.java:108)
    at sun.reflect.NativeMethodAccessorImpl.invoke0(Native Method)
05:20:41.154 [pool-152-thread-1] INFO  f.i.l.c.t.SpecificationTestCasesListener - Tests run finished (1 ms)
<> Total tests run: 1
<> Ignored tests: 0
<> Failed tests: 1
~ testAllFieldsWritable(org.apache.accumulo.core.client.mapreduce.RangeInputSplitTest)
[expected:<table> but was:<null>]
java.lang.AssertionError: expected:<table> but was:<null>    at org.junit.Assert.fail(Assert.java:88)
    at org.junit.Assert.failNotEquals(Assert.java:743)
    at org.junit.Assert.assertEquals(Assert.java:118)
    at org.junit.Assert.assertEquals(Assert.java:144)
    at org.apache.accumulo.core.client.mapreduce.RangeInputSplitTest.testAllFieldsWritable(RangeInputSplitTest.java:108)
    at sun.reflect.NativeMethodAccessorImpl.invoke0(Native Method)

05:20:41.155 [pool-149-thread-1] DEBUG tests.output - Failing tests with false: 
[testAllFieldsWritable(org.apache.accumulo.core.client.mapreduce.RangeInputSplitTest): null]
05:20:41.155 [pool-149-thread-1] DEBUG tests.output - Failing tests with true: 
[testAllFieldsWritable(org.apache.accumulo.core.client.mapreduce.RangeInputSplitTest): expected:<table> but was:<null>]
05:20:41.155 [pool-149-thread-1] INFO  f.i.l.r.n.synth.SMTNopolSynthesizer - Not enough specifications: 0. A trivial patch is "true" or "false", please write new tests specifying SourceLocation org.apache.accumulo.core.client.IteratorSetting:379.
05:20:41.155 [pool-2-thread-1] DEBUG fr.inria.lille.repair.nopol.NoPol - statement #81
05:20:41.155 [pool-2-thread-1] DEBUG fr.inria.lille.repair.nopol.NoPol - Analysing SourceLocation org.apache.accumulo.core.client.IteratorSetting:365 which is executed by 9 tests
5676515
05:20:41.329 [pool-2-thread-1] DEBUG fr.inria.lille.repair.nopol.NoPol - looking with class fr.inria.lille.repair.nopol.spoon.smt.ConditionalAdder
java.lang.AssertionError: expected:<table> but was:<null>
    at org.junit.Assert.fail(Assert.java:88)
    at org.junit.Assert.failNotEquals(Assert.java:743)
    at org.junit.Assert.assertEquals(Assert.java:118)
    at org.junit.Assert.assertEquals(Assert.java:144)
    at org.apache.accumulo.core.client.mapreduce.RangeInputSplitTest.testAllFieldsWritable(RangeInputSplitTest.java:108)
    at sun.reflect.NativeMethodAccessorImpl.invoke0(Native Method)
05:20:41.384 [pool-154-thread-1] INFO  xxl.java.junit.TestCasesListener - Tests run finished (50 ms)
<> Total tests run: 2
<> Ignored tests: 0
<> Failed tests: 1
~ testAllFieldsWritable(org.apache.accumulo.core.client.mapreduce.RangeInputSplitTest)
[expected:<table> but was:<null>]
java.lang.AssertionError: expected:<table> but was:<null>    at org.junit.Assert.fail(Assert.java:88)
    at org.junit.Assert.failNotEquals(Assert.java:743)
    at org.junit.Assert.assertEquals(Assert.java:118)
    at org.junit.Assert.assertEquals(Assert.java:144)
    at org.apache.accumulo.core.client.mapreduce.RangeInputSplitTest.testAllFieldsWritable(RangeInputSplitTest.java:108)
    at sun.reflect.NativeMethodAccessorImpl.invoke0(Native Method)

java.io.EOFException
    at java.io.DataInputStream.readFully(DataInputStream.java:197)
    at java.io.DataInputStream.readFully(DataInputStream.java:169)
    at org.apache.hadoop.io.WritableUtils.readString(WritableUtils.java:116)
    at org.apache.accumulo.core.client.IteratorSetting.readFields(IteratorSetting.java:201)
    at org.apache.accumulo.core.client.IteratorSetting.<init>(IteratorSetting.java:64)
    at org.apache.accumulo.core.client.mapreduce.RangeInputSplit.readFields(RangeInputSplit.java:211)
05:20:42.178 [pool-155-thread-1] INFO  f.i.l.c.t.SpecificationTestCasesListener - Tests run finished (578 ms)
<> Total tests run: 1
<> Ignored tests: 0
<> Failed tests: 1
~ testAllFieldsWritable(org.apache.accumulo.core.client.mapreduce.RangeInputSplitTest)
[null]
java.io.EOFException    at java.io.DataInputStream.readFully(DataInputStream.java:197)
    at java.io.DataInputStream.readFully(DataInputStream.java:169)
    at org.apache.hadoop.io.WritableUtils.readString(WritableUtils.java:116)
    at org.apache.accumulo.core.client.IteratorSetting.readFields(IteratorSetting.java:201)
    at org.apache.accumulo.core.client.IteratorSetting.<init>(IteratorSetting.java:64)
    at org.apache.accumulo.core.client.mapreduce.RangeInputSplit.readFields(RangeInputSplit.java:211)

java.lang.AssertionError: expected:<table> but was:<null>
    at org.junit.Assert.fail(Assert.java:88)
    at org.junit.Assert.failNotEquals(Assert.java:743)
    at org.junit.Assert.assertEquals(Assert.java:118)
    at org.junit.Assert.assertEquals(Assert.java:144)
    at org.apache.accumulo.core.client.mapreduce.RangeInputSplitTest.testAllFieldsWritable(RangeInputSplitTest.java:108)
    at sun.reflect.NativeMethodAccessorImpl.invoke0(Native Method)
05:20:42.179 [pool-156-thread-1] INFO  f.i.l.c.t.SpecificationTestCasesListener - Tests run finished (1 ms)
<> Total tests run: 1
<> Ignored tests: 0
<> Failed tests: 1
~ testAllFieldsWritable(org.apache.accumulo.core.client.mapreduce.RangeInputSplitTest)
[expected:<table> but was:<null>]
java.lang.AssertionError: expected:<table> but was:<null>    at org.junit.Assert.fail(Assert.java:88)
    at org.junit.Assert.failNotEquals(Assert.java:743)
    at org.junit.Assert.assertEquals(Assert.java:118)
    at org.junit.Assert.assertEquals(Assert.java:144)
    at org.apache.accumulo.core.client.mapreduce.RangeInputSplitTest.testAllFieldsWritable(RangeInputSplitTest.java:108)
    at sun.reflect.NativeMethodAccessorImpl.invoke0(Native Method)

05:20:42.179 [pool-153-thread-1] DEBUG tests.output - Failing tests with false: 
[testAllFieldsWritable(org.apache.accumulo.core.client.mapreduce.RangeInputSplitTest): null]
05:20:42.179 [pool-153-thread-1] DEBUG tests.output - Failing tests with true: 
[testAllFieldsWritable(org.apache.accumulo.core.client.mapreduce.RangeInputSplitTest): expected:<table> but was:<null>]
05:20:42.180 [pool-153-thread-1] INFO  f.i.l.r.n.synth.SMTNopolSynthesizer - Not enough specifications: 0. A trivial patch is "true" or "false", please write new tests specifying SourceLocation org.apache.accumulo.core.client.IteratorSetting:365.
05:20:42.180 [pool-2-thread-1] DEBUG fr.inria.lille.repair.nopol.NoPol - statement #82
05:20:42.180 [pool-2-thread-1] DEBUG fr.inria.lille.repair.nopol.NoPol - Analysing SourceLocation org.apache.accumulo.core.client.IteratorSetting:364 which is executed by 9 tests
5676515
05:20:42.349 [pool-2-thread-1] DEBUG fr.inria.lille.repair.nopol.NoPol - looking with class fr.inria.lille.repair.nopol.spoon.smt.ConditionalAdder
java.lang.AssertionError: expected:<table> but was:<null>
    at org.junit.Assert.fail(Assert.java:88)
    at org.junit.Assert.failNotEquals(Assert.java:743)
    at org.junit.Assert.assertEquals(Assert.java:118)
    at org.junit.Assert.assertEquals(Assert.java:144)
    at org.apache.accumulo.core.client.mapreduce.RangeInputSplitTest.testAllFieldsWritable(RangeInputSplitTest.java:108)
    at sun.reflect.NativeMethodAccessorImpl.invoke0(Native Method)
05:20:42.404 [pool-158-thread-1] INFO  xxl.java.junit.TestCasesListener - Tests run finished (51 ms)
<> Total tests run: 2
<> Ignored tests: 0
<> Failed tests: 1
~ testAllFieldsWritable(org.apache.accumulo.core.client.mapreduce.RangeInputSplitTest)
[expected:<table> but was:<null>]
java.lang.AssertionError: expected:<table> but was:<null>    at org.junit.Assert.fail(Assert.java:88)
    at org.junit.Assert.failNotEquals(Assert.java:743)
    at org.junit.Assert.assertEquals(Assert.java:118)
    at org.junit.Assert.assertEquals(Assert.java:144)
    at org.apache.accumulo.core.client.mapreduce.RangeInputSplitTest.testAllFieldsWritable(RangeInputSplitTest.java:108)
    at sun.reflect.NativeMethodAccessorImpl.invoke0(Native Method)

java.io.EOFException
    at java.io.DataInputStream.readFully(DataInputStream.java:197)
    at java.io.DataInputStream.readFully(DataInputStream.java:169)
    at org.apache.hadoop.io.WritableUtils.readString(WritableUtils.java:116)
    at org.apache.accumulo.core.client.IteratorSetting.readFields(IteratorSetting.java:196)
    at org.apache.accumulo.core.client.IteratorSetting.<init>(IteratorSetting.java:64)
    at org.apache.accumulo.core.client.mapreduce.RangeInputSplit.readFields(RangeInputSplit.java:211)
05:20:42.672 [pool-159-thread-1] INFO  f.i.l.c.t.SpecificationTestCasesListener - Tests run finished (51 ms)
<> Total tests run: 1
<> Ignored tests: 0
<> Failed tests: 1
~ testAllFieldsWritable(org.apache.accumulo.core.client.mapreduce.RangeInputSplitTest)
[null]
java.io.EOFException    at java.io.DataInputStream.readFully(DataInputStream.java:197)
    at java.io.DataInputStream.readFully(DataInputStream.java:169)
    at org.apache.hadoop.io.WritableUtils.readString(WritableUtils.java:116)
    at org.apache.accumulo.core.client.IteratorSetting.readFields(IteratorSetting.java:196)
    at org.apache.accumulo.core.client.IteratorSetting.<init>(IteratorSetting.java:64)
    at org.apache.accumulo.core.client.mapreduce.RangeInputSplit.readFields(RangeInputSplit.java:211)

java.lang.AssertionError: expected:<table> but was:<null>
    at org.junit.Assert.fail(Assert.java:88)
    at org.junit.Assert.failNotEquals(Assert.java:743)
    at org.junit.Assert.assertEquals(Assert.java:118)
    at org.junit.Assert.assertEquals(Assert.java:144)
    at org.apache.accumulo.core.client.mapreduce.RangeInputSplitTest.testAllFieldsWritable(RangeInputSplitTest.java:108)
    at sun.reflect.NativeMethodAccessorImpl.invoke0(Native Method)
05:20:42.673 [pool-160-thread-1] INFO  f.i.l.c.t.SpecificationTestCasesListener - Tests run finished (1 ms)
<> Total tests run: 1
<> Ignored tests: 0
<> Failed tests: 1
~ testAllFieldsWritable(org.apache.accumulo.core.client.mapreduce.RangeInputSplitTest)
[expected:<table> but was:<null>]
java.lang.AssertionError: expected:<table> but was:<null>    at org.junit.Assert.fail(Assert.java:88)
    at org.junit.Assert.failNotEquals(Assert.java:743)
    at org.junit.Assert.assertEquals(Assert.java:118)
    at org.junit.Assert.assertEquals(Assert.java:144)
    at org.apache.accumulo.core.client.mapreduce.RangeInputSplitTest.testAllFieldsWritable(RangeInputSplitTest.java:108)
    at sun.reflect.NativeMethodAccessorImpl.invoke0(Native Method)

05:20:42.673 [pool-157-thread-1] DEBUG tests.output - Failing tests with false: 
[testAllFieldsWritable(org.apache.accumulo.core.client.mapreduce.RangeInputSplitTest): null]
05:20:42.673 [pool-157-thread-1] DEBUG tests.output - Failing tests with true: 
[testAllFieldsWritable(org.apache.accumulo.core.client.mapreduce.RangeInputSplitTest): expected:<table> but was:<null>]
05:20:42.673 [pool-157-thread-1] INFO  f.i.l.r.n.synth.SMTNopolSynthesizer - Not enough specifications: 0. A trivial patch is "true" or "false", please write new tests specifying SourceLocation org.apache.accumulo.core.client.IteratorSetting:364.
05:20:42.673 [pool-2-thread-1] DEBUG fr.inria.lille.repair.nopol.NoPol - statement #83
05:20:42.673 [pool-2-thread-1] DEBUG fr.inria.lille.repair.nopol.NoPol - Analysing SourceLocation org.apache.accumulo.core.client.security.tokens.PasswordToken:136 which is executed by 38 tests
1198303231
05:20:42.838 [pool-2-thread-1] DEBUG fr.inria.lille.repair.nopol.NoPol - looking with class fr.inria.lille.repair.nopol.spoon.smt.ConditionalAdder
[pool-162-thread-1} WARN  org.apache.accumulo.start.classloader.vfs.AccumuloVFSClassLoader  - ignoring classpath entry file:///lib/ext/[^.].*.jar
java.io.FileNotFoundException: src/test/resources/shelltest.txt (No such file or directory)
    at java.io.FileInputStream.open0(Native Method)
    at java.io.FileInputStream.open(FileInputStream.java:195)
    at java.io.FileInputStream.<init>(FileInputStream.java:138)
    at java.util.Scanner.<init>(Scanner.java:635)
    at java.util.Scanner.<init>(Scanner.java:629)
    at org.apache.accumulo.core.util.shell.Shell.start(Shell.java:441)
java.lang.AssertionError: expected:<table> but was:<null>
    at org.junit.Assert.fail(Assert.java:88)
    at org.junit.Assert.failNotEquals(Assert.java:743)
    at org.junit.Assert.assertEquals(Assert.java:118)
    at org.junit.Assert.assertEquals(Assert.java:144)
    at org.apache.accumulo.core.client.mapreduce.RangeInputSplitTest.testAllFieldsWritable(RangeInputSplitTest.java:108)
    at sun.reflect.NativeMethodAccessorImpl.invoke0(Native Method)
05:20:43.116 [pool-162-thread-1] INFO  xxl.java.junit.TestCasesListener - Tests run finished (272 ms)
<> Total tests run: 12
<> Ignored tests: 0
<> Failed tests: 2
~ execFileTest(org.apache.accumulo.core.util.shell.ShellTest)
[src/test/resources/shelltest.txt (No such file or directory)]
java.io.FileNotFoundException: src/test/resources/shelltest.txt (No such file or directory)    at java.io.FileInputStream.open0(Native Method)
    at java.io.FileInputStream.open(FileInputStream.java:195)
    at java.io.FileInputStream.<init>(FileInputStream.java:138)
    at java.util.Scanner.<init>(Scanner.java:635)
    at java.util.Scanner.<init>(Scanner.java:629)
    at org.apache.accumulo.core.util.shell.Shell.start(Shell.java:441)
~ testAllFieldsWritable(org.apache.accumulo.core.client.mapreduce.RangeInputSplitTest)
[expected:<table> but was:<null>]
java.lang.AssertionError: expected:<table> but was:<null>    at org.junit.Assert.fail(Assert.java:88)
    at org.junit.Assert.failNotEquals(Assert.java:743)
    at org.junit.Assert.assertEquals(Assert.java:118)
    at org.junit.Assert.assertEquals(Assert.java:144)
    at org.apache.accumulo.core.client.mapreduce.RangeInputSplitTest.testAllFieldsWritable(RangeInputSplitTest.java:108)
    at sun.reflect.NativeMethodAccessorImpl.invoke0(Native Method)

java.lang.OutOfMemoryError: GC overhead limit exceeded
    at xxl.java.container.classic.MetaMap.newHashMap(MetaMap.java:60)
    at xxl.java.container.classic.MetaMap.newHashMap(MetaMap.java:56)
    at fr.inria.lille.commons.trace.RuntimeValues.collectionStarts(RuntimeValues.java:57)
    at org.apache.accumulo.core.client.security.tokens.PasswordToken.setPassword(PasswordToken.java:90)
    at org.apache.accumulo.core.client.security.tokens.PasswordToken.<init>(PasswordToken.java:13)
    at org.apache.accumulo.core.util.shell.Shell.config(Shell.java:297)
05:24:05.934 [pool-161-thread-1] DEBUG xxl.java.junit.TestSuiteExecution - Timeout after 200 seconds. Infinite loop?
05:24:05.934 [pool-163-thread-1] INFO  f.i.l.c.t.SpecificationTestCasesListener - Tests run finished (202608 ms)
<> Total tests run: 1
<> Ignored tests: 0
<> Failed tests: 1
~ execFileTest(org.apache.accumulo.core.util.shell.ShellTest)
[GC overhead limit exceeded]
java.lang.OutOfMemoryError: GC overhead limit exceeded    at xxl.java.container.classic.MetaMap.newHashMap(MetaMap.java:60)
    at xxl.java.container.classic.MetaMap.newHashMap(MetaMap.java:56)
    at fr.inria.lille.commons.trace.RuntimeValues.collectionStarts(RuntimeValues.java:57)
    at org.apache.accumulo.core.client.security.tokens.PasswordToken.setPassword(PasswordToken.java:90)
    at org.apache.accumulo.core.client.security.tokens.PasswordToken.<init>(PasswordToken.java:13)
    at org.apache.accumulo.core.util.shell.Shell.config(Shell.java:297)

05:24:31.059 [pool-2-thread-1] ERROR fr.inria.lille.repair.nopol.NoPol - Error ExecutionException java.util.concurrent.ExecutionException: java.lang.RuntimeException: java.util.concurrent.TimeoutException
05:24:31.059 [pool-2-thread-1] DEBUG fr.inria.lille.repair.nopol.NoPol - statement #84
05:24:31.059 [pool-2-thread-1] DEBUG fr.inria.lille.repair.nopol.NoPol - Analysing SourceLocation org.apache.accumulo.core.util.shell.Shell:1024 which is executed by 10 tests
Exception in thread "Thread-35" java.lang.OutOfMemoryError: GC overhead limit exceeded
	at java.util.AbstractCollection.toArray(AbstractCollection.java:136)
	at org.apache.commons.vfs2.impl.DefaultFileMonitor.run(DefaultFileMonitor.java:372)
	at java.lang.Thread.run(Thread.java:748)
java.util.concurrent.ExecutionException: java.lang.OutOfMemoryError: GC overhead limit exceeded
	at java.util.concurrent.FutureTask.report(FutureTask.java:122)
	at java.util.concurrent.FutureTask.get(FutureTask.java:206)
	at fr.inria.lille.repair.Main.main(Main.java:106)
Caused by: java.lang.OutOfMemoryError: GC overhead limit exceeded
	at java.io.UnixFileSystem.resolve(UnixFileSystem.java:108)
	at java.io.File.<init>(File.java:262)
	at java.io.File.listFiles(File.java:1212)
	at spoon.support.compiler.FileSystemFolder.getSubFolders(FileSystemFolder.java:85)
	at spoon.support.compiler.FileSystemFolder.getAllJavaFiles(FileSystemFolder.java:113)
	at spoon.support.compiler.FileSystemFolder.getAllJavaFiles(FileSystemFolder.java:114)
	at spoon.support.compiler.FileSystemFolder.getAllJavaFiles(FileSystemFolder.java:114)
	at spoon.support.compiler.FileSystemFolder.getAllJavaFiles(FileSystemFolder.java:114)
	at spoon.support.compiler.FileSystemFolder.getAllJavaFiles(FileSystemFolder.java:114)
	at spoon.support.compiler.FileSystemFolder.getAllJavaFiles(FileSystemFolder.java:114)
	at spoon.support.compiler.FileSystemFolder.getAllJavaFiles(FileSystemFolder.java:114)
	at spoon.support.StandardEnvironment.verifySourceClasspath(StandardEnvironment.java:444)
	at spoon.support.StandardEnvironment.setSourceClasspath(StandardEnvironment.java:428)
	at spoon.support.compiler.jdt.JDTBasedSpoonCompiler.setSourceClasspath(JDTBasedSpoonCompiler.java:321)
	at fr.inria.lille.commons.spoon.util.SpoonModelLibrary.modelFor(SpoonModelLibrary.java:47)
	at fr.inria.lille.commons.spoon.SpoonedFile.<init>(SpoonedFile.java:61)
	at fr.inria.lille.commons.spoon.SpoonedClass.<init>(SpoonedClass.java:14)
	at fr.inria.lille.commons.spoon.SpoonedProject.forked(SpoonedProject.java:47)
	at fr.inria.lille.repair.nopol.NoPol.runOnStatement(NoPol.java:222)
	at fr.inria.lille.repair.nopol.NoPol.solveWithMultipleBuild(NoPol.java:213)
	at fr.inria.lille.repair.nopol.NoPol.build(NoPol.java:154)
	at fr.inria.lille.repair.Main$1.call(Main.java:101)
	at java.util.concurrent.FutureTask.run(FutureTask.java:266)
	at java.util.concurrent.ThreadPoolExecutor.runWorker(ThreadPoolExecutor.java:1149)
	at java.util.concurrent.ThreadPoolExecutor$Worker.run(ThreadPoolExecutor.java:624)
	at java.lang.Thread.run(Thread.java:748)

Usage: java -jar nopol.jar
                          [(-m|--mode) <repair|ranking>] (-e|--type) <condition|precondition|pre_then_cond|loop|arithmetic> [(-o|--oracle) <angelic|symbolic>] [(-y|--synthesis) <smt|dynamoth>] [(-l|--solver) <z3|cvc4>] [(-p|--solver-path) <solverPath>] (-s|--source) source1:source2:...:sourceN  (-c|--classpath) <classpath> [(-t|--test) test1:test2:...:testN ] [--complianceLevel <complianceLevel>] [--maxTime <maxTime>] [--maxTimeType <maxTimeType>] [(-z|--flocal) < cocospoon|dumb|gzoltar>] [--output <outputFolder>] [--json[:<outputJson>]]

  [(-m|--mode) <repair|ranking>]
        Define the mode of execution. (default: repair)

  (-e|--type) <condition|precondition|pre_then_cond|loop|arithmetic>
        The repair type (example fixing only conditions, or adding
        precondition). REQUIRED OPTION (default: condition)

  [(-o|--oracle) <angelic|symbolic>]
        Define the oracle (only used with repair mode). (default: angelic)

  [(-y|--synthesis) <smt|dynamoth>]
        Define the patch synthesis. (default: smt)

  [(-l|--solver) <z3|cvc4>]
        Define the solver (only used with smt synthesis). (default: z3)

  [(-p|--solver-path) <solverPath>]
        Define the solver binary path (only used with smt synthesis).

  (-s|--source) source1:source2:...:sourceN 
        Define the path to the source code of the project.

  (-c|--classpath) <classpath>
        Define the classpath of the project.

  [(-t|--test) test1:test2:...:testN ]
        Define the tests of the project (both failing and passing),
        fully-qualified, separated with ':' (even if the classpath contains
        other tests, only those are considered.

  [--complianceLevel <complianceLevel>]
        The compliance level of the project. (default: 7)

  [--maxTime <maxTime>]
        The maximum time execution in minute for the whole execution of
        Nopol.(default: 10)

  [--maxTimeType <maxTimeType>]
        The maximum time execution in minute for one type of patch. (default: 5)

  [(-z|--flocal) < cocospoon|dumb|gzoltar>]
        Define the fault localizer to be used. (default: gzoltar)

  [--output <outputFolder>]
        Define the location where the patches will be saved. (default: .)

  [--json[:<outputJson>]]
        Output a json file in the current working directory.

Command exited with non-zero status 255
6272.90user 20.31system 5:55.46elapsed 1770%CPU (0avgtext+0avgdata 5110388maxresident)k
51944inputs+9208outputs (4major+1842308minor)pagefaults 0swaps


Node: grisou-15.nancy.grid5000.fr



Date: Sat Dec 29 05:25:25 EST 2018

