cd /tmp/jKali_Defects4J_Lang_59;
export JAVA_TOOL_OPTIONS="-Dfile.encoding=UTF8 -Duser.language=en-US -Duser.country=US -Duser.language=en";
TZ="America/New_York"; export TZ;
export PATH="/usr/lib/jvm/java-1.8.0-openjdk-amd64/bin/:$PATH";
export JAVA_HOME="/usr/lib/jvm/java-1.8.0-openjdk-amd64/bin/";
time java -Xmx4048m -cp /home/tdurieux/RepairThemAll/script/../libs/jtestex7.jar:/home/tdurieux/RepairThemAll/script/../repair_tools/astor.jar fr.inria.main.evolution.AstorMain \
	-mode jkali \
	-location . \
	-id Lang-59 \
	-failing org.apache.commons.lang.text.StrBuilderAppendInsertTest \
	-jvm4testexecution /home/tdurieux/openjdk-1.7.0/bin/ \
	-jvm4evosuitetestexecution /home/tdurieux/openjdk-1.7.0/bin/ \
	-maxgen 1000000 \
	-maxtime 120 \
	-stopfirst true \
	-seed 0 \
	-scope local \
	-population 1 \
	-javacompliancelevel 7 \
	-srcjavafolder src/java/ \
	-srctestfolder src/test/ \
	-binjavafolder target/classes/ \
	-bintestfolder target/tests/ \
	-parameters x:x \
	-dependencies /tmp/jKali_Defects4J_Lang_59/target/classes/:/tmp/jKali_Defects4J_Lang_59/target/tests/:/home/tdurieux/RepairThemAll/script/../benchmarks/defects4j/framework/projects/Lang/lib/cglib.jar:/home/tdurieux/RepairThemAll/script/../benchmarks/defects4j/framework/projects/Lang/lib/commons-io.jar:/home/tdurieux/RepairThemAll/script/../benchmarks/defects4j/framework/projects/Lang/lib/easymock.jar:/home/tdurieux/RepairThemAll/script/../benchmarks/defects4j/framework/projects/Lang/lib/asm.jar:/home/tdurieux/RepairThemAll/script/../benchmarks/defects4j/framework/projects/lib/junit-4.11.jar;
	echo "\n\nNode: `hostname`\n";
	echo "\n\nDate: `date`\n";
Picked up JAVA_TOOL_OPTIONS: -Dfile.encoding=UTF8 -Duser.language=en-US -Duser.country=US -Duser.language=en
2018-12-06 17:08:52,659 INFO main - command line arguments: [-mode  jkali  -location  .  -id  Lang-59  -failing  org.apache.commons.lang.text.StrBuilderAppendInsertTest  -jvm4testexecution  /home/tdurieux/openjdk-1.7.0/bin/  -jvm4evosuitetestexecution  /home/tdurieux/openjdk-1.7.0/bin/  -maxgen  1000000  -maxtime  120  -stopfirst  true  -seed  0  -scope  local  -population  1  -javacompliancelevel  7  -srcjavafolder  src/java/  -srctestfolder  src/test/  -binjavafolder  target/classes/  -bintestfolder  target/tests/  -parameters  x:x  -dependencies  /tmp/jKali_Defects4J_Lang_59/target/classes/:/tmp/jKali_Defects4J_Lang_59/target/tests/:/home/tdurieux/RepairThemAll/script/../benchmarks/defects4j/framework/projects/Lang/lib/cglib.jar:/home/tdurieux/RepairThemAll/script/../benchmarks/defects4j/framework/projects/Lang/lib/commons-io.jar:/home/tdurieux/RepairThemAll/script/../benchmarks/defects4j/framework/projects/Lang/lib/easymock.jar:/home/tdurieux/RepairThemAll/script/../benchmarks/defects4j/framework/projects/Lang/lib/asm.jar:/home/tdurieux/RepairThemAll/script/../benchmarks/defects4j/framework/projects/lib/junit-4.11.jar]
2018-12-06 17:08:52,661 INFO fr.inria.main.evolution.AstorMain - Running Astor on a JDK at /usr/lib/jvm/java-8-openjdk-amd64/jre
[INFO ] fr.inria.main.AbstractMain.determineSourceFolders(AbstractMain.java:842) - Source folders: [/tmp/jKali_Defects4J_Lang_59/./src/java]
[INFO ] fr.inria.main.AbstractMain.determineSourceFolders(AbstractMain.java:861) - Source Test folders: [/tmp/jKali_Defects4J_Lang_59/./src/test]
[INFO ] fr.inria.astor.core.faultlocalization.gzoltar.GZoltarFaultLocalization.calculateSuspicious(GZoltarFaultLocalization.java:75) - -Executing Gzoltar classpath: /tmp/jKali_Defects4J_Lang_59/./output_astor/AstorMain-Lang-59//bin//default from 176 classes with test cases
[INFO ] fr.inria.astor.core.faultlocalization.gzoltar.GZoltarFaultLocalization.searchSuspicious(GZoltarFaultLocalization.java:149) - Gzoltar fault localization: min susp value parameter: 0.1
[INFO ] fr.inria.astor.core.faultlocalization.gzoltar.GZoltarFaultLocalization.searchSuspicious(GZoltarFaultLocalization.java:169) - -gz-Adding classpath: [/home/tdurieux/RepairThemAll/script/../benchmarks/defects4j/framework/projects/Lang/lib/easymock.jar, /tmp/jKali_Defects4J_Lang_59/target/tests/, /tmp/jKali_Defects4J_Lang_59/target/classes/, /home/tdurieux/RepairThemAll/script/../benchmarks/defects4j/framework/projects/Lang/lib/cglib.jar, /tmp/jKali_Defects4J_Lang_59/./output_astor/AstorMain-Lang-59//bin//default, /home/tdurieux/RepairThemAll/script/../benchmarks/defects4j/framework/projects/Lang/lib/commons-io.jar, /home/tdurieux/RepairThemAll/script/../benchmarks/defects4j/framework/projects/Lang/lib/asm.jar, /home/tdurieux/RepairThemAll/script/../benchmarks/defects4j/framework/projects/lib/junit-4.11.jar]
[INFO ] fr.inria.astor.core.faultlocalization.gzoltar.GZoltarFaultLocalization.searchSuspicious(GZoltarFaultLocalization.java:206) - Test failt: org.apache.commons.lang.LocaleUtilsTest#testCountriesByLanguage
[INFO ] fr.inria.astor.core.faultlocalization.gzoltar.GZoltarFaultLocalization.searchSuspicious(GZoltarFaultLocalization.java:206) - Test failt: org.apache.commons.lang.text.StrBuilderAppendInsertTest#testLang299
[INFO ] fr.inria.astor.core.faultlocalization.gzoltar.GZoltarFaultLocalization.searchSuspicious(GZoltarFaultLocalization.java:218) - Gzoltar Test Result Total:1687, fails: 2, GZoltar suspicious 8427, with positive susp 23
[INFO ] fr.inria.astor.core.faultlocalization.gzoltar.GZoltarFaultLocalization.searchSuspicious(GZoltarFaultLocalization.java:226) - nr test results 1687
[INFO ] fr.inria.astor.core.faultlocalization.gzoltar.GZoltarFaultLocalization.searchSuspicious(GZoltarFaultLocalization.java:271) - Gzoltar found: 21 with susp > 0.1, we consider: 21
[INFO ] fr.inria.astor.core.solutionsearch.AstorCoreEngine.initPopulation(AstorCoreEngine.java:689) - 
---- Creating spoon model
[INFO ] fr.inria.astor.core.solutionsearch.AstorCoreEngine.initModel(AstorCoreEngine.java:781) - Creating model,  Code location from working folder: /tmp/jKali_Defects4J_Lang_59/./output_astor/AstorMain-Lang-59//src//default
[INFO ] fr.inria.astor.core.manipulation.MutationSupporter.buildModel(MutationSupporter.java:65) - building model: /tmp/jKali_Defects4J_Lang_59/./output_astor/AstorMain-Lang-59//src//default, compliance level: 7
[INFO ] fr.inria.astor.core.manipulation.MutationSupporter.buildModel(MutationSupporter.java:78) - Classpath for building SpoonModel [/tmp/jKali_Defects4J_Lang_59/target/classes/, /tmp/jKali_Defects4J_Lang_59/target/tests/, /home/tdurieux/RepairThemAll/script/../benchmarks/defects4j/framework/projects/Lang/lib/cglib.jar, /home/tdurieux/RepairThemAll/script/../benchmarks/defects4j/framework/projects/Lang/lib/commons-io.jar, /home/tdurieux/RepairThemAll/script/../benchmarks/defects4j/framework/projects/Lang/lib/easymock.jar, /home/tdurieux/RepairThemAll/script/../benchmarks/defects4j/framework/projects/Lang/lib/asm.jar, /home/tdurieux/RepairThemAll/script/../benchmarks/defects4j/framework/projects/lib/junit-4.11.jar]
[ERROR] fr.inria.astor.core.solutionsearch.AstorCoreEngine.initModel(AstorCoreEngine.java:788) - Problem compiling the model with compliance level 7
[ERROR] fr.inria.astor.core.solutionsearch.AstorCoreEngine.initModel(AstorCoreEngine.java:790) - Syntax error on token "enum", Identifier expected at /tmp/jKali_Defects4J_Lang_59/output_astor/AstorMain-Lang-59/src/default/org/apache/commons/lang/enum/ValuedEnum.java:17
Exception in thread "main" spoon.compiler.ModelBuildingException: Syntax error on token "enum", Identifier expected at /tmp/jKali_Defects4J_Lang_59/output_astor/AstorMain-Lang-59/src/default/org/apache/commons/lang/enum/ValuedEnum.java:17
	at spoon.support.compiler.jdt.JDTBasedSpoonCompiler.report(JDTBasedSpoonCompiler.java:641)
	at spoon.support.compiler.jdt.JDTBasedSpoonCompiler.reportProblems(JDTBasedSpoonCompiler.java:622)
	at spoon.support.compiler.jdt.JDTBasedSpoonCompiler.build(JDTBasedSpoonCompiler.java:131)
	at spoon.support.compiler.jdt.JDTBasedSpoonCompiler.build(JDTBasedSpoonCompiler.java:113)
	at fr.inria.astor.core.manipulation.MutationSupporter.buildModel(MutationSupporter.java:81)
	at fr.inria.astor.core.solutionsearch.AstorCoreEngine.initModel(AstorCoreEngine.java:785)
	at fr.inria.astor.core.solutionsearch.AstorCoreEngine.initPopulation(AstorCoreEngine.java:691)
	at fr.inria.main.evolution.AstorMain.createEngine(AstorMain.java:127)
	at fr.inria.main.evolution.AstorMain.run(AstorMain.java:179)
	at fr.inria.main.evolution.AstorMain.execute(AstorMain.java:236)
	at fr.inria.main.evolution.AstorMain.main(AstorMain.java:210)
Command exited with non-zero status 1
40.88user 1.32system 0:19.50elapsed 216%CPU (0avgtext+0avgdata 549700maxresident)k
77912inputs+14592outputs (32major+303825minor)pagefaults 0swaps


Node: uvb-26.sophia.grid5000.fr



Date: Thu Dec  6 17:09:11 EST 2018

