cd /tmp/jMutRepair_Bears_shapesecurity-shift-java_455763022-456154969;
export JAVA_TOOL_OPTIONS="-Dfile.encoding=UTF8 -Duser.language=en-US -Duser.country=US -Duser.language=en";
TZ="America/New_York"; export TZ;
export PATH="/usr/lib/jvm/java-1.8.0-openjdk-amd64/bin/:$PATH";
export JAVA_HOME="/usr/lib/jvm/java-1.8.0-openjdk-amd64/bin/";
time java -Xmx4g -Xms1g -cp /home/tdurieux/defects4j4repair/script/../libs/jtestex7.jar:/home/tdurieux/defects4j4repair/script/../repair_tools/astor.jar fr.inria.main.evolution.AstorMain \
	-mode jMutRepair \
	-location . \
	-id shapesecurity-shift-java-455763022-456154969 \
	-failing com.shapesecurity.shift.es2017.parser.miscellaneous.AsyncAwaitTest \
	-jvm4testexecution /usr/lib/jvm/java-1.8.0-openjdk-amd64/bin/ \
	-jvm4evosuitetestexecution /usr/lib/jvm/java-1.8.0-openjdk-amd64/bin/ \
	-maxgen 1000000 \
	-maxtime 120 \
	-stopfirst true \
	-seed 0 \
	-scope local \
	-population 1 \
	-javacompliancelevel 8 \
	-srcjavafolder src/main/java \
	-srctestfolder src/test/java \
	-binjavafolder target/classes \
	-bintestfolder target/test-classes \
	-parameters x:x \
	-dependencies /home/tdurieux/.m2/repository/com/shapesecurity/shape-functional-java/2.5.2/shape-functional-java-2.5.2.jar:/home/tdurieux/.m2/repository/com/intellij/annotations/5.1/annotations-5.1.jar:/home/tdurieux/.m2/repository/com/google/code/gson/gson/2.8.0/gson-2.8.0.jar:/home/tdurieux/.m2/repository/com/google/guava/guava/19.0/guava-19.0.jar:/home/tdurieux/.m2/repository/org/yaml/snakeyaml/1.16/snakeyaml-1.16.jar:/home/tdurieux/.m2/repository/junit/junit/4.12/junit-4.12.jar:/home/tdurieux/.m2/repository/org/json/json/20160810/json-20160810.jar:/home/tdurieux/.m2/repository/com/google/code/findbugs/jsr305/3.0.2/jsr305-3.0.2.jar:/home/tdurieux/.m2/repository/org/hamcrest/hamcrest-core/1.3/hamcrest-core-1.3.jar;
	echo "\n\nNode: `hostname`\n";
	echo "\n\nDate: `date`\n";
Picked up JAVA_TOOL_OPTIONS: -Dfile.encoding=UTF8 -Duser.language=en-US -Duser.country=US -Duser.language=en
2018-12-27 02:53:39,499 INFO main - command line arguments: [-mode  jMutRepair  -location  .  -id  shapesecurity-shift-java-455763022-456154969  -failing  com.shapesecurity.shift.es2017.parser.miscellaneous.AsyncAwaitTest  -jvm4testexecution  /usr/lib/jvm/java-1.8.0-openjdk-amd64/bin/  -jvm4evosuitetestexecution  /usr/lib/jvm/java-1.8.0-openjdk-amd64/bin/  -maxgen  1000000  -maxtime  120  -stopfirst  true  -seed  0  -scope  local  -population  1  -javacompliancelevel  8  -srcjavafolder  src/main/java  -srctestfolder  src/test/java  -binjavafolder  target/classes  -bintestfolder  target/test-classes  -parameters  x:x  -dependencies  /home/tdurieux/.m2/repository/com/shapesecurity/shape-functional-java/2.5.2/shape-functional-java-2.5.2.jar:/home/tdurieux/.m2/repository/com/intellij/annotations/5.1/annotations-5.1.jar:/home/tdurieux/.m2/repository/com/google/code/gson/gson/2.8.0/gson-2.8.0.jar:/home/tdurieux/.m2/repository/com/google/guava/guava/19.0/guava-19.0.jar:/home/tdurieux/.m2/repository/org/yaml/snakeyaml/1.16/snakeyaml-1.16.jar:/home/tdurieux/.m2/repository/junit/junit/4.12/junit-4.12.jar:/home/tdurieux/.m2/repository/org/json/json/20160810/json-20160810.jar:/home/tdurieux/.m2/repository/com/google/code/findbugs/jsr305/3.0.2/jsr305-3.0.2.jar:/home/tdurieux/.m2/repository/org/hamcrest/hamcrest-core/1.3/hamcrest-core-1.3.jar]
2018-12-27 02:53:39,523 INFO fr.inria.main.evolution.AstorMain - Running Astor on a JDK at /usr/lib/jvm/java-8-openjdk-amd64/jre
[INFO ] fr.inria.main.AbstractMain.determineSourceFolders(AbstractMain.java:842) - Source folders: [/tmp/jMutRepair_Bears_shapesecurity-shift-java_455763022-456154969/./src/main/java]
[INFO ] fr.inria.main.AbstractMain.determineSourceFolders(AbstractMain.java:861) - Source Test folders: [/tmp/jMutRepair_Bears_shapesecurity-shift-java_455763022-456154969/./src/test/java]
[INFO ] fr.inria.astor.core.faultlocalization.gzoltar.GZoltarFaultLocalization.calculateSuspicious(GZoltarFaultLocalization.java:75) - -Executing Gzoltar classpath: /tmp/jMutRepair_Bears_shapesecurity-shift-java_455763022-456154969/./output_astor/AstorMain-shapesecurity-shift-java-455763022-456154969//bin//default from 100 classes with test cases
[INFO ] fr.inria.astor.core.faultlocalization.gzoltar.GZoltarFaultLocalization.searchSuspicious(GZoltarFaultLocalization.java:149) - Gzoltar fault localization: min susp value parameter: 0.1
[INFO ] fr.inria.astor.core.faultlocalization.gzoltar.GZoltarFaultLocalization.searchSuspicious(GZoltarFaultLocalization.java:169) - -gz-Adding classpath: [/home/tdurieux/.m2/repository/com/shapesecurity/shape-functional-java/2.5.2/shape-functional-java-2.5.2.jar, /home/tdurieux/.m2/repository/com/intellij/annotations/5.1/annotations-5.1.jar, /home/tdurieux/.m2/repository/com/google/code/gson/gson/2.8.0/gson-2.8.0.jar, /home/tdurieux/.m2/repository/com/google/guava/guava/19.0/guava-19.0.jar, /tmp/jMutRepair_Bears_shapesecurity-shift-java_455763022-456154969/./output_astor/AstorMain-shapesecurity-shift-java-455763022-456154969//bin//default, /home/tdurieux/.m2/repository/org/yaml/snakeyaml/1.16/snakeyaml-1.16.jar, /home/tdurieux/.m2/repository/junit/junit/4.12/junit-4.12.jar, /home/tdurieux/.m2/repository/org/json/json/20160810/json-20160810.jar, /home/tdurieux/.m2/repository/com/google/code/findbugs/jsr305/3.0.2/jsr305-3.0.2.jar, /home/tdurieux/.m2/repository/org/hamcrest/hamcrest-core/1.3/hamcrest-core-1.3.jar]
[INFO ] fr.inria.astor.core.faultlocalization.gzoltar.GZoltarFaultLocalization.searchSuspicious(GZoltarFaultLocalization.java:206) - Test failt: com.shapesecurity.shift.es2017.test262.parser.FailTest#initializationError
[INFO ] fr.inria.astor.core.faultlocalization.gzoltar.GZoltarFaultLocalization.searchSuspicious(GZoltarFaultLocalization.java:206) - Test failt: com.shapesecurity.shift.es2017.test262.Test262#testTest262
[INFO ] fr.inria.astor.core.faultlocalization.gzoltar.GZoltarFaultLocalization.searchSuspicious(GZoltarFaultLocalization.java:206) - Test failt: com.shapesecurity.shift.es2017.parser.miscellaneous.AsyncAwaitTest#testAwait
[INFO ] fr.inria.astor.core.faultlocalization.gzoltar.GZoltarFaultLocalization.searchSuspicious(GZoltarFaultLocalization.java:206) - Test failt: com.shapesecurity.shift.es2017.test262.parser.EarlyTest#initializationError
[INFO ] fr.inria.astor.core.faultlocalization.gzoltar.GZoltarFaultLocalization.searchSuspicious(GZoltarFaultLocalization.java:206) - Test failt: com.shapesecurity.shift.es2017.test262.parser.XFailHelper#ensureTestsExist
[INFO ] fr.inria.astor.core.faultlocalization.gzoltar.GZoltarFaultLocalization.searchSuspicious(GZoltarFaultLocalization.java:206) - Test failt: com.shapesecurity.shift.es2017.test262.parser.PassTest#initializationError
[INFO ] fr.inria.astor.core.faultlocalization.gzoltar.GZoltarFaultLocalization.searchSuspicious(GZoltarFaultLocalization.java:218) - Gzoltar Test Result Total:409, fails: 6, GZoltar suspicious 8265, with positive susp 975
[INFO ] fr.inria.astor.core.faultlocalization.gzoltar.GZoltarFaultLocalization.searchSuspicious(GZoltarFaultLocalization.java:226) - nr test results 409
[INFO ] fr.inria.astor.core.faultlocalization.gzoltar.GZoltarFaultLocalization.searchSuspicious(GZoltarFaultLocalization.java:271) - Gzoltar found: 147 with susp > 0.1, we consider: 147
[INFO ] fr.inria.astor.core.solutionsearch.AstorCoreEngine.initPopulation(AstorCoreEngine.java:689) - 
---- Creating spoon model
[INFO ] fr.inria.astor.core.solutionsearch.AstorCoreEngine.initModel(AstorCoreEngine.java:781) - Creating model,  Code location from working folder: /tmp/jMutRepair_Bears_shapesecurity-shift-java_455763022-456154969/./output_astor/AstorMain-shapesecurity-shift-java-455763022-456154969//src//default
[INFO ] fr.inria.astor.core.manipulation.MutationSupporter.buildModel(MutationSupporter.java:65) - building model: /tmp/jMutRepair_Bears_shapesecurity-shift-java_455763022-456154969/./output_astor/AstorMain-shapesecurity-shift-java-455763022-456154969//src//default, compliance level: 8
[INFO ] fr.inria.astor.core.manipulation.MutationSupporter.buildModel(MutationSupporter.java:78) - Classpath for building SpoonModel [/home/tdurieux/.m2/repository/com/shapesecurity/shape-functional-java/2.5.2/shape-functional-java-2.5.2.jar, /home/tdurieux/.m2/repository/com/intellij/annotations/5.1/annotations-5.1.jar, /home/tdurieux/.m2/repository/com/google/code/gson/gson/2.8.0/gson-2.8.0.jar, /home/tdurieux/.m2/repository/com/google/guava/guava/19.0/guava-19.0.jar, /home/tdurieux/.m2/repository/org/yaml/snakeyaml/1.16/snakeyaml-1.16.jar, /home/tdurieux/.m2/repository/junit/junit/4.12/junit-4.12.jar, /home/tdurieux/.m2/repository/org/json/json/20160810/json-20160810.jar, /home/tdurieux/.m2/repository/com/google/code/findbugs/jsr305/3.0.2/jsr305-3.0.2.jar, /home/tdurieux/.m2/repository/org/hamcrest/hamcrest-core/1.3/hamcrest-core-1.3.jar]
[ERROR] fr.inria.astor.core.solutionsearch.AstorCoreEngine.initModel(AstorCoreEngine.java:788) - Problem compiling the model with compliance level 8
[ERROR] fr.inria.astor.core.solutionsearch.AstorCoreEngine.initModel(AstorCoreEngine.java:790) - The import com.shapesecurity.shift.es2017.ast cannot be resolved at /tmp/jMutRepair_Bears_shapesecurity-shift-java_455763022-456154969/output_astor/AstorMain-shapesecurity-shift-java-455763022-456154969/src/default/com/shapesecurity/shift/es2017/parser/GenericParser.java:14
Exception in thread "main" spoon.compiler.ModelBuildingException: The import com.shapesecurity.shift.es2017.ast cannot be resolved at /tmp/jMutRepair_Bears_shapesecurity-shift-java_455763022-456154969/output_astor/AstorMain-shapesecurity-shift-java-455763022-456154969/src/default/com/shapesecurity/shift/es2017/parser/GenericParser.java:14
	at spoon.support.compiler.jdt.JDTBasedSpoonCompiler.report(JDTBasedSpoonCompiler.java:641)
	at spoon.support.compiler.jdt.JDTBasedSpoonCompiler.reportProblems(JDTBasedSpoonCompiler.java:622)
	at spoon.support.compiler.jdt.JDTBasedSpoonCompiler.build(JDTBasedSpoonCompiler.java:131)
	at spoon.support.compiler.jdt.JDTBasedSpoonCompiler.build(JDTBasedSpoonCompiler.java:113)
	at fr.inria.astor.core.manipulation.MutationSupporter.buildModel(MutationSupporter.java:81)
	at fr.inria.astor.core.solutionsearch.AstorCoreEngine.initModel(AstorCoreEngine.java:785)
	at fr.inria.astor.core.solutionsearch.AstorCoreEngine.initPopulation(AstorCoreEngine.java:691)
	at fr.inria.main.evolution.AstorMain.createEngine(AstorMain.java:127)
	at fr.inria.main.evolution.AstorMain.run(AstorMain.java:179)
	at fr.inria.main.evolution.AstorMain.execute(AstorMain.java:236)
	at fr.inria.main.evolution.AstorMain.main(AstorMain.java:210)
Command exited with non-zero status 1
49.27user 1.68system 0:19.96elapsed 255%CPU (0avgtext+0avgdata 1476396maxresident)k
34472inputs+26936outputs (3major+520272minor)pagefaults 0swaps


Node: graphene-120.nancy.grid5000.fr



Date: Thu Dec 27 02:53:59 EST 2018

