cd /tmp/Nopol_Defects4J_Lang_58;
export JAVA_TOOL_OPTIONS=-Dfile.encoding=UTF8;
TZ="America/New_York"; export TZ;
export PATH="/usr/lib/jvm/java-1.8.0-openjdk-amd64/bin/:$PATH";
export JAVA_HOME="/usr/lib/jvm/java-1.8.0-openjdk-amd64/bin/";
time java -Xmx4048m -cp /home/tdurieux/defects4j4repair/script/../repair_tools/nopol.jar:/usr/lib/jvm/java-1.8.0-openjdk-amd64/bin//../lib/tools.jar fr.inria.lille.repair.Main \
	--mode repair \
	--type pre_then_cond \
	--oracle angelic \
	--synthesis smt \
	--flocal gzoltar \
	--json \
	--solver z3 \
	--solver-path /home/tdurieux/defects4j4repair/script/../libs/z3/build/z3 \
	--complianceLevel 7 \
	--source src/java/ \
	--classpath "target/classes/:target/tests/:/tmp/Nopol_Defects4J_Lang_58/target/classes/:/tmp/Nopol_Defects4J_Lang_58/target/tests/:/home/tdurieux/defects4j4repair/script/../benchmarks/defects4j/framework/projects/Lang/lib/asm.jar:/home/tdurieux/defects4j4repair/script/../benchmarks/defects4j/framework/projects/Lang/lib/cglib.jar:/home/tdurieux/defects4j4repair/script/../benchmarks/defects4j/framework/projects/Lang/lib/commons-io.jar:/home/tdurieux/defects4j4repair/script/../benchmarks/defects4j/framework/projects/Lang/lib/easymock.jar:/home/tdurieux/defects4j4repair/script/../repair_tools/nopol.jar";
	echo "\n\nNode: `hostname`\n";
	echo "\n\nDate: `date`\n";
Picked up JAVA_TOOL_OPTIONS: -Dfile.encoding=UTF8
18:33:55.023 [main] INFO  fr.inria.lille.repair.nopol.NoPol - Source files: [src/java]
18:33:55.027 [main] INFO  fr.inria.lille.repair.nopol.NoPol - Classpath: [file:/tmp/Nopol_Defects4J_Lang_58/target/classes/, file:/tmp/Nopol_Defects4J_Lang_58/target/tests/, file:/tmp/Nopol_Defects4J_Lang_58/target/classes/, file:/tmp/Nopol_Defects4J_Lang_58/target/tests/, file:/home/tdurieux/defects4j4repair/script/../benchmarks/defects4j/framework/projects/Lang/lib/asm.jar, file:/home/tdurieux/defects4j4repair/script/../benchmarks/defects4j/framework/projects/Lang/lib/cglib.jar, file:/home/tdurieux/defects4j4repair/script/../benchmarks/defects4j/framework/projects/Lang/lib/commons-io.jar, file:/home/tdurieux/defects4j4repair/script/../benchmarks/defects4j/framework/projects/Lang/lib/easymock.jar, file:/home/tdurieux/defects4j4repair/script/../repair_tools/nopol.jar]
18:33:55.027 [main] INFO  fr.inria.lille.repair.nopol.NoPol - Statement type: PRE_THEN_COND
18:33:55.028 [main] INFO  fr.inria.lille.repair.nopol.NoPol - Args: [org.apache.commons.lang.ArrayUtilsAddTest, org.apache.commons.lang.ArrayUtilsAddTest, org.apache.commons.lang.ArrayUtilsRemoveTest, org.apache.commons.lang.ArrayUtilsRemoveTest, org.apache.commons.lang.ArrayUtilsTest, org.apache.commons.lang.ArrayUtilsTest, org.apache.commons.lang.BitFieldTest, org.apache.commons.lang.BitFieldTest, org.apache.commons.lang.BooleanUtilsTest, org.apache.commons.lang.BooleanUtilsTest, org.apache.commons.lang.CharEncodingTest, org.apache.commons.lang.CharEncodingTest, org.apache.commons.lang.CharRangeTest, org.apache.commons.lang.CharRangeTest, org.apache.commons.lang.CharSetTest, org.apache.commons.lang.CharSetTest, org.apache.commons.lang.CharSetUtilsTest, org.apache.commons.lang.CharSetUtilsTest, org.apache.commons.lang.CharUtilsTest, org.apache.commons.lang.CharUtilsTest, org.apache.commons.lang.ClassUtilsTest, org.apache.commons.lang.ClassUtilsTest, org.apache.commons.lang.EntitiesPerformanceTest, org.apache.commons.lang.EntitiesPerformanceTest, org.apache.commons.lang.EntitiesTest, org.apache.commons.lang.EntitiesTest, org.apache.commons.lang.IllegalClassExceptionTest, org.apache.commons.lang.IllegalClassExceptionTest, org.apache.commons.lang.IncompleteArgumentExceptionTest, org.apache.commons.lang.IncompleteArgumentExceptionTest, org.apache.commons.lang.IntHashMapTest, org.apache.commons.lang.IntHashMapTest, org.apache.commons.lang.LocaleUtilsTest, org.apache.commons.lang.LocaleUtilsTest, org.apache.commons.lang.NotImplementedExceptionTest, org.apache.commons.lang.NotImplementedExceptionTest, org.apache.commons.lang.NullArgumentExceptionTest, org.apache.commons.lang.NullArgumentExceptionTest, org.apache.commons.lang.NumberRangeTest, org.apache.commons.lang.NumberRangeTest, org.apache.commons.lang.NumberUtilsTest, org.apache.commons.lang.NumberUtilsTest, org.apache.commons.lang.ObjectUtilsTest, org.apache.commons.lang.ObjectUtilsTest, org.apache.commons.lang.RandomStringUtilsTest, org.apache.commons.lang.RandomStringUtilsTest, org.apache.commons.lang.SerializationUtilsTest, org.apache.commons.lang.SerializationUtilsTest, org.apache.commons.lang.StringEscapeUtilsTest, org.apache.commons.lang.StringEscapeUtilsTest, org.apache.commons.lang.StringUtilsEqualsIndexOfTest, org.apache.commons.lang.StringUtilsEqualsIndexOfTest, org.apache.commons.lang.StringUtilsIsTest, org.apache.commons.lang.StringUtilsIsTest, org.apache.commons.lang.StringUtilsSubstringTest, org.apache.commons.lang.StringUtilsSubstringTest, org.apache.commons.lang.StringUtilsTest, org.apache.commons.lang.StringUtilsTest, org.apache.commons.lang.StringUtilsTrimEmptyTest, org.apache.commons.lang.StringUtilsTrimEmptyTest, org.apache.commons.lang.SystemUtilsTest, org.apache.commons.lang.SystemUtilsTest, org.apache.commons.lang.UnhandledExceptionTest, org.apache.commons.lang.UnhandledExceptionTest, org.apache.commons.lang.ValidateTest, org.apache.commons.lang.ValidateTest, org.apache.commons.lang.WordUtilsTest, org.apache.commons.lang.WordUtilsTest, org.apache.commons.lang.builder.CompareToBuilderTest, org.apache.commons.lang.builder.CompareToBuilderTest, org.apache.commons.lang.builder.DefaultToStringStyleTest, org.apache.commons.lang.builder.DefaultToStringStyleTest, org.apache.commons.lang.builder.EqualsBuilderTest, org.apache.commons.lang.builder.EqualsBuilderTest, org.apache.commons.lang.builder.HashCodeBuilderAndEqualsBuilderTest, org.apache.commons.lang.builder.HashCodeBuilderAndEqualsBuilderTest, org.apache.commons.lang.builder.HashCodeBuilderTest, org.apache.commons.lang.builder.HashCodeBuilderTest, org.apache.commons.lang.builder.MultiLineToStringStyleTest, org.apache.commons.lang.builder.MultiLineToStringStyleTest, org.apache.commons.lang.builder.NoFieldNamesToStringStyleTest, org.apache.commons.lang.builder.NoFieldNamesToStringStyleTest, org.apache.commons.lang.builder.ReflectionToStringBuilderExcludeTest, org.apache.commons.lang.builder.ReflectionToStringBuilderExcludeTest, org.apache.commons.lang.builder.ShortPrefixToStringStyleTest, org.apache.commons.lang.builder.ShortPrefixToStringStyleTest, org.apache.commons.lang.builder.SimpleToStringStyleTest, org.apache.commons.lang.builder.SimpleToStringStyleTest, org.apache.commons.lang.builder.StandardToStringStyleTest, org.apache.commons.lang.builder.StandardToStringStyleTest, org.apache.commons.lang.builder.ToStringBuilderTest, org.apache.commons.lang.builder.ToStringBuilderTest, org.apache.commons.lang.builder.ToStringStyleTest, org.apache.commons.lang.builder.ToStringStyleTest, org.apache.commons.lang.enum.EnumTest, org.apache.commons.lang.enum.EnumTest, org.apache.commons.lang.enum.EnumUtilsTest, org.apache.commons.lang.enum.EnumUtilsTest, org.apache.commons.lang.enum.ValuedEnumTest, org.apache.commons.lang.enum.ValuedEnumTest, org.apache.commons.lang.enums.EnumEqualsTest, org.apache.commons.lang.enums.EnumEqualsTest, org.apache.commons.lang.enums.EnumTest, org.apache.commons.lang.enums.EnumTest, org.apache.commons.lang.enums.EnumUtilsTest, org.apache.commons.lang.enums.EnumUtilsTest, org.apache.commons.lang.enums.ValuedEnumTest, org.apache.commons.lang.enums.ValuedEnumTest, org.apache.commons.lang.exception.ExceptionUtilsTestCase, org.apache.commons.lang.exception.ExceptionUtilsTestCase, org.apache.commons.lang.exception.NestableDelegateTestCase, org.apache.commons.lang.exception.NestableDelegateTestCase, org.apache.commons.lang.exception.NestableErrorTestCase, org.apache.commons.lang.exception.NestableErrorTestCase, org.apache.commons.lang.exception.NestableExceptionTestCase, org.apache.commons.lang.exception.NestableExceptionTestCase, org.apache.commons.lang.exception.NestableRuntimeExceptionTestCase, org.apache.commons.lang.exception.NestableRuntimeExceptionTestCase, org.apache.commons.lang.math.DoubleRangeTest, org.apache.commons.lang.math.DoubleRangeTest, org.apache.commons.lang.math.FloatRangeTest, org.apache.commons.lang.math.FloatRangeTest, org.apache.commons.lang.math.FractionTest, org.apache.commons.lang.math.FractionTest, org.apache.commons.lang.math.IntRangeTest, org.apache.commons.lang.math.IntRangeTest, org.apache.commons.lang.math.LongRangeTest, org.apache.commons.lang.math.LongRangeTest, org.apache.commons.lang.math.NumberRangeTest, org.apache.commons.lang.math.NumberRangeTest, org.apache.commons.lang.math.NumberUtilsTest, org.apache.commons.lang.math.NumberUtilsTest, org.apache.commons.lang.math.RandomUtilsTest, org.apache.commons.lang.math.RandomUtilsTest, org.apache.commons.lang.math.RangeTest, org.apache.commons.lang.math.RangeTest, org.apache.commons.lang.mutable.MutableBooleanTest, org.apache.commons.lang.mutable.MutableBooleanTest, org.apache.commons.lang.mutable.MutableByteTest, org.apache.commons.lang.mutable.MutableByteTest, org.apache.commons.lang.mutable.MutableDoubleTest, org.apache.commons.lang.mutable.MutableDoubleTest, org.apache.commons.lang.mutable.MutableFloatTest, org.apache.commons.lang.mutable.MutableFloatTest, org.apache.commons.lang.mutable.MutableIntTest, org.apache.commons.lang.mutable.MutableIntTest, org.apache.commons.lang.mutable.MutableLongTest, org.apache.commons.lang.mutable.MutableLongTest, org.apache.commons.lang.mutable.MutableObjectTest, org.apache.commons.lang.mutable.MutableObjectTest, org.apache.commons.lang.mutable.MutableShortTest, org.apache.commons.lang.mutable.MutableShortTest, org.apache.commons.lang.text.CompositeFormatTest, org.apache.commons.lang.text.CompositeFormatTest, org.apache.commons.lang.text.StrBuilderAppendInsertTest, org.apache.commons.lang.text.StrBuilderAppendInsertTest, org.apache.commons.lang.text.StrBuilderTest, org.apache.commons.lang.text.StrBuilderTest, org.apache.commons.lang.text.StrLookupTest, org.apache.commons.lang.text.StrLookupTest, org.apache.commons.lang.text.StrMatcherTest, org.apache.commons.lang.text.StrMatcherTest, org.apache.commons.lang.text.StrSubstitutorTest, org.apache.commons.lang.text.StrSubstitutorTest, org.apache.commons.lang.text.StrTokenizerTest, org.apache.commons.lang.text.StrTokenizerTest, org.apache.commons.lang.time.DateFormatUtilsTest, org.apache.commons.lang.time.DateFormatUtilsTest, org.apache.commons.lang.time.DateUtilsTest, org.apache.commons.lang.time.DateUtilsTest, org.apache.commons.lang.time.DurationFormatUtilsTest, org.apache.commons.lang.time.DurationFormatUtilsTest, org.apache.commons.lang.time.FastDateFormatTest, org.apache.commons.lang.time.FastDateFormatTest, org.apache.commons.lang.time.StopWatchTest, org.apache.commons.lang.time.StopWatchTest]
18:33:55.031 [main] INFO  fr.inria.lille.repair.nopol.NoPol - Config: Config{synthesisDepth=3, collectStaticMethods=true, collectStaticFields=false, collectLiterals=false, onlyOneSynthesisResult=true, sortExpressions=true, maxLineInvocationPerTest=250, timeoutMethodInvocation=2000, dataCollectionTimeoutInSecondForSynthesis=900, addWeight=0.19478, subWeight=0.04554, mulWeight=0.0102, divWeight=0.00613, andWeight=0.10597, orWeight=0.05708, eqWeight=0.22798, nEqWeight=0.0, lessEqWeight=0.0255, lessWeight=0.0947, methodCallWeight=0.1, fieldAccessWeight=0.08099, constantWeight=0.14232, variableWeight=0.05195, mode=REPAIR, type=PRE_THEN_COND, synthesis=SMT, oracle=ANGELIC, solver=Z3, solverPath='/home/tdurieux/defects4j4repair/script/../libs/z3/build/z3', projectSources=[src/java], projectClasspath='[Ljava.net.URL;@66d33a', projectTests=[org.apache.commons.lang.ArrayUtilsAddTest, org.apache.commons.lang.ArrayUtilsAddTest, org.apache.commons.lang.ArrayUtilsRemoveTest, org.apache.commons.lang.ArrayUtilsRemoveTest, org.apache.commons.lang.ArrayUtilsTest, org.apache.commons.lang.ArrayUtilsTest, org.apache.commons.lang.BitFieldTest, org.apache.commons.lang.BitFieldTest, org.apache.commons.lang.BooleanUtilsTest, org.apache.commons.lang.BooleanUtilsTest, org.apache.commons.lang.CharEncodingTest, org.apache.commons.lang.CharEncodingTest, org.apache.commons.lang.CharRangeTest, org.apache.commons.lang.CharRangeTest, org.apache.commons.lang.CharSetTest, org.apache.commons.lang.CharSetTest, org.apache.commons.lang.CharSetUtilsTest, org.apache.commons.lang.CharSetUtilsTest, org.apache.commons.lang.CharUtilsTest, org.apache.commons.lang.CharUtilsTest, org.apache.commons.lang.ClassUtilsTest, org.apache.commons.lang.ClassUtilsTest, org.apache.commons.lang.EntitiesPerformanceTest, org.apache.commons.lang.EntitiesPerformanceTest, org.apache.commons.lang.EntitiesTest, org.apache.commons.lang.EntitiesTest, org.apache.commons.lang.IllegalClassExceptionTest, org.apache.commons.lang.IllegalClassExceptionTest, org.apache.commons.lang.IncompleteArgumentExceptionTest, org.apache.commons.lang.IncompleteArgumentExceptionTest, org.apache.commons.lang.IntHashMapTest, org.apache.commons.lang.IntHashMapTest, org.apache.commons.lang.LocaleUtilsTest, org.apache.commons.lang.LocaleUtilsTest, org.apache.commons.lang.NotImplementedExceptionTest, org.apache.commons.lang.NotImplementedExceptionTest, org.apache.commons.lang.NullArgumentExceptionTest, org.apache.commons.lang.NullArgumentExceptionTest, org.apache.commons.lang.NumberRangeTest, org.apache.commons.lang.NumberRangeTest, org.apache.commons.lang.NumberUtilsTest, org.apache.commons.lang.NumberUtilsTest, org.apache.commons.lang.ObjectUtilsTest, org.apache.commons.lang.ObjectUtilsTest, org.apache.commons.lang.RandomStringUtilsTest, org.apache.commons.lang.RandomStringUtilsTest, org.apache.commons.lang.SerializationUtilsTest, org.apache.commons.lang.SerializationUtilsTest, org.apache.commons.lang.StringEscapeUtilsTest, org.apache.commons.lang.StringEscapeUtilsTest, org.apache.commons.lang.StringUtilsEqualsIndexOfTest, org.apache.commons.lang.StringUtilsEqualsIndexOfTest, org.apache.commons.lang.StringUtilsIsTest, org.apache.commons.lang.StringUtilsIsTest, org.apache.commons.lang.StringUtilsSubstringTest, org.apache.commons.lang.StringUtilsSubstringTest, org.apache.commons.lang.StringUtilsTest, org.apache.commons.lang.StringUtilsTest, org.apache.commons.lang.StringUtilsTrimEmptyTest, org.apache.commons.lang.StringUtilsTrimEmptyTest, org.apache.commons.lang.SystemUtilsTest, org.apache.commons.lang.SystemUtilsTest, org.apache.commons.lang.UnhandledExceptionTest, org.apache.commons.lang.UnhandledExceptionTest, org.apache.commons.lang.ValidateTest, org.apache.commons.lang.ValidateTest, org.apache.commons.lang.WordUtilsTest, org.apache.commons.lang.WordUtilsTest, org.apache.commons.lang.builder.CompareToBuilderTest, org.apache.commons.lang.builder.CompareToBuilderTest, org.apache.commons.lang.builder.DefaultToStringStyleTest, org.apache.commons.lang.builder.DefaultToStringStyleTest, org.apache.commons.lang.builder.EqualsBuilderTest, org.apache.commons.lang.builder.EqualsBuilderTest, org.apache.commons.lang.builder.HashCodeBuilderAndEqualsBuilderTest, org.apache.commons.lang.builder.HashCodeBuilderAndEqualsBuilderTest, org.apache.commons.lang.builder.HashCodeBuilderTest, org.apache.commons.lang.builder.HashCodeBuilderTest, org.apache.commons.lang.builder.MultiLineToStringStyleTest, org.apache.commons.lang.builder.MultiLineToStringStyleTest, org.apache.commons.lang.builder.NoFieldNamesToStringStyleTest, org.apache.commons.lang.builder.NoFieldNamesToStringStyleTest, org.apache.commons.lang.builder.ReflectionToStringBuilderExcludeTest, org.apache.commons.lang.builder.ReflectionToStringBuilderExcludeTest, org.apache.commons.lang.builder.ShortPrefixToStringStyleTest, org.apache.commons.lang.builder.ShortPrefixToStringStyleTest, org.apache.commons.lang.builder.SimpleToStringStyleTest, org.apache.commons.lang.builder.SimpleToStringStyleTest, org.apache.commons.lang.builder.StandardToStringStyleTest, org.apache.commons.lang.builder.StandardToStringStyleTest, org.apache.commons.lang.builder.ToStringBuilderTest, org.apache.commons.lang.builder.ToStringBuilderTest, org.apache.commons.lang.builder.ToStringStyleTest, org.apache.commons.lang.builder.ToStringStyleTest, org.apache.commons.lang.enum.EnumTest, org.apache.commons.lang.enum.EnumTest, org.apache.commons.lang.enum.EnumUtilsTest, org.apache.commons.lang.enum.EnumUtilsTest, org.apache.commons.lang.enum.ValuedEnumTest, org.apache.commons.lang.enum.ValuedEnumTest, org.apache.commons.lang.enums.EnumEqualsTest, org.apache.commons.lang.enums.EnumEqualsTest, org.apache.commons.lang.enums.EnumTest, org.apache.commons.lang.enums.EnumTest, org.apache.commons.lang.enums.EnumUtilsTest, org.apache.commons.lang.enums.EnumUtilsTest, org.apache.commons.lang.enums.ValuedEnumTest, org.apache.commons.lang.enums.ValuedEnumTest, org.apache.commons.lang.exception.ExceptionUtilsTestCase, org.apache.commons.lang.exception.ExceptionUtilsTestCase, org.apache.commons.lang.exception.NestableDelegateTestCase, org.apache.commons.lang.exception.NestableDelegateTestCase, org.apache.commons.lang.exception.NestableErrorTestCase, org.apache.commons.lang.exception.NestableErrorTestCase, org.apache.commons.lang.exception.NestableExceptionTestCase, org.apache.commons.lang.exception.NestableExceptionTestCase, org.apache.commons.lang.exception.NestableRuntimeExceptionTestCase, org.apache.commons.lang.exception.NestableRuntimeExceptionTestCase, org.apache.commons.lang.math.DoubleRangeTest, org.apache.commons.lang.math.DoubleRangeTest, org.apache.commons.lang.math.FloatRangeTest, org.apache.commons.lang.math.FloatRangeTest, org.apache.commons.lang.math.FractionTest, org.apache.commons.lang.math.FractionTest, org.apache.commons.lang.math.IntRangeTest, org.apache.commons.lang.math.IntRangeTest, org.apache.commons.lang.math.LongRangeTest, org.apache.commons.lang.math.LongRangeTest, org.apache.commons.lang.math.NumberRangeTest, org.apache.commons.lang.math.NumberRangeTest, org.apache.commons.lang.math.NumberUtilsTest, org.apache.commons.lang.math.NumberUtilsTest, org.apache.commons.lang.math.RandomUtilsTest, org.apache.commons.lang.math.RandomUtilsTest, org.apache.commons.lang.math.RangeTest, org.apache.commons.lang.math.RangeTest, org.apache.commons.lang.mutable.MutableBooleanTest, org.apache.commons.lang.mutable.MutableBooleanTest, org.apache.commons.lang.mutable.MutableByteTest, org.apache.commons.lang.mutable.MutableByteTest, org.apache.commons.lang.mutable.MutableDoubleTest, org.apache.commons.lang.mutable.MutableDoubleTest, org.apache.commons.lang.mutable.MutableFloatTest, org.apache.commons.lang.mutable.MutableFloatTest, org.apache.commons.lang.mutable.MutableIntTest, org.apache.commons.lang.mutable.MutableIntTest, org.apache.commons.lang.mutable.MutableLongTest, org.apache.commons.lang.mutable.MutableLongTest, org.apache.commons.lang.mutable.MutableObjectTest, org.apache.commons.lang.mutable.MutableObjectTest, org.apache.commons.lang.mutable.MutableShortTest, org.apache.commons.lang.mutable.MutableShortTest, org.apache.commons.lang.text.CompositeFormatTest, org.apache.commons.lang.text.CompositeFormatTest, org.apache.commons.lang.text.StrBuilderAppendInsertTest, org.apache.commons.lang.text.StrBuilderAppendInsertTest, org.apache.commons.lang.text.StrBuilderTest, org.apache.commons.lang.text.StrBuilderTest, org.apache.commons.lang.text.StrLookupTest, org.apache.commons.lang.text.StrLookupTest, org.apache.commons.lang.text.StrMatcherTest, org.apache.commons.lang.text.StrMatcherTest, org.apache.commons.lang.text.StrSubstitutorTest, org.apache.commons.lang.text.StrSubstitutorTest, org.apache.commons.lang.text.StrTokenizerTest, org.apache.commons.lang.text.StrTokenizerTest, org.apache.commons.lang.time.DateFormatUtilsTest, org.apache.commons.lang.time.DateFormatUtilsTest, org.apache.commons.lang.time.DateUtilsTest, org.apache.commons.lang.time.DateUtilsTest, org.apache.commons.lang.time.DurationFormatUtilsTest, org.apache.commons.lang.time.DurationFormatUtilsTest, org.apache.commons.lang.time.FastDateFormatTest, org.apache.commons.lang.time.FastDateFormatTest, org.apache.commons.lang.time.StopWatchTest, org.apache.commons.lang.time.StopWatchTest], complianceLevel=7, outputFolder=., json=true}
18:33:55.031 [main] INFO  fr.inria.lille.repair.nopol.NoPol - Available processors (cores): 8
18:33:55.044 [main] INFO  fr.inria.lille.repair.nopol.NoPol - Free memory: 214 MB
18:33:55.044 [main] INFO  fr.inria.lille.repair.nopol.NoPol - Maximum memory: 3 GB
18:33:55.044 [main] INFO  fr.inria.lille.repair.nopol.NoPol - Total memory available to JVM: 241 MB
18:33:55.044 [main] INFO  fr.inria.lille.repair.nopol.NoPol - Java version: 1.8.0_181
18:33:55.046 [main] INFO  fr.inria.lille.repair.nopol.NoPol - JAVA_HOME: /usr/lib/jvm/java-1.8.0-openjdk-amd64/bin/
18:33:55.046 [main] INFO  fr.inria.lille.repair.nopol.NoPol - PATH: /usr/lib/jvm/java-1.8.0-openjdk-amd64/bin/:/usr/lib/oar/oardodo:/usr/lib/oar/oardodo:/usr/local/bin:/usr/bin:/bin:/usr/games
18:34:22.453 [pool-2-thread-1] DEBUG fr.inria.lille.repair.nopol.NoPol - statement #1
18:34:22.454 [pool-2-thread-1] DEBUG fr.inria.lille.repair.nopol.NoPol - Analysing SourceLocation org.apache.commons.lang.LocaleUtils:288 which is executed by 1 tests
-723213736
18:34:22.830 [pool-2-thread-1] DEBUG fr.inria.lille.repair.nopol.NoPol - statement #2
18:34:22.831 [pool-2-thread-1] DEBUG fr.inria.lille.repair.nopol.NoPol - Analysing SourceLocation org.apache.commons.lang.LocaleUtils:286 which is executed by 1 tests
-723213736
18:34:22.975 [pool-2-thread-1] DEBUG fr.inria.lille.repair.nopol.NoPol - looking with class fr.inria.lille.repair.nopol.spoon.smt.ConditionalAdder
junit.framework.AssertionFailedError: expected:<4> but was:<5>
    at junit.framework.Assert.fail(Assert.java:57)
    at junit.framework.Assert.failNotEquals(Assert.java:329)
    at junit.framework.Assert.assertEquals(Assert.java:78)
    at junit.framework.Assert.assertEquals(Assert.java:234)
    at junit.framework.Assert.assertEquals(Assert.java:241)
    at junit.framework.TestCase.assertEquals(TestCase.java:409)
18:34:23.071 [pool-4-thread-1] INFO  xxl.java.junit.TestCasesListener - Tests run finished (45 ms)
<> Total tests run: 11
<> Ignored tests: 0
<> Failed tests: 1
~ testCountriesByLanguage(org.apache.commons.lang.LocaleUtilsTest)
[expected:<4> but was:<5>]
junit.framework.AssertionFailedError: expected:<4> but was:<5>    at junit.framework.Assert.fail(Assert.java:57)
    at junit.framework.Assert.failNotEquals(Assert.java:329)
    at junit.framework.Assert.assertEquals(Assert.java:78)
    at junit.framework.Assert.assertEquals(Assert.java:234)
    at junit.framework.Assert.assertEquals(Assert.java:241)
    at junit.framework.TestCase.assertEquals(TestCase.java:409)

junit.framework.AssertionFailedError: expected same:<[de_CH, de_AT, de_LU, de_DE, de_GR]> was not:<[de_CH, de_AT, de_LU, de_DE, de_GR]>
    at junit.framework.Assert.fail(Assert.java:57)
    at junit.framework.Assert.failNotSame(Assert.java:325)
    at junit.framework.Assert.assertSame(Assert.java:288)
    at junit.framework.Assert.assertSame(Assert.java:296)
    at junit.framework.TestCase.assertSame(TestCase.java:465)
    at org.apache.commons.lang.LocaleUtilsTest.assertCountriesByLanguage(LocaleUtilsTest.java:443)
18:34:24.559 [pool-5-thread-1] INFO  f.i.l.c.t.SpecificationTestCasesListener - Tests run finished (17 ms)
<> Total tests run: 1
<> Ignored tests: 0
<> Failed tests: 1
~ testCountriesByLanguage(org.apache.commons.lang.LocaleUtilsTest)
[expected same:<[de_CH, de_AT, de_LU, de_DE, de_GR]> was not:<[de_CH, de_AT, de_LU, de_DE, de_GR]>]
junit.framework.AssertionFailedError: expected same:<[de_CH, de_AT, de_LU, de_DE, de_GR]> was not:<[de_CH, de_AT, de_LU, de_DE, de_GR]>    at junit.framework.Assert.fail(Assert.java:57)
    at junit.framework.Assert.failNotSame(Assert.java:325)
    at junit.framework.Assert.assertSame(Assert.java:288)
    at junit.framework.Assert.assertSame(Assert.java:296)
    at junit.framework.TestCase.assertSame(TestCase.java:465)
    at org.apache.commons.lang.LocaleUtilsTest.assertCountriesByLanguage(LocaleUtilsTest.java:443)

junit.framework.AssertionFailedError: expected:<4> but was:<5>
    at junit.framework.Assert.fail(Assert.java:57)
    at junit.framework.Assert.failNotEquals(Assert.java:329)
    at junit.framework.Assert.assertEquals(Assert.java:78)
    at junit.framework.Assert.assertEquals(Assert.java:234)
    at junit.framework.Assert.assertEquals(Assert.java:241)
    at junit.framework.TestCase.assertEquals(TestCase.java:409)
18:34:24.565 [pool-6-thread-1] INFO  f.i.l.c.t.SpecificationTestCasesListener - Tests run finished (1 ms)
<> Total tests run: 1
<> Ignored tests: 0
<> Failed tests: 1
~ testCountriesByLanguage(org.apache.commons.lang.LocaleUtilsTest)
[expected:<4> but was:<5>]
junit.framework.AssertionFailedError: expected:<4> but was:<5>    at junit.framework.Assert.fail(Assert.java:57)
    at junit.framework.Assert.failNotEquals(Assert.java:329)
    at junit.framework.Assert.assertEquals(Assert.java:78)
    at junit.framework.Assert.assertEquals(Assert.java:234)
    at junit.framework.Assert.assertEquals(Assert.java:241)
    at junit.framework.TestCase.assertEquals(TestCase.java:409)

18:34:24.567 [pool-3-thread-1] DEBUG tests.output - Failing tests with false: 
[testCountriesByLanguage(org.apache.commons.lang.LocaleUtilsTest): expected same:<[de_CH, de_AT, de_LU, de_DE, de_GR]> was not:<[de_CH, de_AT, de_LU, de_DE, de_GR]>]
18:34:24.567 [pool-3-thread-1] DEBUG tests.output - Failing tests with true: 
[testCountriesByLanguage(org.apache.commons.lang.LocaleUtilsTest): expected:<4> but was:<5>]
18:34:24.567 [pool-3-thread-1] INFO  f.i.l.r.n.synth.SMTNopolSynthesizer - Not enough specifications: 0. A trivial patch is "true" or "false", please write new tests specifying SourceLocation org.apache.commons.lang.LocaleUtils:286.
18:34:24.568 [pool-2-thread-1] DEBUG fr.inria.lille.repair.nopol.NoPol - statement #3
18:34:24.569 [pool-2-thread-1] DEBUG fr.inria.lille.repair.nopol.NoPol - Analysing SourceLocation org.apache.commons.lang.LocaleUtils:284 which is executed by 1 tests
-723213736
18:34:24.712 [pool-2-thread-1] DEBUG fr.inria.lille.repair.nopol.NoPol - looking with class fr.inria.lille.repair.nopol.spoon.smt.ConditionalAdder
junit.framework.AssertionFailedError: expected:<4> but was:<5>
    at junit.framework.Assert.fail(Assert.java:57)
    at junit.framework.Assert.failNotEquals(Assert.java:329)
    at junit.framework.Assert.assertEquals(Assert.java:78)
    at junit.framework.Assert.assertEquals(Assert.java:234)
    at junit.framework.Assert.assertEquals(Assert.java:241)
    at junit.framework.TestCase.assertEquals(TestCase.java:409)
18:34:24.726 [pool-8-thread-1] INFO  xxl.java.junit.TestCasesListener - Tests run finished (8 ms)
<> Total tests run: 11
<> Ignored tests: 0
<> Failed tests: 1
~ testCountriesByLanguage(org.apache.commons.lang.LocaleUtilsTest)
[expected:<4> but was:<5>]
junit.framework.AssertionFailedError: expected:<4> but was:<5>    at junit.framework.Assert.fail(Assert.java:57)
    at junit.framework.Assert.failNotEquals(Assert.java:329)
    at junit.framework.Assert.assertEquals(Assert.java:78)
    at junit.framework.Assert.assertEquals(Assert.java:234)
    at junit.framework.Assert.assertEquals(Assert.java:241)
    at junit.framework.TestCase.assertEquals(TestCase.java:409)

junit.framework.AssertionFailedError
    at junit.framework.Assert.fail(Assert.java:55)
    at junit.framework.Assert.assertTrue(Assert.java:22)
    at junit.framework.Assert.assertNotNull(Assert.java:256)
    at junit.framework.Assert.assertNotNull(Assert.java:248)
    at junit.framework.TestCase.assertNotNull(TestCase.java:417)
    at org.apache.commons.lang.LocaleUtilsTest.assertCountriesByLanguage(LocaleUtilsTest.java:442)
18:34:25.031 [pool-9-thread-1] INFO  f.i.l.c.t.SpecificationTestCasesListener - Tests run finished (3 ms)
<> Total tests run: 1
<> Ignored tests: 0
<> Failed tests: 1
~ testCountriesByLanguage(org.apache.commons.lang.LocaleUtilsTest)
[null]
junit.framework.AssertionFailedError    at junit.framework.Assert.fail(Assert.java:55)
    at junit.framework.Assert.assertTrue(Assert.java:22)
    at junit.framework.Assert.assertNotNull(Assert.java:256)
    at junit.framework.Assert.assertNotNull(Assert.java:248)
    at junit.framework.TestCase.assertNotNull(TestCase.java:417)
    at org.apache.commons.lang.LocaleUtilsTest.assertCountriesByLanguage(LocaleUtilsTest.java:442)

junit.framework.AssertionFailedError: expected:<4> but was:<5>
    at junit.framework.Assert.fail(Assert.java:57)
    at junit.framework.Assert.failNotEquals(Assert.java:329)
    at junit.framework.Assert.assertEquals(Assert.java:78)
    at junit.framework.Assert.assertEquals(Assert.java:234)
    at junit.framework.Assert.assertEquals(Assert.java:241)
    at junit.framework.TestCase.assertEquals(TestCase.java:409)
18:34:25.035 [pool-10-thread-1] INFO  f.i.l.c.t.SpecificationTestCasesListener - Tests run finished (1 ms)
<> Total tests run: 1
<> Ignored tests: 0
<> Failed tests: 1
~ testCountriesByLanguage(org.apache.commons.lang.LocaleUtilsTest)
[expected:<4> but was:<5>]
junit.framework.AssertionFailedError: expected:<4> but was:<5>    at junit.framework.Assert.fail(Assert.java:57)
    at junit.framework.Assert.failNotEquals(Assert.java:329)
    at junit.framework.Assert.assertEquals(Assert.java:78)
    at junit.framework.Assert.assertEquals(Assert.java:234)
    at junit.framework.Assert.assertEquals(Assert.java:241)
    at junit.framework.TestCase.assertEquals(TestCase.java:409)

18:34:25.036 [pool-7-thread-1] DEBUG tests.output - Failing tests with false: 
[testCountriesByLanguage(org.apache.commons.lang.LocaleUtilsTest): null]
18:34:25.036 [pool-7-thread-1] DEBUG tests.output - Failing tests with true: 
[testCountriesByLanguage(org.apache.commons.lang.LocaleUtilsTest): expected:<4> but was:<5>]
18:34:25.036 [pool-7-thread-1] INFO  f.i.l.r.n.synth.SMTNopolSynthesizer - Not enough specifications: 0. A trivial patch is "true" or "false", please write new tests specifying SourceLocation org.apache.commons.lang.LocaleUtils:284.
18:34:25.036 [pool-2-thread-1] DEBUG fr.inria.lille.repair.nopol.NoPol - statement #4
18:34:25.037 [pool-2-thread-1] DEBUG fr.inria.lille.repair.nopol.NoPol - Analysing SourceLocation org.apache.commons.lang.LocaleUtils:283 which is executed by 1 tests
-723213736
18:34:25.161 [pool-2-thread-1] DEBUG fr.inria.lille.repair.nopol.NoPol - statement #5
18:34:25.162 [pool-2-thread-1] DEBUG fr.inria.lille.repair.nopol.NoPol - Analysing SourceLocation org.apache.commons.lang.LocaleUtils:282 which is executed by 1 tests
-723213736
18:34:25.348 [pool-2-thread-1] DEBUG fr.inria.lille.repair.nopol.NoPol - looking with class fr.inria.lille.repair.nopol.spoon.smt.ConditionalAdder
junit.framework.AssertionFailedError: expected:<4> but was:<5>
    at junit.framework.Assert.fail(Assert.java:57)
    at junit.framework.Assert.failNotEquals(Assert.java:329)
    at junit.framework.Assert.assertEquals(Assert.java:78)
    at junit.framework.Assert.assertEquals(Assert.java:234)
    at junit.framework.Assert.assertEquals(Assert.java:241)
    at junit.framework.TestCase.assertEquals(TestCase.java:409)
18:34:25.361 [pool-12-thread-1] INFO  xxl.java.junit.TestCasesListener - Tests run finished (7 ms)
<> Total tests run: 11
<> Ignored tests: 0
<> Failed tests: 1
~ testCountriesByLanguage(org.apache.commons.lang.LocaleUtilsTest)
[expected:<4> but was:<5>]
junit.framework.AssertionFailedError: expected:<4> but was:<5>    at junit.framework.Assert.fail(Assert.java:57)
    at junit.framework.Assert.failNotEquals(Assert.java:329)
    at junit.framework.Assert.assertEquals(Assert.java:78)
    at junit.framework.Assert.assertEquals(Assert.java:234)
    at junit.framework.Assert.assertEquals(Assert.java:241)
    at junit.framework.TestCase.assertEquals(TestCase.java:409)

junit.framework.AssertionFailedError: expected:<4> but was:<5>
    at junit.framework.Assert.fail(Assert.java:57)
    at junit.framework.Assert.failNotEquals(Assert.java:329)
    at junit.framework.Assert.assertEquals(Assert.java:78)
    at junit.framework.Assert.assertEquals(Assert.java:234)
    at junit.framework.Assert.assertEquals(Assert.java:241)
    at junit.framework.TestCase.assertEquals(TestCase.java:409)
18:34:25.635 [pool-13-thread-1] INFO  f.i.l.c.t.SpecificationTestCasesListener - Tests run finished (2 ms)
<> Total tests run: 1
<> Ignored tests: 0
<> Failed tests: 1
~ testCountriesByLanguage(org.apache.commons.lang.LocaleUtilsTest)
[expected:<4> but was:<5>]
junit.framework.AssertionFailedError: expected:<4> but was:<5>    at junit.framework.Assert.fail(Assert.java:57)
    at junit.framework.Assert.failNotEquals(Assert.java:329)
    at junit.framework.Assert.assertEquals(Assert.java:78)
    at junit.framework.Assert.assertEquals(Assert.java:234)
    at junit.framework.Assert.assertEquals(Assert.java:241)
    at junit.framework.TestCase.assertEquals(TestCase.java:409)

junit.framework.AssertionFailedError: expected:<4> but was:<5>
    at junit.framework.Assert.fail(Assert.java:57)
    at junit.framework.Assert.failNotEquals(Assert.java:329)
    at junit.framework.Assert.assertEquals(Assert.java:78)
    at junit.framework.Assert.assertEquals(Assert.java:234)
    at junit.framework.Assert.assertEquals(Assert.java:241)
    at junit.framework.TestCase.assertEquals(TestCase.java:409)
18:34:25.638 [pool-14-thread-1] INFO  f.i.l.c.t.SpecificationTestCasesListener - Tests run finished (1 ms)
<> Total tests run: 1
<> Ignored tests: 0
<> Failed tests: 1
~ testCountriesByLanguage(org.apache.commons.lang.LocaleUtilsTest)
[expected:<4> but was:<5>]
junit.framework.AssertionFailedError: expected:<4> but was:<5>    at junit.framework.Assert.fail(Assert.java:57)
    at junit.framework.Assert.failNotEquals(Assert.java:329)
    at junit.framework.Assert.assertEquals(Assert.java:78)
    at junit.framework.Assert.assertEquals(Assert.java:234)
    at junit.framework.Assert.assertEquals(Assert.java:241)
    at junit.framework.TestCase.assertEquals(TestCase.java:409)

18:34:25.643 [pool-11-thread-1] DEBUG tests.output - Failing tests with false: 
[testCountriesByLanguage(org.apache.commons.lang.LocaleUtilsTest): expected:<4> but was:<5>]
18:34:25.643 [pool-11-thread-1] DEBUG tests.output - Failing tests with true: 
[testCountriesByLanguage(org.apache.commons.lang.LocaleUtilsTest): expected:<4> but was:<5>]
18:34:25.643 [pool-11-thread-1] INFO  f.i.l.r.n.synth.SMTNopolSynthesizer - Not enough specifications: 0. A trivial patch is "true" or "false", please write new tests specifying SourceLocation org.apache.commons.lang.LocaleUtils:282.
18:34:25.644 [pool-2-thread-1] DEBUG fr.inria.lille.repair.nopol.NoPol - statement #6
18:34:25.645 [pool-2-thread-1] DEBUG fr.inria.lille.repair.nopol.NoPol - Analysing SourceLocation org.apache.commons.lang.LocaleUtils:279 which is executed by 1 tests
-723213736
18:34:25.771 [pool-2-thread-1] DEBUG fr.inria.lille.repair.nopol.NoPol - looking with class fr.inria.lille.repair.nopol.spoon.smt.ConditionalAdder
junit.framework.AssertionFailedError: expected:<4> but was:<5>
    at junit.framework.Assert.fail(Assert.java:57)
    at junit.framework.Assert.failNotEquals(Assert.java:329)
    at junit.framework.Assert.assertEquals(Assert.java:78)
    at junit.framework.Assert.assertEquals(Assert.java:234)
    at junit.framework.Assert.assertEquals(Assert.java:241)
    at junit.framework.TestCase.assertEquals(TestCase.java:409)
18:34:25.784 [pool-16-thread-1] INFO  xxl.java.junit.TestCasesListener - Tests run finished (7 ms)
<> Total tests run: 11
<> Ignored tests: 0
<> Failed tests: 1
~ testCountriesByLanguage(org.apache.commons.lang.LocaleUtilsTest)
[expected:<4> but was:<5>]
junit.framework.AssertionFailedError: expected:<4> but was:<5>    at junit.framework.Assert.fail(Assert.java:57)
    at junit.framework.Assert.failNotEquals(Assert.java:329)
    at junit.framework.Assert.assertEquals(Assert.java:78)
    at junit.framework.Assert.assertEquals(Assert.java:234)
    at junit.framework.Assert.assertEquals(Assert.java:241)
    at junit.framework.TestCase.assertEquals(TestCase.java:409)

junit.framework.AssertionFailedError: expected:<4> but was:<0>
    at junit.framework.Assert.fail(Assert.java:57)
    at junit.framework.Assert.failNotEquals(Assert.java:329)
    at junit.framework.Assert.assertEquals(Assert.java:78)
    at junit.framework.Assert.assertEquals(Assert.java:234)
    at junit.framework.Assert.assertEquals(Assert.java:241)
    at junit.framework.TestCase.assertEquals(TestCase.java:409)
18:34:26.062 [pool-17-thread-1] INFO  f.i.l.c.t.SpecificationTestCasesListener - Tests run finished (3 ms)
<> Total tests run: 1
<> Ignored tests: 0
<> Failed tests: 1
~ testCountriesByLanguage(org.apache.commons.lang.LocaleUtilsTest)
[expected:<4> but was:<0>]
junit.framework.AssertionFailedError: expected:<4> but was:<0>    at junit.framework.Assert.fail(Assert.java:57)
    at junit.framework.Assert.failNotEquals(Assert.java:329)
    at junit.framework.Assert.assertEquals(Assert.java:78)
    at junit.framework.Assert.assertEquals(Assert.java:234)
    at junit.framework.Assert.assertEquals(Assert.java:241)
    at junit.framework.TestCase.assertEquals(TestCase.java:409)

junit.framework.AssertionFailedError: expected:<4> but was:<0>
    at junit.framework.Assert.fail(Assert.java:57)
    at junit.framework.Assert.failNotEquals(Assert.java:329)
    at junit.framework.Assert.assertEquals(Assert.java:78)
    at junit.framework.Assert.assertEquals(Assert.java:234)
    at junit.framework.Assert.assertEquals(Assert.java:241)
    at junit.framework.TestCase.assertEquals(TestCase.java:409)
18:34:26.066 [pool-18-thread-1] INFO  f.i.l.c.t.SpecificationTestCasesListener - Tests run finished (1 ms)
<> Total tests run: 1
<> Ignored tests: 0
<> Failed tests: 1
~ testCountriesByLanguage(org.apache.commons.lang.LocaleUtilsTest)
[expected:<4> but was:<0>]
junit.framework.AssertionFailedError: expected:<4> but was:<0>    at junit.framework.Assert.fail(Assert.java:57)
    at junit.framework.Assert.failNotEquals(Assert.java:329)
    at junit.framework.Assert.assertEquals(Assert.java:78)
    at junit.framework.Assert.assertEquals(Assert.java:234)
    at junit.framework.Assert.assertEquals(Assert.java:241)
    at junit.framework.TestCase.assertEquals(TestCase.java:409)

18:34:26.067 [pool-15-thread-1] DEBUG tests.output - Failing tests with false: 
[testCountriesByLanguage(org.apache.commons.lang.LocaleUtilsTest): expected:<4> but was:<0>]
18:34:26.067 [pool-15-thread-1] DEBUG tests.output - Failing tests with true: 
[testCountriesByLanguage(org.apache.commons.lang.LocaleUtilsTest): expected:<4> but was:<0>]
18:34:26.068 [pool-15-thread-1] INFO  f.i.l.r.n.synth.SMTNopolSynthesizer - Not enough specifications: 0. A trivial patch is "true" or "false", please write new tests specifying SourceLocation org.apache.commons.lang.LocaleUtils:279.
18:34:26.075 [pool-2-thread-1] DEBUG fr.inria.lille.repair.nopol.NoPol - statement #7
18:34:26.075 [pool-2-thread-1] DEBUG fr.inria.lille.repair.nopol.NoPol - Analysing SourceLocation org.apache.commons.lang.LocaleUtils:276 which is executed by 1 tests
-723213736
18:34:26.206 [pool-2-thread-1] DEBUG fr.inria.lille.repair.nopol.NoPol - looking with class fr.inria.lille.repair.nopol.spoon.smt.ConditionalAdder
junit.framework.AssertionFailedError: expected:<4> but was:<5>
    at junit.framework.Assert.fail(Assert.java:57)
    at junit.framework.Assert.failNotEquals(Assert.java:329)
    at junit.framework.Assert.assertEquals(Assert.java:78)
    at junit.framework.Assert.assertEquals(Assert.java:234)
    at junit.framework.Assert.assertEquals(Assert.java:241)
    at junit.framework.TestCase.assertEquals(TestCase.java:409)
18:34:26.219 [pool-20-thread-1] INFO  xxl.java.junit.TestCasesListener - Tests run finished (8 ms)
<> Total tests run: 11
<> Ignored tests: 0
<> Failed tests: 1
~ testCountriesByLanguage(org.apache.commons.lang.LocaleUtilsTest)
[expected:<4> but was:<5>]
junit.framework.AssertionFailedError: expected:<4> but was:<5>    at junit.framework.Assert.fail(Assert.java:57)
    at junit.framework.Assert.failNotEquals(Assert.java:329)
    at junit.framework.Assert.assertEquals(Assert.java:78)
    at junit.framework.Assert.assertEquals(Assert.java:234)
    at junit.framework.Assert.assertEquals(Assert.java:241)
    at junit.framework.TestCase.assertEquals(TestCase.java:409)

junit.framework.AssertionFailedError: expected:<4> but was:<0>
    at junit.framework.Assert.fail(Assert.java:57)
    at junit.framework.Assert.failNotEquals(Assert.java:329)
    at junit.framework.Assert.assertEquals(Assert.java:78)
    at junit.framework.Assert.assertEquals(Assert.java:234)
    at junit.framework.Assert.assertEquals(Assert.java:241)
    at junit.framework.TestCase.assertEquals(TestCase.java:409)
18:34:26.550 [pool-21-thread-1] INFO  f.i.l.c.t.SpecificationTestCasesListener - Tests run finished (15 ms)
<> Total tests run: 1
<> Ignored tests: 0
<> Failed tests: 1
~ testCountriesByLanguage(org.apache.commons.lang.LocaleUtilsTest)
[expected:<4> but was:<0>]
junit.framework.AssertionFailedError: expected:<4> but was:<0>    at junit.framework.Assert.fail(Assert.java:57)
    at junit.framework.Assert.failNotEquals(Assert.java:329)
    at junit.framework.Assert.assertEquals(Assert.java:78)
    at junit.framework.Assert.assertEquals(Assert.java:234)
    at junit.framework.Assert.assertEquals(Assert.java:241)
    at junit.framework.TestCase.assertEquals(TestCase.java:409)

junit.framework.AssertionFailedError: expected:<4> but was:<0>
    at junit.framework.Assert.fail(Assert.java:57)
    at junit.framework.Assert.failNotEquals(Assert.java:329)
    at junit.framework.Assert.assertEquals(Assert.java:78)
    at junit.framework.Assert.assertEquals(Assert.java:234)
    at junit.framework.Assert.assertEquals(Assert.java:241)
    at junit.framework.TestCase.assertEquals(TestCase.java:409)
18:34:26.554 [pool-22-thread-1] INFO  f.i.l.c.t.SpecificationTestCasesListener - Tests run finished (1 ms)
<> Total tests run: 1
<> Ignored tests: 0
<> Failed tests: 1
~ testCountriesByLanguage(org.apache.commons.lang.LocaleUtilsTest)
[expected:<4> but was:<0>]
junit.framework.AssertionFailedError: expected:<4> but was:<0>    at junit.framework.Assert.fail(Assert.java:57)
    at junit.framework.Assert.failNotEquals(Assert.java:329)
    at junit.framework.Assert.assertEquals(Assert.java:78)
    at junit.framework.Assert.assertEquals(Assert.java:234)
    at junit.framework.Assert.assertEquals(Assert.java:241)
    at junit.framework.TestCase.assertEquals(TestCase.java:409)

18:34:26.554 [pool-19-thread-1] DEBUG tests.output - Failing tests with false: 
[testCountriesByLanguage(org.apache.commons.lang.LocaleUtilsTest): expected:<4> but was:<0>]
18:34:26.555 [pool-19-thread-1] DEBUG tests.output - Failing tests with true: 
[testCountriesByLanguage(org.apache.commons.lang.LocaleUtilsTest): expected:<4> but was:<0>]
18:34:26.555 [pool-19-thread-1] INFO  f.i.l.r.n.synth.SMTNopolSynthesizer - Not enough specifications: 0. A trivial patch is "true" or "false", please write new tests specifying SourceLocation org.apache.commons.lang.LocaleUtils:276.
18:34:26.555 [pool-2-thread-1] DEBUG fr.inria.lille.repair.nopol.NoPol - looking with class fr.inria.lille.repair.nopol.spoon.smt.ConditionalReplacer
junit.framework.AssertionFailedError: expected:<4> but was:<5>
    at junit.framework.Assert.fail(Assert.java:57)
    at junit.framework.Assert.failNotEquals(Assert.java:329)
    at junit.framework.Assert.assertEquals(Assert.java:78)
    at junit.framework.Assert.assertEquals(Assert.java:234)
    at junit.framework.Assert.assertEquals(Assert.java:241)
    at junit.framework.TestCase.assertEquals(TestCase.java:409)
18:34:26.567 [pool-24-thread-1] INFO  xxl.java.junit.TestCasesListener - Tests run finished (6 ms)
<> Total tests run: 11
<> Ignored tests: 0
<> Failed tests: 1
~ testCountriesByLanguage(org.apache.commons.lang.LocaleUtilsTest)
[expected:<4> but was:<5>]
junit.framework.AssertionFailedError: expected:<4> but was:<5>    at junit.framework.Assert.fail(Assert.java:57)
    at junit.framework.Assert.failNotEquals(Assert.java:329)
    at junit.framework.Assert.assertEquals(Assert.java:78)
    at junit.framework.Assert.assertEquals(Assert.java:234)
    at junit.framework.Assert.assertEquals(Assert.java:241)
    at junit.framework.TestCase.assertEquals(TestCase.java:409)

junit.framework.AssertionFailedError: expected:<4> but was:<0>
    at junit.framework.Assert.fail(Assert.java:57)
    at junit.framework.Assert.failNotEquals(Assert.java:329)
    at junit.framework.Assert.assertEquals(Assert.java:78)
    at junit.framework.Assert.assertEquals(Assert.java:234)
    at junit.framework.Assert.assertEquals(Assert.java:241)
    at junit.framework.TestCase.assertEquals(TestCase.java:409)
18:34:26.816 [pool-25-thread-1] INFO  f.i.l.c.t.SpecificationTestCasesListener - Tests run finished (10 ms)
<> Total tests run: 1
<> Ignored tests: 0
<> Failed tests: 1
~ testCountriesByLanguage(org.apache.commons.lang.LocaleUtilsTest)
[expected:<4> but was:<0>]
junit.framework.AssertionFailedError: expected:<4> but was:<0>    at junit.framework.Assert.fail(Assert.java:57)
    at junit.framework.Assert.failNotEquals(Assert.java:329)
    at junit.framework.Assert.assertEquals(Assert.java:78)
    at junit.framework.Assert.assertEquals(Assert.java:234)
    at junit.framework.Assert.assertEquals(Assert.java:241)
    at junit.framework.TestCase.assertEquals(TestCase.java:409)

junit.framework.AssertionFailedError: expected:<4> but was:<0>
    at junit.framework.Assert.fail(Assert.java:57)
    at junit.framework.Assert.failNotEquals(Assert.java:329)
    at junit.framework.Assert.assertEquals(Assert.java:78)
    at junit.framework.Assert.assertEquals(Assert.java:234)
    at junit.framework.Assert.assertEquals(Assert.java:241)
    at junit.framework.TestCase.assertEquals(TestCase.java:409)
18:34:26.820 [pool-26-thread-1] INFO  f.i.l.c.t.SpecificationTestCasesListener - Tests run finished (0 ms)
<> Total tests run: 1
<> Ignored tests: 0
<> Failed tests: 1
~ testCountriesByLanguage(org.apache.commons.lang.LocaleUtilsTest)
[expected:<4> but was:<0>]
junit.framework.AssertionFailedError: expected:<4> but was:<0>    at junit.framework.Assert.fail(Assert.java:57)
    at junit.framework.Assert.failNotEquals(Assert.java:329)
    at junit.framework.Assert.assertEquals(Assert.java:78)
    at junit.framework.Assert.assertEquals(Assert.java:234)
    at junit.framework.Assert.assertEquals(Assert.java:241)
    at junit.framework.TestCase.assertEquals(TestCase.java:409)

18:34:26.820 [pool-23-thread-1] DEBUG tests.output - Failing tests with false: 
[testCountriesByLanguage(org.apache.commons.lang.LocaleUtilsTest): expected:<4> but was:<0>]
18:34:26.820 [pool-23-thread-1] DEBUG tests.output - Failing tests with true: 
[testCountriesByLanguage(org.apache.commons.lang.LocaleUtilsTest): expected:<4> but was:<0>]
18:34:26.821 [pool-23-thread-1] INFO  f.i.l.r.n.synth.SMTNopolSynthesizer - Not enough specifications: 0. A trivial patch is "true" or "false", please write new tests specifying SourceLocation org.apache.commons.lang.LocaleUtils:276.
18:34:26.821 [pool-2-thread-1] DEBUG fr.inria.lille.repair.nopol.NoPol - statement #8
18:34:26.821 [pool-2-thread-1] DEBUG fr.inria.lille.repair.nopol.NoPol - Analysing SourceLocation org.apache.commons.lang.LocaleUtils:275 which is executed by 1 tests
-723213736
18:34:26.943 [pool-2-thread-1] DEBUG fr.inria.lille.repair.nopol.NoPol - statement #9
18:34:26.943 [pool-2-thread-1] DEBUG fr.inria.lille.repair.nopol.NoPol - Analysing SourceLocation org.apache.commons.lang.LocaleUtils:274 which is executed by 1 tests
-723213736
18:34:27.066 [pool-2-thread-1] DEBUG fr.inria.lille.repair.nopol.NoPol - looking with class fr.inria.lille.repair.nopol.spoon.smt.ConditionalAdder
junit.framework.AssertionFailedError: expected:<4> but was:<5>
    at junit.framework.Assert.fail(Assert.java:57)
    at junit.framework.Assert.failNotEquals(Assert.java:329)
    at junit.framework.Assert.assertEquals(Assert.java:78)
    at junit.framework.Assert.assertEquals(Assert.java:234)
    at junit.framework.Assert.assertEquals(Assert.java:241)
    at junit.framework.TestCase.assertEquals(TestCase.java:409)
18:34:27.077 [pool-28-thread-1] INFO  xxl.java.junit.TestCasesListener - Tests run finished (6 ms)
<> Total tests run: 11
<> Ignored tests: 0
<> Failed tests: 1
~ testCountriesByLanguage(org.apache.commons.lang.LocaleUtilsTest)
[expected:<4> but was:<5>]
junit.framework.AssertionFailedError: expected:<4> but was:<5>    at junit.framework.Assert.fail(Assert.java:57)
    at junit.framework.Assert.failNotEquals(Assert.java:329)
    at junit.framework.Assert.assertEquals(Assert.java:78)
    at junit.framework.Assert.assertEquals(Assert.java:234)
    at junit.framework.Assert.assertEquals(Assert.java:241)
    at junit.framework.TestCase.assertEquals(TestCase.java:409)

junit.framework.AssertionFailedError: expected:<4> but was:<0>
    at junit.framework.Assert.fail(Assert.java:57)
    at junit.framework.Assert.failNotEquals(Assert.java:329)
    at junit.framework.Assert.assertEquals(Assert.java:78)
    at junit.framework.Assert.assertEquals(Assert.java:234)
    at junit.framework.Assert.assertEquals(Assert.java:241)
    at junit.framework.TestCase.assertEquals(TestCase.java:409)
18:34:27.300 [pool-29-thread-1] INFO  f.i.l.c.t.SpecificationTestCasesListener - Tests run finished (2 ms)
<> Total tests run: 1
<> Ignored tests: 0
<> Failed tests: 1
~ testCountriesByLanguage(org.apache.commons.lang.LocaleUtilsTest)
[expected:<4> but was:<0>]
junit.framework.AssertionFailedError: expected:<4> but was:<0>    at junit.framework.Assert.fail(Assert.java:57)
    at junit.framework.Assert.failNotEquals(Assert.java:329)
    at junit.framework.Assert.assertEquals(Assert.java:78)
    at junit.framework.Assert.assertEquals(Assert.java:234)
    at junit.framework.Assert.assertEquals(Assert.java:241)
    at junit.framework.TestCase.assertEquals(TestCase.java:409)

junit.framework.AssertionFailedError: expected:<4> but was:<0>
    at junit.framework.Assert.fail(Assert.java:57)
    at junit.framework.Assert.failNotEquals(Assert.java:329)
    at junit.framework.Assert.assertEquals(Assert.java:78)
    at junit.framework.Assert.assertEquals(Assert.java:234)
    at junit.framework.Assert.assertEquals(Assert.java:241)
    at junit.framework.TestCase.assertEquals(TestCase.java:409)
18:34:27.303 [pool-30-thread-1] INFO  f.i.l.c.t.SpecificationTestCasesListener - Tests run finished (0 ms)
<> Total tests run: 1
<> Ignored tests: 0
<> Failed tests: 1
~ testCountriesByLanguage(org.apache.commons.lang.LocaleUtilsTest)
[expected:<4> but was:<0>]
junit.framework.AssertionFailedError: expected:<4> but was:<0>    at junit.framework.Assert.fail(Assert.java:57)
    at junit.framework.Assert.failNotEquals(Assert.java:329)
    at junit.framework.Assert.assertEquals(Assert.java:78)
    at junit.framework.Assert.assertEquals(Assert.java:234)
    at junit.framework.Assert.assertEquals(Assert.java:241)
    at junit.framework.TestCase.assertEquals(TestCase.java:409)

18:34:27.304 [pool-27-thread-1] DEBUG tests.output - Failing tests with false: 
[testCountriesByLanguage(org.apache.commons.lang.LocaleUtilsTest): expected:<4> but was:<0>]
18:34:27.305 [pool-27-thread-1] DEBUG tests.output - Failing tests with true: 
[testCountriesByLanguage(org.apache.commons.lang.LocaleUtilsTest): expected:<4> but was:<0>]
18:34:27.305 [pool-27-thread-1] INFO  f.i.l.r.n.synth.SMTNopolSynthesizer - Not enough specifications: 0. A trivial patch is "true" or "false", please write new tests specifying SourceLocation org.apache.commons.lang.LocaleUtils:274.
18:34:27.305 [pool-2-thread-1] DEBUG fr.inria.lille.repair.nopol.NoPol - statement #10
18:34:27.305 [pool-2-thread-1] DEBUG fr.inria.lille.repair.nopol.NoPol - Analysing SourceLocation org.apache.commons.lang.LocaleUtils:273 which is executed by 1 tests
-723213736
18:34:27.428 [pool-2-thread-1] DEBUG fr.inria.lille.repair.nopol.NoPol - statement #11
18:34:27.429 [pool-2-thread-1] DEBUG fr.inria.lille.repair.nopol.NoPol - Analysing SourceLocation org.apache.commons.lang.LocaleUtils:272 which is executed by 1 tests
-723213736
18:34:27.585 [pool-2-thread-1] DEBUG fr.inria.lille.repair.nopol.NoPol - looking with class fr.inria.lille.repair.nopol.spoon.smt.ConditionalAdder
junit.framework.AssertionFailedError: expected:<4> but was:<5>
    at junit.framework.Assert.fail(Assert.java:57)
    at junit.framework.Assert.failNotEquals(Assert.java:329)
    at junit.framework.Assert.assertEquals(Assert.java:78)
    at junit.framework.Assert.assertEquals(Assert.java:234)
    at junit.framework.Assert.assertEquals(Assert.java:241)
    at junit.framework.TestCase.assertEquals(TestCase.java:409)
18:34:27.596 [pool-32-thread-1] INFO  xxl.java.junit.TestCasesListener - Tests run finished (6 ms)
<> Total tests run: 11
<> Ignored tests: 0
<> Failed tests: 1
~ testCountriesByLanguage(org.apache.commons.lang.LocaleUtilsTest)
[expected:<4> but was:<5>]
junit.framework.AssertionFailedError: expected:<4> but was:<5>    at junit.framework.Assert.fail(Assert.java:57)
    at junit.framework.Assert.failNotEquals(Assert.java:329)
    at junit.framework.Assert.assertEquals(Assert.java:78)
    at junit.framework.Assert.assertEquals(Assert.java:234)
    at junit.framework.Assert.assertEquals(Assert.java:241)
    at junit.framework.TestCase.assertEquals(TestCase.java:409)

java.lang.NullPointerException
    at org.apache.commons.lang.LocaleUtils.countriesByLanguage(LocaleUtils.java:143)
    at org.apache.commons.lang.LocaleUtilsTest.assertCountriesByLanguage(LocaleUtilsTest.java:440)
    at org.apache.commons.lang.LocaleUtilsTest.testCountriesByLanguage(LocaleUtilsTest.java:474)
    at sun.reflect.NativeMethodAccessorImpl.invoke0(Native Method)
    at sun.reflect.NativeMethodAccessorImpl.invoke(NativeMethodAccessorImpl.java:62)
    at sun.reflect.DelegatingMethodAccessorImpl.invoke(DelegatingMethodAccessorImpl.java:43)
18:34:27.828 [pool-33-thread-1] INFO  f.i.l.c.t.SpecificationTestCasesListener - Tests run finished (2 ms)
<> Total tests run: 1
<> Ignored tests: 0
<> Failed tests: 1
~ testCountriesByLanguage(org.apache.commons.lang.LocaleUtilsTest)
[null]
java.lang.NullPointerException    at org.apache.commons.lang.LocaleUtils.countriesByLanguage(LocaleUtils.java:143)
    at org.apache.commons.lang.LocaleUtilsTest.assertCountriesByLanguage(LocaleUtilsTest.java:440)
    at org.apache.commons.lang.LocaleUtilsTest.testCountriesByLanguage(LocaleUtilsTest.java:474)
    at sun.reflect.NativeMethodAccessorImpl.invoke0(Native Method)
    at sun.reflect.NativeMethodAccessorImpl.invoke(NativeMethodAccessorImpl.java:62)
    at sun.reflect.DelegatingMethodAccessorImpl.invoke(DelegatingMethodAccessorImpl.java:43)

junit.framework.AssertionFailedError: expected:<4> but was:<5>
    at junit.framework.Assert.fail(Assert.java:57)
    at junit.framework.Assert.failNotEquals(Assert.java:329)
    at junit.framework.Assert.assertEquals(Assert.java:78)
    at junit.framework.Assert.assertEquals(Assert.java:234)
    at junit.framework.Assert.assertEquals(Assert.java:241)
    at junit.framework.TestCase.assertEquals(TestCase.java:409)
18:34:27.831 [pool-34-thread-1] INFO  f.i.l.c.t.SpecificationTestCasesListener - Tests run finished (0 ms)
<> Total tests run: 1
<> Ignored tests: 0
<> Failed tests: 1
~ testCountriesByLanguage(org.apache.commons.lang.LocaleUtilsTest)
[expected:<4> but was:<5>]
junit.framework.AssertionFailedError: expected:<4> but was:<5>    at junit.framework.Assert.fail(Assert.java:57)
    at junit.framework.Assert.failNotEquals(Assert.java:329)
    at junit.framework.Assert.assertEquals(Assert.java:78)
    at junit.framework.Assert.assertEquals(Assert.java:234)
    at junit.framework.Assert.assertEquals(Assert.java:241)
    at junit.framework.TestCase.assertEquals(TestCase.java:409)

18:34:27.831 [pool-31-thread-1] DEBUG tests.output - Failing tests with false: 
[testCountriesByLanguage(org.apache.commons.lang.LocaleUtilsTest): null]
18:34:27.832 [pool-31-thread-1] DEBUG tests.output - Failing tests with true: 
[testCountriesByLanguage(org.apache.commons.lang.LocaleUtilsTest): expected:<4> but was:<5>]
18:34:27.832 [pool-31-thread-1] INFO  f.i.l.r.n.synth.SMTNopolSynthesizer - Not enough specifications: 0. A trivial patch is "true" or "false", please write new tests specifying SourceLocation org.apache.commons.lang.LocaleUtils:272.
18:34:27.832 [pool-2-thread-1] DEBUG fr.inria.lille.repair.nopol.NoPol - statement #12
18:34:27.833 [pool-2-thread-1] DEBUG fr.inria.lille.repair.nopol.NoPol - Analysing SourceLocation org.apache.commons.lang.LocaleUtils:271 which is executed by 1 tests
-723213736
18:34:27.956 [pool-2-thread-1] DEBUG fr.inria.lille.repair.nopol.NoPol - looking with class fr.inria.lille.repair.nopol.spoon.smt.ConditionalAdder
junit.framework.AssertionFailedError: expected:<4> but was:<5>
    at junit.framework.Assert.fail(Assert.java:57)
    at junit.framework.Assert.failNotEquals(Assert.java:329)
    at junit.framework.Assert.assertEquals(Assert.java:78)
    at junit.framework.Assert.assertEquals(Assert.java:234)
    at junit.framework.Assert.assertEquals(Assert.java:241)
    at junit.framework.TestCase.assertEquals(TestCase.java:409)
18:34:27.967 [pool-36-thread-1] INFO  xxl.java.junit.TestCasesListener - Tests run finished (6 ms)
<> Total tests run: 11
<> Ignored tests: 0
<> Failed tests: 1
~ testCountriesByLanguage(org.apache.commons.lang.LocaleUtilsTest)
[expected:<4> but was:<5>]
junit.framework.AssertionFailedError: expected:<4> but was:<5>    at junit.framework.Assert.fail(Assert.java:57)
    at junit.framework.Assert.failNotEquals(Assert.java:329)
    at junit.framework.Assert.assertEquals(Assert.java:78)
    at junit.framework.Assert.assertEquals(Assert.java:234)
    at junit.framework.Assert.assertEquals(Assert.java:241)
    at junit.framework.TestCase.assertEquals(TestCase.java:409)

junit.framework.AssertionFailedError
    at junit.framework.Assert.fail(Assert.java:55)
    at junit.framework.Assert.assertTrue(Assert.java:22)
    at junit.framework.Assert.assertNotNull(Assert.java:256)
    at junit.framework.Assert.assertNotNull(Assert.java:248)
    at junit.framework.TestCase.assertNotNull(TestCase.java:417)
    at org.apache.commons.lang.LocaleUtilsTest.assertCountriesByLanguage(LocaleUtilsTest.java:442)
18:34:28.186 [pool-37-thread-1] INFO  f.i.l.c.t.SpecificationTestCasesListener - Tests run finished (2 ms)
<> Total tests run: 1
<> Ignored tests: 0
<> Failed tests: 1
~ testCountriesByLanguage(org.apache.commons.lang.LocaleUtilsTest)
[null]
junit.framework.AssertionFailedError    at junit.framework.Assert.fail(Assert.java:55)
    at junit.framework.Assert.assertTrue(Assert.java:22)
    at junit.framework.Assert.assertNotNull(Assert.java:256)
    at junit.framework.Assert.assertNotNull(Assert.java:248)
    at junit.framework.TestCase.assertNotNull(TestCase.java:417)
    at org.apache.commons.lang.LocaleUtilsTest.assertCountriesByLanguage(LocaleUtilsTest.java:442)

junit.framework.AssertionFailedError: expected:<4> but was:<5>
    at junit.framework.Assert.fail(Assert.java:57)
    at junit.framework.Assert.failNotEquals(Assert.java:329)
    at junit.framework.Assert.assertEquals(Assert.java:78)
    at junit.framework.Assert.assertEquals(Assert.java:234)
    at junit.framework.Assert.assertEquals(Assert.java:241)
    at junit.framework.TestCase.assertEquals(TestCase.java:409)
18:34:28.189 [pool-38-thread-1] INFO  f.i.l.c.t.SpecificationTestCasesListener - Tests run finished (1 ms)
<> Total tests run: 1
<> Ignored tests: 0
<> Failed tests: 1
~ testCountriesByLanguage(org.apache.commons.lang.LocaleUtilsTest)
[expected:<4> but was:<5>]
junit.framework.AssertionFailedError: expected:<4> but was:<5>    at junit.framework.Assert.fail(Assert.java:57)
    at junit.framework.Assert.failNotEquals(Assert.java:329)
    at junit.framework.Assert.assertEquals(Assert.java:78)
    at junit.framework.Assert.assertEquals(Assert.java:234)
    at junit.framework.Assert.assertEquals(Assert.java:241)
    at junit.framework.TestCase.assertEquals(TestCase.java:409)

18:34:28.190 [pool-35-thread-1] DEBUG tests.output - Failing tests with false: 
[testCountriesByLanguage(org.apache.commons.lang.LocaleUtilsTest): null]
18:34:28.190 [pool-35-thread-1] DEBUG tests.output - Failing tests with true: 
[testCountriesByLanguage(org.apache.commons.lang.LocaleUtilsTest): expected:<4> but was:<5>]
18:34:28.190 [pool-35-thread-1] INFO  f.i.l.r.n.synth.SMTNopolSynthesizer - Not enough specifications: 0. A trivial patch is "true" or "false", please write new tests specifying SourceLocation org.apache.commons.lang.LocaleUtils:271.
18:34:28.191 [pool-2-thread-1] DEBUG fr.inria.lille.repair.nopol.NoPol - looking with class fr.inria.lille.repair.nopol.spoon.smt.ConditionalReplacer
junit.framework.AssertionFailedError: expected:<4> but was:<5>
    at junit.framework.Assert.fail(Assert.java:57)
    at junit.framework.Assert.failNotEquals(Assert.java:329)
    at junit.framework.Assert.assertEquals(Assert.java:78)
    at junit.framework.Assert.assertEquals(Assert.java:234)
    at junit.framework.Assert.assertEquals(Assert.java:241)
    at junit.framework.TestCase.assertEquals(TestCase.java:409)
18:34:28.201 [pool-40-thread-1] INFO  xxl.java.junit.TestCasesListener - Tests run finished (6 ms)
<> Total tests run: 11
<> Ignored tests: 0
<> Failed tests: 1
~ testCountriesByLanguage(org.apache.commons.lang.LocaleUtilsTest)
[expected:<4> but was:<5>]
junit.framework.AssertionFailedError: expected:<4> but was:<5>    at junit.framework.Assert.fail(Assert.java:57)
    at junit.framework.Assert.failNotEquals(Assert.java:329)
    at junit.framework.Assert.assertEquals(Assert.java:78)
    at junit.framework.Assert.assertEquals(Assert.java:234)
    at junit.framework.Assert.assertEquals(Assert.java:241)
    at junit.framework.TestCase.assertEquals(TestCase.java:409)

junit.framework.AssertionFailedError: expected:<4> but was:<0>
    at junit.framework.Assert.fail(Assert.java:57)
    at junit.framework.Assert.failNotEquals(Assert.java:329)
    at junit.framework.Assert.assertEquals(Assert.java:78)
    at junit.framework.Assert.assertEquals(Assert.java:234)
    at junit.framework.Assert.assertEquals(Assert.java:241)
    at junit.framework.TestCase.assertEquals(TestCase.java:409)
18:34:28.418 [pool-41-thread-1] INFO  f.i.l.c.t.SpecificationTestCasesListener - Tests run finished (2 ms)
<> Total tests run: 1
<> Ignored tests: 0
<> Failed tests: 1
~ testCountriesByLanguage(org.apache.commons.lang.LocaleUtilsTest)
[expected:<4> but was:<0>]
junit.framework.AssertionFailedError: expected:<4> but was:<0>    at junit.framework.Assert.fail(Assert.java:57)
    at junit.framework.Assert.failNotEquals(Assert.java:329)
    at junit.framework.Assert.assertEquals(Assert.java:78)
    at junit.framework.Assert.assertEquals(Assert.java:234)
    at junit.framework.Assert.assertEquals(Assert.java:241)
    at junit.framework.TestCase.assertEquals(TestCase.java:409)

junit.framework.AssertionFailedError: expected:<4> but was:<0>
    at junit.framework.Assert.fail(Assert.java:57)
    at junit.framework.Assert.failNotEquals(Assert.java:329)
    at junit.framework.Assert.assertEquals(Assert.java:78)
    at junit.framework.Assert.assertEquals(Assert.java:234)
    at junit.framework.Assert.assertEquals(Assert.java:241)
    at junit.framework.TestCase.assertEquals(TestCase.java:409)
18:34:28.422 [pool-42-thread-1] INFO  f.i.l.c.t.SpecificationTestCasesListener - Tests run finished (1 ms)
<> Total tests run: 1
<> Ignored tests: 0
<> Failed tests: 1
~ testCountriesByLanguage(org.apache.commons.lang.LocaleUtilsTest)
[expected:<4> but was:<0>]
junit.framework.AssertionFailedError: expected:<4> but was:<0>    at junit.framework.Assert.fail(Assert.java:57)
    at junit.framework.Assert.failNotEquals(Assert.java:329)
    at junit.framework.Assert.assertEquals(Assert.java:78)
    at junit.framework.Assert.assertEquals(Assert.java:234)
    at junit.framework.Assert.assertEquals(Assert.java:241)
    at junit.framework.TestCase.assertEquals(TestCase.java:409)

18:34:28.422 [pool-39-thread-1] DEBUG tests.output - Failing tests with false: 
[testCountriesByLanguage(org.apache.commons.lang.LocaleUtilsTest): expected:<4> but was:<0>]
18:34:28.423 [pool-39-thread-1] DEBUG tests.output - Failing tests with true: 
[testCountriesByLanguage(org.apache.commons.lang.LocaleUtilsTest): expected:<4> but was:<0>]
18:34:28.423 [pool-39-thread-1] INFO  f.i.l.r.n.synth.SMTNopolSynthesizer - Not enough specifications: 0. A trivial patch is "true" or "false", please write new tests specifying SourceLocation org.apache.commons.lang.LocaleUtils:271.
18:34:28.423 [pool-2-thread-1] DEBUG fr.inria.lille.repair.nopol.NoPol - statement #13
18:34:28.423 [pool-2-thread-1] DEBUG fr.inria.lille.repair.nopol.NoPol - Analysing SourceLocation org.apache.commons.lang.LocaleUtils:270 which is executed by 1 tests
-723213736
18:34:28.547 [pool-2-thread-1] DEBUG fr.inria.lille.repair.nopol.NoPol - looking with class fr.inria.lille.repair.nopol.spoon.smt.ConditionalAdder
junit.framework.AssertionFailedError: expected:<4> but was:<5>
    at junit.framework.Assert.fail(Assert.java:57)
    at junit.framework.Assert.failNotEquals(Assert.java:329)
    at junit.framework.Assert.assertEquals(Assert.java:78)
    at junit.framework.Assert.assertEquals(Assert.java:234)
    at junit.framework.Assert.assertEquals(Assert.java:241)
    at junit.framework.TestCase.assertEquals(TestCase.java:409)
18:34:28.559 [pool-44-thread-1] INFO  xxl.java.junit.TestCasesListener - Tests run finished (7 ms)
<> Total tests run: 11
<> Ignored tests: 0
<> Failed tests: 1
~ testCountriesByLanguage(org.apache.commons.lang.LocaleUtilsTest)
[expected:<4> but was:<5>]
junit.framework.AssertionFailedError: expected:<4> but was:<5>    at junit.framework.Assert.fail(Assert.java:57)
    at junit.framework.Assert.failNotEquals(Assert.java:329)
    at junit.framework.Assert.assertEquals(Assert.java:78)
    at junit.framework.Assert.assertEquals(Assert.java:234)
    at junit.framework.Assert.assertEquals(Assert.java:241)
    at junit.framework.TestCase.assertEquals(TestCase.java:409)

junit.framework.AssertionFailedError
    at junit.framework.Assert.fail(Assert.java:55)
    at junit.framework.Assert.assertTrue(Assert.java:22)
    at junit.framework.Assert.assertNotNull(Assert.java:256)
    at junit.framework.Assert.assertNotNull(Assert.java:248)
    at junit.framework.TestCase.assertNotNull(TestCase.java:417)
    at org.apache.commons.lang.LocaleUtilsTest.assertCountriesByLanguage(LocaleUtilsTest.java:442)
18:34:28.799 [pool-45-thread-1] INFO  f.i.l.c.t.SpecificationTestCasesListener - Tests run finished (2 ms)
<> Total tests run: 1
<> Ignored tests: 0
<> Failed tests: 1
~ testCountriesByLanguage(org.apache.commons.lang.LocaleUtilsTest)
[null]
junit.framework.AssertionFailedError    at junit.framework.Assert.fail(Assert.java:55)
    at junit.framework.Assert.assertTrue(Assert.java:22)
    at junit.framework.Assert.assertNotNull(Assert.java:256)
    at junit.framework.Assert.assertNotNull(Assert.java:248)
    at junit.framework.TestCase.assertNotNull(TestCase.java:417)
    at org.apache.commons.lang.LocaleUtilsTest.assertCountriesByLanguage(LocaleUtilsTest.java:442)

junit.framework.AssertionFailedError: expected:<4> but was:<5>
    at junit.framework.Assert.fail(Assert.java:57)
    at junit.framework.Assert.failNotEquals(Assert.java:329)
    at junit.framework.Assert.assertEquals(Assert.java:78)
    at junit.framework.Assert.assertEquals(Assert.java:234)
    at junit.framework.Assert.assertEquals(Assert.java:241)
    at junit.framework.TestCase.assertEquals(TestCase.java:409)
18:34:28.804 [pool-46-thread-1] INFO  f.i.l.c.t.SpecificationTestCasesListener - Tests run finished (2 ms)
<> Total tests run: 1
<> Ignored tests: 0
<> Failed tests: 1
~ testCountriesByLanguage(org.apache.commons.lang.LocaleUtilsTest)
[expected:<4> but was:<5>]
junit.framework.AssertionFailedError: expected:<4> but was:<5>    at junit.framework.Assert.fail(Assert.java:57)
    at junit.framework.Assert.failNotEquals(Assert.java:329)
    at junit.framework.Assert.assertEquals(Assert.java:78)
    at junit.framework.Assert.assertEquals(Assert.java:234)
    at junit.framework.Assert.assertEquals(Assert.java:241)
    at junit.framework.TestCase.assertEquals(TestCase.java:409)

18:34:28.805 [pool-43-thread-1] DEBUG tests.output - Failing tests with false: 
[testCountriesByLanguage(org.apache.commons.lang.LocaleUtilsTest): null]
18:34:28.805 [pool-43-thread-1] DEBUG tests.output - Failing tests with true: 
[testCountriesByLanguage(org.apache.commons.lang.LocaleUtilsTest): expected:<4> but was:<5>]
18:34:28.805 [pool-43-thread-1] INFO  f.i.l.r.n.synth.SMTNopolSynthesizer - Not enough specifications: 0. A trivial patch is "true" or "false", please write new tests specifying SourceLocation org.apache.commons.lang.LocaleUtils:270.
18:34:28.805 [pool-2-thread-1] DEBUG fr.inria.lille.repair.nopol.NoPol - looking with class fr.inria.lille.repair.nopol.spoon.smt.ConditionalReplacer
junit.framework.AssertionFailedError: expected:<4> but was:<5>
    at junit.framework.Assert.fail(Assert.java:57)
    at junit.framework.Assert.failNotEquals(Assert.java:329)
    at junit.framework.Assert.assertEquals(Assert.java:78)
    at junit.framework.Assert.assertEquals(Assert.java:234)
    at junit.framework.Assert.assertEquals(Assert.java:241)
    at junit.framework.TestCase.assertEquals(TestCase.java:409)
18:34:29.049 [pool-48-thread-1] INFO  xxl.java.junit.TestCasesListener - Tests run finished (7 ms)
<> Total tests run: 11
<> Ignored tests: 0
<> Failed tests: 1
~ testCountriesByLanguage(org.apache.commons.lang.LocaleUtilsTest)
[expected:<4> but was:<5>]
junit.framework.AssertionFailedError: expected:<4> but was:<5>    at junit.framework.Assert.fail(Assert.java:57)
    at junit.framework.Assert.failNotEquals(Assert.java:329)
    at junit.framework.Assert.assertEquals(Assert.java:78)
    at junit.framework.Assert.assertEquals(Assert.java:234)
    at junit.framework.Assert.assertEquals(Assert.java:241)
    at junit.framework.TestCase.assertEquals(TestCase.java:409)

junit.framework.AssertionFailedError
    at junit.framework.Assert.fail(Assert.java:55)
    at junit.framework.Assert.assertTrue(Assert.java:22)
    at junit.framework.Assert.assertNotNull(Assert.java:256)
    at junit.framework.Assert.assertNotNull(Assert.java:248)
    at junit.framework.TestCase.assertNotNull(TestCase.java:417)
    at org.apache.commons.lang.LocaleUtilsTest.assertCountriesByLanguage(LocaleUtilsTest.java:442)
18:34:29.281 [pool-49-thread-1] INFO  f.i.l.c.t.SpecificationTestCasesListener - Tests run finished (3 ms)
<> Total tests run: 1
<> Ignored tests: 0
<> Failed tests: 1
~ testCountriesByLanguage(org.apache.commons.lang.LocaleUtilsTest)
[null]
junit.framework.AssertionFailedError    at junit.framework.Assert.fail(Assert.java:55)
    at junit.framework.Assert.assertTrue(Assert.java:22)
    at junit.framework.Assert.assertNotNull(Assert.java:256)
    at junit.framework.Assert.assertNotNull(Assert.java:248)
    at junit.framework.TestCase.assertNotNull(TestCase.java:417)
    at org.apache.commons.lang.LocaleUtilsTest.assertCountriesByLanguage(LocaleUtilsTest.java:442)

junit.framework.AssertionFailedError: expected same:<[de_CH, de_AT, de_LU, de_DE, de_GR]> was not:<[de_CH, de_AT, de_LU, de_DE, de_GR]>
    at junit.framework.Assert.fail(Assert.java:57)
    at junit.framework.Assert.failNotSame(Assert.java:325)
    at junit.framework.Assert.assertSame(Assert.java:288)
    at junit.framework.Assert.assertSame(Assert.java:296)
    at junit.framework.TestCase.assertSame(TestCase.java:465)
    at org.apache.commons.lang.LocaleUtilsTest.assertCountriesByLanguage(LocaleUtilsTest.java:443)
18:34:29.284 [pool-50-thread-1] INFO  f.i.l.c.t.SpecificationTestCasesListener - Tests run finished (1 ms)
<> Total tests run: 1
<> Ignored tests: 0
<> Failed tests: 1
~ testCountriesByLanguage(org.apache.commons.lang.LocaleUtilsTest)
[expected same:<[de_CH, de_AT, de_LU, de_DE, de_GR]> was not:<[de_CH, de_AT, de_LU, de_DE, de_GR]>]
junit.framework.AssertionFailedError: expected same:<[de_CH, de_AT, de_LU, de_DE, de_GR]> was not:<[de_CH, de_AT, de_LU, de_DE, de_GR]>    at junit.framework.Assert.fail(Assert.java:57)
    at junit.framework.Assert.failNotSame(Assert.java:325)
    at junit.framework.Assert.assertSame(Assert.java:288)
    at junit.framework.Assert.assertSame(Assert.java:296)
    at junit.framework.TestCase.assertSame(TestCase.java:465)
    at org.apache.commons.lang.LocaleUtilsTest.assertCountriesByLanguage(LocaleUtilsTest.java:443)

18:34:29.285 [pool-47-thread-1] DEBUG tests.output - Failing tests with false: 
[testCountriesByLanguage(org.apache.commons.lang.LocaleUtilsTest): null]
18:34:29.285 [pool-47-thread-1] DEBUG tests.output - Failing tests with true: 
[testCountriesByLanguage(org.apache.commons.lang.LocaleUtilsTest): expected same:<[de_CH, de_AT, de_LU, de_DE, de_GR]> was not:<[de_CH, de_AT, de_LU, de_DE, de_GR]>]
18:34:29.285 [pool-47-thread-1] INFO  f.i.l.r.n.synth.SMTNopolSynthesizer - Not enough specifications: 0. A trivial patch is "true" or "false", please write new tests specifying SourceLocation org.apache.commons.lang.LocaleUtils:270.
18:34:29.286 [pool-2-thread-1] DEBUG fr.inria.lille.repair.nopol.NoPol - statement #14
18:34:29.286 [pool-2-thread-1] DEBUG fr.inria.lille.repair.nopol.NoPol - Analysing SourceLocation org.apache.commons.lang.LocaleUtils:269 which is executed by 1 tests
-723213736
18:34:29.403 [pool-2-thread-1] DEBUG fr.inria.lille.repair.nopol.NoPol - statement #15
18:34:29.404 [pool-2-thread-1] DEBUG fr.inria.lille.repair.nopol.NoPol - Analysing SourceLocation org.apache.commons.lang.math.NumberUtils:1508 which is executed by 2 tests
-1898474807
18:34:29.557 [pool-2-thread-1] DEBUG fr.inria.lille.repair.nopol.NoPol - looking with class fr.inria.lille.repair.nopol.spoon.smt.ConditionalAdder
java.lang.NumberFormatException: 1l is not a valid number.
    at org.apache.commons.lang.math.NumberUtils.createNumber(NumberUtils.java:464)
    at org.apache.commons.lang.math.NumberUtilsTest.testLang300(NumberUtilsTest.java:1371)
    at sun.reflect.NativeMethodAccessorImpl.invoke0(Native Method)
    at sun.reflect.NativeMethodAccessorImpl.invoke(NativeMethodAccessorImpl.java:62)
    at sun.reflect.DelegatingMethodAccessorImpl.invoke(DelegatingMethodAccessorImpl.java:43)
    at java.lang.reflect.Method.invoke(Method.java:498)
18:34:29.587 [pool-52-thread-1] INFO  xxl.java.junit.TestCasesListener - Tests run finished (19 ms)
<> Total tests run: 54
<> Ignored tests: 0
<> Failed tests: 1
~ testLang300(org.apache.commons.lang.math.NumberUtilsTest)
[1l is not a valid number.]
java.lang.NumberFormatException: 1l is not a valid number.    at org.apache.commons.lang.math.NumberUtils.createNumber(NumberUtils.java:464)
    at org.apache.commons.lang.math.NumberUtilsTest.testLang300(NumberUtilsTest.java:1371)
    at sun.reflect.NativeMethodAccessorImpl.invoke0(Native Method)
    at sun.reflect.NativeMethodAccessorImpl.invoke(NativeMethodAccessorImpl.java:62)
    at sun.reflect.DelegatingMethodAccessorImpl.invoke(DelegatingMethodAccessorImpl.java:43)
    at java.lang.reflect.Method.invoke(Method.java:498)

18:34:29.906 [pool-53-thread-1] INFO  f.i.l.c.t.SpecificationTestCasesListener - Tests run finished (6 ms)
<> Total tests run: 1
<> Ignored tests: 0
<> Failed tests: 0

java.lang.NumberFormatException: 1l is not a valid number.
    at org.apache.commons.lang.math.NumberUtils.createNumber(NumberUtils.java:166)
    at org.apache.commons.lang.math.NumberUtilsTest.testLang300(NumberUtilsTest.java:1371)
    at sun.reflect.NativeMethodAccessorImpl.invoke0(Native Method)
    at sun.reflect.NativeMethodAccessorImpl.invoke(NativeMethodAccessorImpl.java:62)
    at sun.reflect.DelegatingMethodAccessorImpl.invoke(DelegatingMethodAccessorImpl.java:43)
    at java.lang.reflect.Method.invoke(Method.java:498)
18:34:29.910 [pool-54-thread-1] INFO  f.i.l.c.t.SpecificationTestCasesListener - Tests run finished (1 ms)
<> Total tests run: 1
<> Ignored tests: 0
<> Failed tests: 1
~ testLang300(org.apache.commons.lang.math.NumberUtilsTest)
[1l is not a valid number.]
java.lang.NumberFormatException: 1l is not a valid number.    at org.apache.commons.lang.math.NumberUtils.createNumber(NumberUtils.java:166)
    at org.apache.commons.lang.math.NumberUtilsTest.testLang300(NumberUtilsTest.java:1371)
    at sun.reflect.NativeMethodAccessorImpl.invoke0(Native Method)
    at sun.reflect.NativeMethodAccessorImpl.invoke(NativeMethodAccessorImpl.java:62)
    at sun.reflect.DelegatingMethodAccessorImpl.invoke(DelegatingMethodAccessorImpl.java:43)
    at java.lang.reflect.Method.invoke(Method.java:498)

18:34:29.913 [pool-55-thread-1] INFO  f.i.l.r.n.s.ConstraintModelBuilder$1PassingListener - Tests run finished (0 ms)
<> Total tests run: 1
<> Ignored tests: 0
<> Failed tests: 0

java.lang.NullPointerException
    at org.apache.commons.lang.math.NumberUtils.isDigits(NumberUtils.java:768)
    at org.apache.commons.lang.math.NumberUtilsTest.testIsDigits(NumberUtilsTest.java:1168)
    at sun.reflect.NativeMethodAccessorImpl.invoke0(Native Method)
    at sun.reflect.NativeMethodAccessorImpl.invoke(NativeMethodAccessorImpl.java:62)
    at sun.reflect.DelegatingMethodAccessorImpl.invoke(DelegatingMethodAccessorImpl.java:43)
    at java.lang.reflect.Method.invoke(Method.java:498)
18:34:29.915 [pool-56-thread-1] INFO  f.i.l.r.n.s.ConstraintModelBuilder$1PassingListener - Tests run finished (0 ms)
<> Total tests run: 1
<> Ignored tests: 0
<> Failed tests: 1
~ testIsDigits(org.apache.commons.lang.math.NumberUtilsTest)
[null]
java.lang.NullPointerException    at org.apache.commons.lang.math.NumberUtils.isDigits(NumberUtils.java:768)
    at org.apache.commons.lang.math.NumberUtilsTest.testIsDigits(NumberUtilsTest.java:1168)
    at sun.reflect.NativeMethodAccessorImpl.invoke0(Native Method)
    at sun.reflect.NativeMethodAccessorImpl.invoke(NativeMethodAccessorImpl.java:62)
    at sun.reflect.DelegatingMethodAccessorImpl.invoke(DelegatingMethodAccessorImpl.java:43)
    at java.lang.reflect.Method.invoke(Method.java:498)

java.lang.NumberFormatException: 1l is not a valid number.
    at org.apache.commons.lang.math.NumberUtils.createNumber(NumberUtils.java:166)
    at org.apache.commons.lang.math.NumberUtilsTest.testLang300(NumberUtilsTest.java:1371)
    at sun.reflect.NativeMethodAccessorImpl.invoke0(Native Method)
    at sun.reflect.NativeMethodAccessorImpl.invoke(NativeMethodAccessorImpl.java:62)
    at sun.reflect.DelegatingMethodAccessorImpl.invoke(DelegatingMethodAccessorImpl.java:43)
    at java.lang.reflect.Method.invoke(Method.java:498)
18:34:29.918 [pool-57-thread-1] INFO  f.i.l.r.n.s.ConstraintModelBuilder$1PassingListener - Tests run finished (0 ms)
<> Total tests run: 1
<> Ignored tests: 0
<> Failed tests: 1
~ testLang300(org.apache.commons.lang.math.NumberUtilsTest)
[1l is not a valid number.]
java.lang.NumberFormatException: 1l is not a valid number.    at org.apache.commons.lang.math.NumberUtils.createNumber(NumberUtils.java:166)
    at org.apache.commons.lang.math.NumberUtilsTest.testLang300(NumberUtilsTest.java:1371)
    at sun.reflect.NativeMethodAccessorImpl.invoke0(Native Method)
    at sun.reflect.NativeMethodAccessorImpl.invoke(NativeMethodAccessorImpl.java:62)
    at sun.reflect.DelegatingMethodAccessorImpl.invoke(DelegatingMethodAccessorImpl.java:43)
    at java.lang.reflect.Method.invoke(Method.java:498)

18:34:29.919 [pool-58-thread-1] INFO  f.i.l.r.n.s.ConstraintModelBuilder$1PassingListener - Tests run finished (0 ms)
<> Total tests run: 1
<> Ignored tests: 0
<> Failed tests: 0

18:34:29.921 [pool-59-thread-1] INFO  f.i.l.c.t.SpecificationTestCasesListener - Tests run finished (0 ms)
<> Total tests run: 1
<> Ignored tests: 0
<> Failed tests: 0

18:34:30.227 [pool-51-thread-1] DEBUG f.i.l.c.s.ConstraintBasedSynthesis - Operators:
18:34:30.369 [pool-51-thread-1] DEBUG f.i.l.c.s.ConstraintBasedSynthesis - Operators:
== of arity: 2
!= of arity: 2
< of arity: 2
<= of arity: 2
18:34:30.518 [pool-51-thread-1] DEBUG f.i.l.c.s.ConstraintBasedSynthesis - Operators:
== of arity: 2
!= of arity: 2
< of arity: 2
<= of arity: 2
! of arity: 1
|| of arity: 2
&& of arity: 2
18:34:30.807 [pool-51-thread-1] DEBUG f.i.l.c.s.ConstraintBasedSynthesis - Operators:
== of arity: 2
!= of arity: 2
< of arity: 2
<= of arity: 2
! of arity: 1
|| of arity: 2
&& of arity: 2
== of arity: 2
!= of arity: 2
< of arity: 2
<= of arity: 2
18:34:31.959 [pool-51-thread-1] DEBUG f.i.l.c.s.ConstraintBasedSynthesis - Operators:
== of arity: 2
!= of arity: 2
< of arity: 2
<= of arity: 2
! of arity: 1
|| of arity: 2
&& of arity: 2
== of arity: 2
!= of arity: 2
< of arity: 2
<= of arity: 2
! of arity: 1
|| of arity: 2
&& of arity: 2
18:35:02.024 [pool-51-thread-1] DEBUG f.i.l.c.s.ConstraintBasedSynthesis - Failed code synthesis, returning NullCodeGenesis
18:35:02.027 [pool-2-thread-1] DEBUG fr.inria.lille.repair.nopol.NoPol - statement #16
18:35:02.028 [pool-2-thread-1] DEBUG fr.inria.lille.repair.nopol.NoPol - Analysing SourceLocation org.apache.commons.lang.math.NumberUtils:464 which is executed by 2 tests
-1898474807
18:35:02.178 [pool-2-thread-1] DEBUG fr.inria.lille.repair.nopol.NoPol - looking with class fr.inria.lille.repair.nopol.spoon.smt.ConditionalAdder
java.lang.NumberFormatException: 1l is not a valid number.
    at org.apache.commons.lang.math.NumberUtils.createNumber(NumberUtils.java:464)
    at org.apache.commons.lang.math.NumberUtilsTest.testLang300(NumberUtilsTest.java:1371)
    at sun.reflect.NativeMethodAccessorImpl.invoke0(Native Method)
    at sun.reflect.NativeMethodAccessorImpl.invoke(NativeMethodAccessorImpl.java:62)
    at sun.reflect.DelegatingMethodAccessorImpl.invoke(DelegatingMethodAccessorImpl.java:43)
    at java.lang.reflect.Method.invoke(Method.java:498)
18:35:02.206 [pool-61-thread-1] INFO  xxl.java.junit.TestCasesListener - Tests run finished (18 ms)
<> Total tests run: 54
<> Ignored tests: 0
<> Failed tests: 1
~ testLang300(org.apache.commons.lang.math.NumberUtilsTest)
[1l is not a valid number.]
java.lang.NumberFormatException: 1l is not a valid number.    at org.apache.commons.lang.math.NumberUtils.createNumber(NumberUtils.java:464)
    at org.apache.commons.lang.math.NumberUtilsTest.testLang300(NumberUtilsTest.java:1371)
    at sun.reflect.NativeMethodAccessorImpl.invoke0(Native Method)
    at sun.reflect.NativeMethodAccessorImpl.invoke(NativeMethodAccessorImpl.java:62)
    at sun.reflect.DelegatingMethodAccessorImpl.invoke(DelegatingMethodAccessorImpl.java:43)
    at java.lang.reflect.Method.invoke(Method.java:498)

18:35:02.734 [pool-62-thread-1] INFO  f.i.l.c.t.SpecificationTestCasesListener - Tests run finished (7 ms)
<> Total tests run: 1
<> Ignored tests: 0
<> Failed tests: 0

java.lang.NumberFormatException: 1l is not a valid number.
    at org.apache.commons.lang.math.NumberUtils.createNumber(NumberUtils.java:202)
    at org.apache.commons.lang.math.NumberUtilsTest.testLang300(NumberUtilsTest.java:1371)
    at sun.reflect.NativeMethodAccessorImpl.invoke0(Native Method)
    at sun.reflect.NativeMethodAccessorImpl.invoke(NativeMethodAccessorImpl.java:62)
    at sun.reflect.DelegatingMethodAccessorImpl.invoke(DelegatingMethodAccessorImpl.java:43)
    at java.lang.reflect.Method.invoke(Method.java:498)
18:35:02.738 [pool-63-thread-1] INFO  f.i.l.c.t.SpecificationTestCasesListener - Tests run finished (1 ms)
<> Total tests run: 1
<> Ignored tests: 0
<> Failed tests: 1
~ testLang300(org.apache.commons.lang.math.NumberUtilsTest)
[1l is not a valid number.]
java.lang.NumberFormatException: 1l is not a valid number.    at org.apache.commons.lang.math.NumberUtils.createNumber(NumberUtils.java:202)
    at org.apache.commons.lang.math.NumberUtilsTest.testLang300(NumberUtilsTest.java:1371)
    at sun.reflect.NativeMethodAccessorImpl.invoke0(Native Method)
    at sun.reflect.NativeMethodAccessorImpl.invoke(NativeMethodAccessorImpl.java:62)
    at sun.reflect.DelegatingMethodAccessorImpl.invoke(DelegatingMethodAccessorImpl.java:43)
    at java.lang.reflect.Method.invoke(Method.java:498)

18:35:02.741 [pool-64-thread-1] INFO  f.i.l.r.n.s.ConstraintModelBuilder$1PassingListener - Tests run finished (0 ms)
<> Total tests run: 1
<> Ignored tests: 0
<> Failed tests: 0

junit.framework.AssertionFailedError: isNumber(String)/createNumber(String) 14 Neg failed
    at junit.framework.Assert.fail(Assert.java:57)
    at junit.framework.Assert.assertTrue(Assert.java:22)
    at junit.framework.TestCase.assertTrue(TestCase.java:192)
    at org.apache.commons.lang.math.NumberUtilsTest.testIsNumber(NumberUtilsTest.java:1282)
    at sun.reflect.NativeMethodAccessorImpl.invoke0(Native Method)
    at sun.reflect.NativeMethodAccessorImpl.invoke(NativeMethodAccessorImpl.java:62)
18:35:02.745 [pool-65-thread-1] INFO  f.i.l.r.n.s.ConstraintModelBuilder$1PassingListener - Tests run finished (2 ms)
<> Total tests run: 1
<> Ignored tests: 0
<> Failed tests: 1
~ testIsNumber(org.apache.commons.lang.math.NumberUtilsTest)
[isNumber(String)/createNumber(String) 14 Neg failed]
junit.framework.AssertionFailedError: isNumber(String)/createNumber(String) 14 Neg failed    at junit.framework.Assert.fail(Assert.java:57)
    at junit.framework.Assert.assertTrue(Assert.java:22)
    at junit.framework.TestCase.assertTrue(TestCase.java:192)
    at org.apache.commons.lang.math.NumberUtilsTest.testIsNumber(NumberUtilsTest.java:1282)
    at sun.reflect.NativeMethodAccessorImpl.invoke0(Native Method)
    at sun.reflect.NativeMethodAccessorImpl.invoke(NativeMethodAccessorImpl.java:62)

java.lang.NumberFormatException: 1l is not a valid number.
    at org.apache.commons.lang.math.NumberUtils.createNumber(NumberUtils.java:202)
    at org.apache.commons.lang.math.NumberUtilsTest.testLang300(NumberUtilsTest.java:1371)
    at sun.reflect.NativeMethodAccessorImpl.invoke0(Native Method)
    at sun.reflect.NativeMethodAccessorImpl.invoke(NativeMethodAccessorImpl.java:62)
    at sun.reflect.DelegatingMethodAccessorImpl.invoke(DelegatingMethodAccessorImpl.java:43)
    at java.lang.reflect.Method.invoke(Method.java:498)
18:35:02.747 [pool-66-thread-1] INFO  f.i.l.r.n.s.ConstraintModelBuilder$1PassingListener - Tests run finished (0 ms)
<> Total tests run: 1
<> Ignored tests: 0
<> Failed tests: 1
~ testLang300(org.apache.commons.lang.math.NumberUtilsTest)
[1l is not a valid number.]
java.lang.NumberFormatException: 1l is not a valid number.    at org.apache.commons.lang.math.NumberUtils.createNumber(NumberUtils.java:202)
    at org.apache.commons.lang.math.NumberUtilsTest.testLang300(NumberUtilsTest.java:1371)
    at sun.reflect.NativeMethodAccessorImpl.invoke0(Native Method)
    at sun.reflect.NativeMethodAccessorImpl.invoke(NativeMethodAccessorImpl.java:62)
    at sun.reflect.DelegatingMethodAccessorImpl.invoke(DelegatingMethodAccessorImpl.java:43)
    at java.lang.reflect.Method.invoke(Method.java:498)

18:35:02.751 [pool-67-thread-1] INFO  f.i.l.r.n.s.ConstraintModelBuilder$1PassingListener - Tests run finished (2 ms)
<> Total tests run: 1
<> Ignored tests: 0
<> Failed tests: 0

18:35:02.754 [pool-68-thread-1] INFO  f.i.l.c.t.SpecificationTestCasesListener - Tests run finished (1 ms)
<> Total tests run: 1
<> Ignored tests: 0
<> Failed tests: 0

18:35:02.920 [pool-60-thread-1] DEBUG f.i.l.c.s.ConstraintBasedSynthesis - Operators:
18:35:02.939 [pool-60-thread-1] DEBUG f.i.l.c.s.ConstraintBasedSynthesis - Operators:
== of arity: 2
!= of arity: 2
< of arity: 2
<= of arity: 2
18:35:03.035 [pool-60-thread-1] DEBUG f.i.l.c.s.ConstraintBasedSynthesis - Successful code synthesis: (numeric.length()) != (org.apache.commons.lang.math.NumberUtils.SHORT_ONE)
18:35:03.037 [pool-60-thread-1] INFO  f.i.l.repair.nopol.patch.TestPatch - Applying patch: org.apache.commons.lang.math.NumberUtils:464: PRECONDITION (numeric.length()) != (org.apache.commons.lang.math.NumberUtils.SHORT_ONE)
18:35:03.270 [pool-60-thread-1] INFO  f.i.l.repair.nopol.patch.TestPatch - Running test suite to check the patch "(numeric.length()) != (org.apache.commons.lang.math.NumberUtils.SHORT_ONE)" is working
18:35:03.292 [pool-2-thread-1] INFO  fr.inria.lille.repair.nopol.NoPol - ----INFORMATION----
18:35:03.377 [pool-2-thread-1] INFO  fr.inria.lille.repair.nopol.NoPol - Nb classes : 77
18:35:03.378 [pool-2-thread-1] INFO  fr.inria.lille.repair.nopol.NoPol - Nb methods : 1700
18:35:03.378 [pool-2-thread-1] INFO  fr.inria.lille.repair.nopol.NoPol - Nb Statements Analyzed : 14
18:35:03.378 [pool-2-thread-1] INFO  fr.inria.lille.repair.nopol.NoPol - Nb Statements with Angelic Value Found : 2
18:35:03.378 [pool-2-thread-1] INFO  fr.inria.lille.repair.nopol.NoPol - Nb inputs in SMT : 2
18:35:03.378 [pool-2-thread-1] INFO  fr.inria.lille.repair.nopol.NoPol - Nb SMT level: 2
18:35:03.378 [pool-2-thread-1] INFO  fr.inria.lille.repair.nopol.NoPol - Nb SMT components: [4] [== of arity: 2, != of arity: 2, < of arity: 2, <= of arity: 2]
18:35:03.378 [pool-2-thread-1] INFO  fr.inria.lille.repair.nopol.NoPol -                   class java.lang.Boolean: 4
18:35:03.379 [pool-2-thread-1] INFO  fr.inria.lille.repair.nopol.NoPol - Nb variables in SMT : 33
18:35:03.379 [pool-2-thread-1] INFO  fr.inria.lille.repair.nopol.NoPol - NoPol Execution time : 68273ms
18:35:03.379 [pool-2-thread-1] INFO  fr.inria.lille.repair.nopol.NoPol - 
18:35:03.379 [pool-2-thread-1] INFO  fr.inria.lille.repair.nopol.NoPol - ----PATCH FOUND----
18:35:03.379 [pool-2-thread-1] INFO  fr.inria.lille.repair.nopol.NoPol - (numeric.length()) != (org.apache.commons.lang.math.NumberUtils.SHORT_ONE)
18:35:03.400 [pool-2-thread-1] INFO  fr.inria.lille.repair.nopol.NoPol - Nb test that executes the patch: 2
18:35:03.400 [pool-2-thread-1] INFO  fr.inria.lille.repair.nopol.NoPol - org.apache.commons.lang.math.NumberUtils:464: PRECONDITION
18:35:03.445 [pool-2-thread-1] INFO  fr.inria.lille.repair.nopol.NoPol - --- a/src/java/org/apache/commons/lang/math/NumberUtils.java
+++ b/src/java/org/apache/commons/lang/math/NumberUtils.java
@@ -463,3 +463,5 @@
                     }
-                    throw new NumberFormatException(str + " is not a valid number.");
+                    if ((numeric.length()) != (org.apache.commons.lang.math.NumberUtils.SHORT_ONE)) {
+                        throw new NumberFormatException(str + " is not a valid number.");
+                    }
                 case 'f' :

PATCH
114.00user 3.51system 1:10.36elapsed 167%CPU (0avgtext+0avgdata 625228maxresident)k
74280inputs+5992outputs (28major+330054minor)pagefaults 0swaps


Node: granduc-21.luxembourg.grid5000.fr



Date: Wed Nov 28 18:35:03 EST 2018

