cd /tmp/Nopol_IntroClassJava_digits_d767ad3b58111a0515c8a380d3bf376038066f24de65f5f88606f956c354f1750f5dc2e8fd647dfbbdae7a8dd70f3d8b3345ba7075534b8ed3aa344789cf73c2_007;
export JAVA_TOOL_OPTIONS="-Dfile.encoding=UTF8 -Duser.language=en-US -Duser.country=US -Duser.language=en";
TZ="America/New_York"; export TZ;
export PATH="/usr/lib/jvm/java-1.8.0-openjdk-amd64/bin/:$PATH";
export JAVA_HOME="/usr/lib/jvm/java-1.8.0-openjdk-amd64/bin/";
time java -Xmx4048m -cp /home/tdurieux/RepairThemAll/script/../repair_tools/nopol.jar:/usr/lib/jvm/java-1.8.0-openjdk-amd64/bin//../lib/tools.jar fr.inria.lille.repair.Main \
	--mode repair \
	--type pre_then_cond \
	--oracle angelic \
	--synthesis smt \
	--flocal gzoltar \
	--json \
	--solver z3 \
	--solver-path /home/tdurieux/RepairThemAll/script/../libs/z3/build/z3 \
	--complianceLevel 7 \
	--source src/main/java \
	--classpath "target/classes:target/test-classes:/home/tdurieux/.m2/repository/junit/junit/4.11/junit-4.11.jar:/home/tdurieux/.m2/repository/org/hamcrest/hamcrest-core/1.3/hamcrest-core-1.3.jar:/home/tdurieux/RepairThemAll/script/../repair_tools/nopol.jar";
	echo "\n\nNode: `hostname`\n";
	echo "\n\nDate: `date`\n";
Picked up JAVA_TOOL_OPTIONS: -Dfile.encoding=UTF8 -Duser.language=en-US -Duser.country=US -Duser.language=en
16:00:01.757 [main] INFO  fr.inria.lille.repair.nopol.NoPol - Source files: [src/main/java]
16:00:01.765 [main] INFO  fr.inria.lille.repair.nopol.NoPol - Classpath: [file:/tmp/Nopol_IntroClassJava_digits_d767ad3b58111a0515c8a380d3bf376038066f24de65f5f88606f956c354f1750f5dc2e8fd647dfbbdae7a8dd70f3d8b3345ba7075534b8ed3aa344789cf73c2_007/target/classes/, file:/tmp/Nopol_IntroClassJava_digits_d767ad3b58111a0515c8a380d3bf376038066f24de65f5f88606f956c354f1750f5dc2e8fd647dfbbdae7a8dd70f3d8b3345ba7075534b8ed3aa344789cf73c2_007/target/test-classes/, file:/home/tdurieux/.m2/repository/junit/junit/4.11/junit-4.11.jar, file:/home/tdurieux/.m2/repository/org/hamcrest/hamcrest-core/1.3/hamcrest-core-1.3.jar, file:/home/tdurieux/RepairThemAll/script/../repair_tools/nopol.jar]
16:00:01.765 [main] INFO  fr.inria.lille.repair.nopol.NoPol - Statement type: PRE_THEN_COND
16:00:01.765 [main] INFO  fr.inria.lille.repair.nopol.NoPol - Args: [introclassJava.digits_d767ad3b_007BlackboxTest, introclassJava.digits_d767ad3b_007WhiteboxTest]
16:00:01.767 [main] INFO  fr.inria.lille.repair.nopol.NoPol - Config: Config{synthesisDepth=3, collectStaticMethods=true, collectStaticFields=false, collectLiterals=false, onlyOneSynthesisResult=true, sortExpressions=true, maxLineInvocationPerTest=250, timeoutMethodInvocation=2000, dataCollectionTimeoutInSecondForSynthesis=900, addWeight=0.19478, subWeight=0.04554, mulWeight=0.0102, divWeight=0.00613, andWeight=0.10597, orWeight=0.05708, eqWeight=0.22798, nEqWeight=0.0, lessEqWeight=0.0255, lessWeight=0.0947, methodCallWeight=0.1, fieldAccessWeight=0.08099, constantWeight=0.14232, variableWeight=0.05195, mode=REPAIR, type=PRE_THEN_COND, synthesis=SMT, oracle=ANGELIC, solver=Z3, solverPath='/home/tdurieux/RepairThemAll/script/../libs/z3/build/z3', projectSources=[src/main/java], projectClasspath='[Ljava.net.URL;@66d33a', projectTests=[introclassJava.digits_d767ad3b_007BlackboxTest, introclassJava.digits_d767ad3b_007WhiteboxTest], complianceLevel=7, outputFolder=., json=true}
16:00:01.767 [main] INFO  fr.inria.lille.repair.nopol.NoPol - Available processors (cores): 8
16:00:01.774 [main] INFO  fr.inria.lille.repair.nopol.NoPol - Free memory: 467 MB
16:00:01.774 [main] INFO  fr.inria.lille.repair.nopol.NoPol - Maximum memory: 3 GB
16:00:01.774 [main] INFO  fr.inria.lille.repair.nopol.NoPol - Total memory available to JVM: 483 MB
16:00:01.774 [main] INFO  fr.inria.lille.repair.nopol.NoPol - Java version: 1.8.0_181
16:00:01.775 [main] INFO  fr.inria.lille.repair.nopol.NoPol - JAVA_HOME: /usr/lib/jvm/java-1.8.0-openjdk-amd64/bin/
16:00:01.775 [main] INFO  fr.inria.lille.repair.nopol.NoPol - PATH: /usr/lib/jvm/java-1.8.0-openjdk-amd64/bin/:/usr/lib/oar/oardodo:/usr/lib/oar/oardodo:/usr/local/bin:/usr/bin:/bin:/usr/games
16:00:05.366 [pool-2-thread-1] DEBUG fr.inria.lille.repair.nopol.NoPol - statement #1
16:00:05.367 [pool-2-thread-1] DEBUG fr.inria.lille.repair.nopol.NoPol - Analysing SourceLocation introclassJava.digits_d767ad3b_007:70 which is executed by 1 tests
1674530680
16:00:05.695 [pool-2-thread-1] DEBUG fr.inria.lille.repair.nopol.NoPol - looking with class fr.inria.lille.repair.nopol.spoon.smt.ConditionalAdder
org.junit.ComparisonFailure: expected:<Enteraninteger>678[-]9That'sall,haveanice...> but was:<Enteraninteger>678[]9That'sall,haveanice...>
    at org.junit.Assert.assertEquals(Assert.java:115)
    at org.junit.Assert.assertEquals(Assert.java:144)
    at introclassJava.digits_d767ad3b_007BlackboxTest.test2(digits_d767ad3b_007BlackboxTest.java:23)
    at sun.reflect.NativeMethodAccessorImpl.invoke0(Native Method)
    at sun.reflect.NativeMethodAccessorImpl.invoke(NativeMethodAccessorImpl.java:62)
    at sun.reflect.DelegatingMethodAccessorImpl.invoke(DelegatingMethodAccessorImpl.java:43)
16:00:05.747 [pool-4-thread-1] INFO  xxl.java.junit.TestCasesListener - Tests run finished (24 ms)
<> Total tests run: 6
<> Ignored tests: 0
<> Failed tests: 1
~ test2(introclassJava.digits_d767ad3b_007BlackboxTest)
[expected:<Enteraninteger>678[-]9That'sall,haveanice...> but was:<Enteraninteger>678[]9That'sall,haveanice...>]
org.junit.ComparisonFailure: expected:<Enteraninteger>678[-]9That'sall,haveanice...> but was:<Enteraninteger>678[]9That'sall,haveanice...>    at org.junit.Assert.assertEquals(Assert.java:115)
    at org.junit.Assert.assertEquals(Assert.java:144)
    at introclassJava.digits_d767ad3b_007BlackboxTest.test2(digits_d767ad3b_007BlackboxTest.java:23)
    at sun.reflect.NativeMethodAccessorImpl.invoke0(Native Method)
    at sun.reflect.NativeMethodAccessorImpl.invoke(NativeMethodAccessorImpl.java:62)
    at sun.reflect.DelegatingMethodAccessorImpl.invoke(DelegatingMethodAccessorImpl.java:43)

org.junit.ComparisonFailure: expected:<Enteraninteger>678[-]9That'sall,haveanice...> but was:<Enteraninteger>678[]9That'sall,haveanice...>
    at org.junit.Assert.assertEquals(Assert.java:115)
    at org.junit.Assert.assertEquals(Assert.java:144)
    at introclassJava.digits_d767ad3b_007BlackboxTest.test2(digits_d767ad3b_007BlackboxTest.java:23)
    at sun.reflect.NativeMethodAccessorImpl.invoke0(Native Method)
    at sun.reflect.NativeMethodAccessorImpl.invoke(NativeMethodAccessorImpl.java:62)
    at sun.reflect.DelegatingMethodAccessorImpl.invoke(DelegatingMethodAccessorImpl.java:43)
16:00:06.340 [pool-5-thread-1] INFO  f.i.l.c.t.SpecificationTestCasesListener - Tests run finished (8 ms)
<> Total tests run: 1
<> Ignored tests: 0
<> Failed tests: 1
~ test2(introclassJava.digits_d767ad3b_007BlackboxTest)
[expected:<Enteraninteger>678[-]9That'sall,haveanice...> but was:<Enteraninteger>678[]9That'sall,haveanice...>]
org.junit.ComparisonFailure: expected:<Enteraninteger>678[-]9That'sall,haveanice...> but was:<Enteraninteger>678[]9That'sall,haveanice...>    at org.junit.Assert.assertEquals(Assert.java:115)
    at org.junit.Assert.assertEquals(Assert.java:144)
    at introclassJava.digits_d767ad3b_007BlackboxTest.test2(digits_d767ad3b_007BlackboxTest.java:23)
    at sun.reflect.NativeMethodAccessorImpl.invoke0(Native Method)
    at sun.reflect.NativeMethodAccessorImpl.invoke(NativeMethodAccessorImpl.java:62)
    at sun.reflect.DelegatingMethodAccessorImpl.invoke(DelegatingMethodAccessorImpl.java:43)

org.junit.ComparisonFailure: expected:<Enteraninteger>678[-]9That'sall,haveanice...> but was:<Enteraninteger>678[]9That'sall,haveanice...>
    at org.junit.Assert.assertEquals(Assert.java:115)
    at org.junit.Assert.assertEquals(Assert.java:144)
    at introclassJava.digits_d767ad3b_007BlackboxTest.test2(digits_d767ad3b_007BlackboxTest.java:23)
    at sun.reflect.NativeMethodAccessorImpl.invoke0(Native Method)
    at sun.reflect.NativeMethodAccessorImpl.invoke(NativeMethodAccessorImpl.java:62)
    at sun.reflect.DelegatingMethodAccessorImpl.invoke(DelegatingMethodAccessorImpl.java:43)
16:00:06.344 [pool-6-thread-1] INFO  f.i.l.c.t.SpecificationTestCasesListener - Tests run finished (2 ms)
<> Total tests run: 1
<> Ignored tests: 0
<> Failed tests: 1
~ test2(introclassJava.digits_d767ad3b_007BlackboxTest)
[expected:<Enteraninteger>678[-]9That'sall,haveanice...> but was:<Enteraninteger>678[]9That'sall,haveanice...>]
org.junit.ComparisonFailure: expected:<Enteraninteger>678[-]9That'sall,haveanice...> but was:<Enteraninteger>678[]9That'sall,haveanice...>    at org.junit.Assert.assertEquals(Assert.java:115)
    at org.junit.Assert.assertEquals(Assert.java:144)
    at introclassJava.digits_d767ad3b_007BlackboxTest.test2(digits_d767ad3b_007BlackboxTest.java:23)
    at sun.reflect.NativeMethodAccessorImpl.invoke0(Native Method)
    at sun.reflect.NativeMethodAccessorImpl.invoke(NativeMethodAccessorImpl.java:62)
    at sun.reflect.DelegatingMethodAccessorImpl.invoke(DelegatingMethodAccessorImpl.java:43)

16:00:06.345 [pool-3-thread-1] DEBUG tests.output - Failing tests with false: 
[test2(introclassJava.digits_d767ad3b_007BlackboxTest): expected:<Enteraninteger>678[-]9That'sall,haveanice...> but was:<Enteraninteger>678[]9That'sall,haveanice...>]
16:00:06.345 [pool-3-thread-1] DEBUG tests.output - Failing tests with true: 
[test2(introclassJava.digits_d767ad3b_007BlackboxTest): expected:<Enteraninteger>678[-]9That'sall,haveanice...> but was:<Enteraninteger>678[]9That'sall,haveanice...>]
16:00:06.345 [pool-3-thread-1] INFO  f.i.l.r.n.synth.SMTNopolSynthesizer - Not enough specifications: 0. A trivial patch is "true" or "false", please write new tests specifying SourceLocation introclassJava.digits_d767ad3b_007:70.
16:00:06.345 [pool-2-thread-1] DEBUG fr.inria.lille.repair.nopol.NoPol - looking with class fr.inria.lille.repair.nopol.spoon.smt.ConditionalReplacer
org.junit.ComparisonFailure: expected:<Enteraninteger>678[-]9That'sall,haveanice...> but was:<Enteraninteger>678[]9That'sall,haveanice...>
    at org.junit.Assert.assertEquals(Assert.java:115)
    at org.junit.Assert.assertEquals(Assert.java:144)
    at introclassJava.digits_d767ad3b_007BlackboxTest.test2(digits_d767ad3b_007BlackboxTest.java:23)
    at sun.reflect.NativeMethodAccessorImpl.invoke0(Native Method)
    at sun.reflect.NativeMethodAccessorImpl.invoke(NativeMethodAccessorImpl.java:62)
    at sun.reflect.DelegatingMethodAccessorImpl.invoke(DelegatingMethodAccessorImpl.java:43)
16:00:06.358 [pool-8-thread-1] INFO  xxl.java.junit.TestCasesListener - Tests run finished (10 ms)
<> Total tests run: 6
<> Ignored tests: 0
<> Failed tests: 1
~ test2(introclassJava.digits_d767ad3b_007BlackboxTest)
[expected:<Enteraninteger>678[-]9That'sall,haveanice...> but was:<Enteraninteger>678[]9That'sall,haveanice...>]
org.junit.ComparisonFailure: expected:<Enteraninteger>678[-]9That'sall,haveanice...> but was:<Enteraninteger>678[]9That'sall,haveanice...>    at org.junit.Assert.assertEquals(Assert.java:115)
    at org.junit.Assert.assertEquals(Assert.java:144)
    at introclassJava.digits_d767ad3b_007BlackboxTest.test2(digits_d767ad3b_007BlackboxTest.java:23)
    at sun.reflect.NativeMethodAccessorImpl.invoke0(Native Method)
    at sun.reflect.NativeMethodAccessorImpl.invoke(NativeMethodAccessorImpl.java:62)
    at sun.reflect.DelegatingMethodAccessorImpl.invoke(DelegatingMethodAccessorImpl.java:43)

org.junit.ComparisonFailure: expected:<Enteraninteger>678[-]9That'sall,haveanice...> but was:<Enteraninteger>678[]9That'sall,haveanice...>
    at org.junit.Assert.assertEquals(Assert.java:115)
    at org.junit.Assert.assertEquals(Assert.java:144)
    at introclassJava.digits_d767ad3b_007BlackboxTest.test2(digits_d767ad3b_007BlackboxTest.java:23)
    at sun.reflect.NativeMethodAccessorImpl.invoke0(Native Method)
    at sun.reflect.NativeMethodAccessorImpl.invoke(NativeMethodAccessorImpl.java:62)
    at sun.reflect.DelegatingMethodAccessorImpl.invoke(DelegatingMethodAccessorImpl.java:43)
16:00:06.511 [pool-9-thread-1] INFO  f.i.l.c.t.SpecificationTestCasesListener - Tests run finished (4 ms)
<> Total tests run: 1
<> Ignored tests: 0
<> Failed tests: 1
~ test2(introclassJava.digits_d767ad3b_007BlackboxTest)
[expected:<Enteraninteger>678[-]9That'sall,haveanice...> but was:<Enteraninteger>678[]9That'sall,haveanice...>]
org.junit.ComparisonFailure: expected:<Enteraninteger>678[-]9That'sall,haveanice...> but was:<Enteraninteger>678[]9That'sall,haveanice...>    at org.junit.Assert.assertEquals(Assert.java:115)
    at org.junit.Assert.assertEquals(Assert.java:144)
    at introclassJava.digits_d767ad3b_007BlackboxTest.test2(digits_d767ad3b_007BlackboxTest.java:23)
    at sun.reflect.NativeMethodAccessorImpl.invoke0(Native Method)
    at sun.reflect.NativeMethodAccessorImpl.invoke(NativeMethodAccessorImpl.java:62)
    at sun.reflect.DelegatingMethodAccessorImpl.invoke(DelegatingMethodAccessorImpl.java:43)

org.junit.ComparisonFailure: expected:<Enteraninteger>6[78-]9That'sall,haveanice...> but was:<Enteraninteger>6[-987That'sall,haveaniceday!78]9That'sall,haveanice...>
    at org.junit.Assert.assertEquals(Assert.java:115)
    at org.junit.Assert.assertEquals(Assert.java:144)
    at introclassJava.digits_d767ad3b_007BlackboxTest.test2(digits_d767ad3b_007BlackboxTest.java:23)
    at sun.reflect.NativeMethodAccessorImpl.invoke0(Native Method)
    at sun.reflect.NativeMethodAccessorImpl.invoke(NativeMethodAccessorImpl.java:62)
    at sun.reflect.DelegatingMethodAccessorImpl.invoke(DelegatingMethodAccessorImpl.java:43)
16:00:06.514 [pool-10-thread-1] INFO  f.i.l.c.t.SpecificationTestCasesListener - Tests run finished (2 ms)
<> Total tests run: 1
<> Ignored tests: 0
<> Failed tests: 1
~ test2(introclassJava.digits_d767ad3b_007BlackboxTest)
[expected:<Enteraninteger>6[78-]9That'sall,haveanice...> but was:<Enteraninteger>6[-987That'sall,haveaniceday!78]9That'sall,haveanice...>]
org.junit.ComparisonFailure: expected:<Enteraninteger>6[78-]9That'sall,haveanice...> but was:<Enteraninteger>6[-987That'sall,haveaniceday!78]9That'sall,haveanice...>    at org.junit.Assert.assertEquals(Assert.java:115)
    at org.junit.Assert.assertEquals(Assert.java:144)
    at introclassJava.digits_d767ad3b_007BlackboxTest.test2(digits_d767ad3b_007BlackboxTest.java:23)
    at sun.reflect.NativeMethodAccessorImpl.invoke0(Native Method)
    at sun.reflect.NativeMethodAccessorImpl.invoke(NativeMethodAccessorImpl.java:62)
    at sun.reflect.DelegatingMethodAccessorImpl.invoke(DelegatingMethodAccessorImpl.java:43)

16:00:06.515 [pool-7-thread-1] DEBUG tests.output - Failing tests with false: 
[test2(introclassJava.digits_d767ad3b_007BlackboxTest): expected:<Enteraninteger>678[-]9That'sall,haveanice...> but was:<Enteraninteger>678[]9That'sall,haveanice...>]
16:00:06.515 [pool-7-thread-1] DEBUG tests.output - Failing tests with true: 
[test2(introclassJava.digits_d767ad3b_007BlackboxTest): expected:<Enteraninteger>6[78-]9That'sall,haveanice...> but was:<Enteraninteger>6[-987That'sall,haveaniceday!78]9That'sall,haveanice...>]
16:00:06.515 [pool-7-thread-1] INFO  f.i.l.r.n.synth.SMTNopolSynthesizer - Not enough specifications: 0. A trivial patch is "true" or "false", please write new tests specifying SourceLocation introclassJava.digits_d767ad3b_007:70.
16:00:06.515 [pool-2-thread-1] DEBUG fr.inria.lille.repair.nopol.NoPol - statement #2
16:00:06.515 [pool-2-thread-1] DEBUG fr.inria.lille.repair.nopol.NoPol - Analysing SourceLocation introclassJava.digits_d767ad3b_007:69 which is executed by 1 tests
1674530680
16:00:06.594 [pool-2-thread-1] DEBUG fr.inria.lille.repair.nopol.NoPol - looking with class fr.inria.lille.repair.nopol.spoon.smt.ConditionalAdder
org.junit.ComparisonFailure: expected:<Enteraninteger>678[-]9That'sall,haveanice...> but was:<Enteraninteger>678[]9That'sall,haveanice...>
    at org.junit.Assert.assertEquals(Assert.java:115)
    at org.junit.Assert.assertEquals(Assert.java:144)
    at introclassJava.digits_d767ad3b_007BlackboxTest.test2(digits_d767ad3b_007BlackboxTest.java:23)
    at sun.reflect.NativeMethodAccessorImpl.invoke0(Native Method)
    at sun.reflect.NativeMethodAccessorImpl.invoke(NativeMethodAccessorImpl.java:62)
    at sun.reflect.DelegatingMethodAccessorImpl.invoke(DelegatingMethodAccessorImpl.java:43)
16:00:06.606 [pool-12-thread-1] INFO  xxl.java.junit.TestCasesListener - Tests run finished (9 ms)
<> Total tests run: 6
<> Ignored tests: 0
<> Failed tests: 1
~ test2(introclassJava.digits_d767ad3b_007BlackboxTest)
[expected:<Enteraninteger>678[-]9That'sall,haveanice...> but was:<Enteraninteger>678[]9That'sall,haveanice...>]
org.junit.ComparisonFailure: expected:<Enteraninteger>678[-]9That'sall,haveanice...> but was:<Enteraninteger>678[]9That'sall,haveanice...>    at org.junit.Assert.assertEquals(Assert.java:115)
    at org.junit.Assert.assertEquals(Assert.java:144)
    at introclassJava.digits_d767ad3b_007BlackboxTest.test2(digits_d767ad3b_007BlackboxTest.java:23)
    at sun.reflect.NativeMethodAccessorImpl.invoke0(Native Method)
    at sun.reflect.NativeMethodAccessorImpl.invoke(NativeMethodAccessorImpl.java:62)
    at sun.reflect.DelegatingMethodAccessorImpl.invoke(DelegatingMethodAccessorImpl.java:43)

org.junit.ComparisonFailure: expected:<Enteraninteger>6[78-]9That'sall,haveanice...> but was:<Enteraninteger>6[678]9That'sall,haveanice...>
    at org.junit.Assert.assertEquals(Assert.java:115)
    at org.junit.Assert.assertEquals(Assert.java:144)
    at introclassJava.digits_d767ad3b_007BlackboxTest.test2(digits_d767ad3b_007BlackboxTest.java:23)
    at sun.reflect.NativeMethodAccessorImpl.invoke0(Native Method)
    at sun.reflect.NativeMethodAccessorImpl.invoke(NativeMethodAccessorImpl.java:62)
    at sun.reflect.DelegatingMethodAccessorImpl.invoke(DelegatingMethodAccessorImpl.java:43)
16:00:06.742 [pool-13-thread-1] INFO  f.i.l.c.t.SpecificationTestCasesListener - Tests run finished (3 ms)
<> Total tests run: 1
<> Ignored tests: 0
<> Failed tests: 1
~ test2(introclassJava.digits_d767ad3b_007BlackboxTest)
[expected:<Enteraninteger>6[78-]9That'sall,haveanice...> but was:<Enteraninteger>6[678]9That'sall,haveanice...>]
org.junit.ComparisonFailure: expected:<Enteraninteger>6[78-]9That'sall,haveanice...> but was:<Enteraninteger>6[678]9That'sall,haveanice...>    at org.junit.Assert.assertEquals(Assert.java:115)
    at org.junit.Assert.assertEquals(Assert.java:144)
    at introclassJava.digits_d767ad3b_007BlackboxTest.test2(digits_d767ad3b_007BlackboxTest.java:23)
    at sun.reflect.NativeMethodAccessorImpl.invoke0(Native Method)
    at sun.reflect.NativeMethodAccessorImpl.invoke(NativeMethodAccessorImpl.java:62)
    at sun.reflect.DelegatingMethodAccessorImpl.invoke(DelegatingMethodAccessorImpl.java:43)

org.junit.ComparisonFailure: expected:<Enteraninteger>678[-]9That'sall,haveanice...> but was:<Enteraninteger>678[]9That'sall,haveanice...>
    at org.junit.Assert.assertEquals(Assert.java:115)
    at org.junit.Assert.assertEquals(Assert.java:144)
    at introclassJava.digits_d767ad3b_007BlackboxTest.test2(digits_d767ad3b_007BlackboxTest.java:23)
    at sun.reflect.NativeMethodAccessorImpl.invoke0(Native Method)
    at sun.reflect.NativeMethodAccessorImpl.invoke(NativeMethodAccessorImpl.java:62)
    at sun.reflect.DelegatingMethodAccessorImpl.invoke(DelegatingMethodAccessorImpl.java:43)
16:00:06.744 [pool-14-thread-1] INFO  f.i.l.c.t.SpecificationTestCasesListener - Tests run finished (1 ms)
<> Total tests run: 1
<> Ignored tests: 0
<> Failed tests: 1
~ test2(introclassJava.digits_d767ad3b_007BlackboxTest)
[expected:<Enteraninteger>678[-]9That'sall,haveanice...> but was:<Enteraninteger>678[]9That'sall,haveanice...>]
org.junit.ComparisonFailure: expected:<Enteraninteger>678[-]9That'sall,haveanice...> but was:<Enteraninteger>678[]9That'sall,haveanice...>    at org.junit.Assert.assertEquals(Assert.java:115)
    at org.junit.Assert.assertEquals(Assert.java:144)
    at introclassJava.digits_d767ad3b_007BlackboxTest.test2(digits_d767ad3b_007BlackboxTest.java:23)
    at sun.reflect.NativeMethodAccessorImpl.invoke0(Native Method)
    at sun.reflect.NativeMethodAccessorImpl.invoke(NativeMethodAccessorImpl.java:62)
    at sun.reflect.DelegatingMethodAccessorImpl.invoke(DelegatingMethodAccessorImpl.java:43)

16:00:06.745 [pool-11-thread-1] DEBUG tests.output - Failing tests with false: 
[test2(introclassJava.digits_d767ad3b_007BlackboxTest): expected:<Enteraninteger>6[78-]9That'sall,haveanice...> but was:<Enteraninteger>6[678]9That'sall,haveanice...>]
16:00:06.745 [pool-11-thread-1] DEBUG tests.output - Failing tests with true: 
[test2(introclassJava.digits_d767ad3b_007BlackboxTest): expected:<Enteraninteger>678[-]9That'sall,haveanice...> but was:<Enteraninteger>678[]9That'sall,haveanice...>]
16:00:06.745 [pool-11-thread-1] INFO  f.i.l.r.n.synth.SMTNopolSynthesizer - Not enough specifications: 0. A trivial patch is "true" or "false", please write new tests specifying SourceLocation introclassJava.digits_d767ad3b_007:69.
16:00:06.746 [pool-2-thread-1] DEBUG fr.inria.lille.repair.nopol.NoPol - statement #3
16:00:06.746 [pool-2-thread-1] DEBUG fr.inria.lille.repair.nopol.NoPol - Analysing SourceLocation introclassJava.digits_d767ad3b_007:68 which is executed by 1 tests
1674530680
16:00:06.810 [pool-2-thread-1] DEBUG fr.inria.lille.repair.nopol.NoPol - looking with class fr.inria.lille.repair.nopol.spoon.smt.ConditionalAdder
org.junit.ComparisonFailure: expected:<Enteraninteger>678[-]9That'sall,haveanice...> but was:<Enteraninteger>678[]9That'sall,haveanice...>
    at org.junit.Assert.assertEquals(Assert.java:115)
    at org.junit.Assert.assertEquals(Assert.java:144)
    at introclassJava.digits_d767ad3b_007BlackboxTest.test2(digits_d767ad3b_007BlackboxTest.java:23)
    at sun.reflect.NativeMethodAccessorImpl.invoke0(Native Method)
    at sun.reflect.NativeMethodAccessorImpl.invoke(NativeMethodAccessorImpl.java:62)
    at sun.reflect.DelegatingMethodAccessorImpl.invoke(DelegatingMethodAccessorImpl.java:43)
16:00:06.821 [pool-16-thread-1] INFO  xxl.java.junit.TestCasesListener - Tests run finished (8 ms)
<> Total tests run: 6
<> Ignored tests: 0
<> Failed tests: 1
~ test2(introclassJava.digits_d767ad3b_007BlackboxTest)
[expected:<Enteraninteger>678[-]9That'sall,haveanice...> but was:<Enteraninteger>678[]9That'sall,haveanice...>]
org.junit.ComparisonFailure: expected:<Enteraninteger>678[-]9That'sall,haveanice...> but was:<Enteraninteger>678[]9That'sall,haveanice...>    at org.junit.Assert.assertEquals(Assert.java:115)
    at org.junit.Assert.assertEquals(Assert.java:144)
    at introclassJava.digits_d767ad3b_007BlackboxTest.test2(digits_d767ad3b_007BlackboxTest.java:23)
    at sun.reflect.NativeMethodAccessorImpl.invoke0(Native Method)
    at sun.reflect.NativeMethodAccessorImpl.invoke(NativeMethodAccessorImpl.java:62)
    at sun.reflect.DelegatingMethodAccessorImpl.invoke(DelegatingMethodAccessorImpl.java:43)

org.junit.ComparisonFailure: expected:<Enteraninteger>[678-]9That'sall,haveanice...> but was:<Enteraninteger>[78]9That'sall,haveanice...>
    at org.junit.Assert.assertEquals(Assert.java:115)
    at org.junit.Assert.assertEquals(Assert.java:144)
    at introclassJava.digits_d767ad3b_007BlackboxTest.test2(digits_d767ad3b_007BlackboxTest.java:23)
    at sun.reflect.NativeMethodAccessorImpl.invoke0(Native Method)
    at sun.reflect.NativeMethodAccessorImpl.invoke(NativeMethodAccessorImpl.java:62)
    at sun.reflect.DelegatingMethodAccessorImpl.invoke(DelegatingMethodAccessorImpl.java:43)
16:00:06.951 [pool-17-thread-1] INFO  f.i.l.c.t.SpecificationTestCasesListener - Tests run finished (4 ms)
<> Total tests run: 1
<> Ignored tests: 0
<> Failed tests: 1
~ test2(introclassJava.digits_d767ad3b_007BlackboxTest)
[expected:<Enteraninteger>[678-]9That'sall,haveanice...> but was:<Enteraninteger>[78]9That'sall,haveanice...>]
org.junit.ComparisonFailure: expected:<Enteraninteger>[678-]9That'sall,haveanice...> but was:<Enteraninteger>[78]9That'sall,haveanice...>    at org.junit.Assert.assertEquals(Assert.java:115)
    at org.junit.Assert.assertEquals(Assert.java:144)
    at introclassJava.digits_d767ad3b_007BlackboxTest.test2(digits_d767ad3b_007BlackboxTest.java:23)
    at sun.reflect.NativeMethodAccessorImpl.invoke0(Native Method)
    at sun.reflect.NativeMethodAccessorImpl.invoke(NativeMethodAccessorImpl.java:62)
    at sun.reflect.DelegatingMethodAccessorImpl.invoke(DelegatingMethodAccessorImpl.java:43)

org.junit.ComparisonFailure: expected:<Enteraninteger>678[-]9That'sall,haveanice...> but was:<Enteraninteger>678[]9That'sall,haveanice...>
    at org.junit.Assert.assertEquals(Assert.java:115)
    at org.junit.Assert.assertEquals(Assert.java:144)
    at introclassJava.digits_d767ad3b_007BlackboxTest.test2(digits_d767ad3b_007BlackboxTest.java:23)
    at sun.reflect.NativeMethodAccessorImpl.invoke0(Native Method)
    at sun.reflect.NativeMethodAccessorImpl.invoke(NativeMethodAccessorImpl.java:62)
    at sun.reflect.DelegatingMethodAccessorImpl.invoke(DelegatingMethodAccessorImpl.java:43)
16:00:06.953 [pool-18-thread-1] INFO  f.i.l.c.t.SpecificationTestCasesListener - Tests run finished (1 ms)
<> Total tests run: 1
<> Ignored tests: 0
<> Failed tests: 1
~ test2(introclassJava.digits_d767ad3b_007BlackboxTest)
[expected:<Enteraninteger>678[-]9That'sall,haveanice...> but was:<Enteraninteger>678[]9That'sall,haveanice...>]
org.junit.ComparisonFailure: expected:<Enteraninteger>678[-]9That'sall,haveanice...> but was:<Enteraninteger>678[]9That'sall,haveanice...>    at org.junit.Assert.assertEquals(Assert.java:115)
    at org.junit.Assert.assertEquals(Assert.java:144)
    at introclassJava.digits_d767ad3b_007BlackboxTest.test2(digits_d767ad3b_007BlackboxTest.java:23)
    at sun.reflect.NativeMethodAccessorImpl.invoke0(Native Method)
    at sun.reflect.NativeMethodAccessorImpl.invoke(NativeMethodAccessorImpl.java:62)
    at sun.reflect.DelegatingMethodAccessorImpl.invoke(DelegatingMethodAccessorImpl.java:43)

16:00:06.954 [pool-15-thread-1] DEBUG tests.output - Failing tests with false: 
[test2(introclassJava.digits_d767ad3b_007BlackboxTest): expected:<Enteraninteger>[678-]9That'sall,haveanice...> but was:<Enteraninteger>[78]9That'sall,haveanice...>]
16:00:06.954 [pool-15-thread-1] DEBUG tests.output - Failing tests with true: 
[test2(introclassJava.digits_d767ad3b_007BlackboxTest): expected:<Enteraninteger>678[-]9That'sall,haveanice...> but was:<Enteraninteger>678[]9That'sall,haveanice...>]
16:00:06.954 [pool-15-thread-1] INFO  f.i.l.r.n.synth.SMTNopolSynthesizer - Not enough specifications: 0. A trivial patch is "true" or "false", please write new tests specifying SourceLocation introclassJava.digits_d767ad3b_007:68.
16:00:06.954 [pool-2-thread-1] DEBUG fr.inria.lille.repair.nopol.NoPol - statement #4
16:00:06.955 [pool-2-thread-1] DEBUG fr.inria.lille.repair.nopol.NoPol - Analysing SourceLocation introclassJava.digits_d767ad3b_007:67 which is executed by 1 tests
1674530680
16:00:07.015 [pool-2-thread-1] DEBUG fr.inria.lille.repair.nopol.NoPol - looking with class fr.inria.lille.repair.nopol.spoon.smt.ConditionalAdder
org.junit.ComparisonFailure: expected:<Enteraninteger>678[-]9That'sall,haveanice...> but was:<Enteraninteger>678[]9That'sall,haveanice...>
    at org.junit.Assert.assertEquals(Assert.java:115)
    at org.junit.Assert.assertEquals(Assert.java:144)
    at introclassJava.digits_d767ad3b_007BlackboxTest.test2(digits_d767ad3b_007BlackboxTest.java:23)
    at sun.reflect.NativeMethodAccessorImpl.invoke0(Native Method)
    at sun.reflect.NativeMethodAccessorImpl.invoke(NativeMethodAccessorImpl.java:62)
    at sun.reflect.DelegatingMethodAccessorImpl.invoke(DelegatingMethodAccessorImpl.java:43)
16:00:07.025 [pool-20-thread-1] INFO  xxl.java.junit.TestCasesListener - Tests run finished (8 ms)
<> Total tests run: 6
<> Ignored tests: 0
<> Failed tests: 1
~ test2(introclassJava.digits_d767ad3b_007BlackboxTest)
[expected:<Enteraninteger>678[-]9That'sall,haveanice...> but was:<Enteraninteger>678[]9That'sall,haveanice...>]
org.junit.ComparisonFailure: expected:<Enteraninteger>678[-]9That'sall,haveanice...> but was:<Enteraninteger>678[]9That'sall,haveanice...>    at org.junit.Assert.assertEquals(Assert.java:115)
    at org.junit.Assert.assertEquals(Assert.java:144)
    at introclassJava.digits_d767ad3b_007BlackboxTest.test2(digits_d767ad3b_007BlackboxTest.java:23)
    at sun.reflect.NativeMethodAccessorImpl.invoke0(Native Method)
    at sun.reflect.NativeMethodAccessorImpl.invoke(NativeMethodAccessorImpl.java:62)
    at sun.reflect.DelegatingMethodAccessorImpl.invoke(DelegatingMethodAccessorImpl.java:43)

org.junit.ComparisonFailure: expected:<Enteraninteger>[678-9]That'sall,haveaniced...> but was:<Enteraninteger>[-6987That'sall,haveaniceday!-798That'sall,haveaniceday!-89That'sall,haveaniceday!-90]That'sall,haveaniced...>
    at org.junit.Assert.assertEquals(Assert.java:115)
    at org.junit.Assert.assertEquals(Assert.java:144)
    at introclassJava.digits_d767ad3b_007BlackboxTest.test2(digits_d767ad3b_007BlackboxTest.java:23)
    at sun.reflect.NativeMethodAccessorImpl.invoke0(Native Method)
    at sun.reflect.NativeMethodAccessorImpl.invoke(NativeMethodAccessorImpl.java:62)
    at sun.reflect.DelegatingMethodAccessorImpl.invoke(DelegatingMethodAccessorImpl.java:43)
16:00:07.155 [pool-21-thread-1] INFO  f.i.l.c.t.SpecificationTestCasesListener - Tests run finished (3 ms)
<> Total tests run: 1
<> Ignored tests: 0
<> Failed tests: 1
~ test2(introclassJava.digits_d767ad3b_007BlackboxTest)
[expected:<Enteraninteger>[678-9]That'sall,haveaniced...> but was:<Enteraninteger>[-6987That'sall,haveaniceday!-798That'sall,haveaniceday!-89That'sall,haveaniceday!-90]That'sall,haveaniced...>]
org.junit.ComparisonFailure: expected:<Enteraninteger>[678-9]That'sall,haveaniced...> but was:<Enteraninteger>[-6987That'sall,haveaniceday!-798That'sall,haveaniceday!-89That'sall,haveaniceday!-90]That'sall,haveaniced...>    at org.junit.Assert.assertEquals(Assert.java:115)
    at org.junit.Assert.assertEquals(Assert.java:144)
    at introclassJava.digits_d767ad3b_007BlackboxTest.test2(digits_d767ad3b_007BlackboxTest.java:23)
    at sun.reflect.NativeMethodAccessorImpl.invoke0(Native Method)
    at sun.reflect.NativeMethodAccessorImpl.invoke(NativeMethodAccessorImpl.java:62)
    at sun.reflect.DelegatingMethodAccessorImpl.invoke(DelegatingMethodAccessorImpl.java:43)

org.junit.ComparisonFailure: expected:<Enteraninteger>678[-]9That'sall,haveanice...> but was:<Enteraninteger>678[]9That'sall,haveanice...>
    at org.junit.Assert.assertEquals(Assert.java:115)
    at org.junit.Assert.assertEquals(Assert.java:144)
    at introclassJava.digits_d767ad3b_007BlackboxTest.test2(digits_d767ad3b_007BlackboxTest.java:23)
    at sun.reflect.NativeMethodAccessorImpl.invoke0(Native Method)
    at sun.reflect.NativeMethodAccessorImpl.invoke(NativeMethodAccessorImpl.java:62)
    at sun.reflect.DelegatingMethodAccessorImpl.invoke(DelegatingMethodAccessorImpl.java:43)
16:00:07.158 [pool-22-thread-1] INFO  f.i.l.c.t.SpecificationTestCasesListener - Tests run finished (2 ms)
<> Total tests run: 1
<> Ignored tests: 0
<> Failed tests: 1
~ test2(introclassJava.digits_d767ad3b_007BlackboxTest)
[expected:<Enteraninteger>678[-]9That'sall,haveanice...> but was:<Enteraninteger>678[]9That'sall,haveanice...>]
org.junit.ComparisonFailure: expected:<Enteraninteger>678[-]9That'sall,haveanice...> but was:<Enteraninteger>678[]9That'sall,haveanice...>    at org.junit.Assert.assertEquals(Assert.java:115)
    at org.junit.Assert.assertEquals(Assert.java:144)
    at introclassJava.digits_d767ad3b_007BlackboxTest.test2(digits_d767ad3b_007BlackboxTest.java:23)
    at sun.reflect.NativeMethodAccessorImpl.invoke0(Native Method)
    at sun.reflect.NativeMethodAccessorImpl.invoke(NativeMethodAccessorImpl.java:62)
    at sun.reflect.DelegatingMethodAccessorImpl.invoke(DelegatingMethodAccessorImpl.java:43)

16:00:07.159 [pool-19-thread-1] DEBUG tests.output - Failing tests with false: 
[test2(introclassJava.digits_d767ad3b_007BlackboxTest): expected:<Enteraninteger>[678-9]That'sall,haveaniced...> but was:<Enteraninteger>[-6987That'sall,haveaniceday!-798That'sall,haveaniceday!-89That'sall,haveaniceday!-90]That'sall,haveaniced...>]
16:00:07.159 [pool-19-thread-1] DEBUG tests.output - Failing tests with true: 
[test2(introclassJava.digits_d767ad3b_007BlackboxTest): expected:<Enteraninteger>678[-]9That'sall,haveanice...> but was:<Enteraninteger>678[]9That'sall,haveanice...>]
16:00:07.159 [pool-19-thread-1] INFO  f.i.l.r.n.synth.SMTNopolSynthesizer - Not enough specifications: 0. A trivial patch is "true" or "false", please write new tests specifying SourceLocation introclassJava.digits_d767ad3b_007:67.
16:00:07.159 [pool-2-thread-1] DEBUG fr.inria.lille.repair.nopol.NoPol - statement #5
16:00:07.159 [pool-2-thread-1] DEBUG fr.inria.lille.repair.nopol.NoPol - Analysing SourceLocation introclassJava.digits_d767ad3b_007:80 which is executed by 15 tests
1674530680
16:00:07.219 [pool-2-thread-1] DEBUG fr.inria.lille.repair.nopol.NoPol - looking with class fr.inria.lille.repair.nopol.spoon.smt.ConditionalAdder
org.junit.ComparisonFailure: expected:<Enteraninteger>678[-]9That'sall,haveanice...> but was:<Enteraninteger>678[]9That'sall,haveanice...>
    at org.junit.Assert.assertEquals(Assert.java:115)
    at org.junit.Assert.assertEquals(Assert.java:144)
    at introclassJava.digits_d767ad3b_007BlackboxTest.test2(digits_d767ad3b_007BlackboxTest.java:23)
    at sun.reflect.NativeMethodAccessorImpl.invoke0(Native Method)
    at sun.reflect.NativeMethodAccessorImpl.invoke(NativeMethodAccessorImpl.java:62)
    at sun.reflect.DelegatingMethodAccessorImpl.invoke(DelegatingMethodAccessorImpl.java:43)
16:00:07.228 [pool-24-thread-1] INFO  xxl.java.junit.TestCasesListener - Tests run finished (6 ms)
<> Total tests run: 6
<> Ignored tests: 0
<> Failed tests: 1
~ test2(introclassJava.digits_d767ad3b_007BlackboxTest)
[expected:<Enteraninteger>678[-]9That'sall,haveanice...> but was:<Enteraninteger>678[]9That'sall,haveanice...>]
org.junit.ComparisonFailure: expected:<Enteraninteger>678[-]9That'sall,haveanice...> but was:<Enteraninteger>678[]9That'sall,haveanice...>    at org.junit.Assert.assertEquals(Assert.java:115)
    at org.junit.Assert.assertEquals(Assert.java:144)
    at introclassJava.digits_d767ad3b_007BlackboxTest.test2(digits_d767ad3b_007BlackboxTest.java:23)
    at sun.reflect.NativeMethodAccessorImpl.invoke0(Native Method)
    at sun.reflect.NativeMethodAccessorImpl.invoke(NativeMethodAccessorImpl.java:62)
    at sun.reflect.DelegatingMethodAccessorImpl.invoke(DelegatingMethodAccessorImpl.java:43)

org.junit.ComparisonFailure: expected:<Enteraninteger>678[-]9That'sall,haveanice...> but was:<Enteraninteger>678[]9That'sall,haveanice...>
    at org.junit.Assert.assertEquals(Assert.java:115)
    at org.junit.Assert.assertEquals(Assert.java:144)
    at introclassJava.digits_d767ad3b_007BlackboxTest.test2(digits_d767ad3b_007BlackboxTest.java:23)
    at sun.reflect.NativeMethodAccessorImpl.invoke0(Native Method)
    at sun.reflect.NativeMethodAccessorImpl.invoke(NativeMethodAccessorImpl.java:62)
    at sun.reflect.DelegatingMethodAccessorImpl.invoke(DelegatingMethodAccessorImpl.java:43)
16:00:07.341 [pool-25-thread-1] INFO  f.i.l.c.t.SpecificationTestCasesListener - Tests run finished (3 ms)
<> Total tests run: 1
<> Ignored tests: 0
<> Failed tests: 1
~ test2(introclassJava.digits_d767ad3b_007BlackboxTest)
[expected:<Enteraninteger>678[-]9That'sall,haveanice...> but was:<Enteraninteger>678[]9That'sall,haveanice...>]
org.junit.ComparisonFailure: expected:<Enteraninteger>678[-]9That'sall,haveanice...> but was:<Enteraninteger>678[]9That'sall,haveanice...>    at org.junit.Assert.assertEquals(Assert.java:115)
    at org.junit.Assert.assertEquals(Assert.java:144)
    at introclassJava.digits_d767ad3b_007BlackboxTest.test2(digits_d767ad3b_007BlackboxTest.java:23)
    at sun.reflect.NativeMethodAccessorImpl.invoke0(Native Method)
    at sun.reflect.NativeMethodAccessorImpl.invoke(NativeMethodAccessorImpl.java:62)
    at sun.reflect.DelegatingMethodAccessorImpl.invoke(DelegatingMethodAccessorImpl.java:43)

org.junit.ComparisonFailure: expected:<Enteraninteger>678[-]9That'sall,haveanice...> but was:<Enteraninteger>678[]9That'sall,haveanice...>
    at org.junit.Assert.assertEquals(Assert.java:115)
    at org.junit.Assert.assertEquals(Assert.java:144)
    at introclassJava.digits_d767ad3b_007BlackboxTest.test2(digits_d767ad3b_007BlackboxTest.java:23)
    at sun.reflect.NativeMethodAccessorImpl.invoke0(Native Method)
    at sun.reflect.NativeMethodAccessorImpl.invoke(NativeMethodAccessorImpl.java:62)
    at sun.reflect.DelegatingMethodAccessorImpl.invoke(DelegatingMethodAccessorImpl.java:43)
16:00:07.345 [pool-26-thread-1] INFO  f.i.l.c.t.SpecificationTestCasesListener - Tests run finished (2 ms)
<> Total tests run: 1
<> Ignored tests: 0
<> Failed tests: 1
~ test2(introclassJava.digits_d767ad3b_007BlackboxTest)
[expected:<Enteraninteger>678[-]9That'sall,haveanice...> but was:<Enteraninteger>678[]9That'sall,haveanice...>]
org.junit.ComparisonFailure: expected:<Enteraninteger>678[-]9That'sall,haveanice...> but was:<Enteraninteger>678[]9That'sall,haveanice...>    at org.junit.Assert.assertEquals(Assert.java:115)
    at org.junit.Assert.assertEquals(Assert.java:144)
    at introclassJava.digits_d767ad3b_007BlackboxTest.test2(digits_d767ad3b_007BlackboxTest.java:23)
    at sun.reflect.NativeMethodAccessorImpl.invoke0(Native Method)
    at sun.reflect.NativeMethodAccessorImpl.invoke(NativeMethodAccessorImpl.java:62)
    at sun.reflect.DelegatingMethodAccessorImpl.invoke(DelegatingMethodAccessorImpl.java:43)

16:00:07.345 [pool-23-thread-1] DEBUG tests.output - Failing tests with false: 
[test2(introclassJava.digits_d767ad3b_007BlackboxTest): expected:<Enteraninteger>678[-]9That'sall,haveanice...> but was:<Enteraninteger>678[]9That'sall,haveanice...>]
16:00:07.346 [pool-23-thread-1] DEBUG tests.output - Failing tests with true: 
[test2(introclassJava.digits_d767ad3b_007BlackboxTest): expected:<Enteraninteger>678[-]9That'sall,haveanice...> but was:<Enteraninteger>678[]9That'sall,haveanice...>]
16:00:07.346 [pool-23-thread-1] INFO  f.i.l.r.n.synth.SMTNopolSynthesizer - Not enough specifications: 0. A trivial patch is "true" or "false", please write new tests specifying SourceLocation introclassJava.digits_d767ad3b_007:80.
16:00:07.346 [pool-2-thread-1] DEBUG fr.inria.lille.repair.nopol.NoPol - statement #6
16:00:07.346 [pool-2-thread-1] DEBUG fr.inria.lille.repair.nopol.NoPol - Analysing SourceLocation introclassJava.digits_d767ad3b_007:79 which is executed by 15 tests
1674530680
16:00:07.406 [pool-2-thread-1] DEBUG fr.inria.lille.repair.nopol.NoPol - looking with class fr.inria.lille.repair.nopol.spoon.smt.ConditionalAdder
org.junit.ComparisonFailure: expected:<Enteraninteger>678[-]9That'sall,haveanice...> but was:<Enteraninteger>678[]9That'sall,haveanice...>
    at org.junit.Assert.assertEquals(Assert.java:115)
    at org.junit.Assert.assertEquals(Assert.java:144)
    at introclassJava.digits_d767ad3b_007BlackboxTest.test2(digits_d767ad3b_007BlackboxTest.java:23)
    at sun.reflect.NativeMethodAccessorImpl.invoke0(Native Method)
    at sun.reflect.NativeMethodAccessorImpl.invoke(NativeMethodAccessorImpl.java:62)
    at sun.reflect.DelegatingMethodAccessorImpl.invoke(DelegatingMethodAccessorImpl.java:43)
16:00:07.414 [pool-28-thread-1] INFO  xxl.java.junit.TestCasesListener - Tests run finished (6 ms)
<> Total tests run: 6
<> Ignored tests: 0
<> Failed tests: 1
~ test2(introclassJava.digits_d767ad3b_007BlackboxTest)
[expected:<Enteraninteger>678[-]9That'sall,haveanice...> but was:<Enteraninteger>678[]9That'sall,haveanice...>]
org.junit.ComparisonFailure: expected:<Enteraninteger>678[-]9That'sall,haveanice...> but was:<Enteraninteger>678[]9That'sall,haveanice...>    at org.junit.Assert.assertEquals(Assert.java:115)
    at org.junit.Assert.assertEquals(Assert.java:144)
    at introclassJava.digits_d767ad3b_007BlackboxTest.test2(digits_d767ad3b_007BlackboxTest.java:23)
    at sun.reflect.NativeMethodAccessorImpl.invoke0(Native Method)
    at sun.reflect.NativeMethodAccessorImpl.invoke(NativeMethodAccessorImpl.java:62)
    at sun.reflect.DelegatingMethodAccessorImpl.invoke(DelegatingMethodAccessorImpl.java:43)

org.junit.ComparisonFailure: expected:<Enteraninteger>678[-9That'sall,haveaniceday!]> but was:<Enteraninteger>678[9]>
    at org.junit.Assert.assertEquals(Assert.java:115)
    at org.junit.Assert.assertEquals(Assert.java:144)
    at introclassJava.digits_d767ad3b_007BlackboxTest.test2(digits_d767ad3b_007BlackboxTest.java:23)
    at sun.reflect.NativeMethodAccessorImpl.invoke0(Native Method)
    at sun.reflect.NativeMethodAccessorImpl.invoke(NativeMethodAccessorImpl.java:62)
    at sun.reflect.DelegatingMethodAccessorImpl.invoke(DelegatingMethodAccessorImpl.java:43)
16:00:07.526 [pool-29-thread-1] INFO  f.i.l.c.t.SpecificationTestCasesListener - Tests run finished (4 ms)
<> Total tests run: 1
<> Ignored tests: 0
<> Failed tests: 1
~ test2(introclassJava.digits_d767ad3b_007BlackboxTest)
[expected:<Enteraninteger>678[-9That'sall,haveaniceday!]> but was:<Enteraninteger>678[9]>]
org.junit.ComparisonFailure: expected:<Enteraninteger>678[-9That'sall,haveaniceday!]> but was:<Enteraninteger>678[9]>    at org.junit.Assert.assertEquals(Assert.java:115)
    at org.junit.Assert.assertEquals(Assert.java:144)
    at introclassJava.digits_d767ad3b_007BlackboxTest.test2(digits_d767ad3b_007BlackboxTest.java:23)
    at sun.reflect.NativeMethodAccessorImpl.invoke0(Native Method)
    at sun.reflect.NativeMethodAccessorImpl.invoke(NativeMethodAccessorImpl.java:62)
    at sun.reflect.DelegatingMethodAccessorImpl.invoke(DelegatingMethodAccessorImpl.java:43)

org.junit.ComparisonFailure: expected:<Enteraninteger>678[-]9That'sall,haveanice...> but was:<Enteraninteger>678[]9That'sall,haveanice...>
    at org.junit.Assert.assertEquals(Assert.java:115)
    at org.junit.Assert.assertEquals(Assert.java:144)
    at introclassJava.digits_d767ad3b_007BlackboxTest.test2(digits_d767ad3b_007BlackboxTest.java:23)
    at sun.reflect.NativeMethodAccessorImpl.invoke0(Native Method)
    at sun.reflect.NativeMethodAccessorImpl.invoke(NativeMethodAccessorImpl.java:62)
    at sun.reflect.DelegatingMethodAccessorImpl.invoke(DelegatingMethodAccessorImpl.java:43)
16:00:07.528 [pool-30-thread-1] INFO  f.i.l.c.t.SpecificationTestCasesListener - Tests run finished (1 ms)
<> Total tests run: 1
<> Ignored tests: 0
<> Failed tests: 1
~ test2(introclassJava.digits_d767ad3b_007BlackboxTest)
[expected:<Enteraninteger>678[-]9That'sall,haveanice...> but was:<Enteraninteger>678[]9That'sall,haveanice...>]
org.junit.ComparisonFailure: expected:<Enteraninteger>678[-]9That'sall,haveanice...> but was:<Enteraninteger>678[]9That'sall,haveanice...>    at org.junit.Assert.assertEquals(Assert.java:115)
    at org.junit.Assert.assertEquals(Assert.java:144)
    at introclassJava.digits_d767ad3b_007BlackboxTest.test2(digits_d767ad3b_007BlackboxTest.java:23)
    at sun.reflect.NativeMethodAccessorImpl.invoke0(Native Method)
    at sun.reflect.NativeMethodAccessorImpl.invoke(NativeMethodAccessorImpl.java:62)
    at sun.reflect.DelegatingMethodAccessorImpl.invoke(DelegatingMethodAccessorImpl.java:43)

16:00:07.529 [pool-27-thread-1] DEBUG tests.output - Failing tests with false: 
[test2(introclassJava.digits_d767ad3b_007BlackboxTest): expected:<Enteraninteger>678[-9That'sall,haveaniceday!]> but was:<Enteraninteger>678[9]>]
16:00:07.529 [pool-27-thread-1] DEBUG tests.output - Failing tests with true: 
[test2(introclassJava.digits_d767ad3b_007BlackboxTest): expected:<Enteraninteger>678[-]9That'sall,haveanice...> but was:<Enteraninteger>678[]9That'sall,haveanice...>]
16:00:07.529 [pool-27-thread-1] INFO  f.i.l.r.n.synth.SMTNopolSynthesizer - Not enough specifications: 0. A trivial patch is "true" or "false", please write new tests specifying SourceLocation introclassJava.digits_d767ad3b_007:79.
16:00:07.530 [pool-2-thread-1] DEBUG fr.inria.lille.repair.nopol.NoPol - statement #7
16:00:07.530 [pool-2-thread-1] DEBUG fr.inria.lille.repair.nopol.NoPol - Analysing SourceLocation introclassJava.digits_d767ad3b_007:78 which is executed by 15 tests
1674530680
16:00:07.598 [pool-2-thread-1] DEBUG fr.inria.lille.repair.nopol.NoPol - looking with class fr.inria.lille.repair.nopol.spoon.smt.ConditionalAdder
org.junit.ComparisonFailure: expected:<Enteraninteger>678[-]9That'sall,haveanice...> but was:<Enteraninteger>678[]9That'sall,haveanice...>
    at org.junit.Assert.assertEquals(Assert.java:115)
    at org.junit.Assert.assertEquals(Assert.java:144)
    at introclassJava.digits_d767ad3b_007BlackboxTest.test2(digits_d767ad3b_007BlackboxTest.java:23)
    at sun.reflect.NativeMethodAccessorImpl.invoke0(Native Method)
    at sun.reflect.NativeMethodAccessorImpl.invoke(NativeMethodAccessorImpl.java:62)
    at sun.reflect.DelegatingMethodAccessorImpl.invoke(DelegatingMethodAccessorImpl.java:43)
16:00:07.608 [pool-32-thread-1] INFO  xxl.java.junit.TestCasesListener - Tests run finished (7 ms)
<> Total tests run: 6
<> Ignored tests: 0
<> Failed tests: 1
~ test2(introclassJava.digits_d767ad3b_007BlackboxTest)
[expected:<Enteraninteger>678[-]9That'sall,haveanice...> but was:<Enteraninteger>678[]9That'sall,haveanice...>]
org.junit.ComparisonFailure: expected:<Enteraninteger>678[-]9That'sall,haveanice...> but was:<Enteraninteger>678[]9That'sall,haveanice...>    at org.junit.Assert.assertEquals(Assert.java:115)
    at org.junit.Assert.assertEquals(Assert.java:144)
    at introclassJava.digits_d767ad3b_007BlackboxTest.test2(digits_d767ad3b_007BlackboxTest.java:23)
    at sun.reflect.NativeMethodAccessorImpl.invoke0(Native Method)
    at sun.reflect.NativeMethodAccessorImpl.invoke(NativeMethodAccessorImpl.java:62)
    at sun.reflect.DelegatingMethodAccessorImpl.invoke(DelegatingMethodAccessorImpl.java:43)

org.junit.ComparisonFailure: expected:<Enteraninteger>678[-9That'sall,haveaniceday!]> but was:<Enteraninteger>678[9]>
    at org.junit.Assert.assertEquals(Assert.java:115)
    at org.junit.Assert.assertEquals(Assert.java:144)
    at introclassJava.digits_d767ad3b_007BlackboxTest.test2(digits_d767ad3b_007BlackboxTest.java:23)
    at sun.reflect.NativeMethodAccessorImpl.invoke0(Native Method)
    at sun.reflect.NativeMethodAccessorImpl.invoke(NativeMethodAccessorImpl.java:62)
    at sun.reflect.DelegatingMethodAccessorImpl.invoke(DelegatingMethodAccessorImpl.java:43)
16:00:07.746 [pool-33-thread-1] INFO  f.i.l.c.t.SpecificationTestCasesListener - Tests run finished (3 ms)
<> Total tests run: 1
<> Ignored tests: 0
<> Failed tests: 1
~ test2(introclassJava.digits_d767ad3b_007BlackboxTest)
[expected:<Enteraninteger>678[-9That'sall,haveaniceday!]> but was:<Enteraninteger>678[9]>]
org.junit.ComparisonFailure: expected:<Enteraninteger>678[-9That'sall,haveaniceday!]> but was:<Enteraninteger>678[9]>    at org.junit.Assert.assertEquals(Assert.java:115)
    at org.junit.Assert.assertEquals(Assert.java:144)
    at introclassJava.digits_d767ad3b_007BlackboxTest.test2(digits_d767ad3b_007BlackboxTest.java:23)
    at sun.reflect.NativeMethodAccessorImpl.invoke0(Native Method)
    at sun.reflect.NativeMethodAccessorImpl.invoke(NativeMethodAccessorImpl.java:62)
    at sun.reflect.DelegatingMethodAccessorImpl.invoke(DelegatingMethodAccessorImpl.java:43)

org.junit.ComparisonFailure: expected:<Enteraninteger>678[-]9That'sall,haveanice...> but was:<Enteraninteger>678[]9That'sall,haveanice...>
    at org.junit.Assert.assertEquals(Assert.java:115)
    at org.junit.Assert.assertEquals(Assert.java:144)
    at introclassJava.digits_d767ad3b_007BlackboxTest.test2(digits_d767ad3b_007BlackboxTest.java:23)
    at sun.reflect.NativeMethodAccessorImpl.invoke0(Native Method)
    at sun.reflect.NativeMethodAccessorImpl.invoke(NativeMethodAccessorImpl.java:62)
    at sun.reflect.DelegatingMethodAccessorImpl.invoke(DelegatingMethodAccessorImpl.java:43)
16:00:07.749 [pool-34-thread-1] INFO  f.i.l.c.t.SpecificationTestCasesListener - Tests run finished (2 ms)
<> Total tests run: 1
<> Ignored tests: 0
<> Failed tests: 1
~ test2(introclassJava.digits_d767ad3b_007BlackboxTest)
[expected:<Enteraninteger>678[-]9That'sall,haveanice...> but was:<Enteraninteger>678[]9That'sall,haveanice...>]
org.junit.ComparisonFailure: expected:<Enteraninteger>678[-]9That'sall,haveanice...> but was:<Enteraninteger>678[]9That'sall,haveanice...>    at org.junit.Assert.assertEquals(Assert.java:115)
    at org.junit.Assert.assertEquals(Assert.java:144)
    at introclassJava.digits_d767ad3b_007BlackboxTest.test2(digits_d767ad3b_007BlackboxTest.java:23)
    at sun.reflect.NativeMethodAccessorImpl.invoke0(Native Method)
    at sun.reflect.NativeMethodAccessorImpl.invoke(NativeMethodAccessorImpl.java:62)
    at sun.reflect.DelegatingMethodAccessorImpl.invoke(DelegatingMethodAccessorImpl.java:43)

16:00:07.749 [pool-31-thread-1] DEBUG tests.output - Failing tests with false: 
[test2(introclassJava.digits_d767ad3b_007BlackboxTest): expected:<Enteraninteger>678[-9That'sall,haveaniceday!]> but was:<Enteraninteger>678[9]>]
16:00:07.750 [pool-31-thread-1] DEBUG tests.output - Failing tests with true: 
[test2(introclassJava.digits_d767ad3b_007BlackboxTest): expected:<Enteraninteger>678[-]9That'sall,haveanice...> but was:<Enteraninteger>678[]9That'sall,haveanice...>]
16:00:07.750 [pool-31-thread-1] INFO  f.i.l.r.n.synth.SMTNopolSynthesizer - Not enough specifications: 0. A trivial patch is "true" or "false", please write new tests specifying SourceLocation introclassJava.digits_d767ad3b_007:78.
16:00:07.750 [pool-2-thread-1] DEBUG fr.inria.lille.repair.nopol.NoPol - looking with class fr.inria.lille.repair.nopol.spoon.smt.ConditionalReplacer
org.junit.ComparisonFailure: expected:<Enteraninteger>678[-]9That'sall,haveanice...> but was:<Enteraninteger>678[]9That'sall,haveanice...>
    at org.junit.Assert.assertEquals(Assert.java:115)
    at org.junit.Assert.assertEquals(Assert.java:144)
    at introclassJava.digits_d767ad3b_007BlackboxTest.test2(digits_d767ad3b_007BlackboxTest.java:23)
    at sun.reflect.NativeMethodAccessorImpl.invoke0(Native Method)
    at sun.reflect.NativeMethodAccessorImpl.invoke(NativeMethodAccessorImpl.java:62)
    at sun.reflect.DelegatingMethodAccessorImpl.invoke(DelegatingMethodAccessorImpl.java:43)
16:00:07.758 [pool-36-thread-1] INFO  xxl.java.junit.TestCasesListener - Tests run finished (6 ms)
<> Total tests run: 6
<> Ignored tests: 0
<> Failed tests: 1
~ test2(introclassJava.digits_d767ad3b_007BlackboxTest)
[expected:<Enteraninteger>678[-]9That'sall,haveanice...> but was:<Enteraninteger>678[]9That'sall,haveanice...>]
org.junit.ComparisonFailure: expected:<Enteraninteger>678[-]9That'sall,haveanice...> but was:<Enteraninteger>678[]9That'sall,haveanice...>    at org.junit.Assert.assertEquals(Assert.java:115)
    at org.junit.Assert.assertEquals(Assert.java:144)
    at introclassJava.digits_d767ad3b_007BlackboxTest.test2(digits_d767ad3b_007BlackboxTest.java:23)
    at sun.reflect.NativeMethodAccessorImpl.invoke0(Native Method)
    at sun.reflect.NativeMethodAccessorImpl.invoke(NativeMethodAccessorImpl.java:62)
    at sun.reflect.DelegatingMethodAccessorImpl.invoke(DelegatingMethodAccessorImpl.java:43)

org.junit.ComparisonFailure: expected:<Enteraninteger>678[-9That'sall,haveaniceday!]> but was:<Enteraninteger>678[9]>
    at org.junit.Assert.assertEquals(Assert.java:115)
    at org.junit.Assert.assertEquals(Assert.java:144)
    at introclassJava.digits_d767ad3b_007BlackboxTest.test2(digits_d767ad3b_007BlackboxTest.java:23)
    at sun.reflect.NativeMethodAccessorImpl.invoke0(Native Method)
    at sun.reflect.NativeMethodAccessorImpl.invoke(NativeMethodAccessorImpl.java:62)
    at sun.reflect.DelegatingMethodAccessorImpl.invoke(DelegatingMethodAccessorImpl.java:43)
16:00:07.863 [pool-37-thread-1] INFO  f.i.l.c.t.SpecificationTestCasesListener - Tests run finished (3 ms)
<> Total tests run: 1
<> Ignored tests: 0
<> Failed tests: 1
~ test2(introclassJava.digits_d767ad3b_007BlackboxTest)
[expected:<Enteraninteger>678[-9That'sall,haveaniceday!]> but was:<Enteraninteger>678[9]>]
org.junit.ComparisonFailure: expected:<Enteraninteger>678[-9That'sall,haveaniceday!]> but was:<Enteraninteger>678[9]>    at org.junit.Assert.assertEquals(Assert.java:115)
    at org.junit.Assert.assertEquals(Assert.java:144)
    at introclassJava.digits_d767ad3b_007BlackboxTest.test2(digits_d767ad3b_007BlackboxTest.java:23)
    at sun.reflect.NativeMethodAccessorImpl.invoke0(Native Method)
    at sun.reflect.NativeMethodAccessorImpl.invoke(NativeMethodAccessorImpl.java:62)
    at sun.reflect.DelegatingMethodAccessorImpl.invoke(DelegatingMethodAccessorImpl.java:43)

org.junit.ComparisonFailure: expected:<Enteraninteger>67[8-9]That'sall,haveaniced...> but was:<Enteraninteger>67[]That'sall,haveaniced...>
    at org.junit.Assert.assertEquals(Assert.java:115)
    at org.junit.Assert.assertEquals(Assert.java:144)
    at introclassJava.digits_d767ad3b_007BlackboxTest.test2(digits_d767ad3b_007BlackboxTest.java:23)
    at sun.reflect.NativeMethodAccessorImpl.invoke0(Native Method)
    at sun.reflect.NativeMethodAccessorImpl.invoke(NativeMethodAccessorImpl.java:62)
    at sun.reflect.DelegatingMethodAccessorImpl.invoke(DelegatingMethodAccessorImpl.java:43)
16:00:07.865 [pool-38-thread-1] INFO  f.i.l.c.t.SpecificationTestCasesListener - Tests run finished (1 ms)
<> Total tests run: 1
<> Ignored tests: 0
<> Failed tests: 1
~ test2(introclassJava.digits_d767ad3b_007BlackboxTest)
[expected:<Enteraninteger>67[8-9]That'sall,haveaniced...> but was:<Enteraninteger>67[]That'sall,haveaniced...>]
org.junit.ComparisonFailure: expected:<Enteraninteger>67[8-9]That'sall,haveaniced...> but was:<Enteraninteger>67[]That'sall,haveaniced...>    at org.junit.Assert.assertEquals(Assert.java:115)
    at org.junit.Assert.assertEquals(Assert.java:144)
    at introclassJava.digits_d767ad3b_007BlackboxTest.test2(digits_d767ad3b_007BlackboxTest.java:23)
    at sun.reflect.NativeMethodAccessorImpl.invoke0(Native Method)
    at sun.reflect.NativeMethodAccessorImpl.invoke(NativeMethodAccessorImpl.java:62)
    at sun.reflect.DelegatingMethodAccessorImpl.invoke(DelegatingMethodAccessorImpl.java:43)

16:00:07.866 [pool-35-thread-1] DEBUG tests.output - Failing tests with false: 
[test2(introclassJava.digits_d767ad3b_007BlackboxTest): expected:<Enteraninteger>678[-9That'sall,haveaniceday!]> but was:<Enteraninteger>678[9]>]
16:00:07.866 [pool-35-thread-1] DEBUG tests.output - Failing tests with true: 
[test2(introclassJava.digits_d767ad3b_007BlackboxTest): expected:<Enteraninteger>67[8-9]That'sall,haveaniced...> but was:<Enteraninteger>67[]That'sall,haveaniced...>]
16:00:07.866 [pool-35-thread-1] INFO  f.i.l.r.n.synth.SMTNopolSynthesizer - Not enough specifications: 0. A trivial patch is "true" or "false", please write new tests specifying SourceLocation introclassJava.digits_d767ad3b_007:78.
16:00:07.866 [pool-2-thread-1] DEBUG fr.inria.lille.repair.nopol.NoPol - statement #8
16:00:07.867 [pool-2-thread-1] DEBUG fr.inria.lille.repair.nopol.NoPol - Analysing SourceLocation introclassJava.digits_d767ad3b_007:77 which is executed by 15 tests
1674530680
16:00:07.922 [pool-2-thread-1] DEBUG fr.inria.lille.repair.nopol.NoPol - looking with class fr.inria.lille.repair.nopol.spoon.smt.ConditionalAdder
org.junit.ComparisonFailure: expected:<Enteraninteger>678[-]9That'sall,haveanice...> but was:<Enteraninteger>678[]9That'sall,haveanice...>
    at org.junit.Assert.assertEquals(Assert.java:115)
    at org.junit.Assert.assertEquals(Assert.java:144)
    at introclassJava.digits_d767ad3b_007BlackboxTest.test2(digits_d767ad3b_007BlackboxTest.java:23)
    at sun.reflect.NativeMethodAccessorImpl.invoke0(Native Method)
    at sun.reflect.NativeMethodAccessorImpl.invoke(NativeMethodAccessorImpl.java:62)
    at sun.reflect.DelegatingMethodAccessorImpl.invoke(DelegatingMethodAccessorImpl.java:43)
16:00:07.930 [pool-40-thread-1] INFO  xxl.java.junit.TestCasesListener - Tests run finished (6 ms)
<> Total tests run: 6
<> Ignored tests: 0
<> Failed tests: 1
~ test2(introclassJava.digits_d767ad3b_007BlackboxTest)
[expected:<Enteraninteger>678[-]9That'sall,haveanice...> but was:<Enteraninteger>678[]9That'sall,haveanice...>]
org.junit.ComparisonFailure: expected:<Enteraninteger>678[-]9That'sall,haveanice...> but was:<Enteraninteger>678[]9That'sall,haveanice...>    at org.junit.Assert.assertEquals(Assert.java:115)
    at org.junit.Assert.assertEquals(Assert.java:144)
    at introclassJava.digits_d767ad3b_007BlackboxTest.test2(digits_d767ad3b_007BlackboxTest.java:23)
    at sun.reflect.NativeMethodAccessorImpl.invoke0(Native Method)
    at sun.reflect.NativeMethodAccessorImpl.invoke(NativeMethodAccessorImpl.java:62)
    at sun.reflect.DelegatingMethodAccessorImpl.invoke(DelegatingMethodAccessorImpl.java:43)

java.lang.Exception: test timed out after 1000 milliseconds
    at introclassJava.digits_d767ad3b_007.exec(digits_d767ad3b_007.java:35)
    at introclassJava.digits_d767ad3b_007BlackboxTest.test2(digits_d767ad3b_007BlackboxTest.java:21)
    at sun.reflect.NativeMethodAccessorImpl.invoke0(Native Method)
    at sun.reflect.NativeMethodAccessorImpl.invoke(NativeMethodAccessorImpl.java:62)
    at sun.reflect.DelegatingMethodAccessorImpl.invoke(DelegatingMethodAccessorImpl.java:43)
    at java.lang.reflect.Method.invoke(Method.java:498)
16:00:09.027 [pool-41-thread-1] INFO  f.i.l.c.t.SpecificationTestCasesListener - Tests run finished (1001 ms)
<> Total tests run: 1
<> Ignored tests: 0
<> Failed tests: 1
~ test2(introclassJava.digits_d767ad3b_007BlackboxTest)
[test timed out after 1000 milliseconds]
java.lang.Exception: test timed out after 1000 milliseconds    at introclassJava.digits_d767ad3b_007.exec(digits_d767ad3b_007.java:35)
    at introclassJava.digits_d767ad3b_007BlackboxTest.test2(digits_d767ad3b_007BlackboxTest.java:21)
    at sun.reflect.NativeMethodAccessorImpl.invoke0(Native Method)
    at sun.reflect.NativeMethodAccessorImpl.invoke(NativeMethodAccessorImpl.java:62)
    at sun.reflect.DelegatingMethodAccessorImpl.invoke(DelegatingMethodAccessorImpl.java:43)
    at java.lang.reflect.Method.invoke(Method.java:498)

org.junit.ComparisonFailure: expected:<Enteraninteger>678[-]9That'sall,haveanice...> but was:<Enteraninteger>678[]9That'sall,haveanice...>
    at org.junit.Assert.assertEquals(Assert.java:115)
    at org.junit.Assert.assertEquals(Assert.java:144)
    at introclassJava.digits_d767ad3b_007BlackboxTest.test2(digits_d767ad3b_007BlackboxTest.java:23)
    at sun.reflect.NativeMethodAccessorImpl.invoke0(Native Method)
    at sun.reflect.NativeMethodAccessorImpl.invoke(NativeMethodAccessorImpl.java:62)
    at sun.reflect.DelegatingMethodAccessorImpl.invoke(DelegatingMethodAccessorImpl.java:43)
16:00:09.033 [pool-42-thread-1] INFO  f.i.l.c.t.SpecificationTestCasesListener - Tests run finished (4 ms)
<> Total tests run: 1
<> Ignored tests: 0
<> Failed tests: 1
~ test2(introclassJava.digits_d767ad3b_007BlackboxTest)
[expected:<Enteraninteger>678[-]9That'sall,haveanice...> but was:<Enteraninteger>678[]9That'sall,haveanice...>]
org.junit.ComparisonFailure: expected:<Enteraninteger>678[-]9That'sall,haveanice...> but was:<Enteraninteger>678[]9That'sall,haveanice...>    at org.junit.Assert.assertEquals(Assert.java:115)
    at org.junit.Assert.assertEquals(Assert.java:144)
    at introclassJava.digits_d767ad3b_007BlackboxTest.test2(digits_d767ad3b_007BlackboxTest.java:23)
    at sun.reflect.NativeMethodAccessorImpl.invoke0(Native Method)
    at sun.reflect.NativeMethodAccessorImpl.invoke(NativeMethodAccessorImpl.java:62)
    at sun.reflect.DelegatingMethodAccessorImpl.invoke(DelegatingMethodAccessorImpl.java:43)

16:00:09.033 [pool-39-thread-1] DEBUG tests.output - Failing tests with false: 
[test2(introclassJava.digits_d767ad3b_007BlackboxTest): test timed out after 1000 milliseconds]
16:00:09.034 [pool-39-thread-1] DEBUG tests.output - Failing tests with true: 
[test2(introclassJava.digits_d767ad3b_007BlackboxTest): expected:<Enteraninteger>678[-]9That'sall,haveanice...> but was:<Enteraninteger>678[]9That'sall,haveanice...>]
16:00:09.034 [pool-39-thread-1] INFO  f.i.l.r.n.synth.SMTNopolSynthesizer - Not enough specifications: 0. A trivial patch is "true" or "false", please write new tests specifying SourceLocation introclassJava.digits_d767ad3b_007:77.
16:00:09.034 [pool-2-thread-1] DEBUG fr.inria.lille.repair.nopol.NoPol - statement #9
16:00:09.034 [pool-2-thread-1] DEBUG fr.inria.lille.repair.nopol.NoPol - Analysing SourceLocation introclassJava.digits_d767ad3b_007:76 which is executed by 15 tests
1674530680
16:00:09.088 [pool-2-thread-1] DEBUG fr.inria.lille.repair.nopol.NoPol - looking with class fr.inria.lille.repair.nopol.spoon.smt.ConditionalAdder
org.junit.ComparisonFailure: expected:<Enteraninteger>678[-]9That'sall,haveanice...> but was:<Enteraninteger>678[]9That'sall,haveanice...>
    at org.junit.Assert.assertEquals(Assert.java:115)
    at org.junit.Assert.assertEquals(Assert.java:144)
    at introclassJava.digits_d767ad3b_007BlackboxTest.test2(digits_d767ad3b_007BlackboxTest.java:23)
    at sun.reflect.NativeMethodAccessorImpl.invoke0(Native Method)
    at sun.reflect.NativeMethodAccessorImpl.invoke(NativeMethodAccessorImpl.java:62)
    at sun.reflect.DelegatingMethodAccessorImpl.invoke(DelegatingMethodAccessorImpl.java:43)
16:00:09.096 [pool-44-thread-1] INFO  xxl.java.junit.TestCasesListener - Tests run finished (5 ms)
<> Total tests run: 6
<> Ignored tests: 0
<> Failed tests: 1
~ test2(introclassJava.digits_d767ad3b_007BlackboxTest)
[expected:<Enteraninteger>678[-]9That'sall,haveanice...> but was:<Enteraninteger>678[]9That'sall,haveanice...>]
org.junit.ComparisonFailure: expected:<Enteraninteger>678[-]9That'sall,haveanice...> but was:<Enteraninteger>678[]9That'sall,haveanice...>    at org.junit.Assert.assertEquals(Assert.java:115)
    at org.junit.Assert.assertEquals(Assert.java:144)
    at introclassJava.digits_d767ad3b_007BlackboxTest.test2(digits_d767ad3b_007BlackboxTest.java:23)
    at sun.reflect.NativeMethodAccessorImpl.invoke0(Native Method)
    at sun.reflect.NativeMethodAccessorImpl.invoke(NativeMethodAccessorImpl.java:62)
    at sun.reflect.DelegatingMethodAccessorImpl.invoke(DelegatingMethodAccessorImpl.java:43)

org.junit.ComparisonFailure: expected:<Enteraninteger>6[78-9]That'sall,haveaniced...> but was:<Enteraninteger>6[]That'sall,haveaniced...>
    at org.junit.Assert.assertEquals(Assert.java:115)
    at org.junit.Assert.assertEquals(Assert.java:144)
    at introclassJava.digits_d767ad3b_007BlackboxTest.test2(digits_d767ad3b_007BlackboxTest.java:23)
    at sun.reflect.NativeMethodAccessorImpl.invoke0(Native Method)
    at sun.reflect.NativeMethodAccessorImpl.invoke(NativeMethodAccessorImpl.java:62)
    at sun.reflect.DelegatingMethodAccessorImpl.invoke(DelegatingMethodAccessorImpl.java:43)
16:00:09.191 [pool-45-thread-1] INFO  f.i.l.c.t.SpecificationTestCasesListener - Tests run finished (2 ms)
<> Total tests run: 1
<> Ignored tests: 0
<> Failed tests: 1
~ test2(introclassJava.digits_d767ad3b_007BlackboxTest)
[expected:<Enteraninteger>6[78-9]That'sall,haveaniced...> but was:<Enteraninteger>6[]That'sall,haveaniced...>]
org.junit.ComparisonFailure: expected:<Enteraninteger>6[78-9]That'sall,haveaniced...> but was:<Enteraninteger>6[]That'sall,haveaniced...>    at org.junit.Assert.assertEquals(Assert.java:115)
    at org.junit.Assert.assertEquals(Assert.java:144)
    at introclassJava.digits_d767ad3b_007BlackboxTest.test2(digits_d767ad3b_007BlackboxTest.java:23)
    at sun.reflect.NativeMethodAccessorImpl.invoke0(Native Method)
    at sun.reflect.NativeMethodAccessorImpl.invoke(NativeMethodAccessorImpl.java:62)
    at sun.reflect.DelegatingMethodAccessorImpl.invoke(DelegatingMethodAccessorImpl.java:43)

org.junit.ComparisonFailure: expected:<Enteraninteger>678[-]9That'sall,haveanice...> but was:<Enteraninteger>678[]9That'sall,haveanice...>
    at org.junit.Assert.assertEquals(Assert.java:115)
    at org.junit.Assert.assertEquals(Assert.java:144)
    at introclassJava.digits_d767ad3b_007BlackboxTest.test2(digits_d767ad3b_007BlackboxTest.java:23)
    at sun.reflect.NativeMethodAccessorImpl.invoke0(Native Method)
    at sun.reflect.NativeMethodAccessorImpl.invoke(NativeMethodAccessorImpl.java:62)
    at sun.reflect.DelegatingMethodAccessorImpl.invoke(DelegatingMethodAccessorImpl.java:43)
16:00:09.193 [pool-46-thread-1] INFO  f.i.l.c.t.SpecificationTestCasesListener - Tests run finished (1 ms)
<> Total tests run: 1
<> Ignored tests: 0
<> Failed tests: 1
~ test2(introclassJava.digits_d767ad3b_007BlackboxTest)
[expected:<Enteraninteger>678[-]9That'sall,haveanice...> but was:<Enteraninteger>678[]9That'sall,haveanice...>]
org.junit.ComparisonFailure: expected:<Enteraninteger>678[-]9That'sall,haveanice...> but was:<Enteraninteger>678[]9That'sall,haveanice...>    at org.junit.Assert.assertEquals(Assert.java:115)
    at org.junit.Assert.assertEquals(Assert.java:144)
    at introclassJava.digits_d767ad3b_007BlackboxTest.test2(digits_d767ad3b_007BlackboxTest.java:23)
    at sun.reflect.NativeMethodAccessorImpl.invoke0(Native Method)
    at sun.reflect.NativeMethodAccessorImpl.invoke(NativeMethodAccessorImpl.java:62)
    at sun.reflect.DelegatingMethodAccessorImpl.invoke(DelegatingMethodAccessorImpl.java:43)

16:00:09.194 [pool-43-thread-1] DEBUG tests.output - Failing tests with false: 
[test2(introclassJava.digits_d767ad3b_007BlackboxTest): expected:<Enteraninteger>6[78-9]That'sall,haveaniced...> but was:<Enteraninteger>6[]That'sall,haveaniced...>]
16:00:09.194 [pool-43-thread-1] DEBUG tests.output - Failing tests with true: 
[test2(introclassJava.digits_d767ad3b_007BlackboxTest): expected:<Enteraninteger>678[-]9That'sall,haveanice...> but was:<Enteraninteger>678[]9That'sall,haveanice...>]
16:00:09.194 [pool-43-thread-1] INFO  f.i.l.r.n.synth.SMTNopolSynthesizer - Not enough specifications: 0. A trivial patch is "true" or "false", please write new tests specifying SourceLocation introclassJava.digits_d767ad3b_007:76.
16:00:09.194 [pool-2-thread-1] DEBUG fr.inria.lille.repair.nopol.NoPol - statement #10
16:00:09.195 [pool-2-thread-1] DEBUG fr.inria.lille.repair.nopol.NoPol - Analysing SourceLocation introclassJava.digits_d767ad3b_007:84 which is executed by 16 tests
1674530680
16:00:09.249 [pool-2-thread-1] DEBUG fr.inria.lille.repair.nopol.NoPol - looking with class fr.inria.lille.repair.nopol.spoon.smt.ConditionalAdder
org.junit.ComparisonFailure: expected:<Enteraninteger>678[-]9That'sall,haveanice...> but was:<Enteraninteger>678[]9That'sall,haveanice...>
    at org.junit.Assert.assertEquals(Assert.java:115)
    at org.junit.Assert.assertEquals(Assert.java:144)
    at introclassJava.digits_d767ad3b_007BlackboxTest.test2(digits_d767ad3b_007BlackboxTest.java:23)
    at sun.reflect.NativeMethodAccessorImpl.invoke0(Native Method)
    at sun.reflect.NativeMethodAccessorImpl.invoke(NativeMethodAccessorImpl.java:62)
    at sun.reflect.DelegatingMethodAccessorImpl.invoke(DelegatingMethodAccessorImpl.java:43)
16:00:09.256 [pool-48-thread-1] INFO  xxl.java.junit.TestCasesListener - Tests run finished (5 ms)
<> Total tests run: 6
<> Ignored tests: 0
<> Failed tests: 1
~ test2(introclassJava.digits_d767ad3b_007BlackboxTest)
[expected:<Enteraninteger>678[-]9That'sall,haveanice...> but was:<Enteraninteger>678[]9That'sall,haveanice...>]
org.junit.ComparisonFailure: expected:<Enteraninteger>678[-]9That'sall,haveanice...> but was:<Enteraninteger>678[]9That'sall,haveanice...>    at org.junit.Assert.assertEquals(Assert.java:115)
    at org.junit.Assert.assertEquals(Assert.java:144)
    at introclassJava.digits_d767ad3b_007BlackboxTest.test2(digits_d767ad3b_007BlackboxTest.java:23)
    at sun.reflect.NativeMethodAccessorImpl.invoke0(Native Method)
    at sun.reflect.NativeMethodAccessorImpl.invoke(NativeMethodAccessorImpl.java:62)
    at sun.reflect.DelegatingMethodAccessorImpl.invoke(DelegatingMethodAccessorImpl.java:43)

org.junit.ComparisonFailure: expected:<Enteraninteger>678[-]9That'sall,haveanice...> but was:<Enteraninteger>678[]9That'sall,haveanice...>
    at org.junit.Assert.assertEquals(Assert.java:115)
    at org.junit.Assert.assertEquals(Assert.java:144)
    at introclassJava.digits_d767ad3b_007BlackboxTest.test2(digits_d767ad3b_007BlackboxTest.java:23)
    at sun.reflect.NativeMethodAccessorImpl.invoke0(Native Method)
    at sun.reflect.NativeMethodAccessorImpl.invoke(NativeMethodAccessorImpl.java:62)
    at sun.reflect.DelegatingMethodAccessorImpl.invoke(DelegatingMethodAccessorImpl.java:43)
16:00:09.348 [pool-49-thread-1] INFO  f.i.l.c.t.SpecificationTestCasesListener - Tests run finished (2 ms)
<> Total tests run: 1
<> Ignored tests: 0
<> Failed tests: 1
~ test2(introclassJava.digits_d767ad3b_007BlackboxTest)
[expected:<Enteraninteger>678[-]9That'sall,haveanice...> but was:<Enteraninteger>678[]9That'sall,haveanice...>]
org.junit.ComparisonFailure: expected:<Enteraninteger>678[-]9That'sall,haveanice...> but was:<Enteraninteger>678[]9That'sall,haveanice...>    at org.junit.Assert.assertEquals(Assert.java:115)
    at org.junit.Assert.assertEquals(Assert.java:144)
    at introclassJava.digits_d767ad3b_007BlackboxTest.test2(digits_d767ad3b_007BlackboxTest.java:23)
    at sun.reflect.NativeMethodAccessorImpl.invoke0(Native Method)
    at sun.reflect.NativeMethodAccessorImpl.invoke(NativeMethodAccessorImpl.java:62)
    at sun.reflect.DelegatingMethodAccessorImpl.invoke(DelegatingMethodAccessorImpl.java:43)

org.junit.ComparisonFailure: expected:<Enteraninteger>678[-]9That'sall,haveanice...> but was:<Enteraninteger>678[]9That'sall,haveanice...>
    at org.junit.Assert.assertEquals(Assert.java:115)
    at org.junit.Assert.assertEquals(Assert.java:144)
    at introclassJava.digits_d767ad3b_007BlackboxTest.test2(digits_d767ad3b_007BlackboxTest.java:23)
    at sun.reflect.NativeMethodAccessorImpl.invoke0(Native Method)
    at sun.reflect.NativeMethodAccessorImpl.invoke(NativeMethodAccessorImpl.java:62)
    at sun.reflect.DelegatingMethodAccessorImpl.invoke(DelegatingMethodAccessorImpl.java:43)
16:00:09.350 [pool-50-thread-1] INFO  f.i.l.c.t.SpecificationTestCasesListener - Tests run finished (1 ms)
<> Total tests run: 1
<> Ignored tests: 0
<> Failed tests: 1
~ test2(introclassJava.digits_d767ad3b_007BlackboxTest)
[expected:<Enteraninteger>678[-]9That'sall,haveanice...> but was:<Enteraninteger>678[]9That'sall,haveanice...>]
org.junit.ComparisonFailure: expected:<Enteraninteger>678[-]9That'sall,haveanice...> but was:<Enteraninteger>678[]9That'sall,haveanice...>    at org.junit.Assert.assertEquals(Assert.java:115)
    at org.junit.Assert.assertEquals(Assert.java:144)
    at introclassJava.digits_d767ad3b_007BlackboxTest.test2(digits_d767ad3b_007BlackboxTest.java:23)
    at sun.reflect.NativeMethodAccessorImpl.invoke0(Native Method)
    at sun.reflect.NativeMethodAccessorImpl.invoke(NativeMethodAccessorImpl.java:62)
    at sun.reflect.DelegatingMethodAccessorImpl.invoke(DelegatingMethodAccessorImpl.java:43)

16:00:09.350 [pool-47-thread-1] DEBUG tests.output - Failing tests with false: 
[test2(introclassJava.digits_d767ad3b_007BlackboxTest): expected:<Enteraninteger>678[-]9That'sall,haveanice...> but was:<Enteraninteger>678[]9That'sall,haveanice...>]
16:00:09.351 [pool-47-thread-1] DEBUG tests.output - Failing tests with true: 
[test2(introclassJava.digits_d767ad3b_007BlackboxTest): expected:<Enteraninteger>678[-]9That'sall,haveanice...> but was:<Enteraninteger>678[]9That'sall,haveanice...>]
16:00:09.351 [pool-47-thread-1] INFO  f.i.l.r.n.synth.SMTNopolSynthesizer - Not enough specifications: 0. A trivial patch is "true" or "false", please write new tests specifying SourceLocation introclassJava.digits_d767ad3b_007:84.
16:00:09.351 [pool-2-thread-1] DEBUG fr.inria.lille.repair.nopol.NoPol - statement #11
16:00:09.351 [pool-2-thread-1] DEBUG fr.inria.lille.repair.nopol.NoPol - Analysing SourceLocation introclassJava.digits_d767ad3b_007:75 which is executed by 16 tests
1674530680
16:00:09.413 [pool-2-thread-1] DEBUG fr.inria.lille.repair.nopol.NoPol - looking with class fr.inria.lille.repair.nopol.spoon.smt.ConditionalAdder
org.junit.ComparisonFailure: expected:<Enteraninteger>678[-]9That'sall,haveanice...> but was:<Enteraninteger>678[]9That'sall,haveanice...>
    at org.junit.Assert.assertEquals(Assert.java:115)
    at org.junit.Assert.assertEquals(Assert.java:144)
    at introclassJava.digits_d767ad3b_007BlackboxTest.test2(digits_d767ad3b_007BlackboxTest.java:23)
    at sun.reflect.NativeMethodAccessorImpl.invoke0(Native Method)
    at sun.reflect.NativeMethodAccessorImpl.invoke(NativeMethodAccessorImpl.java:62)
    at sun.reflect.DelegatingMethodAccessorImpl.invoke(DelegatingMethodAccessorImpl.java:43)
16:00:09.421 [pool-52-thread-1] INFO  xxl.java.junit.TestCasesListener - Tests run finished (5 ms)
<> Total tests run: 6
<> Ignored tests: 0
<> Failed tests: 1
~ test2(introclassJava.digits_d767ad3b_007BlackboxTest)
[expected:<Enteraninteger>678[-]9That'sall,haveanice...> but was:<Enteraninteger>678[]9That'sall,haveanice...>]
org.junit.ComparisonFailure: expected:<Enteraninteger>678[-]9That'sall,haveanice...> but was:<Enteraninteger>678[]9That'sall,haveanice...>    at org.junit.Assert.assertEquals(Assert.java:115)
    at org.junit.Assert.assertEquals(Assert.java:144)
    at introclassJava.digits_d767ad3b_007BlackboxTest.test2(digits_d767ad3b_007BlackboxTest.java:23)
    at sun.reflect.NativeMethodAccessorImpl.invoke0(Native Method)
    at sun.reflect.NativeMethodAccessorImpl.invoke(NativeMethodAccessorImpl.java:62)
    at sun.reflect.DelegatingMethodAccessorImpl.invoke(DelegatingMethodAccessorImpl.java:43)

org.junit.ComparisonFailure: expected:<Enteraninteger>6[78-9That'sall,haveaniceday!]> but was:<Enteraninteger>6[]>
    at org.junit.Assert.assertEquals(Assert.java:115)
    at org.junit.Assert.assertEquals(Assert.java:144)
    at introclassJava.digits_d767ad3b_007BlackboxTest.test2(digits_d767ad3b_007BlackboxTest.java:23)
    at sun.reflect.NativeMethodAccessorImpl.invoke0(Native Method)
    at sun.reflect.NativeMethodAccessorImpl.invoke(NativeMethodAccessorImpl.java:62)
    at sun.reflect.DelegatingMethodAccessorImpl.invoke(DelegatingMethodAccessorImpl.java:43)
16:00:09.529 [pool-53-thread-1] INFO  f.i.l.c.t.SpecificationTestCasesListener - Tests run finished (2 ms)
<> Total tests run: 1
<> Ignored tests: 0
<> Failed tests: 1
~ test2(introclassJava.digits_d767ad3b_007BlackboxTest)
[expected:<Enteraninteger>6[78-9That'sall,haveaniceday!]> but was:<Enteraninteger>6[]>]
org.junit.ComparisonFailure: expected:<Enteraninteger>6[78-9That'sall,haveaniceday!]> but was:<Enteraninteger>6[]>    at org.junit.Assert.assertEquals(Assert.java:115)
    at org.junit.Assert.assertEquals(Assert.java:144)
    at introclassJava.digits_d767ad3b_007BlackboxTest.test2(digits_d767ad3b_007BlackboxTest.java:23)
    at sun.reflect.NativeMethodAccessorImpl.invoke0(Native Method)
    at sun.reflect.NativeMethodAccessorImpl.invoke(NativeMethodAccessorImpl.java:62)
    at sun.reflect.DelegatingMethodAccessorImpl.invoke(DelegatingMethodAccessorImpl.java:43)

org.junit.ComparisonFailure: expected:<Enteraninteger>678[-]9That'sall,haveanice...> but was:<Enteraninteger>678[]9That'sall,haveanice...>
    at org.junit.Assert.assertEquals(Assert.java:115)
    at org.junit.Assert.assertEquals(Assert.java:144)
    at introclassJava.digits_d767ad3b_007BlackboxTest.test2(digits_d767ad3b_007BlackboxTest.java:23)
    at sun.reflect.NativeMethodAccessorImpl.invoke0(Native Method)
    at sun.reflect.NativeMethodAccessorImpl.invoke(NativeMethodAccessorImpl.java:62)
    at sun.reflect.DelegatingMethodAccessorImpl.invoke(DelegatingMethodAccessorImpl.java:43)
16:00:09.531 [pool-54-thread-1] INFO  f.i.l.c.t.SpecificationTestCasesListener - Tests run finished (1 ms)
<> Total tests run: 1
<> Ignored tests: 0
<> Failed tests: 1
~ test2(introclassJava.digits_d767ad3b_007BlackboxTest)
[expected:<Enteraninteger>678[-]9That'sall,haveanice...> but was:<Enteraninteger>678[]9That'sall,haveanice...>]
org.junit.ComparisonFailure: expected:<Enteraninteger>678[-]9That'sall,haveanice...> but was:<Enteraninteger>678[]9That'sall,haveanice...>    at org.junit.Assert.assertEquals(Assert.java:115)
    at org.junit.Assert.assertEquals(Assert.java:144)
    at introclassJava.digits_d767ad3b_007BlackboxTest.test2(digits_d767ad3b_007BlackboxTest.java:23)
    at sun.reflect.NativeMethodAccessorImpl.invoke0(Native Method)
    at sun.reflect.NativeMethodAccessorImpl.invoke(NativeMethodAccessorImpl.java:62)
    at sun.reflect.DelegatingMethodAccessorImpl.invoke(DelegatingMethodAccessorImpl.java:43)

16:00:09.532 [pool-51-thread-1] DEBUG tests.output - Failing tests with false: 
[test2(introclassJava.digits_d767ad3b_007BlackboxTest): expected:<Enteraninteger>6[78-9That'sall,haveaniceday!]> but was:<Enteraninteger>6[]>]
16:00:09.532 [pool-51-thread-1] DEBUG tests.output - Failing tests with true: 
[test2(introclassJava.digits_d767ad3b_007BlackboxTest): expected:<Enteraninteger>678[-]9That'sall,haveanice...> but was:<Enteraninteger>678[]9That'sall,haveanice...>]
16:00:09.532 [pool-51-thread-1] INFO  f.i.l.r.n.synth.SMTNopolSynthesizer - Not enough specifications: 0. A trivial patch is "true" or "false", please write new tests specifying SourceLocation introclassJava.digits_d767ad3b_007:75.
16:00:09.532 [pool-2-thread-1] DEBUG fr.inria.lille.repair.nopol.NoPol - statement #12
16:00:09.533 [pool-2-thread-1] DEBUG fr.inria.lille.repair.nopol.NoPol - Analysing SourceLocation introclassJava.digits_d767ad3b_007:66 which is executed by 16 tests
1674530680
16:00:09.605 [pool-2-thread-1] DEBUG fr.inria.lille.repair.nopol.NoPol - looking with class fr.inria.lille.repair.nopol.spoon.smt.ConditionalAdder
org.junit.ComparisonFailure: expected:<Enteraninteger>678[-]9That'sall,haveanice...> but was:<Enteraninteger>678[]9That'sall,haveanice...>
    at org.junit.Assert.assertEquals(Assert.java:115)
    at org.junit.Assert.assertEquals(Assert.java:144)
    at introclassJava.digits_d767ad3b_007BlackboxTest.test2(digits_d767ad3b_007BlackboxTest.java:23)
    at sun.reflect.NativeMethodAccessorImpl.invoke0(Native Method)
    at sun.reflect.NativeMethodAccessorImpl.invoke(NativeMethodAccessorImpl.java:62)
    at sun.reflect.DelegatingMethodAccessorImpl.invoke(DelegatingMethodAccessorImpl.java:43)
16:00:09.612 [pool-56-thread-1] INFO  xxl.java.junit.TestCasesListener - Tests run finished (5 ms)
<> Total tests run: 6
<> Ignored tests: 0
<> Failed tests: 1
~ test2(introclassJava.digits_d767ad3b_007BlackboxTest)
[expected:<Enteraninteger>678[-]9That'sall,haveanice...> but was:<Enteraninteger>678[]9That'sall,haveanice...>]
org.junit.ComparisonFailure: expected:<Enteraninteger>678[-]9That'sall,haveanice...> but was:<Enteraninteger>678[]9That'sall,haveanice...>    at org.junit.Assert.assertEquals(Assert.java:115)
    at org.junit.Assert.assertEquals(Assert.java:144)
    at introclassJava.digits_d767ad3b_007BlackboxTest.test2(digits_d767ad3b_007BlackboxTest.java:23)
    at sun.reflect.NativeMethodAccessorImpl.invoke0(Native Method)
    at sun.reflect.NativeMethodAccessorImpl.invoke(NativeMethodAccessorImpl.java:62)
    at sun.reflect.DelegatingMethodAccessorImpl.invoke(DelegatingMethodAccessorImpl.java:43)

org.junit.ComparisonFailure: expected:<Enteraninteger>[678-9That'sall,haveaniceday!]> but was:<Enteraninteger>[]>
    at org.junit.Assert.assertEquals(Assert.java:115)
    at org.junit.Assert.assertEquals(Assert.java:144)
    at introclassJava.digits_d767ad3b_007BlackboxTest.test2(digits_d767ad3b_007BlackboxTest.java:23)
    at sun.reflect.NativeMethodAccessorImpl.invoke0(Native Method)
    at sun.reflect.NativeMethodAccessorImpl.invoke(NativeMethodAccessorImpl.java:62)
    at sun.reflect.DelegatingMethodAccessorImpl.invoke(DelegatingMethodAccessorImpl.java:43)
16:00:09.737 [pool-57-thread-1] INFO  f.i.l.c.t.SpecificationTestCasesListener - Tests run finished (13 ms)
<> Total tests run: 1
<> Ignored tests: 0
<> Failed tests: 1
~ test2(introclassJava.digits_d767ad3b_007BlackboxTest)
[expected:<Enteraninteger>[678-9That'sall,haveaniceday!]> but was:<Enteraninteger>[]>]
org.junit.ComparisonFailure: expected:<Enteraninteger>[678-9That'sall,haveaniceday!]> but was:<Enteraninteger>[]>    at org.junit.Assert.assertEquals(Assert.java:115)
    at org.junit.Assert.assertEquals(Assert.java:144)
    at introclassJava.digits_d767ad3b_007BlackboxTest.test2(digits_d767ad3b_007BlackboxTest.java:23)
    at sun.reflect.NativeMethodAccessorImpl.invoke0(Native Method)
    at sun.reflect.NativeMethodAccessorImpl.invoke(NativeMethodAccessorImpl.java:62)
    at sun.reflect.DelegatingMethodAccessorImpl.invoke(DelegatingMethodAccessorImpl.java:43)

org.junit.ComparisonFailure: expected:<Enteraninteger>678[-]9That'sall,haveanice...> but was:<Enteraninteger>678[]9That'sall,haveanice...>
    at org.junit.Assert.assertEquals(Assert.java:115)
    at org.junit.Assert.assertEquals(Assert.java:144)
    at introclassJava.digits_d767ad3b_007BlackboxTest.test2(digits_d767ad3b_007BlackboxTest.java:23)
    at sun.reflect.NativeMethodAccessorImpl.invoke0(Native Method)
    at sun.reflect.NativeMethodAccessorImpl.invoke(NativeMethodAccessorImpl.java:62)
    at sun.reflect.DelegatingMethodAccessorImpl.invoke(DelegatingMethodAccessorImpl.java:43)
16:00:09.739 [pool-58-thread-1] INFO  f.i.l.c.t.SpecificationTestCasesListener - Tests run finished (1 ms)
<> Total tests run: 1
<> Ignored tests: 0
<> Failed tests: 1
~ test2(introclassJava.digits_d767ad3b_007BlackboxTest)
[expected:<Enteraninteger>678[-]9That'sall,haveanice...> but was:<Enteraninteger>678[]9That'sall,haveanice...>]
org.junit.ComparisonFailure: expected:<Enteraninteger>678[-]9That'sall,haveanice...> but was:<Enteraninteger>678[]9That'sall,haveanice...>    at org.junit.Assert.assertEquals(Assert.java:115)
    at org.junit.Assert.assertEquals(Assert.java:144)
    at introclassJava.digits_d767ad3b_007BlackboxTest.test2(digits_d767ad3b_007BlackboxTest.java:23)
    at sun.reflect.NativeMethodAccessorImpl.invoke0(Native Method)
    at sun.reflect.NativeMethodAccessorImpl.invoke(NativeMethodAccessorImpl.java:62)
    at sun.reflect.DelegatingMethodAccessorImpl.invoke(DelegatingMethodAccessorImpl.java:43)

16:00:09.740 [pool-55-thread-1] DEBUG tests.output - Failing tests with false: 
[test2(introclassJava.digits_d767ad3b_007BlackboxTest): expected:<Enteraninteger>[678-9That'sall,haveaniceday!]> but was:<Enteraninteger>[]>]
16:00:09.740 [pool-55-thread-1] DEBUG tests.output - Failing tests with true: 
[test2(introclassJava.digits_d767ad3b_007BlackboxTest): expected:<Enteraninteger>678[-]9That'sall,haveanice...> but was:<Enteraninteger>678[]9That'sall,haveanice...>]
16:00:09.740 [pool-55-thread-1] INFO  f.i.l.r.n.synth.SMTNopolSynthesizer - Not enough specifications: 0. A trivial patch is "true" or "false", please write new tests specifying SourceLocation introclassJava.digits_d767ad3b_007:66.
16:00:09.740 [pool-2-thread-1] DEBUG fr.inria.lille.repair.nopol.NoPol - statement #13
16:00:09.740 [pool-2-thread-1] DEBUG fr.inria.lille.repair.nopol.NoPol - Analysing SourceLocation introclassJava.digits_d767ad3b_007:63 which is executed by 16 tests
1674530680
16:00:09.811 [pool-2-thread-1] DEBUG fr.inria.lille.repair.nopol.NoPol - looking with class fr.inria.lille.repair.nopol.spoon.smt.ConditionalAdder
org.junit.ComparisonFailure: expected:<Enteraninteger>678[-]9That'sall,haveanice...> but was:<Enteraninteger>678[]9That'sall,haveanice...>
    at org.junit.Assert.assertEquals(Assert.java:115)
    at org.junit.Assert.assertEquals(Assert.java:144)
    at introclassJava.digits_d767ad3b_007BlackboxTest.test2(digits_d767ad3b_007BlackboxTest.java:23)
    at sun.reflect.NativeMethodAccessorImpl.invoke0(Native Method)
    at sun.reflect.NativeMethodAccessorImpl.invoke(NativeMethodAccessorImpl.java:62)
    at sun.reflect.DelegatingMethodAccessorImpl.invoke(DelegatingMethodAccessorImpl.java:43)
16:00:09.825 [pool-60-thread-1] INFO  xxl.java.junit.TestCasesListener - Tests run finished (11 ms)
<> Total tests run: 6
<> Ignored tests: 0
<> Failed tests: 1
~ test2(introclassJava.digits_d767ad3b_007BlackboxTest)
[expected:<Enteraninteger>678[-]9That'sall,haveanice...> but was:<Enteraninteger>678[]9That'sall,haveanice...>]
org.junit.ComparisonFailure: expected:<Enteraninteger>678[-]9That'sall,haveanice...> but was:<Enteraninteger>678[]9That'sall,haveanice...>    at org.junit.Assert.assertEquals(Assert.java:115)
    at org.junit.Assert.assertEquals(Assert.java:144)
    at introclassJava.digits_d767ad3b_007BlackboxTest.test2(digits_d767ad3b_007BlackboxTest.java:23)
    at sun.reflect.NativeMethodAccessorImpl.invoke0(Native Method)
    at sun.reflect.NativeMethodAccessorImpl.invoke(NativeMethodAccessorImpl.java:62)
    at sun.reflect.DelegatingMethodAccessorImpl.invoke(DelegatingMethodAccessorImpl.java:43)

org.junit.ComparisonFailure: expected:<Enteraninteger>678[-]9That'sall,haveanice...> but was:<Enteraninteger>678[]9That'sall,haveanice...>
    at org.junit.Assert.assertEquals(Assert.java:115)
    at org.junit.Assert.assertEquals(Assert.java:144)
    at introclassJava.digits_d767ad3b_007BlackboxTest.test2(digits_d767ad3b_007BlackboxTest.java:23)
    at sun.reflect.NativeMethodAccessorImpl.invoke0(Native Method)
    at sun.reflect.NativeMethodAccessorImpl.invoke(NativeMethodAccessorImpl.java:62)
    at sun.reflect.DelegatingMethodAccessorImpl.invoke(DelegatingMethodAccessorImpl.java:43)
16:00:09.916 [pool-61-thread-1] INFO  f.i.l.c.t.SpecificationTestCasesListener - Tests run finished (2 ms)
<> Total tests run: 1
<> Ignored tests: 0
<> Failed tests: 1
~ test2(introclassJava.digits_d767ad3b_007BlackboxTest)
[expected:<Enteraninteger>678[-]9That'sall,haveanice...> but was:<Enteraninteger>678[]9That'sall,haveanice...>]
org.junit.ComparisonFailure: expected:<Enteraninteger>678[-]9That'sall,haveanice...> but was:<Enteraninteger>678[]9That'sall,haveanice...>    at org.junit.Assert.assertEquals(Assert.java:115)
    at org.junit.Assert.assertEquals(Assert.java:144)
    at introclassJava.digits_d767ad3b_007BlackboxTest.test2(digits_d767ad3b_007BlackboxTest.java:23)
    at sun.reflect.NativeMethodAccessorImpl.invoke0(Native Method)
    at sun.reflect.NativeMethodAccessorImpl.invoke(NativeMethodAccessorImpl.java:62)
    at sun.reflect.DelegatingMethodAccessorImpl.invoke(DelegatingMethodAccessorImpl.java:43)

org.junit.ComparisonFailure: expected:<Enteraninteger>678[-]9That'sall,haveanice...> but was:<Enteraninteger>678[]9That'sall,haveanice...>
    at org.junit.Assert.assertEquals(Assert.java:115)
    at org.junit.Assert.assertEquals(Assert.java:144)
    at introclassJava.digits_d767ad3b_007BlackboxTest.test2(digits_d767ad3b_007BlackboxTest.java:23)
    at sun.reflect.NativeMethodAccessorImpl.invoke0(Native Method)
    at sun.reflect.NativeMethodAccessorImpl.invoke(NativeMethodAccessorImpl.java:62)
    at sun.reflect.DelegatingMethodAccessorImpl.invoke(DelegatingMethodAccessorImpl.java:43)
16:00:09.917 [pool-62-thread-1] INFO  f.i.l.c.t.SpecificationTestCasesListener - Tests run finished (0 ms)
<> Total tests run: 1
<> Ignored tests: 0
<> Failed tests: 1
~ test2(introclassJava.digits_d767ad3b_007BlackboxTest)
[expected:<Enteraninteger>678[-]9That'sall,haveanice...> but was:<Enteraninteger>678[]9That'sall,haveanice...>]
org.junit.ComparisonFailure: expected:<Enteraninteger>678[-]9That'sall,haveanice...> but was:<Enteraninteger>678[]9That'sall,haveanice...>    at org.junit.Assert.assertEquals(Assert.java:115)
    at org.junit.Assert.assertEquals(Assert.java:144)
    at introclassJava.digits_d767ad3b_007BlackboxTest.test2(digits_d767ad3b_007BlackboxTest.java:23)
    at sun.reflect.NativeMethodAccessorImpl.invoke0(Native Method)
    at sun.reflect.NativeMethodAccessorImpl.invoke(NativeMethodAccessorImpl.java:62)
    at sun.reflect.DelegatingMethodAccessorImpl.invoke(DelegatingMethodAccessorImpl.java:43)

16:00:09.918 [pool-59-thread-1] DEBUG tests.output - Failing tests with false: 
[test2(introclassJava.digits_d767ad3b_007BlackboxTest): expected:<Enteraninteger>678[-]9That'sall,haveanice...> but was:<Enteraninteger>678[]9That'sall,haveanice...>]
16:00:09.918 [pool-59-thread-1] DEBUG tests.output - Failing tests with true: 
[test2(introclassJava.digits_d767ad3b_007BlackboxTest): expected:<Enteraninteger>678[-]9That'sall,haveanice...> but was:<Enteraninteger>678[]9That'sall,haveanice...>]
16:00:09.918 [pool-59-thread-1] INFO  f.i.l.r.n.synth.SMTNopolSynthesizer - Not enough specifications: 0. A trivial patch is "true" or "false", please write new tests specifying SourceLocation introclassJava.digits_d767ad3b_007:63.
16:00:09.918 [pool-2-thread-1] DEBUG fr.inria.lille.repair.nopol.NoPol - looking with class fr.inria.lille.repair.nopol.spoon.smt.ConditionalReplacer
org.junit.ComparisonFailure: expected:<Enteraninteger>678[-]9That'sall,haveanice...> but was:<Enteraninteger>678[]9That'sall,haveanice...>
    at org.junit.Assert.assertEquals(Assert.java:115)
    at org.junit.Assert.assertEquals(Assert.java:144)
    at introclassJava.digits_d767ad3b_007BlackboxTest.test2(digits_d767ad3b_007BlackboxTest.java:23)
    at sun.reflect.NativeMethodAccessorImpl.invoke0(Native Method)
    at sun.reflect.NativeMethodAccessorImpl.invoke(NativeMethodAccessorImpl.java:62)
    at sun.reflect.DelegatingMethodAccessorImpl.invoke(DelegatingMethodAccessorImpl.java:43)
16:00:09.925 [pool-64-thread-1] INFO  xxl.java.junit.TestCasesListener - Tests run finished (4 ms)
<> Total tests run: 6
<> Ignored tests: 0
<> Failed tests: 1
~ test2(introclassJava.digits_d767ad3b_007BlackboxTest)
[expected:<Enteraninteger>678[-]9That'sall,haveanice...> but was:<Enteraninteger>678[]9That'sall,haveanice...>]
org.junit.ComparisonFailure: expected:<Enteraninteger>678[-]9That'sall,haveanice...> but was:<Enteraninteger>678[]9That'sall,haveanice...>    at org.junit.Assert.assertEquals(Assert.java:115)
    at org.junit.Assert.assertEquals(Assert.java:144)
    at introclassJava.digits_d767ad3b_007BlackboxTest.test2(digits_d767ad3b_007BlackboxTest.java:23)
    at sun.reflect.NativeMethodAccessorImpl.invoke0(Native Method)
    at sun.reflect.NativeMethodAccessorImpl.invoke(NativeMethodAccessorImpl.java:62)
    at sun.reflect.DelegatingMethodAccessorImpl.invoke(DelegatingMethodAccessorImpl.java:43)

org.junit.ComparisonFailure: expected:<Enteraninteger>678[-]9That'sall,haveanice...> but was:<Enteraninteger>678[]9That'sall,haveanice...>
    at org.junit.Assert.assertEquals(Assert.java:115)
    at org.junit.Assert.assertEquals(Assert.java:144)
    at introclassJava.digits_d767ad3b_007BlackboxTest.test2(digits_d767ad3b_007BlackboxTest.java:23)
    at sun.reflect.NativeMethodAccessorImpl.invoke0(Native Method)
    at sun.reflect.NativeMethodAccessorImpl.invoke(NativeMethodAccessorImpl.java:62)
    at sun.reflect.DelegatingMethodAccessorImpl.invoke(DelegatingMethodAccessorImpl.java:43)
16:00:10.013 [pool-65-thread-1] INFO  f.i.l.c.t.SpecificationTestCasesListener - Tests run finished (3 ms)
<> Total tests run: 1
<> Ignored tests: 0
<> Failed tests: 1
~ test2(introclassJava.digits_d767ad3b_007BlackboxTest)
[expected:<Enteraninteger>678[-]9That'sall,haveanice...> but was:<Enteraninteger>678[]9That'sall,haveanice...>]
org.junit.ComparisonFailure: expected:<Enteraninteger>678[-]9That'sall,haveanice...> but was:<Enteraninteger>678[]9That'sall,haveanice...>    at org.junit.Assert.assertEquals(Assert.java:115)
    at org.junit.Assert.assertEquals(Assert.java:144)
    at introclassJava.digits_d767ad3b_007BlackboxTest.test2(digits_d767ad3b_007BlackboxTest.java:23)
    at sun.reflect.NativeMethodAccessorImpl.invoke0(Native Method)
    at sun.reflect.NativeMethodAccessorImpl.invoke(NativeMethodAccessorImpl.java:62)
    at sun.reflect.DelegatingMethodAccessorImpl.invoke(DelegatingMethodAccessorImpl.java:43)

org.junit.ComparisonFailure: expected:<Enteraninteger>[678-]9That'sall,haveanice...> but was:<Enteraninteger>[0That'sall,haveaniceday!678]9That'sall,haveanice...>
    at org.junit.Assert.assertEquals(Assert.java:115)
    at org.junit.Assert.assertEquals(Assert.java:144)
    at introclassJava.digits_d767ad3b_007BlackboxTest.test2(digits_d767ad3b_007BlackboxTest.java:23)
    at sun.reflect.NativeMethodAccessorImpl.invoke0(Native Method)
    at sun.reflect.NativeMethodAccessorImpl.invoke(NativeMethodAccessorImpl.java:62)
    at sun.reflect.DelegatingMethodAccessorImpl.invoke(DelegatingMethodAccessorImpl.java:43)
16:00:10.015 [pool-66-thread-1] INFO  f.i.l.c.t.SpecificationTestCasesListener - Tests run finished (1 ms)
<> Total tests run: 1
<> Ignored tests: 0
<> Failed tests: 1
~ test2(introclassJava.digits_d767ad3b_007BlackboxTest)
[expected:<Enteraninteger>[678-]9That'sall,haveanice...> but was:<Enteraninteger>[0That'sall,haveaniceday!678]9That'sall,haveanice...>]
org.junit.ComparisonFailure: expected:<Enteraninteger>[678-]9That'sall,haveanice...> but was:<Enteraninteger>[0That'sall,haveaniceday!678]9That'sall,haveanice...>    at org.junit.Assert.assertEquals(Assert.java:115)
    at org.junit.Assert.assertEquals(Assert.java:144)
    at introclassJava.digits_d767ad3b_007BlackboxTest.test2(digits_d767ad3b_007BlackboxTest.java:23)
    at sun.reflect.NativeMethodAccessorImpl.invoke0(Native Method)
    at sun.reflect.NativeMethodAccessorImpl.invoke(NativeMethodAccessorImpl.java:62)
    at sun.reflect.DelegatingMethodAccessorImpl.invoke(DelegatingMethodAccessorImpl.java:43)

16:00:10.015 [pool-63-thread-1] DEBUG tests.output - Failing tests with false: 
[test2(introclassJava.digits_d767ad3b_007BlackboxTest): expected:<Enteraninteger>678[-]9That'sall,haveanice...> but was:<Enteraninteger>678[]9That'sall,haveanice...>]
16:00:10.015 [pool-63-thread-1] DEBUG tests.output - Failing tests with true: 
[test2(introclassJava.digits_d767ad3b_007BlackboxTest): expected:<Enteraninteger>[678-]9That'sall,haveanice...> but was:<Enteraninteger>[0That'sall,haveaniceday!678]9That'sall,haveanice...>]
16:00:10.015 [pool-63-thread-1] INFO  f.i.l.r.n.synth.SMTNopolSynthesizer - Not enough specifications: 0. A trivial patch is "true" or "false", please write new tests specifying SourceLocation introclassJava.digits_d767ad3b_007:63.
16:00:10.016 [pool-2-thread-1] DEBUG fr.inria.lille.repair.nopol.NoPol - statement #14
16:00:10.016 [pool-2-thread-1] DEBUG fr.inria.lille.repair.nopol.NoPol - Analysing SourceLocation introclassJava.digits_d767ad3b_007:62 which is executed by 16 tests
1674530680
16:00:10.067 [pool-2-thread-1] DEBUG fr.inria.lille.repair.nopol.NoPol - looking with class fr.inria.lille.repair.nopol.spoon.smt.ConditionalAdder
org.junit.ComparisonFailure: expected:<Enteraninteger>678[-]9That'sall,haveanice...> but was:<Enteraninteger>678[]9That'sall,haveanice...>
    at org.junit.Assert.assertEquals(Assert.java:115)
    at org.junit.Assert.assertEquals(Assert.java:144)
    at introclassJava.digits_d767ad3b_007BlackboxTest.test2(digits_d767ad3b_007BlackboxTest.java:23)
    at sun.reflect.NativeMethodAccessorImpl.invoke0(Native Method)
    at sun.reflect.NativeMethodAccessorImpl.invoke(NativeMethodAccessorImpl.java:62)
    at sun.reflect.DelegatingMethodAccessorImpl.invoke(DelegatingMethodAccessorImpl.java:43)
16:00:10.074 [pool-68-thread-1] INFO  xxl.java.junit.TestCasesListener - Tests run finished (5 ms)
<> Total tests run: 6
<> Ignored tests: 0
<> Failed tests: 1
~ test2(introclassJava.digits_d767ad3b_007BlackboxTest)
[expected:<Enteraninteger>678[-]9That'sall,haveanice...> but was:<Enteraninteger>678[]9That'sall,haveanice...>]
org.junit.ComparisonFailure: expected:<Enteraninteger>678[-]9That'sall,haveanice...> but was:<Enteraninteger>678[]9That'sall,haveanice...>    at org.junit.Assert.assertEquals(Assert.java:115)
    at org.junit.Assert.assertEquals(Assert.java:144)
    at introclassJava.digits_d767ad3b_007BlackboxTest.test2(digits_d767ad3b_007BlackboxTest.java:23)
    at sun.reflect.NativeMethodAccessorImpl.invoke0(Native Method)
    at sun.reflect.NativeMethodAccessorImpl.invoke(NativeMethodAccessorImpl.java:62)
    at sun.reflect.DelegatingMethodAccessorImpl.invoke(DelegatingMethodAccessorImpl.java:43)

org.junit.ComparisonFailure: expected:<Enteraninteger>[678-9]That'sall,haveaniced...> but was:<Enteraninteger>[0]That'sall,haveaniced...>
    at org.junit.Assert.assertEquals(Assert.java:115)
    at org.junit.Assert.assertEquals(Assert.java:144)
    at introclassJava.digits_d767ad3b_007BlackboxTest.test2(digits_d767ad3b_007BlackboxTest.java:23)
    at sun.reflect.NativeMethodAccessorImpl.invoke0(Native Method)
    at sun.reflect.NativeMethodAccessorImpl.invoke(NativeMethodAccessorImpl.java:62)
    at sun.reflect.DelegatingMethodAccessorImpl.invoke(DelegatingMethodAccessorImpl.java:43)
16:00:10.160 [pool-69-thread-1] INFO  f.i.l.c.t.SpecificationTestCasesListener - Tests run finished (3 ms)
<> Total tests run: 1
<> Ignored tests: 0
<> Failed tests: 1
~ test2(introclassJava.digits_d767ad3b_007BlackboxTest)
[expected:<Enteraninteger>[678-9]That'sall,haveaniced...> but was:<Enteraninteger>[0]That'sall,haveaniced...>]
org.junit.ComparisonFailure: expected:<Enteraninteger>[678-9]That'sall,haveaniced...> but was:<Enteraninteger>[0]That'sall,haveaniced...>    at org.junit.Assert.assertEquals(Assert.java:115)
    at org.junit.Assert.assertEquals(Assert.java:144)
    at introclassJava.digits_d767ad3b_007BlackboxTest.test2(digits_d767ad3b_007BlackboxTest.java:23)
    at sun.reflect.NativeMethodAccessorImpl.invoke0(Native Method)
    at sun.reflect.NativeMethodAccessorImpl.invoke(NativeMethodAccessorImpl.java:62)
    at sun.reflect.DelegatingMethodAccessorImpl.invoke(DelegatingMethodAccessorImpl.java:43)

org.junit.ComparisonFailure: expected:<Enteraninteger>678[-]9That'sall,haveanice...> but was:<Enteraninteger>678[]9That'sall,haveanice...>
    at org.junit.Assert.assertEquals(Assert.java:115)
    at org.junit.Assert.assertEquals(Assert.java:144)
    at introclassJava.digits_d767ad3b_007BlackboxTest.test2(digits_d767ad3b_007BlackboxTest.java:23)
    at sun.reflect.NativeMethodAccessorImpl.invoke0(Native Method)
    at sun.reflect.NativeMethodAccessorImpl.invoke(NativeMethodAccessorImpl.java:62)
    at sun.reflect.DelegatingMethodAccessorImpl.invoke(DelegatingMethodAccessorImpl.java:43)
16:00:10.162 [pool-70-thread-1] INFO  f.i.l.c.t.SpecificationTestCasesListener - Tests run finished (1 ms)
<> Total tests run: 1
<> Ignored tests: 0
<> Failed tests: 1
~ test2(introclassJava.digits_d767ad3b_007BlackboxTest)
[expected:<Enteraninteger>678[-]9That'sall,haveanice...> but was:<Enteraninteger>678[]9That'sall,haveanice...>]
org.junit.ComparisonFailure: expected:<Enteraninteger>678[-]9That'sall,haveanice...> but was:<Enteraninteger>678[]9That'sall,haveanice...>    at org.junit.Assert.assertEquals(Assert.java:115)
    at org.junit.Assert.assertEquals(Assert.java:144)
    at introclassJava.digits_d767ad3b_007BlackboxTest.test2(digits_d767ad3b_007BlackboxTest.java:23)
    at sun.reflect.NativeMethodAccessorImpl.invoke0(Native Method)
    at sun.reflect.NativeMethodAccessorImpl.invoke(NativeMethodAccessorImpl.java:62)
    at sun.reflect.DelegatingMethodAccessorImpl.invoke(DelegatingMethodAccessorImpl.java:43)

16:00:10.162 [pool-67-thread-1] DEBUG tests.output - Failing tests with false: 
[test2(introclassJava.digits_d767ad3b_007BlackboxTest): expected:<Enteraninteger>[678-9]That'sall,haveaniced...> but was:<Enteraninteger>[0]That'sall,haveaniced...>]
16:00:10.162 [pool-67-thread-1] DEBUG tests.output - Failing tests with true: 
[test2(introclassJava.digits_d767ad3b_007BlackboxTest): expected:<Enteraninteger>678[-]9That'sall,haveanice...> but was:<Enteraninteger>678[]9That'sall,haveanice...>]
16:00:10.162 [pool-67-thread-1] INFO  f.i.l.r.n.synth.SMTNopolSynthesizer - Not enough specifications: 0. A trivial patch is "true" or "false", please write new tests specifying SourceLocation introclassJava.digits_d767ad3b_007:62.
16:00:10.163 [pool-2-thread-1] DEBUG fr.inria.lille.repair.nopol.NoPol - statement #15
16:00:10.163 [pool-2-thread-1] DEBUG fr.inria.lille.repair.nopol.NoPol - Analysing SourceLocation introclassJava.digits_d767ad3b_007:61 which is executed by 16 tests
1674530680
16:00:10.213 [pool-2-thread-1] DEBUG fr.inria.lille.repair.nopol.NoPol - looking with class fr.inria.lille.repair.nopol.spoon.smt.ConditionalAdder
org.junit.ComparisonFailure: expected:<Enteraninteger>678[-]9That'sall,haveanice...> but was:<Enteraninteger>678[]9That'sall,haveanice...>
    at org.junit.Assert.assertEquals(Assert.java:115)
    at org.junit.Assert.assertEquals(Assert.java:144)
    at introclassJava.digits_d767ad3b_007BlackboxTest.test2(digits_d767ad3b_007BlackboxTest.java:23)
    at sun.reflect.NativeMethodAccessorImpl.invoke0(Native Method)
    at sun.reflect.NativeMethodAccessorImpl.invoke(NativeMethodAccessorImpl.java:62)
    at sun.reflect.DelegatingMethodAccessorImpl.invoke(DelegatingMethodAccessorImpl.java:43)
16:00:10.220 [pool-72-thread-1] INFO  xxl.java.junit.TestCasesListener - Tests run finished (4 ms)
<> Total tests run: 6
<> Ignored tests: 0
<> Failed tests: 1
~ test2(introclassJava.digits_d767ad3b_007BlackboxTest)
[expected:<Enteraninteger>678[-]9That'sall,haveanice...> but was:<Enteraninteger>678[]9That'sall,haveanice...>]
org.junit.ComparisonFailure: expected:<Enteraninteger>678[-]9That'sall,haveanice...> but was:<Enteraninteger>678[]9That'sall,haveanice...>    at org.junit.Assert.assertEquals(Assert.java:115)
    at org.junit.Assert.assertEquals(Assert.java:144)
    at introclassJava.digits_d767ad3b_007BlackboxTest.test2(digits_d767ad3b_007BlackboxTest.java:23)
    at sun.reflect.NativeMethodAccessorImpl.invoke0(Native Method)
    at sun.reflect.NativeMethodAccessorImpl.invoke(NativeMethodAccessorImpl.java:62)
    at sun.reflect.DelegatingMethodAccessorImpl.invoke(DelegatingMethodAccessorImpl.java:43)

org.junit.ComparisonFailure: expected:<[Enteraninteger>678-]9That'sall,haveanice...> but was:<[678]9That'sall,haveanice...>
    at org.junit.Assert.assertEquals(Assert.java:115)
    at org.junit.Assert.assertEquals(Assert.java:144)
    at introclassJava.digits_d767ad3b_007BlackboxTest.test2(digits_d767ad3b_007BlackboxTest.java:23)
    at sun.reflect.NativeMethodAccessorImpl.invoke0(Native Method)
    at sun.reflect.NativeMethodAccessorImpl.invoke(NativeMethodAccessorImpl.java:62)
    at sun.reflect.DelegatingMethodAccessorImpl.invoke(DelegatingMethodAccessorImpl.java:43)
16:00:10.305 [pool-73-thread-1] INFO  f.i.l.c.t.SpecificationTestCasesListener - Tests run finished (2 ms)
<> Total tests run: 1
<> Ignored tests: 0
<> Failed tests: 1
~ test2(introclassJava.digits_d767ad3b_007BlackboxTest)
[expected:<[Enteraninteger>678-]9That'sall,haveanice...> but was:<[678]9That'sall,haveanice...>]
org.junit.ComparisonFailure: expected:<[Enteraninteger>678-]9That'sall,haveanice...> but was:<[678]9That'sall,haveanice...>    at org.junit.Assert.assertEquals(Assert.java:115)
    at org.junit.Assert.assertEquals(Assert.java:144)
    at introclassJava.digits_d767ad3b_007BlackboxTest.test2(digits_d767ad3b_007BlackboxTest.java:23)
    at sun.reflect.NativeMethodAccessorImpl.invoke0(Native Method)
    at sun.reflect.NativeMethodAccessorImpl.invoke(NativeMethodAccessorImpl.java:62)
    at sun.reflect.DelegatingMethodAccessorImpl.invoke(DelegatingMethodAccessorImpl.java:43)

org.junit.ComparisonFailure: expected:<Enteraninteger>678[-]9That'sall,haveanice...> but was:<Enteraninteger>678[]9That'sall,haveanice...>
    at org.junit.Assert.assertEquals(Assert.java:115)
    at org.junit.Assert.assertEquals(Assert.java:144)
    at introclassJava.digits_d767ad3b_007BlackboxTest.test2(digits_d767ad3b_007BlackboxTest.java:23)
    at sun.reflect.NativeMethodAccessorImpl.invoke0(Native Method)
    at sun.reflect.NativeMethodAccessorImpl.invoke(NativeMethodAccessorImpl.java:62)
    at sun.reflect.DelegatingMethodAccessorImpl.invoke(DelegatingMethodAccessorImpl.java:43)
16:00:10.306 [pool-74-thread-1] INFO  f.i.l.c.t.SpecificationTestCasesListener - Tests run finished (1 ms)
<> Total tests run: 1
<> Ignored tests: 0
<> Failed tests: 1
~ test2(introclassJava.digits_d767ad3b_007BlackboxTest)
[expected:<Enteraninteger>678[-]9That'sall,haveanice...> but was:<Enteraninteger>678[]9That'sall,haveanice...>]
org.junit.ComparisonFailure: expected:<Enteraninteger>678[-]9That'sall,haveanice...> but was:<Enteraninteger>678[]9That'sall,haveanice...>    at org.junit.Assert.assertEquals(Assert.java:115)
    at org.junit.Assert.assertEquals(Assert.java:144)
    at introclassJava.digits_d767ad3b_007BlackboxTest.test2(digits_d767ad3b_007BlackboxTest.java:23)
    at sun.reflect.NativeMethodAccessorImpl.invoke0(Native Method)
    at sun.reflect.NativeMethodAccessorImpl.invoke(NativeMethodAccessorImpl.java:62)
    at sun.reflect.DelegatingMethodAccessorImpl.invoke(DelegatingMethodAccessorImpl.java:43)

16:00:10.307 [pool-71-thread-1] DEBUG tests.output - Failing tests with false: 
[test2(introclassJava.digits_d767ad3b_007BlackboxTest): expected:<[Enteraninteger>678-]9That'sall,haveanice...> but was:<[678]9That'sall,haveanice...>]
16:00:10.307 [pool-71-thread-1] DEBUG tests.output - Failing tests with true: 
[test2(introclassJava.digits_d767ad3b_007BlackboxTest): expected:<Enteraninteger>678[-]9That'sall,haveanice...> but was:<Enteraninteger>678[]9That'sall,haveanice...>]
16:00:10.307 [pool-71-thread-1] INFO  f.i.l.r.n.synth.SMTNopolSynthesizer - Not enough specifications: 0. A trivial patch is "true" or "false", please write new tests specifying SourceLocation introclassJava.digits_d767ad3b_007:61.
16:00:10.307 [pool-2-thread-1] DEBUG fr.inria.lille.repair.nopol.NoPol - statement #16
16:00:10.307 [pool-2-thread-1] DEBUG fr.inria.lille.repair.nopol.NoPol - Analysing SourceLocation introclassJava.digits_d767ad3b_007:60 which is executed by 16 tests
1674530680
16:00:10.358 [pool-2-thread-1] INFO  fr.inria.lille.repair.nopol.NoPol - ----INFORMATION----
16:00:10.363 [pool-2-thread-1] INFO  fr.inria.lille.repair.nopol.NoPol - Nb classes : 6
16:00:10.363 [pool-2-thread-1] INFO  fr.inria.lille.repair.nopol.NoPol - Nb methods : 2
16:00:10.363 [pool-2-thread-1] INFO  fr.inria.lille.repair.nopol.NoPol - Nb Statements Analyzed : 18
16:00:10.363 [pool-2-thread-1] INFO  fr.inria.lille.repair.nopol.NoPol - Nb Statements with Angelic Value Found : 0
16:00:10.363 [pool-2-thread-1] INFO  fr.inria.lille.repair.nopol.NoPol - Nb inputs in SMT : 0
16:00:10.365 [pool-2-thread-1] INFO  fr.inria.lille.repair.nopol.NoPol - Nb SMT level: 0
16:00:10.366 [pool-2-thread-1] INFO  fr.inria.lille.repair.nopol.NoPol - Nb variables in SMT : 0
16:00:10.366 [pool-2-thread-1] INFO  fr.inria.lille.repair.nopol.NoPol - NoPol Execution time : 8605ms
16:00:10.366 [pool-2-thread-1] INFO  fr.inria.lille.repair.nopol.NoPol - 
NO_ANGELIC_VALUE
Command exited with non-zero status 255
21.18user 1.27system 0:10.04elapsed 223%CPU (0avgtext+0avgdata 907760maxresident)k
46024inputs+5432outputs (3major+264461minor)pagefaults 0swaps


Node: suno-25.sophia.grid5000.fr



Date: Wed Dec  5 16:00:10 EST 2018

