cd /tmp/DynaMoth_Bug_dot_jar_Maven_691a03a7;
export JAVA_TOOL_OPTIONS="-Dfile.encoding=UTF8 -Duser.language=en-US -Duser.country=US -Duser.language=en";
TZ="America/New_York"; export TZ;
export PATH="/usr/lib/jvm/java-1.8.0-openjdk-amd64/bin/:$PATH";
export JAVA_HOME="/usr/lib/jvm/java-1.8.0-openjdk-amd64/bin/";
time java -Xmx4048m -cp /home/tdurieux/defects4j4repair/script/../repair_tools/nopol.jar:/usr/lib/jvm/java-1.8.0-openjdk-amd64/bin//../lib/tools.jar fr.inria.lille.repair.Main \
	--mode repair \
	--type pre_then_cond \
	--oracle angelic \
	--synthesis dynamoth \
	--flocal gzoltar \
	--json \
	--solver z3 \
	--solver-path /home/tdurieux/defects4j4repair/script/../libs/z3/build/z3 \
	--complianceLevel 7 \
	--source maven-core/src/main/java \
	--classpath "maven-core/target/classes:maven-core/target/test-classes:/tmp/DynaMoth_Bug_dot_jar_Maven_691a03a7/maven-model/target/classes:/tmp/DynaMoth_Bug_dot_jar_Maven_691a03a7/maven-artifact/target/classes:/tmp/DynaMoth_Bug_dot_jar_Maven_691a03a7/maven-plugin-api/target/classes:/tmp/DynaMoth_Bug_dot_jar_Maven_691a03a7/maven-builder-support/target/classes:/tmp/DynaMoth_Bug_dot_jar_Maven_691a03a7/maven-model-builder/target/classes:/tmp/DynaMoth_Bug_dot_jar_Maven_691a03a7/maven-settings/target/classes:/tmp/DynaMoth_Bug_dot_jar_Maven_691a03a7/maven-settings-builder/target/classes:/tmp/DynaMoth_Bug_dot_jar_Maven_691a03a7/maven-repository-metadata/target/classes:/tmp/DynaMoth_Bug_dot_jar_Maven_691a03a7/maven-resolver-provider/target/classes:/tmp/DynaMoth_Bug_dot_jar_Maven_691a03a7/maven-slf4j-provider/target/classes:/tmp/DynaMoth_Bug_dot_jar_Maven_691a03a7/maven-embedder/target/classes:/tmp/DynaMoth_Bug_dot_jar_Maven_691a03a7/maven-compat/target/classes:/home/tdurieux/.m2/repository/javax/inject/javax.inject/1/javax.inject-1.jar:/home/tdurieux/.m2/repository/javax/annotation/jsr250-api/1.0/jsr250-api-1.0.jar:/home/tdurieux/.m2/repository/org/apache/maven/resolver/maven-resolver-transport-wagon/1.1.0/maven-resolver-transport-wagon-1.1.0.jar:/home/tdurieux/.m2/repository/org/apache/maven/resolver/maven-resolver-api/1.1.0/maven-resolver-api-1.1.0.jar:/home/tdurieux/.m2/repository/org/apache/maven/maven-plugin-api/3.5.3-SNAPSHOT/maven-plugin-api-3.5.3-SNAPSHOT.jar:/home/tdurieux/.m2/repository/xmlunit/xmlunit/1.6/xmlunit-1.6.jar:/home/tdurieux/.m2/repository/org/objenesis/objenesis/2.1/objenesis-2.1.jar:/home/tdurieux/.m2/repository/org/eclipse/sisu/org.eclipse.sisu.inject/0.3.3/org.eclipse.sisu.inject-0.3.3.jar:/home/tdurieux/.m2/repository/org/apache/commons/commons-lang3/3.5/commons-lang3-3.5.jar:/home/tdurieux/.m2/repository/commons-cli/commons-cli/1.4/commons-cli-1.4.jar:/home/tdurieux/.m2/repository/org/apache/maven/resolver/maven-resolver-impl/1.1.0/maven-resolver-impl-1.1.0.jar:/home/tdurieux/.m2/repository/org/codehaus/plexus/plexus-classworlds/2.5.2/plexus-classworlds-2.5.2.jar:/home/tdurieux/.m2/repository/org/apache/maven/maven-settings/3.5.3-SNAPSHOT/maven-settings-3.5.3-SNAPSHOT.jar:/home/tdurieux/.m2/repository/org/apache/maven/maven-settings-builder/3.5.3-SNAPSHOT/maven-settings-builder-3.5.3-SNAPSHOT.jar:/home/tdurieux/.m2/repository/org/apache/maven/resolver/maven-resolver-util/1.1.0/maven-resolver-util-1.1.0.jar:/home/tdurieux/.m2/repository/org/codehaus/plexus/plexus-utils/3.1.0/plexus-utils-3.1.0.jar:/home/tdurieux/.m2/repository/org/eclipse/sisu/org.eclipse.sisu.plexus/0.3.3/org.eclipse.sisu.plexus-0.3.3.jar:/home/tdurieux/.m2/repository/org/apache/maven/wagon/wagon-provider-api/2.12/wagon-provider-api-2.12.jar:/home/tdurieux/.m2/repository/org/apache/maven/maven-resolver-provider/3.5.3-SNAPSHOT/maven-resolver-provider-3.5.3-SNAPSHOT.jar:/home/tdurieux/.m2/repository/org/apache/maven/wagon/wagon-file/2.12/wagon-file-2.12.jar:/home/tdurieux/.m2/repository/org/apache/maven/maven-compat/3.5.3-SNAPSHOT/maven-compat-3.5.3-SNAPSHOT.jar:/home/tdurieux/.m2/repository/org/codehaus/plexus/plexus-interpolation/1.24/plexus-interpolation-1.24.jar:/home/tdurieux/.m2/repository/org/sonatype/plexus/plexus-cipher/1.7/plexus-cipher-1.7.jar:/home/tdurieux/.m2/repository/org/apache/maven/maven-embedder/3.5.3-SNAPSHOT/maven-embedder-3.5.3-SNAPSHOT.jar:/home/tdurieux/.m2/repository/org/mockito/mockito-core/1.10.19/mockito-core-1.10.19.jar:/home/tdurieux/.m2/repository/ch/qos/logback/logback-core/1.2.1/logback-core-1.2.1.jar:/home/tdurieux/.m2/repository/org/apache/maven/maven-core/3.5.3-SNAPSHOT/maven-core-3.5.3-SNAPSHOT.jar:/home/tdurieux/.m2/repository/org/apache/maven/shared/maven-shared-utils/3.1.0/maven-shared-utils-3.1.0.jar:/home/tdurieux/.m2/repository/org/apache/maven/maven-repository-metadata/3.5.3-SNAPSHOT/maven-repository-metadata-3.5.3-SNAPSHOT.jar:/home/tdurieux/.m2/repository/org/apache/maven/resolver/maven-resolver-spi/1.1.0/maven-resolver-spi-1.1.0.jar:/home/tdurieux/.m2/repository/org/codehaus/plexus/plexus-component-annotations/1.7.1/plexus-component-annotations-1.7.1.jar:/home/tdurieux/.m2/repository/aopalliance/aopalliance/1.0/aopalliance-1.0.jar:/home/tdurieux/.m2/repository/org/apache/maven/maven-model/3.5.3-SNAPSHOT/maven-model-3.5.3-SNAPSHOT.jar:/home/tdurieux/.m2/repository/commons-jxpath/commons-jxpath/1.3/commons-jxpath-1.3.jar:/home/tdurieux/.m2/repository/org/apache/maven/maven-model-builder/3.5.3-SNAPSHOT/maven-model-builder-3.5.3-SNAPSHOT.jar:/home/tdurieux/.m2/repository/org/sonatype/plexus/plexus-sec-dispatcher/1.4/plexus-sec-dispatcher-1.4.jar:/home/tdurieux/.m2/repository/ch/qos/logback/logback-classic/1.2.1/logback-classic-1.2.1.jar:/home/tdurieux/.m2/repository/org/apache/maven/maven-builder-support/3.5.3-SNAPSHOT/maven-builder-support-3.5.3-SNAPSHOT.jar:/home/tdurieux/.m2/repository/com/google/inject/guice/4.0/guice-4.0-no_aop.jar:/home/tdurieux/.m2/repository/org/slf4j/slf4j-api/1.7.25/slf4j-api-1.7.25.jar:/home/tdurieux/.m2/repository/org/fusesource/jansi/jansi/1.16/jansi-1.16.jar:/home/tdurieux/.m2/repository/org/hamcrest/hamcrest-core/1.3/hamcrest-core-1.3.jar:/home/tdurieux/.m2/repository/org/slf4j/jcl-over-slf4j/1.7.25/jcl-over-slf4j-1.7.25.jar:/home/tdurieux/.m2/repository/org/apache/maven/maven-artifact/3.5.3-SNAPSHOT/maven-artifact-3.5.3-SNAPSHOT.jar:/home/tdurieux/.m2/repository/org/hamcrest/hamcrest-core/1.1/hamcrest-core-1.1.jar:/home/tdurieux/.m2/repository/commons-io/commons-io/2.5/commons-io-2.5.jar:/home/tdurieux/.m2/repository/junit/junit/4.12/junit-4.12.jar:/home/tdurieux/.m2/repository/com/google/guava/guava/20.0/guava-20.0.jar:/home/tdurieux/.m2/repository/org/apache/maven/maven-slf4j-provider/3.5.3-SNAPSHOT/maven-slf4j-provider-3.5.3-SNAPSHOT.jar:/home/tdurieux/.m2/repository/org/apache/maven/wagon/wagon-http/2.12/wagon-http-2.12-shaded.jar:/home/tdurieux/.m2/repository/org/slf4j/slf4j-simple/1.7.25/slf4j-simple-1.7.25.jar:/home/tdurieux/.m2/repository/org/apache/maven/resolver/maven-resolver-connector-basic/1.1.0/maven-resolver-connector-basic-1.1.0.jar:/home/tdurieux/.m2/repository/javax/enterprise/cdi-api/1.0/cdi-api-1.0.jar:/home/tdurieux/defects4j4repair/script/../repair_tools/nopol.jar";
	echo "\n\nNode: `hostname`\n";
	echo "\n\nDate: `date`\n";
Picked up JAVA_TOOL_OPTIONS: -Dfile.encoding=UTF8 -Duser.language=en-US -Duser.country=US -Duser.language=en
04:42:50.954 [main] INFO  fr.inria.lille.repair.nopol.NoPol - Source files: [maven-core/src/main/java]
04:42:50.962 [main] INFO  fr.inria.lille.repair.nopol.NoPol - Classpath: [file:/tmp/DynaMoth_Bug_dot_jar_Maven_691a03a7/maven-core/target/classes/, file:/tmp/DynaMoth_Bug_dot_jar_Maven_691a03a7/maven-core/target/test-classes/, file:/tmp/DynaMoth_Bug_dot_jar_Maven_691a03a7/maven-model/target/classes/, file:/tmp/DynaMoth_Bug_dot_jar_Maven_691a03a7/maven-artifact/target/classes/, file:/tmp/DynaMoth_Bug_dot_jar_Maven_691a03a7/maven-plugin-api/target/classes/, file:/tmp/DynaMoth_Bug_dot_jar_Maven_691a03a7/maven-builder-support/target/classes/, file:/tmp/DynaMoth_Bug_dot_jar_Maven_691a03a7/maven-model-builder/target/classes/, file:/tmp/DynaMoth_Bug_dot_jar_Maven_691a03a7/maven-settings/target/classes/, file:/tmp/DynaMoth_Bug_dot_jar_Maven_691a03a7/maven-settings-builder/target/classes/, file:/tmp/DynaMoth_Bug_dot_jar_Maven_691a03a7/maven-repository-metadata/target/classes/, file:/tmp/DynaMoth_Bug_dot_jar_Maven_691a03a7/maven-resolver-provider/target/classes/, file:/tmp/DynaMoth_Bug_dot_jar_Maven_691a03a7/maven-slf4j-provider/target/classes/, file:/tmp/DynaMoth_Bug_dot_jar_Maven_691a03a7/maven-embedder/target/classes/, file:/tmp/DynaMoth_Bug_dot_jar_Maven_691a03a7/maven-compat/target/classes/, file:/home/tdurieux/.m2/repository/javax/inject/javax.inject/1/javax.inject-1.jar, file:/home/tdurieux/.m2/repository/javax/annotation/jsr250-api/1.0/jsr250-api-1.0.jar, file:/home/tdurieux/.m2/repository/org/apache/maven/resolver/maven-resolver-transport-wagon/1.1.0/maven-resolver-transport-wagon-1.1.0.jar, file:/home/tdurieux/.m2/repository/org/apache/maven/resolver/maven-resolver-api/1.1.0/maven-resolver-api-1.1.0.jar, file:/home/tdurieux/.m2/repository/org/apache/maven/maven-plugin-api/3.5.3-SNAPSHOT/maven-plugin-api-3.5.3-SNAPSHOT.jar, file:/home/tdurieux/.m2/repository/xmlunit/xmlunit/1.6/xmlunit-1.6.jar, file:/home/tdurieux/.m2/repository/org/objenesis/objenesis/2.1/objenesis-2.1.jar, file:/home/tdurieux/.m2/repository/org/eclipse/sisu/org.eclipse.sisu.inject/0.3.3/org.eclipse.sisu.inject-0.3.3.jar, file:/home/tdurieux/.m2/repository/org/apache/commons/commons-lang3/3.5/commons-lang3-3.5.jar, file:/home/tdurieux/.m2/repository/commons-cli/commons-cli/1.4/commons-cli-1.4.jar, file:/home/tdurieux/.m2/repository/org/apache/maven/resolver/maven-resolver-impl/1.1.0/maven-resolver-impl-1.1.0.jar, file:/home/tdurieux/.m2/repository/org/codehaus/plexus/plexus-classworlds/2.5.2/plexus-classworlds-2.5.2.jar, file:/home/tdurieux/.m2/repository/org/apache/maven/maven-settings/3.5.3-SNAPSHOT/maven-settings-3.5.3-SNAPSHOT.jar, file:/home/tdurieux/.m2/repository/org/apache/maven/maven-settings-builder/3.5.3-SNAPSHOT/maven-settings-builder-3.5.3-SNAPSHOT.jar, file:/home/tdurieux/.m2/repository/org/apache/maven/resolver/maven-resolver-util/1.1.0/maven-resolver-util-1.1.0.jar, file:/home/tdurieux/.m2/repository/org/codehaus/plexus/plexus-utils/3.1.0/plexus-utils-3.1.0.jar, file:/home/tdurieux/.m2/repository/org/eclipse/sisu/org.eclipse.sisu.plexus/0.3.3/org.eclipse.sisu.plexus-0.3.3.jar, file:/home/tdurieux/.m2/repository/org/apache/maven/wagon/wagon-provider-api/2.12/wagon-provider-api-2.12.jar, file:/home/tdurieux/.m2/repository/org/apache/maven/maven-resolver-provider/3.5.3-SNAPSHOT/maven-resolver-provider-3.5.3-SNAPSHOT.jar, file:/home/tdurieux/.m2/repository/org/apache/maven/wagon/wagon-file/2.12/wagon-file-2.12.jar, file:/home/tdurieux/.m2/repository/org/apache/maven/maven-compat/3.5.3-SNAPSHOT/maven-compat-3.5.3-SNAPSHOT.jar, file:/home/tdurieux/.m2/repository/org/codehaus/plexus/plexus-interpolation/1.24/plexus-interpolation-1.24.jar, file:/home/tdurieux/.m2/repository/org/sonatype/plexus/plexus-cipher/1.7/plexus-cipher-1.7.jar, file:/home/tdurieux/.m2/repository/org/apache/maven/maven-embedder/3.5.3-SNAPSHOT/maven-embedder-3.5.3-SNAPSHOT.jar, file:/home/tdurieux/.m2/repository/org/mockito/mockito-core/1.10.19/mockito-core-1.10.19.jar, file:/home/tdurieux/.m2/repository/ch/qos/logback/logback-core/1.2.1/logback-core-1.2.1.jar, file:/home/tdurieux/.m2/repository/org/apache/maven/maven-core/3.5.3-SNAPSHOT/maven-core-3.5.3-SNAPSHOT.jar, file:/home/tdurieux/.m2/repository/org/apache/maven/shared/maven-shared-utils/3.1.0/maven-shared-utils-3.1.0.jar, file:/home/tdurieux/.m2/repository/org/apache/maven/maven-repository-metadata/3.5.3-SNAPSHOT/maven-repository-metadata-3.5.3-SNAPSHOT.jar, file:/home/tdurieux/.m2/repository/org/apache/maven/resolver/maven-resolver-spi/1.1.0/maven-resolver-spi-1.1.0.jar, file:/home/tdurieux/.m2/repository/org/codehaus/plexus/plexus-component-annotations/1.7.1/plexus-component-annotations-1.7.1.jar, file:/home/tdurieux/.m2/repository/aopalliance/aopalliance/1.0/aopalliance-1.0.jar, file:/home/tdurieux/.m2/repository/org/apache/maven/maven-model/3.5.3-SNAPSHOT/maven-model-3.5.3-SNAPSHOT.jar, file:/home/tdurieux/.m2/repository/commons-jxpath/commons-jxpath/1.3/commons-jxpath-1.3.jar, file:/home/tdurieux/.m2/repository/org/apache/maven/maven-model-builder/3.5.3-SNAPSHOT/maven-model-builder-3.5.3-SNAPSHOT.jar, file:/home/tdurieux/.m2/repository/org/sonatype/plexus/plexus-sec-dispatcher/1.4/plexus-sec-dispatcher-1.4.jar, file:/home/tdurieux/.m2/repository/ch/qos/logback/logback-classic/1.2.1/logback-classic-1.2.1.jar, file:/home/tdurieux/.m2/repository/org/apache/maven/maven-builder-support/3.5.3-SNAPSHOT/maven-builder-support-3.5.3-SNAPSHOT.jar, file:/home/tdurieux/.m2/repository/com/google/inject/guice/4.0/guice-4.0-no_aop.jar, file:/home/tdurieux/.m2/repository/org/slf4j/slf4j-api/1.7.25/slf4j-api-1.7.25.jar, file:/home/tdurieux/.m2/repository/org/fusesource/jansi/jansi/1.16/jansi-1.16.jar, file:/home/tdurieux/.m2/repository/org/hamcrest/hamcrest-core/1.3/hamcrest-core-1.3.jar, file:/home/tdurieux/.m2/repository/org/slf4j/jcl-over-slf4j/1.7.25/jcl-over-slf4j-1.7.25.jar, file:/home/tdurieux/.m2/repository/org/apache/maven/maven-artifact/3.5.3-SNAPSHOT/maven-artifact-3.5.3-SNAPSHOT.jar, file:/home/tdurieux/.m2/repository/org/hamcrest/hamcrest-core/1.1/hamcrest-core-1.1.jar, file:/home/tdurieux/.m2/repository/commons-io/commons-io/2.5/commons-io-2.5.jar, file:/home/tdurieux/.m2/repository/junit/junit/4.12/junit-4.12.jar, file:/home/tdurieux/.m2/repository/com/google/guava/guava/20.0/guava-20.0.jar, file:/home/tdurieux/.m2/repository/org/apache/maven/maven-slf4j-provider/3.5.3-SNAPSHOT/maven-slf4j-provider-3.5.3-SNAPSHOT.jar, file:/home/tdurieux/.m2/repository/org/apache/maven/wagon/wagon-http/2.12/wagon-http-2.12-shaded.jar, file:/home/tdurieux/.m2/repository/org/slf4j/slf4j-simple/1.7.25/slf4j-simple-1.7.25.jar, file:/home/tdurieux/.m2/repository/org/apache/maven/resolver/maven-resolver-connector-basic/1.1.0/maven-resolver-connector-basic-1.1.0.jar, file:/home/tdurieux/.m2/repository/javax/enterprise/cdi-api/1.0/cdi-api-1.0.jar, file:/home/tdurieux/defects4j4repair/script/../repair_tools/nopol.jar]
04:42:50.962 [main] INFO  fr.inria.lille.repair.nopol.NoPol - Statement type: PRE_THEN_COND
04:42:50.962 [main] INFO  fr.inria.lille.repair.nopol.NoPol - Args: [org.apache.maven.DefaultMavenTest, org.apache.maven.MavenLifecycleParticipantTest, org.apache.maven.MavenTest, org.apache.maven.ProjectDependenciesResolverTest, org.apache.maven.artifact.handler.ArtifactHandlerTest, org.apache.maven.configuration.DefaultBeanConfiguratorTest, org.apache.maven.exception.DefaultExceptionHandlerTest, org.apache.maven.execution.DefaultMavenExecutionRequestPopulatorTest, org.apache.maven.execution.DefaultMavenExecutionTest, org.apache.maven.execution.scope.internal.MojoExecutionScopeTest, org.apache.maven.graph.DefaultProjectDependencyGraphTest, org.apache.maven.lifecycle.DefaultLifecyclesTest, org.apache.maven.lifecycle.LifecycleExecutorSubModulesTest, org.apache.maven.lifecycle.LifecycleExecutorTest, org.apache.maven.lifecycle.MavenExecutionPlanTest, org.apache.maven.lifecycle.internal.BuildListCalculatorTest, org.apache.maven.lifecycle.internal.BuilderCommonTest, org.apache.maven.lifecycle.internal.ConcurrencyDependencyGraphTest, org.apache.maven.lifecycle.internal.LifecycleExecutionPlanCalculatorTest, org.apache.maven.lifecycle.internal.LifecycleTaskSegmentCalculatorImplTest, org.apache.maven.lifecycle.internal.PhaseRecorderTest, org.apache.maven.lifecycle.internal.ProjectBuildListTest, org.apache.maven.lifecycle.internal.builder.multithreaded.ThreadOutputMuxerTest, org.apache.maven.lifecycle.internal.stub.ProjectDependencyGraphStubTest, org.apache.maven.lifecycle.mapping.LifecyclePhaseTest, org.apache.maven.plugin.PluginManagerTest, org.apache.maven.plugin.PluginParameterExceptionTest, org.apache.maven.plugin.PluginParameterExpressionEvaluatorTest, org.apache.maven.plugin.internal.DefaultLegacySupportTest, org.apache.maven.project.DefaultMavenProjectBuilderTest, org.apache.maven.project.ExtensionDescriptorBuilderTest, org.apache.maven.project.MavenProjectTest, org.apache.maven.project.PomConstructionTest, org.apache.maven.project.ProjectBuilderTest, org.apache.maven.project.ProjectModelResolverTest, org.apache.maven.project.ProjectSorterTest, org.apache.maven.project.artifact.DefaultMavenMetadataCacheTest, org.apache.maven.project.artifact.MavenMetadataSourceTest, org.apache.maven.project.canonical.CanonicalProjectBuilderTest, org.apache.maven.rtinfo.internal.DefaultRuntimeInformationTest, org.apache.maven.settings.PomConstructionWithSettingsTest, org.apache.maven.settings.SettingsUtilsTest, org.apache.maven.toolchain.DefaultToolchainManagerPrivateTest, org.apache.maven.toolchain.DefaultToolchainManagerTest, org.apache.maven.toolchain.DefaultToolchainTest, org.apache.maven.toolchain.RequirementMatcherFactoryTest, org.apache.maven.toolchain.building.DefaultToolchainsBuilderTest, org.apache.maven.toolchain.building.ToolchainsBuildingExceptionTest, org.apache.maven.toolchain.merge.MavenToolchainMergerTest]
04:42:50.965 [main] INFO  fr.inria.lille.repair.nopol.NoPol - Config: Config{synthesisDepth=3, collectStaticMethods=true, collectStaticFields=false, collectLiterals=false, onlyOneSynthesisResult=true, sortExpressions=true, maxLineInvocationPerTest=250, timeoutMethodInvocation=2000, dataCollectionTimeoutInSecondForSynthesis=900, addWeight=0.19478, subWeight=0.04554, mulWeight=0.0102, divWeight=0.00613, andWeight=0.10597, orWeight=0.05708, eqWeight=0.22798, nEqWeight=0.0, lessEqWeight=0.0255, lessWeight=0.0947, methodCallWeight=0.1, fieldAccessWeight=0.08099, constantWeight=0.14232, variableWeight=0.05195, mode=REPAIR, type=PRE_THEN_COND, synthesis=DYNAMOTH, oracle=ANGELIC, solver=Z3, solverPath='/home/tdurieux/defects4j4repair/script/../libs/z3/build/z3', projectSources=[maven-core/src/main/java], projectClasspath='[Ljava.net.URL;@50040f0c', projectTests=[org.apache.maven.DefaultMavenTest, org.apache.maven.MavenLifecycleParticipantTest, org.apache.maven.MavenTest, org.apache.maven.ProjectDependenciesResolverTest, org.apache.maven.artifact.handler.ArtifactHandlerTest, org.apache.maven.configuration.DefaultBeanConfiguratorTest, org.apache.maven.exception.DefaultExceptionHandlerTest, org.apache.maven.execution.DefaultMavenExecutionRequestPopulatorTest, org.apache.maven.execution.DefaultMavenExecutionTest, org.apache.maven.execution.scope.internal.MojoExecutionScopeTest, org.apache.maven.graph.DefaultProjectDependencyGraphTest, org.apache.maven.lifecycle.DefaultLifecyclesTest, org.apache.maven.lifecycle.LifecycleExecutorSubModulesTest, org.apache.maven.lifecycle.LifecycleExecutorTest, org.apache.maven.lifecycle.MavenExecutionPlanTest, org.apache.maven.lifecycle.internal.BuildListCalculatorTest, org.apache.maven.lifecycle.internal.BuilderCommonTest, org.apache.maven.lifecycle.internal.ConcurrencyDependencyGraphTest, org.apache.maven.lifecycle.internal.LifecycleExecutionPlanCalculatorTest, org.apache.maven.lifecycle.internal.LifecycleTaskSegmentCalculatorImplTest, org.apache.maven.lifecycle.internal.PhaseRecorderTest, org.apache.maven.lifecycle.internal.ProjectBuildListTest, org.apache.maven.lifecycle.internal.builder.multithreaded.ThreadOutputMuxerTest, org.apache.maven.lifecycle.internal.stub.ProjectDependencyGraphStubTest, org.apache.maven.lifecycle.mapping.LifecyclePhaseTest, org.apache.maven.plugin.PluginManagerTest, org.apache.maven.plugin.PluginParameterExceptionTest, org.apache.maven.plugin.PluginParameterExpressionEvaluatorTest, org.apache.maven.plugin.internal.DefaultLegacySupportTest, org.apache.maven.project.DefaultMavenProjectBuilderTest, org.apache.maven.project.ExtensionDescriptorBuilderTest, org.apache.maven.project.MavenProjectTest, org.apache.maven.project.PomConstructionTest, org.apache.maven.project.ProjectBuilderTest, org.apache.maven.project.ProjectModelResolverTest, org.apache.maven.project.ProjectSorterTest, org.apache.maven.project.artifact.DefaultMavenMetadataCacheTest, org.apache.maven.project.artifact.MavenMetadataSourceTest, org.apache.maven.project.canonical.CanonicalProjectBuilderTest, org.apache.maven.rtinfo.internal.DefaultRuntimeInformationTest, org.apache.maven.settings.PomConstructionWithSettingsTest, org.apache.maven.settings.SettingsUtilsTest, org.apache.maven.toolchain.DefaultToolchainManagerPrivateTest, org.apache.maven.toolchain.DefaultToolchainManagerTest, org.apache.maven.toolchain.DefaultToolchainTest, org.apache.maven.toolchain.RequirementMatcherFactoryTest, org.apache.maven.toolchain.building.DefaultToolchainsBuilderTest, org.apache.maven.toolchain.building.ToolchainsBuildingExceptionTest, org.apache.maven.toolchain.merge.MavenToolchainMergerTest], complianceLevel=7, outputFolder=., json=true}
04:42:50.965 [main] INFO  fr.inria.lille.repair.nopol.NoPol - Available processors (cores): 8
04:42:50.974 [main] INFO  fr.inria.lille.repair.nopol.NoPol - Free memory: 216 MB
04:42:50.974 [main] INFO  fr.inria.lille.repair.nopol.NoPol - Maximum memory: 3 GB
04:42:50.975 [main] INFO  fr.inria.lille.repair.nopol.NoPol - Total memory available to JVM: 241 MB
04:42:50.975 [main] INFO  fr.inria.lille.repair.nopol.NoPol - Java version: 1.8.0_181
04:42:50.976 [main] INFO  fr.inria.lille.repair.nopol.NoPol - JAVA_HOME: /usr/lib/jvm/java-1.8.0-openjdk-amd64/bin/
04:42:50.976 [main] INFO  fr.inria.lille.repair.nopol.NoPol - PATH: /usr/lib/jvm/java-1.8.0-openjdk-amd64/bin/:/usr/lib/oar/oardodo:/usr/lib/oar/oardodo:/usr/local/bin:/usr/bin:/bin:/usr/games
04:43:30.454 [pool-2-thread-1] DEBUG fr.inria.lille.repair.nopol.NoPol - statement #1
04:43:30.455 [pool-2-thread-1] DEBUG fr.inria.lille.repair.nopol.NoPol - Analysing SourceLocation com.google.inject.internal.Errors$Converter:692 which is executed by 209 tests
04:43:30.455 [pool-2-thread-1] DEBUG fr.inria.lille.repair.nopol.NoPol - cannot spoon SourceLocation com.google.inject.internal.Errors$Converter:692
04:43:30.455 [pool-2-thread-1] DEBUG fr.inria.lille.repair.nopol.NoPol - statement #2
04:43:30.455 [pool-2-thread-1] DEBUG fr.inria.lille.repair.nopol.NoPol - Analysing SourceLocation com.google.inject.internal.Errors$Converter:688 which is executed by 209 tests
04:43:30.456 [pool-2-thread-1] DEBUG fr.inria.lille.repair.nopol.NoPol - cannot spoon SourceLocation com.google.inject.internal.Errors$Converter:688
04:43:30.456 [pool-2-thread-1] DEBUG fr.inria.lille.repair.nopol.NoPol - statement #3
04:43:30.456 [pool-2-thread-1] DEBUG fr.inria.lille.repair.nopol.NoPol - Analysing SourceLocation com.google.inject.internal.LinkedProviderBindingImpl:95 which is executed by 209 tests
04:43:30.456 [pool-2-thread-1] DEBUG fr.inria.lille.repair.nopol.NoPol - cannot spoon SourceLocation com.google.inject.internal.LinkedProviderBindingImpl:95
04:43:30.456 [pool-2-thread-1] DEBUG fr.inria.lille.repair.nopol.NoPol - statement #4
04:43:30.457 [pool-2-thread-1] DEBUG fr.inria.lille.repair.nopol.NoPol - Analysing SourceLocation com.google.inject.internal.LinkedProviderBindingImpl:93 which is executed by 209 tests
04:43:30.457 [pool-2-thread-1] DEBUG fr.inria.lille.repair.nopol.NoPol - cannot spoon SourceLocation com.google.inject.internal.LinkedProviderBindingImpl:93
04:43:30.457 [pool-2-thread-1] DEBUG fr.inria.lille.repair.nopol.NoPol - statement #5
04:43:30.457 [pool-2-thread-1] DEBUG fr.inria.lille.repair.nopol.NoPol - Analysing SourceLocation com.google.inject.internal.LinkedProviderBindingImpl:85 which is executed by 209 tests
04:43:30.457 [pool-2-thread-1] DEBUG fr.inria.lille.repair.nopol.NoPol - cannot spoon SourceLocation com.google.inject.internal.LinkedProviderBindingImpl:85
04:43:30.458 [pool-2-thread-1] DEBUG fr.inria.lille.repair.nopol.NoPol - statement #6
04:43:30.458 [pool-2-thread-1] DEBUG fr.inria.lille.repair.nopol.NoPol - Analysing SourceLocation com.google.inject.internal.LinkedProviderBindingImpl:71 which is executed by 209 tests
04:43:30.458 [pool-2-thread-1] DEBUG fr.inria.lille.repair.nopol.NoPol - cannot spoon SourceLocation com.google.inject.internal.LinkedProviderBindingImpl:71
04:43:30.458 [pool-2-thread-1] DEBUG fr.inria.lille.repair.nopol.NoPol - statement #7
04:43:30.458 [pool-2-thread-1] DEBUG fr.inria.lille.repair.nopol.NoPol - Analysing SourceLocation com.google.inject.internal.LinkedProviderBindingImpl:67 which is executed by 209 tests
04:43:30.459 [pool-2-thread-1] DEBUG fr.inria.lille.repair.nopol.NoPol - cannot spoon SourceLocation com.google.inject.internal.LinkedProviderBindingImpl:67
04:43:30.459 [pool-2-thread-1] DEBUG fr.inria.lille.repair.nopol.NoPol - statement #8
04:43:30.459 [pool-2-thread-1] DEBUG fr.inria.lille.repair.nopol.NoPol - Analysing SourceLocation com.google.inject.internal.InjectorImpl$ProviderBindingImpl:359 which is executed by 209 tests
04:43:30.459 [pool-2-thread-1] DEBUG fr.inria.lille.repair.nopol.NoPol - cannot spoon SourceLocation com.google.inject.internal.InjectorImpl$ProviderBindingImpl:359
04:43:30.459 [pool-2-thread-1] DEBUG fr.inria.lille.repair.nopol.NoPol - statement #9
04:43:30.460 [pool-2-thread-1] DEBUG fr.inria.lille.repair.nopol.NoPol - Analysing SourceLocation com.google.inject.internal.InjectorImpl$ProviderBindingImpl:358 which is executed by 209 tests
04:43:30.460 [pool-2-thread-1] DEBUG fr.inria.lille.repair.nopol.NoPol - cannot spoon SourceLocation com.google.inject.internal.InjectorImpl$ProviderBindingImpl:358
04:43:30.460 [pool-2-thread-1] DEBUG fr.inria.lille.repair.nopol.NoPol - statement #10
04:43:30.460 [pool-2-thread-1] DEBUG fr.inria.lille.repair.nopol.NoPol - Analysing SourceLocation org.apache.maven.execution.scope.internal.MojoExecutionScopeModule:54 which is executed by 209 tests
-958637872
04:43:31.488 [pool-2-thread-1] DEBUG fr.inria.lille.repair.nopol.NoPol - statement #11
04:43:31.489 [pool-2-thread-1] DEBUG fr.inria.lille.repair.nopol.NoPol - Analysing SourceLocation org.apache.maven.execution.scope.internal.MojoExecutionScopeModule:53 which is executed by 209 tests
-958637872
04:43:31.744 [pool-2-thread-1] DEBUG fr.inria.lille.repair.nopol.NoPol - looking with class fr.inria.lille.repair.nopol.spoon.smt.ConditionalAdder
SLF4J: Class path contains multiple SLF4J bindings.
SLF4J: Found binding in [file:/tmp/DynaMoth_Bug_dot_jar_Maven_691a03a7/maven-slf4j-provider/target/classes/org/slf4j/impl/StaticLoggerBinder.class]
SLF4J: Found binding in [jar:file:/home/tdurieux/.m2/repository/ch/qos/logback/logback-classic/1.2.1/logback-classic-1.2.1.jar!/org/slf4j/impl/StaticLoggerBinder.class]
SLF4J: Found binding in [jar:file:/home/tdurieux/.m2/repository/org/apache/maven/maven-slf4j-provider/3.5.3-SNAPSHOT/maven-slf4j-provider-3.5.3-SNAPSHOT.jar!/org/slf4j/impl/StaticLoggerBinder.class]
SLF4J: Found binding in [jar:file:/home/tdurieux/.m2/repository/org/slf4j/slf4j-simple/1.7.25/slf4j-simple-1.7.25.jar!/org/slf4j/impl/StaticLoggerBinder.class]
SLF4J: Found binding in [jar:file:/home/tdurieux/defects4j4repair/script/../repair_tools/nopol.jar!/org/slf4j/impl/StaticLoggerBinder.class]
SLF4J: See http://www.slf4j.org/codes.html#multiple_bindings for an explanation.
SLF4J: Actual binding is of type [org.slf4j.impl.MavenSimpleLoggerFactory]
java.io.IOException: Source directory doesn't exists (/tmp/DynaMoth_Bug_dot_jar_Maven_691a03a7/src/test/projects/default-maven/cyclic-reference).
    at org.codehaus.plexus.util.FileUtils.copyDirectoryStructure(FileUtils.java:2156)
    at org.codehaus.plexus.util.FileUtils.copyDirectoryStructureIfModified(FileUtils.java:2132)
    at org.apache.maven.AbstractCoreMavenComponentTestCase.getProject(AbstractCoreMavenComponentTestCase.java:87)
    at org.apache.maven.DefaultMavenTest.testThatErrorDuringProjectDependencyGraphCreationAreStored(DefaultMavenTest.java:32)
    at sun.reflect.NativeMethodAccessorImpl.invoke0(Native Method)
    at sun.reflect.NativeMethodAccessorImpl.invoke(NativeMethodAccessorImpl.java:62)
org/apache/maven/project/AbstractMavenProjectTestCase.xml
com.google.inject.CreationException: Unable to create injector, see the following errors:

1) Scope org.apache.maven.execution.scope.internal.MojoExecutionScope@7bc9fc54 is already bound to org.apache.maven.execution.scope.MojoExecutionScoped at /tmp/DynaMoth_Bug_dot_jar_Maven_691a03a7/maven-core/target/classes/ (via modules: org.eclipse.sisu.wire.WireModule -> org.eclipse.sisu.space.SpaceModule -> org.eclipse.sisu.space.SpaceModule$1 -> org.apache.maven.execution.scope.internal.MojoExecutionScopeCoreModule).
 Cannot bind org.apache.maven.execution.scope.internal.MojoExecutionScope@61d289bd.
  at file:/home/tdurieux/.m2/repository/org/apache/maven/maven-core/3.5.3-SNAPSHOT/maven-core-3.5.3-SNAPSHOT.jar!/ (via modules: org.eclipse.sisu.wire.WireModule -> org.eclipse.sisu.space.SpaceModule -> org.eclipse.sisu.space.SpaceModule$1 -> org.apache.maven.execution.scope.internal.MojoExecutionScopeCoreModule)

2) Scope org.apache.maven.session.scope.internal.SessionScope@50aebb41 is already bound to org.apache.maven.SessionScoped at /tmp/DynaMoth_Bug_dot_jar_Maven_691a03a7/maven-core/target/classes/ (via modules: org.eclipse.sisu.wire.WireModule -> org.eclipse.sisu.space.SpaceModule -> org.eclipse.sisu.space.SpaceModule$1 -> org.apache.maven.session.scope.internal.SessionScopeModule).
 Cannot bind org.apache.maven.session.scope.internal.SessionScope@5be163a8.
  at file:/home/tdurieux/.m2/repository/org/apache/maven/maven-core/3.5.3-SNAPSHOT/maven-core-3.5.3-SNAPSHOT.jar!/ (via modules: org.eclipse.sisu.wire.WireModule -> org.eclipse.sisu.space.SpaceModule -> org.eclipse.sisu.space.SpaceModule$1 -> org.apache.maven.session.scope.internal.SessionScopeModule)

2 errors
    at com.google.inject.internal.Errors.throwCreationExceptionIfErrorsExist(Errors.java:466)
    at com.google.inject.internal.InternalInjectorCreator.initializeStatically(InternalInjectorCreator.java:155)
    at com.google.inject.internal.InternalInjectorCreator.build(InternalInjectorCreator.java:107)
    at com.google.inject.Guice.createInjector(Guice.java:96)
    at com.google.inject.Guice.createInjector(Guice.java:73)
    at com.google.inject.Guice.createInjector(Guice.java:62)
java.io.FileNotFoundException: /tmp/DynaMoth_Bug_dot_jar_Maven_691a03a7/src/test/resources-settings/test-pom-and-settings-interpolation/settings.xml (No such file or directory)
    at java.io.FileInputStream.open0(Native Method)
    at java.io.FileInputStream.open(FileInputStream.java:195)
    at java.io.FileInputStream.<init>(FileInputStream.java:138)
    at org.codehaus.plexus.util.xml.XmlReader.<init>(XmlReader.java:131)
    at org.codehaus.plexus.util.xml.XmlStreamReader.<init>(XmlStreamReader.java:67)
    at org.codehaus.plexus.util.ReaderFactory.newXmlReader(ReaderFactory.java:123)
java.io.FileNotFoundException: /tmp/DynaMoth_Bug_dot_jar_Maven_691a03a7/src/test/resources-settings/repositories/settings.xml (No such file or directory)
    at java.io.FileInputStream.open0(Native Method)
    at java.io.FileInputStream.open(FileInputStream.java:195)
    at java.io.FileInputStream.<init>(FileInputStream.java:138)
    at org.codehaus.plexus.util.xml.XmlReader.<init>(XmlReader.java:131)
    at org.codehaus.plexus.util.xml.XmlStreamReader.<init>(XmlStreamReader.java:67)
    at org.codehaus.plexus.util.ReaderFactory.newXmlReader(ReaderFactory.java:123)
java.io.FileNotFoundException: /tmp/DynaMoth_Bug_dot_jar_Maven_691a03a7/src/test/resources-settings/settings-no-pom/settings.xml (No such file or directory)
    at java.io.FileInputStream.open0(Native Method)
    at java.io.FileInputStream.open(FileInputStream.java:195)
    at java.io.FileInputStream.<init>(FileInputStream.java:138)
    at org.codehaus.plexus.util.xml.XmlReader.<init>(XmlReader.java:131)
    at org.codehaus.plexus.util.xml.XmlStreamReader.<init>(XmlStreamReader.java:67)
    at org.codehaus.plexus.util.ReaderFactory.newXmlReader(ReaderFactory.java:123)
java.io.FileNotFoundException: /tmp/DynaMoth_Bug_dot_jar_Maven_691a03a7/src/test/resources-settings/test-pom-and-settings-interpolation/settings.xml (No such file or directory)
    at java.io.FileInputStream.open0(Native Method)
    at java.io.FileInputStream.open(FileInputStream.java:195)
    at java.io.FileInputStream.<init>(FileInputStream.java:138)
    at org.codehaus.plexus.util.xml.XmlReader.<init>(XmlReader.java:131)
    at org.codehaus.plexus.util.xml.XmlStreamReader.<init>(XmlStreamReader.java:67)
    at org.codehaus.plexus.util.ReaderFactory.newXmlReader(ReaderFactory.java:123)
java.io.FileNotFoundException: /tmp/DynaMoth_Bug_dot_jar_Maven_691a03a7/src/test/resources-settings/repositories/settings.xml (No such file or directory)
    at java.io.FileInputStream.open0(Native Method)
    at java.io.FileInputStream.open(FileInputStream.java:195)
    at java.io.FileInputStream.<init>(FileInputStream.java:138)
    at org.codehaus.plexus.util.xml.XmlReader.<init>(XmlReader.java:131)
    at org.codehaus.plexus.util.xml.XmlStreamReader.<init>(XmlStreamReader.java:67)
    at org.codehaus.plexus.util.ReaderFactory.newXmlReader(ReaderFactory.java:123)
java.io.FileNotFoundException: /tmp/DynaMoth_Bug_dot_jar_Maven_691a03a7/src/test/resources-settings/settings-no-pom/settings.xml (No such file or directory)
    at java.io.FileInputStream.open0(Native Method)
    at java.io.FileInputStream.open(FileInputStream.java:195)
    at java.io.FileInputStream.<init>(FileInputStream.java:138)
    at org.codehaus.plexus.util.xml.XmlReader.<init>(XmlReader.java:131)
    at org.codehaus.plexus.util.xml.XmlStreamReader.<init>(XmlStreamReader.java:67)
    at org.codehaus.plexus.util.ReaderFactory.newXmlReader(ReaderFactory.java:123)
java.io.FileNotFoundException: /tmp/DynaMoth_Bug_dot_jar_Maven_691a03a7/src/test/resources-settings/test-pom-and-settings-interpolation/settings.xml (No such file or directory)
    at java.io.FileInputStream.open0(Native Method)
    at java.io.FileInputStream.open(FileInputStream.java:195)
    at java.io.FileInputStream.<init>(FileInputStream.java:138)
    at org.codehaus.plexus.util.xml.XmlReader.<init>(XmlReader.java:131)
    at org.codehaus.plexus.util.xml.XmlStreamReader.<init>(XmlStreamReader.java:67)
    at org.codehaus.plexus.util.ReaderFactory.newXmlReader(ReaderFactory.java:123)
java.io.FileNotFoundException: /tmp/DynaMoth_Bug_dot_jar_Maven_691a03a7/src/test/resources-settings/repositories/settings.xml (No such file or directory)
    at java.io.FileInputStream.open0(Native Method)
    at java.io.FileInputStream.open(FileInputStream.java:195)
    at java.io.FileInputStream.<init>(FileInputStream.java:138)
    at org.codehaus.plexus.util.xml.XmlReader.<init>(XmlReader.java:131)
    at org.codehaus.plexus.util.xml.XmlStreamReader.<init>(XmlStreamReader.java:67)
    at org.codehaus.plexus.util.ReaderFactory.newXmlReader(ReaderFactory.java:123)
java.io.FileNotFoundException: /tmp/DynaMoth_Bug_dot_jar_Maven_691a03a7/src/test/resources-settings/settings-no-pom/settings.xml (No such file or directory)
    at java.io.FileInputStream.open0(Native Method)
    at java.io.FileInputStream.open(FileInputStream.java:195)
    at java.io.FileInputStream.<init>(FileInputStream.java:138)
    at org.codehaus.plexus.util.xml.XmlReader.<init>(XmlReader.java:131)
    at org.codehaus.plexus.util.xml.XmlStreamReader.<init>(XmlStreamReader.java:67)
    at org.codehaus.plexus.util.ReaderFactory.newXmlReader(ReaderFactory.java:123)
java.io.IOException: Source directory doesn't exists (/tmp/DynaMoth_Bug_dot_jar_Maven_691a03a7/src/test/projects/project-builder/it0063).
    at org.codehaus.plexus.util.FileUtils.copyDirectoryStructure(FileUtils.java:2156)
    at org.codehaus.plexus.util.FileUtils.copyDirectoryStructureIfModified(FileUtils.java:2132)
    at org.apache.maven.AbstractCoreMavenComponentTestCase.getProject(AbstractCoreMavenComponentTestCase.java:87)
    at org.apache.maven.project.ProjectBuilderTest.testSystemScopeDependencyIsPresentInTheCompileClasspathElements(ProjectBuilderTest.java:41)
    at sun.reflect.NativeMethodAccessorImpl.invoke0(Native Method)
    at sun.reflect.NativeMethodAccessorImpl.invoke(NativeMethodAccessorImpl.java:62)
org.apache.maven.project.ProjectBuildingException: 1 problem was encountered while building the effective model
[FATAL] Non-readable POM /tmp/DynaMoth_Bug_dot_jar_Maven_691a03a7/src/test/resources/projects/modelsource/module01/pom.xml: /tmp/DynaMoth_Bug_dot_jar_Maven_691a03a7/src/test/resources/projects/modelsource/module01/pom.xml (No such file or directory) @ 
 for project  at /tmp/DynaMoth_Bug_dot_jar_Maven_691a03a7/src/test/resources/projects/modelsource/module01/pom.xml
    at org.apache.maven.project.DefaultProjectBuilder.build(DefaultProjectBuilder.java:164)
    at org.apache.maven.project.DefaultProjectBuilder.build(DefaultProjectBuilder.java:115)
    at org.apache.maven.AbstractCoreMavenComponentTestCase.createMavenSession(AbstractCoreMavenComponentTestCase.java:145)
    at org.apache.maven.AbstractCoreMavenComponentTestCase.createMavenSession(AbstractCoreMavenComponentTestCase.java:127)
    at org.apache.maven.project.ProjectBuilderTest.testBuildFromModelSource(ProjectBuilderTest.java:59)
    at sun.reflect.NativeMethodAccessorImpl.invoke0(Native Method)
java.io.IOException: Source directory doesn't exists (/tmp/DynaMoth_Bug_dot_jar_Maven_691a03a7/src/test/projects/project-builder/it0063).
    at org.codehaus.plexus.util.FileUtils.copyDirectoryStructure(FileUtils.java:2156)
    at org.codehaus.plexus.util.FileUtils.copyDirectoryStructureIfModified(FileUtils.java:2132)
    at org.apache.maven.AbstractCoreMavenComponentTestCase.getProject(AbstractCoreMavenComponentTestCase.java:87)
    at org.apache.maven.project.ProjectBuilderTest.testSystemScopeDependencyIsPresentInTheCompileClasspathElements(ProjectBuilderTest.java:41)
    at sun.reflect.NativeMethodAccessorImpl.invoke0(Native Method)
    at sun.reflect.NativeMethodAccessorImpl.invoke(NativeMethodAccessorImpl.java:62)
org.apache.maven.project.ProjectBuildingException: 1 problem was encountered while building the effective model
[FATAL] Non-readable POM /tmp/DynaMoth_Bug_dot_jar_Maven_691a03a7/src/test/resources/projects/modelsource/module01/pom.xml: /tmp/DynaMoth_Bug_dot_jar_Maven_691a03a7/src/test/resources/projects/modelsource/module01/pom.xml (No such file or directory) @ 
 for project  at /tmp/DynaMoth_Bug_dot_jar_Maven_691a03a7/src/test/resources/projects/modelsource/module01/pom.xml
    at org.apache.maven.project.DefaultProjectBuilder.build(DefaultProjectBuilder.java:164)
    at org.apache.maven.project.DefaultProjectBuilder.build(DefaultProjectBuilder.java:115)
    at org.apache.maven.AbstractCoreMavenComponentTestCase.createMavenSession(AbstractCoreMavenComponentTestCase.java:145)
    at org.apache.maven.AbstractCoreMavenComponentTestCase.createMavenSession(AbstractCoreMavenComponentTestCase.java:127)
    at org.apache.maven.project.ProjectBuilderTest.testBuildFromModelSource(ProjectBuilderTest.java:59)
    at sun.reflect.NativeMethodAccessorImpl.invoke0(Native Method)
java.io.IOException: Source directory doesn't exists (/tmp/DynaMoth_Bug_dot_jar_Maven_691a03a7/src/test/projects/project-builder/it0063).
    at org.codehaus.plexus.util.FileUtils.copyDirectoryStructure(FileUtils.java:2156)
    at org.codehaus.plexus.util.FileUtils.copyDirectoryStructureIfModified(FileUtils.java:2132)
    at org.apache.maven.AbstractCoreMavenComponentTestCase.getProject(AbstractCoreMavenComponentTestCase.java:87)
    at org.apache.maven.project.ProjectBuilderTest.testSystemScopeDependencyIsPresentInTheCompileClasspathElements(ProjectBuilderTest.java:41)
    at sun.reflect.NativeMethodAccessorImpl.invoke0(Native Method)
    at sun.reflect.NativeMethodAccessorImpl.invoke(NativeMethodAccessorImpl.java:62)
org.apache.maven.project.ProjectBuildingException: 1 problem was encountered while building the effective model
[FATAL] Non-readable POM /tmp/DynaMoth_Bug_dot_jar_Maven_691a03a7/src/test/resources/projects/modelsource/module01/pom.xml: /tmp/DynaMoth_Bug_dot_jar_Maven_691a03a7/src/test/resources/projects/modelsource/module01/pom.xml (No such file or directory) @ 
 for project  at /tmp/DynaMoth_Bug_dot_jar_Maven_691a03a7/src/test/resources/projects/modelsource/module01/pom.xml
    at org.apache.maven.project.DefaultProjectBuilder.build(DefaultProjectBuilder.java:164)
    at org.apache.maven.project.DefaultProjectBuilder.build(DefaultProjectBuilder.java:115)
    at org.apache.maven.AbstractCoreMavenComponentTestCase.createMavenSession(AbstractCoreMavenComponentTestCase.java:145)
    at org.apache.maven.AbstractCoreMavenComponentTestCase.createMavenSession(AbstractCoreMavenComponentTestCase.java:127)
    at org.apache.maven.project.ProjectBuilderTest.testBuildFromModelSource(ProjectBuilderTest.java:59)
    at sun.reflect.NativeMethodAccessorImpl.invoke0(Native Method)
java.io.IOException: Source directory doesn't exists (/tmp/DynaMoth_Bug_dot_jar_Maven_691a03a7/src/test/projects/lifecycle-listener/lifecycle-participant-reactor-dependency-injection).
    at org.codehaus.plexus.util.FileUtils.copyDirectoryStructure(FileUtils.java:2156)
    at org.codehaus.plexus.util.FileUtils.copyDirectoryStructureIfModified(FileUtils.java:2132)
    at org.apache.maven.AbstractCoreMavenComponentTestCase.getProject(AbstractCoreMavenComponentTestCase.java:87)
    at org.apache.maven.MavenLifecycleParticipantTest.getReactorOrder(MavenLifecycleParticipantTest.java:159)
    at org.apache.maven.MavenLifecycleParticipantTest.testReactorDependencyInjection(MavenLifecycleParticipantTest.java:145)
    at sun.reflect.NativeMethodAccessorImpl.invoke0(Native Method)
java.io.IOException: Source directory doesn't exists (/tmp/DynaMoth_Bug_dot_jar_Maven_691a03a7/src/test/projects/lifecycle-listener/lifecycle-listener-dependency-injection).
    at org.codehaus.plexus.util.FileUtils.copyDirectoryStructure(FileUtils.java:2156)
    at org.codehaus.plexus.util.FileUtils.copyDirectoryStructureIfModified(FileUtils.java:2132)
    at org.apache.maven.AbstractCoreMavenComponentTestCase.getProject(AbstractCoreMavenComponentTestCase.java:87)
    at org.apache.maven.MavenLifecycleParticipantTest.testDependencyInjection(MavenLifecycleParticipantTest.java:124)
    at sun.reflect.NativeMethodAccessorImpl.invoke0(Native Method)
    at sun.reflect.NativeMethodAccessorImpl.invoke(NativeMethodAccessorImpl.java:62)
java.io.IOException: Source directory doesn't exists (/tmp/DynaMoth_Bug_dot_jar_Maven_691a03a7/src/test/projects/lifecycle-listener/lifecycle-participant-reactor-dependency-injection).
    at org.codehaus.plexus.util.FileUtils.copyDirectoryStructure(FileUtils.java:2156)
    at org.codehaus.plexus.util.FileUtils.copyDirectoryStructureIfModified(FileUtils.java:2132)
    at org.apache.maven.AbstractCoreMavenComponentTestCase.getProject(AbstractCoreMavenComponentTestCase.java:87)
    at org.apache.maven.MavenLifecycleParticipantTest.getReactorOrder(MavenLifecycleParticipantTest.java:159)
    at org.apache.maven.MavenLifecycleParticipantTest.testReactorDependencyInjection(MavenLifecycleParticipantTest.java:145)
    at sun.reflect.NativeMethodAccessorImpl.invoke0(Native Method)
java.io.IOException: Source directory doesn't exists (/tmp/DynaMoth_Bug_dot_jar_Maven_691a03a7/src/test/projects/lifecycle-listener/lifecycle-listener-dependency-injection).
    at org.codehaus.plexus.util.FileUtils.copyDirectoryStructure(FileUtils.java:2156)
    at org.codehaus.plexus.util.FileUtils.copyDirectoryStructureIfModified(FileUtils.java:2132)
    at org.apache.maven.AbstractCoreMavenComponentTestCase.getProject(AbstractCoreMavenComponentTestCase.java:87)
    at org.apache.maven.MavenLifecycleParticipantTest.testDependencyInjection(MavenLifecycleParticipantTest.java:124)
    at sun.reflect.NativeMethodAccessorImpl.invoke0(Native Method)
    at sun.reflect.NativeMethodAccessorImpl.invoke(NativeMethodAccessorImpl.java:62)
java.io.IOException: Source directory doesn't exists (/tmp/DynaMoth_Bug_dot_jar_Maven_691a03a7/src/test/projects/plugin-manager/project-contributing-system-scope-plugin-dep).
    at org.codehaus.plexus.util.FileUtils.copyDirectoryStructure(FileUtils.java:2156)
    at org.codehaus.plexus.util.FileUtils.copyDirectoryStructureIfModified(FileUtils.java:2132)
    at org.apache.maven.AbstractCoreMavenComponentTestCase.getProject(AbstractCoreMavenComponentTestCase.java:87)
    at org.apache.maven.plugin.PluginManagerTest.testPluginRealmCache(PluginManagerTest.java:287)
    at sun.reflect.NativeMethodAccessorImpl.invoke0(Native Method)
    at sun.reflect.NativeMethodAccessorImpl.invoke(NativeMethodAccessorImpl.java:62)
java.io.IOException: Source directory doesn't exists (/tmp/DynaMoth_Bug_dot_jar_Maven_691a03a7/src/test/projects/plugin-manager/project-contributing-system-scope-plugin-dep).
    at org.codehaus.plexus.util.FileUtils.copyDirectoryStructure(FileUtils.java:2156)
    at org.codehaus.plexus.util.FileUtils.copyDirectoryStructureIfModified(FileUtils.java:2132)
    at org.apache.maven.AbstractCoreMavenComponentTestCase.getProject(AbstractCoreMavenComponentTestCase.java:87)
    at org.apache.maven.plugin.PluginManagerTest.testThatPluginDependencyThatHasSystemScopeIsResolved(PluginManagerTest.java:239)
    at sun.reflect.NativeMethodAccessorImpl.invoke0(Native Method)
    at sun.reflect.NativeMethodAccessorImpl.invoke(NativeMethodAccessorImpl.java:62)
java.io.IOException: Source directory doesn't exists (/tmp/DynaMoth_Bug_dot_jar_Maven_691a03a7/src/test/projects/plugin-manager/project-with-build-extensions-plugin).
    at org.codehaus.plexus.util.FileUtils.copyDirectoryStructure(FileUtils.java:2156)
    at org.codehaus.plexus.util.FileUtils.copyDirectoryStructureIfModified(FileUtils.java:2132)
    at org.apache.maven.AbstractCoreMavenComponentTestCase.getProject(AbstractCoreMavenComponentTestCase.java:87)
    at org.apache.maven.plugin.PluginManagerTest.testBuildExtensionsPluginLoading(PluginManagerTest.java:331)
    at sun.reflect.NativeMethodAccessorImpl.invoke0(Native Method)
    at sun.reflect.NativeMethodAccessorImpl.invoke(NativeMethodAccessorImpl.java:62)
org.apache.maven.plugin.PluginResolutionException: Plugin org.apache.maven.its.plugins:maven-it-plugin:0.1 or one of its dependencies could not be resolved: Could not find artifact org.apache.maven.its.plugins:maven-it-plugin:jar:0.1 in central (file:///tmp/DynaMoth_Bug_dot_jar_Maven_691a03a7/src/test/remote-repo)
    at org.apache.maven.plugin.internal.DefaultPluginDependenciesResolver.resolve(DefaultPluginDependenciesResolver.java:128)
    at org.apache.maven.plugin.internal.DefaultMavenPluginManager.getPluginDescriptor(DefaultMavenPluginManager.java:182)
    at org.apache.maven.plugin.internal.DefaultMavenPluginManager.getMojoDescriptor(DefaultMavenPluginManager.java:286)
    at org.apache.maven.plugin.DefaultBuildPluginManager.getMojoDescriptor(DefaultBuildPluginManager.java:241)
    at org.apache.maven.plugin.PluginManagerTest.testMojoDescriptorRetrieval(PluginManagerTest.java:88)
    at sun.reflect.NativeMethodAccessorImpl.invoke0(Native Method)
org.apache.maven.plugin.PluginResolutionException: Plugin org.apache.maven.its.plugins:maven-it-plugin:0.1 or one of its dependencies could not be resolved: Could not find artifact org.apache.maven.its.plugins:maven-it-plugin:jar:0.1 in central (file:///tmp/DynaMoth_Bug_dot_jar_Maven_691a03a7/src/test/remote-repo)
    at org.apache.maven.plugin.internal.DefaultPluginDependenciesResolver.resolve(DefaultPluginDependenciesResolver.java:128)
    at org.apache.maven.plugin.internal.DefaultMavenPluginManager.getPluginDescriptor(DefaultMavenPluginManager.java:182)
    at org.apache.maven.plugin.DefaultBuildPluginManager.loadPlugin(DefaultBuildPluginManager.java:83)
    at org.apache.maven.plugin.PluginManagerTest.testPluginLoading(PluginManagerTest.java:72)
    at sun.reflect.NativeMethodAccessorImpl.invoke0(Native Method)
    at sun.reflect.NativeMethodAccessorImpl.invoke(NativeMethodAccessorImpl.java:62)
java.io.IOException: Source directory doesn't exists (/tmp/DynaMoth_Bug_dot_jar_Maven_691a03a7/src/test/projects/plugin-manager/project-contributing-system-scope-plugin-dep).
    at org.codehaus.plexus.util.FileUtils.copyDirectoryStructure(FileUtils.java:2156)
    at org.codehaus.plexus.util.FileUtils.copyDirectoryStructureIfModified(FileUtils.java:2132)
    at org.apache.maven.AbstractCoreMavenComponentTestCase.getProject(AbstractCoreMavenComponentTestCase.java:87)
    at org.apache.maven.plugin.PluginManagerTest.testPluginRealmCache(PluginManagerTest.java:287)
    at sun.reflect.NativeMethodAccessorImpl.invoke0(Native Method)
    at sun.reflect.NativeMethodAccessorImpl.invoke(NativeMethodAccessorImpl.java:62)
java.io.IOException: Source directory doesn't exists (/tmp/DynaMoth_Bug_dot_jar_Maven_691a03a7/src/test/projects/plugin-manager/project-contributing-system-scope-plugin-dep).
    at org.codehaus.plexus.util.FileUtils.copyDirectoryStructure(FileUtils.java:2156)
    at org.codehaus.plexus.util.FileUtils.copyDirectoryStructureIfModified(FileUtils.java:2132)
    at org.apache.maven.AbstractCoreMavenComponentTestCase.getProject(AbstractCoreMavenComponentTestCase.java:87)
    at org.apache.maven.plugin.PluginManagerTest.testThatPluginDependencyThatHasSystemScopeIsResolved(PluginManagerTest.java:239)
    at sun.reflect.NativeMethodAccessorImpl.invoke0(Native Method)
    at sun.reflect.NativeMethodAccessorImpl.invoke(NativeMethodAccessorImpl.java:62)
java.io.IOException: Source directory doesn't exists (/tmp/DynaMoth_Bug_dot_jar_Maven_691a03a7/src/test/projects/plugin-manager/project-with-build-extensions-plugin).
    at org.codehaus.plexus.util.FileUtils.copyDirectoryStructure(FileUtils.java:2156)
    at org.codehaus.plexus.util.FileUtils.copyDirectoryStructureIfModified(FileUtils.java:2132)
    at org.apache.maven.AbstractCoreMavenComponentTestCase.getProject(AbstractCoreMavenComponentTestCase.java:87)
    at org.apache.maven.plugin.PluginManagerTest.testBuildExtensionsPluginLoading(PluginManagerTest.java:331)
    at sun.reflect.NativeMethodAccessorImpl.invoke0(Native Method)
    at sun.reflect.NativeMethodAccessorImpl.invoke(NativeMethodAccessorImpl.java:62)
org.apache.maven.plugin.PluginResolutionException: Plugin org.apache.maven.its.plugins:maven-it-plugin:0.1 or one of its dependencies could not be resolved: Could not find artifact org.apache.maven.its.plugins:maven-it-plugin:jar:0.1 in central (file:///tmp/DynaMoth_Bug_dot_jar_Maven_691a03a7/src/test/remote-repo)
    at org.apache.maven.plugin.internal.DefaultPluginDependenciesResolver.resolve(DefaultPluginDependenciesResolver.java:128)
    at org.apache.maven.plugin.internal.DefaultMavenPluginManager.getPluginDescriptor(DefaultMavenPluginManager.java:182)
    at org.apache.maven.plugin.internal.DefaultMavenPluginManager.getMojoDescriptor(DefaultMavenPluginManager.java:286)
    at org.apache.maven.plugin.DefaultBuildPluginManager.getMojoDescriptor(DefaultBuildPluginManager.java:241)
    at org.apache.maven.plugin.PluginManagerTest.testMojoDescriptorRetrieval(PluginManagerTest.java:88)
    at sun.reflect.NativeMethodAccessorImpl.invoke0(Native Method)
org.apache.maven.plugin.PluginResolutionException: Plugin org.apache.maven.its.plugins:maven-it-plugin:0.1 or one of its dependencies could not be resolved: Could not find artifact org.apache.maven.its.plugins:maven-it-plugin:jar:0.1 in central (file:///tmp/DynaMoth_Bug_dot_jar_Maven_691a03a7/src/test/remote-repo)
    at org.apache.maven.plugin.internal.DefaultPluginDependenciesResolver.resolve(DefaultPluginDependenciesResolver.java:128)
    at org.apache.maven.plugin.internal.DefaultMavenPluginManager.getPluginDescriptor(DefaultMavenPluginManager.java:182)
    at org.apache.maven.plugin.DefaultBuildPluginManager.loadPlugin(DefaultBuildPluginManager.java:83)
    at org.apache.maven.plugin.PluginManagerTest.testPluginLoading(PluginManagerTest.java:72)
    at sun.reflect.NativeMethodAccessorImpl.invoke0(Native Method)
    at sun.reflect.NativeMethodAccessorImpl.invoke(NativeMethodAccessorImpl.java:62)
java.io.IOException: Source directory doesn't exists (/tmp/DynaMoth_Bug_dot_jar_Maven_691a03a7/src/test/projects/plugin-manager/project-contributing-system-scope-plugin-dep).
    at org.codehaus.plexus.util.FileUtils.copyDirectoryStructure(FileUtils.java:2156)
    at org.codehaus.plexus.util.FileUtils.copyDirectoryStructureIfModified(FileUtils.java:2132)
    at org.apache.maven.AbstractCoreMavenComponentTestCase.getProject(AbstractCoreMavenComponentTestCase.java:87)
    at org.apache.maven.plugin.PluginManagerTest.testPluginRealmCache(PluginManagerTest.java:287)
    at sun.reflect.NativeMethodAccessorImpl.invoke0(Native Method)
    at sun.reflect.NativeMethodAccessorImpl.invoke(NativeMethodAccessorImpl.java:62)
java.io.IOException: Source directory doesn't exists (/tmp/DynaMoth_Bug_dot_jar_Maven_691a03a7/src/test/projects/plugin-manager/project-contributing-system-scope-plugin-dep).
    at org.codehaus.plexus.util.FileUtils.copyDirectoryStructure(FileUtils.java:2156)
    at org.codehaus.plexus.util.FileUtils.copyDirectoryStructureIfModified(FileUtils.java:2132)
    at org.apache.maven.AbstractCoreMavenComponentTestCase.getProject(AbstractCoreMavenComponentTestCase.java:87)
    at org.apache.maven.plugin.PluginManagerTest.testThatPluginDependencyThatHasSystemScopeIsResolved(PluginManagerTest.java:239)
    at sun.reflect.NativeMethodAccessorImpl.invoke0(Native Method)
    at sun.reflect.NativeMethodAccessorImpl.invoke(NativeMethodAccessorImpl.java:62)
java.io.IOException: Source directory doesn't exists (/tmp/DynaMoth_Bug_dot_jar_Maven_691a03a7/src/test/projects/plugin-manager/project-with-build-extensions-plugin).
    at org.codehaus.plexus.util.FileUtils.copyDirectoryStructure(FileUtils.java:2156)
    at org.codehaus.plexus.util.FileUtils.copyDirectoryStructureIfModified(FileUtils.java:2132)
    at org.apache.maven.AbstractCoreMavenComponentTestCase.getProject(AbstractCoreMavenComponentTestCase.java:87)
    at org.apache.maven.plugin.PluginManagerTest.testBuildExtensionsPluginLoading(PluginManagerTest.java:331)
    at sun.reflect.NativeMethodAccessorImpl.invoke0(Native Method)
    at sun.reflect.NativeMethodAccessorImpl.invoke(NativeMethodAccessorImpl.java:62)
org.apache.maven.plugin.PluginResolutionException: Plugin org.apache.maven.its.plugins:maven-it-plugin:0.1 or one of its dependencies could not be resolved: Could not find artifact org.apache.maven.its.plugins:maven-it-plugin:jar:0.1 in central (file:///tmp/DynaMoth_Bug_dot_jar_Maven_691a03a7/src/test/remote-repo)
    at org.apache.maven.plugin.internal.DefaultPluginDependenciesResolver.resolve(DefaultPluginDependenciesResolver.java:128)
    at org.apache.maven.plugin.internal.DefaultMavenPluginManager.getPluginDescriptor(DefaultMavenPluginManager.java:182)
    at org.apache.maven.plugin.internal.DefaultMavenPluginManager.getMojoDescriptor(DefaultMavenPluginManager.java:286)
    at org.apache.maven.plugin.DefaultBuildPluginManager.getMojoDescriptor(DefaultBuildPluginManager.java:241)
    at org.apache.maven.plugin.PluginManagerTest.testMojoDescriptorRetrieval(PluginManagerTest.java:88)
    at sun.reflect.NativeMethodAccessorImpl.invoke0(Native Method)
org.apache.maven.plugin.PluginResolutionException: Plugin org.apache.maven.its.plugins:maven-it-plugin:0.1 or one of its dependencies could not be resolved: Could not find artifact org.apache.maven.its.plugins:maven-it-plugin:jar:0.1 in central (file:///tmp/DynaMoth_Bug_dot_jar_Maven_691a03a7/src/test/remote-repo)
    at org.apache.maven.plugin.internal.DefaultPluginDependenciesResolver.resolve(DefaultPluginDependenciesResolver.java:128)
    at org.apache.maven.plugin.internal.DefaultMavenPluginManager.getPluginDescriptor(DefaultMavenPluginManager.java:182)
    at org.apache.maven.plugin.DefaultBuildPluginManager.loadPlugin(DefaultBuildPluginManager.java:83)
    at org.apache.maven.plugin.PluginManagerTest.testPluginLoading(PluginManagerTest.java:72)
    at sun.reflect.NativeMethodAccessorImpl.invoke0(Native Method)
    at sun.reflect.NativeMethodAccessorImpl.invoke(NativeMethodAccessorImpl.java:62)
java.io.IOException: Source directory doesn't exists (/tmp/DynaMoth_Bug_dot_jar_Maven_691a03a7/src/test/projects/plugin-manager/project-contributing-system-scope-plugin-dep).
    at org.codehaus.plexus.util.FileUtils.copyDirectoryStructure(FileUtils.java:2156)
    at org.codehaus.plexus.util.FileUtils.copyDirectoryStructureIfModified(FileUtils.java:2132)
    at org.apache.maven.AbstractCoreMavenComponentTestCase.getProject(AbstractCoreMavenComponentTestCase.java:87)
    at org.apache.maven.plugin.PluginManagerTest.testPluginRealmCache(PluginManagerTest.java:287)
    at sun.reflect.NativeMethodAccessorImpl.invoke0(Native Method)
    at sun.reflect.NativeMethodAccessorImpl.invoke(NativeMethodAccessorImpl.java:62)
java.io.IOException: Source directory doesn't exists (/tmp/DynaMoth_Bug_dot_jar_Maven_691a03a7/src/test/projects/plugin-manager/project-contributing-system-scope-plugin-dep).
    at org.codehaus.plexus.util.FileUtils.copyDirectoryStructure(FileUtils.java:2156)
    at org.codehaus.plexus.util.FileUtils.copyDirectoryStructureIfModified(FileUtils.java:2132)
    at org.apache.maven.AbstractCoreMavenComponentTestCase.getProject(AbstractCoreMavenComponentTestCase.java:87)
    at org.apache.maven.plugin.PluginManagerTest.testThatPluginDependencyThatHasSystemScopeIsResolved(PluginManagerTest.java:239)
    at sun.reflect.NativeMethodAccessorImpl.invoke0(Native Method)
    at sun.reflect.NativeMethodAccessorImpl.invoke(NativeMethodAccessorImpl.java:62)
java.io.IOException: Source directory doesn't exists (/tmp/DynaMoth_Bug_dot_jar_Maven_691a03a7/src/test/projects/plugin-manager/project-with-build-extensions-plugin).
    at org.codehaus.plexus.util.FileUtils.copyDirectoryStructure(FileUtils.java:2156)
    at org.codehaus.plexus.util.FileUtils.copyDirectoryStructureIfModified(FileUtils.java:2132)
    at org.apache.maven.AbstractCoreMavenComponentTestCase.getProject(AbstractCoreMavenComponentTestCase.java:87)
    at org.apache.maven.plugin.PluginManagerTest.testBuildExtensionsPluginLoading(PluginManagerTest.java:331)
    at sun.reflect.NativeMethodAccessorImpl.invoke0(Native Method)
    at sun.reflect.NativeMethodAccessorImpl.invoke(NativeMethodAccessorImpl.java:62)
org.apache.maven.plugin.PluginResolutionException: Plugin org.apache.maven.its.plugins:maven-it-plugin:0.1 or one of its dependencies could not be resolved: Could not find artifact org.apache.maven.its.plugins:maven-it-plugin:jar:0.1 in central (file:///tmp/DynaMoth_Bug_dot_jar_Maven_691a03a7/src/test/remote-repo)
    at org.apache.maven.plugin.internal.DefaultPluginDependenciesResolver.resolve(DefaultPluginDependenciesResolver.java:128)
    at org.apache.maven.plugin.internal.DefaultMavenPluginManager.getPluginDescriptor(DefaultMavenPluginManager.java:182)
    at org.apache.maven.plugin.internal.DefaultMavenPluginManager.getMojoDescriptor(DefaultMavenPluginManager.java:286)
    at org.apache.maven.plugin.DefaultBuildPluginManager.getMojoDescriptor(DefaultBuildPluginManager.java:241)
    at org.apache.maven.plugin.PluginManagerTest.testMojoDescriptorRetrieval(PluginManagerTest.java:88)
    at sun.reflect.NativeMethodAccessorImpl.invoke0(Native Method)
org.apache.maven.plugin.PluginResolutionException: Plugin org.apache.maven.its.plugins:maven-it-plugin:0.1 or one of its dependencies could not be resolved: Could not find artifact org.apache.maven.its.plugins:maven-it-plugin:jar:0.1 in central (file:///tmp/DynaMoth_Bug_dot_jar_Maven_691a03a7/src/test/remote-repo)
    at org.apache.maven.plugin.internal.DefaultPluginDependenciesResolver.resolve(DefaultPluginDependenciesResolver.java:128)
    at org.apache.maven.plugin.internal.DefaultMavenPluginManager.getPluginDescriptor(DefaultMavenPluginManager.java:182)
    at org.apache.maven.plugin.DefaultBuildPluginManager.loadPlugin(DefaultBuildPluginManager.java:83)
    at org.apache.maven.plugin.PluginManagerTest.testPluginLoading(PluginManagerTest.java:72)
    at sun.reflect.NativeMethodAccessorImpl.invoke0(Native Method)
    at sun.reflect.NativeMethodAccessorImpl.invoke(NativeMethodAccessorImpl.java:62)
java.io.IOException: Source directory doesn't exists (/tmp/DynaMoth_Bug_dot_jar_Maven_691a03a7/src/test/projects/plugin-manager/project-contributing-system-scope-plugin-dep).
    at org.codehaus.plexus.util.FileUtils.copyDirectoryStructure(FileUtils.java:2156)
    at org.codehaus.plexus.util.FileUtils.copyDirectoryStructureIfModified(FileUtils.java:2132)
    at org.apache.maven.AbstractCoreMavenComponentTestCase.getProject(AbstractCoreMavenComponentTestCase.java:87)
    at org.apache.maven.plugin.PluginManagerTest.testPluginRealmCache(PluginManagerTest.java:287)
    at sun.reflect.NativeMethodAccessorImpl.invoke0(Native Method)
    at sun.reflect.NativeMethodAccessorImpl.invoke(NativeMethodAccessorImpl.java:62)
java.io.IOException: Source directory doesn't exists (/tmp/DynaMoth_Bug_dot_jar_Maven_691a03a7/src/test/projects/plugin-manager/project-contributing-system-scope-plugin-dep).
    at org.codehaus.plexus.util.FileUtils.copyDirectoryStructure(FileUtils.java:2156)
    at org.codehaus.plexus.util.FileUtils.copyDirectoryStructureIfModified(FileUtils.java:2132)
    at org.apache.maven.AbstractCoreMavenComponentTestCase.getProject(AbstractCoreMavenComponentTestCase.java:87)
    at org.apache.maven.plugin.PluginManagerTest.testThatPluginDependencyThatHasSystemScopeIsResolved(PluginManagerTest.java:239)
    at sun.reflect.NativeMethodAccessorImpl.invoke0(Native Method)
    at sun.reflect.NativeMethodAccessorImpl.invoke(NativeMethodAccessorImpl.java:62)
java.io.IOException: Source directory doesn't exists (/tmp/DynaMoth_Bug_dot_jar_Maven_691a03a7/src/test/projects/plugin-manager/project-with-build-extensions-plugin).
    at org.codehaus.plexus.util.FileUtils.copyDirectoryStructure(FileUtils.java:2156)
    at org.codehaus.plexus.util.FileUtils.copyDirectoryStructureIfModified(FileUtils.java:2132)
    at org.apache.maven.AbstractCoreMavenComponentTestCase.getProject(AbstractCoreMavenComponentTestCase.java:87)
    at org.apache.maven.plugin.PluginManagerTest.testBuildExtensionsPluginLoading(PluginManagerTest.java:331)
    at sun.reflect.NativeMethodAccessorImpl.invoke0(Native Method)
    at sun.reflect.NativeMethodAccessorImpl.invoke(NativeMethodAccessorImpl.java:62)
org.apache.maven.plugin.PluginResolutionException: Plugin org.apache.maven.its.plugins:maven-it-plugin:0.1 or one of its dependencies could not be resolved: Could not find artifact org.apache.maven.its.plugins:maven-it-plugin:jar:0.1 in central (file:///tmp/DynaMoth_Bug_dot_jar_Maven_691a03a7/src/test/remote-repo)
    at org.apache.maven.plugin.internal.DefaultPluginDependenciesResolver.resolve(DefaultPluginDependenciesResolver.java:128)
    at org.apache.maven.plugin.internal.DefaultMavenPluginManager.getPluginDescriptor(DefaultMavenPluginManager.java:182)
    at org.apache.maven.plugin.internal.DefaultMavenPluginManager.getMojoDescriptor(DefaultMavenPluginManager.java:286)
    at org.apache.maven.plugin.DefaultBuildPluginManager.getMojoDescriptor(DefaultBuildPluginManager.java:241)
    at org.apache.maven.plugin.PluginManagerTest.testMojoDescriptorRetrieval(PluginManagerTest.java:88)
    at sun.reflect.NativeMethodAccessorImpl.invoke0(Native Method)
org.apache.maven.plugin.PluginResolutionException: Plugin org.apache.maven.its.plugins:maven-it-plugin:0.1 or one of its dependencies could not be resolved: Could not find artifact org.apache.maven.its.plugins:maven-it-plugin:jar:0.1 in central (file:///tmp/DynaMoth_Bug_dot_jar_Maven_691a03a7/src/test/remote-repo)
    at org.apache.maven.plugin.internal.DefaultPluginDependenciesResolver.resolve(DefaultPluginDependenciesResolver.java:128)
    at org.apache.maven.plugin.internal.DefaultMavenPluginManager.getPluginDescriptor(DefaultMavenPluginManager.java:182)
    at org.apache.maven.plugin.DefaultBuildPluginManager.loadPlugin(DefaultBuildPluginManager.java:83)
    at org.apache.maven.plugin.PluginManagerTest.testPluginLoading(PluginManagerTest.java:72)
    at sun.reflect.NativeMethodAccessorImpl.invoke0(Native Method)
    at sun.reflect.NativeMethodAccessorImpl.invoke(NativeMethodAccessorImpl.java:62)
java.io.IOException: Source directory doesn't exists (/tmp/DynaMoth_Bug_dot_jar_Maven_691a03a7/src/test/projects/plugin-manager/project-contributing-system-scope-plugin-dep).
    at org.codehaus.plexus.util.FileUtils.copyDirectoryStructure(FileUtils.java:2156)
    at org.codehaus.plexus.util.FileUtils.copyDirectoryStructureIfModified(FileUtils.java:2132)
    at org.apache.maven.AbstractCoreMavenComponentTestCase.getProject(AbstractCoreMavenComponentTestCase.java:87)
    at org.apache.maven.plugin.PluginManagerTest.testPluginRealmCache(PluginManagerTest.java:287)
    at sun.reflect.NativeMethodAccessorImpl.invoke0(Native Method)
    at sun.reflect.NativeMethodAccessorImpl.invoke(NativeMethodAccessorImpl.java:62)
java.io.IOException: Source directory doesn't exists (/tmp/DynaMoth_Bug_dot_jar_Maven_691a03a7/src/test/projects/plugin-manager/project-contributing-system-scope-plugin-dep).
    at org.codehaus.plexus.util.FileUtils.copyDirectoryStructure(FileUtils.java:2156)
    at org.codehaus.plexus.util.FileUtils.copyDirectoryStructureIfModified(FileUtils.java:2132)
    at org.apache.maven.AbstractCoreMavenComponentTestCase.getProject(AbstractCoreMavenComponentTestCase.java:87)
    at org.apache.maven.plugin.PluginManagerTest.testThatPluginDependencyThatHasSystemScopeIsResolved(PluginManagerTest.java:239)
    at sun.reflect.NativeMethodAccessorImpl.invoke0(Native Method)
    at sun.reflect.NativeMethodAccessorImpl.invoke(NativeMethodAccessorImpl.java:62)
java.io.IOException: Source directory doesn't exists (/tmp/DynaMoth_Bug_dot_jar_Maven_691a03a7/src/test/projects/plugin-manager/project-with-build-extensions-plugin).
    at org.codehaus.plexus.util.FileUtils.copyDirectoryStructure(FileUtils.java:2156)
    at org.codehaus.plexus.util.FileUtils.copyDirectoryStructureIfModified(FileUtils.java:2132)
    at org.apache.maven.AbstractCoreMavenComponentTestCase.getProject(AbstractCoreMavenComponentTestCase.java:87)
    at org.apache.maven.plugin.PluginManagerTest.testBuildExtensionsPluginLoading(PluginManagerTest.java:331)
    at sun.reflect.NativeMethodAccessorImpl.invoke0(Native Method)
    at sun.reflect.NativeMethodAccessorImpl.invoke(NativeMethodAccessorImpl.java:62)
org.apache.maven.plugin.PluginResolutionException: Plugin org.apache.maven.its.plugins:maven-it-plugin:0.1 or one of its dependencies could not be resolved: Could not find artifact org.apache.maven.its.plugins:maven-it-plugin:jar:0.1 in central (file:///tmp/DynaMoth_Bug_dot_jar_Maven_691a03a7/src/test/remote-repo)
    at org.apache.maven.plugin.internal.DefaultPluginDependenciesResolver.resolve(DefaultPluginDependenciesResolver.java:128)
    at org.apache.maven.plugin.internal.DefaultMavenPluginManager.getPluginDescriptor(DefaultMavenPluginManager.java:182)
    at org.apache.maven.plugin.internal.DefaultMavenPluginManager.getMojoDescriptor(DefaultMavenPluginManager.java:286)
    at org.apache.maven.plugin.DefaultBuildPluginManager.getMojoDescriptor(DefaultBuildPluginManager.java:241)
    at org.apache.maven.plugin.PluginManagerTest.testMojoDescriptorRetrieval(PluginManagerTest.java:88)
    at sun.reflect.NativeMethodAccessorImpl.invoke0(Native Method)
org.apache.maven.plugin.PluginResolutionException: Plugin org.apache.maven.its.plugins:maven-it-plugin:0.1 or one of its dependencies could not be resolved: Could not find artifact org.apache.maven.its.plugins:maven-it-plugin:jar:0.1 in central (file:///tmp/DynaMoth_Bug_dot_jar_Maven_691a03a7/src/test/remote-repo)
    at org.apache.maven.plugin.internal.DefaultPluginDependenciesResolver.resolve(DefaultPluginDependenciesResolver.java:128)
    at org.apache.maven.plugin.internal.DefaultMavenPluginManager.getPluginDescriptor(DefaultMavenPluginManager.java:182)
    at org.apache.maven.plugin.DefaultBuildPluginManager.loadPlugin(DefaultBuildPluginManager.java:83)
    at org.apache.maven.plugin.PluginManagerTest.testPluginLoading(PluginManagerTest.java:72)
    at sun.reflect.NativeMethodAccessorImpl.invoke0(Native Method)
    at sun.reflect.NativeMethodAccessorImpl.invoke(NativeMethodAccessorImpl.java:62)
java.io.IOException: Source directory doesn't exists (/tmp/DynaMoth_Bug_dot_jar_Maven_691a03a7/src/test/projects/plugin-manager/project-contributing-system-scope-plugin-dep).
    at org.codehaus.plexus.util.FileUtils.copyDirectoryStructure(FileUtils.java:2156)
    at org.codehaus.plexus.util.FileUtils.copyDirectoryStructureIfModified(FileUtils.java:2132)
    at org.apache.maven.AbstractCoreMavenComponentTestCase.getProject(AbstractCoreMavenComponentTestCase.java:87)
    at org.apache.maven.plugin.PluginManagerTest.testPluginRealmCache(PluginManagerTest.java:287)
    at sun.reflect.NativeMethodAccessorImpl.invoke0(Native Method)
    at sun.reflect.NativeMethodAccessorImpl.invoke(NativeMethodAccessorImpl.java:62)
java.io.IOException: Source directory doesn't exists (/tmp/DynaMoth_Bug_dot_jar_Maven_691a03a7/src/test/projects/plugin-manager/project-contributing-system-scope-plugin-dep).
    at org.codehaus.plexus.util.FileUtils.copyDirectoryStructure(FileUtils.java:2156)
    at org.codehaus.plexus.util.FileUtils.copyDirectoryStructureIfModified(FileUtils.java:2132)
    at org.apache.maven.AbstractCoreMavenComponentTestCase.getProject(AbstractCoreMavenComponentTestCase.java:87)
    at org.apache.maven.plugin.PluginManagerTest.testThatPluginDependencyThatHasSystemScopeIsResolved(PluginManagerTest.java:239)
    at sun.reflect.NativeMethodAccessorImpl.invoke0(Native Method)
    at sun.reflect.NativeMethodAccessorImpl.invoke(NativeMethodAccessorImpl.java:62)
java.io.IOException: Source directory doesn't exists (/tmp/DynaMoth_Bug_dot_jar_Maven_691a03a7/src/test/projects/plugin-manager/project-with-build-extensions-plugin).
    at org.codehaus.plexus.util.FileUtils.copyDirectoryStructure(FileUtils.java:2156)
    at org.codehaus.plexus.util.FileUtils.copyDirectoryStructureIfModified(FileUtils.java:2132)
    at org.apache.maven.AbstractCoreMavenComponentTestCase.getProject(AbstractCoreMavenComponentTestCase.java:87)
    at org.apache.maven.plugin.PluginManagerTest.testBuildExtensionsPluginLoading(PluginManagerTest.java:331)
    at sun.reflect.NativeMethodAccessorImpl.invoke0(Native Method)
    at sun.reflect.NativeMethodAccessorImpl.invoke(NativeMethodAccessorImpl.java:62)
org.apache.maven.plugin.PluginResolutionException: Plugin org.apache.maven.its.plugins:maven-it-plugin:0.1 or one of its dependencies could not be resolved: Could not find artifact org.apache.maven.its.plugins:maven-it-plugin:jar:0.1 in central (file:///tmp/DynaMoth_Bug_dot_jar_Maven_691a03a7/src/test/remote-repo)
    at org.apache.maven.plugin.internal.DefaultPluginDependenciesResolver.resolve(DefaultPluginDependenciesResolver.java:128)
    at org.apache.maven.plugin.internal.DefaultMavenPluginManager.getPluginDescriptor(DefaultMavenPluginManager.java:182)
    at org.apache.maven.plugin.internal.DefaultMavenPluginManager.getMojoDescriptor(DefaultMavenPluginManager.java:286)
    at org.apache.maven.plugin.DefaultBuildPluginManager.getMojoDescriptor(DefaultBuildPluginManager.java:241)
    at org.apache.maven.plugin.PluginManagerTest.testMojoDescriptorRetrieval(PluginManagerTest.java:88)
    at sun.reflect.NativeMethodAccessorImpl.invoke0(Native Method)
org.apache.maven.plugin.PluginResolutionException: Plugin org.apache.maven.its.plugins:maven-it-plugin:0.1 or one of its dependencies could not be resolved: Could not find artifact org.apache.maven.its.plugins:maven-it-plugin:jar:0.1 in central (file:///tmp/DynaMoth_Bug_dot_jar_Maven_691a03a7/src/test/remote-repo)
    at org.apache.maven.plugin.internal.DefaultPluginDependenciesResolver.resolve(DefaultPluginDependenciesResolver.java:128)
    at org.apache.maven.plugin.internal.DefaultMavenPluginManager.getPluginDescriptor(DefaultMavenPluginManager.java:182)
    at org.apache.maven.plugin.DefaultBuildPluginManager.loadPlugin(DefaultBuildPluginManager.java:83)
    at org.apache.maven.plugin.PluginManagerTest.testPluginLoading(PluginManagerTest.java:72)
    at sun.reflect.NativeMethodAccessorImpl.invoke0(Native Method)
    at sun.reflect.NativeMethodAccessorImpl.invoke(NativeMethodAccessorImpl.java:62)
java.io.IOException: Source directory doesn't exists (/tmp/DynaMoth_Bug_dot_jar_Maven_691a03a7/src/test/projects/plugin-manager/project-contributing-system-scope-plugin-dep).
    at org.codehaus.plexus.util.FileUtils.copyDirectoryStructure(FileUtils.java:2156)
    at org.codehaus.plexus.util.FileUtils.copyDirectoryStructureIfModified(FileUtils.java:2132)
    at org.apache.maven.AbstractCoreMavenComponentTestCase.getProject(AbstractCoreMavenComponentTestCase.java:87)
    at org.apache.maven.plugin.PluginManagerTest.testPluginRealmCache(PluginManagerTest.java:287)
    at sun.reflect.NativeMethodAccessorImpl.invoke0(Native Method)
    at sun.reflect.NativeMethodAccessorImpl.invoke(NativeMethodAccessorImpl.java:62)
java.io.IOException: Source directory doesn't exists (/tmp/DynaMoth_Bug_dot_jar_Maven_691a03a7/src/test/projects/plugin-manager/project-contributing-system-scope-plugin-dep).
    at org.codehaus.plexus.util.FileUtils.copyDirectoryStructure(FileUtils.java:2156)
    at org.codehaus.plexus.util.FileUtils.copyDirectoryStructureIfModified(FileUtils.java:2132)
    at org.apache.maven.AbstractCoreMavenComponentTestCase.getProject(AbstractCoreMavenComponentTestCase.java:87)
    at org.apache.maven.plugin.PluginManagerTest.testThatPluginDependencyThatHasSystemScopeIsResolved(PluginManagerTest.java:239)
    at sun.reflect.NativeMethodAccessorImpl.invoke0(Native Method)
    at sun.reflect.NativeMethodAccessorImpl.invoke(NativeMethodAccessorImpl.java:62)
java.io.IOException: Source directory doesn't exists (/tmp/DynaMoth_Bug_dot_jar_Maven_691a03a7/src/test/projects/plugin-manager/project-with-build-extensions-plugin).
    at org.codehaus.plexus.util.FileUtils.copyDirectoryStructure(FileUtils.java:2156)
    at org.codehaus.plexus.util.FileUtils.copyDirectoryStructureIfModified(FileUtils.java:2132)
    at org.apache.maven.AbstractCoreMavenComponentTestCase.getProject(AbstractCoreMavenComponentTestCase.java:87)
    at org.apache.maven.plugin.PluginManagerTest.testBuildExtensionsPluginLoading(PluginManagerTest.java:331)
    at sun.reflect.NativeMethodAccessorImpl.invoke0(Native Method)
    at sun.reflect.NativeMethodAccessorImpl.invoke(NativeMethodAccessorImpl.java:62)
org.apache.maven.plugin.PluginResolutionException: Plugin org.apache.maven.its.plugins:maven-it-plugin:0.1 or one of its dependencies could not be resolved: Could not find artifact org.apache.maven.its.plugins:maven-it-plugin:jar:0.1 in central (file:///tmp/DynaMoth_Bug_dot_jar_Maven_691a03a7/src/test/remote-repo)
    at org.apache.maven.plugin.internal.DefaultPluginDependenciesResolver.resolve(DefaultPluginDependenciesResolver.java:128)
    at org.apache.maven.plugin.internal.DefaultMavenPluginManager.getPluginDescriptor(DefaultMavenPluginManager.java:182)
    at org.apache.maven.plugin.internal.DefaultMavenPluginManager.getMojoDescriptor(DefaultMavenPluginManager.java:286)
    at org.apache.maven.plugin.DefaultBuildPluginManager.getMojoDescriptor(DefaultBuildPluginManager.java:241)
    at org.apache.maven.plugin.PluginManagerTest.testMojoDescriptorRetrieval(PluginManagerTest.java:88)
    at sun.reflect.NativeMethodAccessorImpl.invoke0(Native Method)
org.apache.maven.plugin.PluginResolutionException: Plugin org.apache.maven.its.plugins:maven-it-plugin:0.1 or one of its dependencies could not be resolved: Could not find artifact org.apache.maven.its.plugins:maven-it-plugin:jar:0.1 in central (file:///tmp/DynaMoth_Bug_dot_jar_Maven_691a03a7/src/test/remote-repo)
    at org.apache.maven.plugin.internal.DefaultPluginDependenciesResolver.resolve(DefaultPluginDependenciesResolver.java:128)
    at org.apache.maven.plugin.internal.DefaultMavenPluginManager.getPluginDescriptor(DefaultMavenPluginManager.java:182)
    at org.apache.maven.plugin.DefaultBuildPluginManager.loadPlugin(DefaultBuildPluginManager.java:83)
    at org.apache.maven.plugin.PluginManagerTest.testPluginLoading(PluginManagerTest.java:72)
    at sun.reflect.NativeMethodAccessorImpl.invoke0(Native Method)
    at sun.reflect.NativeMethodAccessorImpl.invoke(NativeMethodAccessorImpl.java:62)
java.io.IOException: Source directory doesn't exists (/tmp/DynaMoth_Bug_dot_jar_Maven_691a03a7/src/test/projects/plugin-manager/project-contributing-system-scope-plugin-dep).
    at org.codehaus.plexus.util.FileUtils.copyDirectoryStructure(FileUtils.java:2156)
    at org.codehaus.plexus.util.FileUtils.copyDirectoryStructureIfModified(FileUtils.java:2132)
    at org.apache.maven.AbstractCoreMavenComponentTestCase.getProject(AbstractCoreMavenComponentTestCase.java:87)
    at org.apache.maven.plugin.PluginManagerTest.testPluginRealmCache(PluginManagerTest.java:287)
    at sun.reflect.NativeMethodAccessorImpl.invoke0(Native Method)
    at sun.reflect.NativeMethodAccessorImpl.invoke(NativeMethodAccessorImpl.java:62)
java.io.IOException: Source directory doesn't exists (/tmp/DynaMoth_Bug_dot_jar_Maven_691a03a7/src/test/projects/plugin-manager/project-contributing-system-scope-plugin-dep).
    at org.codehaus.plexus.util.FileUtils.copyDirectoryStructure(FileUtils.java:2156)
    at org.codehaus.plexus.util.FileUtils.copyDirectoryStructureIfModified(FileUtils.java:2132)
    at org.apache.maven.AbstractCoreMavenComponentTestCase.getProject(AbstractCoreMavenComponentTestCase.java:87)
    at org.apache.maven.plugin.PluginManagerTest.testThatPluginDependencyThatHasSystemScopeIsResolved(PluginManagerTest.java:239)
    at sun.reflect.NativeMethodAccessorImpl.invoke0(Native Method)
    at sun.reflect.NativeMethodAccessorImpl.invoke(NativeMethodAccessorImpl.java:62)
java.io.IOException: Source directory doesn't exists (/tmp/DynaMoth_Bug_dot_jar_Maven_691a03a7/src/test/projects/plugin-manager/project-with-build-extensions-plugin).
    at org.codehaus.plexus.util.FileUtils.copyDirectoryStructure(FileUtils.java:2156)
    at org.codehaus.plexus.util.FileUtils.copyDirectoryStructureIfModified(FileUtils.java:2132)
    at org.apache.maven.AbstractCoreMavenComponentTestCase.getProject(AbstractCoreMavenComponentTestCase.java:87)
    at org.apache.maven.plugin.PluginManagerTest.testBuildExtensionsPluginLoading(PluginManagerTest.java:331)
    at sun.reflect.NativeMethodAccessorImpl.invoke0(Native Method)
    at sun.reflect.NativeMethodAccessorImpl.invoke(NativeMethodAccessorImpl.java:62)
org.apache.maven.plugin.PluginResolutionException: Plugin org.apache.maven.its.plugins:maven-it-plugin:0.1 or one of its dependencies could not be resolved: Could not find artifact org.apache.maven.its.plugins:maven-it-plugin:jar:0.1 in central (file:///tmp/DynaMoth_Bug_dot_jar_Maven_691a03a7/src/test/remote-repo)
    at org.apache.maven.plugin.internal.DefaultPluginDependenciesResolver.resolve(DefaultPluginDependenciesResolver.java:128)
    at org.apache.maven.plugin.internal.DefaultMavenPluginManager.getPluginDescriptor(DefaultMavenPluginManager.java:182)
    at org.apache.maven.plugin.internal.DefaultMavenPluginManager.getMojoDescriptor(DefaultMavenPluginManager.java:286)
    at org.apache.maven.plugin.DefaultBuildPluginManager.getMojoDescriptor(DefaultBuildPluginManager.java:241)
    at org.apache.maven.plugin.PluginManagerTest.testMojoDescriptorRetrieval(PluginManagerTest.java:88)
    at sun.reflect.NativeMethodAccessorImpl.invoke0(Native Method)
org.apache.maven.plugin.PluginResolutionException: Plugin org.apache.maven.its.plugins:maven-it-plugin:0.1 or one of its dependencies could not be resolved: Could not find artifact org.apache.maven.its.plugins:maven-it-plugin:jar:0.1 in central (file:///tmp/DynaMoth_Bug_dot_jar_Maven_691a03a7/src/test/remote-repo)
    at org.apache.maven.plugin.internal.DefaultPluginDependenciesResolver.resolve(DefaultPluginDependenciesResolver.java:128)
    at org.apache.maven.plugin.internal.DefaultMavenPluginManager.getPluginDescriptor(DefaultMavenPluginManager.java:182)
    at org.apache.maven.plugin.DefaultBuildPluginManager.loadPlugin(DefaultBuildPluginManager.java:83)
    at org.apache.maven.plugin.PluginManagerTest.testPluginLoading(PluginManagerTest.java:72)
    at sun.reflect.NativeMethodAccessorImpl.invoke0(Native Method)
    at sun.reflect.NativeMethodAccessorImpl.invoke(NativeMethodAccessorImpl.java:62)
java.io.IOException: Source directory doesn't exists (/tmp/DynaMoth_Bug_dot_jar_Maven_691a03a7/src/test/projects/plugin-manager/project-contributing-system-scope-plugin-dep).
    at org.codehaus.plexus.util.FileUtils.copyDirectoryStructure(FileUtils.java:2156)
    at org.codehaus.plexus.util.FileUtils.copyDirectoryStructureIfModified(FileUtils.java:2132)
    at org.apache.maven.AbstractCoreMavenComponentTestCase.getProject(AbstractCoreMavenComponentTestCase.java:87)
    at org.apache.maven.plugin.PluginManagerTest.testPluginRealmCache(PluginManagerTest.java:287)
    at sun.reflect.NativeMethodAccessorImpl.invoke0(Native Method)
    at sun.reflect.NativeMethodAccessorImpl.invoke(NativeMethodAccessorImpl.java:62)
java.io.IOException: Source directory doesn't exists (/tmp/DynaMoth_Bug_dot_jar_Maven_691a03a7/src/test/projects/plugin-manager/project-contributing-system-scope-plugin-dep).
    at org.codehaus.plexus.util.FileUtils.copyDirectoryStructure(FileUtils.java:2156)
    at org.codehaus.plexus.util.FileUtils.copyDirectoryStructureIfModified(FileUtils.java:2132)
    at org.apache.maven.AbstractCoreMavenComponentTestCase.getProject(AbstractCoreMavenComponentTestCase.java:87)
    at org.apache.maven.plugin.PluginManagerTest.testThatPluginDependencyThatHasSystemScopeIsResolved(PluginManagerTest.java:239)
    at sun.reflect.NativeMethodAccessorImpl.invoke0(Native Method)
    at sun.reflect.NativeMethodAccessorImpl.invoke(NativeMethodAccessorImpl.java:62)
java.io.IOException: Source directory doesn't exists (/tmp/DynaMoth_Bug_dot_jar_Maven_691a03a7/src/test/projects/plugin-manager/project-with-build-extensions-plugin).
    at org.codehaus.plexus.util.FileUtils.copyDirectoryStructure(FileUtils.java:2156)
    at org.codehaus.plexus.util.FileUtils.copyDirectoryStructureIfModified(FileUtils.java:2132)
    at org.apache.maven.AbstractCoreMavenComponentTestCase.getProject(AbstractCoreMavenComponentTestCase.java:87)
    at org.apache.maven.plugin.PluginManagerTest.testBuildExtensionsPluginLoading(PluginManagerTest.java:331)
    at sun.reflect.NativeMethodAccessorImpl.invoke0(Native Method)
    at sun.reflect.NativeMethodAccessorImpl.invoke(NativeMethodAccessorImpl.java:62)
org.apache.maven.plugin.PluginResolutionException: Plugin org.apache.maven.its.plugins:maven-it-plugin:0.1 or one of its dependencies could not be resolved: Could not find artifact org.apache.maven.its.plugins:maven-it-plugin:jar:0.1 in central (file:///tmp/DynaMoth_Bug_dot_jar_Maven_691a03a7/src/test/remote-repo)
    at org.apache.maven.plugin.internal.DefaultPluginDependenciesResolver.resolve(DefaultPluginDependenciesResolver.java:128)
    at org.apache.maven.plugin.internal.DefaultMavenPluginManager.getPluginDescriptor(DefaultMavenPluginManager.java:182)
    at org.apache.maven.plugin.internal.DefaultMavenPluginManager.getMojoDescriptor(DefaultMavenPluginManager.java:286)
    at org.apache.maven.plugin.DefaultBuildPluginManager.getMojoDescriptor(DefaultBuildPluginManager.java:241)
    at org.apache.maven.plugin.PluginManagerTest.testMojoDescriptorRetrieval(PluginManagerTest.java:88)
    at sun.reflect.NativeMethodAccessorImpl.invoke0(Native Method)
org.apache.maven.plugin.PluginResolutionException: Plugin org.apache.maven.its.plugins:maven-it-plugin:0.1 or one of its dependencies could not be resolved: Could not find artifact org.apache.maven.its.plugins:maven-it-plugin:jar:0.1 in central (file:///tmp/DynaMoth_Bug_dot_jar_Maven_691a03a7/src/test/remote-repo)
    at org.apache.maven.plugin.internal.DefaultPluginDependenciesResolver.resolve(DefaultPluginDependenciesResolver.java:128)
    at org.apache.maven.plugin.internal.DefaultMavenPluginManager.getPluginDescriptor(DefaultMavenPluginManager.java:182)
    at org.apache.maven.plugin.DefaultBuildPluginManager.loadPlugin(DefaultBuildPluginManager.java:83)
    at org.apache.maven.plugin.PluginManagerTest.testPluginLoading(PluginManagerTest.java:72)
    at sun.reflect.NativeMethodAccessorImpl.invoke0(Native Method)
    at sun.reflect.NativeMethodAccessorImpl.invoke(NativeMethodAccessorImpl.java:62)
java.io.IOException: Source directory doesn't exists (/tmp/DynaMoth_Bug_dot_jar_Maven_691a03a7/src/test/projects/plugin-manager/project-contributing-system-scope-plugin-dep).
    at org.codehaus.plexus.util.FileUtils.copyDirectoryStructure(FileUtils.java:2156)
    at org.codehaus.plexus.util.FileUtils.copyDirectoryStructureIfModified(FileUtils.java:2132)
    at org.apache.maven.AbstractCoreMavenComponentTestCase.getProject(AbstractCoreMavenComponentTestCase.java:87)
    at org.apache.maven.plugin.PluginManagerTest.testPluginRealmCache(PluginManagerTest.java:287)
    at sun.reflect.NativeMethodAccessorImpl.invoke0(Native Method)
    at sun.reflect.NativeMethodAccessorImpl.invoke(NativeMethodAccessorImpl.java:62)
java.io.IOException: Source directory doesn't exists (/tmp/DynaMoth_Bug_dot_jar_Maven_691a03a7/src/test/projects/plugin-manager/project-contributing-system-scope-plugin-dep).
    at org.codehaus.plexus.util.FileUtils.copyDirectoryStructure(FileUtils.java:2156)
    at org.codehaus.plexus.util.FileUtils.copyDirectoryStructureIfModified(FileUtils.java:2132)
    at org.apache.maven.AbstractCoreMavenComponentTestCase.getProject(AbstractCoreMavenComponentTestCase.java:87)
    at org.apache.maven.plugin.PluginManagerTest.testThatPluginDependencyThatHasSystemScopeIsResolved(PluginManagerTest.java:239)
    at sun.reflect.NativeMethodAccessorImpl.invoke0(Native Method)
    at sun.reflect.NativeMethodAccessorImpl.invoke(NativeMethodAccessorImpl.java:62)
java.io.IOException: Source directory doesn't exists (/tmp/DynaMoth_Bug_dot_jar_Maven_691a03a7/src/test/projects/plugin-manager/project-with-build-extensions-plugin).
    at org.codehaus.plexus.util.FileUtils.copyDirectoryStructure(FileUtils.java:2156)
    at org.codehaus.plexus.util.FileUtils.copyDirectoryStructureIfModified(FileUtils.java:2132)
    at org.apache.maven.AbstractCoreMavenComponentTestCase.getProject(AbstractCoreMavenComponentTestCase.java:87)
    at org.apache.maven.plugin.PluginManagerTest.testBuildExtensionsPluginLoading(PluginManagerTest.java:331)
    at sun.reflect.NativeMethodAccessorImpl.invoke0(Native Method)
    at sun.reflect.NativeMethodAccessorImpl.invoke(NativeMethodAccessorImpl.java:62)
org.apache.maven.plugin.PluginResolutionException: Plugin org.apache.maven.its.plugins:maven-it-plugin:0.1 or one of its dependencies could not be resolved: Could not find artifact org.apache.maven.its.plugins:maven-it-plugin:jar:0.1 in central (file:///tmp/DynaMoth_Bug_dot_jar_Maven_691a03a7/src/test/remote-repo)
    at org.apache.maven.plugin.internal.DefaultPluginDependenciesResolver.resolve(DefaultPluginDependenciesResolver.java:128)
    at org.apache.maven.plugin.internal.DefaultMavenPluginManager.getPluginDescriptor(DefaultMavenPluginManager.java:182)
    at org.apache.maven.plugin.internal.DefaultMavenPluginManager.getMojoDescriptor(DefaultMavenPluginManager.java:286)
    at org.apache.maven.plugin.DefaultBuildPluginManager.getMojoDescriptor(DefaultBuildPluginManager.java:241)
    at org.apache.maven.plugin.PluginManagerTest.testMojoDescriptorRetrieval(PluginManagerTest.java:88)
    at sun.reflect.NativeMethodAccessorImpl.invoke0(Native Method)
org.apache.maven.plugin.PluginResolutionException: Plugin org.apache.maven.its.plugins:maven-it-plugin:0.1 or one of its dependencies could not be resolved: Could not find artifact org.apache.maven.its.plugins:maven-it-plugin:jar:0.1 in central (file:///tmp/DynaMoth_Bug_dot_jar_Maven_691a03a7/src/test/remote-repo)
    at org.apache.maven.plugin.internal.DefaultPluginDependenciesResolver.resolve(DefaultPluginDependenciesResolver.java:128)
    at org.apache.maven.plugin.internal.DefaultMavenPluginManager.getPluginDescriptor(DefaultMavenPluginManager.java:182)
    at org.apache.maven.plugin.DefaultBuildPluginManager.loadPlugin(DefaultBuildPluginManager.java:83)
    at org.apache.maven.plugin.PluginManagerTest.testPluginLoading(PluginManagerTest.java:72)
    at sun.reflect.NativeMethodAccessorImpl.invoke0(Native Method)
    at sun.reflect.NativeMethodAccessorImpl.invoke(NativeMethodAccessorImpl.java:62)
java.io.IOException: Source directory doesn't exists (/tmp/DynaMoth_Bug_dot_jar_Maven_691a03a7/src/test/projects/plugin-manager/project-contributing-system-scope-plugin-dep).
    at org.codehaus.plexus.util.FileUtils.copyDirectoryStructure(FileUtils.java:2156)
    at org.codehaus.plexus.util.FileUtils.copyDirectoryStructureIfModified(FileUtils.java:2132)
    at org.apache.maven.AbstractCoreMavenComponentTestCase.getProject(AbstractCoreMavenComponentTestCase.java:87)
    at org.apache.maven.plugin.PluginManagerTest.testPluginRealmCache(PluginManagerTest.java:287)
    at sun.reflect.NativeMethodAccessorImpl.invoke0(Native Method)
    at sun.reflect.NativeMethodAccessorImpl.invoke(NativeMethodAccessorImpl.java:62)
java.io.IOException: Source directory doesn't exists (/tmp/DynaMoth_Bug_dot_jar_Maven_691a03a7/src/test/projects/plugin-manager/project-contributing-system-scope-plugin-dep).
    at org.codehaus.plexus.util.FileUtils.copyDirectoryStructure(FileUtils.java:2156)
    at org.codehaus.plexus.util.FileUtils.copyDirectoryStructureIfModified(FileUtils.java:2132)
    at org.apache.maven.AbstractCoreMavenComponentTestCase.getProject(AbstractCoreMavenComponentTestCase.java:87)
    at org.apache.maven.plugin.PluginManagerTest.testThatPluginDependencyThatHasSystemScopeIsResolved(PluginManagerTest.java:239)
    at sun.reflect.NativeMethodAccessorImpl.invoke0(Native Method)
    at sun.reflect.NativeMethodAccessorImpl.invoke(NativeMethodAccessorImpl.java:62)
java.io.IOException: Source directory doesn't exists (/tmp/DynaMoth_Bug_dot_jar_Maven_691a03a7/src/test/projects/plugin-manager/project-with-build-extensions-plugin).
    at org.codehaus.plexus.util.FileUtils.copyDirectoryStructure(FileUtils.java:2156)
    at org.codehaus.plexus.util.FileUtils.copyDirectoryStructureIfModified(FileUtils.java:2132)
    at org.apache.maven.AbstractCoreMavenComponentTestCase.getProject(AbstractCoreMavenComponentTestCase.java:87)
    at org.apache.maven.plugin.PluginManagerTest.testBuildExtensionsPluginLoading(PluginManagerTest.java:331)
    at sun.reflect.NativeMethodAccessorImpl.invoke0(Native Method)
    at sun.reflect.NativeMethodAccessorImpl.invoke(NativeMethodAccessorImpl.java:62)
org.apache.maven.plugin.PluginResolutionException: Plugin org.apache.maven.its.plugins:maven-it-plugin:0.1 or one of its dependencies could not be resolved: Could not find artifact org.apache.maven.its.plugins:maven-it-plugin:jar:0.1 in central (file:///tmp/DynaMoth_Bug_dot_jar_Maven_691a03a7/src/test/remote-repo)
    at org.apache.maven.plugin.internal.DefaultPluginDependenciesResolver.resolve(DefaultPluginDependenciesResolver.java:128)
    at org.apache.maven.plugin.internal.DefaultMavenPluginManager.getPluginDescriptor(DefaultMavenPluginManager.java:182)
    at org.apache.maven.plugin.internal.DefaultMavenPluginManager.getMojoDescriptor(DefaultMavenPluginManager.java:286)
    at org.apache.maven.plugin.DefaultBuildPluginManager.getMojoDescriptor(DefaultBuildPluginManager.java:241)
    at org.apache.maven.plugin.PluginManagerTest.testMojoDescriptorRetrieval(PluginManagerTest.java:88)
    at sun.reflect.NativeMethodAccessorImpl.invoke0(Native Method)
org.apache.maven.plugin.PluginResolutionException: Plugin org.apache.maven.its.plugins:maven-it-plugin:0.1 or one of its dependencies could not be resolved: Could not find artifact org.apache.maven.its.plugins:maven-it-plugin:jar:0.1 in central (file:///tmp/DynaMoth_Bug_dot_jar_Maven_691a03a7/src/test/remote-repo)
    at org.apache.maven.plugin.internal.DefaultPluginDependenciesResolver.resolve(DefaultPluginDependenciesResolver.java:128)
    at org.apache.maven.plugin.internal.DefaultMavenPluginManager.getPluginDescriptor(DefaultMavenPluginManager.java:182)
    at org.apache.maven.plugin.DefaultBuildPluginManager.loadPlugin(DefaultBuildPluginManager.java:83)
    at org.apache.maven.plugin.PluginManagerTest.testPluginLoading(PluginManagerTest.java:72)
    at sun.reflect.NativeMethodAccessorImpl.invoke0(Native Method)
    at sun.reflect.NativeMethodAccessorImpl.invoke(NativeMethodAccessorImpl.java:62)
org/apache/maven/project/AbstractMavenProjectTestCase.xml
org/apache/maven/project/AbstractMavenProjectTestCase.xml
org/apache/maven/project/AbstractMavenProjectTestCase.xml
org/apache/maven/project/AbstractMavenProjectTestCase.xml
org/apache/maven/project/AbstractMavenProjectTestCase.xml
org/apache/maven/project/AbstractMavenProjectTestCase.xml
org/apache/maven/project/AbstractMavenProjectTestCase.xml
org/apache/maven/project/AbstractMavenProjectTestCase.xml
org/apache/maven/project/AbstractMavenProjectTestCase.xml
org/apache/maven/project/AbstractMavenProjectTestCase.xml
org/apache/maven/project/AbstractMavenProjectTestCase.xml
org/apache/maven/project/AbstractMavenProjectTestCase.xml
org/apache/maven/project/AbstractMavenProjectTestCase.xml
org/apache/maven/project/AbstractMavenProjectTestCase.xml
org/apache/maven/project/AbstractMavenProjectTestCase.xml
org/apache/maven/project/AbstractMavenProjectTestCase.xml
org/apache/maven/project/AbstractMavenProjectTestCase.xml
org/apache/maven/project/AbstractMavenProjectTestCase.xml
org/apache/maven/project/AbstractMavenProjectTestCase.xml
org/apache/maven/project/AbstractMavenProjectTestCase.xml
org/apache/maven/project/AbstractMavenProjectTestCase.xml
org/apache/maven/project/AbstractMavenProjectTestCase.xml
org/apache/maven/project/AbstractMavenProjectTestCase.xml
org/apache/maven/project/AbstractMavenProjectTestCase.xml
org/apache/maven/project/AbstractMavenProjectTestCase.xml
org/apache/maven/project/AbstractMavenProjectTestCase.xml
org/apache/maven/project/AbstractMavenProjectTestCase.xml
org/apache/maven/project/AbstractMavenProjectTestCase.xml
org/apache/maven/project/AbstractMavenProjectTestCase.xml
org/apache/maven/project/AbstractMavenProjectTestCase.xml
org/apache/maven/project/AbstractMavenProjectTestCase.xml
org/apache/maven/project/AbstractMavenProjectTestCase.xml
org/apache/maven/project/AbstractMavenProjectTestCase.xml
org/apache/maven/project/AbstractMavenProjectTestCase.xml
org/apache/maven/project/AbstractMavenProjectTestCase.xml
org/apache/maven/project/AbstractMavenProjectTestCase.xml
org/apache/maven/project/AbstractMavenProjectTestCase.xml
org/apache/maven/project/AbstractMavenProjectTestCase.xml
org/apache/maven/project/AbstractMavenProjectTestCase.xml
org/apache/maven/project/AbstractMavenProjectTestCase.xml
org/apache/maven/project/AbstractMavenProjectTestCase.xml
org/apache/maven/project/AbstractMavenProjectTestCase.xml
org/apache/maven/project/AbstractMavenProjectTestCase.xml
org/apache/maven/project/AbstractMavenProjectTestCase.xml
org/apache/maven/project/AbstractMavenProjectTestCase.xml
org/apache/maven/project/AbstractMavenProjectTestCase.xml
org/apache/maven/project/AbstractMavenProjectTestCase.xml
org/apache/maven/project/AbstractMavenProjectTestCase.xml
org/apache/maven/project/AbstractMavenProjectTestCase.xml
org/apache/maven/project/AbstractMavenProjectTestCase.xml
org/apache/maven/project/AbstractMavenProjectTestCase.xml
org/apache/maven/project/AbstractMavenProjectTestCase.xml
org/apache/maven/project/AbstractMavenProjectTestCase.xml
org/apache/maven/project/AbstractMavenProjectTestCase.xml
org/apache/maven/project/AbstractMavenProjectTestCase.xml
org/apache/maven/project/AbstractMavenProjectTestCase.xml
org/apache/maven/project/AbstractMavenProjectTestCase.xml
org/apache/maven/project/AbstractMavenProjectTestCase.xml
org/apache/maven/project/AbstractMavenProjectTestCase.xml
org/apache/maven/project/AbstractMavenProjectTestCase.xml
org/apache/maven/project/AbstractMavenProjectTestCase.xml
org/apache/maven/project/AbstractMavenProjectTestCase.xml
org/apache/maven/project/AbstractMavenProjectTestCase.xml
org/apache/maven/project/AbstractMavenProjectTestCase.xml
org/apache/maven/project/AbstractMavenProjectTestCase.xml
org/apache/maven/project/AbstractMavenProjectTestCase.xml
org/apache/maven/project/AbstractMavenProjectTestCase.xml
org/apache/maven/project/AbstractMavenProjectTestCase.xml
org/apache/maven/project/AbstractMavenProjectTestCase.xml
org/apache/maven/project/AbstractMavenProjectTestCase.xml
org/apache/maven/project/AbstractMavenProjectTestCase.xml
org/apache/maven/project/AbstractMavenProjectTestCase.xml
org/apache/maven/project/AbstractMavenProjectTestCase.xml
org/apache/maven/project/AbstractMavenProjectTestCase.xml
org/apache/maven/project/AbstractMavenProjectTestCase.xml
org/apache/maven/project/AbstractMavenProjectTestCase.xml
org/apache/maven/project/AbstractMavenProjectTestCase.xml
org/apache/maven/project/AbstractMavenProjectTestCase.xml
org/apache/maven/project/AbstractMavenProjectTestCase.xml
org/apache/maven/project/AbstractMavenProjectTestCase.xml
org/apache/maven/project/AbstractMavenProjectTestCase.xml
[pool-4-thread-1] [1;33mWARNING[m Sisu - Problem reading: jar:file:/home/tdurieux/.m2/repository/org/apache/maven/maven-resolver-provider/3.5.3-SNAPSHOT/maven-resolver-provider-3.5.3-SNAPSHOT.jar!/META-INF/sisu/javax.inject.Named
[1;31mjava.util.zip.ZipException[m: [1;31mtoo many length or distance symbols[m
    [1mat[m java.util.zip.InflaterInputStream.read ([1mInflaterInputStream.java:164[m)
    [1mat[m java.io.FilterInputStream.read ([1mFilterInputStream.java:133[m)
    [1mat[m sun.nio.cs.StreamDecoder.readBytes ([1mStreamDecoder.java:284[m)
    [1mat[m sun.nio.cs.StreamDecoder.implRead ([1mStreamDecoder.java:326[m)
    [1mat[m sun.nio.cs.StreamDecoder.read ([1mStreamDecoder.java:178[m)
    [1mat[m java.io.InputStreamReader.read ([1mInputStreamReader.java:184[m)
    [1mat[m java.io.BufferedReader.fill ([1mBufferedReader.java:161[m)
    [1mat[m java.io.BufferedReader.readLine ([1mBufferedReader.java:324[m)
    [1mat[m java.io.BufferedReader.readLine ([1mBufferedReader.java:389[m)
    [1mat[m org.eclipse.sisu.space.IndexedClassFinder.indexedNames ([1mIndexedClassFinder.java:94[m)
    [1mat[m org.eclipse.sisu.space.IndexedClassFinder.findClasses ([1mIndexedClassFinder.java:118[m)
    [1mat[m org.eclipse.sisu.space.SpaceScanner.accept ([1mSpaceScanner.java:72[m)
    [1mat[m org.eclipse.sisu.space.SpaceModule.scanForElements ([1mSpaceModule.java:168[m)
    [1mat[m org.eclipse.sisu.space.SpaceModule.configure ([1mSpaceModule.java:129[m)
    [1mat[m org.eclipse.sisu.plexus.PlexusAnnotatedBeanModule.configure ([1mPlexusAnnotatedBeanModule.java:102[m)
    [1mat[m org.eclipse.sisu.plexus.PlexusBindingModule.configure ([1mPlexusBindingModule.java:63[m)
    [1mat[m com.google.inject.spi.Elements$RecordingBinder.install ([1mElements.java:340[m)
    [1mat[m com.google.inject.spi.Elements.getElements ([1mElements.java:110[m)
    [1mat[m com.google.inject.spi.Elements.getElements ([1mElements.java:101[m)
    [1mat[m org.eclipse.sisu.wire.WireModule.configure ([1mWireModule.java:75[m)
    [1mat[m com.google.inject.spi.Elements$RecordingBinder.install ([1mElements.java:340[m)
    [1mat[m com.google.inject.spi.Elements.getElements ([1mElements.java:110[m)
    [1mat[m com.google.inject.internal.InjectorShell$Builder.build ([1mInjectorShell.java:138[m)
    [1mat[m com.google.inject.internal.InternalInjectorCreator.build ([1mInternalInjectorCreator.java:104[m)
    [1mat[m com.google.inject.Guice.createInjector ([1mGuice.java:96[m)
    [1mat[m com.google.inject.Guice.createInjector ([1mGuice.java:73[m)
    [1mat[m com.google.inject.Guice.createInjector ([1mGuice.java:62[m)
    [1mat[m org.codehaus.plexus.DefaultPlexusContainer.addPlexusInjector ([1mDefaultPlexusContainer.java:481[m)
    [1mat[m org.codehaus.plexus.DefaultPlexusContainer.<init> ([1mDefaultPlexusContainer.java:206[m)
    [1mat[m org.codehaus.plexus.DefaultPlexusContainer.<init> ([1mDefaultPlexusContainer.java:168[m)
    [1mat[m org.codehaus.plexus.PlexusTestCase.setupContainer ([1mPlexusTestCase.java:149[m)
    [1mat[m org.codehaus.plexus.PlexusTestCase.getContainer ([1mPlexusTestCase.java:138[m)
    [1mat[m org.codehaus.plexus.PlexusTestCase.lookup ([1mPlexusTestCase.java:211[m)
    [1mat[m org.apache.maven.AbstractCoreMavenComponentTestCase.setUp ([1mAbstractCoreMavenComponentTestCase.java:67[m)
    [1mat[m org.apache.maven.plugin.PluginParameterExpressionEvaluatorTest.setUp ([1mPluginParameterExpressionEvaluatorTest.java:63[m)
    [1mat[m junit.framework.TestCase.runBare ([1mTestCase.java:139[m)
    [1mat[m junit.framework.TestResult$1.protect ([1mTestResult.java:122[m)
    [1mat[m junit.framework.TestResult.runProtected ([1mTestResult.java:142[m)
    [1mat[m junit.framework.TestResult.run ([1mTestResult.java:125[m)
    [1mat[m junit.framework.TestCase.run ([1mTestCase.java:129[m)
    [1mat[m junit.framework.TestSuite.runTest ([1mTestSuite.java:255[m)
    [1mat[m junit.framework.TestSuite.run ([1mTestSuite.java:250[m)
    [1mat[m org.junit.internal.runners.JUnit38ClassRunner.run ([1mJUnit38ClassRunner.java:84[m)
    [1mat[m org.junit.runners.Suite.runChild ([1mSuite.java:127[m)
    [1mat[m org.junit.runners.Suite.runChild ([1mSuite.java:26[m)
    [1mat[m org.junit.runners.ParentRunner$3.run ([1mParentRunner.java:238[m)
    [1mat[m org.junit.runners.ParentRunner$1.schedule ([1mParentRunner.java:63[m)
    [1mat[m org.junit.runners.ParentRunner.runChildren ([1mParentRunner.java:236[m)
    [1mat[m org.junit.runners.ParentRunner.access$000 ([1mParentRunner.java:53[m)
    [1mat[m org.junit.runners.ParentRunner$2.evaluate ([1mParentRunner.java:229[m)
    [1mat[m org.junit.runners.ParentRunner.run ([1mParentRunner.java:309[m)
    [1mat[m org.junit.runner.JUnitCore.run ([1mJUnitCore.java:160[m)
    [1mat[m org.junit.runner.JUnitCore.run ([1mJUnitCore.java:138[m)
    [1mat[m org.junit.runner.JUnitCore.run ([1mJUnitCore.java:117[m)
    [1mat[m xxl.java.junit.JUnitRunner.call ([1mJUnitRunner.java:31[m)
    [1mat[m xxl.java.junit.JUnitRunner.call ([1mJUnitRunner.java:17[m)
    [1mat[m java.util.concurrent.FutureTask.run ([1mFutureTask.java:266[m)
    [1mat[m java.util.concurrent.ThreadPoolExecutor.runWorker ([1mThreadPoolExecutor.java:1149[m)
    [1mat[m java.util.concurrent.ThreadPoolExecutor$Worker.run ([1mThreadPoolExecutor.java:624[m)
    [1mat[m java.lang.Thread.run ([1mThread.java:748[m)
Result: {group:artifact=group:artifact:jar:1:compile}
[pool-4-thread-1] [1;33mWARNING[m Sisu - Problem reading: jar:file:/home/tdurieux/.m2/repository/org/apache/maven/maven-resolver-provider/3.5.3-SNAPSHOT/maven-resolver-provider-3.5.3-SNAPSHOT.jar!/META-INF/sisu/javax.inject.Named
[1;31mjava.util.zip.ZipException[m: [1;31mtoo many length or distance symbols[m
    [1mat[m java.util.zip.InflaterInputStream.read ([1mInflaterInputStream.java:164[m)
    [1mat[m java.io.FilterInputStream.read ([1mFilterInputStream.java:133[m)
    [1mat[m sun.nio.cs.StreamDecoder.readBytes ([1mStreamDecoder.java:284[m)
    [1mat[m sun.nio.cs.StreamDecoder.implRead ([1mStreamDecoder.java:326[m)
    [1mat[m sun.nio.cs.StreamDecoder.read ([1mStreamDecoder.java:178[m)
    [1mat[m java.io.InputStreamReader.read ([1mInputStreamReader.java:184[m)
    [1mat[m java.io.BufferedReader.fill ([1mBufferedReader.java:161[m)
    [1mat[m java.io.BufferedReader.readLine ([1mBufferedReader.java:324[m)
    [1mat[m java.io.BufferedReader.readLine ([1mBufferedReader.java:389[m)
    [1mat[m org.eclipse.sisu.space.IndexedClassFinder.indexedNames ([1mIndexedClassFinder.java:94[m)
    [1mat[m org.eclipse.sisu.space.IndexedClassFinder.findClasses ([1mIndexedClassFinder.java:118[m)
    [1mat[m org.eclipse.sisu.space.SpaceScanner.accept ([1mSpaceScanner.java:72[m)
    [1mat[m org.eclipse.sisu.space.SpaceModule.scanForElements ([1mSpaceModule.java:168[m)
    [1mat[m org.eclipse.sisu.space.SpaceModule.configure ([1mSpaceModule.java:129[m)
    [1mat[m org.eclipse.sisu.plexus.PlexusAnnotatedBeanModule.configure ([1mPlexusAnnotatedBeanModule.java:102[m)
    [1mat[m org.eclipse.sisu.plexus.PlexusBindingModule.configure ([1mPlexusBindingModule.java:63[m)
    [1mat[m com.google.inject.spi.Elements$RecordingBinder.install ([1mElements.java:340[m)
    [1mat[m com.google.inject.spi.Elements.getElements ([1mElements.java:110[m)
    [1mat[m com.google.inject.spi.Elements.getElements ([1mElements.java:101[m)
    [1mat[m org.eclipse.sisu.wire.WireModule.configure ([1mWireModule.java:75[m)
    [1mat[m com.google.inject.spi.Elements$RecordingBinder.install ([1mElements.java:340[m)
    [1mat[m com.google.inject.spi.Elements.getElements ([1mElements.java:110[m)
    [1mat[m com.google.inject.internal.InjectorShell$Builder.build ([1mInjectorShell.java:138[m)
    [1mat[m com.google.inject.internal.InternalInjectorCreator.build ([1mInternalInjectorCreator.java:104[m)
    [1mat[m com.google.inject.Guice.createInjector ([1mGuice.java:96[m)
    [1mat[m com.google.inject.Guice.createInjector ([1mGuice.java:73[m)
    [1mat[m com.google.inject.Guice.createInjector ([1mGuice.java:62[m)
    [1mat[m org.codehaus.plexus.DefaultPlexusContainer.addPlexusInjector ([1mDefaultPlexusContainer.java:481[m)
    [1mat[m org.codehaus.plexus.DefaultPlexusContainer.<init> ([1mDefaultPlexusContainer.java:206[m)
    [1mat[m org.codehaus.plexus.DefaultPlexusContainer.<init> ([1mDefaultPlexusContainer.java:168[m)
    [1mat[m org.codehaus.plexus.PlexusTestCase.setupContainer ([1mPlexusTestCase.java:149[m)
    [1mat[m org.codehaus.plexus.PlexusTestCase.getContainer ([1mPlexusTestCase.java:138[m)
    [1mat[m org.codehaus.plexus.PlexusTestCase.lookup ([1mPlexusTestCase.java:211[m)
    [1mat[m org.apache.maven.AbstractCoreMavenComponentTestCase.setUp ([1mAbstractCoreMavenComponentTestCase.java:67[m)
    [1mat[m org.apache.maven.plugin.PluginParameterExpressionEvaluatorTest.setUp ([1mPluginParameterExpressionEvaluatorTest.java:63[m)
    [1mat[m junit.framework.TestCase.runBare ([1mTestCase.java:139[m)
    [1mat[m junit.framework.TestResult$1.protect ([1mTestResult.java:122[m)
    [1mat[m junit.framework.TestResult.runProtected ([1mTestResult.java:142[m)
    [1mat[m junit.framework.TestResult.run ([1mTestResult.java:125[m)
    [1mat[m junit.framework.TestCase.run ([1mTestCase.java:129[m)
    [1mat[m junit.framework.TestSuite.runTest ([1mTestSuite.java:255[m)
    [1mat[m junit.framework.TestSuite.run ([1mTestSuite.java:250[m)
    [1mat[m org.junit.internal.runners.JUnit38ClassRunner.run ([1mJUnit38ClassRunner.java:84[m)
    [1mat[m org.junit.runners.Suite.runChild ([1mSuite.java:127[m)
    [1mat[m org.junit.runners.Suite.runChild ([1mSuite.java:26[m)
    [1mat[m org.junit.runners.ParentRunner$3.run ([1mParentRunner.java:238[m)
    [1mat[m org.junit.runners.ParentRunner$1.schedule ([1mParentRunner.java:63[m)
    [1mat[m org.junit.runners.ParentRunner.runChildren ([1mParentRunner.java:236[m)
    [1mat[m org.junit.runners.ParentRunner.access$000 ([1mParentRunner.java:53[m)
    [1mat[m org.junit.runners.ParentRunner$2.evaluate ([1mParentRunner.java:229[m)
    [1mat[m org.junit.runners.ParentRunner.run ([1mParentRunner.java:309[m)
    [1mat[m org.junit.runner.JUnitCore.run ([1mJUnitCore.java:160[m)
    [1mat[m org.junit.runner.JUnitCore.run ([1mJUnitCore.java:138[m)
    [1mat[m org.junit.runner.JUnitCore.run ([1mJUnitCore.java:117[m)
    [1mat[m xxl.java.junit.JUnitRunner.call ([1mJUnitRunner.java:31[m)
    [1mat[m xxl.java.junit.JUnitRunner.call ([1mJUnitRunner.java:17[m)
    [1mat[m java.util.concurrent.FutureTask.run ([1mFutureTask.java:266[m)
    [1mat[m java.util.concurrent.ThreadPoolExecutor.runWorker ([1mThreadPoolExecutor.java:1149[m)
    [1mat[m java.util.concurrent.ThreadPoolExecutor$Worker.run ([1mThreadPoolExecutor.java:624[m)
    [1mat[m java.lang.Thread.run ([1mThread.java:748[m)
[pool-4-thread-1] [1;33mWARNING[m Sisu - Problem reading: jar:file:/home/tdurieux/.m2/repository/org/apache/maven/maven-resolver-provider/3.5.3-SNAPSHOT/maven-resolver-provider-3.5.3-SNAPSHOT.jar!/META-INF/sisu/javax.inject.Named
[1;31mjava.util.zip.ZipException[m: [1;31mtoo many length or distance symbols[m
    [1mat[m java.util.zip.InflaterInputStream.read ([1mInflaterInputStream.java:164[m)
    [1mat[m java.io.FilterInputStream.read ([1mFilterInputStream.java:133[m)
    [1mat[m sun.nio.cs.StreamDecoder.readBytes ([1mStreamDecoder.java:284[m)
    [1mat[m sun.nio.cs.StreamDecoder.implRead ([1mStreamDecoder.java:326[m)
    [1mat[m sun.nio.cs.StreamDecoder.read ([1mStreamDecoder.java:178[m)
    [1mat[m java.io.InputStreamReader.read ([1mInputStreamReader.java:184[m)
    [1mat[m java.io.BufferedReader.fill ([1mBufferedReader.java:161[m)
    [1mat[m java.io.BufferedReader.readLine ([1mBufferedReader.java:324[m)
    [1mat[m java.io.BufferedReader.readLine ([1mBufferedReader.java:389[m)
    [1mat[m org.eclipse.sisu.space.IndexedClassFinder.indexedNames ([1mIndexedClassFinder.java:94[m)
    [1mat[m org.eclipse.sisu.space.IndexedClassFinder.findClasses ([1mIndexedClassFinder.java:118[m)
    [1mat[m org.eclipse.sisu.space.SpaceScanner.accept ([1mSpaceScanner.java:72[m)
    [1mat[m org.eclipse.sisu.space.SpaceModule.scanForElements ([1mSpaceModule.java:168[m)
    [1mat[m org.eclipse.sisu.space.SpaceModule.configure ([1mSpaceModule.java:129[m)
    [1mat[m org.eclipse.sisu.plexus.PlexusAnnotatedBeanModule.configure ([1mPlexusAnnotatedBeanModule.java:102[m)
    [1mat[m org.eclipse.sisu.plexus.PlexusBindingModule.configure ([1mPlexusBindingModule.java:63[m)
    [1mat[m com.google.inject.spi.Elements$RecordingBinder.install ([1mElements.java:340[m)
    [1mat[m com.google.inject.spi.Elements.getElements ([1mElements.java:110[m)
    [1mat[m com.google.inject.spi.Elements.getElements ([1mElements.java:101[m)
    [1mat[m org.eclipse.sisu.wire.WireModule.configure ([1mWireModule.java:75[m)
    [1mat[m com.google.inject.spi.Elements$RecordingBinder.install ([1mElements.java:340[m)
    [1mat[m com.google.inject.spi.Elements.getElements ([1mElements.java:110[m)
    [1mat[m com.google.inject.internal.InjectorShell$Builder.build ([1mInjectorShell.java:138[m)
    [1mat[m com.google.inject.internal.InternalInjectorCreator.build ([1mInternalInjectorCreator.java:104[m)
    [1mat[m com.google.inject.Guice.createInjector ([1mGuice.java:96[m)
    [1mat[m com.google.inject.Guice.createInjector ([1mGuice.java:73[m)
    [1mat[m com.google.inject.Guice.createInjector ([1mGuice.java:62[m)
    [1mat[m org.codehaus.plexus.DefaultPlexusContainer.addPlexusInjector ([1mDefaultPlexusContainer.java:481[m)
    [1mat[m org.codehaus.plexus.DefaultPlexusContainer.<init> ([1mDefaultPlexusContainer.java:206[m)
    [1mat[m org.codehaus.plexus.DefaultPlexusContainer.<init> ([1mDefaultPlexusContainer.java:168[m)
    [1mat[m org.codehaus.plexus.PlexusTestCase.setupContainer ([1mPlexusTestCase.java:149[m)
    [1mat[m org.codehaus.plexus.PlexusTestCase.getContainer ([1mPlexusTestCase.java:138[m)
    [1mat[m org.codehaus.plexus.PlexusTestCase.lookup ([1mPlexusTestCase.java:211[m)
    [1mat[m org.apache.maven.AbstractCoreMavenComponentTestCase.setUp ([1mAbstractCoreMavenComponentTestCase.java:67[m)
    [1mat[m org.apache.maven.plugin.PluginParameterExpressionEvaluatorTest.setUp ([1mPluginParameterExpressionEvaluatorTest.java:63[m)
    [1mat[m junit.framework.TestCase.runBare ([1mTestCase.java:139[m)
    [1mat[m junit.framework.TestResult$1.protect ([1mTestResult.java:122[m)
    [1mat[m junit.framework.TestResult.runProtected ([1mTestResult.java:142[m)
    [1mat[m junit.framework.TestResult.run ([1mTestResult.java:125[m)
    [1mat[m junit.framework.TestCase.run ([1mTestCase.java:129[m)
    [1mat[m junit.framework.TestSuite.runTest ([1mTestSuite.java:255[m)
    [1mat[m junit.framework.TestSuite.run ([1mTestSuite.java:250[m)
    [1mat[m org.junit.internal.runners.JUnit38ClassRunner.run ([1mJUnit38ClassRunner.java:84[m)
    [1mat[m org.junit.runners.Suite.runChild ([1mSuite.java:127[m)
    [1mat[m org.junit.runners.Suite.runChild ([1mSuite.java:26[m)
    [1mat[m org.junit.runners.ParentRunner$3.run ([1mParentRunner.java:238[m)
    [1mat[m org.junit.runners.ParentRunner$1.schedule ([1mParentRunner.java:63[m)
    [1mat[m org.junit.runners.ParentRunner.runChildren ([1mParentRunner.java:236[m)
    [1mat[m org.junit.runners.ParentRunner.access$000 ([1mParentRunner.java:53[m)
    [1mat[m org.junit.runners.ParentRunner$2.evaluate ([1mParentRunner.java:229[m)
    [1mat[m org.junit.runners.ParentRunner.run ([1mParentRunner.java:309[m)
    [1mat[m org.junit.runner.JUnitCore.run ([1mJUnitCore.java:160[m)
    [1mat[m org.junit.runner.JUnitCore.run ([1mJUnitCore.java:138[m)
    [1mat[m org.junit.runner.JUnitCore.run ([1mJUnitCore.java:117[m)
    [1mat[m xxl.java.junit.JUnitRunner.call ([1mJUnitRunner.java:31[m)
    [1mat[m xxl.java.junit.JUnitRunner.call ([1mJUnitRunner.java:17[m)
    [1mat[m java.util.concurrent.FutureTask.run ([1mFutureTask.java:266[m)
    [1mat[m java.util.concurrent.ThreadPoolExecutor.runWorker ([1mThreadPoolExecutor.java:1149[m)
    [1mat[m java.util.concurrent.ThreadPoolExecutor$Worker.run ([1mThreadPoolExecutor.java:624[m)
    [1mat[m java.lang.Thread.run ([1mThread.java:748[m)
[pool-4-thread-1] [1;33mWARNING[m Sisu - Problem reading: jar:file:/home/tdurieux/.m2/repository/org/apache/maven/maven-resolver-provider/3.5.3-SNAPSHOT/maven-resolver-provider-3.5.3-SNAPSHOT.jar!/META-INF/sisu/javax.inject.Named
[1;31mjava.util.zip.ZipException[m: [1;31mtoo many length or distance symbols[m
    [1mat[m java.util.zip.InflaterInputStream.read ([1mInflaterInputStream.java:164[m)
    [1mat[m java.io.FilterInputStream.read ([1mFilterInputStream.java:133[m)
    [1mat[m sun.nio.cs.StreamDecoder.readBytes ([1mStreamDecoder.java:284[m)
    [1mat[m sun.nio.cs.StreamDecoder.implRead ([1mStreamDecoder.java:326[m)
    [1mat[m sun.nio.cs.StreamDecoder.read ([1mStreamDecoder.java:178[m)
    [1mat[m java.io.InputStreamReader.read ([1mInputStreamReader.java:184[m)
    [1mat[m java.io.BufferedReader.fill ([1mBufferedReader.java:161[m)
    [1mat[m java.io.BufferedReader.readLine ([1mBufferedReader.java:324[m)
    [1mat[m java.io.BufferedReader.readLine ([1mBufferedReader.java:389[m)
    [1mat[m org.eclipse.sisu.space.IndexedClassFinder.indexedNames ([1mIndexedClassFinder.java:94[m)
    [1mat[m org.eclipse.sisu.space.IndexedClassFinder.findClasses ([1mIndexedClassFinder.java:118[m)
    [1mat[m org.eclipse.sisu.space.SpaceScanner.accept ([1mSpaceScanner.java:72[m)
    [1mat[m org.eclipse.sisu.space.SpaceModule.scanForElements ([1mSpaceModule.java:168[m)
    [1mat[m org.eclipse.sisu.space.SpaceModule.configure ([1mSpaceModule.java:129[m)
    [1mat[m org.eclipse.sisu.plexus.PlexusAnnotatedBeanModule.configure ([1mPlexusAnnotatedBeanModule.java:102[m)
    [1mat[m org.eclipse.sisu.plexus.PlexusBindingModule.configure ([1mPlexusBindingModule.java:63[m)
    [1mat[m com.google.inject.spi.Elements$RecordingBinder.install ([1mElements.java:340[m)
    [1mat[m com.google.inject.spi.Elements.getElements ([1mElements.java:110[m)
    [1mat[m com.google.inject.spi.Elements.getElements ([1mElements.java:101[m)
    [1mat[m org.eclipse.sisu.wire.WireModule.configure ([1mWireModule.java:75[m)
    [1mat[m com.google.inject.spi.Elements$RecordingBinder.install ([1mElements.java:340[m)
    [1mat[m com.google.inject.spi.Elements.getElements ([1mElements.java:110[m)
    [1mat[m com.google.inject.internal.InjectorShell$Builder.build ([1mInjectorShell.java:138[m)
    [1mat[m com.google.inject.internal.InternalInjectorCreator.build ([1mInternalInjectorCreator.java:104[m)
    [1mat[m com.google.inject.Guice.createInjector ([1mGuice.java:96[m)
    [1mat[m com.google.inject.Guice.createInjector ([1mGuice.java:73[m)
    [1mat[m com.google.inject.Guice.createInjector ([1mGuice.java:62[m)
    [1mat[m org.codehaus.plexus.DefaultPlexusContainer.addPlexusInjector ([1mDefaultPlexusContainer.java:481[m)
    [1mat[m org.codehaus.plexus.DefaultPlexusContainer.<init> ([1mDefaultPlexusContainer.java:206[m)
    [1mat[m org.codehaus.plexus.DefaultPlexusContainer.<init> ([1mDefaultPlexusContainer.java:168[m)
    [1mat[m org.codehaus.plexus.PlexusTestCase.setupContainer ([1mPlexusTestCase.java:149[m)
    [1mat[m org.codehaus.plexus.PlexusTestCase.getContainer ([1mPlexusTestCase.java:138[m)
    [1mat[m org.codehaus.plexus.PlexusTestCase.lookup ([1mPlexusTestCase.java:211[m)
    [1mat[m org.apache.maven.AbstractCoreMavenComponentTestCase.setUp ([1mAbstractCoreMavenComponentTestCase.java:67[m)
    [1mat[m org.apache.maven.plugin.PluginParameterExpressionEvaluatorTest.setUp ([1mPluginParameterExpressionEvaluatorTest.java:63[m)
    [1mat[m junit.framework.TestCase.runBare ([1mTestCase.java:139[m)
    [1mat[m junit.framework.TestResult$1.protect ([1mTestResult.java:122[m)
    [1mat[m junit.framework.TestResult.runProtected ([1mTestResult.java:142[m)
    [1mat[m junit.framework.TestResult.run ([1mTestResult.java:125[m)
    [1mat[m junit.framework.TestCase.run ([1mTestCase.java:129[m)
    [1mat[m junit.framework.TestSuite.runTest ([1mTestSuite.java:255[m)
    [1mat[m junit.framework.TestSuite.run ([1mTestSuite.java:250[m)
    [1mat[m org.junit.internal.runners.JUnit38ClassRunner.run ([1mJUnit38ClassRunner.java:84[m)
    [1mat[m org.junit.runners.Suite.runChild ([1mSuite.java:127[m)
    [1mat[m org.junit.runners.Suite.runChild ([1mSuite.java:26[m)
    [1mat[m org.junit.runners.ParentRunner$3.run ([1mParentRunner.java:238[m)
    [1mat[m org.junit.runners.ParentRunner$1.schedule ([1mParentRunner.java:63[m)
    [1mat[m org.junit.runners.ParentRunner.runChildren ([1mParentRunner.java:236[m)
    [1mat[m org.junit.runners.ParentRunner.access$000 ([1mParentRunner.java:53[m)
    [1mat[m org.junit.runners.ParentRunner$2.evaluate ([1mParentRunner.java:229[m)
    [1mat[m org.junit.runners.ParentRunner.run ([1mParentRunner.java:309[m)
    [1mat[m org.junit.runner.JUnitCore.run ([1mJUnitCore.java:160[m)
    [1mat[m org.junit.runner.JUnitCore.run ([1mJUnitCore.java:138[m)
    [1mat[m org.junit.runner.JUnitCore.run ([1mJUnitCore.java:117[m)
    [1mat[m xxl.java.junit.JUnitRunner.call ([1mJUnitRunner.java:31[m)
    [1mat[m xxl.java.junit.JUnitRunner.call ([1mJUnitRunner.java:17[m)
    [1mat[m java.util.concurrent.FutureTask.run ([1mFutureTask.java:266[m)
    [1mat[m java.util.concurrent.ThreadPoolExecutor.runWorker ([1mThreadPoolExecutor.java:1149[m)
    [1mat[m java.util.concurrent.ThreadPoolExecutor$Worker.run ([1mThreadPoolExecutor.java:624[m)
    [1mat[m java.lang.Thread.run ([1mThread.java:748[m)
[pool-4-thread-1] [1;33mWARNING[m Sisu - Problem reading: jar:file:/home/tdurieux/.m2/repository/org/apache/maven/maven-resolver-provider/3.5.3-SNAPSHOT/maven-resolver-provider-3.5.3-SNAPSHOT.jar!/META-INF/sisu/javax.inject.Named
[1;31mjava.util.zip.ZipException[m: [1;31mtoo many length or distance symbols[m
    [1mat[m java.util.zip.InflaterInputStream.read ([1mInflaterInputStream.java:164[m)
    [1mat[m java.io.FilterInputStream.read ([1mFilterInputStream.java:133[m)
    [1mat[m sun.nio.cs.StreamDecoder.readBytes ([1mStreamDecoder.java:284[m)
    [1mat[m sun.nio.cs.StreamDecoder.implRead ([1mStreamDecoder.java:326[m)
    [1mat[m sun.nio.cs.StreamDecoder.read ([1mStreamDecoder.java:178[m)
    [1mat[m java.io.InputStreamReader.read ([1mInputStreamReader.java:184[m)
    [1mat[m java.io.BufferedReader.fill ([1mBufferedReader.java:161[m)
    [1mat[m java.io.BufferedReader.readLine ([1mBufferedReader.java:324[m)
    [1mat[m java.io.BufferedReader.readLine ([1mBufferedReader.java:389[m)
    [1mat[m org.eclipse.sisu.space.IndexedClassFinder.indexedNames ([1mIndexedClassFinder.java:94[m)
    [1mat[m org.eclipse.sisu.space.IndexedClassFinder.findClasses ([1mIndexedClassFinder.java:118[m)
    [1mat[m org.eclipse.sisu.space.SpaceScanner.accept ([1mSpaceScanner.java:72[m)
    [1mat[m org.eclipse.sisu.space.SpaceModule.scanForElements ([1mSpaceModule.java:168[m)
    [1mat[m org.eclipse.sisu.space.SpaceModule.configure ([1mSpaceModule.java:129[m)
    [1mat[m org.eclipse.sisu.plexus.PlexusAnnotatedBeanModule.configure ([1mPlexusAnnotatedBeanModule.java:102[m)
    [1mat[m org.eclipse.sisu.plexus.PlexusBindingModule.configure ([1mPlexusBindingModule.java:63[m)
    [1mat[m com.google.inject.spi.Elements$RecordingBinder.install ([1mElements.java:340[m)
    [1mat[m com.google.inject.spi.Elements.getElements ([1mElements.java:110[m)
    [1mat[m com.google.inject.spi.Elements.getElements ([1mElements.java:101[m)
    [1mat[m org.eclipse.sisu.wire.WireModule.configure ([1mWireModule.java:75[m)
    [1mat[m com.google.inject.spi.Elements$RecordingBinder.install ([1mElements.java:340[m)
    [1mat[m com.google.inject.spi.Elements.getElements ([1mElements.java:110[m)
    [1mat[m com.google.inject.internal.InjectorShell$Builder.build ([1mInjectorShell.java:138[m)
    [1mat[m com.google.inject.internal.InternalInjectorCreator.build ([1mInternalInjectorCreator.java:104[m)
    [1mat[m com.google.inject.Guice.createInjector ([1mGuice.java:96[m)
    [1mat[m com.google.inject.Guice.createInjector ([1mGuice.java:73[m)
    [1mat[m com.google.inject.Guice.createInjector ([1mGuice.java:62[m)
    [1mat[m org.codehaus.plexus.DefaultPlexusContainer.addPlexusInjector ([1mDefaultPlexusContainer.java:481[m)
    [1mat[m org.codehaus.plexus.DefaultPlexusContainer.<init> ([1mDefaultPlexusContainer.java:206[m)
    [1mat[m org.codehaus.plexus.DefaultPlexusContainer.<init> ([1mDefaultPlexusContainer.java:168[m)
    [1mat[m org.codehaus.plexus.PlexusTestCase.setupContainer ([1mPlexusTestCase.java:149[m)
    [1mat[m org.codehaus.plexus.PlexusTestCase.getContainer ([1mPlexusTestCase.java:138[m)
    [1mat[m org.codehaus.plexus.PlexusTestCase.lookup ([1mPlexusTestCase.java:211[m)
    [1mat[m org.apache.maven.AbstractCoreMavenComponentTestCase.setUp ([1mAbstractCoreMavenComponentTestCase.java:67[m)
    [1mat[m org.apache.maven.plugin.PluginParameterExpressionEvaluatorTest.setUp ([1mPluginParameterExpressionEvaluatorTest.java:63[m)
    [1mat[m junit.framework.TestCase.runBare ([1mTestCase.java:139[m)
    [1mat[m junit.framework.TestResult$1.protect ([1mTestResult.java:122[m)
    [1mat[m junit.framework.TestResult.runProtected ([1mTestResult.java:142[m)
    [1mat[m junit.framework.TestResult.run ([1mTestResult.java:125[m)
    [1mat[m junit.framework.TestCase.run ([1mTestCase.java:129[m)
    [1mat[m junit.framework.TestSuite.runTest ([1mTestSuite.java:255[m)
    [1mat[m junit.framework.TestSuite.run ([1mTestSuite.java:250[m)
    [1mat[m org.junit.internal.runners.JUnit38ClassRunner.run ([1mJUnit38ClassRunner.java:84[m)
    [1mat[m org.junit.runners.Suite.runChild ([1mSuite.java:127[m)
    [1mat[m org.junit.runners.Suite.runChild ([1mSuite.java:26[m)
    [1mat[m org.junit.runners.ParentRunner$3.run ([1mParentRunner.java:238[m)
    [1mat[m org.junit.runners.ParentRunner$1.schedule ([1mParentRunner.java:63[m)
    [1mat[m org.junit.runners.ParentRunner.runChildren ([1mParentRunner.java:236[m)
    [1mat[m org.junit.runners.ParentRunner.access$000 ([1mParentRunner.java:53[m)
    [1mat[m org.junit.runners.ParentRunner$2.evaluate ([1mParentRunner.java:229[m)
    [1mat[m org.junit.runners.ParentRunner.run ([1mParentRunner.java:309[m)
    [1mat[m org.junit.runner.JUnitCore.run ([1mJUnitCore.java:160[m)
    [1mat[m org.junit.runner.JUnitCore.run ([1mJUnitCore.java:138[m)
    [1mat[m org.junit.runner.JUnitCore.run ([1mJUnitCore.java:117[m)
    [1mat[m xxl.java.junit.JUnitRunner.call ([1mJUnitRunner.java:31[m)
    [1mat[m xxl.java.junit.JUnitRunner.call ([1mJUnitRunner.java:17[m)
    [1mat[m java.util.concurrent.FutureTask.run ([1mFutureTask.java:266[m)
    [1mat[m java.util.concurrent.ThreadPoolExecutor.runWorker ([1mThreadPoolExecutor.java:1149[m)
    [1mat[m java.util.concurrent.ThreadPoolExecutor$Worker.run ([1mThreadPoolExecutor.java:624[m)
    [1mat[m java.lang.Thread.run ([1mThread.java:748[m)
[pool-4-thread-1] [1;33mWARNING[m Sisu - Problem reading: jar:file:/home/tdurieux/.m2/repository/org/apache/maven/maven-resolver-provider/3.5.3-SNAPSHOT/maven-resolver-provider-3.5.3-SNAPSHOT.jar!/META-INF/sisu/javax.inject.Named
[1;31mjava.util.zip.ZipException[m: [1;31mtoo many length or distance symbols[m
    [1mat[m java.util.zip.InflaterInputStream.read ([1mInflaterInputStream.java:164[m)
    [1mat[m java.io.FilterInputStream.read ([1mFilterInputStream.java:133[m)
    [1mat[m sun.nio.cs.StreamDecoder.readBytes ([1mStreamDecoder.java:284[m)
    [1mat[m sun.nio.cs.StreamDecoder.implRead ([1mStreamDecoder.java:326[m)
    [1mat[m sun.nio.cs.StreamDecoder.read ([1mStreamDecoder.java:178[m)
    [1mat[m java.io.InputStreamReader.read ([1mInputStreamReader.java:184[m)
    [1mat[m java.io.BufferedReader.fill ([1mBufferedReader.java:161[m)
    [1mat[m java.io.BufferedReader.readLine ([1mBufferedReader.java:324[m)
    [1mat[m java.io.BufferedReader.readLine ([1mBufferedReader.java:389[m)
    [1mat[m org.eclipse.sisu.space.IndexedClassFinder.indexedNames ([1mIndexedClassFinder.java:94[m)
    [1mat[m org.eclipse.sisu.space.IndexedClassFinder.findClasses ([1mIndexedClassFinder.java:118[m)
    [1mat[m org.eclipse.sisu.space.SpaceScanner.accept ([1mSpaceScanner.java:72[m)
    [1mat[m org.eclipse.sisu.space.SpaceModule.scanForElements ([1mSpaceModule.java:168[m)
    [1mat[m org.eclipse.sisu.space.SpaceModule.configure ([1mSpaceModule.java:129[m)
    [1mat[m org.eclipse.sisu.plexus.PlexusAnnotatedBeanModule.configure ([1mPlexusAnnotatedBeanModule.java:102[m)
    [1mat[m org.eclipse.sisu.plexus.PlexusBindingModule.configure ([1mPlexusBindingModule.java:63[m)
    [1mat[m com.google.inject.spi.Elements$RecordingBinder.install ([1mElements.java:340[m)
    [1mat[m com.google.inject.spi.Elements.getElements ([1mElements.java:110[m)
    [1mat[m com.google.inject.spi.Elements.getElements ([1mElements.java:101[m)
    [1mat[m org.eclipse.sisu.wire.WireModule.configure ([1mWireModule.java:75[m)
    [1mat[m com.google.inject.spi.Elements$RecordingBinder.install ([1mElements.java:340[m)
    [1mat[m com.google.inject.spi.Elements.getElements ([1mElements.java:110[m)
    [1mat[m com.google.inject.internal.InjectorShell$Builder.build ([1mInjectorShell.java:138[m)
    [1mat[m com.google.inject.internal.InternalInjectorCreator.build ([1mInternalInjectorCreator.java:104[m)
    [1mat[m com.google.inject.Guice.createInjector ([1mGuice.java:96[m)
    [1mat[m com.google.inject.Guice.createInjector ([1mGuice.java:73[m)
    [1mat[m com.google.inject.Guice.createInjector ([1mGuice.java:62[m)
    [1mat[m org.codehaus.plexus.DefaultPlexusContainer.addPlexusInjector ([1mDefaultPlexusContainer.java:481[m)
    [1mat[m org.codehaus.plexus.DefaultPlexusContainer.<init> ([1mDefaultPlexusContainer.java:206[m)
    [1mat[m org.codehaus.plexus.DefaultPlexusContainer.<init> ([1mDefaultPlexusContainer.java:168[m)
    [1mat[m org.codehaus.plexus.PlexusTestCase.setupContainer ([1mPlexusTestCase.java:149[m)
    [1mat[m org.codehaus.plexus.PlexusTestCase.getContainer ([1mPlexusTestCase.java:138[m)
    [1mat[m org.codehaus.plexus.PlexusTestCase.lookup ([1mPlexusTestCase.java:211[m)
    [1mat[m org.apache.maven.AbstractCoreMavenComponentTestCase.setUp ([1mAbstractCoreMavenComponentTestCase.java:67[m)
    [1mat[m org.apache.maven.plugin.PluginParameterExpressionEvaluatorTest.setUp ([1mPluginParameterExpressionEvaluatorTest.java:63[m)
    [1mat[m junit.framework.TestCase.runBare ([1mTestCase.java:139[m)
    [1mat[m junit.framework.TestResult$1.protect ([1mTestResult.java:122[m)
    [1mat[m junit.framework.TestResult.runProtected ([1mTestResult.java:142[m)
    [1mat[m junit.framework.TestResult.run ([1mTestResult.java:125[m)
    [1mat[m junit.framework.TestCase.run ([1mTestCase.java:129[m)
    [1mat[m junit.framework.TestSuite.runTest ([1mTestSuite.java:255[m)
    [1mat[m junit.framework.TestSuite.run ([1mTestSuite.java:250[m)
    [1mat[m org.junit.internal.runners.JUnit38ClassRunner.run ([1mJUnit38ClassRunner.java:84[m)
    [1mat[m org.junit.runners.Suite.runChild ([1mSuite.java:127[m)
    [1mat[m org.junit.runners.Suite.runChild ([1mSuite.java:26[m)
    [1mat[m org.junit.runners.ParentRunner$3.run ([1mParentRunner.java:238[m)
    [1mat[m org.junit.runners.ParentRunner$1.schedule ([1mParentRunner.java:63[m)
    [1mat[m org.junit.runners.ParentRunner.runChildren ([1mParentRunner.java:236[m)
    [1mat[m org.junit.runners.ParentRunner.access$000 ([1mParentRunner.java:53[m)
    [1mat[m org.junit.runners.ParentRunner$2.evaluate ([1mParentRunner.java:229[m)
    [1mat[m org.junit.runners.ParentRunner.run ([1mParentRunner.java:309[m)
    [1mat[m org.junit.runner.JUnitCore.run ([1mJUnitCore.java:160[m)
    [1mat[m org.junit.runner.JUnitCore.run ([1mJUnitCore.java:138[m)
    [1mat[m org.junit.runner.JUnitCore.run ([1mJUnitCore.java:117[m)
    [1mat[m xxl.java.junit.JUnitRunner.call ([1mJUnitRunner.java:31[m)
    [1mat[m xxl.java.junit.JUnitRunner.call ([1mJUnitRunner.java:17[m)
    [1mat[m java.util.concurrent.FutureTask.run ([1mFutureTask.java:266[m)
    [1mat[m java.util.concurrent.ThreadPoolExecutor.runWorker ([1mThreadPoolExecutor.java:1149[m)
    [1mat[m java.util.concurrent.ThreadPoolExecutor$Worker.run ([1mThreadPoolExecutor.java:624[m)
    [1mat[m java.lang.Thread.run ([1mThread.java:748[m)
[pool-4-thread-1] [1;33mWARNING[m Sisu - Problem reading: jar:file:/home/tdurieux/.m2/repository/org/apache/maven/maven-resolver-provider/3.5.3-SNAPSHOT/maven-resolver-provider-3.5.3-SNAPSHOT.jar!/META-INF/sisu/javax.inject.Named
[1;31mjava.util.zip.ZipException[m: [1;31mtoo many length or distance symbols[m
    [1mat[m java.util.zip.InflaterInputStream.read ([1mInflaterInputStream.java:164[m)
    [1mat[m java.io.FilterInputStream.read ([1mFilterInputStream.java:133[m)
    [1mat[m sun.nio.cs.StreamDecoder.readBytes ([1mStreamDecoder.java:284[m)
    [1mat[m sun.nio.cs.StreamDecoder.implRead ([1mStreamDecoder.java:326[m)
    [1mat[m sun.nio.cs.StreamDecoder.read ([1mStreamDecoder.java:178[m)
    [1mat[m java.io.InputStreamReader.read ([1mInputStreamReader.java:184[m)
    [1mat[m java.io.BufferedReader.fill ([1mBufferedReader.java:161[m)
    [1mat[m java.io.BufferedReader.readLine ([1mBufferedReader.java:324[m)
    [1mat[m java.io.BufferedReader.readLine ([1mBufferedReader.java:389[m)
    [1mat[m org.eclipse.sisu.space.IndexedClassFinder.indexedNames ([1mIndexedClassFinder.java:94[m)
    [1mat[m org.eclipse.sisu.space.IndexedClassFinder.findClasses ([1mIndexedClassFinder.java:118[m)
    [1mat[m org.eclipse.sisu.space.SpaceScanner.accept ([1mSpaceScanner.java:72[m)
    [1mat[m org.eclipse.sisu.space.SpaceModule.scanForElements ([1mSpaceModule.java:168[m)
    [1mat[m org.eclipse.sisu.space.SpaceModule.configure ([1mSpaceModule.java:129[m)
    [1mat[m org.eclipse.sisu.plexus.PlexusAnnotatedBeanModule.configure ([1mPlexusAnnotatedBeanModule.java:102[m)
    [1mat[m org.eclipse.sisu.plexus.PlexusBindingModule.configure ([1mPlexusBindingModule.java:63[m)
    [1mat[m com.google.inject.spi.Elements$RecordingBinder.install ([1mElements.java:340[m)
    [1mat[m com.google.inject.spi.Elements.getElements ([1mElements.java:110[m)
    [1mat[m com.google.inject.spi.Elements.getElements ([1mElements.java:101[m)
    [1mat[m org.eclipse.sisu.wire.WireModule.configure ([1mWireModule.java:75[m)
    [1mat[m com.google.inject.spi.Elements$RecordingBinder.install ([1mElements.java:340[m)
    [1mat[m com.google.inject.spi.Elements.getElements ([1mElements.java:110[m)
    [1mat[m com.google.inject.internal.InjectorShell$Builder.build ([1mInjectorShell.java:138[m)
    [1mat[m com.google.inject.internal.InternalInjectorCreator.build ([1mInternalInjectorCreator.java:104[m)
    [1mat[m com.google.inject.Guice.createInjector ([1mGuice.java:96[m)
    [1mat[m com.google.inject.Guice.createInjector ([1mGuice.java:73[m)
    [1mat[m com.google.inject.Guice.createInjector ([1mGuice.java:62[m)
    [1mat[m org.codehaus.plexus.DefaultPlexusContainer.addPlexusInjector ([1mDefaultPlexusContainer.java:481[m)
    [1mat[m org.codehaus.plexus.DefaultPlexusContainer.<init> ([1mDefaultPlexusContainer.java:206[m)
    [1mat[m org.codehaus.plexus.DefaultPlexusContainer.<init> ([1mDefaultPlexusContainer.java:168[m)
    [1mat[m org.codehaus.plexus.PlexusTestCase.setupContainer ([1mPlexusTestCase.java:149[m)
    [1mat[m org.codehaus.plexus.PlexusTestCase.getContainer ([1mPlexusTestCase.java:138[m)
    [1mat[m org.codehaus.plexus.PlexusTestCase.lookup ([1mPlexusTestCase.java:211[m)
    [1mat[m org.apache.maven.AbstractCoreMavenComponentTestCase.setUp ([1mAbstractCoreMavenComponentTestCase.java:67[m)
    [1mat[m org.apache.maven.plugin.PluginParameterExpressionEvaluatorTest.setUp ([1mPluginParameterExpressionEvaluatorTest.java:63[m)
    [1mat[m junit.framework.TestCase.runBare ([1mTestCase.java:139[m)
    [1mat[m junit.framework.TestResult$1.protect ([1mTestResult.java:122[m)
    [1mat[m junit.framework.TestResult.runProtected ([1mTestResult.java:142[m)
    [1mat[m junit.framework.TestResult.run ([1mTestResult.java:125[m)
    [1mat[m junit.framework.TestCase.run ([1mTestCase.java:129[m)
    [1mat[m junit.framework.TestSuite.runTest ([1mTestSuite.java:255[m)
    [1mat[m junit.framework.TestSuite.run ([1mTestSuite.java:250[m)
    [1mat[m org.junit.internal.runners.JUnit38ClassRunner.run ([1mJUnit38ClassRunner.java:84[m)
    [1mat[m org.junit.runners.Suite.runChild ([1mSuite.java:127[m)
    [1mat[m org.junit.runners.Suite.runChild ([1mSuite.java:26[m)
    [1mat[m org.junit.runners.ParentRunner$3.run ([1mParentRunner.java:238[m)
    [1mat[m org.junit.runners.ParentRunner$1.schedule ([1mParentRunner.java:63[m)
    [1mat[m org.junit.runners.ParentRunner.runChildren ([1mParentRunner.java:236[m)
    [1mat[m org.junit.runners.ParentRunner.access$000 ([1mParentRunner.java:53[m)
    [1mat[m org.junit.runners.ParentRunner$2.evaluate ([1mParentRunner.java:229[m)
    [1mat[m org.junit.runners.ParentRunner.run ([1mParentRunner.java:309[m)
    [1mat[m org.junit.runner.JUnitCore.run ([1mJUnitCore.java:160[m)
    [1mat[m org.junit.runner.JUnitCore.run ([1mJUnitCore.java:138[m)
    [1mat[m org.junit.runner.JUnitCore.run ([1mJUnitCore.java:117[m)
    [1mat[m xxl.java.junit.JUnitRunner.call ([1mJUnitRunner.java:31[m)
    [1mat[m xxl.java.junit.JUnitRunner.call ([1mJUnitRunner.java:17[m)
    [1mat[m java.util.concurrent.FutureTask.run ([1mFutureTask.java:266[m)
    [1mat[m java.util.concurrent.ThreadPoolExecutor.runWorker ([1mThreadPoolExecutor.java:1149[m)
    [1mat[m java.util.concurrent.ThreadPoolExecutor$Worker.run ([1mThreadPoolExecutor.java:624[m)
    [1mat[m java.lang.Thread.run ([1mThread.java:748[m)
[pool-4-thread-1] [1;33mWARNING[m Sisu - Problem reading: jar:file:/home/tdurieux/.m2/repository/org/apache/maven/maven-resolver-provider/3.5.3-SNAPSHOT/maven-resolver-provider-3.5.3-SNAPSHOT.jar!/META-INF/sisu/javax.inject.Named
[1;31mjava.util.zip.ZipException[m: [1;31mtoo many length or distance symbols[m
    [1mat[m java.util.zip.InflaterInputStream.read ([1mInflaterInputStream.java:164[m)
    [1mat[m java.io.FilterInputStream.read ([1mFilterInputStream.java:133[m)
    [1mat[m sun.nio.cs.StreamDecoder.readBytes ([1mStreamDecoder.java:284[m)
    [1mat[m sun.nio.cs.StreamDecoder.implRead ([1mStreamDecoder.java:326[m)
    [1mat[m sun.nio.cs.StreamDecoder.read ([1mStreamDecoder.java:178[m)
    [1mat[m java.io.InputStreamReader.read ([1mInputStreamReader.java:184[m)
    [1mat[m java.io.BufferedReader.fill ([1mBufferedReader.java:161[m)
    [1mat[m java.io.BufferedReader.readLine ([1mBufferedReader.java:324[m)
    [1mat[m java.io.BufferedReader.readLine ([1mBufferedReader.java:389[m)
    [1mat[m org.eclipse.sisu.space.IndexedClassFinder.indexedNames ([1mIndexedClassFinder.java:94[m)
    [1mat[m org.eclipse.sisu.space.IndexedClassFinder.findClasses ([1mIndexedClassFinder.java:118[m)
    [1mat[m org.eclipse.sisu.space.SpaceScanner.accept ([1mSpaceScanner.java:72[m)
    [1mat[m org.eclipse.sisu.space.SpaceModule.scanForElements ([1mSpaceModule.java:168[m)
    [1mat[m org.eclipse.sisu.space.SpaceModule.configure ([1mSpaceModule.java:129[m)
    [1mat[m org.eclipse.sisu.plexus.PlexusAnnotatedBeanModule.configure ([1mPlexusAnnotatedBeanModule.java:102[m)
    [1mat[m org.eclipse.sisu.plexus.PlexusBindingModule.configure ([1mPlexusBindingModule.java:63[m)
    [1mat[m com.google.inject.spi.Elements$RecordingBinder.install ([1mElements.java:340[m)
    [1mat[m com.google.inject.spi.Elements.getElements ([1mElements.java:110[m)
    [1mat[m com.google.inject.spi.Elements.getElements ([1mElements.java:101[m)
    [1mat[m org.eclipse.sisu.wire.WireModule.configure ([1mWireModule.java:75[m)
    [1mat[m com.google.inject.spi.Elements$RecordingBinder.install ([1mElements.java:340[m)
    [1mat[m com.google.inject.spi.Elements.getElements ([1mElements.java:110[m)
    [1mat[m com.google.inject.internal.InjectorShell$Builder.build ([1mInjectorShell.java:138[m)
    [1mat[m com.google.inject.internal.InternalInjectorCreator.build ([1mInternalInjectorCreator.java:104[m)
    [1mat[m com.google.inject.Guice.createInjector ([1mGuice.java:96[m)
    [1mat[m com.google.inject.Guice.createInjector ([1mGuice.java:73[m)
    [1mat[m com.google.inject.Guice.createInjector ([1mGuice.java:62[m)
    [1mat[m org.codehaus.plexus.DefaultPlexusContainer.addPlexusInjector ([1mDefaultPlexusContainer.java:481[m)
    [1mat[m org.codehaus.plexus.DefaultPlexusContainer.<init> ([1mDefaultPlexusContainer.java:206[m)
    [1mat[m org.codehaus.plexus.DefaultPlexusContainer.<init> ([1mDefaultPlexusContainer.java:168[m)
    [1mat[m org.codehaus.plexus.PlexusTestCase.setupContainer ([1mPlexusTestCase.java:149[m)
    [1mat[m org.codehaus.plexus.PlexusTestCase.getContainer ([1mPlexusTestCase.java:138[m)
    [1mat[m org.codehaus.plexus.PlexusTestCase.lookup ([1mPlexusTestCase.java:211[m)
    [1mat[m org.apache.maven.AbstractCoreMavenComponentTestCase.setUp ([1mAbstractCoreMavenComponentTestCase.java:67[m)
    [1mat[m org.apache.maven.plugin.PluginParameterExpressionEvaluatorTest.setUp ([1mPluginParameterExpressionEvaluatorTest.java:63[m)
    [1mat[m junit.framework.TestCase.runBare ([1mTestCase.java:139[m)
    [1mat[m junit.framework.TestResult$1.protect ([1mTestResult.java:122[m)
    [1mat[m junit.framework.TestResult.runProtected ([1mTestResult.java:142[m)
    [1mat[m junit.framework.TestResult.run ([1mTestResult.java:125[m)
    [1mat[m junit.framework.TestCase.run ([1mTestCase.java:129[m)
    [1mat[m junit.framework.TestSuite.runTest ([1mTestSuite.java:255[m)
    [1mat[m junit.framework.TestSuite.run ([1mTestSuite.java:250[m)
    [1mat[m org.junit.internal.runners.JUnit38ClassRunner.run ([1mJUnit38ClassRunner.java:84[m)
    [1mat[m org.junit.runners.Suite.runChild ([1mSuite.java:127[m)
    [1mat[m org.junit.runners.Suite.runChild ([1mSuite.java:26[m)
    [1mat[m org.junit.runners.ParentRunner$3.run ([1mParentRunner.java:238[m)
    [1mat[m org.junit.runners.ParentRunner$1.schedule ([1mParentRunner.java:63[m)
    [1mat[m org.junit.runners.ParentRunner.runChildren ([1mParentRunner.java:236[m)
    [1mat[m org.junit.runners.ParentRunner.access$000 ([1mParentRunner.java:53[m)
    [1mat[m org.junit.runners.ParentRunner$2.evaluate ([1mParentRunner.java:229[m)
    [1mat[m org.junit.runners.ParentRunner.run ([1mParentRunner.java:309[m)
    [1mat[m org.junit.runner.JUnitCore.run ([1mJUnitCore.java:160[m)
    [1mat[m org.junit.runner.JUnitCore.run ([1mJUnitCore.java:138[m)
    [1mat[m org.junit.runner.JUnitCore.run ([1mJUnitCore.java:117[m)
    [1mat[m xxl.java.junit.JUnitRunner.call ([1mJUnitRunner.java:31[m)
    [1mat[m xxl.java.junit.JUnitRunner.call ([1mJUnitRunner.java:17[m)
    [1mat[m java.util.concurrent.FutureTask.run ([1mFutureTask.java:266[m)
    [1mat[m java.util.concurrent.ThreadPoolExecutor.runWorker ([1mThreadPoolExecutor.java:1149[m)
    [1mat[m java.util.concurrent.ThreadPoolExecutor$Worker.run ([1mThreadPoolExecutor.java:624[m)
    [1mat[m java.lang.Thread.run ([1mThread.java:748[m)
Result: my-plugin
[pool-4-thread-1] [1;33mWARNING[m Sisu - Problem reading: jar:file:/home/tdurieux/.m2/repository/org/apache/maven/maven-resolver-provider/3.5.3-SNAPSHOT/maven-resolver-provider-3.5.3-SNAPSHOT.jar!/META-INF/sisu/javax.inject.Named
[1;31mjava.util.zip.ZipException[m: [1;31mtoo many length or distance symbols[m
    [1mat[m java.util.zip.InflaterInputStream.read ([1mInflaterInputStream.java:164[m)
    [1mat[m java.io.FilterInputStream.read ([1mFilterInputStream.java:133[m)
    [1mat[m sun.nio.cs.StreamDecoder.readBytes ([1mStreamDecoder.java:284[m)
    [1mat[m sun.nio.cs.StreamDecoder.implRead ([1mStreamDecoder.java:326[m)
    [1mat[m sun.nio.cs.StreamDecoder.read ([1mStreamDecoder.java:178[m)
    [1mat[m java.io.InputStreamReader.read ([1mInputStreamReader.java:184[m)
    [1mat[m java.io.BufferedReader.fill ([1mBufferedReader.java:161[m)
    [1mat[m java.io.BufferedReader.readLine ([1mBufferedReader.java:324[m)
    [1mat[m java.io.BufferedReader.readLine ([1mBufferedReader.java:389[m)
    [1mat[m org.eclipse.sisu.space.IndexedClassFinder.indexedNames ([1mIndexedClassFinder.java:94[m)
    [1mat[m org.eclipse.sisu.space.IndexedClassFinder.findClasses ([1mIndexedClassFinder.java:118[m)
    [1mat[m org.eclipse.sisu.space.SpaceScanner.accept ([1mSpaceScanner.java:72[m)
    [1mat[m org.eclipse.sisu.space.SpaceModule.scanForElements ([1mSpaceModule.java:168[m)
    [1mat[m org.eclipse.sisu.space.SpaceModule.configure ([1mSpaceModule.java:129[m)
    [1mat[m org.eclipse.sisu.plexus.PlexusAnnotatedBeanModule.configure ([1mPlexusAnnotatedBeanModule.java:102[m)
    [1mat[m org.eclipse.sisu.plexus.PlexusBindingModule.configure ([1mPlexusBindingModule.java:63[m)
    [1mat[m com.google.inject.spi.Elements$RecordingBinder.install ([1mElements.java:340[m)
    [1mat[m com.google.inject.spi.Elements.getElements ([1mElements.java:110[m)
    [1mat[m com.google.inject.spi.Elements.getElements ([1mElements.java:101[m)
    [1mat[m org.eclipse.sisu.wire.WireModule.configure ([1mWireModule.java:75[m)
    [1mat[m com.google.inject.spi.Elements$RecordingBinder.install ([1mElements.java:340[m)
    [1mat[m com.google.inject.spi.Elements.getElements ([1mElements.java:110[m)
    [1mat[m com.google.inject.internal.InjectorShell$Builder.build ([1mInjectorShell.java:138[m)
    [1mat[m com.google.inject.internal.InternalInjectorCreator.build ([1mInternalInjectorCreator.java:104[m)
    [1mat[m com.google.inject.Guice.createInjector ([1mGuice.java:96[m)
    [1mat[m com.google.inject.Guice.createInjector ([1mGuice.java:73[m)
    [1mat[m com.google.inject.Guice.createInjector ([1mGuice.java:62[m)
    [1mat[m org.codehaus.plexus.DefaultPlexusContainer.addPlexusInjector ([1mDefaultPlexusContainer.java:481[m)
    [1mat[m org.codehaus.plexus.DefaultPlexusContainer.<init> ([1mDefaultPlexusContainer.java:206[m)
    [1mat[m org.codehaus.plexus.DefaultPlexusContainer.<init> ([1mDefaultPlexusContainer.java:168[m)
    [1mat[m org.codehaus.plexus.PlexusTestCase.setupContainer ([1mPlexusTestCase.java:149[m)
    [1mat[m org.codehaus.plexus.PlexusTestCase.getContainer ([1mPlexusTestCase.java:138[m)
    [1mat[m org.codehaus.plexus.PlexusTestCase.lookup ([1mPlexusTestCase.java:211[m)
    [1mat[m org.apache.maven.AbstractCoreMavenComponentTestCase.setUp ([1mAbstractCoreMavenComponentTestCase.java:67[m)
    [1mat[m org.apache.maven.plugin.PluginParameterExpressionEvaluatorTest.setUp ([1mPluginParameterExpressionEvaluatorTest.java:63[m)
    [1mat[m junit.framework.TestCase.runBare ([1mTestCase.java:139[m)
    [1mat[m junit.framework.TestResult$1.protect ([1mTestResult.java:122[m)
    [1mat[m junit.framework.TestResult.runProtected ([1mTestResult.java:142[m)
    [1mat[m junit.framework.TestResult.run ([1mTestResult.java:125[m)
    [1mat[m junit.framework.TestCase.run ([1mTestCase.java:129[m)
    [1mat[m junit.framework.TestSuite.runTest ([1mTestSuite.java:255[m)
    [1mat[m junit.framework.TestSuite.run ([1mTestSuite.java:250[m)
    [1mat[m org.junit.internal.runners.JUnit38ClassRunner.run ([1mJUnit38ClassRunner.java:84[m)
    [1mat[m org.junit.runners.Suite.runChild ([1mSuite.java:127[m)
    [1mat[m org.junit.runners.Suite.runChild ([1mSuite.java:26[m)
    [1mat[m org.junit.runners.ParentRunner$3.run ([1mParentRunner.java:238[m)
    [1mat[m org.junit.runners.ParentRunner$1.schedule ([1mParentRunner.java:63[m)
    [1mat[m org.junit.runners.ParentRunner.runChildren ([1mParentRunner.java:236[m)
    [1mat[m org.junit.runners.ParentRunner.access$000 ([1mParentRunner.java:53[m)
    [1mat[m org.junit.runners.ParentRunner$2.evaluate ([1mParentRunner.java:229[m)
    [1mat[m org.junit.runners.ParentRunner.run ([1mParentRunner.java:309[m)
    [1mat[m org.junit.runner.JUnitCore.run ([1mJUnitCore.java:160[m)
    [1mat[m org.junit.runner.JUnitCore.run ([1mJUnitCore.java:138[m)
    [1mat[m org.junit.runner.JUnitCore.run ([1mJUnitCore.java:117[m)
    [1mat[m xxl.java.junit.JUnitRunner.call ([1mJUnitRunner.java:31[m)
    [1mat[m xxl.java.junit.JUnitRunner.call ([1mJUnitRunner.java:17[m)
    [1mat[m java.util.concurrent.FutureTask.run ([1mFutureTask.java:266[m)
    [1mat[m java.util.concurrent.ThreadPoolExecutor.runWorker ([1mThreadPoolExecutor.java:1149[m)
    [1mat[m java.util.concurrent.ThreadPoolExecutor$Worker.run ([1mThreadPoolExecutor.java:624[m)
    [1mat[m java.lang.Thread.run ([1mThread.java:748[m)
[pool-4-thread-1] [1;33mWARNING[m Sisu - Problem reading: jar:file:/home/tdurieux/.m2/repository/org/apache/maven/maven-resolver-provider/3.5.3-SNAPSHOT/maven-resolver-provider-3.5.3-SNAPSHOT.jar!/META-INF/sisu/javax.inject.Named
[1;31mjava.util.zip.ZipException[m: [1;31mtoo many length or distance symbols[m
    [1mat[m java.util.zip.InflaterInputStream.read ([1mInflaterInputStream.java:164[m)
    [1mat[m java.io.FilterInputStream.read ([1mFilterInputStream.java:133[m)
    [1mat[m sun.nio.cs.StreamDecoder.readBytes ([1mStreamDecoder.java:284[m)
    [1mat[m sun.nio.cs.StreamDecoder.implRead ([1mStreamDecoder.java:326[m)
    [1mat[m sun.nio.cs.StreamDecoder.read ([1mStreamDecoder.java:178[m)
    [1mat[m java.io.InputStreamReader.read ([1mInputStreamReader.java:184[m)
    [1mat[m java.io.BufferedReader.fill ([1mBufferedReader.java:161[m)
    [1mat[m java.io.BufferedReader.readLine ([1mBufferedReader.java:324[m)
    [1mat[m java.io.BufferedReader.readLine ([1mBufferedReader.java:389[m)
    [1mat[m org.eclipse.sisu.space.IndexedClassFinder.indexedNames ([1mIndexedClassFinder.java:94[m)
    [1mat[m org.eclipse.sisu.space.IndexedClassFinder.findClasses ([1mIndexedClassFinder.java:118[m)
    [1mat[m org.eclipse.sisu.space.SpaceScanner.accept ([1mSpaceScanner.java:72[m)
    [1mat[m org.eclipse.sisu.space.SpaceModule.scanForElements ([1mSpaceModule.java:168[m)
    [1mat[m org.eclipse.sisu.space.SpaceModule.configure ([1mSpaceModule.java:129[m)
    [1mat[m org.eclipse.sisu.plexus.PlexusAnnotatedBeanModule.configure ([1mPlexusAnnotatedBeanModule.java:102[m)
    [1mat[m org.eclipse.sisu.plexus.PlexusBindingModule.configure ([1mPlexusBindingModule.java:63[m)
    [1mat[m com.google.inject.spi.Elements$RecordingBinder.install ([1mElements.java:340[m)
    [1mat[m com.google.inject.spi.Elements.getElements ([1mElements.java:110[m)
    [1mat[m com.google.inject.spi.Elements.getElements ([1mElements.java:101[m)
    [1mat[m org.eclipse.sisu.wire.WireModule.configure ([1mWireModule.java:75[m)
    [1mat[m com.google.inject.spi.Elements$RecordingBinder.install ([1mElements.java:340[m)
    [1mat[m com.google.inject.spi.Elements.getElements ([1mElements.java:110[m)
    [1mat[m com.google.inject.internal.InjectorShell$Builder.build ([1mInjectorShell.java:138[m)
    [1mat[m com.google.inject.internal.InternalInjectorCreator.build ([1mInternalInjectorCreator.java:104[m)
    [1mat[m com.google.inject.Guice.createInjector ([1mGuice.java:96[m)
    [1mat[m com.google.inject.Guice.createInjector ([1mGuice.java:73[m)
    [1mat[m com.google.inject.Guice.createInjector ([1mGuice.java:62[m)
    [1mat[m org.codehaus.plexus.DefaultPlexusContainer.addPlexusInjector ([1mDefaultPlexusContainer.java:481[m)
    [1mat[m org.codehaus.plexus.DefaultPlexusContainer.<init> ([1mDefaultPlexusContainer.java:206[m)
    [1mat[m org.codehaus.plexus.DefaultPlexusContainer.<init> ([1mDefaultPlexusContainer.java:168[m)
    [1mat[m org.codehaus.plexus.PlexusTestCase.setupContainer ([1mPlexusTestCase.java:149[m)
    [1mat[m org.codehaus.plexus.PlexusTestCase.getContainer ([1mPlexusTestCase.java:138[m)
    [1mat[m org.codehaus.plexus.PlexusTestCase.lookup ([1mPlexusTestCase.java:211[m)
    [1mat[m org.apache.maven.AbstractCoreMavenComponentTestCase.setUp ([1mAbstractCoreMavenComponentTestCase.java:67[m)
    [1mat[m org.apache.maven.plugin.PluginParameterExpressionEvaluatorTest.setUp ([1mPluginParameterExpressionEvaluatorTest.java:63[m)
    [1mat[m junit.framework.TestCase.runBare ([1mTestCase.java:139[m)
    [1mat[m junit.framework.TestResult$1.protect ([1mTestResult.java:122[m)
    [1mat[m junit.framework.TestResult.runProtected ([1mTestResult.java:142[m)
    [1mat[m junit.framework.TestResult.run ([1mTestResult.java:125[m)
    [1mat[m junit.framework.TestCase.run ([1mTestCase.java:129[m)
    [1mat[m junit.framework.TestSuite.runTest ([1mTestSuite.java:255[m)
    [1mat[m junit.framework.TestSuite.run ([1mTestSuite.java:250[m)
    [1mat[m org.junit.internal.runners.JUnit38ClassRunner.run ([1mJUnit38ClassRunner.java:84[m)
    [1mat[m org.junit.runners.Suite.runChild ([1mSuite.java:127[m)
    [1mat[m org.junit.runners.Suite.runChild ([1mSuite.java:26[m)
    [1mat[m org.junit.runners.ParentRunner$3.run ([1mParentRunner.java:238[m)
    [1mat[m org.junit.runners.ParentRunner$1.schedule ([1mParentRunner.java:63[m)
    [1mat[m org.junit.runners.ParentRunner.runChildren ([1mParentRunner.java:236[m)
    [1mat[m org.junit.runners.ParentRunner.access$000 ([1mParentRunner.java:53[m)
    [1mat[m org.junit.runners.ParentRunner$2.evaluate ([1mParentRunner.java:229[m)
    [1mat[m org.junit.runners.ParentRunner.run ([1mParentRunner.java:309[m)
    [1mat[m org.junit.runner.JUnitCore.run ([1mJUnitCore.java:160[m)
    [1mat[m org.junit.runner.JUnitCore.run ([1mJUnitCore.java:138[m)
    [1mat[m org.junit.runner.JUnitCore.run ([1mJUnitCore.java:117[m)
    [1mat[m xxl.java.junit.JUnitRunner.call ([1mJUnitRunner.java:31[m)
    [1mat[m xxl.java.junit.JUnitRunner.call ([1mJUnitRunner.java:17[m)
    [1mat[m java.util.concurrent.FutureTask.run ([1mFutureTask.java:266[m)
    [1mat[m java.util.concurrent.ThreadPoolExecutor.runWorker ([1mThreadPoolExecutor.java:1149[m)
    [1mat[m java.util.concurrent.ThreadPoolExecutor$Worker.run ([1mThreadPoolExecutor.java:624[m)
    [1mat[m java.lang.Thread.run ([1mThread.java:748[m)
#
# A fatal error has been detected by the Java Runtime Environment:
#
#  SIGSEGV (0xb) at pc=0x00007fa56699cdc0, pid=8331, tid=0x00007fa5333fd700
#
# JRE version: OpenJDK Runtime Environment (8.0_181-b13) (build 1.8.0_181-8u181-b13-2~deb9u1-b13)
# Java VM: OpenJDK 64-Bit Server VM (25.181-b13 mixed mode linux-amd64 compressed oops)
# Problematic frame:
# C  [libc.so.6+0x12bdc0]
#
# Failed to write core dump. Core dumps have been disabled. To enable core dumping, try "ulimit -c unlimited" before starting Java again
#
# An error report file with more information is saved as:
# /tmp/DynaMoth_Bug_dot_jar_Maven_691a03a7/hs_err_pid8331.log
#
# If you would like to submit a bug report, please visit:
#   http://bugreport.java.com/bugreport/crash.jsp
# The crash happened outside the Java Virtual Machine in native code.
# See problematic frame for where to report the bug.
#
Command terminated by signal 6
164.76user 9.00system 1:06.86elapsed 259%CPU (0avgtext+0avgdata 1430460maxresident)k
58384inputs+5768outputs (21major+743895minor)pagefaults 0swaps


Node: granduc-21.luxembourg.grid5000.fr



Date: Sun Dec 30 04:43:55 EST 2018

