cd /tmp/Nopol_Bug_dot_jar_Accumulo_a450ac2f;
export JAVA_TOOL_OPTIONS="-Dfile.encoding=UTF8 -Duser.language=en-US -Duser.country=US -Duser.language=en";
TZ="America/New_York"; export TZ;
export PATH="/usr/lib/jvm/java-1.8.0-openjdk-amd64/bin/:$PATH";
export JAVA_HOME="/usr/lib/jvm/java-1.8.0-openjdk-amd64/bin/";
time java -Xmx4g -Xms1g -cp /home/tdurieux/defects4j4repair/script/../repair_tools/nopol.jar:/usr/lib/jvm/java-1.8.0-openjdk-amd64/bin//../lib/tools.jar fr.inria.lille.repair.Main \
	--mode repair \
	--type pre_then_cond \
	--oracle angelic \
	--synthesis smt \
	--flocal gzoltar \
	--json \
	--solver z3 \
	--solver-path /home/tdurieux/defects4j4repair/script/../libs/z3/build/z3 \
	--complianceLevel 7 \
	--source core/src/main/java \
	--classpath "core/target/classes:core/target/test-classes:/tmp/Nopol_Bug_dot_jar_Accumulo_a450ac2f/trace/target/classes:/tmp/Nopol_Bug_dot_jar_Accumulo_a450ac2f/start/target/classes:/tmp/Nopol_Bug_dot_jar_Accumulo_a450ac2f/fate/target/classes:/tmp/Nopol_Bug_dot_jar_Accumulo_a450ac2f/server/target/classes:/tmp/Nopol_Bug_dot_jar_Accumulo_a450ac2f/examples/simple/target/classes:/home/tdurieux/.m2/repository/net/java/dev/jets3t/jets3t/0.7.1/jets3t-0.7.1.jar:/home/tdurieux/.m2/repository/net/sf/kosmosfs/kfs/0.3/kfs-0.3.jar:/home/tdurieux/.m2/repository/xmlenc/xmlenc/0.52/xmlenc-0.52.jar:/home/tdurieux/.m2/repository/org/mortbay/jetty/servlet-api-2.5/6.1.14/servlet-api-2.5-6.1.14.jar:/home/tdurieux/.m2/repository/commons-io/commons-io/1.4/commons-io-1.4.jar:/home/tdurieux/.m2/repository/org/apache/accumulo/examples-simple/1.5.0-SNAPSHOT/examples-simple-1.5.0-SNAPSHOT.jar:/home/tdurieux/.m2/repository/org/apache/accumulo/accumulo-start/1.5.0-SNAPSHOT/accumulo-start-1.5.0-SNAPSHOT.jar:/home/tdurieux/.m2/repository/org/apache/accumulo/cloudtrace/1.5.0-SNAPSHOT/cloudtrace-1.5.0-SNAPSHOT.jar:/home/tdurieux/.m2/repository/org/mortbay/jetty/jetty-util/6.1.26/jetty-util-6.1.26.jar:/home/tdurieux/.m2/repository/hsqldb/hsqldb/1.8.0.10/hsqldb-1.8.0.10.jar:/home/tdurieux/.m2/repository/ant/ant/1.6.5/ant-1.6.5.jar:/home/tdurieux/.m2/repository/org/slf4j/slf4j-api/1.4.3/slf4j-api-1.4.3.jar:/home/tdurieux/.m2/repository/org/apache/accumulo/accumulo-fate/1.5.0-SNAPSHOT/accumulo-fate-1.5.0-SNAPSHOT.jar:/home/tdurieux/.m2/repository/commons-configuration/commons-configuration/1.5/commons-configuration-1.5.jar:/home/tdurieux/.m2/repository/commons-cli/commons-cli/1.2/commons-cli-1.2.jar:/home/tdurieux/.m2/repository/org/apache/thrift/libthrift/0.9.0/libthrift-0.9.0.jar:/home/tdurieux/.m2/repository/tomcat/jasper-compiler/5.5.12/jasper-compiler-5.5.12.jar:/home/tdurieux/.m2/repository/org/mortbay/jetty/jsp-2.1/6.1.14/jsp-2.1-6.1.14.jar:/home/tdurieux/.m2/repository/org/mortbay/jetty/jetty/6.1.26/jetty-6.1.26.jar:/home/tdurieux/.m2/repository/commons-logging/commons-logging/1.0.4/commons-logging-1.0.4.jar:/home/tdurieux/.m2/repository/org/apache/httpcomponents/httpcore/4.1.3/httpcore-4.1.3.jar:/home/tdurieux/.m2/repository/org/mortbay/jetty/jsp-api-2.1/6.1.14/jsp-api-2.1-6.1.14.jar:/home/tdurieux/.m2/repository/commons-collections/commons-collections/3.2/commons-collections-3.2.jar:/home/tdurieux/.m2/repository/jline/jline/0.9.94/jline-0.9.94.jar:/home/tdurieux/.m2/repository/org/mortbay/jetty/servlet-api/2.5-20081211/servlet-api-2.5-20081211.jar:/home/tdurieux/.m2/repository/junit/junit/4.4/junit-4.4.jar:/home/tdurieux/.m2/repository/org/apache/accumulo/accumulo-core/1.5.0-SNAPSHOT/accumulo-core-1.5.0-SNAPSHOT.jar:/home/tdurieux/.m2/repository/commons-net/commons-net/1.4.1/commons-net-1.4.1.jar:/home/tdurieux/.m2/repository/commons-el/commons-el/1.0/commons-el-1.0.jar:/home/tdurieux/.m2/repository/commons-logging/commons-logging-api/1.0.4/commons-logging-api-1.0.4.jar:/home/tdurieux/.m2/repository/commons-digester/commons-digester/1.8/commons-digester-1.8.jar:/home/tdurieux/.m2/repository/org/apache/hadoop/zookeeper/3.3.1/zookeeper-3.3.1.jar:/home/tdurieux/.m2/repository/org/slf4j/slf4j-log4j12/1.4.3/slf4j-log4j12-1.4.3.jar:/home/tdurieux/.m2/repository/oro/oro/2.0.8/oro-2.0.8.jar:/home/tdurieux/.m2/repository/commons-lang/commons-lang/2.4/commons-lang-2.4.jar:/home/tdurieux/.m2/repository/log4j/log4j/1.2.16/log4j-1.2.16.jar:/home/tdurieux/.m2/repository/org/apache/accumulo/accumulo-server/1.5.0-SNAPSHOT/accumulo-server-1.5.0-SNAPSHOT.jar:/home/tdurieux/.m2/repository/org/apache/httpcomponents/httpclient/4.1.3/httpclient-4.1.3.jar:/home/tdurieux/.m2/repository/commons-httpclient/commons-httpclient/3.0.1/commons-httpclient-3.0.1.jar:/home/tdurieux/.m2/repository/tomcat/jasper-runtime/5.5.12/jasper-runtime-5.5.12.jar:/home/tdurieux/.m2/repository/commons-codec/commons-codec/1.3/commons-codec-1.3.jar:/home/tdurieux/.m2/repository/org/apache/commons/commons-jci-fam/1.0/commons-jci-fam-1.0.jar:/home/tdurieux/.m2/repository/commons-beanutils/commons-beanutils-core/1.7.0/commons-beanutils-core-1.7.0.jar:/home/tdurieux/.m2/repository/org/apache/commons/commons-math/2.1/commons-math-2.1.jar:/home/tdurieux/.m2/repository/org/eclipse/jdt/core/3.1.1/core-3.1.1.jar:/home/tdurieux/.m2/repository/org/apache/hadoop/hadoop-core/0.20.205.0/hadoop-core-0.20.205.0.jar:/home/tdurieux/.m2/repository/commons-beanutils/commons-beanutils/1.7.0/commons-beanutils-1.7.0.jar:/home/tdurieux/.m2/repository/javax/servlet/servlet-api/2.4/servlet-api-2.4.jar:/home/tdurieux/defects4j4repair/script/../repair_tools/nopol.jar";
	echo "\n\nNode: `hostname`\n";
	echo "\n\nDate: `date`\n";
Picked up JAVA_TOOL_OPTIONS: -Dfile.encoding=UTF8 -Duser.language=en-US -Duser.country=US -Duser.language=en
05:16:45.902 [main] INFO  fr.inria.lille.repair.nopol.NoPol - Source files: [core/src/main/java]
05:16:45.905 [main] INFO  fr.inria.lille.repair.nopol.NoPol - Classpath: [file:/tmp/Nopol_Bug_dot_jar_Accumulo_a450ac2f/core/target/classes/, file:/tmp/Nopol_Bug_dot_jar_Accumulo_a450ac2f/core/target/test-classes/, file:/tmp/Nopol_Bug_dot_jar_Accumulo_a450ac2f/trace/target/classes/, file:/tmp/Nopol_Bug_dot_jar_Accumulo_a450ac2f/start/target/classes/, file:/tmp/Nopol_Bug_dot_jar_Accumulo_a450ac2f/fate/target/classes/, file:/tmp/Nopol_Bug_dot_jar_Accumulo_a450ac2f/server/target/classes/, file:/tmp/Nopol_Bug_dot_jar_Accumulo_a450ac2f/examples/simple/target/classes/, file:/home/tdurieux/.m2/repository/net/java/dev/jets3t/jets3t/0.7.1/jets3t-0.7.1.jar, file:/home/tdurieux/.m2/repository/net/sf/kosmosfs/kfs/0.3/kfs-0.3.jar, file:/home/tdurieux/.m2/repository/xmlenc/xmlenc/0.52/xmlenc-0.52.jar, file:/home/tdurieux/.m2/repository/org/mortbay/jetty/servlet-api-2.5/6.1.14/servlet-api-2.5-6.1.14.jar, file:/home/tdurieux/.m2/repository/commons-io/commons-io/1.4/commons-io-1.4.jar, file:/home/tdurieux/.m2/repository/org/apache/accumulo/examples-simple/1.5.0-SNAPSHOT/examples-simple-1.5.0-SNAPSHOT.jar, file:/home/tdurieux/.m2/repository/org/apache/accumulo/accumulo-start/1.5.0-SNAPSHOT/accumulo-start-1.5.0-SNAPSHOT.jar, file:/home/tdurieux/.m2/repository/org/apache/accumulo/cloudtrace/1.5.0-SNAPSHOT/cloudtrace-1.5.0-SNAPSHOT.jar, file:/home/tdurieux/.m2/repository/org/mortbay/jetty/jetty-util/6.1.26/jetty-util-6.1.26.jar, file:/home/tdurieux/.m2/repository/hsqldb/hsqldb/1.8.0.10/hsqldb-1.8.0.10.jar, file:/home/tdurieux/.m2/repository/ant/ant/1.6.5/ant-1.6.5.jar, file:/home/tdurieux/.m2/repository/org/slf4j/slf4j-api/1.4.3/slf4j-api-1.4.3.jar, file:/home/tdurieux/.m2/repository/org/apache/accumulo/accumulo-fate/1.5.0-SNAPSHOT/accumulo-fate-1.5.0-SNAPSHOT.jar, file:/home/tdurieux/.m2/repository/commons-configuration/commons-configuration/1.5/commons-configuration-1.5.jar, file:/home/tdurieux/.m2/repository/commons-cli/commons-cli/1.2/commons-cli-1.2.jar, file:/home/tdurieux/.m2/repository/org/apache/thrift/libthrift/0.9.0/libthrift-0.9.0.jar, file:/home/tdurieux/.m2/repository/tomcat/jasper-compiler/5.5.12/jasper-compiler-5.5.12.jar, file:/home/tdurieux/.m2/repository/org/mortbay/jetty/jsp-2.1/6.1.14/jsp-2.1-6.1.14.jar, file:/home/tdurieux/.m2/repository/org/mortbay/jetty/jetty/6.1.26/jetty-6.1.26.jar, file:/home/tdurieux/.m2/repository/commons-logging/commons-logging/1.0.4/commons-logging-1.0.4.jar, file:/home/tdurieux/.m2/repository/org/apache/httpcomponents/httpcore/4.1.3/httpcore-4.1.3.jar, file:/home/tdurieux/.m2/repository/org/mortbay/jetty/jsp-api-2.1/6.1.14/jsp-api-2.1-6.1.14.jar, file:/home/tdurieux/.m2/repository/commons-collections/commons-collections/3.2/commons-collections-3.2.jar, file:/home/tdurieux/.m2/repository/jline/jline/0.9.94/jline-0.9.94.jar, file:/home/tdurieux/.m2/repository/org/mortbay/jetty/servlet-api/2.5-20081211/servlet-api-2.5-20081211.jar, file:/home/tdurieux/.m2/repository/junit/junit/4.4/junit-4.4.jar, file:/home/tdurieux/.m2/repository/org/apache/accumulo/accumulo-core/1.5.0-SNAPSHOT/accumulo-core-1.5.0-SNAPSHOT.jar, file:/home/tdurieux/.m2/repository/commons-net/commons-net/1.4.1/commons-net-1.4.1.jar, file:/home/tdurieux/.m2/repository/commons-el/commons-el/1.0/commons-el-1.0.jar, file:/home/tdurieux/.m2/repository/commons-logging/commons-logging-api/1.0.4/commons-logging-api-1.0.4.jar, file:/home/tdurieux/.m2/repository/commons-digester/commons-digester/1.8/commons-digester-1.8.jar, file:/home/tdurieux/.m2/repository/org/apache/hadoop/zookeeper/3.3.1/zookeeper-3.3.1.jar, file:/home/tdurieux/.m2/repository/org/slf4j/slf4j-log4j12/1.4.3/slf4j-log4j12-1.4.3.jar, file:/home/tdurieux/.m2/repository/oro/oro/2.0.8/oro-2.0.8.jar, file:/home/tdurieux/.m2/repository/commons-lang/commons-lang/2.4/commons-lang-2.4.jar, file:/home/tdurieux/.m2/repository/log4j/log4j/1.2.16/log4j-1.2.16.jar, file:/home/tdurieux/.m2/repository/org/apache/accumulo/accumulo-server/1.5.0-SNAPSHOT/accumulo-server-1.5.0-SNAPSHOT.jar, file:/home/tdurieux/.m2/repository/org/apache/httpcomponents/httpclient/4.1.3/httpclient-4.1.3.jar, file:/home/tdurieux/.m2/repository/commons-httpclient/commons-httpclient/3.0.1/commons-httpclient-3.0.1.jar, file:/home/tdurieux/.m2/repository/tomcat/jasper-runtime/5.5.12/jasper-runtime-5.5.12.jar, file:/home/tdurieux/.m2/repository/commons-codec/commons-codec/1.3/commons-codec-1.3.jar, file:/home/tdurieux/.m2/repository/org/apache/commons/commons-jci-fam/1.0/commons-jci-fam-1.0.jar, file:/home/tdurieux/.m2/repository/commons-beanutils/commons-beanutils-core/1.7.0/commons-beanutils-core-1.7.0.jar, file:/home/tdurieux/.m2/repository/org/apache/commons/commons-math/2.1/commons-math-2.1.jar, file:/home/tdurieux/.m2/repository/org/eclipse/jdt/core/3.1.1/core-3.1.1.jar, file:/home/tdurieux/.m2/repository/org/apache/hadoop/hadoop-core/0.20.205.0/hadoop-core-0.20.205.0.jar, file:/home/tdurieux/.m2/repository/commons-beanutils/commons-beanutils/1.7.0/commons-beanutils-1.7.0.jar, file:/home/tdurieux/.m2/repository/javax/servlet/servlet-api/2.4/servlet-api-2.4.jar, file:/home/tdurieux/defects4j4repair/script/../repair_tools/nopol.jar]
05:16:45.905 [main] INFO  fr.inria.lille.repair.nopol.NoPol - Statement type: PRE_THEN_COND
05:16:45.905 [main] INFO  fr.inria.lille.repair.nopol.NoPol - Args: [org.apache.accumulo.core.client.ClientSideIteratorTest, org.apache.accumulo.core.client.RowIteratorTest, org.apache.accumulo.core.client.TestThrift1474, org.apache.accumulo.core.client.admin.FindMaxTest, org.apache.accumulo.core.client.admin.TableOperationsHelperTest, org.apache.accumulo.core.client.impl.ScannerOptionsTest, org.apache.accumulo.core.client.impl.TabletLocatorImplTest, org.apache.accumulo.core.client.mapreduce.AccumuloFileOutputFormatTest, org.apache.accumulo.core.client.mapreduce.AccumuloInputFormatTest, org.apache.accumulo.core.client.mapreduce.AccumuloOutputFormatTest, org.apache.accumulo.core.client.mapreduce.AccumuloRowInputFormatTest, org.apache.accumulo.core.client.mapreduce.lib.partition.RangePartitionerTest, org.apache.accumulo.core.client.mock.MockConnectorTest, org.apache.accumulo.core.client.mock.MockTableOperationsTest, org.apache.accumulo.core.client.mock.TestBatchScanner821, org.apache.accumulo.core.conf.PropertyTest, org.apache.accumulo.core.data.ColumnTest, org.apache.accumulo.core.data.KeyExtentTest, org.apache.accumulo.core.data.KeyTest, org.apache.accumulo.core.data.MutationTest, org.apache.accumulo.core.data.RangeTest, org.apache.accumulo.core.file.blockfile.cache.TestCachedBlockQueue, org.apache.accumulo.core.file.blockfile.cache.TestLruBlockCache, org.apache.accumulo.core.file.rfile.MultiLevelIndexTest, org.apache.accumulo.core.file.rfile.RFileTest, org.apache.accumulo.core.file.rfile.RelativeKeyTest, org.apache.accumulo.core.iterators.AggregatingIteratorTest, org.apache.accumulo.core.iterators.FirstEntryInRowIteratorTest, org.apache.accumulo.core.iterators.FirstEntryInRowTest, org.apache.accumulo.core.iterators.IterUtilTest, org.apache.accumulo.core.iterators.aggregation.NumSummationTest, org.apache.accumulo.core.iterators.aggregation.conf.AggregatorConfigurationTest, org.apache.accumulo.core.iterators.system.ColumnFamilySkippingIteratorTest, org.apache.accumulo.core.iterators.system.ColumnFilterTest, org.apache.accumulo.core.iterators.system.DeletingIteratorTest, org.apache.accumulo.core.iterators.system.MultiIteratorTest, org.apache.accumulo.core.iterators.system.SourceSwitchingIteratorTest, org.apache.accumulo.core.iterators.system.TimeSettingIteratorTest, org.apache.accumulo.core.iterators.user.CombinerTest, org.apache.accumulo.core.iterators.user.FilterTest, org.apache.accumulo.core.iterators.user.GrepIteratorTest, org.apache.accumulo.core.iterators.user.IndexedDocIteratorTest, org.apache.accumulo.core.iterators.user.IntersectingIteratorTest, org.apache.accumulo.core.iterators.user.LargeRowFilterTest, org.apache.accumulo.core.iterators.user.RegExFilterTest, org.apache.accumulo.core.iterators.user.RowDeletingIteratorTest, org.apache.accumulo.core.iterators.user.RowFilterTest, org.apache.accumulo.core.iterators.user.VersioningIteratorTest, org.apache.accumulo.core.iterators.user.WholeRowIteratorTest, org.apache.accumulo.core.security.AuthorizationsTest, org.apache.accumulo.core.security.ColumnVisibilityTest, org.apache.accumulo.core.security.VisibilityEvaluatorTest, org.apache.accumulo.core.util.AddressUtilTest, org.apache.accumulo.core.util.EscapeTokenizerTest, org.apache.accumulo.core.util.LocalityGroupUtilTest, org.apache.accumulo.core.util.MergeTest, org.apache.accumulo.core.util.MetadataTableTest, org.apache.accumulo.core.util.TestStringUtil, org.apache.accumulo.core.util.TestVersion, org.apache.accumulo.core.util.TextUtilTest, org.apache.accumulo.core.util.shell.ShellTest, org.apache.accumulo.core.util.shell.command.FormatterCommandTest]
05:16:45.907 [main] INFO  fr.inria.lille.repair.nopol.NoPol - Config: Config{synthesisDepth=3, collectStaticMethods=true, collectStaticFields=false, collectLiterals=false, onlyOneSynthesisResult=true, sortExpressions=true, maxLineInvocationPerTest=250, timeoutMethodInvocation=2000, dataCollectionTimeoutInSecondForSynthesis=900, addWeight=0.19478, subWeight=0.04554, mulWeight=0.0102, divWeight=0.00613, andWeight=0.10597, orWeight=0.05708, eqWeight=0.22798, nEqWeight=0.0, lessEqWeight=0.0255, lessWeight=0.0947, methodCallWeight=0.1, fieldAccessWeight=0.08099, constantWeight=0.14232, variableWeight=0.05195, mode=REPAIR, type=PRE_THEN_COND, synthesis=SMT, oracle=ANGELIC, solver=Z3, solverPath='/home/tdurieux/defects4j4repair/script/../libs/z3/build/z3', projectSources=[core/src/main/java], projectClasspath='[Ljava.net.URL;@66d33a', projectTests=[org.apache.accumulo.core.client.ClientSideIteratorTest, org.apache.accumulo.core.client.RowIteratorTest, org.apache.accumulo.core.client.TestThrift1474, org.apache.accumulo.core.client.admin.FindMaxTest, org.apache.accumulo.core.client.admin.TableOperationsHelperTest, org.apache.accumulo.core.client.impl.ScannerOptionsTest, org.apache.accumulo.core.client.impl.TabletLocatorImplTest, org.apache.accumulo.core.client.mapreduce.AccumuloFileOutputFormatTest, org.apache.accumulo.core.client.mapreduce.AccumuloInputFormatTest, org.apache.accumulo.core.client.mapreduce.AccumuloOutputFormatTest, org.apache.accumulo.core.client.mapreduce.AccumuloRowInputFormatTest, org.apache.accumulo.core.client.mapreduce.lib.partition.RangePartitionerTest, org.apache.accumulo.core.client.mock.MockConnectorTest, org.apache.accumulo.core.client.mock.MockTableOperationsTest, org.apache.accumulo.core.client.mock.TestBatchScanner821, org.apache.accumulo.core.conf.PropertyTest, org.apache.accumulo.core.data.ColumnTest, org.apache.accumulo.core.data.KeyExtentTest, org.apache.accumulo.core.data.KeyTest, org.apache.accumulo.core.data.MutationTest, org.apache.accumulo.core.data.RangeTest, org.apache.accumulo.core.file.blockfile.cache.TestCachedBlockQueue, org.apache.accumulo.core.file.blockfile.cache.TestLruBlockCache, org.apache.accumulo.core.file.rfile.MultiLevelIndexTest, org.apache.accumulo.core.file.rfile.RFileTest, org.apache.accumulo.core.file.rfile.RelativeKeyTest, org.apache.accumulo.core.iterators.AggregatingIteratorTest, org.apache.accumulo.core.iterators.FirstEntryInRowIteratorTest, org.apache.accumulo.core.iterators.FirstEntryInRowTest, org.apache.accumulo.core.iterators.IterUtilTest, org.apache.accumulo.core.iterators.aggregation.NumSummationTest, org.apache.accumulo.core.iterators.aggregation.conf.AggregatorConfigurationTest, org.apache.accumulo.core.iterators.system.ColumnFamilySkippingIteratorTest, org.apache.accumulo.core.iterators.system.ColumnFilterTest, org.apache.accumulo.core.iterators.system.DeletingIteratorTest, org.apache.accumulo.core.iterators.system.MultiIteratorTest, org.apache.accumulo.core.iterators.system.SourceSwitchingIteratorTest, org.apache.accumulo.core.iterators.system.TimeSettingIteratorTest, org.apache.accumulo.core.iterators.user.CombinerTest, org.apache.accumulo.core.iterators.user.FilterTest, org.apache.accumulo.core.iterators.user.GrepIteratorTest, org.apache.accumulo.core.iterators.user.IndexedDocIteratorTest, org.apache.accumulo.core.iterators.user.IntersectingIteratorTest, org.apache.accumulo.core.iterators.user.LargeRowFilterTest, org.apache.accumulo.core.iterators.user.RegExFilterTest, org.apache.accumulo.core.iterators.user.RowDeletingIteratorTest, org.apache.accumulo.core.iterators.user.RowFilterTest, org.apache.accumulo.core.iterators.user.VersioningIteratorTest, org.apache.accumulo.core.iterators.user.WholeRowIteratorTest, org.apache.accumulo.core.security.AuthorizationsTest, org.apache.accumulo.core.security.ColumnVisibilityTest, org.apache.accumulo.core.security.VisibilityEvaluatorTest, org.apache.accumulo.core.util.AddressUtilTest, org.apache.accumulo.core.util.EscapeTokenizerTest, org.apache.accumulo.core.util.LocalityGroupUtilTest, org.apache.accumulo.core.util.MergeTest, org.apache.accumulo.core.util.MetadataTableTest, org.apache.accumulo.core.util.TestStringUtil, org.apache.accumulo.core.util.TestVersion, org.apache.accumulo.core.util.TextUtilTest, org.apache.accumulo.core.util.shell.ShellTest, org.apache.accumulo.core.util.shell.command.FormatterCommandTest], complianceLevel=7, outputFolder=., json=true}
05:16:45.907 [main] INFO  fr.inria.lille.repair.nopol.NoPol - Available processors (cores): 32
05:16:45.912 [main] INFO  fr.inria.lille.repair.nopol.NoPol - Free memory: 868 MB
05:16:45.912 [main] INFO  fr.inria.lille.repair.nopol.NoPol - Maximum memory: 3 GB
05:16:45.912 [main] INFO  fr.inria.lille.repair.nopol.NoPol - Total memory available to JVM: 981 MB
05:16:45.912 [main] INFO  fr.inria.lille.repair.nopol.NoPol - Java version: 1.8.0_181
05:16:45.913 [main] INFO  fr.inria.lille.repair.nopol.NoPol - JAVA_HOME: /usr/lib/jvm/java-1.8.0-openjdk-amd64/bin/
05:16:45.913 [main] INFO  fr.inria.lille.repair.nopol.NoPol - PATH: /usr/lib/jvm/java-1.8.0-openjdk-amd64/bin/:/usr/lib/oar/oardodo:/usr/lib/oar/oardodo:/usr/local/bin:/usr/bin:/bin:/usr/games
05:17:02.073 [pool-2-thread-1] DEBUG fr.inria.lille.repair.nopol.NoPol - statement #1
05:17:02.074 [pool-2-thread-1] DEBUG fr.inria.lille.repair.nopol.NoPol - Analysing SourceLocation org.apache.accumulo.core.client.mock.TransformIterator:7 which is executed by 1 tests
05:17:02.075 [pool-2-thread-1] DEBUG fr.inria.lille.repair.nopol.NoPol - cannot spoon SourceLocation org.apache.accumulo.core.client.mock.TransformIterator:7
05:17:02.075 [pool-2-thread-1] DEBUG fr.inria.lille.repair.nopol.NoPol - statement #2
05:17:02.075 [pool-2-thread-1] DEBUG fr.inria.lille.repair.nopol.NoPol - Analysing SourceLocation org.apache.accumulo.core.client.mock.TransformIterator:12 which is executed by 1 tests
05:17:02.075 [pool-2-thread-1] DEBUG fr.inria.lille.repair.nopol.NoPol - cannot spoon SourceLocation org.apache.accumulo.core.client.mock.TransformIterator:12
05:17:02.075 [pool-2-thread-1] DEBUG fr.inria.lille.repair.nopol.NoPol - statement #3
05:17:02.075 [pool-2-thread-1] DEBUG fr.inria.lille.repair.nopol.NoPol - Analysing SourceLocation org.apache.accumulo.core.client.mock.TransformIterator:11 which is executed by 1 tests
05:17:02.075 [pool-2-thread-1] DEBUG fr.inria.lille.repair.nopol.NoPol - cannot spoon SourceLocation org.apache.accumulo.core.client.mock.TransformIterator:11
05:17:02.075 [pool-2-thread-1] DEBUG fr.inria.lille.repair.nopol.NoPol - statement #4
05:17:02.076 [pool-2-thread-1] DEBUG fr.inria.lille.repair.nopol.NoPol - Analysing SourceLocation org.apache.accumulo.core.client.mock.MockBatchScanner$RangesFilter:67 which is executed by 1 tests
1331156015
05:17:02.539 [pool-2-thread-1] DEBUG fr.inria.lille.repair.nopol.NoPol - statement #5
05:17:02.539 [pool-2-thread-1] DEBUG fr.inria.lille.repair.nopol.NoPol - Analysing SourceLocation org.apache.accumulo.core.client.mock.MockBatchScanner$RangesFilter:66 which is executed by 1 tests
1331156015
05:17:02.679 [pool-2-thread-1] DEBUG fr.inria.lille.repair.nopol.NoPol - statement #6
05:17:02.679 [pool-2-thread-1] DEBUG fr.inria.lille.repair.nopol.NoPol - Analysing SourceLocation org.apache.accumulo.core.iterators.IteratorUtil:211 which is executed by 3 tests
691657137
05:17:02.829 [pool-2-thread-1] DEBUG fr.inria.lille.repair.nopol.NoPol - statement #7
05:17:02.830 [pool-2-thread-1] DEBUG fr.inria.lille.repair.nopol.NoPol - Analysing SourceLocation org.apache.accumulo.core.iterators.IteratorUtil:207 which is executed by 3 tests
691657137
05:17:02.976 [pool-2-thread-1] DEBUG fr.inria.lille.repair.nopol.NoPol - looking with class fr.inria.lille.repair.nopol.spoon.smt.ConditionalAdder
org.junit.ComparisonFailure: expected:<[a,b,c,d]> but was:<[]>
    at org.junit.Assert.assertEquals(Assert.java:115)
    at org.junit.Assert.assertEquals(Assert.java:144)
    at org.apache.accumulo.core.client.mock.TestBatchScanner821.test(TestBatchScanner821.java:45)
    at sun.reflect.NativeMethodAccessorImpl.invoke0(Native Method)
    at sun.reflect.NativeMethodAccessorImpl.invoke(NativeMethodAccessorImpl.java:62)
    at sun.reflect.DelegatingMethodAccessorImpl.invoke(DelegatingMethodAccessorImpl.java:43)
05:17:03.245 [pool-4-thread-1] INFO  xxl.java.junit.TestCasesListener - Tests run finished (250 ms)
<> Total tests run: 1
<> Ignored tests: 0
<> Failed tests: 1
~ test(org.apache.accumulo.core.client.mock.TestBatchScanner821)
[expected:<[a,b,c,d]> but was:<[]>]
org.junit.ComparisonFailure: expected:<[a,b,c,d]> but was:<[]>    at org.junit.Assert.assertEquals(Assert.java:115)
    at org.junit.Assert.assertEquals(Assert.java:144)
    at org.apache.accumulo.core.client.mock.TestBatchScanner821.test(TestBatchScanner821.java:45)
    at sun.reflect.NativeMethodAccessorImpl.invoke0(Native Method)
    at sun.reflect.NativeMethodAccessorImpl.invoke(NativeMethodAccessorImpl.java:62)
    at sun.reflect.DelegatingMethodAccessorImpl.invoke(DelegatingMethodAccessorImpl.java:43)

org.junit.ComparisonFailure: expected:<[a,b,c,d]> but was:<[]>
    at org.junit.Assert.assertEquals(Assert.java:115)
    at org.junit.Assert.assertEquals(Assert.java:144)
    at org.apache.accumulo.core.client.mock.TestBatchScanner821.test(TestBatchScanner821.java:45)
    at sun.reflect.NativeMethodAccessorImpl.invoke0(Native Method)
    at sun.reflect.NativeMethodAccessorImpl.invoke(NativeMethodAccessorImpl.java:62)
    at sun.reflect.DelegatingMethodAccessorImpl.invoke(DelegatingMethodAccessorImpl.java:43)
05:17:04.218 [pool-5-thread-1] INFO  f.i.l.c.t.SpecificationTestCasesListener - Tests run finished (133 ms)
<> Total tests run: 1
<> Ignored tests: 0
<> Failed tests: 1
~ test(org.apache.accumulo.core.client.mock.TestBatchScanner821)
[expected:<[a,b,c,d]> but was:<[]>]
org.junit.ComparisonFailure: expected:<[a,b,c,d]> but was:<[]>    at org.junit.Assert.assertEquals(Assert.java:115)
    at org.junit.Assert.assertEquals(Assert.java:144)
    at org.apache.accumulo.core.client.mock.TestBatchScanner821.test(TestBatchScanner821.java:45)
    at sun.reflect.NativeMethodAccessorImpl.invoke0(Native Method)
    at sun.reflect.NativeMethodAccessorImpl.invoke(NativeMethodAccessorImpl.java:62)
    at sun.reflect.DelegatingMethodAccessorImpl.invoke(DelegatingMethodAccessorImpl.java:43)

org.junit.ComparisonFailure: expected:<[a,b,c,d]> but was:<[]>
    at org.junit.Assert.assertEquals(Assert.java:115)
    at org.junit.Assert.assertEquals(Assert.java:144)
    at org.apache.accumulo.core.client.mock.TestBatchScanner821.test(TestBatchScanner821.java:45)
    at sun.reflect.NativeMethodAccessorImpl.invoke0(Native Method)
    at sun.reflect.NativeMethodAccessorImpl.invoke(NativeMethodAccessorImpl.java:62)
    at sun.reflect.DelegatingMethodAccessorImpl.invoke(DelegatingMethodAccessorImpl.java:43)
05:17:04.221 [pool-6-thread-1] INFO  f.i.l.c.t.SpecificationTestCasesListener - Tests run finished (2 ms)
<> Total tests run: 1
<> Ignored tests: 0
<> Failed tests: 1
~ test(org.apache.accumulo.core.client.mock.TestBatchScanner821)
[expected:<[a,b,c,d]> but was:<[]>]
org.junit.ComparisonFailure: expected:<[a,b,c,d]> but was:<[]>    at org.junit.Assert.assertEquals(Assert.java:115)
    at org.junit.Assert.assertEquals(Assert.java:144)
    at org.apache.accumulo.core.client.mock.TestBatchScanner821.test(TestBatchScanner821.java:45)
    at sun.reflect.NativeMethodAccessorImpl.invoke0(Native Method)
    at sun.reflect.NativeMethodAccessorImpl.invoke(NativeMethodAccessorImpl.java:62)
    at sun.reflect.DelegatingMethodAccessorImpl.invoke(DelegatingMethodAccessorImpl.java:43)

05:17:04.222 [pool-3-thread-1] DEBUG tests.output - Failing tests with false: 
[test(org.apache.accumulo.core.client.mock.TestBatchScanner821): expected:<[a,b,c,d]> but was:<[]>]
05:17:04.222 [pool-3-thread-1] DEBUG tests.output - Failing tests with true: 
[test(org.apache.accumulo.core.client.mock.TestBatchScanner821): expected:<[a,b,c,d]> but was:<[]>]
05:17:04.222 [pool-3-thread-1] INFO  f.i.l.r.n.synth.SMTNopolSynthesizer - Not enough specifications: 0. A trivial patch is "true" or "false", please write new tests specifying SourceLocation org.apache.accumulo.core.iterators.IteratorUtil:207.
05:17:04.222 [pool-2-thread-1] DEBUG fr.inria.lille.repair.nopol.NoPol - statement #8
05:17:04.222 [pool-2-thread-1] DEBUG fr.inria.lille.repair.nopol.NoPol - Analysing SourceLocation org.apache.accumulo.core.iterators.IteratorUtil:206 which is executed by 3 tests
691657137
05:17:04.370 [pool-2-thread-1] DEBUG fr.inria.lille.repair.nopol.NoPol - looking with class fr.inria.lille.repair.nopol.spoon.smt.ConditionalAdder
org.junit.ComparisonFailure: expected:<[a,b,c,d]> but was:<[]>
    at org.junit.Assert.assertEquals(Assert.java:115)
    at org.junit.Assert.assertEquals(Assert.java:144)
    at org.apache.accumulo.core.client.mock.TestBatchScanner821.test(TestBatchScanner821.java:45)
    at sun.reflect.NativeMethodAccessorImpl.invoke0(Native Method)
    at sun.reflect.NativeMethodAccessorImpl.invoke(NativeMethodAccessorImpl.java:62)
    at sun.reflect.DelegatingMethodAccessorImpl.invoke(DelegatingMethodAccessorImpl.java:43)
05:17:04.494 [pool-8-thread-1] INFO  xxl.java.junit.TestCasesListener - Tests run finished (122 ms)
<> Total tests run: 1
<> Ignored tests: 0
<> Failed tests: 1
~ test(org.apache.accumulo.core.client.mock.TestBatchScanner821)
[expected:<[a,b,c,d]> but was:<[]>]
org.junit.ComparisonFailure: expected:<[a,b,c,d]> but was:<[]>    at org.junit.Assert.assertEquals(Assert.java:115)
    at org.junit.Assert.assertEquals(Assert.java:144)
    at org.apache.accumulo.core.client.mock.TestBatchScanner821.test(TestBatchScanner821.java:45)
    at sun.reflect.NativeMethodAccessorImpl.invoke0(Native Method)
    at sun.reflect.NativeMethodAccessorImpl.invoke(NativeMethodAccessorImpl.java:62)
    at sun.reflect.DelegatingMethodAccessorImpl.invoke(DelegatingMethodAccessorImpl.java:43)

org.junit.ComparisonFailure: expected:<[a,b,c,d]> but was:<[]>
    at org.junit.Assert.assertEquals(Assert.java:115)
    at org.junit.Assert.assertEquals(Assert.java:144)
    at org.apache.accumulo.core.client.mock.TestBatchScanner821.test(TestBatchScanner821.java:45)
    at sun.reflect.NativeMethodAccessorImpl.invoke0(Native Method)
    at sun.reflect.NativeMethodAccessorImpl.invoke(NativeMethodAccessorImpl.java:62)
    at sun.reflect.DelegatingMethodAccessorImpl.invoke(DelegatingMethodAccessorImpl.java:43)
05:17:04.984 [pool-9-thread-1] INFO  f.i.l.c.t.SpecificationTestCasesListener - Tests run finished (129 ms)
<> Total tests run: 1
<> Ignored tests: 0
<> Failed tests: 1
~ test(org.apache.accumulo.core.client.mock.TestBatchScanner821)
[expected:<[a,b,c,d]> but was:<[]>]
org.junit.ComparisonFailure: expected:<[a,b,c,d]> but was:<[]>    at org.junit.Assert.assertEquals(Assert.java:115)
    at org.junit.Assert.assertEquals(Assert.java:144)
    at org.apache.accumulo.core.client.mock.TestBatchScanner821.test(TestBatchScanner821.java:45)
    at sun.reflect.NativeMethodAccessorImpl.invoke0(Native Method)
    at sun.reflect.NativeMethodAccessorImpl.invoke(NativeMethodAccessorImpl.java:62)
    at sun.reflect.DelegatingMethodAccessorImpl.invoke(DelegatingMethodAccessorImpl.java:43)

org.junit.ComparisonFailure: expected:<[a,b,c,d]> but was:<[]>
    at org.junit.Assert.assertEquals(Assert.java:115)
    at org.junit.Assert.assertEquals(Assert.java:144)
    at org.apache.accumulo.core.client.mock.TestBatchScanner821.test(TestBatchScanner821.java:45)
    at sun.reflect.NativeMethodAccessorImpl.invoke0(Native Method)
    at sun.reflect.NativeMethodAccessorImpl.invoke(NativeMethodAccessorImpl.java:62)
    at sun.reflect.DelegatingMethodAccessorImpl.invoke(DelegatingMethodAccessorImpl.java:43)
05:17:04.987 [pool-10-thread-1] INFO  f.i.l.c.t.SpecificationTestCasesListener - Tests run finished (2 ms)
<> Total tests run: 1
<> Ignored tests: 0
<> Failed tests: 1
~ test(org.apache.accumulo.core.client.mock.TestBatchScanner821)
[expected:<[a,b,c,d]> but was:<[]>]
org.junit.ComparisonFailure: expected:<[a,b,c,d]> but was:<[]>    at org.junit.Assert.assertEquals(Assert.java:115)
    at org.junit.Assert.assertEquals(Assert.java:144)
    at org.apache.accumulo.core.client.mock.TestBatchScanner821.test(TestBatchScanner821.java:45)
    at sun.reflect.NativeMethodAccessorImpl.invoke0(Native Method)
    at sun.reflect.NativeMethodAccessorImpl.invoke(NativeMethodAccessorImpl.java:62)
    at sun.reflect.DelegatingMethodAccessorImpl.invoke(DelegatingMethodAccessorImpl.java:43)

05:17:04.987 [pool-7-thread-1] DEBUG tests.output - Failing tests with false: 
[test(org.apache.accumulo.core.client.mock.TestBatchScanner821): expected:<[a,b,c,d]> but was:<[]>]
05:17:04.988 [pool-7-thread-1] DEBUG tests.output - Failing tests with true: 
[test(org.apache.accumulo.core.client.mock.TestBatchScanner821): expected:<[a,b,c,d]> but was:<[]>]
05:17:04.988 [pool-7-thread-1] INFO  f.i.l.r.n.synth.SMTNopolSynthesizer - Not enough specifications: 0. A trivial patch is "true" or "false", please write new tests specifying SourceLocation org.apache.accumulo.core.iterators.IteratorUtil:206.
05:17:04.988 [pool-2-thread-1] DEBUG fr.inria.lille.repair.nopol.NoPol - looking with class fr.inria.lille.repair.nopol.spoon.smt.ConditionalReplacer
org.junit.ComparisonFailure: expected:<[a,b,c,d]> but was:<[]>
    at org.junit.Assert.assertEquals(Assert.java:115)
    at org.junit.Assert.assertEquals(Assert.java:144)
    at org.apache.accumulo.core.client.mock.TestBatchScanner821.test(TestBatchScanner821.java:45)
    at sun.reflect.NativeMethodAccessorImpl.invoke0(Native Method)
    at sun.reflect.NativeMethodAccessorImpl.invoke(NativeMethodAccessorImpl.java:62)
    at sun.reflect.DelegatingMethodAccessorImpl.invoke(DelegatingMethodAccessorImpl.java:43)
05:17:05.122 [pool-12-thread-1] INFO  xxl.java.junit.TestCasesListener - Tests run finished (133 ms)
<> Total tests run: 1
<> Ignored tests: 0
<> Failed tests: 1
~ test(org.apache.accumulo.core.client.mock.TestBatchScanner821)
[expected:<[a,b,c,d]> but was:<[]>]
org.junit.ComparisonFailure: expected:<[a,b,c,d]> but was:<[]>    at org.junit.Assert.assertEquals(Assert.java:115)
    at org.junit.Assert.assertEquals(Assert.java:144)
    at org.apache.accumulo.core.client.mock.TestBatchScanner821.test(TestBatchScanner821.java:45)
    at sun.reflect.NativeMethodAccessorImpl.invoke0(Native Method)
    at sun.reflect.NativeMethodAccessorImpl.invoke(NativeMethodAccessorImpl.java:62)
    at sun.reflect.DelegatingMethodAccessorImpl.invoke(DelegatingMethodAccessorImpl.java:43)

java.lang.NullPointerException
    at org.apache.accumulo.core.iterators.IteratorUtil.loadIterators(IteratorUtil.java:154)
    at org.apache.accumulo.core.client.mock.MockScannerBase.createFilter(MockScannerBase.java:108)
    at org.apache.accumulo.core.client.mock.MockBatchScanner.iterator(MockBatchScanner.java:82)
    at org.apache.accumulo.core.client.mock.TestBatchScanner821.test(TestBatchScanner821.java:40)
    at sun.reflect.NativeMethodAccessorImpl.invoke0(Native Method)
    at sun.reflect.NativeMethodAccessorImpl.invoke(NativeMethodAccessorImpl.java:62)
05:17:05.594 [pool-13-thread-1] INFO  f.i.l.c.t.SpecificationTestCasesListener - Tests run finished (112 ms)
<> Total tests run: 1
<> Ignored tests: 0
<> Failed tests: 1
~ test(org.apache.accumulo.core.client.mock.TestBatchScanner821)
[null]
java.lang.NullPointerException    at org.apache.accumulo.core.iterators.IteratorUtil.loadIterators(IteratorUtil.java:154)
    at org.apache.accumulo.core.client.mock.MockScannerBase.createFilter(MockScannerBase.java:108)
    at org.apache.accumulo.core.client.mock.MockBatchScanner.iterator(MockBatchScanner.java:82)
    at org.apache.accumulo.core.client.mock.TestBatchScanner821.test(TestBatchScanner821.java:40)
    at sun.reflect.NativeMethodAccessorImpl.invoke0(Native Method)
    at sun.reflect.NativeMethodAccessorImpl.invoke(NativeMethodAccessorImpl.java:62)

org.junit.ComparisonFailure: expected:<[a,b,c,d]> but was:<[]>
    at org.junit.Assert.assertEquals(Assert.java:115)
    at org.junit.Assert.assertEquals(Assert.java:144)
    at org.apache.accumulo.core.client.mock.TestBatchScanner821.test(TestBatchScanner821.java:45)
    at sun.reflect.NativeMethodAccessorImpl.invoke0(Native Method)
    at sun.reflect.NativeMethodAccessorImpl.invoke(NativeMethodAccessorImpl.java:62)
    at sun.reflect.DelegatingMethodAccessorImpl.invoke(DelegatingMethodAccessorImpl.java:43)
05:17:05.598 [pool-14-thread-1] INFO  f.i.l.c.t.SpecificationTestCasesListener - Tests run finished (3 ms)
<> Total tests run: 1
<> Ignored tests: 0
<> Failed tests: 1
~ test(org.apache.accumulo.core.client.mock.TestBatchScanner821)
[expected:<[a,b,c,d]> but was:<[]>]
org.junit.ComparisonFailure: expected:<[a,b,c,d]> but was:<[]>    at org.junit.Assert.assertEquals(Assert.java:115)
    at org.junit.Assert.assertEquals(Assert.java:144)
    at org.apache.accumulo.core.client.mock.TestBatchScanner821.test(TestBatchScanner821.java:45)
    at sun.reflect.NativeMethodAccessorImpl.invoke0(Native Method)
    at sun.reflect.NativeMethodAccessorImpl.invoke(NativeMethodAccessorImpl.java:62)
    at sun.reflect.DelegatingMethodAccessorImpl.invoke(DelegatingMethodAccessorImpl.java:43)

05:17:05.598 [pool-11-thread-1] DEBUG tests.output - Failing tests with false: 
[test(org.apache.accumulo.core.client.mock.TestBatchScanner821): null]
05:17:05.598 [pool-11-thread-1] DEBUG tests.output - Failing tests with true: 
[test(org.apache.accumulo.core.client.mock.TestBatchScanner821): expected:<[a,b,c,d]> but was:<[]>]
05:17:05.598 [pool-11-thread-1] INFO  f.i.l.r.n.synth.SMTNopolSynthesizer - Not enough specifications: 0. A trivial patch is "true" or "false", please write new tests specifying SourceLocation org.apache.accumulo.core.iterators.IteratorUtil:206.
05:17:05.598 [pool-2-thread-1] DEBUG fr.inria.lille.repair.nopol.NoPol - statement #9
05:17:05.598 [pool-2-thread-1] DEBUG fr.inria.lille.repair.nopol.NoPol - Analysing SourceLocation org.apache.accumulo.core.iterators.IteratorUtil:205 which is executed by 3 tests
691657137
05:17:05.732 [pool-2-thread-1] DEBUG fr.inria.lille.repair.nopol.NoPol - statement #10
05:17:05.733 [pool-2-thread-1] DEBUG fr.inria.lille.repair.nopol.NoPol - Analysing SourceLocation org.apache.accumulo.core.iterators.IteratorUtil:203 which is executed by 3 tests
691657137
05:17:05.865 [pool-2-thread-1] DEBUG fr.inria.lille.repair.nopol.NoPol - looking with class fr.inria.lille.repair.nopol.spoon.smt.ConditionalAdder
org.junit.ComparisonFailure: expected:<[a,b,c,d]> but was:<[]>
    at org.junit.Assert.assertEquals(Assert.java:115)
    at org.junit.Assert.assertEquals(Assert.java:144)
    at org.apache.accumulo.core.client.mock.TestBatchScanner821.test(TestBatchScanner821.java:45)
    at sun.reflect.NativeMethodAccessorImpl.invoke0(Native Method)
    at sun.reflect.NativeMethodAccessorImpl.invoke(NativeMethodAccessorImpl.java:62)
    at sun.reflect.DelegatingMethodAccessorImpl.invoke(DelegatingMethodAccessorImpl.java:43)
05:17:05.982 [pool-16-thread-1] INFO  xxl.java.junit.TestCasesListener - Tests run finished (114 ms)
<> Total tests run: 1
<> Ignored tests: 0
<> Failed tests: 1
~ test(org.apache.accumulo.core.client.mock.TestBatchScanner821)
[expected:<[a,b,c,d]> but was:<[]>]
org.junit.ComparisonFailure: expected:<[a,b,c,d]> but was:<[]>    at org.junit.Assert.assertEquals(Assert.java:115)
    at org.junit.Assert.assertEquals(Assert.java:144)
    at org.apache.accumulo.core.client.mock.TestBatchScanner821.test(TestBatchScanner821.java:45)
    at sun.reflect.NativeMethodAccessorImpl.invoke0(Native Method)
    at sun.reflect.NativeMethodAccessorImpl.invoke(NativeMethodAccessorImpl.java:62)
    at sun.reflect.DelegatingMethodAccessorImpl.invoke(DelegatingMethodAccessorImpl.java:43)

org.junit.ComparisonFailure: expected:<[a,b,c,d]> but was:<[]>
    at org.junit.Assert.assertEquals(Assert.java:115)
    at org.junit.Assert.assertEquals(Assert.java:144)
    at org.apache.accumulo.core.client.mock.TestBatchScanner821.test(TestBatchScanner821.java:45)
    at sun.reflect.NativeMethodAccessorImpl.invoke0(Native Method)
    at sun.reflect.NativeMethodAccessorImpl.invoke(NativeMethodAccessorImpl.java:62)
    at sun.reflect.DelegatingMethodAccessorImpl.invoke(DelegatingMethodAccessorImpl.java:43)
05:17:06.352 [pool-17-thread-1] INFO  f.i.l.c.t.SpecificationTestCasesListener - Tests run finished (115 ms)
<> Total tests run: 1
<> Ignored tests: 0
<> Failed tests: 1
~ test(org.apache.accumulo.core.client.mock.TestBatchScanner821)
[expected:<[a,b,c,d]> but was:<[]>]
org.junit.ComparisonFailure: expected:<[a,b,c,d]> but was:<[]>    at org.junit.Assert.assertEquals(Assert.java:115)
    at org.junit.Assert.assertEquals(Assert.java:144)
    at org.apache.accumulo.core.client.mock.TestBatchScanner821.test(TestBatchScanner821.java:45)
    at sun.reflect.NativeMethodAccessorImpl.invoke0(Native Method)
    at sun.reflect.NativeMethodAccessorImpl.invoke(NativeMethodAccessorImpl.java:62)
    at sun.reflect.DelegatingMethodAccessorImpl.invoke(DelegatingMethodAccessorImpl.java:43)

org.junit.ComparisonFailure: expected:<[a,b,c,d]> but was:<[]>
    at org.junit.Assert.assertEquals(Assert.java:115)
    at org.junit.Assert.assertEquals(Assert.java:144)
    at org.apache.accumulo.core.client.mock.TestBatchScanner821.test(TestBatchScanner821.java:45)
    at sun.reflect.NativeMethodAccessorImpl.invoke0(Native Method)
    at sun.reflect.NativeMethodAccessorImpl.invoke(NativeMethodAccessorImpl.java:62)
    at sun.reflect.DelegatingMethodAccessorImpl.invoke(DelegatingMethodAccessorImpl.java:43)
05:17:06.354 [pool-18-thread-1] INFO  f.i.l.c.t.SpecificationTestCasesListener - Tests run finished (1 ms)
<> Total tests run: 1
<> Ignored tests: 0
<> Failed tests: 1
~ test(org.apache.accumulo.core.client.mock.TestBatchScanner821)
[expected:<[a,b,c,d]> but was:<[]>]
org.junit.ComparisonFailure: expected:<[a,b,c,d]> but was:<[]>    at org.junit.Assert.assertEquals(Assert.java:115)
    at org.junit.Assert.assertEquals(Assert.java:144)
    at org.apache.accumulo.core.client.mock.TestBatchScanner821.test(TestBatchScanner821.java:45)
    at sun.reflect.NativeMethodAccessorImpl.invoke0(Native Method)
    at sun.reflect.NativeMethodAccessorImpl.invoke(NativeMethodAccessorImpl.java:62)
    at sun.reflect.DelegatingMethodAccessorImpl.invoke(DelegatingMethodAccessorImpl.java:43)

05:17:06.354 [pool-15-thread-1] DEBUG tests.output - Failing tests with false: 
[test(org.apache.accumulo.core.client.mock.TestBatchScanner821): expected:<[a,b,c,d]> but was:<[]>]
05:17:06.354 [pool-15-thread-1] DEBUG tests.output - Failing tests with true: 
[test(org.apache.accumulo.core.client.mock.TestBatchScanner821): expected:<[a,b,c,d]> but was:<[]>]
05:17:06.355 [pool-15-thread-1] INFO  f.i.l.r.n.synth.SMTNopolSynthesizer - Not enough specifications: 0. A trivial patch is "true" or "false", please write new tests specifying SourceLocation org.apache.accumulo.core.iterators.IteratorUtil:203.
05:17:06.355 [pool-2-thread-1] DEBUG fr.inria.lille.repair.nopol.NoPol - looking with class fr.inria.lille.repair.nopol.spoon.smt.ConditionalReplacer
org.junit.ComparisonFailure: expected:<[a,b,c,d]> but was:<[]>
    at org.junit.Assert.assertEquals(Assert.java:115)
    at org.junit.Assert.assertEquals(Assert.java:144)
    at org.apache.accumulo.core.client.mock.TestBatchScanner821.test(TestBatchScanner821.java:45)
    at sun.reflect.NativeMethodAccessorImpl.invoke0(Native Method)
    at sun.reflect.NativeMethodAccessorImpl.invoke(NativeMethodAccessorImpl.java:62)
    at sun.reflect.DelegatingMethodAccessorImpl.invoke(DelegatingMethodAccessorImpl.java:43)
05:17:06.470 [pool-20-thread-1] INFO  xxl.java.junit.TestCasesListener - Tests run finished (114 ms)
<> Total tests run: 1
<> Ignored tests: 0
<> Failed tests: 1
~ test(org.apache.accumulo.core.client.mock.TestBatchScanner821)
[expected:<[a,b,c,d]> but was:<[]>]
org.junit.ComparisonFailure: expected:<[a,b,c,d]> but was:<[]>    at org.junit.Assert.assertEquals(Assert.java:115)
    at org.junit.Assert.assertEquals(Assert.java:144)
    at org.apache.accumulo.core.client.mock.TestBatchScanner821.test(TestBatchScanner821.java:45)
    at sun.reflect.NativeMethodAccessorImpl.invoke0(Native Method)
    at sun.reflect.NativeMethodAccessorImpl.invoke(NativeMethodAccessorImpl.java:62)
    at sun.reflect.DelegatingMethodAccessorImpl.invoke(DelegatingMethodAccessorImpl.java:43)

org.junit.ComparisonFailure: expected:<[a,b,c,d]> but was:<[]>
    at org.junit.Assert.assertEquals(Assert.java:115)
    at org.junit.Assert.assertEquals(Assert.java:144)
    at org.apache.accumulo.core.client.mock.TestBatchScanner821.test(TestBatchScanner821.java:45)
    at sun.reflect.NativeMethodAccessorImpl.invoke0(Native Method)
    at sun.reflect.NativeMethodAccessorImpl.invoke(NativeMethodAccessorImpl.java:62)
    at sun.reflect.DelegatingMethodAccessorImpl.invoke(DelegatingMethodAccessorImpl.java:43)
05:17:06.856 [pool-21-thread-1] INFO  f.i.l.c.t.SpecificationTestCasesListener - Tests run finished (121 ms)
<> Total tests run: 1
<> Ignored tests: 0
<> Failed tests: 1
~ test(org.apache.accumulo.core.client.mock.TestBatchScanner821)
[expected:<[a,b,c,d]> but was:<[]>]
org.junit.ComparisonFailure: expected:<[a,b,c,d]> but was:<[]>    at org.junit.Assert.assertEquals(Assert.java:115)
    at org.junit.Assert.assertEquals(Assert.java:144)
    at org.apache.accumulo.core.client.mock.TestBatchScanner821.test(TestBatchScanner821.java:45)
    at sun.reflect.NativeMethodAccessorImpl.invoke0(Native Method)
    at sun.reflect.NativeMethodAccessorImpl.invoke(NativeMethodAccessorImpl.java:62)
    at sun.reflect.DelegatingMethodAccessorImpl.invoke(DelegatingMethodAccessorImpl.java:43)

org.junit.ComparisonFailure: expected:<[a,b,c,d]> but was:<[]>
    at org.junit.Assert.assertEquals(Assert.java:115)
    at org.junit.Assert.assertEquals(Assert.java:144)
    at org.apache.accumulo.core.client.mock.TestBatchScanner821.test(TestBatchScanner821.java:45)
    at sun.reflect.NativeMethodAccessorImpl.invoke0(Native Method)
    at sun.reflect.NativeMethodAccessorImpl.invoke(NativeMethodAccessorImpl.java:62)
    at sun.reflect.DelegatingMethodAccessorImpl.invoke(DelegatingMethodAccessorImpl.java:43)
05:17:06.859 [pool-22-thread-1] INFO  f.i.l.c.t.SpecificationTestCasesListener - Tests run finished (1 ms)
<> Total tests run: 1
<> Ignored tests: 0
<> Failed tests: 1
~ test(org.apache.accumulo.core.client.mock.TestBatchScanner821)
[expected:<[a,b,c,d]> but was:<[]>]
org.junit.ComparisonFailure: expected:<[a,b,c,d]> but was:<[]>    at org.junit.Assert.assertEquals(Assert.java:115)
    at org.junit.Assert.assertEquals(Assert.java:144)
    at org.apache.accumulo.core.client.mock.TestBatchScanner821.test(TestBatchScanner821.java:45)
    at sun.reflect.NativeMethodAccessorImpl.invoke0(Native Method)
    at sun.reflect.NativeMethodAccessorImpl.invoke(NativeMethodAccessorImpl.java:62)
    at sun.reflect.DelegatingMethodAccessorImpl.invoke(DelegatingMethodAccessorImpl.java:43)

05:17:06.859 [pool-19-thread-1] DEBUG tests.output - Failing tests with false: 
[test(org.apache.accumulo.core.client.mock.TestBatchScanner821): expected:<[a,b,c,d]> but was:<[]>]
05:17:06.859 [pool-19-thread-1] DEBUG tests.output - Failing tests with true: 
[test(org.apache.accumulo.core.client.mock.TestBatchScanner821): expected:<[a,b,c,d]> but was:<[]>]
05:17:06.859 [pool-19-thread-1] INFO  f.i.l.r.n.synth.SMTNopolSynthesizer - Not enough specifications: 0. A trivial patch is "true" or "false", please write new tests specifying SourceLocation org.apache.accumulo.core.iterators.IteratorUtil:203.
05:17:06.859 [pool-2-thread-1] DEBUG fr.inria.lille.repair.nopol.NoPol - statement #11
05:17:06.860 [pool-2-thread-1] DEBUG fr.inria.lille.repair.nopol.NoPol - Analysing SourceLocation org.apache.accumulo.core.client.mock.MockAccumulo:74 which is executed by 4 tests
-714963190
05:17:06.984 [pool-2-thread-1] DEBUG fr.inria.lille.repair.nopol.NoPol - statement #12
05:17:06.984 [pool-2-thread-1] DEBUG fr.inria.lille.repair.nopol.NoPol - Analysing SourceLocation org.apache.accumulo.core.client.mock.MockConnector:57 which is executed by 4 tests
394208708
05:17:07.105 [pool-2-thread-1] DEBUG fr.inria.lille.repair.nopol.NoPol - statement #13
05:17:07.105 [pool-2-thread-1] DEBUG fr.inria.lille.repair.nopol.NoPol - Analysing SourceLocation org.apache.accumulo.core.client.mock.MockConnector:55 which is executed by 4 tests
394208708
05:17:07.228 [pool-2-thread-1] DEBUG fr.inria.lille.repair.nopol.NoPol - looking with class fr.inria.lille.repair.nopol.spoon.smt.ConditionalAdder
org.junit.ComparisonFailure: expected:<[a,b,c,d]> but was:<[]>
    at org.junit.Assert.assertEquals(Assert.java:115)
    at org.junit.Assert.assertEquals(Assert.java:144)
    at org.apache.accumulo.core.client.mock.TestBatchScanner821.test(TestBatchScanner821.java:45)
    at sun.reflect.NativeMethodAccessorImpl.invoke0(Native Method)
    at sun.reflect.NativeMethodAccessorImpl.invoke(NativeMethodAccessorImpl.java:62)
    at sun.reflect.DelegatingMethodAccessorImpl.invoke(DelegatingMethodAccessorImpl.java:43)
05:17:07.342 [pool-24-thread-1] INFO  xxl.java.junit.TestCasesListener - Tests run finished (112 ms)
<> Total tests run: 1
<> Ignored tests: 0
<> Failed tests: 1
~ test(org.apache.accumulo.core.client.mock.TestBatchScanner821)
[expected:<[a,b,c,d]> but was:<[]>]
org.junit.ComparisonFailure: expected:<[a,b,c,d]> but was:<[]>    at org.junit.Assert.assertEquals(Assert.java:115)
    at org.junit.Assert.assertEquals(Assert.java:144)
    at org.apache.accumulo.core.client.mock.TestBatchScanner821.test(TestBatchScanner821.java:45)
    at sun.reflect.NativeMethodAccessorImpl.invoke0(Native Method)
    at sun.reflect.NativeMethodAccessorImpl.invoke(NativeMethodAccessorImpl.java:62)
    at sun.reflect.DelegatingMethodAccessorImpl.invoke(DelegatingMethodAccessorImpl.java:43)

org.junit.ComparisonFailure: expected:<[a,b,c,d]> but was:<[]>
    at org.junit.Assert.assertEquals(Assert.java:115)
    at org.junit.Assert.assertEquals(Assert.java:144)
    at org.apache.accumulo.core.client.mock.TestBatchScanner821.test(TestBatchScanner821.java:45)
    at sun.reflect.NativeMethodAccessorImpl.invoke0(Native Method)
    at sun.reflect.NativeMethodAccessorImpl.invoke(NativeMethodAccessorImpl.java:62)
    at sun.reflect.DelegatingMethodAccessorImpl.invoke(DelegatingMethodAccessorImpl.java:43)
05:17:07.662 [pool-25-thread-1] INFO  f.i.l.c.t.SpecificationTestCasesListener - Tests run finished (115 ms)
<> Total tests run: 1
<> Ignored tests: 0
<> Failed tests: 1
~ test(org.apache.accumulo.core.client.mock.TestBatchScanner821)
[expected:<[a,b,c,d]> but was:<[]>]
org.junit.ComparisonFailure: expected:<[a,b,c,d]> but was:<[]>    at org.junit.Assert.assertEquals(Assert.java:115)
    at org.junit.Assert.assertEquals(Assert.java:144)
    at org.apache.accumulo.core.client.mock.TestBatchScanner821.test(TestBatchScanner821.java:45)
    at sun.reflect.NativeMethodAccessorImpl.invoke0(Native Method)
    at sun.reflect.NativeMethodAccessorImpl.invoke(NativeMethodAccessorImpl.java:62)
    at sun.reflect.DelegatingMethodAccessorImpl.invoke(DelegatingMethodAccessorImpl.java:43)

org.junit.ComparisonFailure: expected:<[a,b,c,d]> but was:<[]>
    at org.junit.Assert.assertEquals(Assert.java:115)
    at org.junit.Assert.assertEquals(Assert.java:144)
    at org.apache.accumulo.core.client.mock.TestBatchScanner821.test(TestBatchScanner821.java:45)
    at sun.reflect.NativeMethodAccessorImpl.invoke0(Native Method)
    at sun.reflect.NativeMethodAccessorImpl.invoke(NativeMethodAccessorImpl.java:62)
    at sun.reflect.DelegatingMethodAccessorImpl.invoke(DelegatingMethodAccessorImpl.java:43)
05:17:07.664 [pool-26-thread-1] INFO  f.i.l.c.t.SpecificationTestCasesListener - Tests run finished (1 ms)
<> Total tests run: 1
<> Ignored tests: 0
<> Failed tests: 1
~ test(org.apache.accumulo.core.client.mock.TestBatchScanner821)
[expected:<[a,b,c,d]> but was:<[]>]
org.junit.ComparisonFailure: expected:<[a,b,c,d]> but was:<[]>    at org.junit.Assert.assertEquals(Assert.java:115)
    at org.junit.Assert.assertEquals(Assert.java:144)
    at org.apache.accumulo.core.client.mock.TestBatchScanner821.test(TestBatchScanner821.java:45)
    at sun.reflect.NativeMethodAccessorImpl.invoke0(Native Method)
    at sun.reflect.NativeMethodAccessorImpl.invoke(NativeMethodAccessorImpl.java:62)
    at sun.reflect.DelegatingMethodAccessorImpl.invoke(DelegatingMethodAccessorImpl.java:43)

05:17:07.665 [pool-23-thread-1] DEBUG tests.output - Failing tests with false: 
[test(org.apache.accumulo.core.client.mock.TestBatchScanner821): expected:<[a,b,c,d]> but was:<[]>]
05:17:07.665 [pool-23-thread-1] DEBUG tests.output - Failing tests with true: 
[test(org.apache.accumulo.core.client.mock.TestBatchScanner821): expected:<[a,b,c,d]> but was:<[]>]
05:17:07.665 [pool-23-thread-1] INFO  f.i.l.r.n.synth.SMTNopolSynthesizer - Not enough specifications: 0. A trivial patch is "true" or "false", please write new tests specifying SourceLocation org.apache.accumulo.core.client.mock.MockConnector:55.
05:17:07.665 [pool-2-thread-1] DEBUG fr.inria.lille.repair.nopol.NoPol - looking with class fr.inria.lille.repair.nopol.spoon.smt.ConditionalReplacer
org.junit.ComparisonFailure: expected:<[a,b,c,d]> but was:<[]>
    at org.junit.Assert.assertEquals(Assert.java:115)
    at org.junit.Assert.assertEquals(Assert.java:144)
    at org.apache.accumulo.core.client.mock.TestBatchScanner821.test(TestBatchScanner821.java:45)
    at sun.reflect.NativeMethodAccessorImpl.invoke0(Native Method)
    at sun.reflect.NativeMethodAccessorImpl.invoke(NativeMethodAccessorImpl.java:62)
    at sun.reflect.DelegatingMethodAccessorImpl.invoke(DelegatingMethodAccessorImpl.java:43)
05:17:07.777 [pool-28-thread-1] INFO  xxl.java.junit.TestCasesListener - Tests run finished (111 ms)
<> Total tests run: 1
<> Ignored tests: 0
<> Failed tests: 1
~ test(org.apache.accumulo.core.client.mock.TestBatchScanner821)
[expected:<[a,b,c,d]> but was:<[]>]
org.junit.ComparisonFailure: expected:<[a,b,c,d]> but was:<[]>    at org.junit.Assert.assertEquals(Assert.java:115)
    at org.junit.Assert.assertEquals(Assert.java:144)
    at org.apache.accumulo.core.client.mock.TestBatchScanner821.test(TestBatchScanner821.java:45)
    at sun.reflect.NativeMethodAccessorImpl.invoke0(Native Method)
    at sun.reflect.NativeMethodAccessorImpl.invoke(NativeMethodAccessorImpl.java:62)
    at sun.reflect.DelegatingMethodAccessorImpl.invoke(DelegatingMethodAccessorImpl.java:43)

org.junit.ComparisonFailure: expected:<[a,b,c,d]> but was:<[]>
    at org.junit.Assert.assertEquals(Assert.java:115)
    at org.junit.Assert.assertEquals(Assert.java:144)
    at org.apache.accumulo.core.client.mock.TestBatchScanner821.test(TestBatchScanner821.java:45)
    at sun.reflect.NativeMethodAccessorImpl.invoke0(Native Method)
    at sun.reflect.NativeMethodAccessorImpl.invoke(NativeMethodAccessorImpl.java:62)
    at sun.reflect.DelegatingMethodAccessorImpl.invoke(DelegatingMethodAccessorImpl.java:43)
05:17:08.800 [pool-29-thread-1] INFO  f.i.l.c.t.SpecificationTestCasesListener - Tests run finished (855 ms)
<> Total tests run: 1
<> Ignored tests: 0
<> Failed tests: 1
~ test(org.apache.accumulo.core.client.mock.TestBatchScanner821)
[expected:<[a,b,c,d]> but was:<[]>]
org.junit.ComparisonFailure: expected:<[a,b,c,d]> but was:<[]>    at org.junit.Assert.assertEquals(Assert.java:115)
    at org.junit.Assert.assertEquals(Assert.java:144)
    at org.apache.accumulo.core.client.mock.TestBatchScanner821.test(TestBatchScanner821.java:45)
    at sun.reflect.NativeMethodAccessorImpl.invoke0(Native Method)
    at sun.reflect.NativeMethodAccessorImpl.invoke(NativeMethodAccessorImpl.java:62)
    at sun.reflect.DelegatingMethodAccessorImpl.invoke(DelegatingMethodAccessorImpl.java:43)

org.apache.accumulo.core.client.TableNotFoundException: Table test (Id=test) does not exist (no such table)
    at org.apache.accumulo.core.client.mock.MockConnector.createBatchScanner(MockConnector.java:41)
    at org.apache.accumulo.core.client.mock.TestBatchScanner821.test(TestBatchScanner821.java:34)
    at sun.reflect.NativeMethodAccessorImpl.invoke0(Native Method)
    at sun.reflect.NativeMethodAccessorImpl.invoke(NativeMethodAccessorImpl.java:62)
    at sun.reflect.DelegatingMethodAccessorImpl.invoke(DelegatingMethodAccessorImpl.java:43)
    at java.lang.reflect.Method.invoke(Method.java:498)
05:17:08.804 [pool-30-thread-1] INFO  f.i.l.c.t.SpecificationTestCasesListener - Tests run finished (2 ms)
<> Total tests run: 1
<> Ignored tests: 0
<> Failed tests: 1
~ test(org.apache.accumulo.core.client.mock.TestBatchScanner821)
[Table test (Id=test) does not exist (no such table)]
org.apache.accumulo.core.client.TableNotFoundException: Table test (Id=test) does not exist (no such table)    at org.apache.accumulo.core.client.mock.MockConnector.createBatchScanner(MockConnector.java:41)
    at org.apache.accumulo.core.client.mock.TestBatchScanner821.test(TestBatchScanner821.java:34)
    at sun.reflect.NativeMethodAccessorImpl.invoke0(Native Method)
    at sun.reflect.NativeMethodAccessorImpl.invoke(NativeMethodAccessorImpl.java:62)
    at sun.reflect.DelegatingMethodAccessorImpl.invoke(DelegatingMethodAccessorImpl.java:43)
    at java.lang.reflect.Method.invoke(Method.java:498)

05:17:08.804 [pool-27-thread-1] DEBUG tests.output - Failing tests with false: 
[test(org.apache.accumulo.core.client.mock.TestBatchScanner821): expected:<[a,b,c,d]> but was:<[]>]
05:17:08.804 [pool-27-thread-1] DEBUG tests.output - Failing tests with true: 
[test(org.apache.accumulo.core.client.mock.TestBatchScanner821): Table test (Id=test) does not exist (no such table)]
05:17:08.804 [pool-27-thread-1] INFO  f.i.l.r.n.synth.SMTNopolSynthesizer - Not enough specifications: 0. A trivial patch is "true" or "false", please write new tests specifying SourceLocation org.apache.accumulo.core.client.mock.MockConnector:55.
05:17:08.804 [pool-2-thread-1] DEBUG fr.inria.lille.repair.nopol.NoPol - statement #14
05:17:08.805 [pool-2-thread-1] DEBUG fr.inria.lille.repair.nopol.NoPol - Analysing SourceLocation org.apache.commons.collections.iterators.IteratorChain:250 which is executed by 5 tests
05:17:08.805 [pool-2-thread-1] DEBUG fr.inria.lille.repair.nopol.NoPol - cannot spoon SourceLocation org.apache.commons.collections.iterators.IteratorChain:250
05:17:08.805 [pool-2-thread-1] DEBUG fr.inria.lille.repair.nopol.NoPol - statement #15
05:17:08.805 [pool-2-thread-1] DEBUG fr.inria.lille.repair.nopol.NoPol - Analysing SourceLocation org.apache.commons.collections.iterators.IteratorChain:248 which is executed by 5 tests
05:17:08.805 [pool-2-thread-1] DEBUG fr.inria.lille.repair.nopol.NoPol - cannot spoon SourceLocation org.apache.commons.collections.iterators.IteratorChain:248
05:17:08.805 [pool-2-thread-1] DEBUG fr.inria.lille.repair.nopol.NoPol - statement #16
05:17:08.805 [pool-2-thread-1] DEBUG fr.inria.lille.repair.nopol.NoPol - Analysing SourceLocation org.apache.commons.collections.iterators.IteratorChain:247 which is executed by 5 tests
05:17:08.805 [pool-2-thread-1] DEBUG fr.inria.lille.repair.nopol.NoPol - cannot spoon SourceLocation org.apache.commons.collections.iterators.IteratorChain:247
05:17:08.805 [pool-2-thread-1] DEBUG fr.inria.lille.repair.nopol.NoPol - statement #17
05:17:08.805 [pool-2-thread-1] DEBUG fr.inria.lille.repair.nopol.NoPol - Analysing SourceLocation org.apache.commons.collections.iterators.IteratorChain:246 which is executed by 5 tests
05:17:08.805 [pool-2-thread-1] DEBUG fr.inria.lille.repair.nopol.NoPol - cannot spoon SourceLocation org.apache.commons.collections.iterators.IteratorChain:246
05:17:08.805 [pool-2-thread-1] DEBUG fr.inria.lille.repair.nopol.NoPol - statement #18
05:17:08.805 [pool-2-thread-1] DEBUG fr.inria.lille.repair.nopol.NoPol - Analysing SourceLocation org.apache.commons.collections.iterators.IteratorChain:237 which is executed by 5 tests
05:17:08.805 [pool-2-thread-1] DEBUG fr.inria.lille.repair.nopol.NoPol - cannot spoon SourceLocation org.apache.commons.collections.iterators.IteratorChain:237
05:17:08.805 [pool-2-thread-1] DEBUG fr.inria.lille.repair.nopol.NoPol - statement #19
05:17:08.805 [pool-2-thread-1] DEBUG fr.inria.lille.repair.nopol.NoPol - Analysing SourceLocation org.apache.commons.collections.iterators.IteratorChain:230 which is executed by 5 tests
05:17:08.805 [pool-2-thread-1] DEBUG fr.inria.lille.repair.nopol.NoPol - cannot spoon SourceLocation org.apache.commons.collections.iterators.IteratorChain:230
05:17:08.805 [pool-2-thread-1] DEBUG fr.inria.lille.repair.nopol.NoPol - statement #20
05:17:08.805 [pool-2-thread-1] DEBUG fr.inria.lille.repair.nopol.NoPol - Analysing SourceLocation org.apache.commons.collections.iterators.IteratorChain:226 which is executed by 5 tests
05:17:08.806 [pool-2-thread-1] DEBUG fr.inria.lille.repair.nopol.NoPol - cannot spoon SourceLocation org.apache.commons.collections.iterators.IteratorChain:226
05:17:08.806 [pool-2-thread-1] DEBUG fr.inria.lille.repair.nopol.NoPol - statement #21
05:17:08.806 [pool-2-thread-1] DEBUG fr.inria.lille.repair.nopol.NoPol - Analysing SourceLocation org.apache.commons.collections.iterators.IteratorChain:223 which is executed by 5 tests
05:17:08.806 [pool-2-thread-1] DEBUG fr.inria.lille.repair.nopol.NoPol - cannot spoon SourceLocation org.apache.commons.collections.iterators.IteratorChain:223
05:17:08.806 [pool-2-thread-1] DEBUG fr.inria.lille.repair.nopol.NoPol - statement #22
05:17:08.806 [pool-2-thread-1] DEBUG fr.inria.lille.repair.nopol.NoPol - Analysing SourceLocation org.apache.commons.collections.iterators.IteratorChain:222 which is executed by 5 tests
05:17:08.806 [pool-2-thread-1] DEBUG fr.inria.lille.repair.nopol.NoPol - cannot spoon SourceLocation org.apache.commons.collections.iterators.IteratorChain:222
05:17:08.806 [pool-2-thread-1] DEBUG fr.inria.lille.repair.nopol.NoPol - statement #23
05:17:08.806 [pool-2-thread-1] DEBUG fr.inria.lille.repair.nopol.NoPol - Analysing SourceLocation org.apache.commons.collections.iterators.IteratorChain:215 which is executed by 5 tests
05:17:08.806 [pool-2-thread-1] DEBUG fr.inria.lille.repair.nopol.NoPol - cannot spoon SourceLocation org.apache.commons.collections.iterators.IteratorChain:215
05:17:08.806 [pool-2-thread-1] DEBUG fr.inria.lille.repair.nopol.NoPol - statement #24
05:17:08.806 [pool-2-thread-1] DEBUG fr.inria.lille.repair.nopol.NoPol - Analysing SourceLocation org.apache.commons.collections.iterators.IteratorChain:213 which is executed by 5 tests
05:17:08.806 [pool-2-thread-1] DEBUG fr.inria.lille.repair.nopol.NoPol - cannot spoon SourceLocation org.apache.commons.collections.iterators.IteratorChain:213
05:17:08.806 [pool-2-thread-1] DEBUG fr.inria.lille.repair.nopol.NoPol - statement #25
05:17:08.806 [pool-2-thread-1] DEBUG fr.inria.lille.repair.nopol.NoPol - Analysing SourceLocation org.apache.commons.collections.iterators.IteratorChain:212 which is executed by 5 tests
05:17:08.806 [pool-2-thread-1] DEBUG fr.inria.lille.repair.nopol.NoPol - cannot spoon SourceLocation org.apache.commons.collections.iterators.IteratorChain:212
05:17:08.806 [pool-2-thread-1] DEBUG fr.inria.lille.repair.nopol.NoPol - statement #26
05:17:08.806 [pool-2-thread-1] DEBUG fr.inria.lille.repair.nopol.NoPol - Analysing SourceLocation org.apache.commons.collections.iterators.IteratorChain:205 which is executed by 5 tests
05:17:08.807 [pool-2-thread-1] DEBUG fr.inria.lille.repair.nopol.NoPol - cannot spoon SourceLocation org.apache.commons.collections.iterators.IteratorChain:205
05:17:08.807 [pool-2-thread-1] DEBUG fr.inria.lille.repair.nopol.NoPol - statement #27
05:17:08.807 [pool-2-thread-1] DEBUG fr.inria.lille.repair.nopol.NoPol - Analysing SourceLocation org.apache.commons.collections.iterators.IteratorChain:202 which is executed by 5 tests
05:17:08.807 [pool-2-thread-1] DEBUG fr.inria.lille.repair.nopol.NoPol - cannot spoon SourceLocation org.apache.commons.collections.iterators.IteratorChain:202
05:17:08.807 [pool-2-thread-1] DEBUG fr.inria.lille.repair.nopol.NoPol - statement #28
05:17:08.807 [pool-2-thread-1] DEBUG fr.inria.lille.repair.nopol.NoPol - Analysing SourceLocation org.apache.commons.collections.iterators.IteratorChain:150 which is executed by 5 tests
05:17:08.807 [pool-2-thread-1] DEBUG fr.inria.lille.repair.nopol.NoPol - cannot spoon SourceLocation org.apache.commons.collections.iterators.IteratorChain:150
05:17:08.807 [pool-2-thread-1] DEBUG fr.inria.lille.repair.nopol.NoPol - statement #29
05:17:08.807 [pool-2-thread-1] DEBUG fr.inria.lille.repair.nopol.NoPol - Analysing SourceLocation org.apache.commons.collections.iterators.IteratorChain:149 which is executed by 5 tests
05:17:08.807 [pool-2-thread-1] DEBUG fr.inria.lille.repair.nopol.NoPol - cannot spoon SourceLocation org.apache.commons.collections.iterators.IteratorChain:149
05:17:08.807 [pool-2-thread-1] DEBUG fr.inria.lille.repair.nopol.NoPol - statement #30
05:17:08.807 [pool-2-thread-1] DEBUG fr.inria.lille.repair.nopol.NoPol - Analysing SourceLocation org.apache.commons.collections.iterators.IteratorChain:146 which is executed by 5 tests
05:17:08.807 [pool-2-thread-1] DEBUG fr.inria.lille.repair.nopol.NoPol - cannot spoon SourceLocation org.apache.commons.collections.iterators.IteratorChain:146
05:17:08.807 [pool-2-thread-1] DEBUG fr.inria.lille.repair.nopol.NoPol - statement #31
05:17:08.807 [pool-2-thread-1] DEBUG fr.inria.lille.repair.nopol.NoPol - Analysing SourceLocation org.apache.commons.collections.iterators.IteratorChain:145 which is executed by 5 tests
05:17:08.808 [pool-2-thread-1] DEBUG fr.inria.lille.repair.nopol.NoPol - cannot spoon SourceLocation org.apache.commons.collections.iterators.IteratorChain:145
05:17:08.808 [pool-2-thread-1] DEBUG fr.inria.lille.repair.nopol.NoPol - statement #32
05:17:08.808 [pool-2-thread-1] DEBUG fr.inria.lille.repair.nopol.NoPol - Analysing SourceLocation org.apache.accumulo.core.client.mock.MockBatchScanner:89 which is executed by 5 tests
1331156015
05:17:08.935 [pool-2-thread-1] DEBUG fr.inria.lille.repair.nopol.NoPol - statement #33
05:17:08.935 [pool-2-thread-1] DEBUG fr.inria.lille.repair.nopol.NoPol - Analysing SourceLocation org.apache.accumulo.core.client.mock.MockBatchScanner:88 which is executed by 5 tests
1331156015
05:17:09.054 [pool-2-thread-1] DEBUG fr.inria.lille.repair.nopol.NoPol - statement #34
05:17:09.054 [pool-2-thread-1] DEBUG fr.inria.lille.repair.nopol.NoPol - Analysing SourceLocation org.apache.accumulo.core.client.mock.MockBatchScanner:87 which is executed by 5 tests
1331156015
05:17:09.175 [pool-2-thread-1] DEBUG fr.inria.lille.repair.nopol.NoPol - statement #35
05:17:09.175 [pool-2-thread-1] DEBUG fr.inria.lille.repair.nopol.NoPol - Analysing SourceLocation org.apache.accumulo.core.client.mock.MockBatchScanner:84 which is executed by 5 tests
1331156015
05:17:09.295 [pool-2-thread-1] DEBUG fr.inria.lille.repair.nopol.NoPol - looking with class fr.inria.lille.repair.nopol.spoon.smt.ConditionalAdder
org.junit.ComparisonFailure: expected:<[a,b,c,d]> but was:<[]>
    at org.junit.Assert.assertEquals(Assert.java:115)
    at org.junit.Assert.assertEquals(Assert.java:144)
    at org.apache.accumulo.core.client.mock.TestBatchScanner821.test(TestBatchScanner821.java:45)
    at sun.reflect.NativeMethodAccessorImpl.invoke0(Native Method)
    at sun.reflect.NativeMethodAccessorImpl.invoke(NativeMethodAccessorImpl.java:62)
    at sun.reflect.DelegatingMethodAccessorImpl.invoke(DelegatingMethodAccessorImpl.java:43)
05:17:09.405 [pool-32-thread-1] INFO  xxl.java.junit.TestCasesListener - Tests run finished (108 ms)
<> Total tests run: 1
<> Ignored tests: 0
<> Failed tests: 1
~ test(org.apache.accumulo.core.client.mock.TestBatchScanner821)
[expected:<[a,b,c,d]> but was:<[]>]
org.junit.ComparisonFailure: expected:<[a,b,c,d]> but was:<[]>    at org.junit.Assert.assertEquals(Assert.java:115)
    at org.junit.Assert.assertEquals(Assert.java:144)
    at org.apache.accumulo.core.client.mock.TestBatchScanner821.test(TestBatchScanner821.java:45)
    at sun.reflect.NativeMethodAccessorImpl.invoke0(Native Method)
    at sun.reflect.NativeMethodAccessorImpl.invoke(NativeMethodAccessorImpl.java:62)
    at sun.reflect.DelegatingMethodAccessorImpl.invoke(DelegatingMethodAccessorImpl.java:43)

org.junit.ComparisonFailure: expected:<[a,b,c,d]> but was:<[]>
    at org.junit.Assert.assertEquals(Assert.java:115)
    at org.junit.Assert.assertEquals(Assert.java:144)
    at org.apache.accumulo.core.client.mock.TestBatchScanner821.test(TestBatchScanner821.java:45)
    at sun.reflect.NativeMethodAccessorImpl.invoke0(Native Method)
    at sun.reflect.NativeMethodAccessorImpl.invoke(NativeMethodAccessorImpl.java:62)
    at sun.reflect.DelegatingMethodAccessorImpl.invoke(DelegatingMethodAccessorImpl.java:43)
05:17:09.693 [pool-33-thread-1] INFO  f.i.l.c.t.SpecificationTestCasesListener - Tests run finished (112 ms)
<> Total tests run: 1
<> Ignored tests: 0
<> Failed tests: 1
~ test(org.apache.accumulo.core.client.mock.TestBatchScanner821)
[expected:<[a,b,c,d]> but was:<[]>]
org.junit.ComparisonFailure: expected:<[a,b,c,d]> but was:<[]>    at org.junit.Assert.assertEquals(Assert.java:115)
    at org.junit.Assert.assertEquals(Assert.java:144)
    at org.apache.accumulo.core.client.mock.TestBatchScanner821.test(TestBatchScanner821.java:45)
    at sun.reflect.NativeMethodAccessorImpl.invoke0(Native Method)
    at sun.reflect.NativeMethodAccessorImpl.invoke(NativeMethodAccessorImpl.java:62)
    at sun.reflect.DelegatingMethodAccessorImpl.invoke(DelegatingMethodAccessorImpl.java:43)

java.lang.UnsupportedOperationException: IteratorChain cannot be changed after the first use of a method from the Iterator interface
    at org.apache.commons.collections.iterators.IteratorChain.checkLocked(IteratorChain.java:203)
    at org.apache.commons.collections.iterators.IteratorChain.addIterator(IteratorChain.java:145)
    at org.apache.accumulo.core.client.mock.MockBatchScanner.iterator(MockBatchScanner.java:63)
    at org.apache.accumulo.core.client.mock.TestBatchScanner821.test(TestBatchScanner821.java:40)
    at sun.reflect.NativeMethodAccessorImpl.invoke0(Native Method)
    at sun.reflect.NativeMethodAccessorImpl.invoke(NativeMethodAccessorImpl.java:62)
05:17:09.695 [pool-34-thread-1] INFO  f.i.l.c.t.SpecificationTestCasesListener - Tests run finished (1 ms)
<> Total tests run: 1
<> Ignored tests: 0
<> Failed tests: 1
~ test(org.apache.accumulo.core.client.mock.TestBatchScanner821)
[IteratorChain cannot be changed after the first use of a method from the Iterator interface]
java.lang.UnsupportedOperationException: IteratorChain cannot be changed after the first use of a method from the Iterator interface    at org.apache.commons.collections.iterators.IteratorChain.checkLocked(IteratorChain.java:203)
    at org.apache.commons.collections.iterators.IteratorChain.addIterator(IteratorChain.java:145)
    at org.apache.accumulo.core.client.mock.MockBatchScanner.iterator(MockBatchScanner.java:63)
    at org.apache.accumulo.core.client.mock.TestBatchScanner821.test(TestBatchScanner821.java:40)
    at sun.reflect.NativeMethodAccessorImpl.invoke0(Native Method)
    at sun.reflect.NativeMethodAccessorImpl.invoke(NativeMethodAccessorImpl.java:62)

05:17:09.695 [pool-31-thread-1] DEBUG tests.output - Failing tests with false: 
[test(org.apache.accumulo.core.client.mock.TestBatchScanner821): expected:<[a,b,c,d]> but was:<[]>]
05:17:09.695 [pool-31-thread-1] DEBUG tests.output - Failing tests with true: 
[test(org.apache.accumulo.core.client.mock.TestBatchScanner821): IteratorChain cannot be changed after the first use of a method from the Iterator interface]
05:17:09.695 [pool-31-thread-1] INFO  f.i.l.r.n.synth.SMTNopolSynthesizer - Not enough specifications: 0. A trivial patch is "true" or "false", please write new tests specifying SourceLocation org.apache.accumulo.core.client.mock.MockBatchScanner:84.
05:17:09.695 [pool-2-thread-1] DEBUG fr.inria.lille.repair.nopol.NoPol - statement #36
05:17:09.696 [pool-2-thread-1] DEBUG fr.inria.lille.repair.nopol.NoPol - Analysing SourceLocation org.apache.accumulo.core.client.mock.MockBatchScanner:83 which is executed by 5 tests
1331156015
05:17:09.830 [pool-2-thread-1] DEBUG fr.inria.lille.repair.nopol.NoPol - looking with class fr.inria.lille.repair.nopol.spoon.smt.ConditionalAdder
org.junit.ComparisonFailure: expected:<[a,b,c,d]> but was:<[]>
    at org.junit.Assert.assertEquals(Assert.java:115)
    at org.junit.Assert.assertEquals(Assert.java:144)
    at org.apache.accumulo.core.client.mock.TestBatchScanner821.test(TestBatchScanner821.java:45)
    at sun.reflect.NativeMethodAccessorImpl.invoke0(Native Method)
    at sun.reflect.NativeMethodAccessorImpl.invoke(NativeMethodAccessorImpl.java:62)
    at sun.reflect.DelegatingMethodAccessorImpl.invoke(DelegatingMethodAccessorImpl.java:43)
05:17:09.940 [pool-36-thread-1] INFO  xxl.java.junit.TestCasesListener - Tests run finished (108 ms)
<> Total tests run: 1
<> Ignored tests: 0
<> Failed tests: 1
~ test(org.apache.accumulo.core.client.mock.TestBatchScanner821)
[expected:<[a,b,c,d]> but was:<[]>]
org.junit.ComparisonFailure: expected:<[a,b,c,d]> but was:<[]>    at org.junit.Assert.assertEquals(Assert.java:115)
    at org.junit.Assert.assertEquals(Assert.java:144)
    at org.apache.accumulo.core.client.mock.TestBatchScanner821.test(TestBatchScanner821.java:45)
    at sun.reflect.NativeMethodAccessorImpl.invoke0(Native Method)
    at sun.reflect.NativeMethodAccessorImpl.invoke(NativeMethodAccessorImpl.java:62)
    at sun.reflect.DelegatingMethodAccessorImpl.invoke(DelegatingMethodAccessorImpl.java:43)

java.lang.UnsupportedOperationException: IteratorChain cannot be changed after the first use of a method from the Iterator interface
    at org.apache.commons.collections.iterators.IteratorChain.checkLocked(IteratorChain.java:203)
    at org.apache.commons.collections.iterators.IteratorChain.addIterator(IteratorChain.java:145)
    at org.apache.accumulo.core.client.mock.MockBatchScanner.iterator(MockBatchScanner.java:64)
    at org.apache.accumulo.core.client.mock.TestBatchScanner821.test(TestBatchScanner821.java:40)
    at sun.reflect.NativeMethodAccessorImpl.invoke0(Native Method)
    at sun.reflect.NativeMethodAccessorImpl.invoke(NativeMethodAccessorImpl.java:62)
05:17:10.224 [pool-37-thread-1] INFO  f.i.l.c.t.SpecificationTestCasesListener - Tests run finished (115 ms)
<> Total tests run: 1
<> Ignored tests: 0
<> Failed tests: 1
~ test(org.apache.accumulo.core.client.mock.TestBatchScanner821)
[IteratorChain cannot be changed after the first use of a method from the Iterator interface]
java.lang.UnsupportedOperationException: IteratorChain cannot be changed after the first use of a method from the Iterator interface    at org.apache.commons.collections.iterators.IteratorChain.checkLocked(IteratorChain.java:203)
    at org.apache.commons.collections.iterators.IteratorChain.addIterator(IteratorChain.java:145)
    at org.apache.accumulo.core.client.mock.MockBatchScanner.iterator(MockBatchScanner.java:64)
    at org.apache.accumulo.core.client.mock.TestBatchScanner821.test(TestBatchScanner821.java:40)
    at sun.reflect.NativeMethodAccessorImpl.invoke0(Native Method)
    at sun.reflect.NativeMethodAccessorImpl.invoke(NativeMethodAccessorImpl.java:62)

java.lang.UnsupportedOperationException: IteratorChain cannot be changed after the first use of a method from the Iterator interface
    at org.apache.commons.collections.iterators.IteratorChain.checkLocked(IteratorChain.java:203)
    at org.apache.commons.collections.iterators.IteratorChain.addIterator(IteratorChain.java:145)
    at org.apache.accumulo.core.client.mock.MockBatchScanner.iterator(MockBatchScanner.java:64)
    at org.apache.accumulo.core.client.mock.TestBatchScanner821.test(TestBatchScanner821.java:40)
    at sun.reflect.NativeMethodAccessorImpl.invoke0(Native Method)
    at sun.reflect.NativeMethodAccessorImpl.invoke(NativeMethodAccessorImpl.java:62)
05:17:10.227 [pool-38-thread-1] INFO  f.i.l.c.t.SpecificationTestCasesListener - Tests run finished (2 ms)
<> Total tests run: 1
<> Ignored tests: 0
<> Failed tests: 1
~ test(org.apache.accumulo.core.client.mock.TestBatchScanner821)
[IteratorChain cannot be changed after the first use of a method from the Iterator interface]
java.lang.UnsupportedOperationException: IteratorChain cannot be changed after the first use of a method from the Iterator interface    at org.apache.commons.collections.iterators.IteratorChain.checkLocked(IteratorChain.java:203)
    at org.apache.commons.collections.iterators.IteratorChain.addIterator(IteratorChain.java:145)
    at org.apache.accumulo.core.client.mock.MockBatchScanner.iterator(MockBatchScanner.java:64)
    at org.apache.accumulo.core.client.mock.TestBatchScanner821.test(TestBatchScanner821.java:40)
    at sun.reflect.NativeMethodAccessorImpl.invoke0(Native Method)
    at sun.reflect.NativeMethodAccessorImpl.invoke(NativeMethodAccessorImpl.java:62)

05:17:10.227 [pool-35-thread-1] DEBUG tests.output - Failing tests with false: 
[test(org.apache.accumulo.core.client.mock.TestBatchScanner821): IteratorChain cannot be changed after the first use of a method from the Iterator interface]
05:17:10.227 [pool-35-thread-1] DEBUG tests.output - Failing tests with true: 
[test(org.apache.accumulo.core.client.mock.TestBatchScanner821): IteratorChain cannot be changed after the first use of a method from the Iterator interface]
05:17:10.227 [pool-35-thread-1] INFO  f.i.l.r.n.synth.SMTNopolSynthesizer - Not enough specifications: 0. A trivial patch is "true" or "false", please write new tests specifying SourceLocation org.apache.accumulo.core.client.mock.MockBatchScanner:83.
05:17:10.227 [pool-2-thread-1] DEBUG fr.inria.lille.repair.nopol.NoPol - statement #37
05:17:10.227 [pool-2-thread-1] DEBUG fr.inria.lille.repair.nopol.NoPol - Analysing SourceLocation org.apache.accumulo.core.client.mock.MockBatchScanner:82 which is executed by 5 tests
1331156015
05:17:10.348 [pool-2-thread-1] DEBUG fr.inria.lille.repair.nopol.NoPol - looking with class fr.inria.lille.repair.nopol.spoon.smt.ConditionalAdder
org.junit.ComparisonFailure: expected:<[a,b,c,d]> but was:<[]>
    at org.junit.Assert.assertEquals(Assert.java:115)
    at org.junit.Assert.assertEquals(Assert.java:144)
    at org.apache.accumulo.core.client.mock.TestBatchScanner821.test(TestBatchScanner821.java:45)
    at sun.reflect.NativeMethodAccessorImpl.invoke0(Native Method)
    at sun.reflect.NativeMethodAccessorImpl.invoke(NativeMethodAccessorImpl.java:62)
    at sun.reflect.DelegatingMethodAccessorImpl.invoke(DelegatingMethodAccessorImpl.java:43)
05:17:10.487 [pool-40-thread-1] INFO  xxl.java.junit.TestCasesListener - Tests run finished (137 ms)
<> Total tests run: 1
<> Ignored tests: 0
<> Failed tests: 1
~ test(org.apache.accumulo.core.client.mock.TestBatchScanner821)
[expected:<[a,b,c,d]> but was:<[]>]
org.junit.ComparisonFailure: expected:<[a,b,c,d]> but was:<[]>    at org.junit.Assert.assertEquals(Assert.java:115)
    at org.junit.Assert.assertEquals(Assert.java:144)
    at org.apache.accumulo.core.client.mock.TestBatchScanner821.test(TestBatchScanner821.java:45)
    at sun.reflect.NativeMethodAccessorImpl.invoke0(Native Method)
    at sun.reflect.NativeMethodAccessorImpl.invoke(NativeMethodAccessorImpl.java:62)
    at sun.reflect.DelegatingMethodAccessorImpl.invoke(DelegatingMethodAccessorImpl.java:43)

java.lang.UnsupportedOperationException: IteratorChain cannot be changed after the first use of a method from the Iterator interface
    at org.apache.commons.collections.iterators.IteratorChain.checkLocked(IteratorChain.java:203)
    at org.apache.commons.collections.iterators.IteratorChain.addIterator(IteratorChain.java:145)
    at org.apache.accumulo.core.client.mock.MockBatchScanner.iterator(MockBatchScanner.java:64)
    at org.apache.accumulo.core.client.mock.TestBatchScanner821.test(TestBatchScanner821.java:40)
    at sun.reflect.NativeMethodAccessorImpl.invoke0(Native Method)
    at sun.reflect.NativeMethodAccessorImpl.invoke(NativeMethodAccessorImpl.java:62)
05:17:10.756 [pool-41-thread-1] INFO  f.i.l.c.t.SpecificationTestCasesListener - Tests run finished (101 ms)
<> Total tests run: 1
<> Ignored tests: 0
<> Failed tests: 1
~ test(org.apache.accumulo.core.client.mock.TestBatchScanner821)
[IteratorChain cannot be changed after the first use of a method from the Iterator interface]
java.lang.UnsupportedOperationException: IteratorChain cannot be changed after the first use of a method from the Iterator interface    at org.apache.commons.collections.iterators.IteratorChain.checkLocked(IteratorChain.java:203)
    at org.apache.commons.collections.iterators.IteratorChain.addIterator(IteratorChain.java:145)
    at org.apache.accumulo.core.client.mock.MockBatchScanner.iterator(MockBatchScanner.java:64)
    at org.apache.accumulo.core.client.mock.TestBatchScanner821.test(TestBatchScanner821.java:40)
    at sun.reflect.NativeMethodAccessorImpl.invoke0(Native Method)
    at sun.reflect.NativeMethodAccessorImpl.invoke(NativeMethodAccessorImpl.java:62)

java.lang.UnsupportedOperationException: IteratorChain cannot be changed after the first use of a method from the Iterator interface
    at org.apache.commons.collections.iterators.IteratorChain.checkLocked(IteratorChain.java:203)
    at org.apache.commons.collections.iterators.IteratorChain.addIterator(IteratorChain.java:145)
    at org.apache.accumulo.core.client.mock.MockBatchScanner.iterator(MockBatchScanner.java:64)
    at org.apache.accumulo.core.client.mock.TestBatchScanner821.test(TestBatchScanner821.java:40)
    at sun.reflect.NativeMethodAccessorImpl.invoke0(Native Method)
    at sun.reflect.NativeMethodAccessorImpl.invoke(NativeMethodAccessorImpl.java:62)
05:17:10.765 [pool-42-thread-1] INFO  f.i.l.c.t.SpecificationTestCasesListener - Tests run finished (8 ms)
<> Total tests run: 1
<> Ignored tests: 0
<> Failed tests: 1
~ test(org.apache.accumulo.core.client.mock.TestBatchScanner821)
[IteratorChain cannot be changed after the first use of a method from the Iterator interface]
java.lang.UnsupportedOperationException: IteratorChain cannot be changed after the first use of a method from the Iterator interface    at org.apache.commons.collections.iterators.IteratorChain.checkLocked(IteratorChain.java:203)
    at org.apache.commons.collections.iterators.IteratorChain.addIterator(IteratorChain.java:145)
    at org.apache.accumulo.core.client.mock.MockBatchScanner.iterator(MockBatchScanner.java:64)
    at org.apache.accumulo.core.client.mock.TestBatchScanner821.test(TestBatchScanner821.java:40)
    at sun.reflect.NativeMethodAccessorImpl.invoke0(Native Method)
    at sun.reflect.NativeMethodAccessorImpl.invoke(NativeMethodAccessorImpl.java:62)

05:17:10.765 [pool-39-thread-1] DEBUG tests.output - Failing tests with false: 
[test(org.apache.accumulo.core.client.mock.TestBatchScanner821): IteratorChain cannot be changed after the first use of a method from the Iterator interface]
05:17:10.766 [pool-39-thread-1] DEBUG tests.output - Failing tests with true: 
[test(org.apache.accumulo.core.client.mock.TestBatchScanner821): IteratorChain cannot be changed after the first use of a method from the Iterator interface]
05:17:10.766 [pool-39-thread-1] INFO  f.i.l.r.n.synth.SMTNopolSynthesizer - Not enough specifications: 0. A trivial patch is "true" or "false", please write new tests specifying SourceLocation org.apache.accumulo.core.client.mock.MockBatchScanner:82.
05:17:10.766 [pool-2-thread-1] DEBUG fr.inria.lille.repair.nopol.NoPol - statement #38
05:17:10.766 [pool-2-thread-1] DEBUG fr.inria.lille.repair.nopol.NoPol - Analysing SourceLocation org.apache.accumulo.core.client.mock.MockBatchScanner:80 which is executed by 5 tests
1331156015
05:17:10.918 [pool-2-thread-1] DEBUG fr.inria.lille.repair.nopol.NoPol - statement #39
05:17:10.918 [pool-2-thread-1] DEBUG fr.inria.lille.repair.nopol.NoPol - Analysing SourceLocation org.apache.accumulo.core.client.mock.MockBatchScanner:79 which is executed by 5 tests
1331156015
05:17:11.075 [pool-2-thread-1] DEBUG fr.inria.lille.repair.nopol.NoPol - looking with class fr.inria.lille.repair.nopol.spoon.smt.ConditionalAdder
org.junit.ComparisonFailure: expected:<[a,b,c,d]> but was:<[]>
    at org.junit.Assert.assertEquals(Assert.java:115)
    at org.junit.Assert.assertEquals(Assert.java:144)
    at org.apache.accumulo.core.client.mock.TestBatchScanner821.test(TestBatchScanner821.java:45)
    at sun.reflect.NativeMethodAccessorImpl.invoke0(Native Method)
    at sun.reflect.NativeMethodAccessorImpl.invoke(NativeMethodAccessorImpl.java:62)
    at sun.reflect.DelegatingMethodAccessorImpl.invoke(DelegatingMethodAccessorImpl.java:43)
05:17:11.192 [pool-44-thread-1] INFO  xxl.java.junit.TestCasesListener - Tests run finished (116 ms)
<> Total tests run: 1
<> Ignored tests: 0
<> Failed tests: 1
~ test(org.apache.accumulo.core.client.mock.TestBatchScanner821)
[expected:<[a,b,c,d]> but was:<[]>]
org.junit.ComparisonFailure: expected:<[a,b,c,d]> but was:<[]>    at org.junit.Assert.assertEquals(Assert.java:115)
    at org.junit.Assert.assertEquals(Assert.java:144)
    at org.apache.accumulo.core.client.mock.TestBatchScanner821.test(TestBatchScanner821.java:45)
    at sun.reflect.NativeMethodAccessorImpl.invoke0(Native Method)
    at sun.reflect.NativeMethodAccessorImpl.invoke(NativeMethodAccessorImpl.java:62)
    at sun.reflect.DelegatingMethodAccessorImpl.invoke(DelegatingMethodAccessorImpl.java:43)

org.junit.ComparisonFailure: expected:<[a,b,c,d]> but was:<[]>
    at org.junit.Assert.assertEquals(Assert.java:115)
    at org.junit.Assert.assertEquals(Assert.java:144)
    at org.apache.accumulo.core.client.mock.TestBatchScanner821.test(TestBatchScanner821.java:45)
    at sun.reflect.NativeMethodAccessorImpl.invoke0(Native Method)
    at sun.reflect.NativeMethodAccessorImpl.invoke(NativeMethodAccessorImpl.java:62)
    at sun.reflect.DelegatingMethodAccessorImpl.invoke(DelegatingMethodAccessorImpl.java:43)
05:17:11.463 [pool-45-thread-1] INFO  f.i.l.c.t.SpecificationTestCasesListener - Tests run finished (101 ms)
<> Total tests run: 1
<> Ignored tests: 0
<> Failed tests: 1
~ test(org.apache.accumulo.core.client.mock.TestBatchScanner821)
[expected:<[a,b,c,d]> but was:<[]>]
org.junit.ComparisonFailure: expected:<[a,b,c,d]> but was:<[]>    at org.junit.Assert.assertEquals(Assert.java:115)
    at org.junit.Assert.assertEquals(Assert.java:144)
    at org.apache.accumulo.core.client.mock.TestBatchScanner821.test(TestBatchScanner821.java:45)
    at sun.reflect.NativeMethodAccessorImpl.invoke0(Native Method)
    at sun.reflect.NativeMethodAccessorImpl.invoke(NativeMethodAccessorImpl.java:62)
    at sun.reflect.DelegatingMethodAccessorImpl.invoke(DelegatingMethodAccessorImpl.java:43)

java.lang.UnsupportedOperationException: IteratorChain cannot be changed after the first use of a method from the Iterator interface
    at org.apache.commons.collections.iterators.IteratorChain.checkLocked(IteratorChain.java:203)
    at org.apache.commons.collections.iterators.IteratorChain.addIterator(IteratorChain.java:145)
    at org.apache.accumulo.core.client.mock.MockBatchScanner.iterator(MockBatchScanner.java:62)
    at org.apache.accumulo.core.client.mock.TestBatchScanner821.test(TestBatchScanner821.java:40)
    at sun.reflect.NativeMethodAccessorImpl.invoke0(Native Method)
    at sun.reflect.NativeMethodAccessorImpl.invoke(NativeMethodAccessorImpl.java:62)
05:17:11.474 [pool-46-thread-1] INFO  f.i.l.c.t.SpecificationTestCasesListener - Tests run finished (10 ms)
<> Total tests run: 1
<> Ignored tests: 0
<> Failed tests: 1
~ test(org.apache.accumulo.core.client.mock.TestBatchScanner821)
[IteratorChain cannot be changed after the first use of a method from the Iterator interface]
java.lang.UnsupportedOperationException: IteratorChain cannot be changed after the first use of a method from the Iterator interface    at org.apache.commons.collections.iterators.IteratorChain.checkLocked(IteratorChain.java:203)
    at org.apache.commons.collections.iterators.IteratorChain.addIterator(IteratorChain.java:145)
    at org.apache.accumulo.core.client.mock.MockBatchScanner.iterator(MockBatchScanner.java:62)
    at org.apache.accumulo.core.client.mock.TestBatchScanner821.test(TestBatchScanner821.java:40)
    at sun.reflect.NativeMethodAccessorImpl.invoke0(Native Method)
    at sun.reflect.NativeMethodAccessorImpl.invoke(NativeMethodAccessorImpl.java:62)

05:17:11.474 [pool-43-thread-1] DEBUG tests.output - Failing tests with false: 
[test(org.apache.accumulo.core.client.mock.TestBatchScanner821): expected:<[a,b,c,d]> but was:<[]>]
05:17:11.474 [pool-43-thread-1] DEBUG tests.output - Failing tests with true: 
[test(org.apache.accumulo.core.client.mock.TestBatchScanner821): IteratorChain cannot be changed after the first use of a method from the Iterator interface]
05:17:11.474 [pool-43-thread-1] INFO  f.i.l.r.n.synth.SMTNopolSynthesizer - Not enough specifications: 0. A trivial patch is "true" or "false", please write new tests specifying SourceLocation org.apache.accumulo.core.client.mock.MockBatchScanner:79.
05:17:11.474 [pool-2-thread-1] DEBUG fr.inria.lille.repair.nopol.NoPol - statement #40
05:17:11.474 [pool-2-thread-1] DEBUG fr.inria.lille.repair.nopol.NoPol - Analysing SourceLocation org.apache.accumulo.core.client.mock.MockBatchScanner:78 which is executed by 5 tests
1331156015
05:17:11.617 [pool-2-thread-1] DEBUG fr.inria.lille.repair.nopol.NoPol - statement #41
05:17:11.617 [pool-2-thread-1] DEBUG fr.inria.lille.repair.nopol.NoPol - Analysing SourceLocation org.apache.accumulo.core.client.mock.MockBatchScanner:74 which is executed by 5 tests
1331156015
05:17:11.779 [pool-2-thread-1] DEBUG fr.inria.lille.repair.nopol.NoPol - looking with class fr.inria.lille.repair.nopol.spoon.smt.ConditionalAdder
org.junit.ComparisonFailure: expected:<[a,b,c,d]> but was:<[]>
    at org.junit.Assert.assertEquals(Assert.java:115)
    at org.junit.Assert.assertEquals(Assert.java:144)
    at org.apache.accumulo.core.client.mock.TestBatchScanner821.test(TestBatchScanner821.java:45)
    at sun.reflect.NativeMethodAccessorImpl.invoke0(Native Method)
    at sun.reflect.NativeMethodAccessorImpl.invoke(NativeMethodAccessorImpl.java:62)
    at sun.reflect.DelegatingMethodAccessorImpl.invoke(DelegatingMethodAccessorImpl.java:43)
05:17:11.889 [pool-48-thread-1] INFO  xxl.java.junit.TestCasesListener - Tests run finished (109 ms)
<> Total tests run: 1
<> Ignored tests: 0
<> Failed tests: 1
~ test(org.apache.accumulo.core.client.mock.TestBatchScanner821)
[expected:<[a,b,c,d]> but was:<[]>]
org.junit.ComparisonFailure: expected:<[a,b,c,d]> but was:<[]>    at org.junit.Assert.assertEquals(Assert.java:115)
    at org.junit.Assert.assertEquals(Assert.java:144)
    at org.apache.accumulo.core.client.mock.TestBatchScanner821.test(TestBatchScanner821.java:45)
    at sun.reflect.NativeMethodAccessorImpl.invoke0(Native Method)
    at sun.reflect.NativeMethodAccessorImpl.invoke(NativeMethodAccessorImpl.java:62)
    at sun.reflect.DelegatingMethodAccessorImpl.invoke(DelegatingMethodAccessorImpl.java:43)

org.junit.ComparisonFailure: expected:<[a,b,c,d]> but was:<[]>
    at org.junit.Assert.assertEquals(Assert.java:115)
    at org.junit.Assert.assertEquals(Assert.java:144)
    at org.apache.accumulo.core.client.mock.TestBatchScanner821.test(TestBatchScanner821.java:45)
    at sun.reflect.NativeMethodAccessorImpl.invoke0(Native Method)
    at sun.reflect.NativeMethodAccessorImpl.invoke(NativeMethodAccessorImpl.java:62)
    at sun.reflect.DelegatingMethodAccessorImpl.invoke(DelegatingMethodAccessorImpl.java:43)
05:17:12.168 [pool-49-thread-1] INFO  f.i.l.c.t.SpecificationTestCasesListener - Tests run finished (111 ms)
<> Total tests run: 1
<> Ignored tests: 0
<> Failed tests: 1
~ test(org.apache.accumulo.core.client.mock.TestBatchScanner821)
[expected:<[a,b,c,d]> but was:<[]>]
org.junit.ComparisonFailure: expected:<[a,b,c,d]> but was:<[]>    at org.junit.Assert.assertEquals(Assert.java:115)
    at org.junit.Assert.assertEquals(Assert.java:144)
    at org.apache.accumulo.core.client.mock.TestBatchScanner821.test(TestBatchScanner821.java:45)
    at sun.reflect.NativeMethodAccessorImpl.invoke0(Native Method)
    at sun.reflect.NativeMethodAccessorImpl.invoke(NativeMethodAccessorImpl.java:62)
    at sun.reflect.DelegatingMethodAccessorImpl.invoke(DelegatingMethodAccessorImpl.java:43)

org.junit.ComparisonFailure: expected:<[a,b,c,d]> but was:<[]>
    at org.junit.Assert.assertEquals(Assert.java:115)
    at org.junit.Assert.assertEquals(Assert.java:144)
    at org.apache.accumulo.core.client.mock.TestBatchScanner821.test(TestBatchScanner821.java:45)
    at sun.reflect.NativeMethodAccessorImpl.invoke0(Native Method)
    at sun.reflect.NativeMethodAccessorImpl.invoke(NativeMethodAccessorImpl.java:62)
    at sun.reflect.DelegatingMethodAccessorImpl.invoke(DelegatingMethodAccessorImpl.java:43)
05:17:12.170 [pool-50-thread-1] INFO  f.i.l.c.t.SpecificationTestCasesListener - Tests run finished (1 ms)
<> Total tests run: 1
<> Ignored tests: 0
<> Failed tests: 1
~ test(org.apache.accumulo.core.client.mock.TestBatchScanner821)
[expected:<[a,b,c,d]> but was:<[]>]
org.junit.ComparisonFailure: expected:<[a,b,c,d]> but was:<[]>    at org.junit.Assert.assertEquals(Assert.java:115)
    at org.junit.Assert.assertEquals(Assert.java:144)
    at org.apache.accumulo.core.client.mock.TestBatchScanner821.test(TestBatchScanner821.java:45)
    at sun.reflect.NativeMethodAccessorImpl.invoke0(Native Method)
    at sun.reflect.NativeMethodAccessorImpl.invoke(NativeMethodAccessorImpl.java:62)
    at sun.reflect.DelegatingMethodAccessorImpl.invoke(DelegatingMethodAccessorImpl.java:43)

05:17:12.170 [pool-47-thread-1] DEBUG tests.output - Failing tests with false: 
[test(org.apache.accumulo.core.client.mock.TestBatchScanner821): expected:<[a,b,c,d]> but was:<[]>]
05:17:12.170 [pool-47-thread-1] DEBUG tests.output - Failing tests with true: 
[test(org.apache.accumulo.core.client.mock.TestBatchScanner821): expected:<[a,b,c,d]> but was:<[]>]
05:17:12.170 [pool-47-thread-1] INFO  f.i.l.r.n.synth.SMTNopolSynthesizer - Not enough specifications: 0. A trivial patch is "true" or "false", please write new tests specifying SourceLocation org.apache.accumulo.core.client.mock.MockBatchScanner:74.
05:17:12.170 [pool-2-thread-1] DEBUG fr.inria.lille.repair.nopol.NoPol - looking with class fr.inria.lille.repair.nopol.spoon.smt.ConditionalReplacer
org.junit.ComparisonFailure: expected:<[a,b,c,d]> but was:<[]>
    at org.junit.Assert.assertEquals(Assert.java:115)
    at org.junit.Assert.assertEquals(Assert.java:144)
    at org.apache.accumulo.core.client.mock.TestBatchScanner821.test(TestBatchScanner821.java:45)
    at sun.reflect.NativeMethodAccessorImpl.invoke0(Native Method)
    at sun.reflect.NativeMethodAccessorImpl.invoke(NativeMethodAccessorImpl.java:62)
    at sun.reflect.DelegatingMethodAccessorImpl.invoke(DelegatingMethodAccessorImpl.java:43)
05:17:12.280 [pool-52-thread-1] INFO  xxl.java.junit.TestCasesListener - Tests run finished (109 ms)
<> Total tests run: 1
<> Ignored tests: 0
<> Failed tests: 1
~ test(org.apache.accumulo.core.client.mock.TestBatchScanner821)
[expected:<[a,b,c,d]> but was:<[]>]
org.junit.ComparisonFailure: expected:<[a,b,c,d]> but was:<[]>    at org.junit.Assert.assertEquals(Assert.java:115)
    at org.junit.Assert.assertEquals(Assert.java:144)
    at org.apache.accumulo.core.client.mock.TestBatchScanner821.test(TestBatchScanner821.java:45)
    at sun.reflect.NativeMethodAccessorImpl.invoke0(Native Method)
    at sun.reflect.NativeMethodAccessorImpl.invoke(NativeMethodAccessorImpl.java:62)
    at sun.reflect.DelegatingMethodAccessorImpl.invoke(DelegatingMethodAccessorImpl.java:43)

org.junit.ComparisonFailure: expected:<[a,b,c,d]> but was:<[]>
    at org.junit.Assert.assertEquals(Assert.java:115)
    at org.junit.Assert.assertEquals(Assert.java:144)
    at org.apache.accumulo.core.client.mock.TestBatchScanner821.test(TestBatchScanner821.java:45)
    at sun.reflect.NativeMethodAccessorImpl.invoke0(Native Method)
    at sun.reflect.NativeMethodAccessorImpl.invoke(NativeMethodAccessorImpl.java:62)
    at sun.reflect.DelegatingMethodAccessorImpl.invoke(DelegatingMethodAccessorImpl.java:43)
05:17:12.557 [pool-53-thread-1] INFO  f.i.l.c.t.SpecificationTestCasesListener - Tests run finished (108 ms)
<> Total tests run: 1
<> Ignored tests: 0
<> Failed tests: 1
~ test(org.apache.accumulo.core.client.mock.TestBatchScanner821)
[expected:<[a,b,c,d]> but was:<[]>]
org.junit.ComparisonFailure: expected:<[a,b,c,d]> but was:<[]>    at org.junit.Assert.assertEquals(Assert.java:115)
    at org.junit.Assert.assertEquals(Assert.java:144)
    at org.apache.accumulo.core.client.mock.TestBatchScanner821.test(TestBatchScanner821.java:45)
    at sun.reflect.NativeMethodAccessorImpl.invoke0(Native Method)
    at sun.reflect.NativeMethodAccessorImpl.invoke(NativeMethodAccessorImpl.java:62)
    at sun.reflect.DelegatingMethodAccessorImpl.invoke(DelegatingMethodAccessorImpl.java:43)

java.lang.IllegalStateException: ranges not set
    at org.apache.accumulo.core.client.mock.MockBatchScanner.iterator(MockBatchScanner.java:54)
    at org.apache.accumulo.core.client.mock.TestBatchScanner821.test(TestBatchScanner821.java:40)
    at sun.reflect.NativeMethodAccessorImpl.invoke0(Native Method)
    at sun.reflect.NativeMethodAccessorImpl.invoke(NativeMethodAccessorImpl.java:62)
    at sun.reflect.DelegatingMethodAccessorImpl.invoke(DelegatingMethodAccessorImpl.java:43)
    at java.lang.reflect.Method.invoke(Method.java:498)
05:17:12.558 [pool-54-thread-1] INFO  f.i.l.c.t.SpecificationTestCasesListener - Tests run finished (0 ms)
<> Total tests run: 1
<> Ignored tests: 0
<> Failed tests: 1
~ test(org.apache.accumulo.core.client.mock.TestBatchScanner821)
[ranges not set]
java.lang.IllegalStateException: ranges not set    at org.apache.accumulo.core.client.mock.MockBatchScanner.iterator(MockBatchScanner.java:54)
    at org.apache.accumulo.core.client.mock.TestBatchScanner821.test(TestBatchScanner821.java:40)
    at sun.reflect.NativeMethodAccessorImpl.invoke0(Native Method)
    at sun.reflect.NativeMethodAccessorImpl.invoke(NativeMethodAccessorImpl.java:62)
    at sun.reflect.DelegatingMethodAccessorImpl.invoke(DelegatingMethodAccessorImpl.java:43)
    at java.lang.reflect.Method.invoke(Method.java:498)

05:17:12.559 [pool-51-thread-1] DEBUG tests.output - Failing tests with false: 
[test(org.apache.accumulo.core.client.mock.TestBatchScanner821): expected:<[a,b,c,d]> but was:<[]>]
05:17:12.559 [pool-51-thread-1] DEBUG tests.output - Failing tests with true: 
[test(org.apache.accumulo.core.client.mock.TestBatchScanner821): ranges not set]
05:17:12.559 [pool-51-thread-1] INFO  f.i.l.r.n.synth.SMTNopolSynthesizer - Not enough specifications: 0. A trivial patch is "true" or "false", please write new tests specifying SourceLocation org.apache.accumulo.core.client.mock.MockBatchScanner:74.
05:17:12.559 [pool-2-thread-1] DEBUG fr.inria.lille.repair.nopol.NoPol - statement #42
05:17:12.559 [pool-2-thread-1] DEBUG fr.inria.lille.repair.nopol.NoPol - Analysing SourceLocation org.apache.accumulo.core.client.mock.MockBatchScanner:51 which is executed by 5 tests
1331156015
05:17:12.678 [pool-2-thread-1] DEBUG fr.inria.lille.repair.nopol.NoPol - statement #43
05:17:12.678 [pool-2-thread-1] DEBUG fr.inria.lille.repair.nopol.NoPol - Analysing SourceLocation org.apache.accumulo.core.client.mock.MockBatchScanner:50 which is executed by 5 tests
1331156015
05:17:12.800 [pool-2-thread-1] DEBUG fr.inria.lille.repair.nopol.NoPol - looking with class fr.inria.lille.repair.nopol.spoon.smt.ConditionalAdder
org.junit.ComparisonFailure: expected:<[a,b,c,d]> but was:<[]>
    at org.junit.Assert.assertEquals(Assert.java:115)
    at org.junit.Assert.assertEquals(Assert.java:144)
    at org.apache.accumulo.core.client.mock.TestBatchScanner821.test(TestBatchScanner821.java:45)
    at sun.reflect.NativeMethodAccessorImpl.invoke0(Native Method)
    at sun.reflect.NativeMethodAccessorImpl.invoke(NativeMethodAccessorImpl.java:62)
    at sun.reflect.DelegatingMethodAccessorImpl.invoke(DelegatingMethodAccessorImpl.java:43)
05:17:12.908 [pool-56-thread-1] INFO  xxl.java.junit.TestCasesListener - Tests run finished (106 ms)
<> Total tests run: 1
<> Ignored tests: 0
<> Failed tests: 1
~ test(org.apache.accumulo.core.client.mock.TestBatchScanner821)
[expected:<[a,b,c,d]> but was:<[]>]
org.junit.ComparisonFailure: expected:<[a,b,c,d]> but was:<[]>    at org.junit.Assert.assertEquals(Assert.java:115)
    at org.junit.Assert.assertEquals(Assert.java:144)
    at org.apache.accumulo.core.client.mock.TestBatchScanner821.test(TestBatchScanner821.java:45)
    at sun.reflect.NativeMethodAccessorImpl.invoke0(Native Method)
    at sun.reflect.NativeMethodAccessorImpl.invoke(NativeMethodAccessorImpl.java:62)
    at sun.reflect.DelegatingMethodAccessorImpl.invoke(DelegatingMethodAccessorImpl.java:43)

java.lang.IllegalStateException: ranges not set
    at org.apache.accumulo.core.client.mock.MockBatchScanner.iterator(MockBatchScanner.java:55)
    at org.apache.accumulo.core.client.mock.TestBatchScanner821.test(TestBatchScanner821.java:40)
    at sun.reflect.NativeMethodAccessorImpl.invoke0(Native Method)
    at sun.reflect.NativeMethodAccessorImpl.invoke(NativeMethodAccessorImpl.java:62)
    at sun.reflect.DelegatingMethodAccessorImpl.invoke(DelegatingMethodAccessorImpl.java:43)
    at java.lang.reflect.Method.invoke(Method.java:498)
05:17:13.176 [pool-57-thread-1] INFO  f.i.l.c.t.SpecificationTestCasesListener - Tests run finished (100 ms)
<> Total tests run: 1
<> Ignored tests: 0
<> Failed tests: 1
~ test(org.apache.accumulo.core.client.mock.TestBatchScanner821)
[ranges not set]
java.lang.IllegalStateException: ranges not set    at org.apache.accumulo.core.client.mock.MockBatchScanner.iterator(MockBatchScanner.java:55)
    at org.apache.accumulo.core.client.mock.TestBatchScanner821.test(TestBatchScanner821.java:40)
    at sun.reflect.NativeMethodAccessorImpl.invoke0(Native Method)
    at sun.reflect.NativeMethodAccessorImpl.invoke(NativeMethodAccessorImpl.java:62)
    at sun.reflect.DelegatingMethodAccessorImpl.invoke(DelegatingMethodAccessorImpl.java:43)
    at java.lang.reflect.Method.invoke(Method.java:498)

org.junit.ComparisonFailure: expected:<[a,b,c,d]> but was:<[]>
    at org.junit.Assert.assertEquals(Assert.java:115)
    at org.junit.Assert.assertEquals(Assert.java:144)
    at org.apache.accumulo.core.client.mock.TestBatchScanner821.test(TestBatchScanner821.java:45)
    at sun.reflect.NativeMethodAccessorImpl.invoke0(Native Method)
    at sun.reflect.NativeMethodAccessorImpl.invoke(NativeMethodAccessorImpl.java:62)
    at sun.reflect.DelegatingMethodAccessorImpl.invoke(DelegatingMethodAccessorImpl.java:43)
05:17:13.186 [pool-58-thread-1] INFO  f.i.l.c.t.SpecificationTestCasesListener - Tests run finished (9 ms)
<> Total tests run: 1
<> Ignored tests: 0
<> Failed tests: 1
~ test(org.apache.accumulo.core.client.mock.TestBatchScanner821)
[expected:<[a,b,c,d]> but was:<[]>]
org.junit.ComparisonFailure: expected:<[a,b,c,d]> but was:<[]>    at org.junit.Assert.assertEquals(Assert.java:115)
    at org.junit.Assert.assertEquals(Assert.java:144)
    at org.apache.accumulo.core.client.mock.TestBatchScanner821.test(TestBatchScanner821.java:45)
    at sun.reflect.NativeMethodAccessorImpl.invoke0(Native Method)
    at sun.reflect.NativeMethodAccessorImpl.invoke(NativeMethodAccessorImpl.java:62)
    at sun.reflect.DelegatingMethodAccessorImpl.invoke(DelegatingMethodAccessorImpl.java:43)

05:17:13.186 [pool-55-thread-1] DEBUG tests.output - Failing tests with false: 
[test(org.apache.accumulo.core.client.mock.TestBatchScanner821): ranges not set]
05:17:13.186 [pool-55-thread-1] DEBUG tests.output - Failing tests with true: 
[test(org.apache.accumulo.core.client.mock.TestBatchScanner821): expected:<[a,b,c,d]> but was:<[]>]
05:17:13.186 [pool-55-thread-1] INFO  f.i.l.r.n.synth.SMTNopolSynthesizer - Not enough specifications: 0. A trivial patch is "true" or "false", please write new tests specifying SourceLocation org.apache.accumulo.core.client.mock.MockBatchScanner:50.
05:17:13.186 [pool-2-thread-1] DEBUG fr.inria.lille.repair.nopol.NoPol - statement #44
05:17:13.186 [pool-2-thread-1] DEBUG fr.inria.lille.repair.nopol.NoPol - Analysing SourceLocation org.apache.accumulo.core.client.mock.MockBatchScanner:46 which is executed by 5 tests
1331156015
05:17:13.306 [pool-2-thread-1] DEBUG fr.inria.lille.repair.nopol.NoPol - looking with class fr.inria.lille.repair.nopol.spoon.smt.ConditionalAdder
org.junit.ComparisonFailure: expected:<[a,b,c,d]> but was:<[]>
    at org.junit.Assert.assertEquals(Assert.java:115)
    at org.junit.Assert.assertEquals(Assert.java:144)
    at org.apache.accumulo.core.client.mock.TestBatchScanner821.test(TestBatchScanner821.java:45)
    at sun.reflect.NativeMethodAccessorImpl.invoke0(Native Method)
    at sun.reflect.NativeMethodAccessorImpl.invoke(NativeMethodAccessorImpl.java:62)
    at sun.reflect.DelegatingMethodAccessorImpl.invoke(DelegatingMethodAccessorImpl.java:43)
05:17:13.417 [pool-60-thread-1] INFO  xxl.java.junit.TestCasesListener - Tests run finished (110 ms)
<> Total tests run: 1
<> Ignored tests: 0
<> Failed tests: 1
~ test(org.apache.accumulo.core.client.mock.TestBatchScanner821)
[expected:<[a,b,c,d]> but was:<[]>]
org.junit.ComparisonFailure: expected:<[a,b,c,d]> but was:<[]>    at org.junit.Assert.assertEquals(Assert.java:115)
    at org.junit.Assert.assertEquals(Assert.java:144)
    at org.apache.accumulo.core.client.mock.TestBatchScanner821.test(TestBatchScanner821.java:45)
    at sun.reflect.NativeMethodAccessorImpl.invoke0(Native Method)
    at sun.reflect.NativeMethodAccessorImpl.invoke(NativeMethodAccessorImpl.java:62)
    at sun.reflect.DelegatingMethodAccessorImpl.invoke(DelegatingMethodAccessorImpl.java:43)

org.junit.ComparisonFailure: expected:<[a,b,c,d]> but was:<[]>
    at org.junit.Assert.assertEquals(Assert.java:115)
    at org.junit.Assert.assertEquals(Assert.java:144)
    at org.apache.accumulo.core.client.mock.TestBatchScanner821.test(TestBatchScanner821.java:45)
    at sun.reflect.NativeMethodAccessorImpl.invoke0(Native Method)
    at sun.reflect.NativeMethodAccessorImpl.invoke(NativeMethodAccessorImpl.java:62)
    at sun.reflect.DelegatingMethodAccessorImpl.invoke(DelegatingMethodAccessorImpl.java:43)
05:17:13.696 [pool-61-thread-1] INFO  f.i.l.c.t.SpecificationTestCasesListener - Tests run finished (110 ms)
<> Total tests run: 1
<> Ignored tests: 0
<> Failed tests: 1
~ test(org.apache.accumulo.core.client.mock.TestBatchScanner821)
[expected:<[a,b,c,d]> but was:<[]>]
org.junit.ComparisonFailure: expected:<[a,b,c,d]> but was:<[]>    at org.junit.Assert.assertEquals(Assert.java:115)
    at org.junit.Assert.assertEquals(Assert.java:144)
    at org.apache.accumulo.core.client.mock.TestBatchScanner821.test(TestBatchScanner821.java:45)
    at sun.reflect.NativeMethodAccessorImpl.invoke0(Native Method)
    at sun.reflect.NativeMethodAccessorImpl.invoke(NativeMethodAccessorImpl.java:62)
    at sun.reflect.DelegatingMethodAccessorImpl.invoke(DelegatingMethodAccessorImpl.java:43)

org.junit.ComparisonFailure: expected:<[a,b,c,d]> but was:<[]>
    at org.junit.Assert.assertEquals(Assert.java:115)
    at org.junit.Assert.assertEquals(Assert.java:144)
    at org.apache.accumulo.core.client.mock.TestBatchScanner821.test(TestBatchScanner821.java:45)
    at sun.reflect.NativeMethodAccessorImpl.invoke0(Native Method)
    at sun.reflect.NativeMethodAccessorImpl.invoke(NativeMethodAccessorImpl.java:62)
    at sun.reflect.DelegatingMethodAccessorImpl.invoke(DelegatingMethodAccessorImpl.java:43)
05:17:13.698 [pool-62-thread-1] INFO  f.i.l.c.t.SpecificationTestCasesListener - Tests run finished (1 ms)
<> Total tests run: 1
<> Ignored tests: 0
<> Failed tests: 1
~ test(org.apache.accumulo.core.client.mock.TestBatchScanner821)
[expected:<[a,b,c,d]> but was:<[]>]
org.junit.ComparisonFailure: expected:<[a,b,c,d]> but was:<[]>    at org.junit.Assert.assertEquals(Assert.java:115)
    at org.junit.Assert.assertEquals(Assert.java:144)
    at org.apache.accumulo.core.client.mock.TestBatchScanner821.test(TestBatchScanner821.java:45)
    at sun.reflect.NativeMethodAccessorImpl.invoke0(Native Method)
    at sun.reflect.NativeMethodAccessorImpl.invoke(NativeMethodAccessorImpl.java:62)
    at sun.reflect.DelegatingMethodAccessorImpl.invoke(DelegatingMethodAccessorImpl.java:43)

05:17:13.698 [pool-59-thread-1] DEBUG tests.output - Failing tests with false: 
[test(org.apache.accumulo.core.client.mock.TestBatchScanner821): expected:<[a,b,c,d]> but was:<[]>]
05:17:13.698 [pool-59-thread-1] DEBUG tests.output - Failing tests with true: 
[test(org.apache.accumulo.core.client.mock.TestBatchScanner821): expected:<[a,b,c,d]> but was:<[]>]
05:17:13.698 [pool-59-thread-1] INFO  f.i.l.r.n.synth.SMTNopolSynthesizer - Not enough specifications: 0. A trivial patch is "true" or "false", please write new tests specifying SourceLocation org.apache.accumulo.core.client.mock.MockBatchScanner:46.
05:17:13.698 [pool-2-thread-1] DEBUG fr.inria.lille.repair.nopol.NoPol - looking with class fr.inria.lille.repair.nopol.spoon.smt.ConditionalReplacer
org.junit.ComparisonFailure: expected:<[a,b,c,d]> but was:<[]>
    at org.junit.Assert.assertEquals(Assert.java:115)
    at org.junit.Assert.assertEquals(Assert.java:144)
    at org.apache.accumulo.core.client.mock.TestBatchScanner821.test(TestBatchScanner821.java:45)
    at sun.reflect.NativeMethodAccessorImpl.invoke0(Native Method)
    at sun.reflect.NativeMethodAccessorImpl.invoke(NativeMethodAccessorImpl.java:62)
    at sun.reflect.DelegatingMethodAccessorImpl.invoke(DelegatingMethodAccessorImpl.java:43)
05:17:13.806 [pool-64-thread-1] INFO  xxl.java.junit.TestCasesListener - Tests run finished (107 ms)
<> Total tests run: 1
<> Ignored tests: 0
<> Failed tests: 1
~ test(org.apache.accumulo.core.client.mock.TestBatchScanner821)
[expected:<[a,b,c,d]> but was:<[]>]
org.junit.ComparisonFailure: expected:<[a,b,c,d]> but was:<[]>    at org.junit.Assert.assertEquals(Assert.java:115)
    at org.junit.Assert.assertEquals(Assert.java:144)
    at org.apache.accumulo.core.client.mock.TestBatchScanner821.test(TestBatchScanner821.java:45)
    at sun.reflect.NativeMethodAccessorImpl.invoke0(Native Method)
    at sun.reflect.NativeMethodAccessorImpl.invoke(NativeMethodAccessorImpl.java:62)
    at sun.reflect.DelegatingMethodAccessorImpl.invoke(DelegatingMethodAccessorImpl.java:43)

org.junit.ComparisonFailure: expected:<[a,b,c,d]> but was:<[]>
    at org.junit.Assert.assertEquals(Assert.java:115)
    at org.junit.Assert.assertEquals(Assert.java:144)
    at org.apache.accumulo.core.client.mock.TestBatchScanner821.test(TestBatchScanner821.java:45)
    at sun.reflect.NativeMethodAccessorImpl.invoke0(Native Method)
    at sun.reflect.NativeMethodAccessorImpl.invoke(NativeMethodAccessorImpl.java:62)
    at sun.reflect.DelegatingMethodAccessorImpl.invoke(DelegatingMethodAccessorImpl.java:43)
05:17:14.086 [pool-65-thread-1] INFO  f.i.l.c.t.SpecificationTestCasesListener - Tests run finished (109 ms)
<> Total tests run: 1
<> Ignored tests: 0
<> Failed tests: 1
~ test(org.apache.accumulo.core.client.mock.TestBatchScanner821)
[expected:<[a,b,c,d]> but was:<[]>]
org.junit.ComparisonFailure: expected:<[a,b,c,d]> but was:<[]>    at org.junit.Assert.assertEquals(Assert.java:115)
    at org.junit.Assert.assertEquals(Assert.java:144)
    at org.apache.accumulo.core.client.mock.TestBatchScanner821.test(TestBatchScanner821.java:45)
    at sun.reflect.NativeMethodAccessorImpl.invoke0(Native Method)
    at sun.reflect.NativeMethodAccessorImpl.invoke(NativeMethodAccessorImpl.java:62)
    at sun.reflect.DelegatingMethodAccessorImpl.invoke(DelegatingMethodAccessorImpl.java:43)

java.lang.IllegalArgumentException: ranges must be non null and contain at least 1 range
    at org.apache.accumulo.core.client.mock.MockBatchScanner.setRanges(MockBatchScanner.java:28)
    at org.apache.accumulo.core.client.mock.TestBatchScanner821.test(TestBatchScanner821.java:37)
    at sun.reflect.NativeMethodAccessorImpl.invoke0(Native Method)
    at sun.reflect.NativeMethodAccessorImpl.invoke(NativeMethodAccessorImpl.java:62)
    at sun.reflect.DelegatingMethodAccessorImpl.invoke(DelegatingMethodAccessorImpl.java:43)
    at java.lang.reflect.Method.invoke(Method.java:498)
05:17:14.088 [pool-66-thread-1] INFO  f.i.l.c.t.SpecificationTestCasesListener - Tests run finished (1 ms)
<> Total tests run: 1
<> Ignored tests: 0
<> Failed tests: 1
~ test(org.apache.accumulo.core.client.mock.TestBatchScanner821)
[ranges must be non null and contain at least 1 range]
java.lang.IllegalArgumentException: ranges must be non null and contain at least 1 range    at org.apache.accumulo.core.client.mock.MockBatchScanner.setRanges(MockBatchScanner.java:28)
    at org.apache.accumulo.core.client.mock.TestBatchScanner821.test(TestBatchScanner821.java:37)
    at sun.reflect.NativeMethodAccessorImpl.invoke0(Native Method)
    at sun.reflect.NativeMethodAccessorImpl.invoke(NativeMethodAccessorImpl.java:62)
    at sun.reflect.DelegatingMethodAccessorImpl.invoke(DelegatingMethodAccessorImpl.java:43)
    at java.lang.reflect.Method.invoke(Method.java:498)

05:17:14.088 [pool-63-thread-1] DEBUG tests.output - Failing tests with false: 
[test(org.apache.accumulo.core.client.mock.TestBatchScanner821): expected:<[a,b,c,d]> but was:<[]>]
05:17:14.088 [pool-63-thread-1] DEBUG tests.output - Failing tests with true: 
[test(org.apache.accumulo.core.client.mock.TestBatchScanner821): ranges must be non null and contain at least 1 range]
05:17:14.088 [pool-63-thread-1] INFO  f.i.l.r.n.synth.SMTNopolSynthesizer - Not enough specifications: 0. A trivial patch is "true" or "false", please write new tests specifying SourceLocation org.apache.accumulo.core.client.mock.MockBatchScanner:46.
05:17:14.088 [pool-2-thread-1] DEBUG fr.inria.lille.repair.nopol.NoPol - statement #45
05:17:14.088 [pool-2-thread-1] DEBUG fr.inria.lille.repair.nopol.NoPol - Analysing SourceLocation org.apache.accumulo.core.client.mock.MockBatchScanner$RangesFilter:64 which is executed by 5 tests
1331156015
05:17:14.209 [pool-2-thread-1] DEBUG fr.inria.lille.repair.nopol.NoPol - looking with class fr.inria.lille.repair.nopol.spoon.smt.ConditionalAdder
org.junit.ComparisonFailure: expected:<[a,b,c,d]> but was:<[]>
    at org.junit.Assert.assertEquals(Assert.java:115)
    at org.junit.Assert.assertEquals(Assert.java:144)
    at org.apache.accumulo.core.client.mock.TestBatchScanner821.test(TestBatchScanner821.java:45)
    at sun.reflect.NativeMethodAccessorImpl.invoke0(Native Method)
    at sun.reflect.NativeMethodAccessorImpl.invoke(NativeMethodAccessorImpl.java:62)
    at sun.reflect.DelegatingMethodAccessorImpl.invoke(DelegatingMethodAccessorImpl.java:43)
05:17:14.318 [pool-68-thread-1] INFO  xxl.java.junit.TestCasesListener - Tests run finished (108 ms)
<> Total tests run: 1
<> Ignored tests: 0
<> Failed tests: 1
~ test(org.apache.accumulo.core.client.mock.TestBatchScanner821)
[expected:<[a,b,c,d]> but was:<[]>]
org.junit.ComparisonFailure: expected:<[a,b,c,d]> but was:<[]>    at org.junit.Assert.assertEquals(Assert.java:115)
    at org.junit.Assert.assertEquals(Assert.java:144)
    at org.apache.accumulo.core.client.mock.TestBatchScanner821.test(TestBatchScanner821.java:45)
    at sun.reflect.NativeMethodAccessorImpl.invoke0(Native Method)
    at sun.reflect.NativeMethodAccessorImpl.invoke(NativeMethodAccessorImpl.java:62)
    at sun.reflect.DelegatingMethodAccessorImpl.invoke(DelegatingMethodAccessorImpl.java:43)

org.junit.ComparisonFailure: expected:<[a,b,c,d]> but was:<[]>
    at org.junit.Assert.assertEquals(Assert.java:115)
    at org.junit.Assert.assertEquals(Assert.java:144)
    at org.apache.accumulo.core.client.mock.TestBatchScanner821.test(TestBatchScanner821.java:45)
    at sun.reflect.NativeMethodAccessorImpl.invoke0(Native Method)
    at sun.reflect.NativeMethodAccessorImpl.invoke(NativeMethodAccessorImpl.java:62)
    at sun.reflect.DelegatingMethodAccessorImpl.invoke(DelegatingMethodAccessorImpl.java:43)
05:17:14.604 [pool-69-thread-1] INFO  f.i.l.c.t.SpecificationTestCasesListener - Tests run finished (111 ms)
<> Total tests run: 1
<> Ignored tests: 0
<> Failed tests: 1
~ test(org.apache.accumulo.core.client.mock.TestBatchScanner821)
[expected:<[a,b,c,d]> but was:<[]>]
org.junit.ComparisonFailure: expected:<[a,b,c,d]> but was:<[]>    at org.junit.Assert.assertEquals(Assert.java:115)
    at org.junit.Assert.assertEquals(Assert.java:144)
    at org.apache.accumulo.core.client.mock.TestBatchScanner821.test(TestBatchScanner821.java:45)
    at sun.reflect.NativeMethodAccessorImpl.invoke0(Native Method)
    at sun.reflect.NativeMethodAccessorImpl.invoke(NativeMethodAccessorImpl.java:62)
    at sun.reflect.DelegatingMethodAccessorImpl.invoke(DelegatingMethodAccessorImpl.java:43)

org.junit.ComparisonFailure: expected:<[a,b,c,d]> but was:<[]>
    at org.junit.Assert.assertEquals(Assert.java:115)
    at org.junit.Assert.assertEquals(Assert.java:144)
    at org.apache.accumulo.core.client.mock.TestBatchScanner821.test(TestBatchScanner821.java:45)
    at sun.reflect.NativeMethodAccessorImpl.invoke0(Native Method)
    at sun.reflect.NativeMethodAccessorImpl.invoke(NativeMethodAccessorImpl.java:62)
    at sun.reflect.DelegatingMethodAccessorImpl.invoke(DelegatingMethodAccessorImpl.java:43)
05:17:14.606 [pool-70-thread-1] INFO  f.i.l.c.t.SpecificationTestCasesListener - Tests run finished (1 ms)
<> Total tests run: 1
<> Ignored tests: 0
<> Failed tests: 1
~ test(org.apache.accumulo.core.client.mock.TestBatchScanner821)
[expected:<[a,b,c,d]> but was:<[]>]
org.junit.ComparisonFailure: expected:<[a,b,c,d]> but was:<[]>    at org.junit.Assert.assertEquals(Assert.java:115)
    at org.junit.Assert.assertEquals(Assert.java:144)
    at org.apache.accumulo.core.client.mock.TestBatchScanner821.test(TestBatchScanner821.java:45)
    at sun.reflect.NativeMethodAccessorImpl.invoke0(Native Method)
    at sun.reflect.NativeMethodAccessorImpl.invoke(NativeMethodAccessorImpl.java:62)
    at sun.reflect.DelegatingMethodAccessorImpl.invoke(DelegatingMethodAccessorImpl.java:43)

05:17:14.606 [pool-67-thread-1] DEBUG tests.output - Failing tests with false: 
[test(org.apache.accumulo.core.client.mock.TestBatchScanner821): expected:<[a,b,c,d]> but was:<[]>]
05:17:14.606 [pool-67-thread-1] DEBUG tests.output - Failing tests with true: 
[test(org.apache.accumulo.core.client.mock.TestBatchScanner821): expected:<[a,b,c,d]> but was:<[]>]
05:17:14.606 [pool-67-thread-1] INFO  f.i.l.r.n.synth.SMTNopolSynthesizer - Not enough specifications: 0. A trivial patch is "true" or "false", please write new tests specifying SourceLocation org.apache.accumulo.core.client.mock.MockBatchScanner$RangesFilter:64.
05:17:14.606 [pool-2-thread-1] DEBUG fr.inria.lille.repair.nopol.NoPol - looking with class fr.inria.lille.repair.nopol.spoon.smt.ConditionalReplacer
org.junit.ComparisonFailure: expected:<[a,b,c,d]> but was:<[]>
    at org.junit.Assert.assertEquals(Assert.java:115)
    at org.junit.Assert.assertEquals(Assert.java:144)
    at org.apache.accumulo.core.client.mock.TestBatchScanner821.test(TestBatchScanner821.java:45)
    at sun.reflect.NativeMethodAccessorImpl.invoke0(Native Method)
    at sun.reflect.NativeMethodAccessorImpl.invoke(NativeMethodAccessorImpl.java:62)
    at sun.reflect.DelegatingMethodAccessorImpl.invoke(DelegatingMethodAccessorImpl.java:43)
05:17:14.714 [pool-72-thread-1] INFO  xxl.java.junit.TestCasesListener - Tests run finished (106 ms)
<> Total tests run: 1
<> Ignored tests: 0
<> Failed tests: 1
~ test(org.apache.accumulo.core.client.mock.TestBatchScanner821)
[expected:<[a,b,c,d]> but was:<[]>]
org.junit.ComparisonFailure: expected:<[a,b,c,d]> but was:<[]>    at org.junit.Assert.assertEquals(Assert.java:115)
    at org.junit.Assert.assertEquals(Assert.java:144)
    at org.apache.accumulo.core.client.mock.TestBatchScanner821.test(TestBatchScanner821.java:45)
    at sun.reflect.NativeMethodAccessorImpl.invoke0(Native Method)
    at sun.reflect.NativeMethodAccessorImpl.invoke(NativeMethodAccessorImpl.java:62)
    at sun.reflect.DelegatingMethodAccessorImpl.invoke(DelegatingMethodAccessorImpl.java:43)

org.junit.ComparisonFailure: expected:<[a,b,c,d]> but was:<[]>
    at org.junit.Assert.assertEquals(Assert.java:115)
    at org.junit.Assert.assertEquals(Assert.java:144)
    at org.apache.accumulo.core.client.mock.TestBatchScanner821.test(TestBatchScanner821.java:45)
    at sun.reflect.NativeMethodAccessorImpl.invoke0(Native Method)
    at sun.reflect.NativeMethodAccessorImpl.invoke(NativeMethodAccessorImpl.java:62)
    at sun.reflect.DelegatingMethodAccessorImpl.invoke(DelegatingMethodAccessorImpl.java:43)
05:17:14.997 [pool-73-thread-1] INFO  f.i.l.c.t.SpecificationTestCasesListener - Tests run finished (108 ms)
<> Total tests run: 1
<> Ignored tests: 0
<> Failed tests: 1
~ test(org.apache.accumulo.core.client.mock.TestBatchScanner821)
[expected:<[a,b,c,d]> but was:<[]>]
org.junit.ComparisonFailure: expected:<[a,b,c,d]> but was:<[]>    at org.junit.Assert.assertEquals(Assert.java:115)
    at org.junit.Assert.assertEquals(Assert.java:144)
    at org.apache.accumulo.core.client.mock.TestBatchScanner821.test(TestBatchScanner821.java:45)
    at sun.reflect.NativeMethodAccessorImpl.invoke0(Native Method)
    at sun.reflect.NativeMethodAccessorImpl.invoke(NativeMethodAccessorImpl.java:62)
    at sun.reflect.DelegatingMethodAccessorImpl.invoke(DelegatingMethodAccessorImpl.java:43)

05:17:14.999 [pool-74-thread-1] INFO  f.i.l.c.t.SpecificationTestCasesListener - Tests run finished (2 ms)
<> Total tests run: 1
<> Ignored tests: 0
<> Failed tests: 0

junit.framework.AssertionFailedError: expected:<0> but was:<1>
    at junit.framework.Assert.fail(Assert.java:57)
    at junit.framework.Assert.failNotEquals(Assert.java:329)
    at junit.framework.Assert.assertEquals(Assert.java:78)
    at junit.framework.Assert.assertEquals(Assert.java:234)
    at junit.framework.Assert.assertEquals(Assert.java:241)
    at org.apache.accumulo.core.client.mock.MockConnectorTest.checkRemaining(MockConnectorTest.java:232)
05:17:15.003 [pool-75-thread-1] INFO  f.i.l.r.n.s.ConstraintModelBuilder$1PassingListener - Tests run finished (2 ms)
<> Total tests run: 1
<> Ignored tests: 0
<> Failed tests: 1
~ testDeletewithBatchDeleter(org.apache.accumulo.core.client.mock.MockConnectorTest)
[expected:<0> but was:<1>]
junit.framework.AssertionFailedError: expected:<0> but was:<1>    at junit.framework.Assert.fail(Assert.java:57)
    at junit.framework.Assert.failNotEquals(Assert.java:329)
    at junit.framework.Assert.assertEquals(Assert.java:78)
    at junit.framework.Assert.assertEquals(Assert.java:234)
    at junit.framework.Assert.assertEquals(Assert.java:241)
    at org.apache.accumulo.core.client.mock.MockConnectorTest.checkRemaining(MockConnectorTest.java:232)

junit.framework.AssertionFailedError: expected:<100> but was:<0>
    at junit.framework.Assert.fail(Assert.java:57)
    at junit.framework.Assert.failNotEquals(Assert.java:329)
    at junit.framework.Assert.assertEquals(Assert.java:78)
    at junit.framework.Assert.assertEquals(Assert.java:234)
    at junit.framework.Assert.assertEquals(Assert.java:241)
    at org.apache.accumulo.core.client.mock.MockConnectorTest.testSunnyDay(MockConnectorTest.java:82)
05:17:15.009 [pool-76-thread-1] INFO  f.i.l.r.n.s.ConstraintModelBuilder$1PassingListener - Tests run finished (5 ms)
<> Total tests run: 1
<> Ignored tests: 0
<> Failed tests: 1
~ testSunnyDay(org.apache.accumulo.core.client.mock.MockConnectorTest)
[expected:<100> but was:<0>]
junit.framework.AssertionFailedError: expected:<100> but was:<0>    at junit.framework.Assert.fail(Assert.java:57)
    at junit.framework.Assert.failNotEquals(Assert.java:329)
    at junit.framework.Assert.assertEquals(Assert.java:78)
    at junit.framework.Assert.assertEquals(Assert.java:234)
    at junit.framework.Assert.assertEquals(Assert.java:241)
    at org.apache.accumulo.core.client.mock.MockConnectorTest.testSunnyDay(MockConnectorTest.java:82)

junit.framework.AssertionFailedError
    at junit.framework.Assert.fail(Assert.java:55)
    at junit.framework.Assert.assertTrue(Assert.java:22)
    at junit.framework.Assert.assertTrue(Assert.java:31)
    at org.apache.accumulo.core.iterators.user.IntersectingIteratorTest.testWithBatchScanner(IntersectingIteratorTest.java:291)
    at sun.reflect.NativeMethodAccessorImpl.invoke0(Native Method)
    at sun.reflect.NativeMethodAccessorImpl.invoke(NativeMethodAccessorImpl.java:62)
05:17:15.017 [pool-77-thread-1] INFO  f.i.l.r.n.s.ConstraintModelBuilder$1PassingListener - Tests run finished (5 ms)
<> Total tests run: 1
<> Ignored tests: 0
<> Failed tests: 1
~ testWithBatchScanner(org.apache.accumulo.core.iterators.user.IntersectingIteratorTest)
[null]
junit.framework.AssertionFailedError    at junit.framework.Assert.fail(Assert.java:55)
    at junit.framework.Assert.assertTrue(Assert.java:22)
    at junit.framework.Assert.assertTrue(Assert.java:31)
    at org.apache.accumulo.core.iterators.user.IntersectingIteratorTest.testWithBatchScanner(IntersectingIteratorTest.java:291)
    at sun.reflect.NativeMethodAccessorImpl.invoke0(Native Method)
    at sun.reflect.NativeMethodAccessorImpl.invoke(NativeMethodAccessorImpl.java:62)

org.junit.ComparisonFailure: expected:<[a,b,c,d]> but was:<[]>
    at org.junit.Assert.assertEquals(Assert.java:115)
    at org.junit.Assert.assertEquals(Assert.java:144)
    at org.apache.accumulo.core.client.mock.TestBatchScanner821.test(TestBatchScanner821.java:45)
    at sun.reflect.NativeMethodAccessorImpl.invoke0(Native Method)
    at sun.reflect.NativeMethodAccessorImpl.invoke(NativeMethodAccessorImpl.java:62)
    at sun.reflect.DelegatingMethodAccessorImpl.invoke(DelegatingMethodAccessorImpl.java:43)
05:17:15.018 [pool-78-thread-1] INFO  f.i.l.r.n.s.ConstraintModelBuilder$1PassingListener - Tests run finished (1 ms)
<> Total tests run: 1
<> Ignored tests: 0
<> Failed tests: 1
~ test(org.apache.accumulo.core.client.mock.TestBatchScanner821)
[expected:<[a,b,c,d]> but was:<[]>]
org.junit.ComparisonFailure: expected:<[a,b,c,d]> but was:<[]>    at org.junit.Assert.assertEquals(Assert.java:115)
    at org.junit.Assert.assertEquals(Assert.java:144)
    at org.apache.accumulo.core.client.mock.TestBatchScanner821.test(TestBatchScanner821.java:45)
    at sun.reflect.NativeMethodAccessorImpl.invoke0(Native Method)
    at sun.reflect.NativeMethodAccessorImpl.invoke(NativeMethodAccessorImpl.java:62)
    at sun.reflect.DelegatingMethodAccessorImpl.invoke(DelegatingMethodAccessorImpl.java:43)

java.lang.AssertionError: expected:<3> but was:<0>
    at org.junit.Assert.fail(Assert.java:88)
    at org.junit.Assert.failNotEquals(Assert.java:743)
    at org.junit.Assert.assertEquals(Assert.java:118)
    at org.junit.Assert.assertEquals(Assert.java:555)
    at org.junit.Assert.assertEquals(Assert.java:542)
    at org.apache.accumulo.core.client.mock.MockTableOperationsTest.assertVersionable(MockTableOperationsTest.java:124)
05:17:15.021 [pool-79-thread-1] INFO  f.i.l.r.n.s.ConstraintModelBuilder$1PassingListener - Tests run finished (1 ms)
<> Total tests run: 1
<> Ignored tests: 0
<> Failed tests: 1
~ testCreateUseVersions(org.apache.accumulo.core.client.mock.MockTableOperationsTest)
[expected:<3> but was:<0>]
java.lang.AssertionError: expected:<3> but was:<0>    at org.junit.Assert.fail(Assert.java:88)
    at org.junit.Assert.failNotEquals(Assert.java:743)
    at org.junit.Assert.assertEquals(Assert.java:118)
    at org.junit.Assert.assertEquals(Assert.java:555)
    at org.junit.Assert.assertEquals(Assert.java:542)
    at org.apache.accumulo.core.client.mock.MockTableOperationsTest.assertVersionable(MockTableOperationsTest.java:124)

05:17:15.023 [pool-80-thread-1] INFO  f.i.l.r.n.s.ConstraintModelBuilder$1PassingListener - Tests run finished (2 ms)
<> Total tests run: 1
<> Ignored tests: 0
<> Failed tests: 0

05:17:15.027 [pool-81-thread-1] INFO  f.i.l.r.n.s.ConstraintModelBuilder$1PassingListener - Tests run finished (4 ms)
<> Total tests run: 1
<> Ignored tests: 0
<> Failed tests: 0

org.apache.accumulo.core.client.TableExistsException: Table index (Id=index) exists
    at org.apache.accumulo.core.client.mock.MockTableOperations.create(MockTableOperations.java:95)
    at org.apache.accumulo.core.client.mock.MockTableOperations.create(MockTableOperations.java:81)
    at org.apache.accumulo.core.iterators.user.IntersectingIteratorTest.testWithBatchScanner(IntersectingIteratorTest.java:277)
    at sun.reflect.NativeMethodAccessorImpl.invoke0(Native Method)
    at sun.reflect.NativeMethodAccessorImpl.invoke(NativeMethodAccessorImpl.java:62)
    at sun.reflect.DelegatingMethodAccessorImpl.invoke(DelegatingMethodAccessorImpl.java:43)
05:17:15.029 [pool-82-thread-1] INFO  f.i.l.r.n.s.ConstraintModelBuilder$1PassingListener - Tests run finished (1 ms)
<> Total tests run: 1
<> Ignored tests: 0
<> Failed tests: 1
~ testWithBatchScanner(org.apache.accumulo.core.iterators.user.IntersectingIteratorTest)
[Table index (Id=index) exists]
org.apache.accumulo.core.client.TableExistsException: Table index (Id=index) exists    at org.apache.accumulo.core.client.mock.MockTableOperations.create(MockTableOperations.java:95)
    at org.apache.accumulo.core.client.mock.MockTableOperations.create(MockTableOperations.java:81)
    at org.apache.accumulo.core.iterators.user.IntersectingIteratorTest.testWithBatchScanner(IntersectingIteratorTest.java:277)
    at sun.reflect.NativeMethodAccessorImpl.invoke0(Native Method)
    at sun.reflect.NativeMethodAccessorImpl.invoke(NativeMethodAccessorImpl.java:62)
    at sun.reflect.DelegatingMethodAccessorImpl.invoke(DelegatingMethodAccessorImpl.java:43)

05:17:15.030 [pool-83-thread-1] INFO  f.i.l.r.n.s.ConstraintModelBuilder$1PassingListener - Tests run finished (1 ms)
<> Total tests run: 1
<> Ignored tests: 0
<> Failed tests: 0

org.apache.accumulo.core.client.TableExistsException: Table tableName1 (Id=tableName1) exists
    at org.apache.accumulo.core.client.mock.MockTableOperations.create(MockTableOperations.java:95)
    at org.apache.accumulo.core.client.mock.MockTableOperationsTest.testCreateUseVersions(MockTableOperationsTest.java:73)
    at sun.reflect.NativeMethodAccessorImpl.invoke0(Native Method)
    at sun.reflect.NativeMethodAccessorImpl.invoke(NativeMethodAccessorImpl.java:62)
    at sun.reflect.DelegatingMethodAccessorImpl.invoke(DelegatingMethodAccessorImpl.java:43)
    at java.lang.reflect.Method.invoke(Method.java:498)
05:17:15.031 [pool-84-thread-1] INFO  f.i.l.r.n.s.ConstraintModelBuilder$1PassingListener - Tests run finished (0 ms)
<> Total tests run: 1
<> Ignored tests: 0
<> Failed tests: 1
~ testCreateUseVersions(org.apache.accumulo.core.client.mock.MockTableOperationsTest)
[Table tableName1 (Id=tableName1) exists]
org.apache.accumulo.core.client.TableExistsException: Table tableName1 (Id=tableName1) exists    at org.apache.accumulo.core.client.mock.MockTableOperations.create(MockTableOperations.java:95)
    at org.apache.accumulo.core.client.mock.MockTableOperationsTest.testCreateUseVersions(MockTableOperationsTest.java:73)
    at sun.reflect.NativeMethodAccessorImpl.invoke0(Native Method)
    at sun.reflect.NativeMethodAccessorImpl.invoke(NativeMethodAccessorImpl.java:62)
    at sun.reflect.DelegatingMethodAccessorImpl.invoke(DelegatingMethodAccessorImpl.java:43)
    at java.lang.reflect.Method.invoke(Method.java:498)

05:17:15.034 [pool-85-thread-1] INFO  f.i.l.c.t.SpecificationTestCasesListener - Tests run finished (2 ms)
<> Total tests run: 1
<> Ignored tests: 0
<> Failed tests: 0

05:17:15.039 [pool-86-thread-1] INFO  f.i.l.c.t.SpecificationTestCasesListener - Tests run finished (5 ms)
<> Total tests run: 1
<> Ignored tests: 0
<> Failed tests: 0

org.apache.accumulo.core.client.TableExistsException: Table index (Id=index) exists
    at org.apache.accumulo.core.client.mock.MockTableOperations.create(MockTableOperations.java:95)
    at org.apache.accumulo.core.client.mock.MockTableOperations.create(MockTableOperations.java:81)
    at org.apache.accumulo.core.iterators.user.IntersectingIteratorTest.testWithBatchScanner(IntersectingIteratorTest.java:277)
    at sun.reflect.NativeMethodAccessorImpl.invoke0(Native Method)
    at sun.reflect.NativeMethodAccessorImpl.invoke(NativeMethodAccessorImpl.java:62)
    at sun.reflect.DelegatingMethodAccessorImpl.invoke(DelegatingMethodAccessorImpl.java:43)
05:17:15.040 [pool-87-thread-1] INFO  f.i.l.c.t.SpecificationTestCasesListener - Tests run finished (0 ms)
<> Total tests run: 1
<> Ignored tests: 0
<> Failed tests: 1
~ testWithBatchScanner(org.apache.accumulo.core.iterators.user.IntersectingIteratorTest)
[Table index (Id=index) exists]
org.apache.accumulo.core.client.TableExistsException: Table index (Id=index) exists    at org.apache.accumulo.core.client.mock.MockTableOperations.create(MockTableOperations.java:95)
    at org.apache.accumulo.core.client.mock.MockTableOperations.create(MockTableOperations.java:81)
    at org.apache.accumulo.core.iterators.user.IntersectingIteratorTest.testWithBatchScanner(IntersectingIteratorTest.java:277)
    at sun.reflect.NativeMethodAccessorImpl.invoke0(Native Method)
    at sun.reflect.NativeMethodAccessorImpl.invoke(NativeMethodAccessorImpl.java:62)
    at sun.reflect.DelegatingMethodAccessorImpl.invoke(DelegatingMethodAccessorImpl.java:43)

org.apache.accumulo.core.client.TableExistsException: Table tableName1 (Id=tableName1) exists
    at org.apache.accumulo.core.client.mock.MockTableOperations.create(MockTableOperations.java:95)
    at org.apache.accumulo.core.client.mock.MockTableOperationsTest.testCreateUseVersions(MockTableOperationsTest.java:73)
    at sun.reflect.NativeMethodAccessorImpl.invoke0(Native Method)
    at sun.reflect.NativeMethodAccessorImpl.invoke(NativeMethodAccessorImpl.java:62)
    at sun.reflect.DelegatingMethodAccessorImpl.invoke(DelegatingMethodAccessorImpl.java:43)
    at java.lang.reflect.Method.invoke(Method.java:498)
05:17:15.041 [pool-88-thread-1] INFO  f.i.l.c.t.SpecificationTestCasesListener - Tests run finished (0 ms)
<> Total tests run: 1
<> Ignored tests: 0
<> Failed tests: 1
~ testCreateUseVersions(org.apache.accumulo.core.client.mock.MockTableOperationsTest)
[Table tableName1 (Id=tableName1) exists]
org.apache.accumulo.core.client.TableExistsException: Table tableName1 (Id=tableName1) exists    at org.apache.accumulo.core.client.mock.MockTableOperations.create(MockTableOperations.java:95)
    at org.apache.accumulo.core.client.mock.MockTableOperationsTest.testCreateUseVersions(MockTableOperationsTest.java:73)
    at sun.reflect.NativeMethodAccessorImpl.invoke0(Native Method)
    at sun.reflect.NativeMethodAccessorImpl.invoke(NativeMethodAccessorImpl.java:62)
    at sun.reflect.DelegatingMethodAccessorImpl.invoke(DelegatingMethodAccessorImpl.java:43)
    at java.lang.reflect.Method.invoke(Method.java:498)

05:17:15.248 [pool-71-thread-1] DEBUG f.i.l.c.s.ConstraintBasedSynthesis - Operators:
05:17:15.464 [pool-71-thread-1] DEBUG f.i.l.c.s.ConstraintBasedSynthesis - Successful code synthesis: k!=null
05:17:15.465 [pool-71-thread-1] INFO  f.i.l.repair.nopol.patch.TestPatch - Applying patch: org.apache.accumulo.core.client.mock.MockBatchScanner$RangesFilter:64: CONDITIONAL k!=null
05:17:15.638 [pool-71-thread-1] INFO  f.i.l.repair.nopol.patch.TestPatch - Running test suite to check the patch "k!=null" is working
05:17:15.769 [pool-2-thread-1] INFO  fr.inria.lille.repair.nopol.NoPol - ----INFORMATION----
05:17:16.107 [pool-2-thread-1] INFO  fr.inria.lille.repair.nopol.NoPol - Nb classes : 438
05:17:16.107 [pool-2-thread-1] INFO  fr.inria.lille.repair.nopol.NoPol - Nb methods : 3595
05:17:16.107 [pool-2-thread-1] INFO  fr.inria.lille.repair.nopol.NoPol - Nb Statements Analyzed : 18
05:17:16.107 [pool-2-thread-1] INFO  fr.inria.lille.repair.nopol.NoPol - Nb Statements with Angelic Value Found : 1
05:17:16.107 [pool-2-thread-1] INFO  fr.inria.lille.repair.nopol.NoPol - Nb inputs in SMT : 2
05:17:16.108 [pool-2-thread-1] INFO  fr.inria.lille.repair.nopol.NoPol - Nb SMT level: 1
05:17:16.108 [pool-2-thread-1] INFO  fr.inria.lille.repair.nopol.NoPol - Nb SMT components: [0] []
05:17:16.108 [pool-2-thread-1] INFO  fr.inria.lille.repair.nopol.NoPol - Nb variables in SMT : 6
05:17:16.108 [pool-2-thread-1] INFO  fr.inria.lille.repair.nopol.NoPol - NoPol Execution time : 29869ms
05:17:16.108 [pool-2-thread-1] INFO  fr.inria.lille.repair.nopol.NoPol - 
05:17:16.108 [pool-2-thread-1] INFO  fr.inria.lille.repair.nopol.NoPol - ----PATCH FOUND----
05:17:16.108 [pool-2-thread-1] INFO  fr.inria.lille.repair.nopol.NoPol - k!=null
05:17:16.125 [pool-2-thread-1] INFO  fr.inria.lille.repair.nopol.NoPol - Nb test that executes the patch: 5
05:17:16.125 [pool-2-thread-1] INFO  fr.inria.lille.repair.nopol.NoPol - org.apache.accumulo.core.client.mock.MockBatchScanner$RangesFilter:64: CONDITIONAL
05:17:16.137 [pool-2-thread-1] INFO  fr.inria.lille.repair.nopol.NoPol - --- a/core/src/main/java/org/apache/accumulo/core/client/mock/MockBatchScanner.java
+++ b/core/src/main/java/org/apache/accumulo/core/client/mock/MockBatchScanner.java
@@ -63,4 +63,4 @@
       for (Range r : ranges) {
-        if (r.contains(k))
-          return true;
+        if (k!=null)
+        return true;
       }

PATCH
140.56user 6.21system 0:31.90elapsed 460%CPU (0avgtext+0avgdata 1742012maxresident)k
103064inputs+14392outputs (23major+681387minor)pagefaults 0swaps


Node: grisou-37.nancy.grid5000.fr



Date: Sat Dec 29 05:17:16 EST 2018

