cd /tmp/DynaMoth_QuixBugs_SHORTEST_PATH_LENGTH_;
export JAVA_TOOL_OPTIONS="-Dfile.encoding=UTF8 -Duser.language=en-US -Duser.country=US -Duser.language=en";
TZ="America/New_York"; export TZ;
export PATH="/usr/lib/jvm/java-1.8.0-openjdk-amd64/bin/:$PATH";
export JAVA_HOME="/usr/lib/jvm/java-1.8.0-openjdk-amd64/bin/";
time java -Xmx4g -Xms1g -cp /home/tdurieux/defects4j4repair/script/../repair_tools/nopol.jar:/usr/lib/jvm/java-1.8.0-openjdk-amd64/bin//../lib/tools.jar fr.inria.lille.repair.Main \
	--mode repair \
	--type pre_then_cond \
	--oracle angelic \
	--synthesis dynamoth \
	--flocal gzoltar \
	--json \
	--solver z3 \
	--solver-path /home/tdurieux/defects4j4repair/script/../libs/z3/build/z3 \
	--complianceLevel 8 \
	--source src/main/java \
	--classpath "target/classes:target/test-classes:/home/tdurieux/.m2/repository/junit/junit/4.11/junit-4.11.jar:/home/tdurieux/.m2/repository/org/hamcrest/hamcrest-core/1.3/hamcrest-core-1.3.jar:/home/tdurieux/defects4j4repair/script/../repair_tools/nopol.jar";
	echo "\n\nNode: `hostname`\n";
	echo "\n\nDate: `date`\n";
Picked up JAVA_TOOL_OPTIONS: -Dfile.encoding=UTF8 -Duser.language=en-US -Duser.country=US -Duser.language=en
12:03:29.890 [main] INFO  fr.inria.lille.repair.nopol.NoPol - Source files: [src/main/java]
12:03:29.893 [main] INFO  fr.inria.lille.repair.nopol.NoPol - Classpath: [file:/tmp/DynaMoth_QuixBugs_SHORTEST_PATH_LENGTH_/target/classes/, file:/tmp/DynaMoth_QuixBugs_SHORTEST_PATH_LENGTH_/target/test-classes/, file:/home/tdurieux/.m2/repository/junit/junit/4.11/junit-4.11.jar, file:/home/tdurieux/.m2/repository/org/hamcrest/hamcrest-core/1.3/hamcrest-core-1.3.jar, file:/home/tdurieux/defects4j4repair/script/../repair_tools/nopol.jar]
12:03:29.893 [main] INFO  fr.inria.lille.repair.nopol.NoPol - Statement type: PRE_THEN_COND
12:03:29.893 [main] INFO  fr.inria.lille.repair.nopol.NoPol - Args: [java_testcases.junit.SHORTEST_PATH_LENGTH_Test]
12:03:29.894 [main] INFO  fr.inria.lille.repair.nopol.NoPol - Config: Config{synthesisDepth=3, collectStaticMethods=true, collectStaticFields=false, collectLiterals=false, onlyOneSynthesisResult=true, sortExpressions=true, maxLineInvocationPerTest=250, timeoutMethodInvocation=2000, dataCollectionTimeoutInSecondForSynthesis=900, addWeight=0.19478, subWeight=0.04554, mulWeight=0.0102, divWeight=0.00613, andWeight=0.10597, orWeight=0.05708, eqWeight=0.22798, nEqWeight=0.0, lessEqWeight=0.0255, lessWeight=0.0947, methodCallWeight=0.1, fieldAccessWeight=0.08099, constantWeight=0.14232, variableWeight=0.05195, mode=REPAIR, type=PRE_THEN_COND, synthesis=DYNAMOTH, oracle=ANGELIC, solver=Z3, solverPath='/home/tdurieux/defects4j4repair/script/../libs/z3/build/z3', projectSources=[src/main/java], projectClasspath='[Ljava.net.URL;@2ff4f00f', projectTests=[java_testcases.junit.SHORTEST_PATH_LENGTH_Test], complianceLevel=8, outputFolder=., json=true}
12:03:29.894 [main] INFO  fr.inria.lille.repair.nopol.NoPol - Available processors (cores): 32
12:03:29.898 [main] INFO  fr.inria.lille.repair.nopol.NoPol - Free memory: 940 MB
12:03:29.898 [main] INFO  fr.inria.lille.repair.nopol.NoPol - Maximum memory: 3 GB
12:03:29.898 [main] INFO  fr.inria.lille.repair.nopol.NoPol - Total memory available to JVM: 981 MB
12:03:29.898 [main] INFO  fr.inria.lille.repair.nopol.NoPol - Java version: 1.8.0_181
12:03:29.899 [main] INFO  fr.inria.lille.repair.nopol.NoPol - JAVA_HOME: /usr/lib/jvm/java-1.8.0-openjdk-amd64/bin/
12:03:29.899 [main] INFO  fr.inria.lille.repair.nopol.NoPol - PATH: /usr/lib/jvm/java-1.8.0-openjdk-amd64/bin/:/usr/lib/oar/oardodo:/usr/lib/oar/oardodo:/usr/local/bin:/usr/bin:/bin:/usr/games
12:03:32.216 [pool-2-thread-1] DEBUG fr.inria.lille.repair.nopol.NoPol - statement #1
12:03:32.217 [pool-2-thread-1] DEBUG fr.inria.lille.repair.nopol.NoPol - Analysing SourceLocation java_programs.SHORTEST_PATH_LENGTH:39 which is executed by 2 tests
-1734541556
12:03:32.390 [pool-2-thread-1] DEBUG fr.inria.lille.repair.nopol.NoPol - statement #2
12:03:32.390 [pool-2-thread-1] DEBUG fr.inria.lille.repair.nopol.NoPol - Analysing SourceLocation java_programs.SHORTEST_PATH_LENGTH:38 which is executed by 2 tests
-1734541556
12:03:32.438 [pool-2-thread-1] DEBUG fr.inria.lille.repair.nopol.NoPol - statement #3
12:03:32.438 [pool-2-thread-1] DEBUG fr.inria.lille.repair.nopol.NoPol - Analysing SourceLocation java_programs.SHORTEST_PATH_LENGTH:37 which is executed by 2 tests
-1734541556
12:03:32.491 [pool-2-thread-1] DEBUG fr.inria.lille.repair.nopol.NoPol - looking with class fr.inria.lille.repair.nopol.spoon.smt.ConditionalAdder
java.lang.AssertionError: expected:<4> but was:<-2147483648>
    at org.junit.Assert.fail(Assert.java:88)
    at org.junit.Assert.failNotEquals(Assert.java:743)
    at org.junit.Assert.assertEquals(Assert.java:118)
    at org.junit.Assert.assertEquals(Assert.java:555)
    at org.junit.Assert.assertEquals(Assert.java:542)
    at java_testcases.junit.SHORTEST_PATH_LENGTH_Test.test1(SHORTEST_PATH_LENGTH_Test.java:51)
java.lang.AssertionError: expected:<7> but was:<-2147483639>
    at org.junit.Assert.fail(Assert.java:88)
    at org.junit.Assert.failNotEquals(Assert.java:743)
    at org.junit.Assert.assertEquals(Assert.java:118)
    at org.junit.Assert.assertEquals(Assert.java:555)
    at org.junit.Assert.assertEquals(Assert.java:542)
    at java_testcases.junit.SHORTEST_PATH_LENGTH_Test.test2(SHORTEST_PATH_LENGTH_Test.java:60)
java.lang.AssertionError: expected:<4> but was:<-2147483648>
    at org.junit.Assert.fail(Assert.java:88)
    at org.junit.Assert.failNotEquals(Assert.java:743)
    at org.junit.Assert.assertEquals(Assert.java:118)
    at org.junit.Assert.assertEquals(Assert.java:555)
    at org.junit.Assert.assertEquals(Assert.java:542)
    at java_testcases.junit.SHORTEST_PATH_LENGTH_Test.test1(SHORTEST_PATH_LENGTH_Test.java:51)
java.lang.AssertionError: expected:<7> but was:<-2147483639>
    at org.junit.Assert.fail(Assert.java:88)
    at org.junit.Assert.failNotEquals(Assert.java:743)
    at org.junit.Assert.assertEquals(Assert.java:118)
    at org.junit.Assert.assertEquals(Assert.java:555)
    at org.junit.Assert.assertEquals(Assert.java:542)
    at java_testcases.junit.SHORTEST_PATH_LENGTH_Test.test2(SHORTEST_PATH_LENGTH_Test.java:60)
12:03:32.519 [pool-4-thread-1] INFO  xxl.java.junit.TestCasesListener - Tests run finished (9 ms)
<> Total tests run: 8
<> Ignored tests: 0
<> Failed tests: 4
~ test1(java_testcases.junit.SHORTEST_PATH_LENGTH_Test)
[expected:<4> but was:<-2147483648>]
java.lang.AssertionError: expected:<4> but was:<-2147483648>    at org.junit.Assert.fail(Assert.java:88)
    at org.junit.Assert.failNotEquals(Assert.java:743)
    at org.junit.Assert.assertEquals(Assert.java:118)
    at org.junit.Assert.assertEquals(Assert.java:555)
    at org.junit.Assert.assertEquals(Assert.java:542)
    at java_testcases.junit.SHORTEST_PATH_LENGTH_Test.test1(SHORTEST_PATH_LENGTH_Test.java:51)
~ test2(java_testcases.junit.SHORTEST_PATH_LENGTH_Test)
[expected:<7> but was:<-2147483639>]
java.lang.AssertionError: expected:<7> but was:<-2147483639>    at org.junit.Assert.fail(Assert.java:88)
    at org.junit.Assert.failNotEquals(Assert.java:743)
    at org.junit.Assert.assertEquals(Assert.java:118)
    at org.junit.Assert.assertEquals(Assert.java:555)
    at org.junit.Assert.assertEquals(Assert.java:542)
    at java_testcases.junit.SHORTEST_PATH_LENGTH_Test.test2(SHORTEST_PATH_LENGTH_Test.java:60)
~ test1(java_testcases.junit.SHORTEST_PATH_LENGTH_Test)
[expected:<4> but was:<-2147483648>]
java.lang.AssertionError: expected:<4> but was:<-2147483648>    at org.junit.Assert.fail(Assert.java:88)
    at org.junit.Assert.failNotEquals(Assert.java:743)
    at org.junit.Assert.assertEquals(Assert.java:118)
    at org.junit.Assert.assertEquals(Assert.java:555)
    at org.junit.Assert.assertEquals(Assert.java:542)
    at java_testcases.junit.SHORTEST_PATH_LENGTH_Test.test1(SHORTEST_PATH_LENGTH_Test.java:51)
~ test2(java_testcases.junit.SHORTEST_PATH_LENGTH_Test)
[expected:<7> but was:<-2147483639>]
java.lang.AssertionError: expected:<7> but was:<-2147483639>    at org.junit.Assert.fail(Assert.java:88)
    at org.junit.Assert.failNotEquals(Assert.java:743)
    at org.junit.Assert.assertEquals(Assert.java:118)
    at org.junit.Assert.assertEquals(Assert.java:555)
    at org.junit.Assert.assertEquals(Assert.java:542)
    at java_testcases.junit.SHORTEST_PATH_LENGTH_Test.test2(SHORTEST_PATH_LENGTH_Test.java:60)

12:03:32.926 [pool-2-thread-1] DEBUG fr.inria.lille.repair.nopol.NoPol - statement #4
12:03:32.927 [pool-2-thread-1] DEBUG fr.inria.lille.repair.nopol.NoPol - Analysing SourceLocation java_programs.SHORTEST_PATH_LENGTH:34 which is executed by 2 tests
-1734541556
12:03:32.974 [pool-2-thread-1] DEBUG fr.inria.lille.repair.nopol.NoPol - looking with class fr.inria.lille.repair.nopol.spoon.smt.ConditionalAdder
java.lang.AssertionError: expected:<4> but was:<-2147483648>
    at org.junit.Assert.fail(Assert.java:88)
    at org.junit.Assert.failNotEquals(Assert.java:743)
    at org.junit.Assert.assertEquals(Assert.java:118)
    at org.junit.Assert.assertEquals(Assert.java:555)
    at org.junit.Assert.assertEquals(Assert.java:542)
    at java_testcases.junit.SHORTEST_PATH_LENGTH_Test.test1(SHORTEST_PATH_LENGTH_Test.java:51)
java.lang.AssertionError: expected:<7> but was:<-2147483639>
    at org.junit.Assert.fail(Assert.java:88)
    at org.junit.Assert.failNotEquals(Assert.java:743)
    at org.junit.Assert.assertEquals(Assert.java:118)
    at org.junit.Assert.assertEquals(Assert.java:555)
    at org.junit.Assert.assertEquals(Assert.java:542)
    at java_testcases.junit.SHORTEST_PATH_LENGTH_Test.test2(SHORTEST_PATH_LENGTH_Test.java:60)
java.lang.AssertionError: expected:<4> but was:<-2147483648>
    at org.junit.Assert.fail(Assert.java:88)
    at org.junit.Assert.failNotEquals(Assert.java:743)
    at org.junit.Assert.assertEquals(Assert.java:118)
    at org.junit.Assert.assertEquals(Assert.java:555)
    at org.junit.Assert.assertEquals(Assert.java:542)
    at java_testcases.junit.SHORTEST_PATH_LENGTH_Test.test1(SHORTEST_PATH_LENGTH_Test.java:51)
java.lang.AssertionError: expected:<7> but was:<-2147483639>
    at org.junit.Assert.fail(Assert.java:88)
    at org.junit.Assert.failNotEquals(Assert.java:743)
    at org.junit.Assert.assertEquals(Assert.java:118)
    at org.junit.Assert.assertEquals(Assert.java:555)
    at org.junit.Assert.assertEquals(Assert.java:542)
    at java_testcases.junit.SHORTEST_PATH_LENGTH_Test.test2(SHORTEST_PATH_LENGTH_Test.java:60)
12:03:32.980 [pool-10-thread-1] INFO  xxl.java.junit.TestCasesListener - Tests run finished (4 ms)
<> Total tests run: 8
<> Ignored tests: 0
<> Failed tests: 4
~ test1(java_testcases.junit.SHORTEST_PATH_LENGTH_Test)
[expected:<4> but was:<-2147483648>]
java.lang.AssertionError: expected:<4> but was:<-2147483648>    at org.junit.Assert.fail(Assert.java:88)
    at org.junit.Assert.failNotEquals(Assert.java:743)
    at org.junit.Assert.assertEquals(Assert.java:118)
    at org.junit.Assert.assertEquals(Assert.java:555)
    at org.junit.Assert.assertEquals(Assert.java:542)
    at java_testcases.junit.SHORTEST_PATH_LENGTH_Test.test1(SHORTEST_PATH_LENGTH_Test.java:51)
~ test2(java_testcases.junit.SHORTEST_PATH_LENGTH_Test)
[expected:<7> but was:<-2147483639>]
java.lang.AssertionError: expected:<7> but was:<-2147483639>    at org.junit.Assert.fail(Assert.java:88)
    at org.junit.Assert.failNotEquals(Assert.java:743)
    at org.junit.Assert.assertEquals(Assert.java:118)
    at org.junit.Assert.assertEquals(Assert.java:555)
    at org.junit.Assert.assertEquals(Assert.java:542)
    at java_testcases.junit.SHORTEST_PATH_LENGTH_Test.test2(SHORTEST_PATH_LENGTH_Test.java:60)
~ test1(java_testcases.junit.SHORTEST_PATH_LENGTH_Test)
[expected:<4> but was:<-2147483648>]
java.lang.AssertionError: expected:<4> but was:<-2147483648>    at org.junit.Assert.fail(Assert.java:88)
    at org.junit.Assert.failNotEquals(Assert.java:743)
    at org.junit.Assert.assertEquals(Assert.java:118)
    at org.junit.Assert.assertEquals(Assert.java:555)
    at org.junit.Assert.assertEquals(Assert.java:542)
    at java_testcases.junit.SHORTEST_PATH_LENGTH_Test.test1(SHORTEST_PATH_LENGTH_Test.java:51)
~ test2(java_testcases.junit.SHORTEST_PATH_LENGTH_Test)
[expected:<7> but was:<-2147483639>]
java.lang.AssertionError: expected:<7> but was:<-2147483639>    at org.junit.Assert.fail(Assert.java:88)
    at org.junit.Assert.failNotEquals(Assert.java:743)
    at org.junit.Assert.assertEquals(Assert.java:118)
    at org.junit.Assert.assertEquals(Assert.java:555)
    at org.junit.Assert.assertEquals(Assert.java:542)
    at java_testcases.junit.SHORTEST_PATH_LENGTH_Test.test2(SHORTEST_PATH_LENGTH_Test.java:60)

12:03:33.094 [pool-2-thread-1] DEBUG fr.inria.lille.repair.nopol.NoPol - statement #5
12:03:33.094 [pool-2-thread-1] DEBUG fr.inria.lille.repair.nopol.NoPol - Analysing SourceLocation java_programs.SHORTEST_PATH_LENGTH:33 which is executed by 2 tests
-1734541556
12:03:33.164 [pool-2-thread-1] DEBUG fr.inria.lille.repair.nopol.NoPol - looking with class fr.inria.lille.repair.nopol.spoon.smt.ConditionalAdder
java.lang.AssertionError: expected:<4> but was:<-2147483648>
    at org.junit.Assert.fail(Assert.java:88)
    at org.junit.Assert.failNotEquals(Assert.java:743)
    at org.junit.Assert.assertEquals(Assert.java:118)
    at org.junit.Assert.assertEquals(Assert.java:555)
    at org.junit.Assert.assertEquals(Assert.java:542)
    at java_testcases.junit.SHORTEST_PATH_LENGTH_Test.test1(SHORTEST_PATH_LENGTH_Test.java:51)
java.lang.AssertionError: expected:<7> but was:<-2147483639>
    at org.junit.Assert.fail(Assert.java:88)
    at org.junit.Assert.failNotEquals(Assert.java:743)
    at org.junit.Assert.assertEquals(Assert.java:118)
    at org.junit.Assert.assertEquals(Assert.java:555)
    at org.junit.Assert.assertEquals(Assert.java:542)
    at java_testcases.junit.SHORTEST_PATH_LENGTH_Test.test2(SHORTEST_PATH_LENGTH_Test.java:60)
java.lang.AssertionError: expected:<4> but was:<-2147483648>
    at org.junit.Assert.fail(Assert.java:88)
    at org.junit.Assert.failNotEquals(Assert.java:743)
    at org.junit.Assert.assertEquals(Assert.java:118)
    at org.junit.Assert.assertEquals(Assert.java:555)
    at org.junit.Assert.assertEquals(Assert.java:542)
    at java_testcases.junit.SHORTEST_PATH_LENGTH_Test.test1(SHORTEST_PATH_LENGTH_Test.java:51)
java.lang.AssertionError: expected:<7> but was:<-2147483639>
    at org.junit.Assert.fail(Assert.java:88)
    at org.junit.Assert.failNotEquals(Assert.java:743)
    at org.junit.Assert.assertEquals(Assert.java:118)
    at org.junit.Assert.assertEquals(Assert.java:555)
    at org.junit.Assert.assertEquals(Assert.java:542)
    at java_testcases.junit.SHORTEST_PATH_LENGTH_Test.test2(SHORTEST_PATH_LENGTH_Test.java:60)
12:03:33.169 [pool-16-thread-1] INFO  xxl.java.junit.TestCasesListener - Tests run finished (2 ms)
<> Total tests run: 8
<> Ignored tests: 0
<> Failed tests: 4
~ test1(java_testcases.junit.SHORTEST_PATH_LENGTH_Test)
[expected:<4> but was:<-2147483648>]
java.lang.AssertionError: expected:<4> but was:<-2147483648>    at org.junit.Assert.fail(Assert.java:88)
    at org.junit.Assert.failNotEquals(Assert.java:743)
    at org.junit.Assert.assertEquals(Assert.java:118)
    at org.junit.Assert.assertEquals(Assert.java:555)
    at org.junit.Assert.assertEquals(Assert.java:542)
    at java_testcases.junit.SHORTEST_PATH_LENGTH_Test.test1(SHORTEST_PATH_LENGTH_Test.java:51)
~ test2(java_testcases.junit.SHORTEST_PATH_LENGTH_Test)
[expected:<7> but was:<-2147483639>]
java.lang.AssertionError: expected:<7> but was:<-2147483639>    at org.junit.Assert.fail(Assert.java:88)
    at org.junit.Assert.failNotEquals(Assert.java:743)
    at org.junit.Assert.assertEquals(Assert.java:118)
    at org.junit.Assert.assertEquals(Assert.java:555)
    at org.junit.Assert.assertEquals(Assert.java:542)
    at java_testcases.junit.SHORTEST_PATH_LENGTH_Test.test2(SHORTEST_PATH_LENGTH_Test.java:60)
~ test1(java_testcases.junit.SHORTEST_PATH_LENGTH_Test)
[expected:<4> but was:<-2147483648>]
java.lang.AssertionError: expected:<4> but was:<-2147483648>    at org.junit.Assert.fail(Assert.java:88)
    at org.junit.Assert.failNotEquals(Assert.java:743)
    at org.junit.Assert.assertEquals(Assert.java:118)
    at org.junit.Assert.assertEquals(Assert.java:555)
    at org.junit.Assert.assertEquals(Assert.java:542)
    at java_testcases.junit.SHORTEST_PATH_LENGTH_Test.test1(SHORTEST_PATH_LENGTH_Test.java:51)
~ test2(java_testcases.junit.SHORTEST_PATH_LENGTH_Test)
[expected:<7> but was:<-2147483639>]
java.lang.AssertionError: expected:<7> but was:<-2147483639>    at org.junit.Assert.fail(Assert.java:88)
    at org.junit.Assert.failNotEquals(Assert.java:743)
    at org.junit.Assert.assertEquals(Assert.java:118)
    at org.junit.Assert.assertEquals(Assert.java:555)
    at org.junit.Assert.assertEquals(Assert.java:542)
    at java_testcases.junit.SHORTEST_PATH_LENGTH_Test.test2(SHORTEST_PATH_LENGTH_Test.java:60)

12:03:33.276 [pool-2-thread-1] DEBUG fr.inria.lille.repair.nopol.NoPol - looking with class fr.inria.lille.repair.nopol.spoon.smt.ConditionalReplacer
java.lang.AssertionError: expected:<4> but was:<-2147483648>
    at org.junit.Assert.fail(Assert.java:88)
    at org.junit.Assert.failNotEquals(Assert.java:743)
    at org.junit.Assert.assertEquals(Assert.java:118)
    at org.junit.Assert.assertEquals(Assert.java:555)
    at org.junit.Assert.assertEquals(Assert.java:542)
    at java_testcases.junit.SHORTEST_PATH_LENGTH_Test.test1(SHORTEST_PATH_LENGTH_Test.java:51)
java.lang.AssertionError: expected:<7> but was:<-2147483639>
    at org.junit.Assert.fail(Assert.java:88)
    at org.junit.Assert.failNotEquals(Assert.java:743)
    at org.junit.Assert.assertEquals(Assert.java:118)
    at org.junit.Assert.assertEquals(Assert.java:555)
    at org.junit.Assert.assertEquals(Assert.java:542)
    at java_testcases.junit.SHORTEST_PATH_LENGTH_Test.test2(SHORTEST_PATH_LENGTH_Test.java:60)
java.lang.AssertionError: expected:<4> but was:<-2147483648>
    at org.junit.Assert.fail(Assert.java:88)
    at org.junit.Assert.failNotEquals(Assert.java:743)
    at org.junit.Assert.assertEquals(Assert.java:118)
    at org.junit.Assert.assertEquals(Assert.java:555)
    at org.junit.Assert.assertEquals(Assert.java:542)
    at java_testcases.junit.SHORTEST_PATH_LENGTH_Test.test1(SHORTEST_PATH_LENGTH_Test.java:51)
java.lang.AssertionError: expected:<7> but was:<-2147483639>
    at org.junit.Assert.fail(Assert.java:88)
    at org.junit.Assert.failNotEquals(Assert.java:743)
    at org.junit.Assert.assertEquals(Assert.java:118)
    at org.junit.Assert.assertEquals(Assert.java:555)
    at org.junit.Assert.assertEquals(Assert.java:542)
    at java_testcases.junit.SHORTEST_PATH_LENGTH_Test.test2(SHORTEST_PATH_LENGTH_Test.java:60)
12:03:33.280 [pool-22-thread-1] INFO  xxl.java.junit.TestCasesListener - Tests run finished (2 ms)
<> Total tests run: 8
<> Ignored tests: 0
<> Failed tests: 4
~ test1(java_testcases.junit.SHORTEST_PATH_LENGTH_Test)
[expected:<4> but was:<-2147483648>]
java.lang.AssertionError: expected:<4> but was:<-2147483648>    at org.junit.Assert.fail(Assert.java:88)
    at org.junit.Assert.failNotEquals(Assert.java:743)
    at org.junit.Assert.assertEquals(Assert.java:118)
    at org.junit.Assert.assertEquals(Assert.java:555)
    at org.junit.Assert.assertEquals(Assert.java:542)
    at java_testcases.junit.SHORTEST_PATH_LENGTH_Test.test1(SHORTEST_PATH_LENGTH_Test.java:51)
~ test2(java_testcases.junit.SHORTEST_PATH_LENGTH_Test)
[expected:<7> but was:<-2147483639>]
java.lang.AssertionError: expected:<7> but was:<-2147483639>    at org.junit.Assert.fail(Assert.java:88)
    at org.junit.Assert.failNotEquals(Assert.java:743)
    at org.junit.Assert.assertEquals(Assert.java:118)
    at org.junit.Assert.assertEquals(Assert.java:555)
    at org.junit.Assert.assertEquals(Assert.java:542)
    at java_testcases.junit.SHORTEST_PATH_LENGTH_Test.test2(SHORTEST_PATH_LENGTH_Test.java:60)
~ test1(java_testcases.junit.SHORTEST_PATH_LENGTH_Test)
[expected:<4> but was:<-2147483648>]
java.lang.AssertionError: expected:<4> but was:<-2147483648>    at org.junit.Assert.fail(Assert.java:88)
    at org.junit.Assert.failNotEquals(Assert.java:743)
    at org.junit.Assert.assertEquals(Assert.java:118)
    at org.junit.Assert.assertEquals(Assert.java:555)
    at org.junit.Assert.assertEquals(Assert.java:542)
    at java_testcases.junit.SHORTEST_PATH_LENGTH_Test.test1(SHORTEST_PATH_LENGTH_Test.java:51)
~ test2(java_testcases.junit.SHORTEST_PATH_LENGTH_Test)
[expected:<7> but was:<-2147483639>]
java.lang.AssertionError: expected:<7> but was:<-2147483639>    at org.junit.Assert.fail(Assert.java:88)
    at org.junit.Assert.failNotEquals(Assert.java:743)
    at org.junit.Assert.assertEquals(Assert.java:118)
    at org.junit.Assert.assertEquals(Assert.java:555)
    at org.junit.Assert.assertEquals(Assert.java:542)
    at java_testcases.junit.SHORTEST_PATH_LENGTH_Test.test2(SHORTEST_PATH_LENGTH_Test.java:60)

12:03:33.370 [pool-2-thread-1] DEBUG fr.inria.lille.repair.nopol.NoPol - statement #6
12:03:33.370 [pool-2-thread-1] DEBUG fr.inria.lille.repair.nopol.NoPol - Analysing SourceLocation java_programs.SHORTEST_PATH_LENGTH:29 which is executed by 2 tests
-1734541556
12:03:33.410 [pool-2-thread-1] DEBUG fr.inria.lille.repair.nopol.NoPol - looking with class fr.inria.lille.repair.nopol.spoon.smt.ConditionalAdder
java.lang.AssertionError: expected:<4> but was:<-2147483648>
    at org.junit.Assert.fail(Assert.java:88)
    at org.junit.Assert.failNotEquals(Assert.java:743)
    at org.junit.Assert.assertEquals(Assert.java:118)
    at org.junit.Assert.assertEquals(Assert.java:555)
    at org.junit.Assert.assertEquals(Assert.java:542)
    at java_testcases.junit.SHORTEST_PATH_LENGTH_Test.test1(SHORTEST_PATH_LENGTH_Test.java:51)
java.lang.AssertionError: expected:<7> but was:<-2147483639>
    at org.junit.Assert.fail(Assert.java:88)
    at org.junit.Assert.failNotEquals(Assert.java:743)
    at org.junit.Assert.assertEquals(Assert.java:118)
    at org.junit.Assert.assertEquals(Assert.java:555)
    at org.junit.Assert.assertEquals(Assert.java:542)
    at java_testcases.junit.SHORTEST_PATH_LENGTH_Test.test2(SHORTEST_PATH_LENGTH_Test.java:60)
java.lang.AssertionError: expected:<4> but was:<-2147483648>
    at org.junit.Assert.fail(Assert.java:88)
    at org.junit.Assert.failNotEquals(Assert.java:743)
    at org.junit.Assert.assertEquals(Assert.java:118)
    at org.junit.Assert.assertEquals(Assert.java:555)
    at org.junit.Assert.assertEquals(Assert.java:542)
    at java_testcases.junit.SHORTEST_PATH_LENGTH_Test.test1(SHORTEST_PATH_LENGTH_Test.java:51)
java.lang.AssertionError: expected:<7> but was:<-2147483639>
    at org.junit.Assert.fail(Assert.java:88)
    at org.junit.Assert.failNotEquals(Assert.java:743)
    at org.junit.Assert.assertEquals(Assert.java:118)
    at org.junit.Assert.assertEquals(Assert.java:555)
    at org.junit.Assert.assertEquals(Assert.java:542)
    at java_testcases.junit.SHORTEST_PATH_LENGTH_Test.test2(SHORTEST_PATH_LENGTH_Test.java:60)
12:03:33.414 [pool-28-thread-1] INFO  xxl.java.junit.TestCasesListener - Tests run finished (2 ms)
<> Total tests run: 8
<> Ignored tests: 0
<> Failed tests: 4
~ test1(java_testcases.junit.SHORTEST_PATH_LENGTH_Test)
[expected:<4> but was:<-2147483648>]
java.lang.AssertionError: expected:<4> but was:<-2147483648>    at org.junit.Assert.fail(Assert.java:88)
    at org.junit.Assert.failNotEquals(Assert.java:743)
    at org.junit.Assert.assertEquals(Assert.java:118)
    at org.junit.Assert.assertEquals(Assert.java:555)
    at org.junit.Assert.assertEquals(Assert.java:542)
    at java_testcases.junit.SHORTEST_PATH_LENGTH_Test.test1(SHORTEST_PATH_LENGTH_Test.java:51)
~ test2(java_testcases.junit.SHORTEST_PATH_LENGTH_Test)
[expected:<7> but was:<-2147483639>]
java.lang.AssertionError: expected:<7> but was:<-2147483639>    at org.junit.Assert.fail(Assert.java:88)
    at org.junit.Assert.failNotEquals(Assert.java:743)
    at org.junit.Assert.assertEquals(Assert.java:118)
    at org.junit.Assert.assertEquals(Assert.java:555)
    at org.junit.Assert.assertEquals(Assert.java:542)
    at java_testcases.junit.SHORTEST_PATH_LENGTH_Test.test2(SHORTEST_PATH_LENGTH_Test.java:60)
~ test1(java_testcases.junit.SHORTEST_PATH_LENGTH_Test)
[expected:<4> but was:<-2147483648>]
java.lang.AssertionError: expected:<4> but was:<-2147483648>    at org.junit.Assert.fail(Assert.java:88)
    at org.junit.Assert.failNotEquals(Assert.java:743)
    at org.junit.Assert.assertEquals(Assert.java:118)
    at org.junit.Assert.assertEquals(Assert.java:555)
    at org.junit.Assert.assertEquals(Assert.java:542)
    at java_testcases.junit.SHORTEST_PATH_LENGTH_Test.test1(SHORTEST_PATH_LENGTH_Test.java:51)
~ test2(java_testcases.junit.SHORTEST_PATH_LENGTH_Test)
[expected:<7> but was:<-2147483639>]
java.lang.AssertionError: expected:<7> but was:<-2147483639>    at org.junit.Assert.fail(Assert.java:88)
    at org.junit.Assert.failNotEquals(Assert.java:743)
    at org.junit.Assert.assertEquals(Assert.java:118)
    at org.junit.Assert.assertEquals(Assert.java:555)
    at org.junit.Assert.assertEquals(Assert.java:542)
    at java_testcases.junit.SHORTEST_PATH_LENGTH_Test.test2(SHORTEST_PATH_LENGTH_Test.java:60)

12:03:33.491 [pool-2-thread-1] DEBUG fr.inria.lille.repair.nopol.NoPol - looking with class fr.inria.lille.repair.nopol.spoon.smt.ConditionalReplacer
java.lang.AssertionError: expected:<4> but was:<-2147483648>
    at org.junit.Assert.fail(Assert.java:88)
    at org.junit.Assert.failNotEquals(Assert.java:743)
    at org.junit.Assert.assertEquals(Assert.java:118)
    at org.junit.Assert.assertEquals(Assert.java:555)
    at org.junit.Assert.assertEquals(Assert.java:542)
    at java_testcases.junit.SHORTEST_PATH_LENGTH_Test.test1(SHORTEST_PATH_LENGTH_Test.java:51)
java.lang.AssertionError: expected:<7> but was:<-2147483639>
    at org.junit.Assert.fail(Assert.java:88)
    at org.junit.Assert.failNotEquals(Assert.java:743)
    at org.junit.Assert.assertEquals(Assert.java:118)
    at org.junit.Assert.assertEquals(Assert.java:555)
    at org.junit.Assert.assertEquals(Assert.java:542)
    at java_testcases.junit.SHORTEST_PATH_LENGTH_Test.test2(SHORTEST_PATH_LENGTH_Test.java:60)
java.lang.AssertionError: expected:<4> but was:<-2147483648>
    at org.junit.Assert.fail(Assert.java:88)
    at org.junit.Assert.failNotEquals(Assert.java:743)
    at org.junit.Assert.assertEquals(Assert.java:118)
    at org.junit.Assert.assertEquals(Assert.java:555)
    at org.junit.Assert.assertEquals(Assert.java:542)
    at java_testcases.junit.SHORTEST_PATH_LENGTH_Test.test1(SHORTEST_PATH_LENGTH_Test.java:51)
java.lang.AssertionError: expected:<7> but was:<-2147483639>
    at org.junit.Assert.fail(Assert.java:88)
    at org.junit.Assert.failNotEquals(Assert.java:743)
    at org.junit.Assert.assertEquals(Assert.java:118)
    at org.junit.Assert.assertEquals(Assert.java:555)
    at org.junit.Assert.assertEquals(Assert.java:542)
    at java_testcases.junit.SHORTEST_PATH_LENGTH_Test.test2(SHORTEST_PATH_LENGTH_Test.java:60)
12:03:33.496 [pool-34-thread-1] INFO  xxl.java.junit.TestCasesListener - Tests run finished (3 ms)
<> Total tests run: 8
<> Ignored tests: 0
<> Failed tests: 4
~ test1(java_testcases.junit.SHORTEST_PATH_LENGTH_Test)
[expected:<4> but was:<-2147483648>]
java.lang.AssertionError: expected:<4> but was:<-2147483648>    at org.junit.Assert.fail(Assert.java:88)
    at org.junit.Assert.failNotEquals(Assert.java:743)
    at org.junit.Assert.assertEquals(Assert.java:118)
    at org.junit.Assert.assertEquals(Assert.java:555)
    at org.junit.Assert.assertEquals(Assert.java:542)
    at java_testcases.junit.SHORTEST_PATH_LENGTH_Test.test1(SHORTEST_PATH_LENGTH_Test.java:51)
~ test2(java_testcases.junit.SHORTEST_PATH_LENGTH_Test)
[expected:<7> but was:<-2147483639>]
java.lang.AssertionError: expected:<7> but was:<-2147483639>    at org.junit.Assert.fail(Assert.java:88)
    at org.junit.Assert.failNotEquals(Assert.java:743)
    at org.junit.Assert.assertEquals(Assert.java:118)
    at org.junit.Assert.assertEquals(Assert.java:555)
    at org.junit.Assert.assertEquals(Assert.java:542)
    at java_testcases.junit.SHORTEST_PATH_LENGTH_Test.test2(SHORTEST_PATH_LENGTH_Test.java:60)
~ test1(java_testcases.junit.SHORTEST_PATH_LENGTH_Test)
[expected:<4> but was:<-2147483648>]
java.lang.AssertionError: expected:<4> but was:<-2147483648>    at org.junit.Assert.fail(Assert.java:88)
    at org.junit.Assert.failNotEquals(Assert.java:743)
    at org.junit.Assert.assertEquals(Assert.java:118)
    at org.junit.Assert.assertEquals(Assert.java:555)
    at org.junit.Assert.assertEquals(Assert.java:542)
    at java_testcases.junit.SHORTEST_PATH_LENGTH_Test.test1(SHORTEST_PATH_LENGTH_Test.java:51)
~ test2(java_testcases.junit.SHORTEST_PATH_LENGTH_Test)
[expected:<7> but was:<-2147483639>]
java.lang.AssertionError: expected:<7> but was:<-2147483639>    at org.junit.Assert.fail(Assert.java:88)
    at org.junit.Assert.failNotEquals(Assert.java:743)
    at org.junit.Assert.assertEquals(Assert.java:118)
    at org.junit.Assert.assertEquals(Assert.java:555)
    at org.junit.Assert.assertEquals(Assert.java:542)
    at java_testcases.junit.SHORTEST_PATH_LENGTH_Test.test2(SHORTEST_PATH_LENGTH_Test.java:60)

12:03:33.566 [pool-2-thread-1] DEBUG fr.inria.lille.repair.nopol.NoPol - statement #7
12:03:33.567 [pool-2-thread-1] DEBUG fr.inria.lille.repair.nopol.NoPol - Analysing SourceLocation java_programs.Node:62 which is executed by 3 tests
2433571
12:03:33.617 [pool-2-thread-1] DEBUG fr.inria.lille.repair.nopol.NoPol - statement #8
12:03:33.617 [pool-2-thread-1] DEBUG fr.inria.lille.repair.nopol.NoPol - Analysing SourceLocation java_programs.SHORTEST_PATH_LENGTH:40 which is executed by 3 tests
-1734541556
12:03:33.654 [pool-2-thread-1] DEBUG fr.inria.lille.repair.nopol.NoPol - statement #9
12:03:33.654 [pool-2-thread-1] DEBUG fr.inria.lille.repair.nopol.NoPol - Analysing SourceLocation java_programs.SHORTEST_PATH_LENGTH:28 which is executed by 3 tests
-1734541556
12:03:33.692 [pool-2-thread-1] DEBUG fr.inria.lille.repair.nopol.NoPol - looking with class fr.inria.lille.repair.nopol.spoon.smt.ConditionalAdder
java.lang.AssertionError: expected:<4> but was:<-2147483648>
    at org.junit.Assert.fail(Assert.java:88)
    at org.junit.Assert.failNotEquals(Assert.java:743)
    at org.junit.Assert.assertEquals(Assert.java:118)
    at org.junit.Assert.assertEquals(Assert.java:555)
    at org.junit.Assert.assertEquals(Assert.java:542)
    at java_testcases.junit.SHORTEST_PATH_LENGTH_Test.test1(SHORTEST_PATH_LENGTH_Test.java:51)
java.lang.AssertionError: expected:<7> but was:<-2147483639>
    at org.junit.Assert.fail(Assert.java:88)
    at org.junit.Assert.failNotEquals(Assert.java:743)
    at org.junit.Assert.assertEquals(Assert.java:118)
    at org.junit.Assert.assertEquals(Assert.java:555)
    at org.junit.Assert.assertEquals(Assert.java:542)
    at java_testcases.junit.SHORTEST_PATH_LENGTH_Test.test2(SHORTEST_PATH_LENGTH_Test.java:60)
java.lang.AssertionError: expected:<4> but was:<-2147483648>
    at org.junit.Assert.fail(Assert.java:88)
    at org.junit.Assert.failNotEquals(Assert.java:743)
    at org.junit.Assert.assertEquals(Assert.java:118)
    at org.junit.Assert.assertEquals(Assert.java:555)
    at org.junit.Assert.assertEquals(Assert.java:542)
    at java_testcases.junit.SHORTEST_PATH_LENGTH_Test.test1(SHORTEST_PATH_LENGTH_Test.java:51)
java.lang.AssertionError: expected:<7> but was:<-2147483639>
    at org.junit.Assert.fail(Assert.java:88)
    at org.junit.Assert.failNotEquals(Assert.java:743)
    at org.junit.Assert.assertEquals(Assert.java:118)
    at org.junit.Assert.assertEquals(Assert.java:555)
    at org.junit.Assert.assertEquals(Assert.java:542)
    at java_testcases.junit.SHORTEST_PATH_LENGTH_Test.test2(SHORTEST_PATH_LENGTH_Test.java:60)
12:03:33.697 [pool-40-thread-1] INFO  xxl.java.junit.TestCasesListener - Tests run finished (1 ms)
<> Total tests run: 8
<> Ignored tests: 0
<> Failed tests: 4
~ test1(java_testcases.junit.SHORTEST_PATH_LENGTH_Test)
[expected:<4> but was:<-2147483648>]
java.lang.AssertionError: expected:<4> but was:<-2147483648>    at org.junit.Assert.fail(Assert.java:88)
    at org.junit.Assert.failNotEquals(Assert.java:743)
    at org.junit.Assert.assertEquals(Assert.java:118)
    at org.junit.Assert.assertEquals(Assert.java:555)
    at org.junit.Assert.assertEquals(Assert.java:542)
    at java_testcases.junit.SHORTEST_PATH_LENGTH_Test.test1(SHORTEST_PATH_LENGTH_Test.java:51)
~ test2(java_testcases.junit.SHORTEST_PATH_LENGTH_Test)
[expected:<7> but was:<-2147483639>]
java.lang.AssertionError: expected:<7> but was:<-2147483639>    at org.junit.Assert.fail(Assert.java:88)
    at org.junit.Assert.failNotEquals(Assert.java:743)
    at org.junit.Assert.assertEquals(Assert.java:118)
    at org.junit.Assert.assertEquals(Assert.java:555)
    at org.junit.Assert.assertEquals(Assert.java:542)
    at java_testcases.junit.SHORTEST_PATH_LENGTH_Test.test2(SHORTEST_PATH_LENGTH_Test.java:60)
~ test1(java_testcases.junit.SHORTEST_PATH_LENGTH_Test)
[expected:<4> but was:<-2147483648>]
java.lang.AssertionError: expected:<4> but was:<-2147483648>    at org.junit.Assert.fail(Assert.java:88)
    at org.junit.Assert.failNotEquals(Assert.java:743)
    at org.junit.Assert.assertEquals(Assert.java:118)
    at org.junit.Assert.assertEquals(Assert.java:555)
    at org.junit.Assert.assertEquals(Assert.java:542)
    at java_testcases.junit.SHORTEST_PATH_LENGTH_Test.test1(SHORTEST_PATH_LENGTH_Test.java:51)
~ test2(java_testcases.junit.SHORTEST_PATH_LENGTH_Test)
[expected:<7> but was:<-2147483639>]
java.lang.AssertionError: expected:<7> but was:<-2147483639>    at org.junit.Assert.fail(Assert.java:88)
    at org.junit.Assert.failNotEquals(Assert.java:743)
    at org.junit.Assert.assertEquals(Assert.java:118)
    at org.junit.Assert.assertEquals(Assert.java:555)
    at org.junit.Assert.assertEquals(Assert.java:542)
    at java_testcases.junit.SHORTEST_PATH_LENGTH_Test.test2(SHORTEST_PATH_LENGTH_Test.java:60)

12:03:33.768 [pool-2-thread-1] DEBUG fr.inria.lille.repair.nopol.NoPol - statement #10
12:03:33.768 [pool-2-thread-1] DEBUG fr.inria.lille.repair.nopol.NoPol - Analysing SourceLocation java_programs.SHORTEST_PATH_LENGTH:26 which is executed by 3 tests
-1734541556
12:03:33.818 [pool-2-thread-1] DEBUG fr.inria.lille.repair.nopol.NoPol - looking with class fr.inria.lille.repair.nopol.spoon.smt.ConditionalAdder
java.lang.AssertionError: expected:<4> but was:<-2147483648>
    at org.junit.Assert.fail(Assert.java:88)
    at org.junit.Assert.failNotEquals(Assert.java:743)
    at org.junit.Assert.assertEquals(Assert.java:118)
    at org.junit.Assert.assertEquals(Assert.java:555)
    at org.junit.Assert.assertEquals(Assert.java:542)
    at java_testcases.junit.SHORTEST_PATH_LENGTH_Test.test1(SHORTEST_PATH_LENGTH_Test.java:51)
java.lang.AssertionError: expected:<7> but was:<-2147483639>
    at org.junit.Assert.fail(Assert.java:88)
    at org.junit.Assert.failNotEquals(Assert.java:743)
    at org.junit.Assert.assertEquals(Assert.java:118)
    at org.junit.Assert.assertEquals(Assert.java:555)
    at org.junit.Assert.assertEquals(Assert.java:542)
    at java_testcases.junit.SHORTEST_PATH_LENGTH_Test.test2(SHORTEST_PATH_LENGTH_Test.java:60)
java.lang.AssertionError: expected:<4> but was:<-2147483648>
    at org.junit.Assert.fail(Assert.java:88)
    at org.junit.Assert.failNotEquals(Assert.java:743)
    at org.junit.Assert.assertEquals(Assert.java:118)
    at org.junit.Assert.assertEquals(Assert.java:555)
    at org.junit.Assert.assertEquals(Assert.java:542)
    at java_testcases.junit.SHORTEST_PATH_LENGTH_Test.test1(SHORTEST_PATH_LENGTH_Test.java:51)
java.lang.AssertionError: expected:<7> but was:<-2147483639>
    at org.junit.Assert.fail(Assert.java:88)
    at org.junit.Assert.failNotEquals(Assert.java:743)
    at org.junit.Assert.assertEquals(Assert.java:118)
    at org.junit.Assert.assertEquals(Assert.java:555)
    at org.junit.Assert.assertEquals(Assert.java:542)
    at java_testcases.junit.SHORTEST_PATH_LENGTH_Test.test2(SHORTEST_PATH_LENGTH_Test.java:60)
12:03:33.823 [pool-46-thread-1] INFO  xxl.java.junit.TestCasesListener - Tests run finished (2 ms)
<> Total tests run: 8
<> Ignored tests: 0
<> Failed tests: 4
~ test1(java_testcases.junit.SHORTEST_PATH_LENGTH_Test)
[expected:<4> but was:<-2147483648>]
java.lang.AssertionError: expected:<4> but was:<-2147483648>    at org.junit.Assert.fail(Assert.java:88)
    at org.junit.Assert.failNotEquals(Assert.java:743)
    at org.junit.Assert.assertEquals(Assert.java:118)
    at org.junit.Assert.assertEquals(Assert.java:555)
    at org.junit.Assert.assertEquals(Assert.java:542)
    at java_testcases.junit.SHORTEST_PATH_LENGTH_Test.test1(SHORTEST_PATH_LENGTH_Test.java:51)
~ test2(java_testcases.junit.SHORTEST_PATH_LENGTH_Test)
[expected:<7> but was:<-2147483639>]
java.lang.AssertionError: expected:<7> but was:<-2147483639>    at org.junit.Assert.fail(Assert.java:88)
    at org.junit.Assert.failNotEquals(Assert.java:743)
    at org.junit.Assert.assertEquals(Assert.java:118)
    at org.junit.Assert.assertEquals(Assert.java:555)
    at org.junit.Assert.assertEquals(Assert.java:542)
    at java_testcases.junit.SHORTEST_PATH_LENGTH_Test.test2(SHORTEST_PATH_LENGTH_Test.java:60)
~ test1(java_testcases.junit.SHORTEST_PATH_LENGTH_Test)
[expected:<4> but was:<-2147483648>]
java.lang.AssertionError: expected:<4> but was:<-2147483648>    at org.junit.Assert.fail(Assert.java:88)
    at org.junit.Assert.failNotEquals(Assert.java:743)
    at org.junit.Assert.assertEquals(Assert.java:118)
    at org.junit.Assert.assertEquals(Assert.java:555)
    at org.junit.Assert.assertEquals(Assert.java:542)
    at java_testcases.junit.SHORTEST_PATH_LENGTH_Test.test1(SHORTEST_PATH_LENGTH_Test.java:51)
~ test2(java_testcases.junit.SHORTEST_PATH_LENGTH_Test)
[expected:<7> but was:<-2147483639>]
java.lang.AssertionError: expected:<7> but was:<-2147483639>    at org.junit.Assert.fail(Assert.java:88)
    at org.junit.Assert.failNotEquals(Assert.java:743)
    at org.junit.Assert.assertEquals(Assert.java:118)
    at org.junit.Assert.assertEquals(Assert.java:555)
    at org.junit.Assert.assertEquals(Assert.java:542)
    at java_testcases.junit.SHORTEST_PATH_LENGTH_Test.test2(SHORTEST_PATH_LENGTH_Test.java:60)

12:03:33.890 [pool-2-thread-1] DEBUG fr.inria.lille.repair.nopol.NoPol - statement #11
12:03:33.891 [pool-2-thread-1] DEBUG fr.inria.lille.repair.nopol.NoPol - Analysing SourceLocation java_programs.SHORTEST_PATH_LENGTH:24 which is executed by 3 tests
-1734541556
12:03:33.926 [pool-2-thread-1] DEBUG fr.inria.lille.repair.nopol.NoPol - looking with class fr.inria.lille.repair.nopol.spoon.smt.ConditionalAdder
java.lang.AssertionError: expected:<4> but was:<-2147483648>
    at org.junit.Assert.fail(Assert.java:88)
    at org.junit.Assert.failNotEquals(Assert.java:743)
    at org.junit.Assert.assertEquals(Assert.java:118)
    at org.junit.Assert.assertEquals(Assert.java:555)
    at org.junit.Assert.assertEquals(Assert.java:542)
    at java_testcases.junit.SHORTEST_PATH_LENGTH_Test.test1(SHORTEST_PATH_LENGTH_Test.java:51)
java.lang.AssertionError: expected:<7> but was:<-2147483639>
    at org.junit.Assert.fail(Assert.java:88)
    at org.junit.Assert.failNotEquals(Assert.java:743)
    at org.junit.Assert.assertEquals(Assert.java:118)
    at org.junit.Assert.assertEquals(Assert.java:555)
    at org.junit.Assert.assertEquals(Assert.java:542)
    at java_testcases.junit.SHORTEST_PATH_LENGTH_Test.test2(SHORTEST_PATH_LENGTH_Test.java:60)
java.lang.AssertionError: expected:<4> but was:<-2147483648>
    at org.junit.Assert.fail(Assert.java:88)
    at org.junit.Assert.failNotEquals(Assert.java:743)
    at org.junit.Assert.assertEquals(Assert.java:118)
    at org.junit.Assert.assertEquals(Assert.java:555)
    at org.junit.Assert.assertEquals(Assert.java:542)
    at java_testcases.junit.SHORTEST_PATH_LENGTH_Test.test1(SHORTEST_PATH_LENGTH_Test.java:51)
java.lang.AssertionError: expected:<7> but was:<-2147483639>
    at org.junit.Assert.fail(Assert.java:88)
    at org.junit.Assert.failNotEquals(Assert.java:743)
    at org.junit.Assert.assertEquals(Assert.java:118)
    at org.junit.Assert.assertEquals(Assert.java:555)
    at org.junit.Assert.assertEquals(Assert.java:542)
    at java_testcases.junit.SHORTEST_PATH_LENGTH_Test.test2(SHORTEST_PATH_LENGTH_Test.java:60)
12:03:33.930 [pool-52-thread-1] INFO  xxl.java.junit.TestCasesListener - Tests run finished (1 ms)
<> Total tests run: 8
<> Ignored tests: 0
<> Failed tests: 4
~ test1(java_testcases.junit.SHORTEST_PATH_LENGTH_Test)
[expected:<4> but was:<-2147483648>]
java.lang.AssertionError: expected:<4> but was:<-2147483648>    at org.junit.Assert.fail(Assert.java:88)
    at org.junit.Assert.failNotEquals(Assert.java:743)
    at org.junit.Assert.assertEquals(Assert.java:118)
    at org.junit.Assert.assertEquals(Assert.java:555)
    at org.junit.Assert.assertEquals(Assert.java:542)
    at java_testcases.junit.SHORTEST_PATH_LENGTH_Test.test1(SHORTEST_PATH_LENGTH_Test.java:51)
~ test2(java_testcases.junit.SHORTEST_PATH_LENGTH_Test)
[expected:<7> but was:<-2147483639>]
java.lang.AssertionError: expected:<7> but was:<-2147483639>    at org.junit.Assert.fail(Assert.java:88)
    at org.junit.Assert.failNotEquals(Assert.java:743)
    at org.junit.Assert.assertEquals(Assert.java:118)
    at org.junit.Assert.assertEquals(Assert.java:555)
    at org.junit.Assert.assertEquals(Assert.java:542)
    at java_testcases.junit.SHORTEST_PATH_LENGTH_Test.test2(SHORTEST_PATH_LENGTH_Test.java:60)
~ test1(java_testcases.junit.SHORTEST_PATH_LENGTH_Test)
[expected:<4> but was:<-2147483648>]
java.lang.AssertionError: expected:<4> but was:<-2147483648>    at org.junit.Assert.fail(Assert.java:88)
    at org.junit.Assert.failNotEquals(Assert.java:743)
    at org.junit.Assert.assertEquals(Assert.java:118)
    at org.junit.Assert.assertEquals(Assert.java:555)
    at org.junit.Assert.assertEquals(Assert.java:542)
    at java_testcases.junit.SHORTEST_PATH_LENGTH_Test.test1(SHORTEST_PATH_LENGTH_Test.java:51)
~ test2(java_testcases.junit.SHORTEST_PATH_LENGTH_Test)
[expected:<7> but was:<-2147483639>]
java.lang.AssertionError: expected:<7> but was:<-2147483639>    at org.junit.Assert.fail(Assert.java:88)
    at org.junit.Assert.failNotEquals(Assert.java:743)
    at org.junit.Assert.assertEquals(Assert.java:118)
    at org.junit.Assert.assertEquals(Assert.java:555)
    at org.junit.Assert.assertEquals(Assert.java:542)
    at java_testcases.junit.SHORTEST_PATH_LENGTH_Test.test2(SHORTEST_PATH_LENGTH_Test.java:60)

12:03:33.992 [pool-2-thread-1] DEBUG fr.inria.lille.repair.nopol.NoPol - statement #12
12:03:33.992 [pool-2-thread-1] DEBUG fr.inria.lille.repair.nopol.NoPol - Analysing SourceLocation java_programs.Node:42 which is executed by 4 tests
2433571
12:03:34.026 [pool-2-thread-1] DEBUG fr.inria.lille.repair.nopol.NoPol - statement #13
12:03:34.026 [pool-2-thread-1] DEBUG fr.inria.lille.repair.nopol.NoPol - Analysing SourceLocation java_programs.SHORTEST_PATH_LENGTH:55 which is executed by 4 tests
-1734541556
12:03:34.060 [pool-2-thread-1] DEBUG fr.inria.lille.repair.nopol.NoPol - statement #14
12:03:34.061 [pool-2-thread-1] DEBUG fr.inria.lille.repair.nopol.NoPol - Analysing SourceLocation java_programs.SHORTEST_PATH_LENGTH:54 which is executed by 4 tests
-1734541556
12:03:34.095 [pool-2-thread-1] DEBUG fr.inria.lille.repair.nopol.NoPol - statement #15
12:03:34.095 [pool-2-thread-1] DEBUG fr.inria.lille.repair.nopol.NoPol - Analysing SourceLocation java_programs.SHORTEST_PATH_LENGTH:52 which is executed by 4 tests
-1734541556
12:03:34.130 [pool-2-thread-1] DEBUG fr.inria.lille.repair.nopol.NoPol - looking with class fr.inria.lille.repair.nopol.spoon.smt.ConditionalAdder
java.lang.AssertionError: expected:<4> but was:<-2147483648>
    at org.junit.Assert.fail(Assert.java:88)
    at org.junit.Assert.failNotEquals(Assert.java:743)
    at org.junit.Assert.assertEquals(Assert.java:118)
    at org.junit.Assert.assertEquals(Assert.java:555)
    at org.junit.Assert.assertEquals(Assert.java:542)
    at java_testcases.junit.SHORTEST_PATH_LENGTH_Test.test1(SHORTEST_PATH_LENGTH_Test.java:51)
java.lang.AssertionError: expected:<7> but was:<-2147483639>
    at org.junit.Assert.fail(Assert.java:88)
    at org.junit.Assert.failNotEquals(Assert.java:743)
    at org.junit.Assert.assertEquals(Assert.java:118)
    at org.junit.Assert.assertEquals(Assert.java:555)
    at org.junit.Assert.assertEquals(Assert.java:542)
    at java_testcases.junit.SHORTEST_PATH_LENGTH_Test.test2(SHORTEST_PATH_LENGTH_Test.java:60)
java.lang.AssertionError: expected:<4> but was:<-2147483648>
    at org.junit.Assert.fail(Assert.java:88)
    at org.junit.Assert.failNotEquals(Assert.java:743)
    at org.junit.Assert.assertEquals(Assert.java:118)
    at org.junit.Assert.assertEquals(Assert.java:555)
    at org.junit.Assert.assertEquals(Assert.java:542)
    at java_testcases.junit.SHORTEST_PATH_LENGTH_Test.test1(SHORTEST_PATH_LENGTH_Test.java:51)
java.lang.AssertionError: expected:<7> but was:<-2147483639>
    at org.junit.Assert.fail(Assert.java:88)
    at org.junit.Assert.failNotEquals(Assert.java:743)
    at org.junit.Assert.assertEquals(Assert.java:118)
    at org.junit.Assert.assertEquals(Assert.java:555)
    at org.junit.Assert.assertEquals(Assert.java:542)
    at java_testcases.junit.SHORTEST_PATH_LENGTH_Test.test2(SHORTEST_PATH_LENGTH_Test.java:60)
12:03:34.134 [pool-58-thread-1] INFO  xxl.java.junit.TestCasesListener - Tests run finished (1 ms)
<> Total tests run: 8
<> Ignored tests: 0
<> Failed tests: 4
~ test1(java_testcases.junit.SHORTEST_PATH_LENGTH_Test)
[expected:<4> but was:<-2147483648>]
java.lang.AssertionError: expected:<4> but was:<-2147483648>    at org.junit.Assert.fail(Assert.java:88)
    at org.junit.Assert.failNotEquals(Assert.java:743)
    at org.junit.Assert.assertEquals(Assert.java:118)
    at org.junit.Assert.assertEquals(Assert.java:555)
    at org.junit.Assert.assertEquals(Assert.java:542)
    at java_testcases.junit.SHORTEST_PATH_LENGTH_Test.test1(SHORTEST_PATH_LENGTH_Test.java:51)
~ test2(java_testcases.junit.SHORTEST_PATH_LENGTH_Test)
[expected:<7> but was:<-2147483639>]
java.lang.AssertionError: expected:<7> but was:<-2147483639>    at org.junit.Assert.fail(Assert.java:88)
    at org.junit.Assert.failNotEquals(Assert.java:743)
    at org.junit.Assert.assertEquals(Assert.java:118)
    at org.junit.Assert.assertEquals(Assert.java:555)
    at org.junit.Assert.assertEquals(Assert.java:542)
    at java_testcases.junit.SHORTEST_PATH_LENGTH_Test.test2(SHORTEST_PATH_LENGTH_Test.java:60)
~ test1(java_testcases.junit.SHORTEST_PATH_LENGTH_Test)
[expected:<4> but was:<-2147483648>]
java.lang.AssertionError: expected:<4> but was:<-2147483648>    at org.junit.Assert.fail(Assert.java:88)
    at org.junit.Assert.failNotEquals(Assert.java:743)
    at org.junit.Assert.assertEquals(Assert.java:118)
    at org.junit.Assert.assertEquals(Assert.java:555)
    at org.junit.Assert.assertEquals(Assert.java:542)
    at java_testcases.junit.SHORTEST_PATH_LENGTH_Test.test1(SHORTEST_PATH_LENGTH_Test.java:51)
~ test2(java_testcases.junit.SHORTEST_PATH_LENGTH_Test)
[expected:<7> but was:<-2147483639>]
java.lang.AssertionError: expected:<7> but was:<-2147483639>    at org.junit.Assert.fail(Assert.java:88)
    at org.junit.Assert.failNotEquals(Assert.java:743)
    at org.junit.Assert.assertEquals(Assert.java:118)
    at org.junit.Assert.assertEquals(Assert.java:555)
    at org.junit.Assert.assertEquals(Assert.java:542)
    at java_testcases.junit.SHORTEST_PATH_LENGTH_Test.test2(SHORTEST_PATH_LENGTH_Test.java:60)

12:03:34.198 [pool-2-thread-1] DEBUG fr.inria.lille.repair.nopol.NoPol - statement #16
12:03:34.198 [pool-2-thread-1] DEBUG fr.inria.lille.repair.nopol.NoPol - Analysing SourceLocation java_programs.SHORTEST_PATH_LENGTH:51 which is executed by 4 tests
-1734541556
12:03:34.236 [pool-2-thread-1] DEBUG fr.inria.lille.repair.nopol.NoPol - looking with class fr.inria.lille.repair.nopol.spoon.smt.ConditionalAdder
java.lang.AssertionError: expected:<4> but was:<-2147483648>
    at org.junit.Assert.fail(Assert.java:88)
    at org.junit.Assert.failNotEquals(Assert.java:743)
    at org.junit.Assert.assertEquals(Assert.java:118)
    at org.junit.Assert.assertEquals(Assert.java:555)
    at org.junit.Assert.assertEquals(Assert.java:542)
    at java_testcases.junit.SHORTEST_PATH_LENGTH_Test.test1(SHORTEST_PATH_LENGTH_Test.java:51)
java.lang.AssertionError: expected:<7> but was:<-2147483639>
    at org.junit.Assert.fail(Assert.java:88)
    at org.junit.Assert.failNotEquals(Assert.java:743)
    at org.junit.Assert.assertEquals(Assert.java:118)
    at org.junit.Assert.assertEquals(Assert.java:555)
    at org.junit.Assert.assertEquals(Assert.java:542)
    at java_testcases.junit.SHORTEST_PATH_LENGTH_Test.test2(SHORTEST_PATH_LENGTH_Test.java:60)
java.lang.AssertionError: expected:<4> but was:<-2147483648>
    at org.junit.Assert.fail(Assert.java:88)
    at org.junit.Assert.failNotEquals(Assert.java:743)
    at org.junit.Assert.assertEquals(Assert.java:118)
    at org.junit.Assert.assertEquals(Assert.java:555)
    at org.junit.Assert.assertEquals(Assert.java:542)
    at java_testcases.junit.SHORTEST_PATH_LENGTH_Test.test1(SHORTEST_PATH_LENGTH_Test.java:51)
java.lang.AssertionError: expected:<7> but was:<-2147483639>
    at org.junit.Assert.fail(Assert.java:88)
    at org.junit.Assert.failNotEquals(Assert.java:743)
    at org.junit.Assert.assertEquals(Assert.java:118)
    at org.junit.Assert.assertEquals(Assert.java:555)
    at org.junit.Assert.assertEquals(Assert.java:542)
    at java_testcases.junit.SHORTEST_PATH_LENGTH_Test.test2(SHORTEST_PATH_LENGTH_Test.java:60)
12:03:34.241 [pool-64-thread-1] INFO  xxl.java.junit.TestCasesListener - Tests run finished (2 ms)
<> Total tests run: 8
<> Ignored tests: 0
<> Failed tests: 4
~ test1(java_testcases.junit.SHORTEST_PATH_LENGTH_Test)
[expected:<4> but was:<-2147483648>]
java.lang.AssertionError: expected:<4> but was:<-2147483648>    at org.junit.Assert.fail(Assert.java:88)
    at org.junit.Assert.failNotEquals(Assert.java:743)
    at org.junit.Assert.assertEquals(Assert.java:118)
    at org.junit.Assert.assertEquals(Assert.java:555)
    at org.junit.Assert.assertEquals(Assert.java:542)
    at java_testcases.junit.SHORTEST_PATH_LENGTH_Test.test1(SHORTEST_PATH_LENGTH_Test.java:51)
~ test2(java_testcases.junit.SHORTEST_PATH_LENGTH_Test)
[expected:<7> but was:<-2147483639>]
java.lang.AssertionError: expected:<7> but was:<-2147483639>    at org.junit.Assert.fail(Assert.java:88)
    at org.junit.Assert.failNotEquals(Assert.java:743)
    at org.junit.Assert.assertEquals(Assert.java:118)
    at org.junit.Assert.assertEquals(Assert.java:555)
    at org.junit.Assert.assertEquals(Assert.java:542)
    at java_testcases.junit.SHORTEST_PATH_LENGTH_Test.test2(SHORTEST_PATH_LENGTH_Test.java:60)
~ test1(java_testcases.junit.SHORTEST_PATH_LENGTH_Test)
[expected:<4> but was:<-2147483648>]
java.lang.AssertionError: expected:<4> but was:<-2147483648>    at org.junit.Assert.fail(Assert.java:88)
    at org.junit.Assert.failNotEquals(Assert.java:743)
    at org.junit.Assert.assertEquals(Assert.java:118)
    at org.junit.Assert.assertEquals(Assert.java:555)
    at org.junit.Assert.assertEquals(Assert.java:542)
    at java_testcases.junit.SHORTEST_PATH_LENGTH_Test.test1(SHORTEST_PATH_LENGTH_Test.java:51)
~ test2(java_testcases.junit.SHORTEST_PATH_LENGTH_Test)
[expected:<7> but was:<-2147483639>]
java.lang.AssertionError: expected:<7> but was:<-2147483639>    at org.junit.Assert.fail(Assert.java:88)
    at org.junit.Assert.failNotEquals(Assert.java:743)
    at org.junit.Assert.assertEquals(Assert.java:118)
    at org.junit.Assert.assertEquals(Assert.java:555)
    at org.junit.Assert.assertEquals(Assert.java:542)
    at java_testcases.junit.SHORTEST_PATH_LENGTH_Test.test2(SHORTEST_PATH_LENGTH_Test.java:60)

12:03:34.306 [pool-2-thread-1] DEBUG fr.inria.lille.repair.nopol.NoPol - statement #17
12:03:34.307 [pool-2-thread-1] DEBUG fr.inria.lille.repair.nopol.NoPol - Analysing SourceLocation java_programs.SHORTEST_PATH_LENGTH:50 which is executed by 4 tests
-1734541556
12:03:34.352 [pool-2-thread-1] DEBUG fr.inria.lille.repair.nopol.NoPol - looking with class fr.inria.lille.repair.nopol.spoon.smt.ConditionalAdder
java.lang.AssertionError: expected:<4> but was:<-2147483648>
    at org.junit.Assert.fail(Assert.java:88)
    at org.junit.Assert.failNotEquals(Assert.java:743)
    at org.junit.Assert.assertEquals(Assert.java:118)
    at org.junit.Assert.assertEquals(Assert.java:555)
    at org.junit.Assert.assertEquals(Assert.java:542)
    at java_testcases.junit.SHORTEST_PATH_LENGTH_Test.test1(SHORTEST_PATH_LENGTH_Test.java:51)
java.lang.AssertionError: expected:<7> but was:<-2147483639>
    at org.junit.Assert.fail(Assert.java:88)
    at org.junit.Assert.failNotEquals(Assert.java:743)
    at org.junit.Assert.assertEquals(Assert.java:118)
    at org.junit.Assert.assertEquals(Assert.java:555)
    at org.junit.Assert.assertEquals(Assert.java:542)
    at java_testcases.junit.SHORTEST_PATH_LENGTH_Test.test2(SHORTEST_PATH_LENGTH_Test.java:60)
java.lang.AssertionError: expected:<4> but was:<-2147483648>
    at org.junit.Assert.fail(Assert.java:88)
    at org.junit.Assert.failNotEquals(Assert.java:743)
    at org.junit.Assert.assertEquals(Assert.java:118)
    at org.junit.Assert.assertEquals(Assert.java:555)
    at org.junit.Assert.assertEquals(Assert.java:542)
    at java_testcases.junit.SHORTEST_PATH_LENGTH_Test.test1(SHORTEST_PATH_LENGTH_Test.java:51)
java.lang.AssertionError: expected:<7> but was:<-2147483639>
    at org.junit.Assert.fail(Assert.java:88)
    at org.junit.Assert.failNotEquals(Assert.java:743)
    at org.junit.Assert.assertEquals(Assert.java:118)
    at org.junit.Assert.assertEquals(Assert.java:555)
    at org.junit.Assert.assertEquals(Assert.java:542)
    at java_testcases.junit.SHORTEST_PATH_LENGTH_Test.test2(SHORTEST_PATH_LENGTH_Test.java:60)
12:03:34.357 [pool-70-thread-1] INFO  xxl.java.junit.TestCasesListener - Tests run finished (3 ms)
<> Total tests run: 8
<> Ignored tests: 0
<> Failed tests: 4
~ test1(java_testcases.junit.SHORTEST_PATH_LENGTH_Test)
[expected:<4> but was:<-2147483648>]
java.lang.AssertionError: expected:<4> but was:<-2147483648>    at org.junit.Assert.fail(Assert.java:88)
    at org.junit.Assert.failNotEquals(Assert.java:743)
    at org.junit.Assert.assertEquals(Assert.java:118)
    at org.junit.Assert.assertEquals(Assert.java:555)
    at org.junit.Assert.assertEquals(Assert.java:542)
    at java_testcases.junit.SHORTEST_PATH_LENGTH_Test.test1(SHORTEST_PATH_LENGTH_Test.java:51)
~ test2(java_testcases.junit.SHORTEST_PATH_LENGTH_Test)
[expected:<7> but was:<-2147483639>]
java.lang.AssertionError: expected:<7> but was:<-2147483639>    at org.junit.Assert.fail(Assert.java:88)
    at org.junit.Assert.failNotEquals(Assert.java:743)
    at org.junit.Assert.assertEquals(Assert.java:118)
    at org.junit.Assert.assertEquals(Assert.java:555)
    at org.junit.Assert.assertEquals(Assert.java:542)
    at java_testcases.junit.SHORTEST_PATH_LENGTH_Test.test2(SHORTEST_PATH_LENGTH_Test.java:60)
~ test1(java_testcases.junit.SHORTEST_PATH_LENGTH_Test)
[expected:<4> but was:<-2147483648>]
java.lang.AssertionError: expected:<4> but was:<-2147483648>    at org.junit.Assert.fail(Assert.java:88)
    at org.junit.Assert.failNotEquals(Assert.java:743)
    at org.junit.Assert.assertEquals(Assert.java:118)
    at org.junit.Assert.assertEquals(Assert.java:555)
    at org.junit.Assert.assertEquals(Assert.java:542)
    at java_testcases.junit.SHORTEST_PATH_LENGTH_Test.test1(SHORTEST_PATH_LENGTH_Test.java:51)
~ test2(java_testcases.junit.SHORTEST_PATH_LENGTH_Test)
[expected:<7> but was:<-2147483639>]
java.lang.AssertionError: expected:<7> but was:<-2147483639>    at org.junit.Assert.fail(Assert.java:88)
    at org.junit.Assert.failNotEquals(Assert.java:743)
    at org.junit.Assert.assertEquals(Assert.java:118)
    at org.junit.Assert.assertEquals(Assert.java:555)
    at org.junit.Assert.assertEquals(Assert.java:542)
    at java_testcases.junit.SHORTEST_PATH_LENGTH_Test.test2(SHORTEST_PATH_LENGTH_Test.java:60)

12:03:34.422 [pool-2-thread-1] DEBUG fr.inria.lille.repair.nopol.NoPol - looking with class fr.inria.lille.repair.nopol.spoon.smt.ConditionalReplacer
java.lang.AssertionError: expected:<4> but was:<-2147483648>
    at org.junit.Assert.fail(Assert.java:88)
    at org.junit.Assert.failNotEquals(Assert.java:743)
    at org.junit.Assert.assertEquals(Assert.java:118)
    at org.junit.Assert.assertEquals(Assert.java:555)
    at org.junit.Assert.assertEquals(Assert.java:542)
    at java_testcases.junit.SHORTEST_PATH_LENGTH_Test.test1(SHORTEST_PATH_LENGTH_Test.java:51)
java.lang.AssertionError: expected:<7> but was:<-2147483639>
    at org.junit.Assert.fail(Assert.java:88)
    at org.junit.Assert.failNotEquals(Assert.java:743)
    at org.junit.Assert.assertEquals(Assert.java:118)
    at org.junit.Assert.assertEquals(Assert.java:555)
    at org.junit.Assert.assertEquals(Assert.java:542)
    at java_testcases.junit.SHORTEST_PATH_LENGTH_Test.test2(SHORTEST_PATH_LENGTH_Test.java:60)
java.lang.AssertionError: expected:<4> but was:<-2147483648>
    at org.junit.Assert.fail(Assert.java:88)
    at org.junit.Assert.failNotEquals(Assert.java:743)
    at org.junit.Assert.assertEquals(Assert.java:118)
    at org.junit.Assert.assertEquals(Assert.java:555)
    at org.junit.Assert.assertEquals(Assert.java:542)
    at java_testcases.junit.SHORTEST_PATH_LENGTH_Test.test1(SHORTEST_PATH_LENGTH_Test.java:51)
java.lang.AssertionError: expected:<7> but was:<-2147483639>
    at org.junit.Assert.fail(Assert.java:88)
    at org.junit.Assert.failNotEquals(Assert.java:743)
    at org.junit.Assert.assertEquals(Assert.java:118)
    at org.junit.Assert.assertEquals(Assert.java:555)
    at org.junit.Assert.assertEquals(Assert.java:542)
    at java_testcases.junit.SHORTEST_PATH_LENGTH_Test.test2(SHORTEST_PATH_LENGTH_Test.java:60)
12:03:34.425 [pool-76-thread-1] INFO  xxl.java.junit.TestCasesListener - Tests run finished (2 ms)
<> Total tests run: 8
<> Ignored tests: 0
<> Failed tests: 4
~ test1(java_testcases.junit.SHORTEST_PATH_LENGTH_Test)
[expected:<4> but was:<-2147483648>]
java.lang.AssertionError: expected:<4> but was:<-2147483648>    at org.junit.Assert.fail(Assert.java:88)
    at org.junit.Assert.failNotEquals(Assert.java:743)
    at org.junit.Assert.assertEquals(Assert.java:118)
    at org.junit.Assert.assertEquals(Assert.java:555)
    at org.junit.Assert.assertEquals(Assert.java:542)
    at java_testcases.junit.SHORTEST_PATH_LENGTH_Test.test1(SHORTEST_PATH_LENGTH_Test.java:51)
~ test2(java_testcases.junit.SHORTEST_PATH_LENGTH_Test)
[expected:<7> but was:<-2147483639>]
java.lang.AssertionError: expected:<7> but was:<-2147483639>    at org.junit.Assert.fail(Assert.java:88)
    at org.junit.Assert.failNotEquals(Assert.java:743)
    at org.junit.Assert.assertEquals(Assert.java:118)
    at org.junit.Assert.assertEquals(Assert.java:555)
    at org.junit.Assert.assertEquals(Assert.java:542)
    at java_testcases.junit.SHORTEST_PATH_LENGTH_Test.test2(SHORTEST_PATH_LENGTH_Test.java:60)
~ test1(java_testcases.junit.SHORTEST_PATH_LENGTH_Test)
[expected:<4> but was:<-2147483648>]
java.lang.AssertionError: expected:<4> but was:<-2147483648>    at org.junit.Assert.fail(Assert.java:88)
    at org.junit.Assert.failNotEquals(Assert.java:743)
    at org.junit.Assert.assertEquals(Assert.java:118)
    at org.junit.Assert.assertEquals(Assert.java:555)
    at org.junit.Assert.assertEquals(Assert.java:542)
    at java_testcases.junit.SHORTEST_PATH_LENGTH_Test.test1(SHORTEST_PATH_LENGTH_Test.java:51)
~ test2(java_testcases.junit.SHORTEST_PATH_LENGTH_Test)
[expected:<7> but was:<-2147483639>]
java.lang.AssertionError: expected:<7> but was:<-2147483639>    at org.junit.Assert.fail(Assert.java:88)
    at org.junit.Assert.failNotEquals(Assert.java:743)
    at org.junit.Assert.assertEquals(Assert.java:118)
    at org.junit.Assert.assertEquals(Assert.java:555)
    at org.junit.Assert.assertEquals(Assert.java:542)
    at java_testcases.junit.SHORTEST_PATH_LENGTH_Test.test2(SHORTEST_PATH_LENGTH_Test.java:60)

12:03:34.489 [pool-2-thread-1] DEBUG fr.inria.lille.repair.nopol.NoPol - statement #18
12:03:34.489 [pool-2-thread-1] DEBUG fr.inria.lille.repair.nopol.NoPol - Analysing SourceLocation java_programs.SHORTEST_PATH_LENGTH:49 which is executed by 4 tests
-1734541556
12:03:34.524 [pool-2-thread-1] DEBUG fr.inria.lille.repair.nopol.NoPol - statement #19
12:03:34.524 [pool-2-thread-1] DEBUG fr.inria.lille.repair.nopol.NoPol - Analysing SourceLocation java_programs.SHORTEST_PATH_LENGTH:48 which is executed by 4 tests
-1734541556
12:03:34.560 [pool-2-thread-1] DEBUG fr.inria.lille.repair.nopol.NoPol - looking with class fr.inria.lille.repair.nopol.spoon.smt.ConditionalAdder
java.lang.AssertionError: expected:<4> but was:<-2147483648>
    at org.junit.Assert.fail(Assert.java:88)
    at org.junit.Assert.failNotEquals(Assert.java:743)
    at org.junit.Assert.assertEquals(Assert.java:118)
    at org.junit.Assert.assertEquals(Assert.java:555)
    at org.junit.Assert.assertEquals(Assert.java:542)
    at java_testcases.junit.SHORTEST_PATH_LENGTH_Test.test1(SHORTEST_PATH_LENGTH_Test.java:51)
java.lang.AssertionError: expected:<7> but was:<-2147483639>
    at org.junit.Assert.fail(Assert.java:88)
    at org.junit.Assert.failNotEquals(Assert.java:743)
    at org.junit.Assert.assertEquals(Assert.java:118)
    at org.junit.Assert.assertEquals(Assert.java:555)
    at org.junit.Assert.assertEquals(Assert.java:542)
    at java_testcases.junit.SHORTEST_PATH_LENGTH_Test.test2(SHORTEST_PATH_LENGTH_Test.java:60)
java.lang.AssertionError: expected:<4> but was:<-2147483648>
    at org.junit.Assert.fail(Assert.java:88)
    at org.junit.Assert.failNotEquals(Assert.java:743)
    at org.junit.Assert.assertEquals(Assert.java:118)
    at org.junit.Assert.assertEquals(Assert.java:555)
    at org.junit.Assert.assertEquals(Assert.java:542)
    at java_testcases.junit.SHORTEST_PATH_LENGTH_Test.test1(SHORTEST_PATH_LENGTH_Test.java:51)
java.lang.AssertionError: expected:<7> but was:<-2147483639>
    at org.junit.Assert.fail(Assert.java:88)
    at org.junit.Assert.failNotEquals(Assert.java:743)
    at org.junit.Assert.assertEquals(Assert.java:118)
    at org.junit.Assert.assertEquals(Assert.java:555)
    at org.junit.Assert.assertEquals(Assert.java:542)
    at java_testcases.junit.SHORTEST_PATH_LENGTH_Test.test2(SHORTEST_PATH_LENGTH_Test.java:60)
12:03:34.564 [pool-82-thread-1] INFO  xxl.java.junit.TestCasesListener - Tests run finished (2 ms)
<> Total tests run: 8
<> Ignored tests: 0
<> Failed tests: 4
~ test1(java_testcases.junit.SHORTEST_PATH_LENGTH_Test)
[expected:<4> but was:<-2147483648>]
java.lang.AssertionError: expected:<4> but was:<-2147483648>    at org.junit.Assert.fail(Assert.java:88)
    at org.junit.Assert.failNotEquals(Assert.java:743)
    at org.junit.Assert.assertEquals(Assert.java:118)
    at org.junit.Assert.assertEquals(Assert.java:555)
    at org.junit.Assert.assertEquals(Assert.java:542)
    at java_testcases.junit.SHORTEST_PATH_LENGTH_Test.test1(SHORTEST_PATH_LENGTH_Test.java:51)
~ test2(java_testcases.junit.SHORTEST_PATH_LENGTH_Test)
[expected:<7> but was:<-2147483639>]
java.lang.AssertionError: expected:<7> but was:<-2147483639>    at org.junit.Assert.fail(Assert.java:88)
    at org.junit.Assert.failNotEquals(Assert.java:743)
    at org.junit.Assert.assertEquals(Assert.java:118)
    at org.junit.Assert.assertEquals(Assert.java:555)
    at org.junit.Assert.assertEquals(Assert.java:542)
    at java_testcases.junit.SHORTEST_PATH_LENGTH_Test.test2(SHORTEST_PATH_LENGTH_Test.java:60)
~ test1(java_testcases.junit.SHORTEST_PATH_LENGTH_Test)
[expected:<4> but was:<-2147483648>]
java.lang.AssertionError: expected:<4> but was:<-2147483648>    at org.junit.Assert.fail(Assert.java:88)
    at org.junit.Assert.failNotEquals(Assert.java:743)
    at org.junit.Assert.assertEquals(Assert.java:118)
    at org.junit.Assert.assertEquals(Assert.java:555)
    at org.junit.Assert.assertEquals(Assert.java:542)
    at java_testcases.junit.SHORTEST_PATH_LENGTH_Test.test1(SHORTEST_PATH_LENGTH_Test.java:51)
~ test2(java_testcases.junit.SHORTEST_PATH_LENGTH_Test)
[expected:<7> but was:<-2147483639>]
java.lang.AssertionError: expected:<7> but was:<-2147483639>    at org.junit.Assert.fail(Assert.java:88)
    at org.junit.Assert.failNotEquals(Assert.java:743)
    at org.junit.Assert.assertEquals(Assert.java:118)
    at org.junit.Assert.assertEquals(Assert.java:555)
    at org.junit.Assert.assertEquals(Assert.java:542)
    at java_testcases.junit.SHORTEST_PATH_LENGTH_Test.test2(SHORTEST_PATH_LENGTH_Test.java:60)

12:03:34.631 [pool-2-thread-1] DEBUG fr.inria.lille.repair.nopol.NoPol - statement #20
12:03:34.631 [pool-2-thread-1] DEBUG fr.inria.lille.repair.nopol.NoPol - Analysing SourceLocation java_programs.SHORTEST_PATH_LENGTH:47 which is executed by 4 tests
-1734541556
12:03:34.667 [pool-2-thread-1] DEBUG fr.inria.lille.repair.nopol.NoPol - statement #21
12:03:34.668 [pool-2-thread-1] DEBUG fr.inria.lille.repair.nopol.NoPol - Analysing SourceLocation java_programs.SHORTEST_PATH_LENGTH:46 which is executed by 4 tests
-1734541556
12:03:34.703 [pool-2-thread-1] DEBUG fr.inria.lille.repair.nopol.NoPol - statement #22
12:03:34.703 [pool-2-thread-1] DEBUG fr.inria.lille.repair.nopol.NoPol - Analysing SourceLocation java_programs.SHORTEST_PATH_LENGTH:23 which is executed by 4 tests
-1734541556
12:03:34.739 [pool-2-thread-1] DEBUG fr.inria.lille.repair.nopol.NoPol - looking with class fr.inria.lille.repair.nopol.spoon.smt.ConditionalAdder
java.lang.AssertionError: expected:<4> but was:<-2147483648>
    at org.junit.Assert.fail(Assert.java:88)
    at org.junit.Assert.failNotEquals(Assert.java:743)
    at org.junit.Assert.assertEquals(Assert.java:118)
    at org.junit.Assert.assertEquals(Assert.java:555)
    at org.junit.Assert.assertEquals(Assert.java:542)
    at java_testcases.junit.SHORTEST_PATH_LENGTH_Test.test1(SHORTEST_PATH_LENGTH_Test.java:51)
java.lang.AssertionError: expected:<7> but was:<-2147483639>
    at org.junit.Assert.fail(Assert.java:88)
    at org.junit.Assert.failNotEquals(Assert.java:743)
    at org.junit.Assert.assertEquals(Assert.java:118)
    at org.junit.Assert.assertEquals(Assert.java:555)
    at org.junit.Assert.assertEquals(Assert.java:542)
    at java_testcases.junit.SHORTEST_PATH_LENGTH_Test.test2(SHORTEST_PATH_LENGTH_Test.java:60)
java.lang.AssertionError: expected:<4> but was:<-2147483648>
    at org.junit.Assert.fail(Assert.java:88)
    at org.junit.Assert.failNotEquals(Assert.java:743)
    at org.junit.Assert.assertEquals(Assert.java:118)
    at org.junit.Assert.assertEquals(Assert.java:555)
    at org.junit.Assert.assertEquals(Assert.java:542)
    at java_testcases.junit.SHORTEST_PATH_LENGTH_Test.test1(SHORTEST_PATH_LENGTH_Test.java:51)
java.lang.AssertionError: expected:<7> but was:<-2147483639>
    at org.junit.Assert.fail(Assert.java:88)
    at org.junit.Assert.failNotEquals(Assert.java:743)
    at org.junit.Assert.assertEquals(Assert.java:118)
    at org.junit.Assert.assertEquals(Assert.java:555)
    at org.junit.Assert.assertEquals(Assert.java:542)
    at java_testcases.junit.SHORTEST_PATH_LENGTH_Test.test2(SHORTEST_PATH_LENGTH_Test.java:60)
12:03:34.743 [pool-88-thread-1] INFO  xxl.java.junit.TestCasesListener - Tests run finished (2 ms)
<> Total tests run: 8
<> Ignored tests: 0
<> Failed tests: 4
~ test1(java_testcases.junit.SHORTEST_PATH_LENGTH_Test)
[expected:<4> but was:<-2147483648>]
java.lang.AssertionError: expected:<4> but was:<-2147483648>    at org.junit.Assert.fail(Assert.java:88)
    at org.junit.Assert.failNotEquals(Assert.java:743)
    at org.junit.Assert.assertEquals(Assert.java:118)
    at org.junit.Assert.assertEquals(Assert.java:555)
    at org.junit.Assert.assertEquals(Assert.java:542)
    at java_testcases.junit.SHORTEST_PATH_LENGTH_Test.test1(SHORTEST_PATH_LENGTH_Test.java:51)
~ test2(java_testcases.junit.SHORTEST_PATH_LENGTH_Test)
[expected:<7> but was:<-2147483639>]
java.lang.AssertionError: expected:<7> but was:<-2147483639>    at org.junit.Assert.fail(Assert.java:88)
    at org.junit.Assert.failNotEquals(Assert.java:743)
    at org.junit.Assert.assertEquals(Assert.java:118)
    at org.junit.Assert.assertEquals(Assert.java:555)
    at org.junit.Assert.assertEquals(Assert.java:542)
    at java_testcases.junit.SHORTEST_PATH_LENGTH_Test.test2(SHORTEST_PATH_LENGTH_Test.java:60)
~ test1(java_testcases.junit.SHORTEST_PATH_LENGTH_Test)
[expected:<4> but was:<-2147483648>]
java.lang.AssertionError: expected:<4> but was:<-2147483648>    at org.junit.Assert.fail(Assert.java:88)
    at org.junit.Assert.failNotEquals(Assert.java:743)
    at org.junit.Assert.assertEquals(Assert.java:118)
    at org.junit.Assert.assertEquals(Assert.java:555)
    at org.junit.Assert.assertEquals(Assert.java:542)
    at java_testcases.junit.SHORTEST_PATH_LENGTH_Test.test1(SHORTEST_PATH_LENGTH_Test.java:51)
~ test2(java_testcases.junit.SHORTEST_PATH_LENGTH_Test)
[expected:<7> but was:<-2147483639>]
java.lang.AssertionError: expected:<7> but was:<-2147483639>    at org.junit.Assert.fail(Assert.java:88)
    at org.junit.Assert.failNotEquals(Assert.java:743)
    at org.junit.Assert.assertEquals(Assert.java:118)
    at org.junit.Assert.assertEquals(Assert.java:555)
    at org.junit.Assert.assertEquals(Assert.java:542)
    at java_testcases.junit.SHORTEST_PATH_LENGTH_Test.test2(SHORTEST_PATH_LENGTH_Test.java:60)

12:03:34.803 [pool-2-thread-1] DEBUG fr.inria.lille.repair.nopol.NoPol - looking with class fr.inria.lille.repair.nopol.spoon.smt.ConditionalReplacer
java.lang.AssertionError: expected:<4> but was:<-2147483648>
    at org.junit.Assert.fail(Assert.java:88)
    at org.junit.Assert.failNotEquals(Assert.java:743)
    at org.junit.Assert.assertEquals(Assert.java:118)
    at org.junit.Assert.assertEquals(Assert.java:555)
    at org.junit.Assert.assertEquals(Assert.java:542)
    at java_testcases.junit.SHORTEST_PATH_LENGTH_Test.test1(SHORTEST_PATH_LENGTH_Test.java:51)
java.lang.AssertionError: expected:<7> but was:<-2147483639>
    at org.junit.Assert.fail(Assert.java:88)
    at org.junit.Assert.failNotEquals(Assert.java:743)
    at org.junit.Assert.assertEquals(Assert.java:118)
    at org.junit.Assert.assertEquals(Assert.java:555)
    at org.junit.Assert.assertEquals(Assert.java:542)
    at java_testcases.junit.SHORTEST_PATH_LENGTH_Test.test2(SHORTEST_PATH_LENGTH_Test.java:60)
java.lang.AssertionError: expected:<4> but was:<-2147483648>
    at org.junit.Assert.fail(Assert.java:88)
    at org.junit.Assert.failNotEquals(Assert.java:743)
    at org.junit.Assert.assertEquals(Assert.java:118)
    at org.junit.Assert.assertEquals(Assert.java:555)
    at org.junit.Assert.assertEquals(Assert.java:542)
    at java_testcases.junit.SHORTEST_PATH_LENGTH_Test.test1(SHORTEST_PATH_LENGTH_Test.java:51)
java.lang.AssertionError: expected:<7> but was:<-2147483639>
    at org.junit.Assert.fail(Assert.java:88)
    at org.junit.Assert.failNotEquals(Assert.java:743)
    at org.junit.Assert.assertEquals(Assert.java:118)
    at org.junit.Assert.assertEquals(Assert.java:555)
    at org.junit.Assert.assertEquals(Assert.java:542)
    at java_testcases.junit.SHORTEST_PATH_LENGTH_Test.test2(SHORTEST_PATH_LENGTH_Test.java:60)
12:03:34.808 [pool-94-thread-1] INFO  xxl.java.junit.TestCasesListener - Tests run finished (1 ms)
<> Total tests run: 8
<> Ignored tests: 0
<> Failed tests: 4
~ test1(java_testcases.junit.SHORTEST_PATH_LENGTH_Test)
[expected:<4> but was:<-2147483648>]
java.lang.AssertionError: expected:<4> but was:<-2147483648>    at org.junit.Assert.fail(Assert.java:88)
    at org.junit.Assert.failNotEquals(Assert.java:743)
    at org.junit.Assert.assertEquals(Assert.java:118)
    at org.junit.Assert.assertEquals(Assert.java:555)
    at org.junit.Assert.assertEquals(Assert.java:542)
    at java_testcases.junit.SHORTEST_PATH_LENGTH_Test.test1(SHORTEST_PATH_LENGTH_Test.java:51)
~ test2(java_testcases.junit.SHORTEST_PATH_LENGTH_Test)
[expected:<7> but was:<-2147483639>]
java.lang.AssertionError: expected:<7> but was:<-2147483639>    at org.junit.Assert.fail(Assert.java:88)
    at org.junit.Assert.failNotEquals(Assert.java:743)
    at org.junit.Assert.assertEquals(Assert.java:118)
    at org.junit.Assert.assertEquals(Assert.java:555)
    at org.junit.Assert.assertEquals(Assert.java:542)
    at java_testcases.junit.SHORTEST_PATH_LENGTH_Test.test2(SHORTEST_PATH_LENGTH_Test.java:60)
~ test1(java_testcases.junit.SHORTEST_PATH_LENGTH_Test)
[expected:<4> but was:<-2147483648>]
java.lang.AssertionError: expected:<4> but was:<-2147483648>    at org.junit.Assert.fail(Assert.java:88)
    at org.junit.Assert.failNotEquals(Assert.java:743)
    at org.junit.Assert.assertEquals(Assert.java:118)
    at org.junit.Assert.assertEquals(Assert.java:555)
    at org.junit.Assert.assertEquals(Assert.java:542)
    at java_testcases.junit.SHORTEST_PATH_LENGTH_Test.test1(SHORTEST_PATH_LENGTH_Test.java:51)
~ test2(java_testcases.junit.SHORTEST_PATH_LENGTH_Test)
[expected:<7> but was:<-2147483639>]
java.lang.AssertionError: expected:<7> but was:<-2147483639>    at org.junit.Assert.fail(Assert.java:88)
    at org.junit.Assert.failNotEquals(Assert.java:743)
    at org.junit.Assert.assertEquals(Assert.java:118)
    at org.junit.Assert.assertEquals(Assert.java:555)
    at org.junit.Assert.assertEquals(Assert.java:542)
    at java_testcases.junit.SHORTEST_PATH_LENGTH_Test.test2(SHORTEST_PATH_LENGTH_Test.java:60)

12:03:34.876 [pool-2-thread-1] DEBUG fr.inria.lille.repair.nopol.NoPol - statement #23
12:03:34.877 [pool-2-thread-1] DEBUG fr.inria.lille.repair.nopol.NoPol - Analysing SourceLocation java_programs.SHORTEST_PATH_LENGTH:21 which is executed by 4 tests
-1734541556
12:03:34.913 [pool-2-thread-1] DEBUG fr.inria.lille.repair.nopol.NoPol - looking with class fr.inria.lille.repair.nopol.spoon.smt.ConditionalAdder
java.lang.AssertionError: expected:<4> but was:<-2147483648>
    at org.junit.Assert.fail(Assert.java:88)
    at org.junit.Assert.failNotEquals(Assert.java:743)
    at org.junit.Assert.assertEquals(Assert.java:118)
    at org.junit.Assert.assertEquals(Assert.java:555)
    at org.junit.Assert.assertEquals(Assert.java:542)
    at java_testcases.junit.SHORTEST_PATH_LENGTH_Test.test1(SHORTEST_PATH_LENGTH_Test.java:51)
java.lang.AssertionError: expected:<7> but was:<-2147483639>
    at org.junit.Assert.fail(Assert.java:88)
    at org.junit.Assert.failNotEquals(Assert.java:743)
    at org.junit.Assert.assertEquals(Assert.java:118)
    at org.junit.Assert.assertEquals(Assert.java:555)
    at org.junit.Assert.assertEquals(Assert.java:542)
    at java_testcases.junit.SHORTEST_PATH_LENGTH_Test.test2(SHORTEST_PATH_LENGTH_Test.java:60)
java.lang.AssertionError: expected:<4> but was:<-2147483648>
    at org.junit.Assert.fail(Assert.java:88)
    at org.junit.Assert.failNotEquals(Assert.java:743)
    at org.junit.Assert.assertEquals(Assert.java:118)
    at org.junit.Assert.assertEquals(Assert.java:555)
    at org.junit.Assert.assertEquals(Assert.java:542)
    at java_testcases.junit.SHORTEST_PATH_LENGTH_Test.test1(SHORTEST_PATH_LENGTH_Test.java:51)
java.lang.AssertionError: expected:<7> but was:<-2147483639>
    at org.junit.Assert.fail(Assert.java:88)
    at org.junit.Assert.failNotEquals(Assert.java:743)
    at org.junit.Assert.assertEquals(Assert.java:118)
    at org.junit.Assert.assertEquals(Assert.java:555)
    at org.junit.Assert.assertEquals(Assert.java:542)
    at java_testcases.junit.SHORTEST_PATH_LENGTH_Test.test2(SHORTEST_PATH_LENGTH_Test.java:60)
12:03:34.917 [pool-100-thread-1] INFO  xxl.java.junit.TestCasesListener - Tests run finished (2 ms)
<> Total tests run: 8
<> Ignored tests: 0
<> Failed tests: 4
~ test1(java_testcases.junit.SHORTEST_PATH_LENGTH_Test)
[expected:<4> but was:<-2147483648>]
java.lang.AssertionError: expected:<4> but was:<-2147483648>    at org.junit.Assert.fail(Assert.java:88)
    at org.junit.Assert.failNotEquals(Assert.java:743)
    at org.junit.Assert.assertEquals(Assert.java:118)
    at org.junit.Assert.assertEquals(Assert.java:555)
    at org.junit.Assert.assertEquals(Assert.java:542)
    at java_testcases.junit.SHORTEST_PATH_LENGTH_Test.test1(SHORTEST_PATH_LENGTH_Test.java:51)
~ test2(java_testcases.junit.SHORTEST_PATH_LENGTH_Test)
[expected:<7> but was:<-2147483639>]
java.lang.AssertionError: expected:<7> but was:<-2147483639>    at org.junit.Assert.fail(Assert.java:88)
    at org.junit.Assert.failNotEquals(Assert.java:743)
    at org.junit.Assert.assertEquals(Assert.java:118)
    at org.junit.Assert.assertEquals(Assert.java:555)
    at org.junit.Assert.assertEquals(Assert.java:542)
    at java_testcases.junit.SHORTEST_PATH_LENGTH_Test.test2(SHORTEST_PATH_LENGTH_Test.java:60)
~ test1(java_testcases.junit.SHORTEST_PATH_LENGTH_Test)
[expected:<4> but was:<-2147483648>]
java.lang.AssertionError: expected:<4> but was:<-2147483648>    at org.junit.Assert.fail(Assert.java:88)
    at org.junit.Assert.failNotEquals(Assert.java:743)
    at org.junit.Assert.assertEquals(Assert.java:118)
    at org.junit.Assert.assertEquals(Assert.java:555)
    at org.junit.Assert.assertEquals(Assert.java:542)
    at java_testcases.junit.SHORTEST_PATH_LENGTH_Test.test1(SHORTEST_PATH_LENGTH_Test.java:51)
~ test2(java_testcases.junit.SHORTEST_PATH_LENGTH_Test)
[expected:<7> but was:<-2147483639>]
java.lang.AssertionError: expected:<7> but was:<-2147483639>    at org.junit.Assert.fail(Assert.java:88)
    at org.junit.Assert.failNotEquals(Assert.java:743)
    at org.junit.Assert.assertEquals(Assert.java:118)
    at org.junit.Assert.assertEquals(Assert.java:555)
    at org.junit.Assert.assertEquals(Assert.java:542)
    at java_testcases.junit.SHORTEST_PATH_LENGTH_Test.test2(SHORTEST_PATH_LENGTH_Test.java:60)

12:05:11.892 [pool-2-thread-1] DEBUG fr.inria.lille.repair.nopol.NoPol - statement #24
12:05:11.893 [pool-2-thread-1] DEBUG fr.inria.lille.repair.nopol.NoPol - Analysing SourceLocation java_programs.SHORTEST_PATH_LENGTH:20 which is executed by 4 tests
-1734541556
12:05:11.936 [pool-2-thread-1] DEBUG fr.inria.lille.repair.nopol.NoPol - statement #25
12:05:11.936 [pool-2-thread-1] DEBUG fr.inria.lille.repair.nopol.NoPol - Analysing SourceLocation java_programs.SHORTEST_PATH_LENGTH:19 which is executed by 4 tests
-1734541556
12:05:11.970 [pool-2-thread-1] DEBUG fr.inria.lille.repair.nopol.NoPol - statement #26
12:05:11.971 [pool-2-thread-1] DEBUG fr.inria.lille.repair.nopol.NoPol - Analysing SourceLocation java_programs.SHORTEST_PATH_LENGTH:18 which is executed by 4 tests
-1734541556
12:05:12.006 [pool-2-thread-1] DEBUG fr.inria.lille.repair.nopol.NoPol - looking with class fr.inria.lille.repair.nopol.spoon.smt.ConditionalAdder
java.lang.AssertionError: expected:<4> but was:<-2147483648>
    at org.junit.Assert.fail(Assert.java:88)
    at org.junit.Assert.failNotEquals(Assert.java:743)
    at org.junit.Assert.assertEquals(Assert.java:118)
    at org.junit.Assert.assertEquals(Assert.java:555)
    at org.junit.Assert.assertEquals(Assert.java:542)
    at java_testcases.junit.SHORTEST_PATH_LENGTH_Test.test1(SHORTEST_PATH_LENGTH_Test.java:51)
java.lang.AssertionError: expected:<7> but was:<-2147483639>
    at org.junit.Assert.fail(Assert.java:88)
    at org.junit.Assert.failNotEquals(Assert.java:743)
    at org.junit.Assert.assertEquals(Assert.java:118)
    at org.junit.Assert.assertEquals(Assert.java:555)
    at org.junit.Assert.assertEquals(Assert.java:542)
    at java_testcases.junit.SHORTEST_PATH_LENGTH_Test.test2(SHORTEST_PATH_LENGTH_Test.java:60)
java.lang.AssertionError: expected:<4> but was:<-2147483648>
    at org.junit.Assert.fail(Assert.java:88)
    at org.junit.Assert.failNotEquals(Assert.java:743)
    at org.junit.Assert.assertEquals(Assert.java:118)
    at org.junit.Assert.assertEquals(Assert.java:555)
    at org.junit.Assert.assertEquals(Assert.java:542)
    at java_testcases.junit.SHORTEST_PATH_LENGTH_Test.test1(SHORTEST_PATH_LENGTH_Test.java:51)
java.lang.AssertionError: expected:<7> but was:<-2147483639>
    at org.junit.Assert.fail(Assert.java:88)
    at org.junit.Assert.failNotEquals(Assert.java:743)
    at org.junit.Assert.assertEquals(Assert.java:118)
    at org.junit.Assert.assertEquals(Assert.java:555)
    at org.junit.Assert.assertEquals(Assert.java:542)
    at java_testcases.junit.SHORTEST_PATH_LENGTH_Test.test2(SHORTEST_PATH_LENGTH_Test.java:60)
12:05:12.011 [pool-106-thread-1] INFO  xxl.java.junit.TestCasesListener - Tests run finished (2 ms)
<> Total tests run: 8
<> Ignored tests: 0
<> Failed tests: 4
~ test1(java_testcases.junit.SHORTEST_PATH_LENGTH_Test)
[expected:<4> but was:<-2147483648>]
java.lang.AssertionError: expected:<4> but was:<-2147483648>    at org.junit.Assert.fail(Assert.java:88)
    at org.junit.Assert.failNotEquals(Assert.java:743)
    at org.junit.Assert.assertEquals(Assert.java:118)
    at org.junit.Assert.assertEquals(Assert.java:555)
    at org.junit.Assert.assertEquals(Assert.java:542)
    at java_testcases.junit.SHORTEST_PATH_LENGTH_Test.test1(SHORTEST_PATH_LENGTH_Test.java:51)
~ test2(java_testcases.junit.SHORTEST_PATH_LENGTH_Test)
[expected:<7> but was:<-2147483639>]
java.lang.AssertionError: expected:<7> but was:<-2147483639>    at org.junit.Assert.fail(Assert.java:88)
    at org.junit.Assert.failNotEquals(Assert.java:743)
    at org.junit.Assert.assertEquals(Assert.java:118)
    at org.junit.Assert.assertEquals(Assert.java:555)
    at org.junit.Assert.assertEquals(Assert.java:542)
    at java_testcases.junit.SHORTEST_PATH_LENGTH_Test.test2(SHORTEST_PATH_LENGTH_Test.java:60)
~ test1(java_testcases.junit.SHORTEST_PATH_LENGTH_Test)
[expected:<4> but was:<-2147483648>]
java.lang.AssertionError: expected:<4> but was:<-2147483648>    at org.junit.Assert.fail(Assert.java:88)
    at org.junit.Assert.failNotEquals(Assert.java:743)
    at org.junit.Assert.assertEquals(Assert.java:118)
    at org.junit.Assert.assertEquals(Assert.java:555)
    at org.junit.Assert.assertEquals(Assert.java:542)
    at java_testcases.junit.SHORTEST_PATH_LENGTH_Test.test1(SHORTEST_PATH_LENGTH_Test.java:51)
~ test2(java_testcases.junit.SHORTEST_PATH_LENGTH_Test)
[expected:<7> but was:<-2147483639>]
java.lang.AssertionError: expected:<7> but was:<-2147483639>    at org.junit.Assert.fail(Assert.java:88)
    at org.junit.Assert.failNotEquals(Assert.java:743)
    at org.junit.Assert.assertEquals(Assert.java:118)
    at org.junit.Assert.assertEquals(Assert.java:555)
    at org.junit.Assert.assertEquals(Assert.java:542)
    at java_testcases.junit.SHORTEST_PATH_LENGTH_Test.test2(SHORTEST_PATH_LENGTH_Test.java:60)

12:05:12.075 [pool-2-thread-1] DEBUG fr.inria.lille.repair.nopol.NoPol - statement #27
12:05:12.075 [pool-2-thread-1] DEBUG fr.inria.lille.repair.nopol.NoPol - Analysing SourceLocation java_programs.SHORTEST_PATH_LENGTH:16 which is executed by 4 tests
-1734541556
12:05:12.123 [pool-2-thread-1] DEBUG fr.inria.lille.repair.nopol.NoPol - looking with class fr.inria.lille.repair.nopol.spoon.smt.ConditionalAdder
java.lang.AssertionError: expected:<4> but was:<-2147483648>
    at org.junit.Assert.fail(Assert.java:88)
    at org.junit.Assert.failNotEquals(Assert.java:743)
    at org.junit.Assert.assertEquals(Assert.java:118)
    at org.junit.Assert.assertEquals(Assert.java:555)
    at org.junit.Assert.assertEquals(Assert.java:542)
    at java_testcases.junit.SHORTEST_PATH_LENGTH_Test.test1(SHORTEST_PATH_LENGTH_Test.java:51)
java.lang.AssertionError: expected:<7> but was:<-2147483639>
    at org.junit.Assert.fail(Assert.java:88)
    at org.junit.Assert.failNotEquals(Assert.java:743)
    at org.junit.Assert.assertEquals(Assert.java:118)
    at org.junit.Assert.assertEquals(Assert.java:555)
    at org.junit.Assert.assertEquals(Assert.java:542)
    at java_testcases.junit.SHORTEST_PATH_LENGTH_Test.test2(SHORTEST_PATH_LENGTH_Test.java:60)
java.lang.AssertionError: expected:<4> but was:<-2147483648>
    at org.junit.Assert.fail(Assert.java:88)
    at org.junit.Assert.failNotEquals(Assert.java:743)
    at org.junit.Assert.assertEquals(Assert.java:118)
    at org.junit.Assert.assertEquals(Assert.java:555)
    at org.junit.Assert.assertEquals(Assert.java:542)
    at java_testcases.junit.SHORTEST_PATH_LENGTH_Test.test1(SHORTEST_PATH_LENGTH_Test.java:51)
java.lang.AssertionError: expected:<7> but was:<-2147483639>
    at org.junit.Assert.fail(Assert.java:88)
    at org.junit.Assert.failNotEquals(Assert.java:743)
    at org.junit.Assert.assertEquals(Assert.java:118)
    at org.junit.Assert.assertEquals(Assert.java:555)
    at org.junit.Assert.assertEquals(Assert.java:542)
    at java_testcases.junit.SHORTEST_PATH_LENGTH_Test.test2(SHORTEST_PATH_LENGTH_Test.java:60)
12:05:12.127 [pool-112-thread-1] INFO  xxl.java.junit.TestCasesListener - Tests run finished (2 ms)
<> Total tests run: 8
<> Ignored tests: 0
<> Failed tests: 4
~ test1(java_testcases.junit.SHORTEST_PATH_LENGTH_Test)
[expected:<4> but was:<-2147483648>]
java.lang.AssertionError: expected:<4> but was:<-2147483648>    at org.junit.Assert.fail(Assert.java:88)
    at org.junit.Assert.failNotEquals(Assert.java:743)
    at org.junit.Assert.assertEquals(Assert.java:118)
    at org.junit.Assert.assertEquals(Assert.java:555)
    at org.junit.Assert.assertEquals(Assert.java:542)
    at java_testcases.junit.SHORTEST_PATH_LENGTH_Test.test1(SHORTEST_PATH_LENGTH_Test.java:51)
~ test2(java_testcases.junit.SHORTEST_PATH_LENGTH_Test)
[expected:<7> but was:<-2147483639>]
java.lang.AssertionError: expected:<7> but was:<-2147483639>    at org.junit.Assert.fail(Assert.java:88)
    at org.junit.Assert.failNotEquals(Assert.java:743)
    at org.junit.Assert.assertEquals(Assert.java:118)
    at org.junit.Assert.assertEquals(Assert.java:555)
    at org.junit.Assert.assertEquals(Assert.java:542)
    at java_testcases.junit.SHORTEST_PATH_LENGTH_Test.test2(SHORTEST_PATH_LENGTH_Test.java:60)
~ test1(java_testcases.junit.SHORTEST_PATH_LENGTH_Test)
[expected:<4> but was:<-2147483648>]
java.lang.AssertionError: expected:<4> but was:<-2147483648>    at org.junit.Assert.fail(Assert.java:88)
    at org.junit.Assert.failNotEquals(Assert.java:743)
    at org.junit.Assert.assertEquals(Assert.java:118)
    at org.junit.Assert.assertEquals(Assert.java:555)
    at org.junit.Assert.assertEquals(Assert.java:542)
    at java_testcases.junit.SHORTEST_PATH_LENGTH_Test.test1(SHORTEST_PATH_LENGTH_Test.java:51)
~ test2(java_testcases.junit.SHORTEST_PATH_LENGTH_Test)
[expected:<7> but was:<-2147483639>]
java.lang.AssertionError: expected:<7> but was:<-2147483639>    at org.junit.Assert.fail(Assert.java:88)
    at org.junit.Assert.failNotEquals(Assert.java:743)
    at org.junit.Assert.assertEquals(Assert.java:118)
    at org.junit.Assert.assertEquals(Assert.java:555)
    at org.junit.Assert.assertEquals(Assert.java:542)
    at java_testcases.junit.SHORTEST_PATH_LENGTH_Test.test2(SHORTEST_PATH_LENGTH_Test.java:60)

12:05:12.183 [pool-2-thread-1] DEBUG fr.inria.lille.repair.nopol.NoPol - statement #28
12:05:12.184 [pool-2-thread-1] DEBUG fr.inria.lille.repair.nopol.NoPol - Analysing SourceLocation java_programs.SHORTEST_PATH_LENGTH:14 which is executed by 4 tests
-1734541556
12:05:12.219 [pool-2-thread-1] DEBUG fr.inria.lille.repair.nopol.NoPol - statement #29
12:05:12.219 [pool-2-thread-1] DEBUG fr.inria.lille.repair.nopol.NoPol - Analysing SourceLocation java_programs.SHORTEST_PATH_LENGTH:13 which is executed by 4 tests
-1734541556
12:05:12.254 [pool-2-thread-1] DEBUG fr.inria.lille.repair.nopol.NoPol - statement #30
12:05:12.255 [pool-2-thread-1] DEBUG fr.inria.lille.repair.nopol.NoPol - Analysing SourceLocation java_programs.SHORTEST_PATH_LENGTH:11 which is executed by 4 tests
-1734541556
12:05:12.291 [pool-2-thread-1] INFO  fr.inria.lille.repair.nopol.NoPol - ----INFORMATION----
12:05:12.298 [pool-2-thread-1] INFO  fr.inria.lille.repair.nopol.NoPol - Nb classes : 3
12:05:12.298 [pool-2-thread-1] INFO  fr.inria.lille.repair.nopol.NoPol - Nb methods : 10
12:05:12.298 [pool-2-thread-1] INFO  fr.inria.lille.repair.nopol.NoPol - Nb Statements Analyzed : 19
12:05:12.298 [pool-2-thread-1] INFO  fr.inria.lille.repair.nopol.NoPol - Nb Statements with Angelic Value Found : 0
12:05:12.298 [pool-2-thread-1] INFO  fr.inria.lille.repair.nopol.NoPol - NoPol Execution time : 102403ms
12:05:12.298 [pool-2-thread-1] INFO  fr.inria.lille.repair.nopol.NoPol - 
NO_ANGELIC_VALUE
Command exited with non-zero status 255
363.30user 3.54system 1:43.36elapsed 354%CPU (0avgtext+0avgdata 4022596maxresident)k
45544inputs+5856outputs (3major+1077652minor)pagefaults 0swaps


Node: grisou-34.nancy.grid5000.fr



Date: Sun Dec  2 12:05:12 EST 2018

