cd /tmp/DynaMoth_Defects4J_Chart_1;
export JAVA_TOOL_OPTIONS="-Dfile.encoding=UTF8 -Duser.language=en-US -Duser.country=US -Duser.language=en";
TZ="America/New_York"; export TZ;
export PATH="/usr/lib/jvm/java-1.8.0-openjdk-amd64/bin/:$PATH";
export JAVA_HOME="/usr/lib/jvm/java-1.8.0-openjdk-amd64/bin/";
time java -d64 -Xmx4g -Xms1g -XX:MaxPermSize=1024m -XX:+UseConcMarkSweepGC -XX:+CMSClassUnloadingEnabled -XX:+CMSClassUnloadingEnabled -cp /home/tdurieux/defects4j4repair/script/../repair_tools/nopol.jar:/usr/lib/jvm/java-1.8.0-openjdk-amd64/bin//../lib/tools.jar fr.inria.lille.repair.Main \
	--mode repair \
	--type pre_then_cond \
	--oracle angelic \
	--synthesis dynamoth \
	--flocal gzoltar \
	--json \
	--solver z3 \
	--solver-path /home/tdurieux/defects4j4repair/script/../libs/z3/build/z3 \
	--complianceLevel 4 \
	--source source/ \
	--classpath "build/:build-tests/:/tmp/DynaMoth_Defects4J_Chart_1/build/:/tmp/DynaMoth_Defects4J_Chart_1/build-tests/:/tmp/DynaMoth_Defects4J_Chart_1/lib/iText-2.1.4.jar:/tmp/DynaMoth_Defects4J_Chart_1/lib/junit.jar:/tmp/DynaMoth_Defects4J_Chart_1/lib/servlet.jar:/home/tdurieux/defects4j4repair/script/../benchmarks/defects4j/framework/projects/lib/junit-4.11.jar:/home/tdurieux/defects4j4repair/script/../repair_tools/nopol.jar";
	echo "\n\nNode: `hostname`\n";
	echo "\n\nDate: `date`\n";
Picked up JAVA_TOOL_OPTIONS: -Dfile.encoding=UTF8 -Duser.language=en-US -Duser.country=US -Duser.language=en
OpenJDK 64-Bit Server VM warning: ignoring option MaxPermSize=1024m; support was removed in 8.0
16:20:46.224 [main] INFO  fr.inria.lille.repair.nopol.NoPol - Source files: [source]
16:20:46.231 [main] INFO  fr.inria.lille.repair.nopol.NoPol - Classpath: [file:/tmp/DynaMoth_Defects4J_Chart_1/build/, file:/tmp/DynaMoth_Defects4J_Chart_1/build-tests/, file:/tmp/DynaMoth_Defects4J_Chart_1/build/, file:/tmp/DynaMoth_Defects4J_Chart_1/build-tests/, file:/tmp/DynaMoth_Defects4J_Chart_1/lib/iText-2.1.4.jar, file:/tmp/DynaMoth_Defects4J_Chart_1/lib/junit.jar, file:/tmp/DynaMoth_Defects4J_Chart_1/lib/servlet.jar, file:/home/tdurieux/defects4j4repair/script/../benchmarks/defects4j/framework/projects/lib/junit-4.11.jar, file:/home/tdurieux/defects4j4repair/script/../repair_tools/nopol.jar]
16:20:46.232 [main] INFO  fr.inria.lille.repair.nopol.NoPol - Statement type: PRE_THEN_COND
16:20:46.232 [main] INFO  fr.inria.lille.repair.nopol.NoPol - Args: [org.jfree.chart.annotations.junit.AnnotationsPackageTests, org.jfree.chart.annotations.junit.AnnotationsPackageTests, org.jfree.chart.annotations.junit.CategoryLineAnnotationTests, org.jfree.chart.annotations.junit.CategoryLineAnnotationTests, org.jfree.chart.annotations.junit.CategoryPointerAnnotationTests, org.jfree.chart.annotations.junit.CategoryPointerAnnotationTests, org.jfree.chart.annotations.junit.CategoryTextAnnotationTests, org.jfree.chart.annotations.junit.CategoryTextAnnotationTests, org.jfree.chart.annotations.junit.TextAnnotationTests, org.jfree.chart.annotations.junit.TextAnnotationTests, org.jfree.chart.annotations.junit.XYBoxAnnotationTests, org.jfree.chart.annotations.junit.XYBoxAnnotationTests, org.jfree.chart.annotations.junit.XYDrawableAnnotationTests, org.jfree.chart.annotations.junit.XYDrawableAnnotationTests, org.jfree.chart.annotations.junit.XYImageAnnotationTests, org.jfree.chart.annotations.junit.XYImageAnnotationTests, org.jfree.chart.annotations.junit.XYLineAnnotationTests, org.jfree.chart.annotations.junit.XYLineAnnotationTests, org.jfree.chart.annotations.junit.XYPointerAnnotationTests, org.jfree.chart.annotations.junit.XYPointerAnnotationTests, org.jfree.chart.annotations.junit.XYPolygonAnnotationTests, org.jfree.chart.annotations.junit.XYPolygonAnnotationTests, org.jfree.chart.annotations.junit.XYShapeAnnotationTests, org.jfree.chart.annotations.junit.XYShapeAnnotationTests, org.jfree.chart.annotations.junit.XYTextAnnotationTests, org.jfree.chart.annotations.junit.XYTextAnnotationTests, org.jfree.chart.annotations.junit.XYTitleAnnotationTests, org.jfree.chart.annotations.junit.XYTitleAnnotationTests, org.jfree.chart.axis.junit.AxisLocationTests, org.jfree.chart.axis.junit.AxisLocationTests, org.jfree.chart.axis.junit.AxisPackageTests, org.jfree.chart.axis.junit.AxisPackageTests, org.jfree.chart.axis.junit.AxisSpaceTests, org.jfree.chart.axis.junit.AxisSpaceTests, org.jfree.chart.axis.junit.AxisTests, org.jfree.chart.axis.junit.AxisTests, org.jfree.chart.axis.junit.CategoryAnchorTests, org.jfree.chart.axis.junit.CategoryAnchorTests, org.jfree.chart.axis.junit.CategoryAxis3DTests, org.jfree.chart.axis.junit.CategoryAxis3DTests, org.jfree.chart.axis.junit.CategoryAxisTests, org.jfree.chart.axis.junit.CategoryAxisTests, org.jfree.chart.axis.junit.CategoryLabelPositionTests, org.jfree.chart.axis.junit.CategoryLabelPositionTests, org.jfree.chart.axis.junit.CategoryLabelPositionsTests, org.jfree.chart.axis.junit.CategoryLabelPositionsTests, org.jfree.chart.axis.junit.CategoryLabelWidthTypeTests, org.jfree.chart.axis.junit.CategoryLabelWidthTypeTests, org.jfree.chart.axis.junit.CategoryTickTests, org.jfree.chart.axis.junit.CategoryTickTests, org.jfree.chart.axis.junit.CyclicNumberAxisTests, org.jfree.chart.axis.junit.CyclicNumberAxisTests, org.jfree.chart.axis.junit.DateAxisTests, org.jfree.chart.axis.junit.DateAxisTests, org.jfree.chart.axis.junit.DateTickMarkPositionTests, org.jfree.chart.axis.junit.DateTickMarkPositionTests, org.jfree.chart.axis.junit.DateTickTests, org.jfree.chart.axis.junit.DateTickTests, org.jfree.chart.axis.junit.DateTickUnitTests, org.jfree.chart.axis.junit.DateTickUnitTests, org.jfree.chart.axis.junit.ExtendedCategoryAxisTests, org.jfree.chart.axis.junit.ExtendedCategoryAxisTests, org.jfree.chart.axis.junit.LogAxisTests, org.jfree.chart.axis.junit.LogAxisTests, org.jfree.chart.axis.junit.LogarithmicAxisTests, org.jfree.chart.axis.junit.LogarithmicAxisTests, org.jfree.chart.axis.junit.MarkerAxisBandTests, org.jfree.chart.axis.junit.MarkerAxisBandTests, org.jfree.chart.axis.junit.ModuloAxisTests, org.jfree.chart.axis.junit.ModuloAxisTests, org.jfree.chart.axis.junit.MonthDateFormatTests, org.jfree.chart.axis.junit.MonthDateFormatTests, org.jfree.chart.axis.junit.NumberAxis3DTests, org.jfree.chart.axis.junit.NumberAxis3DTests, org.jfree.chart.axis.junit.NumberAxisTests, org.jfree.chart.axis.junit.NumberAxisTests, org.jfree.chart.axis.junit.NumberTickUnitTests, org.jfree.chart.axis.junit.NumberTickUnitTests, org.jfree.chart.axis.junit.PeriodAxisLabelInfoTests, org.jfree.chart.axis.junit.PeriodAxisLabelInfoTests, org.jfree.chart.axis.junit.PeriodAxisTests, org.jfree.chart.axis.junit.PeriodAxisTests, org.jfree.chart.axis.junit.QuarterDateFormatTests, org.jfree.chart.axis.junit.QuarterDateFormatTests, org.jfree.chart.axis.junit.SegmentedTimelineTests, org.jfree.chart.axis.junit.SegmentedTimelineTests, org.jfree.chart.axis.junit.SegmentedTimelineTests2, org.jfree.chart.axis.junit.SegmentedTimelineTests2, org.jfree.chart.axis.junit.StandardTickUnitSourceTests, org.jfree.chart.axis.junit.StandardTickUnitSourceTests, org.jfree.chart.axis.junit.SubCategoryAxisTests, org.jfree.chart.axis.junit.SubCategoryAxisTests, org.jfree.chart.axis.junit.SymbolAxisTests, org.jfree.chart.axis.junit.SymbolAxisTests, org.jfree.chart.axis.junit.TickUnitsTests, org.jfree.chart.axis.junit.TickUnitsTests, org.jfree.chart.axis.junit.ValueAxisTests, org.jfree.chart.axis.junit.ValueAxisTests, org.jfree.chart.block.junit.AbstractBlockTests, org.jfree.chart.block.junit.AbstractBlockTests, org.jfree.chart.block.junit.BlockBorderTests, org.jfree.chart.block.junit.BlockBorderTests, org.jfree.chart.block.junit.BlockContainerTests, org.jfree.chart.block.junit.BlockContainerTests, org.jfree.chart.block.junit.BlockPackageTests, org.jfree.chart.block.junit.BlockPackageTests, org.jfree.chart.block.junit.BorderArrangementTests, org.jfree.chart.block.junit.BorderArrangementTests, org.jfree.chart.block.junit.ColorBlockTests, org.jfree.chart.block.junit.ColorBlockTests, org.jfree.chart.block.junit.ColumnArrangementTests, org.jfree.chart.block.junit.ColumnArrangementTests, org.jfree.chart.block.junit.EmptyBlockTests, org.jfree.chart.block.junit.EmptyBlockTests, org.jfree.chart.block.junit.FlowArrangementTests, org.jfree.chart.block.junit.FlowArrangementTests, org.jfree.chart.block.junit.GridArrangementTests, org.jfree.chart.block.junit.GridArrangementTests, org.jfree.chart.block.junit.LabelBlockTests, org.jfree.chart.block.junit.LabelBlockTests, org.jfree.chart.block.junit.LineBorderTests, org.jfree.chart.block.junit.LineBorderTests, org.jfree.chart.block.junit.RectangleConstraintTests, org.jfree.chart.block.junit.RectangleConstraintTests, org.jfree.chart.entity.junit.CategoryItemEntityTests, org.jfree.chart.entity.junit.CategoryItemEntityTests, org.jfree.chart.entity.junit.CategoryLabelEntityTests, org.jfree.chart.entity.junit.CategoryLabelEntityTests, org.jfree.chart.entity.junit.EntityPackageTests, org.jfree.chart.entity.junit.EntityPackageTests, org.jfree.chart.entity.junit.LegendItemEntityTests, org.jfree.chart.entity.junit.LegendItemEntityTests, org.jfree.chart.entity.junit.PieSectionEntityTests, org.jfree.chart.entity.junit.PieSectionEntityTests, org.jfree.chart.entity.junit.StandardEntityCollectionTests, org.jfree.chart.entity.junit.StandardEntityCollectionTests, org.jfree.chart.entity.junit.TickLabelEntityTests, org.jfree.chart.entity.junit.TickLabelEntityTests, org.jfree.chart.entity.junit.XYItemEntityTests, org.jfree.chart.entity.junit.XYItemEntityTests, org.jfree.chart.imagemap.junit.DynamicDriveToolTipTagFragmentGeneratorTests, org.jfree.chart.imagemap.junit.DynamicDriveToolTipTagFragmentGeneratorTests, org.jfree.chart.imagemap.junit.ImageMapPackageTests, org.jfree.chart.imagemap.junit.ImageMapPackageTests, org.jfree.chart.imagemap.junit.ImageMapUtilitiesTests, org.jfree.chart.imagemap.junit.ImageMapUtilitiesTests, org.jfree.chart.imagemap.junit.OverLIBToolTipTagFragmentGeneratorTests, org.jfree.chart.imagemap.junit.OverLIBToolTipTagFragmentGeneratorTests, org.jfree.chart.imagemap.junit.StandardToolTipTagFragmentGeneratorTests, org.jfree.chart.imagemap.junit.StandardToolTipTagFragmentGeneratorTests, org.jfree.chart.imagemap.junit.StandardURLTagFragmentGeneratorTests, org.jfree.chart.imagemap.junit.StandardURLTagFragmentGeneratorTests, org.jfree.chart.junit.AreaChartTests, org.jfree.chart.junit.AreaChartTests, org.jfree.chart.junit.BarChart3DTests, org.jfree.chart.junit.BarChart3DTests, org.jfree.chart.junit.BarChartTests, org.jfree.chart.junit.BarChartTests, org.jfree.chart.junit.ChartPackageTests, org.jfree.chart.junit.ChartPackageTests, org.jfree.chart.junit.ChartPanelTests, org.jfree.chart.junit.ChartPanelTests, org.jfree.chart.junit.ChartRenderingInfoTests, org.jfree.chart.junit.ChartRenderingInfoTests, org.jfree.chart.junit.GanttChartTests, org.jfree.chart.junit.GanttChartTests, org.jfree.chart.junit.JFreeChartTests, org.jfree.chart.junit.JFreeChartTests, org.jfree.chart.junit.LegendItemCollectionTests, org.jfree.chart.junit.LegendItemCollectionTests, org.jfree.chart.junit.LegendItemTests, org.jfree.chart.junit.LegendItemTests, org.jfree.chart.junit.LineChart3DTests, org.jfree.chart.junit.LineChart3DTests, org.jfree.chart.junit.LineChartTests, org.jfree.chart.junit.LineChartTests, org.jfree.chart.junit.MeterChartTests, org.jfree.chart.junit.MeterChartTests, org.jfree.chart.junit.PieChart3DTests, org.jfree.chart.junit.PieChart3DTests, org.jfree.chart.junit.PieChartTests, org.jfree.chart.junit.PieChartTests, org.jfree.chart.junit.ScatterPlotTests, org.jfree.chart.junit.ScatterPlotTests, org.jfree.chart.junit.StackedAreaChartTests, org.jfree.chart.junit.StackedAreaChartTests, org.jfree.chart.junit.StackedBarChart3DTests, org.jfree.chart.junit.StackedBarChart3DTests, org.jfree.chart.junit.StackedBarChartTests, org.jfree.chart.junit.StackedBarChartTests, org.jfree.chart.junit.StandardChartThemeTests, org.jfree.chart.junit.StandardChartThemeTests, org.jfree.chart.junit.TimeSeriesChartTests, org.jfree.chart.junit.TimeSeriesChartTests, org.jfree.chart.junit.WaterfallChartTests, org.jfree.chart.junit.WaterfallChartTests, org.jfree.chart.junit.XYAreaChartTests, org.jfree.chart.junit.XYAreaChartTests, org.jfree.chart.junit.XYBarChartTests, org.jfree.chart.junit.XYBarChartTests, org.jfree.chart.junit.XYLineChartTests, org.jfree.chart.junit.XYLineChartTests, org.jfree.chart.junit.XYStepAreaChartTests, org.jfree.chart.junit.XYStepAreaChartTests, org.jfree.chart.junit.XYStepChartTests, org.jfree.chart.junit.XYStepChartTests, org.jfree.chart.labels.junit.BoxAndWhiskerToolTipGeneratorTests, org.jfree.chart.labels.junit.BoxAndWhiskerToolTipGeneratorTests, org.jfree.chart.labels.junit.BoxAndWhiskerXYToolTipGeneratorTests, org.jfree.chart.labels.junit.BoxAndWhiskerXYToolTipGeneratorTests, org.jfree.chart.labels.junit.BubbleXYItemLabelGeneratorTests, org.jfree.chart.labels.junit.BubbleXYItemLabelGeneratorTests, org.jfree.chart.labels.junit.CustomXYItemLabelGeneratorTests, org.jfree.chart.labels.junit.CustomXYItemLabelGeneratorTests, org.jfree.chart.labels.junit.HighLowItemLabelGeneratorTests, org.jfree.chart.labels.junit.HighLowItemLabelGeneratorTests, org.jfree.chart.labels.junit.IntervalCategoryItemLabelGeneratorTests, org.jfree.chart.labels.junit.IntervalCategoryItemLabelGeneratorTests, org.jfree.chart.labels.junit.IntervalCategoryToolTipGeneratorTests, org.jfree.chart.labels.junit.IntervalCategoryToolTipGeneratorTests, org.jfree.chart.labels.junit.ItemLabelAnchorTests, org.jfree.chart.labels.junit.ItemLabelAnchorTests, org.jfree.chart.labels.junit.ItemLabelPositionTests, org.jfree.chart.labels.junit.ItemLabelPositionTests, org.jfree.chart.labels.junit.LabelsPackageTests, org.jfree.chart.labels.junit.LabelsPackageTests, org.jfree.chart.labels.junit.MultipleXYSeriesLabelGeneratorTests, org.jfree.chart.labels.junit.MultipleXYSeriesLabelGeneratorTests, org.jfree.chart.labels.junit.StandardCategoryItemLabelGeneratorTests, org.jfree.chart.labels.junit.StandardCategoryItemLabelGeneratorTests, org.jfree.chart.labels.junit.StandardCategorySeriesLabelGeneratorTests, org.jfree.chart.labels.junit.StandardCategorySeriesLabelGeneratorTests, org.jfree.chart.labels.junit.StandardCategoryToolTipGeneratorTests, org.jfree.chart.labels.junit.StandardCategoryToolTipGeneratorTests, org.jfree.chart.labels.junit.StandardPieSectionLabelGeneratorTests, org.jfree.chart.labels.junit.StandardPieSectionLabelGeneratorTests, org.jfree.chart.labels.junit.StandardPieToolTipGeneratorTests, org.jfree.chart.labels.junit.StandardPieToolTipGeneratorTests, org.jfree.chart.labels.junit.StandardXYItemLabelGeneratorTests, org.jfree.chart.labels.junit.StandardXYItemLabelGeneratorTests, org.jfree.chart.labels.junit.StandardXYSeriesLabelGeneratorTests, org.jfree.chart.labels.junit.StandardXYSeriesLabelGeneratorTests, org.jfree.chart.labels.junit.StandardXYToolTipGeneratorTests, org.jfree.chart.labels.junit.StandardXYToolTipGeneratorTests, org.jfree.chart.labels.junit.StandardXYZToolTipGeneratorTests, org.jfree.chart.labels.junit.StandardXYZToolTipGeneratorTests, org.jfree.chart.labels.junit.SymbolicXYItemLabelGeneratorTests, org.jfree.chart.labels.junit.SymbolicXYItemLabelGeneratorTests, org.jfree.chart.needle.junit.ArrowNeedleTests, org.jfree.chart.needle.junit.ArrowNeedleTests, org.jfree.chart.needle.junit.LineNeedleTests, org.jfree.chart.needle.junit.LineNeedleTests, org.jfree.chart.needle.junit.LongNeedleTests, org.jfree.chart.needle.junit.LongNeedleTests, org.jfree.chart.needle.junit.MeterNeedleTests, org.jfree.chart.needle.junit.MeterNeedleTests, org.jfree.chart.needle.junit.MiddlePinNeedleTests, org.jfree.chart.needle.junit.MiddlePinNeedleTests, org.jfree.chart.needle.junit.NeedlePackageTests, org.jfree.chart.needle.junit.NeedlePackageTests, org.jfree.chart.needle.junit.PinNeedleTests, org.jfree.chart.needle.junit.PinNeedleTests, org.jfree.chart.needle.junit.PlumNeedleTests, org.jfree.chart.needle.junit.PlumNeedleTests, org.jfree.chart.needle.junit.PointerNeedleTests, org.jfree.chart.needle.junit.PointerNeedleTests, org.jfree.chart.needle.junit.ShipNeedleTests, org.jfree.chart.needle.junit.ShipNeedleTests, org.jfree.chart.needle.junit.WindNeedleTests, org.jfree.chart.needle.junit.WindNeedleTests, org.jfree.chart.plot.dial.junit.AbstractDialLayerTests, org.jfree.chart.plot.dial.junit.AbstractDialLayerTests, org.jfree.chart.plot.dial.junit.ArcDialFrameTests, org.jfree.chart.plot.dial.junit.ArcDialFrameTests, org.jfree.chart.plot.dial.junit.DialBackgroundTests, org.jfree.chart.plot.dial.junit.DialBackgroundTests, org.jfree.chart.plot.dial.junit.DialCapTests, org.jfree.chart.plot.dial.junit.DialCapTests, org.jfree.chart.plot.dial.junit.DialPackageTests, org.jfree.chart.plot.dial.junit.DialPackageTests, org.jfree.chart.plot.dial.junit.DialPlotTests, org.jfree.chart.plot.dial.junit.DialPlotTests, org.jfree.chart.plot.dial.junit.DialPointerTests, org.jfree.chart.plot.dial.junit.DialPointerTests, org.jfree.chart.plot.dial.junit.DialTextAnnotationTests, org.jfree.chart.plot.dial.junit.DialTextAnnotationTests, org.jfree.chart.plot.dial.junit.DialValueIndicatorTests, org.jfree.chart.plot.dial.junit.DialValueIndicatorTests, org.jfree.chart.plot.dial.junit.StandardDialFrameTests, org.jfree.chart.plot.dial.junit.StandardDialFrameTests, org.jfree.chart.plot.dial.junit.StandardDialRangeTests, org.jfree.chart.plot.dial.junit.StandardDialRangeTests, org.jfree.chart.plot.dial.junit.StandardDialScaleTests, org.jfree.chart.plot.dial.junit.StandardDialScaleTests, org.jfree.chart.plot.junit.CategoryMarkerTests, org.jfree.chart.plot.junit.CategoryMarkerTests, org.jfree.chart.plot.junit.CategoryPlotTests, org.jfree.chart.plot.junit.CategoryPlotTests, org.jfree.chart.plot.junit.CombinedDomainCategoryPlotTests, org.jfree.chart.plot.junit.CombinedDomainCategoryPlotTests, org.jfree.chart.plot.junit.CombinedDomainXYPlotTests, org.jfree.chart.plot.junit.CombinedDomainXYPlotTests, org.jfree.chart.plot.junit.CombinedRangeCategoryPlotTests, org.jfree.chart.plot.junit.CombinedRangeCategoryPlotTests, org.jfree.chart.plot.junit.CombinedRangeXYPlotTests, org.jfree.chart.plot.junit.CombinedRangeXYPlotTests, org.jfree.chart.plot.junit.CompassPlotTests, org.jfree.chart.plot.junit.CompassPlotTests, org.jfree.chart.plot.junit.DefaultDrawingSupplierTests, org.jfree.chart.plot.junit.DefaultDrawingSupplierTests, org.jfree.chart.plot.junit.FastScatterPlotTests, org.jfree.chart.plot.junit.FastScatterPlotTests, org.jfree.chart.plot.junit.IntervalMarkerTests, org.jfree.chart.plot.junit.IntervalMarkerTests, org.jfree.chart.plot.junit.MarkerTests, org.jfree.chart.plot.junit.MarkerTests, org.jfree.chart.plot.junit.MeterIntervalTests, org.jfree.chart.plot.junit.MeterIntervalTests, org.jfree.chart.plot.junit.MeterPlotTests, org.jfree.chart.plot.junit.MeterPlotTests, org.jfree.chart.plot.junit.MultiplePiePlotTests, org.jfree.chart.plot.junit.MultiplePiePlotTests, org.jfree.chart.plot.junit.PieLabelRecordTests, org.jfree.chart.plot.junit.PieLabelRecordTests, org.jfree.chart.plot.junit.PiePlot3DTests, org.jfree.chart.plot.junit.PiePlot3DTests, org.jfree.chart.plot.junit.PiePlotTests, org.jfree.chart.plot.junit.PiePlotTests, org.jfree.chart.plot.junit.PlotOrientationTests, org.jfree.chart.plot.junit.PlotOrientationTests, org.jfree.chart.plot.junit.PlotPackageTests, org.jfree.chart.plot.junit.PlotPackageTests, org.jfree.chart.plot.junit.PlotRenderingInfoTests, org.jfree.chart.plot.junit.PlotRenderingInfoTests, org.jfree.chart.plot.junit.PlotTests, org.jfree.chart.plot.junit.PlotTests, org.jfree.chart.plot.junit.PolarPlotTests, org.jfree.chart.plot.junit.PolarPlotTests, org.jfree.chart.plot.junit.RingPlotTests, org.jfree.chart.plot.junit.RingPlotTests, org.jfree.chart.plot.junit.SpiderWebPlotTests, org.jfree.chart.plot.junit.SpiderWebPlotTests, org.jfree.chart.plot.junit.ThermometerPlotTests, org.jfree.chart.plot.junit.ThermometerPlotTests, org.jfree.chart.plot.junit.ValueMarkerTests, org.jfree.chart.plot.junit.ValueMarkerTests, org.jfree.chart.plot.junit.XYPlotTests, org.jfree.chart.plot.junit.XYPlotTests, org.jfree.chart.renderer.category.junit.AbstractCategoryItemRendererTests, org.jfree.chart.renderer.category.junit.AbstractCategoryItemRendererTests, org.jfree.chart.renderer.category.junit.AreaRendererTests, org.jfree.chart.renderer.category.junit.AreaRendererTests, org.jfree.chart.renderer.category.junit.BarRenderer3DTests, org.jfree.chart.renderer.category.junit.BarRenderer3DTests, org.jfree.chart.renderer.category.junit.BarRendererTests, org.jfree.chart.renderer.category.junit.BarRendererTests, org.jfree.chart.renderer.category.junit.BoxAndWhiskerRendererTests, org.jfree.chart.renderer.category.junit.BoxAndWhiskerRendererTests, org.jfree.chart.renderer.category.junit.CategoryStepRendererTests, org.jfree.chart.renderer.category.junit.CategoryStepRendererTests, org.jfree.chart.renderer.category.junit.DefaultCategoryItemRendererTests, org.jfree.chart.renderer.category.junit.DefaultCategoryItemRendererTests, org.jfree.chart.renderer.category.junit.GanttRendererTests, org.jfree.chart.renderer.category.junit.GanttRendererTests, org.jfree.chart.renderer.category.junit.GradientBarPainterTests, org.jfree.chart.renderer.category.junit.GradientBarPainterTests, org.jfree.chart.renderer.category.junit.GroupedStackedBarRendererTests, org.jfree.chart.renderer.category.junit.GroupedStackedBarRendererTests, org.jfree.chart.renderer.category.junit.IntervalBarRendererTests, org.jfree.chart.renderer.category.junit.IntervalBarRendererTests, org.jfree.chart.renderer.category.junit.LayeredBarRendererTests, org.jfree.chart.renderer.category.junit.LayeredBarRendererTests, org.jfree.chart.renderer.category.junit.LevelRendererTests, org.jfree.chart.renderer.category.junit.LevelRendererTests, org.jfree.chart.renderer.category.junit.LineAndShapeRendererTests, org.jfree.chart.renderer.category.junit.LineAndShapeRendererTests, org.jfree.chart.renderer.category.junit.LineRenderer3DTests, org.jfree.chart.renderer.category.junit.LineRenderer3DTests, org.jfree.chart.renderer.category.junit.MinMaxCategoryRendererTests, org.jfree.chart.renderer.category.junit.MinMaxCategoryRendererTests, org.jfree.chart.renderer.category.junit.RendererCategoryPackageTests, org.jfree.chart.renderer.category.junit.RendererCategoryPackageTests, org.jfree.chart.renderer.category.junit.ScatterRendererTests, org.jfree.chart.renderer.category.junit.ScatterRendererTests, org.jfree.chart.renderer.category.junit.StackedAreaRendererTests, org.jfree.chart.renderer.category.junit.StackedAreaRendererTests, org.jfree.chart.renderer.category.junit.StackedBarRenderer3DTests, org.jfree.chart.renderer.category.junit.StackedBarRenderer3DTests, org.jfree.chart.renderer.category.junit.StackedBarRendererTests, org.jfree.chart.renderer.category.junit.StackedBarRendererTests, org.jfree.chart.renderer.category.junit.StandardBarPainterTests, org.jfree.chart.renderer.category.junit.StandardBarPainterTests, org.jfree.chart.renderer.category.junit.StatisticalBarRendererTests, org.jfree.chart.renderer.category.junit.StatisticalBarRendererTests, org.jfree.chart.renderer.category.junit.StatisticalLineAndShapeRendererTests, org.jfree.chart.renderer.category.junit.StatisticalLineAndShapeRendererTests, org.jfree.chart.renderer.category.junit.WaterfallBarRendererTests, org.jfree.chart.renderer.category.junit.WaterfallBarRendererTests, org.jfree.chart.renderer.junit.AbstractRendererTests, org.jfree.chart.renderer.junit.AbstractRendererTests, org.jfree.chart.renderer.junit.AreaRendererEndTypeTests, org.jfree.chart.renderer.junit.AreaRendererEndTypeTests, org.jfree.chart.renderer.junit.DefaultPolarItemRendererTests, org.jfree.chart.renderer.junit.DefaultPolarItemRendererTests, org.jfree.chart.renderer.junit.GrayPaintScaleTests, org.jfree.chart.renderer.junit.GrayPaintScaleTests, org.jfree.chart.renderer.junit.LookupPaintScaleTests, org.jfree.chart.renderer.junit.LookupPaintScaleTests, org.jfree.chart.renderer.junit.OutlierTests, org.jfree.chart.renderer.junit.OutlierTests, org.jfree.chart.renderer.junit.RendererPackageTests, org.jfree.chart.renderer.junit.RendererPackageTests, org.jfree.chart.renderer.junit.RendererUtilitiesTests, org.jfree.chart.renderer.junit.RendererUtilitiesTests, org.jfree.chart.renderer.xy.junit.AbstractXYItemRendererTests, org.jfree.chart.renderer.xy.junit.AbstractXYItemRendererTests, org.jfree.chart.renderer.xy.junit.CandlestickRendererTests, org.jfree.chart.renderer.xy.junit.CandlestickRendererTests, org.jfree.chart.renderer.xy.junit.ClusteredXYBarRendererTests, org.jfree.chart.renderer.xy.junit.ClusteredXYBarRendererTests, org.jfree.chart.renderer.xy.junit.DeviationRendererTests, org.jfree.chart.renderer.xy.junit.DeviationRendererTests, org.jfree.chart.renderer.xy.junit.GradientXYBarPainterTests, org.jfree.chart.renderer.xy.junit.GradientXYBarPainterTests, org.jfree.chart.renderer.xy.junit.HighLowRendererTests, org.jfree.chart.renderer.xy.junit.HighLowRendererTests, org.jfree.chart.renderer.xy.junit.RendererXYPackageTests, org.jfree.chart.renderer.xy.junit.RendererXYPackageTests, org.jfree.chart.renderer.xy.junit.StackedXYAreaRenderer2Tests, org.jfree.chart.renderer.xy.junit.StackedXYAreaRenderer2Tests, org.jfree.chart.renderer.xy.junit.StackedXYAreaRendererTests, org.jfree.chart.renderer.xy.junit.StackedXYAreaRendererTests, org.jfree.chart.renderer.xy.junit.StackedXYBarRendererTests, org.jfree.chart.renderer.xy.junit.StackedXYBarRendererTests, org.jfree.chart.renderer.xy.junit.StandardXYBarPainterTests, org.jfree.chart.renderer.xy.junit.StandardXYBarPainterTests, org.jfree.chart.renderer.xy.junit.StandardXYItemRendererTests, org.jfree.chart.renderer.xy.junit.StandardXYItemRendererTests, org.jfree.chart.renderer.xy.junit.VectorRendererTests, org.jfree.chart.renderer.xy.junit.VectorRendererTests, org.jfree.chart.renderer.xy.junit.WindItemRendererTests, org.jfree.chart.renderer.xy.junit.WindItemRendererTests, org.jfree.chart.renderer.xy.junit.XYAreaRenderer2Tests, org.jfree.chart.renderer.xy.junit.XYAreaRenderer2Tests, org.jfree.chart.renderer.xy.junit.XYAreaRendererTests, org.jfree.chart.renderer.xy.junit.XYAreaRendererTests, org.jfree.chart.renderer.xy.junit.XYBarRendererTests, org.jfree.chart.renderer.xy.junit.XYBarRendererTests, org.jfree.chart.renderer.xy.junit.XYBlockRendererTests, org.jfree.chart.renderer.xy.junit.XYBlockRendererTests, org.jfree.chart.renderer.xy.junit.XYBoxAndWhiskerRendererTests, org.jfree.chart.renderer.xy.junit.XYBoxAndWhiskerRendererTests, org.jfree.chart.renderer.xy.junit.XYBubbleRendererTests, org.jfree.chart.renderer.xy.junit.XYBubbleRendererTests, org.jfree.chart.renderer.xy.junit.XYDifferenceRendererTests, org.jfree.chart.renderer.xy.junit.XYDifferenceRendererTests, org.jfree.chart.renderer.xy.junit.XYDotRendererTests, org.jfree.chart.renderer.xy.junit.XYDotRendererTests, org.jfree.chart.renderer.xy.junit.XYErrorRendererTests, org.jfree.chart.renderer.xy.junit.XYErrorRendererTests, org.jfree.chart.renderer.xy.junit.XYLine3DRendererTests, org.jfree.chart.renderer.xy.junit.XYLine3DRendererTests, org.jfree.chart.renderer.xy.junit.XYLineAndShapeRendererTests, org.jfree.chart.renderer.xy.junit.XYLineAndShapeRendererTests, org.jfree.chart.renderer.xy.junit.XYShapeRendererTests, org.jfree.chart.renderer.xy.junit.XYShapeRendererTests, org.jfree.chart.renderer.xy.junit.XYSplineRendererTests, org.jfree.chart.renderer.xy.junit.XYSplineRendererTests, org.jfree.chart.renderer.xy.junit.XYStepAreaRendererTests, org.jfree.chart.renderer.xy.junit.XYStepAreaRendererTests, org.jfree.chart.renderer.xy.junit.XYStepRendererTests, org.jfree.chart.renderer.xy.junit.XYStepRendererTests, org.jfree.chart.renderer.xy.junit.YIntervalRendererTests, org.jfree.chart.renderer.xy.junit.YIntervalRendererTests, org.jfree.chart.title.junit.CompositeTitleTests, org.jfree.chart.title.junit.CompositeTitleTests, org.jfree.chart.title.junit.DateTitleTests, org.jfree.chart.title.junit.DateTitleTests, org.jfree.chart.title.junit.ImageTitleTests, org.jfree.chart.title.junit.ImageTitleTests, org.jfree.chart.title.junit.LegendGraphicTests, org.jfree.chart.title.junit.LegendGraphicTests, org.jfree.chart.title.junit.LegendTitleTests, org.jfree.chart.title.junit.LegendTitleTests, org.jfree.chart.title.junit.PaintScaleLegendTests, org.jfree.chart.title.junit.PaintScaleLegendTests, org.jfree.chart.title.junit.ShortTextTitleTests, org.jfree.chart.title.junit.ShortTextTitleTests, org.jfree.chart.title.junit.TextTitleTests, org.jfree.chart.title.junit.TextTitleTests, org.jfree.chart.title.junit.TitlePackageTests, org.jfree.chart.title.junit.TitlePackageTests, org.jfree.chart.title.junit.TitleTests, org.jfree.chart.title.junit.TitleTests, org.jfree.chart.urls.junit.CustomCategoryURLGeneratorTests, org.jfree.chart.urls.junit.CustomCategoryURLGeneratorTests, org.jfree.chart.urls.junit.CustomPieURLGeneratorTests, org.jfree.chart.urls.junit.CustomPieURLGeneratorTests, org.jfree.chart.urls.junit.CustomXYURLGeneratorTests, org.jfree.chart.urls.junit.CustomXYURLGeneratorTests, org.jfree.chart.urls.junit.StandardCategoryURLGeneratorTests, org.jfree.chart.urls.junit.StandardCategoryURLGeneratorTests, org.jfree.chart.urls.junit.StandardPieURLGeneratorTests, org.jfree.chart.urls.junit.StandardPieURLGeneratorTests, org.jfree.chart.urls.junit.StandardXYURLGeneratorTests, org.jfree.chart.urls.junit.StandardXYURLGeneratorTests, org.jfree.chart.urls.junit.TimeSeriesURLGeneratorTests, org.jfree.chart.urls.junit.TimeSeriesURLGeneratorTests, org.jfree.chart.urls.junit.UrlsPackageTests, org.jfree.chart.urls.junit.UrlsPackageTests, org.jfree.chart.util.junit.BooleanListTests, org.jfree.chart.util.junit.BooleanListTests, org.jfree.chart.util.junit.HashUtilitiesTests, org.jfree.chart.util.junit.HashUtilitiesTests, org.jfree.chart.util.junit.LineUtilitiesTests, org.jfree.chart.util.junit.LineUtilitiesTests, org.jfree.chart.util.junit.LogFormatTests, org.jfree.chart.util.junit.LogFormatTests, org.jfree.chart.util.junit.PaintListTests, org.jfree.chart.util.junit.PaintListTests, org.jfree.chart.util.junit.PaintMapTests, org.jfree.chart.util.junit.PaintMapTests, org.jfree.chart.util.junit.RelativeDateFormatTests, org.jfree.chart.util.junit.RelativeDateFormatTests, org.jfree.chart.util.junit.SerialUtilitiesTests, org.jfree.chart.util.junit.SerialUtilitiesTests, org.jfree.chart.util.junit.ShapeListTests, org.jfree.chart.util.junit.ShapeListTests, org.jfree.chart.util.junit.ShapeUtilitiesTests, org.jfree.chart.util.junit.ShapeUtilitiesTests, org.jfree.chart.util.junit.StrokeListTests, org.jfree.chart.util.junit.StrokeListTests, org.jfree.chart.util.junit.StrokeMapTests, org.jfree.chart.util.junit.StrokeMapTests, org.jfree.chart.util.junit.UtilPackageTests, org.jfree.chart.util.junit.UtilPackageTests, org.jfree.data.category.junit.CategoryToPieDatasetTests, org.jfree.data.category.junit.CategoryToPieDatasetTests, org.jfree.data.category.junit.DataCategoryPackageTests, org.jfree.data.category.junit.DataCategoryPackageTests, org.jfree.data.category.junit.DefaultCategoryDatasetTests, org.jfree.data.category.junit.DefaultCategoryDatasetTests, org.jfree.data.category.junit.DefaultIntervalCategoryDatasetTests, org.jfree.data.category.junit.DefaultIntervalCategoryDatasetTests, org.jfree.data.category.junit.SlidingCategoryDatasetTests, org.jfree.data.category.junit.SlidingCategoryDatasetTests, org.jfree.data.function.junit.DataFunctionPackageTests, org.jfree.data.function.junit.DataFunctionPackageTests, org.jfree.data.function.junit.LineFunction2DTests, org.jfree.data.function.junit.LineFunction2DTests, org.jfree.data.function.junit.NormalDistributionFunction2DTests, org.jfree.data.function.junit.NormalDistributionFunction2DTests, org.jfree.data.function.junit.PolynomialFunction2DTests, org.jfree.data.function.junit.PolynomialFunction2DTests, org.jfree.data.function.junit.PowerFunction2DTests, org.jfree.data.function.junit.PowerFunction2DTests, org.jfree.data.gantt.junit.DataGanttPackageTests, org.jfree.data.gantt.junit.DataGanttPackageTests, org.jfree.data.gantt.junit.SlidingGanttCategoryDatasetTests, org.jfree.data.gantt.junit.SlidingGanttCategoryDatasetTests, org.jfree.data.gantt.junit.TaskSeriesCollectionTests, org.jfree.data.gantt.junit.TaskSeriesCollectionTests, org.jfree.data.gantt.junit.TaskSeriesTests, org.jfree.data.gantt.junit.TaskSeriesTests, org.jfree.data.gantt.junit.TaskTests, org.jfree.data.gantt.junit.TaskTests, org.jfree.data.gantt.junit.XYTaskDatasetTests, org.jfree.data.gantt.junit.XYTaskDatasetTests, org.jfree.data.general.junit.DataGeneralPackageTests, org.jfree.data.general.junit.DataGeneralPackageTests, org.jfree.data.general.junit.DatasetGroupTests, org.jfree.data.general.junit.DatasetGroupTests, org.jfree.data.general.junit.DatasetUtilitiesTests, org.jfree.data.general.junit.DatasetUtilitiesTests, org.jfree.data.general.junit.DefaultHeatMapDatasetTests, org.jfree.data.general.junit.DefaultHeatMapDatasetTests, org.jfree.data.general.junit.DefaultKeyedValueDatasetTests, org.jfree.data.general.junit.DefaultKeyedValueDatasetTests, org.jfree.data.general.junit.DefaultKeyedValues2DDatasetTests, org.jfree.data.general.junit.DefaultKeyedValues2DDatasetTests, org.jfree.data.general.junit.DefaultKeyedValuesDatasetTests, org.jfree.data.general.junit.DefaultKeyedValuesDatasetTests, org.jfree.data.general.junit.DefaultPieDatasetTests, org.jfree.data.general.junit.DefaultPieDatasetTests, org.jfree.data.junit.ComparableObjectItemTests, org.jfree.data.junit.ComparableObjectItemTests, org.jfree.data.junit.ComparableObjectSeriesTests, org.jfree.data.junit.ComparableObjectSeriesTests, org.jfree.data.junit.DataPackageTests, org.jfree.data.junit.DataPackageTests, org.jfree.data.junit.DataUtilitiesTests, org.jfree.data.junit.DataUtilitiesTests, org.jfree.data.junit.DefaultKeyedValueTests, org.jfree.data.junit.DefaultKeyedValueTests, org.jfree.data.junit.DefaultKeyedValues2DTests, org.jfree.data.junit.DefaultKeyedValues2DTests, org.jfree.data.junit.DefaultKeyedValuesTests, org.jfree.data.junit.DefaultKeyedValuesTests, org.jfree.data.junit.DomainOrderTests, org.jfree.data.junit.DomainOrderTests, org.jfree.data.junit.KeyToGroupMapTests, org.jfree.data.junit.KeyToGroupMapTests, org.jfree.data.junit.KeyedObjectTests, org.jfree.data.junit.KeyedObjectTests, org.jfree.data.junit.KeyedObjects2DTests, org.jfree.data.junit.KeyedObjects2DTests, org.jfree.data.junit.KeyedObjectsTests, org.jfree.data.junit.KeyedObjectsTests, org.jfree.data.junit.RangeTests, org.jfree.data.junit.RangeTests, org.jfree.data.junit.RangeTypeTests, org.jfree.data.junit.RangeTypeTests, org.jfree.data.statistics.junit.BoxAndWhiskerCalculatorTests, org.jfree.data.statistics.junit.BoxAndWhiskerCalculatorTests, org.jfree.data.statistics.junit.BoxAndWhiskerItemTests, org.jfree.data.statistics.junit.BoxAndWhiskerItemTests, org.jfree.data.statistics.junit.DataStatisticsPackageTests, org.jfree.data.statistics.junit.DataStatisticsPackageTests, org.jfree.data.statistics.junit.DefaultBoxAndWhiskerCategoryDatasetTests, org.jfree.data.statistics.junit.DefaultBoxAndWhiskerCategoryDatasetTests, org.jfree.data.statistics.junit.DefaultBoxAndWhiskerXYDatasetTests, org.jfree.data.statistics.junit.DefaultBoxAndWhiskerXYDatasetTests, org.jfree.data.statistics.junit.DefaultMultiValueCategoryDatasetTests, org.jfree.data.statistics.junit.DefaultMultiValueCategoryDatasetTests, org.jfree.data.statistics.junit.DefaultStatisticalCategoryDatasetTests, org.jfree.data.statistics.junit.DefaultStatisticalCategoryDatasetTests, org.jfree.data.statistics.junit.HistogramBinTests, org.jfree.data.statistics.junit.HistogramBinTests, org.jfree.data.statistics.junit.HistogramDatasetTests, org.jfree.data.statistics.junit.HistogramDatasetTests, org.jfree.data.statistics.junit.MeanAndStandardDeviationTests, org.jfree.data.statistics.junit.MeanAndStandardDeviationTests, org.jfree.data.statistics.junit.RegressionTests, org.jfree.data.statistics.junit.RegressionTests, org.jfree.data.statistics.junit.SimpleHistogramBinTests, org.jfree.data.statistics.junit.SimpleHistogramBinTests, org.jfree.data.statistics.junit.SimpleHistogramDatasetTests, org.jfree.data.statistics.junit.SimpleHistogramDatasetTests, org.jfree.data.statistics.junit.StatisticsTests, org.jfree.data.statistics.junit.StatisticsTests, org.jfree.data.time.junit.DataTimePackageTests, org.jfree.data.time.junit.DataTimePackageTests, org.jfree.data.time.junit.DateRangeTests, org.jfree.data.time.junit.DateRangeTests, org.jfree.data.time.junit.DayTests, org.jfree.data.time.junit.DayTests, org.jfree.data.time.junit.FixedMillisecondTests, org.jfree.data.time.junit.FixedMillisecondTests, org.jfree.data.time.junit.HourTests, org.jfree.data.time.junit.HourTests, org.jfree.data.time.junit.MillisecondTests, org.jfree.data.time.junit.MillisecondTests, org.jfree.data.time.junit.MinuteTests, org.jfree.data.time.junit.MinuteTests, org.jfree.data.time.junit.MonthTests, org.jfree.data.time.junit.MonthTests, org.jfree.data.time.junit.MovingAverageTests, org.jfree.data.time.junit.MovingAverageTests, org.jfree.data.time.junit.QuarterTests, org.jfree.data.time.junit.QuarterTests, org.jfree.data.time.junit.SecondTests, org.jfree.data.time.junit.SecondTests, org.jfree.data.time.junit.SimpleTimePeriodTests, org.jfree.data.time.junit.SimpleTimePeriodTests, org.jfree.data.time.junit.TimePeriodAnchorTests, org.jfree.data.time.junit.TimePeriodAnchorTests, org.jfree.data.time.junit.TimePeriodValueTests, org.jfree.data.time.junit.TimePeriodValueTests, org.jfree.data.time.junit.TimePeriodValuesCollectionTests, org.jfree.data.time.junit.TimePeriodValuesCollectionTests, org.jfree.data.time.junit.TimePeriodValuesTests, org.jfree.data.time.junit.TimePeriodValuesTests, org.jfree.data.time.junit.TimeSeriesCollectionTests, org.jfree.data.time.junit.TimeSeriesCollectionTests, org.jfree.data.time.junit.TimeSeriesDataItemTests, org.jfree.data.time.junit.TimeSeriesDataItemTests, org.jfree.data.time.junit.TimeSeriesTests, org.jfree.data.time.junit.TimeSeriesTests, org.jfree.data.time.junit.TimeTableXYDatasetTests, org.jfree.data.time.junit.TimeTableXYDatasetTests, org.jfree.data.time.junit.WeekTests, org.jfree.data.time.junit.WeekTests, org.jfree.data.time.junit.YearTests, org.jfree.data.time.junit.YearTests, org.jfree.data.time.ohlc.junit.OHLCItemTests, org.jfree.data.time.ohlc.junit.OHLCItemTests, org.jfree.data.time.ohlc.junit.OHLCPackageTests, org.jfree.data.time.ohlc.junit.OHLCPackageTests, org.jfree.data.time.ohlc.junit.OHLCSeriesCollectionTests, org.jfree.data.time.ohlc.junit.OHLCSeriesCollectionTests, org.jfree.data.time.ohlc.junit.OHLCSeriesTests, org.jfree.data.time.ohlc.junit.OHLCSeriesTests, org.jfree.data.time.ohlc.junit.OHLCTests, org.jfree.data.time.ohlc.junit.OHLCTests, org.jfree.data.xy.junit.CategoryTableXYDatasetTests, org.jfree.data.xy.junit.CategoryTableXYDatasetTests, org.jfree.data.xy.junit.DataXYPackageTests, org.jfree.data.xy.junit.DataXYPackageTests, org.jfree.data.xy.junit.DefaultHighLowDatasetTests, org.jfree.data.xy.junit.DefaultHighLowDatasetTests, org.jfree.data.xy.junit.DefaultIntervalXYDatasetTests, org.jfree.data.xy.junit.DefaultIntervalXYDatasetTests, org.jfree.data.xy.junit.DefaultOHLCDatasetTests, org.jfree.data.xy.junit.DefaultOHLCDatasetTests, org.jfree.data.xy.junit.DefaultTableXYDatasetTests, org.jfree.data.xy.junit.DefaultTableXYDatasetTests, org.jfree.data.xy.junit.DefaultWindDatasetTests, org.jfree.data.xy.junit.DefaultWindDatasetTests, org.jfree.data.xy.junit.DefaultXYDatasetTests, org.jfree.data.xy.junit.DefaultXYDatasetTests, org.jfree.data.xy.junit.DefaultXYZDatasetTests, org.jfree.data.xy.junit.DefaultXYZDatasetTests, org.jfree.data.xy.junit.IntervalXYDelegateTests, org.jfree.data.xy.junit.IntervalXYDelegateTests, org.jfree.data.xy.junit.MatrixSeriesCollectionTests, org.jfree.data.xy.junit.MatrixSeriesCollectionTests, org.jfree.data.xy.junit.MatrixSeriesTests, org.jfree.data.xy.junit.MatrixSeriesTests, org.jfree.data.xy.junit.OHLCDataItemTests, org.jfree.data.xy.junit.OHLCDataItemTests, org.jfree.data.xy.junit.TableXYDatasetTests, org.jfree.data.xy.junit.TableXYDatasetTests, org.jfree.data.xy.junit.VectorDataItemTests, org.jfree.data.xy.junit.VectorDataItemTests, org.jfree.data.xy.junit.VectorSeriesCollectionTests, org.jfree.data.xy.junit.VectorSeriesCollectionTests, org.jfree.data.xy.junit.VectorSeriesTests, org.jfree.data.xy.junit.VectorSeriesTests, org.jfree.data.xy.junit.VectorTests, org.jfree.data.xy.junit.VectorTests, org.jfree.data.xy.junit.XIntervalDataItemTests, org.jfree.data.xy.junit.XIntervalDataItemTests, org.jfree.data.xy.junit.XIntervalSeriesCollectionTests, org.jfree.data.xy.junit.XIntervalSeriesCollectionTests, org.jfree.data.xy.junit.XIntervalSeriesTests, org.jfree.data.xy.junit.XIntervalSeriesTests, org.jfree.data.xy.junit.XYBarDatasetTests, org.jfree.data.xy.junit.XYBarDatasetTests, org.jfree.data.xy.junit.XYCoordinateTests, org.jfree.data.xy.junit.XYCoordinateTests, org.jfree.data.xy.junit.XYDataItemTests, org.jfree.data.xy.junit.XYDataItemTests, org.jfree.data.xy.junit.XYIntervalDataItemTests, org.jfree.data.xy.junit.XYIntervalDataItemTests, org.jfree.data.xy.junit.XYIntervalSeriesCollectionTests, org.jfree.data.xy.junit.XYIntervalSeriesCollectionTests, org.jfree.data.xy.junit.XYIntervalSeriesTests, org.jfree.data.xy.junit.XYIntervalSeriesTests, org.jfree.data.xy.junit.XYIntervalTests, org.jfree.data.xy.junit.XYIntervalTests, org.jfree.data.xy.junit.XYSeriesCollectionTests, org.jfree.data.xy.junit.XYSeriesCollectionTests, org.jfree.data.xy.junit.XYSeriesTests, org.jfree.data.xy.junit.XYSeriesTests, org.jfree.data.xy.junit.YIntervalDataItemTests, org.jfree.data.xy.junit.YIntervalDataItemTests, org.jfree.data.xy.junit.YIntervalSeriesCollectionTests, org.jfree.data.xy.junit.YIntervalSeriesCollectionTests, org.jfree.data.xy.junit.YIntervalSeriesTests, org.jfree.data.xy.junit.YIntervalSeriesTests, org.jfree.data.xy.junit.YIntervalTests, org.jfree.data.xy.junit.YIntervalTests, org.jfree.data.xy.junit.YWithXIntervalTests, org.jfree.data.xy.junit.YWithXIntervalTests]
16:20:46.234 [main] INFO  fr.inria.lille.repair.nopol.NoPol - Config: Config{synthesisDepth=3, collectStaticMethods=true, collectStaticFields=false, collectLiterals=false, onlyOneSynthesisResult=true, sortExpressions=true, maxLineInvocationPerTest=250, timeoutMethodInvocation=2000, dataCollectionTimeoutInSecondForSynthesis=900, addWeight=0.19478, subWeight=0.04554, mulWeight=0.0102, divWeight=0.00613, andWeight=0.10597, orWeight=0.05708, eqWeight=0.22798, nEqWeight=0.0, lessEqWeight=0.0255, lessWeight=0.0947, methodCallWeight=0.1, fieldAccessWeight=0.08099, constantWeight=0.14232, variableWeight=0.05195, mode=REPAIR, type=PRE_THEN_COND, synthesis=DYNAMOTH, oracle=ANGELIC, solver=Z3, solverPath='/home/tdurieux/defects4j4repair/script/../libs/z3/build/z3', projectSources=[source], projectClasspath='[Ljava.net.URL;@2ff4f00f', projectTests=[org.jfree.chart.annotations.junit.AnnotationsPackageTests, org.jfree.chart.annotations.junit.AnnotationsPackageTests, org.jfree.chart.annotations.junit.CategoryLineAnnotationTests, org.jfree.chart.annotations.junit.CategoryLineAnnotationTests, org.jfree.chart.annotations.junit.CategoryPointerAnnotationTests, org.jfree.chart.annotations.junit.CategoryPointerAnnotationTests, org.jfree.chart.annotations.junit.CategoryTextAnnotationTests, org.jfree.chart.annotations.junit.CategoryTextAnnotationTests, org.jfree.chart.annotations.junit.TextAnnotationTests, org.jfree.chart.annotations.junit.TextAnnotationTests, org.jfree.chart.annotations.junit.XYBoxAnnotationTests, org.jfree.chart.annotations.junit.XYBoxAnnotationTests, org.jfree.chart.annotations.junit.XYDrawableAnnotationTests, org.jfree.chart.annotations.junit.XYDrawableAnnotationTests, org.jfree.chart.annotations.junit.XYImageAnnotationTests, org.jfree.chart.annotations.junit.XYImageAnnotationTests, org.jfree.chart.annotations.junit.XYLineAnnotationTests, org.jfree.chart.annotations.junit.XYLineAnnotationTests, org.jfree.chart.annotations.junit.XYPointerAnnotationTests, org.jfree.chart.annotations.junit.XYPointerAnnotationTests, org.jfree.chart.annotations.junit.XYPolygonAnnotationTests, org.jfree.chart.annotations.junit.XYPolygonAnnotationTests, org.jfree.chart.annotations.junit.XYShapeAnnotationTests, org.jfree.chart.annotations.junit.XYShapeAnnotationTests, org.jfree.chart.annotations.junit.XYTextAnnotationTests, org.jfree.chart.annotations.junit.XYTextAnnotationTests, org.jfree.chart.annotations.junit.XYTitleAnnotationTests, org.jfree.chart.annotations.junit.XYTitleAnnotationTests, org.jfree.chart.axis.junit.AxisLocationTests, org.jfree.chart.axis.junit.AxisLocationTests, org.jfree.chart.axis.junit.AxisPackageTests, org.jfree.chart.axis.junit.AxisPackageTests, org.jfree.chart.axis.junit.AxisSpaceTests, org.jfree.chart.axis.junit.AxisSpaceTests, org.jfree.chart.axis.junit.AxisTests, org.jfree.chart.axis.junit.AxisTests, org.jfree.chart.axis.junit.CategoryAnchorTests, org.jfree.chart.axis.junit.CategoryAnchorTests, org.jfree.chart.axis.junit.CategoryAxis3DTests, org.jfree.chart.axis.junit.CategoryAxis3DTests, org.jfree.chart.axis.junit.CategoryAxisTests, org.jfree.chart.axis.junit.CategoryAxisTests, org.jfree.chart.axis.junit.CategoryLabelPositionTests, org.jfree.chart.axis.junit.CategoryLabelPositionTests, org.jfree.chart.axis.junit.CategoryLabelPositionsTests, org.jfree.chart.axis.junit.CategoryLabelPositionsTests, org.jfree.chart.axis.junit.CategoryLabelWidthTypeTests, org.jfree.chart.axis.junit.CategoryLabelWidthTypeTests, org.jfree.chart.axis.junit.CategoryTickTests, org.jfree.chart.axis.junit.CategoryTickTests, org.jfree.chart.axis.junit.CyclicNumberAxisTests, org.jfree.chart.axis.junit.CyclicNumberAxisTests, org.jfree.chart.axis.junit.DateAxisTests, org.jfree.chart.axis.junit.DateAxisTests, org.jfree.chart.axis.junit.DateTickMarkPositionTests, org.jfree.chart.axis.junit.DateTickMarkPositionTests, org.jfree.chart.axis.junit.DateTickTests, org.jfree.chart.axis.junit.DateTickTests, org.jfree.chart.axis.junit.DateTickUnitTests, org.jfree.chart.axis.junit.DateTickUnitTests, org.jfree.chart.axis.junit.ExtendedCategoryAxisTests, org.jfree.chart.axis.junit.ExtendedCategoryAxisTests, org.jfree.chart.axis.junit.LogAxisTests, org.jfree.chart.axis.junit.LogAxisTests, org.jfree.chart.axis.junit.LogarithmicAxisTests, org.jfree.chart.axis.junit.LogarithmicAxisTests, org.jfree.chart.axis.junit.MarkerAxisBandTests, org.jfree.chart.axis.junit.MarkerAxisBandTests, org.jfree.chart.axis.junit.ModuloAxisTests, org.jfree.chart.axis.junit.ModuloAxisTests, org.jfree.chart.axis.junit.MonthDateFormatTests, org.jfree.chart.axis.junit.MonthDateFormatTests, org.jfree.chart.axis.junit.NumberAxis3DTests, org.jfree.chart.axis.junit.NumberAxis3DTests, org.jfree.chart.axis.junit.NumberAxisTests, org.jfree.chart.axis.junit.NumberAxisTests, org.jfree.chart.axis.junit.NumberTickUnitTests, org.jfree.chart.axis.junit.NumberTickUnitTests, org.jfree.chart.axis.junit.PeriodAxisLabelInfoTests, org.jfree.chart.axis.junit.PeriodAxisLabelInfoTests, org.jfree.chart.axis.junit.PeriodAxisTests, org.jfree.chart.axis.junit.PeriodAxisTests, org.jfree.chart.axis.junit.QuarterDateFormatTests, org.jfree.chart.axis.junit.QuarterDateFormatTests, org.jfree.chart.axis.junit.SegmentedTimelineTests, org.jfree.chart.axis.junit.SegmentedTimelineTests, org.jfree.chart.axis.junit.SegmentedTimelineTests2, org.jfree.chart.axis.junit.SegmentedTimelineTests2, org.jfree.chart.axis.junit.StandardTickUnitSourceTests, org.jfree.chart.axis.junit.StandardTickUnitSourceTests, org.jfree.chart.axis.junit.SubCategoryAxisTests, org.jfree.chart.axis.junit.SubCategoryAxisTests, org.jfree.chart.axis.junit.SymbolAxisTests, org.jfree.chart.axis.junit.SymbolAxisTests, org.jfree.chart.axis.junit.TickUnitsTests, org.jfree.chart.axis.junit.TickUnitsTests, org.jfree.chart.axis.junit.ValueAxisTests, org.jfree.chart.axis.junit.ValueAxisTests, org.jfree.chart.block.junit.AbstractBlockTests, org.jfree.chart.block.junit.AbstractBlockTests, org.jfree.chart.block.junit.BlockBorderTests, org.jfree.chart.block.junit.BlockBorderTests, org.jfree.chart.block.junit.BlockContainerTests, org.jfree.chart.block.junit.BlockContainerTests, org.jfree.chart.block.junit.BlockPackageTests, org.jfree.chart.block.junit.BlockPackageTests, org.jfree.chart.block.junit.BorderArrangementTests, org.jfree.chart.block.junit.BorderArrangementTests, org.jfree.chart.block.junit.ColorBlockTests, org.jfree.chart.block.junit.ColorBlockTests, org.jfree.chart.block.junit.ColumnArrangementTests, org.jfree.chart.block.junit.ColumnArrangementTests, org.jfree.chart.block.junit.EmptyBlockTests, org.jfree.chart.block.junit.EmptyBlockTests, org.jfree.chart.block.junit.FlowArrangementTests, org.jfree.chart.block.junit.FlowArrangementTests, org.jfree.chart.block.junit.GridArrangementTests, org.jfree.chart.block.junit.GridArrangementTests, org.jfree.chart.block.junit.LabelBlockTests, org.jfree.chart.block.junit.LabelBlockTests, org.jfree.chart.block.junit.LineBorderTests, org.jfree.chart.block.junit.LineBorderTests, org.jfree.chart.block.junit.RectangleConstraintTests, org.jfree.chart.block.junit.RectangleConstraintTests, org.jfree.chart.entity.junit.CategoryItemEntityTests, org.jfree.chart.entity.junit.CategoryItemEntityTests, org.jfree.chart.entity.junit.CategoryLabelEntityTests, org.jfree.chart.entity.junit.CategoryLabelEntityTests, org.jfree.chart.entity.junit.EntityPackageTests, org.jfree.chart.entity.junit.EntityPackageTests, org.jfree.chart.entity.junit.LegendItemEntityTests, org.jfree.chart.entity.junit.LegendItemEntityTests, org.jfree.chart.entity.junit.PieSectionEntityTests, org.jfree.chart.entity.junit.PieSectionEntityTests, org.jfree.chart.entity.junit.StandardEntityCollectionTests, org.jfree.chart.entity.junit.StandardEntityCollectionTests, org.jfree.chart.entity.junit.TickLabelEntityTests, org.jfree.chart.entity.junit.TickLabelEntityTests, org.jfree.chart.entity.junit.XYItemEntityTests, org.jfree.chart.entity.junit.XYItemEntityTests, org.jfree.chart.imagemap.junit.DynamicDriveToolTipTagFragmentGeneratorTests, org.jfree.chart.imagemap.junit.DynamicDriveToolTipTagFragmentGeneratorTests, org.jfree.chart.imagemap.junit.ImageMapPackageTests, org.jfree.chart.imagemap.junit.ImageMapPackageTests, org.jfree.chart.imagemap.junit.ImageMapUtilitiesTests, org.jfree.chart.imagemap.junit.ImageMapUtilitiesTests, org.jfree.chart.imagemap.junit.OverLIBToolTipTagFragmentGeneratorTests, org.jfree.chart.imagemap.junit.OverLIBToolTipTagFragmentGeneratorTests, org.jfree.chart.imagemap.junit.StandardToolTipTagFragmentGeneratorTests, org.jfree.chart.imagemap.junit.StandardToolTipTagFragmentGeneratorTests, org.jfree.chart.imagemap.junit.StandardURLTagFragmentGeneratorTests, org.jfree.chart.imagemap.junit.StandardURLTagFragmentGeneratorTests, org.jfree.chart.junit.AreaChartTests, org.jfree.chart.junit.AreaChartTests, org.jfree.chart.junit.BarChart3DTests, org.jfree.chart.junit.BarChart3DTests, org.jfree.chart.junit.BarChartTests, org.jfree.chart.junit.BarChartTests, org.jfree.chart.junit.ChartPackageTests, org.jfree.chart.junit.ChartPackageTests, org.jfree.chart.junit.ChartPanelTests, org.jfree.chart.junit.ChartPanelTests, org.jfree.chart.junit.ChartRenderingInfoTests, org.jfree.chart.junit.ChartRenderingInfoTests, org.jfree.chart.junit.GanttChartTests, org.jfree.chart.junit.GanttChartTests, org.jfree.chart.junit.JFreeChartTests, org.jfree.chart.junit.JFreeChartTests, org.jfree.chart.junit.LegendItemCollectionTests, org.jfree.chart.junit.LegendItemCollectionTests, org.jfree.chart.junit.LegendItemTests, org.jfree.chart.junit.LegendItemTests, org.jfree.chart.junit.LineChart3DTests, org.jfree.chart.junit.LineChart3DTests, org.jfree.chart.junit.LineChartTests, org.jfree.chart.junit.LineChartTests, org.jfree.chart.junit.MeterChartTests, org.jfree.chart.junit.MeterChartTests, org.jfree.chart.junit.PieChart3DTests, org.jfree.chart.junit.PieChart3DTests, org.jfree.chart.junit.PieChartTests, org.jfree.chart.junit.PieChartTests, org.jfree.chart.junit.ScatterPlotTests, org.jfree.chart.junit.ScatterPlotTests, org.jfree.chart.junit.StackedAreaChartTests, org.jfree.chart.junit.StackedAreaChartTests, org.jfree.chart.junit.StackedBarChart3DTests, org.jfree.chart.junit.StackedBarChart3DTests, org.jfree.chart.junit.StackedBarChartTests, org.jfree.chart.junit.StackedBarChartTests, org.jfree.chart.junit.StandardChartThemeTests, org.jfree.chart.junit.StandardChartThemeTests, org.jfree.chart.junit.TimeSeriesChartTests, org.jfree.chart.junit.TimeSeriesChartTests, org.jfree.chart.junit.WaterfallChartTests, org.jfree.chart.junit.WaterfallChartTests, org.jfree.chart.junit.XYAreaChartTests, org.jfree.chart.junit.XYAreaChartTests, org.jfree.chart.junit.XYBarChartTests, org.jfree.chart.junit.XYBarChartTests, org.jfree.chart.junit.XYLineChartTests, org.jfree.chart.junit.XYLineChartTests, org.jfree.chart.junit.XYStepAreaChartTests, org.jfree.chart.junit.XYStepAreaChartTests, org.jfree.chart.junit.XYStepChartTests, org.jfree.chart.junit.XYStepChartTests, org.jfree.chart.labels.junit.BoxAndWhiskerToolTipGeneratorTests, org.jfree.chart.labels.junit.BoxAndWhiskerToolTipGeneratorTests, org.jfree.chart.labels.junit.BoxAndWhiskerXYToolTipGeneratorTests, org.jfree.chart.labels.junit.BoxAndWhiskerXYToolTipGeneratorTests, org.jfree.chart.labels.junit.BubbleXYItemLabelGeneratorTests, org.jfree.chart.labels.junit.BubbleXYItemLabelGeneratorTests, org.jfree.chart.labels.junit.CustomXYItemLabelGeneratorTests, org.jfree.chart.labels.junit.CustomXYItemLabelGeneratorTests, org.jfree.chart.labels.junit.HighLowItemLabelGeneratorTests, org.jfree.chart.labels.junit.HighLowItemLabelGeneratorTests, org.jfree.chart.labels.junit.IntervalCategoryItemLabelGeneratorTests, org.jfree.chart.labels.junit.IntervalCategoryItemLabelGeneratorTests, org.jfree.chart.labels.junit.IntervalCategoryToolTipGeneratorTests, org.jfree.chart.labels.junit.IntervalCategoryToolTipGeneratorTests, org.jfree.chart.labels.junit.ItemLabelAnchorTests, org.jfree.chart.labels.junit.ItemLabelAnchorTests, org.jfree.chart.labels.junit.ItemLabelPositionTests, org.jfree.chart.labels.junit.ItemLabelPositionTests, org.jfree.chart.labels.junit.LabelsPackageTests, org.jfree.chart.labels.junit.LabelsPackageTests, org.jfree.chart.labels.junit.MultipleXYSeriesLabelGeneratorTests, org.jfree.chart.labels.junit.MultipleXYSeriesLabelGeneratorTests, org.jfree.chart.labels.junit.StandardCategoryItemLabelGeneratorTests, org.jfree.chart.labels.junit.StandardCategoryItemLabelGeneratorTests, org.jfree.chart.labels.junit.StandardCategorySeriesLabelGeneratorTests, org.jfree.chart.labels.junit.StandardCategorySeriesLabelGeneratorTests, org.jfree.chart.labels.junit.StandardCategoryToolTipGeneratorTests, org.jfree.chart.labels.junit.StandardCategoryToolTipGeneratorTests, org.jfree.chart.labels.junit.StandardPieSectionLabelGeneratorTests, org.jfree.chart.labels.junit.StandardPieSectionLabelGeneratorTests, org.jfree.chart.labels.junit.StandardPieToolTipGeneratorTests, org.jfree.chart.labels.junit.StandardPieToolTipGeneratorTests, org.jfree.chart.labels.junit.StandardXYItemLabelGeneratorTests, org.jfree.chart.labels.junit.StandardXYItemLabelGeneratorTests, org.jfree.chart.labels.junit.StandardXYSeriesLabelGeneratorTests, org.jfree.chart.labels.junit.StandardXYSeriesLabelGeneratorTests, org.jfree.chart.labels.junit.StandardXYToolTipGeneratorTests, org.jfree.chart.labels.junit.StandardXYToolTipGeneratorTests, org.jfree.chart.labels.junit.StandardXYZToolTipGeneratorTests, org.jfree.chart.labels.junit.StandardXYZToolTipGeneratorTests, org.jfree.chart.labels.junit.SymbolicXYItemLabelGeneratorTests, org.jfree.chart.labels.junit.SymbolicXYItemLabelGeneratorTests, org.jfree.chart.needle.junit.ArrowNeedleTests, org.jfree.chart.needle.junit.ArrowNeedleTests, org.jfree.chart.needle.junit.LineNeedleTests, org.jfree.chart.needle.junit.LineNeedleTests, org.jfree.chart.needle.junit.LongNeedleTests, org.jfree.chart.needle.junit.LongNeedleTests, org.jfree.chart.needle.junit.MeterNeedleTests, org.jfree.chart.needle.junit.MeterNeedleTests, org.jfree.chart.needle.junit.MiddlePinNeedleTests, org.jfree.chart.needle.junit.MiddlePinNeedleTests, org.jfree.chart.needle.junit.NeedlePackageTests, org.jfree.chart.needle.junit.NeedlePackageTests, org.jfree.chart.needle.junit.PinNeedleTests, org.jfree.chart.needle.junit.PinNeedleTests, org.jfree.chart.needle.junit.PlumNeedleTests, org.jfree.chart.needle.junit.PlumNeedleTests, org.jfree.chart.needle.junit.PointerNeedleTests, org.jfree.chart.needle.junit.PointerNeedleTests, org.jfree.chart.needle.junit.ShipNeedleTests, org.jfree.chart.needle.junit.ShipNeedleTests, org.jfree.chart.needle.junit.WindNeedleTests, org.jfree.chart.needle.junit.WindNeedleTests, org.jfree.chart.plot.dial.junit.AbstractDialLayerTests, org.jfree.chart.plot.dial.junit.AbstractDialLayerTests, org.jfree.chart.plot.dial.junit.ArcDialFrameTests, org.jfree.chart.plot.dial.junit.ArcDialFrameTests, org.jfree.chart.plot.dial.junit.DialBackgroundTests, org.jfree.chart.plot.dial.junit.DialBackgroundTests, org.jfree.chart.plot.dial.junit.DialCapTests, org.jfree.chart.plot.dial.junit.DialCapTests, org.jfree.chart.plot.dial.junit.DialPackageTests, org.jfree.chart.plot.dial.junit.DialPackageTests, org.jfree.chart.plot.dial.junit.DialPlotTests, org.jfree.chart.plot.dial.junit.DialPlotTests, org.jfree.chart.plot.dial.junit.DialPointerTests, org.jfree.chart.plot.dial.junit.DialPointerTests, org.jfree.chart.plot.dial.junit.DialTextAnnotationTests, org.jfree.chart.plot.dial.junit.DialTextAnnotationTests, org.jfree.chart.plot.dial.junit.DialValueIndicatorTests, org.jfree.chart.plot.dial.junit.DialValueIndicatorTests, org.jfree.chart.plot.dial.junit.StandardDialFrameTests, org.jfree.chart.plot.dial.junit.StandardDialFrameTests, org.jfree.chart.plot.dial.junit.StandardDialRangeTests, org.jfree.chart.plot.dial.junit.StandardDialRangeTests, org.jfree.chart.plot.dial.junit.StandardDialScaleTests, org.jfree.chart.plot.dial.junit.StandardDialScaleTests, org.jfree.chart.plot.junit.CategoryMarkerTests, org.jfree.chart.plot.junit.CategoryMarkerTests, org.jfree.chart.plot.junit.CategoryPlotTests, org.jfree.chart.plot.junit.CategoryPlotTests, org.jfree.chart.plot.junit.CombinedDomainCategoryPlotTests, org.jfree.chart.plot.junit.CombinedDomainCategoryPlotTests, org.jfree.chart.plot.junit.CombinedDomainXYPlotTests, org.jfree.chart.plot.junit.CombinedDomainXYPlotTests, org.jfree.chart.plot.junit.CombinedRangeCategoryPlotTests, org.jfree.chart.plot.junit.CombinedRangeCategoryPlotTests, org.jfree.chart.plot.junit.CombinedRangeXYPlotTests, org.jfree.chart.plot.junit.CombinedRangeXYPlotTests, org.jfree.chart.plot.junit.CompassPlotTests, org.jfree.chart.plot.junit.CompassPlotTests, org.jfree.chart.plot.junit.DefaultDrawingSupplierTests, org.jfree.chart.plot.junit.DefaultDrawingSupplierTests, org.jfree.chart.plot.junit.FastScatterPlotTests, org.jfree.chart.plot.junit.FastScatterPlotTests, org.jfree.chart.plot.junit.IntervalMarkerTests, org.jfree.chart.plot.junit.IntervalMarkerTests, org.jfree.chart.plot.junit.MarkerTests, org.jfree.chart.plot.junit.MarkerTests, org.jfree.chart.plot.junit.MeterIntervalTests, org.jfree.chart.plot.junit.MeterIntervalTests, org.jfree.chart.plot.junit.MeterPlotTests, org.jfree.chart.plot.junit.MeterPlotTests, org.jfree.chart.plot.junit.MultiplePiePlotTests, org.jfree.chart.plot.junit.MultiplePiePlotTests, org.jfree.chart.plot.junit.PieLabelRecordTests, org.jfree.chart.plot.junit.PieLabelRecordTests, org.jfree.chart.plot.junit.PiePlot3DTests, org.jfree.chart.plot.junit.PiePlot3DTests, org.jfree.chart.plot.junit.PiePlotTests, org.jfree.chart.plot.junit.PiePlotTests, org.jfree.chart.plot.junit.PlotOrientationTests, org.jfree.chart.plot.junit.PlotOrientationTests, org.jfree.chart.plot.junit.PlotPackageTests, org.jfree.chart.plot.junit.PlotPackageTests, org.jfree.chart.plot.junit.PlotRenderingInfoTests, org.jfree.chart.plot.junit.PlotRenderingInfoTests, org.jfree.chart.plot.junit.PlotTests, org.jfree.chart.plot.junit.PlotTests, org.jfree.chart.plot.junit.PolarPlotTests, org.jfree.chart.plot.junit.PolarPlotTests, org.jfree.chart.plot.junit.RingPlotTests, org.jfree.chart.plot.junit.RingPlotTests, org.jfree.chart.plot.junit.SpiderWebPlotTests, org.jfree.chart.plot.junit.SpiderWebPlotTests, org.jfree.chart.plot.junit.ThermometerPlotTests, org.jfree.chart.plot.junit.ThermometerPlotTests, org.jfree.chart.plot.junit.ValueMarkerTests, org.jfree.chart.plot.junit.ValueMarkerTests, org.jfree.chart.plot.junit.XYPlotTests, org.jfree.chart.plot.junit.XYPlotTests, org.jfree.chart.renderer.category.junit.AbstractCategoryItemRendererTests, org.jfree.chart.renderer.category.junit.AbstractCategoryItemRendererTests, org.jfree.chart.renderer.category.junit.AreaRendererTests, org.jfree.chart.renderer.category.junit.AreaRendererTests, org.jfree.chart.renderer.category.junit.BarRenderer3DTests, org.jfree.chart.renderer.category.junit.BarRenderer3DTests, org.jfree.chart.renderer.category.junit.BarRendererTests, org.jfree.chart.renderer.category.junit.BarRendererTests, org.jfree.chart.renderer.category.junit.BoxAndWhiskerRendererTests, org.jfree.chart.renderer.category.junit.BoxAndWhiskerRendererTests, org.jfree.chart.renderer.category.junit.CategoryStepRendererTests, org.jfree.chart.renderer.category.junit.CategoryStepRendererTests, org.jfree.chart.renderer.category.junit.DefaultCategoryItemRendererTests, org.jfree.chart.renderer.category.junit.DefaultCategoryItemRendererTests, org.jfree.chart.renderer.category.junit.GanttRendererTests, org.jfree.chart.renderer.category.junit.GanttRendererTests, org.jfree.chart.renderer.category.junit.GradientBarPainterTests, org.jfree.chart.renderer.category.junit.GradientBarPainterTests, org.jfree.chart.renderer.category.junit.GroupedStackedBarRendererTests, org.jfree.chart.renderer.category.junit.GroupedStackedBarRendererTests, org.jfree.chart.renderer.category.junit.IntervalBarRendererTests, org.jfree.chart.renderer.category.junit.IntervalBarRendererTests, org.jfree.chart.renderer.category.junit.LayeredBarRendererTests, org.jfree.chart.renderer.category.junit.LayeredBarRendererTests, org.jfree.chart.renderer.category.junit.LevelRendererTests, org.jfree.chart.renderer.category.junit.LevelRendererTests, org.jfree.chart.renderer.category.junit.LineAndShapeRendererTests, org.jfree.chart.renderer.category.junit.LineAndShapeRendererTests, org.jfree.chart.renderer.category.junit.LineRenderer3DTests, org.jfree.chart.renderer.category.junit.LineRenderer3DTests, org.jfree.chart.renderer.category.junit.MinMaxCategoryRendererTests, org.jfree.chart.renderer.category.junit.MinMaxCategoryRendererTests, org.jfree.chart.renderer.category.junit.RendererCategoryPackageTests, org.jfree.chart.renderer.category.junit.RendererCategoryPackageTests, org.jfree.chart.renderer.category.junit.ScatterRendererTests, org.jfree.chart.renderer.category.junit.ScatterRendererTests, org.jfree.chart.renderer.category.junit.StackedAreaRendererTests, org.jfree.chart.renderer.category.junit.StackedAreaRendererTests, org.jfree.chart.renderer.category.junit.StackedBarRenderer3DTests, org.jfree.chart.renderer.category.junit.StackedBarRenderer3DTests, org.jfree.chart.renderer.category.junit.StackedBarRendererTests, org.jfree.chart.renderer.category.junit.StackedBarRendererTests, org.jfree.chart.renderer.category.junit.StandardBarPainterTests, org.jfree.chart.renderer.category.junit.StandardBarPainterTests, org.jfree.chart.renderer.category.junit.StatisticalBarRendererTests, org.jfree.chart.renderer.category.junit.StatisticalBarRendererTests, org.jfree.chart.renderer.category.junit.StatisticalLineAndShapeRendererTests, org.jfree.chart.renderer.category.junit.StatisticalLineAndShapeRendererTests, org.jfree.chart.renderer.category.junit.WaterfallBarRendererTests, org.jfree.chart.renderer.category.junit.WaterfallBarRendererTests, org.jfree.chart.renderer.junit.AbstractRendererTests, org.jfree.chart.renderer.junit.AbstractRendererTests, org.jfree.chart.renderer.junit.AreaRendererEndTypeTests, org.jfree.chart.renderer.junit.AreaRendererEndTypeTests, org.jfree.chart.renderer.junit.DefaultPolarItemRendererTests, org.jfree.chart.renderer.junit.DefaultPolarItemRendererTests, org.jfree.chart.renderer.junit.GrayPaintScaleTests, org.jfree.chart.renderer.junit.GrayPaintScaleTests, org.jfree.chart.renderer.junit.LookupPaintScaleTests, org.jfree.chart.renderer.junit.LookupPaintScaleTests, org.jfree.chart.renderer.junit.OutlierTests, org.jfree.chart.renderer.junit.OutlierTests, org.jfree.chart.renderer.junit.RendererPackageTests, org.jfree.chart.renderer.junit.RendererPackageTests, org.jfree.chart.renderer.junit.RendererUtilitiesTests, org.jfree.chart.renderer.junit.RendererUtilitiesTests, org.jfree.chart.renderer.xy.junit.AbstractXYItemRendererTests, org.jfree.chart.renderer.xy.junit.AbstractXYItemRendererTests, org.jfree.chart.renderer.xy.junit.CandlestickRendererTests, org.jfree.chart.renderer.xy.junit.CandlestickRendererTests, org.jfree.chart.renderer.xy.junit.ClusteredXYBarRendererTests, org.jfree.chart.renderer.xy.junit.ClusteredXYBarRendererTests, org.jfree.chart.renderer.xy.junit.DeviationRendererTests, org.jfree.chart.renderer.xy.junit.DeviationRendererTests, org.jfree.chart.renderer.xy.junit.GradientXYBarPainterTests, org.jfree.chart.renderer.xy.junit.GradientXYBarPainterTests, org.jfree.chart.renderer.xy.junit.HighLowRendererTests, org.jfree.chart.renderer.xy.junit.HighLowRendererTests, org.jfree.chart.renderer.xy.junit.RendererXYPackageTests, org.jfree.chart.renderer.xy.junit.RendererXYPackageTests, org.jfree.chart.renderer.xy.junit.StackedXYAreaRenderer2Tests, org.jfree.chart.renderer.xy.junit.StackedXYAreaRenderer2Tests, org.jfree.chart.renderer.xy.junit.StackedXYAreaRendererTests, org.jfree.chart.renderer.xy.junit.StackedXYAreaRendererTests, org.jfree.chart.renderer.xy.junit.StackedXYBarRendererTests, org.jfree.chart.renderer.xy.junit.StackedXYBarRendererTests, org.jfree.chart.renderer.xy.junit.StandardXYBarPainterTests, org.jfree.chart.renderer.xy.junit.StandardXYBarPainterTests, org.jfree.chart.renderer.xy.junit.StandardXYItemRendererTests, org.jfree.chart.renderer.xy.junit.StandardXYItemRendererTests, org.jfree.chart.renderer.xy.junit.VectorRendererTests, org.jfree.chart.renderer.xy.junit.VectorRendererTests, org.jfree.chart.renderer.xy.junit.WindItemRendererTests, org.jfree.chart.renderer.xy.junit.WindItemRendererTests, org.jfree.chart.renderer.xy.junit.XYAreaRenderer2Tests, org.jfree.chart.renderer.xy.junit.XYAreaRenderer2Tests, org.jfree.chart.renderer.xy.junit.XYAreaRendererTests, org.jfree.chart.renderer.xy.junit.XYAreaRendererTests, org.jfree.chart.renderer.xy.junit.XYBarRendererTests, org.jfree.chart.renderer.xy.junit.XYBarRendererTests, org.jfree.chart.renderer.xy.junit.XYBlockRendererTests, org.jfree.chart.renderer.xy.junit.XYBlockRendererTests, org.jfree.chart.renderer.xy.junit.XYBoxAndWhiskerRendererTests, org.jfree.chart.renderer.xy.junit.XYBoxAndWhiskerRendererTests, org.jfree.chart.renderer.xy.junit.XYBubbleRendererTests, org.jfree.chart.renderer.xy.junit.XYBubbleRendererTests, org.jfree.chart.renderer.xy.junit.XYDifferenceRendererTests, org.jfree.chart.renderer.xy.junit.XYDifferenceRendererTests, org.jfree.chart.renderer.xy.junit.XYDotRendererTests, org.jfree.chart.renderer.xy.junit.XYDotRendererTests, org.jfree.chart.renderer.xy.junit.XYErrorRendererTests, org.jfree.chart.renderer.xy.junit.XYErrorRendererTests, org.jfree.chart.renderer.xy.junit.XYLine3DRendererTests, org.jfree.chart.renderer.xy.junit.XYLine3DRendererTests, org.jfree.chart.renderer.xy.junit.XYLineAndShapeRendererTests, org.jfree.chart.renderer.xy.junit.XYLineAndShapeRendererTests, org.jfree.chart.renderer.xy.junit.XYShapeRendererTests, org.jfree.chart.renderer.xy.junit.XYShapeRendererTests, org.jfree.chart.renderer.xy.junit.XYSplineRendererTests, org.jfree.chart.renderer.xy.junit.XYSplineRendererTests, org.jfree.chart.renderer.xy.junit.XYStepAreaRendererTests, org.jfree.chart.renderer.xy.junit.XYStepAreaRendererTests, org.jfree.chart.renderer.xy.junit.XYStepRendererTests, org.jfree.chart.renderer.xy.junit.XYStepRendererTests, org.jfree.chart.renderer.xy.junit.YIntervalRendererTests, org.jfree.chart.renderer.xy.junit.YIntervalRendererTests, org.jfree.chart.title.junit.CompositeTitleTests, org.jfree.chart.title.junit.CompositeTitleTests, org.jfree.chart.title.junit.DateTitleTests, org.jfree.chart.title.junit.DateTitleTests, org.jfree.chart.title.junit.ImageTitleTests, org.jfree.chart.title.junit.ImageTitleTests, org.jfree.chart.title.junit.LegendGraphicTests, org.jfree.chart.title.junit.LegendGraphicTests, org.jfree.chart.title.junit.LegendTitleTests, org.jfree.chart.title.junit.LegendTitleTests, org.jfree.chart.title.junit.PaintScaleLegendTests, org.jfree.chart.title.junit.PaintScaleLegendTests, org.jfree.chart.title.junit.ShortTextTitleTests, org.jfree.chart.title.junit.ShortTextTitleTests, org.jfree.chart.title.junit.TextTitleTests, org.jfree.chart.title.junit.TextTitleTests, org.jfree.chart.title.junit.TitlePackageTests, org.jfree.chart.title.junit.TitlePackageTests, org.jfree.chart.title.junit.TitleTests, org.jfree.chart.title.junit.TitleTests, org.jfree.chart.urls.junit.CustomCategoryURLGeneratorTests, org.jfree.chart.urls.junit.CustomCategoryURLGeneratorTests, org.jfree.chart.urls.junit.CustomPieURLGeneratorTests, org.jfree.chart.urls.junit.CustomPieURLGeneratorTests, org.jfree.chart.urls.junit.CustomXYURLGeneratorTests, org.jfree.chart.urls.junit.CustomXYURLGeneratorTests, org.jfree.chart.urls.junit.StandardCategoryURLGeneratorTests, org.jfree.chart.urls.junit.StandardCategoryURLGeneratorTests, org.jfree.chart.urls.junit.StandardPieURLGeneratorTests, org.jfree.chart.urls.junit.StandardPieURLGeneratorTests, org.jfree.chart.urls.junit.StandardXYURLGeneratorTests, org.jfree.chart.urls.junit.StandardXYURLGeneratorTests, org.jfree.chart.urls.junit.TimeSeriesURLGeneratorTests, org.jfree.chart.urls.junit.TimeSeriesURLGeneratorTests, org.jfree.chart.urls.junit.UrlsPackageTests, org.jfree.chart.urls.junit.UrlsPackageTests, org.jfree.chart.util.junit.BooleanListTests, org.jfree.chart.util.junit.BooleanListTests, org.jfree.chart.util.junit.HashUtilitiesTests, org.jfree.chart.util.junit.HashUtilitiesTests, org.jfree.chart.util.junit.LineUtilitiesTests, org.jfree.chart.util.junit.LineUtilitiesTests, org.jfree.chart.util.junit.LogFormatTests, org.jfree.chart.util.junit.LogFormatTests, org.jfree.chart.util.junit.PaintListTests, org.jfree.chart.util.junit.PaintListTests, org.jfree.chart.util.junit.PaintMapTests, org.jfree.chart.util.junit.PaintMapTests, org.jfree.chart.util.junit.RelativeDateFormatTests, org.jfree.chart.util.junit.RelativeDateFormatTests, org.jfree.chart.util.junit.SerialUtilitiesTests, org.jfree.chart.util.junit.SerialUtilitiesTests, org.jfree.chart.util.junit.ShapeListTests, org.jfree.chart.util.junit.ShapeListTests, org.jfree.chart.util.junit.ShapeUtilitiesTests, org.jfree.chart.util.junit.ShapeUtilitiesTests, org.jfree.chart.util.junit.StrokeListTests, org.jfree.chart.util.junit.StrokeListTests, org.jfree.chart.util.junit.StrokeMapTests, org.jfree.chart.util.junit.StrokeMapTests, org.jfree.chart.util.junit.UtilPackageTests, org.jfree.chart.util.junit.UtilPackageTests, org.jfree.data.category.junit.CategoryToPieDatasetTests, org.jfree.data.category.junit.CategoryToPieDatasetTests, org.jfree.data.category.junit.DataCategoryPackageTests, org.jfree.data.category.junit.DataCategoryPackageTests, org.jfree.data.category.junit.DefaultCategoryDatasetTests, org.jfree.data.category.junit.DefaultCategoryDatasetTests, org.jfree.data.category.junit.DefaultIntervalCategoryDatasetTests, org.jfree.data.category.junit.DefaultIntervalCategoryDatasetTests, org.jfree.data.category.junit.SlidingCategoryDatasetTests, org.jfree.data.category.junit.SlidingCategoryDatasetTests, org.jfree.data.function.junit.DataFunctionPackageTests, org.jfree.data.function.junit.DataFunctionPackageTests, org.jfree.data.function.junit.LineFunction2DTests, org.jfree.data.function.junit.LineFunction2DTests, org.jfree.data.function.junit.NormalDistributionFunction2DTests, org.jfree.data.function.junit.NormalDistributionFunction2DTests, org.jfree.data.function.junit.PolynomialFunction2DTests, org.jfree.data.function.junit.PolynomialFunction2DTests, org.jfree.data.function.junit.PowerFunction2DTests, org.jfree.data.function.junit.PowerFunction2DTests, org.jfree.data.gantt.junit.DataGanttPackageTests, org.jfree.data.gantt.junit.DataGanttPackageTests, org.jfree.data.gantt.junit.SlidingGanttCategoryDatasetTests, org.jfree.data.gantt.junit.SlidingGanttCategoryDatasetTests, org.jfree.data.gantt.junit.TaskSeriesCollectionTests, org.jfree.data.gantt.junit.TaskSeriesCollectionTests, org.jfree.data.gantt.junit.TaskSeriesTests, org.jfree.data.gantt.junit.TaskSeriesTests, org.jfree.data.gantt.junit.TaskTests, org.jfree.data.gantt.junit.TaskTests, org.jfree.data.gantt.junit.XYTaskDatasetTests, org.jfree.data.gantt.junit.XYTaskDatasetTests, org.jfree.data.general.junit.DataGeneralPackageTests, org.jfree.data.general.junit.DataGeneralPackageTests, org.jfree.data.general.junit.DatasetGroupTests, org.jfree.data.general.junit.DatasetGroupTests, org.jfree.data.general.junit.DatasetUtilitiesTests, org.jfree.data.general.junit.DatasetUtilitiesTests, org.jfree.data.general.junit.DefaultHeatMapDatasetTests, org.jfree.data.general.junit.DefaultHeatMapDatasetTests, org.jfree.data.general.junit.DefaultKeyedValueDatasetTests, org.jfree.data.general.junit.DefaultKeyedValueDatasetTests, org.jfree.data.general.junit.DefaultKeyedValues2DDatasetTests, org.jfree.data.general.junit.DefaultKeyedValues2DDatasetTests, org.jfree.data.general.junit.DefaultKeyedValuesDatasetTests, org.jfree.data.general.junit.DefaultKeyedValuesDatasetTests, org.jfree.data.general.junit.DefaultPieDatasetTests, org.jfree.data.general.junit.DefaultPieDatasetTests, org.jfree.data.junit.ComparableObjectItemTests, org.jfree.data.junit.ComparableObjectItemTests, org.jfree.data.junit.ComparableObjectSeriesTests, org.jfree.data.junit.ComparableObjectSeriesTests, org.jfree.data.junit.DataPackageTests, org.jfree.data.junit.DataPackageTests, org.jfree.data.junit.DataUtilitiesTests, org.jfree.data.junit.DataUtilitiesTests, org.jfree.data.junit.DefaultKeyedValueTests, org.jfree.data.junit.DefaultKeyedValueTests, org.jfree.data.junit.DefaultKeyedValues2DTests, org.jfree.data.junit.DefaultKeyedValues2DTests, org.jfree.data.junit.DefaultKeyedValuesTests, org.jfree.data.junit.DefaultKeyedValuesTests, org.jfree.data.junit.DomainOrderTests, org.jfree.data.junit.DomainOrderTests, org.jfree.data.junit.KeyToGroupMapTests, org.jfree.data.junit.KeyToGroupMapTests, org.jfree.data.junit.KeyedObjectTests, org.jfree.data.junit.KeyedObjectTests, org.jfree.data.junit.KeyedObjects2DTests, org.jfree.data.junit.KeyedObjects2DTests, org.jfree.data.junit.KeyedObjectsTests, org.jfree.data.junit.KeyedObjectsTests, org.jfree.data.junit.RangeTests, org.jfree.data.junit.RangeTests, org.jfree.data.junit.RangeTypeTests, org.jfree.data.junit.RangeTypeTests, org.jfree.data.statistics.junit.BoxAndWhiskerCalculatorTests, org.jfree.data.statistics.junit.BoxAndWhiskerCalculatorTests, org.jfree.data.statistics.junit.BoxAndWhiskerItemTests, org.jfree.data.statistics.junit.BoxAndWhiskerItemTests, org.jfree.data.statistics.junit.DataStatisticsPackageTests, org.jfree.data.statistics.junit.DataStatisticsPackageTests, org.jfree.data.statistics.junit.DefaultBoxAndWhiskerCategoryDatasetTests, org.jfree.data.statistics.junit.DefaultBoxAndWhiskerCategoryDatasetTests, org.jfree.data.statistics.junit.DefaultBoxAndWhiskerXYDatasetTests, org.jfree.data.statistics.junit.DefaultBoxAndWhiskerXYDatasetTests, org.jfree.data.statistics.junit.DefaultMultiValueCategoryDatasetTests, org.jfree.data.statistics.junit.DefaultMultiValueCategoryDatasetTests, org.jfree.data.statistics.junit.DefaultStatisticalCategoryDatasetTests, org.jfree.data.statistics.junit.DefaultStatisticalCategoryDatasetTests, org.jfree.data.statistics.junit.HistogramBinTests, org.jfree.data.statistics.junit.HistogramBinTests, org.jfree.data.statistics.junit.HistogramDatasetTests, org.jfree.data.statistics.junit.HistogramDatasetTests, org.jfree.data.statistics.junit.MeanAndStandardDeviationTests, org.jfree.data.statistics.junit.MeanAndStandardDeviationTests, org.jfree.data.statistics.junit.RegressionTests, org.jfree.data.statistics.junit.RegressionTests, org.jfree.data.statistics.junit.SimpleHistogramBinTests, org.jfree.data.statistics.junit.SimpleHistogramBinTests, org.jfree.data.statistics.junit.SimpleHistogramDatasetTests, org.jfree.data.statistics.junit.SimpleHistogramDatasetTests, org.jfree.data.statistics.junit.StatisticsTests, org.jfree.data.statistics.junit.StatisticsTests, org.jfree.data.time.junit.DataTimePackageTests, org.jfree.data.time.junit.DataTimePackageTests, org.jfree.data.time.junit.DateRangeTests, org.jfree.data.time.junit.DateRangeTests, org.jfree.data.time.junit.DayTests, org.jfree.data.time.junit.DayTests, org.jfree.data.time.junit.FixedMillisecondTests, org.jfree.data.time.junit.FixedMillisecondTests, org.jfree.data.time.junit.HourTests, org.jfree.data.time.junit.HourTests, org.jfree.data.time.junit.MillisecondTests, org.jfree.data.time.junit.MillisecondTests, org.jfree.data.time.junit.MinuteTests, org.jfree.data.time.junit.MinuteTests, org.jfree.data.time.junit.MonthTests, org.jfree.data.time.junit.MonthTests, org.jfree.data.time.junit.MovingAverageTests, org.jfree.data.time.junit.MovingAverageTests, org.jfree.data.time.junit.QuarterTests, org.jfree.data.time.junit.QuarterTests, org.jfree.data.time.junit.SecondTests, org.jfree.data.time.junit.SecondTests, org.jfree.data.time.junit.SimpleTimePeriodTests, org.jfree.data.time.junit.SimpleTimePeriodTests, org.jfree.data.time.junit.TimePeriodAnchorTests, org.jfree.data.time.junit.TimePeriodAnchorTests, org.jfree.data.time.junit.TimePeriodValueTests, org.jfree.data.time.junit.TimePeriodValueTests, org.jfree.data.time.junit.TimePeriodValuesCollectionTests, org.jfree.data.time.junit.TimePeriodValuesCollectionTests, org.jfree.data.time.junit.TimePeriodValuesTests, org.jfree.data.time.junit.TimePeriodValuesTests, org.jfree.data.time.junit.TimeSeriesCollectionTests, org.jfree.data.time.junit.TimeSeriesCollectionTests, org.jfree.data.time.junit.TimeSeriesDataItemTests, org.jfree.data.time.junit.TimeSeriesDataItemTests, org.jfree.data.time.junit.TimeSeriesTests, org.jfree.data.time.junit.TimeSeriesTests, org.jfree.data.time.junit.TimeTableXYDatasetTests, org.jfree.data.time.junit.TimeTableXYDatasetTests, org.jfree.data.time.junit.WeekTests, org.jfree.data.time.junit.WeekTests, org.jfree.data.time.junit.YearTests, org.jfree.data.time.junit.YearTests, org.jfree.data.time.ohlc.junit.OHLCItemTests, org.jfree.data.time.ohlc.junit.OHLCItemTests, org.jfree.data.time.ohlc.junit.OHLCPackageTests, org.jfree.data.time.ohlc.junit.OHLCPackageTests, org.jfree.data.time.ohlc.junit.OHLCSeriesCollectionTests, org.jfree.data.time.ohlc.junit.OHLCSeriesCollectionTests, org.jfree.data.time.ohlc.junit.OHLCSeriesTests, org.jfree.data.time.ohlc.junit.OHLCSeriesTests, org.jfree.data.time.ohlc.junit.OHLCTests, org.jfree.data.time.ohlc.junit.OHLCTests, org.jfree.data.xy.junit.CategoryTableXYDatasetTests, org.jfree.data.xy.junit.CategoryTableXYDatasetTests, org.jfree.data.xy.junit.DataXYPackageTests, org.jfree.data.xy.junit.DataXYPackageTests, org.jfree.data.xy.junit.DefaultHighLowDatasetTests, org.jfree.data.xy.junit.DefaultHighLowDatasetTests, org.jfree.data.xy.junit.DefaultIntervalXYDatasetTests, org.jfree.data.xy.junit.DefaultIntervalXYDatasetTests, org.jfree.data.xy.junit.DefaultOHLCDatasetTests, org.jfree.data.xy.junit.DefaultOHLCDatasetTests, org.jfree.data.xy.junit.DefaultTableXYDatasetTests, org.jfree.data.xy.junit.DefaultTableXYDatasetTests, org.jfree.data.xy.junit.DefaultWindDatasetTests, org.jfree.data.xy.junit.DefaultWindDatasetTests, org.jfree.data.xy.junit.DefaultXYDatasetTests, org.jfree.data.xy.junit.DefaultXYDatasetTests, org.jfree.data.xy.junit.DefaultXYZDatasetTests, org.jfree.data.xy.junit.DefaultXYZDatasetTests, org.jfree.data.xy.junit.IntervalXYDelegateTests, org.jfree.data.xy.junit.IntervalXYDelegateTests, org.jfree.data.xy.junit.MatrixSeriesCollectionTests, org.jfree.data.xy.junit.MatrixSeriesCollectionTests, org.jfree.data.xy.junit.MatrixSeriesTests, org.jfree.data.xy.junit.MatrixSeriesTests, org.jfree.data.xy.junit.OHLCDataItemTests, org.jfree.data.xy.junit.OHLCDataItemTests, org.jfree.data.xy.junit.TableXYDatasetTests, org.jfree.data.xy.junit.TableXYDatasetTests, org.jfree.data.xy.junit.VectorDataItemTests, org.jfree.data.xy.junit.VectorDataItemTests, org.jfree.data.xy.junit.VectorSeriesCollectionTests, org.jfree.data.xy.junit.VectorSeriesCollectionTests, org.jfree.data.xy.junit.VectorSeriesTests, org.jfree.data.xy.junit.VectorSeriesTests, org.jfree.data.xy.junit.VectorTests, org.jfree.data.xy.junit.VectorTests, org.jfree.data.xy.junit.XIntervalDataItemTests, org.jfree.data.xy.junit.XIntervalDataItemTests, org.jfree.data.xy.junit.XIntervalSeriesCollectionTests, org.jfree.data.xy.junit.XIntervalSeriesCollectionTests, org.jfree.data.xy.junit.XIntervalSeriesTests, org.jfree.data.xy.junit.XIntervalSeriesTests, org.jfree.data.xy.junit.XYBarDatasetTests, org.jfree.data.xy.junit.XYBarDatasetTests, org.jfree.data.xy.junit.XYCoordinateTests, org.jfree.data.xy.junit.XYCoordinateTests, org.jfree.data.xy.junit.XYDataItemTests, org.jfree.data.xy.junit.XYDataItemTests, org.jfree.data.xy.junit.XYIntervalDataItemTests, org.jfree.data.xy.junit.XYIntervalDataItemTests, org.jfree.data.xy.junit.XYIntervalSeriesCollectionTests, org.jfree.data.xy.junit.XYIntervalSeriesCollectionTests, org.jfree.data.xy.junit.XYIntervalSeriesTests, org.jfree.data.xy.junit.XYIntervalSeriesTests, org.jfree.data.xy.junit.XYIntervalTests, org.jfree.data.xy.junit.XYIntervalTests, org.jfree.data.xy.junit.XYSeriesCollectionTests, org.jfree.data.xy.junit.XYSeriesCollectionTests, org.jfree.data.xy.junit.XYSeriesTests, org.jfree.data.xy.junit.XYSeriesTests, org.jfree.data.xy.junit.YIntervalDataItemTests, org.jfree.data.xy.junit.YIntervalDataItemTests, org.jfree.data.xy.junit.YIntervalSeriesCollectionTests, org.jfree.data.xy.junit.YIntervalSeriesCollectionTests, org.jfree.data.xy.junit.YIntervalSeriesTests, org.jfree.data.xy.junit.YIntervalSeriesTests, org.jfree.data.xy.junit.YIntervalTests, org.jfree.data.xy.junit.YIntervalTests, org.jfree.data.xy.junit.YWithXIntervalTests, org.jfree.data.xy.junit.YWithXIntervalTests], complianceLevel=4, outputFolder=., json=true}
16:20:46.235 [main] INFO  fr.inria.lille.repair.nopol.NoPol - Available processors (cores): 32
16:20:46.243 [main] INFO  fr.inria.lille.repair.nopol.NoPol - Free memory: 880 MB
16:20:46.243 [main] INFO  fr.inria.lille.repair.nopol.NoPol - Maximum memory: 3 GB
16:20:46.243 [main] INFO  fr.inria.lille.repair.nopol.NoPol - Total memory available to JVM: 989 MB
16:20:46.244 [main] INFO  fr.inria.lille.repair.nopol.NoPol - Java version: 1.8.0_181
16:20:46.244 [main] INFO  fr.inria.lille.repair.nopol.NoPol - JAVA_HOME: /usr/lib/jvm/java-1.8.0-openjdk-amd64/bin/
16:20:46.244 [main] INFO  fr.inria.lille.repair.nopol.NoPol - PATH: /usr/lib/jvm/java-1.8.0-openjdk-amd64/bin/:/usr/lib/oar/oardodo:/usr/lib/oar/oardodo:/usr/local/bin:/usr/bin:/bin:/usr/games
16:21:07.976 [pool-2-thread-1] DEBUG fr.inria.lille.repair.nopol.NoPol - statement #1
16:21:07.977 [pool-2-thread-1] DEBUG fr.inria.lille.repair.nopol.NoPol - Analysing SourceLocation org.jfree.chart.renderer.category.AbstractCategoryItemRenderer:1793 which is executed by 2 tests
1836168311
16:21:08.254 [pool-2-thread-1] DEBUG fr.inria.lille.repair.nopol.NoPol - looking with class fr.inria.lille.repair.nopol.spoon.smt.ConditionalAdder
junit.framework.AssertionFailedError: expected:<1> but was:<0>
    at junit.framework.Assert.fail(Assert.java:57)
    at junit.framework.Assert.failNotEquals(Assert.java:329)
    at junit.framework.Assert.assertEquals(Assert.java:78)
    at junit.framework.Assert.assertEquals(Assert.java:234)
    at junit.framework.Assert.assertEquals(Assert.java:241)
    at junit.framework.TestCase.assertEquals(TestCase.java:409)
junit.framework.AssertionFailedError: expected:<1> but was:<0>
    at junit.framework.Assert.fail(Assert.java:57)
    at junit.framework.Assert.failNotEquals(Assert.java:329)
    at junit.framework.Assert.assertEquals(Assert.java:78)
    at junit.framework.Assert.assertEquals(Assert.java:234)
    at junit.framework.Assert.assertEquals(Assert.java:241)
    at junit.framework.TestCase.assertEquals(TestCase.java:409)
16:21:08.373 [pool-4-thread-1] INFO  xxl.java.junit.TestCasesListener - Tests run finished (81 ms)
<> Total tests run: 20
<> Ignored tests: 0
<> Failed tests: 2
~ test2947660(org.jfree.chart.renderer.category.junit.AbstractCategoryItemRendererTests)
[expected:<1> but was:<0>]
junit.framework.AssertionFailedError: expected:<1> but was:<0>    at junit.framework.Assert.fail(Assert.java:57)
    at junit.framework.Assert.failNotEquals(Assert.java:329)
    at junit.framework.Assert.assertEquals(Assert.java:78)
    at junit.framework.Assert.assertEquals(Assert.java:234)
    at junit.framework.Assert.assertEquals(Assert.java:241)
    at junit.framework.TestCase.assertEquals(TestCase.java:409)
~ test2947660(org.jfree.chart.renderer.category.junit.AbstractCategoryItemRendererTests)
[expected:<1> but was:<0>]
junit.framework.AssertionFailedError: expected:<1> but was:<0>    at junit.framework.Assert.fail(Assert.java:57)
    at junit.framework.Assert.failNotEquals(Assert.java:329)
    at junit.framework.Assert.assertEquals(Assert.java:78)
    at junit.framework.Assert.assertEquals(Assert.java:234)
    at junit.framework.Assert.assertEquals(Assert.java:241)
    at junit.framework.TestCase.assertEquals(TestCase.java:409)

16:21:09.404 [pool-2-thread-1] DEBUG fr.inria.lille.repair.nopol.NoPol - statement #2
16:21:09.405 [pool-2-thread-1] DEBUG fr.inria.lille.repair.nopol.NoPol - Analysing SourceLocation org.jfree.chart.JFreeChartInfo:1886 which is executed by 2 tests
-470971273
16:21:09.516 [pool-2-thread-1] DEBUG fr.inria.lille.repair.nopol.NoPol - statement #3
16:21:09.516 [pool-2-thread-1] DEBUG fr.inria.lille.repair.nopol.NoPol - Analysing SourceLocation org.jfree.chart.JFreeChartInfo:1885 which is executed by 2 tests
-470971273
16:21:09.669 [pool-2-thread-1] DEBUG fr.inria.lille.repair.nopol.NoPol - looking with class fr.inria.lille.repair.nopol.spoon.smt.ConditionalAdder
16:21:09.725 [pool-8-thread-1] INFO  xxl.java.junit.TestCasesListener - Tests run finished (54 ms)
<> Total tests run: 4
<> Ignored tests: 0
<> Failed tests: 0

16:21:09.726 [pool-2-thread-1] ERROR fr.inria.lille.repair.nopol.NoPol - Error ExecutionException java.util.concurrent.ExecutionException: java.lang.RuntimeException: failingTestCasesValidated: nothing to repair, no failing test cases
16:21:09.726 [pool-2-thread-1] DEBUG fr.inria.lille.repair.nopol.NoPol - looking with class fr.inria.lille.repair.nopol.spoon.smt.ConditionalReplacer
16:21:09.740 [pool-10-thread-1] INFO  xxl.java.junit.TestCasesListener - Tests run finished (11 ms)
<> Total tests run: 4
<> Ignored tests: 0
<> Failed tests: 0

16:21:09.740 [pool-2-thread-1] ERROR fr.inria.lille.repair.nopol.NoPol - Error ExecutionException java.util.concurrent.ExecutionException: java.lang.RuntimeException: failingTestCasesValidated: nothing to repair, no failing test cases
16:21:09.741 [pool-2-thread-1] DEBUG fr.inria.lille.repair.nopol.NoPol - statement #4
16:21:09.741 [pool-2-thread-1] DEBUG fr.inria.lille.repair.nopol.NoPol - Analysing SourceLocation org.jfree.chart.JFreeChartInfo:1883 which is executed by 2 tests
-470971273
16:21:09.858 [pool-2-thread-1] DEBUG fr.inria.lille.repair.nopol.NoPol - statement #5
16:21:09.859 [pool-2-thread-1] DEBUG fr.inria.lille.repair.nopol.NoPol - Analysing SourceLocation org.jfree.chart.plot.CategoryPlot:1614 which is executed by 10 tests
590439200
16:21:10.023 [pool-2-thread-1] DEBUG fr.inria.lille.repair.nopol.NoPol - statement #6
16:21:10.023 [pool-2-thread-1] DEBUG fr.inria.lille.repair.nopol.NoPol - Analysing SourceLocation org.jfree.chart.plot.CategoryPlot:1613 which is executed by 10 tests
590439200
16:21:10.224 [pool-2-thread-1] DEBUG fr.inria.lille.repair.nopol.NoPol - looking with class fr.inria.lille.repair.nopol.spoon.smt.ConditionalAdder
junit.framework.AssertionFailedError: expected:<1> but was:<0>
    at junit.framework.Assert.fail(Assert.java:57)
    at junit.framework.Assert.failNotEquals(Assert.java:329)
    at junit.framework.Assert.assertEquals(Assert.java:78)
    at junit.framework.Assert.assertEquals(Assert.java:234)
    at junit.framework.Assert.assertEquals(Assert.java:241)
    at junit.framework.TestCase.assertEquals(TestCase.java:409)
junit.framework.AssertionFailedError: expected:<1> but was:<0>
    at junit.framework.Assert.fail(Assert.java:57)
    at junit.framework.Assert.failNotEquals(Assert.java:329)
    at junit.framework.Assert.assertEquals(Assert.java:78)
    at junit.framework.Assert.assertEquals(Assert.java:234)
    at junit.framework.Assert.assertEquals(Assert.java:241)
    at junit.framework.TestCase.assertEquals(TestCase.java:409)
16:21:10.271 [pool-12-thread-1] INFO  xxl.java.junit.TestCasesListener - Tests run finished (39 ms)
<> Total tests run: 20
<> Ignored tests: 0
<> Failed tests: 2
~ test2947660(org.jfree.chart.renderer.category.junit.AbstractCategoryItemRendererTests)
[expected:<1> but was:<0>]
junit.framework.AssertionFailedError: expected:<1> but was:<0>    at junit.framework.Assert.fail(Assert.java:57)
    at junit.framework.Assert.failNotEquals(Assert.java:329)
    at junit.framework.Assert.assertEquals(Assert.java:78)
    at junit.framework.Assert.assertEquals(Assert.java:234)
    at junit.framework.Assert.assertEquals(Assert.java:241)
    at junit.framework.TestCase.assertEquals(TestCase.java:409)
~ test2947660(org.jfree.chart.renderer.category.junit.AbstractCategoryItemRendererTests)
[expected:<1> but was:<0>]
junit.framework.AssertionFailedError: expected:<1> but was:<0>    at junit.framework.Assert.fail(Assert.java:57)
    at junit.framework.Assert.failNotEquals(Assert.java:329)
    at junit.framework.Assert.assertEquals(Assert.java:78)
    at junit.framework.Assert.assertEquals(Assert.java:234)
    at junit.framework.Assert.assertEquals(Assert.java:241)
    at junit.framework.TestCase.assertEquals(TestCase.java:409)

16:21:10.758 [pool-2-thread-1] DEBUG fr.inria.lille.repair.nopol.NoPol - statement #7
16:21:10.758 [pool-2-thread-1] DEBUG fr.inria.lille.repair.nopol.NoPol - Analysing SourceLocation org.jfree.chart.plot.CategoryPlot:1684 which is executed by 16 tests
590439200
16:21:10.933 [pool-2-thread-1] DEBUG fr.inria.lille.repair.nopol.NoPol - statement #8
16:21:10.933 [pool-2-thread-1] DEBUG fr.inria.lille.repair.nopol.NoPol - Analysing SourceLocation org.jfree.chart.plot.CategoryPlot:1682 which is executed by 16 tests
590439200
16:21:11.078 [pool-2-thread-1] DEBUG fr.inria.lille.repair.nopol.NoPol - looking with class fr.inria.lille.repair.nopol.spoon.smt.ConditionalAdder
junit.framework.AssertionFailedError: expected:<1> but was:<0>
    at junit.framework.Assert.fail(Assert.java:57)
    at junit.framework.Assert.failNotEquals(Assert.java:329)
    at junit.framework.Assert.assertEquals(Assert.java:78)
    at junit.framework.Assert.assertEquals(Assert.java:234)
    at junit.framework.Assert.assertEquals(Assert.java:241)
    at junit.framework.TestCase.assertEquals(TestCase.java:409)
junit.framework.AssertionFailedError: expected:<1> but was:<0>
    at junit.framework.Assert.fail(Assert.java:57)
    at junit.framework.Assert.failNotEquals(Assert.java:329)
    at junit.framework.Assert.assertEquals(Assert.java:78)
    at junit.framework.Assert.assertEquals(Assert.java:234)
    at junit.framework.Assert.assertEquals(Assert.java:241)
    at junit.framework.TestCase.assertEquals(TestCase.java:409)
16:21:11.126 [pool-16-thread-1] INFO  xxl.java.junit.TestCasesListener - Tests run finished (40 ms)
<> Total tests run: 20
<> Ignored tests: 0
<> Failed tests: 2
~ test2947660(org.jfree.chart.renderer.category.junit.AbstractCategoryItemRendererTests)
[expected:<1> but was:<0>]
junit.framework.AssertionFailedError: expected:<1> but was:<0>    at junit.framework.Assert.fail(Assert.java:57)
    at junit.framework.Assert.failNotEquals(Assert.java:329)
    at junit.framework.Assert.assertEquals(Assert.java:78)
    at junit.framework.Assert.assertEquals(Assert.java:234)
    at junit.framework.Assert.assertEquals(Assert.java:241)
    at junit.framework.TestCase.assertEquals(TestCase.java:409)
~ test2947660(org.jfree.chart.renderer.category.junit.AbstractCategoryItemRendererTests)
[expected:<1> but was:<0>]
junit.framework.AssertionFailedError: expected:<1> but was:<0>    at junit.framework.Assert.fail(Assert.java:57)
    at junit.framework.Assert.failNotEquals(Assert.java:329)
    at junit.framework.Assert.assertEquals(Assert.java:78)
    at junit.framework.Assert.assertEquals(Assert.java:234)
    at junit.framework.Assert.assertEquals(Assert.java:241)
    at junit.framework.TestCase.assertEquals(TestCase.java:409)

16:21:11.514 [pool-2-thread-1] DEBUG fr.inria.lille.repair.nopol.NoPol - statement #9
16:21:11.514 [pool-2-thread-1] DEBUG fr.inria.lille.repair.nopol.NoPol - Analysing SourceLocation org.jfree.chart.plot.CategoryPlot:1681 which is executed by 16 tests
590439200
16:21:11.669 [pool-2-thread-1] DEBUG fr.inria.lille.repair.nopol.NoPol - looking with class fr.inria.lille.repair.nopol.spoon.smt.ConditionalAdder
junit.framework.AssertionFailedError: expected:<1> but was:<0>
    at junit.framework.Assert.fail(Assert.java:57)
    at junit.framework.Assert.failNotEquals(Assert.java:329)
    at junit.framework.Assert.assertEquals(Assert.java:78)
    at junit.framework.Assert.assertEquals(Assert.java:234)
    at junit.framework.Assert.assertEquals(Assert.java:241)
    at junit.framework.TestCase.assertEquals(TestCase.java:409)
junit.framework.AssertionFailedError: expected:<1> but was:<0>
    at junit.framework.Assert.fail(Assert.java:57)
    at junit.framework.Assert.failNotEquals(Assert.java:329)
    at junit.framework.Assert.assertEquals(Assert.java:78)
    at junit.framework.Assert.assertEquals(Assert.java:234)
    at junit.framework.Assert.assertEquals(Assert.java:241)
    at junit.framework.TestCase.assertEquals(TestCase.java:409)
16:21:11.712 [pool-20-thread-1] INFO  xxl.java.junit.TestCasesListener - Tests run finished (36 ms)
<> Total tests run: 20
<> Ignored tests: 0
<> Failed tests: 2
~ test2947660(org.jfree.chart.renderer.category.junit.AbstractCategoryItemRendererTests)
[expected:<1> but was:<0>]
junit.framework.AssertionFailedError: expected:<1> but was:<0>    at junit.framework.Assert.fail(Assert.java:57)
    at junit.framework.Assert.failNotEquals(Assert.java:329)
    at junit.framework.Assert.assertEquals(Assert.java:78)
    at junit.framework.Assert.assertEquals(Assert.java:234)
    at junit.framework.Assert.assertEquals(Assert.java:241)
    at junit.framework.TestCase.assertEquals(TestCase.java:409)
~ test2947660(org.jfree.chart.renderer.category.junit.AbstractCategoryItemRendererTests)
[expected:<1> but was:<0>]
junit.framework.AssertionFailedError: expected:<1> but was:<0>    at junit.framework.Assert.fail(Assert.java:57)
    at junit.framework.Assert.failNotEquals(Assert.java:329)
    at junit.framework.Assert.assertEquals(Assert.java:78)
    at junit.framework.Assert.assertEquals(Assert.java:234)
    at junit.framework.Assert.assertEquals(Assert.java:241)
    at junit.framework.TestCase.assertEquals(TestCase.java:409)

16:21:12.038 [pool-2-thread-1] DEBUG fr.inria.lille.repair.nopol.NoPol - looking with class fr.inria.lille.repair.nopol.spoon.smt.ConditionalReplacer
junit.framework.AssertionFailedError: expected:<1> but was:<0>
    at junit.framework.Assert.fail(Assert.java:57)
    at junit.framework.Assert.failNotEquals(Assert.java:329)
    at junit.framework.Assert.assertEquals(Assert.java:78)
    at junit.framework.Assert.assertEquals(Assert.java:234)
    at junit.framework.Assert.assertEquals(Assert.java:241)
    at junit.framework.TestCase.assertEquals(TestCase.java:409)
junit.framework.AssertionFailedError: expected:<1> but was:<0>
    at junit.framework.Assert.fail(Assert.java:57)
    at junit.framework.Assert.failNotEquals(Assert.java:329)
    at junit.framework.Assert.assertEquals(Assert.java:78)
    at junit.framework.Assert.assertEquals(Assert.java:234)
    at junit.framework.Assert.assertEquals(Assert.java:241)
    at junit.framework.TestCase.assertEquals(TestCase.java:409)
16:21:12.083 [pool-24-thread-1] INFO  xxl.java.junit.TestCasesListener - Tests run finished (39 ms)
<> Total tests run: 20
<> Ignored tests: 0
<> Failed tests: 2
~ test2947660(org.jfree.chart.renderer.category.junit.AbstractCategoryItemRendererTests)
[expected:<1> but was:<0>]
junit.framework.AssertionFailedError: expected:<1> but was:<0>    at junit.framework.Assert.fail(Assert.java:57)
    at junit.framework.Assert.failNotEquals(Assert.java:329)
    at junit.framework.Assert.assertEquals(Assert.java:78)
    at junit.framework.Assert.assertEquals(Assert.java:234)
    at junit.framework.Assert.assertEquals(Assert.java:241)
    at junit.framework.TestCase.assertEquals(TestCase.java:409)
~ test2947660(org.jfree.chart.renderer.category.junit.AbstractCategoryItemRendererTests)
[expected:<1> but was:<0>]
junit.framework.AssertionFailedError: expected:<1> but was:<0>    at junit.framework.Assert.fail(Assert.java:57)
    at junit.framework.Assert.failNotEquals(Assert.java:329)
    at junit.framework.Assert.assertEquals(Assert.java:78)
    at junit.framework.Assert.assertEquals(Assert.java:234)
    at junit.framework.Assert.assertEquals(Assert.java:241)
    at junit.framework.TestCase.assertEquals(TestCase.java:409)

16:21:12.392 [pool-2-thread-1] DEBUG fr.inria.lille.repair.nopol.NoPol - statement #10
16:21:12.392 [pool-2-thread-1] DEBUG fr.inria.lille.repair.nopol.NoPol - Analysing SourceLocation org.jfree.chart.plot.CategoryPlot:1679 which is executed by 16 tests
590439200
16:21:12.544 [pool-2-thread-1] DEBUG fr.inria.lille.repair.nopol.NoPol - looking with class fr.inria.lille.repair.nopol.spoon.smt.ConditionalAdder
junit.framework.AssertionFailedError: expected:<1> but was:<0>
    at junit.framework.Assert.fail(Assert.java:57)
    at junit.framework.Assert.failNotEquals(Assert.java:329)
    at junit.framework.Assert.assertEquals(Assert.java:78)
    at junit.framework.Assert.assertEquals(Assert.java:234)
    at junit.framework.Assert.assertEquals(Assert.java:241)
    at junit.framework.TestCase.assertEquals(TestCase.java:409)
junit.framework.AssertionFailedError: expected:<1> but was:<0>
    at junit.framework.Assert.fail(Assert.java:57)
    at junit.framework.Assert.failNotEquals(Assert.java:329)
    at junit.framework.Assert.assertEquals(Assert.java:78)
    at junit.framework.Assert.assertEquals(Assert.java:234)
    at junit.framework.Assert.assertEquals(Assert.java:241)
    at junit.framework.TestCase.assertEquals(TestCase.java:409)
16:21:12.590 [pool-28-thread-1] INFO  xxl.java.junit.TestCasesListener - Tests run finished (39 ms)
<> Total tests run: 20
<> Ignored tests: 0
<> Failed tests: 2
~ test2947660(org.jfree.chart.renderer.category.junit.AbstractCategoryItemRendererTests)
[expected:<1> but was:<0>]
junit.framework.AssertionFailedError: expected:<1> but was:<0>    at junit.framework.Assert.fail(Assert.java:57)
    at junit.framework.Assert.failNotEquals(Assert.java:329)
    at junit.framework.Assert.assertEquals(Assert.java:78)
    at junit.framework.Assert.assertEquals(Assert.java:234)
    at junit.framework.Assert.assertEquals(Assert.java:241)
    at junit.framework.TestCase.assertEquals(TestCase.java:409)
~ test2947660(org.jfree.chart.renderer.category.junit.AbstractCategoryItemRendererTests)
[expected:<1> but was:<0>]
junit.framework.AssertionFailedError: expected:<1> but was:<0>    at junit.framework.Assert.fail(Assert.java:57)
    at junit.framework.Assert.failNotEquals(Assert.java:329)
    at junit.framework.Assert.assertEquals(Assert.java:78)
    at junit.framework.Assert.assertEquals(Assert.java:234)
    at junit.framework.Assert.assertEquals(Assert.java:241)
    at junit.framework.TestCase.assertEquals(TestCase.java:409)

16:21:12.885 [pool-2-thread-1] DEBUG fr.inria.lille.repair.nopol.NoPol - statement #11
16:21:12.885 [pool-2-thread-1] DEBUG fr.inria.lille.repair.nopol.NoPol - Analysing SourceLocation org.jfree.chart.plot.CategoryPlot:1678 which is executed by 16 tests
590439200
16:21:13.061 [pool-2-thread-1] DEBUG fr.inria.lille.repair.nopol.NoPol - looking with class fr.inria.lille.repair.nopol.spoon.smt.ConditionalAdder
junit.framework.AssertionFailedError: expected:<1> but was:<0>
    at junit.framework.Assert.fail(Assert.java:57)
    at junit.framework.Assert.failNotEquals(Assert.java:329)
    at junit.framework.Assert.assertEquals(Assert.java:78)
    at junit.framework.Assert.assertEquals(Assert.java:234)
    at junit.framework.Assert.assertEquals(Assert.java:241)
    at junit.framework.TestCase.assertEquals(TestCase.java:409)
junit.framework.AssertionFailedError: expected:<1> but was:<0>
    at junit.framework.Assert.fail(Assert.java:57)
    at junit.framework.Assert.failNotEquals(Assert.java:329)
    at junit.framework.Assert.assertEquals(Assert.java:78)
    at junit.framework.Assert.assertEquals(Assert.java:234)
    at junit.framework.Assert.assertEquals(Assert.java:241)
    at junit.framework.TestCase.assertEquals(TestCase.java:409)
16:21:13.102 [pool-32-thread-1] INFO  xxl.java.junit.TestCasesListener - Tests run finished (34 ms)
<> Total tests run: 20
<> Ignored tests: 0
<> Failed tests: 2
~ test2947660(org.jfree.chart.renderer.category.junit.AbstractCategoryItemRendererTests)
[expected:<1> but was:<0>]
junit.framework.AssertionFailedError: expected:<1> but was:<0>    at junit.framework.Assert.fail(Assert.java:57)
    at junit.framework.Assert.failNotEquals(Assert.java:329)
    at junit.framework.Assert.assertEquals(Assert.java:78)
    at junit.framework.Assert.assertEquals(Assert.java:234)
    at junit.framework.Assert.assertEquals(Assert.java:241)
    at junit.framework.TestCase.assertEquals(TestCase.java:409)
~ test2947660(org.jfree.chart.renderer.category.junit.AbstractCategoryItemRendererTests)
[expected:<1> but was:<0>]
junit.framework.AssertionFailedError: expected:<1> but was:<0>    at junit.framework.Assert.fail(Assert.java:57)
    at junit.framework.Assert.failNotEquals(Assert.java:329)
    at junit.framework.Assert.assertEquals(Assert.java:78)
    at junit.framework.Assert.assertEquals(Assert.java:234)
    at junit.framework.Assert.assertEquals(Assert.java:241)
    at junit.framework.TestCase.assertEquals(TestCase.java:409)

16:21:13.452 [pool-2-thread-1] DEBUG fr.inria.lille.repair.nopol.NoPol - statement #12
16:21:13.452 [pool-2-thread-1] DEBUG fr.inria.lille.repair.nopol.NoPol - Analysing SourceLocation org.jfree.chart.plot.CategoryPlot:1675 which is executed by 16 tests
590439200
16:21:13.589 [pool-2-thread-1] DEBUG fr.inria.lille.repair.nopol.NoPol - looking with class fr.inria.lille.repair.nopol.spoon.smt.ConditionalAdder
junit.framework.AssertionFailedError: expected:<1> but was:<0>
    at junit.framework.Assert.fail(Assert.java:57)
    at junit.framework.Assert.failNotEquals(Assert.java:329)
    at junit.framework.Assert.assertEquals(Assert.java:78)
    at junit.framework.Assert.assertEquals(Assert.java:234)
    at junit.framework.Assert.assertEquals(Assert.java:241)
    at junit.framework.TestCase.assertEquals(TestCase.java:409)
junit.framework.AssertionFailedError: expected:<1> but was:<0>
    at junit.framework.Assert.fail(Assert.java:57)
    at junit.framework.Assert.failNotEquals(Assert.java:329)
    at junit.framework.Assert.assertEquals(Assert.java:78)
    at junit.framework.Assert.assertEquals(Assert.java:234)
    at junit.framework.Assert.assertEquals(Assert.java:241)
    at junit.framework.TestCase.assertEquals(TestCase.java:409)
16:21:13.630 [pool-36-thread-1] INFO  xxl.java.junit.TestCasesListener - Tests run finished (35 ms)
<> Total tests run: 20
<> Ignored tests: 0
<> Failed tests: 2
~ test2947660(org.jfree.chart.renderer.category.junit.AbstractCategoryItemRendererTests)
[expected:<1> but was:<0>]
junit.framework.AssertionFailedError: expected:<1> but was:<0>    at junit.framework.Assert.fail(Assert.java:57)
    at junit.framework.Assert.failNotEquals(Assert.java:329)
    at junit.framework.Assert.assertEquals(Assert.java:78)
    at junit.framework.Assert.assertEquals(Assert.java:234)
    at junit.framework.Assert.assertEquals(Assert.java:241)
    at junit.framework.TestCase.assertEquals(TestCase.java:409)
~ test2947660(org.jfree.chart.renderer.category.junit.AbstractCategoryItemRendererTests)
[expected:<1> but was:<0>]
junit.framework.AssertionFailedError: expected:<1> but was:<0>    at junit.framework.Assert.fail(Assert.java:57)
    at junit.framework.Assert.failNotEquals(Assert.java:329)
    at junit.framework.Assert.assertEquals(Assert.java:78)
    at junit.framework.Assert.assertEquals(Assert.java:234)
    at junit.framework.Assert.assertEquals(Assert.java:241)
    at junit.framework.TestCase.assertEquals(TestCase.java:409)

16:21:13.917 [pool-2-thread-1] DEBUG fr.inria.lille.repair.nopol.NoPol - statement #13
16:21:13.918 [pool-2-thread-1] DEBUG fr.inria.lille.repair.nopol.NoPol - Analysing SourceLocation org.jfree.chart.plot.CategoryPlot:1674 which is executed by 16 tests
590439200
16:21:14.052 [pool-2-thread-1] DEBUG fr.inria.lille.repair.nopol.NoPol - looking with class fr.inria.lille.repair.nopol.spoon.smt.ConditionalAdder
junit.framework.AssertionFailedError: expected:<1> but was:<0>
    at junit.framework.Assert.fail(Assert.java:57)
    at junit.framework.Assert.failNotEquals(Assert.java:329)
    at junit.framework.Assert.assertEquals(Assert.java:78)
    at junit.framework.Assert.assertEquals(Assert.java:234)
    at junit.framework.Assert.assertEquals(Assert.java:241)
    at junit.framework.TestCase.assertEquals(TestCase.java:409)
junit.framework.AssertionFailedError: expected:<1> but was:<0>
    at junit.framework.Assert.fail(Assert.java:57)
    at junit.framework.Assert.failNotEquals(Assert.java:329)
    at junit.framework.Assert.assertEquals(Assert.java:78)
    at junit.framework.Assert.assertEquals(Assert.java:234)
    at junit.framework.Assert.assertEquals(Assert.java:241)
    at junit.framework.TestCase.assertEquals(TestCase.java:409)
16:21:14.094 [pool-40-thread-1] INFO  xxl.java.junit.TestCasesListener - Tests run finished (35 ms)
<> Total tests run: 20
<> Ignored tests: 0
<> Failed tests: 2
~ test2947660(org.jfree.chart.renderer.category.junit.AbstractCategoryItemRendererTests)
[expected:<1> but was:<0>]
junit.framework.AssertionFailedError: expected:<1> but was:<0>    at junit.framework.Assert.fail(Assert.java:57)
    at junit.framework.Assert.failNotEquals(Assert.java:329)
    at junit.framework.Assert.assertEquals(Assert.java:78)
    at junit.framework.Assert.assertEquals(Assert.java:234)
    at junit.framework.Assert.assertEquals(Assert.java:241)
    at junit.framework.TestCase.assertEquals(TestCase.java:409)
~ test2947660(org.jfree.chart.renderer.category.junit.AbstractCategoryItemRendererTests)
[expected:<1> but was:<0>]
junit.framework.AssertionFailedError: expected:<1> but was:<0>    at junit.framework.Assert.fail(Assert.java:57)
    at junit.framework.Assert.failNotEquals(Assert.java:329)
    at junit.framework.Assert.assertEquals(Assert.java:78)
    at junit.framework.Assert.assertEquals(Assert.java:234)
    at junit.framework.Assert.assertEquals(Assert.java:241)
    at junit.framework.TestCase.assertEquals(TestCase.java:409)

16:21:14.358 [pool-2-thread-1] DEBUG fr.inria.lille.repair.nopol.NoPol - statement #14
16:21:14.358 [pool-2-thread-1] DEBUG fr.inria.lille.repair.nopol.NoPol - Analysing SourceLocation org.jfree.chart.plot.CategoryPlot:1673 which is executed by 16 tests
590439200
16:21:14.537 [pool-2-thread-1] DEBUG fr.inria.lille.repair.nopol.NoPol - looking with class fr.inria.lille.repair.nopol.spoon.smt.ConditionalAdder
junit.framework.AssertionFailedError: expected:<1> but was:<0>
    at junit.framework.Assert.fail(Assert.java:57)
    at junit.framework.Assert.failNotEquals(Assert.java:329)
    at junit.framework.Assert.assertEquals(Assert.java:78)
    at junit.framework.Assert.assertEquals(Assert.java:234)
    at junit.framework.Assert.assertEquals(Assert.java:241)
    at junit.framework.TestCase.assertEquals(TestCase.java:409)
junit.framework.AssertionFailedError: expected:<1> but was:<0>
    at junit.framework.Assert.fail(Assert.java:57)
    at junit.framework.Assert.failNotEquals(Assert.java:329)
    at junit.framework.Assert.assertEquals(Assert.java:78)
    at junit.framework.Assert.assertEquals(Assert.java:234)
    at junit.framework.Assert.assertEquals(Assert.java:241)
    at junit.framework.TestCase.assertEquals(TestCase.java:409)
16:21:14.577 [pool-44-thread-1] INFO  xxl.java.junit.TestCasesListener - Tests run finished (33 ms)
<> Total tests run: 20
<> Ignored tests: 0
<> Failed tests: 2
~ test2947660(org.jfree.chart.renderer.category.junit.AbstractCategoryItemRendererTests)
[expected:<1> but was:<0>]
junit.framework.AssertionFailedError: expected:<1> but was:<0>    at junit.framework.Assert.fail(Assert.java:57)
    at junit.framework.Assert.failNotEquals(Assert.java:329)
    at junit.framework.Assert.assertEquals(Assert.java:78)
    at junit.framework.Assert.assertEquals(Assert.java:234)
    at junit.framework.Assert.assertEquals(Assert.java:241)
    at junit.framework.TestCase.assertEquals(TestCase.java:409)
~ test2947660(org.jfree.chart.renderer.category.junit.AbstractCategoryItemRendererTests)
[expected:<1> but was:<0>]
junit.framework.AssertionFailedError: expected:<1> but was:<0>    at junit.framework.Assert.fail(Assert.java:57)
    at junit.framework.Assert.failNotEquals(Assert.java:329)
    at junit.framework.Assert.assertEquals(Assert.java:78)
    at junit.framework.Assert.assertEquals(Assert.java:234)
    at junit.framework.Assert.assertEquals(Assert.java:241)
    at junit.framework.TestCase.assertEquals(TestCase.java:409)

16:21:14.828 [pool-2-thread-1] DEBUG fr.inria.lille.repair.nopol.NoPol - looking with class fr.inria.lille.repair.nopol.spoon.smt.ConditionalReplacer
junit.framework.AssertionFailedError: expected:<1> but was:<0>
    at junit.framework.Assert.fail(Assert.java:57)
    at junit.framework.Assert.failNotEquals(Assert.java:329)
    at junit.framework.Assert.assertEquals(Assert.java:78)
    at junit.framework.Assert.assertEquals(Assert.java:234)
    at junit.framework.Assert.assertEquals(Assert.java:241)
    at junit.framework.TestCase.assertEquals(TestCase.java:409)
junit.framework.AssertionFailedError: expected:<1> but was:<0>
    at junit.framework.Assert.fail(Assert.java:57)
    at junit.framework.Assert.failNotEquals(Assert.java:329)
    at junit.framework.Assert.assertEquals(Assert.java:78)
    at junit.framework.Assert.assertEquals(Assert.java:234)
    at junit.framework.Assert.assertEquals(Assert.java:241)
    at junit.framework.TestCase.assertEquals(TestCase.java:409)
16:21:14.865 [pool-48-thread-1] INFO  xxl.java.junit.TestCasesListener - Tests run finished (31 ms)
<> Total tests run: 20
<> Ignored tests: 0
<> Failed tests: 2
~ test2947660(org.jfree.chart.renderer.category.junit.AbstractCategoryItemRendererTests)
[expected:<1> but was:<0>]
junit.framework.AssertionFailedError: expected:<1> but was:<0>    at junit.framework.Assert.fail(Assert.java:57)
    at junit.framework.Assert.failNotEquals(Assert.java:329)
    at junit.framework.Assert.assertEquals(Assert.java:78)
    at junit.framework.Assert.assertEquals(Assert.java:234)
    at junit.framework.Assert.assertEquals(Assert.java:241)
    at junit.framework.TestCase.assertEquals(TestCase.java:409)
~ test2947660(org.jfree.chart.renderer.category.junit.AbstractCategoryItemRendererTests)
[expected:<1> but was:<0>]
junit.framework.AssertionFailedError: expected:<1> but was:<0>    at junit.framework.Assert.fail(Assert.java:57)
    at junit.framework.Assert.failNotEquals(Assert.java:329)
    at junit.framework.Assert.assertEquals(Assert.java:78)
    at junit.framework.Assert.assertEquals(Assert.java:234)
    at junit.framework.Assert.assertEquals(Assert.java:241)
    at junit.framework.TestCase.assertEquals(TestCase.java:409)

16:21:15.134 [pool-2-thread-1] DEBUG fr.inria.lille.repair.nopol.NoPol - statement #15
16:21:15.135 [pool-2-thread-1] DEBUG fr.inria.lille.repair.nopol.NoPol - Analysing SourceLocation org.jfree.chart.plot.CategoryPlot:1672 which is executed by 16 tests
590439200
16:21:15.271 [pool-2-thread-1] DEBUG fr.inria.lille.repair.nopol.NoPol - looking with class fr.inria.lille.repair.nopol.spoon.smt.ConditionalAdder
junit.framework.AssertionFailedError: expected:<1> but was:<0>
    at junit.framework.Assert.fail(Assert.java:57)
    at junit.framework.Assert.failNotEquals(Assert.java:329)
    at junit.framework.Assert.assertEquals(Assert.java:78)
    at junit.framework.Assert.assertEquals(Assert.java:234)
    at junit.framework.Assert.assertEquals(Assert.java:241)
    at junit.framework.TestCase.assertEquals(TestCase.java:409)
junit.framework.AssertionFailedError: expected:<1> but was:<0>
    at junit.framework.Assert.fail(Assert.java:57)
    at junit.framework.Assert.failNotEquals(Assert.java:329)
    at junit.framework.Assert.assertEquals(Assert.java:78)
    at junit.framework.Assert.assertEquals(Assert.java:234)
    at junit.framework.Assert.assertEquals(Assert.java:241)
    at junit.framework.TestCase.assertEquals(TestCase.java:409)
16:21:15.311 [pool-52-thread-1] INFO  xxl.java.junit.TestCasesListener - Tests run finished (34 ms)
<> Total tests run: 20
<> Ignored tests: 0
<> Failed tests: 2
~ test2947660(org.jfree.chart.renderer.category.junit.AbstractCategoryItemRendererTests)
[expected:<1> but was:<0>]
junit.framework.AssertionFailedError: expected:<1> but was:<0>    at junit.framework.Assert.fail(Assert.java:57)
    at junit.framework.Assert.failNotEquals(Assert.java:329)
    at junit.framework.Assert.assertEquals(Assert.java:78)
    at junit.framework.Assert.assertEquals(Assert.java:234)
    at junit.framework.Assert.assertEquals(Assert.java:241)
    at junit.framework.TestCase.assertEquals(TestCase.java:409)
~ test2947660(org.jfree.chart.renderer.category.junit.AbstractCategoryItemRendererTests)
[expected:<1> but was:<0>]
junit.framework.AssertionFailedError: expected:<1> but was:<0>    at junit.framework.Assert.fail(Assert.java:57)
    at junit.framework.Assert.failNotEquals(Assert.java:329)
    at junit.framework.Assert.assertEquals(Assert.java:78)
    at junit.framework.Assert.assertEquals(Assert.java:234)
    at junit.framework.Assert.assertEquals(Assert.java:241)
    at junit.framework.TestCase.assertEquals(TestCase.java:409)

16:21:15.559 [pool-2-thread-1] DEBUG fr.inria.lille.repair.nopol.NoPol - statement #16
16:21:15.559 [pool-2-thread-1] DEBUG fr.inria.lille.repair.nopol.NoPol - Analysing SourceLocation org.jfree.chart.plot.CategoryPlot:1667 which is executed by 16 tests
590439200
16:21:15.718 [pool-2-thread-1] DEBUG fr.inria.lille.repair.nopol.NoPol - looking with class fr.inria.lille.repair.nopol.spoon.smt.ConditionalAdder
junit.framework.AssertionFailedError: expected:<1> but was:<0>
    at junit.framework.Assert.fail(Assert.java:57)
    at junit.framework.Assert.failNotEquals(Assert.java:329)
    at junit.framework.Assert.assertEquals(Assert.java:78)
    at junit.framework.Assert.assertEquals(Assert.java:234)
    at junit.framework.Assert.assertEquals(Assert.java:241)
    at junit.framework.TestCase.assertEquals(TestCase.java:409)
junit.framework.AssertionFailedError: expected:<1> but was:<0>
    at junit.framework.Assert.fail(Assert.java:57)
    at junit.framework.Assert.failNotEquals(Assert.java:329)
    at junit.framework.Assert.assertEquals(Assert.java:78)
    at junit.framework.Assert.assertEquals(Assert.java:234)
    at junit.framework.Assert.assertEquals(Assert.java:241)
    at junit.framework.TestCase.assertEquals(TestCase.java:409)
16:21:15.757 [pool-56-thread-1] INFO  xxl.java.junit.TestCasesListener - Tests run finished (33 ms)
<> Total tests run: 20
<> Ignored tests: 0
<> Failed tests: 2
~ test2947660(org.jfree.chart.renderer.category.junit.AbstractCategoryItemRendererTests)
[expected:<1> but was:<0>]
junit.framework.AssertionFailedError: expected:<1> but was:<0>    at junit.framework.Assert.fail(Assert.java:57)
    at junit.framework.Assert.failNotEquals(Assert.java:329)
    at junit.framework.Assert.assertEquals(Assert.java:78)
    at junit.framework.Assert.assertEquals(Assert.java:234)
    at junit.framework.Assert.assertEquals(Assert.java:241)
    at junit.framework.TestCase.assertEquals(TestCase.java:409)
~ test2947660(org.jfree.chart.renderer.category.junit.AbstractCategoryItemRendererTests)
[expected:<1> but was:<0>]
junit.framework.AssertionFailedError: expected:<1> but was:<0>    at junit.framework.Assert.fail(Assert.java:57)
    at junit.framework.Assert.failNotEquals(Assert.java:329)
    at junit.framework.Assert.assertEquals(Assert.java:78)
    at junit.framework.Assert.assertEquals(Assert.java:234)
    at junit.framework.Assert.assertEquals(Assert.java:241)
    at junit.framework.TestCase.assertEquals(TestCase.java:409)

16:21:16.028 [pool-2-thread-1] DEBUG fr.inria.lille.repair.nopol.NoPol - looking with class fr.inria.lille.repair.nopol.spoon.smt.ConditionalReplacer
junit.framework.AssertionFailedError: expected:<1> but was:<0>
    at junit.framework.Assert.fail(Assert.java:57)
    at junit.framework.Assert.failNotEquals(Assert.java:329)
    at junit.framework.Assert.assertEquals(Assert.java:78)
    at junit.framework.Assert.assertEquals(Assert.java:234)
    at junit.framework.Assert.assertEquals(Assert.java:241)
    at junit.framework.TestCase.assertEquals(TestCase.java:409)
junit.framework.AssertionFailedError: expected:<1> but was:<0>
    at junit.framework.Assert.fail(Assert.java:57)
    at junit.framework.Assert.failNotEquals(Assert.java:329)
    at junit.framework.Assert.assertEquals(Assert.java:78)
    at junit.framework.Assert.assertEquals(Assert.java:234)
    at junit.framework.Assert.assertEquals(Assert.java:241)
    at junit.framework.TestCase.assertEquals(TestCase.java:409)
16:21:16.065 [pool-60-thread-1] INFO  xxl.java.junit.TestCasesListener - Tests run finished (32 ms)
<> Total tests run: 20
<> Ignored tests: 0
<> Failed tests: 2
~ test2947660(org.jfree.chart.renderer.category.junit.AbstractCategoryItemRendererTests)
[expected:<1> but was:<0>]
junit.framework.AssertionFailedError: expected:<1> but was:<0>    at junit.framework.Assert.fail(Assert.java:57)
    at junit.framework.Assert.failNotEquals(Assert.java:329)
    at junit.framework.Assert.assertEquals(Assert.java:78)
    at junit.framework.Assert.assertEquals(Assert.java:234)
    at junit.framework.Assert.assertEquals(Assert.java:241)
    at junit.framework.TestCase.assertEquals(TestCase.java:409)
~ test2947660(org.jfree.chart.renderer.category.junit.AbstractCategoryItemRendererTests)
[expected:<1> but was:<0>]
junit.framework.AssertionFailedError: expected:<1> but was:<0>    at junit.framework.Assert.fail(Assert.java:57)
    at junit.framework.Assert.failNotEquals(Assert.java:329)
    at junit.framework.Assert.assertEquals(Assert.java:78)
    at junit.framework.Assert.assertEquals(Assert.java:234)
    at junit.framework.Assert.assertEquals(Assert.java:241)
    at junit.framework.TestCase.assertEquals(TestCase.java:409)

16:21:16.323 [pool-2-thread-1] DEBUG fr.inria.lille.repair.nopol.NoPol - statement #17
16:21:16.323 [pool-2-thread-1] DEBUG fr.inria.lille.repair.nopol.NoPol - Analysing SourceLocation org.jfree.chart.plot.CategoryPlot:1665 which is executed by 16 tests
590439200
16:21:16.457 [pool-2-thread-1] DEBUG fr.inria.lille.repair.nopol.NoPol - statement #18
16:21:16.458 [pool-2-thread-1] DEBUG fr.inria.lille.repair.nopol.NoPol - Analysing SourceLocation org.jfree.chart.plot.CategoryPlot:1340 which is executed by 30 tests
590439200
16:21:16.598 [pool-2-thread-1] DEBUG fr.inria.lille.repair.nopol.NoPol - statement #19
16:21:16.599 [pool-2-thread-1] DEBUG fr.inria.lille.repair.nopol.NoPol - Analysing SourceLocation org.jfree.chart.plot.CategoryPlot:1339 which is executed by 30 tests
590439200
16:21:16.750 [pool-2-thread-1] DEBUG fr.inria.lille.repair.nopol.NoPol - looking with class fr.inria.lille.repair.nopol.spoon.smt.ConditionalAdder
junit.framework.AssertionFailedError: expected:<1> but was:<0>
    at junit.framework.Assert.fail(Assert.java:57)
    at junit.framework.Assert.failNotEquals(Assert.java:329)
    at junit.framework.Assert.assertEquals(Assert.java:78)
    at junit.framework.Assert.assertEquals(Assert.java:234)
    at junit.framework.Assert.assertEquals(Assert.java:241)
    at junit.framework.TestCase.assertEquals(TestCase.java:409)
junit.framework.AssertionFailedError: expected:<1> but was:<0>
    at junit.framework.Assert.fail(Assert.java:57)
    at junit.framework.Assert.failNotEquals(Assert.java:329)
    at junit.framework.Assert.assertEquals(Assert.java:78)
    at junit.framework.Assert.assertEquals(Assert.java:234)
    at junit.framework.Assert.assertEquals(Assert.java:241)
    at junit.framework.TestCase.assertEquals(TestCase.java:409)
16:21:16.789 [pool-64-thread-1] INFO  xxl.java.junit.TestCasesListener - Tests run finished (33 ms)
<> Total tests run: 20
<> Ignored tests: 0
<> Failed tests: 2
~ test2947660(org.jfree.chart.renderer.category.junit.AbstractCategoryItemRendererTests)
[expected:<1> but was:<0>]
junit.framework.AssertionFailedError: expected:<1> but was:<0>    at junit.framework.Assert.fail(Assert.java:57)
    at junit.framework.Assert.failNotEquals(Assert.java:329)
    at junit.framework.Assert.assertEquals(Assert.java:78)
    at junit.framework.Assert.assertEquals(Assert.java:234)
    at junit.framework.Assert.assertEquals(Assert.java:241)
    at junit.framework.TestCase.assertEquals(TestCase.java:409)
~ test2947660(org.jfree.chart.renderer.category.junit.AbstractCategoryItemRendererTests)
[expected:<1> but was:<0>]
junit.framework.AssertionFailedError: expected:<1> but was:<0>    at junit.framework.Assert.fail(Assert.java:57)
    at junit.framework.Assert.failNotEquals(Assert.java:329)
    at junit.framework.Assert.assertEquals(Assert.java:78)
    at junit.framework.Assert.assertEquals(Assert.java:234)
    at junit.framework.Assert.assertEquals(Assert.java:241)
    at junit.framework.TestCase.assertEquals(TestCase.java:409)

16:21:17.044 [pool-2-thread-1] DEBUG fr.inria.lille.repair.nopol.NoPol - statement #20
16:21:17.044 [pool-2-thread-1] DEBUG fr.inria.lille.repair.nopol.NoPol - Analysing SourceLocation org.jfree.chart.plot.CategoryPlot:1358 which is executed by 44 tests
590439200
16:21:17.176 [pool-2-thread-1] DEBUG fr.inria.lille.repair.nopol.NoPol - looking with class fr.inria.lille.repair.nopol.spoon.smt.ConditionalAdder
junit.framework.AssertionFailedError: expected:<1> but was:<0>
    at junit.framework.Assert.fail(Assert.java:57)
    at junit.framework.Assert.failNotEquals(Assert.java:329)
    at junit.framework.Assert.assertEquals(Assert.java:78)
    at junit.framework.Assert.assertEquals(Assert.java:234)
    at junit.framework.Assert.assertEquals(Assert.java:241)
    at junit.framework.TestCase.assertEquals(TestCase.java:409)
junit.framework.AssertionFailedError: expected:<1> but was:<0>
    at junit.framework.Assert.fail(Assert.java:57)
    at junit.framework.Assert.failNotEquals(Assert.java:329)
    at junit.framework.Assert.assertEquals(Assert.java:78)
    at junit.framework.Assert.assertEquals(Assert.java:234)
    at junit.framework.Assert.assertEquals(Assert.java:241)
    at junit.framework.TestCase.assertEquals(TestCase.java:409)
16:21:17.216 [pool-68-thread-1] INFO  xxl.java.junit.TestCasesListener - Tests run finished (33 ms)
<> Total tests run: 20
<> Ignored tests: 0
<> Failed tests: 2
~ test2947660(org.jfree.chart.renderer.category.junit.AbstractCategoryItemRendererTests)
[expected:<1> but was:<0>]
junit.framework.AssertionFailedError: expected:<1> but was:<0>    at junit.framework.Assert.fail(Assert.java:57)
    at junit.framework.Assert.failNotEquals(Assert.java:329)
    at junit.framework.Assert.assertEquals(Assert.java:78)
    at junit.framework.Assert.assertEquals(Assert.java:234)
    at junit.framework.Assert.assertEquals(Assert.java:241)
    at junit.framework.TestCase.assertEquals(TestCase.java:409)
~ test2947660(org.jfree.chart.renderer.category.junit.AbstractCategoryItemRendererTests)
[expected:<1> but was:<0>]
junit.framework.AssertionFailedError: expected:<1> but was:<0>    at junit.framework.Assert.fail(Assert.java:57)
    at junit.framework.Assert.failNotEquals(Assert.java:329)
    at junit.framework.Assert.assertEquals(Assert.java:78)
    at junit.framework.Assert.assertEquals(Assert.java:234)
    at junit.framework.Assert.assertEquals(Assert.java:241)
    at junit.framework.TestCase.assertEquals(TestCase.java:409)

16:21:17.464 [pool-2-thread-1] DEBUG fr.inria.lille.repair.nopol.NoPol - statement #21
16:21:17.464 [pool-2-thread-1] DEBUG fr.inria.lille.repair.nopol.NoPol - Analysing SourceLocation org.jfree.chart.plot.CategoryPlot:1367 which is executed by 46 tests
590439200
16:21:17.603 [pool-2-thread-1] DEBUG fr.inria.lille.repair.nopol.NoPol - statement #22
16:21:17.603 [pool-2-thread-1] DEBUG fr.inria.lille.repair.nopol.NoPol - Analysing SourceLocation org.jfree.chart.plot.CategoryPlot:1365 which is executed by 46 tests
590439200
16:21:17.739 [pool-2-thread-1] DEBUG fr.inria.lille.repair.nopol.NoPol - looking with class fr.inria.lille.repair.nopol.spoon.smt.ConditionalAdder
junit.framework.AssertionFailedError: expected:<1> but was:<0>
    at junit.framework.Assert.fail(Assert.java:57)
    at junit.framework.Assert.failNotEquals(Assert.java:329)
    at junit.framework.Assert.assertEquals(Assert.java:78)
    at junit.framework.Assert.assertEquals(Assert.java:234)
    at junit.framework.Assert.assertEquals(Assert.java:241)
    at junit.framework.TestCase.assertEquals(TestCase.java:409)
junit.framework.AssertionFailedError: expected:<1> but was:<0>
    at junit.framework.Assert.fail(Assert.java:57)
    at junit.framework.Assert.failNotEquals(Assert.java:329)
    at junit.framework.Assert.assertEquals(Assert.java:78)
    at junit.framework.Assert.assertEquals(Assert.java:234)
    at junit.framework.Assert.assertEquals(Assert.java:241)
    at junit.framework.TestCase.assertEquals(TestCase.java:409)
16:21:17.780 [pool-72-thread-1] INFO  xxl.java.junit.TestCasesListener - Tests run finished (35 ms)
<> Total tests run: 20
<> Ignored tests: 0
<> Failed tests: 2
~ test2947660(org.jfree.chart.renderer.category.junit.AbstractCategoryItemRendererTests)
[expected:<1> but was:<0>]
junit.framework.AssertionFailedError: expected:<1> but was:<0>    at junit.framework.Assert.fail(Assert.java:57)
    at junit.framework.Assert.failNotEquals(Assert.java:329)
    at junit.framework.Assert.assertEquals(Assert.java:78)
    at junit.framework.Assert.assertEquals(Assert.java:234)
    at junit.framework.Assert.assertEquals(Assert.java:241)
    at junit.framework.TestCase.assertEquals(TestCase.java:409)
~ test2947660(org.jfree.chart.renderer.category.junit.AbstractCategoryItemRendererTests)
[expected:<1> but was:<0>]
junit.framework.AssertionFailedError: expected:<1> but was:<0>    at junit.framework.Assert.fail(Assert.java:57)
    at junit.framework.Assert.failNotEquals(Assert.java:329)
    at junit.framework.Assert.assertEquals(Assert.java:78)
    at junit.framework.Assert.assertEquals(Assert.java:234)
    at junit.framework.Assert.assertEquals(Assert.java:241)
    at junit.framework.TestCase.assertEquals(TestCase.java:409)

16:21:18.043 [pool-2-thread-1] DEBUG fr.inria.lille.repair.nopol.NoPol - statement #23
16:21:18.044 [pool-2-thread-1] DEBUG fr.inria.lille.repair.nopol.NoPol - Analysing SourceLocation org.jfree.chart.plot.CategoryPlot:1362 which is executed by 46 tests
590439200
16:21:18.177 [pool-2-thread-1] DEBUG fr.inria.lille.repair.nopol.NoPol - statement #24
16:21:18.177 [pool-2-thread-1] DEBUG fr.inria.lille.repair.nopol.NoPol - Analysing SourceLocation org.jfree.chart.plot.CategoryPlot:1357 which is executed by 46 tests
590439200
16:21:18.309 [pool-2-thread-1] DEBUG fr.inria.lille.repair.nopol.NoPol - looking with class fr.inria.lille.repair.nopol.spoon.smt.ConditionalAdder
junit.framework.AssertionFailedError: expected:<1> but was:<0>
    at junit.framework.Assert.fail(Assert.java:57)
    at junit.framework.Assert.failNotEquals(Assert.java:329)
    at junit.framework.Assert.assertEquals(Assert.java:78)
    at junit.framework.Assert.assertEquals(Assert.java:234)
    at junit.framework.Assert.assertEquals(Assert.java:241)
    at junit.framework.TestCase.assertEquals(TestCase.java:409)
junit.framework.AssertionFailedError: expected:<1> but was:<0>
    at junit.framework.Assert.fail(Assert.java:57)
    at junit.framework.Assert.failNotEquals(Assert.java:329)
    at junit.framework.Assert.assertEquals(Assert.java:78)
    at junit.framework.Assert.assertEquals(Assert.java:234)
    at junit.framework.Assert.assertEquals(Assert.java:241)
    at junit.framework.TestCase.assertEquals(TestCase.java:409)
16:21:18.349 [pool-76-thread-1] INFO  xxl.java.junit.TestCasesListener - Tests run finished (33 ms)
<> Total tests run: 20
<> Ignored tests: 0
<> Failed tests: 2
~ test2947660(org.jfree.chart.renderer.category.junit.AbstractCategoryItemRendererTests)
[expected:<1> but was:<0>]
junit.framework.AssertionFailedError: expected:<1> but was:<0>    at junit.framework.Assert.fail(Assert.java:57)
    at junit.framework.Assert.failNotEquals(Assert.java:329)
    at junit.framework.Assert.assertEquals(Assert.java:78)
    at junit.framework.Assert.assertEquals(Assert.java:234)
    at junit.framework.Assert.assertEquals(Assert.java:241)
    at junit.framework.TestCase.assertEquals(TestCase.java:409)
~ test2947660(org.jfree.chart.renderer.category.junit.AbstractCategoryItemRendererTests)
[expected:<1> but was:<0>]
junit.framework.AssertionFailedError: expected:<1> but was:<0>    at junit.framework.Assert.fail(Assert.java:57)
    at junit.framework.Assert.failNotEquals(Assert.java:329)
    at junit.framework.Assert.assertEquals(Assert.java:78)
    at junit.framework.Assert.assertEquals(Assert.java:234)
    at junit.framework.Assert.assertEquals(Assert.java:241)
    at junit.framework.TestCase.assertEquals(TestCase.java:409)

16:21:18.621 [pool-2-thread-1] DEBUG fr.inria.lille.repair.nopol.NoPol - looking with class fr.inria.lille.repair.nopol.spoon.smt.ConditionalReplacer
junit.framework.AssertionFailedError: expected:<1> but was:<0>
    at junit.framework.Assert.fail(Assert.java:57)
    at junit.framework.Assert.failNotEquals(Assert.java:329)
    at junit.framework.Assert.assertEquals(Assert.java:78)
    at junit.framework.Assert.assertEquals(Assert.java:234)
    at junit.framework.Assert.assertEquals(Assert.java:241)
    at junit.framework.TestCase.assertEquals(TestCase.java:409)
junit.framework.AssertionFailedError: expected:<1> but was:<0>
    at junit.framework.Assert.fail(Assert.java:57)
    at junit.framework.Assert.failNotEquals(Assert.java:329)
    at junit.framework.Assert.assertEquals(Assert.java:78)
    at junit.framework.Assert.assertEquals(Assert.java:234)
    at junit.framework.Assert.assertEquals(Assert.java:241)
    at junit.framework.TestCase.assertEquals(TestCase.java:409)
16:21:18.658 [pool-80-thread-1] INFO  xxl.java.junit.TestCasesListener - Tests run finished (32 ms)
<> Total tests run: 20
<> Ignored tests: 0
<> Failed tests: 2
~ test2947660(org.jfree.chart.renderer.category.junit.AbstractCategoryItemRendererTests)
[expected:<1> but was:<0>]
junit.framework.AssertionFailedError: expected:<1> but was:<0>    at junit.framework.Assert.fail(Assert.java:57)
    at junit.framework.Assert.failNotEquals(Assert.java:329)
    at junit.framework.Assert.assertEquals(Assert.java:78)
    at junit.framework.Assert.assertEquals(Assert.java:234)
    at junit.framework.Assert.assertEquals(Assert.java:241)
    at junit.framework.TestCase.assertEquals(TestCase.java:409)
~ test2947660(org.jfree.chart.renderer.category.junit.AbstractCategoryItemRendererTests)
[expected:<1> but was:<0>]
junit.framework.AssertionFailedError: expected:<1> but was:<0>    at junit.framework.Assert.fail(Assert.java:57)
    at junit.framework.Assert.failNotEquals(Assert.java:329)
    at junit.framework.Assert.assertEquals(Assert.java:78)
    at junit.framework.Assert.assertEquals(Assert.java:234)
    at junit.framework.Assert.assertEquals(Assert.java:241)
    at junit.framework.TestCase.assertEquals(TestCase.java:409)

16:21:18.899 [pool-2-thread-1] DEBUG fr.inria.lille.repair.nopol.NoPol - statement #25
16:21:18.899 [pool-2-thread-1] DEBUG fr.inria.lille.repair.nopol.NoPol - Analysing SourceLocation org.jfree.chart.plot.CategoryPlot:1356 which is executed by 46 tests
590439200
16:21:19.068 [pool-2-thread-1] DEBUG fr.inria.lille.repair.nopol.NoPol - looking with class fr.inria.lille.repair.nopol.spoon.smt.ConditionalAdder
junit.framework.AssertionFailedError: expected:<1> but was:<0>
    at junit.framework.Assert.fail(Assert.java:57)
    at junit.framework.Assert.failNotEquals(Assert.java:329)
    at junit.framework.Assert.assertEquals(Assert.java:78)
    at junit.framework.Assert.assertEquals(Assert.java:234)
    at junit.framework.Assert.assertEquals(Assert.java:241)
    at junit.framework.TestCase.assertEquals(TestCase.java:409)
junit.framework.AssertionFailedError: expected:<1> but was:<0>
    at junit.framework.Assert.fail(Assert.java:57)
    at junit.framework.Assert.failNotEquals(Assert.java:329)
    at junit.framework.Assert.assertEquals(Assert.java:78)
    at junit.framework.Assert.assertEquals(Assert.java:234)
    at junit.framework.Assert.assertEquals(Assert.java:241)
    at junit.framework.TestCase.assertEquals(TestCase.java:409)
16:21:19.107 [pool-84-thread-1] INFO  xxl.java.junit.TestCasesListener - Tests run finished (33 ms)
<> Total tests run: 20
<> Ignored tests: 0
<> Failed tests: 2
~ test2947660(org.jfree.chart.renderer.category.junit.AbstractCategoryItemRendererTests)
[expected:<1> but was:<0>]
junit.framework.AssertionFailedError: expected:<1> but was:<0>    at junit.framework.Assert.fail(Assert.java:57)
    at junit.framework.Assert.failNotEquals(Assert.java:329)
    at junit.framework.Assert.assertEquals(Assert.java:78)
    at junit.framework.Assert.assertEquals(Assert.java:234)
    at junit.framework.Assert.assertEquals(Assert.java:241)
    at junit.framework.TestCase.assertEquals(TestCase.java:409)
~ test2947660(org.jfree.chart.renderer.category.junit.AbstractCategoryItemRendererTests)
[expected:<1> but was:<0>]
junit.framework.AssertionFailedError: expected:<1> but was:<0>    at junit.framework.Assert.fail(Assert.java:57)
    at junit.framework.Assert.failNotEquals(Assert.java:329)
    at junit.framework.Assert.assertEquals(Assert.java:78)
    at junit.framework.Assert.assertEquals(Assert.java:234)
    at junit.framework.Assert.assertEquals(Assert.java:241)
    at junit.framework.TestCase.assertEquals(TestCase.java:409)

16:21:19.347 [pool-2-thread-1] DEBUG fr.inria.lille.repair.nopol.NoPol - statement #26
16:21:19.347 [pool-2-thread-1] DEBUG fr.inria.lille.repair.nopol.NoPol - Analysing SourceLocation org.jfree.chart.plot.CategoryPlot:1353 which is executed by 46 tests
590439200
16:21:19.479 [pool-2-thread-1] DEBUG fr.inria.lille.repair.nopol.NoPol - looking with class fr.inria.lille.repair.nopol.spoon.smt.ConditionalAdder
junit.framework.AssertionFailedError: expected:<1> but was:<0>
    at junit.framework.Assert.fail(Assert.java:57)
    at junit.framework.Assert.failNotEquals(Assert.java:329)
    at junit.framework.Assert.assertEquals(Assert.java:78)
    at junit.framework.Assert.assertEquals(Assert.java:234)
    at junit.framework.Assert.assertEquals(Assert.java:241)
    at junit.framework.TestCase.assertEquals(TestCase.java:409)
junit.framework.AssertionFailedError: expected:<1> but was:<0>
    at junit.framework.Assert.fail(Assert.java:57)
    at junit.framework.Assert.failNotEquals(Assert.java:329)
    at junit.framework.Assert.assertEquals(Assert.java:78)
    at junit.framework.Assert.assertEquals(Assert.java:234)
    at junit.framework.Assert.assertEquals(Assert.java:241)
    at junit.framework.TestCase.assertEquals(TestCase.java:409)
16:21:19.520 [pool-88-thread-1] INFO  xxl.java.junit.TestCasesListener - Tests run finished (35 ms)
<> Total tests run: 20
<> Ignored tests: 0
<> Failed tests: 2
~ test2947660(org.jfree.chart.renderer.category.junit.AbstractCategoryItemRendererTests)
[expected:<1> but was:<0>]
junit.framework.AssertionFailedError: expected:<1> but was:<0>    at junit.framework.Assert.fail(Assert.java:57)
    at junit.framework.Assert.failNotEquals(Assert.java:329)
    at junit.framework.Assert.assertEquals(Assert.java:78)
    at junit.framework.Assert.assertEquals(Assert.java:234)
    at junit.framework.Assert.assertEquals(Assert.java:241)
    at junit.framework.TestCase.assertEquals(TestCase.java:409)
~ test2947660(org.jfree.chart.renderer.category.junit.AbstractCategoryItemRendererTests)
[expected:<1> but was:<0>]
junit.framework.AssertionFailedError: expected:<1> but was:<0>    at junit.framework.Assert.fail(Assert.java:57)
    at junit.framework.Assert.failNotEquals(Assert.java:329)
    at junit.framework.Assert.assertEquals(Assert.java:78)
    at junit.framework.Assert.assertEquals(Assert.java:234)
    at junit.framework.Assert.assertEquals(Assert.java:241)
    at junit.framework.TestCase.assertEquals(TestCase.java:409)

16:21:19.765 [pool-2-thread-1] DEBUG fr.inria.lille.repair.nopol.NoPol - looking with class fr.inria.lille.repair.nopol.spoon.smt.ConditionalReplacer
junit.framework.AssertionFailedError: expected:<1> but was:<0>
    at junit.framework.Assert.fail(Assert.java:57)
    at junit.framework.Assert.failNotEquals(Assert.java:329)
    at junit.framework.Assert.assertEquals(Assert.java:78)
    at junit.framework.Assert.assertEquals(Assert.java:234)
    at junit.framework.Assert.assertEquals(Assert.java:241)
    at junit.framework.TestCase.assertEquals(TestCase.java:409)
junit.framework.AssertionFailedError: expected:<1> but was:<0>
    at junit.framework.Assert.fail(Assert.java:57)
    at junit.framework.Assert.failNotEquals(Assert.java:329)
    at junit.framework.Assert.assertEquals(Assert.java:78)
    at junit.framework.Assert.assertEquals(Assert.java:234)
    at junit.framework.Assert.assertEquals(Assert.java:241)
    at junit.framework.TestCase.assertEquals(TestCase.java:409)
16:21:19.804 [pool-92-thread-1] INFO  xxl.java.junit.TestCasesListener - Tests run finished (33 ms)
<> Total tests run: 20
<> Ignored tests: 0
<> Failed tests: 2
~ test2947660(org.jfree.chart.renderer.category.junit.AbstractCategoryItemRendererTests)
[expected:<1> but was:<0>]
junit.framework.AssertionFailedError: expected:<1> but was:<0>    at junit.framework.Assert.fail(Assert.java:57)
    at junit.framework.Assert.failNotEquals(Assert.java:329)
    at junit.framework.Assert.assertEquals(Assert.java:78)
    at junit.framework.Assert.assertEquals(Assert.java:234)
    at junit.framework.Assert.assertEquals(Assert.java:241)
    at junit.framework.TestCase.assertEquals(TestCase.java:409)
~ test2947660(org.jfree.chart.renderer.category.junit.AbstractCategoryItemRendererTests)
[expected:<1> but was:<0>]
junit.framework.AssertionFailedError: expected:<1> but was:<0>    at junit.framework.Assert.fail(Assert.java:57)
    at junit.framework.Assert.failNotEquals(Assert.java:329)
    at junit.framework.Assert.assertEquals(Assert.java:78)
    at junit.framework.Assert.assertEquals(Assert.java:234)
    at junit.framework.Assert.assertEquals(Assert.java:241)
    at junit.framework.TestCase.assertEquals(TestCase.java:409)

16:21:20.036 [pool-2-thread-1] DEBUG fr.inria.lille.repair.nopol.NoPol - statement #27
16:21:20.036 [pool-2-thread-1] DEBUG fr.inria.lille.repair.nopol.NoPol - Analysing SourceLocation org.jfree.chart.plot.CategoryPlot:1352 which is executed by 46 tests
590439200
16:21:20.172 [pool-2-thread-1] DEBUG fr.inria.lille.repair.nopol.NoPol - statement #28
16:21:20.172 [pool-2-thread-1] DEBUG fr.inria.lille.repair.nopol.NoPol - Analysing SourceLocation org.jfree.chart.plot.CategoryPlot:1046 which is executed by 48 tests
590439200
16:21:20.305 [pool-2-thread-1] DEBUG fr.inria.lille.repair.nopol.NoPol - looking with class fr.inria.lille.repair.nopol.spoon.smt.ConditionalAdder
junit.framework.AssertionFailedError: expected:<1> but was:<0>
    at junit.framework.Assert.fail(Assert.java:57)
    at junit.framework.Assert.failNotEquals(Assert.java:329)
    at junit.framework.Assert.assertEquals(Assert.java:78)
    at junit.framework.Assert.assertEquals(Assert.java:234)
    at junit.framework.Assert.assertEquals(Assert.java:241)
    at junit.framework.TestCase.assertEquals(TestCase.java:409)
junit.framework.AssertionFailedError: expected:<1> but was:<0>
    at junit.framework.Assert.fail(Assert.java:57)
    at junit.framework.Assert.failNotEquals(Assert.java:329)
    at junit.framework.Assert.assertEquals(Assert.java:78)
    at junit.framework.Assert.assertEquals(Assert.java:234)
    at junit.framework.Assert.assertEquals(Assert.java:241)
    at junit.framework.TestCase.assertEquals(TestCase.java:409)
16:21:20.346 [pool-96-thread-1] INFO  xxl.java.junit.TestCasesListener - Tests run finished (35 ms)
<> Total tests run: 20
<> Ignored tests: 0
<> Failed tests: 2
~ test2947660(org.jfree.chart.renderer.category.junit.AbstractCategoryItemRendererTests)
[expected:<1> but was:<0>]
junit.framework.AssertionFailedError: expected:<1> but was:<0>    at junit.framework.Assert.fail(Assert.java:57)
    at junit.framework.Assert.failNotEquals(Assert.java:329)
    at junit.framework.Assert.assertEquals(Assert.java:78)
    at junit.framework.Assert.assertEquals(Assert.java:234)
    at junit.framework.Assert.assertEquals(Assert.java:241)
    at junit.framework.TestCase.assertEquals(TestCase.java:409)
~ test2947660(org.jfree.chart.renderer.category.junit.AbstractCategoryItemRendererTests)
[expected:<1> but was:<0>]
junit.framework.AssertionFailedError: expected:<1> but was:<0>    at junit.framework.Assert.fail(Assert.java:57)
    at junit.framework.Assert.failNotEquals(Assert.java:329)
    at junit.framework.Assert.assertEquals(Assert.java:78)
    at junit.framework.Assert.assertEquals(Assert.java:234)
    at junit.framework.Assert.assertEquals(Assert.java:241)
    at junit.framework.TestCase.assertEquals(TestCase.java:409)

16:21:20.580 [pool-2-thread-1] DEBUG fr.inria.lille.repair.nopol.NoPol - looking with class fr.inria.lille.repair.nopol.spoon.smt.ConditionalReplacer
junit.framework.AssertionFailedError: expected:<1> but was:<0>
    at junit.framework.Assert.fail(Assert.java:57)
    at junit.framework.Assert.failNotEquals(Assert.java:329)
    at junit.framework.Assert.assertEquals(Assert.java:78)
    at junit.framework.Assert.assertEquals(Assert.java:234)
    at junit.framework.Assert.assertEquals(Assert.java:241)
    at junit.framework.TestCase.assertEquals(TestCase.java:409)
junit.framework.AssertionFailedError: expected:<1> but was:<0>
    at junit.framework.Assert.fail(Assert.java:57)
    at junit.framework.Assert.failNotEquals(Assert.java:329)
    at junit.framework.Assert.assertEquals(Assert.java:78)
    at junit.framework.Assert.assertEquals(Assert.java:234)
    at junit.framework.Assert.assertEquals(Assert.java:241)
    at junit.framework.TestCase.assertEquals(TestCase.java:409)
16:21:20.617 [pool-100-thread-1] INFO  xxl.java.junit.TestCasesListener - Tests run finished (31 ms)
<> Total tests run: 20
<> Ignored tests: 0
<> Failed tests: 2
~ test2947660(org.jfree.chart.renderer.category.junit.AbstractCategoryItemRendererTests)
[expected:<1> but was:<0>]
junit.framework.AssertionFailedError: expected:<1> but was:<0>    at junit.framework.Assert.fail(Assert.java:57)
    at junit.framework.Assert.failNotEquals(Assert.java:329)
    at junit.framework.Assert.assertEquals(Assert.java:78)
    at junit.framework.Assert.assertEquals(Assert.java:234)
    at junit.framework.Assert.assertEquals(Assert.java:241)
    at junit.framework.TestCase.assertEquals(TestCase.java:409)
~ test2947660(org.jfree.chart.renderer.category.junit.AbstractCategoryItemRendererTests)
[expected:<1> but was:<0>]
junit.framework.AssertionFailedError: expected:<1> but was:<0>    at junit.framework.Assert.fail(Assert.java:57)
    at junit.framework.Assert.failNotEquals(Assert.java:329)
    at junit.framework.Assert.assertEquals(Assert.java:78)
    at junit.framework.Assert.assertEquals(Assert.java:234)
    at junit.framework.Assert.assertEquals(Assert.java:241)
    at junit.framework.TestCase.assertEquals(TestCase.java:409)

16:21:20.873 [pool-2-thread-1] DEBUG fr.inria.lille.repair.nopol.NoPol - statement #29
16:21:20.873 [pool-2-thread-1] DEBUG fr.inria.lille.repair.nopol.NoPol - Analysing SourceLocation org.jfree.chart.plot.CategoryPlot:1045 which is executed by 48 tests
590439200
16:21:21.011 [pool-2-thread-1] DEBUG fr.inria.lille.repair.nopol.NoPol - statement #30
16:21:21.011 [pool-2-thread-1] DEBUG fr.inria.lille.repair.nopol.NoPol - Analysing SourceLocation org.jfree.chart.renderer.category.AbstractCategoryItemRenderer:1798 which is executed by 76 tests
1836168311
16:21:21.108 [pool-2-thread-1] DEBUG fr.inria.lille.repair.nopol.NoPol - looking with class fr.inria.lille.repair.nopol.spoon.smt.ConditionalAdder
junit.framework.AssertionFailedError: expected:<1> but was:<0>
    at junit.framework.Assert.fail(Assert.java:57)
    at junit.framework.Assert.failNotEquals(Assert.java:329)
    at junit.framework.Assert.assertEquals(Assert.java:78)
    at junit.framework.Assert.assertEquals(Assert.java:234)
    at junit.framework.Assert.assertEquals(Assert.java:241)
    at junit.framework.TestCase.assertEquals(TestCase.java:409)
junit.framework.AssertionFailedError: expected:<1> but was:<0>
    at junit.framework.Assert.fail(Assert.java:57)
    at junit.framework.Assert.failNotEquals(Assert.java:329)
    at junit.framework.Assert.assertEquals(Assert.java:78)
    at junit.framework.Assert.assertEquals(Assert.java:234)
    at junit.framework.Assert.assertEquals(Assert.java:241)
    at junit.framework.TestCase.assertEquals(TestCase.java:409)
16:21:21.146 [pool-104-thread-1] INFO  xxl.java.junit.TestCasesListener - Tests run finished (32 ms)
<> Total tests run: 20
<> Ignored tests: 0
<> Failed tests: 2
~ test2947660(org.jfree.chart.renderer.category.junit.AbstractCategoryItemRendererTests)
[expected:<1> but was:<0>]
junit.framework.AssertionFailedError: expected:<1> but was:<0>    at junit.framework.Assert.fail(Assert.java:57)
    at junit.framework.Assert.failNotEquals(Assert.java:329)
    at junit.framework.Assert.assertEquals(Assert.java:78)
    at junit.framework.Assert.assertEquals(Assert.java:234)
    at junit.framework.Assert.assertEquals(Assert.java:241)
    at junit.framework.TestCase.assertEquals(TestCase.java:409)
~ test2947660(org.jfree.chart.renderer.category.junit.AbstractCategoryItemRendererTests)
[expected:<1> but was:<0>]
junit.framework.AssertionFailedError: expected:<1> but was:<0>    at junit.framework.Assert.fail(Assert.java:57)
    at junit.framework.Assert.failNotEquals(Assert.java:329)
    at junit.framework.Assert.assertEquals(Assert.java:78)
    at junit.framework.Assert.assertEquals(Assert.java:234)
    at junit.framework.Assert.assertEquals(Assert.java:241)
    at junit.framework.TestCase.assertEquals(TestCase.java:409)

16:21:22.003 [pool-103-thread-1] DEBUG f.i.l.r.n.s.d.DynamothSynthesizer - Ignore the test org.jfree.chart.renderer.category.junit.StatisticalBarRendererTests#testDrawWithNullDeviationVertical
16:21:22.006 [pool-103-thread-1] DEBUG f.i.l.r.n.s.d.DynamothSynthesizer - Ignore the test org.jfree.chart.renderer.category.junit.BoxAndWhiskerRendererTests#testDrawWithNullQ3
16:21:22.008 [pool-103-thread-1] DEBUG f.i.l.r.n.s.d.DynamothSynthesizer - Ignore the test org.jfree.chart.junit.StackedAreaChartTests#testDrawWithNullInfo
16:21:22.010 [pool-103-thread-1] DEBUG f.i.l.r.n.s.d.DynamothSynthesizer - Ignore the test org.jfree.chart.renderer.category.junit.BoxAndWhiskerRendererTests#testDrawWithNullQ1
16:21:22.013 [pool-103-thread-1] DEBUG f.i.l.r.n.s.d.DynamothSynthesizer - Ignore the test org.jfree.chart.renderer.category.junit.BoxAndWhiskerRendererTests#testDrawWithNullInfo
16:21:22.016 [pool-103-thread-1] DEBUG f.i.l.r.n.s.d.DynamothSynthesizer - Ignore the test org.jfree.chart.renderer.category.junit.BoxAndWhiskerRendererTests#testDrawWithNullMinRegular
16:21:22.019 [pool-103-thread-1] DEBUG f.i.l.r.n.s.d.DynamothSynthesizer - Ignore the test org.jfree.chart.renderer.category.junit.LevelRendererTests#testDrawWithNullInfo
16:21:22.027 [pool-103-thread-1] DEBUG f.i.l.r.n.s.d.DynamothSynthesizer - Ignore the test org.jfree.chart.junit.GanttChartTests#testDrawWithNullInfo2
16:21:22.028 [pool-103-thread-1] DEBUG f.i.l.r.n.s.d.DynamothSynthesizer - Ignore the test org.jfree.chart.junit.BarChartTests#testDrawWithNullInfo
16:21:22.033 [pool-103-thread-1] DEBUG f.i.l.r.n.s.d.DynamothSynthesizer - Ignore the test org.jfree.chart.renderer.category.junit.IntervalBarRendererTests#testDrawWithNullInfo
16:21:22.034 [pool-103-thread-1] DEBUG f.i.l.r.n.s.d.DynamothSynthesizer - Ignore the test org.jfree.chart.junit.WaterfallChartTests#testDrawWithNullInfo
16:21:22.037 [pool-103-thread-1] DEBUG f.i.l.r.n.s.d.DynamothSynthesizer - Ignore the test org.jfree.chart.renderer.category.junit.BoxAndWhiskerRendererTests#testDrawWithNullMaxRegular
16:21:22.042 [pool-103-thread-1] DEBUG f.i.l.r.n.s.d.DynamothSynthesizer - Ignore the test org.jfree.chart.renderer.category.junit.GroupedStackedBarRendererTests#testDrawWithNullInfo
16:21:22.045 [pool-103-thread-1] DEBUG f.i.l.r.n.s.d.DynamothSynthesizer - Ignore the test org.jfree.chart.renderer.category.junit.StatisticalBarRendererTests#testDrawWithNullDeviationHorizontal
16:21:22.048 [pool-103-thread-1] DEBUG f.i.l.r.n.s.d.DynamothSynthesizer - Ignore the test org.jfree.chart.renderer.category.junit.StatisticalBarRendererTests#testDrawWithNullMeanHorizontal
16:21:22.050 [pool-103-thread-1] DEBUG f.i.l.r.n.s.d.DynamothSynthesizer - Ignore the test org.jfree.chart.junit.BarChart3DTests#testDrawWithNullInfo
16:21:22.052 [pool-103-thread-1] DEBUG f.i.l.r.n.s.d.DynamothSynthesizer - Ignore the test org.jfree.chart.renderer.category.junit.StatisticalLineAndShapeRendererTests#testDrawWithNullInfo
16:21:22.055 [pool-103-thread-1] DEBUG f.i.l.r.n.s.d.DynamothSynthesizer - Ignore the test org.jfree.chart.renderer.category.junit.BoxAndWhiskerRendererTests#testDrawWithNullMedian
16:21:22.057 [pool-103-thread-1] DEBUG f.i.l.r.n.s.d.DynamothSynthesizer - Ignore the test org.jfree.chart.junit.LineChartTests#testDrawWithNullInfo
16:21:22.064 [pool-103-thread-1] DEBUG f.i.l.r.n.s.d.DynamothSynthesizer - Ignore the test org.jfree.chart.plot.junit.CategoryPlotTests#testSerialization4
16:21:22.072 [pool-103-thread-1] DEBUG f.i.l.r.n.s.d.DynamothSynthesizer - Ignore the test org.jfree.chart.plot.junit.CategoryPlotTests#testSerialization3
16:21:22.074 [pool-103-thread-1] DEBUG f.i.l.r.n.s.d.DynamothSynthesizer - Ignore the test org.jfree.chart.junit.StackedBarChart3DTests#testDrawWithNullInfo
16:21:22.077 [pool-103-thread-1] DEBUG f.i.l.r.n.s.d.DynamothSynthesizer - Ignore the test org.jfree.chart.renderer.category.junit.BoxAndWhiskerRendererTests#testDrawWithNullMaxOutlier
16:21:22.078 [pool-103-thread-1] DEBUG f.i.l.r.n.s.d.DynamothSynthesizer - Ignore the test org.jfree.chart.junit.StackedBarChartTests#testDrawWithNullInfo
16:21:22.081 [pool-103-thread-1] DEBUG f.i.l.r.n.s.d.DynamothSynthesizer - Ignore the test org.jfree.chart.renderer.category.junit.MinMaxCategoryRendererTests#testDrawWithNullInfo
16:21:22.083 [pool-103-thread-1] DEBUG f.i.l.r.n.s.d.DynamothSynthesizer - Ignore the test org.jfree.chart.junit.LineChart3DTests#testDrawWithNullInfo
16:21:22.086 [pool-103-thread-1] DEBUG f.i.l.r.n.s.d.DynamothSynthesizer - Ignore the test org.jfree.chart.renderer.category.junit.BoxAndWhiskerRendererTests#testDrawWithNullMean
16:21:22.088 [pool-103-thread-1] DEBUG f.i.l.r.n.s.d.DynamothSynthesizer - Ignore the test org.jfree.chart.renderer.category.junit.StatisticalBarRendererTests#testDrawWithNullInfo
16:21:22.090 [pool-103-thread-1] DEBUG f.i.l.r.n.s.d.DynamothSynthesizer - Ignore the test org.jfree.chart.junit.AreaChartTests#testDrawWithNullInfo
16:21:22.092 [pool-103-thread-1] DEBUG f.i.l.r.n.s.d.DynamothSynthesizer - Ignore the test org.jfree.chart.plot.junit.CombinedRangeCategoryPlotTests#testNotification
16:21:22.095 [pool-103-thread-1] DEBUG f.i.l.r.n.s.d.DynamothSynthesizer - Ignore the test org.jfree.chart.plot.junit.CombinedDomainCategoryPlotTests#testNotification
16:21:22.097 [pool-103-thread-1] DEBUG f.i.l.r.n.s.d.DynamothSynthesizer - Ignore the test org.jfree.chart.renderer.category.junit.BoxAndWhiskerRendererTests#testBug1572478Horizontal
16:21:22.099 [pool-103-thread-1] DEBUG f.i.l.r.n.s.d.DynamothSynthesizer - Ignore the test org.jfree.chart.renderer.category.junit.BoxAndWhiskerRendererTests#testBug1572478Vertical
16:21:22.101 [pool-103-thread-1] DEBUG f.i.l.r.n.s.d.DynamothSynthesizer - Ignore the test org.jfree.chart.renderer.category.junit.BoxAndWhiskerRendererTests#testDrawWithNullMinOutlier
16:21:22.104 [pool-103-thread-1] DEBUG f.i.l.r.n.s.d.DynamothSynthesizer - Ignore the test org.jfree.chart.plot.junit.CategoryPlotTests#test1654215
16:21:22.107 [pool-103-thread-1] DEBUG f.i.l.r.n.s.d.DynamothSynthesizer - Ignore the test org.jfree.chart.renderer.category.junit.StatisticalBarRendererTests#testDrawWithNullMeanVertical
16:21:22.110 [pool-103-thread-1] DEBUG f.i.l.r.n.s.d.DynamothSynthesizer - Ignore the test org.jfree.chart.renderer.category.junit.LayeredBarRendererTests#testDrawWithNullInfo
16:21:22.120 [pool-103-thread-1] INFO  f.i.l.repair.nopol.patch.TestPatch - Applying patch: org.jfree.chart.renderer.category.AbstractCategoryItemRenderer:1798: PRECONDITION false
16:21:22.311 [pool-103-thread-1] INFO  f.i.l.repair.nopol.patch.TestPatch - Running test suite to check the patch "false" is working
16:21:22.738 [pool-2-thread-1] INFO  fr.inria.lille.repair.nopol.NoPol - ----INFORMATION----
16:21:22.983 [pool-2-thread-1] INFO  fr.inria.lille.repair.nopol.NoPol - Nb classes : 656
16:21:22.983 [pool-2-thread-1] INFO  fr.inria.lille.repair.nopol.NoPol - Nb methods : 7315
16:21:22.983 [pool-2-thread-1] INFO  fr.inria.lille.repair.nopol.NoPol - Nb Statements Analyzed : 25
16:21:22.983 [pool-2-thread-1] INFO  fr.inria.lille.repair.nopol.NoPol - Nb Statements with Angelic Value Found : 1
16:21:22.984 [pool-2-thread-1] INFO  fr.inria.lille.repair.nopol.NoPol - NoPol Execution time : 36516ms
16:21:22.984 [pool-2-thread-1] INFO  fr.inria.lille.repair.nopol.NoPol - 
16:21:22.984 [pool-2-thread-1] INFO  fr.inria.lille.repair.nopol.NoPol - ----PATCH FOUND----
16:21:22.984 [pool-2-thread-1] INFO  fr.inria.lille.repair.nopol.NoPol - false
16:21:23.093 [pool-2-thread-1] INFO  fr.inria.lille.repair.nopol.NoPol - Nb test that executes the patch: 76
16:21:23.093 [pool-2-thread-1] INFO  fr.inria.lille.repair.nopol.NoPol - org.jfree.chart.renderer.category.AbstractCategoryItemRenderer:1798: PRECONDITION
16:21:23.142 [pool-2-thread-1] INFO  fr.inria.lille.repair.nopol.NoPol - --- a/source/org/jfree/chart/renderer/category/AbstractCategoryItemRenderer.java
+++ b/source/org/jfree/chart/renderer/category/AbstractCategoryItemRenderer.java
@@ -1797,3 +1797,5 @@
         if (dataset != null) {
-            return result;
+            if (false) {
+                return result;
+            }
         }

PATCH
133.02user 4.44system 0:38.51elapsed 356%CPU (0avgtext+0avgdata 1105016maxresident)k
81992inputs+5864outputs (54major+533458minor)pagefaults 0swaps


Node: grisou-36.nancy.grid5000.fr



Date: Sat Dec  1 16:21:23 EST 2018

