cd /tmp/Nopol_QuixBugs_LIS_;
export JAVA_TOOL_OPTIONS="-Dfile.encoding=UTF8 -Duser.language=en-US -Duser.country=US -Duser.language=en";
TZ="America/New_York"; export TZ;
export PATH="/usr/lib/jvm/java-1.8.0-openjdk-amd64/bin/:$PATH";
export JAVA_HOME="/usr/lib/jvm/java-1.8.0-openjdk-amd64/bin/";
time java -Xmx4g -Xms1g -cp /home/tdurieux/defects4j4repair/script/../repair_tools/nopol.jar:/usr/lib/jvm/java-1.8.0-openjdk-amd64/bin//../lib/tools.jar fr.inria.lille.repair.Main \
	--mode repair \
	--type pre_then_cond \
	--oracle angelic \
	--synthesis smt \
	--flocal gzoltar \
	--json \
	--solver z3 \
	--solver-path /home/tdurieux/defects4j4repair/script/../libs/z3/build/z3 \
	--complianceLevel 8 \
	--source src/main/java \
	--classpath "target/classes:target/test-classes:/home/tdurieux/.m2/repository/junit/junit/4.11/junit-4.11.jar:/home/tdurieux/.m2/repository/org/hamcrest/hamcrest-core/1.3/hamcrest-core-1.3.jar:/home/tdurieux/defects4j4repair/script/../repair_tools/nopol.jar";
	echo "\n\nNode: `hostname`\n";
	echo "\n\nDate: `date`\n";
Picked up JAVA_TOOL_OPTIONS: -Dfile.encoding=UTF8 -Duser.language=en-US -Duser.country=US -Duser.language=en
14:38:10.039 [main] INFO  fr.inria.lille.repair.nopol.NoPol - Source files: [src/main/java]
14:38:10.043 [main] INFO  fr.inria.lille.repair.nopol.NoPol - Classpath: [file:/tmp/Nopol_QuixBugs_LIS_/target/classes/, file:/tmp/Nopol_QuixBugs_LIS_/target/test-classes/, file:/home/tdurieux/.m2/repository/junit/junit/4.11/junit-4.11.jar, file:/home/tdurieux/.m2/repository/org/hamcrest/hamcrest-core/1.3/hamcrest-core-1.3.jar, file:/home/tdurieux/defects4j4repair/script/../repair_tools/nopol.jar]
14:38:10.043 [main] INFO  fr.inria.lille.repair.nopol.NoPol - Statement type: PRE_THEN_COND
14:38:10.043 [main] INFO  fr.inria.lille.repair.nopol.NoPol - Args: [java_testcases.junit.LIS_Test]
14:38:10.045 [main] INFO  fr.inria.lille.repair.nopol.NoPol - Config: Config{synthesisDepth=3, collectStaticMethods=true, collectStaticFields=false, collectLiterals=false, onlyOneSynthesisResult=true, sortExpressions=true, maxLineInvocationPerTest=250, timeoutMethodInvocation=2000, dataCollectionTimeoutInSecondForSynthesis=900, addWeight=0.19478, subWeight=0.04554, mulWeight=0.0102, divWeight=0.00613, andWeight=0.10597, orWeight=0.05708, eqWeight=0.22798, nEqWeight=0.0, lessEqWeight=0.0255, lessWeight=0.0947, methodCallWeight=0.1, fieldAccessWeight=0.08099, constantWeight=0.14232, variableWeight=0.05195, mode=REPAIR, type=PRE_THEN_COND, synthesis=SMT, oracle=ANGELIC, solver=Z3, solverPath='/home/tdurieux/defects4j4repair/script/../libs/z3/build/z3', projectSources=[src/main/java], projectClasspath='[Ljava.net.URL;@66d33a', projectTests=[java_testcases.junit.LIS_Test], complianceLevel=8, outputFolder=., json=true}
14:38:10.045 [main] INFO  fr.inria.lille.repair.nopol.NoPol - Available processors (cores): 32
14:38:10.050 [main] INFO  fr.inria.lille.repair.nopol.NoPol - Free memory: 940 MB
14:38:10.050 [main] INFO  fr.inria.lille.repair.nopol.NoPol - Maximum memory: 3 GB
14:38:10.051 [main] INFO  fr.inria.lille.repair.nopol.NoPol - Total memory available to JVM: 981 MB
14:38:10.051 [main] INFO  fr.inria.lille.repair.nopol.NoPol - Java version: 1.8.0_181
14:38:10.053 [main] INFO  fr.inria.lille.repair.nopol.NoPol - JAVA_HOME: /usr/lib/jvm/java-1.8.0-openjdk-amd64/bin/
14:38:10.053 [main] INFO  fr.inria.lille.repair.nopol.NoPol - PATH: /usr/lib/jvm/java-1.8.0-openjdk-amd64/bin/:/usr/lib/oar/oardodo:/usr/lib/oar/oardodo:/usr/local/bin:/usr/bin:/bin:/usr/games
14:38:12.876 [pool-2-thread-1] DEBUG fr.inria.lille.repair.nopol.NoPol - statement #1
14:38:12.877 [pool-2-thread-1] DEBUG fr.inria.lille.repair.nopol.NoPol - Analysing SourceLocation java_programs.LIS:36 which is executed by 4 tests
75383
14:38:13.096 [pool-2-thread-1] DEBUG fr.inria.lille.repair.nopol.NoPol - statement #2
14:38:13.096 [pool-2-thread-1] DEBUG fr.inria.lille.repair.nopol.NoPol - Analysing SourceLocation java_programs.LIS:34 which is executed by 4 tests
75383
14:38:13.153 [pool-2-thread-1] DEBUG fr.inria.lille.repair.nopol.NoPol - looking with class fr.inria.lille.repair.nopol.spoon.smt.ConditionalAdder
java.lang.AssertionError: expected:<3> but was:<2>
    at org.junit.Assert.fail(Assert.java:88)
    at org.junit.Assert.failNotEquals(Assert.java:743)
    at org.junit.Assert.assertEquals(Assert.java:118)
    at org.junit.Assert.assertEquals(Assert.java:555)
    at org.junit.Assert.assertEquals(Assert.java:542)
    at java_testcases.junit.LIS_Test.test_0(LIS_Test.java:8)
java.lang.AssertionError: expected:<6> but was:<5>
    at org.junit.Assert.fail(Assert.java:88)
    at org.junit.Assert.failNotEquals(Assert.java:743)
    at org.junit.Assert.assertEquals(Assert.java:118)
    at org.junit.Assert.assertEquals(Assert.java:555)
    at org.junit.Assert.assertEquals(Assert.java:542)
    at java_testcases.junit.LIS_Test.test_1(LIS_Test.java:14)
java.lang.AssertionError: expected:<3> but was:<1>
    at org.junit.Assert.fail(Assert.java:88)
    at org.junit.Assert.failNotEquals(Assert.java:743)
    at org.junit.Assert.assertEquals(Assert.java:118)
    at org.junit.Assert.assertEquals(Assert.java:555)
    at org.junit.Assert.assertEquals(Assert.java:542)
    at java_testcases.junit.LIS_Test.test_2(LIS_Test.java:20)
java.lang.AssertionError: expected:<4> but was:<3>
    at org.junit.Assert.fail(Assert.java:88)
    at org.junit.Assert.failNotEquals(Assert.java:743)
    at org.junit.Assert.assertEquals(Assert.java:118)
    at org.junit.Assert.assertEquals(Assert.java:555)
    at org.junit.Assert.assertEquals(Assert.java:542)
    at java_testcases.junit.LIS_Test.test_3(LIS_Test.java:26)
java.lang.AssertionError: expected:<3> but was:<2>
    at org.junit.Assert.fail(Assert.java:88)
    at org.junit.Assert.failNotEquals(Assert.java:743)
    at org.junit.Assert.assertEquals(Assert.java:118)
    at org.junit.Assert.assertEquals(Assert.java:555)
    at org.junit.Assert.assertEquals(Assert.java:542)
    at java_testcases.junit.LIS_Test.test_0(LIS_Test.java:8)
java.lang.AssertionError: expected:<6> but was:<5>
    at org.junit.Assert.fail(Assert.java:88)
    at org.junit.Assert.failNotEquals(Assert.java:743)
    at org.junit.Assert.assertEquals(Assert.java:118)
    at org.junit.Assert.assertEquals(Assert.java:555)
    at org.junit.Assert.assertEquals(Assert.java:542)
    at java_testcases.junit.LIS_Test.test_1(LIS_Test.java:14)
java.lang.AssertionError: expected:<3> but was:<1>
    at org.junit.Assert.fail(Assert.java:88)
    at org.junit.Assert.failNotEquals(Assert.java:743)
    at org.junit.Assert.assertEquals(Assert.java:118)
    at org.junit.Assert.assertEquals(Assert.java:555)
    at org.junit.Assert.assertEquals(Assert.java:542)
    at java_testcases.junit.LIS_Test.test_2(LIS_Test.java:20)
java.lang.AssertionError: expected:<4> but was:<3>
    at org.junit.Assert.fail(Assert.java:88)
    at org.junit.Assert.failNotEquals(Assert.java:743)
    at org.junit.Assert.assertEquals(Assert.java:118)
    at org.junit.Assert.assertEquals(Assert.java:555)
    at org.junit.Assert.assertEquals(Assert.java:542)
    at java_testcases.junit.LIS_Test.test_3(LIS_Test.java:26)
java.lang.AssertionError: expected:<3> but was:<2>
    at org.junit.Assert.fail(Assert.java:88)
    at org.junit.Assert.failNotEquals(Assert.java:743)
    at org.junit.Assert.assertEquals(Assert.java:118)
    at org.junit.Assert.assertEquals(Assert.java:555)
    at org.junit.Assert.assertEquals(Assert.java:542)
    at java_testcases.junit.LIS_Test.test_0(LIS_Test.java:8)
java.lang.AssertionError: expected:<6> but was:<5>
    at org.junit.Assert.fail(Assert.java:88)
    at org.junit.Assert.failNotEquals(Assert.java:743)
    at org.junit.Assert.assertEquals(Assert.java:118)
    at org.junit.Assert.assertEquals(Assert.java:555)
    at org.junit.Assert.assertEquals(Assert.java:542)
    at java_testcases.junit.LIS_Test.test_1(LIS_Test.java:14)
java.lang.AssertionError: expected:<3> but was:<1>
    at org.junit.Assert.fail(Assert.java:88)
    at org.junit.Assert.failNotEquals(Assert.java:743)
    at org.junit.Assert.assertEquals(Assert.java:118)
    at org.junit.Assert.assertEquals(Assert.java:555)
    at org.junit.Assert.assertEquals(Assert.java:542)
    at java_testcases.junit.LIS_Test.test_2(LIS_Test.java:20)
java.lang.AssertionError: expected:<4> but was:<3>
    at org.junit.Assert.fail(Assert.java:88)
    at org.junit.Assert.failNotEquals(Assert.java:743)
    at org.junit.Assert.assertEquals(Assert.java:118)
    at org.junit.Assert.assertEquals(Assert.java:555)
    at org.junit.Assert.assertEquals(Assert.java:542)
    at java_testcases.junit.LIS_Test.test_3(LIS_Test.java:26)
java.lang.AssertionError: expected:<3> but was:<2>
    at org.junit.Assert.fail(Assert.java:88)
    at org.junit.Assert.failNotEquals(Assert.java:743)
    at org.junit.Assert.assertEquals(Assert.java:118)
    at org.junit.Assert.assertEquals(Assert.java:555)
    at org.junit.Assert.assertEquals(Assert.java:542)
    at java_testcases.junit.LIS_Test.test_0(LIS_Test.java:8)
java.lang.AssertionError: expected:<6> but was:<5>
    at org.junit.Assert.fail(Assert.java:88)
    at org.junit.Assert.failNotEquals(Assert.java:743)
    at org.junit.Assert.assertEquals(Assert.java:118)
    at org.junit.Assert.assertEquals(Assert.java:555)
    at org.junit.Assert.assertEquals(Assert.java:542)
    at java_testcases.junit.LIS_Test.test_1(LIS_Test.java:14)
java.lang.AssertionError: expected:<3> but was:<1>
    at org.junit.Assert.fail(Assert.java:88)
    at org.junit.Assert.failNotEquals(Assert.java:743)
    at org.junit.Assert.assertEquals(Assert.java:118)
    at org.junit.Assert.assertEquals(Assert.java:555)
    at org.junit.Assert.assertEquals(Assert.java:542)
    at java_testcases.junit.LIS_Test.test_2(LIS_Test.java:20)
java.lang.AssertionError: expected:<4> but was:<3>
    at org.junit.Assert.fail(Assert.java:88)
    at org.junit.Assert.failNotEquals(Assert.java:743)
    at org.junit.Assert.assertEquals(Assert.java:118)
    at org.junit.Assert.assertEquals(Assert.java:555)
    at org.junit.Assert.assertEquals(Assert.java:542)
    at java_testcases.junit.LIS_Test.test_3(LIS_Test.java:26)
14:38:13.201 [pool-4-thread-1] INFO  xxl.java.junit.TestCasesListener - Tests run finished (20 ms)
<> Total tests run: 16
<> Ignored tests: 0
<> Failed tests: 16
~ test_0(java_testcases.junit.LIS_Test)
[expected:<3> but was:<2>]
java.lang.AssertionError: expected:<3> but was:<2>    at org.junit.Assert.fail(Assert.java:88)
    at org.junit.Assert.failNotEquals(Assert.java:743)
    at org.junit.Assert.assertEquals(Assert.java:118)
    at org.junit.Assert.assertEquals(Assert.java:555)
    at org.junit.Assert.assertEquals(Assert.java:542)
    at java_testcases.junit.LIS_Test.test_0(LIS_Test.java:8)
~ test_1(java_testcases.junit.LIS_Test)
[expected:<6> but was:<5>]
java.lang.AssertionError: expected:<6> but was:<5>    at org.junit.Assert.fail(Assert.java:88)
    at org.junit.Assert.failNotEquals(Assert.java:743)
    at org.junit.Assert.assertEquals(Assert.java:118)
    at org.junit.Assert.assertEquals(Assert.java:555)
    at org.junit.Assert.assertEquals(Assert.java:542)
    at java_testcases.junit.LIS_Test.test_1(LIS_Test.java:14)
~ test_2(java_testcases.junit.LIS_Test)
[expected:<3> but was:<1>]
java.lang.AssertionError: expected:<3> but was:<1>    at org.junit.Assert.fail(Assert.java:88)
    at org.junit.Assert.failNotEquals(Assert.java:743)
    at org.junit.Assert.assertEquals(Assert.java:118)
    at org.junit.Assert.assertEquals(Assert.java:555)
    at org.junit.Assert.assertEquals(Assert.java:542)
    at java_testcases.junit.LIS_Test.test_2(LIS_Test.java:20)
~ test_3(java_testcases.junit.LIS_Test)
[expected:<4> but was:<3>]
java.lang.AssertionError: expected:<4> but was:<3>    at org.junit.Assert.fail(Assert.java:88)
    at org.junit.Assert.failNotEquals(Assert.java:743)
    at org.junit.Assert.assertEquals(Assert.java:118)
    at org.junit.Assert.assertEquals(Assert.java:555)
    at org.junit.Assert.assertEquals(Assert.java:542)
    at java_testcases.junit.LIS_Test.test_3(LIS_Test.java:26)
~ test_0(java_testcases.junit.LIS_Test)
[expected:<3> but was:<2>]
java.lang.AssertionError: expected:<3> but was:<2>    at org.junit.Assert.fail(Assert.java:88)
    at org.junit.Assert.failNotEquals(Assert.java:743)
    at org.junit.Assert.assertEquals(Assert.java:118)
    at org.junit.Assert.assertEquals(Assert.java:555)
    at org.junit.Assert.assertEquals(Assert.java:542)
    at java_testcases.junit.LIS_Test.test_0(LIS_Test.java:8)
~ test_1(java_testcases.junit.LIS_Test)
[expected:<6> but was:<5>]
java.lang.AssertionError: expected:<6> but was:<5>    at org.junit.Assert.fail(Assert.java:88)
    at org.junit.Assert.failNotEquals(Assert.java:743)
    at org.junit.Assert.assertEquals(Assert.java:118)
    at org.junit.Assert.assertEquals(Assert.java:555)
    at org.junit.Assert.assertEquals(Assert.java:542)
    at java_testcases.junit.LIS_Test.test_1(LIS_Test.java:14)
~ test_2(java_testcases.junit.LIS_Test)
[expected:<3> but was:<1>]
java.lang.AssertionError: expected:<3> but was:<1>    at org.junit.Assert.fail(Assert.java:88)
    at org.junit.Assert.failNotEquals(Assert.java:743)
    at org.junit.Assert.assertEquals(Assert.java:118)
    at org.junit.Assert.assertEquals(Assert.java:555)
    at org.junit.Assert.assertEquals(Assert.java:542)
    at java_testcases.junit.LIS_Test.test_2(LIS_Test.java:20)
~ test_3(java_testcases.junit.LIS_Test)
[expected:<4> but was:<3>]
java.lang.AssertionError: expected:<4> but was:<3>    at org.junit.Assert.fail(Assert.java:88)
    at org.junit.Assert.failNotEquals(Assert.java:743)
    at org.junit.Assert.assertEquals(Assert.java:118)
    at org.junit.Assert.assertEquals(Assert.java:555)
    at org.junit.Assert.assertEquals(Assert.java:542)
    at java_testcases.junit.LIS_Test.test_3(LIS_Test.java:26)
~ test_0(java_testcases.junit.LIS_Test)
[expected:<3> but was:<2>]
java.lang.AssertionError: expected:<3> but was:<2>    at org.junit.Assert.fail(Assert.java:88)
    at org.junit.Assert.failNotEquals(Assert.java:743)
    at org.junit.Assert.assertEquals(Assert.java:118)
    at org.junit.Assert.assertEquals(Assert.java:555)
    at org.junit.Assert.assertEquals(Assert.java:542)
    at java_testcases.junit.LIS_Test.test_0(LIS_Test.java:8)
~ test_1(java_testcases.junit.LIS_Test)
[expected:<6> but was:<5>]
java.lang.AssertionError: expected:<6> but was:<5>    at org.junit.Assert.fail(Assert.java:88)
    at org.junit.Assert.failNotEquals(Assert.java:743)
    at org.junit.Assert.assertEquals(Assert.java:118)
    at org.junit.Assert.assertEquals(Assert.java:555)
    at org.junit.Assert.assertEquals(Assert.java:542)
    at java_testcases.junit.LIS_Test.test_1(LIS_Test.java:14)
~ test_2(java_testcases.junit.LIS_Test)
[expected:<3> but was:<1>]
java.lang.AssertionError: expected:<3> but was:<1>    at org.junit.Assert.fail(Assert.java:88)
    at org.junit.Assert.failNotEquals(Assert.java:743)
    at org.junit.Assert.assertEquals(Assert.java:118)
    at org.junit.Assert.assertEquals(Assert.java:555)
    at org.junit.Assert.assertEquals(Assert.java:542)
    at java_testcases.junit.LIS_Test.test_2(LIS_Test.java:20)
~ test_3(java_testcases.junit.LIS_Test)
[expected:<4> but was:<3>]
java.lang.AssertionError: expected:<4> but was:<3>    at org.junit.Assert.fail(Assert.java:88)
    at org.junit.Assert.failNotEquals(Assert.java:743)
    at org.junit.Assert.assertEquals(Assert.java:118)
    at org.junit.Assert.assertEquals(Assert.java:555)
    at org.junit.Assert.assertEquals(Assert.java:542)
    at java_testcases.junit.LIS_Test.test_3(LIS_Test.java:26)
~ test_0(java_testcases.junit.LIS_Test)
[expected:<3> but was:<2>]
java.lang.AssertionError: expected:<3> but was:<2>    at org.junit.Assert.fail(Assert.java:88)
    at org.junit.Assert.failNotEquals(Assert.java:743)
    at org.junit.Assert.assertEquals(Assert.java:118)
    at org.junit.Assert.assertEquals(Assert.java:555)
    at org.junit.Assert.assertEquals(Assert.java:542)
    at java_testcases.junit.LIS_Test.test_0(LIS_Test.java:8)
~ test_1(java_testcases.junit.LIS_Test)
[expected:<6> but was:<5>]
java.lang.AssertionError: expected:<6> but was:<5>    at org.junit.Assert.fail(Assert.java:88)
    at org.junit.Assert.failNotEquals(Assert.java:743)
    at org.junit.Assert.assertEquals(Assert.java:118)
    at org.junit.Assert.assertEquals(Assert.java:555)
    at org.junit.Assert.assertEquals(Assert.java:542)
    at java_testcases.junit.LIS_Test.test_1(LIS_Test.java:14)
~ test_2(java_testcases.junit.LIS_Test)
[expected:<3> but was:<1>]
java.lang.AssertionError: expected:<3> but was:<1>    at org.junit.Assert.fail(Assert.java:88)
    at org.junit.Assert.failNotEquals(Assert.java:743)
    at org.junit.Assert.assertEquals(Assert.java:118)
    at org.junit.Assert.assertEquals(Assert.java:555)
    at org.junit.Assert.assertEquals(Assert.java:542)
    at java_testcases.junit.LIS_Test.test_2(LIS_Test.java:20)
~ test_3(java_testcases.junit.LIS_Test)
[expected:<4> but was:<3>]
java.lang.AssertionError: expected:<4> but was:<3>    at org.junit.Assert.fail(Assert.java:88)
    at org.junit.Assert.failNotEquals(Assert.java:743)
    at org.junit.Assert.assertEquals(Assert.java:118)
    at org.junit.Assert.assertEquals(Assert.java:555)
    at org.junit.Assert.assertEquals(Assert.java:542)
    at java_testcases.junit.LIS_Test.test_3(LIS_Test.java:26)

java.lang.AssertionError: expected:<3> but was:<1>
    at org.junit.Assert.fail(Assert.java:88)
    at org.junit.Assert.failNotEquals(Assert.java:743)
    at org.junit.Assert.assertEquals(Assert.java:118)
    at org.junit.Assert.assertEquals(Assert.java:555)
    at org.junit.Assert.assertEquals(Assert.java:542)
    at java_testcases.junit.LIS_Test.test_0(LIS_Test.java:8)
14:38:13.785 [pool-5-thread-1] INFO  f.i.l.c.t.SpecificationTestCasesListener - Tests run finished (6 ms)
<> Total tests run: 1
<> Ignored tests: 0
<> Failed tests: 1
~ test_0(java_testcases.junit.LIS_Test)
[expected:<3> but was:<1>]
java.lang.AssertionError: expected:<3> but was:<1>    at org.junit.Assert.fail(Assert.java:88)
    at org.junit.Assert.failNotEquals(Assert.java:743)
    at org.junit.Assert.assertEquals(Assert.java:118)
    at org.junit.Assert.assertEquals(Assert.java:555)
    at org.junit.Assert.assertEquals(Assert.java:542)
    at java_testcases.junit.LIS_Test.test_0(LIS_Test.java:8)

java.lang.AssertionError: expected:<3> but was:<1>
    at org.junit.Assert.fail(Assert.java:88)
    at org.junit.Assert.failNotEquals(Assert.java:743)
    at org.junit.Assert.assertEquals(Assert.java:118)
    at org.junit.Assert.assertEquals(Assert.java:555)
    at org.junit.Assert.assertEquals(Assert.java:542)
    at java_testcases.junit.LIS_Test.test_2(LIS_Test.java:20)
14:38:13.787 [pool-6-thread-1] INFO  f.i.l.c.t.SpecificationTestCasesListener - Tests run finished (1 ms)
<> Total tests run: 1
<> Ignored tests: 0
<> Failed tests: 1
~ test_2(java_testcases.junit.LIS_Test)
[expected:<3> but was:<1>]
java.lang.AssertionError: expected:<3> but was:<1>    at org.junit.Assert.fail(Assert.java:88)
    at org.junit.Assert.failNotEquals(Assert.java:743)
    at org.junit.Assert.assertEquals(Assert.java:118)
    at org.junit.Assert.assertEquals(Assert.java:555)
    at org.junit.Assert.assertEquals(Assert.java:542)
    at java_testcases.junit.LIS_Test.test_2(LIS_Test.java:20)

java.lang.AssertionError: expected:<6> but was:<7>
    at org.junit.Assert.fail(Assert.java:88)
    at org.junit.Assert.failNotEquals(Assert.java:743)
    at org.junit.Assert.assertEquals(Assert.java:118)
    at org.junit.Assert.assertEquals(Assert.java:555)
    at org.junit.Assert.assertEquals(Assert.java:542)
    at java_testcases.junit.LIS_Test.test_1(LIS_Test.java:14)
14:38:13.790 [pool-7-thread-1] INFO  f.i.l.c.t.SpecificationTestCasesListener - Tests run finished (2 ms)
<> Total tests run: 1
<> Ignored tests: 0
<> Failed tests: 1
~ test_1(java_testcases.junit.LIS_Test)
[expected:<6> but was:<7>]
java.lang.AssertionError: expected:<6> but was:<7>    at org.junit.Assert.fail(Assert.java:88)
    at org.junit.Assert.failNotEquals(Assert.java:743)
    at org.junit.Assert.assertEquals(Assert.java:118)
    at org.junit.Assert.assertEquals(Assert.java:555)
    at org.junit.Assert.assertEquals(Assert.java:542)
    at java_testcases.junit.LIS_Test.test_1(LIS_Test.java:14)

java.lang.AssertionError: expected:<4> but was:<2>
    at org.junit.Assert.fail(Assert.java:88)
    at org.junit.Assert.failNotEquals(Assert.java:743)
    at org.junit.Assert.assertEquals(Assert.java:118)
    at org.junit.Assert.assertEquals(Assert.java:555)
    at org.junit.Assert.assertEquals(Assert.java:542)
    at java_testcases.junit.LIS_Test.test_3(LIS_Test.java:26)
14:38:13.793 [pool-8-thread-1] INFO  f.i.l.c.t.SpecificationTestCasesListener - Tests run finished (1 ms)
<> Total tests run: 1
<> Ignored tests: 0
<> Failed tests: 1
~ test_3(java_testcases.junit.LIS_Test)
[expected:<4> but was:<2>]
java.lang.AssertionError: expected:<4> but was:<2>    at org.junit.Assert.fail(Assert.java:88)
    at org.junit.Assert.failNotEquals(Assert.java:743)
    at org.junit.Assert.assertEquals(Assert.java:118)
    at org.junit.Assert.assertEquals(Assert.java:555)
    at org.junit.Assert.assertEquals(Assert.java:542)
    at java_testcases.junit.LIS_Test.test_3(LIS_Test.java:26)

java.lang.AssertionError: expected:<3> but was:<2>
    at org.junit.Assert.fail(Assert.java:88)
    at org.junit.Assert.failNotEquals(Assert.java:743)
    at org.junit.Assert.assertEquals(Assert.java:118)
    at org.junit.Assert.assertEquals(Assert.java:555)
    at org.junit.Assert.assertEquals(Assert.java:542)
    at java_testcases.junit.LIS_Test.test_0(LIS_Test.java:8)
14:38:13.795 [pool-9-thread-1] INFO  f.i.l.c.t.SpecificationTestCasesListener - Tests run finished (1 ms)
<> Total tests run: 1
<> Ignored tests: 0
<> Failed tests: 1
~ test_0(java_testcases.junit.LIS_Test)
[expected:<3> but was:<2>]
java.lang.AssertionError: expected:<3> but was:<2>    at org.junit.Assert.fail(Assert.java:88)
    at org.junit.Assert.failNotEquals(Assert.java:743)
    at org.junit.Assert.assertEquals(Assert.java:118)
    at org.junit.Assert.assertEquals(Assert.java:555)
    at org.junit.Assert.assertEquals(Assert.java:542)
    at java_testcases.junit.LIS_Test.test_0(LIS_Test.java:8)

java.lang.AssertionError: expected:<3> but was:<1>
    at org.junit.Assert.fail(Assert.java:88)
    at org.junit.Assert.failNotEquals(Assert.java:743)
    at org.junit.Assert.assertEquals(Assert.java:118)
    at org.junit.Assert.assertEquals(Assert.java:555)
    at org.junit.Assert.assertEquals(Assert.java:542)
    at java_testcases.junit.LIS_Test.test_2(LIS_Test.java:20)
14:38:13.798 [pool-10-thread-1] INFO  f.i.l.c.t.SpecificationTestCasesListener - Tests run finished (1 ms)
<> Total tests run: 1
<> Ignored tests: 0
<> Failed tests: 1
~ test_2(java_testcases.junit.LIS_Test)
[expected:<3> but was:<1>]
java.lang.AssertionError: expected:<3> but was:<1>    at org.junit.Assert.fail(Assert.java:88)
    at org.junit.Assert.failNotEquals(Assert.java:743)
    at org.junit.Assert.assertEquals(Assert.java:118)
    at org.junit.Assert.assertEquals(Assert.java:555)
    at org.junit.Assert.assertEquals(Assert.java:542)
    at java_testcases.junit.LIS_Test.test_2(LIS_Test.java:20)

java.lang.AssertionError: expected:<6> but was:<5>
    at org.junit.Assert.fail(Assert.java:88)
    at org.junit.Assert.failNotEquals(Assert.java:743)
    at org.junit.Assert.assertEquals(Assert.java:118)
    at org.junit.Assert.assertEquals(Assert.java:555)
    at org.junit.Assert.assertEquals(Assert.java:542)
    at java_testcases.junit.LIS_Test.test_1(LIS_Test.java:14)
14:38:13.800 [pool-11-thread-1] INFO  f.i.l.c.t.SpecificationTestCasesListener - Tests run finished (1 ms)
<> Total tests run: 1
<> Ignored tests: 0
<> Failed tests: 1
~ test_1(java_testcases.junit.LIS_Test)
[expected:<6> but was:<5>]
java.lang.AssertionError: expected:<6> but was:<5>    at org.junit.Assert.fail(Assert.java:88)
    at org.junit.Assert.failNotEquals(Assert.java:743)
    at org.junit.Assert.assertEquals(Assert.java:118)
    at org.junit.Assert.assertEquals(Assert.java:555)
    at org.junit.Assert.assertEquals(Assert.java:542)
    at java_testcases.junit.LIS_Test.test_1(LIS_Test.java:14)

java.lang.AssertionError: expected:<4> but was:<3>
    at org.junit.Assert.fail(Assert.java:88)
    at org.junit.Assert.failNotEquals(Assert.java:743)
    at org.junit.Assert.assertEquals(Assert.java:118)
    at org.junit.Assert.assertEquals(Assert.java:555)
    at org.junit.Assert.assertEquals(Assert.java:542)
    at java_testcases.junit.LIS_Test.test_3(LIS_Test.java:26)
14:38:13.802 [pool-12-thread-1] INFO  f.i.l.c.t.SpecificationTestCasesListener - Tests run finished (0 ms)
<> Total tests run: 1
<> Ignored tests: 0
<> Failed tests: 1
~ test_3(java_testcases.junit.LIS_Test)
[expected:<4> but was:<3>]
java.lang.AssertionError: expected:<4> but was:<3>    at org.junit.Assert.fail(Assert.java:88)
    at org.junit.Assert.failNotEquals(Assert.java:743)
    at org.junit.Assert.assertEquals(Assert.java:118)
    at org.junit.Assert.assertEquals(Assert.java:555)
    at org.junit.Assert.assertEquals(Assert.java:542)
    at java_testcases.junit.LIS_Test.test_3(LIS_Test.java:26)

14:38:13.803 [pool-3-thread-1] DEBUG tests.output - Failing tests with false: 
[test_0(java_testcases.junit.LIS_Test): expected:<3> but was:<1>, test_2(java_testcases.junit.LIS_Test): expected:<3> but was:<1>, test_1(java_testcases.junit.LIS_Test): expected:<6> but was:<7>, test_3(java_testcases.junit.LIS_Test): expected:<4> but was:<2>]
14:38:13.803 [pool-3-thread-1] DEBUG tests.output - Failing tests with true: 
[test_0(java_testcases.junit.LIS_Test): expected:<3> but was:<2>, test_2(java_testcases.junit.LIS_Test): expected:<3> but was:<1>, test_1(java_testcases.junit.LIS_Test): expected:<6> but was:<5>, test_3(java_testcases.junit.LIS_Test): expected:<4> but was:<3>]
14:38:13.803 [pool-3-thread-1] INFO  f.i.l.r.n.synth.SMTNopolSynthesizer - Not enough specifications: 0. A trivial patch is "true" or "false", please write new tests specifying SourceLocation java_programs.LIS:34.
14:38:13.803 [pool-2-thread-1] DEBUG fr.inria.lille.repair.nopol.NoPol - statement #3
14:38:13.803 [pool-2-thread-1] DEBUG fr.inria.lille.repair.nopol.NoPol - Analysing SourceLocation java_programs.LIS:31 which is executed by 4 tests
75383
14:38:13.857 [pool-2-thread-1] DEBUG fr.inria.lille.repair.nopol.NoPol - looking with class fr.inria.lille.repair.nopol.spoon.smt.ConditionalAdder
java.lang.AssertionError: expected:<3> but was:<2>
    at org.junit.Assert.fail(Assert.java:88)
    at org.junit.Assert.failNotEquals(Assert.java:743)
    at org.junit.Assert.assertEquals(Assert.java:118)
    at org.junit.Assert.assertEquals(Assert.java:555)
    at org.junit.Assert.assertEquals(Assert.java:542)
    at java_testcases.junit.LIS_Test.test_0(LIS_Test.java:8)
java.lang.AssertionError: expected:<6> but was:<5>
    at org.junit.Assert.fail(Assert.java:88)
    at org.junit.Assert.failNotEquals(Assert.java:743)
    at org.junit.Assert.assertEquals(Assert.java:118)
    at org.junit.Assert.assertEquals(Assert.java:555)
    at org.junit.Assert.assertEquals(Assert.java:542)
    at java_testcases.junit.LIS_Test.test_1(LIS_Test.java:14)
java.lang.AssertionError: expected:<3> but was:<1>
    at org.junit.Assert.fail(Assert.java:88)
    at org.junit.Assert.failNotEquals(Assert.java:743)
    at org.junit.Assert.assertEquals(Assert.java:118)
    at org.junit.Assert.assertEquals(Assert.java:555)
    at org.junit.Assert.assertEquals(Assert.java:542)
    at java_testcases.junit.LIS_Test.test_2(LIS_Test.java:20)
java.lang.AssertionError: expected:<4> but was:<3>
    at org.junit.Assert.fail(Assert.java:88)
    at org.junit.Assert.failNotEquals(Assert.java:743)
    at org.junit.Assert.assertEquals(Assert.java:118)
    at org.junit.Assert.assertEquals(Assert.java:555)
    at org.junit.Assert.assertEquals(Assert.java:542)
    at java_testcases.junit.LIS_Test.test_3(LIS_Test.java:26)
java.lang.AssertionError: expected:<3> but was:<2>
    at org.junit.Assert.fail(Assert.java:88)
    at org.junit.Assert.failNotEquals(Assert.java:743)
    at org.junit.Assert.assertEquals(Assert.java:118)
    at org.junit.Assert.assertEquals(Assert.java:555)
    at org.junit.Assert.assertEquals(Assert.java:542)
    at java_testcases.junit.LIS_Test.test_0(LIS_Test.java:8)
java.lang.AssertionError: expected:<6> but was:<5>
    at org.junit.Assert.fail(Assert.java:88)
    at org.junit.Assert.failNotEquals(Assert.java:743)
    at org.junit.Assert.assertEquals(Assert.java:118)
    at org.junit.Assert.assertEquals(Assert.java:555)
    at org.junit.Assert.assertEquals(Assert.java:542)
    at java_testcases.junit.LIS_Test.test_1(LIS_Test.java:14)
java.lang.AssertionError: expected:<3> but was:<1>
    at org.junit.Assert.fail(Assert.java:88)
    at org.junit.Assert.failNotEquals(Assert.java:743)
    at org.junit.Assert.assertEquals(Assert.java:118)
    at org.junit.Assert.assertEquals(Assert.java:555)
    at org.junit.Assert.assertEquals(Assert.java:542)
    at java_testcases.junit.LIS_Test.test_2(LIS_Test.java:20)
java.lang.AssertionError: expected:<4> but was:<3>
    at org.junit.Assert.fail(Assert.java:88)
    at org.junit.Assert.failNotEquals(Assert.java:743)
    at org.junit.Assert.assertEquals(Assert.java:118)
    at org.junit.Assert.assertEquals(Assert.java:555)
    at org.junit.Assert.assertEquals(Assert.java:542)
    at java_testcases.junit.LIS_Test.test_3(LIS_Test.java:26)
java.lang.AssertionError: expected:<3> but was:<2>
    at org.junit.Assert.fail(Assert.java:88)
    at org.junit.Assert.failNotEquals(Assert.java:743)
    at org.junit.Assert.assertEquals(Assert.java:118)
    at org.junit.Assert.assertEquals(Assert.java:555)
    at org.junit.Assert.assertEquals(Assert.java:542)
    at java_testcases.junit.LIS_Test.test_0(LIS_Test.java:8)
java.lang.AssertionError: expected:<6> but was:<5>
    at org.junit.Assert.fail(Assert.java:88)
    at org.junit.Assert.failNotEquals(Assert.java:743)
    at org.junit.Assert.assertEquals(Assert.java:118)
    at org.junit.Assert.assertEquals(Assert.java:555)
    at org.junit.Assert.assertEquals(Assert.java:542)
    at java_testcases.junit.LIS_Test.test_1(LIS_Test.java:14)
java.lang.AssertionError: expected:<3> but was:<1>
    at org.junit.Assert.fail(Assert.java:88)
    at org.junit.Assert.failNotEquals(Assert.java:743)
    at org.junit.Assert.assertEquals(Assert.java:118)
    at org.junit.Assert.assertEquals(Assert.java:555)
    at org.junit.Assert.assertEquals(Assert.java:542)
    at java_testcases.junit.LIS_Test.test_2(LIS_Test.java:20)
java.lang.AssertionError: expected:<4> but was:<3>
    at org.junit.Assert.fail(Assert.java:88)
    at org.junit.Assert.failNotEquals(Assert.java:743)
    at org.junit.Assert.assertEquals(Assert.java:118)
    at org.junit.Assert.assertEquals(Assert.java:555)
    at org.junit.Assert.assertEquals(Assert.java:542)
    at java_testcases.junit.LIS_Test.test_3(LIS_Test.java:26)
java.lang.AssertionError: expected:<3> but was:<2>
    at org.junit.Assert.fail(Assert.java:88)
    at org.junit.Assert.failNotEquals(Assert.java:743)
    at org.junit.Assert.assertEquals(Assert.java:118)
    at org.junit.Assert.assertEquals(Assert.java:555)
    at org.junit.Assert.assertEquals(Assert.java:542)
    at java_testcases.junit.LIS_Test.test_0(LIS_Test.java:8)
java.lang.AssertionError: expected:<6> but was:<5>
    at org.junit.Assert.fail(Assert.java:88)
    at org.junit.Assert.failNotEquals(Assert.java:743)
    at org.junit.Assert.assertEquals(Assert.java:118)
    at org.junit.Assert.assertEquals(Assert.java:555)
    at org.junit.Assert.assertEquals(Assert.java:542)
    at java_testcases.junit.LIS_Test.test_1(LIS_Test.java:14)
java.lang.AssertionError: expected:<3> but was:<1>
    at org.junit.Assert.fail(Assert.java:88)
    at org.junit.Assert.failNotEquals(Assert.java:743)
    at org.junit.Assert.assertEquals(Assert.java:118)
    at org.junit.Assert.assertEquals(Assert.java:555)
    at org.junit.Assert.assertEquals(Assert.java:542)
    at java_testcases.junit.LIS_Test.test_2(LIS_Test.java:20)
java.lang.AssertionError: expected:<4> but was:<3>
    at org.junit.Assert.fail(Assert.java:88)
    at org.junit.Assert.failNotEquals(Assert.java:743)
    at org.junit.Assert.assertEquals(Assert.java:118)
    at org.junit.Assert.assertEquals(Assert.java:555)
    at org.junit.Assert.assertEquals(Assert.java:542)
    at java_testcases.junit.LIS_Test.test_3(LIS_Test.java:26)
14:38:13.874 [pool-14-thread-1] INFO  xxl.java.junit.TestCasesListener - Tests run finished (14 ms)
<> Total tests run: 16
<> Ignored tests: 0
<> Failed tests: 16
~ test_0(java_testcases.junit.LIS_Test)
[expected:<3> but was:<2>]
java.lang.AssertionError: expected:<3> but was:<2>    at org.junit.Assert.fail(Assert.java:88)
    at org.junit.Assert.failNotEquals(Assert.java:743)
    at org.junit.Assert.assertEquals(Assert.java:118)
    at org.junit.Assert.assertEquals(Assert.java:555)
    at org.junit.Assert.assertEquals(Assert.java:542)
    at java_testcases.junit.LIS_Test.test_0(LIS_Test.java:8)
~ test_1(java_testcases.junit.LIS_Test)
[expected:<6> but was:<5>]
java.lang.AssertionError: expected:<6> but was:<5>    at org.junit.Assert.fail(Assert.java:88)
    at org.junit.Assert.failNotEquals(Assert.java:743)
    at org.junit.Assert.assertEquals(Assert.java:118)
    at org.junit.Assert.assertEquals(Assert.java:555)
    at org.junit.Assert.assertEquals(Assert.java:542)
    at java_testcases.junit.LIS_Test.test_1(LIS_Test.java:14)
~ test_2(java_testcases.junit.LIS_Test)
[expected:<3> but was:<1>]
java.lang.AssertionError: expected:<3> but was:<1>    at org.junit.Assert.fail(Assert.java:88)
    at org.junit.Assert.failNotEquals(Assert.java:743)
    at org.junit.Assert.assertEquals(Assert.java:118)
    at org.junit.Assert.assertEquals(Assert.java:555)
    at org.junit.Assert.assertEquals(Assert.java:542)
    at java_testcases.junit.LIS_Test.test_2(LIS_Test.java:20)
~ test_3(java_testcases.junit.LIS_Test)
[expected:<4> but was:<3>]
java.lang.AssertionError: expected:<4> but was:<3>    at org.junit.Assert.fail(Assert.java:88)
    at org.junit.Assert.failNotEquals(Assert.java:743)
    at org.junit.Assert.assertEquals(Assert.java:118)
    at org.junit.Assert.assertEquals(Assert.java:555)
    at org.junit.Assert.assertEquals(Assert.java:542)
    at java_testcases.junit.LIS_Test.test_3(LIS_Test.java:26)
~ test_0(java_testcases.junit.LIS_Test)
[expected:<3> but was:<2>]
java.lang.AssertionError: expected:<3> but was:<2>    at org.junit.Assert.fail(Assert.java:88)
    at org.junit.Assert.failNotEquals(Assert.java:743)
    at org.junit.Assert.assertEquals(Assert.java:118)
    at org.junit.Assert.assertEquals(Assert.java:555)
    at org.junit.Assert.assertEquals(Assert.java:542)
    at java_testcases.junit.LIS_Test.test_0(LIS_Test.java:8)
~ test_1(java_testcases.junit.LIS_Test)
[expected:<6> but was:<5>]
java.lang.AssertionError: expected:<6> but was:<5>    at org.junit.Assert.fail(Assert.java:88)
    at org.junit.Assert.failNotEquals(Assert.java:743)
    at org.junit.Assert.assertEquals(Assert.java:118)
    at org.junit.Assert.assertEquals(Assert.java:555)
    at org.junit.Assert.assertEquals(Assert.java:542)
    at java_testcases.junit.LIS_Test.test_1(LIS_Test.java:14)
~ test_2(java_testcases.junit.LIS_Test)
[expected:<3> but was:<1>]
java.lang.AssertionError: expected:<3> but was:<1>    at org.junit.Assert.fail(Assert.java:88)
    at org.junit.Assert.failNotEquals(Assert.java:743)
    at org.junit.Assert.assertEquals(Assert.java:118)
    at org.junit.Assert.assertEquals(Assert.java:555)
    at org.junit.Assert.assertEquals(Assert.java:542)
    at java_testcases.junit.LIS_Test.test_2(LIS_Test.java:20)
~ test_3(java_testcases.junit.LIS_Test)
[expected:<4> but was:<3>]
java.lang.AssertionError: expected:<4> but was:<3>    at org.junit.Assert.fail(Assert.java:88)
    at org.junit.Assert.failNotEquals(Assert.java:743)
    at org.junit.Assert.assertEquals(Assert.java:118)
    at org.junit.Assert.assertEquals(Assert.java:555)
    at org.junit.Assert.assertEquals(Assert.java:542)
    at java_testcases.junit.LIS_Test.test_3(LIS_Test.java:26)
~ test_0(java_testcases.junit.LIS_Test)
[expected:<3> but was:<2>]
java.lang.AssertionError: expected:<3> but was:<2>    at org.junit.Assert.fail(Assert.java:88)
    at org.junit.Assert.failNotEquals(Assert.java:743)
    at org.junit.Assert.assertEquals(Assert.java:118)
    at org.junit.Assert.assertEquals(Assert.java:555)
    at org.junit.Assert.assertEquals(Assert.java:542)
    at java_testcases.junit.LIS_Test.test_0(LIS_Test.java:8)
~ test_1(java_testcases.junit.LIS_Test)
[expected:<6> but was:<5>]
java.lang.AssertionError: expected:<6> but was:<5>    at org.junit.Assert.fail(Assert.java:88)
    at org.junit.Assert.failNotEquals(Assert.java:743)
    at org.junit.Assert.assertEquals(Assert.java:118)
    at org.junit.Assert.assertEquals(Assert.java:555)
    at org.junit.Assert.assertEquals(Assert.java:542)
    at java_testcases.junit.LIS_Test.test_1(LIS_Test.java:14)
~ test_2(java_testcases.junit.LIS_Test)
[expected:<3> but was:<1>]
java.lang.AssertionError: expected:<3> but was:<1>    at org.junit.Assert.fail(Assert.java:88)
    at org.junit.Assert.failNotEquals(Assert.java:743)
    at org.junit.Assert.assertEquals(Assert.java:118)
    at org.junit.Assert.assertEquals(Assert.java:555)
    at org.junit.Assert.assertEquals(Assert.java:542)
    at java_testcases.junit.LIS_Test.test_2(LIS_Test.java:20)
~ test_3(java_testcases.junit.LIS_Test)
[expected:<4> but was:<3>]
java.lang.AssertionError: expected:<4> but was:<3>    at org.junit.Assert.fail(Assert.java:88)
    at org.junit.Assert.failNotEquals(Assert.java:743)
    at org.junit.Assert.assertEquals(Assert.java:118)
    at org.junit.Assert.assertEquals(Assert.java:555)
    at org.junit.Assert.assertEquals(Assert.java:542)
    at java_testcases.junit.LIS_Test.test_3(LIS_Test.java:26)
~ test_0(java_testcases.junit.LIS_Test)
[expected:<3> but was:<2>]
java.lang.AssertionError: expected:<3> but was:<2>    at org.junit.Assert.fail(Assert.java:88)
    at org.junit.Assert.failNotEquals(Assert.java:743)
    at org.junit.Assert.assertEquals(Assert.java:118)
    at org.junit.Assert.assertEquals(Assert.java:555)
    at org.junit.Assert.assertEquals(Assert.java:542)
    at java_testcases.junit.LIS_Test.test_0(LIS_Test.java:8)
~ test_1(java_testcases.junit.LIS_Test)
[expected:<6> but was:<5>]
java.lang.AssertionError: expected:<6> but was:<5>    at org.junit.Assert.fail(Assert.java:88)
    at org.junit.Assert.failNotEquals(Assert.java:743)
    at org.junit.Assert.assertEquals(Assert.java:118)
    at org.junit.Assert.assertEquals(Assert.java:555)
    at org.junit.Assert.assertEquals(Assert.java:542)
    at java_testcases.junit.LIS_Test.test_1(LIS_Test.java:14)
~ test_2(java_testcases.junit.LIS_Test)
[expected:<3> but was:<1>]
java.lang.AssertionError: expected:<3> but was:<1>    at org.junit.Assert.fail(Assert.java:88)
    at org.junit.Assert.failNotEquals(Assert.java:743)
    at org.junit.Assert.assertEquals(Assert.java:118)
    at org.junit.Assert.assertEquals(Assert.java:555)
    at org.junit.Assert.assertEquals(Assert.java:542)
    at java_testcases.junit.LIS_Test.test_2(LIS_Test.java:20)
~ test_3(java_testcases.junit.LIS_Test)
[expected:<4> but was:<3>]
java.lang.AssertionError: expected:<4> but was:<3>    at org.junit.Assert.fail(Assert.java:88)
    at org.junit.Assert.failNotEquals(Assert.java:743)
    at org.junit.Assert.assertEquals(Assert.java:118)
    at org.junit.Assert.assertEquals(Assert.java:555)
    at org.junit.Assert.assertEquals(Assert.java:542)
    at java_testcases.junit.LIS_Test.test_3(LIS_Test.java:26)

java.lang.AssertionError: expected:<3> but was:<0>
    at org.junit.Assert.fail(Assert.java:88)
    at org.junit.Assert.failNotEquals(Assert.java:743)
    at org.junit.Assert.assertEquals(Assert.java:118)
    at org.junit.Assert.assertEquals(Assert.java:555)
    at org.junit.Assert.assertEquals(Assert.java:542)
    at java_testcases.junit.LIS_Test.test_0(LIS_Test.java:8)
14:38:14.019 [pool-15-thread-1] INFO  f.i.l.c.t.SpecificationTestCasesListener - Tests run finished (2 ms)
<> Total tests run: 1
<> Ignored tests: 0
<> Failed tests: 1
~ test_0(java_testcases.junit.LIS_Test)
[expected:<3> but was:<0>]
java.lang.AssertionError: expected:<3> but was:<0>    at org.junit.Assert.fail(Assert.java:88)
    at org.junit.Assert.failNotEquals(Assert.java:743)
    at org.junit.Assert.assertEquals(Assert.java:118)
    at org.junit.Assert.assertEquals(Assert.java:555)
    at org.junit.Assert.assertEquals(Assert.java:542)
    at java_testcases.junit.LIS_Test.test_0(LIS_Test.java:8)

java.lang.AssertionError: expected:<3> but was:<0>
    at org.junit.Assert.fail(Assert.java:88)
    at org.junit.Assert.failNotEquals(Assert.java:743)
    at org.junit.Assert.assertEquals(Assert.java:118)
    at org.junit.Assert.assertEquals(Assert.java:555)
    at org.junit.Assert.assertEquals(Assert.java:542)
    at java_testcases.junit.LIS_Test.test_2(LIS_Test.java:20)
14:38:14.021 [pool-16-thread-1] INFO  f.i.l.c.t.SpecificationTestCasesListener - Tests run finished (1 ms)
<> Total tests run: 1
<> Ignored tests: 0
<> Failed tests: 1
~ test_2(java_testcases.junit.LIS_Test)
[expected:<3> but was:<0>]
java.lang.AssertionError: expected:<3> but was:<0>    at org.junit.Assert.fail(Assert.java:88)
    at org.junit.Assert.failNotEquals(Assert.java:743)
    at org.junit.Assert.assertEquals(Assert.java:118)
    at org.junit.Assert.assertEquals(Assert.java:555)
    at org.junit.Assert.assertEquals(Assert.java:542)
    at java_testcases.junit.LIS_Test.test_2(LIS_Test.java:20)

java.lang.AssertionError: expected:<6> but was:<0>
    at org.junit.Assert.fail(Assert.java:88)
    at org.junit.Assert.failNotEquals(Assert.java:743)
    at org.junit.Assert.assertEquals(Assert.java:118)
    at org.junit.Assert.assertEquals(Assert.java:555)
    at org.junit.Assert.assertEquals(Assert.java:542)
    at java_testcases.junit.LIS_Test.test_1(LIS_Test.java:14)
14:38:14.023 [pool-17-thread-1] INFO  f.i.l.c.t.SpecificationTestCasesListener - Tests run finished (1 ms)
<> Total tests run: 1
<> Ignored tests: 0
<> Failed tests: 1
~ test_1(java_testcases.junit.LIS_Test)
[expected:<6> but was:<0>]
java.lang.AssertionError: expected:<6> but was:<0>    at org.junit.Assert.fail(Assert.java:88)
    at org.junit.Assert.failNotEquals(Assert.java:743)
    at org.junit.Assert.assertEquals(Assert.java:118)
    at org.junit.Assert.assertEquals(Assert.java:555)
    at org.junit.Assert.assertEquals(Assert.java:542)
    at java_testcases.junit.LIS_Test.test_1(LIS_Test.java:14)

java.lang.AssertionError: expected:<4> but was:<0>
    at org.junit.Assert.fail(Assert.java:88)
    at org.junit.Assert.failNotEquals(Assert.java:743)
    at org.junit.Assert.assertEquals(Assert.java:118)
    at org.junit.Assert.assertEquals(Assert.java:555)
    at org.junit.Assert.assertEquals(Assert.java:542)
    at java_testcases.junit.LIS_Test.test_3(LIS_Test.java:26)
14:38:14.027 [pool-18-thread-1] INFO  f.i.l.c.t.SpecificationTestCasesListener - Tests run finished (3 ms)
<> Total tests run: 1
<> Ignored tests: 0
<> Failed tests: 1
~ test_3(java_testcases.junit.LIS_Test)
[expected:<4> but was:<0>]
java.lang.AssertionError: expected:<4> but was:<0>    at org.junit.Assert.fail(Assert.java:88)
    at org.junit.Assert.failNotEquals(Assert.java:743)
    at org.junit.Assert.assertEquals(Assert.java:118)
    at org.junit.Assert.assertEquals(Assert.java:555)
    at org.junit.Assert.assertEquals(Assert.java:542)
    at java_testcases.junit.LIS_Test.test_3(LIS_Test.java:26)

java.lang.AssertionError: expected:<3> but was:<2>
    at org.junit.Assert.fail(Assert.java:88)
    at org.junit.Assert.failNotEquals(Assert.java:743)
    at org.junit.Assert.assertEquals(Assert.java:118)
    at org.junit.Assert.assertEquals(Assert.java:555)
    at org.junit.Assert.assertEquals(Assert.java:542)
    at java_testcases.junit.LIS_Test.test_0(LIS_Test.java:8)
14:38:14.029 [pool-19-thread-1] INFO  f.i.l.c.t.SpecificationTestCasesListener - Tests run finished (1 ms)
<> Total tests run: 1
<> Ignored tests: 0
<> Failed tests: 1
~ test_0(java_testcases.junit.LIS_Test)
[expected:<3> but was:<2>]
java.lang.AssertionError: expected:<3> but was:<2>    at org.junit.Assert.fail(Assert.java:88)
    at org.junit.Assert.failNotEquals(Assert.java:743)
    at org.junit.Assert.assertEquals(Assert.java:118)
    at org.junit.Assert.assertEquals(Assert.java:555)
    at org.junit.Assert.assertEquals(Assert.java:542)
    at java_testcases.junit.LIS_Test.test_0(LIS_Test.java:8)

java.lang.AssertionError: expected:<3> but was:<1>
    at org.junit.Assert.fail(Assert.java:88)
    at org.junit.Assert.failNotEquals(Assert.java:743)
    at org.junit.Assert.assertEquals(Assert.java:118)
    at org.junit.Assert.assertEquals(Assert.java:555)
    at org.junit.Assert.assertEquals(Assert.java:542)
    at java_testcases.junit.LIS_Test.test_2(LIS_Test.java:20)
14:38:14.031 [pool-20-thread-1] INFO  f.i.l.c.t.SpecificationTestCasesListener - Tests run finished (1 ms)
<> Total tests run: 1
<> Ignored tests: 0
<> Failed tests: 1
~ test_2(java_testcases.junit.LIS_Test)
[expected:<3> but was:<1>]
java.lang.AssertionError: expected:<3> but was:<1>    at org.junit.Assert.fail(Assert.java:88)
    at org.junit.Assert.failNotEquals(Assert.java:743)
    at org.junit.Assert.assertEquals(Assert.java:118)
    at org.junit.Assert.assertEquals(Assert.java:555)
    at org.junit.Assert.assertEquals(Assert.java:542)
    at java_testcases.junit.LIS_Test.test_2(LIS_Test.java:20)

java.lang.AssertionError: expected:<6> but was:<5>
    at org.junit.Assert.fail(Assert.java:88)
    at org.junit.Assert.failNotEquals(Assert.java:743)
    at org.junit.Assert.assertEquals(Assert.java:118)
    at org.junit.Assert.assertEquals(Assert.java:555)
    at org.junit.Assert.assertEquals(Assert.java:542)
    at java_testcases.junit.LIS_Test.test_1(LIS_Test.java:14)
14:38:14.032 [pool-21-thread-1] INFO  f.i.l.c.t.SpecificationTestCasesListener - Tests run finished (1 ms)
<> Total tests run: 1
<> Ignored tests: 0
<> Failed tests: 1
~ test_1(java_testcases.junit.LIS_Test)
[expected:<6> but was:<5>]
java.lang.AssertionError: expected:<6> but was:<5>    at org.junit.Assert.fail(Assert.java:88)
    at org.junit.Assert.failNotEquals(Assert.java:743)
    at org.junit.Assert.assertEquals(Assert.java:118)
    at org.junit.Assert.assertEquals(Assert.java:555)
    at org.junit.Assert.assertEquals(Assert.java:542)
    at java_testcases.junit.LIS_Test.test_1(LIS_Test.java:14)

java.lang.AssertionError: expected:<4> but was:<3>
    at org.junit.Assert.fail(Assert.java:88)
    at org.junit.Assert.failNotEquals(Assert.java:743)
    at org.junit.Assert.assertEquals(Assert.java:118)
    at org.junit.Assert.assertEquals(Assert.java:555)
    at org.junit.Assert.assertEquals(Assert.java:542)
    at java_testcases.junit.LIS_Test.test_3(LIS_Test.java:26)
14:38:14.034 [pool-22-thread-1] INFO  f.i.l.c.t.SpecificationTestCasesListener - Tests run finished (1 ms)
<> Total tests run: 1
<> Ignored tests: 0
<> Failed tests: 1
~ test_3(java_testcases.junit.LIS_Test)
[expected:<4> but was:<3>]
java.lang.AssertionError: expected:<4> but was:<3>    at org.junit.Assert.fail(Assert.java:88)
    at org.junit.Assert.failNotEquals(Assert.java:743)
    at org.junit.Assert.assertEquals(Assert.java:118)
    at org.junit.Assert.assertEquals(Assert.java:555)
    at org.junit.Assert.assertEquals(Assert.java:542)
    at java_testcases.junit.LIS_Test.test_3(LIS_Test.java:26)

14:38:14.035 [pool-13-thread-1] DEBUG tests.output - Failing tests with false: 
[test_0(java_testcases.junit.LIS_Test): expected:<3> but was:<0>, test_2(java_testcases.junit.LIS_Test): expected:<3> but was:<0>, test_1(java_testcases.junit.LIS_Test): expected:<6> but was:<0>, test_3(java_testcases.junit.LIS_Test): expected:<4> but was:<0>]
14:38:14.035 [pool-13-thread-1] DEBUG tests.output - Failing tests with true: 
[test_0(java_testcases.junit.LIS_Test): expected:<3> but was:<2>, test_2(java_testcases.junit.LIS_Test): expected:<3> but was:<1>, test_1(java_testcases.junit.LIS_Test): expected:<6> but was:<5>, test_3(java_testcases.junit.LIS_Test): expected:<4> but was:<3>]
14:38:14.035 [pool-13-thread-1] INFO  f.i.l.r.n.synth.SMTNopolSynthesizer - Not enough specifications: 0. A trivial patch is "true" or "false", please write new tests specifying SourceLocation java_programs.LIS:31.
14:38:14.035 [pool-2-thread-1] DEBUG fr.inria.lille.repair.nopol.NoPol - statement #4
14:38:14.036 [pool-2-thread-1] DEBUG fr.inria.lille.repair.nopol.NoPol - Analysing SourceLocation java_programs.LIS:30 which is executed by 4 tests
75383
14:38:14.107 [pool-2-thread-1] DEBUG fr.inria.lille.repair.nopol.NoPol - looking with class fr.inria.lille.repair.nopol.spoon.smt.ConditionalAdder
java.lang.AssertionError: expected:<3> but was:<2>
    at org.junit.Assert.fail(Assert.java:88)
    at org.junit.Assert.failNotEquals(Assert.java:743)
    at org.junit.Assert.assertEquals(Assert.java:118)
    at org.junit.Assert.assertEquals(Assert.java:555)
    at org.junit.Assert.assertEquals(Assert.java:542)
    at java_testcases.junit.LIS_Test.test_0(LIS_Test.java:8)
java.lang.AssertionError: expected:<6> but was:<5>
    at org.junit.Assert.fail(Assert.java:88)
    at org.junit.Assert.failNotEquals(Assert.java:743)
    at org.junit.Assert.assertEquals(Assert.java:118)
    at org.junit.Assert.assertEquals(Assert.java:555)
    at org.junit.Assert.assertEquals(Assert.java:542)
    at java_testcases.junit.LIS_Test.test_1(LIS_Test.java:14)
java.lang.AssertionError: expected:<3> but was:<1>
    at org.junit.Assert.fail(Assert.java:88)
    at org.junit.Assert.failNotEquals(Assert.java:743)
    at org.junit.Assert.assertEquals(Assert.java:118)
    at org.junit.Assert.assertEquals(Assert.java:555)
    at org.junit.Assert.assertEquals(Assert.java:542)
    at java_testcases.junit.LIS_Test.test_2(LIS_Test.java:20)
java.lang.AssertionError: expected:<4> but was:<3>
    at org.junit.Assert.fail(Assert.java:88)
    at org.junit.Assert.failNotEquals(Assert.java:743)
    at org.junit.Assert.assertEquals(Assert.java:118)
    at org.junit.Assert.assertEquals(Assert.java:555)
    at org.junit.Assert.assertEquals(Assert.java:542)
    at java_testcases.junit.LIS_Test.test_3(LIS_Test.java:26)
java.lang.AssertionError: expected:<3> but was:<2>
    at org.junit.Assert.fail(Assert.java:88)
    at org.junit.Assert.failNotEquals(Assert.java:743)
    at org.junit.Assert.assertEquals(Assert.java:118)
    at org.junit.Assert.assertEquals(Assert.java:555)
    at org.junit.Assert.assertEquals(Assert.java:542)
    at java_testcases.junit.LIS_Test.test_0(LIS_Test.java:8)
java.lang.AssertionError: expected:<6> but was:<5>
    at org.junit.Assert.fail(Assert.java:88)
    at org.junit.Assert.failNotEquals(Assert.java:743)
    at org.junit.Assert.assertEquals(Assert.java:118)
    at org.junit.Assert.assertEquals(Assert.java:555)
    at org.junit.Assert.assertEquals(Assert.java:542)
    at java_testcases.junit.LIS_Test.test_1(LIS_Test.java:14)
java.lang.AssertionError: expected:<3> but was:<1>
    at org.junit.Assert.fail(Assert.java:88)
    at org.junit.Assert.failNotEquals(Assert.java:743)
    at org.junit.Assert.assertEquals(Assert.java:118)
    at org.junit.Assert.assertEquals(Assert.java:555)
    at org.junit.Assert.assertEquals(Assert.java:542)
    at java_testcases.junit.LIS_Test.test_2(LIS_Test.java:20)
java.lang.AssertionError: expected:<4> but was:<3>
    at org.junit.Assert.fail(Assert.java:88)
    at org.junit.Assert.failNotEquals(Assert.java:743)
    at org.junit.Assert.assertEquals(Assert.java:118)
    at org.junit.Assert.assertEquals(Assert.java:555)
    at org.junit.Assert.assertEquals(Assert.java:542)
    at java_testcases.junit.LIS_Test.test_3(LIS_Test.java:26)
java.lang.AssertionError: expected:<3> but was:<2>
    at org.junit.Assert.fail(Assert.java:88)
    at org.junit.Assert.failNotEquals(Assert.java:743)
    at org.junit.Assert.assertEquals(Assert.java:118)
    at org.junit.Assert.assertEquals(Assert.java:555)
    at org.junit.Assert.assertEquals(Assert.java:542)
    at java_testcases.junit.LIS_Test.test_0(LIS_Test.java:8)
java.lang.AssertionError: expected:<6> but was:<5>
    at org.junit.Assert.fail(Assert.java:88)
    at org.junit.Assert.failNotEquals(Assert.java:743)
    at org.junit.Assert.assertEquals(Assert.java:118)
    at org.junit.Assert.assertEquals(Assert.java:555)
    at org.junit.Assert.assertEquals(Assert.java:542)
    at java_testcases.junit.LIS_Test.test_1(LIS_Test.java:14)
java.lang.AssertionError: expected:<3> but was:<1>
    at org.junit.Assert.fail(Assert.java:88)
    at org.junit.Assert.failNotEquals(Assert.java:743)
    at org.junit.Assert.assertEquals(Assert.java:118)
    at org.junit.Assert.assertEquals(Assert.java:555)
    at org.junit.Assert.assertEquals(Assert.java:542)
    at java_testcases.junit.LIS_Test.test_2(LIS_Test.java:20)
java.lang.AssertionError: expected:<4> but was:<3>
    at org.junit.Assert.fail(Assert.java:88)
    at org.junit.Assert.failNotEquals(Assert.java:743)
    at org.junit.Assert.assertEquals(Assert.java:118)
    at org.junit.Assert.assertEquals(Assert.java:555)
    at org.junit.Assert.assertEquals(Assert.java:542)
    at java_testcases.junit.LIS_Test.test_3(LIS_Test.java:26)
java.lang.AssertionError: expected:<3> but was:<2>
    at org.junit.Assert.fail(Assert.java:88)
    at org.junit.Assert.failNotEquals(Assert.java:743)
    at org.junit.Assert.assertEquals(Assert.java:118)
    at org.junit.Assert.assertEquals(Assert.java:555)
    at org.junit.Assert.assertEquals(Assert.java:542)
    at java_testcases.junit.LIS_Test.test_0(LIS_Test.java:8)
java.lang.AssertionError: expected:<6> but was:<5>
    at org.junit.Assert.fail(Assert.java:88)
    at org.junit.Assert.failNotEquals(Assert.java:743)
    at org.junit.Assert.assertEquals(Assert.java:118)
    at org.junit.Assert.assertEquals(Assert.java:555)
    at org.junit.Assert.assertEquals(Assert.java:542)
    at java_testcases.junit.LIS_Test.test_1(LIS_Test.java:14)
java.lang.AssertionError: expected:<3> but was:<1>
    at org.junit.Assert.fail(Assert.java:88)
    at org.junit.Assert.failNotEquals(Assert.java:743)
    at org.junit.Assert.assertEquals(Assert.java:118)
    at org.junit.Assert.assertEquals(Assert.java:555)
    at org.junit.Assert.assertEquals(Assert.java:542)
    at java_testcases.junit.LIS_Test.test_2(LIS_Test.java:20)
java.lang.AssertionError: expected:<4> but was:<3>
    at org.junit.Assert.fail(Assert.java:88)
    at org.junit.Assert.failNotEquals(Assert.java:743)
    at org.junit.Assert.assertEquals(Assert.java:118)
    at org.junit.Assert.assertEquals(Assert.java:555)
    at org.junit.Assert.assertEquals(Assert.java:542)
    at java_testcases.junit.LIS_Test.test_3(LIS_Test.java:26)
14:38:14.121 [pool-24-thread-1] INFO  xxl.java.junit.TestCasesListener - Tests run finished (11 ms)
<> Total tests run: 16
<> Ignored tests: 0
<> Failed tests: 16
~ test_0(java_testcases.junit.LIS_Test)
[expected:<3> but was:<2>]
java.lang.AssertionError: expected:<3> but was:<2>    at org.junit.Assert.fail(Assert.java:88)
    at org.junit.Assert.failNotEquals(Assert.java:743)
    at org.junit.Assert.assertEquals(Assert.java:118)
    at org.junit.Assert.assertEquals(Assert.java:555)
    at org.junit.Assert.assertEquals(Assert.java:542)
    at java_testcases.junit.LIS_Test.test_0(LIS_Test.java:8)
~ test_1(java_testcases.junit.LIS_Test)
[expected:<6> but was:<5>]
java.lang.AssertionError: expected:<6> but was:<5>    at org.junit.Assert.fail(Assert.java:88)
    at org.junit.Assert.failNotEquals(Assert.java:743)
    at org.junit.Assert.assertEquals(Assert.java:118)
    at org.junit.Assert.assertEquals(Assert.java:555)
    at org.junit.Assert.assertEquals(Assert.java:542)
    at java_testcases.junit.LIS_Test.test_1(LIS_Test.java:14)
~ test_2(java_testcases.junit.LIS_Test)
[expected:<3> but was:<1>]
java.lang.AssertionError: expected:<3> but was:<1>    at org.junit.Assert.fail(Assert.java:88)
    at org.junit.Assert.failNotEquals(Assert.java:743)
    at org.junit.Assert.assertEquals(Assert.java:118)
    at org.junit.Assert.assertEquals(Assert.java:555)
    at org.junit.Assert.assertEquals(Assert.java:542)
    at java_testcases.junit.LIS_Test.test_2(LIS_Test.java:20)
~ test_3(java_testcases.junit.LIS_Test)
[expected:<4> but was:<3>]
java.lang.AssertionError: expected:<4> but was:<3>    at org.junit.Assert.fail(Assert.java:88)
    at org.junit.Assert.failNotEquals(Assert.java:743)
    at org.junit.Assert.assertEquals(Assert.java:118)
    at org.junit.Assert.assertEquals(Assert.java:555)
    at org.junit.Assert.assertEquals(Assert.java:542)
    at java_testcases.junit.LIS_Test.test_3(LIS_Test.java:26)
~ test_0(java_testcases.junit.LIS_Test)
[expected:<3> but was:<2>]
java.lang.AssertionError: expected:<3> but was:<2>    at org.junit.Assert.fail(Assert.java:88)
    at org.junit.Assert.failNotEquals(Assert.java:743)
    at org.junit.Assert.assertEquals(Assert.java:118)
    at org.junit.Assert.assertEquals(Assert.java:555)
    at org.junit.Assert.assertEquals(Assert.java:542)
    at java_testcases.junit.LIS_Test.test_0(LIS_Test.java:8)
~ test_1(java_testcases.junit.LIS_Test)
[expected:<6> but was:<5>]
java.lang.AssertionError: expected:<6> but was:<5>    at org.junit.Assert.fail(Assert.java:88)
    at org.junit.Assert.failNotEquals(Assert.java:743)
    at org.junit.Assert.assertEquals(Assert.java:118)
    at org.junit.Assert.assertEquals(Assert.java:555)
    at org.junit.Assert.assertEquals(Assert.java:542)
    at java_testcases.junit.LIS_Test.test_1(LIS_Test.java:14)
~ test_2(java_testcases.junit.LIS_Test)
[expected:<3> but was:<1>]
java.lang.AssertionError: expected:<3> but was:<1>    at org.junit.Assert.fail(Assert.java:88)
    at org.junit.Assert.failNotEquals(Assert.java:743)
    at org.junit.Assert.assertEquals(Assert.java:118)
    at org.junit.Assert.assertEquals(Assert.java:555)
    at org.junit.Assert.assertEquals(Assert.java:542)
    at java_testcases.junit.LIS_Test.test_2(LIS_Test.java:20)
~ test_3(java_testcases.junit.LIS_Test)
[expected:<4> but was:<3>]
java.lang.AssertionError: expected:<4> but was:<3>    at org.junit.Assert.fail(Assert.java:88)
    at org.junit.Assert.failNotEquals(Assert.java:743)
    at org.junit.Assert.assertEquals(Assert.java:118)
    at org.junit.Assert.assertEquals(Assert.java:555)
    at org.junit.Assert.assertEquals(Assert.java:542)
    at java_testcases.junit.LIS_Test.test_3(LIS_Test.java:26)
~ test_0(java_testcases.junit.LIS_Test)
[expected:<3> but was:<2>]
java.lang.AssertionError: expected:<3> but was:<2>    at org.junit.Assert.fail(Assert.java:88)
    at org.junit.Assert.failNotEquals(Assert.java:743)
    at org.junit.Assert.assertEquals(Assert.java:118)
    at org.junit.Assert.assertEquals(Assert.java:555)
    at org.junit.Assert.assertEquals(Assert.java:542)
    at java_testcases.junit.LIS_Test.test_0(LIS_Test.java:8)
~ test_1(java_testcases.junit.LIS_Test)
[expected:<6> but was:<5>]
java.lang.AssertionError: expected:<6> but was:<5>    at org.junit.Assert.fail(Assert.java:88)
    at org.junit.Assert.failNotEquals(Assert.java:743)
    at org.junit.Assert.assertEquals(Assert.java:118)
    at org.junit.Assert.assertEquals(Assert.java:555)
    at org.junit.Assert.assertEquals(Assert.java:542)
    at java_testcases.junit.LIS_Test.test_1(LIS_Test.java:14)
~ test_2(java_testcases.junit.LIS_Test)
[expected:<3> but was:<1>]
java.lang.AssertionError: expected:<3> but was:<1>    at org.junit.Assert.fail(Assert.java:88)
    at org.junit.Assert.failNotEquals(Assert.java:743)
    at org.junit.Assert.assertEquals(Assert.java:118)
    at org.junit.Assert.assertEquals(Assert.java:555)
    at org.junit.Assert.assertEquals(Assert.java:542)
    at java_testcases.junit.LIS_Test.test_2(LIS_Test.java:20)
~ test_3(java_testcases.junit.LIS_Test)
[expected:<4> but was:<3>]
java.lang.AssertionError: expected:<4> but was:<3>    at org.junit.Assert.fail(Assert.java:88)
    at org.junit.Assert.failNotEquals(Assert.java:743)
    at org.junit.Assert.assertEquals(Assert.java:118)
    at org.junit.Assert.assertEquals(Assert.java:555)
    at org.junit.Assert.assertEquals(Assert.java:542)
    at java_testcases.junit.LIS_Test.test_3(LIS_Test.java:26)
~ test_0(java_testcases.junit.LIS_Test)
[expected:<3> but was:<2>]
java.lang.AssertionError: expected:<3> but was:<2>    at org.junit.Assert.fail(Assert.java:88)
    at org.junit.Assert.failNotEquals(Assert.java:743)
    at org.junit.Assert.assertEquals(Assert.java:118)
    at org.junit.Assert.assertEquals(Assert.java:555)
    at org.junit.Assert.assertEquals(Assert.java:542)
    at java_testcases.junit.LIS_Test.test_0(LIS_Test.java:8)
~ test_1(java_testcases.junit.LIS_Test)
[expected:<6> but was:<5>]
java.lang.AssertionError: expected:<6> but was:<5>    at org.junit.Assert.fail(Assert.java:88)
    at org.junit.Assert.failNotEquals(Assert.java:743)
    at org.junit.Assert.assertEquals(Assert.java:118)
    at org.junit.Assert.assertEquals(Assert.java:555)
    at org.junit.Assert.assertEquals(Assert.java:542)
    at java_testcases.junit.LIS_Test.test_1(LIS_Test.java:14)
~ test_2(java_testcases.junit.LIS_Test)
[expected:<3> but was:<1>]
java.lang.AssertionError: expected:<3> but was:<1>    at org.junit.Assert.fail(Assert.java:88)
    at org.junit.Assert.failNotEquals(Assert.java:743)
    at org.junit.Assert.assertEquals(Assert.java:118)
    at org.junit.Assert.assertEquals(Assert.java:555)
    at org.junit.Assert.assertEquals(Assert.java:542)
    at java_testcases.junit.LIS_Test.test_2(LIS_Test.java:20)
~ test_3(java_testcases.junit.LIS_Test)
[expected:<4> but was:<3>]
java.lang.AssertionError: expected:<4> but was:<3>    at org.junit.Assert.fail(Assert.java:88)
    at org.junit.Assert.failNotEquals(Assert.java:743)
    at org.junit.Assert.assertEquals(Assert.java:118)
    at org.junit.Assert.assertEquals(Assert.java:555)
    at org.junit.Assert.assertEquals(Assert.java:542)
    at java_testcases.junit.LIS_Test.test_3(LIS_Test.java:26)

java.lang.NullPointerException
    at java_programs.LIS.lis(LIS.java:10)
    at java_testcases.junit.LIS_Test.test_0(LIS_Test.java:7)
    at sun.reflect.NativeMethodAccessorImpl.invoke0(Native Method)
    at sun.reflect.NativeMethodAccessorImpl.invoke(NativeMethodAccessorImpl.java:62)
    at sun.reflect.DelegatingMethodAccessorImpl.invoke(DelegatingMethodAccessorImpl.java:43)
    at java.lang.reflect.Method.invoke(Method.java:498)
14:38:14.247 [pool-25-thread-1] INFO  f.i.l.c.t.SpecificationTestCasesListener - Tests run finished (1 ms)
<> Total tests run: 1
<> Ignored tests: 0
<> Failed tests: 1
~ test_0(java_testcases.junit.LIS_Test)
[null]
java.lang.NullPointerException    at java_programs.LIS.lis(LIS.java:10)
    at java_testcases.junit.LIS_Test.test_0(LIS_Test.java:7)
    at sun.reflect.NativeMethodAccessorImpl.invoke0(Native Method)
    at sun.reflect.NativeMethodAccessorImpl.invoke(NativeMethodAccessorImpl.java:62)
    at sun.reflect.DelegatingMethodAccessorImpl.invoke(DelegatingMethodAccessorImpl.java:43)
    at java.lang.reflect.Method.invoke(Method.java:498)

java.lang.NullPointerException
    at java_programs.LIS.lis(LIS.java:10)
    at java_testcases.junit.LIS_Test.test_2(LIS_Test.java:19)
    at sun.reflect.NativeMethodAccessorImpl.invoke0(Native Method)
    at sun.reflect.NativeMethodAccessorImpl.invoke(NativeMethodAccessorImpl.java:62)
    at sun.reflect.DelegatingMethodAccessorImpl.invoke(DelegatingMethodAccessorImpl.java:43)
    at java.lang.reflect.Method.invoke(Method.java:498)
14:38:14.249 [pool-26-thread-1] INFO  f.i.l.c.t.SpecificationTestCasesListener - Tests run finished (1 ms)
<> Total tests run: 1
<> Ignored tests: 0
<> Failed tests: 1
~ test_2(java_testcases.junit.LIS_Test)
[null]
java.lang.NullPointerException    at java_programs.LIS.lis(LIS.java:10)
    at java_testcases.junit.LIS_Test.test_2(LIS_Test.java:19)
    at sun.reflect.NativeMethodAccessorImpl.invoke0(Native Method)
    at sun.reflect.NativeMethodAccessorImpl.invoke(NativeMethodAccessorImpl.java:62)
    at sun.reflect.DelegatingMethodAccessorImpl.invoke(DelegatingMethodAccessorImpl.java:43)
    at java.lang.reflect.Method.invoke(Method.java:498)

java.lang.NullPointerException
    at java_programs.LIS.lis(LIS.java:10)
    at java_testcases.junit.LIS_Test.test_1(LIS_Test.java:13)
    at sun.reflect.NativeMethodAccessorImpl.invoke0(Native Method)
    at sun.reflect.NativeMethodAccessorImpl.invoke(NativeMethodAccessorImpl.java:62)
    at sun.reflect.DelegatingMethodAccessorImpl.invoke(DelegatingMethodAccessorImpl.java:43)
    at java.lang.reflect.Method.invoke(Method.java:498)
14:38:14.250 [pool-27-thread-1] INFO  f.i.l.c.t.SpecificationTestCasesListener - Tests run finished (1 ms)
<> Total tests run: 1
<> Ignored tests: 0
<> Failed tests: 1
~ test_1(java_testcases.junit.LIS_Test)
[null]
java.lang.NullPointerException    at java_programs.LIS.lis(LIS.java:10)
    at java_testcases.junit.LIS_Test.test_1(LIS_Test.java:13)
    at sun.reflect.NativeMethodAccessorImpl.invoke0(Native Method)
    at sun.reflect.NativeMethodAccessorImpl.invoke(NativeMethodAccessorImpl.java:62)
    at sun.reflect.DelegatingMethodAccessorImpl.invoke(DelegatingMethodAccessorImpl.java:43)
    at java.lang.reflect.Method.invoke(Method.java:498)

java.lang.NullPointerException
    at java_programs.LIS.lis(LIS.java:10)
    at java_testcases.junit.LIS_Test.test_3(LIS_Test.java:25)
    at sun.reflect.NativeMethodAccessorImpl.invoke0(Native Method)
    at sun.reflect.NativeMethodAccessorImpl.invoke(NativeMethodAccessorImpl.java:62)
    at sun.reflect.DelegatingMethodAccessorImpl.invoke(DelegatingMethodAccessorImpl.java:43)
    at java.lang.reflect.Method.invoke(Method.java:498)
14:38:14.251 [pool-28-thread-1] INFO  f.i.l.c.t.SpecificationTestCasesListener - Tests run finished (0 ms)
<> Total tests run: 1
<> Ignored tests: 0
<> Failed tests: 1
~ test_3(java_testcases.junit.LIS_Test)
[null]
java.lang.NullPointerException    at java_programs.LIS.lis(LIS.java:10)
    at java_testcases.junit.LIS_Test.test_3(LIS_Test.java:25)
    at sun.reflect.NativeMethodAccessorImpl.invoke0(Native Method)
    at sun.reflect.NativeMethodAccessorImpl.invoke(NativeMethodAccessorImpl.java:62)
    at sun.reflect.DelegatingMethodAccessorImpl.invoke(DelegatingMethodAccessorImpl.java:43)
    at java.lang.reflect.Method.invoke(Method.java:498)

java.lang.AssertionError: expected:<3> but was:<2>
    at org.junit.Assert.fail(Assert.java:88)
    at org.junit.Assert.failNotEquals(Assert.java:743)
    at org.junit.Assert.assertEquals(Assert.java:118)
    at org.junit.Assert.assertEquals(Assert.java:555)
    at org.junit.Assert.assertEquals(Assert.java:542)
    at java_testcases.junit.LIS_Test.test_0(LIS_Test.java:8)
14:38:14.253 [pool-29-thread-1] INFO  f.i.l.c.t.SpecificationTestCasesListener - Tests run finished (1 ms)
<> Total tests run: 1
<> Ignored tests: 0
<> Failed tests: 1
~ test_0(java_testcases.junit.LIS_Test)
[expected:<3> but was:<2>]
java.lang.AssertionError: expected:<3> but was:<2>    at org.junit.Assert.fail(Assert.java:88)
    at org.junit.Assert.failNotEquals(Assert.java:743)
    at org.junit.Assert.assertEquals(Assert.java:118)
    at org.junit.Assert.assertEquals(Assert.java:555)
    at org.junit.Assert.assertEquals(Assert.java:542)
    at java_testcases.junit.LIS_Test.test_0(LIS_Test.java:8)

java.lang.AssertionError: expected:<3> but was:<1>
    at org.junit.Assert.fail(Assert.java:88)
    at org.junit.Assert.failNotEquals(Assert.java:743)
    at org.junit.Assert.assertEquals(Assert.java:118)
    at org.junit.Assert.assertEquals(Assert.java:555)
    at org.junit.Assert.assertEquals(Assert.java:542)
    at java_testcases.junit.LIS_Test.test_2(LIS_Test.java:20)
14:38:14.255 [pool-30-thread-1] INFO  f.i.l.c.t.SpecificationTestCasesListener - Tests run finished (1 ms)
<> Total tests run: 1
<> Ignored tests: 0
<> Failed tests: 1
~ test_2(java_testcases.junit.LIS_Test)
[expected:<3> but was:<1>]
java.lang.AssertionError: expected:<3> but was:<1>    at org.junit.Assert.fail(Assert.java:88)
    at org.junit.Assert.failNotEquals(Assert.java:743)
    at org.junit.Assert.assertEquals(Assert.java:118)
    at org.junit.Assert.assertEquals(Assert.java:555)
    at org.junit.Assert.assertEquals(Assert.java:542)
    at java_testcases.junit.LIS_Test.test_2(LIS_Test.java:20)

java.lang.AssertionError: expected:<6> but was:<5>
    at org.junit.Assert.fail(Assert.java:88)
    at org.junit.Assert.failNotEquals(Assert.java:743)
    at org.junit.Assert.assertEquals(Assert.java:118)
    at org.junit.Assert.assertEquals(Assert.java:555)
    at org.junit.Assert.assertEquals(Assert.java:542)
    at java_testcases.junit.LIS_Test.test_1(LIS_Test.java:14)
14:38:14.256 [pool-31-thread-1] INFO  f.i.l.c.t.SpecificationTestCasesListener - Tests run finished (1 ms)
<> Total tests run: 1
<> Ignored tests: 0
<> Failed tests: 1
~ test_1(java_testcases.junit.LIS_Test)
[expected:<6> but was:<5>]
java.lang.AssertionError: expected:<6> but was:<5>    at org.junit.Assert.fail(Assert.java:88)
    at org.junit.Assert.failNotEquals(Assert.java:743)
    at org.junit.Assert.assertEquals(Assert.java:118)
    at org.junit.Assert.assertEquals(Assert.java:555)
    at org.junit.Assert.assertEquals(Assert.java:542)
    at java_testcases.junit.LIS_Test.test_1(LIS_Test.java:14)

java.lang.AssertionError: expected:<4> but was:<3>
    at org.junit.Assert.fail(Assert.java:88)
    at org.junit.Assert.failNotEquals(Assert.java:743)
    at org.junit.Assert.assertEquals(Assert.java:118)
    at org.junit.Assert.assertEquals(Assert.java:555)
    at org.junit.Assert.assertEquals(Assert.java:542)
    at java_testcases.junit.LIS_Test.test_3(LIS_Test.java:26)
14:38:14.257 [pool-32-thread-1] INFO  f.i.l.c.t.SpecificationTestCasesListener - Tests run finished (0 ms)
<> Total tests run: 1
<> Ignored tests: 0
<> Failed tests: 1
~ test_3(java_testcases.junit.LIS_Test)
[expected:<4> but was:<3>]
java.lang.AssertionError: expected:<4> but was:<3>    at org.junit.Assert.fail(Assert.java:88)
    at org.junit.Assert.failNotEquals(Assert.java:743)
    at org.junit.Assert.assertEquals(Assert.java:118)
    at org.junit.Assert.assertEquals(Assert.java:555)
    at org.junit.Assert.assertEquals(Assert.java:542)
    at java_testcases.junit.LIS_Test.test_3(LIS_Test.java:26)

14:38:14.258 [pool-23-thread-1] DEBUG tests.output - Failing tests with false: 
[test_0(java_testcases.junit.LIS_Test): null, test_2(java_testcases.junit.LIS_Test): null, test_1(java_testcases.junit.LIS_Test): null, test_3(java_testcases.junit.LIS_Test): null]
14:38:14.258 [pool-23-thread-1] DEBUG tests.output - Failing tests with true: 
[test_0(java_testcases.junit.LIS_Test): expected:<3> but was:<2>, test_2(java_testcases.junit.LIS_Test): expected:<3> but was:<1>, test_1(java_testcases.junit.LIS_Test): expected:<6> but was:<5>, test_3(java_testcases.junit.LIS_Test): expected:<4> but was:<3>]
14:38:14.258 [pool-23-thread-1] INFO  f.i.l.r.n.synth.SMTNopolSynthesizer - Not enough specifications: 0. A trivial patch is "true" or "false", please write new tests specifying SourceLocation java_programs.LIS:30.
14:38:14.258 [pool-2-thread-1] DEBUG fr.inria.lille.repair.nopol.NoPol - statement #5
14:38:14.259 [pool-2-thread-1] DEBUG fr.inria.lille.repair.nopol.NoPol - Analysing SourceLocation java_programs.LIS:29 which is executed by 4 tests
75383
14:38:14.308 [pool-2-thread-1] DEBUG fr.inria.lille.repair.nopol.NoPol - looking with class fr.inria.lille.repair.nopol.spoon.smt.ConditionalAdder
java.lang.AssertionError: expected:<3> but was:<2>
    at org.junit.Assert.fail(Assert.java:88)
    at org.junit.Assert.failNotEquals(Assert.java:743)
    at org.junit.Assert.assertEquals(Assert.java:118)
    at org.junit.Assert.assertEquals(Assert.java:555)
    at org.junit.Assert.assertEquals(Assert.java:542)
    at java_testcases.junit.LIS_Test.test_0(LIS_Test.java:8)
java.lang.AssertionError: expected:<6> but was:<5>
    at org.junit.Assert.fail(Assert.java:88)
    at org.junit.Assert.failNotEquals(Assert.java:743)
    at org.junit.Assert.assertEquals(Assert.java:118)
    at org.junit.Assert.assertEquals(Assert.java:555)
    at org.junit.Assert.assertEquals(Assert.java:542)
    at java_testcases.junit.LIS_Test.test_1(LIS_Test.java:14)
java.lang.AssertionError: expected:<3> but was:<1>
    at org.junit.Assert.fail(Assert.java:88)
    at org.junit.Assert.failNotEquals(Assert.java:743)
    at org.junit.Assert.assertEquals(Assert.java:118)
    at org.junit.Assert.assertEquals(Assert.java:555)
    at org.junit.Assert.assertEquals(Assert.java:542)
    at java_testcases.junit.LIS_Test.test_2(LIS_Test.java:20)
java.lang.AssertionError: expected:<4> but was:<3>
    at org.junit.Assert.fail(Assert.java:88)
    at org.junit.Assert.failNotEquals(Assert.java:743)
    at org.junit.Assert.assertEquals(Assert.java:118)
    at org.junit.Assert.assertEquals(Assert.java:555)
    at org.junit.Assert.assertEquals(Assert.java:542)
    at java_testcases.junit.LIS_Test.test_3(LIS_Test.java:26)
java.lang.AssertionError: expected:<3> but was:<2>
    at org.junit.Assert.fail(Assert.java:88)
    at org.junit.Assert.failNotEquals(Assert.java:743)
    at org.junit.Assert.assertEquals(Assert.java:118)
    at org.junit.Assert.assertEquals(Assert.java:555)
    at org.junit.Assert.assertEquals(Assert.java:542)
    at java_testcases.junit.LIS_Test.test_0(LIS_Test.java:8)
java.lang.AssertionError: expected:<6> but was:<5>
    at org.junit.Assert.fail(Assert.java:88)
    at org.junit.Assert.failNotEquals(Assert.java:743)
    at org.junit.Assert.assertEquals(Assert.java:118)
    at org.junit.Assert.assertEquals(Assert.java:555)
    at org.junit.Assert.assertEquals(Assert.java:542)
    at java_testcases.junit.LIS_Test.test_1(LIS_Test.java:14)
java.lang.AssertionError: expected:<3> but was:<1>
    at org.junit.Assert.fail(Assert.java:88)
    at org.junit.Assert.failNotEquals(Assert.java:743)
    at org.junit.Assert.assertEquals(Assert.java:118)
    at org.junit.Assert.assertEquals(Assert.java:555)
    at org.junit.Assert.assertEquals(Assert.java:542)
    at java_testcases.junit.LIS_Test.test_2(LIS_Test.java:20)
java.lang.AssertionError: expected:<4> but was:<3>
    at org.junit.Assert.fail(Assert.java:88)
    at org.junit.Assert.failNotEquals(Assert.java:743)
    at org.junit.Assert.assertEquals(Assert.java:118)
    at org.junit.Assert.assertEquals(Assert.java:555)
    at org.junit.Assert.assertEquals(Assert.java:542)
    at java_testcases.junit.LIS_Test.test_3(LIS_Test.java:26)
java.lang.AssertionError: expected:<3> but was:<2>
    at org.junit.Assert.fail(Assert.java:88)
    at org.junit.Assert.failNotEquals(Assert.java:743)
    at org.junit.Assert.assertEquals(Assert.java:118)
    at org.junit.Assert.assertEquals(Assert.java:555)
    at org.junit.Assert.assertEquals(Assert.java:542)
    at java_testcases.junit.LIS_Test.test_0(LIS_Test.java:8)
java.lang.AssertionError: expected:<6> but was:<5>
    at org.junit.Assert.fail(Assert.java:88)
    at org.junit.Assert.failNotEquals(Assert.java:743)
    at org.junit.Assert.assertEquals(Assert.java:118)
    at org.junit.Assert.assertEquals(Assert.java:555)
    at org.junit.Assert.assertEquals(Assert.java:542)
    at java_testcases.junit.LIS_Test.test_1(LIS_Test.java:14)
java.lang.AssertionError: expected:<3> but was:<1>
    at org.junit.Assert.fail(Assert.java:88)
    at org.junit.Assert.failNotEquals(Assert.java:743)
    at org.junit.Assert.assertEquals(Assert.java:118)
    at org.junit.Assert.assertEquals(Assert.java:555)
    at org.junit.Assert.assertEquals(Assert.java:542)
    at java_testcases.junit.LIS_Test.test_2(LIS_Test.java:20)
java.lang.AssertionError: expected:<4> but was:<3>
    at org.junit.Assert.fail(Assert.java:88)
    at org.junit.Assert.failNotEquals(Assert.java:743)
    at org.junit.Assert.assertEquals(Assert.java:118)
    at org.junit.Assert.assertEquals(Assert.java:555)
    at org.junit.Assert.assertEquals(Assert.java:542)
    at java_testcases.junit.LIS_Test.test_3(LIS_Test.java:26)
java.lang.AssertionError: expected:<3> but was:<2>
    at org.junit.Assert.fail(Assert.java:88)
    at org.junit.Assert.failNotEquals(Assert.java:743)
    at org.junit.Assert.assertEquals(Assert.java:118)
    at org.junit.Assert.assertEquals(Assert.java:555)
    at org.junit.Assert.assertEquals(Assert.java:542)
    at java_testcases.junit.LIS_Test.test_0(LIS_Test.java:8)
java.lang.AssertionError: expected:<6> but was:<5>
    at org.junit.Assert.fail(Assert.java:88)
    at org.junit.Assert.failNotEquals(Assert.java:743)
    at org.junit.Assert.assertEquals(Assert.java:118)
    at org.junit.Assert.assertEquals(Assert.java:555)
    at org.junit.Assert.assertEquals(Assert.java:542)
    at java_testcases.junit.LIS_Test.test_1(LIS_Test.java:14)
java.lang.AssertionError: expected:<3> but was:<1>
    at org.junit.Assert.fail(Assert.java:88)
    at org.junit.Assert.failNotEquals(Assert.java:743)
    at org.junit.Assert.assertEquals(Assert.java:118)
    at org.junit.Assert.assertEquals(Assert.java:555)
    at org.junit.Assert.assertEquals(Assert.java:542)
    at java_testcases.junit.LIS_Test.test_2(LIS_Test.java:20)
java.lang.AssertionError: expected:<4> but was:<3>
    at org.junit.Assert.fail(Assert.java:88)
    at org.junit.Assert.failNotEquals(Assert.java:743)
    at org.junit.Assert.assertEquals(Assert.java:118)
    at org.junit.Assert.assertEquals(Assert.java:555)
    at org.junit.Assert.assertEquals(Assert.java:542)
    at java_testcases.junit.LIS_Test.test_3(LIS_Test.java:26)
14:38:14.321 [pool-34-thread-1] INFO  xxl.java.junit.TestCasesListener - Tests run finished (10 ms)
<> Total tests run: 16
<> Ignored tests: 0
<> Failed tests: 16
~ test_0(java_testcases.junit.LIS_Test)
[expected:<3> but was:<2>]
java.lang.AssertionError: expected:<3> but was:<2>    at org.junit.Assert.fail(Assert.java:88)
    at org.junit.Assert.failNotEquals(Assert.java:743)
    at org.junit.Assert.assertEquals(Assert.java:118)
    at org.junit.Assert.assertEquals(Assert.java:555)
    at org.junit.Assert.assertEquals(Assert.java:542)
    at java_testcases.junit.LIS_Test.test_0(LIS_Test.java:8)
~ test_1(java_testcases.junit.LIS_Test)
[expected:<6> but was:<5>]
java.lang.AssertionError: expected:<6> but was:<5>    at org.junit.Assert.fail(Assert.java:88)
    at org.junit.Assert.failNotEquals(Assert.java:743)
    at org.junit.Assert.assertEquals(Assert.java:118)
    at org.junit.Assert.assertEquals(Assert.java:555)
    at org.junit.Assert.assertEquals(Assert.java:542)
    at java_testcases.junit.LIS_Test.test_1(LIS_Test.java:14)
~ test_2(java_testcases.junit.LIS_Test)
[expected:<3> but was:<1>]
java.lang.AssertionError: expected:<3> but was:<1>    at org.junit.Assert.fail(Assert.java:88)
    at org.junit.Assert.failNotEquals(Assert.java:743)
    at org.junit.Assert.assertEquals(Assert.java:118)
    at org.junit.Assert.assertEquals(Assert.java:555)
    at org.junit.Assert.assertEquals(Assert.java:542)
    at java_testcases.junit.LIS_Test.test_2(LIS_Test.java:20)
~ test_3(java_testcases.junit.LIS_Test)
[expected:<4> but was:<3>]
java.lang.AssertionError: expected:<4> but was:<3>    at org.junit.Assert.fail(Assert.java:88)
    at org.junit.Assert.failNotEquals(Assert.java:743)
    at org.junit.Assert.assertEquals(Assert.java:118)
    at org.junit.Assert.assertEquals(Assert.java:555)
    at org.junit.Assert.assertEquals(Assert.java:542)
    at java_testcases.junit.LIS_Test.test_3(LIS_Test.java:26)
~ test_0(java_testcases.junit.LIS_Test)
[expected:<3> but was:<2>]
java.lang.AssertionError: expected:<3> but was:<2>    at org.junit.Assert.fail(Assert.java:88)
    at org.junit.Assert.failNotEquals(Assert.java:743)
    at org.junit.Assert.assertEquals(Assert.java:118)
    at org.junit.Assert.assertEquals(Assert.java:555)
    at org.junit.Assert.assertEquals(Assert.java:542)
    at java_testcases.junit.LIS_Test.test_0(LIS_Test.java:8)
~ test_1(java_testcases.junit.LIS_Test)
[expected:<6> but was:<5>]
java.lang.AssertionError: expected:<6> but was:<5>    at org.junit.Assert.fail(Assert.java:88)
    at org.junit.Assert.failNotEquals(Assert.java:743)
    at org.junit.Assert.assertEquals(Assert.java:118)
    at org.junit.Assert.assertEquals(Assert.java:555)
    at org.junit.Assert.assertEquals(Assert.java:542)
    at java_testcases.junit.LIS_Test.test_1(LIS_Test.java:14)
~ test_2(java_testcases.junit.LIS_Test)
[expected:<3> but was:<1>]
java.lang.AssertionError: expected:<3> but was:<1>    at org.junit.Assert.fail(Assert.java:88)
    at org.junit.Assert.failNotEquals(Assert.java:743)
    at org.junit.Assert.assertEquals(Assert.java:118)
    at org.junit.Assert.assertEquals(Assert.java:555)
    at org.junit.Assert.assertEquals(Assert.java:542)
    at java_testcases.junit.LIS_Test.test_2(LIS_Test.java:20)
~ test_3(java_testcases.junit.LIS_Test)
[expected:<4> but was:<3>]
java.lang.AssertionError: expected:<4> but was:<3>    at org.junit.Assert.fail(Assert.java:88)
    at org.junit.Assert.failNotEquals(Assert.java:743)
    at org.junit.Assert.assertEquals(Assert.java:118)
    at org.junit.Assert.assertEquals(Assert.java:555)
    at org.junit.Assert.assertEquals(Assert.java:542)
    at java_testcases.junit.LIS_Test.test_3(LIS_Test.java:26)
~ test_0(java_testcases.junit.LIS_Test)
[expected:<3> but was:<2>]
java.lang.AssertionError: expected:<3> but was:<2>    at org.junit.Assert.fail(Assert.java:88)
    at org.junit.Assert.failNotEquals(Assert.java:743)
    at org.junit.Assert.assertEquals(Assert.java:118)
    at org.junit.Assert.assertEquals(Assert.java:555)
    at org.junit.Assert.assertEquals(Assert.java:542)
    at java_testcases.junit.LIS_Test.test_0(LIS_Test.java:8)
~ test_1(java_testcases.junit.LIS_Test)
[expected:<6> but was:<5>]
java.lang.AssertionError: expected:<6> but was:<5>    at org.junit.Assert.fail(Assert.java:88)
    at org.junit.Assert.failNotEquals(Assert.java:743)
    at org.junit.Assert.assertEquals(Assert.java:118)
    at org.junit.Assert.assertEquals(Assert.java:555)
    at org.junit.Assert.assertEquals(Assert.java:542)
    at java_testcases.junit.LIS_Test.test_1(LIS_Test.java:14)
~ test_2(java_testcases.junit.LIS_Test)
[expected:<3> but was:<1>]
java.lang.AssertionError: expected:<3> but was:<1>    at org.junit.Assert.fail(Assert.java:88)
    at org.junit.Assert.failNotEquals(Assert.java:743)
    at org.junit.Assert.assertEquals(Assert.java:118)
    at org.junit.Assert.assertEquals(Assert.java:555)
    at org.junit.Assert.assertEquals(Assert.java:542)
    at java_testcases.junit.LIS_Test.test_2(LIS_Test.java:20)
~ test_3(java_testcases.junit.LIS_Test)
[expected:<4> but was:<3>]
java.lang.AssertionError: expected:<4> but was:<3>    at org.junit.Assert.fail(Assert.java:88)
    at org.junit.Assert.failNotEquals(Assert.java:743)
    at org.junit.Assert.assertEquals(Assert.java:118)
    at org.junit.Assert.assertEquals(Assert.java:555)
    at org.junit.Assert.assertEquals(Assert.java:542)
    at java_testcases.junit.LIS_Test.test_3(LIS_Test.java:26)
~ test_0(java_testcases.junit.LIS_Test)
[expected:<3> but was:<2>]
java.lang.AssertionError: expected:<3> but was:<2>    at org.junit.Assert.fail(Assert.java:88)
    at org.junit.Assert.failNotEquals(Assert.java:743)
    at org.junit.Assert.assertEquals(Assert.java:118)
    at org.junit.Assert.assertEquals(Assert.java:555)
    at org.junit.Assert.assertEquals(Assert.java:542)
    at java_testcases.junit.LIS_Test.test_0(LIS_Test.java:8)
~ test_1(java_testcases.junit.LIS_Test)
[expected:<6> but was:<5>]
java.lang.AssertionError: expected:<6> but was:<5>    at org.junit.Assert.fail(Assert.java:88)
    at org.junit.Assert.failNotEquals(Assert.java:743)
    at org.junit.Assert.assertEquals(Assert.java:118)
    at org.junit.Assert.assertEquals(Assert.java:555)
    at org.junit.Assert.assertEquals(Assert.java:542)
    at java_testcases.junit.LIS_Test.test_1(LIS_Test.java:14)
~ test_2(java_testcases.junit.LIS_Test)
[expected:<3> but was:<1>]
java.lang.AssertionError: expected:<3> but was:<1>    at org.junit.Assert.fail(Assert.java:88)
    at org.junit.Assert.failNotEquals(Assert.java:743)
    at org.junit.Assert.assertEquals(Assert.java:118)
    at org.junit.Assert.assertEquals(Assert.java:555)
    at org.junit.Assert.assertEquals(Assert.java:542)
    at java_testcases.junit.LIS_Test.test_2(LIS_Test.java:20)
~ test_3(java_testcases.junit.LIS_Test)
[expected:<4> but was:<3>]
java.lang.AssertionError: expected:<4> but was:<3>    at org.junit.Assert.fail(Assert.java:88)
    at org.junit.Assert.failNotEquals(Assert.java:743)
    at org.junit.Assert.assertEquals(Assert.java:118)
    at org.junit.Assert.assertEquals(Assert.java:555)
    at org.junit.Assert.assertEquals(Assert.java:542)
    at java_testcases.junit.LIS_Test.test_3(LIS_Test.java:26)

java.lang.AssertionError: expected:<3> but was:<0>
    at org.junit.Assert.fail(Assert.java:88)
    at org.junit.Assert.failNotEquals(Assert.java:743)
    at org.junit.Assert.assertEquals(Assert.java:118)
    at org.junit.Assert.assertEquals(Assert.java:555)
    at org.junit.Assert.assertEquals(Assert.java:542)
    at java_testcases.junit.LIS_Test.test_0(LIS_Test.java:8)
14:38:14.447 [pool-35-thread-1] INFO  f.i.l.c.t.SpecificationTestCasesListener - Tests run finished (2 ms)
<> Total tests run: 1
<> Ignored tests: 0
<> Failed tests: 1
~ test_0(java_testcases.junit.LIS_Test)
[expected:<3> but was:<0>]
java.lang.AssertionError: expected:<3> but was:<0>    at org.junit.Assert.fail(Assert.java:88)
    at org.junit.Assert.failNotEquals(Assert.java:743)
    at org.junit.Assert.assertEquals(Assert.java:118)
    at org.junit.Assert.assertEquals(Assert.java:555)
    at org.junit.Assert.assertEquals(Assert.java:542)
    at java_testcases.junit.LIS_Test.test_0(LIS_Test.java:8)

java.lang.AssertionError: expected:<3> but was:<0>
    at org.junit.Assert.fail(Assert.java:88)
    at org.junit.Assert.failNotEquals(Assert.java:743)
    at org.junit.Assert.assertEquals(Assert.java:118)
    at org.junit.Assert.assertEquals(Assert.java:555)
    at org.junit.Assert.assertEquals(Assert.java:542)
    at java_testcases.junit.LIS_Test.test_2(LIS_Test.java:20)
14:38:14.449 [pool-36-thread-1] INFO  f.i.l.c.t.SpecificationTestCasesListener - Tests run finished (1 ms)
<> Total tests run: 1
<> Ignored tests: 0
<> Failed tests: 1
~ test_2(java_testcases.junit.LIS_Test)
[expected:<3> but was:<0>]
java.lang.AssertionError: expected:<3> but was:<0>    at org.junit.Assert.fail(Assert.java:88)
    at org.junit.Assert.failNotEquals(Assert.java:743)
    at org.junit.Assert.assertEquals(Assert.java:118)
    at org.junit.Assert.assertEquals(Assert.java:555)
    at org.junit.Assert.assertEquals(Assert.java:542)
    at java_testcases.junit.LIS_Test.test_2(LIS_Test.java:20)

java.lang.AssertionError: expected:<6> but was:<0>
    at org.junit.Assert.fail(Assert.java:88)
    at org.junit.Assert.failNotEquals(Assert.java:743)
    at org.junit.Assert.assertEquals(Assert.java:118)
    at org.junit.Assert.assertEquals(Assert.java:555)
    at org.junit.Assert.assertEquals(Assert.java:542)
    at java_testcases.junit.LIS_Test.test_1(LIS_Test.java:14)
14:38:14.451 [pool-37-thread-1] INFO  f.i.l.c.t.SpecificationTestCasesListener - Tests run finished (1 ms)
<> Total tests run: 1
<> Ignored tests: 0
<> Failed tests: 1
~ test_1(java_testcases.junit.LIS_Test)
[expected:<6> but was:<0>]
java.lang.AssertionError: expected:<6> but was:<0>    at org.junit.Assert.fail(Assert.java:88)
    at org.junit.Assert.failNotEquals(Assert.java:743)
    at org.junit.Assert.assertEquals(Assert.java:118)
    at org.junit.Assert.assertEquals(Assert.java:555)
    at org.junit.Assert.assertEquals(Assert.java:542)
    at java_testcases.junit.LIS_Test.test_1(LIS_Test.java:14)

java.lang.AssertionError: expected:<4> but was:<0>
    at org.junit.Assert.fail(Assert.java:88)
    at org.junit.Assert.failNotEquals(Assert.java:743)
    at org.junit.Assert.assertEquals(Assert.java:118)
    at org.junit.Assert.assertEquals(Assert.java:555)
    at org.junit.Assert.assertEquals(Assert.java:542)
    at java_testcases.junit.LIS_Test.test_3(LIS_Test.java:26)
14:38:14.453 [pool-38-thread-1] INFO  f.i.l.c.t.SpecificationTestCasesListener - Tests run finished (0 ms)
<> Total tests run: 1
<> Ignored tests: 0
<> Failed tests: 1
~ test_3(java_testcases.junit.LIS_Test)
[expected:<4> but was:<0>]
java.lang.AssertionError: expected:<4> but was:<0>    at org.junit.Assert.fail(Assert.java:88)
    at org.junit.Assert.failNotEquals(Assert.java:743)
    at org.junit.Assert.assertEquals(Assert.java:118)
    at org.junit.Assert.assertEquals(Assert.java:555)
    at org.junit.Assert.assertEquals(Assert.java:542)
    at java_testcases.junit.LIS_Test.test_3(LIS_Test.java:26)

java.lang.AssertionError: expected:<3> but was:<2>
    at org.junit.Assert.fail(Assert.java:88)
    at org.junit.Assert.failNotEquals(Assert.java:743)
    at org.junit.Assert.assertEquals(Assert.java:118)
    at org.junit.Assert.assertEquals(Assert.java:555)
    at org.junit.Assert.assertEquals(Assert.java:542)
    at java_testcases.junit.LIS_Test.test_0(LIS_Test.java:8)
14:38:14.454 [pool-39-thread-1] INFO  f.i.l.c.t.SpecificationTestCasesListener - Tests run finished (1 ms)
<> Total tests run: 1
<> Ignored tests: 0
<> Failed tests: 1
~ test_0(java_testcases.junit.LIS_Test)
[expected:<3> but was:<2>]
java.lang.AssertionError: expected:<3> but was:<2>    at org.junit.Assert.fail(Assert.java:88)
    at org.junit.Assert.failNotEquals(Assert.java:743)
    at org.junit.Assert.assertEquals(Assert.java:118)
    at org.junit.Assert.assertEquals(Assert.java:555)
    at org.junit.Assert.assertEquals(Assert.java:542)
    at java_testcases.junit.LIS_Test.test_0(LIS_Test.java:8)

java.lang.AssertionError: expected:<3> but was:<1>
    at org.junit.Assert.fail(Assert.java:88)
    at org.junit.Assert.failNotEquals(Assert.java:743)
    at org.junit.Assert.assertEquals(Assert.java:118)
    at org.junit.Assert.assertEquals(Assert.java:555)
    at org.junit.Assert.assertEquals(Assert.java:542)
    at java_testcases.junit.LIS_Test.test_2(LIS_Test.java:20)
14:38:14.456 [pool-40-thread-1] INFO  f.i.l.c.t.SpecificationTestCasesListener - Tests run finished (1 ms)
<> Total tests run: 1
<> Ignored tests: 0
<> Failed tests: 1
~ test_2(java_testcases.junit.LIS_Test)
[expected:<3> but was:<1>]
java.lang.AssertionError: expected:<3> but was:<1>    at org.junit.Assert.fail(Assert.java:88)
    at org.junit.Assert.failNotEquals(Assert.java:743)
    at org.junit.Assert.assertEquals(Assert.java:118)
    at org.junit.Assert.assertEquals(Assert.java:555)
    at org.junit.Assert.assertEquals(Assert.java:542)
    at java_testcases.junit.LIS_Test.test_2(LIS_Test.java:20)

java.lang.AssertionError: expected:<6> but was:<5>
    at org.junit.Assert.fail(Assert.java:88)
    at org.junit.Assert.failNotEquals(Assert.java:743)
    at org.junit.Assert.assertEquals(Assert.java:118)
    at org.junit.Assert.assertEquals(Assert.java:555)
    at org.junit.Assert.assertEquals(Assert.java:542)
    at java_testcases.junit.LIS_Test.test_1(LIS_Test.java:14)
14:38:14.457 [pool-41-thread-1] INFO  f.i.l.c.t.SpecificationTestCasesListener - Tests run finished (0 ms)
<> Total tests run: 1
<> Ignored tests: 0
<> Failed tests: 1
~ test_1(java_testcases.junit.LIS_Test)
[expected:<6> but was:<5>]
java.lang.AssertionError: expected:<6> but was:<5>    at org.junit.Assert.fail(Assert.java:88)
    at org.junit.Assert.failNotEquals(Assert.java:743)
    at org.junit.Assert.assertEquals(Assert.java:118)
    at org.junit.Assert.assertEquals(Assert.java:555)
    at org.junit.Assert.assertEquals(Assert.java:542)
    at java_testcases.junit.LIS_Test.test_1(LIS_Test.java:14)

java.lang.AssertionError: expected:<4> but was:<3>
    at org.junit.Assert.fail(Assert.java:88)
    at org.junit.Assert.failNotEquals(Assert.java:743)
    at org.junit.Assert.assertEquals(Assert.java:118)
    at org.junit.Assert.assertEquals(Assert.java:555)
    at org.junit.Assert.assertEquals(Assert.java:542)
    at java_testcases.junit.LIS_Test.test_3(LIS_Test.java:26)
14:38:14.459 [pool-42-thread-1] INFO  f.i.l.c.t.SpecificationTestCasesListener - Tests run finished (1 ms)
<> Total tests run: 1
<> Ignored tests: 0
<> Failed tests: 1
~ test_3(java_testcases.junit.LIS_Test)
[expected:<4> but was:<3>]
java.lang.AssertionError: expected:<4> but was:<3>    at org.junit.Assert.fail(Assert.java:88)
    at org.junit.Assert.failNotEquals(Assert.java:743)
    at org.junit.Assert.assertEquals(Assert.java:118)
    at org.junit.Assert.assertEquals(Assert.java:555)
    at org.junit.Assert.assertEquals(Assert.java:542)
    at java_testcases.junit.LIS_Test.test_3(LIS_Test.java:26)

14:38:14.459 [pool-33-thread-1] DEBUG tests.output - Failing tests with false: 
[test_0(java_testcases.junit.LIS_Test): expected:<3> but was:<0>, test_2(java_testcases.junit.LIS_Test): expected:<3> but was:<0>, test_1(java_testcases.junit.LIS_Test): expected:<6> but was:<0>, test_3(java_testcases.junit.LIS_Test): expected:<4> but was:<0>]
14:38:14.460 [pool-33-thread-1] DEBUG tests.output - Failing tests with true: 
[test_0(java_testcases.junit.LIS_Test): expected:<3> but was:<2>, test_2(java_testcases.junit.LIS_Test): expected:<3> but was:<1>, test_1(java_testcases.junit.LIS_Test): expected:<6> but was:<5>, test_3(java_testcases.junit.LIS_Test): expected:<4> but was:<3>]
14:38:14.460 [pool-33-thread-1] INFO  f.i.l.r.n.synth.SMTNopolSynthesizer - Not enough specifications: 0. A trivial patch is "true" or "false", please write new tests specifying SourceLocation java_programs.LIS:29.
14:38:14.460 [pool-2-thread-1] DEBUG fr.inria.lille.repair.nopol.NoPol - looking with class fr.inria.lille.repair.nopol.spoon.smt.ConditionalReplacer
java.lang.AssertionError: expected:<3> but was:<2>
    at org.junit.Assert.fail(Assert.java:88)
    at org.junit.Assert.failNotEquals(Assert.java:743)
    at org.junit.Assert.assertEquals(Assert.java:118)
    at org.junit.Assert.assertEquals(Assert.java:555)
    at org.junit.Assert.assertEquals(Assert.java:542)
    at java_testcases.junit.LIS_Test.test_0(LIS_Test.java:8)
java.lang.AssertionError: expected:<6> but was:<5>
    at org.junit.Assert.fail(Assert.java:88)
    at org.junit.Assert.failNotEquals(Assert.java:743)
    at org.junit.Assert.assertEquals(Assert.java:118)
    at org.junit.Assert.assertEquals(Assert.java:555)
    at org.junit.Assert.assertEquals(Assert.java:542)
    at java_testcases.junit.LIS_Test.test_1(LIS_Test.java:14)
java.lang.AssertionError: expected:<3> but was:<1>
    at org.junit.Assert.fail(Assert.java:88)
    at org.junit.Assert.failNotEquals(Assert.java:743)
    at org.junit.Assert.assertEquals(Assert.java:118)
    at org.junit.Assert.assertEquals(Assert.java:555)
    at org.junit.Assert.assertEquals(Assert.java:542)
    at java_testcases.junit.LIS_Test.test_2(LIS_Test.java:20)
java.lang.AssertionError: expected:<4> but was:<3>
    at org.junit.Assert.fail(Assert.java:88)
    at org.junit.Assert.failNotEquals(Assert.java:743)
    at org.junit.Assert.assertEquals(Assert.java:118)
    at org.junit.Assert.assertEquals(Assert.java:555)
    at org.junit.Assert.assertEquals(Assert.java:542)
    at java_testcases.junit.LIS_Test.test_3(LIS_Test.java:26)
java.lang.AssertionError: expected:<3> but was:<2>
    at org.junit.Assert.fail(Assert.java:88)
    at org.junit.Assert.failNotEquals(Assert.java:743)
    at org.junit.Assert.assertEquals(Assert.java:118)
    at org.junit.Assert.assertEquals(Assert.java:555)
    at org.junit.Assert.assertEquals(Assert.java:542)
    at java_testcases.junit.LIS_Test.test_0(LIS_Test.java:8)
java.lang.AssertionError: expected:<6> but was:<5>
    at org.junit.Assert.fail(Assert.java:88)
    at org.junit.Assert.failNotEquals(Assert.java:743)
    at org.junit.Assert.assertEquals(Assert.java:118)
    at org.junit.Assert.assertEquals(Assert.java:555)
    at org.junit.Assert.assertEquals(Assert.java:542)
    at java_testcases.junit.LIS_Test.test_1(LIS_Test.java:14)
java.lang.AssertionError: expected:<3> but was:<1>
    at org.junit.Assert.fail(Assert.java:88)
    at org.junit.Assert.failNotEquals(Assert.java:743)
    at org.junit.Assert.assertEquals(Assert.java:118)
    at org.junit.Assert.assertEquals(Assert.java:555)
    at org.junit.Assert.assertEquals(Assert.java:542)
    at java_testcases.junit.LIS_Test.test_2(LIS_Test.java:20)
java.lang.AssertionError: expected:<4> but was:<3>
    at org.junit.Assert.fail(Assert.java:88)
    at org.junit.Assert.failNotEquals(Assert.java:743)
    at org.junit.Assert.assertEquals(Assert.java:118)
    at org.junit.Assert.assertEquals(Assert.java:555)
    at org.junit.Assert.assertEquals(Assert.java:542)
    at java_testcases.junit.LIS_Test.test_3(LIS_Test.java:26)
java.lang.AssertionError: expected:<3> but was:<2>
    at org.junit.Assert.fail(Assert.java:88)
    at org.junit.Assert.failNotEquals(Assert.java:743)
    at org.junit.Assert.assertEquals(Assert.java:118)
    at org.junit.Assert.assertEquals(Assert.java:555)
    at org.junit.Assert.assertEquals(Assert.java:542)
    at java_testcases.junit.LIS_Test.test_0(LIS_Test.java:8)
java.lang.AssertionError: expected:<6> but was:<5>
    at org.junit.Assert.fail(Assert.java:88)
    at org.junit.Assert.failNotEquals(Assert.java:743)
    at org.junit.Assert.assertEquals(Assert.java:118)
    at org.junit.Assert.assertEquals(Assert.java:555)
    at org.junit.Assert.assertEquals(Assert.java:542)
    at java_testcases.junit.LIS_Test.test_1(LIS_Test.java:14)
java.lang.AssertionError: expected:<3> but was:<1>
    at org.junit.Assert.fail(Assert.java:88)
    at org.junit.Assert.failNotEquals(Assert.java:743)
    at org.junit.Assert.assertEquals(Assert.java:118)
    at org.junit.Assert.assertEquals(Assert.java:555)
    at org.junit.Assert.assertEquals(Assert.java:542)
    at java_testcases.junit.LIS_Test.test_2(LIS_Test.java:20)
java.lang.AssertionError: expected:<4> but was:<3>
    at org.junit.Assert.fail(Assert.java:88)
    at org.junit.Assert.failNotEquals(Assert.java:743)
    at org.junit.Assert.assertEquals(Assert.java:118)
    at org.junit.Assert.assertEquals(Assert.java:555)
    at org.junit.Assert.assertEquals(Assert.java:542)
    at java_testcases.junit.LIS_Test.test_3(LIS_Test.java:26)
java.lang.AssertionError: expected:<3> but was:<2>
    at org.junit.Assert.fail(Assert.java:88)
    at org.junit.Assert.failNotEquals(Assert.java:743)
    at org.junit.Assert.assertEquals(Assert.java:118)
    at org.junit.Assert.assertEquals(Assert.java:555)
    at org.junit.Assert.assertEquals(Assert.java:542)
    at java_testcases.junit.LIS_Test.test_0(LIS_Test.java:8)
java.lang.AssertionError: expected:<6> but was:<5>
    at org.junit.Assert.fail(Assert.java:88)
    at org.junit.Assert.failNotEquals(Assert.java:743)
    at org.junit.Assert.assertEquals(Assert.java:118)
    at org.junit.Assert.assertEquals(Assert.java:555)
    at org.junit.Assert.assertEquals(Assert.java:542)
    at java_testcases.junit.LIS_Test.test_1(LIS_Test.java:14)
java.lang.AssertionError: expected:<3> but was:<1>
    at org.junit.Assert.fail(Assert.java:88)
    at org.junit.Assert.failNotEquals(Assert.java:743)
    at org.junit.Assert.assertEquals(Assert.java:118)
    at org.junit.Assert.assertEquals(Assert.java:555)
    at org.junit.Assert.assertEquals(Assert.java:542)
    at java_testcases.junit.LIS_Test.test_2(LIS_Test.java:20)
java.lang.AssertionError: expected:<4> but was:<3>
    at org.junit.Assert.fail(Assert.java:88)
    at org.junit.Assert.failNotEquals(Assert.java:743)
    at org.junit.Assert.assertEquals(Assert.java:118)
    at org.junit.Assert.assertEquals(Assert.java:555)
    at org.junit.Assert.assertEquals(Assert.java:542)
    at java_testcases.junit.LIS_Test.test_3(LIS_Test.java:26)
14:38:14.471 [pool-44-thread-1] INFO  xxl.java.junit.TestCasesListener - Tests run finished (9 ms)
<> Total tests run: 16
<> Ignored tests: 0
<> Failed tests: 16
~ test_0(java_testcases.junit.LIS_Test)
[expected:<3> but was:<2>]
java.lang.AssertionError: expected:<3> but was:<2>    at org.junit.Assert.fail(Assert.java:88)
    at org.junit.Assert.failNotEquals(Assert.java:743)
    at org.junit.Assert.assertEquals(Assert.java:118)
    at org.junit.Assert.assertEquals(Assert.java:555)
    at org.junit.Assert.assertEquals(Assert.java:542)
    at java_testcases.junit.LIS_Test.test_0(LIS_Test.java:8)
~ test_1(java_testcases.junit.LIS_Test)
[expected:<6> but was:<5>]
java.lang.AssertionError: expected:<6> but was:<5>    at org.junit.Assert.fail(Assert.java:88)
    at org.junit.Assert.failNotEquals(Assert.java:743)
    at org.junit.Assert.assertEquals(Assert.java:118)
    at org.junit.Assert.assertEquals(Assert.java:555)
    at org.junit.Assert.assertEquals(Assert.java:542)
    at java_testcases.junit.LIS_Test.test_1(LIS_Test.java:14)
~ test_2(java_testcases.junit.LIS_Test)
[expected:<3> but was:<1>]
java.lang.AssertionError: expected:<3> but was:<1>    at org.junit.Assert.fail(Assert.java:88)
    at org.junit.Assert.failNotEquals(Assert.java:743)
    at org.junit.Assert.assertEquals(Assert.java:118)
    at org.junit.Assert.assertEquals(Assert.java:555)
    at org.junit.Assert.assertEquals(Assert.java:542)
    at java_testcases.junit.LIS_Test.test_2(LIS_Test.java:20)
~ test_3(java_testcases.junit.LIS_Test)
[expected:<4> but was:<3>]
java.lang.AssertionError: expected:<4> but was:<3>    at org.junit.Assert.fail(Assert.java:88)
    at org.junit.Assert.failNotEquals(Assert.java:743)
    at org.junit.Assert.assertEquals(Assert.java:118)
    at org.junit.Assert.assertEquals(Assert.java:555)
    at org.junit.Assert.assertEquals(Assert.java:542)
    at java_testcases.junit.LIS_Test.test_3(LIS_Test.java:26)
~ test_0(java_testcases.junit.LIS_Test)
[expected:<3> but was:<2>]
java.lang.AssertionError: expected:<3> but was:<2>    at org.junit.Assert.fail(Assert.java:88)
    at org.junit.Assert.failNotEquals(Assert.java:743)
    at org.junit.Assert.assertEquals(Assert.java:118)
    at org.junit.Assert.assertEquals(Assert.java:555)
    at org.junit.Assert.assertEquals(Assert.java:542)
    at java_testcases.junit.LIS_Test.test_0(LIS_Test.java:8)
~ test_1(java_testcases.junit.LIS_Test)
[expected:<6> but was:<5>]
java.lang.AssertionError: expected:<6> but was:<5>    at org.junit.Assert.fail(Assert.java:88)
    at org.junit.Assert.failNotEquals(Assert.java:743)
    at org.junit.Assert.assertEquals(Assert.java:118)
    at org.junit.Assert.assertEquals(Assert.java:555)
    at org.junit.Assert.assertEquals(Assert.java:542)
    at java_testcases.junit.LIS_Test.test_1(LIS_Test.java:14)
~ test_2(java_testcases.junit.LIS_Test)
[expected:<3> but was:<1>]
java.lang.AssertionError: expected:<3> but was:<1>    at org.junit.Assert.fail(Assert.java:88)
    at org.junit.Assert.failNotEquals(Assert.java:743)
    at org.junit.Assert.assertEquals(Assert.java:118)
    at org.junit.Assert.assertEquals(Assert.java:555)
    at org.junit.Assert.assertEquals(Assert.java:542)
    at java_testcases.junit.LIS_Test.test_2(LIS_Test.java:20)
~ test_3(java_testcases.junit.LIS_Test)
[expected:<4> but was:<3>]
java.lang.AssertionError: expected:<4> but was:<3>    at org.junit.Assert.fail(Assert.java:88)
    at org.junit.Assert.failNotEquals(Assert.java:743)
    at org.junit.Assert.assertEquals(Assert.java:118)
    at org.junit.Assert.assertEquals(Assert.java:555)
    at org.junit.Assert.assertEquals(Assert.java:542)
    at java_testcases.junit.LIS_Test.test_3(LIS_Test.java:26)
~ test_0(java_testcases.junit.LIS_Test)
[expected:<3> but was:<2>]
java.lang.AssertionError: expected:<3> but was:<2>    at org.junit.Assert.fail(Assert.java:88)
    at org.junit.Assert.failNotEquals(Assert.java:743)
    at org.junit.Assert.assertEquals(Assert.java:118)
    at org.junit.Assert.assertEquals(Assert.java:555)
    at org.junit.Assert.assertEquals(Assert.java:542)
    at java_testcases.junit.LIS_Test.test_0(LIS_Test.java:8)
~ test_1(java_testcases.junit.LIS_Test)
[expected:<6> but was:<5>]
java.lang.AssertionError: expected:<6> but was:<5>    at org.junit.Assert.fail(Assert.java:88)
    at org.junit.Assert.failNotEquals(Assert.java:743)
    at org.junit.Assert.assertEquals(Assert.java:118)
    at org.junit.Assert.assertEquals(Assert.java:555)
    at org.junit.Assert.assertEquals(Assert.java:542)
    at java_testcases.junit.LIS_Test.test_1(LIS_Test.java:14)
~ test_2(java_testcases.junit.LIS_Test)
[expected:<3> but was:<1>]
java.lang.AssertionError: expected:<3> but was:<1>    at org.junit.Assert.fail(Assert.java:88)
    at org.junit.Assert.failNotEquals(Assert.java:743)
    at org.junit.Assert.assertEquals(Assert.java:118)
    at org.junit.Assert.assertEquals(Assert.java:555)
    at org.junit.Assert.assertEquals(Assert.java:542)
    at java_testcases.junit.LIS_Test.test_2(LIS_Test.java:20)
~ test_3(java_testcases.junit.LIS_Test)
[expected:<4> but was:<3>]
java.lang.AssertionError: expected:<4> but was:<3>    at org.junit.Assert.fail(Assert.java:88)
    at org.junit.Assert.failNotEquals(Assert.java:743)
    at org.junit.Assert.assertEquals(Assert.java:118)
    at org.junit.Assert.assertEquals(Assert.java:555)
    at org.junit.Assert.assertEquals(Assert.java:542)
    at java_testcases.junit.LIS_Test.test_3(LIS_Test.java:26)
~ test_0(java_testcases.junit.LIS_Test)
[expected:<3> but was:<2>]
java.lang.AssertionError: expected:<3> but was:<2>    at org.junit.Assert.fail(Assert.java:88)
    at org.junit.Assert.failNotEquals(Assert.java:743)
    at org.junit.Assert.assertEquals(Assert.java:118)
    at org.junit.Assert.assertEquals(Assert.java:555)
    at org.junit.Assert.assertEquals(Assert.java:542)
    at java_testcases.junit.LIS_Test.test_0(LIS_Test.java:8)
~ test_1(java_testcases.junit.LIS_Test)
[expected:<6> but was:<5>]
java.lang.AssertionError: expected:<6> but was:<5>    at org.junit.Assert.fail(Assert.java:88)
    at org.junit.Assert.failNotEquals(Assert.java:743)
    at org.junit.Assert.assertEquals(Assert.java:118)
    at org.junit.Assert.assertEquals(Assert.java:555)
    at org.junit.Assert.assertEquals(Assert.java:542)
    at java_testcases.junit.LIS_Test.test_1(LIS_Test.java:14)
~ test_2(java_testcases.junit.LIS_Test)
[expected:<3> but was:<1>]
java.lang.AssertionError: expected:<3> but was:<1>    at org.junit.Assert.fail(Assert.java:88)
    at org.junit.Assert.failNotEquals(Assert.java:743)
    at org.junit.Assert.assertEquals(Assert.java:118)
    at org.junit.Assert.assertEquals(Assert.java:555)
    at org.junit.Assert.assertEquals(Assert.java:542)
    at java_testcases.junit.LIS_Test.test_2(LIS_Test.java:20)
~ test_3(java_testcases.junit.LIS_Test)
[expected:<4> but was:<3>]
java.lang.AssertionError: expected:<4> but was:<3>    at org.junit.Assert.fail(Assert.java:88)
    at org.junit.Assert.failNotEquals(Assert.java:743)
    at org.junit.Assert.assertEquals(Assert.java:118)
    at org.junit.Assert.assertEquals(Assert.java:555)
    at org.junit.Assert.assertEquals(Assert.java:542)
    at java_testcases.junit.LIS_Test.test_3(LIS_Test.java:26)

java.lang.AssertionError: expected:<3> but was:<0>
    at org.junit.Assert.fail(Assert.java:88)
    at org.junit.Assert.failNotEquals(Assert.java:743)
    at org.junit.Assert.assertEquals(Assert.java:118)
    at org.junit.Assert.assertEquals(Assert.java:555)
    at org.junit.Assert.assertEquals(Assert.java:542)
    at java_testcases.junit.LIS_Test.test_0(LIS_Test.java:8)
14:38:14.586 [pool-45-thread-1] INFO  f.i.l.c.t.SpecificationTestCasesListener - Tests run finished (2 ms)
<> Total tests run: 1
<> Ignored tests: 0
<> Failed tests: 1
~ test_0(java_testcases.junit.LIS_Test)
[expected:<3> but was:<0>]
java.lang.AssertionError: expected:<3> but was:<0>    at org.junit.Assert.fail(Assert.java:88)
    at org.junit.Assert.failNotEquals(Assert.java:743)
    at org.junit.Assert.assertEquals(Assert.java:118)
    at org.junit.Assert.assertEquals(Assert.java:555)
    at org.junit.Assert.assertEquals(Assert.java:542)
    at java_testcases.junit.LIS_Test.test_0(LIS_Test.java:8)

java.lang.AssertionError: expected:<3> but was:<0>
    at org.junit.Assert.fail(Assert.java:88)
    at org.junit.Assert.failNotEquals(Assert.java:743)
    at org.junit.Assert.assertEquals(Assert.java:118)
    at org.junit.Assert.assertEquals(Assert.java:555)
    at org.junit.Assert.assertEquals(Assert.java:542)
    at java_testcases.junit.LIS_Test.test_2(LIS_Test.java:20)
14:38:14.587 [pool-46-thread-1] INFO  f.i.l.c.t.SpecificationTestCasesListener - Tests run finished (0 ms)
<> Total tests run: 1
<> Ignored tests: 0
<> Failed tests: 1
~ test_2(java_testcases.junit.LIS_Test)
[expected:<3> but was:<0>]
java.lang.AssertionError: expected:<3> but was:<0>    at org.junit.Assert.fail(Assert.java:88)
    at org.junit.Assert.failNotEquals(Assert.java:743)
    at org.junit.Assert.assertEquals(Assert.java:118)
    at org.junit.Assert.assertEquals(Assert.java:555)
    at org.junit.Assert.assertEquals(Assert.java:542)
    at java_testcases.junit.LIS_Test.test_2(LIS_Test.java:20)

java.lang.AssertionError: expected:<6> but was:<0>
    at org.junit.Assert.fail(Assert.java:88)
    at org.junit.Assert.failNotEquals(Assert.java:743)
    at org.junit.Assert.assertEquals(Assert.java:118)
    at org.junit.Assert.assertEquals(Assert.java:555)
    at org.junit.Assert.assertEquals(Assert.java:542)
    at java_testcases.junit.LIS_Test.test_1(LIS_Test.java:14)
14:38:14.589 [pool-47-thread-1] INFO  f.i.l.c.t.SpecificationTestCasesListener - Tests run finished (1 ms)
<> Total tests run: 1
<> Ignored tests: 0
<> Failed tests: 1
~ test_1(java_testcases.junit.LIS_Test)
[expected:<6> but was:<0>]
java.lang.AssertionError: expected:<6> but was:<0>    at org.junit.Assert.fail(Assert.java:88)
    at org.junit.Assert.failNotEquals(Assert.java:743)
    at org.junit.Assert.assertEquals(Assert.java:118)
    at org.junit.Assert.assertEquals(Assert.java:555)
    at org.junit.Assert.assertEquals(Assert.java:542)
    at java_testcases.junit.LIS_Test.test_1(LIS_Test.java:14)

java.lang.AssertionError: expected:<4> but was:<0>
    at org.junit.Assert.fail(Assert.java:88)
    at org.junit.Assert.failNotEquals(Assert.java:743)
    at org.junit.Assert.assertEquals(Assert.java:118)
    at org.junit.Assert.assertEquals(Assert.java:555)
    at org.junit.Assert.assertEquals(Assert.java:542)
    at java_testcases.junit.LIS_Test.test_3(LIS_Test.java:26)
14:38:14.590 [pool-48-thread-1] INFO  f.i.l.c.t.SpecificationTestCasesListener - Tests run finished (0 ms)
<> Total tests run: 1
<> Ignored tests: 0
<> Failed tests: 1
~ test_3(java_testcases.junit.LIS_Test)
[expected:<4> but was:<0>]
java.lang.AssertionError: expected:<4> but was:<0>    at org.junit.Assert.fail(Assert.java:88)
    at org.junit.Assert.failNotEquals(Assert.java:743)
    at org.junit.Assert.assertEquals(Assert.java:118)
    at org.junit.Assert.assertEquals(Assert.java:555)
    at org.junit.Assert.assertEquals(Assert.java:542)
    at java_testcases.junit.LIS_Test.test_3(LIS_Test.java:26)

java.lang.AssertionError: expected:<3> but was:<2>
    at org.junit.Assert.fail(Assert.java:88)
    at org.junit.Assert.failNotEquals(Assert.java:743)
    at org.junit.Assert.assertEquals(Assert.java:118)
    at org.junit.Assert.assertEquals(Assert.java:555)
    at org.junit.Assert.assertEquals(Assert.java:542)
    at java_testcases.junit.LIS_Test.test_0(LIS_Test.java:8)
14:38:14.592 [pool-49-thread-1] INFO  f.i.l.c.t.SpecificationTestCasesListener - Tests run finished (1 ms)
<> Total tests run: 1
<> Ignored tests: 0
<> Failed tests: 1
~ test_0(java_testcases.junit.LIS_Test)
[expected:<3> but was:<2>]
java.lang.AssertionError: expected:<3> but was:<2>    at org.junit.Assert.fail(Assert.java:88)
    at org.junit.Assert.failNotEquals(Assert.java:743)
    at org.junit.Assert.assertEquals(Assert.java:118)
    at org.junit.Assert.assertEquals(Assert.java:555)
    at org.junit.Assert.assertEquals(Assert.java:542)
    at java_testcases.junit.LIS_Test.test_0(LIS_Test.java:8)

java.lang.AssertionError: expected:<3> but was:<1>
    at org.junit.Assert.fail(Assert.java:88)
    at org.junit.Assert.failNotEquals(Assert.java:743)
    at org.junit.Assert.assertEquals(Assert.java:118)
    at org.junit.Assert.assertEquals(Assert.java:555)
    at org.junit.Assert.assertEquals(Assert.java:542)
    at java_testcases.junit.LIS_Test.test_2(LIS_Test.java:20)
14:38:14.593 [pool-50-thread-1] INFO  f.i.l.c.t.SpecificationTestCasesListener - Tests run finished (1 ms)
<> Total tests run: 1
<> Ignored tests: 0
<> Failed tests: 1
~ test_2(java_testcases.junit.LIS_Test)
[expected:<3> but was:<1>]
java.lang.AssertionError: expected:<3> but was:<1>    at org.junit.Assert.fail(Assert.java:88)
    at org.junit.Assert.failNotEquals(Assert.java:743)
    at org.junit.Assert.assertEquals(Assert.java:118)
    at org.junit.Assert.assertEquals(Assert.java:555)
    at org.junit.Assert.assertEquals(Assert.java:542)
    at java_testcases.junit.LIS_Test.test_2(LIS_Test.java:20)

java.lang.AssertionError: expected:<6> but was:<5>
    at org.junit.Assert.fail(Assert.java:88)
    at org.junit.Assert.failNotEquals(Assert.java:743)
    at org.junit.Assert.assertEquals(Assert.java:118)
    at org.junit.Assert.assertEquals(Assert.java:555)
    at org.junit.Assert.assertEquals(Assert.java:542)
    at java_testcases.junit.LIS_Test.test_1(LIS_Test.java:14)
14:38:14.595 [pool-51-thread-1] INFO  f.i.l.c.t.SpecificationTestCasesListener - Tests run finished (1 ms)
<> Total tests run: 1
<> Ignored tests: 0
<> Failed tests: 1
~ test_1(java_testcases.junit.LIS_Test)
[expected:<6> but was:<5>]
java.lang.AssertionError: expected:<6> but was:<5>    at org.junit.Assert.fail(Assert.java:88)
    at org.junit.Assert.failNotEquals(Assert.java:743)
    at org.junit.Assert.assertEquals(Assert.java:118)
    at org.junit.Assert.assertEquals(Assert.java:555)
    at org.junit.Assert.assertEquals(Assert.java:542)
    at java_testcases.junit.LIS_Test.test_1(LIS_Test.java:14)

java.lang.AssertionError: expected:<4> but was:<3>
    at org.junit.Assert.fail(Assert.java:88)
    at org.junit.Assert.failNotEquals(Assert.java:743)
    at org.junit.Assert.assertEquals(Assert.java:118)
    at org.junit.Assert.assertEquals(Assert.java:555)
    at org.junit.Assert.assertEquals(Assert.java:542)
    at java_testcases.junit.LIS_Test.test_3(LIS_Test.java:26)
14:38:14.596 [pool-52-thread-1] INFO  f.i.l.c.t.SpecificationTestCasesListener - Tests run finished (0 ms)
<> Total tests run: 1
<> Ignored tests: 0
<> Failed tests: 1
~ test_3(java_testcases.junit.LIS_Test)
[expected:<4> but was:<3>]
java.lang.AssertionError: expected:<4> but was:<3>    at org.junit.Assert.fail(Assert.java:88)
    at org.junit.Assert.failNotEquals(Assert.java:743)
    at org.junit.Assert.assertEquals(Assert.java:118)
    at org.junit.Assert.assertEquals(Assert.java:555)
    at org.junit.Assert.assertEquals(Assert.java:542)
    at java_testcases.junit.LIS_Test.test_3(LIS_Test.java:26)

14:38:14.598 [pool-43-thread-1] DEBUG tests.output - Failing tests with false: 
[test_0(java_testcases.junit.LIS_Test): expected:<3> but was:<0>, test_2(java_testcases.junit.LIS_Test): expected:<3> but was:<0>, test_1(java_testcases.junit.LIS_Test): expected:<6> but was:<0>, test_3(java_testcases.junit.LIS_Test): expected:<4> but was:<0>]
14:38:14.598 [pool-43-thread-1] DEBUG tests.output - Failing tests with true: 
[test_0(java_testcases.junit.LIS_Test): expected:<3> but was:<2>, test_2(java_testcases.junit.LIS_Test): expected:<3> but was:<1>, test_1(java_testcases.junit.LIS_Test): expected:<6> but was:<5>, test_3(java_testcases.junit.LIS_Test): expected:<4> but was:<3>]
14:38:14.598 [pool-43-thread-1] INFO  f.i.l.r.n.synth.SMTNopolSynthesizer - Not enough specifications: 0. A trivial patch is "true" or "false", please write new tests specifying SourceLocation java_programs.LIS:29.
14:38:14.598 [pool-2-thread-1] DEBUG fr.inria.lille.repair.nopol.NoPol - statement #6
14:38:14.598 [pool-2-thread-1] DEBUG fr.inria.lille.repair.nopol.NoPol - Analysing SourceLocation java_programs.LIS:27 which is executed by 4 tests
75383
14:38:14.656 [pool-2-thread-1] DEBUG fr.inria.lille.repair.nopol.NoPol - statement #7
14:38:14.656 [pool-2-thread-1] DEBUG fr.inria.lille.repair.nopol.NoPol - Analysing SourceLocation java_programs.LIS:23 which is executed by 4 tests
75383
14:38:14.715 [pool-2-thread-1] DEBUG fr.inria.lille.repair.nopol.NoPol - looking with class fr.inria.lille.repair.nopol.spoon.smt.ConditionalAdder
java.lang.AssertionError: expected:<3> but was:<2>
    at org.junit.Assert.fail(Assert.java:88)
    at org.junit.Assert.failNotEquals(Assert.java:743)
    at org.junit.Assert.assertEquals(Assert.java:118)
    at org.junit.Assert.assertEquals(Assert.java:555)
    at org.junit.Assert.assertEquals(Assert.java:542)
    at java_testcases.junit.LIS_Test.test_0(LIS_Test.java:8)
java.lang.AssertionError: expected:<6> but was:<5>
    at org.junit.Assert.fail(Assert.java:88)
    at org.junit.Assert.failNotEquals(Assert.java:743)
    at org.junit.Assert.assertEquals(Assert.java:118)
    at org.junit.Assert.assertEquals(Assert.java:555)
    at org.junit.Assert.assertEquals(Assert.java:542)
    at java_testcases.junit.LIS_Test.test_1(LIS_Test.java:14)
java.lang.AssertionError: expected:<3> but was:<1>
    at org.junit.Assert.fail(Assert.java:88)
    at org.junit.Assert.failNotEquals(Assert.java:743)
    at org.junit.Assert.assertEquals(Assert.java:118)
    at org.junit.Assert.assertEquals(Assert.java:555)
    at org.junit.Assert.assertEquals(Assert.java:542)
    at java_testcases.junit.LIS_Test.test_2(LIS_Test.java:20)
java.lang.AssertionError: expected:<4> but was:<3>
    at org.junit.Assert.fail(Assert.java:88)
    at org.junit.Assert.failNotEquals(Assert.java:743)
    at org.junit.Assert.assertEquals(Assert.java:118)
    at org.junit.Assert.assertEquals(Assert.java:555)
    at org.junit.Assert.assertEquals(Assert.java:542)
    at java_testcases.junit.LIS_Test.test_3(LIS_Test.java:26)
java.lang.AssertionError: expected:<3> but was:<2>
    at org.junit.Assert.fail(Assert.java:88)
    at org.junit.Assert.failNotEquals(Assert.java:743)
    at org.junit.Assert.assertEquals(Assert.java:118)
    at org.junit.Assert.assertEquals(Assert.java:555)
    at org.junit.Assert.assertEquals(Assert.java:542)
    at java_testcases.junit.LIS_Test.test_0(LIS_Test.java:8)
java.lang.AssertionError: expected:<6> but was:<5>
    at org.junit.Assert.fail(Assert.java:88)
    at org.junit.Assert.failNotEquals(Assert.java:743)
    at org.junit.Assert.assertEquals(Assert.java:118)
    at org.junit.Assert.assertEquals(Assert.java:555)
    at org.junit.Assert.assertEquals(Assert.java:542)
    at java_testcases.junit.LIS_Test.test_1(LIS_Test.java:14)
java.lang.AssertionError: expected:<3> but was:<1>
    at org.junit.Assert.fail(Assert.java:88)
    at org.junit.Assert.failNotEquals(Assert.java:743)
    at org.junit.Assert.assertEquals(Assert.java:118)
    at org.junit.Assert.assertEquals(Assert.java:555)
    at org.junit.Assert.assertEquals(Assert.java:542)
    at java_testcases.junit.LIS_Test.test_2(LIS_Test.java:20)
java.lang.AssertionError: expected:<4> but was:<3>
    at org.junit.Assert.fail(Assert.java:88)
    at org.junit.Assert.failNotEquals(Assert.java:743)
    at org.junit.Assert.assertEquals(Assert.java:118)
    at org.junit.Assert.assertEquals(Assert.java:555)
    at org.junit.Assert.assertEquals(Assert.java:542)
    at java_testcases.junit.LIS_Test.test_3(LIS_Test.java:26)
java.lang.AssertionError: expected:<3> but was:<2>
    at org.junit.Assert.fail(Assert.java:88)
    at org.junit.Assert.failNotEquals(Assert.java:743)
    at org.junit.Assert.assertEquals(Assert.java:118)
    at org.junit.Assert.assertEquals(Assert.java:555)
    at org.junit.Assert.assertEquals(Assert.java:542)
    at java_testcases.junit.LIS_Test.test_0(LIS_Test.java:8)
java.lang.AssertionError: expected:<6> but was:<5>
    at org.junit.Assert.fail(Assert.java:88)
    at org.junit.Assert.failNotEquals(Assert.java:743)
    at org.junit.Assert.assertEquals(Assert.java:118)
    at org.junit.Assert.assertEquals(Assert.java:555)
    at org.junit.Assert.assertEquals(Assert.java:542)
    at java_testcases.junit.LIS_Test.test_1(LIS_Test.java:14)
java.lang.AssertionError: expected:<3> but was:<1>
    at org.junit.Assert.fail(Assert.java:88)
    at org.junit.Assert.failNotEquals(Assert.java:743)
    at org.junit.Assert.assertEquals(Assert.java:118)
    at org.junit.Assert.assertEquals(Assert.java:555)
    at org.junit.Assert.assertEquals(Assert.java:542)
    at java_testcases.junit.LIS_Test.test_2(LIS_Test.java:20)
java.lang.AssertionError: expected:<4> but was:<3>
    at org.junit.Assert.fail(Assert.java:88)
    at org.junit.Assert.failNotEquals(Assert.java:743)
    at org.junit.Assert.assertEquals(Assert.java:118)
    at org.junit.Assert.assertEquals(Assert.java:555)
    at org.junit.Assert.assertEquals(Assert.java:542)
    at java_testcases.junit.LIS_Test.test_3(LIS_Test.java:26)
java.lang.AssertionError: expected:<3> but was:<2>
    at org.junit.Assert.fail(Assert.java:88)
    at org.junit.Assert.failNotEquals(Assert.java:743)
    at org.junit.Assert.assertEquals(Assert.java:118)
    at org.junit.Assert.assertEquals(Assert.java:555)
    at org.junit.Assert.assertEquals(Assert.java:542)
    at java_testcases.junit.LIS_Test.test_0(LIS_Test.java:8)
java.lang.AssertionError: expected:<6> but was:<5>
    at org.junit.Assert.fail(Assert.java:88)
    at org.junit.Assert.failNotEquals(Assert.java:743)
    at org.junit.Assert.assertEquals(Assert.java:118)
    at org.junit.Assert.assertEquals(Assert.java:555)
    at org.junit.Assert.assertEquals(Assert.java:542)
    at java_testcases.junit.LIS_Test.test_1(LIS_Test.java:14)
java.lang.AssertionError: expected:<3> but was:<1>
    at org.junit.Assert.fail(Assert.java:88)
    at org.junit.Assert.failNotEquals(Assert.java:743)
    at org.junit.Assert.assertEquals(Assert.java:118)
    at org.junit.Assert.assertEquals(Assert.java:555)
    at org.junit.Assert.assertEquals(Assert.java:542)
    at java_testcases.junit.LIS_Test.test_2(LIS_Test.java:20)
java.lang.AssertionError: expected:<4> but was:<3>
    at org.junit.Assert.fail(Assert.java:88)
    at org.junit.Assert.failNotEquals(Assert.java:743)
    at org.junit.Assert.assertEquals(Assert.java:118)
    at org.junit.Assert.assertEquals(Assert.java:555)
    at org.junit.Assert.assertEquals(Assert.java:542)
    at java_testcases.junit.LIS_Test.test_3(LIS_Test.java:26)
14:38:14.726 [pool-54-thread-1] INFO  xxl.java.junit.TestCasesListener - Tests run finished (9 ms)
<> Total tests run: 16
<> Ignored tests: 0
<> Failed tests: 16
~ test_0(java_testcases.junit.LIS_Test)
[expected:<3> but was:<2>]
java.lang.AssertionError: expected:<3> but was:<2>    at org.junit.Assert.fail(Assert.java:88)
    at org.junit.Assert.failNotEquals(Assert.java:743)
    at org.junit.Assert.assertEquals(Assert.java:118)
    at org.junit.Assert.assertEquals(Assert.java:555)
    at org.junit.Assert.assertEquals(Assert.java:542)
    at java_testcases.junit.LIS_Test.test_0(LIS_Test.java:8)
~ test_1(java_testcases.junit.LIS_Test)
[expected:<6> but was:<5>]
java.lang.AssertionError: expected:<6> but was:<5>    at org.junit.Assert.fail(Assert.java:88)
    at org.junit.Assert.failNotEquals(Assert.java:743)
    at org.junit.Assert.assertEquals(Assert.java:118)
    at org.junit.Assert.assertEquals(Assert.java:555)
    at org.junit.Assert.assertEquals(Assert.java:542)
    at java_testcases.junit.LIS_Test.test_1(LIS_Test.java:14)
~ test_2(java_testcases.junit.LIS_Test)
[expected:<3> but was:<1>]
java.lang.AssertionError: expected:<3> but was:<1>    at org.junit.Assert.fail(Assert.java:88)
    at org.junit.Assert.failNotEquals(Assert.java:743)
    at org.junit.Assert.assertEquals(Assert.java:118)
    at org.junit.Assert.assertEquals(Assert.java:555)
    at org.junit.Assert.assertEquals(Assert.java:542)
    at java_testcases.junit.LIS_Test.test_2(LIS_Test.java:20)
~ test_3(java_testcases.junit.LIS_Test)
[expected:<4> but was:<3>]
java.lang.AssertionError: expected:<4> but was:<3>    at org.junit.Assert.fail(Assert.java:88)
    at org.junit.Assert.failNotEquals(Assert.java:743)
    at org.junit.Assert.assertEquals(Assert.java:118)
    at org.junit.Assert.assertEquals(Assert.java:555)
    at org.junit.Assert.assertEquals(Assert.java:542)
    at java_testcases.junit.LIS_Test.test_3(LIS_Test.java:26)
~ test_0(java_testcases.junit.LIS_Test)
[expected:<3> but was:<2>]
java.lang.AssertionError: expected:<3> but was:<2>    at org.junit.Assert.fail(Assert.java:88)
    at org.junit.Assert.failNotEquals(Assert.java:743)
    at org.junit.Assert.assertEquals(Assert.java:118)
    at org.junit.Assert.assertEquals(Assert.java:555)
    at org.junit.Assert.assertEquals(Assert.java:542)
    at java_testcases.junit.LIS_Test.test_0(LIS_Test.java:8)
~ test_1(java_testcases.junit.LIS_Test)
[expected:<6> but was:<5>]
java.lang.AssertionError: expected:<6> but was:<5>    at org.junit.Assert.fail(Assert.java:88)
    at org.junit.Assert.failNotEquals(Assert.java:743)
    at org.junit.Assert.assertEquals(Assert.java:118)
    at org.junit.Assert.assertEquals(Assert.java:555)
    at org.junit.Assert.assertEquals(Assert.java:542)
    at java_testcases.junit.LIS_Test.test_1(LIS_Test.java:14)
~ test_2(java_testcases.junit.LIS_Test)
[expected:<3> but was:<1>]
java.lang.AssertionError: expected:<3> but was:<1>    at org.junit.Assert.fail(Assert.java:88)
    at org.junit.Assert.failNotEquals(Assert.java:743)
    at org.junit.Assert.assertEquals(Assert.java:118)
    at org.junit.Assert.assertEquals(Assert.java:555)
    at org.junit.Assert.assertEquals(Assert.java:542)
    at java_testcases.junit.LIS_Test.test_2(LIS_Test.java:20)
~ test_3(java_testcases.junit.LIS_Test)
[expected:<4> but was:<3>]
java.lang.AssertionError: expected:<4> but was:<3>    at org.junit.Assert.fail(Assert.java:88)
    at org.junit.Assert.failNotEquals(Assert.java:743)
    at org.junit.Assert.assertEquals(Assert.java:118)
    at org.junit.Assert.assertEquals(Assert.java:555)
    at org.junit.Assert.assertEquals(Assert.java:542)
    at java_testcases.junit.LIS_Test.test_3(LIS_Test.java:26)
~ test_0(java_testcases.junit.LIS_Test)
[expected:<3> but was:<2>]
java.lang.AssertionError: expected:<3> but was:<2>    at org.junit.Assert.fail(Assert.java:88)
    at org.junit.Assert.failNotEquals(Assert.java:743)
    at org.junit.Assert.assertEquals(Assert.java:118)
    at org.junit.Assert.assertEquals(Assert.java:555)
    at org.junit.Assert.assertEquals(Assert.java:542)
    at java_testcases.junit.LIS_Test.test_0(LIS_Test.java:8)
~ test_1(java_testcases.junit.LIS_Test)
[expected:<6> but was:<5>]
java.lang.AssertionError: expected:<6> but was:<5>    at org.junit.Assert.fail(Assert.java:88)
    at org.junit.Assert.failNotEquals(Assert.java:743)
    at org.junit.Assert.assertEquals(Assert.java:118)
    at org.junit.Assert.assertEquals(Assert.java:555)
    at org.junit.Assert.assertEquals(Assert.java:542)
    at java_testcases.junit.LIS_Test.test_1(LIS_Test.java:14)
~ test_2(java_testcases.junit.LIS_Test)
[expected:<3> but was:<1>]
java.lang.AssertionError: expected:<3> but was:<1>    at org.junit.Assert.fail(Assert.java:88)
    at org.junit.Assert.failNotEquals(Assert.java:743)
    at org.junit.Assert.assertEquals(Assert.java:118)
    at org.junit.Assert.assertEquals(Assert.java:555)
    at org.junit.Assert.assertEquals(Assert.java:542)
    at java_testcases.junit.LIS_Test.test_2(LIS_Test.java:20)
~ test_3(java_testcases.junit.LIS_Test)
[expected:<4> but was:<3>]
java.lang.AssertionError: expected:<4> but was:<3>    at org.junit.Assert.fail(Assert.java:88)
    at org.junit.Assert.failNotEquals(Assert.java:743)
    at org.junit.Assert.assertEquals(Assert.java:118)
    at org.junit.Assert.assertEquals(Assert.java:555)
    at org.junit.Assert.assertEquals(Assert.java:542)
    at java_testcases.junit.LIS_Test.test_3(LIS_Test.java:26)
~ test_0(java_testcases.junit.LIS_Test)
[expected:<3> but was:<2>]
java.lang.AssertionError: expected:<3> but was:<2>    at org.junit.Assert.fail(Assert.java:88)
    at org.junit.Assert.failNotEquals(Assert.java:743)
    at org.junit.Assert.assertEquals(Assert.java:118)
    at org.junit.Assert.assertEquals(Assert.java:555)
    at org.junit.Assert.assertEquals(Assert.java:542)
    at java_testcases.junit.LIS_Test.test_0(LIS_Test.java:8)
~ test_1(java_testcases.junit.LIS_Test)
[expected:<6> but was:<5>]
java.lang.AssertionError: expected:<6> but was:<5>    at org.junit.Assert.fail(Assert.java:88)
    at org.junit.Assert.failNotEquals(Assert.java:743)
    at org.junit.Assert.assertEquals(Assert.java:118)
    at org.junit.Assert.assertEquals(Assert.java:555)
    at org.junit.Assert.assertEquals(Assert.java:542)
    at java_testcases.junit.LIS_Test.test_1(LIS_Test.java:14)
~ test_2(java_testcases.junit.LIS_Test)
[expected:<3> but was:<1>]
java.lang.AssertionError: expected:<3> but was:<1>    at org.junit.Assert.fail(Assert.java:88)
    at org.junit.Assert.failNotEquals(Assert.java:743)
    at org.junit.Assert.assertEquals(Assert.java:118)
    at org.junit.Assert.assertEquals(Assert.java:555)
    at org.junit.Assert.assertEquals(Assert.java:542)
    at java_testcases.junit.LIS_Test.test_2(LIS_Test.java:20)
~ test_3(java_testcases.junit.LIS_Test)
[expected:<4> but was:<3>]
java.lang.AssertionError: expected:<4> but was:<3>    at org.junit.Assert.fail(Assert.java:88)
    at org.junit.Assert.failNotEquals(Assert.java:743)
    at org.junit.Assert.assertEquals(Assert.java:118)
    at org.junit.Assert.assertEquals(Assert.java:555)
    at org.junit.Assert.assertEquals(Assert.java:542)
    at java_testcases.junit.LIS_Test.test_3(LIS_Test.java:26)

java.lang.AssertionError: expected:<3> but was:<1>
    at org.junit.Assert.fail(Assert.java:88)
    at org.junit.Assert.failNotEquals(Assert.java:743)
    at org.junit.Assert.assertEquals(Assert.java:118)
    at org.junit.Assert.assertEquals(Assert.java:555)
    at org.junit.Assert.assertEquals(Assert.java:542)
    at java_testcases.junit.LIS_Test.test_0(LIS_Test.java:8)
14:38:14.839 [pool-55-thread-1] INFO  f.i.l.c.t.SpecificationTestCasesListener - Tests run finished (2 ms)
<> Total tests run: 1
<> Ignored tests: 0
<> Failed tests: 1
~ test_0(java_testcases.junit.LIS_Test)
[expected:<3> but was:<1>]
java.lang.AssertionError: expected:<3> but was:<1>    at org.junit.Assert.fail(Assert.java:88)
    at org.junit.Assert.failNotEquals(Assert.java:743)
    at org.junit.Assert.assertEquals(Assert.java:118)
    at org.junit.Assert.assertEquals(Assert.java:555)
    at org.junit.Assert.assertEquals(Assert.java:542)
    at java_testcases.junit.LIS_Test.test_0(LIS_Test.java:8)

java.lang.AssertionError: expected:<3> but was:<1>
    at org.junit.Assert.fail(Assert.java:88)
    at org.junit.Assert.failNotEquals(Assert.java:743)
    at org.junit.Assert.assertEquals(Assert.java:118)
    at org.junit.Assert.assertEquals(Assert.java:555)
    at org.junit.Assert.assertEquals(Assert.java:542)
    at java_testcases.junit.LIS_Test.test_2(LIS_Test.java:20)
14:38:14.840 [pool-56-thread-1] INFO  f.i.l.c.t.SpecificationTestCasesListener - Tests run finished (1 ms)
<> Total tests run: 1
<> Ignored tests: 0
<> Failed tests: 1
~ test_2(java_testcases.junit.LIS_Test)
[expected:<3> but was:<1>]
java.lang.AssertionError: expected:<3> but was:<1>    at org.junit.Assert.fail(Assert.java:88)
    at org.junit.Assert.failNotEquals(Assert.java:743)
    at org.junit.Assert.assertEquals(Assert.java:118)
    at org.junit.Assert.assertEquals(Assert.java:555)
    at org.junit.Assert.assertEquals(Assert.java:542)
    at java_testcases.junit.LIS_Test.test_2(LIS_Test.java:20)

java.lang.AssertionError: expected:<6> but was:<1>
    at org.junit.Assert.fail(Assert.java:88)
    at org.junit.Assert.failNotEquals(Assert.java:743)
    at org.junit.Assert.assertEquals(Assert.java:118)
    at org.junit.Assert.assertEquals(Assert.java:555)
    at org.junit.Assert.assertEquals(Assert.java:542)
    at java_testcases.junit.LIS_Test.test_1(LIS_Test.java:14)
14:38:14.841 [pool-57-thread-1] INFO  f.i.l.c.t.SpecificationTestCasesListener - Tests run finished (0 ms)
<> Total tests run: 1
<> Ignored tests: 0
<> Failed tests: 1
~ test_1(java_testcases.junit.LIS_Test)
[expected:<6> but was:<1>]
java.lang.AssertionError: expected:<6> but was:<1>    at org.junit.Assert.fail(Assert.java:88)
    at org.junit.Assert.failNotEquals(Assert.java:743)
    at org.junit.Assert.assertEquals(Assert.java:118)
    at org.junit.Assert.assertEquals(Assert.java:555)
    at org.junit.Assert.assertEquals(Assert.java:542)
    at java_testcases.junit.LIS_Test.test_1(LIS_Test.java:14)

java.lang.AssertionError: expected:<4> but was:<1>
    at org.junit.Assert.fail(Assert.java:88)
    at org.junit.Assert.failNotEquals(Assert.java:743)
    at org.junit.Assert.assertEquals(Assert.java:118)
    at org.junit.Assert.assertEquals(Assert.java:555)
    at org.junit.Assert.assertEquals(Assert.java:542)
    at java_testcases.junit.LIS_Test.test_3(LIS_Test.java:26)
14:38:14.843 [pool-58-thread-1] INFO  f.i.l.c.t.SpecificationTestCasesListener - Tests run finished (1 ms)
<> Total tests run: 1
<> Ignored tests: 0
<> Failed tests: 1
~ test_3(java_testcases.junit.LIS_Test)
[expected:<4> but was:<1>]
java.lang.AssertionError: expected:<4> but was:<1>    at org.junit.Assert.fail(Assert.java:88)
    at org.junit.Assert.failNotEquals(Assert.java:743)
    at org.junit.Assert.assertEquals(Assert.java:118)
    at org.junit.Assert.assertEquals(Assert.java:555)
    at org.junit.Assert.assertEquals(Assert.java:542)
    at java_testcases.junit.LIS_Test.test_3(LIS_Test.java:26)

java.lang.AssertionError: expected:<3> but was:<2>
    at org.junit.Assert.fail(Assert.java:88)
    at org.junit.Assert.failNotEquals(Assert.java:743)
    at org.junit.Assert.assertEquals(Assert.java:118)
    at org.junit.Assert.assertEquals(Assert.java:555)
    at org.junit.Assert.assertEquals(Assert.java:542)
    at java_testcases.junit.LIS_Test.test_0(LIS_Test.java:8)
14:38:14.844 [pool-59-thread-1] INFO  f.i.l.c.t.SpecificationTestCasesListener - Tests run finished (1 ms)
<> Total tests run: 1
<> Ignored tests: 0
<> Failed tests: 1
~ test_0(java_testcases.junit.LIS_Test)
[expected:<3> but was:<2>]
java.lang.AssertionError: expected:<3> but was:<2>    at org.junit.Assert.fail(Assert.java:88)
    at org.junit.Assert.failNotEquals(Assert.java:743)
    at org.junit.Assert.assertEquals(Assert.java:118)
    at org.junit.Assert.assertEquals(Assert.java:555)
    at org.junit.Assert.assertEquals(Assert.java:542)
    at java_testcases.junit.LIS_Test.test_0(LIS_Test.java:8)

java.lang.AssertionError: expected:<3> but was:<1>
    at org.junit.Assert.fail(Assert.java:88)
    at org.junit.Assert.failNotEquals(Assert.java:743)
    at org.junit.Assert.assertEquals(Assert.java:118)
    at org.junit.Assert.assertEquals(Assert.java:555)
    at org.junit.Assert.assertEquals(Assert.java:542)
    at java_testcases.junit.LIS_Test.test_2(LIS_Test.java:20)
14:38:14.845 [pool-60-thread-1] INFO  f.i.l.c.t.SpecificationTestCasesListener - Tests run finished (1 ms)
<> Total tests run: 1
<> Ignored tests: 0
<> Failed tests: 1
~ test_2(java_testcases.junit.LIS_Test)
[expected:<3> but was:<1>]
java.lang.AssertionError: expected:<3> but was:<1>    at org.junit.Assert.fail(Assert.java:88)
    at org.junit.Assert.failNotEquals(Assert.java:743)
    at org.junit.Assert.assertEquals(Assert.java:118)
    at org.junit.Assert.assertEquals(Assert.java:555)
    at org.junit.Assert.assertEquals(Assert.java:542)
    at java_testcases.junit.LIS_Test.test_2(LIS_Test.java:20)

java.lang.AssertionError: expected:<6> but was:<5>
    at org.junit.Assert.fail(Assert.java:88)
    at org.junit.Assert.failNotEquals(Assert.java:743)
    at org.junit.Assert.assertEquals(Assert.java:118)
    at org.junit.Assert.assertEquals(Assert.java:555)
    at org.junit.Assert.assertEquals(Assert.java:542)
    at java_testcases.junit.LIS_Test.test_1(LIS_Test.java:14)
14:38:14.846 [pool-61-thread-1] INFO  f.i.l.c.t.SpecificationTestCasesListener - Tests run finished (0 ms)
<> Total tests run: 1
<> Ignored tests: 0
<> Failed tests: 1
~ test_1(java_testcases.junit.LIS_Test)
[expected:<6> but was:<5>]
java.lang.AssertionError: expected:<6> but was:<5>    at org.junit.Assert.fail(Assert.java:88)
    at org.junit.Assert.failNotEquals(Assert.java:743)
    at org.junit.Assert.assertEquals(Assert.java:118)
    at org.junit.Assert.assertEquals(Assert.java:555)
    at org.junit.Assert.assertEquals(Assert.java:542)
    at java_testcases.junit.LIS_Test.test_1(LIS_Test.java:14)

java.lang.AssertionError: expected:<4> but was:<3>
    at org.junit.Assert.fail(Assert.java:88)
    at org.junit.Assert.failNotEquals(Assert.java:743)
    at org.junit.Assert.assertEquals(Assert.java:118)
    at org.junit.Assert.assertEquals(Assert.java:555)
    at org.junit.Assert.assertEquals(Assert.java:542)
    at java_testcases.junit.LIS_Test.test_3(LIS_Test.java:26)
14:38:14.847 [pool-62-thread-1] INFO  f.i.l.c.t.SpecificationTestCasesListener - Tests run finished (0 ms)
<> Total tests run: 1
<> Ignored tests: 0
<> Failed tests: 1
~ test_3(java_testcases.junit.LIS_Test)
[expected:<4> but was:<3>]
java.lang.AssertionError: expected:<4> but was:<3>    at org.junit.Assert.fail(Assert.java:88)
    at org.junit.Assert.failNotEquals(Assert.java:743)
    at org.junit.Assert.assertEquals(Assert.java:118)
    at org.junit.Assert.assertEquals(Assert.java:555)
    at org.junit.Assert.assertEquals(Assert.java:542)
    at java_testcases.junit.LIS_Test.test_3(LIS_Test.java:26)

14:38:14.848 [pool-53-thread-1] DEBUG tests.output - Failing tests with false: 
[test_0(java_testcases.junit.LIS_Test): expected:<3> but was:<1>, test_2(java_testcases.junit.LIS_Test): expected:<3> but was:<1>, test_1(java_testcases.junit.LIS_Test): expected:<6> but was:<1>, test_3(java_testcases.junit.LIS_Test): expected:<4> but was:<1>]
14:38:14.848 [pool-53-thread-1] DEBUG tests.output - Failing tests with true: 
[test_0(java_testcases.junit.LIS_Test): expected:<3> but was:<2>, test_2(java_testcases.junit.LIS_Test): expected:<3> but was:<1>, test_1(java_testcases.junit.LIS_Test): expected:<6> but was:<5>, test_3(java_testcases.junit.LIS_Test): expected:<4> but was:<3>]
14:38:14.848 [pool-53-thread-1] INFO  f.i.l.r.n.synth.SMTNopolSynthesizer - Not enough specifications: 0. A trivial patch is "true" or "false", please write new tests specifying SourceLocation java_programs.LIS:23.
14:38:14.848 [pool-2-thread-1] DEBUG fr.inria.lille.repair.nopol.NoPol - statement #8
14:38:14.849 [pool-2-thread-1] DEBUG fr.inria.lille.repair.nopol.NoPol - Analysing SourceLocation java_programs.LIS:22 which is executed by 4 tests
75383
14:38:14.907 [pool-2-thread-1] DEBUG fr.inria.lille.repair.nopol.NoPol - looking with class fr.inria.lille.repair.nopol.spoon.smt.ConditionalAdder
java.lang.AssertionError: expected:<3> but was:<2>
    at org.junit.Assert.fail(Assert.java:88)
    at org.junit.Assert.failNotEquals(Assert.java:743)
    at org.junit.Assert.assertEquals(Assert.java:118)
    at org.junit.Assert.assertEquals(Assert.java:555)
    at org.junit.Assert.assertEquals(Assert.java:542)
    at java_testcases.junit.LIS_Test.test_0(LIS_Test.java:8)
java.lang.AssertionError: expected:<6> but was:<5>
    at org.junit.Assert.fail(Assert.java:88)
    at org.junit.Assert.failNotEquals(Assert.java:743)
    at org.junit.Assert.assertEquals(Assert.java:118)
    at org.junit.Assert.assertEquals(Assert.java:555)
    at org.junit.Assert.assertEquals(Assert.java:542)
    at java_testcases.junit.LIS_Test.test_1(LIS_Test.java:14)
java.lang.AssertionError: expected:<3> but was:<1>
    at org.junit.Assert.fail(Assert.java:88)
    at org.junit.Assert.failNotEquals(Assert.java:743)
    at org.junit.Assert.assertEquals(Assert.java:118)
    at org.junit.Assert.assertEquals(Assert.java:555)
    at org.junit.Assert.assertEquals(Assert.java:542)
    at java_testcases.junit.LIS_Test.test_2(LIS_Test.java:20)
java.lang.AssertionError: expected:<4> but was:<3>
    at org.junit.Assert.fail(Assert.java:88)
    at org.junit.Assert.failNotEquals(Assert.java:743)
    at org.junit.Assert.assertEquals(Assert.java:118)
    at org.junit.Assert.assertEquals(Assert.java:555)
    at org.junit.Assert.assertEquals(Assert.java:542)
    at java_testcases.junit.LIS_Test.test_3(LIS_Test.java:26)
java.lang.AssertionError: expected:<3> but was:<2>
    at org.junit.Assert.fail(Assert.java:88)
    at org.junit.Assert.failNotEquals(Assert.java:743)
    at org.junit.Assert.assertEquals(Assert.java:118)
    at org.junit.Assert.assertEquals(Assert.java:555)
    at org.junit.Assert.assertEquals(Assert.java:542)
    at java_testcases.junit.LIS_Test.test_0(LIS_Test.java:8)
java.lang.AssertionError: expected:<6> but was:<5>
    at org.junit.Assert.fail(Assert.java:88)
    at org.junit.Assert.failNotEquals(Assert.java:743)
    at org.junit.Assert.assertEquals(Assert.java:118)
    at org.junit.Assert.assertEquals(Assert.java:555)
    at org.junit.Assert.assertEquals(Assert.java:542)
    at java_testcases.junit.LIS_Test.test_1(LIS_Test.java:14)
java.lang.AssertionError: expected:<3> but was:<1>
    at org.junit.Assert.fail(Assert.java:88)
    at org.junit.Assert.failNotEquals(Assert.java:743)
    at org.junit.Assert.assertEquals(Assert.java:118)
    at org.junit.Assert.assertEquals(Assert.java:555)
    at org.junit.Assert.assertEquals(Assert.java:542)
    at java_testcases.junit.LIS_Test.test_2(LIS_Test.java:20)
java.lang.AssertionError: expected:<4> but was:<3>
    at org.junit.Assert.fail(Assert.java:88)
    at org.junit.Assert.failNotEquals(Assert.java:743)
    at org.junit.Assert.assertEquals(Assert.java:118)
    at org.junit.Assert.assertEquals(Assert.java:555)
    at org.junit.Assert.assertEquals(Assert.java:542)
    at java_testcases.junit.LIS_Test.test_3(LIS_Test.java:26)
java.lang.AssertionError: expected:<3> but was:<2>
    at org.junit.Assert.fail(Assert.java:88)
    at org.junit.Assert.failNotEquals(Assert.java:743)
    at org.junit.Assert.assertEquals(Assert.java:118)
    at org.junit.Assert.assertEquals(Assert.java:555)
    at org.junit.Assert.assertEquals(Assert.java:542)
    at java_testcases.junit.LIS_Test.test_0(LIS_Test.java:8)
java.lang.AssertionError: expected:<6> but was:<5>
    at org.junit.Assert.fail(Assert.java:88)
    at org.junit.Assert.failNotEquals(Assert.java:743)
    at org.junit.Assert.assertEquals(Assert.java:118)
    at org.junit.Assert.assertEquals(Assert.java:555)
    at org.junit.Assert.assertEquals(Assert.java:542)
    at java_testcases.junit.LIS_Test.test_1(LIS_Test.java:14)
java.lang.AssertionError: expected:<3> but was:<1>
    at org.junit.Assert.fail(Assert.java:88)
    at org.junit.Assert.failNotEquals(Assert.java:743)
    at org.junit.Assert.assertEquals(Assert.java:118)
    at org.junit.Assert.assertEquals(Assert.java:555)
    at org.junit.Assert.assertEquals(Assert.java:542)
    at java_testcases.junit.LIS_Test.test_2(LIS_Test.java:20)
java.lang.AssertionError: expected:<4> but was:<3>
    at org.junit.Assert.fail(Assert.java:88)
    at org.junit.Assert.failNotEquals(Assert.java:743)
    at org.junit.Assert.assertEquals(Assert.java:118)
    at org.junit.Assert.assertEquals(Assert.java:555)
    at org.junit.Assert.assertEquals(Assert.java:542)
    at java_testcases.junit.LIS_Test.test_3(LIS_Test.java:26)
java.lang.AssertionError: expected:<3> but was:<2>
    at org.junit.Assert.fail(Assert.java:88)
    at org.junit.Assert.failNotEquals(Assert.java:743)
    at org.junit.Assert.assertEquals(Assert.java:118)
    at org.junit.Assert.assertEquals(Assert.java:555)
    at org.junit.Assert.assertEquals(Assert.java:542)
    at java_testcases.junit.LIS_Test.test_0(LIS_Test.java:8)
java.lang.AssertionError: expected:<6> but was:<5>
    at org.junit.Assert.fail(Assert.java:88)
    at org.junit.Assert.failNotEquals(Assert.java:743)
    at org.junit.Assert.assertEquals(Assert.java:118)
    at org.junit.Assert.assertEquals(Assert.java:555)
    at org.junit.Assert.assertEquals(Assert.java:542)
    at java_testcases.junit.LIS_Test.test_1(LIS_Test.java:14)
java.lang.AssertionError: expected:<3> but was:<1>
    at org.junit.Assert.fail(Assert.java:88)
    at org.junit.Assert.failNotEquals(Assert.java:743)
    at org.junit.Assert.assertEquals(Assert.java:118)
    at org.junit.Assert.assertEquals(Assert.java:555)
    at org.junit.Assert.assertEquals(Assert.java:542)
    at java_testcases.junit.LIS_Test.test_2(LIS_Test.java:20)
java.lang.AssertionError: expected:<4> but was:<3>
    at org.junit.Assert.fail(Assert.java:88)
    at org.junit.Assert.failNotEquals(Assert.java:743)
    at org.junit.Assert.assertEquals(Assert.java:118)
    at org.junit.Assert.assertEquals(Assert.java:555)
    at org.junit.Assert.assertEquals(Assert.java:542)
    at java_testcases.junit.LIS_Test.test_3(LIS_Test.java:26)
14:38:14.918 [pool-64-thread-1] INFO  xxl.java.junit.TestCasesListener - Tests run finished (7 ms)
<> Total tests run: 16
<> Ignored tests: 0
<> Failed tests: 16
~ test_0(java_testcases.junit.LIS_Test)
[expected:<3> but was:<2>]
java.lang.AssertionError: expected:<3> but was:<2>    at org.junit.Assert.fail(Assert.java:88)
    at org.junit.Assert.failNotEquals(Assert.java:743)
    at org.junit.Assert.assertEquals(Assert.java:118)
    at org.junit.Assert.assertEquals(Assert.java:555)
    at org.junit.Assert.assertEquals(Assert.java:542)
    at java_testcases.junit.LIS_Test.test_0(LIS_Test.java:8)
~ test_1(java_testcases.junit.LIS_Test)
[expected:<6> but was:<5>]
java.lang.AssertionError: expected:<6> but was:<5>    at org.junit.Assert.fail(Assert.java:88)
    at org.junit.Assert.failNotEquals(Assert.java:743)
    at org.junit.Assert.assertEquals(Assert.java:118)
    at org.junit.Assert.assertEquals(Assert.java:555)
    at org.junit.Assert.assertEquals(Assert.java:542)
    at java_testcases.junit.LIS_Test.test_1(LIS_Test.java:14)
~ test_2(java_testcases.junit.LIS_Test)
[expected:<3> but was:<1>]
java.lang.AssertionError: expected:<3> but was:<1>    at org.junit.Assert.fail(Assert.java:88)
    at org.junit.Assert.failNotEquals(Assert.java:743)
    at org.junit.Assert.assertEquals(Assert.java:118)
    at org.junit.Assert.assertEquals(Assert.java:555)
    at org.junit.Assert.assertEquals(Assert.java:542)
    at java_testcases.junit.LIS_Test.test_2(LIS_Test.java:20)
~ test_3(java_testcases.junit.LIS_Test)
[expected:<4> but was:<3>]
java.lang.AssertionError: expected:<4> but was:<3>    at org.junit.Assert.fail(Assert.java:88)
    at org.junit.Assert.failNotEquals(Assert.java:743)
    at org.junit.Assert.assertEquals(Assert.java:118)
    at org.junit.Assert.assertEquals(Assert.java:555)
    at org.junit.Assert.assertEquals(Assert.java:542)
    at java_testcases.junit.LIS_Test.test_3(LIS_Test.java:26)
~ test_0(java_testcases.junit.LIS_Test)
[expected:<3> but was:<2>]
java.lang.AssertionError: expected:<3> but was:<2>    at org.junit.Assert.fail(Assert.java:88)
    at org.junit.Assert.failNotEquals(Assert.java:743)
    at org.junit.Assert.assertEquals(Assert.java:118)
    at org.junit.Assert.assertEquals(Assert.java:555)
    at org.junit.Assert.assertEquals(Assert.java:542)
    at java_testcases.junit.LIS_Test.test_0(LIS_Test.java:8)
~ test_1(java_testcases.junit.LIS_Test)
[expected:<6> but was:<5>]
java.lang.AssertionError: expected:<6> but was:<5>    at org.junit.Assert.fail(Assert.java:88)
    at org.junit.Assert.failNotEquals(Assert.java:743)
    at org.junit.Assert.assertEquals(Assert.java:118)
    at org.junit.Assert.assertEquals(Assert.java:555)
    at org.junit.Assert.assertEquals(Assert.java:542)
    at java_testcases.junit.LIS_Test.test_1(LIS_Test.java:14)
~ test_2(java_testcases.junit.LIS_Test)
[expected:<3> but was:<1>]
java.lang.AssertionError: expected:<3> but was:<1>    at org.junit.Assert.fail(Assert.java:88)
    at org.junit.Assert.failNotEquals(Assert.java:743)
    at org.junit.Assert.assertEquals(Assert.java:118)
    at org.junit.Assert.assertEquals(Assert.java:555)
    at org.junit.Assert.assertEquals(Assert.java:542)
    at java_testcases.junit.LIS_Test.test_2(LIS_Test.java:20)
~ test_3(java_testcases.junit.LIS_Test)
[expected:<4> but was:<3>]
java.lang.AssertionError: expected:<4> but was:<3>    at org.junit.Assert.fail(Assert.java:88)
    at org.junit.Assert.failNotEquals(Assert.java:743)
    at org.junit.Assert.assertEquals(Assert.java:118)
    at org.junit.Assert.assertEquals(Assert.java:555)
    at org.junit.Assert.assertEquals(Assert.java:542)
    at java_testcases.junit.LIS_Test.test_3(LIS_Test.java:26)
~ test_0(java_testcases.junit.LIS_Test)
[expected:<3> but was:<2>]
java.lang.AssertionError: expected:<3> but was:<2>    at org.junit.Assert.fail(Assert.java:88)
    at org.junit.Assert.failNotEquals(Assert.java:743)
    at org.junit.Assert.assertEquals(Assert.java:118)
    at org.junit.Assert.assertEquals(Assert.java:555)
    at org.junit.Assert.assertEquals(Assert.java:542)
    at java_testcases.junit.LIS_Test.test_0(LIS_Test.java:8)
~ test_1(java_testcases.junit.LIS_Test)
[expected:<6> but was:<5>]
java.lang.AssertionError: expected:<6> but was:<5>    at org.junit.Assert.fail(Assert.java:88)
    at org.junit.Assert.failNotEquals(Assert.java:743)
    at org.junit.Assert.assertEquals(Assert.java:118)
    at org.junit.Assert.assertEquals(Assert.java:555)
    at org.junit.Assert.assertEquals(Assert.java:542)
    at java_testcases.junit.LIS_Test.test_1(LIS_Test.java:14)
~ test_2(java_testcases.junit.LIS_Test)
[expected:<3> but was:<1>]
java.lang.AssertionError: expected:<3> but was:<1>    at org.junit.Assert.fail(Assert.java:88)
    at org.junit.Assert.failNotEquals(Assert.java:743)
    at org.junit.Assert.assertEquals(Assert.java:118)
    at org.junit.Assert.assertEquals(Assert.java:555)
    at org.junit.Assert.assertEquals(Assert.java:542)
    at java_testcases.junit.LIS_Test.test_2(LIS_Test.java:20)
~ test_3(java_testcases.junit.LIS_Test)
[expected:<4> but was:<3>]
java.lang.AssertionError: expected:<4> but was:<3>    at org.junit.Assert.fail(Assert.java:88)
    at org.junit.Assert.failNotEquals(Assert.java:743)
    at org.junit.Assert.assertEquals(Assert.java:118)
    at org.junit.Assert.assertEquals(Assert.java:555)
    at org.junit.Assert.assertEquals(Assert.java:542)
    at java_testcases.junit.LIS_Test.test_3(LIS_Test.java:26)
~ test_0(java_testcases.junit.LIS_Test)
[expected:<3> but was:<2>]
java.lang.AssertionError: expected:<3> but was:<2>    at org.junit.Assert.fail(Assert.java:88)
    at org.junit.Assert.failNotEquals(Assert.java:743)
    at org.junit.Assert.assertEquals(Assert.java:118)
    at org.junit.Assert.assertEquals(Assert.java:555)
    at org.junit.Assert.assertEquals(Assert.java:542)
    at java_testcases.junit.LIS_Test.test_0(LIS_Test.java:8)
~ test_1(java_testcases.junit.LIS_Test)
[expected:<6> but was:<5>]
java.lang.AssertionError: expected:<6> but was:<5>    at org.junit.Assert.fail(Assert.java:88)
    at org.junit.Assert.failNotEquals(Assert.java:743)
    at org.junit.Assert.assertEquals(Assert.java:118)
    at org.junit.Assert.assertEquals(Assert.java:555)
    at org.junit.Assert.assertEquals(Assert.java:542)
    at java_testcases.junit.LIS_Test.test_1(LIS_Test.java:14)
~ test_2(java_testcases.junit.LIS_Test)
[expected:<3> but was:<1>]
java.lang.AssertionError: expected:<3> but was:<1>    at org.junit.Assert.fail(Assert.java:88)
    at org.junit.Assert.failNotEquals(Assert.java:743)
    at org.junit.Assert.assertEquals(Assert.java:118)
    at org.junit.Assert.assertEquals(Assert.java:555)
    at org.junit.Assert.assertEquals(Assert.java:542)
    at java_testcases.junit.LIS_Test.test_2(LIS_Test.java:20)
~ test_3(java_testcases.junit.LIS_Test)
[expected:<4> but was:<3>]
java.lang.AssertionError: expected:<4> but was:<3>    at org.junit.Assert.fail(Assert.java:88)
    at org.junit.Assert.failNotEquals(Assert.java:743)
    at org.junit.Assert.assertEquals(Assert.java:118)
    at org.junit.Assert.assertEquals(Assert.java:555)
    at org.junit.Assert.assertEquals(Assert.java:542)
    at java_testcases.junit.LIS_Test.test_3(LIS_Test.java:26)

java.lang.AssertionError: expected:<3> but was:<1>
    at org.junit.Assert.fail(Assert.java:88)
    at org.junit.Assert.failNotEquals(Assert.java:743)
    at org.junit.Assert.assertEquals(Assert.java:118)
    at org.junit.Assert.assertEquals(Assert.java:555)
    at org.junit.Assert.assertEquals(Assert.java:542)
    at java_testcases.junit.LIS_Test.test_0(LIS_Test.java:8)
14:38:15.020 [pool-65-thread-1] INFO  f.i.l.c.t.SpecificationTestCasesListener - Tests run finished (1 ms)
<> Total tests run: 1
<> Ignored tests: 0
<> Failed tests: 1
~ test_0(java_testcases.junit.LIS_Test)
[expected:<3> but was:<1>]
java.lang.AssertionError: expected:<3> but was:<1>    at org.junit.Assert.fail(Assert.java:88)
    at org.junit.Assert.failNotEquals(Assert.java:743)
    at org.junit.Assert.assertEquals(Assert.java:118)
    at org.junit.Assert.assertEquals(Assert.java:555)
    at org.junit.Assert.assertEquals(Assert.java:542)
    at java_testcases.junit.LIS_Test.test_0(LIS_Test.java:8)

java.lang.AssertionError: expected:<3> but was:<1>
    at org.junit.Assert.fail(Assert.java:88)
    at org.junit.Assert.failNotEquals(Assert.java:743)
    at org.junit.Assert.assertEquals(Assert.java:118)
    at org.junit.Assert.assertEquals(Assert.java:555)
    at org.junit.Assert.assertEquals(Assert.java:542)
    at java_testcases.junit.LIS_Test.test_2(LIS_Test.java:20)
14:38:15.022 [pool-66-thread-1] INFO  f.i.l.c.t.SpecificationTestCasesListener - Tests run finished (1 ms)
<> Total tests run: 1
<> Ignored tests: 0
<> Failed tests: 1
~ test_2(java_testcases.junit.LIS_Test)
[expected:<3> but was:<1>]
java.lang.AssertionError: expected:<3> but was:<1>    at org.junit.Assert.fail(Assert.java:88)
    at org.junit.Assert.failNotEquals(Assert.java:743)
    at org.junit.Assert.assertEquals(Assert.java:118)
    at org.junit.Assert.assertEquals(Assert.java:555)
    at org.junit.Assert.assertEquals(Assert.java:542)
    at java_testcases.junit.LIS_Test.test_2(LIS_Test.java:20)

java.lang.AssertionError: expected:<6> but was:<1>
    at org.junit.Assert.fail(Assert.java:88)
    at org.junit.Assert.failNotEquals(Assert.java:743)
    at org.junit.Assert.assertEquals(Assert.java:118)
    at org.junit.Assert.assertEquals(Assert.java:555)
    at org.junit.Assert.assertEquals(Assert.java:542)
    at java_testcases.junit.LIS_Test.test_1(LIS_Test.java:14)
14:38:15.023 [pool-67-thread-1] INFO  f.i.l.c.t.SpecificationTestCasesListener - Tests run finished (0 ms)
<> Total tests run: 1
<> Ignored tests: 0
<> Failed tests: 1
~ test_1(java_testcases.junit.LIS_Test)
[expected:<6> but was:<1>]
java.lang.AssertionError: expected:<6> but was:<1>    at org.junit.Assert.fail(Assert.java:88)
    at org.junit.Assert.failNotEquals(Assert.java:743)
    at org.junit.Assert.assertEquals(Assert.java:118)
    at org.junit.Assert.assertEquals(Assert.java:555)
    at org.junit.Assert.assertEquals(Assert.java:542)
    at java_testcases.junit.LIS_Test.test_1(LIS_Test.java:14)

java.lang.AssertionError: expected:<4> but was:<1>
    at org.junit.Assert.fail(Assert.java:88)
    at org.junit.Assert.failNotEquals(Assert.java:743)
    at org.junit.Assert.assertEquals(Assert.java:118)
    at org.junit.Assert.assertEquals(Assert.java:555)
    at org.junit.Assert.assertEquals(Assert.java:542)
    at java_testcases.junit.LIS_Test.test_3(LIS_Test.java:26)
14:38:15.025 [pool-68-thread-1] INFO  f.i.l.c.t.SpecificationTestCasesListener - Tests run finished (1 ms)
<> Total tests run: 1
<> Ignored tests: 0
<> Failed tests: 1
~ test_3(java_testcases.junit.LIS_Test)
[expected:<4> but was:<1>]
java.lang.AssertionError: expected:<4> but was:<1>    at org.junit.Assert.fail(Assert.java:88)
    at org.junit.Assert.failNotEquals(Assert.java:743)
    at org.junit.Assert.assertEquals(Assert.java:118)
    at org.junit.Assert.assertEquals(Assert.java:555)
    at org.junit.Assert.assertEquals(Assert.java:542)
    at java_testcases.junit.LIS_Test.test_3(LIS_Test.java:26)

java.lang.AssertionError: expected:<3> but was:<2>
    at org.junit.Assert.fail(Assert.java:88)
    at org.junit.Assert.failNotEquals(Assert.java:743)
    at org.junit.Assert.assertEquals(Assert.java:118)
    at org.junit.Assert.assertEquals(Assert.java:555)
    at org.junit.Assert.assertEquals(Assert.java:542)
    at java_testcases.junit.LIS_Test.test_0(LIS_Test.java:8)
14:38:15.026 [pool-69-thread-1] INFO  f.i.l.c.t.SpecificationTestCasesListener - Tests run finished (0 ms)
<> Total tests run: 1
<> Ignored tests: 0
<> Failed tests: 1
~ test_0(java_testcases.junit.LIS_Test)
[expected:<3> but was:<2>]
java.lang.AssertionError: expected:<3> but was:<2>    at org.junit.Assert.fail(Assert.java:88)
    at org.junit.Assert.failNotEquals(Assert.java:743)
    at org.junit.Assert.assertEquals(Assert.java:118)
    at org.junit.Assert.assertEquals(Assert.java:555)
    at org.junit.Assert.assertEquals(Assert.java:542)
    at java_testcases.junit.LIS_Test.test_0(LIS_Test.java:8)

java.lang.AssertionError: expected:<3> but was:<1>
    at org.junit.Assert.fail(Assert.java:88)
    at org.junit.Assert.failNotEquals(Assert.java:743)
    at org.junit.Assert.assertEquals(Assert.java:118)
    at org.junit.Assert.assertEquals(Assert.java:555)
    at org.junit.Assert.assertEquals(Assert.java:542)
    at java_testcases.junit.LIS_Test.test_2(LIS_Test.java:20)
14:38:15.028 [pool-70-thread-1] INFO  f.i.l.c.t.SpecificationTestCasesListener - Tests run finished (1 ms)
<> Total tests run: 1
<> Ignored tests: 0
<> Failed tests: 1
~ test_2(java_testcases.junit.LIS_Test)
[expected:<3> but was:<1>]
java.lang.AssertionError: expected:<3> but was:<1>    at org.junit.Assert.fail(Assert.java:88)
    at org.junit.Assert.failNotEquals(Assert.java:743)
    at org.junit.Assert.assertEquals(Assert.java:118)
    at org.junit.Assert.assertEquals(Assert.java:555)
    at org.junit.Assert.assertEquals(Assert.java:542)
    at java_testcases.junit.LIS_Test.test_2(LIS_Test.java:20)

java.lang.AssertionError: expected:<6> but was:<5>
    at org.junit.Assert.fail(Assert.java:88)
    at org.junit.Assert.failNotEquals(Assert.java:743)
    at org.junit.Assert.assertEquals(Assert.java:118)
    at org.junit.Assert.assertEquals(Assert.java:555)
    at org.junit.Assert.assertEquals(Assert.java:542)
    at java_testcases.junit.LIS_Test.test_1(LIS_Test.java:14)
14:38:15.030 [pool-71-thread-1] INFO  f.i.l.c.t.SpecificationTestCasesListener - Tests run finished (1 ms)
<> Total tests run: 1
<> Ignored tests: 0
<> Failed tests: 1
~ test_1(java_testcases.junit.LIS_Test)
[expected:<6> but was:<5>]
java.lang.AssertionError: expected:<6> but was:<5>    at org.junit.Assert.fail(Assert.java:88)
    at org.junit.Assert.failNotEquals(Assert.java:743)
    at org.junit.Assert.assertEquals(Assert.java:118)
    at org.junit.Assert.assertEquals(Assert.java:555)
    at org.junit.Assert.assertEquals(Assert.java:542)
    at java_testcases.junit.LIS_Test.test_1(LIS_Test.java:14)

java.lang.AssertionError: expected:<4> but was:<3>
    at org.junit.Assert.fail(Assert.java:88)
    at org.junit.Assert.failNotEquals(Assert.java:743)
    at org.junit.Assert.assertEquals(Assert.java:118)
    at org.junit.Assert.assertEquals(Assert.java:555)
    at org.junit.Assert.assertEquals(Assert.java:542)
    at java_testcases.junit.LIS_Test.test_3(LIS_Test.java:26)
14:38:15.031 [pool-72-thread-1] INFO  f.i.l.c.t.SpecificationTestCasesListener - Tests run finished (1 ms)
<> Total tests run: 1
<> Ignored tests: 0
<> Failed tests: 1
~ test_3(java_testcases.junit.LIS_Test)
[expected:<4> but was:<3>]
java.lang.AssertionError: expected:<4> but was:<3>    at org.junit.Assert.fail(Assert.java:88)
    at org.junit.Assert.failNotEquals(Assert.java:743)
    at org.junit.Assert.assertEquals(Assert.java:118)
    at org.junit.Assert.assertEquals(Assert.java:555)
    at org.junit.Assert.assertEquals(Assert.java:542)
    at java_testcases.junit.LIS_Test.test_3(LIS_Test.java:26)

14:38:15.031 [pool-63-thread-1] DEBUG tests.output - Failing tests with false: 
[test_0(java_testcases.junit.LIS_Test): expected:<3> but was:<1>, test_2(java_testcases.junit.LIS_Test): expected:<3> but was:<1>, test_1(java_testcases.junit.LIS_Test): expected:<6> but was:<1>, test_3(java_testcases.junit.LIS_Test): expected:<4> but was:<1>]
14:38:15.031 [pool-63-thread-1] DEBUG tests.output - Failing tests with true: 
[test_0(java_testcases.junit.LIS_Test): expected:<3> but was:<2>, test_2(java_testcases.junit.LIS_Test): expected:<3> but was:<1>, test_1(java_testcases.junit.LIS_Test): expected:<6> but was:<5>, test_3(java_testcases.junit.LIS_Test): expected:<4> but was:<3>]
14:38:15.031 [pool-63-thread-1] INFO  f.i.l.r.n.synth.SMTNopolSynthesizer - Not enough specifications: 0. A trivial patch is "true" or "false", please write new tests specifying SourceLocation java_programs.LIS:22.
14:38:15.032 [pool-2-thread-1] DEBUG fr.inria.lille.repair.nopol.NoPol - looking with class fr.inria.lille.repair.nopol.spoon.smt.ConditionalReplacer
java.lang.AssertionError: expected:<3> but was:<2>
    at org.junit.Assert.fail(Assert.java:88)
    at org.junit.Assert.failNotEquals(Assert.java:743)
    at org.junit.Assert.assertEquals(Assert.java:118)
    at org.junit.Assert.assertEquals(Assert.java:555)
    at org.junit.Assert.assertEquals(Assert.java:542)
    at java_testcases.junit.LIS_Test.test_0(LIS_Test.java:8)
java.lang.AssertionError: expected:<6> but was:<5>
    at org.junit.Assert.fail(Assert.java:88)
    at org.junit.Assert.failNotEquals(Assert.java:743)
    at org.junit.Assert.assertEquals(Assert.java:118)
    at org.junit.Assert.assertEquals(Assert.java:555)
    at org.junit.Assert.assertEquals(Assert.java:542)
    at java_testcases.junit.LIS_Test.test_1(LIS_Test.java:14)
java.lang.AssertionError: expected:<3> but was:<1>
    at org.junit.Assert.fail(Assert.java:88)
    at org.junit.Assert.failNotEquals(Assert.java:743)
    at org.junit.Assert.assertEquals(Assert.java:118)
    at org.junit.Assert.assertEquals(Assert.java:555)
    at org.junit.Assert.assertEquals(Assert.java:542)
    at java_testcases.junit.LIS_Test.test_2(LIS_Test.java:20)
java.lang.AssertionError: expected:<4> but was:<3>
    at org.junit.Assert.fail(Assert.java:88)
    at org.junit.Assert.failNotEquals(Assert.java:743)
    at org.junit.Assert.assertEquals(Assert.java:118)
    at org.junit.Assert.assertEquals(Assert.java:555)
    at org.junit.Assert.assertEquals(Assert.java:542)
    at java_testcases.junit.LIS_Test.test_3(LIS_Test.java:26)
java.lang.AssertionError: expected:<3> but was:<2>
    at org.junit.Assert.fail(Assert.java:88)
    at org.junit.Assert.failNotEquals(Assert.java:743)
    at org.junit.Assert.assertEquals(Assert.java:118)
    at org.junit.Assert.assertEquals(Assert.java:555)
    at org.junit.Assert.assertEquals(Assert.java:542)
    at java_testcases.junit.LIS_Test.test_0(LIS_Test.java:8)
java.lang.AssertionError: expected:<6> but was:<5>
    at org.junit.Assert.fail(Assert.java:88)
    at org.junit.Assert.failNotEquals(Assert.java:743)
    at org.junit.Assert.assertEquals(Assert.java:118)
    at org.junit.Assert.assertEquals(Assert.java:555)
    at org.junit.Assert.assertEquals(Assert.java:542)
    at java_testcases.junit.LIS_Test.test_1(LIS_Test.java:14)
java.lang.AssertionError: expected:<3> but was:<1>
    at org.junit.Assert.fail(Assert.java:88)
    at org.junit.Assert.failNotEquals(Assert.java:743)
    at org.junit.Assert.assertEquals(Assert.java:118)
    at org.junit.Assert.assertEquals(Assert.java:555)
    at org.junit.Assert.assertEquals(Assert.java:542)
    at java_testcases.junit.LIS_Test.test_2(LIS_Test.java:20)
java.lang.AssertionError: expected:<4> but was:<3>
    at org.junit.Assert.fail(Assert.java:88)
    at org.junit.Assert.failNotEquals(Assert.java:743)
    at org.junit.Assert.assertEquals(Assert.java:118)
    at org.junit.Assert.assertEquals(Assert.java:555)
    at org.junit.Assert.assertEquals(Assert.java:542)
    at java_testcases.junit.LIS_Test.test_3(LIS_Test.java:26)
java.lang.AssertionError: expected:<3> but was:<2>
    at org.junit.Assert.fail(Assert.java:88)
    at org.junit.Assert.failNotEquals(Assert.java:743)
    at org.junit.Assert.assertEquals(Assert.java:118)
    at org.junit.Assert.assertEquals(Assert.java:555)
    at org.junit.Assert.assertEquals(Assert.java:542)
    at java_testcases.junit.LIS_Test.test_0(LIS_Test.java:8)
java.lang.AssertionError: expected:<6> but was:<5>
    at org.junit.Assert.fail(Assert.java:88)
    at org.junit.Assert.failNotEquals(Assert.java:743)
    at org.junit.Assert.assertEquals(Assert.java:118)
    at org.junit.Assert.assertEquals(Assert.java:555)
    at org.junit.Assert.assertEquals(Assert.java:542)
    at java_testcases.junit.LIS_Test.test_1(LIS_Test.java:14)
java.lang.AssertionError: expected:<3> but was:<1>
    at org.junit.Assert.fail(Assert.java:88)
    at org.junit.Assert.failNotEquals(Assert.java:743)
    at org.junit.Assert.assertEquals(Assert.java:118)
    at org.junit.Assert.assertEquals(Assert.java:555)
    at org.junit.Assert.assertEquals(Assert.java:542)
    at java_testcases.junit.LIS_Test.test_2(LIS_Test.java:20)
java.lang.AssertionError: expected:<4> but was:<3>
    at org.junit.Assert.fail(Assert.java:88)
    at org.junit.Assert.failNotEquals(Assert.java:743)
    at org.junit.Assert.assertEquals(Assert.java:118)
    at org.junit.Assert.assertEquals(Assert.java:555)
    at org.junit.Assert.assertEquals(Assert.java:542)
    at java_testcases.junit.LIS_Test.test_3(LIS_Test.java:26)
java.lang.AssertionError: expected:<3> but was:<2>
    at org.junit.Assert.fail(Assert.java:88)
    at org.junit.Assert.failNotEquals(Assert.java:743)
    at org.junit.Assert.assertEquals(Assert.java:118)
    at org.junit.Assert.assertEquals(Assert.java:555)
    at org.junit.Assert.assertEquals(Assert.java:542)
    at java_testcases.junit.LIS_Test.test_0(LIS_Test.java:8)
java.lang.AssertionError: expected:<6> but was:<5>
    at org.junit.Assert.fail(Assert.java:88)
    at org.junit.Assert.failNotEquals(Assert.java:743)
    at org.junit.Assert.assertEquals(Assert.java:118)
    at org.junit.Assert.assertEquals(Assert.java:555)
    at org.junit.Assert.assertEquals(Assert.java:542)
    at java_testcases.junit.LIS_Test.test_1(LIS_Test.java:14)
java.lang.AssertionError: expected:<3> but was:<1>
    at org.junit.Assert.fail(Assert.java:88)
    at org.junit.Assert.failNotEquals(Assert.java:743)
    at org.junit.Assert.assertEquals(Assert.java:118)
    at org.junit.Assert.assertEquals(Assert.java:555)
    at org.junit.Assert.assertEquals(Assert.java:542)
    at java_testcases.junit.LIS_Test.test_2(LIS_Test.java:20)
java.lang.AssertionError: expected:<4> but was:<3>
    at org.junit.Assert.fail(Assert.java:88)
    at org.junit.Assert.failNotEquals(Assert.java:743)
    at org.junit.Assert.assertEquals(Assert.java:118)
    at org.junit.Assert.assertEquals(Assert.java:555)
    at org.junit.Assert.assertEquals(Assert.java:542)
    at java_testcases.junit.LIS_Test.test_3(LIS_Test.java:26)
14:38:15.043 [pool-74-thread-1] INFO  xxl.java.junit.TestCasesListener - Tests run finished (9 ms)
<> Total tests run: 16
<> Ignored tests: 0
<> Failed tests: 16
~ test_0(java_testcases.junit.LIS_Test)
[expected:<3> but was:<2>]
java.lang.AssertionError: expected:<3> but was:<2>    at org.junit.Assert.fail(Assert.java:88)
    at org.junit.Assert.failNotEquals(Assert.java:743)
    at org.junit.Assert.assertEquals(Assert.java:118)
    at org.junit.Assert.assertEquals(Assert.java:555)
    at org.junit.Assert.assertEquals(Assert.java:542)
    at java_testcases.junit.LIS_Test.test_0(LIS_Test.java:8)
~ test_1(java_testcases.junit.LIS_Test)
[expected:<6> but was:<5>]
java.lang.AssertionError: expected:<6> but was:<5>    at org.junit.Assert.fail(Assert.java:88)
    at org.junit.Assert.failNotEquals(Assert.java:743)
    at org.junit.Assert.assertEquals(Assert.java:118)
    at org.junit.Assert.assertEquals(Assert.java:555)
    at org.junit.Assert.assertEquals(Assert.java:542)
    at java_testcases.junit.LIS_Test.test_1(LIS_Test.java:14)
~ test_2(java_testcases.junit.LIS_Test)
[expected:<3> but was:<1>]
java.lang.AssertionError: expected:<3> but was:<1>    at org.junit.Assert.fail(Assert.java:88)
    at org.junit.Assert.failNotEquals(Assert.java:743)
    at org.junit.Assert.assertEquals(Assert.java:118)
    at org.junit.Assert.assertEquals(Assert.java:555)
    at org.junit.Assert.assertEquals(Assert.java:542)
    at java_testcases.junit.LIS_Test.test_2(LIS_Test.java:20)
~ test_3(java_testcases.junit.LIS_Test)
[expected:<4> but was:<3>]
java.lang.AssertionError: expected:<4> but was:<3>    at org.junit.Assert.fail(Assert.java:88)
    at org.junit.Assert.failNotEquals(Assert.java:743)
    at org.junit.Assert.assertEquals(Assert.java:118)
    at org.junit.Assert.assertEquals(Assert.java:555)
    at org.junit.Assert.assertEquals(Assert.java:542)
    at java_testcases.junit.LIS_Test.test_3(LIS_Test.java:26)
~ test_0(java_testcases.junit.LIS_Test)
[expected:<3> but was:<2>]
java.lang.AssertionError: expected:<3> but was:<2>    at org.junit.Assert.fail(Assert.java:88)
    at org.junit.Assert.failNotEquals(Assert.java:743)
    at org.junit.Assert.assertEquals(Assert.java:118)
    at org.junit.Assert.assertEquals(Assert.java:555)
    at org.junit.Assert.assertEquals(Assert.java:542)
    at java_testcases.junit.LIS_Test.test_0(LIS_Test.java:8)
~ test_1(java_testcases.junit.LIS_Test)
[expected:<6> but was:<5>]
java.lang.AssertionError: expected:<6> but was:<5>    at org.junit.Assert.fail(Assert.java:88)
    at org.junit.Assert.failNotEquals(Assert.java:743)
    at org.junit.Assert.assertEquals(Assert.java:118)
    at org.junit.Assert.assertEquals(Assert.java:555)
    at org.junit.Assert.assertEquals(Assert.java:542)
    at java_testcases.junit.LIS_Test.test_1(LIS_Test.java:14)
~ test_2(java_testcases.junit.LIS_Test)
[expected:<3> but was:<1>]
java.lang.AssertionError: expected:<3> but was:<1>    at org.junit.Assert.fail(Assert.java:88)
    at org.junit.Assert.failNotEquals(Assert.java:743)
    at org.junit.Assert.assertEquals(Assert.java:118)
    at org.junit.Assert.assertEquals(Assert.java:555)
    at org.junit.Assert.assertEquals(Assert.java:542)
    at java_testcases.junit.LIS_Test.test_2(LIS_Test.java:20)
~ test_3(java_testcases.junit.LIS_Test)
[expected:<4> but was:<3>]
java.lang.AssertionError: expected:<4> but was:<3>    at org.junit.Assert.fail(Assert.java:88)
    at org.junit.Assert.failNotEquals(Assert.java:743)
    at org.junit.Assert.assertEquals(Assert.java:118)
    at org.junit.Assert.assertEquals(Assert.java:555)
    at org.junit.Assert.assertEquals(Assert.java:542)
    at java_testcases.junit.LIS_Test.test_3(LIS_Test.java:26)
~ test_0(java_testcases.junit.LIS_Test)
[expected:<3> but was:<2>]
java.lang.AssertionError: expected:<3> but was:<2>    at org.junit.Assert.fail(Assert.java:88)
    at org.junit.Assert.failNotEquals(Assert.java:743)
    at org.junit.Assert.assertEquals(Assert.java:118)
    at org.junit.Assert.assertEquals(Assert.java:555)
    at org.junit.Assert.assertEquals(Assert.java:542)
    at java_testcases.junit.LIS_Test.test_0(LIS_Test.java:8)
~ test_1(java_testcases.junit.LIS_Test)
[expected:<6> but was:<5>]
java.lang.AssertionError: expected:<6> but was:<5>    at org.junit.Assert.fail(Assert.java:88)
    at org.junit.Assert.failNotEquals(Assert.java:743)
    at org.junit.Assert.assertEquals(Assert.java:118)
    at org.junit.Assert.assertEquals(Assert.java:555)
    at org.junit.Assert.assertEquals(Assert.java:542)
    at java_testcases.junit.LIS_Test.test_1(LIS_Test.java:14)
~ test_2(java_testcases.junit.LIS_Test)
[expected:<3> but was:<1>]
java.lang.AssertionError: expected:<3> but was:<1>    at org.junit.Assert.fail(Assert.java:88)
    at org.junit.Assert.failNotEquals(Assert.java:743)
    at org.junit.Assert.assertEquals(Assert.java:118)
    at org.junit.Assert.assertEquals(Assert.java:555)
    at org.junit.Assert.assertEquals(Assert.java:542)
    at java_testcases.junit.LIS_Test.test_2(LIS_Test.java:20)
~ test_3(java_testcases.junit.LIS_Test)
[expected:<4> but was:<3>]
java.lang.AssertionError: expected:<4> but was:<3>    at org.junit.Assert.fail(Assert.java:88)
    at org.junit.Assert.failNotEquals(Assert.java:743)
    at org.junit.Assert.assertEquals(Assert.java:118)
    at org.junit.Assert.assertEquals(Assert.java:555)
    at org.junit.Assert.assertEquals(Assert.java:542)
    at java_testcases.junit.LIS_Test.test_3(LIS_Test.java:26)
~ test_0(java_testcases.junit.LIS_Test)
[expected:<3> but was:<2>]
java.lang.AssertionError: expected:<3> but was:<2>    at org.junit.Assert.fail(Assert.java:88)
    at org.junit.Assert.failNotEquals(Assert.java:743)
    at org.junit.Assert.assertEquals(Assert.java:118)
    at org.junit.Assert.assertEquals(Assert.java:555)
    at org.junit.Assert.assertEquals(Assert.java:542)
    at java_testcases.junit.LIS_Test.test_0(LIS_Test.java:8)
~ test_1(java_testcases.junit.LIS_Test)
[expected:<6> but was:<5>]
java.lang.AssertionError: expected:<6> but was:<5>    at org.junit.Assert.fail(Assert.java:88)
    at org.junit.Assert.failNotEquals(Assert.java:743)
    at org.junit.Assert.assertEquals(Assert.java:118)
    at org.junit.Assert.assertEquals(Assert.java:555)
    at org.junit.Assert.assertEquals(Assert.java:542)
    at java_testcases.junit.LIS_Test.test_1(LIS_Test.java:14)
~ test_2(java_testcases.junit.LIS_Test)
[expected:<3> but was:<1>]
java.lang.AssertionError: expected:<3> but was:<1>    at org.junit.Assert.fail(Assert.java:88)
    at org.junit.Assert.failNotEquals(Assert.java:743)
    at org.junit.Assert.assertEquals(Assert.java:118)
    at org.junit.Assert.assertEquals(Assert.java:555)
    at org.junit.Assert.assertEquals(Assert.java:542)
    at java_testcases.junit.LIS_Test.test_2(LIS_Test.java:20)
~ test_3(java_testcases.junit.LIS_Test)
[expected:<4> but was:<3>]
java.lang.AssertionError: expected:<4> but was:<3>    at org.junit.Assert.fail(Assert.java:88)
    at org.junit.Assert.failNotEquals(Assert.java:743)
    at org.junit.Assert.assertEquals(Assert.java:118)
    at org.junit.Assert.assertEquals(Assert.java:555)
    at org.junit.Assert.assertEquals(Assert.java:542)
    at java_testcases.junit.LIS_Test.test_3(LIS_Test.java:26)

java.lang.AssertionError: expected:<3> but was:<1>
    at org.junit.Assert.fail(Assert.java:88)
    at org.junit.Assert.failNotEquals(Assert.java:743)
    at org.junit.Assert.assertEquals(Assert.java:118)
    at org.junit.Assert.assertEquals(Assert.java:555)
    at org.junit.Assert.assertEquals(Assert.java:542)
    at java_testcases.junit.LIS_Test.test_0(LIS_Test.java:8)
14:38:15.140 [pool-75-thread-1] INFO  f.i.l.c.t.SpecificationTestCasesListener - Tests run finished (1 ms)
<> Total tests run: 1
<> Ignored tests: 0
<> Failed tests: 1
~ test_0(java_testcases.junit.LIS_Test)
[expected:<3> but was:<1>]
java.lang.AssertionError: expected:<3> but was:<1>    at org.junit.Assert.fail(Assert.java:88)
    at org.junit.Assert.failNotEquals(Assert.java:743)
    at org.junit.Assert.assertEquals(Assert.java:118)
    at org.junit.Assert.assertEquals(Assert.java:555)
    at org.junit.Assert.assertEquals(Assert.java:542)
    at java_testcases.junit.LIS_Test.test_0(LIS_Test.java:8)

java.lang.AssertionError: expected:<3> but was:<1>
    at org.junit.Assert.fail(Assert.java:88)
    at org.junit.Assert.failNotEquals(Assert.java:743)
    at org.junit.Assert.assertEquals(Assert.java:118)
    at org.junit.Assert.assertEquals(Assert.java:555)
    at org.junit.Assert.assertEquals(Assert.java:542)
    at java_testcases.junit.LIS_Test.test_2(LIS_Test.java:20)
14:38:15.142 [pool-76-thread-1] INFO  f.i.l.c.t.SpecificationTestCasesListener - Tests run finished (1 ms)
<> Total tests run: 1
<> Ignored tests: 0
<> Failed tests: 1
~ test_2(java_testcases.junit.LIS_Test)
[expected:<3> but was:<1>]
java.lang.AssertionError: expected:<3> but was:<1>    at org.junit.Assert.fail(Assert.java:88)
    at org.junit.Assert.failNotEquals(Assert.java:743)
    at org.junit.Assert.assertEquals(Assert.java:118)
    at org.junit.Assert.assertEquals(Assert.java:555)
    at org.junit.Assert.assertEquals(Assert.java:542)
    at java_testcases.junit.LIS_Test.test_2(LIS_Test.java:20)

java.lang.AssertionError: expected:<6> but was:<1>
    at org.junit.Assert.fail(Assert.java:88)
    at org.junit.Assert.failNotEquals(Assert.java:743)
    at org.junit.Assert.assertEquals(Assert.java:118)
    at org.junit.Assert.assertEquals(Assert.java:555)
    at org.junit.Assert.assertEquals(Assert.java:542)
    at java_testcases.junit.LIS_Test.test_1(LIS_Test.java:14)
14:38:15.143 [pool-77-thread-1] INFO  f.i.l.c.t.SpecificationTestCasesListener - Tests run finished (1 ms)
<> Total tests run: 1
<> Ignored tests: 0
<> Failed tests: 1
~ test_1(java_testcases.junit.LIS_Test)
[expected:<6> but was:<1>]
java.lang.AssertionError: expected:<6> but was:<1>    at org.junit.Assert.fail(Assert.java:88)
    at org.junit.Assert.failNotEquals(Assert.java:743)
    at org.junit.Assert.assertEquals(Assert.java:118)
    at org.junit.Assert.assertEquals(Assert.java:555)
    at org.junit.Assert.assertEquals(Assert.java:542)
    at java_testcases.junit.LIS_Test.test_1(LIS_Test.java:14)

java.lang.AssertionError: expected:<4> but was:<1>
    at org.junit.Assert.fail(Assert.java:88)
    at org.junit.Assert.failNotEquals(Assert.java:743)
    at org.junit.Assert.assertEquals(Assert.java:118)
    at org.junit.Assert.assertEquals(Assert.java:555)
    at org.junit.Assert.assertEquals(Assert.java:542)
    at java_testcases.junit.LIS_Test.test_3(LIS_Test.java:26)
14:38:15.144 [pool-78-thread-1] INFO  f.i.l.c.t.SpecificationTestCasesListener - Tests run finished (0 ms)
<> Total tests run: 1
<> Ignored tests: 0
<> Failed tests: 1
~ test_3(java_testcases.junit.LIS_Test)
[expected:<4> but was:<1>]
java.lang.AssertionError: expected:<4> but was:<1>    at org.junit.Assert.fail(Assert.java:88)
    at org.junit.Assert.failNotEquals(Assert.java:743)
    at org.junit.Assert.assertEquals(Assert.java:118)
    at org.junit.Assert.assertEquals(Assert.java:555)
    at org.junit.Assert.assertEquals(Assert.java:542)
    at java_testcases.junit.LIS_Test.test_3(LIS_Test.java:26)

java.lang.AssertionError: expected:<3> but was:<7>
    at org.junit.Assert.fail(Assert.java:88)
    at org.junit.Assert.failNotEquals(Assert.java:743)
    at org.junit.Assert.assertEquals(Assert.java:118)
    at org.junit.Assert.assertEquals(Assert.java:555)
    at org.junit.Assert.assertEquals(Assert.java:542)
    at java_testcases.junit.LIS_Test.test_0(LIS_Test.java:8)
14:38:15.146 [pool-79-thread-1] INFO  f.i.l.c.t.SpecificationTestCasesListener - Tests run finished (1 ms)
<> Total tests run: 1
<> Ignored tests: 0
<> Failed tests: 1
~ test_0(java_testcases.junit.LIS_Test)
[expected:<3> but was:<7>]
java.lang.AssertionError: expected:<3> but was:<7>    at org.junit.Assert.fail(Assert.java:88)
    at org.junit.Assert.failNotEquals(Assert.java:743)
    at org.junit.Assert.assertEquals(Assert.java:118)
    at org.junit.Assert.assertEquals(Assert.java:555)
    at org.junit.Assert.assertEquals(Assert.java:542)
    at java_testcases.junit.LIS_Test.test_0(LIS_Test.java:8)

java.lang.AssertionError: expected:<3> but was:<7>
    at org.junit.Assert.fail(Assert.java:88)
    at org.junit.Assert.failNotEquals(Assert.java:743)
    at org.junit.Assert.assertEquals(Assert.java:118)
    at org.junit.Assert.assertEquals(Assert.java:555)
    at org.junit.Assert.assertEquals(Assert.java:542)
    at java_testcases.junit.LIS_Test.test_2(LIS_Test.java:20)
14:38:15.147 [pool-80-thread-1] INFO  f.i.l.c.t.SpecificationTestCasesListener - Tests run finished (1 ms)
<> Total tests run: 1
<> Ignored tests: 0
<> Failed tests: 1
~ test_2(java_testcases.junit.LIS_Test)
[expected:<3> but was:<7>]
java.lang.AssertionError: expected:<3> but was:<7>    at org.junit.Assert.fail(Assert.java:88)
    at org.junit.Assert.failNotEquals(Assert.java:743)
    at org.junit.Assert.assertEquals(Assert.java:118)
    at org.junit.Assert.assertEquals(Assert.java:555)
    at org.junit.Assert.assertEquals(Assert.java:542)
    at java_testcases.junit.LIS_Test.test_2(LIS_Test.java:20)

java.lang.AssertionError: expected:<6> but was:<9>
    at org.junit.Assert.fail(Assert.java:88)
    at org.junit.Assert.failNotEquals(Assert.java:743)
    at org.junit.Assert.assertEquals(Assert.java:118)
    at org.junit.Assert.assertEquals(Assert.java:555)
    at org.junit.Assert.assertEquals(Assert.java:542)
    at java_testcases.junit.LIS_Test.test_1(LIS_Test.java:14)
14:38:15.148 [pool-81-thread-1] INFO  f.i.l.c.t.SpecificationTestCasesListener - Tests run finished (1 ms)
<> Total tests run: 1
<> Ignored tests: 0
<> Failed tests: 1
~ test_1(java_testcases.junit.LIS_Test)
[expected:<6> but was:<9>]
java.lang.AssertionError: expected:<6> but was:<9>    at org.junit.Assert.fail(Assert.java:88)
    at org.junit.Assert.failNotEquals(Assert.java:743)
    at org.junit.Assert.assertEquals(Assert.java:118)
    at org.junit.Assert.assertEquals(Assert.java:555)
    at org.junit.Assert.assertEquals(Assert.java:542)
    at java_testcases.junit.LIS_Test.test_1(LIS_Test.java:14)

java.lang.AssertionError: expected:<4> but was:<6>
    at org.junit.Assert.fail(Assert.java:88)
    at org.junit.Assert.failNotEquals(Assert.java:743)
    at org.junit.Assert.assertEquals(Assert.java:118)
    at org.junit.Assert.assertEquals(Assert.java:555)
    at org.junit.Assert.assertEquals(Assert.java:542)
    at java_testcases.junit.LIS_Test.test_3(LIS_Test.java:26)
14:38:15.150 [pool-82-thread-1] INFO  f.i.l.c.t.SpecificationTestCasesListener - Tests run finished (1 ms)
<> Total tests run: 1
<> Ignored tests: 0
<> Failed tests: 1
~ test_3(java_testcases.junit.LIS_Test)
[expected:<4> but was:<6>]
java.lang.AssertionError: expected:<4> but was:<6>    at org.junit.Assert.fail(Assert.java:88)
    at org.junit.Assert.failNotEquals(Assert.java:743)
    at org.junit.Assert.assertEquals(Assert.java:118)
    at org.junit.Assert.assertEquals(Assert.java:555)
    at org.junit.Assert.assertEquals(Assert.java:542)
    at java_testcases.junit.LIS_Test.test_3(LIS_Test.java:26)

14:38:15.150 [pool-73-thread-1] DEBUG tests.output - Failing tests with false: 
[test_0(java_testcases.junit.LIS_Test): expected:<3> but was:<1>, test_2(java_testcases.junit.LIS_Test): expected:<3> but was:<1>, test_1(java_testcases.junit.LIS_Test): expected:<6> but was:<1>, test_3(java_testcases.junit.LIS_Test): expected:<4> but was:<1>]
14:38:15.151 [pool-73-thread-1] DEBUG tests.output - Failing tests with true: 
[test_0(java_testcases.junit.LIS_Test): expected:<3> but was:<7>, test_2(java_testcases.junit.LIS_Test): expected:<3> but was:<7>, test_1(java_testcases.junit.LIS_Test): expected:<6> but was:<9>, test_3(java_testcases.junit.LIS_Test): expected:<4> but was:<6>]
14:38:15.151 [pool-73-thread-1] INFO  f.i.l.r.n.synth.SMTNopolSynthesizer - Not enough specifications: 0. A trivial patch is "true" or "false", please write new tests specifying SourceLocation java_programs.LIS:22.
14:38:15.151 [pool-2-thread-1] DEBUG fr.inria.lille.repair.nopol.NoPol - statement #9
14:38:15.151 [pool-2-thread-1] DEBUG fr.inria.lille.repair.nopol.NoPol - Analysing SourceLocation java_programs.LIS:21 which is executed by 4 tests
75383
14:38:15.208 [pool-2-thread-1] DEBUG fr.inria.lille.repair.nopol.NoPol - looking with class fr.inria.lille.repair.nopol.spoon.smt.ConditionalAdder
java.lang.AssertionError: expected:<3> but was:<2>
    at org.junit.Assert.fail(Assert.java:88)
    at org.junit.Assert.failNotEquals(Assert.java:743)
    at org.junit.Assert.assertEquals(Assert.java:118)
    at org.junit.Assert.assertEquals(Assert.java:555)
    at org.junit.Assert.assertEquals(Assert.java:542)
    at java_testcases.junit.LIS_Test.test_0(LIS_Test.java:8)
java.lang.AssertionError: expected:<6> but was:<5>
    at org.junit.Assert.fail(Assert.java:88)
    at org.junit.Assert.failNotEquals(Assert.java:743)
    at org.junit.Assert.assertEquals(Assert.java:118)
    at org.junit.Assert.assertEquals(Assert.java:555)
    at org.junit.Assert.assertEquals(Assert.java:542)
    at java_testcases.junit.LIS_Test.test_1(LIS_Test.java:14)
java.lang.AssertionError: expected:<3> but was:<1>
    at org.junit.Assert.fail(Assert.java:88)
    at org.junit.Assert.failNotEquals(Assert.java:743)
    at org.junit.Assert.assertEquals(Assert.java:118)
    at org.junit.Assert.assertEquals(Assert.java:555)
    at org.junit.Assert.assertEquals(Assert.java:542)
    at java_testcases.junit.LIS_Test.test_2(LIS_Test.java:20)
java.lang.AssertionError: expected:<4> but was:<3>
    at org.junit.Assert.fail(Assert.java:88)
    at org.junit.Assert.failNotEquals(Assert.java:743)
    at org.junit.Assert.assertEquals(Assert.java:118)
    at org.junit.Assert.assertEquals(Assert.java:555)
    at org.junit.Assert.assertEquals(Assert.java:542)
    at java_testcases.junit.LIS_Test.test_3(LIS_Test.java:26)
java.lang.AssertionError: expected:<3> but was:<2>
    at org.junit.Assert.fail(Assert.java:88)
    at org.junit.Assert.failNotEquals(Assert.java:743)
    at org.junit.Assert.assertEquals(Assert.java:118)
    at org.junit.Assert.assertEquals(Assert.java:555)
    at org.junit.Assert.assertEquals(Assert.java:542)
    at java_testcases.junit.LIS_Test.test_0(LIS_Test.java:8)
java.lang.AssertionError: expected:<6> but was:<5>
    at org.junit.Assert.fail(Assert.java:88)
    at org.junit.Assert.failNotEquals(Assert.java:743)
    at org.junit.Assert.assertEquals(Assert.java:118)
    at org.junit.Assert.assertEquals(Assert.java:555)
    at org.junit.Assert.assertEquals(Assert.java:542)
    at java_testcases.junit.LIS_Test.test_1(LIS_Test.java:14)
java.lang.AssertionError: expected:<3> but was:<1>
    at org.junit.Assert.fail(Assert.java:88)
    at org.junit.Assert.failNotEquals(Assert.java:743)
    at org.junit.Assert.assertEquals(Assert.java:118)
    at org.junit.Assert.assertEquals(Assert.java:555)
    at org.junit.Assert.assertEquals(Assert.java:542)
    at java_testcases.junit.LIS_Test.test_2(LIS_Test.java:20)
java.lang.AssertionError: expected:<4> but was:<3>
    at org.junit.Assert.fail(Assert.java:88)
    at org.junit.Assert.failNotEquals(Assert.java:743)
    at org.junit.Assert.assertEquals(Assert.java:118)
    at org.junit.Assert.assertEquals(Assert.java:555)
    at org.junit.Assert.assertEquals(Assert.java:542)
    at java_testcases.junit.LIS_Test.test_3(LIS_Test.java:26)
java.lang.AssertionError: expected:<3> but was:<2>
    at org.junit.Assert.fail(Assert.java:88)
    at org.junit.Assert.failNotEquals(Assert.java:743)
    at org.junit.Assert.assertEquals(Assert.java:118)
    at org.junit.Assert.assertEquals(Assert.java:555)
    at org.junit.Assert.assertEquals(Assert.java:542)
    at java_testcases.junit.LIS_Test.test_0(LIS_Test.java:8)
java.lang.AssertionError: expected:<6> but was:<5>
    at org.junit.Assert.fail(Assert.java:88)
    at org.junit.Assert.failNotEquals(Assert.java:743)
    at org.junit.Assert.assertEquals(Assert.java:118)
    at org.junit.Assert.assertEquals(Assert.java:555)
    at org.junit.Assert.assertEquals(Assert.java:542)
    at java_testcases.junit.LIS_Test.test_1(LIS_Test.java:14)
java.lang.AssertionError: expected:<3> but was:<1>
    at org.junit.Assert.fail(Assert.java:88)
    at org.junit.Assert.failNotEquals(Assert.java:743)
    at org.junit.Assert.assertEquals(Assert.java:118)
    at org.junit.Assert.assertEquals(Assert.java:555)
    at org.junit.Assert.assertEquals(Assert.java:542)
    at java_testcases.junit.LIS_Test.test_2(LIS_Test.java:20)
java.lang.AssertionError: expected:<4> but was:<3>
    at org.junit.Assert.fail(Assert.java:88)
    at org.junit.Assert.failNotEquals(Assert.java:743)
    at org.junit.Assert.assertEquals(Assert.java:118)
    at org.junit.Assert.assertEquals(Assert.java:555)
    at org.junit.Assert.assertEquals(Assert.java:542)
    at java_testcases.junit.LIS_Test.test_3(LIS_Test.java:26)
java.lang.AssertionError: expected:<3> but was:<2>
    at org.junit.Assert.fail(Assert.java:88)
    at org.junit.Assert.failNotEquals(Assert.java:743)
    at org.junit.Assert.assertEquals(Assert.java:118)
    at org.junit.Assert.assertEquals(Assert.java:555)
    at org.junit.Assert.assertEquals(Assert.java:542)
    at java_testcases.junit.LIS_Test.test_0(LIS_Test.java:8)
java.lang.AssertionError: expected:<6> but was:<5>
    at org.junit.Assert.fail(Assert.java:88)
    at org.junit.Assert.failNotEquals(Assert.java:743)
    at org.junit.Assert.assertEquals(Assert.java:118)
    at org.junit.Assert.assertEquals(Assert.java:555)
    at org.junit.Assert.assertEquals(Assert.java:542)
    at java_testcases.junit.LIS_Test.test_1(LIS_Test.java:14)
java.lang.AssertionError: expected:<3> but was:<1>
    at org.junit.Assert.fail(Assert.java:88)
    at org.junit.Assert.failNotEquals(Assert.java:743)
    at org.junit.Assert.assertEquals(Assert.java:118)
    at org.junit.Assert.assertEquals(Assert.java:555)
    at org.junit.Assert.assertEquals(Assert.java:542)
    at java_testcases.junit.LIS_Test.test_2(LIS_Test.java:20)
java.lang.AssertionError: expected:<4> but was:<3>
    at org.junit.Assert.fail(Assert.java:88)
    at org.junit.Assert.failNotEquals(Assert.java:743)
    at org.junit.Assert.assertEquals(Assert.java:118)
    at org.junit.Assert.assertEquals(Assert.java:555)
    at org.junit.Assert.assertEquals(Assert.java:542)
    at java_testcases.junit.LIS_Test.test_3(LIS_Test.java:26)
14:38:15.219 [pool-84-thread-1] INFO  xxl.java.junit.TestCasesListener - Tests run finished (7 ms)
<> Total tests run: 16
<> Ignored tests: 0
<> Failed tests: 16
~ test_0(java_testcases.junit.LIS_Test)
[expected:<3> but was:<2>]
java.lang.AssertionError: expected:<3> but was:<2>    at org.junit.Assert.fail(Assert.java:88)
    at org.junit.Assert.failNotEquals(Assert.java:743)
    at org.junit.Assert.assertEquals(Assert.java:118)
    at org.junit.Assert.assertEquals(Assert.java:555)
    at org.junit.Assert.assertEquals(Assert.java:542)
    at java_testcases.junit.LIS_Test.test_0(LIS_Test.java:8)
~ test_1(java_testcases.junit.LIS_Test)
[expected:<6> but was:<5>]
java.lang.AssertionError: expected:<6> but was:<5>    at org.junit.Assert.fail(Assert.java:88)
    at org.junit.Assert.failNotEquals(Assert.java:743)
    at org.junit.Assert.assertEquals(Assert.java:118)
    at org.junit.Assert.assertEquals(Assert.java:555)
    at org.junit.Assert.assertEquals(Assert.java:542)
    at java_testcases.junit.LIS_Test.test_1(LIS_Test.java:14)
~ test_2(java_testcases.junit.LIS_Test)
[expected:<3> but was:<1>]
java.lang.AssertionError: expected:<3> but was:<1>    at org.junit.Assert.fail(Assert.java:88)
    at org.junit.Assert.failNotEquals(Assert.java:743)
    at org.junit.Assert.assertEquals(Assert.java:118)
    at org.junit.Assert.assertEquals(Assert.java:555)
    at org.junit.Assert.assertEquals(Assert.java:542)
    at java_testcases.junit.LIS_Test.test_2(LIS_Test.java:20)
~ test_3(java_testcases.junit.LIS_Test)
[expected:<4> but was:<3>]
java.lang.AssertionError: expected:<4> but was:<3>    at org.junit.Assert.fail(Assert.java:88)
    at org.junit.Assert.failNotEquals(Assert.java:743)
    at org.junit.Assert.assertEquals(Assert.java:118)
    at org.junit.Assert.assertEquals(Assert.java:555)
    at org.junit.Assert.assertEquals(Assert.java:542)
    at java_testcases.junit.LIS_Test.test_3(LIS_Test.java:26)
~ test_0(java_testcases.junit.LIS_Test)
[expected:<3> but was:<2>]
java.lang.AssertionError: expected:<3> but was:<2>    at org.junit.Assert.fail(Assert.java:88)
    at org.junit.Assert.failNotEquals(Assert.java:743)
    at org.junit.Assert.assertEquals(Assert.java:118)
    at org.junit.Assert.assertEquals(Assert.java:555)
    at org.junit.Assert.assertEquals(Assert.java:542)
    at java_testcases.junit.LIS_Test.test_0(LIS_Test.java:8)
~ test_1(java_testcases.junit.LIS_Test)
[expected:<6> but was:<5>]
java.lang.AssertionError: expected:<6> but was:<5>    at org.junit.Assert.fail(Assert.java:88)
    at org.junit.Assert.failNotEquals(Assert.java:743)
    at org.junit.Assert.assertEquals(Assert.java:118)
    at org.junit.Assert.assertEquals(Assert.java:555)
    at org.junit.Assert.assertEquals(Assert.java:542)
    at java_testcases.junit.LIS_Test.test_1(LIS_Test.java:14)
~ test_2(java_testcases.junit.LIS_Test)
[expected:<3> but was:<1>]
java.lang.AssertionError: expected:<3> but was:<1>    at org.junit.Assert.fail(Assert.java:88)
    at org.junit.Assert.failNotEquals(Assert.java:743)
    at org.junit.Assert.assertEquals(Assert.java:118)
    at org.junit.Assert.assertEquals(Assert.java:555)
    at org.junit.Assert.assertEquals(Assert.java:542)
    at java_testcases.junit.LIS_Test.test_2(LIS_Test.java:20)
~ test_3(java_testcases.junit.LIS_Test)
[expected:<4> but was:<3>]
java.lang.AssertionError: expected:<4> but was:<3>    at org.junit.Assert.fail(Assert.java:88)
    at org.junit.Assert.failNotEquals(Assert.java:743)
    at org.junit.Assert.assertEquals(Assert.java:118)
    at org.junit.Assert.assertEquals(Assert.java:555)
    at org.junit.Assert.assertEquals(Assert.java:542)
    at java_testcases.junit.LIS_Test.test_3(LIS_Test.java:26)
~ test_0(java_testcases.junit.LIS_Test)
[expected:<3> but was:<2>]
java.lang.AssertionError: expected:<3> but was:<2>    at org.junit.Assert.fail(Assert.java:88)
    at org.junit.Assert.failNotEquals(Assert.java:743)
    at org.junit.Assert.assertEquals(Assert.java:118)
    at org.junit.Assert.assertEquals(Assert.java:555)
    at org.junit.Assert.assertEquals(Assert.java:542)
    at java_testcases.junit.LIS_Test.test_0(LIS_Test.java:8)
~ test_1(java_testcases.junit.LIS_Test)
[expected:<6> but was:<5>]
java.lang.AssertionError: expected:<6> but was:<5>    at org.junit.Assert.fail(Assert.java:88)
    at org.junit.Assert.failNotEquals(Assert.java:743)
    at org.junit.Assert.assertEquals(Assert.java:118)
    at org.junit.Assert.assertEquals(Assert.java:555)
    at org.junit.Assert.assertEquals(Assert.java:542)
    at java_testcases.junit.LIS_Test.test_1(LIS_Test.java:14)
~ test_2(java_testcases.junit.LIS_Test)
[expected:<3> but was:<1>]
java.lang.AssertionError: expected:<3> but was:<1>    at org.junit.Assert.fail(Assert.java:88)
    at org.junit.Assert.failNotEquals(Assert.java:743)
    at org.junit.Assert.assertEquals(Assert.java:118)
    at org.junit.Assert.assertEquals(Assert.java:555)
    at org.junit.Assert.assertEquals(Assert.java:542)
    at java_testcases.junit.LIS_Test.test_2(LIS_Test.java:20)
~ test_3(java_testcases.junit.LIS_Test)
[expected:<4> but was:<3>]
java.lang.AssertionError: expected:<4> but was:<3>    at org.junit.Assert.fail(Assert.java:88)
    at org.junit.Assert.failNotEquals(Assert.java:743)
    at org.junit.Assert.assertEquals(Assert.java:118)
    at org.junit.Assert.assertEquals(Assert.java:555)
    at org.junit.Assert.assertEquals(Assert.java:542)
    at java_testcases.junit.LIS_Test.test_3(LIS_Test.java:26)
~ test_0(java_testcases.junit.LIS_Test)
[expected:<3> but was:<2>]
java.lang.AssertionError: expected:<3> but was:<2>    at org.junit.Assert.fail(Assert.java:88)
    at org.junit.Assert.failNotEquals(Assert.java:743)
    at org.junit.Assert.assertEquals(Assert.java:118)
    at org.junit.Assert.assertEquals(Assert.java:555)
    at org.junit.Assert.assertEquals(Assert.java:542)
    at java_testcases.junit.LIS_Test.test_0(LIS_Test.java:8)
~ test_1(java_testcases.junit.LIS_Test)
[expected:<6> but was:<5>]
java.lang.AssertionError: expected:<6> but was:<5>    at org.junit.Assert.fail(Assert.java:88)
    at org.junit.Assert.failNotEquals(Assert.java:743)
    at org.junit.Assert.assertEquals(Assert.java:118)
    at org.junit.Assert.assertEquals(Assert.java:555)
    at org.junit.Assert.assertEquals(Assert.java:542)
    at java_testcases.junit.LIS_Test.test_1(LIS_Test.java:14)
~ test_2(java_testcases.junit.LIS_Test)
[expected:<3> but was:<1>]
java.lang.AssertionError: expected:<3> but was:<1>    at org.junit.Assert.fail(Assert.java:88)
    at org.junit.Assert.failNotEquals(Assert.java:743)
    at org.junit.Assert.assertEquals(Assert.java:118)
    at org.junit.Assert.assertEquals(Assert.java:555)
    at org.junit.Assert.assertEquals(Assert.java:542)
    at java_testcases.junit.LIS_Test.test_2(LIS_Test.java:20)
~ test_3(java_testcases.junit.LIS_Test)
[expected:<4> but was:<3>]
java.lang.AssertionError: expected:<4> but was:<3>    at org.junit.Assert.fail(Assert.java:88)
    at org.junit.Assert.failNotEquals(Assert.java:743)
    at org.junit.Assert.assertEquals(Assert.java:118)
    at org.junit.Assert.assertEquals(Assert.java:555)
    at org.junit.Assert.assertEquals(Assert.java:542)
    at java_testcases.junit.LIS_Test.test_3(LIS_Test.java:26)

java.lang.AssertionError: expected:<3> but was:<1>
    at org.junit.Assert.fail(Assert.java:88)
    at org.junit.Assert.failNotEquals(Assert.java:743)
    at org.junit.Assert.assertEquals(Assert.java:118)
    at org.junit.Assert.assertEquals(Assert.java:555)
    at org.junit.Assert.assertEquals(Assert.java:542)
    at java_testcases.junit.LIS_Test.test_0(LIS_Test.java:8)
14:38:15.308 [pool-85-thread-1] INFO  f.i.l.c.t.SpecificationTestCasesListener - Tests run finished (2 ms)
<> Total tests run: 1
<> Ignored tests: 0
<> Failed tests: 1
~ test_0(java_testcases.junit.LIS_Test)
[expected:<3> but was:<1>]
java.lang.AssertionError: expected:<3> but was:<1>    at org.junit.Assert.fail(Assert.java:88)
    at org.junit.Assert.failNotEquals(Assert.java:743)
    at org.junit.Assert.assertEquals(Assert.java:118)
    at org.junit.Assert.assertEquals(Assert.java:555)
    at org.junit.Assert.assertEquals(Assert.java:542)
    at java_testcases.junit.LIS_Test.test_0(LIS_Test.java:8)

java.lang.AssertionError: expected:<3> but was:<1>
    at org.junit.Assert.fail(Assert.java:88)
    at org.junit.Assert.failNotEquals(Assert.java:743)
    at org.junit.Assert.assertEquals(Assert.java:118)
    at org.junit.Assert.assertEquals(Assert.java:555)
    at org.junit.Assert.assertEquals(Assert.java:542)
    at java_testcases.junit.LIS_Test.test_2(LIS_Test.java:20)
14:38:15.310 [pool-86-thread-1] INFO  f.i.l.c.t.SpecificationTestCasesListener - Tests run finished (1 ms)
<> Total tests run: 1
<> Ignored tests: 0
<> Failed tests: 1
~ test_2(java_testcases.junit.LIS_Test)
[expected:<3> but was:<1>]
java.lang.AssertionError: expected:<3> but was:<1>    at org.junit.Assert.fail(Assert.java:88)
    at org.junit.Assert.failNotEquals(Assert.java:743)
    at org.junit.Assert.assertEquals(Assert.java:118)
    at org.junit.Assert.assertEquals(Assert.java:555)
    at org.junit.Assert.assertEquals(Assert.java:542)
    at java_testcases.junit.LIS_Test.test_2(LIS_Test.java:20)

java.lang.AssertionError: expected:<6> but was:<1>
    at org.junit.Assert.fail(Assert.java:88)
    at org.junit.Assert.failNotEquals(Assert.java:743)
    at org.junit.Assert.assertEquals(Assert.java:118)
    at org.junit.Assert.assertEquals(Assert.java:555)
    at org.junit.Assert.assertEquals(Assert.java:542)
    at java_testcases.junit.LIS_Test.test_1(LIS_Test.java:14)
14:38:15.311 [pool-87-thread-1] INFO  f.i.l.c.t.SpecificationTestCasesListener - Tests run finished (0 ms)
<> Total tests run: 1
<> Ignored tests: 0
<> Failed tests: 1
~ test_1(java_testcases.junit.LIS_Test)
[expected:<6> but was:<1>]
java.lang.AssertionError: expected:<6> but was:<1>    at org.junit.Assert.fail(Assert.java:88)
    at org.junit.Assert.failNotEquals(Assert.java:743)
    at org.junit.Assert.assertEquals(Assert.java:118)
    at org.junit.Assert.assertEquals(Assert.java:555)
    at org.junit.Assert.assertEquals(Assert.java:542)
    at java_testcases.junit.LIS_Test.test_1(LIS_Test.java:14)

java.lang.AssertionError: expected:<4> but was:<1>
    at org.junit.Assert.fail(Assert.java:88)
    at org.junit.Assert.failNotEquals(Assert.java:743)
    at org.junit.Assert.assertEquals(Assert.java:118)
    at org.junit.Assert.assertEquals(Assert.java:555)
    at org.junit.Assert.assertEquals(Assert.java:542)
    at java_testcases.junit.LIS_Test.test_3(LIS_Test.java:26)
14:38:15.312 [pool-88-thread-1] INFO  f.i.l.c.t.SpecificationTestCasesListener - Tests run finished (0 ms)
<> Total tests run: 1
<> Ignored tests: 0
<> Failed tests: 1
~ test_3(java_testcases.junit.LIS_Test)
[expected:<4> but was:<1>]
java.lang.AssertionError: expected:<4> but was:<1>    at org.junit.Assert.fail(Assert.java:88)
    at org.junit.Assert.failNotEquals(Assert.java:743)
    at org.junit.Assert.assertEquals(Assert.java:118)
    at org.junit.Assert.assertEquals(Assert.java:555)
    at org.junit.Assert.assertEquals(Assert.java:542)
    at java_testcases.junit.LIS_Test.test_3(LIS_Test.java:26)

java.lang.AssertionError: expected:<3> but was:<2>
    at org.junit.Assert.fail(Assert.java:88)
    at org.junit.Assert.failNotEquals(Assert.java:743)
    at org.junit.Assert.assertEquals(Assert.java:118)
    at org.junit.Assert.assertEquals(Assert.java:555)
    at org.junit.Assert.assertEquals(Assert.java:542)
    at java_testcases.junit.LIS_Test.test_0(LIS_Test.java:8)
14:38:15.314 [pool-89-thread-1] INFO  f.i.l.c.t.SpecificationTestCasesListener - Tests run finished (1 ms)
<> Total tests run: 1
<> Ignored tests: 0
<> Failed tests: 1
~ test_0(java_testcases.junit.LIS_Test)
[expected:<3> but was:<2>]
java.lang.AssertionError: expected:<3> but was:<2>    at org.junit.Assert.fail(Assert.java:88)
    at org.junit.Assert.failNotEquals(Assert.java:743)
    at org.junit.Assert.assertEquals(Assert.java:118)
    at org.junit.Assert.assertEquals(Assert.java:555)
    at org.junit.Assert.assertEquals(Assert.java:542)
    at java_testcases.junit.LIS_Test.test_0(LIS_Test.java:8)

java.lang.AssertionError: expected:<3> but was:<1>
    at org.junit.Assert.fail(Assert.java:88)
    at org.junit.Assert.failNotEquals(Assert.java:743)
    at org.junit.Assert.assertEquals(Assert.java:118)
    at org.junit.Assert.assertEquals(Assert.java:555)
    at org.junit.Assert.assertEquals(Assert.java:542)
    at java_testcases.junit.LIS_Test.test_2(LIS_Test.java:20)
14:38:15.315 [pool-90-thread-1] INFO  f.i.l.c.t.SpecificationTestCasesListener - Tests run finished (0 ms)
<> Total tests run: 1
<> Ignored tests: 0
<> Failed tests: 1
~ test_2(java_testcases.junit.LIS_Test)
[expected:<3> but was:<1>]
java.lang.AssertionError: expected:<3> but was:<1>    at org.junit.Assert.fail(Assert.java:88)
    at org.junit.Assert.failNotEquals(Assert.java:743)
    at org.junit.Assert.assertEquals(Assert.java:118)
    at org.junit.Assert.assertEquals(Assert.java:555)
    at org.junit.Assert.assertEquals(Assert.java:542)
    at java_testcases.junit.LIS_Test.test_2(LIS_Test.java:20)

java.lang.AssertionError: expected:<6> but was:<5>
    at org.junit.Assert.fail(Assert.java:88)
    at org.junit.Assert.failNotEquals(Assert.java:743)
    at org.junit.Assert.assertEquals(Assert.java:118)
    at org.junit.Assert.assertEquals(Assert.java:555)
    at org.junit.Assert.assertEquals(Assert.java:542)
    at java_testcases.junit.LIS_Test.test_1(LIS_Test.java:14)
14:38:15.317 [pool-91-thread-1] INFO  f.i.l.c.t.SpecificationTestCasesListener - Tests run finished (1 ms)
<> Total tests run: 1
<> Ignored tests: 0
<> Failed tests: 1
~ test_1(java_testcases.junit.LIS_Test)
[expected:<6> but was:<5>]
java.lang.AssertionError: expected:<6> but was:<5>    at org.junit.Assert.fail(Assert.java:88)
    at org.junit.Assert.failNotEquals(Assert.java:743)
    at org.junit.Assert.assertEquals(Assert.java:118)
    at org.junit.Assert.assertEquals(Assert.java:555)
    at org.junit.Assert.assertEquals(Assert.java:542)
    at java_testcases.junit.LIS_Test.test_1(LIS_Test.java:14)

java.lang.AssertionError: expected:<4> but was:<3>
    at org.junit.Assert.fail(Assert.java:88)
    at org.junit.Assert.failNotEquals(Assert.java:743)
    at org.junit.Assert.assertEquals(Assert.java:118)
    at org.junit.Assert.assertEquals(Assert.java:555)
    at org.junit.Assert.assertEquals(Assert.java:542)
    at java_testcases.junit.LIS_Test.test_3(LIS_Test.java:26)
14:38:15.318 [pool-92-thread-1] INFO  f.i.l.c.t.SpecificationTestCasesListener - Tests run finished (1 ms)
<> Total tests run: 1
<> Ignored tests: 0
<> Failed tests: 1
~ test_3(java_testcases.junit.LIS_Test)
[expected:<4> but was:<3>]
java.lang.AssertionError: expected:<4> but was:<3>    at org.junit.Assert.fail(Assert.java:88)
    at org.junit.Assert.failNotEquals(Assert.java:743)
    at org.junit.Assert.assertEquals(Assert.java:118)
    at org.junit.Assert.assertEquals(Assert.java:555)
    at org.junit.Assert.assertEquals(Assert.java:542)
    at java_testcases.junit.LIS_Test.test_3(LIS_Test.java:26)

14:38:15.318 [pool-83-thread-1] DEBUG tests.output - Failing tests with false: 
[test_0(java_testcases.junit.LIS_Test): expected:<3> but was:<1>, test_2(java_testcases.junit.LIS_Test): expected:<3> but was:<1>, test_1(java_testcases.junit.LIS_Test): expected:<6> but was:<1>, test_3(java_testcases.junit.LIS_Test): expected:<4> but was:<1>]
14:38:15.318 [pool-83-thread-1] DEBUG tests.output - Failing tests with true: 
[test_0(java_testcases.junit.LIS_Test): expected:<3> but was:<2>, test_2(java_testcases.junit.LIS_Test): expected:<3> but was:<1>, test_1(java_testcases.junit.LIS_Test): expected:<6> but was:<5>, test_3(java_testcases.junit.LIS_Test): expected:<4> but was:<3>]
14:38:15.318 [pool-83-thread-1] INFO  f.i.l.r.n.synth.SMTNopolSynthesizer - Not enough specifications: 0. A trivial patch is "true" or "false", please write new tests specifying SourceLocation java_programs.LIS:21.
14:38:15.318 [pool-2-thread-1] DEBUG fr.inria.lille.repair.nopol.NoPol - statement #10
14:38:15.319 [pool-2-thread-1] DEBUG fr.inria.lille.repair.nopol.NoPol - Analysing SourceLocation java_programs.LIS:20 which is executed by 4 tests
75383
14:38:15.363 [pool-2-thread-1] DEBUG fr.inria.lille.repair.nopol.NoPol - statement #11
14:38:15.364 [pool-2-thread-1] DEBUG fr.inria.lille.repair.nopol.NoPol - Analysing SourceLocation java_programs.LIS:18 which is executed by 4 tests
75383
14:38:15.418 [pool-2-thread-1] DEBUG fr.inria.lille.repair.nopol.NoPol - looking with class fr.inria.lille.repair.nopol.spoon.smt.ConditionalAdder
java.lang.AssertionError: expected:<3> but was:<2>
    at org.junit.Assert.fail(Assert.java:88)
    at org.junit.Assert.failNotEquals(Assert.java:743)
    at org.junit.Assert.assertEquals(Assert.java:118)
    at org.junit.Assert.assertEquals(Assert.java:555)
    at org.junit.Assert.assertEquals(Assert.java:542)
    at java_testcases.junit.LIS_Test.test_0(LIS_Test.java:8)
java.lang.AssertionError: expected:<6> but was:<5>
    at org.junit.Assert.fail(Assert.java:88)
    at org.junit.Assert.failNotEquals(Assert.java:743)
    at org.junit.Assert.assertEquals(Assert.java:118)
    at org.junit.Assert.assertEquals(Assert.java:555)
    at org.junit.Assert.assertEquals(Assert.java:542)
    at java_testcases.junit.LIS_Test.test_1(LIS_Test.java:14)
java.lang.AssertionError: expected:<3> but was:<1>
    at org.junit.Assert.fail(Assert.java:88)
    at org.junit.Assert.failNotEquals(Assert.java:743)
    at org.junit.Assert.assertEquals(Assert.java:118)
    at org.junit.Assert.assertEquals(Assert.java:555)
    at org.junit.Assert.assertEquals(Assert.java:542)
    at java_testcases.junit.LIS_Test.test_2(LIS_Test.java:20)
java.lang.AssertionError: expected:<4> but was:<3>
    at org.junit.Assert.fail(Assert.java:88)
    at org.junit.Assert.failNotEquals(Assert.java:743)
    at org.junit.Assert.assertEquals(Assert.java:118)
    at org.junit.Assert.assertEquals(Assert.java:555)
    at org.junit.Assert.assertEquals(Assert.java:542)
    at java_testcases.junit.LIS_Test.test_3(LIS_Test.java:26)
java.lang.AssertionError: expected:<3> but was:<2>
    at org.junit.Assert.fail(Assert.java:88)
    at org.junit.Assert.failNotEquals(Assert.java:743)
    at org.junit.Assert.assertEquals(Assert.java:118)
    at org.junit.Assert.assertEquals(Assert.java:555)
    at org.junit.Assert.assertEquals(Assert.java:542)
    at java_testcases.junit.LIS_Test.test_0(LIS_Test.java:8)
java.lang.AssertionError: expected:<6> but was:<5>
    at org.junit.Assert.fail(Assert.java:88)
    at org.junit.Assert.failNotEquals(Assert.java:743)
    at org.junit.Assert.assertEquals(Assert.java:118)
    at org.junit.Assert.assertEquals(Assert.java:555)
    at org.junit.Assert.assertEquals(Assert.java:542)
    at java_testcases.junit.LIS_Test.test_1(LIS_Test.java:14)
java.lang.AssertionError: expected:<3> but was:<1>
    at org.junit.Assert.fail(Assert.java:88)
    at org.junit.Assert.failNotEquals(Assert.java:743)
    at org.junit.Assert.assertEquals(Assert.java:118)
    at org.junit.Assert.assertEquals(Assert.java:555)
    at org.junit.Assert.assertEquals(Assert.java:542)
    at java_testcases.junit.LIS_Test.test_2(LIS_Test.java:20)
java.lang.AssertionError: expected:<4> but was:<3>
    at org.junit.Assert.fail(Assert.java:88)
    at org.junit.Assert.failNotEquals(Assert.java:743)
    at org.junit.Assert.assertEquals(Assert.java:118)
    at org.junit.Assert.assertEquals(Assert.java:555)
    at org.junit.Assert.assertEquals(Assert.java:542)
    at java_testcases.junit.LIS_Test.test_3(LIS_Test.java:26)
java.lang.AssertionError: expected:<3> but was:<2>
    at org.junit.Assert.fail(Assert.java:88)
    at org.junit.Assert.failNotEquals(Assert.java:743)
    at org.junit.Assert.assertEquals(Assert.java:118)
    at org.junit.Assert.assertEquals(Assert.java:555)
    at org.junit.Assert.assertEquals(Assert.java:542)
    at java_testcases.junit.LIS_Test.test_0(LIS_Test.java:8)
java.lang.AssertionError: expected:<6> but was:<5>
    at org.junit.Assert.fail(Assert.java:88)
    at org.junit.Assert.failNotEquals(Assert.java:743)
    at org.junit.Assert.assertEquals(Assert.java:118)
    at org.junit.Assert.assertEquals(Assert.java:555)
    at org.junit.Assert.assertEquals(Assert.java:542)
    at java_testcases.junit.LIS_Test.test_1(LIS_Test.java:14)
java.lang.AssertionError: expected:<3> but was:<1>
    at org.junit.Assert.fail(Assert.java:88)
    at org.junit.Assert.failNotEquals(Assert.java:743)
    at org.junit.Assert.assertEquals(Assert.java:118)
    at org.junit.Assert.assertEquals(Assert.java:555)
    at org.junit.Assert.assertEquals(Assert.java:542)
    at java_testcases.junit.LIS_Test.test_2(LIS_Test.java:20)
java.lang.AssertionError: expected:<4> but was:<3>
    at org.junit.Assert.fail(Assert.java:88)
    at org.junit.Assert.failNotEquals(Assert.java:743)
    at org.junit.Assert.assertEquals(Assert.java:118)
    at org.junit.Assert.assertEquals(Assert.java:555)
    at org.junit.Assert.assertEquals(Assert.java:542)
    at java_testcases.junit.LIS_Test.test_3(LIS_Test.java:26)
java.lang.AssertionError: expected:<3> but was:<2>
    at org.junit.Assert.fail(Assert.java:88)
    at org.junit.Assert.failNotEquals(Assert.java:743)
    at org.junit.Assert.assertEquals(Assert.java:118)
    at org.junit.Assert.assertEquals(Assert.java:555)
    at org.junit.Assert.assertEquals(Assert.java:542)
    at java_testcases.junit.LIS_Test.test_0(LIS_Test.java:8)
java.lang.AssertionError: expected:<6> but was:<5>
    at org.junit.Assert.fail(Assert.java:88)
    at org.junit.Assert.failNotEquals(Assert.java:743)
    at org.junit.Assert.assertEquals(Assert.java:118)
    at org.junit.Assert.assertEquals(Assert.java:555)
    at org.junit.Assert.assertEquals(Assert.java:542)
    at java_testcases.junit.LIS_Test.test_1(LIS_Test.java:14)
java.lang.AssertionError: expected:<3> but was:<1>
    at org.junit.Assert.fail(Assert.java:88)
    at org.junit.Assert.failNotEquals(Assert.java:743)
    at org.junit.Assert.assertEquals(Assert.java:118)
    at org.junit.Assert.assertEquals(Assert.java:555)
    at org.junit.Assert.assertEquals(Assert.java:542)
    at java_testcases.junit.LIS_Test.test_2(LIS_Test.java:20)
java.lang.AssertionError: expected:<4> but was:<3>
    at org.junit.Assert.fail(Assert.java:88)
    at org.junit.Assert.failNotEquals(Assert.java:743)
    at org.junit.Assert.assertEquals(Assert.java:118)
    at org.junit.Assert.assertEquals(Assert.java:555)
    at org.junit.Assert.assertEquals(Assert.java:542)
    at java_testcases.junit.LIS_Test.test_3(LIS_Test.java:26)
14:38:15.428 [pool-94-thread-1] INFO  xxl.java.junit.TestCasesListener - Tests run finished (7 ms)
<> Total tests run: 16
<> Ignored tests: 0
<> Failed tests: 16
~ test_0(java_testcases.junit.LIS_Test)
[expected:<3> but was:<2>]
java.lang.AssertionError: expected:<3> but was:<2>    at org.junit.Assert.fail(Assert.java:88)
    at org.junit.Assert.failNotEquals(Assert.java:743)
    at org.junit.Assert.assertEquals(Assert.java:118)
    at org.junit.Assert.assertEquals(Assert.java:555)
    at org.junit.Assert.assertEquals(Assert.java:542)
    at java_testcases.junit.LIS_Test.test_0(LIS_Test.java:8)
~ test_1(java_testcases.junit.LIS_Test)
[expected:<6> but was:<5>]
java.lang.AssertionError: expected:<6> but was:<5>    at org.junit.Assert.fail(Assert.java:88)
    at org.junit.Assert.failNotEquals(Assert.java:743)
    at org.junit.Assert.assertEquals(Assert.java:118)
    at org.junit.Assert.assertEquals(Assert.java:555)
    at org.junit.Assert.assertEquals(Assert.java:542)
    at java_testcases.junit.LIS_Test.test_1(LIS_Test.java:14)
~ test_2(java_testcases.junit.LIS_Test)
[expected:<3> but was:<1>]
java.lang.AssertionError: expected:<3> but was:<1>    at org.junit.Assert.fail(Assert.java:88)
    at org.junit.Assert.failNotEquals(Assert.java:743)
    at org.junit.Assert.assertEquals(Assert.java:118)
    at org.junit.Assert.assertEquals(Assert.java:555)
    at org.junit.Assert.assertEquals(Assert.java:542)
    at java_testcases.junit.LIS_Test.test_2(LIS_Test.java:20)
~ test_3(java_testcases.junit.LIS_Test)
[expected:<4> but was:<3>]
java.lang.AssertionError: expected:<4> but was:<3>    at org.junit.Assert.fail(Assert.java:88)
    at org.junit.Assert.failNotEquals(Assert.java:743)
    at org.junit.Assert.assertEquals(Assert.java:118)
    at org.junit.Assert.assertEquals(Assert.java:555)
    at org.junit.Assert.assertEquals(Assert.java:542)
    at java_testcases.junit.LIS_Test.test_3(LIS_Test.java:26)
~ test_0(java_testcases.junit.LIS_Test)
[expected:<3> but was:<2>]
java.lang.AssertionError: expected:<3> but was:<2>    at org.junit.Assert.fail(Assert.java:88)
    at org.junit.Assert.failNotEquals(Assert.java:743)
    at org.junit.Assert.assertEquals(Assert.java:118)
    at org.junit.Assert.assertEquals(Assert.java:555)
    at org.junit.Assert.assertEquals(Assert.java:542)
    at java_testcases.junit.LIS_Test.test_0(LIS_Test.java:8)
~ test_1(java_testcases.junit.LIS_Test)
[expected:<6> but was:<5>]
java.lang.AssertionError: expected:<6> but was:<5>    at org.junit.Assert.fail(Assert.java:88)
    at org.junit.Assert.failNotEquals(Assert.java:743)
    at org.junit.Assert.assertEquals(Assert.java:118)
    at org.junit.Assert.assertEquals(Assert.java:555)
    at org.junit.Assert.assertEquals(Assert.java:542)
    at java_testcases.junit.LIS_Test.test_1(LIS_Test.java:14)
~ test_2(java_testcases.junit.LIS_Test)
[expected:<3> but was:<1>]
java.lang.AssertionError: expected:<3> but was:<1>    at org.junit.Assert.fail(Assert.java:88)
    at org.junit.Assert.failNotEquals(Assert.java:743)
    at org.junit.Assert.assertEquals(Assert.java:118)
    at org.junit.Assert.assertEquals(Assert.java:555)
    at org.junit.Assert.assertEquals(Assert.java:542)
    at java_testcases.junit.LIS_Test.test_2(LIS_Test.java:20)
~ test_3(java_testcases.junit.LIS_Test)
[expected:<4> but was:<3>]
java.lang.AssertionError: expected:<4> but was:<3>    at org.junit.Assert.fail(Assert.java:88)
    at org.junit.Assert.failNotEquals(Assert.java:743)
    at org.junit.Assert.assertEquals(Assert.java:118)
    at org.junit.Assert.assertEquals(Assert.java:555)
    at org.junit.Assert.assertEquals(Assert.java:542)
    at java_testcases.junit.LIS_Test.test_3(LIS_Test.java:26)
~ test_0(java_testcases.junit.LIS_Test)
[expected:<3> but was:<2>]
java.lang.AssertionError: expected:<3> but was:<2>    at org.junit.Assert.fail(Assert.java:88)
    at org.junit.Assert.failNotEquals(Assert.java:743)
    at org.junit.Assert.assertEquals(Assert.java:118)
    at org.junit.Assert.assertEquals(Assert.java:555)
    at org.junit.Assert.assertEquals(Assert.java:542)
    at java_testcases.junit.LIS_Test.test_0(LIS_Test.java:8)
~ test_1(java_testcases.junit.LIS_Test)
[expected:<6> but was:<5>]
java.lang.AssertionError: expected:<6> but was:<5>    at org.junit.Assert.fail(Assert.java:88)
    at org.junit.Assert.failNotEquals(Assert.java:743)
    at org.junit.Assert.assertEquals(Assert.java:118)
    at org.junit.Assert.assertEquals(Assert.java:555)
    at org.junit.Assert.assertEquals(Assert.java:542)
    at java_testcases.junit.LIS_Test.test_1(LIS_Test.java:14)
~ test_2(java_testcases.junit.LIS_Test)
[expected:<3> but was:<1>]
java.lang.AssertionError: expected:<3> but was:<1>    at org.junit.Assert.fail(Assert.java:88)
    at org.junit.Assert.failNotEquals(Assert.java:743)
    at org.junit.Assert.assertEquals(Assert.java:118)
    at org.junit.Assert.assertEquals(Assert.java:555)
    at org.junit.Assert.assertEquals(Assert.java:542)
    at java_testcases.junit.LIS_Test.test_2(LIS_Test.java:20)
~ test_3(java_testcases.junit.LIS_Test)
[expected:<4> but was:<3>]
java.lang.AssertionError: expected:<4> but was:<3>    at org.junit.Assert.fail(Assert.java:88)
    at org.junit.Assert.failNotEquals(Assert.java:743)
    at org.junit.Assert.assertEquals(Assert.java:118)
    at org.junit.Assert.assertEquals(Assert.java:555)
    at org.junit.Assert.assertEquals(Assert.java:542)
    at java_testcases.junit.LIS_Test.test_3(LIS_Test.java:26)
~ test_0(java_testcases.junit.LIS_Test)
[expected:<3> but was:<2>]
java.lang.AssertionError: expected:<3> but was:<2>    at org.junit.Assert.fail(Assert.java:88)
    at org.junit.Assert.failNotEquals(Assert.java:743)
    at org.junit.Assert.assertEquals(Assert.java:118)
    at org.junit.Assert.assertEquals(Assert.java:555)
    at org.junit.Assert.assertEquals(Assert.java:542)
    at java_testcases.junit.LIS_Test.test_0(LIS_Test.java:8)
~ test_1(java_testcases.junit.LIS_Test)
[expected:<6> but was:<5>]
java.lang.AssertionError: expected:<6> but was:<5>    at org.junit.Assert.fail(Assert.java:88)
    at org.junit.Assert.failNotEquals(Assert.java:743)
    at org.junit.Assert.assertEquals(Assert.java:118)
    at org.junit.Assert.assertEquals(Assert.java:555)
    at org.junit.Assert.assertEquals(Assert.java:542)
    at java_testcases.junit.LIS_Test.test_1(LIS_Test.java:14)
~ test_2(java_testcases.junit.LIS_Test)
[expected:<3> but was:<1>]
java.lang.AssertionError: expected:<3> but was:<1>    at org.junit.Assert.fail(Assert.java:88)
    at org.junit.Assert.failNotEquals(Assert.java:743)
    at org.junit.Assert.assertEquals(Assert.java:118)
    at org.junit.Assert.assertEquals(Assert.java:555)
    at org.junit.Assert.assertEquals(Assert.java:542)
    at java_testcases.junit.LIS_Test.test_2(LIS_Test.java:20)
~ test_3(java_testcases.junit.LIS_Test)
[expected:<4> but was:<3>]
java.lang.AssertionError: expected:<4> but was:<3>    at org.junit.Assert.fail(Assert.java:88)
    at org.junit.Assert.failNotEquals(Assert.java:743)
    at org.junit.Assert.assertEquals(Assert.java:118)
    at org.junit.Assert.assertEquals(Assert.java:555)
    at org.junit.Assert.assertEquals(Assert.java:542)
    at java_testcases.junit.LIS_Test.test_3(LIS_Test.java:26)

java.lang.AssertionError: expected:<3> but was:<0>
    at org.junit.Assert.fail(Assert.java:88)
    at org.junit.Assert.failNotEquals(Assert.java:743)
    at org.junit.Assert.assertEquals(Assert.java:118)
    at org.junit.Assert.assertEquals(Assert.java:555)
    at org.junit.Assert.assertEquals(Assert.java:542)
    at java_testcases.junit.LIS_Test.test_0(LIS_Test.java:8)
14:38:15.528 [pool-95-thread-1] INFO  f.i.l.c.t.SpecificationTestCasesListener - Tests run finished (1 ms)
<> Total tests run: 1
<> Ignored tests: 0
<> Failed tests: 1
~ test_0(java_testcases.junit.LIS_Test)
[expected:<3> but was:<0>]
java.lang.AssertionError: expected:<3> but was:<0>    at org.junit.Assert.fail(Assert.java:88)
    at org.junit.Assert.failNotEquals(Assert.java:743)
    at org.junit.Assert.assertEquals(Assert.java:118)
    at org.junit.Assert.assertEquals(Assert.java:555)
    at org.junit.Assert.assertEquals(Assert.java:542)
    at java_testcases.junit.LIS_Test.test_0(LIS_Test.java:8)

java.lang.AssertionError: expected:<3> but was:<0>
    at org.junit.Assert.fail(Assert.java:88)
    at org.junit.Assert.failNotEquals(Assert.java:743)
    at org.junit.Assert.assertEquals(Assert.java:118)
    at org.junit.Assert.assertEquals(Assert.java:555)
    at org.junit.Assert.assertEquals(Assert.java:542)
    at java_testcases.junit.LIS_Test.test_2(LIS_Test.java:20)
14:38:15.530 [pool-96-thread-1] INFO  f.i.l.c.t.SpecificationTestCasesListener - Tests run finished (1 ms)
<> Total tests run: 1
<> Ignored tests: 0
<> Failed tests: 1
~ test_2(java_testcases.junit.LIS_Test)
[expected:<3> but was:<0>]
java.lang.AssertionError: expected:<3> but was:<0>    at org.junit.Assert.fail(Assert.java:88)
    at org.junit.Assert.failNotEquals(Assert.java:743)
    at org.junit.Assert.assertEquals(Assert.java:118)
    at org.junit.Assert.assertEquals(Assert.java:555)
    at org.junit.Assert.assertEquals(Assert.java:542)
    at java_testcases.junit.LIS_Test.test_2(LIS_Test.java:20)

java.lang.AssertionError: expected:<6> but was:<0>
    at org.junit.Assert.fail(Assert.java:88)
    at org.junit.Assert.failNotEquals(Assert.java:743)
    at org.junit.Assert.assertEquals(Assert.java:118)
    at org.junit.Assert.assertEquals(Assert.java:555)
    at org.junit.Assert.assertEquals(Assert.java:542)
    at java_testcases.junit.LIS_Test.test_1(LIS_Test.java:14)
14:38:15.531 [pool-97-thread-1] INFO  f.i.l.c.t.SpecificationTestCasesListener - Tests run finished (1 ms)
<> Total tests run: 1
<> Ignored tests: 0
<> Failed tests: 1
~ test_1(java_testcases.junit.LIS_Test)
[expected:<6> but was:<0>]
java.lang.AssertionError: expected:<6> but was:<0>    at org.junit.Assert.fail(Assert.java:88)
    at org.junit.Assert.failNotEquals(Assert.java:743)
    at org.junit.Assert.assertEquals(Assert.java:118)
    at org.junit.Assert.assertEquals(Assert.java:555)
    at org.junit.Assert.assertEquals(Assert.java:542)
    at java_testcases.junit.LIS_Test.test_1(LIS_Test.java:14)

java.lang.AssertionError: expected:<4> but was:<0>
    at org.junit.Assert.fail(Assert.java:88)
    at org.junit.Assert.failNotEquals(Assert.java:743)
    at org.junit.Assert.assertEquals(Assert.java:118)
    at org.junit.Assert.assertEquals(Assert.java:555)
    at org.junit.Assert.assertEquals(Assert.java:542)
    at java_testcases.junit.LIS_Test.test_3(LIS_Test.java:26)
14:38:15.532 [pool-98-thread-1] INFO  f.i.l.c.t.SpecificationTestCasesListener - Tests run finished (0 ms)
<> Total tests run: 1
<> Ignored tests: 0
<> Failed tests: 1
~ test_3(java_testcases.junit.LIS_Test)
[expected:<4> but was:<0>]
java.lang.AssertionError: expected:<4> but was:<0>    at org.junit.Assert.fail(Assert.java:88)
    at org.junit.Assert.failNotEquals(Assert.java:743)
    at org.junit.Assert.assertEquals(Assert.java:118)
    at org.junit.Assert.assertEquals(Assert.java:555)
    at org.junit.Assert.assertEquals(Assert.java:542)
    at java_testcases.junit.LIS_Test.test_3(LIS_Test.java:26)

java.lang.AssertionError: expected:<3> but was:<2>
    at org.junit.Assert.fail(Assert.java:88)
    at org.junit.Assert.failNotEquals(Assert.java:743)
    at org.junit.Assert.assertEquals(Assert.java:118)
    at org.junit.Assert.assertEquals(Assert.java:555)
    at org.junit.Assert.assertEquals(Assert.java:542)
    at java_testcases.junit.LIS_Test.test_0(LIS_Test.java:8)
14:38:15.533 [pool-99-thread-1] INFO  f.i.l.c.t.SpecificationTestCasesListener - Tests run finished (0 ms)
<> Total tests run: 1
<> Ignored tests: 0
<> Failed tests: 1
~ test_0(java_testcases.junit.LIS_Test)
[expected:<3> but was:<2>]
java.lang.AssertionError: expected:<3> but was:<2>    at org.junit.Assert.fail(Assert.java:88)
    at org.junit.Assert.failNotEquals(Assert.java:743)
    at org.junit.Assert.assertEquals(Assert.java:118)
    at org.junit.Assert.assertEquals(Assert.java:555)
    at org.junit.Assert.assertEquals(Assert.java:542)
    at java_testcases.junit.LIS_Test.test_0(LIS_Test.java:8)

java.lang.AssertionError: expected:<3> but was:<1>
    at org.junit.Assert.fail(Assert.java:88)
    at org.junit.Assert.failNotEquals(Assert.java:743)
    at org.junit.Assert.assertEquals(Assert.java:118)
    at org.junit.Assert.assertEquals(Assert.java:555)
    at org.junit.Assert.assertEquals(Assert.java:542)
    at java_testcases.junit.LIS_Test.test_2(LIS_Test.java:20)
14:38:15.535 [pool-100-thread-1] INFO  f.i.l.c.t.SpecificationTestCasesListener - Tests run finished (0 ms)
<> Total tests run: 1
<> Ignored tests: 0
<> Failed tests: 1
~ test_2(java_testcases.junit.LIS_Test)
[expected:<3> but was:<1>]
java.lang.AssertionError: expected:<3> but was:<1>    at org.junit.Assert.fail(Assert.java:88)
    at org.junit.Assert.failNotEquals(Assert.java:743)
    at org.junit.Assert.assertEquals(Assert.java:118)
    at org.junit.Assert.assertEquals(Assert.java:555)
    at org.junit.Assert.assertEquals(Assert.java:542)
    at java_testcases.junit.LIS_Test.test_2(LIS_Test.java:20)

java.lang.AssertionError: expected:<6> but was:<5>
    at org.junit.Assert.fail(Assert.java:88)
    at org.junit.Assert.failNotEquals(Assert.java:743)
    at org.junit.Assert.assertEquals(Assert.java:118)
    at org.junit.Assert.assertEquals(Assert.java:555)
    at org.junit.Assert.assertEquals(Assert.java:542)
    at java_testcases.junit.LIS_Test.test_1(LIS_Test.java:14)
14:38:15.536 [pool-101-thread-1] INFO  f.i.l.c.t.SpecificationTestCasesListener - Tests run finished (0 ms)
<> Total tests run: 1
<> Ignored tests: 0
<> Failed tests: 1
~ test_1(java_testcases.junit.LIS_Test)
[expected:<6> but was:<5>]
java.lang.AssertionError: expected:<6> but was:<5>    at org.junit.Assert.fail(Assert.java:88)
    at org.junit.Assert.failNotEquals(Assert.java:743)
    at org.junit.Assert.assertEquals(Assert.java:118)
    at org.junit.Assert.assertEquals(Assert.java:555)
    at org.junit.Assert.assertEquals(Assert.java:542)
    at java_testcases.junit.LIS_Test.test_1(LIS_Test.java:14)

java.lang.AssertionError: expected:<4> but was:<3>
    at org.junit.Assert.fail(Assert.java:88)
    at org.junit.Assert.failNotEquals(Assert.java:743)
    at org.junit.Assert.assertEquals(Assert.java:118)
    at org.junit.Assert.assertEquals(Assert.java:555)
    at org.junit.Assert.assertEquals(Assert.java:542)
    at java_testcases.junit.LIS_Test.test_3(LIS_Test.java:26)
14:38:15.537 [pool-102-thread-1] INFO  f.i.l.c.t.SpecificationTestCasesListener - Tests run finished (1 ms)
<> Total tests run: 1
<> Ignored tests: 0
<> Failed tests: 1
~ test_3(java_testcases.junit.LIS_Test)
[expected:<4> but was:<3>]
java.lang.AssertionError: expected:<4> but was:<3>    at org.junit.Assert.fail(Assert.java:88)
    at org.junit.Assert.failNotEquals(Assert.java:743)
    at org.junit.Assert.assertEquals(Assert.java:118)
    at org.junit.Assert.assertEquals(Assert.java:555)
    at org.junit.Assert.assertEquals(Assert.java:542)
    at java_testcases.junit.LIS_Test.test_3(LIS_Test.java:26)

14:38:15.537 [pool-93-thread-1] DEBUG tests.output - Failing tests with false: 
[test_0(java_testcases.junit.LIS_Test): expected:<3> but was:<0>, test_2(java_testcases.junit.LIS_Test): expected:<3> but was:<0>, test_1(java_testcases.junit.LIS_Test): expected:<6> but was:<0>, test_3(java_testcases.junit.LIS_Test): expected:<4> but was:<0>]
14:38:15.537 [pool-93-thread-1] DEBUG tests.output - Failing tests with true: 
[test_0(java_testcases.junit.LIS_Test): expected:<3> but was:<2>, test_2(java_testcases.junit.LIS_Test): expected:<3> but was:<1>, test_1(java_testcases.junit.LIS_Test): expected:<6> but was:<5>, test_3(java_testcases.junit.LIS_Test): expected:<4> but was:<3>]
14:38:15.537 [pool-93-thread-1] INFO  f.i.l.r.n.synth.SMTNopolSynthesizer - Not enough specifications: 0. A trivial patch is "true" or "false", please write new tests specifying SourceLocation java_programs.LIS:18.
14:38:15.537 [pool-2-thread-1] DEBUG fr.inria.lille.repair.nopol.NoPol - statement #12
14:38:15.537 [pool-2-thread-1] DEBUG fr.inria.lille.repair.nopol.NoPol - Analysing SourceLocation java_programs.LIS:17 which is executed by 4 tests
75383
14:38:15.583 [pool-2-thread-1] DEBUG fr.inria.lille.repair.nopol.NoPol - statement #13
14:38:15.583 [pool-2-thread-1] DEBUG fr.inria.lille.repair.nopol.NoPol - Analysing SourceLocation java_programs.LIS:15 which is executed by 4 tests
75383
14:38:15.625 [pool-2-thread-1] DEBUG fr.inria.lille.repair.nopol.NoPol - statement #14
14:38:15.625 [pool-2-thread-1] DEBUG fr.inria.lille.repair.nopol.NoPol - Analysing SourceLocation java_programs.LIS:14 which is executed by 4 tests
75383
14:38:15.669 [pool-2-thread-1] INFO  fr.inria.lille.repair.nopol.NoPol - ----INFORMATION----
14:38:15.672 [pool-2-thread-1] INFO  fr.inria.lille.repair.nopol.NoPol - Nb classes : 3
14:38:15.672 [pool-2-thread-1] INFO  fr.inria.lille.repair.nopol.NoPol - Nb methods : 9
14:38:15.672 [pool-2-thread-1] INFO  fr.inria.lille.repair.nopol.NoPol - Nb Statements Analyzed : 10
14:38:15.672 [pool-2-thread-1] INFO  fr.inria.lille.repair.nopol.NoPol - Nb Statements with Angelic Value Found : 0
14:38:15.672 [pool-2-thread-1] INFO  fr.inria.lille.repair.nopol.NoPol - Nb inputs in SMT : 0
14:38:15.675 [pool-2-thread-1] INFO  fr.inria.lille.repair.nopol.NoPol - Nb SMT level: 0
14:38:15.675 [pool-2-thread-1] INFO  fr.inria.lille.repair.nopol.NoPol - Nb variables in SMT : 0
14:38:15.675 [pool-2-thread-1] INFO  fr.inria.lille.repair.nopol.NoPol - NoPol Execution time : 5633ms
14:38:15.675 [pool-2-thread-1] INFO  fr.inria.lille.repair.nopol.NoPol - 
NO_ANGELIC_VALUE
Command exited with non-zero status 255
17.13user 1.15system 0:06.43elapsed 284%CPU (0avgtext+0avgdata 530864maxresident)k
45840inputs+5800outputs (3major+169234minor)pagefaults 0swaps


Node: graphite-4.nancy.grid5000.fr



Date: Sun Dec  2 14:38:16 EST 2018

