cd /tmp/Nopol_Bug_dot_jar_Commons-Math_b2e24119;
export JAVA_TOOL_OPTIONS="-Dfile.encoding=UTF8 -Duser.language=en-US -Duser.country=US -Duser.language=en";
TZ="America/New_York"; export TZ;
export PATH="/usr/lib/jvm/java-1.8.0-openjdk-amd64/bin/:$PATH";
export JAVA_HOME="/usr/lib/jvm/java-1.8.0-openjdk-amd64/bin/";
time java -Xmx4g -Xms1g -cp /home/tdurieux/defects4j4repair/script/../repair_tools/nopol.jar:/usr/lib/jvm/java-1.8.0-openjdk-amd64/bin//../lib/tools.jar fr.inria.lille.repair.Main \
	--mode repair \
	--type pre_then_cond \
	--oracle angelic \
	--synthesis smt \
	--flocal gzoltar \
	--json \
	--solver z3 \
	--solver-path /home/tdurieux/defects4j4repair/script/../libs/z3/build/z3 \
	--complianceLevel 7 \
	--source src/main/java \
	--classpath "target/classes:target/test-classes:/home/tdurieux/.m2/repository/junit/junit/4.8.2/junit-4.8.2.jar:/home/tdurieux/defects4j4repair/script/../repair_tools/nopol.jar";
	echo "\n\nNode: `hostname`\n";
	echo "\n\nDate: `date`\n";
Picked up JAVA_TOOL_OPTIONS: -Dfile.encoding=UTF8 -Duser.language=en-US -Duser.country=US -Duser.language=en
09:29:10.320 [main] INFO  fr.inria.lille.repair.nopol.NoPol - Source files: [src/main/java]
09:29:10.346 [main] INFO  fr.inria.lille.repair.nopol.NoPol - Classpath: [file:/tmp/Nopol_Bug_dot_jar_Commons-Math_b2e24119/target/classes/, file:/tmp/Nopol_Bug_dot_jar_Commons-Math_b2e24119/target/test-classes/, file:/home/tdurieux/.m2/repository/junit/junit/4.8.2/junit-4.8.2.jar, file:/home/tdurieux/defects4j4repair/script/../repair_tools/nopol.jar]
09:29:10.346 [main] INFO  fr.inria.lille.repair.nopol.NoPol - Statement type: PRE_THEN_COND
09:29:10.347 [main] INFO  fr.inria.lille.repair.nopol.NoPol - Args: [org.apache.commons.math.MathExceptionTest, org.apache.commons.math.RetryRunnerTest, org.apache.commons.math.analysis.FunctionUtilsTest, org.apache.commons.math.analysis.function.GaussianTest, org.apache.commons.math.analysis.function.HarmonicOscillatorTest, org.apache.commons.math.analysis.function.LogisticTest, org.apache.commons.math.analysis.function.LogitTest, org.apache.commons.math.analysis.function.SigmoidTest, org.apache.commons.math.analysis.function.SincTest, org.apache.commons.math.analysis.function.SqrtTest, org.apache.commons.math.analysis.function.StepFunctionTest, org.apache.commons.math.analysis.integration.LegendreGaussIntegratorTest, org.apache.commons.math.analysis.integration.RombergIntegratorTest, org.apache.commons.math.analysis.integration.SimpsonIntegratorTest, org.apache.commons.math.analysis.integration.TrapezoidIntegratorTest, org.apache.commons.math.analysis.interpolation.BicubicSplineInterpolatingFunctionTest, org.apache.commons.math.analysis.interpolation.BicubicSplineInterpolatorTest, org.apache.commons.math.analysis.interpolation.DividedDifferenceInterpolatorTest, org.apache.commons.math.analysis.interpolation.LinearInterpolatorTest, org.apache.commons.math.analysis.interpolation.LoessInterpolatorTest, org.apache.commons.math.analysis.interpolation.MicrosphereInterpolatorTest, org.apache.commons.math.analysis.interpolation.NevilleInterpolatorTest, org.apache.commons.math.analysis.interpolation.SmoothingPolynomialBicubicSplineInterpolatorTest, org.apache.commons.math.analysis.interpolation.SplineInterpolatorTest, org.apache.commons.math.analysis.interpolation.TricubicSplineInterpolatingFunctionTest, org.apache.commons.math.analysis.interpolation.TricubicSplineInterpolatorTest, org.apache.commons.math.analysis.interpolation.UnivariateRealPeriodicInterpolatorTest, org.apache.commons.math.analysis.polynomials.PolynomialFunctionLagrangeFormTest, org.apache.commons.math.analysis.polynomials.PolynomialFunctionNewtonFormTest, org.apache.commons.math.analysis.polynomials.PolynomialFunctionTest, org.apache.commons.math.analysis.polynomials.PolynomialSplineFunctionTest, org.apache.commons.math.analysis.polynomials.PolynomialsUtilsTest, org.apache.commons.math.analysis.solvers.BisectionSolverTest, org.apache.commons.math.analysis.solvers.BracketingNthOrderBrentSolverTest, org.apache.commons.math.analysis.solvers.BrentSolverTest, org.apache.commons.math.analysis.solvers.IllinoisSolverTest, org.apache.commons.math.analysis.solvers.LaguerreSolverTest, org.apache.commons.math.analysis.solvers.MullerSolver2Test, org.apache.commons.math.analysis.solvers.MullerSolverTest, org.apache.commons.math.analysis.solvers.NewtonSolverTest, org.apache.commons.math.analysis.solvers.PegasusSolverTest, org.apache.commons.math.analysis.solvers.RegulaFalsiSolverTest, org.apache.commons.math.analysis.solvers.RiddersSolverTest, org.apache.commons.math.analysis.solvers.SecantSolverTest, org.apache.commons.math.analysis.solvers.UnivariateRealSolverUtilsTest, org.apache.commons.math.complex.ComplexFieldTest, org.apache.commons.math.complex.ComplexFormatTest, org.apache.commons.math.complex.ComplexTest, org.apache.commons.math.complex.ComplexUtilsTest, org.apache.commons.math.complex.FrenchComplexFormatTest, org.apache.commons.math.dfp.BracketingNthOrderBrentSolverDFPTest, org.apache.commons.math.dfp.DfpDecTest, org.apache.commons.math.dfp.DfpMathTest, org.apache.commons.math.dfp.DfpTest, org.apache.commons.math.distribution.AbstractRealDistributionTest, org.apache.commons.math.distribution.AbtractIntegerDistributionTest, org.apache.commons.math.distribution.BetaDistributionTest, org.apache.commons.math.distribution.BinomialDistributionTest, org.apache.commons.math.distribution.CauchyDistributionTest, org.apache.commons.math.distribution.ChiSquaredDistributionTest, org.apache.commons.math.distribution.ExponentialDistributionTest, org.apache.commons.math.distribution.FDistributionTest, org.apache.commons.math.distribution.GammaDistributionTest, org.apache.commons.math.distribution.HypergeometricDistributionTest, org.apache.commons.math.distribution.KolmogorovSmirnovDistributionTest, org.apache.commons.math.distribution.NormalDistributionTest, org.apache.commons.math.distribution.PascalDistributionTest, org.apache.commons.math.distribution.PoissonDistributionTest, org.apache.commons.math.distribution.TDistributionTest, org.apache.commons.math.distribution.WeibullDistributionTest, org.apache.commons.math.distribution.ZipfDistributionTest, org.apache.commons.math.exception.DimensionMismatchExceptionTest, org.apache.commons.math.exception.MaxCountExceededExceptionTest, org.apache.commons.math.exception.NonMonotonicSequenceExceptionTest, org.apache.commons.math.exception.NotPositiveExceptionTest, org.apache.commons.math.exception.NotStrictlyPositiveExceptionTest, org.apache.commons.math.exception.NumberIsTooLargeExceptionTest, org.apache.commons.math.exception.NumberIsTooSmallExceptionTest, org.apache.commons.math.exception.OutOfRangeExceptionTest, org.apache.commons.math.exception.TooManyEvaluationsExceptionTest, org.apache.commons.math.exception.util.ArgUtilsTest, org.apache.commons.math.exception.util.ExceptionContextTest, org.apache.commons.math.filter.KalmanFilterTest, org.apache.commons.math.fraction.BigFractionFieldTest, org.apache.commons.math.fraction.BigFractionFormatTest, org.apache.commons.math.fraction.BigFractionTest, org.apache.commons.math.fraction.FractionFieldTest, org.apache.commons.math.fraction.FractionFormatTest, org.apache.commons.math.fraction.FractionTest, org.apache.commons.math.genetics.BinaryChromosomeTest, org.apache.commons.math.genetics.BinaryMutationTest, org.apache.commons.math.genetics.ChromosomeTest, org.apache.commons.math.genetics.ElitisticListPopulationTest, org.apache.commons.math.genetics.FitnessCachingTest, org.apache.commons.math.genetics.FixedGenerationCountTest, org.apache.commons.math.genetics.GeneticAlgorithmTestBinary, org.apache.commons.math.genetics.GeneticAlgorithmTestPermutations, org.apache.commons.math.genetics.ListPopulationTest, org.apache.commons.math.genetics.OnePointCrossoverTest, org.apache.commons.math.genetics.RandomKeyMutationTest, org.apache.commons.math.genetics.RandomKeyTest, org.apache.commons.math.genetics.TournamentSelectionTest, org.apache.commons.math.geometry.euclidean.oned.IntervalsSetTest, org.apache.commons.math.geometry.euclidean.threed.FrenchVector3DFormatTest, org.apache.commons.math.geometry.euclidean.threed.LineTest, org.apache.commons.math.geometry.euclidean.threed.PlaneTest, org.apache.commons.math.geometry.euclidean.threed.PolyhedronsSetTest, org.apache.commons.math.geometry.euclidean.threed.RotationOrderTest, org.apache.commons.math.geometry.euclidean.threed.RotationTest, org.apache.commons.math.geometry.euclidean.threed.SubLineTest, org.apache.commons.math.geometry.euclidean.threed.Vector3DFormatTest, org.apache.commons.math.geometry.euclidean.threed.Vector3DTest, org.apache.commons.math.geometry.euclidean.twod.LineTest, org.apache.commons.math.geometry.euclidean.twod.PolygonsSetTest, org.apache.commons.math.geometry.euclidean.twod.SubLineTest, org.apache.commons.math.geometry.partitioning.utilities.AVLTreeTest, org.apache.commons.math.linear.Array2DRowRealMatrixTest, org.apache.commons.math.linear.ArrayFieldVectorTest, org.apache.commons.math.linear.ArrayRealVectorTest, org.apache.commons.math.linear.BiDiagonalTransformerTest, org.apache.commons.math.linear.BlockFieldMatrixTest, org.apache.commons.math.linear.BlockRealMatrixTest, org.apache.commons.math.linear.CholeskyDecompositionTest, org.apache.commons.math.linear.CholeskySolverTest, org.apache.commons.math.linear.ConjugateGradientTest, org.apache.commons.math.linear.EigenDecompositionTest, org.apache.commons.math.linear.EigenSolverTest, org.apache.commons.math.linear.FieldLUDecompositionTest, org.apache.commons.math.linear.FieldLUSolverTest, org.apache.commons.math.linear.FieldMatrixImplTest, org.apache.commons.math.linear.FrenchRealVectorFormatTest, org.apache.commons.math.linear.LUDecompositionTest, org.apache.commons.math.linear.LUSolverTest, org.apache.commons.math.linear.MatrixDimensionMismatchExceptionTest, org.apache.commons.math.linear.MatrixUtilsTest, org.apache.commons.math.linear.OpenMapRealMatrixTest, org.apache.commons.math.linear.PivotingQRDecompositionTest, org.apache.commons.math.linear.PivotingQRSolverTest, org.apache.commons.math.linear.QRDecompositionTest, org.apache.commons.math.linear.QRSolverTest, org.apache.commons.math.linear.RealVectorFormatTest, org.apache.commons.math.linear.RealVectorTest, org.apache.commons.math.linear.SingularValueDecompositionTest, org.apache.commons.math.linear.SingularValueSolverTest, org.apache.commons.math.linear.SparseFieldMatrixTest, org.apache.commons.math.linear.SparseFieldVectorTest, org.apache.commons.math.linear.SparseRealMatrixTest, org.apache.commons.math.linear.SparseRealVectorTest, org.apache.commons.math.linear.SymmLQTest, org.apache.commons.math.linear.TriDiagonalTransformerTest, org.apache.commons.math.linear.UnmodifiableArrayRealVectorTest, org.apache.commons.math.linear.UnmodifiableOpenMapRealVectorTest, org.apache.commons.math.ode.ContinuousOutputModelTest, org.apache.commons.math.ode.FirstOrderConverterTest, org.apache.commons.math.ode.JacobianMatricesTest, org.apache.commons.math.ode.events.EventStateTest, org.apache.commons.math.ode.events.OverlappingEventsTest, org.apache.commons.math.ode.events.ReappearingEventTest, org.apache.commons.math.ode.nonstiff.AdamsBashforthIntegratorTest, org.apache.commons.math.ode.nonstiff.AdamsMoultonIntegratorTest, org.apache.commons.math.ode.nonstiff.ClassicalRungeKuttaIntegratorTest, org.apache.commons.math.ode.nonstiff.ClassicalRungeKuttaStepInterpolatorTest, org.apache.commons.math.ode.nonstiff.DormandPrince54IntegratorTest, org.apache.commons.math.ode.nonstiff.DormandPrince54StepInterpolatorTest, org.apache.commons.math.ode.nonstiff.DormandPrince853IntegratorTest, org.apache.commons.math.ode.nonstiff.DormandPrince853StepInterpolatorTest, org.apache.commons.math.ode.nonstiff.EulerIntegratorTest, org.apache.commons.math.ode.nonstiff.EulerStepInterpolatorTest, org.apache.commons.math.ode.nonstiff.GillIntegratorTest, org.apache.commons.math.ode.nonstiff.GillStepInterpolatorTest, org.apache.commons.math.ode.nonstiff.GraggBulirschStoerIntegratorTest, org.apache.commons.math.ode.nonstiff.GraggBulirschStoerStepInterpolatorTest, org.apache.commons.math.ode.nonstiff.HighamHall54IntegratorTest, org.apache.commons.math.ode.nonstiff.HighamHall54StepInterpolatorTest, org.apache.commons.math.ode.nonstiff.MidpointIntegratorTest, org.apache.commons.math.ode.nonstiff.MidpointStepInterpolatorTest, org.apache.commons.math.ode.nonstiff.ThreeEighthesIntegratorTest, org.apache.commons.math.ode.nonstiff.ThreeEighthesStepInterpolatorTest, org.apache.commons.math.ode.sampling.DummyStepInterpolatorTest, org.apache.commons.math.ode.sampling.NordsieckStepInterpolatorTest, org.apache.commons.math.ode.sampling.StepNormalizerOutputOverlapTest, org.apache.commons.math.ode.sampling.StepNormalizerOutputTest, org.apache.commons.math.ode.sampling.StepNormalizerTest, org.apache.commons.math.optimization.BatteryNISTTest, org.apache.commons.math.optimization.MultiStartDifferentiableMultivariateRealOptimizerTest, org.apache.commons.math.optimization.MultiStartDifferentiableMultivariateVectorialOptimizerTest, org.apache.commons.math.optimization.MultiStartMultivariateRealOptimizerTest, org.apache.commons.math.optimization.direct.BOBYQAOptimizerTest, org.apache.commons.math.optimization.direct.CMAESOptimizerTest, org.apache.commons.math.optimization.direct.MultivariateFunctionMappingAdapterTest, org.apache.commons.math.optimization.direct.MultivariateFunctionPenaltyAdapterTest, org.apache.commons.math.optimization.direct.PowellOptimizerTest, org.apache.commons.math.optimization.direct.SimplexOptimizerMultiDirectionalTest, org.apache.commons.math.optimization.direct.SimplexOptimizerNelderMeadTest, org.apache.commons.math.optimization.fitting.CurveFitterTest, org.apache.commons.math.optimization.fitting.GaussianFitterTest, org.apache.commons.math.optimization.fitting.HarmonicFitterTest, org.apache.commons.math.optimization.fitting.PolynomialFitterTest, org.apache.commons.math.optimization.general.GaussNewtonOptimizerTest, org.apache.commons.math.optimization.general.LevenbergMarquardtOptimizerTest, org.apache.commons.math.optimization.general.MinpackTest, org.apache.commons.math.optimization.general.NonLinearConjugateGradientOptimizerTest, org.apache.commons.math.optimization.linear.SimplexSolverTest, org.apache.commons.math.optimization.linear.SimplexTableauTest, org.apache.commons.math.optimization.univariate.BracketFinderTest, org.apache.commons.math.optimization.univariate.BrentOptimizerTest, org.apache.commons.math.optimization.univariate.MultiStartUnivariateRealOptimizerTest, org.apache.commons.math.random.AbstractRandomGeneratorTest, org.apache.commons.math.random.BitsStreamGeneratorTest, org.apache.commons.math.random.CorrelatedRandomVectorGeneratorTest, org.apache.commons.math.random.EmpiricalDistributionTest, org.apache.commons.math.random.GaussianRandomGeneratorTest, org.apache.commons.math.random.ISAACTest, org.apache.commons.math.random.MersenneTwisterTest, org.apache.commons.math.random.RandomAdaptorTest, org.apache.commons.math.random.RandomDataTest, org.apache.commons.math.random.RandomGeneratorAbstractTest, org.apache.commons.math.random.StableRandomGeneratorTest, org.apache.commons.math.random.UncorrelatedRandomVectorGeneratorTest, org.apache.commons.math.random.UniformRandomGeneratorTest, org.apache.commons.math.random.ValueServerTest, org.apache.commons.math.random.Well1024aTest, org.apache.commons.math.random.Well19937aTest, org.apache.commons.math.random.Well19937cTest, org.apache.commons.math.random.Well44497aTest, org.apache.commons.math.random.Well44497bTest, org.apache.commons.math.random.Well512aTest, org.apache.commons.math.special.BetaTest, org.apache.commons.math.special.ErfTest, org.apache.commons.math.special.GammaTest, org.apache.commons.math.stat.CertifiedDataTest, org.apache.commons.math.stat.FrequencyTest, org.apache.commons.math.stat.StatUtilsTest, org.apache.commons.math.stat.clustering.EuclideanIntegerPointTest, org.apache.commons.math.stat.clustering.KMeansPlusPlusClustererTest, org.apache.commons.math.stat.correlation.CovarianceTest, org.apache.commons.math.stat.correlation.PearsonsCorrelationTest, org.apache.commons.math.stat.correlation.SpearmansRankCorrelationTest, org.apache.commons.math.stat.correlation.StorelessCovarianceTest, org.apache.commons.math.stat.data.LewTest, org.apache.commons.math.stat.data.LotteryTest, org.apache.commons.math.stat.descriptive.AbstractUnivariateStatisticTest, org.apache.commons.math.stat.descriptive.AggregateSummaryStatisticsTest, org.apache.commons.math.stat.descriptive.DescriptiveStatisticsTest, org.apache.commons.math.stat.descriptive.ListUnivariateImplTest, org.apache.commons.math.stat.descriptive.MixedListUnivariateImplTest, org.apache.commons.math.stat.descriptive.MultivariateSummaryStatisticsTest, org.apache.commons.math.stat.descriptive.StatisticalSummaryValuesTest, org.apache.commons.math.stat.descriptive.SummaryStatisticsTest, org.apache.commons.math.stat.descriptive.SynchronizedDescriptiveStatisticsTest, org.apache.commons.math.stat.descriptive.SynchronizedMultivariateSummaryStatisticsTest, org.apache.commons.math.stat.descriptive.SynchronizedSummaryStatisticsTest, org.apache.commons.math.stat.descriptive.moment.FirstMomentTest, org.apache.commons.math.stat.descriptive.moment.FourthMomentTest, org.apache.commons.math.stat.descriptive.moment.GeometricMeanTest, org.apache.commons.math.stat.descriptive.moment.InteractionTest, org.apache.commons.math.stat.descriptive.moment.KurtosisTest, org.apache.commons.math.stat.descriptive.moment.MeanTest, org.apache.commons.math.stat.descriptive.moment.SecondMomentTest, org.apache.commons.math.stat.descriptive.moment.SemiVarianceTest, org.apache.commons.math.stat.descriptive.moment.SkewnessTest, org.apache.commons.math.stat.descriptive.moment.StandardDeviationTest, org.apache.commons.math.stat.descriptive.moment.ThirdMomentTest, org.apache.commons.math.stat.descriptive.moment.VarianceTest, org.apache.commons.math.stat.descriptive.moment.VectorialCovarianceTest, org.apache.commons.math.stat.descriptive.moment.VectorialMeanTest, org.apache.commons.math.stat.descriptive.rank.MaxTest, org.apache.commons.math.stat.descriptive.rank.MedianTest, org.apache.commons.math.stat.descriptive.rank.MinTest, org.apache.commons.math.stat.descriptive.rank.PercentileTest, org.apache.commons.math.stat.descriptive.summary.ProductTest, org.apache.commons.math.stat.descriptive.summary.SumLogTest, org.apache.commons.math.stat.descriptive.summary.SumSqTest, org.apache.commons.math.stat.descriptive.summary.SumTest, org.apache.commons.math.stat.inference.ChiSquareTestTest, org.apache.commons.math.stat.inference.MannWhitneyUTestTest, org.apache.commons.math.stat.inference.OneWayAnovaTest, org.apache.commons.math.stat.inference.TTestTest, org.apache.commons.math.stat.inference.TestUtilsTest, org.apache.commons.math.stat.inference.WilcoxonSignedRankTestTest, org.apache.commons.math.stat.ranking.NaturalRankingTest, org.apache.commons.math.stat.regression.GLSMultipleLinearRegressionTest, org.apache.commons.math.stat.regression.MillerUpdatingRegressionTest, org.apache.commons.math.stat.regression.OLSMultipleLinearRegressionTest, org.apache.commons.math.stat.regression.SimpleRegressionTest, org.apache.commons.math.transform.FastCosineTransformerTest, org.apache.commons.math.transform.FastFourierTransformerTest, org.apache.commons.math.transform.FastHadamardTransformerTest, org.apache.commons.math.transform.FastSineTransformerTest, org.apache.commons.math.util.ArithmeticUtilsTest, org.apache.commons.math.util.BigRealFieldTest, org.apache.commons.math.util.BigRealTest, org.apache.commons.math.util.ContinuedFractionTest, org.apache.commons.math.util.DefaultTransformerTest, org.apache.commons.math.util.FastMathStrictComparisonTest, org.apache.commons.math.util.FastMathTest, org.apache.commons.math.util.FastMathTestPerformance, org.apache.commons.math.util.IncrementorTest, org.apache.commons.math.util.MathArraysTest, org.apache.commons.math.util.MathUtilsTest, org.apache.commons.math.util.MultidimensionalCounterTest, org.apache.commons.math.util.OpenIntToDoubleHashMapTest, org.apache.commons.math.util.OpenIntToFieldTest, org.apache.commons.math.util.PairTest, org.apache.commons.math.util.PrecisionTest, org.apache.commons.math.util.ResizableDoubleArrayTest, org.apache.commons.math.util.TransformerMapTest]
09:29:10.349 [main] INFO  fr.inria.lille.repair.nopol.NoPol - Config: Config{synthesisDepth=3, collectStaticMethods=true, collectStaticFields=false, collectLiterals=false, onlyOneSynthesisResult=true, sortExpressions=true, maxLineInvocationPerTest=250, timeoutMethodInvocation=2000, dataCollectionTimeoutInSecondForSynthesis=900, addWeight=0.19478, subWeight=0.04554, mulWeight=0.0102, divWeight=0.00613, andWeight=0.10597, orWeight=0.05708, eqWeight=0.22798, nEqWeight=0.0, lessEqWeight=0.0255, lessWeight=0.0947, methodCallWeight=0.1, fieldAccessWeight=0.08099, constantWeight=0.14232, variableWeight=0.05195, mode=REPAIR, type=PRE_THEN_COND, synthesis=SMT, oracle=ANGELIC, solver=Z3, solverPath='/home/tdurieux/defects4j4repair/script/../libs/z3/build/z3', projectSources=[src/main/java], projectClasspath='[Ljava.net.URL;@66d33a', projectTests=[org.apache.commons.math.MathExceptionTest, org.apache.commons.math.RetryRunnerTest, org.apache.commons.math.analysis.FunctionUtilsTest, org.apache.commons.math.analysis.function.GaussianTest, org.apache.commons.math.analysis.function.HarmonicOscillatorTest, org.apache.commons.math.analysis.function.LogisticTest, org.apache.commons.math.analysis.function.LogitTest, org.apache.commons.math.analysis.function.SigmoidTest, org.apache.commons.math.analysis.function.SincTest, org.apache.commons.math.analysis.function.SqrtTest, org.apache.commons.math.analysis.function.StepFunctionTest, org.apache.commons.math.analysis.integration.LegendreGaussIntegratorTest, org.apache.commons.math.analysis.integration.RombergIntegratorTest, org.apache.commons.math.analysis.integration.SimpsonIntegratorTest, org.apache.commons.math.analysis.integration.TrapezoidIntegratorTest, org.apache.commons.math.analysis.interpolation.BicubicSplineInterpolatingFunctionTest, org.apache.commons.math.analysis.interpolation.BicubicSplineInterpolatorTest, org.apache.commons.math.analysis.interpolation.DividedDifferenceInterpolatorTest, org.apache.commons.math.analysis.interpolation.LinearInterpolatorTest, org.apache.commons.math.analysis.interpolation.LoessInterpolatorTest, org.apache.commons.math.analysis.interpolation.MicrosphereInterpolatorTest, org.apache.commons.math.analysis.interpolation.NevilleInterpolatorTest, org.apache.commons.math.analysis.interpolation.SmoothingPolynomialBicubicSplineInterpolatorTest, org.apache.commons.math.analysis.interpolation.SplineInterpolatorTest, org.apache.commons.math.analysis.interpolation.TricubicSplineInterpolatingFunctionTest, org.apache.commons.math.analysis.interpolation.TricubicSplineInterpolatorTest, org.apache.commons.math.analysis.interpolation.UnivariateRealPeriodicInterpolatorTest, org.apache.commons.math.analysis.polynomials.PolynomialFunctionLagrangeFormTest, org.apache.commons.math.analysis.polynomials.PolynomialFunctionNewtonFormTest, org.apache.commons.math.analysis.polynomials.PolynomialFunctionTest, org.apache.commons.math.analysis.polynomials.PolynomialSplineFunctionTest, org.apache.commons.math.analysis.polynomials.PolynomialsUtilsTest, org.apache.commons.math.analysis.solvers.BisectionSolverTest, org.apache.commons.math.analysis.solvers.BracketingNthOrderBrentSolverTest, org.apache.commons.math.analysis.solvers.BrentSolverTest, org.apache.commons.math.analysis.solvers.IllinoisSolverTest, org.apache.commons.math.analysis.solvers.LaguerreSolverTest, org.apache.commons.math.analysis.solvers.MullerSolver2Test, org.apache.commons.math.analysis.solvers.MullerSolverTest, org.apache.commons.math.analysis.solvers.NewtonSolverTest, org.apache.commons.math.analysis.solvers.PegasusSolverTest, org.apache.commons.math.analysis.solvers.RegulaFalsiSolverTest, org.apache.commons.math.analysis.solvers.RiddersSolverTest, org.apache.commons.math.analysis.solvers.SecantSolverTest, org.apache.commons.math.analysis.solvers.UnivariateRealSolverUtilsTest, org.apache.commons.math.complex.ComplexFieldTest, org.apache.commons.math.complex.ComplexFormatTest, org.apache.commons.math.complex.ComplexTest, org.apache.commons.math.complex.ComplexUtilsTest, org.apache.commons.math.complex.FrenchComplexFormatTest, org.apache.commons.math.dfp.BracketingNthOrderBrentSolverDFPTest, org.apache.commons.math.dfp.DfpDecTest, org.apache.commons.math.dfp.DfpMathTest, org.apache.commons.math.dfp.DfpTest, org.apache.commons.math.distribution.AbstractRealDistributionTest, org.apache.commons.math.distribution.AbtractIntegerDistributionTest, org.apache.commons.math.distribution.BetaDistributionTest, org.apache.commons.math.distribution.BinomialDistributionTest, org.apache.commons.math.distribution.CauchyDistributionTest, org.apache.commons.math.distribution.ChiSquaredDistributionTest, org.apache.commons.math.distribution.ExponentialDistributionTest, org.apache.commons.math.distribution.FDistributionTest, org.apache.commons.math.distribution.GammaDistributionTest, org.apache.commons.math.distribution.HypergeometricDistributionTest, org.apache.commons.math.distribution.KolmogorovSmirnovDistributionTest, org.apache.commons.math.distribution.NormalDistributionTest, org.apache.commons.math.distribution.PascalDistributionTest, org.apache.commons.math.distribution.PoissonDistributionTest, org.apache.commons.math.distribution.TDistributionTest, org.apache.commons.math.distribution.WeibullDistributionTest, org.apache.commons.math.distribution.ZipfDistributionTest, org.apache.commons.math.exception.DimensionMismatchExceptionTest, org.apache.commons.math.exception.MaxCountExceededExceptionTest, org.apache.commons.math.exception.NonMonotonicSequenceExceptionTest, org.apache.commons.math.exception.NotPositiveExceptionTest, org.apache.commons.math.exception.NotStrictlyPositiveExceptionTest, org.apache.commons.math.exception.NumberIsTooLargeExceptionTest, org.apache.commons.math.exception.NumberIsTooSmallExceptionTest, org.apache.commons.math.exception.OutOfRangeExceptionTest, org.apache.commons.math.exception.TooManyEvaluationsExceptionTest, org.apache.commons.math.exception.util.ArgUtilsTest, org.apache.commons.math.exception.util.ExceptionContextTest, org.apache.commons.math.filter.KalmanFilterTest, org.apache.commons.math.fraction.BigFractionFieldTest, org.apache.commons.math.fraction.BigFractionFormatTest, org.apache.commons.math.fraction.BigFractionTest, org.apache.commons.math.fraction.FractionFieldTest, org.apache.commons.math.fraction.FractionFormatTest, org.apache.commons.math.fraction.FractionTest, org.apache.commons.math.genetics.BinaryChromosomeTest, org.apache.commons.math.genetics.BinaryMutationTest, org.apache.commons.math.genetics.ChromosomeTest, org.apache.commons.math.genetics.ElitisticListPopulationTest, org.apache.commons.math.genetics.FitnessCachingTest, org.apache.commons.math.genetics.FixedGenerationCountTest, org.apache.commons.math.genetics.GeneticAlgorithmTestBinary, org.apache.commons.math.genetics.GeneticAlgorithmTestPermutations, org.apache.commons.math.genetics.ListPopulationTest, org.apache.commons.math.genetics.OnePointCrossoverTest, org.apache.commons.math.genetics.RandomKeyMutationTest, org.apache.commons.math.genetics.RandomKeyTest, org.apache.commons.math.genetics.TournamentSelectionTest, org.apache.commons.math.geometry.euclidean.oned.IntervalsSetTest, org.apache.commons.math.geometry.euclidean.threed.FrenchVector3DFormatTest, org.apache.commons.math.geometry.euclidean.threed.LineTest, org.apache.commons.math.geometry.euclidean.threed.PlaneTest, org.apache.commons.math.geometry.euclidean.threed.PolyhedronsSetTest, org.apache.commons.math.geometry.euclidean.threed.RotationOrderTest, org.apache.commons.math.geometry.euclidean.threed.RotationTest, org.apache.commons.math.geometry.euclidean.threed.SubLineTest, org.apache.commons.math.geometry.euclidean.threed.Vector3DFormatTest, org.apache.commons.math.geometry.euclidean.threed.Vector3DTest, org.apache.commons.math.geometry.euclidean.twod.LineTest, org.apache.commons.math.geometry.euclidean.twod.PolygonsSetTest, org.apache.commons.math.geometry.euclidean.twod.SubLineTest, org.apache.commons.math.geometry.partitioning.utilities.AVLTreeTest, org.apache.commons.math.linear.Array2DRowRealMatrixTest, org.apache.commons.math.linear.ArrayFieldVectorTest, org.apache.commons.math.linear.ArrayRealVectorTest, org.apache.commons.math.linear.BiDiagonalTransformerTest, org.apache.commons.math.linear.BlockFieldMatrixTest, org.apache.commons.math.linear.BlockRealMatrixTest, org.apache.commons.math.linear.CholeskyDecompositionTest, org.apache.commons.math.linear.CholeskySolverTest, org.apache.commons.math.linear.ConjugateGradientTest, org.apache.commons.math.linear.EigenDecompositionTest, org.apache.commons.math.linear.EigenSolverTest, org.apache.commons.math.linear.FieldLUDecompositionTest, org.apache.commons.math.linear.FieldLUSolverTest, org.apache.commons.math.linear.FieldMatrixImplTest, org.apache.commons.math.linear.FrenchRealVectorFormatTest, org.apache.commons.math.linear.LUDecompositionTest, org.apache.commons.math.linear.LUSolverTest, org.apache.commons.math.linear.MatrixDimensionMismatchExceptionTest, org.apache.commons.math.linear.MatrixUtilsTest, org.apache.commons.math.linear.OpenMapRealMatrixTest, org.apache.commons.math.linear.PivotingQRDecompositionTest, org.apache.commons.math.linear.PivotingQRSolverTest, org.apache.commons.math.linear.QRDecompositionTest, org.apache.commons.math.linear.QRSolverTest, org.apache.commons.math.linear.RealVectorFormatTest, org.apache.commons.math.linear.RealVectorTest, org.apache.commons.math.linear.SingularValueDecompositionTest, org.apache.commons.math.linear.SingularValueSolverTest, org.apache.commons.math.linear.SparseFieldMatrixTest, org.apache.commons.math.linear.SparseFieldVectorTest, org.apache.commons.math.linear.SparseRealMatrixTest, org.apache.commons.math.linear.SparseRealVectorTest, org.apache.commons.math.linear.SymmLQTest, org.apache.commons.math.linear.TriDiagonalTransformerTest, org.apache.commons.math.linear.UnmodifiableArrayRealVectorTest, org.apache.commons.math.linear.UnmodifiableOpenMapRealVectorTest, org.apache.commons.math.ode.ContinuousOutputModelTest, org.apache.commons.math.ode.FirstOrderConverterTest, org.apache.commons.math.ode.JacobianMatricesTest, org.apache.commons.math.ode.events.EventStateTest, org.apache.commons.math.ode.events.OverlappingEventsTest, org.apache.commons.math.ode.events.ReappearingEventTest, org.apache.commons.math.ode.nonstiff.AdamsBashforthIntegratorTest, org.apache.commons.math.ode.nonstiff.AdamsMoultonIntegratorTest, org.apache.commons.math.ode.nonstiff.ClassicalRungeKuttaIntegratorTest, org.apache.commons.math.ode.nonstiff.ClassicalRungeKuttaStepInterpolatorTest, org.apache.commons.math.ode.nonstiff.DormandPrince54IntegratorTest, org.apache.commons.math.ode.nonstiff.DormandPrince54StepInterpolatorTest, org.apache.commons.math.ode.nonstiff.DormandPrince853IntegratorTest, org.apache.commons.math.ode.nonstiff.DormandPrince853StepInterpolatorTest, org.apache.commons.math.ode.nonstiff.EulerIntegratorTest, org.apache.commons.math.ode.nonstiff.EulerStepInterpolatorTest, org.apache.commons.math.ode.nonstiff.GillIntegratorTest, org.apache.commons.math.ode.nonstiff.GillStepInterpolatorTest, org.apache.commons.math.ode.nonstiff.GraggBulirschStoerIntegratorTest, org.apache.commons.math.ode.nonstiff.GraggBulirschStoerStepInterpolatorTest, org.apache.commons.math.ode.nonstiff.HighamHall54IntegratorTest, org.apache.commons.math.ode.nonstiff.HighamHall54StepInterpolatorTest, org.apache.commons.math.ode.nonstiff.MidpointIntegratorTest, org.apache.commons.math.ode.nonstiff.MidpointStepInterpolatorTest, org.apache.commons.math.ode.nonstiff.ThreeEighthesIntegratorTest, org.apache.commons.math.ode.nonstiff.ThreeEighthesStepInterpolatorTest, org.apache.commons.math.ode.sampling.DummyStepInterpolatorTest, org.apache.commons.math.ode.sampling.NordsieckStepInterpolatorTest, org.apache.commons.math.ode.sampling.StepNormalizerOutputOverlapTest, org.apache.commons.math.ode.sampling.StepNormalizerOutputTest, org.apache.commons.math.ode.sampling.StepNormalizerTest, org.apache.commons.math.optimization.BatteryNISTTest, org.apache.commons.math.optimization.MultiStartDifferentiableMultivariateRealOptimizerTest, org.apache.commons.math.optimization.MultiStartDifferentiableMultivariateVectorialOptimizerTest, org.apache.commons.math.optimization.MultiStartMultivariateRealOptimizerTest, org.apache.commons.math.optimization.direct.BOBYQAOptimizerTest, org.apache.commons.math.optimization.direct.CMAESOptimizerTest, org.apache.commons.math.optimization.direct.MultivariateFunctionMappingAdapterTest, org.apache.commons.math.optimization.direct.MultivariateFunctionPenaltyAdapterTest, org.apache.commons.math.optimization.direct.PowellOptimizerTest, org.apache.commons.math.optimization.direct.SimplexOptimizerMultiDirectionalTest, org.apache.commons.math.optimization.direct.SimplexOptimizerNelderMeadTest, org.apache.commons.math.optimization.fitting.CurveFitterTest, org.apache.commons.math.optimization.fitting.GaussianFitterTest, org.apache.commons.math.optimization.fitting.HarmonicFitterTest, org.apache.commons.math.optimization.fitting.PolynomialFitterTest, org.apache.commons.math.optimization.general.GaussNewtonOptimizerTest, org.apache.commons.math.optimization.general.LevenbergMarquardtOptimizerTest, org.apache.commons.math.optimization.general.MinpackTest, org.apache.commons.math.optimization.general.NonLinearConjugateGradientOptimizerTest, org.apache.commons.math.optimization.linear.SimplexSolverTest, org.apache.commons.math.optimization.linear.SimplexTableauTest, org.apache.commons.math.optimization.univariate.BracketFinderTest, org.apache.commons.math.optimization.univariate.BrentOptimizerTest, org.apache.commons.math.optimization.univariate.MultiStartUnivariateRealOptimizerTest, org.apache.commons.math.random.AbstractRandomGeneratorTest, org.apache.commons.math.random.BitsStreamGeneratorTest, org.apache.commons.math.random.CorrelatedRandomVectorGeneratorTest, org.apache.commons.math.random.EmpiricalDistributionTest, org.apache.commons.math.random.GaussianRandomGeneratorTest, org.apache.commons.math.random.ISAACTest, org.apache.commons.math.random.MersenneTwisterTest, org.apache.commons.math.random.RandomAdaptorTest, org.apache.commons.math.random.RandomDataTest, org.apache.commons.math.random.RandomGeneratorAbstractTest, org.apache.commons.math.random.StableRandomGeneratorTest, org.apache.commons.math.random.UncorrelatedRandomVectorGeneratorTest, org.apache.commons.math.random.UniformRandomGeneratorTest, org.apache.commons.math.random.ValueServerTest, org.apache.commons.math.random.Well1024aTest, org.apache.commons.math.random.Well19937aTest, org.apache.commons.math.random.Well19937cTest, org.apache.commons.math.random.Well44497aTest, org.apache.commons.math.random.Well44497bTest, org.apache.commons.math.random.Well512aTest, org.apache.commons.math.special.BetaTest, org.apache.commons.math.special.ErfTest, org.apache.commons.math.special.GammaTest, org.apache.commons.math.stat.CertifiedDataTest, org.apache.commons.math.stat.FrequencyTest, org.apache.commons.math.stat.StatUtilsTest, org.apache.commons.math.stat.clustering.EuclideanIntegerPointTest, org.apache.commons.math.stat.clustering.KMeansPlusPlusClustererTest, org.apache.commons.math.stat.correlation.CovarianceTest, org.apache.commons.math.stat.correlation.PearsonsCorrelationTest, org.apache.commons.math.stat.correlation.SpearmansRankCorrelationTest, org.apache.commons.math.stat.correlation.StorelessCovarianceTest, org.apache.commons.math.stat.data.LewTest, org.apache.commons.math.stat.data.LotteryTest, org.apache.commons.math.stat.descriptive.AbstractUnivariateStatisticTest, org.apache.commons.math.stat.descriptive.AggregateSummaryStatisticsTest, org.apache.commons.math.stat.descriptive.DescriptiveStatisticsTest, org.apache.commons.math.stat.descriptive.ListUnivariateImplTest, org.apache.commons.math.stat.descriptive.MixedListUnivariateImplTest, org.apache.commons.math.stat.descriptive.MultivariateSummaryStatisticsTest, org.apache.commons.math.stat.descriptive.StatisticalSummaryValuesTest, org.apache.commons.math.stat.descriptive.SummaryStatisticsTest, org.apache.commons.math.stat.descriptive.SynchronizedDescriptiveStatisticsTest, org.apache.commons.math.stat.descriptive.SynchronizedMultivariateSummaryStatisticsTest, org.apache.commons.math.stat.descriptive.SynchronizedSummaryStatisticsTest, org.apache.commons.math.stat.descriptive.moment.FirstMomentTest, org.apache.commons.math.stat.descriptive.moment.FourthMomentTest, org.apache.commons.math.stat.descriptive.moment.GeometricMeanTest, org.apache.commons.math.stat.descriptive.moment.InteractionTest, org.apache.commons.math.stat.descriptive.moment.KurtosisTest, org.apache.commons.math.stat.descriptive.moment.MeanTest, org.apache.commons.math.stat.descriptive.moment.SecondMomentTest, org.apache.commons.math.stat.descriptive.moment.SemiVarianceTest, org.apache.commons.math.stat.descriptive.moment.SkewnessTest, org.apache.commons.math.stat.descriptive.moment.StandardDeviationTest, org.apache.commons.math.stat.descriptive.moment.ThirdMomentTest, org.apache.commons.math.stat.descriptive.moment.VarianceTest, org.apache.commons.math.stat.descriptive.moment.VectorialCovarianceTest, org.apache.commons.math.stat.descriptive.moment.VectorialMeanTest, org.apache.commons.math.stat.descriptive.rank.MaxTest, org.apache.commons.math.stat.descriptive.rank.MedianTest, org.apache.commons.math.stat.descriptive.rank.MinTest, org.apache.commons.math.stat.descriptive.rank.PercentileTest, org.apache.commons.math.stat.descriptive.summary.ProductTest, org.apache.commons.math.stat.descriptive.summary.SumLogTest, org.apache.commons.math.stat.descriptive.summary.SumSqTest, org.apache.commons.math.stat.descriptive.summary.SumTest, org.apache.commons.math.stat.inference.ChiSquareTestTest, org.apache.commons.math.stat.inference.MannWhitneyUTestTest, org.apache.commons.math.stat.inference.OneWayAnovaTest, org.apache.commons.math.stat.inference.TTestTest, org.apache.commons.math.stat.inference.TestUtilsTest, org.apache.commons.math.stat.inference.WilcoxonSignedRankTestTest, org.apache.commons.math.stat.ranking.NaturalRankingTest, org.apache.commons.math.stat.regression.GLSMultipleLinearRegressionTest, org.apache.commons.math.stat.regression.MillerUpdatingRegressionTest, org.apache.commons.math.stat.regression.OLSMultipleLinearRegressionTest, org.apache.commons.math.stat.regression.SimpleRegressionTest, org.apache.commons.math.transform.FastCosineTransformerTest, org.apache.commons.math.transform.FastFourierTransformerTest, org.apache.commons.math.transform.FastHadamardTransformerTest, org.apache.commons.math.transform.FastSineTransformerTest, org.apache.commons.math.util.ArithmeticUtilsTest, org.apache.commons.math.util.BigRealFieldTest, org.apache.commons.math.util.BigRealTest, org.apache.commons.math.util.ContinuedFractionTest, org.apache.commons.math.util.DefaultTransformerTest, org.apache.commons.math.util.FastMathStrictComparisonTest, org.apache.commons.math.util.FastMathTest, org.apache.commons.math.util.FastMathTestPerformance, org.apache.commons.math.util.IncrementorTest, org.apache.commons.math.util.MathArraysTest, org.apache.commons.math.util.MathUtilsTest, org.apache.commons.math.util.MultidimensionalCounterTest, org.apache.commons.math.util.OpenIntToDoubleHashMapTest, org.apache.commons.math.util.OpenIntToFieldTest, org.apache.commons.math.util.PairTest, org.apache.commons.math.util.PrecisionTest, org.apache.commons.math.util.ResizableDoubleArrayTest, org.apache.commons.math.util.TransformerMapTest], complianceLevel=7, outputFolder=., json=true}
09:29:10.350 [main] INFO  fr.inria.lille.repair.nopol.NoPol - Available processors (cores): 4
09:29:10.356 [main] INFO  fr.inria.lille.repair.nopol.NoPol - Free memory: 914 MB
09:29:10.357 [main] INFO  fr.inria.lille.repair.nopol.NoPol - Maximum memory: 3 GB
09:29:10.357 [main] INFO  fr.inria.lille.repair.nopol.NoPol - Total memory available to JVM: 981 MB
09:29:10.357 [main] INFO  fr.inria.lille.repair.nopol.NoPol - Java version: 1.8.0_181
09:29:10.358 [main] INFO  fr.inria.lille.repair.nopol.NoPol - JAVA_HOME: /usr/lib/jvm/java-1.8.0-openjdk-amd64/bin/
09:29:10.358 [main] INFO  fr.inria.lille.repair.nopol.NoPol - PATH: /usr/lib/jvm/java-1.8.0-openjdk-amd64/bin/:/usr/lib/oar/oardodo:/usr/lib/oar/oardodo:/usr/local/bin:/usr/bin:/bin:/usr/games
09:33:12.523 [pool-2-thread-1] DEBUG fr.inria.lille.repair.nopol.NoPol - statement #1
09:33:12.523 [pool-2-thread-1] DEBUG fr.inria.lille.repair.nopol.NoPol - Analysing SourceLocation org.apache.commons.math.optimization.direct.BOBYQAOptimizer:1163 which is executed by 4 tests
283261218
09:33:12.937 [pool-2-thread-1] DEBUG fr.inria.lille.repair.nopol.NoPol - looking with class fr.inria.lille.repair.nopol.spoon.smt.ConditionalAdder
org.apache.commons.math.optimization.direct.BOBYQAOptimizerTest$Rosen BEGIN
org.apache.commons.math.optimization.direct.BOBYQAOptimizerTest$Rosen END
org.apache.commons.math.optimization.direct.BOBYQAOptimizerTest$ElliRotated BEGIN
org.apache.commons.math.optimization.direct.BOBYQAOptimizerTest$ElliRotated END
org.apache.commons.math.optimization.direct.BOBYQAOptimizerTest$Elli BEGIN
org.apache.commons.math.optimization.direct.BOBYQAOptimizerTest$Elli END
org.apache.commons.math.optimization.direct.BOBYQAOptimizerTest$Rosen BEGIN
org.apache.commons.math.optimization.direct.BOBYQAOptimizerTest$TwoAxes BEGIN
org.apache.commons.math.optimization.direct.BOBYQAOptimizerTest$TwoAxes END
org.apache.commons.math.optimization.direct.BOBYQAOptimizerTest$Rosen BEGIN
org.apache.commons.math.optimization.direct.BOBYQAOptimizerTest$Cigar BEGIN
org.apache.commons.math.optimization.direct.BOBYQAOptimizerTest$Cigar END
org.apache.commons.math.optimization.direct.BOBYQAOptimizerTest$Rosen BEGIN
org.apache.commons.math.optimization.direct.BOBYQAOptimizerTest$Rosen END
org.apache.commons.math.optimization.direct.BOBYQAOptimizerTest$Rastrigin BEGIN
org.apache.commons.math.optimization.direct.BOBYQAOptimizerTest$Rastrigin END
org.apache.commons.math.optimization.direct.BOBYQAOptimizerTest$SsDiffPow BEGIN
org.apache.commons.math.optimization.direct.BOBYQAOptimizerTest$SsDiffPow END
org.apache.commons.math.optimization.direct.BOBYQAOptimizerTest$MinusElli BEGIN
org.apache.commons.math.optimization.direct.BOBYQAOptimizerTest$MinusElli END
org.apache.commons.math.optimization.direct.BOBYQAOptimizerTest$MinusElli BEGIN
org.apache.commons.math.optimization.direct.BOBYQAOptimizerTest$MinusElli END
org.apache.commons.math.optimization.direct.BOBYQAOptimizerTest$Ackley BEGIN
java.lang.AssertionError: expected:<0.0> but was:<1.047765607609108E-8>
    at org.junit.Assert.fail(Assert.java:88)
    at org.junit.Assert.failNotEquals(Assert.java:743)
    at org.junit.Assert.assertEquals(Assert.java:494)
    at org.junit.Assert.assertEquals(Assert.java:592)
    at org.apache.commons.math.optimization.direct.BOBYQAOptimizerTest.doTest(BOBYQAOptimizerTest.java:267)
    at org.apache.commons.math.optimization.direct.BOBYQAOptimizerTest.testAckley(BOBYQAOptimizerTest.java:205)
org.apache.commons.math.optimization.direct.BOBYQAOptimizerTest$CigTab BEGIN
org.apache.commons.math.optimization.direct.BOBYQAOptimizerTest$CigTab END
org.apache.commons.math.optimization.direct.BOBYQAOptimizerTest$DiffPow BEGIN
org.apache.commons.math.exception.TooManyEvaluationsException: illegal state: maximal count (12,000) exceeded: evaluations
    at org.apache.commons.math.optimization.direct.BaseAbstractScalarOptimizer.computeObjectiveValue(BaseAbstractScalarOptimizer.java:96)
    at org.apache.commons.math.optimization.direct.BOBYQAOptimizer.bobyqb(BOBYQAOptimizer.java:826)
    at org.apache.commons.math.optimization.direct.BOBYQAOptimizer.bobyqa(BOBYQAOptimizer.java:332)
    at org.apache.commons.math.optimization.direct.BOBYQAOptimizer.doOptimize(BOBYQAOptimizer.java:244)
    at org.apache.commons.math.optimization.direct.BaseAbstractScalarOptimizer.optimize(BaseAbstractScalarOptimizer.java:125)
    at org.apache.commons.math.optimization.direct.BaseAbstractSimpleBoundsScalarOptimizer.optimize(BaseAbstractSimpleBoundsScalarOptimizer.java:138)
org.apache.commons.math.optimization.direct.BOBYQAOptimizerTest$Rosen BEGIN
org.apache.commons.math.optimization.direct.BOBYQAOptimizerTest$Sphere BEGIN
org.apache.commons.math.optimization.direct.BOBYQAOptimizerTest$Sphere END
org.apache.commons.math.optimization.direct.BOBYQAOptimizerTest$Tablet BEGIN
org.apache.commons.math.optimization.direct.BOBYQAOptimizerTest$Tablet END
org.apache.commons.math.optimization.direct.BOBYQAOptimizerTest$Rosen BEGIN
org.apache.commons.math.optimization.direct.BOBYQAOptimizerTest$Rosen BEGIN
org.apache.commons.math.optimization.direct.BOBYQAOptimizerTest$Rosen END
org.apache.commons.math.optimization.direct.BOBYQAOptimizerTest$ElliRotated BEGIN
org.apache.commons.math.optimization.direct.BOBYQAOptimizerTest$ElliRotated END
org.apache.commons.math.optimization.direct.BOBYQAOptimizerTest$Elli BEGIN
org.apache.commons.math.optimization.direct.BOBYQAOptimizerTest$Elli END
org.apache.commons.math.optimization.direct.BOBYQAOptimizerTest$Rosen BEGIN
org.apache.commons.math.optimization.direct.BOBYQAOptimizerTest$TwoAxes BEGIN
org.apache.commons.math.optimization.direct.BOBYQAOptimizerTest$TwoAxes END
org.apache.commons.math.optimization.direct.BOBYQAOptimizerTest$Rosen BEGIN
org.apache.commons.math.optimization.direct.BOBYQAOptimizerTest$Cigar BEGIN
org.apache.commons.math.optimization.direct.BOBYQAOptimizerTest$Cigar END
org.apache.commons.math.optimization.direct.BOBYQAOptimizerTest$Rosen BEGIN
org.apache.commons.math.optimization.direct.BOBYQAOptimizerTest$Rosen END
org.apache.commons.math.optimization.direct.BOBYQAOptimizerTest$Rastrigin BEGIN
org.apache.commons.math.optimization.direct.BOBYQAOptimizerTest$Rastrigin END
org.apache.commons.math.optimization.direct.BOBYQAOptimizerTest$SsDiffPow BEGIN
org.apache.commons.math.optimization.direct.BOBYQAOptimizerTest$SsDiffPow END
org.apache.commons.math.optimization.direct.BOBYQAOptimizerTest$MinusElli BEGIN
org.apache.commons.math.optimization.direct.BOBYQAOptimizerTest$MinusElli END
org.apache.commons.math.optimization.direct.BOBYQAOptimizerTest$MinusElli BEGIN
org.apache.commons.math.optimization.direct.BOBYQAOptimizerTest$MinusElli END
org.apache.commons.math.optimization.direct.BOBYQAOptimizerTest$Ackley BEGIN
java.lang.AssertionError: expected:<0.0> but was:<1.047765607609108E-8>
    at org.junit.Assert.fail(Assert.java:88)
    at org.junit.Assert.failNotEquals(Assert.java:743)
    at org.junit.Assert.assertEquals(Assert.java:494)
    at org.junit.Assert.assertEquals(Assert.java:592)
    at org.apache.commons.math.optimization.direct.BOBYQAOptimizerTest.doTest(BOBYQAOptimizerTest.java:267)
    at org.apache.commons.math.optimization.direct.BOBYQAOptimizerTest.testAckley(BOBYQAOptimizerTest.java:205)
org.apache.commons.math.optimization.direct.BOBYQAOptimizerTest$CigTab BEGIN
org.apache.commons.math.optimization.direct.BOBYQAOptimizerTest$CigTab END
org.apache.commons.math.optimization.direct.BOBYQAOptimizerTest$DiffPow BEGIN
org.apache.commons.math.exception.TooManyEvaluationsException: illegal state: maximal count (12,000) exceeded: evaluations
    at org.apache.commons.math.optimization.direct.BaseAbstractScalarOptimizer.computeObjectiveValue(BaseAbstractScalarOptimizer.java:96)
    at org.apache.commons.math.optimization.direct.BOBYQAOptimizer.bobyqb(BOBYQAOptimizer.java:826)
    at org.apache.commons.math.optimization.direct.BOBYQAOptimizer.bobyqa(BOBYQAOptimizer.java:332)
    at org.apache.commons.math.optimization.direct.BOBYQAOptimizer.doOptimize(BOBYQAOptimizer.java:244)
    at org.apache.commons.math.optimization.direct.BaseAbstractScalarOptimizer.optimize(BaseAbstractScalarOptimizer.java:125)
    at org.apache.commons.math.optimization.direct.BaseAbstractSimpleBoundsScalarOptimizer.optimize(BaseAbstractSimpleBoundsScalarOptimizer.java:138)
org.apache.commons.math.optimization.direct.BOBYQAOptimizerTest$Rosen BEGIN
org.apache.commons.math.optimization.direct.BOBYQAOptimizerTest$Sphere BEGIN
org.apache.commons.math.optimization.direct.BOBYQAOptimizerTest$Sphere END
org.apache.commons.math.optimization.direct.BOBYQAOptimizerTest$Tablet BEGIN
org.apache.commons.math.optimization.direct.BOBYQAOptimizerTest$Tablet END
org.apache.commons.math.optimization.direct.BOBYQAOptimizerTest$Rosen BEGIN
09:33:23.138 [pool-4-thread-1] INFO  xxl.java.junit.TestCasesListener - Tests run finished (10175 ms)
<> Total tests run: 36
<> Ignored tests: 0
<> Failed tests: 4
~ testAckley(org.apache.commons.math.optimization.direct.BOBYQAOptimizerTest)
[expected:<0.0> but was:<1.047765607609108E-8>]
java.lang.AssertionError: expected:<0.0> but was:<1.047765607609108E-8>    at org.junit.Assert.fail(Assert.java:88)
    at org.junit.Assert.failNotEquals(Assert.java:743)
    at org.junit.Assert.assertEquals(Assert.java:494)
    at org.junit.Assert.assertEquals(Assert.java:592)
    at org.apache.commons.math.optimization.direct.BOBYQAOptimizerTest.doTest(BOBYQAOptimizerTest.java:267)
    at org.apache.commons.math.optimization.direct.BOBYQAOptimizerTest.testAckley(BOBYQAOptimizerTest.java:205)
~ testDiffPow(org.apache.commons.math.optimization.direct.BOBYQAOptimizerTest)
[illegal state: maximal count (12,000) exceeded: evaluations]
org.apache.commons.math.exception.TooManyEvaluationsException: illegal state: maximal count (12,000) exceeded: evaluations    at org.apache.commons.math.optimization.direct.BaseAbstractScalarOptimizer.computeObjectiveValue(BaseAbstractScalarOptimizer.java:96)
    at org.apache.commons.math.optimization.direct.BOBYQAOptimizer.bobyqb(BOBYQAOptimizer.java:826)
    at org.apache.commons.math.optimization.direct.BOBYQAOptimizer.bobyqa(BOBYQAOptimizer.java:332)
    at org.apache.commons.math.optimization.direct.BOBYQAOptimizer.doOptimize(BOBYQAOptimizer.java:244)
    at org.apache.commons.math.optimization.direct.BaseAbstractScalarOptimizer.optimize(BaseAbstractScalarOptimizer.java:125)
    at org.apache.commons.math.optimization.direct.BaseAbstractSimpleBoundsScalarOptimizer.optimize(BaseAbstractSimpleBoundsScalarOptimizer.java:138)
~ testAckley(org.apache.commons.math.optimization.direct.BOBYQAOptimizerTest)
[expected:<0.0> but was:<1.047765607609108E-8>]
java.lang.AssertionError: expected:<0.0> but was:<1.047765607609108E-8>    at org.junit.Assert.fail(Assert.java:88)
    at org.junit.Assert.failNotEquals(Assert.java:743)
    at org.junit.Assert.assertEquals(Assert.java:494)
    at org.junit.Assert.assertEquals(Assert.java:592)
    at org.apache.commons.math.optimization.direct.BOBYQAOptimizerTest.doTest(BOBYQAOptimizerTest.java:267)
    at org.apache.commons.math.optimization.direct.BOBYQAOptimizerTest.testAckley(BOBYQAOptimizerTest.java:205)
~ testDiffPow(org.apache.commons.math.optimization.direct.BOBYQAOptimizerTest)
[illegal state: maximal count (12,000) exceeded: evaluations]
org.apache.commons.math.exception.TooManyEvaluationsException: illegal state: maximal count (12,000) exceeded: evaluations    at org.apache.commons.math.optimization.direct.BaseAbstractScalarOptimizer.computeObjectiveValue(BaseAbstractScalarOptimizer.java:96)
    at org.apache.commons.math.optimization.direct.BOBYQAOptimizer.bobyqb(BOBYQAOptimizer.java:826)
    at org.apache.commons.math.optimization.direct.BOBYQAOptimizer.bobyqa(BOBYQAOptimizer.java:332)
    at org.apache.commons.math.optimization.direct.BOBYQAOptimizer.doOptimize(BOBYQAOptimizer.java:244)
    at org.apache.commons.math.optimization.direct.BaseAbstractScalarOptimizer.optimize(BaseAbstractScalarOptimizer.java:125)
    at org.apache.commons.math.optimization.direct.BaseAbstractSimpleBoundsScalarOptimizer.optimize(BaseAbstractSimpleBoundsScalarOptimizer.java:138)

org.apache.commons.math.optimization.direct.BOBYQAOptimizerTest$DiffPow BEGIN
org.apache.commons.math.exception.MathIllegalStateException: trust region step has failed to reduce Q
    at org.apache.commons.math.optimization.direct.BOBYQAOptimizer.bobyqb(BOBYQAOptimizer.java:500)
    at org.apache.commons.math.optimization.direct.BOBYQAOptimizer.bobyqa(BOBYQAOptimizer.java:132)
    at org.apache.commons.math.optimization.direct.BOBYQAOptimizer.doOptimize(BOBYQAOptimizer.java:94)
    at org.apache.commons.math.optimization.direct.BaseAbstractScalarOptimizer.optimize(BaseAbstractScalarOptimizer.java:125)
    at org.apache.commons.math.optimization.direct.BaseAbstractSimpleBoundsScalarOptimizer.optimize(BaseAbstractSimpleBoundsScalarOptimizer.java:138)
    at org.apache.commons.math.optimization.direct.BOBYQAOptimizerTest.doTest(BOBYQAOptimizerTest.java:262)
09:33:25.328 [pool-5-thread-1] INFO  f.i.l.c.t.SpecificationTestCasesListener - Tests run finished (34 ms)
<> Total tests run: 1
<> Ignored tests: 0
<> Failed tests: 1
~ testDiffPow(org.apache.commons.math.optimization.direct.BOBYQAOptimizerTest)
[trust region step has failed to reduce Q]
org.apache.commons.math.exception.MathIllegalStateException: trust region step has failed to reduce Q    at org.apache.commons.math.optimization.direct.BOBYQAOptimizer.bobyqb(BOBYQAOptimizer.java:500)
    at org.apache.commons.math.optimization.direct.BOBYQAOptimizer.bobyqa(BOBYQAOptimizer.java:132)
    at org.apache.commons.math.optimization.direct.BOBYQAOptimizer.doOptimize(BOBYQAOptimizer.java:94)
    at org.apache.commons.math.optimization.direct.BaseAbstractScalarOptimizer.optimize(BaseAbstractScalarOptimizer.java:125)
    at org.apache.commons.math.optimization.direct.BaseAbstractSimpleBoundsScalarOptimizer.optimize(BaseAbstractSimpleBoundsScalarOptimizer.java:138)
    at org.apache.commons.math.optimization.direct.BOBYQAOptimizerTest.doTest(BOBYQAOptimizerTest.java:262)

org.apache.commons.math.optimization.direct.BOBYQAOptimizerTest$Ackley BEGIN
org.apache.commons.math.exception.MathIllegalStateException: trust region step has failed to reduce Q
    at org.apache.commons.math.optimization.direct.BOBYQAOptimizer.bobyqb(BOBYQAOptimizer.java:500)
    at org.apache.commons.math.optimization.direct.BOBYQAOptimizer.bobyqa(BOBYQAOptimizer.java:132)
    at org.apache.commons.math.optimization.direct.BOBYQAOptimizer.doOptimize(BOBYQAOptimizer.java:94)
    at org.apache.commons.math.optimization.direct.BaseAbstractScalarOptimizer.optimize(BaseAbstractScalarOptimizer.java:125)
    at org.apache.commons.math.optimization.direct.BaseAbstractSimpleBoundsScalarOptimizer.optimize(BaseAbstractSimpleBoundsScalarOptimizer.java:138)
    at org.apache.commons.math.optimization.direct.BOBYQAOptimizerTest.doTest(BOBYQAOptimizerTest.java:262)
09:33:25.520 [pool-6-thread-1] INFO  f.i.l.c.t.SpecificationTestCasesListener - Tests run finished (190 ms)
<> Total tests run: 1
<> Ignored tests: 0
<> Failed tests: 1
~ testAckley(org.apache.commons.math.optimization.direct.BOBYQAOptimizerTest)
[trust region step has failed to reduce Q]
org.apache.commons.math.exception.MathIllegalStateException: trust region step has failed to reduce Q    at org.apache.commons.math.optimization.direct.BOBYQAOptimizer.bobyqb(BOBYQAOptimizer.java:500)
    at org.apache.commons.math.optimization.direct.BOBYQAOptimizer.bobyqa(BOBYQAOptimizer.java:132)
    at org.apache.commons.math.optimization.direct.BOBYQAOptimizer.doOptimize(BOBYQAOptimizer.java:94)
    at org.apache.commons.math.optimization.direct.BaseAbstractScalarOptimizer.optimize(BaseAbstractScalarOptimizer.java:125)
    at org.apache.commons.math.optimization.direct.BaseAbstractSimpleBoundsScalarOptimizer.optimize(BaseAbstractSimpleBoundsScalarOptimizer.java:138)
    at org.apache.commons.math.optimization.direct.BOBYQAOptimizerTest.doTest(BOBYQAOptimizerTest.java:262)

org.apache.commons.math.optimization.direct.BOBYQAOptimizerTest$DiffPow BEGIN
org.apache.commons.math.exception.TooManyEvaluationsException: illegal state: maximal count (12,000) exceeded: evaluations
    at org.apache.commons.math.optimization.direct.BaseAbstractScalarOptimizer.computeObjectiveValue(BaseAbstractScalarOptimizer.java:96)
    at org.apache.commons.math.optimization.direct.BOBYQAOptimizer.bobyqb(BOBYQAOptimizer.java:463)
    at org.apache.commons.math.optimization.direct.BOBYQAOptimizer.bobyqa(BOBYQAOptimizer.java:132)
    at org.apache.commons.math.optimization.direct.BOBYQAOptimizer.doOptimize(BOBYQAOptimizer.java:94)
    at org.apache.commons.math.optimization.direct.BaseAbstractScalarOptimizer.optimize(BaseAbstractScalarOptimizer.java:125)
    at org.apache.commons.math.optimization.direct.BaseAbstractSimpleBoundsScalarOptimizer.optimize(BaseAbstractSimpleBoundsScalarOptimizer.java:138)
09:33:27.066 [pool-7-thread-1] INFO  f.i.l.c.t.SpecificationTestCasesListener - Tests run finished (1540 ms)
<> Total tests run: 1
<> Ignored tests: 0
<> Failed tests: 1
~ testDiffPow(org.apache.commons.math.optimization.direct.BOBYQAOptimizerTest)
[illegal state: maximal count (12,000) exceeded: evaluations]
org.apache.commons.math.exception.TooManyEvaluationsException: illegal state: maximal count (12,000) exceeded: evaluations    at org.apache.commons.math.optimization.direct.BaseAbstractScalarOptimizer.computeObjectiveValue(BaseAbstractScalarOptimizer.java:96)
    at org.apache.commons.math.optimization.direct.BOBYQAOptimizer.bobyqb(BOBYQAOptimizer.java:463)
    at org.apache.commons.math.optimization.direct.BOBYQAOptimizer.bobyqa(BOBYQAOptimizer.java:132)
    at org.apache.commons.math.optimization.direct.BOBYQAOptimizer.doOptimize(BOBYQAOptimizer.java:94)
    at org.apache.commons.math.optimization.direct.BaseAbstractScalarOptimizer.optimize(BaseAbstractScalarOptimizer.java:125)
    at org.apache.commons.math.optimization.direct.BaseAbstractSimpleBoundsScalarOptimizer.optimize(BaseAbstractSimpleBoundsScalarOptimizer.java:138)

org.apache.commons.math.optimization.direct.BOBYQAOptimizerTest$Ackley BEGIN
java.lang.AssertionError: expected:<0.0> but was:<1.047765607609108E-8>
    at org.junit.Assert.fail(Assert.java:88)
    at org.junit.Assert.failNotEquals(Assert.java:743)
    at org.junit.Assert.assertEquals(Assert.java:494)
    at org.junit.Assert.assertEquals(Assert.java:592)
    at org.apache.commons.math.optimization.direct.BOBYQAOptimizerTest.doTest(BOBYQAOptimizerTest.java:267)
    at org.apache.commons.math.optimization.direct.BOBYQAOptimizerTest.testAckley(BOBYQAOptimizerTest.java:205)
09:33:27.207 [pool-8-thread-1] INFO  f.i.l.c.t.SpecificationTestCasesListener - Tests run finished (138 ms)
<> Total tests run: 1
<> Ignored tests: 0
<> Failed tests: 1
~ testAckley(org.apache.commons.math.optimization.direct.BOBYQAOptimizerTest)
[expected:<0.0> but was:<1.047765607609108E-8>]
java.lang.AssertionError: expected:<0.0> but was:<1.047765607609108E-8>    at org.junit.Assert.fail(Assert.java:88)
    at org.junit.Assert.failNotEquals(Assert.java:743)
    at org.junit.Assert.assertEquals(Assert.java:494)
    at org.junit.Assert.assertEquals(Assert.java:592)
    at org.apache.commons.math.optimization.direct.BOBYQAOptimizerTest.doTest(BOBYQAOptimizerTest.java:267)
    at org.apache.commons.math.optimization.direct.BOBYQAOptimizerTest.testAckley(BOBYQAOptimizerTest.java:205)

09:33:27.208 [pool-3-thread-1] DEBUG tests.output - Failing tests with false: 
[testDiffPow(org.apache.commons.math.optimization.direct.BOBYQAOptimizerTest): trust region step has failed to reduce Q, testAckley(org.apache.commons.math.optimization.direct.BOBYQAOptimizerTest): trust region step has failed to reduce Q]
09:33:27.208 [pool-3-thread-1] DEBUG tests.output - Failing tests with true: 
[testDiffPow(org.apache.commons.math.optimization.direct.BOBYQAOptimizerTest): illegal state: maximal count (12,000) exceeded: evaluations, testAckley(org.apache.commons.math.optimization.direct.BOBYQAOptimizerTest): expected:<0.0> but was:<1.047765607609108E-8>]
09:33:27.208 [pool-3-thread-1] INFO  f.i.l.r.n.synth.SMTNopolSynthesizer - Not enough specifications: 0. A trivial patch is "true" or "false", please write new tests specifying SourceLocation org.apache.commons.math.optimization.direct.BOBYQAOptimizer:1163.
09:33:27.209 [pool-2-thread-1] DEBUG fr.inria.lille.repair.nopol.NoPol - statement #2
09:33:27.209 [pool-2-thread-1] DEBUG fr.inria.lille.repair.nopol.NoPol - Analysing SourceLocation org.apache.commons.math.optimization.direct.BOBYQAOptimizer:2063 which is executed by 5 tests
283261218
09:33:27.402 [pool-2-thread-1] DEBUG fr.inria.lille.repair.nopol.NoPol - looking with class fr.inria.lille.repair.nopol.spoon.smt.ConditionalAdder
org.apache.commons.math.optimization.direct.BOBYQAOptimizerTest$Rosen BEGIN
org.apache.commons.math.optimization.direct.BOBYQAOptimizerTest$Rosen END
org.apache.commons.math.optimization.direct.BOBYQAOptimizerTest$ElliRotated BEGIN
org.apache.commons.math.optimization.direct.BOBYQAOptimizerTest$ElliRotated END
org.apache.commons.math.optimization.direct.BOBYQAOptimizerTest$Elli BEGIN
org.apache.commons.math.optimization.direct.BOBYQAOptimizerTest$Elli END
org.apache.commons.math.optimization.direct.BOBYQAOptimizerTest$Rosen BEGIN
org.apache.commons.math.optimization.direct.BOBYQAOptimizerTest$TwoAxes BEGIN
org.apache.commons.math.optimization.direct.BOBYQAOptimizerTest$TwoAxes END
org.apache.commons.math.optimization.direct.BOBYQAOptimizerTest$Rosen BEGIN
org.apache.commons.math.optimization.direct.BOBYQAOptimizerTest$Cigar BEGIN
org.apache.commons.math.optimization.direct.BOBYQAOptimizerTest$Cigar END
org.apache.commons.math.optimization.direct.BOBYQAOptimizerTest$Rosen BEGIN
org.apache.commons.math.optimization.direct.BOBYQAOptimizerTest$Rosen END
org.apache.commons.math.optimization.direct.BOBYQAOptimizerTest$Rastrigin BEGIN
org.apache.commons.math.optimization.direct.BOBYQAOptimizerTest$Rastrigin END
org.apache.commons.math.optimization.direct.BOBYQAOptimizerTest$SsDiffPow BEGIN
org.apache.commons.math.optimization.direct.BOBYQAOptimizerTest$SsDiffPow END
org.apache.commons.math.optimization.direct.BOBYQAOptimizerTest$MinusElli BEGIN
org.apache.commons.math.optimization.direct.BOBYQAOptimizerTest$MinusElli END
org.apache.commons.math.optimization.direct.BOBYQAOptimizerTest$MinusElli BEGIN
org.apache.commons.math.optimization.direct.BOBYQAOptimizerTest$MinusElli END
org.apache.commons.math.optimization.direct.BOBYQAOptimizerTest$Ackley BEGIN
java.lang.AssertionError: expected:<0.0> but was:<1.047765607609108E-8>
    at org.junit.Assert.fail(Assert.java:88)
    at org.junit.Assert.failNotEquals(Assert.java:743)
    at org.junit.Assert.assertEquals(Assert.java:494)
    at org.junit.Assert.assertEquals(Assert.java:592)
    at org.apache.commons.math.optimization.direct.BOBYQAOptimizerTest.doTest(BOBYQAOptimizerTest.java:267)
    at org.apache.commons.math.optimization.direct.BOBYQAOptimizerTest.testAckley(BOBYQAOptimizerTest.java:205)
org.apache.commons.math.optimization.direct.BOBYQAOptimizerTest$CigTab BEGIN
org.apache.commons.math.optimization.direct.BOBYQAOptimizerTest$CigTab END
org.apache.commons.math.optimization.direct.BOBYQAOptimizerTest$DiffPow BEGIN
org.apache.commons.math.exception.TooManyEvaluationsException: illegal state: maximal count (12,000) exceeded: evaluations
    at org.apache.commons.math.optimization.direct.BaseAbstractScalarOptimizer.computeObjectiveValue(BaseAbstractScalarOptimizer.java:96)
    at org.apache.commons.math.optimization.direct.BOBYQAOptimizer.bobyqb(BOBYQAOptimizer.java:826)
    at org.apache.commons.math.optimization.direct.BOBYQAOptimizer.bobyqa(BOBYQAOptimizer.java:332)
    at org.apache.commons.math.optimization.direct.BOBYQAOptimizer.doOptimize(BOBYQAOptimizer.java:244)
    at org.apache.commons.math.optimization.direct.BaseAbstractScalarOptimizer.optimize(BaseAbstractScalarOptimizer.java:125)
    at org.apache.commons.math.optimization.direct.BaseAbstractSimpleBoundsScalarOptimizer.optimize(BaseAbstractSimpleBoundsScalarOptimizer.java:138)
org.apache.commons.math.optimization.direct.BOBYQAOptimizerTest$Rosen BEGIN
org.apache.commons.math.optimization.direct.BOBYQAOptimizerTest$Sphere BEGIN
org.apache.commons.math.optimization.direct.BOBYQAOptimizerTest$Sphere END
org.apache.commons.math.optimization.direct.BOBYQAOptimizerTest$Tablet BEGIN
org.apache.commons.math.optimization.direct.BOBYQAOptimizerTest$Tablet END
org.apache.commons.math.optimization.direct.BOBYQAOptimizerTest$Rosen BEGIN
org.apache.commons.math.optimization.direct.BOBYQAOptimizerTest$Rosen BEGIN
org.apache.commons.math.optimization.direct.BOBYQAOptimizerTest$Rosen END
org.apache.commons.math.optimization.direct.BOBYQAOptimizerTest$ElliRotated BEGIN
org.apache.commons.math.optimization.direct.BOBYQAOptimizerTest$ElliRotated END
org.apache.commons.math.optimization.direct.BOBYQAOptimizerTest$Elli BEGIN
org.apache.commons.math.optimization.direct.BOBYQAOptimizerTest$Elli END
org.apache.commons.math.optimization.direct.BOBYQAOptimizerTest$Rosen BEGIN
org.apache.commons.math.optimization.direct.BOBYQAOptimizerTest$TwoAxes BEGIN
org.apache.commons.math.optimization.direct.BOBYQAOptimizerTest$TwoAxes END
org.apache.commons.math.optimization.direct.BOBYQAOptimizerTest$Rosen BEGIN
org.apache.commons.math.optimization.direct.BOBYQAOptimizerTest$Cigar BEGIN
org.apache.commons.math.optimization.direct.BOBYQAOptimizerTest$Cigar END
org.apache.commons.math.optimization.direct.BOBYQAOptimizerTest$Rosen BEGIN
org.apache.commons.math.optimization.direct.BOBYQAOptimizerTest$Rosen END
org.apache.commons.math.optimization.direct.BOBYQAOptimizerTest$Rastrigin BEGIN
org.apache.commons.math.optimization.direct.BOBYQAOptimizerTest$Rastrigin END
org.apache.commons.math.optimization.direct.BOBYQAOptimizerTest$SsDiffPow BEGIN
org.apache.commons.math.optimization.direct.BOBYQAOptimizerTest$SsDiffPow END
org.apache.commons.math.optimization.direct.BOBYQAOptimizerTest$MinusElli BEGIN
org.apache.commons.math.optimization.direct.BOBYQAOptimizerTest$MinusElli END
org.apache.commons.math.optimization.direct.BOBYQAOptimizerTest$MinusElli BEGIN
org.apache.commons.math.optimization.direct.BOBYQAOptimizerTest$MinusElli END
org.apache.commons.math.optimization.direct.BOBYQAOptimizerTest$Ackley BEGIN
java.lang.AssertionError: expected:<0.0> but was:<1.047765607609108E-8>
    at org.junit.Assert.fail(Assert.java:88)
    at org.junit.Assert.failNotEquals(Assert.java:743)
    at org.junit.Assert.assertEquals(Assert.java:494)
    at org.junit.Assert.assertEquals(Assert.java:592)
    at org.apache.commons.math.optimization.direct.BOBYQAOptimizerTest.doTest(BOBYQAOptimizerTest.java:267)
    at org.apache.commons.math.optimization.direct.BOBYQAOptimizerTest.testAckley(BOBYQAOptimizerTest.java:205)
org.apache.commons.math.optimization.direct.BOBYQAOptimizerTest$CigTab BEGIN
org.apache.commons.math.optimization.direct.BOBYQAOptimizerTest$CigTab END
org.apache.commons.math.optimization.direct.BOBYQAOptimizerTest$DiffPow BEGIN
org.apache.commons.math.exception.TooManyEvaluationsException: illegal state: maximal count (12,000) exceeded: evaluations
    at org.apache.commons.math.optimization.direct.BaseAbstractScalarOptimizer.computeObjectiveValue(BaseAbstractScalarOptimizer.java:96)
    at org.apache.commons.math.optimization.direct.BOBYQAOptimizer.bobyqb(BOBYQAOptimizer.java:826)
    at org.apache.commons.math.optimization.direct.BOBYQAOptimizer.bobyqa(BOBYQAOptimizer.java:332)
    at org.apache.commons.math.optimization.direct.BOBYQAOptimizer.doOptimize(BOBYQAOptimizer.java:244)
    at org.apache.commons.math.optimization.direct.BaseAbstractScalarOptimizer.optimize(BaseAbstractScalarOptimizer.java:125)
    at org.apache.commons.math.optimization.direct.BaseAbstractSimpleBoundsScalarOptimizer.optimize(BaseAbstractSimpleBoundsScalarOptimizer.java:138)
org.apache.commons.math.optimization.direct.BOBYQAOptimizerTest$Rosen BEGIN
org.apache.commons.math.optimization.direct.BOBYQAOptimizerTest$Sphere BEGIN
org.apache.commons.math.optimization.direct.BOBYQAOptimizerTest$Sphere END
org.apache.commons.math.optimization.direct.BOBYQAOptimizerTest$Tablet BEGIN
org.apache.commons.math.optimization.direct.BOBYQAOptimizerTest$Tablet END
org.apache.commons.math.optimization.direct.BOBYQAOptimizerTest$Rosen BEGIN
09:33:38.748 [pool-10-thread-1] INFO  xxl.java.junit.TestCasesListener - Tests run finished (11340 ms)
<> Total tests run: 36
<> Ignored tests: 0
<> Failed tests: 4
~ testAckley(org.apache.commons.math.optimization.direct.BOBYQAOptimizerTest)
[expected:<0.0> but was:<1.047765607609108E-8>]
java.lang.AssertionError: expected:<0.0> but was:<1.047765607609108E-8>    at org.junit.Assert.fail(Assert.java:88)
    at org.junit.Assert.failNotEquals(Assert.java:743)
    at org.junit.Assert.assertEquals(Assert.java:494)
    at org.junit.Assert.assertEquals(Assert.java:592)
    at org.apache.commons.math.optimization.direct.BOBYQAOptimizerTest.doTest(BOBYQAOptimizerTest.java:267)
    at org.apache.commons.math.optimization.direct.BOBYQAOptimizerTest.testAckley(BOBYQAOptimizerTest.java:205)
~ testDiffPow(org.apache.commons.math.optimization.direct.BOBYQAOptimizerTest)
[illegal state: maximal count (12,000) exceeded: evaluations]
org.apache.commons.math.exception.TooManyEvaluationsException: illegal state: maximal count (12,000) exceeded: evaluations    at org.apache.commons.math.optimization.direct.BaseAbstractScalarOptimizer.computeObjectiveValue(BaseAbstractScalarOptimizer.java:96)
    at org.apache.commons.math.optimization.direct.BOBYQAOptimizer.bobyqb(BOBYQAOptimizer.java:826)
    at org.apache.commons.math.optimization.direct.BOBYQAOptimizer.bobyqa(BOBYQAOptimizer.java:332)
    at org.apache.commons.math.optimization.direct.BOBYQAOptimizer.doOptimize(BOBYQAOptimizer.java:244)
    at org.apache.commons.math.optimization.direct.BaseAbstractScalarOptimizer.optimize(BaseAbstractScalarOptimizer.java:125)
    at org.apache.commons.math.optimization.direct.BaseAbstractSimpleBoundsScalarOptimizer.optimize(BaseAbstractSimpleBoundsScalarOptimizer.java:138)
~ testAckley(org.apache.commons.math.optimization.direct.BOBYQAOptimizerTest)
[expected:<0.0> but was:<1.047765607609108E-8>]
java.lang.AssertionError: expected:<0.0> but was:<1.047765607609108E-8>    at org.junit.Assert.fail(Assert.java:88)
    at org.junit.Assert.failNotEquals(Assert.java:743)
    at org.junit.Assert.assertEquals(Assert.java:494)
    at org.junit.Assert.assertEquals(Assert.java:592)
    at org.apache.commons.math.optimization.direct.BOBYQAOptimizerTest.doTest(BOBYQAOptimizerTest.java:267)
    at org.apache.commons.math.optimization.direct.BOBYQAOptimizerTest.testAckley(BOBYQAOptimizerTest.java:205)
~ testDiffPow(org.apache.commons.math.optimization.direct.BOBYQAOptimizerTest)
[illegal state: maximal count (12,000) exceeded: evaluations]
org.apache.commons.math.exception.TooManyEvaluationsException: illegal state: maximal count (12,000) exceeded: evaluations    at org.apache.commons.math.optimization.direct.BaseAbstractScalarOptimizer.computeObjectiveValue(BaseAbstractScalarOptimizer.java:96)
    at org.apache.commons.math.optimization.direct.BOBYQAOptimizer.bobyqb(BOBYQAOptimizer.java:826)
    at org.apache.commons.math.optimization.direct.BOBYQAOptimizer.bobyqa(BOBYQAOptimizer.java:332)
    at org.apache.commons.math.optimization.direct.BOBYQAOptimizer.doOptimize(BOBYQAOptimizer.java:244)
    at org.apache.commons.math.optimization.direct.BaseAbstractScalarOptimizer.optimize(BaseAbstractScalarOptimizer.java:125)
    at org.apache.commons.math.optimization.direct.BaseAbstractSimpleBoundsScalarOptimizer.optimize(BaseAbstractSimpleBoundsScalarOptimizer.java:138)

org.apache.commons.math.optimization.direct.BOBYQAOptimizerTest$DiffPow BEGIN
java.lang.OutOfMemoryError: GC overhead limit exceeded
    at java.util.AbstractList.iterator(AbstractList.java:288)
    at fr.inria.lille.commons.trace.collector.ValueCollector.collectWith(ValueCollector.java:30)
    at fr.inria.lille.commons.trace.collector.ValueCollector.collectFrom(ValueCollector.java:21)
    at fr.inria.lille.commons.trace.RuntimeValues.collectInput(RuntimeValues.java:89)
    at org.apache.commons.math.optimization.direct.BOBYQAOptimizer.trsbox(BOBYQAOptimizer.java:1497)
    at org.apache.commons.math.optimization.direct.BOBYQAOptimizer.bobyqb(BOBYQAOptimizer.java:217)
09:35:58.504 [pool-11-thread-1] INFO  f.i.l.c.t.SpecificationTestCasesListener - Tests run finished (138562 ms)
<> Total tests run: 1
<> Ignored tests: 0
<> Failed tests: 1
~ testDiffPow(org.apache.commons.math.optimization.direct.BOBYQAOptimizerTest)
[GC overhead limit exceeded]
java.lang.OutOfMemoryError: GC overhead limit exceeded    at java.util.AbstractList.iterator(AbstractList.java:288)
    at fr.inria.lille.commons.trace.collector.ValueCollector.collectWith(ValueCollector.java:30)
    at fr.inria.lille.commons.trace.collector.ValueCollector.collectFrom(ValueCollector.java:21)
    at fr.inria.lille.commons.trace.RuntimeValues.collectInput(RuntimeValues.java:89)
    at org.apache.commons.math.optimization.direct.BOBYQAOptimizer.trsbox(BOBYQAOptimizer.java:1497)
    at org.apache.commons.math.optimization.direct.BOBYQAOptimizer.bobyqb(BOBYQAOptimizer.java:217)

org.apache.commons.math.optimization.direct.BOBYQAOptimizerTest$Ackley BEGIN
09:39:18.505 [pool-9-thread-1] DEBUG xxl.java.junit.TestSuiteExecution - Timeout after 200 seconds. Infinite loop?
09:39:18.506 [pool-2-thread-1] ERROR fr.inria.lille.repair.nopol.NoPol - Error ExecutionException java.util.concurrent.ExecutionException: java.lang.RuntimeException: java.util.concurrent.TimeoutException
09:39:18.506 [pool-2-thread-1] DEBUG fr.inria.lille.repair.nopol.NoPol - statement #3
09:39:18.506 [pool-2-thread-1] DEBUG fr.inria.lille.repair.nopol.NoPol - Analysing SourceLocation org.apache.commons.math.optimization.direct.BOBYQAOptimizer:879 which is executed by 6 tests
283261218
09:39:18.695 [pool-2-thread-1] DEBUG fr.inria.lille.repair.nopol.NoPol - looking with class fr.inria.lille.repair.nopol.spoon.smt.ConditionalAdder
org.apache.commons.math.optimization.direct.BOBYQAOptimizerTest$Rosen BEGIN
org.apache.commons.math.optimization.direct.BOBYQAOptimizerTest$Rosen END
org.apache.commons.math.optimization.direct.BOBYQAOptimizerTest$ElliRotated BEGIN
org.apache.commons.math.optimization.direct.BOBYQAOptimizerTest$ElliRotated END
org.apache.commons.math.optimization.direct.BOBYQAOptimizerTest$Elli BEGIN
org.apache.commons.math.optimization.direct.BOBYQAOptimizerTest$Elli END
org.apache.commons.math.optimization.direct.BOBYQAOptimizerTest$Rosen BEGIN
org.apache.commons.math.optimization.direct.BOBYQAOptimizerTest$TwoAxes BEGIN
org.apache.commons.math.optimization.direct.BOBYQAOptimizerTest$TwoAxes END
org.apache.commons.math.optimization.direct.BOBYQAOptimizerTest$Rosen BEGIN
org.apache.commons.math.optimization.direct.BOBYQAOptimizerTest$Cigar BEGIN
org.apache.commons.math.optimization.direct.BOBYQAOptimizerTest$Cigar END
org.apache.commons.math.optimization.direct.BOBYQAOptimizerTest$Rosen BEGIN
org.apache.commons.math.optimization.direct.BOBYQAOptimizerTest$Rosen END
org.apache.commons.math.optimization.direct.BOBYQAOptimizerTest$Rastrigin BEGIN
org.apache.commons.math.optimization.direct.BOBYQAOptimizerTest$Rastrigin END
org.apache.commons.math.optimization.direct.BOBYQAOptimizerTest$SsDiffPow BEGIN
org.apache.commons.math.optimization.direct.BOBYQAOptimizerTest$SsDiffPow END
org.apache.commons.math.optimization.direct.BOBYQAOptimizerTest$MinusElli BEGIN
org.apache.commons.math.optimization.direct.BOBYQAOptimizerTest$MinusElli END
org.apache.commons.math.optimization.direct.BOBYQAOptimizerTest$MinusElli BEGIN
org.apache.commons.math.optimization.direct.BOBYQAOptimizerTest$MinusElli END
org.apache.commons.math.optimization.direct.BOBYQAOptimizerTest$Ackley BEGIN
java.lang.AssertionError: expected:<0.0> but was:<1.047765607609108E-8>
    at org.junit.Assert.fail(Assert.java:88)
    at org.junit.Assert.failNotEquals(Assert.java:743)
    at org.junit.Assert.assertEquals(Assert.java:494)
    at org.junit.Assert.assertEquals(Assert.java:592)
    at org.apache.commons.math.optimization.direct.BOBYQAOptimizerTest.doTest(BOBYQAOptimizerTest.java:267)
    at org.apache.commons.math.optimization.direct.BOBYQAOptimizerTest.testAckley(BOBYQAOptimizerTest.java:205)
org.apache.commons.math.optimization.direct.BOBYQAOptimizerTest$CigTab BEGIN
org.apache.commons.math.optimization.direct.BOBYQAOptimizerTest$CigTab END
org.apache.commons.math.optimization.direct.BOBYQAOptimizerTest$DiffPow BEGIN
org.apache.commons.math.exception.TooManyEvaluationsException: illegal state: maximal count (12,000) exceeded: evaluations
    at org.apache.commons.math.optimization.direct.BaseAbstractScalarOptimizer.computeObjectiveValue(BaseAbstractScalarOptimizer.java:96)
    at org.apache.commons.math.optimization.direct.BOBYQAOptimizer.bobyqb(BOBYQAOptimizer.java:826)
    at org.apache.commons.math.optimization.direct.BOBYQAOptimizer.bobyqa(BOBYQAOptimizer.java:332)
    at org.apache.commons.math.optimization.direct.BOBYQAOptimizer.doOptimize(BOBYQAOptimizer.java:244)
    at org.apache.commons.math.optimization.direct.BaseAbstractScalarOptimizer.optimize(BaseAbstractScalarOptimizer.java:125)
    at org.apache.commons.math.optimization.direct.BaseAbstractSimpleBoundsScalarOptimizer.optimize(BaseAbstractSimpleBoundsScalarOptimizer.java:138)
org.apache.commons.math.optimization.direct.BOBYQAOptimizerTest$Rosen BEGIN
org.apache.commons.math.optimization.direct.BOBYQAOptimizerTest$Sphere BEGIN
org.apache.commons.math.optimization.direct.BOBYQAOptimizerTest$Sphere END
org.apache.commons.math.optimization.direct.BOBYQAOptimizerTest$Tablet BEGIN
org.apache.commons.math.optimization.direct.BOBYQAOptimizerTest$Tablet END
org.apache.commons.math.optimization.direct.BOBYQAOptimizerTest$Rosen BEGIN
org.apache.commons.math.optimization.direct.BOBYQAOptimizerTest$Rosen BEGIN
org.apache.commons.math.optimization.direct.BOBYQAOptimizerTest$Rosen END
org.apache.commons.math.optimization.direct.BOBYQAOptimizerTest$ElliRotated BEGIN
org.apache.commons.math.optimization.direct.BOBYQAOptimizerTest$ElliRotated END
org.apache.commons.math.optimization.direct.BOBYQAOptimizerTest$Elli BEGIN
org.apache.commons.math.optimization.direct.BOBYQAOptimizerTest$Elli END
org.apache.commons.math.optimization.direct.BOBYQAOptimizerTest$Rosen BEGIN
org.apache.commons.math.optimization.direct.BOBYQAOptimizerTest$TwoAxes BEGIN
org.apache.commons.math.optimization.direct.BOBYQAOptimizerTest$TwoAxes END
org.apache.commons.math.optimization.direct.BOBYQAOptimizerTest$Rosen BEGIN
org.apache.commons.math.optimization.direct.BOBYQAOptimizerTest$Cigar BEGIN
org.apache.commons.math.optimization.direct.BOBYQAOptimizerTest$Cigar END
org.apache.commons.math.optimization.direct.BOBYQAOptimizerTest$Rosen BEGIN
org.apache.commons.math.optimization.direct.BOBYQAOptimizerTest$Rosen END
org.apache.commons.math.optimization.direct.BOBYQAOptimizerTest$Rastrigin BEGIN
org.apache.commons.math.optimization.direct.BOBYQAOptimizerTest$Rastrigin END
org.apache.commons.math.optimization.direct.BOBYQAOptimizerTest$SsDiffPow BEGIN
org.apache.commons.math.optimization.direct.BOBYQAOptimizerTest$SsDiffPow END
org.apache.commons.math.optimization.direct.BOBYQAOptimizerTest$MinusElli BEGIN
org.apache.commons.math.optimization.direct.BOBYQAOptimizerTest$MinusElli END
org.apache.commons.math.optimization.direct.BOBYQAOptimizerTest$MinusElli BEGIN
org.apache.commons.math.optimization.direct.BOBYQAOptimizerTest$MinusElli END
org.apache.commons.math.optimization.direct.BOBYQAOptimizerTest$Ackley BEGIN
java.lang.AssertionError: expected:<0.0> but was:<1.047765607609108E-8>
    at org.junit.Assert.fail(Assert.java:88)
    at org.junit.Assert.failNotEquals(Assert.java:743)
    at org.junit.Assert.assertEquals(Assert.java:494)
    at org.junit.Assert.assertEquals(Assert.java:592)
    at org.apache.commons.math.optimization.direct.BOBYQAOptimizerTest.doTest(BOBYQAOptimizerTest.java:267)
    at org.apache.commons.math.optimization.direct.BOBYQAOptimizerTest.testAckley(BOBYQAOptimizerTest.java:205)
org.apache.commons.math.optimization.direct.BOBYQAOptimizerTest$CigTab BEGIN
org.apache.commons.math.optimization.direct.BOBYQAOptimizerTest$CigTab END
org.apache.commons.math.optimization.direct.BOBYQAOptimizerTest$DiffPow BEGIN
org.apache.commons.math.exception.TooManyEvaluationsException: illegal state: maximal count (12,000) exceeded: evaluations
    at org.apache.commons.math.optimization.direct.BaseAbstractScalarOptimizer.computeObjectiveValue(BaseAbstractScalarOptimizer.java:96)
    at org.apache.commons.math.optimization.direct.BOBYQAOptimizer.bobyqb(BOBYQAOptimizer.java:826)
    at org.apache.commons.math.optimization.direct.BOBYQAOptimizer.bobyqa(BOBYQAOptimizer.java:332)
    at org.apache.commons.math.optimization.direct.BOBYQAOptimizer.doOptimize(BOBYQAOptimizer.java:244)
    at org.apache.commons.math.optimization.direct.BaseAbstractScalarOptimizer.optimize(BaseAbstractScalarOptimizer.java:125)
    at org.apache.commons.math.optimization.direct.BaseAbstractSimpleBoundsScalarOptimizer.optimize(BaseAbstractSimpleBoundsScalarOptimizer.java:138)
org.apache.commons.math.optimization.direct.BOBYQAOptimizerTest$Rosen BEGIN
org.apache.commons.math.optimization.direct.BOBYQAOptimizerTest$Sphere BEGIN
org.apache.commons.math.optimization.direct.BOBYQAOptimizerTest$Sphere END
org.apache.commons.math.optimization.direct.BOBYQAOptimizerTest$Tablet BEGIN
org.apache.commons.math.optimization.direct.BOBYQAOptimizerTest$Tablet END
org.apache.commons.math.optimization.direct.BOBYQAOptimizerTest$Rosen BEGIN
09:39:29.070 [pool-14-thread-1] INFO  xxl.java.junit.TestCasesListener - Tests run finished (10337 ms)
<> Total tests run: 36
<> Ignored tests: 0
<> Failed tests: 4
~ testAckley(org.apache.commons.math.optimization.direct.BOBYQAOptimizerTest)
[expected:<0.0> but was:<1.047765607609108E-8>]
java.lang.AssertionError: expected:<0.0> but was:<1.047765607609108E-8>    at org.junit.Assert.fail(Assert.java:88)
    at org.junit.Assert.failNotEquals(Assert.java:743)
    at org.junit.Assert.assertEquals(Assert.java:494)
    at org.junit.Assert.assertEquals(Assert.java:592)
    at org.apache.commons.math.optimization.direct.BOBYQAOptimizerTest.doTest(BOBYQAOptimizerTest.java:267)
    at org.apache.commons.math.optimization.direct.BOBYQAOptimizerTest.testAckley(BOBYQAOptimizerTest.java:205)
~ testDiffPow(org.apache.commons.math.optimization.direct.BOBYQAOptimizerTest)
[illegal state: maximal count (12,000) exceeded: evaluations]
org.apache.commons.math.exception.TooManyEvaluationsException: illegal state: maximal count (12,000) exceeded: evaluations    at org.apache.commons.math.optimization.direct.BaseAbstractScalarOptimizer.computeObjectiveValue(BaseAbstractScalarOptimizer.java:96)
    at org.apache.commons.math.optimization.direct.BOBYQAOptimizer.bobyqb(BOBYQAOptimizer.java:826)
    at org.apache.commons.math.optimization.direct.BOBYQAOptimizer.bobyqa(BOBYQAOptimizer.java:332)
    at org.apache.commons.math.optimization.direct.BOBYQAOptimizer.doOptimize(BOBYQAOptimizer.java:244)
    at org.apache.commons.math.optimization.direct.BaseAbstractScalarOptimizer.optimize(BaseAbstractScalarOptimizer.java:125)
    at org.apache.commons.math.optimization.direct.BaseAbstractSimpleBoundsScalarOptimizer.optimize(BaseAbstractSimpleBoundsScalarOptimizer.java:138)
~ testAckley(org.apache.commons.math.optimization.direct.BOBYQAOptimizerTest)
[expected:<0.0> but was:<1.047765607609108E-8>]
java.lang.AssertionError: expected:<0.0> but was:<1.047765607609108E-8>    at org.junit.Assert.fail(Assert.java:88)
    at org.junit.Assert.failNotEquals(Assert.java:743)
    at org.junit.Assert.assertEquals(Assert.java:494)
    at org.junit.Assert.assertEquals(Assert.java:592)
    at org.apache.commons.math.optimization.direct.BOBYQAOptimizerTest.doTest(BOBYQAOptimizerTest.java:267)
    at org.apache.commons.math.optimization.direct.BOBYQAOptimizerTest.testAckley(BOBYQAOptimizerTest.java:205)
~ testDiffPow(org.apache.commons.math.optimization.direct.BOBYQAOptimizerTest)
[illegal state: maximal count (12,000) exceeded: evaluations]
org.apache.commons.math.exception.TooManyEvaluationsException: illegal state: maximal count (12,000) exceeded: evaluations    at org.apache.commons.math.optimization.direct.BaseAbstractScalarOptimizer.computeObjectiveValue(BaseAbstractScalarOptimizer.java:96)
    at org.apache.commons.math.optimization.direct.BOBYQAOptimizer.bobyqb(BOBYQAOptimizer.java:826)
    at org.apache.commons.math.optimization.direct.BOBYQAOptimizer.bobyqa(BOBYQAOptimizer.java:332)
    at org.apache.commons.math.optimization.direct.BOBYQAOptimizer.doOptimize(BOBYQAOptimizer.java:244)
    at org.apache.commons.math.optimization.direct.BaseAbstractScalarOptimizer.optimize(BaseAbstractScalarOptimizer.java:125)
    at org.apache.commons.math.optimization.direct.BaseAbstractSimpleBoundsScalarOptimizer.optimize(BaseAbstractSimpleBoundsScalarOptimizer.java:138)

org.apache.commons.math.optimization.direct.BOBYQAOptimizerTest$DiffPow BEGIN
org.apache.commons.math.optimization.direct.BOBYQAOptimizerTest$DiffPow END
09:39:32.421 [pool-15-thread-1] INFO  f.i.l.c.t.SpecificationTestCasesListener - Tests run finished (1856 ms)
<> Total tests run: 1
<> Ignored tests: 0
<> Failed tests: 0

org.apache.commons.math.optimization.direct.BOBYQAOptimizerTest$Ackley BEGIN
org.apache.commons.math.optimization.direct.BOBYQAOptimizerTest$Ackley END
09:39:32.803 [pool-16-thread-1] INFO  f.i.l.c.t.SpecificationTestCasesListener - Tests run finished (381 ms)
<> Total tests run: 1
<> Ignored tests: 0
<> Failed tests: 0

org.apache.commons.math.optimization.direct.BOBYQAOptimizerTest$DiffPow BEGIN
org.apache.commons.math.exception.TooManyEvaluationsException: illegal state: maximal count (12,000) exceeded: evaluations
    at org.apache.commons.math.optimization.direct.BaseAbstractScalarOptimizer.computeObjectiveValue(BaseAbstractScalarOptimizer.java:96)
    at org.apache.commons.math.optimization.direct.BOBYQAOptimizer.bobyqb(BOBYQAOptimizer.java:463)
    at org.apache.commons.math.optimization.direct.BOBYQAOptimizer.bobyqa(BOBYQAOptimizer.java:132)
    at org.apache.commons.math.optimization.direct.BOBYQAOptimizer.doOptimize(BOBYQAOptimizer.java:94)
    at org.apache.commons.math.optimization.direct.BaseAbstractScalarOptimizer.optimize(BaseAbstractScalarOptimizer.java:125)
    at org.apache.commons.math.optimization.direct.BaseAbstractSimpleBoundsScalarOptimizer.optimize(BaseAbstractSimpleBoundsScalarOptimizer.java:138)
09:39:35.745 [pool-17-thread-1] INFO  f.i.l.c.t.SpecificationTestCasesListener - Tests run finished (2934 ms)
<> Total tests run: 1
<> Ignored tests: 0
<> Failed tests: 1
~ testDiffPow(org.apache.commons.math.optimization.direct.BOBYQAOptimizerTest)
[illegal state: maximal count (12,000) exceeded: evaluations]
org.apache.commons.math.exception.TooManyEvaluationsException: illegal state: maximal count (12,000) exceeded: evaluations    at org.apache.commons.math.optimization.direct.BaseAbstractScalarOptimizer.computeObjectiveValue(BaseAbstractScalarOptimizer.java:96)
    at org.apache.commons.math.optimization.direct.BOBYQAOptimizer.bobyqb(BOBYQAOptimizer.java:463)
    at org.apache.commons.math.optimization.direct.BOBYQAOptimizer.bobyqa(BOBYQAOptimizer.java:132)
    at org.apache.commons.math.optimization.direct.BOBYQAOptimizer.doOptimize(BOBYQAOptimizer.java:94)
    at org.apache.commons.math.optimization.direct.BaseAbstractScalarOptimizer.optimize(BaseAbstractScalarOptimizer.java:125)
    at org.apache.commons.math.optimization.direct.BaseAbstractSimpleBoundsScalarOptimizer.optimize(BaseAbstractSimpleBoundsScalarOptimizer.java:138)

org.apache.commons.math.optimization.direct.BOBYQAOptimizerTest$Ackley BEGIN
java.lang.AssertionError: expected:<0.0> but was:<1.047765607609108E-8>
    at org.junit.Assert.fail(Assert.java:88)
    at org.junit.Assert.failNotEquals(Assert.java:743)
    at org.junit.Assert.assertEquals(Assert.java:494)
    at org.junit.Assert.assertEquals(Assert.java:592)
    at org.apache.commons.math.optimization.direct.BOBYQAOptimizerTest.doTest(BOBYQAOptimizerTest.java:267)
    at org.apache.commons.math.optimization.direct.BOBYQAOptimizerTest.testAckley(BOBYQAOptimizerTest.java:205)
09:39:36.050 [pool-18-thread-1] INFO  f.i.l.c.t.SpecificationTestCasesListener - Tests run finished (294 ms)
<> Total tests run: 1
<> Ignored tests: 0
<> Failed tests: 1
~ testAckley(org.apache.commons.math.optimization.direct.BOBYQAOptimizerTest)
[expected:<0.0> but was:<1.047765607609108E-8>]
java.lang.AssertionError: expected:<0.0> but was:<1.047765607609108E-8>    at org.junit.Assert.fail(Assert.java:88)
    at org.junit.Assert.failNotEquals(Assert.java:743)
    at org.junit.Assert.assertEquals(Assert.java:494)
    at org.junit.Assert.assertEquals(Assert.java:592)
    at org.apache.commons.math.optimization.direct.BOBYQAOptimizerTest.doTest(BOBYQAOptimizerTest.java:267)
    at org.apache.commons.math.optimization.direct.BOBYQAOptimizerTest.testAckley(BOBYQAOptimizerTest.java:205)

org.apache.commons.math.optimization.direct.BOBYQAOptimizerTest$Rosen BEGIN
org.apache.commons.math.optimization.direct.BOBYQAOptimizerTest$Rosen END
09:39:37.220 [pool-19-thread-1] INFO  f.i.l.r.n.s.ConstraintModelBuilder$1PassingListener - Tests run finished (1163 ms)
<> Total tests run: 1
<> Ignored tests: 0
<> Failed tests: 0

org.apache.commons.math.optimization.direct.BOBYQAOptimizerTest$ElliRotated BEGIN
org.apache.commons.math.optimization.direct.BOBYQAOptimizerTest$ElliRotated END
09:39:43.438 [pool-20-thread-1] INFO  f.i.l.r.n.s.ConstraintModelBuilder$1PassingListener - Tests run finished (6205 ms)
<> Total tests run: 1
<> Ignored tests: 0
<> Failed tests: 0

org.apache.commons.math.optimization.direct.BOBYQAOptimizerTest$Rosen BEGIN
org.apache.commons.math.optimization.direct.BOBYQAOptimizerTest$Rosen END
09:39:44.509 [pool-21-thread-1] INFO  f.i.l.r.n.s.ConstraintModelBuilder$1PassingListener - Tests run finished (1063 ms)
<> Total tests run: 1
<> Ignored tests: 0
<> Failed tests: 0

org.apache.commons.math.optimization.direct.BOBYQAOptimizerTest$SsDiffPow BEGIN
org.apache.commons.math.optimization.direct.BOBYQAOptimizerTest$SsDiffPow END
09:39:45.781 [pool-22-thread-1] INFO  f.i.l.r.n.s.ConstraintModelBuilder$1PassingListener - Tests run finished (1271 ms)
<> Total tests run: 1
<> Ignored tests: 0
<> Failed tests: 0

org.apache.commons.math.optimization.direct.BOBYQAOptimizerTest$Ackley BEGIN
org.apache.commons.math.optimization.direct.BOBYQAOptimizerTest$Ackley END
09:39:46.081 [pool-23-thread-1] INFO  f.i.l.r.n.s.ConstraintModelBuilder$1PassingListener - Tests run finished (291 ms)
<> Total tests run: 1
<> Ignored tests: 0
<> Failed tests: 0

org.apache.commons.math.optimization.direct.BOBYQAOptimizerTest$DiffPow BEGIN
org.apache.commons.math.optimization.direct.BOBYQAOptimizerTest$DiffPow END
09:39:47.469 [pool-24-thread-1] INFO  f.i.l.r.n.s.ConstraintModelBuilder$1PassingListener - Tests run finished (1387 ms)
<> Total tests run: 1
<> Ignored tests: 0
<> Failed tests: 0

org.apache.commons.math.optimization.direct.BOBYQAOptimizerTest$Rosen BEGIN
org.apache.commons.math.optimization.direct.BOBYQAOptimizerTest$Rosen END
09:39:48.559 [pool-25-thread-1] INFO  f.i.l.r.n.s.ConstraintModelBuilder$1PassingListener - Tests run finished (1082 ms)
<> Total tests run: 1
<> Ignored tests: 0
<> Failed tests: 0

org.apache.commons.math.optimization.direct.BOBYQAOptimizerTest$ElliRotated BEGIN
org.apache.commons.math.optimization.direct.BOBYQAOptimizerTest$ElliRotated END
09:39:54.589 [pool-26-thread-1] INFO  f.i.l.r.n.s.ConstraintModelBuilder$1PassingListener - Tests run finished (6029 ms)
<> Total tests run: 1
<> Ignored tests: 0
<> Failed tests: 0

org.apache.commons.math.optimization.direct.BOBYQAOptimizerTest$Rosen BEGIN
org.apache.commons.math.optimization.direct.BOBYQAOptimizerTest$Rosen END
09:39:55.673 [pool-27-thread-1] INFO  f.i.l.r.n.s.ConstraintModelBuilder$1PassingListener - Tests run finished (1077 ms)
<> Total tests run: 1
<> Ignored tests: 0
<> Failed tests: 0

org.apache.commons.math.optimization.direct.BOBYQAOptimizerTest$SsDiffPow BEGIN
org.apache.commons.math.optimization.direct.BOBYQAOptimizerTest$SsDiffPow END
09:39:56.837 [pool-28-thread-1] INFO  f.i.l.r.n.s.ConstraintModelBuilder$1PassingListener - Tests run finished (1156 ms)
<> Total tests run: 1
<> Ignored tests: 0
<> Failed tests: 0

org.apache.commons.math.optimization.direct.BOBYQAOptimizerTest$Ackley BEGIN
java.lang.AssertionError: expected:<0.0> but was:<1.047765607609108E-8>
    at org.junit.Assert.fail(Assert.java:88)
    at org.junit.Assert.failNotEquals(Assert.java:743)
    at org.junit.Assert.assertEquals(Assert.java:494)
    at org.junit.Assert.assertEquals(Assert.java:592)
    at org.apache.commons.math.optimization.direct.BOBYQAOptimizerTest.doTest(BOBYQAOptimizerTest.java:267)
    at org.apache.commons.math.optimization.direct.BOBYQAOptimizerTest.testAckley(BOBYQAOptimizerTest.java:205)
09:39:57.127 [pool-29-thread-1] INFO  f.i.l.r.n.s.ConstraintModelBuilder$1PassingListener - Tests run finished (289 ms)
<> Total tests run: 1
<> Ignored tests: 0
<> Failed tests: 1
~ testAckley(org.apache.commons.math.optimization.direct.BOBYQAOptimizerTest)
[expected:<0.0> but was:<1.047765607609108E-8>]
java.lang.AssertionError: expected:<0.0> but was:<1.047765607609108E-8>    at org.junit.Assert.fail(Assert.java:88)
    at org.junit.Assert.failNotEquals(Assert.java:743)
    at org.junit.Assert.assertEquals(Assert.java:494)
    at org.junit.Assert.assertEquals(Assert.java:592)
    at org.apache.commons.math.optimization.direct.BOBYQAOptimizerTest.doTest(BOBYQAOptimizerTest.java:267)
    at org.apache.commons.math.optimization.direct.BOBYQAOptimizerTest.testAckley(BOBYQAOptimizerTest.java:205)

org.apache.commons.math.optimization.direct.BOBYQAOptimizerTest$DiffPow BEGIN
org.apache.commons.math.exception.TooManyEvaluationsException: illegal state: maximal count (12,000) exceeded: evaluations
    at org.apache.commons.math.optimization.direct.BaseAbstractScalarOptimizer.computeObjectiveValue(BaseAbstractScalarOptimizer.java:96)
    at org.apache.commons.math.optimization.direct.BOBYQAOptimizer.bobyqb(BOBYQAOptimizer.java:463)
    at org.apache.commons.math.optimization.direct.BOBYQAOptimizer.bobyqa(BOBYQAOptimizer.java:132)
    at org.apache.commons.math.optimization.direct.BOBYQAOptimizer.doOptimize(BOBYQAOptimizer.java:94)
    at org.apache.commons.math.optimization.direct.BaseAbstractScalarOptimizer.optimize(BaseAbstractScalarOptimizer.java:125)
    at org.apache.commons.math.optimization.direct.BaseAbstractSimpleBoundsScalarOptimizer.optimize(BaseAbstractSimpleBoundsScalarOptimizer.java:138)
09:39:59.819 [pool-30-thread-1] INFO  f.i.l.r.n.s.ConstraintModelBuilder$1PassingListener - Tests run finished (2690 ms)
<> Total tests run: 1
<> Ignored tests: 0
<> Failed tests: 1
~ testDiffPow(org.apache.commons.math.optimization.direct.BOBYQAOptimizerTest)
[illegal state: maximal count (12,000) exceeded: evaluations]
org.apache.commons.math.exception.TooManyEvaluationsException: illegal state: maximal count (12,000) exceeded: evaluations    at org.apache.commons.math.optimization.direct.BaseAbstractScalarOptimizer.computeObjectiveValue(BaseAbstractScalarOptimizer.java:96)
    at org.apache.commons.math.optimization.direct.BOBYQAOptimizer.bobyqb(BOBYQAOptimizer.java:463)
    at org.apache.commons.math.optimization.direct.BOBYQAOptimizer.bobyqa(BOBYQAOptimizer.java:132)
    at org.apache.commons.math.optimization.direct.BOBYQAOptimizer.doOptimize(BOBYQAOptimizer.java:94)
    at org.apache.commons.math.optimization.direct.BaseAbstractScalarOptimizer.optimize(BaseAbstractScalarOptimizer.java:125)
    at org.apache.commons.math.optimization.direct.BaseAbstractSimpleBoundsScalarOptimizer.optimize(BaseAbstractSimpleBoundsScalarOptimizer.java:138)

09:40:00.294 [pool-13-thread-1] DEBUG f.i.l.c.s.ConstraintBasedSynthesis - Operators:
09:40:03.166 [pool-13-thread-1] DEBUG f.i.l.c.s.ConstraintBasedSynthesis - Operators:
== of arity: 2
!= of arity: 2
< of arity: 2
<= of arity: 2
09:43:01.264 [pool-13-thread-1] DEBUG f.i.l.c.s.ConstraintBasedSynthesis - Successful code synthesis: org.apache.commons.math.optimization.direct.BOBYQAOptimizer.HALF == cauchy
09:43:01.265 [pool-13-thread-1] INFO  f.i.l.repair.nopol.patch.TestPatch - Applying patch: org.apache.commons.math.optimization.direct.BOBYQAOptimizer:879: PRECONDITION org.apache.commons.math.optimization.direct.BOBYQAOptimizer.HALF == cauchy
09:43:01.739 [pool-13-thread-1] INFO  f.i.l.repair.nopol.patch.TestPatch - Running test suite to check the patch "org.apache.commons.math.optimization.direct.BOBYQAOptimizer.HALF == cauchy" is working
org.apache.commons.math.optimization.direct.BOBYQAOptimizerTest$Rosen BEGIN
org.apache.commons.math.optimization.direct.BOBYQAOptimizerTest$Rosen END
org.apache.commons.math.optimization.direct.BOBYQAOptimizerTest$ElliRotated BEGIN
org.apache.commons.math.optimization.direct.BOBYQAOptimizerTest$ElliRotated END
org.apache.commons.math.optimization.direct.BOBYQAOptimizerTest$Rosen BEGIN
org.apache.commons.math.optimization.direct.BOBYQAOptimizerTest$Rosen END
org.apache.commons.math.optimization.direct.BOBYQAOptimizerTest$SsDiffPow BEGIN
org.apache.commons.math.optimization.direct.BOBYQAOptimizerTest$SsDiffPow END
org.apache.commons.math.optimization.direct.BOBYQAOptimizerTest$Ackley BEGIN
org.apache.commons.math.optimization.direct.BOBYQAOptimizerTest$Ackley END
org.apache.commons.math.optimization.direct.BOBYQAOptimizerTest$DiffPow BEGIN
org.apache.commons.math.optimization.direct.BOBYQAOptimizerTest$DiffPow END
09:43:09.251 [pool-2-thread-1] INFO  fr.inria.lille.repair.nopol.NoPol - ----INFORMATION----
09:43:09.519 [pool-2-thread-1] INFO  fr.inria.lille.repair.nopol.NoPol - Nb classes : 575
09:43:09.519 [pool-2-thread-1] INFO  fr.inria.lille.repair.nopol.NoPol - Nb methods : 3773
09:43:09.519 [pool-2-thread-1] INFO  fr.inria.lille.repair.nopol.NoPol - Nb Statements Analyzed : 3
09:43:09.519 [pool-2-thread-1] INFO  fr.inria.lille.repair.nopol.NoPol - Nb Statements with Angelic Value Found : 1
09:43:09.520 [pool-2-thread-1] INFO  fr.inria.lille.repair.nopol.NoPol - Nb inputs in SMT : 1934
09:43:09.520 [pool-2-thread-1] INFO  fr.inria.lille.repair.nopol.NoPol - Nb SMT level: 2
09:43:09.520 [pool-2-thread-1] INFO  fr.inria.lille.repair.nopol.NoPol - Nb SMT components: [4] [== of arity: 2, != of arity: 2, < of arity: 2, <= of arity: 2]
09:43:09.520 [pool-2-thread-1] INFO  fr.inria.lille.repair.nopol.NoPol -                   class java.lang.Boolean: 4
09:43:09.520 [pool-2-thread-1] INFO  fr.inria.lille.repair.nopol.NoPol - Nb variables in SMT : 106
09:43:09.520 [pool-2-thread-1] INFO  fr.inria.lille.repair.nopol.NoPol - NoPol Execution time : 838934ms
09:43:09.520 [pool-2-thread-1] INFO  fr.inria.lille.repair.nopol.NoPol - 
09:43:09.520 [pool-2-thread-1] INFO  fr.inria.lille.repair.nopol.NoPol - ----PATCH FOUND----
09:43:09.520 [pool-2-thread-1] INFO  fr.inria.lille.repair.nopol.NoPol - org.apache.commons.math.optimization.direct.BOBYQAOptimizer.HALF == cauchy
09:43:09.604 [pool-2-thread-1] INFO  fr.inria.lille.repair.nopol.NoPol - Nb test that executes the patch: 6
09:43:09.605 [pool-2-thread-1] INFO  fr.inria.lille.repair.nopol.NoPol - org.apache.commons.math.optimization.direct.BOBYQAOptimizer:879: PRECONDITION
09:43:09.673 [pool-2-thread-1] INFO  fr.inria.lille.repair.nopol.NoPol - --- a/src/main/java/org/apache/commons/math/optimization/direct/BOBYQAOptimizer.java
+++ b/src/main/java/org/apache/commons/math/optimization/direct/BOBYQAOptimizer.java
@@ -878,3 +878,5 @@
                     // Computing MAX
-                    delta = Math.max(hDelta, dnorm);
+                    if (org.apache.commons.math.optimization.direct.BOBYQAOptimizer.HALF == cauchy) {
+                        delta = Math.max(hDelta, dnorm);
+                    }
                 } else {

PATCH
1693.97user 6.32system 14:01.33elapsed 202%CPU (0avgtext+0avgdata 4531640maxresident)k
56936inputs+14816outputs (24major+2027950minor)pagefaults 0swaps


Node: graphene-15.nancy.grid5000.fr



Date: Sat Dec 29 09:43:10 EST 2018

