cd /tmp/Nopol_Defects4J_Math_44;
export JAVA_TOOL_OPTIONS=-Dfile.encoding=UTF8;
TZ="America/New_York"; export TZ;
export PATH="/usr/lib/jvm/java-1.8.0-openjdk-amd64/bin/:$PATH";
export JAVA_HOME="/usr/lib/jvm/java-1.8.0-openjdk-amd64/bin/";
time java -Xmx4048m -cp /home/tdurieux/defects4j4repair/script/../repair_tools/nopol.jar:/usr/lib/jvm/java-1.8.0-openjdk-amd64/bin//../lib/tools.jar fr.inria.lille.repair.Main \
	--mode repair \
	--type pre_then_cond \
	--oracle angelic \
	--synthesis smt \
	--flocal gzoltar \
	--json \
	--solver z3 \
	--solver-path /home/tdurieux/defects4j4repair/script/../libs/z3/build/z3 \
	--complianceLevel 5 \
	--source src/main/java/ \
	--classpath "target/classes/:target/test-classes/:/tmp/Nopol_Defects4J_Math_44/target/classes/:/tmp/Nopol_Defects4J_Math_44/target/test-classes/:/home/tdurieux/defects4j4repair/script/../benchmarks/defects4j/framework/projects/Math/lib/commons-discovery-0.5.jar:/home/tdurieux/defects4j4repair/script/../repair_tools/nopol.jar";
	echo "\n\nNode: `hostname`\n";
	echo "\n\nDate: `date`\n";
Picked up JAVA_TOOL_OPTIONS: -Dfile.encoding=UTF8
23:16:27.164 [main] INFO  fr.inria.lille.repair.nopol.NoPol - Source files: [src/main/java]
23:16:27.534 [main] INFO  fr.inria.lille.repair.nopol.NoPol - Classpath: [file:/tmp/Nopol_Defects4J_Math_44/target/classes/, file:/tmp/Nopol_Defects4J_Math_44/target/test-classes/, file:/tmp/Nopol_Defects4J_Math_44/target/classes/, file:/tmp/Nopol_Defects4J_Math_44/target/test-classes/, file:/home/tdurieux/defects4j4repair/script/../benchmarks/defects4j/framework/projects/Math/lib/commons-discovery-0.5.jar, file:/home/tdurieux/defects4j4repair/script/../repair_tools/nopol.jar]
23:16:27.534 [main] INFO  fr.inria.lille.repair.nopol.NoPol - Statement type: PRE_THEN_COND
23:16:27.534 [main] INFO  fr.inria.lille.repair.nopol.NoPol - Args: [org.apache.commons.math.MathExceptionTest, org.apache.commons.math.MathExceptionTest, org.apache.commons.math.RetryRunnerTest, org.apache.commons.math.RetryRunnerTest, org.apache.commons.math.analysis.FunctionUtilsTest, org.apache.commons.math.analysis.FunctionUtilsTest, org.apache.commons.math.analysis.function.GaussianTest, org.apache.commons.math.analysis.function.GaussianTest, org.apache.commons.math.analysis.function.HarmonicOscillatorTest, org.apache.commons.math.analysis.function.HarmonicOscillatorTest, org.apache.commons.math.analysis.function.LogisticTest, org.apache.commons.math.analysis.function.LogisticTest, org.apache.commons.math.analysis.function.LogitTest, org.apache.commons.math.analysis.function.LogitTest, org.apache.commons.math.analysis.function.SigmoidTest, org.apache.commons.math.analysis.function.SigmoidTest, org.apache.commons.math.analysis.function.SincTest, org.apache.commons.math.analysis.function.SincTest, org.apache.commons.math.analysis.function.SqrtTest, org.apache.commons.math.analysis.function.SqrtTest, org.apache.commons.math.analysis.function.StepFunctionTest, org.apache.commons.math.analysis.function.StepFunctionTest, org.apache.commons.math.analysis.integration.LegendreGaussIntegratorTest, org.apache.commons.math.analysis.integration.LegendreGaussIntegratorTest, org.apache.commons.math.analysis.integration.RombergIntegratorTest, org.apache.commons.math.analysis.integration.RombergIntegratorTest, org.apache.commons.math.analysis.integration.SimpsonIntegratorTest, org.apache.commons.math.analysis.integration.SimpsonIntegratorTest, org.apache.commons.math.analysis.integration.TrapezoidIntegratorTest, org.apache.commons.math.analysis.integration.TrapezoidIntegratorTest, org.apache.commons.math.analysis.interpolation.BicubicSplineInterpolatingFunctionTest, org.apache.commons.math.analysis.interpolation.BicubicSplineInterpolatingFunctionTest, org.apache.commons.math.analysis.interpolation.BicubicSplineInterpolatorTest, org.apache.commons.math.analysis.interpolation.BicubicSplineInterpolatorTest, org.apache.commons.math.analysis.interpolation.DividedDifferenceInterpolatorTest, org.apache.commons.math.analysis.interpolation.DividedDifferenceInterpolatorTest, org.apache.commons.math.analysis.interpolation.LinearInterpolatorTest, org.apache.commons.math.analysis.interpolation.LinearInterpolatorTest, org.apache.commons.math.analysis.interpolation.LoessInterpolatorTest, org.apache.commons.math.analysis.interpolation.LoessInterpolatorTest, org.apache.commons.math.analysis.interpolation.MicrosphereInterpolatorTest, org.apache.commons.math.analysis.interpolation.MicrosphereInterpolatorTest, org.apache.commons.math.analysis.interpolation.NevilleInterpolatorTest, org.apache.commons.math.analysis.interpolation.NevilleInterpolatorTest, org.apache.commons.math.analysis.interpolation.SmoothingPolynomialBicubicSplineInterpolatorTest, org.apache.commons.math.analysis.interpolation.SmoothingPolynomialBicubicSplineInterpolatorTest, org.apache.commons.math.analysis.interpolation.SplineInterpolatorTest, org.apache.commons.math.analysis.interpolation.SplineInterpolatorTest, org.apache.commons.math.analysis.interpolation.TricubicSplineInterpolatingFunctionTest, org.apache.commons.math.analysis.interpolation.TricubicSplineInterpolatingFunctionTest, org.apache.commons.math.analysis.interpolation.TricubicSplineInterpolatorTest, org.apache.commons.math.analysis.interpolation.TricubicSplineInterpolatorTest, org.apache.commons.math.analysis.interpolation.UnivariateRealPeriodicInterpolatorTest, org.apache.commons.math.analysis.interpolation.UnivariateRealPeriodicInterpolatorTest, org.apache.commons.math.analysis.polynomials.PolynomialFunctionLagrangeFormTest, org.apache.commons.math.analysis.polynomials.PolynomialFunctionLagrangeFormTest, org.apache.commons.math.analysis.polynomials.PolynomialFunctionNewtonFormTest, org.apache.commons.math.analysis.polynomials.PolynomialFunctionNewtonFormTest, org.apache.commons.math.analysis.polynomials.PolynomialFunctionTest, org.apache.commons.math.analysis.polynomials.PolynomialFunctionTest, org.apache.commons.math.analysis.polynomials.PolynomialSplineFunctionTest, org.apache.commons.math.analysis.polynomials.PolynomialSplineFunctionTest, org.apache.commons.math.analysis.polynomials.PolynomialsUtilsTest, org.apache.commons.math.analysis.polynomials.PolynomialsUtilsTest, org.apache.commons.math.analysis.solvers.BisectionSolverTest, org.apache.commons.math.analysis.solvers.BisectionSolverTest, org.apache.commons.math.analysis.solvers.BracketingNthOrderBrentSolverTest, org.apache.commons.math.analysis.solvers.BracketingNthOrderBrentSolverTest, org.apache.commons.math.analysis.solvers.BrentSolverTest, org.apache.commons.math.analysis.solvers.BrentSolverTest, org.apache.commons.math.analysis.solvers.IllinoisSolverTest, org.apache.commons.math.analysis.solvers.IllinoisSolverTest, org.apache.commons.math.analysis.solvers.LaguerreSolverTest, org.apache.commons.math.analysis.solvers.LaguerreSolverTest, org.apache.commons.math.analysis.solvers.MullerSolver2Test, org.apache.commons.math.analysis.solvers.MullerSolver2Test, org.apache.commons.math.analysis.solvers.MullerSolverTest, org.apache.commons.math.analysis.solvers.MullerSolverTest, org.apache.commons.math.analysis.solvers.NewtonSolverTest, org.apache.commons.math.analysis.solvers.NewtonSolverTest, org.apache.commons.math.analysis.solvers.PegasusSolverTest, org.apache.commons.math.analysis.solvers.PegasusSolverTest, org.apache.commons.math.analysis.solvers.RegulaFalsiSolverTest, org.apache.commons.math.analysis.solvers.RegulaFalsiSolverTest, org.apache.commons.math.analysis.solvers.RiddersSolverTest, org.apache.commons.math.analysis.solvers.RiddersSolverTest, org.apache.commons.math.analysis.solvers.SecantSolverTest, org.apache.commons.math.analysis.solvers.SecantSolverTest, org.apache.commons.math.analysis.solvers.UnivariateRealSolverUtilsTest, org.apache.commons.math.analysis.solvers.UnivariateRealSolverUtilsTest, org.apache.commons.math.complex.ComplexFieldTest, org.apache.commons.math.complex.ComplexFieldTest, org.apache.commons.math.complex.ComplexFormatTest, org.apache.commons.math.complex.ComplexFormatTest, org.apache.commons.math.complex.ComplexTest, org.apache.commons.math.complex.ComplexTest, org.apache.commons.math.complex.ComplexUtilsTest, org.apache.commons.math.complex.ComplexUtilsTest, org.apache.commons.math.complex.FrenchComplexFormatTest, org.apache.commons.math.complex.FrenchComplexFormatTest, org.apache.commons.math.dfp.BracketingNthOrderBrentSolverDFPTest, org.apache.commons.math.dfp.BracketingNthOrderBrentSolverDFPTest, org.apache.commons.math.dfp.DfpDecTest, org.apache.commons.math.dfp.DfpDecTest, org.apache.commons.math.dfp.DfpMathTest, org.apache.commons.math.dfp.DfpMathTest, org.apache.commons.math.dfp.DfpTest, org.apache.commons.math.dfp.DfpTest, org.apache.commons.math.distribution.AbtractIntegerDistributionTest, org.apache.commons.math.distribution.AbtractIntegerDistributionTest, org.apache.commons.math.distribution.BetaDistributionTest, org.apache.commons.math.distribution.BetaDistributionTest, org.apache.commons.math.distribution.BinomialDistributionTest, org.apache.commons.math.distribution.BinomialDistributionTest, org.apache.commons.math.distribution.CauchyDistributionTest, org.apache.commons.math.distribution.CauchyDistributionTest, org.apache.commons.math.distribution.ChiSquareDistributionTest, org.apache.commons.math.distribution.ChiSquareDistributionTest, org.apache.commons.math.distribution.ExponentialDistributionTest, org.apache.commons.math.distribution.ExponentialDistributionTest, org.apache.commons.math.distribution.FDistributionTest, org.apache.commons.math.distribution.FDistributionTest, org.apache.commons.math.distribution.GammaDistributionTest, org.apache.commons.math.distribution.GammaDistributionTest, org.apache.commons.math.distribution.HypergeometricDistributionTest, org.apache.commons.math.distribution.HypergeometricDistributionTest, org.apache.commons.math.distribution.KolmogorovSmirnovDistributionTest, org.apache.commons.math.distribution.KolmogorovSmirnovDistributionTest, org.apache.commons.math.distribution.NormalDistributionTest, org.apache.commons.math.distribution.NormalDistributionTest, org.apache.commons.math.distribution.PascalDistributionTest, org.apache.commons.math.distribution.PascalDistributionTest, org.apache.commons.math.distribution.PoissonDistributionTest, org.apache.commons.math.distribution.PoissonDistributionTest, org.apache.commons.math.distribution.TDistributionTest, org.apache.commons.math.distribution.TDistributionTest, org.apache.commons.math.distribution.WeibullDistributionTest, org.apache.commons.math.distribution.WeibullDistributionTest, org.apache.commons.math.distribution.ZipfDistributionTest, org.apache.commons.math.distribution.ZipfDistributionTest, org.apache.commons.math.exception.DimensionMismatchExceptionTest, org.apache.commons.math.exception.DimensionMismatchExceptionTest, org.apache.commons.math.exception.MaxCountExceededExceptionTest, org.apache.commons.math.exception.MaxCountExceededExceptionTest, org.apache.commons.math.exception.NonMonotonicSequenceExceptionTest, org.apache.commons.math.exception.NonMonotonicSequenceExceptionTest, org.apache.commons.math.exception.NotPositiveExceptionTest, org.apache.commons.math.exception.NotPositiveExceptionTest, org.apache.commons.math.exception.NotStrictlyPositiveExceptionTest, org.apache.commons.math.exception.NotStrictlyPositiveExceptionTest, org.apache.commons.math.exception.NumberIsTooLargeExceptionTest, org.apache.commons.math.exception.NumberIsTooLargeExceptionTest, org.apache.commons.math.exception.NumberIsTooSmallExceptionTest, org.apache.commons.math.exception.NumberIsTooSmallExceptionTest, org.apache.commons.math.exception.OutOfRangeExceptionTest, org.apache.commons.math.exception.OutOfRangeExceptionTest, org.apache.commons.math.exception.TooManyEvaluationsExceptionTest, org.apache.commons.math.exception.TooManyEvaluationsExceptionTest, org.apache.commons.math.exception.util.ArgUtilsTest, org.apache.commons.math.exception.util.ArgUtilsTest, org.apache.commons.math.exception.util.ExceptionContextTest, org.apache.commons.math.exception.util.ExceptionContextTest, org.apache.commons.math.filter.KalmanFilterTest, org.apache.commons.math.filter.KalmanFilterTest, org.apache.commons.math.fraction.BigFractionFieldTest, org.apache.commons.math.fraction.BigFractionFieldTest, org.apache.commons.math.fraction.BigFractionFormatTest, org.apache.commons.math.fraction.BigFractionFormatTest, org.apache.commons.math.fraction.BigFractionTest, org.apache.commons.math.fraction.BigFractionTest, org.apache.commons.math.fraction.FractionFieldTest, org.apache.commons.math.fraction.FractionFieldTest, org.apache.commons.math.fraction.FractionFormatTest, org.apache.commons.math.fraction.FractionFormatTest, org.apache.commons.math.fraction.FractionTest, org.apache.commons.math.fraction.FractionTest, org.apache.commons.math.genetics.BinaryChromosomeTest, org.apache.commons.math.genetics.BinaryChromosomeTest, org.apache.commons.math.genetics.BinaryMutationTest, org.apache.commons.math.genetics.BinaryMutationTest, org.apache.commons.math.genetics.ChromosomeTest, org.apache.commons.math.genetics.ChromosomeTest, org.apache.commons.math.genetics.ElitisticListPopulationTest, org.apache.commons.math.genetics.ElitisticListPopulationTest, org.apache.commons.math.genetics.FitnessCachingTest, org.apache.commons.math.genetics.FitnessCachingTest, org.apache.commons.math.genetics.FixedGenerationCountTest, org.apache.commons.math.genetics.FixedGenerationCountTest, org.apache.commons.math.genetics.GeneticAlgorithmTestBinary, org.apache.commons.math.genetics.GeneticAlgorithmTestBinary, org.apache.commons.math.genetics.GeneticAlgorithmTestPermutations, org.apache.commons.math.genetics.GeneticAlgorithmTestPermutations, org.apache.commons.math.genetics.ListPopulationTest, org.apache.commons.math.genetics.ListPopulationTest, org.apache.commons.math.genetics.OnePointCrossoverTest, org.apache.commons.math.genetics.OnePointCrossoverTest, org.apache.commons.math.genetics.RandomKeyMutationTest, org.apache.commons.math.genetics.RandomKeyMutationTest, org.apache.commons.math.genetics.RandomKeyTest, org.apache.commons.math.genetics.RandomKeyTest, org.apache.commons.math.genetics.TournamentSelectionTest, org.apache.commons.math.genetics.TournamentSelectionTest, org.apache.commons.math.geometry.euclidean.oned.IntervalsSetTest, org.apache.commons.math.geometry.euclidean.oned.IntervalsSetTest, org.apache.commons.math.geometry.euclidean.threed.FrenchVector3DFormatTest, org.apache.commons.math.geometry.euclidean.threed.FrenchVector3DFormatTest, org.apache.commons.math.geometry.euclidean.threed.LineTest, org.apache.commons.math.geometry.euclidean.threed.LineTest, org.apache.commons.math.geometry.euclidean.threed.PlaneTest, org.apache.commons.math.geometry.euclidean.threed.PlaneTest, org.apache.commons.math.geometry.euclidean.threed.PolyhedronsSetTest, org.apache.commons.math.geometry.euclidean.threed.PolyhedronsSetTest, org.apache.commons.math.geometry.euclidean.threed.RotationOrderTest, org.apache.commons.math.geometry.euclidean.threed.RotationOrderTest, org.apache.commons.math.geometry.euclidean.threed.RotationTest, org.apache.commons.math.geometry.euclidean.threed.RotationTest, org.apache.commons.math.geometry.euclidean.threed.SubLineTest, org.apache.commons.math.geometry.euclidean.threed.SubLineTest, org.apache.commons.math.geometry.euclidean.threed.Vector3DFormatTest, org.apache.commons.math.geometry.euclidean.threed.Vector3DFormatTest, org.apache.commons.math.geometry.euclidean.threed.Vector3DTest, org.apache.commons.math.geometry.euclidean.threed.Vector3DTest, org.apache.commons.math.geometry.euclidean.twod.LineTest, org.apache.commons.math.geometry.euclidean.twod.LineTest, org.apache.commons.math.geometry.euclidean.twod.PolygonsSetTest, org.apache.commons.math.geometry.euclidean.twod.PolygonsSetTest, org.apache.commons.math.geometry.euclidean.twod.SubLineTest, org.apache.commons.math.geometry.euclidean.twod.SubLineTest, org.apache.commons.math.geometry.partitioning.utilities.AVLTreeTest, org.apache.commons.math.geometry.partitioning.utilities.AVLTreeTest, org.apache.commons.math.linear.Array2DRowRealMatrixTest, org.apache.commons.math.linear.Array2DRowRealMatrixTest, org.apache.commons.math.linear.ArrayFieldVectorTest, org.apache.commons.math.linear.ArrayFieldVectorTest, org.apache.commons.math.linear.ArrayRealVectorTest, org.apache.commons.math.linear.ArrayRealVectorTest, org.apache.commons.math.linear.BiDiagonalTransformerTest, org.apache.commons.math.linear.BiDiagonalTransformerTest, org.apache.commons.math.linear.BlockFieldMatrixTest, org.apache.commons.math.linear.BlockFieldMatrixTest, org.apache.commons.math.linear.BlockRealMatrixTest, org.apache.commons.math.linear.BlockRealMatrixTest, org.apache.commons.math.linear.CholeskyDecompositionTest, org.apache.commons.math.linear.CholeskyDecompositionTest, org.apache.commons.math.linear.CholeskySolverTest, org.apache.commons.math.linear.CholeskySolverTest, org.apache.commons.math.linear.ConjugateGradientTest, org.apache.commons.math.linear.ConjugateGradientTest, org.apache.commons.math.linear.EigenDecompositionTest, org.apache.commons.math.linear.EigenDecompositionTest, org.apache.commons.math.linear.EigenSolverTest, org.apache.commons.math.linear.EigenSolverTest, org.apache.commons.math.linear.FieldLUDecompositionTest, org.apache.commons.math.linear.FieldLUDecompositionTest, org.apache.commons.math.linear.FieldLUSolverTest, org.apache.commons.math.linear.FieldLUSolverTest, org.apache.commons.math.linear.FieldMatrixImplTest, org.apache.commons.math.linear.FieldMatrixImplTest, org.apache.commons.math.linear.FrenchRealVectorFormatTest, org.apache.commons.math.linear.FrenchRealVectorFormatTest, org.apache.commons.math.linear.LUDecompositionTest, org.apache.commons.math.linear.LUDecompositionTest, org.apache.commons.math.linear.LUSolverTest, org.apache.commons.math.linear.LUSolverTest, org.apache.commons.math.linear.MatrixDimensionMismatchExceptionTest, org.apache.commons.math.linear.MatrixDimensionMismatchExceptionTest, org.apache.commons.math.linear.MatrixUtilsTest, org.apache.commons.math.linear.MatrixUtilsTest, org.apache.commons.math.linear.OpenMapRealMatrixTest, org.apache.commons.math.linear.OpenMapRealMatrixTest, org.apache.commons.math.linear.PivotingQRDecompositionTest, org.apache.commons.math.linear.PivotingQRDecompositionTest, org.apache.commons.math.linear.PivotingQRSolverTest, org.apache.commons.math.linear.PivotingQRSolverTest, org.apache.commons.math.linear.QRDecompositionTest, org.apache.commons.math.linear.QRDecompositionTest, org.apache.commons.math.linear.QRSolverTest, org.apache.commons.math.linear.QRSolverTest, org.apache.commons.math.linear.RealVectorFormatTest, org.apache.commons.math.linear.RealVectorFormatTest, org.apache.commons.math.linear.RealVectorTest, org.apache.commons.math.linear.RealVectorTest, org.apache.commons.math.linear.SingularValueDecompositionTest, org.apache.commons.math.linear.SingularValueDecompositionTest, org.apache.commons.math.linear.SingularValueSolverTest, org.apache.commons.math.linear.SingularValueSolverTest, org.apache.commons.math.linear.SparseFieldMatrixTest, org.apache.commons.math.linear.SparseFieldMatrixTest, org.apache.commons.math.linear.SparseFieldVectorTest, org.apache.commons.math.linear.SparseFieldVectorTest, org.apache.commons.math.linear.SparseRealMatrixTest, org.apache.commons.math.linear.SparseRealMatrixTest, org.apache.commons.math.linear.SparseRealVectorTest, org.apache.commons.math.linear.SparseRealVectorTest, org.apache.commons.math.linear.SymmLQTest, org.apache.commons.math.linear.SymmLQTest, org.apache.commons.math.linear.TriDiagonalTransformerTest, org.apache.commons.math.linear.TriDiagonalTransformerTest, org.apache.commons.math.linear.UnmodifiableArrayRealVectorTest, org.apache.commons.math.linear.UnmodifiableArrayRealVectorTest, org.apache.commons.math.linear.UnmodifiableOpenMapRealVectorTest, org.apache.commons.math.linear.UnmodifiableOpenMapRealVectorTest, org.apache.commons.math.ode.ContinuousOutputModelTest, org.apache.commons.math.ode.ContinuousOutputModelTest, org.apache.commons.math.ode.FirstOrderConverterTest, org.apache.commons.math.ode.FirstOrderConverterTest, org.apache.commons.math.ode.JacobianMatricesTest, org.apache.commons.math.ode.JacobianMatricesTest, org.apache.commons.math.ode.events.EventStateTest, org.apache.commons.math.ode.events.EventStateTest, org.apache.commons.math.ode.events.OverlappingEventsTest, org.apache.commons.math.ode.events.OverlappingEventsTest, org.apache.commons.math.ode.nonstiff.AdamsBashforthIntegratorTest, org.apache.commons.math.ode.nonstiff.AdamsBashforthIntegratorTest, org.apache.commons.math.ode.nonstiff.AdamsMoultonIntegratorTest, org.apache.commons.math.ode.nonstiff.AdamsMoultonIntegratorTest, org.apache.commons.math.ode.nonstiff.ClassicalRungeKuttaIntegratorTest, org.apache.commons.math.ode.nonstiff.ClassicalRungeKuttaIntegratorTest, org.apache.commons.math.ode.nonstiff.ClassicalRungeKuttaStepInterpolatorTest, org.apache.commons.math.ode.nonstiff.ClassicalRungeKuttaStepInterpolatorTest, org.apache.commons.math.ode.nonstiff.DormandPrince54IntegratorTest, org.apache.commons.math.ode.nonstiff.DormandPrince54IntegratorTest, org.apache.commons.math.ode.nonstiff.DormandPrince54StepInterpolatorTest, org.apache.commons.math.ode.nonstiff.DormandPrince54StepInterpolatorTest, org.apache.commons.math.ode.nonstiff.DormandPrince853IntegratorTest, org.apache.commons.math.ode.nonstiff.DormandPrince853IntegratorTest, org.apache.commons.math.ode.nonstiff.DormandPrince853StepInterpolatorTest, org.apache.commons.math.ode.nonstiff.DormandPrince853StepInterpolatorTest, org.apache.commons.math.ode.nonstiff.EulerIntegratorTest, org.apache.commons.math.ode.nonstiff.EulerIntegratorTest, org.apache.commons.math.ode.nonstiff.EulerStepInterpolatorTest, org.apache.commons.math.ode.nonstiff.EulerStepInterpolatorTest, org.apache.commons.math.ode.nonstiff.GillIntegratorTest, org.apache.commons.math.ode.nonstiff.GillIntegratorTest, org.apache.commons.math.ode.nonstiff.GillStepInterpolatorTest, org.apache.commons.math.ode.nonstiff.GillStepInterpolatorTest, org.apache.commons.math.ode.nonstiff.GraggBulirschStoerIntegratorTest, org.apache.commons.math.ode.nonstiff.GraggBulirschStoerIntegratorTest, org.apache.commons.math.ode.nonstiff.GraggBulirschStoerStepInterpolatorTest, org.apache.commons.math.ode.nonstiff.GraggBulirschStoerStepInterpolatorTest, org.apache.commons.math.ode.nonstiff.HighamHall54IntegratorTest, org.apache.commons.math.ode.nonstiff.HighamHall54IntegratorTest, org.apache.commons.math.ode.nonstiff.HighamHall54StepInterpolatorTest, org.apache.commons.math.ode.nonstiff.HighamHall54StepInterpolatorTest, org.apache.commons.math.ode.nonstiff.MidpointIntegratorTest, org.apache.commons.math.ode.nonstiff.MidpointIntegratorTest, org.apache.commons.math.ode.nonstiff.MidpointStepInterpolatorTest, org.apache.commons.math.ode.nonstiff.MidpointStepInterpolatorTest, org.apache.commons.math.ode.nonstiff.ThreeEighthesIntegratorTest, org.apache.commons.math.ode.nonstiff.ThreeEighthesIntegratorTest, org.apache.commons.math.ode.nonstiff.ThreeEighthesStepInterpolatorTest, org.apache.commons.math.ode.nonstiff.ThreeEighthesStepInterpolatorTest, org.apache.commons.math.ode.sampling.DummyStepInterpolatorTest, org.apache.commons.math.ode.sampling.DummyStepInterpolatorTest, org.apache.commons.math.ode.sampling.NordsieckStepInterpolatorTest, org.apache.commons.math.ode.sampling.NordsieckStepInterpolatorTest, org.apache.commons.math.ode.sampling.StepNormalizerOutputOverlapTest, org.apache.commons.math.ode.sampling.StepNormalizerOutputOverlapTest, org.apache.commons.math.ode.sampling.StepNormalizerOutputTest, org.apache.commons.math.ode.sampling.StepNormalizerOutputTest, org.apache.commons.math.ode.sampling.StepNormalizerTest, org.apache.commons.math.ode.sampling.StepNormalizerTest, org.apache.commons.math.optimization.BatteryNISTTest, org.apache.commons.math.optimization.BatteryNISTTest, org.apache.commons.math.optimization.MultiStartDifferentiableMultivariateRealOptimizerTest, org.apache.commons.math.optimization.MultiStartDifferentiableMultivariateRealOptimizerTest, org.apache.commons.math.optimization.MultiStartDifferentiableMultivariateVectorialOptimizerTest, org.apache.commons.math.optimization.MultiStartDifferentiableMultivariateVectorialOptimizerTest, org.apache.commons.math.optimization.MultiStartMultivariateRealOptimizerTest, org.apache.commons.math.optimization.MultiStartMultivariateRealOptimizerTest, org.apache.commons.math.optimization.direct.BOBYQAOptimizerTest, org.apache.commons.math.optimization.direct.BOBYQAOptimizerTest, org.apache.commons.math.optimization.direct.CMAESOptimizerTest, org.apache.commons.math.optimization.direct.CMAESOptimizerTest, org.apache.commons.math.optimization.direct.PowellOptimizerTest, org.apache.commons.math.optimization.direct.PowellOptimizerTest, org.apache.commons.math.optimization.direct.SimplexOptimizerMultiDirectionalTest, org.apache.commons.math.optimization.direct.SimplexOptimizerMultiDirectionalTest, org.apache.commons.math.optimization.direct.SimplexOptimizerNelderMeadTest, org.apache.commons.math.optimization.direct.SimplexOptimizerNelderMeadTest, org.apache.commons.math.optimization.fitting.CurveFitterTest, org.apache.commons.math.optimization.fitting.CurveFitterTest, org.apache.commons.math.optimization.fitting.GaussianFitterTest, org.apache.commons.math.optimization.fitting.GaussianFitterTest, org.apache.commons.math.optimization.fitting.HarmonicFitterTest, org.apache.commons.math.optimization.fitting.HarmonicFitterTest, org.apache.commons.math.optimization.fitting.PolynomialFitterTest, org.apache.commons.math.optimization.fitting.PolynomialFitterTest, org.apache.commons.math.optimization.general.GaussNewtonOptimizerTest, org.apache.commons.math.optimization.general.GaussNewtonOptimizerTest, org.apache.commons.math.optimization.general.LevenbergMarquardtOptimizerTest, org.apache.commons.math.optimization.general.LevenbergMarquardtOptimizerTest, org.apache.commons.math.optimization.general.MinpackTest, org.apache.commons.math.optimization.general.MinpackTest, org.apache.commons.math.optimization.general.NonLinearConjugateGradientOptimizerTest, org.apache.commons.math.optimization.general.NonLinearConjugateGradientOptimizerTest, org.apache.commons.math.optimization.linear.SimplexSolverTest, org.apache.commons.math.optimization.linear.SimplexSolverTest, org.apache.commons.math.optimization.linear.SimplexTableauTest, org.apache.commons.math.optimization.linear.SimplexTableauTest, org.apache.commons.math.optimization.univariate.BracketFinderTest, org.apache.commons.math.optimization.univariate.BracketFinderTest, org.apache.commons.math.optimization.univariate.BrentOptimizerTest, org.apache.commons.math.optimization.univariate.BrentOptimizerTest, org.apache.commons.math.optimization.univariate.MultiStartUnivariateRealOptimizerTest, org.apache.commons.math.optimization.univariate.MultiStartUnivariateRealOptimizerTest, org.apache.commons.math.random.AbstractRandomGeneratorTest, org.apache.commons.math.random.AbstractRandomGeneratorTest, org.apache.commons.math.random.BitsStreamGeneratorTest, org.apache.commons.math.random.BitsStreamGeneratorTest, org.apache.commons.math.random.CorrelatedRandomVectorGeneratorTest, org.apache.commons.math.random.CorrelatedRandomVectorGeneratorTest, org.apache.commons.math.random.EmpiricalDistributionTest, org.apache.commons.math.random.EmpiricalDistributionTest, org.apache.commons.math.random.GaussianRandomGeneratorTest, org.apache.commons.math.random.GaussianRandomGeneratorTest, org.apache.commons.math.random.MersenneTwisterTest, org.apache.commons.math.random.MersenneTwisterTest, org.apache.commons.math.random.RandomAdaptorTest, org.apache.commons.math.random.RandomAdaptorTest, org.apache.commons.math.random.RandomDataTest, org.apache.commons.math.random.RandomDataTest, org.apache.commons.math.random.RandomGeneratorAbstractTest, org.apache.commons.math.random.RandomGeneratorAbstractTest, org.apache.commons.math.random.UncorrelatedRandomVectorGeneratorTest, org.apache.commons.math.random.UncorrelatedRandomVectorGeneratorTest, org.apache.commons.math.random.UniformRandomGeneratorTest, org.apache.commons.math.random.UniformRandomGeneratorTest, org.apache.commons.math.random.ValueServerTest, org.apache.commons.math.random.ValueServerTest, org.apache.commons.math.random.Well1024aTest, org.apache.commons.math.random.Well1024aTest, org.apache.commons.math.random.Well19937aTest, org.apache.commons.math.random.Well19937aTest, org.apache.commons.math.random.Well19937cTest, org.apache.commons.math.random.Well19937cTest, org.apache.commons.math.random.Well44497aTest, org.apache.commons.math.random.Well44497aTest, org.apache.commons.math.random.Well44497bTest, org.apache.commons.math.random.Well44497bTest, org.apache.commons.math.random.Well512aTest, org.apache.commons.math.random.Well512aTest, org.apache.commons.math.special.BetaTest, org.apache.commons.math.special.BetaTest, org.apache.commons.math.special.ErfTest, org.apache.commons.math.special.ErfTest, org.apache.commons.math.special.GammaTest, org.apache.commons.math.special.GammaTest, org.apache.commons.math.stat.CertifiedDataTest, org.apache.commons.math.stat.CertifiedDataTest, org.apache.commons.math.stat.FrequencyTest, org.apache.commons.math.stat.FrequencyTest, org.apache.commons.math.stat.StatUtilsTest, org.apache.commons.math.stat.StatUtilsTest, org.apache.commons.math.stat.clustering.EuclideanIntegerPointTest, org.apache.commons.math.stat.clustering.EuclideanIntegerPointTest, org.apache.commons.math.stat.clustering.KMeansPlusPlusClustererTest, org.apache.commons.math.stat.clustering.KMeansPlusPlusClustererTest, org.apache.commons.math.stat.correlation.CovarianceTest, org.apache.commons.math.stat.correlation.CovarianceTest, org.apache.commons.math.stat.correlation.PearsonsCorrelationTest, org.apache.commons.math.stat.correlation.PearsonsCorrelationTest, org.apache.commons.math.stat.correlation.SpearmansRankCorrelationTest, org.apache.commons.math.stat.correlation.SpearmansRankCorrelationTest, org.apache.commons.math.stat.correlation.StorelessCovarianceTest, org.apache.commons.math.stat.correlation.StorelessCovarianceTest, org.apache.commons.math.stat.data.LewTest, org.apache.commons.math.stat.data.LewTest, org.apache.commons.math.stat.data.LotteryTest, org.apache.commons.math.stat.data.LotteryTest, org.apache.commons.math.stat.descriptive.AbstractUnivariateStatisticTest, org.apache.commons.math.stat.descriptive.AbstractUnivariateStatisticTest, org.apache.commons.math.stat.descriptive.AggregateSummaryStatisticsTest, org.apache.commons.math.stat.descriptive.AggregateSummaryStatisticsTest, org.apache.commons.math.stat.descriptive.DescriptiveStatisticsTest, org.apache.commons.math.stat.descriptive.DescriptiveStatisticsTest, org.apache.commons.math.stat.descriptive.InteractionTest, org.apache.commons.math.stat.descriptive.InteractionTest, org.apache.commons.math.stat.descriptive.ListUnivariateImplTest, org.apache.commons.math.stat.descriptive.ListUnivariateImplTest, org.apache.commons.math.stat.descriptive.MixedListUnivariateImplTest, org.apache.commons.math.stat.descriptive.MixedListUnivariateImplTest, org.apache.commons.math.stat.descriptive.MultivariateSummaryStatisticsTest, org.apache.commons.math.stat.descriptive.MultivariateSummaryStatisticsTest, org.apache.commons.math.stat.descriptive.StatisticalSummaryValuesTest, org.apache.commons.math.stat.descriptive.StatisticalSummaryValuesTest, org.apache.commons.math.stat.descriptive.SummaryStatisticsTest, org.apache.commons.math.stat.descriptive.SummaryStatisticsTest, org.apache.commons.math.stat.descriptive.SynchronizedDescriptiveStatisticsTest, org.apache.commons.math.stat.descriptive.SynchronizedDescriptiveStatisticsTest, org.apache.commons.math.stat.descriptive.SynchronizedMultivariateSummaryStatisticsTest, org.apache.commons.math.stat.descriptive.SynchronizedMultivariateSummaryStatisticsTest, org.apache.commons.math.stat.descriptive.SynchronizedSummaryStatisticsTest, org.apache.commons.math.stat.descriptive.SynchronizedSummaryStatisticsTest, org.apache.commons.math.stat.descriptive.moment.FirstMomentTest, org.apache.commons.math.stat.descriptive.moment.FirstMomentTest, org.apache.commons.math.stat.descriptive.moment.FourthMomentTest, org.apache.commons.math.stat.descriptive.moment.FourthMomentTest, org.apache.commons.math.stat.descriptive.moment.GeometricMeanTest, org.apache.commons.math.stat.descriptive.moment.GeometricMeanTest, org.apache.commons.math.stat.descriptive.moment.KurtosisTest, org.apache.commons.math.stat.descriptive.moment.KurtosisTest, org.apache.commons.math.stat.descriptive.moment.MeanTest, org.apache.commons.math.stat.descriptive.moment.MeanTest, org.apache.commons.math.stat.descriptive.moment.SecondMomentTest, org.apache.commons.math.stat.descriptive.moment.SecondMomentTest, org.apache.commons.math.stat.descriptive.moment.SemiVarianceTest, org.apache.commons.math.stat.descriptive.moment.SemiVarianceTest, org.apache.commons.math.stat.descriptive.moment.SkewnessTest, org.apache.commons.math.stat.descriptive.moment.SkewnessTest, org.apache.commons.math.stat.descriptive.moment.StandardDeviationTest, org.apache.commons.math.stat.descriptive.moment.StandardDeviationTest, org.apache.commons.math.stat.descriptive.moment.ThirdMomentTest, org.apache.commons.math.stat.descriptive.moment.ThirdMomentTest, org.apache.commons.math.stat.descriptive.moment.VarianceTest, org.apache.commons.math.stat.descriptive.moment.VarianceTest, org.apache.commons.math.stat.descriptive.moment.VectorialCovarianceTest, org.apache.commons.math.stat.descriptive.moment.VectorialCovarianceTest, org.apache.commons.math.stat.descriptive.moment.VectorialMeanTest, org.apache.commons.math.stat.descriptive.moment.VectorialMeanTest, org.apache.commons.math.stat.descriptive.rank.MaxTest, org.apache.commons.math.stat.descriptive.rank.MaxTest, org.apache.commons.math.stat.descriptive.rank.MedianTest, org.apache.commons.math.stat.descriptive.rank.MedianTest, org.apache.commons.math.stat.descriptive.rank.MinTest, org.apache.commons.math.stat.descriptive.rank.MinTest, org.apache.commons.math.stat.descriptive.rank.PercentileTest, org.apache.commons.math.stat.descriptive.rank.PercentileTest, org.apache.commons.math.stat.descriptive.summary.ProductTest, org.apache.commons.math.stat.descriptive.summary.ProductTest, org.apache.commons.math.stat.descriptive.summary.SumLogTest, org.apache.commons.math.stat.descriptive.summary.SumLogTest, org.apache.commons.math.stat.descriptive.summary.SumSqTest, org.apache.commons.math.stat.descriptive.summary.SumSqTest, org.apache.commons.math.stat.descriptive.summary.SumTest, org.apache.commons.math.stat.descriptive.summary.SumTest, org.apache.commons.math.stat.inference.ChiSquareTestTest, org.apache.commons.math.stat.inference.ChiSquareTestTest, org.apache.commons.math.stat.inference.MannWhitneyUTestTest, org.apache.commons.math.stat.inference.MannWhitneyUTestTest, org.apache.commons.math.stat.inference.OneWayAnovaTest, org.apache.commons.math.stat.inference.OneWayAnovaTest, org.apache.commons.math.stat.inference.TTestTest, org.apache.commons.math.stat.inference.TTestTest, org.apache.commons.math.stat.inference.TestUtilsTest, org.apache.commons.math.stat.inference.TestUtilsTest, org.apache.commons.math.stat.inference.WilcoxonSignedRankTestTest, org.apache.commons.math.stat.inference.WilcoxonSignedRankTestTest, org.apache.commons.math.stat.ranking.NaturalRankingTest, org.apache.commons.math.stat.ranking.NaturalRankingTest, org.apache.commons.math.stat.regression.GLSMultipleLinearRegressionTest, org.apache.commons.math.stat.regression.GLSMultipleLinearRegressionTest, org.apache.commons.math.stat.regression.MillerUpdatingRegressionTest, org.apache.commons.math.stat.regression.MillerUpdatingRegressionTest, org.apache.commons.math.stat.regression.OLSMultipleLinearRegressionTest, org.apache.commons.math.stat.regression.OLSMultipleLinearRegressionTest, org.apache.commons.math.stat.regression.SimpleRegressionTest, org.apache.commons.math.stat.regression.SimpleRegressionTest, org.apache.commons.math.transform.FastCosineTransformerTest, org.apache.commons.math.transform.FastCosineTransformerTest, org.apache.commons.math.transform.FastFourierTransformerTest, org.apache.commons.math.transform.FastFourierTransformerTest, org.apache.commons.math.transform.FastHadamardTransformerTest, org.apache.commons.math.transform.FastHadamardTransformerTest, org.apache.commons.math.transform.FastSineTransformerTest, org.apache.commons.math.transform.FastSineTransformerTest, org.apache.commons.math.util.ArithmeticUtilsTest, org.apache.commons.math.util.ArithmeticUtilsTest, org.apache.commons.math.util.BigRealFieldTest, org.apache.commons.math.util.BigRealFieldTest, org.apache.commons.math.util.BigRealTest, org.apache.commons.math.util.BigRealTest, org.apache.commons.math.util.ContinuedFractionTest, org.apache.commons.math.util.ContinuedFractionTest, org.apache.commons.math.util.DefaultTransformerTest, org.apache.commons.math.util.DefaultTransformerTest, org.apache.commons.math.util.FastMathStrictComparisonTest, org.apache.commons.math.util.FastMathStrictComparisonTest, org.apache.commons.math.util.FastMathTest, org.apache.commons.math.util.FastMathTest, org.apache.commons.math.util.FastMathTestPerformance, org.apache.commons.math.util.FastMathTestPerformance, org.apache.commons.math.util.IncrementorTest, org.apache.commons.math.util.IncrementorTest, org.apache.commons.math.util.MathArraysTest, org.apache.commons.math.util.MathArraysTest, org.apache.commons.math.util.MathUtilsTest, org.apache.commons.math.util.MathUtilsTest, org.apache.commons.math.util.MultidimensionalCounterTest, org.apache.commons.math.util.MultidimensionalCounterTest, org.apache.commons.math.util.OpenIntToDoubleHashMapTest, org.apache.commons.math.util.OpenIntToDoubleHashMapTest, org.apache.commons.math.util.OpenIntToFieldTest, org.apache.commons.math.util.OpenIntToFieldTest, org.apache.commons.math.util.PairTest, org.apache.commons.math.util.PairTest, org.apache.commons.math.util.PrecisionTest, org.apache.commons.math.util.PrecisionTest, org.apache.commons.math.util.ResizableDoubleArrayTest, org.apache.commons.math.util.ResizableDoubleArrayTest, org.apache.commons.math.util.TransformerMapTest, org.apache.commons.math.util.TransformerMapTest]
23:16:27.537 [main] INFO  fr.inria.lille.repair.nopol.NoPol - Config: Config{synthesisDepth=3, collectStaticMethods=true, collectStaticFields=false, collectLiterals=false, onlyOneSynthesisResult=true, sortExpressions=true, maxLineInvocationPerTest=250, timeoutMethodInvocation=2000, dataCollectionTimeoutInSecondForSynthesis=900, addWeight=0.19478, subWeight=0.04554, mulWeight=0.0102, divWeight=0.00613, andWeight=0.10597, orWeight=0.05708, eqWeight=0.22798, nEqWeight=0.0, lessEqWeight=0.0255, lessWeight=0.0947, methodCallWeight=0.1, fieldAccessWeight=0.08099, constantWeight=0.14232, variableWeight=0.05195, mode=REPAIR, type=PRE_THEN_COND, synthesis=SMT, oracle=ANGELIC, solver=Z3, solverPath='/home/tdurieux/defects4j4repair/script/../libs/z3/build/z3', projectSources=[src/main/java], projectClasspath='[Ljava.net.URL;@66d33a', projectTests=[org.apache.commons.math.MathExceptionTest, org.apache.commons.math.MathExceptionTest, org.apache.commons.math.RetryRunnerTest, org.apache.commons.math.RetryRunnerTest, org.apache.commons.math.analysis.FunctionUtilsTest, org.apache.commons.math.analysis.FunctionUtilsTest, org.apache.commons.math.analysis.function.GaussianTest, org.apache.commons.math.analysis.function.GaussianTest, org.apache.commons.math.analysis.function.HarmonicOscillatorTest, org.apache.commons.math.analysis.function.HarmonicOscillatorTest, org.apache.commons.math.analysis.function.LogisticTest, org.apache.commons.math.analysis.function.LogisticTest, org.apache.commons.math.analysis.function.LogitTest, org.apache.commons.math.analysis.function.LogitTest, org.apache.commons.math.analysis.function.SigmoidTest, org.apache.commons.math.analysis.function.SigmoidTest, org.apache.commons.math.analysis.function.SincTest, org.apache.commons.math.analysis.function.SincTest, org.apache.commons.math.analysis.function.SqrtTest, org.apache.commons.math.analysis.function.SqrtTest, org.apache.commons.math.analysis.function.StepFunctionTest, org.apache.commons.math.analysis.function.StepFunctionTest, org.apache.commons.math.analysis.integration.LegendreGaussIntegratorTest, org.apache.commons.math.analysis.integration.LegendreGaussIntegratorTest, org.apache.commons.math.analysis.integration.RombergIntegratorTest, org.apache.commons.math.analysis.integration.RombergIntegratorTest, org.apache.commons.math.analysis.integration.SimpsonIntegratorTest, org.apache.commons.math.analysis.integration.SimpsonIntegratorTest, org.apache.commons.math.analysis.integration.TrapezoidIntegratorTest, org.apache.commons.math.analysis.integration.TrapezoidIntegratorTest, org.apache.commons.math.analysis.interpolation.BicubicSplineInterpolatingFunctionTest, org.apache.commons.math.analysis.interpolation.BicubicSplineInterpolatingFunctionTest, org.apache.commons.math.analysis.interpolation.BicubicSplineInterpolatorTest, org.apache.commons.math.analysis.interpolation.BicubicSplineInterpolatorTest, org.apache.commons.math.analysis.interpolation.DividedDifferenceInterpolatorTest, org.apache.commons.math.analysis.interpolation.DividedDifferenceInterpolatorTest, org.apache.commons.math.analysis.interpolation.LinearInterpolatorTest, org.apache.commons.math.analysis.interpolation.LinearInterpolatorTest, org.apache.commons.math.analysis.interpolation.LoessInterpolatorTest, org.apache.commons.math.analysis.interpolation.LoessInterpolatorTest, org.apache.commons.math.analysis.interpolation.MicrosphereInterpolatorTest, org.apache.commons.math.analysis.interpolation.MicrosphereInterpolatorTest, org.apache.commons.math.analysis.interpolation.NevilleInterpolatorTest, org.apache.commons.math.analysis.interpolation.NevilleInterpolatorTest, org.apache.commons.math.analysis.interpolation.SmoothingPolynomialBicubicSplineInterpolatorTest, org.apache.commons.math.analysis.interpolation.SmoothingPolynomialBicubicSplineInterpolatorTest, org.apache.commons.math.analysis.interpolation.SplineInterpolatorTest, org.apache.commons.math.analysis.interpolation.SplineInterpolatorTest, org.apache.commons.math.analysis.interpolation.TricubicSplineInterpolatingFunctionTest, org.apache.commons.math.analysis.interpolation.TricubicSplineInterpolatingFunctionTest, org.apache.commons.math.analysis.interpolation.TricubicSplineInterpolatorTest, org.apache.commons.math.analysis.interpolation.TricubicSplineInterpolatorTest, org.apache.commons.math.analysis.interpolation.UnivariateRealPeriodicInterpolatorTest, org.apache.commons.math.analysis.interpolation.UnivariateRealPeriodicInterpolatorTest, org.apache.commons.math.analysis.polynomials.PolynomialFunctionLagrangeFormTest, org.apache.commons.math.analysis.polynomials.PolynomialFunctionLagrangeFormTest, org.apache.commons.math.analysis.polynomials.PolynomialFunctionNewtonFormTest, org.apache.commons.math.analysis.polynomials.PolynomialFunctionNewtonFormTest, org.apache.commons.math.analysis.polynomials.PolynomialFunctionTest, org.apache.commons.math.analysis.polynomials.PolynomialFunctionTest, org.apache.commons.math.analysis.polynomials.PolynomialSplineFunctionTest, org.apache.commons.math.analysis.polynomials.PolynomialSplineFunctionTest, org.apache.commons.math.analysis.polynomials.PolynomialsUtilsTest, org.apache.commons.math.analysis.polynomials.PolynomialsUtilsTest, org.apache.commons.math.analysis.solvers.BisectionSolverTest, org.apache.commons.math.analysis.solvers.BisectionSolverTest, org.apache.commons.math.analysis.solvers.BracketingNthOrderBrentSolverTest, org.apache.commons.math.analysis.solvers.BracketingNthOrderBrentSolverTest, org.apache.commons.math.analysis.solvers.BrentSolverTest, org.apache.commons.math.analysis.solvers.BrentSolverTest, org.apache.commons.math.analysis.solvers.IllinoisSolverTest, org.apache.commons.math.analysis.solvers.IllinoisSolverTest, org.apache.commons.math.analysis.solvers.LaguerreSolverTest, org.apache.commons.math.analysis.solvers.LaguerreSolverTest, org.apache.commons.math.analysis.solvers.MullerSolver2Test, org.apache.commons.math.analysis.solvers.MullerSolver2Test, org.apache.commons.math.analysis.solvers.MullerSolverTest, org.apache.commons.math.analysis.solvers.MullerSolverTest, org.apache.commons.math.analysis.solvers.NewtonSolverTest, org.apache.commons.math.analysis.solvers.NewtonSolverTest, org.apache.commons.math.analysis.solvers.PegasusSolverTest, org.apache.commons.math.analysis.solvers.PegasusSolverTest, org.apache.commons.math.analysis.solvers.RegulaFalsiSolverTest, org.apache.commons.math.analysis.solvers.RegulaFalsiSolverTest, org.apache.commons.math.analysis.solvers.RiddersSolverTest, org.apache.commons.math.analysis.solvers.RiddersSolverTest, org.apache.commons.math.analysis.solvers.SecantSolverTest, org.apache.commons.math.analysis.solvers.SecantSolverTest, org.apache.commons.math.analysis.solvers.UnivariateRealSolverUtilsTest, org.apache.commons.math.analysis.solvers.UnivariateRealSolverUtilsTest, org.apache.commons.math.complex.ComplexFieldTest, org.apache.commons.math.complex.ComplexFieldTest, org.apache.commons.math.complex.ComplexFormatTest, org.apache.commons.math.complex.ComplexFormatTest, org.apache.commons.math.complex.ComplexTest, org.apache.commons.math.complex.ComplexTest, org.apache.commons.math.complex.ComplexUtilsTest, org.apache.commons.math.complex.ComplexUtilsTest, org.apache.commons.math.complex.FrenchComplexFormatTest, org.apache.commons.math.complex.FrenchComplexFormatTest, org.apache.commons.math.dfp.BracketingNthOrderBrentSolverDFPTest, org.apache.commons.math.dfp.BracketingNthOrderBrentSolverDFPTest, org.apache.commons.math.dfp.DfpDecTest, org.apache.commons.math.dfp.DfpDecTest, org.apache.commons.math.dfp.DfpMathTest, org.apache.commons.math.dfp.DfpMathTest, org.apache.commons.math.dfp.DfpTest, org.apache.commons.math.dfp.DfpTest, org.apache.commons.math.distribution.AbtractIntegerDistributionTest, org.apache.commons.math.distribution.AbtractIntegerDistributionTest, org.apache.commons.math.distribution.BetaDistributionTest, org.apache.commons.math.distribution.BetaDistributionTest, org.apache.commons.math.distribution.BinomialDistributionTest, org.apache.commons.math.distribution.BinomialDistributionTest, org.apache.commons.math.distribution.CauchyDistributionTest, org.apache.commons.math.distribution.CauchyDistributionTest, org.apache.commons.math.distribution.ChiSquareDistributionTest, org.apache.commons.math.distribution.ChiSquareDistributionTest, org.apache.commons.math.distribution.ExponentialDistributionTest, org.apache.commons.math.distribution.ExponentialDistributionTest, org.apache.commons.math.distribution.FDistributionTest, org.apache.commons.math.distribution.FDistributionTest, org.apache.commons.math.distribution.GammaDistributionTest, org.apache.commons.math.distribution.GammaDistributionTest, org.apache.commons.math.distribution.HypergeometricDistributionTest, org.apache.commons.math.distribution.HypergeometricDistributionTest, org.apache.commons.math.distribution.KolmogorovSmirnovDistributionTest, org.apache.commons.math.distribution.KolmogorovSmirnovDistributionTest, org.apache.commons.math.distribution.NormalDistributionTest, org.apache.commons.math.distribution.NormalDistributionTest, org.apache.commons.math.distribution.PascalDistributionTest, org.apache.commons.math.distribution.PascalDistributionTest, org.apache.commons.math.distribution.PoissonDistributionTest, org.apache.commons.math.distribution.PoissonDistributionTest, org.apache.commons.math.distribution.TDistributionTest, org.apache.commons.math.distribution.TDistributionTest, org.apache.commons.math.distribution.WeibullDistributionTest, org.apache.commons.math.distribution.WeibullDistributionTest, org.apache.commons.math.distribution.ZipfDistributionTest, org.apache.commons.math.distribution.ZipfDistributionTest, org.apache.commons.math.exception.DimensionMismatchExceptionTest, org.apache.commons.math.exception.DimensionMismatchExceptionTest, org.apache.commons.math.exception.MaxCountExceededExceptionTest, org.apache.commons.math.exception.MaxCountExceededExceptionTest, org.apache.commons.math.exception.NonMonotonicSequenceExceptionTest, org.apache.commons.math.exception.NonMonotonicSequenceExceptionTest, org.apache.commons.math.exception.NotPositiveExceptionTest, org.apache.commons.math.exception.NotPositiveExceptionTest, org.apache.commons.math.exception.NotStrictlyPositiveExceptionTest, org.apache.commons.math.exception.NotStrictlyPositiveExceptionTest, org.apache.commons.math.exception.NumberIsTooLargeExceptionTest, org.apache.commons.math.exception.NumberIsTooLargeExceptionTest, org.apache.commons.math.exception.NumberIsTooSmallExceptionTest, org.apache.commons.math.exception.NumberIsTooSmallExceptionTest, org.apache.commons.math.exception.OutOfRangeExceptionTest, org.apache.commons.math.exception.OutOfRangeExceptionTest, org.apache.commons.math.exception.TooManyEvaluationsExceptionTest, org.apache.commons.math.exception.TooManyEvaluationsExceptionTest, org.apache.commons.math.exception.util.ArgUtilsTest, org.apache.commons.math.exception.util.ArgUtilsTest, org.apache.commons.math.exception.util.ExceptionContextTest, org.apache.commons.math.exception.util.ExceptionContextTest, org.apache.commons.math.filter.KalmanFilterTest, org.apache.commons.math.filter.KalmanFilterTest, org.apache.commons.math.fraction.BigFractionFieldTest, org.apache.commons.math.fraction.BigFractionFieldTest, org.apache.commons.math.fraction.BigFractionFormatTest, org.apache.commons.math.fraction.BigFractionFormatTest, org.apache.commons.math.fraction.BigFractionTest, org.apache.commons.math.fraction.BigFractionTest, org.apache.commons.math.fraction.FractionFieldTest, org.apache.commons.math.fraction.FractionFieldTest, org.apache.commons.math.fraction.FractionFormatTest, org.apache.commons.math.fraction.FractionFormatTest, org.apache.commons.math.fraction.FractionTest, org.apache.commons.math.fraction.FractionTest, org.apache.commons.math.genetics.BinaryChromosomeTest, org.apache.commons.math.genetics.BinaryChromosomeTest, org.apache.commons.math.genetics.BinaryMutationTest, org.apache.commons.math.genetics.BinaryMutationTest, org.apache.commons.math.genetics.ChromosomeTest, org.apache.commons.math.genetics.ChromosomeTest, org.apache.commons.math.genetics.ElitisticListPopulationTest, org.apache.commons.math.genetics.ElitisticListPopulationTest, org.apache.commons.math.genetics.FitnessCachingTest, org.apache.commons.math.genetics.FitnessCachingTest, org.apache.commons.math.genetics.FixedGenerationCountTest, org.apache.commons.math.genetics.FixedGenerationCountTest, org.apache.commons.math.genetics.GeneticAlgorithmTestBinary, org.apache.commons.math.genetics.GeneticAlgorithmTestBinary, org.apache.commons.math.genetics.GeneticAlgorithmTestPermutations, org.apache.commons.math.genetics.GeneticAlgorithmTestPermutations, org.apache.commons.math.genetics.ListPopulationTest, org.apache.commons.math.genetics.ListPopulationTest, org.apache.commons.math.genetics.OnePointCrossoverTest, org.apache.commons.math.genetics.OnePointCrossoverTest, org.apache.commons.math.genetics.RandomKeyMutationTest, org.apache.commons.math.genetics.RandomKeyMutationTest, org.apache.commons.math.genetics.RandomKeyTest, org.apache.commons.math.genetics.RandomKeyTest, org.apache.commons.math.genetics.TournamentSelectionTest, org.apache.commons.math.genetics.TournamentSelectionTest, org.apache.commons.math.geometry.euclidean.oned.IntervalsSetTest, org.apache.commons.math.geometry.euclidean.oned.IntervalsSetTest, org.apache.commons.math.geometry.euclidean.threed.FrenchVector3DFormatTest, org.apache.commons.math.geometry.euclidean.threed.FrenchVector3DFormatTest, org.apache.commons.math.geometry.euclidean.threed.LineTest, org.apache.commons.math.geometry.euclidean.threed.LineTest, org.apache.commons.math.geometry.euclidean.threed.PlaneTest, org.apache.commons.math.geometry.euclidean.threed.PlaneTest, org.apache.commons.math.geometry.euclidean.threed.PolyhedronsSetTest, org.apache.commons.math.geometry.euclidean.threed.PolyhedronsSetTest, org.apache.commons.math.geometry.euclidean.threed.RotationOrderTest, org.apache.commons.math.geometry.euclidean.threed.RotationOrderTest, org.apache.commons.math.geometry.euclidean.threed.RotationTest, org.apache.commons.math.geometry.euclidean.threed.RotationTest, org.apache.commons.math.geometry.euclidean.threed.SubLineTest, org.apache.commons.math.geometry.euclidean.threed.SubLineTest, org.apache.commons.math.geometry.euclidean.threed.Vector3DFormatTest, org.apache.commons.math.geometry.euclidean.threed.Vector3DFormatTest, org.apache.commons.math.geometry.euclidean.threed.Vector3DTest, org.apache.commons.math.geometry.euclidean.threed.Vector3DTest, org.apache.commons.math.geometry.euclidean.twod.LineTest, org.apache.commons.math.geometry.euclidean.twod.LineTest, org.apache.commons.math.geometry.euclidean.twod.PolygonsSetTest, org.apache.commons.math.geometry.euclidean.twod.PolygonsSetTest, org.apache.commons.math.geometry.euclidean.twod.SubLineTest, org.apache.commons.math.geometry.euclidean.twod.SubLineTest, org.apache.commons.math.geometry.partitioning.utilities.AVLTreeTest, org.apache.commons.math.geometry.partitioning.utilities.AVLTreeTest, org.apache.commons.math.linear.Array2DRowRealMatrixTest, org.apache.commons.math.linear.Array2DRowRealMatrixTest, org.apache.commons.math.linear.ArrayFieldVectorTest, org.apache.commons.math.linear.ArrayFieldVectorTest, org.apache.commons.math.linear.ArrayRealVectorTest, org.apache.commons.math.linear.ArrayRealVectorTest, org.apache.commons.math.linear.BiDiagonalTransformerTest, org.apache.commons.math.linear.BiDiagonalTransformerTest, org.apache.commons.math.linear.BlockFieldMatrixTest, org.apache.commons.math.linear.BlockFieldMatrixTest, org.apache.commons.math.linear.BlockRealMatrixTest, org.apache.commons.math.linear.BlockRealMatrixTest, org.apache.commons.math.linear.CholeskyDecompositionTest, org.apache.commons.math.linear.CholeskyDecompositionTest, org.apache.commons.math.linear.CholeskySolverTest, org.apache.commons.math.linear.CholeskySolverTest, org.apache.commons.math.linear.ConjugateGradientTest, org.apache.commons.math.linear.ConjugateGradientTest, org.apache.commons.math.linear.EigenDecompositionTest, org.apache.commons.math.linear.EigenDecompositionTest, org.apache.commons.math.linear.EigenSolverTest, org.apache.commons.math.linear.EigenSolverTest, org.apache.commons.math.linear.FieldLUDecompositionTest, org.apache.commons.math.linear.FieldLUDecompositionTest, org.apache.commons.math.linear.FieldLUSolverTest, org.apache.commons.math.linear.FieldLUSolverTest, org.apache.commons.math.linear.FieldMatrixImplTest, org.apache.commons.math.linear.FieldMatrixImplTest, org.apache.commons.math.linear.FrenchRealVectorFormatTest, org.apache.commons.math.linear.FrenchRealVectorFormatTest, org.apache.commons.math.linear.LUDecompositionTest, org.apache.commons.math.linear.LUDecompositionTest, org.apache.commons.math.linear.LUSolverTest, org.apache.commons.math.linear.LUSolverTest, org.apache.commons.math.linear.MatrixDimensionMismatchExceptionTest, org.apache.commons.math.linear.MatrixDimensionMismatchExceptionTest, org.apache.commons.math.linear.MatrixUtilsTest, org.apache.commons.math.linear.MatrixUtilsTest, org.apache.commons.math.linear.OpenMapRealMatrixTest, org.apache.commons.math.linear.OpenMapRealMatrixTest, org.apache.commons.math.linear.PivotingQRDecompositionTest, org.apache.commons.math.linear.PivotingQRDecompositionTest, org.apache.commons.math.linear.PivotingQRSolverTest, org.apache.commons.math.linear.PivotingQRSolverTest, org.apache.commons.math.linear.QRDecompositionTest, org.apache.commons.math.linear.QRDecompositionTest, org.apache.commons.math.linear.QRSolverTest, org.apache.commons.math.linear.QRSolverTest, org.apache.commons.math.linear.RealVectorFormatTest, org.apache.commons.math.linear.RealVectorFormatTest, org.apache.commons.math.linear.RealVectorTest, org.apache.commons.math.linear.RealVectorTest, org.apache.commons.math.linear.SingularValueDecompositionTest, org.apache.commons.math.linear.SingularValueDecompositionTest, org.apache.commons.math.linear.SingularValueSolverTest, org.apache.commons.math.linear.SingularValueSolverTest, org.apache.commons.math.linear.SparseFieldMatrixTest, org.apache.commons.math.linear.SparseFieldMatrixTest, org.apache.commons.math.linear.SparseFieldVectorTest, org.apache.commons.math.linear.SparseFieldVectorTest, org.apache.commons.math.linear.SparseRealMatrixTest, org.apache.commons.math.linear.SparseRealMatrixTest, org.apache.commons.math.linear.SparseRealVectorTest, org.apache.commons.math.linear.SparseRealVectorTest, org.apache.commons.math.linear.SymmLQTest, org.apache.commons.math.linear.SymmLQTest, org.apache.commons.math.linear.TriDiagonalTransformerTest, org.apache.commons.math.linear.TriDiagonalTransformerTest, org.apache.commons.math.linear.UnmodifiableArrayRealVectorTest, org.apache.commons.math.linear.UnmodifiableArrayRealVectorTest, org.apache.commons.math.linear.UnmodifiableOpenMapRealVectorTest, org.apache.commons.math.linear.UnmodifiableOpenMapRealVectorTest, org.apache.commons.math.ode.ContinuousOutputModelTest, org.apache.commons.math.ode.ContinuousOutputModelTest, org.apache.commons.math.ode.FirstOrderConverterTest, org.apache.commons.math.ode.FirstOrderConverterTest, org.apache.commons.math.ode.JacobianMatricesTest, org.apache.commons.math.ode.JacobianMatricesTest, org.apache.commons.math.ode.events.EventStateTest, org.apache.commons.math.ode.events.EventStateTest, org.apache.commons.math.ode.events.OverlappingEventsTest, org.apache.commons.math.ode.events.OverlappingEventsTest, org.apache.commons.math.ode.nonstiff.AdamsBashforthIntegratorTest, org.apache.commons.math.ode.nonstiff.AdamsBashforthIntegratorTest, org.apache.commons.math.ode.nonstiff.AdamsMoultonIntegratorTest, org.apache.commons.math.ode.nonstiff.AdamsMoultonIntegratorTest, org.apache.commons.math.ode.nonstiff.ClassicalRungeKuttaIntegratorTest, org.apache.commons.math.ode.nonstiff.ClassicalRungeKuttaIntegratorTest, org.apache.commons.math.ode.nonstiff.ClassicalRungeKuttaStepInterpolatorTest, org.apache.commons.math.ode.nonstiff.ClassicalRungeKuttaStepInterpolatorTest, org.apache.commons.math.ode.nonstiff.DormandPrince54IntegratorTest, org.apache.commons.math.ode.nonstiff.DormandPrince54IntegratorTest, org.apache.commons.math.ode.nonstiff.DormandPrince54StepInterpolatorTest, org.apache.commons.math.ode.nonstiff.DormandPrince54StepInterpolatorTest, org.apache.commons.math.ode.nonstiff.DormandPrince853IntegratorTest, org.apache.commons.math.ode.nonstiff.DormandPrince853IntegratorTest, org.apache.commons.math.ode.nonstiff.DormandPrince853StepInterpolatorTest, org.apache.commons.math.ode.nonstiff.DormandPrince853StepInterpolatorTest, org.apache.commons.math.ode.nonstiff.EulerIntegratorTest, org.apache.commons.math.ode.nonstiff.EulerIntegratorTest, org.apache.commons.math.ode.nonstiff.EulerStepInterpolatorTest, org.apache.commons.math.ode.nonstiff.EulerStepInterpolatorTest, org.apache.commons.math.ode.nonstiff.GillIntegratorTest, org.apache.commons.math.ode.nonstiff.GillIntegratorTest, org.apache.commons.math.ode.nonstiff.GillStepInterpolatorTest, org.apache.commons.math.ode.nonstiff.GillStepInterpolatorTest, org.apache.commons.math.ode.nonstiff.GraggBulirschStoerIntegratorTest, org.apache.commons.math.ode.nonstiff.GraggBulirschStoerIntegratorTest, org.apache.commons.math.ode.nonstiff.GraggBulirschStoerStepInterpolatorTest, org.apache.commons.math.ode.nonstiff.GraggBulirschStoerStepInterpolatorTest, org.apache.commons.math.ode.nonstiff.HighamHall54IntegratorTest, org.apache.commons.math.ode.nonstiff.HighamHall54IntegratorTest, org.apache.commons.math.ode.nonstiff.HighamHall54StepInterpolatorTest, org.apache.commons.math.ode.nonstiff.HighamHall54StepInterpolatorTest, org.apache.commons.math.ode.nonstiff.MidpointIntegratorTest, org.apache.commons.math.ode.nonstiff.MidpointIntegratorTest, org.apache.commons.math.ode.nonstiff.MidpointStepInterpolatorTest, org.apache.commons.math.ode.nonstiff.MidpointStepInterpolatorTest, org.apache.commons.math.ode.nonstiff.ThreeEighthesIntegratorTest, org.apache.commons.math.ode.nonstiff.ThreeEighthesIntegratorTest, org.apache.commons.math.ode.nonstiff.ThreeEighthesStepInterpolatorTest, org.apache.commons.math.ode.nonstiff.ThreeEighthesStepInterpolatorTest, org.apache.commons.math.ode.sampling.DummyStepInterpolatorTest, org.apache.commons.math.ode.sampling.DummyStepInterpolatorTest, org.apache.commons.math.ode.sampling.NordsieckStepInterpolatorTest, org.apache.commons.math.ode.sampling.NordsieckStepInterpolatorTest, org.apache.commons.math.ode.sampling.StepNormalizerOutputOverlapTest, org.apache.commons.math.ode.sampling.StepNormalizerOutputOverlapTest, org.apache.commons.math.ode.sampling.StepNormalizerOutputTest, org.apache.commons.math.ode.sampling.StepNormalizerOutputTest, org.apache.commons.math.ode.sampling.StepNormalizerTest, org.apache.commons.math.ode.sampling.StepNormalizerTest, org.apache.commons.math.optimization.BatteryNISTTest, org.apache.commons.math.optimization.BatteryNISTTest, org.apache.commons.math.optimization.MultiStartDifferentiableMultivariateRealOptimizerTest, org.apache.commons.math.optimization.MultiStartDifferentiableMultivariateRealOptimizerTest, org.apache.commons.math.optimization.MultiStartDifferentiableMultivariateVectorialOptimizerTest, org.apache.commons.math.optimization.MultiStartDifferentiableMultivariateVectorialOptimizerTest, org.apache.commons.math.optimization.MultiStartMultivariateRealOptimizerTest, org.apache.commons.math.optimization.MultiStartMultivariateRealOptimizerTest, org.apache.commons.math.optimization.direct.BOBYQAOptimizerTest, org.apache.commons.math.optimization.direct.BOBYQAOptimizerTest, org.apache.commons.math.optimization.direct.CMAESOptimizerTest, org.apache.commons.math.optimization.direct.CMAESOptimizerTest, org.apache.commons.math.optimization.direct.PowellOptimizerTest, org.apache.commons.math.optimization.direct.PowellOptimizerTest, org.apache.commons.math.optimization.direct.SimplexOptimizerMultiDirectionalTest, org.apache.commons.math.optimization.direct.SimplexOptimizerMultiDirectionalTest, org.apache.commons.math.optimization.direct.SimplexOptimizerNelderMeadTest, org.apache.commons.math.optimization.direct.SimplexOptimizerNelderMeadTest, org.apache.commons.math.optimization.fitting.CurveFitterTest, org.apache.commons.math.optimization.fitting.CurveFitterTest, org.apache.commons.math.optimization.fitting.GaussianFitterTest, org.apache.commons.math.optimization.fitting.GaussianFitterTest, org.apache.commons.math.optimization.fitting.HarmonicFitterTest, org.apache.commons.math.optimization.fitting.HarmonicFitterTest, org.apache.commons.math.optimization.fitting.PolynomialFitterTest, org.apache.commons.math.optimization.fitting.PolynomialFitterTest, org.apache.commons.math.optimization.general.GaussNewtonOptimizerTest, org.apache.commons.math.optimization.general.GaussNewtonOptimizerTest, org.apache.commons.math.optimization.general.LevenbergMarquardtOptimizerTest, org.apache.commons.math.optimization.general.LevenbergMarquardtOptimizerTest, org.apache.commons.math.optimization.general.MinpackTest, org.apache.commons.math.optimization.general.MinpackTest, org.apache.commons.math.optimization.general.NonLinearConjugateGradientOptimizerTest, org.apache.commons.math.optimization.general.NonLinearConjugateGradientOptimizerTest, org.apache.commons.math.optimization.linear.SimplexSolverTest, org.apache.commons.math.optimization.linear.SimplexSolverTest, org.apache.commons.math.optimization.linear.SimplexTableauTest, org.apache.commons.math.optimization.linear.SimplexTableauTest, org.apache.commons.math.optimization.univariate.BracketFinderTest, org.apache.commons.math.optimization.univariate.BracketFinderTest, org.apache.commons.math.optimization.univariate.BrentOptimizerTest, org.apache.commons.math.optimization.univariate.BrentOptimizerTest, org.apache.commons.math.optimization.univariate.MultiStartUnivariateRealOptimizerTest, org.apache.commons.math.optimization.univariate.MultiStartUnivariateRealOptimizerTest, org.apache.commons.math.random.AbstractRandomGeneratorTest, org.apache.commons.math.random.AbstractRandomGeneratorTest, org.apache.commons.math.random.BitsStreamGeneratorTest, org.apache.commons.math.random.BitsStreamGeneratorTest, org.apache.commons.math.random.CorrelatedRandomVectorGeneratorTest, org.apache.commons.math.random.CorrelatedRandomVectorGeneratorTest, org.apache.commons.math.random.EmpiricalDistributionTest, org.apache.commons.math.random.EmpiricalDistributionTest, org.apache.commons.math.random.GaussianRandomGeneratorTest, org.apache.commons.math.random.GaussianRandomGeneratorTest, org.apache.commons.math.random.MersenneTwisterTest, org.apache.commons.math.random.MersenneTwisterTest, org.apache.commons.math.random.RandomAdaptorTest, org.apache.commons.math.random.RandomAdaptorTest, org.apache.commons.math.random.RandomDataTest, org.apache.commons.math.random.RandomDataTest, org.apache.commons.math.random.RandomGeneratorAbstractTest, org.apache.commons.math.random.RandomGeneratorAbstractTest, org.apache.commons.math.random.UncorrelatedRandomVectorGeneratorTest, org.apache.commons.math.random.UncorrelatedRandomVectorGeneratorTest, org.apache.commons.math.random.UniformRandomGeneratorTest, org.apache.commons.math.random.UniformRandomGeneratorTest, org.apache.commons.math.random.ValueServerTest, org.apache.commons.math.random.ValueServerTest, org.apache.commons.math.random.Well1024aTest, org.apache.commons.math.random.Well1024aTest, org.apache.commons.math.random.Well19937aTest, org.apache.commons.math.random.Well19937aTest, org.apache.commons.math.random.Well19937cTest, org.apache.commons.math.random.Well19937cTest, org.apache.commons.math.random.Well44497aTest, org.apache.commons.math.random.Well44497aTest, org.apache.commons.math.random.Well44497bTest, org.apache.commons.math.random.Well44497bTest, org.apache.commons.math.random.Well512aTest, org.apache.commons.math.random.Well512aTest, org.apache.commons.math.special.BetaTest, org.apache.commons.math.special.BetaTest, org.apache.commons.math.special.ErfTest, org.apache.commons.math.special.ErfTest, org.apache.commons.math.special.GammaTest, org.apache.commons.math.special.GammaTest, org.apache.commons.math.stat.CertifiedDataTest, org.apache.commons.math.stat.CertifiedDataTest, org.apache.commons.math.stat.FrequencyTest, org.apache.commons.math.stat.FrequencyTest, org.apache.commons.math.stat.StatUtilsTest, org.apache.commons.math.stat.StatUtilsTest, org.apache.commons.math.stat.clustering.EuclideanIntegerPointTest, org.apache.commons.math.stat.clustering.EuclideanIntegerPointTest, org.apache.commons.math.stat.clustering.KMeansPlusPlusClustererTest, org.apache.commons.math.stat.clustering.KMeansPlusPlusClustererTest, org.apache.commons.math.stat.correlation.CovarianceTest, org.apache.commons.math.stat.correlation.CovarianceTest, org.apache.commons.math.stat.correlation.PearsonsCorrelationTest, org.apache.commons.math.stat.correlation.PearsonsCorrelationTest, org.apache.commons.math.stat.correlation.SpearmansRankCorrelationTest, org.apache.commons.math.stat.correlation.SpearmansRankCorrelationTest, org.apache.commons.math.stat.correlation.StorelessCovarianceTest, org.apache.commons.math.stat.correlation.StorelessCovarianceTest, org.apache.commons.math.stat.data.LewTest, org.apache.commons.math.stat.data.LewTest, org.apache.commons.math.stat.data.LotteryTest, org.apache.commons.math.stat.data.LotteryTest, org.apache.commons.math.stat.descriptive.AbstractUnivariateStatisticTest, org.apache.commons.math.stat.descriptive.AbstractUnivariateStatisticTest, org.apache.commons.math.stat.descriptive.AggregateSummaryStatisticsTest, org.apache.commons.math.stat.descriptive.AggregateSummaryStatisticsTest, org.apache.commons.math.stat.descriptive.DescriptiveStatisticsTest, org.apache.commons.math.stat.descriptive.DescriptiveStatisticsTest, org.apache.commons.math.stat.descriptive.InteractionTest, org.apache.commons.math.stat.descriptive.InteractionTest, org.apache.commons.math.stat.descriptive.ListUnivariateImplTest, org.apache.commons.math.stat.descriptive.ListUnivariateImplTest, org.apache.commons.math.stat.descriptive.MixedListUnivariateImplTest, org.apache.commons.math.stat.descriptive.MixedListUnivariateImplTest, org.apache.commons.math.stat.descriptive.MultivariateSummaryStatisticsTest, org.apache.commons.math.stat.descriptive.MultivariateSummaryStatisticsTest, org.apache.commons.math.stat.descriptive.StatisticalSummaryValuesTest, org.apache.commons.math.stat.descriptive.StatisticalSummaryValuesTest, org.apache.commons.math.stat.descriptive.SummaryStatisticsTest, org.apache.commons.math.stat.descriptive.SummaryStatisticsTest, org.apache.commons.math.stat.descriptive.SynchronizedDescriptiveStatisticsTest, org.apache.commons.math.stat.descriptive.SynchronizedDescriptiveStatisticsTest, org.apache.commons.math.stat.descriptive.SynchronizedMultivariateSummaryStatisticsTest, org.apache.commons.math.stat.descriptive.SynchronizedMultivariateSummaryStatisticsTest, org.apache.commons.math.stat.descriptive.SynchronizedSummaryStatisticsTest, org.apache.commons.math.stat.descriptive.SynchronizedSummaryStatisticsTest, org.apache.commons.math.stat.descriptive.moment.FirstMomentTest, org.apache.commons.math.stat.descriptive.moment.FirstMomentTest, org.apache.commons.math.stat.descriptive.moment.FourthMomentTest, org.apache.commons.math.stat.descriptive.moment.FourthMomentTest, org.apache.commons.math.stat.descriptive.moment.GeometricMeanTest, org.apache.commons.math.stat.descriptive.moment.GeometricMeanTest, org.apache.commons.math.stat.descriptive.moment.KurtosisTest, org.apache.commons.math.stat.descriptive.moment.KurtosisTest, org.apache.commons.math.stat.descriptive.moment.MeanTest, org.apache.commons.math.stat.descriptive.moment.MeanTest, org.apache.commons.math.stat.descriptive.moment.SecondMomentTest, org.apache.commons.math.stat.descriptive.moment.SecondMomentTest, org.apache.commons.math.stat.descriptive.moment.SemiVarianceTest, org.apache.commons.math.stat.descriptive.moment.SemiVarianceTest, org.apache.commons.math.stat.descriptive.moment.SkewnessTest, org.apache.commons.math.stat.descriptive.moment.SkewnessTest, org.apache.commons.math.stat.descriptive.moment.StandardDeviationTest, org.apache.commons.math.stat.descriptive.moment.StandardDeviationTest, org.apache.commons.math.stat.descriptive.moment.ThirdMomentTest, org.apache.commons.math.stat.descriptive.moment.ThirdMomentTest, org.apache.commons.math.stat.descriptive.moment.VarianceTest, org.apache.commons.math.stat.descriptive.moment.VarianceTest, org.apache.commons.math.stat.descriptive.moment.VectorialCovarianceTest, org.apache.commons.math.stat.descriptive.moment.VectorialCovarianceTest, org.apache.commons.math.stat.descriptive.moment.VectorialMeanTest, org.apache.commons.math.stat.descriptive.moment.VectorialMeanTest, org.apache.commons.math.stat.descriptive.rank.MaxTest, org.apache.commons.math.stat.descriptive.rank.MaxTest, org.apache.commons.math.stat.descriptive.rank.MedianTest, org.apache.commons.math.stat.descriptive.rank.MedianTest, org.apache.commons.math.stat.descriptive.rank.MinTest, org.apache.commons.math.stat.descriptive.rank.MinTest, org.apache.commons.math.stat.descriptive.rank.PercentileTest, org.apache.commons.math.stat.descriptive.rank.PercentileTest, org.apache.commons.math.stat.descriptive.summary.ProductTest, org.apache.commons.math.stat.descriptive.summary.ProductTest, org.apache.commons.math.stat.descriptive.summary.SumLogTest, org.apache.commons.math.stat.descriptive.summary.SumLogTest, org.apache.commons.math.stat.descriptive.summary.SumSqTest, org.apache.commons.math.stat.descriptive.summary.SumSqTest, org.apache.commons.math.stat.descriptive.summary.SumTest, org.apache.commons.math.stat.descriptive.summary.SumTest, org.apache.commons.math.stat.inference.ChiSquareTestTest, org.apache.commons.math.stat.inference.ChiSquareTestTest, org.apache.commons.math.stat.inference.MannWhitneyUTestTest, org.apache.commons.math.stat.inference.MannWhitneyUTestTest, org.apache.commons.math.stat.inference.OneWayAnovaTest, org.apache.commons.math.stat.inference.OneWayAnovaTest, org.apache.commons.math.stat.inference.TTestTest, org.apache.commons.math.stat.inference.TTestTest, org.apache.commons.math.stat.inference.TestUtilsTest, org.apache.commons.math.stat.inference.TestUtilsTest, org.apache.commons.math.stat.inference.WilcoxonSignedRankTestTest, org.apache.commons.math.stat.inference.WilcoxonSignedRankTestTest, org.apache.commons.math.stat.ranking.NaturalRankingTest, org.apache.commons.math.stat.ranking.NaturalRankingTest, org.apache.commons.math.stat.regression.GLSMultipleLinearRegressionTest, org.apache.commons.math.stat.regression.GLSMultipleLinearRegressionTest, org.apache.commons.math.stat.regression.MillerUpdatingRegressionTest, org.apache.commons.math.stat.regression.MillerUpdatingRegressionTest, org.apache.commons.math.stat.regression.OLSMultipleLinearRegressionTest, org.apache.commons.math.stat.regression.OLSMultipleLinearRegressionTest, org.apache.commons.math.stat.regression.SimpleRegressionTest, org.apache.commons.math.stat.regression.SimpleRegressionTest, org.apache.commons.math.transform.FastCosineTransformerTest, org.apache.commons.math.transform.FastCosineTransformerTest, org.apache.commons.math.transform.FastFourierTransformerTest, org.apache.commons.math.transform.FastFourierTransformerTest, org.apache.commons.math.transform.FastHadamardTransformerTest, org.apache.commons.math.transform.FastHadamardTransformerTest, org.apache.commons.math.transform.FastSineTransformerTest, org.apache.commons.math.transform.FastSineTransformerTest, org.apache.commons.math.util.ArithmeticUtilsTest, org.apache.commons.math.util.ArithmeticUtilsTest, org.apache.commons.math.util.BigRealFieldTest, org.apache.commons.math.util.BigRealFieldTest, org.apache.commons.math.util.BigRealTest, org.apache.commons.math.util.BigRealTest, org.apache.commons.math.util.ContinuedFractionTest, org.apache.commons.math.util.ContinuedFractionTest, org.apache.commons.math.util.DefaultTransformerTest, org.apache.commons.math.util.DefaultTransformerTest, org.apache.commons.math.util.FastMathStrictComparisonTest, org.apache.commons.math.util.FastMathStrictComparisonTest, org.apache.commons.math.util.FastMathTest, org.apache.commons.math.util.FastMathTest, org.apache.commons.math.util.FastMathTestPerformance, org.apache.commons.math.util.FastMathTestPerformance, org.apache.commons.math.util.IncrementorTest, org.apache.commons.math.util.IncrementorTest, org.apache.commons.math.util.MathArraysTest, org.apache.commons.math.util.MathArraysTest, org.apache.commons.math.util.MathUtilsTest, org.apache.commons.math.util.MathUtilsTest, org.apache.commons.math.util.MultidimensionalCounterTest, org.apache.commons.math.util.MultidimensionalCounterTest, org.apache.commons.math.util.OpenIntToDoubleHashMapTest, org.apache.commons.math.util.OpenIntToDoubleHashMapTest, org.apache.commons.math.util.OpenIntToFieldTest, org.apache.commons.math.util.OpenIntToFieldTest, org.apache.commons.math.util.PairTest, org.apache.commons.math.util.PairTest, org.apache.commons.math.util.PrecisionTest, org.apache.commons.math.util.PrecisionTest, org.apache.commons.math.util.ResizableDoubleArrayTest, org.apache.commons.math.util.ResizableDoubleArrayTest, org.apache.commons.math.util.TransformerMapTest, org.apache.commons.math.util.TransformerMapTest], complianceLevel=5, outputFolder=., json=true}
23:16:27.538 [main] INFO  fr.inria.lille.repair.nopol.NoPol - Available processors (cores): 24
23:16:27.560 [main] INFO  fr.inria.lille.repair.nopol.NoPol - Free memory: 402 MB
23:16:27.560 [main] INFO  fr.inria.lille.repair.nopol.NoPol - Maximum memory: 3 GB
23:16:27.561 [main] INFO  fr.inria.lille.repair.nopol.NoPol - Total memory available to JVM: 483 MB
23:16:27.561 [main] INFO  fr.inria.lille.repair.nopol.NoPol - Java version: 1.8.0_181
23:16:27.562 [main] INFO  fr.inria.lille.repair.nopol.NoPol - JAVA_HOME: /usr/lib/jvm/java-1.8.0-openjdk-amd64/bin/
23:16:27.562 [main] INFO  fr.inria.lille.repair.nopol.NoPol - PATH: /usr/lib/jvm/java-1.8.0-openjdk-amd64/bin/:/usr/lib/oar/oardodo:/usr/lib/oar/oardodo:/usr/local/bin:/usr/bin:/bin:/usr/games
23:20:37.606 [pool-2-thread-1] DEBUG fr.inria.lille.repair.nopol.NoPol - statement #1
23:20:37.607 [pool-2-thread-1] DEBUG fr.inria.lille.repair.nopol.NoPol - Analysing SourceLocation org.apache.commons.math.ode.nonstiff.AdaptiveStepsizeIntegrator:252 which is executed by 3 tests
1694344315
23:20:38.147 [pool-2-thread-1] DEBUG fr.inria.lille.repair.nopol.NoPol - looking with class fr.inria.lille.repair.nopol.spoon.smt.ConditionalAdder
java.lang.AssertionError: going backard in time! (7.796578226186635 < 10.99)
    at org.junit.Assert.fail(Assert.java:88)
    at org.junit.Assert.assertTrue(Assert.java:41)
    at org.apache.commons.math.ode.events.EventStateTest$ResettingEvent.g(EventStateTest.java:120)
    at org.apache.commons.math.ode.events.EventState.evaluateStep(EventState.java:214)
    at org.apache.commons.math.ode.AbstractIntegrator.acceptStep(AbstractIntegrator.java:302)
    at org.apache.commons.math.ode.nonstiff.EmbeddedRungeKuttaIntegrator.integrate(EmbeddedRungeKuttaIntegrator.java:296)
23:20:38.219 [pool-4-thread-1] INFO  xxl.java.junit.TestCasesListener - Tests run finished (49 ms)
<> Total tests run: 2
<> Ignored tests: 0
<> Failed tests: 1
~ testIssue695(org.apache.commons.math.ode.events.EventStateTest)
[going backard in time! (7.796578226186635 < 10.99)]
java.lang.AssertionError: going backard in time! (7.796578226186635 < 10.99)    at org.junit.Assert.fail(Assert.java:88)
    at org.junit.Assert.assertTrue(Assert.java:41)
    at org.apache.commons.math.ode.events.EventStateTest$ResettingEvent.g(EventStateTest.java:120)
    at org.apache.commons.math.ode.events.EventState.evaluateStep(EventState.java:214)
    at org.apache.commons.math.ode.AbstractIntegrator.acceptStep(AbstractIntegrator.java:302)
    at org.apache.commons.math.ode.nonstiff.EmbeddedRungeKuttaIntegrator.integrate(EmbeddedRungeKuttaIntegrator.java:296)

java.lang.AssertionError: going backard in time! (6.752709302888746 < 10.99)
    at org.junit.Assert.fail(Assert.java:88)
    at org.junit.Assert.assertTrue(Assert.java:41)
    at org.apache.commons.math.ode.events.EventStateTest$ResettingEvent.g(EventStateTest.java:120)
    at org.apache.commons.math.ode.events.EventState.evaluateStep(EventState.java:214)
    at org.apache.commons.math.ode.AbstractIntegrator.acceptStep(AbstractIntegrator.java:302)
    at org.apache.commons.math.ode.nonstiff.EmbeddedRungeKuttaIntegrator.integrate(EmbeddedRungeKuttaIntegrator.java:296)
23:20:39.624 [pool-5-thread-1] INFO  f.i.l.c.t.SpecificationTestCasesListener - Tests run finished (30 ms)
<> Total tests run: 1
<> Ignored tests: 0
<> Failed tests: 1
~ testIssue695(org.apache.commons.math.ode.events.EventStateTest)
[going backard in time! (6.752709302888746 < 10.99)]
java.lang.AssertionError: going backard in time! (6.752709302888746 < 10.99)    at org.junit.Assert.fail(Assert.java:88)
    at org.junit.Assert.assertTrue(Assert.java:41)
    at org.apache.commons.math.ode.events.EventStateTest$ResettingEvent.g(EventStateTest.java:120)
    at org.apache.commons.math.ode.events.EventState.evaluateStep(EventState.java:214)
    at org.apache.commons.math.ode.AbstractIntegrator.acceptStep(AbstractIntegrator.java:302)
    at org.apache.commons.math.ode.nonstiff.EmbeddedRungeKuttaIntegrator.integrate(EmbeddedRungeKuttaIntegrator.java:296)

java.lang.AssertionError: going backard in time! (0.0 < 10.99)
    at org.junit.Assert.fail(Assert.java:88)
    at org.junit.Assert.assertTrue(Assert.java:41)
    at org.apache.commons.math.ode.events.EventStateTest$ResettingEvent.g(EventStateTest.java:120)
    at org.apache.commons.math.ode.events.EventState.reinitializeBegin(EventState.java:156)
    at org.apache.commons.math.ode.AbstractIntegrator.acceptStep(AbstractIntegrator.java:285)
    at org.apache.commons.math.ode.nonstiff.EmbeddedRungeKuttaIntegrator.integrate(EmbeddedRungeKuttaIntegrator.java:296)
23:20:39.626 [pool-6-thread-1] INFO  f.i.l.c.t.SpecificationTestCasesListener - Tests run finished (1 ms)
<> Total tests run: 1
<> Ignored tests: 0
<> Failed tests: 1
~ testIssue695(org.apache.commons.math.ode.events.EventStateTest)
[going backard in time! (0.0 < 10.99)]
java.lang.AssertionError: going backard in time! (0.0 < 10.99)    at org.junit.Assert.fail(Assert.java:88)
    at org.junit.Assert.assertTrue(Assert.java:41)
    at org.apache.commons.math.ode.events.EventStateTest$ResettingEvent.g(EventStateTest.java:120)
    at org.apache.commons.math.ode.events.EventState.reinitializeBegin(EventState.java:156)
    at org.apache.commons.math.ode.AbstractIntegrator.acceptStep(AbstractIntegrator.java:285)
    at org.apache.commons.math.ode.nonstiff.EmbeddedRungeKuttaIntegrator.integrate(EmbeddedRungeKuttaIntegrator.java:296)

23:20:39.627 [pool-3-thread-1] DEBUG tests.output - Failing tests with false: 
[testIssue695(org.apache.commons.math.ode.events.EventStateTest): going backard in time! (6.752709302888746 < 10.99)]
23:20:39.627 [pool-3-thread-1] DEBUG tests.output - Failing tests with true: 
[testIssue695(org.apache.commons.math.ode.events.EventStateTest): going backard in time! (0.0 < 10.99)]
23:20:39.628 [pool-3-thread-1] INFO  f.i.l.r.n.synth.SMTNopolSynthesizer - Not enough specifications: 0. A trivial patch is "true" or "false", please write new tests specifying SourceLocation org.apache.commons.math.ode.nonstiff.AdaptiveStepsizeIntegrator:252.
23:20:39.628 [pool-2-thread-1] DEBUG fr.inria.lille.repair.nopol.NoPol - statement #2
23:20:39.628 [pool-2-thread-1] DEBUG fr.inria.lille.repair.nopol.NoPol - Analysing SourceLocation org.apache.commons.math.ode.nonstiff.AdaptiveStepsizeIntegrator:214 which is executed by 3 tests
1694344315
23:20:39.793 [pool-2-thread-1] DEBUG fr.inria.lille.repair.nopol.NoPol - statement #3
23:20:39.793 [pool-2-thread-1] DEBUG fr.inria.lille.repair.nopol.NoPol - Analysing SourceLocation org.apache.commons.math.ode.nonstiff.AdaptiveStepsizeIntegrator:212 which is executed by 3 tests
1694344315
23:20:39.960 [pool-2-thread-1] DEBUG fr.inria.lille.repair.nopol.NoPol - looking with class fr.inria.lille.repair.nopol.spoon.smt.ConditionalAdder
java.lang.AssertionError: going backard in time! (7.796578226186635 < 10.99)
    at org.junit.Assert.fail(Assert.java:88)
    at org.junit.Assert.assertTrue(Assert.java:41)
    at org.apache.commons.math.ode.events.EventStateTest$ResettingEvent.g(EventStateTest.java:120)
    at org.apache.commons.math.ode.events.EventState.evaluateStep(EventState.java:214)
    at org.apache.commons.math.ode.AbstractIntegrator.acceptStep(AbstractIntegrator.java:302)
    at org.apache.commons.math.ode.nonstiff.EmbeddedRungeKuttaIntegrator.integrate(EmbeddedRungeKuttaIntegrator.java:296)
23:20:39.994 [pool-8-thread-1] INFO  xxl.java.junit.TestCasesListener - Tests run finished (30 ms)
<> Total tests run: 2
<> Ignored tests: 0
<> Failed tests: 1
~ testIssue695(org.apache.commons.math.ode.events.EventStateTest)
[going backard in time! (7.796578226186635 < 10.99)]
java.lang.AssertionError: going backard in time! (7.796578226186635 < 10.99)    at org.junit.Assert.fail(Assert.java:88)
    at org.junit.Assert.assertTrue(Assert.java:41)
    at org.apache.commons.math.ode.events.EventStateTest$ResettingEvent.g(EventStateTest.java:120)
    at org.apache.commons.math.ode.events.EventState.evaluateStep(EventState.java:214)
    at org.apache.commons.math.ode.AbstractIntegrator.acceptStep(AbstractIntegrator.java:302)
    at org.apache.commons.math.ode.nonstiff.EmbeddedRungeKuttaIntegrator.integrate(EmbeddedRungeKuttaIntegrator.java:296)

java.lang.AssertionError: going backard in time! (6.752709302888746 < 10.99)
    at org.junit.Assert.fail(Assert.java:88)
    at org.junit.Assert.assertTrue(Assert.java:41)
    at org.apache.commons.math.ode.events.EventStateTest$ResettingEvent.g(EventStateTest.java:120)
    at org.apache.commons.math.ode.events.EventState.evaluateStep(EventState.java:214)
    at org.apache.commons.math.ode.AbstractIntegrator.acceptStep(AbstractIntegrator.java:302)
    at org.apache.commons.math.ode.nonstiff.EmbeddedRungeKuttaIntegrator.integrate(EmbeddedRungeKuttaIntegrator.java:296)
23:20:40.314 [pool-9-thread-1] INFO  f.i.l.c.t.SpecificationTestCasesListener - Tests run finished (27 ms)
<> Total tests run: 1
<> Ignored tests: 0
<> Failed tests: 1
~ testIssue695(org.apache.commons.math.ode.events.EventStateTest)
[going backard in time! (6.752709302888746 < 10.99)]
java.lang.AssertionError: going backard in time! (6.752709302888746 < 10.99)    at org.junit.Assert.fail(Assert.java:88)
    at org.junit.Assert.assertTrue(Assert.java:41)
    at org.apache.commons.math.ode.events.EventStateTest$ResettingEvent.g(EventStateTest.java:120)
    at org.apache.commons.math.ode.events.EventState.evaluateStep(EventState.java:214)
    at org.apache.commons.math.ode.AbstractIntegrator.acceptStep(AbstractIntegrator.java:302)
    at org.apache.commons.math.ode.nonstiff.EmbeddedRungeKuttaIntegrator.integrate(EmbeddedRungeKuttaIntegrator.java:296)

java.lang.AssertionError: going backard in time! (0.0 < 10.99)
    at org.junit.Assert.fail(Assert.java:88)
    at org.junit.Assert.assertTrue(Assert.java:41)
    at org.apache.commons.math.ode.events.EventStateTest$ResettingEvent.g(EventStateTest.java:120)
    at org.apache.commons.math.ode.events.EventState.reinitializeBegin(EventState.java:156)
    at org.apache.commons.math.ode.AbstractIntegrator.acceptStep(AbstractIntegrator.java:285)
    at org.apache.commons.math.ode.nonstiff.EmbeddedRungeKuttaIntegrator.integrate(EmbeddedRungeKuttaIntegrator.java:296)
23:20:40.317 [pool-10-thread-1] INFO  f.i.l.c.t.SpecificationTestCasesListener - Tests run finished (2 ms)
<> Total tests run: 1
<> Ignored tests: 0
<> Failed tests: 1
~ testIssue695(org.apache.commons.math.ode.events.EventStateTest)
[going backard in time! (0.0 < 10.99)]
java.lang.AssertionError: going backard in time! (0.0 < 10.99)    at org.junit.Assert.fail(Assert.java:88)
    at org.junit.Assert.assertTrue(Assert.java:41)
    at org.apache.commons.math.ode.events.EventStateTest$ResettingEvent.g(EventStateTest.java:120)
    at org.apache.commons.math.ode.events.EventState.reinitializeBegin(EventState.java:156)
    at org.apache.commons.math.ode.AbstractIntegrator.acceptStep(AbstractIntegrator.java:285)
    at org.apache.commons.math.ode.nonstiff.EmbeddedRungeKuttaIntegrator.integrate(EmbeddedRungeKuttaIntegrator.java:296)

23:20:40.317 [pool-7-thread-1] DEBUG tests.output - Failing tests with false: 
[testIssue695(org.apache.commons.math.ode.events.EventStateTest): going backard in time! (6.752709302888746 < 10.99)]
23:20:40.318 [pool-7-thread-1] DEBUG tests.output - Failing tests with true: 
[testIssue695(org.apache.commons.math.ode.events.EventStateTest): going backard in time! (0.0 < 10.99)]
23:20:40.318 [pool-7-thread-1] INFO  f.i.l.r.n.synth.SMTNopolSynthesizer - Not enough specifications: 0. A trivial patch is "true" or "false", please write new tests specifying SourceLocation org.apache.commons.math.ode.nonstiff.AdaptiveStepsizeIntegrator:212.
23:20:40.318 [pool-2-thread-1] DEBUG fr.inria.lille.repair.nopol.NoPol - statement #4
23:20:40.318 [pool-2-thread-1] DEBUG fr.inria.lille.repair.nopol.NoPol - Analysing SourceLocation org.apache.commons.math.ode.nonstiff.AdaptiveStepsizeIntegrator:209 which is executed by 3 tests
1694344315
23:20:40.465 [pool-2-thread-1] DEBUG fr.inria.lille.repair.nopol.NoPol - looking with class fr.inria.lille.repair.nopol.spoon.smt.ConditionalAdder
java.lang.AssertionError: going backard in time! (7.796578226186635 < 10.99)
    at org.junit.Assert.fail(Assert.java:88)
    at org.junit.Assert.assertTrue(Assert.java:41)
    at org.apache.commons.math.ode.events.EventStateTest$ResettingEvent.g(EventStateTest.java:120)
    at org.apache.commons.math.ode.events.EventState.evaluateStep(EventState.java:214)
    at org.apache.commons.math.ode.AbstractIntegrator.acceptStep(AbstractIntegrator.java:302)
    at org.apache.commons.math.ode.nonstiff.EmbeddedRungeKuttaIntegrator.integrate(EmbeddedRungeKuttaIntegrator.java:296)
23:20:40.497 [pool-12-thread-1] INFO  xxl.java.junit.TestCasesListener - Tests run finished (28 ms)
<> Total tests run: 2
<> Ignored tests: 0
<> Failed tests: 1
~ testIssue695(org.apache.commons.math.ode.events.EventStateTest)
[going backard in time! (7.796578226186635 < 10.99)]
java.lang.AssertionError: going backard in time! (7.796578226186635 < 10.99)    at org.junit.Assert.fail(Assert.java:88)
    at org.junit.Assert.assertTrue(Assert.java:41)
    at org.apache.commons.math.ode.events.EventStateTest$ResettingEvent.g(EventStateTest.java:120)
    at org.apache.commons.math.ode.events.EventState.evaluateStep(EventState.java:214)
    at org.apache.commons.math.ode.AbstractIntegrator.acceptStep(AbstractIntegrator.java:302)
    at org.apache.commons.math.ode.nonstiff.EmbeddedRungeKuttaIntegrator.integrate(EmbeddedRungeKuttaIntegrator.java:296)

java.lang.AssertionError: going backard in time! (6.752709302888746 < 10.99)
    at org.junit.Assert.fail(Assert.java:88)
    at org.junit.Assert.assertTrue(Assert.java:41)
    at org.apache.commons.math.ode.events.EventStateTest$ResettingEvent.g(EventStateTest.java:120)
    at org.apache.commons.math.ode.events.EventState.evaluateStep(EventState.java:214)
    at org.apache.commons.math.ode.AbstractIntegrator.acceptStep(AbstractIntegrator.java:302)
    at org.apache.commons.math.ode.nonstiff.EmbeddedRungeKuttaIntegrator.integrate(EmbeddedRungeKuttaIntegrator.java:296)
23:20:40.782 [pool-13-thread-1] INFO  f.i.l.c.t.SpecificationTestCasesListener - Tests run finished (27 ms)
<> Total tests run: 1
<> Ignored tests: 0
<> Failed tests: 1
~ testIssue695(org.apache.commons.math.ode.events.EventStateTest)
[going backard in time! (6.752709302888746 < 10.99)]
java.lang.AssertionError: going backard in time! (6.752709302888746 < 10.99)    at org.junit.Assert.fail(Assert.java:88)
    at org.junit.Assert.assertTrue(Assert.java:41)
    at org.apache.commons.math.ode.events.EventStateTest$ResettingEvent.g(EventStateTest.java:120)
    at org.apache.commons.math.ode.events.EventState.evaluateStep(EventState.java:214)
    at org.apache.commons.math.ode.AbstractIntegrator.acceptStep(AbstractIntegrator.java:302)
    at org.apache.commons.math.ode.nonstiff.EmbeddedRungeKuttaIntegrator.integrate(EmbeddedRungeKuttaIntegrator.java:296)

java.lang.AssertionError: going backard in time! (0.0 < 10.99)
    at org.junit.Assert.fail(Assert.java:88)
    at org.junit.Assert.assertTrue(Assert.java:41)
    at org.apache.commons.math.ode.events.EventStateTest$ResettingEvent.g(EventStateTest.java:120)
    at org.apache.commons.math.ode.events.EventState.reinitializeBegin(EventState.java:156)
    at org.apache.commons.math.ode.AbstractIntegrator.acceptStep(AbstractIntegrator.java:285)
    at org.apache.commons.math.ode.nonstiff.EmbeddedRungeKuttaIntegrator.integrate(EmbeddedRungeKuttaIntegrator.java:296)
23:20:40.787 [pool-14-thread-1] INFO  f.i.l.c.t.SpecificationTestCasesListener - Tests run finished (1 ms)
<> Total tests run: 1
<> Ignored tests: 0
<> Failed tests: 1
~ testIssue695(org.apache.commons.math.ode.events.EventStateTest)
[going backard in time! (0.0 < 10.99)]
java.lang.AssertionError: going backard in time! (0.0 < 10.99)    at org.junit.Assert.fail(Assert.java:88)
    at org.junit.Assert.assertTrue(Assert.java:41)
    at org.apache.commons.math.ode.events.EventStateTest$ResettingEvent.g(EventStateTest.java:120)
    at org.apache.commons.math.ode.events.EventState.reinitializeBegin(EventState.java:156)
    at org.apache.commons.math.ode.AbstractIntegrator.acceptStep(AbstractIntegrator.java:285)
    at org.apache.commons.math.ode.nonstiff.EmbeddedRungeKuttaIntegrator.integrate(EmbeddedRungeKuttaIntegrator.java:296)

23:20:40.787 [pool-11-thread-1] DEBUG tests.output - Failing tests with false: 
[testIssue695(org.apache.commons.math.ode.events.EventStateTest): going backard in time! (6.752709302888746 < 10.99)]
23:20:40.788 [pool-11-thread-1] DEBUG tests.output - Failing tests with true: 
[testIssue695(org.apache.commons.math.ode.events.EventStateTest): going backard in time! (0.0 < 10.99)]
23:20:40.788 [pool-11-thread-1] INFO  f.i.l.r.n.synth.SMTNopolSynthesizer - Not enough specifications: 0. A trivial patch is "true" or "false", please write new tests specifying SourceLocation org.apache.commons.math.ode.nonstiff.AdaptiveStepsizeIntegrator:209.
23:20:40.788 [pool-2-thread-1] DEBUG fr.inria.lille.repair.nopol.NoPol - looking with class fr.inria.lille.repair.nopol.spoon.smt.ConditionalReplacer
java.lang.AssertionError: going backard in time! (7.796578226186635 < 10.99)
    at org.junit.Assert.fail(Assert.java:88)
    at org.junit.Assert.assertTrue(Assert.java:41)
    at org.apache.commons.math.ode.events.EventStateTest$ResettingEvent.g(EventStateTest.java:120)
    at org.apache.commons.math.ode.events.EventState.evaluateStep(EventState.java:214)
    at org.apache.commons.math.ode.AbstractIntegrator.acceptStep(AbstractIntegrator.java:302)
    at org.apache.commons.math.ode.nonstiff.EmbeddedRungeKuttaIntegrator.integrate(EmbeddedRungeKuttaIntegrator.java:296)
23:20:40.821 [pool-16-thread-1] INFO  xxl.java.junit.TestCasesListener - Tests run finished (29 ms)
<> Total tests run: 2
<> Ignored tests: 0
<> Failed tests: 1
~ testIssue695(org.apache.commons.math.ode.events.EventStateTest)
[going backard in time! (7.796578226186635 < 10.99)]
java.lang.AssertionError: going backard in time! (7.796578226186635 < 10.99)    at org.junit.Assert.fail(Assert.java:88)
    at org.junit.Assert.assertTrue(Assert.java:41)
    at org.apache.commons.math.ode.events.EventStateTest$ResettingEvent.g(EventStateTest.java:120)
    at org.apache.commons.math.ode.events.EventState.evaluateStep(EventState.java:214)
    at org.apache.commons.math.ode.AbstractIntegrator.acceptStep(AbstractIntegrator.java:302)
    at org.apache.commons.math.ode.nonstiff.EmbeddedRungeKuttaIntegrator.integrate(EmbeddedRungeKuttaIntegrator.java:296)

java.lang.AssertionError: going backard in time! (7.796578226186635 < 10.99)
    at org.junit.Assert.fail(Assert.java:88)
    at org.junit.Assert.assertTrue(Assert.java:41)
    at org.apache.commons.math.ode.events.EventStateTest$ResettingEvent.g(EventStateTest.java:120)
    at org.apache.commons.math.ode.events.EventState.evaluateStep(EventState.java:214)
    at org.apache.commons.math.ode.AbstractIntegrator.acceptStep(AbstractIntegrator.java:302)
    at org.apache.commons.math.ode.nonstiff.EmbeddedRungeKuttaIntegrator.integrate(EmbeddedRungeKuttaIntegrator.java:296)
23:20:41.115 [pool-17-thread-1] INFO  f.i.l.c.t.SpecificationTestCasesListener - Tests run finished (26 ms)
<> Total tests run: 1
<> Ignored tests: 0
<> Failed tests: 1
~ testIssue695(org.apache.commons.math.ode.events.EventStateTest)
[going backard in time! (7.796578226186635 < 10.99)]
java.lang.AssertionError: going backard in time! (7.796578226186635 < 10.99)    at org.junit.Assert.fail(Assert.java:88)
    at org.junit.Assert.assertTrue(Assert.java:41)
    at org.apache.commons.math.ode.events.EventStateTest$ResettingEvent.g(EventStateTest.java:120)
    at org.apache.commons.math.ode.events.EventState.evaluateStep(EventState.java:214)
    at org.apache.commons.math.ode.AbstractIntegrator.acceptStep(AbstractIntegrator.java:302)
    at org.apache.commons.math.ode.nonstiff.EmbeddedRungeKuttaIntegrator.integrate(EmbeddedRungeKuttaIntegrator.java:296)

java.lang.AssertionError: going backard in time! (0.0 < 10.99)
    at org.junit.Assert.fail(Assert.java:88)
    at org.junit.Assert.assertTrue(Assert.java:41)
    at org.apache.commons.math.ode.events.EventStateTest$ResettingEvent.g(EventStateTest.java:120)
    at org.apache.commons.math.ode.events.EventState.reinitializeBegin(EventState.java:156)
    at org.apache.commons.math.ode.AbstractIntegrator.acceptStep(AbstractIntegrator.java:285)
    at org.apache.commons.math.ode.nonstiff.EmbeddedRungeKuttaIntegrator.integrate(EmbeddedRungeKuttaIntegrator.java:296)
23:20:41.117 [pool-18-thread-1] INFO  f.i.l.c.t.SpecificationTestCasesListener - Tests run finished (1 ms)
<> Total tests run: 1
<> Ignored tests: 0
<> Failed tests: 1
~ testIssue695(org.apache.commons.math.ode.events.EventStateTest)
[going backard in time! (0.0 < 10.99)]
java.lang.AssertionError: going backard in time! (0.0 < 10.99)    at org.junit.Assert.fail(Assert.java:88)
    at org.junit.Assert.assertTrue(Assert.java:41)
    at org.apache.commons.math.ode.events.EventStateTest$ResettingEvent.g(EventStateTest.java:120)
    at org.apache.commons.math.ode.events.EventState.reinitializeBegin(EventState.java:156)
    at org.apache.commons.math.ode.AbstractIntegrator.acceptStep(AbstractIntegrator.java:285)
    at org.apache.commons.math.ode.nonstiff.EmbeddedRungeKuttaIntegrator.integrate(EmbeddedRungeKuttaIntegrator.java:296)

23:20:41.117 [pool-15-thread-1] DEBUG tests.output - Failing tests with false: 
[testIssue695(org.apache.commons.math.ode.events.EventStateTest): going backard in time! (7.796578226186635 < 10.99)]
23:20:41.118 [pool-15-thread-1] DEBUG tests.output - Failing tests with true: 
[testIssue695(org.apache.commons.math.ode.events.EventStateTest): going backard in time! (0.0 < 10.99)]
23:20:41.118 [pool-15-thread-1] INFO  f.i.l.r.n.synth.SMTNopolSynthesizer - Not enough specifications: 0. A trivial patch is "true" or "false", please write new tests specifying SourceLocation org.apache.commons.math.ode.nonstiff.AdaptiveStepsizeIntegrator:209.
23:20:41.118 [pool-2-thread-1] DEBUG fr.inria.lille.repair.nopol.NoPol - statement #5
23:20:41.118 [pool-2-thread-1] DEBUG fr.inria.lille.repair.nopol.NoPol - Analysing SourceLocation org.apache.commons.math.ode.events.EventState:334 which is executed by 10 tests
-1328230856
23:20:41.288 [pool-2-thread-1] DEBUG fr.inria.lille.repair.nopol.NoPol - looking with class fr.inria.lille.repair.nopol.spoon.smt.ConditionalAdder
java.lang.AssertionError: going backard in time! (7.796578226186635 < 10.99)
    at org.junit.Assert.fail(Assert.java:88)
    at org.junit.Assert.assertTrue(Assert.java:41)
    at org.apache.commons.math.ode.events.EventStateTest$ResettingEvent.g(EventStateTest.java:120)
    at org.apache.commons.math.ode.events.EventState.evaluateStep(EventState.java:214)
    at org.apache.commons.math.ode.AbstractIntegrator.acceptStep(AbstractIntegrator.java:302)
    at org.apache.commons.math.ode.nonstiff.EmbeddedRungeKuttaIntegrator.integrate(EmbeddedRungeKuttaIntegrator.java:296)
23:20:41.330 [pool-20-thread-1] INFO  xxl.java.junit.TestCasesListener - Tests run finished (38 ms)
<> Total tests run: 2
<> Ignored tests: 0
<> Failed tests: 1
~ testIssue695(org.apache.commons.math.ode.events.EventStateTest)
[going backard in time! (7.796578226186635 < 10.99)]
java.lang.AssertionError: going backard in time! (7.796578226186635 < 10.99)    at org.junit.Assert.fail(Assert.java:88)
    at org.junit.Assert.assertTrue(Assert.java:41)
    at org.apache.commons.math.ode.events.EventStateTest$ResettingEvent.g(EventStateTest.java:120)
    at org.apache.commons.math.ode.events.EventState.evaluateStep(EventState.java:214)
    at org.apache.commons.math.ode.AbstractIntegrator.acceptStep(AbstractIntegrator.java:302)
    at org.apache.commons.math.ode.nonstiff.EmbeddedRungeKuttaIntegrator.integrate(EmbeddedRungeKuttaIntegrator.java:296)

java.lang.AssertionError: going backard in time! (7.796578226186635 < 10.99)
    at org.junit.Assert.fail(Assert.java:88)
    at org.junit.Assert.assertTrue(Assert.java:41)
    at org.apache.commons.math.ode.events.EventStateTest$ResettingEvent.g(EventStateTest.java:120)
    at org.apache.commons.math.ode.events.EventState.evaluateStep(EventState.java:96)
    at org.apache.commons.math.ode.AbstractIntegrator.acceptStep(AbstractIntegrator.java:302)
    at org.apache.commons.math.ode.nonstiff.EmbeddedRungeKuttaIntegrator.integrate(EmbeddedRungeKuttaIntegrator.java:296)
23:20:41.688 [pool-21-thread-1] INFO  f.i.l.c.t.SpecificationTestCasesListener - Tests run finished (27 ms)
<> Total tests run: 1
<> Ignored tests: 0
<> Failed tests: 1
~ testIssue695(org.apache.commons.math.ode.events.EventStateTest)
[going backard in time! (7.796578226186635 < 10.99)]
java.lang.AssertionError: going backard in time! (7.796578226186635 < 10.99)    at org.junit.Assert.fail(Assert.java:88)
    at org.junit.Assert.assertTrue(Assert.java:41)
    at org.apache.commons.math.ode.events.EventStateTest$ResettingEvent.g(EventStateTest.java:120)
    at org.apache.commons.math.ode.events.EventState.evaluateStep(EventState.java:96)
    at org.apache.commons.math.ode.AbstractIntegrator.acceptStep(AbstractIntegrator.java:302)
    at org.apache.commons.math.ode.nonstiff.EmbeddedRungeKuttaIntegrator.integrate(EmbeddedRungeKuttaIntegrator.java:296)

java.lang.AssertionError: going backard in time! (0.0 < 10.99)
    at org.junit.Assert.fail(Assert.java:88)
    at org.junit.Assert.assertTrue(Assert.java:41)
    at org.apache.commons.math.ode.events.EventStateTest$ResettingEvent.g(EventStateTest.java:120)
    at org.apache.commons.math.ode.events.EventState.reinitializeBegin(EventState.java:66)
    at org.apache.commons.math.ode.AbstractIntegrator.acceptStep(AbstractIntegrator.java:285)
    at org.apache.commons.math.ode.nonstiff.EmbeddedRungeKuttaIntegrator.integrate(EmbeddedRungeKuttaIntegrator.java:296)
23:20:41.691 [pool-22-thread-1] INFO  f.i.l.c.t.SpecificationTestCasesListener - Tests run finished (1 ms)
<> Total tests run: 1
<> Ignored tests: 0
<> Failed tests: 1
~ testIssue695(org.apache.commons.math.ode.events.EventStateTest)
[going backard in time! (0.0 < 10.99)]
java.lang.AssertionError: going backard in time! (0.0 < 10.99)    at org.junit.Assert.fail(Assert.java:88)
    at org.junit.Assert.assertTrue(Assert.java:41)
    at org.apache.commons.math.ode.events.EventStateTest$ResettingEvent.g(EventStateTest.java:120)
    at org.apache.commons.math.ode.events.EventState.reinitializeBegin(EventState.java:66)
    at org.apache.commons.math.ode.AbstractIntegrator.acceptStep(AbstractIntegrator.java:285)
    at org.apache.commons.math.ode.nonstiff.EmbeddedRungeKuttaIntegrator.integrate(EmbeddedRungeKuttaIntegrator.java:296)

23:20:41.692 [pool-19-thread-1] DEBUG tests.output - Failing tests with false: 
[testIssue695(org.apache.commons.math.ode.events.EventStateTest): going backard in time! (7.796578226186635 < 10.99)]
23:20:41.692 [pool-19-thread-1] DEBUG tests.output - Failing tests with true: 
[testIssue695(org.apache.commons.math.ode.events.EventStateTest): going backard in time! (0.0 < 10.99)]
23:20:41.692 [pool-19-thread-1] INFO  f.i.l.r.n.synth.SMTNopolSynthesizer - Not enough specifications: 0. A trivial patch is "true" or "false", please write new tests specifying SourceLocation org.apache.commons.math.ode.events.EventState:334.
23:20:41.692 [pool-2-thread-1] DEBUG fr.inria.lille.repair.nopol.NoPol - statement #6
23:20:41.692 [pool-2-thread-1] DEBUG fr.inria.lille.repair.nopol.NoPol - Analysing SourceLocation org.apache.commons.math.ode.AbstractIntegrator:343 which is executed by 13 tests
1093635194
23:20:41.855 [pool-2-thread-1] DEBUG fr.inria.lille.repair.nopol.NoPol - looking with class fr.inria.lille.repair.nopol.spoon.smt.ConditionalAdder
java.lang.AssertionError: going backard in time! (7.796578226186635 < 10.99)
    at org.junit.Assert.fail(Assert.java:88)
    at org.junit.Assert.assertTrue(Assert.java:41)
    at org.apache.commons.math.ode.events.EventStateTest$ResettingEvent.g(EventStateTest.java:120)
    at org.apache.commons.math.ode.events.EventState.evaluateStep(EventState.java:214)
    at org.apache.commons.math.ode.AbstractIntegrator.acceptStep(AbstractIntegrator.java:302)
    at org.apache.commons.math.ode.nonstiff.EmbeddedRungeKuttaIntegrator.integrate(EmbeddedRungeKuttaIntegrator.java:296)
23:20:41.888 [pool-24-thread-1] INFO  xxl.java.junit.TestCasesListener - Tests run finished (29 ms)
<> Total tests run: 2
<> Ignored tests: 0
<> Failed tests: 1
~ testIssue695(org.apache.commons.math.ode.events.EventStateTest)
[going backard in time! (7.796578226186635 < 10.99)]
java.lang.AssertionError: going backard in time! (7.796578226186635 < 10.99)    at org.junit.Assert.fail(Assert.java:88)
    at org.junit.Assert.assertTrue(Assert.java:41)
    at org.apache.commons.math.ode.events.EventStateTest$ResettingEvent.g(EventStateTest.java:120)
    at org.apache.commons.math.ode.events.EventState.evaluateStep(EventState.java:214)
    at org.apache.commons.math.ode.AbstractIntegrator.acceptStep(AbstractIntegrator.java:302)
    at org.apache.commons.math.ode.nonstiff.EmbeddedRungeKuttaIntegrator.integrate(EmbeddedRungeKuttaIntegrator.java:296)

java.lang.AssertionError: expected:<32.0> but was:<26.650540592486063>
    at org.junit.Assert.fail(Assert.java:88)
    at org.junit.Assert.failNotEquals(Assert.java:743)
    at org.junit.Assert.assertEquals(Assert.java:494)
    at org.junit.Assert.assertEquals(Assert.java:592)
    at org.apache.commons.math.ode.events.EventStateTest.testIssue695(EventStateTest.java:102)
    at sun.reflect.NativeMethodAccessorImpl.invoke0(Native Method)
23:20:42.217 [pool-25-thread-1] INFO  f.i.l.c.t.SpecificationTestCasesListener - Tests run finished (37 ms)
<> Total tests run: 1
<> Ignored tests: 0
<> Failed tests: 1
~ testIssue695(org.apache.commons.math.ode.events.EventStateTest)
[expected:<32.0> but was:<26.650540592486063>]
java.lang.AssertionError: expected:<32.0> but was:<26.650540592486063>    at org.junit.Assert.fail(Assert.java:88)
    at org.junit.Assert.failNotEquals(Assert.java:743)
    at org.junit.Assert.assertEquals(Assert.java:494)
    at org.junit.Assert.assertEquals(Assert.java:592)
    at org.apache.commons.math.ode.events.EventStateTest.testIssue695(EventStateTest.java:102)
    at sun.reflect.NativeMethodAccessorImpl.invoke0(Native Method)

java.lang.AssertionError: going backard in time! (0.0 < 11.01)
    at org.junit.Assert.fail(Assert.java:88)
    at org.junit.Assert.assertTrue(Assert.java:41)
    at org.apache.commons.math.ode.events.EventStateTest$ResettingEvent.g(EventStateTest.java:120)
    at org.apache.commons.math.ode.events.EventState.reinitializeBegin(EventState.java:156)
    at org.apache.commons.math.ode.AbstractIntegrator.acceptStep(AbstractIntegrator.java:135)
    at org.apache.commons.math.ode.nonstiff.EmbeddedRungeKuttaIntegrator.integrate(EmbeddedRungeKuttaIntegrator.java:296)
23:20:42.219 [pool-26-thread-1] INFO  f.i.l.c.t.SpecificationTestCasesListener - Tests run finished (1 ms)
<> Total tests run: 1
<> Ignored tests: 0
<> Failed tests: 1
~ testIssue695(org.apache.commons.math.ode.events.EventStateTest)
[going backard in time! (0.0 < 11.01)]
java.lang.AssertionError: going backard in time! (0.0 < 11.01)    at org.junit.Assert.fail(Assert.java:88)
    at org.junit.Assert.assertTrue(Assert.java:41)
    at org.apache.commons.math.ode.events.EventStateTest$ResettingEvent.g(EventStateTest.java:120)
    at org.apache.commons.math.ode.events.EventState.reinitializeBegin(EventState.java:156)
    at org.apache.commons.math.ode.AbstractIntegrator.acceptStep(AbstractIntegrator.java:135)
    at org.apache.commons.math.ode.nonstiff.EmbeddedRungeKuttaIntegrator.integrate(EmbeddedRungeKuttaIntegrator.java:296)

23:20:42.220 [pool-23-thread-1] DEBUG tests.output - Failing tests with false: 
[testIssue695(org.apache.commons.math.ode.events.EventStateTest): expected:<32.0> but was:<26.650540592486063>]
23:20:42.220 [pool-23-thread-1] DEBUG tests.output - Failing tests with true: 
[testIssue695(org.apache.commons.math.ode.events.EventStateTest): going backard in time! (0.0 < 11.01)]
23:20:42.220 [pool-23-thread-1] INFO  f.i.l.r.n.synth.SMTNopolSynthesizer - Not enough specifications: 0. A trivial patch is "true" or "false", please write new tests specifying SourceLocation org.apache.commons.math.ode.AbstractIntegrator:343.
23:20:42.220 [pool-2-thread-1] DEBUG fr.inria.lille.repair.nopol.NoPol - statement #7
23:20:42.221 [pool-2-thread-1] DEBUG fr.inria.lille.repair.nopol.NoPol - Analysing SourceLocation org.apache.commons.math.ode.AbstractIntegrator:342 which is executed by 13 tests
1093635194
23:20:42.371 [pool-2-thread-1] DEBUG fr.inria.lille.repair.nopol.NoPol - looking with class fr.inria.lille.repair.nopol.spoon.smt.ConditionalAdder
java.lang.AssertionError: going backard in time! (7.796578226186635 < 10.99)
    at org.junit.Assert.fail(Assert.java:88)
    at org.junit.Assert.assertTrue(Assert.java:41)
    at org.apache.commons.math.ode.events.EventStateTest$ResettingEvent.g(EventStateTest.java:120)
    at org.apache.commons.math.ode.events.EventState.evaluateStep(EventState.java:214)
    at org.apache.commons.math.ode.AbstractIntegrator.acceptStep(AbstractIntegrator.java:302)
    at org.apache.commons.math.ode.nonstiff.EmbeddedRungeKuttaIntegrator.integrate(EmbeddedRungeKuttaIntegrator.java:296)
23:20:42.403 [pool-28-thread-1] INFO  xxl.java.junit.TestCasesListener - Tests run finished (28 ms)
<> Total tests run: 2
<> Ignored tests: 0
<> Failed tests: 1
~ testIssue695(org.apache.commons.math.ode.events.EventStateTest)
[going backard in time! (7.796578226186635 < 10.99)]
java.lang.AssertionError: going backard in time! (7.796578226186635 < 10.99)    at org.junit.Assert.fail(Assert.java:88)
    at org.junit.Assert.assertTrue(Assert.java:41)
    at org.apache.commons.math.ode.events.EventStateTest$ResettingEvent.g(EventStateTest.java:120)
    at org.apache.commons.math.ode.events.EventState.evaluateStep(EventState.java:214)
    at org.apache.commons.math.ode.AbstractIntegrator.acceptStep(AbstractIntegrator.java:302)
    at org.apache.commons.math.ode.nonstiff.EmbeddedRungeKuttaIntegrator.integrate(EmbeddedRungeKuttaIntegrator.java:296)

java.lang.AssertionError: going backard in time! (7.796578226186635 < 10.99)
    at org.junit.Assert.fail(Assert.java:88)
    at org.junit.Assert.assertTrue(Assert.java:41)
    at org.apache.commons.math.ode.events.EventStateTest$ResettingEvent.g(EventStateTest.java:120)
    at org.apache.commons.math.ode.events.EventState.evaluateStep(EventState.java:214)
    at org.apache.commons.math.ode.AbstractIntegrator.acceptStep(AbstractIntegrator.java:146)
    at org.apache.commons.math.ode.nonstiff.EmbeddedRungeKuttaIntegrator.integrate(EmbeddedRungeKuttaIntegrator.java:296)
23:20:42.685 [pool-29-thread-1] INFO  f.i.l.c.t.SpecificationTestCasesListener - Tests run finished (26 ms)
<> Total tests run: 1
<> Ignored tests: 0
<> Failed tests: 1
~ testIssue695(org.apache.commons.math.ode.events.EventStateTest)
[going backard in time! (7.796578226186635 < 10.99)]
java.lang.AssertionError: going backard in time! (7.796578226186635 < 10.99)    at org.junit.Assert.fail(Assert.java:88)
    at org.junit.Assert.assertTrue(Assert.java:41)
    at org.apache.commons.math.ode.events.EventStateTest$ResettingEvent.g(EventStateTest.java:120)
    at org.apache.commons.math.ode.events.EventState.evaluateStep(EventState.java:214)
    at org.apache.commons.math.ode.AbstractIntegrator.acceptStep(AbstractIntegrator.java:146)
    at org.apache.commons.math.ode.nonstiff.EmbeddedRungeKuttaIntegrator.integrate(EmbeddedRungeKuttaIntegrator.java:296)

java.lang.AssertionError: going backard in time! (0.0 < 10.99)
    at org.junit.Assert.fail(Assert.java:88)
    at org.junit.Assert.assertTrue(Assert.java:41)
    at org.apache.commons.math.ode.events.EventStateTest$ResettingEvent.g(EventStateTest.java:120)
    at org.apache.commons.math.ode.events.EventState.reinitializeBegin(EventState.java:156)
    at org.apache.commons.math.ode.AbstractIntegrator.acceptStep(AbstractIntegrator.java:135)
    at org.apache.commons.math.ode.nonstiff.EmbeddedRungeKuttaIntegrator.integrate(EmbeddedRungeKuttaIntegrator.java:296)
23:20:42.687 [pool-30-thread-1] INFO  f.i.l.c.t.SpecificationTestCasesListener - Tests run finished (1 ms)
<> Total tests run: 1
<> Ignored tests: 0
<> Failed tests: 1
~ testIssue695(org.apache.commons.math.ode.events.EventStateTest)
[going backard in time! (0.0 < 10.99)]
java.lang.AssertionError: going backard in time! (0.0 < 10.99)    at org.junit.Assert.fail(Assert.java:88)
    at org.junit.Assert.assertTrue(Assert.java:41)
    at org.apache.commons.math.ode.events.EventStateTest$ResettingEvent.g(EventStateTest.java:120)
    at org.apache.commons.math.ode.events.EventState.reinitializeBegin(EventState.java:156)
    at org.apache.commons.math.ode.AbstractIntegrator.acceptStep(AbstractIntegrator.java:135)
    at org.apache.commons.math.ode.nonstiff.EmbeddedRungeKuttaIntegrator.integrate(EmbeddedRungeKuttaIntegrator.java:296)

23:20:42.688 [pool-27-thread-1] DEBUG tests.output - Failing tests with false: 
[testIssue695(org.apache.commons.math.ode.events.EventStateTest): going backard in time! (7.796578226186635 < 10.99)]
23:20:42.688 [pool-27-thread-1] DEBUG tests.output - Failing tests with true: 
[testIssue695(org.apache.commons.math.ode.events.EventStateTest): going backard in time! (0.0 < 10.99)]
23:20:42.688 [pool-27-thread-1] INFO  f.i.l.r.n.synth.SMTNopolSynthesizer - Not enough specifications: 0. A trivial patch is "true" or "false", please write new tests specifying SourceLocation org.apache.commons.math.ode.AbstractIntegrator:342.
23:20:42.688 [pool-2-thread-1] DEBUG fr.inria.lille.repair.nopol.NoPol - statement #8
23:20:42.688 [pool-2-thread-1] DEBUG fr.inria.lille.repair.nopol.NoPol - Analysing SourceLocation org.apache.commons.math.ode.AbstractIntegrator:341 which is executed by 13 tests
1093635194
23:20:42.861 [pool-2-thread-1] DEBUG fr.inria.lille.repair.nopol.NoPol - looking with class fr.inria.lille.repair.nopol.spoon.smt.ConditionalAdder
java.lang.AssertionError: going backard in time! (7.796578226186635 < 10.99)
    at org.junit.Assert.fail(Assert.java:88)
    at org.junit.Assert.assertTrue(Assert.java:41)
    at org.apache.commons.math.ode.events.EventStateTest$ResettingEvent.g(EventStateTest.java:120)
    at org.apache.commons.math.ode.events.EventState.evaluateStep(EventState.java:214)
    at org.apache.commons.math.ode.AbstractIntegrator.acceptStep(AbstractIntegrator.java:302)
    at org.apache.commons.math.ode.nonstiff.EmbeddedRungeKuttaIntegrator.integrate(EmbeddedRungeKuttaIntegrator.java:296)
23:20:42.891 [pool-32-thread-1] INFO  xxl.java.junit.TestCasesListener - Tests run finished (27 ms)
<> Total tests run: 2
<> Ignored tests: 0
<> Failed tests: 1
~ testIssue695(org.apache.commons.math.ode.events.EventStateTest)
[going backard in time! (7.796578226186635 < 10.99)]
java.lang.AssertionError: going backard in time! (7.796578226186635 < 10.99)    at org.junit.Assert.fail(Assert.java:88)
    at org.junit.Assert.assertTrue(Assert.java:41)
    at org.apache.commons.math.ode.events.EventStateTest$ResettingEvent.g(EventStateTest.java:120)
    at org.apache.commons.math.ode.events.EventState.evaluateStep(EventState.java:214)
    at org.apache.commons.math.ode.AbstractIntegrator.acceptStep(AbstractIntegrator.java:302)
    at org.apache.commons.math.ode.nonstiff.EmbeddedRungeKuttaIntegrator.integrate(EmbeddedRungeKuttaIntegrator.java:296)

java.lang.AssertionError: going backard in time! (7.796578226186635 < 10.99)
    at org.junit.Assert.fail(Assert.java:88)
    at org.junit.Assert.assertTrue(Assert.java:41)
    at org.apache.commons.math.ode.events.EventStateTest$ResettingEvent.g(EventStateTest.java:120)
    at org.apache.commons.math.ode.events.EventState.evaluateStep(EventState.java:214)
    at org.apache.commons.math.ode.AbstractIntegrator.acceptStep(AbstractIntegrator.java:146)
    at org.apache.commons.math.ode.nonstiff.EmbeddedRungeKuttaIntegrator.integrate(EmbeddedRungeKuttaIntegrator.java:296)
23:20:43.178 [pool-33-thread-1] INFO  f.i.l.c.t.SpecificationTestCasesListener - Tests run finished (26 ms)
<> Total tests run: 1
<> Ignored tests: 0
<> Failed tests: 1
~ testIssue695(org.apache.commons.math.ode.events.EventStateTest)
[going backard in time! (7.796578226186635 < 10.99)]
java.lang.AssertionError: going backard in time! (7.796578226186635 < 10.99)    at org.junit.Assert.fail(Assert.java:88)
    at org.junit.Assert.assertTrue(Assert.java:41)
    at org.apache.commons.math.ode.events.EventStateTest$ResettingEvent.g(EventStateTest.java:120)
    at org.apache.commons.math.ode.events.EventState.evaluateStep(EventState.java:214)
    at org.apache.commons.math.ode.AbstractIntegrator.acceptStep(AbstractIntegrator.java:146)
    at org.apache.commons.math.ode.nonstiff.EmbeddedRungeKuttaIntegrator.integrate(EmbeddedRungeKuttaIntegrator.java:296)

java.lang.AssertionError: going backard in time! (0.0 < 10.99)
    at org.junit.Assert.fail(Assert.java:88)
    at org.junit.Assert.assertTrue(Assert.java:41)
    at org.apache.commons.math.ode.events.EventStateTest$ResettingEvent.g(EventStateTest.java:120)
    at org.apache.commons.math.ode.events.EventState.reinitializeBegin(EventState.java:156)
    at org.apache.commons.math.ode.AbstractIntegrator.acceptStep(AbstractIntegrator.java:135)
    at org.apache.commons.math.ode.nonstiff.EmbeddedRungeKuttaIntegrator.integrate(EmbeddedRungeKuttaIntegrator.java:296)
23:20:43.180 [pool-34-thread-1] INFO  f.i.l.c.t.SpecificationTestCasesListener - Tests run finished (1 ms)
<> Total tests run: 1
<> Ignored tests: 0
<> Failed tests: 1
~ testIssue695(org.apache.commons.math.ode.events.EventStateTest)
[going backard in time! (0.0 < 10.99)]
java.lang.AssertionError: going backard in time! (0.0 < 10.99)    at org.junit.Assert.fail(Assert.java:88)
    at org.junit.Assert.assertTrue(Assert.java:41)
    at org.apache.commons.math.ode.events.EventStateTest$ResettingEvent.g(EventStateTest.java:120)
    at org.apache.commons.math.ode.events.EventState.reinitializeBegin(EventState.java:156)
    at org.apache.commons.math.ode.AbstractIntegrator.acceptStep(AbstractIntegrator.java:135)
    at org.apache.commons.math.ode.nonstiff.EmbeddedRungeKuttaIntegrator.integrate(EmbeddedRungeKuttaIntegrator.java:296)

23:20:43.180 [pool-31-thread-1] DEBUG tests.output - Failing tests with false: 
[testIssue695(org.apache.commons.math.ode.events.EventStateTest): going backard in time! (7.796578226186635 < 10.99)]
23:20:43.180 [pool-31-thread-1] DEBUG tests.output - Failing tests with true: 
[testIssue695(org.apache.commons.math.ode.events.EventStateTest): going backard in time! (0.0 < 10.99)]
23:20:43.180 [pool-31-thread-1] INFO  f.i.l.r.n.synth.SMTNopolSynthesizer - Not enough specifications: 0. A trivial patch is "true" or "false", please write new tests specifying SourceLocation org.apache.commons.math.ode.AbstractIntegrator:341.
23:20:43.181 [pool-2-thread-1] DEBUG fr.inria.lille.repair.nopol.NoPol - statement #9
23:20:43.181 [pool-2-thread-1] DEBUG fr.inria.lille.repair.nopol.NoPol - Analysing SourceLocation org.apache.commons.math.ode.AbstractIntegrator:340 which is executed by 13 tests
1093635194
23:20:43.329 [pool-2-thread-1] DEBUG fr.inria.lille.repair.nopol.NoPol - looking with class fr.inria.lille.repair.nopol.spoon.smt.ConditionalAdder
java.lang.AssertionError: going backard in time! (7.796578226186635 < 10.99)
    at org.junit.Assert.fail(Assert.java:88)
    at org.junit.Assert.assertTrue(Assert.java:41)
    at org.apache.commons.math.ode.events.EventStateTest$ResettingEvent.g(EventStateTest.java:120)
    at org.apache.commons.math.ode.events.EventState.evaluateStep(EventState.java:214)
    at org.apache.commons.math.ode.AbstractIntegrator.acceptStep(AbstractIntegrator.java:302)
    at org.apache.commons.math.ode.nonstiff.EmbeddedRungeKuttaIntegrator.integrate(EmbeddedRungeKuttaIntegrator.java:296)
23:20:43.359 [pool-36-thread-1] INFO  xxl.java.junit.TestCasesListener - Tests run finished (26 ms)
<> Total tests run: 2
<> Ignored tests: 0
<> Failed tests: 1
~ testIssue695(org.apache.commons.math.ode.events.EventStateTest)
[going backard in time! (7.796578226186635 < 10.99)]
java.lang.AssertionError: going backard in time! (7.796578226186635 < 10.99)    at org.junit.Assert.fail(Assert.java:88)
    at org.junit.Assert.assertTrue(Assert.java:41)
    at org.apache.commons.math.ode.events.EventStateTest$ResettingEvent.g(EventStateTest.java:120)
    at org.apache.commons.math.ode.events.EventState.evaluateStep(EventState.java:214)
    at org.apache.commons.math.ode.AbstractIntegrator.acceptStep(AbstractIntegrator.java:302)
    at org.apache.commons.math.ode.nonstiff.EmbeddedRungeKuttaIntegrator.integrate(EmbeddedRungeKuttaIntegrator.java:296)

java.lang.AssertionError: going backard in time! (7.796578226186635 < 10.99)
    at org.junit.Assert.fail(Assert.java:88)
    at org.junit.Assert.assertTrue(Assert.java:41)
    at org.apache.commons.math.ode.events.EventStateTest$ResettingEvent.g(EventStateTest.java:120)
    at org.apache.commons.math.ode.events.EventState.evaluateStep(EventState.java:214)
    at org.apache.commons.math.ode.AbstractIntegrator.acceptStep(AbstractIntegrator.java:146)
    at org.apache.commons.math.ode.nonstiff.EmbeddedRungeKuttaIntegrator.integrate(EmbeddedRungeKuttaIntegrator.java:296)
23:20:43.626 [pool-37-thread-1] INFO  f.i.l.c.t.SpecificationTestCasesListener - Tests run finished (27 ms)
<> Total tests run: 1
<> Ignored tests: 0
<> Failed tests: 1
~ testIssue695(org.apache.commons.math.ode.events.EventStateTest)
[going backard in time! (7.796578226186635 < 10.99)]
java.lang.AssertionError: going backard in time! (7.796578226186635 < 10.99)    at org.junit.Assert.fail(Assert.java:88)
    at org.junit.Assert.assertTrue(Assert.java:41)
    at org.apache.commons.math.ode.events.EventStateTest$ResettingEvent.g(EventStateTest.java:120)
    at org.apache.commons.math.ode.events.EventState.evaluateStep(EventState.java:214)
    at org.apache.commons.math.ode.AbstractIntegrator.acceptStep(AbstractIntegrator.java:146)
    at org.apache.commons.math.ode.nonstiff.EmbeddedRungeKuttaIntegrator.integrate(EmbeddedRungeKuttaIntegrator.java:296)

java.lang.AssertionError: going backard in time! (0.0 < 10.99)
    at org.junit.Assert.fail(Assert.java:88)
    at org.junit.Assert.assertTrue(Assert.java:41)
    at org.apache.commons.math.ode.events.EventStateTest$ResettingEvent.g(EventStateTest.java:120)
    at org.apache.commons.math.ode.events.EventState.reinitializeBegin(EventState.java:156)
    at org.apache.commons.math.ode.AbstractIntegrator.acceptStep(AbstractIntegrator.java:135)
    at org.apache.commons.math.ode.nonstiff.EmbeddedRungeKuttaIntegrator.integrate(EmbeddedRungeKuttaIntegrator.java:296)
23:20:43.628 [pool-38-thread-1] INFO  f.i.l.c.t.SpecificationTestCasesListener - Tests run finished (1 ms)
<> Total tests run: 1
<> Ignored tests: 0
<> Failed tests: 1
~ testIssue695(org.apache.commons.math.ode.events.EventStateTest)
[going backard in time! (0.0 < 10.99)]
java.lang.AssertionError: going backard in time! (0.0 < 10.99)    at org.junit.Assert.fail(Assert.java:88)
    at org.junit.Assert.assertTrue(Assert.java:41)
    at org.apache.commons.math.ode.events.EventStateTest$ResettingEvent.g(EventStateTest.java:120)
    at org.apache.commons.math.ode.events.EventState.reinitializeBegin(EventState.java:156)
    at org.apache.commons.math.ode.AbstractIntegrator.acceptStep(AbstractIntegrator.java:135)
    at org.apache.commons.math.ode.nonstiff.EmbeddedRungeKuttaIntegrator.integrate(EmbeddedRungeKuttaIntegrator.java:296)

23:20:43.629 [pool-35-thread-1] DEBUG tests.output - Failing tests with false: 
[testIssue695(org.apache.commons.math.ode.events.EventStateTest): going backard in time! (7.796578226186635 < 10.99)]
23:20:43.629 [pool-35-thread-1] DEBUG tests.output - Failing tests with true: 
[testIssue695(org.apache.commons.math.ode.events.EventStateTest): going backard in time! (0.0 < 10.99)]
23:20:43.629 [pool-35-thread-1] INFO  f.i.l.r.n.synth.SMTNopolSynthesizer - Not enough specifications: 0. A trivial patch is "true" or "false", please write new tests specifying SourceLocation org.apache.commons.math.ode.AbstractIntegrator:340.
23:20:43.629 [pool-2-thread-1] DEBUG fr.inria.lille.repair.nopol.NoPol - statement #10
23:20:43.629 [pool-2-thread-1] DEBUG fr.inria.lille.repair.nopol.NoPol - Analysing SourceLocation org.apache.commons.math.ode.events.EventState:339 which is executed by 15 tests
-1328230856
23:20:43.777 [pool-2-thread-1] DEBUG fr.inria.lille.repair.nopol.NoPol - statement #11
23:20:43.777 [pool-2-thread-1] DEBUG fr.inria.lille.repair.nopol.NoPol - Analysing SourceLocation org.apache.commons.math.ode.events.EventState:337 which is executed by 15 tests
-1328230856
23:20:43.944 [pool-2-thread-1] DEBUG fr.inria.lille.repair.nopol.NoPol - looking with class fr.inria.lille.repair.nopol.spoon.smt.ConditionalAdder
java.lang.AssertionError: going backard in time! (7.796578226186635 < 10.99)
    at org.junit.Assert.fail(Assert.java:88)
    at org.junit.Assert.assertTrue(Assert.java:41)
    at org.apache.commons.math.ode.events.EventStateTest$ResettingEvent.g(EventStateTest.java:120)
    at org.apache.commons.math.ode.events.EventState.evaluateStep(EventState.java:214)
    at org.apache.commons.math.ode.AbstractIntegrator.acceptStep(AbstractIntegrator.java:302)
    at org.apache.commons.math.ode.nonstiff.EmbeddedRungeKuttaIntegrator.integrate(EmbeddedRungeKuttaIntegrator.java:296)
23:20:43.977 [pool-40-thread-1] INFO  xxl.java.junit.TestCasesListener - Tests run finished (29 ms)
<> Total tests run: 2
<> Ignored tests: 0
<> Failed tests: 1
~ testIssue695(org.apache.commons.math.ode.events.EventStateTest)
[going backard in time! (7.796578226186635 < 10.99)]
java.lang.AssertionError: going backard in time! (7.796578226186635 < 10.99)    at org.junit.Assert.fail(Assert.java:88)
    at org.junit.Assert.assertTrue(Assert.java:41)
    at org.apache.commons.math.ode.events.EventStateTest$ResettingEvent.g(EventStateTest.java:120)
    at org.apache.commons.math.ode.events.EventState.evaluateStep(EventState.java:214)
    at org.apache.commons.math.ode.AbstractIntegrator.acceptStep(AbstractIntegrator.java:302)
    at org.apache.commons.math.ode.nonstiff.EmbeddedRungeKuttaIntegrator.integrate(EmbeddedRungeKuttaIntegrator.java:296)

java.lang.AssertionError: going backard in time! (7.796578226186635 < 10.99)
    at org.junit.Assert.fail(Assert.java:88)
    at org.junit.Assert.assertTrue(Assert.java:41)
    at org.apache.commons.math.ode.events.EventStateTest$ResettingEvent.g(EventStateTest.java:120)
    at org.apache.commons.math.ode.events.EventState.evaluateStep(EventState.java:96)
    at org.apache.commons.math.ode.AbstractIntegrator.acceptStep(AbstractIntegrator.java:302)
    at org.apache.commons.math.ode.nonstiff.EmbeddedRungeKuttaIntegrator.integrate(EmbeddedRungeKuttaIntegrator.java:296)
23:20:44.267 [pool-41-thread-1] INFO  f.i.l.c.t.SpecificationTestCasesListener - Tests run finished (27 ms)
<> Total tests run: 1
<> Ignored tests: 0
<> Failed tests: 1
~ testIssue695(org.apache.commons.math.ode.events.EventStateTest)
[going backard in time! (7.796578226186635 < 10.99)]
java.lang.AssertionError: going backard in time! (7.796578226186635 < 10.99)    at org.junit.Assert.fail(Assert.java:88)
    at org.junit.Assert.assertTrue(Assert.java:41)
    at org.apache.commons.math.ode.events.EventStateTest$ResettingEvent.g(EventStateTest.java:120)
    at org.apache.commons.math.ode.events.EventState.evaluateStep(EventState.java:96)
    at org.apache.commons.math.ode.AbstractIntegrator.acceptStep(AbstractIntegrator.java:302)
    at org.apache.commons.math.ode.nonstiff.EmbeddedRungeKuttaIntegrator.integrate(EmbeddedRungeKuttaIntegrator.java:296)

java.lang.AssertionError: going backard in time! (0.0 < 10.99)
    at org.junit.Assert.fail(Assert.java:88)
    at org.junit.Assert.assertTrue(Assert.java:41)
    at org.apache.commons.math.ode.events.EventStateTest$ResettingEvent.g(EventStateTest.java:120)
    at org.apache.commons.math.ode.events.EventState.reinitializeBegin(EventState.java:66)
    at org.apache.commons.math.ode.AbstractIntegrator.acceptStep(AbstractIntegrator.java:285)
    at org.apache.commons.math.ode.nonstiff.EmbeddedRungeKuttaIntegrator.integrate(EmbeddedRungeKuttaIntegrator.java:296)
23:20:44.269 [pool-42-thread-1] INFO  f.i.l.c.t.SpecificationTestCasesListener - Tests run finished (0 ms)
<> Total tests run: 1
<> Ignored tests: 0
<> Failed tests: 1
~ testIssue695(org.apache.commons.math.ode.events.EventStateTest)
[going backard in time! (0.0 < 10.99)]
java.lang.AssertionError: going backard in time! (0.0 < 10.99)    at org.junit.Assert.fail(Assert.java:88)
    at org.junit.Assert.assertTrue(Assert.java:41)
    at org.apache.commons.math.ode.events.EventStateTest$ResettingEvent.g(EventStateTest.java:120)
    at org.apache.commons.math.ode.events.EventState.reinitializeBegin(EventState.java:66)
    at org.apache.commons.math.ode.AbstractIntegrator.acceptStep(AbstractIntegrator.java:285)
    at org.apache.commons.math.ode.nonstiff.EmbeddedRungeKuttaIntegrator.integrate(EmbeddedRungeKuttaIntegrator.java:296)

23:20:44.269 [pool-39-thread-1] DEBUG tests.output - Failing tests with false: 
[testIssue695(org.apache.commons.math.ode.events.EventStateTest): going backard in time! (7.796578226186635 < 10.99)]
23:20:44.269 [pool-39-thread-1] DEBUG tests.output - Failing tests with true: 
[testIssue695(org.apache.commons.math.ode.events.EventStateTest): going backard in time! (0.0 < 10.99)]
23:20:44.270 [pool-39-thread-1] INFO  f.i.l.r.n.synth.SMTNopolSynthesizer - Not enough specifications: 0. A trivial patch is "true" or "false", please write new tests specifying SourceLocation org.apache.commons.math.ode.events.EventState:337.
23:20:44.270 [pool-2-thread-1] DEBUG fr.inria.lille.repair.nopol.NoPol - statement #12
23:20:44.270 [pool-2-thread-1] DEBUG fr.inria.lille.repair.nopol.NoPol - Analysing SourceLocation org.apache.commons.math.ode.events.EventState:336 which is executed by 15 tests
-1328230856
23:20:44.437 [pool-2-thread-1] DEBUG fr.inria.lille.repair.nopol.NoPol - looking with class fr.inria.lille.repair.nopol.spoon.smt.ConditionalAdder
java.lang.AssertionError: going backard in time! (7.796578226186635 < 10.99)
    at org.junit.Assert.fail(Assert.java:88)
    at org.junit.Assert.assertTrue(Assert.java:41)
    at org.apache.commons.math.ode.events.EventStateTest$ResettingEvent.g(EventStateTest.java:120)
    at org.apache.commons.math.ode.events.EventState.evaluateStep(EventState.java:214)
    at org.apache.commons.math.ode.AbstractIntegrator.acceptStep(AbstractIntegrator.java:302)
    at org.apache.commons.math.ode.nonstiff.EmbeddedRungeKuttaIntegrator.integrate(EmbeddedRungeKuttaIntegrator.java:296)
23:20:44.483 [pool-44-thread-1] INFO  xxl.java.junit.TestCasesListener - Tests run finished (29 ms)
<> Total tests run: 2
<> Ignored tests: 0
<> Failed tests: 1
~ testIssue695(org.apache.commons.math.ode.events.EventStateTest)
[going backard in time! (7.796578226186635 < 10.99)]
java.lang.AssertionError: going backard in time! (7.796578226186635 < 10.99)    at org.junit.Assert.fail(Assert.java:88)
    at org.junit.Assert.assertTrue(Assert.java:41)
    at org.apache.commons.math.ode.events.EventStateTest$ResettingEvent.g(EventStateTest.java:120)
    at org.apache.commons.math.ode.events.EventState.evaluateStep(EventState.java:214)
    at org.apache.commons.math.ode.AbstractIntegrator.acceptStep(AbstractIntegrator.java:302)
    at org.apache.commons.math.ode.nonstiff.EmbeddedRungeKuttaIntegrator.integrate(EmbeddedRungeKuttaIntegrator.java:296)

java.lang.AssertionError: going backard in time! (7.796578226186635 < 10.99)
    at org.junit.Assert.fail(Assert.java:88)
    at org.junit.Assert.assertTrue(Assert.java:41)
    at org.apache.commons.math.ode.events.EventStateTest$ResettingEvent.g(EventStateTest.java:120)
    at org.apache.commons.math.ode.events.EventState.evaluateStep(EventState.java:96)
    at org.apache.commons.math.ode.AbstractIntegrator.acceptStep(AbstractIntegrator.java:302)
    at org.apache.commons.math.ode.nonstiff.EmbeddedRungeKuttaIntegrator.integrate(EmbeddedRungeKuttaIntegrator.java:296)
23:20:44.729 [pool-45-thread-1] INFO  f.i.l.c.t.SpecificationTestCasesListener - Tests run finished (26 ms)
<> Total tests run: 1
<> Ignored tests: 0
<> Failed tests: 1
~ testIssue695(org.apache.commons.math.ode.events.EventStateTest)
[going backard in time! (7.796578226186635 < 10.99)]
java.lang.AssertionError: going backard in time! (7.796578226186635 < 10.99)    at org.junit.Assert.fail(Assert.java:88)
    at org.junit.Assert.assertTrue(Assert.java:41)
    at org.apache.commons.math.ode.events.EventStateTest$ResettingEvent.g(EventStateTest.java:120)
    at org.apache.commons.math.ode.events.EventState.evaluateStep(EventState.java:96)
    at org.apache.commons.math.ode.AbstractIntegrator.acceptStep(AbstractIntegrator.java:302)
    at org.apache.commons.math.ode.nonstiff.EmbeddedRungeKuttaIntegrator.integrate(EmbeddedRungeKuttaIntegrator.java:296)

java.lang.AssertionError: going backard in time! (0.0 < 10.99)
    at org.junit.Assert.fail(Assert.java:88)
    at org.junit.Assert.assertTrue(Assert.java:41)
    at org.apache.commons.math.ode.events.EventStateTest$ResettingEvent.g(EventStateTest.java:120)
    at org.apache.commons.math.ode.events.EventState.reinitializeBegin(EventState.java:66)
    at org.apache.commons.math.ode.AbstractIntegrator.acceptStep(AbstractIntegrator.java:285)
    at org.apache.commons.math.ode.nonstiff.EmbeddedRungeKuttaIntegrator.integrate(EmbeddedRungeKuttaIntegrator.java:296)
23:20:44.731 [pool-46-thread-1] INFO  f.i.l.c.t.SpecificationTestCasesListener - Tests run finished (1 ms)
<> Total tests run: 1
<> Ignored tests: 0
<> Failed tests: 1
~ testIssue695(org.apache.commons.math.ode.events.EventStateTest)
[going backard in time! (0.0 < 10.99)]
java.lang.AssertionError: going backard in time! (0.0 < 10.99)    at org.junit.Assert.fail(Assert.java:88)
    at org.junit.Assert.assertTrue(Assert.java:41)
    at org.apache.commons.math.ode.events.EventStateTest$ResettingEvent.g(EventStateTest.java:120)
    at org.apache.commons.math.ode.events.EventState.reinitializeBegin(EventState.java:66)
    at org.apache.commons.math.ode.AbstractIntegrator.acceptStep(AbstractIntegrator.java:285)
    at org.apache.commons.math.ode.nonstiff.EmbeddedRungeKuttaIntegrator.integrate(EmbeddedRungeKuttaIntegrator.java:296)

23:20:44.731 [pool-43-thread-1] DEBUG tests.output - Failing tests with false: 
[testIssue695(org.apache.commons.math.ode.events.EventStateTest): going backard in time! (7.796578226186635 < 10.99)]
23:20:44.731 [pool-43-thread-1] DEBUG tests.output - Failing tests with true: 
[testIssue695(org.apache.commons.math.ode.events.EventStateTest): going backard in time! (0.0 < 10.99)]
23:20:44.731 [pool-43-thread-1] INFO  f.i.l.r.n.synth.SMTNopolSynthesizer - Not enough specifications: 0. A trivial patch is "true" or "false", please write new tests specifying SourceLocation org.apache.commons.math.ode.events.EventState:336.
23:20:44.732 [pool-2-thread-1] DEBUG fr.inria.lille.repair.nopol.NoPol - statement #13
23:20:44.732 [pool-2-thread-1] DEBUG fr.inria.lille.repair.nopol.NoPol - Analysing SourceLocation org.apache.commons.math.ode.events.EventState:333 which is executed by 15 tests
-1328230856
23:20:44.877 [pool-2-thread-1] DEBUG fr.inria.lille.repair.nopol.NoPol - looking with class fr.inria.lille.repair.nopol.spoon.smt.ConditionalAdder
java.lang.AssertionError: going backard in time! (7.796578226186635 < 10.99)
    at org.junit.Assert.fail(Assert.java:88)
    at org.junit.Assert.assertTrue(Assert.java:41)
    at org.apache.commons.math.ode.events.EventStateTest$ResettingEvent.g(EventStateTest.java:120)
    at org.apache.commons.math.ode.events.EventState.evaluateStep(EventState.java:214)
    at org.apache.commons.math.ode.AbstractIntegrator.acceptStep(AbstractIntegrator.java:302)
    at org.apache.commons.math.ode.nonstiff.EmbeddedRungeKuttaIntegrator.integrate(EmbeddedRungeKuttaIntegrator.java:296)
23:20:44.908 [pool-48-thread-1] INFO  xxl.java.junit.TestCasesListener - Tests run finished (26 ms)
<> Total tests run: 2
<> Ignored tests: 0
<> Failed tests: 1
~ testIssue695(org.apache.commons.math.ode.events.EventStateTest)
[going backard in time! (7.796578226186635 < 10.99)]
java.lang.AssertionError: going backard in time! (7.796578226186635 < 10.99)    at org.junit.Assert.fail(Assert.java:88)
    at org.junit.Assert.assertTrue(Assert.java:41)
    at org.apache.commons.math.ode.events.EventStateTest$ResettingEvent.g(EventStateTest.java:120)
    at org.apache.commons.math.ode.events.EventState.evaluateStep(EventState.java:214)
    at org.apache.commons.math.ode.AbstractIntegrator.acceptStep(AbstractIntegrator.java:302)
    at org.apache.commons.math.ode.nonstiff.EmbeddedRungeKuttaIntegrator.integrate(EmbeddedRungeKuttaIntegrator.java:296)

java.lang.AssertionError: going backard in time! (7.796578226186635 < 10.99)
    at org.junit.Assert.fail(Assert.java:88)
    at org.junit.Assert.assertTrue(Assert.java:41)
    at org.apache.commons.math.ode.events.EventStateTest$ResettingEvent.g(EventStateTest.java:120)
    at org.apache.commons.math.ode.events.EventState.evaluateStep(EventState.java:96)
    at org.apache.commons.math.ode.AbstractIntegrator.acceptStep(AbstractIntegrator.java:302)
    at org.apache.commons.math.ode.nonstiff.EmbeddedRungeKuttaIntegrator.integrate(EmbeddedRungeKuttaIntegrator.java:296)
23:20:45.140 [pool-49-thread-1] INFO  f.i.l.c.t.SpecificationTestCasesListener - Tests run finished (25 ms)
<> Total tests run: 1
<> Ignored tests: 0
<> Failed tests: 1
~ testIssue695(org.apache.commons.math.ode.events.EventStateTest)
[going backard in time! (7.796578226186635 < 10.99)]
java.lang.AssertionError: going backard in time! (7.796578226186635 < 10.99)    at org.junit.Assert.fail(Assert.java:88)
    at org.junit.Assert.assertTrue(Assert.java:41)
    at org.apache.commons.math.ode.events.EventStateTest$ResettingEvent.g(EventStateTest.java:120)
    at org.apache.commons.math.ode.events.EventState.evaluateStep(EventState.java:96)
    at org.apache.commons.math.ode.AbstractIntegrator.acceptStep(AbstractIntegrator.java:302)
    at org.apache.commons.math.ode.nonstiff.EmbeddedRungeKuttaIntegrator.integrate(EmbeddedRungeKuttaIntegrator.java:296)

java.lang.AssertionError: going backard in time! (0.0 < 10.99)
    at org.junit.Assert.fail(Assert.java:88)
    at org.junit.Assert.assertTrue(Assert.java:41)
    at org.apache.commons.math.ode.events.EventStateTest$ResettingEvent.g(EventStateTest.java:120)
    at org.apache.commons.math.ode.events.EventState.reinitializeBegin(EventState.java:66)
    at org.apache.commons.math.ode.AbstractIntegrator.acceptStep(AbstractIntegrator.java:285)
    at org.apache.commons.math.ode.nonstiff.EmbeddedRungeKuttaIntegrator.integrate(EmbeddedRungeKuttaIntegrator.java:296)
23:20:45.142 [pool-50-thread-1] INFO  f.i.l.c.t.SpecificationTestCasesListener - Tests run finished (1 ms)
<> Total tests run: 1
<> Ignored tests: 0
<> Failed tests: 1
~ testIssue695(org.apache.commons.math.ode.events.EventStateTest)
[going backard in time! (0.0 < 10.99)]
java.lang.AssertionError: going backard in time! (0.0 < 10.99)    at org.junit.Assert.fail(Assert.java:88)
    at org.junit.Assert.assertTrue(Assert.java:41)
    at org.apache.commons.math.ode.events.EventStateTest$ResettingEvent.g(EventStateTest.java:120)
    at org.apache.commons.math.ode.events.EventState.reinitializeBegin(EventState.java:66)
    at org.apache.commons.math.ode.AbstractIntegrator.acceptStep(AbstractIntegrator.java:285)
    at org.apache.commons.math.ode.nonstiff.EmbeddedRungeKuttaIntegrator.integrate(EmbeddedRungeKuttaIntegrator.java:296)

23:20:45.143 [pool-47-thread-1] DEBUG tests.output - Failing tests with false: 
[testIssue695(org.apache.commons.math.ode.events.EventStateTest): going backard in time! (7.796578226186635 < 10.99)]
23:20:45.143 [pool-47-thread-1] DEBUG tests.output - Failing tests with true: 
[testIssue695(org.apache.commons.math.ode.events.EventStateTest): going backard in time! (0.0 < 10.99)]
23:20:45.143 [pool-47-thread-1] INFO  f.i.l.r.n.synth.SMTNopolSynthesizer - Not enough specifications: 0. A trivial patch is "true" or "false", please write new tests specifying SourceLocation org.apache.commons.math.ode.events.EventState:333.
23:20:45.143 [pool-2-thread-1] DEBUG fr.inria.lille.repair.nopol.NoPol - looking with class fr.inria.lille.repair.nopol.spoon.smt.ConditionalReplacer
java.lang.AssertionError: going backard in time! (7.796578226186635 < 10.99)
    at org.junit.Assert.fail(Assert.java:88)
    at org.junit.Assert.assertTrue(Assert.java:41)
    at org.apache.commons.math.ode.events.EventStateTest$ResettingEvent.g(EventStateTest.java:120)
    at org.apache.commons.math.ode.events.EventState.evaluateStep(EventState.java:214)
    at org.apache.commons.math.ode.AbstractIntegrator.acceptStep(AbstractIntegrator.java:302)
    at org.apache.commons.math.ode.nonstiff.EmbeddedRungeKuttaIntegrator.integrate(EmbeddedRungeKuttaIntegrator.java:296)
23:20:45.173 [pool-52-thread-1] INFO  xxl.java.junit.TestCasesListener - Tests run finished (27 ms)
<> Total tests run: 2
<> Ignored tests: 0
<> Failed tests: 1
~ testIssue695(org.apache.commons.math.ode.events.EventStateTest)
[going backard in time! (7.796578226186635 < 10.99)]
java.lang.AssertionError: going backard in time! (7.796578226186635 < 10.99)    at org.junit.Assert.fail(Assert.java:88)
    at org.junit.Assert.assertTrue(Assert.java:41)
    at org.apache.commons.math.ode.events.EventStateTest$ResettingEvent.g(EventStateTest.java:120)
    at org.apache.commons.math.ode.events.EventState.evaluateStep(EventState.java:214)
    at org.apache.commons.math.ode.AbstractIntegrator.acceptStep(AbstractIntegrator.java:302)
    at org.apache.commons.math.ode.nonstiff.EmbeddedRungeKuttaIntegrator.integrate(EmbeddedRungeKuttaIntegrator.java:296)

java.lang.AssertionError: going backard in time! (7.796578226186635 < 10.99)
    at org.junit.Assert.fail(Assert.java:88)
    at org.junit.Assert.assertTrue(Assert.java:41)
    at org.apache.commons.math.ode.events.EventStateTest$ResettingEvent.g(EventStateTest.java:120)
    at org.apache.commons.math.ode.events.EventState.evaluateStep(EventState.java:96)
    at org.apache.commons.math.ode.AbstractIntegrator.acceptStep(AbstractIntegrator.java:302)
    at org.apache.commons.math.ode.nonstiff.EmbeddedRungeKuttaIntegrator.integrate(EmbeddedRungeKuttaIntegrator.java:296)
23:20:45.410 [pool-53-thread-1] INFO  f.i.l.c.t.SpecificationTestCasesListener - Tests run finished (26 ms)
<> Total tests run: 1
<> Ignored tests: 0
<> Failed tests: 1
~ testIssue695(org.apache.commons.math.ode.events.EventStateTest)
[going backard in time! (7.796578226186635 < 10.99)]
java.lang.AssertionError: going backard in time! (7.796578226186635 < 10.99)    at org.junit.Assert.fail(Assert.java:88)
    at org.junit.Assert.assertTrue(Assert.java:41)
    at org.apache.commons.math.ode.events.EventStateTest$ResettingEvent.g(EventStateTest.java:120)
    at org.apache.commons.math.ode.events.EventState.evaluateStep(EventState.java:96)
    at org.apache.commons.math.ode.AbstractIntegrator.acceptStep(AbstractIntegrator.java:302)
    at org.apache.commons.math.ode.nonstiff.EmbeddedRungeKuttaIntegrator.integrate(EmbeddedRungeKuttaIntegrator.java:296)

java.lang.AssertionError: going backard in time! (0.0 < 10.99)
    at org.junit.Assert.fail(Assert.java:88)
    at org.junit.Assert.assertTrue(Assert.java:41)
    at org.apache.commons.math.ode.events.EventStateTest$ResettingEvent.g(EventStateTest.java:120)
    at org.apache.commons.math.ode.events.EventState.reinitializeBegin(EventState.java:66)
    at org.apache.commons.math.ode.AbstractIntegrator.acceptStep(AbstractIntegrator.java:285)
    at org.apache.commons.math.ode.nonstiff.EmbeddedRungeKuttaIntegrator.integrate(EmbeddedRungeKuttaIntegrator.java:296)
23:20:45.412 [pool-54-thread-1] INFO  f.i.l.c.t.SpecificationTestCasesListener - Tests run finished (1 ms)
<> Total tests run: 1
<> Ignored tests: 0
<> Failed tests: 1
~ testIssue695(org.apache.commons.math.ode.events.EventStateTest)
[going backard in time! (0.0 < 10.99)]
java.lang.AssertionError: going backard in time! (0.0 < 10.99)    at org.junit.Assert.fail(Assert.java:88)
    at org.junit.Assert.assertTrue(Assert.java:41)
    at org.apache.commons.math.ode.events.EventStateTest$ResettingEvent.g(EventStateTest.java:120)
    at org.apache.commons.math.ode.events.EventState.reinitializeBegin(EventState.java:66)
    at org.apache.commons.math.ode.AbstractIntegrator.acceptStep(AbstractIntegrator.java:285)
    at org.apache.commons.math.ode.nonstiff.EmbeddedRungeKuttaIntegrator.integrate(EmbeddedRungeKuttaIntegrator.java:296)

23:20:45.412 [pool-51-thread-1] DEBUG tests.output - Failing tests with false: 
[testIssue695(org.apache.commons.math.ode.events.EventStateTest): going backard in time! (7.796578226186635 < 10.99)]
23:20:45.413 [pool-51-thread-1] DEBUG tests.output - Failing tests with true: 
[testIssue695(org.apache.commons.math.ode.events.EventStateTest): going backard in time! (0.0 < 10.99)]
23:20:45.413 [pool-51-thread-1] INFO  f.i.l.r.n.synth.SMTNopolSynthesizer - Not enough specifications: 0. A trivial patch is "true" or "false", please write new tests specifying SourceLocation org.apache.commons.math.ode.events.EventState:333.
23:20:45.413 [pool-2-thread-1] DEBUG fr.inria.lille.repair.nopol.NoPol - statement #14
23:20:45.413 [pool-2-thread-1] DEBUG fr.inria.lille.repair.nopol.NoPol - Analysing SourceLocation org.apache.commons.math.ode.events.EventState:329 which is executed by 15 tests
-1328230856
23:20:45.555 [pool-2-thread-1] DEBUG fr.inria.lille.repair.nopol.NoPol - looking with class fr.inria.lille.repair.nopol.spoon.smt.ConditionalAdder
java.lang.AssertionError: going backard in time! (7.796578226186635 < 10.99)
    at org.junit.Assert.fail(Assert.java:88)
    at org.junit.Assert.assertTrue(Assert.java:41)
    at org.apache.commons.math.ode.events.EventStateTest$ResettingEvent.g(EventStateTest.java:120)
    at org.apache.commons.math.ode.events.EventState.evaluateStep(EventState.java:214)
    at org.apache.commons.math.ode.AbstractIntegrator.acceptStep(AbstractIntegrator.java:302)
    at org.apache.commons.math.ode.nonstiff.EmbeddedRungeKuttaIntegrator.integrate(EmbeddedRungeKuttaIntegrator.java:296)
23:20:45.595 [pool-56-thread-1] INFO  xxl.java.junit.TestCasesListener - Tests run finished (36 ms)
<> Total tests run: 2
<> Ignored tests: 0
<> Failed tests: 1
~ testIssue695(org.apache.commons.math.ode.events.EventStateTest)
[going backard in time! (7.796578226186635 < 10.99)]
java.lang.AssertionError: going backard in time! (7.796578226186635 < 10.99)    at org.junit.Assert.fail(Assert.java:88)
    at org.junit.Assert.assertTrue(Assert.java:41)
    at org.apache.commons.math.ode.events.EventStateTest$ResettingEvent.g(EventStateTest.java:120)
    at org.apache.commons.math.ode.events.EventState.evaluateStep(EventState.java:214)
    at org.apache.commons.math.ode.AbstractIntegrator.acceptStep(AbstractIntegrator.java:302)
    at org.apache.commons.math.ode.nonstiff.EmbeddedRungeKuttaIntegrator.integrate(EmbeddedRungeKuttaIntegrator.java:296)

java.lang.AssertionError: going backard in time! (7.796578226186635 < 10.99)
    at org.junit.Assert.fail(Assert.java:88)
    at org.junit.Assert.assertTrue(Assert.java:41)
    at org.apache.commons.math.ode.events.EventStateTest$ResettingEvent.g(EventStateTest.java:120)
    at org.apache.commons.math.ode.events.EventState.evaluateStep(EventState.java:96)
    at org.apache.commons.math.ode.AbstractIntegrator.acceptStep(AbstractIntegrator.java:302)
    at org.apache.commons.math.ode.nonstiff.EmbeddedRungeKuttaIntegrator.integrate(EmbeddedRungeKuttaIntegrator.java:296)
23:20:45.822 [pool-57-thread-1] INFO  f.i.l.c.t.SpecificationTestCasesListener - Tests run finished (24 ms)
<> Total tests run: 1
<> Ignored tests: 0
<> Failed tests: 1
~ testIssue695(org.apache.commons.math.ode.events.EventStateTest)
[going backard in time! (7.796578226186635 < 10.99)]
java.lang.AssertionError: going backard in time! (7.796578226186635 < 10.99)    at org.junit.Assert.fail(Assert.java:88)
    at org.junit.Assert.assertTrue(Assert.java:41)
    at org.apache.commons.math.ode.events.EventStateTest$ResettingEvent.g(EventStateTest.java:120)
    at org.apache.commons.math.ode.events.EventState.evaluateStep(EventState.java:96)
    at org.apache.commons.math.ode.AbstractIntegrator.acceptStep(AbstractIntegrator.java:302)
    at org.apache.commons.math.ode.nonstiff.EmbeddedRungeKuttaIntegrator.integrate(EmbeddedRungeKuttaIntegrator.java:296)

java.lang.AssertionError: going backard in time! (0.0 < 10.99)
    at org.junit.Assert.fail(Assert.java:88)
    at org.junit.Assert.assertTrue(Assert.java:41)
    at org.apache.commons.math.ode.events.EventStateTest$ResettingEvent.g(EventStateTest.java:120)
    at org.apache.commons.math.ode.events.EventState.reinitializeBegin(EventState.java:66)
    at org.apache.commons.math.ode.AbstractIntegrator.acceptStep(AbstractIntegrator.java:285)
    at org.apache.commons.math.ode.nonstiff.EmbeddedRungeKuttaIntegrator.integrate(EmbeddedRungeKuttaIntegrator.java:296)
23:20:45.824 [pool-58-thread-1] INFO  f.i.l.c.t.SpecificationTestCasesListener - Tests run finished (1 ms)
<> Total tests run: 1
<> Ignored tests: 0
<> Failed tests: 1
~ testIssue695(org.apache.commons.math.ode.events.EventStateTest)
[going backard in time! (0.0 < 10.99)]
java.lang.AssertionError: going backard in time! (0.0 < 10.99)    at org.junit.Assert.fail(Assert.java:88)
    at org.junit.Assert.assertTrue(Assert.java:41)
    at org.apache.commons.math.ode.events.EventStateTest$ResettingEvent.g(EventStateTest.java:120)
    at org.apache.commons.math.ode.events.EventState.reinitializeBegin(EventState.java:66)
    at org.apache.commons.math.ode.AbstractIntegrator.acceptStep(AbstractIntegrator.java:285)
    at org.apache.commons.math.ode.nonstiff.EmbeddedRungeKuttaIntegrator.integrate(EmbeddedRungeKuttaIntegrator.java:296)

23:20:45.825 [pool-55-thread-1] DEBUG tests.output - Failing tests with false: 
[testIssue695(org.apache.commons.math.ode.events.EventStateTest): going backard in time! (7.796578226186635 < 10.99)]
23:20:45.825 [pool-55-thread-1] DEBUG tests.output - Failing tests with true: 
[testIssue695(org.apache.commons.math.ode.events.EventStateTest): going backard in time! (0.0 < 10.99)]
23:20:45.825 [pool-55-thread-1] INFO  f.i.l.r.n.synth.SMTNopolSynthesizer - Not enough specifications: 0. A trivial patch is "true" or "false", please write new tests specifying SourceLocation org.apache.commons.math.ode.events.EventState:329.
23:20:45.825 [pool-2-thread-1] DEBUG fr.inria.lille.repair.nopol.NoPol - looking with class fr.inria.lille.repair.nopol.spoon.smt.ConditionalReplacer
java.lang.AssertionError: going backard in time! (7.796578226186635 < 10.99)
    at org.junit.Assert.fail(Assert.java:88)
    at org.junit.Assert.assertTrue(Assert.java:41)
    at org.apache.commons.math.ode.events.EventStateTest$ResettingEvent.g(EventStateTest.java:120)
    at org.apache.commons.math.ode.events.EventState.evaluateStep(EventState.java:214)
    at org.apache.commons.math.ode.AbstractIntegrator.acceptStep(AbstractIntegrator.java:302)
    at org.apache.commons.math.ode.nonstiff.EmbeddedRungeKuttaIntegrator.integrate(EmbeddedRungeKuttaIntegrator.java:296)
23:20:45.855 [pool-60-thread-1] INFO  xxl.java.junit.TestCasesListener - Tests run finished (27 ms)
<> Total tests run: 2
<> Ignored tests: 0
<> Failed tests: 1
~ testIssue695(org.apache.commons.math.ode.events.EventStateTest)
[going backard in time! (7.796578226186635 < 10.99)]
java.lang.AssertionError: going backard in time! (7.796578226186635 < 10.99)    at org.junit.Assert.fail(Assert.java:88)
    at org.junit.Assert.assertTrue(Assert.java:41)
    at org.apache.commons.math.ode.events.EventStateTest$ResettingEvent.g(EventStateTest.java:120)
    at org.apache.commons.math.ode.events.EventState.evaluateStep(EventState.java:214)
    at org.apache.commons.math.ode.AbstractIntegrator.acceptStep(AbstractIntegrator.java:302)
    at org.apache.commons.math.ode.nonstiff.EmbeddedRungeKuttaIntegrator.integrate(EmbeddedRungeKuttaIntegrator.java:296)

java.lang.AssertionError: going backard in time! (7.796578226186635 < 10.99)
    at org.junit.Assert.fail(Assert.java:88)
    at org.junit.Assert.assertTrue(Assert.java:41)
    at org.apache.commons.math.ode.events.EventStateTest$ResettingEvent.g(EventStateTest.java:120)
    at org.apache.commons.math.ode.events.EventState.evaluateStep(EventState.java:96)
    at org.apache.commons.math.ode.AbstractIntegrator.acceptStep(AbstractIntegrator.java:302)
    at org.apache.commons.math.ode.nonstiff.EmbeddedRungeKuttaIntegrator.integrate(EmbeddedRungeKuttaIntegrator.java:296)
23:20:46.090 [pool-61-thread-1] INFO  f.i.l.c.t.SpecificationTestCasesListener - Tests run finished (25 ms)
<> Total tests run: 1
<> Ignored tests: 0
<> Failed tests: 1
~ testIssue695(org.apache.commons.math.ode.events.EventStateTest)
[going backard in time! (7.796578226186635 < 10.99)]
java.lang.AssertionError: going backard in time! (7.796578226186635 < 10.99)    at org.junit.Assert.fail(Assert.java:88)
    at org.junit.Assert.assertTrue(Assert.java:41)
    at org.apache.commons.math.ode.events.EventStateTest$ResettingEvent.g(EventStateTest.java:120)
    at org.apache.commons.math.ode.events.EventState.evaluateStep(EventState.java:96)
    at org.apache.commons.math.ode.AbstractIntegrator.acceptStep(AbstractIntegrator.java:302)
    at org.apache.commons.math.ode.nonstiff.EmbeddedRungeKuttaIntegrator.integrate(EmbeddedRungeKuttaIntegrator.java:296)

java.lang.AssertionError: going backard in time! (0.0 < 10.99)
    at org.junit.Assert.fail(Assert.java:88)
    at org.junit.Assert.assertTrue(Assert.java:41)
    at org.apache.commons.math.ode.events.EventStateTest$ResettingEvent.g(EventStateTest.java:120)
    at org.apache.commons.math.ode.events.EventState.reinitializeBegin(EventState.java:66)
    at org.apache.commons.math.ode.AbstractIntegrator.acceptStep(AbstractIntegrator.java:285)
    at org.apache.commons.math.ode.nonstiff.EmbeddedRungeKuttaIntegrator.integrate(EmbeddedRungeKuttaIntegrator.java:296)
23:20:46.091 [pool-62-thread-1] INFO  f.i.l.c.t.SpecificationTestCasesListener - Tests run finished (0 ms)
<> Total tests run: 1
<> Ignored tests: 0
<> Failed tests: 1
~ testIssue695(org.apache.commons.math.ode.events.EventStateTest)
[going backard in time! (0.0 < 10.99)]
java.lang.AssertionError: going backard in time! (0.0 < 10.99)    at org.junit.Assert.fail(Assert.java:88)
    at org.junit.Assert.assertTrue(Assert.java:41)
    at org.apache.commons.math.ode.events.EventStateTest$ResettingEvent.g(EventStateTest.java:120)
    at org.apache.commons.math.ode.events.EventState.reinitializeBegin(EventState.java:66)
    at org.apache.commons.math.ode.AbstractIntegrator.acceptStep(AbstractIntegrator.java:285)
    at org.apache.commons.math.ode.nonstiff.EmbeddedRungeKuttaIntegrator.integrate(EmbeddedRungeKuttaIntegrator.java:296)

23:20:46.092 [pool-59-thread-1] DEBUG tests.output - Failing tests with false: 
[testIssue695(org.apache.commons.math.ode.events.EventStateTest): going backard in time! (7.796578226186635 < 10.99)]
23:20:46.092 [pool-59-thread-1] DEBUG tests.output - Failing tests with true: 
[testIssue695(org.apache.commons.math.ode.events.EventStateTest): going backard in time! (0.0 < 10.99)]
23:20:46.092 [pool-59-thread-1] INFO  f.i.l.r.n.synth.SMTNopolSynthesizer - Not enough specifications: 0. A trivial patch is "true" or "false", please write new tests specifying SourceLocation org.apache.commons.math.ode.events.EventState:329.
23:20:46.092 [pool-2-thread-1] DEBUG fr.inria.lille.repair.nopol.NoPol - statement #15
23:20:46.092 [pool-2-thread-1] DEBUG fr.inria.lille.repair.nopol.NoPol - Analysing SourceLocation org.apache.commons.math.ode.AbstractIntegrator:337 which is executed by 15 tests
1093635194
23:20:46.240 [pool-2-thread-1] DEBUG fr.inria.lille.repair.nopol.NoPol - looking with class fr.inria.lille.repair.nopol.spoon.smt.ConditionalAdder
java.lang.AssertionError: going backard in time! (7.796578226186635 < 10.99)
    at org.junit.Assert.fail(Assert.java:88)
    at org.junit.Assert.assertTrue(Assert.java:41)
    at org.apache.commons.math.ode.events.EventStateTest$ResettingEvent.g(EventStateTest.java:120)
    at org.apache.commons.math.ode.events.EventState.evaluateStep(EventState.java:214)
    at org.apache.commons.math.ode.AbstractIntegrator.acceptStep(AbstractIntegrator.java:302)
    at org.apache.commons.math.ode.nonstiff.EmbeddedRungeKuttaIntegrator.integrate(EmbeddedRungeKuttaIntegrator.java:296)
23:20:46.271 [pool-64-thread-1] INFO  xxl.java.junit.TestCasesListener - Tests run finished (27 ms)
<> Total tests run: 2
<> Ignored tests: 0
<> Failed tests: 1
~ testIssue695(org.apache.commons.math.ode.events.EventStateTest)
[going backard in time! (7.796578226186635 < 10.99)]
java.lang.AssertionError: going backard in time! (7.796578226186635 < 10.99)    at org.junit.Assert.fail(Assert.java:88)
    at org.junit.Assert.assertTrue(Assert.java:41)
    at org.apache.commons.math.ode.events.EventStateTest$ResettingEvent.g(EventStateTest.java:120)
    at org.apache.commons.math.ode.events.EventState.evaluateStep(EventState.java:214)
    at org.apache.commons.math.ode.AbstractIntegrator.acceptStep(AbstractIntegrator.java:302)
    at org.apache.commons.math.ode.nonstiff.EmbeddedRungeKuttaIntegrator.integrate(EmbeddedRungeKuttaIntegrator.java:296)

java.lang.AssertionError: expected:<32.0> but was:<30.000000000000014>
    at org.junit.Assert.fail(Assert.java:88)
    at org.junit.Assert.failNotEquals(Assert.java:743)
    at org.junit.Assert.assertEquals(Assert.java:494)
    at org.junit.Assert.assertEquals(Assert.java:592)
    at org.apache.commons.math.ode.events.EventStateTest.testIssue695(EventStateTest.java:102)
    at sun.reflect.NativeMethodAccessorImpl.invoke0(Native Method)
23:20:46.513 [pool-65-thread-1] INFO  f.i.l.c.t.SpecificationTestCasesListener - Tests run finished (26 ms)
<> Total tests run: 1
<> Ignored tests: 0
<> Failed tests: 1
~ testIssue695(org.apache.commons.math.ode.events.EventStateTest)
[expected:<32.0> but was:<30.000000000000014>]
java.lang.AssertionError: expected:<32.0> but was:<30.000000000000014>    at org.junit.Assert.fail(Assert.java:88)
    at org.junit.Assert.failNotEquals(Assert.java:743)
    at org.junit.Assert.assertEquals(Assert.java:494)
    at org.junit.Assert.assertEquals(Assert.java:592)
    at org.apache.commons.math.ode.events.EventStateTest.testIssue695(EventStateTest.java:102)
    at sun.reflect.NativeMethodAccessorImpl.invoke0(Native Method)

java.lang.AssertionError: going backard in time! (0.0 < 11.01)
    at org.junit.Assert.fail(Assert.java:88)
    at org.junit.Assert.assertTrue(Assert.java:41)
    at org.apache.commons.math.ode.events.EventStateTest$ResettingEvent.g(EventStateTest.java:120)
    at org.apache.commons.math.ode.events.EventState.reinitializeBegin(EventState.java:156)
    at org.apache.commons.math.ode.AbstractIntegrator.acceptStep(AbstractIntegrator.java:135)
    at org.apache.commons.math.ode.nonstiff.EmbeddedRungeKuttaIntegrator.integrate(EmbeddedRungeKuttaIntegrator.java:296)
23:20:46.515 [pool-66-thread-1] INFO  f.i.l.c.t.SpecificationTestCasesListener - Tests run finished (1 ms)
<> Total tests run: 1
<> Ignored tests: 0
<> Failed tests: 1
~ testIssue695(org.apache.commons.math.ode.events.EventStateTest)
[going backard in time! (0.0 < 11.01)]
java.lang.AssertionError: going backard in time! (0.0 < 11.01)    at org.junit.Assert.fail(Assert.java:88)
    at org.junit.Assert.assertTrue(Assert.java:41)
    at org.apache.commons.math.ode.events.EventStateTest$ResettingEvent.g(EventStateTest.java:120)
    at org.apache.commons.math.ode.events.EventState.reinitializeBegin(EventState.java:156)
    at org.apache.commons.math.ode.AbstractIntegrator.acceptStep(AbstractIntegrator.java:135)
    at org.apache.commons.math.ode.nonstiff.EmbeddedRungeKuttaIntegrator.integrate(EmbeddedRungeKuttaIntegrator.java:296)

23:20:46.515 [pool-63-thread-1] DEBUG tests.output - Failing tests with false: 
[testIssue695(org.apache.commons.math.ode.events.EventStateTest): expected:<32.0> but was:<30.000000000000014>]
23:20:46.515 [pool-63-thread-1] DEBUG tests.output - Failing tests with true: 
[testIssue695(org.apache.commons.math.ode.events.EventStateTest): going backard in time! (0.0 < 11.01)]
23:20:46.515 [pool-63-thread-1] INFO  f.i.l.r.n.synth.SMTNopolSynthesizer - Not enough specifications: 0. A trivial patch is "true" or "false", please write new tests specifying SourceLocation org.apache.commons.math.ode.AbstractIntegrator:337.
23:20:46.515 [pool-2-thread-1] DEBUG fr.inria.lille.repair.nopol.NoPol - looking with class fr.inria.lille.repair.nopol.spoon.smt.ConditionalReplacer
java.lang.AssertionError: going backard in time! (7.796578226186635 < 10.99)
    at org.junit.Assert.fail(Assert.java:88)
    at org.junit.Assert.assertTrue(Assert.java:41)
    at org.apache.commons.math.ode.events.EventStateTest$ResettingEvent.g(EventStateTest.java:120)
    at org.apache.commons.math.ode.events.EventState.evaluateStep(EventState.java:214)
    at org.apache.commons.math.ode.AbstractIntegrator.acceptStep(AbstractIntegrator.java:302)
    at org.apache.commons.math.ode.nonstiff.EmbeddedRungeKuttaIntegrator.integrate(EmbeddedRungeKuttaIntegrator.java:296)
23:20:46.544 [pool-68-thread-1] INFO  xxl.java.junit.TestCasesListener - Tests run finished (26 ms)
<> Total tests run: 2
<> Ignored tests: 0
<> Failed tests: 1
~ testIssue695(org.apache.commons.math.ode.events.EventStateTest)
[going backard in time! (7.796578226186635 < 10.99)]
java.lang.AssertionError: going backard in time! (7.796578226186635 < 10.99)    at org.junit.Assert.fail(Assert.java:88)
    at org.junit.Assert.assertTrue(Assert.java:41)
    at org.apache.commons.math.ode.events.EventStateTest$ResettingEvent.g(EventStateTest.java:120)
    at org.apache.commons.math.ode.events.EventState.evaluateStep(EventState.java:214)
    at org.apache.commons.math.ode.AbstractIntegrator.acceptStep(AbstractIntegrator.java:302)
    at org.apache.commons.math.ode.nonstiff.EmbeddedRungeKuttaIntegrator.integrate(EmbeddedRungeKuttaIntegrator.java:296)

java.lang.AssertionError: expected:<32.0> but was:<30.000000000000014>
    at org.junit.Assert.fail(Assert.java:88)
    at org.junit.Assert.failNotEquals(Assert.java:743)
    at org.junit.Assert.assertEquals(Assert.java:494)
    at org.junit.Assert.assertEquals(Assert.java:592)
    at org.apache.commons.math.ode.events.EventStateTest.testIssue695(EventStateTest.java:102)
    at sun.reflect.NativeMethodAccessorImpl.invoke0(Native Method)
23:20:47.379 [pool-69-thread-1] INFO  f.i.l.c.t.SpecificationTestCasesListener - Tests run finished (29 ms)
<> Total tests run: 1
<> Ignored tests: 0
<> Failed tests: 1
~ testIssue695(org.apache.commons.math.ode.events.EventStateTest)
[expected:<32.0> but was:<30.000000000000014>]
java.lang.AssertionError: expected:<32.0> but was:<30.000000000000014>    at org.junit.Assert.fail(Assert.java:88)
    at org.junit.Assert.failNotEquals(Assert.java:743)
    at org.junit.Assert.assertEquals(Assert.java:494)
    at org.junit.Assert.assertEquals(Assert.java:592)
    at org.apache.commons.math.ode.events.EventStateTest.testIssue695(EventStateTest.java:102)
    at sun.reflect.NativeMethodAccessorImpl.invoke0(Native Method)

java.lang.AssertionError: going backard in time! (0.0 < 11.01)
    at org.junit.Assert.fail(Assert.java:88)
    at org.junit.Assert.assertTrue(Assert.java:41)
    at org.apache.commons.math.ode.events.EventStateTest$ResettingEvent.g(EventStateTest.java:120)
    at org.apache.commons.math.ode.events.EventState.reinitializeBegin(EventState.java:156)
    at org.apache.commons.math.ode.AbstractIntegrator.acceptStep(AbstractIntegrator.java:135)
    at org.apache.commons.math.ode.nonstiff.EmbeddedRungeKuttaIntegrator.integrate(EmbeddedRungeKuttaIntegrator.java:296)
23:20:47.381 [pool-70-thread-1] INFO  f.i.l.c.t.SpecificationTestCasesListener - Tests run finished (1 ms)
<> Total tests run: 1
<> Ignored tests: 0
<> Failed tests: 1
~ testIssue695(org.apache.commons.math.ode.events.EventStateTest)
[going backard in time! (0.0 < 11.01)]
java.lang.AssertionError: going backard in time! (0.0 < 11.01)    at org.junit.Assert.fail(Assert.java:88)
    at org.junit.Assert.assertTrue(Assert.java:41)
    at org.apache.commons.math.ode.events.EventStateTest$ResettingEvent.g(EventStateTest.java:120)
    at org.apache.commons.math.ode.events.EventState.reinitializeBegin(EventState.java:156)
    at org.apache.commons.math.ode.AbstractIntegrator.acceptStep(AbstractIntegrator.java:135)
    at org.apache.commons.math.ode.nonstiff.EmbeddedRungeKuttaIntegrator.integrate(EmbeddedRungeKuttaIntegrator.java:296)

23:20:47.381 [pool-67-thread-1] DEBUG tests.output - Failing tests with false: 
[testIssue695(org.apache.commons.math.ode.events.EventStateTest): expected:<32.0> but was:<30.000000000000014>]
23:20:47.381 [pool-67-thread-1] DEBUG tests.output - Failing tests with true: 
[testIssue695(org.apache.commons.math.ode.events.EventStateTest): going backard in time! (0.0 < 11.01)]
23:20:47.381 [pool-67-thread-1] INFO  f.i.l.r.n.synth.SMTNopolSynthesizer - Not enough specifications: 0. A trivial patch is "true" or "false", please write new tests specifying SourceLocation org.apache.commons.math.ode.AbstractIntegrator:337.
23:20:47.381 [pool-2-thread-1] DEBUG fr.inria.lille.repair.nopol.NoPol - statement #16
23:20:47.382 [pool-2-thread-1] DEBUG fr.inria.lille.repair.nopol.NoPol - Analysing SourceLocation org.apache.commons.math.ode.AbstractIntegrator:131 which is executed by 17 tests
1093635194
23:20:47.539 [pool-2-thread-1] DEBUG fr.inria.lille.repair.nopol.NoPol - statement #17
23:20:47.539 [pool-2-thread-1] DEBUG fr.inria.lille.repair.nopol.NoPol - Analysing SourceLocation org.apache.commons.math.ode.AbstractIntegrator:128 which is executed by 17 tests
1093635194
23:20:47.694 [pool-2-thread-1] DEBUG fr.inria.lille.repair.nopol.NoPol - looking with class fr.inria.lille.repair.nopol.spoon.smt.ConditionalAdder
java.lang.AssertionError: going backard in time! (7.796578226186635 < 10.99)
    at org.junit.Assert.fail(Assert.java:88)
    at org.junit.Assert.assertTrue(Assert.java:41)
    at org.apache.commons.math.ode.events.EventStateTest$ResettingEvent.g(EventStateTest.java:120)
    at org.apache.commons.math.ode.events.EventState.evaluateStep(EventState.java:214)
    at org.apache.commons.math.ode.AbstractIntegrator.acceptStep(AbstractIntegrator.java:302)
    at org.apache.commons.math.ode.nonstiff.EmbeddedRungeKuttaIntegrator.integrate(EmbeddedRungeKuttaIntegrator.java:296)
23:20:47.724 [pool-72-thread-1] INFO  xxl.java.junit.TestCasesListener - Tests run finished (27 ms)
<> Total tests run: 2
<> Ignored tests: 0
<> Failed tests: 1
~ testIssue695(org.apache.commons.math.ode.events.EventStateTest)
[going backard in time! (7.796578226186635 < 10.99)]
java.lang.AssertionError: going backard in time! (7.796578226186635 < 10.99)    at org.junit.Assert.fail(Assert.java:88)
    at org.junit.Assert.assertTrue(Assert.java:41)
    at org.apache.commons.math.ode.events.EventStateTest$ResettingEvent.g(EventStateTest.java:120)
    at org.apache.commons.math.ode.events.EventState.evaluateStep(EventState.java:214)
    at org.apache.commons.math.ode.AbstractIntegrator.acceptStep(AbstractIntegrator.java:302)
    at org.apache.commons.math.ode.nonstiff.EmbeddedRungeKuttaIntegrator.integrate(EmbeddedRungeKuttaIntegrator.java:296)

java.lang.AssertionError: expected:<32.0> but was:<30.000000000000014>
    at org.junit.Assert.fail(Assert.java:88)
    at org.junit.Assert.failNotEquals(Assert.java:743)
    at org.junit.Assert.assertEquals(Assert.java:494)
    at org.junit.Assert.assertEquals(Assert.java:592)
    at org.apache.commons.math.ode.events.EventStateTest.testIssue695(EventStateTest.java:102)
    at sun.reflect.NativeMethodAccessorImpl.invoke0(Native Method)
23:20:47.959 [pool-73-thread-1] INFO  f.i.l.c.t.SpecificationTestCasesListener - Tests run finished (18 ms)
<> Total tests run: 1
<> Ignored tests: 0
<> Failed tests: 1
~ testIssue695(org.apache.commons.math.ode.events.EventStateTest)
[expected:<32.0> but was:<30.000000000000014>]
java.lang.AssertionError: expected:<32.0> but was:<30.000000000000014>    at org.junit.Assert.fail(Assert.java:88)
    at org.junit.Assert.failNotEquals(Assert.java:743)
    at org.junit.Assert.assertEquals(Assert.java:494)
    at org.junit.Assert.assertEquals(Assert.java:592)
    at org.apache.commons.math.ode.events.EventStateTest.testIssue695(EventStateTest.java:102)
    at sun.reflect.NativeMethodAccessorImpl.invoke0(Native Method)

java.lang.AssertionError: going backard in time! (7.796578226186635 < 10.99)
    at org.junit.Assert.fail(Assert.java:88)
    at org.junit.Assert.assertTrue(Assert.java:41)
    at org.apache.commons.math.ode.events.EventStateTest$ResettingEvent.g(EventStateTest.java:120)
    at org.apache.commons.math.ode.events.EventState.evaluateStep(EventState.java:214)
    at org.apache.commons.math.ode.AbstractIntegrator.acceptStep(AbstractIntegrator.java:173)
    at org.apache.commons.math.ode.nonstiff.EmbeddedRungeKuttaIntegrator.integrate(EmbeddedRungeKuttaIntegrator.java:296)
23:20:47.967 [pool-74-thread-1] INFO  f.i.l.c.t.SpecificationTestCasesListener - Tests run finished (7 ms)
<> Total tests run: 1
<> Ignored tests: 0
<> Failed tests: 1
~ testIssue695(org.apache.commons.math.ode.events.EventStateTest)
[going backard in time! (7.796578226186635 < 10.99)]
java.lang.AssertionError: going backard in time! (7.796578226186635 < 10.99)    at org.junit.Assert.fail(Assert.java:88)
    at org.junit.Assert.assertTrue(Assert.java:41)
    at org.apache.commons.math.ode.events.EventStateTest$ResettingEvent.g(EventStateTest.java:120)
    at org.apache.commons.math.ode.events.EventState.evaluateStep(EventState.java:214)
    at org.apache.commons.math.ode.AbstractIntegrator.acceptStep(AbstractIntegrator.java:173)
    at org.apache.commons.math.ode.nonstiff.EmbeddedRungeKuttaIntegrator.integrate(EmbeddedRungeKuttaIntegrator.java:296)

23:20:47.968 [pool-71-thread-1] DEBUG tests.output - Failing tests with false: 
[testIssue695(org.apache.commons.math.ode.events.EventStateTest): expected:<32.0> but was:<30.000000000000014>]
23:20:47.968 [pool-71-thread-1] DEBUG tests.output - Failing tests with true: 
[testIssue695(org.apache.commons.math.ode.events.EventStateTest): going backard in time! (7.796578226186635 < 10.99)]
23:20:47.968 [pool-71-thread-1] INFO  f.i.l.r.n.synth.SMTNopolSynthesizer - Not enough specifications: 0. A trivial patch is "true" or "false", please write new tests specifying SourceLocation org.apache.commons.math.ode.AbstractIntegrator:128.
23:20:47.968 [pool-2-thread-1] DEBUG fr.inria.lille.repair.nopol.NoPol - statement #18
23:20:47.968 [pool-2-thread-1] DEBUG fr.inria.lille.repair.nopol.NoPol - Analysing SourceLocation org.apache.commons.math.analysis.solvers.BracketingNthOrderBrentSolver:287 which is executed by 17 tests
575067433
23:20:48.113 [pool-2-thread-1] DEBUG fr.inria.lille.repair.nopol.NoPol - looking with class fr.inria.lille.repair.nopol.spoon.smt.ConditionalAdder
java.lang.AssertionError: going backard in time! (7.796578226186635 < 10.99)
    at org.junit.Assert.fail(Assert.java:88)
    at org.junit.Assert.assertTrue(Assert.java:41)
    at org.apache.commons.math.ode.events.EventStateTest$ResettingEvent.g(EventStateTest.java:120)
    at org.apache.commons.math.ode.events.EventState.evaluateStep(EventState.java:214)
    at org.apache.commons.math.ode.AbstractIntegrator.acceptStep(AbstractIntegrator.java:302)
    at org.apache.commons.math.ode.nonstiff.EmbeddedRungeKuttaIntegrator.integrate(EmbeddedRungeKuttaIntegrator.java:296)
23:20:48.143 [pool-76-thread-1] INFO  xxl.java.junit.TestCasesListener - Tests run finished (27 ms)
<> Total tests run: 2
<> Ignored tests: 0
<> Failed tests: 1
~ testIssue695(org.apache.commons.math.ode.events.EventStateTest)
[going backard in time! (7.796578226186635 < 10.99)]
java.lang.AssertionError: going backard in time! (7.796578226186635 < 10.99)    at org.junit.Assert.fail(Assert.java:88)
    at org.junit.Assert.assertTrue(Assert.java:41)
    at org.apache.commons.math.ode.events.EventStateTest$ResettingEvent.g(EventStateTest.java:120)
    at org.apache.commons.math.ode.events.EventState.evaluateStep(EventState.java:214)
    at org.apache.commons.math.ode.AbstractIntegrator.acceptStep(AbstractIntegrator.java:302)
    at org.apache.commons.math.ode.nonstiff.EmbeddedRungeKuttaIntegrator.integrate(EmbeddedRungeKuttaIntegrator.java:296)

java.lang.AssertionError: going backard in time! (7.796578226186635 < 10.99)
    at org.junit.Assert.fail(Assert.java:88)
    at org.junit.Assert.assertTrue(Assert.java:41)
    at org.apache.commons.math.ode.events.EventStateTest$ResettingEvent.g(EventStateTest.java:120)
    at org.apache.commons.math.ode.events.EventState.evaluateStep(EventState.java:214)
    at org.apache.commons.math.ode.AbstractIntegrator.acceptStep(AbstractIntegrator.java:302)
    at org.apache.commons.math.ode.nonstiff.EmbeddedRungeKuttaIntegrator.integrate(EmbeddedRungeKuttaIntegrator.java:296)
23:20:48.503 [pool-77-thread-1] INFO  f.i.l.c.t.SpecificationTestCasesListener - Tests run finished (25 ms)
<> Total tests run: 1
<> Ignored tests: 0
<> Failed tests: 1
~ testIssue695(org.apache.commons.math.ode.events.EventStateTest)
[going backard in time! (7.796578226186635 < 10.99)]
java.lang.AssertionError: going backard in time! (7.796578226186635 < 10.99)    at org.junit.Assert.fail(Assert.java:88)
    at org.junit.Assert.assertTrue(Assert.java:41)
    at org.apache.commons.math.ode.events.EventStateTest$ResettingEvent.g(EventStateTest.java:120)
    at org.apache.commons.math.ode.events.EventState.evaluateStep(EventState.java:214)
    at org.apache.commons.math.ode.AbstractIntegrator.acceptStep(AbstractIntegrator.java:302)
    at org.apache.commons.math.ode.nonstiff.EmbeddedRungeKuttaIntegrator.integrate(EmbeddedRungeKuttaIntegrator.java:296)

java.lang.AssertionError: going backard in time! (0.0 < 10.99)
    at org.junit.Assert.fail(Assert.java:88)
    at org.junit.Assert.assertTrue(Assert.java:41)
    at org.apache.commons.math.ode.events.EventStateTest$ResettingEvent.g(EventStateTest.java:120)
    at org.apache.commons.math.ode.events.EventState.reinitializeBegin(EventState.java:156)
    at org.apache.commons.math.ode.AbstractIntegrator.acceptStep(AbstractIntegrator.java:285)
    at org.apache.commons.math.ode.nonstiff.EmbeddedRungeKuttaIntegrator.integrate(EmbeddedRungeKuttaIntegrator.java:296)
23:20:48.504 [pool-78-thread-1] INFO  f.i.l.c.t.SpecificationTestCasesListener - Tests run finished (0 ms)
<> Total tests run: 1
<> Ignored tests: 0
<> Failed tests: 1
~ testIssue695(org.apache.commons.math.ode.events.EventStateTest)
[going backard in time! (0.0 < 10.99)]
java.lang.AssertionError: going backard in time! (0.0 < 10.99)    at org.junit.Assert.fail(Assert.java:88)
    at org.junit.Assert.assertTrue(Assert.java:41)
    at org.apache.commons.math.ode.events.EventStateTest$ResettingEvent.g(EventStateTest.java:120)
    at org.apache.commons.math.ode.events.EventState.reinitializeBegin(EventState.java:156)
    at org.apache.commons.math.ode.AbstractIntegrator.acceptStep(AbstractIntegrator.java:285)
    at org.apache.commons.math.ode.nonstiff.EmbeddedRungeKuttaIntegrator.integrate(EmbeddedRungeKuttaIntegrator.java:296)

23:20:48.505 [pool-75-thread-1] DEBUG tests.output - Failing tests with false: 
[testIssue695(org.apache.commons.math.ode.events.EventStateTest): going backard in time! (7.796578226186635 < 10.99)]
23:20:48.505 [pool-75-thread-1] DEBUG tests.output - Failing tests with true: 
[testIssue695(org.apache.commons.math.ode.events.EventStateTest): going backard in time! (0.0 < 10.99)]
23:20:48.505 [pool-75-thread-1] INFO  f.i.l.r.n.synth.SMTNopolSynthesizer - Not enough specifications: 0. A trivial patch is "true" or "false", please write new tests specifying SourceLocation org.apache.commons.math.analysis.solvers.BracketingNthOrderBrentSolver:287.
23:20:48.505 [pool-2-thread-1] DEBUG fr.inria.lille.repair.nopol.NoPol - statement #19
23:20:48.505 [pool-2-thread-1] DEBUG fr.inria.lille.repair.nopol.NoPol - Analysing SourceLocation org.apache.commons.math.ode.events.EventState:232 which is executed by 17 tests
-1328230856
23:20:48.645 [pool-2-thread-1] DEBUG fr.inria.lille.repair.nopol.NoPol - statement #20
23:20:48.646 [pool-2-thread-1] DEBUG fr.inria.lille.repair.nopol.NoPol - Analysing SourceLocation org.apache.commons.math.ode.AbstractIntegrator:331 which is executed by 17 tests
1093635194
23:20:48.791 [pool-2-thread-1] DEBUG fr.inria.lille.repair.nopol.NoPol - looking with class fr.inria.lille.repair.nopol.spoon.smt.ConditionalAdder
java.lang.AssertionError: going backard in time! (7.796578226186635 < 10.99)
    at org.junit.Assert.fail(Assert.java:88)
    at org.junit.Assert.assertTrue(Assert.java:41)
    at org.apache.commons.math.ode.events.EventStateTest$ResettingEvent.g(EventStateTest.java:120)
    at org.apache.commons.math.ode.events.EventState.evaluateStep(EventState.java:214)
    at org.apache.commons.math.ode.AbstractIntegrator.acceptStep(AbstractIntegrator.java:302)
    at org.apache.commons.math.ode.nonstiff.EmbeddedRungeKuttaIntegrator.integrate(EmbeddedRungeKuttaIntegrator.java:296)
23:20:48.821 [pool-80-thread-1] INFO  xxl.java.junit.TestCasesListener - Tests run finished (26 ms)
<> Total tests run: 2
<> Ignored tests: 0
<> Failed tests: 1
~ testIssue695(org.apache.commons.math.ode.events.EventStateTest)
[going backard in time! (7.796578226186635 < 10.99)]
java.lang.AssertionError: going backard in time! (7.796578226186635 < 10.99)    at org.junit.Assert.fail(Assert.java:88)
    at org.junit.Assert.assertTrue(Assert.java:41)
    at org.apache.commons.math.ode.events.EventStateTest$ResettingEvent.g(EventStateTest.java:120)
    at org.apache.commons.math.ode.events.EventState.evaluateStep(EventState.java:214)
    at org.apache.commons.math.ode.AbstractIntegrator.acceptStep(AbstractIntegrator.java:302)
    at org.apache.commons.math.ode.nonstiff.EmbeddedRungeKuttaIntegrator.integrate(EmbeddedRungeKuttaIntegrator.java:296)

java.lang.AssertionError: going backard in time! (7.796578226186635 < 10.99)
    at org.junit.Assert.fail(Assert.java:88)
    at org.junit.Assert.assertTrue(Assert.java:41)
    at org.apache.commons.math.ode.events.EventStateTest$ResettingEvent.g(EventStateTest.java:120)
    at org.apache.commons.math.ode.events.EventState.evaluateStep(EventState.java:214)
    at org.apache.commons.math.ode.AbstractIntegrator.acceptStep(AbstractIntegrator.java:146)
    at org.apache.commons.math.ode.nonstiff.EmbeddedRungeKuttaIntegrator.integrate(EmbeddedRungeKuttaIntegrator.java:296)
23:20:49.067 [pool-81-thread-1] INFO  f.i.l.c.t.SpecificationTestCasesListener - Tests run finished (24 ms)
<> Total tests run: 1
<> Ignored tests: 0
<> Failed tests: 1
~ testIssue695(org.apache.commons.math.ode.events.EventStateTest)
[going backard in time! (7.796578226186635 < 10.99)]
java.lang.AssertionError: going backard in time! (7.796578226186635 < 10.99)    at org.junit.Assert.fail(Assert.java:88)
    at org.junit.Assert.assertTrue(Assert.java:41)
    at org.apache.commons.math.ode.events.EventStateTest$ResettingEvent.g(EventStateTest.java:120)
    at org.apache.commons.math.ode.events.EventState.evaluateStep(EventState.java:214)
    at org.apache.commons.math.ode.AbstractIntegrator.acceptStep(AbstractIntegrator.java:146)
    at org.apache.commons.math.ode.nonstiff.EmbeddedRungeKuttaIntegrator.integrate(EmbeddedRungeKuttaIntegrator.java:296)

java.lang.AssertionError: going backard in time! (0.0 < 10.99)
    at org.junit.Assert.fail(Assert.java:88)
    at org.junit.Assert.assertTrue(Assert.java:41)
    at org.apache.commons.math.ode.events.EventStateTest$ResettingEvent.g(EventStateTest.java:120)
    at org.apache.commons.math.ode.events.EventState.reinitializeBegin(EventState.java:156)
    at org.apache.commons.math.ode.AbstractIntegrator.acceptStep(AbstractIntegrator.java:135)
    at org.apache.commons.math.ode.nonstiff.EmbeddedRungeKuttaIntegrator.integrate(EmbeddedRungeKuttaIntegrator.java:296)
23:20:49.068 [pool-82-thread-1] INFO  f.i.l.c.t.SpecificationTestCasesListener - Tests run finished (1 ms)
<> Total tests run: 1
<> Ignored tests: 0
<> Failed tests: 1
~ testIssue695(org.apache.commons.math.ode.events.EventStateTest)
[going backard in time! (0.0 < 10.99)]
java.lang.AssertionError: going backard in time! (0.0 < 10.99)    at org.junit.Assert.fail(Assert.java:88)
    at org.junit.Assert.assertTrue(Assert.java:41)
    at org.apache.commons.math.ode.events.EventStateTest$ResettingEvent.g(EventStateTest.java:120)
    at org.apache.commons.math.ode.events.EventState.reinitializeBegin(EventState.java:156)
    at org.apache.commons.math.ode.AbstractIntegrator.acceptStep(AbstractIntegrator.java:135)
    at org.apache.commons.math.ode.nonstiff.EmbeddedRungeKuttaIntegrator.integrate(EmbeddedRungeKuttaIntegrator.java:296)

23:20:49.069 [pool-79-thread-1] DEBUG tests.output - Failing tests with false: 
[testIssue695(org.apache.commons.math.ode.events.EventStateTest): going backard in time! (7.796578226186635 < 10.99)]
23:20:49.069 [pool-79-thread-1] DEBUG tests.output - Failing tests with true: 
[testIssue695(org.apache.commons.math.ode.events.EventStateTest): going backard in time! (0.0 < 10.99)]
23:20:49.069 [pool-79-thread-1] INFO  f.i.l.r.n.synth.SMTNopolSynthesizer - Not enough specifications: 0. A trivial patch is "true" or "false", please write new tests specifying SourceLocation org.apache.commons.math.ode.AbstractIntegrator:331.
23:20:49.069 [pool-2-thread-1] DEBUG fr.inria.lille.repair.nopol.NoPol - looking with class fr.inria.lille.repair.nopol.spoon.smt.ConditionalReplacer
java.lang.AssertionError: going backard in time! (7.796578226186635 < 10.99)
    at org.junit.Assert.fail(Assert.java:88)
    at org.junit.Assert.assertTrue(Assert.java:41)
    at org.apache.commons.math.ode.events.EventStateTest$ResettingEvent.g(EventStateTest.java:120)
    at org.apache.commons.math.ode.events.EventState.evaluateStep(EventState.java:214)
    at org.apache.commons.math.ode.AbstractIntegrator.acceptStep(AbstractIntegrator.java:302)
    at org.apache.commons.math.ode.nonstiff.EmbeddedRungeKuttaIntegrator.integrate(EmbeddedRungeKuttaIntegrator.java:296)
23:20:49.098 [pool-84-thread-1] INFO  xxl.java.junit.TestCasesListener - Tests run finished (26 ms)
<> Total tests run: 2
<> Ignored tests: 0
<> Failed tests: 1
~ testIssue695(org.apache.commons.math.ode.events.EventStateTest)
[going backard in time! (7.796578226186635 < 10.99)]
java.lang.AssertionError: going backard in time! (7.796578226186635 < 10.99)    at org.junit.Assert.fail(Assert.java:88)
    at org.junit.Assert.assertTrue(Assert.java:41)
    at org.apache.commons.math.ode.events.EventStateTest$ResettingEvent.g(EventStateTest.java:120)
    at org.apache.commons.math.ode.events.EventState.evaluateStep(EventState.java:214)
    at org.apache.commons.math.ode.AbstractIntegrator.acceptStep(AbstractIntegrator.java:302)
    at org.apache.commons.math.ode.nonstiff.EmbeddedRungeKuttaIntegrator.integrate(EmbeddedRungeKuttaIntegrator.java:296)

java.lang.AssertionError: going backard in time! (7.796578226186635 < 10.99)
    at org.junit.Assert.fail(Assert.java:88)
    at org.junit.Assert.assertTrue(Assert.java:41)
    at org.apache.commons.math.ode.events.EventStateTest$ResettingEvent.g(EventStateTest.java:120)
    at org.apache.commons.math.ode.events.EventState.evaluateStep(EventState.java:214)
    at org.apache.commons.math.ode.AbstractIntegrator.acceptStep(AbstractIntegrator.java:146)
    at org.apache.commons.math.ode.nonstiff.EmbeddedRungeKuttaIntegrator.integrate(EmbeddedRungeKuttaIntegrator.java:296)
23:20:49.334 [pool-85-thread-1] INFO  f.i.l.c.t.SpecificationTestCasesListener - Tests run finished (25 ms)
<> Total tests run: 1
<> Ignored tests: 0
<> Failed tests: 1
~ testIssue695(org.apache.commons.math.ode.events.EventStateTest)
[going backard in time! (7.796578226186635 < 10.99)]
java.lang.AssertionError: going backard in time! (7.796578226186635 < 10.99)    at org.junit.Assert.fail(Assert.java:88)
    at org.junit.Assert.assertTrue(Assert.java:41)
    at org.apache.commons.math.ode.events.EventStateTest$ResettingEvent.g(EventStateTest.java:120)
    at org.apache.commons.math.ode.events.EventState.evaluateStep(EventState.java:214)
    at org.apache.commons.math.ode.AbstractIntegrator.acceptStep(AbstractIntegrator.java:146)
    at org.apache.commons.math.ode.nonstiff.EmbeddedRungeKuttaIntegrator.integrate(EmbeddedRungeKuttaIntegrator.java:296)

java.lang.AssertionError: going backard in time! (0.0 < 10.99)
    at org.junit.Assert.fail(Assert.java:88)
    at org.junit.Assert.assertTrue(Assert.java:41)
    at org.apache.commons.math.ode.events.EventStateTest$ResettingEvent.g(EventStateTest.java:120)
    at org.apache.commons.math.ode.events.EventState.reinitializeBegin(EventState.java:156)
    at org.apache.commons.math.ode.AbstractIntegrator.acceptStep(AbstractIntegrator.java:135)
    at org.apache.commons.math.ode.nonstiff.EmbeddedRungeKuttaIntegrator.integrate(EmbeddedRungeKuttaIntegrator.java:296)
23:20:49.336 [pool-86-thread-1] INFO  f.i.l.c.t.SpecificationTestCasesListener - Tests run finished (0 ms)
<> Total tests run: 1
<> Ignored tests: 0
<> Failed tests: 1
~ testIssue695(org.apache.commons.math.ode.events.EventStateTest)
[going backard in time! (0.0 < 10.99)]
java.lang.AssertionError: going backard in time! (0.0 < 10.99)    at org.junit.Assert.fail(Assert.java:88)
    at org.junit.Assert.assertTrue(Assert.java:41)
    at org.apache.commons.math.ode.events.EventStateTest$ResettingEvent.g(EventStateTest.java:120)
    at org.apache.commons.math.ode.events.EventState.reinitializeBegin(EventState.java:156)
    at org.apache.commons.math.ode.AbstractIntegrator.acceptStep(AbstractIntegrator.java:135)
    at org.apache.commons.math.ode.nonstiff.EmbeddedRungeKuttaIntegrator.integrate(EmbeddedRungeKuttaIntegrator.java:296)

23:20:49.336 [pool-83-thread-1] DEBUG tests.output - Failing tests with false: 
[testIssue695(org.apache.commons.math.ode.events.EventStateTest): going backard in time! (7.796578226186635 < 10.99)]
23:20:49.336 [pool-83-thread-1] DEBUG tests.output - Failing tests with true: 
[testIssue695(org.apache.commons.math.ode.events.EventStateTest): going backard in time! (0.0 < 10.99)]
23:20:49.336 [pool-83-thread-1] INFO  f.i.l.r.n.synth.SMTNopolSynthesizer - Not enough specifications: 0. A trivial patch is "true" or "false", please write new tests specifying SourceLocation org.apache.commons.math.ode.AbstractIntegrator:331.
23:20:49.336 [pool-2-thread-1] DEBUG fr.inria.lille.repair.nopol.NoPol - statement #21
23:20:49.336 [pool-2-thread-1] DEBUG fr.inria.lille.repair.nopol.NoPol - Analysing SourceLocation org.apache.commons.math.ode.AbstractIntegrator:327 which is executed by 17 tests
1093635194
23:20:49.483 [pool-2-thread-1] DEBUG fr.inria.lille.repair.nopol.NoPol - looking with class fr.inria.lille.repair.nopol.spoon.smt.ConditionalAdder
java.lang.AssertionError: going backard in time! (7.796578226186635 < 10.99)
    at org.junit.Assert.fail(Assert.java:88)
    at org.junit.Assert.assertTrue(Assert.java:41)
    at org.apache.commons.math.ode.events.EventStateTest$ResettingEvent.g(EventStateTest.java:120)
    at org.apache.commons.math.ode.events.EventState.evaluateStep(EventState.java:214)
    at org.apache.commons.math.ode.AbstractIntegrator.acceptStep(AbstractIntegrator.java:302)
    at org.apache.commons.math.ode.nonstiff.EmbeddedRungeKuttaIntegrator.integrate(EmbeddedRungeKuttaIntegrator.java:296)
23:20:49.513 [pool-88-thread-1] INFO  xxl.java.junit.TestCasesListener - Tests run finished (27 ms)
<> Total tests run: 2
<> Ignored tests: 0
<> Failed tests: 1
~ testIssue695(org.apache.commons.math.ode.events.EventStateTest)
[going backard in time! (7.796578226186635 < 10.99)]
java.lang.AssertionError: going backard in time! (7.796578226186635 < 10.99)    at org.junit.Assert.fail(Assert.java:88)
    at org.junit.Assert.assertTrue(Assert.java:41)
    at org.apache.commons.math.ode.events.EventStateTest$ResettingEvent.g(EventStateTest.java:120)
    at org.apache.commons.math.ode.events.EventState.evaluateStep(EventState.java:214)
    at org.apache.commons.math.ode.AbstractIntegrator.acceptStep(AbstractIntegrator.java:302)
    at org.apache.commons.math.ode.nonstiff.EmbeddedRungeKuttaIntegrator.integrate(EmbeddedRungeKuttaIntegrator.java:296)

java.lang.AssertionError: going backard in time! (7.796578226186635 < 10.99)
    at org.junit.Assert.fail(Assert.java:88)
    at org.junit.Assert.assertTrue(Assert.java:41)
    at org.apache.commons.math.ode.events.EventStateTest$ResettingEvent.g(EventStateTest.java:120)
    at org.apache.commons.math.ode.events.EventState.evaluateStep(EventState.java:214)
    at org.apache.commons.math.ode.AbstractIntegrator.acceptStep(AbstractIntegrator.java:146)
    at org.apache.commons.math.ode.nonstiff.EmbeddedRungeKuttaIntegrator.integrate(EmbeddedRungeKuttaIntegrator.java:296)
23:20:49.749 [pool-89-thread-1] INFO  f.i.l.c.t.SpecificationTestCasesListener - Tests run finished (24 ms)
<> Total tests run: 1
<> Ignored tests: 0
<> Failed tests: 1
~ testIssue695(org.apache.commons.math.ode.events.EventStateTest)
[going backard in time! (7.796578226186635 < 10.99)]
java.lang.AssertionError: going backard in time! (7.796578226186635 < 10.99)    at org.junit.Assert.fail(Assert.java:88)
    at org.junit.Assert.assertTrue(Assert.java:41)
    at org.apache.commons.math.ode.events.EventStateTest$ResettingEvent.g(EventStateTest.java:120)
    at org.apache.commons.math.ode.events.EventState.evaluateStep(EventState.java:214)
    at org.apache.commons.math.ode.AbstractIntegrator.acceptStep(AbstractIntegrator.java:146)
    at org.apache.commons.math.ode.nonstiff.EmbeddedRungeKuttaIntegrator.integrate(EmbeddedRungeKuttaIntegrator.java:296)

java.lang.AssertionError: going backard in time! (0.0 < 10.99)
    at org.junit.Assert.fail(Assert.java:88)
    at org.junit.Assert.assertTrue(Assert.java:41)
    at org.apache.commons.math.ode.events.EventStateTest$ResettingEvent.g(EventStateTest.java:120)
    at org.apache.commons.math.ode.events.EventState.reinitializeBegin(EventState.java:156)
    at org.apache.commons.math.ode.AbstractIntegrator.acceptStep(AbstractIntegrator.java:135)
    at org.apache.commons.math.ode.nonstiff.EmbeddedRungeKuttaIntegrator.integrate(EmbeddedRungeKuttaIntegrator.java:296)
23:20:49.751 [pool-90-thread-1] INFO  f.i.l.c.t.SpecificationTestCasesListener - Tests run finished (1 ms)
<> Total tests run: 1
<> Ignored tests: 0
<> Failed tests: 1
~ testIssue695(org.apache.commons.math.ode.events.EventStateTest)
[going backard in time! (0.0 < 10.99)]
java.lang.AssertionError: going backard in time! (0.0 < 10.99)    at org.junit.Assert.fail(Assert.java:88)
    at org.junit.Assert.assertTrue(Assert.java:41)
    at org.apache.commons.math.ode.events.EventStateTest$ResettingEvent.g(EventStateTest.java:120)
    at org.apache.commons.math.ode.events.EventState.reinitializeBegin(EventState.java:156)
    at org.apache.commons.math.ode.AbstractIntegrator.acceptStep(AbstractIntegrator.java:135)
    at org.apache.commons.math.ode.nonstiff.EmbeddedRungeKuttaIntegrator.integrate(EmbeddedRungeKuttaIntegrator.java:296)

23:20:49.751 [pool-87-thread-1] DEBUG tests.output - Failing tests with false: 
[testIssue695(org.apache.commons.math.ode.events.EventStateTest): going backard in time! (7.796578226186635 < 10.99)]
23:20:49.751 [pool-87-thread-1] DEBUG tests.output - Failing tests with true: 
[testIssue695(org.apache.commons.math.ode.events.EventStateTest): going backard in time! (0.0 < 10.99)]
23:20:49.751 [pool-87-thread-1] INFO  f.i.l.r.n.synth.SMTNopolSynthesizer - Not enough specifications: 0. A trivial patch is "true" or "false", please write new tests specifying SourceLocation org.apache.commons.math.ode.AbstractIntegrator:327.
23:20:49.751 [pool-2-thread-1] DEBUG fr.inria.lille.repair.nopol.NoPol - statement #22
23:20:49.752 [pool-2-thread-1] DEBUG fr.inria.lille.repair.nopol.NoPol - Analysing SourceLocation org.apache.commons.math.ode.AbstractIntegrator:324 which is executed by 17 tests
1093635194
23:20:49.899 [pool-2-thread-1] DEBUG fr.inria.lille.repair.nopol.NoPol - looking with class fr.inria.lille.repair.nopol.spoon.smt.ConditionalAdder
java.lang.AssertionError: going backard in time! (7.796578226186635 < 10.99)
    at org.junit.Assert.fail(Assert.java:88)
    at org.junit.Assert.assertTrue(Assert.java:41)
    at org.apache.commons.math.ode.events.EventStateTest$ResettingEvent.g(EventStateTest.java:120)
    at org.apache.commons.math.ode.events.EventState.evaluateStep(EventState.java:214)
    at org.apache.commons.math.ode.AbstractIntegrator.acceptStep(AbstractIntegrator.java:302)
    at org.apache.commons.math.ode.nonstiff.EmbeddedRungeKuttaIntegrator.integrate(EmbeddedRungeKuttaIntegrator.java:296)
23:20:49.930 [pool-92-thread-1] INFO  xxl.java.junit.TestCasesListener - Tests run finished (27 ms)
<> Total tests run: 2
<> Ignored tests: 0
<> Failed tests: 1
~ testIssue695(org.apache.commons.math.ode.events.EventStateTest)
[going backard in time! (7.796578226186635 < 10.99)]
java.lang.AssertionError: going backard in time! (7.796578226186635 < 10.99)    at org.junit.Assert.fail(Assert.java:88)
    at org.junit.Assert.assertTrue(Assert.java:41)
    at org.apache.commons.math.ode.events.EventStateTest$ResettingEvent.g(EventStateTest.java:120)
    at org.apache.commons.math.ode.events.EventState.evaluateStep(EventState.java:214)
    at org.apache.commons.math.ode.AbstractIntegrator.acceptStep(AbstractIntegrator.java:302)
    at org.apache.commons.math.ode.nonstiff.EmbeddedRungeKuttaIntegrator.integrate(EmbeddedRungeKuttaIntegrator.java:296)

java.lang.AssertionError: going backard in time! (7.796578226186635 < 10.99)
    at org.junit.Assert.fail(Assert.java:88)
    at org.junit.Assert.assertTrue(Assert.java:41)
    at org.apache.commons.math.ode.events.EventStateTest$ResettingEvent.g(EventStateTest.java:120)
    at org.apache.commons.math.ode.events.EventState.evaluateStep(EventState.java:214)
    at org.apache.commons.math.ode.AbstractIntegrator.acceptStep(AbstractIntegrator.java:146)
    at org.apache.commons.math.ode.nonstiff.EmbeddedRungeKuttaIntegrator.integrate(EmbeddedRungeKuttaIntegrator.java:296)
23:20:50.177 [pool-93-thread-1] INFO  f.i.l.c.t.SpecificationTestCasesListener - Tests run finished (25 ms)
<> Total tests run: 1
<> Ignored tests: 0
<> Failed tests: 1
~ testIssue695(org.apache.commons.math.ode.events.EventStateTest)
[going backard in time! (7.796578226186635 < 10.99)]
java.lang.AssertionError: going backard in time! (7.796578226186635 < 10.99)    at org.junit.Assert.fail(Assert.java:88)
    at org.junit.Assert.assertTrue(Assert.java:41)
    at org.apache.commons.math.ode.events.EventStateTest$ResettingEvent.g(EventStateTest.java:120)
    at org.apache.commons.math.ode.events.EventState.evaluateStep(EventState.java:214)
    at org.apache.commons.math.ode.AbstractIntegrator.acceptStep(AbstractIntegrator.java:146)
    at org.apache.commons.math.ode.nonstiff.EmbeddedRungeKuttaIntegrator.integrate(EmbeddedRungeKuttaIntegrator.java:296)

java.lang.AssertionError: going backard in time! (0.0 < 10.99)
    at org.junit.Assert.fail(Assert.java:88)
    at org.junit.Assert.assertTrue(Assert.java:41)
    at org.apache.commons.math.ode.events.EventStateTest$ResettingEvent.g(EventStateTest.java:120)
    at org.apache.commons.math.ode.events.EventState.reinitializeBegin(EventState.java:156)
    at org.apache.commons.math.ode.AbstractIntegrator.acceptStep(AbstractIntegrator.java:135)
    at org.apache.commons.math.ode.nonstiff.EmbeddedRungeKuttaIntegrator.integrate(EmbeddedRungeKuttaIntegrator.java:296)
23:20:50.178 [pool-94-thread-1] INFO  f.i.l.c.t.SpecificationTestCasesListener - Tests run finished (1 ms)
<> Total tests run: 1
<> Ignored tests: 0
<> Failed tests: 1
~ testIssue695(org.apache.commons.math.ode.events.EventStateTest)
[going backard in time! (0.0 < 10.99)]
java.lang.AssertionError: going backard in time! (0.0 < 10.99)    at org.junit.Assert.fail(Assert.java:88)
    at org.junit.Assert.assertTrue(Assert.java:41)
    at org.apache.commons.math.ode.events.EventStateTest$ResettingEvent.g(EventStateTest.java:120)
    at org.apache.commons.math.ode.events.EventState.reinitializeBegin(EventState.java:156)
    at org.apache.commons.math.ode.AbstractIntegrator.acceptStep(AbstractIntegrator.java:135)
    at org.apache.commons.math.ode.nonstiff.EmbeddedRungeKuttaIntegrator.integrate(EmbeddedRungeKuttaIntegrator.java:296)

23:20:50.179 [pool-91-thread-1] DEBUG tests.output - Failing tests with false: 
[testIssue695(org.apache.commons.math.ode.events.EventStateTest): going backard in time! (7.796578226186635 < 10.99)]
23:20:50.179 [pool-91-thread-1] DEBUG tests.output - Failing tests with true: 
[testIssue695(org.apache.commons.math.ode.events.EventStateTest): going backard in time! (0.0 < 10.99)]
23:20:50.179 [pool-91-thread-1] INFO  f.i.l.r.n.synth.SMTNopolSynthesizer - Not enough specifications: 0. A trivial patch is "true" or "false", please write new tests specifying SourceLocation org.apache.commons.math.ode.AbstractIntegrator:324.
23:20:50.179 [pool-2-thread-1] DEBUG fr.inria.lille.repair.nopol.NoPol - statement #23
23:20:50.179 [pool-2-thread-1] DEBUG fr.inria.lille.repair.nopol.NoPol - Analysing SourceLocation org.apache.commons.math.ode.AbstractIntegrator:323 which is executed by 17 tests
1093635194
23:20:50.367 [pool-2-thread-1] DEBUG fr.inria.lille.repair.nopol.NoPol - looking with class fr.inria.lille.repair.nopol.spoon.smt.ConditionalAdder
java.lang.AssertionError: going backard in time! (7.796578226186635 < 10.99)
    at org.junit.Assert.fail(Assert.java:88)
    at org.junit.Assert.assertTrue(Assert.java:41)
    at org.apache.commons.math.ode.events.EventStateTest$ResettingEvent.g(EventStateTest.java:120)
    at org.apache.commons.math.ode.events.EventState.evaluateStep(EventState.java:214)
    at org.apache.commons.math.ode.AbstractIntegrator.acceptStep(AbstractIntegrator.java:302)
    at org.apache.commons.math.ode.nonstiff.EmbeddedRungeKuttaIntegrator.integrate(EmbeddedRungeKuttaIntegrator.java:296)
23:20:50.396 [pool-96-thread-1] INFO  xxl.java.junit.TestCasesListener - Tests run finished (26 ms)
<> Total tests run: 2
<> Ignored tests: 0
<> Failed tests: 1
~ testIssue695(org.apache.commons.math.ode.events.EventStateTest)
[going backard in time! (7.796578226186635 < 10.99)]
java.lang.AssertionError: going backard in time! (7.796578226186635 < 10.99)    at org.junit.Assert.fail(Assert.java:88)
    at org.junit.Assert.assertTrue(Assert.java:41)
    at org.apache.commons.math.ode.events.EventStateTest$ResettingEvent.g(EventStateTest.java:120)
    at org.apache.commons.math.ode.events.EventState.evaluateStep(EventState.java:214)
    at org.apache.commons.math.ode.AbstractIntegrator.acceptStep(AbstractIntegrator.java:302)
    at org.apache.commons.math.ode.nonstiff.EmbeddedRungeKuttaIntegrator.integrate(EmbeddedRungeKuttaIntegrator.java:296)

23:24:14.084 [pool-95-thread-1] DEBUG xxl.java.junit.TestSuiteExecution - Timeout after 200 seconds. Infinite loop?
23:24:14.085 [pool-2-thread-1] ERROR fr.inria.lille.repair.nopol.NoPol - Error ExecutionException java.util.concurrent.ExecutionException: java.lang.RuntimeException: java.util.concurrent.TimeoutException
23:24:24.260 [pool-2-thread-1] DEBUG fr.inria.lille.repair.nopol.NoPol - statement #24
23:24:24.260 [pool-2-thread-1] DEBUG fr.inria.lille.repair.nopol.NoPol - Analysing SourceLocation org.apache.commons.math.ode.AbstractIntegrator:322 which is executed by 17 tests
java.util.concurrent.ExecutionException: java.lang.OutOfMemoryError: GC overhead limit exceeded
	at java.util.concurrent.FutureTask.report(FutureTask.java:122)
	at java.util.concurrent.FutureTask.get(FutureTask.java:206)
	at fr.inria.lille.repair.Main.main(Main.java:106)
Caused by: java.lang.OutOfMemoryError: GC overhead limit exceeded
	at java.io.UnixFileSystem.resolve(UnixFileSystem.java:108)
	at java.io.File.<init>(File.java:262)
	at java.io.File.listFiles(File.java:1212)
	at spoon.support.compiler.FileSystemFolder.getSubFolders(FileSystemFolder.java:85)
	at spoon.support.compiler.FileSystemFolder.getAllJavaFiles(FileSystemFolder.java:113)
	at spoon.support.compiler.FileSystemFolder.getAllJavaFiles(FileSystemFolder.java:114)
	at spoon.support.compiler.FileSystemFolder.getAllJavaFiles(FileSystemFolder.java:114)
	at spoon.support.compiler.FileSystemFolder.getAllJavaFiles(FileSystemFolder.java:114)
	at spoon.support.compiler.FileSystemFolder.getAllJavaFiles(FileSystemFolder.java:114)
	at spoon.support.compiler.FileSystemFolder.getAllJavaFiles(FileSystemFolder.java:114)
	at spoon.support.compiler.FileSystemFolder.getAllJavaFiles(FileSystemFolder.java:114)
	at spoon.support.StandardEnvironment.verifySourceClasspath(StandardEnvironment.java:444)
	at spoon.support.StandardEnvironment.setSourceClasspath(StandardEnvironment.java:428)
	at spoon.support.compiler.jdt.JDTBasedSpoonCompiler.setSourceClasspath(JDTBasedSpoonCompiler.java:321)
	at fr.inria.lille.commons.spoon.util.SpoonModelLibrary.modelFor(SpoonModelLibrary.java:47)
	at fr.inria.lille.commons.spoon.SpoonedFile.<init>(SpoonedFile.java:61)
	at fr.inria.lille.commons.spoon.SpoonedClass.<init>(SpoonedClass.java:14)
	at fr.inria.lille.commons.spoon.SpoonedProject.forked(SpoonedProject.java:47)
	at fr.inria.lille.repair.nopol.NoPol.runOnStatement(NoPol.java:222)
	at fr.inria.lille.repair.nopol.NoPol.solveWithMultipleBuild(NoPol.java:213)
	at fr.inria.lille.repair.nopol.NoPol.build(NoPol.java:154)
	at fr.inria.lille.repair.Main$1.call(Main.java:101)
	at java.util.concurrent.FutureTask.run(FutureTask.java:266)
	at java.util.concurrent.ThreadPoolExecutor.runWorker(ThreadPoolExecutor.java:1149)
	at java.util.concurrent.ThreadPoolExecutor$Worker.run(ThreadPoolExecutor.java:624)
	at java.lang.Thread.run(Thread.java:748)

Usage: java -jar nopol.jar
                          [(-m|--mode) <repair|ranking>] (-e|--type) <condition|precondition|pre_then_cond|loop|arithmetic> [(-o|--oracle) <angelic|symbolic>] [(-y|--synthesis) <smt|dynamoth>] [(-l|--solver) <z3|cvc4>] [(-p|--solver-path) <solverPath>] (-s|--source) source1:source2:...:sourceN  (-c|--classpath) <classpath> [(-t|--test) test1:test2:...:testN ] [--complianceLevel <complianceLevel>] [--maxTime <maxTime>] [--maxTimeType <maxTimeType>] [(-z|--flocal) < cocospoon|dumb|gzoltar>] [--output <outputFolder>] [--json[:<outputJson>]]

  [(-m|--mode) <repair|ranking>]
        Define the mode of execution. (default: repair)

  (-e|--type) <condition|precondition|pre_then_cond|loop|arithmetic>
        The repair type (example fixing only conditions, or adding
        precondition). REQUIRED OPTION (default: condition)

  [(-o|--oracle) <angelic|symbolic>]
        Define the oracle (only used with repair mode). (default: angelic)

  [(-y|--synthesis) <smt|dynamoth>]
        Define the patch synthesis. (default: smt)

  [(-l|--solver) <z3|cvc4>]
        Define the solver (only used with smt synthesis). (default: z3)

  [(-p|--solver-path) <solverPath>]
        Define the solver binary path (only used with smt synthesis).

  (-s|--source) source1:source2:...:sourceN 
        Define the path to the source code of the project.

  (-c|--classpath) <classpath>
        Define the classpath of the project.

  [(-t|--test) test1:test2:...:testN ]
        Define the tests of the project (both failing and passing),
        fully-qualified, separated with ':' (even if the classpath contains
        other tests, only those are considered.

  [--complianceLevel <complianceLevel>]
        The compliance level of the project. (default: 7)

  [--maxTime <maxTime>]
        The maximum time execution in minute for the whole execution of
        Nopol.(default: 10)

  [--maxTimeType <maxTimeType>]
        The maximum time execution in minute for one type of patch. (default: 5)

  [(-z|--flocal) < cocospoon|dumb|gzoltar>]
        Define the fault localizer to be used. (default: gzoltar)

  [--output <outputFolder>]
        Define the location where the patches will be saved. (default: .)

  [--json[:<outputJson>]]
        Output a json file in the current working directory.

Command exited with non-zero status 255
5339.91user 11.74system 9:41.25elapsed 920%CPU (0avgtext+0avgdata 4667792maxresident)k
50840inputs+10776outputs (4major+1525439minor)pagefaults 0swaps


Node: petitprince-16.luxembourg.grid5000.fr



Date: Wed Nov 28 23:26:07 EST 2018

