cd /tmp/Nopol_Defects4J_Math_93;
export JAVA_TOOL_OPTIONS=-Dfile.encoding=UTF8;
TZ="America/New_York"; export TZ;
export PATH="/usr/lib/jvm/java-1.8.0-openjdk-amd64/bin/:$PATH";
export JAVA_HOME="/usr/lib/jvm/java-1.8.0-openjdk-amd64/bin/";
time java -Xmx4048m -cp /home/tdurieux/defects4j4repair/script/../repair_tools/nopol.jar:/usr/lib/jvm/java-1.8.0-openjdk-amd64/bin//../lib/tools.jar fr.inria.lille.repair.Main \
	--mode repair \
	--type pre_then_cond \
	--oracle angelic \
	--synthesis smt \
	--flocal gzoltar \
	--json \
	--solver z3 \
	--solver-path /home/tdurieux/defects4j4repair/script/../libs/z3/build/z3 \
	--complianceLevel 5 \
	--source src/java/ \
	--classpath "target/classes/:target/test-classes/:/tmp/Nopol_Defects4J_Math_93/target/classes/:/tmp/Nopol_Defects4J_Math_93/target/test-classes/:/home/tdurieux/defects4j4repair/script/../benchmarks/defects4j/framework/projects/Math/lib/commons-discovery-0.5.jar:/home/tdurieux/defects4j4repair/script/../repair_tools/nopol.jar";
	echo "\n\nNode: `hostname`\n";
	echo "\n\nDate: `date`\n";
Picked up JAVA_TOOL_OPTIONS: -Dfile.encoding=UTF8
22:09:27.694 [main] INFO  fr.inria.lille.repair.nopol.NoPol - Source files: [src/java]
22:09:27.699 [main] INFO  fr.inria.lille.repair.nopol.NoPol - Classpath: [file:/tmp/Nopol_Defects4J_Math_93/target/classes/, file:/tmp/Nopol_Defects4J_Math_93/target/test-classes/, file:/tmp/Nopol_Defects4J_Math_93/target/classes/, file:/tmp/Nopol_Defects4J_Math_93/target/test-classes/, file:/home/tdurieux/defects4j4repair/script/../benchmarks/defects4j/framework/projects/Math/lib/commons-discovery-0.5.jar, file:/home/tdurieux/defects4j4repair/script/../repair_tools/nopol.jar]
22:09:27.699 [main] INFO  fr.inria.lille.repair.nopol.NoPol - Statement type: PRE_THEN_COND
22:09:27.699 [main] INFO  fr.inria.lille.repair.nopol.NoPol - Args: [org.apache.commons.math.ArgumentOutsideDomainExceptionTest, org.apache.commons.math.ArgumentOutsideDomainExceptionTest, org.apache.commons.math.ConvergenceExceptionTest, org.apache.commons.math.ConvergenceExceptionTest, org.apache.commons.math.DuplicateSampleAbscissaExceptionTest, org.apache.commons.math.DuplicateSampleAbscissaExceptionTest, org.apache.commons.math.FunctionEvaluationExceptionTest, org.apache.commons.math.FunctionEvaluationExceptionTest, org.apache.commons.math.MathConfigurationExceptionTest, org.apache.commons.math.MathConfigurationExceptionTest, org.apache.commons.math.MathExceptionTest, org.apache.commons.math.MathExceptionTest, org.apache.commons.math.MaxIterationsExceededExceptionTest, org.apache.commons.math.MaxIterationsExceededExceptionTest, org.apache.commons.math.analysis.integration.RombergIntegratorTest, org.apache.commons.math.analysis.integration.RombergIntegratorTest, org.apache.commons.math.analysis.integration.SimpsonIntegratorTest, org.apache.commons.math.analysis.integration.SimpsonIntegratorTest, org.apache.commons.math.analysis.integration.TrapezoidIntegratorTest, org.apache.commons.math.analysis.integration.TrapezoidIntegratorTest, org.apache.commons.math.analysis.interpolation.DividedDifferenceInterpolatorTest, org.apache.commons.math.analysis.interpolation.DividedDifferenceInterpolatorTest, org.apache.commons.math.analysis.interpolation.NevilleInterpolatorTest, org.apache.commons.math.analysis.interpolation.NevilleInterpolatorTest, org.apache.commons.math.analysis.interpolation.SplineInterpolatorTest, org.apache.commons.math.analysis.interpolation.SplineInterpolatorTest, org.apache.commons.math.analysis.minimization.BrentMinimizerTest, org.apache.commons.math.analysis.minimization.BrentMinimizerTest, org.apache.commons.math.analysis.polynomials.PolynomialFunctionLagrangeFormTest, org.apache.commons.math.analysis.polynomials.PolynomialFunctionLagrangeFormTest, org.apache.commons.math.analysis.polynomials.PolynomialFunctionNewtonFormTest, org.apache.commons.math.analysis.polynomials.PolynomialFunctionNewtonFormTest, org.apache.commons.math.analysis.polynomials.PolynomialFunctionTest, org.apache.commons.math.analysis.polynomials.PolynomialFunctionTest, org.apache.commons.math.analysis.polynomials.PolynomialSplineFunctionTest, org.apache.commons.math.analysis.polynomials.PolynomialSplineFunctionTest, org.apache.commons.math.analysis.solvers.BisectionSolverTest, org.apache.commons.math.analysis.solvers.BisectionSolverTest, org.apache.commons.math.analysis.solvers.BrentSolverTest, org.apache.commons.math.analysis.solvers.BrentSolverTest, org.apache.commons.math.analysis.solvers.LaguerreSolverTest, org.apache.commons.math.analysis.solvers.LaguerreSolverTest, org.apache.commons.math.analysis.solvers.MullerSolverTest, org.apache.commons.math.analysis.solvers.MullerSolverTest, org.apache.commons.math.analysis.solvers.NewtonSolverTest, org.apache.commons.math.analysis.solvers.NewtonSolverTest, org.apache.commons.math.analysis.solvers.RiddersSolverTest, org.apache.commons.math.analysis.solvers.RiddersSolverTest, org.apache.commons.math.analysis.solvers.UnivariateRealSolverFactoryImplTest, org.apache.commons.math.analysis.solvers.UnivariateRealSolverFactoryImplTest, org.apache.commons.math.analysis.solvers.UnivariateRealSolverUtilsTest, org.apache.commons.math.analysis.solvers.UnivariateRealSolverUtilsTest, org.apache.commons.math.complex.ComplexFormatTest, org.apache.commons.math.complex.ComplexFormatTest, org.apache.commons.math.complex.ComplexTest, org.apache.commons.math.complex.ComplexTest, org.apache.commons.math.complex.ComplexUtilsTest, org.apache.commons.math.complex.ComplexUtilsTest, org.apache.commons.math.complex.FrenchComplexFormatTest, org.apache.commons.math.complex.FrenchComplexFormatTest, org.apache.commons.math.distribution.BetaDistributionTest, org.apache.commons.math.distribution.BetaDistributionTest, org.apache.commons.math.distribution.BinomialDistributionTest, org.apache.commons.math.distribution.BinomialDistributionTest, org.apache.commons.math.distribution.CauchyDistributionTest, org.apache.commons.math.distribution.CauchyDistributionTest, org.apache.commons.math.distribution.ChiSquareDistributionTest, org.apache.commons.math.distribution.ChiSquareDistributionTest, org.apache.commons.math.distribution.ExponentialDistributionTest, org.apache.commons.math.distribution.ExponentialDistributionTest, org.apache.commons.math.distribution.FDistributionTest, org.apache.commons.math.distribution.FDistributionTest, org.apache.commons.math.distribution.GammaDistributionTest, org.apache.commons.math.distribution.GammaDistributionTest, org.apache.commons.math.distribution.HypergeometricDistributionTest, org.apache.commons.math.distribution.HypergeometricDistributionTest, org.apache.commons.math.distribution.NormalDistributionTest, org.apache.commons.math.distribution.NormalDistributionTest, org.apache.commons.math.distribution.PascalDistributionTest, org.apache.commons.math.distribution.PascalDistributionTest, org.apache.commons.math.distribution.PoissonDistributionTest, org.apache.commons.math.distribution.PoissonDistributionTest, org.apache.commons.math.distribution.TDistributionTest, org.apache.commons.math.distribution.TDistributionTest, org.apache.commons.math.distribution.WeibullDistributionTest, org.apache.commons.math.distribution.WeibullDistributionTest, org.apache.commons.math.distribution.ZipfDistributionTest, org.apache.commons.math.distribution.ZipfDistributionTest, org.apache.commons.math.estimation.EstimatedParameterTest, org.apache.commons.math.estimation.EstimatedParameterTest, org.apache.commons.math.estimation.GaussNewtonEstimatorTest, org.apache.commons.math.estimation.GaussNewtonEstimatorTest, org.apache.commons.math.estimation.LevenbergMarquardtEstimatorTest, org.apache.commons.math.estimation.LevenbergMarquardtEstimatorTest, org.apache.commons.math.estimation.MinpackTest, org.apache.commons.math.estimation.MinpackTest, org.apache.commons.math.estimation.WeightedMeasurementTest, org.apache.commons.math.estimation.WeightedMeasurementTest, org.apache.commons.math.fraction.FractionFormatTest, org.apache.commons.math.fraction.FractionFormatTest, org.apache.commons.math.fraction.FractionTest, org.apache.commons.math.fraction.FractionTest, org.apache.commons.math.geometry.FrenchVector3DFormatTest, org.apache.commons.math.geometry.FrenchVector3DFormatTest, org.apache.commons.math.geometry.RotationOrderTest, org.apache.commons.math.geometry.RotationOrderTest, org.apache.commons.math.geometry.RotationTest, org.apache.commons.math.geometry.RotationTest, org.apache.commons.math.geometry.Vector3DFormatTest, org.apache.commons.math.geometry.Vector3DFormatTest, org.apache.commons.math.geometry.Vector3DTest, org.apache.commons.math.geometry.Vector3DTest, org.apache.commons.math.linear.BiDiagonalTransformerTest, org.apache.commons.math.linear.BiDiagonalTransformerTest, org.apache.commons.math.linear.BigMatrixImplTest, org.apache.commons.math.linear.BigMatrixImplTest, org.apache.commons.math.linear.DenseRealMatrixTest, org.apache.commons.math.linear.DenseRealMatrixTest, org.apache.commons.math.linear.EigenDecompositionImplTest, org.apache.commons.math.linear.EigenDecompositionImplTest, org.apache.commons.math.linear.EigenSolverTest, org.apache.commons.math.linear.EigenSolverTest, org.apache.commons.math.linear.FrenchRealVectorFormatTest, org.apache.commons.math.linear.FrenchRealVectorFormatTest, org.apache.commons.math.linear.InvalidMatrixExceptionTest, org.apache.commons.math.linear.InvalidMatrixExceptionTest, org.apache.commons.math.linear.LUDecompositionImplTest, org.apache.commons.math.linear.LUDecompositionImplTest, org.apache.commons.math.linear.LUSolverTest, org.apache.commons.math.linear.LUSolverTest, org.apache.commons.math.linear.MatrixIndexExceptionTest, org.apache.commons.math.linear.MatrixIndexExceptionTest, org.apache.commons.math.linear.MatrixUtilsTest, org.apache.commons.math.linear.MatrixUtilsTest, org.apache.commons.math.linear.QRDecompositionImplTest, org.apache.commons.math.linear.QRDecompositionImplTest, org.apache.commons.math.linear.QRSolverTest, org.apache.commons.math.linear.QRSolverTest, org.apache.commons.math.linear.RealMatrixImplTest, org.apache.commons.math.linear.RealMatrixImplTest, org.apache.commons.math.linear.RealVectorFormatTest, org.apache.commons.math.linear.RealVectorFormatTest, org.apache.commons.math.linear.RealVectorImplTest, org.apache.commons.math.linear.RealVectorImplTest, org.apache.commons.math.linear.SingularValueDecompositionImplTest, org.apache.commons.math.linear.SingularValueDecompositionImplTest, org.apache.commons.math.linear.SingularValueSolverTest, org.apache.commons.math.linear.SingularValueSolverTest, org.apache.commons.math.linear.SparseRealMatrixTest, org.apache.commons.math.linear.SparseRealMatrixTest, org.apache.commons.math.linear.TriDiagonalTransformerTest, org.apache.commons.math.linear.TriDiagonalTransformerTest, org.apache.commons.math.ode.ContinuousOutputModelTest, org.apache.commons.math.ode.ContinuousOutputModelTest, org.apache.commons.math.ode.FirstOrderConverterTest, org.apache.commons.math.ode.FirstOrderConverterTest, org.apache.commons.math.ode.nonstiff.AdamsBashforthIntegratorTest, org.apache.commons.math.ode.nonstiff.AdamsBashforthIntegratorTest, org.apache.commons.math.ode.nonstiff.AdamsMoultonIntegratorTest, org.apache.commons.math.ode.nonstiff.AdamsMoultonIntegratorTest, org.apache.commons.math.ode.nonstiff.ClassicalRungeKuttaIntegratorTest, org.apache.commons.math.ode.nonstiff.ClassicalRungeKuttaIntegratorTest, org.apache.commons.math.ode.nonstiff.ClassicalRungeKuttaStepInterpolatorTest, org.apache.commons.math.ode.nonstiff.ClassicalRungeKuttaStepInterpolatorTest, org.apache.commons.math.ode.nonstiff.DormandPrince54IntegratorTest, org.apache.commons.math.ode.nonstiff.DormandPrince54IntegratorTest, org.apache.commons.math.ode.nonstiff.DormandPrince54StepInterpolatorTest, org.apache.commons.math.ode.nonstiff.DormandPrince54StepInterpolatorTest, org.apache.commons.math.ode.nonstiff.DormandPrince853IntegratorTest, org.apache.commons.math.ode.nonstiff.DormandPrince853IntegratorTest, org.apache.commons.math.ode.nonstiff.DormandPrince853StepInterpolatorTest, org.apache.commons.math.ode.nonstiff.DormandPrince853StepInterpolatorTest, org.apache.commons.math.ode.nonstiff.EulerIntegratorTest, org.apache.commons.math.ode.nonstiff.EulerIntegratorTest, org.apache.commons.math.ode.nonstiff.EulerStepInterpolatorTest, org.apache.commons.math.ode.nonstiff.EulerStepInterpolatorTest, org.apache.commons.math.ode.nonstiff.GillIntegratorTest, org.apache.commons.math.ode.nonstiff.GillIntegratorTest, org.apache.commons.math.ode.nonstiff.GillStepInterpolatorTest, org.apache.commons.math.ode.nonstiff.GillStepInterpolatorTest, org.apache.commons.math.ode.nonstiff.GraggBulirschStoerIntegratorTest, org.apache.commons.math.ode.nonstiff.GraggBulirschStoerIntegratorTest, org.apache.commons.math.ode.nonstiff.GraggBulirschStoerStepInterpolatorTest, org.apache.commons.math.ode.nonstiff.GraggBulirschStoerStepInterpolatorTest, org.apache.commons.math.ode.nonstiff.HighamHall54IntegratorTest, org.apache.commons.math.ode.nonstiff.HighamHall54IntegratorTest, org.apache.commons.math.ode.nonstiff.HighamHall54StepInterpolatorTest, org.apache.commons.math.ode.nonstiff.HighamHall54StepInterpolatorTest, org.apache.commons.math.ode.nonstiff.MidpointIntegratorTest, org.apache.commons.math.ode.nonstiff.MidpointIntegratorTest, org.apache.commons.math.ode.nonstiff.MidpointStepInterpolatorTest, org.apache.commons.math.ode.nonstiff.MidpointStepInterpolatorTest, org.apache.commons.math.ode.nonstiff.StepInterpolatorAbstractTest, org.apache.commons.math.ode.nonstiff.StepInterpolatorAbstractTest, org.apache.commons.math.ode.nonstiff.ThreeEighthesIntegratorTest, org.apache.commons.math.ode.nonstiff.ThreeEighthesIntegratorTest, org.apache.commons.math.ode.nonstiff.ThreeEighthesStepInterpolatorTest, org.apache.commons.math.ode.nonstiff.ThreeEighthesStepInterpolatorTest, org.apache.commons.math.ode.sampling.DummyStepInterpolatorTest, org.apache.commons.math.ode.sampling.DummyStepInterpolatorTest, org.apache.commons.math.ode.sampling.StepNormalizerTest, org.apache.commons.math.ode.sampling.StepNormalizerTest, org.apache.commons.math.optimization.MultiDirectionalTest, org.apache.commons.math.optimization.MultiDirectionalTest, org.apache.commons.math.optimization.NelderMeadTest, org.apache.commons.math.optimization.NelderMeadTest, org.apache.commons.math.random.AbstractRandomGeneratorTest, org.apache.commons.math.random.AbstractRandomGeneratorTest, org.apache.commons.math.random.CorrelatedRandomVectorGeneratorTest, org.apache.commons.math.random.CorrelatedRandomVectorGeneratorTest, org.apache.commons.math.random.EmpiricalDistributionTest, org.apache.commons.math.random.EmpiricalDistributionTest, org.apache.commons.math.random.GaussianRandomGeneratorTest, org.apache.commons.math.random.GaussianRandomGeneratorTest, org.apache.commons.math.random.RandomAdaptorTest, org.apache.commons.math.random.RandomAdaptorTest, org.apache.commons.math.random.RandomDataTest, org.apache.commons.math.random.RandomDataTest, org.apache.commons.math.random.UncorrelatedRandomVectorGeneratorTest, org.apache.commons.math.random.UncorrelatedRandomVectorGeneratorTest, org.apache.commons.math.random.UniformRandomGeneratorTest, org.apache.commons.math.random.UniformRandomGeneratorTest, org.apache.commons.math.random.ValueServerTest, org.apache.commons.math.random.ValueServerTest, org.apache.commons.math.special.BetaTest, org.apache.commons.math.special.BetaTest, org.apache.commons.math.special.ErfTest, org.apache.commons.math.special.ErfTest, org.apache.commons.math.special.GammaTest, org.apache.commons.math.special.GammaTest, org.apache.commons.math.stat.CertifiedDataTest, org.apache.commons.math.stat.CertifiedDataTest, org.apache.commons.math.stat.FrequencyTest, org.apache.commons.math.stat.FrequencyTest, org.apache.commons.math.stat.StatUtilsTest, org.apache.commons.math.stat.StatUtilsTest, org.apache.commons.math.stat.data.LewTest, org.apache.commons.math.stat.data.LewTest, org.apache.commons.math.stat.data.LotteryTest, org.apache.commons.math.stat.data.LotteryTest, org.apache.commons.math.stat.descriptive.AbstractUnivariateStatisticTest, org.apache.commons.math.stat.descriptive.AbstractUnivariateStatisticTest, org.apache.commons.math.stat.descriptive.DescriptiveStatisticsTest, org.apache.commons.math.stat.descriptive.DescriptiveStatisticsTest, org.apache.commons.math.stat.descriptive.InteractionTest, org.apache.commons.math.stat.descriptive.InteractionTest, org.apache.commons.math.stat.descriptive.ListUnivariateImplTest, org.apache.commons.math.stat.descriptive.ListUnivariateImplTest, org.apache.commons.math.stat.descriptive.MixedListUnivariateImplTest, org.apache.commons.math.stat.descriptive.MixedListUnivariateImplTest, org.apache.commons.math.stat.descriptive.MultivariateSummaryStatisticsTest, org.apache.commons.math.stat.descriptive.MultivariateSummaryStatisticsTest, org.apache.commons.math.stat.descriptive.StatisticalSummaryValuesTest, org.apache.commons.math.stat.descriptive.StatisticalSummaryValuesTest, org.apache.commons.math.stat.descriptive.SummaryStatisticsTest, org.apache.commons.math.stat.descriptive.SummaryStatisticsTest, org.apache.commons.math.stat.descriptive.SynchronizedDescriptiveStatisticsTest, org.apache.commons.math.stat.descriptive.SynchronizedDescriptiveStatisticsTest, org.apache.commons.math.stat.descriptive.SynchronizedSummaryStatisticsTest, org.apache.commons.math.stat.descriptive.SynchronizedSummaryStatisticsTest, org.apache.commons.math.stat.descriptive.moment.FirstMomentTest, org.apache.commons.math.stat.descriptive.moment.FirstMomentTest, org.apache.commons.math.stat.descriptive.moment.FourthMomentTest, org.apache.commons.math.stat.descriptive.moment.FourthMomentTest, org.apache.commons.math.stat.descriptive.moment.GeometricMeanTest, org.apache.commons.math.stat.descriptive.moment.GeometricMeanTest, org.apache.commons.math.stat.descriptive.moment.KurtosisTest, org.apache.commons.math.stat.descriptive.moment.KurtosisTest, org.apache.commons.math.stat.descriptive.moment.MeanTest, org.apache.commons.math.stat.descriptive.moment.MeanTest, org.apache.commons.math.stat.descriptive.moment.SecondMomentTest, org.apache.commons.math.stat.descriptive.moment.SecondMomentTest, org.apache.commons.math.stat.descriptive.moment.SkewnessTest, org.apache.commons.math.stat.descriptive.moment.SkewnessTest, org.apache.commons.math.stat.descriptive.moment.StandardDeviationTest, org.apache.commons.math.stat.descriptive.moment.StandardDeviationTest, org.apache.commons.math.stat.descriptive.moment.ThirdMomentTest, org.apache.commons.math.stat.descriptive.moment.ThirdMomentTest, org.apache.commons.math.stat.descriptive.moment.VarianceTest, org.apache.commons.math.stat.descriptive.moment.VarianceTest, org.apache.commons.math.stat.descriptive.moment.VectorialCovarianceTest, org.apache.commons.math.stat.descriptive.moment.VectorialCovarianceTest, org.apache.commons.math.stat.descriptive.moment.VectorialMeanTest, org.apache.commons.math.stat.descriptive.moment.VectorialMeanTest, org.apache.commons.math.stat.descriptive.rank.MaxTest, org.apache.commons.math.stat.descriptive.rank.MaxTest, org.apache.commons.math.stat.descriptive.rank.MedianTest, org.apache.commons.math.stat.descriptive.rank.MedianTest, org.apache.commons.math.stat.descriptive.rank.MinTest, org.apache.commons.math.stat.descriptive.rank.MinTest, org.apache.commons.math.stat.descriptive.rank.PercentileTest, org.apache.commons.math.stat.descriptive.rank.PercentileTest, org.apache.commons.math.stat.descriptive.summary.ProductTest, org.apache.commons.math.stat.descriptive.summary.ProductTest, org.apache.commons.math.stat.descriptive.summary.SumLogTest, org.apache.commons.math.stat.descriptive.summary.SumLogTest, org.apache.commons.math.stat.descriptive.summary.SumSqTest, org.apache.commons.math.stat.descriptive.summary.SumSqTest, org.apache.commons.math.stat.descriptive.summary.SumTest, org.apache.commons.math.stat.descriptive.summary.SumTest, org.apache.commons.math.stat.inference.ChiSquareFactoryTest, org.apache.commons.math.stat.inference.ChiSquareFactoryTest, org.apache.commons.math.stat.inference.ChiSquareTestTest, org.apache.commons.math.stat.inference.ChiSquareTestTest, org.apache.commons.math.stat.inference.OneWayAnovaTest, org.apache.commons.math.stat.inference.OneWayAnovaTest, org.apache.commons.math.stat.inference.TTestFactoryTest, org.apache.commons.math.stat.inference.TTestFactoryTest, org.apache.commons.math.stat.inference.TTestTest, org.apache.commons.math.stat.inference.TTestTest, org.apache.commons.math.stat.inference.TestUtilsTest, org.apache.commons.math.stat.inference.TestUtilsTest, org.apache.commons.math.stat.regression.GLSMultipleLinearRegressionTest, org.apache.commons.math.stat.regression.GLSMultipleLinearRegressionTest, org.apache.commons.math.stat.regression.OLSMultipleLinearRegressionTest, org.apache.commons.math.stat.regression.OLSMultipleLinearRegressionTest, org.apache.commons.math.stat.regression.SimpleRegressionTest, org.apache.commons.math.stat.regression.SimpleRegressionTest, org.apache.commons.math.transform.FastCosineTransformerTest, org.apache.commons.math.transform.FastCosineTransformerTest, org.apache.commons.math.transform.FastFourierTransformerTest, org.apache.commons.math.transform.FastFourierTransformerTest, org.apache.commons.math.transform.FastHadamardTransformerTest, org.apache.commons.math.transform.FastHadamardTransformerTest, org.apache.commons.math.transform.FastSineTransformerTest, org.apache.commons.math.transform.FastSineTransformerTest, org.apache.commons.math.util.ContinuedFractionTest, org.apache.commons.math.util.ContinuedFractionTest, org.apache.commons.math.util.DefaultTransformerTest, org.apache.commons.math.util.DefaultTransformerTest, org.apache.commons.math.util.MathUtilsTest, org.apache.commons.math.util.MathUtilsTest, org.apache.commons.math.util.OpenIntToDoubleHashMapTest, org.apache.commons.math.util.OpenIntToDoubleHashMapTest, org.apache.commons.math.util.ResizableDoubleArrayTest, org.apache.commons.math.util.ResizableDoubleArrayTest, org.apache.commons.math.util.TransformerMapTest, org.apache.commons.math.util.TransformerMapTest]
22:09:27.702 [main] INFO  fr.inria.lille.repair.nopol.NoPol - Config: Config{synthesisDepth=3, collectStaticMethods=true, collectStaticFields=false, collectLiterals=false, onlyOneSynthesisResult=true, sortExpressions=true, maxLineInvocationPerTest=250, timeoutMethodInvocation=2000, dataCollectionTimeoutInSecondForSynthesis=900, addWeight=0.19478, subWeight=0.04554, mulWeight=0.0102, divWeight=0.00613, andWeight=0.10597, orWeight=0.05708, eqWeight=0.22798, nEqWeight=0.0, lessEqWeight=0.0255, lessWeight=0.0947, methodCallWeight=0.1, fieldAccessWeight=0.08099, constantWeight=0.14232, variableWeight=0.05195, mode=REPAIR, type=PRE_THEN_COND, synthesis=SMT, oracle=ANGELIC, solver=Z3, solverPath='/home/tdurieux/defects4j4repair/script/../libs/z3/build/z3', projectSources=[src/java], projectClasspath='[Ljava.net.URL;@66d33a', projectTests=[org.apache.commons.math.ArgumentOutsideDomainExceptionTest, org.apache.commons.math.ArgumentOutsideDomainExceptionTest, org.apache.commons.math.ConvergenceExceptionTest, org.apache.commons.math.ConvergenceExceptionTest, org.apache.commons.math.DuplicateSampleAbscissaExceptionTest, org.apache.commons.math.DuplicateSampleAbscissaExceptionTest, org.apache.commons.math.FunctionEvaluationExceptionTest, org.apache.commons.math.FunctionEvaluationExceptionTest, org.apache.commons.math.MathConfigurationExceptionTest, org.apache.commons.math.MathConfigurationExceptionTest, org.apache.commons.math.MathExceptionTest, org.apache.commons.math.MathExceptionTest, org.apache.commons.math.MaxIterationsExceededExceptionTest, org.apache.commons.math.MaxIterationsExceededExceptionTest, org.apache.commons.math.analysis.integration.RombergIntegratorTest, org.apache.commons.math.analysis.integration.RombergIntegratorTest, org.apache.commons.math.analysis.integration.SimpsonIntegratorTest, org.apache.commons.math.analysis.integration.SimpsonIntegratorTest, org.apache.commons.math.analysis.integration.TrapezoidIntegratorTest, org.apache.commons.math.analysis.integration.TrapezoidIntegratorTest, org.apache.commons.math.analysis.interpolation.DividedDifferenceInterpolatorTest, org.apache.commons.math.analysis.interpolation.DividedDifferenceInterpolatorTest, org.apache.commons.math.analysis.interpolation.NevilleInterpolatorTest, org.apache.commons.math.analysis.interpolation.NevilleInterpolatorTest, org.apache.commons.math.analysis.interpolation.SplineInterpolatorTest, org.apache.commons.math.analysis.interpolation.SplineInterpolatorTest, org.apache.commons.math.analysis.minimization.BrentMinimizerTest, org.apache.commons.math.analysis.minimization.BrentMinimizerTest, org.apache.commons.math.analysis.polynomials.PolynomialFunctionLagrangeFormTest, org.apache.commons.math.analysis.polynomials.PolynomialFunctionLagrangeFormTest, org.apache.commons.math.analysis.polynomials.PolynomialFunctionNewtonFormTest, org.apache.commons.math.analysis.polynomials.PolynomialFunctionNewtonFormTest, org.apache.commons.math.analysis.polynomials.PolynomialFunctionTest, org.apache.commons.math.analysis.polynomials.PolynomialFunctionTest, org.apache.commons.math.analysis.polynomials.PolynomialSplineFunctionTest, org.apache.commons.math.analysis.polynomials.PolynomialSplineFunctionTest, org.apache.commons.math.analysis.solvers.BisectionSolverTest, org.apache.commons.math.analysis.solvers.BisectionSolverTest, org.apache.commons.math.analysis.solvers.BrentSolverTest, org.apache.commons.math.analysis.solvers.BrentSolverTest, org.apache.commons.math.analysis.solvers.LaguerreSolverTest, org.apache.commons.math.analysis.solvers.LaguerreSolverTest, org.apache.commons.math.analysis.solvers.MullerSolverTest, org.apache.commons.math.analysis.solvers.MullerSolverTest, org.apache.commons.math.analysis.solvers.NewtonSolverTest, org.apache.commons.math.analysis.solvers.NewtonSolverTest, org.apache.commons.math.analysis.solvers.RiddersSolverTest, org.apache.commons.math.analysis.solvers.RiddersSolverTest, org.apache.commons.math.analysis.solvers.UnivariateRealSolverFactoryImplTest, org.apache.commons.math.analysis.solvers.UnivariateRealSolverFactoryImplTest, org.apache.commons.math.analysis.solvers.UnivariateRealSolverUtilsTest, org.apache.commons.math.analysis.solvers.UnivariateRealSolverUtilsTest, org.apache.commons.math.complex.ComplexFormatTest, org.apache.commons.math.complex.ComplexFormatTest, org.apache.commons.math.complex.ComplexTest, org.apache.commons.math.complex.ComplexTest, org.apache.commons.math.complex.ComplexUtilsTest, org.apache.commons.math.complex.ComplexUtilsTest, org.apache.commons.math.complex.FrenchComplexFormatTest, org.apache.commons.math.complex.FrenchComplexFormatTest, org.apache.commons.math.distribution.BetaDistributionTest, org.apache.commons.math.distribution.BetaDistributionTest, org.apache.commons.math.distribution.BinomialDistributionTest, org.apache.commons.math.distribution.BinomialDistributionTest, org.apache.commons.math.distribution.CauchyDistributionTest, org.apache.commons.math.distribution.CauchyDistributionTest, org.apache.commons.math.distribution.ChiSquareDistributionTest, org.apache.commons.math.distribution.ChiSquareDistributionTest, org.apache.commons.math.distribution.ExponentialDistributionTest, org.apache.commons.math.distribution.ExponentialDistributionTest, org.apache.commons.math.distribution.FDistributionTest, org.apache.commons.math.distribution.FDistributionTest, org.apache.commons.math.distribution.GammaDistributionTest, org.apache.commons.math.distribution.GammaDistributionTest, org.apache.commons.math.distribution.HypergeometricDistributionTest, org.apache.commons.math.distribution.HypergeometricDistributionTest, org.apache.commons.math.distribution.NormalDistributionTest, org.apache.commons.math.distribution.NormalDistributionTest, org.apache.commons.math.distribution.PascalDistributionTest, org.apache.commons.math.distribution.PascalDistributionTest, org.apache.commons.math.distribution.PoissonDistributionTest, org.apache.commons.math.distribution.PoissonDistributionTest, org.apache.commons.math.distribution.TDistributionTest, org.apache.commons.math.distribution.TDistributionTest, org.apache.commons.math.distribution.WeibullDistributionTest, org.apache.commons.math.distribution.WeibullDistributionTest, org.apache.commons.math.distribution.ZipfDistributionTest, org.apache.commons.math.distribution.ZipfDistributionTest, org.apache.commons.math.estimation.EstimatedParameterTest, org.apache.commons.math.estimation.EstimatedParameterTest, org.apache.commons.math.estimation.GaussNewtonEstimatorTest, org.apache.commons.math.estimation.GaussNewtonEstimatorTest, org.apache.commons.math.estimation.LevenbergMarquardtEstimatorTest, org.apache.commons.math.estimation.LevenbergMarquardtEstimatorTest, org.apache.commons.math.estimation.MinpackTest, org.apache.commons.math.estimation.MinpackTest, org.apache.commons.math.estimation.WeightedMeasurementTest, org.apache.commons.math.estimation.WeightedMeasurementTest, org.apache.commons.math.fraction.FractionFormatTest, org.apache.commons.math.fraction.FractionFormatTest, org.apache.commons.math.fraction.FractionTest, org.apache.commons.math.fraction.FractionTest, org.apache.commons.math.geometry.FrenchVector3DFormatTest, org.apache.commons.math.geometry.FrenchVector3DFormatTest, org.apache.commons.math.geometry.RotationOrderTest, org.apache.commons.math.geometry.RotationOrderTest, org.apache.commons.math.geometry.RotationTest, org.apache.commons.math.geometry.RotationTest, org.apache.commons.math.geometry.Vector3DFormatTest, org.apache.commons.math.geometry.Vector3DFormatTest, org.apache.commons.math.geometry.Vector3DTest, org.apache.commons.math.geometry.Vector3DTest, org.apache.commons.math.linear.BiDiagonalTransformerTest, org.apache.commons.math.linear.BiDiagonalTransformerTest, org.apache.commons.math.linear.BigMatrixImplTest, org.apache.commons.math.linear.BigMatrixImplTest, org.apache.commons.math.linear.DenseRealMatrixTest, org.apache.commons.math.linear.DenseRealMatrixTest, org.apache.commons.math.linear.EigenDecompositionImplTest, org.apache.commons.math.linear.EigenDecompositionImplTest, org.apache.commons.math.linear.EigenSolverTest, org.apache.commons.math.linear.EigenSolverTest, org.apache.commons.math.linear.FrenchRealVectorFormatTest, org.apache.commons.math.linear.FrenchRealVectorFormatTest, org.apache.commons.math.linear.InvalidMatrixExceptionTest, org.apache.commons.math.linear.InvalidMatrixExceptionTest, org.apache.commons.math.linear.LUDecompositionImplTest, org.apache.commons.math.linear.LUDecompositionImplTest, org.apache.commons.math.linear.LUSolverTest, org.apache.commons.math.linear.LUSolverTest, org.apache.commons.math.linear.MatrixIndexExceptionTest, org.apache.commons.math.linear.MatrixIndexExceptionTest, org.apache.commons.math.linear.MatrixUtilsTest, org.apache.commons.math.linear.MatrixUtilsTest, org.apache.commons.math.linear.QRDecompositionImplTest, org.apache.commons.math.linear.QRDecompositionImplTest, org.apache.commons.math.linear.QRSolverTest, org.apache.commons.math.linear.QRSolverTest, org.apache.commons.math.linear.RealMatrixImplTest, org.apache.commons.math.linear.RealMatrixImplTest, org.apache.commons.math.linear.RealVectorFormatTest, org.apache.commons.math.linear.RealVectorFormatTest, org.apache.commons.math.linear.RealVectorImplTest, org.apache.commons.math.linear.RealVectorImplTest, org.apache.commons.math.linear.SingularValueDecompositionImplTest, org.apache.commons.math.linear.SingularValueDecompositionImplTest, org.apache.commons.math.linear.SingularValueSolverTest, org.apache.commons.math.linear.SingularValueSolverTest, org.apache.commons.math.linear.SparseRealMatrixTest, org.apache.commons.math.linear.SparseRealMatrixTest, org.apache.commons.math.linear.TriDiagonalTransformerTest, org.apache.commons.math.linear.TriDiagonalTransformerTest, org.apache.commons.math.ode.ContinuousOutputModelTest, org.apache.commons.math.ode.ContinuousOutputModelTest, org.apache.commons.math.ode.FirstOrderConverterTest, org.apache.commons.math.ode.FirstOrderConverterTest, org.apache.commons.math.ode.nonstiff.AdamsBashforthIntegratorTest, org.apache.commons.math.ode.nonstiff.AdamsBashforthIntegratorTest, org.apache.commons.math.ode.nonstiff.AdamsMoultonIntegratorTest, org.apache.commons.math.ode.nonstiff.AdamsMoultonIntegratorTest, org.apache.commons.math.ode.nonstiff.ClassicalRungeKuttaIntegratorTest, org.apache.commons.math.ode.nonstiff.ClassicalRungeKuttaIntegratorTest, org.apache.commons.math.ode.nonstiff.ClassicalRungeKuttaStepInterpolatorTest, org.apache.commons.math.ode.nonstiff.ClassicalRungeKuttaStepInterpolatorTest, org.apache.commons.math.ode.nonstiff.DormandPrince54IntegratorTest, org.apache.commons.math.ode.nonstiff.DormandPrince54IntegratorTest, org.apache.commons.math.ode.nonstiff.DormandPrince54StepInterpolatorTest, org.apache.commons.math.ode.nonstiff.DormandPrince54StepInterpolatorTest, org.apache.commons.math.ode.nonstiff.DormandPrince853IntegratorTest, org.apache.commons.math.ode.nonstiff.DormandPrince853IntegratorTest, org.apache.commons.math.ode.nonstiff.DormandPrince853StepInterpolatorTest, org.apache.commons.math.ode.nonstiff.DormandPrince853StepInterpolatorTest, org.apache.commons.math.ode.nonstiff.EulerIntegratorTest, org.apache.commons.math.ode.nonstiff.EulerIntegratorTest, org.apache.commons.math.ode.nonstiff.EulerStepInterpolatorTest, org.apache.commons.math.ode.nonstiff.EulerStepInterpolatorTest, org.apache.commons.math.ode.nonstiff.GillIntegratorTest, org.apache.commons.math.ode.nonstiff.GillIntegratorTest, org.apache.commons.math.ode.nonstiff.GillStepInterpolatorTest, org.apache.commons.math.ode.nonstiff.GillStepInterpolatorTest, org.apache.commons.math.ode.nonstiff.GraggBulirschStoerIntegratorTest, org.apache.commons.math.ode.nonstiff.GraggBulirschStoerIntegratorTest, org.apache.commons.math.ode.nonstiff.GraggBulirschStoerStepInterpolatorTest, org.apache.commons.math.ode.nonstiff.GraggBulirschStoerStepInterpolatorTest, org.apache.commons.math.ode.nonstiff.HighamHall54IntegratorTest, org.apache.commons.math.ode.nonstiff.HighamHall54IntegratorTest, org.apache.commons.math.ode.nonstiff.HighamHall54StepInterpolatorTest, org.apache.commons.math.ode.nonstiff.HighamHall54StepInterpolatorTest, org.apache.commons.math.ode.nonstiff.MidpointIntegratorTest, org.apache.commons.math.ode.nonstiff.MidpointIntegratorTest, org.apache.commons.math.ode.nonstiff.MidpointStepInterpolatorTest, org.apache.commons.math.ode.nonstiff.MidpointStepInterpolatorTest, org.apache.commons.math.ode.nonstiff.StepInterpolatorAbstractTest, org.apache.commons.math.ode.nonstiff.StepInterpolatorAbstractTest, org.apache.commons.math.ode.nonstiff.ThreeEighthesIntegratorTest, org.apache.commons.math.ode.nonstiff.ThreeEighthesIntegratorTest, org.apache.commons.math.ode.nonstiff.ThreeEighthesStepInterpolatorTest, org.apache.commons.math.ode.nonstiff.ThreeEighthesStepInterpolatorTest, org.apache.commons.math.ode.sampling.DummyStepInterpolatorTest, org.apache.commons.math.ode.sampling.DummyStepInterpolatorTest, org.apache.commons.math.ode.sampling.StepNormalizerTest, org.apache.commons.math.ode.sampling.StepNormalizerTest, org.apache.commons.math.optimization.MultiDirectionalTest, org.apache.commons.math.optimization.MultiDirectionalTest, org.apache.commons.math.optimization.NelderMeadTest, org.apache.commons.math.optimization.NelderMeadTest, org.apache.commons.math.random.AbstractRandomGeneratorTest, org.apache.commons.math.random.AbstractRandomGeneratorTest, org.apache.commons.math.random.CorrelatedRandomVectorGeneratorTest, org.apache.commons.math.random.CorrelatedRandomVectorGeneratorTest, org.apache.commons.math.random.EmpiricalDistributionTest, org.apache.commons.math.random.EmpiricalDistributionTest, org.apache.commons.math.random.GaussianRandomGeneratorTest, org.apache.commons.math.random.GaussianRandomGeneratorTest, org.apache.commons.math.random.RandomAdaptorTest, org.apache.commons.math.random.RandomAdaptorTest, org.apache.commons.math.random.RandomDataTest, org.apache.commons.math.random.RandomDataTest, org.apache.commons.math.random.UncorrelatedRandomVectorGeneratorTest, org.apache.commons.math.random.UncorrelatedRandomVectorGeneratorTest, org.apache.commons.math.random.UniformRandomGeneratorTest, org.apache.commons.math.random.UniformRandomGeneratorTest, org.apache.commons.math.random.ValueServerTest, org.apache.commons.math.random.ValueServerTest, org.apache.commons.math.special.BetaTest, org.apache.commons.math.special.BetaTest, org.apache.commons.math.special.ErfTest, org.apache.commons.math.special.ErfTest, org.apache.commons.math.special.GammaTest, org.apache.commons.math.special.GammaTest, org.apache.commons.math.stat.CertifiedDataTest, org.apache.commons.math.stat.CertifiedDataTest, org.apache.commons.math.stat.FrequencyTest, org.apache.commons.math.stat.FrequencyTest, org.apache.commons.math.stat.StatUtilsTest, org.apache.commons.math.stat.StatUtilsTest, org.apache.commons.math.stat.data.LewTest, org.apache.commons.math.stat.data.LewTest, org.apache.commons.math.stat.data.LotteryTest, org.apache.commons.math.stat.data.LotteryTest, org.apache.commons.math.stat.descriptive.AbstractUnivariateStatisticTest, org.apache.commons.math.stat.descriptive.AbstractUnivariateStatisticTest, org.apache.commons.math.stat.descriptive.DescriptiveStatisticsTest, org.apache.commons.math.stat.descriptive.DescriptiveStatisticsTest, org.apache.commons.math.stat.descriptive.InteractionTest, org.apache.commons.math.stat.descriptive.InteractionTest, org.apache.commons.math.stat.descriptive.ListUnivariateImplTest, org.apache.commons.math.stat.descriptive.ListUnivariateImplTest, org.apache.commons.math.stat.descriptive.MixedListUnivariateImplTest, org.apache.commons.math.stat.descriptive.MixedListUnivariateImplTest, org.apache.commons.math.stat.descriptive.MultivariateSummaryStatisticsTest, org.apache.commons.math.stat.descriptive.MultivariateSummaryStatisticsTest, org.apache.commons.math.stat.descriptive.StatisticalSummaryValuesTest, org.apache.commons.math.stat.descriptive.StatisticalSummaryValuesTest, org.apache.commons.math.stat.descriptive.SummaryStatisticsTest, org.apache.commons.math.stat.descriptive.SummaryStatisticsTest, org.apache.commons.math.stat.descriptive.SynchronizedDescriptiveStatisticsTest, org.apache.commons.math.stat.descriptive.SynchronizedDescriptiveStatisticsTest, org.apache.commons.math.stat.descriptive.SynchronizedSummaryStatisticsTest, org.apache.commons.math.stat.descriptive.SynchronizedSummaryStatisticsTest, org.apache.commons.math.stat.descriptive.moment.FirstMomentTest, org.apache.commons.math.stat.descriptive.moment.FirstMomentTest, org.apache.commons.math.stat.descriptive.moment.FourthMomentTest, org.apache.commons.math.stat.descriptive.moment.FourthMomentTest, org.apache.commons.math.stat.descriptive.moment.GeometricMeanTest, org.apache.commons.math.stat.descriptive.moment.GeometricMeanTest, org.apache.commons.math.stat.descriptive.moment.KurtosisTest, org.apache.commons.math.stat.descriptive.moment.KurtosisTest, org.apache.commons.math.stat.descriptive.moment.MeanTest, org.apache.commons.math.stat.descriptive.moment.MeanTest, org.apache.commons.math.stat.descriptive.moment.SecondMomentTest, org.apache.commons.math.stat.descriptive.moment.SecondMomentTest, org.apache.commons.math.stat.descriptive.moment.SkewnessTest, org.apache.commons.math.stat.descriptive.moment.SkewnessTest, org.apache.commons.math.stat.descriptive.moment.StandardDeviationTest, org.apache.commons.math.stat.descriptive.moment.StandardDeviationTest, org.apache.commons.math.stat.descriptive.moment.ThirdMomentTest, org.apache.commons.math.stat.descriptive.moment.ThirdMomentTest, org.apache.commons.math.stat.descriptive.moment.VarianceTest, org.apache.commons.math.stat.descriptive.moment.VarianceTest, org.apache.commons.math.stat.descriptive.moment.VectorialCovarianceTest, org.apache.commons.math.stat.descriptive.moment.VectorialCovarianceTest, org.apache.commons.math.stat.descriptive.moment.VectorialMeanTest, org.apache.commons.math.stat.descriptive.moment.VectorialMeanTest, org.apache.commons.math.stat.descriptive.rank.MaxTest, org.apache.commons.math.stat.descriptive.rank.MaxTest, org.apache.commons.math.stat.descriptive.rank.MedianTest, org.apache.commons.math.stat.descriptive.rank.MedianTest, org.apache.commons.math.stat.descriptive.rank.MinTest, org.apache.commons.math.stat.descriptive.rank.MinTest, org.apache.commons.math.stat.descriptive.rank.PercentileTest, org.apache.commons.math.stat.descriptive.rank.PercentileTest, org.apache.commons.math.stat.descriptive.summary.ProductTest, org.apache.commons.math.stat.descriptive.summary.ProductTest, org.apache.commons.math.stat.descriptive.summary.SumLogTest, org.apache.commons.math.stat.descriptive.summary.SumLogTest, org.apache.commons.math.stat.descriptive.summary.SumSqTest, org.apache.commons.math.stat.descriptive.summary.SumSqTest, org.apache.commons.math.stat.descriptive.summary.SumTest, org.apache.commons.math.stat.descriptive.summary.SumTest, org.apache.commons.math.stat.inference.ChiSquareFactoryTest, org.apache.commons.math.stat.inference.ChiSquareFactoryTest, org.apache.commons.math.stat.inference.ChiSquareTestTest, org.apache.commons.math.stat.inference.ChiSquareTestTest, org.apache.commons.math.stat.inference.OneWayAnovaTest, org.apache.commons.math.stat.inference.OneWayAnovaTest, org.apache.commons.math.stat.inference.TTestFactoryTest, org.apache.commons.math.stat.inference.TTestFactoryTest, org.apache.commons.math.stat.inference.TTestTest, org.apache.commons.math.stat.inference.TTestTest, org.apache.commons.math.stat.inference.TestUtilsTest, org.apache.commons.math.stat.inference.TestUtilsTest, org.apache.commons.math.stat.regression.GLSMultipleLinearRegressionTest, org.apache.commons.math.stat.regression.GLSMultipleLinearRegressionTest, org.apache.commons.math.stat.regression.OLSMultipleLinearRegressionTest, org.apache.commons.math.stat.regression.OLSMultipleLinearRegressionTest, org.apache.commons.math.stat.regression.SimpleRegressionTest, org.apache.commons.math.stat.regression.SimpleRegressionTest, org.apache.commons.math.transform.FastCosineTransformerTest, org.apache.commons.math.transform.FastCosineTransformerTest, org.apache.commons.math.transform.FastFourierTransformerTest, org.apache.commons.math.transform.FastFourierTransformerTest, org.apache.commons.math.transform.FastHadamardTransformerTest, org.apache.commons.math.transform.FastHadamardTransformerTest, org.apache.commons.math.transform.FastSineTransformerTest, org.apache.commons.math.transform.FastSineTransformerTest, org.apache.commons.math.util.ContinuedFractionTest, org.apache.commons.math.util.ContinuedFractionTest, org.apache.commons.math.util.DefaultTransformerTest, org.apache.commons.math.util.DefaultTransformerTest, org.apache.commons.math.util.MathUtilsTest, org.apache.commons.math.util.MathUtilsTest, org.apache.commons.math.util.OpenIntToDoubleHashMapTest, org.apache.commons.math.util.OpenIntToDoubleHashMapTest, org.apache.commons.math.util.ResizableDoubleArrayTest, org.apache.commons.math.util.ResizableDoubleArrayTest, org.apache.commons.math.util.TransformerMapTest, org.apache.commons.math.util.TransformerMapTest], complianceLevel=5, outputFolder=., json=true}
22:09:27.702 [main] INFO  fr.inria.lille.repair.nopol.NoPol - Available processors (cores): 24
22:09:27.710 [main] INFO  fr.inria.lille.repair.nopol.NoPol - Free memory: 429 MB
22:09:27.710 [main] INFO  fr.inria.lille.repair.nopol.NoPol - Maximum memory: 3 GB
22:09:27.710 [main] INFO  fr.inria.lille.repair.nopol.NoPol - Total memory available to JVM: 483 MB
22:09:27.710 [main] INFO  fr.inria.lille.repair.nopol.NoPol - Java version: 1.8.0_181
22:09:27.711 [main] INFO  fr.inria.lille.repair.nopol.NoPol - JAVA_HOME: /usr/lib/jvm/java-1.8.0-openjdk-amd64/bin/
22:09:27.712 [main] INFO  fr.inria.lille.repair.nopol.NoPol - PATH: /usr/lib/jvm/java-1.8.0-openjdk-amd64/bin/:/usr/lib/oar/oardodo:/usr/lib/oar/oardodo:/usr/local/bin:/usr/bin:/bin:/usr/games
22:09:42.864 [pool-2-thread-1] DEBUG fr.inria.lille.repair.nopol.NoPol - statement #1
22:09:42.865 [pool-2-thread-1] DEBUG fr.inria.lille.repair.nopol.NoPol - Analysing SourceLocation org.apache.commons.math.ode.nonstiff.AdamsBashforthIntegrator:272 which is executed by 13 tests
-1378958115
22:09:43.180 [pool-2-thread-1] DEBUG fr.inria.lille.repair.nopol.NoPol - looking with class fr.inria.lille.repair.nopol.spoon.smt.ConditionalAdder
22:09:46.539 [pool-4-thread-1] INFO  xxl.java.junit.TestCasesListener - Tests run finished (3303 ms)
<> Total tests run: 85
<> Ignored tests: 0
<> Failed tests: 0

22:09:46.539 [pool-2-thread-1] ERROR fr.inria.lille.repair.nopol.NoPol - Error ExecutionException java.util.concurrent.ExecutionException: java.lang.RuntimeException: failingTestCasesValidated: nothing to repair, no failing test cases
22:09:46.539 [pool-2-thread-1] DEBUG fr.inria.lille.repair.nopol.NoPol - statement #2
22:09:46.540 [pool-2-thread-1] DEBUG fr.inria.lille.repair.nopol.NoPol - Analysing SourceLocation org.apache.commons.math.ode.nonstiff.AdamsBashforthIntegrator:269 which is executed by 13 tests
-1378958115
22:09:46.644 [pool-2-thread-1] DEBUG fr.inria.lille.repair.nopol.NoPol - statement #3
22:09:46.645 [pool-2-thread-1] DEBUG fr.inria.lille.repair.nopol.NoPol - Analysing SourceLocation org.apache.commons.math.ode.nonstiff.AdamsBashforthIntegrator:258 which is executed by 13 tests
-1378958115
22:09:46.756 [pool-2-thread-1] DEBUG fr.inria.lille.repair.nopol.NoPol - statement #4
22:09:46.756 [pool-2-thread-1] DEBUG fr.inria.lille.repair.nopol.NoPol - Analysing SourceLocation org.apache.commons.math.ode.nonstiff.AdamsBashforthIntegrator:249 which is executed by 13 tests
-1378958115
22:09:46.854 [pool-2-thread-1] DEBUG fr.inria.lille.repair.nopol.NoPol - looking with class fr.inria.lille.repair.nopol.spoon.smt.ConditionalAdder
22:09:49.897 [pool-6-thread-1] INFO  xxl.java.junit.TestCasesListener - Tests run finished (3033 ms)
<> Total tests run: 85
<> Ignored tests: 0
<> Failed tests: 0

22:09:49.898 [pool-2-thread-1] ERROR fr.inria.lille.repair.nopol.NoPol - Error ExecutionException java.util.concurrent.ExecutionException: java.lang.RuntimeException: failingTestCasesValidated: nothing to repair, no failing test cases
22:09:49.898 [pool-2-thread-1] DEBUG fr.inria.lille.repair.nopol.NoPol - statement #5
22:09:49.898 [pool-2-thread-1] DEBUG fr.inria.lille.repair.nopol.NoPol - Analysing SourceLocation org.apache.commons.math.ode.nonstiff.AdamsBashforthIntegrator:246 which is executed by 13 tests
-1378958115
22:09:49.994 [pool-2-thread-1] DEBUG fr.inria.lille.repair.nopol.NoPol - looking with class fr.inria.lille.repair.nopol.spoon.smt.ConditionalAdder
22:09:53.032 [pool-8-thread-1] INFO  xxl.java.junit.TestCasesListener - Tests run finished (3029 ms)
<> Total tests run: 85
<> Ignored tests: 0
<> Failed tests: 0

22:09:53.033 [pool-2-thread-1] ERROR fr.inria.lille.repair.nopol.NoPol - Error ExecutionException java.util.concurrent.ExecutionException: java.lang.RuntimeException: failingTestCasesValidated: nothing to repair, no failing test cases
22:09:53.033 [pool-2-thread-1] DEBUG fr.inria.lille.repair.nopol.NoPol - statement #6
22:09:53.033 [pool-2-thread-1] DEBUG fr.inria.lille.repair.nopol.NoPol - Analysing SourceLocation org.apache.commons.math.ode.nonstiff.AdamsBashforthIntegrator:243 which is executed by 13 tests
-1378958115
22:09:53.148 [pool-2-thread-1] DEBUG fr.inria.lille.repair.nopol.NoPol - statement #7
22:09:53.149 [pool-2-thread-1] DEBUG fr.inria.lille.repair.nopol.NoPol - Analysing SourceLocation org.apache.commons.math.ode.nonstiff.AdamsBashforthIntegrator:255 which is executed by 12 tests
-1378958115
22:09:53.243 [pool-2-thread-1] DEBUG fr.inria.lille.repair.nopol.NoPol - looking with class fr.inria.lille.repair.nopol.spoon.smt.ConditionalAdder
22:09:56.231 [pool-10-thread-1] INFO  xxl.java.junit.TestCasesListener - Tests run finished (2979 ms)
<> Total tests run: 79
<> Ignored tests: 0
<> Failed tests: 0

22:09:56.232 [pool-2-thread-1] ERROR fr.inria.lille.repair.nopol.NoPol - Error ExecutionException java.util.concurrent.ExecutionException: java.lang.RuntimeException: failingTestCasesValidated: nothing to repair, no failing test cases
22:09:56.232 [pool-2-thread-1] DEBUG fr.inria.lille.repair.nopol.NoPol - statement #8
22:09:56.233 [pool-2-thread-1] DEBUG fr.inria.lille.repair.nopol.NoPol - Analysing SourceLocation org.apache.commons.math.ode.nonstiff.AdamsBashforthIntegrator:252 which is executed by 12 tests
-1378958115
22:09:56.349 [pool-2-thread-1] DEBUG fr.inria.lille.repair.nopol.NoPol - looking with class fr.inria.lille.repair.nopol.spoon.smt.ConditionalAdder
22:09:59.323 [pool-12-thread-1] INFO  xxl.java.junit.TestCasesListener - Tests run finished (2965 ms)
<> Total tests run: 79
<> Ignored tests: 0
<> Failed tests: 0

22:09:59.324 [pool-2-thread-1] ERROR fr.inria.lille.repair.nopol.NoPol - Error ExecutionException java.util.concurrent.ExecutionException: java.lang.RuntimeException: failingTestCasesValidated: nothing to repair, no failing test cases
22:09:59.324 [pool-2-thread-1] DEBUG fr.inria.lille.repair.nopol.NoPol - statement #9
22:09:59.324 [pool-2-thread-1] DEBUG fr.inria.lille.repair.nopol.NoPol - Analysing SourceLocation org.apache.commons.math.ode.nonstiff.AdamsBashforthIntegrator:251 which is executed by 12 tests
-1378958115
22:09:59.418 [pool-2-thread-1] DEBUG fr.inria.lille.repair.nopol.NoPol - looking with class fr.inria.lille.repair.nopol.spoon.smt.ConditionalAdder
22:10:02.362 [pool-14-thread-1] INFO  xxl.java.junit.TestCasesListener - Tests run finished (2937 ms)
<> Total tests run: 79
<> Ignored tests: 0
<> Failed tests: 0

22:10:02.363 [pool-2-thread-1] ERROR fr.inria.lille.repair.nopol.NoPol - Error ExecutionException java.util.concurrent.ExecutionException: java.lang.RuntimeException: failingTestCasesValidated: nothing to repair, no failing test cases
22:10:02.364 [pool-2-thread-1] DEBUG fr.inria.lille.repair.nopol.NoPol - statement #10
22:10:02.364 [pool-2-thread-1] DEBUG fr.inria.lille.repair.nopol.NoPol - Analysing SourceLocation org.apache.commons.math.ode.nonstiff.AdamsBashforthIntegrator:250 which is executed by 12 tests
-1378958115
22:10:02.457 [pool-2-thread-1] DEBUG fr.inria.lille.repair.nopol.NoPol - looking with class fr.inria.lille.repair.nopol.spoon.smt.ConditionalAdder
22:10:05.389 [pool-16-thread-1] INFO  xxl.java.junit.TestCasesListener - Tests run finished (2925 ms)
<> Total tests run: 79
<> Ignored tests: 0
<> Failed tests: 0

22:10:05.390 [pool-2-thread-1] ERROR fr.inria.lille.repair.nopol.NoPol - Error ExecutionException java.util.concurrent.ExecutionException: java.lang.RuntimeException: failingTestCasesValidated: nothing to repair, no failing test cases
22:10:05.390 [pool-2-thread-1] DEBUG fr.inria.lille.repair.nopol.NoPol - statement #11
22:10:05.390 [pool-2-thread-1] DEBUG fr.inria.lille.repair.nopol.NoPol - Analysing SourceLocation org.apache.commons.math.ode.nonstiff.AdamsBashforthIntegrator:253 which is executed by 10 tests
-1378958115
22:10:05.481 [pool-2-thread-1] DEBUG fr.inria.lille.repair.nopol.NoPol - looking with class fr.inria.lille.repair.nopol.spoon.smt.ConditionalAdder
22:10:07.764 [pool-18-thread-1] INFO  xxl.java.junit.TestCasesListener - Tests run finished (2274 ms)
<> Total tests run: 65
<> Ignored tests: 0
<> Failed tests: 0

22:10:07.764 [pool-2-thread-1] ERROR fr.inria.lille.repair.nopol.NoPol - Error ExecutionException java.util.concurrent.ExecutionException: java.lang.RuntimeException: failingTestCasesValidated: nothing to repair, no failing test cases
22:10:07.765 [pool-2-thread-1] DEBUG fr.inria.lille.repair.nopol.NoPol - statement #12
22:10:07.765 [pool-2-thread-1] DEBUG fr.inria.lille.repair.nopol.NoPol - Analysing SourceLocation org.apache.commons.math.ode.nonstiff.DormandPrince853Integrator:243 which is executed by 27 tests
-1670384204
22:10:07.910 [pool-2-thread-1] DEBUG fr.inria.lille.repair.nopol.NoPol - statement #13
22:10:07.910 [pool-2-thread-1] DEBUG fr.inria.lille.repair.nopol.NoPol - Analysing SourceLocation org.apache.commons.math.fraction.FractionFormat:158 which is executed by 16 tests
1013737658
22:10:08.019 [pool-2-thread-1] DEBUG fr.inria.lille.repair.nopol.NoPol - statement #14
22:10:08.019 [pool-2-thread-1] DEBUG fr.inria.lille.repair.nopol.NoPol - Analysing SourceLocation org.apache.commons.math.fraction.FractionFormat:157 which is executed by 16 tests
1013737658
22:10:08.128 [pool-2-thread-1] DEBUG fr.inria.lille.repair.nopol.NoPol - looking with class fr.inria.lille.repair.nopol.spoon.smt.ConditionalAdder
22:10:08.170 [pool-20-thread-1] INFO  xxl.java.junit.TestCasesListener - Tests run finished (33 ms)
<> Total tests run: 160
<> Ignored tests: 0
<> Failed tests: 0

22:10:08.170 [pool-2-thread-1] ERROR fr.inria.lille.repair.nopol.NoPol - Error ExecutionException java.util.concurrent.ExecutionException: java.lang.RuntimeException: failingTestCasesValidated: nothing to repair, no failing test cases
22:10:08.170 [pool-2-thread-1] DEBUG fr.inria.lille.repair.nopol.NoPol - statement #15
22:10:08.170 [pool-2-thread-1] DEBUG fr.inria.lille.repair.nopol.NoPol - Analysing SourceLocation org.apache.commons.math.fraction.FractionFormat:156 which is executed by 16 tests
1013737658
22:10:08.260 [pool-2-thread-1] DEBUG fr.inria.lille.repair.nopol.NoPol - looking with class fr.inria.lille.repair.nopol.spoon.smt.ConditionalAdder
22:10:08.294 [pool-22-thread-1] INFO  xxl.java.junit.TestCasesListener - Tests run finished (27 ms)
<> Total tests run: 160
<> Ignored tests: 0
<> Failed tests: 0

22:10:08.295 [pool-2-thread-1] ERROR fr.inria.lille.repair.nopol.NoPol - Error ExecutionException java.util.concurrent.ExecutionException: java.lang.RuntimeException: failingTestCasesValidated: nothing to repair, no failing test cases
22:10:08.295 [pool-2-thread-1] DEBUG fr.inria.lille.repair.nopol.NoPol - statement #16
22:10:08.295 [pool-2-thread-1] DEBUG fr.inria.lille.repair.nopol.NoPol - Analysing SourceLocation org.apache.commons.math.fraction.FractionFormat:155 which is executed by 16 tests
1013737658
22:10:08.388 [pool-2-thread-1] DEBUG fr.inria.lille.repair.nopol.NoPol - statement #17
22:10:08.388 [pool-2-thread-1] DEBUG fr.inria.lille.repair.nopol.NoPol - Analysing SourceLocation org.apache.commons.math.fraction.FractionFormat:134 which is executed by 16 tests
1013737658
22:10:08.478 [pool-2-thread-1] DEBUG fr.inria.lille.repair.nopol.NoPol - statement #18
22:10:08.478 [pool-2-thread-1] DEBUG fr.inria.lille.repair.nopol.NoPol - Analysing SourceLocation org.apache.commons.math.fraction.FractionFormat:133 which is executed by 16 tests
1013737658
22:10:08.568 [pool-2-thread-1] DEBUG fr.inria.lille.repair.nopol.NoPol - statement #19
22:10:08.568 [pool-2-thread-1] DEBUG fr.inria.lille.repair.nopol.NoPol - Analysing SourceLocation org.apache.commons.math.fraction.FractionFormat:116 which is executed by 16 tests
1013737658
22:10:08.655 [pool-2-thread-1] DEBUG fr.inria.lille.repair.nopol.NoPol - statement #20
22:10:08.656 [pool-2-thread-1] DEBUG fr.inria.lille.repair.nopol.NoPol - Analysing SourceLocation org.apache.commons.math.fraction.FractionFormat:115 which is executed by 16 tests
1013737658
22:10:08.744 [pool-2-thread-1] DEBUG fr.inria.lille.repair.nopol.NoPol - statement #21
22:10:08.745 [pool-2-thread-1] DEBUG fr.inria.lille.repair.nopol.NoPol - Analysing SourceLocation org.apache.commons.math.fraction.ProperFractionFormat:229 which is executed by 16 tests
-1129122774
22:10:08.850 [pool-2-thread-1] DEBUG fr.inria.lille.repair.nopol.NoPol - statement #22
22:10:08.850 [pool-2-thread-1] DEBUG fr.inria.lille.repair.nopol.NoPol - Analysing SourceLocation org.apache.commons.math.fraction.ProperFractionFormat:228 which is executed by 16 tests
-1129122774
22:10:08.938 [pool-2-thread-1] DEBUG fr.inria.lille.repair.nopol.NoPol - looking with class fr.inria.lille.repair.nopol.spoon.smt.ConditionalAdder
22:10:08.972 [pool-24-thread-1] INFO  xxl.java.junit.TestCasesListener - Tests run finished (27 ms)
<> Total tests run: 160
<> Ignored tests: 0
<> Failed tests: 0

22:10:08.973 [pool-2-thread-1] ERROR fr.inria.lille.repair.nopol.NoPol - Error ExecutionException java.util.concurrent.ExecutionException: java.lang.RuntimeException: failingTestCasesValidated: nothing to repair, no failing test cases
22:10:08.973 [pool-2-thread-1] DEBUG fr.inria.lille.repair.nopol.NoPol - statement #23
22:10:08.973 [pool-2-thread-1] DEBUG fr.inria.lille.repair.nopol.NoPol - Analysing SourceLocation org.apache.commons.math.fraction.ProperFractionFormat:224 which is executed by 16 tests
-1129122774
22:10:09.059 [pool-2-thread-1] DEBUG fr.inria.lille.repair.nopol.NoPol - looking with class fr.inria.lille.repair.nopol.spoon.smt.ConditionalAdder
22:10:09.085 [pool-26-thread-1] INFO  xxl.java.junit.TestCasesListener - Tests run finished (21 ms)
<> Total tests run: 160
<> Ignored tests: 0
<> Failed tests: 0

22:10:09.086 [pool-2-thread-1] ERROR fr.inria.lille.repair.nopol.NoPol - Error ExecutionException java.util.concurrent.ExecutionException: java.lang.RuntimeException: failingTestCasesValidated: nothing to repair, no failing test cases
22:10:09.086 [pool-2-thread-1] DEBUG fr.inria.lille.repair.nopol.NoPol - looking with class fr.inria.lille.repair.nopol.spoon.smt.ConditionalReplacer
22:10:09.110 [pool-28-thread-1] INFO  xxl.java.junit.TestCasesListener - Tests run finished (19 ms)
<> Total tests run: 160
<> Ignored tests: 0
<> Failed tests: 0

22:10:09.110 [pool-2-thread-1] ERROR fr.inria.lille.repair.nopol.NoPol - Error ExecutionException java.util.concurrent.ExecutionException: java.lang.RuntimeException: failingTestCasesValidated: nothing to repair, no failing test cases
22:10:09.111 [pool-2-thread-1] DEBUG fr.inria.lille.repair.nopol.NoPol - statement #24
22:10:09.111 [pool-2-thread-1] DEBUG fr.inria.lille.repair.nopol.NoPol - Analysing SourceLocation org.apache.commons.math.fraction.FractionFormat:385 which is executed by 7 tests
1013737658
22:10:09.199 [pool-2-thread-1] DEBUG fr.inria.lille.repair.nopol.NoPol - looking with class fr.inria.lille.repair.nopol.spoon.smt.ConditionalAdder
22:10:09.224 [pool-30-thread-1] INFO  xxl.java.junit.TestCasesListener - Tests run finished (19 ms)
<> Total tests run: 80
<> Ignored tests: 0
<> Failed tests: 0

22:10:09.225 [pool-2-thread-1] ERROR fr.inria.lille.repair.nopol.NoPol - Error ExecutionException java.util.concurrent.ExecutionException: java.lang.RuntimeException: failingTestCasesValidated: nothing to repair, no failing test cases
22:10:09.225 [pool-2-thread-1] DEBUG fr.inria.lille.repair.nopol.NoPol - statement #25
22:10:09.225 [pool-2-thread-1] DEBUG fr.inria.lille.repair.nopol.NoPol - Analysing SourceLocation org.apache.commons.math.fraction.FractionFormat:281 which is executed by 7 tests
1013737658
22:10:09.314 [pool-2-thread-1] DEBUG fr.inria.lille.repair.nopol.NoPol - looking with class fr.inria.lille.repair.nopol.spoon.smt.ConditionalAdder
22:10:09.332 [pool-32-thread-1] INFO  xxl.java.junit.TestCasesListener - Tests run finished (14 ms)
<> Total tests run: 80
<> Ignored tests: 0
<> Failed tests: 0

22:10:09.333 [pool-2-thread-1] ERROR fr.inria.lille.repair.nopol.NoPol - Error ExecutionException java.util.concurrent.ExecutionException: java.lang.RuntimeException: failingTestCasesValidated: nothing to repair, no failing test cases
22:10:09.333 [pool-2-thread-1] DEBUG fr.inria.lille.repair.nopol.NoPol - statement #26
22:10:09.333 [pool-2-thread-1] DEBUG fr.inria.lille.repair.nopol.NoPol - Analysing SourceLocation org.apache.commons.math.fraction.FractionFormat:280 which is executed by 7 tests
1013737658
22:10:09.421 [pool-2-thread-1] DEBUG fr.inria.lille.repair.nopol.NoPol - statement #27
22:10:09.421 [pool-2-thread-1] DEBUG fr.inria.lille.repair.nopol.NoPol - Analysing SourceLocation org.apache.commons.math.fraction.FractionFormat:279 which is executed by 7 tests
1013737658
22:10:09.508 [pool-2-thread-1] DEBUG fr.inria.lille.repair.nopol.NoPol - statement #28
22:10:09.508 [pool-2-thread-1] DEBUG fr.inria.lille.repair.nopol.NoPol - Analysing SourceLocation org.apache.commons.math.fraction.FractionFormat:389 which is executed by 8 tests
1013737658
22:10:09.595 [pool-2-thread-1] DEBUG fr.inria.lille.repair.nopol.NoPol - statement #29
22:10:09.595 [pool-2-thread-1] DEBUG fr.inria.lille.repair.nopol.NoPol - Analysing SourceLocation org.apache.commons.math.fraction.FractionFormat:384 which is executed by 8 tests
1013737658
22:10:09.684 [pool-2-thread-1] DEBUG fr.inria.lille.repair.nopol.NoPol - looking with class fr.inria.lille.repair.nopol.spoon.smt.ConditionalAdder
22:10:09.703 [pool-34-thread-1] INFO  xxl.java.junit.TestCasesListener - Tests run finished (14 ms)
<> Total tests run: 80
<> Ignored tests: 0
<> Failed tests: 0

22:10:09.704 [pool-2-thread-1] ERROR fr.inria.lille.repair.nopol.NoPol - Error ExecutionException java.util.concurrent.ExecutionException: java.lang.RuntimeException: failingTestCasesValidated: nothing to repair, no failing test cases
22:10:09.704 [pool-2-thread-1] DEBUG fr.inria.lille.repair.nopol.NoPol - looking with class fr.inria.lille.repair.nopol.spoon.smt.ConditionalReplacer
22:10:09.723 [pool-36-thread-1] INFO  xxl.java.junit.TestCasesListener - Tests run finished (14 ms)
<> Total tests run: 80
<> Ignored tests: 0
<> Failed tests: 0

22:10:09.724 [pool-2-thread-1] ERROR fr.inria.lille.repair.nopol.NoPol - Error ExecutionException java.util.concurrent.ExecutionException: java.lang.RuntimeException: failingTestCasesValidated: nothing to repair, no failing test cases
22:10:09.724 [pool-2-thread-1] DEBUG fr.inria.lille.repair.nopol.NoPol - statement #30
22:10:09.724 [pool-2-thread-1] DEBUG fr.inria.lille.repair.nopol.NoPol - Analysing SourceLocation org.apache.commons.math.fraction.FractionFormat:382 which is executed by 8 tests
1013737658
22:10:09.830 [pool-2-thread-1] DEBUG fr.inria.lille.repair.nopol.NoPol - looking with class fr.inria.lille.repair.nopol.spoon.smt.ConditionalAdder
22:10:09.850 [pool-38-thread-1] INFO  xxl.java.junit.TestCasesListener - Tests run finished (15 ms)
<> Total tests run: 80
<> Ignored tests: 0
<> Failed tests: 0

22:10:09.850 [pool-2-thread-1] ERROR fr.inria.lille.repair.nopol.NoPol - Error ExecutionException java.util.concurrent.ExecutionException: java.lang.RuntimeException: failingTestCasesValidated: nothing to repair, no failing test cases
22:10:09.850 [pool-2-thread-1] DEBUG fr.inria.lille.repair.nopol.NoPol - statement #31
22:10:09.850 [pool-2-thread-1] DEBUG fr.inria.lille.repair.nopol.NoPol - Analysing SourceLocation org.apache.commons.math.fraction.FractionFormat:381 which is executed by 8 tests
1013737658
22:10:09.962 [pool-2-thread-1] DEBUG fr.inria.lille.repair.nopol.NoPol - statement #32
22:10:09.962 [pool-2-thread-1] DEBUG fr.inria.lille.repair.nopol.NoPol - Analysing SourceLocation org.apache.commons.math.fraction.FractionFormat:380 which is executed by 8 tests
1013737658
22:10:10.054 [pool-2-thread-1] DEBUG fr.inria.lille.repair.nopol.NoPol - looking with class fr.inria.lille.repair.nopol.spoon.smt.ConditionalAdder
22:10:10.071 [pool-40-thread-1] INFO  xxl.java.junit.TestCasesListener - Tests run finished (12 ms)
<> Total tests run: 80
<> Ignored tests: 0
<> Failed tests: 0

22:10:10.072 [pool-2-thread-1] ERROR fr.inria.lille.repair.nopol.NoPol - Error ExecutionException java.util.concurrent.ExecutionException: java.lang.RuntimeException: failingTestCasesValidated: nothing to repair, no failing test cases
22:10:10.072 [pool-2-thread-1] DEBUG fr.inria.lille.repair.nopol.NoPol - statement #33
22:10:10.072 [pool-2-thread-1] DEBUG fr.inria.lille.repair.nopol.NoPol - Analysing SourceLocation org.apache.commons.math.fraction.FractionFormat:377 which is executed by 8 tests
1013737658
22:10:10.166 [pool-2-thread-1] DEBUG fr.inria.lille.repair.nopol.NoPol - looking with class fr.inria.lille.repair.nopol.spoon.smt.ConditionalAdder
22:10:10.183 [pool-42-thread-1] INFO  xxl.java.junit.TestCasesListener - Tests run finished (13 ms)
<> Total tests run: 80
<> Ignored tests: 0
<> Failed tests: 0

22:10:10.184 [pool-2-thread-1] ERROR fr.inria.lille.repair.nopol.NoPol - Error ExecutionException java.util.concurrent.ExecutionException: java.lang.RuntimeException: failingTestCasesValidated: nothing to repair, no failing test cases
22:10:10.184 [pool-2-thread-1] DEBUG fr.inria.lille.repair.nopol.NoPol - looking with class fr.inria.lille.repair.nopol.spoon.smt.ConditionalReplacer
22:10:10.199 [pool-44-thread-1] INFO  xxl.java.junit.TestCasesListener - Tests run finished (12 ms)
<> Total tests run: 80
<> Ignored tests: 0
<> Failed tests: 0

22:10:10.199 [pool-2-thread-1] ERROR fr.inria.lille.repair.nopol.NoPol - Error ExecutionException java.util.concurrent.ExecutionException: java.lang.RuntimeException: failingTestCasesValidated: nothing to repair, no failing test cases
22:10:10.199 [pool-2-thread-1] DEBUG fr.inria.lille.repair.nopol.NoPol - statement #34
22:10:10.199 [pool-2-thread-1] DEBUG fr.inria.lille.repair.nopol.NoPol - Analysing SourceLocation org.apache.commons.math.fraction.FractionFormat:375 which is executed by 8 tests
1013737658
22:10:10.286 [pool-2-thread-1] DEBUG fr.inria.lille.repair.nopol.NoPol - statement #35
22:10:10.287 [pool-2-thread-1] DEBUG fr.inria.lille.repair.nopol.NoPol - Analysing SourceLocation org.apache.commons.math.fraction.FractionFormat:374 which is executed by 8 tests
1013737658
22:10:10.373 [pool-2-thread-1] DEBUG fr.inria.lille.repair.nopol.NoPol - statement #36
22:10:10.373 [pool-2-thread-1] DEBUG fr.inria.lille.repair.nopol.NoPol - Analysing SourceLocation org.apache.commons.math.fraction.FractionFormat:373 which is executed by 8 tests
1013737658
22:10:10.460 [pool-2-thread-1] DEBUG fr.inria.lille.repair.nopol.NoPol - statement #37
22:10:10.460 [pool-2-thread-1] DEBUG fr.inria.lille.repair.nopol.NoPol - Analysing SourceLocation org.apache.commons.math.fraction.FractionFormat:364 which is executed by 8 tests
1013737658
22:10:10.547 [pool-2-thread-1] DEBUG fr.inria.lille.repair.nopol.NoPol - statement #38
22:10:10.548 [pool-2-thread-1] DEBUG fr.inria.lille.repair.nopol.NoPol - Analysing SourceLocation org.apache.commons.math.fraction.FractionFormat:363 which is executed by 8 tests
1013737658
22:10:10.635 [pool-2-thread-1] DEBUG fr.inria.lille.repair.nopol.NoPol - looking with class fr.inria.lille.repair.nopol.spoon.smt.ConditionalAdder
22:10:10.652 [pool-46-thread-1] INFO  xxl.java.junit.TestCasesListener - Tests run finished (13 ms)
<> Total tests run: 80
<> Ignored tests: 0
<> Failed tests: 0

22:10:10.652 [pool-2-thread-1] ERROR fr.inria.lille.repair.nopol.NoPol - Error ExecutionException java.util.concurrent.ExecutionException: java.lang.RuntimeException: failingTestCasesValidated: nothing to repair, no failing test cases
22:10:10.652 [pool-2-thread-1] DEBUG fr.inria.lille.repair.nopol.NoPol - statement #39
22:10:10.652 [pool-2-thread-1] DEBUG fr.inria.lille.repair.nopol.NoPol - Analysing SourceLocation org.apache.commons.math.fraction.FractionFormat:362 which is executed by 8 tests
1013737658
22:10:10.739 [pool-2-thread-1] DEBUG fr.inria.lille.repair.nopol.NoPol - looking with class fr.inria.lille.repair.nopol.spoon.smt.ConditionalAdder
22:10:10.756 [pool-48-thread-1] INFO  xxl.java.junit.TestCasesListener - Tests run finished (13 ms)
<> Total tests run: 80
<> Ignored tests: 0
<> Failed tests: 0

22:10:10.756 [pool-2-thread-1] ERROR fr.inria.lille.repair.nopol.NoPol - Error ExecutionException java.util.concurrent.ExecutionException: java.lang.RuntimeException: failingTestCasesValidated: nothing to repair, no failing test cases
22:10:10.756 [pool-2-thread-1] DEBUG fr.inria.lille.repair.nopol.NoPol - statement #40
22:10:10.757 [pool-2-thread-1] DEBUG fr.inria.lille.repair.nopol.NoPol - Analysing SourceLocation org.apache.commons.math.fraction.FractionFormat:270 which is executed by 8 tests
1013737658
22:10:10.844 [pool-2-thread-1] DEBUG fr.inria.lille.repair.nopol.NoPol - looking with class fr.inria.lille.repair.nopol.spoon.smt.ConditionalAdder
22:10:10.861 [pool-50-thread-1] INFO  xxl.java.junit.TestCasesListener - Tests run finished (13 ms)
<> Total tests run: 80
<> Ignored tests: 0
<> Failed tests: 0

22:10:10.862 [pool-2-thread-1] ERROR fr.inria.lille.repair.nopol.NoPol - Error ExecutionException java.util.concurrent.ExecutionException: java.lang.RuntimeException: failingTestCasesValidated: nothing to repair, no failing test cases
22:10:10.862 [pool-2-thread-1] DEBUG fr.inria.lille.repair.nopol.NoPol - looking with class fr.inria.lille.repair.nopol.spoon.smt.ConditionalReplacer
22:10:10.877 [pool-52-thread-1] INFO  xxl.java.junit.TestCasesListener - Tests run finished (12 ms)
<> Total tests run: 80
<> Ignored tests: 0
<> Failed tests: 0

22:10:10.878 [pool-2-thread-1] ERROR fr.inria.lille.repair.nopol.NoPol - Error ExecutionException java.util.concurrent.ExecutionException: java.lang.RuntimeException: failingTestCasesValidated: nothing to repair, no failing test cases
22:10:10.878 [pool-2-thread-1] DEBUG fr.inria.lille.repair.nopol.NoPol - statement #41
22:10:10.878 [pool-2-thread-1] DEBUG fr.inria.lille.repair.nopol.NoPol - Analysing SourceLocation org.apache.commons.math.fraction.FractionFormat:269 which is executed by 8 tests
1013737658
22:10:10.967 [pool-2-thread-1] DEBUG fr.inria.lille.repair.nopol.NoPol - statement #42
22:10:10.968 [pool-2-thread-1] DEBUG fr.inria.lille.repair.nopol.NoPol - Analysing SourceLocation org.apache.commons.math.fraction.FractionFormat:266 which is executed by 8 tests
1013737658
22:10:11.069 [pool-2-thread-1] DEBUG fr.inria.lille.repair.nopol.NoPol - looking with class fr.inria.lille.repair.nopol.spoon.smt.ConditionalAdder
22:10:11.086 [pool-54-thread-1] INFO  xxl.java.junit.TestCasesListener - Tests run finished (13 ms)
<> Total tests run: 80
<> Ignored tests: 0
<> Failed tests: 0

22:10:11.087 [pool-2-thread-1] ERROR fr.inria.lille.repair.nopol.NoPol - Error ExecutionException java.util.concurrent.ExecutionException: java.lang.RuntimeException: failingTestCasesValidated: nothing to repair, no failing test cases
22:10:11.087 [pool-2-thread-1] DEBUG fr.inria.lille.repair.nopol.NoPol - statement #43
22:10:11.087 [pool-2-thread-1] DEBUG fr.inria.lille.repair.nopol.NoPol - Analysing SourceLocation org.apache.commons.math.fraction.FractionFormat:263 which is executed by 8 tests
1013737658
22:10:11.175 [pool-2-thread-1] DEBUG fr.inria.lille.repair.nopol.NoPol - statement #44
22:10:11.175 [pool-2-thread-1] DEBUG fr.inria.lille.repair.nopol.NoPol - Analysing SourceLocation org.apache.commons.math.fraction.FractionFormat:246 which is executed by 8 tests
1013737658
22:10:11.262 [pool-2-thread-1] DEBUG fr.inria.lille.repair.nopol.NoPol - statement #45
22:10:11.262 [pool-2-thread-1] DEBUG fr.inria.lille.repair.nopol.NoPol - Analysing SourceLocation org.apache.commons.math.fraction.FractionFormat:245 which is executed by 8 tests
1013737658
22:10:11.349 [pool-2-thread-1] DEBUG fr.inria.lille.repair.nopol.NoPol - statement #46
22:10:11.349 [pool-2-thread-1] DEBUG fr.inria.lille.repair.nopol.NoPol - Analysing SourceLocation org.apache.commons.math.fraction.ProperFractionFormat:133 which is executed by 8 tests
-1129122774
22:10:11.433 [pool-2-thread-1] DEBUG fr.inria.lille.repair.nopol.NoPol - statement #47
22:10:11.434 [pool-2-thread-1] DEBUG fr.inria.lille.repair.nopol.NoPol - Analysing SourceLocation org.apache.commons.math.ode.nonstiff.EmbeddedRungeKuttaIntegrator:359 which is executed by 55 tests
1048307728
22:10:11.523 [pool-2-thread-1] DEBUG fr.inria.lille.repair.nopol.NoPol - statement #48
22:10:11.523 [pool-2-thread-1] DEBUG fr.inria.lille.repair.nopol.NoPol - Analysing SourceLocation org.apache.commons.math.ode.nonstiff.EmbeddedRungeKuttaIntegrator:358 which is executed by 55 tests
1048307728
22:10:11.613 [pool-2-thread-1] DEBUG fr.inria.lille.repair.nopol.NoPol - looking with class fr.inria.lille.repair.nopol.spoon.smt.ConditionalAdder
22:10:14.634 [pool-56-thread-1] INFO  xxl.java.junit.TestCasesListener - Tests run finished (3014 ms)
<> Total tests run: 85
<> Ignored tests: 0
<> Failed tests: 0

22:10:14.635 [pool-2-thread-1] ERROR fr.inria.lille.repair.nopol.NoPol - Error ExecutionException java.util.concurrent.ExecutionException: java.lang.RuntimeException: failingTestCasesValidated: nothing to repair, no failing test cases
22:10:14.635 [pool-2-thread-1] DEBUG fr.inria.lille.repair.nopol.NoPol - statement #49
22:10:14.635 [pool-2-thread-1] DEBUG fr.inria.lille.repair.nopol.NoPol - Analysing SourceLocation org.apache.commons.math.ode.nonstiff.EmbeddedRungeKuttaIntegrator:345 which is executed by 55 tests
1048307728
22:10:14.723 [pool-2-thread-1] DEBUG fr.inria.lille.repair.nopol.NoPol - statement #50
22:10:14.724 [pool-2-thread-1] DEBUG fr.inria.lille.repair.nopol.NoPol - Analysing SourceLocation org.apache.commons.math.ode.nonstiff.EmbeddedRungeKuttaIntegrator:344 which is executed by 55 tests
1048307728
22:10:14.812 [pool-2-thread-1] DEBUG fr.inria.lille.repair.nopol.NoPol - looking with class fr.inria.lille.repair.nopol.spoon.smt.ConditionalAdder
22:10:17.840 [pool-58-thread-1] INFO  xxl.java.junit.TestCasesListener - Tests run finished (3021 ms)
<> Total tests run: 85
<> Ignored tests: 0
<> Failed tests: 0

22:10:17.840 [pool-2-thread-1] ERROR fr.inria.lille.repair.nopol.NoPol - Error ExecutionException java.util.concurrent.ExecutionException: java.lang.RuntimeException: failingTestCasesValidated: nothing to repair, no failing test cases
22:10:17.841 [pool-2-thread-1] DEBUG fr.inria.lille.repair.nopol.NoPol - statement #51
22:10:17.841 [pool-2-thread-1] DEBUG fr.inria.lille.repair.nopol.NoPol - Analysing SourceLocation org.apache.commons.math.ode.nonstiff.EmbeddedRungeKuttaIntegrator:164 which is executed by 55 tests
1048307728
22:10:17.929 [pool-2-thread-1] DEBUG fr.inria.lille.repair.nopol.NoPol - statement #52
22:10:17.929 [pool-2-thread-1] DEBUG fr.inria.lille.repair.nopol.NoPol - Analysing SourceLocation org.apache.commons.math.ode.nonstiff.EmbeddedRungeKuttaIntegrator:163 which is executed by 55 tests
1048307728
22:10:18.015 [pool-2-thread-1] DEBUG fr.inria.lille.repair.nopol.NoPol - looking with class fr.inria.lille.repair.nopol.spoon.smt.ConditionalAdder
22:10:21.024 [pool-60-thread-1] INFO  xxl.java.junit.TestCasesListener - Tests run finished (3002 ms)
<> Total tests run: 85
<> Ignored tests: 0
<> Failed tests: 0

22:10:21.025 [pool-2-thread-1] ERROR fr.inria.lille.repair.nopol.NoPol - Error ExecutionException java.util.concurrent.ExecutionException: java.lang.RuntimeException: failingTestCasesValidated: nothing to repair, no failing test cases
22:10:21.025 [pool-2-thread-1] DEBUG fr.inria.lille.repair.nopol.NoPol - statement #53
22:10:21.025 [pool-2-thread-1] DEBUG fr.inria.lille.repair.nopol.NoPol - Analysing SourceLocation org.apache.commons.math.fraction.FractionFormat:234 which is executed by 9 tests
1013737658
22:10:21.138 [pool-2-thread-1] DEBUG fr.inria.lille.repair.nopol.NoPol - statement #54
22:10:21.139 [pool-2-thread-1] DEBUG fr.inria.lille.repair.nopol.NoPol - Analysing SourceLocation org.apache.commons.math.ode.nonstiff.AdaptiveStepsizeIntegrator:304 which is executed by 66 tests
1694344315
22:10:21.228 [pool-2-thread-1] DEBUG fr.inria.lille.repair.nopol.NoPol - statement #55
22:10:21.228 [pool-2-thread-1] DEBUG fr.inria.lille.repair.nopol.NoPol - Analysing SourceLocation org.apache.commons.math.ode.nonstiff.AdaptiveStepsizeIntegrator:303 which is executed by 66 tests
1694344315
22:10:21.384 [pool-2-thread-1] DEBUG fr.inria.lille.repair.nopol.NoPol - looking with class fr.inria.lille.repair.nopol.spoon.smt.ConditionalAdder
22:10:24.607 [pool-62-thread-1] INFO  xxl.java.junit.TestCasesListener - Tests run finished (3046 ms)
<> Total tests run: 85
<> Ignored tests: 0
<> Failed tests: 0

22:10:24.608 [pool-2-thread-1] ERROR fr.inria.lille.repair.nopol.NoPol - Error ExecutionException java.util.concurrent.ExecutionException: java.lang.RuntimeException: failingTestCasesValidated: nothing to repair, no failing test cases
22:10:24.608 [pool-2-thread-1] DEBUG fr.inria.lille.repair.nopol.NoPol - statement #56
22:10:24.609 [pool-2-thread-1] DEBUG fr.inria.lille.repair.nopol.NoPol - Analysing SourceLocation org.apache.commons.math.ode.nonstiff.AdaptiveStepsizeIntegrator:302 which is executed by 66 tests
1694344315
22:10:24.714 [pool-2-thread-1] DEBUG fr.inria.lille.repair.nopol.NoPol - looking with class fr.inria.lille.repair.nopol.spoon.smt.ConditionalAdder
22:10:27.759 [pool-64-thread-1] INFO  xxl.java.junit.TestCasesListener - Tests run finished (3038 ms)
<> Total tests run: 85
<> Ignored tests: 0
<> Failed tests: 0

22:10:27.760 [pool-2-thread-1] ERROR fr.inria.lille.repair.nopol.NoPol - Error ExecutionException java.util.concurrent.ExecutionException: java.lang.RuntimeException: failingTestCasesValidated: nothing to repair, no failing test cases
22:10:27.760 [pool-2-thread-1] DEBUG fr.inria.lille.repair.nopol.NoPol - statement #57
22:10:27.760 [pool-2-thread-1] DEBUG fr.inria.lille.repair.nopol.NoPol - Analysing SourceLocation org.apache.commons.math.fraction.FractionFormat:226 which is executed by 7 tests
1013737658
22:10:27.851 [pool-2-thread-1] DEBUG fr.inria.lille.repair.nopol.NoPol - statement #58
22:10:27.851 [pool-2-thread-1] DEBUG fr.inria.lille.repair.nopol.NoPol - Analysing SourceLocation org.apache.commons.math.fraction.FractionFormat:311 which is executed by 2 tests
1013737658
22:10:27.939 [pool-2-thread-1] DEBUG fr.inria.lille.repair.nopol.NoPol - statement #59
22:10:27.939 [pool-2-thread-1] DEBUG fr.inria.lille.repair.nopol.NoPol - Analysing SourceLocation org.apache.commons.math.fraction.ProperFractionFormat:214 which is executed by 2 tests
-1129122774
22:10:28.024 [pool-2-thread-1] DEBUG fr.inria.lille.repair.nopol.NoPol - statement #60
22:10:28.024 [pool-2-thread-1] DEBUG fr.inria.lille.repair.nopol.NoPol - Analysing SourceLocation org.apache.commons.math.fraction.ProperFractionFormat:213 which is executed by 2 tests
-1129122774
22:10:28.110 [pool-2-thread-1] DEBUG fr.inria.lille.repair.nopol.NoPol - statement #61
22:10:28.110 [pool-2-thread-1] DEBUG fr.inria.lille.repair.nopol.NoPol - Analysing SourceLocation org.apache.commons.math.fraction.ProperFractionFormat:212 which is executed by 2 tests
-1129122774
22:10:28.194 [pool-2-thread-1] DEBUG fr.inria.lille.repair.nopol.NoPol - statement #62
22:10:28.194 [pool-2-thread-1] DEBUG fr.inria.lille.repair.nopol.NoPol - Analysing SourceLocation org.apache.commons.math.fraction.ProperFractionFormat:211 which is executed by 2 tests
-1129122774
22:10:28.277 [pool-2-thread-1] DEBUG fr.inria.lille.repair.nopol.NoPol - statement #63
22:10:28.277 [pool-2-thread-1] DEBUG fr.inria.lille.repair.nopol.NoPol - Analysing SourceLocation org.apache.commons.math.fraction.FractionFormat:303 which is executed by 3 tests
1013737658
22:10:28.365 [pool-2-thread-1] DEBUG fr.inria.lille.repair.nopol.NoPol - looking with class fr.inria.lille.repair.nopol.spoon.smt.ConditionalAdder
22:10:28.377 [pool-66-thread-1] INFO  xxl.java.junit.TestCasesListener - Tests run finished (9 ms)
<> Total tests run: 32
<> Ignored tests: 0
<> Failed tests: 0

22:10:28.377 [pool-2-thread-1] ERROR fr.inria.lille.repair.nopol.NoPol - Error ExecutionException java.util.concurrent.ExecutionException: java.lang.RuntimeException: failingTestCasesValidated: nothing to repair, no failing test cases
22:10:28.377 [pool-2-thread-1] DEBUG fr.inria.lille.repair.nopol.NoPol - looking with class fr.inria.lille.repair.nopol.spoon.smt.ConditionalReplacer
22:10:28.389 [pool-68-thread-1] INFO  xxl.java.junit.TestCasesListener - Tests run finished (9 ms)
<> Total tests run: 32
<> Ignored tests: 0
<> Failed tests: 0

22:10:28.389 [pool-2-thread-1] ERROR fr.inria.lille.repair.nopol.NoPol - Error ExecutionException java.util.concurrent.ExecutionException: java.lang.RuntimeException: failingTestCasesValidated: nothing to repair, no failing test cases
22:10:28.389 [pool-2-thread-1] DEBUG fr.inria.lille.repair.nopol.NoPol - statement #64
22:10:28.389 [pool-2-thread-1] DEBUG fr.inria.lille.repair.nopol.NoPol - Analysing SourceLocation org.apache.commons.math.fraction.FractionFormat:302 which is executed by 3 tests
1013737658
22:10:28.476 [pool-2-thread-1] DEBUG fr.inria.lille.repair.nopol.NoPol - statement #65
22:10:28.476 [pool-2-thread-1] DEBUG fr.inria.lille.repair.nopol.NoPol - Analysing SourceLocation org.apache.commons.math.fraction.FractionFormat:299 which is executed by 3 tests
1013737658
22:10:28.563 [pool-2-thread-1] DEBUG fr.inria.lille.repair.nopol.NoPol - looking with class fr.inria.lille.repair.nopol.spoon.smt.ConditionalAdder
22:10:28.574 [pool-70-thread-1] INFO  xxl.java.junit.TestCasesListener - Tests run finished (8 ms)
<> Total tests run: 32
<> Ignored tests: 0
<> Failed tests: 0

22:10:28.574 [pool-2-thread-1] ERROR fr.inria.lille.repair.nopol.NoPol - Error ExecutionException java.util.concurrent.ExecutionException: java.lang.RuntimeException: failingTestCasesValidated: nothing to repair, no failing test cases
22:10:28.575 [pool-2-thread-1] DEBUG fr.inria.lille.repair.nopol.NoPol - statement #66
22:10:28.575 [pool-2-thread-1] DEBUG fr.inria.lille.repair.nopol.NoPol - Analysing SourceLocation org.apache.commons.math.fraction.FractionFormat:288 which is executed by 3 tests
1013737658
22:10:28.660 [pool-2-thread-1] DEBUG fr.inria.lille.repair.nopol.NoPol - looking with class fr.inria.lille.repair.nopol.spoon.smt.ConditionalAdder
22:10:28.672 [pool-72-thread-1] INFO  xxl.java.junit.TestCasesListener - Tests run finished (8 ms)
<> Total tests run: 32
<> Ignored tests: 0
<> Failed tests: 0

22:10:28.672 [pool-2-thread-1] ERROR fr.inria.lille.repair.nopol.NoPol - Error ExecutionException java.util.concurrent.ExecutionException: java.lang.RuntimeException: failingTestCasesValidated: nothing to repair, no failing test cases
22:10:28.672 [pool-2-thread-1] DEBUG fr.inria.lille.repair.nopol.NoPol - statement #67
22:10:28.672 [pool-2-thread-1] DEBUG fr.inria.lille.repair.nopol.NoPol - Analysing SourceLocation org.apache.commons.math.fraction.FractionFormat:295 which is executed by 3 tests
1013737658
22:10:28.759 [pool-2-thread-1] DEBUG fr.inria.lille.repair.nopol.NoPol - statement #68
22:10:28.759 [pool-2-thread-1] DEBUG fr.inria.lille.repair.nopol.NoPol - Analysing SourceLocation org.apache.commons.math.fraction.FractionFormat:294 which is executed by 3 tests
1013737658
22:10:28.845 [pool-2-thread-1] DEBUG fr.inria.lille.repair.nopol.NoPol - looking with class fr.inria.lille.repair.nopol.spoon.smt.ConditionalAdder
22:10:28.856 [pool-74-thread-1] INFO  xxl.java.junit.TestCasesListener - Tests run finished (8 ms)
<> Total tests run: 32
<> Ignored tests: 0
<> Failed tests: 0

22:10:28.857 [pool-2-thread-1] ERROR fr.inria.lille.repair.nopol.NoPol - Error ExecutionException java.util.concurrent.ExecutionException: java.lang.RuntimeException: failingTestCasesValidated: nothing to repair, no failing test cases
22:10:28.857 [pool-2-thread-1] DEBUG fr.inria.lille.repair.nopol.NoPol - statement #69
22:10:28.857 [pool-2-thread-1] DEBUG fr.inria.lille.repair.nopol.NoPol - Analysing SourceLocation org.apache.commons.math.fraction.FractionFormat:293 which is executed by 3 tests
1013737658
22:10:28.950 [pool-2-thread-1] DEBUG fr.inria.lille.repair.nopol.NoPol - looking with class fr.inria.lille.repair.nopol.spoon.smt.ConditionalAdder
22:10:28.962 [pool-76-thread-1] INFO  xxl.java.junit.TestCasesListener - Tests run finished (9 ms)
<> Total tests run: 32
<> Ignored tests: 0
<> Failed tests: 0

22:10:28.962 [pool-2-thread-1] ERROR fr.inria.lille.repair.nopol.NoPol - Error ExecutionException java.util.concurrent.ExecutionException: java.lang.RuntimeException: failingTestCasesValidated: nothing to repair, no failing test cases
22:10:28.962 [pool-2-thread-1] DEBUG fr.inria.lille.repair.nopol.NoPol - statement #70
22:10:28.962 [pool-2-thread-1] DEBUG fr.inria.lille.repair.nopol.NoPol - Analysing SourceLocation org.apache.commons.math.fraction.ProperFractionFormat:205 which is executed by 3 tests
-1129122774
22:10:29.052 [pool-2-thread-1] DEBUG fr.inria.lille.repair.nopol.NoPol - looking with class fr.inria.lille.repair.nopol.spoon.smt.ConditionalAdder
22:10:29.065 [pool-78-thread-1] INFO  xxl.java.junit.TestCasesListener - Tests run finished (10 ms)
<> Total tests run: 32
<> Ignored tests: 0
<> Failed tests: 0

22:10:29.065 [pool-2-thread-1] ERROR fr.inria.lille.repair.nopol.NoPol - Error ExecutionException java.util.concurrent.ExecutionException: java.lang.RuntimeException: failingTestCasesValidated: nothing to repair, no failing test cases
22:10:29.065 [pool-2-thread-1] DEBUG fr.inria.lille.repair.nopol.NoPol - looking with class fr.inria.lille.repair.nopol.spoon.smt.ConditionalReplacer
22:10:29.077 [pool-80-thread-1] INFO  xxl.java.junit.TestCasesListener - Tests run finished (9 ms)
<> Total tests run: 32
<> Ignored tests: 0
<> Failed tests: 0

22:10:29.078 [pool-2-thread-1] ERROR fr.inria.lille.repair.nopol.NoPol - Error ExecutionException java.util.concurrent.ExecutionException: java.lang.RuntimeException: failingTestCasesValidated: nothing to repair, no failing test cases
22:10:29.078 [pool-2-thread-1] DEBUG fr.inria.lille.repair.nopol.NoPol - statement #71
22:10:29.078 [pool-2-thread-1] DEBUG fr.inria.lille.repair.nopol.NoPol - Analysing SourceLocation org.apache.commons.math.fraction.ProperFractionFormat:197 which is executed by 3 tests
-1129122774
22:10:29.174 [pool-2-thread-1] DEBUG fr.inria.lille.repair.nopol.NoPol - looking with class fr.inria.lille.repair.nopol.spoon.smt.ConditionalAdder
22:10:29.185 [pool-82-thread-1] INFO  xxl.java.junit.TestCasesListener - Tests run finished (8 ms)
<> Total tests run: 32
<> Ignored tests: 0
<> Failed tests: 0

22:10:29.186 [pool-2-thread-1] ERROR fr.inria.lille.repair.nopol.NoPol - Error ExecutionException java.util.concurrent.ExecutionException: java.lang.RuntimeException: failingTestCasesValidated: nothing to repair, no failing test cases
22:10:29.186 [pool-2-thread-1] DEBUG fr.inria.lille.repair.nopol.NoPol - looking with class fr.inria.lille.repair.nopol.spoon.smt.ConditionalReplacer
22:10:29.197 [pool-84-thread-1] INFO  xxl.java.junit.TestCasesListener - Tests run finished (9 ms)
<> Total tests run: 32
<> Ignored tests: 0
<> Failed tests: 0

22:10:29.198 [pool-2-thread-1] ERROR fr.inria.lille.repair.nopol.NoPol - Error ExecutionException java.util.concurrent.ExecutionException: java.lang.RuntimeException: failingTestCasesValidated: nothing to repair, no failing test cases
22:10:29.198 [pool-2-thread-1] DEBUG fr.inria.lille.repair.nopol.NoPol - statement #72
22:10:29.198 [pool-2-thread-1] DEBUG fr.inria.lille.repair.nopol.NoPol - Analysing SourceLocation org.apache.commons.math.fraction.ProperFractionFormat:196 which is executed by 3 tests
-1129122774
22:10:29.298 [pool-2-thread-1] DEBUG fr.inria.lille.repair.nopol.NoPol - statement #73
22:10:29.298 [pool-2-thread-1] DEBUG fr.inria.lille.repair.nopol.NoPol - Analysing SourceLocation org.apache.commons.math.fraction.ProperFractionFormat:193 which is executed by 3 tests
-1129122774
22:10:29.382 [pool-2-thread-1] DEBUG fr.inria.lille.repair.nopol.NoPol - looking with class fr.inria.lille.repair.nopol.spoon.smt.ConditionalAdder
22:10:29.394 [pool-86-thread-1] INFO  xxl.java.junit.TestCasesListener - Tests run finished (8 ms)
<> Total tests run: 32
<> Ignored tests: 0
<> Failed tests: 0

22:10:29.394 [pool-2-thread-1] ERROR fr.inria.lille.repair.nopol.NoPol - Error ExecutionException java.util.concurrent.ExecutionException: java.lang.RuntimeException: failingTestCasesValidated: nothing to repair, no failing test cases
22:10:29.394 [pool-2-thread-1] DEBUG fr.inria.lille.repair.nopol.NoPol - statement #74
22:10:29.394 [pool-2-thread-1] DEBUG fr.inria.lille.repair.nopol.NoPol - Analysing SourceLocation org.apache.commons.math.fraction.ProperFractionFormat:182 which is executed by 3 tests
-1129122774
22:10:29.478 [pool-2-thread-1] DEBUG fr.inria.lille.repair.nopol.NoPol - looking with class fr.inria.lille.repair.nopol.spoon.smt.ConditionalAdder
22:10:29.488 [pool-88-thread-1] INFO  xxl.java.junit.TestCasesListener - Tests run finished (7 ms)
<> Total tests run: 32
<> Ignored tests: 0
<> Failed tests: 0

22:10:29.488 [pool-2-thread-1] ERROR fr.inria.lille.repair.nopol.NoPol - Error ExecutionException java.util.concurrent.ExecutionException: java.lang.RuntimeException: failingTestCasesValidated: nothing to repair, no failing test cases
22:10:29.489 [pool-2-thread-1] DEBUG fr.inria.lille.repair.nopol.NoPol - statement #75
22:10:29.489 [pool-2-thread-1] DEBUG fr.inria.lille.repair.nopol.NoPol - Analysing SourceLocation org.apache.commons.math.fraction.ProperFractionFormat:175 which is executed by 3 tests
-1129122774
22:10:29.571 [pool-2-thread-1] DEBUG fr.inria.lille.repair.nopol.NoPol - looking with class fr.inria.lille.repair.nopol.spoon.smt.ConditionalAdder
22:10:29.582 [pool-90-thread-1] INFO  xxl.java.junit.TestCasesListener - Tests run finished (7 ms)
<> Total tests run: 32
<> Ignored tests: 0
<> Failed tests: 0

22:10:29.583 [pool-2-thread-1] ERROR fr.inria.lille.repair.nopol.NoPol - Error ExecutionException java.util.concurrent.ExecutionException: java.lang.RuntimeException: failingTestCasesValidated: nothing to repair, no failing test cases
22:10:29.583 [pool-2-thread-1] DEBUG fr.inria.lille.repair.nopol.NoPol - statement #76
22:10:29.583 [pool-2-thread-1] DEBUG fr.inria.lille.repair.nopol.NoPol - Analysing SourceLocation org.apache.commons.math.fraction.ProperFractionFormat:174 which is executed by 3 tests
-1129122774
22:10:29.666 [pool-2-thread-1] DEBUG fr.inria.lille.repair.nopol.NoPol - statement #77
22:10:29.666 [pool-2-thread-1] DEBUG fr.inria.lille.repair.nopol.NoPol - Analysing SourceLocation org.apache.commons.math.fraction.ProperFractionFormat:173 which is executed by 3 tests
-1129122774
22:10:29.749 [pool-2-thread-1] DEBUG fr.inria.lille.repair.nopol.NoPol - statement #78
22:10:29.749 [pool-2-thread-1] DEBUG fr.inria.lille.repair.nopol.NoPol - Analysing SourceLocation org.apache.commons.math.fraction.ProperFractionFormat:166 which is executed by 3 tests
-1129122774
22:10:29.832 [pool-2-thread-1] DEBUG fr.inria.lille.repair.nopol.NoPol - looking with class fr.inria.lille.repair.nopol.spoon.smt.ConditionalAdder
22:10:29.844 [pool-92-thread-1] INFO  xxl.java.junit.TestCasesListener - Tests run finished (9 ms)
<> Total tests run: 32
<> Ignored tests: 0
<> Failed tests: 0

22:10:29.844 [pool-2-thread-1] ERROR fr.inria.lille.repair.nopol.NoPol - Error ExecutionException java.util.concurrent.ExecutionException: java.lang.RuntimeException: failingTestCasesValidated: nothing to repair, no failing test cases
22:10:29.844 [pool-2-thread-1] DEBUG fr.inria.lille.repair.nopol.NoPol - looking with class fr.inria.lille.repair.nopol.spoon.smt.ConditionalReplacer
22:10:29.854 [pool-94-thread-1] INFO  xxl.java.junit.TestCasesListener - Tests run finished (7 ms)
<> Total tests run: 32
<> Ignored tests: 0
<> Failed tests: 0

22:10:29.854 [pool-2-thread-1] ERROR fr.inria.lille.repair.nopol.NoPol - Error ExecutionException java.util.concurrent.ExecutionException: java.lang.RuntimeException: failingTestCasesValidated: nothing to repair, no failing test cases
22:10:29.854 [pool-2-thread-1] DEBUG fr.inria.lille.repair.nopol.NoPol - statement #79
22:10:29.854 [pool-2-thread-1] DEBUG fr.inria.lille.repair.nopol.NoPol - Analysing SourceLocation org.apache.commons.math.util.MathUtils:350 which is executed by 1 tests
-1550426518
22:10:29.951 [pool-2-thread-1] DEBUG fr.inria.lille.repair.nopol.NoPol - statement #80
22:10:29.951 [pool-2-thread-1] DEBUG fr.inria.lille.repair.nopol.NoPol - Analysing SourceLocation org.apache.commons.math.fraction.FractionFormat:285 which is executed by 1 tests
1013737658
22:10:30.037 [pool-2-thread-1] DEBUG fr.inria.lille.repair.nopol.NoPol - statement #81
22:10:30.037 [pool-2-thread-1] DEBUG fr.inria.lille.repair.nopol.NoPol - Analysing SourceLocation org.apache.commons.math.fraction.ProperFractionFormat:158 which is executed by 4 tests
-1129122774
22:10:30.120 [pool-2-thread-1] DEBUG fr.inria.lille.repair.nopol.NoPol - looking with class fr.inria.lille.repair.nopol.spoon.smt.ConditionalAdder
22:10:30.132 [pool-96-thread-1] INFO  xxl.java.junit.TestCasesListener - Tests run finished (9 ms)
<> Total tests run: 32
<> Ignored tests: 0
<> Failed tests: 0

22:10:30.132 [pool-2-thread-1] ERROR fr.inria.lille.repair.nopol.NoPol - Error ExecutionException java.util.concurrent.ExecutionException: java.lang.RuntimeException: failingTestCasesValidated: nothing to repair, no failing test cases
22:10:30.132 [pool-2-thread-1] DEBUG fr.inria.lille.repair.nopol.NoPol - looking with class fr.inria.lille.repair.nopol.spoon.smt.ConditionalReplacer
22:10:30.142 [pool-98-thread-1] INFO  xxl.java.junit.TestCasesListener - Tests run finished (8 ms)
<> Total tests run: 32
<> Ignored tests: 0
<> Failed tests: 0

22:10:30.142 [pool-2-thread-1] ERROR fr.inria.lille.repair.nopol.NoPol - Error ExecutionException java.util.concurrent.ExecutionException: java.lang.RuntimeException: failingTestCasesValidated: nothing to repair, no failing test cases
22:10:30.143 [pool-2-thread-1] DEBUG fr.inria.lille.repair.nopol.NoPol - statement #82
22:10:30.143 [pool-2-thread-1] DEBUG fr.inria.lille.repair.nopol.NoPol - Analysing SourceLocation org.apache.commons.math.fraction.ProperFractionFormat:157 which is executed by 4 tests
-1129122774
22:10:30.226 [pool-2-thread-1] DEBUG fr.inria.lille.repair.nopol.NoPol - statement #83
22:10:30.226 [pool-2-thread-1] DEBUG fr.inria.lille.repair.nopol.NoPol - Analysing SourceLocation org.apache.commons.math.fraction.ProperFractionFormat:154 which is executed by 4 tests
-1129122774
22:10:30.310 [pool-2-thread-1] DEBUG fr.inria.lille.repair.nopol.NoPol - looking with class fr.inria.lille.repair.nopol.spoon.smt.ConditionalAdder
22:10:30.321 [pool-100-thread-1] INFO  xxl.java.junit.TestCasesListener - Tests run finished (8 ms)
<> Total tests run: 32
<> Ignored tests: 0
<> Failed tests: 0

22:10:30.321 [pool-2-thread-1] ERROR fr.inria.lille.repair.nopol.NoPol - Error ExecutionException java.util.concurrent.ExecutionException: java.lang.RuntimeException: failingTestCasesValidated: nothing to repair, no failing test cases
22:10:30.321 [pool-2-thread-1] DEBUG fr.inria.lille.repair.nopol.NoPol - statement #84
22:10:30.321 [pool-2-thread-1] DEBUG fr.inria.lille.repair.nopol.NoPol - Analysing SourceLocation org.apache.commons.math.fraction.ProperFractionFormat:145 which is executed by 5 tests
-1129122774
22:10:30.405 [pool-2-thread-1] DEBUG fr.inria.lille.repair.nopol.NoPol - looking with class fr.inria.lille.repair.nopol.spoon.smt.ConditionalAdder
22:10:30.415 [pool-102-thread-1] INFO  xxl.java.junit.TestCasesListener - Tests run finished (7 ms)
<> Total tests run: 32
<> Ignored tests: 0
<> Failed tests: 0

22:10:30.415 [pool-2-thread-1] ERROR fr.inria.lille.repair.nopol.NoPol - Error ExecutionException java.util.concurrent.ExecutionException: java.lang.RuntimeException: failingTestCasesValidated: nothing to repair, no failing test cases
22:10:30.415 [pool-2-thread-1] DEBUG fr.inria.lille.repair.nopol.NoPol - looking with class fr.inria.lille.repair.nopol.spoon.smt.ConditionalReplacer
22:10:30.425 [pool-104-thread-1] INFO  xxl.java.junit.TestCasesListener - Tests run finished (7 ms)
<> Total tests run: 32
<> Ignored tests: 0
<> Failed tests: 0

22:10:30.426 [pool-2-thread-1] ERROR fr.inria.lille.repair.nopol.NoPol - Error ExecutionException java.util.concurrent.ExecutionException: java.lang.RuntimeException: failingTestCasesValidated: nothing to repair, no failing test cases
22:10:30.426 [pool-2-thread-1] DEBUG fr.inria.lille.repair.nopol.NoPol - statement #85
22:10:30.426 [pool-2-thread-1] DEBUG fr.inria.lille.repair.nopol.NoPol - Analysing SourceLocation org.apache.commons.math.fraction.ProperFractionFormat:144 which is executed by 5 tests
-1129122774
22:10:30.509 [pool-2-thread-1] DEBUG fr.inria.lille.repair.nopol.NoPol - statement #86
22:10:30.509 [pool-2-thread-1] DEBUG fr.inria.lille.repair.nopol.NoPol - Analysing SourceLocation org.apache.commons.math.fraction.ProperFractionFormat:141 which is executed by 5 tests
-1129122774
22:10:30.594 [pool-2-thread-1] DEBUG fr.inria.lille.repair.nopol.NoPol - looking with class fr.inria.lille.repair.nopol.spoon.smt.ConditionalAdder
22:10:30.605 [pool-106-thread-1] INFO  xxl.java.junit.TestCasesListener - Tests run finished (8 ms)
<> Total tests run: 32
<> Ignored tests: 0
<> Failed tests: 0

22:10:30.605 [pool-2-thread-1] ERROR fr.inria.lille.repair.nopol.NoPol - Error ExecutionException java.util.concurrent.ExecutionException: java.lang.RuntimeException: failingTestCasesValidated: nothing to repair, no failing test cases
22:10:30.605 [pool-2-thread-1] DEBUG fr.inria.lille.repair.nopol.NoPol - statement #87
22:10:30.605 [pool-2-thread-1] DEBUG fr.inria.lille.repair.nopol.NoPol - Analysing SourceLocation org.apache.commons.math.fraction.ProperFractionFormat:138 which is executed by 5 tests
-1129122774
22:10:30.691 [pool-2-thread-1] DEBUG fr.inria.lille.repair.nopol.NoPol - statement #88
22:10:30.691 [pool-2-thread-1] DEBUG fr.inria.lille.repair.nopol.NoPol - Analysing SourceLocation org.apache.commons.math.fraction.ProperFractionFormat:134 which is executed by 5 tests
-1129122774
22:10:30.778 [pool-2-thread-1] DEBUG fr.inria.lille.repair.nopol.NoPol - looking with class fr.inria.lille.repair.nopol.spoon.smt.ConditionalAdder
22:10:30.788 [pool-108-thread-1] INFO  xxl.java.junit.TestCasesListener - Tests run finished (8 ms)
<> Total tests run: 32
<> Ignored tests: 0
<> Failed tests: 0

22:10:30.788 [pool-2-thread-1] ERROR fr.inria.lille.repair.nopol.NoPol - Error ExecutionException java.util.concurrent.ExecutionException: java.lang.RuntimeException: failingTestCasesValidated: nothing to repair, no failing test cases
22:10:30.789 [pool-2-thread-1] DEBUG fr.inria.lille.repair.nopol.NoPol - looking with class fr.inria.lille.repair.nopol.spoon.smt.ConditionalReplacer
22:10:30.799 [pool-110-thread-1] INFO  xxl.java.junit.TestCasesListener - Tests run finished (8 ms)
<> Total tests run: 32
<> Ignored tests: 0
<> Failed tests: 0

22:10:30.799 [pool-2-thread-1] ERROR fr.inria.lille.repair.nopol.NoPol - Error ExecutionException java.util.concurrent.ExecutionException: java.lang.RuntimeException: failingTestCasesValidated: nothing to repair, no failing test cases
22:10:30.799 [pool-2-thread-1] DEBUG fr.inria.lille.repair.nopol.NoPol - statement #89
22:10:30.799 [pool-2-thread-1] DEBUG fr.inria.lille.repair.nopol.NoPol - Analysing SourceLocation org.apache.commons.math.ode.nonstiff.TestProblemAbstract:143 which is executed by 86 tests
22:10:30.800 [pool-2-thread-1] DEBUG fr.inria.lille.repair.nopol.NoPol - cannot spoon SourceLocation org.apache.commons.math.ode.nonstiff.TestProblemAbstract:143
22:10:30.800 [pool-2-thread-1] DEBUG fr.inria.lille.repair.nopol.NoPol - statement #90
22:10:30.800 [pool-2-thread-1] DEBUG fr.inria.lille.repair.nopol.NoPol - Analysing SourceLocation org.apache.commons.math.ode.nonstiff.TestProblemAbstract:127 which is executed by 86 tests
22:10:30.800 [pool-2-thread-1] DEBUG fr.inria.lille.repair.nopol.NoPol - cannot spoon SourceLocation org.apache.commons.math.ode.nonstiff.TestProblemAbstract:127
22:10:30.800 [pool-2-thread-1] DEBUG fr.inria.lille.repair.nopol.NoPol - statement #91
22:10:30.800 [pool-2-thread-1] DEBUG fr.inria.lille.repair.nopol.NoPol - Analysing SourceLocation org.apache.commons.math.ode.nonstiff.TestProblemAbstract:116 which is executed by 92 tests
22:10:30.800 [pool-2-thread-1] DEBUG fr.inria.lille.repair.nopol.NoPol - cannot spoon SourceLocation org.apache.commons.math.ode.nonstiff.TestProblemAbstract:116
22:10:30.800 [pool-2-thread-1] DEBUG fr.inria.lille.repair.nopol.NoPol - statement #92
22:10:30.800 [pool-2-thread-1] DEBUG fr.inria.lille.repair.nopol.NoPol - Analysing SourceLocation org.apache.commons.math.ode.nonstiff.TestProblemAbstract:115 which is executed by 92 tests
22:10:30.800 [pool-2-thread-1] DEBUG fr.inria.lille.repair.nopol.NoPol - cannot spoon SourceLocation org.apache.commons.math.ode.nonstiff.TestProblemAbstract:115
22:10:30.800 [pool-2-thread-1] DEBUG fr.inria.lille.repair.nopol.NoPol - statement #93
22:10:30.800 [pool-2-thread-1] DEBUG fr.inria.lille.repair.nopol.NoPol - Analysing SourceLocation org.apache.commons.math.ode.nonstiff.TestProblemAbstract:108 which is executed by 92 tests
22:10:30.800 [pool-2-thread-1] DEBUG fr.inria.lille.repair.nopol.NoPol - cannot spoon SourceLocation org.apache.commons.math.ode.nonstiff.TestProblemAbstract:108
22:10:30.800 [pool-2-thread-1] DEBUG fr.inria.lille.repair.nopol.NoPol - statement #94
22:10:30.800 [pool-2-thread-1] DEBUG fr.inria.lille.repair.nopol.NoPol - Analysing SourceLocation org.apache.commons.math.ode.nonstiff.TestProblemAbstract:107 which is executed by 92 tests
22:10:30.800 [pool-2-thread-1] DEBUG fr.inria.lille.repair.nopol.NoPol - cannot spoon SourceLocation org.apache.commons.math.ode.nonstiff.TestProblemAbstract:107
22:10:30.800 [pool-2-thread-1] DEBUG fr.inria.lille.repair.nopol.NoPol - statement #95
22:10:30.800 [pool-2-thread-1] DEBUG fr.inria.lille.repair.nopol.NoPol - Analysing SourceLocation org.apache.commons.math.ode.nonstiff.TestProblemAbstract:100 which is executed by 92 tests
22:10:30.800 [pool-2-thread-1] DEBUG fr.inria.lille.repair.nopol.NoPol - cannot spoon SourceLocation org.apache.commons.math.ode.nonstiff.TestProblemAbstract:100
22:10:30.801 [pool-2-thread-1] DEBUG fr.inria.lille.repair.nopol.NoPol - statement #96
22:10:30.801 [pool-2-thread-1] DEBUG fr.inria.lille.repair.nopol.NoPol - Analysing SourceLocation org.apache.commons.math.ode.nonstiff.TestProblemAbstract:99 which is executed by 92 tests
22:10:30.801 [pool-2-thread-1] DEBUG fr.inria.lille.repair.nopol.NoPol - cannot spoon SourceLocation org.apache.commons.math.ode.nonstiff.TestProblemAbstract:99
22:10:30.801 [pool-2-thread-1] DEBUG fr.inria.lille.repair.nopol.NoPol - statement #97
22:10:30.801 [pool-2-thread-1] DEBUG fr.inria.lille.repair.nopol.NoPol - Analysing SourceLocation org.apache.commons.math.ode.nonstiff.TestProblemAbstract:98 which is executed by 92 tests
22:10:30.801 [pool-2-thread-1] DEBUG fr.inria.lille.repair.nopol.NoPol - cannot spoon SourceLocation org.apache.commons.math.ode.nonstiff.TestProblemAbstract:98
22:10:30.801 [pool-2-thread-1] DEBUG fr.inria.lille.repair.nopol.NoPol - statement #98
22:10:30.801 [pool-2-thread-1] DEBUG fr.inria.lille.repair.nopol.NoPol - Analysing SourceLocation org.apache.commons.math.ode.nonstiff.TestProblemAbstract:97 which is executed by 92 tests
22:10:30.801 [pool-2-thread-1] DEBUG fr.inria.lille.repair.nopol.NoPol - cannot spoon SourceLocation org.apache.commons.math.ode.nonstiff.TestProblemAbstract:97
22:10:30.801 [pool-2-thread-1] DEBUG fr.inria.lille.repair.nopol.NoPol - statement #99
22:10:30.801 [pool-2-thread-1] DEBUG fr.inria.lille.repair.nopol.NoPol - Analysing SourceLocation org.apache.commons.math.ode.nonstiff.TestProblemAbstract:96 which is executed by 92 tests
22:10:30.801 [pool-2-thread-1] DEBUG fr.inria.lille.repair.nopol.NoPol - cannot spoon SourceLocation org.apache.commons.math.ode.nonstiff.TestProblemAbstract:96
22:10:30.801 [pool-2-thread-1] DEBUG fr.inria.lille.repair.nopol.NoPol - statement #100
22:10:30.801 [pool-2-thread-1] DEBUG fr.inria.lille.repair.nopol.NoPol - Analysing SourceLocation org.apache.commons.math.fraction.ProperFractionFormat:116 which is executed by 6 tests
-1129122774
22:10:30.884 [pool-2-thread-1] DEBUG fr.inria.lille.repair.nopol.NoPol - statement #101
22:10:30.884 [pool-2-thread-1] DEBUG fr.inria.lille.repair.nopol.NoPol - Analysing SourceLocation org.apache.commons.math.ode.nonstiff.TestProblemFactory:46 which is executed by 7 tests
22:10:30.884 [pool-2-thread-1] DEBUG fr.inria.lille.repair.nopol.NoPol - cannot spoon SourceLocation org.apache.commons.math.ode.nonstiff.TestProblemFactory:46
22:10:30.884 [pool-2-thread-1] DEBUG fr.inria.lille.repair.nopol.NoPol - statement #102
22:10:30.884 [pool-2-thread-1] DEBUG fr.inria.lille.repair.nopol.NoPol - Analysing SourceLocation org.apache.commons.math.util.MathUtils:346 which is executed by 2 tests
-1550426518
22:10:30.985 [pool-2-thread-1] DEBUG fr.inria.lille.repair.nopol.NoPol - looking with class fr.inria.lille.repair.nopol.spoon.smt.ConditionalAdder
junit.framework.AssertionFailedError: 17!  expected:<3.55687428096E14> but was:<3.55687428096001E14>
    at junit.framework.Assert.fail(Assert.java:57)
    at junit.framework.Assert.failNotEquals(Assert.java:329)
    at junit.framework.Assert.assertEquals(Assert.java:120)
    at junit.framework.TestCase.assertEquals(TestCase.java:279)
    at org.apache.commons.math.util.MathUtilsTest.testFactorial(MathUtilsTest.java:237)
    at sun.reflect.NativeMethodAccessorImpl.invoke0(Native Method)
22:10:31.013 [pool-112-thread-1] INFO  xxl.java.junit.TestCasesListener - Tests run finished (25 ms)
<> Total tests run: 42
<> Ignored tests: 0
<> Failed tests: 1
~ testFactorial(org.apache.commons.math.util.MathUtilsTest)
[17!  expected:<3.55687428096E14> but was:<3.55687428096001E14>]
junit.framework.AssertionFailedError: 17!  expected:<3.55687428096E14> but was:<3.55687428096001E14>    at junit.framework.Assert.fail(Assert.java:57)
    at junit.framework.Assert.failNotEquals(Assert.java:329)
    at junit.framework.Assert.assertEquals(Assert.java:120)
    at junit.framework.TestCase.assertEquals(TestCase.java:279)
    at org.apache.commons.math.util.MathUtilsTest.testFactorial(MathUtilsTest.java:237)
    at sun.reflect.NativeMethodAccessorImpl.invoke0(Native Method)

junit.framework.AssertionFailedError: 17!  expected:<3.55687428096E14> but was:<3.55687428096001E14>
    at junit.framework.Assert.fail(Assert.java:57)
    at junit.framework.Assert.failNotEquals(Assert.java:329)
    at junit.framework.Assert.assertEquals(Assert.java:120)
    at junit.framework.TestCase.assertEquals(TestCase.java:279)
    at org.apache.commons.math.util.MathUtilsTest.testFactorial(MathUtilsTest.java:237)
    at sun.reflect.NativeMethodAccessorImpl.invoke0(Native Method)
22:10:31.835 [pool-113-thread-1] INFO  f.i.l.c.t.SpecificationTestCasesListener - Tests run finished (7 ms)
<> Total tests run: 1
<> Ignored tests: 0
<> Failed tests: 1
~ testFactorial(org.apache.commons.math.util.MathUtilsTest)
[17!  expected:<3.55687428096E14> but was:<3.55687428096001E14>]
junit.framework.AssertionFailedError: 17!  expected:<3.55687428096E14> but was:<3.55687428096001E14>    at junit.framework.Assert.fail(Assert.java:57)
    at junit.framework.Assert.failNotEquals(Assert.java:329)
    at junit.framework.Assert.assertEquals(Assert.java:120)
    at junit.framework.TestCase.assertEquals(TestCase.java:279)
    at org.apache.commons.math.util.MathUtilsTest.testFactorial(MathUtilsTest.java:237)
    at sun.reflect.NativeMethodAccessorImpl.invoke0(Native Method)

junit.framework.AssertionFailedError: 17!  expected:<3.55687428096E14> but was:<3.55687428096001E14>
    at junit.framework.Assert.fail(Assert.java:57)
    at junit.framework.Assert.failNotEquals(Assert.java:329)
    at junit.framework.Assert.assertEquals(Assert.java:120)
    at junit.framework.TestCase.assertEquals(TestCase.java:279)
    at org.apache.commons.math.util.MathUtilsTest.testFactorial(MathUtilsTest.java:237)
    at sun.reflect.NativeMethodAccessorImpl.invoke0(Native Method)
22:10:31.839 [pool-114-thread-1] INFO  f.i.l.c.t.SpecificationTestCasesListener - Tests run finished (3 ms)
<> Total tests run: 1
<> Ignored tests: 0
<> Failed tests: 1
~ testFactorial(org.apache.commons.math.util.MathUtilsTest)
[17!  expected:<3.55687428096E14> but was:<3.55687428096001E14>]
junit.framework.AssertionFailedError: 17!  expected:<3.55687428096E14> but was:<3.55687428096001E14>    at junit.framework.Assert.fail(Assert.java:57)
    at junit.framework.Assert.failNotEquals(Assert.java:329)
    at junit.framework.Assert.assertEquals(Assert.java:120)
    at junit.framework.TestCase.assertEquals(TestCase.java:279)
    at org.apache.commons.math.util.MathUtilsTest.testFactorial(MathUtilsTest.java:237)
    at sun.reflect.NativeMethodAccessorImpl.invoke0(Native Method)

22:10:31.840 [pool-111-thread-1] DEBUG tests.output - Failing tests with false: 
[testFactorial(org.apache.commons.math.util.MathUtilsTest): 17!  expected:<3.55687428096E14> but was:<3.55687428096001E14>]
22:10:31.840 [pool-111-thread-1] DEBUG tests.output - Failing tests with true: 
[testFactorial(org.apache.commons.math.util.MathUtilsTest): 17!  expected:<3.55687428096E14> but was:<3.55687428096001E14>]
22:10:31.840 [pool-111-thread-1] INFO  f.i.l.r.n.synth.SMTNopolSynthesizer - Not enough specifications: 0. A trivial patch is "true" or "false", please write new tests specifying SourceLocation org.apache.commons.math.util.MathUtils:346.
22:10:31.840 [pool-2-thread-1] DEBUG fr.inria.lille.repair.nopol.NoPol - looking with class fr.inria.lille.repair.nopol.spoon.smt.ConditionalReplacer
junit.framework.AssertionFailedError: 17!  expected:<3.55687428096E14> but was:<3.55687428096001E14>
    at junit.framework.Assert.fail(Assert.java:57)
    at junit.framework.Assert.failNotEquals(Assert.java:329)
    at junit.framework.Assert.assertEquals(Assert.java:120)
    at junit.framework.TestCase.assertEquals(TestCase.java:279)
    at org.apache.commons.math.util.MathUtilsTest.testFactorial(MathUtilsTest.java:237)
    at sun.reflect.NativeMethodAccessorImpl.invoke0(Native Method)
22:10:31.864 [pool-116-thread-1] INFO  xxl.java.junit.TestCasesListener - Tests run finished (21 ms)
<> Total tests run: 42
<> Ignored tests: 0
<> Failed tests: 1
~ testFactorial(org.apache.commons.math.util.MathUtilsTest)
[17!  expected:<3.55687428096E14> but was:<3.55687428096001E14>]
junit.framework.AssertionFailedError: 17!  expected:<3.55687428096E14> but was:<3.55687428096001E14>    at junit.framework.Assert.fail(Assert.java:57)
    at junit.framework.Assert.failNotEquals(Assert.java:329)
    at junit.framework.Assert.assertEquals(Assert.java:120)
    at junit.framework.TestCase.assertEquals(TestCase.java:279)
    at org.apache.commons.math.util.MathUtilsTest.testFactorial(MathUtilsTest.java:237)
    at sun.reflect.NativeMethodAccessorImpl.invoke0(Native Method)

junit.framework.AssertionFailedError: 17!  expected:<3.55687428096E14> but was:<3.55687428096001E14>
    at junit.framework.Assert.fail(Assert.java:57)
    at junit.framework.Assert.failNotEquals(Assert.java:329)
    at junit.framework.Assert.assertEquals(Assert.java:120)
    at junit.framework.TestCase.assertEquals(TestCase.java:279)
    at org.apache.commons.math.util.MathUtilsTest.testFactorial(MathUtilsTest.java:237)
    at sun.reflect.NativeMethodAccessorImpl.invoke0(Native Method)
22:10:32.144 [pool-117-thread-1] INFO  f.i.l.c.t.SpecificationTestCasesListener - Tests run finished (3 ms)
<> Total tests run: 1
<> Ignored tests: 0
<> Failed tests: 1
~ testFactorial(org.apache.commons.math.util.MathUtilsTest)
[17!  expected:<3.55687428096E14> but was:<3.55687428096001E14>]
junit.framework.AssertionFailedError: 17!  expected:<3.55687428096E14> but was:<3.55687428096001E14>    at junit.framework.Assert.fail(Assert.java:57)
    at junit.framework.Assert.failNotEquals(Assert.java:329)
    at junit.framework.Assert.assertEquals(Assert.java:120)
    at junit.framework.TestCase.assertEquals(TestCase.java:279)
    at org.apache.commons.math.util.MathUtilsTest.testFactorial(MathUtilsTest.java:237)
    at sun.reflect.NativeMethodAccessorImpl.invoke0(Native Method)

java.lang.ArithmeticException: factorial value is too large to fit in a long
    at org.apache.commons.math.util.MathUtils.factorial(MathUtils.java:162)
    at org.apache.commons.math.util.MathUtilsTest.testFactorial(MathUtilsTest.java:236)
    at sun.reflect.NativeMethodAccessorImpl.invoke0(Native Method)
    at sun.reflect.NativeMethodAccessorImpl.invoke(NativeMethodAccessorImpl.java:62)
    at sun.reflect.DelegatingMethodAccessorImpl.invoke(DelegatingMethodAccessorImpl.java:43)
    at java.lang.reflect.Method.invoke(Method.java:498)
22:10:32.146 [pool-118-thread-1] INFO  f.i.l.c.t.SpecificationTestCasesListener - Tests run finished (1 ms)
<> Total tests run: 1
<> Ignored tests: 0
<> Failed tests: 1
~ testFactorial(org.apache.commons.math.util.MathUtilsTest)
[factorial value is too large to fit in a long]
java.lang.ArithmeticException: factorial value is too large to fit in a long    at org.apache.commons.math.util.MathUtils.factorial(MathUtils.java:162)
    at org.apache.commons.math.util.MathUtilsTest.testFactorial(MathUtilsTest.java:236)
    at sun.reflect.NativeMethodAccessorImpl.invoke0(Native Method)
    at sun.reflect.NativeMethodAccessorImpl.invoke(NativeMethodAccessorImpl.java:62)
    at sun.reflect.DelegatingMethodAccessorImpl.invoke(DelegatingMethodAccessorImpl.java:43)
    at java.lang.reflect.Method.invoke(Method.java:498)

22:10:32.146 [pool-115-thread-1] DEBUG tests.output - Failing tests with false: 
[testFactorial(org.apache.commons.math.util.MathUtilsTest): 17!  expected:<3.55687428096E14> but was:<3.55687428096001E14>]
22:10:32.146 [pool-115-thread-1] DEBUG tests.output - Failing tests with true: 
[testFactorial(org.apache.commons.math.util.MathUtilsTest): factorial value is too large to fit in a long]
22:10:32.146 [pool-115-thread-1] INFO  f.i.l.r.n.synth.SMTNopolSynthesizer - Not enough specifications: 0. A trivial patch is "true" or "false", please write new tests specifying SourceLocation org.apache.commons.math.util.MathUtils:346.
22:10:32.146 [pool-2-thread-1] DEBUG fr.inria.lille.repair.nopol.NoPol - statement #103
22:10:32.146 [pool-2-thread-1] DEBUG fr.inria.lille.repair.nopol.NoPol - Analysing SourceLocation org.apache.commons.math.util.MathUtils:345 which is executed by 2 tests
-1550426518
22:10:32.244 [pool-2-thread-1] DEBUG fr.inria.lille.repair.nopol.NoPol - statement #104
22:10:32.244 [pool-2-thread-1] DEBUG fr.inria.lille.repair.nopol.NoPol - Analysing SourceLocation org.apache.commons.math.ode.nonstiff.TestProblem1:70 which is executed by 8 tests
22:10:32.244 [pool-2-thread-1] DEBUG fr.inria.lille.repair.nopol.NoPol - cannot spoon SourceLocation org.apache.commons.math.ode.nonstiff.TestProblem1:70
22:10:32.244 [pool-2-thread-1] DEBUG fr.inria.lille.repair.nopol.NoPol - statement #105
22:10:32.244 [pool-2-thread-1] DEBUG fr.inria.lille.repair.nopol.NoPol - Analysing SourceLocation org.apache.commons.math.util.MathUtils:401 which is executed by 3 tests
-1550426518
22:10:32.339 [pool-2-thread-1] DEBUG fr.inria.lille.repair.nopol.NoPol - statement #106
22:10:32.339 [pool-2-thread-1] DEBUG fr.inria.lille.repair.nopol.NoPol - Analysing SourceLocation org.apache.commons.math.util.MathUtils:399 which is executed by 3 tests
-1550426518
22:10:32.434 [pool-2-thread-1] DEBUG fr.inria.lille.repair.nopol.NoPol - looking with class fr.inria.lille.repair.nopol.spoon.smt.ConditionalAdder
junit.framework.AssertionFailedError: 17!  expected:<3.55687428096E14> but was:<3.55687428096001E14>
    at junit.framework.Assert.fail(Assert.java:57)
    at junit.framework.Assert.failNotEquals(Assert.java:329)
    at junit.framework.Assert.assertEquals(Assert.java:120)
    at junit.framework.TestCase.assertEquals(TestCase.java:279)
    at org.apache.commons.math.util.MathUtilsTest.testFactorial(MathUtilsTest.java:237)
    at sun.reflect.NativeMethodAccessorImpl.invoke0(Native Method)
22:10:32.457 [pool-120-thread-1] INFO  xxl.java.junit.TestCasesListener - Tests run finished (20 ms)
<> Total tests run: 42
<> Ignored tests: 0
<> Failed tests: 1
~ testFactorial(org.apache.commons.math.util.MathUtilsTest)
[17!  expected:<3.55687428096E14> but was:<3.55687428096001E14>]
junit.framework.AssertionFailedError: 17!  expected:<3.55687428096E14> but was:<3.55687428096001E14>    at junit.framework.Assert.fail(Assert.java:57)
    at junit.framework.Assert.failNotEquals(Assert.java:329)
    at junit.framework.Assert.assertEquals(Assert.java:120)
    at junit.framework.TestCase.assertEquals(TestCase.java:279)
    at org.apache.commons.math.util.MathUtilsTest.testFactorial(MathUtilsTest.java:237)
    at sun.reflect.NativeMethodAccessorImpl.invoke0(Native Method)

junit.framework.AssertionFailedError: 2!  expected:<2.0> but was:<1.0>
    at junit.framework.Assert.fail(Assert.java:57)
    at junit.framework.Assert.failNotEquals(Assert.java:329)
    at junit.framework.Assert.assertEquals(Assert.java:120)
    at junit.framework.TestCase.assertEquals(TestCase.java:279)
    at org.apache.commons.math.util.MathUtilsTest.testFactorial(MathUtilsTest.java:237)
    at sun.reflect.NativeMethodAccessorImpl.invoke0(Native Method)
22:10:32.657 [pool-121-thread-1] INFO  f.i.l.c.t.SpecificationTestCasesListener - Tests run finished (2 ms)
<> Total tests run: 1
<> Ignored tests: 0
<> Failed tests: 1
~ testFactorial(org.apache.commons.math.util.MathUtilsTest)
[2!  expected:<2.0> but was:<1.0>]
junit.framework.AssertionFailedError: 2!  expected:<2.0> but was:<1.0>    at junit.framework.Assert.fail(Assert.java:57)
    at junit.framework.Assert.failNotEquals(Assert.java:329)
    at junit.framework.Assert.assertEquals(Assert.java:120)
    at junit.framework.TestCase.assertEquals(TestCase.java:279)
    at org.apache.commons.math.util.MathUtilsTest.testFactorial(MathUtilsTest.java:237)
    at sun.reflect.NativeMethodAccessorImpl.invoke0(Native Method)

junit.framework.AssertionFailedError: 17!  expected:<3.55687428096E14> but was:<3.55687428096001E14>
    at junit.framework.Assert.fail(Assert.java:57)
    at junit.framework.Assert.failNotEquals(Assert.java:329)
    at junit.framework.Assert.assertEquals(Assert.java:120)
    at junit.framework.TestCase.assertEquals(TestCase.java:279)
    at org.apache.commons.math.util.MathUtilsTest.testFactorial(MathUtilsTest.java:237)
    at sun.reflect.NativeMethodAccessorImpl.invoke0(Native Method)
22:10:32.668 [pool-122-thread-1] INFO  f.i.l.c.t.SpecificationTestCasesListener - Tests run finished (10 ms)
<> Total tests run: 1
<> Ignored tests: 0
<> Failed tests: 1
~ testFactorial(org.apache.commons.math.util.MathUtilsTest)
[17!  expected:<3.55687428096E14> but was:<3.55687428096001E14>]
junit.framework.AssertionFailedError: 17!  expected:<3.55687428096E14> but was:<3.55687428096001E14>    at junit.framework.Assert.fail(Assert.java:57)
    at junit.framework.Assert.failNotEquals(Assert.java:329)
    at junit.framework.Assert.assertEquals(Assert.java:120)
    at junit.framework.TestCase.assertEquals(TestCase.java:279)
    at org.apache.commons.math.util.MathUtilsTest.testFactorial(MathUtilsTest.java:237)
    at sun.reflect.NativeMethodAccessorImpl.invoke0(Native Method)

22:10:32.669 [pool-119-thread-1] DEBUG tests.output - Failing tests with false: 
[testFactorial(org.apache.commons.math.util.MathUtilsTest): 2!  expected:<2.0> but was:<1.0>]
22:10:32.669 [pool-119-thread-1] DEBUG tests.output - Failing tests with true: 
[testFactorial(org.apache.commons.math.util.MathUtilsTest): 17!  expected:<3.55687428096E14> but was:<3.55687428096001E14>]
22:10:32.669 [pool-119-thread-1] INFO  f.i.l.r.n.synth.SMTNopolSynthesizer - Not enough specifications: 0. A trivial patch is "true" or "false", please write new tests specifying SourceLocation org.apache.commons.math.util.MathUtils:399.
22:10:32.669 [pool-2-thread-1] DEBUG fr.inria.lille.repair.nopol.NoPol - statement #107
22:10:32.669 [pool-2-thread-1] DEBUG fr.inria.lille.repair.nopol.NoPol - Analysing SourceLocation org.apache.commons.math.util.MathUtils:398 which is executed by 3 tests
-1550426518
22:10:32.764 [pool-2-thread-1] DEBUG fr.inria.lille.repair.nopol.NoPol - looking with class fr.inria.lille.repair.nopol.spoon.smt.ConditionalAdder
junit.framework.AssertionFailedError: 17!  expected:<3.55687428096E14> but was:<3.55687428096001E14>
    at junit.framework.Assert.fail(Assert.java:57)
    at junit.framework.Assert.failNotEquals(Assert.java:329)
    at junit.framework.Assert.assertEquals(Assert.java:120)
    at junit.framework.TestCase.assertEquals(TestCase.java:279)
    at org.apache.commons.math.util.MathUtilsTest.testFactorial(MathUtilsTest.java:237)
    at sun.reflect.NativeMethodAccessorImpl.invoke0(Native Method)
22:10:32.786 [pool-124-thread-1] INFO  xxl.java.junit.TestCasesListener - Tests run finished (18 ms)
<> Total tests run: 42
<> Ignored tests: 0
<> Failed tests: 1
~ testFactorial(org.apache.commons.math.util.MathUtilsTest)
[17!  expected:<3.55687428096E14> but was:<3.55687428096001E14>]
junit.framework.AssertionFailedError: 17!  expected:<3.55687428096E14> but was:<3.55687428096001E14>    at junit.framework.Assert.fail(Assert.java:57)
    at junit.framework.Assert.failNotEquals(Assert.java:329)
    at junit.framework.Assert.assertEquals(Assert.java:120)
    at junit.framework.TestCase.assertEquals(TestCase.java:279)
    at org.apache.commons.math.util.MathUtilsTest.testFactorial(MathUtilsTest.java:237)
    at sun.reflect.NativeMethodAccessorImpl.invoke0(Native Method)

junit.framework.AssertionFailedError: 2!  expected:<2.0> but was:<1.0>
    at junit.framework.Assert.fail(Assert.java:57)
    at junit.framework.Assert.failNotEquals(Assert.java:329)
    at junit.framework.Assert.assertEquals(Assert.java:120)
    at junit.framework.TestCase.assertEquals(TestCase.java:279)
    at org.apache.commons.math.util.MathUtilsTest.testFactorial(MathUtilsTest.java:237)
    at sun.reflect.NativeMethodAccessorImpl.invoke0(Native Method)
22:10:32.983 [pool-125-thread-1] INFO  f.i.l.c.t.SpecificationTestCasesListener - Tests run finished (1 ms)
<> Total tests run: 1
<> Ignored tests: 0
<> Failed tests: 1
~ testFactorial(org.apache.commons.math.util.MathUtilsTest)
[2!  expected:<2.0> but was:<1.0>]
junit.framework.AssertionFailedError: 2!  expected:<2.0> but was:<1.0>    at junit.framework.Assert.fail(Assert.java:57)
    at junit.framework.Assert.failNotEquals(Assert.java:329)
    at junit.framework.Assert.assertEquals(Assert.java:120)
    at junit.framework.TestCase.assertEquals(TestCase.java:279)
    at org.apache.commons.math.util.MathUtilsTest.testFactorial(MathUtilsTest.java:237)
    at sun.reflect.NativeMethodAccessorImpl.invoke0(Native Method)

junit.framework.AssertionFailedError: 17!  expected:<3.55687428096E14> but was:<3.55687428096001E14>
    at junit.framework.Assert.fail(Assert.java:57)
    at junit.framework.Assert.failNotEquals(Assert.java:329)
    at junit.framework.Assert.assertEquals(Assert.java:120)
    at junit.framework.TestCase.assertEquals(TestCase.java:279)
    at org.apache.commons.math.util.MathUtilsTest.testFactorial(MathUtilsTest.java:237)
    at sun.reflect.NativeMethodAccessorImpl.invoke0(Native Method)
22:10:32.985 [pool-126-thread-1] INFO  f.i.l.c.t.SpecificationTestCasesListener - Tests run finished (1 ms)
<> Total tests run: 1
<> Ignored tests: 0
<> Failed tests: 1
~ testFactorial(org.apache.commons.math.util.MathUtilsTest)
[17!  expected:<3.55687428096E14> but was:<3.55687428096001E14>]
junit.framework.AssertionFailedError: 17!  expected:<3.55687428096E14> but was:<3.55687428096001E14>    at junit.framework.Assert.fail(Assert.java:57)
    at junit.framework.Assert.failNotEquals(Assert.java:329)
    at junit.framework.Assert.assertEquals(Assert.java:120)
    at junit.framework.TestCase.assertEquals(TestCase.java:279)
    at org.apache.commons.math.util.MathUtilsTest.testFactorial(MathUtilsTest.java:237)
    at sun.reflect.NativeMethodAccessorImpl.invoke0(Native Method)

22:10:32.986 [pool-123-thread-1] DEBUG tests.output - Failing tests with false: 
[testFactorial(org.apache.commons.math.util.MathUtilsTest): 2!  expected:<2.0> but was:<1.0>]
22:10:32.986 [pool-123-thread-1] DEBUG tests.output - Failing tests with true: 
[testFactorial(org.apache.commons.math.util.MathUtilsTest): 17!  expected:<3.55687428096E14> but was:<3.55687428096001E14>]
22:10:32.986 [pool-123-thread-1] INFO  f.i.l.r.n.synth.SMTNopolSynthesizer - Not enough specifications: 0. A trivial patch is "true" or "false", please write new tests specifying SourceLocation org.apache.commons.math.util.MathUtils:398.
22:10:32.986 [pool-2-thread-1] DEBUG fr.inria.lille.repair.nopol.NoPol - statement #108
22:10:32.986 [pool-2-thread-1] DEBUG fr.inria.lille.repair.nopol.NoPol - Analysing SourceLocation org.apache.commons.math.util.MathUtils:397 which is executed by 3 tests
-1550426518
22:10:33.080 [pool-2-thread-1] DEBUG fr.inria.lille.repair.nopol.NoPol - statement #109
22:10:33.080 [pool-2-thread-1] DEBUG fr.inria.lille.repair.nopol.NoPol - Analysing SourceLocation org.apache.commons.math.util.MathUtils:394 which is executed by 3 tests
-1550426518
22:10:33.174 [pool-2-thread-1] DEBUG fr.inria.lille.repair.nopol.NoPol - looking with class fr.inria.lille.repair.nopol.spoon.smt.ConditionalAdder
junit.framework.AssertionFailedError: 17!  expected:<3.55687428096E14> but was:<3.55687428096001E14>
    at junit.framework.Assert.fail(Assert.java:57)
    at junit.framework.Assert.failNotEquals(Assert.java:329)
    at junit.framework.Assert.assertEquals(Assert.java:120)
    at junit.framework.TestCase.assertEquals(TestCase.java:279)
    at org.apache.commons.math.util.MathUtilsTest.testFactorial(MathUtilsTest.java:237)
    at sun.reflect.NativeMethodAccessorImpl.invoke0(Native Method)
22:10:33.197 [pool-128-thread-1] INFO  xxl.java.junit.TestCasesListener - Tests run finished (20 ms)
<> Total tests run: 42
<> Ignored tests: 0
<> Failed tests: 1
~ testFactorial(org.apache.commons.math.util.MathUtilsTest)
[17!  expected:<3.55687428096E14> but was:<3.55687428096001E14>]
junit.framework.AssertionFailedError: 17!  expected:<3.55687428096E14> but was:<3.55687428096001E14>    at junit.framework.Assert.fail(Assert.java:57)
    at junit.framework.Assert.failNotEquals(Assert.java:329)
    at junit.framework.Assert.assertEquals(Assert.java:120)
    at junit.framework.TestCase.assertEquals(TestCase.java:279)
    at org.apache.commons.math.util.MathUtilsTest.testFactorial(MathUtilsTest.java:237)
    at sun.reflect.NativeMethodAccessorImpl.invoke0(Native Method)

junit.framework.AssertionFailedError: 17!  expected:<3.55687428096E14> but was:<3.55687428096001E14>
    at junit.framework.Assert.fail(Assert.java:57)
    at junit.framework.Assert.failNotEquals(Assert.java:329)
    at junit.framework.Assert.assertEquals(Assert.java:120)
    at junit.framework.TestCase.assertEquals(TestCase.java:279)
    at org.apache.commons.math.util.MathUtilsTest.testFactorial(MathUtilsTest.java:237)
    at sun.reflect.NativeMethodAccessorImpl.invoke0(Native Method)
22:10:33.435 [pool-129-thread-1] INFO  f.i.l.c.t.SpecificationTestCasesListener - Tests run finished (2 ms)
<> Total tests run: 1
<> Ignored tests: 0
<> Failed tests: 1
~ testFactorial(org.apache.commons.math.util.MathUtilsTest)
[17!  expected:<3.55687428096E14> but was:<3.55687428096001E14>]
junit.framework.AssertionFailedError: 17!  expected:<3.55687428096E14> but was:<3.55687428096001E14>    at junit.framework.Assert.fail(Assert.java:57)
    at junit.framework.Assert.failNotEquals(Assert.java:329)
    at junit.framework.Assert.assertEquals(Assert.java:120)
    at junit.framework.TestCase.assertEquals(TestCase.java:279)
    at org.apache.commons.math.util.MathUtilsTest.testFactorial(MathUtilsTest.java:237)
    at sun.reflect.NativeMethodAccessorImpl.invoke0(Native Method)

junit.framework.AssertionFailedError: 17!  expected:<3.55687428096E14> but was:<3.55687428096001E14>
    at junit.framework.Assert.fail(Assert.java:57)
    at junit.framework.Assert.failNotEquals(Assert.java:329)
    at junit.framework.Assert.assertEquals(Assert.java:120)
    at junit.framework.TestCase.assertEquals(TestCase.java:279)
    at org.apache.commons.math.util.MathUtilsTest.testFactorial(MathUtilsTest.java:237)
    at sun.reflect.NativeMethodAccessorImpl.invoke0(Native Method)
22:10:33.437 [pool-130-thread-1] INFO  f.i.l.c.t.SpecificationTestCasesListener - Tests run finished (1 ms)
<> Total tests run: 1
<> Ignored tests: 0
<> Failed tests: 1
~ testFactorial(org.apache.commons.math.util.MathUtilsTest)
[17!  expected:<3.55687428096E14> but was:<3.55687428096001E14>]
junit.framework.AssertionFailedError: 17!  expected:<3.55687428096E14> but was:<3.55687428096001E14>    at junit.framework.Assert.fail(Assert.java:57)
    at junit.framework.Assert.failNotEquals(Assert.java:329)
    at junit.framework.Assert.assertEquals(Assert.java:120)
    at junit.framework.TestCase.assertEquals(TestCase.java:279)
    at org.apache.commons.math.util.MathUtilsTest.testFactorial(MathUtilsTest.java:237)
    at sun.reflect.NativeMethodAccessorImpl.invoke0(Native Method)

22:10:33.438 [pool-127-thread-1] DEBUG tests.output - Failing tests with false: 
[testFactorial(org.apache.commons.math.util.MathUtilsTest): 17!  expected:<3.55687428096E14> but was:<3.55687428096001E14>]
22:10:33.438 [pool-127-thread-1] DEBUG tests.output - Failing tests with true: 
[testFactorial(org.apache.commons.math.util.MathUtilsTest): 17!  expected:<3.55687428096E14> but was:<3.55687428096001E14>]
22:10:33.438 [pool-127-thread-1] INFO  f.i.l.r.n.synth.SMTNopolSynthesizer - Not enough specifications: 0. A trivial patch is "true" or "false", please write new tests specifying SourceLocation org.apache.commons.math.util.MathUtils:394.
22:10:33.438 [pool-2-thread-1] DEBUG fr.inria.lille.repair.nopol.NoPol - looking with class fr.inria.lille.repair.nopol.spoon.smt.ConditionalReplacer
junit.framework.AssertionFailedError: 17!  expected:<3.55687428096E14> but was:<3.55687428096001E14>
    at junit.framework.Assert.fail(Assert.java:57)
    at junit.framework.Assert.failNotEquals(Assert.java:329)
    at junit.framework.Assert.assertEquals(Assert.java:120)
    at junit.framework.TestCase.assertEquals(TestCase.java:279)
    at org.apache.commons.math.util.MathUtilsTest.testFactorial(MathUtilsTest.java:237)
    at sun.reflect.NativeMethodAccessorImpl.invoke0(Native Method)
22:10:33.459 [pool-132-thread-1] INFO  xxl.java.junit.TestCasesListener - Tests run finished (18 ms)
<> Total tests run: 42
<> Ignored tests: 0
<> Failed tests: 1
~ testFactorial(org.apache.commons.math.util.MathUtilsTest)
[17!  expected:<3.55687428096E14> but was:<3.55687428096001E14>]
junit.framework.AssertionFailedError: 17!  expected:<3.55687428096E14> but was:<3.55687428096001E14>    at junit.framework.Assert.fail(Assert.java:57)
    at junit.framework.Assert.failNotEquals(Assert.java:329)
    at junit.framework.Assert.assertEquals(Assert.java:120)
    at junit.framework.TestCase.assertEquals(TestCase.java:279)
    at org.apache.commons.math.util.MathUtilsTest.testFactorial(MathUtilsTest.java:237)
    at sun.reflect.NativeMethodAccessorImpl.invoke0(Native Method)

junit.framework.AssertionFailedError: 17!  expected:<3.55687428096E14> but was:<3.55687428096001E14>
    at junit.framework.Assert.fail(Assert.java:57)
    at junit.framework.Assert.failNotEquals(Assert.java:329)
    at junit.framework.Assert.assertEquals(Assert.java:120)
    at junit.framework.TestCase.assertEquals(TestCase.java:279)
    at org.apache.commons.math.util.MathUtilsTest.testFactorial(MathUtilsTest.java:237)
    at sun.reflect.NativeMethodAccessorImpl.invoke0(Native Method)
22:10:33.664 [pool-133-thread-1] INFO  f.i.l.c.t.SpecificationTestCasesListener - Tests run finished (2 ms)
<> Total tests run: 1
<> Ignored tests: 0
<> Failed tests: 1
~ testFactorial(org.apache.commons.math.util.MathUtilsTest)
[17!  expected:<3.55687428096E14> but was:<3.55687428096001E14>]
junit.framework.AssertionFailedError: 17!  expected:<3.55687428096E14> but was:<3.55687428096001E14>    at junit.framework.Assert.fail(Assert.java:57)
    at junit.framework.Assert.failNotEquals(Assert.java:329)
    at junit.framework.Assert.assertEquals(Assert.java:120)
    at junit.framework.TestCase.assertEquals(TestCase.java:279)
    at org.apache.commons.math.util.MathUtilsTest.testFactorial(MathUtilsTest.java:237)
    at sun.reflect.NativeMethodAccessorImpl.invoke0(Native Method)

java.lang.IllegalArgumentException: must have n > 0 for n!
    at org.apache.commons.math.util.MathUtils.factorialLog(MathUtils.java:176)
    at org.apache.commons.math.util.MathUtils.factorialDouble(MathUtils.java:147)
    at org.apache.commons.math.util.MathUtils.factorial(MathUtils.java:136)
    at org.apache.commons.math.util.MathUtilsTest.testFactorial(MathUtilsTest.java:236)
    at sun.reflect.NativeMethodAccessorImpl.invoke0(Native Method)
    at sun.reflect.NativeMethodAccessorImpl.invoke(NativeMethodAccessorImpl.java:62)
22:10:33.666 [pool-134-thread-1] INFO  f.i.l.c.t.SpecificationTestCasesListener - Tests run finished (1 ms)
<> Total tests run: 1
<> Ignored tests: 0
<> Failed tests: 1
~ testFactorial(org.apache.commons.math.util.MathUtilsTest)
[must have n > 0 for n!]
java.lang.IllegalArgumentException: must have n > 0 for n!    at org.apache.commons.math.util.MathUtils.factorialLog(MathUtils.java:176)
    at org.apache.commons.math.util.MathUtils.factorialDouble(MathUtils.java:147)
    at org.apache.commons.math.util.MathUtils.factorial(MathUtils.java:136)
    at org.apache.commons.math.util.MathUtilsTest.testFactorial(MathUtilsTest.java:236)
    at sun.reflect.NativeMethodAccessorImpl.invoke0(Native Method)
    at sun.reflect.NativeMethodAccessorImpl.invoke(NativeMethodAccessorImpl.java:62)

22:10:33.666 [pool-131-thread-1] DEBUG tests.output - Failing tests with false: 
[testFactorial(org.apache.commons.math.util.MathUtilsTest): 17!  expected:<3.55687428096E14> but was:<3.55687428096001E14>]
22:10:33.666 [pool-131-thread-1] DEBUG tests.output - Failing tests with true: 
[testFactorial(org.apache.commons.math.util.MathUtilsTest): must have n > 0 for n!]
22:10:33.666 [pool-131-thread-1] INFO  f.i.l.r.n.synth.SMTNopolSynthesizer - Not enough specifications: 0. A trivial patch is "true" or "false", please write new tests specifying SourceLocation org.apache.commons.math.util.MathUtils:394.
22:10:33.666 [pool-2-thread-1] DEBUG fr.inria.lille.repair.nopol.NoPol - statement #110
22:10:33.666 [pool-2-thread-1] DEBUG fr.inria.lille.repair.nopol.NoPol - Analysing SourceLocation org.apache.commons.math.util.MathUtils:377 which is executed by 3 tests
-1550426518
22:10:33.778 [pool-2-thread-1] DEBUG fr.inria.lille.repair.nopol.NoPol - statement #111
22:10:33.778 [pool-2-thread-1] DEBUG fr.inria.lille.repair.nopol.NoPol - Analysing SourceLocation org.apache.commons.math.util.MathUtils:374 which is executed by 3 tests
-1550426518
22:10:33.890 [pool-2-thread-1] DEBUG fr.inria.lille.repair.nopol.NoPol - looking with class fr.inria.lille.repair.nopol.spoon.smt.ConditionalAdder
junit.framework.AssertionFailedError: 17!  expected:<3.55687428096E14> but was:<3.55687428096001E14>
    at junit.framework.Assert.fail(Assert.java:57)
    at junit.framework.Assert.failNotEquals(Assert.java:329)
    at junit.framework.Assert.assertEquals(Assert.java:120)
    at junit.framework.TestCase.assertEquals(TestCase.java:279)
    at org.apache.commons.math.util.MathUtilsTest.testFactorial(MathUtilsTest.java:237)
    at sun.reflect.NativeMethodAccessorImpl.invoke0(Native Method)
22:10:33.913 [pool-136-thread-1] INFO  xxl.java.junit.TestCasesListener - Tests run finished (19 ms)
<> Total tests run: 42
<> Ignored tests: 0
<> Failed tests: 1
~ testFactorial(org.apache.commons.math.util.MathUtilsTest)
[17!  expected:<3.55687428096E14> but was:<3.55687428096001E14>]
junit.framework.AssertionFailedError: 17!  expected:<3.55687428096E14> but was:<3.55687428096001E14>    at junit.framework.Assert.fail(Assert.java:57)
    at junit.framework.Assert.failNotEquals(Assert.java:329)
    at junit.framework.Assert.assertEquals(Assert.java:120)
    at junit.framework.TestCase.assertEquals(TestCase.java:279)
    at org.apache.commons.math.util.MathUtilsTest.testFactorial(MathUtilsTest.java:237)
    at sun.reflect.NativeMethodAccessorImpl.invoke0(Native Method)

junit.framework.AssertionFailedError: 17!  expected:<3.55687428096E14> but was:<3.55687428096001E14>
    at junit.framework.Assert.fail(Assert.java:57)
    at junit.framework.Assert.failNotEquals(Assert.java:329)
    at junit.framework.Assert.assertEquals(Assert.java:120)
    at junit.framework.TestCase.assertEquals(TestCase.java:279)
    at org.apache.commons.math.util.MathUtilsTest.testFactorial(MathUtilsTest.java:237)
    at sun.reflect.NativeMethodAccessorImpl.invoke0(Native Method)
22:10:34.107 [pool-137-thread-1] INFO  f.i.l.c.t.SpecificationTestCasesListener - Tests run finished (2 ms)
<> Total tests run: 1
<> Ignored tests: 0
<> Failed tests: 1
~ testFactorial(org.apache.commons.math.util.MathUtilsTest)
[17!  expected:<3.55687428096E14> but was:<3.55687428096001E14>]
junit.framework.AssertionFailedError: 17!  expected:<3.55687428096E14> but was:<3.55687428096001E14>    at junit.framework.Assert.fail(Assert.java:57)
    at junit.framework.Assert.failNotEquals(Assert.java:329)
    at junit.framework.Assert.assertEquals(Assert.java:120)
    at junit.framework.TestCase.assertEquals(TestCase.java:279)
    at org.apache.commons.math.util.MathUtilsTest.testFactorial(MathUtilsTest.java:237)
    at sun.reflect.NativeMethodAccessorImpl.invoke0(Native Method)

junit.framework.AssertionFailedError: 17!  expected:<3.55687428096E14> but was:<3.55687428096001E14>
    at junit.framework.Assert.fail(Assert.java:57)
    at junit.framework.Assert.failNotEquals(Assert.java:329)
    at junit.framework.Assert.assertEquals(Assert.java:120)
    at junit.framework.TestCase.assertEquals(TestCase.java:279)
    at org.apache.commons.math.util.MathUtilsTest.testFactorial(MathUtilsTest.java:237)
    at sun.reflect.NativeMethodAccessorImpl.invoke0(Native Method)
22:10:34.108 [pool-138-thread-1] INFO  f.i.l.c.t.SpecificationTestCasesListener - Tests run finished (0 ms)
<> Total tests run: 1
<> Ignored tests: 0
<> Failed tests: 1
~ testFactorial(org.apache.commons.math.util.MathUtilsTest)
[17!  expected:<3.55687428096E14> but was:<3.55687428096001E14>]
junit.framework.AssertionFailedError: 17!  expected:<3.55687428096E14> but was:<3.55687428096001E14>    at junit.framework.Assert.fail(Assert.java:57)
    at junit.framework.Assert.failNotEquals(Assert.java:329)
    at junit.framework.Assert.assertEquals(Assert.java:120)
    at junit.framework.TestCase.assertEquals(TestCase.java:279)
    at org.apache.commons.math.util.MathUtilsTest.testFactorial(MathUtilsTest.java:237)
    at sun.reflect.NativeMethodAccessorImpl.invoke0(Native Method)

22:10:34.109 [pool-135-thread-1] DEBUG tests.output - Failing tests with false: 
[testFactorial(org.apache.commons.math.util.MathUtilsTest): 17!  expected:<3.55687428096E14> but was:<3.55687428096001E14>]
22:10:34.109 [pool-135-thread-1] DEBUG tests.output - Failing tests with true: 
[testFactorial(org.apache.commons.math.util.MathUtilsTest): 17!  expected:<3.55687428096E14> but was:<3.55687428096001E14>]
22:10:34.109 [pool-135-thread-1] INFO  f.i.l.r.n.synth.SMTNopolSynthesizer - Not enough specifications: 0. A trivial patch is "true" or "false", please write new tests specifying SourceLocation org.apache.commons.math.util.MathUtils:374.
22:10:34.109 [pool-2-thread-1] DEBUG fr.inria.lille.repair.nopol.NoPol - looking with class fr.inria.lille.repair.nopol.spoon.smt.ConditionalReplacer
junit.framework.AssertionFailedError: 17!  expected:<3.55687428096E14> but was:<3.55687428096001E14>
    at junit.framework.Assert.fail(Assert.java:57)
    at junit.framework.Assert.failNotEquals(Assert.java:329)
    at junit.framework.Assert.assertEquals(Assert.java:120)
    at junit.framework.TestCase.assertEquals(TestCase.java:279)
    at org.apache.commons.math.util.MathUtilsTest.testFactorial(MathUtilsTest.java:237)
    at sun.reflect.NativeMethodAccessorImpl.invoke0(Native Method)
22:10:34.130 [pool-140-thread-1] INFO  xxl.java.junit.TestCasesListener - Tests run finished (18 ms)
<> Total tests run: 42
<> Ignored tests: 0
<> Failed tests: 1
~ testFactorial(org.apache.commons.math.util.MathUtilsTest)
[17!  expected:<3.55687428096E14> but was:<3.55687428096001E14>]
junit.framework.AssertionFailedError: 17!  expected:<3.55687428096E14> but was:<3.55687428096001E14>    at junit.framework.Assert.fail(Assert.java:57)
    at junit.framework.Assert.failNotEquals(Assert.java:329)
    at junit.framework.Assert.assertEquals(Assert.java:120)
    at junit.framework.TestCase.assertEquals(TestCase.java:279)
    at org.apache.commons.math.util.MathUtilsTest.testFactorial(MathUtilsTest.java:237)
    at sun.reflect.NativeMethodAccessorImpl.invoke0(Native Method)

junit.framework.AssertionFailedError: 17!  expected:<3.55687428096E14> but was:<3.55687428096001E14>
    at junit.framework.Assert.fail(Assert.java:57)
    at junit.framework.Assert.failNotEquals(Assert.java:329)
    at junit.framework.Assert.assertEquals(Assert.java:120)
    at junit.framework.TestCase.assertEquals(TestCase.java:279)
    at org.apache.commons.math.util.MathUtilsTest.testFactorial(MathUtilsTest.java:237)
    at sun.reflect.NativeMethodAccessorImpl.invoke0(Native Method)
22:10:34.310 [pool-141-thread-1] INFO  f.i.l.c.t.SpecificationTestCasesListener - Tests run finished (2 ms)
<> Total tests run: 1
<> Ignored tests: 0
<> Failed tests: 1
~ testFactorial(org.apache.commons.math.util.MathUtilsTest)
[17!  expected:<3.55687428096E14> but was:<3.55687428096001E14>]
junit.framework.AssertionFailedError: 17!  expected:<3.55687428096E14> but was:<3.55687428096001E14>    at junit.framework.Assert.fail(Assert.java:57)
    at junit.framework.Assert.failNotEquals(Assert.java:329)
    at junit.framework.Assert.assertEquals(Assert.java:120)
    at junit.framework.TestCase.assertEquals(TestCase.java:279)
    at org.apache.commons.math.util.MathUtilsTest.testFactorial(MathUtilsTest.java:237)
    at sun.reflect.NativeMethodAccessorImpl.invoke0(Native Method)

java.lang.IllegalArgumentException: must have n >= 0 for n!
    at org.apache.commons.math.util.MathUtils.factorialDouble(MathUtils.java:169)
    at org.apache.commons.math.util.MathUtils.factorial(MathUtils.java:136)
    at org.apache.commons.math.util.MathUtilsTest.testFactorial(MathUtilsTest.java:236)
    at sun.reflect.NativeMethodAccessorImpl.invoke0(Native Method)
    at sun.reflect.NativeMethodAccessorImpl.invoke(NativeMethodAccessorImpl.java:62)
    at sun.reflect.DelegatingMethodAccessorImpl.invoke(DelegatingMethodAccessorImpl.java:43)
22:10:34.311 [pool-142-thread-1] INFO  f.i.l.c.t.SpecificationTestCasesListener - Tests run finished (0 ms)
<> Total tests run: 1
<> Ignored tests: 0
<> Failed tests: 1
~ testFactorial(org.apache.commons.math.util.MathUtilsTest)
[must have n >= 0 for n!]
java.lang.IllegalArgumentException: must have n >= 0 for n!    at org.apache.commons.math.util.MathUtils.factorialDouble(MathUtils.java:169)
    at org.apache.commons.math.util.MathUtils.factorial(MathUtils.java:136)
    at org.apache.commons.math.util.MathUtilsTest.testFactorial(MathUtilsTest.java:236)
    at sun.reflect.NativeMethodAccessorImpl.invoke0(Native Method)
    at sun.reflect.NativeMethodAccessorImpl.invoke(NativeMethodAccessorImpl.java:62)
    at sun.reflect.DelegatingMethodAccessorImpl.invoke(DelegatingMethodAccessorImpl.java:43)

22:10:34.311 [pool-139-thread-1] DEBUG tests.output - Failing tests with false: 
[testFactorial(org.apache.commons.math.util.MathUtilsTest): 17!  expected:<3.55687428096E14> but was:<3.55687428096001E14>]
22:10:34.312 [pool-139-thread-1] DEBUG tests.output - Failing tests with true: 
[testFactorial(org.apache.commons.math.util.MathUtilsTest): must have n >= 0 for n!]
22:10:34.312 [pool-139-thread-1] INFO  f.i.l.r.n.synth.SMTNopolSynthesizer - Not enough specifications: 0. A trivial patch is "true" or "false", please write new tests specifying SourceLocation org.apache.commons.math.util.MathUtils:374.
22:10:34.312 [pool-2-thread-1] DEBUG fr.inria.lille.repair.nopol.NoPol - statement #112
22:10:34.312 [pool-2-thread-1] DEBUG fr.inria.lille.repair.nopol.NoPol - Analysing SourceLocation org.apache.commons.math.linear.MatrixUtils:61 which is executed by 69 tests
1308483921
22:10:34.417 [pool-2-thread-1] DEBUG fr.inria.lille.repair.nopol.NoPol - statement #113
22:10:34.418 [pool-2-thread-1] DEBUG fr.inria.lille.repair.nopol.NoPol - Analysing SourceLocation org.apache.commons.math.linear.DenseRealMatrix:246 which is executed by 107 tests
-1626805409
22:10:34.537 [pool-2-thread-1] DEBUG fr.inria.lille.repair.nopol.NoPol - statement #114
22:10:34.538 [pool-2-thread-1] DEBUG fr.inria.lille.repair.nopol.NoPol - Analysing SourceLocation org.apache.commons.math.linear.DenseRealMatrix:240 which is executed by 107 tests
-1626805409
22:10:34.654 [pool-2-thread-1] DEBUG fr.inria.lille.repair.nopol.NoPol - looking with class fr.inria.lille.repair.nopol.spoon.smt.ConditionalAdder
22:10:34.682 [pool-144-thread-1] INFO  xxl.java.junit.TestCasesListener - Tests run finished (23 ms)
<> Total tests run: 31
<> Ignored tests: 0
<> Failed tests: 0

22:10:34.682 [pool-2-thread-1] ERROR fr.inria.lille.repair.nopol.NoPol - Error ExecutionException java.util.concurrent.ExecutionException: java.lang.RuntimeException: failingTestCasesValidated: nothing to repair, no failing test cases
22:10:34.683 [pool-2-thread-1] DEBUG fr.inria.lille.repair.nopol.NoPol - statement #115
22:10:34.683 [pool-2-thread-1] DEBUG fr.inria.lille.repair.nopol.NoPol - Analysing SourceLocation org.apache.commons.math.linear.DenseRealMatrix:239 which is executed by 107 tests
-1626805409
22:10:34.798 [pool-2-thread-1] DEBUG fr.inria.lille.repair.nopol.NoPol - looking with class fr.inria.lille.repair.nopol.spoon.smt.ConditionalAdder
22:10:34.824 [pool-146-thread-1] INFO  xxl.java.junit.TestCasesListener - Tests run finished (21 ms)
<> Total tests run: 31
<> Ignored tests: 0
<> Failed tests: 0

22:10:34.824 [pool-2-thread-1] ERROR fr.inria.lille.repair.nopol.NoPol - Error ExecutionException java.util.concurrent.ExecutionException: java.lang.RuntimeException: failingTestCasesValidated: nothing to repair, no failing test cases
22:10:34.824 [pool-2-thread-1] DEBUG fr.inria.lille.repair.nopol.NoPol - statement #116
22:10:34.824 [pool-2-thread-1] DEBUG fr.inria.lille.repair.nopol.NoPol - Analysing SourceLocation org.apache.commons.math.linear.DenseRealMatrix:236 which is executed by 107 tests
-1626805409
22:10:34.939 [pool-2-thread-1] DEBUG fr.inria.lille.repair.nopol.NoPol - looking with class fr.inria.lille.repair.nopol.spoon.smt.ConditionalAdder
22:10:34.965 [pool-148-thread-1] INFO  xxl.java.junit.TestCasesListener - Tests run finished (21 ms)
<> Total tests run: 31
<> Ignored tests: 0
<> Failed tests: 0

22:10:34.965 [pool-2-thread-1] ERROR fr.inria.lille.repair.nopol.NoPol - Error ExecutionException java.util.concurrent.ExecutionException: java.lang.RuntimeException: failingTestCasesValidated: nothing to repair, no failing test cases
22:10:34.965 [pool-2-thread-1] DEBUG fr.inria.lille.repair.nopol.NoPol - statement #117
22:10:34.965 [pool-2-thread-1] DEBUG fr.inria.lille.repair.nopol.NoPol - Analysing SourceLocation org.apache.commons.math.linear.DenseRealMatrix:235 which is executed by 107 tests
-1626805409
22:10:35.079 [pool-2-thread-1] DEBUG fr.inria.lille.repair.nopol.NoPol - statement #118
22:10:35.079 [pool-2-thread-1] DEBUG fr.inria.lille.repair.nopol.NoPol - Analysing SourceLocation org.apache.commons.math.linear.DenseRealMatrix:232 which is executed by 107 tests
-1626805409
22:10:35.194 [pool-2-thread-1] DEBUG fr.inria.lille.repair.nopol.NoPol - statement #119
22:10:35.194 [pool-2-thread-1] DEBUG fr.inria.lille.repair.nopol.NoPol - Analysing SourceLocation org.apache.commons.math.linear.DenseRealMatrix:231 which is executed by 107 tests
-1626805409
22:10:35.308 [pool-2-thread-1] DEBUG fr.inria.lille.repair.nopol.NoPol - statement #120
22:10:35.308 [pool-2-thread-1] DEBUG fr.inria.lille.repair.nopol.NoPol - Analysing SourceLocation org.apache.commons.math.linear.DenseRealMatrix:230 which is executed by 107 tests
-1626805409
22:10:35.424 [pool-2-thread-1] DEBUG fr.inria.lille.repair.nopol.NoPol - statement #121
22:10:35.425 [pool-2-thread-1] DEBUG fr.inria.lille.repair.nopol.NoPol - Analysing SourceLocation org.apache.commons.math.linear.DenseRealMatrix:229 which is executed by 107 tests
-1626805409
22:10:35.540 [pool-2-thread-1] DEBUG fr.inria.lille.repair.nopol.NoPol - looking with class fr.inria.lille.repair.nopol.spoon.smt.ConditionalAdder
22:10:35.566 [pool-150-thread-1] INFO  xxl.java.junit.TestCasesListener - Tests run finished (21 ms)
<> Total tests run: 31
<> Ignored tests: 0
<> Failed tests: 0

22:10:35.566 [pool-2-thread-1] ERROR fr.inria.lille.repair.nopol.NoPol - Error ExecutionException java.util.concurrent.ExecutionException: java.lang.RuntimeException: failingTestCasesValidated: nothing to repair, no failing test cases
22:10:35.566 [pool-2-thread-1] DEBUG fr.inria.lille.repair.nopol.NoPol - statement #122
22:10:35.566 [pool-2-thread-1] DEBUG fr.inria.lille.repair.nopol.NoPol - Analysing SourceLocation org.apache.commons.math.linear.DenseRealMatrix:228 which is executed by 107 tests
-1626805409
22:10:35.682 [pool-2-thread-1] DEBUG fr.inria.lille.repair.nopol.NoPol - statement #123
22:10:35.682 [pool-2-thread-1] DEBUG fr.inria.lille.repair.nopol.NoPol - Analysing SourceLocation org.apache.commons.math.linear.DenseRealMatrix:227 which is executed by 107 tests
-1626805409
22:10:35.797 [pool-2-thread-1] DEBUG fr.inria.lille.repair.nopol.NoPol - statement #124
22:10:35.797 [pool-2-thread-1] DEBUG fr.inria.lille.repair.nopol.NoPol - Analysing SourceLocation org.apache.commons.math.linear.DenseRealMatrix:226 which is executed by 107 tests
-1626805409
22:10:35.911 [pool-2-thread-1] DEBUG fr.inria.lille.repair.nopol.NoPol - statement #125
22:10:35.911 [pool-2-thread-1] DEBUG fr.inria.lille.repair.nopol.NoPol - Analysing SourceLocation org.apache.commons.math.linear.DenseRealMatrix:225 which is executed by 107 tests
-1626805409
22:10:36.026 [pool-2-thread-1] DEBUG fr.inria.lille.repair.nopol.NoPol - looking with class fr.inria.lille.repair.nopol.spoon.smt.ConditionalAdder
22:10:36.052 [pool-152-thread-1] INFO  xxl.java.junit.TestCasesListener - Tests run finished (21 ms)
<> Total tests run: 31
<> Ignored tests: 0
<> Failed tests: 0

22:10:36.052 [pool-2-thread-1] ERROR fr.inria.lille.repair.nopol.NoPol - Error ExecutionException java.util.concurrent.ExecutionException: java.lang.RuntimeException: failingTestCasesValidated: nothing to repair, no failing test cases
22:10:36.052 [pool-2-thread-1] DEBUG fr.inria.lille.repair.nopol.NoPol - statement #126
22:10:36.052 [pool-2-thread-1] DEBUG fr.inria.lille.repair.nopol.NoPol - Analysing SourceLocation org.apache.commons.math.linear.DenseRealMatrix:224 which is executed by 107 tests
-1626805409
22:10:36.170 [pool-2-thread-1] DEBUG fr.inria.lille.repair.nopol.NoPol - statement #127
22:10:36.170 [pool-2-thread-1] DEBUG fr.inria.lille.repair.nopol.NoPol - Analysing SourceLocation org.apache.commons.math.linear.DenseRealMatrix:216 which is executed by 107 tests
-1626805409
22:10:36.282 [pool-2-thread-1] DEBUG fr.inria.lille.repair.nopol.NoPol - looking with class fr.inria.lille.repair.nopol.spoon.smt.ConditionalAdder
22:10:36.308 [pool-154-thread-1] INFO  xxl.java.junit.TestCasesListener - Tests run finished (21 ms)
<> Total tests run: 31
<> Ignored tests: 0
<> Failed tests: 0

22:10:36.308 [pool-2-thread-1] ERROR fr.inria.lille.repair.nopol.NoPol - Error ExecutionException java.util.concurrent.ExecutionException: java.lang.RuntimeException: failingTestCasesValidated: nothing to repair, no failing test cases
22:10:36.308 [pool-2-thread-1] DEBUG fr.inria.lille.repair.nopol.NoPol - looking with class fr.inria.lille.repair.nopol.spoon.smt.ConditionalReplacer
22:10:36.332 [pool-156-thread-1] INFO  xxl.java.junit.TestCasesListener - Tests run finished (20 ms)
<> Total tests run: 31
<> Ignored tests: 0
<> Failed tests: 0

22:10:36.333 [pool-2-thread-1] ERROR fr.inria.lille.repair.nopol.NoPol - Error ExecutionException java.util.concurrent.ExecutionException: java.lang.RuntimeException: failingTestCasesValidated: nothing to repair, no failing test cases
22:10:36.333 [pool-2-thread-1] DEBUG fr.inria.lille.repair.nopol.NoPol - statement #128
22:10:36.333 [pool-2-thread-1] DEBUG fr.inria.lille.repair.nopol.NoPol - Analysing SourceLocation org.apache.commons.math.linear.DenseRealMatrix:215 which is executed by 107 tests
-1626805409
22:10:36.448 [pool-2-thread-1] DEBUG fr.inria.lille.repair.nopol.NoPol - statement #129
22:10:36.449 [pool-2-thread-1] DEBUG fr.inria.lille.repair.nopol.NoPol - Analysing SourceLocation org.apache.commons.math.linear.DenseRealMatrix:214 which is executed by 107 tests
-1626805409
22:10:36.579 [pool-2-thread-1] DEBUG fr.inria.lille.repair.nopol.NoPol - looking with class fr.inria.lille.repair.nopol.spoon.smt.ConditionalAdder
22:10:36.605 [pool-158-thread-1] INFO  xxl.java.junit.TestCasesListener - Tests run finished (21 ms)
<> Total tests run: 31
<> Ignored tests: 0
<> Failed tests: 0

22:10:36.605 [pool-2-thread-1] ERROR fr.inria.lille.repair.nopol.NoPol - Error ExecutionException java.util.concurrent.ExecutionException: java.lang.RuntimeException: failingTestCasesValidated: nothing to repair, no failing test cases
22:10:36.605 [pool-2-thread-1] DEBUG fr.inria.lille.repair.nopol.NoPol - statement #130
22:10:36.605 [pool-2-thread-1] DEBUG fr.inria.lille.repair.nopol.NoPol - Analysing SourceLocation org.apache.commons.math.linear.DenseRealMatrix:211 which is executed by 107 tests
-1626805409
22:10:36.718 [pool-2-thread-1] DEBUG fr.inria.lille.repair.nopol.NoPol - statement #131
22:10:36.718 [pool-2-thread-1] DEBUG fr.inria.lille.repair.nopol.NoPol - Analysing SourceLocation org.apache.commons.math.linear.DenseRealMatrix:210 which is executed by 107 tests
-1626805409
22:10:36.829 [pool-2-thread-1] DEBUG fr.inria.lille.repair.nopol.NoPol - statement #132
22:10:36.830 [pool-2-thread-1] DEBUG fr.inria.lille.repair.nopol.NoPol - Analysing SourceLocation org.apache.commons.math.linear.DenseRealMatrix:209 which is executed by 107 tests
-1626805409
22:10:36.942 [pool-2-thread-1] DEBUG fr.inria.lille.repair.nopol.NoPol - statement #133
22:10:36.942 [pool-2-thread-1] DEBUG fr.inria.lille.repair.nopol.NoPol - Analysing SourceLocation org.apache.commons.math.linear.DenseRealMatrix:208 which is executed by 107 tests
-1626805409
22:10:37.054 [pool-2-thread-1] DEBUG fr.inria.lille.repair.nopol.NoPol - statement #134
22:10:37.054 [pool-2-thread-1] DEBUG fr.inria.lille.repair.nopol.NoPol - Analysing SourceLocation org.apache.commons.math.linear.DenseRealMatrix:1609 which is executed by 124 tests
-1626805409
22:10:37.176 [pool-2-thread-1] DEBUG fr.inria.lille.repair.nopol.NoPol - statement #135
22:10:37.177 [pool-2-thread-1] DEBUG fr.inria.lille.repair.nopol.NoPol - Analysing SourceLocation org.apache.commons.math.linear.DenseRealMatrix:1618 which is executed by 161 tests
-1626805409
22:10:37.299 [pool-2-thread-1] DEBUG fr.inria.lille.repair.nopol.NoPol - statement #136
22:10:37.299 [pool-2-thread-1] DEBUG fr.inria.lille.repair.nopol.NoPol - Analysing SourceLocation org.apache.commons.math.linear.DenseRealMatrix:1312 which is executed by 145 tests
-1626805409
22:10:37.417 [pool-2-thread-1] DEBUG fr.inria.lille.repair.nopol.NoPol - statement #137
22:10:37.418 [pool-2-thread-1] DEBUG fr.inria.lille.repair.nopol.NoPol - Analysing SourceLocation org.apache.commons.math.linear.DenseRealMatrix:1307 which is executed by 147 tests
-1626805409
22:10:37.544 [pool-2-thread-1] INFO  fr.inria.lille.repair.nopol.NoPol - ----INFORMATION----
22:10:37.655 [pool-2-thread-1] INFO  fr.inria.lille.repair.nopol.NoPol - Nb classes : 277
22:10:37.655 [pool-2-thread-1] INFO  fr.inria.lille.repair.nopol.NoPol - Nb methods : 1951
22:10:37.655 [pool-2-thread-1] INFO  fr.inria.lille.repair.nopol.NoPol - Nb Statements Analyzed : 8
22:10:37.655 [pool-2-thread-1] INFO  fr.inria.lille.repair.nopol.NoPol - Nb Statements with Angelic Value Found : 0
22:10:37.655 [pool-2-thread-1] INFO  fr.inria.lille.repair.nopol.NoPol - Nb inputs in SMT : 0
22:10:37.658 [pool-2-thread-1] INFO  fr.inria.lille.repair.nopol.NoPol - Nb SMT level: 0
22:10:37.658 [pool-2-thread-1] INFO  fr.inria.lille.repair.nopol.NoPol - Nb variables in SMT : 0
22:10:37.658 [pool-2-thread-1] INFO  fr.inria.lille.repair.nopol.NoPol - NoPol Execution time : 69853ms
22:10:37.658 [pool-2-thread-1] INFO  fr.inria.lille.repair.nopol.NoPol - 
NO_ANGELIC_VALUE
Command exited with non-zero status 255
216.30user 5.97system 1:11.62elapsed 310%CPU (0avgtext+0avgdata 1115740maxresident)k
51264inputs+5784outputs (3major+416125minor)pagefaults 0swaps


Node: petitprince-14.luxembourg.grid5000.fr



Date: Wed Nov 28 22:10:38 EST 2018

