cd /tmp/Nopol_Defects4J_Lang_53;
export JAVA_TOOL_OPTIONS=-Dfile.encoding=UTF8;
TZ="America/New_York"; export TZ;
export PATH="/usr/lib/jvm/java-1.8.0-openjdk-amd64/bin/:$PATH";
export JAVA_HOME="/usr/lib/jvm/java-1.8.0-openjdk-amd64/bin/";
time java -Xmx4048m -cp /home/tdurieux/defects4j4repair/script/../repair_tools/nopol.jar:/usr/lib/jvm/java-1.8.0-openjdk-amd64/bin//../lib/tools.jar fr.inria.lille.repair.Main \
	--mode repair \
	--type pre_then_cond \
	--oracle angelic \
	--synthesis smt \
	--flocal gzoltar \
	--json \
	--solver z3 \
	--solver-path /home/tdurieux/defects4j4repair/script/../libs/z3/build/z3 \
	--complianceLevel 7 \
	--source src/java/ \
	--classpath "target/classes/:target/tests/:/tmp/Nopol_Defects4J_Lang_53/target/classes/:/tmp/Nopol_Defects4J_Lang_53/target/tests/:/home/tdurieux/defects4j4repair/script/../benchmarks/defects4j/framework/projects/Lang/lib/asm.jar:/home/tdurieux/defects4j4repair/script/../benchmarks/defects4j/framework/projects/Lang/lib/cglib.jar:/home/tdurieux/defects4j4repair/script/../benchmarks/defects4j/framework/projects/Lang/lib/commons-io.jar:/home/tdurieux/defects4j4repair/script/../benchmarks/defects4j/framework/projects/Lang/lib/easymock.jar:/home/tdurieux/defects4j4repair/script/../repair_tools/nopol.jar";
	echo "\n\nNode: `hostname`\n";
	echo "\n\nDate: `date`\n";
Picked up JAVA_TOOL_OPTIONS: -Dfile.encoding=UTF8
18:36:27.903 [main] INFO  fr.inria.lille.repair.nopol.NoPol - Source files: [src/java]
18:36:27.908 [main] INFO  fr.inria.lille.repair.nopol.NoPol - Classpath: [file:/tmp/Nopol_Defects4J_Lang_53/target/classes/, file:/tmp/Nopol_Defects4J_Lang_53/target/tests/, file:/tmp/Nopol_Defects4J_Lang_53/target/classes/, file:/tmp/Nopol_Defects4J_Lang_53/target/tests/, file:/home/tdurieux/defects4j4repair/script/../benchmarks/defects4j/framework/projects/Lang/lib/asm.jar, file:/home/tdurieux/defects4j4repair/script/../benchmarks/defects4j/framework/projects/Lang/lib/cglib.jar, file:/home/tdurieux/defects4j4repair/script/../benchmarks/defects4j/framework/projects/Lang/lib/commons-io.jar, file:/home/tdurieux/defects4j4repair/script/../benchmarks/defects4j/framework/projects/Lang/lib/easymock.jar, file:/home/tdurieux/defects4j4repair/script/../repair_tools/nopol.jar]
18:36:27.908 [main] INFO  fr.inria.lille.repair.nopol.NoPol - Statement type: PRE_THEN_COND
18:36:27.908 [main] INFO  fr.inria.lille.repair.nopol.NoPol - Args: [org.apache.commons.lang.ArrayUtilsAddTest, org.apache.commons.lang.ArrayUtilsAddTest, org.apache.commons.lang.ArrayUtilsRemoveTest, org.apache.commons.lang.ArrayUtilsRemoveTest, org.apache.commons.lang.ArrayUtilsTest, org.apache.commons.lang.ArrayUtilsTest, org.apache.commons.lang.BitFieldTest, org.apache.commons.lang.BitFieldTest, org.apache.commons.lang.BooleanUtilsTest, org.apache.commons.lang.BooleanUtilsTest, org.apache.commons.lang.CharEncodingTest, org.apache.commons.lang.CharEncodingTest, org.apache.commons.lang.CharRangeTest, org.apache.commons.lang.CharRangeTest, org.apache.commons.lang.CharSetTest, org.apache.commons.lang.CharSetTest, org.apache.commons.lang.CharSetUtilsTest, org.apache.commons.lang.CharSetUtilsTest, org.apache.commons.lang.CharUtilsTest, org.apache.commons.lang.CharUtilsTest, org.apache.commons.lang.ClassUtilsTest, org.apache.commons.lang.ClassUtilsTest, org.apache.commons.lang.EntitiesPerformanceTest, org.apache.commons.lang.EntitiesPerformanceTest, org.apache.commons.lang.EntitiesTest, org.apache.commons.lang.EntitiesTest, org.apache.commons.lang.IllegalClassExceptionTest, org.apache.commons.lang.IllegalClassExceptionTest, org.apache.commons.lang.IncompleteArgumentExceptionTest, org.apache.commons.lang.IncompleteArgumentExceptionTest, org.apache.commons.lang.IntHashMapTest, org.apache.commons.lang.IntHashMapTest, org.apache.commons.lang.LocaleUtilsTest, org.apache.commons.lang.LocaleUtilsTest, org.apache.commons.lang.NotImplementedExceptionTest, org.apache.commons.lang.NotImplementedExceptionTest, org.apache.commons.lang.NullArgumentExceptionTest, org.apache.commons.lang.NullArgumentExceptionTest, org.apache.commons.lang.NumberRangeTest, org.apache.commons.lang.NumberRangeTest, org.apache.commons.lang.NumberUtilsTest, org.apache.commons.lang.NumberUtilsTest, org.apache.commons.lang.ObjectUtilsTest, org.apache.commons.lang.ObjectUtilsTest, org.apache.commons.lang.RandomStringUtilsTest, org.apache.commons.lang.RandomStringUtilsTest, org.apache.commons.lang.SerializationUtilsTest, org.apache.commons.lang.SerializationUtilsTest, org.apache.commons.lang.StringEscapeUtilsTest, org.apache.commons.lang.StringEscapeUtilsTest, org.apache.commons.lang.StringUtilsEqualsIndexOfTest, org.apache.commons.lang.StringUtilsEqualsIndexOfTest, org.apache.commons.lang.StringUtilsIsTest, org.apache.commons.lang.StringUtilsIsTest, org.apache.commons.lang.StringUtilsStartsEndsWithTest, org.apache.commons.lang.StringUtilsStartsEndsWithTest, org.apache.commons.lang.StringUtilsSubstringTest, org.apache.commons.lang.StringUtilsSubstringTest, org.apache.commons.lang.StringUtilsTest, org.apache.commons.lang.StringUtilsTest, org.apache.commons.lang.StringUtilsTrimEmptyTest, org.apache.commons.lang.StringUtilsTrimEmptyTest, org.apache.commons.lang.SystemUtilsTest, org.apache.commons.lang.SystemUtilsTest, org.apache.commons.lang.UnhandledExceptionTest, org.apache.commons.lang.UnhandledExceptionTest, org.apache.commons.lang.ValidateTest, org.apache.commons.lang.ValidateTest, org.apache.commons.lang.WordUtilsTest, org.apache.commons.lang.WordUtilsTest, org.apache.commons.lang.builder.CompareToBuilderTest, org.apache.commons.lang.builder.CompareToBuilderTest, org.apache.commons.lang.builder.DefaultToStringStyleTest, org.apache.commons.lang.builder.DefaultToStringStyleTest, org.apache.commons.lang.builder.EqualsBuilderTest, org.apache.commons.lang.builder.EqualsBuilderTest, org.apache.commons.lang.builder.HashCodeBuilderAndEqualsBuilderTest, org.apache.commons.lang.builder.HashCodeBuilderAndEqualsBuilderTest, org.apache.commons.lang.builder.HashCodeBuilderTest, org.apache.commons.lang.builder.HashCodeBuilderTest, org.apache.commons.lang.builder.MultiLineToStringStyleTest, org.apache.commons.lang.builder.MultiLineToStringStyleTest, org.apache.commons.lang.builder.NoFieldNamesToStringStyleTest, org.apache.commons.lang.builder.NoFieldNamesToStringStyleTest, org.apache.commons.lang.builder.ReflectionToStringBuilderExcludeTest, org.apache.commons.lang.builder.ReflectionToStringBuilderExcludeTest, org.apache.commons.lang.builder.ShortPrefixToStringStyleTest, org.apache.commons.lang.builder.ShortPrefixToStringStyleTest, org.apache.commons.lang.builder.SimpleToStringStyleTest, org.apache.commons.lang.builder.SimpleToStringStyleTest, org.apache.commons.lang.builder.StandardToStringStyleTest, org.apache.commons.lang.builder.StandardToStringStyleTest, org.apache.commons.lang.builder.ToStringBuilderTest, org.apache.commons.lang.builder.ToStringBuilderTest, org.apache.commons.lang.builder.ToStringStyleTest, org.apache.commons.lang.builder.ToStringStyleTest, org.apache.commons.lang.enum.EnumTest, org.apache.commons.lang.enum.EnumTest, org.apache.commons.lang.enum.EnumUtilsTest, org.apache.commons.lang.enum.EnumUtilsTest, org.apache.commons.lang.enum.ValuedEnumTest, org.apache.commons.lang.enum.ValuedEnumTest, org.apache.commons.lang.enums.EnumEqualsTest, org.apache.commons.lang.enums.EnumEqualsTest, org.apache.commons.lang.enums.EnumTest, org.apache.commons.lang.enums.EnumTest, org.apache.commons.lang.enums.EnumUtilsTest, org.apache.commons.lang.enums.EnumUtilsTest, org.apache.commons.lang.enums.ValuedEnumTest, org.apache.commons.lang.enums.ValuedEnumTest, org.apache.commons.lang.exception.ExceptionUtilsTestCase, org.apache.commons.lang.exception.ExceptionUtilsTestCase, org.apache.commons.lang.exception.NestableDelegateTestCase, org.apache.commons.lang.exception.NestableDelegateTestCase, org.apache.commons.lang.exception.NestableErrorTestCase, org.apache.commons.lang.exception.NestableErrorTestCase, org.apache.commons.lang.exception.NestableExceptionTestCase, org.apache.commons.lang.exception.NestableExceptionTestCase, org.apache.commons.lang.exception.NestableRuntimeExceptionTestCase, org.apache.commons.lang.exception.NestableRuntimeExceptionTestCase, org.apache.commons.lang.math.DoubleRangeTest, org.apache.commons.lang.math.DoubleRangeTest, org.apache.commons.lang.math.FloatRangeTest, org.apache.commons.lang.math.FloatRangeTest, org.apache.commons.lang.math.FractionTest, org.apache.commons.lang.math.FractionTest, org.apache.commons.lang.math.IntRangeTest, org.apache.commons.lang.math.IntRangeTest, org.apache.commons.lang.math.LongRangeTest, org.apache.commons.lang.math.LongRangeTest, org.apache.commons.lang.math.NumberRangeTest, org.apache.commons.lang.math.NumberRangeTest, org.apache.commons.lang.math.NumberUtilsTest, org.apache.commons.lang.math.NumberUtilsTest, org.apache.commons.lang.math.RandomUtilsTest, org.apache.commons.lang.math.RandomUtilsTest, org.apache.commons.lang.math.RangeTest, org.apache.commons.lang.math.RangeTest, org.apache.commons.lang.mutable.MutableBooleanTest, org.apache.commons.lang.mutable.MutableBooleanTest, org.apache.commons.lang.mutable.MutableByteTest, org.apache.commons.lang.mutable.MutableByteTest, org.apache.commons.lang.mutable.MutableDoubleTest, org.apache.commons.lang.mutable.MutableDoubleTest, org.apache.commons.lang.mutable.MutableFloatTest, org.apache.commons.lang.mutable.MutableFloatTest, org.apache.commons.lang.mutable.MutableIntTest, org.apache.commons.lang.mutable.MutableIntTest, org.apache.commons.lang.mutable.MutableLongTest, org.apache.commons.lang.mutable.MutableLongTest, org.apache.commons.lang.mutable.MutableObjectTest, org.apache.commons.lang.mutable.MutableObjectTest, org.apache.commons.lang.mutable.MutableShortTest, org.apache.commons.lang.mutable.MutableShortTest, org.apache.commons.lang.text.CompositeFormatTest, org.apache.commons.lang.text.CompositeFormatTest, org.apache.commons.lang.text.StrBuilderAppendInsertTest, org.apache.commons.lang.text.StrBuilderAppendInsertTest, org.apache.commons.lang.text.StrBuilderTest, org.apache.commons.lang.text.StrBuilderTest, org.apache.commons.lang.text.StrLookupTest, org.apache.commons.lang.text.StrLookupTest, org.apache.commons.lang.text.StrMatcherTest, org.apache.commons.lang.text.StrMatcherTest, org.apache.commons.lang.text.StrSubstitutorTest, org.apache.commons.lang.text.StrSubstitutorTest, org.apache.commons.lang.text.StrTokenizerTest, org.apache.commons.lang.text.StrTokenizerTest, org.apache.commons.lang.time.DateFormatUtilsTest, org.apache.commons.lang.time.DateFormatUtilsTest, org.apache.commons.lang.time.DateUtilsTest, org.apache.commons.lang.time.DateUtilsTest, org.apache.commons.lang.time.DurationFormatUtilsTest, org.apache.commons.lang.time.DurationFormatUtilsTest, org.apache.commons.lang.time.FastDateFormatTest, org.apache.commons.lang.time.FastDateFormatTest, org.apache.commons.lang.time.StopWatchTest, org.apache.commons.lang.time.StopWatchTest]
18:36:27.911 [main] INFO  fr.inria.lille.repair.nopol.NoPol - Config: Config{synthesisDepth=3, collectStaticMethods=true, collectStaticFields=false, collectLiterals=false, onlyOneSynthesisResult=true, sortExpressions=true, maxLineInvocationPerTest=250, timeoutMethodInvocation=2000, dataCollectionTimeoutInSecondForSynthesis=900, addWeight=0.19478, subWeight=0.04554, mulWeight=0.0102, divWeight=0.00613, andWeight=0.10597, orWeight=0.05708, eqWeight=0.22798, nEqWeight=0.0, lessEqWeight=0.0255, lessWeight=0.0947, methodCallWeight=0.1, fieldAccessWeight=0.08099, constantWeight=0.14232, variableWeight=0.05195, mode=REPAIR, type=PRE_THEN_COND, synthesis=SMT, oracle=ANGELIC, solver=Z3, solverPath='/home/tdurieux/defects4j4repair/script/../libs/z3/build/z3', projectSources=[src/java], projectClasspath='[Ljava.net.URL;@66d33a', projectTests=[org.apache.commons.lang.ArrayUtilsAddTest, org.apache.commons.lang.ArrayUtilsAddTest, org.apache.commons.lang.ArrayUtilsRemoveTest, org.apache.commons.lang.ArrayUtilsRemoveTest, org.apache.commons.lang.ArrayUtilsTest, org.apache.commons.lang.ArrayUtilsTest, org.apache.commons.lang.BitFieldTest, org.apache.commons.lang.BitFieldTest, org.apache.commons.lang.BooleanUtilsTest, org.apache.commons.lang.BooleanUtilsTest, org.apache.commons.lang.CharEncodingTest, org.apache.commons.lang.CharEncodingTest, org.apache.commons.lang.CharRangeTest, org.apache.commons.lang.CharRangeTest, org.apache.commons.lang.CharSetTest, org.apache.commons.lang.CharSetTest, org.apache.commons.lang.CharSetUtilsTest, org.apache.commons.lang.CharSetUtilsTest, org.apache.commons.lang.CharUtilsTest, org.apache.commons.lang.CharUtilsTest, org.apache.commons.lang.ClassUtilsTest, org.apache.commons.lang.ClassUtilsTest, org.apache.commons.lang.EntitiesPerformanceTest, org.apache.commons.lang.EntitiesPerformanceTest, org.apache.commons.lang.EntitiesTest, org.apache.commons.lang.EntitiesTest, org.apache.commons.lang.IllegalClassExceptionTest, org.apache.commons.lang.IllegalClassExceptionTest, org.apache.commons.lang.IncompleteArgumentExceptionTest, org.apache.commons.lang.IncompleteArgumentExceptionTest, org.apache.commons.lang.IntHashMapTest, org.apache.commons.lang.IntHashMapTest, org.apache.commons.lang.LocaleUtilsTest, org.apache.commons.lang.LocaleUtilsTest, org.apache.commons.lang.NotImplementedExceptionTest, org.apache.commons.lang.NotImplementedExceptionTest, org.apache.commons.lang.NullArgumentExceptionTest, org.apache.commons.lang.NullArgumentExceptionTest, org.apache.commons.lang.NumberRangeTest, org.apache.commons.lang.NumberRangeTest, org.apache.commons.lang.NumberUtilsTest, org.apache.commons.lang.NumberUtilsTest, org.apache.commons.lang.ObjectUtilsTest, org.apache.commons.lang.ObjectUtilsTest, org.apache.commons.lang.RandomStringUtilsTest, org.apache.commons.lang.RandomStringUtilsTest, org.apache.commons.lang.SerializationUtilsTest, org.apache.commons.lang.SerializationUtilsTest, org.apache.commons.lang.StringEscapeUtilsTest, org.apache.commons.lang.StringEscapeUtilsTest, org.apache.commons.lang.StringUtilsEqualsIndexOfTest, org.apache.commons.lang.StringUtilsEqualsIndexOfTest, org.apache.commons.lang.StringUtilsIsTest, org.apache.commons.lang.StringUtilsIsTest, org.apache.commons.lang.StringUtilsStartsEndsWithTest, org.apache.commons.lang.StringUtilsStartsEndsWithTest, org.apache.commons.lang.StringUtilsSubstringTest, org.apache.commons.lang.StringUtilsSubstringTest, org.apache.commons.lang.StringUtilsTest, org.apache.commons.lang.StringUtilsTest, org.apache.commons.lang.StringUtilsTrimEmptyTest, org.apache.commons.lang.StringUtilsTrimEmptyTest, org.apache.commons.lang.SystemUtilsTest, org.apache.commons.lang.SystemUtilsTest, org.apache.commons.lang.UnhandledExceptionTest, org.apache.commons.lang.UnhandledExceptionTest, org.apache.commons.lang.ValidateTest, org.apache.commons.lang.ValidateTest, org.apache.commons.lang.WordUtilsTest, org.apache.commons.lang.WordUtilsTest, org.apache.commons.lang.builder.CompareToBuilderTest, org.apache.commons.lang.builder.CompareToBuilderTest, org.apache.commons.lang.builder.DefaultToStringStyleTest, org.apache.commons.lang.builder.DefaultToStringStyleTest, org.apache.commons.lang.builder.EqualsBuilderTest, org.apache.commons.lang.builder.EqualsBuilderTest, org.apache.commons.lang.builder.HashCodeBuilderAndEqualsBuilderTest, org.apache.commons.lang.builder.HashCodeBuilderAndEqualsBuilderTest, org.apache.commons.lang.builder.HashCodeBuilderTest, org.apache.commons.lang.builder.HashCodeBuilderTest, org.apache.commons.lang.builder.MultiLineToStringStyleTest, org.apache.commons.lang.builder.MultiLineToStringStyleTest, org.apache.commons.lang.builder.NoFieldNamesToStringStyleTest, org.apache.commons.lang.builder.NoFieldNamesToStringStyleTest, org.apache.commons.lang.builder.ReflectionToStringBuilderExcludeTest, org.apache.commons.lang.builder.ReflectionToStringBuilderExcludeTest, org.apache.commons.lang.builder.ShortPrefixToStringStyleTest, org.apache.commons.lang.builder.ShortPrefixToStringStyleTest, org.apache.commons.lang.builder.SimpleToStringStyleTest, org.apache.commons.lang.builder.SimpleToStringStyleTest, org.apache.commons.lang.builder.StandardToStringStyleTest, org.apache.commons.lang.builder.StandardToStringStyleTest, org.apache.commons.lang.builder.ToStringBuilderTest, org.apache.commons.lang.builder.ToStringBuilderTest, org.apache.commons.lang.builder.ToStringStyleTest, org.apache.commons.lang.builder.ToStringStyleTest, org.apache.commons.lang.enum.EnumTest, org.apache.commons.lang.enum.EnumTest, org.apache.commons.lang.enum.EnumUtilsTest, org.apache.commons.lang.enum.EnumUtilsTest, org.apache.commons.lang.enum.ValuedEnumTest, org.apache.commons.lang.enum.ValuedEnumTest, org.apache.commons.lang.enums.EnumEqualsTest, org.apache.commons.lang.enums.EnumEqualsTest, org.apache.commons.lang.enums.EnumTest, org.apache.commons.lang.enums.EnumTest, org.apache.commons.lang.enums.EnumUtilsTest, org.apache.commons.lang.enums.EnumUtilsTest, org.apache.commons.lang.enums.ValuedEnumTest, org.apache.commons.lang.enums.ValuedEnumTest, org.apache.commons.lang.exception.ExceptionUtilsTestCase, org.apache.commons.lang.exception.ExceptionUtilsTestCase, org.apache.commons.lang.exception.NestableDelegateTestCase, org.apache.commons.lang.exception.NestableDelegateTestCase, org.apache.commons.lang.exception.NestableErrorTestCase, org.apache.commons.lang.exception.NestableErrorTestCase, org.apache.commons.lang.exception.NestableExceptionTestCase, org.apache.commons.lang.exception.NestableExceptionTestCase, org.apache.commons.lang.exception.NestableRuntimeExceptionTestCase, org.apache.commons.lang.exception.NestableRuntimeExceptionTestCase, org.apache.commons.lang.math.DoubleRangeTest, org.apache.commons.lang.math.DoubleRangeTest, org.apache.commons.lang.math.FloatRangeTest, org.apache.commons.lang.math.FloatRangeTest, org.apache.commons.lang.math.FractionTest, org.apache.commons.lang.math.FractionTest, org.apache.commons.lang.math.IntRangeTest, org.apache.commons.lang.math.IntRangeTest, org.apache.commons.lang.math.LongRangeTest, org.apache.commons.lang.math.LongRangeTest, org.apache.commons.lang.math.NumberRangeTest, org.apache.commons.lang.math.NumberRangeTest, org.apache.commons.lang.math.NumberUtilsTest, org.apache.commons.lang.math.NumberUtilsTest, org.apache.commons.lang.math.RandomUtilsTest, org.apache.commons.lang.math.RandomUtilsTest, org.apache.commons.lang.math.RangeTest, org.apache.commons.lang.math.RangeTest, org.apache.commons.lang.mutable.MutableBooleanTest, org.apache.commons.lang.mutable.MutableBooleanTest, org.apache.commons.lang.mutable.MutableByteTest, org.apache.commons.lang.mutable.MutableByteTest, org.apache.commons.lang.mutable.MutableDoubleTest, org.apache.commons.lang.mutable.MutableDoubleTest, org.apache.commons.lang.mutable.MutableFloatTest, org.apache.commons.lang.mutable.MutableFloatTest, org.apache.commons.lang.mutable.MutableIntTest, org.apache.commons.lang.mutable.MutableIntTest, org.apache.commons.lang.mutable.MutableLongTest, org.apache.commons.lang.mutable.MutableLongTest, org.apache.commons.lang.mutable.MutableObjectTest, org.apache.commons.lang.mutable.MutableObjectTest, org.apache.commons.lang.mutable.MutableShortTest, org.apache.commons.lang.mutable.MutableShortTest, org.apache.commons.lang.text.CompositeFormatTest, org.apache.commons.lang.text.CompositeFormatTest, org.apache.commons.lang.text.StrBuilderAppendInsertTest, org.apache.commons.lang.text.StrBuilderAppendInsertTest, org.apache.commons.lang.text.StrBuilderTest, org.apache.commons.lang.text.StrBuilderTest, org.apache.commons.lang.text.StrLookupTest, org.apache.commons.lang.text.StrLookupTest, org.apache.commons.lang.text.StrMatcherTest, org.apache.commons.lang.text.StrMatcherTest, org.apache.commons.lang.text.StrSubstitutorTest, org.apache.commons.lang.text.StrSubstitutorTest, org.apache.commons.lang.text.StrTokenizerTest, org.apache.commons.lang.text.StrTokenizerTest, org.apache.commons.lang.time.DateFormatUtilsTest, org.apache.commons.lang.time.DateFormatUtilsTest, org.apache.commons.lang.time.DateUtilsTest, org.apache.commons.lang.time.DateUtilsTest, org.apache.commons.lang.time.DurationFormatUtilsTest, org.apache.commons.lang.time.DurationFormatUtilsTest, org.apache.commons.lang.time.FastDateFormatTest, org.apache.commons.lang.time.FastDateFormatTest, org.apache.commons.lang.time.StopWatchTest, org.apache.commons.lang.time.StopWatchTest], complianceLevel=7, outputFolder=., json=true}
18:36:27.911 [main] INFO  fr.inria.lille.repair.nopol.NoPol - Available processors (cores): 8
18:36:27.928 [main] INFO  fr.inria.lille.repair.nopol.NoPol - Free memory: 214 MB
18:36:27.928 [main] INFO  fr.inria.lille.repair.nopol.NoPol - Maximum memory: 3 GB
18:36:27.928 [main] INFO  fr.inria.lille.repair.nopol.NoPol - Total memory available to JVM: 241 MB
18:36:27.928 [main] INFO  fr.inria.lille.repair.nopol.NoPol - Java version: 1.8.0_181
18:36:27.930 [main] INFO  fr.inria.lille.repair.nopol.NoPol - JAVA_HOME: /usr/lib/jvm/java-1.8.0-openjdk-amd64/bin/
18:36:27.930 [main] INFO  fr.inria.lille.repair.nopol.NoPol - PATH: /usr/lib/jvm/java-1.8.0-openjdk-amd64/bin/:/usr/lib/oar/oardodo:/usr/lib/oar/oardodo:/usr/local/bin:/usr/bin:/bin:/usr/games
18:36:57.247 [pool-2-thread-1] DEBUG fr.inria.lille.repair.nopol.NoPol - statement #1
18:36:57.248 [pool-2-thread-1] DEBUG fr.inria.lille.repair.nopol.NoPol - Analysing SourceLocation org.apache.commons.lang.time.DateUtils:689 which is executed by 2 tests
1745874308
18:36:57.711 [pool-2-thread-1] DEBUG fr.inria.lille.repair.nopol.NoPol - looking with class fr.inria.lille.repair.nopol.spoon.smt.ConditionalAdder
junit.framework.AssertionFailedError: Minute Round Up Failed expected:<Mon Jul 02 08:09:00 EDT 2007> but was:<Mon Jul 02 08:01:00 EDT 2007>
    at junit.framework.Assert.fail(Assert.java:57)
    at junit.framework.Assert.failNotEquals(Assert.java:329)
    at junit.framework.Assert.assertEquals(Assert.java:78)
    at junit.framework.TestCase.assertEquals(TestCase.java:244)
    at org.apache.commons.lang.time.DateUtilsTest.testRoundLang346(DateUtilsTest.java:712)
    at sun.reflect.NativeMethodAccessorImpl.invoke0(Native Method)
18:36:57.908 [pool-4-thread-1] INFO  xxl.java.junit.TestCasesListener - Tests run finished (157 ms)
<> Total tests run: 23
<> Ignored tests: 0
<> Failed tests: 1
~ testRoundLang346(org.apache.commons.lang.time.DateUtilsTest)
[Minute Round Up Failed expected:<Mon Jul 02 08:09:00 EDT 2007> but was:<Mon Jul 02 08:01:00 EDT 2007>]
junit.framework.AssertionFailedError: Minute Round Up Failed expected:<Mon Jul 02 08:09:00 EDT 2007> but was:<Mon Jul 02 08:01:00 EDT 2007>    at junit.framework.Assert.fail(Assert.java:57)
    at junit.framework.Assert.failNotEquals(Assert.java:329)
    at junit.framework.Assert.assertEquals(Assert.java:78)
    at junit.framework.TestCase.assertEquals(TestCase.java:244)
    at org.apache.commons.lang.time.DateUtilsTest.testRoundLang346(DateUtilsTest.java:712)
    at sun.reflect.NativeMethodAccessorImpl.invoke0(Native Method)

junit.framework.AssertionFailedError: Minute Round Up Failed expected:<Mon Jul 02 08:09:00 EDT 2007> but was:<Mon Jul 02 08:00:00 EDT 2007>
    at junit.framework.Assert.fail(Assert.java:57)
    at junit.framework.Assert.failNotEquals(Assert.java:329)
    at junit.framework.Assert.assertEquals(Assert.java:78)
    at junit.framework.TestCase.assertEquals(TestCase.java:244)
    at org.apache.commons.lang.time.DateUtilsTest.testRoundLang346(DateUtilsTest.java:712)
    at sun.reflect.NativeMethodAccessorImpl.invoke0(Native Method)
18:36:59.531 [pool-5-thread-1] INFO  f.i.l.c.t.SpecificationTestCasesListener - Tests run finished (12 ms)
<> Total tests run: 1
<> Ignored tests: 0
<> Failed tests: 1
~ testRoundLang346(org.apache.commons.lang.time.DateUtilsTest)
[Minute Round Up Failed expected:<Mon Jul 02 08:09:00 EDT 2007> but was:<Mon Jul 02 08:00:00 EDT 2007>]
junit.framework.AssertionFailedError: Minute Round Up Failed expected:<Mon Jul 02 08:09:00 EDT 2007> but was:<Mon Jul 02 08:00:00 EDT 2007>    at junit.framework.Assert.fail(Assert.java:57)
    at junit.framework.Assert.failNotEquals(Assert.java:329)
    at junit.framework.Assert.assertEquals(Assert.java:78)
    at junit.framework.TestCase.assertEquals(TestCase.java:244)
    at org.apache.commons.lang.time.DateUtilsTest.testRoundLang346(DateUtilsTest.java:712)
    at sun.reflect.NativeMethodAccessorImpl.invoke0(Native Method)

junit.framework.AssertionFailedError: Minute Round Up Failed expected:<Mon Jul 02 08:09:00 EDT 2007> but was:<Mon Jul 02 08:01:00 EDT 2007>
    at junit.framework.Assert.fail(Assert.java:57)
    at junit.framework.Assert.failNotEquals(Assert.java:329)
    at junit.framework.Assert.assertEquals(Assert.java:78)
    at junit.framework.TestCase.assertEquals(TestCase.java:244)
    at org.apache.commons.lang.time.DateUtilsTest.testRoundLang346(DateUtilsTest.java:712)
    at sun.reflect.NativeMethodAccessorImpl.invoke0(Native Method)
18:36:59.538 [pool-6-thread-1] INFO  f.i.l.c.t.SpecificationTestCasesListener - Tests run finished (4 ms)
<> Total tests run: 1
<> Ignored tests: 0
<> Failed tests: 1
~ testRoundLang346(org.apache.commons.lang.time.DateUtilsTest)
[Minute Round Up Failed expected:<Mon Jul 02 08:09:00 EDT 2007> but was:<Mon Jul 02 08:01:00 EDT 2007>]
junit.framework.AssertionFailedError: Minute Round Up Failed expected:<Mon Jul 02 08:09:00 EDT 2007> but was:<Mon Jul 02 08:01:00 EDT 2007>    at junit.framework.Assert.fail(Assert.java:57)
    at junit.framework.Assert.failNotEquals(Assert.java:329)
    at junit.framework.Assert.assertEquals(Assert.java:78)
    at junit.framework.TestCase.assertEquals(TestCase.java:244)
    at org.apache.commons.lang.time.DateUtilsTest.testRoundLang346(DateUtilsTest.java:712)
    at sun.reflect.NativeMethodAccessorImpl.invoke0(Native Method)

18:36:59.540 [pool-3-thread-1] DEBUG tests.output - Failing tests with false: 
[testRoundLang346(org.apache.commons.lang.time.DateUtilsTest): Minute Round Up Failed expected:<Mon Jul 02 08:09:00 EDT 2007> but was:<Mon Jul 02 08:00:00 EDT 2007>]
18:36:59.540 [pool-3-thread-1] DEBUG tests.output - Failing tests with true: 
[testRoundLang346(org.apache.commons.lang.time.DateUtilsTest): Minute Round Up Failed expected:<Mon Jul 02 08:09:00 EDT 2007> but was:<Mon Jul 02 08:01:00 EDT 2007>]
18:36:59.540 [pool-3-thread-1] INFO  f.i.l.r.n.synth.SMTNopolSynthesizer - Not enough specifications: 0. A trivial patch is "true" or "false", please write new tests specifying SourceLocation org.apache.commons.lang.time.DateUtils:689.
18:36:59.541 [pool-2-thread-1] DEBUG fr.inria.lille.repair.nopol.NoPol - statement #2
18:36:59.541 [pool-2-thread-1] DEBUG fr.inria.lille.repair.nopol.NoPol - Analysing SourceLocation org.apache.commons.lang.time.DateUtils:676 which is executed by 2 tests
1745874308
18:36:59.700 [pool-2-thread-1] DEBUG fr.inria.lille.repair.nopol.NoPol - looking with class fr.inria.lille.repair.nopol.spoon.smt.ConditionalAdder
junit.framework.AssertionFailedError: Minute Round Up Failed expected:<Mon Jul 02 08:09:00 EDT 2007> but was:<Mon Jul 02 08:01:00 EDT 2007>
    at junit.framework.Assert.fail(Assert.java:57)
    at junit.framework.Assert.failNotEquals(Assert.java:329)
    at junit.framework.Assert.assertEquals(Assert.java:78)
    at junit.framework.TestCase.assertEquals(TestCase.java:244)
    at org.apache.commons.lang.time.DateUtilsTest.testRoundLang346(DateUtilsTest.java:712)
    at sun.reflect.NativeMethodAccessorImpl.invoke0(Native Method)
18:36:59.777 [pool-8-thread-1] INFO  xxl.java.junit.TestCasesListener - Tests run finished (68 ms)
<> Total tests run: 23
<> Ignored tests: 0
<> Failed tests: 1
~ testRoundLang346(org.apache.commons.lang.time.DateUtilsTest)
[Minute Round Up Failed expected:<Mon Jul 02 08:09:00 EDT 2007> but was:<Mon Jul 02 08:01:00 EDT 2007>]
junit.framework.AssertionFailedError: Minute Round Up Failed expected:<Mon Jul 02 08:09:00 EDT 2007> but was:<Mon Jul 02 08:01:00 EDT 2007>    at junit.framework.Assert.fail(Assert.java:57)
    at junit.framework.Assert.failNotEquals(Assert.java:329)
    at junit.framework.Assert.assertEquals(Assert.java:78)
    at junit.framework.TestCase.assertEquals(TestCase.java:244)
    at org.apache.commons.lang.time.DateUtilsTest.testRoundLang346(DateUtilsTest.java:712)
    at sun.reflect.NativeMethodAccessorImpl.invoke0(Native Method)

junit.framework.AssertionFailedError: Minute Round Up Failed expected:<Mon Jul 02 08:09:00 EDT 2007> but was:<Mon Jul 02 08:00:00 EDT 2007>
    at junit.framework.Assert.fail(Assert.java:57)
    at junit.framework.Assert.failNotEquals(Assert.java:329)
    at junit.framework.Assert.assertEquals(Assert.java:78)
    at junit.framework.TestCase.assertEquals(TestCase.java:244)
    at org.apache.commons.lang.time.DateUtilsTest.testRoundLang346(DateUtilsTest.java:712)
    at sun.reflect.NativeMethodAccessorImpl.invoke0(Native Method)
18:37:00.308 [pool-9-thread-1] INFO  f.i.l.c.t.SpecificationTestCasesListener - Tests run finished (7 ms)
<> Total tests run: 1
<> Ignored tests: 0
<> Failed tests: 1
~ testRoundLang346(org.apache.commons.lang.time.DateUtilsTest)
[Minute Round Up Failed expected:<Mon Jul 02 08:09:00 EDT 2007> but was:<Mon Jul 02 08:00:00 EDT 2007>]
junit.framework.AssertionFailedError: Minute Round Up Failed expected:<Mon Jul 02 08:09:00 EDT 2007> but was:<Mon Jul 02 08:00:00 EDT 2007>    at junit.framework.Assert.fail(Assert.java:57)
    at junit.framework.Assert.failNotEquals(Assert.java:329)
    at junit.framework.Assert.assertEquals(Assert.java:78)
    at junit.framework.TestCase.assertEquals(TestCase.java:244)
    at org.apache.commons.lang.time.DateUtilsTest.testRoundLang346(DateUtilsTest.java:712)
    at sun.reflect.NativeMethodAccessorImpl.invoke0(Native Method)

junit.framework.AssertionFailedError: Minute Round Up Failed expected:<Mon Jul 02 08:09:00 EDT 2007> but was:<Mon Jul 02 08:01:00 EDT 2007>
    at junit.framework.Assert.fail(Assert.java:57)
    at junit.framework.Assert.failNotEquals(Assert.java:329)
    at junit.framework.Assert.assertEquals(Assert.java:78)
    at junit.framework.TestCase.assertEquals(TestCase.java:244)
    at org.apache.commons.lang.time.DateUtilsTest.testRoundLang346(DateUtilsTest.java:712)
    at sun.reflect.NativeMethodAccessorImpl.invoke0(Native Method)
18:37:00.313 [pool-10-thread-1] INFO  f.i.l.c.t.SpecificationTestCasesListener - Tests run finished (3 ms)
<> Total tests run: 1
<> Ignored tests: 0
<> Failed tests: 1
~ testRoundLang346(org.apache.commons.lang.time.DateUtilsTest)
[Minute Round Up Failed expected:<Mon Jul 02 08:09:00 EDT 2007> but was:<Mon Jul 02 08:01:00 EDT 2007>]
junit.framework.AssertionFailedError: Minute Round Up Failed expected:<Mon Jul 02 08:09:00 EDT 2007> but was:<Mon Jul 02 08:01:00 EDT 2007>    at junit.framework.Assert.fail(Assert.java:57)
    at junit.framework.Assert.failNotEquals(Assert.java:329)
    at junit.framework.Assert.assertEquals(Assert.java:78)
    at junit.framework.TestCase.assertEquals(TestCase.java:244)
    at org.apache.commons.lang.time.DateUtilsTest.testRoundLang346(DateUtilsTest.java:712)
    at sun.reflect.NativeMethodAccessorImpl.invoke0(Native Method)

18:37:00.322 [pool-7-thread-1] DEBUG tests.output - Failing tests with false: 
[testRoundLang346(org.apache.commons.lang.time.DateUtilsTest): Minute Round Up Failed expected:<Mon Jul 02 08:09:00 EDT 2007> but was:<Mon Jul 02 08:00:00 EDT 2007>]
18:37:00.322 [pool-7-thread-1] DEBUG tests.output - Failing tests with true: 
[testRoundLang346(org.apache.commons.lang.time.DateUtilsTest): Minute Round Up Failed expected:<Mon Jul 02 08:09:00 EDT 2007> but was:<Mon Jul 02 08:01:00 EDT 2007>]
18:37:00.322 [pool-7-thread-1] INFO  f.i.l.r.n.synth.SMTNopolSynthesizer - Not enough specifications: 0. A trivial patch is "true" or "false", please write new tests specifying SourceLocation org.apache.commons.lang.time.DateUtils:676.
18:37:00.323 [pool-2-thread-1] DEBUG fr.inria.lille.repair.nopol.NoPol - looking with class fr.inria.lille.repair.nopol.spoon.smt.ConditionalReplacer
junit.framework.AssertionFailedError: Minute Round Up Failed expected:<Mon Jul 02 08:09:00 EDT 2007> but was:<Mon Jul 02 08:01:00 EDT 2007>
    at junit.framework.Assert.fail(Assert.java:57)
    at junit.framework.Assert.failNotEquals(Assert.java:329)
    at junit.framework.Assert.assertEquals(Assert.java:78)
    at junit.framework.TestCase.assertEquals(TestCase.java:244)
    at org.apache.commons.lang.time.DateUtilsTest.testRoundLang346(DateUtilsTest.java:712)
    at sun.reflect.NativeMethodAccessorImpl.invoke0(Native Method)
18:37:00.403 [pool-12-thread-1] INFO  xxl.java.junit.TestCasesListener - Tests run finished (56 ms)
<> Total tests run: 23
<> Ignored tests: 0
<> Failed tests: 1
~ testRoundLang346(org.apache.commons.lang.time.DateUtilsTest)
[Minute Round Up Failed expected:<Mon Jul 02 08:09:00 EDT 2007> but was:<Mon Jul 02 08:01:00 EDT 2007>]
junit.framework.AssertionFailedError: Minute Round Up Failed expected:<Mon Jul 02 08:09:00 EDT 2007> but was:<Mon Jul 02 08:01:00 EDT 2007>    at junit.framework.Assert.fail(Assert.java:57)
    at junit.framework.Assert.failNotEquals(Assert.java:329)
    at junit.framework.Assert.assertEquals(Assert.java:78)
    at junit.framework.TestCase.assertEquals(TestCase.java:244)
    at org.apache.commons.lang.time.DateUtilsTest.testRoundLang346(DateUtilsTest.java:712)
    at sun.reflect.NativeMethodAccessorImpl.invoke0(Native Method)

junit.framework.AssertionFailedError: Minute Round Up Failed expected:<Mon Jul 02 08:09:00 EDT 2007> but was:<Mon Jul 02 08:01:00 EDT 2007>
    at junit.framework.Assert.fail(Assert.java:57)
    at junit.framework.Assert.failNotEquals(Assert.java:329)
    at junit.framework.Assert.assertEquals(Assert.java:78)
    at junit.framework.TestCase.assertEquals(TestCase.java:244)
    at org.apache.commons.lang.time.DateUtilsTest.testRoundLang346(DateUtilsTest.java:712)
    at sun.reflect.NativeMethodAccessorImpl.invoke0(Native Method)
18:37:00.880 [pool-13-thread-1] INFO  f.i.l.c.t.SpecificationTestCasesListener - Tests run finished (4 ms)
<> Total tests run: 1
<> Ignored tests: 0
<> Failed tests: 1
~ testRoundLang346(org.apache.commons.lang.time.DateUtilsTest)
[Minute Round Up Failed expected:<Mon Jul 02 08:09:00 EDT 2007> but was:<Mon Jul 02 08:01:00 EDT 2007>]
junit.framework.AssertionFailedError: Minute Round Up Failed expected:<Mon Jul 02 08:09:00 EDT 2007> but was:<Mon Jul 02 08:01:00 EDT 2007>    at junit.framework.Assert.fail(Assert.java:57)
    at junit.framework.Assert.failNotEquals(Assert.java:329)
    at junit.framework.Assert.assertEquals(Assert.java:78)
    at junit.framework.TestCase.assertEquals(TestCase.java:244)
    at org.apache.commons.lang.time.DateUtilsTest.testRoundLang346(DateUtilsTest.java:712)
    at sun.reflect.NativeMethodAccessorImpl.invoke0(Native Method)

junit.framework.AssertionFailedError: Minute Round Up Failed expected:<Mon Jul 02 08:09:00 EDT 2007> but was:<Tue Jul 17 08:00:00 EDT 2007>
    at junit.framework.Assert.fail(Assert.java:57)
    at junit.framework.Assert.failNotEquals(Assert.java:329)
    at junit.framework.Assert.assertEquals(Assert.java:78)
    at junit.framework.TestCase.assertEquals(TestCase.java:244)
    at org.apache.commons.lang.time.DateUtilsTest.testRoundLang346(DateUtilsTest.java:712)
    at sun.reflect.NativeMethodAccessorImpl.invoke0(Native Method)
18:37:00.888 [pool-14-thread-1] INFO  f.i.l.c.t.SpecificationTestCasesListener - Tests run finished (2 ms)
<> Total tests run: 1
<> Ignored tests: 0
<> Failed tests: 1
~ testRoundLang346(org.apache.commons.lang.time.DateUtilsTest)
[Minute Round Up Failed expected:<Mon Jul 02 08:09:00 EDT 2007> but was:<Tue Jul 17 08:00:00 EDT 2007>]
junit.framework.AssertionFailedError: Minute Round Up Failed expected:<Mon Jul 02 08:09:00 EDT 2007> but was:<Tue Jul 17 08:00:00 EDT 2007>    at junit.framework.Assert.fail(Assert.java:57)
    at junit.framework.Assert.failNotEquals(Assert.java:329)
    at junit.framework.Assert.assertEquals(Assert.java:78)
    at junit.framework.TestCase.assertEquals(TestCase.java:244)
    at org.apache.commons.lang.time.DateUtilsTest.testRoundLang346(DateUtilsTest.java:712)
    at sun.reflect.NativeMethodAccessorImpl.invoke0(Native Method)

18:37:00.889 [pool-11-thread-1] DEBUG tests.output - Failing tests with false: 
[testRoundLang346(org.apache.commons.lang.time.DateUtilsTest): Minute Round Up Failed expected:<Mon Jul 02 08:09:00 EDT 2007> but was:<Mon Jul 02 08:01:00 EDT 2007>]
18:37:00.889 [pool-11-thread-1] DEBUG tests.output - Failing tests with true: 
[testRoundLang346(org.apache.commons.lang.time.DateUtilsTest): Minute Round Up Failed expected:<Mon Jul 02 08:09:00 EDT 2007> but was:<Tue Jul 17 08:00:00 EDT 2007>]
18:37:00.889 [pool-11-thread-1] INFO  f.i.l.r.n.synth.SMTNopolSynthesizer - Not enough specifications: 0. A trivial patch is "true" or "false", please write new tests specifying SourceLocation org.apache.commons.lang.time.DateUtils:676.
18:37:00.889 [pool-2-thread-1] DEBUG fr.inria.lille.repair.nopol.NoPol - statement #3
18:37:00.890 [pool-2-thread-1] DEBUG fr.inria.lille.repair.nopol.NoPol - Analysing SourceLocation org.apache.commons.lang.time.DateUtils:443 which is executed by 3 tests
1745874308
18:37:01.033 [pool-2-thread-1] DEBUG fr.inria.lille.repair.nopol.NoPol - statement #4
18:37:01.034 [pool-2-thread-1] DEBUG fr.inria.lille.repair.nopol.NoPol - Analysing SourceLocation org.apache.commons.lang.time.DateUtils:442 which is executed by 3 tests
1745874308
18:37:01.177 [pool-2-thread-1] DEBUG fr.inria.lille.repair.nopol.NoPol - looking with class fr.inria.lille.repair.nopol.spoon.smt.ConditionalAdder
junit.framework.AssertionFailedError: Minute Round Up Failed expected:<Mon Jul 02 08:09:00 EDT 2007> but was:<Mon Jul 02 08:01:00 EDT 2007>
    at junit.framework.Assert.fail(Assert.java:57)
    at junit.framework.Assert.failNotEquals(Assert.java:329)
    at junit.framework.Assert.assertEquals(Assert.java:78)
    at junit.framework.TestCase.assertEquals(TestCase.java:244)
    at org.apache.commons.lang.time.DateUtilsTest.testRoundLang346(DateUtilsTest.java:712)
    at sun.reflect.NativeMethodAccessorImpl.invoke0(Native Method)
18:37:01.223 [pool-16-thread-1] INFO  xxl.java.junit.TestCasesListener - Tests run finished (37 ms)
<> Total tests run: 23
<> Ignored tests: 0
<> Failed tests: 1
~ testRoundLang346(org.apache.commons.lang.time.DateUtilsTest)
[Minute Round Up Failed expected:<Mon Jul 02 08:09:00 EDT 2007> but was:<Mon Jul 02 08:01:00 EDT 2007>]
junit.framework.AssertionFailedError: Minute Round Up Failed expected:<Mon Jul 02 08:09:00 EDT 2007> but was:<Mon Jul 02 08:01:00 EDT 2007>    at junit.framework.Assert.fail(Assert.java:57)
    at junit.framework.Assert.failNotEquals(Assert.java:329)
    at junit.framework.Assert.assertEquals(Assert.java:78)
    at junit.framework.TestCase.assertEquals(TestCase.java:244)
    at org.apache.commons.lang.time.DateUtilsTest.testRoundLang346(DateUtilsTest.java:712)
    at sun.reflect.NativeMethodAccessorImpl.invoke0(Native Method)

junit.framework.AssertionFailedError: Minute Round Up Failed expected:<Mon Jul 02 08:09:00 EDT 2007> but was:<Mon Jul 02 08:08:50 EDT 2007>
    at junit.framework.Assert.fail(Assert.java:57)
    at junit.framework.Assert.failNotEquals(Assert.java:329)
    at junit.framework.Assert.assertEquals(Assert.java:78)
    at junit.framework.TestCase.assertEquals(TestCase.java:244)
    at org.apache.commons.lang.time.DateUtilsTest.testRoundLang346(DateUtilsTest.java:712)
    at sun.reflect.NativeMethodAccessorImpl.invoke0(Native Method)
18:37:01.569 [pool-17-thread-1] INFO  f.i.l.c.t.SpecificationTestCasesListener - Tests run finished (3 ms)
<> Total tests run: 1
<> Ignored tests: 0
<> Failed tests: 1
~ testRoundLang346(org.apache.commons.lang.time.DateUtilsTest)
[Minute Round Up Failed expected:<Mon Jul 02 08:09:00 EDT 2007> but was:<Mon Jul 02 08:08:50 EDT 2007>]
junit.framework.AssertionFailedError: Minute Round Up Failed expected:<Mon Jul 02 08:09:00 EDT 2007> but was:<Mon Jul 02 08:08:50 EDT 2007>    at junit.framework.Assert.fail(Assert.java:57)
    at junit.framework.Assert.failNotEquals(Assert.java:329)
    at junit.framework.Assert.assertEquals(Assert.java:78)
    at junit.framework.TestCase.assertEquals(TestCase.java:244)
    at org.apache.commons.lang.time.DateUtilsTest.testRoundLang346(DateUtilsTest.java:712)
    at sun.reflect.NativeMethodAccessorImpl.invoke0(Native Method)

junit.framework.AssertionFailedError: Minute Round Up Failed expected:<Mon Jul 02 08:09:00 EDT 2007> but was:<Mon Jul 02 08:01:00 EDT 2007>
    at junit.framework.Assert.fail(Assert.java:57)
    at junit.framework.Assert.failNotEquals(Assert.java:329)
    at junit.framework.Assert.assertEquals(Assert.java:78)
    at junit.framework.TestCase.assertEquals(TestCase.java:244)
    at org.apache.commons.lang.time.DateUtilsTest.testRoundLang346(DateUtilsTest.java:712)
    at sun.reflect.NativeMethodAccessorImpl.invoke0(Native Method)
18:37:01.573 [pool-18-thread-1] INFO  f.i.l.c.t.SpecificationTestCasesListener - Tests run finished (1 ms)
<> Total tests run: 1
<> Ignored tests: 0
<> Failed tests: 1
~ testRoundLang346(org.apache.commons.lang.time.DateUtilsTest)
[Minute Round Up Failed expected:<Mon Jul 02 08:09:00 EDT 2007> but was:<Mon Jul 02 08:01:00 EDT 2007>]
junit.framework.AssertionFailedError: Minute Round Up Failed expected:<Mon Jul 02 08:09:00 EDT 2007> but was:<Mon Jul 02 08:01:00 EDT 2007>    at junit.framework.Assert.fail(Assert.java:57)
    at junit.framework.Assert.failNotEquals(Assert.java:329)
    at junit.framework.Assert.assertEquals(Assert.java:78)
    at junit.framework.TestCase.assertEquals(TestCase.java:244)
    at org.apache.commons.lang.time.DateUtilsTest.testRoundLang346(DateUtilsTest.java:712)
    at sun.reflect.NativeMethodAccessorImpl.invoke0(Native Method)

18:37:01.573 [pool-15-thread-1] DEBUG tests.output - Failing tests with false: 
[testRoundLang346(org.apache.commons.lang.time.DateUtilsTest): Minute Round Up Failed expected:<Mon Jul 02 08:09:00 EDT 2007> but was:<Mon Jul 02 08:08:50 EDT 2007>]
18:37:01.573 [pool-15-thread-1] DEBUG tests.output - Failing tests with true: 
[testRoundLang346(org.apache.commons.lang.time.DateUtilsTest): Minute Round Up Failed expected:<Mon Jul 02 08:09:00 EDT 2007> but was:<Mon Jul 02 08:01:00 EDT 2007>]
18:37:01.573 [pool-15-thread-1] INFO  f.i.l.r.n.synth.SMTNopolSynthesizer - Not enough specifications: 0. A trivial patch is "true" or "false", please write new tests specifying SourceLocation org.apache.commons.lang.time.DateUtils:442.
18:37:01.574 [pool-2-thread-1] DEBUG fr.inria.lille.repair.nopol.NoPol - statement #5
18:37:01.574 [pool-2-thread-1] DEBUG fr.inria.lille.repair.nopol.NoPol - Analysing SourceLocation org.apache.commons.lang.time.DateUtils:441 which is executed by 3 tests
1745874308
18:37:01.710 [pool-2-thread-1] DEBUG fr.inria.lille.repair.nopol.NoPol - looking with class fr.inria.lille.repair.nopol.spoon.smt.ConditionalAdder
junit.framework.AssertionFailedError: Minute Round Up Failed expected:<Mon Jul 02 08:09:00 EDT 2007> but was:<Mon Jul 02 08:01:00 EDT 2007>
    at junit.framework.Assert.fail(Assert.java:57)
    at junit.framework.Assert.failNotEquals(Assert.java:329)
    at junit.framework.Assert.assertEquals(Assert.java:78)
    at junit.framework.TestCase.assertEquals(TestCase.java:244)
    at org.apache.commons.lang.time.DateUtilsTest.testRoundLang346(DateUtilsTest.java:712)
    at sun.reflect.NativeMethodAccessorImpl.invoke0(Native Method)
18:37:01.759 [pool-20-thread-1] INFO  xxl.java.junit.TestCasesListener - Tests run finished (39 ms)
<> Total tests run: 23
<> Ignored tests: 0
<> Failed tests: 1
~ testRoundLang346(org.apache.commons.lang.time.DateUtilsTest)
[Minute Round Up Failed expected:<Mon Jul 02 08:09:00 EDT 2007> but was:<Mon Jul 02 08:01:00 EDT 2007>]
junit.framework.AssertionFailedError: Minute Round Up Failed expected:<Mon Jul 02 08:09:00 EDT 2007> but was:<Mon Jul 02 08:01:00 EDT 2007>    at junit.framework.Assert.fail(Assert.java:57)
    at junit.framework.Assert.failNotEquals(Assert.java:329)
    at junit.framework.Assert.assertEquals(Assert.java:78)
    at junit.framework.TestCase.assertEquals(TestCase.java:244)
    at org.apache.commons.lang.time.DateUtilsTest.testRoundLang346(DateUtilsTest.java:712)
    at sun.reflect.NativeMethodAccessorImpl.invoke0(Native Method)

junit.framework.AssertionFailedError: Minute Round Up Failed expected:<Mon Jul 02 08:09:00 EDT 2007> but was:<Wed Nov 28 18:37:00 EST 2018>
    at junit.framework.Assert.fail(Assert.java:57)
    at junit.framework.Assert.failNotEquals(Assert.java:329)
    at junit.framework.Assert.assertEquals(Assert.java:78)
    at junit.framework.TestCase.assertEquals(TestCase.java:244)
    at org.apache.commons.lang.time.DateUtilsTest.testRoundLang346(DateUtilsTest.java:712)
    at sun.reflect.NativeMethodAccessorImpl.invoke0(Native Method)
18:37:02.141 [pool-21-thread-1] INFO  f.i.l.c.t.SpecificationTestCasesListener - Tests run finished (4 ms)
<> Total tests run: 1
<> Ignored tests: 0
<> Failed tests: 1
~ testRoundLang346(org.apache.commons.lang.time.DateUtilsTest)
[Minute Round Up Failed expected:<Mon Jul 02 08:09:00 EDT 2007> but was:<Wed Nov 28 18:37:00 EST 2018>]
junit.framework.AssertionFailedError: Minute Round Up Failed expected:<Mon Jul 02 08:09:00 EDT 2007> but was:<Wed Nov 28 18:37:00 EST 2018>    at junit.framework.Assert.fail(Assert.java:57)
    at junit.framework.Assert.failNotEquals(Assert.java:329)
    at junit.framework.Assert.assertEquals(Assert.java:78)
    at junit.framework.TestCase.assertEquals(TestCase.java:244)
    at org.apache.commons.lang.time.DateUtilsTest.testRoundLang346(DateUtilsTest.java:712)
    at sun.reflect.NativeMethodAccessorImpl.invoke0(Native Method)

junit.framework.AssertionFailedError: Minute Round Up Failed expected:<Mon Jul 02 08:09:00 EDT 2007> but was:<Mon Jul 02 08:01:00 EDT 2007>
    at junit.framework.Assert.fail(Assert.java:57)
    at junit.framework.Assert.failNotEquals(Assert.java:329)
    at junit.framework.Assert.assertEquals(Assert.java:78)
    at junit.framework.TestCase.assertEquals(TestCase.java:244)
    at org.apache.commons.lang.time.DateUtilsTest.testRoundLang346(DateUtilsTest.java:712)
    at sun.reflect.NativeMethodAccessorImpl.invoke0(Native Method)
18:37:02.144 [pool-22-thread-1] INFO  f.i.l.c.t.SpecificationTestCasesListener - Tests run finished (2 ms)
<> Total tests run: 1
<> Ignored tests: 0
<> Failed tests: 1
~ testRoundLang346(org.apache.commons.lang.time.DateUtilsTest)
[Minute Round Up Failed expected:<Mon Jul 02 08:09:00 EDT 2007> but was:<Mon Jul 02 08:01:00 EDT 2007>]
junit.framework.AssertionFailedError: Minute Round Up Failed expected:<Mon Jul 02 08:09:00 EDT 2007> but was:<Mon Jul 02 08:01:00 EDT 2007>    at junit.framework.Assert.fail(Assert.java:57)
    at junit.framework.Assert.failNotEquals(Assert.java:329)
    at junit.framework.Assert.assertEquals(Assert.java:78)
    at junit.framework.TestCase.assertEquals(TestCase.java:244)
    at org.apache.commons.lang.time.DateUtilsTest.testRoundLang346(DateUtilsTest.java:712)
    at sun.reflect.NativeMethodAccessorImpl.invoke0(Native Method)

18:37:02.145 [pool-19-thread-1] DEBUG tests.output - Failing tests with false: 
[testRoundLang346(org.apache.commons.lang.time.DateUtilsTest): Minute Round Up Failed expected:<Mon Jul 02 08:09:00 EDT 2007> but was:<Wed Nov 28 18:37:00 EST 2018>]
18:37:02.145 [pool-19-thread-1] DEBUG tests.output - Failing tests with true: 
[testRoundLang346(org.apache.commons.lang.time.DateUtilsTest): Minute Round Up Failed expected:<Mon Jul 02 08:09:00 EDT 2007> but was:<Mon Jul 02 08:01:00 EDT 2007>]
18:37:02.145 [pool-19-thread-1] INFO  f.i.l.r.n.synth.SMTNopolSynthesizer - Not enough specifications: 0. A trivial patch is "true" or "false", please write new tests specifying SourceLocation org.apache.commons.lang.time.DateUtils:441.
18:37:02.145 [pool-2-thread-1] DEBUG fr.inria.lille.repair.nopol.NoPol - statement #6
18:37:02.146 [pool-2-thread-1] DEBUG fr.inria.lille.repair.nopol.NoPol - Analysing SourceLocation org.apache.commons.lang.time.DateUtils:440 which is executed by 3 tests
1745874308
18:37:02.278 [pool-2-thread-1] DEBUG fr.inria.lille.repair.nopol.NoPol - statement #7
18:37:02.278 [pool-2-thread-1] DEBUG fr.inria.lille.repair.nopol.NoPol - Analysing SourceLocation org.apache.commons.lang.time.DateUtils:437 which is executed by 3 tests
1745874308
18:37:02.411 [pool-2-thread-1] DEBUG fr.inria.lille.repair.nopol.NoPol - looking with class fr.inria.lille.repair.nopol.spoon.smt.ConditionalAdder
junit.framework.AssertionFailedError: Minute Round Up Failed expected:<Mon Jul 02 08:09:00 EDT 2007> but was:<Mon Jul 02 08:01:00 EDT 2007>
    at junit.framework.Assert.fail(Assert.java:57)
    at junit.framework.Assert.failNotEquals(Assert.java:329)
    at junit.framework.Assert.assertEquals(Assert.java:78)
    at junit.framework.TestCase.assertEquals(TestCase.java:244)
    at org.apache.commons.lang.time.DateUtilsTest.testRoundLang346(DateUtilsTest.java:712)
    at sun.reflect.NativeMethodAccessorImpl.invoke0(Native Method)
18:37:02.452 [pool-24-thread-1] INFO  xxl.java.junit.TestCasesListener - Tests run finished (33 ms)
<> Total tests run: 23
<> Ignored tests: 0
<> Failed tests: 1
~ testRoundLang346(org.apache.commons.lang.time.DateUtilsTest)
[Minute Round Up Failed expected:<Mon Jul 02 08:09:00 EDT 2007> but was:<Mon Jul 02 08:01:00 EDT 2007>]
junit.framework.AssertionFailedError: Minute Round Up Failed expected:<Mon Jul 02 08:09:00 EDT 2007> but was:<Mon Jul 02 08:01:00 EDT 2007>    at junit.framework.Assert.fail(Assert.java:57)
    at junit.framework.Assert.failNotEquals(Assert.java:329)
    at junit.framework.Assert.assertEquals(Assert.java:78)
    at junit.framework.TestCase.assertEquals(TestCase.java:244)
    at org.apache.commons.lang.time.DateUtilsTest.testRoundLang346(DateUtilsTest.java:712)
    at sun.reflect.NativeMethodAccessorImpl.invoke0(Native Method)

junit.framework.AssertionFailedError: Minute Round Up Failed expected:<Mon Jul 02 08:09:00 EDT 2007> but was:<Mon Jul 02 08:01:00 EDT 2007>
    at junit.framework.Assert.fail(Assert.java:57)
    at junit.framework.Assert.failNotEquals(Assert.java:329)
    at junit.framework.Assert.assertEquals(Assert.java:78)
    at junit.framework.TestCase.assertEquals(TestCase.java:244)
    at org.apache.commons.lang.time.DateUtilsTest.testRoundLang346(DateUtilsTest.java:712)
    at sun.reflect.NativeMethodAccessorImpl.invoke0(Native Method)
18:37:02.783 [pool-25-thread-1] INFO  f.i.l.c.t.SpecificationTestCasesListener - Tests run finished (4 ms)
<> Total tests run: 1
<> Ignored tests: 0
<> Failed tests: 1
~ testRoundLang346(org.apache.commons.lang.time.DateUtilsTest)
[Minute Round Up Failed expected:<Mon Jul 02 08:09:00 EDT 2007> but was:<Mon Jul 02 08:01:00 EDT 2007>]
junit.framework.AssertionFailedError: Minute Round Up Failed expected:<Mon Jul 02 08:09:00 EDT 2007> but was:<Mon Jul 02 08:01:00 EDT 2007>    at junit.framework.Assert.fail(Assert.java:57)
    at junit.framework.Assert.failNotEquals(Assert.java:329)
    at junit.framework.Assert.assertEquals(Assert.java:78)
    at junit.framework.TestCase.assertEquals(TestCase.java:244)
    at org.apache.commons.lang.time.DateUtilsTest.testRoundLang346(DateUtilsTest.java:712)
    at sun.reflect.NativeMethodAccessorImpl.invoke0(Native Method)

junit.framework.AssertionFailedError: Minute Round Up Failed expected:<Mon Jul 02 08:09:00 EDT 2007> but was:<Mon Jul 02 08:01:00 EDT 2007>
    at junit.framework.Assert.fail(Assert.java:57)
    at junit.framework.Assert.failNotEquals(Assert.java:329)
    at junit.framework.Assert.assertEquals(Assert.java:78)
    at junit.framework.TestCase.assertEquals(TestCase.java:244)
    at org.apache.commons.lang.time.DateUtilsTest.testRoundLang346(DateUtilsTest.java:712)
    at sun.reflect.NativeMethodAccessorImpl.invoke0(Native Method)
18:37:02.787 [pool-26-thread-1] INFO  f.i.l.c.t.SpecificationTestCasesListener - Tests run finished (2 ms)
<> Total tests run: 1
<> Ignored tests: 0
<> Failed tests: 1
~ testRoundLang346(org.apache.commons.lang.time.DateUtilsTest)
[Minute Round Up Failed expected:<Mon Jul 02 08:09:00 EDT 2007> but was:<Mon Jul 02 08:01:00 EDT 2007>]
junit.framework.AssertionFailedError: Minute Round Up Failed expected:<Mon Jul 02 08:09:00 EDT 2007> but was:<Mon Jul 02 08:01:00 EDT 2007>    at junit.framework.Assert.fail(Assert.java:57)
    at junit.framework.Assert.failNotEquals(Assert.java:329)
    at junit.framework.Assert.assertEquals(Assert.java:78)
    at junit.framework.TestCase.assertEquals(TestCase.java:244)
    at org.apache.commons.lang.time.DateUtilsTest.testRoundLang346(DateUtilsTest.java:712)
    at sun.reflect.NativeMethodAccessorImpl.invoke0(Native Method)

18:37:02.788 [pool-23-thread-1] DEBUG tests.output - Failing tests with false: 
[testRoundLang346(org.apache.commons.lang.time.DateUtilsTest): Minute Round Up Failed expected:<Mon Jul 02 08:09:00 EDT 2007> but was:<Mon Jul 02 08:01:00 EDT 2007>]
18:37:02.788 [pool-23-thread-1] DEBUG tests.output - Failing tests with true: 
[testRoundLang346(org.apache.commons.lang.time.DateUtilsTest): Minute Round Up Failed expected:<Mon Jul 02 08:09:00 EDT 2007> but was:<Mon Jul 02 08:01:00 EDT 2007>]
18:37:02.788 [pool-23-thread-1] INFO  f.i.l.r.n.synth.SMTNopolSynthesizer - Not enough specifications: 0. A trivial patch is "true" or "false", please write new tests specifying SourceLocation org.apache.commons.lang.time.DateUtils:437.
18:37:02.788 [pool-2-thread-1] DEBUG fr.inria.lille.repair.nopol.NoPol - looking with class fr.inria.lille.repair.nopol.spoon.smt.ConditionalReplacer
junit.framework.AssertionFailedError: Minute Round Up Failed expected:<Mon Jul 02 08:09:00 EDT 2007> but was:<Mon Jul 02 08:01:00 EDT 2007>
    at junit.framework.Assert.fail(Assert.java:57)
    at junit.framework.Assert.failNotEquals(Assert.java:329)
    at junit.framework.Assert.assertEquals(Assert.java:78)
    at junit.framework.TestCase.assertEquals(TestCase.java:244)
    at org.apache.commons.lang.time.DateUtilsTest.testRoundLang346(DateUtilsTest.java:712)
    at sun.reflect.NativeMethodAccessorImpl.invoke0(Native Method)
18:37:02.829 [pool-28-thread-1] INFO  xxl.java.junit.TestCasesListener - Tests run finished (33 ms)
<> Total tests run: 23
<> Ignored tests: 0
<> Failed tests: 1
~ testRoundLang346(org.apache.commons.lang.time.DateUtilsTest)
[Minute Round Up Failed expected:<Mon Jul 02 08:09:00 EDT 2007> but was:<Mon Jul 02 08:01:00 EDT 2007>]
junit.framework.AssertionFailedError: Minute Round Up Failed expected:<Mon Jul 02 08:09:00 EDT 2007> but was:<Mon Jul 02 08:01:00 EDT 2007>    at junit.framework.Assert.fail(Assert.java:57)
    at junit.framework.Assert.failNotEquals(Assert.java:329)
    at junit.framework.Assert.assertEquals(Assert.java:78)
    at junit.framework.TestCase.assertEquals(TestCase.java:244)
    at org.apache.commons.lang.time.DateUtilsTest.testRoundLang346(DateUtilsTest.java:712)
    at sun.reflect.NativeMethodAccessorImpl.invoke0(Native Method)

junit.framework.AssertionFailedError: Minute Round Up Failed expected:<Mon Jul 02 08:09:00 EDT 2007> but was:<Mon Jul 02 08:01:00 EDT 2007>
    at junit.framework.Assert.fail(Assert.java:57)
    at junit.framework.Assert.failNotEquals(Assert.java:329)
    at junit.framework.Assert.assertEquals(Assert.java:78)
    at junit.framework.TestCase.assertEquals(TestCase.java:244)
    at org.apache.commons.lang.time.DateUtilsTest.testRoundLang346(DateUtilsTest.java:712)
    at sun.reflect.NativeMethodAccessorImpl.invoke0(Native Method)
18:37:03.188 [pool-29-thread-1] INFO  f.i.l.c.t.SpecificationTestCasesListener - Tests run finished (3 ms)
<> Total tests run: 1
<> Ignored tests: 0
<> Failed tests: 1
~ testRoundLang346(org.apache.commons.lang.time.DateUtilsTest)
[Minute Round Up Failed expected:<Mon Jul 02 08:09:00 EDT 2007> but was:<Mon Jul 02 08:01:00 EDT 2007>]
junit.framework.AssertionFailedError: Minute Round Up Failed expected:<Mon Jul 02 08:09:00 EDT 2007> but was:<Mon Jul 02 08:01:00 EDT 2007>    at junit.framework.Assert.fail(Assert.java:57)
    at junit.framework.Assert.failNotEquals(Assert.java:329)
    at junit.framework.Assert.assertEquals(Assert.java:78)
    at junit.framework.TestCase.assertEquals(TestCase.java:244)
    at org.apache.commons.lang.time.DateUtilsTest.testRoundLang346(DateUtilsTest.java:712)
    at sun.reflect.NativeMethodAccessorImpl.invoke0(Native Method)

java.lang.IllegalArgumentException: The date must not be null
    at org.apache.commons.lang.time.DateUtils.round(DateUtils.java:169)
    at org.apache.commons.lang.time.DateUtilsTest.testRoundLang346(DateUtilsTest.java:712)
    at sun.reflect.NativeMethodAccessorImpl.invoke0(Native Method)
    at sun.reflect.NativeMethodAccessorImpl.invoke(NativeMethodAccessorImpl.java:62)
    at sun.reflect.DelegatingMethodAccessorImpl.invoke(DelegatingMethodAccessorImpl.java:43)
    at java.lang.reflect.Method.invoke(Method.java:498)
18:37:03.192 [pool-30-thread-1] INFO  f.i.l.c.t.SpecificationTestCasesListener - Tests run finished (1 ms)
<> Total tests run: 1
<> Ignored tests: 0
<> Failed tests: 1
~ testRoundLang346(org.apache.commons.lang.time.DateUtilsTest)
[The date must not be null]
java.lang.IllegalArgumentException: The date must not be null    at org.apache.commons.lang.time.DateUtils.round(DateUtils.java:169)
    at org.apache.commons.lang.time.DateUtilsTest.testRoundLang346(DateUtilsTest.java:712)
    at sun.reflect.NativeMethodAccessorImpl.invoke0(Native Method)
    at sun.reflect.NativeMethodAccessorImpl.invoke(NativeMethodAccessorImpl.java:62)
    at sun.reflect.DelegatingMethodAccessorImpl.invoke(DelegatingMethodAccessorImpl.java:43)
    at java.lang.reflect.Method.invoke(Method.java:498)

18:37:03.193 [pool-27-thread-1] DEBUG tests.output - Failing tests with false: 
[testRoundLang346(org.apache.commons.lang.time.DateUtilsTest): Minute Round Up Failed expected:<Mon Jul 02 08:09:00 EDT 2007> but was:<Mon Jul 02 08:01:00 EDT 2007>]
18:37:03.193 [pool-27-thread-1] DEBUG tests.output - Failing tests with true: 
[testRoundLang346(org.apache.commons.lang.time.DateUtilsTest): The date must not be null]
18:37:03.194 [pool-27-thread-1] INFO  f.i.l.r.n.synth.SMTNopolSynthesizer - Not enough specifications: 0. A trivial patch is "true" or "false", please write new tests specifying SourceLocation org.apache.commons.lang.time.DateUtils:437.
18:37:03.194 [pool-2-thread-1] DEBUG fr.inria.lille.repair.nopol.NoPol - statement #8
18:37:03.194 [pool-2-thread-1] DEBUG fr.inria.lille.repair.nopol.NoPol - Analysing SourceLocation org.apache.commons.lang.time.DateUtils:739 which is executed by 6 tests
1745874308
18:37:03.327 [pool-2-thread-1] DEBUG fr.inria.lille.repair.nopol.NoPol - looking with class fr.inria.lille.repair.nopol.spoon.smt.ConditionalAdder
junit.framework.AssertionFailedError: Minute Round Up Failed expected:<Mon Jul 02 08:09:00 EDT 2007> but was:<Mon Jul 02 08:01:00 EDT 2007>
    at junit.framework.Assert.fail(Assert.java:57)
    at junit.framework.Assert.failNotEquals(Assert.java:329)
    at junit.framework.Assert.assertEquals(Assert.java:78)
    at junit.framework.TestCase.assertEquals(TestCase.java:244)
    at org.apache.commons.lang.time.DateUtilsTest.testRoundLang346(DateUtilsTest.java:712)
    at sun.reflect.NativeMethodAccessorImpl.invoke0(Native Method)
18:37:03.367 [pool-32-thread-1] INFO  xxl.java.junit.TestCasesListener - Tests run finished (31 ms)
<> Total tests run: 23
<> Ignored tests: 0
<> Failed tests: 1
~ testRoundLang346(org.apache.commons.lang.time.DateUtilsTest)
[Minute Round Up Failed expected:<Mon Jul 02 08:09:00 EDT 2007> but was:<Mon Jul 02 08:01:00 EDT 2007>]
junit.framework.AssertionFailedError: Minute Round Up Failed expected:<Mon Jul 02 08:09:00 EDT 2007> but was:<Mon Jul 02 08:01:00 EDT 2007>    at junit.framework.Assert.fail(Assert.java:57)
    at junit.framework.Assert.failNotEquals(Assert.java:329)
    at junit.framework.Assert.assertEquals(Assert.java:78)
    at junit.framework.TestCase.assertEquals(TestCase.java:244)
    at org.apache.commons.lang.time.DateUtilsTest.testRoundLang346(DateUtilsTest.java:712)
    at sun.reflect.NativeMethodAccessorImpl.invoke0(Native Method)

junit.framework.AssertionFailedError: Minute Round Up Failed expected:<Mon Jul 02 08:09:00 EDT 2007> but was:<Mon Jul 02 08:01:50 EDT 2007>
    at junit.framework.Assert.fail(Assert.java:57)
    at junit.framework.Assert.failNotEquals(Assert.java:329)
    at junit.framework.Assert.assertEquals(Assert.java:78)
    at junit.framework.TestCase.assertEquals(TestCase.java:244)
    at org.apache.commons.lang.time.DateUtilsTest.testRoundLang346(DateUtilsTest.java:712)
    at sun.reflect.NativeMethodAccessorImpl.invoke0(Native Method)
18:37:03.679 [pool-33-thread-1] INFO  f.i.l.c.t.SpecificationTestCasesListener - Tests run finished (3 ms)
<> Total tests run: 1
<> Ignored tests: 0
<> Failed tests: 1
~ testRoundLang346(org.apache.commons.lang.time.DateUtilsTest)
[Minute Round Up Failed expected:<Mon Jul 02 08:09:00 EDT 2007> but was:<Mon Jul 02 08:01:50 EDT 2007>]
junit.framework.AssertionFailedError: Minute Round Up Failed expected:<Mon Jul 02 08:09:00 EDT 2007> but was:<Mon Jul 02 08:01:50 EDT 2007>    at junit.framework.Assert.fail(Assert.java:57)
    at junit.framework.Assert.failNotEquals(Assert.java:329)
    at junit.framework.Assert.assertEquals(Assert.java:78)
    at junit.framework.TestCase.assertEquals(TestCase.java:244)
    at org.apache.commons.lang.time.DateUtilsTest.testRoundLang346(DateUtilsTest.java:712)
    at sun.reflect.NativeMethodAccessorImpl.invoke0(Native Method)

junit.framework.AssertionFailedError: Minute Round Up Failed expected:<Mon Jul 02 08:09:00 EDT 2007> but was:<Mon Jul 02 08:01:00 EDT 2007>
    at junit.framework.Assert.fail(Assert.java:57)
    at junit.framework.Assert.failNotEquals(Assert.java:329)
    at junit.framework.Assert.assertEquals(Assert.java:78)
    at junit.framework.TestCase.assertEquals(TestCase.java:244)
    at org.apache.commons.lang.time.DateUtilsTest.testRoundLang346(DateUtilsTest.java:712)
    at sun.reflect.NativeMethodAccessorImpl.invoke0(Native Method)
18:37:03.683 [pool-34-thread-1] INFO  f.i.l.c.t.SpecificationTestCasesListener - Tests run finished (2 ms)
<> Total tests run: 1
<> Ignored tests: 0
<> Failed tests: 1
~ testRoundLang346(org.apache.commons.lang.time.DateUtilsTest)
[Minute Round Up Failed expected:<Mon Jul 02 08:09:00 EDT 2007> but was:<Mon Jul 02 08:01:00 EDT 2007>]
junit.framework.AssertionFailedError: Minute Round Up Failed expected:<Mon Jul 02 08:09:00 EDT 2007> but was:<Mon Jul 02 08:01:00 EDT 2007>    at junit.framework.Assert.fail(Assert.java:57)
    at junit.framework.Assert.failNotEquals(Assert.java:329)
    at junit.framework.Assert.assertEquals(Assert.java:78)
    at junit.framework.TestCase.assertEquals(TestCase.java:244)
    at org.apache.commons.lang.time.DateUtilsTest.testRoundLang346(DateUtilsTest.java:712)
    at sun.reflect.NativeMethodAccessorImpl.invoke0(Native Method)

18:37:03.683 [pool-31-thread-1] DEBUG tests.output - Failing tests with false: 
[testRoundLang346(org.apache.commons.lang.time.DateUtilsTest): Minute Round Up Failed expected:<Mon Jul 02 08:09:00 EDT 2007> but was:<Mon Jul 02 08:01:50 EDT 2007>]
18:37:03.683 [pool-31-thread-1] DEBUG tests.output - Failing tests with true: 
[testRoundLang346(org.apache.commons.lang.time.DateUtilsTest): Minute Round Up Failed expected:<Mon Jul 02 08:09:00 EDT 2007> but was:<Mon Jul 02 08:01:00 EDT 2007>]
18:37:03.684 [pool-31-thread-1] INFO  f.i.l.r.n.synth.SMTNopolSynthesizer - Not enough specifications: 0. A trivial patch is "true" or "false", please write new tests specifying SourceLocation org.apache.commons.lang.time.DateUtils:739.
18:37:03.684 [pool-2-thread-1] DEBUG fr.inria.lille.repair.nopol.NoPol - statement #9
18:37:03.684 [pool-2-thread-1] DEBUG fr.inria.lille.repair.nopol.NoPol - Analysing SourceLocation org.apache.commons.lang.time.DateUtils:738 which is executed by 6 tests
1745874308
18:37:03.816 [pool-2-thread-1] DEBUG fr.inria.lille.repair.nopol.NoPol - looking with class fr.inria.lille.repair.nopol.spoon.smt.ConditionalAdder
junit.framework.AssertionFailedError: Minute Round Up Failed expected:<Mon Jul 02 08:09:00 EDT 2007> but was:<Mon Jul 02 08:01:00 EDT 2007>
    at junit.framework.Assert.fail(Assert.java:57)
    at junit.framework.Assert.failNotEquals(Assert.java:329)
    at junit.framework.Assert.assertEquals(Assert.java:78)
    at junit.framework.TestCase.assertEquals(TestCase.java:244)
    at org.apache.commons.lang.time.DateUtilsTest.testRoundLang346(DateUtilsTest.java:712)
    at sun.reflect.NativeMethodAccessorImpl.invoke0(Native Method)
18:37:03.857 [pool-36-thread-1] INFO  xxl.java.junit.TestCasesListener - Tests run finished (33 ms)
<> Total tests run: 23
<> Ignored tests: 0
<> Failed tests: 1
~ testRoundLang346(org.apache.commons.lang.time.DateUtilsTest)
[Minute Round Up Failed expected:<Mon Jul 02 08:09:00 EDT 2007> but was:<Mon Jul 02 08:01:00 EDT 2007>]
junit.framework.AssertionFailedError: Minute Round Up Failed expected:<Mon Jul 02 08:09:00 EDT 2007> but was:<Mon Jul 02 08:01:00 EDT 2007>    at junit.framework.Assert.fail(Assert.java:57)
    at junit.framework.Assert.failNotEquals(Assert.java:329)
    at junit.framework.Assert.assertEquals(Assert.java:78)
    at junit.framework.TestCase.assertEquals(TestCase.java:244)
    at org.apache.commons.lang.time.DateUtilsTest.testRoundLang346(DateUtilsTest.java:712)
    at sun.reflect.NativeMethodAccessorImpl.invoke0(Native Method)

junit.framework.AssertionFailedError: Minute Round Up Failed expected:<Mon Jul 02 08:09:00 EDT 2007> but was:<Mon Jul 02 08:01:50 EDT 2007>
    at junit.framework.Assert.fail(Assert.java:57)
    at junit.framework.Assert.failNotEquals(Assert.java:329)
    at junit.framework.Assert.assertEquals(Assert.java:78)
    at junit.framework.TestCase.assertEquals(TestCase.java:244)
    at org.apache.commons.lang.time.DateUtilsTest.testRoundLang346(DateUtilsTest.java:712)
    at sun.reflect.NativeMethodAccessorImpl.invoke0(Native Method)
18:37:04.158 [pool-37-thread-1] INFO  f.i.l.c.t.SpecificationTestCasesListener - Tests run finished (4 ms)
<> Total tests run: 1
<> Ignored tests: 0
<> Failed tests: 1
~ testRoundLang346(org.apache.commons.lang.time.DateUtilsTest)
[Minute Round Up Failed expected:<Mon Jul 02 08:09:00 EDT 2007> but was:<Mon Jul 02 08:01:50 EDT 2007>]
junit.framework.AssertionFailedError: Minute Round Up Failed expected:<Mon Jul 02 08:09:00 EDT 2007> but was:<Mon Jul 02 08:01:50 EDT 2007>    at junit.framework.Assert.fail(Assert.java:57)
    at junit.framework.Assert.failNotEquals(Assert.java:329)
    at junit.framework.Assert.assertEquals(Assert.java:78)
    at junit.framework.TestCase.assertEquals(TestCase.java:244)
    at org.apache.commons.lang.time.DateUtilsTest.testRoundLang346(DateUtilsTest.java:712)
    at sun.reflect.NativeMethodAccessorImpl.invoke0(Native Method)

junit.framework.AssertionFailedError: Minute Round Up Failed expected:<Mon Jul 02 08:09:00 EDT 2007> but was:<Mon Jul 02 08:01:00 EDT 2007>
    at junit.framework.Assert.fail(Assert.java:57)
    at junit.framework.Assert.failNotEquals(Assert.java:329)
    at junit.framework.Assert.assertEquals(Assert.java:78)
    at junit.framework.TestCase.assertEquals(TestCase.java:244)
    at org.apache.commons.lang.time.DateUtilsTest.testRoundLang346(DateUtilsTest.java:712)
    at sun.reflect.NativeMethodAccessorImpl.invoke0(Native Method)
18:37:04.161 [pool-38-thread-1] INFO  f.i.l.c.t.SpecificationTestCasesListener - Tests run finished (1 ms)
<> Total tests run: 1
<> Ignored tests: 0
<> Failed tests: 1
~ testRoundLang346(org.apache.commons.lang.time.DateUtilsTest)
[Minute Round Up Failed expected:<Mon Jul 02 08:09:00 EDT 2007> but was:<Mon Jul 02 08:01:00 EDT 2007>]
junit.framework.AssertionFailedError: Minute Round Up Failed expected:<Mon Jul 02 08:09:00 EDT 2007> but was:<Mon Jul 02 08:01:00 EDT 2007>    at junit.framework.Assert.fail(Assert.java:57)
    at junit.framework.Assert.failNotEquals(Assert.java:329)
    at junit.framework.Assert.assertEquals(Assert.java:78)
    at junit.framework.TestCase.assertEquals(TestCase.java:244)
    at org.apache.commons.lang.time.DateUtilsTest.testRoundLang346(DateUtilsTest.java:712)
    at sun.reflect.NativeMethodAccessorImpl.invoke0(Native Method)

18:37:04.162 [pool-35-thread-1] DEBUG tests.output - Failing tests with false: 
[testRoundLang346(org.apache.commons.lang.time.DateUtilsTest): Minute Round Up Failed expected:<Mon Jul 02 08:09:00 EDT 2007> but was:<Mon Jul 02 08:01:50 EDT 2007>]
18:37:04.162 [pool-35-thread-1] DEBUG tests.output - Failing tests with true: 
[testRoundLang346(org.apache.commons.lang.time.DateUtilsTest): Minute Round Up Failed expected:<Mon Jul 02 08:09:00 EDT 2007> but was:<Mon Jul 02 08:01:00 EDT 2007>]
18:37:04.163 [pool-35-thread-1] INFO  f.i.l.r.n.synth.SMTNopolSynthesizer - Not enough specifications: 0. A trivial patch is "true" or "false", please write new tests specifying SourceLocation org.apache.commons.lang.time.DateUtils:738.
18:37:04.163 [pool-2-thread-1] DEBUG fr.inria.lille.repair.nopol.NoPol - looking with class fr.inria.lille.repair.nopol.spoon.smt.ConditionalReplacer
junit.framework.AssertionFailedError: Minute Round Up Failed expected:<Mon Jul 02 08:09:00 EDT 2007> but was:<Mon Jul 02 08:01:00 EDT 2007>
    at junit.framework.Assert.fail(Assert.java:57)
    at junit.framework.Assert.failNotEquals(Assert.java:329)
    at junit.framework.Assert.assertEquals(Assert.java:78)
    at junit.framework.TestCase.assertEquals(TestCase.java:244)
    at org.apache.commons.lang.time.DateUtilsTest.testRoundLang346(DateUtilsTest.java:712)
    at sun.reflect.NativeMethodAccessorImpl.invoke0(Native Method)
18:37:04.441 [pool-40-thread-1] INFO  xxl.java.junit.TestCasesListener - Tests run finished (34 ms)
<> Total tests run: 23
<> Ignored tests: 0
<> Failed tests: 1
~ testRoundLang346(org.apache.commons.lang.time.DateUtilsTest)
[Minute Round Up Failed expected:<Mon Jul 02 08:09:00 EDT 2007> but was:<Mon Jul 02 08:01:00 EDT 2007>]
junit.framework.AssertionFailedError: Minute Round Up Failed expected:<Mon Jul 02 08:09:00 EDT 2007> but was:<Mon Jul 02 08:01:00 EDT 2007>    at junit.framework.Assert.fail(Assert.java:57)
    at junit.framework.Assert.failNotEquals(Assert.java:329)
    at junit.framework.Assert.assertEquals(Assert.java:78)
    at junit.framework.TestCase.assertEquals(TestCase.java:244)
    at org.apache.commons.lang.time.DateUtilsTest.testRoundLang346(DateUtilsTest.java:712)
    at sun.reflect.NativeMethodAccessorImpl.invoke0(Native Method)

junit.framework.AssertionFailedError: Minute Round Up Failed expected:<Mon Jul 02 08:09:00 EDT 2007> but was:<Mon Jul 02 08:01:50 EDT 2007>
    at junit.framework.Assert.fail(Assert.java:57)
    at junit.framework.Assert.failNotEquals(Assert.java:329)
    at junit.framework.Assert.assertEquals(Assert.java:78)
    at junit.framework.TestCase.assertEquals(TestCase.java:244)
    at org.apache.commons.lang.time.DateUtilsTest.testRoundLang346(DateUtilsTest.java:712)
    at sun.reflect.NativeMethodAccessorImpl.invoke0(Native Method)
18:37:04.766 [pool-41-thread-1] INFO  f.i.l.c.t.SpecificationTestCasesListener - Tests run finished (3 ms)
<> Total tests run: 1
<> Ignored tests: 0
<> Failed tests: 1
~ testRoundLang346(org.apache.commons.lang.time.DateUtilsTest)
[Minute Round Up Failed expected:<Mon Jul 02 08:09:00 EDT 2007> but was:<Mon Jul 02 08:01:50 EDT 2007>]
junit.framework.AssertionFailedError: Minute Round Up Failed expected:<Mon Jul 02 08:09:00 EDT 2007> but was:<Mon Jul 02 08:01:50 EDT 2007>    at junit.framework.Assert.fail(Assert.java:57)
    at junit.framework.Assert.failNotEquals(Assert.java:329)
    at junit.framework.Assert.assertEquals(Assert.java:78)
    at junit.framework.TestCase.assertEquals(TestCase.java:244)
    at org.apache.commons.lang.time.DateUtilsTest.testRoundLang346(DateUtilsTest.java:712)
    at sun.reflect.NativeMethodAccessorImpl.invoke0(Native Method)

junit.framework.AssertionFailedError: Minute Round Up Failed expected:<Mon Jul 02 08:09:00 EDT 2007> but was:<Mon Jul 02 08:01:00 EDT 2007>
    at junit.framework.Assert.fail(Assert.java:57)
    at junit.framework.Assert.failNotEquals(Assert.java:329)
    at junit.framework.Assert.assertEquals(Assert.java:78)
    at junit.framework.TestCase.assertEquals(TestCase.java:244)
    at org.apache.commons.lang.time.DateUtilsTest.testRoundLang346(DateUtilsTest.java:712)
    at sun.reflect.NativeMethodAccessorImpl.invoke0(Native Method)
18:37:04.769 [pool-42-thread-1] INFO  f.i.l.c.t.SpecificationTestCasesListener - Tests run finished (2 ms)
<> Total tests run: 1
<> Ignored tests: 0
<> Failed tests: 1
~ testRoundLang346(org.apache.commons.lang.time.DateUtilsTest)
[Minute Round Up Failed expected:<Mon Jul 02 08:09:00 EDT 2007> but was:<Mon Jul 02 08:01:00 EDT 2007>]
junit.framework.AssertionFailedError: Minute Round Up Failed expected:<Mon Jul 02 08:09:00 EDT 2007> but was:<Mon Jul 02 08:01:00 EDT 2007>    at junit.framework.Assert.fail(Assert.java:57)
    at junit.framework.Assert.failNotEquals(Assert.java:329)
    at junit.framework.Assert.assertEquals(Assert.java:78)
    at junit.framework.TestCase.assertEquals(TestCase.java:244)
    at org.apache.commons.lang.time.DateUtilsTest.testRoundLang346(DateUtilsTest.java:712)
    at sun.reflect.NativeMethodAccessorImpl.invoke0(Native Method)

18:37:04.770 [pool-39-thread-1] DEBUG tests.output - Failing tests with false: 
[testRoundLang346(org.apache.commons.lang.time.DateUtilsTest): Minute Round Up Failed expected:<Mon Jul 02 08:09:00 EDT 2007> but was:<Mon Jul 02 08:01:50 EDT 2007>]
18:37:04.770 [pool-39-thread-1] DEBUG tests.output - Failing tests with true: 
[testRoundLang346(org.apache.commons.lang.time.DateUtilsTest): Minute Round Up Failed expected:<Mon Jul 02 08:09:00 EDT 2007> but was:<Mon Jul 02 08:01:00 EDT 2007>]
18:37:04.770 [pool-39-thread-1] INFO  f.i.l.r.n.synth.SMTNopolSynthesizer - Not enough specifications: 0. A trivial patch is "true" or "false", please write new tests specifying SourceLocation org.apache.commons.lang.time.DateUtils:738.
18:37:04.770 [pool-2-thread-1] DEBUG fr.inria.lille.repair.nopol.NoPol - statement #10
18:37:04.771 [pool-2-thread-1] DEBUG fr.inria.lille.repair.nopol.NoPol - Analysing SourceLocation org.apache.commons.lang.time.DateUtils:735 which is executed by 6 tests
1745874308
18:37:04.903 [pool-2-thread-1] DEBUG fr.inria.lille.repair.nopol.NoPol - looking with class fr.inria.lille.repair.nopol.spoon.smt.ConditionalAdder
junit.framework.AssertionFailedError: Minute Round Up Failed expected:<Mon Jul 02 08:09:00 EDT 2007> but was:<Mon Jul 02 08:01:00 EDT 2007>
    at junit.framework.Assert.fail(Assert.java:57)
    at junit.framework.Assert.failNotEquals(Assert.java:329)
    at junit.framework.Assert.assertEquals(Assert.java:78)
    at junit.framework.TestCase.assertEquals(TestCase.java:244)
    at org.apache.commons.lang.time.DateUtilsTest.testRoundLang346(DateUtilsTest.java:712)
    at sun.reflect.NativeMethodAccessorImpl.invoke0(Native Method)
18:37:04.942 [pool-44-thread-1] INFO  xxl.java.junit.TestCasesListener - Tests run finished (29 ms)
<> Total tests run: 23
<> Ignored tests: 0
<> Failed tests: 1
~ testRoundLang346(org.apache.commons.lang.time.DateUtilsTest)
[Minute Round Up Failed expected:<Mon Jul 02 08:09:00 EDT 2007> but was:<Mon Jul 02 08:01:00 EDT 2007>]
junit.framework.AssertionFailedError: Minute Round Up Failed expected:<Mon Jul 02 08:09:00 EDT 2007> but was:<Mon Jul 02 08:01:00 EDT 2007>    at junit.framework.Assert.fail(Assert.java:57)
    at junit.framework.Assert.failNotEquals(Assert.java:329)
    at junit.framework.Assert.assertEquals(Assert.java:78)
    at junit.framework.TestCase.assertEquals(TestCase.java:244)
    at org.apache.commons.lang.time.DateUtilsTest.testRoundLang346(DateUtilsTest.java:712)
    at sun.reflect.NativeMethodAccessorImpl.invoke0(Native Method)

junit.framework.AssertionFailedError: Minute Round Up Failed expected:<Mon Jul 02 08:09:00 EDT 2007> but was:<Mon Jul 02 08:00:00 EDT 2007>
    at junit.framework.Assert.fail(Assert.java:57)
    at junit.framework.Assert.failNotEquals(Assert.java:329)
    at junit.framework.Assert.assertEquals(Assert.java:78)
    at junit.framework.TestCase.assertEquals(TestCase.java:244)
    at org.apache.commons.lang.time.DateUtilsTest.testRoundLang346(DateUtilsTest.java:712)
    at sun.reflect.NativeMethodAccessorImpl.invoke0(Native Method)
18:37:05.235 [pool-45-thread-1] INFO  f.i.l.c.t.SpecificationTestCasesListener - Tests run finished (3 ms)
<> Total tests run: 1
<> Ignored tests: 0
<> Failed tests: 1
~ testRoundLang346(org.apache.commons.lang.time.DateUtilsTest)
[Minute Round Up Failed expected:<Mon Jul 02 08:09:00 EDT 2007> but was:<Mon Jul 02 08:00:00 EDT 2007>]
junit.framework.AssertionFailedError: Minute Round Up Failed expected:<Mon Jul 02 08:09:00 EDT 2007> but was:<Mon Jul 02 08:00:00 EDT 2007>    at junit.framework.Assert.fail(Assert.java:57)
    at junit.framework.Assert.failNotEquals(Assert.java:329)
    at junit.framework.Assert.assertEquals(Assert.java:78)
    at junit.framework.TestCase.assertEquals(TestCase.java:244)
    at org.apache.commons.lang.time.DateUtilsTest.testRoundLang346(DateUtilsTest.java:712)
    at sun.reflect.NativeMethodAccessorImpl.invoke0(Native Method)

junit.framework.AssertionFailedError: Minute Round Up Failed expected:<Mon Jul 02 08:09:00 EDT 2007> but was:<Mon Jul 02 08:01:00 EDT 2007>
    at junit.framework.Assert.fail(Assert.java:57)
    at junit.framework.Assert.failNotEquals(Assert.java:329)
    at junit.framework.Assert.assertEquals(Assert.java:78)
    at junit.framework.TestCase.assertEquals(TestCase.java:244)
    at org.apache.commons.lang.time.DateUtilsTest.testRoundLang346(DateUtilsTest.java:712)
    at sun.reflect.NativeMethodAccessorImpl.invoke0(Native Method)
18:37:05.238 [pool-46-thread-1] INFO  f.i.l.c.t.SpecificationTestCasesListener - Tests run finished (2 ms)
<> Total tests run: 1
<> Ignored tests: 0
<> Failed tests: 1
~ testRoundLang346(org.apache.commons.lang.time.DateUtilsTest)
[Minute Round Up Failed expected:<Mon Jul 02 08:09:00 EDT 2007> but was:<Mon Jul 02 08:01:00 EDT 2007>]
junit.framework.AssertionFailedError: Minute Round Up Failed expected:<Mon Jul 02 08:09:00 EDT 2007> but was:<Mon Jul 02 08:01:00 EDT 2007>    at junit.framework.Assert.fail(Assert.java:57)
    at junit.framework.Assert.failNotEquals(Assert.java:329)
    at junit.framework.Assert.assertEquals(Assert.java:78)
    at junit.framework.TestCase.assertEquals(TestCase.java:244)
    at org.apache.commons.lang.time.DateUtilsTest.testRoundLang346(DateUtilsTest.java:712)
    at sun.reflect.NativeMethodAccessorImpl.invoke0(Native Method)

18:37:05.238 [pool-43-thread-1] DEBUG tests.output - Failing tests with false: 
[testRoundLang346(org.apache.commons.lang.time.DateUtilsTest): Minute Round Up Failed expected:<Mon Jul 02 08:09:00 EDT 2007> but was:<Mon Jul 02 08:00:00 EDT 2007>]
18:37:05.239 [pool-43-thread-1] DEBUG tests.output - Failing tests with true: 
[testRoundLang346(org.apache.commons.lang.time.DateUtilsTest): Minute Round Up Failed expected:<Mon Jul 02 08:09:00 EDT 2007> but was:<Mon Jul 02 08:01:00 EDT 2007>]
18:37:05.239 [pool-43-thread-1] INFO  f.i.l.r.n.synth.SMTNopolSynthesizer - Not enough specifications: 0. A trivial patch is "true" or "false", please write new tests specifying SourceLocation org.apache.commons.lang.time.DateUtils:735.
18:37:05.239 [pool-2-thread-1] DEBUG fr.inria.lille.repair.nopol.NoPol - statement #11
18:37:05.239 [pool-2-thread-1] DEBUG fr.inria.lille.repair.nopol.NoPol - Analysing SourceLocation org.apache.commons.lang.time.DateUtils:733 which is executed by 6 tests
1745874308
18:37:05.369 [pool-2-thread-1] DEBUG fr.inria.lille.repair.nopol.NoPol - looking with class fr.inria.lille.repair.nopol.spoon.smt.ConditionalAdder
junit.framework.AssertionFailedError: Minute Round Up Failed expected:<Mon Jul 02 08:09:00 EDT 2007> but was:<Mon Jul 02 08:01:00 EDT 2007>
    at junit.framework.Assert.fail(Assert.java:57)
    at junit.framework.Assert.failNotEquals(Assert.java:329)
    at junit.framework.Assert.assertEquals(Assert.java:78)
    at junit.framework.TestCase.assertEquals(TestCase.java:244)
    at org.apache.commons.lang.time.DateUtilsTest.testRoundLang346(DateUtilsTest.java:712)
    at sun.reflect.NativeMethodAccessorImpl.invoke0(Native Method)
18:37:05.402 [pool-48-thread-1] INFO  xxl.java.junit.TestCasesListener - Tests run finished (26 ms)
<> Total tests run: 23
<> Ignored tests: 0
<> Failed tests: 1
~ testRoundLang346(org.apache.commons.lang.time.DateUtilsTest)
[Minute Round Up Failed expected:<Mon Jul 02 08:09:00 EDT 2007> but was:<Mon Jul 02 08:01:00 EDT 2007>]
junit.framework.AssertionFailedError: Minute Round Up Failed expected:<Mon Jul 02 08:09:00 EDT 2007> but was:<Mon Jul 02 08:01:00 EDT 2007>    at junit.framework.Assert.fail(Assert.java:57)
    at junit.framework.Assert.failNotEquals(Assert.java:329)
    at junit.framework.Assert.assertEquals(Assert.java:78)
    at junit.framework.TestCase.assertEquals(TestCase.java:244)
    at org.apache.commons.lang.time.DateUtilsTest.testRoundLang346(DateUtilsTest.java:712)
    at sun.reflect.NativeMethodAccessorImpl.invoke0(Native Method)

junit.framework.AssertionFailedError: Minute Round Up Failed expected:<Mon Jul 02 08:09:00 EDT 2007> but was:<Mon Jul 02 08:00:50 EDT 2007>
    at junit.framework.Assert.fail(Assert.java:57)
    at junit.framework.Assert.failNotEquals(Assert.java:329)
    at junit.framework.Assert.assertEquals(Assert.java:78)
    at junit.framework.TestCase.assertEquals(TestCase.java:244)
    at org.apache.commons.lang.time.DateUtilsTest.testRoundLang346(DateUtilsTest.java:712)
    at sun.reflect.NativeMethodAccessorImpl.invoke0(Native Method)
18:37:05.719 [pool-49-thread-1] INFO  f.i.l.c.t.SpecificationTestCasesListener - Tests run finished (5 ms)
<> Total tests run: 1
<> Ignored tests: 0
<> Failed tests: 1
~ testRoundLang346(org.apache.commons.lang.time.DateUtilsTest)
[Minute Round Up Failed expected:<Mon Jul 02 08:09:00 EDT 2007> but was:<Mon Jul 02 08:00:50 EDT 2007>]
junit.framework.AssertionFailedError: Minute Round Up Failed expected:<Mon Jul 02 08:09:00 EDT 2007> but was:<Mon Jul 02 08:00:50 EDT 2007>    at junit.framework.Assert.fail(Assert.java:57)
    at junit.framework.Assert.failNotEquals(Assert.java:329)
    at junit.framework.Assert.assertEquals(Assert.java:78)
    at junit.framework.TestCase.assertEquals(TestCase.java:244)
    at org.apache.commons.lang.time.DateUtilsTest.testRoundLang346(DateUtilsTest.java:712)
    at sun.reflect.NativeMethodAccessorImpl.invoke0(Native Method)

junit.framework.AssertionFailedError: Minute Round Up Failed expected:<Mon Jul 02 08:09:00 EDT 2007> but was:<Mon Jul 02 08:01:00 EDT 2007>
    at junit.framework.Assert.fail(Assert.java:57)
    at junit.framework.Assert.failNotEquals(Assert.java:329)
    at junit.framework.Assert.assertEquals(Assert.java:78)
    at junit.framework.TestCase.assertEquals(TestCase.java:244)
    at org.apache.commons.lang.time.DateUtilsTest.testRoundLang346(DateUtilsTest.java:712)
    at sun.reflect.NativeMethodAccessorImpl.invoke0(Native Method)
18:37:05.723 [pool-50-thread-1] INFO  f.i.l.c.t.SpecificationTestCasesListener - Tests run finished (2 ms)
<> Total tests run: 1
<> Ignored tests: 0
<> Failed tests: 1
~ testRoundLang346(org.apache.commons.lang.time.DateUtilsTest)
[Minute Round Up Failed expected:<Mon Jul 02 08:09:00 EDT 2007> but was:<Mon Jul 02 08:01:00 EDT 2007>]
junit.framework.AssertionFailedError: Minute Round Up Failed expected:<Mon Jul 02 08:09:00 EDT 2007> but was:<Mon Jul 02 08:01:00 EDT 2007>    at junit.framework.Assert.fail(Assert.java:57)
    at junit.framework.Assert.failNotEquals(Assert.java:329)
    at junit.framework.Assert.assertEquals(Assert.java:78)
    at junit.framework.TestCase.assertEquals(TestCase.java:244)
    at org.apache.commons.lang.time.DateUtilsTest.testRoundLang346(DateUtilsTest.java:712)
    at sun.reflect.NativeMethodAccessorImpl.invoke0(Native Method)

18:37:05.724 [pool-47-thread-1] DEBUG tests.output - Failing tests with false: 
[testRoundLang346(org.apache.commons.lang.time.DateUtilsTest): Minute Round Up Failed expected:<Mon Jul 02 08:09:00 EDT 2007> but was:<Mon Jul 02 08:00:50 EDT 2007>]
18:37:05.724 [pool-47-thread-1] DEBUG tests.output - Failing tests with true: 
[testRoundLang346(org.apache.commons.lang.time.DateUtilsTest): Minute Round Up Failed expected:<Mon Jul 02 08:09:00 EDT 2007> but was:<Mon Jul 02 08:01:00 EDT 2007>]
18:37:05.724 [pool-47-thread-1] INFO  f.i.l.r.n.synth.SMTNopolSynthesizer - Not enough specifications: 0. A trivial patch is "true" or "false", please write new tests specifying SourceLocation org.apache.commons.lang.time.DateUtils:733.
18:37:05.724 [pool-2-thread-1] DEBUG fr.inria.lille.repair.nopol.NoPol - statement #12
18:37:05.724 [pool-2-thread-1] DEBUG fr.inria.lille.repair.nopol.NoPol - Analysing SourceLocation org.apache.commons.lang.time.DateUtils:731 which is executed by 6 tests
1745874308
18:37:05.866 [pool-2-thread-1] DEBUG fr.inria.lille.repair.nopol.NoPol - statement #13
18:37:05.866 [pool-2-thread-1] DEBUG fr.inria.lille.repair.nopol.NoPol - Analysing SourceLocation org.apache.commons.lang.time.DateUtils:730 which is executed by 6 tests
1745874308
18:37:05.993 [pool-2-thread-1] DEBUG fr.inria.lille.repair.nopol.NoPol - statement #14
18:37:05.994 [pool-2-thread-1] DEBUG fr.inria.lille.repair.nopol.NoPol - Analysing SourceLocation org.apache.commons.lang.time.DateUtils:729 which is executed by 6 tests
1745874308
18:37:06.119 [pool-2-thread-1] DEBUG fr.inria.lille.repair.nopol.NoPol - looking with class fr.inria.lille.repair.nopol.spoon.smt.ConditionalAdder
junit.framework.AssertionFailedError: Minute Round Up Failed expected:<Mon Jul 02 08:09:00 EDT 2007> but was:<Mon Jul 02 08:01:00 EDT 2007>
    at junit.framework.Assert.fail(Assert.java:57)
    at junit.framework.Assert.failNotEquals(Assert.java:329)
    at junit.framework.Assert.assertEquals(Assert.java:78)
    at junit.framework.TestCase.assertEquals(TestCase.java:244)
    at org.apache.commons.lang.time.DateUtilsTest.testRoundLang346(DateUtilsTest.java:712)
    at sun.reflect.NativeMethodAccessorImpl.invoke0(Native Method)
18:37:06.154 [pool-52-thread-1] INFO  xxl.java.junit.TestCasesListener - Tests run finished (26 ms)
<> Total tests run: 23
<> Ignored tests: 0
<> Failed tests: 1
~ testRoundLang346(org.apache.commons.lang.time.DateUtilsTest)
[Minute Round Up Failed expected:<Mon Jul 02 08:09:00 EDT 2007> but was:<Mon Jul 02 08:01:00 EDT 2007>]
junit.framework.AssertionFailedError: Minute Round Up Failed expected:<Mon Jul 02 08:09:00 EDT 2007> but was:<Mon Jul 02 08:01:00 EDT 2007>    at junit.framework.Assert.fail(Assert.java:57)
    at junit.framework.Assert.failNotEquals(Assert.java:329)
    at junit.framework.Assert.assertEquals(Assert.java:78)
    at junit.framework.TestCase.assertEquals(TestCase.java:244)
    at org.apache.commons.lang.time.DateUtilsTest.testRoundLang346(DateUtilsTest.java:712)
    at sun.reflect.NativeMethodAccessorImpl.invoke0(Native Method)

junit.framework.AssertionFailedError: Minute Round Up Failed expected:<Mon Jul 02 08:09:00 EDT 2007> but was:<Mon Jul 02 08:00:50 EDT 2007>
    at junit.framework.Assert.fail(Assert.java:57)
    at junit.framework.Assert.failNotEquals(Assert.java:329)
    at junit.framework.Assert.assertEquals(Assert.java:78)
    at junit.framework.TestCase.assertEquals(TestCase.java:244)
    at org.apache.commons.lang.time.DateUtilsTest.testRoundLang346(DateUtilsTest.java:712)
    at sun.reflect.NativeMethodAccessorImpl.invoke0(Native Method)
18:37:06.427 [pool-53-thread-1] INFO  f.i.l.c.t.SpecificationTestCasesListener - Tests run finished (3 ms)
<> Total tests run: 1
<> Ignored tests: 0
<> Failed tests: 1
~ testRoundLang346(org.apache.commons.lang.time.DateUtilsTest)
[Minute Round Up Failed expected:<Mon Jul 02 08:09:00 EDT 2007> but was:<Mon Jul 02 08:00:50 EDT 2007>]
junit.framework.AssertionFailedError: Minute Round Up Failed expected:<Mon Jul 02 08:09:00 EDT 2007> but was:<Mon Jul 02 08:00:50 EDT 2007>    at junit.framework.Assert.fail(Assert.java:57)
    at junit.framework.Assert.failNotEquals(Assert.java:329)
    at junit.framework.Assert.assertEquals(Assert.java:78)
    at junit.framework.TestCase.assertEquals(TestCase.java:244)
    at org.apache.commons.lang.time.DateUtilsTest.testRoundLang346(DateUtilsTest.java:712)
    at sun.reflect.NativeMethodAccessorImpl.invoke0(Native Method)

junit.framework.AssertionFailedError: Minute Round Up Failed expected:<Mon Jul 02 08:09:00 EDT 2007> but was:<Mon Jul 02 08:01:00 EDT 2007>
    at junit.framework.Assert.fail(Assert.java:57)
    at junit.framework.Assert.failNotEquals(Assert.java:329)
    at junit.framework.Assert.assertEquals(Assert.java:78)
    at junit.framework.TestCase.assertEquals(TestCase.java:244)
    at org.apache.commons.lang.time.DateUtilsTest.testRoundLang346(DateUtilsTest.java:712)
    at sun.reflect.NativeMethodAccessorImpl.invoke0(Native Method)
18:37:06.431 [pool-54-thread-1] INFO  f.i.l.c.t.SpecificationTestCasesListener - Tests run finished (1 ms)
<> Total tests run: 1
<> Ignored tests: 0
<> Failed tests: 1
~ testRoundLang346(org.apache.commons.lang.time.DateUtilsTest)
[Minute Round Up Failed expected:<Mon Jul 02 08:09:00 EDT 2007> but was:<Mon Jul 02 08:01:00 EDT 2007>]
junit.framework.AssertionFailedError: Minute Round Up Failed expected:<Mon Jul 02 08:09:00 EDT 2007> but was:<Mon Jul 02 08:01:00 EDT 2007>    at junit.framework.Assert.fail(Assert.java:57)
    at junit.framework.Assert.failNotEquals(Assert.java:329)
    at junit.framework.Assert.assertEquals(Assert.java:78)
    at junit.framework.TestCase.assertEquals(TestCase.java:244)
    at org.apache.commons.lang.time.DateUtilsTest.testRoundLang346(DateUtilsTest.java:712)
    at sun.reflect.NativeMethodAccessorImpl.invoke0(Native Method)

18:37:06.431 [pool-51-thread-1] DEBUG tests.output - Failing tests with false: 
[testRoundLang346(org.apache.commons.lang.time.DateUtilsTest): Minute Round Up Failed expected:<Mon Jul 02 08:09:00 EDT 2007> but was:<Mon Jul 02 08:00:50 EDT 2007>]
18:37:06.431 [pool-51-thread-1] DEBUG tests.output - Failing tests with true: 
[testRoundLang346(org.apache.commons.lang.time.DateUtilsTest): Minute Round Up Failed expected:<Mon Jul 02 08:09:00 EDT 2007> but was:<Mon Jul 02 08:01:00 EDT 2007>]
18:37:06.432 [pool-51-thread-1] INFO  f.i.l.r.n.synth.SMTNopolSynthesizer - Not enough specifications: 0. A trivial patch is "true" or "false", please write new tests specifying SourceLocation org.apache.commons.lang.time.DateUtils:729.
18:37:06.432 [pool-2-thread-1] DEBUG fr.inria.lille.repair.nopol.NoPol - looking with class fr.inria.lille.repair.nopol.spoon.smt.ConditionalReplacer
junit.framework.AssertionFailedError: Minute Round Up Failed expected:<Mon Jul 02 08:09:00 EDT 2007> but was:<Mon Jul 02 08:01:00 EDT 2007>
    at junit.framework.Assert.fail(Assert.java:57)
    at junit.framework.Assert.failNotEquals(Assert.java:329)
    at junit.framework.Assert.assertEquals(Assert.java:78)
    at junit.framework.TestCase.assertEquals(TestCase.java:244)
    at org.apache.commons.lang.time.DateUtilsTest.testRoundLang346(DateUtilsTest.java:712)
    at sun.reflect.NativeMethodAccessorImpl.invoke0(Native Method)
18:37:06.464 [pool-56-thread-1] INFO  xxl.java.junit.TestCasesListener - Tests run finished (24 ms)
<> Total tests run: 23
<> Ignored tests: 0
<> Failed tests: 1
~ testRoundLang346(org.apache.commons.lang.time.DateUtilsTest)
[Minute Round Up Failed expected:<Mon Jul 02 08:09:00 EDT 2007> but was:<Mon Jul 02 08:01:00 EDT 2007>]
junit.framework.AssertionFailedError: Minute Round Up Failed expected:<Mon Jul 02 08:09:00 EDT 2007> but was:<Mon Jul 02 08:01:00 EDT 2007>    at junit.framework.Assert.fail(Assert.java:57)
    at junit.framework.Assert.failNotEquals(Assert.java:329)
    at junit.framework.Assert.assertEquals(Assert.java:78)
    at junit.framework.TestCase.assertEquals(TestCase.java:244)
    at org.apache.commons.lang.time.DateUtilsTest.testRoundLang346(DateUtilsTest.java:712)
    at sun.reflect.NativeMethodAccessorImpl.invoke0(Native Method)

junit.framework.AssertionFailedError: Minute Round Up Failed expected:<Mon Jul 02 08:09:00 EDT 2007> but was:<Mon Jul 02 08:00:50 EDT 2007>
    at junit.framework.Assert.fail(Assert.java:57)
    at junit.framework.Assert.failNotEquals(Assert.java:329)
    at junit.framework.Assert.assertEquals(Assert.java:78)
    at junit.framework.TestCase.assertEquals(TestCase.java:244)
    at org.apache.commons.lang.time.DateUtilsTest.testRoundLang346(DateUtilsTest.java:712)
    at sun.reflect.NativeMethodAccessorImpl.invoke0(Native Method)
18:37:06.741 [pool-57-thread-1] INFO  f.i.l.c.t.SpecificationTestCasesListener - Tests run finished (3 ms)
<> Total tests run: 1
<> Ignored tests: 0
<> Failed tests: 1
~ testRoundLang346(org.apache.commons.lang.time.DateUtilsTest)
[Minute Round Up Failed expected:<Mon Jul 02 08:09:00 EDT 2007> but was:<Mon Jul 02 08:00:50 EDT 2007>]
junit.framework.AssertionFailedError: Minute Round Up Failed expected:<Mon Jul 02 08:09:00 EDT 2007> but was:<Mon Jul 02 08:00:50 EDT 2007>    at junit.framework.Assert.fail(Assert.java:57)
    at junit.framework.Assert.failNotEquals(Assert.java:329)
    at junit.framework.Assert.assertEquals(Assert.java:78)
    at junit.framework.TestCase.assertEquals(TestCase.java:244)
    at org.apache.commons.lang.time.DateUtilsTest.testRoundLang346(DateUtilsTest.java:712)
    at sun.reflect.NativeMethodAccessorImpl.invoke0(Native Method)

junit.framework.AssertionFailedError: Minute Round Up Failed expected:<Mon Jul 02 08:09:00 EDT 2007> but was:<Mon Jul 02 08:01:00 EDT 2007>
    at junit.framework.Assert.fail(Assert.java:57)
    at junit.framework.Assert.failNotEquals(Assert.java:329)
    at junit.framework.Assert.assertEquals(Assert.java:78)
    at junit.framework.TestCase.assertEquals(TestCase.java:244)
    at org.apache.commons.lang.time.DateUtilsTest.testRoundLang346(DateUtilsTest.java:712)
    at sun.reflect.NativeMethodAccessorImpl.invoke0(Native Method)
18:37:06.744 [pool-58-thread-1] INFO  f.i.l.c.t.SpecificationTestCasesListener - Tests run finished (1 ms)
<> Total tests run: 1
<> Ignored tests: 0
<> Failed tests: 1
~ testRoundLang346(org.apache.commons.lang.time.DateUtilsTest)
[Minute Round Up Failed expected:<Mon Jul 02 08:09:00 EDT 2007> but was:<Mon Jul 02 08:01:00 EDT 2007>]
junit.framework.AssertionFailedError: Minute Round Up Failed expected:<Mon Jul 02 08:09:00 EDT 2007> but was:<Mon Jul 02 08:01:00 EDT 2007>    at junit.framework.Assert.fail(Assert.java:57)
    at junit.framework.Assert.failNotEquals(Assert.java:329)
    at junit.framework.Assert.assertEquals(Assert.java:78)
    at junit.framework.TestCase.assertEquals(TestCase.java:244)
    at org.apache.commons.lang.time.DateUtilsTest.testRoundLang346(DateUtilsTest.java:712)
    at sun.reflect.NativeMethodAccessorImpl.invoke0(Native Method)

18:37:06.745 [pool-55-thread-1] DEBUG tests.output - Failing tests with false: 
[testRoundLang346(org.apache.commons.lang.time.DateUtilsTest): Minute Round Up Failed expected:<Mon Jul 02 08:09:00 EDT 2007> but was:<Mon Jul 02 08:00:50 EDT 2007>]
18:37:06.745 [pool-55-thread-1] DEBUG tests.output - Failing tests with true: 
[testRoundLang346(org.apache.commons.lang.time.DateUtilsTest): Minute Round Up Failed expected:<Mon Jul 02 08:09:00 EDT 2007> but was:<Mon Jul 02 08:01:00 EDT 2007>]
18:37:06.745 [pool-55-thread-1] INFO  f.i.l.r.n.synth.SMTNopolSynthesizer - Not enough specifications: 0. A trivial patch is "true" or "false", please write new tests specifying SourceLocation org.apache.commons.lang.time.DateUtils:729.
18:37:06.746 [pool-2-thread-1] DEBUG fr.inria.lille.repair.nopol.NoPol - statement #15
18:37:06.746 [pool-2-thread-1] DEBUG fr.inria.lille.repair.nopol.NoPol - Analysing SourceLocation org.apache.commons.lang.time.DateUtils:699 which is executed by 6 tests
1745874308
18:37:06.874 [pool-2-thread-1] DEBUG fr.inria.lille.repair.nopol.NoPol - looking with class fr.inria.lille.repair.nopol.spoon.smt.ConditionalAdder
junit.framework.AssertionFailedError: Minute Round Up Failed expected:<Mon Jul 02 08:09:00 EDT 2007> but was:<Mon Jul 02 08:01:00 EDT 2007>
    at junit.framework.Assert.fail(Assert.java:57)
    at junit.framework.Assert.failNotEquals(Assert.java:329)
    at junit.framework.Assert.assertEquals(Assert.java:78)
    at junit.framework.TestCase.assertEquals(TestCase.java:244)
    at org.apache.commons.lang.time.DateUtilsTest.testRoundLang346(DateUtilsTest.java:712)
    at sun.reflect.NativeMethodAccessorImpl.invoke0(Native Method)
18:37:06.906 [pool-60-thread-1] INFO  xxl.java.junit.TestCasesListener - Tests run finished (24 ms)
<> Total tests run: 23
<> Ignored tests: 0
<> Failed tests: 1
~ testRoundLang346(org.apache.commons.lang.time.DateUtilsTest)
[Minute Round Up Failed expected:<Mon Jul 02 08:09:00 EDT 2007> but was:<Mon Jul 02 08:01:00 EDT 2007>]
junit.framework.AssertionFailedError: Minute Round Up Failed expected:<Mon Jul 02 08:09:00 EDT 2007> but was:<Mon Jul 02 08:01:00 EDT 2007>    at junit.framework.Assert.fail(Assert.java:57)
    at junit.framework.Assert.failNotEquals(Assert.java:329)
    at junit.framework.Assert.assertEquals(Assert.java:78)
    at junit.framework.TestCase.assertEquals(TestCase.java:244)
    at org.apache.commons.lang.time.DateUtilsTest.testRoundLang346(DateUtilsTest.java:712)
    at sun.reflect.NativeMethodAccessorImpl.invoke0(Native Method)

junit.framework.AssertionFailedError: Minute Round Up Failed expected:<Mon Jul 02 08:09:00 EDT 2007> but was:<Mon Jul 02 08:01:00 EDT 2007>
    at junit.framework.Assert.fail(Assert.java:57)
    at junit.framework.Assert.failNotEquals(Assert.java:329)
    at junit.framework.Assert.assertEquals(Assert.java:78)
    at junit.framework.TestCase.assertEquals(TestCase.java:244)
    at org.apache.commons.lang.time.DateUtilsTest.testRoundLang346(DateUtilsTest.java:712)
    at sun.reflect.NativeMethodAccessorImpl.invoke0(Native Method)
18:37:07.239 [pool-61-thread-1] INFO  f.i.l.c.t.SpecificationTestCasesListener - Tests run finished (3 ms)
<> Total tests run: 1
<> Ignored tests: 0
<> Failed tests: 1
~ testRoundLang346(org.apache.commons.lang.time.DateUtilsTest)
[Minute Round Up Failed expected:<Mon Jul 02 08:09:00 EDT 2007> but was:<Mon Jul 02 08:01:00 EDT 2007>]
junit.framework.AssertionFailedError: Minute Round Up Failed expected:<Mon Jul 02 08:09:00 EDT 2007> but was:<Mon Jul 02 08:01:00 EDT 2007>    at junit.framework.Assert.fail(Assert.java:57)
    at junit.framework.Assert.failNotEquals(Assert.java:329)
    at junit.framework.Assert.assertEquals(Assert.java:78)
    at junit.framework.TestCase.assertEquals(TestCase.java:244)
    at org.apache.commons.lang.time.DateUtilsTest.testRoundLang346(DateUtilsTest.java:712)
    at sun.reflect.NativeMethodAccessorImpl.invoke0(Native Method)

junit.framework.AssertionFailedError: Minute Round Up Failed expected:<Mon Jul 02 08:09:00 EDT 2007> but was:<Mon Jul 02 08:01:00 EDT 2007>
    at junit.framework.Assert.fail(Assert.java:57)
    at junit.framework.Assert.failNotEquals(Assert.java:329)
    at junit.framework.Assert.assertEquals(Assert.java:78)
    at junit.framework.TestCase.assertEquals(TestCase.java:244)
    at org.apache.commons.lang.time.DateUtilsTest.testRoundLang346(DateUtilsTest.java:712)
    at sun.reflect.NativeMethodAccessorImpl.invoke0(Native Method)
18:37:07.243 [pool-62-thread-1] INFO  f.i.l.c.t.SpecificationTestCasesListener - Tests run finished (2 ms)
<> Total tests run: 1
<> Ignored tests: 0
<> Failed tests: 1
~ testRoundLang346(org.apache.commons.lang.time.DateUtilsTest)
[Minute Round Up Failed expected:<Mon Jul 02 08:09:00 EDT 2007> but was:<Mon Jul 02 08:01:00 EDT 2007>]
junit.framework.AssertionFailedError: Minute Round Up Failed expected:<Mon Jul 02 08:09:00 EDT 2007> but was:<Mon Jul 02 08:01:00 EDT 2007>    at junit.framework.Assert.fail(Assert.java:57)
    at junit.framework.Assert.failNotEquals(Assert.java:329)
    at junit.framework.Assert.assertEquals(Assert.java:78)
    at junit.framework.TestCase.assertEquals(TestCase.java:244)
    at org.apache.commons.lang.time.DateUtilsTest.testRoundLang346(DateUtilsTest.java:712)
    at sun.reflect.NativeMethodAccessorImpl.invoke0(Native Method)

18:37:07.244 [pool-59-thread-1] DEBUG tests.output - Failing tests with false: 
[testRoundLang346(org.apache.commons.lang.time.DateUtilsTest): Minute Round Up Failed expected:<Mon Jul 02 08:09:00 EDT 2007> but was:<Mon Jul 02 08:01:00 EDT 2007>]
18:37:07.244 [pool-59-thread-1] DEBUG tests.output - Failing tests with true: 
[testRoundLang346(org.apache.commons.lang.time.DateUtilsTest): Minute Round Up Failed expected:<Mon Jul 02 08:09:00 EDT 2007> but was:<Mon Jul 02 08:01:00 EDT 2007>]
18:37:07.245 [pool-59-thread-1] INFO  f.i.l.r.n.synth.SMTNopolSynthesizer - Not enough specifications: 0. A trivial patch is "true" or "false", please write new tests specifying SourceLocation org.apache.commons.lang.time.DateUtils:699.
18:37:07.245 [pool-2-thread-1] DEBUG fr.inria.lille.repair.nopol.NoPol - statement #16
18:37:07.245 [pool-2-thread-1] DEBUG fr.inria.lille.repair.nopol.NoPol - Analysing SourceLocation org.apache.commons.lang.time.DateUtils:697 which is executed by 6 tests
1745874308
18:37:07.403 [pool-2-thread-1] DEBUG fr.inria.lille.repair.nopol.NoPol - statement #17
18:37:07.403 [pool-2-thread-1] DEBUG fr.inria.lille.repair.nopol.NoPol - Analysing SourceLocation org.apache.commons.lang.time.DateUtils:696 which is executed by 6 tests
1745874308
18:37:07.542 [pool-2-thread-1] DEBUG fr.inria.lille.repair.nopol.NoPol - statement #18
18:37:07.543 [pool-2-thread-1] DEBUG fr.inria.lille.repair.nopol.NoPol - Analysing SourceLocation org.apache.commons.lang.time.DateUtils:692 which is executed by 6 tests
1745874308
18:37:07.664 [pool-2-thread-1] DEBUG fr.inria.lille.repair.nopol.NoPol - looking with class fr.inria.lille.repair.nopol.spoon.smt.ConditionalAdder
junit.framework.AssertionFailedError: Minute Round Up Failed expected:<Mon Jul 02 08:09:00 EDT 2007> but was:<Mon Jul 02 08:01:00 EDT 2007>
    at junit.framework.Assert.fail(Assert.java:57)
    at junit.framework.Assert.failNotEquals(Assert.java:329)
    at junit.framework.Assert.assertEquals(Assert.java:78)
    at junit.framework.TestCase.assertEquals(TestCase.java:244)
    at org.apache.commons.lang.time.DateUtilsTest.testRoundLang346(DateUtilsTest.java:712)
    at sun.reflect.NativeMethodAccessorImpl.invoke0(Native Method)
18:37:07.696 [pool-64-thread-1] INFO  xxl.java.junit.TestCasesListener - Tests run finished (23 ms)
<> Total tests run: 23
<> Ignored tests: 0
<> Failed tests: 1
~ testRoundLang346(org.apache.commons.lang.time.DateUtilsTest)
[Minute Round Up Failed expected:<Mon Jul 02 08:09:00 EDT 2007> but was:<Mon Jul 02 08:01:00 EDT 2007>]
junit.framework.AssertionFailedError: Minute Round Up Failed expected:<Mon Jul 02 08:09:00 EDT 2007> but was:<Mon Jul 02 08:01:00 EDT 2007>    at junit.framework.Assert.fail(Assert.java:57)
    at junit.framework.Assert.failNotEquals(Assert.java:329)
    at junit.framework.Assert.assertEquals(Assert.java:78)
    at junit.framework.TestCase.assertEquals(TestCase.java:244)
    at org.apache.commons.lang.time.DateUtilsTest.testRoundLang346(DateUtilsTest.java:712)
    at sun.reflect.NativeMethodAccessorImpl.invoke0(Native Method)

java.lang.IllegalArgumentException: The field 12 is not supported
    at org.apache.commons.lang.time.DateUtils.modify(DateUtils.java:328)
    at org.apache.commons.lang.time.DateUtils.round(DateUtils.java:141)
    at org.apache.commons.lang.time.DateUtilsTest.testRoundLang346(DateUtilsTest.java:712)
    at sun.reflect.NativeMethodAccessorImpl.invoke0(Native Method)
    at sun.reflect.NativeMethodAccessorImpl.invoke(NativeMethodAccessorImpl.java:62)
    at sun.reflect.DelegatingMethodAccessorImpl.invoke(DelegatingMethodAccessorImpl.java:43)
18:37:07.961 [pool-65-thread-1] INFO  f.i.l.c.t.SpecificationTestCasesListener - Tests run finished (8 ms)
<> Total tests run: 1
<> Ignored tests: 0
<> Failed tests: 1
~ testRoundLang346(org.apache.commons.lang.time.DateUtilsTest)
[The field 12 is not supported]
java.lang.IllegalArgumentException: The field 12 is not supported    at org.apache.commons.lang.time.DateUtils.modify(DateUtils.java:328)
    at org.apache.commons.lang.time.DateUtils.round(DateUtils.java:141)
    at org.apache.commons.lang.time.DateUtilsTest.testRoundLang346(DateUtilsTest.java:712)
    at sun.reflect.NativeMethodAccessorImpl.invoke0(Native Method)
    at sun.reflect.NativeMethodAccessorImpl.invoke(NativeMethodAccessorImpl.java:62)
    at sun.reflect.DelegatingMethodAccessorImpl.invoke(DelegatingMethodAccessorImpl.java:43)

junit.framework.AssertionFailedError: Minute Round Up Failed expected:<Mon Jul 02 08:09:00 EDT 2007> but was:<Mon Jul 02 08:01:00 EDT 2007>
    at junit.framework.Assert.fail(Assert.java:57)
    at junit.framework.Assert.failNotEquals(Assert.java:329)
    at junit.framework.Assert.assertEquals(Assert.java:78)
    at junit.framework.TestCase.assertEquals(TestCase.java:244)
    at org.apache.commons.lang.time.DateUtilsTest.testRoundLang346(DateUtilsTest.java:712)
    at sun.reflect.NativeMethodAccessorImpl.invoke0(Native Method)
18:37:07.963 [pool-66-thread-1] INFO  f.i.l.c.t.SpecificationTestCasesListener - Tests run finished (1 ms)
<> Total tests run: 1
<> Ignored tests: 0
<> Failed tests: 1
~ testRoundLang346(org.apache.commons.lang.time.DateUtilsTest)
[Minute Round Up Failed expected:<Mon Jul 02 08:09:00 EDT 2007> but was:<Mon Jul 02 08:01:00 EDT 2007>]
junit.framework.AssertionFailedError: Minute Round Up Failed expected:<Mon Jul 02 08:09:00 EDT 2007> but was:<Mon Jul 02 08:01:00 EDT 2007>    at junit.framework.Assert.fail(Assert.java:57)
    at junit.framework.Assert.failNotEquals(Assert.java:329)
    at junit.framework.Assert.assertEquals(Assert.java:78)
    at junit.framework.TestCase.assertEquals(TestCase.java:244)
    at org.apache.commons.lang.time.DateUtilsTest.testRoundLang346(DateUtilsTest.java:712)
    at sun.reflect.NativeMethodAccessorImpl.invoke0(Native Method)

18:37:07.964 [pool-63-thread-1] DEBUG tests.output - Failing tests with false: 
[testRoundLang346(org.apache.commons.lang.time.DateUtilsTest): The field 12 is not supported]
18:37:07.964 [pool-63-thread-1] DEBUG tests.output - Failing tests with true: 
[testRoundLang346(org.apache.commons.lang.time.DateUtilsTest): Minute Round Up Failed expected:<Mon Jul 02 08:09:00 EDT 2007> but was:<Mon Jul 02 08:01:00 EDT 2007>]
18:37:07.964 [pool-63-thread-1] INFO  f.i.l.r.n.synth.SMTNopolSynthesizer - Not enough specifications: 0. A trivial patch is "true" or "false", please write new tests specifying SourceLocation org.apache.commons.lang.time.DateUtils:692.
18:37:07.965 [pool-2-thread-1] DEBUG fr.inria.lille.repair.nopol.NoPol - statement #19
18:37:07.965 [pool-2-thread-1] DEBUG fr.inria.lille.repair.nopol.NoPol - Analysing SourceLocation org.apache.commons.lang.time.DateUtils:675 which is executed by 6 tests
1745874308
18:37:08.088 [pool-2-thread-1] DEBUG fr.inria.lille.repair.nopol.NoPol - looking with class fr.inria.lille.repair.nopol.spoon.smt.ConditionalAdder
junit.framework.AssertionFailedError: Minute Round Up Failed expected:<Mon Jul 02 08:09:00 EDT 2007> but was:<Mon Jul 02 08:01:00 EDT 2007>
    at junit.framework.Assert.fail(Assert.java:57)
    at junit.framework.Assert.failNotEquals(Assert.java:329)
    at junit.framework.Assert.assertEquals(Assert.java:78)
    at junit.framework.TestCase.assertEquals(TestCase.java:244)
    at org.apache.commons.lang.time.DateUtilsTest.testRoundLang346(DateUtilsTest.java:712)
    at sun.reflect.NativeMethodAccessorImpl.invoke0(Native Method)
18:37:08.118 [pool-68-thread-1] INFO  xxl.java.junit.TestCasesListener - Tests run finished (22 ms)
<> Total tests run: 23
<> Ignored tests: 0
<> Failed tests: 1
~ testRoundLang346(org.apache.commons.lang.time.DateUtilsTest)
[Minute Round Up Failed expected:<Mon Jul 02 08:09:00 EDT 2007> but was:<Mon Jul 02 08:01:00 EDT 2007>]
junit.framework.AssertionFailedError: Minute Round Up Failed expected:<Mon Jul 02 08:09:00 EDT 2007> but was:<Mon Jul 02 08:01:00 EDT 2007>    at junit.framework.Assert.fail(Assert.java:57)
    at junit.framework.Assert.failNotEquals(Assert.java:329)
    at junit.framework.Assert.assertEquals(Assert.java:78)
    at junit.framework.TestCase.assertEquals(TestCase.java:244)
    at org.apache.commons.lang.time.DateUtilsTest.testRoundLang346(DateUtilsTest.java:712)
    at sun.reflect.NativeMethodAccessorImpl.invoke0(Native Method)

junit.framework.AssertionFailedError: Minute Round Up Failed expected:<Mon Jul 02 08:09:00 EDT 2007> but was:<Mon Jul 02 08:00:00 EDT 2007>
    at junit.framework.Assert.fail(Assert.java:57)
    at junit.framework.Assert.failNotEquals(Assert.java:329)
    at junit.framework.Assert.assertEquals(Assert.java:78)
    at junit.framework.TestCase.assertEquals(TestCase.java:244)
    at org.apache.commons.lang.time.DateUtilsTest.testRoundLang346(DateUtilsTest.java:712)
    at sun.reflect.NativeMethodAccessorImpl.invoke0(Native Method)
18:37:08.376 [pool-69-thread-1] INFO  f.i.l.c.t.SpecificationTestCasesListener - Tests run finished (3 ms)
<> Total tests run: 1
<> Ignored tests: 0
<> Failed tests: 1
~ testRoundLang346(org.apache.commons.lang.time.DateUtilsTest)
[Minute Round Up Failed expected:<Mon Jul 02 08:09:00 EDT 2007> but was:<Mon Jul 02 08:00:00 EDT 2007>]
junit.framework.AssertionFailedError: Minute Round Up Failed expected:<Mon Jul 02 08:09:00 EDT 2007> but was:<Mon Jul 02 08:00:00 EDT 2007>    at junit.framework.Assert.fail(Assert.java:57)
    at junit.framework.Assert.failNotEquals(Assert.java:329)
    at junit.framework.Assert.assertEquals(Assert.java:78)
    at junit.framework.TestCase.assertEquals(TestCase.java:244)
    at org.apache.commons.lang.time.DateUtilsTest.testRoundLang346(DateUtilsTest.java:712)
    at sun.reflect.NativeMethodAccessorImpl.invoke0(Native Method)

junit.framework.AssertionFailedError: Minute Round Up Failed expected:<Mon Jul 02 08:09:00 EDT 2007> but was:<Mon Jul 02 08:01:00 EDT 2007>
    at junit.framework.Assert.fail(Assert.java:57)
    at junit.framework.Assert.failNotEquals(Assert.java:329)
    at junit.framework.Assert.assertEquals(Assert.java:78)
    at junit.framework.TestCase.assertEquals(TestCase.java:244)
    at org.apache.commons.lang.time.DateUtilsTest.testRoundLang346(DateUtilsTest.java:712)
    at sun.reflect.NativeMethodAccessorImpl.invoke0(Native Method)
18:37:08.379 [pool-70-thread-1] INFO  f.i.l.c.t.SpecificationTestCasesListener - Tests run finished (1 ms)
<> Total tests run: 1
<> Ignored tests: 0
<> Failed tests: 1
~ testRoundLang346(org.apache.commons.lang.time.DateUtilsTest)
[Minute Round Up Failed expected:<Mon Jul 02 08:09:00 EDT 2007> but was:<Mon Jul 02 08:01:00 EDT 2007>]
junit.framework.AssertionFailedError: Minute Round Up Failed expected:<Mon Jul 02 08:09:00 EDT 2007> but was:<Mon Jul 02 08:01:00 EDT 2007>    at junit.framework.Assert.fail(Assert.java:57)
    at junit.framework.Assert.failNotEquals(Assert.java:329)
    at junit.framework.Assert.assertEquals(Assert.java:78)
    at junit.framework.TestCase.assertEquals(TestCase.java:244)
    at org.apache.commons.lang.time.DateUtilsTest.testRoundLang346(DateUtilsTest.java:712)
    at sun.reflect.NativeMethodAccessorImpl.invoke0(Native Method)

18:37:08.380 [pool-67-thread-1] DEBUG tests.output - Failing tests with false: 
[testRoundLang346(org.apache.commons.lang.time.DateUtilsTest): Minute Round Up Failed expected:<Mon Jul 02 08:09:00 EDT 2007> but was:<Mon Jul 02 08:00:00 EDT 2007>]
18:37:08.380 [pool-67-thread-1] DEBUG tests.output - Failing tests with true: 
[testRoundLang346(org.apache.commons.lang.time.DateUtilsTest): Minute Round Up Failed expected:<Mon Jul 02 08:09:00 EDT 2007> but was:<Mon Jul 02 08:01:00 EDT 2007>]
18:37:08.380 [pool-67-thread-1] INFO  f.i.l.r.n.synth.SMTNopolSynthesizer - Not enough specifications: 0. A trivial patch is "true" or "false", please write new tests specifying SourceLocation org.apache.commons.lang.time.DateUtils:675.
18:37:08.380 [pool-2-thread-1] DEBUG fr.inria.lille.repair.nopol.NoPol - looking with class fr.inria.lille.repair.nopol.spoon.smt.ConditionalReplacer
junit.framework.AssertionFailedError: Minute Round Up Failed expected:<Mon Jul 02 08:09:00 EDT 2007> but was:<Mon Jul 02 08:01:00 EDT 2007>
    at junit.framework.Assert.fail(Assert.java:57)
    at junit.framework.Assert.failNotEquals(Assert.java:329)
    at junit.framework.Assert.assertEquals(Assert.java:78)
    at junit.framework.TestCase.assertEquals(TestCase.java:244)
    at org.apache.commons.lang.time.DateUtilsTest.testRoundLang346(DateUtilsTest.java:712)
    at sun.reflect.NativeMethodAccessorImpl.invoke0(Native Method)
18:37:08.412 [pool-72-thread-1] INFO  xxl.java.junit.TestCasesListener - Tests run finished (24 ms)
<> Total tests run: 23
<> Ignored tests: 0
<> Failed tests: 1
~ testRoundLang346(org.apache.commons.lang.time.DateUtilsTest)
[Minute Round Up Failed expected:<Mon Jul 02 08:09:00 EDT 2007> but was:<Mon Jul 02 08:01:00 EDT 2007>]
junit.framework.AssertionFailedError: Minute Round Up Failed expected:<Mon Jul 02 08:09:00 EDT 2007> but was:<Mon Jul 02 08:01:00 EDT 2007>    at junit.framework.Assert.fail(Assert.java:57)
    at junit.framework.Assert.failNotEquals(Assert.java:329)
    at junit.framework.Assert.assertEquals(Assert.java:78)
    at junit.framework.TestCase.assertEquals(TestCase.java:244)
    at org.apache.commons.lang.time.DateUtilsTest.testRoundLang346(DateUtilsTest.java:712)
    at sun.reflect.NativeMethodAccessorImpl.invoke0(Native Method)

junit.framework.AssertionFailedError: Minute Round Up Failed expected:<Mon Jul 02 08:09:00 EDT 2007> but was:<Mon Jul 02 08:00:00 EDT 2007>
    at junit.framework.Assert.fail(Assert.java:57)
    at junit.framework.Assert.failNotEquals(Assert.java:329)
    at junit.framework.Assert.assertEquals(Assert.java:78)
    at junit.framework.TestCase.assertEquals(TestCase.java:244)
    at org.apache.commons.lang.time.DateUtilsTest.testRoundLang346(DateUtilsTest.java:712)
    at sun.reflect.NativeMethodAccessorImpl.invoke0(Native Method)
18:37:08.674 [pool-73-thread-1] INFO  f.i.l.c.t.SpecificationTestCasesListener - Tests run finished (3 ms)
<> Total tests run: 1
<> Ignored tests: 0
<> Failed tests: 1
~ testRoundLang346(org.apache.commons.lang.time.DateUtilsTest)
[Minute Round Up Failed expected:<Mon Jul 02 08:09:00 EDT 2007> but was:<Mon Jul 02 08:00:00 EDT 2007>]
junit.framework.AssertionFailedError: Minute Round Up Failed expected:<Mon Jul 02 08:09:00 EDT 2007> but was:<Mon Jul 02 08:00:00 EDT 2007>    at junit.framework.Assert.fail(Assert.java:57)
    at junit.framework.Assert.failNotEquals(Assert.java:329)
    at junit.framework.Assert.assertEquals(Assert.java:78)
    at junit.framework.TestCase.assertEquals(TestCase.java:244)
    at org.apache.commons.lang.time.DateUtilsTest.testRoundLang346(DateUtilsTest.java:712)
    at sun.reflect.NativeMethodAccessorImpl.invoke0(Native Method)

junit.framework.AssertionFailedError: Minute Round Up Failed expected:<Mon Jul 02 08:09:00 EDT 2007> but was:<Mon Jul 02 08:01:00 EDT 2007>
    at junit.framework.Assert.fail(Assert.java:57)
    at junit.framework.Assert.failNotEquals(Assert.java:329)
    at junit.framework.Assert.assertEquals(Assert.java:78)
    at junit.framework.TestCase.assertEquals(TestCase.java:244)
    at org.apache.commons.lang.time.DateUtilsTest.testRoundLang346(DateUtilsTest.java:712)
    at sun.reflect.NativeMethodAccessorImpl.invoke0(Native Method)
18:37:08.677 [pool-74-thread-1] INFO  f.i.l.c.t.SpecificationTestCasesListener - Tests run finished (1 ms)
<> Total tests run: 1
<> Ignored tests: 0
<> Failed tests: 1
~ testRoundLang346(org.apache.commons.lang.time.DateUtilsTest)
[Minute Round Up Failed expected:<Mon Jul 02 08:09:00 EDT 2007> but was:<Mon Jul 02 08:01:00 EDT 2007>]
junit.framework.AssertionFailedError: Minute Round Up Failed expected:<Mon Jul 02 08:09:00 EDT 2007> but was:<Mon Jul 02 08:01:00 EDT 2007>    at junit.framework.Assert.fail(Assert.java:57)
    at junit.framework.Assert.failNotEquals(Assert.java:329)
    at junit.framework.Assert.assertEquals(Assert.java:78)
    at junit.framework.TestCase.assertEquals(TestCase.java:244)
    at org.apache.commons.lang.time.DateUtilsTest.testRoundLang346(DateUtilsTest.java:712)
    at sun.reflect.NativeMethodAccessorImpl.invoke0(Native Method)

18:37:08.678 [pool-71-thread-1] DEBUG tests.output - Failing tests with false: 
[testRoundLang346(org.apache.commons.lang.time.DateUtilsTest): Minute Round Up Failed expected:<Mon Jul 02 08:09:00 EDT 2007> but was:<Mon Jul 02 08:00:00 EDT 2007>]
18:37:08.678 [pool-71-thread-1] DEBUG tests.output - Failing tests with true: 
[testRoundLang346(org.apache.commons.lang.time.DateUtilsTest): Minute Round Up Failed expected:<Mon Jul 02 08:09:00 EDT 2007> but was:<Mon Jul 02 08:01:00 EDT 2007>]
18:37:08.678 [pool-71-thread-1] INFO  f.i.l.r.n.synth.SMTNopolSynthesizer - Not enough specifications: 0. A trivial patch is "true" or "false", please write new tests specifying SourceLocation org.apache.commons.lang.time.DateUtils:675.
18:37:08.678 [pool-2-thread-1] DEBUG fr.inria.lille.repair.nopol.NoPol - statement #20
18:37:08.678 [pool-2-thread-1] DEBUG fr.inria.lille.repair.nopol.NoPol - Analysing SourceLocation org.apache.commons.lang.time.DateUtils:673 which is executed by 6 tests
1745874308
18:37:08.805 [pool-2-thread-1] DEBUG fr.inria.lille.repair.nopol.NoPol - looking with class fr.inria.lille.repair.nopol.spoon.smt.ConditionalAdder
junit.framework.AssertionFailedError: Minute Round Up Failed expected:<Mon Jul 02 08:09:00 EDT 2007> but was:<Mon Jul 02 08:01:00 EDT 2007>
    at junit.framework.Assert.fail(Assert.java:57)
    at junit.framework.Assert.failNotEquals(Assert.java:329)
    at junit.framework.Assert.assertEquals(Assert.java:78)
    at junit.framework.TestCase.assertEquals(TestCase.java:244)
    at org.apache.commons.lang.time.DateUtilsTest.testRoundLang346(DateUtilsTest.java:712)
    at sun.reflect.NativeMethodAccessorImpl.invoke0(Native Method)
18:37:08.838 [pool-76-thread-1] INFO  xxl.java.junit.TestCasesListener - Tests run finished (25 ms)
<> Total tests run: 23
<> Ignored tests: 0
<> Failed tests: 1
~ testRoundLang346(org.apache.commons.lang.time.DateUtilsTest)
[Minute Round Up Failed expected:<Mon Jul 02 08:09:00 EDT 2007> but was:<Mon Jul 02 08:01:00 EDT 2007>]
junit.framework.AssertionFailedError: Minute Round Up Failed expected:<Mon Jul 02 08:09:00 EDT 2007> but was:<Mon Jul 02 08:01:00 EDT 2007>    at junit.framework.Assert.fail(Assert.java:57)
    at junit.framework.Assert.failNotEquals(Assert.java:329)
    at junit.framework.Assert.assertEquals(Assert.java:78)
    at junit.framework.TestCase.assertEquals(TestCase.java:244)
    at org.apache.commons.lang.time.DateUtilsTest.testRoundLang346(DateUtilsTest.java:712)
    at sun.reflect.NativeMethodAccessorImpl.invoke0(Native Method)

java.lang.IllegalArgumentException: The field 12 is not supported
    at org.apache.commons.lang.time.DateUtils.modify(DateUtils.java:328)
    at org.apache.commons.lang.time.DateUtils.round(DateUtils.java:141)
    at org.apache.commons.lang.time.DateUtilsTest.testRoundLang346(DateUtilsTest.java:712)
    at sun.reflect.NativeMethodAccessorImpl.invoke0(Native Method)
    at sun.reflect.NativeMethodAccessorImpl.invoke(NativeMethodAccessorImpl.java:62)
    at sun.reflect.DelegatingMethodAccessorImpl.invoke(DelegatingMethodAccessorImpl.java:43)
18:37:09.105 [pool-77-thread-1] INFO  f.i.l.c.t.SpecificationTestCasesListener - Tests run finished (4 ms)
<> Total tests run: 1
<> Ignored tests: 0
<> Failed tests: 1
~ testRoundLang346(org.apache.commons.lang.time.DateUtilsTest)
[The field 12 is not supported]
java.lang.IllegalArgumentException: The field 12 is not supported    at org.apache.commons.lang.time.DateUtils.modify(DateUtils.java:328)
    at org.apache.commons.lang.time.DateUtils.round(DateUtils.java:141)
    at org.apache.commons.lang.time.DateUtilsTest.testRoundLang346(DateUtilsTest.java:712)
    at sun.reflect.NativeMethodAccessorImpl.invoke0(Native Method)
    at sun.reflect.NativeMethodAccessorImpl.invoke(NativeMethodAccessorImpl.java:62)
    at sun.reflect.DelegatingMethodAccessorImpl.invoke(DelegatingMethodAccessorImpl.java:43)

junit.framework.AssertionFailedError: Minute Round Up Failed expected:<Mon Jul 02 08:09:00 EDT 2007> but was:<Mon Jul 02 08:01:00 EDT 2007>
    at junit.framework.Assert.fail(Assert.java:57)
    at junit.framework.Assert.failNotEquals(Assert.java:329)
    at junit.framework.Assert.assertEquals(Assert.java:78)
    at junit.framework.TestCase.assertEquals(TestCase.java:244)
    at org.apache.commons.lang.time.DateUtilsTest.testRoundLang346(DateUtilsTest.java:712)
    at sun.reflect.NativeMethodAccessorImpl.invoke0(Native Method)
18:37:09.108 [pool-78-thread-1] INFO  f.i.l.c.t.SpecificationTestCasesListener - Tests run finished (1 ms)
<> Total tests run: 1
<> Ignored tests: 0
<> Failed tests: 1
~ testRoundLang346(org.apache.commons.lang.time.DateUtilsTest)
[Minute Round Up Failed expected:<Mon Jul 02 08:09:00 EDT 2007> but was:<Mon Jul 02 08:01:00 EDT 2007>]
junit.framework.AssertionFailedError: Minute Round Up Failed expected:<Mon Jul 02 08:09:00 EDT 2007> but was:<Mon Jul 02 08:01:00 EDT 2007>    at junit.framework.Assert.fail(Assert.java:57)
    at junit.framework.Assert.failNotEquals(Assert.java:329)
    at junit.framework.Assert.assertEquals(Assert.java:78)
    at junit.framework.TestCase.assertEquals(TestCase.java:244)
    at org.apache.commons.lang.time.DateUtilsTest.testRoundLang346(DateUtilsTest.java:712)
    at sun.reflect.NativeMethodAccessorImpl.invoke0(Native Method)

18:37:09.108 [pool-75-thread-1] DEBUG tests.output - Failing tests with false: 
[testRoundLang346(org.apache.commons.lang.time.DateUtilsTest): The field 12 is not supported]
18:37:09.108 [pool-75-thread-1] DEBUG tests.output - Failing tests with true: 
[testRoundLang346(org.apache.commons.lang.time.DateUtilsTest): Minute Round Up Failed expected:<Mon Jul 02 08:09:00 EDT 2007> but was:<Mon Jul 02 08:01:00 EDT 2007>]
18:37:09.108 [pool-75-thread-1] INFO  f.i.l.r.n.synth.SMTNopolSynthesizer - Not enough specifications: 0. A trivial patch is "true" or "false", please write new tests specifying SourceLocation org.apache.commons.lang.time.DateUtils:673.
18:37:09.109 [pool-2-thread-1] DEBUG fr.inria.lille.repair.nopol.NoPol - looking with class fr.inria.lille.repair.nopol.spoon.smt.ConditionalReplacer
junit.framework.AssertionFailedError: Minute Round Up Failed expected:<Mon Jul 02 08:09:00 EDT 2007> but was:<Mon Jul 02 08:01:00 EDT 2007>
    at junit.framework.Assert.fail(Assert.java:57)
    at junit.framework.Assert.failNotEquals(Assert.java:329)
    at junit.framework.Assert.assertEquals(Assert.java:78)
    at junit.framework.TestCase.assertEquals(TestCase.java:244)
    at org.apache.commons.lang.time.DateUtilsTest.testRoundLang346(DateUtilsTest.java:712)
    at sun.reflect.NativeMethodAccessorImpl.invoke0(Native Method)
18:37:09.139 [pool-80-thread-1] INFO  xxl.java.junit.TestCasesListener - Tests run finished (23 ms)
<> Total tests run: 23
<> Ignored tests: 0
<> Failed tests: 1
~ testRoundLang346(org.apache.commons.lang.time.DateUtilsTest)
[Minute Round Up Failed expected:<Mon Jul 02 08:09:00 EDT 2007> but was:<Mon Jul 02 08:01:00 EDT 2007>]
junit.framework.AssertionFailedError: Minute Round Up Failed expected:<Mon Jul 02 08:09:00 EDT 2007> but was:<Mon Jul 02 08:01:00 EDT 2007>    at junit.framework.Assert.fail(Assert.java:57)
    at junit.framework.Assert.failNotEquals(Assert.java:329)
    at junit.framework.Assert.assertEquals(Assert.java:78)
    at junit.framework.TestCase.assertEquals(TestCase.java:244)
    at org.apache.commons.lang.time.DateUtilsTest.testRoundLang346(DateUtilsTest.java:712)
    at sun.reflect.NativeMethodAccessorImpl.invoke0(Native Method)

java.lang.IllegalArgumentException: The field 12 is not supported
    at org.apache.commons.lang.time.DateUtils.modify(DateUtils.java:328)
    at org.apache.commons.lang.time.DateUtils.round(DateUtils.java:141)
    at org.apache.commons.lang.time.DateUtilsTest.testRoundLang346(DateUtilsTest.java:712)
    at sun.reflect.NativeMethodAccessorImpl.invoke0(Native Method)
    at sun.reflect.NativeMethodAccessorImpl.invoke(NativeMethodAccessorImpl.java:62)
    at sun.reflect.DelegatingMethodAccessorImpl.invoke(DelegatingMethodAccessorImpl.java:43)
18:37:09.393 [pool-81-thread-1] INFO  f.i.l.c.t.SpecificationTestCasesListener - Tests run finished (4 ms)
<> Total tests run: 1
<> Ignored tests: 0
<> Failed tests: 1
~ testRoundLang346(org.apache.commons.lang.time.DateUtilsTest)
[The field 12 is not supported]
java.lang.IllegalArgumentException: The field 12 is not supported    at org.apache.commons.lang.time.DateUtils.modify(DateUtils.java:328)
    at org.apache.commons.lang.time.DateUtils.round(DateUtils.java:141)
    at org.apache.commons.lang.time.DateUtilsTest.testRoundLang346(DateUtilsTest.java:712)
    at sun.reflect.NativeMethodAccessorImpl.invoke0(Native Method)
    at sun.reflect.NativeMethodAccessorImpl.invoke(NativeMethodAccessorImpl.java:62)
    at sun.reflect.DelegatingMethodAccessorImpl.invoke(DelegatingMethodAccessorImpl.java:43)

junit.framework.AssertionFailedError: Minute Round Up Failed expected:<Mon Jul 02 08:09:00 EDT 2007> but was:<Mon Jul 02 08:00:50 EDT 2007>
    at junit.framework.Assert.fail(Assert.java:57)
    at junit.framework.Assert.failNotEquals(Assert.java:329)
    at junit.framework.Assert.assertEquals(Assert.java:78)
    at junit.framework.TestCase.assertEquals(TestCase.java:244)
    at org.apache.commons.lang.time.DateUtilsTest.testRoundLang346(DateUtilsTest.java:712)
    at sun.reflect.NativeMethodAccessorImpl.invoke0(Native Method)
18:37:09.395 [pool-82-thread-1] INFO  f.i.l.c.t.SpecificationTestCasesListener - Tests run finished (1 ms)
<> Total tests run: 1
<> Ignored tests: 0
<> Failed tests: 1
~ testRoundLang346(org.apache.commons.lang.time.DateUtilsTest)
[Minute Round Up Failed expected:<Mon Jul 02 08:09:00 EDT 2007> but was:<Mon Jul 02 08:00:50 EDT 2007>]
junit.framework.AssertionFailedError: Minute Round Up Failed expected:<Mon Jul 02 08:09:00 EDT 2007> but was:<Mon Jul 02 08:00:50 EDT 2007>    at junit.framework.Assert.fail(Assert.java:57)
    at junit.framework.Assert.failNotEquals(Assert.java:329)
    at junit.framework.Assert.assertEquals(Assert.java:78)
    at junit.framework.TestCase.assertEquals(TestCase.java:244)
    at org.apache.commons.lang.time.DateUtilsTest.testRoundLang346(DateUtilsTest.java:712)
    at sun.reflect.NativeMethodAccessorImpl.invoke0(Native Method)

18:37:09.396 [pool-79-thread-1] DEBUG tests.output - Failing tests with false: 
[testRoundLang346(org.apache.commons.lang.time.DateUtilsTest): The field 12 is not supported]
18:37:09.396 [pool-79-thread-1] DEBUG tests.output - Failing tests with true: 
[testRoundLang346(org.apache.commons.lang.time.DateUtilsTest): Minute Round Up Failed expected:<Mon Jul 02 08:09:00 EDT 2007> but was:<Mon Jul 02 08:00:50 EDT 2007>]
18:37:09.396 [pool-79-thread-1] INFO  f.i.l.r.n.synth.SMTNopolSynthesizer - Not enough specifications: 0. A trivial patch is "true" or "false", please write new tests specifying SourceLocation org.apache.commons.lang.time.DateUtils:673.
18:37:09.396 [pool-2-thread-1] DEBUG fr.inria.lille.repair.nopol.NoPol - statement #21
18:37:09.396 [pool-2-thread-1] DEBUG fr.inria.lille.repair.nopol.NoPol - Analysing SourceLocation org.apache.commons.lang.time.DateUtils:672 which is executed by 6 tests
1745874308
18:37:09.523 [pool-2-thread-1] DEBUG fr.inria.lille.repair.nopol.NoPol - looking with class fr.inria.lille.repair.nopol.spoon.smt.ConditionalAdder
junit.framework.AssertionFailedError: Minute Round Up Failed expected:<Mon Jul 02 08:09:00 EDT 2007> but was:<Mon Jul 02 08:01:00 EDT 2007>
    at junit.framework.Assert.fail(Assert.java:57)
    at junit.framework.Assert.failNotEquals(Assert.java:329)
    at junit.framework.Assert.assertEquals(Assert.java:78)
    at junit.framework.TestCase.assertEquals(TestCase.java:244)
    at org.apache.commons.lang.time.DateUtilsTest.testRoundLang346(DateUtilsTest.java:712)
    at sun.reflect.NativeMethodAccessorImpl.invoke0(Native Method)
18:37:09.557 [pool-84-thread-1] INFO  xxl.java.junit.TestCasesListener - Tests run finished (26 ms)
<> Total tests run: 23
<> Ignored tests: 0
<> Failed tests: 1
~ testRoundLang346(org.apache.commons.lang.time.DateUtilsTest)
[Minute Round Up Failed expected:<Mon Jul 02 08:09:00 EDT 2007> but was:<Mon Jul 02 08:01:00 EDT 2007>]
junit.framework.AssertionFailedError: Minute Round Up Failed expected:<Mon Jul 02 08:09:00 EDT 2007> but was:<Mon Jul 02 08:01:00 EDT 2007>    at junit.framework.Assert.fail(Assert.java:57)
    at junit.framework.Assert.failNotEquals(Assert.java:329)
    at junit.framework.Assert.assertEquals(Assert.java:78)
    at junit.framework.TestCase.assertEquals(TestCase.java:244)
    at org.apache.commons.lang.time.DateUtilsTest.testRoundLang346(DateUtilsTest.java:712)
    at sun.reflect.NativeMethodAccessorImpl.invoke0(Native Method)

java.lang.IllegalArgumentException: The field 12 is not supported
    at org.apache.commons.lang.time.DateUtils.modify(DateUtils.java:328)
    at org.apache.commons.lang.time.DateUtils.round(DateUtils.java:141)
    at org.apache.commons.lang.time.DateUtilsTest.testRoundLang346(DateUtilsTest.java:712)
    at sun.reflect.NativeMethodAccessorImpl.invoke0(Native Method)
    at sun.reflect.NativeMethodAccessorImpl.invoke(NativeMethodAccessorImpl.java:62)
    at sun.reflect.DelegatingMethodAccessorImpl.invoke(DelegatingMethodAccessorImpl.java:43)
18:37:09.812 [pool-85-thread-1] INFO  f.i.l.c.t.SpecificationTestCasesListener - Tests run finished (4 ms)
<> Total tests run: 1
<> Ignored tests: 0
<> Failed tests: 1
~ testRoundLang346(org.apache.commons.lang.time.DateUtilsTest)
[The field 12 is not supported]
java.lang.IllegalArgumentException: The field 12 is not supported    at org.apache.commons.lang.time.DateUtils.modify(DateUtils.java:328)
    at org.apache.commons.lang.time.DateUtils.round(DateUtils.java:141)
    at org.apache.commons.lang.time.DateUtilsTest.testRoundLang346(DateUtilsTest.java:712)
    at sun.reflect.NativeMethodAccessorImpl.invoke0(Native Method)
    at sun.reflect.NativeMethodAccessorImpl.invoke(NativeMethodAccessorImpl.java:62)
    at sun.reflect.DelegatingMethodAccessorImpl.invoke(DelegatingMethodAccessorImpl.java:43)

junit.framework.AssertionFailedError: Minute Round Up Failed expected:<Mon Jul 02 08:09:00 EDT 2007> but was:<Mon Jul 02 08:01:00 EDT 2007>
    at junit.framework.Assert.fail(Assert.java:57)
    at junit.framework.Assert.failNotEquals(Assert.java:329)
    at junit.framework.Assert.assertEquals(Assert.java:78)
    at junit.framework.TestCase.assertEquals(TestCase.java:244)
    at org.apache.commons.lang.time.DateUtilsTest.testRoundLang346(DateUtilsTest.java:712)
    at sun.reflect.NativeMethodAccessorImpl.invoke0(Native Method)
18:37:09.815 [pool-86-thread-1] INFO  f.i.l.c.t.SpecificationTestCasesListener - Tests run finished (2 ms)
<> Total tests run: 1
<> Ignored tests: 0
<> Failed tests: 1
~ testRoundLang346(org.apache.commons.lang.time.DateUtilsTest)
[Minute Round Up Failed expected:<Mon Jul 02 08:09:00 EDT 2007> but was:<Mon Jul 02 08:01:00 EDT 2007>]
junit.framework.AssertionFailedError: Minute Round Up Failed expected:<Mon Jul 02 08:09:00 EDT 2007> but was:<Mon Jul 02 08:01:00 EDT 2007>    at junit.framework.Assert.fail(Assert.java:57)
    at junit.framework.Assert.failNotEquals(Assert.java:329)
    at junit.framework.Assert.assertEquals(Assert.java:78)
    at junit.framework.TestCase.assertEquals(TestCase.java:244)
    at org.apache.commons.lang.time.DateUtilsTest.testRoundLang346(DateUtilsTest.java:712)
    at sun.reflect.NativeMethodAccessorImpl.invoke0(Native Method)

18:37:09.815 [pool-83-thread-1] DEBUG tests.output - Failing tests with false: 
[testRoundLang346(org.apache.commons.lang.time.DateUtilsTest): The field 12 is not supported]
18:37:09.815 [pool-83-thread-1] DEBUG tests.output - Failing tests with true: 
[testRoundLang346(org.apache.commons.lang.time.DateUtilsTest): Minute Round Up Failed expected:<Mon Jul 02 08:09:00 EDT 2007> but was:<Mon Jul 02 08:01:00 EDT 2007>]
18:37:09.815 [pool-83-thread-1] INFO  f.i.l.r.n.synth.SMTNopolSynthesizer - Not enough specifications: 0. A trivial patch is "true" or "false", please write new tests specifying SourceLocation org.apache.commons.lang.time.DateUtils:672.
18:37:09.815 [pool-2-thread-1] DEBUG fr.inria.lille.repair.nopol.NoPol - statement #22
18:37:09.816 [pool-2-thread-1] DEBUG fr.inria.lille.repair.nopol.NoPol - Analysing SourceLocation org.apache.commons.lang.time.DateUtils:671 which is executed by 6 tests
1745874308
18:37:09.940 [pool-2-thread-1] DEBUG fr.inria.lille.repair.nopol.NoPol - looking with class fr.inria.lille.repair.nopol.spoon.smt.ConditionalAdder
junit.framework.AssertionFailedError: Minute Round Up Failed expected:<Mon Jul 02 08:09:00 EDT 2007> but was:<Mon Jul 02 08:01:00 EDT 2007>
    at junit.framework.Assert.fail(Assert.java:57)
    at junit.framework.Assert.failNotEquals(Assert.java:329)
    at junit.framework.Assert.assertEquals(Assert.java:78)
    at junit.framework.TestCase.assertEquals(TestCase.java:244)
    at org.apache.commons.lang.time.DateUtilsTest.testRoundLang346(DateUtilsTest.java:712)
    at sun.reflect.NativeMethodAccessorImpl.invoke0(Native Method)
18:37:09.969 [pool-88-thread-1] INFO  xxl.java.junit.TestCasesListener - Tests run finished (22 ms)
<> Total tests run: 23
<> Ignored tests: 0
<> Failed tests: 1
~ testRoundLang346(org.apache.commons.lang.time.DateUtilsTest)
[Minute Round Up Failed expected:<Mon Jul 02 08:09:00 EDT 2007> but was:<Mon Jul 02 08:01:00 EDT 2007>]
junit.framework.AssertionFailedError: Minute Round Up Failed expected:<Mon Jul 02 08:09:00 EDT 2007> but was:<Mon Jul 02 08:01:00 EDT 2007>    at junit.framework.Assert.fail(Assert.java:57)
    at junit.framework.Assert.failNotEquals(Assert.java:329)
    at junit.framework.Assert.assertEquals(Assert.java:78)
    at junit.framework.TestCase.assertEquals(TestCase.java:244)
    at org.apache.commons.lang.time.DateUtilsTest.testRoundLang346(DateUtilsTest.java:712)
    at sun.reflect.NativeMethodAccessorImpl.invoke0(Native Method)

java.lang.IllegalArgumentException: The field 12 is not supported
    at org.apache.commons.lang.time.DateUtils.modify(DateUtils.java:328)
    at org.apache.commons.lang.time.DateUtils.round(DateUtils.java:141)
    at org.apache.commons.lang.time.DateUtilsTest.testRoundLang346(DateUtilsTest.java:712)
    at sun.reflect.NativeMethodAccessorImpl.invoke0(Native Method)
    at sun.reflect.NativeMethodAccessorImpl.invoke(NativeMethodAccessorImpl.java:62)
    at sun.reflect.DelegatingMethodAccessorImpl.invoke(DelegatingMethodAccessorImpl.java:43)
18:37:10.213 [pool-89-thread-1] INFO  f.i.l.c.t.SpecificationTestCasesListener - Tests run finished (3 ms)
<> Total tests run: 1
<> Ignored tests: 0
<> Failed tests: 1
~ testRoundLang346(org.apache.commons.lang.time.DateUtilsTest)
[The field 12 is not supported]
java.lang.IllegalArgumentException: The field 12 is not supported    at org.apache.commons.lang.time.DateUtils.modify(DateUtils.java:328)
    at org.apache.commons.lang.time.DateUtils.round(DateUtils.java:141)
    at org.apache.commons.lang.time.DateUtilsTest.testRoundLang346(DateUtilsTest.java:712)
    at sun.reflect.NativeMethodAccessorImpl.invoke0(Native Method)
    at sun.reflect.NativeMethodAccessorImpl.invoke(NativeMethodAccessorImpl.java:62)
    at sun.reflect.DelegatingMethodAccessorImpl.invoke(DelegatingMethodAccessorImpl.java:43)

junit.framework.AssertionFailedError: Minute Round Up Failed expected:<Mon Jul 02 08:09:00 EDT 2007> but was:<Mon Jul 02 08:01:00 EDT 2007>
    at junit.framework.Assert.fail(Assert.java:57)
    at junit.framework.Assert.failNotEquals(Assert.java:329)
    at junit.framework.Assert.assertEquals(Assert.java:78)
    at junit.framework.TestCase.assertEquals(TestCase.java:244)
    at org.apache.commons.lang.time.DateUtilsTest.testRoundLang346(DateUtilsTest.java:712)
    at sun.reflect.NativeMethodAccessorImpl.invoke0(Native Method)
18:37:10.216 [pool-90-thread-1] INFO  f.i.l.c.t.SpecificationTestCasesListener - Tests run finished (1 ms)
<> Total tests run: 1
<> Ignored tests: 0
<> Failed tests: 1
~ testRoundLang346(org.apache.commons.lang.time.DateUtilsTest)
[Minute Round Up Failed expected:<Mon Jul 02 08:09:00 EDT 2007> but was:<Mon Jul 02 08:01:00 EDT 2007>]
junit.framework.AssertionFailedError: Minute Round Up Failed expected:<Mon Jul 02 08:09:00 EDT 2007> but was:<Mon Jul 02 08:01:00 EDT 2007>    at junit.framework.Assert.fail(Assert.java:57)
    at junit.framework.Assert.failNotEquals(Assert.java:329)
    at junit.framework.Assert.assertEquals(Assert.java:78)
    at junit.framework.TestCase.assertEquals(TestCase.java:244)
    at org.apache.commons.lang.time.DateUtilsTest.testRoundLang346(DateUtilsTest.java:712)
    at sun.reflect.NativeMethodAccessorImpl.invoke0(Native Method)

18:37:10.217 [pool-87-thread-1] DEBUG tests.output - Failing tests with false: 
[testRoundLang346(org.apache.commons.lang.time.DateUtilsTest): The field 12 is not supported]
18:37:10.217 [pool-87-thread-1] DEBUG tests.output - Failing tests with true: 
[testRoundLang346(org.apache.commons.lang.time.DateUtilsTest): Minute Round Up Failed expected:<Mon Jul 02 08:09:00 EDT 2007> but was:<Mon Jul 02 08:01:00 EDT 2007>]
18:37:10.217 [pool-87-thread-1] INFO  f.i.l.r.n.synth.SMTNopolSynthesizer - Not enough specifications: 0. A trivial patch is "true" or "false", please write new tests specifying SourceLocation org.apache.commons.lang.time.DateUtils:671.
18:37:10.217 [pool-2-thread-1] DEBUG fr.inria.lille.repair.nopol.NoPol - statement #23
18:37:10.218 [pool-2-thread-1] DEBUG fr.inria.lille.repair.nopol.NoPol - Analysing SourceLocation org.apache.commons.lang.time.DateUtils:670 which is executed by 6 tests
1745874308
18:37:10.340 [pool-2-thread-1] DEBUG fr.inria.lille.repair.nopol.NoPol - statement #24
18:37:10.340 [pool-2-thread-1] DEBUG fr.inria.lille.repair.nopol.NoPol - Analysing SourceLocation org.apache.commons.lang.time.DateUtils:666 which is executed by 6 tests
1745874308
18:37:10.479 [pool-2-thread-1] DEBUG fr.inria.lille.repair.nopol.NoPol - looking with class fr.inria.lille.repair.nopol.spoon.smt.ConditionalAdder
junit.framework.AssertionFailedError: Minute Round Up Failed expected:<Mon Jul 02 08:09:00 EDT 2007> but was:<Mon Jul 02 08:01:00 EDT 2007>
    at junit.framework.Assert.fail(Assert.java:57)
    at junit.framework.Assert.failNotEquals(Assert.java:329)
    at junit.framework.Assert.assertEquals(Assert.java:78)
    at junit.framework.TestCase.assertEquals(TestCase.java:244)
    at org.apache.commons.lang.time.DateUtilsTest.testRoundLang346(DateUtilsTest.java:712)
    at sun.reflect.NativeMethodAccessorImpl.invoke0(Native Method)
18:37:10.514 [pool-92-thread-1] INFO  xxl.java.junit.TestCasesListener - Tests run finished (27 ms)
<> Total tests run: 23
<> Ignored tests: 0
<> Failed tests: 1
~ testRoundLang346(org.apache.commons.lang.time.DateUtilsTest)
[Minute Round Up Failed expected:<Mon Jul 02 08:09:00 EDT 2007> but was:<Mon Jul 02 08:01:00 EDT 2007>]
junit.framework.AssertionFailedError: Minute Round Up Failed expected:<Mon Jul 02 08:09:00 EDT 2007> but was:<Mon Jul 02 08:01:00 EDT 2007>    at junit.framework.Assert.fail(Assert.java:57)
    at junit.framework.Assert.failNotEquals(Assert.java:329)
    at junit.framework.Assert.assertEquals(Assert.java:78)
    at junit.framework.TestCase.assertEquals(TestCase.java:244)
    at org.apache.commons.lang.time.DateUtilsTest.testRoundLang346(DateUtilsTest.java:712)
    at sun.reflect.NativeMethodAccessorImpl.invoke0(Native Method)

18:37:10.840 [pool-93-thread-1] INFO  f.i.l.c.t.SpecificationTestCasesListener - Tests run finished (4 ms)
<> Total tests run: 1
<> Ignored tests: 0
<> Failed tests: 0

junit.framework.AssertionFailedError: Minute Round Up Failed expected:<Mon Jul 02 08:09:00 EDT 2007> but was:<Mon Jul 02 08:01:00 EDT 2007>
    at junit.framework.Assert.fail(Assert.java:57)
    at junit.framework.Assert.failNotEquals(Assert.java:329)
    at junit.framework.Assert.assertEquals(Assert.java:78)
    at junit.framework.TestCase.assertEquals(TestCase.java:244)
    at org.apache.commons.lang.time.DateUtilsTest.testRoundLang346(DateUtilsTest.java:712)
    at sun.reflect.NativeMethodAccessorImpl.invoke0(Native Method)
18:37:10.844 [pool-94-thread-1] INFO  f.i.l.c.t.SpecificationTestCasesListener - Tests run finished (2 ms)
<> Total tests run: 1
<> Ignored tests: 0
<> Failed tests: 1
~ testRoundLang346(org.apache.commons.lang.time.DateUtilsTest)
[Minute Round Up Failed expected:<Mon Jul 02 08:09:00 EDT 2007> but was:<Mon Jul 02 08:01:00 EDT 2007>]
junit.framework.AssertionFailedError: Minute Round Up Failed expected:<Mon Jul 02 08:09:00 EDT 2007> but was:<Mon Jul 02 08:01:00 EDT 2007>    at junit.framework.Assert.fail(Assert.java:57)
    at junit.framework.Assert.failNotEquals(Assert.java:329)
    at junit.framework.Assert.assertEquals(Assert.java:78)
    at junit.framework.TestCase.assertEquals(TestCase.java:244)
    at org.apache.commons.lang.time.DateUtilsTest.testRoundLang346(DateUtilsTest.java:712)
    at sun.reflect.NativeMethodAccessorImpl.invoke0(Native Method)

18:37:10.850 [pool-95-thread-1] INFO  f.i.l.r.n.s.ConstraintModelBuilder$1PassingListener - Tests run finished (2 ms)
<> Total tests run: 1
<> Ignored tests: 0
<> Failed tests: 0

18:37:10.852 [pool-96-thread-1] INFO  f.i.l.r.n.s.ConstraintModelBuilder$1PassingListener - Tests run finished (1 ms)
<> Total tests run: 1
<> Ignored tests: 0
<> Failed tests: 0

18:37:10.857 [pool-97-thread-1] INFO  f.i.l.r.n.s.ConstraintModelBuilder$1PassingListener - Tests run finished (3 ms)
<> Total tests run: 1
<> Ignored tests: 0
<> Failed tests: 0

18:37:10.865 [pool-98-thread-1] INFO  f.i.l.r.n.s.ConstraintModelBuilder$1PassingListener - Tests run finished (7 ms)
<> Total tests run: 1
<> Ignored tests: 0
<> Failed tests: 0

junit.framework.AssertionFailedError: Truncate Calendar.SECOND expected:<Sun Oct 31 01:02:03 MDT 2004> but was:<Sun Oct 31 01:02:03 MST 2004>
    at junit.framework.Assert.fail(Assert.java:57)
    at junit.framework.Assert.failNotEquals(Assert.java:329)
    at junit.framework.Assert.assertEquals(Assert.java:78)
    at junit.framework.TestCase.assertEquals(TestCase.java:244)
    at org.apache.commons.lang.time.DateUtilsTest.testTruncateLang59(DateUtilsTest.java:995)
    at sun.reflect.NativeMethodAccessorImpl.invoke0(Native Method)
18:37:10.868 [pool-99-thread-1] INFO  f.i.l.r.n.s.ConstraintModelBuilder$1PassingListener - Tests run finished (2 ms)
<> Total tests run: 1
<> Ignored tests: 0
<> Failed tests: 1
~ testTruncateLang59(org.apache.commons.lang.time.DateUtilsTest)
[Truncate Calendar.SECOND expected:<Sun Oct 31 01:02:03 MDT 2004> but was:<Sun Oct 31 01:02:03 MST 2004>]
junit.framework.AssertionFailedError: Truncate Calendar.SECOND expected:<Sun Oct 31 01:02:03 MDT 2004> but was:<Sun Oct 31 01:02:03 MST 2004>    at junit.framework.Assert.fail(Assert.java:57)
    at junit.framework.Assert.failNotEquals(Assert.java:329)
    at junit.framework.Assert.assertEquals(Assert.java:78)
    at junit.framework.TestCase.assertEquals(TestCase.java:244)
    at org.apache.commons.lang.time.DateUtilsTest.testTruncateLang59(DateUtilsTest.java:995)
    at sun.reflect.NativeMethodAccessorImpl.invoke0(Native Method)

18:37:10.884 [pool-100-thread-1] INFO  f.i.l.r.n.s.ConstraintModelBuilder$1PassingListener - Tests run finished (15 ms)
<> Total tests run: 1
<> Ignored tests: 0
<> Failed tests: 0

18:37:10.887 [pool-101-thread-1] INFO  f.i.l.r.n.s.ConstraintModelBuilder$1PassingListener - Tests run finished (2 ms)
<> Total tests run: 1
<> Ignored tests: 0
<> Failed tests: 0

junit.framework.AssertionFailedError: Minute Round Up Failed expected:<Mon Jul 02 08:09:00 MDT 2007> but was:<Mon Jul 02 08:01:00 MDT 2007>
    at junit.framework.Assert.fail(Assert.java:57)
    at junit.framework.Assert.failNotEquals(Assert.java:329)
    at junit.framework.Assert.assertEquals(Assert.java:78)
    at junit.framework.TestCase.assertEquals(TestCase.java:244)
    at org.apache.commons.lang.time.DateUtilsTest.testRoundLang346(DateUtilsTest.java:712)
    at sun.reflect.NativeMethodAccessorImpl.invoke0(Native Method)
18:37:10.889 [pool-102-thread-1] INFO  f.i.l.r.n.s.ConstraintModelBuilder$1PassingListener - Tests run finished (1 ms)
<> Total tests run: 1
<> Ignored tests: 0
<> Failed tests: 1
~ testRoundLang346(org.apache.commons.lang.time.DateUtilsTest)
[Minute Round Up Failed expected:<Mon Jul 02 08:09:00 MDT 2007> but was:<Mon Jul 02 08:01:00 MDT 2007>]
junit.framework.AssertionFailedError: Minute Round Up Failed expected:<Mon Jul 02 08:09:00 MDT 2007> but was:<Mon Jul 02 08:01:00 MDT 2007>    at junit.framework.Assert.fail(Assert.java:57)
    at junit.framework.Assert.failNotEquals(Assert.java:329)
    at junit.framework.Assert.assertEquals(Assert.java:78)
    at junit.framework.TestCase.assertEquals(TestCase.java:244)
    at org.apache.commons.lang.time.DateUtilsTest.testRoundLang346(DateUtilsTest.java:712)
    at sun.reflect.NativeMethodAccessorImpl.invoke0(Native Method)

18:37:10.892 [pool-103-thread-1] INFO  f.i.l.r.n.s.ConstraintModelBuilder$1PassingListener - Tests run finished (2 ms)
<> Total tests run: 1
<> Ignored tests: 0
<> Failed tests: 0

18:37:10.896 [pool-104-thread-1] INFO  f.i.l.r.n.s.ConstraintModelBuilder$1PassingListener - Tests run finished (2 ms)
<> Total tests run: 1
<> Ignored tests: 0
<> Failed tests: 0

18:37:10.898 [pool-105-thread-1] INFO  f.i.l.r.n.s.ConstraintModelBuilder$1PassingListener - Tests run finished (1 ms)
<> Total tests run: 1
<> Ignored tests: 0
<> Failed tests: 0

18:37:10.902 [pool-106-thread-1] INFO  f.i.l.r.n.s.ConstraintModelBuilder$1PassingListener - Tests run finished (3 ms)
<> Total tests run: 1
<> Ignored tests: 0
<> Failed tests: 0

18:37:10.905 [pool-107-thread-1] INFO  f.i.l.c.t.SpecificationTestCasesListener - Tests run finished (2 ms)
<> Total tests run: 1
<> Ignored tests: 0
<> Failed tests: 0

18:37:11.195 [pool-91-thread-1] DEBUG f.i.l.c.s.ConstraintBasedSynthesis - Operators:
18:37:11.389 [pool-91-thread-1] DEBUG f.i.l.c.s.ConstraintBasedSynthesis - Operators:
== of arity: 2
!= of arity: 2
< of arity: 2
<= of arity: 2
18:37:11.876 [pool-91-thread-1] DEBUG f.i.l.c.s.ConstraintBasedSynthesis - Successful code synthesis: seconds <= org.apache.commons.lang.time.DateUtils.fields.length
18:37:11.877 [pool-91-thread-1] INFO  f.i.l.repair.nopol.patch.TestPatch - Applying patch: org.apache.commons.lang.time.DateUtils:666: PRECONDITION seconds <= org.apache.commons.lang.time.DateUtils.fields.length
18:37:12.080 [pool-91-thread-1] INFO  f.i.l.repair.nopol.patch.TestPatch - Running test suite to check the patch "seconds <= org.apache.commons.lang.time.DateUtils.fields.length" is working
18:37:12.108 [pool-2-thread-1] INFO  fr.inria.lille.repair.nopol.NoPol - ----INFORMATION----
18:37:12.207 [pool-2-thread-1] INFO  fr.inria.lille.repair.nopol.NoPol - Nb classes : 77
18:37:12.207 [pool-2-thread-1] INFO  fr.inria.lille.repair.nopol.NoPol - Nb methods : 1730
18:37:12.208 [pool-2-thread-1] INFO  fr.inria.lille.repair.nopol.NoPol - Nb Statements Analyzed : 23
18:37:12.208 [pool-2-thread-1] INFO  fr.inria.lille.repair.nopol.NoPol - Nb Statements with Angelic Value Found : 1
18:37:12.208 [pool-2-thread-1] INFO  fr.inria.lille.repair.nopol.NoPol - Nb inputs in SMT : 18
18:37:12.208 [pool-2-thread-1] INFO  fr.inria.lille.repair.nopol.NoPol - Nb SMT level: 2
18:37:12.208 [pool-2-thread-1] INFO  fr.inria.lille.repair.nopol.NoPol - Nb SMT components: [4] [== of arity: 2, != of arity: 2, < of arity: 2, <= of arity: 2]
18:37:12.208 [pool-2-thread-1] INFO  fr.inria.lille.repair.nopol.NoPol -                   class java.lang.Boolean: 4
18:37:12.208 [pool-2-thread-1] INFO  fr.inria.lille.repair.nopol.NoPol - Nb variables in SMT : 47
18:37:12.208 [pool-2-thread-1] INFO  fr.inria.lille.repair.nopol.NoPol - NoPol Execution time : 44209ms
18:37:12.208 [pool-2-thread-1] INFO  fr.inria.lille.repair.nopol.NoPol - 
18:37:12.208 [pool-2-thread-1] INFO  fr.inria.lille.repair.nopol.NoPol - ----PATCH FOUND----
18:37:12.208 [pool-2-thread-1] INFO  fr.inria.lille.repair.nopol.NoPol - seconds <= org.apache.commons.lang.time.DateUtils.fields.length
18:37:12.228 [pool-2-thread-1] INFO  fr.inria.lille.repair.nopol.NoPol - Nb test that executes the patch: 6
18:37:12.229 [pool-2-thread-1] INFO  fr.inria.lille.repair.nopol.NoPol - org.apache.commons.lang.time.DateUtils:666: PRECONDITION
18:37:12.260 [pool-2-thread-1] INFO  fr.inria.lille.repair.nopol.NoPol - --- a/src/java/org/apache/commons/lang/time/DateUtils.java
+++ b/src/java/org/apache/commons/lang/time/DateUtils.java
@@ -665,3 +665,5 @@
             date.setTime(time);
-            val.setTime(date);
+            if (seconds <= org.apache.commons.lang.time.DateUtils.fields.length) {
+                val.setTime(date);
+            }
         }

PATCH
105.67user 4.27system 0:46.21elapsed 237%CPU (0avgtext+0avgdata 719844maxresident)k
73608inputs+5784outputs (28major+360676minor)pagefaults 0swaps


Node: granduc-18.luxembourg.grid5000.fr



Date: Wed Nov 28 18:37:12 EST 2018

