cd /tmp/Nopol_QuixBugs_MAX_SUBLIST_SUM_;
export JAVA_TOOL_OPTIONS="-Dfile.encoding=UTF8 -Duser.language=en-US -Duser.country=US -Duser.language=en";
TZ="America/New_York"; export TZ;
export PATH="/usr/lib/jvm/java-1.8.0-openjdk-amd64/bin/:$PATH";
export JAVA_HOME="/usr/lib/jvm/java-1.8.0-openjdk-amd64/bin/";
time java -Xmx4g -Xms1g -cp /home/tdurieux/defects4j4repair/script/../repair_tools/nopol.jar:/usr/lib/jvm/java-1.8.0-openjdk-amd64/bin//../lib/tools.jar fr.inria.lille.repair.Main \
	--mode repair \
	--type pre_then_cond \
	--oracle angelic \
	--synthesis smt \
	--flocal gzoltar \
	--json \
	--solver z3 \
	--solver-path /home/tdurieux/defects4j4repair/script/../libs/z3/build/z3 \
	--complianceLevel 8 \
	--source src/main/java \
	--classpath "target/classes:target/test-classes:/home/tdurieux/.m2/repository/junit/junit/4.11/junit-4.11.jar:/home/tdurieux/.m2/repository/org/hamcrest/hamcrest-core/1.3/hamcrest-core-1.3.jar:/home/tdurieux/defects4j4repair/script/../repair_tools/nopol.jar";
	echo "\n\nNode: `hostname`\n";
	echo "\n\nDate: `date`\n";
Picked up JAVA_TOOL_OPTIONS: -Dfile.encoding=UTF8 -Duser.language=en-US -Duser.country=US -Duser.language=en
14:40:26.826 [main] INFO  fr.inria.lille.repair.nopol.NoPol - Source files: [src/main/java]
14:40:26.848 [main] INFO  fr.inria.lille.repair.nopol.NoPol - Classpath: [file:/tmp/Nopol_QuixBugs_MAX_SUBLIST_SUM_/target/classes/, file:/tmp/Nopol_QuixBugs_MAX_SUBLIST_SUM_/target/test-classes/, file:/home/tdurieux/.m2/repository/junit/junit/4.11/junit-4.11.jar, file:/home/tdurieux/.m2/repository/org/hamcrest/hamcrest-core/1.3/hamcrest-core-1.3.jar, file:/home/tdurieux/defects4j4repair/script/../repair_tools/nopol.jar]
14:40:26.848 [main] INFO  fr.inria.lille.repair.nopol.NoPol - Statement type: PRE_THEN_COND
14:40:26.848 [main] INFO  fr.inria.lille.repair.nopol.NoPol - Args: [java_testcases.junit.MAX_SUBLIST_SUM_Test]
14:40:26.850 [main] INFO  fr.inria.lille.repair.nopol.NoPol - Config: Config{synthesisDepth=3, collectStaticMethods=true, collectStaticFields=false, collectLiterals=false, onlyOneSynthesisResult=true, sortExpressions=true, maxLineInvocationPerTest=250, timeoutMethodInvocation=2000, dataCollectionTimeoutInSecondForSynthesis=900, addWeight=0.19478, subWeight=0.04554, mulWeight=0.0102, divWeight=0.00613, andWeight=0.10597, orWeight=0.05708, eqWeight=0.22798, nEqWeight=0.0, lessEqWeight=0.0255, lessWeight=0.0947, methodCallWeight=0.1, fieldAccessWeight=0.08099, constantWeight=0.14232, variableWeight=0.05195, mode=REPAIR, type=PRE_THEN_COND, synthesis=SMT, oracle=ANGELIC, solver=Z3, solverPath='/home/tdurieux/defects4j4repair/script/../libs/z3/build/z3', projectSources=[src/main/java], projectClasspath='[Ljava.net.URL;@66d33a', projectTests=[java_testcases.junit.MAX_SUBLIST_SUM_Test], complianceLevel=8, outputFolder=., json=true}
14:40:26.850 [main] INFO  fr.inria.lille.repair.nopol.NoPol - Available processors (cores): 4
14:40:26.856 [main] INFO  fr.inria.lille.repair.nopol.NoPol - Free memory: 961 MB
14:40:26.856 [main] INFO  fr.inria.lille.repair.nopol.NoPol - Maximum memory: 3 GB
14:40:26.856 [main] INFO  fr.inria.lille.repair.nopol.NoPol - Total memory available to JVM: 981 MB
14:40:26.856 [main] INFO  fr.inria.lille.repair.nopol.NoPol - Java version: 1.8.0_181
14:40:26.857 [main] INFO  fr.inria.lille.repair.nopol.NoPol - JAVA_HOME: /usr/lib/jvm/java-1.8.0-openjdk-amd64/bin/
14:40:26.858 [main] INFO  fr.inria.lille.repair.nopol.NoPol - PATH: /usr/lib/jvm/java-1.8.0-openjdk-amd64/bin/:/usr/lib/oar/oardodo:/usr/lib/oar/oardodo:/usr/local/bin:/usr/bin:/bin:/usr/games
14:40:30.097 [pool-2-thread-1] DEBUG fr.inria.lille.repair.nopol.NoPol - statement #1
14:40:30.098 [pool-2-thread-1] DEBUG fr.inria.lille.repair.nopol.NoPol - Analysing SourceLocation java_programs.MAX_SUBLIST_SUM:23 which is executed by 6 tests
1398898352
14:40:30.319 [pool-2-thread-1] DEBUG fr.inria.lille.repair.nopol.NoPol - statement #2
14:40:30.319 [pool-2-thread-1] DEBUG fr.inria.lille.repair.nopol.NoPol - Analysing SourceLocation java_programs.MAX_SUBLIST_SUM:20 which is executed by 6 tests
1398898352
14:40:30.362 [pool-2-thread-1] DEBUG fr.inria.lille.repair.nopol.NoPol - looking with class fr.inria.lille.repair.nopol.spoon.smt.ConditionalAdder
java.lang.AssertionError: expected:<5> but was:<4>
    at org.junit.Assert.fail(Assert.java:88)
    at org.junit.Assert.failNotEquals(Assert.java:743)
    at org.junit.Assert.assertEquals(Assert.java:118)
    at org.junit.Assert.assertEquals(Assert.java:555)
    at org.junit.Assert.assertEquals(Assert.java:542)
    at java_testcases.junit.MAX_SUBLIST_SUM_Test.test_0(MAX_SUBLIST_SUM_Test.java:8)
java.lang.AssertionError: expected:<4> but was:<3>
    at org.junit.Assert.fail(Assert.java:88)
    at org.junit.Assert.failNotEquals(Assert.java:743)
    at org.junit.Assert.assertEquals(Assert.java:118)
    at org.junit.Assert.assertEquals(Assert.java:555)
    at org.junit.Assert.assertEquals(Assert.java:542)
    at java_testcases.junit.MAX_SUBLIST_SUM_Test.test_1(MAX_SUBLIST_SUM_Test.java:14)
java.lang.AssertionError: expected:<19> but was:<13>
    at org.junit.Assert.fail(Assert.java:88)
    at org.junit.Assert.failNotEquals(Assert.java:743)
    at org.junit.Assert.assertEquals(Assert.java:118)
    at org.junit.Assert.assertEquals(Assert.java:555)
    at org.junit.Assert.assertEquals(Assert.java:542)
    at java_testcases.junit.MAX_SUBLIST_SUM_Test.test_3(MAX_SUBLIST_SUM_Test.java:26)
java.lang.AssertionError: expected:<6> but was:<2>
    at org.junit.Assert.fail(Assert.java:88)
    at org.junit.Assert.failNotEquals(Assert.java:743)
    at org.junit.Assert.assertEquals(Assert.java:118)
    at org.junit.Assert.assertEquals(Assert.java:555)
    at org.junit.Assert.assertEquals(Assert.java:542)
    at java_testcases.junit.MAX_SUBLIST_SUM_Test.test_5(MAX_SUBLIST_SUM_Test.java:38)
java.lang.AssertionError: expected:<5> but was:<4>
    at org.junit.Assert.fail(Assert.java:88)
    at org.junit.Assert.failNotEquals(Assert.java:743)
    at org.junit.Assert.assertEquals(Assert.java:118)
    at org.junit.Assert.assertEquals(Assert.java:555)
    at org.junit.Assert.assertEquals(Assert.java:542)
    at java_testcases.junit.MAX_SUBLIST_SUM_Test.test_0(MAX_SUBLIST_SUM_Test.java:8)
java.lang.AssertionError: expected:<4> but was:<3>
    at org.junit.Assert.fail(Assert.java:88)
    at org.junit.Assert.failNotEquals(Assert.java:743)
    at org.junit.Assert.assertEquals(Assert.java:118)
    at org.junit.Assert.assertEquals(Assert.java:555)
    at org.junit.Assert.assertEquals(Assert.java:542)
    at java_testcases.junit.MAX_SUBLIST_SUM_Test.test_1(MAX_SUBLIST_SUM_Test.java:14)
java.lang.AssertionError: expected:<19> but was:<13>
    at org.junit.Assert.fail(Assert.java:88)
    at org.junit.Assert.failNotEquals(Assert.java:743)
    at org.junit.Assert.assertEquals(Assert.java:118)
    at org.junit.Assert.assertEquals(Assert.java:555)
    at org.junit.Assert.assertEquals(Assert.java:542)
    at java_testcases.junit.MAX_SUBLIST_SUM_Test.test_3(MAX_SUBLIST_SUM_Test.java:26)
java.lang.AssertionError: expected:<6> but was:<2>
    at org.junit.Assert.fail(Assert.java:88)
    at org.junit.Assert.failNotEquals(Assert.java:743)
    at org.junit.Assert.assertEquals(Assert.java:118)
    at org.junit.Assert.assertEquals(Assert.java:555)
    at org.junit.Assert.assertEquals(Assert.java:542)
    at java_testcases.junit.MAX_SUBLIST_SUM_Test.test_5(MAX_SUBLIST_SUM_Test.java:38)
java.lang.AssertionError: expected:<5> but was:<4>
    at org.junit.Assert.fail(Assert.java:88)
    at org.junit.Assert.failNotEquals(Assert.java:743)
    at org.junit.Assert.assertEquals(Assert.java:118)
    at org.junit.Assert.assertEquals(Assert.java:555)
    at org.junit.Assert.assertEquals(Assert.java:542)
    at java_testcases.junit.MAX_SUBLIST_SUM_Test.test_0(MAX_SUBLIST_SUM_Test.java:8)
java.lang.AssertionError: expected:<4> but was:<3>
    at org.junit.Assert.fail(Assert.java:88)
    at org.junit.Assert.failNotEquals(Assert.java:743)
    at org.junit.Assert.assertEquals(Assert.java:118)
    at org.junit.Assert.assertEquals(Assert.java:555)
    at org.junit.Assert.assertEquals(Assert.java:542)
    at java_testcases.junit.MAX_SUBLIST_SUM_Test.test_1(MAX_SUBLIST_SUM_Test.java:14)
java.lang.AssertionError: expected:<19> but was:<13>
    at org.junit.Assert.fail(Assert.java:88)
    at org.junit.Assert.failNotEquals(Assert.java:743)
    at org.junit.Assert.assertEquals(Assert.java:118)
    at org.junit.Assert.assertEquals(Assert.java:555)
    at org.junit.Assert.assertEquals(Assert.java:542)
    at java_testcases.junit.MAX_SUBLIST_SUM_Test.test_3(MAX_SUBLIST_SUM_Test.java:26)
java.lang.AssertionError: expected:<6> but was:<2>
    at org.junit.Assert.fail(Assert.java:88)
    at org.junit.Assert.failNotEquals(Assert.java:743)
    at org.junit.Assert.assertEquals(Assert.java:118)
    at org.junit.Assert.assertEquals(Assert.java:555)
    at org.junit.Assert.assertEquals(Assert.java:542)
    at java_testcases.junit.MAX_SUBLIST_SUM_Test.test_5(MAX_SUBLIST_SUM_Test.java:38)
java.lang.AssertionError: expected:<5> but was:<4>
    at org.junit.Assert.fail(Assert.java:88)
    at org.junit.Assert.failNotEquals(Assert.java:743)
    at org.junit.Assert.assertEquals(Assert.java:118)
    at org.junit.Assert.assertEquals(Assert.java:555)
    at org.junit.Assert.assertEquals(Assert.java:542)
    at java_testcases.junit.MAX_SUBLIST_SUM_Test.test_0(MAX_SUBLIST_SUM_Test.java:8)
java.lang.AssertionError: expected:<4> but was:<3>
    at org.junit.Assert.fail(Assert.java:88)
    at org.junit.Assert.failNotEquals(Assert.java:743)
    at org.junit.Assert.assertEquals(Assert.java:118)
    at org.junit.Assert.assertEquals(Assert.java:555)
    at org.junit.Assert.assertEquals(Assert.java:542)
    at java_testcases.junit.MAX_SUBLIST_SUM_Test.test_1(MAX_SUBLIST_SUM_Test.java:14)
java.lang.AssertionError: expected:<19> but was:<13>
    at org.junit.Assert.fail(Assert.java:88)
    at org.junit.Assert.failNotEquals(Assert.java:743)
    at org.junit.Assert.assertEquals(Assert.java:118)
    at org.junit.Assert.assertEquals(Assert.java:555)
    at org.junit.Assert.assertEquals(Assert.java:542)
    at java_testcases.junit.MAX_SUBLIST_SUM_Test.test_3(MAX_SUBLIST_SUM_Test.java:26)
java.lang.AssertionError: expected:<6> but was:<2>
    at org.junit.Assert.fail(Assert.java:88)
    at org.junit.Assert.failNotEquals(Assert.java:743)
    at org.junit.Assert.assertEquals(Assert.java:118)
    at org.junit.Assert.assertEquals(Assert.java:555)
    at org.junit.Assert.assertEquals(Assert.java:542)
    at java_testcases.junit.MAX_SUBLIST_SUM_Test.test_5(MAX_SUBLIST_SUM_Test.java:38)
14:40:30.415 [pool-4-thread-1] INFO  xxl.java.junit.TestCasesListener - Tests run finished (27 ms)
<> Total tests run: 24
<> Ignored tests: 0
<> Failed tests: 16
~ test_0(java_testcases.junit.MAX_SUBLIST_SUM_Test)
[expected:<5> but was:<4>]
java.lang.AssertionError: expected:<5> but was:<4>    at org.junit.Assert.fail(Assert.java:88)
    at org.junit.Assert.failNotEquals(Assert.java:743)
    at org.junit.Assert.assertEquals(Assert.java:118)
    at org.junit.Assert.assertEquals(Assert.java:555)
    at org.junit.Assert.assertEquals(Assert.java:542)
    at java_testcases.junit.MAX_SUBLIST_SUM_Test.test_0(MAX_SUBLIST_SUM_Test.java:8)
~ test_1(java_testcases.junit.MAX_SUBLIST_SUM_Test)
[expected:<4> but was:<3>]
java.lang.AssertionError: expected:<4> but was:<3>    at org.junit.Assert.fail(Assert.java:88)
    at org.junit.Assert.failNotEquals(Assert.java:743)
    at org.junit.Assert.assertEquals(Assert.java:118)
    at org.junit.Assert.assertEquals(Assert.java:555)
    at org.junit.Assert.assertEquals(Assert.java:542)
    at java_testcases.junit.MAX_SUBLIST_SUM_Test.test_1(MAX_SUBLIST_SUM_Test.java:14)
~ test_3(java_testcases.junit.MAX_SUBLIST_SUM_Test)
[expected:<19> but was:<13>]
java.lang.AssertionError: expected:<19> but was:<13>    at org.junit.Assert.fail(Assert.java:88)
    at org.junit.Assert.failNotEquals(Assert.java:743)
    at org.junit.Assert.assertEquals(Assert.java:118)
    at org.junit.Assert.assertEquals(Assert.java:555)
    at org.junit.Assert.assertEquals(Assert.java:542)
    at java_testcases.junit.MAX_SUBLIST_SUM_Test.test_3(MAX_SUBLIST_SUM_Test.java:26)
~ test_5(java_testcases.junit.MAX_SUBLIST_SUM_Test)
[expected:<6> but was:<2>]
java.lang.AssertionError: expected:<6> but was:<2>    at org.junit.Assert.fail(Assert.java:88)
    at org.junit.Assert.failNotEquals(Assert.java:743)
    at org.junit.Assert.assertEquals(Assert.java:118)
    at org.junit.Assert.assertEquals(Assert.java:555)
    at org.junit.Assert.assertEquals(Assert.java:542)
    at java_testcases.junit.MAX_SUBLIST_SUM_Test.test_5(MAX_SUBLIST_SUM_Test.java:38)
~ test_0(java_testcases.junit.MAX_SUBLIST_SUM_Test)
[expected:<5> but was:<4>]
java.lang.AssertionError: expected:<5> but was:<4>    at org.junit.Assert.fail(Assert.java:88)
    at org.junit.Assert.failNotEquals(Assert.java:743)
    at org.junit.Assert.assertEquals(Assert.java:118)
    at org.junit.Assert.assertEquals(Assert.java:555)
    at org.junit.Assert.assertEquals(Assert.java:542)
    at java_testcases.junit.MAX_SUBLIST_SUM_Test.test_0(MAX_SUBLIST_SUM_Test.java:8)
~ test_1(java_testcases.junit.MAX_SUBLIST_SUM_Test)
[expected:<4> but was:<3>]
java.lang.AssertionError: expected:<4> but was:<3>    at org.junit.Assert.fail(Assert.java:88)
    at org.junit.Assert.failNotEquals(Assert.java:743)
    at org.junit.Assert.assertEquals(Assert.java:118)
    at org.junit.Assert.assertEquals(Assert.java:555)
    at org.junit.Assert.assertEquals(Assert.java:542)
    at java_testcases.junit.MAX_SUBLIST_SUM_Test.test_1(MAX_SUBLIST_SUM_Test.java:14)
~ test_3(java_testcases.junit.MAX_SUBLIST_SUM_Test)
[expected:<19> but was:<13>]
java.lang.AssertionError: expected:<19> but was:<13>    at org.junit.Assert.fail(Assert.java:88)
    at org.junit.Assert.failNotEquals(Assert.java:743)
    at org.junit.Assert.assertEquals(Assert.java:118)
    at org.junit.Assert.assertEquals(Assert.java:555)
    at org.junit.Assert.assertEquals(Assert.java:542)
    at java_testcases.junit.MAX_SUBLIST_SUM_Test.test_3(MAX_SUBLIST_SUM_Test.java:26)
~ test_5(java_testcases.junit.MAX_SUBLIST_SUM_Test)
[expected:<6> but was:<2>]
java.lang.AssertionError: expected:<6> but was:<2>    at org.junit.Assert.fail(Assert.java:88)
    at org.junit.Assert.failNotEquals(Assert.java:743)
    at org.junit.Assert.assertEquals(Assert.java:118)
    at org.junit.Assert.assertEquals(Assert.java:555)
    at org.junit.Assert.assertEquals(Assert.java:542)
    at java_testcases.junit.MAX_SUBLIST_SUM_Test.test_5(MAX_SUBLIST_SUM_Test.java:38)
~ test_0(java_testcases.junit.MAX_SUBLIST_SUM_Test)
[expected:<5> but was:<4>]
java.lang.AssertionError: expected:<5> but was:<4>    at org.junit.Assert.fail(Assert.java:88)
    at org.junit.Assert.failNotEquals(Assert.java:743)
    at org.junit.Assert.assertEquals(Assert.java:118)
    at org.junit.Assert.assertEquals(Assert.java:555)
    at org.junit.Assert.assertEquals(Assert.java:542)
    at java_testcases.junit.MAX_SUBLIST_SUM_Test.test_0(MAX_SUBLIST_SUM_Test.java:8)
~ test_1(java_testcases.junit.MAX_SUBLIST_SUM_Test)
[expected:<4> but was:<3>]
java.lang.AssertionError: expected:<4> but was:<3>    at org.junit.Assert.fail(Assert.java:88)
    at org.junit.Assert.failNotEquals(Assert.java:743)
    at org.junit.Assert.assertEquals(Assert.java:118)
    at org.junit.Assert.assertEquals(Assert.java:555)
    at org.junit.Assert.assertEquals(Assert.java:542)
    at java_testcases.junit.MAX_SUBLIST_SUM_Test.test_1(MAX_SUBLIST_SUM_Test.java:14)
~ test_3(java_testcases.junit.MAX_SUBLIST_SUM_Test)
[expected:<19> but was:<13>]
java.lang.AssertionError: expected:<19> but was:<13>    at org.junit.Assert.fail(Assert.java:88)
    at org.junit.Assert.failNotEquals(Assert.java:743)
    at org.junit.Assert.assertEquals(Assert.java:118)
    at org.junit.Assert.assertEquals(Assert.java:555)
    at org.junit.Assert.assertEquals(Assert.java:542)
    at java_testcases.junit.MAX_SUBLIST_SUM_Test.test_3(MAX_SUBLIST_SUM_Test.java:26)
~ test_5(java_testcases.junit.MAX_SUBLIST_SUM_Test)
[expected:<6> but was:<2>]
java.lang.AssertionError: expected:<6> but was:<2>    at org.junit.Assert.fail(Assert.java:88)
    at org.junit.Assert.failNotEquals(Assert.java:743)
    at org.junit.Assert.assertEquals(Assert.java:118)
    at org.junit.Assert.assertEquals(Assert.java:555)
    at org.junit.Assert.assertEquals(Assert.java:542)
    at java_testcases.junit.MAX_SUBLIST_SUM_Test.test_5(MAX_SUBLIST_SUM_Test.java:38)
~ test_0(java_testcases.junit.MAX_SUBLIST_SUM_Test)
[expected:<5> but was:<4>]
java.lang.AssertionError: expected:<5> but was:<4>    at org.junit.Assert.fail(Assert.java:88)
    at org.junit.Assert.failNotEquals(Assert.java:743)
    at org.junit.Assert.assertEquals(Assert.java:118)
    at org.junit.Assert.assertEquals(Assert.java:555)
    at org.junit.Assert.assertEquals(Assert.java:542)
    at java_testcases.junit.MAX_SUBLIST_SUM_Test.test_0(MAX_SUBLIST_SUM_Test.java:8)
~ test_1(java_testcases.junit.MAX_SUBLIST_SUM_Test)
[expected:<4> but was:<3>]
java.lang.AssertionError: expected:<4> but was:<3>    at org.junit.Assert.fail(Assert.java:88)
    at org.junit.Assert.failNotEquals(Assert.java:743)
    at org.junit.Assert.assertEquals(Assert.java:118)
    at org.junit.Assert.assertEquals(Assert.java:555)
    at org.junit.Assert.assertEquals(Assert.java:542)
    at java_testcases.junit.MAX_SUBLIST_SUM_Test.test_1(MAX_SUBLIST_SUM_Test.java:14)
~ test_3(java_testcases.junit.MAX_SUBLIST_SUM_Test)
[expected:<19> but was:<13>]
java.lang.AssertionError: expected:<19> but was:<13>    at org.junit.Assert.fail(Assert.java:88)
    at org.junit.Assert.failNotEquals(Assert.java:743)
    at org.junit.Assert.assertEquals(Assert.java:118)
    at org.junit.Assert.assertEquals(Assert.java:555)
    at org.junit.Assert.assertEquals(Assert.java:542)
    at java_testcases.junit.MAX_SUBLIST_SUM_Test.test_3(MAX_SUBLIST_SUM_Test.java:26)
~ test_5(java_testcases.junit.MAX_SUBLIST_SUM_Test)
[expected:<6> but was:<2>]
java.lang.AssertionError: expected:<6> but was:<2>    at org.junit.Assert.fail(Assert.java:88)
    at org.junit.Assert.failNotEquals(Assert.java:743)
    at org.junit.Assert.assertEquals(Assert.java:118)
    at org.junit.Assert.assertEquals(Assert.java:555)
    at org.junit.Assert.assertEquals(Assert.java:542)
    at java_testcases.junit.MAX_SUBLIST_SUM_Test.test_5(MAX_SUBLIST_SUM_Test.java:38)

java.lang.AssertionError: expected:<5> but was:<0>
    at org.junit.Assert.fail(Assert.java:88)
    at org.junit.Assert.failNotEquals(Assert.java:743)
    at org.junit.Assert.assertEquals(Assert.java:118)
    at org.junit.Assert.assertEquals(Assert.java:555)
    at org.junit.Assert.assertEquals(Assert.java:542)
    at java_testcases.junit.MAX_SUBLIST_SUM_Test.test_0(MAX_SUBLIST_SUM_Test.java:8)
14:40:30.896 [pool-5-thread-1] INFO  f.i.l.c.t.SpecificationTestCasesListener - Tests run finished (5 ms)
<> Total tests run: 1
<> Ignored tests: 0
<> Failed tests: 1
~ test_0(java_testcases.junit.MAX_SUBLIST_SUM_Test)
[expected:<5> but was:<0>]
java.lang.AssertionError: expected:<5> but was:<0>    at org.junit.Assert.fail(Assert.java:88)
    at org.junit.Assert.failNotEquals(Assert.java:743)
    at org.junit.Assert.assertEquals(Assert.java:118)
    at org.junit.Assert.assertEquals(Assert.java:555)
    at org.junit.Assert.assertEquals(Assert.java:542)
    at java_testcases.junit.MAX_SUBLIST_SUM_Test.test_0(MAX_SUBLIST_SUM_Test.java:8)

java.lang.AssertionError: expected:<4> but was:<0>
    at org.junit.Assert.fail(Assert.java:88)
    at org.junit.Assert.failNotEquals(Assert.java:743)
    at org.junit.Assert.assertEquals(Assert.java:118)
    at org.junit.Assert.assertEquals(Assert.java:555)
    at org.junit.Assert.assertEquals(Assert.java:542)
    at java_testcases.junit.MAX_SUBLIST_SUM_Test.test_1(MAX_SUBLIST_SUM_Test.java:14)
14:40:30.898 [pool-6-thread-1] INFO  f.i.l.c.t.SpecificationTestCasesListener - Tests run finished (1 ms)
<> Total tests run: 1
<> Ignored tests: 0
<> Failed tests: 1
~ test_1(java_testcases.junit.MAX_SUBLIST_SUM_Test)
[expected:<4> but was:<0>]
java.lang.AssertionError: expected:<4> but was:<0>    at org.junit.Assert.fail(Assert.java:88)
    at org.junit.Assert.failNotEquals(Assert.java:743)
    at org.junit.Assert.assertEquals(Assert.java:118)
    at org.junit.Assert.assertEquals(Assert.java:555)
    at org.junit.Assert.assertEquals(Assert.java:542)
    at java_testcases.junit.MAX_SUBLIST_SUM_Test.test_1(MAX_SUBLIST_SUM_Test.java:14)

java.lang.AssertionError: expected:<19> but was:<0>
    at org.junit.Assert.fail(Assert.java:88)
    at org.junit.Assert.failNotEquals(Assert.java:743)
    at org.junit.Assert.assertEquals(Assert.java:118)
    at org.junit.Assert.assertEquals(Assert.java:555)
    at org.junit.Assert.assertEquals(Assert.java:542)
    at java_testcases.junit.MAX_SUBLIST_SUM_Test.test_3(MAX_SUBLIST_SUM_Test.java:26)
14:40:30.900 [pool-7-thread-1] INFO  f.i.l.c.t.SpecificationTestCasesListener - Tests run finished (1 ms)
<> Total tests run: 1
<> Ignored tests: 0
<> Failed tests: 1
~ test_3(java_testcases.junit.MAX_SUBLIST_SUM_Test)
[expected:<19> but was:<0>]
java.lang.AssertionError: expected:<19> but was:<0>    at org.junit.Assert.fail(Assert.java:88)
    at org.junit.Assert.failNotEquals(Assert.java:743)
    at org.junit.Assert.assertEquals(Assert.java:118)
    at org.junit.Assert.assertEquals(Assert.java:555)
    at org.junit.Assert.assertEquals(Assert.java:542)
    at java_testcases.junit.MAX_SUBLIST_SUM_Test.test_3(MAX_SUBLIST_SUM_Test.java:26)

java.lang.AssertionError: expected:<6> but was:<0>
    at org.junit.Assert.fail(Assert.java:88)
    at org.junit.Assert.failNotEquals(Assert.java:743)
    at org.junit.Assert.assertEquals(Assert.java:118)
    at org.junit.Assert.assertEquals(Assert.java:555)
    at org.junit.Assert.assertEquals(Assert.java:542)
    at java_testcases.junit.MAX_SUBLIST_SUM_Test.test_5(MAX_SUBLIST_SUM_Test.java:38)
14:40:30.902 [pool-8-thread-1] INFO  f.i.l.c.t.SpecificationTestCasesListener - Tests run finished (1 ms)
<> Total tests run: 1
<> Ignored tests: 0
<> Failed tests: 1
~ test_5(java_testcases.junit.MAX_SUBLIST_SUM_Test)
[expected:<6> but was:<0>]
java.lang.AssertionError: expected:<6> but was:<0>    at org.junit.Assert.fail(Assert.java:88)
    at org.junit.Assert.failNotEquals(Assert.java:743)
    at org.junit.Assert.assertEquals(Assert.java:118)
    at org.junit.Assert.assertEquals(Assert.java:555)
    at org.junit.Assert.assertEquals(Assert.java:542)
    at java_testcases.junit.MAX_SUBLIST_SUM_Test.test_5(MAX_SUBLIST_SUM_Test.java:38)

java.lang.AssertionError: expected:<5> but was:<4>
    at org.junit.Assert.fail(Assert.java:88)
    at org.junit.Assert.failNotEquals(Assert.java:743)
    at org.junit.Assert.assertEquals(Assert.java:118)
    at org.junit.Assert.assertEquals(Assert.java:555)
    at org.junit.Assert.assertEquals(Assert.java:542)
    at java_testcases.junit.MAX_SUBLIST_SUM_Test.test_0(MAX_SUBLIST_SUM_Test.java:8)
14:40:30.905 [pool-9-thread-1] INFO  f.i.l.c.t.SpecificationTestCasesListener - Tests run finished (1 ms)
<> Total tests run: 1
<> Ignored tests: 0
<> Failed tests: 1
~ test_0(java_testcases.junit.MAX_SUBLIST_SUM_Test)
[expected:<5> but was:<4>]
java.lang.AssertionError: expected:<5> but was:<4>    at org.junit.Assert.fail(Assert.java:88)
    at org.junit.Assert.failNotEquals(Assert.java:743)
    at org.junit.Assert.assertEquals(Assert.java:118)
    at org.junit.Assert.assertEquals(Assert.java:555)
    at org.junit.Assert.assertEquals(Assert.java:542)
    at java_testcases.junit.MAX_SUBLIST_SUM_Test.test_0(MAX_SUBLIST_SUM_Test.java:8)

java.lang.AssertionError: expected:<4> but was:<3>
    at org.junit.Assert.fail(Assert.java:88)
    at org.junit.Assert.failNotEquals(Assert.java:743)
    at org.junit.Assert.assertEquals(Assert.java:118)
    at org.junit.Assert.assertEquals(Assert.java:555)
    at org.junit.Assert.assertEquals(Assert.java:542)
    at java_testcases.junit.MAX_SUBLIST_SUM_Test.test_1(MAX_SUBLIST_SUM_Test.java:14)
14:40:30.907 [pool-10-thread-1] INFO  f.i.l.c.t.SpecificationTestCasesListener - Tests run finished (1 ms)
<> Total tests run: 1
<> Ignored tests: 0
<> Failed tests: 1
~ test_1(java_testcases.junit.MAX_SUBLIST_SUM_Test)
[expected:<4> but was:<3>]
java.lang.AssertionError: expected:<4> but was:<3>    at org.junit.Assert.fail(Assert.java:88)
    at org.junit.Assert.failNotEquals(Assert.java:743)
    at org.junit.Assert.assertEquals(Assert.java:118)
    at org.junit.Assert.assertEquals(Assert.java:555)
    at org.junit.Assert.assertEquals(Assert.java:542)
    at java_testcases.junit.MAX_SUBLIST_SUM_Test.test_1(MAX_SUBLIST_SUM_Test.java:14)

java.lang.AssertionError: expected:<19> but was:<13>
    at org.junit.Assert.fail(Assert.java:88)
    at org.junit.Assert.failNotEquals(Assert.java:743)
    at org.junit.Assert.assertEquals(Assert.java:118)
    at org.junit.Assert.assertEquals(Assert.java:555)
    at org.junit.Assert.assertEquals(Assert.java:542)
    at java_testcases.junit.MAX_SUBLIST_SUM_Test.test_3(MAX_SUBLIST_SUM_Test.java:26)
14:40:30.909 [pool-11-thread-1] INFO  f.i.l.c.t.SpecificationTestCasesListener - Tests run finished (1 ms)
<> Total tests run: 1
<> Ignored tests: 0
<> Failed tests: 1
~ test_3(java_testcases.junit.MAX_SUBLIST_SUM_Test)
[expected:<19> but was:<13>]
java.lang.AssertionError: expected:<19> but was:<13>    at org.junit.Assert.fail(Assert.java:88)
    at org.junit.Assert.failNotEquals(Assert.java:743)
    at org.junit.Assert.assertEquals(Assert.java:118)
    at org.junit.Assert.assertEquals(Assert.java:555)
    at org.junit.Assert.assertEquals(Assert.java:542)
    at java_testcases.junit.MAX_SUBLIST_SUM_Test.test_3(MAX_SUBLIST_SUM_Test.java:26)

java.lang.AssertionError: expected:<6> but was:<2>
    at org.junit.Assert.fail(Assert.java:88)
    at org.junit.Assert.failNotEquals(Assert.java:743)
    at org.junit.Assert.assertEquals(Assert.java:118)
    at org.junit.Assert.assertEquals(Assert.java:555)
    at org.junit.Assert.assertEquals(Assert.java:542)
    at java_testcases.junit.MAX_SUBLIST_SUM_Test.test_5(MAX_SUBLIST_SUM_Test.java:38)
14:40:30.911 [pool-12-thread-1] INFO  f.i.l.c.t.SpecificationTestCasesListener - Tests run finished (1 ms)
<> Total tests run: 1
<> Ignored tests: 0
<> Failed tests: 1
~ test_5(java_testcases.junit.MAX_SUBLIST_SUM_Test)
[expected:<6> but was:<2>]
java.lang.AssertionError: expected:<6> but was:<2>    at org.junit.Assert.fail(Assert.java:88)
    at org.junit.Assert.failNotEquals(Assert.java:743)
    at org.junit.Assert.assertEquals(Assert.java:118)
    at org.junit.Assert.assertEquals(Assert.java:555)
    at org.junit.Assert.assertEquals(Assert.java:542)
    at java_testcases.junit.MAX_SUBLIST_SUM_Test.test_5(MAX_SUBLIST_SUM_Test.java:38)

14:40:30.912 [pool-3-thread-1] DEBUG tests.output - Failing tests with false: 
[test_0(java_testcases.junit.MAX_SUBLIST_SUM_Test): expected:<5> but was:<0>, test_1(java_testcases.junit.MAX_SUBLIST_SUM_Test): expected:<4> but was:<0>, test_3(java_testcases.junit.MAX_SUBLIST_SUM_Test): expected:<19> but was:<0>, test_5(java_testcases.junit.MAX_SUBLIST_SUM_Test): expected:<6> but was:<0>]
14:40:30.912 [pool-3-thread-1] DEBUG tests.output - Failing tests with true: 
[test_0(java_testcases.junit.MAX_SUBLIST_SUM_Test): expected:<5> but was:<4>, test_1(java_testcases.junit.MAX_SUBLIST_SUM_Test): expected:<4> but was:<3>, test_3(java_testcases.junit.MAX_SUBLIST_SUM_Test): expected:<19> but was:<13>, test_5(java_testcases.junit.MAX_SUBLIST_SUM_Test): expected:<6> but was:<2>]
14:40:30.912 [pool-3-thread-1] INFO  f.i.l.r.n.synth.SMTNopolSynthesizer - Not enough specifications: 0. A trivial patch is "true" or "false", please write new tests specifying SourceLocation java_programs.MAX_SUBLIST_SUM:20.
14:40:30.912 [pool-2-thread-1] DEBUG fr.inria.lille.repair.nopol.NoPol - statement #3
14:40:30.913 [pool-2-thread-1] DEBUG fr.inria.lille.repair.nopol.NoPol - Analysing SourceLocation java_programs.MAX_SUBLIST_SUM:19 which is executed by 6 tests
1398898352
14:40:30.948 [pool-2-thread-1] DEBUG fr.inria.lille.repair.nopol.NoPol - looking with class fr.inria.lille.repair.nopol.spoon.smt.ConditionalAdder
java.lang.AssertionError: expected:<5> but was:<4>
    at org.junit.Assert.fail(Assert.java:88)
    at org.junit.Assert.failNotEquals(Assert.java:743)
    at org.junit.Assert.assertEquals(Assert.java:118)
    at org.junit.Assert.assertEquals(Assert.java:555)
    at org.junit.Assert.assertEquals(Assert.java:542)
    at java_testcases.junit.MAX_SUBLIST_SUM_Test.test_0(MAX_SUBLIST_SUM_Test.java:8)
java.lang.AssertionError: expected:<4> but was:<3>
    at org.junit.Assert.fail(Assert.java:88)
    at org.junit.Assert.failNotEquals(Assert.java:743)
    at org.junit.Assert.assertEquals(Assert.java:118)
    at org.junit.Assert.assertEquals(Assert.java:555)
    at org.junit.Assert.assertEquals(Assert.java:542)
    at java_testcases.junit.MAX_SUBLIST_SUM_Test.test_1(MAX_SUBLIST_SUM_Test.java:14)
java.lang.AssertionError: expected:<19> but was:<13>
    at org.junit.Assert.fail(Assert.java:88)
    at org.junit.Assert.failNotEquals(Assert.java:743)
    at org.junit.Assert.assertEquals(Assert.java:118)
    at org.junit.Assert.assertEquals(Assert.java:555)
    at org.junit.Assert.assertEquals(Assert.java:542)
    at java_testcases.junit.MAX_SUBLIST_SUM_Test.test_3(MAX_SUBLIST_SUM_Test.java:26)
java.lang.AssertionError: expected:<6> but was:<2>
    at org.junit.Assert.fail(Assert.java:88)
    at org.junit.Assert.failNotEquals(Assert.java:743)
    at org.junit.Assert.assertEquals(Assert.java:118)
    at org.junit.Assert.assertEquals(Assert.java:555)
    at org.junit.Assert.assertEquals(Assert.java:542)
    at java_testcases.junit.MAX_SUBLIST_SUM_Test.test_5(MAX_SUBLIST_SUM_Test.java:38)
java.lang.AssertionError: expected:<5> but was:<4>
    at org.junit.Assert.fail(Assert.java:88)
    at org.junit.Assert.failNotEquals(Assert.java:743)
    at org.junit.Assert.assertEquals(Assert.java:118)
    at org.junit.Assert.assertEquals(Assert.java:555)
    at org.junit.Assert.assertEquals(Assert.java:542)
    at java_testcases.junit.MAX_SUBLIST_SUM_Test.test_0(MAX_SUBLIST_SUM_Test.java:8)
java.lang.AssertionError: expected:<4> but was:<3>
    at org.junit.Assert.fail(Assert.java:88)
    at org.junit.Assert.failNotEquals(Assert.java:743)
    at org.junit.Assert.assertEquals(Assert.java:118)
    at org.junit.Assert.assertEquals(Assert.java:555)
    at org.junit.Assert.assertEquals(Assert.java:542)
    at java_testcases.junit.MAX_SUBLIST_SUM_Test.test_1(MAX_SUBLIST_SUM_Test.java:14)
java.lang.AssertionError: expected:<19> but was:<13>
    at org.junit.Assert.fail(Assert.java:88)
    at org.junit.Assert.failNotEquals(Assert.java:743)
    at org.junit.Assert.assertEquals(Assert.java:118)
    at org.junit.Assert.assertEquals(Assert.java:555)
    at org.junit.Assert.assertEquals(Assert.java:542)
    at java_testcases.junit.MAX_SUBLIST_SUM_Test.test_3(MAX_SUBLIST_SUM_Test.java:26)
java.lang.AssertionError: expected:<6> but was:<2>
    at org.junit.Assert.fail(Assert.java:88)
    at org.junit.Assert.failNotEquals(Assert.java:743)
    at org.junit.Assert.assertEquals(Assert.java:118)
    at org.junit.Assert.assertEquals(Assert.java:555)
    at org.junit.Assert.assertEquals(Assert.java:542)
    at java_testcases.junit.MAX_SUBLIST_SUM_Test.test_5(MAX_SUBLIST_SUM_Test.java:38)
java.lang.AssertionError: expected:<5> but was:<4>
    at org.junit.Assert.fail(Assert.java:88)
    at org.junit.Assert.failNotEquals(Assert.java:743)
    at org.junit.Assert.assertEquals(Assert.java:118)
    at org.junit.Assert.assertEquals(Assert.java:555)
    at org.junit.Assert.assertEquals(Assert.java:542)
    at java_testcases.junit.MAX_SUBLIST_SUM_Test.test_0(MAX_SUBLIST_SUM_Test.java:8)
java.lang.AssertionError: expected:<4> but was:<3>
    at org.junit.Assert.fail(Assert.java:88)
    at org.junit.Assert.failNotEquals(Assert.java:743)
    at org.junit.Assert.assertEquals(Assert.java:118)
    at org.junit.Assert.assertEquals(Assert.java:555)
    at org.junit.Assert.assertEquals(Assert.java:542)
    at java_testcases.junit.MAX_SUBLIST_SUM_Test.test_1(MAX_SUBLIST_SUM_Test.java:14)
java.lang.AssertionError: expected:<19> but was:<13>
    at org.junit.Assert.fail(Assert.java:88)
    at org.junit.Assert.failNotEquals(Assert.java:743)
    at org.junit.Assert.assertEquals(Assert.java:118)
    at org.junit.Assert.assertEquals(Assert.java:555)
    at org.junit.Assert.assertEquals(Assert.java:542)
    at java_testcases.junit.MAX_SUBLIST_SUM_Test.test_3(MAX_SUBLIST_SUM_Test.java:26)
java.lang.AssertionError: expected:<6> but was:<2>
    at org.junit.Assert.fail(Assert.java:88)
    at org.junit.Assert.failNotEquals(Assert.java:743)
    at org.junit.Assert.assertEquals(Assert.java:118)
    at org.junit.Assert.assertEquals(Assert.java:555)
    at org.junit.Assert.assertEquals(Assert.java:542)
    at java_testcases.junit.MAX_SUBLIST_SUM_Test.test_5(MAX_SUBLIST_SUM_Test.java:38)
java.lang.AssertionError: expected:<5> but was:<4>
    at org.junit.Assert.fail(Assert.java:88)
    at org.junit.Assert.failNotEquals(Assert.java:743)
    at org.junit.Assert.assertEquals(Assert.java:118)
    at org.junit.Assert.assertEquals(Assert.java:555)
    at org.junit.Assert.assertEquals(Assert.java:542)
    at java_testcases.junit.MAX_SUBLIST_SUM_Test.test_0(MAX_SUBLIST_SUM_Test.java:8)
java.lang.AssertionError: expected:<4> but was:<3>
    at org.junit.Assert.fail(Assert.java:88)
    at org.junit.Assert.failNotEquals(Assert.java:743)
    at org.junit.Assert.assertEquals(Assert.java:118)
    at org.junit.Assert.assertEquals(Assert.java:555)
    at org.junit.Assert.assertEquals(Assert.java:542)
    at java_testcases.junit.MAX_SUBLIST_SUM_Test.test_1(MAX_SUBLIST_SUM_Test.java:14)
java.lang.AssertionError: expected:<19> but was:<13>
    at org.junit.Assert.fail(Assert.java:88)
    at org.junit.Assert.failNotEquals(Assert.java:743)
    at org.junit.Assert.assertEquals(Assert.java:118)
    at org.junit.Assert.assertEquals(Assert.java:555)
    at org.junit.Assert.assertEquals(Assert.java:542)
    at java_testcases.junit.MAX_SUBLIST_SUM_Test.test_3(MAX_SUBLIST_SUM_Test.java:26)
java.lang.AssertionError: expected:<6> but was:<2>
    at org.junit.Assert.fail(Assert.java:88)
    at org.junit.Assert.failNotEquals(Assert.java:743)
    at org.junit.Assert.assertEquals(Assert.java:118)
    at org.junit.Assert.assertEquals(Assert.java:555)
    at org.junit.Assert.assertEquals(Assert.java:542)
    at java_testcases.junit.MAX_SUBLIST_SUM_Test.test_5(MAX_SUBLIST_SUM_Test.java:38)
14:40:30.982 [pool-14-thread-1] INFO  xxl.java.junit.TestCasesListener - Tests run finished (30 ms)
<> Total tests run: 24
<> Ignored tests: 0
<> Failed tests: 16
~ test_0(java_testcases.junit.MAX_SUBLIST_SUM_Test)
[expected:<5> but was:<4>]
java.lang.AssertionError: expected:<5> but was:<4>    at org.junit.Assert.fail(Assert.java:88)
    at org.junit.Assert.failNotEquals(Assert.java:743)
    at org.junit.Assert.assertEquals(Assert.java:118)
    at org.junit.Assert.assertEquals(Assert.java:555)
    at org.junit.Assert.assertEquals(Assert.java:542)
    at java_testcases.junit.MAX_SUBLIST_SUM_Test.test_0(MAX_SUBLIST_SUM_Test.java:8)
~ test_1(java_testcases.junit.MAX_SUBLIST_SUM_Test)
[expected:<4> but was:<3>]
java.lang.AssertionError: expected:<4> but was:<3>    at org.junit.Assert.fail(Assert.java:88)
    at org.junit.Assert.failNotEquals(Assert.java:743)
    at org.junit.Assert.assertEquals(Assert.java:118)
    at org.junit.Assert.assertEquals(Assert.java:555)
    at org.junit.Assert.assertEquals(Assert.java:542)
    at java_testcases.junit.MAX_SUBLIST_SUM_Test.test_1(MAX_SUBLIST_SUM_Test.java:14)
~ test_3(java_testcases.junit.MAX_SUBLIST_SUM_Test)
[expected:<19> but was:<13>]
java.lang.AssertionError: expected:<19> but was:<13>    at org.junit.Assert.fail(Assert.java:88)
    at org.junit.Assert.failNotEquals(Assert.java:743)
    at org.junit.Assert.assertEquals(Assert.java:118)
    at org.junit.Assert.assertEquals(Assert.java:555)
    at org.junit.Assert.assertEquals(Assert.java:542)
    at java_testcases.junit.MAX_SUBLIST_SUM_Test.test_3(MAX_SUBLIST_SUM_Test.java:26)
~ test_5(java_testcases.junit.MAX_SUBLIST_SUM_Test)
[expected:<6> but was:<2>]
java.lang.AssertionError: expected:<6> but was:<2>    at org.junit.Assert.fail(Assert.java:88)
    at org.junit.Assert.failNotEquals(Assert.java:743)
    at org.junit.Assert.assertEquals(Assert.java:118)
    at org.junit.Assert.assertEquals(Assert.java:555)
    at org.junit.Assert.assertEquals(Assert.java:542)
    at java_testcases.junit.MAX_SUBLIST_SUM_Test.test_5(MAX_SUBLIST_SUM_Test.java:38)
~ test_0(java_testcases.junit.MAX_SUBLIST_SUM_Test)
[expected:<5> but was:<4>]
java.lang.AssertionError: expected:<5> but was:<4>    at org.junit.Assert.fail(Assert.java:88)
    at org.junit.Assert.failNotEquals(Assert.java:743)
    at org.junit.Assert.assertEquals(Assert.java:118)
    at org.junit.Assert.assertEquals(Assert.java:555)
    at org.junit.Assert.assertEquals(Assert.java:542)
    at java_testcases.junit.MAX_SUBLIST_SUM_Test.test_0(MAX_SUBLIST_SUM_Test.java:8)
~ test_1(java_testcases.junit.MAX_SUBLIST_SUM_Test)
[expected:<4> but was:<3>]
java.lang.AssertionError: expected:<4> but was:<3>    at org.junit.Assert.fail(Assert.java:88)
    at org.junit.Assert.failNotEquals(Assert.java:743)
    at org.junit.Assert.assertEquals(Assert.java:118)
    at org.junit.Assert.assertEquals(Assert.java:555)
    at org.junit.Assert.assertEquals(Assert.java:542)
    at java_testcases.junit.MAX_SUBLIST_SUM_Test.test_1(MAX_SUBLIST_SUM_Test.java:14)
~ test_3(java_testcases.junit.MAX_SUBLIST_SUM_Test)
[expected:<19> but was:<13>]
java.lang.AssertionError: expected:<19> but was:<13>    at org.junit.Assert.fail(Assert.java:88)
    at org.junit.Assert.failNotEquals(Assert.java:743)
    at org.junit.Assert.assertEquals(Assert.java:118)
    at org.junit.Assert.assertEquals(Assert.java:555)
    at org.junit.Assert.assertEquals(Assert.java:542)
    at java_testcases.junit.MAX_SUBLIST_SUM_Test.test_3(MAX_SUBLIST_SUM_Test.java:26)
~ test_5(java_testcases.junit.MAX_SUBLIST_SUM_Test)
[expected:<6> but was:<2>]
java.lang.AssertionError: expected:<6> but was:<2>    at org.junit.Assert.fail(Assert.java:88)
    at org.junit.Assert.failNotEquals(Assert.java:743)
    at org.junit.Assert.assertEquals(Assert.java:118)
    at org.junit.Assert.assertEquals(Assert.java:555)
    at org.junit.Assert.assertEquals(Assert.java:542)
    at java_testcases.junit.MAX_SUBLIST_SUM_Test.test_5(MAX_SUBLIST_SUM_Test.java:38)
~ test_0(java_testcases.junit.MAX_SUBLIST_SUM_Test)
[expected:<5> but was:<4>]
java.lang.AssertionError: expected:<5> but was:<4>    at org.junit.Assert.fail(Assert.java:88)
    at org.junit.Assert.failNotEquals(Assert.java:743)
    at org.junit.Assert.assertEquals(Assert.java:118)
    at org.junit.Assert.assertEquals(Assert.java:555)
    at org.junit.Assert.assertEquals(Assert.java:542)
    at java_testcases.junit.MAX_SUBLIST_SUM_Test.test_0(MAX_SUBLIST_SUM_Test.java:8)
~ test_1(java_testcases.junit.MAX_SUBLIST_SUM_Test)
[expected:<4> but was:<3>]
java.lang.AssertionError: expected:<4> but was:<3>    at org.junit.Assert.fail(Assert.java:88)
    at org.junit.Assert.failNotEquals(Assert.java:743)
    at org.junit.Assert.assertEquals(Assert.java:118)
    at org.junit.Assert.assertEquals(Assert.java:555)
    at org.junit.Assert.assertEquals(Assert.java:542)
    at java_testcases.junit.MAX_SUBLIST_SUM_Test.test_1(MAX_SUBLIST_SUM_Test.java:14)
~ test_3(java_testcases.junit.MAX_SUBLIST_SUM_Test)
[expected:<19> but was:<13>]
java.lang.AssertionError: expected:<19> but was:<13>    at org.junit.Assert.fail(Assert.java:88)
    at org.junit.Assert.failNotEquals(Assert.java:743)
    at org.junit.Assert.assertEquals(Assert.java:118)
    at org.junit.Assert.assertEquals(Assert.java:555)
    at org.junit.Assert.assertEquals(Assert.java:542)
    at java_testcases.junit.MAX_SUBLIST_SUM_Test.test_3(MAX_SUBLIST_SUM_Test.java:26)
~ test_5(java_testcases.junit.MAX_SUBLIST_SUM_Test)
[expected:<6> but was:<2>]
java.lang.AssertionError: expected:<6> but was:<2>    at org.junit.Assert.fail(Assert.java:88)
    at org.junit.Assert.failNotEquals(Assert.java:743)
    at org.junit.Assert.assertEquals(Assert.java:118)
    at org.junit.Assert.assertEquals(Assert.java:555)
    at org.junit.Assert.assertEquals(Assert.java:542)
    at java_testcases.junit.MAX_SUBLIST_SUM_Test.test_5(MAX_SUBLIST_SUM_Test.java:38)
~ test_0(java_testcases.junit.MAX_SUBLIST_SUM_Test)
[expected:<5> but was:<4>]
java.lang.AssertionError: expected:<5> but was:<4>    at org.junit.Assert.fail(Assert.java:88)
    at org.junit.Assert.failNotEquals(Assert.java:743)
    at org.junit.Assert.assertEquals(Assert.java:118)
    at org.junit.Assert.assertEquals(Assert.java:555)
    at org.junit.Assert.assertEquals(Assert.java:542)
    at java_testcases.junit.MAX_SUBLIST_SUM_Test.test_0(MAX_SUBLIST_SUM_Test.java:8)
~ test_1(java_testcases.junit.MAX_SUBLIST_SUM_Test)
[expected:<4> but was:<3>]
java.lang.AssertionError: expected:<4> but was:<3>    at org.junit.Assert.fail(Assert.java:88)
    at org.junit.Assert.failNotEquals(Assert.java:743)
    at org.junit.Assert.assertEquals(Assert.java:118)
    at org.junit.Assert.assertEquals(Assert.java:555)
    at org.junit.Assert.assertEquals(Assert.java:542)
    at java_testcases.junit.MAX_SUBLIST_SUM_Test.test_1(MAX_SUBLIST_SUM_Test.java:14)
~ test_3(java_testcases.junit.MAX_SUBLIST_SUM_Test)
[expected:<19> but was:<13>]
java.lang.AssertionError: expected:<19> but was:<13>    at org.junit.Assert.fail(Assert.java:88)
    at org.junit.Assert.failNotEquals(Assert.java:743)
    at org.junit.Assert.assertEquals(Assert.java:118)
    at org.junit.Assert.assertEquals(Assert.java:555)
    at org.junit.Assert.assertEquals(Assert.java:542)
    at java_testcases.junit.MAX_SUBLIST_SUM_Test.test_3(MAX_SUBLIST_SUM_Test.java:26)
~ test_5(java_testcases.junit.MAX_SUBLIST_SUM_Test)
[expected:<6> but was:<2>]
java.lang.AssertionError: expected:<6> but was:<2>    at org.junit.Assert.fail(Assert.java:88)
    at org.junit.Assert.failNotEquals(Assert.java:743)
    at org.junit.Assert.assertEquals(Assert.java:118)
    at org.junit.Assert.assertEquals(Assert.java:555)
    at org.junit.Assert.assertEquals(Assert.java:542)
    at java_testcases.junit.MAX_SUBLIST_SUM_Test.test_5(MAX_SUBLIST_SUM_Test.java:38)

java.lang.AssertionError: expected:<5> but was:<0>
    at org.junit.Assert.fail(Assert.java:88)
    at org.junit.Assert.failNotEquals(Assert.java:743)
    at org.junit.Assert.assertEquals(Assert.java:118)
    at org.junit.Assert.assertEquals(Assert.java:555)
    at org.junit.Assert.assertEquals(Assert.java:542)
    at java_testcases.junit.MAX_SUBLIST_SUM_Test.test_0(MAX_SUBLIST_SUM_Test.java:8)
14:40:31.089 [pool-15-thread-1] INFO  f.i.l.c.t.SpecificationTestCasesListener - Tests run finished (2 ms)
<> Total tests run: 1
<> Ignored tests: 0
<> Failed tests: 1
~ test_0(java_testcases.junit.MAX_SUBLIST_SUM_Test)
[expected:<5> but was:<0>]
java.lang.AssertionError: expected:<5> but was:<0>    at org.junit.Assert.fail(Assert.java:88)
    at org.junit.Assert.failNotEquals(Assert.java:743)
    at org.junit.Assert.assertEquals(Assert.java:118)
    at org.junit.Assert.assertEquals(Assert.java:555)
    at org.junit.Assert.assertEquals(Assert.java:542)
    at java_testcases.junit.MAX_SUBLIST_SUM_Test.test_0(MAX_SUBLIST_SUM_Test.java:8)

java.lang.AssertionError: expected:<4> but was:<0>
    at org.junit.Assert.fail(Assert.java:88)
    at org.junit.Assert.failNotEquals(Assert.java:743)
    at org.junit.Assert.assertEquals(Assert.java:118)
    at org.junit.Assert.assertEquals(Assert.java:555)
    at org.junit.Assert.assertEquals(Assert.java:542)
    at java_testcases.junit.MAX_SUBLIST_SUM_Test.test_1(MAX_SUBLIST_SUM_Test.java:14)
14:40:31.094 [pool-16-thread-1] INFO  f.i.l.c.t.SpecificationTestCasesListener - Tests run finished (3 ms)
<> Total tests run: 1
<> Ignored tests: 0
<> Failed tests: 1
~ test_1(java_testcases.junit.MAX_SUBLIST_SUM_Test)
[expected:<4> but was:<0>]
java.lang.AssertionError: expected:<4> but was:<0>    at org.junit.Assert.fail(Assert.java:88)
    at org.junit.Assert.failNotEquals(Assert.java:743)
    at org.junit.Assert.assertEquals(Assert.java:118)
    at org.junit.Assert.assertEquals(Assert.java:555)
    at org.junit.Assert.assertEquals(Assert.java:542)
    at java_testcases.junit.MAX_SUBLIST_SUM_Test.test_1(MAX_SUBLIST_SUM_Test.java:14)

java.lang.AssertionError: expected:<19> but was:<0>
    at org.junit.Assert.fail(Assert.java:88)
    at org.junit.Assert.failNotEquals(Assert.java:743)
    at org.junit.Assert.assertEquals(Assert.java:118)
    at org.junit.Assert.assertEquals(Assert.java:555)
    at org.junit.Assert.assertEquals(Assert.java:542)
    at java_testcases.junit.MAX_SUBLIST_SUM_Test.test_3(MAX_SUBLIST_SUM_Test.java:26)
14:40:31.095 [pool-17-thread-1] INFO  f.i.l.c.t.SpecificationTestCasesListener - Tests run finished (0 ms)
<> Total tests run: 1
<> Ignored tests: 0
<> Failed tests: 1
~ test_3(java_testcases.junit.MAX_SUBLIST_SUM_Test)
[expected:<19> but was:<0>]
java.lang.AssertionError: expected:<19> but was:<0>    at org.junit.Assert.fail(Assert.java:88)
    at org.junit.Assert.failNotEquals(Assert.java:743)
    at org.junit.Assert.assertEquals(Assert.java:118)
    at org.junit.Assert.assertEquals(Assert.java:555)
    at org.junit.Assert.assertEquals(Assert.java:542)
    at java_testcases.junit.MAX_SUBLIST_SUM_Test.test_3(MAX_SUBLIST_SUM_Test.java:26)

java.lang.AssertionError: expected:<6> but was:<0>
    at org.junit.Assert.fail(Assert.java:88)
    at org.junit.Assert.failNotEquals(Assert.java:743)
    at org.junit.Assert.assertEquals(Assert.java:118)
    at org.junit.Assert.assertEquals(Assert.java:555)
    at org.junit.Assert.assertEquals(Assert.java:542)
    at java_testcases.junit.MAX_SUBLIST_SUM_Test.test_5(MAX_SUBLIST_SUM_Test.java:38)
14:40:31.097 [pool-18-thread-1] INFO  f.i.l.c.t.SpecificationTestCasesListener - Tests run finished (1 ms)
<> Total tests run: 1
<> Ignored tests: 0
<> Failed tests: 1
~ test_5(java_testcases.junit.MAX_SUBLIST_SUM_Test)
[expected:<6> but was:<0>]
java.lang.AssertionError: expected:<6> but was:<0>    at org.junit.Assert.fail(Assert.java:88)
    at org.junit.Assert.failNotEquals(Assert.java:743)
    at org.junit.Assert.assertEquals(Assert.java:118)
    at org.junit.Assert.assertEquals(Assert.java:555)
    at org.junit.Assert.assertEquals(Assert.java:542)
    at java_testcases.junit.MAX_SUBLIST_SUM_Test.test_5(MAX_SUBLIST_SUM_Test.java:38)

java.lang.AssertionError: expected:<5> but was:<4>
    at org.junit.Assert.fail(Assert.java:88)
    at org.junit.Assert.failNotEquals(Assert.java:743)
    at org.junit.Assert.assertEquals(Assert.java:118)
    at org.junit.Assert.assertEquals(Assert.java:555)
    at org.junit.Assert.assertEquals(Assert.java:542)
    at java_testcases.junit.MAX_SUBLIST_SUM_Test.test_0(MAX_SUBLIST_SUM_Test.java:8)
14:40:31.098 [pool-19-thread-1] INFO  f.i.l.c.t.SpecificationTestCasesListener - Tests run finished (0 ms)
<> Total tests run: 1
<> Ignored tests: 0
<> Failed tests: 1
~ test_0(java_testcases.junit.MAX_SUBLIST_SUM_Test)
[expected:<5> but was:<4>]
java.lang.AssertionError: expected:<5> but was:<4>    at org.junit.Assert.fail(Assert.java:88)
    at org.junit.Assert.failNotEquals(Assert.java:743)
    at org.junit.Assert.assertEquals(Assert.java:118)
    at org.junit.Assert.assertEquals(Assert.java:555)
    at org.junit.Assert.assertEquals(Assert.java:542)
    at java_testcases.junit.MAX_SUBLIST_SUM_Test.test_0(MAX_SUBLIST_SUM_Test.java:8)

java.lang.AssertionError: expected:<4> but was:<3>
    at org.junit.Assert.fail(Assert.java:88)
    at org.junit.Assert.failNotEquals(Assert.java:743)
    at org.junit.Assert.assertEquals(Assert.java:118)
    at org.junit.Assert.assertEquals(Assert.java:555)
    at org.junit.Assert.assertEquals(Assert.java:542)
    at java_testcases.junit.MAX_SUBLIST_SUM_Test.test_1(MAX_SUBLIST_SUM_Test.java:14)
14:40:31.100 [pool-20-thread-1] INFO  f.i.l.c.t.SpecificationTestCasesListener - Tests run finished (1 ms)
<> Total tests run: 1
<> Ignored tests: 0
<> Failed tests: 1
~ test_1(java_testcases.junit.MAX_SUBLIST_SUM_Test)
[expected:<4> but was:<3>]
java.lang.AssertionError: expected:<4> but was:<3>    at org.junit.Assert.fail(Assert.java:88)
    at org.junit.Assert.failNotEquals(Assert.java:743)
    at org.junit.Assert.assertEquals(Assert.java:118)
    at org.junit.Assert.assertEquals(Assert.java:555)
    at org.junit.Assert.assertEquals(Assert.java:542)
    at java_testcases.junit.MAX_SUBLIST_SUM_Test.test_1(MAX_SUBLIST_SUM_Test.java:14)

java.lang.AssertionError: expected:<19> but was:<13>
    at org.junit.Assert.fail(Assert.java:88)
    at org.junit.Assert.failNotEquals(Assert.java:743)
    at org.junit.Assert.assertEquals(Assert.java:118)
    at org.junit.Assert.assertEquals(Assert.java:555)
    at org.junit.Assert.assertEquals(Assert.java:542)
    at java_testcases.junit.MAX_SUBLIST_SUM_Test.test_3(MAX_SUBLIST_SUM_Test.java:26)
14:40:31.102 [pool-21-thread-1] INFO  f.i.l.c.t.SpecificationTestCasesListener - Tests run finished (1 ms)
<> Total tests run: 1
<> Ignored tests: 0
<> Failed tests: 1
~ test_3(java_testcases.junit.MAX_SUBLIST_SUM_Test)
[expected:<19> but was:<13>]
java.lang.AssertionError: expected:<19> but was:<13>    at org.junit.Assert.fail(Assert.java:88)
    at org.junit.Assert.failNotEquals(Assert.java:743)
    at org.junit.Assert.assertEquals(Assert.java:118)
    at org.junit.Assert.assertEquals(Assert.java:555)
    at org.junit.Assert.assertEquals(Assert.java:542)
    at java_testcases.junit.MAX_SUBLIST_SUM_Test.test_3(MAX_SUBLIST_SUM_Test.java:26)

java.lang.AssertionError: expected:<6> but was:<2>
    at org.junit.Assert.fail(Assert.java:88)
    at org.junit.Assert.failNotEquals(Assert.java:743)
    at org.junit.Assert.assertEquals(Assert.java:118)
    at org.junit.Assert.assertEquals(Assert.java:555)
    at org.junit.Assert.assertEquals(Assert.java:542)
    at java_testcases.junit.MAX_SUBLIST_SUM_Test.test_5(MAX_SUBLIST_SUM_Test.java:38)
14:40:31.104 [pool-22-thread-1] INFO  f.i.l.c.t.SpecificationTestCasesListener - Tests run finished (0 ms)
<> Total tests run: 1
<> Ignored tests: 0
<> Failed tests: 1
~ test_5(java_testcases.junit.MAX_SUBLIST_SUM_Test)
[expected:<6> but was:<2>]
java.lang.AssertionError: expected:<6> but was:<2>    at org.junit.Assert.fail(Assert.java:88)
    at org.junit.Assert.failNotEquals(Assert.java:743)
    at org.junit.Assert.assertEquals(Assert.java:118)
    at org.junit.Assert.assertEquals(Assert.java:555)
    at org.junit.Assert.assertEquals(Assert.java:542)
    at java_testcases.junit.MAX_SUBLIST_SUM_Test.test_5(MAX_SUBLIST_SUM_Test.java:38)

14:40:31.104 [pool-13-thread-1] DEBUG tests.output - Failing tests with false: 
[test_0(java_testcases.junit.MAX_SUBLIST_SUM_Test): expected:<5> but was:<0>, test_1(java_testcases.junit.MAX_SUBLIST_SUM_Test): expected:<4> but was:<0>, test_3(java_testcases.junit.MAX_SUBLIST_SUM_Test): expected:<19> but was:<0>, test_5(java_testcases.junit.MAX_SUBLIST_SUM_Test): expected:<6> but was:<0>]
14:40:31.104 [pool-13-thread-1] DEBUG tests.output - Failing tests with true: 
[test_0(java_testcases.junit.MAX_SUBLIST_SUM_Test): expected:<5> but was:<4>, test_1(java_testcases.junit.MAX_SUBLIST_SUM_Test): expected:<4> but was:<3>, test_3(java_testcases.junit.MAX_SUBLIST_SUM_Test): expected:<19> but was:<13>, test_5(java_testcases.junit.MAX_SUBLIST_SUM_Test): expected:<6> but was:<2>]
14:40:31.105 [pool-13-thread-1] INFO  f.i.l.r.n.synth.SMTNopolSynthesizer - Not enough specifications: 0. A trivial patch is "true" or "false", please write new tests specifying SourceLocation java_programs.MAX_SUBLIST_SUM:19.
14:40:31.105 [pool-2-thread-1] DEBUG fr.inria.lille.repair.nopol.NoPol - statement #4
14:40:31.105 [pool-2-thread-1] DEBUG fr.inria.lille.repair.nopol.NoPol - Analysing SourceLocation java_programs.MAX_SUBLIST_SUM:18 which is executed by 6 tests
1398898352
14:40:31.154 [pool-2-thread-1] DEBUG fr.inria.lille.repair.nopol.NoPol - looking with class fr.inria.lille.repair.nopol.spoon.smt.ConditionalAdder
java.lang.AssertionError: expected:<5> but was:<4>
    at org.junit.Assert.fail(Assert.java:88)
    at org.junit.Assert.failNotEquals(Assert.java:743)
    at org.junit.Assert.assertEquals(Assert.java:118)
    at org.junit.Assert.assertEquals(Assert.java:555)
    at org.junit.Assert.assertEquals(Assert.java:542)
    at java_testcases.junit.MAX_SUBLIST_SUM_Test.test_0(MAX_SUBLIST_SUM_Test.java:8)
java.lang.AssertionError: expected:<4> but was:<3>
    at org.junit.Assert.fail(Assert.java:88)
    at org.junit.Assert.failNotEquals(Assert.java:743)
    at org.junit.Assert.assertEquals(Assert.java:118)
    at org.junit.Assert.assertEquals(Assert.java:555)
    at org.junit.Assert.assertEquals(Assert.java:542)
    at java_testcases.junit.MAX_SUBLIST_SUM_Test.test_1(MAX_SUBLIST_SUM_Test.java:14)
java.lang.AssertionError: expected:<19> but was:<13>
    at org.junit.Assert.fail(Assert.java:88)
    at org.junit.Assert.failNotEquals(Assert.java:743)
    at org.junit.Assert.assertEquals(Assert.java:118)
    at org.junit.Assert.assertEquals(Assert.java:555)
    at org.junit.Assert.assertEquals(Assert.java:542)
    at java_testcases.junit.MAX_SUBLIST_SUM_Test.test_3(MAX_SUBLIST_SUM_Test.java:26)
java.lang.AssertionError: expected:<6> but was:<2>
    at org.junit.Assert.fail(Assert.java:88)
    at org.junit.Assert.failNotEquals(Assert.java:743)
    at org.junit.Assert.assertEquals(Assert.java:118)
    at org.junit.Assert.assertEquals(Assert.java:555)
    at org.junit.Assert.assertEquals(Assert.java:542)
    at java_testcases.junit.MAX_SUBLIST_SUM_Test.test_5(MAX_SUBLIST_SUM_Test.java:38)
java.lang.AssertionError: expected:<5> but was:<4>
    at org.junit.Assert.fail(Assert.java:88)
    at org.junit.Assert.failNotEquals(Assert.java:743)
    at org.junit.Assert.assertEquals(Assert.java:118)
    at org.junit.Assert.assertEquals(Assert.java:555)
    at org.junit.Assert.assertEquals(Assert.java:542)
    at java_testcases.junit.MAX_SUBLIST_SUM_Test.test_0(MAX_SUBLIST_SUM_Test.java:8)
java.lang.AssertionError: expected:<4> but was:<3>
    at org.junit.Assert.fail(Assert.java:88)
    at org.junit.Assert.failNotEquals(Assert.java:743)
    at org.junit.Assert.assertEquals(Assert.java:118)
    at org.junit.Assert.assertEquals(Assert.java:555)
    at org.junit.Assert.assertEquals(Assert.java:542)
    at java_testcases.junit.MAX_SUBLIST_SUM_Test.test_1(MAX_SUBLIST_SUM_Test.java:14)
java.lang.AssertionError: expected:<19> but was:<13>
    at org.junit.Assert.fail(Assert.java:88)
    at org.junit.Assert.failNotEquals(Assert.java:743)
    at org.junit.Assert.assertEquals(Assert.java:118)
    at org.junit.Assert.assertEquals(Assert.java:555)
    at org.junit.Assert.assertEquals(Assert.java:542)
    at java_testcases.junit.MAX_SUBLIST_SUM_Test.test_3(MAX_SUBLIST_SUM_Test.java:26)
java.lang.AssertionError: expected:<6> but was:<2>
    at org.junit.Assert.fail(Assert.java:88)
    at org.junit.Assert.failNotEquals(Assert.java:743)
    at org.junit.Assert.assertEquals(Assert.java:118)
    at org.junit.Assert.assertEquals(Assert.java:555)
    at org.junit.Assert.assertEquals(Assert.java:542)
    at java_testcases.junit.MAX_SUBLIST_SUM_Test.test_5(MAX_SUBLIST_SUM_Test.java:38)
java.lang.AssertionError: expected:<5> but was:<4>
    at org.junit.Assert.fail(Assert.java:88)
    at org.junit.Assert.failNotEquals(Assert.java:743)
    at org.junit.Assert.assertEquals(Assert.java:118)
    at org.junit.Assert.assertEquals(Assert.java:555)
    at org.junit.Assert.assertEquals(Assert.java:542)
    at java_testcases.junit.MAX_SUBLIST_SUM_Test.test_0(MAX_SUBLIST_SUM_Test.java:8)
java.lang.AssertionError: expected:<4> but was:<3>
    at org.junit.Assert.fail(Assert.java:88)
    at org.junit.Assert.failNotEquals(Assert.java:743)
    at org.junit.Assert.assertEquals(Assert.java:118)
    at org.junit.Assert.assertEquals(Assert.java:555)
    at org.junit.Assert.assertEquals(Assert.java:542)
    at java_testcases.junit.MAX_SUBLIST_SUM_Test.test_1(MAX_SUBLIST_SUM_Test.java:14)
java.lang.AssertionError: expected:<19> but was:<13>
    at org.junit.Assert.fail(Assert.java:88)
    at org.junit.Assert.failNotEquals(Assert.java:743)
    at org.junit.Assert.assertEquals(Assert.java:118)
    at org.junit.Assert.assertEquals(Assert.java:555)
    at org.junit.Assert.assertEquals(Assert.java:542)
    at java_testcases.junit.MAX_SUBLIST_SUM_Test.test_3(MAX_SUBLIST_SUM_Test.java:26)
java.lang.AssertionError: expected:<6> but was:<2>
    at org.junit.Assert.fail(Assert.java:88)
    at org.junit.Assert.failNotEquals(Assert.java:743)
    at org.junit.Assert.assertEquals(Assert.java:118)
    at org.junit.Assert.assertEquals(Assert.java:555)
    at org.junit.Assert.assertEquals(Assert.java:542)
    at java_testcases.junit.MAX_SUBLIST_SUM_Test.test_5(MAX_SUBLIST_SUM_Test.java:38)
java.lang.AssertionError: expected:<5> but was:<4>
    at org.junit.Assert.fail(Assert.java:88)
    at org.junit.Assert.failNotEquals(Assert.java:743)
    at org.junit.Assert.assertEquals(Assert.java:118)
    at org.junit.Assert.assertEquals(Assert.java:555)
    at org.junit.Assert.assertEquals(Assert.java:542)
    at java_testcases.junit.MAX_SUBLIST_SUM_Test.test_0(MAX_SUBLIST_SUM_Test.java:8)
java.lang.AssertionError: expected:<4> but was:<3>
    at org.junit.Assert.fail(Assert.java:88)
    at org.junit.Assert.failNotEquals(Assert.java:743)
    at org.junit.Assert.assertEquals(Assert.java:118)
    at org.junit.Assert.assertEquals(Assert.java:555)
    at org.junit.Assert.assertEquals(Assert.java:542)
    at java_testcases.junit.MAX_SUBLIST_SUM_Test.test_1(MAX_SUBLIST_SUM_Test.java:14)
java.lang.AssertionError: expected:<19> but was:<13>
    at org.junit.Assert.fail(Assert.java:88)
    at org.junit.Assert.failNotEquals(Assert.java:743)
    at org.junit.Assert.assertEquals(Assert.java:118)
    at org.junit.Assert.assertEquals(Assert.java:555)
    at org.junit.Assert.assertEquals(Assert.java:542)
    at java_testcases.junit.MAX_SUBLIST_SUM_Test.test_3(MAX_SUBLIST_SUM_Test.java:26)
java.lang.AssertionError: expected:<6> but was:<2>
    at org.junit.Assert.fail(Assert.java:88)
    at org.junit.Assert.failNotEquals(Assert.java:743)
    at org.junit.Assert.assertEquals(Assert.java:118)
    at org.junit.Assert.assertEquals(Assert.java:555)
    at org.junit.Assert.assertEquals(Assert.java:542)
    at java_testcases.junit.MAX_SUBLIST_SUM_Test.test_5(MAX_SUBLIST_SUM_Test.java:38)
14:40:31.198 [pool-24-thread-1] INFO  xxl.java.junit.TestCasesListener - Tests run finished (41 ms)
<> Total tests run: 24
<> Ignored tests: 0
<> Failed tests: 16
~ test_0(java_testcases.junit.MAX_SUBLIST_SUM_Test)
[expected:<5> but was:<4>]
java.lang.AssertionError: expected:<5> but was:<4>    at org.junit.Assert.fail(Assert.java:88)
    at org.junit.Assert.failNotEquals(Assert.java:743)
    at org.junit.Assert.assertEquals(Assert.java:118)
    at org.junit.Assert.assertEquals(Assert.java:555)
    at org.junit.Assert.assertEquals(Assert.java:542)
    at java_testcases.junit.MAX_SUBLIST_SUM_Test.test_0(MAX_SUBLIST_SUM_Test.java:8)
~ test_1(java_testcases.junit.MAX_SUBLIST_SUM_Test)
[expected:<4> but was:<3>]
java.lang.AssertionError: expected:<4> but was:<3>    at org.junit.Assert.fail(Assert.java:88)
    at org.junit.Assert.failNotEquals(Assert.java:743)
    at org.junit.Assert.assertEquals(Assert.java:118)
    at org.junit.Assert.assertEquals(Assert.java:555)
    at org.junit.Assert.assertEquals(Assert.java:542)
    at java_testcases.junit.MAX_SUBLIST_SUM_Test.test_1(MAX_SUBLIST_SUM_Test.java:14)
~ test_3(java_testcases.junit.MAX_SUBLIST_SUM_Test)
[expected:<19> but was:<13>]
java.lang.AssertionError: expected:<19> but was:<13>    at org.junit.Assert.fail(Assert.java:88)
    at org.junit.Assert.failNotEquals(Assert.java:743)
    at org.junit.Assert.assertEquals(Assert.java:118)
    at org.junit.Assert.assertEquals(Assert.java:555)
    at org.junit.Assert.assertEquals(Assert.java:542)
    at java_testcases.junit.MAX_SUBLIST_SUM_Test.test_3(MAX_SUBLIST_SUM_Test.java:26)
~ test_5(java_testcases.junit.MAX_SUBLIST_SUM_Test)
[expected:<6> but was:<2>]
java.lang.AssertionError: expected:<6> but was:<2>    at org.junit.Assert.fail(Assert.java:88)
    at org.junit.Assert.failNotEquals(Assert.java:743)
    at org.junit.Assert.assertEquals(Assert.java:118)
    at org.junit.Assert.assertEquals(Assert.java:555)
    at org.junit.Assert.assertEquals(Assert.java:542)
    at java_testcases.junit.MAX_SUBLIST_SUM_Test.test_5(MAX_SUBLIST_SUM_Test.java:38)
~ test_0(java_testcases.junit.MAX_SUBLIST_SUM_Test)
[expected:<5> but was:<4>]
java.lang.AssertionError: expected:<5> but was:<4>    at org.junit.Assert.fail(Assert.java:88)
    at org.junit.Assert.failNotEquals(Assert.java:743)
    at org.junit.Assert.assertEquals(Assert.java:118)
    at org.junit.Assert.assertEquals(Assert.java:555)
    at org.junit.Assert.assertEquals(Assert.java:542)
    at java_testcases.junit.MAX_SUBLIST_SUM_Test.test_0(MAX_SUBLIST_SUM_Test.java:8)
~ test_1(java_testcases.junit.MAX_SUBLIST_SUM_Test)
[expected:<4> but was:<3>]
java.lang.AssertionError: expected:<4> but was:<3>    at org.junit.Assert.fail(Assert.java:88)
    at org.junit.Assert.failNotEquals(Assert.java:743)
    at org.junit.Assert.assertEquals(Assert.java:118)
    at org.junit.Assert.assertEquals(Assert.java:555)
    at org.junit.Assert.assertEquals(Assert.java:542)
    at java_testcases.junit.MAX_SUBLIST_SUM_Test.test_1(MAX_SUBLIST_SUM_Test.java:14)
~ test_3(java_testcases.junit.MAX_SUBLIST_SUM_Test)
[expected:<19> but was:<13>]
java.lang.AssertionError: expected:<19> but was:<13>    at org.junit.Assert.fail(Assert.java:88)
    at org.junit.Assert.failNotEquals(Assert.java:743)
    at org.junit.Assert.assertEquals(Assert.java:118)
    at org.junit.Assert.assertEquals(Assert.java:555)
    at org.junit.Assert.assertEquals(Assert.java:542)
    at java_testcases.junit.MAX_SUBLIST_SUM_Test.test_3(MAX_SUBLIST_SUM_Test.java:26)
~ test_5(java_testcases.junit.MAX_SUBLIST_SUM_Test)
[expected:<6> but was:<2>]
java.lang.AssertionError: expected:<6> but was:<2>    at org.junit.Assert.fail(Assert.java:88)
    at org.junit.Assert.failNotEquals(Assert.java:743)
    at org.junit.Assert.assertEquals(Assert.java:118)
    at org.junit.Assert.assertEquals(Assert.java:555)
    at org.junit.Assert.assertEquals(Assert.java:542)
    at java_testcases.junit.MAX_SUBLIST_SUM_Test.test_5(MAX_SUBLIST_SUM_Test.java:38)
~ test_0(java_testcases.junit.MAX_SUBLIST_SUM_Test)
[expected:<5> but was:<4>]
java.lang.AssertionError: expected:<5> but was:<4>    at org.junit.Assert.fail(Assert.java:88)
    at org.junit.Assert.failNotEquals(Assert.java:743)
    at org.junit.Assert.assertEquals(Assert.java:118)
    at org.junit.Assert.assertEquals(Assert.java:555)
    at org.junit.Assert.assertEquals(Assert.java:542)
    at java_testcases.junit.MAX_SUBLIST_SUM_Test.test_0(MAX_SUBLIST_SUM_Test.java:8)
~ test_1(java_testcases.junit.MAX_SUBLIST_SUM_Test)
[expected:<4> but was:<3>]
java.lang.AssertionError: expected:<4> but was:<3>    at org.junit.Assert.fail(Assert.java:88)
    at org.junit.Assert.failNotEquals(Assert.java:743)
    at org.junit.Assert.assertEquals(Assert.java:118)
    at org.junit.Assert.assertEquals(Assert.java:555)
    at org.junit.Assert.assertEquals(Assert.java:542)
    at java_testcases.junit.MAX_SUBLIST_SUM_Test.test_1(MAX_SUBLIST_SUM_Test.java:14)
~ test_3(java_testcases.junit.MAX_SUBLIST_SUM_Test)
[expected:<19> but was:<13>]
java.lang.AssertionError: expected:<19> but was:<13>    at org.junit.Assert.fail(Assert.java:88)
    at org.junit.Assert.failNotEquals(Assert.java:743)
    at org.junit.Assert.assertEquals(Assert.java:118)
    at org.junit.Assert.assertEquals(Assert.java:555)
    at org.junit.Assert.assertEquals(Assert.java:542)
    at java_testcases.junit.MAX_SUBLIST_SUM_Test.test_3(MAX_SUBLIST_SUM_Test.java:26)
~ test_5(java_testcases.junit.MAX_SUBLIST_SUM_Test)
[expected:<6> but was:<2>]
java.lang.AssertionError: expected:<6> but was:<2>    at org.junit.Assert.fail(Assert.java:88)
    at org.junit.Assert.failNotEquals(Assert.java:743)
    at org.junit.Assert.assertEquals(Assert.java:118)
    at org.junit.Assert.assertEquals(Assert.java:555)
    at org.junit.Assert.assertEquals(Assert.java:542)
    at java_testcases.junit.MAX_SUBLIST_SUM_Test.test_5(MAX_SUBLIST_SUM_Test.java:38)
~ test_0(java_testcases.junit.MAX_SUBLIST_SUM_Test)
[expected:<5> but was:<4>]
java.lang.AssertionError: expected:<5> but was:<4>    at org.junit.Assert.fail(Assert.java:88)
    at org.junit.Assert.failNotEquals(Assert.java:743)
    at org.junit.Assert.assertEquals(Assert.java:118)
    at org.junit.Assert.assertEquals(Assert.java:555)
    at org.junit.Assert.assertEquals(Assert.java:542)
    at java_testcases.junit.MAX_SUBLIST_SUM_Test.test_0(MAX_SUBLIST_SUM_Test.java:8)
~ test_1(java_testcases.junit.MAX_SUBLIST_SUM_Test)
[expected:<4> but was:<3>]
java.lang.AssertionError: expected:<4> but was:<3>    at org.junit.Assert.fail(Assert.java:88)
    at org.junit.Assert.failNotEquals(Assert.java:743)
    at org.junit.Assert.assertEquals(Assert.java:118)
    at org.junit.Assert.assertEquals(Assert.java:555)
    at org.junit.Assert.assertEquals(Assert.java:542)
    at java_testcases.junit.MAX_SUBLIST_SUM_Test.test_1(MAX_SUBLIST_SUM_Test.java:14)
~ test_3(java_testcases.junit.MAX_SUBLIST_SUM_Test)
[expected:<19> but was:<13>]
java.lang.AssertionError: expected:<19> but was:<13>    at org.junit.Assert.fail(Assert.java:88)
    at org.junit.Assert.failNotEquals(Assert.java:743)
    at org.junit.Assert.assertEquals(Assert.java:118)
    at org.junit.Assert.assertEquals(Assert.java:555)
    at org.junit.Assert.assertEquals(Assert.java:542)
    at java_testcases.junit.MAX_SUBLIST_SUM_Test.test_3(MAX_SUBLIST_SUM_Test.java:26)
~ test_5(java_testcases.junit.MAX_SUBLIST_SUM_Test)
[expected:<6> but was:<2>]
java.lang.AssertionError: expected:<6> but was:<2>    at org.junit.Assert.fail(Assert.java:88)
    at org.junit.Assert.failNotEquals(Assert.java:743)
    at org.junit.Assert.assertEquals(Assert.java:118)
    at org.junit.Assert.assertEquals(Assert.java:555)
    at org.junit.Assert.assertEquals(Assert.java:542)
    at java_testcases.junit.MAX_SUBLIST_SUM_Test.test_5(MAX_SUBLIST_SUM_Test.java:38)

java.lang.AssertionError: expected:<5> but was:<0>
    at org.junit.Assert.fail(Assert.java:88)
    at org.junit.Assert.failNotEquals(Assert.java:743)
    at org.junit.Assert.assertEquals(Assert.java:118)
    at org.junit.Assert.assertEquals(Assert.java:555)
    at org.junit.Assert.assertEquals(Assert.java:542)
    at java_testcases.junit.MAX_SUBLIST_SUM_Test.test_0(MAX_SUBLIST_SUM_Test.java:8)
14:40:31.350 [pool-25-thread-1] INFO  f.i.l.c.t.SpecificationTestCasesListener - Tests run finished (1 ms)
<> Total tests run: 1
<> Ignored tests: 0
<> Failed tests: 1
~ test_0(java_testcases.junit.MAX_SUBLIST_SUM_Test)
[expected:<5> but was:<0>]
java.lang.AssertionError: expected:<5> but was:<0>    at org.junit.Assert.fail(Assert.java:88)
    at org.junit.Assert.failNotEquals(Assert.java:743)
    at org.junit.Assert.assertEquals(Assert.java:118)
    at org.junit.Assert.assertEquals(Assert.java:555)
    at org.junit.Assert.assertEquals(Assert.java:542)
    at java_testcases.junit.MAX_SUBLIST_SUM_Test.test_0(MAX_SUBLIST_SUM_Test.java:8)

java.lang.AssertionError: expected:<4> but was:<0>
    at org.junit.Assert.fail(Assert.java:88)
    at org.junit.Assert.failNotEquals(Assert.java:743)
    at org.junit.Assert.assertEquals(Assert.java:118)
    at org.junit.Assert.assertEquals(Assert.java:555)
    at org.junit.Assert.assertEquals(Assert.java:542)
    at java_testcases.junit.MAX_SUBLIST_SUM_Test.test_1(MAX_SUBLIST_SUM_Test.java:14)
14:40:31.351 [pool-26-thread-1] INFO  f.i.l.c.t.SpecificationTestCasesListener - Tests run finished (1 ms)
<> Total tests run: 1
<> Ignored tests: 0
<> Failed tests: 1
~ test_1(java_testcases.junit.MAX_SUBLIST_SUM_Test)
[expected:<4> but was:<0>]
java.lang.AssertionError: expected:<4> but was:<0>    at org.junit.Assert.fail(Assert.java:88)
    at org.junit.Assert.failNotEquals(Assert.java:743)
    at org.junit.Assert.assertEquals(Assert.java:118)
    at org.junit.Assert.assertEquals(Assert.java:555)
    at org.junit.Assert.assertEquals(Assert.java:542)
    at java_testcases.junit.MAX_SUBLIST_SUM_Test.test_1(MAX_SUBLIST_SUM_Test.java:14)

java.lang.AssertionError: expected:<19> but was:<0>
    at org.junit.Assert.fail(Assert.java:88)
    at org.junit.Assert.failNotEquals(Assert.java:743)
    at org.junit.Assert.assertEquals(Assert.java:118)
    at org.junit.Assert.assertEquals(Assert.java:555)
    at org.junit.Assert.assertEquals(Assert.java:542)
    at java_testcases.junit.MAX_SUBLIST_SUM_Test.test_3(MAX_SUBLIST_SUM_Test.java:26)
14:40:31.352 [pool-27-thread-1] INFO  f.i.l.c.t.SpecificationTestCasesListener - Tests run finished (0 ms)
<> Total tests run: 1
<> Ignored tests: 0
<> Failed tests: 1
~ test_3(java_testcases.junit.MAX_SUBLIST_SUM_Test)
[expected:<19> but was:<0>]
java.lang.AssertionError: expected:<19> but was:<0>    at org.junit.Assert.fail(Assert.java:88)
    at org.junit.Assert.failNotEquals(Assert.java:743)
    at org.junit.Assert.assertEquals(Assert.java:118)
    at org.junit.Assert.assertEquals(Assert.java:555)
    at org.junit.Assert.assertEquals(Assert.java:542)
    at java_testcases.junit.MAX_SUBLIST_SUM_Test.test_3(MAX_SUBLIST_SUM_Test.java:26)

java.lang.AssertionError: expected:<6> but was:<0>
    at org.junit.Assert.fail(Assert.java:88)
    at org.junit.Assert.failNotEquals(Assert.java:743)
    at org.junit.Assert.assertEquals(Assert.java:118)
    at org.junit.Assert.assertEquals(Assert.java:555)
    at org.junit.Assert.assertEquals(Assert.java:542)
    at java_testcases.junit.MAX_SUBLIST_SUM_Test.test_5(MAX_SUBLIST_SUM_Test.java:38)
14:40:31.354 [pool-28-thread-1] INFO  f.i.l.c.t.SpecificationTestCasesListener - Tests run finished (0 ms)
<> Total tests run: 1
<> Ignored tests: 0
<> Failed tests: 1
~ test_5(java_testcases.junit.MAX_SUBLIST_SUM_Test)
[expected:<6> but was:<0>]
java.lang.AssertionError: expected:<6> but was:<0>    at org.junit.Assert.fail(Assert.java:88)
    at org.junit.Assert.failNotEquals(Assert.java:743)
    at org.junit.Assert.assertEquals(Assert.java:118)
    at org.junit.Assert.assertEquals(Assert.java:555)
    at org.junit.Assert.assertEquals(Assert.java:542)
    at java_testcases.junit.MAX_SUBLIST_SUM_Test.test_5(MAX_SUBLIST_SUM_Test.java:38)

java.lang.AssertionError: expected:<5> but was:<4>
    at org.junit.Assert.fail(Assert.java:88)
    at org.junit.Assert.failNotEquals(Assert.java:743)
    at org.junit.Assert.assertEquals(Assert.java:118)
    at org.junit.Assert.assertEquals(Assert.java:555)
    at org.junit.Assert.assertEquals(Assert.java:542)
    at java_testcases.junit.MAX_SUBLIST_SUM_Test.test_0(MAX_SUBLIST_SUM_Test.java:8)
14:40:31.355 [pool-29-thread-1] INFO  f.i.l.c.t.SpecificationTestCasesListener - Tests run finished (1 ms)
<> Total tests run: 1
<> Ignored tests: 0
<> Failed tests: 1
~ test_0(java_testcases.junit.MAX_SUBLIST_SUM_Test)
[expected:<5> but was:<4>]
java.lang.AssertionError: expected:<5> but was:<4>    at org.junit.Assert.fail(Assert.java:88)
    at org.junit.Assert.failNotEquals(Assert.java:743)
    at org.junit.Assert.assertEquals(Assert.java:118)
    at org.junit.Assert.assertEquals(Assert.java:555)
    at org.junit.Assert.assertEquals(Assert.java:542)
    at java_testcases.junit.MAX_SUBLIST_SUM_Test.test_0(MAX_SUBLIST_SUM_Test.java:8)

java.lang.AssertionError: expected:<4> but was:<3>
    at org.junit.Assert.fail(Assert.java:88)
    at org.junit.Assert.failNotEquals(Assert.java:743)
    at org.junit.Assert.assertEquals(Assert.java:118)
    at org.junit.Assert.assertEquals(Assert.java:555)
    at org.junit.Assert.assertEquals(Assert.java:542)
    at java_testcases.junit.MAX_SUBLIST_SUM_Test.test_1(MAX_SUBLIST_SUM_Test.java:14)
14:40:31.356 [pool-30-thread-1] INFO  f.i.l.c.t.SpecificationTestCasesListener - Tests run finished (0 ms)
<> Total tests run: 1
<> Ignored tests: 0
<> Failed tests: 1
~ test_1(java_testcases.junit.MAX_SUBLIST_SUM_Test)
[expected:<4> but was:<3>]
java.lang.AssertionError: expected:<4> but was:<3>    at org.junit.Assert.fail(Assert.java:88)
    at org.junit.Assert.failNotEquals(Assert.java:743)
    at org.junit.Assert.assertEquals(Assert.java:118)
    at org.junit.Assert.assertEquals(Assert.java:555)
    at org.junit.Assert.assertEquals(Assert.java:542)
    at java_testcases.junit.MAX_SUBLIST_SUM_Test.test_1(MAX_SUBLIST_SUM_Test.java:14)

java.lang.AssertionError: expected:<19> but was:<13>
    at org.junit.Assert.fail(Assert.java:88)
    at org.junit.Assert.failNotEquals(Assert.java:743)
    at org.junit.Assert.assertEquals(Assert.java:118)
    at org.junit.Assert.assertEquals(Assert.java:555)
    at org.junit.Assert.assertEquals(Assert.java:542)
    at java_testcases.junit.MAX_SUBLIST_SUM_Test.test_3(MAX_SUBLIST_SUM_Test.java:26)
14:40:31.358 [pool-31-thread-1] INFO  f.i.l.c.t.SpecificationTestCasesListener - Tests run finished (1 ms)
<> Total tests run: 1
<> Ignored tests: 0
<> Failed tests: 1
~ test_3(java_testcases.junit.MAX_SUBLIST_SUM_Test)
[expected:<19> but was:<13>]
java.lang.AssertionError: expected:<19> but was:<13>    at org.junit.Assert.fail(Assert.java:88)
    at org.junit.Assert.failNotEquals(Assert.java:743)
    at org.junit.Assert.assertEquals(Assert.java:118)
    at org.junit.Assert.assertEquals(Assert.java:555)
    at org.junit.Assert.assertEquals(Assert.java:542)
    at java_testcases.junit.MAX_SUBLIST_SUM_Test.test_3(MAX_SUBLIST_SUM_Test.java:26)

java.lang.AssertionError: expected:<6> but was:<2>
    at org.junit.Assert.fail(Assert.java:88)
    at org.junit.Assert.failNotEquals(Assert.java:743)
    at org.junit.Assert.assertEquals(Assert.java:118)
    at org.junit.Assert.assertEquals(Assert.java:555)
    at org.junit.Assert.assertEquals(Assert.java:542)
    at java_testcases.junit.MAX_SUBLIST_SUM_Test.test_5(MAX_SUBLIST_SUM_Test.java:38)
14:40:31.360 [pool-32-thread-1] INFO  f.i.l.c.t.SpecificationTestCasesListener - Tests run finished (0 ms)
<> Total tests run: 1
<> Ignored tests: 0
<> Failed tests: 1
~ test_5(java_testcases.junit.MAX_SUBLIST_SUM_Test)
[expected:<6> but was:<2>]
java.lang.AssertionError: expected:<6> but was:<2>    at org.junit.Assert.fail(Assert.java:88)
    at org.junit.Assert.failNotEquals(Assert.java:743)
    at org.junit.Assert.assertEquals(Assert.java:118)
    at org.junit.Assert.assertEquals(Assert.java:555)
    at org.junit.Assert.assertEquals(Assert.java:542)
    at java_testcases.junit.MAX_SUBLIST_SUM_Test.test_5(MAX_SUBLIST_SUM_Test.java:38)

14:40:31.361 [pool-23-thread-1] DEBUG tests.output - Failing tests with false: 
[test_0(java_testcases.junit.MAX_SUBLIST_SUM_Test): expected:<5> but was:<0>, test_1(java_testcases.junit.MAX_SUBLIST_SUM_Test): expected:<4> but was:<0>, test_3(java_testcases.junit.MAX_SUBLIST_SUM_Test): expected:<19> but was:<0>, test_5(java_testcases.junit.MAX_SUBLIST_SUM_Test): expected:<6> but was:<0>]
14:40:31.361 [pool-23-thread-1] DEBUG tests.output - Failing tests with true: 
[test_0(java_testcases.junit.MAX_SUBLIST_SUM_Test): expected:<5> but was:<4>, test_1(java_testcases.junit.MAX_SUBLIST_SUM_Test): expected:<4> but was:<3>, test_3(java_testcases.junit.MAX_SUBLIST_SUM_Test): expected:<19> but was:<13>, test_5(java_testcases.junit.MAX_SUBLIST_SUM_Test): expected:<6> but was:<2>]
14:40:31.361 [pool-23-thread-1] INFO  f.i.l.r.n.synth.SMTNopolSynthesizer - Not enough specifications: 0. A trivial patch is "true" or "false", please write new tests specifying SourceLocation java_programs.MAX_SUBLIST_SUM:18.
14:40:31.361 [pool-2-thread-1] DEBUG fr.inria.lille.repair.nopol.NoPol - statement #5
14:40:31.361 [pool-2-thread-1] DEBUG fr.inria.lille.repair.nopol.NoPol - Analysing SourceLocation java_programs.MAX_SUBLIST_SUM:16 which is executed by 6 tests
1398898352
14:40:31.405 [pool-2-thread-1] DEBUG fr.inria.lille.repair.nopol.NoPol - statement #6
14:40:31.406 [pool-2-thread-1] DEBUG fr.inria.lille.repair.nopol.NoPol - Analysing SourceLocation java_programs.MAX_SUBLIST_SUM:15 which is executed by 6 tests
1398898352
14:40:31.440 [pool-2-thread-1] INFO  fr.inria.lille.repair.nopol.NoPol - ----INFORMATION----
14:40:31.447 [pool-2-thread-1] INFO  fr.inria.lille.repair.nopol.NoPol - Nb classes : 3
14:40:31.447 [pool-2-thread-1] INFO  fr.inria.lille.repair.nopol.NoPol - Nb methods : 9
14:40:31.448 [pool-2-thread-1] INFO  fr.inria.lille.repair.nopol.NoPol - Nb Statements Analyzed : 3
14:40:31.448 [pool-2-thread-1] INFO  fr.inria.lille.repair.nopol.NoPol - Nb Statements with Angelic Value Found : 0
14:40:31.448 [pool-2-thread-1] INFO  fr.inria.lille.repair.nopol.NoPol - Nb inputs in SMT : 0
14:40:31.450 [pool-2-thread-1] INFO  fr.inria.lille.repair.nopol.NoPol - Nb SMT level: 0
14:40:31.450 [pool-2-thread-1] INFO  fr.inria.lille.repair.nopol.NoPol - Nb variables in SMT : 0
14:40:31.450 [pool-2-thread-1] INFO  fr.inria.lille.repair.nopol.NoPol - NoPol Execution time : 4618ms
14:40:31.450 [pool-2-thread-1] INFO  fr.inria.lille.repair.nopol.NoPol - 
NO_ANGELIC_VALUE
Command exited with non-zero status 255
7.50user 0.65system 0:05.69elapsed 143%CPU (0avgtext+0avgdata 359032maxresident)k
45688inputs+5328outputs (3major+118513minor)pagefaults 0swaps


Node: graphene-125.nancy.grid5000.fr



Date: Sun Dec  2 14:40:31 EST 2018

