cd /tmp/Nopol_Bug_dot_jar_Jackrabbit-Oak_9b268da0;
export JAVA_TOOL_OPTIONS="-Dfile.encoding=UTF8 -Duser.language=en-US -Duser.country=US -Duser.language=en";
TZ="America/New_York"; export TZ;
export PATH="/usr/lib/jvm/java-1.8.0-openjdk-amd64/bin/:$PATH";
export JAVA_HOME="/usr/lib/jvm/java-1.8.0-openjdk-amd64/bin/";
time java -Xmx4g -Xms1g -cp /home/tdurieux/defects4j4repair/script/../repair_tools/nopol.jar:/usr/lib/jvm/java-1.8.0-openjdk-amd64/bin//../lib/tools.jar fr.inria.lille.repair.Main \
	--mode repair \
	--type pre_then_cond \
	--oracle angelic \
	--synthesis smt \
	--flocal gzoltar \
	--json \
	--solver z3 \
	--solver-path /home/tdurieux/defects4j4repair/script/../libs/z3/build/z3 \
	--complianceLevel 7 \
	--source oak-mongomk/src/main/java \
	--classpath "oak-mongomk/target/classes:oak-mongomk/target/test-classes:/tmp/Nopol_Bug_dot_jar_Jackrabbit-Oak_9b268da0/oak-commons/target/classes:/tmp/Nopol_Bug_dot_jar_Jackrabbit-Oak_9b268da0/oak-mk-api/target/classes:/tmp/Nopol_Bug_dot_jar_Jackrabbit-Oak_9b268da0/oak-mk/target/classes:/tmp/Nopol_Bug_dot_jar_Jackrabbit-Oak_9b268da0/oak-mk-remote/target/classes:/tmp/Nopol_Bug_dot_jar_Jackrabbit-Oak_9b268da0/oak-it/mk/target/classes:/tmp/Nopol_Bug_dot_jar_Jackrabbit-Oak_9b268da0/oak-core/target/classes:/tmp/Nopol_Bug_dot_jar_Jackrabbit-Oak_9b268da0/oak-jcr/target/classes:/tmp/Nopol_Bug_dot_jar_Jackrabbit-Oak_9b268da0/oak-sling/target/classes:/tmp/Nopol_Bug_dot_jar_Jackrabbit-Oak_9b268da0/oak-http/target/classes:/tmp/Nopol_Bug_dot_jar_Jackrabbit-Oak_9b268da0/oak-lucene/target/classes:/tmp/Nopol_Bug_dot_jar_Jackrabbit-Oak_9b268da0/oak-run/target/classes:/tmp/Nopol_Bug_dot_jar_Jackrabbit-Oak_9b268da0/oak-it/osgi/target/classes:/tmp/Nopol_Bug_dot_jar_Jackrabbit-Oak_9b268da0/oak-bench/base/target/classes:/tmp/Nopol_Bug_dot_jar_Jackrabbit-Oak_9b268da0/oak-bench/latest/target/classes:/tmp/Nopol_Bug_dot_jar_Jackrabbit-Oak_9b268da0/oak-mk-perf/target/classes:/home/tdurieux/.m2/repository/ch/qos/logback/logback-core/1.0.1/logback-core-1.0.1.jar:/home/tdurieux/.m2/repository/com/google/guava/guava/13.0.1/guava-13.0.1.jar:/home/tdurieux/.m2/repository/org/apache/tika/tika-core/1.3/tika-core-1.3.jar:/home/tdurieux/.m2/repository/org/codehaus/jackson/jackson-core-asl/1.9.2/jackson-core-asl-1.9.2.jar:/home/tdurieux/.m2/repository/org/apache/lucene/lucene-analyzers-common/4.1.0/lucene-analyzers-common-4.1.0.jar:/home/tdurieux/.m2/repository/org/ops4j/base/ops4j-base-net/1.3.0/ops4j-base-net-1.3.0.jar:/home/tdurieux/.m2/repository/org/osgi/org.osgi.core/4.2.0/org.osgi.core-4.2.0.jar:/home/tdurieux/.m2/repository/org/sonatype/aether/aether-spi/1.11/aether-spi-1.11.jar:/home/tdurieux/.m2/repository/org/ops4j/pax/swissbox/pax-swissbox-optional-jcl/1.5.0/pax-swissbox-optional-jcl-1.5.0.jar:/home/tdurieux/.m2/repository/org/slf4j/slf4j-api/1.6.4/slf4j-api-1.6.4.jar:/home/tdurieux/.m2/repository/org/apache/jackrabbit/oak-mk/0.7-SNAPSHOT/oak-mk-0.7-SNAPSHOT.jar:/home/tdurieux/.m2/repository/org/apache/jackrabbit/jackrabbit-jcr-commons/2.7-SNAPSHOT/jackrabbit-jcr-commons-2.7-SNAPSHOT.jar:/home/tdurieux/.m2/repository/com/cedarsoft/commons/xml-commons/5.0.9/xml-commons-5.0.9.jar:/home/tdurieux/.m2/repository/org/mongodb/mongo-java-driver/2.7.1/mongo-java-driver-2.7.1.jar:/home/tdurieux/.m2/repository/org/ops4j/pax/exam/pax-exam-junit4/2.4.0/pax-exam-junit4-2.4.0.jar:/home/tdurieux/.m2/repository/com/cedarsoft/commons/crypt/5.0.9/crypt-5.0.9.jar:/home/tdurieux/.m2/repository/org/json/json/20090211/json-20090211.jar:/home/tdurieux/.m2/repository/org/apache/xbean/xbean-reflect/3.4/xbean-reflect-3.4.jar:/home/tdurieux/.m2/repository/commons-pool/commons-pool/1.5.4/commons-pool-1.5.4.jar:/home/tdurieux/.m2/repository/org/eclipse/jetty/jetty-io/8.1.2.v20120308/jetty-io-8.1.2.v20120308.jar:/home/tdurieux/.m2/repository/org/ops4j/base/ops4j-base-lang/1.3.0/ops4j-base-lang-1.3.0.jar:/home/tdurieux/.m2/repository/javax/servlet/servlet-api/2.5/servlet-api-2.5.jar:/home/tdurieux/.m2/repository/org/ops4j/pax/exam/pax-exam/2.4.0/pax-exam-2.4.0.jar:/home/tdurieux/.m2/repository/com/googlecode/json-simple/json-simple/1.1/json-simple-1.1.jar:/home/tdurieux/.m2/repository/org/slf4j/slf4j-api/1.5.8/slf4j-api-1.5.8.jar:/home/tdurieux/.m2/repository/org/apache/maven/maven-model-builder/3.0.3/maven-model-builder-3.0.3.jar:/home/tdurieux/.m2/repository/com/google/code/findbugs/jsr305/2.0.0/jsr305-2.0.0.jar:/home/tdurieux/.m2/repository/org/mockito/mockito-all/1.9.0-rc1/mockito-all-1.9.0-rc1.jar:/home/tdurieux/.m2/repository/org/sonatype/aether/aether-impl/1.11/aether-impl-1.11.jar:/home/tdurieux/.m2/repository/com/ibm/icu/icu4j/2.6.1/icu4j-2.6.1.jar:/home/tdurieux/.m2/repository/commons-io/commons-io/2.2/commons-io-2.2.jar:/home/tdurieux/.m2/repository/org/apache/jackrabbit/oak-lucene/0.7-SNAPSHOT/oak-lucene-0.7-SNAPSHOT.jar:/home/tdurieux/.m2/repository/org/apache/lucene/lucene-core/3.6.0/lucene-core-3.6.0.jar:/home/tdurieux/.m2/repository/org/ops4j/base/ops4j-base-spi/1.3.0/ops4j-base-spi-1.3.0.jar:/home/tdurieux/.m2/repository/org/ops4j/pax/url/pax-url-classpath/1.4.0/pax-url-classpath-1.4.0.jar:/home/tdurieux/.m2/repository/org/ops4j/pax/tinybundles/tinybundles/1.0.0/tinybundles-1.0.0.jar:/home/tdurieux/.m2/repository/org/ops4j/pax/swissbox/pax-swissbox-core/1.5.0/pax-swissbox-core-1.5.0.jar:/home/tdurieux/.m2/repository/org/apache/jackrabbit/oak-core/0.7-SNAPSHOT/oak-core-0.7-SNAPSHOT.jar:/home/tdurieux/.m2/repository/org/apache/sling/org.apache.sling.jcr.api/2.1.0/org.apache.sling.jcr.api-2.1.0.jar:/home/tdurieux/.m2/repository/dom4j/dom4j/1.6.1/dom4j-1.6.1.jar:/home/tdurieux/.m2/repository/org/apache/maven/wagon/wagon-file/1.0-beta-7/wagon-file-1.0-beta-7.jar:/home/tdurieux/.m2/repository/org/apache/maven/wagon/wagon-http-shared/1.0-beta-7/wagon-http-shared-1.0-beta-7.jar:/home/tdurieux/.m2/repository/com/google/collections/google-collections/1.0/google-collections-1.0.jar:/home/tdurieux/.m2/repository/org/slf4j/slf4j-nop/1.5.8/slf4j-nop-1.5.8.jar:/home/tdurieux/.m2/repository/com/fasterxml/jackson/core/jackson-databind/2.0.0/jackson-databind-2.0.0.jar:/home/tdurieux/.m2/repository/org/ops4j/pax/swissbox/pax-swissbox-framework/1.5.0/pax-swissbox-framework-1.5.0.jar:/home/tdurieux/.m2/repository/org/apache/jackrabbit/oak-jcr/0.7-SNAPSHOT/oak-jcr-0.7-SNAPSHOT.jar:/home/tdurieux/.m2/repository/com/fasterxml/jackson/dataformat/jackson-dataformat-smile/2.0.2/jackson-dataformat-smile-2.0.2.jar:/home/tdurieux/.m2/repository/com/cedarsoft/commons/test-utils/5.0.9/test-utils-5.0.9.jar:/home/tdurieux/.m2/repository/commons-logging/commons-logging/1.0.4/commons-logging-1.0.4.jar:/home/tdurieux/.m2/repository/org/ops4j/pax/url/pax-url-commons/1.4.0/pax-url-commons-1.4.0.jar:/home/tdurieux/.m2/repository/org/sonatype/aether/aether-connector-wagon/1.11/aether-connector-wagon-1.11.jar:/home/tdurieux/.m2/repository/asm/asm/3.0/asm-3.0.jar:/home/tdurieux/.m2/repository/org/sonatype/aether/aether-api/1.11/aether-api-1.11.jar:/home/tdurieux/.m2/repository/biz/aQute/bndlib/1.50.0/bndlib-1.50.0.jar:/home/tdurieux/.m2/repository/com/fasterxml/jackson/core/jackson-core/2.0.0/jackson-core-2.0.0.jar:/home/tdurieux/.m2/repository/commons-fileupload/commons-fileupload/1.2.1/commons-fileupload-1.2.1.jar:/home/tdurieux/.m2/repository/org/easytesting/fest-reflect/1.2/fest-reflect-1.2.jar:/home/tdurieux/.m2/repository/org/hamcrest/hamcrest-core/1.1/hamcrest-core-1.1.jar:/home/tdurieux/.m2/repository/commons-dbcp/commons-dbcp/1.3/commons-dbcp-1.3.jar:/home/tdurieux/.m2/repository/javax/jcr/jcr/2.0/jcr-2.0.jar:/home/tdurieux/.m2/repository/org/apache/jackrabbit/oak-commons/0.7-SNAPSHOT/oak-commons-0.7-SNAPSHOT.jar:/home/tdurieux/.m2/repository/org/eclipse/jetty/jetty-http/8.1.2.v20120308/jetty-http-8.1.2.v20120308.jar:/home/tdurieux/.m2/repository/xml-apis/xml-apis/1.3.02/xml-apis-1.3.02.jar:/home/tdurieux/.m2/repository/org/apache/geronimo/specs/geronimo-atinject_1.0_spec/1.0/geronimo-atinject_1.0_spec-1.0.jar:/home/tdurieux/.m2/repository/org/ops4j/base/ops4j-base-store/1.3.0/ops4j-base-store-1.3.0.jar:/home/tdurieux/.m2/repository/xerces/xercesImpl/2.6.2/xercesImpl-2.6.2.jar:/home/tdurieux/.m2/repository/org/codehaus/jackson/jackson-mapper-asl/1.9.2/jackson-mapper-asl-1.9.2.jar:/home/tdurieux/.m2/repository/org/apache/maven/wagon/wagon-provider-api/1.0-beta-7/wagon-provider-api-1.0-beta-7.jar:/home/tdurieux/.m2/repository/org/apache/sling/org.apache.sling.commons.osgi/2.1.0/org.apache.sling.commons.osgi-2.1.0.jar:/home/tdurieux/.m2/repository/commons-codec/commons-codec/1.2/commons-codec-1.2.jar:/home/tdurieux/.m2/repository/org/apache/jackrabbit/jackrabbit-api/2.7-SNAPSHOT/jackrabbit-api-2.7-SNAPSHOT.jar:/home/tdurieux/.m2/repository/com/h2database/h2/1.3.158/h2-1.3.158.jar:/home/tdurieux/.m2/repository/jaxen/jaxen/1.1.3/jaxen-1.1.3.jar:/home/tdurieux/.m2/repository/commons-codec/commons-codec/1.5/commons-codec-1.5.jar:/home/tdurieux/.m2/repository/org/apache/jackrabbit/jackrabbit-spi/2.7-SNAPSHOT/jackrabbit-spi-2.7-SNAPSHOT.jar:/home/tdurieux/.m2/repository/org/apache/lucene/lucene-core/4.1.0/lucene-core-4.1.0.jar:/home/tdurieux/.m2/repository/javax/inject/javax.inject/1/javax.inject-1.jar:/home/tdurieux/.m2/repository/org/apache/derby/derby/10.5.3.0_1/derby-10.5.3.0_1.jar:/home/tdurieux/.m2/repository/org/slf4j/jcl-over-slf4j/1.6.4/jcl-over-slf4j-1.6.4.jar:/home/tdurieux/.m2/repository/concurrent/concurrent/1.3.4/concurrent-1.3.4.jar:/home/tdurieux/.m2/repository/org/ops4j/base/ops4j-base-io/1.3.0/ops4j-base-io-1.3.0.jar:/home/tdurieux/.m2/repository/org/ops4j/pax/url/pax-url-aether/1.3.3/pax-url-aether-1.3.3.jar:/home/tdurieux/.m2/repository/org/eclipse/jetty/orbit/javax.servlet/3.0.0.v201112011016/javax.servlet-3.0.0.v201112011016.jar:/home/tdurieux/.m2/repository/org/apache/maven/maven-model/3.0.3/maven-model-3.0.3.jar:/home/tdurieux/.m2/repository/org/apache/jackrabbit/jackrabbit-jcr-tests/2.7-SNAPSHOT/jackrabbit-jcr-tests-2.7-SNAPSHOT.jar:/home/tdurieux/.m2/repository/org/ops4j/pax/swissbox/pax-swissbox-lifecycle/1.5.0/pax-swissbox-lifecycle-1.5.0.jar:/home/tdurieux/.m2/repository/org/ops4j/base/ops4j-base-util-property/1.3.0/ops4j-base-util-property-1.3.0.jar:/home/tdurieux/.m2/repository/org/ops4j/pax/url/pax-url-link/1.4.0/pax-url-link-1.4.0.jar:/home/tdurieux/.m2/repository/commons-io/commons-io/2.0.1/commons-io-2.0.1.jar:/home/tdurieux/.m2/repository/org/apache/jackrabbit/oak-core/0.7-SNAPSHOT/oak-core-0.7-SNAPSHOT-tests.jar:/home/tdurieux/.m2/repository/org/eclipse/jetty/jetty-server/8.1.2.v20120308/jetty-server-8.1.2.v20120308.jar:/home/tdurieux/.m2/repository/org/apache/maven/maven-aether-provider/3.0.3/maven-aether-provider-3.0.3.jar:/home/tdurieux/.m2/repository/com/jamonapi/jamon/2.4/jamon-2.4.jar:/home/tdurieux/.m2/repository/org/apache/felix/org.apache.felix.framework/4.0.2/org.apache.felix.framework-4.0.2.jar:/home/tdurieux/.m2/repository/org/apache/felix/org.apache.felix.scr.annotations/1.7.0/org.apache.felix.scr.annotations-1.7.0.jar:/home/tdurieux/.m2/repository/org/eclipse/jetty/jetty-util/8.1.2.v20120308/jetty-util-8.1.2.v20120308.jar:/home/tdurieux/.m2/repository/org/ops4j/base/ops4j-base-monitors/1.3.0/ops4j-base-monitors-1.3.0.jar:/home/tdurieux/.m2/repository/org/mongodb/mongo-java-driver/2.9.1/mongo-java-driver-2.9.1.jar:/home/tdurieux/.m2/repository/org/sonatype/aether/aether-util/1.11/aether-util-1.11.jar:/home/tdurieux/.m2/repository/org/eclipse/jetty/jetty-servlet/8.1.2.v20120308/jetty-servlet-8.1.2.v20120308.jar:/home/tdurieux/.m2/repository/commons-httpclient/commons-httpclient/3.1/commons-httpclient-3.1.jar:/home/tdurieux/.m2/repository/org/jdom/jdom/1.1.2/jdom-1.1.2.jar:/home/tdurieux/.m2/repository/org/ops4j/base/ops4j-base-exec/1.3.0/ops4j-base-exec-1.3.0.jar:/home/tdurieux/.m2/repository/xerces/xmlParserAPIs/2.6.2/xmlParserAPIs-2.6.2.jar:/home/tdurieux/.m2/repository/org/ops4j/pax/exam/pax-exam-link-assembly/2.4.0/pax-exam-link-assembly-2.4.0.jar:/home/tdurieux/.m2/repository/org/apache/jackrabbit/oak-mongomk/0.7-SNAPSHOT/oak-mongomk-0.7-SNAPSHOT.jar:/home/tdurieux/.m2/repository/org/codehaus/plexus/plexus-classworlds/2.4/plexus-classworlds-2.4.jar:/home/tdurieux/.m2/repository/org/osgi/org.osgi.compendium/4.2.0/org.osgi.compendium-4.2.0.jar:/home/tdurieux/.m2/repository/commons-io/commons-io/1.4/commons-io-1.4.jar:/home/tdurieux/.m2/repository/jdom/jdom/1.0/jdom-1.0.jar:/home/tdurieux/.m2/repository/org/codehaus/plexus/plexus-interpolation/1.14/plexus-interpolation-1.14.jar:/home/tdurieux/.m2/repository/org/apache/maven/wagon/wagon-http-lightweight/1.0-beta-7/wagon-http-lightweight-1.0-beta-7.jar:/home/tdurieux/.m2/repository/org/apache/commons/commons-math/2.0/commons-math-2.0.jar:/home/tdurieux/.m2/repository/org/eclipse/jetty/jetty-security/8.1.2.v20120308/jetty-security-8.1.2.v20120308.jar:/home/tdurieux/.m2/repository/org/eclipse/jetty/jetty-continuation/8.1.2.v20120308/jetty-continuation-8.1.2.v20120308.jar:/home/tdurieux/.m2/repository/org/apache/maven/maven-repository-metadata/3.0.3/maven-repository-metadata-3.0.3.jar:/home/tdurieux/.m2/repository/org/apache/jackrabbit/oak-bench-base/0.7-SNAPSHOT/oak-bench-base-0.7-SNAPSHOT.jar:/home/tdurieux/.m2/repository/ch/qos/logback/logback-classic/1.0.1/logback-classic-1.0.1.jar:/home/tdurieux/.m2/repository/xmlunit/xmlunit/1.3/xmlunit-1.3.jar:/home/tdurieux/.m2/repository/com/fasterxml/jackson/core/jackson-annotations/2.0.0/jackson-annotations-2.0.0.jar:/home/tdurieux/.m2/repository/org/apache/jackrabbit/jackrabbit-spi-commons/2.7-SNAPSHOT/jackrabbit-spi-commons-2.7-SNAPSHOT.jar:/home/tdurieux/.m2/repository/org/codehaus/plexus/plexus-utils/2.0.5/plexus-utils-2.0.5.jar:/home/tdurieux/.m2/repository/org/apache/jackrabbit/oak-it-mk/0.7-SNAPSHOT/oak-it-mk-0.7-SNAPSHOT.jar:/home/tdurieux/.m2/repository/org/slf4j/slf4j-simple/1.6.1/slf4j-simple-1.6.1.jar:/home/tdurieux/.m2/repository/org/easytesting/fest-util/1.1.6/fest-util-1.1.6.jar:/home/tdurieux/.m2/repository/org/ops4j/pax/exam/pax-exam-container-native/2.4.0/pax-exam-container-native-2.4.0.jar:/home/tdurieux/.m2/repository/org/ops4j/pax/swissbox/pax-swissbox-property/1.5.0/pax-swissbox-property-1.5.0.jar:/home/tdurieux/.m2/repository/xalan/xalan/2.6.0/xalan-2.6.0.jar:/home/tdurieux/.m2/repository/org/easytesting/fest-assert/1.4/fest-assert-1.4.jar:/home/tdurieux/.m2/repository/org/apache/jackrabbit/jackrabbit-jcr-server/2.7-SNAPSHOT/jackrabbit-jcr-server-2.7-SNAPSHOT.jar:/home/tdurieux/.m2/repository/org/slf4j/jul-to-slf4j/1.6.4/jul-to-slf4j-1.6.4.jar:/home/tdurieux/.m2/repository/org/apache/jackrabbit/jackrabbit-core/2.7-SNAPSHOT/jackrabbit-core-2.7-SNAPSHOT-tests.jar:/home/tdurieux/.m2/repository/org/codehaus/plexus/plexus-component-annotations/1.5.5/plexus-component-annotations-1.5.5.jar:/home/tdurieux/.m2/repository/org/apache/jackrabbit/oak-http/0.7-SNAPSHOT/oak-http-0.7-SNAPSHOT.jar:/home/tdurieux/.m2/repository/junit/junit/4.10/junit-4.10.jar:/home/tdurieux/.m2/repository/org/ops4j/pax/exam/pax-exam-spi/2.4.0/pax-exam-spi-2.4.0.jar:/home/tdurieux/.m2/repository/commons-lang/commons-lang/2.6/commons-lang-2.6.jar:/home/tdurieux/.m2/repository/xom/xom/1.0/xom-1.0.jar:/home/tdurieux/.m2/repository/org/apache/jackrabbit/jackrabbit-webdav/2.7-SNAPSHOT/jackrabbit-webdav-2.7-SNAPSHOT.jar:/home/tdurieux/.m2/repository/org/apache/jackrabbit/oak-mk-api/0.7-SNAPSHOT/oak-mk-api-0.7-SNAPSHOT.jar:/home/tdurieux/.m2/repository/org/apache/jackrabbit/oak-mk-remote/0.7-SNAPSHOT/oak-mk-remote-0.7-SNAPSHOT.jar:/home/tdurieux/.m2/repository/org/apache/tika/tika-core/1.1/tika-core-1.1.jar:/home/tdurieux/.m2/repository/org/codehaus/plexus/plexus-container-default/1.5.4/plexus-container-default-1.5.4.jar:/home/tdurieux/.m2/repository/commons-collections/commons-collections/3.2.1/commons-collections-3.2.1.jar:/home/tdurieux/defects4j4repair/script/../repair_tools/nopol.jar";
	echo "\n\nNode: `hostname`\n";
	echo "\n\nDate: `date`\n";
Picked up JAVA_TOOL_OPTIONS: -Dfile.encoding=UTF8 -Duser.language=en-US -Duser.country=US -Duser.language=en
10:45:05.597 [main] INFO  fr.inria.lille.repair.nopol.NoPol - Source files: [oak-mongomk/src/main/java]
10:45:05.634 [main] INFO  fr.inria.lille.repair.nopol.NoPol - Classpath: [file:/tmp/Nopol_Bug_dot_jar_Jackrabbit-Oak_9b268da0/oak-mongomk/target/classes/, file:/tmp/Nopol_Bug_dot_jar_Jackrabbit-Oak_9b268da0/oak-mongomk/target/test-classes/, file:/tmp/Nopol_Bug_dot_jar_Jackrabbit-Oak_9b268da0/oak-commons/target/classes/, file:/tmp/Nopol_Bug_dot_jar_Jackrabbit-Oak_9b268da0/oak-mk-api/target/classes/, file:/tmp/Nopol_Bug_dot_jar_Jackrabbit-Oak_9b268da0/oak-mk/target/classes/, file:/tmp/Nopol_Bug_dot_jar_Jackrabbit-Oak_9b268da0/oak-mk-remote/target/classes/, file:/tmp/Nopol_Bug_dot_jar_Jackrabbit-Oak_9b268da0/oak-it/mk/target/classes/, file:/tmp/Nopol_Bug_dot_jar_Jackrabbit-Oak_9b268da0/oak-core/target/classes/, file:/tmp/Nopol_Bug_dot_jar_Jackrabbit-Oak_9b268da0/oak-jcr/target/classes/, file:/tmp/Nopol_Bug_dot_jar_Jackrabbit-Oak_9b268da0/oak-sling/target/classes/, file:/tmp/Nopol_Bug_dot_jar_Jackrabbit-Oak_9b268da0/oak-http/target/classes/, file:/tmp/Nopol_Bug_dot_jar_Jackrabbit-Oak_9b268da0/oak-lucene/target/classes/, file:/tmp/Nopol_Bug_dot_jar_Jackrabbit-Oak_9b268da0/oak-run/target/classes/, file:/tmp/Nopol_Bug_dot_jar_Jackrabbit-Oak_9b268da0/oak-it/osgi/target/classes/, file:/tmp/Nopol_Bug_dot_jar_Jackrabbit-Oak_9b268da0/oak-bench/base/target/classes/, file:/tmp/Nopol_Bug_dot_jar_Jackrabbit-Oak_9b268da0/oak-bench/latest/target/classes/, file:/tmp/Nopol_Bug_dot_jar_Jackrabbit-Oak_9b268da0/oak-mk-perf/target/classes/, file:/home/tdurieux/.m2/repository/ch/qos/logback/logback-core/1.0.1/logback-core-1.0.1.jar, file:/home/tdurieux/.m2/repository/com/google/guava/guava/13.0.1/guava-13.0.1.jar, file:/home/tdurieux/.m2/repository/org/apache/tika/tika-core/1.3/tika-core-1.3.jar, file:/home/tdurieux/.m2/repository/org/codehaus/jackson/jackson-core-asl/1.9.2/jackson-core-asl-1.9.2.jar, file:/home/tdurieux/.m2/repository/org/apache/lucene/lucene-analyzers-common/4.1.0/lucene-analyzers-common-4.1.0.jar, file:/home/tdurieux/.m2/repository/org/ops4j/base/ops4j-base-net/1.3.0/ops4j-base-net-1.3.0.jar, file:/home/tdurieux/.m2/repository/org/osgi/org.osgi.core/4.2.0/org.osgi.core-4.2.0.jar, file:/home/tdurieux/.m2/repository/org/sonatype/aether/aether-spi/1.11/aether-spi-1.11.jar, file:/home/tdurieux/.m2/repository/org/ops4j/pax/swissbox/pax-swissbox-optional-jcl/1.5.0/pax-swissbox-optional-jcl-1.5.0.jar, file:/home/tdurieux/.m2/repository/org/slf4j/slf4j-api/1.6.4/slf4j-api-1.6.4.jar, file:/home/tdurieux/.m2/repository/org/apache/jackrabbit/oak-mk/0.7-SNAPSHOT/oak-mk-0.7-SNAPSHOT.jar, file:/home/tdurieux/.m2/repository/org/apache/jackrabbit/jackrabbit-jcr-commons/2.7-SNAPSHOT/jackrabbit-jcr-commons-2.7-SNAPSHOT.jar, file:/home/tdurieux/.m2/repository/com/cedarsoft/commons/xml-commons/5.0.9/xml-commons-5.0.9.jar, file:/home/tdurieux/.m2/repository/org/mongodb/mongo-java-driver/2.7.1/mongo-java-driver-2.7.1.jar, file:/home/tdurieux/.m2/repository/org/ops4j/pax/exam/pax-exam-junit4/2.4.0/pax-exam-junit4-2.4.0.jar, file:/home/tdurieux/.m2/repository/com/cedarsoft/commons/crypt/5.0.9/crypt-5.0.9.jar, file:/home/tdurieux/.m2/repository/org/json/json/20090211/json-20090211.jar, file:/home/tdurieux/.m2/repository/org/apache/xbean/xbean-reflect/3.4/xbean-reflect-3.4.jar, file:/home/tdurieux/.m2/repository/commons-pool/commons-pool/1.5.4/commons-pool-1.5.4.jar, file:/home/tdurieux/.m2/repository/org/eclipse/jetty/jetty-io/8.1.2.v20120308/jetty-io-8.1.2.v20120308.jar, file:/home/tdurieux/.m2/repository/org/ops4j/base/ops4j-base-lang/1.3.0/ops4j-base-lang-1.3.0.jar, file:/home/tdurieux/.m2/repository/javax/servlet/servlet-api/2.5/servlet-api-2.5.jar, file:/home/tdurieux/.m2/repository/org/ops4j/pax/exam/pax-exam/2.4.0/pax-exam-2.4.0.jar, file:/home/tdurieux/.m2/repository/com/googlecode/json-simple/json-simple/1.1/json-simple-1.1.jar, file:/home/tdurieux/.m2/repository/org/slf4j/slf4j-api/1.5.8/slf4j-api-1.5.8.jar, file:/home/tdurieux/.m2/repository/org/apache/maven/maven-model-builder/3.0.3/maven-model-builder-3.0.3.jar, file:/home/tdurieux/.m2/repository/com/google/code/findbugs/jsr305/2.0.0/jsr305-2.0.0.jar, file:/home/tdurieux/.m2/repository/org/mockito/mockito-all/1.9.0-rc1/mockito-all-1.9.0-rc1.jar, file:/home/tdurieux/.m2/repository/org/sonatype/aether/aether-impl/1.11/aether-impl-1.11.jar, file:/home/tdurieux/.m2/repository/com/ibm/icu/icu4j/2.6.1/icu4j-2.6.1.jar, file:/home/tdurieux/.m2/repository/commons-io/commons-io/2.2/commons-io-2.2.jar, file:/home/tdurieux/.m2/repository/org/apache/jackrabbit/oak-lucene/0.7-SNAPSHOT/oak-lucene-0.7-SNAPSHOT.jar, file:/home/tdurieux/.m2/repository/org/apache/lucene/lucene-core/3.6.0/lucene-core-3.6.0.jar, file:/home/tdurieux/.m2/repository/org/ops4j/base/ops4j-base-spi/1.3.0/ops4j-base-spi-1.3.0.jar, file:/home/tdurieux/.m2/repository/org/ops4j/pax/url/pax-url-classpath/1.4.0/pax-url-classpath-1.4.0.jar, file:/home/tdurieux/.m2/repository/org/ops4j/pax/tinybundles/tinybundles/1.0.0/tinybundles-1.0.0.jar, file:/home/tdurieux/.m2/repository/org/ops4j/pax/swissbox/pax-swissbox-core/1.5.0/pax-swissbox-core-1.5.0.jar, file:/home/tdurieux/.m2/repository/org/apache/jackrabbit/oak-core/0.7-SNAPSHOT/oak-core-0.7-SNAPSHOT.jar, file:/home/tdurieux/.m2/repository/org/apache/sling/org.apache.sling.jcr.api/2.1.0/org.apache.sling.jcr.api-2.1.0.jar, file:/home/tdurieux/.m2/repository/dom4j/dom4j/1.6.1/dom4j-1.6.1.jar, file:/home/tdurieux/.m2/repository/org/apache/maven/wagon/wagon-file/1.0-beta-7/wagon-file-1.0-beta-7.jar, file:/home/tdurieux/.m2/repository/org/apache/maven/wagon/wagon-http-shared/1.0-beta-7/wagon-http-shared-1.0-beta-7.jar, file:/home/tdurieux/.m2/repository/com/google/collections/google-collections/1.0/google-collections-1.0.jar, file:/home/tdurieux/.m2/repository/org/slf4j/slf4j-nop/1.5.8/slf4j-nop-1.5.8.jar, file:/home/tdurieux/.m2/repository/com/fasterxml/jackson/core/jackson-databind/2.0.0/jackson-databind-2.0.0.jar, file:/home/tdurieux/.m2/repository/org/ops4j/pax/swissbox/pax-swissbox-framework/1.5.0/pax-swissbox-framework-1.5.0.jar, file:/home/tdurieux/.m2/repository/org/apache/jackrabbit/oak-jcr/0.7-SNAPSHOT/oak-jcr-0.7-SNAPSHOT.jar, file:/home/tdurieux/.m2/repository/com/fasterxml/jackson/dataformat/jackson-dataformat-smile/2.0.2/jackson-dataformat-smile-2.0.2.jar, file:/home/tdurieux/.m2/repository/com/cedarsoft/commons/test-utils/5.0.9/test-utils-5.0.9.jar, file:/home/tdurieux/.m2/repository/commons-logging/commons-logging/1.0.4/commons-logging-1.0.4.jar, file:/home/tdurieux/.m2/repository/org/ops4j/pax/url/pax-url-commons/1.4.0/pax-url-commons-1.4.0.jar, file:/home/tdurieux/.m2/repository/org/sonatype/aether/aether-connector-wagon/1.11/aether-connector-wagon-1.11.jar, file:/home/tdurieux/.m2/repository/asm/asm/3.0/asm-3.0.jar, file:/home/tdurieux/.m2/repository/org/sonatype/aether/aether-api/1.11/aether-api-1.11.jar, file:/home/tdurieux/.m2/repository/biz/aQute/bndlib/1.50.0/bndlib-1.50.0.jar, file:/home/tdurieux/.m2/repository/com/fasterxml/jackson/core/jackson-core/2.0.0/jackson-core-2.0.0.jar, file:/home/tdurieux/.m2/repository/commons-fileupload/commons-fileupload/1.2.1/commons-fileupload-1.2.1.jar, file:/home/tdurieux/.m2/repository/org/easytesting/fest-reflect/1.2/fest-reflect-1.2.jar, file:/home/tdurieux/.m2/repository/org/hamcrest/hamcrest-core/1.1/hamcrest-core-1.1.jar, file:/home/tdurieux/.m2/repository/commons-dbcp/commons-dbcp/1.3/commons-dbcp-1.3.jar, file:/home/tdurieux/.m2/repository/javax/jcr/jcr/2.0/jcr-2.0.jar, file:/home/tdurieux/.m2/repository/org/apache/jackrabbit/oak-commons/0.7-SNAPSHOT/oak-commons-0.7-SNAPSHOT.jar, file:/home/tdurieux/.m2/repository/org/eclipse/jetty/jetty-http/8.1.2.v20120308/jetty-http-8.1.2.v20120308.jar, file:/home/tdurieux/.m2/repository/xml-apis/xml-apis/1.3.02/xml-apis-1.3.02.jar, file:/home/tdurieux/.m2/repository/org/apache/geronimo/specs/geronimo-atinject_1.0_spec/1.0/geronimo-atinject_1.0_spec-1.0.jar, file:/home/tdurieux/.m2/repository/org/ops4j/base/ops4j-base-store/1.3.0/ops4j-base-store-1.3.0.jar, file:/home/tdurieux/.m2/repository/xerces/xercesImpl/2.6.2/xercesImpl-2.6.2.jar, file:/home/tdurieux/.m2/repository/org/codehaus/jackson/jackson-mapper-asl/1.9.2/jackson-mapper-asl-1.9.2.jar, file:/home/tdurieux/.m2/repository/org/apache/maven/wagon/wagon-provider-api/1.0-beta-7/wagon-provider-api-1.0-beta-7.jar, file:/home/tdurieux/.m2/repository/org/apache/sling/org.apache.sling.commons.osgi/2.1.0/org.apache.sling.commons.osgi-2.1.0.jar, file:/home/tdurieux/.m2/repository/commons-codec/commons-codec/1.2/commons-codec-1.2.jar, file:/home/tdurieux/.m2/repository/org/apache/jackrabbit/jackrabbit-api/2.7-SNAPSHOT/jackrabbit-api-2.7-SNAPSHOT.jar, file:/home/tdurieux/.m2/repository/com/h2database/h2/1.3.158/h2-1.3.158.jar, file:/home/tdurieux/.m2/repository/jaxen/jaxen/1.1.3/jaxen-1.1.3.jar, file:/home/tdurieux/.m2/repository/commons-codec/commons-codec/1.5/commons-codec-1.5.jar, file:/home/tdurieux/.m2/repository/org/apache/jackrabbit/jackrabbit-spi/2.7-SNAPSHOT/jackrabbit-spi-2.7-SNAPSHOT.jar, file:/home/tdurieux/.m2/repository/org/apache/lucene/lucene-core/4.1.0/lucene-core-4.1.0.jar, file:/home/tdurieux/.m2/repository/javax/inject/javax.inject/1/javax.inject-1.jar, file:/home/tdurieux/.m2/repository/org/apache/derby/derby/10.5.3.0_1/derby-10.5.3.0_1.jar, file:/home/tdurieux/.m2/repository/org/slf4j/jcl-over-slf4j/1.6.4/jcl-over-slf4j-1.6.4.jar, file:/home/tdurieux/.m2/repository/concurrent/concurrent/1.3.4/concurrent-1.3.4.jar, file:/home/tdurieux/.m2/repository/org/ops4j/base/ops4j-base-io/1.3.0/ops4j-base-io-1.3.0.jar, file:/home/tdurieux/.m2/repository/org/ops4j/pax/url/pax-url-aether/1.3.3/pax-url-aether-1.3.3.jar, file:/home/tdurieux/.m2/repository/org/eclipse/jetty/orbit/javax.servlet/3.0.0.v201112011016/javax.servlet-3.0.0.v201112011016.jar, file:/home/tdurieux/.m2/repository/org/apache/maven/maven-model/3.0.3/maven-model-3.0.3.jar, file:/home/tdurieux/.m2/repository/org/apache/jackrabbit/jackrabbit-jcr-tests/2.7-SNAPSHOT/jackrabbit-jcr-tests-2.7-SNAPSHOT.jar, file:/home/tdurieux/.m2/repository/org/ops4j/pax/swissbox/pax-swissbox-lifecycle/1.5.0/pax-swissbox-lifecycle-1.5.0.jar, file:/home/tdurieux/.m2/repository/org/ops4j/base/ops4j-base-util-property/1.3.0/ops4j-base-util-property-1.3.0.jar, file:/home/tdurieux/.m2/repository/org/ops4j/pax/url/pax-url-link/1.4.0/pax-url-link-1.4.0.jar, file:/home/tdurieux/.m2/repository/commons-io/commons-io/2.0.1/commons-io-2.0.1.jar, file:/home/tdurieux/.m2/repository/org/apache/jackrabbit/oak-core/0.7-SNAPSHOT/oak-core-0.7-SNAPSHOT-tests.jar, file:/home/tdurieux/.m2/repository/org/eclipse/jetty/jetty-server/8.1.2.v20120308/jetty-server-8.1.2.v20120308.jar, file:/home/tdurieux/.m2/repository/org/apache/maven/maven-aether-provider/3.0.3/maven-aether-provider-3.0.3.jar, file:/home/tdurieux/.m2/repository/com/jamonapi/jamon/2.4/jamon-2.4.jar, file:/home/tdurieux/.m2/repository/org/apache/felix/org.apache.felix.framework/4.0.2/org.apache.felix.framework-4.0.2.jar, file:/home/tdurieux/.m2/repository/org/apache/felix/org.apache.felix.scr.annotations/1.7.0/org.apache.felix.scr.annotations-1.7.0.jar, file:/home/tdurieux/.m2/repository/org/eclipse/jetty/jetty-util/8.1.2.v20120308/jetty-util-8.1.2.v20120308.jar, file:/home/tdurieux/.m2/repository/org/ops4j/base/ops4j-base-monitors/1.3.0/ops4j-base-monitors-1.3.0.jar, file:/home/tdurieux/.m2/repository/org/mongodb/mongo-java-driver/2.9.1/mongo-java-driver-2.9.1.jar, file:/home/tdurieux/.m2/repository/org/sonatype/aether/aether-util/1.11/aether-util-1.11.jar, file:/home/tdurieux/.m2/repository/org/eclipse/jetty/jetty-servlet/8.1.2.v20120308/jetty-servlet-8.1.2.v20120308.jar, file:/home/tdurieux/.m2/repository/commons-httpclient/commons-httpclient/3.1/commons-httpclient-3.1.jar, file:/home/tdurieux/.m2/repository/org/jdom/jdom/1.1.2/jdom-1.1.2.jar, file:/home/tdurieux/.m2/repository/org/ops4j/base/ops4j-base-exec/1.3.0/ops4j-base-exec-1.3.0.jar, file:/home/tdurieux/.m2/repository/xerces/xmlParserAPIs/2.6.2/xmlParserAPIs-2.6.2.jar, file:/home/tdurieux/.m2/repository/org/ops4j/pax/exam/pax-exam-link-assembly/2.4.0/pax-exam-link-assembly-2.4.0.jar, file:/home/tdurieux/.m2/repository/org/apache/jackrabbit/oak-mongomk/0.7-SNAPSHOT/oak-mongomk-0.7-SNAPSHOT.jar, file:/home/tdurieux/.m2/repository/org/codehaus/plexus/plexus-classworlds/2.4/plexus-classworlds-2.4.jar, file:/home/tdurieux/.m2/repository/org/osgi/org.osgi.compendium/4.2.0/org.osgi.compendium-4.2.0.jar, file:/home/tdurieux/.m2/repository/commons-io/commons-io/1.4/commons-io-1.4.jar, file:/home/tdurieux/.m2/repository/jdom/jdom/1.0/jdom-1.0.jar, file:/home/tdurieux/.m2/repository/org/codehaus/plexus/plexus-interpolation/1.14/plexus-interpolation-1.14.jar, file:/home/tdurieux/.m2/repository/org/apache/maven/wagon/wagon-http-lightweight/1.0-beta-7/wagon-http-lightweight-1.0-beta-7.jar, file:/home/tdurieux/.m2/repository/org/apache/commons/commons-math/2.0/commons-math-2.0.jar, file:/home/tdurieux/.m2/repository/org/eclipse/jetty/jetty-security/8.1.2.v20120308/jetty-security-8.1.2.v20120308.jar, file:/home/tdurieux/.m2/repository/org/eclipse/jetty/jetty-continuation/8.1.2.v20120308/jetty-continuation-8.1.2.v20120308.jar, file:/home/tdurieux/.m2/repository/org/apache/maven/maven-repository-metadata/3.0.3/maven-repository-metadata-3.0.3.jar, file:/home/tdurieux/.m2/repository/org/apache/jackrabbit/oak-bench-base/0.7-SNAPSHOT/oak-bench-base-0.7-SNAPSHOT.jar, file:/home/tdurieux/.m2/repository/ch/qos/logback/logback-classic/1.0.1/logback-classic-1.0.1.jar, file:/home/tdurieux/.m2/repository/xmlunit/xmlunit/1.3/xmlunit-1.3.jar, file:/home/tdurieux/.m2/repository/com/fasterxml/jackson/core/jackson-annotations/2.0.0/jackson-annotations-2.0.0.jar, file:/home/tdurieux/.m2/repository/org/apache/jackrabbit/jackrabbit-spi-commons/2.7-SNAPSHOT/jackrabbit-spi-commons-2.7-SNAPSHOT.jar, file:/home/tdurieux/.m2/repository/org/codehaus/plexus/plexus-utils/2.0.5/plexus-utils-2.0.5.jar, file:/home/tdurieux/.m2/repository/org/apache/jackrabbit/oak-it-mk/0.7-SNAPSHOT/oak-it-mk-0.7-SNAPSHOT.jar, file:/home/tdurieux/.m2/repository/org/slf4j/slf4j-simple/1.6.1/slf4j-simple-1.6.1.jar, file:/home/tdurieux/.m2/repository/org/easytesting/fest-util/1.1.6/fest-util-1.1.6.jar, file:/home/tdurieux/.m2/repository/org/ops4j/pax/exam/pax-exam-container-native/2.4.0/pax-exam-container-native-2.4.0.jar, file:/home/tdurieux/.m2/repository/org/ops4j/pax/swissbox/pax-swissbox-property/1.5.0/pax-swissbox-property-1.5.0.jar, file:/home/tdurieux/.m2/repository/xalan/xalan/2.6.0/xalan-2.6.0.jar, file:/home/tdurieux/.m2/repository/org/easytesting/fest-assert/1.4/fest-assert-1.4.jar, file:/home/tdurieux/.m2/repository/org/apache/jackrabbit/jackrabbit-jcr-server/2.7-SNAPSHOT/jackrabbit-jcr-server-2.7-SNAPSHOT.jar, file:/home/tdurieux/.m2/repository/org/slf4j/jul-to-slf4j/1.6.4/jul-to-slf4j-1.6.4.jar, file:/home/tdurieux/.m2/repository/org/apache/jackrabbit/jackrabbit-core/2.7-SNAPSHOT/jackrabbit-core-2.7-SNAPSHOT-tests.jar, file:/home/tdurieux/.m2/repository/org/codehaus/plexus/plexus-component-annotations/1.5.5/plexus-component-annotations-1.5.5.jar, file:/home/tdurieux/.m2/repository/org/apache/jackrabbit/oak-http/0.7-SNAPSHOT/oak-http-0.7-SNAPSHOT.jar, file:/home/tdurieux/.m2/repository/junit/junit/4.10/junit-4.10.jar, file:/home/tdurieux/.m2/repository/org/ops4j/pax/exam/pax-exam-spi/2.4.0/pax-exam-spi-2.4.0.jar, file:/home/tdurieux/.m2/repository/commons-lang/commons-lang/2.6/commons-lang-2.6.jar, file:/home/tdurieux/.m2/repository/xom/xom/1.0/xom-1.0.jar, file:/home/tdurieux/.m2/repository/org/apache/jackrabbit/jackrabbit-webdav/2.7-SNAPSHOT/jackrabbit-webdav-2.7-SNAPSHOT.jar, file:/home/tdurieux/.m2/repository/org/apache/jackrabbit/oak-mk-api/0.7-SNAPSHOT/oak-mk-api-0.7-SNAPSHOT.jar, file:/home/tdurieux/.m2/repository/org/apache/jackrabbit/oak-mk-remote/0.7-SNAPSHOT/oak-mk-remote-0.7-SNAPSHOT.jar, file:/home/tdurieux/.m2/repository/org/apache/tika/tika-core/1.1/tika-core-1.1.jar, file:/home/tdurieux/.m2/repository/org/codehaus/plexus/plexus-container-default/1.5.4/plexus-container-default-1.5.4.jar, file:/home/tdurieux/.m2/repository/commons-collections/commons-collections/3.2.1/commons-collections-3.2.1.jar, file:/home/tdurieux/defects4j4repair/script/../repair_tools/nopol.jar]
10:45:05.634 [main] INFO  fr.inria.lille.repair.nopol.NoPol - Statement type: PRE_THEN_COND
10:45:05.634 [main] INFO  fr.inria.lille.repair.nopol.NoPol - Args: [org.apache.jackrabbit.mk.blobs.MongoBlobStoreTest, org.apache.jackrabbit.mk.test.DataStoreIT, org.apache.jackrabbit.mk.test.MicroKernelIT, org.apache.jackrabbit.mongomk.impl.MongoMKBranchMergeTest, org.apache.jackrabbit.mongomk.impl.MongoMKBranchTest, org.apache.jackrabbit.mongomk.impl.MongoMKCommitAddTest, org.apache.jackrabbit.mongomk.impl.MongoMKCommitCopyTest, org.apache.jackrabbit.mongomk.impl.MongoMKCommitMoveTest, org.apache.jackrabbit.mongomk.impl.MongoMKCommitRemoveTest, org.apache.jackrabbit.mongomk.impl.MongoMKConcurrentAddTest, org.apache.jackrabbit.mongomk.impl.MongoMKDiffTest, org.apache.jackrabbit.mongomk.impl.MongoMKGetChildCountTest, org.apache.jackrabbit.mongomk.impl.MongoMKGetHeadRevisionTest, org.apache.jackrabbit.mongomk.impl.MongoMKGetJournalTest, org.apache.jackrabbit.mongomk.impl.MongoMKGetLengthGridFSTest, org.apache.jackrabbit.mongomk.impl.MongoMKGetLengthTest, org.apache.jackrabbit.mongomk.impl.MongoMKGetNodesTest, org.apache.jackrabbit.mongomk.impl.MongoMKGetRevisionHistoryTest, org.apache.jackrabbit.mongomk.impl.MongoMKLimitsTest, org.apache.jackrabbit.mongomk.impl.MongoMKNodeExistsTest, org.apache.jackrabbit.mongomk.impl.MongoMKReadGridFSTest, org.apache.jackrabbit.mongomk.impl.MongoMKReadTest, org.apache.jackrabbit.mongomk.impl.MongoMKWaitForCommitTest, org.apache.jackrabbit.mongomk.impl.MongoMKWriteGridFSTest, org.apache.jackrabbit.mongomk.impl.MongoMKWriteTest, org.apache.jackrabbit.mongomk.impl.action.FetchNodesActionTest, org.apache.jackrabbit.mongomk.impl.action.FetchValidCommitsActionTest, org.apache.jackrabbit.mongomk.impl.command.CommitCommandTest, org.apache.jackrabbit.mongomk.impl.command.ConcurrentCommitCommandTest, org.apache.jackrabbit.mongomk.impl.command.ConcurrentConflictingCommitCommandTest, org.apache.jackrabbit.mongomk.impl.command.ConcurrentWriteMultipleMkMongoTest, org.apache.jackrabbit.mongomk.impl.json.JsopParserTest, org.apache.jackrabbit.mongomk.impl.json.NormalizingJsopHandlerTest, org.apache.jackrabbit.mongomk.impl.model.CommitBuilderTest, org.apache.jackrabbit.mongomk.impl.model.MongoNodeTest, org.apache.jackrabbit.mongomk.multitenancy.MultiTenancyTest, org.apache.jackrabbit.mongomk.util.NodeBuilderTest]
10:45:05.636 [main] INFO  fr.inria.lille.repair.nopol.NoPol - Config: Config{synthesisDepth=3, collectStaticMethods=true, collectStaticFields=false, collectLiterals=false, onlyOneSynthesisResult=true, sortExpressions=true, maxLineInvocationPerTest=250, timeoutMethodInvocation=2000, dataCollectionTimeoutInSecondForSynthesis=900, addWeight=0.19478, subWeight=0.04554, mulWeight=0.0102, divWeight=0.00613, andWeight=0.10597, orWeight=0.05708, eqWeight=0.22798, nEqWeight=0.0, lessEqWeight=0.0255, lessWeight=0.0947, methodCallWeight=0.1, fieldAccessWeight=0.08099, constantWeight=0.14232, variableWeight=0.05195, mode=REPAIR, type=PRE_THEN_COND, synthesis=SMT, oracle=ANGELIC, solver=Z3, solverPath='/home/tdurieux/defects4j4repair/script/../libs/z3/build/z3', projectSources=[oak-mongomk/src/main/java], projectClasspath='[Ljava.net.URL;@66d33a', projectTests=[org.apache.jackrabbit.mk.blobs.MongoBlobStoreTest, org.apache.jackrabbit.mk.test.DataStoreIT, org.apache.jackrabbit.mk.test.MicroKernelIT, org.apache.jackrabbit.mongomk.impl.MongoMKBranchMergeTest, org.apache.jackrabbit.mongomk.impl.MongoMKBranchTest, org.apache.jackrabbit.mongomk.impl.MongoMKCommitAddTest, org.apache.jackrabbit.mongomk.impl.MongoMKCommitCopyTest, org.apache.jackrabbit.mongomk.impl.MongoMKCommitMoveTest, org.apache.jackrabbit.mongomk.impl.MongoMKCommitRemoveTest, org.apache.jackrabbit.mongomk.impl.MongoMKConcurrentAddTest, org.apache.jackrabbit.mongomk.impl.MongoMKDiffTest, org.apache.jackrabbit.mongomk.impl.MongoMKGetChildCountTest, org.apache.jackrabbit.mongomk.impl.MongoMKGetHeadRevisionTest, org.apache.jackrabbit.mongomk.impl.MongoMKGetJournalTest, org.apache.jackrabbit.mongomk.impl.MongoMKGetLengthGridFSTest, org.apache.jackrabbit.mongomk.impl.MongoMKGetLengthTest, org.apache.jackrabbit.mongomk.impl.MongoMKGetNodesTest, org.apache.jackrabbit.mongomk.impl.MongoMKGetRevisionHistoryTest, org.apache.jackrabbit.mongomk.impl.MongoMKLimitsTest, org.apache.jackrabbit.mongomk.impl.MongoMKNodeExistsTest, org.apache.jackrabbit.mongomk.impl.MongoMKReadGridFSTest, org.apache.jackrabbit.mongomk.impl.MongoMKReadTest, org.apache.jackrabbit.mongomk.impl.MongoMKWaitForCommitTest, org.apache.jackrabbit.mongomk.impl.MongoMKWriteGridFSTest, org.apache.jackrabbit.mongomk.impl.MongoMKWriteTest, org.apache.jackrabbit.mongomk.impl.action.FetchNodesActionTest, org.apache.jackrabbit.mongomk.impl.action.FetchValidCommitsActionTest, org.apache.jackrabbit.mongomk.impl.command.CommitCommandTest, org.apache.jackrabbit.mongomk.impl.command.ConcurrentCommitCommandTest, org.apache.jackrabbit.mongomk.impl.command.ConcurrentConflictingCommitCommandTest, org.apache.jackrabbit.mongomk.impl.command.ConcurrentWriteMultipleMkMongoTest, org.apache.jackrabbit.mongomk.impl.json.JsopParserTest, org.apache.jackrabbit.mongomk.impl.json.NormalizingJsopHandlerTest, org.apache.jackrabbit.mongomk.impl.model.CommitBuilderTest, org.apache.jackrabbit.mongomk.impl.model.MongoNodeTest, org.apache.jackrabbit.mongomk.multitenancy.MultiTenancyTest, org.apache.jackrabbit.mongomk.util.NodeBuilderTest], complianceLevel=7, outputFolder=., json=true}
10:45:05.636 [main] INFO  fr.inria.lille.repair.nopol.NoPol - Available processors (cores): 4
10:45:05.642 [main] INFO  fr.inria.lille.repair.nopol.NoPol - Free memory: 884 MB
10:45:05.642 [main] INFO  fr.inria.lille.repair.nopol.NoPol - Maximum memory: 3 GB
10:45:05.642 [main] INFO  fr.inria.lille.repair.nopol.NoPol - Total memory available to JVM: 981 MB
10:45:05.642 [main] INFO  fr.inria.lille.repair.nopol.NoPol - Java version: 1.8.0_181
10:45:05.643 [main] INFO  fr.inria.lille.repair.nopol.NoPol - JAVA_HOME: /usr/lib/jvm/java-1.8.0-openjdk-amd64/bin/
10:45:05.643 [main] INFO  fr.inria.lille.repair.nopol.NoPol - PATH: /usr/lib/jvm/java-1.8.0-openjdk-amd64/bin/:/usr/lib/oar/oardodo:/usr/lib/oar/oardodo:/usr/local/bin:/usr/bin:/bin:/usr/games
10:45:11.229 [pool-2-thread-1] DEBUG fr.inria.lille.repair.nopol.NoPol - statement #1
10:45:11.229 [pool-2-thread-1] DEBUG fr.inria.lille.repair.nopol.NoPol - Analysing SourceLocation org.apache.jackrabbit.mk.test.AbstractMicroKernelIT:66 which is executed by 2 tests
10:45:11.230 [pool-2-thread-1] DEBUG fr.inria.lille.repair.nopol.NoPol - cannot spoon SourceLocation org.apache.jackrabbit.mk.test.AbstractMicroKernelIT:66
10:45:11.230 [pool-2-thread-1] DEBUG fr.inria.lille.repair.nopol.NoPol - statement #2
10:45:11.230 [pool-2-thread-1] DEBUG fr.inria.lille.repair.nopol.NoPol - Analysing SourceLocation org.apache.jackrabbit.mk.test.AbstractMicroKernelIT:60 which is executed by 2 tests
10:45:11.230 [pool-2-thread-1] DEBUG fr.inria.lille.repair.nopol.NoPol - cannot spoon SourceLocation org.apache.jackrabbit.mk.test.AbstractMicroKernelIT:60
10:45:11.230 [pool-2-thread-1] DEBUG fr.inria.lille.repair.nopol.NoPol - statement #3
10:45:11.230 [pool-2-thread-1] DEBUG fr.inria.lille.repair.nopol.NoPol - Analysing SourceLocation org.apache.jackrabbit.mk.test.AbstractMicroKernelIT:59 which is executed by 2 tests
10:45:11.230 [pool-2-thread-1] DEBUG fr.inria.lille.repair.nopol.NoPol - cannot spoon SourceLocation org.apache.jackrabbit.mk.test.AbstractMicroKernelIT:59
10:45:11.231 [pool-2-thread-1] DEBUG fr.inria.lille.repair.nopol.NoPol - statement #4
10:45:11.231 [pool-2-thread-1] DEBUG fr.inria.lille.repair.nopol.NoPol - Analysing SourceLocation org.apache.jackrabbit.mk.test.AbstractMicroKernelIT:58 which is executed by 2 tests
10:45:11.231 [pool-2-thread-1] DEBUG fr.inria.lille.repair.nopol.NoPol - cannot spoon SourceLocation org.apache.jackrabbit.mk.test.AbstractMicroKernelIT:58
10:45:11.231 [pool-2-thread-1] DEBUG fr.inria.lille.repair.nopol.NoPol - statement #5
10:45:11.231 [pool-2-thread-1] DEBUG fr.inria.lille.repair.nopol.NoPol - Analysing SourceLocation org.apache.jackrabbit.mk.test.AbstractMicroKernelIT:57 which is executed by 2 tests
10:45:11.231 [pool-2-thread-1] DEBUG fr.inria.lille.repair.nopol.NoPol - cannot spoon SourceLocation org.apache.jackrabbit.mk.test.AbstractMicroKernelIT:57
10:45:11.231 [pool-2-thread-1] DEBUG fr.inria.lille.repair.nopol.NoPol - statement #6
10:45:11.232 [pool-2-thread-1] DEBUG fr.inria.lille.repair.nopol.NoPol - Analysing SourceLocation org.apache.jackrabbit.mk.test.AbstractMicroKernelIT:55 which is executed by 2 tests
10:45:11.232 [pool-2-thread-1] DEBUG fr.inria.lille.repair.nopol.NoPol - cannot spoon SourceLocation org.apache.jackrabbit.mk.test.AbstractMicroKernelIT:55
10:45:11.232 [pool-2-thread-1] DEBUG fr.inria.lille.repair.nopol.NoPol - statement #7
10:45:11.232 [pool-2-thread-1] DEBUG fr.inria.lille.repair.nopol.NoPol - Analysing SourceLocation org.apache.jackrabbit.mongomk.impl.model.MongoNode:151 which is executed by 1 tests
338282743
10:45:11.690 [pool-2-thread-1] DEBUG fr.inria.lille.repair.nopol.NoPol - statement #8
10:45:11.690 [pool-2-thread-1] DEBUG fr.inria.lille.repair.nopol.NoPol - Analysing SourceLocation org.apache.jackrabbit.mongomk.impl.model.MongoNode:150 which is executed by 1 tests
338282743
10:45:11.934 [pool-2-thread-1] DEBUG fr.inria.lille.repair.nopol.NoPol - looking with class fr.inria.lille.repair.nopol.spoon.smt.ConditionalAdder
java.lang.AssertionError: expected:<1> but was:<2>
    at org.junit.Assert.fail(Assert.java:88)
    at org.junit.Assert.failNotEquals(Assert.java:743)
    at org.junit.Assert.assertEquals(Assert.java:118)
    at org.junit.Assert.assertEquals(Assert.java:555)
    at org.junit.Assert.assertEquals(Assert.java:542)
    at org.apache.jackrabbit.mongomk.impl.model.MongoNodeTest.copyOriginalNotChanged(MongoNodeTest.java:62)
10:45:11.969 [pool-4-thread-1] INFO  xxl.java.junit.TestCasesListener - Tests run finished (13 ms)
<> Total tests run: 1
<> Ignored tests: 0
<> Failed tests: 1
~ copyOriginalNotChanged(org.apache.jackrabbit.mongomk.impl.model.MongoNodeTest)
[expected:<1> but was:<2>]
java.lang.AssertionError: expected:<1> but was:<2>    at org.junit.Assert.fail(Assert.java:88)
    at org.junit.Assert.failNotEquals(Assert.java:743)
    at org.junit.Assert.assertEquals(Assert.java:118)
    at org.junit.Assert.assertEquals(Assert.java:555)
    at org.junit.Assert.assertEquals(Assert.java:542)
    at org.apache.jackrabbit.mongomk.impl.model.MongoNodeTest.copyOriginalNotChanged(MongoNodeTest.java:62)

java.lang.NullPointerException
    at org.apache.jackrabbit.mongomk.impl.model.MongoNodeTest.copyOriginalNotChanged(MongoNodeTest.java:51)
    at sun.reflect.NativeMethodAccessorImpl.invoke0(Native Method)
    at sun.reflect.NativeMethodAccessorImpl.invoke(NativeMethodAccessorImpl.java:62)
    at sun.reflect.DelegatingMethodAccessorImpl.invoke(DelegatingMethodAccessorImpl.java:43)
    at java.lang.reflect.Method.invoke(Method.java:498)
    at org.junit.runners.model.FrameworkMethod$1.runReflectiveCall(FrameworkMethod.java:47)
10:45:13.075 [pool-5-thread-1] INFO  f.i.l.c.t.SpecificationTestCasesListener - Tests run finished (10 ms)
<> Total tests run: 1
<> Ignored tests: 0
<> Failed tests: 1
~ copyOriginalNotChanged(org.apache.jackrabbit.mongomk.impl.model.MongoNodeTest)
[null]
java.lang.NullPointerException    at org.apache.jackrabbit.mongomk.impl.model.MongoNodeTest.copyOriginalNotChanged(MongoNodeTest.java:51)
    at sun.reflect.NativeMethodAccessorImpl.invoke0(Native Method)
    at sun.reflect.NativeMethodAccessorImpl.invoke(NativeMethodAccessorImpl.java:62)
    at sun.reflect.DelegatingMethodAccessorImpl.invoke(DelegatingMethodAccessorImpl.java:43)
    at java.lang.reflect.Method.invoke(Method.java:498)
    at org.junit.runners.model.FrameworkMethod$1.runReflectiveCall(FrameworkMethod.java:47)

java.lang.AssertionError: expected:<1> but was:<2>
    at org.junit.Assert.fail(Assert.java:88)
    at org.junit.Assert.failNotEquals(Assert.java:743)
    at org.junit.Assert.assertEquals(Assert.java:118)
    at org.junit.Assert.assertEquals(Assert.java:555)
    at org.junit.Assert.assertEquals(Assert.java:542)
    at org.apache.jackrabbit.mongomk.impl.model.MongoNodeTest.copyOriginalNotChanged(MongoNodeTest.java:62)
10:45:13.079 [pool-6-thread-1] INFO  f.i.l.c.t.SpecificationTestCasesListener - Tests run finished (3 ms)
<> Total tests run: 1
<> Ignored tests: 0
<> Failed tests: 1
~ copyOriginalNotChanged(org.apache.jackrabbit.mongomk.impl.model.MongoNodeTest)
[expected:<1> but was:<2>]
java.lang.AssertionError: expected:<1> but was:<2>    at org.junit.Assert.fail(Assert.java:88)
    at org.junit.Assert.failNotEquals(Assert.java:743)
    at org.junit.Assert.assertEquals(Assert.java:118)
    at org.junit.Assert.assertEquals(Assert.java:555)
    at org.junit.Assert.assertEquals(Assert.java:542)
    at org.apache.jackrabbit.mongomk.impl.model.MongoNodeTest.copyOriginalNotChanged(MongoNodeTest.java:62)

10:45:13.080 [pool-3-thread-1] DEBUG tests.output - Failing tests with false: 
[copyOriginalNotChanged(org.apache.jackrabbit.mongomk.impl.model.MongoNodeTest): null]
10:45:13.080 [pool-3-thread-1] DEBUG tests.output - Failing tests with true: 
[copyOriginalNotChanged(org.apache.jackrabbit.mongomk.impl.model.MongoNodeTest): expected:<1> but was:<2>]
10:45:13.081 [pool-3-thread-1] INFO  f.i.l.r.n.synth.SMTNopolSynthesizer - Not enough specifications: 0. A trivial patch is "true" or "false", please write new tests specifying SourceLocation org.apache.jackrabbit.mongomk.impl.model.MongoNode:150.
10:45:13.081 [pool-2-thread-1] DEBUG fr.inria.lille.repair.nopol.NoPol - statement #9
10:45:13.081 [pool-2-thread-1] DEBUG fr.inria.lille.repair.nopol.NoPol - Analysing SourceLocation org.apache.jackrabbit.mongomk.impl.model.MongoNode:149 which is executed by 1 tests
338282743
10:45:13.316 [pool-2-thread-1] DEBUG fr.inria.lille.repair.nopol.NoPol - statement #10
10:45:13.316 [pool-2-thread-1] DEBUG fr.inria.lille.repair.nopol.NoPol - Analysing SourceLocation org.apache.jackrabbit.mongomk.impl.model.MongoNode:145 which is executed by 1 tests
338282743
10:45:13.509 [pool-2-thread-1] DEBUG fr.inria.lille.repair.nopol.NoPol - statement #11
10:45:13.509 [pool-2-thread-1] DEBUG fr.inria.lille.repair.nopol.NoPol - Analysing SourceLocation org.apache.jackrabbit.mongomk.impl.model.MongoNode:144 which is executed by 1 tests
338282743
10:45:13.703 [pool-2-thread-1] DEBUG fr.inria.lille.repair.nopol.NoPol - looking with class fr.inria.lille.repair.nopol.spoon.smt.ConditionalAdder
java.lang.AssertionError: expected:<1> but was:<2>
    at org.junit.Assert.fail(Assert.java:88)
    at org.junit.Assert.failNotEquals(Assert.java:743)
    at org.junit.Assert.assertEquals(Assert.java:118)
    at org.junit.Assert.assertEquals(Assert.java:555)
    at org.junit.Assert.assertEquals(Assert.java:542)
    at org.apache.jackrabbit.mongomk.impl.model.MongoNodeTest.copyOriginalNotChanged(MongoNodeTest.java:62)
10:45:13.713 [pool-8-thread-1] INFO  xxl.java.junit.TestCasesListener - Tests run finished (7 ms)
<> Total tests run: 1
<> Ignored tests: 0
<> Failed tests: 1
~ copyOriginalNotChanged(org.apache.jackrabbit.mongomk.impl.model.MongoNodeTest)
[expected:<1> but was:<2>]
java.lang.AssertionError: expected:<1> but was:<2>    at org.junit.Assert.fail(Assert.java:88)
    at org.junit.Assert.failNotEquals(Assert.java:743)
    at org.junit.Assert.assertEquals(Assert.java:118)
    at org.junit.Assert.assertEquals(Assert.java:555)
    at org.junit.Assert.assertEquals(Assert.java:542)
    at org.apache.jackrabbit.mongomk.impl.model.MongoNodeTest.copyOriginalNotChanged(MongoNodeTest.java:62)

java.lang.AssertionError: expected:<1> but was:<2>
    at org.junit.Assert.fail(Assert.java:88)
    at org.junit.Assert.failNotEquals(Assert.java:743)
    at org.junit.Assert.assertEquals(Assert.java:118)
    at org.junit.Assert.assertEquals(Assert.java:555)
    at org.junit.Assert.assertEquals(Assert.java:542)
    at org.apache.jackrabbit.mongomk.impl.model.MongoNodeTest.copyOriginalNotChanged(MongoNodeTest.java:62)
10:45:14.185 [pool-9-thread-1] INFO  f.i.l.c.t.SpecificationTestCasesListener - Tests run finished (7 ms)
<> Total tests run: 1
<> Ignored tests: 0
<> Failed tests: 1
~ copyOriginalNotChanged(org.apache.jackrabbit.mongomk.impl.model.MongoNodeTest)
[expected:<1> but was:<2>]
java.lang.AssertionError: expected:<1> but was:<2>    at org.junit.Assert.fail(Assert.java:88)
    at org.junit.Assert.failNotEquals(Assert.java:743)
    at org.junit.Assert.assertEquals(Assert.java:118)
    at org.junit.Assert.assertEquals(Assert.java:555)
    at org.junit.Assert.assertEquals(Assert.java:542)
    at org.apache.jackrabbit.mongomk.impl.model.MongoNodeTest.copyOriginalNotChanged(MongoNodeTest.java:62)

java.lang.AssertionError: expected:<1> but was:<2>
    at org.junit.Assert.fail(Assert.java:88)
    at org.junit.Assert.failNotEquals(Assert.java:743)
    at org.junit.Assert.assertEquals(Assert.java:118)
    at org.junit.Assert.assertEquals(Assert.java:555)
    at org.junit.Assert.assertEquals(Assert.java:542)
    at org.apache.jackrabbit.mongomk.impl.model.MongoNodeTest.copyOriginalNotChanged(MongoNodeTest.java:62)
10:45:14.187 [pool-10-thread-1] INFO  f.i.l.c.t.SpecificationTestCasesListener - Tests run finished (1 ms)
<> Total tests run: 1
<> Ignored tests: 0
<> Failed tests: 1
~ copyOriginalNotChanged(org.apache.jackrabbit.mongomk.impl.model.MongoNodeTest)
[expected:<1> but was:<2>]
java.lang.AssertionError: expected:<1> but was:<2>    at org.junit.Assert.fail(Assert.java:88)
    at org.junit.Assert.failNotEquals(Assert.java:743)
    at org.junit.Assert.assertEquals(Assert.java:118)
    at org.junit.Assert.assertEquals(Assert.java:555)
    at org.junit.Assert.assertEquals(Assert.java:542)
    at org.apache.jackrabbit.mongomk.impl.model.MongoNodeTest.copyOriginalNotChanged(MongoNodeTest.java:62)

10:45:14.187 [pool-7-thread-1] DEBUG tests.output - Failing tests with false: 
[copyOriginalNotChanged(org.apache.jackrabbit.mongomk.impl.model.MongoNodeTest): expected:<1> but was:<2>]
10:45:14.188 [pool-7-thread-1] DEBUG tests.output - Failing tests with true: 
[copyOriginalNotChanged(org.apache.jackrabbit.mongomk.impl.model.MongoNodeTest): expected:<1> but was:<2>]
10:45:14.188 [pool-7-thread-1] INFO  f.i.l.r.n.synth.SMTNopolSynthesizer - Not enough specifications: 0. A trivial patch is "true" or "false", please write new tests specifying SourceLocation org.apache.jackrabbit.mongomk.impl.model.MongoNode:144.
10:45:14.188 [pool-2-thread-1] DEBUG fr.inria.lille.repair.nopol.NoPol - statement #12
10:45:14.188 [pool-2-thread-1] DEBUG fr.inria.lille.repair.nopol.NoPol - Analysing SourceLocation org.apache.jackrabbit.mongomk.impl.model.MongoNode:137 which is executed by 1 tests
338282743
10:45:14.408 [pool-2-thread-1] DEBUG fr.inria.lille.repair.nopol.NoPol - statement #13
10:45:14.408 [pool-2-thread-1] DEBUG fr.inria.lille.repair.nopol.NoPol - Analysing SourceLocation org.apache.jackrabbit.mongomk.impl.model.MongoNode:133 which is executed by 1 tests
338282743
10:45:14.595 [pool-2-thread-1] DEBUG fr.inria.lille.repair.nopol.NoPol - looking with class fr.inria.lille.repair.nopol.spoon.smt.ConditionalAdder
java.lang.AssertionError: expected:<1> but was:<2>
    at org.junit.Assert.fail(Assert.java:88)
    at org.junit.Assert.failNotEquals(Assert.java:743)
    at org.junit.Assert.assertEquals(Assert.java:118)
    at org.junit.Assert.assertEquals(Assert.java:555)
    at org.junit.Assert.assertEquals(Assert.java:542)
    at org.apache.jackrabbit.mongomk.impl.model.MongoNodeTest.copyOriginalNotChanged(MongoNodeTest.java:62)
10:45:14.604 [pool-12-thread-1] INFO  xxl.java.junit.TestCasesListener - Tests run finished (7 ms)
<> Total tests run: 1
<> Ignored tests: 0
<> Failed tests: 1
~ copyOriginalNotChanged(org.apache.jackrabbit.mongomk.impl.model.MongoNodeTest)
[expected:<1> but was:<2>]
java.lang.AssertionError: expected:<1> but was:<2>    at org.junit.Assert.fail(Assert.java:88)
    at org.junit.Assert.failNotEquals(Assert.java:743)
    at org.junit.Assert.assertEquals(Assert.java:118)
    at org.junit.Assert.assertEquals(Assert.java:555)
    at org.junit.Assert.assertEquals(Assert.java:542)
    at org.apache.jackrabbit.mongomk.impl.model.MongoNodeTest.copyOriginalNotChanged(MongoNodeTest.java:62)

java.lang.AssertionError: expected:<1> but was:<2>
    at org.junit.Assert.fail(Assert.java:88)
    at org.junit.Assert.failNotEquals(Assert.java:743)
    at org.junit.Assert.assertEquals(Assert.java:118)
    at org.junit.Assert.assertEquals(Assert.java:555)
    at org.junit.Assert.assertEquals(Assert.java:542)
    at org.apache.jackrabbit.mongomk.impl.model.MongoNodeTest.copyOriginalNotChanged(MongoNodeTest.java:62)
10:45:14.973 [pool-13-thread-1] INFO  f.i.l.c.t.SpecificationTestCasesListener - Tests run finished (7 ms)
<> Total tests run: 1
<> Ignored tests: 0
<> Failed tests: 1
~ copyOriginalNotChanged(org.apache.jackrabbit.mongomk.impl.model.MongoNodeTest)
[expected:<1> but was:<2>]
java.lang.AssertionError: expected:<1> but was:<2>    at org.junit.Assert.fail(Assert.java:88)
    at org.junit.Assert.failNotEquals(Assert.java:743)
    at org.junit.Assert.assertEquals(Assert.java:118)
    at org.junit.Assert.assertEquals(Assert.java:555)
    at org.junit.Assert.assertEquals(Assert.java:542)
    at org.apache.jackrabbit.mongomk.impl.model.MongoNodeTest.copyOriginalNotChanged(MongoNodeTest.java:62)

java.lang.AssertionError: expected:<1> but was:<2>
    at org.junit.Assert.fail(Assert.java:88)
    at org.junit.Assert.failNotEquals(Assert.java:743)
    at org.junit.Assert.assertEquals(Assert.java:118)
    at org.junit.Assert.assertEquals(Assert.java:555)
    at org.junit.Assert.assertEquals(Assert.java:542)
    at org.apache.jackrabbit.mongomk.impl.model.MongoNodeTest.copyOriginalNotChanged(MongoNodeTest.java:62)
10:45:14.974 [pool-14-thread-1] INFO  f.i.l.c.t.SpecificationTestCasesListener - Tests run finished (0 ms)
<> Total tests run: 1
<> Ignored tests: 0
<> Failed tests: 1
~ copyOriginalNotChanged(org.apache.jackrabbit.mongomk.impl.model.MongoNodeTest)
[expected:<1> but was:<2>]
java.lang.AssertionError: expected:<1> but was:<2>    at org.junit.Assert.fail(Assert.java:88)
    at org.junit.Assert.failNotEquals(Assert.java:743)
    at org.junit.Assert.assertEquals(Assert.java:118)
    at org.junit.Assert.assertEquals(Assert.java:555)
    at org.junit.Assert.assertEquals(Assert.java:542)
    at org.apache.jackrabbit.mongomk.impl.model.MongoNodeTest.copyOriginalNotChanged(MongoNodeTest.java:62)

10:45:14.975 [pool-11-thread-1] DEBUG tests.output - Failing tests with false: 
[copyOriginalNotChanged(org.apache.jackrabbit.mongomk.impl.model.MongoNodeTest): expected:<1> but was:<2>]
10:45:14.975 [pool-11-thread-1] DEBUG tests.output - Failing tests with true: 
[copyOriginalNotChanged(org.apache.jackrabbit.mongomk.impl.model.MongoNodeTest): expected:<1> but was:<2>]
10:45:14.975 [pool-11-thread-1] INFO  f.i.l.r.n.synth.SMTNopolSynthesizer - Not enough specifications: 0. A trivial patch is "true" or "false", please write new tests specifying SourceLocation org.apache.jackrabbit.mongomk.impl.model.MongoNode:133.
10:45:14.975 [pool-2-thread-1] DEBUG fr.inria.lille.repair.nopol.NoPol - statement #14
10:45:14.976 [pool-2-thread-1] DEBUG fr.inria.lille.repair.nopol.NoPol - Analysing SourceLocation org.apache.jackrabbit.mongomk.impl.model.MongoNode:132 which is executed by 1 tests
338282743
10:45:15.159 [pool-2-thread-1] DEBUG fr.inria.lille.repair.nopol.NoPol - looking with class fr.inria.lille.repair.nopol.spoon.smt.ConditionalAdder
java.lang.AssertionError: expected:<1> but was:<2>
    at org.junit.Assert.fail(Assert.java:88)
    at org.junit.Assert.failNotEquals(Assert.java:743)
    at org.junit.Assert.assertEquals(Assert.java:118)
    at org.junit.Assert.assertEquals(Assert.java:555)
    at org.junit.Assert.assertEquals(Assert.java:542)
    at org.apache.jackrabbit.mongomk.impl.model.MongoNodeTest.copyOriginalNotChanged(MongoNodeTest.java:62)
10:45:15.168 [pool-16-thread-1] INFO  xxl.java.junit.TestCasesListener - Tests run finished (7 ms)
<> Total tests run: 1
<> Ignored tests: 0
<> Failed tests: 1
~ copyOriginalNotChanged(org.apache.jackrabbit.mongomk.impl.model.MongoNodeTest)
[expected:<1> but was:<2>]
java.lang.AssertionError: expected:<1> but was:<2>    at org.junit.Assert.fail(Assert.java:88)
    at org.junit.Assert.failNotEquals(Assert.java:743)
    at org.junit.Assert.assertEquals(Assert.java:118)
    at org.junit.Assert.assertEquals(Assert.java:555)
    at org.junit.Assert.assertEquals(Assert.java:542)
    at org.apache.jackrabbit.mongomk.impl.model.MongoNodeTest.copyOriginalNotChanged(MongoNodeTest.java:62)

java.lang.AssertionError: expected:<1> but was:<2>
    at org.junit.Assert.fail(Assert.java:88)
    at org.junit.Assert.failNotEquals(Assert.java:743)
    at org.junit.Assert.assertEquals(Assert.java:118)
    at org.junit.Assert.assertEquals(Assert.java:555)
    at org.junit.Assert.assertEquals(Assert.java:542)
    at org.apache.jackrabbit.mongomk.impl.model.MongoNodeTest.copyOriginalNotChanged(MongoNodeTest.java:62)
10:45:15.571 [pool-17-thread-1] INFO  f.i.l.c.t.SpecificationTestCasesListener - Tests run finished (8 ms)
<> Total tests run: 1
<> Ignored tests: 0
<> Failed tests: 1
~ copyOriginalNotChanged(org.apache.jackrabbit.mongomk.impl.model.MongoNodeTest)
[expected:<1> but was:<2>]
java.lang.AssertionError: expected:<1> but was:<2>    at org.junit.Assert.fail(Assert.java:88)
    at org.junit.Assert.failNotEquals(Assert.java:743)
    at org.junit.Assert.assertEquals(Assert.java:118)
    at org.junit.Assert.assertEquals(Assert.java:555)
    at org.junit.Assert.assertEquals(Assert.java:542)
    at org.apache.jackrabbit.mongomk.impl.model.MongoNodeTest.copyOriginalNotChanged(MongoNodeTest.java:62)

java.lang.AssertionError: expected:<1> but was:<2>
    at org.junit.Assert.fail(Assert.java:88)
    at org.junit.Assert.failNotEquals(Assert.java:743)
    at org.junit.Assert.assertEquals(Assert.java:118)
    at org.junit.Assert.assertEquals(Assert.java:555)
    at org.junit.Assert.assertEquals(Assert.java:542)
    at org.apache.jackrabbit.mongomk.impl.model.MongoNodeTest.copyOriginalNotChanged(MongoNodeTest.java:62)
10:45:15.573 [pool-18-thread-1] INFO  f.i.l.c.t.SpecificationTestCasesListener - Tests run finished (0 ms)
<> Total tests run: 1
<> Ignored tests: 0
<> Failed tests: 1
~ copyOriginalNotChanged(org.apache.jackrabbit.mongomk.impl.model.MongoNodeTest)
[expected:<1> but was:<2>]
java.lang.AssertionError: expected:<1> but was:<2>    at org.junit.Assert.fail(Assert.java:88)
    at org.junit.Assert.failNotEquals(Assert.java:743)
    at org.junit.Assert.assertEquals(Assert.java:118)
    at org.junit.Assert.assertEquals(Assert.java:555)
    at org.junit.Assert.assertEquals(Assert.java:542)
    at org.apache.jackrabbit.mongomk.impl.model.MongoNodeTest.copyOriginalNotChanged(MongoNodeTest.java:62)

10:45:15.573 [pool-15-thread-1] DEBUG tests.output - Failing tests with false: 
[copyOriginalNotChanged(org.apache.jackrabbit.mongomk.impl.model.MongoNodeTest): expected:<1> but was:<2>]
10:45:15.573 [pool-15-thread-1] DEBUG tests.output - Failing tests with true: 
[copyOriginalNotChanged(org.apache.jackrabbit.mongomk.impl.model.MongoNodeTest): expected:<1> but was:<2>]
10:45:15.573 [pool-15-thread-1] INFO  f.i.l.r.n.synth.SMTNopolSynthesizer - Not enough specifications: 0. A trivial patch is "true" or "false", please write new tests specifying SourceLocation org.apache.jackrabbit.mongomk.impl.model.MongoNode:132.
10:45:15.573 [pool-2-thread-1] DEBUG fr.inria.lille.repair.nopol.NoPol - looking with class fr.inria.lille.repair.nopol.spoon.smt.ConditionalReplacer
java.lang.AssertionError: expected:<1> but was:<2>
    at org.junit.Assert.fail(Assert.java:88)
    at org.junit.Assert.failNotEquals(Assert.java:743)
    at org.junit.Assert.assertEquals(Assert.java:118)
    at org.junit.Assert.assertEquals(Assert.java:555)
    at org.junit.Assert.assertEquals(Assert.java:542)
    at org.apache.jackrabbit.mongomk.impl.model.MongoNodeTest.copyOriginalNotChanged(MongoNodeTest.java:62)
10:45:15.582 [pool-20-thread-1] INFO  xxl.java.junit.TestCasesListener - Tests run finished (7 ms)
<> Total tests run: 1
<> Ignored tests: 0
<> Failed tests: 1
~ copyOriginalNotChanged(org.apache.jackrabbit.mongomk.impl.model.MongoNodeTest)
[expected:<1> but was:<2>]
java.lang.AssertionError: expected:<1> but was:<2>    at org.junit.Assert.fail(Assert.java:88)
    at org.junit.Assert.failNotEquals(Assert.java:743)
    at org.junit.Assert.assertEquals(Assert.java:118)
    at org.junit.Assert.assertEquals(Assert.java:555)
    at org.junit.Assert.assertEquals(Assert.java:542)
    at org.apache.jackrabbit.mongomk.impl.model.MongoNodeTest.copyOriginalNotChanged(MongoNodeTest.java:62)

java.lang.AssertionError: expected:<1> but was:<2>
    at org.junit.Assert.fail(Assert.java:88)
    at org.junit.Assert.failNotEquals(Assert.java:743)
    at org.junit.Assert.assertEquals(Assert.java:118)
    at org.junit.Assert.assertEquals(Assert.java:555)
    at org.junit.Assert.assertEquals(Assert.java:542)
    at org.apache.jackrabbit.mongomk.impl.model.MongoNodeTest.copyOriginalNotChanged(MongoNodeTest.java:62)
10:45:15.966 [pool-21-thread-1] INFO  f.i.l.c.t.SpecificationTestCasesListener - Tests run finished (6 ms)
<> Total tests run: 1
<> Ignored tests: 0
<> Failed tests: 1
~ copyOriginalNotChanged(org.apache.jackrabbit.mongomk.impl.model.MongoNodeTest)
[expected:<1> but was:<2>]
java.lang.AssertionError: expected:<1> but was:<2>    at org.junit.Assert.fail(Assert.java:88)
    at org.junit.Assert.failNotEquals(Assert.java:743)
    at org.junit.Assert.assertEquals(Assert.java:118)
    at org.junit.Assert.assertEquals(Assert.java:555)
    at org.junit.Assert.assertEquals(Assert.java:542)
    at org.apache.jackrabbit.mongomk.impl.model.MongoNodeTest.copyOriginalNotChanged(MongoNodeTest.java:62)

java.lang.AssertionError: expected:<1> but was:<2>
    at org.junit.Assert.fail(Assert.java:88)
    at org.junit.Assert.failNotEquals(Assert.java:743)
    at org.junit.Assert.assertEquals(Assert.java:118)
    at org.junit.Assert.assertEquals(Assert.java:555)
    at org.junit.Assert.assertEquals(Assert.java:542)
    at org.apache.jackrabbit.mongomk.impl.model.MongoNodeTest.copyOriginalNotChanged(MongoNodeTest.java:62)
10:45:15.971 [pool-22-thread-1] INFO  f.i.l.c.t.SpecificationTestCasesListener - Tests run finished (1 ms)
<> Total tests run: 1
<> Ignored tests: 0
<> Failed tests: 1
~ copyOriginalNotChanged(org.apache.jackrabbit.mongomk.impl.model.MongoNodeTest)
[expected:<1> but was:<2>]
java.lang.AssertionError: expected:<1> but was:<2>    at org.junit.Assert.fail(Assert.java:88)
    at org.junit.Assert.failNotEquals(Assert.java:743)
    at org.junit.Assert.assertEquals(Assert.java:118)
    at org.junit.Assert.assertEquals(Assert.java:555)
    at org.junit.Assert.assertEquals(Assert.java:542)
    at org.apache.jackrabbit.mongomk.impl.model.MongoNodeTest.copyOriginalNotChanged(MongoNodeTest.java:62)

10:45:15.972 [pool-19-thread-1] DEBUG tests.output - Failing tests with false: 
[copyOriginalNotChanged(org.apache.jackrabbit.mongomk.impl.model.MongoNodeTest): expected:<1> but was:<2>]
10:45:15.972 [pool-19-thread-1] DEBUG tests.output - Failing tests with true: 
[copyOriginalNotChanged(org.apache.jackrabbit.mongomk.impl.model.MongoNodeTest): expected:<1> but was:<2>]
10:45:15.973 [pool-19-thread-1] INFO  f.i.l.r.n.synth.SMTNopolSynthesizer - Not enough specifications: 0. A trivial patch is "true" or "false", please write new tests specifying SourceLocation org.apache.jackrabbit.mongomk.impl.model.MongoNode:132.
10:45:15.973 [pool-2-thread-1] DEBUG fr.inria.lille.repair.nopol.NoPol - statement #15
10:45:15.973 [pool-2-thread-1] DEBUG fr.inria.lille.repair.nopol.NoPol - Analysing SourceLocation org.apache.jackrabbit.mongomk.impl.model.MongoNode:128 which is executed by 1 tests
338282743
10:45:16.153 [pool-2-thread-1] DEBUG fr.inria.lille.repair.nopol.NoPol - statement #16
10:45:16.154 [pool-2-thread-1] DEBUG fr.inria.lille.repair.nopol.NoPol - Analysing SourceLocation org.apache.jackrabbit.mongomk.impl.model.MongoNode:127 which is executed by 1 tests
338282743
10:45:16.334 [pool-2-thread-1] DEBUG fr.inria.lille.repair.nopol.NoPol - statement #17
10:45:16.334 [pool-2-thread-1] DEBUG fr.inria.lille.repair.nopol.NoPol - Analysing SourceLocation org.apache.jackrabbit.mongomk.impl.model.MongoNode:123 which is executed by 1 tests
338282743
10:45:16.514 [pool-2-thread-1] DEBUG fr.inria.lille.repair.nopol.NoPol - statement #18
10:45:16.515 [pool-2-thread-1] DEBUG fr.inria.lille.repair.nopol.NoPol - Analysing SourceLocation org.apache.jackrabbit.mongomk.impl.model.MongoNode:122 which is executed by 1 tests
338282743
10:45:16.696 [pool-2-thread-1] DEBUG fr.inria.lille.repair.nopol.NoPol - looking with class fr.inria.lille.repair.nopol.spoon.smt.ConditionalAdder
java.lang.AssertionError: expected:<1> but was:<2>
    at org.junit.Assert.fail(Assert.java:88)
    at org.junit.Assert.failNotEquals(Assert.java:743)
    at org.junit.Assert.assertEquals(Assert.java:118)
    at org.junit.Assert.assertEquals(Assert.java:555)
    at org.junit.Assert.assertEquals(Assert.java:542)
    at org.apache.jackrabbit.mongomk.impl.model.MongoNodeTest.copyOriginalNotChanged(MongoNodeTest.java:62)
10:45:16.704 [pool-24-thread-1] INFO  xxl.java.junit.TestCasesListener - Tests run finished (6 ms)
<> Total tests run: 1
<> Ignored tests: 0
<> Failed tests: 1
~ copyOriginalNotChanged(org.apache.jackrabbit.mongomk.impl.model.MongoNodeTest)
[expected:<1> but was:<2>]
java.lang.AssertionError: expected:<1> but was:<2>    at org.junit.Assert.fail(Assert.java:88)
    at org.junit.Assert.failNotEquals(Assert.java:743)
    at org.junit.Assert.assertEquals(Assert.java:118)
    at org.junit.Assert.assertEquals(Assert.java:555)
    at org.junit.Assert.assertEquals(Assert.java:542)
    at org.apache.jackrabbit.mongomk.impl.model.MongoNodeTest.copyOriginalNotChanged(MongoNodeTest.java:62)

java.lang.AssertionError: expected:<1> but was:<2>
    at org.junit.Assert.fail(Assert.java:88)
    at org.junit.Assert.failNotEquals(Assert.java:743)
    at org.junit.Assert.assertEquals(Assert.java:118)
    at org.junit.Assert.assertEquals(Assert.java:555)
    at org.junit.Assert.assertEquals(Assert.java:542)
    at org.apache.jackrabbit.mongomk.impl.model.MongoNodeTest.copyOriginalNotChanged(MongoNodeTest.java:62)
10:45:17.067 [pool-25-thread-1] INFO  f.i.l.c.t.SpecificationTestCasesListener - Tests run finished (6 ms)
<> Total tests run: 1
<> Ignored tests: 0
<> Failed tests: 1
~ copyOriginalNotChanged(org.apache.jackrabbit.mongomk.impl.model.MongoNodeTest)
[expected:<1> but was:<2>]
java.lang.AssertionError: expected:<1> but was:<2>    at org.junit.Assert.fail(Assert.java:88)
    at org.junit.Assert.failNotEquals(Assert.java:743)
    at org.junit.Assert.assertEquals(Assert.java:118)
    at org.junit.Assert.assertEquals(Assert.java:555)
    at org.junit.Assert.assertEquals(Assert.java:542)
    at org.apache.jackrabbit.mongomk.impl.model.MongoNodeTest.copyOriginalNotChanged(MongoNodeTest.java:62)

java.lang.AssertionError: expected:<1> but was:<2>
    at org.junit.Assert.fail(Assert.java:88)
    at org.junit.Assert.failNotEquals(Assert.java:743)
    at org.junit.Assert.assertEquals(Assert.java:118)
    at org.junit.Assert.assertEquals(Assert.java:555)
    at org.junit.Assert.assertEquals(Assert.java:542)
    at org.apache.jackrabbit.mongomk.impl.model.MongoNodeTest.copyOriginalNotChanged(MongoNodeTest.java:62)
10:45:17.069 [pool-26-thread-1] INFO  f.i.l.c.t.SpecificationTestCasesListener - Tests run finished (1 ms)
<> Total tests run: 1
<> Ignored tests: 0
<> Failed tests: 1
~ copyOriginalNotChanged(org.apache.jackrabbit.mongomk.impl.model.MongoNodeTest)
[expected:<1> but was:<2>]
java.lang.AssertionError: expected:<1> but was:<2>    at org.junit.Assert.fail(Assert.java:88)
    at org.junit.Assert.failNotEquals(Assert.java:743)
    at org.junit.Assert.assertEquals(Assert.java:118)
    at org.junit.Assert.assertEquals(Assert.java:555)
    at org.junit.Assert.assertEquals(Assert.java:542)
    at org.apache.jackrabbit.mongomk.impl.model.MongoNodeTest.copyOriginalNotChanged(MongoNodeTest.java:62)

10:45:17.070 [pool-23-thread-1] DEBUG tests.output - Failing tests with false: 
[copyOriginalNotChanged(org.apache.jackrabbit.mongomk.impl.model.MongoNodeTest): expected:<1> but was:<2>]
10:45:17.070 [pool-23-thread-1] DEBUG tests.output - Failing tests with true: 
[copyOriginalNotChanged(org.apache.jackrabbit.mongomk.impl.model.MongoNodeTest): expected:<1> but was:<2>]
10:45:17.070 [pool-23-thread-1] INFO  f.i.l.r.n.synth.SMTNopolSynthesizer - Not enough specifications: 0. A trivial patch is "true" or "false", please write new tests specifying SourceLocation org.apache.jackrabbit.mongomk.impl.model.MongoNode:122.
10:45:17.070 [pool-2-thread-1] DEBUG fr.inria.lille.repair.nopol.NoPol - statement #19
10:45:17.070 [pool-2-thread-1] DEBUG fr.inria.lille.repair.nopol.NoPol - Analysing SourceLocation org.apache.jackrabbit.mongomk.impl.model.MongoNode:115 which is executed by 1 tests
338282743
10:45:17.306 [pool-2-thread-1] DEBUG fr.inria.lille.repair.nopol.NoPol - statement #20
10:45:17.306 [pool-2-thread-1] DEBUG fr.inria.lille.repair.nopol.NoPol - Analysing SourceLocation org.apache.jackrabbit.mongomk.impl.model.MongoNode:113 which is executed by 1 tests
338282743
10:45:17.483 [pool-2-thread-1] DEBUG fr.inria.lille.repair.nopol.NoPol - looking with class fr.inria.lille.repair.nopol.spoon.smt.ConditionalAdder
java.lang.AssertionError: expected:<1> but was:<2>
    at org.junit.Assert.fail(Assert.java:88)
    at org.junit.Assert.failNotEquals(Assert.java:743)
    at org.junit.Assert.assertEquals(Assert.java:118)
    at org.junit.Assert.assertEquals(Assert.java:555)
    at org.junit.Assert.assertEquals(Assert.java:542)
    at org.apache.jackrabbit.mongomk.impl.model.MongoNodeTest.copyOriginalNotChanged(MongoNodeTest.java:62)
10:45:17.492 [pool-28-thread-1] INFO  xxl.java.junit.TestCasesListener - Tests run finished (7 ms)
<> Total tests run: 1
<> Ignored tests: 0
<> Failed tests: 1
~ copyOriginalNotChanged(org.apache.jackrabbit.mongomk.impl.model.MongoNodeTest)
[expected:<1> but was:<2>]
java.lang.AssertionError: expected:<1> but was:<2>    at org.junit.Assert.fail(Assert.java:88)
    at org.junit.Assert.failNotEquals(Assert.java:743)
    at org.junit.Assert.assertEquals(Assert.java:118)
    at org.junit.Assert.assertEquals(Assert.java:555)
    at org.junit.Assert.assertEquals(Assert.java:542)
    at org.apache.jackrabbit.mongomk.impl.model.MongoNodeTest.copyOriginalNotChanged(MongoNodeTest.java:62)

java.lang.AssertionError: expected:<1> but was:<2>
    at org.junit.Assert.fail(Assert.java:88)
    at org.junit.Assert.failNotEquals(Assert.java:743)
    at org.junit.Assert.assertEquals(Assert.java:118)
    at org.junit.Assert.assertEquals(Assert.java:555)
    at org.junit.Assert.assertEquals(Assert.java:542)
    at org.apache.jackrabbit.mongomk.impl.model.MongoNodeTest.copyOriginalNotChanged(MongoNodeTest.java:62)
10:45:17.809 [pool-29-thread-1] INFO  f.i.l.c.t.SpecificationTestCasesListener - Tests run finished (6 ms)
<> Total tests run: 1
<> Ignored tests: 0
<> Failed tests: 1
~ copyOriginalNotChanged(org.apache.jackrabbit.mongomk.impl.model.MongoNodeTest)
[expected:<1> but was:<2>]
java.lang.AssertionError: expected:<1> but was:<2>    at org.junit.Assert.fail(Assert.java:88)
    at org.junit.Assert.failNotEquals(Assert.java:743)
    at org.junit.Assert.assertEquals(Assert.java:118)
    at org.junit.Assert.assertEquals(Assert.java:555)
    at org.junit.Assert.assertEquals(Assert.java:542)
    at org.apache.jackrabbit.mongomk.impl.model.MongoNodeTest.copyOriginalNotChanged(MongoNodeTest.java:62)

java.lang.AssertionError: expected:<1> but was:<2>
    at org.junit.Assert.fail(Assert.java:88)
    at org.junit.Assert.failNotEquals(Assert.java:743)
    at org.junit.Assert.assertEquals(Assert.java:118)
    at org.junit.Assert.assertEquals(Assert.java:555)
    at org.junit.Assert.assertEquals(Assert.java:542)
    at org.apache.jackrabbit.mongomk.impl.model.MongoNodeTest.copyOriginalNotChanged(MongoNodeTest.java:62)
10:45:17.810 [pool-30-thread-1] INFO  f.i.l.c.t.SpecificationTestCasesListener - Tests run finished (0 ms)
<> Total tests run: 1
<> Ignored tests: 0
<> Failed tests: 1
~ copyOriginalNotChanged(org.apache.jackrabbit.mongomk.impl.model.MongoNodeTest)
[expected:<1> but was:<2>]
java.lang.AssertionError: expected:<1> but was:<2>    at org.junit.Assert.fail(Assert.java:88)
    at org.junit.Assert.failNotEquals(Assert.java:743)
    at org.junit.Assert.assertEquals(Assert.java:118)
    at org.junit.Assert.assertEquals(Assert.java:555)
    at org.junit.Assert.assertEquals(Assert.java:542)
    at org.apache.jackrabbit.mongomk.impl.model.MongoNodeTest.copyOriginalNotChanged(MongoNodeTest.java:62)

10:45:17.811 [pool-27-thread-1] DEBUG tests.output - Failing tests with false: 
[copyOriginalNotChanged(org.apache.jackrabbit.mongomk.impl.model.MongoNodeTest): expected:<1> but was:<2>]
10:45:17.811 [pool-27-thread-1] DEBUG tests.output - Failing tests with true: 
[copyOriginalNotChanged(org.apache.jackrabbit.mongomk.impl.model.MongoNodeTest): expected:<1> but was:<2>]
10:45:17.811 [pool-27-thread-1] INFO  f.i.l.r.n.synth.SMTNopolSynthesizer - Not enough specifications: 0. A trivial patch is "true" or "false", please write new tests specifying SourceLocation org.apache.jackrabbit.mongomk.impl.model.MongoNode:113.
10:45:17.811 [pool-2-thread-1] DEBUG fr.inria.lille.repair.nopol.NoPol - statement #21
10:45:17.811 [pool-2-thread-1] DEBUG fr.inria.lille.repair.nopol.NoPol - Analysing SourceLocation org.apache.jackrabbit.mongomk.impl.model.MongoNode:111 which is executed by 1 tests
338282743
10:45:17.986 [pool-2-thread-1] DEBUG fr.inria.lille.repair.nopol.NoPol - looking with class fr.inria.lille.repair.nopol.spoon.smt.ConditionalAdder
java.lang.AssertionError: expected:<1> but was:<2>
    at org.junit.Assert.fail(Assert.java:88)
    at org.junit.Assert.failNotEquals(Assert.java:743)
    at org.junit.Assert.assertEquals(Assert.java:118)
    at org.junit.Assert.assertEquals(Assert.java:555)
    at org.junit.Assert.assertEquals(Assert.java:542)
    at org.apache.jackrabbit.mongomk.impl.model.MongoNodeTest.copyOriginalNotChanged(MongoNodeTest.java:62)
10:45:17.994 [pool-32-thread-1] INFO  xxl.java.junit.TestCasesListener - Tests run finished (6 ms)
<> Total tests run: 1
<> Ignored tests: 0
<> Failed tests: 1
~ copyOriginalNotChanged(org.apache.jackrabbit.mongomk.impl.model.MongoNodeTest)
[expected:<1> but was:<2>]
java.lang.AssertionError: expected:<1> but was:<2>    at org.junit.Assert.fail(Assert.java:88)
    at org.junit.Assert.failNotEquals(Assert.java:743)
    at org.junit.Assert.assertEquals(Assert.java:118)
    at org.junit.Assert.assertEquals(Assert.java:555)
    at org.junit.Assert.assertEquals(Assert.java:542)
    at org.apache.jackrabbit.mongomk.impl.model.MongoNodeTest.copyOriginalNotChanged(MongoNodeTest.java:62)

java.lang.AssertionError: expected:<1> but was:<2>
    at org.junit.Assert.fail(Assert.java:88)
    at org.junit.Assert.failNotEquals(Assert.java:743)
    at org.junit.Assert.assertEquals(Assert.java:118)
    at org.junit.Assert.assertEquals(Assert.java:555)
    at org.junit.Assert.assertEquals(Assert.java:542)
    at org.apache.jackrabbit.mongomk.impl.model.MongoNodeTest.copyOriginalNotChanged(MongoNodeTest.java:62)
10:45:18.301 [pool-33-thread-1] INFO  f.i.l.c.t.SpecificationTestCasesListener - Tests run finished (6 ms)
<> Total tests run: 1
<> Ignored tests: 0
<> Failed tests: 1
~ copyOriginalNotChanged(org.apache.jackrabbit.mongomk.impl.model.MongoNodeTest)
[expected:<1> but was:<2>]
java.lang.AssertionError: expected:<1> but was:<2>    at org.junit.Assert.fail(Assert.java:88)
    at org.junit.Assert.failNotEquals(Assert.java:743)
    at org.junit.Assert.assertEquals(Assert.java:118)
    at org.junit.Assert.assertEquals(Assert.java:555)
    at org.junit.Assert.assertEquals(Assert.java:542)
    at org.apache.jackrabbit.mongomk.impl.model.MongoNodeTest.copyOriginalNotChanged(MongoNodeTest.java:62)

java.lang.AssertionError: expected:<1> but was:<2>
    at org.junit.Assert.fail(Assert.java:88)
    at org.junit.Assert.failNotEquals(Assert.java:743)
    at org.junit.Assert.assertEquals(Assert.java:118)
    at org.junit.Assert.assertEquals(Assert.java:555)
    at org.junit.Assert.assertEquals(Assert.java:542)
    at org.apache.jackrabbit.mongomk.impl.model.MongoNodeTest.copyOriginalNotChanged(MongoNodeTest.java:62)
10:45:18.303 [pool-34-thread-1] INFO  f.i.l.c.t.SpecificationTestCasesListener - Tests run finished (1 ms)
<> Total tests run: 1
<> Ignored tests: 0
<> Failed tests: 1
~ copyOriginalNotChanged(org.apache.jackrabbit.mongomk.impl.model.MongoNodeTest)
[expected:<1> but was:<2>]
java.lang.AssertionError: expected:<1> but was:<2>    at org.junit.Assert.fail(Assert.java:88)
    at org.junit.Assert.failNotEquals(Assert.java:743)
    at org.junit.Assert.assertEquals(Assert.java:118)
    at org.junit.Assert.assertEquals(Assert.java:555)
    at org.junit.Assert.assertEquals(Assert.java:542)
    at org.apache.jackrabbit.mongomk.impl.model.MongoNodeTest.copyOriginalNotChanged(MongoNodeTest.java:62)

10:45:18.304 [pool-31-thread-1] DEBUG tests.output - Failing tests with false: 
[copyOriginalNotChanged(org.apache.jackrabbit.mongomk.impl.model.MongoNodeTest): expected:<1> but was:<2>]
10:45:18.304 [pool-31-thread-1] DEBUG tests.output - Failing tests with true: 
[copyOriginalNotChanged(org.apache.jackrabbit.mongomk.impl.model.MongoNodeTest): expected:<1> but was:<2>]
10:45:18.304 [pool-31-thread-1] INFO  f.i.l.r.n.synth.SMTNopolSynthesizer - Not enough specifications: 0. A trivial patch is "true" or "false", please write new tests specifying SourceLocation org.apache.jackrabbit.mongomk.impl.model.MongoNode:111.
10:45:18.304 [pool-2-thread-1] DEBUG fr.inria.lille.repair.nopol.NoPol - statement #22
10:45:18.304 [pool-2-thread-1] DEBUG fr.inria.lille.repair.nopol.NoPol - Analysing SourceLocation org.apache.jackrabbit.mongomk.impl.model.MongoNode:110 which is executed by 1 tests
338282743
10:45:18.479 [pool-2-thread-1] DEBUG fr.inria.lille.repair.nopol.NoPol - looking with class fr.inria.lille.repair.nopol.spoon.smt.ConditionalAdder
java.lang.AssertionError: expected:<1> but was:<2>
    at org.junit.Assert.fail(Assert.java:88)
    at org.junit.Assert.failNotEquals(Assert.java:743)
    at org.junit.Assert.assertEquals(Assert.java:118)
    at org.junit.Assert.assertEquals(Assert.java:555)
    at org.junit.Assert.assertEquals(Assert.java:542)
    at org.apache.jackrabbit.mongomk.impl.model.MongoNodeTest.copyOriginalNotChanged(MongoNodeTest.java:62)
10:45:18.486 [pool-36-thread-1] INFO  xxl.java.junit.TestCasesListener - Tests run finished (6 ms)
<> Total tests run: 1
<> Ignored tests: 0
<> Failed tests: 1
~ copyOriginalNotChanged(org.apache.jackrabbit.mongomk.impl.model.MongoNodeTest)
[expected:<1> but was:<2>]
java.lang.AssertionError: expected:<1> but was:<2>    at org.junit.Assert.fail(Assert.java:88)
    at org.junit.Assert.failNotEquals(Assert.java:743)
    at org.junit.Assert.assertEquals(Assert.java:118)
    at org.junit.Assert.assertEquals(Assert.java:555)
    at org.junit.Assert.assertEquals(Assert.java:542)
    at org.apache.jackrabbit.mongomk.impl.model.MongoNodeTest.copyOriginalNotChanged(MongoNodeTest.java:62)

java.lang.AssertionError: expected:<1> but was:<2>
    at org.junit.Assert.fail(Assert.java:88)
    at org.junit.Assert.failNotEquals(Assert.java:743)
    at org.junit.Assert.assertEquals(Assert.java:118)
    at org.junit.Assert.assertEquals(Assert.java:555)
    at org.junit.Assert.assertEquals(Assert.java:542)
    at org.apache.jackrabbit.mongomk.impl.model.MongoNodeTest.copyOriginalNotChanged(MongoNodeTest.java:62)
10:45:18.858 [pool-37-thread-1] INFO  f.i.l.c.t.SpecificationTestCasesListener - Tests run finished (7 ms)
<> Total tests run: 1
<> Ignored tests: 0
<> Failed tests: 1
~ copyOriginalNotChanged(org.apache.jackrabbit.mongomk.impl.model.MongoNodeTest)
[expected:<1> but was:<2>]
java.lang.AssertionError: expected:<1> but was:<2>    at org.junit.Assert.fail(Assert.java:88)
    at org.junit.Assert.failNotEquals(Assert.java:743)
    at org.junit.Assert.assertEquals(Assert.java:118)
    at org.junit.Assert.assertEquals(Assert.java:555)
    at org.junit.Assert.assertEquals(Assert.java:542)
    at org.apache.jackrabbit.mongomk.impl.model.MongoNodeTest.copyOriginalNotChanged(MongoNodeTest.java:62)

java.lang.AssertionError: expected:<1> but was:<2>
    at org.junit.Assert.fail(Assert.java:88)
    at org.junit.Assert.failNotEquals(Assert.java:743)
    at org.junit.Assert.assertEquals(Assert.java:118)
    at org.junit.Assert.assertEquals(Assert.java:555)
    at org.junit.Assert.assertEquals(Assert.java:542)
    at org.apache.jackrabbit.mongomk.impl.model.MongoNodeTest.copyOriginalNotChanged(MongoNodeTest.java:62)
10:45:18.862 [pool-38-thread-1] INFO  f.i.l.c.t.SpecificationTestCasesListener - Tests run finished (1 ms)
<> Total tests run: 1
<> Ignored tests: 0
<> Failed tests: 1
~ copyOriginalNotChanged(org.apache.jackrabbit.mongomk.impl.model.MongoNodeTest)
[expected:<1> but was:<2>]
java.lang.AssertionError: expected:<1> but was:<2>    at org.junit.Assert.fail(Assert.java:88)
    at org.junit.Assert.failNotEquals(Assert.java:743)
    at org.junit.Assert.assertEquals(Assert.java:118)
    at org.junit.Assert.assertEquals(Assert.java:555)
    at org.junit.Assert.assertEquals(Assert.java:542)
    at org.apache.jackrabbit.mongomk.impl.model.MongoNodeTest.copyOriginalNotChanged(MongoNodeTest.java:62)

10:45:18.864 [pool-35-thread-1] DEBUG tests.output - Failing tests with false: 
[copyOriginalNotChanged(org.apache.jackrabbit.mongomk.impl.model.MongoNodeTest): expected:<1> but was:<2>]
10:45:18.864 [pool-35-thread-1] DEBUG tests.output - Failing tests with true: 
[copyOriginalNotChanged(org.apache.jackrabbit.mongomk.impl.model.MongoNodeTest): expected:<1> but was:<2>]
10:45:18.864 [pool-35-thread-1] INFO  f.i.l.r.n.synth.SMTNopolSynthesizer - Not enough specifications: 0. A trivial patch is "true" or "false", please write new tests specifying SourceLocation org.apache.jackrabbit.mongomk.impl.model.MongoNode:110.
10:45:18.864 [pool-2-thread-1] DEBUG fr.inria.lille.repair.nopol.NoPol - looking with class fr.inria.lille.repair.nopol.spoon.smt.ConditionalReplacer
java.lang.AssertionError: expected:<1> but was:<2>
    at org.junit.Assert.fail(Assert.java:88)
    at org.junit.Assert.failNotEquals(Assert.java:743)
    at org.junit.Assert.assertEquals(Assert.java:118)
    at org.junit.Assert.assertEquals(Assert.java:555)
    at org.junit.Assert.assertEquals(Assert.java:542)
    at org.apache.jackrabbit.mongomk.impl.model.MongoNodeTest.copyOriginalNotChanged(MongoNodeTest.java:62)
10:45:18.872 [pool-40-thread-1] INFO  xxl.java.junit.TestCasesListener - Tests run finished (6 ms)
<> Total tests run: 1
<> Ignored tests: 0
<> Failed tests: 1
~ copyOriginalNotChanged(org.apache.jackrabbit.mongomk.impl.model.MongoNodeTest)
[expected:<1> but was:<2>]
java.lang.AssertionError: expected:<1> but was:<2>    at org.junit.Assert.fail(Assert.java:88)
    at org.junit.Assert.failNotEquals(Assert.java:743)
    at org.junit.Assert.assertEquals(Assert.java:118)
    at org.junit.Assert.assertEquals(Assert.java:555)
    at org.junit.Assert.assertEquals(Assert.java:542)
    at org.apache.jackrabbit.mongomk.impl.model.MongoNodeTest.copyOriginalNotChanged(MongoNodeTest.java:62)

java.lang.AssertionError: expected:<1> but was:<2>
    at org.junit.Assert.fail(Assert.java:88)
    at org.junit.Assert.failNotEquals(Assert.java:743)
    at org.junit.Assert.assertEquals(Assert.java:118)
    at org.junit.Assert.assertEquals(Assert.java:555)
    at org.junit.Assert.assertEquals(Assert.java:542)
    at org.apache.jackrabbit.mongomk.impl.model.MongoNodeTest.copyOriginalNotChanged(MongoNodeTest.java:62)
10:45:19.237 [pool-41-thread-1] INFO  f.i.l.c.t.SpecificationTestCasesListener - Tests run finished (7 ms)
<> Total tests run: 1
<> Ignored tests: 0
<> Failed tests: 1
~ copyOriginalNotChanged(org.apache.jackrabbit.mongomk.impl.model.MongoNodeTest)
[expected:<1> but was:<2>]
java.lang.AssertionError: expected:<1> but was:<2>    at org.junit.Assert.fail(Assert.java:88)
    at org.junit.Assert.failNotEquals(Assert.java:743)
    at org.junit.Assert.assertEquals(Assert.java:118)
    at org.junit.Assert.assertEquals(Assert.java:555)
    at org.junit.Assert.assertEquals(Assert.java:542)
    at org.apache.jackrabbit.mongomk.impl.model.MongoNodeTest.copyOriginalNotChanged(MongoNodeTest.java:62)

java.lang.AssertionError: expected:<1> but was:<2>
    at org.junit.Assert.fail(Assert.java:88)
    at org.junit.Assert.failNotEquals(Assert.java:743)
    at org.junit.Assert.assertEquals(Assert.java:118)
    at org.junit.Assert.assertEquals(Assert.java:555)
    at org.junit.Assert.assertEquals(Assert.java:542)
    at org.apache.jackrabbit.mongomk.impl.model.MongoNodeTest.copyOriginalNotChanged(MongoNodeTest.java:62)
10:45:19.242 [pool-42-thread-1] INFO  f.i.l.c.t.SpecificationTestCasesListener - Tests run finished (1 ms)
<> Total tests run: 1
<> Ignored tests: 0
<> Failed tests: 1
~ copyOriginalNotChanged(org.apache.jackrabbit.mongomk.impl.model.MongoNodeTest)
[expected:<1> but was:<2>]
java.lang.AssertionError: expected:<1> but was:<2>    at org.junit.Assert.fail(Assert.java:88)
    at org.junit.Assert.failNotEquals(Assert.java:743)
    at org.junit.Assert.assertEquals(Assert.java:118)
    at org.junit.Assert.assertEquals(Assert.java:555)
    at org.junit.Assert.assertEquals(Assert.java:542)
    at org.apache.jackrabbit.mongomk.impl.model.MongoNodeTest.copyOriginalNotChanged(MongoNodeTest.java:62)

10:45:19.242 [pool-39-thread-1] DEBUG tests.output - Failing tests with false: 
[copyOriginalNotChanged(org.apache.jackrabbit.mongomk.impl.model.MongoNodeTest): expected:<1> but was:<2>]
10:45:19.242 [pool-39-thread-1] DEBUG tests.output - Failing tests with true: 
[copyOriginalNotChanged(org.apache.jackrabbit.mongomk.impl.model.MongoNodeTest): expected:<1> but was:<2>]
10:45:19.242 [pool-39-thread-1] INFO  f.i.l.r.n.synth.SMTNopolSynthesizer - Not enough specifications: 0. A trivial patch is "true" or "false", please write new tests specifying SourceLocation org.apache.jackrabbit.mongomk.impl.model.MongoNode:110.
10:45:19.242 [pool-2-thread-1] DEBUG fr.inria.lille.repair.nopol.NoPol - statement #23
10:45:19.242 [pool-2-thread-1] DEBUG fr.inria.lille.repair.nopol.NoPol - Analysing SourceLocation org.apache.jackrabbit.mongomk.impl.model.MongoNode:103 which is executed by 1 tests
338282743
10:45:19.454 [pool-2-thread-1] DEBUG fr.inria.lille.repair.nopol.NoPol - statement #24
10:45:19.454 [pool-2-thread-1] DEBUG fr.inria.lille.repair.nopol.NoPol - Analysing SourceLocation org.apache.jackrabbit.mongomk.impl.model.MongoNode:99 which is executed by 1 tests
338282743
10:45:19.625 [pool-2-thread-1] DEBUG fr.inria.lille.repair.nopol.NoPol - looking with class fr.inria.lille.repair.nopol.spoon.smt.ConditionalAdder
java.lang.AssertionError: expected:<1> but was:<2>
    at org.junit.Assert.fail(Assert.java:88)
    at org.junit.Assert.failNotEquals(Assert.java:743)
    at org.junit.Assert.assertEquals(Assert.java:118)
    at org.junit.Assert.assertEquals(Assert.java:555)
    at org.junit.Assert.assertEquals(Assert.java:542)
    at org.apache.jackrabbit.mongomk.impl.model.MongoNodeTest.copyOriginalNotChanged(MongoNodeTest.java:62)
10:45:19.633 [pool-44-thread-1] INFO  xxl.java.junit.TestCasesListener - Tests run finished (6 ms)
<> Total tests run: 1
<> Ignored tests: 0
<> Failed tests: 1
~ copyOriginalNotChanged(org.apache.jackrabbit.mongomk.impl.model.MongoNodeTest)
[expected:<1> but was:<2>]
java.lang.AssertionError: expected:<1> but was:<2>    at org.junit.Assert.fail(Assert.java:88)
    at org.junit.Assert.failNotEquals(Assert.java:743)
    at org.junit.Assert.assertEquals(Assert.java:118)
    at org.junit.Assert.assertEquals(Assert.java:555)
    at org.junit.Assert.assertEquals(Assert.java:542)
    at org.apache.jackrabbit.mongomk.impl.model.MongoNodeTest.copyOriginalNotChanged(MongoNodeTest.java:62)

java.lang.NullPointerException
    at org.apache.jackrabbit.mongomk.impl.model.MongoNodeTest.copyOriginalNotChanged(MongoNodeTest.java:51)
    at sun.reflect.NativeMethodAccessorImpl.invoke0(Native Method)
    at sun.reflect.NativeMethodAccessorImpl.invoke(NativeMethodAccessorImpl.java:62)
    at sun.reflect.DelegatingMethodAccessorImpl.invoke(DelegatingMethodAccessorImpl.java:43)
    at java.lang.reflect.Method.invoke(Method.java:498)
    at org.junit.runners.model.FrameworkMethod$1.runReflectiveCall(FrameworkMethod.java:47)
10:45:19.926 [pool-45-thread-1] INFO  f.i.l.c.t.SpecificationTestCasesListener - Tests run finished (6 ms)
<> Total tests run: 1
<> Ignored tests: 0
<> Failed tests: 1
~ copyOriginalNotChanged(org.apache.jackrabbit.mongomk.impl.model.MongoNodeTest)
[null]
java.lang.NullPointerException    at org.apache.jackrabbit.mongomk.impl.model.MongoNodeTest.copyOriginalNotChanged(MongoNodeTest.java:51)
    at sun.reflect.NativeMethodAccessorImpl.invoke0(Native Method)
    at sun.reflect.NativeMethodAccessorImpl.invoke(NativeMethodAccessorImpl.java:62)
    at sun.reflect.DelegatingMethodAccessorImpl.invoke(DelegatingMethodAccessorImpl.java:43)
    at java.lang.reflect.Method.invoke(Method.java:498)
    at org.junit.runners.model.FrameworkMethod$1.runReflectiveCall(FrameworkMethod.java:47)

java.lang.AssertionError: expected:<1> but was:<2>
    at org.junit.Assert.fail(Assert.java:88)
    at org.junit.Assert.failNotEquals(Assert.java:743)
    at org.junit.Assert.assertEquals(Assert.java:118)
    at org.junit.Assert.assertEquals(Assert.java:555)
    at org.junit.Assert.assertEquals(Assert.java:542)
    at org.apache.jackrabbit.mongomk.impl.model.MongoNodeTest.copyOriginalNotChanged(MongoNodeTest.java:62)
10:45:19.927 [pool-46-thread-1] INFO  f.i.l.c.t.SpecificationTestCasesListener - Tests run finished (0 ms)
<> Total tests run: 1
<> Ignored tests: 0
<> Failed tests: 1
~ copyOriginalNotChanged(org.apache.jackrabbit.mongomk.impl.model.MongoNodeTest)
[expected:<1> but was:<2>]
java.lang.AssertionError: expected:<1> but was:<2>    at org.junit.Assert.fail(Assert.java:88)
    at org.junit.Assert.failNotEquals(Assert.java:743)
    at org.junit.Assert.assertEquals(Assert.java:118)
    at org.junit.Assert.assertEquals(Assert.java:555)
    at org.junit.Assert.assertEquals(Assert.java:542)
    at org.apache.jackrabbit.mongomk.impl.model.MongoNodeTest.copyOriginalNotChanged(MongoNodeTest.java:62)

10:45:19.928 [pool-43-thread-1] DEBUG tests.output - Failing tests with false: 
[copyOriginalNotChanged(org.apache.jackrabbit.mongomk.impl.model.MongoNodeTest): null]
10:45:19.928 [pool-43-thread-1] DEBUG tests.output - Failing tests with true: 
[copyOriginalNotChanged(org.apache.jackrabbit.mongomk.impl.model.MongoNodeTest): expected:<1> but was:<2>]
10:45:19.928 [pool-43-thread-1] INFO  f.i.l.r.n.synth.SMTNopolSynthesizer - Not enough specifications: 0. A trivial patch is "true" or "false", please write new tests specifying SourceLocation org.apache.jackrabbit.mongomk.impl.model.MongoNode:99.
10:45:19.928 [pool-2-thread-1] DEBUG fr.inria.lille.repair.nopol.NoPol - statement #25
10:45:19.928 [pool-2-thread-1] DEBUG fr.inria.lille.repair.nopol.NoPol - Analysing SourceLocation org.apache.jackrabbit.mongomk.impl.model.MongoNode:98 which is executed by 1 tests
338282743
10:45:20.097 [pool-2-thread-1] DEBUG fr.inria.lille.repair.nopol.NoPol - looking with class fr.inria.lille.repair.nopol.spoon.smt.ConditionalAdder
java.lang.AssertionError: expected:<1> but was:<2>
    at org.junit.Assert.fail(Assert.java:88)
    at org.junit.Assert.failNotEquals(Assert.java:743)
    at org.junit.Assert.assertEquals(Assert.java:118)
    at org.junit.Assert.assertEquals(Assert.java:555)
    at org.junit.Assert.assertEquals(Assert.java:542)
    at org.apache.jackrabbit.mongomk.impl.model.MongoNodeTest.copyOriginalNotChanged(MongoNodeTest.java:62)
10:45:20.105 [pool-48-thread-1] INFO  xxl.java.junit.TestCasesListener - Tests run finished (6 ms)
<> Total tests run: 1
<> Ignored tests: 0
<> Failed tests: 1
~ copyOriginalNotChanged(org.apache.jackrabbit.mongomk.impl.model.MongoNodeTest)
[expected:<1> but was:<2>]
java.lang.AssertionError: expected:<1> but was:<2>    at org.junit.Assert.fail(Assert.java:88)
    at org.junit.Assert.failNotEquals(Assert.java:743)
    at org.junit.Assert.assertEquals(Assert.java:118)
    at org.junit.Assert.assertEquals(Assert.java:555)
    at org.junit.Assert.assertEquals(Assert.java:542)
    at org.apache.jackrabbit.mongomk.impl.model.MongoNodeTest.copyOriginalNotChanged(MongoNodeTest.java:62)

java.lang.NullPointerException
    at org.apache.jackrabbit.mongomk.impl.model.MongoNodeTest.copyOriginalNotChanged(MongoNodeTest.java:51)
    at sun.reflect.NativeMethodAccessorImpl.invoke0(Native Method)
    at sun.reflect.NativeMethodAccessorImpl.invoke(NativeMethodAccessorImpl.java:62)
    at sun.reflect.DelegatingMethodAccessorImpl.invoke(DelegatingMethodAccessorImpl.java:43)
    at java.lang.reflect.Method.invoke(Method.java:498)
    at org.junit.runners.model.FrameworkMethod$1.runReflectiveCall(FrameworkMethod.java:47)
10:45:20.403 [pool-49-thread-1] INFO  f.i.l.c.t.SpecificationTestCasesListener - Tests run finished (5 ms)
<> Total tests run: 1
<> Ignored tests: 0
<> Failed tests: 1
~ copyOriginalNotChanged(org.apache.jackrabbit.mongomk.impl.model.MongoNodeTest)
[null]
java.lang.NullPointerException    at org.apache.jackrabbit.mongomk.impl.model.MongoNodeTest.copyOriginalNotChanged(MongoNodeTest.java:51)
    at sun.reflect.NativeMethodAccessorImpl.invoke0(Native Method)
    at sun.reflect.NativeMethodAccessorImpl.invoke(NativeMethodAccessorImpl.java:62)
    at sun.reflect.DelegatingMethodAccessorImpl.invoke(DelegatingMethodAccessorImpl.java:43)
    at java.lang.reflect.Method.invoke(Method.java:498)
    at org.junit.runners.model.FrameworkMethod$1.runReflectiveCall(FrameworkMethod.java:47)

java.lang.AssertionError: expected:<1> but was:<2>
    at org.junit.Assert.fail(Assert.java:88)
    at org.junit.Assert.failNotEquals(Assert.java:743)
    at org.junit.Assert.assertEquals(Assert.java:118)
    at org.junit.Assert.assertEquals(Assert.java:555)
    at org.junit.Assert.assertEquals(Assert.java:542)
    at org.apache.jackrabbit.mongomk.impl.model.MongoNodeTest.copyOriginalNotChanged(MongoNodeTest.java:62)
10:45:20.404 [pool-50-thread-1] INFO  f.i.l.c.t.SpecificationTestCasesListener - Tests run finished (1 ms)
<> Total tests run: 1
<> Ignored tests: 0
<> Failed tests: 1
~ copyOriginalNotChanged(org.apache.jackrabbit.mongomk.impl.model.MongoNodeTest)
[expected:<1> but was:<2>]
java.lang.AssertionError: expected:<1> but was:<2>    at org.junit.Assert.fail(Assert.java:88)
    at org.junit.Assert.failNotEquals(Assert.java:743)
    at org.junit.Assert.assertEquals(Assert.java:118)
    at org.junit.Assert.assertEquals(Assert.java:555)
    at org.junit.Assert.assertEquals(Assert.java:542)
    at org.apache.jackrabbit.mongomk.impl.model.MongoNodeTest.copyOriginalNotChanged(MongoNodeTest.java:62)

10:45:20.405 [pool-47-thread-1] DEBUG tests.output - Failing tests with false: 
[copyOriginalNotChanged(org.apache.jackrabbit.mongomk.impl.model.MongoNodeTest): null]
10:45:20.405 [pool-47-thread-1] DEBUG tests.output - Failing tests with true: 
[copyOriginalNotChanged(org.apache.jackrabbit.mongomk.impl.model.MongoNodeTest): expected:<1> but was:<2>]
10:45:20.405 [pool-47-thread-1] INFO  f.i.l.r.n.synth.SMTNopolSynthesizer - Not enough specifications: 0. A trivial patch is "true" or "false", please write new tests specifying SourceLocation org.apache.jackrabbit.mongomk.impl.model.MongoNode:98.
10:45:20.405 [pool-2-thread-1] DEBUG fr.inria.lille.repair.nopol.NoPol - looking with class fr.inria.lille.repair.nopol.spoon.smt.ConditionalReplacer
java.lang.AssertionError: expected:<1> but was:<2>
    at org.junit.Assert.fail(Assert.java:88)
    at org.junit.Assert.failNotEquals(Assert.java:743)
    at org.junit.Assert.assertEquals(Assert.java:118)
    at org.junit.Assert.assertEquals(Assert.java:555)
    at org.junit.Assert.assertEquals(Assert.java:542)
    at org.apache.jackrabbit.mongomk.impl.model.MongoNodeTest.copyOriginalNotChanged(MongoNodeTest.java:62)
10:45:20.412 [pool-52-thread-1] INFO  xxl.java.junit.TestCasesListener - Tests run finished (6 ms)
<> Total tests run: 1
<> Ignored tests: 0
<> Failed tests: 1
~ copyOriginalNotChanged(org.apache.jackrabbit.mongomk.impl.model.MongoNodeTest)
[expected:<1> but was:<2>]
java.lang.AssertionError: expected:<1> but was:<2>    at org.junit.Assert.fail(Assert.java:88)
    at org.junit.Assert.failNotEquals(Assert.java:743)
    at org.junit.Assert.assertEquals(Assert.java:118)
    at org.junit.Assert.assertEquals(Assert.java:555)
    at org.junit.Assert.assertEquals(Assert.java:542)
    at org.apache.jackrabbit.mongomk.impl.model.MongoNodeTest.copyOriginalNotChanged(MongoNodeTest.java:62)

java.lang.NullPointerException
    at org.apache.jackrabbit.mongomk.impl.model.MongoNodeTest.copyOriginalNotChanged(MongoNodeTest.java:51)
    at sun.reflect.NativeMethodAccessorImpl.invoke0(Native Method)
    at sun.reflect.NativeMethodAccessorImpl.invoke(NativeMethodAccessorImpl.java:62)
    at sun.reflect.DelegatingMethodAccessorImpl.invoke(DelegatingMethodAccessorImpl.java:43)
    at java.lang.reflect.Method.invoke(Method.java:498)
    at org.junit.runners.model.FrameworkMethod$1.runReflectiveCall(FrameworkMethod.java:47)
10:45:20.707 [pool-53-thread-1] INFO  f.i.l.c.t.SpecificationTestCasesListener - Tests run finished (6 ms)
<> Total tests run: 1
<> Ignored tests: 0
<> Failed tests: 1
~ copyOriginalNotChanged(org.apache.jackrabbit.mongomk.impl.model.MongoNodeTest)
[null]
java.lang.NullPointerException    at org.apache.jackrabbit.mongomk.impl.model.MongoNodeTest.copyOriginalNotChanged(MongoNodeTest.java:51)
    at sun.reflect.NativeMethodAccessorImpl.invoke0(Native Method)
    at sun.reflect.NativeMethodAccessorImpl.invoke(NativeMethodAccessorImpl.java:62)
    at sun.reflect.DelegatingMethodAccessorImpl.invoke(DelegatingMethodAccessorImpl.java:43)
    at java.lang.reflect.Method.invoke(Method.java:498)
    at org.junit.runners.model.FrameworkMethod$1.runReflectiveCall(FrameworkMethod.java:47)

java.lang.AssertionError: expected:<1> but was:<2>
    at org.junit.Assert.fail(Assert.java:88)
    at org.junit.Assert.failNotEquals(Assert.java:743)
    at org.junit.Assert.assertEquals(Assert.java:118)
    at org.junit.Assert.assertEquals(Assert.java:555)
    at org.junit.Assert.assertEquals(Assert.java:542)
    at org.apache.jackrabbit.mongomk.impl.model.MongoNodeTest.copyOriginalNotChanged(MongoNodeTest.java:62)
10:45:20.711 [pool-54-thread-1] INFO  f.i.l.c.t.SpecificationTestCasesListener - Tests run finished (0 ms)
<> Total tests run: 1
<> Ignored tests: 0
<> Failed tests: 1
~ copyOriginalNotChanged(org.apache.jackrabbit.mongomk.impl.model.MongoNodeTest)
[expected:<1> but was:<2>]
java.lang.AssertionError: expected:<1> but was:<2>    at org.junit.Assert.fail(Assert.java:88)
    at org.junit.Assert.failNotEquals(Assert.java:743)
    at org.junit.Assert.assertEquals(Assert.java:118)
    at org.junit.Assert.assertEquals(Assert.java:555)
    at org.junit.Assert.assertEquals(Assert.java:542)
    at org.apache.jackrabbit.mongomk.impl.model.MongoNodeTest.copyOriginalNotChanged(MongoNodeTest.java:62)

10:45:20.711 [pool-51-thread-1] DEBUG tests.output - Failing tests with false: 
[copyOriginalNotChanged(org.apache.jackrabbit.mongomk.impl.model.MongoNodeTest): null]
10:45:20.712 [pool-51-thread-1] DEBUG tests.output - Failing tests with true: 
[copyOriginalNotChanged(org.apache.jackrabbit.mongomk.impl.model.MongoNodeTest): expected:<1> but was:<2>]
10:45:20.712 [pool-51-thread-1] INFO  f.i.l.r.n.synth.SMTNopolSynthesizer - Not enough specifications: 0. A trivial patch is "true" or "false", please write new tests specifying SourceLocation org.apache.jackrabbit.mongomk.impl.model.MongoNode:98.
10:45:20.712 [pool-2-thread-1] DEBUG fr.inria.lille.repair.nopol.NoPol - statement #26
10:45:20.712 [pool-2-thread-1] DEBUG fr.inria.lille.repair.nopol.NoPol - Analysing SourceLocation org.apache.jackrabbit.mongomk.impl.model.MongoNode:94 which is executed by 1 tests
338282743
10:45:20.888 [pool-2-thread-1] DEBUG fr.inria.lille.repair.nopol.NoPol - statement #27
10:45:20.889 [pool-2-thread-1] DEBUG fr.inria.lille.repair.nopol.NoPol - Analysing SourceLocation org.apache.jackrabbit.mongomk.impl.model.MongoNode:90 which is executed by 1 tests
338282743
10:45:21.060 [pool-2-thread-1] DEBUG fr.inria.lille.repair.nopol.NoPol - statement #28
10:45:21.060 [pool-2-thread-1] DEBUG fr.inria.lille.repair.nopol.NoPol - Analysing SourceLocation org.apache.jackrabbit.mongomk.impl.model.MongoNode:89 which is executed by 1 tests
338282743
10:45:21.265 [pool-2-thread-1] DEBUG fr.inria.lille.repair.nopol.NoPol - looking with class fr.inria.lille.repair.nopol.spoon.smt.ConditionalAdder
java.lang.AssertionError: expected:<1> but was:<2>
    at org.junit.Assert.fail(Assert.java:88)
    at org.junit.Assert.failNotEquals(Assert.java:743)
    at org.junit.Assert.assertEquals(Assert.java:118)
    at org.junit.Assert.assertEquals(Assert.java:555)
    at org.junit.Assert.assertEquals(Assert.java:542)
    at org.apache.jackrabbit.mongomk.impl.model.MongoNodeTest.copyOriginalNotChanged(MongoNodeTest.java:62)
10:45:21.285 [pool-56-thread-1] INFO  xxl.java.junit.TestCasesListener - Tests run finished (6 ms)
<> Total tests run: 1
<> Ignored tests: 0
<> Failed tests: 1
~ copyOriginalNotChanged(org.apache.jackrabbit.mongomk.impl.model.MongoNodeTest)
[expected:<1> but was:<2>]
java.lang.AssertionError: expected:<1> but was:<2>    at org.junit.Assert.fail(Assert.java:88)
    at org.junit.Assert.failNotEquals(Assert.java:743)
    at org.junit.Assert.assertEquals(Assert.java:118)
    at org.junit.Assert.assertEquals(Assert.java:555)
    at org.junit.Assert.assertEquals(Assert.java:542)
    at org.apache.jackrabbit.mongomk.impl.model.MongoNodeTest.copyOriginalNotChanged(MongoNodeTest.java:62)

java.lang.AssertionError: expected:<branchId> but was:<null>
    at org.junit.Assert.fail(Assert.java:88)
    at org.junit.Assert.failNotEquals(Assert.java:743)
    at org.junit.Assert.assertEquals(Assert.java:118)
    at org.junit.Assert.assertEquals(Assert.java:144)
    at org.apache.jackrabbit.mongomk.impl.model.MongoNodeTest.copyOriginalNotChanged(MongoNodeTest.java:60)
    at sun.reflect.NativeMethodAccessorImpl.invoke0(Native Method)
10:45:21.597 [pool-57-thread-1] INFO  f.i.l.c.t.SpecificationTestCasesListener - Tests run finished (6 ms)
<> Total tests run: 1
<> Ignored tests: 0
<> Failed tests: 1
~ copyOriginalNotChanged(org.apache.jackrabbit.mongomk.impl.model.MongoNodeTest)
[expected:<branchId> but was:<null>]
java.lang.AssertionError: expected:<branchId> but was:<null>    at org.junit.Assert.fail(Assert.java:88)
    at org.junit.Assert.failNotEquals(Assert.java:743)
    at org.junit.Assert.assertEquals(Assert.java:118)
    at org.junit.Assert.assertEquals(Assert.java:144)
    at org.apache.jackrabbit.mongomk.impl.model.MongoNodeTest.copyOriginalNotChanged(MongoNodeTest.java:60)
    at sun.reflect.NativeMethodAccessorImpl.invoke0(Native Method)

java.lang.AssertionError: expected:<1> but was:<2>
    at org.junit.Assert.fail(Assert.java:88)
    at org.junit.Assert.failNotEquals(Assert.java:743)
    at org.junit.Assert.assertEquals(Assert.java:118)
    at org.junit.Assert.assertEquals(Assert.java:555)
    at org.junit.Assert.assertEquals(Assert.java:542)
    at org.apache.jackrabbit.mongomk.impl.model.MongoNodeTest.copyOriginalNotChanged(MongoNodeTest.java:62)
10:45:21.615 [pool-58-thread-1] INFO  f.i.l.c.t.SpecificationTestCasesListener - Tests run finished (1 ms)
<> Total tests run: 1
<> Ignored tests: 0
<> Failed tests: 1
~ copyOriginalNotChanged(org.apache.jackrabbit.mongomk.impl.model.MongoNodeTest)
[expected:<1> but was:<2>]
java.lang.AssertionError: expected:<1> but was:<2>    at org.junit.Assert.fail(Assert.java:88)
    at org.junit.Assert.failNotEquals(Assert.java:743)
    at org.junit.Assert.assertEquals(Assert.java:118)
    at org.junit.Assert.assertEquals(Assert.java:555)
    at org.junit.Assert.assertEquals(Assert.java:542)
    at org.apache.jackrabbit.mongomk.impl.model.MongoNodeTest.copyOriginalNotChanged(MongoNodeTest.java:62)

10:45:21.616 [pool-55-thread-1] DEBUG tests.output - Failing tests with false: 
[copyOriginalNotChanged(org.apache.jackrabbit.mongomk.impl.model.MongoNodeTest): expected:<branchId> but was:<null>]
10:45:21.616 [pool-55-thread-1] DEBUG tests.output - Failing tests with true: 
[copyOriginalNotChanged(org.apache.jackrabbit.mongomk.impl.model.MongoNodeTest): expected:<1> but was:<2>]
10:45:21.616 [pool-55-thread-1] INFO  f.i.l.r.n.synth.SMTNopolSynthesizer - Not enough specifications: 0. A trivial patch is "true" or "false", please write new tests specifying SourceLocation org.apache.jackrabbit.mongomk.impl.model.MongoNode:89.
10:45:21.616 [pool-2-thread-1] DEBUG fr.inria.lille.repair.nopol.NoPol - statement #29
10:45:21.616 [pool-2-thread-1] DEBUG fr.inria.lille.repair.nopol.NoPol - Analysing SourceLocation org.apache.jackrabbit.mongomk.impl.model.MongoNode:85 which is executed by 1 tests
338282743
10:45:21.783 [pool-2-thread-1] DEBUG fr.inria.lille.repair.nopol.NoPol - statement #30
10:45:21.783 [pool-2-thread-1] DEBUG fr.inria.lille.repair.nopol.NoPol - Analysing SourceLocation com.mongodb.BasicDBObject:105 which is executed by 1 tests
10:45:21.783 [pool-2-thread-1] DEBUG fr.inria.lille.repair.nopol.NoPol - cannot spoon SourceLocation com.mongodb.BasicDBObject:105
10:45:21.783 [pool-2-thread-1] DEBUG fr.inria.lille.repair.nopol.NoPol - statement #31
10:45:21.784 [pool-2-thread-1] DEBUG fr.inria.lille.repair.nopol.NoPol - Analysing SourceLocation com.mongodb.BasicDBObject:104 which is executed by 1 tests
10:45:21.784 [pool-2-thread-1] DEBUG fr.inria.lille.repair.nopol.NoPol - cannot spoon SourceLocation com.mongodb.BasicDBObject:104
10:45:21.784 [pool-2-thread-1] DEBUG fr.inria.lille.repair.nopol.NoPol - statement #32
10:45:21.784 [pool-2-thread-1] DEBUG fr.inria.lille.repair.nopol.NoPol - Analysing SourceLocation com.mongodb.BasicDBObject:101 which is executed by 1 tests
10:45:21.784 [pool-2-thread-1] DEBUG fr.inria.lille.repair.nopol.NoPol - cannot spoon SourceLocation com.mongodb.BasicDBObject:101
10:45:21.784 [pool-2-thread-1] DEBUG fr.inria.lille.repair.nopol.NoPol - statement #33
10:45:21.784 [pool-2-thread-1] DEBUG fr.inria.lille.repair.nopol.NoPol - Analysing SourceLocation com.mongodb.BasicDBObject:99 which is executed by 1 tests
10:45:21.784 [pool-2-thread-1] DEBUG fr.inria.lille.repair.nopol.NoPol - cannot spoon SourceLocation com.mongodb.BasicDBObject:99
10:45:21.784 [pool-2-thread-1] DEBUG fr.inria.lille.repair.nopol.NoPol - statement #34
10:45:21.784 [pool-2-thread-1] DEBUG fr.inria.lille.repair.nopol.NoPol - Analysing SourceLocation com.mongodb.BasicDBObject:98 which is executed by 1 tests
10:45:21.784 [pool-2-thread-1] DEBUG fr.inria.lille.repair.nopol.NoPol - cannot spoon SourceLocation com.mongodb.BasicDBObject:98
10:45:21.784 [pool-2-thread-1] DEBUG fr.inria.lille.repair.nopol.NoPol - statement #35
10:45:21.784 [pool-2-thread-1] DEBUG fr.inria.lille.repair.nopol.NoPol - Analysing SourceLocation com.mongodb.BasicDBObject:97 which is executed by 1 tests
10:45:21.784 [pool-2-thread-1] DEBUG fr.inria.lille.repair.nopol.NoPol - cannot spoon SourceLocation com.mongodb.BasicDBObject:97
10:45:21.784 [pool-2-thread-1] DEBUG fr.inria.lille.repair.nopol.NoPol - statement #36
10:45:21.784 [pool-2-thread-1] DEBUG fr.inria.lille.repair.nopol.NoPol - Analysing SourceLocation com.mongodb.BasicDBObject:95 which is executed by 1 tests
10:45:21.785 [pool-2-thread-1] DEBUG fr.inria.lille.repair.nopol.NoPol - cannot spoon SourceLocation com.mongodb.BasicDBObject:95
10:45:21.785 [pool-2-thread-1] DEBUG fr.inria.lille.repair.nopol.NoPol - statement #37
10:45:21.785 [pool-2-thread-1] DEBUG fr.inria.lille.repair.nopol.NoPol - Analysing SourceLocation org.bson.BasicBSONObject:216 which is executed by 1 tests
10:45:21.785 [pool-2-thread-1] DEBUG fr.inria.lille.repair.nopol.NoPol - cannot spoon SourceLocation org.bson.BasicBSONObject:216
10:45:21.785 [pool-2-thread-1] DEBUG fr.inria.lille.repair.nopol.NoPol - statement #38
10:45:21.785 [pool-2-thread-1] DEBUG fr.inria.lille.repair.nopol.NoPol - Analysing SourceLocation org.bson.BasicBSONObject:214 which is executed by 1 tests
10:45:21.785 [pool-2-thread-1] DEBUG fr.inria.lille.repair.nopol.NoPol - cannot spoon SourceLocation org.bson.BasicBSONObject:214
10:45:21.785 [pool-2-thread-1] DEBUG fr.inria.lille.repair.nopol.NoPol - statement #39
10:45:21.785 [pool-2-thread-1] DEBUG fr.inria.lille.repair.nopol.NoPol - Analysing SourceLocation org.bson.BasicBSONObject:213 which is executed by 1 tests
10:45:21.785 [pool-2-thread-1] DEBUG fr.inria.lille.repair.nopol.NoPol - cannot spoon SourceLocation org.bson.BasicBSONObject:213
10:45:21.785 [pool-2-thread-1] DEBUG fr.inria.lille.repair.nopol.NoPol - statement #40
10:45:21.785 [pool-2-thread-1] DEBUG fr.inria.lille.repair.nopol.NoPol - Analysing SourceLocation org.bson.BasicBSONObject:75 which is executed by 1 tests
10:45:21.785 [pool-2-thread-1] DEBUG fr.inria.lille.repair.nopol.NoPol - cannot spoon SourceLocation org.bson.BasicBSONObject:75
10:45:21.785 [pool-2-thread-1] DEBUG fr.inria.lille.repair.nopol.NoPol - statement #41
10:45:21.785 [pool-2-thread-1] DEBUG fr.inria.lille.repair.nopol.NoPol - Analysing SourceLocation org.apache.jackrabbit.mongomk.AbstractMongoConnectionTest:58 which is executed by 5 tests
10:45:21.785 [pool-2-thread-1] DEBUG fr.inria.lille.repair.nopol.NoPol - cannot spoon SourceLocation org.apache.jackrabbit.mongomk.AbstractMongoConnectionTest:58
10:45:21.786 [pool-2-thread-1] DEBUG fr.inria.lille.repair.nopol.NoPol - statement #42
10:45:21.786 [pool-2-thread-1] DEBUG fr.inria.lille.repair.nopol.NoPol - Analysing SourceLocation org.apache.jackrabbit.mongomk.AbstractMongoConnectionTest:50 which is executed by 5 tests
10:45:21.786 [pool-2-thread-1] DEBUG fr.inria.lille.repair.nopol.NoPol - cannot spoon SourceLocation org.apache.jackrabbit.mongomk.AbstractMongoConnectionTest:50
10:45:21.786 [pool-2-thread-1] DEBUG fr.inria.lille.repair.nopol.NoPol - statement #43
10:45:21.786 [pool-2-thread-1] DEBUG fr.inria.lille.repair.nopol.NoPol - Analysing SourceLocation org.bson.BasicBSONObject:208 which is executed by 6 tests
10:45:21.786 [pool-2-thread-1] DEBUG fr.inria.lille.repair.nopol.NoPol - cannot spoon SourceLocation org.bson.BasicBSONObject:208
10:45:21.786 [pool-2-thread-1] DEBUG fr.inria.lille.repair.nopol.NoPol - statement #44
10:45:21.786 [pool-2-thread-1] DEBUG fr.inria.lille.repair.nopol.NoPol - Analysing SourceLocation org.bson.BasicBSONObject:165 which is executed by 6 tests
10:45:21.786 [pool-2-thread-1] DEBUG fr.inria.lille.repair.nopol.NoPol - cannot spoon SourceLocation org.bson.BasicBSONObject:165
10:45:21.786 [pool-2-thread-1] DEBUG fr.inria.lille.repair.nopol.NoPol - statement #45
10:45:21.786 [pool-2-thread-1] DEBUG fr.inria.lille.repair.nopol.NoPol - Analysing SourceLocation org.bson.BasicBSONObject:163 which is executed by 6 tests
10:45:21.786 [pool-2-thread-1] DEBUG fr.inria.lille.repair.nopol.NoPol - cannot spoon SourceLocation org.bson.BasicBSONObject:163
10:45:21.786 [pool-2-thread-1] DEBUG fr.inria.lille.repair.nopol.NoPol - statement #46
10:45:21.786 [pool-2-thread-1] DEBUG fr.inria.lille.repair.nopol.NoPol - Analysing SourceLocation org.bson.BasicBSONObject:162 which is executed by 6 tests
10:45:21.786 [pool-2-thread-1] DEBUG fr.inria.lille.repair.nopol.NoPol - cannot spoon SourceLocation org.bson.BasicBSONObject:162
10:45:21.786 [pool-2-thread-1] DEBUG fr.inria.lille.repair.nopol.NoPol - statement #47
10:45:21.787 [pool-2-thread-1] DEBUG fr.inria.lille.repair.nopol.NoPol - Analysing SourceLocation org.bson.BasicBSONObject:107 which is executed by 6 tests
10:45:21.787 [pool-2-thread-1] DEBUG fr.inria.lille.repair.nopol.NoPol - cannot spoon SourceLocation org.bson.BasicBSONObject:107
10:45:21.788 [pool-2-thread-1] INFO  fr.inria.lille.repair.nopol.NoPol - ----INFORMATION----
10:45:21.817 [pool-2-thread-1] INFO  fr.inria.lille.repair.nopol.NoPol - Nb classes : 63
10:45:21.817 [pool-2-thread-1] INFO  fr.inria.lille.repair.nopol.NoPol - Nb methods : 292
10:45:21.817 [pool-2-thread-1] INFO  fr.inria.lille.repair.nopol.NoPol - Nb Statements Analyzed : 14
10:45:21.817 [pool-2-thread-1] INFO  fr.inria.lille.repair.nopol.NoPol - Nb Statements with Angelic Value Found : 0
10:45:21.817 [pool-2-thread-1] INFO  fr.inria.lille.repair.nopol.NoPol - Nb inputs in SMT : 0
10:45:21.818 [pool-2-thread-1] INFO  fr.inria.lille.repair.nopol.NoPol - Nb SMT level: 0
10:45:21.819 [pool-2-thread-1] INFO  fr.inria.lille.repair.nopol.NoPol - Nb variables in SMT : 0
10:45:21.819 [pool-2-thread-1] INFO  fr.inria.lille.repair.nopol.NoPol - NoPol Execution time : 16193ms
10:45:21.819 [pool-2-thread-1] INFO  fr.inria.lille.repair.nopol.NoPol - 
NO_ANGELIC_VALUE
Command exited with non-zero status 255
44.58user 3.35system 0:18.20elapsed 263%CPU (0avgtext+0avgdata 912784maxresident)k
45960inputs+5424outputs (10major+288412minor)pagefaults 0swaps


Node: graphene-118.nancy.grid5000.fr



Date: Sat Dec 29 10:45:22 EST 2018

