cd /tmp/Nopol_QuixBugs_NEXT_PALINDROME_;
export JAVA_TOOL_OPTIONS="-Dfile.encoding=UTF8 -Duser.language=en-US -Duser.country=US -Duser.language=en";
TZ="America/New_York"; export TZ;
export PATH="/usr/lib/jvm/java-1.8.0-openjdk-amd64/bin/:$PATH";
export JAVA_HOME="/usr/lib/jvm/java-1.8.0-openjdk-amd64/bin/";
time java -Xmx4g -Xms1g -cp /home/tdurieux/defects4j4repair/script/../repair_tools/nopol.jar:/usr/lib/jvm/java-1.8.0-openjdk-amd64/bin//../lib/tools.jar fr.inria.lille.repair.Main \
	--mode repair \
	--type pre_then_cond \
	--oracle angelic \
	--synthesis smt \
	--flocal gzoltar \
	--json \
	--solver z3 \
	--solver-path /home/tdurieux/defects4j4repair/script/../libs/z3/build/z3 \
	--complianceLevel 8 \
	--source src/main/java \
	--classpath "target/classes:target/test-classes:/home/tdurieux/.m2/repository/junit/junit/4.11/junit-4.11.jar:/home/tdurieux/.m2/repository/org/hamcrest/hamcrest-core/1.3/hamcrest-core-1.3.jar:/home/tdurieux/defects4j4repair/script/../repair_tools/nopol.jar";
	echo "\n\nNode: `hostname`\n";
	echo "\n\nDate: `date`\n";
Picked up JAVA_TOOL_OPTIONS: -Dfile.encoding=UTF8 -Duser.language=en-US -Duser.country=US -Duser.language=en
14:40:16.559 [main] INFO  fr.inria.lille.repair.nopol.NoPol - Source files: [src/main/java]
14:40:16.562 [main] INFO  fr.inria.lille.repair.nopol.NoPol - Classpath: [file:/tmp/Nopol_QuixBugs_NEXT_PALINDROME_/target/classes/, file:/tmp/Nopol_QuixBugs_NEXT_PALINDROME_/target/test-classes/, file:/home/tdurieux/.m2/repository/junit/junit/4.11/junit-4.11.jar, file:/home/tdurieux/.m2/repository/org/hamcrest/hamcrest-core/1.3/hamcrest-core-1.3.jar, file:/home/tdurieux/defects4j4repair/script/../repair_tools/nopol.jar]
14:40:16.562 [main] INFO  fr.inria.lille.repair.nopol.NoPol - Statement type: PRE_THEN_COND
14:40:16.562 [main] INFO  fr.inria.lille.repair.nopol.NoPol - Args: [java_testcases.junit.NEXT_PALINDROME_Test]
14:40:16.563 [main] INFO  fr.inria.lille.repair.nopol.NoPol - Config: Config{synthesisDepth=3, collectStaticMethods=true, collectStaticFields=false, collectLiterals=false, onlyOneSynthesisResult=true, sortExpressions=true, maxLineInvocationPerTest=250, timeoutMethodInvocation=2000, dataCollectionTimeoutInSecondForSynthesis=900, addWeight=0.19478, subWeight=0.04554, mulWeight=0.0102, divWeight=0.00613, andWeight=0.10597, orWeight=0.05708, eqWeight=0.22798, nEqWeight=0.0, lessEqWeight=0.0255, lessWeight=0.0947, methodCallWeight=0.1, fieldAccessWeight=0.08099, constantWeight=0.14232, variableWeight=0.05195, mode=REPAIR, type=PRE_THEN_COND, synthesis=SMT, oracle=ANGELIC, solver=Z3, solverPath='/home/tdurieux/defects4j4repair/script/../libs/z3/build/z3', projectSources=[src/main/java], projectClasspath='[Ljava.net.URL;@66d33a', projectTests=[java_testcases.junit.NEXT_PALINDROME_Test], complianceLevel=8, outputFolder=., json=true}
14:40:16.563 [main] INFO  fr.inria.lille.repair.nopol.NoPol - Available processors (cores): 32
14:40:16.568 [main] INFO  fr.inria.lille.repair.nopol.NoPol - Free memory: 940 MB
14:40:16.568 [main] INFO  fr.inria.lille.repair.nopol.NoPol - Maximum memory: 3 GB
14:40:16.568 [main] INFO  fr.inria.lille.repair.nopol.NoPol - Total memory available to JVM: 981 MB
14:40:16.568 [main] INFO  fr.inria.lille.repair.nopol.NoPol - Java version: 1.8.0_181
14:40:16.569 [main] INFO  fr.inria.lille.repair.nopol.NoPol - JAVA_HOME: /usr/lib/jvm/java-1.8.0-openjdk-amd64/bin/
14:40:16.569 [main] INFO  fr.inria.lille.repair.nopol.NoPol - PATH: /usr/lib/jvm/java-1.8.0-openjdk-amd64/bin/:/usr/lib/oar/oardodo:/usr/lib/oar/oardodo:/usr/local/bin:/usr/bin:/bin:/usr/games
14:40:18.740 [pool-2-thread-1] DEBUG fr.inria.lille.repair.nopol.NoPol - statement #1
14:40:18.740 [pool-2-thread-1] DEBUG fr.inria.lille.repair.nopol.NoPol - Analysing SourceLocation java_programs.NEXT_PALINDROME:38 which is executed by 1 tests
2007434438
14:40:18.943 [pool-2-thread-1] DEBUG fr.inria.lille.repair.nopol.NoPol - statement #2
14:40:18.943 [pool-2-thread-1] DEBUG fr.inria.lille.repair.nopol.NoPol - Analysing SourceLocation java_programs.NEXT_PALINDROME:36 which is executed by 1 tests
2007434438
14:40:18.990 [pool-2-thread-1] DEBUG fr.inria.lille.repair.nopol.NoPol - looking with class fr.inria.lille.repair.nopol.spoon.smt.ConditionalAdder
org.junit.ComparisonFailure: expected:<[1,0,0,[]1]> but was:<[1,0,0,[0,]1]>
    at org.junit.Assert.assertEquals(Assert.java:115)
    at org.junit.Assert.assertEquals(Assert.java:144)
    at java_testcases.junit.NEXT_PALINDROME_Test.test_4(NEXT_PALINDROME_Test.java:37)
    at sun.reflect.NativeMethodAccessorImpl.invoke0(Native Method)
    at sun.reflect.NativeMethodAccessorImpl.invoke(NativeMethodAccessorImpl.java:62)
    at sun.reflect.DelegatingMethodAccessorImpl.invoke(DelegatingMethodAccessorImpl.java:43)
14:40:19.018 [pool-4-thread-1] INFO  xxl.java.junit.TestCasesListener - Tests run finished (8 ms)
<> Total tests run: 5
<> Ignored tests: 0
<> Failed tests: 1
~ test_4(java_testcases.junit.NEXT_PALINDROME_Test)
[expected:<[1,0,0,[]1]> but was:<[1,0,0,[0,]1]>]
org.junit.ComparisonFailure: expected:<[1,0,0,[]1]> but was:<[1,0,0,[0,]1]>    at org.junit.Assert.assertEquals(Assert.java:115)
    at org.junit.Assert.assertEquals(Assert.java:144)
    at java_testcases.junit.NEXT_PALINDROME_Test.test_4(NEXT_PALINDROME_Test.java:37)
    at sun.reflect.NativeMethodAccessorImpl.invoke0(Native Method)
    at sun.reflect.NativeMethodAccessorImpl.invoke(NativeMethodAccessorImpl.java:62)
    at sun.reflect.DelegatingMethodAccessorImpl.invoke(DelegatingMethodAccessorImpl.java:43)

org.junit.ComparisonFailure: expected:<[1,0,0,[1]]> but was:<[1,0,0,[0]]>
    at org.junit.Assert.assertEquals(Assert.java:115)
    at org.junit.Assert.assertEquals(Assert.java:144)
    at java_testcases.junit.NEXT_PALINDROME_Test.test_4(NEXT_PALINDROME_Test.java:37)
    at sun.reflect.NativeMethodAccessorImpl.invoke0(Native Method)
    at sun.reflect.NativeMethodAccessorImpl.invoke(NativeMethodAccessorImpl.java:62)
    at sun.reflect.DelegatingMethodAccessorImpl.invoke(DelegatingMethodAccessorImpl.java:43)
14:40:19.491 [pool-5-thread-1] INFO  f.i.l.c.t.SpecificationTestCasesListener - Tests run finished (4 ms)
<> Total tests run: 1
<> Ignored tests: 0
<> Failed tests: 1
~ test_4(java_testcases.junit.NEXT_PALINDROME_Test)
[expected:<[1,0,0,[1]]> but was:<[1,0,0,[0]]>]
org.junit.ComparisonFailure: expected:<[1,0,0,[1]]> but was:<[1,0,0,[0]]>    at org.junit.Assert.assertEquals(Assert.java:115)
    at org.junit.Assert.assertEquals(Assert.java:144)
    at java_testcases.junit.NEXT_PALINDROME_Test.test_4(NEXT_PALINDROME_Test.java:37)
    at sun.reflect.NativeMethodAccessorImpl.invoke0(Native Method)
    at sun.reflect.NativeMethodAccessorImpl.invoke(NativeMethodAccessorImpl.java:62)
    at sun.reflect.DelegatingMethodAccessorImpl.invoke(DelegatingMethodAccessorImpl.java:43)

org.junit.ComparisonFailure: expected:<[1,0,0,[]1]> but was:<[1,0,0,[0,]1]>
    at org.junit.Assert.assertEquals(Assert.java:115)
    at org.junit.Assert.assertEquals(Assert.java:144)
    at java_testcases.junit.NEXT_PALINDROME_Test.test_4(NEXT_PALINDROME_Test.java:37)
    at sun.reflect.NativeMethodAccessorImpl.invoke0(Native Method)
    at sun.reflect.NativeMethodAccessorImpl.invoke(NativeMethodAccessorImpl.java:62)
    at sun.reflect.DelegatingMethodAccessorImpl.invoke(DelegatingMethodAccessorImpl.java:43)
14:40:19.492 [pool-6-thread-1] INFO  f.i.l.c.t.SpecificationTestCasesListener - Tests run finished (0 ms)
<> Total tests run: 1
<> Ignored tests: 0
<> Failed tests: 1
~ test_4(java_testcases.junit.NEXT_PALINDROME_Test)
[expected:<[1,0,0,[]1]> but was:<[1,0,0,[0,]1]>]
org.junit.ComparisonFailure: expected:<[1,0,0,[]1]> but was:<[1,0,0,[0,]1]>    at org.junit.Assert.assertEquals(Assert.java:115)
    at org.junit.Assert.assertEquals(Assert.java:144)
    at java_testcases.junit.NEXT_PALINDROME_Test.test_4(NEXT_PALINDROME_Test.java:37)
    at sun.reflect.NativeMethodAccessorImpl.invoke0(Native Method)
    at sun.reflect.NativeMethodAccessorImpl.invoke(NativeMethodAccessorImpl.java:62)
    at sun.reflect.DelegatingMethodAccessorImpl.invoke(DelegatingMethodAccessorImpl.java:43)

14:40:19.493 [pool-3-thread-1] DEBUG tests.output - Failing tests with false: 
[test_4(java_testcases.junit.NEXT_PALINDROME_Test): expected:<[1,0,0,[1]]> but was:<[1,0,0,[0]]>]
14:40:19.493 [pool-3-thread-1] DEBUG tests.output - Failing tests with true: 
[test_4(java_testcases.junit.NEXT_PALINDROME_Test): expected:<[1,0,0,[]1]> but was:<[1,0,0,[0,]1]>]
14:40:19.493 [pool-3-thread-1] INFO  f.i.l.r.n.synth.SMTNopolSynthesizer - Not enough specifications: 0. A trivial patch is "true" or "false", please write new tests specifying SourceLocation java_programs.NEXT_PALINDROME:36.
14:40:19.493 [pool-2-thread-1] DEBUG fr.inria.lille.repair.nopol.NoPol - statement #3
14:40:19.493 [pool-2-thread-1] DEBUG fr.inria.lille.repair.nopol.NoPol - Analysing SourceLocation java_programs.NEXT_PALINDROME:35 which is executed by 1 tests
2007434438
14:40:19.533 [pool-2-thread-1] DEBUG fr.inria.lille.repair.nopol.NoPol - looking with class fr.inria.lille.repair.nopol.spoon.smt.ConditionalAdder
org.junit.ComparisonFailure: expected:<[1,0,0,[]1]> but was:<[1,0,0,[0,]1]>
    at org.junit.Assert.assertEquals(Assert.java:115)
    at org.junit.Assert.assertEquals(Assert.java:144)
    at java_testcases.junit.NEXT_PALINDROME_Test.test_4(NEXT_PALINDROME_Test.java:37)
    at sun.reflect.NativeMethodAccessorImpl.invoke0(Native Method)
    at sun.reflect.NativeMethodAccessorImpl.invoke(NativeMethodAccessorImpl.java:62)
    at sun.reflect.DelegatingMethodAccessorImpl.invoke(DelegatingMethodAccessorImpl.java:43)
14:40:19.538 [pool-8-thread-1] INFO  xxl.java.junit.TestCasesListener - Tests run finished (3 ms)
<> Total tests run: 5
<> Ignored tests: 0
<> Failed tests: 1
~ test_4(java_testcases.junit.NEXT_PALINDROME_Test)
[expected:<[1,0,0,[]1]> but was:<[1,0,0,[0,]1]>]
org.junit.ComparisonFailure: expected:<[1,0,0,[]1]> but was:<[1,0,0,[0,]1]>    at org.junit.Assert.assertEquals(Assert.java:115)
    at org.junit.Assert.assertEquals(Assert.java:144)
    at java_testcases.junit.NEXT_PALINDROME_Test.test_4(NEXT_PALINDROME_Test.java:37)
    at sun.reflect.NativeMethodAccessorImpl.invoke0(Native Method)
    at sun.reflect.NativeMethodAccessorImpl.invoke(NativeMethodAccessorImpl.java:62)
    at sun.reflect.DelegatingMethodAccessorImpl.invoke(DelegatingMethodAccessorImpl.java:43)

org.junit.ComparisonFailure: expected:<[1,[0,0,]1]> but was:<[1,[]1]>
    at org.junit.Assert.assertEquals(Assert.java:115)
    at org.junit.Assert.assertEquals(Assert.java:144)
    at java_testcases.junit.NEXT_PALINDROME_Test.test_4(NEXT_PALINDROME_Test.java:37)
    at sun.reflect.NativeMethodAccessorImpl.invoke0(Native Method)
    at sun.reflect.NativeMethodAccessorImpl.invoke(NativeMethodAccessorImpl.java:62)
    at sun.reflect.DelegatingMethodAccessorImpl.invoke(DelegatingMethodAccessorImpl.java:43)
14:40:19.636 [pool-9-thread-1] INFO  f.i.l.c.t.SpecificationTestCasesListener - Tests run finished (2 ms)
<> Total tests run: 1
<> Ignored tests: 0
<> Failed tests: 1
~ test_4(java_testcases.junit.NEXT_PALINDROME_Test)
[expected:<[1,[0,0,]1]> but was:<[1,[]1]>]
org.junit.ComparisonFailure: expected:<[1,[0,0,]1]> but was:<[1,[]1]>    at org.junit.Assert.assertEquals(Assert.java:115)
    at org.junit.Assert.assertEquals(Assert.java:144)
    at java_testcases.junit.NEXT_PALINDROME_Test.test_4(NEXT_PALINDROME_Test.java:37)
    at sun.reflect.NativeMethodAccessorImpl.invoke0(Native Method)
    at sun.reflect.NativeMethodAccessorImpl.invoke(NativeMethodAccessorImpl.java:62)
    at sun.reflect.DelegatingMethodAccessorImpl.invoke(DelegatingMethodAccessorImpl.java:43)

org.junit.ComparisonFailure: expected:<[1,0,0,[]1]> but was:<[1,0,0,[0,]1]>
    at org.junit.Assert.assertEquals(Assert.java:115)
    at org.junit.Assert.assertEquals(Assert.java:144)
    at java_testcases.junit.NEXT_PALINDROME_Test.test_4(NEXT_PALINDROME_Test.java:37)
    at sun.reflect.NativeMethodAccessorImpl.invoke0(Native Method)
    at sun.reflect.NativeMethodAccessorImpl.invoke(NativeMethodAccessorImpl.java:62)
    at sun.reflect.DelegatingMethodAccessorImpl.invoke(DelegatingMethodAccessorImpl.java:43)
14:40:19.638 [pool-10-thread-1] INFO  f.i.l.c.t.SpecificationTestCasesListener - Tests run finished (1 ms)
<> Total tests run: 1
<> Ignored tests: 0
<> Failed tests: 1
~ test_4(java_testcases.junit.NEXT_PALINDROME_Test)
[expected:<[1,0,0,[]1]> but was:<[1,0,0,[0,]1]>]
org.junit.ComparisonFailure: expected:<[1,0,0,[]1]> but was:<[1,0,0,[0,]1]>    at org.junit.Assert.assertEquals(Assert.java:115)
    at org.junit.Assert.assertEquals(Assert.java:144)
    at java_testcases.junit.NEXT_PALINDROME_Test.test_4(NEXT_PALINDROME_Test.java:37)
    at sun.reflect.NativeMethodAccessorImpl.invoke0(Native Method)
    at sun.reflect.NativeMethodAccessorImpl.invoke(NativeMethodAccessorImpl.java:62)
    at sun.reflect.DelegatingMethodAccessorImpl.invoke(DelegatingMethodAccessorImpl.java:43)

14:40:19.638 [pool-7-thread-1] DEBUG tests.output - Failing tests with false: 
[test_4(java_testcases.junit.NEXT_PALINDROME_Test): expected:<[1,[0,0,]1]> but was:<[1,[]1]>]
14:40:19.638 [pool-7-thread-1] DEBUG tests.output - Failing tests with true: 
[test_4(java_testcases.junit.NEXT_PALINDROME_Test): expected:<[1,0,0,[]1]> but was:<[1,0,0,[0,]1]>]
14:40:19.638 [pool-7-thread-1] INFO  f.i.l.r.n.synth.SMTNopolSynthesizer - Not enough specifications: 0. A trivial patch is "true" or "false", please write new tests specifying SourceLocation java_programs.NEXT_PALINDROME:35.
14:40:19.638 [pool-2-thread-1] DEBUG fr.inria.lille.repair.nopol.NoPol - statement #4
14:40:19.638 [pool-2-thread-1] DEBUG fr.inria.lille.repair.nopol.NoPol - Analysing SourceLocation java_programs.NEXT_PALINDROME:34 which is executed by 1 tests
2007434438
14:40:19.685 [pool-2-thread-1] DEBUG fr.inria.lille.repair.nopol.NoPol - looking with class fr.inria.lille.repair.nopol.spoon.smt.ConditionalAdder
org.junit.ComparisonFailure: expected:<[1,0,0,[]1]> but was:<[1,0,0,[0,]1]>
    at org.junit.Assert.assertEquals(Assert.java:115)
    at org.junit.Assert.assertEquals(Assert.java:144)
    at java_testcases.junit.NEXT_PALINDROME_Test.test_4(NEXT_PALINDROME_Test.java:37)
    at sun.reflect.NativeMethodAccessorImpl.invoke0(Native Method)
    at sun.reflect.NativeMethodAccessorImpl.invoke(NativeMethodAccessorImpl.java:62)
    at sun.reflect.DelegatingMethodAccessorImpl.invoke(DelegatingMethodAccessorImpl.java:43)
14:40:19.690 [pool-12-thread-1] INFO  xxl.java.junit.TestCasesListener - Tests run finished (3 ms)
<> Total tests run: 5
<> Ignored tests: 0
<> Failed tests: 1
~ test_4(java_testcases.junit.NEXT_PALINDROME_Test)
[expected:<[1,0,0,[]1]> but was:<[1,0,0,[0,]1]>]
org.junit.ComparisonFailure: expected:<[1,0,0,[]1]> but was:<[1,0,0,[0,]1]>    at org.junit.Assert.assertEquals(Assert.java:115)
    at org.junit.Assert.assertEquals(Assert.java:144)
    at java_testcases.junit.NEXT_PALINDROME_Test.test_4(NEXT_PALINDROME_Test.java:37)
    at sun.reflect.NativeMethodAccessorImpl.invoke0(Native Method)
    at sun.reflect.NativeMethodAccessorImpl.invoke(NativeMethodAccessorImpl.java:62)
    at sun.reflect.DelegatingMethodAccessorImpl.invoke(DelegatingMethodAccessorImpl.java:43)

org.junit.ComparisonFailure: expected:<[[1],0,0,1]> but was:<[[0],0,0,1]>
    at org.junit.Assert.assertEquals(Assert.java:115)
    at org.junit.Assert.assertEquals(Assert.java:144)
    at java_testcases.junit.NEXT_PALINDROME_Test.test_4(NEXT_PALINDROME_Test.java:37)
    at sun.reflect.NativeMethodAccessorImpl.invoke0(Native Method)
    at sun.reflect.NativeMethodAccessorImpl.invoke(NativeMethodAccessorImpl.java:62)
    at sun.reflect.DelegatingMethodAccessorImpl.invoke(DelegatingMethodAccessorImpl.java:43)
14:40:19.792 [pool-13-thread-1] INFO  f.i.l.c.t.SpecificationTestCasesListener - Tests run finished (9 ms)
<> Total tests run: 1
<> Ignored tests: 0
<> Failed tests: 1
~ test_4(java_testcases.junit.NEXT_PALINDROME_Test)
[expected:<[[1],0,0,1]> but was:<[[0],0,0,1]>]
org.junit.ComparisonFailure: expected:<[[1],0,0,1]> but was:<[[0],0,0,1]>    at org.junit.Assert.assertEquals(Assert.java:115)
    at org.junit.Assert.assertEquals(Assert.java:144)
    at java_testcases.junit.NEXT_PALINDROME_Test.test_4(NEXT_PALINDROME_Test.java:37)
    at sun.reflect.NativeMethodAccessorImpl.invoke0(Native Method)
    at sun.reflect.NativeMethodAccessorImpl.invoke(NativeMethodAccessorImpl.java:62)
    at sun.reflect.DelegatingMethodAccessorImpl.invoke(DelegatingMethodAccessorImpl.java:43)

org.junit.ComparisonFailure: expected:<[1,0,0,[]1]> but was:<[1,0,0,[0,]1]>
    at org.junit.Assert.assertEquals(Assert.java:115)
    at org.junit.Assert.assertEquals(Assert.java:144)
    at java_testcases.junit.NEXT_PALINDROME_Test.test_4(NEXT_PALINDROME_Test.java:37)
    at sun.reflect.NativeMethodAccessorImpl.invoke0(Native Method)
    at sun.reflect.NativeMethodAccessorImpl.invoke(NativeMethodAccessorImpl.java:62)
    at sun.reflect.DelegatingMethodAccessorImpl.invoke(DelegatingMethodAccessorImpl.java:43)
14:40:19.793 [pool-14-thread-1] INFO  f.i.l.c.t.SpecificationTestCasesListener - Tests run finished (1 ms)
<> Total tests run: 1
<> Ignored tests: 0
<> Failed tests: 1
~ test_4(java_testcases.junit.NEXT_PALINDROME_Test)
[expected:<[1,0,0,[]1]> but was:<[1,0,0,[0,]1]>]
org.junit.ComparisonFailure: expected:<[1,0,0,[]1]> but was:<[1,0,0,[0,]1]>    at org.junit.Assert.assertEquals(Assert.java:115)
    at org.junit.Assert.assertEquals(Assert.java:144)
    at java_testcases.junit.NEXT_PALINDROME_Test.test_4(NEXT_PALINDROME_Test.java:37)
    at sun.reflect.NativeMethodAccessorImpl.invoke0(Native Method)
    at sun.reflect.NativeMethodAccessorImpl.invoke(NativeMethodAccessorImpl.java:62)
    at sun.reflect.DelegatingMethodAccessorImpl.invoke(DelegatingMethodAccessorImpl.java:43)

14:40:19.794 [pool-11-thread-1] DEBUG tests.output - Failing tests with false: 
[test_4(java_testcases.junit.NEXT_PALINDROME_Test): expected:<[[1],0,0,1]> but was:<[[0],0,0,1]>]
14:40:19.794 [pool-11-thread-1] DEBUG tests.output - Failing tests with true: 
[test_4(java_testcases.junit.NEXT_PALINDROME_Test): expected:<[1,0,0,[]1]> but was:<[1,0,0,[0,]1]>]
14:40:19.794 [pool-11-thread-1] INFO  f.i.l.r.n.synth.SMTNopolSynthesizer - Not enough specifications: 0. A trivial patch is "true" or "false", please write new tests specifying SourceLocation java_programs.NEXT_PALINDROME:34.
14:40:19.794 [pool-2-thread-1] DEBUG fr.inria.lille.repair.nopol.NoPol - statement #5
14:40:19.794 [pool-2-thread-1] DEBUG fr.inria.lille.repair.nopol.NoPol - Analysing SourceLocation java_programs.NEXT_PALINDROME:33 which is executed by 1 tests
2007434438
14:40:19.843 [pool-2-thread-1] DEBUG fr.inria.lille.repair.nopol.NoPol - statement #6
14:40:19.843 [pool-2-thread-1] DEBUG fr.inria.lille.repair.nopol.NoPol - Analysing SourceLocation java_programs.NEXT_PALINDROME:23 which is executed by 2 tests
2007434438
14:40:19.885 [pool-2-thread-1] DEBUG fr.inria.lille.repair.nopol.NoPol - looking with class fr.inria.lille.repair.nopol.spoon.smt.ConditionalAdder
org.junit.ComparisonFailure: expected:<[1,0,0,[]1]> but was:<[1,0,0,[0,]1]>
    at org.junit.Assert.assertEquals(Assert.java:115)
    at org.junit.Assert.assertEquals(Assert.java:144)
    at java_testcases.junit.NEXT_PALINDROME_Test.test_4(NEXT_PALINDROME_Test.java:37)
    at sun.reflect.NativeMethodAccessorImpl.invoke0(Native Method)
    at sun.reflect.NativeMethodAccessorImpl.invoke(NativeMethodAccessorImpl.java:62)
    at sun.reflect.DelegatingMethodAccessorImpl.invoke(DelegatingMethodAccessorImpl.java:43)
14:40:19.889 [pool-16-thread-1] INFO  xxl.java.junit.TestCasesListener - Tests run finished (2 ms)
<> Total tests run: 5
<> Ignored tests: 0
<> Failed tests: 1
~ test_4(java_testcases.junit.NEXT_PALINDROME_Test)
[expected:<[1,0,0,[]1]> but was:<[1,0,0,[0,]1]>]
org.junit.ComparisonFailure: expected:<[1,0,0,[]1]> but was:<[1,0,0,[0,]1]>    at org.junit.Assert.assertEquals(Assert.java:115)
    at org.junit.Assert.assertEquals(Assert.java:144)
    at java_testcases.junit.NEXT_PALINDROME_Test.test_4(NEXT_PALINDROME_Test.java:37)
    at sun.reflect.NativeMethodAccessorImpl.invoke0(Native Method)
    at sun.reflect.NativeMethodAccessorImpl.invoke(NativeMethodAccessorImpl.java:62)
    at sun.reflect.DelegatingMethodAccessorImpl.invoke(DelegatingMethodAccessorImpl.java:43)

org.junit.ComparisonFailure: expected:<[1,0,0,[]1]> but was:<[1,0,0,[0,]1]>
    at org.junit.Assert.assertEquals(Assert.java:115)
    at org.junit.Assert.assertEquals(Assert.java:144)
    at java_testcases.junit.NEXT_PALINDROME_Test.test_4(NEXT_PALINDROME_Test.java:37)
    at sun.reflect.NativeMethodAccessorImpl.invoke0(Native Method)
    at sun.reflect.NativeMethodAccessorImpl.invoke(NativeMethodAccessorImpl.java:62)
    at sun.reflect.DelegatingMethodAccessorImpl.invoke(DelegatingMethodAccessorImpl.java:43)
14:40:19.973 [pool-17-thread-1] INFO  f.i.l.c.t.SpecificationTestCasesListener - Tests run finished (1 ms)
<> Total tests run: 1
<> Ignored tests: 0
<> Failed tests: 1
~ test_4(java_testcases.junit.NEXT_PALINDROME_Test)
[expected:<[1,0,0,[]1]> but was:<[1,0,0,[0,]1]>]
org.junit.ComparisonFailure: expected:<[1,0,0,[]1]> but was:<[1,0,0,[0,]1]>    at org.junit.Assert.assertEquals(Assert.java:115)
    at org.junit.Assert.assertEquals(Assert.java:144)
    at java_testcases.junit.NEXT_PALINDROME_Test.test_4(NEXT_PALINDROME_Test.java:37)
    at sun.reflect.NativeMethodAccessorImpl.invoke0(Native Method)
    at sun.reflect.NativeMethodAccessorImpl.invoke(NativeMethodAccessorImpl.java:62)
    at sun.reflect.DelegatingMethodAccessorImpl.invoke(DelegatingMethodAccessorImpl.java:43)

org.junit.ComparisonFailure: expected:<[1,0,0,[]1]> but was:<[1,0,0,[0,]1]>
    at org.junit.Assert.assertEquals(Assert.java:115)
    at org.junit.Assert.assertEquals(Assert.java:144)
    at java_testcases.junit.NEXT_PALINDROME_Test.test_4(NEXT_PALINDROME_Test.java:37)
    at sun.reflect.NativeMethodAccessorImpl.invoke0(Native Method)
    at sun.reflect.NativeMethodAccessorImpl.invoke(NativeMethodAccessorImpl.java:62)
    at sun.reflect.DelegatingMethodAccessorImpl.invoke(DelegatingMethodAccessorImpl.java:43)
14:40:19.975 [pool-18-thread-1] INFO  f.i.l.c.t.SpecificationTestCasesListener - Tests run finished (1 ms)
<> Total tests run: 1
<> Ignored tests: 0
<> Failed tests: 1
~ test_4(java_testcases.junit.NEXT_PALINDROME_Test)
[expected:<[1,0,0,[]1]> but was:<[1,0,0,[0,]1]>]
org.junit.ComparisonFailure: expected:<[1,0,0,[]1]> but was:<[1,0,0,[0,]1]>    at org.junit.Assert.assertEquals(Assert.java:115)
    at org.junit.Assert.assertEquals(Assert.java:144)
    at java_testcases.junit.NEXT_PALINDROME_Test.test_4(NEXT_PALINDROME_Test.java:37)
    at sun.reflect.NativeMethodAccessorImpl.invoke0(Native Method)
    at sun.reflect.NativeMethodAccessorImpl.invoke(NativeMethodAccessorImpl.java:62)
    at sun.reflect.DelegatingMethodAccessorImpl.invoke(DelegatingMethodAccessorImpl.java:43)

14:40:19.975 [pool-15-thread-1] DEBUG tests.output - Failing tests with false: 
[test_4(java_testcases.junit.NEXT_PALINDROME_Test): expected:<[1,0,0,[]1]> but was:<[1,0,0,[0,]1]>]
14:40:19.975 [pool-15-thread-1] DEBUG tests.output - Failing tests with true: 
[test_4(java_testcases.junit.NEXT_PALINDROME_Test): expected:<[1,0,0,[]1]> but was:<[1,0,0,[0,]1]>]
14:40:19.975 [pool-15-thread-1] INFO  f.i.l.r.n.synth.SMTNopolSynthesizer - Not enough specifications: 0. A trivial patch is "true" or "false", please write new tests specifying SourceLocation java_programs.NEXT_PALINDROME:23.
14:40:19.975 [pool-2-thread-1] DEBUG fr.inria.lille.repair.nopol.NoPol - statement #7
14:40:19.975 [pool-2-thread-1] DEBUG fr.inria.lille.repair.nopol.NoPol - Analysing SourceLocation java_programs.NEXT_PALINDROME:22 which is executed by 2 tests
2007434438
14:40:20.012 [pool-2-thread-1] DEBUG fr.inria.lille.repair.nopol.NoPol - looking with class fr.inria.lille.repair.nopol.spoon.smt.ConditionalAdder
org.junit.ComparisonFailure: expected:<[1,0,0,[]1]> but was:<[1,0,0,[0,]1]>
    at org.junit.Assert.assertEquals(Assert.java:115)
    at org.junit.Assert.assertEquals(Assert.java:144)
    at java_testcases.junit.NEXT_PALINDROME_Test.test_4(NEXT_PALINDROME_Test.java:37)
    at sun.reflect.NativeMethodAccessorImpl.invoke0(Native Method)
    at sun.reflect.NativeMethodAccessorImpl.invoke(NativeMethodAccessorImpl.java:62)
    at sun.reflect.DelegatingMethodAccessorImpl.invoke(DelegatingMethodAccessorImpl.java:43)
14:40:20.015 [pool-20-thread-1] INFO  xxl.java.junit.TestCasesListener - Tests run finished (2 ms)
<> Total tests run: 5
<> Ignored tests: 0
<> Failed tests: 1
~ test_4(java_testcases.junit.NEXT_PALINDROME_Test)
[expected:<[1,0,0,[]1]> but was:<[1,0,0,[0,]1]>]
org.junit.ComparisonFailure: expected:<[1,0,0,[]1]> but was:<[1,0,0,[0,]1]>    at org.junit.Assert.assertEquals(Assert.java:115)
    at org.junit.Assert.assertEquals(Assert.java:144)
    at java_testcases.junit.NEXT_PALINDROME_Test.test_4(NEXT_PALINDROME_Test.java:37)
    at sun.reflect.NativeMethodAccessorImpl.invoke0(Native Method)
    at sun.reflect.NativeMethodAccessorImpl.invoke(NativeMethodAccessorImpl.java:62)
    at sun.reflect.DelegatingMethodAccessorImpl.invoke(DelegatingMethodAccessorImpl.java:43)

org.junit.ComparisonFailure: expected:<[1[,0,0,1]]> but was:<[1[0,1,9]]>
    at org.junit.Assert.assertEquals(Assert.java:115)
    at org.junit.Assert.assertEquals(Assert.java:144)
    at java_testcases.junit.NEXT_PALINDROME_Test.test_4(NEXT_PALINDROME_Test.java:37)
    at sun.reflect.NativeMethodAccessorImpl.invoke0(Native Method)
    at sun.reflect.NativeMethodAccessorImpl.invoke(NativeMethodAccessorImpl.java:62)
    at sun.reflect.DelegatingMethodAccessorImpl.invoke(DelegatingMethodAccessorImpl.java:43)
14:40:20.089 [pool-21-thread-1] INFO  f.i.l.c.t.SpecificationTestCasesListener - Tests run finished (1 ms)
<> Total tests run: 1
<> Ignored tests: 0
<> Failed tests: 1
~ test_4(java_testcases.junit.NEXT_PALINDROME_Test)
[expected:<[1[,0,0,1]]> but was:<[1[0,1,9]]>]
org.junit.ComparisonFailure: expected:<[1[,0,0,1]]> but was:<[1[0,1,9]]>    at org.junit.Assert.assertEquals(Assert.java:115)
    at org.junit.Assert.assertEquals(Assert.java:144)
    at java_testcases.junit.NEXT_PALINDROME_Test.test_4(NEXT_PALINDROME_Test.java:37)
    at sun.reflect.NativeMethodAccessorImpl.invoke0(Native Method)
    at sun.reflect.NativeMethodAccessorImpl.invoke(NativeMethodAccessorImpl.java:62)
    at sun.reflect.DelegatingMethodAccessorImpl.invoke(DelegatingMethodAccessorImpl.java:43)

org.junit.ComparisonFailure: expected:<[1,0,0,[]1]> but was:<[1,0,0,[0,]1]>
    at org.junit.Assert.assertEquals(Assert.java:115)
    at org.junit.Assert.assertEquals(Assert.java:144)
    at java_testcases.junit.NEXT_PALINDROME_Test.test_4(NEXT_PALINDROME_Test.java:37)
    at sun.reflect.NativeMethodAccessorImpl.invoke0(Native Method)
    at sun.reflect.NativeMethodAccessorImpl.invoke(NativeMethodAccessorImpl.java:62)
    at sun.reflect.DelegatingMethodAccessorImpl.invoke(DelegatingMethodAccessorImpl.java:43)
14:40:20.090 [pool-22-thread-1] INFO  f.i.l.c.t.SpecificationTestCasesListener - Tests run finished (1 ms)
<> Total tests run: 1
<> Ignored tests: 0
<> Failed tests: 1
~ test_4(java_testcases.junit.NEXT_PALINDROME_Test)
[expected:<[1,0,0,[]1]> but was:<[1,0,0,[0,]1]>]
org.junit.ComparisonFailure: expected:<[1,0,0,[]1]> but was:<[1,0,0,[0,]1]>    at org.junit.Assert.assertEquals(Assert.java:115)
    at org.junit.Assert.assertEquals(Assert.java:144)
    at java_testcases.junit.NEXT_PALINDROME_Test.test_4(NEXT_PALINDROME_Test.java:37)
    at sun.reflect.NativeMethodAccessorImpl.invoke0(Native Method)
    at sun.reflect.NativeMethodAccessorImpl.invoke(NativeMethodAccessorImpl.java:62)
    at sun.reflect.DelegatingMethodAccessorImpl.invoke(DelegatingMethodAccessorImpl.java:43)

14:40:20.090 [pool-19-thread-1] DEBUG tests.output - Failing tests with false: 
[test_4(java_testcases.junit.NEXT_PALINDROME_Test): expected:<[1[,0,0,1]]> but was:<[1[0,1,9]]>]
14:40:20.090 [pool-19-thread-1] DEBUG tests.output - Failing tests with true: 
[test_4(java_testcases.junit.NEXT_PALINDROME_Test): expected:<[1,0,0,[]1]> but was:<[1,0,0,[0,]1]>]
14:40:20.091 [pool-19-thread-1] INFO  f.i.l.r.n.synth.SMTNopolSynthesizer - Not enough specifications: 0. A trivial patch is "true" or "false", please write new tests specifying SourceLocation java_programs.NEXT_PALINDROME:22.
14:40:20.091 [pool-2-thread-1] DEBUG fr.inria.lille.repair.nopol.NoPol - statement #8
14:40:20.091 [pool-2-thread-1] DEBUG fr.inria.lille.repair.nopol.NoPol - Analysing SourceLocation java_programs.NEXT_PALINDROME:21 which is executed by 2 tests
2007434438
14:40:20.128 [pool-2-thread-1] DEBUG fr.inria.lille.repair.nopol.NoPol - looking with class fr.inria.lille.repair.nopol.spoon.smt.ConditionalAdder
org.junit.ComparisonFailure: expected:<[1,0,0,[]1]> but was:<[1,0,0,[0,]1]>
    at org.junit.Assert.assertEquals(Assert.java:115)
    at org.junit.Assert.assertEquals(Assert.java:144)
    at java_testcases.junit.NEXT_PALINDROME_Test.test_4(NEXT_PALINDROME_Test.java:37)
    at sun.reflect.NativeMethodAccessorImpl.invoke0(Native Method)
    at sun.reflect.NativeMethodAccessorImpl.invoke(NativeMethodAccessorImpl.java:62)
    at sun.reflect.DelegatingMethodAccessorImpl.invoke(DelegatingMethodAccessorImpl.java:43)
14:40:20.134 [pool-24-thread-1] INFO  xxl.java.junit.TestCasesListener - Tests run finished (5 ms)
<> Total tests run: 5
<> Ignored tests: 0
<> Failed tests: 1
~ test_4(java_testcases.junit.NEXT_PALINDROME_Test)
[expected:<[1,0,0,[]1]> but was:<[1,0,0,[0,]1]>]
org.junit.ComparisonFailure: expected:<[1,0,0,[]1]> but was:<[1,0,0,[0,]1]>    at org.junit.Assert.assertEquals(Assert.java:115)
    at org.junit.Assert.assertEquals(Assert.java:144)
    at java_testcases.junit.NEXT_PALINDROME_Test.test_4(NEXT_PALINDROME_Test.java:37)
    at sun.reflect.NativeMethodAccessorImpl.invoke0(Native Method)
    at sun.reflect.NativeMethodAccessorImpl.invoke(NativeMethodAccessorImpl.java:62)
    at sun.reflect.DelegatingMethodAccessorImpl.invoke(DelegatingMethodAccessorImpl.java:43)

org.junit.ComparisonFailure: expected:<[1,0,0,[]1]> but was:<[1,0,0,[0,]1]>
    at org.junit.Assert.assertEquals(Assert.java:115)
    at org.junit.Assert.assertEquals(Assert.java:144)
    at java_testcases.junit.NEXT_PALINDROME_Test.test_4(NEXT_PALINDROME_Test.java:37)
    at sun.reflect.NativeMethodAccessorImpl.invoke0(Native Method)
    at sun.reflect.NativeMethodAccessorImpl.invoke(NativeMethodAccessorImpl.java:62)
    at sun.reflect.DelegatingMethodAccessorImpl.invoke(DelegatingMethodAccessorImpl.java:43)
14:40:20.208 [pool-25-thread-1] INFO  f.i.l.c.t.SpecificationTestCasesListener - Tests run finished (2 ms)
<> Total tests run: 1
<> Ignored tests: 0
<> Failed tests: 1
~ test_4(java_testcases.junit.NEXT_PALINDROME_Test)
[expected:<[1,0,0,[]1]> but was:<[1,0,0,[0,]1]>]
org.junit.ComparisonFailure: expected:<[1,0,0,[]1]> but was:<[1,0,0,[0,]1]>    at org.junit.Assert.assertEquals(Assert.java:115)
    at org.junit.Assert.assertEquals(Assert.java:144)
    at java_testcases.junit.NEXT_PALINDROME_Test.test_4(NEXT_PALINDROME_Test.java:37)
    at sun.reflect.NativeMethodAccessorImpl.invoke0(Native Method)
    at sun.reflect.NativeMethodAccessorImpl.invoke(NativeMethodAccessorImpl.java:62)
    at sun.reflect.DelegatingMethodAccessorImpl.invoke(DelegatingMethodAccessorImpl.java:43)

org.junit.ComparisonFailure: expected:<[1,0,0,[]1]> but was:<[1,0,0,[0,]1]>
    at org.junit.Assert.assertEquals(Assert.java:115)
    at org.junit.Assert.assertEquals(Assert.java:144)
    at java_testcases.junit.NEXT_PALINDROME_Test.test_4(NEXT_PALINDROME_Test.java:37)
    at sun.reflect.NativeMethodAccessorImpl.invoke0(Native Method)
    at sun.reflect.NativeMethodAccessorImpl.invoke(NativeMethodAccessorImpl.java:62)
    at sun.reflect.DelegatingMethodAccessorImpl.invoke(DelegatingMethodAccessorImpl.java:43)
14:40:20.210 [pool-26-thread-1] INFO  f.i.l.c.t.SpecificationTestCasesListener - Tests run finished (1 ms)
<> Total tests run: 1
<> Ignored tests: 0
<> Failed tests: 1
~ test_4(java_testcases.junit.NEXT_PALINDROME_Test)
[expected:<[1,0,0,[]1]> but was:<[1,0,0,[0,]1]>]
org.junit.ComparisonFailure: expected:<[1,0,0,[]1]> but was:<[1,0,0,[0,]1]>    at org.junit.Assert.assertEquals(Assert.java:115)
    at org.junit.Assert.assertEquals(Assert.java:144)
    at java_testcases.junit.NEXT_PALINDROME_Test.test_4(NEXT_PALINDROME_Test.java:37)
    at sun.reflect.NativeMethodAccessorImpl.invoke0(Native Method)
    at sun.reflect.NativeMethodAccessorImpl.invoke(NativeMethodAccessorImpl.java:62)
    at sun.reflect.DelegatingMethodAccessorImpl.invoke(DelegatingMethodAccessorImpl.java:43)

14:40:20.211 [pool-23-thread-1] DEBUG tests.output - Failing tests with false: 
[test_4(java_testcases.junit.NEXT_PALINDROME_Test): expected:<[1,0,0,[]1]> but was:<[1,0,0,[0,]1]>]
14:40:20.211 [pool-23-thread-1] DEBUG tests.output - Failing tests with true: 
[test_4(java_testcases.junit.NEXT_PALINDROME_Test): expected:<[1,0,0,[]1]> but was:<[1,0,0,[0,]1]>]
14:40:20.211 [pool-23-thread-1] INFO  f.i.l.r.n.synth.SMTNopolSynthesizer - Not enough specifications: 0. A trivial patch is "true" or "false", please write new tests specifying SourceLocation java_programs.NEXT_PALINDROME:21.
14:40:20.211 [pool-2-thread-1] DEBUG fr.inria.lille.repair.nopol.NoPol - statement #9
14:40:20.211 [pool-2-thread-1] DEBUG fr.inria.lille.repair.nopol.NoPol - Analysing SourceLocation java_programs.NEXT_PALINDROME:20 which is executed by 2 tests
2007434438
14:40:20.247 [pool-2-thread-1] DEBUG fr.inria.lille.repair.nopol.NoPol - looking with class fr.inria.lille.repair.nopol.spoon.smt.ConditionalAdder
org.junit.ComparisonFailure: expected:<[1,0,0,[]1]> but was:<[1,0,0,[0,]1]>
    at org.junit.Assert.assertEquals(Assert.java:115)
    at org.junit.Assert.assertEquals(Assert.java:144)
    at java_testcases.junit.NEXT_PALINDROME_Test.test_4(NEXT_PALINDROME_Test.java:37)
    at sun.reflect.NativeMethodAccessorImpl.invoke0(Native Method)
    at sun.reflect.NativeMethodAccessorImpl.invoke(NativeMethodAccessorImpl.java:62)
    at sun.reflect.DelegatingMethodAccessorImpl.invoke(DelegatingMethodAccessorImpl.java:43)
14:40:20.252 [pool-28-thread-1] INFO  xxl.java.junit.TestCasesListener - Tests run finished (3 ms)
<> Total tests run: 5
<> Ignored tests: 0
<> Failed tests: 1
~ test_4(java_testcases.junit.NEXT_PALINDROME_Test)
[expected:<[1,0,0,[]1]> but was:<[1,0,0,[0,]1]>]
org.junit.ComparisonFailure: expected:<[1,0,0,[]1]> but was:<[1,0,0,[0,]1]>    at org.junit.Assert.assertEquals(Assert.java:115)
    at org.junit.Assert.assertEquals(Assert.java:144)
    at java_testcases.junit.NEXT_PALINDROME_Test.test_4(NEXT_PALINDROME_Test.java:37)
    at sun.reflect.NativeMethodAccessorImpl.invoke0(Native Method)
    at sun.reflect.NativeMethodAccessorImpl.invoke(NativeMethodAccessorImpl.java:62)
    at sun.reflect.DelegatingMethodAccessorImpl.invoke(DelegatingMethodAccessorImpl.java:43)

org.junit.ComparisonFailure: expected:<[1,0,0,[]1]> but was:<[1,0,0,[0,]1]>
    at org.junit.Assert.assertEquals(Assert.java:115)
    at org.junit.Assert.assertEquals(Assert.java:144)
    at java_testcases.junit.NEXT_PALINDROME_Test.test_4(NEXT_PALINDROME_Test.java:37)
    at sun.reflect.NativeMethodAccessorImpl.invoke0(Native Method)
    at sun.reflect.NativeMethodAccessorImpl.invoke(NativeMethodAccessorImpl.java:62)
    at sun.reflect.DelegatingMethodAccessorImpl.invoke(DelegatingMethodAccessorImpl.java:43)
14:40:20.323 [pool-29-thread-1] INFO  f.i.l.c.t.SpecificationTestCasesListener - Tests run finished (2 ms)
<> Total tests run: 1
<> Ignored tests: 0
<> Failed tests: 1
~ test_4(java_testcases.junit.NEXT_PALINDROME_Test)
[expected:<[1,0,0,[]1]> but was:<[1,0,0,[0,]1]>]
org.junit.ComparisonFailure: expected:<[1,0,0,[]1]> but was:<[1,0,0,[0,]1]>    at org.junit.Assert.assertEquals(Assert.java:115)
    at org.junit.Assert.assertEquals(Assert.java:144)
    at java_testcases.junit.NEXT_PALINDROME_Test.test_4(NEXT_PALINDROME_Test.java:37)
    at sun.reflect.NativeMethodAccessorImpl.invoke0(Native Method)
    at sun.reflect.NativeMethodAccessorImpl.invoke(NativeMethodAccessorImpl.java:62)
    at sun.reflect.DelegatingMethodAccessorImpl.invoke(DelegatingMethodAccessorImpl.java:43)

org.junit.ComparisonFailure: expected:<[1,0,0,[]1]> but was:<[1,0,0,[0,]1]>
    at org.junit.Assert.assertEquals(Assert.java:115)
    at org.junit.Assert.assertEquals(Assert.java:144)
    at java_testcases.junit.NEXT_PALINDROME_Test.test_4(NEXT_PALINDROME_Test.java:37)
    at sun.reflect.NativeMethodAccessorImpl.invoke0(Native Method)
    at sun.reflect.NativeMethodAccessorImpl.invoke(NativeMethodAccessorImpl.java:62)
    at sun.reflect.DelegatingMethodAccessorImpl.invoke(DelegatingMethodAccessorImpl.java:43)
14:40:20.324 [pool-30-thread-1] INFO  f.i.l.c.t.SpecificationTestCasesListener - Tests run finished (0 ms)
<> Total tests run: 1
<> Ignored tests: 0
<> Failed tests: 1
~ test_4(java_testcases.junit.NEXT_PALINDROME_Test)
[expected:<[1,0,0,[]1]> but was:<[1,0,0,[0,]1]>]
org.junit.ComparisonFailure: expected:<[1,0,0,[]1]> but was:<[1,0,0,[0,]1]>    at org.junit.Assert.assertEquals(Assert.java:115)
    at org.junit.Assert.assertEquals(Assert.java:144)
    at java_testcases.junit.NEXT_PALINDROME_Test.test_4(NEXT_PALINDROME_Test.java:37)
    at sun.reflect.NativeMethodAccessorImpl.invoke0(Native Method)
    at sun.reflect.NativeMethodAccessorImpl.invoke(NativeMethodAccessorImpl.java:62)
    at sun.reflect.DelegatingMethodAccessorImpl.invoke(DelegatingMethodAccessorImpl.java:43)

14:40:20.325 [pool-27-thread-1] DEBUG tests.output - Failing tests with false: 
[test_4(java_testcases.junit.NEXT_PALINDROME_Test): expected:<[1,0,0,[]1]> but was:<[1,0,0,[0,]1]>]
14:40:20.325 [pool-27-thread-1] DEBUG tests.output - Failing tests with true: 
[test_4(java_testcases.junit.NEXT_PALINDROME_Test): expected:<[1,0,0,[]1]> but was:<[1,0,0,[0,]1]>]
14:40:20.325 [pool-27-thread-1] INFO  f.i.l.r.n.synth.SMTNopolSynthesizer - Not enough specifications: 0. A trivial patch is "true" or "false", please write new tests specifying SourceLocation java_programs.NEXT_PALINDROME:20.
14:40:20.325 [pool-2-thread-1] DEBUG fr.inria.lille.repair.nopol.NoPol - statement #10
14:40:20.325 [pool-2-thread-1] DEBUG fr.inria.lille.repair.nopol.NoPol - Analysing SourceLocation java_testcases.junit.QuixFixOracleHelper:57 which is executed by 5 tests
14:40:20.325 [pool-2-thread-1] DEBUG fr.inria.lille.repair.nopol.NoPol - cannot spoon SourceLocation java_testcases.junit.QuixFixOracleHelper:57
14:40:20.325 [pool-2-thread-1] DEBUG fr.inria.lille.repair.nopol.NoPol - statement #11
14:40:20.325 [pool-2-thread-1] DEBUG fr.inria.lille.repair.nopol.NoPol - Analysing SourceLocation java_testcases.junit.QuixFixOracleHelper:52 which is executed by 5 tests
14:40:20.325 [pool-2-thread-1] DEBUG fr.inria.lille.repair.nopol.NoPol - cannot spoon SourceLocation java_testcases.junit.QuixFixOracleHelper:52
14:40:20.325 [pool-2-thread-1] DEBUG fr.inria.lille.repair.nopol.NoPol - statement #12
14:40:20.326 [pool-2-thread-1] DEBUG fr.inria.lille.repair.nopol.NoPol - Analysing SourceLocation java_testcases.junit.QuixFixOracleHelper:50 which is executed by 5 tests
14:40:20.326 [pool-2-thread-1] DEBUG fr.inria.lille.repair.nopol.NoPol - cannot spoon SourceLocation java_testcases.junit.QuixFixOracleHelper:50
14:40:20.326 [pool-2-thread-1] DEBUG fr.inria.lille.repair.nopol.NoPol - statement #13
14:40:20.326 [pool-2-thread-1] DEBUG fr.inria.lille.repair.nopol.NoPol - Analysing SourceLocation java_testcases.junit.QuixFixOracleHelper:44 which is executed by 5 tests
14:40:20.326 [pool-2-thread-1] DEBUG fr.inria.lille.repair.nopol.NoPol - cannot spoon SourceLocation java_testcases.junit.QuixFixOracleHelper:44
14:40:20.326 [pool-2-thread-1] DEBUG fr.inria.lille.repair.nopol.NoPol - statement #14
14:40:20.326 [pool-2-thread-1] DEBUG fr.inria.lille.repair.nopol.NoPol - Analysing SourceLocation java_testcases.junit.QuixFixOracleHelper:39 which is executed by 5 tests
14:40:20.326 [pool-2-thread-1] DEBUG fr.inria.lille.repair.nopol.NoPol - cannot spoon SourceLocation java_testcases.junit.QuixFixOracleHelper:39
14:40:20.326 [pool-2-thread-1] DEBUG fr.inria.lille.repair.nopol.NoPol - statement #15
14:40:20.326 [pool-2-thread-1] DEBUG fr.inria.lille.repair.nopol.NoPol - Analysing SourceLocation java_testcases.junit.QuixFixOracleHelper:38 which is executed by 5 tests
14:40:20.326 [pool-2-thread-1] DEBUG fr.inria.lille.repair.nopol.NoPol - cannot spoon SourceLocation java_testcases.junit.QuixFixOracleHelper:38
14:40:20.326 [pool-2-thread-1] DEBUG fr.inria.lille.repair.nopol.NoPol - statement #16
14:40:20.326 [pool-2-thread-1] DEBUG fr.inria.lille.repair.nopol.NoPol - Analysing SourceLocation java_testcases.junit.QuixFixOracleHelper:37 which is executed by 5 tests
14:40:20.326 [pool-2-thread-1] DEBUG fr.inria.lille.repair.nopol.NoPol - cannot spoon SourceLocation java_testcases.junit.QuixFixOracleHelper:37
14:40:20.326 [pool-2-thread-1] DEBUG fr.inria.lille.repair.nopol.NoPol - statement #17
14:40:20.326 [pool-2-thread-1] DEBUG fr.inria.lille.repair.nopol.NoPol - Analysing SourceLocation java_testcases.junit.QuixFixOracleHelper:26 which is executed by 5 tests
14:40:20.326 [pool-2-thread-1] DEBUG fr.inria.lille.repair.nopol.NoPol - cannot spoon SourceLocation java_testcases.junit.QuixFixOracleHelper:26
14:40:20.326 [pool-2-thread-1] DEBUG fr.inria.lille.repair.nopol.NoPol - statement #18
14:40:20.327 [pool-2-thread-1] DEBUG fr.inria.lille.repair.nopol.NoPol - Analysing SourceLocation java_testcases.junit.QuixFixOracleHelper:22 which is executed by 5 tests
14:40:20.327 [pool-2-thread-1] DEBUG fr.inria.lille.repair.nopol.NoPol - cannot spoon SourceLocation java_testcases.junit.QuixFixOracleHelper:22
14:40:20.327 [pool-2-thread-1] DEBUG fr.inria.lille.repair.nopol.NoPol - statement #19
14:40:20.327 [pool-2-thread-1] DEBUG fr.inria.lille.repair.nopol.NoPol - Analysing SourceLocation java_testcases.junit.QuixFixOracleHelper:21 which is executed by 5 tests
14:40:20.327 [pool-2-thread-1] DEBUG fr.inria.lille.repair.nopol.NoPol - cannot spoon SourceLocation java_testcases.junit.QuixFixOracleHelper:21
14:40:20.327 [pool-2-thread-1] DEBUG fr.inria.lille.repair.nopol.NoPol - statement #20
14:40:20.327 [pool-2-thread-1] DEBUG fr.inria.lille.repair.nopol.NoPol - Analysing SourceLocation java_testcases.junit.QuixFixOracleHelper:16 which is executed by 5 tests
14:40:20.327 [pool-2-thread-1] DEBUG fr.inria.lille.repair.nopol.NoPol - cannot spoon SourceLocation java_testcases.junit.QuixFixOracleHelper:16
14:40:20.327 [pool-2-thread-1] DEBUG fr.inria.lille.repair.nopol.NoPol - statement #21
14:40:20.327 [pool-2-thread-1] DEBUG fr.inria.lille.repair.nopol.NoPol - Analysing SourceLocation java_testcases.junit.QuixFixOracleHelper:15 which is executed by 5 tests
14:40:20.327 [pool-2-thread-1] DEBUG fr.inria.lille.repair.nopol.NoPol - cannot spoon SourceLocation java_testcases.junit.QuixFixOracleHelper:15
14:40:20.327 [pool-2-thread-1] DEBUG fr.inria.lille.repair.nopol.NoPol - statement #22
14:40:20.327 [pool-2-thread-1] DEBUG fr.inria.lille.repair.nopol.NoPol - Analysing SourceLocation java_testcases.junit.QuixFixOracleHelper:14 which is executed by 5 tests
14:40:20.327 [pool-2-thread-1] DEBUG fr.inria.lille.repair.nopol.NoPol - cannot spoon SourceLocation java_testcases.junit.QuixFixOracleHelper:14
14:40:20.327 [pool-2-thread-1] DEBUG fr.inria.lille.repair.nopol.NoPol - statement #23
14:40:20.327 [pool-2-thread-1] DEBUG fr.inria.lille.repair.nopol.NoPol - Analysing SourceLocation java_programs.NEXT_PALINDROME:19 which is executed by 5 tests
2007434438
14:40:20.375 [pool-2-thread-1] DEBUG fr.inria.lille.repair.nopol.NoPol - looking with class fr.inria.lille.repair.nopol.spoon.smt.ConditionalAdder
org.junit.ComparisonFailure: expected:<[1,0,0,[]1]> but was:<[1,0,0,[0,]1]>
    at org.junit.Assert.assertEquals(Assert.java:115)
    at org.junit.Assert.assertEquals(Assert.java:144)
    at java_testcases.junit.NEXT_PALINDROME_Test.test_4(NEXT_PALINDROME_Test.java:37)
    at sun.reflect.NativeMethodAccessorImpl.invoke0(Native Method)
    at sun.reflect.NativeMethodAccessorImpl.invoke(NativeMethodAccessorImpl.java:62)
    at sun.reflect.DelegatingMethodAccessorImpl.invoke(DelegatingMethodAccessorImpl.java:43)
14:40:20.380 [pool-32-thread-1] INFO  xxl.java.junit.TestCasesListener - Tests run finished (3 ms)
<> Total tests run: 5
<> Ignored tests: 0
<> Failed tests: 1
~ test_4(java_testcases.junit.NEXT_PALINDROME_Test)
[expected:<[1,0,0,[]1]> but was:<[1,0,0,[0,]1]>]
org.junit.ComparisonFailure: expected:<[1,0,0,[]1]> but was:<[1,0,0,[0,]1]>    at org.junit.Assert.assertEquals(Assert.java:115)
    at org.junit.Assert.assertEquals(Assert.java:144)
    at java_testcases.junit.NEXT_PALINDROME_Test.test_4(NEXT_PALINDROME_Test.java:37)
    at sun.reflect.NativeMethodAccessorImpl.invoke0(Native Method)
    at sun.reflect.NativeMethodAccessorImpl.invoke(NativeMethodAccessorImpl.java:62)
    at sun.reflect.DelegatingMethodAccessorImpl.invoke(DelegatingMethodAccessorImpl.java:43)

java.lang.Exception: test timed out after 3000 milliseconds
    at java.lang.String.intern(Native Method)
    at fr.inria.lille.commons.trace.collector.ValueCollector.collectWith(ValueCollector.java:31)
    at fr.inria.lille.commons.trace.collector.ValueCollector.collectFrom(ValueCollector.java:21)
    at fr.inria.lille.commons.trace.RuntimeValues.collectInput(RuntimeValues.java:89)
    at java_programs.NEXT_PALINDROME.next_palindrome(NEXT_PALINDROME.java:15)
    at java_testcases.junit.NEXT_PALINDROME_Test.test_4(NEXT_PALINDROME_Test.java:35)
14:40:23.575 [pool-33-thread-1] INFO  f.i.l.c.t.SpecificationTestCasesListener - Tests run finished (3119 ms)
<> Total tests run: 1
<> Ignored tests: 0
<> Failed tests: 1
~ test_4(java_testcases.junit.NEXT_PALINDROME_Test)
[test timed out after 3000 milliseconds]
java.lang.Exception: test timed out after 3000 milliseconds    at java.lang.String.intern(Native Method)
    at fr.inria.lille.commons.trace.collector.ValueCollector.collectWith(ValueCollector.java:31)
    at fr.inria.lille.commons.trace.collector.ValueCollector.collectFrom(ValueCollector.java:21)
    at fr.inria.lille.commons.trace.RuntimeValues.collectInput(RuntimeValues.java:89)
    at java_programs.NEXT_PALINDROME.next_palindrome(NEXT_PALINDROME.java:15)
    at java_testcases.junit.NEXT_PALINDROME_Test.test_4(NEXT_PALINDROME_Test.java:35)

org.junit.ComparisonFailure: expected:<[1,0,0,[]1]> but was:<[1,0,0,[0,]1]>
    at org.junit.Assert.assertEquals(Assert.java:115)
    at org.junit.Assert.assertEquals(Assert.java:144)
    at java_testcases.junit.NEXT_PALINDROME_Test.test_4(NEXT_PALINDROME_Test.java:37)
    at sun.reflect.NativeMethodAccessorImpl.invoke0(Native Method)
    at sun.reflect.NativeMethodAccessorImpl.invoke(NativeMethodAccessorImpl.java:62)
    at sun.reflect.DelegatingMethodAccessorImpl.invoke(DelegatingMethodAccessorImpl.java:43)
14:40:23.741 [pool-34-thread-1] INFO  f.i.l.c.t.SpecificationTestCasesListener - Tests run finished (164 ms)
<> Total tests run: 1
<> Ignored tests: 0
<> Failed tests: 1
~ test_4(java_testcases.junit.NEXT_PALINDROME_Test)
[expected:<[1,0,0,[]1]> but was:<[1,0,0,[0,]1]>]
org.junit.ComparisonFailure: expected:<[1,0,0,[]1]> but was:<[1,0,0,[0,]1]>    at org.junit.Assert.assertEquals(Assert.java:115)
    at org.junit.Assert.assertEquals(Assert.java:144)
    at java_testcases.junit.NEXT_PALINDROME_Test.test_4(NEXT_PALINDROME_Test.java:37)
    at sun.reflect.NativeMethodAccessorImpl.invoke0(Native Method)
    at sun.reflect.NativeMethodAccessorImpl.invoke(NativeMethodAccessorImpl.java:62)
    at sun.reflect.DelegatingMethodAccessorImpl.invoke(DelegatingMethodAccessorImpl.java:43)

14:40:23.742 [pool-31-thread-1] DEBUG tests.output - Failing tests with false: 
[test_4(java_testcases.junit.NEXT_PALINDROME_Test): test timed out after 3000 milliseconds]
14:40:23.742 [pool-31-thread-1] DEBUG tests.output - Failing tests with true: 
[test_4(java_testcases.junit.NEXT_PALINDROME_Test): expected:<[1,0,0,[]1]> but was:<[1,0,0,[0,]1]>]
14:40:23.742 [pool-31-thread-1] INFO  f.i.l.r.n.synth.SMTNopolSynthesizer - Not enough specifications: 0. A trivial patch is "true" or "false", please write new tests specifying SourceLocation java_programs.NEXT_PALINDROME:19.
14:40:23.742 [pool-2-thread-1] DEBUG fr.inria.lille.repair.nopol.NoPol - looking with class fr.inria.lille.repair.nopol.spoon.smt.ConditionalReplacer
org.junit.ComparisonFailure: expected:<[1,0,0,[]1]> but was:<[1,0,0,[0,]1]>
    at org.junit.Assert.assertEquals(Assert.java:115)
    at org.junit.Assert.assertEquals(Assert.java:144)
    at java_testcases.junit.NEXT_PALINDROME_Test.test_4(NEXT_PALINDROME_Test.java:37)
    at sun.reflect.NativeMethodAccessorImpl.invoke0(Native Method)
    at sun.reflect.NativeMethodAccessorImpl.invoke(NativeMethodAccessorImpl.java:62)
    at sun.reflect.DelegatingMethodAccessorImpl.invoke(DelegatingMethodAccessorImpl.java:43)
14:40:23.747 [pool-36-thread-1] INFO  xxl.java.junit.TestCasesListener - Tests run finished (3 ms)
<> Total tests run: 5
<> Ignored tests: 0
<> Failed tests: 1
~ test_4(java_testcases.junit.NEXT_PALINDROME_Test)
[expected:<[1,0,0,[]1]> but was:<[1,0,0,[0,]1]>]
org.junit.ComparisonFailure: expected:<[1,0,0,[]1]> but was:<[1,0,0,[0,]1]>    at org.junit.Assert.assertEquals(Assert.java:115)
    at org.junit.Assert.assertEquals(Assert.java:144)
    at java_testcases.junit.NEXT_PALINDROME_Test.test_4(NEXT_PALINDROME_Test.java:37)
    at sun.reflect.NativeMethodAccessorImpl.invoke0(Native Method)
    at sun.reflect.NativeMethodAccessorImpl.invoke(NativeMethodAccessorImpl.java:62)
    at sun.reflect.DelegatingMethodAccessorImpl.invoke(DelegatingMethodAccessorImpl.java:43)

org.junit.ComparisonFailure: expected:<[[1,0,0,1]]> but was:<[[9,10,9]]>
    at org.junit.Assert.assertEquals(Assert.java:115)
    at org.junit.Assert.assertEquals(Assert.java:144)
    at java_testcases.junit.NEXT_PALINDROME_Test.test_4(NEXT_PALINDROME_Test.java:37)
    at sun.reflect.NativeMethodAccessorImpl.invoke0(Native Method)
    at sun.reflect.NativeMethodAccessorImpl.invoke(NativeMethodAccessorImpl.java:62)
    at sun.reflect.DelegatingMethodAccessorImpl.invoke(DelegatingMethodAccessorImpl.java:43)
14:40:23.820 [pool-37-thread-1] INFO  f.i.l.c.t.SpecificationTestCasesListener - Tests run finished (2 ms)
<> Total tests run: 1
<> Ignored tests: 0
<> Failed tests: 1
~ test_4(java_testcases.junit.NEXT_PALINDROME_Test)
[expected:<[[1,0,0,1]]> but was:<[[9,10,9]]>]
org.junit.ComparisonFailure: expected:<[[1,0,0,1]]> but was:<[[9,10,9]]>    at org.junit.Assert.assertEquals(Assert.java:115)
    at org.junit.Assert.assertEquals(Assert.java:144)
    at java_testcases.junit.NEXT_PALINDROME_Test.test_4(NEXT_PALINDROME_Test.java:37)
    at sun.reflect.NativeMethodAccessorImpl.invoke0(Native Method)
    at sun.reflect.NativeMethodAccessorImpl.invoke(NativeMethodAccessorImpl.java:62)
    at sun.reflect.DelegatingMethodAccessorImpl.invoke(DelegatingMethodAccessorImpl.java:43)

org.junit.ComparisonFailure: expected:<[1,0,0,[]1]> but was:<[1,0,0,[0,]1]>
    at org.junit.Assert.assertEquals(Assert.java:115)
    at org.junit.Assert.assertEquals(Assert.java:144)
    at java_testcases.junit.NEXT_PALINDROME_Test.test_4(NEXT_PALINDROME_Test.java:37)
    at sun.reflect.NativeMethodAccessorImpl.invoke0(Native Method)
    at sun.reflect.NativeMethodAccessorImpl.invoke(NativeMethodAccessorImpl.java:62)
    at sun.reflect.DelegatingMethodAccessorImpl.invoke(DelegatingMethodAccessorImpl.java:43)
14:40:23.821 [pool-38-thread-1] INFO  f.i.l.c.t.SpecificationTestCasesListener - Tests run finished (0 ms)
<> Total tests run: 1
<> Ignored tests: 0
<> Failed tests: 1
~ test_4(java_testcases.junit.NEXT_PALINDROME_Test)
[expected:<[1,0,0,[]1]> but was:<[1,0,0,[0,]1]>]
org.junit.ComparisonFailure: expected:<[1,0,0,[]1]> but was:<[1,0,0,[0,]1]>    at org.junit.Assert.assertEquals(Assert.java:115)
    at org.junit.Assert.assertEquals(Assert.java:144)
    at java_testcases.junit.NEXT_PALINDROME_Test.test_4(NEXT_PALINDROME_Test.java:37)
    at sun.reflect.NativeMethodAccessorImpl.invoke0(Native Method)
    at sun.reflect.NativeMethodAccessorImpl.invoke(NativeMethodAccessorImpl.java:62)
    at sun.reflect.DelegatingMethodAccessorImpl.invoke(DelegatingMethodAccessorImpl.java:43)

14:40:23.822 [pool-35-thread-1] DEBUG tests.output - Failing tests with false: 
[test_4(java_testcases.junit.NEXT_PALINDROME_Test): expected:<[[1,0,0,1]]> but was:<[[9,10,9]]>]
14:40:23.822 [pool-35-thread-1] DEBUG tests.output - Failing tests with true: 
[test_4(java_testcases.junit.NEXT_PALINDROME_Test): expected:<[1,0,0,[]1]> but was:<[1,0,0,[0,]1]>]
14:40:23.822 [pool-35-thread-1] INFO  f.i.l.r.n.synth.SMTNopolSynthesizer - Not enough specifications: 0. A trivial patch is "true" or "false", please write new tests specifying SourceLocation java_programs.NEXT_PALINDROME:19.
14:40:23.822 [pool-2-thread-1] DEBUG fr.inria.lille.repair.nopol.NoPol - statement #24
14:40:23.822 [pool-2-thread-1] DEBUG fr.inria.lille.repair.nopol.NoPol - Analysing SourceLocation java_programs.NEXT_PALINDROME:18 which is executed by 5 tests
2007434438
14:40:23.859 [pool-2-thread-1] DEBUG fr.inria.lille.repair.nopol.NoPol - looking with class fr.inria.lille.repair.nopol.spoon.smt.ConditionalAdder
org.junit.ComparisonFailure: expected:<[1,0,0,[]1]> but was:<[1,0,0,[0,]1]>
    at org.junit.Assert.assertEquals(Assert.java:115)
    at org.junit.Assert.assertEquals(Assert.java:144)
    at java_testcases.junit.NEXT_PALINDROME_Test.test_4(NEXT_PALINDROME_Test.java:37)
    at sun.reflect.NativeMethodAccessorImpl.invoke0(Native Method)
    at sun.reflect.NativeMethodAccessorImpl.invoke(NativeMethodAccessorImpl.java:62)
    at sun.reflect.DelegatingMethodAccessorImpl.invoke(DelegatingMethodAccessorImpl.java:43)
14:40:23.863 [pool-40-thread-1] INFO  xxl.java.junit.TestCasesListener - Tests run finished (2 ms)
<> Total tests run: 5
<> Ignored tests: 0
<> Failed tests: 1
~ test_4(java_testcases.junit.NEXT_PALINDROME_Test)
[expected:<[1,0,0,[]1]> but was:<[1,0,0,[0,]1]>]
org.junit.ComparisonFailure: expected:<[1,0,0,[]1]> but was:<[1,0,0,[0,]1]>    at org.junit.Assert.assertEquals(Assert.java:115)
    at org.junit.Assert.assertEquals(Assert.java:144)
    at java_testcases.junit.NEXT_PALINDROME_Test.test_4(NEXT_PALINDROME_Test.java:37)
    at sun.reflect.NativeMethodAccessorImpl.invoke0(Native Method)
    at sun.reflect.NativeMethodAccessorImpl.invoke(NativeMethodAccessorImpl.java:62)
    at sun.reflect.DelegatingMethodAccessorImpl.invoke(DelegatingMethodAccessorImpl.java:43)

org.junit.ComparisonFailure: expected:<[1,0,0,[]1]> but was:<[1,0,0,[0,]1]>
    at org.junit.Assert.assertEquals(Assert.java:115)
    at org.junit.Assert.assertEquals(Assert.java:144)
    at java_testcases.junit.NEXT_PALINDROME_Test.test_4(NEXT_PALINDROME_Test.java:37)
    at sun.reflect.NativeMethodAccessorImpl.invoke0(Native Method)
    at sun.reflect.NativeMethodAccessorImpl.invoke(NativeMethodAccessorImpl.java:62)
    at sun.reflect.DelegatingMethodAccessorImpl.invoke(DelegatingMethodAccessorImpl.java:43)
14:40:23.927 [pool-41-thread-1] INFO  f.i.l.c.t.SpecificationTestCasesListener - Tests run finished (1 ms)
<> Total tests run: 1
<> Ignored tests: 0
<> Failed tests: 1
~ test_4(java_testcases.junit.NEXT_PALINDROME_Test)
[expected:<[1,0,0,[]1]> but was:<[1,0,0,[0,]1]>]
org.junit.ComparisonFailure: expected:<[1,0,0,[]1]> but was:<[1,0,0,[0,]1]>    at org.junit.Assert.assertEquals(Assert.java:115)
    at org.junit.Assert.assertEquals(Assert.java:144)
    at java_testcases.junit.NEXT_PALINDROME_Test.test_4(NEXT_PALINDROME_Test.java:37)
    at sun.reflect.NativeMethodAccessorImpl.invoke0(Native Method)
    at sun.reflect.NativeMethodAccessorImpl.invoke(NativeMethodAccessorImpl.java:62)
    at sun.reflect.DelegatingMethodAccessorImpl.invoke(DelegatingMethodAccessorImpl.java:43)

org.junit.ComparisonFailure: expected:<[1,0,0,[]1]> but was:<[1,0,0,[0,]1]>
    at org.junit.Assert.assertEquals(Assert.java:115)
    at org.junit.Assert.assertEquals(Assert.java:144)
    at java_testcases.junit.NEXT_PALINDROME_Test.test_4(NEXT_PALINDROME_Test.java:37)
    at sun.reflect.NativeMethodAccessorImpl.invoke0(Native Method)
    at sun.reflect.NativeMethodAccessorImpl.invoke(NativeMethodAccessorImpl.java:62)
    at sun.reflect.DelegatingMethodAccessorImpl.invoke(DelegatingMethodAccessorImpl.java:43)
14:40:23.928 [pool-42-thread-1] INFO  f.i.l.c.t.SpecificationTestCasesListener - Tests run finished (1 ms)
<> Total tests run: 1
<> Ignored tests: 0
<> Failed tests: 1
~ test_4(java_testcases.junit.NEXT_PALINDROME_Test)
[expected:<[1,0,0,[]1]> but was:<[1,0,0,[0,]1]>]
org.junit.ComparisonFailure: expected:<[1,0,0,[]1]> but was:<[1,0,0,[0,]1]>    at org.junit.Assert.assertEquals(Assert.java:115)
    at org.junit.Assert.assertEquals(Assert.java:144)
    at java_testcases.junit.NEXT_PALINDROME_Test.test_4(NEXT_PALINDROME_Test.java:37)
    at sun.reflect.NativeMethodAccessorImpl.invoke0(Native Method)
    at sun.reflect.NativeMethodAccessorImpl.invoke(NativeMethodAccessorImpl.java:62)
    at sun.reflect.DelegatingMethodAccessorImpl.invoke(DelegatingMethodAccessorImpl.java:43)

14:40:23.928 [pool-39-thread-1] DEBUG tests.output - Failing tests with false: 
[test_4(java_testcases.junit.NEXT_PALINDROME_Test): expected:<[1,0,0,[]1]> but was:<[1,0,0,[0,]1]>]
14:40:23.928 [pool-39-thread-1] DEBUG tests.output - Failing tests with true: 
[test_4(java_testcases.junit.NEXT_PALINDROME_Test): expected:<[1,0,0,[]1]> but was:<[1,0,0,[0,]1]>]
14:40:23.928 [pool-39-thread-1] INFO  f.i.l.r.n.synth.SMTNopolSynthesizer - Not enough specifications: 0. A trivial patch is "true" or "false", please write new tests specifying SourceLocation java_programs.NEXT_PALINDROME:18.
14:40:23.928 [pool-2-thread-1] DEBUG fr.inria.lille.repair.nopol.NoPol - statement #25
14:40:23.928 [pool-2-thread-1] DEBUG fr.inria.lille.repair.nopol.NoPol - Analysing SourceLocation java_programs.NEXT_PALINDROME:16 which is executed by 5 tests
2007434438
14:40:23.965 [pool-2-thread-1] DEBUG fr.inria.lille.repair.nopol.NoPol - statement #26
14:40:23.965 [pool-2-thread-1] DEBUG fr.inria.lille.repair.nopol.NoPol - Analysing SourceLocation java_programs.NEXT_PALINDROME:15 which is executed by 5 tests
2007434438
14:40:23.999 [pool-2-thread-1] INFO  fr.inria.lille.repair.nopol.NoPol - ----INFORMATION----
14:40:24.003 [pool-2-thread-1] INFO  fr.inria.lille.repair.nopol.NoPol - Nb classes : 3
14:40:24.003 [pool-2-thread-1] INFO  fr.inria.lille.repair.nopol.NoPol - Nb methods : 9
14:40:24.003 [pool-2-thread-1] INFO  fr.inria.lille.repair.nopol.NoPol - Nb Statements Analyzed : 10
14:40:24.003 [pool-2-thread-1] INFO  fr.inria.lille.repair.nopol.NoPol - Nb Statements with Angelic Value Found : 0
14:40:24.003 [pool-2-thread-1] INFO  fr.inria.lille.repair.nopol.NoPol - Nb inputs in SMT : 0
14:40:24.005 [pool-2-thread-1] INFO  fr.inria.lille.repair.nopol.NoPol - Nb SMT level: 0
14:40:24.005 [pool-2-thread-1] INFO  fr.inria.lille.repair.nopol.NoPol - Nb variables in SMT : 0
14:40:24.005 [pool-2-thread-1] INFO  fr.inria.lille.repair.nopol.NoPol - NoPol Execution time : 7442ms
14:40:24.005 [pool-2-thread-1] INFO  fr.inria.lille.repair.nopol.NoPol - 
NO_ANGELIC_VALUE
Command exited with non-zero status 255
35.53user 1.47system 0:08.36elapsed 442%CPU (0avgtext+0avgdata 1624824maxresident)k
45816inputs+5280outputs (3major+438648minor)pagefaults 0swaps


Node: grisou-45.nancy.grid5000.fr



Date: Sun Dec  2 14:40:24 EST 2018

