cd /tmp/Nopol_Defects4J_Lang_52;
export JAVA_TOOL_OPTIONS=-Dfile.encoding=UTF8;
TZ="America/New_York"; export TZ;
export PATH="/usr/lib/jvm/java-1.8.0-openjdk-amd64/bin/:$PATH";
export JAVA_HOME="/usr/lib/jvm/java-1.8.0-openjdk-amd64/bin/";
time java -Xmx4048m -cp /home/tdurieux/defects4j4repair/script/../repair_tools/nopol.jar:/usr/lib/jvm/java-1.8.0-openjdk-amd64/bin//../lib/tools.jar fr.inria.lille.repair.Main \
	--mode repair \
	--type pre_then_cond \
	--oracle angelic \
	--synthesis smt \
	--flocal gzoltar \
	--json \
	--solver z3 \
	--solver-path /home/tdurieux/defects4j4repair/script/../libs/z3/build/z3 \
	--complianceLevel 7 \
	--source src/java/ \
	--classpath "target/classes/:target/tests/:/tmp/Nopol_Defects4J_Lang_52/target/classes/:/tmp/Nopol_Defects4J_Lang_52/target/tests/:/home/tdurieux/defects4j4repair/script/../benchmarks/defects4j/framework/projects/Lang/lib/asm.jar:/home/tdurieux/defects4j4repair/script/../benchmarks/defects4j/framework/projects/Lang/lib/cglib.jar:/home/tdurieux/defects4j4repair/script/../benchmarks/defects4j/framework/projects/Lang/lib/commons-io.jar:/home/tdurieux/defects4j4repair/script/../benchmarks/defects4j/framework/projects/Lang/lib/easymock.jar:/home/tdurieux/defects4j4repair/script/../repair_tools/nopol.jar";
	echo "\n\nNode: `hostname`\n";
	echo "\n\nDate: `date`\n";
Picked up JAVA_TOOL_OPTIONS: -Dfile.encoding=UTF8
18:37:07.684 [main] INFO  fr.inria.lille.repair.nopol.NoPol - Source files: [src/java]
18:37:07.688 [main] INFO  fr.inria.lille.repair.nopol.NoPol - Classpath: [file:/tmp/Nopol_Defects4J_Lang_52/target/classes/, file:/tmp/Nopol_Defects4J_Lang_52/target/tests/, file:/tmp/Nopol_Defects4J_Lang_52/target/classes/, file:/tmp/Nopol_Defects4J_Lang_52/target/tests/, file:/home/tdurieux/defects4j4repair/script/../benchmarks/defects4j/framework/projects/Lang/lib/asm.jar, file:/home/tdurieux/defects4j4repair/script/../benchmarks/defects4j/framework/projects/Lang/lib/cglib.jar, file:/home/tdurieux/defects4j4repair/script/../benchmarks/defects4j/framework/projects/Lang/lib/commons-io.jar, file:/home/tdurieux/defects4j4repair/script/../benchmarks/defects4j/framework/projects/Lang/lib/easymock.jar, file:/home/tdurieux/defects4j4repair/script/../repair_tools/nopol.jar]
18:37:07.688 [main] INFO  fr.inria.lille.repair.nopol.NoPol - Statement type: PRE_THEN_COND
18:37:07.688 [main] INFO  fr.inria.lille.repair.nopol.NoPol - Args: [org.apache.commons.lang.ArrayUtilsAddTest, org.apache.commons.lang.ArrayUtilsAddTest, org.apache.commons.lang.ArrayUtilsRemoveTest, org.apache.commons.lang.ArrayUtilsRemoveTest, org.apache.commons.lang.ArrayUtilsTest, org.apache.commons.lang.ArrayUtilsTest, org.apache.commons.lang.BitFieldTest, org.apache.commons.lang.BitFieldTest, org.apache.commons.lang.BooleanUtilsTest, org.apache.commons.lang.BooleanUtilsTest, org.apache.commons.lang.CharEncodingTest, org.apache.commons.lang.CharEncodingTest, org.apache.commons.lang.CharRangeTest, org.apache.commons.lang.CharRangeTest, org.apache.commons.lang.CharSetTest, org.apache.commons.lang.CharSetTest, org.apache.commons.lang.CharSetUtilsTest, org.apache.commons.lang.CharSetUtilsTest, org.apache.commons.lang.CharUtilsTest, org.apache.commons.lang.CharUtilsTest, org.apache.commons.lang.ClassUtilsTest, org.apache.commons.lang.ClassUtilsTest, org.apache.commons.lang.EntitiesPerformanceTest, org.apache.commons.lang.EntitiesPerformanceTest, org.apache.commons.lang.EntitiesTest, org.apache.commons.lang.EntitiesTest, org.apache.commons.lang.IllegalClassExceptionTest, org.apache.commons.lang.IllegalClassExceptionTest, org.apache.commons.lang.IncompleteArgumentExceptionTest, org.apache.commons.lang.IncompleteArgumentExceptionTest, org.apache.commons.lang.IntHashMapTest, org.apache.commons.lang.IntHashMapTest, org.apache.commons.lang.LocaleUtilsTest, org.apache.commons.lang.LocaleUtilsTest, org.apache.commons.lang.NotImplementedExceptionTest, org.apache.commons.lang.NotImplementedExceptionTest, org.apache.commons.lang.NullArgumentExceptionTest, org.apache.commons.lang.NullArgumentExceptionTest, org.apache.commons.lang.NumberRangeTest, org.apache.commons.lang.NumberRangeTest, org.apache.commons.lang.NumberUtilsTest, org.apache.commons.lang.NumberUtilsTest, org.apache.commons.lang.ObjectUtilsTest, org.apache.commons.lang.ObjectUtilsTest, org.apache.commons.lang.RandomStringUtilsTest, org.apache.commons.lang.RandomStringUtilsTest, org.apache.commons.lang.SerializationUtilsTest, org.apache.commons.lang.SerializationUtilsTest, org.apache.commons.lang.StringEscapeUtilsTest, org.apache.commons.lang.StringEscapeUtilsTest, org.apache.commons.lang.StringUtilsEqualsIndexOfTest, org.apache.commons.lang.StringUtilsEqualsIndexOfTest, org.apache.commons.lang.StringUtilsIsTest, org.apache.commons.lang.StringUtilsIsTest, org.apache.commons.lang.StringUtilsStartsEndsWithTest, org.apache.commons.lang.StringUtilsStartsEndsWithTest, org.apache.commons.lang.StringUtilsSubstringTest, org.apache.commons.lang.StringUtilsSubstringTest, org.apache.commons.lang.StringUtilsTest, org.apache.commons.lang.StringUtilsTest, org.apache.commons.lang.StringUtilsTrimEmptyTest, org.apache.commons.lang.StringUtilsTrimEmptyTest, org.apache.commons.lang.SystemUtilsTest, org.apache.commons.lang.SystemUtilsTest, org.apache.commons.lang.UnhandledExceptionTest, org.apache.commons.lang.UnhandledExceptionTest, org.apache.commons.lang.ValidateTest, org.apache.commons.lang.ValidateTest, org.apache.commons.lang.WordUtilsTest, org.apache.commons.lang.WordUtilsTest, org.apache.commons.lang.builder.CompareToBuilderTest, org.apache.commons.lang.builder.CompareToBuilderTest, org.apache.commons.lang.builder.DefaultToStringStyleTest, org.apache.commons.lang.builder.DefaultToStringStyleTest, org.apache.commons.lang.builder.EqualsBuilderTest, org.apache.commons.lang.builder.EqualsBuilderTest, org.apache.commons.lang.builder.HashCodeBuilderAndEqualsBuilderTest, org.apache.commons.lang.builder.HashCodeBuilderAndEqualsBuilderTest, org.apache.commons.lang.builder.HashCodeBuilderTest, org.apache.commons.lang.builder.HashCodeBuilderTest, org.apache.commons.lang.builder.MultiLineToStringStyleTest, org.apache.commons.lang.builder.MultiLineToStringStyleTest, org.apache.commons.lang.builder.NoFieldNamesToStringStyleTest, org.apache.commons.lang.builder.NoFieldNamesToStringStyleTest, org.apache.commons.lang.builder.ReflectionToStringBuilderExcludeTest, org.apache.commons.lang.builder.ReflectionToStringBuilderExcludeTest, org.apache.commons.lang.builder.ShortPrefixToStringStyleTest, org.apache.commons.lang.builder.ShortPrefixToStringStyleTest, org.apache.commons.lang.builder.SimpleToStringStyleTest, org.apache.commons.lang.builder.SimpleToStringStyleTest, org.apache.commons.lang.builder.StandardToStringStyleTest, org.apache.commons.lang.builder.StandardToStringStyleTest, org.apache.commons.lang.builder.ToStringBuilderTest, org.apache.commons.lang.builder.ToStringBuilderTest, org.apache.commons.lang.builder.ToStringStyleTest, org.apache.commons.lang.builder.ToStringStyleTest, org.apache.commons.lang.enum.EnumTest, org.apache.commons.lang.enum.EnumTest, org.apache.commons.lang.enum.EnumUtilsTest, org.apache.commons.lang.enum.EnumUtilsTest, org.apache.commons.lang.enum.ValuedEnumTest, org.apache.commons.lang.enum.ValuedEnumTest, org.apache.commons.lang.enums.EnumEqualsTest, org.apache.commons.lang.enums.EnumEqualsTest, org.apache.commons.lang.enums.EnumTest, org.apache.commons.lang.enums.EnumTest, org.apache.commons.lang.enums.EnumUtilsTest, org.apache.commons.lang.enums.EnumUtilsTest, org.apache.commons.lang.enums.ValuedEnumTest, org.apache.commons.lang.enums.ValuedEnumTest, org.apache.commons.lang.exception.ExceptionUtilsTestCase, org.apache.commons.lang.exception.ExceptionUtilsTestCase, org.apache.commons.lang.exception.NestableDelegateTestCase, org.apache.commons.lang.exception.NestableDelegateTestCase, org.apache.commons.lang.exception.NestableErrorTestCase, org.apache.commons.lang.exception.NestableErrorTestCase, org.apache.commons.lang.exception.NestableExceptionTestCase, org.apache.commons.lang.exception.NestableExceptionTestCase, org.apache.commons.lang.exception.NestableRuntimeExceptionTestCase, org.apache.commons.lang.exception.NestableRuntimeExceptionTestCase, org.apache.commons.lang.math.DoubleRangeTest, org.apache.commons.lang.math.DoubleRangeTest, org.apache.commons.lang.math.FloatRangeTest, org.apache.commons.lang.math.FloatRangeTest, org.apache.commons.lang.math.FractionTest, org.apache.commons.lang.math.FractionTest, org.apache.commons.lang.math.IntRangeTest, org.apache.commons.lang.math.IntRangeTest, org.apache.commons.lang.math.LongRangeTest, org.apache.commons.lang.math.LongRangeTest, org.apache.commons.lang.math.NumberRangeTest, org.apache.commons.lang.math.NumberRangeTest, org.apache.commons.lang.math.NumberUtilsTest, org.apache.commons.lang.math.NumberUtilsTest, org.apache.commons.lang.math.RandomUtilsTest, org.apache.commons.lang.math.RandomUtilsTest, org.apache.commons.lang.math.RangeTest, org.apache.commons.lang.math.RangeTest, org.apache.commons.lang.mutable.MutableBooleanTest, org.apache.commons.lang.mutable.MutableBooleanTest, org.apache.commons.lang.mutable.MutableByteTest, org.apache.commons.lang.mutable.MutableByteTest, org.apache.commons.lang.mutable.MutableDoubleTest, org.apache.commons.lang.mutable.MutableDoubleTest, org.apache.commons.lang.mutable.MutableFloatTest, org.apache.commons.lang.mutable.MutableFloatTest, org.apache.commons.lang.mutable.MutableIntTest, org.apache.commons.lang.mutable.MutableIntTest, org.apache.commons.lang.mutable.MutableLongTest, org.apache.commons.lang.mutable.MutableLongTest, org.apache.commons.lang.mutable.MutableObjectTest, org.apache.commons.lang.mutable.MutableObjectTest, org.apache.commons.lang.mutable.MutableShortTest, org.apache.commons.lang.mutable.MutableShortTest, org.apache.commons.lang.text.CompositeFormatTest, org.apache.commons.lang.text.CompositeFormatTest, org.apache.commons.lang.text.StrBuilderAppendInsertTest, org.apache.commons.lang.text.StrBuilderAppendInsertTest, org.apache.commons.lang.text.StrBuilderTest, org.apache.commons.lang.text.StrBuilderTest, org.apache.commons.lang.text.StrLookupTest, org.apache.commons.lang.text.StrLookupTest, org.apache.commons.lang.text.StrMatcherTest, org.apache.commons.lang.text.StrMatcherTest, org.apache.commons.lang.text.StrSubstitutorTest, org.apache.commons.lang.text.StrSubstitutorTest, org.apache.commons.lang.text.StrTokenizerTest, org.apache.commons.lang.text.StrTokenizerTest, org.apache.commons.lang.time.DateFormatUtilsTest, org.apache.commons.lang.time.DateFormatUtilsTest, org.apache.commons.lang.time.DateUtilsTest, org.apache.commons.lang.time.DateUtilsTest, org.apache.commons.lang.time.DurationFormatUtilsTest, org.apache.commons.lang.time.DurationFormatUtilsTest, org.apache.commons.lang.time.FastDateFormatTest, org.apache.commons.lang.time.FastDateFormatTest, org.apache.commons.lang.time.StopWatchTest, org.apache.commons.lang.time.StopWatchTest]
18:37:07.691 [main] INFO  fr.inria.lille.repair.nopol.NoPol - Config: Config{synthesisDepth=3, collectStaticMethods=true, collectStaticFields=false, collectLiterals=false, onlyOneSynthesisResult=true, sortExpressions=true, maxLineInvocationPerTest=250, timeoutMethodInvocation=2000, dataCollectionTimeoutInSecondForSynthesis=900, addWeight=0.19478, subWeight=0.04554, mulWeight=0.0102, divWeight=0.00613, andWeight=0.10597, orWeight=0.05708, eqWeight=0.22798, nEqWeight=0.0, lessEqWeight=0.0255, lessWeight=0.0947, methodCallWeight=0.1, fieldAccessWeight=0.08099, constantWeight=0.14232, variableWeight=0.05195, mode=REPAIR, type=PRE_THEN_COND, synthesis=SMT, oracle=ANGELIC, solver=Z3, solverPath='/home/tdurieux/defects4j4repair/script/../libs/z3/build/z3', projectSources=[src/java], projectClasspath='[Ljava.net.URL;@66d33a', projectTests=[org.apache.commons.lang.ArrayUtilsAddTest, org.apache.commons.lang.ArrayUtilsAddTest, org.apache.commons.lang.ArrayUtilsRemoveTest, org.apache.commons.lang.ArrayUtilsRemoveTest, org.apache.commons.lang.ArrayUtilsTest, org.apache.commons.lang.ArrayUtilsTest, org.apache.commons.lang.BitFieldTest, org.apache.commons.lang.BitFieldTest, org.apache.commons.lang.BooleanUtilsTest, org.apache.commons.lang.BooleanUtilsTest, org.apache.commons.lang.CharEncodingTest, org.apache.commons.lang.CharEncodingTest, org.apache.commons.lang.CharRangeTest, org.apache.commons.lang.CharRangeTest, org.apache.commons.lang.CharSetTest, org.apache.commons.lang.CharSetTest, org.apache.commons.lang.CharSetUtilsTest, org.apache.commons.lang.CharSetUtilsTest, org.apache.commons.lang.CharUtilsTest, org.apache.commons.lang.CharUtilsTest, org.apache.commons.lang.ClassUtilsTest, org.apache.commons.lang.ClassUtilsTest, org.apache.commons.lang.EntitiesPerformanceTest, org.apache.commons.lang.EntitiesPerformanceTest, org.apache.commons.lang.EntitiesTest, org.apache.commons.lang.EntitiesTest, org.apache.commons.lang.IllegalClassExceptionTest, org.apache.commons.lang.IllegalClassExceptionTest, org.apache.commons.lang.IncompleteArgumentExceptionTest, org.apache.commons.lang.IncompleteArgumentExceptionTest, org.apache.commons.lang.IntHashMapTest, org.apache.commons.lang.IntHashMapTest, org.apache.commons.lang.LocaleUtilsTest, org.apache.commons.lang.LocaleUtilsTest, org.apache.commons.lang.NotImplementedExceptionTest, org.apache.commons.lang.NotImplementedExceptionTest, org.apache.commons.lang.NullArgumentExceptionTest, org.apache.commons.lang.NullArgumentExceptionTest, org.apache.commons.lang.NumberRangeTest, org.apache.commons.lang.NumberRangeTest, org.apache.commons.lang.NumberUtilsTest, org.apache.commons.lang.NumberUtilsTest, org.apache.commons.lang.ObjectUtilsTest, org.apache.commons.lang.ObjectUtilsTest, org.apache.commons.lang.RandomStringUtilsTest, org.apache.commons.lang.RandomStringUtilsTest, org.apache.commons.lang.SerializationUtilsTest, org.apache.commons.lang.SerializationUtilsTest, org.apache.commons.lang.StringEscapeUtilsTest, org.apache.commons.lang.StringEscapeUtilsTest, org.apache.commons.lang.StringUtilsEqualsIndexOfTest, org.apache.commons.lang.StringUtilsEqualsIndexOfTest, org.apache.commons.lang.StringUtilsIsTest, org.apache.commons.lang.StringUtilsIsTest, org.apache.commons.lang.StringUtilsStartsEndsWithTest, org.apache.commons.lang.StringUtilsStartsEndsWithTest, org.apache.commons.lang.StringUtilsSubstringTest, org.apache.commons.lang.StringUtilsSubstringTest, org.apache.commons.lang.StringUtilsTest, org.apache.commons.lang.StringUtilsTest, org.apache.commons.lang.StringUtilsTrimEmptyTest, org.apache.commons.lang.StringUtilsTrimEmptyTest, org.apache.commons.lang.SystemUtilsTest, org.apache.commons.lang.SystemUtilsTest, org.apache.commons.lang.UnhandledExceptionTest, org.apache.commons.lang.UnhandledExceptionTest, org.apache.commons.lang.ValidateTest, org.apache.commons.lang.ValidateTest, org.apache.commons.lang.WordUtilsTest, org.apache.commons.lang.WordUtilsTest, org.apache.commons.lang.builder.CompareToBuilderTest, org.apache.commons.lang.builder.CompareToBuilderTest, org.apache.commons.lang.builder.DefaultToStringStyleTest, org.apache.commons.lang.builder.DefaultToStringStyleTest, org.apache.commons.lang.builder.EqualsBuilderTest, org.apache.commons.lang.builder.EqualsBuilderTest, org.apache.commons.lang.builder.HashCodeBuilderAndEqualsBuilderTest, org.apache.commons.lang.builder.HashCodeBuilderAndEqualsBuilderTest, org.apache.commons.lang.builder.HashCodeBuilderTest, org.apache.commons.lang.builder.HashCodeBuilderTest, org.apache.commons.lang.builder.MultiLineToStringStyleTest, org.apache.commons.lang.builder.MultiLineToStringStyleTest, org.apache.commons.lang.builder.NoFieldNamesToStringStyleTest, org.apache.commons.lang.builder.NoFieldNamesToStringStyleTest, org.apache.commons.lang.builder.ReflectionToStringBuilderExcludeTest, org.apache.commons.lang.builder.ReflectionToStringBuilderExcludeTest, org.apache.commons.lang.builder.ShortPrefixToStringStyleTest, org.apache.commons.lang.builder.ShortPrefixToStringStyleTest, org.apache.commons.lang.builder.SimpleToStringStyleTest, org.apache.commons.lang.builder.SimpleToStringStyleTest, org.apache.commons.lang.builder.StandardToStringStyleTest, org.apache.commons.lang.builder.StandardToStringStyleTest, org.apache.commons.lang.builder.ToStringBuilderTest, org.apache.commons.lang.builder.ToStringBuilderTest, org.apache.commons.lang.builder.ToStringStyleTest, org.apache.commons.lang.builder.ToStringStyleTest, org.apache.commons.lang.enum.EnumTest, org.apache.commons.lang.enum.EnumTest, org.apache.commons.lang.enum.EnumUtilsTest, org.apache.commons.lang.enum.EnumUtilsTest, org.apache.commons.lang.enum.ValuedEnumTest, org.apache.commons.lang.enum.ValuedEnumTest, org.apache.commons.lang.enums.EnumEqualsTest, org.apache.commons.lang.enums.EnumEqualsTest, org.apache.commons.lang.enums.EnumTest, org.apache.commons.lang.enums.EnumTest, org.apache.commons.lang.enums.EnumUtilsTest, org.apache.commons.lang.enums.EnumUtilsTest, org.apache.commons.lang.enums.ValuedEnumTest, org.apache.commons.lang.enums.ValuedEnumTest, org.apache.commons.lang.exception.ExceptionUtilsTestCase, org.apache.commons.lang.exception.ExceptionUtilsTestCase, org.apache.commons.lang.exception.NestableDelegateTestCase, org.apache.commons.lang.exception.NestableDelegateTestCase, org.apache.commons.lang.exception.NestableErrorTestCase, org.apache.commons.lang.exception.NestableErrorTestCase, org.apache.commons.lang.exception.NestableExceptionTestCase, org.apache.commons.lang.exception.NestableExceptionTestCase, org.apache.commons.lang.exception.NestableRuntimeExceptionTestCase, org.apache.commons.lang.exception.NestableRuntimeExceptionTestCase, org.apache.commons.lang.math.DoubleRangeTest, org.apache.commons.lang.math.DoubleRangeTest, org.apache.commons.lang.math.FloatRangeTest, org.apache.commons.lang.math.FloatRangeTest, org.apache.commons.lang.math.FractionTest, org.apache.commons.lang.math.FractionTest, org.apache.commons.lang.math.IntRangeTest, org.apache.commons.lang.math.IntRangeTest, org.apache.commons.lang.math.LongRangeTest, org.apache.commons.lang.math.LongRangeTest, org.apache.commons.lang.math.NumberRangeTest, org.apache.commons.lang.math.NumberRangeTest, org.apache.commons.lang.math.NumberUtilsTest, org.apache.commons.lang.math.NumberUtilsTest, org.apache.commons.lang.math.RandomUtilsTest, org.apache.commons.lang.math.RandomUtilsTest, org.apache.commons.lang.math.RangeTest, org.apache.commons.lang.math.RangeTest, org.apache.commons.lang.mutable.MutableBooleanTest, org.apache.commons.lang.mutable.MutableBooleanTest, org.apache.commons.lang.mutable.MutableByteTest, org.apache.commons.lang.mutable.MutableByteTest, org.apache.commons.lang.mutable.MutableDoubleTest, org.apache.commons.lang.mutable.MutableDoubleTest, org.apache.commons.lang.mutable.MutableFloatTest, org.apache.commons.lang.mutable.MutableFloatTest, org.apache.commons.lang.mutable.MutableIntTest, org.apache.commons.lang.mutable.MutableIntTest, org.apache.commons.lang.mutable.MutableLongTest, org.apache.commons.lang.mutable.MutableLongTest, org.apache.commons.lang.mutable.MutableObjectTest, org.apache.commons.lang.mutable.MutableObjectTest, org.apache.commons.lang.mutable.MutableShortTest, org.apache.commons.lang.mutable.MutableShortTest, org.apache.commons.lang.text.CompositeFormatTest, org.apache.commons.lang.text.CompositeFormatTest, org.apache.commons.lang.text.StrBuilderAppendInsertTest, org.apache.commons.lang.text.StrBuilderAppendInsertTest, org.apache.commons.lang.text.StrBuilderTest, org.apache.commons.lang.text.StrBuilderTest, org.apache.commons.lang.text.StrLookupTest, org.apache.commons.lang.text.StrLookupTest, org.apache.commons.lang.text.StrMatcherTest, org.apache.commons.lang.text.StrMatcherTest, org.apache.commons.lang.text.StrSubstitutorTest, org.apache.commons.lang.text.StrSubstitutorTest, org.apache.commons.lang.text.StrTokenizerTest, org.apache.commons.lang.text.StrTokenizerTest, org.apache.commons.lang.time.DateFormatUtilsTest, org.apache.commons.lang.time.DateFormatUtilsTest, org.apache.commons.lang.time.DateUtilsTest, org.apache.commons.lang.time.DateUtilsTest, org.apache.commons.lang.time.DurationFormatUtilsTest, org.apache.commons.lang.time.DurationFormatUtilsTest, org.apache.commons.lang.time.FastDateFormatTest, org.apache.commons.lang.time.FastDateFormatTest, org.apache.commons.lang.time.StopWatchTest, org.apache.commons.lang.time.StopWatchTest], complianceLevel=7, outputFolder=., json=true}
18:37:07.691 [main] INFO  fr.inria.lille.repair.nopol.NoPol - Available processors (cores): 24
18:37:07.697 [main] INFO  fr.inria.lille.repair.nopol.NoPol - Free memory: 445 MB
18:37:07.698 [main] INFO  fr.inria.lille.repair.nopol.NoPol - Maximum memory: 3 GB
18:37:07.698 [main] INFO  fr.inria.lille.repair.nopol.NoPol - Total memory available to JVM: 483 MB
18:37:07.698 [main] INFO  fr.inria.lille.repair.nopol.NoPol - Java version: 1.8.0_181
18:37:07.699 [main] INFO  fr.inria.lille.repair.nopol.NoPol - JAVA_HOME: /usr/lib/jvm/java-1.8.0-openjdk-amd64/bin/
18:37:07.699 [main] INFO  fr.inria.lille.repair.nopol.NoPol - PATH: /usr/lib/jvm/java-1.8.0-openjdk-amd64/bin/:/usr/lib/oar/oardodo:/usr/lib/oar/oardodo:/usr/local/bin:/usr/bin:/bin:/usr/games
18:37:28.567 [pool-2-thread-1] DEBUG fr.inria.lille.repair.nopol.NoPol - statement #1
18:37:28.568 [pool-2-thread-1] DEBUG fr.inria.lille.repair.nopol.NoPol - Analysing SourceLocation org.apache.commons.lang.StringEscapeUtils:224 which is executed by 1 tests
16862144
18:37:28.858 [pool-2-thread-1] DEBUG fr.inria.lille.repair.nopol.NoPol - looking with class fr.inria.lille.repair.nopol.spoon.smt.ConditionalAdder
junit.framework.ComparisonFailure: expected:<...ipt>alert(\'aaa\');<[\]/script>\';> but was:<...ipt>alert(\'aaa\');<[]/script>\';>
    at junit.framework.Assert.assertEquals(Assert.java:100)
    at junit.framework.Assert.assertEquals(Assert.java:107)
    at junit.framework.TestCase.assertEquals(TestCase.java:269)
    at org.apache.commons.lang.StringEscapeUtilsTest.testEscapeJavaScript(StringEscapeUtilsTest.java:187)
    at sun.reflect.NativeMethodAccessorImpl.invoke0(Native Method)
    at sun.reflect.NativeMethodAccessorImpl.invoke(NativeMethodAccessorImpl.java:62)
18:37:29.084 [pool-4-thread-1] INFO  xxl.java.junit.TestCasesListener - Tests run finished (197 ms)
<> Total tests run: 13
<> Ignored tests: 0
<> Failed tests: 1
~ testEscapeJavaScript(org.apache.commons.lang.StringEscapeUtilsTest)
[expected:<...ipt>alert(\'aaa\');<[\]/script>\';> but was:<...ipt>alert(\'aaa\');<[]/script>\';>]
junit.framework.ComparisonFailure: expected:<...ipt>alert(\'aaa\');<[\]/script>\';> but was:<...ipt>alert(\'aaa\');<[]/script>\';>    at junit.framework.Assert.assertEquals(Assert.java:100)
    at junit.framework.Assert.assertEquals(Assert.java:107)
    at junit.framework.TestCase.assertEquals(TestCase.java:269)
    at org.apache.commons.lang.StringEscapeUtilsTest.testEscapeJavaScript(StringEscapeUtilsTest.java:187)
    at sun.reflect.NativeMethodAccessorImpl.invoke0(Native Method)
    at sun.reflect.NativeMethodAccessorImpl.invoke(NativeMethodAccessorImpl.java:62)

junit.framework.ComparisonFailure: expected:<He didn[\]'t say, \"stop!\"> but was:<He didn[]'t say, \"stop!\">
    at junit.framework.Assert.assertEquals(Assert.java:100)
    at junit.framework.Assert.assertEquals(Assert.java:107)
    at junit.framework.TestCase.assertEquals(TestCase.java:269)
    at org.apache.commons.lang.StringEscapeUtilsTest.testEscapeJavaScript(StringEscapeUtilsTest.java:186)
    at sun.reflect.NativeMethodAccessorImpl.invoke0(Native Method)
    at sun.reflect.NativeMethodAccessorImpl.invoke(NativeMethodAccessorImpl.java:62)
18:37:30.034 [pool-5-thread-1] INFO  f.i.l.c.t.SpecificationTestCasesListener - Tests run finished (6 ms)
<> Total tests run: 1
<> Ignored tests: 0
<> Failed tests: 1
~ testEscapeJavaScript(org.apache.commons.lang.StringEscapeUtilsTest)
[expected:<He didn[\]'t say, \"stop!\"> but was:<He didn[]'t say, \"stop!\">]
junit.framework.ComparisonFailure: expected:<He didn[\]'t say, \"stop!\"> but was:<He didn[]'t say, \"stop!\">    at junit.framework.Assert.assertEquals(Assert.java:100)
    at junit.framework.Assert.assertEquals(Assert.java:107)
    at junit.framework.TestCase.assertEquals(TestCase.java:269)
    at org.apache.commons.lang.StringEscapeUtilsTest.testEscapeJavaScript(StringEscapeUtilsTest.java:186)
    at sun.reflect.NativeMethodAccessorImpl.invoke0(Native Method)
    at sun.reflect.NativeMethodAccessorImpl.invoke(NativeMethodAccessorImpl.java:62)

junit.framework.ComparisonFailure: expected:<...ipt>alert(\'aaa\');<[\]/script>\';> but was:<...ipt>alert(\'aaa\');<[]/script>\';>
    at junit.framework.Assert.assertEquals(Assert.java:100)
    at junit.framework.Assert.assertEquals(Assert.java:107)
    at junit.framework.TestCase.assertEquals(TestCase.java:269)
    at org.apache.commons.lang.StringEscapeUtilsTest.testEscapeJavaScript(StringEscapeUtilsTest.java:187)
    at sun.reflect.NativeMethodAccessorImpl.invoke0(Native Method)
    at sun.reflect.NativeMethodAccessorImpl.invoke(NativeMethodAccessorImpl.java:62)
18:37:30.037 [pool-6-thread-1] INFO  f.i.l.c.t.SpecificationTestCasesListener - Tests run finished (0 ms)
<> Total tests run: 1
<> Ignored tests: 0
<> Failed tests: 1
~ testEscapeJavaScript(org.apache.commons.lang.StringEscapeUtilsTest)
[expected:<...ipt>alert(\'aaa\');<[\]/script>\';> but was:<...ipt>alert(\'aaa\');<[]/script>\';>]
junit.framework.ComparisonFailure: expected:<...ipt>alert(\'aaa\');<[\]/script>\';> but was:<...ipt>alert(\'aaa\');<[]/script>\';>    at junit.framework.Assert.assertEquals(Assert.java:100)
    at junit.framework.Assert.assertEquals(Assert.java:107)
    at junit.framework.TestCase.assertEquals(TestCase.java:269)
    at org.apache.commons.lang.StringEscapeUtilsTest.testEscapeJavaScript(StringEscapeUtilsTest.java:187)
    at sun.reflect.NativeMethodAccessorImpl.invoke0(Native Method)
    at sun.reflect.NativeMethodAccessorImpl.invoke(NativeMethodAccessorImpl.java:62)

18:37:30.038 [pool-3-thread-1] DEBUG tests.output - Failing tests with false: 
[testEscapeJavaScript(org.apache.commons.lang.StringEscapeUtilsTest): expected:<He didn[\]'t say, \"stop!\"> but was:<He didn[]'t say, \"stop!\">]
18:37:30.039 [pool-3-thread-1] DEBUG tests.output - Failing tests with true: 
[testEscapeJavaScript(org.apache.commons.lang.StringEscapeUtilsTest): expected:<...ipt>alert(\'aaa\');<[\]/script>\';> but was:<...ipt>alert(\'aaa\');<[]/script>\';>]
18:37:30.039 [pool-3-thread-1] INFO  f.i.l.r.n.synth.SMTNopolSynthesizer - Not enough specifications: 0. A trivial patch is "true" or "false", please write new tests specifying SourceLocation org.apache.commons.lang.StringEscapeUtils:224.
18:37:30.039 [pool-2-thread-1] DEBUG fr.inria.lille.repair.nopol.NoPol - statement #2
18:37:30.039 [pool-2-thread-1] DEBUG fr.inria.lille.repair.nopol.NoPol - Analysing SourceLocation org.apache.commons.lang.StringEscapeUtils:138 which is executed by 1 tests
16862144
18:37:30.127 [pool-2-thread-1] DEBUG fr.inria.lille.repair.nopol.NoPol - looking with class fr.inria.lille.repair.nopol.spoon.smt.ConditionalAdder
junit.framework.ComparisonFailure: expected:<...ipt>alert(\'aaa\');<[\]/script>\';> but was:<...ipt>alert(\'aaa\');<[]/script>\';>
    at junit.framework.Assert.assertEquals(Assert.java:100)
    at junit.framework.Assert.assertEquals(Assert.java:107)
    at junit.framework.TestCase.assertEquals(TestCase.java:269)
    at org.apache.commons.lang.StringEscapeUtilsTest.testEscapeJavaScript(StringEscapeUtilsTest.java:187)
    at sun.reflect.NativeMethodAccessorImpl.invoke0(Native Method)
    at sun.reflect.NativeMethodAccessorImpl.invoke(NativeMethodAccessorImpl.java:62)
18:37:30.287 [pool-8-thread-1] INFO  xxl.java.junit.TestCasesListener - Tests run finished (156 ms)
<> Total tests run: 13
<> Ignored tests: 0
<> Failed tests: 1
~ testEscapeJavaScript(org.apache.commons.lang.StringEscapeUtilsTest)
[expected:<...ipt>alert(\'aaa\');<[\]/script>\';> but was:<...ipt>alert(\'aaa\');<[]/script>\';>]
junit.framework.ComparisonFailure: expected:<...ipt>alert(\'aaa\');<[\]/script>\';> but was:<...ipt>alert(\'aaa\');<[]/script>\';>    at junit.framework.Assert.assertEquals(Assert.java:100)
    at junit.framework.Assert.assertEquals(Assert.java:107)
    at junit.framework.TestCase.assertEquals(TestCase.java:269)
    at org.apache.commons.lang.StringEscapeUtilsTest.testEscapeJavaScript(StringEscapeUtilsTest.java:187)
    at sun.reflect.NativeMethodAccessorImpl.invoke0(Native Method)
    at sun.reflect.NativeMethodAccessorImpl.invoke(NativeMethodAccessorImpl.java:62)

junit.framework.AssertionFailedError
    at junit.framework.Assert.fail(Assert.java:55)
    at junit.framework.Assert.fail(Assert.java:64)
    at junit.framework.TestCase.fail(TestCase.java:235)
    at org.apache.commons.lang.StringEscapeUtilsTest.testEscapeJavaScript(StringEscapeUtilsTest.java:173)
    at sun.reflect.NativeMethodAccessorImpl.invoke0(Native Method)
    at sun.reflect.NativeMethodAccessorImpl.invoke(NativeMethodAccessorImpl.java:62)
18:37:30.533 [pool-9-thread-1] INFO  f.i.l.c.t.SpecificationTestCasesListener - Tests run finished (2 ms)
<> Total tests run: 1
<> Ignored tests: 0
<> Failed tests: 1
~ testEscapeJavaScript(org.apache.commons.lang.StringEscapeUtilsTest)
[null]
junit.framework.AssertionFailedError    at junit.framework.Assert.fail(Assert.java:55)
    at junit.framework.Assert.fail(Assert.java:64)
    at junit.framework.TestCase.fail(TestCase.java:235)
    at org.apache.commons.lang.StringEscapeUtilsTest.testEscapeJavaScript(StringEscapeUtilsTest.java:173)
    at sun.reflect.NativeMethodAccessorImpl.invoke0(Native Method)
    at sun.reflect.NativeMethodAccessorImpl.invoke(NativeMethodAccessorImpl.java:62)

junit.framework.ComparisonFailure: expected:<...ipt>alert(\'aaa\');<[\]/script>\';> but was:<...ipt>alert(\'aaa\');<[]/script>\';>
    at junit.framework.Assert.assertEquals(Assert.java:100)
    at junit.framework.Assert.assertEquals(Assert.java:107)
    at junit.framework.TestCase.assertEquals(TestCase.java:269)
    at org.apache.commons.lang.StringEscapeUtilsTest.testEscapeJavaScript(StringEscapeUtilsTest.java:187)
    at sun.reflect.NativeMethodAccessorImpl.invoke0(Native Method)
    at sun.reflect.NativeMethodAccessorImpl.invoke(NativeMethodAccessorImpl.java:62)
18:37:30.535 [pool-10-thread-1] INFO  f.i.l.c.t.SpecificationTestCasesListener - Tests run finished (1 ms)
<> Total tests run: 1
<> Ignored tests: 0
<> Failed tests: 1
~ testEscapeJavaScript(org.apache.commons.lang.StringEscapeUtilsTest)
[expected:<...ipt>alert(\'aaa\');<[\]/script>\';> but was:<...ipt>alert(\'aaa\');<[]/script>\';>]
junit.framework.ComparisonFailure: expected:<...ipt>alert(\'aaa\');<[\]/script>\';> but was:<...ipt>alert(\'aaa\');<[]/script>\';>    at junit.framework.Assert.assertEquals(Assert.java:100)
    at junit.framework.Assert.assertEquals(Assert.java:107)
    at junit.framework.TestCase.assertEquals(TestCase.java:269)
    at org.apache.commons.lang.StringEscapeUtilsTest.testEscapeJavaScript(StringEscapeUtilsTest.java:187)
    at sun.reflect.NativeMethodAccessorImpl.invoke0(Native Method)
    at sun.reflect.NativeMethodAccessorImpl.invoke(NativeMethodAccessorImpl.java:62)

18:37:30.536 [pool-7-thread-1] DEBUG tests.output - Failing tests with false: 
[testEscapeJavaScript(org.apache.commons.lang.StringEscapeUtilsTest): null]
18:37:30.536 [pool-7-thread-1] DEBUG tests.output - Failing tests with true: 
[testEscapeJavaScript(org.apache.commons.lang.StringEscapeUtilsTest): expected:<...ipt>alert(\'aaa\');<[\]/script>\';> but was:<...ipt>alert(\'aaa\');<[]/script>\';>]
18:37:30.536 [pool-7-thread-1] INFO  f.i.l.r.n.synth.SMTNopolSynthesizer - Not enough specifications: 0. A trivial patch is "true" or "false", please write new tests specifying SourceLocation org.apache.commons.lang.StringEscapeUtils:138.
18:37:30.537 [pool-2-thread-1] DEBUG fr.inria.lille.repair.nopol.NoPol - statement #3
18:37:30.537 [pool-2-thread-1] DEBUG fr.inria.lille.repair.nopol.NoPol - Analysing SourceLocation org.apache.commons.lang.StringEscapeUtils:122 which is executed by 1 tests
16862144
18:37:30.621 [pool-2-thread-1] DEBUG fr.inria.lille.repair.nopol.NoPol - statement #4
18:37:30.621 [pool-2-thread-1] DEBUG fr.inria.lille.repair.nopol.NoPol - Analysing SourceLocation org.apache.commons.lang.StringEscapeUtils:231 which is executed by 2 tests
16862144
18:37:30.738 [pool-2-thread-1] DEBUG fr.inria.lille.repair.nopol.NoPol - looking with class fr.inria.lille.repair.nopol.spoon.smt.ConditionalAdder
junit.framework.ComparisonFailure: expected:<...ipt>alert(\'aaa\');<[\]/script>\';> but was:<...ipt>alert(\'aaa\');<[]/script>\';>
    at junit.framework.Assert.assertEquals(Assert.java:100)
    at junit.framework.Assert.assertEquals(Assert.java:107)
    at junit.framework.TestCase.assertEquals(TestCase.java:269)
    at org.apache.commons.lang.StringEscapeUtilsTest.testEscapeJavaScript(StringEscapeUtilsTest.java:187)
    at sun.reflect.NativeMethodAccessorImpl.invoke0(Native Method)
    at sun.reflect.NativeMethodAccessorImpl.invoke(NativeMethodAccessorImpl.java:62)
18:37:30.893 [pool-12-thread-1] INFO  xxl.java.junit.TestCasesListener - Tests run finished (152 ms)
<> Total tests run: 13
<> Ignored tests: 0
<> Failed tests: 1
~ testEscapeJavaScript(org.apache.commons.lang.StringEscapeUtilsTest)
[expected:<...ipt>alert(\'aaa\');<[\]/script>\';> but was:<...ipt>alert(\'aaa\');<[]/script>\';>]
junit.framework.ComparisonFailure: expected:<...ipt>alert(\'aaa\');<[\]/script>\';> but was:<...ipt>alert(\'aaa\');<[]/script>\';>    at junit.framework.Assert.assertEquals(Assert.java:100)
    at junit.framework.Assert.assertEquals(Assert.java:107)
    at junit.framework.TestCase.assertEquals(TestCase.java:269)
    at org.apache.commons.lang.StringEscapeUtilsTest.testEscapeJavaScript(StringEscapeUtilsTest.java:187)
    at sun.reflect.NativeMethodAccessorImpl.invoke0(Native Method)
    at sun.reflect.NativeMethodAccessorImpl.invoke(NativeMethodAccessorImpl.java:62)

junit.framework.ComparisonFailure: expected:<He didn\'t say, \"[stop!\"]> but was:<He didn\'t say, \"[\\stop!\"\\]>
    at junit.framework.Assert.assertEquals(Assert.java:100)
    at junit.framework.Assert.assertEquals(Assert.java:107)
    at junit.framework.TestCase.assertEquals(TestCase.java:269)
    at org.apache.commons.lang.StringEscapeUtilsTest.testEscapeJavaScript(StringEscapeUtilsTest.java:186)
    at sun.reflect.NativeMethodAccessorImpl.invoke0(Native Method)
    at sun.reflect.NativeMethodAccessorImpl.invoke(NativeMethodAccessorImpl.java:62)
18:37:31.112 [pool-13-thread-1] INFO  f.i.l.c.t.SpecificationTestCasesListener - Tests run finished (2 ms)
<> Total tests run: 1
<> Ignored tests: 0
<> Failed tests: 1
~ testEscapeJavaScript(org.apache.commons.lang.StringEscapeUtilsTest)
[expected:<He didn\'t say, \"[stop!\"]> but was:<He didn\'t say, \"[\\stop!\"\\]>]
junit.framework.ComparisonFailure: expected:<He didn\'t say, \"[stop!\"]> but was:<He didn\'t say, \"[\\stop!\"\\]>    at junit.framework.Assert.assertEquals(Assert.java:100)
    at junit.framework.Assert.assertEquals(Assert.java:107)
    at junit.framework.TestCase.assertEquals(TestCase.java:269)
    at org.apache.commons.lang.StringEscapeUtilsTest.testEscapeJavaScript(StringEscapeUtilsTest.java:186)
    at sun.reflect.NativeMethodAccessorImpl.invoke0(Native Method)
    at sun.reflect.NativeMethodAccessorImpl.invoke(NativeMethodAccessorImpl.java:62)

junit.framework.ComparisonFailure: expected:<...ipt>alert(\'aaa\');<[\]/script>\';> but was:<...ipt>alert(\'aaa\');<[]/script>\';>
    at junit.framework.Assert.assertEquals(Assert.java:100)
    at junit.framework.Assert.assertEquals(Assert.java:107)
    at junit.framework.TestCase.assertEquals(TestCase.java:269)
    at org.apache.commons.lang.StringEscapeUtilsTest.testEscapeJavaScript(StringEscapeUtilsTest.java:187)
    at sun.reflect.NativeMethodAccessorImpl.invoke0(Native Method)
    at sun.reflect.NativeMethodAccessorImpl.invoke(NativeMethodAccessorImpl.java:62)
18:37:31.115 [pool-14-thread-1] INFO  f.i.l.c.t.SpecificationTestCasesListener - Tests run finished (1 ms)
<> Total tests run: 1
<> Ignored tests: 0
<> Failed tests: 1
~ testEscapeJavaScript(org.apache.commons.lang.StringEscapeUtilsTest)
[expected:<...ipt>alert(\'aaa\');<[\]/script>\';> but was:<...ipt>alert(\'aaa\');<[]/script>\';>]
junit.framework.ComparisonFailure: expected:<...ipt>alert(\'aaa\');<[\]/script>\';> but was:<...ipt>alert(\'aaa\');<[]/script>\';>    at junit.framework.Assert.assertEquals(Assert.java:100)
    at junit.framework.Assert.assertEquals(Assert.java:107)
    at junit.framework.TestCase.assertEquals(TestCase.java:269)
    at org.apache.commons.lang.StringEscapeUtilsTest.testEscapeJavaScript(StringEscapeUtilsTest.java:187)
    at sun.reflect.NativeMethodAccessorImpl.invoke0(Native Method)
    at sun.reflect.NativeMethodAccessorImpl.invoke(NativeMethodAccessorImpl.java:62)

18:37:31.115 [pool-11-thread-1] DEBUG tests.output - Failing tests with false: 
[testEscapeJavaScript(org.apache.commons.lang.StringEscapeUtilsTest): expected:<He didn\'t say, \"[stop!\"]> but was:<He didn\'t say, \"[\\stop!\"\\]>]
18:37:31.115 [pool-11-thread-1] DEBUG tests.output - Failing tests with true: 
[testEscapeJavaScript(org.apache.commons.lang.StringEscapeUtilsTest): expected:<...ipt>alert(\'aaa\');<[\]/script>\';> but was:<...ipt>alert(\'aaa\');<[]/script>\';>]
18:37:31.116 [pool-11-thread-1] INFO  f.i.l.r.n.synth.SMTNopolSynthesizer - Not enough specifications: 0. A trivial patch is "true" or "false", please write new tests specifying SourceLocation org.apache.commons.lang.StringEscapeUtils:231.
18:37:31.116 [pool-2-thread-1] DEBUG fr.inria.lille.repair.nopol.NoPol - statement #5
18:37:31.116 [pool-2-thread-1] DEBUG fr.inria.lille.repair.nopol.NoPol - Analysing SourceLocation org.apache.commons.lang.StringEscapeUtils:230 which is executed by 2 tests
16862144
18:37:31.197 [pool-2-thread-1] DEBUG fr.inria.lille.repair.nopol.NoPol - looking with class fr.inria.lille.repair.nopol.spoon.smt.ConditionalAdder
junit.framework.ComparisonFailure: expected:<...ipt>alert(\'aaa\');<[\]/script>\';> but was:<...ipt>alert(\'aaa\');<[]/script>\';>
    at junit.framework.Assert.assertEquals(Assert.java:100)
    at junit.framework.Assert.assertEquals(Assert.java:107)
    at junit.framework.TestCase.assertEquals(TestCase.java:269)
    at org.apache.commons.lang.StringEscapeUtilsTest.testEscapeJavaScript(StringEscapeUtilsTest.java:187)
    at sun.reflect.NativeMethodAccessorImpl.invoke0(Native Method)
    at sun.reflect.NativeMethodAccessorImpl.invoke(NativeMethodAccessorImpl.java:62)
18:37:31.352 [pool-16-thread-1] INFO  xxl.java.junit.TestCasesListener - Tests run finished (152 ms)
<> Total tests run: 13
<> Ignored tests: 0
<> Failed tests: 1
~ testEscapeJavaScript(org.apache.commons.lang.StringEscapeUtilsTest)
[expected:<...ipt>alert(\'aaa\');<[\]/script>\';> but was:<...ipt>alert(\'aaa\');<[]/script>\';>]
junit.framework.ComparisonFailure: expected:<...ipt>alert(\'aaa\');<[\]/script>\';> but was:<...ipt>alert(\'aaa\');<[]/script>\';>    at junit.framework.Assert.assertEquals(Assert.java:100)
    at junit.framework.Assert.assertEquals(Assert.java:107)
    at junit.framework.TestCase.assertEquals(TestCase.java:269)
    at org.apache.commons.lang.StringEscapeUtilsTest.testEscapeJavaScript(StringEscapeUtilsTest.java:187)
    at sun.reflect.NativeMethodAccessorImpl.invoke0(Native Method)
    at sun.reflect.NativeMethodAccessorImpl.invoke(NativeMethodAccessorImpl.java:62)

junit.framework.ComparisonFailure: expected:<He didn\'t say, \["stop!\"]> but was:<He didn\'t say, \[stop!\]>
    at junit.framework.Assert.assertEquals(Assert.java:100)
    at junit.framework.Assert.assertEquals(Assert.java:107)
    at junit.framework.TestCase.assertEquals(TestCase.java:269)
    at org.apache.commons.lang.StringEscapeUtilsTest.testEscapeJavaScript(StringEscapeUtilsTest.java:186)
    at sun.reflect.NativeMethodAccessorImpl.invoke0(Native Method)
    at sun.reflect.NativeMethodAccessorImpl.invoke(NativeMethodAccessorImpl.java:62)
18:37:31.564 [pool-17-thread-1] INFO  f.i.l.c.t.SpecificationTestCasesListener - Tests run finished (2 ms)
<> Total tests run: 1
<> Ignored tests: 0
<> Failed tests: 1
~ testEscapeJavaScript(org.apache.commons.lang.StringEscapeUtilsTest)
[expected:<He didn\'t say, \["stop!\"]> but was:<He didn\'t say, \[stop!\]>]
junit.framework.ComparisonFailure: expected:<He didn\'t say, \["stop!\"]> but was:<He didn\'t say, \[stop!\]>    at junit.framework.Assert.assertEquals(Assert.java:100)
    at junit.framework.Assert.assertEquals(Assert.java:107)
    at junit.framework.TestCase.assertEquals(TestCase.java:269)
    at org.apache.commons.lang.StringEscapeUtilsTest.testEscapeJavaScript(StringEscapeUtilsTest.java:186)
    at sun.reflect.NativeMethodAccessorImpl.invoke0(Native Method)
    at sun.reflect.NativeMethodAccessorImpl.invoke(NativeMethodAccessorImpl.java:62)

junit.framework.ComparisonFailure: expected:<...ipt>alert(\'aaa\');<[\]/script>\';> but was:<...ipt>alert(\'aaa\');<[]/script>\';>
    at junit.framework.Assert.assertEquals(Assert.java:100)
    at junit.framework.Assert.assertEquals(Assert.java:107)
    at junit.framework.TestCase.assertEquals(TestCase.java:269)
    at org.apache.commons.lang.StringEscapeUtilsTest.testEscapeJavaScript(StringEscapeUtilsTest.java:187)
    at sun.reflect.NativeMethodAccessorImpl.invoke0(Native Method)
    at sun.reflect.NativeMethodAccessorImpl.invoke(NativeMethodAccessorImpl.java:62)
18:37:31.566 [pool-18-thread-1] INFO  f.i.l.c.t.SpecificationTestCasesListener - Tests run finished (1 ms)
<> Total tests run: 1
<> Ignored tests: 0
<> Failed tests: 1
~ testEscapeJavaScript(org.apache.commons.lang.StringEscapeUtilsTest)
[expected:<...ipt>alert(\'aaa\');<[\]/script>\';> but was:<...ipt>alert(\'aaa\');<[]/script>\';>]
junit.framework.ComparisonFailure: expected:<...ipt>alert(\'aaa\');<[\]/script>\';> but was:<...ipt>alert(\'aaa\');<[]/script>\';>    at junit.framework.Assert.assertEquals(Assert.java:100)
    at junit.framework.Assert.assertEquals(Assert.java:107)
    at junit.framework.TestCase.assertEquals(TestCase.java:269)
    at org.apache.commons.lang.StringEscapeUtilsTest.testEscapeJavaScript(StringEscapeUtilsTest.java:187)
    at sun.reflect.NativeMethodAccessorImpl.invoke0(Native Method)
    at sun.reflect.NativeMethodAccessorImpl.invoke(NativeMethodAccessorImpl.java:62)

18:37:31.567 [pool-15-thread-1] DEBUG tests.output - Failing tests with false: 
[testEscapeJavaScript(org.apache.commons.lang.StringEscapeUtilsTest): expected:<He didn\'t say, \["stop!\"]> but was:<He didn\'t say, \[stop!\]>]
18:37:31.567 [pool-15-thread-1] DEBUG tests.output - Failing tests with true: 
[testEscapeJavaScript(org.apache.commons.lang.StringEscapeUtilsTest): expected:<...ipt>alert(\'aaa\');<[\]/script>\';> but was:<...ipt>alert(\'aaa\');<[]/script>\';>]
18:37:31.567 [pool-15-thread-1] INFO  f.i.l.r.n.synth.SMTNopolSynthesizer - Not enough specifications: 0. A trivial patch is "true" or "false", please write new tests specifying SourceLocation org.apache.commons.lang.StringEscapeUtils:230.
18:37:31.568 [pool-2-thread-1] DEBUG fr.inria.lille.repair.nopol.NoPol - statement #6
18:37:31.568 [pool-2-thread-1] DEBUG fr.inria.lille.repair.nopol.NoPol - Analysing SourceLocation org.apache.commons.lang.StringEscapeUtils:229 which is executed by 2 tests
16862144
18:37:31.662 [pool-2-thread-1] DEBUG fr.inria.lille.repair.nopol.NoPol - looking with class fr.inria.lille.repair.nopol.spoon.smt.ConditionalAdder
junit.framework.ComparisonFailure: expected:<...ipt>alert(\'aaa\');<[\]/script>\';> but was:<...ipt>alert(\'aaa\');<[]/script>\';>
    at junit.framework.Assert.assertEquals(Assert.java:100)
    at junit.framework.Assert.assertEquals(Assert.java:107)
    at junit.framework.TestCase.assertEquals(TestCase.java:269)
    at org.apache.commons.lang.StringEscapeUtilsTest.testEscapeJavaScript(StringEscapeUtilsTest.java:187)
    at sun.reflect.NativeMethodAccessorImpl.invoke0(Native Method)
    at sun.reflect.NativeMethodAccessorImpl.invoke(NativeMethodAccessorImpl.java:62)
18:37:31.872 [pool-20-thread-1] INFO  xxl.java.junit.TestCasesListener - Tests run finished (206 ms)
<> Total tests run: 13
<> Ignored tests: 0
<> Failed tests: 1
~ testEscapeJavaScript(org.apache.commons.lang.StringEscapeUtilsTest)
[expected:<...ipt>alert(\'aaa\');<[\]/script>\';> but was:<...ipt>alert(\'aaa\');<[]/script>\';>]
junit.framework.ComparisonFailure: expected:<...ipt>alert(\'aaa\');<[\]/script>\';> but was:<...ipt>alert(\'aaa\');<[]/script>\';>    at junit.framework.Assert.assertEquals(Assert.java:100)
    at junit.framework.Assert.assertEquals(Assert.java:107)
    at junit.framework.TestCase.assertEquals(TestCase.java:269)
    at org.apache.commons.lang.StringEscapeUtilsTest.testEscapeJavaScript(StringEscapeUtilsTest.java:187)
    at sun.reflect.NativeMethodAccessorImpl.invoke0(Native Method)
    at sun.reflect.NativeMethodAccessorImpl.invoke(NativeMethodAccessorImpl.java:62)

junit.framework.ComparisonFailure: expected:<He didn\'t say, [\"stop!\]"> but was:<He didn\'t say, ["stop!]">
    at junit.framework.Assert.assertEquals(Assert.java:100)
    at junit.framework.Assert.assertEquals(Assert.java:107)
    at junit.framework.TestCase.assertEquals(TestCase.java:269)
    at org.apache.commons.lang.StringEscapeUtilsTest.testEscapeJavaScript(StringEscapeUtilsTest.java:186)
    at sun.reflect.NativeMethodAccessorImpl.invoke0(Native Method)
    at sun.reflect.NativeMethodAccessorImpl.invoke(NativeMethodAccessorImpl.java:62)
18:37:32.101 [pool-21-thread-1] INFO  f.i.l.c.t.SpecificationTestCasesListener - Tests run finished (2 ms)
<> Total tests run: 1
<> Ignored tests: 0
<> Failed tests: 1
~ testEscapeJavaScript(org.apache.commons.lang.StringEscapeUtilsTest)
[expected:<He didn\'t say, [\"stop!\]"> but was:<He didn\'t say, ["stop!]">]
junit.framework.ComparisonFailure: expected:<He didn\'t say, [\"stop!\]"> but was:<He didn\'t say, ["stop!]">    at junit.framework.Assert.assertEquals(Assert.java:100)
    at junit.framework.Assert.assertEquals(Assert.java:107)
    at junit.framework.TestCase.assertEquals(TestCase.java:269)
    at org.apache.commons.lang.StringEscapeUtilsTest.testEscapeJavaScript(StringEscapeUtilsTest.java:186)
    at sun.reflect.NativeMethodAccessorImpl.invoke0(Native Method)
    at sun.reflect.NativeMethodAccessorImpl.invoke(NativeMethodAccessorImpl.java:62)

junit.framework.ComparisonFailure: expected:<...ipt>alert(\'aaa\');<[\]/script>\';> but was:<...ipt>alert(\'aaa\');<[]/script>\';>
    at junit.framework.Assert.assertEquals(Assert.java:100)
    at junit.framework.Assert.assertEquals(Assert.java:107)
    at junit.framework.TestCase.assertEquals(TestCase.java:269)
    at org.apache.commons.lang.StringEscapeUtilsTest.testEscapeJavaScript(StringEscapeUtilsTest.java:187)
    at sun.reflect.NativeMethodAccessorImpl.invoke0(Native Method)
    at sun.reflect.NativeMethodAccessorImpl.invoke(NativeMethodAccessorImpl.java:62)
18:37:32.103 [pool-22-thread-1] INFO  f.i.l.c.t.SpecificationTestCasesListener - Tests run finished (1 ms)
<> Total tests run: 1
<> Ignored tests: 0
<> Failed tests: 1
~ testEscapeJavaScript(org.apache.commons.lang.StringEscapeUtilsTest)
[expected:<...ipt>alert(\'aaa\');<[\]/script>\';> but was:<...ipt>alert(\'aaa\');<[]/script>\';>]
junit.framework.ComparisonFailure: expected:<...ipt>alert(\'aaa\');<[\]/script>\';> but was:<...ipt>alert(\'aaa\');<[]/script>\';>    at junit.framework.Assert.assertEquals(Assert.java:100)
    at junit.framework.Assert.assertEquals(Assert.java:107)
    at junit.framework.TestCase.assertEquals(TestCase.java:269)
    at org.apache.commons.lang.StringEscapeUtilsTest.testEscapeJavaScript(StringEscapeUtilsTest.java:187)
    at sun.reflect.NativeMethodAccessorImpl.invoke0(Native Method)
    at sun.reflect.NativeMethodAccessorImpl.invoke(NativeMethodAccessorImpl.java:62)

18:37:32.104 [pool-19-thread-1] DEBUG tests.output - Failing tests with false: 
[testEscapeJavaScript(org.apache.commons.lang.StringEscapeUtilsTest): expected:<He didn\'t say, [\"stop!\]"> but was:<He didn\'t say, ["stop!]">]
18:37:32.104 [pool-19-thread-1] DEBUG tests.output - Failing tests with true: 
[testEscapeJavaScript(org.apache.commons.lang.StringEscapeUtilsTest): expected:<...ipt>alert(\'aaa\');<[\]/script>\';> but was:<...ipt>alert(\'aaa\');<[]/script>\';>]
18:37:32.104 [pool-19-thread-1] INFO  f.i.l.r.n.synth.SMTNopolSynthesizer - Not enough specifications: 0. A trivial patch is "true" or "false", please write new tests specifying SourceLocation org.apache.commons.lang.StringEscapeUtils:229.
18:37:32.104 [pool-2-thread-1] DEBUG fr.inria.lille.repair.nopol.NoPol - statement #7
18:37:32.105 [pool-2-thread-1] DEBUG fr.inria.lille.repair.nopol.NoPol - Analysing SourceLocation org.apache.commons.lang.StringEscapeUtils:173 which is executed by 2 tests
16862144
18:37:32.179 [pool-2-thread-1] DEBUG fr.inria.lille.repair.nopol.NoPol - looking with class fr.inria.lille.repair.nopol.spoon.smt.ConditionalAdder
junit.framework.ComparisonFailure: expected:<...ipt>alert(\'aaa\');<[\]/script>\';> but was:<...ipt>alert(\'aaa\');<[]/script>\';>
    at junit.framework.Assert.assertEquals(Assert.java:100)
    at junit.framework.Assert.assertEquals(Assert.java:107)
    at junit.framework.TestCase.assertEquals(TestCase.java:269)
    at org.apache.commons.lang.StringEscapeUtilsTest.testEscapeJavaScript(StringEscapeUtilsTest.java:187)
    at sun.reflect.NativeMethodAccessorImpl.invoke0(Native Method)
    at sun.reflect.NativeMethodAccessorImpl.invoke(NativeMethodAccessorImpl.java:62)
18:37:32.333 [pool-24-thread-1] INFO  xxl.java.junit.TestCasesListener - Tests run finished (151 ms)
<> Total tests run: 13
<> Ignored tests: 0
<> Failed tests: 1
~ testEscapeJavaScript(org.apache.commons.lang.StringEscapeUtilsTest)
[expected:<...ipt>alert(\'aaa\');<[\]/script>\';> but was:<...ipt>alert(\'aaa\');<[]/script>\';>]
junit.framework.ComparisonFailure: expected:<...ipt>alert(\'aaa\');<[\]/script>\';> but was:<...ipt>alert(\'aaa\');<[]/script>\';>    at junit.framework.Assert.assertEquals(Assert.java:100)
    at junit.framework.Assert.assertEquals(Assert.java:107)
    at junit.framework.TestCase.assertEquals(TestCase.java:269)
    at org.apache.commons.lang.StringEscapeUtilsTest.testEscapeJavaScript(StringEscapeUtilsTest.java:187)
    at sun.reflect.NativeMethodAccessorImpl.invoke0(Native Method)
    at sun.reflect.NativeMethodAccessorImpl.invoke(NativeMethodAccessorImpl.java:62)

junit.framework.AssertionFailedError
    at junit.framework.Assert.fail(Assert.java:55)
    at junit.framework.Assert.fail(Assert.java:64)
    at junit.framework.TestCase.fail(TestCase.java:235)
    at org.apache.commons.lang.StringEscapeUtilsTest.testEscapeJavaScript(StringEscapeUtilsTest.java:173)
    at sun.reflect.NativeMethodAccessorImpl.invoke0(Native Method)
    at sun.reflect.NativeMethodAccessorImpl.invoke(NativeMethodAccessorImpl.java:62)
18:37:32.538 [pool-25-thread-1] INFO  f.i.l.c.t.SpecificationTestCasesListener - Tests run finished (1 ms)
<> Total tests run: 1
<> Ignored tests: 0
<> Failed tests: 1
~ testEscapeJavaScript(org.apache.commons.lang.StringEscapeUtilsTest)
[null]
junit.framework.AssertionFailedError    at junit.framework.Assert.fail(Assert.java:55)
    at junit.framework.Assert.fail(Assert.java:64)
    at junit.framework.TestCase.fail(TestCase.java:235)
    at org.apache.commons.lang.StringEscapeUtilsTest.testEscapeJavaScript(StringEscapeUtilsTest.java:173)
    at sun.reflect.NativeMethodAccessorImpl.invoke0(Native Method)
    at sun.reflect.NativeMethodAccessorImpl.invoke(NativeMethodAccessorImpl.java:62)

junit.framework.ComparisonFailure: expected:<...ipt>alert(\'aaa\');<[\]/script>\';> but was:<...ipt>alert(\'aaa\');<[]/script>\';>
    at junit.framework.Assert.assertEquals(Assert.java:100)
    at junit.framework.Assert.assertEquals(Assert.java:107)
    at junit.framework.TestCase.assertEquals(TestCase.java:269)
    at org.apache.commons.lang.StringEscapeUtilsTest.testEscapeJavaScript(StringEscapeUtilsTest.java:187)
    at sun.reflect.NativeMethodAccessorImpl.invoke0(Native Method)
    at sun.reflect.NativeMethodAccessorImpl.invoke(NativeMethodAccessorImpl.java:62)
18:37:32.541 [pool-26-thread-1] INFO  f.i.l.c.t.SpecificationTestCasesListener - Tests run finished (1 ms)
<> Total tests run: 1
<> Ignored tests: 0
<> Failed tests: 1
~ testEscapeJavaScript(org.apache.commons.lang.StringEscapeUtilsTest)
[expected:<...ipt>alert(\'aaa\');<[\]/script>\';> but was:<...ipt>alert(\'aaa\');<[]/script>\';>]
junit.framework.ComparisonFailure: expected:<...ipt>alert(\'aaa\');<[\]/script>\';> but was:<...ipt>alert(\'aaa\');<[]/script>\';>    at junit.framework.Assert.assertEquals(Assert.java:100)
    at junit.framework.Assert.assertEquals(Assert.java:107)
    at junit.framework.TestCase.assertEquals(TestCase.java:269)
    at org.apache.commons.lang.StringEscapeUtilsTest.testEscapeJavaScript(StringEscapeUtilsTest.java:187)
    at sun.reflect.NativeMethodAccessorImpl.invoke0(Native Method)
    at sun.reflect.NativeMethodAccessorImpl.invoke(NativeMethodAccessorImpl.java:62)

18:37:32.542 [pool-23-thread-1] DEBUG tests.output - Failing tests with false: 
[testEscapeJavaScript(org.apache.commons.lang.StringEscapeUtilsTest): null]
18:37:32.542 [pool-23-thread-1] DEBUG tests.output - Failing tests with true: 
[testEscapeJavaScript(org.apache.commons.lang.StringEscapeUtilsTest): expected:<...ipt>alert(\'aaa\');<[\]/script>\';> but was:<...ipt>alert(\'aaa\');<[]/script>\';>]
18:37:32.542 [pool-23-thread-1] INFO  f.i.l.r.n.synth.SMTNopolSynthesizer - Not enough specifications: 0. A trivial patch is "true" or "false", please write new tests specifying SourceLocation org.apache.commons.lang.StringEscapeUtils:173.
18:37:32.542 [pool-2-thread-1] DEBUG fr.inria.lille.repair.nopol.NoPol - statement #8
18:37:32.542 [pool-2-thread-1] DEBUG fr.inria.lille.repair.nopol.NoPol - Analysing SourceLocation org.apache.commons.lang.StringEscapeUtils:150 which is executed by 2 tests
16862144
18:37:32.618 [pool-2-thread-1] DEBUG fr.inria.lille.repair.nopol.NoPol - looking with class fr.inria.lille.repair.nopol.spoon.smt.ConditionalAdder
junit.framework.ComparisonFailure: expected:<...ipt>alert(\'aaa\');<[\]/script>\';> but was:<...ipt>alert(\'aaa\');<[]/script>\';>
    at junit.framework.Assert.assertEquals(Assert.java:100)
    at junit.framework.Assert.assertEquals(Assert.java:107)
    at junit.framework.TestCase.assertEquals(TestCase.java:269)
    at org.apache.commons.lang.StringEscapeUtilsTest.testEscapeJavaScript(StringEscapeUtilsTest.java:187)
    at sun.reflect.NativeMethodAccessorImpl.invoke0(Native Method)
    at sun.reflect.NativeMethodAccessorImpl.invoke(NativeMethodAccessorImpl.java:62)
18:37:32.772 [pool-28-thread-1] INFO  xxl.java.junit.TestCasesListener - Tests run finished (151 ms)
<> Total tests run: 13
<> Ignored tests: 0
<> Failed tests: 1
~ testEscapeJavaScript(org.apache.commons.lang.StringEscapeUtilsTest)
[expected:<...ipt>alert(\'aaa\');<[\]/script>\';> but was:<...ipt>alert(\'aaa\');<[]/script>\';>]
junit.framework.ComparisonFailure: expected:<...ipt>alert(\'aaa\');<[\]/script>\';> but was:<...ipt>alert(\'aaa\');<[]/script>\';>    at junit.framework.Assert.assertEquals(Assert.java:100)
    at junit.framework.Assert.assertEquals(Assert.java:107)
    at junit.framework.TestCase.assertEquals(TestCase.java:269)
    at org.apache.commons.lang.StringEscapeUtilsTest.testEscapeJavaScript(StringEscapeUtilsTest.java:187)
    at sun.reflect.NativeMethodAccessorImpl.invoke0(Native Method)
    at sun.reflect.NativeMethodAccessorImpl.invoke(NativeMethodAccessorImpl.java:62)

java.lang.NullPointerException
    at org.apache.commons.lang.StringEscapeUtils.escapeJavaStyleString(StringEscapeUtils.java:43)
    at org.apache.commons.lang.StringEscapeUtils.escapeJavaScript(StringEscapeUtils.java:16)
    at org.apache.commons.lang.StringEscapeUtilsTest.testEscapeJavaScript(StringEscapeUtilsTest.java:170)
    at sun.reflect.NativeMethodAccessorImpl.invoke0(Native Method)
    at sun.reflect.NativeMethodAccessorImpl.invoke(NativeMethodAccessorImpl.java:62)
    at sun.reflect.DelegatingMethodAccessorImpl.invoke(DelegatingMethodAccessorImpl.java:43)
18:37:32.930 [pool-29-thread-1] INFO  f.i.l.c.t.SpecificationTestCasesListener - Tests run finished (1 ms)
<> Total tests run: 1
<> Ignored tests: 0
<> Failed tests: 1
~ testEscapeJavaScript(org.apache.commons.lang.StringEscapeUtilsTest)
[null]
java.lang.NullPointerException    at org.apache.commons.lang.StringEscapeUtils.escapeJavaStyleString(StringEscapeUtils.java:43)
    at org.apache.commons.lang.StringEscapeUtils.escapeJavaScript(StringEscapeUtils.java:16)
    at org.apache.commons.lang.StringEscapeUtilsTest.testEscapeJavaScript(StringEscapeUtilsTest.java:170)
    at sun.reflect.NativeMethodAccessorImpl.invoke0(Native Method)
    at sun.reflect.NativeMethodAccessorImpl.invoke(NativeMethodAccessorImpl.java:62)
    at sun.reflect.DelegatingMethodAccessorImpl.invoke(DelegatingMethodAccessorImpl.java:43)

junit.framework.ComparisonFailure: expected:<...ipt>alert(\'aaa\');<[\]/script>\';> but was:<...ipt>alert(\'aaa\');<[]/script>\';>
    at junit.framework.Assert.assertEquals(Assert.java:100)
    at junit.framework.Assert.assertEquals(Assert.java:107)
    at junit.framework.TestCase.assertEquals(TestCase.java:269)
    at org.apache.commons.lang.StringEscapeUtilsTest.testEscapeJavaScript(StringEscapeUtilsTest.java:187)
    at sun.reflect.NativeMethodAccessorImpl.invoke0(Native Method)
    at sun.reflect.NativeMethodAccessorImpl.invoke(NativeMethodAccessorImpl.java:62)
18:37:32.933 [pool-30-thread-1] INFO  f.i.l.c.t.SpecificationTestCasesListener - Tests run finished (1 ms)
<> Total tests run: 1
<> Ignored tests: 0
<> Failed tests: 1
~ testEscapeJavaScript(org.apache.commons.lang.StringEscapeUtilsTest)
[expected:<...ipt>alert(\'aaa\');<[\]/script>\';> but was:<...ipt>alert(\'aaa\');<[]/script>\';>]
junit.framework.ComparisonFailure: expected:<...ipt>alert(\'aaa\');<[\]/script>\';> but was:<...ipt>alert(\'aaa\');<[]/script>\';>    at junit.framework.Assert.assertEquals(Assert.java:100)
    at junit.framework.Assert.assertEquals(Assert.java:107)
    at junit.framework.TestCase.assertEquals(TestCase.java:269)
    at org.apache.commons.lang.StringEscapeUtilsTest.testEscapeJavaScript(StringEscapeUtilsTest.java:187)
    at sun.reflect.NativeMethodAccessorImpl.invoke0(Native Method)
    at sun.reflect.NativeMethodAccessorImpl.invoke(NativeMethodAccessorImpl.java:62)

18:37:32.934 [pool-27-thread-1] DEBUG tests.output - Failing tests with false: 
[testEscapeJavaScript(org.apache.commons.lang.StringEscapeUtilsTest): null]
18:37:32.934 [pool-27-thread-1] DEBUG tests.output - Failing tests with true: 
[testEscapeJavaScript(org.apache.commons.lang.StringEscapeUtilsTest): expected:<...ipt>alert(\'aaa\');<[\]/script>\';> but was:<...ipt>alert(\'aaa\');<[]/script>\';>]
18:37:32.934 [pool-27-thread-1] INFO  f.i.l.r.n.synth.SMTNopolSynthesizer - Not enough specifications: 0. A trivial patch is "true" or "false", please write new tests specifying SourceLocation org.apache.commons.lang.StringEscapeUtils:150.
18:37:32.935 [pool-2-thread-1] DEBUG fr.inria.lille.repair.nopol.NoPol - statement #9
18:37:32.935 [pool-2-thread-1] DEBUG fr.inria.lille.repair.nopol.NoPol - Analysing SourceLocation org.apache.commons.lang.StringEscapeUtils:227 which is executed by 3 tests
16862144
18:37:33.009 [pool-2-thread-1] DEBUG fr.inria.lille.repair.nopol.NoPol - looking with class fr.inria.lille.repair.nopol.spoon.smt.ConditionalAdder
junit.framework.ComparisonFailure: expected:<...ipt>alert(\'aaa\');<[\]/script>\';> but was:<...ipt>alert(\'aaa\');<[]/script>\';>
    at junit.framework.Assert.assertEquals(Assert.java:100)
    at junit.framework.Assert.assertEquals(Assert.java:107)
    at junit.framework.TestCase.assertEquals(TestCase.java:269)
    at org.apache.commons.lang.StringEscapeUtilsTest.testEscapeJavaScript(StringEscapeUtilsTest.java:187)
    at sun.reflect.NativeMethodAccessorImpl.invoke0(Native Method)
    at sun.reflect.NativeMethodAccessorImpl.invoke(NativeMethodAccessorImpl.java:62)
18:37:33.310 [pool-32-thread-1] INFO  xxl.java.junit.TestCasesListener - Tests run finished (152 ms)
<> Total tests run: 13
<> Ignored tests: 0
<> Failed tests: 1
~ testEscapeJavaScript(org.apache.commons.lang.StringEscapeUtilsTest)
[expected:<...ipt>alert(\'aaa\');<[\]/script>\';> but was:<...ipt>alert(\'aaa\');<[]/script>\';>]
junit.framework.ComparisonFailure: expected:<...ipt>alert(\'aaa\');<[\]/script>\';> but was:<...ipt>alert(\'aaa\');<[]/script>\';>    at junit.framework.Assert.assertEquals(Assert.java:100)
    at junit.framework.Assert.assertEquals(Assert.java:107)
    at junit.framework.TestCase.assertEquals(TestCase.java:269)
    at org.apache.commons.lang.StringEscapeUtilsTest.testEscapeJavaScript(StringEscapeUtilsTest.java:187)
    at sun.reflect.NativeMethodAccessorImpl.invoke0(Native Method)
    at sun.reflect.NativeMethodAccessorImpl.invoke(NativeMethodAccessorImpl.java:62)

junit.framework.ComparisonFailure: expected:<He didn\'[]t say, \"stop!\"> but was:<He didn\'[\"]t say, \"stop!\">
    at junit.framework.Assert.assertEquals(Assert.java:100)
    at junit.framework.Assert.assertEquals(Assert.java:107)
    at junit.framework.TestCase.assertEquals(TestCase.java:269)
    at org.apache.commons.lang.StringEscapeUtilsTest.testEscapeJavaScript(StringEscapeUtilsTest.java:186)
    at sun.reflect.NativeMethodAccessorImpl.invoke0(Native Method)
    at sun.reflect.NativeMethodAccessorImpl.invoke(NativeMethodAccessorImpl.java:62)
18:37:33.497 [pool-33-thread-1] INFO  f.i.l.c.t.SpecificationTestCasesListener - Tests run finished (1 ms)
<> Total tests run: 1
<> Ignored tests: 0
<> Failed tests: 1
~ testEscapeJavaScript(org.apache.commons.lang.StringEscapeUtilsTest)
[expected:<He didn\'[]t say, \"stop!\"> but was:<He didn\'[\"]t say, \"stop!\">]
junit.framework.ComparisonFailure: expected:<He didn\'[]t say, \"stop!\"> but was:<He didn\'[\"]t say, \"stop!\">    at junit.framework.Assert.assertEquals(Assert.java:100)
    at junit.framework.Assert.assertEquals(Assert.java:107)
    at junit.framework.TestCase.assertEquals(TestCase.java:269)
    at org.apache.commons.lang.StringEscapeUtilsTest.testEscapeJavaScript(StringEscapeUtilsTest.java:186)
    at sun.reflect.NativeMethodAccessorImpl.invoke0(Native Method)
    at sun.reflect.NativeMethodAccessorImpl.invoke(NativeMethodAccessorImpl.java:62)

junit.framework.ComparisonFailure: expected:<...ipt>alert(\'aaa\');<[\]/script>\';> but was:<...ipt>alert(\'aaa\');<[]/script>\';>
    at junit.framework.Assert.assertEquals(Assert.java:100)
    at junit.framework.Assert.assertEquals(Assert.java:107)
    at junit.framework.TestCase.assertEquals(TestCase.java:269)
    at org.apache.commons.lang.StringEscapeUtilsTest.testEscapeJavaScript(StringEscapeUtilsTest.java:187)
    at sun.reflect.NativeMethodAccessorImpl.invoke0(Native Method)
    at sun.reflect.NativeMethodAccessorImpl.invoke(NativeMethodAccessorImpl.java:62)
18:37:33.499 [pool-34-thread-1] INFO  f.i.l.c.t.SpecificationTestCasesListener - Tests run finished (1 ms)
<> Total tests run: 1
<> Ignored tests: 0
<> Failed tests: 1
~ testEscapeJavaScript(org.apache.commons.lang.StringEscapeUtilsTest)
[expected:<...ipt>alert(\'aaa\');<[\]/script>\';> but was:<...ipt>alert(\'aaa\');<[]/script>\';>]
junit.framework.ComparisonFailure: expected:<...ipt>alert(\'aaa\');<[\]/script>\';> but was:<...ipt>alert(\'aaa\');<[]/script>\';>    at junit.framework.Assert.assertEquals(Assert.java:100)
    at junit.framework.Assert.assertEquals(Assert.java:107)
    at junit.framework.TestCase.assertEquals(TestCase.java:269)
    at org.apache.commons.lang.StringEscapeUtilsTest.testEscapeJavaScript(StringEscapeUtilsTest.java:187)
    at sun.reflect.NativeMethodAccessorImpl.invoke0(Native Method)
    at sun.reflect.NativeMethodAccessorImpl.invoke(NativeMethodAccessorImpl.java:62)

18:37:33.500 [pool-31-thread-1] DEBUG tests.output - Failing tests with false: 
[testEscapeJavaScript(org.apache.commons.lang.StringEscapeUtilsTest): expected:<He didn\'[]t say, \"stop!\"> but was:<He didn\'[\"]t say, \"stop!\">]
18:37:33.500 [pool-31-thread-1] DEBUG tests.output - Failing tests with true: 
[testEscapeJavaScript(org.apache.commons.lang.StringEscapeUtilsTest): expected:<...ipt>alert(\'aaa\');<[\]/script>\';> but was:<...ipt>alert(\'aaa\');<[]/script>\';>]
18:37:33.500 [pool-31-thread-1] INFO  f.i.l.r.n.synth.SMTNopolSynthesizer - Not enough specifications: 0. A trivial patch is "true" or "false", please write new tests specifying SourceLocation org.apache.commons.lang.StringEscapeUtils:227.
18:37:33.500 [pool-2-thread-1] DEBUG fr.inria.lille.repair.nopol.NoPol - statement #10
18:37:33.501 [pool-2-thread-1] DEBUG fr.inria.lille.repair.nopol.NoPol - Analysing SourceLocation org.apache.commons.lang.StringEscapeUtils:226 which is executed by 3 tests
16862144
18:37:33.576 [pool-2-thread-1] DEBUG fr.inria.lille.repair.nopol.NoPol - looking with class fr.inria.lille.repair.nopol.spoon.smt.ConditionalAdder
junit.framework.ComparisonFailure: expected:<...ipt>alert(\'aaa\');<[\]/script>\';> but was:<...ipt>alert(\'aaa\');<[]/script>\';>
    at junit.framework.Assert.assertEquals(Assert.java:100)
    at junit.framework.Assert.assertEquals(Assert.java:107)
    at junit.framework.TestCase.assertEquals(TestCase.java:269)
    at org.apache.commons.lang.StringEscapeUtilsTest.testEscapeJavaScript(StringEscapeUtilsTest.java:187)
    at sun.reflect.NativeMethodAccessorImpl.invoke0(Native Method)
    at sun.reflect.NativeMethodAccessorImpl.invoke(NativeMethodAccessorImpl.java:62)
18:37:33.731 [pool-36-thread-1] INFO  xxl.java.junit.TestCasesListener - Tests run finished (152 ms)
<> Total tests run: 13
<> Ignored tests: 0
<> Failed tests: 1
~ testEscapeJavaScript(org.apache.commons.lang.StringEscapeUtilsTest)
[expected:<...ipt>alert(\'aaa\');<[\]/script>\';> but was:<...ipt>alert(\'aaa\');<[]/script>\';>]
junit.framework.ComparisonFailure: expected:<...ipt>alert(\'aaa\');<[\]/script>\';> but was:<...ipt>alert(\'aaa\');<[]/script>\';>    at junit.framework.Assert.assertEquals(Assert.java:100)
    at junit.framework.Assert.assertEquals(Assert.java:107)
    at junit.framework.TestCase.assertEquals(TestCase.java:269)
    at org.apache.commons.lang.StringEscapeUtilsTest.testEscapeJavaScript(StringEscapeUtilsTest.java:187)
    at sun.reflect.NativeMethodAccessorImpl.invoke0(Native Method)
    at sun.reflect.NativeMethodAccessorImpl.invoke(NativeMethodAccessorImpl.java:62)

junit.framework.ComparisonFailure: expected:<He didn\[']t say, \"stop!\"> but was:<He didn\[]t say, \"stop!\">
    at junit.framework.Assert.assertEquals(Assert.java:100)
    at junit.framework.Assert.assertEquals(Assert.java:107)
    at junit.framework.TestCase.assertEquals(TestCase.java:269)
    at org.apache.commons.lang.StringEscapeUtilsTest.testEscapeJavaScript(StringEscapeUtilsTest.java:186)
    at sun.reflect.NativeMethodAccessorImpl.invoke0(Native Method)
    at sun.reflect.NativeMethodAccessorImpl.invoke(NativeMethodAccessorImpl.java:62)
18:37:33.899 [pool-37-thread-1] INFO  f.i.l.c.t.SpecificationTestCasesListener - Tests run finished (2 ms)
<> Total tests run: 1
<> Ignored tests: 0
<> Failed tests: 1
~ testEscapeJavaScript(org.apache.commons.lang.StringEscapeUtilsTest)
[expected:<He didn\[']t say, \"stop!\"> but was:<He didn\[]t say, \"stop!\">]
junit.framework.ComparisonFailure: expected:<He didn\[']t say, \"stop!\"> but was:<He didn\[]t say, \"stop!\">    at junit.framework.Assert.assertEquals(Assert.java:100)
    at junit.framework.Assert.assertEquals(Assert.java:107)
    at junit.framework.TestCase.assertEquals(TestCase.java:269)
    at org.apache.commons.lang.StringEscapeUtilsTest.testEscapeJavaScript(StringEscapeUtilsTest.java:186)
    at sun.reflect.NativeMethodAccessorImpl.invoke0(Native Method)
    at sun.reflect.NativeMethodAccessorImpl.invoke(NativeMethodAccessorImpl.java:62)

junit.framework.ComparisonFailure: expected:<...ipt>alert(\'aaa\');<[\]/script>\';> but was:<...ipt>alert(\'aaa\');<[]/script>\';>
    at junit.framework.Assert.assertEquals(Assert.java:100)
    at junit.framework.Assert.assertEquals(Assert.java:107)
    at junit.framework.TestCase.assertEquals(TestCase.java:269)
    at org.apache.commons.lang.StringEscapeUtilsTest.testEscapeJavaScript(StringEscapeUtilsTest.java:187)
    at sun.reflect.NativeMethodAccessorImpl.invoke0(Native Method)
    at sun.reflect.NativeMethodAccessorImpl.invoke(NativeMethodAccessorImpl.java:62)
18:37:33.901 [pool-38-thread-1] INFO  f.i.l.c.t.SpecificationTestCasesListener - Tests run finished (1 ms)
<> Total tests run: 1
<> Ignored tests: 0
<> Failed tests: 1
~ testEscapeJavaScript(org.apache.commons.lang.StringEscapeUtilsTest)
[expected:<...ipt>alert(\'aaa\');<[\]/script>\';> but was:<...ipt>alert(\'aaa\');<[]/script>\';>]
junit.framework.ComparisonFailure: expected:<...ipt>alert(\'aaa\');<[\]/script>\';> but was:<...ipt>alert(\'aaa\');<[]/script>\';>    at junit.framework.Assert.assertEquals(Assert.java:100)
    at junit.framework.Assert.assertEquals(Assert.java:107)
    at junit.framework.TestCase.assertEquals(TestCase.java:269)
    at org.apache.commons.lang.StringEscapeUtilsTest.testEscapeJavaScript(StringEscapeUtilsTest.java:187)
    at sun.reflect.NativeMethodAccessorImpl.invoke0(Native Method)
    at sun.reflect.NativeMethodAccessorImpl.invoke(NativeMethodAccessorImpl.java:62)

18:37:33.902 [pool-35-thread-1] DEBUG tests.output - Failing tests with false: 
[testEscapeJavaScript(org.apache.commons.lang.StringEscapeUtilsTest): expected:<He didn\[']t say, \"stop!\"> but was:<He didn\[]t say, \"stop!\">]
18:37:33.902 [pool-35-thread-1] DEBUG tests.output - Failing tests with true: 
[testEscapeJavaScript(org.apache.commons.lang.StringEscapeUtilsTest): expected:<...ipt>alert(\'aaa\');<[\]/script>\';> but was:<...ipt>alert(\'aaa\');<[]/script>\';>]
18:37:33.902 [pool-35-thread-1] INFO  f.i.l.r.n.synth.SMTNopolSynthesizer - Not enough specifications: 0. A trivial patch is "true" or "false", please write new tests specifying SourceLocation org.apache.commons.lang.StringEscapeUtils:226.
18:37:33.902 [pool-2-thread-1] DEBUG fr.inria.lille.repair.nopol.NoPol - statement #11
18:37:33.902 [pool-2-thread-1] DEBUG fr.inria.lille.repair.nopol.NoPol - Analysing SourceLocation org.apache.commons.lang.StringEscapeUtils:223 which is executed by 3 tests
16862144
18:37:33.977 [pool-2-thread-1] DEBUG fr.inria.lille.repair.nopol.NoPol - looking with class fr.inria.lille.repair.nopol.spoon.smt.ConditionalAdder
junit.framework.ComparisonFailure: expected:<...ipt>alert(\'aaa\');<[\]/script>\';> but was:<...ipt>alert(\'aaa\');<[]/script>\';>
    at junit.framework.Assert.assertEquals(Assert.java:100)
    at junit.framework.Assert.assertEquals(Assert.java:107)
    at junit.framework.TestCase.assertEquals(TestCase.java:269)
    at org.apache.commons.lang.StringEscapeUtilsTest.testEscapeJavaScript(StringEscapeUtilsTest.java:187)
    at sun.reflect.NativeMethodAccessorImpl.invoke0(Native Method)
    at sun.reflect.NativeMethodAccessorImpl.invoke(NativeMethodAccessorImpl.java:62)
18:37:34.131 [pool-40-thread-1] INFO  xxl.java.junit.TestCasesListener - Tests run finished (151 ms)
<> Total tests run: 13
<> Ignored tests: 0
<> Failed tests: 1
~ testEscapeJavaScript(org.apache.commons.lang.StringEscapeUtilsTest)
[expected:<...ipt>alert(\'aaa\');<[\]/script>\';> but was:<...ipt>alert(\'aaa\');<[]/script>\';>]
junit.framework.ComparisonFailure: expected:<...ipt>alert(\'aaa\');<[\]/script>\';> but was:<...ipt>alert(\'aaa\');<[]/script>\';>    at junit.framework.Assert.assertEquals(Assert.java:100)
    at junit.framework.Assert.assertEquals(Assert.java:107)
    at junit.framework.TestCase.assertEquals(TestCase.java:269)
    at org.apache.commons.lang.StringEscapeUtilsTest.testEscapeJavaScript(StringEscapeUtilsTest.java:187)
    at sun.reflect.NativeMethodAccessorImpl.invoke0(Native Method)
    at sun.reflect.NativeMethodAccessorImpl.invoke(NativeMethodAccessorImpl.java:62)

junit.framework.ComparisonFailure: expected:<He didn[\]'t say, \"stop!\"> but was:<He didn[]'t say, \"stop!\">
    at junit.framework.Assert.assertEquals(Assert.java:100)
    at junit.framework.Assert.assertEquals(Assert.java:107)
    at junit.framework.TestCase.assertEquals(TestCase.java:269)
    at org.apache.commons.lang.StringEscapeUtilsTest.testEscapeJavaScript(StringEscapeUtilsTest.java:186)
    at sun.reflect.NativeMethodAccessorImpl.invoke0(Native Method)
    at sun.reflect.NativeMethodAccessorImpl.invoke(NativeMethodAccessorImpl.java:62)
18:37:34.296 [pool-41-thread-1] INFO  f.i.l.c.t.SpecificationTestCasesListener - Tests run finished (2 ms)
<> Total tests run: 1
<> Ignored tests: 0
<> Failed tests: 1
~ testEscapeJavaScript(org.apache.commons.lang.StringEscapeUtilsTest)
[expected:<He didn[\]'t say, \"stop!\"> but was:<He didn[]'t say, \"stop!\">]
junit.framework.ComparisonFailure: expected:<He didn[\]'t say, \"stop!\"> but was:<He didn[]'t say, \"stop!\">    at junit.framework.Assert.assertEquals(Assert.java:100)
    at junit.framework.Assert.assertEquals(Assert.java:107)
    at junit.framework.TestCase.assertEquals(TestCase.java:269)
    at org.apache.commons.lang.StringEscapeUtilsTest.testEscapeJavaScript(StringEscapeUtilsTest.java:186)
    at sun.reflect.NativeMethodAccessorImpl.invoke0(Native Method)
    at sun.reflect.NativeMethodAccessorImpl.invoke(NativeMethodAccessorImpl.java:62)

junit.framework.ComparisonFailure: expected:<...ipt>alert(\'aaa\');<[\]/script>\';> but was:<...ipt>alert(\'aaa\');<[]/script>\';>
    at junit.framework.Assert.assertEquals(Assert.java:100)
    at junit.framework.Assert.assertEquals(Assert.java:107)
    at junit.framework.TestCase.assertEquals(TestCase.java:269)
    at org.apache.commons.lang.StringEscapeUtilsTest.testEscapeJavaScript(StringEscapeUtilsTest.java:187)
    at sun.reflect.NativeMethodAccessorImpl.invoke0(Native Method)
    at sun.reflect.NativeMethodAccessorImpl.invoke(NativeMethodAccessorImpl.java:62)
18:37:34.299 [pool-42-thread-1] INFO  f.i.l.c.t.SpecificationTestCasesListener - Tests run finished (1 ms)
<> Total tests run: 1
<> Ignored tests: 0
<> Failed tests: 1
~ testEscapeJavaScript(org.apache.commons.lang.StringEscapeUtilsTest)
[expected:<...ipt>alert(\'aaa\');<[\]/script>\';> but was:<...ipt>alert(\'aaa\');<[]/script>\';>]
junit.framework.ComparisonFailure: expected:<...ipt>alert(\'aaa\');<[\]/script>\';> but was:<...ipt>alert(\'aaa\');<[]/script>\';>    at junit.framework.Assert.assertEquals(Assert.java:100)
    at junit.framework.Assert.assertEquals(Assert.java:107)
    at junit.framework.TestCase.assertEquals(TestCase.java:269)
    at org.apache.commons.lang.StringEscapeUtilsTest.testEscapeJavaScript(StringEscapeUtilsTest.java:187)
    at sun.reflect.NativeMethodAccessorImpl.invoke0(Native Method)
    at sun.reflect.NativeMethodAccessorImpl.invoke(NativeMethodAccessorImpl.java:62)

18:37:34.300 [pool-39-thread-1] DEBUG tests.output - Failing tests with false: 
[testEscapeJavaScript(org.apache.commons.lang.StringEscapeUtilsTest): expected:<He didn[\]'t say, \"stop!\"> but was:<He didn[]'t say, \"stop!\">]
18:37:34.301 [pool-39-thread-1] DEBUG tests.output - Failing tests with true: 
[testEscapeJavaScript(org.apache.commons.lang.StringEscapeUtilsTest): expected:<...ipt>alert(\'aaa\');<[\]/script>\';> but was:<...ipt>alert(\'aaa\');<[]/script>\';>]
18:37:34.301 [pool-39-thread-1] INFO  f.i.l.r.n.synth.SMTNopolSynthesizer - Not enough specifications: 0. A trivial patch is "true" or "false", please write new tests specifying SourceLocation org.apache.commons.lang.StringEscapeUtils:223.
18:37:34.301 [pool-2-thread-1] DEBUG fr.inria.lille.repair.nopol.NoPol - looking with class fr.inria.lille.repair.nopol.spoon.smt.ConditionalReplacer
junit.framework.ComparisonFailure: expected:<...ipt>alert(\'aaa\');<[\]/script>\';> but was:<...ipt>alert(\'aaa\');<[]/script>\';>
    at junit.framework.Assert.assertEquals(Assert.java:100)
    at junit.framework.Assert.assertEquals(Assert.java:107)
    at junit.framework.TestCase.assertEquals(TestCase.java:269)
    at org.apache.commons.lang.StringEscapeUtilsTest.testEscapeJavaScript(StringEscapeUtilsTest.java:187)
    at sun.reflect.NativeMethodAccessorImpl.invoke0(Native Method)
    at sun.reflect.NativeMethodAccessorImpl.invoke(NativeMethodAccessorImpl.java:62)
18:37:34.504 [pool-44-thread-1] INFO  xxl.java.junit.TestCasesListener - Tests run finished (192 ms)
<> Total tests run: 13
<> Ignored tests: 0
<> Failed tests: 1
~ testEscapeJavaScript(org.apache.commons.lang.StringEscapeUtilsTest)
[expected:<...ipt>alert(\'aaa\');<[\]/script>\';> but was:<...ipt>alert(\'aaa\');<[]/script>\';>]
junit.framework.ComparisonFailure: expected:<...ipt>alert(\'aaa\');<[\]/script>\';> but was:<...ipt>alert(\'aaa\');<[]/script>\';>    at junit.framework.Assert.assertEquals(Assert.java:100)
    at junit.framework.Assert.assertEquals(Assert.java:107)
    at junit.framework.TestCase.assertEquals(TestCase.java:269)
    at org.apache.commons.lang.StringEscapeUtilsTest.testEscapeJavaScript(StringEscapeUtilsTest.java:187)
    at sun.reflect.NativeMethodAccessorImpl.invoke0(Native Method)
    at sun.reflect.NativeMethodAccessorImpl.invoke(NativeMethodAccessorImpl.java:62)

junit.framework.ComparisonFailure: expected:<He didn[\]'t say, \"stop!\"> but was:<He didn[]'t say, \"stop!\">
    at junit.framework.Assert.assertEquals(Assert.java:100)
    at junit.framework.Assert.assertEquals(Assert.java:107)
    at junit.framework.TestCase.assertEquals(TestCase.java:269)
    at org.apache.commons.lang.StringEscapeUtilsTest.testEscapeJavaScript(StringEscapeUtilsTest.java:186)
    at sun.reflect.NativeMethodAccessorImpl.invoke0(Native Method)
    at sun.reflect.NativeMethodAccessorImpl.invoke(NativeMethodAccessorImpl.java:62)
18:37:34.717 [pool-45-thread-1] INFO  f.i.l.c.t.SpecificationTestCasesListener - Tests run finished (2 ms)
<> Total tests run: 1
<> Ignored tests: 0
<> Failed tests: 1
~ testEscapeJavaScript(org.apache.commons.lang.StringEscapeUtilsTest)
[expected:<He didn[\]'t say, \"stop!\"> but was:<He didn[]'t say, \"stop!\">]
junit.framework.ComparisonFailure: expected:<He didn[\]'t say, \"stop!\"> but was:<He didn[]'t say, \"stop!\">    at junit.framework.Assert.assertEquals(Assert.java:100)
    at junit.framework.Assert.assertEquals(Assert.java:107)
    at junit.framework.TestCase.assertEquals(TestCase.java:269)
    at org.apache.commons.lang.StringEscapeUtilsTest.testEscapeJavaScript(StringEscapeUtilsTest.java:186)
    at sun.reflect.NativeMethodAccessorImpl.invoke0(Native Method)
    at sun.reflect.NativeMethodAccessorImpl.invoke(NativeMethodAccessorImpl.java:62)

junit.framework.ComparisonFailure: expected:<...ipt>alert(\'aaa\');<[\]/script>\';> but was:<...ipt>alert(\'aaa\');<[]/script>\';>
    at junit.framework.Assert.assertEquals(Assert.java:100)
    at junit.framework.Assert.assertEquals(Assert.java:107)
    at junit.framework.TestCase.assertEquals(TestCase.java:269)
    at org.apache.commons.lang.StringEscapeUtilsTest.testEscapeJavaScript(StringEscapeUtilsTest.java:187)
    at sun.reflect.NativeMethodAccessorImpl.invoke0(Native Method)
    at sun.reflect.NativeMethodAccessorImpl.invoke(NativeMethodAccessorImpl.java:62)
18:37:34.719 [pool-46-thread-1] INFO  f.i.l.c.t.SpecificationTestCasesListener - Tests run finished (1 ms)
<> Total tests run: 1
<> Ignored tests: 0
<> Failed tests: 1
~ testEscapeJavaScript(org.apache.commons.lang.StringEscapeUtilsTest)
[expected:<...ipt>alert(\'aaa\');<[\]/script>\';> but was:<...ipt>alert(\'aaa\');<[]/script>\';>]
junit.framework.ComparisonFailure: expected:<...ipt>alert(\'aaa\');<[\]/script>\';> but was:<...ipt>alert(\'aaa\');<[]/script>\';>    at junit.framework.Assert.assertEquals(Assert.java:100)
    at junit.framework.Assert.assertEquals(Assert.java:107)
    at junit.framework.TestCase.assertEquals(TestCase.java:269)
    at org.apache.commons.lang.StringEscapeUtilsTest.testEscapeJavaScript(StringEscapeUtilsTest.java:187)
    at sun.reflect.NativeMethodAccessorImpl.invoke0(Native Method)
    at sun.reflect.NativeMethodAccessorImpl.invoke(NativeMethodAccessorImpl.java:62)

18:37:34.720 [pool-43-thread-1] DEBUG tests.output - Failing tests with false: 
[testEscapeJavaScript(org.apache.commons.lang.StringEscapeUtilsTest): expected:<He didn[\]'t say, \"stop!\"> but was:<He didn[]'t say, \"stop!\">]
18:37:34.720 [pool-43-thread-1] DEBUG tests.output - Failing tests with true: 
[testEscapeJavaScript(org.apache.commons.lang.StringEscapeUtilsTest): expected:<...ipt>alert(\'aaa\');<[\]/script>\';> but was:<...ipt>alert(\'aaa\');<[]/script>\';>]
18:37:34.720 [pool-43-thread-1] INFO  f.i.l.r.n.synth.SMTNopolSynthesizer - Not enough specifications: 0. A trivial patch is "true" or "false", please write new tests specifying SourceLocation org.apache.commons.lang.StringEscapeUtils:223.
18:37:34.720 [pool-2-thread-1] DEBUG fr.inria.lille.repair.nopol.NoPol - statement #12
18:37:34.720 [pool-2-thread-1] DEBUG fr.inria.lille.repair.nopol.NoPol - Analysing SourceLocation org.apache.commons.lang.StringEscapeUtils:242 which is executed by 4 tests
16862144
18:37:34.808 [pool-2-thread-1] DEBUG fr.inria.lille.repair.nopol.NoPol - statement #13
18:37:34.809 [pool-2-thread-1] DEBUG fr.inria.lille.repair.nopol.NoPol - Analysing SourceLocation org.apache.commons.lang.StringEscapeUtils:237 which is executed by 4 tests
16862144
18:37:34.897 [pool-2-thread-1] DEBUG fr.inria.lille.repair.nopol.NoPol - looking with class fr.inria.lille.repair.nopol.spoon.smt.ConditionalAdder
junit.framework.ComparisonFailure: expected:<...ipt>alert(\'aaa\');<[\]/script>\';> but was:<...ipt>alert(\'aaa\');<[]/script>\';>
    at junit.framework.Assert.assertEquals(Assert.java:100)
    at junit.framework.Assert.assertEquals(Assert.java:107)
    at junit.framework.TestCase.assertEquals(TestCase.java:269)
    at org.apache.commons.lang.StringEscapeUtilsTest.testEscapeJavaScript(StringEscapeUtilsTest.java:187)
    at sun.reflect.NativeMethodAccessorImpl.invoke0(Native Method)
    at sun.reflect.NativeMethodAccessorImpl.invoke(NativeMethodAccessorImpl.java:62)
18:37:35.106 [pool-48-thread-1] INFO  xxl.java.junit.TestCasesListener - Tests run finished (206 ms)
<> Total tests run: 13
<> Ignored tests: 0
<> Failed tests: 1
~ testEscapeJavaScript(org.apache.commons.lang.StringEscapeUtilsTest)
[expected:<...ipt>alert(\'aaa\');<[\]/script>\';> but was:<...ipt>alert(\'aaa\');<[]/script>\';>]
junit.framework.ComparisonFailure: expected:<...ipt>alert(\'aaa\');<[\]/script>\';> but was:<...ipt>alert(\'aaa\');<[]/script>\';>    at junit.framework.Assert.assertEquals(Assert.java:100)
    at junit.framework.Assert.assertEquals(Assert.java:107)
    at junit.framework.TestCase.assertEquals(TestCase.java:269)
    at org.apache.commons.lang.StringEscapeUtilsTest.testEscapeJavaScript(StringEscapeUtilsTest.java:187)
    at sun.reflect.NativeMethodAccessorImpl.invoke0(Native Method)
    at sun.reflect.NativeMethodAccessorImpl.invoke(NativeMethodAccessorImpl.java:62)

junit.framework.ComparisonFailure: expected:<[He didn\'t say, \"stop!]\"> but was:<[\'\"]\">
    at junit.framework.Assert.assertEquals(Assert.java:100)
    at junit.framework.Assert.assertEquals(Assert.java:107)
    at junit.framework.TestCase.assertEquals(TestCase.java:269)
    at org.apache.commons.lang.StringEscapeUtilsTest.testEscapeJavaScript(StringEscapeUtilsTest.java:186)
    at sun.reflect.NativeMethodAccessorImpl.invoke0(Native Method)
    at sun.reflect.NativeMethodAccessorImpl.invoke(NativeMethodAccessorImpl.java:62)
18:37:35.297 [pool-49-thread-1] INFO  f.i.l.c.t.SpecificationTestCasesListener - Tests run finished (2 ms)
<> Total tests run: 1
<> Ignored tests: 0
<> Failed tests: 1
~ testEscapeJavaScript(org.apache.commons.lang.StringEscapeUtilsTest)
[expected:<[He didn\'t say, \"stop!]\"> but was:<[\'\"]\">]
junit.framework.ComparisonFailure: expected:<[He didn\'t say, \"stop!]\"> but was:<[\'\"]\">    at junit.framework.Assert.assertEquals(Assert.java:100)
    at junit.framework.Assert.assertEquals(Assert.java:107)
    at junit.framework.TestCase.assertEquals(TestCase.java:269)
    at org.apache.commons.lang.StringEscapeUtilsTest.testEscapeJavaScript(StringEscapeUtilsTest.java:186)
    at sun.reflect.NativeMethodAccessorImpl.invoke0(Native Method)
    at sun.reflect.NativeMethodAccessorImpl.invoke(NativeMethodAccessorImpl.java:62)

junit.framework.ComparisonFailure: expected:<...ipt>alert(\'aaa\');<[\]/script>\';> but was:<...ipt>alert(\'aaa\');<[]/script>\';>
    at junit.framework.Assert.assertEquals(Assert.java:100)
    at junit.framework.Assert.assertEquals(Assert.java:107)
    at junit.framework.TestCase.assertEquals(TestCase.java:269)
    at org.apache.commons.lang.StringEscapeUtilsTest.testEscapeJavaScript(StringEscapeUtilsTest.java:187)
    at sun.reflect.NativeMethodAccessorImpl.invoke0(Native Method)
    at sun.reflect.NativeMethodAccessorImpl.invoke(NativeMethodAccessorImpl.java:62)
18:37:35.301 [pool-50-thread-1] INFO  f.i.l.c.t.SpecificationTestCasesListener - Tests run finished (3 ms)
<> Total tests run: 1
<> Ignored tests: 0
<> Failed tests: 1
~ testEscapeJavaScript(org.apache.commons.lang.StringEscapeUtilsTest)
[expected:<...ipt>alert(\'aaa\');<[\]/script>\';> but was:<...ipt>alert(\'aaa\');<[]/script>\';>]
junit.framework.ComparisonFailure: expected:<...ipt>alert(\'aaa\');<[\]/script>\';> but was:<...ipt>alert(\'aaa\');<[]/script>\';>    at junit.framework.Assert.assertEquals(Assert.java:100)
    at junit.framework.Assert.assertEquals(Assert.java:107)
    at junit.framework.TestCase.assertEquals(TestCase.java:269)
    at org.apache.commons.lang.StringEscapeUtilsTest.testEscapeJavaScript(StringEscapeUtilsTest.java:187)
    at sun.reflect.NativeMethodAccessorImpl.invoke0(Native Method)
    at sun.reflect.NativeMethodAccessorImpl.invoke(NativeMethodAccessorImpl.java:62)

18:37:35.302 [pool-47-thread-1] DEBUG tests.output - Failing tests with false: 
[testEscapeJavaScript(org.apache.commons.lang.StringEscapeUtilsTest): expected:<[He didn\'t say, \"stop!]\"> but was:<[\'\"]\">]
18:37:35.302 [pool-47-thread-1] DEBUG tests.output - Failing tests with true: 
[testEscapeJavaScript(org.apache.commons.lang.StringEscapeUtilsTest): expected:<...ipt>alert(\'aaa\');<[\]/script>\';> but was:<...ipt>alert(\'aaa\');<[]/script>\';>]
18:37:35.302 [pool-47-thread-1] INFO  f.i.l.r.n.synth.SMTNopolSynthesizer - Not enough specifications: 0. A trivial patch is "true" or "false", please write new tests specifying SourceLocation org.apache.commons.lang.StringEscapeUtils:237.
18:37:35.302 [pool-2-thread-1] DEBUG fr.inria.lille.repair.nopol.NoPol - statement #14
18:37:35.302 [pool-2-thread-1] DEBUG fr.inria.lille.repair.nopol.NoPol - Analysing SourceLocation org.apache.commons.lang.StringEscapeUtils:221 which is executed by 4 tests
16862144
18:37:35.377 [pool-2-thread-1] DEBUG fr.inria.lille.repair.nopol.NoPol - looking with class fr.inria.lille.repair.nopol.spoon.smt.ConditionalAdder
junit.framework.ComparisonFailure: expected:<...ipt>alert(\'aaa\');<[\]/script>\';> but was:<...ipt>alert(\'aaa\');<[]/script>\';>
    at junit.framework.Assert.assertEquals(Assert.java:100)
    at junit.framework.Assert.assertEquals(Assert.java:107)
    at junit.framework.TestCase.assertEquals(TestCase.java:269)
    at org.apache.commons.lang.StringEscapeUtilsTest.testEscapeJavaScript(StringEscapeUtilsTest.java:187)
    at sun.reflect.NativeMethodAccessorImpl.invoke0(Native Method)
    at sun.reflect.NativeMethodAccessorImpl.invoke(NativeMethodAccessorImpl.java:62)
18:37:35.531 [pool-52-thread-1] INFO  xxl.java.junit.TestCasesListener - Tests run finished (149 ms)
<> Total tests run: 13
<> Ignored tests: 0
<> Failed tests: 1
~ testEscapeJavaScript(org.apache.commons.lang.StringEscapeUtilsTest)
[expected:<...ipt>alert(\'aaa\');<[\]/script>\';> but was:<...ipt>alert(\'aaa\');<[]/script>\';>]
junit.framework.ComparisonFailure: expected:<...ipt>alert(\'aaa\');<[\]/script>\';> but was:<...ipt>alert(\'aaa\');<[]/script>\';>    at junit.framework.Assert.assertEquals(Assert.java:100)
    at junit.framework.Assert.assertEquals(Assert.java:107)
    at junit.framework.TestCase.assertEquals(TestCase.java:269)
    at org.apache.commons.lang.StringEscapeUtilsTest.testEscapeJavaScript(StringEscapeUtilsTest.java:187)
    at sun.reflect.NativeMethodAccessorImpl.invoke0(Native Method)
    at sun.reflect.NativeMethodAccessorImpl.invoke(NativeMethodAccessorImpl.java:62)

junit.framework.ComparisonFailure: expected:<[He didn\'t say, \"stop!\"]> but was:<[]>
    at junit.framework.Assert.assertEquals(Assert.java:100)
    at junit.framework.Assert.assertEquals(Assert.java:107)
    at junit.framework.TestCase.assertEquals(TestCase.java:269)
    at org.apache.commons.lang.StringEscapeUtilsTest.testEscapeJavaScript(StringEscapeUtilsTest.java:186)
    at sun.reflect.NativeMethodAccessorImpl.invoke0(Native Method)
    at sun.reflect.NativeMethodAccessorImpl.invoke(NativeMethodAccessorImpl.java:62)
18:37:35.672 [pool-53-thread-1] INFO  f.i.l.c.t.SpecificationTestCasesListener - Tests run finished (2 ms)
<> Total tests run: 1
<> Ignored tests: 0
<> Failed tests: 1
~ testEscapeJavaScript(org.apache.commons.lang.StringEscapeUtilsTest)
[expected:<[He didn\'t say, \"stop!\"]> but was:<[]>]
junit.framework.ComparisonFailure: expected:<[He didn\'t say, \"stop!\"]> but was:<[]>    at junit.framework.Assert.assertEquals(Assert.java:100)
    at junit.framework.Assert.assertEquals(Assert.java:107)
    at junit.framework.TestCase.assertEquals(TestCase.java:269)
    at org.apache.commons.lang.StringEscapeUtilsTest.testEscapeJavaScript(StringEscapeUtilsTest.java:186)
    at sun.reflect.NativeMethodAccessorImpl.invoke0(Native Method)
    at sun.reflect.NativeMethodAccessorImpl.invoke(NativeMethodAccessorImpl.java:62)

junit.framework.ComparisonFailure: expected:<...ipt>alert(\'aaa\');<[\]/script>\';> but was:<...ipt>alert(\'aaa\');<[]/script>\';>
    at junit.framework.Assert.assertEquals(Assert.java:100)
    at junit.framework.Assert.assertEquals(Assert.java:107)
    at junit.framework.TestCase.assertEquals(TestCase.java:269)
    at org.apache.commons.lang.StringEscapeUtilsTest.testEscapeJavaScript(StringEscapeUtilsTest.java:187)
    at sun.reflect.NativeMethodAccessorImpl.invoke0(Native Method)
    at sun.reflect.NativeMethodAccessorImpl.invoke(NativeMethodAccessorImpl.java:62)
18:37:35.675 [pool-54-thread-1] INFO  f.i.l.c.t.SpecificationTestCasesListener - Tests run finished (2 ms)
<> Total tests run: 1
<> Ignored tests: 0
<> Failed tests: 1
~ testEscapeJavaScript(org.apache.commons.lang.StringEscapeUtilsTest)
[expected:<...ipt>alert(\'aaa\');<[\]/script>\';> but was:<...ipt>alert(\'aaa\');<[]/script>\';>]
junit.framework.ComparisonFailure: expected:<...ipt>alert(\'aaa\');<[\]/script>\';> but was:<...ipt>alert(\'aaa\');<[]/script>\';>    at junit.framework.Assert.assertEquals(Assert.java:100)
    at junit.framework.Assert.assertEquals(Assert.java:107)
    at junit.framework.TestCase.assertEquals(TestCase.java:269)
    at org.apache.commons.lang.StringEscapeUtilsTest.testEscapeJavaScript(StringEscapeUtilsTest.java:187)
    at sun.reflect.NativeMethodAccessorImpl.invoke0(Native Method)
    at sun.reflect.NativeMethodAccessorImpl.invoke(NativeMethodAccessorImpl.java:62)

18:37:35.676 [pool-51-thread-1] DEBUG tests.output - Failing tests with false: 
[testEscapeJavaScript(org.apache.commons.lang.StringEscapeUtilsTest): expected:<[He didn\'t say, \"stop!\"]> but was:<[]>]
18:37:35.676 [pool-51-thread-1] DEBUG tests.output - Failing tests with true: 
[testEscapeJavaScript(org.apache.commons.lang.StringEscapeUtilsTest): expected:<...ipt>alert(\'aaa\');<[\]/script>\';> but was:<...ipt>alert(\'aaa\');<[]/script>\';>]
18:37:35.676 [pool-51-thread-1] INFO  f.i.l.r.n.synth.SMTNopolSynthesizer - Not enough specifications: 0. A trivial patch is "true" or "false", please write new tests specifying SourceLocation org.apache.commons.lang.StringEscapeUtils:221.
18:37:35.676 [pool-2-thread-1] DEBUG fr.inria.lille.repair.nopol.NoPol - statement #15
18:37:35.676 [pool-2-thread-1] DEBUG fr.inria.lille.repair.nopol.NoPol - Analysing SourceLocation org.apache.commons.lang.StringEscapeUtils:190 which is executed by 4 tests
16862144
18:37:35.751 [pool-2-thread-1] DEBUG fr.inria.lille.repair.nopol.NoPol - looking with class fr.inria.lille.repair.nopol.spoon.smt.ConditionalAdder
junit.framework.ComparisonFailure: expected:<...ipt>alert(\'aaa\');<[\]/script>\';> but was:<...ipt>alert(\'aaa\');<[]/script>\';>
    at junit.framework.Assert.assertEquals(Assert.java:100)
    at junit.framework.Assert.assertEquals(Assert.java:107)
    at junit.framework.TestCase.assertEquals(TestCase.java:269)
    at org.apache.commons.lang.StringEscapeUtilsTest.testEscapeJavaScript(StringEscapeUtilsTest.java:187)
    at sun.reflect.NativeMethodAccessorImpl.invoke0(Native Method)
    at sun.reflect.NativeMethodAccessorImpl.invoke(NativeMethodAccessorImpl.java:62)
18:37:35.906 [pool-56-thread-1] INFO  xxl.java.junit.TestCasesListener - Tests run finished (152 ms)
<> Total tests run: 13
<> Ignored tests: 0
<> Failed tests: 1
~ testEscapeJavaScript(org.apache.commons.lang.StringEscapeUtilsTest)
[expected:<...ipt>alert(\'aaa\');<[\]/script>\';> but was:<...ipt>alert(\'aaa\');<[]/script>\';>]
junit.framework.ComparisonFailure: expected:<...ipt>alert(\'aaa\');<[\]/script>\';> but was:<...ipt>alert(\'aaa\');<[]/script>\';>    at junit.framework.Assert.assertEquals(Assert.java:100)
    at junit.framework.Assert.assertEquals(Assert.java:107)
    at junit.framework.TestCase.assertEquals(TestCase.java:269)
    at org.apache.commons.lang.StringEscapeUtilsTest.testEscapeJavaScript(StringEscapeUtilsTest.java:187)
    at sun.reflect.NativeMethodAccessorImpl.invoke0(Native Method)
    at sun.reflect.NativeMethodAccessorImpl.invoke(NativeMethodAccessorImpl.java:62)

junit.framework.ComparisonFailure: expected:<[He didn\'t say, \"stop!\"]> but was:<[]>
    at junit.framework.Assert.assertEquals(Assert.java:100)
    at junit.framework.Assert.assertEquals(Assert.java:107)
    at junit.framework.TestCase.assertEquals(TestCase.java:269)
    at org.apache.commons.lang.StringEscapeUtilsTest.testEscapeJavaScript(StringEscapeUtilsTest.java:186)
    at sun.reflect.NativeMethodAccessorImpl.invoke0(Native Method)
    at sun.reflect.NativeMethodAccessorImpl.invoke(NativeMethodAccessorImpl.java:62)
18:37:36.060 [pool-57-thread-1] INFO  f.i.l.c.t.SpecificationTestCasesListener - Tests run finished (2 ms)
<> Total tests run: 1
<> Ignored tests: 0
<> Failed tests: 1
~ testEscapeJavaScript(org.apache.commons.lang.StringEscapeUtilsTest)
[expected:<[He didn\'t say, \"stop!\"]> but was:<[]>]
junit.framework.ComparisonFailure: expected:<[He didn\'t say, \"stop!\"]> but was:<[]>    at junit.framework.Assert.assertEquals(Assert.java:100)
    at junit.framework.Assert.assertEquals(Assert.java:107)
    at junit.framework.TestCase.assertEquals(TestCase.java:269)
    at org.apache.commons.lang.StringEscapeUtilsTest.testEscapeJavaScript(StringEscapeUtilsTest.java:186)
    at sun.reflect.NativeMethodAccessorImpl.invoke0(Native Method)
    at sun.reflect.NativeMethodAccessorImpl.invoke(NativeMethodAccessorImpl.java:62)

junit.framework.ComparisonFailure: expected:<...ipt>alert(\'aaa\');<[\]/script>\';> but was:<...ipt>alert(\'aaa\');<[]/script>\';>
    at junit.framework.Assert.assertEquals(Assert.java:100)
    at junit.framework.Assert.assertEquals(Assert.java:107)
    at junit.framework.TestCase.assertEquals(TestCase.java:269)
    at org.apache.commons.lang.StringEscapeUtilsTest.testEscapeJavaScript(StringEscapeUtilsTest.java:187)
    at sun.reflect.NativeMethodAccessorImpl.invoke0(Native Method)
    at sun.reflect.NativeMethodAccessorImpl.invoke(NativeMethodAccessorImpl.java:62)
18:37:36.063 [pool-58-thread-1] INFO  f.i.l.c.t.SpecificationTestCasesListener - Tests run finished (1 ms)
<> Total tests run: 1
<> Ignored tests: 0
<> Failed tests: 1
~ testEscapeJavaScript(org.apache.commons.lang.StringEscapeUtilsTest)
[expected:<...ipt>alert(\'aaa\');<[\]/script>\';> but was:<...ipt>alert(\'aaa\');<[]/script>\';>]
junit.framework.ComparisonFailure: expected:<...ipt>alert(\'aaa\');<[\]/script>\';> but was:<...ipt>alert(\'aaa\');<[]/script>\';>    at junit.framework.Assert.assertEquals(Assert.java:100)
    at junit.framework.Assert.assertEquals(Assert.java:107)
    at junit.framework.TestCase.assertEquals(TestCase.java:269)
    at org.apache.commons.lang.StringEscapeUtilsTest.testEscapeJavaScript(StringEscapeUtilsTest.java:187)
    at sun.reflect.NativeMethodAccessorImpl.invoke0(Native Method)
    at sun.reflect.NativeMethodAccessorImpl.invoke(NativeMethodAccessorImpl.java:62)

18:37:36.064 [pool-55-thread-1] DEBUG tests.output - Failing tests with false: 
[testEscapeJavaScript(org.apache.commons.lang.StringEscapeUtilsTest): expected:<[He didn\'t say, \"stop!\"]> but was:<[]>]
18:37:36.064 [pool-55-thread-1] DEBUG tests.output - Failing tests with true: 
[testEscapeJavaScript(org.apache.commons.lang.StringEscapeUtilsTest): expected:<...ipt>alert(\'aaa\');<[\]/script>\';> but was:<...ipt>alert(\'aaa\');<[]/script>\';>]
18:37:36.064 [pool-55-thread-1] INFO  f.i.l.r.n.synth.SMTNopolSynthesizer - Not enough specifications: 0. A trivial patch is "true" or "false", please write new tests specifying SourceLocation org.apache.commons.lang.StringEscapeUtils:190.
18:37:36.064 [pool-2-thread-1] DEBUG fr.inria.lille.repair.nopol.NoPol - looking with class fr.inria.lille.repair.nopol.spoon.smt.ConditionalReplacer
junit.framework.ComparisonFailure: expected:<...ipt>alert(\'aaa\');<[\]/script>\';> but was:<...ipt>alert(\'aaa\');<[]/script>\';>
    at junit.framework.Assert.assertEquals(Assert.java:100)
    at junit.framework.Assert.assertEquals(Assert.java:107)
    at junit.framework.TestCase.assertEquals(TestCase.java:269)
    at org.apache.commons.lang.StringEscapeUtilsTest.testEscapeJavaScript(StringEscapeUtilsTest.java:187)
    at sun.reflect.NativeMethodAccessorImpl.invoke0(Native Method)
    at sun.reflect.NativeMethodAccessorImpl.invoke(NativeMethodAccessorImpl.java:62)
18:37:36.219 [pool-60-thread-1] INFO  xxl.java.junit.TestCasesListener - Tests run finished (152 ms)
<> Total tests run: 13
<> Ignored tests: 0
<> Failed tests: 1
~ testEscapeJavaScript(org.apache.commons.lang.StringEscapeUtilsTest)
[expected:<...ipt>alert(\'aaa\');<[\]/script>\';> but was:<...ipt>alert(\'aaa\');<[]/script>\';>]
junit.framework.ComparisonFailure: expected:<...ipt>alert(\'aaa\');<[\]/script>\';> but was:<...ipt>alert(\'aaa\');<[]/script>\';>    at junit.framework.Assert.assertEquals(Assert.java:100)
    at junit.framework.Assert.assertEquals(Assert.java:107)
    at junit.framework.TestCase.assertEquals(TestCase.java:269)
    at org.apache.commons.lang.StringEscapeUtilsTest.testEscapeJavaScript(StringEscapeUtilsTest.java:187)
    at sun.reflect.NativeMethodAccessorImpl.invoke0(Native Method)
    at sun.reflect.NativeMethodAccessorImpl.invoke(NativeMethodAccessorImpl.java:62)

junit.framework.ComparisonFailure: expected:<...ipt>alert(\'aaa\');<[\]/script>\';> but was:<...ipt>alert(\'aaa\');<[]/script>\';>
    at junit.framework.Assert.assertEquals(Assert.java:100)
    at junit.framework.Assert.assertEquals(Assert.java:107)
    at junit.framework.TestCase.assertEquals(TestCase.java:269)
    at org.apache.commons.lang.StringEscapeUtilsTest.testEscapeJavaScript(StringEscapeUtilsTest.java:187)
    at sun.reflect.NativeMethodAccessorImpl.invoke0(Native Method)
    at sun.reflect.NativeMethodAccessorImpl.invoke(NativeMethodAccessorImpl.java:62)
18:37:36.353 [pool-61-thread-1] INFO  f.i.l.c.t.SpecificationTestCasesListener - Tests run finished (3 ms)
<> Total tests run: 1
<> Ignored tests: 0
<> Failed tests: 1
~ testEscapeJavaScript(org.apache.commons.lang.StringEscapeUtilsTest)
[expected:<...ipt>alert(\'aaa\');<[\]/script>\';> but was:<...ipt>alert(\'aaa\');<[]/script>\';>]
junit.framework.ComparisonFailure: expected:<...ipt>alert(\'aaa\');<[\]/script>\';> but was:<...ipt>alert(\'aaa\');<[]/script>\';>    at junit.framework.Assert.assertEquals(Assert.java:100)
    at junit.framework.Assert.assertEquals(Assert.java:107)
    at junit.framework.TestCase.assertEquals(TestCase.java:269)
    at org.apache.commons.lang.StringEscapeUtilsTest.testEscapeJavaScript(StringEscapeUtilsTest.java:187)
    at sun.reflect.NativeMethodAccessorImpl.invoke0(Native Method)
    at sun.reflect.NativeMethodAccessorImpl.invoke(NativeMethodAccessorImpl.java:62)

junit.framework.ComparisonFailure: expected:<[He didn\'t say, \"stop!\"]> but was:<[\u0048\u0065\u0020\u0064\u0069\u0064\u006E\u0027\u0074\u0020\u0073\u0061\u0079\u002C\u0020\u0022\u0073\u0074\u006F\u0070\u0021\u0022]>
    at junit.framework.Assert.assertEquals(Assert.java:100)
    at junit.framework.Assert.assertEquals(Assert.java:107)
    at junit.framework.TestCase.assertEquals(TestCase.java:269)
    at org.apache.commons.lang.StringEscapeUtilsTest.testEscapeJavaScript(StringEscapeUtilsTest.java:186)
    at sun.reflect.NativeMethodAccessorImpl.invoke0(Native Method)
    at sun.reflect.NativeMethodAccessorImpl.invoke(NativeMethodAccessorImpl.java:62)
18:37:36.355 [pool-62-thread-1] INFO  f.i.l.c.t.SpecificationTestCasesListener - Tests run finished (1 ms)
<> Total tests run: 1
<> Ignored tests: 0
<> Failed tests: 1
~ testEscapeJavaScript(org.apache.commons.lang.StringEscapeUtilsTest)
[expected:<[He didn\'t say, \"stop!\"]> but was:<[\u0048\u0065\u0020\u0064\u0069\u0064\u006E\u0027\u0074\u0020\u0073\u0061\u0079\u002C\u0020\u0022\u0073\u0074\u006F\u0070\u0021\u0022]>]
junit.framework.ComparisonFailure: expected:<[He didn\'t say, \"stop!\"]> but was:<[\u0048\u0065\u0020\u0064\u0069\u0064\u006E\u0027\u0074\u0020\u0073\u0061\u0079\u002C\u0020\u0022\u0073\u0074\u006F\u0070\u0021\u0022]>    at junit.framework.Assert.assertEquals(Assert.java:100)
    at junit.framework.Assert.assertEquals(Assert.java:107)
    at junit.framework.TestCase.assertEquals(TestCase.java:269)
    at org.apache.commons.lang.StringEscapeUtilsTest.testEscapeJavaScript(StringEscapeUtilsTest.java:186)
    at sun.reflect.NativeMethodAccessorImpl.invoke0(Native Method)
    at sun.reflect.NativeMethodAccessorImpl.invoke(NativeMethodAccessorImpl.java:62)

18:37:36.356 [pool-59-thread-1] DEBUG tests.output - Failing tests with false: 
[testEscapeJavaScript(org.apache.commons.lang.StringEscapeUtilsTest): expected:<...ipt>alert(\'aaa\');<[\]/script>\';> but was:<...ipt>alert(\'aaa\');<[]/script>\';>]
18:37:36.356 [pool-59-thread-1] DEBUG tests.output - Failing tests with true: 
[testEscapeJavaScript(org.apache.commons.lang.StringEscapeUtilsTest): expected:<[He didn\'t say, \"stop!\"]> but was:<[\u0048\u0065\u0020\u0064\u0069\u0064\u006E\u0027\u0074\u0020\u0073\u0061\u0079\u002C\u0020\u0022\u0073\u0074\u006F\u0070\u0021\u0022]>]
18:37:36.356 [pool-59-thread-1] INFO  f.i.l.r.n.synth.SMTNopolSynthesizer - Not enough specifications: 0. A trivial patch is "true" or "false", please write new tests specifying SourceLocation org.apache.commons.lang.StringEscapeUtils:190.
18:37:36.356 [pool-2-thread-1] DEBUG fr.inria.lille.repair.nopol.NoPol - statement #16
18:37:36.356 [pool-2-thread-1] DEBUG fr.inria.lille.repair.nopol.NoPol - Analysing SourceLocation org.apache.commons.lang.StringEscapeUtils:188 which is executed by 4 tests
16862144
18:37:36.430 [pool-2-thread-1] DEBUG fr.inria.lille.repair.nopol.NoPol - looking with class fr.inria.lille.repair.nopol.spoon.smt.ConditionalAdder
junit.framework.ComparisonFailure: expected:<...ipt>alert(\'aaa\');<[\]/script>\';> but was:<...ipt>alert(\'aaa\');<[]/script>\';>
    at junit.framework.Assert.assertEquals(Assert.java:100)
    at junit.framework.Assert.assertEquals(Assert.java:107)
    at junit.framework.TestCase.assertEquals(TestCase.java:269)
    at org.apache.commons.lang.StringEscapeUtilsTest.testEscapeJavaScript(StringEscapeUtilsTest.java:187)
    at sun.reflect.NativeMethodAccessorImpl.invoke0(Native Method)
    at sun.reflect.NativeMethodAccessorImpl.invoke(NativeMethodAccessorImpl.java:62)
18:37:36.586 [pool-64-thread-1] INFO  xxl.java.junit.TestCasesListener - Tests run finished (153 ms)
<> Total tests run: 13
<> Ignored tests: 0
<> Failed tests: 1
~ testEscapeJavaScript(org.apache.commons.lang.StringEscapeUtilsTest)
[expected:<...ipt>alert(\'aaa\');<[\]/script>\';> but was:<...ipt>alert(\'aaa\');<[]/script>\';>]
junit.framework.ComparisonFailure: expected:<...ipt>alert(\'aaa\');<[\]/script>\';> but was:<...ipt>alert(\'aaa\');<[]/script>\';>    at junit.framework.Assert.assertEquals(Assert.java:100)
    at junit.framework.Assert.assertEquals(Assert.java:107)
    at junit.framework.TestCase.assertEquals(TestCase.java:269)
    at org.apache.commons.lang.StringEscapeUtilsTest.testEscapeJavaScript(StringEscapeUtilsTest.java:187)
    at sun.reflect.NativeMethodAccessorImpl.invoke0(Native Method)
    at sun.reflect.NativeMethodAccessorImpl.invoke(NativeMethodAccessorImpl.java:62)

junit.framework.ComparisonFailure: expected:<[He didn\'t say, \"stop!\"]> but was:<[]>
    at junit.framework.Assert.assertEquals(Assert.java:100)
    at junit.framework.Assert.assertEquals(Assert.java:107)
    at junit.framework.TestCase.assertEquals(TestCase.java:269)
    at org.apache.commons.lang.StringEscapeUtilsTest.testEscapeJavaScript(StringEscapeUtilsTest.java:186)
    at sun.reflect.NativeMethodAccessorImpl.invoke0(Native Method)
    at sun.reflect.NativeMethodAccessorImpl.invoke(NativeMethodAccessorImpl.java:62)
18:37:36.719 [pool-65-thread-1] INFO  f.i.l.c.t.SpecificationTestCasesListener - Tests run finished (2 ms)
<> Total tests run: 1
<> Ignored tests: 0
<> Failed tests: 1
~ testEscapeJavaScript(org.apache.commons.lang.StringEscapeUtilsTest)
[expected:<[He didn\'t say, \"stop!\"]> but was:<[]>]
junit.framework.ComparisonFailure: expected:<[He didn\'t say, \"stop!\"]> but was:<[]>    at junit.framework.Assert.assertEquals(Assert.java:100)
    at junit.framework.Assert.assertEquals(Assert.java:107)
    at junit.framework.TestCase.assertEquals(TestCase.java:269)
    at org.apache.commons.lang.StringEscapeUtilsTest.testEscapeJavaScript(StringEscapeUtilsTest.java:186)
    at sun.reflect.NativeMethodAccessorImpl.invoke0(Native Method)
    at sun.reflect.NativeMethodAccessorImpl.invoke(NativeMethodAccessorImpl.java:62)

junit.framework.ComparisonFailure: expected:<...ipt>alert(\'aaa\');<[\]/script>\';> but was:<...ipt>alert(\'aaa\');<[]/script>\';>
    at junit.framework.Assert.assertEquals(Assert.java:100)
    at junit.framework.Assert.assertEquals(Assert.java:107)
    at junit.framework.TestCase.assertEquals(TestCase.java:269)
    at org.apache.commons.lang.StringEscapeUtilsTest.testEscapeJavaScript(StringEscapeUtilsTest.java:187)
    at sun.reflect.NativeMethodAccessorImpl.invoke0(Native Method)
    at sun.reflect.NativeMethodAccessorImpl.invoke(NativeMethodAccessorImpl.java:62)
18:37:36.722 [pool-66-thread-1] INFO  f.i.l.c.t.SpecificationTestCasesListener - Tests run finished (1 ms)
<> Total tests run: 1
<> Ignored tests: 0
<> Failed tests: 1
~ testEscapeJavaScript(org.apache.commons.lang.StringEscapeUtilsTest)
[expected:<...ipt>alert(\'aaa\');<[\]/script>\';> but was:<...ipt>alert(\'aaa\');<[]/script>\';>]
junit.framework.ComparisonFailure: expected:<...ipt>alert(\'aaa\');<[\]/script>\';> but was:<...ipt>alert(\'aaa\');<[]/script>\';>    at junit.framework.Assert.assertEquals(Assert.java:100)
    at junit.framework.Assert.assertEquals(Assert.java:107)
    at junit.framework.TestCase.assertEquals(TestCase.java:269)
    at org.apache.commons.lang.StringEscapeUtilsTest.testEscapeJavaScript(StringEscapeUtilsTest.java:187)
    at sun.reflect.NativeMethodAccessorImpl.invoke0(Native Method)
    at sun.reflect.NativeMethodAccessorImpl.invoke(NativeMethodAccessorImpl.java:62)

18:37:36.723 [pool-63-thread-1] DEBUG tests.output - Failing tests with false: 
[testEscapeJavaScript(org.apache.commons.lang.StringEscapeUtilsTest): expected:<[He didn\'t say, \"stop!\"]> but was:<[]>]
18:37:36.723 [pool-63-thread-1] DEBUG tests.output - Failing tests with true: 
[testEscapeJavaScript(org.apache.commons.lang.StringEscapeUtilsTest): expected:<...ipt>alert(\'aaa\');<[\]/script>\';> but was:<...ipt>alert(\'aaa\');<[]/script>\';>]
18:37:36.723 [pool-63-thread-1] INFO  f.i.l.r.n.synth.SMTNopolSynthesizer - Not enough specifications: 0. A trivial patch is "true" or "false", please write new tests specifying SourceLocation org.apache.commons.lang.StringEscapeUtils:188.
18:37:36.723 [pool-2-thread-1] DEBUG fr.inria.lille.repair.nopol.NoPol - looking with class fr.inria.lille.repair.nopol.spoon.smt.ConditionalReplacer
junit.framework.ComparisonFailure: expected:<...ipt>alert(\'aaa\');<[\]/script>\';> but was:<...ipt>alert(\'aaa\');<[]/script>\';>
    at junit.framework.Assert.assertEquals(Assert.java:100)
    at junit.framework.Assert.assertEquals(Assert.java:107)
    at junit.framework.TestCase.assertEquals(TestCase.java:269)
    at org.apache.commons.lang.StringEscapeUtilsTest.testEscapeJavaScript(StringEscapeUtilsTest.java:187)
    at sun.reflect.NativeMethodAccessorImpl.invoke0(Native Method)
    at sun.reflect.NativeMethodAccessorImpl.invoke(NativeMethodAccessorImpl.java:62)
18:37:36.879 [pool-68-thread-1] INFO  xxl.java.junit.TestCasesListener - Tests run finished (153 ms)
<> Total tests run: 13
<> Ignored tests: 0
<> Failed tests: 1
~ testEscapeJavaScript(org.apache.commons.lang.StringEscapeUtilsTest)
[expected:<...ipt>alert(\'aaa\');<[\]/script>\';> but was:<...ipt>alert(\'aaa\');<[]/script>\';>]
junit.framework.ComparisonFailure: expected:<...ipt>alert(\'aaa\');<[\]/script>\';> but was:<...ipt>alert(\'aaa\');<[]/script>\';>    at junit.framework.Assert.assertEquals(Assert.java:100)
    at junit.framework.Assert.assertEquals(Assert.java:107)
    at junit.framework.TestCase.assertEquals(TestCase.java:269)
    at org.apache.commons.lang.StringEscapeUtilsTest.testEscapeJavaScript(StringEscapeUtilsTest.java:187)
    at sun.reflect.NativeMethodAccessorImpl.invoke0(Native Method)
    at sun.reflect.NativeMethodAccessorImpl.invoke(NativeMethodAccessorImpl.java:62)

junit.framework.ComparisonFailure: expected:<...ipt>alert(\'aaa\');<[\]/script>\';> but was:<...ipt>alert(\'aaa\');<[]/script>\';>
    at junit.framework.Assert.assertEquals(Assert.java:100)
    at junit.framework.Assert.assertEquals(Assert.java:107)
    at junit.framework.TestCase.assertEquals(TestCase.java:269)
    at org.apache.commons.lang.StringEscapeUtilsTest.testEscapeJavaScript(StringEscapeUtilsTest.java:187)
    at sun.reflect.NativeMethodAccessorImpl.invoke0(Native Method)
    at sun.reflect.NativeMethodAccessorImpl.invoke(NativeMethodAccessorImpl.java:62)
18:37:37.011 [pool-69-thread-1] INFO  f.i.l.c.t.SpecificationTestCasesListener - Tests run finished (2 ms)
<> Total tests run: 1
<> Ignored tests: 0
<> Failed tests: 1
~ testEscapeJavaScript(org.apache.commons.lang.StringEscapeUtilsTest)
[expected:<...ipt>alert(\'aaa\');<[\]/script>\';> but was:<...ipt>alert(\'aaa\');<[]/script>\';>]
junit.framework.ComparisonFailure: expected:<...ipt>alert(\'aaa\');<[\]/script>\';> but was:<...ipt>alert(\'aaa\');<[]/script>\';>    at junit.framework.Assert.assertEquals(Assert.java:100)
    at junit.framework.Assert.assertEquals(Assert.java:107)
    at junit.framework.TestCase.assertEquals(TestCase.java:269)
    at org.apache.commons.lang.StringEscapeUtilsTest.testEscapeJavaScript(StringEscapeUtilsTest.java:187)
    at sun.reflect.NativeMethodAccessorImpl.invoke0(Native Method)
    at sun.reflect.NativeMethodAccessorImpl.invoke(NativeMethodAccessorImpl.java:62)

junit.framework.ComparisonFailure: expected:<[He didn\'t say, \"stop!\"]> but was:<[\u0048\u0065\u0020\u0064\u0069\u0064\u006E\u0027\u0074\u0020\u0073\u0061\u0079\u002C\u0020\u0022\u0073\u0074\u006F\u0070\u0021\u0022]>
    at junit.framework.Assert.assertEquals(Assert.java:100)
    at junit.framework.Assert.assertEquals(Assert.java:107)
    at junit.framework.TestCase.assertEquals(TestCase.java:269)
    at org.apache.commons.lang.StringEscapeUtilsTest.testEscapeJavaScript(StringEscapeUtilsTest.java:186)
    at sun.reflect.NativeMethodAccessorImpl.invoke0(Native Method)
    at sun.reflect.NativeMethodAccessorImpl.invoke(NativeMethodAccessorImpl.java:62)
18:37:37.013 [pool-70-thread-1] INFO  f.i.l.c.t.SpecificationTestCasesListener - Tests run finished (1 ms)
<> Total tests run: 1
<> Ignored tests: 0
<> Failed tests: 1
~ testEscapeJavaScript(org.apache.commons.lang.StringEscapeUtilsTest)
[expected:<[He didn\'t say, \"stop!\"]> but was:<[\u0048\u0065\u0020\u0064\u0069\u0064\u006E\u0027\u0074\u0020\u0073\u0061\u0079\u002C\u0020\u0022\u0073\u0074\u006F\u0070\u0021\u0022]>]
junit.framework.ComparisonFailure: expected:<[He didn\'t say, \"stop!\"]> but was:<[\u0048\u0065\u0020\u0064\u0069\u0064\u006E\u0027\u0074\u0020\u0073\u0061\u0079\u002C\u0020\u0022\u0073\u0074\u006F\u0070\u0021\u0022]>    at junit.framework.Assert.assertEquals(Assert.java:100)
    at junit.framework.Assert.assertEquals(Assert.java:107)
    at junit.framework.TestCase.assertEquals(TestCase.java:269)
    at org.apache.commons.lang.StringEscapeUtilsTest.testEscapeJavaScript(StringEscapeUtilsTest.java:186)
    at sun.reflect.NativeMethodAccessorImpl.invoke0(Native Method)
    at sun.reflect.NativeMethodAccessorImpl.invoke(NativeMethodAccessorImpl.java:62)

18:37:37.014 [pool-67-thread-1] DEBUG tests.output - Failing tests with false: 
[testEscapeJavaScript(org.apache.commons.lang.StringEscapeUtilsTest): expected:<...ipt>alert(\'aaa\');<[\]/script>\';> but was:<...ipt>alert(\'aaa\');<[]/script>\';>]
18:37:37.014 [pool-67-thread-1] DEBUG tests.output - Failing tests with true: 
[testEscapeJavaScript(org.apache.commons.lang.StringEscapeUtilsTest): expected:<[He didn\'t say, \"stop!\"]> but was:<[\u0048\u0065\u0020\u0064\u0069\u0064\u006E\u0027\u0074\u0020\u0073\u0061\u0079\u002C\u0020\u0022\u0073\u0074\u006F\u0070\u0021\u0022]>]
18:37:37.014 [pool-67-thread-1] INFO  f.i.l.r.n.synth.SMTNopolSynthesizer - Not enough specifications: 0. A trivial patch is "true" or "false", please write new tests specifying SourceLocation org.apache.commons.lang.StringEscapeUtils:188.
18:37:37.014 [pool-2-thread-1] DEBUG fr.inria.lille.repair.nopol.NoPol - statement #17
18:37:37.014 [pool-2-thread-1] DEBUG fr.inria.lille.repair.nopol.NoPol - Analysing SourceLocation org.apache.commons.lang.StringEscapeUtils:186 which is executed by 4 tests
16862144
18:37:37.092 [pool-2-thread-1] DEBUG fr.inria.lille.repair.nopol.NoPol - looking with class fr.inria.lille.repair.nopol.spoon.smt.ConditionalAdder
junit.framework.ComparisonFailure: expected:<...ipt>alert(\'aaa\');<[\]/script>\';> but was:<...ipt>alert(\'aaa\');<[]/script>\';>
    at junit.framework.Assert.assertEquals(Assert.java:100)
    at junit.framework.Assert.assertEquals(Assert.java:107)
    at junit.framework.TestCase.assertEquals(TestCase.java:269)
    at org.apache.commons.lang.StringEscapeUtilsTest.testEscapeJavaScript(StringEscapeUtilsTest.java:187)
    at sun.reflect.NativeMethodAccessorImpl.invoke0(Native Method)
    at sun.reflect.NativeMethodAccessorImpl.invoke(NativeMethodAccessorImpl.java:62)
18:37:37.251 [pool-72-thread-1] INFO  xxl.java.junit.TestCasesListener - Tests run finished (156 ms)
<> Total tests run: 13
<> Ignored tests: 0
<> Failed tests: 1
~ testEscapeJavaScript(org.apache.commons.lang.StringEscapeUtilsTest)
[expected:<...ipt>alert(\'aaa\');<[\]/script>\';> but was:<...ipt>alert(\'aaa\');<[]/script>\';>]
junit.framework.ComparisonFailure: expected:<...ipt>alert(\'aaa\');<[\]/script>\';> but was:<...ipt>alert(\'aaa\');<[]/script>\';>    at junit.framework.Assert.assertEquals(Assert.java:100)
    at junit.framework.Assert.assertEquals(Assert.java:107)
    at junit.framework.TestCase.assertEquals(TestCase.java:269)
    at org.apache.commons.lang.StringEscapeUtilsTest.testEscapeJavaScript(StringEscapeUtilsTest.java:187)
    at sun.reflect.NativeMethodAccessorImpl.invoke0(Native Method)
    at sun.reflect.NativeMethodAccessorImpl.invoke(NativeMethodAccessorImpl.java:62)

junit.framework.ComparisonFailure: expected:<[He didn\'t say, \"stop!\"]> but was:<[]>
    at junit.framework.Assert.assertEquals(Assert.java:100)
    at junit.framework.Assert.assertEquals(Assert.java:107)
    at junit.framework.TestCase.assertEquals(TestCase.java:269)
    at org.apache.commons.lang.StringEscapeUtilsTest.testEscapeJavaScript(StringEscapeUtilsTest.java:186)
    at sun.reflect.NativeMethodAccessorImpl.invoke0(Native Method)
    at sun.reflect.NativeMethodAccessorImpl.invoke(NativeMethodAccessorImpl.java:62)
18:37:37.385 [pool-73-thread-1] INFO  f.i.l.c.t.SpecificationTestCasesListener - Tests run finished (2 ms)
<> Total tests run: 1
<> Ignored tests: 0
<> Failed tests: 1
~ testEscapeJavaScript(org.apache.commons.lang.StringEscapeUtilsTest)
[expected:<[He didn\'t say, \"stop!\"]> but was:<[]>]
junit.framework.ComparisonFailure: expected:<[He didn\'t say, \"stop!\"]> but was:<[]>    at junit.framework.Assert.assertEquals(Assert.java:100)
    at junit.framework.Assert.assertEquals(Assert.java:107)
    at junit.framework.TestCase.assertEquals(TestCase.java:269)
    at org.apache.commons.lang.StringEscapeUtilsTest.testEscapeJavaScript(StringEscapeUtilsTest.java:186)
    at sun.reflect.NativeMethodAccessorImpl.invoke0(Native Method)
    at sun.reflect.NativeMethodAccessorImpl.invoke(NativeMethodAccessorImpl.java:62)

junit.framework.ComparisonFailure: expected:<...ipt>alert(\'aaa\');<[\]/script>\';> but was:<...ipt>alert(\'aaa\');<[]/script>\';>
    at junit.framework.Assert.assertEquals(Assert.java:100)
    at junit.framework.Assert.assertEquals(Assert.java:107)
    at junit.framework.TestCase.assertEquals(TestCase.java:269)
    at org.apache.commons.lang.StringEscapeUtilsTest.testEscapeJavaScript(StringEscapeUtilsTest.java:187)
    at sun.reflect.NativeMethodAccessorImpl.invoke0(Native Method)
    at sun.reflect.NativeMethodAccessorImpl.invoke(NativeMethodAccessorImpl.java:62)
18:37:37.387 [pool-74-thread-1] INFO  f.i.l.c.t.SpecificationTestCasesListener - Tests run finished (1 ms)
<> Total tests run: 1
<> Ignored tests: 0
<> Failed tests: 1
~ testEscapeJavaScript(org.apache.commons.lang.StringEscapeUtilsTest)
[expected:<...ipt>alert(\'aaa\');<[\]/script>\';> but was:<...ipt>alert(\'aaa\');<[]/script>\';>]
junit.framework.ComparisonFailure: expected:<...ipt>alert(\'aaa\');<[\]/script>\';> but was:<...ipt>alert(\'aaa\');<[]/script>\';>    at junit.framework.Assert.assertEquals(Assert.java:100)
    at junit.framework.Assert.assertEquals(Assert.java:107)
    at junit.framework.TestCase.assertEquals(TestCase.java:269)
    at org.apache.commons.lang.StringEscapeUtilsTest.testEscapeJavaScript(StringEscapeUtilsTest.java:187)
    at sun.reflect.NativeMethodAccessorImpl.invoke0(Native Method)
    at sun.reflect.NativeMethodAccessorImpl.invoke(NativeMethodAccessorImpl.java:62)

18:37:37.387 [pool-71-thread-1] DEBUG tests.output - Failing tests with false: 
[testEscapeJavaScript(org.apache.commons.lang.StringEscapeUtilsTest): expected:<[He didn\'t say, \"stop!\"]> but was:<[]>]
18:37:37.387 [pool-71-thread-1] DEBUG tests.output - Failing tests with true: 
[testEscapeJavaScript(org.apache.commons.lang.StringEscapeUtilsTest): expected:<...ipt>alert(\'aaa\');<[\]/script>\';> but was:<...ipt>alert(\'aaa\');<[]/script>\';>]
18:37:37.388 [pool-71-thread-1] INFO  f.i.l.r.n.synth.SMTNopolSynthesizer - Not enough specifications: 0. A trivial patch is "true" or "false", please write new tests specifying SourceLocation org.apache.commons.lang.StringEscapeUtils:186.
18:37:37.388 [pool-2-thread-1] DEBUG fr.inria.lille.repair.nopol.NoPol - looking with class fr.inria.lille.repair.nopol.spoon.smt.ConditionalReplacer
junit.framework.ComparisonFailure: expected:<...ipt>alert(\'aaa\');<[\]/script>\';> but was:<...ipt>alert(\'aaa\');<[]/script>\';>
    at junit.framework.Assert.assertEquals(Assert.java:100)
    at junit.framework.Assert.assertEquals(Assert.java:107)
    at junit.framework.TestCase.assertEquals(TestCase.java:269)
    at org.apache.commons.lang.StringEscapeUtilsTest.testEscapeJavaScript(StringEscapeUtilsTest.java:187)
    at sun.reflect.NativeMethodAccessorImpl.invoke0(Native Method)
    at sun.reflect.NativeMethodAccessorImpl.invoke(NativeMethodAccessorImpl.java:62)
18:37:37.544 [pool-76-thread-1] INFO  xxl.java.junit.TestCasesListener - Tests run finished (152 ms)
<> Total tests run: 13
<> Ignored tests: 0
<> Failed tests: 1
~ testEscapeJavaScript(org.apache.commons.lang.StringEscapeUtilsTest)
[expected:<...ipt>alert(\'aaa\');<[\]/script>\';> but was:<...ipt>alert(\'aaa\');<[]/script>\';>]
junit.framework.ComparisonFailure: expected:<...ipt>alert(\'aaa\');<[\]/script>\';> but was:<...ipt>alert(\'aaa\');<[]/script>\';>    at junit.framework.Assert.assertEquals(Assert.java:100)
    at junit.framework.Assert.assertEquals(Assert.java:107)
    at junit.framework.TestCase.assertEquals(TestCase.java:269)
    at org.apache.commons.lang.StringEscapeUtilsTest.testEscapeJavaScript(StringEscapeUtilsTest.java:187)
    at sun.reflect.NativeMethodAccessorImpl.invoke0(Native Method)
    at sun.reflect.NativeMethodAccessorImpl.invoke(NativeMethodAccessorImpl.java:62)

junit.framework.ComparisonFailure: expected:<...ipt>alert(\'aaa\');<[\]/script>\';> but was:<...ipt>alert(\'aaa\');<[]/script>\';>
    at junit.framework.Assert.assertEquals(Assert.java:100)
    at junit.framework.Assert.assertEquals(Assert.java:107)
    at junit.framework.TestCase.assertEquals(TestCase.java:269)
    at org.apache.commons.lang.StringEscapeUtilsTest.testEscapeJavaScript(StringEscapeUtilsTest.java:187)
    at sun.reflect.NativeMethodAccessorImpl.invoke0(Native Method)
    at sun.reflect.NativeMethodAccessorImpl.invoke(NativeMethodAccessorImpl.java:62)
18:37:37.690 [pool-77-thread-1] INFO  f.i.l.c.t.SpecificationTestCasesListener - Tests run finished (2 ms)
<> Total tests run: 1
<> Ignored tests: 0
<> Failed tests: 1
~ testEscapeJavaScript(org.apache.commons.lang.StringEscapeUtilsTest)
[expected:<...ipt>alert(\'aaa\');<[\]/script>\';> but was:<...ipt>alert(\'aaa\');<[]/script>\';>]
junit.framework.ComparisonFailure: expected:<...ipt>alert(\'aaa\');<[\]/script>\';> but was:<...ipt>alert(\'aaa\');<[]/script>\';>    at junit.framework.Assert.assertEquals(Assert.java:100)
    at junit.framework.Assert.assertEquals(Assert.java:107)
    at junit.framework.TestCase.assertEquals(TestCase.java:269)
    at org.apache.commons.lang.StringEscapeUtilsTest.testEscapeJavaScript(StringEscapeUtilsTest.java:187)
    at sun.reflect.NativeMethodAccessorImpl.invoke0(Native Method)
    at sun.reflect.NativeMethodAccessorImpl.invoke(NativeMethodAccessorImpl.java:62)

junit.framework.ComparisonFailure: expected:<[He didn\'t say, \"stop!\"]> but was:<[\u048\u065\u020\u064\u069\u064\u06E\u027\u074\u020\u073\u061\u079\u02C\u020\u022\u073\u074\u06F\u070\u021\u022]>
    at junit.framework.Assert.assertEquals(Assert.java:100)
    at junit.framework.Assert.assertEquals(Assert.java:107)
    at junit.framework.TestCase.assertEquals(TestCase.java:269)
    at org.apache.commons.lang.StringEscapeUtilsTest.testEscapeJavaScript(StringEscapeUtilsTest.java:186)
    at sun.reflect.NativeMethodAccessorImpl.invoke0(Native Method)
    at sun.reflect.NativeMethodAccessorImpl.invoke(NativeMethodAccessorImpl.java:62)
18:37:37.692 [pool-78-thread-1] INFO  f.i.l.c.t.SpecificationTestCasesListener - Tests run finished (1 ms)
<> Total tests run: 1
<> Ignored tests: 0
<> Failed tests: 1
~ testEscapeJavaScript(org.apache.commons.lang.StringEscapeUtilsTest)
[expected:<[He didn\'t say, \"stop!\"]> but was:<[\u048\u065\u020\u064\u069\u064\u06E\u027\u074\u020\u073\u061\u079\u02C\u020\u022\u073\u074\u06F\u070\u021\u022]>]
junit.framework.ComparisonFailure: expected:<[He didn\'t say, \"stop!\"]> but was:<[\u048\u065\u020\u064\u069\u064\u06E\u027\u074\u020\u073\u061\u079\u02C\u020\u022\u073\u074\u06F\u070\u021\u022]>    at junit.framework.Assert.assertEquals(Assert.java:100)
    at junit.framework.Assert.assertEquals(Assert.java:107)
    at junit.framework.TestCase.assertEquals(TestCase.java:269)
    at org.apache.commons.lang.StringEscapeUtilsTest.testEscapeJavaScript(StringEscapeUtilsTest.java:186)
    at sun.reflect.NativeMethodAccessorImpl.invoke0(Native Method)
    at sun.reflect.NativeMethodAccessorImpl.invoke(NativeMethodAccessorImpl.java:62)

18:37:37.692 [pool-75-thread-1] DEBUG tests.output - Failing tests with false: 
[testEscapeJavaScript(org.apache.commons.lang.StringEscapeUtilsTest): expected:<...ipt>alert(\'aaa\');<[\]/script>\';> but was:<...ipt>alert(\'aaa\');<[]/script>\';>]
18:37:37.692 [pool-75-thread-1] DEBUG tests.output - Failing tests with true: 
[testEscapeJavaScript(org.apache.commons.lang.StringEscapeUtilsTest): expected:<[He didn\'t say, \"stop!\"]> but was:<[\u048\u065\u020\u064\u069\u064\u06E\u027\u074\u020\u073\u061\u079\u02C\u020\u022\u073\u074\u06F\u070\u021\u022]>]
18:37:37.693 [pool-75-thread-1] INFO  f.i.l.r.n.synth.SMTNopolSynthesizer - Not enough specifications: 0. A trivial patch is "true" or "false", please write new tests specifying SourceLocation org.apache.commons.lang.StringEscapeUtils:186.
18:37:37.693 [pool-2-thread-1] DEBUG fr.inria.lille.repair.nopol.NoPol - statement #18
18:37:37.693 [pool-2-thread-1] DEBUG fr.inria.lille.repair.nopol.NoPol - Analysing SourceLocation org.apache.commons.lang.StringEscapeUtils:184 which is executed by 4 tests
16862144
18:37:37.779 [pool-2-thread-1] DEBUG fr.inria.lille.repair.nopol.NoPol - looking with class fr.inria.lille.repair.nopol.spoon.smt.ConditionalAdder
junit.framework.ComparisonFailure: expected:<...ipt>alert(\'aaa\');<[\]/script>\';> but was:<...ipt>alert(\'aaa\');<[]/script>\';>
    at junit.framework.Assert.assertEquals(Assert.java:100)
    at junit.framework.Assert.assertEquals(Assert.java:107)
    at junit.framework.TestCase.assertEquals(TestCase.java:269)
    at org.apache.commons.lang.StringEscapeUtilsTest.testEscapeJavaScript(StringEscapeUtilsTest.java:187)
    at sun.reflect.NativeMethodAccessorImpl.invoke0(Native Method)
    at sun.reflect.NativeMethodAccessorImpl.invoke(NativeMethodAccessorImpl.java:62)
18:37:37.932 [pool-80-thread-1] INFO  xxl.java.junit.TestCasesListener - Tests run finished (150 ms)
<> Total tests run: 13
<> Ignored tests: 0
<> Failed tests: 1
~ testEscapeJavaScript(org.apache.commons.lang.StringEscapeUtilsTest)
[expected:<...ipt>alert(\'aaa\');<[\]/script>\';> but was:<...ipt>alert(\'aaa\');<[]/script>\';>]
junit.framework.ComparisonFailure: expected:<...ipt>alert(\'aaa\');<[\]/script>\';> but was:<...ipt>alert(\'aaa\');<[]/script>\';>    at junit.framework.Assert.assertEquals(Assert.java:100)
    at junit.framework.Assert.assertEquals(Assert.java:107)
    at junit.framework.TestCase.assertEquals(TestCase.java:269)
    at org.apache.commons.lang.StringEscapeUtilsTest.testEscapeJavaScript(StringEscapeUtilsTest.java:187)
    at sun.reflect.NativeMethodAccessorImpl.invoke0(Native Method)
    at sun.reflect.NativeMethodAccessorImpl.invoke(NativeMethodAccessorImpl.java:62)

junit.framework.ComparisonFailure: expected:<[He didn\'t say, \"stop!\"]> but was:<[]>
    at junit.framework.Assert.assertEquals(Assert.java:100)
    at junit.framework.Assert.assertEquals(Assert.java:107)
    at junit.framework.TestCase.assertEquals(TestCase.java:269)
    at org.apache.commons.lang.StringEscapeUtilsTest.testEscapeJavaScript(StringEscapeUtilsTest.java:186)
    at sun.reflect.NativeMethodAccessorImpl.invoke0(Native Method)
    at sun.reflect.NativeMethodAccessorImpl.invoke(NativeMethodAccessorImpl.java:62)
18:37:38.071 [pool-81-thread-1] INFO  f.i.l.c.t.SpecificationTestCasesListener - Tests run finished (2 ms)
<> Total tests run: 1
<> Ignored tests: 0
<> Failed tests: 1
~ testEscapeJavaScript(org.apache.commons.lang.StringEscapeUtilsTest)
[expected:<[He didn\'t say, \"stop!\"]> but was:<[]>]
junit.framework.ComparisonFailure: expected:<[He didn\'t say, \"stop!\"]> but was:<[]>    at junit.framework.Assert.assertEquals(Assert.java:100)
    at junit.framework.Assert.assertEquals(Assert.java:107)
    at junit.framework.TestCase.assertEquals(TestCase.java:269)
    at org.apache.commons.lang.StringEscapeUtilsTest.testEscapeJavaScript(StringEscapeUtilsTest.java:186)
    at sun.reflect.NativeMethodAccessorImpl.invoke0(Native Method)
    at sun.reflect.NativeMethodAccessorImpl.invoke(NativeMethodAccessorImpl.java:62)

junit.framework.ComparisonFailure: expected:<...ipt>alert(\'aaa\');<[\]/script>\';> but was:<...ipt>alert(\'aaa\');<[]/script>\';>
    at junit.framework.Assert.assertEquals(Assert.java:100)
    at junit.framework.Assert.assertEquals(Assert.java:107)
    at junit.framework.TestCase.assertEquals(TestCase.java:269)
    at org.apache.commons.lang.StringEscapeUtilsTest.testEscapeJavaScript(StringEscapeUtilsTest.java:187)
    at sun.reflect.NativeMethodAccessorImpl.invoke0(Native Method)
    at sun.reflect.NativeMethodAccessorImpl.invoke(NativeMethodAccessorImpl.java:62)
18:37:38.073 [pool-82-thread-1] INFO  f.i.l.c.t.SpecificationTestCasesListener - Tests run finished (1 ms)
<> Total tests run: 1
<> Ignored tests: 0
<> Failed tests: 1
~ testEscapeJavaScript(org.apache.commons.lang.StringEscapeUtilsTest)
[expected:<...ipt>alert(\'aaa\');<[\]/script>\';> but was:<...ipt>alert(\'aaa\');<[]/script>\';>]
junit.framework.ComparisonFailure: expected:<...ipt>alert(\'aaa\');<[\]/script>\';> but was:<...ipt>alert(\'aaa\');<[]/script>\';>    at junit.framework.Assert.assertEquals(Assert.java:100)
    at junit.framework.Assert.assertEquals(Assert.java:107)
    at junit.framework.TestCase.assertEquals(TestCase.java:269)
    at org.apache.commons.lang.StringEscapeUtilsTest.testEscapeJavaScript(StringEscapeUtilsTest.java:187)
    at sun.reflect.NativeMethodAccessorImpl.invoke0(Native Method)
    at sun.reflect.NativeMethodAccessorImpl.invoke(NativeMethodAccessorImpl.java:62)

18:37:38.074 [pool-79-thread-1] DEBUG tests.output - Failing tests with false: 
[testEscapeJavaScript(org.apache.commons.lang.StringEscapeUtilsTest): expected:<[He didn\'t say, \"stop!\"]> but was:<[]>]
18:37:38.074 [pool-79-thread-1] DEBUG tests.output - Failing tests with true: 
[testEscapeJavaScript(org.apache.commons.lang.StringEscapeUtilsTest): expected:<...ipt>alert(\'aaa\');<[\]/script>\';> but was:<...ipt>alert(\'aaa\');<[]/script>\';>]
18:37:38.074 [pool-79-thread-1] INFO  f.i.l.r.n.synth.SMTNopolSynthesizer - Not enough specifications: 0. A trivial patch is "true" or "false", please write new tests specifying SourceLocation org.apache.commons.lang.StringEscapeUtils:184.
18:37:38.074 [pool-2-thread-1] DEBUG fr.inria.lille.repair.nopol.NoPol - looking with class fr.inria.lille.repair.nopol.spoon.smt.ConditionalReplacer
junit.framework.ComparisonFailure: expected:<...ipt>alert(\'aaa\');<[\]/script>\';> but was:<...ipt>alert(\'aaa\');<[]/script>\';>
    at junit.framework.Assert.assertEquals(Assert.java:100)
    at junit.framework.Assert.assertEquals(Assert.java:107)
    at junit.framework.TestCase.assertEquals(TestCase.java:269)
    at org.apache.commons.lang.StringEscapeUtilsTest.testEscapeJavaScript(StringEscapeUtilsTest.java:187)
    at sun.reflect.NativeMethodAccessorImpl.invoke0(Native Method)
    at sun.reflect.NativeMethodAccessorImpl.invoke(NativeMethodAccessorImpl.java:62)
18:37:38.227 [pool-84-thread-1] INFO  xxl.java.junit.TestCasesListener - Tests run finished (150 ms)
<> Total tests run: 13
<> Ignored tests: 0
<> Failed tests: 1
~ testEscapeJavaScript(org.apache.commons.lang.StringEscapeUtilsTest)
[expected:<...ipt>alert(\'aaa\');<[\]/script>\';> but was:<...ipt>alert(\'aaa\');<[]/script>\';>]
junit.framework.ComparisonFailure: expected:<...ipt>alert(\'aaa\');<[\]/script>\';> but was:<...ipt>alert(\'aaa\');<[]/script>\';>    at junit.framework.Assert.assertEquals(Assert.java:100)
    at junit.framework.Assert.assertEquals(Assert.java:107)
    at junit.framework.TestCase.assertEquals(TestCase.java:269)
    at org.apache.commons.lang.StringEscapeUtilsTest.testEscapeJavaScript(StringEscapeUtilsTest.java:187)
    at sun.reflect.NativeMethodAccessorImpl.invoke0(Native Method)
    at sun.reflect.NativeMethodAccessorImpl.invoke(NativeMethodAccessorImpl.java:62)

junit.framework.ComparisonFailure: expected:<...ipt>alert(\'aaa\');<[\]/script>\';> but was:<...ipt>alert(\'aaa\');<[]/script>\';>
    at junit.framework.Assert.assertEquals(Assert.java:100)
    at junit.framework.Assert.assertEquals(Assert.java:107)
    at junit.framework.TestCase.assertEquals(TestCase.java:269)
    at org.apache.commons.lang.StringEscapeUtilsTest.testEscapeJavaScript(StringEscapeUtilsTest.java:187)
    at sun.reflect.NativeMethodAccessorImpl.invoke0(Native Method)
    at sun.reflect.NativeMethodAccessorImpl.invoke(NativeMethodAccessorImpl.java:62)
18:37:38.356 [pool-85-thread-1] INFO  f.i.l.c.t.SpecificationTestCasesListener - Tests run finished (2 ms)
<> Total tests run: 1
<> Ignored tests: 0
<> Failed tests: 1
~ testEscapeJavaScript(org.apache.commons.lang.StringEscapeUtilsTest)
[expected:<...ipt>alert(\'aaa\');<[\]/script>\';> but was:<...ipt>alert(\'aaa\');<[]/script>\';>]
junit.framework.ComparisonFailure: expected:<...ipt>alert(\'aaa\');<[\]/script>\';> but was:<...ipt>alert(\'aaa\');<[]/script>\';>    at junit.framework.Assert.assertEquals(Assert.java:100)
    at junit.framework.Assert.assertEquals(Assert.java:107)
    at junit.framework.TestCase.assertEquals(TestCase.java:269)
    at org.apache.commons.lang.StringEscapeUtilsTest.testEscapeJavaScript(StringEscapeUtilsTest.java:187)
    at sun.reflect.NativeMethodAccessorImpl.invoke0(Native Method)
    at sun.reflect.NativeMethodAccessorImpl.invoke(NativeMethodAccessorImpl.java:62)

junit.framework.ComparisonFailure: expected:<[He didn\'t say, \"stop!\"]> but was:<[\u48\u65\u20\u64\u69\u64\u6E\u27\u74\u20\u73\u61\u79\u2C\u20\u22\u73\u74\u6F\u70\u21\u22]>
    at junit.framework.Assert.assertEquals(Assert.java:100)
    at junit.framework.Assert.assertEquals(Assert.java:107)
    at junit.framework.TestCase.assertEquals(TestCase.java:269)
    at org.apache.commons.lang.StringEscapeUtilsTest.testEscapeJavaScript(StringEscapeUtilsTest.java:186)
    at sun.reflect.NativeMethodAccessorImpl.invoke0(Native Method)
    at sun.reflect.NativeMethodAccessorImpl.invoke(NativeMethodAccessorImpl.java:62)
18:37:38.358 [pool-86-thread-1] INFO  f.i.l.c.t.SpecificationTestCasesListener - Tests run finished (1 ms)
<> Total tests run: 1
<> Ignored tests: 0
<> Failed tests: 1
~ testEscapeJavaScript(org.apache.commons.lang.StringEscapeUtilsTest)
[expected:<[He didn\'t say, \"stop!\"]> but was:<[\u48\u65\u20\u64\u69\u64\u6E\u27\u74\u20\u73\u61\u79\u2C\u20\u22\u73\u74\u6F\u70\u21\u22]>]
junit.framework.ComparisonFailure: expected:<[He didn\'t say, \"stop!\"]> but was:<[\u48\u65\u20\u64\u69\u64\u6E\u27\u74\u20\u73\u61\u79\u2C\u20\u22\u73\u74\u6F\u70\u21\u22]>    at junit.framework.Assert.assertEquals(Assert.java:100)
    at junit.framework.Assert.assertEquals(Assert.java:107)
    at junit.framework.TestCase.assertEquals(TestCase.java:269)
    at org.apache.commons.lang.StringEscapeUtilsTest.testEscapeJavaScript(StringEscapeUtilsTest.java:186)
    at sun.reflect.NativeMethodAccessorImpl.invoke0(Native Method)
    at sun.reflect.NativeMethodAccessorImpl.invoke(NativeMethodAccessorImpl.java:62)

18:37:38.359 [pool-83-thread-1] DEBUG tests.output - Failing tests with false: 
[testEscapeJavaScript(org.apache.commons.lang.StringEscapeUtilsTest): expected:<...ipt>alert(\'aaa\');<[\]/script>\';> but was:<...ipt>alert(\'aaa\');<[]/script>\';>]
18:37:38.359 [pool-83-thread-1] DEBUG tests.output - Failing tests with true: 
[testEscapeJavaScript(org.apache.commons.lang.StringEscapeUtilsTest): expected:<[He didn\'t say, \"stop!\"]> but was:<[\u48\u65\u20\u64\u69\u64\u6E\u27\u74\u20\u73\u61\u79\u2C\u20\u22\u73\u74\u6F\u70\u21\u22]>]
18:37:38.360 [pool-83-thread-1] INFO  f.i.l.r.n.synth.SMTNopolSynthesizer - Not enough specifications: 0. A trivial patch is "true" or "false", please write new tests specifying SourceLocation org.apache.commons.lang.StringEscapeUtils:184.
18:37:38.360 [pool-2-thread-1] DEBUG fr.inria.lille.repair.nopol.NoPol - statement #19
18:37:38.360 [pool-2-thread-1] DEBUG fr.inria.lille.repair.nopol.NoPol - Analysing SourceLocation org.apache.commons.lang.StringEscapeUtils:181 which is executed by 4 tests
16862144
18:37:38.430 [pool-2-thread-1] DEBUG fr.inria.lille.repair.nopol.NoPol - statement #20
18:37:38.430 [pool-2-thread-1] DEBUG fr.inria.lille.repair.nopol.NoPol - Analysing SourceLocation org.apache.commons.lang.StringEscapeUtils:180 which is executed by 4 tests
16862144
18:37:38.501 [pool-2-thread-1] DEBUG fr.inria.lille.repair.nopol.NoPol - looking with class fr.inria.lille.repair.nopol.spoon.smt.ConditionalAdder
junit.framework.ComparisonFailure: expected:<...ipt>alert(\'aaa\');<[\]/script>\';> but was:<...ipt>alert(\'aaa\');<[]/script>\';>
    at junit.framework.Assert.assertEquals(Assert.java:100)
    at junit.framework.Assert.assertEquals(Assert.java:107)
    at junit.framework.TestCase.assertEquals(TestCase.java:269)
    at org.apache.commons.lang.StringEscapeUtilsTest.testEscapeJavaScript(StringEscapeUtilsTest.java:187)
    at sun.reflect.NativeMethodAccessorImpl.invoke0(Native Method)
    at sun.reflect.NativeMethodAccessorImpl.invoke(NativeMethodAccessorImpl.java:62)
18:37:38.655 [pool-88-thread-1] INFO  xxl.java.junit.TestCasesListener - Tests run finished (150 ms)
<> Total tests run: 13
<> Ignored tests: 0
<> Failed tests: 1
~ testEscapeJavaScript(org.apache.commons.lang.StringEscapeUtilsTest)
[expected:<...ipt>alert(\'aaa\');<[\]/script>\';> but was:<...ipt>alert(\'aaa\');<[]/script>\';>]
junit.framework.ComparisonFailure: expected:<...ipt>alert(\'aaa\');<[\]/script>\';> but was:<...ipt>alert(\'aaa\');<[]/script>\';>    at junit.framework.Assert.assertEquals(Assert.java:100)
    at junit.framework.Assert.assertEquals(Assert.java:107)
    at junit.framework.TestCase.assertEquals(TestCase.java:269)
    at org.apache.commons.lang.StringEscapeUtilsTest.testEscapeJavaScript(StringEscapeUtilsTest.java:187)
    at sun.reflect.NativeMethodAccessorImpl.invoke0(Native Method)
    at sun.reflect.NativeMethodAccessorImpl.invoke(NativeMethodAccessorImpl.java:62)

junit.framework.ComparisonFailure: expected:<[He didn\'t say, \"stop!\"]> but was:<[]>
    at junit.framework.Assert.assertEquals(Assert.java:100)
    at junit.framework.Assert.assertEquals(Assert.java:107)
    at junit.framework.TestCase.assertEquals(TestCase.java:269)
    at org.apache.commons.lang.StringEscapeUtilsTest.testEscapeJavaScript(StringEscapeUtilsTest.java:186)
    at sun.reflect.NativeMethodAccessorImpl.invoke0(Native Method)
    at sun.reflect.NativeMethodAccessorImpl.invoke(NativeMethodAccessorImpl.java:62)
18:37:38.785 [pool-89-thread-1] INFO  f.i.l.c.t.SpecificationTestCasesListener - Tests run finished (1 ms)
<> Total tests run: 1
<> Ignored tests: 0
<> Failed tests: 1
~ testEscapeJavaScript(org.apache.commons.lang.StringEscapeUtilsTest)
[expected:<[He didn\'t say, \"stop!\"]> but was:<[]>]
junit.framework.ComparisonFailure: expected:<[He didn\'t say, \"stop!\"]> but was:<[]>    at junit.framework.Assert.assertEquals(Assert.java:100)
    at junit.framework.Assert.assertEquals(Assert.java:107)
    at junit.framework.TestCase.assertEquals(TestCase.java:269)
    at org.apache.commons.lang.StringEscapeUtilsTest.testEscapeJavaScript(StringEscapeUtilsTest.java:186)
    at sun.reflect.NativeMethodAccessorImpl.invoke0(Native Method)
    at sun.reflect.NativeMethodAccessorImpl.invoke(NativeMethodAccessorImpl.java:62)

junit.framework.ComparisonFailure: expected:<...ipt>alert(\'aaa\');<[\]/script>\';> but was:<...ipt>alert(\'aaa\');<[]/script>\';>
    at junit.framework.Assert.assertEquals(Assert.java:100)
    at junit.framework.Assert.assertEquals(Assert.java:107)
    at junit.framework.TestCase.assertEquals(TestCase.java:269)
    at org.apache.commons.lang.StringEscapeUtilsTest.testEscapeJavaScript(StringEscapeUtilsTest.java:187)
    at sun.reflect.NativeMethodAccessorImpl.invoke0(Native Method)
    at sun.reflect.NativeMethodAccessorImpl.invoke(NativeMethodAccessorImpl.java:62)
18:37:38.787 [pool-90-thread-1] INFO  f.i.l.c.t.SpecificationTestCasesListener - Tests run finished (0 ms)
<> Total tests run: 1
<> Ignored tests: 0
<> Failed tests: 1
~ testEscapeJavaScript(org.apache.commons.lang.StringEscapeUtilsTest)
[expected:<...ipt>alert(\'aaa\');<[\]/script>\';> but was:<...ipt>alert(\'aaa\');<[]/script>\';>]
junit.framework.ComparisonFailure: expected:<...ipt>alert(\'aaa\');<[\]/script>\';> but was:<...ipt>alert(\'aaa\');<[]/script>\';>    at junit.framework.Assert.assertEquals(Assert.java:100)
    at junit.framework.Assert.assertEquals(Assert.java:107)
    at junit.framework.TestCase.assertEquals(TestCase.java:269)
    at org.apache.commons.lang.StringEscapeUtilsTest.testEscapeJavaScript(StringEscapeUtilsTest.java:187)
    at sun.reflect.NativeMethodAccessorImpl.invoke0(Native Method)
    at sun.reflect.NativeMethodAccessorImpl.invoke(NativeMethodAccessorImpl.java:62)

18:37:38.787 [pool-87-thread-1] DEBUG tests.output - Failing tests with false: 
[testEscapeJavaScript(org.apache.commons.lang.StringEscapeUtilsTest): expected:<[He didn\'t say, \"stop!\"]> but was:<[]>]
18:37:38.787 [pool-87-thread-1] DEBUG tests.output - Failing tests with true: 
[testEscapeJavaScript(org.apache.commons.lang.StringEscapeUtilsTest): expected:<...ipt>alert(\'aaa\');<[\]/script>\';> but was:<...ipt>alert(\'aaa\');<[]/script>\';>]
18:37:38.787 [pool-87-thread-1] INFO  f.i.l.r.n.synth.SMTNopolSynthesizer - Not enough specifications: 0. A trivial patch is "true" or "false", please write new tests specifying SourceLocation org.apache.commons.lang.StringEscapeUtils:180.
18:37:38.787 [pool-2-thread-1] DEBUG fr.inria.lille.repair.nopol.NoPol - statement #21
18:37:38.787 [pool-2-thread-1] DEBUG fr.inria.lille.repair.nopol.NoPol - Analysing SourceLocation org.apache.commons.lang.StringEscapeUtils:179 which is executed by 4 tests
16862144
18:37:38.858 [pool-2-thread-1] DEBUG fr.inria.lille.repair.nopol.NoPol - looking with class fr.inria.lille.repair.nopol.spoon.smt.ConditionalAdder
junit.framework.ComparisonFailure: expected:<...ipt>alert(\'aaa\');<[\]/script>\';> but was:<...ipt>alert(\'aaa\');<[]/script>\';>
    at junit.framework.Assert.assertEquals(Assert.java:100)
    at junit.framework.Assert.assertEquals(Assert.java:107)
    at junit.framework.TestCase.assertEquals(TestCase.java:269)
    at org.apache.commons.lang.StringEscapeUtilsTest.testEscapeJavaScript(StringEscapeUtilsTest.java:187)
    at sun.reflect.NativeMethodAccessorImpl.invoke0(Native Method)
    at sun.reflect.NativeMethodAccessorImpl.invoke(NativeMethodAccessorImpl.java:62)
18:37:39.055 [pool-92-thread-1] INFO  xxl.java.junit.TestCasesListener - Tests run finished (194 ms)
<> Total tests run: 13
<> Ignored tests: 0
<> Failed tests: 1
~ testEscapeJavaScript(org.apache.commons.lang.StringEscapeUtilsTest)
[expected:<...ipt>alert(\'aaa\');<[\]/script>\';> but was:<...ipt>alert(\'aaa\');<[]/script>\';>]
junit.framework.ComparisonFailure: expected:<...ipt>alert(\'aaa\');<[\]/script>\';> but was:<...ipt>alert(\'aaa\');<[]/script>\';>    at junit.framework.Assert.assertEquals(Assert.java:100)
    at junit.framework.Assert.assertEquals(Assert.java:107)
    at junit.framework.TestCase.assertEquals(TestCase.java:269)
    at org.apache.commons.lang.StringEscapeUtilsTest.testEscapeJavaScript(StringEscapeUtilsTest.java:187)
    at sun.reflect.NativeMethodAccessorImpl.invoke0(Native Method)
    at sun.reflect.NativeMethodAccessorImpl.invoke(NativeMethodAccessorImpl.java:62)

18:37:39.200 [pool-91-thread-1] ERROR x.java.compiler.DynamicClassCompiler - [Compilation errors]
StringEscapeUtils.java:62: error: variable sz might not have been initialized
        for (int i = 0; i < sz; i++) {
                            ^
18:37:39.204 [pool-91-thread-1] ERROR f.i.l.r.n.s.ConstraintModelBuilder - Unable to compile the change: 
public class StringEscapeUtils {
    public StringEscapeUtils() {
        super();
    }

    public static java.lang.String escapeJava(java.lang.String str) {
        return org.apache.commons.lang.StringEscapeUtils.escapeJavaStyleString(str, false);
    }

    public static void escapeJava(java.io.Writer out, java.lang.String str) throws java.io.IOException {
        org.apache.commons.lang.StringEscapeUtils.escapeJavaStyleString(out, str, false);
    }

    public static java.lang.String escapeJavaScript(java.lang.String str) {
        return org.apache.commons.lang.StringEscapeUtils.escapeJavaStyleString(str, true);
    }

    public static void escapeJavaScript(java.io.Writer out, java.lang.String str) throws java.io.IOException {
        org.apache.commons.lang.StringEscapeUtils.escapeJavaStyleString(out, str, true);
    }

    private static java.lang.String escapeJavaStyleString(java.lang.String str, boolean escapeSingleQuotes) {
        if (str == null) {
            return null;
        }
        try {
            java.io.StringWriter writer = new java.io.StringWriter(((str.length()) * 2));
            org.apache.commons.lang.StringEscapeUtils.escapeJavaStyleString(writer, str, escapeSingleQuotes);
            return writer.toString();
        } catch (java.io.IOException ioe) {
            ioe.printStackTrace();
            return null;
        }
    }

    private static void escapeJavaStyleString(java.io.Writer out, java.lang.String str, boolean escapeSingleQuote) throws java.io.IOException {
        if (out == null) {
            throw new java.lang.IllegalArgumentException("The Writer must not be null");
        }
        if (str == null) {
            return;
        }
        int sz;
        boolean spoonDefaultValue = false;
        try {
            spoonDefaultValue = true;
        } catch (java.lang.Exception __NopolProcessorException) {
        }
        boolean runtimeAngelicValue = fr.inria.lille.repair.nopol.synth.AngelicExecution.angelicValue(spoonDefaultValue);
        if (fr.inria.lille.commons.trace.RuntimeValues.instance(22).isEnabled()) {
            fr.inria.lille.commons.trace.RuntimeValues.instance(22).collectionStarts();
            try{fr.inria.lille.commons.trace.RuntimeValues.instance(22).collectInput("str",str);} catch (Exception ex1) {ex1.printStackTrace();};
            try{fr.inria.lille.commons.trace.RuntimeValues.instance(22).collectInput("escapeSingleQuote",escapeSingleQuote);} catch (Exception ex1) {ex1.printStackTrace();};
            try{fr.inria.lille.commons.trace.RuntimeValues.instance(22).collectInput("out",out);} catch (Exception ex1) {ex1.printStackTrace();};
            fr.inria.lille.commons.trace.RuntimeValues.instance(22).collectOutput(runtimeAngelicValue);
            fr.inria.lille.commons.trace.RuntimeValues.instance(22).collectionEnds();
        }
        if (runtimeAngelicValue)
            sz = str.length();

        for (int i = 0; i < sz; i++) {
            char ch = str.charAt(i);
            if (ch > 4095) {
                out.write(("\\u" + (org.apache.commons.lang.StringEscapeUtils.hex(ch))));
            }else
                if (ch > 255) {
                    out.write(("\\u0" + (org.apache.commons.lang.StringEscapeUtils.hex(ch))));
                }else
                    if (ch > 127) {
                        out.write(("\\u00" + (org.apache.commons.lang.StringEscapeUtils.hex(ch))));
                    }else
                        if (ch < 32) {
                            switch (ch) {
                                case '\b' :
                                    out.write('\\');
                                    out.write('b');
                                    break;
                                case '\n' :
                                    out.write('\\');
                                    out.write('n');
                                    break;
                                case '\t' :
                                    out.write('\\');
                                    out.write('t');
                                    break;
                                case '\f' :
                                    out.write('\\');
                                    out.write('f');
                                    break;
                                case '\r' :
                                    out.write('\\');
                                    out.write('r');
                                    break;
                                default :
                                    if (ch > 15) {
                                        out.write(("\\u00" + (org.apache.commons.lang.StringEscapeUtils.hex(ch))));
                                    }else {
                                        out.write(("\\u000" + (org.apache.commons.lang.StringEscapeUtils.hex(ch))));
                                    }
                                    break;
                            }
                        }else {
                            switch (ch) {
                                case '\'' :
                                    if (escapeSingleQuote) {
                                        out.write('\\');
                                    }
                                    out.write('\'');
                                    break;
                                case '"' :
                                    out.write('\\');
                                    out.write('"');
                                    break;
                                case '\\' :
                                    out.write('\\');
                                    out.write('\\');
                                    break;
                                default :
                                    out.write(ch);
                                    break;
                            }
                        }



        }
    }

    private static java.lang.String hex(char ch) {
        return java.lang.Integer.toHexString(ch).toUpperCase();
    }

    public static java.lang.String unescapeJava(java.lang.String str) {
        if (str == null) {
            return null;
        }
        try {
            java.io.StringWriter writer = new java.io.StringWriter(str.length());
            org.apache.commons.lang.StringEscapeUtils.unescapeJava(writer, str);
            return writer.toString();
        } catch (java.io.IOException ioe) {
            ioe.printStackTrace();
            return null;
        }
    }

    public static void unescapeJava(java.io.Writer out, java.lang.String str) throws java.io.IOException {
        if (out == null) {
            throw new java.lang.IllegalArgumentException("The Writer must not be null");
        }
        if (str == null) {
            return;
        }
        int sz = str.length();
        java.lang.StringBuffer unicode = new java.lang.StringBuffer(4);
        boolean hadSlash = false;
        boolean inUnicode = false;
        for (int i = 0; i < sz; i++) {
            char ch = str.charAt(i);
            if (inUnicode) {
                unicode.append(ch);
                if ((unicode.length()) == 4) {
                    try {
                        int value = java.lang.Integer.parseInt(unicode.toString(), 16);
                        out.write(((char) (value)));
                        unicode.setLength(0);
                        inUnicode = false;
                        hadSlash = false;
                    } catch (java.lang.NumberFormatException nfe) {
                        throw new org.apache.commons.lang.exception.NestableRuntimeException(("Unable to parse unicode value: " + unicode), nfe);
                    }
                }
                continue;
            }
            if (hadSlash) {
                hadSlash = false;
                switch (ch) {
                    case '\\' :
                        out.write('\\');
                        break;
                    case '\'' :
                        out.write('\'');
                        break;
                    case '\"' :
                        out.write('"');
                        break;
                    case 'r' :
                        out.write('\r');
                        break;
                    case 'f' :
                        out.write('\f');
                        break;
                    case 't' :
                        out.write('\t');
                        break;
                    case 'n' :
                        out.write('\n');
                        break;
                    case 'b' :
                        out.write('\b');
                        break;
                    case 'u' :
                        {
                            inUnicode = true;
                            break;
                        }
                    default :
                        out.write(ch);
                        break;
                }
                continue;
            }else
                if (ch == '\\') {
                    hadSlash = true;
                    continue;
                }

            out.write(ch);
        }
        if (hadSlash) {
            out.write('\\');
        }
    }

    public static java.lang.String unescapeJavaScript(java.lang.String str) {
        return org.apache.commons.lang.StringEscapeUtils.unescapeJava(str);
    }

    public static void unescapeJavaScript(java.io.Writer out, java.lang.String str) throws java.io.IOException {
        org.apache.commons.lang.StringEscapeUtils.unescapeJava(out, str);
    }

    public static java.lang.String escapeHtml(java.lang.String str) {
        if (str == null) {
            return null;
        }
        try {
            java.io.StringWriter writer = new java.io.StringWriter(((int) ((str.length()) * 1.5)));
            org.apache.commons.lang.StringEscapeUtils.escapeHtml(writer, str);
            return writer.toString();
        } catch (java.io.IOException e) {
            e.printStackTrace();
            return null;
        }
    }

    public static void escapeHtml(java.io.Writer writer, java.lang.String string) throws java.io.IOException {
        if (writer == null) {
            throw new java.lang.IllegalArgumentException("The Writer must not be null.");
        }
        if (string == null) {
            return;
        }
        org.apache.commons.lang.Entities.HTML40.escape(writer, string);
    }

    public static java.lang.String unescapeHtml(java.lang.String str) {
        if (str == null) {
            return null;
        }
        try {
            java.io.StringWriter writer = new java.io.StringWriter(((int) ((str.length()) * 1.5)));
            org.apache.commons.lang.StringEscapeUtils.unescapeHtml(writer, str);
            return writer.toString();
        } catch (java.io.IOException e) {
            e.printStackTrace();
            return null;
        }
    }

    public static void unescapeHtml(java.io.Writer writer, java.lang.String string) throws java.io.IOException {
        if (writer == null) {
            throw new java.lang.IllegalArgumentException("The Writer must not be null.");
        }
        if (string == null) {
            return;
        }
        org.apache.commons.lang.Entities.HTML40.unescape(writer, string);
    }

    public static void escapeXml(java.io.Writer writer, java.lang.String str) throws java.io.IOException {
        if (writer == null) {
            throw new java.lang.IllegalArgumentException("The Writer must not be null.");
        }
        if (str == null) {
            return;
        }
        org.apache.commons.lang.Entities.XML.escape(writer, str);
    }

    public static java.lang.String escapeXml(java.lang.String str) {
        if (str == null) {
            return null;
        }
        return org.apache.commons.lang.Entities.XML.escape(str);
    }

    public static void unescapeXml(java.io.Writer writer, java.lang.String str) throws java.io.IOException {
        if (writer == null) {
            throw new java.lang.IllegalArgumentException("The Writer must not be null.");
        }
        if (str == null) {
            return;
        }
        org.apache.commons.lang.Entities.XML.unescape(writer, str);
    }

    public static java.lang.String unescapeXml(java.lang.String str) {
        if (str == null) {
            return null;
        }
        return org.apache.commons.lang.Entities.XML.unescape(str);
    }

    public static java.lang.String escapeSql(java.lang.String str) {
        if (str == null) {
            return null;
        }
        return org.apache.commons.lang.StringUtils.replace(str, "'", "''");
    }
}
18:37:39.205 [pool-2-thread-1] ERROR fr.inria.lille.repair.nopol.NoPol - Error ExecutionException java.util.concurrent.ExecutionException: xxl.java.compiler.DynamicCompilationException: Aborting: dynamic compilation failed
18:37:39.205 [pool-2-thread-1] DEBUG fr.inria.lille.repair.nopol.NoPol - statement #22
18:37:39.205 [pool-2-thread-1] DEBUG fr.inria.lille.repair.nopol.NoPol - Analysing SourceLocation org.apache.commons.lang.StringEscapeUtils:175 which is executed by 4 tests
16862144
18:37:39.289 [pool-2-thread-1] DEBUG fr.inria.lille.repair.nopol.NoPol - looking with class fr.inria.lille.repair.nopol.spoon.smt.ConditionalAdder
junit.framework.ComparisonFailure: expected:<...ipt>alert(\'aaa\');<[\]/script>\';> but was:<...ipt>alert(\'aaa\');<[]/script>\';>
    at junit.framework.Assert.assertEquals(Assert.java:100)
    at junit.framework.Assert.assertEquals(Assert.java:107)
    at junit.framework.TestCase.assertEquals(TestCase.java:269)
    at org.apache.commons.lang.StringEscapeUtilsTest.testEscapeJavaScript(StringEscapeUtilsTest.java:187)
    at sun.reflect.NativeMethodAccessorImpl.invoke0(Native Method)
    at sun.reflect.NativeMethodAccessorImpl.invoke(NativeMethodAccessorImpl.java:62)
18:37:39.498 [pool-94-thread-1] INFO  xxl.java.junit.TestCasesListener - Tests run finished (206 ms)
<> Total tests run: 13
<> Ignored tests: 0
<> Failed tests: 1
~ testEscapeJavaScript(org.apache.commons.lang.StringEscapeUtilsTest)
[expected:<...ipt>alert(\'aaa\');<[\]/script>\';> but was:<...ipt>alert(\'aaa\');<[]/script>\';>]
junit.framework.ComparisonFailure: expected:<...ipt>alert(\'aaa\');<[\]/script>\';> but was:<...ipt>alert(\'aaa\');<[]/script>\';>    at junit.framework.Assert.assertEquals(Assert.java:100)
    at junit.framework.Assert.assertEquals(Assert.java:107)
    at junit.framework.TestCase.assertEquals(TestCase.java:269)
    at org.apache.commons.lang.StringEscapeUtilsTest.testEscapeJavaScript(StringEscapeUtilsTest.java:187)
    at sun.reflect.NativeMethodAccessorImpl.invoke0(Native Method)
    at sun.reflect.NativeMethodAccessorImpl.invoke(NativeMethodAccessorImpl.java:62)

junit.framework.ComparisonFailure: expected:<...ipt>alert(\'aaa\');<[\]/script>\';> but was:<...ipt>alert(\'aaa\');<[]/script>\';>
    at junit.framework.Assert.assertEquals(Assert.java:100)
    at junit.framework.Assert.assertEquals(Assert.java:107)
    at junit.framework.TestCase.assertEquals(TestCase.java:269)
    at org.apache.commons.lang.StringEscapeUtilsTest.testEscapeJavaScript(StringEscapeUtilsTest.java:187)
    at sun.reflect.NativeMethodAccessorImpl.invoke0(Native Method)
    at sun.reflect.NativeMethodAccessorImpl.invoke(NativeMethodAccessorImpl.java:62)
18:37:39.650 [pool-95-thread-1] INFO  f.i.l.c.t.SpecificationTestCasesListener - Tests run finished (2 ms)
<> Total tests run: 1
<> Ignored tests: 0
<> Failed tests: 1
~ testEscapeJavaScript(org.apache.commons.lang.StringEscapeUtilsTest)
[expected:<...ipt>alert(\'aaa\');<[\]/script>\';> but was:<...ipt>alert(\'aaa\');<[]/script>\';>]
junit.framework.ComparisonFailure: expected:<...ipt>alert(\'aaa\');<[\]/script>\';> but was:<...ipt>alert(\'aaa\');<[]/script>\';>    at junit.framework.Assert.assertEquals(Assert.java:100)
    at junit.framework.Assert.assertEquals(Assert.java:107)
    at junit.framework.TestCase.assertEquals(TestCase.java:269)
    at org.apache.commons.lang.StringEscapeUtilsTest.testEscapeJavaScript(StringEscapeUtilsTest.java:187)
    at sun.reflect.NativeMethodAccessorImpl.invoke0(Native Method)
    at sun.reflect.NativeMethodAccessorImpl.invoke(NativeMethodAccessorImpl.java:62)

junit.framework.ComparisonFailure: expected:<...ipt>alert(\'aaa\');<[\]/script>\';> but was:<...ipt>alert(\'aaa\');<[]/script>\';>
    at junit.framework.Assert.assertEquals(Assert.java:100)
    at junit.framework.Assert.assertEquals(Assert.java:107)
    at junit.framework.TestCase.assertEquals(TestCase.java:269)
    at org.apache.commons.lang.StringEscapeUtilsTest.testEscapeJavaScript(StringEscapeUtilsTest.java:187)
    at sun.reflect.NativeMethodAccessorImpl.invoke0(Native Method)
    at sun.reflect.NativeMethodAccessorImpl.invoke(NativeMethodAccessorImpl.java:62)
18:37:39.652 [pool-96-thread-1] INFO  f.i.l.c.t.SpecificationTestCasesListener - Tests run finished (1 ms)
<> Total tests run: 1
<> Ignored tests: 0
<> Failed tests: 1
~ testEscapeJavaScript(org.apache.commons.lang.StringEscapeUtilsTest)
[expected:<...ipt>alert(\'aaa\');<[\]/script>\';> but was:<...ipt>alert(\'aaa\');<[]/script>\';>]
junit.framework.ComparisonFailure: expected:<...ipt>alert(\'aaa\');<[\]/script>\';> but was:<...ipt>alert(\'aaa\');<[]/script>\';>    at junit.framework.Assert.assertEquals(Assert.java:100)
    at junit.framework.Assert.assertEquals(Assert.java:107)
    at junit.framework.TestCase.assertEquals(TestCase.java:269)
    at org.apache.commons.lang.StringEscapeUtilsTest.testEscapeJavaScript(StringEscapeUtilsTest.java:187)
    at sun.reflect.NativeMethodAccessorImpl.invoke0(Native Method)
    at sun.reflect.NativeMethodAccessorImpl.invoke(NativeMethodAccessorImpl.java:62)

18:37:39.652 [pool-93-thread-1] DEBUG tests.output - Failing tests with false: 
[testEscapeJavaScript(org.apache.commons.lang.StringEscapeUtilsTest): expected:<...ipt>alert(\'aaa\');<[\]/script>\';> but was:<...ipt>alert(\'aaa\');<[]/script>\';>]
18:37:39.652 [pool-93-thread-1] DEBUG tests.output - Failing tests with true: 
[testEscapeJavaScript(org.apache.commons.lang.StringEscapeUtilsTest): expected:<...ipt>alert(\'aaa\');<[\]/script>\';> but was:<...ipt>alert(\'aaa\');<[]/script>\';>]
18:37:39.652 [pool-93-thread-1] INFO  f.i.l.r.n.synth.SMTNopolSynthesizer - Not enough specifications: 0. A trivial patch is "true" or "false", please write new tests specifying SourceLocation org.apache.commons.lang.StringEscapeUtils:175.
18:37:39.652 [pool-2-thread-1] DEBUG fr.inria.lille.repair.nopol.NoPol - looking with class fr.inria.lille.repair.nopol.spoon.smt.ConditionalReplacer
junit.framework.ComparisonFailure: expected:<...ipt>alert(\'aaa\');<[\]/script>\';> but was:<...ipt>alert(\'aaa\');<[]/script>\';>
    at junit.framework.Assert.assertEquals(Assert.java:100)
    at junit.framework.Assert.assertEquals(Assert.java:107)
    at junit.framework.TestCase.assertEquals(TestCase.java:269)
    at org.apache.commons.lang.StringEscapeUtilsTest.testEscapeJavaScript(StringEscapeUtilsTest.java:187)
    at sun.reflect.NativeMethodAccessorImpl.invoke0(Native Method)
    at sun.reflect.NativeMethodAccessorImpl.invoke(NativeMethodAccessorImpl.java:62)
18:37:39.864 [pool-98-thread-1] INFO  xxl.java.junit.TestCasesListener - Tests run finished (209 ms)
<> Total tests run: 13
<> Ignored tests: 0
<> Failed tests: 1
~ testEscapeJavaScript(org.apache.commons.lang.StringEscapeUtilsTest)
[expected:<...ipt>alert(\'aaa\');<[\]/script>\';> but was:<...ipt>alert(\'aaa\');<[]/script>\';>]
junit.framework.ComparisonFailure: expected:<...ipt>alert(\'aaa\');<[\]/script>\';> but was:<...ipt>alert(\'aaa\');<[]/script>\';>    at junit.framework.Assert.assertEquals(Assert.java:100)
    at junit.framework.Assert.assertEquals(Assert.java:107)
    at junit.framework.TestCase.assertEquals(TestCase.java:269)
    at org.apache.commons.lang.StringEscapeUtilsTest.testEscapeJavaScript(StringEscapeUtilsTest.java:187)
    at sun.reflect.NativeMethodAccessorImpl.invoke0(Native Method)
    at sun.reflect.NativeMethodAccessorImpl.invoke(NativeMethodAccessorImpl.java:62)

junit.framework.ComparisonFailure: expected:<...ipt>alert(\'aaa\');<[\]/script>\';> but was:<...ipt>alert(\'aaa\');<[]/script>\';>
    at junit.framework.Assert.assertEquals(Assert.java:100)
    at junit.framework.Assert.assertEquals(Assert.java:107)
    at junit.framework.TestCase.assertEquals(TestCase.java:269)
    at org.apache.commons.lang.StringEscapeUtilsTest.testEscapeJavaScript(StringEscapeUtilsTest.java:187)
    at sun.reflect.NativeMethodAccessorImpl.invoke0(Native Method)
    at sun.reflect.NativeMethodAccessorImpl.invoke(NativeMethodAccessorImpl.java:62)
18:37:39.989 [pool-99-thread-1] INFO  f.i.l.c.t.SpecificationTestCasesListener - Tests run finished (2 ms)
<> Total tests run: 1
<> Ignored tests: 0
<> Failed tests: 1
~ testEscapeJavaScript(org.apache.commons.lang.StringEscapeUtilsTest)
[expected:<...ipt>alert(\'aaa\');<[\]/script>\';> but was:<...ipt>alert(\'aaa\');<[]/script>\';>]
junit.framework.ComparisonFailure: expected:<...ipt>alert(\'aaa\');<[\]/script>\';> but was:<...ipt>alert(\'aaa\');<[]/script>\';>    at junit.framework.Assert.assertEquals(Assert.java:100)
    at junit.framework.Assert.assertEquals(Assert.java:107)
    at junit.framework.TestCase.assertEquals(TestCase.java:269)
    at org.apache.commons.lang.StringEscapeUtilsTest.testEscapeJavaScript(StringEscapeUtilsTest.java:187)
    at sun.reflect.NativeMethodAccessorImpl.invoke0(Native Method)
    at sun.reflect.NativeMethodAccessorImpl.invoke(NativeMethodAccessorImpl.java:62)

junit.framework.ComparisonFailure: expected:<[He didn\'t say, \"stop!\"]> but was:<[]>
    at junit.framework.Assert.assertEquals(Assert.java:100)
    at junit.framework.Assert.assertEquals(Assert.java:107)
    at junit.framework.TestCase.assertEquals(TestCase.java:269)
    at org.apache.commons.lang.StringEscapeUtilsTest.testEscapeJavaScript(StringEscapeUtilsTest.java:186)
    at sun.reflect.NativeMethodAccessorImpl.invoke0(Native Method)
    at sun.reflect.NativeMethodAccessorImpl.invoke(NativeMethodAccessorImpl.java:62)
18:37:39.991 [pool-100-thread-1] INFO  f.i.l.c.t.SpecificationTestCasesListener - Tests run finished (0 ms)
<> Total tests run: 1
<> Ignored tests: 0
<> Failed tests: 1
~ testEscapeJavaScript(org.apache.commons.lang.StringEscapeUtilsTest)
[expected:<[He didn\'t say, \"stop!\"]> but was:<[]>]
junit.framework.ComparisonFailure: expected:<[He didn\'t say, \"stop!\"]> but was:<[]>    at junit.framework.Assert.assertEquals(Assert.java:100)
    at junit.framework.Assert.assertEquals(Assert.java:107)
    at junit.framework.TestCase.assertEquals(TestCase.java:269)
    at org.apache.commons.lang.StringEscapeUtilsTest.testEscapeJavaScript(StringEscapeUtilsTest.java:186)
    at sun.reflect.NativeMethodAccessorImpl.invoke0(Native Method)
    at sun.reflect.NativeMethodAccessorImpl.invoke(NativeMethodAccessorImpl.java:62)

18:37:39.991 [pool-97-thread-1] DEBUG tests.output - Failing tests with false: 
[testEscapeJavaScript(org.apache.commons.lang.StringEscapeUtilsTest): expected:<...ipt>alert(\'aaa\');<[\]/script>\';> but was:<...ipt>alert(\'aaa\');<[]/script>\';>]
18:37:39.991 [pool-97-thread-1] DEBUG tests.output - Failing tests with true: 
[testEscapeJavaScript(org.apache.commons.lang.StringEscapeUtilsTest): expected:<[He didn\'t say, \"stop!\"]> but was:<[]>]
18:37:39.991 [pool-97-thread-1] INFO  f.i.l.r.n.synth.SMTNopolSynthesizer - Not enough specifications: 0. A trivial patch is "true" or "false", please write new tests specifying SourceLocation org.apache.commons.lang.StringEscapeUtils:175.
18:37:39.991 [pool-2-thread-1] DEBUG fr.inria.lille.repair.nopol.NoPol - statement #23
18:37:39.991 [pool-2-thread-1] DEBUG fr.inria.lille.repair.nopol.NoPol - Analysing SourceLocation org.apache.commons.lang.StringEscapeUtils:172 which is executed by 4 tests
16862144
18:37:40.061 [pool-2-thread-1] DEBUG fr.inria.lille.repair.nopol.NoPol - looking with class fr.inria.lille.repair.nopol.spoon.smt.ConditionalAdder
junit.framework.ComparisonFailure: expected:<...ipt>alert(\'aaa\');<[\]/script>\';> but was:<...ipt>alert(\'aaa\');<[]/script>\';>
    at junit.framework.Assert.assertEquals(Assert.java:100)
    at junit.framework.Assert.assertEquals(Assert.java:107)
    at junit.framework.TestCase.assertEquals(TestCase.java:269)
    at org.apache.commons.lang.StringEscapeUtilsTest.testEscapeJavaScript(StringEscapeUtilsTest.java:187)
    at sun.reflect.NativeMethodAccessorImpl.invoke0(Native Method)
    at sun.reflect.NativeMethodAccessorImpl.invoke(NativeMethodAccessorImpl.java:62)
18:37:40.230 [pool-102-thread-1] INFO  xxl.java.junit.TestCasesListener - Tests run finished (166 ms)
<> Total tests run: 13
<> Ignored tests: 0
<> Failed tests: 1
~ testEscapeJavaScript(org.apache.commons.lang.StringEscapeUtilsTest)
[expected:<...ipt>alert(\'aaa\');<[\]/script>\';> but was:<...ipt>alert(\'aaa\');<[]/script>\';>]
junit.framework.ComparisonFailure: expected:<...ipt>alert(\'aaa\');<[\]/script>\';> but was:<...ipt>alert(\'aaa\');<[]/script>\';>    at junit.framework.Assert.assertEquals(Assert.java:100)
    at junit.framework.Assert.assertEquals(Assert.java:107)
    at junit.framework.TestCase.assertEquals(TestCase.java:269)
    at org.apache.commons.lang.StringEscapeUtilsTest.testEscapeJavaScript(StringEscapeUtilsTest.java:187)
    at sun.reflect.NativeMethodAccessorImpl.invoke0(Native Method)
    at sun.reflect.NativeMethodAccessorImpl.invoke(NativeMethodAccessorImpl.java:62)

junit.framework.AssertionFailedError
    at junit.framework.Assert.fail(Assert.java:55)
    at junit.framework.Assert.fail(Assert.java:64)
    at junit.framework.TestCase.fail(TestCase.java:235)
    at org.apache.commons.lang.StringEscapeUtilsTest.testEscapeJavaScript(StringEscapeUtilsTest.java:173)
    at sun.reflect.NativeMethodAccessorImpl.invoke0(Native Method)
    at sun.reflect.NativeMethodAccessorImpl.invoke(NativeMethodAccessorImpl.java:62)
18:37:40.352 [pool-103-thread-1] INFO  f.i.l.c.t.SpecificationTestCasesListener - Tests run finished (1 ms)
<> Total tests run: 1
<> Ignored tests: 0
<> Failed tests: 1
~ testEscapeJavaScript(org.apache.commons.lang.StringEscapeUtilsTest)
[null]
junit.framework.AssertionFailedError    at junit.framework.Assert.fail(Assert.java:55)
    at junit.framework.Assert.fail(Assert.java:64)
    at junit.framework.TestCase.fail(TestCase.java:235)
    at org.apache.commons.lang.StringEscapeUtilsTest.testEscapeJavaScript(StringEscapeUtilsTest.java:173)
    at sun.reflect.NativeMethodAccessorImpl.invoke0(Native Method)
    at sun.reflect.NativeMethodAccessorImpl.invoke(NativeMethodAccessorImpl.java:62)

junit.framework.ComparisonFailure: expected:<...ipt>alert(\'aaa\');<[\]/script>\';> but was:<...ipt>alert(\'aaa\');<[]/script>\';>
    at junit.framework.Assert.assertEquals(Assert.java:100)
    at junit.framework.Assert.assertEquals(Assert.java:107)
    at junit.framework.TestCase.assertEquals(TestCase.java:269)
    at org.apache.commons.lang.StringEscapeUtilsTest.testEscapeJavaScript(StringEscapeUtilsTest.java:187)
    at sun.reflect.NativeMethodAccessorImpl.invoke0(Native Method)
    at sun.reflect.NativeMethodAccessorImpl.invoke(NativeMethodAccessorImpl.java:62)
18:37:40.354 [pool-104-thread-1] INFO  f.i.l.c.t.SpecificationTestCasesListener - Tests run finished (0 ms)
<> Total tests run: 1
<> Ignored tests: 0
<> Failed tests: 1
~ testEscapeJavaScript(org.apache.commons.lang.StringEscapeUtilsTest)
[expected:<...ipt>alert(\'aaa\');<[\]/script>\';> but was:<...ipt>alert(\'aaa\');<[]/script>\';>]
junit.framework.ComparisonFailure: expected:<...ipt>alert(\'aaa\');<[\]/script>\';> but was:<...ipt>alert(\'aaa\');<[]/script>\';>    at junit.framework.Assert.assertEquals(Assert.java:100)
    at junit.framework.Assert.assertEquals(Assert.java:107)
    at junit.framework.TestCase.assertEquals(TestCase.java:269)
    at org.apache.commons.lang.StringEscapeUtilsTest.testEscapeJavaScript(StringEscapeUtilsTest.java:187)
    at sun.reflect.NativeMethodAccessorImpl.invoke0(Native Method)
    at sun.reflect.NativeMethodAccessorImpl.invoke(NativeMethodAccessorImpl.java:62)

18:37:40.354 [pool-101-thread-1] DEBUG tests.output - Failing tests with false: 
[testEscapeJavaScript(org.apache.commons.lang.StringEscapeUtilsTest): null]
18:37:40.354 [pool-101-thread-1] DEBUG tests.output - Failing tests with true: 
[testEscapeJavaScript(org.apache.commons.lang.StringEscapeUtilsTest): expected:<...ipt>alert(\'aaa\');<[\]/script>\';> but was:<...ipt>alert(\'aaa\');<[]/script>\';>]
18:37:40.354 [pool-101-thread-1] INFO  f.i.l.r.n.synth.SMTNopolSynthesizer - Not enough specifications: 0. A trivial patch is "true" or "false", please write new tests specifying SourceLocation org.apache.commons.lang.StringEscapeUtils:172.
18:37:40.355 [pool-2-thread-1] DEBUG fr.inria.lille.repair.nopol.NoPol - looking with class fr.inria.lille.repair.nopol.spoon.smt.ConditionalReplacer
junit.framework.ComparisonFailure: expected:<...ipt>alert(\'aaa\');<[\]/script>\';> but was:<...ipt>alert(\'aaa\');<[]/script>\';>
    at junit.framework.Assert.assertEquals(Assert.java:100)
    at junit.framework.Assert.assertEquals(Assert.java:107)
    at junit.framework.TestCase.assertEquals(TestCase.java:269)
    at org.apache.commons.lang.StringEscapeUtilsTest.testEscapeJavaScript(StringEscapeUtilsTest.java:187)
    at sun.reflect.NativeMethodAccessorImpl.invoke0(Native Method)
    at sun.reflect.NativeMethodAccessorImpl.invoke(NativeMethodAccessorImpl.java:62)
18:37:40.508 [pool-106-thread-1] INFO  xxl.java.junit.TestCasesListener - Tests run finished (150 ms)
<> Total tests run: 13
<> Ignored tests: 0
<> Failed tests: 1
~ testEscapeJavaScript(org.apache.commons.lang.StringEscapeUtilsTest)
[expected:<...ipt>alert(\'aaa\');<[\]/script>\';> but was:<...ipt>alert(\'aaa\');<[]/script>\';>]
junit.framework.ComparisonFailure: expected:<...ipt>alert(\'aaa\');<[\]/script>\';> but was:<...ipt>alert(\'aaa\');<[]/script>\';>    at junit.framework.Assert.assertEquals(Assert.java:100)
    at junit.framework.Assert.assertEquals(Assert.java:107)
    at junit.framework.TestCase.assertEquals(TestCase.java:269)
    at org.apache.commons.lang.StringEscapeUtilsTest.testEscapeJavaScript(StringEscapeUtilsTest.java:187)
    at sun.reflect.NativeMethodAccessorImpl.invoke0(Native Method)
    at sun.reflect.NativeMethodAccessorImpl.invoke(NativeMethodAccessorImpl.java:62)

junit.framework.AssertionFailedError
    at junit.framework.Assert.fail(Assert.java:55)
    at junit.framework.Assert.fail(Assert.java:64)
    at junit.framework.TestCase.fail(TestCase.java:235)
    at org.apache.commons.lang.StringEscapeUtilsTest.testEscapeJavaScript(StringEscapeUtilsTest.java:173)
    at sun.reflect.NativeMethodAccessorImpl.invoke0(Native Method)
    at sun.reflect.NativeMethodAccessorImpl.invoke(NativeMethodAccessorImpl.java:62)
18:37:40.630 [pool-107-thread-1] INFO  f.i.l.c.t.SpecificationTestCasesListener - Tests run finished (2 ms)
<> Total tests run: 1
<> Ignored tests: 0
<> Failed tests: 1
~ testEscapeJavaScript(org.apache.commons.lang.StringEscapeUtilsTest)
[null]
junit.framework.AssertionFailedError    at junit.framework.Assert.fail(Assert.java:55)
    at junit.framework.Assert.fail(Assert.java:64)
    at junit.framework.TestCase.fail(TestCase.java:235)
    at org.apache.commons.lang.StringEscapeUtilsTest.testEscapeJavaScript(StringEscapeUtilsTest.java:173)
    at sun.reflect.NativeMethodAccessorImpl.invoke0(Native Method)
    at sun.reflect.NativeMethodAccessorImpl.invoke(NativeMethodAccessorImpl.java:62)

java.lang.IllegalArgumentException: The Writer must not be null
    at org.apache.commons.lang.StringEscapeUtils.escapeJavaStyleString(StringEscapeUtils.java:55)
    at org.apache.commons.lang.StringEscapeUtils.escapeJavaStyleString(StringEscapeUtils.java:29)
    at org.apache.commons.lang.StringEscapeUtils.escapeJavaScript(StringEscapeUtils.java:16)
    at org.apache.commons.lang.StringEscapeUtilsTest.testEscapeJavaScript(StringEscapeUtilsTest.java:186)
    at sun.reflect.NativeMethodAccessorImpl.invoke0(Native Method)
    at sun.reflect.NativeMethodAccessorImpl.invoke(NativeMethodAccessorImpl.java:62)
18:37:40.632 [pool-108-thread-1] INFO  f.i.l.c.t.SpecificationTestCasesListener - Tests run finished (0 ms)
<> Total tests run: 1
<> Ignored tests: 0
<> Failed tests: 1
~ testEscapeJavaScript(org.apache.commons.lang.StringEscapeUtilsTest)
[The Writer must not be null]
java.lang.IllegalArgumentException: The Writer must not be null    at org.apache.commons.lang.StringEscapeUtils.escapeJavaStyleString(StringEscapeUtils.java:55)
    at org.apache.commons.lang.StringEscapeUtils.escapeJavaStyleString(StringEscapeUtils.java:29)
    at org.apache.commons.lang.StringEscapeUtils.escapeJavaScript(StringEscapeUtils.java:16)
    at org.apache.commons.lang.StringEscapeUtilsTest.testEscapeJavaScript(StringEscapeUtilsTest.java:186)
    at sun.reflect.NativeMethodAccessorImpl.invoke0(Native Method)
    at sun.reflect.NativeMethodAccessorImpl.invoke(NativeMethodAccessorImpl.java:62)

18:37:40.632 [pool-105-thread-1] DEBUG tests.output - Failing tests with false: 
[testEscapeJavaScript(org.apache.commons.lang.StringEscapeUtilsTest): null]
18:37:40.632 [pool-105-thread-1] DEBUG tests.output - Failing tests with true: 
[testEscapeJavaScript(org.apache.commons.lang.StringEscapeUtilsTest): The Writer must not be null]
18:37:40.632 [pool-105-thread-1] INFO  f.i.l.r.n.synth.SMTNopolSynthesizer - Not enough specifications: 0. A trivial patch is "true" or "false", please write new tests specifying SourceLocation org.apache.commons.lang.StringEscapeUtils:172.
18:37:40.632 [pool-2-thread-1] DEBUG fr.inria.lille.repair.nopol.NoPol - statement #24
18:37:40.632 [pool-2-thread-1] DEBUG fr.inria.lille.repair.nopol.NoPol - Analysing SourceLocation org.apache.commons.lang.StringEscapeUtils:155 which is executed by 4 tests
16862144
18:37:40.708 [pool-2-thread-1] DEBUG fr.inria.lille.repair.nopol.NoPol - statement #25
18:37:40.708 [pool-2-thread-1] DEBUG fr.inria.lille.repair.nopol.NoPol - Analysing SourceLocation org.apache.commons.lang.StringEscapeUtils:154 which is executed by 4 tests
16862144
18:37:40.780 [pool-2-thread-1] DEBUG fr.inria.lille.repair.nopol.NoPol - looking with class fr.inria.lille.repair.nopol.spoon.smt.ConditionalAdder
junit.framework.ComparisonFailure: expected:<...ipt>alert(\'aaa\');<[\]/script>\';> but was:<...ipt>alert(\'aaa\');<[]/script>\';>
    at junit.framework.Assert.assertEquals(Assert.java:100)
    at junit.framework.Assert.assertEquals(Assert.java:107)
    at junit.framework.TestCase.assertEquals(TestCase.java:269)
    at org.apache.commons.lang.StringEscapeUtilsTest.testEscapeJavaScript(StringEscapeUtilsTest.java:187)
    at sun.reflect.NativeMethodAccessorImpl.invoke0(Native Method)
    at sun.reflect.NativeMethodAccessorImpl.invoke(NativeMethodAccessorImpl.java:62)
18:37:40.934 [pool-110-thread-1] INFO  xxl.java.junit.TestCasesListener - Tests run finished (150 ms)
<> Total tests run: 13
<> Ignored tests: 0
<> Failed tests: 1
~ testEscapeJavaScript(org.apache.commons.lang.StringEscapeUtilsTest)
[expected:<...ipt>alert(\'aaa\');<[\]/script>\';> but was:<...ipt>alert(\'aaa\');<[]/script>\';>]
junit.framework.ComparisonFailure: expected:<...ipt>alert(\'aaa\');<[\]/script>\';> but was:<...ipt>alert(\'aaa\');<[]/script>\';>    at junit.framework.Assert.assertEquals(Assert.java:100)
    at junit.framework.Assert.assertEquals(Assert.java:107)
    at junit.framework.TestCase.assertEquals(TestCase.java:269)
    at org.apache.commons.lang.StringEscapeUtilsTest.testEscapeJavaScript(StringEscapeUtilsTest.java:187)
    at sun.reflect.NativeMethodAccessorImpl.invoke0(Native Method)
    at sun.reflect.NativeMethodAccessorImpl.invoke(NativeMethodAccessorImpl.java:62)

junit.framework.ComparisonFailure: expected:<[He didn\'t say, \"stop!\"]> but was:<[]>
    at junit.framework.Assert.assertEquals(Assert.java:100)
    at junit.framework.Assert.assertEquals(Assert.java:107)
    at junit.framework.TestCase.assertEquals(TestCase.java:269)
    at org.apache.commons.lang.StringEscapeUtilsTest.testEscapeJavaScript(StringEscapeUtilsTest.java:186)
    at sun.reflect.NativeMethodAccessorImpl.invoke0(Native Method)
    at sun.reflect.NativeMethodAccessorImpl.invoke(NativeMethodAccessorImpl.java:62)
18:37:41.069 [pool-111-thread-1] INFO  f.i.l.c.t.SpecificationTestCasesListener - Tests run finished (1 ms)
<> Total tests run: 1
<> Ignored tests: 0
<> Failed tests: 1
~ testEscapeJavaScript(org.apache.commons.lang.StringEscapeUtilsTest)
[expected:<[He didn\'t say, \"stop!\"]> but was:<[]>]
junit.framework.ComparisonFailure: expected:<[He didn\'t say, \"stop!\"]> but was:<[]>    at junit.framework.Assert.assertEquals(Assert.java:100)
    at junit.framework.Assert.assertEquals(Assert.java:107)
    at junit.framework.TestCase.assertEquals(TestCase.java:269)
    at org.apache.commons.lang.StringEscapeUtilsTest.testEscapeJavaScript(StringEscapeUtilsTest.java:186)
    at sun.reflect.NativeMethodAccessorImpl.invoke0(Native Method)
    at sun.reflect.NativeMethodAccessorImpl.invoke(NativeMethodAccessorImpl.java:62)

junit.framework.ComparisonFailure: expected:<...ipt>alert(\'aaa\');<[\]/script>\';> but was:<...ipt>alert(\'aaa\');<[]/script>\';>
    at junit.framework.Assert.assertEquals(Assert.java:100)
    at junit.framework.Assert.assertEquals(Assert.java:107)
    at junit.framework.TestCase.assertEquals(TestCase.java:269)
    at org.apache.commons.lang.StringEscapeUtilsTest.testEscapeJavaScript(StringEscapeUtilsTest.java:187)
    at sun.reflect.NativeMethodAccessorImpl.invoke0(Native Method)
    at sun.reflect.NativeMethodAccessorImpl.invoke(NativeMethodAccessorImpl.java:62)
18:37:41.071 [pool-112-thread-1] INFO  f.i.l.c.t.SpecificationTestCasesListener - Tests run finished (1 ms)
<> Total tests run: 1
<> Ignored tests: 0
<> Failed tests: 1
~ testEscapeJavaScript(org.apache.commons.lang.StringEscapeUtilsTest)
[expected:<...ipt>alert(\'aaa\');<[\]/script>\';> but was:<...ipt>alert(\'aaa\');<[]/script>\';>]
junit.framework.ComparisonFailure: expected:<...ipt>alert(\'aaa\');<[\]/script>\';> but was:<...ipt>alert(\'aaa\');<[]/script>\';>    at junit.framework.Assert.assertEquals(Assert.java:100)
    at junit.framework.Assert.assertEquals(Assert.java:107)
    at junit.framework.TestCase.assertEquals(TestCase.java:269)
    at org.apache.commons.lang.StringEscapeUtilsTest.testEscapeJavaScript(StringEscapeUtilsTest.java:187)
    at sun.reflect.NativeMethodAccessorImpl.invoke0(Native Method)
    at sun.reflect.NativeMethodAccessorImpl.invoke(NativeMethodAccessorImpl.java:62)

18:37:41.071 [pool-109-thread-1] DEBUG tests.output - Failing tests with false: 
[testEscapeJavaScript(org.apache.commons.lang.StringEscapeUtilsTest): expected:<[He didn\'t say, \"stop!\"]> but was:<[]>]
18:37:41.071 [pool-109-thread-1] DEBUG tests.output - Failing tests with true: 
[testEscapeJavaScript(org.apache.commons.lang.StringEscapeUtilsTest): expected:<...ipt>alert(\'aaa\');<[\]/script>\';> but was:<...ipt>alert(\'aaa\');<[]/script>\';>]
18:37:41.071 [pool-109-thread-1] INFO  f.i.l.r.n.synth.SMTNopolSynthesizer - Not enough specifications: 0. A trivial patch is "true" or "false", please write new tests specifying SourceLocation org.apache.commons.lang.StringEscapeUtils:154.
18:37:41.071 [pool-2-thread-1] DEBUG fr.inria.lille.repair.nopol.NoPol - statement #26
18:37:41.071 [pool-2-thread-1] DEBUG fr.inria.lille.repair.nopol.NoPol - Analysing SourceLocation org.apache.commons.lang.StringEscapeUtils:153 which is executed by 4 tests
16862144
18:37:41.141 [pool-2-thread-1] DEBUG fr.inria.lille.repair.nopol.NoPol - statement #27
18:37:41.141 [pool-2-thread-1] DEBUG fr.inria.lille.repair.nopol.NoPol - Analysing SourceLocation org.apache.commons.lang.StringEscapeUtils:149 which is executed by 4 tests
16862144
18:37:41.211 [pool-2-thread-1] DEBUG fr.inria.lille.repair.nopol.NoPol - looking with class fr.inria.lille.repair.nopol.spoon.smt.ConditionalAdder
junit.framework.ComparisonFailure: expected:<...ipt>alert(\'aaa\');<[\]/script>\';> but was:<...ipt>alert(\'aaa\');<[]/script>\';>
    at junit.framework.Assert.assertEquals(Assert.java:100)
    at junit.framework.Assert.assertEquals(Assert.java:107)
    at junit.framework.TestCase.assertEquals(TestCase.java:269)
    at org.apache.commons.lang.StringEscapeUtilsTest.testEscapeJavaScript(StringEscapeUtilsTest.java:187)
    at sun.reflect.NativeMethodAccessorImpl.invoke0(Native Method)
    at sun.reflect.NativeMethodAccessorImpl.invoke(NativeMethodAccessorImpl.java:62)
18:37:41.374 [pool-114-thread-1] INFO  xxl.java.junit.TestCasesListener - Tests run finished (160 ms)
<> Total tests run: 13
<> Ignored tests: 0
<> Failed tests: 1
~ testEscapeJavaScript(org.apache.commons.lang.StringEscapeUtilsTest)
[expected:<...ipt>alert(\'aaa\');<[\]/script>\';> but was:<...ipt>alert(\'aaa\');<[]/script>\';>]
junit.framework.ComparisonFailure: expected:<...ipt>alert(\'aaa\');<[\]/script>\';> but was:<...ipt>alert(\'aaa\');<[]/script>\';>    at junit.framework.Assert.assertEquals(Assert.java:100)
    at junit.framework.Assert.assertEquals(Assert.java:107)
    at junit.framework.TestCase.assertEquals(TestCase.java:269)
    at org.apache.commons.lang.StringEscapeUtilsTest.testEscapeJavaScript(StringEscapeUtilsTest.java:187)
    at sun.reflect.NativeMethodAccessorImpl.invoke0(Native Method)
    at sun.reflect.NativeMethodAccessorImpl.invoke(NativeMethodAccessorImpl.java:62)

java.lang.NullPointerException
    at org.apache.commons.lang.StringEscapeUtils.escapeJavaStyleString(StringEscapeUtils.java:43)
    at org.apache.commons.lang.StringEscapeUtils.escapeJavaScript(StringEscapeUtils.java:16)
    at org.apache.commons.lang.StringEscapeUtilsTest.testEscapeJavaScript(StringEscapeUtilsTest.java:170)
    at sun.reflect.NativeMethodAccessorImpl.invoke0(Native Method)
    at sun.reflect.NativeMethodAccessorImpl.invoke(NativeMethodAccessorImpl.java:62)
    at sun.reflect.DelegatingMethodAccessorImpl.invoke(DelegatingMethodAccessorImpl.java:43)
18:37:41.509 [pool-115-thread-1] INFO  f.i.l.c.t.SpecificationTestCasesListener - Tests run finished (2 ms)
<> Total tests run: 1
<> Ignored tests: 0
<> Failed tests: 1
~ testEscapeJavaScript(org.apache.commons.lang.StringEscapeUtilsTest)
[null]
java.lang.NullPointerException    at org.apache.commons.lang.StringEscapeUtils.escapeJavaStyleString(StringEscapeUtils.java:43)
    at org.apache.commons.lang.StringEscapeUtils.escapeJavaScript(StringEscapeUtils.java:16)
    at org.apache.commons.lang.StringEscapeUtilsTest.testEscapeJavaScript(StringEscapeUtilsTest.java:170)
    at sun.reflect.NativeMethodAccessorImpl.invoke0(Native Method)
    at sun.reflect.NativeMethodAccessorImpl.invoke(NativeMethodAccessorImpl.java:62)
    at sun.reflect.DelegatingMethodAccessorImpl.invoke(DelegatingMethodAccessorImpl.java:43)

junit.framework.ComparisonFailure: expected:<...ipt>alert(\'aaa\');<[\]/script>\';> but was:<...ipt>alert(\'aaa\');<[]/script>\';>
    at junit.framework.Assert.assertEquals(Assert.java:100)
    at junit.framework.Assert.assertEquals(Assert.java:107)
    at junit.framework.TestCase.assertEquals(TestCase.java:269)
    at org.apache.commons.lang.StringEscapeUtilsTest.testEscapeJavaScript(StringEscapeUtilsTest.java:187)
    at sun.reflect.NativeMethodAccessorImpl.invoke0(Native Method)
    at sun.reflect.NativeMethodAccessorImpl.invoke(NativeMethodAccessorImpl.java:62)
18:37:41.511 [pool-116-thread-1] INFO  f.i.l.c.t.SpecificationTestCasesListener - Tests run finished (1 ms)
<> Total tests run: 1
<> Ignored tests: 0
<> Failed tests: 1
~ testEscapeJavaScript(org.apache.commons.lang.StringEscapeUtilsTest)
[expected:<...ipt>alert(\'aaa\');<[\]/script>\';> but was:<...ipt>alert(\'aaa\');<[]/script>\';>]
junit.framework.ComparisonFailure: expected:<...ipt>alert(\'aaa\');<[\]/script>\';> but was:<...ipt>alert(\'aaa\');<[]/script>\';>    at junit.framework.Assert.assertEquals(Assert.java:100)
    at junit.framework.Assert.assertEquals(Assert.java:107)
    at junit.framework.TestCase.assertEquals(TestCase.java:269)
    at org.apache.commons.lang.StringEscapeUtilsTest.testEscapeJavaScript(StringEscapeUtilsTest.java:187)
    at sun.reflect.NativeMethodAccessorImpl.invoke0(Native Method)
    at sun.reflect.NativeMethodAccessorImpl.invoke(NativeMethodAccessorImpl.java:62)

18:37:41.512 [pool-113-thread-1] DEBUG tests.output - Failing tests with false: 
[testEscapeJavaScript(org.apache.commons.lang.StringEscapeUtilsTest): null]
18:37:41.512 [pool-113-thread-1] DEBUG tests.output - Failing tests with true: 
[testEscapeJavaScript(org.apache.commons.lang.StringEscapeUtilsTest): expected:<...ipt>alert(\'aaa\');<[\]/script>\';> but was:<...ipt>alert(\'aaa\');<[]/script>\';>]
18:37:41.512 [pool-113-thread-1] INFO  f.i.l.r.n.synth.SMTNopolSynthesizer - Not enough specifications: 0. A trivial patch is "true" or "false", please write new tests specifying SourceLocation org.apache.commons.lang.StringEscapeUtils:149.
18:37:41.512 [pool-2-thread-1] DEBUG fr.inria.lille.repair.nopol.NoPol - looking with class fr.inria.lille.repair.nopol.spoon.smt.ConditionalReplacer
junit.framework.ComparisonFailure: expected:<...ipt>alert(\'aaa\');<[\]/script>\';> but was:<...ipt>alert(\'aaa\');<[]/script>\';>
    at junit.framework.Assert.assertEquals(Assert.java:100)
    at junit.framework.Assert.assertEquals(Assert.java:107)
    at junit.framework.TestCase.assertEquals(TestCase.java:269)
    at org.apache.commons.lang.StringEscapeUtilsTest.testEscapeJavaScript(StringEscapeUtilsTest.java:187)
    at sun.reflect.NativeMethodAccessorImpl.invoke0(Native Method)
    at sun.reflect.NativeMethodAccessorImpl.invoke(NativeMethodAccessorImpl.java:62)
18:37:41.664 [pool-118-thread-1] INFO  xxl.java.junit.TestCasesListener - Tests run finished (149 ms)
<> Total tests run: 13
<> Ignored tests: 0
<> Failed tests: 1
~ testEscapeJavaScript(org.apache.commons.lang.StringEscapeUtilsTest)
[expected:<...ipt>alert(\'aaa\');<[\]/script>\';> but was:<...ipt>alert(\'aaa\');<[]/script>\';>]
junit.framework.ComparisonFailure: expected:<...ipt>alert(\'aaa\');<[\]/script>\';> but was:<...ipt>alert(\'aaa\');<[]/script>\';>    at junit.framework.Assert.assertEquals(Assert.java:100)
    at junit.framework.Assert.assertEquals(Assert.java:107)
    at junit.framework.TestCase.assertEquals(TestCase.java:269)
    at org.apache.commons.lang.StringEscapeUtilsTest.testEscapeJavaScript(StringEscapeUtilsTest.java:187)
    at sun.reflect.NativeMethodAccessorImpl.invoke0(Native Method)
    at sun.reflect.NativeMethodAccessorImpl.invoke(NativeMethodAccessorImpl.java:62)

java.lang.NullPointerException
    at org.apache.commons.lang.StringEscapeUtils.escapeJavaStyleString(StringEscapeUtils.java:43)
    at org.apache.commons.lang.StringEscapeUtils.escapeJavaScript(StringEscapeUtils.java:16)
    at org.apache.commons.lang.StringEscapeUtilsTest.testEscapeJavaScript(StringEscapeUtilsTest.java:170)
    at sun.reflect.NativeMethodAccessorImpl.invoke0(Native Method)
    at sun.reflect.NativeMethodAccessorImpl.invoke(NativeMethodAccessorImpl.java:62)
    at sun.reflect.DelegatingMethodAccessorImpl.invoke(DelegatingMethodAccessorImpl.java:43)
18:37:41.779 [pool-119-thread-1] INFO  f.i.l.c.t.SpecificationTestCasesListener - Tests run finished (1 ms)
<> Total tests run: 1
<> Ignored tests: 0
<> Failed tests: 1
~ testEscapeJavaScript(org.apache.commons.lang.StringEscapeUtilsTest)
[null]
java.lang.NullPointerException    at org.apache.commons.lang.StringEscapeUtils.escapeJavaStyleString(StringEscapeUtils.java:43)
    at org.apache.commons.lang.StringEscapeUtils.escapeJavaScript(StringEscapeUtils.java:16)
    at org.apache.commons.lang.StringEscapeUtilsTest.testEscapeJavaScript(StringEscapeUtilsTest.java:170)
    at sun.reflect.NativeMethodAccessorImpl.invoke0(Native Method)
    at sun.reflect.NativeMethodAccessorImpl.invoke(NativeMethodAccessorImpl.java:62)
    at sun.reflect.DelegatingMethodAccessorImpl.invoke(DelegatingMethodAccessorImpl.java:43)

junit.framework.ComparisonFailure: expected:<He didn\'t say, \"stop!\"> but was:<null>
    at junit.framework.Assert.assertEquals(Assert.java:100)
    at junit.framework.Assert.assertEquals(Assert.java:107)
    at junit.framework.TestCase.assertEquals(TestCase.java:269)
    at org.apache.commons.lang.StringEscapeUtilsTest.testEscapeJavaScript(StringEscapeUtilsTest.java:186)
    at sun.reflect.NativeMethodAccessorImpl.invoke0(Native Method)
    at sun.reflect.NativeMethodAccessorImpl.invoke(NativeMethodAccessorImpl.java:62)
18:37:41.781 [pool-120-thread-1] INFO  f.i.l.c.t.SpecificationTestCasesListener - Tests run finished (1 ms)
<> Total tests run: 1
<> Ignored tests: 0
<> Failed tests: 1
~ testEscapeJavaScript(org.apache.commons.lang.StringEscapeUtilsTest)
[expected:<He didn\'t say, \"stop!\"> but was:<null>]
junit.framework.ComparisonFailure: expected:<He didn\'t say, \"stop!\"> but was:<null>    at junit.framework.Assert.assertEquals(Assert.java:100)
    at junit.framework.Assert.assertEquals(Assert.java:107)
    at junit.framework.TestCase.assertEquals(TestCase.java:269)
    at org.apache.commons.lang.StringEscapeUtilsTest.testEscapeJavaScript(StringEscapeUtilsTest.java:186)
    at sun.reflect.NativeMethodAccessorImpl.invoke0(Native Method)
    at sun.reflect.NativeMethodAccessorImpl.invoke(NativeMethodAccessorImpl.java:62)

18:37:41.781 [pool-117-thread-1] DEBUG tests.output - Failing tests with false: 
[testEscapeJavaScript(org.apache.commons.lang.StringEscapeUtilsTest): null]
18:37:41.781 [pool-117-thread-1] DEBUG tests.output - Failing tests with true: 
[testEscapeJavaScript(org.apache.commons.lang.StringEscapeUtilsTest): expected:<He didn\'t say, \"stop!\"> but was:<null>]
18:37:41.781 [pool-117-thread-1] INFO  f.i.l.r.n.synth.SMTNopolSynthesizer - Not enough specifications: 0. A trivial patch is "true" or "false", please write new tests specifying SourceLocation org.apache.commons.lang.StringEscapeUtils:149.
18:37:41.788 [pool-2-thread-1] INFO  fr.inria.lille.repair.nopol.NoPol - ----INFORMATION----
18:37:41.891 [pool-2-thread-1] INFO  fr.inria.lille.repair.nopol.NoPol - Nb classes : 77
18:37:41.891 [pool-2-thread-1] INFO  fr.inria.lille.repair.nopol.NoPol - Nb methods : 1734
18:37:41.891 [pool-2-thread-1] INFO  fr.inria.lille.repair.nopol.NoPol - Nb Statements Analyzed : 30
18:37:41.891 [pool-2-thread-1] INFO  fr.inria.lille.repair.nopol.NoPol - Nb Statements with Angelic Value Found : 0
18:37:41.891 [pool-2-thread-1] INFO  fr.inria.lille.repair.nopol.NoPol - Nb inputs in SMT : 0
18:37:41.897 [pool-2-thread-1] INFO  fr.inria.lille.repair.nopol.NoPol - Nb SMT level: 0
18:37:41.897 [pool-2-thread-1] INFO  fr.inria.lille.repair.nopol.NoPol - Nb variables in SMT : 0
18:37:41.897 [pool-2-thread-1] INFO  fr.inria.lille.repair.nopol.NoPol - NoPol Execution time : 34107ms
18:37:41.897 [pool-2-thread-1] INFO  fr.inria.lille.repair.nopol.NoPol - 
NO_ANGELIC_VALUE
Command exited with non-zero status 255
93.49user 3.82system 0:35.57elapsed 273%CPU (0avgtext+0avgdata 1544652maxresident)k
56984inputs+5848outputs (7major+615116minor)pagefaults 0swaps


Node: petitprince-11.luxembourg.grid5000.fr



Date: Wed Nov 28 18:37:42 EST 2018

