cd /tmp/Nopol_Bug_dot_jar_Jackrabbit-Oak_36e70bd7;
export JAVA_TOOL_OPTIONS="-Dfile.encoding=UTF8 -Duser.language=en-US -Duser.country=US -Duser.language=en";
TZ="America/New_York"; export TZ;
export PATH="/usr/lib/jvm/java-1.8.0-openjdk-amd64/bin/:$PATH";
export JAVA_HOME="/usr/lib/jvm/java-1.8.0-openjdk-amd64/bin/";
time java -Xmx4g -Xms1g -cp /home/tdurieux/defects4j4repair/script/../repair_tools/nopol.jar:/usr/lib/jvm/java-1.8.0-openjdk-amd64/bin//../lib/tools.jar fr.inria.lille.repair.Main \
	--mode repair \
	--type pre_then_cond \
	--oracle angelic \
	--synthesis smt \
	--flocal gzoltar \
	--json \
	--solver z3 \
	--solver-path /home/tdurieux/defects4j4repair/script/../libs/z3/build/z3 \
	--complianceLevel 7 \
	--source oak-core/src/main/java \
	--classpath "oak-core/target/classes:oak-core/target/test-classes:/tmp/Nopol_Bug_dot_jar_Jackrabbit-Oak_36e70bd7/oak-commons/target/classes:/tmp/Nopol_Bug_dot_jar_Jackrabbit-Oak_36e70bd7/oak-mk-api/target/classes:/tmp/Nopol_Bug_dot_jar_Jackrabbit-Oak_36e70bd7/oak-mk/target/classes:/tmp/Nopol_Bug_dot_jar_Jackrabbit-Oak_36e70bd7/oak-mk-remote/target/classes:/tmp/Nopol_Bug_dot_jar_Jackrabbit-Oak_36e70bd7/oak-it/mk/target/classes:/tmp/Nopol_Bug_dot_jar_Jackrabbit-Oak_36e70bd7/oak-jcr/target/classes:/tmp/Nopol_Bug_dot_jar_Jackrabbit-Oak_36e70bd7/oak-sling/target/classes:/tmp/Nopol_Bug_dot_jar_Jackrabbit-Oak_36e70bd7/oak-http/target/classes:/tmp/Nopol_Bug_dot_jar_Jackrabbit-Oak_36e70bd7/oak-run/target/classes:/tmp/Nopol_Bug_dot_jar_Jackrabbit-Oak_36e70bd7/oak-it/osgi/target/classes:/tmp/Nopol_Bug_dot_jar_Jackrabbit-Oak_36e70bd7/oak-bench/base/target/classes:/tmp/Nopol_Bug_dot_jar_Jackrabbit-Oak_36e70bd7/oak-bench/latest/target/classes:/home/tdurieux/.m2/repository/ch/qos/logback/logback-core/1.0.1/logback-core-1.0.1.jar:/home/tdurieux/.m2/repository/com/google/guava/guava/13.0.1/guava-13.0.1.jar:/home/tdurieux/.m2/repository/org/apache/jackrabbit/oak-http/0.6-SNAPSHOT/oak-http-0.6-SNAPSHOT.jar:/home/tdurieux/.m2/repository/org/ops4j/base/ops4j-base-net/1.3.0/ops4j-base-net-1.3.0.jar:/home/tdurieux/.m2/repository/org/osgi/org.osgi.core/4.2.0/org.osgi.core-4.2.0.jar:/home/tdurieux/.m2/repository/org/sonatype/aether/aether-spi/1.11/aether-spi-1.11.jar:/home/tdurieux/.m2/repository/org/ops4j/pax/swissbox/pax-swissbox-optional-jcl/1.5.0/pax-swissbox-optional-jcl-1.5.0.jar:/home/tdurieux/.m2/repository/org/slf4j/slf4j-api/1.6.4/slf4j-api-1.6.4.jar:/home/tdurieux/.m2/repository/org/mongodb/mongo-java-driver/2.7.1/mongo-java-driver-2.7.1.jar:/home/tdurieux/.m2/repository/org/ops4j/pax/exam/pax-exam-junit4/2.4.0/pax-exam-junit4-2.4.0.jar:/home/tdurieux/.m2/repository/org/apache/xbean/xbean-reflect/3.4/xbean-reflect-3.4.jar:/home/tdurieux/.m2/repository/org/eclipse/jetty/jetty-io/8.1.2.v20120308/jetty-io-8.1.2.v20120308.jar:/home/tdurieux/.m2/repository/org/ops4j/base/ops4j-base-lang/1.3.0/ops4j-base-lang-1.3.0.jar:/home/tdurieux/.m2/repository/javax/servlet/servlet-api/2.5/servlet-api-2.5.jar:/home/tdurieux/.m2/repository/org/ops4j/pax/exam/pax-exam/2.4.0/pax-exam-2.4.0.jar:/home/tdurieux/.m2/repository/com/googlecode/json-simple/json-simple/1.1/json-simple-1.1.jar:/home/tdurieux/.m2/repository/org/slf4j/slf4j-api/1.5.8/slf4j-api-1.5.8.jar:/home/tdurieux/.m2/repository/org/apache/jackrabbit/jackrabbit-spi-commons/2.5.2/jackrabbit-spi-commons-2.5.2.jar:/home/tdurieux/.m2/repository/org/apache/maven/maven-model-builder/3.0.3/maven-model-builder-3.0.3.jar:/home/tdurieux/.m2/repository/com/google/code/findbugs/jsr305/2.0.0/jsr305-2.0.0.jar:/home/tdurieux/.m2/repository/org/apache/jackrabbit/oak-commons/0.6-SNAPSHOT/oak-commons-0.6-SNAPSHOT.jar:/home/tdurieux/.m2/repository/org/apache/felix/org.apache.felix.framework/4.0.1/org.apache.felix.framework-4.0.1.jar:/home/tdurieux/.m2/repository/org/sonatype/aether/aether-impl/1.11/aether-impl-1.11.jar:/home/tdurieux/.m2/repository/org/ops4j/base/ops4j-base-spi/1.3.0/ops4j-base-spi-1.3.0.jar:/home/tdurieux/.m2/repository/org/apache/jackrabbit/oak-jcr/0.6-SNAPSHOT/oak-jcr-0.6-SNAPSHOT.jar:/home/tdurieux/.m2/repository/org/ops4j/pax/url/pax-url-classpath/1.4.0/pax-url-classpath-1.4.0.jar:/home/tdurieux/.m2/repository/org/ops4j/pax/tinybundles/tinybundles/1.0.0/tinybundles-1.0.0.jar:/home/tdurieux/.m2/repository/org/ops4j/pax/swissbox/pax-swissbox-core/1.5.0/pax-swissbox-core-1.5.0.jar:/home/tdurieux/.m2/repository/org/apache/sling/org.apache.sling.jcr.api/2.1.0/org.apache.sling.jcr.api-2.1.0.jar:/home/tdurieux/.m2/repository/org/apache/maven/wagon/wagon-file/1.0-beta-7/wagon-file-1.0-beta-7.jar:/home/tdurieux/.m2/repository/org/apache/maven/wagon/wagon-http-shared/1.0-beta-7/wagon-http-shared-1.0-beta-7.jar:/home/tdurieux/.m2/repository/org/apache/jackrabbit/oak-mk-api/0.6-SNAPSHOT/oak-mk-api-0.6-SNAPSHOT.jar:/home/tdurieux/.m2/repository/com/google/collections/google-collections/1.0/google-collections-1.0.jar:/home/tdurieux/.m2/repository/org/slf4j/slf4j-nop/1.5.8/slf4j-nop-1.5.8.jar:/home/tdurieux/.m2/repository/com/fasterxml/jackson/core/jackson-databind/2.0.0/jackson-databind-2.0.0.jar:/home/tdurieux/.m2/repository/org/apache/jackrabbit/jackrabbit-spi/2.5.2/jackrabbit-spi-2.5.2.jar:/home/tdurieux/.m2/repository/org/ops4j/pax/swissbox/pax-swissbox-framework/1.5.0/pax-swissbox-framework-1.5.0.jar:/home/tdurieux/.m2/repository/com/fasterxml/jackson/dataformat/jackson-dataformat-smile/2.0.2/jackson-dataformat-smile-2.0.2.jar:/home/tdurieux/.m2/repository/commons-logging/commons-logging/1.0.4/commons-logging-1.0.4.jar:/home/tdurieux/.m2/repository/org/ops4j/pax/url/pax-url-commons/1.4.0/pax-url-commons-1.4.0.jar:/home/tdurieux/.m2/repository/org/sonatype/aether/aether-connector-wagon/1.11/aether-connector-wagon-1.11.jar:/home/tdurieux/.m2/repository/asm/asm/3.0/asm-3.0.jar:/home/tdurieux/.m2/repository/org/sonatype/aether/aether-api/1.11/aether-api-1.11.jar:/home/tdurieux/.m2/repository/biz/aQute/bndlib/1.50.0/bndlib-1.50.0.jar:/home/tdurieux/.m2/repository/com/fasterxml/jackson/core/jackson-core/2.0.0/jackson-core-2.0.0.jar:/home/tdurieux/.m2/repository/commons-fileupload/commons-fileupload/1.2.1/commons-fileupload-1.2.1.jar:/home/tdurieux/.m2/repository/org/hamcrest/hamcrest-core/1.1/hamcrest-core-1.1.jar:/home/tdurieux/.m2/repository/javax/jcr/jcr/2.0/jcr-2.0.jar:/home/tdurieux/.m2/repository/org/eclipse/jetty/jetty-http/8.1.2.v20120308/jetty-http-8.1.2.v20120308.jar:/home/tdurieux/.m2/repository/org/apache/geronimo/specs/geronimo-atinject_1.0_spec/1.0/geronimo-atinject_1.0_spec-1.0.jar:/home/tdurieux/.m2/repository/org/ops4j/base/ops4j-base-store/1.3.0/ops4j-base-store-1.3.0.jar:/home/tdurieux/.m2/repository/org/apache/felix/org.apache.felix.scr.annotations/1.6.0/org.apache.felix.scr.annotations-1.6.0.jar:/home/tdurieux/.m2/repository/org/apache/maven/wagon/wagon-provider-api/1.0-beta-7/wagon-provider-api-1.0-beta-7.jar:/home/tdurieux/.m2/repository/org/apache/jackrabbit/oak-it-mk/0.6-SNAPSHOT/oak-it-mk-0.6-SNAPSHOT.jar:/home/tdurieux/.m2/repository/commons-codec/commons-codec/1.2/commons-codec-1.2.jar:/home/tdurieux/.m2/repository/com/h2database/h2/1.3.158/h2-1.3.158.jar:/home/tdurieux/.m2/repository/org/apache/jackrabbit/oak-mk-remote/0.6-SNAPSHOT/oak-mk-remote-0.6-SNAPSHOT.jar:/home/tdurieux/.m2/repository/org/slf4j/jcl-over-slf4j/1.6.4/jcl-over-slf4j-1.6.4.jar:/home/tdurieux/.m2/repository/concurrent/concurrent/1.3.4/concurrent-1.3.4.jar:/home/tdurieux/.m2/repository/org/ops4j/base/ops4j-base-io/1.3.0/ops4j-base-io-1.3.0.jar:/home/tdurieux/.m2/repository/org/ops4j/pax/url/pax-url-aether/1.3.3/pax-url-aether-1.3.3.jar:/home/tdurieux/.m2/repository/org/eclipse/jetty/orbit/javax.servlet/3.0.0.v201112011016/javax.servlet-3.0.0.v201112011016.jar:/home/tdurieux/.m2/repository/org/apache/maven/maven-model/3.0.3/maven-model-3.0.3.jar:/home/tdurieux/.m2/repository/org/ops4j/pax/swissbox/pax-swissbox-lifecycle/1.5.0/pax-swissbox-lifecycle-1.5.0.jar:/home/tdurieux/.m2/repository/org/ops4j/base/ops4j-base-util-property/1.3.0/ops4j-base-util-property-1.3.0.jar:/home/tdurieux/.m2/repository/org/ops4j/pax/url/pax-url-link/1.4.0/pax-url-link-1.4.0.jar:/home/tdurieux/.m2/repository/org/eclipse/jetty/jetty-server/8.1.2.v20120308/jetty-server-8.1.2.v20120308.jar:/home/tdurieux/.m2/repository/org/apache/maven/maven-aether-provider/3.0.3/maven-aether-provider-3.0.3.jar:/home/tdurieux/.m2/repository/org/apache/jackrabbit/jackrabbit-jcr-tests/2.5.2/jackrabbit-jcr-tests-2.5.2.jar:/home/tdurieux/.m2/repository/org/apache/jackrabbit/jackrabbit-api/2.5.2/jackrabbit-api-2.5.2.jar:/home/tdurieux/.m2/repository/org/eclipse/jetty/jetty-util/8.1.2.v20120308/jetty-util-8.1.2.v20120308.jar:/home/tdurieux/.m2/repository/org/ops4j/base/ops4j-base-monitors/1.3.0/ops4j-base-monitors-1.3.0.jar:/home/tdurieux/.m2/repository/org/apache/jackrabbit/oak-mk/0.6-SNAPSHOT/oak-mk-0.6-SNAPSHOT.jar:/home/tdurieux/.m2/repository/org/sonatype/aether/aether-util/1.11/aether-util-1.11.jar:/home/tdurieux/.m2/repository/org/eclipse/jetty/jetty-servlet/8.1.2.v20120308/jetty-servlet-8.1.2.v20120308.jar:/home/tdurieux/.m2/repository/commons-httpclient/commons-httpclient/3.1/commons-httpclient-3.1.jar:/home/tdurieux/.m2/repository/org/ops4j/base/ops4j-base-exec/1.3.0/ops4j-base-exec-1.3.0.jar:/home/tdurieux/.m2/repository/org/ops4j/pax/exam/pax-exam-link-assembly/2.4.0/pax-exam-link-assembly-2.4.0.jar:/home/tdurieux/.m2/repository/org/apache/lucene/lucene-analyzers-common/4.0.0-ALPHA/lucene-analyzers-common-4.0.0-ALPHA.jar:/home/tdurieux/.m2/repository/org/codehaus/plexus/plexus-classworlds/2.4/plexus-classworlds-2.4.jar:/home/tdurieux/.m2/repository/org/osgi/org.osgi.compendium/4.2.0/org.osgi.compendium-4.2.0.jar:/home/tdurieux/.m2/repository/commons-io/commons-io/1.4/commons-io-1.4.jar:/home/tdurieux/.m2/repository/org/codehaus/plexus/plexus-interpolation/1.14/plexus-interpolation-1.14.jar:/home/tdurieux/.m2/repository/org/apache/maven/wagon/wagon-http-lightweight/1.0-beta-7/wagon-http-lightweight-1.0-beta-7.jar:/home/tdurieux/.m2/repository/org/apache/commons/commons-math/2.0/commons-math-2.0.jar:/home/tdurieux/.m2/repository/org/eclipse/jetty/jetty-security/8.1.2.v20120308/jetty-security-8.1.2.v20120308.jar:/home/tdurieux/.m2/repository/org/eclipse/jetty/jetty-continuation/8.1.2.v20120308/jetty-continuation-8.1.2.v20120308.jar:/home/tdurieux/.m2/repository/org/apache/maven/maven-repository-metadata/3.0.3/maven-repository-metadata-3.0.3.jar:/home/tdurieux/.m2/repository/org/apache/lucene/lucene-analyzers-common/4.0.0-BETA/lucene-analyzers-common-4.0.0-BETA.jar:/home/tdurieux/.m2/repository/ch/qos/logback/logback-classic/1.0.1/logback-classic-1.0.1.jar:/home/tdurieux/.m2/repository/com/fasterxml/jackson/core/jackson-annotations/2.0.0/jackson-annotations-2.0.0.jar:/home/tdurieux/.m2/repository/org/apache/jackrabbit/oak-core/0.6-SNAPSHOT/oak-core-0.6-SNAPSHOT.jar:/home/tdurieux/.m2/repository/org/codehaus/plexus/plexus-utils/2.0.5/plexus-utils-2.0.5.jar:/home/tdurieux/.m2/repository/org/apache/lucene/lucene-core/4.0.0-BETA/lucene-core-4.0.0-BETA.jar:/home/tdurieux/.m2/repository/org/slf4j/slf4j-simple/1.6.1/slf4j-simple-1.6.1.jar:/home/tdurieux/.m2/repository/org/apache/jackrabbit/jackrabbit-jcr-server/2.5.2/jackrabbit-jcr-server-2.5.2.jar:/home/tdurieux/.m2/repository/org/ops4j/pax/exam/pax-exam-container-native/2.4.0/pax-exam-container-native-2.4.0.jar:/home/tdurieux/.m2/repository/org/ops4j/pax/swissbox/pax-swissbox-property/1.5.0/pax-swissbox-property-1.5.0.jar:/home/tdurieux/.m2/repository/org/apache/lucene/lucene-core/4.0.0-ALPHA/lucene-core-4.0.0-ALPHA.jar:/home/tdurieux/.m2/repository/org/codehaus/plexus/plexus-component-annotations/1.5.5/plexus-component-annotations-1.5.5.jar:/home/tdurieux/.m2/repository/junit/junit/4.10/junit-4.10.jar:/home/tdurieux/.m2/repository/org/apache/jackrabbit/jackrabbit-jcr-commons/2.5.2/jackrabbit-jcr-commons-2.5.2.jar:/home/tdurieux/.m2/repository/org/ops4j/pax/exam/pax-exam-spi/2.4.0/pax-exam-spi-2.4.0.jar:/home/tdurieux/.m2/repository/org/apache/jackrabbit/oak-bench-base/0.6-SNAPSHOT/oak-bench-base-0.6-SNAPSHOT.jar:/home/tdurieux/.m2/repository/org/apache/tika/tika-core/1.2/tika-core-1.2.jar:/home/tdurieux/.m2/repository/org/apache/tika/tika-core/1.1/tika-core-1.1.jar:/home/tdurieux/.m2/repository/org/codehaus/plexus/plexus-container-default/1.5.4/plexus-container-default-1.5.4.jar:/home/tdurieux/.m2/repository/commons-collections/commons-collections/3.2.1/commons-collections-3.2.1.jar:/home/tdurieux/.m2/repository/org/apache/jackrabbit/jackrabbit-webdav/2.5.2/jackrabbit-webdav-2.5.2.jar:/home/tdurieux/defects4j4repair/script/../repair_tools/nopol.jar";
	echo "\n\nNode: `hostname`\n";
	echo "\n\nDate: `date`\n";
Picked up JAVA_TOOL_OPTIONS: -Dfile.encoding=UTF8 -Duser.language=en-US -Duser.country=US -Duser.language=en
11:08:53.409 [main] INFO  fr.inria.lille.repair.nopol.NoPol - Source files: [oak-core/src/main/java]
11:08:53.416 [main] INFO  fr.inria.lille.repair.nopol.NoPol - Classpath: [file:/tmp/Nopol_Bug_dot_jar_Jackrabbit-Oak_36e70bd7/oak-core/target/classes/, file:/tmp/Nopol_Bug_dot_jar_Jackrabbit-Oak_36e70bd7/oak-core/target/test-classes/, file:/tmp/Nopol_Bug_dot_jar_Jackrabbit-Oak_36e70bd7/oak-commons/target/classes/, file:/tmp/Nopol_Bug_dot_jar_Jackrabbit-Oak_36e70bd7/oak-mk-api/target/classes/, file:/tmp/Nopol_Bug_dot_jar_Jackrabbit-Oak_36e70bd7/oak-mk/target/classes/, file:/tmp/Nopol_Bug_dot_jar_Jackrabbit-Oak_36e70bd7/oak-mk-remote/target/classes/, file:/tmp/Nopol_Bug_dot_jar_Jackrabbit-Oak_36e70bd7/oak-it/mk/target/classes/, file:/tmp/Nopol_Bug_dot_jar_Jackrabbit-Oak_36e70bd7/oak-jcr/target/classes/, file:/tmp/Nopol_Bug_dot_jar_Jackrabbit-Oak_36e70bd7/oak-sling/target/classes/, file:/tmp/Nopol_Bug_dot_jar_Jackrabbit-Oak_36e70bd7/oak-http/target/classes/, file:/tmp/Nopol_Bug_dot_jar_Jackrabbit-Oak_36e70bd7/oak-run/target/classes/, file:/tmp/Nopol_Bug_dot_jar_Jackrabbit-Oak_36e70bd7/oak-it/osgi/target/classes/, file:/tmp/Nopol_Bug_dot_jar_Jackrabbit-Oak_36e70bd7/oak-bench/base/target/classes/, file:/tmp/Nopol_Bug_dot_jar_Jackrabbit-Oak_36e70bd7/oak-bench/latest/target/classes/, file:/home/tdurieux/.m2/repository/ch/qos/logback/logback-core/1.0.1/logback-core-1.0.1.jar, file:/home/tdurieux/.m2/repository/com/google/guava/guava/13.0.1/guava-13.0.1.jar, file:/home/tdurieux/.m2/repository/org/apache/jackrabbit/oak-http/0.6-SNAPSHOT/oak-http-0.6-SNAPSHOT.jar, file:/home/tdurieux/.m2/repository/org/ops4j/base/ops4j-base-net/1.3.0/ops4j-base-net-1.3.0.jar, file:/home/tdurieux/.m2/repository/org/osgi/org.osgi.core/4.2.0/org.osgi.core-4.2.0.jar, file:/home/tdurieux/.m2/repository/org/sonatype/aether/aether-spi/1.11/aether-spi-1.11.jar, file:/home/tdurieux/.m2/repository/org/ops4j/pax/swissbox/pax-swissbox-optional-jcl/1.5.0/pax-swissbox-optional-jcl-1.5.0.jar, file:/home/tdurieux/.m2/repository/org/slf4j/slf4j-api/1.6.4/slf4j-api-1.6.4.jar, file:/home/tdurieux/.m2/repository/org/mongodb/mongo-java-driver/2.7.1/mongo-java-driver-2.7.1.jar, file:/home/tdurieux/.m2/repository/org/ops4j/pax/exam/pax-exam-junit4/2.4.0/pax-exam-junit4-2.4.0.jar, file:/home/tdurieux/.m2/repository/org/apache/xbean/xbean-reflect/3.4/xbean-reflect-3.4.jar, file:/home/tdurieux/.m2/repository/org/eclipse/jetty/jetty-io/8.1.2.v20120308/jetty-io-8.1.2.v20120308.jar, file:/home/tdurieux/.m2/repository/org/ops4j/base/ops4j-base-lang/1.3.0/ops4j-base-lang-1.3.0.jar, file:/home/tdurieux/.m2/repository/javax/servlet/servlet-api/2.5/servlet-api-2.5.jar, file:/home/tdurieux/.m2/repository/org/ops4j/pax/exam/pax-exam/2.4.0/pax-exam-2.4.0.jar, file:/home/tdurieux/.m2/repository/com/googlecode/json-simple/json-simple/1.1/json-simple-1.1.jar, file:/home/tdurieux/.m2/repository/org/slf4j/slf4j-api/1.5.8/slf4j-api-1.5.8.jar, file:/home/tdurieux/.m2/repository/org/apache/jackrabbit/jackrabbit-spi-commons/2.5.2/jackrabbit-spi-commons-2.5.2.jar, file:/home/tdurieux/.m2/repository/org/apache/maven/maven-model-builder/3.0.3/maven-model-builder-3.0.3.jar, file:/home/tdurieux/.m2/repository/com/google/code/findbugs/jsr305/2.0.0/jsr305-2.0.0.jar, file:/home/tdurieux/.m2/repository/org/apache/jackrabbit/oak-commons/0.6-SNAPSHOT/oak-commons-0.6-SNAPSHOT.jar, file:/home/tdurieux/.m2/repository/org/apache/felix/org.apache.felix.framework/4.0.1/org.apache.felix.framework-4.0.1.jar, file:/home/tdurieux/.m2/repository/org/sonatype/aether/aether-impl/1.11/aether-impl-1.11.jar, file:/home/tdurieux/.m2/repository/org/ops4j/base/ops4j-base-spi/1.3.0/ops4j-base-spi-1.3.0.jar, file:/home/tdurieux/.m2/repository/org/apache/jackrabbit/oak-jcr/0.6-SNAPSHOT/oak-jcr-0.6-SNAPSHOT.jar, file:/home/tdurieux/.m2/repository/org/ops4j/pax/url/pax-url-classpath/1.4.0/pax-url-classpath-1.4.0.jar, file:/home/tdurieux/.m2/repository/org/ops4j/pax/tinybundles/tinybundles/1.0.0/tinybundles-1.0.0.jar, file:/home/tdurieux/.m2/repository/org/ops4j/pax/swissbox/pax-swissbox-core/1.5.0/pax-swissbox-core-1.5.0.jar, file:/home/tdurieux/.m2/repository/org/apache/sling/org.apache.sling.jcr.api/2.1.0/org.apache.sling.jcr.api-2.1.0.jar, file:/home/tdurieux/.m2/repository/org/apache/maven/wagon/wagon-file/1.0-beta-7/wagon-file-1.0-beta-7.jar, file:/home/tdurieux/.m2/repository/org/apache/maven/wagon/wagon-http-shared/1.0-beta-7/wagon-http-shared-1.0-beta-7.jar, file:/home/tdurieux/.m2/repository/org/apache/jackrabbit/oak-mk-api/0.6-SNAPSHOT/oak-mk-api-0.6-SNAPSHOT.jar, file:/home/tdurieux/.m2/repository/com/google/collections/google-collections/1.0/google-collections-1.0.jar, file:/home/tdurieux/.m2/repository/org/slf4j/slf4j-nop/1.5.8/slf4j-nop-1.5.8.jar, file:/home/tdurieux/.m2/repository/com/fasterxml/jackson/core/jackson-databind/2.0.0/jackson-databind-2.0.0.jar, file:/home/tdurieux/.m2/repository/org/apache/jackrabbit/jackrabbit-spi/2.5.2/jackrabbit-spi-2.5.2.jar, file:/home/tdurieux/.m2/repository/org/ops4j/pax/swissbox/pax-swissbox-framework/1.5.0/pax-swissbox-framework-1.5.0.jar, file:/home/tdurieux/.m2/repository/com/fasterxml/jackson/dataformat/jackson-dataformat-smile/2.0.2/jackson-dataformat-smile-2.0.2.jar, file:/home/tdurieux/.m2/repository/commons-logging/commons-logging/1.0.4/commons-logging-1.0.4.jar, file:/home/tdurieux/.m2/repository/org/ops4j/pax/url/pax-url-commons/1.4.0/pax-url-commons-1.4.0.jar, file:/home/tdurieux/.m2/repository/org/sonatype/aether/aether-connector-wagon/1.11/aether-connector-wagon-1.11.jar, file:/home/tdurieux/.m2/repository/asm/asm/3.0/asm-3.0.jar, file:/home/tdurieux/.m2/repository/org/sonatype/aether/aether-api/1.11/aether-api-1.11.jar, file:/home/tdurieux/.m2/repository/biz/aQute/bndlib/1.50.0/bndlib-1.50.0.jar, file:/home/tdurieux/.m2/repository/com/fasterxml/jackson/core/jackson-core/2.0.0/jackson-core-2.0.0.jar, file:/home/tdurieux/.m2/repository/commons-fileupload/commons-fileupload/1.2.1/commons-fileupload-1.2.1.jar, file:/home/tdurieux/.m2/repository/org/hamcrest/hamcrest-core/1.1/hamcrest-core-1.1.jar, file:/home/tdurieux/.m2/repository/javax/jcr/jcr/2.0/jcr-2.0.jar, file:/home/tdurieux/.m2/repository/org/eclipse/jetty/jetty-http/8.1.2.v20120308/jetty-http-8.1.2.v20120308.jar, file:/home/tdurieux/.m2/repository/org/apache/geronimo/specs/geronimo-atinject_1.0_spec/1.0/geronimo-atinject_1.0_spec-1.0.jar, file:/home/tdurieux/.m2/repository/org/ops4j/base/ops4j-base-store/1.3.0/ops4j-base-store-1.3.0.jar, file:/home/tdurieux/.m2/repository/org/apache/felix/org.apache.felix.scr.annotations/1.6.0/org.apache.felix.scr.annotations-1.6.0.jar, file:/home/tdurieux/.m2/repository/org/apache/maven/wagon/wagon-provider-api/1.0-beta-7/wagon-provider-api-1.0-beta-7.jar, file:/home/tdurieux/.m2/repository/org/apache/jackrabbit/oak-it-mk/0.6-SNAPSHOT/oak-it-mk-0.6-SNAPSHOT.jar, file:/home/tdurieux/.m2/repository/commons-codec/commons-codec/1.2/commons-codec-1.2.jar, file:/home/tdurieux/.m2/repository/com/h2database/h2/1.3.158/h2-1.3.158.jar, file:/home/tdurieux/.m2/repository/org/apache/jackrabbit/oak-mk-remote/0.6-SNAPSHOT/oak-mk-remote-0.6-SNAPSHOT.jar, file:/home/tdurieux/.m2/repository/org/slf4j/jcl-over-slf4j/1.6.4/jcl-over-slf4j-1.6.4.jar, file:/home/tdurieux/.m2/repository/concurrent/concurrent/1.3.4/concurrent-1.3.4.jar, file:/home/tdurieux/.m2/repository/org/ops4j/base/ops4j-base-io/1.3.0/ops4j-base-io-1.3.0.jar, file:/home/tdurieux/.m2/repository/org/ops4j/pax/url/pax-url-aether/1.3.3/pax-url-aether-1.3.3.jar, file:/home/tdurieux/.m2/repository/org/eclipse/jetty/orbit/javax.servlet/3.0.0.v201112011016/javax.servlet-3.0.0.v201112011016.jar, file:/home/tdurieux/.m2/repository/org/apache/maven/maven-model/3.0.3/maven-model-3.0.3.jar, file:/home/tdurieux/.m2/repository/org/ops4j/pax/swissbox/pax-swissbox-lifecycle/1.5.0/pax-swissbox-lifecycle-1.5.0.jar, file:/home/tdurieux/.m2/repository/org/ops4j/base/ops4j-base-util-property/1.3.0/ops4j-base-util-property-1.3.0.jar, file:/home/tdurieux/.m2/repository/org/ops4j/pax/url/pax-url-link/1.4.0/pax-url-link-1.4.0.jar, file:/home/tdurieux/.m2/repository/org/eclipse/jetty/jetty-server/8.1.2.v20120308/jetty-server-8.1.2.v20120308.jar, file:/home/tdurieux/.m2/repository/org/apache/maven/maven-aether-provider/3.0.3/maven-aether-provider-3.0.3.jar, file:/home/tdurieux/.m2/repository/org/apache/jackrabbit/jackrabbit-jcr-tests/2.5.2/jackrabbit-jcr-tests-2.5.2.jar, file:/home/tdurieux/.m2/repository/org/apache/jackrabbit/jackrabbit-api/2.5.2/jackrabbit-api-2.5.2.jar, file:/home/tdurieux/.m2/repository/org/eclipse/jetty/jetty-util/8.1.2.v20120308/jetty-util-8.1.2.v20120308.jar, file:/home/tdurieux/.m2/repository/org/ops4j/base/ops4j-base-monitors/1.3.0/ops4j-base-monitors-1.3.0.jar, file:/home/tdurieux/.m2/repository/org/apache/jackrabbit/oak-mk/0.6-SNAPSHOT/oak-mk-0.6-SNAPSHOT.jar, file:/home/tdurieux/.m2/repository/org/sonatype/aether/aether-util/1.11/aether-util-1.11.jar, file:/home/tdurieux/.m2/repository/org/eclipse/jetty/jetty-servlet/8.1.2.v20120308/jetty-servlet-8.1.2.v20120308.jar, file:/home/tdurieux/.m2/repository/commons-httpclient/commons-httpclient/3.1/commons-httpclient-3.1.jar, file:/home/tdurieux/.m2/repository/org/ops4j/base/ops4j-base-exec/1.3.0/ops4j-base-exec-1.3.0.jar, file:/home/tdurieux/.m2/repository/org/ops4j/pax/exam/pax-exam-link-assembly/2.4.0/pax-exam-link-assembly-2.4.0.jar, file:/home/tdurieux/.m2/repository/org/apache/lucene/lucene-analyzers-common/4.0.0-ALPHA/lucene-analyzers-common-4.0.0-ALPHA.jar, file:/home/tdurieux/.m2/repository/org/codehaus/plexus/plexus-classworlds/2.4/plexus-classworlds-2.4.jar, file:/home/tdurieux/.m2/repository/org/osgi/org.osgi.compendium/4.2.0/org.osgi.compendium-4.2.0.jar, file:/home/tdurieux/.m2/repository/commons-io/commons-io/1.4/commons-io-1.4.jar, file:/home/tdurieux/.m2/repository/org/codehaus/plexus/plexus-interpolation/1.14/plexus-interpolation-1.14.jar, file:/home/tdurieux/.m2/repository/org/apache/maven/wagon/wagon-http-lightweight/1.0-beta-7/wagon-http-lightweight-1.0-beta-7.jar, file:/home/tdurieux/.m2/repository/org/apache/commons/commons-math/2.0/commons-math-2.0.jar, file:/home/tdurieux/.m2/repository/org/eclipse/jetty/jetty-security/8.1.2.v20120308/jetty-security-8.1.2.v20120308.jar, file:/home/tdurieux/.m2/repository/org/eclipse/jetty/jetty-continuation/8.1.2.v20120308/jetty-continuation-8.1.2.v20120308.jar, file:/home/tdurieux/.m2/repository/org/apache/maven/maven-repository-metadata/3.0.3/maven-repository-metadata-3.0.3.jar, file:/home/tdurieux/.m2/repository/org/apache/lucene/lucene-analyzers-common/4.0.0-BETA/lucene-analyzers-common-4.0.0-BETA.jar, file:/home/tdurieux/.m2/repository/ch/qos/logback/logback-classic/1.0.1/logback-classic-1.0.1.jar, file:/home/tdurieux/.m2/repository/com/fasterxml/jackson/core/jackson-annotations/2.0.0/jackson-annotations-2.0.0.jar, file:/home/tdurieux/.m2/repository/org/apache/jackrabbit/oak-core/0.6-SNAPSHOT/oak-core-0.6-SNAPSHOT.jar, file:/home/tdurieux/.m2/repository/org/codehaus/plexus/plexus-utils/2.0.5/plexus-utils-2.0.5.jar, file:/home/tdurieux/.m2/repository/org/apache/lucene/lucene-core/4.0.0-BETA/lucene-core-4.0.0-BETA.jar, file:/home/tdurieux/.m2/repository/org/slf4j/slf4j-simple/1.6.1/slf4j-simple-1.6.1.jar, file:/home/tdurieux/.m2/repository/org/apache/jackrabbit/jackrabbit-jcr-server/2.5.2/jackrabbit-jcr-server-2.5.2.jar, file:/home/tdurieux/.m2/repository/org/ops4j/pax/exam/pax-exam-container-native/2.4.0/pax-exam-container-native-2.4.0.jar, file:/home/tdurieux/.m2/repository/org/ops4j/pax/swissbox/pax-swissbox-property/1.5.0/pax-swissbox-property-1.5.0.jar, file:/home/tdurieux/.m2/repository/org/apache/lucene/lucene-core/4.0.0-ALPHA/lucene-core-4.0.0-ALPHA.jar, file:/home/tdurieux/.m2/repository/org/codehaus/plexus/plexus-component-annotations/1.5.5/plexus-component-annotations-1.5.5.jar, file:/home/tdurieux/.m2/repository/junit/junit/4.10/junit-4.10.jar, file:/home/tdurieux/.m2/repository/org/apache/jackrabbit/jackrabbit-jcr-commons/2.5.2/jackrabbit-jcr-commons-2.5.2.jar, file:/home/tdurieux/.m2/repository/org/ops4j/pax/exam/pax-exam-spi/2.4.0/pax-exam-spi-2.4.0.jar, file:/home/tdurieux/.m2/repository/org/apache/jackrabbit/oak-bench-base/0.6-SNAPSHOT/oak-bench-base-0.6-SNAPSHOT.jar, file:/home/tdurieux/.m2/repository/org/apache/tika/tika-core/1.2/tika-core-1.2.jar, file:/home/tdurieux/.m2/repository/org/apache/tika/tika-core/1.1/tika-core-1.1.jar, file:/home/tdurieux/.m2/repository/org/codehaus/plexus/plexus-container-default/1.5.4/plexus-container-default-1.5.4.jar, file:/home/tdurieux/.m2/repository/commons-collections/commons-collections/3.2.1/commons-collections-3.2.1.jar, file:/home/tdurieux/.m2/repository/org/apache/jackrabbit/jackrabbit-webdav/2.5.2/jackrabbit-webdav-2.5.2.jar, file:/home/tdurieux/defects4j4repair/script/../repair_tools/nopol.jar]
11:08:53.417 [main] INFO  fr.inria.lille.repair.nopol.NoPol - Statement type: PRE_THEN_COND
11:08:53.417 [main] INFO  fr.inria.lille.repair.nopol.NoPol - Args: [org.apache.jackrabbit.mk.test.DataStoreIT, org.apache.jackrabbit.mk.test.MicroKernelIT, org.apache.jackrabbit.oak.api.ContentSessionTest, org.apache.jackrabbit.oak.api.QueryTest, org.apache.jackrabbit.oak.api.RootTest, org.apache.jackrabbit.oak.api.TreeTest, org.apache.jackrabbit.oak.api.UniquePropertyTest, org.apache.jackrabbit.oak.core.DefaultConflictHandlerTest, org.apache.jackrabbit.oak.core.RootImplFuzzIT, org.apache.jackrabbit.oak.core.RootImplTest, org.apache.jackrabbit.oak.core.TreeImplTest, org.apache.jackrabbit.oak.kernel.JsopDiffTest, org.apache.jackrabbit.oak.kernel.KernelNodeStateTest, org.apache.jackrabbit.oak.kernel.KernelNodeStoreTest, org.apache.jackrabbit.oak.kernel.LargeKernelNodeStateTest, org.apache.jackrabbit.oak.namepath.NamePathMapperImplTest, org.apache.jackrabbit.oak.plugins.index.IndexHookManagerTest, org.apache.jackrabbit.oak.plugins.index.lucene.LuceneIndexQueryTest, org.apache.jackrabbit.oak.plugins.index.lucene.LuceneIndexTest, org.apache.jackrabbit.oak.plugins.index.old.IndexTest, org.apache.jackrabbit.oak.plugins.index.old.PrefixIndexTest, org.apache.jackrabbit.oak.plugins.index.old.PropertyIndexTest, org.apache.jackrabbit.oak.plugins.index.old.QueryTest, org.apache.jackrabbit.oak.plugins.index.old.mk.ConflictingMoveTest, org.apache.jackrabbit.oak.plugins.index.old.mk.EverythingIT, org.apache.jackrabbit.oak.plugins.index.old.mk.LargeObjectTest, org.apache.jackrabbit.oak.plugins.index.old.mk.MoveNodeIT, org.apache.jackrabbit.oak.plugins.index.old.mk.hash.HashTest, org.apache.jackrabbit.oak.plugins.index.old.mk.json.fast.JsopObjectTest, org.apache.jackrabbit.oak.plugins.index.old.mk.large.CreateNodesTraverseTest, org.apache.jackrabbit.oak.plugins.index.old.mk.large.CreateRandomNodesTraverseTest, org.apache.jackrabbit.oak.plugins.index.old.mk.large.DescendantCountTest, org.apache.jackrabbit.oak.plugins.index.old.mk.large.LargeNodeTest, org.apache.jackrabbit.oak.plugins.index.old.mk.large.ManyRevisionsTest, org.apache.jackrabbit.oak.plugins.index.old.mk.mem.MemoryNodeTest, org.apache.jackrabbit.oak.plugins.index.old.mk.simple.AscendingClockTest, org.apache.jackrabbit.oak.plugins.index.old.mk.simple.MoveNodeIT, org.apache.jackrabbit.oak.plugins.index.old.mk.simple.NodeVersionTest, org.apache.jackrabbit.oak.plugins.index.old.mk.simple.SimpleKernelTest, org.apache.jackrabbit.oak.plugins.index.old.mk.wrapper.IndexWrapperTest, org.apache.jackrabbit.oak.plugins.index.old.mk.wrapper.SecurityWrapperTest, org.apache.jackrabbit.oak.plugins.index.old.mk.wrapper.VirtualRepositoryWrapperTest, org.apache.jackrabbit.oak.plugins.index.property.PropertyIndexQueryTest, org.apache.jackrabbit.oak.plugins.index.property.PropertyIndexTest, org.apache.jackrabbit.oak.plugins.memory.MemoryNodeBuilderTest, org.apache.jackrabbit.oak.plugins.memory.MemoryPropertyBuilderTest, org.apache.jackrabbit.oak.plugins.name.NameValidatorTest, org.apache.jackrabbit.oak.plugins.name.ReadWriteNamespaceRegistryTest, org.apache.jackrabbit.oak.query.ast.FullTextTest, org.apache.jackrabbit.oak.query.ast.LikePatternTest, org.apache.jackrabbit.oak.query.index.FilterTest, org.apache.jackrabbit.oak.query.index.TraversingIndexQueryTest, org.apache.jackrabbit.oak.query.index.TraversingIndexTest, org.apache.jackrabbit.oak.security.ConfigurationParametersTest, org.apache.jackrabbit.oak.security.authentication.DefaultLoginModuleTest, org.apache.jackrabbit.oak.security.authentication.GuestDefaultLoginModuleTest, org.apache.jackrabbit.oak.security.authentication.TokenDefaultLoginModuleTest, org.apache.jackrabbit.oak.security.authentication.TokenLoginModuleTest, org.apache.jackrabbit.oak.security.authentication.token.TokenAuthenticationTest, org.apache.jackrabbit.oak.security.authentication.token.TokenInfoTest, org.apache.jackrabbit.oak.security.authentication.token.TokenProviderImplTest, org.apache.jackrabbit.oak.security.authentication.user.UserAuthenticationTest, org.apache.jackrabbit.oak.security.principal.PrincipalProviderImplTest, org.apache.jackrabbit.oak.security.user.UserManagerImplTest, org.apache.jackrabbit.oak.security.user.UserProviderTest, org.apache.jackrabbit.oak.security.user.UserValidatorTest, org.apache.jackrabbit.oak.spi.commit.SubtreeValidatorTest, org.apache.jackrabbit.oak.spi.security.authentication.AbstractLoginModuleTest, org.apache.jackrabbit.oak.spi.security.authentication.GuestLoginModuleTest, org.apache.jackrabbit.oak.spi.security.authentication.external.ExternalLoginModuleTest, org.apache.jackrabbit.oak.spi.security.principal.EveryonePrincipalTest, org.apache.jackrabbit.oak.spi.security.user.action.PasswordValidationActionTest, org.apache.jackrabbit.oak.spi.security.user.util.PasswordUtilityTest, org.apache.jackrabbit.oak.util.ArrayUtilsTest, org.apache.jackrabbit.oak.util.JsopUtilTest]
11:08:53.419 [main] INFO  fr.inria.lille.repair.nopol.NoPol - Config: Config{synthesisDepth=3, collectStaticMethods=true, collectStaticFields=false, collectLiterals=false, onlyOneSynthesisResult=true, sortExpressions=true, maxLineInvocationPerTest=250, timeoutMethodInvocation=2000, dataCollectionTimeoutInSecondForSynthesis=900, addWeight=0.19478, subWeight=0.04554, mulWeight=0.0102, divWeight=0.00613, andWeight=0.10597, orWeight=0.05708, eqWeight=0.22798, nEqWeight=0.0, lessEqWeight=0.0255, lessWeight=0.0947, methodCallWeight=0.1, fieldAccessWeight=0.08099, constantWeight=0.14232, variableWeight=0.05195, mode=REPAIR, type=PRE_THEN_COND, synthesis=SMT, oracle=ANGELIC, solver=Z3, solverPath='/home/tdurieux/defects4j4repair/script/../libs/z3/build/z3', projectSources=[oak-core/src/main/java], projectClasspath='[Ljava.net.URL;@66d33a', projectTests=[org.apache.jackrabbit.mk.test.DataStoreIT, org.apache.jackrabbit.mk.test.MicroKernelIT, org.apache.jackrabbit.oak.api.ContentSessionTest, org.apache.jackrabbit.oak.api.QueryTest, org.apache.jackrabbit.oak.api.RootTest, org.apache.jackrabbit.oak.api.TreeTest, org.apache.jackrabbit.oak.api.UniquePropertyTest, org.apache.jackrabbit.oak.core.DefaultConflictHandlerTest, org.apache.jackrabbit.oak.core.RootImplFuzzIT, org.apache.jackrabbit.oak.core.RootImplTest, org.apache.jackrabbit.oak.core.TreeImplTest, org.apache.jackrabbit.oak.kernel.JsopDiffTest, org.apache.jackrabbit.oak.kernel.KernelNodeStateTest, org.apache.jackrabbit.oak.kernel.KernelNodeStoreTest, org.apache.jackrabbit.oak.kernel.LargeKernelNodeStateTest, org.apache.jackrabbit.oak.namepath.NamePathMapperImplTest, org.apache.jackrabbit.oak.plugins.index.IndexHookManagerTest, org.apache.jackrabbit.oak.plugins.index.lucene.LuceneIndexQueryTest, org.apache.jackrabbit.oak.plugins.index.lucene.LuceneIndexTest, org.apache.jackrabbit.oak.plugins.index.old.IndexTest, org.apache.jackrabbit.oak.plugins.index.old.PrefixIndexTest, org.apache.jackrabbit.oak.plugins.index.old.PropertyIndexTest, org.apache.jackrabbit.oak.plugins.index.old.QueryTest, org.apache.jackrabbit.oak.plugins.index.old.mk.ConflictingMoveTest, org.apache.jackrabbit.oak.plugins.index.old.mk.EverythingIT, org.apache.jackrabbit.oak.plugins.index.old.mk.LargeObjectTest, org.apache.jackrabbit.oak.plugins.index.old.mk.MoveNodeIT, org.apache.jackrabbit.oak.plugins.index.old.mk.hash.HashTest, org.apache.jackrabbit.oak.plugins.index.old.mk.json.fast.JsopObjectTest, org.apache.jackrabbit.oak.plugins.index.old.mk.large.CreateNodesTraverseTest, org.apache.jackrabbit.oak.plugins.index.old.mk.large.CreateRandomNodesTraverseTest, org.apache.jackrabbit.oak.plugins.index.old.mk.large.DescendantCountTest, org.apache.jackrabbit.oak.plugins.index.old.mk.large.LargeNodeTest, org.apache.jackrabbit.oak.plugins.index.old.mk.large.ManyRevisionsTest, org.apache.jackrabbit.oak.plugins.index.old.mk.mem.MemoryNodeTest, org.apache.jackrabbit.oak.plugins.index.old.mk.simple.AscendingClockTest, org.apache.jackrabbit.oak.plugins.index.old.mk.simple.MoveNodeIT, org.apache.jackrabbit.oak.plugins.index.old.mk.simple.NodeVersionTest, org.apache.jackrabbit.oak.plugins.index.old.mk.simple.SimpleKernelTest, org.apache.jackrabbit.oak.plugins.index.old.mk.wrapper.IndexWrapperTest, org.apache.jackrabbit.oak.plugins.index.old.mk.wrapper.SecurityWrapperTest, org.apache.jackrabbit.oak.plugins.index.old.mk.wrapper.VirtualRepositoryWrapperTest, org.apache.jackrabbit.oak.plugins.index.property.PropertyIndexQueryTest, org.apache.jackrabbit.oak.plugins.index.property.PropertyIndexTest, org.apache.jackrabbit.oak.plugins.memory.MemoryNodeBuilderTest, org.apache.jackrabbit.oak.plugins.memory.MemoryPropertyBuilderTest, org.apache.jackrabbit.oak.plugins.name.NameValidatorTest, org.apache.jackrabbit.oak.plugins.name.ReadWriteNamespaceRegistryTest, org.apache.jackrabbit.oak.query.ast.FullTextTest, org.apache.jackrabbit.oak.query.ast.LikePatternTest, org.apache.jackrabbit.oak.query.index.FilterTest, org.apache.jackrabbit.oak.query.index.TraversingIndexQueryTest, org.apache.jackrabbit.oak.query.index.TraversingIndexTest, org.apache.jackrabbit.oak.security.ConfigurationParametersTest, org.apache.jackrabbit.oak.security.authentication.DefaultLoginModuleTest, org.apache.jackrabbit.oak.security.authentication.GuestDefaultLoginModuleTest, org.apache.jackrabbit.oak.security.authentication.TokenDefaultLoginModuleTest, org.apache.jackrabbit.oak.security.authentication.TokenLoginModuleTest, org.apache.jackrabbit.oak.security.authentication.token.TokenAuthenticationTest, org.apache.jackrabbit.oak.security.authentication.token.TokenInfoTest, org.apache.jackrabbit.oak.security.authentication.token.TokenProviderImplTest, org.apache.jackrabbit.oak.security.authentication.user.UserAuthenticationTest, org.apache.jackrabbit.oak.security.principal.PrincipalProviderImplTest, org.apache.jackrabbit.oak.security.user.UserManagerImplTest, org.apache.jackrabbit.oak.security.user.UserProviderTest, org.apache.jackrabbit.oak.security.user.UserValidatorTest, org.apache.jackrabbit.oak.spi.commit.SubtreeValidatorTest, org.apache.jackrabbit.oak.spi.security.authentication.AbstractLoginModuleTest, org.apache.jackrabbit.oak.spi.security.authentication.GuestLoginModuleTest, org.apache.jackrabbit.oak.spi.security.authentication.external.ExternalLoginModuleTest, org.apache.jackrabbit.oak.spi.security.principal.EveryonePrincipalTest, org.apache.jackrabbit.oak.spi.security.user.action.PasswordValidationActionTest, org.apache.jackrabbit.oak.spi.security.user.util.PasswordUtilityTest, org.apache.jackrabbit.oak.util.ArrayUtilsTest, org.apache.jackrabbit.oak.util.JsopUtilTest], complianceLevel=7, outputFolder=., json=true}
11:08:53.419 [main] INFO  fr.inria.lille.repair.nopol.NoPol - Available processors (cores): 4
11:08:53.424 [main] INFO  fr.inria.lille.repair.nopol.NoPol - Free memory: 909 MB
11:08:53.425 [main] INFO  fr.inria.lille.repair.nopol.NoPol - Maximum memory: 3 GB
11:08:53.425 [main] INFO  fr.inria.lille.repair.nopol.NoPol - Total memory available to JVM: 981 MB
11:08:53.425 [main] INFO  fr.inria.lille.repair.nopol.NoPol - Java version: 1.8.0_181
11:08:53.426 [main] INFO  fr.inria.lille.repair.nopol.NoPol - JAVA_HOME: /usr/lib/jvm/java-1.8.0-openjdk-amd64/bin/
11:08:53.426 [main] INFO  fr.inria.lille.repair.nopol.NoPol - PATH: /usr/lib/jvm/java-1.8.0-openjdk-amd64/bin/:/usr/lib/oar/oardodo:/usr/lib/oar/oardodo:/usr/local/bin:/usr/bin:/bin:/usr/games
11:10:08.277 [pool-2-thread-1] DEBUG fr.inria.lille.repair.nopol.NoPol - statement #1
11:10:08.278 [pool-2-thread-1] DEBUG fr.inria.lille.repair.nopol.NoPol - Analysing SourceLocation org.apache.jackrabbit.mk.test.AbstractMicroKernelIT:65 which is executed by 2 tests
11:10:08.278 [pool-2-thread-1] DEBUG fr.inria.lille.repair.nopol.NoPol - cannot spoon SourceLocation org.apache.jackrabbit.mk.test.AbstractMicroKernelIT:65
11:10:08.278 [pool-2-thread-1] DEBUG fr.inria.lille.repair.nopol.NoPol - statement #2
11:10:08.278 [pool-2-thread-1] DEBUG fr.inria.lille.repair.nopol.NoPol - Analysing SourceLocation org.apache.jackrabbit.mk.test.AbstractMicroKernelIT:61 which is executed by 2 tests
11:10:08.278 [pool-2-thread-1] DEBUG fr.inria.lille.repair.nopol.NoPol - cannot spoon SourceLocation org.apache.jackrabbit.mk.test.AbstractMicroKernelIT:61
11:10:08.278 [pool-2-thread-1] DEBUG fr.inria.lille.repair.nopol.NoPol - statement #3
11:10:08.279 [pool-2-thread-1] DEBUG fr.inria.lille.repair.nopol.NoPol - Analysing SourceLocation org.apache.jackrabbit.mk.test.AbstractMicroKernelIT:59 which is executed by 2 tests
11:10:08.279 [pool-2-thread-1] DEBUG fr.inria.lille.repair.nopol.NoPol - cannot spoon SourceLocation org.apache.jackrabbit.mk.test.AbstractMicroKernelIT:59
11:10:08.279 [pool-2-thread-1] DEBUG fr.inria.lille.repair.nopol.NoPol - statement #4
11:10:08.279 [pool-2-thread-1] DEBUG fr.inria.lille.repair.nopol.NoPol - Analysing SourceLocation org.apache.jackrabbit.mk.test.AbstractMicroKernelIT:58 which is executed by 2 tests
11:10:08.279 [pool-2-thread-1] DEBUG fr.inria.lille.repair.nopol.NoPol - cannot spoon SourceLocation org.apache.jackrabbit.mk.test.AbstractMicroKernelIT:58
11:10:08.279 [pool-2-thread-1] DEBUG fr.inria.lille.repair.nopol.NoPol - statement #5
11:10:08.279 [pool-2-thread-1] DEBUG fr.inria.lille.repair.nopol.NoPol - Analysing SourceLocation org.apache.jackrabbit.mk.test.AbstractMicroKernelIT:57 which is executed by 2 tests
11:10:08.279 [pool-2-thread-1] DEBUG fr.inria.lille.repair.nopol.NoPol - cannot spoon SourceLocation org.apache.jackrabbit.mk.test.AbstractMicroKernelIT:57
11:10:08.280 [pool-2-thread-1] DEBUG fr.inria.lille.repair.nopol.NoPol - statement #6
11:10:08.280 [pool-2-thread-1] DEBUG fr.inria.lille.repair.nopol.NoPol - Analysing SourceLocation org.apache.jackrabbit.mk.test.AbstractMicroKernelIT:55 which is executed by 2 tests
11:10:08.280 [pool-2-thread-1] DEBUG fr.inria.lille.repair.nopol.NoPol - cannot spoon SourceLocation org.apache.jackrabbit.mk.test.AbstractMicroKernelIT:55
11:10:08.280 [pool-2-thread-1] DEBUG fr.inria.lille.repair.nopol.NoPol - statement #7
11:10:08.280 [pool-2-thread-1] DEBUG fr.inria.lille.repair.nopol.NoPol - Analysing SourceLocation org.apache.jackrabbit.oak.plugins.memory.MemoryNodeBuilder:272 which is executed by 2 tests
-308272295
11:10:08.894 [pool-2-thread-1] DEBUG fr.inria.lille.repair.nopol.NoPol - statement #8
11:10:08.895 [pool-2-thread-1] DEBUG fr.inria.lille.repair.nopol.NoPol - Analysing SourceLocation org.apache.jackrabbit.oak.plugins.memory.MemoryNodeBuilder:268 which is executed by 2 tests
-308272295
11:10:09.077 [pool-2-thread-1] DEBUG fr.inria.lille.repair.nopol.NoPol - looking with class fr.inria.lille.repair.nopol.spoon.smt.ConditionalAdder
junit.framework.AssertionFailedError
    at junit.framework.Assert.fail(Assert.java:55)
    at junit.framework.Assert.assertTrue(Assert.java:22)
    at junit.framework.Assert.assertFalse(Assert.java:39)
    at junit.framework.Assert.assertFalse(Assert.java:47)
    at org.apache.jackrabbit.oak.plugins.memory.MemoryNodeBuilderTest.testReset2(MemoryNodeBuilderTest.java:139)
    at sun.reflect.NativeMethodAccessorImpl.invoke0(Native Method)
11:10:09.129 [pool-4-thread-1] INFO  xxl.java.junit.TestCasesListener - Tests run finished (27 ms)
<> Total tests run: 7
<> Ignored tests: 0
<> Failed tests: 1
~ testReset2(org.apache.jackrabbit.oak.plugins.memory.MemoryNodeBuilderTest)
[null]
junit.framework.AssertionFailedError    at junit.framework.Assert.fail(Assert.java:55)
    at junit.framework.Assert.assertTrue(Assert.java:22)
    at junit.framework.Assert.assertFalse(Assert.java:39)
    at junit.framework.Assert.assertFalse(Assert.java:47)
    at org.apache.jackrabbit.oak.plugins.memory.MemoryNodeBuilderTest.testReset2(MemoryNodeBuilderTest.java:139)
    at sun.reflect.NativeMethodAccessorImpl.invoke0(Native Method)

11:10:11.098 [pool-5-thread-1] INFO  f.i.l.c.t.SpecificationTestCasesListener - Tests run finished (22 ms)
<> Total tests run: 1
<> Ignored tests: 0
<> Failed tests: 0

junit.framework.AssertionFailedError
    at junit.framework.Assert.fail(Assert.java:55)
    at junit.framework.Assert.assertTrue(Assert.java:22)
    at junit.framework.Assert.assertFalse(Assert.java:39)
    at junit.framework.Assert.assertFalse(Assert.java:47)
    at org.apache.jackrabbit.oak.plugins.memory.MemoryNodeBuilderTest.testReset2(MemoryNodeBuilderTest.java:139)
    at sun.reflect.NativeMethodAccessorImpl.invoke0(Native Method)
11:10:11.101 [pool-6-thread-1] INFO  f.i.l.c.t.SpecificationTestCasesListener - Tests run finished (1 ms)
<> Total tests run: 1
<> Ignored tests: 0
<> Failed tests: 1
~ testReset2(org.apache.jackrabbit.oak.plugins.memory.MemoryNodeBuilderTest)
[null]
junit.framework.AssertionFailedError    at junit.framework.Assert.fail(Assert.java:55)
    at junit.framework.Assert.assertTrue(Assert.java:22)
    at junit.framework.Assert.assertFalse(Assert.java:39)
    at junit.framework.Assert.assertFalse(Assert.java:47)
    at org.apache.jackrabbit.oak.plugins.memory.MemoryNodeBuilderTest.testReset2(MemoryNodeBuilderTest.java:139)
    at sun.reflect.NativeMethodAccessorImpl.invoke0(Native Method)

11:10:11.103 [pool-7-thread-1] INFO  f.i.l.r.n.s.ConstraintModelBuilder$1PassingListener - Tests run finished (0 ms)
<> Total tests run: 1
<> Ignored tests: 0
<> Failed tests: 0

11:10:11.105 [pool-8-thread-1] INFO  f.i.l.r.n.s.ConstraintModelBuilder$1PassingListener - Tests run finished (0 ms)
<> Total tests run: 1
<> Ignored tests: 0
<> Failed tests: 0

11:10:11.106 [pool-9-thread-1] INFO  f.i.l.r.n.s.ConstraintModelBuilder$1PassingListener - Tests run finished (0 ms)
<> Total tests run: 1
<> Ignored tests: 0
<> Failed tests: 0

junit.framework.AssertionFailedError
    at junit.framework.Assert.fail(Assert.java:55)
    at junit.framework.Assert.assertTrue(Assert.java:22)
    at junit.framework.Assert.assertFalse(Assert.java:39)
    at junit.framework.Assert.assertFalse(Assert.java:47)
    at org.apache.jackrabbit.oak.plugins.memory.MemoryNodeBuilderTest.testReset2(MemoryNodeBuilderTest.java:139)
    at sun.reflect.NativeMethodAccessorImpl.invoke0(Native Method)
11:10:11.108 [pool-10-thread-1] INFO  f.i.l.r.n.s.ConstraintModelBuilder$1PassingListener - Tests run finished (1 ms)
<> Total tests run: 1
<> Ignored tests: 0
<> Failed tests: 1
~ testReset2(org.apache.jackrabbit.oak.plugins.memory.MemoryNodeBuilderTest)
[null]
junit.framework.AssertionFailedError    at junit.framework.Assert.fail(Assert.java:55)
    at junit.framework.Assert.assertTrue(Assert.java:22)
    at junit.framework.Assert.assertFalse(Assert.java:39)
    at junit.framework.Assert.assertFalse(Assert.java:47)
    at org.apache.jackrabbit.oak.plugins.memory.MemoryNodeBuilderTest.testReset2(MemoryNodeBuilderTest.java:139)
    at sun.reflect.NativeMethodAccessorImpl.invoke0(Native Method)

11:10:11.108 [pool-3-thread-1] INFO  f.i.l.r.n.synth.SMTNopolSynthesizer - Not enough specifications: 1. A trivial patch is "true" or "false", please write new tests specifying SourceLocation org.apache.jackrabbit.oak.plugins.memory.MemoryNodeBuilder:268.
11:10:11.109 [pool-2-thread-1] DEBUG fr.inria.lille.repair.nopol.NoPol - statement #9
11:10:11.109 [pool-2-thread-1] DEBUG fr.inria.lille.repair.nopol.NoPol - Analysing SourceLocation org.apache.jackrabbit.oak.plugins.memory.MemoryNodeBuilder:267 which is executed by 2 tests
-308272295
11:10:11.310 [pool-2-thread-1] DEBUG fr.inria.lille.repair.nopol.NoPol - looking with class fr.inria.lille.repair.nopol.spoon.smt.ConditionalAdder
junit.framework.AssertionFailedError
    at junit.framework.Assert.fail(Assert.java:55)
    at junit.framework.Assert.assertTrue(Assert.java:22)
    at junit.framework.Assert.assertFalse(Assert.java:39)
    at junit.framework.Assert.assertFalse(Assert.java:47)
    at org.apache.jackrabbit.oak.plugins.memory.MemoryNodeBuilderTest.testReset2(MemoryNodeBuilderTest.java:139)
    at sun.reflect.NativeMethodAccessorImpl.invoke0(Native Method)
11:10:11.334 [pool-12-thread-1] INFO  xxl.java.junit.TestCasesListener - Tests run finished (21 ms)
<> Total tests run: 7
<> Ignored tests: 0
<> Failed tests: 1
~ testReset2(org.apache.jackrabbit.oak.plugins.memory.MemoryNodeBuilderTest)
[null]
junit.framework.AssertionFailedError    at junit.framework.Assert.fail(Assert.java:55)
    at junit.framework.Assert.assertTrue(Assert.java:22)
    at junit.framework.Assert.assertFalse(Assert.java:39)
    at junit.framework.Assert.assertFalse(Assert.java:47)
    at org.apache.jackrabbit.oak.plugins.memory.MemoryNodeBuilderTest.testReset2(MemoryNodeBuilderTest.java:139)
    at sun.reflect.NativeMethodAccessorImpl.invoke0(Native Method)

junit.framework.AssertionFailedError
    at junit.framework.Assert.fail(Assert.java:55)
    at junit.framework.Assert.assertTrue(Assert.java:22)
    at junit.framework.Assert.assertFalse(Assert.java:39)
    at junit.framework.Assert.assertFalse(Assert.java:47)
    at org.apache.jackrabbit.oak.plugins.memory.MemoryNodeBuilderTest.testReset2(MemoryNodeBuilderTest.java:139)
    at sun.reflect.NativeMethodAccessorImpl.invoke0(Native Method)
11:10:11.856 [pool-13-thread-1] INFO  f.i.l.c.t.SpecificationTestCasesListener - Tests run finished (19 ms)
<> Total tests run: 1
<> Ignored tests: 0
<> Failed tests: 1
~ testReset2(org.apache.jackrabbit.oak.plugins.memory.MemoryNodeBuilderTest)
[null]
junit.framework.AssertionFailedError    at junit.framework.Assert.fail(Assert.java:55)
    at junit.framework.Assert.assertTrue(Assert.java:22)
    at junit.framework.Assert.assertFalse(Assert.java:39)
    at junit.framework.Assert.assertFalse(Assert.java:47)
    at org.apache.jackrabbit.oak.plugins.memory.MemoryNodeBuilderTest.testReset2(MemoryNodeBuilderTest.java:139)
    at sun.reflect.NativeMethodAccessorImpl.invoke0(Native Method)

junit.framework.AssertionFailedError
    at junit.framework.Assert.fail(Assert.java:55)
    at junit.framework.Assert.assertTrue(Assert.java:22)
    at junit.framework.Assert.assertFalse(Assert.java:39)
    at junit.framework.Assert.assertFalse(Assert.java:47)
    at org.apache.jackrabbit.oak.plugins.memory.MemoryNodeBuilderTest.testReset2(MemoryNodeBuilderTest.java:139)
    at sun.reflect.NativeMethodAccessorImpl.invoke0(Native Method)
11:10:11.860 [pool-14-thread-1] INFO  f.i.l.c.t.SpecificationTestCasesListener - Tests run finished (0 ms)
<> Total tests run: 1
<> Ignored tests: 0
<> Failed tests: 1
~ testReset2(org.apache.jackrabbit.oak.plugins.memory.MemoryNodeBuilderTest)
[null]
junit.framework.AssertionFailedError    at junit.framework.Assert.fail(Assert.java:55)
    at junit.framework.Assert.assertTrue(Assert.java:22)
    at junit.framework.Assert.assertFalse(Assert.java:39)
    at junit.framework.Assert.assertFalse(Assert.java:47)
    at org.apache.jackrabbit.oak.plugins.memory.MemoryNodeBuilderTest.testReset2(MemoryNodeBuilderTest.java:139)
    at sun.reflect.NativeMethodAccessorImpl.invoke0(Native Method)

11:10:11.861 [pool-11-thread-1] DEBUG tests.output - Failing tests with false: 
[testReset2(org.apache.jackrabbit.oak.plugins.memory.MemoryNodeBuilderTest): null]
11:10:11.861 [pool-11-thread-1] DEBUG tests.output - Failing tests with true: 
[testReset2(org.apache.jackrabbit.oak.plugins.memory.MemoryNodeBuilderTest): null]
11:10:11.861 [pool-11-thread-1] INFO  f.i.l.r.n.synth.SMTNopolSynthesizer - Not enough specifications: 0. A trivial patch is "true" or "false", please write new tests specifying SourceLocation org.apache.jackrabbit.oak.plugins.memory.MemoryNodeBuilder:267.
11:10:11.861 [pool-2-thread-1] DEBUG fr.inria.lille.repair.nopol.NoPol - statement #10
11:10:11.862 [pool-2-thread-1] DEBUG fr.inria.lille.repair.nopol.NoPol - Analysing SourceLocation org.apache.jackrabbit.oak.plugins.memory.MemoryNodeBuilder:266 which is executed by 2 tests
-308272295
11:10:12.027 [pool-2-thread-1] DEBUG fr.inria.lille.repair.nopol.NoPol - looking with class fr.inria.lille.repair.nopol.spoon.smt.ConditionalAdder
junit.framework.AssertionFailedError
    at junit.framework.Assert.fail(Assert.java:55)
    at junit.framework.Assert.assertTrue(Assert.java:22)
    at junit.framework.Assert.assertFalse(Assert.java:39)
    at junit.framework.Assert.assertFalse(Assert.java:47)
    at org.apache.jackrabbit.oak.plugins.memory.MemoryNodeBuilderTest.testReset2(MemoryNodeBuilderTest.java:139)
    at sun.reflect.NativeMethodAccessorImpl.invoke0(Native Method)
11:10:12.051 [pool-16-thread-1] INFO  xxl.java.junit.TestCasesListener - Tests run finished (21 ms)
<> Total tests run: 7
<> Ignored tests: 0
<> Failed tests: 1
~ testReset2(org.apache.jackrabbit.oak.plugins.memory.MemoryNodeBuilderTest)
[null]
junit.framework.AssertionFailedError    at junit.framework.Assert.fail(Assert.java:55)
    at junit.framework.Assert.assertTrue(Assert.java:22)
    at junit.framework.Assert.assertFalse(Assert.java:39)
    at junit.framework.Assert.assertFalse(Assert.java:47)
    at org.apache.jackrabbit.oak.plugins.memory.MemoryNodeBuilderTest.testReset2(MemoryNodeBuilderTest.java:139)
    at sun.reflect.NativeMethodAccessorImpl.invoke0(Native Method)

junit.framework.AssertionFailedError
    at junit.framework.Assert.fail(Assert.java:55)
    at junit.framework.Assert.assertTrue(Assert.java:22)
    at junit.framework.Assert.assertFalse(Assert.java:39)
    at junit.framework.Assert.assertFalse(Assert.java:47)
    at org.apache.jackrabbit.oak.plugins.memory.MemoryNodeBuilderTest.testReset2(MemoryNodeBuilderTest.java:139)
    at sun.reflect.NativeMethodAccessorImpl.invoke0(Native Method)
11:10:12.592 [pool-17-thread-1] INFO  f.i.l.c.t.SpecificationTestCasesListener - Tests run finished (19 ms)
<> Total tests run: 1
<> Ignored tests: 0
<> Failed tests: 1
~ testReset2(org.apache.jackrabbit.oak.plugins.memory.MemoryNodeBuilderTest)
[null]
junit.framework.AssertionFailedError    at junit.framework.Assert.fail(Assert.java:55)
    at junit.framework.Assert.assertTrue(Assert.java:22)
    at junit.framework.Assert.assertFalse(Assert.java:39)
    at junit.framework.Assert.assertFalse(Assert.java:47)
    at org.apache.jackrabbit.oak.plugins.memory.MemoryNodeBuilderTest.testReset2(MemoryNodeBuilderTest.java:139)
    at sun.reflect.NativeMethodAccessorImpl.invoke0(Native Method)

junit.framework.AssertionFailedError
    at junit.framework.Assert.fail(Assert.java:55)
    at junit.framework.Assert.assertTrue(Assert.java:22)
    at junit.framework.Assert.assertFalse(Assert.java:39)
    at junit.framework.Assert.assertFalse(Assert.java:47)
    at org.apache.jackrabbit.oak.plugins.memory.MemoryNodeBuilderTest.testReset2(MemoryNodeBuilderTest.java:139)
    at sun.reflect.NativeMethodAccessorImpl.invoke0(Native Method)
11:10:12.594 [pool-18-thread-1] INFO  f.i.l.c.t.SpecificationTestCasesListener - Tests run finished (1 ms)
<> Total tests run: 1
<> Ignored tests: 0
<> Failed tests: 1
~ testReset2(org.apache.jackrabbit.oak.plugins.memory.MemoryNodeBuilderTest)
[null]
junit.framework.AssertionFailedError    at junit.framework.Assert.fail(Assert.java:55)
    at junit.framework.Assert.assertTrue(Assert.java:22)
    at junit.framework.Assert.assertFalse(Assert.java:39)
    at junit.framework.Assert.assertFalse(Assert.java:47)
    at org.apache.jackrabbit.oak.plugins.memory.MemoryNodeBuilderTest.testReset2(MemoryNodeBuilderTest.java:139)
    at sun.reflect.NativeMethodAccessorImpl.invoke0(Native Method)

11:10:12.597 [pool-15-thread-1] DEBUG tests.output - Failing tests with false: 
[testReset2(org.apache.jackrabbit.oak.plugins.memory.MemoryNodeBuilderTest): null]
11:10:12.597 [pool-15-thread-1] DEBUG tests.output - Failing tests with true: 
[testReset2(org.apache.jackrabbit.oak.plugins.memory.MemoryNodeBuilderTest): null]
11:10:12.597 [pool-15-thread-1] INFO  f.i.l.r.n.synth.SMTNopolSynthesizer - Not enough specifications: 0. A trivial patch is "true" or "false", please write new tests specifying SourceLocation org.apache.jackrabbit.oak.plugins.memory.MemoryNodeBuilder:266.
11:10:12.597 [pool-2-thread-1] DEBUG fr.inria.lille.repair.nopol.NoPol - statement #11
11:10:12.598 [pool-2-thread-1] DEBUG fr.inria.lille.repair.nopol.NoPol - Analysing SourceLocation org.apache.jackrabbit.oak.plugins.memory.MemoryNodeBuilder:265 which is executed by 2 tests
-308272295
11:10:12.761 [pool-2-thread-1] DEBUG fr.inria.lille.repair.nopol.NoPol - looking with class fr.inria.lille.repair.nopol.spoon.smt.ConditionalAdder
junit.framework.AssertionFailedError
    at junit.framework.Assert.fail(Assert.java:55)
    at junit.framework.Assert.assertTrue(Assert.java:22)
    at junit.framework.Assert.assertFalse(Assert.java:39)
    at junit.framework.Assert.assertFalse(Assert.java:47)
    at org.apache.jackrabbit.oak.plugins.memory.MemoryNodeBuilderTest.testReset2(MemoryNodeBuilderTest.java:139)
    at sun.reflect.NativeMethodAccessorImpl.invoke0(Native Method)
11:10:12.786 [pool-20-thread-1] INFO  xxl.java.junit.TestCasesListener - Tests run finished (21 ms)
<> Total tests run: 7
<> Ignored tests: 0
<> Failed tests: 1
~ testReset2(org.apache.jackrabbit.oak.plugins.memory.MemoryNodeBuilderTest)
[null]
junit.framework.AssertionFailedError    at junit.framework.Assert.fail(Assert.java:55)
    at junit.framework.Assert.assertTrue(Assert.java:22)
    at junit.framework.Assert.assertFalse(Assert.java:39)
    at junit.framework.Assert.assertFalse(Assert.java:47)
    at org.apache.jackrabbit.oak.plugins.memory.MemoryNodeBuilderTest.testReset2(MemoryNodeBuilderTest.java:139)
    at sun.reflect.NativeMethodAccessorImpl.invoke0(Native Method)

junit.framework.AssertionFailedError
    at junit.framework.Assert.fail(Assert.java:55)
    at junit.framework.Assert.assertTrue(Assert.java:22)
    at junit.framework.Assert.assertFalse(Assert.java:39)
    at junit.framework.Assert.assertFalse(Assert.java:47)
    at org.apache.jackrabbit.oak.plugins.memory.MemoryNodeBuilderTest.testReset2(MemoryNodeBuilderTest.java:139)
    at sun.reflect.NativeMethodAccessorImpl.invoke0(Native Method)
11:10:13.265 [pool-21-thread-1] INFO  f.i.l.c.t.SpecificationTestCasesListener - Tests run finished (19 ms)
<> Total tests run: 1
<> Ignored tests: 0
<> Failed tests: 1
~ testReset2(org.apache.jackrabbit.oak.plugins.memory.MemoryNodeBuilderTest)
[null]
junit.framework.AssertionFailedError    at junit.framework.Assert.fail(Assert.java:55)
    at junit.framework.Assert.assertTrue(Assert.java:22)
    at junit.framework.Assert.assertFalse(Assert.java:39)
    at junit.framework.Assert.assertFalse(Assert.java:47)
    at org.apache.jackrabbit.oak.plugins.memory.MemoryNodeBuilderTest.testReset2(MemoryNodeBuilderTest.java:139)
    at sun.reflect.NativeMethodAccessorImpl.invoke0(Native Method)

junit.framework.AssertionFailedError
    at junit.framework.Assert.fail(Assert.java:55)
    at junit.framework.Assert.assertTrue(Assert.java:22)
    at junit.framework.Assert.assertFalse(Assert.java:39)
    at junit.framework.Assert.assertFalse(Assert.java:47)
    at org.apache.jackrabbit.oak.plugins.memory.MemoryNodeBuilderTest.testReset2(MemoryNodeBuilderTest.java:139)
    at sun.reflect.NativeMethodAccessorImpl.invoke0(Native Method)
11:10:13.267 [pool-22-thread-1] INFO  f.i.l.c.t.SpecificationTestCasesListener - Tests run finished (1 ms)
<> Total tests run: 1
<> Ignored tests: 0
<> Failed tests: 1
~ testReset2(org.apache.jackrabbit.oak.plugins.memory.MemoryNodeBuilderTest)
[null]
junit.framework.AssertionFailedError    at junit.framework.Assert.fail(Assert.java:55)
    at junit.framework.Assert.assertTrue(Assert.java:22)
    at junit.framework.Assert.assertFalse(Assert.java:39)
    at junit.framework.Assert.assertFalse(Assert.java:47)
    at org.apache.jackrabbit.oak.plugins.memory.MemoryNodeBuilderTest.testReset2(MemoryNodeBuilderTest.java:139)
    at sun.reflect.NativeMethodAccessorImpl.invoke0(Native Method)

11:10:13.267 [pool-19-thread-1] DEBUG tests.output - Failing tests with false: 
[testReset2(org.apache.jackrabbit.oak.plugins.memory.MemoryNodeBuilderTest): null]
11:10:13.267 [pool-19-thread-1] DEBUG tests.output - Failing tests with true: 
[testReset2(org.apache.jackrabbit.oak.plugins.memory.MemoryNodeBuilderTest): null]
11:10:13.267 [pool-19-thread-1] INFO  f.i.l.r.n.synth.SMTNopolSynthesizer - Not enough specifications: 0. A trivial patch is "true" or "false", please write new tests specifying SourceLocation org.apache.jackrabbit.oak.plugins.memory.MemoryNodeBuilder:265.
11:10:13.267 [pool-2-thread-1] DEBUG fr.inria.lille.repair.nopol.NoPol - looking with class fr.inria.lille.repair.nopol.spoon.smt.ConditionalReplacer
junit.framework.AssertionFailedError
    at junit.framework.Assert.fail(Assert.java:55)
    at junit.framework.Assert.assertTrue(Assert.java:22)
    at junit.framework.Assert.assertFalse(Assert.java:39)
    at junit.framework.Assert.assertFalse(Assert.java:47)
    at org.apache.jackrabbit.oak.plugins.memory.MemoryNodeBuilderTest.testReset2(MemoryNodeBuilderTest.java:139)
    at sun.reflect.NativeMethodAccessorImpl.invoke0(Native Method)
11:10:13.292 [pool-24-thread-1] INFO  xxl.java.junit.TestCasesListener - Tests run finished (22 ms)
<> Total tests run: 7
<> Ignored tests: 0
<> Failed tests: 1
~ testReset2(org.apache.jackrabbit.oak.plugins.memory.MemoryNodeBuilderTest)
[null]
junit.framework.AssertionFailedError    at junit.framework.Assert.fail(Assert.java:55)
    at junit.framework.Assert.assertTrue(Assert.java:22)
    at junit.framework.Assert.assertFalse(Assert.java:39)
    at junit.framework.Assert.assertFalse(Assert.java:47)
    at org.apache.jackrabbit.oak.plugins.memory.MemoryNodeBuilderTest.testReset2(MemoryNodeBuilderTest.java:139)
    at sun.reflect.NativeMethodAccessorImpl.invoke0(Native Method)

java.lang.IllegalStateException: Cannot reset a non-root builder
    at org.apache.jackrabbit.oak.plugins.memory.MemoryNodeBuilder.reset(MemoryNodeBuilder.java:161)
    at org.apache.jackrabbit.oak.plugins.memory.MemoryNodeBuilderTest.testReset2(MemoryNodeBuilderTest.java:137)
    at sun.reflect.NativeMethodAccessorImpl.invoke0(Native Method)
    at sun.reflect.NativeMethodAccessorImpl.invoke(NativeMethodAccessorImpl.java:62)
    at sun.reflect.DelegatingMethodAccessorImpl.invoke(DelegatingMethodAccessorImpl.java:43)
    at java.lang.reflect.Method.invoke(Method.java:498)
11:10:13.727 [pool-25-thread-1] INFO  f.i.l.c.t.SpecificationTestCasesListener - Tests run finished (18 ms)
<> Total tests run: 1
<> Ignored tests: 0
<> Failed tests: 1
~ testReset2(org.apache.jackrabbit.oak.plugins.memory.MemoryNodeBuilderTest)
[Cannot reset a non-root builder]
java.lang.IllegalStateException: Cannot reset a non-root builder    at org.apache.jackrabbit.oak.plugins.memory.MemoryNodeBuilder.reset(MemoryNodeBuilder.java:161)
    at org.apache.jackrabbit.oak.plugins.memory.MemoryNodeBuilderTest.testReset2(MemoryNodeBuilderTest.java:137)
    at sun.reflect.NativeMethodAccessorImpl.invoke0(Native Method)
    at sun.reflect.NativeMethodAccessorImpl.invoke(NativeMethodAccessorImpl.java:62)
    at sun.reflect.DelegatingMethodAccessorImpl.invoke(DelegatingMethodAccessorImpl.java:43)
    at java.lang.reflect.Method.invoke(Method.java:498)

junit.framework.AssertionFailedError
    at junit.framework.Assert.fail(Assert.java:55)
    at junit.framework.Assert.assertTrue(Assert.java:22)
    at junit.framework.Assert.assertFalse(Assert.java:39)
    at junit.framework.Assert.assertFalse(Assert.java:47)
    at org.apache.jackrabbit.oak.plugins.memory.MemoryNodeBuilderTest.testReset2(MemoryNodeBuilderTest.java:139)
    at sun.reflect.NativeMethodAccessorImpl.invoke0(Native Method)
11:10:13.730 [pool-26-thread-1] INFO  f.i.l.c.t.SpecificationTestCasesListener - Tests run finished (2 ms)
<> Total tests run: 1
<> Ignored tests: 0
<> Failed tests: 1
~ testReset2(org.apache.jackrabbit.oak.plugins.memory.MemoryNodeBuilderTest)
[null]
junit.framework.AssertionFailedError    at junit.framework.Assert.fail(Assert.java:55)
    at junit.framework.Assert.assertTrue(Assert.java:22)
    at junit.framework.Assert.assertFalse(Assert.java:39)
    at junit.framework.Assert.assertFalse(Assert.java:47)
    at org.apache.jackrabbit.oak.plugins.memory.MemoryNodeBuilderTest.testReset2(MemoryNodeBuilderTest.java:139)
    at sun.reflect.NativeMethodAccessorImpl.invoke0(Native Method)

11:10:13.730 [pool-23-thread-1] DEBUG tests.output - Failing tests with false: 
[testReset2(org.apache.jackrabbit.oak.plugins.memory.MemoryNodeBuilderTest): Cannot reset a non-root builder]
11:10:13.730 [pool-23-thread-1] DEBUG tests.output - Failing tests with true: 
[testReset2(org.apache.jackrabbit.oak.plugins.memory.MemoryNodeBuilderTest): null]
11:10:13.731 [pool-23-thread-1] INFO  f.i.l.r.n.synth.SMTNopolSynthesizer - Not enough specifications: 0. A trivial patch is "true" or "false", please write new tests specifying SourceLocation org.apache.jackrabbit.oak.plugins.memory.MemoryNodeBuilder:265.
11:10:13.731 [pool-2-thread-1] DEBUG fr.inria.lille.repair.nopol.NoPol - statement #12
11:10:13.731 [pool-2-thread-1] DEBUG fr.inria.lille.repair.nopol.NoPol - Analysing SourceLocation org.apache.jackrabbit.oak.plugins.index.old.PrefixIndex:128 which is executed by 3 tests
-1236272831
11:10:13.878 [pool-2-thread-1] DEBUG fr.inria.lille.repair.nopol.NoPol - statement #13
11:10:13.878 [pool-2-thread-1] DEBUG fr.inria.lille.repair.nopol.NoPol - Analysing SourceLocation org.apache.jackrabbit.oak.plugins.index.old.PrefixIndex:62 which is executed by 3 tests
-1236272831
11:10:14.045 [pool-2-thread-1] DEBUG fr.inria.lille.repair.nopol.NoPol - statement #14
11:10:14.045 [pool-2-thread-1] DEBUG fr.inria.lille.repair.nopol.NoPol - Analysing SourceLocation org.apache.jackrabbit.oak.plugins.index.old.PrefixIndex:57 which is executed by 3 tests
-1236272831
11:10:14.214 [pool-2-thread-1] DEBUG fr.inria.lille.repair.nopol.NoPol - looking with class fr.inria.lille.repair.nopol.spoon.smt.ConditionalAdder
SLF4J: Class path contains multiple SLF4J bindings.
SLF4J: Found binding in [jar:file:/home/tdurieux/.m2/repository/org/slf4j/slf4j-nop/1.5.8/slf4j-nop-1.5.8.jar!/org/slf4j/impl/StaticLoggerBinder.class]
SLF4J: Found binding in [jar:file:/home/tdurieux/.m2/repository/ch/qos/logback/logback-classic/1.0.1/logback-classic-1.0.1.jar!/org/slf4j/impl/StaticLoggerBinder.class]
SLF4J: Found binding in [jar:file:/home/tdurieux/.m2/repository/org/slf4j/slf4j-simple/1.6.1/slf4j-simple-1.6.1.jar!/org/slf4j/impl/StaticLoggerBinder.class]
SLF4J: Found binding in [jar:file:/home/tdurieux/defects4j4repair/script/../repair_tools/nopol.jar!/org/slf4j/impl/StaticLoggerBinder.class]
SLF4J: See http://www.slf4j.org/codes.html#multiple_bindings for an explanation.
SLF4J: The requested version 1.5.8 by your slf4j binding is not compatible with [1.6]
SLF4J: See http://www.slf4j.org/codes.html#version_mismatch for further details.
junit.framework.ComparisonFailure: expected:<...:childNodeCount":2,"[prefix@d:":{":childNodeCount":1,":data":{}},":data":{":childNodeCount":0]}}> but was:<...:childNodeCount":2,"[:data":{":childNodeCount":0},"prefix@d:":{":childNodeCount":1,":data":{}]}}>
    at junit.framework.Assert.assertEquals(Assert.java:100)
    at junit.framework.Assert.assertEquals(Assert.java:107)
    at org.apache.jackrabbit.oak.plugins.index.old.PrefixIndexTest.test(PrefixIndexTest.java:42)
    at sun.reflect.NativeMethodAccessorImpl.invoke0(Native Method)
    at sun.reflect.NativeMethodAccessorImpl.invoke(NativeMethodAccessorImpl.java:62)
    at sun.reflect.DelegatingMethodAccessorImpl.invoke(DelegatingMethodAccessorImpl.java:43)
11:10:14.277 [pool-28-thread-1] INFO  xxl.java.junit.TestCasesListener - Tests run finished (60 ms)
<> Total tests run: 1
<> Ignored tests: 0
<> Failed tests: 1
~ test(org.apache.jackrabbit.oak.plugins.index.old.PrefixIndexTest)
[expected:<...:childNodeCount":2,"[prefix@d:":{":childNodeCount":1,":data":{}},":data":{":childNodeCount":0]}}> but was:<...:childNodeCount":2,"[:data":{":childNodeCount":0},"prefix@d:":{":childNodeCount":1,":data":{}]}}>]
junit.framework.ComparisonFailure: expected:<...:childNodeCount":2,"[prefix@d:":{":childNodeCount":1,":data":{}},":data":{":childNodeCount":0]}}> but was:<...:childNodeCount":2,"[:data":{":childNodeCount":0},"prefix@d:":{":childNodeCount":1,":data":{}]}}>    at junit.framework.Assert.assertEquals(Assert.java:100)
    at junit.framework.Assert.assertEquals(Assert.java:107)
    at org.apache.jackrabbit.oak.plugins.index.old.PrefixIndexTest.test(PrefixIndexTest.java:42)
    at sun.reflect.NativeMethodAccessorImpl.invoke0(Native Method)
    at sun.reflect.NativeMethodAccessorImpl.invoke(NativeMethodAccessorImpl.java:62)
    at sun.reflect.DelegatingMethodAccessorImpl.invoke(DelegatingMethodAccessorImpl.java:43)

SLF4J: Class path contains multiple SLF4J bindings.
SLF4J: Found binding in [jar:file:/home/tdurieux/.m2/repository/org/slf4j/slf4j-nop/1.5.8/slf4j-nop-1.5.8.jar!/org/slf4j/impl/StaticLoggerBinder.class]
SLF4J: Found binding in [jar:file:/home/tdurieux/.m2/repository/ch/qos/logback/logback-classic/1.0.1/logback-classic-1.0.1.jar!/org/slf4j/impl/StaticLoggerBinder.class]
SLF4J: Found binding in [jar:file:/home/tdurieux/.m2/repository/org/slf4j/slf4j-simple/1.6.1/slf4j-simple-1.6.1.jar!/org/slf4j/impl/StaticLoggerBinder.class]
SLF4J: Found binding in [jar:file:/home/tdurieux/defects4j4repair/script/../repair_tools/nopol.jar!/org/slf4j/impl/StaticLoggerBinder.class]
SLF4J: See http://www.slf4j.org/codes.html#multiple_bindings for an explanation.
SLF4J: The requested version 1.5.8 by your slf4j binding is not compatible with [1.6]
SLF4J: See http://www.slf4j.org/codes.html#version_mismatch for further details.
junit.framework.ComparisonFailure: expected:<...:childNodeCount":2,"[prefix@d:":{":childNodeCount":1,":data":{}},":data":{":childNodeCount":0]}}> but was:<...:childNodeCount":2,"[:data":{":childNodeCount":0},"prefix@d:":{":childNodeCount":1,":data":{}]}}>
    at junit.framework.Assert.assertEquals(Assert.java:100)
    at junit.framework.Assert.assertEquals(Assert.java:107)
    at org.apache.jackrabbit.oak.plugins.index.old.PrefixIndexTest.test(PrefixIndexTest.java:42)
    at sun.reflect.NativeMethodAccessorImpl.invoke0(Native Method)
    at sun.reflect.NativeMethodAccessorImpl.invoke(NativeMethodAccessorImpl.java:62)
    at sun.reflect.DelegatingMethodAccessorImpl.invoke(DelegatingMethodAccessorImpl.java:43)
11:10:14.684 [pool-29-thread-1] INFO  f.i.l.c.t.SpecificationTestCasesListener - Tests run finished (54 ms)
<> Total tests run: 1
<> Ignored tests: 0
<> Failed tests: 1
~ test(org.apache.jackrabbit.oak.plugins.index.old.PrefixIndexTest)
[expected:<...:childNodeCount":2,"[prefix@d:":{":childNodeCount":1,":data":{}},":data":{":childNodeCount":0]}}> but was:<...:childNodeCount":2,"[:data":{":childNodeCount":0},"prefix@d:":{":childNodeCount":1,":data":{}]}}>]
junit.framework.ComparisonFailure: expected:<...:childNodeCount":2,"[prefix@d:":{":childNodeCount":1,":data":{}},":data":{":childNodeCount":0]}}> but was:<...:childNodeCount":2,"[:data":{":childNodeCount":0},"prefix@d:":{":childNodeCount":1,":data":{}]}}>    at junit.framework.Assert.assertEquals(Assert.java:100)
    at junit.framework.Assert.assertEquals(Assert.java:107)
    at org.apache.jackrabbit.oak.plugins.index.old.PrefixIndexTest.test(PrefixIndexTest.java:42)
    at sun.reflect.NativeMethodAccessorImpl.invoke0(Native Method)
    at sun.reflect.NativeMethodAccessorImpl.invoke(NativeMethodAccessorImpl.java:62)
    at sun.reflect.DelegatingMethodAccessorImpl.invoke(DelegatingMethodAccessorImpl.java:43)

junit.framework.ComparisonFailure: expected:<...:childNodeCount":2,"[prefix@d:":{":childNodeCount":1,":data":{}},":data":{":childNodeCount":0]}}> but was:<...:childNodeCount":2,"[:data":{":childNodeCount":0},"prefix@d:":{":childNodeCount":1,":data":{}]}}>
    at junit.framework.Assert.assertEquals(Assert.java:100)
    at junit.framework.Assert.assertEquals(Assert.java:107)
    at org.apache.jackrabbit.oak.plugins.index.old.PrefixIndexTest.test(PrefixIndexTest.java:42)
    at sun.reflect.NativeMethodAccessorImpl.invoke0(Native Method)
    at sun.reflect.NativeMethodAccessorImpl.invoke(NativeMethodAccessorImpl.java:62)
    at sun.reflect.DelegatingMethodAccessorImpl.invoke(DelegatingMethodAccessorImpl.java:43)
11:10:14.687 [pool-30-thread-1] INFO  f.i.l.c.t.SpecificationTestCasesListener - Tests run finished (2 ms)
<> Total tests run: 1
<> Ignored tests: 0
<> Failed tests: 1
~ test(org.apache.jackrabbit.oak.plugins.index.old.PrefixIndexTest)
[expected:<...:childNodeCount":2,"[prefix@d:":{":childNodeCount":1,":data":{}},":data":{":childNodeCount":0]}}> but was:<...:childNodeCount":2,"[:data":{":childNodeCount":0},"prefix@d:":{":childNodeCount":1,":data":{}]}}>]
junit.framework.ComparisonFailure: expected:<...:childNodeCount":2,"[prefix@d:":{":childNodeCount":1,":data":{}},":data":{":childNodeCount":0]}}> but was:<...:childNodeCount":2,"[:data":{":childNodeCount":0},"prefix@d:":{":childNodeCount":1,":data":{}]}}>    at junit.framework.Assert.assertEquals(Assert.java:100)
    at junit.framework.Assert.assertEquals(Assert.java:107)
    at org.apache.jackrabbit.oak.plugins.index.old.PrefixIndexTest.test(PrefixIndexTest.java:42)
    at sun.reflect.NativeMethodAccessorImpl.invoke0(Native Method)
    at sun.reflect.NativeMethodAccessorImpl.invoke(NativeMethodAccessorImpl.java:62)
    at sun.reflect.DelegatingMethodAccessorImpl.invoke(DelegatingMethodAccessorImpl.java:43)

11:10:14.698 [pool-27-thread-1] DEBUG tests.output - Failing tests with false: 
[test(org.apache.jackrabbit.oak.plugins.index.old.PrefixIndexTest): expected:<...:childNodeCount":2,"[prefix@d:":{":childNodeCount":1,":data":{}},":data":{":childNodeCount":0]}}> but was:<...:childNodeCount":2,"[:data":{":childNodeCount":0},"prefix@d:":{":childNodeCount":1,":data":{}]}}>]
11:10:14.699 [pool-27-thread-1] DEBUG tests.output - Failing tests with true: 
[test(org.apache.jackrabbit.oak.plugins.index.old.PrefixIndexTest): expected:<...:childNodeCount":2,"[prefix@d:":{":childNodeCount":1,":data":{}},":data":{":childNodeCount":0]}}> but was:<...:childNodeCount":2,"[:data":{":childNodeCount":0},"prefix@d:":{":childNodeCount":1,":data":{}]}}>]
11:10:14.699 [pool-27-thread-1] INFO  f.i.l.r.n.synth.SMTNopolSynthesizer - Not enough specifications: 0. A trivial patch is "true" or "false", please write new tests specifying SourceLocation org.apache.jackrabbit.oak.plugins.index.old.PrefixIndex:57.
11:10:14.699 [pool-2-thread-1] DEBUG fr.inria.lille.repair.nopol.NoPol - statement #15
11:10:14.699 [pool-2-thread-1] DEBUG fr.inria.lille.repair.nopol.NoPol - Analysing SourceLocation org.apache.jackrabbit.oak.plugins.index.old.PrefixIndex:56 which is executed by 3 tests
-1236272831
11:10:14.837 [pool-2-thread-1] DEBUG fr.inria.lille.repair.nopol.NoPol - statement #16
11:10:14.837 [pool-2-thread-1] DEBUG fr.inria.lille.repair.nopol.NoPol - Analysing SourceLocation org.apache.jackrabbit.oak.plugins.index.old.PrefixIndex:51 which is executed by 3 tests
-1236272831
11:10:14.975 [pool-2-thread-1] DEBUG fr.inria.lille.repair.nopol.NoPol - statement #17
11:10:14.975 [pool-2-thread-1] DEBUG fr.inria.lille.repair.nopol.NoPol - Analysing SourceLocation org.apache.jackrabbit.oak.plugins.index.old.Indexer:176 which is executed by 3 tests
-687021856
11:10:15.136 [pool-2-thread-1] DEBUG fr.inria.lille.repair.nopol.NoPol - statement #18
11:10:15.136 [pool-2-thread-1] DEBUG fr.inria.lille.repair.nopol.NoPol - Analysing SourceLocation org.apache.jackrabbit.oak.plugins.index.old.Indexer:175 which is executed by 3 tests
-687021856
11:10:15.293 [pool-2-thread-1] DEBUG fr.inria.lille.repair.nopol.NoPol - looking with class fr.inria.lille.repair.nopol.spoon.smt.ConditionalAdder
SLF4J: Class path contains multiple SLF4J bindings.
SLF4J: Found binding in [jar:file:/home/tdurieux/.m2/repository/org/slf4j/slf4j-nop/1.5.8/slf4j-nop-1.5.8.jar!/org/slf4j/impl/StaticLoggerBinder.class]
SLF4J: Found binding in [jar:file:/home/tdurieux/.m2/repository/ch/qos/logback/logback-classic/1.0.1/logback-classic-1.0.1.jar!/org/slf4j/impl/StaticLoggerBinder.class]
SLF4J: Found binding in [jar:file:/home/tdurieux/.m2/repository/org/slf4j/slf4j-simple/1.6.1/slf4j-simple-1.6.1.jar!/org/slf4j/impl/StaticLoggerBinder.class]
SLF4J: Found binding in [jar:file:/home/tdurieux/defects4j4repair/script/../repair_tools/nopol.jar!/org/slf4j/impl/StaticLoggerBinder.class]
SLF4J: See http://www.slf4j.org/codes.html#multiple_bindings for an explanation.
SLF4J: The requested version 1.5.8 by your slf4j binding is not compatible with [1.6]
SLF4J: See http://www.slf4j.org/codes.html#version_mismatch for further details.
junit.framework.ComparisonFailure: expected:<...:childNodeCount":2,"[prefix@d:":{":childNodeCount":1,":data":{}},":data":{":childNodeCount":0]}}> but was:<...:childNodeCount":2,"[:data":{":childNodeCount":0},"prefix@d:":{":childNodeCount":1,":data":{}]}}>
    at junit.framework.Assert.assertEquals(Assert.java:100)
    at junit.framework.Assert.assertEquals(Assert.java:107)
    at org.apache.jackrabbit.oak.plugins.index.old.PrefixIndexTest.test(PrefixIndexTest.java:42)
    at sun.reflect.NativeMethodAccessorImpl.invoke0(Native Method)
    at sun.reflect.NativeMethodAccessorImpl.invoke(NativeMethodAccessorImpl.java:62)
    at sun.reflect.DelegatingMethodAccessorImpl.invoke(DelegatingMethodAccessorImpl.java:43)
11:10:15.346 [pool-32-thread-1] INFO  xxl.java.junit.TestCasesListener - Tests run finished (51 ms)
<> Total tests run: 1
<> Ignored tests: 0
<> Failed tests: 1
~ test(org.apache.jackrabbit.oak.plugins.index.old.PrefixIndexTest)
[expected:<...:childNodeCount":2,"[prefix@d:":{":childNodeCount":1,":data":{}},":data":{":childNodeCount":0]}}> but was:<...:childNodeCount":2,"[:data":{":childNodeCount":0},"prefix@d:":{":childNodeCount":1,":data":{}]}}>]
junit.framework.ComparisonFailure: expected:<...:childNodeCount":2,"[prefix@d:":{":childNodeCount":1,":data":{}},":data":{":childNodeCount":0]}}> but was:<...:childNodeCount":2,"[:data":{":childNodeCount":0},"prefix@d:":{":childNodeCount":1,":data":{}]}}>    at junit.framework.Assert.assertEquals(Assert.java:100)
    at junit.framework.Assert.assertEquals(Assert.java:107)
    at org.apache.jackrabbit.oak.plugins.index.old.PrefixIndexTest.test(PrefixIndexTest.java:42)
    at sun.reflect.NativeMethodAccessorImpl.invoke0(Native Method)
    at sun.reflect.NativeMethodAccessorImpl.invoke(NativeMethodAccessorImpl.java:62)
    at sun.reflect.DelegatingMethodAccessorImpl.invoke(DelegatingMethodAccessorImpl.java:43)

SLF4J: Class path contains multiple SLF4J bindings.
SLF4J: Found binding in [jar:file:/home/tdurieux/.m2/repository/org/slf4j/slf4j-nop/1.5.8/slf4j-nop-1.5.8.jar!/org/slf4j/impl/StaticLoggerBinder.class]
SLF4J: Found binding in [jar:file:/home/tdurieux/.m2/repository/ch/qos/logback/logback-classic/1.0.1/logback-classic-1.0.1.jar!/org/slf4j/impl/StaticLoggerBinder.class]
SLF4J: Found binding in [jar:file:/home/tdurieux/.m2/repository/org/slf4j/slf4j-simple/1.6.1/slf4j-simple-1.6.1.jar!/org/slf4j/impl/StaticLoggerBinder.class]
SLF4J: Found binding in [jar:file:/home/tdurieux/defects4j4repair/script/../repair_tools/nopol.jar!/org/slf4j/impl/StaticLoggerBinder.class]
SLF4J: See http://www.slf4j.org/codes.html#multiple_bindings for an explanation.
SLF4J: The requested version 1.5.8 by your slf4j binding is not compatible with [1.6]
SLF4J: See http://www.slf4j.org/codes.html#version_mismatch for further details.
junit.framework.ComparisonFailure: expected:<...:childNodeCount":2,"[prefix@d:":{":childNodeCount":1,":data":{}},":data":{":childNodeCount":0]}}> but was:<...:childNodeCount":2,"[:data":{":childNodeCount":0},"prefix@d:":{":childNodeCount":1,":data":{}]}}>
    at junit.framework.Assert.assertEquals(Assert.java:100)
    at junit.framework.Assert.assertEquals(Assert.java:107)
    at org.apache.jackrabbit.oak.plugins.index.old.PrefixIndexTest.test(PrefixIndexTest.java:42)
    at sun.reflect.NativeMethodAccessorImpl.invoke0(Native Method)
    at sun.reflect.NativeMethodAccessorImpl.invoke(NativeMethodAccessorImpl.java:62)
    at sun.reflect.DelegatingMethodAccessorImpl.invoke(DelegatingMethodAccessorImpl.java:43)
11:10:15.746 [pool-33-thread-1] INFO  f.i.l.c.t.SpecificationTestCasesListener - Tests run finished (53 ms)
<> Total tests run: 1
<> Ignored tests: 0
<> Failed tests: 1
~ test(org.apache.jackrabbit.oak.plugins.index.old.PrefixIndexTest)
[expected:<...:childNodeCount":2,"[prefix@d:":{":childNodeCount":1,":data":{}},":data":{":childNodeCount":0]}}> but was:<...:childNodeCount":2,"[:data":{":childNodeCount":0},"prefix@d:":{":childNodeCount":1,":data":{}]}}>]
junit.framework.ComparisonFailure: expected:<...:childNodeCount":2,"[prefix@d:":{":childNodeCount":1,":data":{}},":data":{":childNodeCount":0]}}> but was:<...:childNodeCount":2,"[:data":{":childNodeCount":0},"prefix@d:":{":childNodeCount":1,":data":{}]}}>    at junit.framework.Assert.assertEquals(Assert.java:100)
    at junit.framework.Assert.assertEquals(Assert.java:107)
    at org.apache.jackrabbit.oak.plugins.index.old.PrefixIndexTest.test(PrefixIndexTest.java:42)
    at sun.reflect.NativeMethodAccessorImpl.invoke0(Native Method)
    at sun.reflect.NativeMethodAccessorImpl.invoke(NativeMethodAccessorImpl.java:62)
    at sun.reflect.DelegatingMethodAccessorImpl.invoke(DelegatingMethodAccessorImpl.java:43)

junit.framework.ComparisonFailure: expected:<...:childNodeCount":2,"[prefix@d:":{":childNodeCount":1,":data":{}},":data":{":childNodeCount":0]}}> but was:<...:childNodeCount":2,"[:data":{":childNodeCount":0},"prefix@d:":{":childNodeCount":1,":data":{}]}}>
    at junit.framework.Assert.assertEquals(Assert.java:100)
    at junit.framework.Assert.assertEquals(Assert.java:107)
    at org.apache.jackrabbit.oak.plugins.index.old.PrefixIndexTest.test(PrefixIndexTest.java:42)
    at sun.reflect.NativeMethodAccessorImpl.invoke0(Native Method)
    at sun.reflect.NativeMethodAccessorImpl.invoke(NativeMethodAccessorImpl.java:62)
    at sun.reflect.DelegatingMethodAccessorImpl.invoke(DelegatingMethodAccessorImpl.java:43)
11:10:15.749 [pool-34-thread-1] INFO  f.i.l.c.t.SpecificationTestCasesListener - Tests run finished (2 ms)
<> Total tests run: 1
<> Ignored tests: 0
<> Failed tests: 1
~ test(org.apache.jackrabbit.oak.plugins.index.old.PrefixIndexTest)
[expected:<...:childNodeCount":2,"[prefix@d:":{":childNodeCount":1,":data":{}},":data":{":childNodeCount":0]}}> but was:<...:childNodeCount":2,"[:data":{":childNodeCount":0},"prefix@d:":{":childNodeCount":1,":data":{}]}}>]
junit.framework.ComparisonFailure: expected:<...:childNodeCount":2,"[prefix@d:":{":childNodeCount":1,":data":{}},":data":{":childNodeCount":0]}}> but was:<...:childNodeCount":2,"[:data":{":childNodeCount":0},"prefix@d:":{":childNodeCount":1,":data":{}]}}>    at junit.framework.Assert.assertEquals(Assert.java:100)
    at junit.framework.Assert.assertEquals(Assert.java:107)
    at org.apache.jackrabbit.oak.plugins.index.old.PrefixIndexTest.test(PrefixIndexTest.java:42)
    at sun.reflect.NativeMethodAccessorImpl.invoke0(Native Method)
    at sun.reflect.NativeMethodAccessorImpl.invoke(NativeMethodAccessorImpl.java:62)
    at sun.reflect.DelegatingMethodAccessorImpl.invoke(DelegatingMethodAccessorImpl.java:43)

11:10:15.749 [pool-31-thread-1] DEBUG tests.output - Failing tests with false: 
[test(org.apache.jackrabbit.oak.plugins.index.old.PrefixIndexTest): expected:<...:childNodeCount":2,"[prefix@d:":{":childNodeCount":1,":data":{}},":data":{":childNodeCount":0]}}> but was:<...:childNodeCount":2,"[:data":{":childNodeCount":0},"prefix@d:":{":childNodeCount":1,":data":{}]}}>]
11:10:15.749 [pool-31-thread-1] DEBUG tests.output - Failing tests with true: 
[test(org.apache.jackrabbit.oak.plugins.index.old.PrefixIndexTest): expected:<...:childNodeCount":2,"[prefix@d:":{":childNodeCount":1,":data":{}},":data":{":childNodeCount":0]}}> but was:<...:childNodeCount":2,"[:data":{":childNodeCount":0},"prefix@d:":{":childNodeCount":1,":data":{}]}}>]
11:10:15.750 [pool-31-thread-1] INFO  f.i.l.r.n.synth.SMTNopolSynthesizer - Not enough specifications: 0. A trivial patch is "true" or "false", please write new tests specifying SourceLocation org.apache.jackrabbit.oak.plugins.index.old.Indexer:175.
11:10:15.750 [pool-2-thread-1] DEBUG fr.inria.lille.repair.nopol.NoPol - statement #19
11:10:15.750 [pool-2-thread-1] DEBUG fr.inria.lille.repair.nopol.NoPol - Analysing SourceLocation org.apache.jackrabbit.oak.plugins.index.old.Indexer:174 which is executed by 3 tests
-687021856
11:10:15.905 [pool-2-thread-1] DEBUG fr.inria.lille.repair.nopol.NoPol - looking with class fr.inria.lille.repair.nopol.spoon.smt.ConditionalAdder
SLF4J: Class path contains multiple SLF4J bindings.
SLF4J: Found binding in [jar:file:/home/tdurieux/.m2/repository/org/slf4j/slf4j-nop/1.5.8/slf4j-nop-1.5.8.jar!/org/slf4j/impl/StaticLoggerBinder.class]
SLF4J: Found binding in [jar:file:/home/tdurieux/.m2/repository/ch/qos/logback/logback-classic/1.0.1/logback-classic-1.0.1.jar!/org/slf4j/impl/StaticLoggerBinder.class]
SLF4J: Found binding in [jar:file:/home/tdurieux/.m2/repository/org/slf4j/slf4j-simple/1.6.1/slf4j-simple-1.6.1.jar!/org/slf4j/impl/StaticLoggerBinder.class]
SLF4J: Found binding in [jar:file:/home/tdurieux/defects4j4repair/script/../repair_tools/nopol.jar!/org/slf4j/impl/StaticLoggerBinder.class]
SLF4J: See http://www.slf4j.org/codes.html#multiple_bindings for an explanation.
SLF4J: The requested version 1.5.8 by your slf4j binding is not compatible with [1.6]
SLF4J: See http://www.slf4j.org/codes.html#version_mismatch for further details.
junit.framework.ComparisonFailure: expected:<...:childNodeCount":2,"[prefix@d:":{":childNodeCount":1,":data":{}},":data":{":childNodeCount":0]}}> but was:<...:childNodeCount":2,"[:data":{":childNodeCount":0},"prefix@d:":{":childNodeCount":1,":data":{}]}}>
    at junit.framework.Assert.assertEquals(Assert.java:100)
    at junit.framework.Assert.assertEquals(Assert.java:107)
    at org.apache.jackrabbit.oak.plugins.index.old.PrefixIndexTest.test(PrefixIndexTest.java:42)
    at sun.reflect.NativeMethodAccessorImpl.invoke0(Native Method)
    at sun.reflect.NativeMethodAccessorImpl.invoke(NativeMethodAccessorImpl.java:62)
    at sun.reflect.DelegatingMethodAccessorImpl.invoke(DelegatingMethodAccessorImpl.java:43)
11:10:15.960 [pool-36-thread-1] INFO  xxl.java.junit.TestCasesListener - Tests run finished (51 ms)
<> Total tests run: 1
<> Ignored tests: 0
<> Failed tests: 1
~ test(org.apache.jackrabbit.oak.plugins.index.old.PrefixIndexTest)
[expected:<...:childNodeCount":2,"[prefix@d:":{":childNodeCount":1,":data":{}},":data":{":childNodeCount":0]}}> but was:<...:childNodeCount":2,"[:data":{":childNodeCount":0},"prefix@d:":{":childNodeCount":1,":data":{}]}}>]
junit.framework.ComparisonFailure: expected:<...:childNodeCount":2,"[prefix@d:":{":childNodeCount":1,":data":{}},":data":{":childNodeCount":0]}}> but was:<...:childNodeCount":2,"[:data":{":childNodeCount":0},"prefix@d:":{":childNodeCount":1,":data":{}]}}>    at junit.framework.Assert.assertEquals(Assert.java:100)
    at junit.framework.Assert.assertEquals(Assert.java:107)
    at org.apache.jackrabbit.oak.plugins.index.old.PrefixIndexTest.test(PrefixIndexTest.java:42)
    at sun.reflect.NativeMethodAccessorImpl.invoke0(Native Method)
    at sun.reflect.NativeMethodAccessorImpl.invoke(NativeMethodAccessorImpl.java:62)
    at sun.reflect.DelegatingMethodAccessorImpl.invoke(DelegatingMethodAccessorImpl.java:43)

SLF4J: Class path contains multiple SLF4J bindings.
SLF4J: Found binding in [jar:file:/home/tdurieux/.m2/repository/org/slf4j/slf4j-nop/1.5.8/slf4j-nop-1.5.8.jar!/org/slf4j/impl/StaticLoggerBinder.class]
SLF4J: Found binding in [jar:file:/home/tdurieux/.m2/repository/ch/qos/logback/logback-classic/1.0.1/logback-classic-1.0.1.jar!/org/slf4j/impl/StaticLoggerBinder.class]
SLF4J: Found binding in [jar:file:/home/tdurieux/.m2/repository/org/slf4j/slf4j-simple/1.6.1/slf4j-simple-1.6.1.jar!/org/slf4j/impl/StaticLoggerBinder.class]
SLF4J: Found binding in [jar:file:/home/tdurieux/defects4j4repair/script/../repair_tools/nopol.jar!/org/slf4j/impl/StaticLoggerBinder.class]
SLF4J: See http://www.slf4j.org/codes.html#multiple_bindings for an explanation.
SLF4J: The requested version 1.5.8 by your slf4j binding is not compatible with [1.6]
SLF4J: See http://www.slf4j.org/codes.html#version_mismatch for further details.
junit.framework.ComparisonFailure: expected:<...:childNodeCount":2,"[prefix@d:":{":childNodeCount":1,":data":{}},":data":{":childNodeCount":0]}}> but was:<...:childNodeCount":2,"[:data":{":childNodeCount":0},"prefix@d:":{":childNodeCount":1,":data":{}]}}>
    at junit.framework.Assert.assertEquals(Assert.java:100)
    at junit.framework.Assert.assertEquals(Assert.java:107)
    at org.apache.jackrabbit.oak.plugins.index.old.PrefixIndexTest.test(PrefixIndexTest.java:42)
    at sun.reflect.NativeMethodAccessorImpl.invoke0(Native Method)
    at sun.reflect.NativeMethodAccessorImpl.invoke(NativeMethodAccessorImpl.java:62)
    at sun.reflect.DelegatingMethodAccessorImpl.invoke(DelegatingMethodAccessorImpl.java:43)
11:10:16.348 [pool-37-thread-1] INFO  f.i.l.c.t.SpecificationTestCasesListener - Tests run finished (51 ms)
<> Total tests run: 1
<> Ignored tests: 0
<> Failed tests: 1
~ test(org.apache.jackrabbit.oak.plugins.index.old.PrefixIndexTest)
[expected:<...:childNodeCount":2,"[prefix@d:":{":childNodeCount":1,":data":{}},":data":{":childNodeCount":0]}}> but was:<...:childNodeCount":2,"[:data":{":childNodeCount":0},"prefix@d:":{":childNodeCount":1,":data":{}]}}>]
junit.framework.ComparisonFailure: expected:<...:childNodeCount":2,"[prefix@d:":{":childNodeCount":1,":data":{}},":data":{":childNodeCount":0]}}> but was:<...:childNodeCount":2,"[:data":{":childNodeCount":0},"prefix@d:":{":childNodeCount":1,":data":{}]}}>    at junit.framework.Assert.assertEquals(Assert.java:100)
    at junit.framework.Assert.assertEquals(Assert.java:107)
    at org.apache.jackrabbit.oak.plugins.index.old.PrefixIndexTest.test(PrefixIndexTest.java:42)
    at sun.reflect.NativeMethodAccessorImpl.invoke0(Native Method)
    at sun.reflect.NativeMethodAccessorImpl.invoke(NativeMethodAccessorImpl.java:62)
    at sun.reflect.DelegatingMethodAccessorImpl.invoke(DelegatingMethodAccessorImpl.java:43)

junit.framework.ComparisonFailure: expected:<...:childNodeCount":2,"[prefix@d:":{":childNodeCount":1,":data":{}},":data":{":childNodeCount":0]}}> but was:<...:childNodeCount":2,"[:data":{":childNodeCount":0},"prefix@d:":{":childNodeCount":1,":data":{}]}}>
    at junit.framework.Assert.assertEquals(Assert.java:100)
    at junit.framework.Assert.assertEquals(Assert.java:107)
    at org.apache.jackrabbit.oak.plugins.index.old.PrefixIndexTest.test(PrefixIndexTest.java:42)
    at sun.reflect.NativeMethodAccessorImpl.invoke0(Native Method)
    at sun.reflect.NativeMethodAccessorImpl.invoke(NativeMethodAccessorImpl.java:62)
    at sun.reflect.DelegatingMethodAccessorImpl.invoke(DelegatingMethodAccessorImpl.java:43)
11:10:16.351 [pool-38-thread-1] INFO  f.i.l.c.t.SpecificationTestCasesListener - Tests run finished (2 ms)
<> Total tests run: 1
<> Ignored tests: 0
<> Failed tests: 1
~ test(org.apache.jackrabbit.oak.plugins.index.old.PrefixIndexTest)
[expected:<...:childNodeCount":2,"[prefix@d:":{":childNodeCount":1,":data":{}},":data":{":childNodeCount":0]}}> but was:<...:childNodeCount":2,"[:data":{":childNodeCount":0},"prefix@d:":{":childNodeCount":1,":data":{}]}}>]
junit.framework.ComparisonFailure: expected:<...:childNodeCount":2,"[prefix@d:":{":childNodeCount":1,":data":{}},":data":{":childNodeCount":0]}}> but was:<...:childNodeCount":2,"[:data":{":childNodeCount":0},"prefix@d:":{":childNodeCount":1,":data":{}]}}>    at junit.framework.Assert.assertEquals(Assert.java:100)
    at junit.framework.Assert.assertEquals(Assert.java:107)
    at org.apache.jackrabbit.oak.plugins.index.old.PrefixIndexTest.test(PrefixIndexTest.java:42)
    at sun.reflect.NativeMethodAccessorImpl.invoke0(Native Method)
    at sun.reflect.NativeMethodAccessorImpl.invoke(NativeMethodAccessorImpl.java:62)
    at sun.reflect.DelegatingMethodAccessorImpl.invoke(DelegatingMethodAccessorImpl.java:43)

11:10:16.352 [pool-35-thread-1] DEBUG tests.output - Failing tests with false: 
[test(org.apache.jackrabbit.oak.plugins.index.old.PrefixIndexTest): expected:<...:childNodeCount":2,"[prefix@d:":{":childNodeCount":1,":data":{}},":data":{":childNodeCount":0]}}> but was:<...:childNodeCount":2,"[:data":{":childNodeCount":0},"prefix@d:":{":childNodeCount":1,":data":{}]}}>]
11:10:16.352 [pool-35-thread-1] DEBUG tests.output - Failing tests with true: 
[test(org.apache.jackrabbit.oak.plugins.index.old.PrefixIndexTest): expected:<...:childNodeCount":2,"[prefix@d:":{":childNodeCount":1,":data":{}},":data":{":childNodeCount":0]}}> but was:<...:childNodeCount":2,"[:data":{":childNodeCount":0},"prefix@d:":{":childNodeCount":1,":data":{}]}}>]
11:10:16.352 [pool-35-thread-1] INFO  f.i.l.r.n.synth.SMTNopolSynthesizer - Not enough specifications: 0. A trivial patch is "true" or "false", please write new tests specifying SourceLocation org.apache.jackrabbit.oak.plugins.index.old.Indexer:174.
11:10:16.353 [pool-2-thread-1] DEBUG fr.inria.lille.repair.nopol.NoPol - statement #20
11:10:16.353 [pool-2-thread-1] DEBUG fr.inria.lille.repair.nopol.NoPol - Analysing SourceLocation org.apache.jackrabbit.oak.plugins.index.old.Indexer:173 which is executed by 3 tests
-687021856
11:10:16.507 [pool-2-thread-1] DEBUG fr.inria.lille.repair.nopol.NoPol - looking with class fr.inria.lille.repair.nopol.spoon.smt.ConditionalAdder
SLF4J: Class path contains multiple SLF4J bindings.
SLF4J: Found binding in [jar:file:/home/tdurieux/.m2/repository/org/slf4j/slf4j-nop/1.5.8/slf4j-nop-1.5.8.jar!/org/slf4j/impl/StaticLoggerBinder.class]
SLF4J: Found binding in [jar:file:/home/tdurieux/.m2/repository/ch/qos/logback/logback-classic/1.0.1/logback-classic-1.0.1.jar!/org/slf4j/impl/StaticLoggerBinder.class]
SLF4J: Found binding in [jar:file:/home/tdurieux/.m2/repository/org/slf4j/slf4j-simple/1.6.1/slf4j-simple-1.6.1.jar!/org/slf4j/impl/StaticLoggerBinder.class]
SLF4J: Found binding in [jar:file:/home/tdurieux/defects4j4repair/script/../repair_tools/nopol.jar!/org/slf4j/impl/StaticLoggerBinder.class]
SLF4J: See http://www.slf4j.org/codes.html#multiple_bindings for an explanation.
SLF4J: The requested version 1.5.8 by your slf4j binding is not compatible with [1.6]
SLF4J: See http://www.slf4j.org/codes.html#version_mismatch for further details.
junit.framework.ComparisonFailure: expected:<...:childNodeCount":2,"[prefix@d:":{":childNodeCount":1,":data":{}},":data":{":childNodeCount":0]}}> but was:<...:childNodeCount":2,"[:data":{":childNodeCount":0},"prefix@d:":{":childNodeCount":1,":data":{}]}}>
    at junit.framework.Assert.assertEquals(Assert.java:100)
    at junit.framework.Assert.assertEquals(Assert.java:107)
    at org.apache.jackrabbit.oak.plugins.index.old.PrefixIndexTest.test(PrefixIndexTest.java:42)
    at sun.reflect.NativeMethodAccessorImpl.invoke0(Native Method)
    at sun.reflect.NativeMethodAccessorImpl.invoke(NativeMethodAccessorImpl.java:62)
    at sun.reflect.DelegatingMethodAccessorImpl.invoke(DelegatingMethodAccessorImpl.java:43)
11:10:16.569 [pool-40-thread-1] INFO  xxl.java.junit.TestCasesListener - Tests run finished (50 ms)
<> Total tests run: 1
<> Ignored tests: 0
<> Failed tests: 1
~ test(org.apache.jackrabbit.oak.plugins.index.old.PrefixIndexTest)
[expected:<...:childNodeCount":2,"[prefix@d:":{":childNodeCount":1,":data":{}},":data":{":childNodeCount":0]}}> but was:<...:childNodeCount":2,"[:data":{":childNodeCount":0},"prefix@d:":{":childNodeCount":1,":data":{}]}}>]
junit.framework.ComparisonFailure: expected:<...:childNodeCount":2,"[prefix@d:":{":childNodeCount":1,":data":{}},":data":{":childNodeCount":0]}}> but was:<...:childNodeCount":2,"[:data":{":childNodeCount":0},"prefix@d:":{":childNodeCount":1,":data":{}]}}>    at junit.framework.Assert.assertEquals(Assert.java:100)
    at junit.framework.Assert.assertEquals(Assert.java:107)
    at org.apache.jackrabbit.oak.plugins.index.old.PrefixIndexTest.test(PrefixIndexTest.java:42)
    at sun.reflect.NativeMethodAccessorImpl.invoke0(Native Method)
    at sun.reflect.NativeMethodAccessorImpl.invoke(NativeMethodAccessorImpl.java:62)
    at sun.reflect.DelegatingMethodAccessorImpl.invoke(DelegatingMethodAccessorImpl.java:43)

SLF4J: Class path contains multiple SLF4J bindings.
SLF4J: Found binding in [jar:file:/home/tdurieux/.m2/repository/org/slf4j/slf4j-nop/1.5.8/slf4j-nop-1.5.8.jar!/org/slf4j/impl/StaticLoggerBinder.class]
SLF4J: Found binding in [jar:file:/home/tdurieux/.m2/repository/ch/qos/logback/logback-classic/1.0.1/logback-classic-1.0.1.jar!/org/slf4j/impl/StaticLoggerBinder.class]
SLF4J: Found binding in [jar:file:/home/tdurieux/.m2/repository/org/slf4j/slf4j-simple/1.6.1/slf4j-simple-1.6.1.jar!/org/slf4j/impl/StaticLoggerBinder.class]
SLF4J: Found binding in [jar:file:/home/tdurieux/defects4j4repair/script/../repair_tools/nopol.jar!/org/slf4j/impl/StaticLoggerBinder.class]
SLF4J: See http://www.slf4j.org/codes.html#multiple_bindings for an explanation.
SLF4J: The requested version 1.5.8 by your slf4j binding is not compatible with [1.6]
SLF4J: See http://www.slf4j.org/codes.html#version_mismatch for further details.
junit.framework.ComparisonFailure: expected:<...:childNodeCount":2,"[prefix@d:":{":childNodeCount":1,":data":{}},":data":{":childNodeCount":0]}}> but was:<...:childNodeCount":2,"[:data":{":childNodeCount":0},"prefix@d:":{":childNodeCount":1,":data":{}]}}>
    at junit.framework.Assert.assertEquals(Assert.java:100)
    at junit.framework.Assert.assertEquals(Assert.java:107)
    at org.apache.jackrabbit.oak.plugins.index.old.PrefixIndexTest.test(PrefixIndexTest.java:42)
    at sun.reflect.NativeMethodAccessorImpl.invoke0(Native Method)
    at sun.reflect.NativeMethodAccessorImpl.invoke(NativeMethodAccessorImpl.java:62)
    at sun.reflect.DelegatingMethodAccessorImpl.invoke(DelegatingMethodAccessorImpl.java:43)
11:10:16.930 [pool-41-thread-1] INFO  f.i.l.c.t.SpecificationTestCasesListener - Tests run finished (47 ms)
<> Total tests run: 1
<> Ignored tests: 0
<> Failed tests: 1
~ test(org.apache.jackrabbit.oak.plugins.index.old.PrefixIndexTest)
[expected:<...:childNodeCount":2,"[prefix@d:":{":childNodeCount":1,":data":{}},":data":{":childNodeCount":0]}}> but was:<...:childNodeCount":2,"[:data":{":childNodeCount":0},"prefix@d:":{":childNodeCount":1,":data":{}]}}>]
junit.framework.ComparisonFailure: expected:<...:childNodeCount":2,"[prefix@d:":{":childNodeCount":1,":data":{}},":data":{":childNodeCount":0]}}> but was:<...:childNodeCount":2,"[:data":{":childNodeCount":0},"prefix@d:":{":childNodeCount":1,":data":{}]}}>    at junit.framework.Assert.assertEquals(Assert.java:100)
    at junit.framework.Assert.assertEquals(Assert.java:107)
    at org.apache.jackrabbit.oak.plugins.index.old.PrefixIndexTest.test(PrefixIndexTest.java:42)
    at sun.reflect.NativeMethodAccessorImpl.invoke0(Native Method)
    at sun.reflect.NativeMethodAccessorImpl.invoke(NativeMethodAccessorImpl.java:62)
    at sun.reflect.DelegatingMethodAccessorImpl.invoke(DelegatingMethodAccessorImpl.java:43)

junit.framework.ComparisonFailure: expected:<...:childNodeCount":2,"[prefix@d:":{":childNodeCount":1,":data":{}},":data":{":childNodeCount":0]}}> but was:<...:childNodeCount":2,"[:data":{":childNodeCount":0},"prefix@d:":{":childNodeCount":1,":data":{}]}}>
    at junit.framework.Assert.assertEquals(Assert.java:100)
    at junit.framework.Assert.assertEquals(Assert.java:107)
    at org.apache.jackrabbit.oak.plugins.index.old.PrefixIndexTest.test(PrefixIndexTest.java:42)
    at sun.reflect.NativeMethodAccessorImpl.invoke0(Native Method)
    at sun.reflect.NativeMethodAccessorImpl.invoke(NativeMethodAccessorImpl.java:62)
    at sun.reflect.DelegatingMethodAccessorImpl.invoke(DelegatingMethodAccessorImpl.java:43)
11:10:16.940 [pool-42-thread-1] INFO  f.i.l.c.t.SpecificationTestCasesListener - Tests run finished (7 ms)
<> Total tests run: 1
<> Ignored tests: 0
<> Failed tests: 1
~ test(org.apache.jackrabbit.oak.plugins.index.old.PrefixIndexTest)
[expected:<...:childNodeCount":2,"[prefix@d:":{":childNodeCount":1,":data":{}},":data":{":childNodeCount":0]}}> but was:<...:childNodeCount":2,"[:data":{":childNodeCount":0},"prefix@d:":{":childNodeCount":1,":data":{}]}}>]
junit.framework.ComparisonFailure: expected:<...:childNodeCount":2,"[prefix@d:":{":childNodeCount":1,":data":{}},":data":{":childNodeCount":0]}}> but was:<...:childNodeCount":2,"[:data":{":childNodeCount":0},"prefix@d:":{":childNodeCount":1,":data":{}]}}>    at junit.framework.Assert.assertEquals(Assert.java:100)
    at junit.framework.Assert.assertEquals(Assert.java:107)
    at org.apache.jackrabbit.oak.plugins.index.old.PrefixIndexTest.test(PrefixIndexTest.java:42)
    at sun.reflect.NativeMethodAccessorImpl.invoke0(Native Method)
    at sun.reflect.NativeMethodAccessorImpl.invoke(NativeMethodAccessorImpl.java:62)
    at sun.reflect.DelegatingMethodAccessorImpl.invoke(DelegatingMethodAccessorImpl.java:43)

11:10:16.940 [pool-39-thread-1] DEBUG tests.output - Failing tests with false: 
[test(org.apache.jackrabbit.oak.plugins.index.old.PrefixIndexTest): expected:<...:childNodeCount":2,"[prefix@d:":{":childNodeCount":1,":data":{}},":data":{":childNodeCount":0]}}> but was:<...:childNodeCount":2,"[:data":{":childNodeCount":0},"prefix@d:":{":childNodeCount":1,":data":{}]}}>]
11:10:16.940 [pool-39-thread-1] DEBUG tests.output - Failing tests with true: 
[test(org.apache.jackrabbit.oak.plugins.index.old.PrefixIndexTest): expected:<...:childNodeCount":2,"[prefix@d:":{":childNodeCount":1,":data":{}},":data":{":childNodeCount":0]}}> but was:<...:childNodeCount":2,"[:data":{":childNodeCount":0},"prefix@d:":{":childNodeCount":1,":data":{}]}}>]
11:10:16.940 [pool-39-thread-1] INFO  f.i.l.r.n.synth.SMTNopolSynthesizer - Not enough specifications: 0. A trivial patch is "true" or "false", please write new tests specifying SourceLocation org.apache.jackrabbit.oak.plugins.index.old.Indexer:173.
11:10:16.940 [pool-2-thread-1] DEBUG fr.inria.lille.repair.nopol.NoPol - statement #21
11:10:16.940 [pool-2-thread-1] DEBUG fr.inria.lille.repair.nopol.NoPol - Analysing SourceLocation org.apache.jackrabbit.oak.plugins.index.old.Indexer:172 which is executed by 3 tests
-687021856
11:10:17.137 [pool-2-thread-1] DEBUG fr.inria.lille.repair.nopol.NoPol - statement #22
11:10:17.138 [pool-2-thread-1] DEBUG fr.inria.lille.repair.nopol.NoPol - Analysing SourceLocation org.apache.jackrabbit.oak.plugins.index.old.Indexer:169 which is executed by 3 tests
-687021856
11:10:17.290 [pool-2-thread-1] DEBUG fr.inria.lille.repair.nopol.NoPol - looking with class fr.inria.lille.repair.nopol.spoon.smt.ConditionalAdder
SLF4J: Class path contains multiple SLF4J bindings.
SLF4J: Found binding in [jar:file:/home/tdurieux/.m2/repository/org/slf4j/slf4j-nop/1.5.8/slf4j-nop-1.5.8.jar!/org/slf4j/impl/StaticLoggerBinder.class]
SLF4J: Found binding in [jar:file:/home/tdurieux/.m2/repository/ch/qos/logback/logback-classic/1.0.1/logback-classic-1.0.1.jar!/org/slf4j/impl/StaticLoggerBinder.class]
SLF4J: Found binding in [jar:file:/home/tdurieux/.m2/repository/org/slf4j/slf4j-simple/1.6.1/slf4j-simple-1.6.1.jar!/org/slf4j/impl/StaticLoggerBinder.class]
SLF4J: Found binding in [jar:file:/home/tdurieux/defects4j4repair/script/../repair_tools/nopol.jar!/org/slf4j/impl/StaticLoggerBinder.class]
SLF4J: See http://www.slf4j.org/codes.html#multiple_bindings for an explanation.
SLF4J: The requested version 1.5.8 by your slf4j binding is not compatible with [1.6]
SLF4J: See http://www.slf4j.org/codes.html#version_mismatch for further details.
junit.framework.ComparisonFailure: expected:<...:childNodeCount":2,"[prefix@d:":{":childNodeCount":1,":data":{}},":data":{":childNodeCount":0]}}> but was:<...:childNodeCount":2,"[:data":{":childNodeCount":0},"prefix@d:":{":childNodeCount":1,":data":{}]}}>
    at junit.framework.Assert.assertEquals(Assert.java:100)
    at junit.framework.Assert.assertEquals(Assert.java:107)
    at org.apache.jackrabbit.oak.plugins.index.old.PrefixIndexTest.test(PrefixIndexTest.java:42)
    at sun.reflect.NativeMethodAccessorImpl.invoke0(Native Method)
    at sun.reflect.NativeMethodAccessorImpl.invoke(NativeMethodAccessorImpl.java:62)
    at sun.reflect.DelegatingMethodAccessorImpl.invoke(DelegatingMethodAccessorImpl.java:43)
11:10:17.343 [pool-44-thread-1] INFO  xxl.java.junit.TestCasesListener - Tests run finished (50 ms)
<> Total tests run: 1
<> Ignored tests: 0
<> Failed tests: 1
~ test(org.apache.jackrabbit.oak.plugins.index.old.PrefixIndexTest)
[expected:<...:childNodeCount":2,"[prefix@d:":{":childNodeCount":1,":data":{}},":data":{":childNodeCount":0]}}> but was:<...:childNodeCount":2,"[:data":{":childNodeCount":0},"prefix@d:":{":childNodeCount":1,":data":{}]}}>]
junit.framework.ComparisonFailure: expected:<...:childNodeCount":2,"[prefix@d:":{":childNodeCount":1,":data":{}},":data":{":childNodeCount":0]}}> but was:<...:childNodeCount":2,"[:data":{":childNodeCount":0},"prefix@d:":{":childNodeCount":1,":data":{}]}}>    at junit.framework.Assert.assertEquals(Assert.java:100)
    at junit.framework.Assert.assertEquals(Assert.java:107)
    at org.apache.jackrabbit.oak.plugins.index.old.PrefixIndexTest.test(PrefixIndexTest.java:42)
    at sun.reflect.NativeMethodAccessorImpl.invoke0(Native Method)
    at sun.reflect.NativeMethodAccessorImpl.invoke(NativeMethodAccessorImpl.java:62)
    at sun.reflect.DelegatingMethodAccessorImpl.invoke(DelegatingMethodAccessorImpl.java:43)

SLF4J: Class path contains multiple SLF4J bindings.
SLF4J: Found binding in [jar:file:/home/tdurieux/.m2/repository/org/slf4j/slf4j-nop/1.5.8/slf4j-nop-1.5.8.jar!/org/slf4j/impl/StaticLoggerBinder.class]
SLF4J: Found binding in [jar:file:/home/tdurieux/.m2/repository/ch/qos/logback/logback-classic/1.0.1/logback-classic-1.0.1.jar!/org/slf4j/impl/StaticLoggerBinder.class]
SLF4J: Found binding in [jar:file:/home/tdurieux/.m2/repository/org/slf4j/slf4j-simple/1.6.1/slf4j-simple-1.6.1.jar!/org/slf4j/impl/StaticLoggerBinder.class]
SLF4J: Found binding in [jar:file:/home/tdurieux/defects4j4repair/script/../repair_tools/nopol.jar!/org/slf4j/impl/StaticLoggerBinder.class]
SLF4J: See http://www.slf4j.org/codes.html#multiple_bindings for an explanation.
SLF4J: The requested version 1.5.8 by your slf4j binding is not compatible with [1.6]
SLF4J: See http://www.slf4j.org/codes.html#version_mismatch for further details.
junit.framework.ComparisonFailure: expected:<...:childNodeCount":2,"[prefix@d:":{":childNodeCount":1,":data":{}},":data":{":childNodeCount":0]}}> but was:<...:childNodeCount":2,"[:data":{":childNodeCount":0},"prefix@d:":{":childNodeCount":1,":data":{}]}}>
    at junit.framework.Assert.assertEquals(Assert.java:100)
    at junit.framework.Assert.assertEquals(Assert.java:107)
    at org.apache.jackrabbit.oak.plugins.index.old.PrefixIndexTest.test(PrefixIndexTest.java:42)
    at sun.reflect.NativeMethodAccessorImpl.invoke0(Native Method)
    at sun.reflect.NativeMethodAccessorImpl.invoke(NativeMethodAccessorImpl.java:62)
    at sun.reflect.DelegatingMethodAccessorImpl.invoke(DelegatingMethodAccessorImpl.java:43)
11:10:17.699 [pool-45-thread-1] INFO  f.i.l.c.t.SpecificationTestCasesListener - Tests run finished (51 ms)
<> Total tests run: 1
<> Ignored tests: 0
<> Failed tests: 1
~ test(org.apache.jackrabbit.oak.plugins.index.old.PrefixIndexTest)
[expected:<...:childNodeCount":2,"[prefix@d:":{":childNodeCount":1,":data":{}},":data":{":childNodeCount":0]}}> but was:<...:childNodeCount":2,"[:data":{":childNodeCount":0},"prefix@d:":{":childNodeCount":1,":data":{}]}}>]
junit.framework.ComparisonFailure: expected:<...:childNodeCount":2,"[prefix@d:":{":childNodeCount":1,":data":{}},":data":{":childNodeCount":0]}}> but was:<...:childNodeCount":2,"[:data":{":childNodeCount":0},"prefix@d:":{":childNodeCount":1,":data":{}]}}>    at junit.framework.Assert.assertEquals(Assert.java:100)
    at junit.framework.Assert.assertEquals(Assert.java:107)
    at org.apache.jackrabbit.oak.plugins.index.old.PrefixIndexTest.test(PrefixIndexTest.java:42)
    at sun.reflect.NativeMethodAccessorImpl.invoke0(Native Method)
    at sun.reflect.NativeMethodAccessorImpl.invoke(NativeMethodAccessorImpl.java:62)
    at sun.reflect.DelegatingMethodAccessorImpl.invoke(DelegatingMethodAccessorImpl.java:43)

junit.framework.ComparisonFailure: expected:<...:childNodeCount":2,"[prefix@d:":{":childNodeCount":1,":data":{}},":data":{":childNodeCount":0]}}> but was:<...:childNodeCount":2,"[:data":{":childNodeCount":0},"prefix@d:":{":childNodeCount":1,":data":{}]}}>
    at junit.framework.Assert.assertEquals(Assert.java:100)
    at junit.framework.Assert.assertEquals(Assert.java:107)
    at org.apache.jackrabbit.oak.plugins.index.old.PrefixIndexTest.test(PrefixIndexTest.java:42)
    at sun.reflect.NativeMethodAccessorImpl.invoke0(Native Method)
    at sun.reflect.NativeMethodAccessorImpl.invoke(NativeMethodAccessorImpl.java:62)
    at sun.reflect.DelegatingMethodAccessorImpl.invoke(DelegatingMethodAccessorImpl.java:43)
11:10:17.702 [pool-46-thread-1] INFO  f.i.l.c.t.SpecificationTestCasesListener - Tests run finished (2 ms)
<> Total tests run: 1
<> Ignored tests: 0
<> Failed tests: 1
~ test(org.apache.jackrabbit.oak.plugins.index.old.PrefixIndexTest)
[expected:<...:childNodeCount":2,"[prefix@d:":{":childNodeCount":1,":data":{}},":data":{":childNodeCount":0]}}> but was:<...:childNodeCount":2,"[:data":{":childNodeCount":0},"prefix@d:":{":childNodeCount":1,":data":{}]}}>]
junit.framework.ComparisonFailure: expected:<...:childNodeCount":2,"[prefix@d:":{":childNodeCount":1,":data":{}},":data":{":childNodeCount":0]}}> but was:<...:childNodeCount":2,"[:data":{":childNodeCount":0},"prefix@d:":{":childNodeCount":1,":data":{}]}}>    at junit.framework.Assert.assertEquals(Assert.java:100)
    at junit.framework.Assert.assertEquals(Assert.java:107)
    at org.apache.jackrabbit.oak.plugins.index.old.PrefixIndexTest.test(PrefixIndexTest.java:42)
    at sun.reflect.NativeMethodAccessorImpl.invoke0(Native Method)
    at sun.reflect.NativeMethodAccessorImpl.invoke(NativeMethodAccessorImpl.java:62)
    at sun.reflect.DelegatingMethodAccessorImpl.invoke(DelegatingMethodAccessorImpl.java:43)

11:10:17.703 [pool-43-thread-1] DEBUG tests.output - Failing tests with false: 
[test(org.apache.jackrabbit.oak.plugins.index.old.PrefixIndexTest): expected:<...:childNodeCount":2,"[prefix@d:":{":childNodeCount":1,":data":{}},":data":{":childNodeCount":0]}}> but was:<...:childNodeCount":2,"[:data":{":childNodeCount":0},"prefix@d:":{":childNodeCount":1,":data":{}]}}>]
11:10:17.703 [pool-43-thread-1] DEBUG tests.output - Failing tests with true: 
[test(org.apache.jackrabbit.oak.plugins.index.old.PrefixIndexTest): expected:<...:childNodeCount":2,"[prefix@d:":{":childNodeCount":1,":data":{}},":data":{":childNodeCount":0]}}> but was:<...:childNodeCount":2,"[:data":{":childNodeCount":0},"prefix@d:":{":childNodeCount":1,":data":{}]}}>]
11:10:17.703 [pool-43-thread-1] INFO  f.i.l.r.n.synth.SMTNopolSynthesizer - Not enough specifications: 0. A trivial patch is "true" or "false", please write new tests specifying SourceLocation org.apache.jackrabbit.oak.plugins.index.old.Indexer:169.
11:10:17.703 [pool-2-thread-1] DEBUG fr.inria.lille.repair.nopol.NoPol - looking with class fr.inria.lille.repair.nopol.spoon.smt.ConditionalReplacer
SLF4J: Class path contains multiple SLF4J bindings.
SLF4J: Found binding in [jar:file:/home/tdurieux/.m2/repository/org/slf4j/slf4j-nop/1.5.8/slf4j-nop-1.5.8.jar!/org/slf4j/impl/StaticLoggerBinder.class]
SLF4J: Found binding in [jar:file:/home/tdurieux/.m2/repository/ch/qos/logback/logback-classic/1.0.1/logback-classic-1.0.1.jar!/org/slf4j/impl/StaticLoggerBinder.class]
SLF4J: Found binding in [jar:file:/home/tdurieux/.m2/repository/org/slf4j/slf4j-simple/1.6.1/slf4j-simple-1.6.1.jar!/org/slf4j/impl/StaticLoggerBinder.class]
SLF4J: Found binding in [jar:file:/home/tdurieux/defects4j4repair/script/../repair_tools/nopol.jar!/org/slf4j/impl/StaticLoggerBinder.class]
SLF4J: See http://www.slf4j.org/codes.html#multiple_bindings for an explanation.
SLF4J: The requested version 1.5.8 by your slf4j binding is not compatible with [1.6]
SLF4J: See http://www.slf4j.org/codes.html#version_mismatch for further details.
junit.framework.ComparisonFailure: expected:<...:childNodeCount":2,"[prefix@d:":{":childNodeCount":1,":data":{}},":data":{":childNodeCount":0]}}> but was:<...:childNodeCount":2,"[:data":{":childNodeCount":0},"prefix@d:":{":childNodeCount":1,":data":{}]}}>
    at junit.framework.Assert.assertEquals(Assert.java:100)
    at junit.framework.Assert.assertEquals(Assert.java:107)
    at org.apache.jackrabbit.oak.plugins.index.old.PrefixIndexTest.test(PrefixIndexTest.java:42)
    at sun.reflect.NativeMethodAccessorImpl.invoke0(Native Method)
    at sun.reflect.NativeMethodAccessorImpl.invoke(NativeMethodAccessorImpl.java:62)
    at sun.reflect.DelegatingMethodAccessorImpl.invoke(DelegatingMethodAccessorImpl.java:43)
11:10:17.756 [pool-48-thread-1] INFO  xxl.java.junit.TestCasesListener - Tests run finished (50 ms)
<> Total tests run: 1
<> Ignored tests: 0
<> Failed tests: 1
~ test(org.apache.jackrabbit.oak.plugins.index.old.PrefixIndexTest)
[expected:<...:childNodeCount":2,"[prefix@d:":{":childNodeCount":1,":data":{}},":data":{":childNodeCount":0]}}> but was:<...:childNodeCount":2,"[:data":{":childNodeCount":0},"prefix@d:":{":childNodeCount":1,":data":{}]}}>]
junit.framework.ComparisonFailure: expected:<...:childNodeCount":2,"[prefix@d:":{":childNodeCount":1,":data":{}},":data":{":childNodeCount":0]}}> but was:<...:childNodeCount":2,"[:data":{":childNodeCount":0},"prefix@d:":{":childNodeCount":1,":data":{}]}}>    at junit.framework.Assert.assertEquals(Assert.java:100)
    at junit.framework.Assert.assertEquals(Assert.java:107)
    at org.apache.jackrabbit.oak.plugins.index.old.PrefixIndexTest.test(PrefixIndexTest.java:42)
    at sun.reflect.NativeMethodAccessorImpl.invoke0(Native Method)
    at sun.reflect.NativeMethodAccessorImpl.invoke(NativeMethodAccessorImpl.java:62)
    at sun.reflect.DelegatingMethodAccessorImpl.invoke(DelegatingMethodAccessorImpl.java:43)

SLF4J: Class path contains multiple SLF4J bindings.
SLF4J: Found binding in [jar:file:/home/tdurieux/.m2/repository/org/slf4j/slf4j-nop/1.5.8/slf4j-nop-1.5.8.jar!/org/slf4j/impl/StaticLoggerBinder.class]
SLF4J: Found binding in [jar:file:/home/tdurieux/.m2/repository/ch/qos/logback/logback-classic/1.0.1/logback-classic-1.0.1.jar!/org/slf4j/impl/StaticLoggerBinder.class]
SLF4J: Found binding in [jar:file:/home/tdurieux/.m2/repository/org/slf4j/slf4j-simple/1.6.1/slf4j-simple-1.6.1.jar!/org/slf4j/impl/StaticLoggerBinder.class]
SLF4J: Found binding in [jar:file:/home/tdurieux/defects4j4repair/script/../repair_tools/nopol.jar!/org/slf4j/impl/StaticLoggerBinder.class]
SLF4J: See http://www.slf4j.org/codes.html#multiple_bindings for an explanation.
SLF4J: The requested version 1.5.8 by your slf4j binding is not compatible with [1.6]
SLF4J: See http://www.slf4j.org/codes.html#version_mismatch for further details.
junit.framework.ComparisonFailure: expected:<...:childNodeCount":2,"[prefix@d:":{":childNodeCount":1,":data":{}},":data":{":childNodeCount":0]}}> but was:<...:childNodeCount":2,"[:data":{":childNodeCount":0},"prefix@d:":{":childNodeCount":1,":data":{}]}}>
    at junit.framework.Assert.assertEquals(Assert.java:100)
    at junit.framework.Assert.assertEquals(Assert.java:107)
    at org.apache.jackrabbit.oak.plugins.index.old.PrefixIndexTest.test(PrefixIndexTest.java:42)
    at sun.reflect.NativeMethodAccessorImpl.invoke0(Native Method)
    at sun.reflect.NativeMethodAccessorImpl.invoke(NativeMethodAccessorImpl.java:62)
    at sun.reflect.DelegatingMethodAccessorImpl.invoke(DelegatingMethodAccessorImpl.java:43)
11:10:18.112 [pool-49-thread-1] INFO  f.i.l.c.t.SpecificationTestCasesListener - Tests run finished (51 ms)
<> Total tests run: 1
<> Ignored tests: 0
<> Failed tests: 1
~ test(org.apache.jackrabbit.oak.plugins.index.old.PrefixIndexTest)
[expected:<...:childNodeCount":2,"[prefix@d:":{":childNodeCount":1,":data":{}},":data":{":childNodeCount":0]}}> but was:<...:childNodeCount":2,"[:data":{":childNodeCount":0},"prefix@d:":{":childNodeCount":1,":data":{}]}}>]
junit.framework.ComparisonFailure: expected:<...:childNodeCount":2,"[prefix@d:":{":childNodeCount":1,":data":{}},":data":{":childNodeCount":0]}}> but was:<...:childNodeCount":2,"[:data":{":childNodeCount":0},"prefix@d:":{":childNodeCount":1,":data":{}]}}>    at junit.framework.Assert.assertEquals(Assert.java:100)
    at junit.framework.Assert.assertEquals(Assert.java:107)
    at org.apache.jackrabbit.oak.plugins.index.old.PrefixIndexTest.test(PrefixIndexTest.java:42)
    at sun.reflect.NativeMethodAccessorImpl.invoke0(Native Method)
    at sun.reflect.NativeMethodAccessorImpl.invoke(NativeMethodAccessorImpl.java:62)
    at sun.reflect.DelegatingMethodAccessorImpl.invoke(DelegatingMethodAccessorImpl.java:43)

junit.framework.ComparisonFailure: expected:<{":childNodeCount":[2,"prefix@d:":{":childNodeCount":1,":data":{}}],":data":{":childNod...> but was:<{":childNodeCount":[1],":data":{":childNod...>
    at junit.framework.Assert.assertEquals(Assert.java:100)
    at junit.framework.Assert.assertEquals(Assert.java:107)
    at org.apache.jackrabbit.oak.plugins.index.old.PrefixIndexTest.test(PrefixIndexTest.java:42)
    at sun.reflect.NativeMethodAccessorImpl.invoke0(Native Method)
    at sun.reflect.NativeMethodAccessorImpl.invoke(NativeMethodAccessorImpl.java:62)
    at sun.reflect.DelegatingMethodAccessorImpl.invoke(DelegatingMethodAccessorImpl.java:43)
11:10:18.114 [pool-50-thread-1] INFO  f.i.l.c.t.SpecificationTestCasesListener - Tests run finished (1 ms)
<> Total tests run: 1
<> Ignored tests: 0
<> Failed tests: 1
~ test(org.apache.jackrabbit.oak.plugins.index.old.PrefixIndexTest)
[expected:<{":childNodeCount":[2,"prefix@d:":{":childNodeCount":1,":data":{}}],":data":{":childNod...> but was:<{":childNodeCount":[1],":data":{":childNod...>]
junit.framework.ComparisonFailure: expected:<{":childNodeCount":[2,"prefix@d:":{":childNodeCount":1,":data":{}}],":data":{":childNod...> but was:<{":childNodeCount":[1],":data":{":childNod...>    at junit.framework.Assert.assertEquals(Assert.java:100)
    at junit.framework.Assert.assertEquals(Assert.java:107)
    at org.apache.jackrabbit.oak.plugins.index.old.PrefixIndexTest.test(PrefixIndexTest.java:42)
    at sun.reflect.NativeMethodAccessorImpl.invoke0(Native Method)
    at sun.reflect.NativeMethodAccessorImpl.invoke(NativeMethodAccessorImpl.java:62)
    at sun.reflect.DelegatingMethodAccessorImpl.invoke(DelegatingMethodAccessorImpl.java:43)

11:10:18.115 [pool-47-thread-1] DEBUG tests.output - Failing tests with false: 
[test(org.apache.jackrabbit.oak.plugins.index.old.PrefixIndexTest): expected:<...:childNodeCount":2,"[prefix@d:":{":childNodeCount":1,":data":{}},":data":{":childNodeCount":0]}}> but was:<...:childNodeCount":2,"[:data":{":childNodeCount":0},"prefix@d:":{":childNodeCount":1,":data":{}]}}>]
11:10:18.115 [pool-47-thread-1] DEBUG tests.output - Failing tests with true: 
[test(org.apache.jackrabbit.oak.plugins.index.old.PrefixIndexTest): expected:<{":childNodeCount":[2,"prefix@d:":{":childNodeCount":1,":data":{}}],":data":{":childNod...> but was:<{":childNodeCount":[1],":data":{":childNod...>]
11:10:18.115 [pool-47-thread-1] INFO  f.i.l.r.n.synth.SMTNopolSynthesizer - Not enough specifications: 0. A trivial patch is "true" or "false", please write new tests specifying SourceLocation org.apache.jackrabbit.oak.plugins.index.old.Indexer:169.
11:10:18.115 [pool-2-thread-1] DEBUG fr.inria.lille.repair.nopol.NoPol - statement #23
11:10:18.115 [pool-2-thread-1] DEBUG fr.inria.lille.repair.nopol.NoPol - Analysing SourceLocation org.apache.jackrabbit.oak.plugins.index.old.Indexer:168 which is executed by 3 tests
-687021856
11:10:18.267 [pool-2-thread-1] DEBUG fr.inria.lille.repair.nopol.NoPol - statement #24
11:10:18.267 [pool-2-thread-1] DEBUG fr.inria.lille.repair.nopol.NoPol - Analysing SourceLocation org.apache.jackrabbit.oak.plugins.index.old.Indexer:634 which is executed by 11 tests
-687021856
11:10:18.423 [pool-2-thread-1] DEBUG fr.inria.lille.repair.nopol.NoPol - statement #25
11:10:18.423 [pool-2-thread-1] DEBUG fr.inria.lille.repair.nopol.NoPol - Analysing SourceLocation org.apache.jackrabbit.oak.plugins.index.old.Indexer:631 which is executed by 11 tests
-687021856
11:10:18.577 [pool-2-thread-1] DEBUG fr.inria.lille.repair.nopol.NoPol - statement #26
11:10:18.578 [pool-2-thread-1] DEBUG fr.inria.lille.repair.nopol.NoPol - Analysing SourceLocation org.apache.jackrabbit.oak.plugins.index.old.Indexer:628 which is executed by 11 tests
-687021856
11:10:18.731 [pool-2-thread-1] DEBUG fr.inria.lille.repair.nopol.NoPol - looking with class fr.inria.lille.repair.nopol.spoon.smt.ConditionalAdder
SLF4J: Class path contains multiple SLF4J bindings.
SLF4J: Found binding in [jar:file:/home/tdurieux/.m2/repository/org/slf4j/slf4j-nop/1.5.8/slf4j-nop-1.5.8.jar!/org/slf4j/impl/StaticLoggerBinder.class]
SLF4J: Found binding in [jar:file:/home/tdurieux/.m2/repository/ch/qos/logback/logback-classic/1.0.1/logback-classic-1.0.1.jar!/org/slf4j/impl/StaticLoggerBinder.class]
SLF4J: Found binding in [jar:file:/home/tdurieux/.m2/repository/org/slf4j/slf4j-simple/1.6.1/slf4j-simple-1.6.1.jar!/org/slf4j/impl/StaticLoggerBinder.class]
SLF4J: Found binding in [jar:file:/home/tdurieux/defects4j4repair/script/../repair_tools/nopol.jar!/org/slf4j/impl/StaticLoggerBinder.class]
SLF4J: See http://www.slf4j.org/codes.html#multiple_bindings for an explanation.
SLF4J: The requested version 1.5.8 by your slf4j binding is not compatible with [1.6]
SLF4J: See http://www.slf4j.org/codes.html#version_mismatch for further details.
junit.framework.ComparisonFailure: expected:<...:childNodeCount":2,"[prefix@d:":{":childNodeCount":1,":data":{}},":data":{":childNodeCount":0]}}> but was:<...:childNodeCount":2,"[:data":{":childNodeCount":0},"prefix@d:":{":childNodeCount":1,":data":{}]}}>
    at junit.framework.Assert.assertEquals(Assert.java:100)
    at junit.framework.Assert.assertEquals(Assert.java:107)
    at org.apache.jackrabbit.oak.plugins.index.old.PrefixIndexTest.test(PrefixIndexTest.java:42)
    at sun.reflect.NativeMethodAccessorImpl.invoke0(Native Method)
    at sun.reflect.NativeMethodAccessorImpl.invoke(NativeMethodAccessorImpl.java:62)
    at sun.reflect.DelegatingMethodAccessorImpl.invoke(DelegatingMethodAccessorImpl.java:43)
11:10:18.783 [pool-52-thread-1] INFO  xxl.java.junit.TestCasesListener - Tests run finished (50 ms)
<> Total tests run: 1
<> Ignored tests: 0
<> Failed tests: 1
~ test(org.apache.jackrabbit.oak.plugins.index.old.PrefixIndexTest)
[expected:<...:childNodeCount":2,"[prefix@d:":{":childNodeCount":1,":data":{}},":data":{":childNodeCount":0]}}> but was:<...:childNodeCount":2,"[:data":{":childNodeCount":0},"prefix@d:":{":childNodeCount":1,":data":{}]}}>]
junit.framework.ComparisonFailure: expected:<...:childNodeCount":2,"[prefix@d:":{":childNodeCount":1,":data":{}},":data":{":childNodeCount":0]}}> but was:<...:childNodeCount":2,"[:data":{":childNodeCount":0},"prefix@d:":{":childNodeCount":1,":data":{}]}}>    at junit.framework.Assert.assertEquals(Assert.java:100)
    at junit.framework.Assert.assertEquals(Assert.java:107)
    at org.apache.jackrabbit.oak.plugins.index.old.PrefixIndexTest.test(PrefixIndexTest.java:42)
    at sun.reflect.NativeMethodAccessorImpl.invoke0(Native Method)
    at sun.reflect.NativeMethodAccessorImpl.invoke(NativeMethodAccessorImpl.java:62)
    at sun.reflect.DelegatingMethodAccessorImpl.invoke(DelegatingMethodAccessorImpl.java:43)

SLF4J: Class path contains multiple SLF4J bindings.
SLF4J: Found binding in [jar:file:/home/tdurieux/.m2/repository/org/slf4j/slf4j-nop/1.5.8/slf4j-nop-1.5.8.jar!/org/slf4j/impl/StaticLoggerBinder.class]
SLF4J: Found binding in [jar:file:/home/tdurieux/.m2/repository/ch/qos/logback/logback-classic/1.0.1/logback-classic-1.0.1.jar!/org/slf4j/impl/StaticLoggerBinder.class]
SLF4J: Found binding in [jar:file:/home/tdurieux/.m2/repository/org/slf4j/slf4j-simple/1.6.1/slf4j-simple-1.6.1.jar!/org/slf4j/impl/StaticLoggerBinder.class]
SLF4J: Found binding in [jar:file:/home/tdurieux/defects4j4repair/script/../repair_tools/nopol.jar!/org/slf4j/impl/StaticLoggerBinder.class]
SLF4J: See http://www.slf4j.org/codes.html#multiple_bindings for an explanation.
SLF4J: The requested version 1.5.8 by your slf4j binding is not compatible with [1.6]
SLF4J: See http://www.slf4j.org/codes.html#version_mismatch for further details.
junit.framework.ComparisonFailure: expected:<...:childNodeCount":2,"[prefix@d:":{":childNodeCount":1,":data":{}},":data":{":childNodeCount":0]}}> but was:<...:childNodeCount":2,"[:data":{":childNodeCount":0},"prefix@d:":{":childNodeCount":1,":data":{}]}}>
    at junit.framework.Assert.assertEquals(Assert.java:100)
    at junit.framework.Assert.assertEquals(Assert.java:107)
    at org.apache.jackrabbit.oak.plugins.index.old.PrefixIndexTest.test(PrefixIndexTest.java:42)
    at sun.reflect.NativeMethodAccessorImpl.invoke0(Native Method)
    at sun.reflect.NativeMethodAccessorImpl.invoke(NativeMethodAccessorImpl.java:62)
    at sun.reflect.DelegatingMethodAccessorImpl.invoke(DelegatingMethodAccessorImpl.java:43)
11:10:19.129 [pool-53-thread-1] INFO  f.i.l.c.t.SpecificationTestCasesListener - Tests run finished (51 ms)
<> Total tests run: 1
<> Ignored tests: 0
<> Failed tests: 1
~ test(org.apache.jackrabbit.oak.plugins.index.old.PrefixIndexTest)
[expected:<...:childNodeCount":2,"[prefix@d:":{":childNodeCount":1,":data":{}},":data":{":childNodeCount":0]}}> but was:<...:childNodeCount":2,"[:data":{":childNodeCount":0},"prefix@d:":{":childNodeCount":1,":data":{}]}}>]
junit.framework.ComparisonFailure: expected:<...:childNodeCount":2,"[prefix@d:":{":childNodeCount":1,":data":{}},":data":{":childNodeCount":0]}}> but was:<...:childNodeCount":2,"[:data":{":childNodeCount":0},"prefix@d:":{":childNodeCount":1,":data":{}]}}>    at junit.framework.Assert.assertEquals(Assert.java:100)
    at junit.framework.Assert.assertEquals(Assert.java:107)
    at org.apache.jackrabbit.oak.plugins.index.old.PrefixIndexTest.test(PrefixIndexTest.java:42)
    at sun.reflect.NativeMethodAccessorImpl.invoke0(Native Method)
    at sun.reflect.NativeMethodAccessorImpl.invoke(NativeMethodAccessorImpl.java:62)
    at sun.reflect.DelegatingMethodAccessorImpl.invoke(DelegatingMethodAccessorImpl.java:43)

junit.framework.ComparisonFailure: expected:<...:childNodeCount":2,"[prefix@d:":{":childNodeCount":1,":data":{}},":data":{":childNodeCount":0]}}> but was:<...:childNodeCount":2,"[:data":{":childNodeCount":0},"prefix@d:":{":childNodeCount":1,":data":{}]}}>
    at junit.framework.Assert.assertEquals(Assert.java:100)
    at junit.framework.Assert.assertEquals(Assert.java:107)
    at org.apache.jackrabbit.oak.plugins.index.old.PrefixIndexTest.test(PrefixIndexTest.java:42)
    at sun.reflect.NativeMethodAccessorImpl.invoke0(Native Method)
    at sun.reflect.NativeMethodAccessorImpl.invoke(NativeMethodAccessorImpl.java:62)
    at sun.reflect.DelegatingMethodAccessorImpl.invoke(DelegatingMethodAccessorImpl.java:43)
11:10:19.132 [pool-54-thread-1] INFO  f.i.l.c.t.SpecificationTestCasesListener - Tests run finished (1 ms)
<> Total tests run: 1
<> Ignored tests: 0
<> Failed tests: 1
~ test(org.apache.jackrabbit.oak.plugins.index.old.PrefixIndexTest)
[expected:<...:childNodeCount":2,"[prefix@d:":{":childNodeCount":1,":data":{}},":data":{":childNodeCount":0]}}> but was:<...:childNodeCount":2,"[:data":{":childNodeCount":0},"prefix@d:":{":childNodeCount":1,":data":{}]}}>]
junit.framework.ComparisonFailure: expected:<...:childNodeCount":2,"[prefix@d:":{":childNodeCount":1,":data":{}},":data":{":childNodeCount":0]}}> but was:<...:childNodeCount":2,"[:data":{":childNodeCount":0},"prefix@d:":{":childNodeCount":1,":data":{}]}}>    at junit.framework.Assert.assertEquals(Assert.java:100)
    at junit.framework.Assert.assertEquals(Assert.java:107)
    at org.apache.jackrabbit.oak.plugins.index.old.PrefixIndexTest.test(PrefixIndexTest.java:42)
    at sun.reflect.NativeMethodAccessorImpl.invoke0(Native Method)
    at sun.reflect.NativeMethodAccessorImpl.invoke(NativeMethodAccessorImpl.java:62)
    at sun.reflect.DelegatingMethodAccessorImpl.invoke(DelegatingMethodAccessorImpl.java:43)

11:10:19.133 [pool-51-thread-1] DEBUG tests.output - Failing tests with false: 
[test(org.apache.jackrabbit.oak.plugins.index.old.PrefixIndexTest): expected:<...:childNodeCount":2,"[prefix@d:":{":childNodeCount":1,":data":{}},":data":{":childNodeCount":0]}}> but was:<...:childNodeCount":2,"[:data":{":childNodeCount":0},"prefix@d:":{":childNodeCount":1,":data":{}]}}>]
11:10:19.134 [pool-51-thread-1] DEBUG tests.output - Failing tests with true: 
[test(org.apache.jackrabbit.oak.plugins.index.old.PrefixIndexTest): expected:<...:childNodeCount":2,"[prefix@d:":{":childNodeCount":1,":data":{}},":data":{":childNodeCount":0]}}> but was:<...:childNodeCount":2,"[:data":{":childNodeCount":0},"prefix@d:":{":childNodeCount":1,":data":{}]}}>]
11:10:19.134 [pool-51-thread-1] INFO  f.i.l.r.n.synth.SMTNopolSynthesizer - Not enough specifications: 0. A trivial patch is "true" or "false", please write new tests specifying SourceLocation org.apache.jackrabbit.oak.plugins.index.old.Indexer:628.
11:10:19.134 [pool-2-thread-1] DEBUG fr.inria.lille.repair.nopol.NoPol - looking with class fr.inria.lille.repair.nopol.spoon.smt.ConditionalReplacer
SLF4J: Class path contains multiple SLF4J bindings.
SLF4J: Found binding in [jar:file:/home/tdurieux/.m2/repository/org/slf4j/slf4j-nop/1.5.8/slf4j-nop-1.5.8.jar!/org/slf4j/impl/StaticLoggerBinder.class]
SLF4J: Found binding in [jar:file:/home/tdurieux/.m2/repository/ch/qos/logback/logback-classic/1.0.1/logback-classic-1.0.1.jar!/org/slf4j/impl/StaticLoggerBinder.class]
SLF4J: Found binding in [jar:file:/home/tdurieux/.m2/repository/org/slf4j/slf4j-simple/1.6.1/slf4j-simple-1.6.1.jar!/org/slf4j/impl/StaticLoggerBinder.class]
SLF4J: Found binding in [jar:file:/home/tdurieux/defects4j4repair/script/../repair_tools/nopol.jar!/org/slf4j/impl/StaticLoggerBinder.class]
SLF4J: See http://www.slf4j.org/codes.html#multiple_bindings for an explanation.
SLF4J: The requested version 1.5.8 by your slf4j binding is not compatible with [1.6]
SLF4J: See http://www.slf4j.org/codes.html#version_mismatch for further details.
junit.framework.ComparisonFailure: expected:<...:childNodeCount":2,"[prefix@d:":{":childNodeCount":1,":data":{}},":data":{":childNodeCount":0]}}> but was:<...:childNodeCount":2,"[:data":{":childNodeCount":0},"prefix@d:":{":childNodeCount":1,":data":{}]}}>
    at junit.framework.Assert.assertEquals(Assert.java:100)
    at junit.framework.Assert.assertEquals(Assert.java:107)
    at org.apache.jackrabbit.oak.plugins.index.old.PrefixIndexTest.test(PrefixIndexTest.java:42)
    at sun.reflect.NativeMethodAccessorImpl.invoke0(Native Method)
    at sun.reflect.NativeMethodAccessorImpl.invoke(NativeMethodAccessorImpl.java:62)
    at sun.reflect.DelegatingMethodAccessorImpl.invoke(DelegatingMethodAccessorImpl.java:43)
11:10:19.186 [pool-56-thread-1] INFO  xxl.java.junit.TestCasesListener - Tests run finished (50 ms)
<> Total tests run: 1
<> Ignored tests: 0
<> Failed tests: 1
~ test(org.apache.jackrabbit.oak.plugins.index.old.PrefixIndexTest)
[expected:<...:childNodeCount":2,"[prefix@d:":{":childNodeCount":1,":data":{}},":data":{":childNodeCount":0]}}> but was:<...:childNodeCount":2,"[:data":{":childNodeCount":0},"prefix@d:":{":childNodeCount":1,":data":{}]}}>]
junit.framework.ComparisonFailure: expected:<...:childNodeCount":2,"[prefix@d:":{":childNodeCount":1,":data":{}},":data":{":childNodeCount":0]}}> but was:<...:childNodeCount":2,"[:data":{":childNodeCount":0},"prefix@d:":{":childNodeCount":1,":data":{}]}}>    at junit.framework.Assert.assertEquals(Assert.java:100)
    at junit.framework.Assert.assertEquals(Assert.java:107)
    at org.apache.jackrabbit.oak.plugins.index.old.PrefixIndexTest.test(PrefixIndexTest.java:42)
    at sun.reflect.NativeMethodAccessorImpl.invoke0(Native Method)
    at sun.reflect.NativeMethodAccessorImpl.invoke(NativeMethodAccessorImpl.java:62)
    at sun.reflect.DelegatingMethodAccessorImpl.invoke(DelegatingMethodAccessorImpl.java:43)

SLF4J: Class path contains multiple SLF4J bindings.
SLF4J: Found binding in [jar:file:/home/tdurieux/.m2/repository/org/slf4j/slf4j-nop/1.5.8/slf4j-nop-1.5.8.jar!/org/slf4j/impl/StaticLoggerBinder.class]
SLF4J: Found binding in [jar:file:/home/tdurieux/.m2/repository/ch/qos/logback/logback-classic/1.0.1/logback-classic-1.0.1.jar!/org/slf4j/impl/StaticLoggerBinder.class]
SLF4J: Found binding in [jar:file:/home/tdurieux/.m2/repository/org/slf4j/slf4j-simple/1.6.1/slf4j-simple-1.6.1.jar!/org/slf4j/impl/StaticLoggerBinder.class]
SLF4J: Found binding in [jar:file:/home/tdurieux/defects4j4repair/script/../repair_tools/nopol.jar!/org/slf4j/impl/StaticLoggerBinder.class]
SLF4J: See http://www.slf4j.org/codes.html#multiple_bindings for an explanation.
SLF4J: The requested version 1.5.8 by your slf4j binding is not compatible with [1.6]
SLF4J: See http://www.slf4j.org/codes.html#version_mismatch for further details.
junit.framework.ComparisonFailure: expected:<...:childNodeCount":2,"[prefix@d:":{":childNodeCount":1,":data":{}},":data":{":childNodeCount":0]}}> but was:<...:childNodeCount":2,"[:data":{":childNodeCount":0},"prefix@d:":{":childNodeCount":1,":data":{}]}}>
    at junit.framework.Assert.assertEquals(Assert.java:100)
    at junit.framework.Assert.assertEquals(Assert.java:107)
    at org.apache.jackrabbit.oak.plugins.index.old.PrefixIndexTest.test(PrefixIndexTest.java:42)
    at sun.reflect.NativeMethodAccessorImpl.invoke0(Native Method)
    at sun.reflect.NativeMethodAccessorImpl.invoke(NativeMethodAccessorImpl.java:62)
    at sun.reflect.DelegatingMethodAccessorImpl.invoke(DelegatingMethodAccessorImpl.java:43)
11:10:19.589 [pool-57-thread-1] INFO  f.i.l.c.t.SpecificationTestCasesListener - Tests run finished (53 ms)
<> Total tests run: 1
<> Ignored tests: 0
<> Failed tests: 1
~ test(org.apache.jackrabbit.oak.plugins.index.old.PrefixIndexTest)
[expected:<...:childNodeCount":2,"[prefix@d:":{":childNodeCount":1,":data":{}},":data":{":childNodeCount":0]}}> but was:<...:childNodeCount":2,"[:data":{":childNodeCount":0},"prefix@d:":{":childNodeCount":1,":data":{}]}}>]
junit.framework.ComparisonFailure: expected:<...:childNodeCount":2,"[prefix@d:":{":childNodeCount":1,":data":{}},":data":{":childNodeCount":0]}}> but was:<...:childNodeCount":2,"[:data":{":childNodeCount":0},"prefix@d:":{":childNodeCount":1,":data":{}]}}>    at junit.framework.Assert.assertEquals(Assert.java:100)
    at junit.framework.Assert.assertEquals(Assert.java:107)
    at org.apache.jackrabbit.oak.plugins.index.old.PrefixIndexTest.test(PrefixIndexTest.java:42)
    at sun.reflect.NativeMethodAccessorImpl.invoke0(Native Method)
    at sun.reflect.NativeMethodAccessorImpl.invoke(NativeMethodAccessorImpl.java:62)
    at sun.reflect.DelegatingMethodAccessorImpl.invoke(DelegatingMethodAccessorImpl.java:43)

junit.framework.ComparisonFailure: expected:<...:childNodeCount":2,"[prefix@d:":{":childNodeCount":1,":data":{}},":data":{":childNodeCount":0]}}> but was:<...:childNodeCount":2,"[:data":{":childNodeCount":0},"prefix@d:":{":childNodeCount":1,":data":{}]}}>
    at junit.framework.Assert.assertEquals(Assert.java:100)
    at junit.framework.Assert.assertEquals(Assert.java:107)
    at org.apache.jackrabbit.oak.plugins.index.old.PrefixIndexTest.test(PrefixIndexTest.java:42)
    at sun.reflect.NativeMethodAccessorImpl.invoke0(Native Method)
    at sun.reflect.NativeMethodAccessorImpl.invoke(NativeMethodAccessorImpl.java:62)
    at sun.reflect.DelegatingMethodAccessorImpl.invoke(DelegatingMethodAccessorImpl.java:43)
11:10:19.591 [pool-58-thread-1] INFO  f.i.l.c.t.SpecificationTestCasesListener - Tests run finished (2 ms)
<> Total tests run: 1
<> Ignored tests: 0
<> Failed tests: 1
~ test(org.apache.jackrabbit.oak.plugins.index.old.PrefixIndexTest)
[expected:<...:childNodeCount":2,"[prefix@d:":{":childNodeCount":1,":data":{}},":data":{":childNodeCount":0]}}> but was:<...:childNodeCount":2,"[:data":{":childNodeCount":0},"prefix@d:":{":childNodeCount":1,":data":{}]}}>]
junit.framework.ComparisonFailure: expected:<...:childNodeCount":2,"[prefix@d:":{":childNodeCount":1,":data":{}},":data":{":childNodeCount":0]}}> but was:<...:childNodeCount":2,"[:data":{":childNodeCount":0},"prefix@d:":{":childNodeCount":1,":data":{}]}}>    at junit.framework.Assert.assertEquals(Assert.java:100)
    at junit.framework.Assert.assertEquals(Assert.java:107)
    at org.apache.jackrabbit.oak.plugins.index.old.PrefixIndexTest.test(PrefixIndexTest.java:42)
    at sun.reflect.NativeMethodAccessorImpl.invoke0(Native Method)
    at sun.reflect.NativeMethodAccessorImpl.invoke(NativeMethodAccessorImpl.java:62)
    at sun.reflect.DelegatingMethodAccessorImpl.invoke(DelegatingMethodAccessorImpl.java:43)

11:10:19.592 [pool-55-thread-1] DEBUG tests.output - Failing tests with false: 
[test(org.apache.jackrabbit.oak.plugins.index.old.PrefixIndexTest): expected:<...:childNodeCount":2,"[prefix@d:":{":childNodeCount":1,":data":{}},":data":{":childNodeCount":0]}}> but was:<...:childNodeCount":2,"[:data":{":childNodeCount":0},"prefix@d:":{":childNodeCount":1,":data":{}]}}>]
11:10:19.592 [pool-55-thread-1] DEBUG tests.output - Failing tests with true: 
[test(org.apache.jackrabbit.oak.plugins.index.old.PrefixIndexTest): expected:<...:childNodeCount":2,"[prefix@d:":{":childNodeCount":1,":data":{}},":data":{":childNodeCount":0]}}> but was:<...:childNodeCount":2,"[:data":{":childNodeCount":0},"prefix@d:":{":childNodeCount":1,":data":{}]}}>]
11:10:19.592 [pool-55-thread-1] INFO  f.i.l.r.n.synth.SMTNopolSynthesizer - Not enough specifications: 0. A trivial patch is "true" or "false", please write new tests specifying SourceLocation org.apache.jackrabbit.oak.plugins.index.old.Indexer:628.
11:10:19.592 [pool-2-thread-1] DEBUG fr.inria.lille.repair.nopol.NoPol - statement #27
11:10:19.592 [pool-2-thread-1] DEBUG fr.inria.lille.repair.nopol.NoPol - Analysing SourceLocation org.apache.jackrabbit.oak.plugins.index.old.Indexer:626 which is executed by 11 tests
-687021856
11:10:19.784 [pool-2-thread-1] DEBUG fr.inria.lille.repair.nopol.NoPol - looking with class fr.inria.lille.repair.nopol.spoon.smt.ConditionalAdder
SLF4J: Class path contains multiple SLF4J bindings.
SLF4J: Found binding in [jar:file:/home/tdurieux/.m2/repository/org/slf4j/slf4j-nop/1.5.8/slf4j-nop-1.5.8.jar!/org/slf4j/impl/StaticLoggerBinder.class]
SLF4J: Found binding in [jar:file:/home/tdurieux/.m2/repository/ch/qos/logback/logback-classic/1.0.1/logback-classic-1.0.1.jar!/org/slf4j/impl/StaticLoggerBinder.class]
SLF4J: Found binding in [jar:file:/home/tdurieux/.m2/repository/org/slf4j/slf4j-simple/1.6.1/slf4j-simple-1.6.1.jar!/org/slf4j/impl/StaticLoggerBinder.class]
SLF4J: Found binding in [jar:file:/home/tdurieux/defects4j4repair/script/../repair_tools/nopol.jar!/org/slf4j/impl/StaticLoggerBinder.class]
SLF4J: See http://www.slf4j.org/codes.html#multiple_bindings for an explanation.
SLF4J: The requested version 1.5.8 by your slf4j binding is not compatible with [1.6]
SLF4J: See http://www.slf4j.org/codes.html#version_mismatch for further details.
junit.framework.ComparisonFailure: expected:<...:childNodeCount":2,"[prefix@d:":{":childNodeCount":1,":data":{}},":data":{":childNodeCount":0]}}> but was:<...:childNodeCount":2,"[:data":{":childNodeCount":0},"prefix@d:":{":childNodeCount":1,":data":{}]}}>
    at junit.framework.Assert.assertEquals(Assert.java:100)
    at junit.framework.Assert.assertEquals(Assert.java:107)
    at org.apache.jackrabbit.oak.plugins.index.old.PrefixIndexTest.test(PrefixIndexTest.java:42)
    at sun.reflect.NativeMethodAccessorImpl.invoke0(Native Method)
    at sun.reflect.NativeMethodAccessorImpl.invoke(NativeMethodAccessorImpl.java:62)
    at sun.reflect.DelegatingMethodAccessorImpl.invoke(DelegatingMethodAccessorImpl.java:43)
11:10:19.840 [pool-60-thread-1] INFO  xxl.java.junit.TestCasesListener - Tests run finished (53 ms)
<> Total tests run: 1
<> Ignored tests: 0
<> Failed tests: 1
~ test(org.apache.jackrabbit.oak.plugins.index.old.PrefixIndexTest)
[expected:<...:childNodeCount":2,"[prefix@d:":{":childNodeCount":1,":data":{}},":data":{":childNodeCount":0]}}> but was:<...:childNodeCount":2,"[:data":{":childNodeCount":0},"prefix@d:":{":childNodeCount":1,":data":{}]}}>]
junit.framework.ComparisonFailure: expected:<...:childNodeCount":2,"[prefix@d:":{":childNodeCount":1,":data":{}},":data":{":childNodeCount":0]}}> but was:<...:childNodeCount":2,"[:data":{":childNodeCount":0},"prefix@d:":{":childNodeCount":1,":data":{}]}}>    at junit.framework.Assert.assertEquals(Assert.java:100)
    at junit.framework.Assert.assertEquals(Assert.java:107)
    at org.apache.jackrabbit.oak.plugins.index.old.PrefixIndexTest.test(PrefixIndexTest.java:42)
    at sun.reflect.NativeMethodAccessorImpl.invoke0(Native Method)
    at sun.reflect.NativeMethodAccessorImpl.invoke(NativeMethodAccessorImpl.java:62)
    at sun.reflect.DelegatingMethodAccessorImpl.invoke(DelegatingMethodAccessorImpl.java:43)

SLF4J: Class path contains multiple SLF4J bindings.
SLF4J: Found binding in [jar:file:/home/tdurieux/.m2/repository/org/slf4j/slf4j-nop/1.5.8/slf4j-nop-1.5.8.jar!/org/slf4j/impl/StaticLoggerBinder.class]
SLF4J: Found binding in [jar:file:/home/tdurieux/.m2/repository/ch/qos/logback/logback-classic/1.0.1/logback-classic-1.0.1.jar!/org/slf4j/impl/StaticLoggerBinder.class]
SLF4J: Found binding in [jar:file:/home/tdurieux/.m2/repository/org/slf4j/slf4j-simple/1.6.1/slf4j-simple-1.6.1.jar!/org/slf4j/impl/StaticLoggerBinder.class]
SLF4J: Found binding in [jar:file:/home/tdurieux/defects4j4repair/script/../repair_tools/nopol.jar!/org/slf4j/impl/StaticLoggerBinder.class]
SLF4J: See http://www.slf4j.org/codes.html#multiple_bindings for an explanation.
SLF4J: The requested version 1.5.8 by your slf4j binding is not compatible with [1.6]
SLF4J: See http://www.slf4j.org/codes.html#version_mismatch for further details.
11:14:04.699 [pool-59-thread-1] DEBUG xxl.java.junit.TestSuiteExecution - Timeout after 200 seconds. Infinite loop?
11:14:12.244 [pool-2-thread-1] ERROR fr.inria.lille.repair.nopol.NoPol - Error ExecutionException java.util.concurrent.ExecutionException: java.lang.RuntimeException: java.util.concurrent.TimeoutException
11:14:12.244 [pool-2-thread-1] DEBUG fr.inria.lille.repair.nopol.NoPol - statement #28
11:14:12.244 [pool-2-thread-1] DEBUG fr.inria.lille.repair.nopol.NoPol - Analysing SourceLocation org.apache.jackrabbit.oak.plugins.index.old.Indexer:625 which is executed by 11 tests
java.util.concurrent.ExecutionException: java.lang.OutOfMemoryError: Java heap space
	at java.util.concurrent.FutureTask.report(FutureTask.java:122)
	at java.util.concurrent.FutureTask.get(FutureTask.java:206)
	at fr.inria.lille.repair.Main.main(Main.java:106)
Caused by: java.lang.OutOfMemoryError: Java heap space
	at java.util.Arrays.copyOfRange(Arrays.java:3664)
	at java.lang.String.<init>(String.java:207)
	at java.lang.String.substring(String.java:1969)
	at java.io.UnixFileSystem.parentOrNull(UnixFileSystem.java:227)
	at java.io.UnixFileSystem.canonicalize(UnixFileSystem.java:160)
	at java.io.File.getCanonicalPath(File.java:618)
	at java.io.File.getCanonicalFile(File.java:643)
	at spoon.support.compiler.FileSystemFile.<init>(FileSystemFile.java:43)
	at spoon.support.compiler.FileSystemFolder.getFiles(FileSystemFolder.java:63)
	at spoon.support.compiler.FileSystemFolder.getAllJavaFiles(FileSystemFolder.java:108)
	at spoon.support.compiler.FileSystemFolder.getAllJavaFiles(FileSystemFolder.java:114)
	at spoon.support.compiler.FileSystemFolder.getAllJavaFiles(FileSystemFolder.java:114)
	at spoon.support.compiler.FileSystemFolder.getAllJavaFiles(FileSystemFolder.java:114)
	at spoon.support.compiler.FileSystemFolder.getAllJavaFiles(FileSystemFolder.java:114)
	at spoon.support.compiler.FileSystemFolder.getAllJavaFiles(FileSystemFolder.java:114)
	at spoon.support.StandardEnvironment.verifySourceClasspath(StandardEnvironment.java:444)
	at spoon.support.StandardEnvironment.setSourceClasspath(StandardEnvironment.java:428)
	at spoon.support.compiler.jdt.JDTBasedSpoonCompiler.setSourceClasspath(JDTBasedSpoonCompiler.java:321)
	at fr.inria.lille.commons.spoon.util.SpoonModelLibrary.modelFor(SpoonModelLibrary.java:47)
	at fr.inria.lille.commons.spoon.SpoonedFile.<init>(SpoonedFile.java:61)
	at fr.inria.lille.commons.spoon.SpoonedClass.<init>(SpoonedClass.java:14)
	at fr.inria.lille.commons.spoon.SpoonedProject.forked(SpoonedProject.java:47)
	at fr.inria.lille.repair.nopol.NoPol.runOnStatement(NoPol.java:222)
	at fr.inria.lille.repair.nopol.NoPol.solveWithMultipleBuild(NoPol.java:213)
	at fr.inria.lille.repair.nopol.NoPol.build(NoPol.java:154)
	at fr.inria.lille.repair.Main$1.call(Main.java:101)
	at java.util.concurrent.FutureTask.run(FutureTask.java:266)
	at java.util.concurrent.ThreadPoolExecutor.runWorker(ThreadPoolExecutor.java:1149)
	at java.util.concurrent.ThreadPoolExecutor$Worker.run(ThreadPoolExecutor.java:624)
	at java.lang.Thread.run(Thread.java:748)

Usage: java -jar nopol.jar
                          [(-m|--mode) <repair|ranking>] (-e|--type) <condition|precondition|pre_then_cond|loop|arithmetic> [(-o|--oracle) <angelic|symbolic>] [(-y|--synthesis) <smt|dynamoth>] [(-l|--solver) <z3|cvc4>] [(-p|--solver-path) <solverPath>] (-s|--source) source1:source2:...:sourceN  (-c|--classpath) <classpath> [(-t|--test) test1:test2:...:testN ] [--complianceLevel <complianceLevel>] [--maxTime <maxTime>] [--maxTimeType <maxTimeType>] [(-z|--flocal) < cocospoon|dumb|gzoltar>] [--output <outputFolder>] [--json[:<outputJson>]]

  [(-m|--mode) <repair|ranking>]
        Define the mode of execution. (default: repair)

  (-e|--type) <condition|precondition|pre_then_cond|loop|arithmetic>
        The repair type (example fixing only conditions, or adding
        precondition). REQUIRED OPTION (default: condition)

  [(-o|--oracle) <angelic|symbolic>]
        Define the oracle (only used with repair mode). (default: angelic)

  [(-y|--synthesis) <smt|dynamoth>]
        Define the patch synthesis. (default: smt)

  [(-l|--solver) <z3|cvc4>]
        Define the solver (only used with smt synthesis). (default: z3)

  [(-p|--solver-path) <solverPath>]
        Define the solver binary path (only used with smt synthesis).

  (-s|--source) source1:source2:...:sourceN 
        Define the path to the source code of the project.

  (-c|--classpath) <classpath>
        Define the classpath of the project.

  [(-t|--test) test1:test2:...:testN ]
        Define the tests of the project (both failing and passing),
        fully-qualified, separated with ':' (even if the classpath contains
        other tests, only those are considered.

  [--complianceLevel <complianceLevel>]
        The compliance level of the project. (default: 7)

  [--maxTime <maxTime>]
        The maximum time execution in minute for the whole execution of
        Nopol.(default: 10)

  [--maxTimeType <maxTimeType>]
        The maximum time execution in minute for one type of patch. (default: 5)

  [(-z|--flocal) < cocospoon|dumb|gzoltar>]
        Define the fault localizer to be used. (default: gzoltar)

  [--output <outputFolder>]
        Define the location where the patches will be saved. (default: .)

  [--json[:<outputJson>]]
        Output a json file in the current working directory.

Command exited with non-zero status 255
6668.75user 9.62system 29:14.19elapsed 380%CPU (0avgtext+0avgdata 4566336maxresident)k
48568inputs+159224outputs (11major+1651146minor)pagefaults 0swaps


Node: graphene-18.nancy.grid5000.fr



Date: Sat Dec 29 11:38:06 EST 2018

