cd /tmp/DynaMoth_Defects4J_Math_93;
export JAVA_TOOL_OPTIONS="-Dfile.encoding=UTF8 -Duser.language=en-US -Duser.country=US -Duser.language=en";
TZ="America/New_York"; export TZ;
export PATH="/usr/lib/jvm/java-1.8.0-openjdk-amd64/bin/:$PATH";
export JAVA_HOME="/usr/lib/jvm/java-1.8.0-openjdk-amd64/bin/";
time java -d64 -Xmx4g -Xms1g -XX:MaxPermSize=1024m -XX:+UseConcMarkSweepGC -XX:+CMSClassUnloadingEnabled -XX:+CMSClassUnloadingEnabled -cp /home/tdurieux/defects4j4repair/script/../repair_tools/nopol.jar:/usr/lib/jvm/java-1.8.0-openjdk-amd64/bin//../lib/tools.jar fr.inria.lille.repair.Main \
	--mode repair \
	--type pre_then_cond \
	--oracle angelic \
	--synthesis dynamoth \
	--flocal gzoltar \
	--json \
	--solver z3 \
	--solver-path /home/tdurieux/defects4j4repair/script/../libs/z3/build/z3 \
	--complianceLevel 5 \
	--source src/java/ \
	--classpath "target/classes/:target/test-classes/:/tmp/DynaMoth_Defects4J_Math_93/target/classes/:/tmp/DynaMoth_Defects4J_Math_93/target/test-classes/:/home/tdurieux/defects4j4repair/script/../benchmarks/defects4j/framework/projects/lib/junit-4.11.jar:/home/tdurieux/defects4j4repair/script/../repair_tools/nopol.jar";
	echo "\n\nNode: `hostname`\n";
	echo "\n\nDate: `date`\n";
Picked up JAVA_TOOL_OPTIONS: -Dfile.encoding=UTF8 -Duser.language=en-US -Duser.country=US -Duser.language=en
OpenJDK 64-Bit Server VM warning: ignoring option MaxPermSize=1024m; support was removed in 8.0
10:09:51.619 [main] INFO  fr.inria.lille.repair.nopol.NoPol - Source files: [src/java]
10:09:51.642 [main] INFO  fr.inria.lille.repair.nopol.NoPol - Classpath: [file:/tmp/DynaMoth_Defects4J_Math_93/target/classes/, file:/tmp/DynaMoth_Defects4J_Math_93/target/test-classes/, file:/tmp/DynaMoth_Defects4J_Math_93/target/classes/, file:/tmp/DynaMoth_Defects4J_Math_93/target/test-classes/, file:/home/tdurieux/defects4j4repair/script/../benchmarks/defects4j/framework/projects/lib/junit-4.11.jar, file:/home/tdurieux/defects4j4repair/script/../repair_tools/nopol.jar]
10:09:51.642 [main] INFO  fr.inria.lille.repair.nopol.NoPol - Statement type: PRE_THEN_COND
10:09:51.643 [main] INFO  fr.inria.lille.repair.nopol.NoPol - Args: [org.apache.commons.math.ArgumentOutsideDomainExceptionTest, org.apache.commons.math.ArgumentOutsideDomainExceptionTest, org.apache.commons.math.ConvergenceExceptionTest, org.apache.commons.math.ConvergenceExceptionTest, org.apache.commons.math.DuplicateSampleAbscissaExceptionTest, org.apache.commons.math.DuplicateSampleAbscissaExceptionTest, org.apache.commons.math.FunctionEvaluationExceptionTest, org.apache.commons.math.FunctionEvaluationExceptionTest, org.apache.commons.math.MathConfigurationExceptionTest, org.apache.commons.math.MathConfigurationExceptionTest, org.apache.commons.math.MathExceptionTest, org.apache.commons.math.MathExceptionTest, org.apache.commons.math.MaxIterationsExceededExceptionTest, org.apache.commons.math.MaxIterationsExceededExceptionTest, org.apache.commons.math.analysis.integration.RombergIntegratorTest, org.apache.commons.math.analysis.integration.RombergIntegratorTest, org.apache.commons.math.analysis.integration.SimpsonIntegratorTest, org.apache.commons.math.analysis.integration.SimpsonIntegratorTest, org.apache.commons.math.analysis.integration.TrapezoidIntegratorTest, org.apache.commons.math.analysis.integration.TrapezoidIntegratorTest, org.apache.commons.math.analysis.interpolation.DividedDifferenceInterpolatorTest, org.apache.commons.math.analysis.interpolation.DividedDifferenceInterpolatorTest, org.apache.commons.math.analysis.interpolation.NevilleInterpolatorTest, org.apache.commons.math.analysis.interpolation.NevilleInterpolatorTest, org.apache.commons.math.analysis.interpolation.SplineInterpolatorTest, org.apache.commons.math.analysis.interpolation.SplineInterpolatorTest, org.apache.commons.math.analysis.minimization.BrentMinimizerTest, org.apache.commons.math.analysis.minimization.BrentMinimizerTest, org.apache.commons.math.analysis.polynomials.PolynomialFunctionLagrangeFormTest, org.apache.commons.math.analysis.polynomials.PolynomialFunctionLagrangeFormTest, org.apache.commons.math.analysis.polynomials.PolynomialFunctionNewtonFormTest, org.apache.commons.math.analysis.polynomials.PolynomialFunctionNewtonFormTest, org.apache.commons.math.analysis.polynomials.PolynomialFunctionTest, org.apache.commons.math.analysis.polynomials.PolynomialFunctionTest, org.apache.commons.math.analysis.polynomials.PolynomialSplineFunctionTest, org.apache.commons.math.analysis.polynomials.PolynomialSplineFunctionTest, org.apache.commons.math.analysis.solvers.BisectionSolverTest, org.apache.commons.math.analysis.solvers.BisectionSolverTest, org.apache.commons.math.analysis.solvers.BrentSolverTest, org.apache.commons.math.analysis.solvers.BrentSolverTest, org.apache.commons.math.analysis.solvers.LaguerreSolverTest, org.apache.commons.math.analysis.solvers.LaguerreSolverTest, org.apache.commons.math.analysis.solvers.MullerSolverTest, org.apache.commons.math.analysis.solvers.MullerSolverTest, org.apache.commons.math.analysis.solvers.NewtonSolverTest, org.apache.commons.math.analysis.solvers.NewtonSolverTest, org.apache.commons.math.analysis.solvers.RiddersSolverTest, org.apache.commons.math.analysis.solvers.RiddersSolverTest, org.apache.commons.math.analysis.solvers.UnivariateRealSolverFactoryImplTest, org.apache.commons.math.analysis.solvers.UnivariateRealSolverFactoryImplTest, org.apache.commons.math.analysis.solvers.UnivariateRealSolverUtilsTest, org.apache.commons.math.analysis.solvers.UnivariateRealSolverUtilsTest, org.apache.commons.math.complex.ComplexFormatTest, org.apache.commons.math.complex.ComplexFormatTest, org.apache.commons.math.complex.ComplexTest, org.apache.commons.math.complex.ComplexTest, org.apache.commons.math.complex.ComplexUtilsTest, org.apache.commons.math.complex.ComplexUtilsTest, org.apache.commons.math.complex.FrenchComplexFormatTest, org.apache.commons.math.complex.FrenchComplexFormatTest, org.apache.commons.math.distribution.BetaDistributionTest, org.apache.commons.math.distribution.BetaDistributionTest, org.apache.commons.math.distribution.BinomialDistributionTest, org.apache.commons.math.distribution.BinomialDistributionTest, org.apache.commons.math.distribution.CauchyDistributionTest, org.apache.commons.math.distribution.CauchyDistributionTest, org.apache.commons.math.distribution.ChiSquareDistributionTest, org.apache.commons.math.distribution.ChiSquareDistributionTest, org.apache.commons.math.distribution.ExponentialDistributionTest, org.apache.commons.math.distribution.ExponentialDistributionTest, org.apache.commons.math.distribution.FDistributionTest, org.apache.commons.math.distribution.FDistributionTest, org.apache.commons.math.distribution.GammaDistributionTest, org.apache.commons.math.distribution.GammaDistributionTest, org.apache.commons.math.distribution.HypergeometricDistributionTest, org.apache.commons.math.distribution.HypergeometricDistributionTest, org.apache.commons.math.distribution.NormalDistributionTest, org.apache.commons.math.distribution.NormalDistributionTest, org.apache.commons.math.distribution.PascalDistributionTest, org.apache.commons.math.distribution.PascalDistributionTest, org.apache.commons.math.distribution.PoissonDistributionTest, org.apache.commons.math.distribution.PoissonDistributionTest, org.apache.commons.math.distribution.TDistributionTest, org.apache.commons.math.distribution.TDistributionTest, org.apache.commons.math.distribution.WeibullDistributionTest, org.apache.commons.math.distribution.WeibullDistributionTest, org.apache.commons.math.distribution.ZipfDistributionTest, org.apache.commons.math.distribution.ZipfDistributionTest, org.apache.commons.math.estimation.EstimatedParameterTest, org.apache.commons.math.estimation.EstimatedParameterTest, org.apache.commons.math.estimation.GaussNewtonEstimatorTest, org.apache.commons.math.estimation.GaussNewtonEstimatorTest, org.apache.commons.math.estimation.LevenbergMarquardtEstimatorTest, org.apache.commons.math.estimation.LevenbergMarquardtEstimatorTest, org.apache.commons.math.estimation.MinpackTest, org.apache.commons.math.estimation.MinpackTest, org.apache.commons.math.estimation.WeightedMeasurementTest, org.apache.commons.math.estimation.WeightedMeasurementTest, org.apache.commons.math.fraction.FractionFormatTest, org.apache.commons.math.fraction.FractionFormatTest, org.apache.commons.math.fraction.FractionTest, org.apache.commons.math.fraction.FractionTest, org.apache.commons.math.geometry.FrenchVector3DFormatTest, org.apache.commons.math.geometry.FrenchVector3DFormatTest, org.apache.commons.math.geometry.RotationOrderTest, org.apache.commons.math.geometry.RotationOrderTest, org.apache.commons.math.geometry.RotationTest, org.apache.commons.math.geometry.RotationTest, org.apache.commons.math.geometry.Vector3DFormatTest, org.apache.commons.math.geometry.Vector3DFormatTest, org.apache.commons.math.geometry.Vector3DTest, org.apache.commons.math.geometry.Vector3DTest, org.apache.commons.math.linear.BiDiagonalTransformerTest, org.apache.commons.math.linear.BiDiagonalTransformerTest, org.apache.commons.math.linear.BigMatrixImplTest, org.apache.commons.math.linear.BigMatrixImplTest, org.apache.commons.math.linear.DenseRealMatrixTest, org.apache.commons.math.linear.DenseRealMatrixTest, org.apache.commons.math.linear.EigenDecompositionImplTest, org.apache.commons.math.linear.EigenDecompositionImplTest, org.apache.commons.math.linear.EigenSolverTest, org.apache.commons.math.linear.EigenSolverTest, org.apache.commons.math.linear.FrenchRealVectorFormatTest, org.apache.commons.math.linear.FrenchRealVectorFormatTest, org.apache.commons.math.linear.InvalidMatrixExceptionTest, org.apache.commons.math.linear.InvalidMatrixExceptionTest, org.apache.commons.math.linear.LUDecompositionImplTest, org.apache.commons.math.linear.LUDecompositionImplTest, org.apache.commons.math.linear.LUSolverTest, org.apache.commons.math.linear.LUSolverTest, org.apache.commons.math.linear.MatrixIndexExceptionTest, org.apache.commons.math.linear.MatrixIndexExceptionTest, org.apache.commons.math.linear.MatrixUtilsTest, org.apache.commons.math.linear.MatrixUtilsTest, org.apache.commons.math.linear.QRDecompositionImplTest, org.apache.commons.math.linear.QRDecompositionImplTest, org.apache.commons.math.linear.QRSolverTest, org.apache.commons.math.linear.QRSolverTest, org.apache.commons.math.linear.RealMatrixImplTest, org.apache.commons.math.linear.RealMatrixImplTest, org.apache.commons.math.linear.RealVectorFormatTest, org.apache.commons.math.linear.RealVectorFormatTest, org.apache.commons.math.linear.RealVectorImplTest, org.apache.commons.math.linear.RealVectorImplTest, org.apache.commons.math.linear.SingularValueDecompositionImplTest, org.apache.commons.math.linear.SingularValueDecompositionImplTest, org.apache.commons.math.linear.SingularValueSolverTest, org.apache.commons.math.linear.SingularValueSolverTest, org.apache.commons.math.linear.SparseRealMatrixTest, org.apache.commons.math.linear.SparseRealMatrixTest, org.apache.commons.math.linear.TriDiagonalTransformerTest, org.apache.commons.math.linear.TriDiagonalTransformerTest, org.apache.commons.math.ode.ContinuousOutputModelTest, org.apache.commons.math.ode.ContinuousOutputModelTest, org.apache.commons.math.ode.FirstOrderConverterTest, org.apache.commons.math.ode.FirstOrderConverterTest, org.apache.commons.math.ode.nonstiff.AdamsBashforthIntegratorTest, org.apache.commons.math.ode.nonstiff.AdamsBashforthIntegratorTest, org.apache.commons.math.ode.nonstiff.AdamsMoultonIntegratorTest, org.apache.commons.math.ode.nonstiff.AdamsMoultonIntegratorTest, org.apache.commons.math.ode.nonstiff.ClassicalRungeKuttaIntegratorTest, org.apache.commons.math.ode.nonstiff.ClassicalRungeKuttaIntegratorTest, org.apache.commons.math.ode.nonstiff.ClassicalRungeKuttaStepInterpolatorTest, org.apache.commons.math.ode.nonstiff.ClassicalRungeKuttaStepInterpolatorTest, org.apache.commons.math.ode.nonstiff.DormandPrince54IntegratorTest, org.apache.commons.math.ode.nonstiff.DormandPrince54IntegratorTest, org.apache.commons.math.ode.nonstiff.DormandPrince54StepInterpolatorTest, org.apache.commons.math.ode.nonstiff.DormandPrince54StepInterpolatorTest, org.apache.commons.math.ode.nonstiff.DormandPrince853IntegratorTest, org.apache.commons.math.ode.nonstiff.DormandPrince853IntegratorTest, org.apache.commons.math.ode.nonstiff.DormandPrince853StepInterpolatorTest, org.apache.commons.math.ode.nonstiff.DormandPrince853StepInterpolatorTest, org.apache.commons.math.ode.nonstiff.EulerIntegratorTest, org.apache.commons.math.ode.nonstiff.EulerIntegratorTest, org.apache.commons.math.ode.nonstiff.EulerStepInterpolatorTest, org.apache.commons.math.ode.nonstiff.EulerStepInterpolatorTest, org.apache.commons.math.ode.nonstiff.GillIntegratorTest, org.apache.commons.math.ode.nonstiff.GillIntegratorTest, org.apache.commons.math.ode.nonstiff.GillStepInterpolatorTest, org.apache.commons.math.ode.nonstiff.GillStepInterpolatorTest, org.apache.commons.math.ode.nonstiff.GraggBulirschStoerIntegratorTest, org.apache.commons.math.ode.nonstiff.GraggBulirschStoerIntegratorTest, org.apache.commons.math.ode.nonstiff.GraggBulirschStoerStepInterpolatorTest, org.apache.commons.math.ode.nonstiff.GraggBulirschStoerStepInterpolatorTest, org.apache.commons.math.ode.nonstiff.HighamHall54IntegratorTest, org.apache.commons.math.ode.nonstiff.HighamHall54IntegratorTest, org.apache.commons.math.ode.nonstiff.HighamHall54StepInterpolatorTest, org.apache.commons.math.ode.nonstiff.HighamHall54StepInterpolatorTest, org.apache.commons.math.ode.nonstiff.MidpointIntegratorTest, org.apache.commons.math.ode.nonstiff.MidpointIntegratorTest, org.apache.commons.math.ode.nonstiff.MidpointStepInterpolatorTest, org.apache.commons.math.ode.nonstiff.MidpointStepInterpolatorTest, org.apache.commons.math.ode.nonstiff.StepInterpolatorAbstractTest, org.apache.commons.math.ode.nonstiff.StepInterpolatorAbstractTest, org.apache.commons.math.ode.nonstiff.ThreeEighthesIntegratorTest, org.apache.commons.math.ode.nonstiff.ThreeEighthesIntegratorTest, org.apache.commons.math.ode.nonstiff.ThreeEighthesStepInterpolatorTest, org.apache.commons.math.ode.nonstiff.ThreeEighthesStepInterpolatorTest, org.apache.commons.math.ode.sampling.DummyStepInterpolatorTest, org.apache.commons.math.ode.sampling.DummyStepInterpolatorTest, org.apache.commons.math.ode.sampling.StepNormalizerTest, org.apache.commons.math.ode.sampling.StepNormalizerTest, org.apache.commons.math.optimization.MultiDirectionalTest, org.apache.commons.math.optimization.MultiDirectionalTest, org.apache.commons.math.optimization.NelderMeadTest, org.apache.commons.math.optimization.NelderMeadTest, org.apache.commons.math.random.AbstractRandomGeneratorTest, org.apache.commons.math.random.AbstractRandomGeneratorTest, org.apache.commons.math.random.CorrelatedRandomVectorGeneratorTest, org.apache.commons.math.random.CorrelatedRandomVectorGeneratorTest, org.apache.commons.math.random.EmpiricalDistributionTest, org.apache.commons.math.random.EmpiricalDistributionTest, org.apache.commons.math.random.GaussianRandomGeneratorTest, org.apache.commons.math.random.GaussianRandomGeneratorTest, org.apache.commons.math.random.RandomAdaptorTest, org.apache.commons.math.random.RandomAdaptorTest, org.apache.commons.math.random.RandomDataTest, org.apache.commons.math.random.RandomDataTest, org.apache.commons.math.random.UncorrelatedRandomVectorGeneratorTest, org.apache.commons.math.random.UncorrelatedRandomVectorGeneratorTest, org.apache.commons.math.random.UniformRandomGeneratorTest, org.apache.commons.math.random.UniformRandomGeneratorTest, org.apache.commons.math.random.ValueServerTest, org.apache.commons.math.random.ValueServerTest, org.apache.commons.math.special.BetaTest, org.apache.commons.math.special.BetaTest, org.apache.commons.math.special.ErfTest, org.apache.commons.math.special.ErfTest, org.apache.commons.math.special.GammaTest, org.apache.commons.math.special.GammaTest, org.apache.commons.math.stat.CertifiedDataTest, org.apache.commons.math.stat.CertifiedDataTest, org.apache.commons.math.stat.FrequencyTest, org.apache.commons.math.stat.FrequencyTest, org.apache.commons.math.stat.StatUtilsTest, org.apache.commons.math.stat.StatUtilsTest, org.apache.commons.math.stat.data.LewTest, org.apache.commons.math.stat.data.LewTest, org.apache.commons.math.stat.data.LotteryTest, org.apache.commons.math.stat.data.LotteryTest, org.apache.commons.math.stat.descriptive.AbstractUnivariateStatisticTest, org.apache.commons.math.stat.descriptive.AbstractUnivariateStatisticTest, org.apache.commons.math.stat.descriptive.DescriptiveStatisticsTest, org.apache.commons.math.stat.descriptive.DescriptiveStatisticsTest, org.apache.commons.math.stat.descriptive.InteractionTest, org.apache.commons.math.stat.descriptive.InteractionTest, org.apache.commons.math.stat.descriptive.ListUnivariateImplTest, org.apache.commons.math.stat.descriptive.ListUnivariateImplTest, org.apache.commons.math.stat.descriptive.MixedListUnivariateImplTest, org.apache.commons.math.stat.descriptive.MixedListUnivariateImplTest, org.apache.commons.math.stat.descriptive.MultivariateSummaryStatisticsTest, org.apache.commons.math.stat.descriptive.MultivariateSummaryStatisticsTest, org.apache.commons.math.stat.descriptive.StatisticalSummaryValuesTest, org.apache.commons.math.stat.descriptive.StatisticalSummaryValuesTest, org.apache.commons.math.stat.descriptive.SummaryStatisticsTest, org.apache.commons.math.stat.descriptive.SummaryStatisticsTest, org.apache.commons.math.stat.descriptive.SynchronizedDescriptiveStatisticsTest, org.apache.commons.math.stat.descriptive.SynchronizedDescriptiveStatisticsTest, org.apache.commons.math.stat.descriptive.SynchronizedSummaryStatisticsTest, org.apache.commons.math.stat.descriptive.SynchronizedSummaryStatisticsTest, org.apache.commons.math.stat.descriptive.moment.FirstMomentTest, org.apache.commons.math.stat.descriptive.moment.FirstMomentTest, org.apache.commons.math.stat.descriptive.moment.FourthMomentTest, org.apache.commons.math.stat.descriptive.moment.FourthMomentTest, org.apache.commons.math.stat.descriptive.moment.GeometricMeanTest, org.apache.commons.math.stat.descriptive.moment.GeometricMeanTest, org.apache.commons.math.stat.descriptive.moment.KurtosisTest, org.apache.commons.math.stat.descriptive.moment.KurtosisTest, org.apache.commons.math.stat.descriptive.moment.MeanTest, org.apache.commons.math.stat.descriptive.moment.MeanTest, org.apache.commons.math.stat.descriptive.moment.SecondMomentTest, org.apache.commons.math.stat.descriptive.moment.SecondMomentTest, org.apache.commons.math.stat.descriptive.moment.SkewnessTest, org.apache.commons.math.stat.descriptive.moment.SkewnessTest, org.apache.commons.math.stat.descriptive.moment.StandardDeviationTest, org.apache.commons.math.stat.descriptive.moment.StandardDeviationTest, org.apache.commons.math.stat.descriptive.moment.ThirdMomentTest, org.apache.commons.math.stat.descriptive.moment.ThirdMomentTest, org.apache.commons.math.stat.descriptive.moment.VarianceTest, org.apache.commons.math.stat.descriptive.moment.VarianceTest, org.apache.commons.math.stat.descriptive.moment.VectorialCovarianceTest, org.apache.commons.math.stat.descriptive.moment.VectorialCovarianceTest, org.apache.commons.math.stat.descriptive.moment.VectorialMeanTest, org.apache.commons.math.stat.descriptive.moment.VectorialMeanTest, org.apache.commons.math.stat.descriptive.rank.MaxTest, org.apache.commons.math.stat.descriptive.rank.MaxTest, org.apache.commons.math.stat.descriptive.rank.MedianTest, org.apache.commons.math.stat.descriptive.rank.MedianTest, org.apache.commons.math.stat.descriptive.rank.MinTest, org.apache.commons.math.stat.descriptive.rank.MinTest, org.apache.commons.math.stat.descriptive.rank.PercentileTest, org.apache.commons.math.stat.descriptive.rank.PercentileTest, org.apache.commons.math.stat.descriptive.summary.ProductTest, org.apache.commons.math.stat.descriptive.summary.ProductTest, org.apache.commons.math.stat.descriptive.summary.SumLogTest, org.apache.commons.math.stat.descriptive.summary.SumLogTest, org.apache.commons.math.stat.descriptive.summary.SumSqTest, org.apache.commons.math.stat.descriptive.summary.SumSqTest, org.apache.commons.math.stat.descriptive.summary.SumTest, org.apache.commons.math.stat.descriptive.summary.SumTest, org.apache.commons.math.stat.inference.ChiSquareFactoryTest, org.apache.commons.math.stat.inference.ChiSquareFactoryTest, org.apache.commons.math.stat.inference.ChiSquareTestTest, org.apache.commons.math.stat.inference.ChiSquareTestTest, org.apache.commons.math.stat.inference.OneWayAnovaTest, org.apache.commons.math.stat.inference.OneWayAnovaTest, org.apache.commons.math.stat.inference.TTestFactoryTest, org.apache.commons.math.stat.inference.TTestFactoryTest, org.apache.commons.math.stat.inference.TTestTest, org.apache.commons.math.stat.inference.TTestTest, org.apache.commons.math.stat.inference.TestUtilsTest, org.apache.commons.math.stat.inference.TestUtilsTest, org.apache.commons.math.stat.regression.GLSMultipleLinearRegressionTest, org.apache.commons.math.stat.regression.GLSMultipleLinearRegressionTest, org.apache.commons.math.stat.regression.OLSMultipleLinearRegressionTest, org.apache.commons.math.stat.regression.OLSMultipleLinearRegressionTest, org.apache.commons.math.stat.regression.SimpleRegressionTest, org.apache.commons.math.stat.regression.SimpleRegressionTest, org.apache.commons.math.transform.FastCosineTransformerTest, org.apache.commons.math.transform.FastCosineTransformerTest, org.apache.commons.math.transform.FastFourierTransformerTest, org.apache.commons.math.transform.FastFourierTransformerTest, org.apache.commons.math.transform.FastHadamardTransformerTest, org.apache.commons.math.transform.FastHadamardTransformerTest, org.apache.commons.math.transform.FastSineTransformerTest, org.apache.commons.math.transform.FastSineTransformerTest, org.apache.commons.math.util.ContinuedFractionTest, org.apache.commons.math.util.ContinuedFractionTest, org.apache.commons.math.util.DefaultTransformerTest, org.apache.commons.math.util.DefaultTransformerTest, org.apache.commons.math.util.MathUtilsTest, org.apache.commons.math.util.MathUtilsTest, org.apache.commons.math.util.OpenIntToDoubleHashMapTest, org.apache.commons.math.util.OpenIntToDoubleHashMapTest, org.apache.commons.math.util.ResizableDoubleArrayTest, org.apache.commons.math.util.ResizableDoubleArrayTest, org.apache.commons.math.util.TransformerMapTest, org.apache.commons.math.util.TransformerMapTest]
10:09:51.645 [main] INFO  fr.inria.lille.repair.nopol.NoPol - Config: Config{synthesisDepth=3, collectStaticMethods=true, collectStaticFields=false, collectLiterals=false, onlyOneSynthesisResult=true, sortExpressions=true, maxLineInvocationPerTest=250, timeoutMethodInvocation=2000, dataCollectionTimeoutInSecondForSynthesis=900, addWeight=0.19478, subWeight=0.04554, mulWeight=0.0102, divWeight=0.00613, andWeight=0.10597, orWeight=0.05708, eqWeight=0.22798, nEqWeight=0.0, lessEqWeight=0.0255, lessWeight=0.0947, methodCallWeight=0.1, fieldAccessWeight=0.08099, constantWeight=0.14232, variableWeight=0.05195, mode=REPAIR, type=PRE_THEN_COND, synthesis=DYNAMOTH, oracle=ANGELIC, solver=Z3, solverPath='/home/tdurieux/defects4j4repair/script/../libs/z3/build/z3', projectSources=[src/java], projectClasspath='[Ljava.net.URL;@2ff4f00f', projectTests=[org.apache.commons.math.ArgumentOutsideDomainExceptionTest, org.apache.commons.math.ArgumentOutsideDomainExceptionTest, org.apache.commons.math.ConvergenceExceptionTest, org.apache.commons.math.ConvergenceExceptionTest, org.apache.commons.math.DuplicateSampleAbscissaExceptionTest, org.apache.commons.math.DuplicateSampleAbscissaExceptionTest, org.apache.commons.math.FunctionEvaluationExceptionTest, org.apache.commons.math.FunctionEvaluationExceptionTest, org.apache.commons.math.MathConfigurationExceptionTest, org.apache.commons.math.MathConfigurationExceptionTest, org.apache.commons.math.MathExceptionTest, org.apache.commons.math.MathExceptionTest, org.apache.commons.math.MaxIterationsExceededExceptionTest, org.apache.commons.math.MaxIterationsExceededExceptionTest, org.apache.commons.math.analysis.integration.RombergIntegratorTest, org.apache.commons.math.analysis.integration.RombergIntegratorTest, org.apache.commons.math.analysis.integration.SimpsonIntegratorTest, org.apache.commons.math.analysis.integration.SimpsonIntegratorTest, org.apache.commons.math.analysis.integration.TrapezoidIntegratorTest, org.apache.commons.math.analysis.integration.TrapezoidIntegratorTest, org.apache.commons.math.analysis.interpolation.DividedDifferenceInterpolatorTest, org.apache.commons.math.analysis.interpolation.DividedDifferenceInterpolatorTest, org.apache.commons.math.analysis.interpolation.NevilleInterpolatorTest, org.apache.commons.math.analysis.interpolation.NevilleInterpolatorTest, org.apache.commons.math.analysis.interpolation.SplineInterpolatorTest, org.apache.commons.math.analysis.interpolation.SplineInterpolatorTest, org.apache.commons.math.analysis.minimization.BrentMinimizerTest, org.apache.commons.math.analysis.minimization.BrentMinimizerTest, org.apache.commons.math.analysis.polynomials.PolynomialFunctionLagrangeFormTest, org.apache.commons.math.analysis.polynomials.PolynomialFunctionLagrangeFormTest, org.apache.commons.math.analysis.polynomials.PolynomialFunctionNewtonFormTest, org.apache.commons.math.analysis.polynomials.PolynomialFunctionNewtonFormTest, org.apache.commons.math.analysis.polynomials.PolynomialFunctionTest, org.apache.commons.math.analysis.polynomials.PolynomialFunctionTest, org.apache.commons.math.analysis.polynomials.PolynomialSplineFunctionTest, org.apache.commons.math.analysis.polynomials.PolynomialSplineFunctionTest, org.apache.commons.math.analysis.solvers.BisectionSolverTest, org.apache.commons.math.analysis.solvers.BisectionSolverTest, org.apache.commons.math.analysis.solvers.BrentSolverTest, org.apache.commons.math.analysis.solvers.BrentSolverTest, org.apache.commons.math.analysis.solvers.LaguerreSolverTest, org.apache.commons.math.analysis.solvers.LaguerreSolverTest, org.apache.commons.math.analysis.solvers.MullerSolverTest, org.apache.commons.math.analysis.solvers.MullerSolverTest, org.apache.commons.math.analysis.solvers.NewtonSolverTest, org.apache.commons.math.analysis.solvers.NewtonSolverTest, org.apache.commons.math.analysis.solvers.RiddersSolverTest, org.apache.commons.math.analysis.solvers.RiddersSolverTest, org.apache.commons.math.analysis.solvers.UnivariateRealSolverFactoryImplTest, org.apache.commons.math.analysis.solvers.UnivariateRealSolverFactoryImplTest, org.apache.commons.math.analysis.solvers.UnivariateRealSolverUtilsTest, org.apache.commons.math.analysis.solvers.UnivariateRealSolverUtilsTest, org.apache.commons.math.complex.ComplexFormatTest, org.apache.commons.math.complex.ComplexFormatTest, org.apache.commons.math.complex.ComplexTest, org.apache.commons.math.complex.ComplexTest, org.apache.commons.math.complex.ComplexUtilsTest, org.apache.commons.math.complex.ComplexUtilsTest, org.apache.commons.math.complex.FrenchComplexFormatTest, org.apache.commons.math.complex.FrenchComplexFormatTest, org.apache.commons.math.distribution.BetaDistributionTest, org.apache.commons.math.distribution.BetaDistributionTest, org.apache.commons.math.distribution.BinomialDistributionTest, org.apache.commons.math.distribution.BinomialDistributionTest, org.apache.commons.math.distribution.CauchyDistributionTest, org.apache.commons.math.distribution.CauchyDistributionTest, org.apache.commons.math.distribution.ChiSquareDistributionTest, org.apache.commons.math.distribution.ChiSquareDistributionTest, org.apache.commons.math.distribution.ExponentialDistributionTest, org.apache.commons.math.distribution.ExponentialDistributionTest, org.apache.commons.math.distribution.FDistributionTest, org.apache.commons.math.distribution.FDistributionTest, org.apache.commons.math.distribution.GammaDistributionTest, org.apache.commons.math.distribution.GammaDistributionTest, org.apache.commons.math.distribution.HypergeometricDistributionTest, org.apache.commons.math.distribution.HypergeometricDistributionTest, org.apache.commons.math.distribution.NormalDistributionTest, org.apache.commons.math.distribution.NormalDistributionTest, org.apache.commons.math.distribution.PascalDistributionTest, org.apache.commons.math.distribution.PascalDistributionTest, org.apache.commons.math.distribution.PoissonDistributionTest, org.apache.commons.math.distribution.PoissonDistributionTest, org.apache.commons.math.distribution.TDistributionTest, org.apache.commons.math.distribution.TDistributionTest, org.apache.commons.math.distribution.WeibullDistributionTest, org.apache.commons.math.distribution.WeibullDistributionTest, org.apache.commons.math.distribution.ZipfDistributionTest, org.apache.commons.math.distribution.ZipfDistributionTest, org.apache.commons.math.estimation.EstimatedParameterTest, org.apache.commons.math.estimation.EstimatedParameterTest, org.apache.commons.math.estimation.GaussNewtonEstimatorTest, org.apache.commons.math.estimation.GaussNewtonEstimatorTest, org.apache.commons.math.estimation.LevenbergMarquardtEstimatorTest, org.apache.commons.math.estimation.LevenbergMarquardtEstimatorTest, org.apache.commons.math.estimation.MinpackTest, org.apache.commons.math.estimation.MinpackTest, org.apache.commons.math.estimation.WeightedMeasurementTest, org.apache.commons.math.estimation.WeightedMeasurementTest, org.apache.commons.math.fraction.FractionFormatTest, org.apache.commons.math.fraction.FractionFormatTest, org.apache.commons.math.fraction.FractionTest, org.apache.commons.math.fraction.FractionTest, org.apache.commons.math.geometry.FrenchVector3DFormatTest, org.apache.commons.math.geometry.FrenchVector3DFormatTest, org.apache.commons.math.geometry.RotationOrderTest, org.apache.commons.math.geometry.RotationOrderTest, org.apache.commons.math.geometry.RotationTest, org.apache.commons.math.geometry.RotationTest, org.apache.commons.math.geometry.Vector3DFormatTest, org.apache.commons.math.geometry.Vector3DFormatTest, org.apache.commons.math.geometry.Vector3DTest, org.apache.commons.math.geometry.Vector3DTest, org.apache.commons.math.linear.BiDiagonalTransformerTest, org.apache.commons.math.linear.BiDiagonalTransformerTest, org.apache.commons.math.linear.BigMatrixImplTest, org.apache.commons.math.linear.BigMatrixImplTest, org.apache.commons.math.linear.DenseRealMatrixTest, org.apache.commons.math.linear.DenseRealMatrixTest, org.apache.commons.math.linear.EigenDecompositionImplTest, org.apache.commons.math.linear.EigenDecompositionImplTest, org.apache.commons.math.linear.EigenSolverTest, org.apache.commons.math.linear.EigenSolverTest, org.apache.commons.math.linear.FrenchRealVectorFormatTest, org.apache.commons.math.linear.FrenchRealVectorFormatTest, org.apache.commons.math.linear.InvalidMatrixExceptionTest, org.apache.commons.math.linear.InvalidMatrixExceptionTest, org.apache.commons.math.linear.LUDecompositionImplTest, org.apache.commons.math.linear.LUDecompositionImplTest, org.apache.commons.math.linear.LUSolverTest, org.apache.commons.math.linear.LUSolverTest, org.apache.commons.math.linear.MatrixIndexExceptionTest, org.apache.commons.math.linear.MatrixIndexExceptionTest, org.apache.commons.math.linear.MatrixUtilsTest, org.apache.commons.math.linear.MatrixUtilsTest, org.apache.commons.math.linear.QRDecompositionImplTest, org.apache.commons.math.linear.QRDecompositionImplTest, org.apache.commons.math.linear.QRSolverTest, org.apache.commons.math.linear.QRSolverTest, org.apache.commons.math.linear.RealMatrixImplTest, org.apache.commons.math.linear.RealMatrixImplTest, org.apache.commons.math.linear.RealVectorFormatTest, org.apache.commons.math.linear.RealVectorFormatTest, org.apache.commons.math.linear.RealVectorImplTest, org.apache.commons.math.linear.RealVectorImplTest, org.apache.commons.math.linear.SingularValueDecompositionImplTest, org.apache.commons.math.linear.SingularValueDecompositionImplTest, org.apache.commons.math.linear.SingularValueSolverTest, org.apache.commons.math.linear.SingularValueSolverTest, org.apache.commons.math.linear.SparseRealMatrixTest, org.apache.commons.math.linear.SparseRealMatrixTest, org.apache.commons.math.linear.TriDiagonalTransformerTest, org.apache.commons.math.linear.TriDiagonalTransformerTest, org.apache.commons.math.ode.ContinuousOutputModelTest, org.apache.commons.math.ode.ContinuousOutputModelTest, org.apache.commons.math.ode.FirstOrderConverterTest, org.apache.commons.math.ode.FirstOrderConverterTest, org.apache.commons.math.ode.nonstiff.AdamsBashforthIntegratorTest, org.apache.commons.math.ode.nonstiff.AdamsBashforthIntegratorTest, org.apache.commons.math.ode.nonstiff.AdamsMoultonIntegratorTest, org.apache.commons.math.ode.nonstiff.AdamsMoultonIntegratorTest, org.apache.commons.math.ode.nonstiff.ClassicalRungeKuttaIntegratorTest, org.apache.commons.math.ode.nonstiff.ClassicalRungeKuttaIntegratorTest, org.apache.commons.math.ode.nonstiff.ClassicalRungeKuttaStepInterpolatorTest, org.apache.commons.math.ode.nonstiff.ClassicalRungeKuttaStepInterpolatorTest, org.apache.commons.math.ode.nonstiff.DormandPrince54IntegratorTest, org.apache.commons.math.ode.nonstiff.DormandPrince54IntegratorTest, org.apache.commons.math.ode.nonstiff.DormandPrince54StepInterpolatorTest, org.apache.commons.math.ode.nonstiff.DormandPrince54StepInterpolatorTest, org.apache.commons.math.ode.nonstiff.DormandPrince853IntegratorTest, org.apache.commons.math.ode.nonstiff.DormandPrince853IntegratorTest, org.apache.commons.math.ode.nonstiff.DormandPrince853StepInterpolatorTest, org.apache.commons.math.ode.nonstiff.DormandPrince853StepInterpolatorTest, org.apache.commons.math.ode.nonstiff.EulerIntegratorTest, org.apache.commons.math.ode.nonstiff.EulerIntegratorTest, org.apache.commons.math.ode.nonstiff.EulerStepInterpolatorTest, org.apache.commons.math.ode.nonstiff.EulerStepInterpolatorTest, org.apache.commons.math.ode.nonstiff.GillIntegratorTest, org.apache.commons.math.ode.nonstiff.GillIntegratorTest, org.apache.commons.math.ode.nonstiff.GillStepInterpolatorTest, org.apache.commons.math.ode.nonstiff.GillStepInterpolatorTest, org.apache.commons.math.ode.nonstiff.GraggBulirschStoerIntegratorTest, org.apache.commons.math.ode.nonstiff.GraggBulirschStoerIntegratorTest, org.apache.commons.math.ode.nonstiff.GraggBulirschStoerStepInterpolatorTest, org.apache.commons.math.ode.nonstiff.GraggBulirschStoerStepInterpolatorTest, org.apache.commons.math.ode.nonstiff.HighamHall54IntegratorTest, org.apache.commons.math.ode.nonstiff.HighamHall54IntegratorTest, org.apache.commons.math.ode.nonstiff.HighamHall54StepInterpolatorTest, org.apache.commons.math.ode.nonstiff.HighamHall54StepInterpolatorTest, org.apache.commons.math.ode.nonstiff.MidpointIntegratorTest, org.apache.commons.math.ode.nonstiff.MidpointIntegratorTest, org.apache.commons.math.ode.nonstiff.MidpointStepInterpolatorTest, org.apache.commons.math.ode.nonstiff.MidpointStepInterpolatorTest, org.apache.commons.math.ode.nonstiff.StepInterpolatorAbstractTest, org.apache.commons.math.ode.nonstiff.StepInterpolatorAbstractTest, org.apache.commons.math.ode.nonstiff.ThreeEighthesIntegratorTest, org.apache.commons.math.ode.nonstiff.ThreeEighthesIntegratorTest, org.apache.commons.math.ode.nonstiff.ThreeEighthesStepInterpolatorTest, org.apache.commons.math.ode.nonstiff.ThreeEighthesStepInterpolatorTest, org.apache.commons.math.ode.sampling.DummyStepInterpolatorTest, org.apache.commons.math.ode.sampling.DummyStepInterpolatorTest, org.apache.commons.math.ode.sampling.StepNormalizerTest, org.apache.commons.math.ode.sampling.StepNormalizerTest, org.apache.commons.math.optimization.MultiDirectionalTest, org.apache.commons.math.optimization.MultiDirectionalTest, org.apache.commons.math.optimization.NelderMeadTest, org.apache.commons.math.optimization.NelderMeadTest, org.apache.commons.math.random.AbstractRandomGeneratorTest, org.apache.commons.math.random.AbstractRandomGeneratorTest, org.apache.commons.math.random.CorrelatedRandomVectorGeneratorTest, org.apache.commons.math.random.CorrelatedRandomVectorGeneratorTest, org.apache.commons.math.random.EmpiricalDistributionTest, org.apache.commons.math.random.EmpiricalDistributionTest, org.apache.commons.math.random.GaussianRandomGeneratorTest, org.apache.commons.math.random.GaussianRandomGeneratorTest, org.apache.commons.math.random.RandomAdaptorTest, org.apache.commons.math.random.RandomAdaptorTest, org.apache.commons.math.random.RandomDataTest, org.apache.commons.math.random.RandomDataTest, org.apache.commons.math.random.UncorrelatedRandomVectorGeneratorTest, org.apache.commons.math.random.UncorrelatedRandomVectorGeneratorTest, org.apache.commons.math.random.UniformRandomGeneratorTest, org.apache.commons.math.random.UniformRandomGeneratorTest, org.apache.commons.math.random.ValueServerTest, org.apache.commons.math.random.ValueServerTest, org.apache.commons.math.special.BetaTest, org.apache.commons.math.special.BetaTest, org.apache.commons.math.special.ErfTest, org.apache.commons.math.special.ErfTest, org.apache.commons.math.special.GammaTest, org.apache.commons.math.special.GammaTest, org.apache.commons.math.stat.CertifiedDataTest, org.apache.commons.math.stat.CertifiedDataTest, org.apache.commons.math.stat.FrequencyTest, org.apache.commons.math.stat.FrequencyTest, org.apache.commons.math.stat.StatUtilsTest, org.apache.commons.math.stat.StatUtilsTest, org.apache.commons.math.stat.data.LewTest, org.apache.commons.math.stat.data.LewTest, org.apache.commons.math.stat.data.LotteryTest, org.apache.commons.math.stat.data.LotteryTest, org.apache.commons.math.stat.descriptive.AbstractUnivariateStatisticTest, org.apache.commons.math.stat.descriptive.AbstractUnivariateStatisticTest, org.apache.commons.math.stat.descriptive.DescriptiveStatisticsTest, org.apache.commons.math.stat.descriptive.DescriptiveStatisticsTest, org.apache.commons.math.stat.descriptive.InteractionTest, org.apache.commons.math.stat.descriptive.InteractionTest, org.apache.commons.math.stat.descriptive.ListUnivariateImplTest, org.apache.commons.math.stat.descriptive.ListUnivariateImplTest, org.apache.commons.math.stat.descriptive.MixedListUnivariateImplTest, org.apache.commons.math.stat.descriptive.MixedListUnivariateImplTest, org.apache.commons.math.stat.descriptive.MultivariateSummaryStatisticsTest, org.apache.commons.math.stat.descriptive.MultivariateSummaryStatisticsTest, org.apache.commons.math.stat.descriptive.StatisticalSummaryValuesTest, org.apache.commons.math.stat.descriptive.StatisticalSummaryValuesTest, org.apache.commons.math.stat.descriptive.SummaryStatisticsTest, org.apache.commons.math.stat.descriptive.SummaryStatisticsTest, org.apache.commons.math.stat.descriptive.SynchronizedDescriptiveStatisticsTest, org.apache.commons.math.stat.descriptive.SynchronizedDescriptiveStatisticsTest, org.apache.commons.math.stat.descriptive.SynchronizedSummaryStatisticsTest, org.apache.commons.math.stat.descriptive.SynchronizedSummaryStatisticsTest, org.apache.commons.math.stat.descriptive.moment.FirstMomentTest, org.apache.commons.math.stat.descriptive.moment.FirstMomentTest, org.apache.commons.math.stat.descriptive.moment.FourthMomentTest, org.apache.commons.math.stat.descriptive.moment.FourthMomentTest, org.apache.commons.math.stat.descriptive.moment.GeometricMeanTest, org.apache.commons.math.stat.descriptive.moment.GeometricMeanTest, org.apache.commons.math.stat.descriptive.moment.KurtosisTest, org.apache.commons.math.stat.descriptive.moment.KurtosisTest, org.apache.commons.math.stat.descriptive.moment.MeanTest, org.apache.commons.math.stat.descriptive.moment.MeanTest, org.apache.commons.math.stat.descriptive.moment.SecondMomentTest, org.apache.commons.math.stat.descriptive.moment.SecondMomentTest, org.apache.commons.math.stat.descriptive.moment.SkewnessTest, org.apache.commons.math.stat.descriptive.moment.SkewnessTest, org.apache.commons.math.stat.descriptive.moment.StandardDeviationTest, org.apache.commons.math.stat.descriptive.moment.StandardDeviationTest, org.apache.commons.math.stat.descriptive.moment.ThirdMomentTest, org.apache.commons.math.stat.descriptive.moment.ThirdMomentTest, org.apache.commons.math.stat.descriptive.moment.VarianceTest, org.apache.commons.math.stat.descriptive.moment.VarianceTest, org.apache.commons.math.stat.descriptive.moment.VectorialCovarianceTest, org.apache.commons.math.stat.descriptive.moment.VectorialCovarianceTest, org.apache.commons.math.stat.descriptive.moment.VectorialMeanTest, org.apache.commons.math.stat.descriptive.moment.VectorialMeanTest, org.apache.commons.math.stat.descriptive.rank.MaxTest, org.apache.commons.math.stat.descriptive.rank.MaxTest, org.apache.commons.math.stat.descriptive.rank.MedianTest, org.apache.commons.math.stat.descriptive.rank.MedianTest, org.apache.commons.math.stat.descriptive.rank.MinTest, org.apache.commons.math.stat.descriptive.rank.MinTest, org.apache.commons.math.stat.descriptive.rank.PercentileTest, org.apache.commons.math.stat.descriptive.rank.PercentileTest, org.apache.commons.math.stat.descriptive.summary.ProductTest, org.apache.commons.math.stat.descriptive.summary.ProductTest, org.apache.commons.math.stat.descriptive.summary.SumLogTest, org.apache.commons.math.stat.descriptive.summary.SumLogTest, org.apache.commons.math.stat.descriptive.summary.SumSqTest, org.apache.commons.math.stat.descriptive.summary.SumSqTest, org.apache.commons.math.stat.descriptive.summary.SumTest, org.apache.commons.math.stat.descriptive.summary.SumTest, org.apache.commons.math.stat.inference.ChiSquareFactoryTest, org.apache.commons.math.stat.inference.ChiSquareFactoryTest, org.apache.commons.math.stat.inference.ChiSquareTestTest, org.apache.commons.math.stat.inference.ChiSquareTestTest, org.apache.commons.math.stat.inference.OneWayAnovaTest, org.apache.commons.math.stat.inference.OneWayAnovaTest, org.apache.commons.math.stat.inference.TTestFactoryTest, org.apache.commons.math.stat.inference.TTestFactoryTest, org.apache.commons.math.stat.inference.TTestTest, org.apache.commons.math.stat.inference.TTestTest, org.apache.commons.math.stat.inference.TestUtilsTest, org.apache.commons.math.stat.inference.TestUtilsTest, org.apache.commons.math.stat.regression.GLSMultipleLinearRegressionTest, org.apache.commons.math.stat.regression.GLSMultipleLinearRegressionTest, org.apache.commons.math.stat.regression.OLSMultipleLinearRegressionTest, org.apache.commons.math.stat.regression.OLSMultipleLinearRegressionTest, org.apache.commons.math.stat.regression.SimpleRegressionTest, org.apache.commons.math.stat.regression.SimpleRegressionTest, org.apache.commons.math.transform.FastCosineTransformerTest, org.apache.commons.math.transform.FastCosineTransformerTest, org.apache.commons.math.transform.FastFourierTransformerTest, org.apache.commons.math.transform.FastFourierTransformerTest, org.apache.commons.math.transform.FastHadamardTransformerTest, org.apache.commons.math.transform.FastHadamardTransformerTest, org.apache.commons.math.transform.FastSineTransformerTest, org.apache.commons.math.transform.FastSineTransformerTest, org.apache.commons.math.util.ContinuedFractionTest, org.apache.commons.math.util.ContinuedFractionTest, org.apache.commons.math.util.DefaultTransformerTest, org.apache.commons.math.util.DefaultTransformerTest, org.apache.commons.math.util.MathUtilsTest, org.apache.commons.math.util.MathUtilsTest, org.apache.commons.math.util.OpenIntToDoubleHashMapTest, org.apache.commons.math.util.OpenIntToDoubleHashMapTest, org.apache.commons.math.util.ResizableDoubleArrayTest, org.apache.commons.math.util.ResizableDoubleArrayTest, org.apache.commons.math.util.TransformerMapTest, org.apache.commons.math.util.TransformerMapTest], complianceLevel=5, outputFolder=., json=true}
10:09:51.646 [main] INFO  fr.inria.lille.repair.nopol.NoPol - Available processors (cores): 4
10:09:51.677 [main] INFO  fr.inria.lille.repair.nopol.NoPol - Free memory: 937 MB
10:09:51.677 [main] INFO  fr.inria.lille.repair.nopol.NoPol - Maximum memory: 3 GB
10:09:51.678 [main] INFO  fr.inria.lille.repair.nopol.NoPol - Total memory available to JVM: 990 MB
10:09:51.678 [main] INFO  fr.inria.lille.repair.nopol.NoPol - Java version: 1.8.0_181
10:09:51.679 [main] INFO  fr.inria.lille.repair.nopol.NoPol - JAVA_HOME: /usr/lib/jvm/java-1.8.0-openjdk-amd64/bin/
10:09:51.679 [main] INFO  fr.inria.lille.repair.nopol.NoPol - PATH: /usr/lib/jvm/java-1.8.0-openjdk-amd64/bin/:/usr/lib/oar/oardodo:/usr/lib/oar/oardodo:/usr/local/bin:/usr/bin:/bin:/usr/games
10:10:07.478 [pool-2-thread-1] DEBUG fr.inria.lille.repair.nopol.NoPol - statement #1
10:10:07.479 [pool-2-thread-1] DEBUG fr.inria.lille.repair.nopol.NoPol - Analysing SourceLocation org.apache.commons.math.ode.nonstiff.AdamsBashforthIntegrator:272 which is executed by 13 tests
-1378958115
10:10:07.810 [pool-2-thread-1] DEBUG fr.inria.lille.repair.nopol.NoPol - looking with class fr.inria.lille.repair.nopol.spoon.smt.ConditionalAdder
10:10:10.897 [pool-4-thread-1] INFO  xxl.java.junit.TestCasesListener - Tests run finished (3049 ms)
<> Total tests run: 85
<> Ignored tests: 0
<> Failed tests: 0

10:10:10.898 [pool-2-thread-1] ERROR fr.inria.lille.repair.nopol.NoPol - Error ExecutionException java.util.concurrent.ExecutionException: java.lang.RuntimeException: failingTestCasesValidated: nothing to repair, no failing test cases
10:10:10.898 [pool-2-thread-1] DEBUG fr.inria.lille.repair.nopol.NoPol - statement #2
10:10:10.898 [pool-2-thread-1] DEBUG fr.inria.lille.repair.nopol.NoPol - Analysing SourceLocation org.apache.commons.math.ode.nonstiff.AdamsBashforthIntegrator:269 which is executed by 13 tests
-1378958115
10:10:11.007 [pool-2-thread-1] DEBUG fr.inria.lille.repair.nopol.NoPol - statement #3
10:10:11.007 [pool-2-thread-1] DEBUG fr.inria.lille.repair.nopol.NoPol - Analysing SourceLocation org.apache.commons.math.ode.nonstiff.AdamsBashforthIntegrator:258 which is executed by 13 tests
-1378958115
10:10:11.113 [pool-2-thread-1] DEBUG fr.inria.lille.repair.nopol.NoPol - statement #4
10:10:11.114 [pool-2-thread-1] DEBUG fr.inria.lille.repair.nopol.NoPol - Analysing SourceLocation org.apache.commons.math.ode.nonstiff.AdamsBashforthIntegrator:249 which is executed by 13 tests
-1378958115
10:10:11.222 [pool-2-thread-1] DEBUG fr.inria.lille.repair.nopol.NoPol - looking with class fr.inria.lille.repair.nopol.spoon.smt.ConditionalAdder
10:10:14.315 [pool-6-thread-1] INFO  xxl.java.junit.TestCasesListener - Tests run finished (3083 ms)
<> Total tests run: 85
<> Ignored tests: 0
<> Failed tests: 0

10:10:14.315 [pool-2-thread-1] ERROR fr.inria.lille.repair.nopol.NoPol - Error ExecutionException java.util.concurrent.ExecutionException: java.lang.RuntimeException: failingTestCasesValidated: nothing to repair, no failing test cases
10:10:14.315 [pool-2-thread-1] DEBUG fr.inria.lille.repair.nopol.NoPol - statement #5
10:10:14.315 [pool-2-thread-1] DEBUG fr.inria.lille.repair.nopol.NoPol - Analysing SourceLocation org.apache.commons.math.ode.nonstiff.AdamsBashforthIntegrator:246 which is executed by 13 tests
-1378958115
10:10:14.419 [pool-2-thread-1] DEBUG fr.inria.lille.repair.nopol.NoPol - looking with class fr.inria.lille.repair.nopol.spoon.smt.ConditionalAdder
10:10:17.317 [pool-8-thread-1] INFO  xxl.java.junit.TestCasesListener - Tests run finished (2889 ms)
<> Total tests run: 85
<> Ignored tests: 0
<> Failed tests: 0

10:10:17.318 [pool-2-thread-1] ERROR fr.inria.lille.repair.nopol.NoPol - Error ExecutionException java.util.concurrent.ExecutionException: java.lang.RuntimeException: failingTestCasesValidated: nothing to repair, no failing test cases
10:10:17.318 [pool-2-thread-1] DEBUG fr.inria.lille.repair.nopol.NoPol - statement #6
10:10:17.318 [pool-2-thread-1] DEBUG fr.inria.lille.repair.nopol.NoPol - Analysing SourceLocation org.apache.commons.math.ode.nonstiff.AdamsBashforthIntegrator:243 which is executed by 13 tests
-1378958115
10:10:17.419 [pool-2-thread-1] DEBUG fr.inria.lille.repair.nopol.NoPol - statement #7
10:10:17.419 [pool-2-thread-1] DEBUG fr.inria.lille.repair.nopol.NoPol - Analysing SourceLocation org.apache.commons.math.ode.nonstiff.AdamsBashforthIntegrator:255 which is executed by 12 tests
-1378958115
10:10:17.607 [pool-2-thread-1] DEBUG fr.inria.lille.repair.nopol.NoPol - looking with class fr.inria.lille.repair.nopol.spoon.smt.ConditionalAdder
10:10:20.627 [pool-10-thread-1] INFO  xxl.java.junit.TestCasesListener - Tests run finished (3006 ms)
<> Total tests run: 79
<> Ignored tests: 0
<> Failed tests: 0

10:10:20.628 [pool-2-thread-1] ERROR fr.inria.lille.repair.nopol.NoPol - Error ExecutionException java.util.concurrent.ExecutionException: java.lang.RuntimeException: failingTestCasesValidated: nothing to repair, no failing test cases
10:10:20.628 [pool-2-thread-1] DEBUG fr.inria.lille.repair.nopol.NoPol - statement #8
10:10:20.628 [pool-2-thread-1] DEBUG fr.inria.lille.repair.nopol.NoPol - Analysing SourceLocation org.apache.commons.math.ode.nonstiff.AdamsBashforthIntegrator:252 which is executed by 12 tests
-1378958115
10:10:20.731 [pool-2-thread-1] DEBUG fr.inria.lille.repair.nopol.NoPol - looking with class fr.inria.lille.repair.nopol.spoon.smt.ConditionalAdder
10:10:23.548 [pool-12-thread-1] INFO  xxl.java.junit.TestCasesListener - Tests run finished (2809 ms)
<> Total tests run: 79
<> Ignored tests: 0
<> Failed tests: 0

10:10:23.548 [pool-2-thread-1] ERROR fr.inria.lille.repair.nopol.NoPol - Error ExecutionException java.util.concurrent.ExecutionException: java.lang.RuntimeException: failingTestCasesValidated: nothing to repair, no failing test cases
10:10:23.548 [pool-2-thread-1] DEBUG fr.inria.lille.repair.nopol.NoPol - statement #9
10:10:23.548 [pool-2-thread-1] DEBUG fr.inria.lille.repair.nopol.NoPol - Analysing SourceLocation org.apache.commons.math.ode.nonstiff.AdamsBashforthIntegrator:251 which is executed by 12 tests
-1378958115
10:10:23.650 [pool-2-thread-1] DEBUG fr.inria.lille.repair.nopol.NoPol - looking with class fr.inria.lille.repair.nopol.spoon.smt.ConditionalAdder
10:10:26.629 [pool-14-thread-1] INFO  xxl.java.junit.TestCasesListener - Tests run finished (2971 ms)
<> Total tests run: 79
<> Ignored tests: 0
<> Failed tests: 0

10:10:26.630 [pool-2-thread-1] ERROR fr.inria.lille.repair.nopol.NoPol - Error ExecutionException java.util.concurrent.ExecutionException: java.lang.RuntimeException: failingTestCasesValidated: nothing to repair, no failing test cases
10:10:26.630 [pool-2-thread-1] DEBUG fr.inria.lille.repair.nopol.NoPol - statement #10
10:10:26.630 [pool-2-thread-1] DEBUG fr.inria.lille.repair.nopol.NoPol - Analysing SourceLocation org.apache.commons.math.ode.nonstiff.AdamsBashforthIntegrator:250 which is executed by 12 tests
-1378958115
10:10:26.734 [pool-2-thread-1] DEBUG fr.inria.lille.repair.nopol.NoPol - looking with class fr.inria.lille.repair.nopol.spoon.smt.ConditionalAdder
10:10:29.639 [pool-16-thread-1] INFO  xxl.java.junit.TestCasesListener - Tests run finished (2898 ms)
<> Total tests run: 79
<> Ignored tests: 0
<> Failed tests: 0

10:10:29.640 [pool-2-thread-1] ERROR fr.inria.lille.repair.nopol.NoPol - Error ExecutionException java.util.concurrent.ExecutionException: java.lang.RuntimeException: failingTestCasesValidated: nothing to repair, no failing test cases
10:10:29.640 [pool-2-thread-1] DEBUG fr.inria.lille.repair.nopol.NoPol - statement #11
10:10:29.640 [pool-2-thread-1] DEBUG fr.inria.lille.repair.nopol.NoPol - Analysing SourceLocation org.apache.commons.math.ode.nonstiff.AdamsBashforthIntegrator:253 which is executed by 10 tests
-1378958115
10:10:29.741 [pool-2-thread-1] DEBUG fr.inria.lille.repair.nopol.NoPol - looking with class fr.inria.lille.repair.nopol.spoon.smt.ConditionalAdder
10:10:32.237 [pool-18-thread-1] INFO  xxl.java.junit.TestCasesListener - Tests run finished (2482 ms)
<> Total tests run: 65
<> Ignored tests: 0
<> Failed tests: 0

10:10:32.238 [pool-2-thread-1] ERROR fr.inria.lille.repair.nopol.NoPol - Error ExecutionException java.util.concurrent.ExecutionException: java.lang.RuntimeException: failingTestCasesValidated: nothing to repair, no failing test cases
10:10:32.238 [pool-2-thread-1] DEBUG fr.inria.lille.repair.nopol.NoPol - statement #12
10:10:32.238 [pool-2-thread-1] DEBUG fr.inria.lille.repair.nopol.NoPol - Analysing SourceLocation org.apache.commons.math.ode.nonstiff.DormandPrince853Integrator:243 which is executed by 27 tests
-1670384204
10:10:32.349 [pool-2-thread-1] DEBUG fr.inria.lille.repair.nopol.NoPol - statement #13
10:10:32.350 [pool-2-thread-1] DEBUG fr.inria.lille.repair.nopol.NoPol - Analysing SourceLocation org.apache.commons.math.fraction.FractionFormat:158 which is executed by 16 tests
1013737658
10:10:32.451 [pool-2-thread-1] DEBUG fr.inria.lille.repair.nopol.NoPol - statement #14
10:10:32.452 [pool-2-thread-1] DEBUG fr.inria.lille.repair.nopol.NoPol - Analysing SourceLocation org.apache.commons.math.fraction.FractionFormat:157 which is executed by 16 tests
1013737658
10:10:32.553 [pool-2-thread-1] DEBUG fr.inria.lille.repair.nopol.NoPol - looking with class fr.inria.lille.repair.nopol.spoon.smt.ConditionalAdder
10:10:32.596 [pool-20-thread-1] INFO  xxl.java.junit.TestCasesListener - Tests run finished (32 ms)
<> Total tests run: 160
<> Ignored tests: 0
<> Failed tests: 0

10:10:32.596 [pool-2-thread-1] ERROR fr.inria.lille.repair.nopol.NoPol - Error ExecutionException java.util.concurrent.ExecutionException: java.lang.RuntimeException: failingTestCasesValidated: nothing to repair, no failing test cases
10:10:32.596 [pool-2-thread-1] DEBUG fr.inria.lille.repair.nopol.NoPol - statement #15
10:10:32.597 [pool-2-thread-1] DEBUG fr.inria.lille.repair.nopol.NoPol - Analysing SourceLocation org.apache.commons.math.fraction.FractionFormat:156 which is executed by 16 tests
1013737658
10:10:32.698 [pool-2-thread-1] DEBUG fr.inria.lille.repair.nopol.NoPol - looking with class fr.inria.lille.repair.nopol.spoon.smt.ConditionalAdder
10:10:32.730 [pool-22-thread-1] INFO  xxl.java.junit.TestCasesListener - Tests run finished (26 ms)
<> Total tests run: 160
<> Ignored tests: 0
<> Failed tests: 0

10:10:32.731 [pool-2-thread-1] ERROR fr.inria.lille.repair.nopol.NoPol - Error ExecutionException java.util.concurrent.ExecutionException: java.lang.RuntimeException: failingTestCasesValidated: nothing to repair, no failing test cases
10:10:32.731 [pool-2-thread-1] DEBUG fr.inria.lille.repair.nopol.NoPol - statement #16
10:10:32.731 [pool-2-thread-1] DEBUG fr.inria.lille.repair.nopol.NoPol - Analysing SourceLocation org.apache.commons.math.fraction.FractionFormat:155 which is executed by 16 tests
1013737658
10:10:32.831 [pool-2-thread-1] DEBUG fr.inria.lille.repair.nopol.NoPol - statement #17
10:10:32.831 [pool-2-thread-1] DEBUG fr.inria.lille.repair.nopol.NoPol - Analysing SourceLocation org.apache.commons.math.fraction.FractionFormat:134 which is executed by 16 tests
1013737658
10:10:32.933 [pool-2-thread-1] DEBUG fr.inria.lille.repair.nopol.NoPol - statement #18
10:10:32.933 [pool-2-thread-1] DEBUG fr.inria.lille.repair.nopol.NoPol - Analysing SourceLocation org.apache.commons.math.fraction.FractionFormat:133 which is executed by 16 tests
1013737658
10:10:33.033 [pool-2-thread-1] DEBUG fr.inria.lille.repair.nopol.NoPol - statement #19
10:10:33.033 [pool-2-thread-1] DEBUG fr.inria.lille.repair.nopol.NoPol - Analysing SourceLocation org.apache.commons.math.fraction.FractionFormat:116 which is executed by 16 tests
1013737658
10:10:33.133 [pool-2-thread-1] DEBUG fr.inria.lille.repair.nopol.NoPol - statement #20
10:10:33.133 [pool-2-thread-1] DEBUG fr.inria.lille.repair.nopol.NoPol - Analysing SourceLocation org.apache.commons.math.fraction.FractionFormat:115 which is executed by 16 tests
1013737658
10:10:33.233 [pool-2-thread-1] DEBUG fr.inria.lille.repair.nopol.NoPol - statement #21
10:10:33.233 [pool-2-thread-1] DEBUG fr.inria.lille.repair.nopol.NoPol - Analysing SourceLocation org.apache.commons.math.fraction.ProperFractionFormat:229 which is executed by 16 tests
-1129122774
10:10:33.357 [pool-2-thread-1] DEBUG fr.inria.lille.repair.nopol.NoPol - statement #22
10:10:33.358 [pool-2-thread-1] DEBUG fr.inria.lille.repair.nopol.NoPol - Analysing SourceLocation org.apache.commons.math.fraction.ProperFractionFormat:228 which is executed by 16 tests
-1129122774
10:10:33.454 [pool-2-thread-1] DEBUG fr.inria.lille.repair.nopol.NoPol - looking with class fr.inria.lille.repair.nopol.spoon.smt.ConditionalAdder
10:10:33.481 [pool-24-thread-1] INFO  xxl.java.junit.TestCasesListener - Tests run finished (21 ms)
<> Total tests run: 160
<> Ignored tests: 0
<> Failed tests: 0

10:10:33.482 [pool-2-thread-1] ERROR fr.inria.lille.repair.nopol.NoPol - Error ExecutionException java.util.concurrent.ExecutionException: java.lang.RuntimeException: failingTestCasesValidated: nothing to repair, no failing test cases
10:10:33.482 [pool-2-thread-1] DEBUG fr.inria.lille.repair.nopol.NoPol - statement #23
10:10:33.482 [pool-2-thread-1] DEBUG fr.inria.lille.repair.nopol.NoPol - Analysing SourceLocation org.apache.commons.math.fraction.ProperFractionFormat:224 which is executed by 16 tests
-1129122774
10:10:33.579 [pool-2-thread-1] DEBUG fr.inria.lille.repair.nopol.NoPol - looking with class fr.inria.lille.repair.nopol.spoon.smt.ConditionalAdder
10:10:33.607 [pool-26-thread-1] INFO  xxl.java.junit.TestCasesListener - Tests run finished (21 ms)
<> Total tests run: 160
<> Ignored tests: 0
<> Failed tests: 0

10:10:33.607 [pool-2-thread-1] ERROR fr.inria.lille.repair.nopol.NoPol - Error ExecutionException java.util.concurrent.ExecutionException: java.lang.RuntimeException: failingTestCasesValidated: nothing to repair, no failing test cases
10:10:33.607 [pool-2-thread-1] DEBUG fr.inria.lille.repair.nopol.NoPol - looking with class fr.inria.lille.repair.nopol.spoon.smt.ConditionalReplacer
10:10:33.633 [pool-28-thread-1] INFO  xxl.java.junit.TestCasesListener - Tests run finished (20 ms)
<> Total tests run: 160
<> Ignored tests: 0
<> Failed tests: 0

10:10:33.634 [pool-2-thread-1] ERROR fr.inria.lille.repair.nopol.NoPol - Error ExecutionException java.util.concurrent.ExecutionException: java.lang.RuntimeException: failingTestCasesValidated: nothing to repair, no failing test cases
10:10:33.634 [pool-2-thread-1] DEBUG fr.inria.lille.repair.nopol.NoPol - statement #24
10:10:33.634 [pool-2-thread-1] DEBUG fr.inria.lille.repair.nopol.NoPol - Analysing SourceLocation org.apache.commons.math.fraction.FractionFormat:385 which is executed by 7 tests
1013737658
10:10:33.734 [pool-2-thread-1] DEBUG fr.inria.lille.repair.nopol.NoPol - looking with class fr.inria.lille.repair.nopol.spoon.smt.ConditionalAdder
10:10:33.751 [pool-30-thread-1] INFO  xxl.java.junit.TestCasesListener - Tests run finished (12 ms)
<> Total tests run: 80
<> Ignored tests: 0
<> Failed tests: 0

10:10:33.752 [pool-2-thread-1] ERROR fr.inria.lille.repair.nopol.NoPol - Error ExecutionException java.util.concurrent.ExecutionException: java.lang.RuntimeException: failingTestCasesValidated: nothing to repair, no failing test cases
10:10:33.752 [pool-2-thread-1] DEBUG fr.inria.lille.repair.nopol.NoPol - statement #25
10:10:33.752 [pool-2-thread-1] DEBUG fr.inria.lille.repair.nopol.NoPol - Analysing SourceLocation org.apache.commons.math.fraction.FractionFormat:281 which is executed by 7 tests
1013737658
10:10:33.851 [pool-2-thread-1] DEBUG fr.inria.lille.repair.nopol.NoPol - looking with class fr.inria.lille.repair.nopol.spoon.smt.ConditionalAdder
10:10:33.868 [pool-32-thread-1] INFO  xxl.java.junit.TestCasesListener - Tests run finished (13 ms)
<> Total tests run: 80
<> Ignored tests: 0
<> Failed tests: 0

10:10:33.868 [pool-2-thread-1] ERROR fr.inria.lille.repair.nopol.NoPol - Error ExecutionException java.util.concurrent.ExecutionException: java.lang.RuntimeException: failingTestCasesValidated: nothing to repair, no failing test cases
10:10:33.868 [pool-2-thread-1] DEBUG fr.inria.lille.repair.nopol.NoPol - statement #26
10:10:33.869 [pool-2-thread-1] DEBUG fr.inria.lille.repair.nopol.NoPol - Analysing SourceLocation org.apache.commons.math.fraction.FractionFormat:280 which is executed by 7 tests
1013737658
10:10:33.968 [pool-2-thread-1] DEBUG fr.inria.lille.repair.nopol.NoPol - statement #27
10:10:33.968 [pool-2-thread-1] DEBUG fr.inria.lille.repair.nopol.NoPol - Analysing SourceLocation org.apache.commons.math.fraction.FractionFormat:279 which is executed by 7 tests
1013737658
10:10:34.066 [pool-2-thread-1] DEBUG fr.inria.lille.repair.nopol.NoPol - statement #28
10:10:34.066 [pool-2-thread-1] DEBUG fr.inria.lille.repair.nopol.NoPol - Analysing SourceLocation org.apache.commons.math.fraction.FractionFormat:389 which is executed by 8 tests
1013737658
10:10:34.163 [pool-2-thread-1] DEBUG fr.inria.lille.repair.nopol.NoPol - statement #29
10:10:34.163 [pool-2-thread-1] DEBUG fr.inria.lille.repair.nopol.NoPol - Analysing SourceLocation org.apache.commons.math.fraction.FractionFormat:384 which is executed by 8 tests
1013737658
10:10:34.260 [pool-2-thread-1] DEBUG fr.inria.lille.repair.nopol.NoPol - looking with class fr.inria.lille.repair.nopol.spoon.smt.ConditionalAdder
10:10:34.277 [pool-34-thread-1] INFO  xxl.java.junit.TestCasesListener - Tests run finished (13 ms)
<> Total tests run: 80
<> Ignored tests: 0
<> Failed tests: 0

10:10:34.277 [pool-2-thread-1] ERROR fr.inria.lille.repair.nopol.NoPol - Error ExecutionException java.util.concurrent.ExecutionException: java.lang.RuntimeException: failingTestCasesValidated: nothing to repair, no failing test cases
10:10:34.282 [pool-2-thread-1] DEBUG fr.inria.lille.repair.nopol.NoPol - looking with class fr.inria.lille.repair.nopol.spoon.smt.ConditionalReplacer
10:10:34.300 [pool-36-thread-1] INFO  xxl.java.junit.TestCasesListener - Tests run finished (12 ms)
<> Total tests run: 80
<> Ignored tests: 0
<> Failed tests: 0

10:10:34.302 [pool-2-thread-1] ERROR fr.inria.lille.repair.nopol.NoPol - Error ExecutionException java.util.concurrent.ExecutionException: java.lang.RuntimeException: failingTestCasesValidated: nothing to repair, no failing test cases
10:10:34.303 [pool-2-thread-1] DEBUG fr.inria.lille.repair.nopol.NoPol - statement #30
10:10:34.303 [pool-2-thread-1] DEBUG fr.inria.lille.repair.nopol.NoPol - Analysing SourceLocation org.apache.commons.math.fraction.FractionFormat:382 which is executed by 8 tests
1013737658
10:10:34.408 [pool-2-thread-1] DEBUG fr.inria.lille.repair.nopol.NoPol - looking with class fr.inria.lille.repair.nopol.spoon.smt.ConditionalAdder
10:10:34.425 [pool-38-thread-1] INFO  xxl.java.junit.TestCasesListener - Tests run finished (12 ms)
<> Total tests run: 80
<> Ignored tests: 0
<> Failed tests: 0

10:10:34.426 [pool-2-thread-1] ERROR fr.inria.lille.repair.nopol.NoPol - Error ExecutionException java.util.concurrent.ExecutionException: java.lang.RuntimeException: failingTestCasesValidated: nothing to repair, no failing test cases
10:10:34.426 [pool-2-thread-1] DEBUG fr.inria.lille.repair.nopol.NoPol - statement #31
10:10:34.426 [pool-2-thread-1] DEBUG fr.inria.lille.repair.nopol.NoPol - Analysing SourceLocation org.apache.commons.math.fraction.FractionFormat:381 which is executed by 8 tests
1013737658
10:10:34.523 [pool-2-thread-1] DEBUG fr.inria.lille.repair.nopol.NoPol - statement #32
10:10:34.524 [pool-2-thread-1] DEBUG fr.inria.lille.repair.nopol.NoPol - Analysing SourceLocation org.apache.commons.math.fraction.FractionFormat:380 which is executed by 8 tests
1013737658
10:10:34.621 [pool-2-thread-1] DEBUG fr.inria.lille.repair.nopol.NoPol - looking with class fr.inria.lille.repair.nopol.spoon.smt.ConditionalAdder
10:10:34.637 [pool-40-thread-1] INFO  xxl.java.junit.TestCasesListener - Tests run finished (13 ms)
<> Total tests run: 80
<> Ignored tests: 0
<> Failed tests: 0

10:10:34.637 [pool-2-thread-1] ERROR fr.inria.lille.repair.nopol.NoPol - Error ExecutionException java.util.concurrent.ExecutionException: java.lang.RuntimeException: failingTestCasesValidated: nothing to repair, no failing test cases
10:10:34.637 [pool-2-thread-1] DEBUG fr.inria.lille.repair.nopol.NoPol - statement #33
10:10:34.638 [pool-2-thread-1] DEBUG fr.inria.lille.repair.nopol.NoPol - Analysing SourceLocation org.apache.commons.math.fraction.FractionFormat:377 which is executed by 8 tests
1013737658
10:10:34.735 [pool-2-thread-1] DEBUG fr.inria.lille.repair.nopol.NoPol - looking with class fr.inria.lille.repair.nopol.spoon.smt.ConditionalAdder
10:10:34.758 [pool-42-thread-1] INFO  xxl.java.junit.TestCasesListener - Tests run finished (12 ms)
<> Total tests run: 80
<> Ignored tests: 0
<> Failed tests: 0

10:10:34.759 [pool-2-thread-1] ERROR fr.inria.lille.repair.nopol.NoPol - Error ExecutionException java.util.concurrent.ExecutionException: java.lang.RuntimeException: failingTestCasesValidated: nothing to repair, no failing test cases
10:10:34.759 [pool-2-thread-1] DEBUG fr.inria.lille.repair.nopol.NoPol - looking with class fr.inria.lille.repair.nopol.spoon.smt.ConditionalReplacer
10:10:34.785 [pool-44-thread-1] INFO  xxl.java.junit.TestCasesListener - Tests run finished (12 ms)
<> Total tests run: 80
<> Ignored tests: 0
<> Failed tests: 0

10:10:34.785 [pool-2-thread-1] ERROR fr.inria.lille.repair.nopol.NoPol - Error ExecutionException java.util.concurrent.ExecutionException: java.lang.RuntimeException: failingTestCasesValidated: nothing to repair, no failing test cases
10:10:34.785 [pool-2-thread-1] DEBUG fr.inria.lille.repair.nopol.NoPol - statement #34
10:10:34.786 [pool-2-thread-1] DEBUG fr.inria.lille.repair.nopol.NoPol - Analysing SourceLocation org.apache.commons.math.fraction.FractionFormat:375 which is executed by 8 tests
1013737658
10:10:34.894 [pool-2-thread-1] DEBUG fr.inria.lille.repair.nopol.NoPol - statement #35
10:10:34.895 [pool-2-thread-1] DEBUG fr.inria.lille.repair.nopol.NoPol - Analysing SourceLocation org.apache.commons.math.fraction.FractionFormat:374 which is executed by 8 tests
1013737658
10:10:34.992 [pool-2-thread-1] DEBUG fr.inria.lille.repair.nopol.NoPol - statement #36
10:10:34.992 [pool-2-thread-1] DEBUG fr.inria.lille.repair.nopol.NoPol - Analysing SourceLocation org.apache.commons.math.fraction.FractionFormat:373 which is executed by 8 tests
1013737658
10:10:35.089 [pool-2-thread-1] DEBUG fr.inria.lille.repair.nopol.NoPol - statement #37
10:10:35.089 [pool-2-thread-1] DEBUG fr.inria.lille.repair.nopol.NoPol - Analysing SourceLocation org.apache.commons.math.fraction.FractionFormat:364 which is executed by 8 tests
1013737658
10:10:35.185 [pool-2-thread-1] DEBUG fr.inria.lille.repair.nopol.NoPol - statement #38
10:10:35.186 [pool-2-thread-1] DEBUG fr.inria.lille.repair.nopol.NoPol - Analysing SourceLocation org.apache.commons.math.fraction.FractionFormat:363 which is executed by 8 tests
1013737658
10:10:35.282 [pool-2-thread-1] DEBUG fr.inria.lille.repair.nopol.NoPol - looking with class fr.inria.lille.repair.nopol.spoon.smt.ConditionalAdder
10:10:35.299 [pool-46-thread-1] INFO  xxl.java.junit.TestCasesListener - Tests run finished (11 ms)
<> Total tests run: 80
<> Ignored tests: 0
<> Failed tests: 0

10:10:35.299 [pool-2-thread-1] ERROR fr.inria.lille.repair.nopol.NoPol - Error ExecutionException java.util.concurrent.ExecutionException: java.lang.RuntimeException: failingTestCasesValidated: nothing to repair, no failing test cases
10:10:35.299 [pool-2-thread-1] DEBUG fr.inria.lille.repair.nopol.NoPol - statement #39
10:10:35.299 [pool-2-thread-1] DEBUG fr.inria.lille.repair.nopol.NoPol - Analysing SourceLocation org.apache.commons.math.fraction.FractionFormat:362 which is executed by 8 tests
1013737658
10:10:35.396 [pool-2-thread-1] DEBUG fr.inria.lille.repair.nopol.NoPol - looking with class fr.inria.lille.repair.nopol.spoon.smt.ConditionalAdder
10:10:35.429 [pool-48-thread-1] INFO  xxl.java.junit.TestCasesListener - Tests run finished (11 ms)
<> Total tests run: 80
<> Ignored tests: 0
<> Failed tests: 0

10:10:35.429 [pool-2-thread-1] ERROR fr.inria.lille.repair.nopol.NoPol - Error ExecutionException java.util.concurrent.ExecutionException: java.lang.RuntimeException: failingTestCasesValidated: nothing to repair, no failing test cases
10:10:35.429 [pool-2-thread-1] DEBUG fr.inria.lille.repair.nopol.NoPol - statement #40
10:10:35.429 [pool-2-thread-1] DEBUG fr.inria.lille.repair.nopol.NoPol - Analysing SourceLocation org.apache.commons.math.fraction.FractionFormat:270 which is executed by 8 tests
1013737658
10:10:35.525 [pool-2-thread-1] DEBUG fr.inria.lille.repair.nopol.NoPol - looking with class fr.inria.lille.repair.nopol.spoon.smt.ConditionalAdder
10:10:35.540 [pool-50-thread-1] INFO  xxl.java.junit.TestCasesListener - Tests run finished (11 ms)
<> Total tests run: 80
<> Ignored tests: 0
<> Failed tests: 0

10:10:35.540 [pool-2-thread-1] ERROR fr.inria.lille.repair.nopol.NoPol - Error ExecutionException java.util.concurrent.ExecutionException: java.lang.RuntimeException: failingTestCasesValidated: nothing to repair, no failing test cases
10:10:35.540 [pool-2-thread-1] DEBUG fr.inria.lille.repair.nopol.NoPol - looking with class fr.inria.lille.repair.nopol.spoon.smt.ConditionalReplacer
10:10:35.555 [pool-52-thread-1] INFO  xxl.java.junit.TestCasesListener - Tests run finished (12 ms)
<> Total tests run: 80
<> Ignored tests: 0
<> Failed tests: 0

10:10:35.555 [pool-2-thread-1] ERROR fr.inria.lille.repair.nopol.NoPol - Error ExecutionException java.util.concurrent.ExecutionException: java.lang.RuntimeException: failingTestCasesValidated: nothing to repair, no failing test cases
10:10:35.555 [pool-2-thread-1] DEBUG fr.inria.lille.repair.nopol.NoPol - statement #41
10:10:35.555 [pool-2-thread-1] DEBUG fr.inria.lille.repair.nopol.NoPol - Analysing SourceLocation org.apache.commons.math.fraction.FractionFormat:269 which is executed by 8 tests
1013737658
10:10:35.652 [pool-2-thread-1] DEBUG fr.inria.lille.repair.nopol.NoPol - statement #42
10:10:35.652 [pool-2-thread-1] DEBUG fr.inria.lille.repair.nopol.NoPol - Analysing SourceLocation org.apache.commons.math.fraction.FractionFormat:266 which is executed by 8 tests
1013737658
10:10:35.748 [pool-2-thread-1] DEBUG fr.inria.lille.repair.nopol.NoPol - looking with class fr.inria.lille.repair.nopol.spoon.smt.ConditionalAdder
10:10:35.764 [pool-54-thread-1] INFO  xxl.java.junit.TestCasesListener - Tests run finished (13 ms)
<> Total tests run: 80
<> Ignored tests: 0
<> Failed tests: 0

10:10:35.764 [pool-2-thread-1] ERROR fr.inria.lille.repair.nopol.NoPol - Error ExecutionException java.util.concurrent.ExecutionException: java.lang.RuntimeException: failingTestCasesValidated: nothing to repair, no failing test cases
10:10:35.764 [pool-2-thread-1] DEBUG fr.inria.lille.repair.nopol.NoPol - statement #43
10:10:35.764 [pool-2-thread-1] DEBUG fr.inria.lille.repair.nopol.NoPol - Analysing SourceLocation org.apache.commons.math.fraction.FractionFormat:263 which is executed by 8 tests
1013737658
10:10:35.859 [pool-2-thread-1] DEBUG fr.inria.lille.repair.nopol.NoPol - statement #44
10:10:35.860 [pool-2-thread-1] DEBUG fr.inria.lille.repair.nopol.NoPol - Analysing SourceLocation org.apache.commons.math.fraction.FractionFormat:246 which is executed by 8 tests
1013737658
10:10:35.955 [pool-2-thread-1] DEBUG fr.inria.lille.repair.nopol.NoPol - statement #45
10:10:35.955 [pool-2-thread-1] DEBUG fr.inria.lille.repair.nopol.NoPol - Analysing SourceLocation org.apache.commons.math.fraction.FractionFormat:245 which is executed by 8 tests
1013737658
10:10:36.051 [pool-2-thread-1] DEBUG fr.inria.lille.repair.nopol.NoPol - statement #46
10:10:36.051 [pool-2-thread-1] DEBUG fr.inria.lille.repair.nopol.NoPol - Analysing SourceLocation org.apache.commons.math.fraction.ProperFractionFormat:133 which is executed by 8 tests
-1129122774
10:10:36.144 [pool-2-thread-1] DEBUG fr.inria.lille.repair.nopol.NoPol - statement #47
10:10:36.144 [pool-2-thread-1] DEBUG fr.inria.lille.repair.nopol.NoPol - Analysing SourceLocation org.apache.commons.math.ode.nonstiff.EmbeddedRungeKuttaIntegrator:359 which is executed by 55 tests
1048307728
10:10:36.243 [pool-2-thread-1] DEBUG fr.inria.lille.repair.nopol.NoPol - statement #48
10:10:36.243 [pool-2-thread-1] DEBUG fr.inria.lille.repair.nopol.NoPol - Analysing SourceLocation org.apache.commons.math.ode.nonstiff.EmbeddedRungeKuttaIntegrator:358 which is executed by 55 tests
1048307728
10:10:36.341 [pool-2-thread-1] DEBUG fr.inria.lille.repair.nopol.NoPol - looking with class fr.inria.lille.repair.nopol.spoon.smt.ConditionalAdder
10:10:39.276 [pool-56-thread-1] INFO  xxl.java.junit.TestCasesListener - Tests run finished (2928 ms)
<> Total tests run: 85
<> Ignored tests: 0
<> Failed tests: 0

10:10:39.276 [pool-2-thread-1] ERROR fr.inria.lille.repair.nopol.NoPol - Error ExecutionException java.util.concurrent.ExecutionException: java.lang.RuntimeException: failingTestCasesValidated: nothing to repair, no failing test cases
10:10:39.276 [pool-2-thread-1] DEBUG fr.inria.lille.repair.nopol.NoPol - statement #49
10:10:39.276 [pool-2-thread-1] DEBUG fr.inria.lille.repair.nopol.NoPol - Analysing SourceLocation org.apache.commons.math.ode.nonstiff.EmbeddedRungeKuttaIntegrator:345 which is executed by 55 tests
1048307728
10:10:39.374 [pool-2-thread-1] DEBUG fr.inria.lille.repair.nopol.NoPol - statement #50
10:10:39.374 [pool-2-thread-1] DEBUG fr.inria.lille.repair.nopol.NoPol - Analysing SourceLocation org.apache.commons.math.ode.nonstiff.EmbeddedRungeKuttaIntegrator:344 which is executed by 55 tests
1048307728
10:10:39.471 [pool-2-thread-1] DEBUG fr.inria.lille.repair.nopol.NoPol - looking with class fr.inria.lille.repair.nopol.spoon.smt.ConditionalAdder
10:10:42.540 [pool-58-thread-1] INFO  xxl.java.junit.TestCasesListener - Tests run finished (3062 ms)
<> Total tests run: 85
<> Ignored tests: 0
<> Failed tests: 0

10:10:42.541 [pool-2-thread-1] ERROR fr.inria.lille.repair.nopol.NoPol - Error ExecutionException java.util.concurrent.ExecutionException: java.lang.RuntimeException: failingTestCasesValidated: nothing to repair, no failing test cases
10:10:42.541 [pool-2-thread-1] DEBUG fr.inria.lille.repair.nopol.NoPol - statement #51
10:10:42.541 [pool-2-thread-1] DEBUG fr.inria.lille.repair.nopol.NoPol - Analysing SourceLocation org.apache.commons.math.ode.nonstiff.EmbeddedRungeKuttaIntegrator:164 which is executed by 55 tests
1048307728
10:10:42.639 [pool-2-thread-1] DEBUG fr.inria.lille.repair.nopol.NoPol - statement #52
10:10:42.639 [pool-2-thread-1] DEBUG fr.inria.lille.repair.nopol.NoPol - Analysing SourceLocation org.apache.commons.math.ode.nonstiff.EmbeddedRungeKuttaIntegrator:163 which is executed by 55 tests
1048307728
10:10:42.735 [pool-2-thread-1] DEBUG fr.inria.lille.repair.nopol.NoPol - looking with class fr.inria.lille.repair.nopol.spoon.smt.ConditionalAdder
10:10:45.610 [pool-60-thread-1] INFO  xxl.java.junit.TestCasesListener - Tests run finished (2869 ms)
<> Total tests run: 85
<> Ignored tests: 0
<> Failed tests: 0

10:10:45.610 [pool-2-thread-1] ERROR fr.inria.lille.repair.nopol.NoPol - Error ExecutionException java.util.concurrent.ExecutionException: java.lang.RuntimeException: failingTestCasesValidated: nothing to repair, no failing test cases
10:10:45.610 [pool-2-thread-1] DEBUG fr.inria.lille.repair.nopol.NoPol - statement #53
10:10:45.610 [pool-2-thread-1] DEBUG fr.inria.lille.repair.nopol.NoPol - Analysing SourceLocation org.apache.commons.math.fraction.FractionFormat:234 which is executed by 9 tests
1013737658
10:10:45.718 [pool-2-thread-1] DEBUG fr.inria.lille.repair.nopol.NoPol - statement #54
10:10:45.718 [pool-2-thread-1] DEBUG fr.inria.lille.repair.nopol.NoPol - Analysing SourceLocation org.apache.commons.math.ode.nonstiff.AdaptiveStepsizeIntegrator:304 which is executed by 66 tests
1694344315
10:10:45.813 [pool-2-thread-1] DEBUG fr.inria.lille.repair.nopol.NoPol - statement #55
10:10:45.814 [pool-2-thread-1] DEBUG fr.inria.lille.repair.nopol.NoPol - Analysing SourceLocation org.apache.commons.math.ode.nonstiff.AdaptiveStepsizeIntegrator:303 which is executed by 66 tests
1694344315
10:10:45.928 [pool-2-thread-1] DEBUG fr.inria.lille.repair.nopol.NoPol - looking with class fr.inria.lille.repair.nopol.spoon.smt.ConditionalAdder
10:10:48.836 [pool-62-thread-1] INFO  xxl.java.junit.TestCasesListener - Tests run finished (2892 ms)
<> Total tests run: 85
<> Ignored tests: 0
<> Failed tests: 0

10:10:48.837 [pool-2-thread-1] ERROR fr.inria.lille.repair.nopol.NoPol - Error ExecutionException java.util.concurrent.ExecutionException: java.lang.RuntimeException: failingTestCasesValidated: nothing to repair, no failing test cases
10:10:48.837 [pool-2-thread-1] DEBUG fr.inria.lille.repair.nopol.NoPol - statement #56
10:10:48.837 [pool-2-thread-1] DEBUG fr.inria.lille.repair.nopol.NoPol - Analysing SourceLocation org.apache.commons.math.ode.nonstiff.AdaptiveStepsizeIntegrator:302 which is executed by 66 tests
1694344315
10:10:48.940 [pool-2-thread-1] DEBUG fr.inria.lille.repair.nopol.NoPol - looking with class fr.inria.lille.repair.nopol.spoon.smt.ConditionalAdder
10:10:51.951 [pool-64-thread-1] INFO  xxl.java.junit.TestCasesListener - Tests run finished (3005 ms)
<> Total tests run: 85
<> Ignored tests: 0
<> Failed tests: 0

10:10:51.952 [pool-2-thread-1] ERROR fr.inria.lille.repair.nopol.NoPol - Error ExecutionException java.util.concurrent.ExecutionException: java.lang.RuntimeException: failingTestCasesValidated: nothing to repair, no failing test cases
10:10:51.952 [pool-2-thread-1] DEBUG fr.inria.lille.repair.nopol.NoPol - statement #57
10:10:51.952 [pool-2-thread-1] DEBUG fr.inria.lille.repair.nopol.NoPol - Analysing SourceLocation org.apache.commons.math.fraction.FractionFormat:226 which is executed by 7 tests
1013737658
10:10:52.050 [pool-2-thread-1] DEBUG fr.inria.lille.repair.nopol.NoPol - statement #58
10:10:52.050 [pool-2-thread-1] DEBUG fr.inria.lille.repair.nopol.NoPol - Analysing SourceLocation org.apache.commons.math.fraction.FractionFormat:311 which is executed by 2 tests
1013737658
10:10:52.146 [pool-2-thread-1] DEBUG fr.inria.lille.repair.nopol.NoPol - statement #59
10:10:52.146 [pool-2-thread-1] DEBUG fr.inria.lille.repair.nopol.NoPol - Analysing SourceLocation org.apache.commons.math.fraction.ProperFractionFormat:214 which is executed by 2 tests
-1129122774
10:10:52.239 [pool-2-thread-1] DEBUG fr.inria.lille.repair.nopol.NoPol - statement #60
10:10:52.240 [pool-2-thread-1] DEBUG fr.inria.lille.repair.nopol.NoPol - Analysing SourceLocation org.apache.commons.math.fraction.ProperFractionFormat:213 which is executed by 2 tests
-1129122774
10:10:52.333 [pool-2-thread-1] DEBUG fr.inria.lille.repair.nopol.NoPol - statement #61
10:10:52.333 [pool-2-thread-1] DEBUG fr.inria.lille.repair.nopol.NoPol - Analysing SourceLocation org.apache.commons.math.fraction.ProperFractionFormat:212 which is executed by 2 tests
-1129122774
10:10:52.428 [pool-2-thread-1] DEBUG fr.inria.lille.repair.nopol.NoPol - statement #62
10:10:52.428 [pool-2-thread-1] DEBUG fr.inria.lille.repair.nopol.NoPol - Analysing SourceLocation org.apache.commons.math.fraction.ProperFractionFormat:211 which is executed by 2 tests
-1129122774
10:10:52.522 [pool-2-thread-1] DEBUG fr.inria.lille.repair.nopol.NoPol - statement #63
10:10:52.522 [pool-2-thread-1] DEBUG fr.inria.lille.repair.nopol.NoPol - Analysing SourceLocation org.apache.commons.math.fraction.FractionFormat:303 which is executed by 3 tests
1013737658
10:10:52.618 [pool-2-thread-1] DEBUG fr.inria.lille.repair.nopol.NoPol - looking with class fr.inria.lille.repair.nopol.spoon.smt.ConditionalAdder
10:10:52.630 [pool-66-thread-1] INFO  xxl.java.junit.TestCasesListener - Tests run finished (8 ms)
<> Total tests run: 32
<> Ignored tests: 0
<> Failed tests: 0

10:10:52.630 [pool-2-thread-1] ERROR fr.inria.lille.repair.nopol.NoPol - Error ExecutionException java.util.concurrent.ExecutionException: java.lang.RuntimeException: failingTestCasesValidated: nothing to repair, no failing test cases
10:10:52.630 [pool-2-thread-1] DEBUG fr.inria.lille.repair.nopol.NoPol - looking with class fr.inria.lille.repair.nopol.spoon.smt.ConditionalReplacer
10:10:52.640 [pool-68-thread-1] INFO  xxl.java.junit.TestCasesListener - Tests run finished (8 ms)
<> Total tests run: 32
<> Ignored tests: 0
<> Failed tests: 0

10:10:52.640 [pool-2-thread-1] ERROR fr.inria.lille.repair.nopol.NoPol - Error ExecutionException java.util.concurrent.ExecutionException: java.lang.RuntimeException: failingTestCasesValidated: nothing to repair, no failing test cases
10:10:52.640 [pool-2-thread-1] DEBUG fr.inria.lille.repair.nopol.NoPol - statement #64
10:10:52.640 [pool-2-thread-1] DEBUG fr.inria.lille.repair.nopol.NoPol - Analysing SourceLocation org.apache.commons.math.fraction.FractionFormat:302 which is executed by 3 tests
1013737658
10:10:52.743 [pool-2-thread-1] DEBUG fr.inria.lille.repair.nopol.NoPol - statement #65
10:10:52.743 [pool-2-thread-1] DEBUG fr.inria.lille.repair.nopol.NoPol - Analysing SourceLocation org.apache.commons.math.fraction.FractionFormat:299 which is executed by 3 tests
1013737658
10:10:52.838 [pool-2-thread-1] DEBUG fr.inria.lille.repair.nopol.NoPol - looking with class fr.inria.lille.repair.nopol.spoon.smt.ConditionalAdder
10:10:52.848 [pool-70-thread-1] INFO  xxl.java.junit.TestCasesListener - Tests run finished (8 ms)
<> Total tests run: 32
<> Ignored tests: 0
<> Failed tests: 0

10:10:52.848 [pool-2-thread-1] ERROR fr.inria.lille.repair.nopol.NoPol - Error ExecutionException java.util.concurrent.ExecutionException: java.lang.RuntimeException: failingTestCasesValidated: nothing to repair, no failing test cases
10:10:52.848 [pool-2-thread-1] DEBUG fr.inria.lille.repair.nopol.NoPol - statement #66
10:10:52.849 [pool-2-thread-1] DEBUG fr.inria.lille.repair.nopol.NoPol - Analysing SourceLocation org.apache.commons.math.fraction.FractionFormat:288 which is executed by 3 tests
1013737658
10:10:52.944 [pool-2-thread-1] DEBUG fr.inria.lille.repair.nopol.NoPol - looking with class fr.inria.lille.repair.nopol.spoon.smt.ConditionalAdder
10:10:52.954 [pool-72-thread-1] INFO  xxl.java.junit.TestCasesListener - Tests run finished (8 ms)
<> Total tests run: 32
<> Ignored tests: 0
<> Failed tests: 0

10:10:52.954 [pool-2-thread-1] ERROR fr.inria.lille.repair.nopol.NoPol - Error ExecutionException java.util.concurrent.ExecutionException: java.lang.RuntimeException: failingTestCasesValidated: nothing to repair, no failing test cases
10:10:52.954 [pool-2-thread-1] DEBUG fr.inria.lille.repair.nopol.NoPol - statement #67
10:10:52.954 [pool-2-thread-1] DEBUG fr.inria.lille.repair.nopol.NoPol - Analysing SourceLocation org.apache.commons.math.fraction.FractionFormat:295 which is executed by 3 tests
1013737658
10:10:53.050 [pool-2-thread-1] DEBUG fr.inria.lille.repair.nopol.NoPol - statement #68
10:10:53.050 [pool-2-thread-1] DEBUG fr.inria.lille.repair.nopol.NoPol - Analysing SourceLocation org.apache.commons.math.fraction.FractionFormat:294 which is executed by 3 tests
1013737658
10:10:53.146 [pool-2-thread-1] DEBUG fr.inria.lille.repair.nopol.NoPol - looking with class fr.inria.lille.repair.nopol.spoon.smt.ConditionalAdder
10:10:53.156 [pool-74-thread-1] INFO  xxl.java.junit.TestCasesListener - Tests run finished (8 ms)
<> Total tests run: 32
<> Ignored tests: 0
<> Failed tests: 0

10:10:53.156 [pool-2-thread-1] ERROR fr.inria.lille.repair.nopol.NoPol - Error ExecutionException java.util.concurrent.ExecutionException: java.lang.RuntimeException: failingTestCasesValidated: nothing to repair, no failing test cases
10:10:53.157 [pool-2-thread-1] DEBUG fr.inria.lille.repair.nopol.NoPol - statement #69
10:10:53.157 [pool-2-thread-1] DEBUG fr.inria.lille.repair.nopol.NoPol - Analysing SourceLocation org.apache.commons.math.fraction.FractionFormat:293 which is executed by 3 tests
1013737658
10:10:53.251 [pool-2-thread-1] DEBUG fr.inria.lille.repair.nopol.NoPol - looking with class fr.inria.lille.repair.nopol.spoon.smt.ConditionalAdder
10:10:53.264 [pool-76-thread-1] INFO  xxl.java.junit.TestCasesListener - Tests run finished (8 ms)
<> Total tests run: 32
<> Ignored tests: 0
<> Failed tests: 0

10:10:53.264 [pool-2-thread-1] ERROR fr.inria.lille.repair.nopol.NoPol - Error ExecutionException java.util.concurrent.ExecutionException: java.lang.RuntimeException: failingTestCasesValidated: nothing to repair, no failing test cases
10:10:53.264 [pool-2-thread-1] DEBUG fr.inria.lille.repair.nopol.NoPol - statement #70
10:10:53.264 [pool-2-thread-1] DEBUG fr.inria.lille.repair.nopol.NoPol - Analysing SourceLocation org.apache.commons.math.fraction.ProperFractionFormat:205 which is executed by 3 tests
-1129122774
10:10:53.356 [pool-2-thread-1] DEBUG fr.inria.lille.repair.nopol.NoPol - looking with class fr.inria.lille.repair.nopol.spoon.smt.ConditionalAdder
10:10:53.376 [pool-78-thread-1] INFO  xxl.java.junit.TestCasesListener - Tests run finished (8 ms)
<> Total tests run: 32
<> Ignored tests: 0
<> Failed tests: 0

10:10:53.380 [pool-2-thread-1] ERROR fr.inria.lille.repair.nopol.NoPol - Error ExecutionException java.util.concurrent.ExecutionException: java.lang.RuntimeException: failingTestCasesValidated: nothing to repair, no failing test cases
10:10:53.381 [pool-2-thread-1] DEBUG fr.inria.lille.repair.nopol.NoPol - looking with class fr.inria.lille.repair.nopol.spoon.smt.ConditionalReplacer
10:10:53.391 [pool-80-thread-1] INFO  xxl.java.junit.TestCasesListener - Tests run finished (8 ms)
<> Total tests run: 32
<> Ignored tests: 0
<> Failed tests: 0

10:10:53.391 [pool-2-thread-1] ERROR fr.inria.lille.repair.nopol.NoPol - Error ExecutionException java.util.concurrent.ExecutionException: java.lang.RuntimeException: failingTestCasesValidated: nothing to repair, no failing test cases
10:10:53.391 [pool-2-thread-1] DEBUG fr.inria.lille.repair.nopol.NoPol - statement #71
10:10:53.391 [pool-2-thread-1] DEBUG fr.inria.lille.repair.nopol.NoPol - Analysing SourceLocation org.apache.commons.math.fraction.ProperFractionFormat:197 which is executed by 3 tests
-1129122774
10:10:53.483 [pool-2-thread-1] DEBUG fr.inria.lille.repair.nopol.NoPol - looking with class fr.inria.lille.repair.nopol.spoon.smt.ConditionalAdder
10:10:53.495 [pool-82-thread-1] INFO  xxl.java.junit.TestCasesListener - Tests run finished (8 ms)
<> Total tests run: 32
<> Ignored tests: 0
<> Failed tests: 0

10:10:53.495 [pool-2-thread-1] ERROR fr.inria.lille.repair.nopol.NoPol - Error ExecutionException java.util.concurrent.ExecutionException: java.lang.RuntimeException: failingTestCasesValidated: nothing to repair, no failing test cases
10:10:53.495 [pool-2-thread-1] DEBUG fr.inria.lille.repair.nopol.NoPol - looking with class fr.inria.lille.repair.nopol.spoon.smt.ConditionalReplacer
10:10:53.504 [pool-84-thread-1] INFO  xxl.java.junit.TestCasesListener - Tests run finished (7 ms)
<> Total tests run: 32
<> Ignored tests: 0
<> Failed tests: 0

10:10:53.505 [pool-2-thread-1] ERROR fr.inria.lille.repair.nopol.NoPol - Error ExecutionException java.util.concurrent.ExecutionException: java.lang.RuntimeException: failingTestCasesValidated: nothing to repair, no failing test cases
10:10:53.505 [pool-2-thread-1] DEBUG fr.inria.lille.repair.nopol.NoPol - statement #72
10:10:53.505 [pool-2-thread-1] DEBUG fr.inria.lille.repair.nopol.NoPol - Analysing SourceLocation org.apache.commons.math.fraction.ProperFractionFormat:196 which is executed by 3 tests
-1129122774
10:10:53.597 [pool-2-thread-1] DEBUG fr.inria.lille.repair.nopol.NoPol - statement #73
10:10:53.597 [pool-2-thread-1] DEBUG fr.inria.lille.repair.nopol.NoPol - Analysing SourceLocation org.apache.commons.math.fraction.ProperFractionFormat:193 which is executed by 3 tests
-1129122774
10:10:53.689 [pool-2-thread-1] DEBUG fr.inria.lille.repair.nopol.NoPol - looking with class fr.inria.lille.repair.nopol.spoon.smt.ConditionalAdder
10:10:53.713 [pool-86-thread-1] INFO  xxl.java.junit.TestCasesListener - Tests run finished (8 ms)
<> Total tests run: 32
<> Ignored tests: 0
<> Failed tests: 0

10:10:53.713 [pool-2-thread-1] ERROR fr.inria.lille.repair.nopol.NoPol - Error ExecutionException java.util.concurrent.ExecutionException: java.lang.RuntimeException: failingTestCasesValidated: nothing to repair, no failing test cases
10:10:53.713 [pool-2-thread-1] DEBUG fr.inria.lille.repair.nopol.NoPol - statement #74
10:10:53.713 [pool-2-thread-1] DEBUG fr.inria.lille.repair.nopol.NoPol - Analysing SourceLocation org.apache.commons.math.fraction.ProperFractionFormat:182 which is executed by 3 tests
-1129122774
10:10:53.805 [pool-2-thread-1] DEBUG fr.inria.lille.repair.nopol.NoPol - looking with class fr.inria.lille.repair.nopol.spoon.smt.ConditionalAdder
10:10:53.815 [pool-88-thread-1] INFO  xxl.java.junit.TestCasesListener - Tests run finished (8 ms)
<> Total tests run: 32
<> Ignored tests: 0
<> Failed tests: 0

10:10:53.815 [pool-2-thread-1] ERROR fr.inria.lille.repair.nopol.NoPol - Error ExecutionException java.util.concurrent.ExecutionException: java.lang.RuntimeException: failingTestCasesValidated: nothing to repair, no failing test cases
10:10:53.815 [pool-2-thread-1] DEBUG fr.inria.lille.repair.nopol.NoPol - statement #75
10:10:53.815 [pool-2-thread-1] DEBUG fr.inria.lille.repair.nopol.NoPol - Analysing SourceLocation org.apache.commons.math.fraction.ProperFractionFormat:175 which is executed by 3 tests
-1129122774
10:10:53.907 [pool-2-thread-1] DEBUG fr.inria.lille.repair.nopol.NoPol - looking with class fr.inria.lille.repair.nopol.spoon.smt.ConditionalAdder
10:10:53.917 [pool-90-thread-1] INFO  xxl.java.junit.TestCasesListener - Tests run finished (7 ms)
<> Total tests run: 32
<> Ignored tests: 0
<> Failed tests: 0

10:10:53.918 [pool-2-thread-1] ERROR fr.inria.lille.repair.nopol.NoPol - Error ExecutionException java.util.concurrent.ExecutionException: java.lang.RuntimeException: failingTestCasesValidated: nothing to repair, no failing test cases
10:10:53.918 [pool-2-thread-1] DEBUG fr.inria.lille.repair.nopol.NoPol - statement #76
10:10:53.918 [pool-2-thread-1] DEBUG fr.inria.lille.repair.nopol.NoPol - Analysing SourceLocation org.apache.commons.math.fraction.ProperFractionFormat:174 which is executed by 3 tests
-1129122774
10:10:54.009 [pool-2-thread-1] DEBUG fr.inria.lille.repair.nopol.NoPol - statement #77
10:10:54.010 [pool-2-thread-1] DEBUG fr.inria.lille.repair.nopol.NoPol - Analysing SourceLocation org.apache.commons.math.fraction.ProperFractionFormat:173 which is executed by 3 tests
-1129122774
10:10:54.101 [pool-2-thread-1] DEBUG fr.inria.lille.repair.nopol.NoPol - statement #78
10:10:54.101 [pool-2-thread-1] DEBUG fr.inria.lille.repair.nopol.NoPol - Analysing SourceLocation org.apache.commons.math.fraction.ProperFractionFormat:166 which is executed by 3 tests
-1129122774
10:10:54.192 [pool-2-thread-1] DEBUG fr.inria.lille.repair.nopol.NoPol - looking with class fr.inria.lille.repair.nopol.spoon.smt.ConditionalAdder
10:10:54.202 [pool-92-thread-1] INFO  xxl.java.junit.TestCasesListener - Tests run finished (7 ms)
<> Total tests run: 32
<> Ignored tests: 0
<> Failed tests: 0

10:10:54.202 [pool-2-thread-1] ERROR fr.inria.lille.repair.nopol.NoPol - Error ExecutionException java.util.concurrent.ExecutionException: java.lang.RuntimeException: failingTestCasesValidated: nothing to repair, no failing test cases
10:10:54.202 [pool-2-thread-1] DEBUG fr.inria.lille.repair.nopol.NoPol - looking with class fr.inria.lille.repair.nopol.spoon.smt.ConditionalReplacer
10:10:54.212 [pool-94-thread-1] INFO  xxl.java.junit.TestCasesListener - Tests run finished (8 ms)
<> Total tests run: 32
<> Ignored tests: 0
<> Failed tests: 0

10:10:54.212 [pool-2-thread-1] ERROR fr.inria.lille.repair.nopol.NoPol - Error ExecutionException java.util.concurrent.ExecutionException: java.lang.RuntimeException: failingTestCasesValidated: nothing to repair, no failing test cases
10:10:54.212 [pool-2-thread-1] DEBUG fr.inria.lille.repair.nopol.NoPol - statement #79
10:10:54.212 [pool-2-thread-1] DEBUG fr.inria.lille.repair.nopol.NoPol - Analysing SourceLocation org.apache.commons.math.util.MathUtils:350 which is executed by 1 tests
-1550426518
10:10:54.316 [pool-2-thread-1] DEBUG fr.inria.lille.repair.nopol.NoPol - statement #80
10:10:54.316 [pool-2-thread-1] DEBUG fr.inria.lille.repair.nopol.NoPol - Analysing SourceLocation org.apache.commons.math.fraction.FractionFormat:285 which is executed by 1 tests
1013737658
10:10:54.411 [pool-2-thread-1] DEBUG fr.inria.lille.repair.nopol.NoPol - statement #81
10:10:54.411 [pool-2-thread-1] DEBUG fr.inria.lille.repair.nopol.NoPol - Analysing SourceLocation org.apache.commons.math.fraction.ProperFractionFormat:158 which is executed by 4 tests
-1129122774
10:10:54.502 [pool-2-thread-1] DEBUG fr.inria.lille.repair.nopol.NoPol - looking with class fr.inria.lille.repair.nopol.spoon.smt.ConditionalAdder
10:10:54.513 [pool-96-thread-1] INFO  xxl.java.junit.TestCasesListener - Tests run finished (9 ms)
<> Total tests run: 32
<> Ignored tests: 0
<> Failed tests: 0

10:10:54.514 [pool-2-thread-1] ERROR fr.inria.lille.repair.nopol.NoPol - Error ExecutionException java.util.concurrent.ExecutionException: java.lang.RuntimeException: failingTestCasesValidated: nothing to repair, no failing test cases
10:10:54.514 [pool-2-thread-1] DEBUG fr.inria.lille.repair.nopol.NoPol - looking with class fr.inria.lille.repair.nopol.spoon.smt.ConditionalReplacer
10:10:54.524 [pool-98-thread-1] INFO  xxl.java.junit.TestCasesListener - Tests run finished (8 ms)
<> Total tests run: 32
<> Ignored tests: 0
<> Failed tests: 0

10:10:54.524 [pool-2-thread-1] ERROR fr.inria.lille.repair.nopol.NoPol - Error ExecutionException java.util.concurrent.ExecutionException: java.lang.RuntimeException: failingTestCasesValidated: nothing to repair, no failing test cases
10:10:54.524 [pool-2-thread-1] DEBUG fr.inria.lille.repair.nopol.NoPol - statement #82
10:10:54.524 [pool-2-thread-1] DEBUG fr.inria.lille.repair.nopol.NoPol - Analysing SourceLocation org.apache.commons.math.fraction.ProperFractionFormat:157 which is executed by 4 tests
-1129122774
10:10:54.616 [pool-2-thread-1] DEBUG fr.inria.lille.repair.nopol.NoPol - statement #83
10:10:54.616 [pool-2-thread-1] DEBUG fr.inria.lille.repair.nopol.NoPol - Analysing SourceLocation org.apache.commons.math.fraction.ProperFractionFormat:154 which is executed by 4 tests
-1129122774
10:10:54.720 [pool-2-thread-1] DEBUG fr.inria.lille.repair.nopol.NoPol - looking with class fr.inria.lille.repair.nopol.spoon.smt.ConditionalAdder
10:10:54.730 [pool-100-thread-1] INFO  xxl.java.junit.TestCasesListener - Tests run finished (7 ms)
<> Total tests run: 32
<> Ignored tests: 0
<> Failed tests: 0

10:10:54.731 [pool-2-thread-1] ERROR fr.inria.lille.repair.nopol.NoPol - Error ExecutionException java.util.concurrent.ExecutionException: java.lang.RuntimeException: failingTestCasesValidated: nothing to repair, no failing test cases
10:10:54.731 [pool-2-thread-1] DEBUG fr.inria.lille.repair.nopol.NoPol - statement #84
10:10:54.731 [pool-2-thread-1] DEBUG fr.inria.lille.repair.nopol.NoPol - Analysing SourceLocation org.apache.commons.math.fraction.ProperFractionFormat:145 which is executed by 5 tests
-1129122774
10:10:54.823 [pool-2-thread-1] DEBUG fr.inria.lille.repair.nopol.NoPol - looking with class fr.inria.lille.repair.nopol.spoon.smt.ConditionalAdder
10:10:54.834 [pool-102-thread-1] INFO  xxl.java.junit.TestCasesListener - Tests run finished (9 ms)
<> Total tests run: 32
<> Ignored tests: 0
<> Failed tests: 0

10:10:54.834 [pool-2-thread-1] ERROR fr.inria.lille.repair.nopol.NoPol - Error ExecutionException java.util.concurrent.ExecutionException: java.lang.RuntimeException: failingTestCasesValidated: nothing to repair, no failing test cases
10:10:54.834 [pool-2-thread-1] DEBUG fr.inria.lille.repair.nopol.NoPol - looking with class fr.inria.lille.repair.nopol.spoon.smt.ConditionalReplacer
10:10:54.844 [pool-104-thread-1] INFO  xxl.java.junit.TestCasesListener - Tests run finished (8 ms)
<> Total tests run: 32
<> Ignored tests: 0
<> Failed tests: 0

10:10:54.844 [pool-2-thread-1] ERROR fr.inria.lille.repair.nopol.NoPol - Error ExecutionException java.util.concurrent.ExecutionException: java.lang.RuntimeException: failingTestCasesValidated: nothing to repair, no failing test cases
10:10:54.844 [pool-2-thread-1] DEBUG fr.inria.lille.repair.nopol.NoPol - statement #85
10:10:54.844 [pool-2-thread-1] DEBUG fr.inria.lille.repair.nopol.NoPol - Analysing SourceLocation org.apache.commons.math.fraction.ProperFractionFormat:144 which is executed by 5 tests
-1129122774
10:10:54.936 [pool-2-thread-1] DEBUG fr.inria.lille.repair.nopol.NoPol - statement #86
10:10:54.936 [pool-2-thread-1] DEBUG fr.inria.lille.repair.nopol.NoPol - Analysing SourceLocation org.apache.commons.math.fraction.ProperFractionFormat:141 which is executed by 5 tests
-1129122774
10:10:55.028 [pool-2-thread-1] DEBUG fr.inria.lille.repair.nopol.NoPol - looking with class fr.inria.lille.repair.nopol.spoon.smt.ConditionalAdder
10:10:55.037 [pool-106-thread-1] INFO  xxl.java.junit.TestCasesListener - Tests run finished (7 ms)
<> Total tests run: 32
<> Ignored tests: 0
<> Failed tests: 0

10:10:55.038 [pool-2-thread-1] ERROR fr.inria.lille.repair.nopol.NoPol - Error ExecutionException java.util.concurrent.ExecutionException: java.lang.RuntimeException: failingTestCasesValidated: nothing to repair, no failing test cases
10:10:55.038 [pool-2-thread-1] DEBUG fr.inria.lille.repair.nopol.NoPol - statement #87
10:10:55.038 [pool-2-thread-1] DEBUG fr.inria.lille.repair.nopol.NoPol - Analysing SourceLocation org.apache.commons.math.fraction.ProperFractionFormat:138 which is executed by 5 tests
-1129122774
10:10:55.129 [pool-2-thread-1] DEBUG fr.inria.lille.repair.nopol.NoPol - statement #88
10:10:55.129 [pool-2-thread-1] DEBUG fr.inria.lille.repair.nopol.NoPol - Analysing SourceLocation org.apache.commons.math.fraction.ProperFractionFormat:134 which is executed by 5 tests
-1129122774
10:10:55.219 [pool-2-thread-1] DEBUG fr.inria.lille.repair.nopol.NoPol - looking with class fr.inria.lille.repair.nopol.spoon.smt.ConditionalAdder
10:10:55.229 [pool-108-thread-1] INFO  xxl.java.junit.TestCasesListener - Tests run finished (7 ms)
<> Total tests run: 32
<> Ignored tests: 0
<> Failed tests: 0

10:10:55.230 [pool-2-thread-1] ERROR fr.inria.lille.repair.nopol.NoPol - Error ExecutionException java.util.concurrent.ExecutionException: java.lang.RuntimeException: failingTestCasesValidated: nothing to repair, no failing test cases
10:10:55.230 [pool-2-thread-1] DEBUG fr.inria.lille.repair.nopol.NoPol - looking with class fr.inria.lille.repair.nopol.spoon.smt.ConditionalReplacer
10:10:55.239 [pool-110-thread-1] INFO  xxl.java.junit.TestCasesListener - Tests run finished (7 ms)
<> Total tests run: 32
<> Ignored tests: 0
<> Failed tests: 0

10:10:55.240 [pool-2-thread-1] ERROR fr.inria.lille.repair.nopol.NoPol - Error ExecutionException java.util.concurrent.ExecutionException: java.lang.RuntimeException: failingTestCasesValidated: nothing to repair, no failing test cases
10:10:55.240 [pool-2-thread-1] DEBUG fr.inria.lille.repair.nopol.NoPol - statement #89
10:10:55.240 [pool-2-thread-1] DEBUG fr.inria.lille.repair.nopol.NoPol - Analysing SourceLocation org.apache.commons.math.ode.nonstiff.TestProblemAbstract:143 which is executed by 86 tests
10:10:55.240 [pool-2-thread-1] DEBUG fr.inria.lille.repair.nopol.NoPol - cannot spoon SourceLocation org.apache.commons.math.ode.nonstiff.TestProblemAbstract:143
10:10:55.240 [pool-2-thread-1] DEBUG fr.inria.lille.repair.nopol.NoPol - statement #90
10:10:55.240 [pool-2-thread-1] DEBUG fr.inria.lille.repair.nopol.NoPol - Analysing SourceLocation org.apache.commons.math.ode.nonstiff.TestProblemAbstract:127 which is executed by 86 tests
10:10:55.240 [pool-2-thread-1] DEBUG fr.inria.lille.repair.nopol.NoPol - cannot spoon SourceLocation org.apache.commons.math.ode.nonstiff.TestProblemAbstract:127
10:10:55.240 [pool-2-thread-1] DEBUG fr.inria.lille.repair.nopol.NoPol - statement #91
10:10:55.240 [pool-2-thread-1] DEBUG fr.inria.lille.repair.nopol.NoPol - Analysing SourceLocation org.apache.commons.math.ode.nonstiff.TestProblemAbstract:116 which is executed by 92 tests
10:10:55.240 [pool-2-thread-1] DEBUG fr.inria.lille.repair.nopol.NoPol - cannot spoon SourceLocation org.apache.commons.math.ode.nonstiff.TestProblemAbstract:116
10:10:55.240 [pool-2-thread-1] DEBUG fr.inria.lille.repair.nopol.NoPol - statement #92
10:10:55.240 [pool-2-thread-1] DEBUG fr.inria.lille.repair.nopol.NoPol - Analysing SourceLocation org.apache.commons.math.ode.nonstiff.TestProblemAbstract:115 which is executed by 92 tests
10:10:55.240 [pool-2-thread-1] DEBUG fr.inria.lille.repair.nopol.NoPol - cannot spoon SourceLocation org.apache.commons.math.ode.nonstiff.TestProblemAbstract:115
10:10:55.240 [pool-2-thread-1] DEBUG fr.inria.lille.repair.nopol.NoPol - statement #93
10:10:55.240 [pool-2-thread-1] DEBUG fr.inria.lille.repair.nopol.NoPol - Analysing SourceLocation org.apache.commons.math.ode.nonstiff.TestProblemAbstract:108 which is executed by 92 tests
10:10:55.240 [pool-2-thread-1] DEBUG fr.inria.lille.repair.nopol.NoPol - cannot spoon SourceLocation org.apache.commons.math.ode.nonstiff.TestProblemAbstract:108
10:10:55.240 [pool-2-thread-1] DEBUG fr.inria.lille.repair.nopol.NoPol - statement #94
10:10:55.241 [pool-2-thread-1] DEBUG fr.inria.lille.repair.nopol.NoPol - Analysing SourceLocation org.apache.commons.math.ode.nonstiff.TestProblemAbstract:107 which is executed by 92 tests
10:10:55.241 [pool-2-thread-1] DEBUG fr.inria.lille.repair.nopol.NoPol - cannot spoon SourceLocation org.apache.commons.math.ode.nonstiff.TestProblemAbstract:107
10:10:55.241 [pool-2-thread-1] DEBUG fr.inria.lille.repair.nopol.NoPol - statement #95
10:10:55.241 [pool-2-thread-1] DEBUG fr.inria.lille.repair.nopol.NoPol - Analysing SourceLocation org.apache.commons.math.ode.nonstiff.TestProblemAbstract:100 which is executed by 92 tests
10:10:55.241 [pool-2-thread-1] DEBUG fr.inria.lille.repair.nopol.NoPol - cannot spoon SourceLocation org.apache.commons.math.ode.nonstiff.TestProblemAbstract:100
10:10:55.241 [pool-2-thread-1] DEBUG fr.inria.lille.repair.nopol.NoPol - statement #96
10:10:55.241 [pool-2-thread-1] DEBUG fr.inria.lille.repair.nopol.NoPol - Analysing SourceLocation org.apache.commons.math.ode.nonstiff.TestProblemAbstract:99 which is executed by 92 tests
10:10:55.241 [pool-2-thread-1] DEBUG fr.inria.lille.repair.nopol.NoPol - cannot spoon SourceLocation org.apache.commons.math.ode.nonstiff.TestProblemAbstract:99
10:10:55.241 [pool-2-thread-1] DEBUG fr.inria.lille.repair.nopol.NoPol - statement #97
10:10:55.241 [pool-2-thread-1] DEBUG fr.inria.lille.repair.nopol.NoPol - Analysing SourceLocation org.apache.commons.math.ode.nonstiff.TestProblemAbstract:98 which is executed by 92 tests
10:10:55.241 [pool-2-thread-1] DEBUG fr.inria.lille.repair.nopol.NoPol - cannot spoon SourceLocation org.apache.commons.math.ode.nonstiff.TestProblemAbstract:98
10:10:55.241 [pool-2-thread-1] DEBUG fr.inria.lille.repair.nopol.NoPol - statement #98
10:10:55.241 [pool-2-thread-1] DEBUG fr.inria.lille.repair.nopol.NoPol - Analysing SourceLocation org.apache.commons.math.ode.nonstiff.TestProblemAbstract:97 which is executed by 92 tests
10:10:55.241 [pool-2-thread-1] DEBUG fr.inria.lille.repair.nopol.NoPol - cannot spoon SourceLocation org.apache.commons.math.ode.nonstiff.TestProblemAbstract:97
10:10:55.241 [pool-2-thread-1] DEBUG fr.inria.lille.repair.nopol.NoPol - statement #99
10:10:55.241 [pool-2-thread-1] DEBUG fr.inria.lille.repair.nopol.NoPol - Analysing SourceLocation org.apache.commons.math.ode.nonstiff.TestProblemAbstract:96 which is executed by 92 tests
10:10:55.241 [pool-2-thread-1] DEBUG fr.inria.lille.repair.nopol.NoPol - cannot spoon SourceLocation org.apache.commons.math.ode.nonstiff.TestProblemAbstract:96
10:10:55.241 [pool-2-thread-1] DEBUG fr.inria.lille.repair.nopol.NoPol - statement #100
10:10:55.242 [pool-2-thread-1] DEBUG fr.inria.lille.repair.nopol.NoPol - Analysing SourceLocation org.apache.commons.math.fraction.ProperFractionFormat:116 which is executed by 6 tests
-1129122774
10:10:55.333 [pool-2-thread-1] DEBUG fr.inria.lille.repair.nopol.NoPol - statement #101
10:10:55.333 [pool-2-thread-1] DEBUG fr.inria.lille.repair.nopol.NoPol - Analysing SourceLocation org.apache.commons.math.ode.nonstiff.TestProblemFactory:46 which is executed by 7 tests
10:10:55.334 [pool-2-thread-1] DEBUG fr.inria.lille.repair.nopol.NoPol - cannot spoon SourceLocation org.apache.commons.math.ode.nonstiff.TestProblemFactory:46
10:10:55.334 [pool-2-thread-1] DEBUG fr.inria.lille.repair.nopol.NoPol - statement #102
10:10:55.334 [pool-2-thread-1] DEBUG fr.inria.lille.repair.nopol.NoPol - Analysing SourceLocation org.apache.commons.math.util.MathUtils:346 which is executed by 2 tests
-1550426518
10:10:55.437 [pool-2-thread-1] DEBUG fr.inria.lille.repair.nopol.NoPol - looking with class fr.inria.lille.repair.nopol.spoon.smt.ConditionalAdder
junit.framework.AssertionFailedError: 17!  expected:<3.55687428096E14> but was:<3.55687428096001E14>
    at junit.framework.Assert.fail(Assert.java:57)
    at junit.framework.Assert.failNotEquals(Assert.java:329)
    at junit.framework.Assert.assertEquals(Assert.java:120)
    at junit.framework.TestCase.assertEquals(TestCase.java:279)
    at org.apache.commons.math.util.MathUtilsTest.testFactorial(MathUtilsTest.java:237)
    at sun.reflect.NativeMethodAccessorImpl.invoke0(Native Method)
10:10:55.461 [pool-112-thread-1] INFO  xxl.java.junit.TestCasesListener - Tests run finished (21 ms)
<> Total tests run: 42
<> Ignored tests: 0
<> Failed tests: 1
~ testFactorial(org.apache.commons.math.util.MathUtilsTest)
[17!  expected:<3.55687428096E14> but was:<3.55687428096001E14>]
junit.framework.AssertionFailedError: 17!  expected:<3.55687428096E14> but was:<3.55687428096001E14>    at junit.framework.Assert.fail(Assert.java:57)
    at junit.framework.Assert.failNotEquals(Assert.java:329)
    at junit.framework.Assert.assertEquals(Assert.java:120)
    at junit.framework.TestCase.assertEquals(TestCase.java:279)
    at org.apache.commons.math.util.MathUtilsTest.testFactorial(MathUtilsTest.java:237)
    at sun.reflect.NativeMethodAccessorImpl.invoke0(Native Method)

10:10:56.353 [pool-2-thread-1] DEBUG fr.inria.lille.repair.nopol.NoPol - looking with class fr.inria.lille.repair.nopol.spoon.smt.ConditionalReplacer
junit.framework.AssertionFailedError: 17!  expected:<3.55687428096E14> but was:<3.55687428096001E14>
    at junit.framework.Assert.fail(Assert.java:57)
    at junit.framework.Assert.failNotEquals(Assert.java:329)
    at junit.framework.Assert.assertEquals(Assert.java:120)
    at junit.framework.TestCase.assertEquals(TestCase.java:279)
    at org.apache.commons.math.util.MathUtilsTest.testFactorial(MathUtilsTest.java:237)
    at sun.reflect.NativeMethodAccessorImpl.invoke0(Native Method)
10:10:56.372 [pool-116-thread-1] INFO  xxl.java.junit.TestCasesListener - Tests run finished (17 ms)
<> Total tests run: 42
<> Ignored tests: 0
<> Failed tests: 1
~ testFactorial(org.apache.commons.math.util.MathUtilsTest)
[17!  expected:<3.55687428096E14> but was:<3.55687428096001E14>]
junit.framework.AssertionFailedError: 17!  expected:<3.55687428096E14> but was:<3.55687428096001E14>    at junit.framework.Assert.fail(Assert.java:57)
    at junit.framework.Assert.failNotEquals(Assert.java:329)
    at junit.framework.Assert.assertEquals(Assert.java:120)
    at junit.framework.TestCase.assertEquals(TestCase.java:279)
    at org.apache.commons.math.util.MathUtilsTest.testFactorial(MathUtilsTest.java:237)
    at sun.reflect.NativeMethodAccessorImpl.invoke0(Native Method)

10:10:56.647 [pool-2-thread-1] DEBUG fr.inria.lille.repair.nopol.NoPol - statement #103
10:10:56.647 [pool-2-thread-1] DEBUG fr.inria.lille.repair.nopol.NoPol - Analysing SourceLocation org.apache.commons.math.util.MathUtils:345 which is executed by 2 tests
-1550426518
10:10:56.757 [pool-2-thread-1] DEBUG fr.inria.lille.repair.nopol.NoPol - statement #104
10:10:56.757 [pool-2-thread-1] DEBUG fr.inria.lille.repair.nopol.NoPol - Analysing SourceLocation org.apache.commons.math.ode.nonstiff.TestProblem1:70 which is executed by 8 tests
10:10:56.757 [pool-2-thread-1] DEBUG fr.inria.lille.repair.nopol.NoPol - cannot spoon SourceLocation org.apache.commons.math.ode.nonstiff.TestProblem1:70
10:10:56.757 [pool-2-thread-1] DEBUG fr.inria.lille.repair.nopol.NoPol - statement #105
10:10:56.757 [pool-2-thread-1] DEBUG fr.inria.lille.repair.nopol.NoPol - Analysing SourceLocation org.apache.commons.math.util.MathUtils:401 which is executed by 3 tests
-1550426518
10:10:56.860 [pool-2-thread-1] DEBUG fr.inria.lille.repair.nopol.NoPol - statement #106
10:10:56.860 [pool-2-thread-1] DEBUG fr.inria.lille.repair.nopol.NoPol - Analysing SourceLocation org.apache.commons.math.util.MathUtils:399 which is executed by 3 tests
-1550426518
10:10:56.963 [pool-2-thread-1] DEBUG fr.inria.lille.repair.nopol.NoPol - looking with class fr.inria.lille.repair.nopol.spoon.smt.ConditionalAdder
junit.framework.AssertionFailedError: 17!  expected:<3.55687428096E14> but was:<3.55687428096001E14>
    at junit.framework.Assert.fail(Assert.java:57)
    at junit.framework.Assert.failNotEquals(Assert.java:329)
    at junit.framework.Assert.assertEquals(Assert.java:120)
    at junit.framework.TestCase.assertEquals(TestCase.java:279)
    at org.apache.commons.math.util.MathUtilsTest.testFactorial(MathUtilsTest.java:237)
    at sun.reflect.NativeMethodAccessorImpl.invoke0(Native Method)
10:10:56.983 [pool-120-thread-1] INFO  xxl.java.junit.TestCasesListener - Tests run finished (17 ms)
<> Total tests run: 42
<> Ignored tests: 0
<> Failed tests: 1
~ testFactorial(org.apache.commons.math.util.MathUtilsTest)
[17!  expected:<3.55687428096E14> but was:<3.55687428096001E14>]
junit.framework.AssertionFailedError: 17!  expected:<3.55687428096E14> but was:<3.55687428096001E14>    at junit.framework.Assert.fail(Assert.java:57)
    at junit.framework.Assert.failNotEquals(Assert.java:329)
    at junit.framework.Assert.assertEquals(Assert.java:120)
    at junit.framework.TestCase.assertEquals(TestCase.java:279)
    at org.apache.commons.math.util.MathUtilsTest.testFactorial(MathUtilsTest.java:237)
    at sun.reflect.NativeMethodAccessorImpl.invoke0(Native Method)

10:10:57.295 [pool-2-thread-1] DEBUG fr.inria.lille.repair.nopol.NoPol - statement #107
10:10:57.296 [pool-2-thread-1] DEBUG fr.inria.lille.repair.nopol.NoPol - Analysing SourceLocation org.apache.commons.math.util.MathUtils:398 which is executed by 3 tests
-1550426518
10:10:57.407 [pool-2-thread-1] DEBUG fr.inria.lille.repair.nopol.NoPol - looking with class fr.inria.lille.repair.nopol.spoon.smt.ConditionalAdder
junit.framework.AssertionFailedError: 17!  expected:<3.55687428096E14> but was:<3.55687428096001E14>
    at junit.framework.Assert.fail(Assert.java:57)
    at junit.framework.Assert.failNotEquals(Assert.java:329)
    at junit.framework.Assert.assertEquals(Assert.java:120)
    at junit.framework.TestCase.assertEquals(TestCase.java:279)
    at org.apache.commons.math.util.MathUtilsTest.testFactorial(MathUtilsTest.java:237)
    at sun.reflect.NativeMethodAccessorImpl.invoke0(Native Method)
10:10:57.427 [pool-124-thread-1] INFO  xxl.java.junit.TestCasesListener - Tests run finished (17 ms)
<> Total tests run: 42
<> Ignored tests: 0
<> Failed tests: 1
~ testFactorial(org.apache.commons.math.util.MathUtilsTest)
[17!  expected:<3.55687428096E14> but was:<3.55687428096001E14>]
junit.framework.AssertionFailedError: 17!  expected:<3.55687428096E14> but was:<3.55687428096001E14>    at junit.framework.Assert.fail(Assert.java:57)
    at junit.framework.Assert.failNotEquals(Assert.java:329)
    at junit.framework.Assert.assertEquals(Assert.java:120)
    at junit.framework.TestCase.assertEquals(TestCase.java:279)
    at org.apache.commons.math.util.MathUtilsTest.testFactorial(MathUtilsTest.java:237)
    at sun.reflect.NativeMethodAccessorImpl.invoke0(Native Method)

10:10:57.622 [pool-2-thread-1] DEBUG fr.inria.lille.repair.nopol.NoPol - statement #108
10:10:57.622 [pool-2-thread-1] DEBUG fr.inria.lille.repair.nopol.NoPol - Analysing SourceLocation org.apache.commons.math.util.MathUtils:397 which is executed by 3 tests
-1550426518
10:10:57.733 [pool-2-thread-1] DEBUG fr.inria.lille.repair.nopol.NoPol - statement #109
10:10:57.733 [pool-2-thread-1] DEBUG fr.inria.lille.repair.nopol.NoPol - Analysing SourceLocation org.apache.commons.math.util.MathUtils:394 which is executed by 3 tests
-1550426518
10:10:57.835 [pool-2-thread-1] DEBUG fr.inria.lille.repair.nopol.NoPol - looking with class fr.inria.lille.repair.nopol.spoon.smt.ConditionalAdder
junit.framework.AssertionFailedError: 17!  expected:<3.55687428096E14> but was:<3.55687428096001E14>
    at junit.framework.Assert.fail(Assert.java:57)
    at junit.framework.Assert.failNotEquals(Assert.java:329)
    at junit.framework.Assert.assertEquals(Assert.java:120)
    at junit.framework.TestCase.assertEquals(TestCase.java:279)
    at org.apache.commons.math.util.MathUtilsTest.testFactorial(MathUtilsTest.java:237)
    at sun.reflect.NativeMethodAccessorImpl.invoke0(Native Method)
10:10:57.855 [pool-128-thread-1] INFO  xxl.java.junit.TestCasesListener - Tests run finished (17 ms)
<> Total tests run: 42
<> Ignored tests: 0
<> Failed tests: 1
~ testFactorial(org.apache.commons.math.util.MathUtilsTest)
[17!  expected:<3.55687428096E14> but was:<3.55687428096001E14>]
junit.framework.AssertionFailedError: 17!  expected:<3.55687428096E14> but was:<3.55687428096001E14>    at junit.framework.Assert.fail(Assert.java:57)
    at junit.framework.Assert.failNotEquals(Assert.java:329)
    at junit.framework.Assert.assertEquals(Assert.java:120)
    at junit.framework.TestCase.assertEquals(TestCase.java:279)
    at org.apache.commons.math.util.MathUtilsTest.testFactorial(MathUtilsTest.java:237)
    at sun.reflect.NativeMethodAccessorImpl.invoke0(Native Method)

10:10:58.041 [pool-2-thread-1] DEBUG fr.inria.lille.repair.nopol.NoPol - looking with class fr.inria.lille.repair.nopol.spoon.smt.ConditionalReplacer
junit.framework.AssertionFailedError: 17!  expected:<3.55687428096E14> but was:<3.55687428096001E14>
    at junit.framework.Assert.fail(Assert.java:57)
    at junit.framework.Assert.failNotEquals(Assert.java:329)
    at junit.framework.Assert.assertEquals(Assert.java:120)
    at junit.framework.TestCase.assertEquals(TestCase.java:279)
    at org.apache.commons.math.util.MathUtilsTest.testFactorial(MathUtilsTest.java:237)
    at sun.reflect.NativeMethodAccessorImpl.invoke0(Native Method)
10:10:58.061 [pool-132-thread-1] INFO  xxl.java.junit.TestCasesListener - Tests run finished (18 ms)
<> Total tests run: 42
<> Ignored tests: 0
<> Failed tests: 1
~ testFactorial(org.apache.commons.math.util.MathUtilsTest)
[17!  expected:<3.55687428096E14> but was:<3.55687428096001E14>]
junit.framework.AssertionFailedError: 17!  expected:<3.55687428096E14> but was:<3.55687428096001E14>    at junit.framework.Assert.fail(Assert.java:57)
    at junit.framework.Assert.failNotEquals(Assert.java:329)
    at junit.framework.Assert.assertEquals(Assert.java:120)
    at junit.framework.TestCase.assertEquals(TestCase.java:279)
    at org.apache.commons.math.util.MathUtilsTest.testFactorial(MathUtilsTest.java:237)
    at sun.reflect.NativeMethodAccessorImpl.invoke0(Native Method)

10:10:58.236 [pool-2-thread-1] DEBUG fr.inria.lille.repair.nopol.NoPol - statement #110
10:10:58.236 [pool-2-thread-1] DEBUG fr.inria.lille.repair.nopol.NoPol - Analysing SourceLocation org.apache.commons.math.util.MathUtils:377 which is executed by 3 tests
-1550426518
10:10:58.338 [pool-2-thread-1] DEBUG fr.inria.lille.repair.nopol.NoPol - statement #111
10:10:58.338 [pool-2-thread-1] DEBUG fr.inria.lille.repair.nopol.NoPol - Analysing SourceLocation org.apache.commons.math.util.MathUtils:374 which is executed by 3 tests
-1550426518
10:10:58.440 [pool-2-thread-1] DEBUG fr.inria.lille.repair.nopol.NoPol - looking with class fr.inria.lille.repair.nopol.spoon.smt.ConditionalAdder
junit.framework.AssertionFailedError: 17!  expected:<3.55687428096E14> but was:<3.55687428096001E14>
    at junit.framework.Assert.fail(Assert.java:57)
    at junit.framework.Assert.failNotEquals(Assert.java:329)
    at junit.framework.Assert.assertEquals(Assert.java:120)
    at junit.framework.TestCase.assertEquals(TestCase.java:279)
    at org.apache.commons.math.util.MathUtilsTest.testFactorial(MathUtilsTest.java:237)
    at sun.reflect.NativeMethodAccessorImpl.invoke0(Native Method)
10:10:58.459 [pool-136-thread-1] INFO  xxl.java.junit.TestCasesListener - Tests run finished (16 ms)
<> Total tests run: 42
<> Ignored tests: 0
<> Failed tests: 1
~ testFactorial(org.apache.commons.math.util.MathUtilsTest)
[17!  expected:<3.55687428096E14> but was:<3.55687428096001E14>]
junit.framework.AssertionFailedError: 17!  expected:<3.55687428096E14> but was:<3.55687428096001E14>    at junit.framework.Assert.fail(Assert.java:57)
    at junit.framework.Assert.failNotEquals(Assert.java:329)
    at junit.framework.Assert.assertEquals(Assert.java:120)
    at junit.framework.TestCase.assertEquals(TestCase.java:279)
    at org.apache.commons.math.util.MathUtilsTest.testFactorial(MathUtilsTest.java:237)
    at sun.reflect.NativeMethodAccessorImpl.invoke0(Native Method)

10:10:58.639 [pool-2-thread-1] DEBUG fr.inria.lille.repair.nopol.NoPol - looking with class fr.inria.lille.repair.nopol.spoon.smt.ConditionalReplacer
junit.framework.AssertionFailedError: 17!  expected:<3.55687428096E14> but was:<3.55687428096001E14>
    at junit.framework.Assert.fail(Assert.java:57)
    at junit.framework.Assert.failNotEquals(Assert.java:329)
    at junit.framework.Assert.assertEquals(Assert.java:120)
    at junit.framework.TestCase.assertEquals(TestCase.java:279)
    at org.apache.commons.math.util.MathUtilsTest.testFactorial(MathUtilsTest.java:237)
    at sun.reflect.NativeMethodAccessorImpl.invoke0(Native Method)
10:10:58.658 [pool-140-thread-1] INFO  xxl.java.junit.TestCasesListener - Tests run finished (17 ms)
<> Total tests run: 42
<> Ignored tests: 0
<> Failed tests: 1
~ testFactorial(org.apache.commons.math.util.MathUtilsTest)
[17!  expected:<3.55687428096E14> but was:<3.55687428096001E14>]
junit.framework.AssertionFailedError: 17!  expected:<3.55687428096E14> but was:<3.55687428096001E14>    at junit.framework.Assert.fail(Assert.java:57)
    at junit.framework.Assert.failNotEquals(Assert.java:329)
    at junit.framework.Assert.assertEquals(Assert.java:120)
    at junit.framework.TestCase.assertEquals(TestCase.java:279)
    at org.apache.commons.math.util.MathUtilsTest.testFactorial(MathUtilsTest.java:237)
    at sun.reflect.NativeMethodAccessorImpl.invoke0(Native Method)

10:10:58.823 [pool-2-thread-1] DEBUG fr.inria.lille.repair.nopol.NoPol - statement #112
10:10:58.823 [pool-2-thread-1] DEBUG fr.inria.lille.repair.nopol.NoPol - Analysing SourceLocation org.apache.commons.math.linear.MatrixUtils:61 which is executed by 69 tests
1308483921
10:10:58.945 [pool-2-thread-1] DEBUG fr.inria.lille.repair.nopol.NoPol - statement #113
10:10:58.945 [pool-2-thread-1] DEBUG fr.inria.lille.repair.nopol.NoPol - Analysing SourceLocation org.apache.commons.math.linear.DenseRealMatrix:246 which is executed by 107 tests
-1626805409
10:10:59.075 [pool-2-thread-1] DEBUG fr.inria.lille.repair.nopol.NoPol - statement #114
10:10:59.075 [pool-2-thread-1] DEBUG fr.inria.lille.repair.nopol.NoPol - Analysing SourceLocation org.apache.commons.math.linear.DenseRealMatrix:240 which is executed by 107 tests
-1626805409
10:10:59.203 [pool-2-thread-1] DEBUG fr.inria.lille.repair.nopol.NoPol - looking with class fr.inria.lille.repair.nopol.spoon.smt.ConditionalAdder
10:10:59.226 [pool-144-thread-1] INFO  xxl.java.junit.TestCasesListener - Tests run finished (20 ms)
<> Total tests run: 31
<> Ignored tests: 0
<> Failed tests: 0

10:10:59.229 [pool-2-thread-1] ERROR fr.inria.lille.repair.nopol.NoPol - Error ExecutionException java.util.concurrent.ExecutionException: java.lang.RuntimeException: failingTestCasesValidated: nothing to repair, no failing test cases
10:10:59.229 [pool-2-thread-1] DEBUG fr.inria.lille.repair.nopol.NoPol - statement #115
10:10:59.229 [pool-2-thread-1] DEBUG fr.inria.lille.repair.nopol.NoPol - Analysing SourceLocation org.apache.commons.math.linear.DenseRealMatrix:239 which is executed by 107 tests
-1626805409
10:10:59.357 [pool-2-thread-1] DEBUG fr.inria.lille.repair.nopol.NoPol - looking with class fr.inria.lille.repair.nopol.spoon.smt.ConditionalAdder
10:10:59.380 [pool-146-thread-1] INFO  xxl.java.junit.TestCasesListener - Tests run finished (19 ms)
<> Total tests run: 31
<> Ignored tests: 0
<> Failed tests: 0

10:10:59.380 [pool-2-thread-1] ERROR fr.inria.lille.repair.nopol.NoPol - Error ExecutionException java.util.concurrent.ExecutionException: java.lang.RuntimeException: failingTestCasesValidated: nothing to repair, no failing test cases
10:10:59.380 [pool-2-thread-1] DEBUG fr.inria.lille.repair.nopol.NoPol - statement #116
10:10:59.380 [pool-2-thread-1] DEBUG fr.inria.lille.repair.nopol.NoPol - Analysing SourceLocation org.apache.commons.math.linear.DenseRealMatrix:236 which is executed by 107 tests
-1626805409
10:10:59.505 [pool-2-thread-1] DEBUG fr.inria.lille.repair.nopol.NoPol - looking with class fr.inria.lille.repair.nopol.spoon.smt.ConditionalAdder
10:10:59.528 [pool-148-thread-1] INFO  xxl.java.junit.TestCasesListener - Tests run finished (19 ms)
<> Total tests run: 31
<> Ignored tests: 0
<> Failed tests: 0

10:10:59.528 [pool-2-thread-1] ERROR fr.inria.lille.repair.nopol.NoPol - Error ExecutionException java.util.concurrent.ExecutionException: java.lang.RuntimeException: failingTestCasesValidated: nothing to repair, no failing test cases
10:10:59.528 [pool-2-thread-1] DEBUG fr.inria.lille.repair.nopol.NoPol - statement #117
10:10:59.528 [pool-2-thread-1] DEBUG fr.inria.lille.repair.nopol.NoPol - Analysing SourceLocation org.apache.commons.math.linear.DenseRealMatrix:235 which is executed by 107 tests
-1626805409
10:10:59.652 [pool-2-thread-1] DEBUG fr.inria.lille.repair.nopol.NoPol - statement #118
10:10:59.652 [pool-2-thread-1] DEBUG fr.inria.lille.repair.nopol.NoPol - Analysing SourceLocation org.apache.commons.math.linear.DenseRealMatrix:232 which is executed by 107 tests
-1626805409
10:10:59.777 [pool-2-thread-1] DEBUG fr.inria.lille.repair.nopol.NoPol - statement #119
10:10:59.777 [pool-2-thread-1] DEBUG fr.inria.lille.repair.nopol.NoPol - Analysing SourceLocation org.apache.commons.math.linear.DenseRealMatrix:231 which is executed by 107 tests
-1626805409
10:10:59.909 [pool-2-thread-1] DEBUG fr.inria.lille.repair.nopol.NoPol - statement #120
10:10:59.909 [pool-2-thread-1] DEBUG fr.inria.lille.repair.nopol.NoPol - Analysing SourceLocation org.apache.commons.math.linear.DenseRealMatrix:230 which is executed by 107 tests
-1626805409
10:11:00.032 [pool-2-thread-1] DEBUG fr.inria.lille.repair.nopol.NoPol - statement #121
10:11:00.032 [pool-2-thread-1] DEBUG fr.inria.lille.repair.nopol.NoPol - Analysing SourceLocation org.apache.commons.math.linear.DenseRealMatrix:229 which is executed by 107 tests
-1626805409
10:11:00.157 [pool-2-thread-1] DEBUG fr.inria.lille.repair.nopol.NoPol - looking with class fr.inria.lille.repair.nopol.spoon.smt.ConditionalAdder
10:11:00.180 [pool-150-thread-1] INFO  xxl.java.junit.TestCasesListener - Tests run finished (19 ms)
<> Total tests run: 31
<> Ignored tests: 0
<> Failed tests: 0

10:11:00.180 [pool-2-thread-1] ERROR fr.inria.lille.repair.nopol.NoPol - Error ExecutionException java.util.concurrent.ExecutionException: java.lang.RuntimeException: failingTestCasesValidated: nothing to repair, no failing test cases
10:11:00.180 [pool-2-thread-1] DEBUG fr.inria.lille.repair.nopol.NoPol - statement #122
10:11:00.180 [pool-2-thread-1] DEBUG fr.inria.lille.repair.nopol.NoPol - Analysing SourceLocation org.apache.commons.math.linear.DenseRealMatrix:228 which is executed by 107 tests
-1626805409
10:11:00.305 [pool-2-thread-1] DEBUG fr.inria.lille.repair.nopol.NoPol - statement #123
10:11:00.305 [pool-2-thread-1] DEBUG fr.inria.lille.repair.nopol.NoPol - Analysing SourceLocation org.apache.commons.math.linear.DenseRealMatrix:227 which is executed by 107 tests
-1626805409
10:11:00.429 [pool-2-thread-1] DEBUG fr.inria.lille.repair.nopol.NoPol - statement #124
10:11:00.429 [pool-2-thread-1] DEBUG fr.inria.lille.repair.nopol.NoPol - Analysing SourceLocation org.apache.commons.math.linear.DenseRealMatrix:226 which is executed by 107 tests
-1626805409
10:11:00.552 [pool-2-thread-1] DEBUG fr.inria.lille.repair.nopol.NoPol - statement #125
10:11:00.552 [pool-2-thread-1] DEBUG fr.inria.lille.repair.nopol.NoPol - Analysing SourceLocation org.apache.commons.math.linear.DenseRealMatrix:225 which is executed by 107 tests
-1626805409
10:11:00.676 [pool-2-thread-1] DEBUG fr.inria.lille.repair.nopol.NoPol - looking with class fr.inria.lille.repair.nopol.spoon.smt.ConditionalAdder
10:11:00.699 [pool-152-thread-1] INFO  xxl.java.junit.TestCasesListener - Tests run finished (19 ms)
<> Total tests run: 31
<> Ignored tests: 0
<> Failed tests: 0

10:11:00.700 [pool-2-thread-1] ERROR fr.inria.lille.repair.nopol.NoPol - Error ExecutionException java.util.concurrent.ExecutionException: java.lang.RuntimeException: failingTestCasesValidated: nothing to repair, no failing test cases
10:11:00.700 [pool-2-thread-1] DEBUG fr.inria.lille.repair.nopol.NoPol - statement #126
10:11:00.700 [pool-2-thread-1] DEBUG fr.inria.lille.repair.nopol.NoPol - Analysing SourceLocation org.apache.commons.math.linear.DenseRealMatrix:224 which is executed by 107 tests
-1626805409
10:11:00.831 [pool-2-thread-1] DEBUG fr.inria.lille.repair.nopol.NoPol - statement #127
10:11:00.831 [pool-2-thread-1] DEBUG fr.inria.lille.repair.nopol.NoPol - Analysing SourceLocation org.apache.commons.math.linear.DenseRealMatrix:216 which is executed by 107 tests
-1626805409
10:11:00.954 [pool-2-thread-1] DEBUG fr.inria.lille.repair.nopol.NoPol - looking with class fr.inria.lille.repair.nopol.spoon.smt.ConditionalAdder
10:11:00.977 [pool-154-thread-1] INFO  xxl.java.junit.TestCasesListener - Tests run finished (19 ms)
<> Total tests run: 31
<> Ignored tests: 0
<> Failed tests: 0

10:11:00.981 [pool-2-thread-1] ERROR fr.inria.lille.repair.nopol.NoPol - Error ExecutionException java.util.concurrent.ExecutionException: java.lang.RuntimeException: failingTestCasesValidated: nothing to repair, no failing test cases
10:11:00.981 [pool-2-thread-1] DEBUG fr.inria.lille.repair.nopol.NoPol - looking with class fr.inria.lille.repair.nopol.spoon.smt.ConditionalReplacer
10:11:01.004 [pool-156-thread-1] INFO  xxl.java.junit.TestCasesListener - Tests run finished (19 ms)
<> Total tests run: 31
<> Ignored tests: 0
<> Failed tests: 0

10:11:01.004 [pool-2-thread-1] ERROR fr.inria.lille.repair.nopol.NoPol - Error ExecutionException java.util.concurrent.ExecutionException: java.lang.RuntimeException: failingTestCasesValidated: nothing to repair, no failing test cases
10:11:01.004 [pool-2-thread-1] DEBUG fr.inria.lille.repair.nopol.NoPol - statement #128
10:11:01.005 [pool-2-thread-1] DEBUG fr.inria.lille.repair.nopol.NoPol - Analysing SourceLocation org.apache.commons.math.linear.DenseRealMatrix:215 which is executed by 107 tests
-1626805409
10:11:01.128 [pool-2-thread-1] DEBUG fr.inria.lille.repair.nopol.NoPol - statement #129
10:11:01.128 [pool-2-thread-1] DEBUG fr.inria.lille.repair.nopol.NoPol - Analysing SourceLocation org.apache.commons.math.linear.DenseRealMatrix:214 which is executed by 107 tests
-1626805409
10:11:01.248 [pool-2-thread-1] DEBUG fr.inria.lille.repair.nopol.NoPol - looking with class fr.inria.lille.repair.nopol.spoon.smt.ConditionalAdder
10:11:01.271 [pool-158-thread-1] INFO  xxl.java.junit.TestCasesListener - Tests run finished (19 ms)
<> Total tests run: 31
<> Ignored tests: 0
<> Failed tests: 0

10:11:01.271 [pool-2-thread-1] ERROR fr.inria.lille.repair.nopol.NoPol - Error ExecutionException java.util.concurrent.ExecutionException: java.lang.RuntimeException: failingTestCasesValidated: nothing to repair, no failing test cases
10:11:01.271 [pool-2-thread-1] DEBUG fr.inria.lille.repair.nopol.NoPol - statement #130
10:11:01.272 [pool-2-thread-1] DEBUG fr.inria.lille.repair.nopol.NoPol - Analysing SourceLocation org.apache.commons.math.linear.DenseRealMatrix:211 which is executed by 107 tests
-1626805409
10:11:01.392 [pool-2-thread-1] DEBUG fr.inria.lille.repair.nopol.NoPol - statement #131
10:11:01.392 [pool-2-thread-1] DEBUG fr.inria.lille.repair.nopol.NoPol - Analysing SourceLocation org.apache.commons.math.linear.DenseRealMatrix:210 which is executed by 107 tests
-1626805409
10:11:01.513 [pool-2-thread-1] DEBUG fr.inria.lille.repair.nopol.NoPol - statement #132
10:11:01.513 [pool-2-thread-1] DEBUG fr.inria.lille.repair.nopol.NoPol - Analysing SourceLocation org.apache.commons.math.linear.DenseRealMatrix:209 which is executed by 107 tests
-1626805409
10:11:01.635 [pool-2-thread-1] DEBUG fr.inria.lille.repair.nopol.NoPol - statement #133
10:11:01.635 [pool-2-thread-1] DEBUG fr.inria.lille.repair.nopol.NoPol - Analysing SourceLocation org.apache.commons.math.linear.DenseRealMatrix:208 which is executed by 107 tests
-1626805409
10:11:01.756 [pool-2-thread-1] DEBUG fr.inria.lille.repair.nopol.NoPol - statement #134
10:11:01.756 [pool-2-thread-1] DEBUG fr.inria.lille.repair.nopol.NoPol - Analysing SourceLocation org.apache.commons.math.linear.DenseRealMatrix:1609 which is executed by 124 tests
-1626805409
10:11:01.896 [pool-2-thread-1] DEBUG fr.inria.lille.repair.nopol.NoPol - statement #135
10:11:01.896 [pool-2-thread-1] DEBUG fr.inria.lille.repair.nopol.NoPol - Analysing SourceLocation org.apache.commons.math.linear.DenseRealMatrix:1618 which is executed by 161 tests
-1626805409
10:11:02.028 [pool-2-thread-1] DEBUG fr.inria.lille.repair.nopol.NoPol - statement #136
10:11:02.028 [pool-2-thread-1] DEBUG fr.inria.lille.repair.nopol.NoPol - Analysing SourceLocation org.apache.commons.math.linear.DenseRealMatrix:1312 which is executed by 145 tests
-1626805409
10:11:02.157 [pool-2-thread-1] DEBUG fr.inria.lille.repair.nopol.NoPol - statement #137
10:11:02.158 [pool-2-thread-1] DEBUG fr.inria.lille.repair.nopol.NoPol - Analysing SourceLocation org.apache.commons.math.linear.DenseRealMatrix:1307 which is executed by 147 tests
-1626805409
10:11:02.291 [pool-2-thread-1] INFO  fr.inria.lille.repair.nopol.NoPol - ----INFORMATION----
10:11:02.390 [pool-2-thread-1] INFO  fr.inria.lille.repair.nopol.NoPol - Nb classes : 277
10:11:02.390 [pool-2-thread-1] INFO  fr.inria.lille.repair.nopol.NoPol - Nb methods : 1951
10:11:02.390 [pool-2-thread-1] INFO  fr.inria.lille.repair.nopol.NoPol - Nb Statements Analyzed : 8
10:11:02.391 [pool-2-thread-1] INFO  fr.inria.lille.repair.nopol.NoPol - Nb Statements with Angelic Value Found : 0
10:11:02.391 [pool-2-thread-1] INFO  fr.inria.lille.repair.nopol.NoPol - NoPol Execution time : 70675ms
10:11:02.391 [pool-2-thread-1] INFO  fr.inria.lille.repair.nopol.NoPol - 
NO_ANGELIC_VALUE
Command exited with non-zero status 255
171.52user 5.50system 1:12.23elapsed 245%CPU (0avgtext+0avgdata 724960maxresident)k
52072inputs+5672outputs (5major+307884minor)pagefaults 0swaps


Node: graphene-35.nancy.grid5000.fr



Date: Sat Dec  1 10:11:02 EST 2018

