cd /tmp/Nopol_Defects4J_Math_87;
export JAVA_TOOL_OPTIONS=-Dfile.encoding=UTF8;
TZ="America/New_York"; export TZ;
export PATH="/usr/lib/jvm/java-1.8.0-openjdk-amd64/bin/:$PATH";
export JAVA_HOME="/usr/lib/jvm/java-1.8.0-openjdk-amd64/bin/";
time java -Xmx4048m -cp /home/tdurieux/defects4j4repair/script/../repair_tools/nopol.jar:/usr/lib/jvm/java-1.8.0-openjdk-amd64/bin//../lib/tools.jar fr.inria.lille.repair.Main \
	--mode repair \
	--type pre_then_cond \
	--oracle angelic \
	--synthesis smt \
	--flocal gzoltar \
	--json \
	--solver z3 \
	--solver-path /home/tdurieux/defects4j4repair/script/../libs/z3/build/z3 \
	--complianceLevel 5 \
	--source src/java/ \
	--classpath "target/classes/:target/test-classes/:/tmp/Nopol_Defects4J_Math_87/target/classes/:/tmp/Nopol_Defects4J_Math_87/target/test-classes/:/home/tdurieux/defects4j4repair/script/../benchmarks/defects4j/framework/projects/Math/lib/commons-discovery-0.5.jar:/home/tdurieux/defects4j4repair/script/../repair_tools/nopol.jar";
	echo "\n\nNode: `hostname`\n";
	echo "\n\nDate: `date`\n";
Picked up JAVA_TOOL_OPTIONS: -Dfile.encoding=UTF8
22:13:38.387 [main] INFO  fr.inria.lille.repair.nopol.NoPol - Source files: [src/java]
22:13:38.397 [main] INFO  fr.inria.lille.repair.nopol.NoPol - Classpath: [file:/tmp/Nopol_Defects4J_Math_87/target/classes/, file:/tmp/Nopol_Defects4J_Math_87/target/test-classes/, file:/tmp/Nopol_Defects4J_Math_87/target/classes/, file:/tmp/Nopol_Defects4J_Math_87/target/test-classes/, file:/home/tdurieux/defects4j4repair/script/../benchmarks/defects4j/framework/projects/Math/lib/commons-discovery-0.5.jar, file:/home/tdurieux/defects4j4repair/script/../repair_tools/nopol.jar]
22:13:38.397 [main] INFO  fr.inria.lille.repair.nopol.NoPol - Statement type: PRE_THEN_COND
22:13:38.398 [main] INFO  fr.inria.lille.repair.nopol.NoPol - Args: [org.apache.commons.math.ArgumentOutsideDomainExceptionTest, org.apache.commons.math.ArgumentOutsideDomainExceptionTest, org.apache.commons.math.ConvergenceExceptionTest, org.apache.commons.math.ConvergenceExceptionTest, org.apache.commons.math.DuplicateSampleAbscissaExceptionTest, org.apache.commons.math.DuplicateSampleAbscissaExceptionTest, org.apache.commons.math.FunctionEvaluationExceptionTest, org.apache.commons.math.FunctionEvaluationExceptionTest, org.apache.commons.math.MathConfigurationExceptionTest, org.apache.commons.math.MathConfigurationExceptionTest, org.apache.commons.math.MathExceptionTest, org.apache.commons.math.MathExceptionTest, org.apache.commons.math.MaxIterationsExceededExceptionTest, org.apache.commons.math.MaxIterationsExceededExceptionTest, org.apache.commons.math.analysis.integration.LegendreGaussIntegratorTest, org.apache.commons.math.analysis.integration.LegendreGaussIntegratorTest, org.apache.commons.math.analysis.integration.RombergIntegratorTest, org.apache.commons.math.analysis.integration.RombergIntegratorTest, org.apache.commons.math.analysis.integration.SimpsonIntegratorTest, org.apache.commons.math.analysis.integration.SimpsonIntegratorTest, org.apache.commons.math.analysis.integration.TrapezoidIntegratorTest, org.apache.commons.math.analysis.integration.TrapezoidIntegratorTest, org.apache.commons.math.analysis.interpolation.DividedDifferenceInterpolatorTest, org.apache.commons.math.analysis.interpolation.DividedDifferenceInterpolatorTest, org.apache.commons.math.analysis.interpolation.NevilleInterpolatorTest, org.apache.commons.math.analysis.interpolation.NevilleInterpolatorTest, org.apache.commons.math.analysis.interpolation.SplineInterpolatorTest, org.apache.commons.math.analysis.interpolation.SplineInterpolatorTest, org.apache.commons.math.analysis.polynomials.PolynomialFunctionLagrangeFormTest, org.apache.commons.math.analysis.polynomials.PolynomialFunctionLagrangeFormTest, org.apache.commons.math.analysis.polynomials.PolynomialFunctionNewtonFormTest, org.apache.commons.math.analysis.polynomials.PolynomialFunctionNewtonFormTest, org.apache.commons.math.analysis.polynomials.PolynomialFunctionTest, org.apache.commons.math.analysis.polynomials.PolynomialFunctionTest, org.apache.commons.math.analysis.polynomials.PolynomialSplineFunctionTest, org.apache.commons.math.analysis.polynomials.PolynomialSplineFunctionTest, org.apache.commons.math.analysis.polynomials.PolynomialsUtilsTest, org.apache.commons.math.analysis.polynomials.PolynomialsUtilsTest, org.apache.commons.math.analysis.solvers.BisectionSolverTest, org.apache.commons.math.analysis.solvers.BisectionSolverTest, org.apache.commons.math.analysis.solvers.BrentSolverTest, org.apache.commons.math.analysis.solvers.BrentSolverTest, org.apache.commons.math.analysis.solvers.LaguerreSolverTest, org.apache.commons.math.analysis.solvers.LaguerreSolverTest, org.apache.commons.math.analysis.solvers.MullerSolverTest, org.apache.commons.math.analysis.solvers.MullerSolverTest, org.apache.commons.math.analysis.solvers.NewtonSolverTest, org.apache.commons.math.analysis.solvers.NewtonSolverTest, org.apache.commons.math.analysis.solvers.RiddersSolverTest, org.apache.commons.math.analysis.solvers.RiddersSolverTest, org.apache.commons.math.analysis.solvers.UnivariateRealSolverFactoryImplTest, org.apache.commons.math.analysis.solvers.UnivariateRealSolverFactoryImplTest, org.apache.commons.math.analysis.solvers.UnivariateRealSolverUtilsTest, org.apache.commons.math.analysis.solvers.UnivariateRealSolverUtilsTest, org.apache.commons.math.complex.ComplexFormatTest, org.apache.commons.math.complex.ComplexFormatTest, org.apache.commons.math.complex.ComplexTest, org.apache.commons.math.complex.ComplexTest, org.apache.commons.math.complex.ComplexUtilsTest, org.apache.commons.math.complex.ComplexUtilsTest, org.apache.commons.math.complex.FrenchComplexFormatTest, org.apache.commons.math.complex.FrenchComplexFormatTest, org.apache.commons.math.distribution.BetaDistributionTest, org.apache.commons.math.distribution.BetaDistributionTest, org.apache.commons.math.distribution.BinomialDistributionTest, org.apache.commons.math.distribution.BinomialDistributionTest, org.apache.commons.math.distribution.CauchyDistributionTest, org.apache.commons.math.distribution.CauchyDistributionTest, org.apache.commons.math.distribution.ChiSquareDistributionTest, org.apache.commons.math.distribution.ChiSquareDistributionTest, org.apache.commons.math.distribution.ExponentialDistributionTest, org.apache.commons.math.distribution.ExponentialDistributionTest, org.apache.commons.math.distribution.FDistributionTest, org.apache.commons.math.distribution.FDistributionTest, org.apache.commons.math.distribution.GammaDistributionTest, org.apache.commons.math.distribution.GammaDistributionTest, org.apache.commons.math.distribution.HypergeometricDistributionTest, org.apache.commons.math.distribution.HypergeometricDistributionTest, org.apache.commons.math.distribution.NormalDistributionTest, org.apache.commons.math.distribution.NormalDistributionTest, org.apache.commons.math.distribution.PascalDistributionTest, org.apache.commons.math.distribution.PascalDistributionTest, org.apache.commons.math.distribution.PoissonDistributionTest, org.apache.commons.math.distribution.PoissonDistributionTest, org.apache.commons.math.distribution.TDistributionTest, org.apache.commons.math.distribution.TDistributionTest, org.apache.commons.math.distribution.WeibullDistributionTest, org.apache.commons.math.distribution.WeibullDistributionTest, org.apache.commons.math.distribution.ZipfDistributionTest, org.apache.commons.math.distribution.ZipfDistributionTest, org.apache.commons.math.estimation.EstimatedParameterTest, org.apache.commons.math.estimation.EstimatedParameterTest, org.apache.commons.math.estimation.GaussNewtonEstimatorTest, org.apache.commons.math.estimation.GaussNewtonEstimatorTest, org.apache.commons.math.estimation.LevenbergMarquardtEstimatorTest, org.apache.commons.math.estimation.LevenbergMarquardtEstimatorTest, org.apache.commons.math.estimation.MinpackTest, org.apache.commons.math.estimation.MinpackTest, org.apache.commons.math.estimation.WeightedMeasurementTest, org.apache.commons.math.estimation.WeightedMeasurementTest, org.apache.commons.math.fraction.BigFractionFormatTest, org.apache.commons.math.fraction.BigFractionFormatTest, org.apache.commons.math.fraction.BigFractionTest, org.apache.commons.math.fraction.BigFractionTest, org.apache.commons.math.fraction.FractionFormatTest, org.apache.commons.math.fraction.FractionFormatTest, org.apache.commons.math.fraction.FractionTest, org.apache.commons.math.fraction.FractionTest, org.apache.commons.math.geometry.FrenchVector3DFormatTest, org.apache.commons.math.geometry.FrenchVector3DFormatTest, org.apache.commons.math.geometry.RotationOrderTest, org.apache.commons.math.geometry.RotationOrderTest, org.apache.commons.math.geometry.RotationTest, org.apache.commons.math.geometry.RotationTest, org.apache.commons.math.geometry.Vector3DFormatTest, org.apache.commons.math.geometry.Vector3DFormatTest, org.apache.commons.math.geometry.Vector3DTest, org.apache.commons.math.geometry.Vector3DTest, org.apache.commons.math.linear.BiDiagonalTransformerTest, org.apache.commons.math.linear.BiDiagonalTransformerTest, org.apache.commons.math.linear.BigMatrixImplTest, org.apache.commons.math.linear.BigMatrixImplTest, org.apache.commons.math.linear.CholeskyDecompositionImplTest, org.apache.commons.math.linear.CholeskyDecompositionImplTest, org.apache.commons.math.linear.CholeskySolverTest, org.apache.commons.math.linear.CholeskySolverTest, org.apache.commons.math.linear.DenseFieldMatrixTest, org.apache.commons.math.linear.DenseFieldMatrixTest, org.apache.commons.math.linear.DenseRealMatrixTest, org.apache.commons.math.linear.DenseRealMatrixTest, org.apache.commons.math.linear.EigenDecompositionImplTest, org.apache.commons.math.linear.EigenDecompositionImplTest, org.apache.commons.math.linear.EigenSolverTest, org.apache.commons.math.linear.EigenSolverTest, org.apache.commons.math.linear.FieldLUDecompositionImplTest, org.apache.commons.math.linear.FieldLUDecompositionImplTest, org.apache.commons.math.linear.FieldMatrixImplTest, org.apache.commons.math.linear.FieldMatrixImplTest, org.apache.commons.math.linear.FieldVectorImplTest, org.apache.commons.math.linear.FieldVectorImplTest, org.apache.commons.math.linear.FrenchRealVectorFormatTest, org.apache.commons.math.linear.FrenchRealVectorFormatTest, org.apache.commons.math.linear.InvalidMatrixExceptionTest, org.apache.commons.math.linear.InvalidMatrixExceptionTest, org.apache.commons.math.linear.LUDecompositionImplTest, org.apache.commons.math.linear.LUDecompositionImplTest, org.apache.commons.math.linear.LUSolverTest, org.apache.commons.math.linear.LUSolverTest, org.apache.commons.math.linear.MatrixIndexExceptionTest, org.apache.commons.math.linear.MatrixIndexExceptionTest, org.apache.commons.math.linear.MatrixUtilsTest, org.apache.commons.math.linear.MatrixUtilsTest, org.apache.commons.math.linear.QRDecompositionImplTest, org.apache.commons.math.linear.QRDecompositionImplTest, org.apache.commons.math.linear.QRSolverTest, org.apache.commons.math.linear.QRSolverTest, org.apache.commons.math.linear.RealMatrixImplTest, org.apache.commons.math.linear.RealMatrixImplTest, org.apache.commons.math.linear.RealVectorFormatTest, org.apache.commons.math.linear.RealVectorFormatTest, org.apache.commons.math.linear.RealVectorImplTest, org.apache.commons.math.linear.RealVectorImplTest, org.apache.commons.math.linear.SingularValueDecompositionImplTest, org.apache.commons.math.linear.SingularValueDecompositionImplTest, org.apache.commons.math.linear.SingularValueSolverTest, org.apache.commons.math.linear.SingularValueSolverTest, org.apache.commons.math.linear.SparseFieldMatrixTest, org.apache.commons.math.linear.SparseFieldMatrixTest, org.apache.commons.math.linear.SparseFieldVectorTest, org.apache.commons.math.linear.SparseFieldVectorTest, org.apache.commons.math.linear.SparseRealMatrixTest, org.apache.commons.math.linear.SparseRealMatrixTest, org.apache.commons.math.linear.SparseRealVectorTest, org.apache.commons.math.linear.SparseRealVectorTest, org.apache.commons.math.linear.TriDiagonalTransformerTest, org.apache.commons.math.linear.TriDiagonalTransformerTest, org.apache.commons.math.ode.ContinuousOutputModelTest, org.apache.commons.math.ode.ContinuousOutputModelTest, org.apache.commons.math.ode.FirstOrderConverterTest, org.apache.commons.math.ode.FirstOrderConverterTest, org.apache.commons.math.ode.nonstiff.AdamsIntegratorTest, org.apache.commons.math.ode.nonstiff.AdamsIntegratorTest, org.apache.commons.math.ode.nonstiff.ClassicalRungeKuttaIntegratorTest, org.apache.commons.math.ode.nonstiff.ClassicalRungeKuttaIntegratorTest, org.apache.commons.math.ode.nonstiff.ClassicalRungeKuttaStepInterpolatorTest, org.apache.commons.math.ode.nonstiff.ClassicalRungeKuttaStepInterpolatorTest, org.apache.commons.math.ode.nonstiff.DormandPrince54IntegratorTest, org.apache.commons.math.ode.nonstiff.DormandPrince54IntegratorTest, org.apache.commons.math.ode.nonstiff.DormandPrince54StepInterpolatorTest, org.apache.commons.math.ode.nonstiff.DormandPrince54StepInterpolatorTest, org.apache.commons.math.ode.nonstiff.DormandPrince853IntegratorTest, org.apache.commons.math.ode.nonstiff.DormandPrince853IntegratorTest, org.apache.commons.math.ode.nonstiff.DormandPrince853StepInterpolatorTest, org.apache.commons.math.ode.nonstiff.DormandPrince853StepInterpolatorTest, org.apache.commons.math.ode.nonstiff.EulerIntegratorTest, org.apache.commons.math.ode.nonstiff.EulerIntegratorTest, org.apache.commons.math.ode.nonstiff.EulerStepInterpolatorTest, org.apache.commons.math.ode.nonstiff.EulerStepInterpolatorTest, org.apache.commons.math.ode.nonstiff.GillIntegratorTest, org.apache.commons.math.ode.nonstiff.GillIntegratorTest, org.apache.commons.math.ode.nonstiff.GillStepInterpolatorTest, org.apache.commons.math.ode.nonstiff.GillStepInterpolatorTest, org.apache.commons.math.ode.nonstiff.GraggBulirschStoerIntegratorTest, org.apache.commons.math.ode.nonstiff.GraggBulirschStoerIntegratorTest, org.apache.commons.math.ode.nonstiff.GraggBulirschStoerStepInterpolatorTest, org.apache.commons.math.ode.nonstiff.GraggBulirschStoerStepInterpolatorTest, org.apache.commons.math.ode.nonstiff.HighamHall54IntegratorTest, org.apache.commons.math.ode.nonstiff.HighamHall54IntegratorTest, org.apache.commons.math.ode.nonstiff.HighamHall54StepInterpolatorTest, org.apache.commons.math.ode.nonstiff.HighamHall54StepInterpolatorTest, org.apache.commons.math.ode.nonstiff.MidpointIntegratorTest, org.apache.commons.math.ode.nonstiff.MidpointIntegratorTest, org.apache.commons.math.ode.nonstiff.MidpointStepInterpolatorTest, org.apache.commons.math.ode.nonstiff.MidpointStepInterpolatorTest, org.apache.commons.math.ode.nonstiff.ThreeEighthesIntegratorTest, org.apache.commons.math.ode.nonstiff.ThreeEighthesIntegratorTest, org.apache.commons.math.ode.nonstiff.ThreeEighthesStepInterpolatorTest, org.apache.commons.math.ode.nonstiff.ThreeEighthesStepInterpolatorTest, org.apache.commons.math.ode.sampling.DummyStepInterpolatorTest, org.apache.commons.math.ode.sampling.DummyStepInterpolatorTest, org.apache.commons.math.ode.sampling.NordsieckStepInterpolatorTest, org.apache.commons.math.ode.sampling.NordsieckStepInterpolatorTest, org.apache.commons.math.ode.sampling.StepNormalizerTest, org.apache.commons.math.ode.sampling.StepNormalizerTest, org.apache.commons.math.optimization.direct.MultiDirectionalTest, org.apache.commons.math.optimization.direct.MultiDirectionalTest, org.apache.commons.math.optimization.direct.NelderMeadTest, org.apache.commons.math.optimization.direct.NelderMeadTest, org.apache.commons.math.optimization.general.GaussNewtonOptimizerTest, org.apache.commons.math.optimization.general.GaussNewtonOptimizerTest, org.apache.commons.math.optimization.general.LevenbergMarquardtOptimizerTest, org.apache.commons.math.optimization.general.LevenbergMarquardtOptimizerTest, org.apache.commons.math.optimization.general.MinpackTest, org.apache.commons.math.optimization.general.MinpackTest, org.apache.commons.math.optimization.general.NonLinearConjugateGradientOptimizerTest, org.apache.commons.math.optimization.general.NonLinearConjugateGradientOptimizerTest, org.apache.commons.math.optimization.linear.SimplexSolverTest, org.apache.commons.math.optimization.linear.SimplexSolverTest, org.apache.commons.math.optimization.linear.SimplexTableauTest, org.apache.commons.math.optimization.linear.SimplexTableauTest, org.apache.commons.math.optimization.univariate.BrentMinimizerTest, org.apache.commons.math.optimization.univariate.BrentMinimizerTest, org.apache.commons.math.random.AbstractRandomGeneratorTest, org.apache.commons.math.random.AbstractRandomGeneratorTest, org.apache.commons.math.random.CorrelatedRandomVectorGeneratorTest, org.apache.commons.math.random.CorrelatedRandomVectorGeneratorTest, org.apache.commons.math.random.EmpiricalDistributionTest, org.apache.commons.math.random.EmpiricalDistributionTest, org.apache.commons.math.random.GaussianRandomGeneratorTest, org.apache.commons.math.random.GaussianRandomGeneratorTest, org.apache.commons.math.random.RandomAdaptorTest, org.apache.commons.math.random.RandomAdaptorTest, org.apache.commons.math.random.RandomDataTest, org.apache.commons.math.random.RandomDataTest, org.apache.commons.math.random.UncorrelatedRandomVectorGeneratorTest, org.apache.commons.math.random.UncorrelatedRandomVectorGeneratorTest, org.apache.commons.math.random.UniformRandomGeneratorTest, org.apache.commons.math.random.UniformRandomGeneratorTest, org.apache.commons.math.random.ValueServerTest, org.apache.commons.math.random.ValueServerTest, org.apache.commons.math.special.BetaTest, org.apache.commons.math.special.BetaTest, org.apache.commons.math.special.ErfTest, org.apache.commons.math.special.ErfTest, org.apache.commons.math.special.GammaTest, org.apache.commons.math.special.GammaTest, org.apache.commons.math.stat.CertifiedDataTest, org.apache.commons.math.stat.CertifiedDataTest, org.apache.commons.math.stat.FrequencyTest, org.apache.commons.math.stat.FrequencyTest, org.apache.commons.math.stat.StatUtilsTest, org.apache.commons.math.stat.StatUtilsTest, org.apache.commons.math.stat.clustering.KMeansPlusPlusClustererTest, org.apache.commons.math.stat.clustering.KMeansPlusPlusClustererTest, org.apache.commons.math.stat.correlation.CovarianceTest, org.apache.commons.math.stat.correlation.CovarianceTest, org.apache.commons.math.stat.correlation.PearsonsCorrelationTest, org.apache.commons.math.stat.correlation.PearsonsCorrelationTest, org.apache.commons.math.stat.correlation.SpearmansRankCorrelationTest, org.apache.commons.math.stat.correlation.SpearmansRankCorrelationTest, org.apache.commons.math.stat.data.LewTest, org.apache.commons.math.stat.data.LewTest, org.apache.commons.math.stat.data.LotteryTest, org.apache.commons.math.stat.data.LotteryTest, org.apache.commons.math.stat.descriptive.AbstractUnivariateStatisticTest, org.apache.commons.math.stat.descriptive.AbstractUnivariateStatisticTest, org.apache.commons.math.stat.descriptive.AggregateSummaryStatisticsTest, org.apache.commons.math.stat.descriptive.AggregateSummaryStatisticsTest, org.apache.commons.math.stat.descriptive.DescriptiveStatisticsTest, org.apache.commons.math.stat.descriptive.DescriptiveStatisticsTest, org.apache.commons.math.stat.descriptive.InteractionTest, org.apache.commons.math.stat.descriptive.InteractionTest, org.apache.commons.math.stat.descriptive.ListUnivariateImplTest, org.apache.commons.math.stat.descriptive.ListUnivariateImplTest, org.apache.commons.math.stat.descriptive.MixedListUnivariateImplTest, org.apache.commons.math.stat.descriptive.MixedListUnivariateImplTest, org.apache.commons.math.stat.descriptive.MultivariateSummaryStatisticsTest, org.apache.commons.math.stat.descriptive.MultivariateSummaryStatisticsTest, org.apache.commons.math.stat.descriptive.StatisticalSummaryValuesTest, org.apache.commons.math.stat.descriptive.StatisticalSummaryValuesTest, org.apache.commons.math.stat.descriptive.SummaryStatisticsTest, org.apache.commons.math.stat.descriptive.SummaryStatisticsTest, org.apache.commons.math.stat.descriptive.SynchronizedDescriptiveStatisticsTest, org.apache.commons.math.stat.descriptive.SynchronizedDescriptiveStatisticsTest, org.apache.commons.math.stat.descriptive.SynchronizedSummaryStatisticsTest, org.apache.commons.math.stat.descriptive.SynchronizedSummaryStatisticsTest, org.apache.commons.math.stat.descriptive.moment.FirstMomentTest, org.apache.commons.math.stat.descriptive.moment.FirstMomentTest, org.apache.commons.math.stat.descriptive.moment.FourthMomentTest, org.apache.commons.math.stat.descriptive.moment.FourthMomentTest, org.apache.commons.math.stat.descriptive.moment.GeometricMeanTest, org.apache.commons.math.stat.descriptive.moment.GeometricMeanTest, org.apache.commons.math.stat.descriptive.moment.KurtosisTest, org.apache.commons.math.stat.descriptive.moment.KurtosisTest, org.apache.commons.math.stat.descriptive.moment.MeanTest, org.apache.commons.math.stat.descriptive.moment.MeanTest, org.apache.commons.math.stat.descriptive.moment.SecondMomentTest, org.apache.commons.math.stat.descriptive.moment.SecondMomentTest, org.apache.commons.math.stat.descriptive.moment.SkewnessTest, org.apache.commons.math.stat.descriptive.moment.SkewnessTest, org.apache.commons.math.stat.descriptive.moment.StandardDeviationTest, org.apache.commons.math.stat.descriptive.moment.StandardDeviationTest, org.apache.commons.math.stat.descriptive.moment.ThirdMomentTest, org.apache.commons.math.stat.descriptive.moment.ThirdMomentTest, org.apache.commons.math.stat.descriptive.moment.VarianceTest, org.apache.commons.math.stat.descriptive.moment.VarianceTest, org.apache.commons.math.stat.descriptive.moment.VectorialCovarianceTest, org.apache.commons.math.stat.descriptive.moment.VectorialCovarianceTest, org.apache.commons.math.stat.descriptive.moment.VectorialMeanTest, org.apache.commons.math.stat.descriptive.moment.VectorialMeanTest, org.apache.commons.math.stat.descriptive.rank.MaxTest, org.apache.commons.math.stat.descriptive.rank.MaxTest, org.apache.commons.math.stat.descriptive.rank.MedianTest, org.apache.commons.math.stat.descriptive.rank.MedianTest, org.apache.commons.math.stat.descriptive.rank.MinTest, org.apache.commons.math.stat.descriptive.rank.MinTest, org.apache.commons.math.stat.descriptive.rank.PercentileTest, org.apache.commons.math.stat.descriptive.rank.PercentileTest, org.apache.commons.math.stat.descriptive.summary.ProductTest, org.apache.commons.math.stat.descriptive.summary.ProductTest, org.apache.commons.math.stat.descriptive.summary.SumLogTest, org.apache.commons.math.stat.descriptive.summary.SumLogTest, org.apache.commons.math.stat.descriptive.summary.SumSqTest, org.apache.commons.math.stat.descriptive.summary.SumSqTest, org.apache.commons.math.stat.descriptive.summary.SumTest, org.apache.commons.math.stat.descriptive.summary.SumTest, org.apache.commons.math.stat.inference.ChiSquareFactoryTest, org.apache.commons.math.stat.inference.ChiSquareFactoryTest, org.apache.commons.math.stat.inference.ChiSquareTestTest, org.apache.commons.math.stat.inference.ChiSquareTestTest, org.apache.commons.math.stat.inference.OneWayAnovaTest, org.apache.commons.math.stat.inference.OneWayAnovaTest, org.apache.commons.math.stat.inference.TTestFactoryTest, org.apache.commons.math.stat.inference.TTestFactoryTest, org.apache.commons.math.stat.inference.TTestTest, org.apache.commons.math.stat.inference.TTestTest, org.apache.commons.math.stat.inference.TestUtilsTest, org.apache.commons.math.stat.inference.TestUtilsTest, org.apache.commons.math.stat.ranking.NaturalRankingTest, org.apache.commons.math.stat.ranking.NaturalRankingTest, org.apache.commons.math.stat.regression.GLSMultipleLinearRegressionTest, org.apache.commons.math.stat.regression.GLSMultipleLinearRegressionTest, org.apache.commons.math.stat.regression.OLSMultipleLinearRegressionTest, org.apache.commons.math.stat.regression.OLSMultipleLinearRegressionTest, org.apache.commons.math.stat.regression.SimpleRegressionTest, org.apache.commons.math.stat.regression.SimpleRegressionTest, org.apache.commons.math.transform.FastCosineTransformerTest, org.apache.commons.math.transform.FastCosineTransformerTest, org.apache.commons.math.transform.FastFourierTransformerTest, org.apache.commons.math.transform.FastFourierTransformerTest, org.apache.commons.math.transform.FastHadamardTransformerTest, org.apache.commons.math.transform.FastHadamardTransformerTest, org.apache.commons.math.transform.FastSineTransformerTest, org.apache.commons.math.transform.FastSineTransformerTest, org.apache.commons.math.util.ContinuedFractionTest, org.apache.commons.math.util.ContinuedFractionTest, org.apache.commons.math.util.DefaultTransformerTest, org.apache.commons.math.util.DefaultTransformerTest, org.apache.commons.math.util.MathUtilsTest, org.apache.commons.math.util.MathUtilsTest, org.apache.commons.math.util.OpenIntToDoubleHashMapTest, org.apache.commons.math.util.OpenIntToDoubleHashMapTest, org.apache.commons.math.util.OpenIntToFieldTest, org.apache.commons.math.util.OpenIntToFieldTest, org.apache.commons.math.util.ResizableDoubleArrayTest, org.apache.commons.math.util.ResizableDoubleArrayTest, org.apache.commons.math.util.TransformerMapTest, org.apache.commons.math.util.TransformerMapTest]
22:13:38.402 [main] INFO  fr.inria.lille.repair.nopol.NoPol - Config: Config{synthesisDepth=3, collectStaticMethods=true, collectStaticFields=false, collectLiterals=false, onlyOneSynthesisResult=true, sortExpressions=true, maxLineInvocationPerTest=250, timeoutMethodInvocation=2000, dataCollectionTimeoutInSecondForSynthesis=900, addWeight=0.19478, subWeight=0.04554, mulWeight=0.0102, divWeight=0.00613, andWeight=0.10597, orWeight=0.05708, eqWeight=0.22798, nEqWeight=0.0, lessEqWeight=0.0255, lessWeight=0.0947, methodCallWeight=0.1, fieldAccessWeight=0.08099, constantWeight=0.14232, variableWeight=0.05195, mode=REPAIR, type=PRE_THEN_COND, synthesis=SMT, oracle=ANGELIC, solver=Z3, solverPath='/home/tdurieux/defects4j4repair/script/../libs/z3/build/z3', projectSources=[src/java], projectClasspath='[Ljava.net.URL;@66d33a', projectTests=[org.apache.commons.math.ArgumentOutsideDomainExceptionTest, org.apache.commons.math.ArgumentOutsideDomainExceptionTest, org.apache.commons.math.ConvergenceExceptionTest, org.apache.commons.math.ConvergenceExceptionTest, org.apache.commons.math.DuplicateSampleAbscissaExceptionTest, org.apache.commons.math.DuplicateSampleAbscissaExceptionTest, org.apache.commons.math.FunctionEvaluationExceptionTest, org.apache.commons.math.FunctionEvaluationExceptionTest, org.apache.commons.math.MathConfigurationExceptionTest, org.apache.commons.math.MathConfigurationExceptionTest, org.apache.commons.math.MathExceptionTest, org.apache.commons.math.MathExceptionTest, org.apache.commons.math.MaxIterationsExceededExceptionTest, org.apache.commons.math.MaxIterationsExceededExceptionTest, org.apache.commons.math.analysis.integration.LegendreGaussIntegratorTest, org.apache.commons.math.analysis.integration.LegendreGaussIntegratorTest, org.apache.commons.math.analysis.integration.RombergIntegratorTest, org.apache.commons.math.analysis.integration.RombergIntegratorTest, org.apache.commons.math.analysis.integration.SimpsonIntegratorTest, org.apache.commons.math.analysis.integration.SimpsonIntegratorTest, org.apache.commons.math.analysis.integration.TrapezoidIntegratorTest, org.apache.commons.math.analysis.integration.TrapezoidIntegratorTest, org.apache.commons.math.analysis.interpolation.DividedDifferenceInterpolatorTest, org.apache.commons.math.analysis.interpolation.DividedDifferenceInterpolatorTest, org.apache.commons.math.analysis.interpolation.NevilleInterpolatorTest, org.apache.commons.math.analysis.interpolation.NevilleInterpolatorTest, org.apache.commons.math.analysis.interpolation.SplineInterpolatorTest, org.apache.commons.math.analysis.interpolation.SplineInterpolatorTest, org.apache.commons.math.analysis.polynomials.PolynomialFunctionLagrangeFormTest, org.apache.commons.math.analysis.polynomials.PolynomialFunctionLagrangeFormTest, org.apache.commons.math.analysis.polynomials.PolynomialFunctionNewtonFormTest, org.apache.commons.math.analysis.polynomials.PolynomialFunctionNewtonFormTest, org.apache.commons.math.analysis.polynomials.PolynomialFunctionTest, org.apache.commons.math.analysis.polynomials.PolynomialFunctionTest, org.apache.commons.math.analysis.polynomials.PolynomialSplineFunctionTest, org.apache.commons.math.analysis.polynomials.PolynomialSplineFunctionTest, org.apache.commons.math.analysis.polynomials.PolynomialsUtilsTest, org.apache.commons.math.analysis.polynomials.PolynomialsUtilsTest, org.apache.commons.math.analysis.solvers.BisectionSolverTest, org.apache.commons.math.analysis.solvers.BisectionSolverTest, org.apache.commons.math.analysis.solvers.BrentSolverTest, org.apache.commons.math.analysis.solvers.BrentSolverTest, org.apache.commons.math.analysis.solvers.LaguerreSolverTest, org.apache.commons.math.analysis.solvers.LaguerreSolverTest, org.apache.commons.math.analysis.solvers.MullerSolverTest, org.apache.commons.math.analysis.solvers.MullerSolverTest, org.apache.commons.math.analysis.solvers.NewtonSolverTest, org.apache.commons.math.analysis.solvers.NewtonSolverTest, org.apache.commons.math.analysis.solvers.RiddersSolverTest, org.apache.commons.math.analysis.solvers.RiddersSolverTest, org.apache.commons.math.analysis.solvers.UnivariateRealSolverFactoryImplTest, org.apache.commons.math.analysis.solvers.UnivariateRealSolverFactoryImplTest, org.apache.commons.math.analysis.solvers.UnivariateRealSolverUtilsTest, org.apache.commons.math.analysis.solvers.UnivariateRealSolverUtilsTest, org.apache.commons.math.complex.ComplexFormatTest, org.apache.commons.math.complex.ComplexFormatTest, org.apache.commons.math.complex.ComplexTest, org.apache.commons.math.complex.ComplexTest, org.apache.commons.math.complex.ComplexUtilsTest, org.apache.commons.math.complex.ComplexUtilsTest, org.apache.commons.math.complex.FrenchComplexFormatTest, org.apache.commons.math.complex.FrenchComplexFormatTest, org.apache.commons.math.distribution.BetaDistributionTest, org.apache.commons.math.distribution.BetaDistributionTest, org.apache.commons.math.distribution.BinomialDistributionTest, org.apache.commons.math.distribution.BinomialDistributionTest, org.apache.commons.math.distribution.CauchyDistributionTest, org.apache.commons.math.distribution.CauchyDistributionTest, org.apache.commons.math.distribution.ChiSquareDistributionTest, org.apache.commons.math.distribution.ChiSquareDistributionTest, org.apache.commons.math.distribution.ExponentialDistributionTest, org.apache.commons.math.distribution.ExponentialDistributionTest, org.apache.commons.math.distribution.FDistributionTest, org.apache.commons.math.distribution.FDistributionTest, org.apache.commons.math.distribution.GammaDistributionTest, org.apache.commons.math.distribution.GammaDistributionTest, org.apache.commons.math.distribution.HypergeometricDistributionTest, org.apache.commons.math.distribution.HypergeometricDistributionTest, org.apache.commons.math.distribution.NormalDistributionTest, org.apache.commons.math.distribution.NormalDistributionTest, org.apache.commons.math.distribution.PascalDistributionTest, org.apache.commons.math.distribution.PascalDistributionTest, org.apache.commons.math.distribution.PoissonDistributionTest, org.apache.commons.math.distribution.PoissonDistributionTest, org.apache.commons.math.distribution.TDistributionTest, org.apache.commons.math.distribution.TDistributionTest, org.apache.commons.math.distribution.WeibullDistributionTest, org.apache.commons.math.distribution.WeibullDistributionTest, org.apache.commons.math.distribution.ZipfDistributionTest, org.apache.commons.math.distribution.ZipfDistributionTest, org.apache.commons.math.estimation.EstimatedParameterTest, org.apache.commons.math.estimation.EstimatedParameterTest, org.apache.commons.math.estimation.GaussNewtonEstimatorTest, org.apache.commons.math.estimation.GaussNewtonEstimatorTest, org.apache.commons.math.estimation.LevenbergMarquardtEstimatorTest, org.apache.commons.math.estimation.LevenbergMarquardtEstimatorTest, org.apache.commons.math.estimation.MinpackTest, org.apache.commons.math.estimation.MinpackTest, org.apache.commons.math.estimation.WeightedMeasurementTest, org.apache.commons.math.estimation.WeightedMeasurementTest, org.apache.commons.math.fraction.BigFractionFormatTest, org.apache.commons.math.fraction.BigFractionFormatTest, org.apache.commons.math.fraction.BigFractionTest, org.apache.commons.math.fraction.BigFractionTest, org.apache.commons.math.fraction.FractionFormatTest, org.apache.commons.math.fraction.FractionFormatTest, org.apache.commons.math.fraction.FractionTest, org.apache.commons.math.fraction.FractionTest, org.apache.commons.math.geometry.FrenchVector3DFormatTest, org.apache.commons.math.geometry.FrenchVector3DFormatTest, org.apache.commons.math.geometry.RotationOrderTest, org.apache.commons.math.geometry.RotationOrderTest, org.apache.commons.math.geometry.RotationTest, org.apache.commons.math.geometry.RotationTest, org.apache.commons.math.geometry.Vector3DFormatTest, org.apache.commons.math.geometry.Vector3DFormatTest, org.apache.commons.math.geometry.Vector3DTest, org.apache.commons.math.geometry.Vector3DTest, org.apache.commons.math.linear.BiDiagonalTransformerTest, org.apache.commons.math.linear.BiDiagonalTransformerTest, org.apache.commons.math.linear.BigMatrixImplTest, org.apache.commons.math.linear.BigMatrixImplTest, org.apache.commons.math.linear.CholeskyDecompositionImplTest, org.apache.commons.math.linear.CholeskyDecompositionImplTest, org.apache.commons.math.linear.CholeskySolverTest, org.apache.commons.math.linear.CholeskySolverTest, org.apache.commons.math.linear.DenseFieldMatrixTest, org.apache.commons.math.linear.DenseFieldMatrixTest, org.apache.commons.math.linear.DenseRealMatrixTest, org.apache.commons.math.linear.DenseRealMatrixTest, org.apache.commons.math.linear.EigenDecompositionImplTest, org.apache.commons.math.linear.EigenDecompositionImplTest, org.apache.commons.math.linear.EigenSolverTest, org.apache.commons.math.linear.EigenSolverTest, org.apache.commons.math.linear.FieldLUDecompositionImplTest, org.apache.commons.math.linear.FieldLUDecompositionImplTest, org.apache.commons.math.linear.FieldMatrixImplTest, org.apache.commons.math.linear.FieldMatrixImplTest, org.apache.commons.math.linear.FieldVectorImplTest, org.apache.commons.math.linear.FieldVectorImplTest, org.apache.commons.math.linear.FrenchRealVectorFormatTest, org.apache.commons.math.linear.FrenchRealVectorFormatTest, org.apache.commons.math.linear.InvalidMatrixExceptionTest, org.apache.commons.math.linear.InvalidMatrixExceptionTest, org.apache.commons.math.linear.LUDecompositionImplTest, org.apache.commons.math.linear.LUDecompositionImplTest, org.apache.commons.math.linear.LUSolverTest, org.apache.commons.math.linear.LUSolverTest, org.apache.commons.math.linear.MatrixIndexExceptionTest, org.apache.commons.math.linear.MatrixIndexExceptionTest, org.apache.commons.math.linear.MatrixUtilsTest, org.apache.commons.math.linear.MatrixUtilsTest, org.apache.commons.math.linear.QRDecompositionImplTest, org.apache.commons.math.linear.QRDecompositionImplTest, org.apache.commons.math.linear.QRSolverTest, org.apache.commons.math.linear.QRSolverTest, org.apache.commons.math.linear.RealMatrixImplTest, org.apache.commons.math.linear.RealMatrixImplTest, org.apache.commons.math.linear.RealVectorFormatTest, org.apache.commons.math.linear.RealVectorFormatTest, org.apache.commons.math.linear.RealVectorImplTest, org.apache.commons.math.linear.RealVectorImplTest, org.apache.commons.math.linear.SingularValueDecompositionImplTest, org.apache.commons.math.linear.SingularValueDecompositionImplTest, org.apache.commons.math.linear.SingularValueSolverTest, org.apache.commons.math.linear.SingularValueSolverTest, org.apache.commons.math.linear.SparseFieldMatrixTest, org.apache.commons.math.linear.SparseFieldMatrixTest, org.apache.commons.math.linear.SparseFieldVectorTest, org.apache.commons.math.linear.SparseFieldVectorTest, org.apache.commons.math.linear.SparseRealMatrixTest, org.apache.commons.math.linear.SparseRealMatrixTest, org.apache.commons.math.linear.SparseRealVectorTest, org.apache.commons.math.linear.SparseRealVectorTest, org.apache.commons.math.linear.TriDiagonalTransformerTest, org.apache.commons.math.linear.TriDiagonalTransformerTest, org.apache.commons.math.ode.ContinuousOutputModelTest, org.apache.commons.math.ode.ContinuousOutputModelTest, org.apache.commons.math.ode.FirstOrderConverterTest, org.apache.commons.math.ode.FirstOrderConverterTest, org.apache.commons.math.ode.nonstiff.AdamsIntegratorTest, org.apache.commons.math.ode.nonstiff.AdamsIntegratorTest, org.apache.commons.math.ode.nonstiff.ClassicalRungeKuttaIntegratorTest, org.apache.commons.math.ode.nonstiff.ClassicalRungeKuttaIntegratorTest, org.apache.commons.math.ode.nonstiff.ClassicalRungeKuttaStepInterpolatorTest, org.apache.commons.math.ode.nonstiff.ClassicalRungeKuttaStepInterpolatorTest, org.apache.commons.math.ode.nonstiff.DormandPrince54IntegratorTest, org.apache.commons.math.ode.nonstiff.DormandPrince54IntegratorTest, org.apache.commons.math.ode.nonstiff.DormandPrince54StepInterpolatorTest, org.apache.commons.math.ode.nonstiff.DormandPrince54StepInterpolatorTest, org.apache.commons.math.ode.nonstiff.DormandPrince853IntegratorTest, org.apache.commons.math.ode.nonstiff.DormandPrince853IntegratorTest, org.apache.commons.math.ode.nonstiff.DormandPrince853StepInterpolatorTest, org.apache.commons.math.ode.nonstiff.DormandPrince853StepInterpolatorTest, org.apache.commons.math.ode.nonstiff.EulerIntegratorTest, org.apache.commons.math.ode.nonstiff.EulerIntegratorTest, org.apache.commons.math.ode.nonstiff.EulerStepInterpolatorTest, org.apache.commons.math.ode.nonstiff.EulerStepInterpolatorTest, org.apache.commons.math.ode.nonstiff.GillIntegratorTest, org.apache.commons.math.ode.nonstiff.GillIntegratorTest, org.apache.commons.math.ode.nonstiff.GillStepInterpolatorTest, org.apache.commons.math.ode.nonstiff.GillStepInterpolatorTest, org.apache.commons.math.ode.nonstiff.GraggBulirschStoerIntegratorTest, org.apache.commons.math.ode.nonstiff.GraggBulirschStoerIntegratorTest, org.apache.commons.math.ode.nonstiff.GraggBulirschStoerStepInterpolatorTest, org.apache.commons.math.ode.nonstiff.GraggBulirschStoerStepInterpolatorTest, org.apache.commons.math.ode.nonstiff.HighamHall54IntegratorTest, org.apache.commons.math.ode.nonstiff.HighamHall54IntegratorTest, org.apache.commons.math.ode.nonstiff.HighamHall54StepInterpolatorTest, org.apache.commons.math.ode.nonstiff.HighamHall54StepInterpolatorTest, org.apache.commons.math.ode.nonstiff.MidpointIntegratorTest, org.apache.commons.math.ode.nonstiff.MidpointIntegratorTest, org.apache.commons.math.ode.nonstiff.MidpointStepInterpolatorTest, org.apache.commons.math.ode.nonstiff.MidpointStepInterpolatorTest, org.apache.commons.math.ode.nonstiff.ThreeEighthesIntegratorTest, org.apache.commons.math.ode.nonstiff.ThreeEighthesIntegratorTest, org.apache.commons.math.ode.nonstiff.ThreeEighthesStepInterpolatorTest, org.apache.commons.math.ode.nonstiff.ThreeEighthesStepInterpolatorTest, org.apache.commons.math.ode.sampling.DummyStepInterpolatorTest, org.apache.commons.math.ode.sampling.DummyStepInterpolatorTest, org.apache.commons.math.ode.sampling.NordsieckStepInterpolatorTest, org.apache.commons.math.ode.sampling.NordsieckStepInterpolatorTest, org.apache.commons.math.ode.sampling.StepNormalizerTest, org.apache.commons.math.ode.sampling.StepNormalizerTest, org.apache.commons.math.optimization.direct.MultiDirectionalTest, org.apache.commons.math.optimization.direct.MultiDirectionalTest, org.apache.commons.math.optimization.direct.NelderMeadTest, org.apache.commons.math.optimization.direct.NelderMeadTest, org.apache.commons.math.optimization.general.GaussNewtonOptimizerTest, org.apache.commons.math.optimization.general.GaussNewtonOptimizerTest, org.apache.commons.math.optimization.general.LevenbergMarquardtOptimizerTest, org.apache.commons.math.optimization.general.LevenbergMarquardtOptimizerTest, org.apache.commons.math.optimization.general.MinpackTest, org.apache.commons.math.optimization.general.MinpackTest, org.apache.commons.math.optimization.general.NonLinearConjugateGradientOptimizerTest, org.apache.commons.math.optimization.general.NonLinearConjugateGradientOptimizerTest, org.apache.commons.math.optimization.linear.SimplexSolverTest, org.apache.commons.math.optimization.linear.SimplexSolverTest, org.apache.commons.math.optimization.linear.SimplexTableauTest, org.apache.commons.math.optimization.linear.SimplexTableauTest, org.apache.commons.math.optimization.univariate.BrentMinimizerTest, org.apache.commons.math.optimization.univariate.BrentMinimizerTest, org.apache.commons.math.random.AbstractRandomGeneratorTest, org.apache.commons.math.random.AbstractRandomGeneratorTest, org.apache.commons.math.random.CorrelatedRandomVectorGeneratorTest, org.apache.commons.math.random.CorrelatedRandomVectorGeneratorTest, org.apache.commons.math.random.EmpiricalDistributionTest, org.apache.commons.math.random.EmpiricalDistributionTest, org.apache.commons.math.random.GaussianRandomGeneratorTest, org.apache.commons.math.random.GaussianRandomGeneratorTest, org.apache.commons.math.random.RandomAdaptorTest, org.apache.commons.math.random.RandomAdaptorTest, org.apache.commons.math.random.RandomDataTest, org.apache.commons.math.random.RandomDataTest, org.apache.commons.math.random.UncorrelatedRandomVectorGeneratorTest, org.apache.commons.math.random.UncorrelatedRandomVectorGeneratorTest, org.apache.commons.math.random.UniformRandomGeneratorTest, org.apache.commons.math.random.UniformRandomGeneratorTest, org.apache.commons.math.random.ValueServerTest, org.apache.commons.math.random.ValueServerTest, org.apache.commons.math.special.BetaTest, org.apache.commons.math.special.BetaTest, org.apache.commons.math.special.ErfTest, org.apache.commons.math.special.ErfTest, org.apache.commons.math.special.GammaTest, org.apache.commons.math.special.GammaTest, org.apache.commons.math.stat.CertifiedDataTest, org.apache.commons.math.stat.CertifiedDataTest, org.apache.commons.math.stat.FrequencyTest, org.apache.commons.math.stat.FrequencyTest, org.apache.commons.math.stat.StatUtilsTest, org.apache.commons.math.stat.StatUtilsTest, org.apache.commons.math.stat.clustering.KMeansPlusPlusClustererTest, org.apache.commons.math.stat.clustering.KMeansPlusPlusClustererTest, org.apache.commons.math.stat.correlation.CovarianceTest, org.apache.commons.math.stat.correlation.CovarianceTest, org.apache.commons.math.stat.correlation.PearsonsCorrelationTest, org.apache.commons.math.stat.correlation.PearsonsCorrelationTest, org.apache.commons.math.stat.correlation.SpearmansRankCorrelationTest, org.apache.commons.math.stat.correlation.SpearmansRankCorrelationTest, org.apache.commons.math.stat.data.LewTest, org.apache.commons.math.stat.data.LewTest, org.apache.commons.math.stat.data.LotteryTest, org.apache.commons.math.stat.data.LotteryTest, org.apache.commons.math.stat.descriptive.AbstractUnivariateStatisticTest, org.apache.commons.math.stat.descriptive.AbstractUnivariateStatisticTest, org.apache.commons.math.stat.descriptive.AggregateSummaryStatisticsTest, org.apache.commons.math.stat.descriptive.AggregateSummaryStatisticsTest, org.apache.commons.math.stat.descriptive.DescriptiveStatisticsTest, org.apache.commons.math.stat.descriptive.DescriptiveStatisticsTest, org.apache.commons.math.stat.descriptive.InteractionTest, org.apache.commons.math.stat.descriptive.InteractionTest, org.apache.commons.math.stat.descriptive.ListUnivariateImplTest, org.apache.commons.math.stat.descriptive.ListUnivariateImplTest, org.apache.commons.math.stat.descriptive.MixedListUnivariateImplTest, org.apache.commons.math.stat.descriptive.MixedListUnivariateImplTest, org.apache.commons.math.stat.descriptive.MultivariateSummaryStatisticsTest, org.apache.commons.math.stat.descriptive.MultivariateSummaryStatisticsTest, org.apache.commons.math.stat.descriptive.StatisticalSummaryValuesTest, org.apache.commons.math.stat.descriptive.StatisticalSummaryValuesTest, org.apache.commons.math.stat.descriptive.SummaryStatisticsTest, org.apache.commons.math.stat.descriptive.SummaryStatisticsTest, org.apache.commons.math.stat.descriptive.SynchronizedDescriptiveStatisticsTest, org.apache.commons.math.stat.descriptive.SynchronizedDescriptiveStatisticsTest, org.apache.commons.math.stat.descriptive.SynchronizedSummaryStatisticsTest, org.apache.commons.math.stat.descriptive.SynchronizedSummaryStatisticsTest, org.apache.commons.math.stat.descriptive.moment.FirstMomentTest, org.apache.commons.math.stat.descriptive.moment.FirstMomentTest, org.apache.commons.math.stat.descriptive.moment.FourthMomentTest, org.apache.commons.math.stat.descriptive.moment.FourthMomentTest, org.apache.commons.math.stat.descriptive.moment.GeometricMeanTest, org.apache.commons.math.stat.descriptive.moment.GeometricMeanTest, org.apache.commons.math.stat.descriptive.moment.KurtosisTest, org.apache.commons.math.stat.descriptive.moment.KurtosisTest, org.apache.commons.math.stat.descriptive.moment.MeanTest, org.apache.commons.math.stat.descriptive.moment.MeanTest, org.apache.commons.math.stat.descriptive.moment.SecondMomentTest, org.apache.commons.math.stat.descriptive.moment.SecondMomentTest, org.apache.commons.math.stat.descriptive.moment.SkewnessTest, org.apache.commons.math.stat.descriptive.moment.SkewnessTest, org.apache.commons.math.stat.descriptive.moment.StandardDeviationTest, org.apache.commons.math.stat.descriptive.moment.StandardDeviationTest, org.apache.commons.math.stat.descriptive.moment.ThirdMomentTest, org.apache.commons.math.stat.descriptive.moment.ThirdMomentTest, org.apache.commons.math.stat.descriptive.moment.VarianceTest, org.apache.commons.math.stat.descriptive.moment.VarianceTest, org.apache.commons.math.stat.descriptive.moment.VectorialCovarianceTest, org.apache.commons.math.stat.descriptive.moment.VectorialCovarianceTest, org.apache.commons.math.stat.descriptive.moment.VectorialMeanTest, org.apache.commons.math.stat.descriptive.moment.VectorialMeanTest, org.apache.commons.math.stat.descriptive.rank.MaxTest, org.apache.commons.math.stat.descriptive.rank.MaxTest, org.apache.commons.math.stat.descriptive.rank.MedianTest, org.apache.commons.math.stat.descriptive.rank.MedianTest, org.apache.commons.math.stat.descriptive.rank.MinTest, org.apache.commons.math.stat.descriptive.rank.MinTest, org.apache.commons.math.stat.descriptive.rank.PercentileTest, org.apache.commons.math.stat.descriptive.rank.PercentileTest, org.apache.commons.math.stat.descriptive.summary.ProductTest, org.apache.commons.math.stat.descriptive.summary.ProductTest, org.apache.commons.math.stat.descriptive.summary.SumLogTest, org.apache.commons.math.stat.descriptive.summary.SumLogTest, org.apache.commons.math.stat.descriptive.summary.SumSqTest, org.apache.commons.math.stat.descriptive.summary.SumSqTest, org.apache.commons.math.stat.descriptive.summary.SumTest, org.apache.commons.math.stat.descriptive.summary.SumTest, org.apache.commons.math.stat.inference.ChiSquareFactoryTest, org.apache.commons.math.stat.inference.ChiSquareFactoryTest, org.apache.commons.math.stat.inference.ChiSquareTestTest, org.apache.commons.math.stat.inference.ChiSquareTestTest, org.apache.commons.math.stat.inference.OneWayAnovaTest, org.apache.commons.math.stat.inference.OneWayAnovaTest, org.apache.commons.math.stat.inference.TTestFactoryTest, org.apache.commons.math.stat.inference.TTestFactoryTest, org.apache.commons.math.stat.inference.TTestTest, org.apache.commons.math.stat.inference.TTestTest, org.apache.commons.math.stat.inference.TestUtilsTest, org.apache.commons.math.stat.inference.TestUtilsTest, org.apache.commons.math.stat.ranking.NaturalRankingTest, org.apache.commons.math.stat.ranking.NaturalRankingTest, org.apache.commons.math.stat.regression.GLSMultipleLinearRegressionTest, org.apache.commons.math.stat.regression.GLSMultipleLinearRegressionTest, org.apache.commons.math.stat.regression.OLSMultipleLinearRegressionTest, org.apache.commons.math.stat.regression.OLSMultipleLinearRegressionTest, org.apache.commons.math.stat.regression.SimpleRegressionTest, org.apache.commons.math.stat.regression.SimpleRegressionTest, org.apache.commons.math.transform.FastCosineTransformerTest, org.apache.commons.math.transform.FastCosineTransformerTest, org.apache.commons.math.transform.FastFourierTransformerTest, org.apache.commons.math.transform.FastFourierTransformerTest, org.apache.commons.math.transform.FastHadamardTransformerTest, org.apache.commons.math.transform.FastHadamardTransformerTest, org.apache.commons.math.transform.FastSineTransformerTest, org.apache.commons.math.transform.FastSineTransformerTest, org.apache.commons.math.util.ContinuedFractionTest, org.apache.commons.math.util.ContinuedFractionTest, org.apache.commons.math.util.DefaultTransformerTest, org.apache.commons.math.util.DefaultTransformerTest, org.apache.commons.math.util.MathUtilsTest, org.apache.commons.math.util.MathUtilsTest, org.apache.commons.math.util.OpenIntToDoubleHashMapTest, org.apache.commons.math.util.OpenIntToDoubleHashMapTest, org.apache.commons.math.util.OpenIntToFieldTest, org.apache.commons.math.util.OpenIntToFieldTest, org.apache.commons.math.util.ResizableDoubleArrayTest, org.apache.commons.math.util.ResizableDoubleArrayTest, org.apache.commons.math.util.TransformerMapTest, org.apache.commons.math.util.TransformerMapTest], complianceLevel=5, outputFolder=., json=true}
22:13:38.403 [main] INFO  fr.inria.lille.repair.nopol.NoPol - Available processors (cores): 8
22:13:38.417 [main] INFO  fr.inria.lille.repair.nopol.NoPol - Free memory: 191 MB
22:13:38.418 [main] INFO  fr.inria.lille.repair.nopol.NoPol - Maximum memory: 3 GB
22:13:38.418 [main] INFO  fr.inria.lille.repair.nopol.NoPol - Total memory available to JVM: 241 MB
22:13:38.418 [main] INFO  fr.inria.lille.repair.nopol.NoPol - Java version: 1.8.0_181
22:13:38.420 [main] INFO  fr.inria.lille.repair.nopol.NoPol - JAVA_HOME: /usr/lib/jvm/java-1.8.0-openjdk-amd64/bin/
22:13:38.420 [main] INFO  fr.inria.lille.repair.nopol.NoPol - PATH: /usr/lib/jvm/java-1.8.0-openjdk-amd64/bin/:/usr/lib/oar/oardodo:/usr/lib/oar/oardodo:/usr/local/bin:/usr/bin:/bin:/usr/games
22:14:00.446 [pool-2-thread-1] DEBUG fr.inria.lille.repair.nopol.NoPol - statement #1
22:14:00.447 [pool-2-thread-1] DEBUG fr.inria.lille.repair.nopol.NoPol - Analysing SourceLocation org.apache.commons.math.optimization.linear.SimplexTableau:291 which is executed by 2 tests
-1081517891
22:14:00.908 [pool-2-thread-1] DEBUG fr.inria.lille.repair.nopol.NoPol - looking with class fr.inria.lille.repair.nopol.spoon.smt.ConditionalAdder
java.lang.AssertionError: expected:<10.0> but was:<0.0>
    at org.junit.Assert.fail(Assert.java:88)
    at org.junit.Assert.failNotEquals(Assert.java:743)
    at org.junit.Assert.assertEquals(Assert.java:494)
    at org.junit.Assert.assertEquals(Assert.java:592)
    at org.apache.commons.math.optimization.linear.SimplexSolverTest.testSingleVariableAndConstraint(SimplexSolverTest.java:75)
    at sun.reflect.NativeMethodAccessorImpl.invoke0(Native Method)
22:14:01.075 [pool-4-thread-1] INFO  xxl.java.junit.TestCasesListener - Tests run finished (124 ms)
<> Total tests run: 12
<> Ignored tests: 0
<> Failed tests: 1
~ testSingleVariableAndConstraint(org.apache.commons.math.optimization.linear.SimplexSolverTest)
[expected:<10.0> but was:<0.0>]
java.lang.AssertionError: expected:<10.0> but was:<0.0>    at org.junit.Assert.fail(Assert.java:88)
    at org.junit.Assert.failNotEquals(Assert.java:743)
    at org.junit.Assert.assertEquals(Assert.java:494)
    at org.junit.Assert.assertEquals(Assert.java:592)
    at org.apache.commons.math.optimization.linear.SimplexSolverTest.testSingleVariableAndConstraint(SimplexSolverTest.java:75)
    at sun.reflect.NativeMethodAccessorImpl.invoke0(Native Method)

org.apache.commons.math.optimization.linear.UnboundedSolutionException: unbounded solution
    at org.apache.commons.math.optimization.linear.SimplexSolver.doIteration(SimplexSolver.java:107)
    at org.apache.commons.math.optimization.linear.SimplexSolver.doOptimize(SimplexSolver.java:190)
    at org.apache.commons.math.optimization.linear.AbstractLinearOptimizer.optimize(AbstractLinearOptimizer.java:108)
    at org.apache.commons.math.optimization.linear.SimplexSolverTest.testSingleVariableAndConstraint(SimplexSolverTest.java:74)
    at sun.reflect.NativeMethodAccessorImpl.invoke0(Native Method)
    at sun.reflect.NativeMethodAccessorImpl.invoke(NativeMethodAccessorImpl.java:62)
22:14:02.489 [pool-5-thread-1] INFO  f.i.l.c.t.SpecificationTestCasesListener - Tests run finished (24 ms)
<> Total tests run: 1
<> Ignored tests: 0
<> Failed tests: 1
~ testSingleVariableAndConstraint(org.apache.commons.math.optimization.linear.SimplexSolverTest)
[unbounded solution]
org.apache.commons.math.optimization.linear.UnboundedSolutionException: unbounded solution    at org.apache.commons.math.optimization.linear.SimplexSolver.doIteration(SimplexSolver.java:107)
    at org.apache.commons.math.optimization.linear.SimplexSolver.doOptimize(SimplexSolver.java:190)
    at org.apache.commons.math.optimization.linear.AbstractLinearOptimizer.optimize(AbstractLinearOptimizer.java:108)
    at org.apache.commons.math.optimization.linear.SimplexSolverTest.testSingleVariableAndConstraint(SimplexSolverTest.java:74)
    at sun.reflect.NativeMethodAccessorImpl.invoke0(Native Method)
    at sun.reflect.NativeMethodAccessorImpl.invoke(NativeMethodAccessorImpl.java:62)

java.lang.AssertionError: expected:<10.0> but was:<0.0>
    at org.junit.Assert.fail(Assert.java:88)
    at org.junit.Assert.failNotEquals(Assert.java:743)
    at org.junit.Assert.assertEquals(Assert.java:494)
    at org.junit.Assert.assertEquals(Assert.java:592)
    at org.apache.commons.math.optimization.linear.SimplexSolverTest.testSingleVariableAndConstraint(SimplexSolverTest.java:75)
    at sun.reflect.NativeMethodAccessorImpl.invoke0(Native Method)
22:14:02.494 [pool-6-thread-1] INFO  f.i.l.c.t.SpecificationTestCasesListener - Tests run finished (2 ms)
<> Total tests run: 1
<> Ignored tests: 0
<> Failed tests: 1
~ testSingleVariableAndConstraint(org.apache.commons.math.optimization.linear.SimplexSolverTest)
[expected:<10.0> but was:<0.0>]
java.lang.AssertionError: expected:<10.0> but was:<0.0>    at org.junit.Assert.fail(Assert.java:88)
    at org.junit.Assert.failNotEquals(Assert.java:743)
    at org.junit.Assert.assertEquals(Assert.java:494)
    at org.junit.Assert.assertEquals(Assert.java:592)
    at org.apache.commons.math.optimization.linear.SimplexSolverTest.testSingleVariableAndConstraint(SimplexSolverTest.java:75)
    at sun.reflect.NativeMethodAccessorImpl.invoke0(Native Method)

22:14:02.495 [pool-3-thread-1] DEBUG tests.output - Failing tests with false: 
[testSingleVariableAndConstraint(org.apache.commons.math.optimization.linear.SimplexSolverTest): unbounded solution]
22:14:02.495 [pool-3-thread-1] DEBUG tests.output - Failing tests with true: 
[testSingleVariableAndConstraint(org.apache.commons.math.optimization.linear.SimplexSolverTest): expected:<10.0> but was:<0.0>]
22:14:02.495 [pool-3-thread-1] INFO  f.i.l.r.n.synth.SMTNopolSynthesizer - Not enough specifications: 0. A trivial patch is "true" or "false", please write new tests specifying SourceLocation org.apache.commons.math.optimization.linear.SimplexTableau:291.
22:14:02.496 [pool-2-thread-1] DEBUG fr.inria.lille.repair.nopol.NoPol - statement #2
22:14:02.496 [pool-2-thread-1] DEBUG fr.inria.lille.repair.nopol.NoPol - Analysing SourceLocation org.apache.commons.math.optimization.linear.SimplexSolver:168 which is executed by 2 tests
-1435753318
22:14:02.661 [pool-2-thread-1] DEBUG fr.inria.lille.repair.nopol.NoPol - looking with class fr.inria.lille.repair.nopol.spoon.smt.ConditionalAdder
java.lang.AssertionError: expected:<10.0> but was:<0.0>
    at org.junit.Assert.fail(Assert.java:88)
    at org.junit.Assert.failNotEquals(Assert.java:743)
    at org.junit.Assert.assertEquals(Assert.java:494)
    at org.junit.Assert.assertEquals(Assert.java:592)
    at org.apache.commons.math.optimization.linear.SimplexSolverTest.testSingleVariableAndConstraint(SimplexSolverTest.java:75)
    at sun.reflect.NativeMethodAccessorImpl.invoke0(Native Method)
22:14:02.765 [pool-8-thread-1] INFO  xxl.java.junit.TestCasesListener - Tests run finished (96 ms)
<> Total tests run: 12
<> Ignored tests: 0
<> Failed tests: 1
~ testSingleVariableAndConstraint(org.apache.commons.math.optimization.linear.SimplexSolverTest)
[expected:<10.0> but was:<0.0>]
java.lang.AssertionError: expected:<10.0> but was:<0.0>    at org.junit.Assert.fail(Assert.java:88)
    at org.junit.Assert.failNotEquals(Assert.java:743)
    at org.junit.Assert.assertEquals(Assert.java:494)
    at org.junit.Assert.assertEquals(Assert.java:592)
    at org.apache.commons.math.optimization.linear.SimplexSolverTest.testSingleVariableAndConstraint(SimplexSolverTest.java:75)
    at sun.reflect.NativeMethodAccessorImpl.invoke0(Native Method)

java.lang.AssertionError: expected:<10.0> but was:<0.0>
    at org.junit.Assert.fail(Assert.java:88)
    at org.junit.Assert.failNotEquals(Assert.java:743)
    at org.junit.Assert.assertEquals(Assert.java:494)
    at org.junit.Assert.assertEquals(Assert.java:592)
    at org.apache.commons.math.optimization.linear.SimplexSolverTest.testSingleVariableAndConstraint(SimplexSolverTest.java:75)
    at sun.reflect.NativeMethodAccessorImpl.invoke0(Native Method)
22:14:03.122 [pool-9-thread-1] INFO  f.i.l.c.t.SpecificationTestCasesListener - Tests run finished (19 ms)
<> Total tests run: 1
<> Ignored tests: 0
<> Failed tests: 1
~ testSingleVariableAndConstraint(org.apache.commons.math.optimization.linear.SimplexSolverTest)
[expected:<10.0> but was:<0.0>]
java.lang.AssertionError: expected:<10.0> but was:<0.0>    at org.junit.Assert.fail(Assert.java:88)
    at org.junit.Assert.failNotEquals(Assert.java:743)
    at org.junit.Assert.assertEquals(Assert.java:494)
    at org.junit.Assert.assertEquals(Assert.java:592)
    at org.apache.commons.math.optimization.linear.SimplexSolverTest.testSingleVariableAndConstraint(SimplexSolverTest.java:75)
    at sun.reflect.NativeMethodAccessorImpl.invoke0(Native Method)

java.lang.AssertionError: expected:<10.0> but was:<0.0>
    at org.junit.Assert.fail(Assert.java:88)
    at org.junit.Assert.failNotEquals(Assert.java:743)
    at org.junit.Assert.assertEquals(Assert.java:494)
    at org.junit.Assert.assertEquals(Assert.java:592)
    at org.apache.commons.math.optimization.linear.SimplexSolverTest.testSingleVariableAndConstraint(SimplexSolverTest.java:75)
    at sun.reflect.NativeMethodAccessorImpl.invoke0(Native Method)
22:14:03.125 [pool-10-thread-1] INFO  f.i.l.c.t.SpecificationTestCasesListener - Tests run finished (1 ms)
<> Total tests run: 1
<> Ignored tests: 0
<> Failed tests: 1
~ testSingleVariableAndConstraint(org.apache.commons.math.optimization.linear.SimplexSolverTest)
[expected:<10.0> but was:<0.0>]
java.lang.AssertionError: expected:<10.0> but was:<0.0>    at org.junit.Assert.fail(Assert.java:88)
    at org.junit.Assert.failNotEquals(Assert.java:743)
    at org.junit.Assert.assertEquals(Assert.java:494)
    at org.junit.Assert.assertEquals(Assert.java:592)
    at org.apache.commons.math.optimization.linear.SimplexSolverTest.testSingleVariableAndConstraint(SimplexSolverTest.java:75)
    at sun.reflect.NativeMethodAccessorImpl.invoke0(Native Method)

22:14:03.126 [pool-7-thread-1] DEBUG tests.output - Failing tests with false: 
[testSingleVariableAndConstraint(org.apache.commons.math.optimization.linear.SimplexSolverTest): expected:<10.0> but was:<0.0>]
22:14:03.126 [pool-7-thread-1] DEBUG tests.output - Failing tests with true: 
[testSingleVariableAndConstraint(org.apache.commons.math.optimization.linear.SimplexSolverTest): expected:<10.0> but was:<0.0>]
22:14:03.126 [pool-7-thread-1] INFO  f.i.l.r.n.synth.SMTNopolSynthesizer - Not enough specifications: 0. A trivial patch is "true" or "false", please write new tests specifying SourceLocation org.apache.commons.math.optimization.linear.SimplexSolver:168.
22:14:03.127 [pool-2-thread-1] DEBUG fr.inria.lille.repair.nopol.NoPol - statement #3
22:14:03.127 [pool-2-thread-1] DEBUG fr.inria.lille.repair.nopol.NoPol - Analysing SourceLocation org.apache.commons.math.optimization.linear.SimplexSolver:190 which is executed by 7 tests
-1435753318
22:14:03.293 [pool-2-thread-1] DEBUG fr.inria.lille.repair.nopol.NoPol - looking with class fr.inria.lille.repair.nopol.spoon.smt.ConditionalAdder
java.lang.AssertionError: expected:<10.0> but was:<0.0>
    at org.junit.Assert.fail(Assert.java:88)
    at org.junit.Assert.failNotEquals(Assert.java:743)
    at org.junit.Assert.assertEquals(Assert.java:494)
    at org.junit.Assert.assertEquals(Assert.java:592)
    at org.apache.commons.math.optimization.linear.SimplexSolverTest.testSingleVariableAndConstraint(SimplexSolverTest.java:75)
    at sun.reflect.NativeMethodAccessorImpl.invoke0(Native Method)
22:14:03.381 [pool-12-thread-1] INFO  xxl.java.junit.TestCasesListener - Tests run finished (81 ms)
<> Total tests run: 12
<> Ignored tests: 0
<> Failed tests: 1
~ testSingleVariableAndConstraint(org.apache.commons.math.optimization.linear.SimplexSolverTest)
[expected:<10.0> but was:<0.0>]
java.lang.AssertionError: expected:<10.0> but was:<0.0>    at org.junit.Assert.fail(Assert.java:88)
    at org.junit.Assert.failNotEquals(Assert.java:743)
    at org.junit.Assert.assertEquals(Assert.java:494)
    at org.junit.Assert.assertEquals(Assert.java:592)
    at org.apache.commons.math.optimization.linear.SimplexSolverTest.testSingleVariableAndConstraint(SimplexSolverTest.java:75)
    at sun.reflect.NativeMethodAccessorImpl.invoke0(Native Method)

java.lang.OutOfMemoryError: Java heap space
    at java.util.Arrays.copyOf(Arrays.java:3181)
    at java.util.ArrayList.grow(ArrayList.java:265)
    at java.util.ArrayList.ensureExplicitCapacity(ArrayList.java:239)
    at java.util.ArrayList.ensureCapacityInternal(ArrayList.java:231)
    at java.util.ArrayList.add(ArrayList.java:462)
    at fr.inria.lille.repair.nopol.synth.AngelicExecution.angelicValue(AngelicExecution.java:16)
22:16:22.909 [pool-13-thread-1] INFO  f.i.l.c.t.SpecificationTestCasesListener - Tests run finished (139271 ms)
<> Total tests run: 1
<> Ignored tests: 0
<> Failed tests: 1
~ testSingleVariableAndConstraint(org.apache.commons.math.optimization.linear.SimplexSolverTest)
[Java heap space]
java.lang.OutOfMemoryError: Java heap space    at java.util.Arrays.copyOf(Arrays.java:3181)
    at java.util.ArrayList.grow(ArrayList.java:265)
    at java.util.ArrayList.ensureExplicitCapacity(ArrayList.java:239)
    at java.util.ArrayList.ensureCapacityInternal(ArrayList.java:231)
    at java.util.ArrayList.add(ArrayList.java:462)
    at fr.inria.lille.repair.nopol.synth.AngelicExecution.angelicValue(AngelicExecution.java:16)

java.lang.AssertionError: expected:<10.0> but was:<0.0>
    at org.junit.Assert.fail(Assert.java:88)
    at org.junit.Assert.failNotEquals(Assert.java:743)
    at org.junit.Assert.assertEquals(Assert.java:494)
    at org.junit.Assert.assertEquals(Assert.java:592)
    at org.apache.commons.math.optimization.linear.SimplexSolverTest.testSingleVariableAndConstraint(SimplexSolverTest.java:75)
    at sun.reflect.NativeMethodAccessorImpl.invoke0(Native Method)
22:16:24.379 [pool-14-thread-1] INFO  f.i.l.c.t.SpecificationTestCasesListener - Tests run finished (1465 ms)
<> Total tests run: 1
<> Ignored tests: 0
<> Failed tests: 1
~ testSingleVariableAndConstraint(org.apache.commons.math.optimization.linear.SimplexSolverTest)
[expected:<10.0> but was:<0.0>]
java.lang.AssertionError: expected:<10.0> but was:<0.0>    at org.junit.Assert.fail(Assert.java:88)
    at org.junit.Assert.failNotEquals(Assert.java:743)
    at org.junit.Assert.assertEquals(Assert.java:494)
    at org.junit.Assert.assertEquals(Assert.java:592)
    at org.apache.commons.math.optimization.linear.SimplexSolverTest.testSingleVariableAndConstraint(SimplexSolverTest.java:75)
    at sun.reflect.NativeMethodAccessorImpl.invoke0(Native Method)

22:16:24.380 [pool-11-thread-1] DEBUG tests.output - Failing tests with false: 
[testSingleVariableAndConstraint(org.apache.commons.math.optimization.linear.SimplexSolverTest): Java heap space]
22:16:24.380 [pool-11-thread-1] DEBUG tests.output - Failing tests with true: 
[testSingleVariableAndConstraint(org.apache.commons.math.optimization.linear.SimplexSolverTest): expected:<10.0> but was:<0.0>]
22:16:24.381 [pool-11-thread-1] INFO  f.i.l.r.n.synth.SMTNopolSynthesizer - Not enough specifications: 0. A trivial patch is "true" or "false", please write new tests specifying SourceLocation org.apache.commons.math.optimization.linear.SimplexSolver:190.
22:16:24.381 [pool-2-thread-1] DEBUG fr.inria.lille.repair.nopol.NoPol - statement #4
22:16:24.381 [pool-2-thread-1] DEBUG fr.inria.lille.repair.nopol.NoPol - Analysing SourceLocation org.apache.commons.math.optimization.linear.SimplexSolver:151 which is executed by 7 tests
-1435753318
22:16:24.574 [pool-2-thread-1] DEBUG fr.inria.lille.repair.nopol.NoPol - looking with class fr.inria.lille.repair.nopol.spoon.smt.ConditionalAdder
java.lang.AssertionError: expected:<10.0> but was:<0.0>
    at org.junit.Assert.fail(Assert.java:88)
    at org.junit.Assert.failNotEquals(Assert.java:743)
    at org.junit.Assert.assertEquals(Assert.java:494)
    at org.junit.Assert.assertEquals(Assert.java:592)
    at org.apache.commons.math.optimization.linear.SimplexSolverTest.testSingleVariableAndConstraint(SimplexSolverTest.java:75)
    at sun.reflect.NativeMethodAccessorImpl.invoke0(Native Method)
22:16:24.701 [pool-16-thread-1] INFO  xxl.java.junit.TestCasesListener - Tests run finished (107 ms)
<> Total tests run: 12
<> Ignored tests: 0
<> Failed tests: 1
~ testSingleVariableAndConstraint(org.apache.commons.math.optimization.linear.SimplexSolverTest)
[expected:<10.0> but was:<0.0>]
java.lang.AssertionError: expected:<10.0> but was:<0.0>    at org.junit.Assert.fail(Assert.java:88)
    at org.junit.Assert.failNotEquals(Assert.java:743)
    at org.junit.Assert.assertEquals(Assert.java:494)
    at org.junit.Assert.assertEquals(Assert.java:592)
    at org.apache.commons.math.optimization.linear.SimplexSolverTest.testSingleVariableAndConstraint(SimplexSolverTest.java:75)
    at sun.reflect.NativeMethodAccessorImpl.invoke0(Native Method)

java.lang.AssertionError: expected:<10.0> but was:<0.0>
    at org.junit.Assert.fail(Assert.java:88)
    at org.junit.Assert.failNotEquals(Assert.java:743)
    at org.junit.Assert.assertEquals(Assert.java:494)
    at org.junit.Assert.assertEquals(Assert.java:592)
    at org.apache.commons.math.optimization.linear.SimplexSolverTest.testSingleVariableAndConstraint(SimplexSolverTest.java:75)
    at sun.reflect.NativeMethodAccessorImpl.invoke0(Native Method)
22:16:24.997 [pool-17-thread-1] INFO  f.i.l.c.t.SpecificationTestCasesListener - Tests run finished (18 ms)
<> Total tests run: 1
<> Ignored tests: 0
<> Failed tests: 1
~ testSingleVariableAndConstraint(org.apache.commons.math.optimization.linear.SimplexSolverTest)
[expected:<10.0> but was:<0.0>]
java.lang.AssertionError: expected:<10.0> but was:<0.0>    at org.junit.Assert.fail(Assert.java:88)
    at org.junit.Assert.failNotEquals(Assert.java:743)
    at org.junit.Assert.assertEquals(Assert.java:494)
    at org.junit.Assert.assertEquals(Assert.java:592)
    at org.apache.commons.math.optimization.linear.SimplexSolverTest.testSingleVariableAndConstraint(SimplexSolverTest.java:75)
    at sun.reflect.NativeMethodAccessorImpl.invoke0(Native Method)

java.lang.AssertionError: expected:<10.0> but was:<0.0>
    at org.junit.Assert.fail(Assert.java:88)
    at org.junit.Assert.failNotEquals(Assert.java:743)
    at org.junit.Assert.assertEquals(Assert.java:494)
    at org.junit.Assert.assertEquals(Assert.java:592)
    at org.apache.commons.math.optimization.linear.SimplexSolverTest.testSingleVariableAndConstraint(SimplexSolverTest.java:75)
    at sun.reflect.NativeMethodAccessorImpl.invoke0(Native Method)
22:16:25.007 [pool-18-thread-1] INFO  f.i.l.c.t.SpecificationTestCasesListener - Tests run finished (5 ms)
<> Total tests run: 1
<> Ignored tests: 0
<> Failed tests: 1
~ testSingleVariableAndConstraint(org.apache.commons.math.optimization.linear.SimplexSolverTest)
[expected:<10.0> but was:<0.0>]
java.lang.AssertionError: expected:<10.0> but was:<0.0>    at org.junit.Assert.fail(Assert.java:88)
    at org.junit.Assert.failNotEquals(Assert.java:743)
    at org.junit.Assert.assertEquals(Assert.java:494)
    at org.junit.Assert.assertEquals(Assert.java:592)
    at org.apache.commons.math.optimization.linear.SimplexSolverTest.testSingleVariableAndConstraint(SimplexSolverTest.java:75)
    at sun.reflect.NativeMethodAccessorImpl.invoke0(Native Method)

22:16:25.010 [pool-15-thread-1] DEBUG tests.output - Failing tests with false: 
[testSingleVariableAndConstraint(org.apache.commons.math.optimization.linear.SimplexSolverTest): expected:<10.0> but was:<0.0>]
22:16:25.010 [pool-15-thread-1] DEBUG tests.output - Failing tests with true: 
[testSingleVariableAndConstraint(org.apache.commons.math.optimization.linear.SimplexSolverTest): expected:<10.0> but was:<0.0>]
22:16:25.010 [pool-15-thread-1] INFO  f.i.l.r.n.synth.SMTNopolSynthesizer - Not enough specifications: 0. A trivial patch is "true" or "false", please write new tests specifying SourceLocation org.apache.commons.math.optimization.linear.SimplexSolver:151.
22:16:25.011 [pool-2-thread-1] DEBUG fr.inria.lille.repair.nopol.NoPol - statement #5
22:16:25.011 [pool-2-thread-1] DEBUG fr.inria.lille.repair.nopol.NoPol - Analysing SourceLocation org.apache.commons.math.optimization.linear.LinearObjectiveFunction:92 which is executed by 10 tests
1078222701
22:16:25.191 [pool-2-thread-1] DEBUG fr.inria.lille.repair.nopol.NoPol - statement #6
22:16:25.191 [pool-2-thread-1] DEBUG fr.inria.lille.repair.nopol.NoPol - Analysing SourceLocation org.apache.commons.math.optimization.linear.SimplexTableau:458 which is executed by 10 tests
-1081517891
22:16:25.391 [pool-2-thread-1] DEBUG fr.inria.lille.repair.nopol.NoPol - statement #7
22:16:25.391 [pool-2-thread-1] DEBUG fr.inria.lille.repair.nopol.NoPol - Analysing SourceLocation org.apache.commons.math.optimization.linear.SimplexTableau:343 which is executed by 10 tests
-1081517891
22:16:25.587 [pool-2-thread-1] DEBUG fr.inria.lille.repair.nopol.NoPol - statement #8
22:16:25.587 [pool-2-thread-1] DEBUG fr.inria.lille.repair.nopol.NoPol - Analysing SourceLocation org.apache.commons.math.optimization.linear.SimplexTableau:338 which is executed by 10 tests
-1081517891
22:16:25.772 [pool-2-thread-1] DEBUG fr.inria.lille.repair.nopol.NoPol - looking with class fr.inria.lille.repair.nopol.spoon.smt.ConditionalAdder
java.lang.AssertionError: expected:<10.0> but was:<0.0>
    at org.junit.Assert.fail(Assert.java:88)
    at org.junit.Assert.failNotEquals(Assert.java:743)
    at org.junit.Assert.assertEquals(Assert.java:494)
    at org.junit.Assert.assertEquals(Assert.java:592)
    at org.apache.commons.math.optimization.linear.SimplexSolverTest.testSingleVariableAndConstraint(SimplexSolverTest.java:75)
    at sun.reflect.NativeMethodAccessorImpl.invoke0(Native Method)
22:16:25.854 [pool-20-thread-1] INFO  xxl.java.junit.TestCasesListener - Tests run finished (75 ms)
<> Total tests run: 12
<> Ignored tests: 0
<> Failed tests: 1
~ testSingleVariableAndConstraint(org.apache.commons.math.optimization.linear.SimplexSolverTest)
[expected:<10.0> but was:<0.0>]
java.lang.AssertionError: expected:<10.0> but was:<0.0>    at org.junit.Assert.fail(Assert.java:88)
    at org.junit.Assert.failNotEquals(Assert.java:743)
    at org.junit.Assert.assertEquals(Assert.java:494)
    at org.junit.Assert.assertEquals(Assert.java:592)
    at org.apache.commons.math.optimization.linear.SimplexSolverTest.testSingleVariableAndConstraint(SimplexSolverTest.java:75)
    at sun.reflect.NativeMethodAccessorImpl.invoke0(Native Method)

java.lang.AssertionError: expected:<10.0> but was:<0.0>
    at org.junit.Assert.fail(Assert.java:88)
    at org.junit.Assert.failNotEquals(Assert.java:743)
    at org.junit.Assert.assertEquals(Assert.java:494)
    at org.junit.Assert.assertEquals(Assert.java:592)
    at org.apache.commons.math.optimization.linear.SimplexSolverTest.testSingleVariableAndConstraint(SimplexSolverTest.java:75)
    at sun.reflect.NativeMethodAccessorImpl.invoke0(Native Method)
22:16:26.238 [pool-21-thread-1] INFO  f.i.l.c.t.SpecificationTestCasesListener - Tests run finished (18 ms)
<> Total tests run: 1
<> Ignored tests: 0
<> Failed tests: 1
~ testSingleVariableAndConstraint(org.apache.commons.math.optimization.linear.SimplexSolverTest)
[expected:<10.0> but was:<0.0>]
java.lang.AssertionError: expected:<10.0> but was:<0.0>    at org.junit.Assert.fail(Assert.java:88)
    at org.junit.Assert.failNotEquals(Assert.java:743)
    at org.junit.Assert.assertEquals(Assert.java:494)
    at org.junit.Assert.assertEquals(Assert.java:592)
    at org.apache.commons.math.optimization.linear.SimplexSolverTest.testSingleVariableAndConstraint(SimplexSolverTest.java:75)
    at sun.reflect.NativeMethodAccessorImpl.invoke0(Native Method)

java.lang.AssertionError: expected:<10.0> but was:<0.0>
    at org.junit.Assert.fail(Assert.java:88)
    at org.junit.Assert.failNotEquals(Assert.java:743)
    at org.junit.Assert.assertEquals(Assert.java:494)
    at org.junit.Assert.assertEquals(Assert.java:592)
    at org.apache.commons.math.optimization.linear.SimplexSolverTest.testSingleVariableAndConstraint(SimplexSolverTest.java:75)
    at sun.reflect.NativeMethodAccessorImpl.invoke0(Native Method)
22:16:26.241 [pool-22-thread-1] INFO  f.i.l.c.t.SpecificationTestCasesListener - Tests run finished (1 ms)
<> Total tests run: 1
<> Ignored tests: 0
<> Failed tests: 1
~ testSingleVariableAndConstraint(org.apache.commons.math.optimization.linear.SimplexSolverTest)
[expected:<10.0> but was:<0.0>]
java.lang.AssertionError: expected:<10.0> but was:<0.0>    at org.junit.Assert.fail(Assert.java:88)
    at org.junit.Assert.failNotEquals(Assert.java:743)
    at org.junit.Assert.assertEquals(Assert.java:494)
    at org.junit.Assert.assertEquals(Assert.java:592)
    at org.apache.commons.math.optimization.linear.SimplexSolverTest.testSingleVariableAndConstraint(SimplexSolverTest.java:75)
    at sun.reflect.NativeMethodAccessorImpl.invoke0(Native Method)

22:16:26.243 [pool-19-thread-1] DEBUG tests.output - Failing tests with false: 
[testSingleVariableAndConstraint(org.apache.commons.math.optimization.linear.SimplexSolverTest): expected:<10.0> but was:<0.0>]
22:16:26.243 [pool-19-thread-1] DEBUG tests.output - Failing tests with true: 
[testSingleVariableAndConstraint(org.apache.commons.math.optimization.linear.SimplexSolverTest): expected:<10.0> but was:<0.0>]
22:16:26.243 [pool-19-thread-1] INFO  f.i.l.r.n.synth.SMTNopolSynthesizer - Not enough specifications: 0. A trivial patch is "true" or "false", please write new tests specifying SourceLocation org.apache.commons.math.optimization.linear.SimplexTableau:338.
22:16:26.243 [pool-2-thread-1] DEBUG fr.inria.lille.repair.nopol.NoPol - statement #9
22:16:26.244 [pool-2-thread-1] DEBUG fr.inria.lille.repair.nopol.NoPol - Analysing SourceLocation org.apache.commons.math.optimization.linear.SimplexTableau:337 which is executed by 10 tests
-1081517891
22:16:26.435 [pool-2-thread-1] DEBUG fr.inria.lille.repair.nopol.NoPol - looking with class fr.inria.lille.repair.nopol.spoon.smt.ConditionalAdder
java.lang.AssertionError: expected:<10.0> but was:<0.0>
    at org.junit.Assert.fail(Assert.java:88)
    at org.junit.Assert.failNotEquals(Assert.java:743)
    at org.junit.Assert.assertEquals(Assert.java:494)
    at org.junit.Assert.assertEquals(Assert.java:592)
    at org.apache.commons.math.optimization.linear.SimplexSolverTest.testSingleVariableAndConstraint(SimplexSolverTest.java:75)
    at sun.reflect.NativeMethodAccessorImpl.invoke0(Native Method)
22:16:26.543 [pool-24-thread-1] INFO  xxl.java.junit.TestCasesListener - Tests run finished (101 ms)
<> Total tests run: 12
<> Ignored tests: 0
<> Failed tests: 1
~ testSingleVariableAndConstraint(org.apache.commons.math.optimization.linear.SimplexSolverTest)
[expected:<10.0> but was:<0.0>]
java.lang.AssertionError: expected:<10.0> but was:<0.0>    at org.junit.Assert.fail(Assert.java:88)
    at org.junit.Assert.failNotEquals(Assert.java:743)
    at org.junit.Assert.assertEquals(Assert.java:494)
    at org.junit.Assert.assertEquals(Assert.java:592)
    at org.apache.commons.math.optimization.linear.SimplexSolverTest.testSingleVariableAndConstraint(SimplexSolverTest.java:75)
    at sun.reflect.NativeMethodAccessorImpl.invoke0(Native Method)

java.lang.AssertionError: expected:<10.0> but was:<0.0>
    at org.junit.Assert.fail(Assert.java:88)
    at org.junit.Assert.failNotEquals(Assert.java:743)
    at org.junit.Assert.assertEquals(Assert.java:494)
    at org.junit.Assert.assertEquals(Assert.java:592)
    at org.apache.commons.math.optimization.linear.SimplexSolverTest.testSingleVariableAndConstraint(SimplexSolverTest.java:75)
    at sun.reflect.NativeMethodAccessorImpl.invoke0(Native Method)
22:16:26.888 [pool-25-thread-1] INFO  f.i.l.c.t.SpecificationTestCasesListener - Tests run finished (18 ms)
<> Total tests run: 1
<> Ignored tests: 0
<> Failed tests: 1
~ testSingleVariableAndConstraint(org.apache.commons.math.optimization.linear.SimplexSolverTest)
[expected:<10.0> but was:<0.0>]
java.lang.AssertionError: expected:<10.0> but was:<0.0>    at org.junit.Assert.fail(Assert.java:88)
    at org.junit.Assert.failNotEquals(Assert.java:743)
    at org.junit.Assert.assertEquals(Assert.java:494)
    at org.junit.Assert.assertEquals(Assert.java:592)
    at org.apache.commons.math.optimization.linear.SimplexSolverTest.testSingleVariableAndConstraint(SimplexSolverTest.java:75)
    at sun.reflect.NativeMethodAccessorImpl.invoke0(Native Method)

java.lang.AssertionError: expected:<10.0> but was:<0.0>
    at org.junit.Assert.fail(Assert.java:88)
    at org.junit.Assert.failNotEquals(Assert.java:743)
    at org.junit.Assert.assertEquals(Assert.java:494)
    at org.junit.Assert.assertEquals(Assert.java:592)
    at org.apache.commons.math.optimization.linear.SimplexSolverTest.testSingleVariableAndConstraint(SimplexSolverTest.java:75)
    at sun.reflect.NativeMethodAccessorImpl.invoke0(Native Method)
22:16:26.899 [pool-26-thread-1] INFO  f.i.l.c.t.SpecificationTestCasesListener - Tests run finished (0 ms)
<> Total tests run: 1
<> Ignored tests: 0
<> Failed tests: 1
~ testSingleVariableAndConstraint(org.apache.commons.math.optimization.linear.SimplexSolverTest)
[expected:<10.0> but was:<0.0>]
java.lang.AssertionError: expected:<10.0> but was:<0.0>    at org.junit.Assert.fail(Assert.java:88)
    at org.junit.Assert.failNotEquals(Assert.java:743)
    at org.junit.Assert.assertEquals(Assert.java:494)
    at org.junit.Assert.assertEquals(Assert.java:592)
    at org.apache.commons.math.optimization.linear.SimplexSolverTest.testSingleVariableAndConstraint(SimplexSolverTest.java:75)
    at sun.reflect.NativeMethodAccessorImpl.invoke0(Native Method)

22:16:26.899 [pool-23-thread-1] DEBUG tests.output - Failing tests with false: 
[testSingleVariableAndConstraint(org.apache.commons.math.optimization.linear.SimplexSolverTest): expected:<10.0> but was:<0.0>]
22:16:26.899 [pool-23-thread-1] DEBUG tests.output - Failing tests with true: 
[testSingleVariableAndConstraint(org.apache.commons.math.optimization.linear.SimplexSolverTest): expected:<10.0> but was:<0.0>]
22:16:26.899 [pool-23-thread-1] INFO  f.i.l.r.n.synth.SMTNopolSynthesizer - Not enough specifications: 0. A trivial patch is "true" or "false", please write new tests specifying SourceLocation org.apache.commons.math.optimization.linear.SimplexTableau:337.
22:16:26.900 [pool-2-thread-1] DEBUG fr.inria.lille.repair.nopol.NoPol - statement #10
22:16:26.900 [pool-2-thread-1] DEBUG fr.inria.lille.repair.nopol.NoPol - Analysing SourceLocation org.apache.commons.math.optimization.linear.SimplexTableau:332 which is executed by 10 tests
-1081517891
22:16:27.355 [pool-2-thread-1] DEBUG fr.inria.lille.repair.nopol.NoPol - looking with class fr.inria.lille.repair.nopol.spoon.smt.ConditionalAdder
java.lang.AssertionError: expected:<10.0> but was:<0.0>
    at org.junit.Assert.fail(Assert.java:88)
    at org.junit.Assert.failNotEquals(Assert.java:743)
    at org.junit.Assert.assertEquals(Assert.java:494)
    at org.junit.Assert.assertEquals(Assert.java:592)
    at org.apache.commons.math.optimization.linear.SimplexSolverTest.testSingleVariableAndConstraint(SimplexSolverTest.java:75)
    at sun.reflect.NativeMethodAccessorImpl.invoke0(Native Method)
22:16:27.443 [pool-28-thread-1] INFO  xxl.java.junit.TestCasesListener - Tests run finished (81 ms)
<> Total tests run: 12
<> Ignored tests: 0
<> Failed tests: 1
~ testSingleVariableAndConstraint(org.apache.commons.math.optimization.linear.SimplexSolverTest)
[expected:<10.0> but was:<0.0>]
java.lang.AssertionError: expected:<10.0> but was:<0.0>    at org.junit.Assert.fail(Assert.java:88)
    at org.junit.Assert.failNotEquals(Assert.java:743)
    at org.junit.Assert.assertEquals(Assert.java:494)
    at org.junit.Assert.assertEquals(Assert.java:592)
    at org.apache.commons.math.optimization.linear.SimplexSolverTest.testSingleVariableAndConstraint(SimplexSolverTest.java:75)
    at sun.reflect.NativeMethodAccessorImpl.invoke0(Native Method)

java.lang.AssertionError: expected:<10.0> but was:<0.0>
    at org.junit.Assert.fail(Assert.java:88)
    at org.junit.Assert.failNotEquals(Assert.java:743)
    at org.junit.Assert.assertEquals(Assert.java:494)
    at org.junit.Assert.assertEquals(Assert.java:592)
    at org.apache.commons.math.optimization.linear.SimplexSolverTest.testSingleVariableAndConstraint(SimplexSolverTest.java:75)
    at sun.reflect.NativeMethodAccessorImpl.invoke0(Native Method)
22:16:27.793 [pool-29-thread-1] INFO  f.i.l.c.t.SpecificationTestCasesListener - Tests run finished (20 ms)
<> Total tests run: 1
<> Ignored tests: 0
<> Failed tests: 1
~ testSingleVariableAndConstraint(org.apache.commons.math.optimization.linear.SimplexSolverTest)
[expected:<10.0> but was:<0.0>]
java.lang.AssertionError: expected:<10.0> but was:<0.0>    at org.junit.Assert.fail(Assert.java:88)
    at org.junit.Assert.failNotEquals(Assert.java:743)
    at org.junit.Assert.assertEquals(Assert.java:494)
    at org.junit.Assert.assertEquals(Assert.java:592)
    at org.apache.commons.math.optimization.linear.SimplexSolverTest.testSingleVariableAndConstraint(SimplexSolverTest.java:75)
    at sun.reflect.NativeMethodAccessorImpl.invoke0(Native Method)

java.lang.AssertionError: expected:<10.0> but was:<0.0>
    at org.junit.Assert.fail(Assert.java:88)
    at org.junit.Assert.failNotEquals(Assert.java:743)
    at org.junit.Assert.assertEquals(Assert.java:494)
    at org.junit.Assert.assertEquals(Assert.java:592)
    at org.apache.commons.math.optimization.linear.SimplexSolverTest.testSingleVariableAndConstraint(SimplexSolverTest.java:75)
    at sun.reflect.NativeMethodAccessorImpl.invoke0(Native Method)
22:16:27.796 [pool-30-thread-1] INFO  f.i.l.c.t.SpecificationTestCasesListener - Tests run finished (1 ms)
<> Total tests run: 1
<> Ignored tests: 0
<> Failed tests: 1
~ testSingleVariableAndConstraint(org.apache.commons.math.optimization.linear.SimplexSolverTest)
[expected:<10.0> but was:<0.0>]
java.lang.AssertionError: expected:<10.0> but was:<0.0>    at org.junit.Assert.fail(Assert.java:88)
    at org.junit.Assert.failNotEquals(Assert.java:743)
    at org.junit.Assert.assertEquals(Assert.java:494)
    at org.junit.Assert.assertEquals(Assert.java:592)
    at org.apache.commons.math.optimization.linear.SimplexSolverTest.testSingleVariableAndConstraint(SimplexSolverTest.java:75)
    at sun.reflect.NativeMethodAccessorImpl.invoke0(Native Method)

22:16:27.797 [pool-27-thread-1] DEBUG tests.output - Failing tests with false: 
[testSingleVariableAndConstraint(org.apache.commons.math.optimization.linear.SimplexSolverTest): expected:<10.0> but was:<0.0>]
22:16:27.797 [pool-27-thread-1] DEBUG tests.output - Failing tests with true: 
[testSingleVariableAndConstraint(org.apache.commons.math.optimization.linear.SimplexSolverTest): expected:<10.0> but was:<0.0>]
22:16:27.797 [pool-27-thread-1] INFO  f.i.l.r.n.synth.SMTNopolSynthesizer - Not enough specifications: 0. A trivial patch is "true" or "false", please write new tests specifying SourceLocation org.apache.commons.math.optimization.linear.SimplexTableau:332.
22:16:27.797 [pool-2-thread-1] DEBUG fr.inria.lille.repair.nopol.NoPol - looking with class fr.inria.lille.repair.nopol.spoon.smt.ConditionalReplacer
java.lang.AssertionError: expected:<10.0> but was:<0.0>
    at org.junit.Assert.fail(Assert.java:88)
    at org.junit.Assert.failNotEquals(Assert.java:743)
    at org.junit.Assert.assertEquals(Assert.java:494)
    at org.junit.Assert.assertEquals(Assert.java:592)
    at org.apache.commons.math.optimization.linear.SimplexSolverTest.testSingleVariableAndConstraint(SimplexSolverTest.java:75)
    at sun.reflect.NativeMethodAccessorImpl.invoke0(Native Method)
22:16:27.894 [pool-32-thread-1] INFO  xxl.java.junit.TestCasesListener - Tests run finished (91 ms)
<> Total tests run: 12
<> Ignored tests: 0
<> Failed tests: 1
~ testSingleVariableAndConstraint(org.apache.commons.math.optimization.linear.SimplexSolverTest)
[expected:<10.0> but was:<0.0>]
java.lang.AssertionError: expected:<10.0> but was:<0.0>    at org.junit.Assert.fail(Assert.java:88)
    at org.junit.Assert.failNotEquals(Assert.java:743)
    at org.junit.Assert.assertEquals(Assert.java:494)
    at org.junit.Assert.assertEquals(Assert.java:592)
    at org.apache.commons.math.optimization.linear.SimplexSolverTest.testSingleVariableAndConstraint(SimplexSolverTest.java:75)
    at sun.reflect.NativeMethodAccessorImpl.invoke0(Native Method)

java.lang.AssertionError: expected:<10.0> but was:<0.0>
    at org.junit.Assert.fail(Assert.java:88)
    at org.junit.Assert.failNotEquals(Assert.java:743)
    at org.junit.Assert.assertEquals(Assert.java:494)
    at org.junit.Assert.assertEquals(Assert.java:592)
    at org.apache.commons.math.optimization.linear.SimplexSolverTest.testSingleVariableAndConstraint(SimplexSolverTest.java:75)
    at sun.reflect.NativeMethodAccessorImpl.invoke0(Native Method)
22:16:28.217 [pool-33-thread-1] INFO  f.i.l.c.t.SpecificationTestCasesListener - Tests run finished (17 ms)
<> Total tests run: 1
<> Ignored tests: 0
<> Failed tests: 1
~ testSingleVariableAndConstraint(org.apache.commons.math.optimization.linear.SimplexSolverTest)
[expected:<10.0> but was:<0.0>]
java.lang.AssertionError: expected:<10.0> but was:<0.0>    at org.junit.Assert.fail(Assert.java:88)
    at org.junit.Assert.failNotEquals(Assert.java:743)
    at org.junit.Assert.assertEquals(Assert.java:494)
    at org.junit.Assert.assertEquals(Assert.java:592)
    at org.apache.commons.math.optimization.linear.SimplexSolverTest.testSingleVariableAndConstraint(SimplexSolverTest.java:75)
    at sun.reflect.NativeMethodAccessorImpl.invoke0(Native Method)

java.lang.AssertionError: expected:<10.0> but was:<0.0>
    at org.junit.Assert.fail(Assert.java:88)
    at org.junit.Assert.failNotEquals(Assert.java:743)
    at org.junit.Assert.assertEquals(Assert.java:494)
    at org.junit.Assert.assertEquals(Assert.java:592)
    at org.apache.commons.math.optimization.linear.SimplexSolverTest.testSingleVariableAndConstraint(SimplexSolverTest.java:75)
    at sun.reflect.NativeMethodAccessorImpl.invoke0(Native Method)
22:16:28.220 [pool-34-thread-1] INFO  f.i.l.c.t.SpecificationTestCasesListener - Tests run finished (1 ms)
<> Total tests run: 1
<> Ignored tests: 0
<> Failed tests: 1
~ testSingleVariableAndConstraint(org.apache.commons.math.optimization.linear.SimplexSolverTest)
[expected:<10.0> but was:<0.0>]
java.lang.AssertionError: expected:<10.0> but was:<0.0>    at org.junit.Assert.fail(Assert.java:88)
    at org.junit.Assert.failNotEquals(Assert.java:743)
    at org.junit.Assert.assertEquals(Assert.java:494)
    at org.junit.Assert.assertEquals(Assert.java:592)
    at org.apache.commons.math.optimization.linear.SimplexSolverTest.testSingleVariableAndConstraint(SimplexSolverTest.java:75)
    at sun.reflect.NativeMethodAccessorImpl.invoke0(Native Method)

22:16:28.220 [pool-31-thread-1] DEBUG tests.output - Failing tests with false: 
[testSingleVariableAndConstraint(org.apache.commons.math.optimization.linear.SimplexSolverTest): expected:<10.0> but was:<0.0>]
22:16:28.220 [pool-31-thread-1] DEBUG tests.output - Failing tests with true: 
[testSingleVariableAndConstraint(org.apache.commons.math.optimization.linear.SimplexSolverTest): expected:<10.0> but was:<0.0>]
22:16:28.221 [pool-31-thread-1] INFO  f.i.l.r.n.synth.SMTNopolSynthesizer - Not enough specifications: 0. A trivial patch is "true" or "false", please write new tests specifying SourceLocation org.apache.commons.math.optimization.linear.SimplexTableau:332.
22:16:28.221 [pool-2-thread-1] DEBUG fr.inria.lille.repair.nopol.NoPol - statement #11
22:16:28.221 [pool-2-thread-1] DEBUG fr.inria.lille.repair.nopol.NoPol - Analysing SourceLocation org.apache.commons.math.optimization.linear.SimplexTableau:331 which is executed by 10 tests
-1081517891
22:16:28.403 [pool-2-thread-1] DEBUG fr.inria.lille.repair.nopol.NoPol - looking with class fr.inria.lille.repair.nopol.spoon.smt.ConditionalAdder
java.lang.AssertionError: expected:<10.0> but was:<0.0>
    at org.junit.Assert.fail(Assert.java:88)
    at org.junit.Assert.failNotEquals(Assert.java:743)
    at org.junit.Assert.assertEquals(Assert.java:494)
    at org.junit.Assert.assertEquals(Assert.java:592)
    at org.apache.commons.math.optimization.linear.SimplexSolverTest.testSingleVariableAndConstraint(SimplexSolverTest.java:75)
    at sun.reflect.NativeMethodAccessorImpl.invoke0(Native Method)
22:16:28.565 [pool-36-thread-1] INFO  xxl.java.junit.TestCasesListener - Tests run finished (156 ms)
<> Total tests run: 12
<> Ignored tests: 0
<> Failed tests: 1
~ testSingleVariableAndConstraint(org.apache.commons.math.optimization.linear.SimplexSolverTest)
[expected:<10.0> but was:<0.0>]
java.lang.AssertionError: expected:<10.0> but was:<0.0>    at org.junit.Assert.fail(Assert.java:88)
    at org.junit.Assert.failNotEquals(Assert.java:743)
    at org.junit.Assert.assertEquals(Assert.java:494)
    at org.junit.Assert.assertEquals(Assert.java:592)
    at org.apache.commons.math.optimization.linear.SimplexSolverTest.testSingleVariableAndConstraint(SimplexSolverTest.java:75)
    at sun.reflect.NativeMethodAccessorImpl.invoke0(Native Method)

java.lang.AssertionError: expected:<10.0> but was:<0.0>
    at org.junit.Assert.fail(Assert.java:88)
    at org.junit.Assert.failNotEquals(Assert.java:743)
    at org.junit.Assert.assertEquals(Assert.java:494)
    at org.junit.Assert.assertEquals(Assert.java:592)
    at org.apache.commons.math.optimization.linear.SimplexSolverTest.testSingleVariableAndConstraint(SimplexSolverTest.java:75)
    at sun.reflect.NativeMethodAccessorImpl.invoke0(Native Method)
22:16:28.876 [pool-37-thread-1] INFO  f.i.l.c.t.SpecificationTestCasesListener - Tests run finished (20 ms)
<> Total tests run: 1
<> Ignored tests: 0
<> Failed tests: 1
~ testSingleVariableAndConstraint(org.apache.commons.math.optimization.linear.SimplexSolverTest)
[expected:<10.0> but was:<0.0>]
java.lang.AssertionError: expected:<10.0> but was:<0.0>    at org.junit.Assert.fail(Assert.java:88)
    at org.junit.Assert.failNotEquals(Assert.java:743)
    at org.junit.Assert.assertEquals(Assert.java:494)
    at org.junit.Assert.assertEquals(Assert.java:592)
    at org.apache.commons.math.optimization.linear.SimplexSolverTest.testSingleVariableAndConstraint(SimplexSolverTest.java:75)
    at sun.reflect.NativeMethodAccessorImpl.invoke0(Native Method)

java.lang.AssertionError: expected:<10.0> but was:<0.0>
    at org.junit.Assert.fail(Assert.java:88)
    at org.junit.Assert.failNotEquals(Assert.java:743)
    at org.junit.Assert.assertEquals(Assert.java:494)
    at org.junit.Assert.assertEquals(Assert.java:592)
    at org.apache.commons.math.optimization.linear.SimplexSolverTest.testSingleVariableAndConstraint(SimplexSolverTest.java:75)
    at sun.reflect.NativeMethodAccessorImpl.invoke0(Native Method)
22:16:28.880 [pool-38-thread-1] INFO  f.i.l.c.t.SpecificationTestCasesListener - Tests run finished (1 ms)
<> Total tests run: 1
<> Ignored tests: 0
<> Failed tests: 1
~ testSingleVariableAndConstraint(org.apache.commons.math.optimization.linear.SimplexSolverTest)
[expected:<10.0> but was:<0.0>]
java.lang.AssertionError: expected:<10.0> but was:<0.0>    at org.junit.Assert.fail(Assert.java:88)
    at org.junit.Assert.failNotEquals(Assert.java:743)
    at org.junit.Assert.assertEquals(Assert.java:494)
    at org.junit.Assert.assertEquals(Assert.java:592)
    at org.apache.commons.math.optimization.linear.SimplexSolverTest.testSingleVariableAndConstraint(SimplexSolverTest.java:75)
    at sun.reflect.NativeMethodAccessorImpl.invoke0(Native Method)

22:16:28.880 [pool-35-thread-1] DEBUG tests.output - Failing tests with false: 
[testSingleVariableAndConstraint(org.apache.commons.math.optimization.linear.SimplexSolverTest): expected:<10.0> but was:<0.0>]
22:16:28.880 [pool-35-thread-1] DEBUG tests.output - Failing tests with true: 
[testSingleVariableAndConstraint(org.apache.commons.math.optimization.linear.SimplexSolverTest): expected:<10.0> but was:<0.0>]
22:16:28.881 [pool-35-thread-1] INFO  f.i.l.r.n.synth.SMTNopolSynthesizer - Not enough specifications: 0. A trivial patch is "true" or "false", please write new tests specifying SourceLocation org.apache.commons.math.optimization.linear.SimplexTableau:331.
22:16:28.881 [pool-2-thread-1] DEBUG fr.inria.lille.repair.nopol.NoPol - statement #12
22:16:28.881 [pool-2-thread-1] DEBUG fr.inria.lille.repair.nopol.NoPol - Analysing SourceLocation org.apache.commons.math.optimization.linear.SimplexTableau:330 which is executed by 10 tests
-1081517891
22:16:29.065 [pool-2-thread-1] DEBUG fr.inria.lille.repair.nopol.NoPol - looking with class fr.inria.lille.repair.nopol.spoon.smt.ConditionalAdder
java.lang.AssertionError: expected:<10.0> but was:<0.0>
    at org.junit.Assert.fail(Assert.java:88)
    at org.junit.Assert.failNotEquals(Assert.java:743)
    at org.junit.Assert.assertEquals(Assert.java:494)
    at org.junit.Assert.assertEquals(Assert.java:592)
    at org.apache.commons.math.optimization.linear.SimplexSolverTest.testSingleVariableAndConstraint(SimplexSolverTest.java:75)
    at sun.reflect.NativeMethodAccessorImpl.invoke0(Native Method)
22:16:29.145 [pool-40-thread-1] INFO  xxl.java.junit.TestCasesListener - Tests run finished (74 ms)
<> Total tests run: 12
<> Ignored tests: 0
<> Failed tests: 1
~ testSingleVariableAndConstraint(org.apache.commons.math.optimization.linear.SimplexSolverTest)
[expected:<10.0> but was:<0.0>]
java.lang.AssertionError: expected:<10.0> but was:<0.0>    at org.junit.Assert.fail(Assert.java:88)
    at org.junit.Assert.failNotEquals(Assert.java:743)
    at org.junit.Assert.assertEquals(Assert.java:494)
    at org.junit.Assert.assertEquals(Assert.java:592)
    at org.apache.commons.math.optimization.linear.SimplexSolverTest.testSingleVariableAndConstraint(SimplexSolverTest.java:75)
    at sun.reflect.NativeMethodAccessorImpl.invoke0(Native Method)

java.lang.AssertionError: expected:<10.0> but was:<0.0>
    at org.junit.Assert.fail(Assert.java:88)
    at org.junit.Assert.failNotEquals(Assert.java:743)
    at org.junit.Assert.assertEquals(Assert.java:494)
    at org.junit.Assert.assertEquals(Assert.java:592)
    at org.apache.commons.math.optimization.linear.SimplexSolverTest.testSingleVariableAndConstraint(SimplexSolverTest.java:75)
    at sun.reflect.NativeMethodAccessorImpl.invoke0(Native Method)
22:16:29.473 [pool-41-thread-1] INFO  f.i.l.c.t.SpecificationTestCasesListener - Tests run finished (18 ms)
<> Total tests run: 1
<> Ignored tests: 0
<> Failed tests: 1
~ testSingleVariableAndConstraint(org.apache.commons.math.optimization.linear.SimplexSolverTest)
[expected:<10.0> but was:<0.0>]
java.lang.AssertionError: expected:<10.0> but was:<0.0>    at org.junit.Assert.fail(Assert.java:88)
    at org.junit.Assert.failNotEquals(Assert.java:743)
    at org.junit.Assert.assertEquals(Assert.java:494)
    at org.junit.Assert.assertEquals(Assert.java:592)
    at org.apache.commons.math.optimization.linear.SimplexSolverTest.testSingleVariableAndConstraint(SimplexSolverTest.java:75)
    at sun.reflect.NativeMethodAccessorImpl.invoke0(Native Method)

java.lang.AssertionError: expected:<10.0> but was:<0.0>
    at org.junit.Assert.fail(Assert.java:88)
    at org.junit.Assert.failNotEquals(Assert.java:743)
    at org.junit.Assert.assertEquals(Assert.java:494)
    at org.junit.Assert.assertEquals(Assert.java:592)
    at org.apache.commons.math.optimization.linear.SimplexSolverTest.testSingleVariableAndConstraint(SimplexSolverTest.java:75)
    at sun.reflect.NativeMethodAccessorImpl.invoke0(Native Method)
22:16:29.476 [pool-42-thread-1] INFO  f.i.l.c.t.SpecificationTestCasesListener - Tests run finished (1 ms)
<> Total tests run: 1
<> Ignored tests: 0
<> Failed tests: 1
~ testSingleVariableAndConstraint(org.apache.commons.math.optimization.linear.SimplexSolverTest)
[expected:<10.0> but was:<0.0>]
java.lang.AssertionError: expected:<10.0> but was:<0.0>    at org.junit.Assert.fail(Assert.java:88)
    at org.junit.Assert.failNotEquals(Assert.java:743)
    at org.junit.Assert.assertEquals(Assert.java:494)
    at org.junit.Assert.assertEquals(Assert.java:592)
    at org.apache.commons.math.optimization.linear.SimplexSolverTest.testSingleVariableAndConstraint(SimplexSolverTest.java:75)
    at sun.reflect.NativeMethodAccessorImpl.invoke0(Native Method)

22:16:29.476 [pool-39-thread-1] DEBUG tests.output - Failing tests with false: 
[testSingleVariableAndConstraint(org.apache.commons.math.optimization.linear.SimplexSolverTest): expected:<10.0> but was:<0.0>]
22:16:29.477 [pool-39-thread-1] DEBUG tests.output - Failing tests with true: 
[testSingleVariableAndConstraint(org.apache.commons.math.optimization.linear.SimplexSolverTest): expected:<10.0> but was:<0.0>]
22:16:29.477 [pool-39-thread-1] INFO  f.i.l.r.n.synth.SMTNopolSynthesizer - Not enough specifications: 0. A trivial patch is "true" or "false", please write new tests specifying SourceLocation org.apache.commons.math.optimization.linear.SimplexTableau:330.
22:16:29.477 [pool-2-thread-1] DEBUG fr.inria.lille.repair.nopol.NoPol - statement #13
22:16:29.477 [pool-2-thread-1] DEBUG fr.inria.lille.repair.nopol.NoPol - Analysing SourceLocation org.apache.commons.math.optimization.linear.SimplexTableau:329 which is executed by 10 tests
-1081517891
22:16:29.662 [pool-2-thread-1] DEBUG fr.inria.lille.repair.nopol.NoPol - statement #14
22:16:29.662 [pool-2-thread-1] DEBUG fr.inria.lille.repair.nopol.NoPol - Analysing SourceLocation org.apache.commons.math.optimization.linear.SimplexTableau:328 which is executed by 10 tests
-1081517891
22:16:29.844 [pool-2-thread-1] DEBUG fr.inria.lille.repair.nopol.NoPol - statement #15
22:16:29.845 [pool-2-thread-1] DEBUG fr.inria.lille.repair.nopol.NoPol - Analysing SourceLocation org.apache.commons.math.optimization.linear.SimplexTableau:326 which is executed by 10 tests
-1081517891
22:16:30.027 [pool-2-thread-1] DEBUG fr.inria.lille.repair.nopol.NoPol - statement #16
22:16:30.027 [pool-2-thread-1] DEBUG fr.inria.lille.repair.nopol.NoPol - Analysing SourceLocation org.apache.commons.math.optimization.linear.SimplexTableau:325 which is executed by 10 tests
-1081517891
22:16:30.206 [pool-2-thread-1] DEBUG fr.inria.lille.repair.nopol.NoPol - statement #17
22:16:30.206 [pool-2-thread-1] DEBUG fr.inria.lille.repair.nopol.NoPol - Analysing SourceLocation org.apache.commons.math.optimization.linear.SimplexSolver:192 which is executed by 10 tests
-1435753318
22:16:30.368 [pool-2-thread-1] DEBUG fr.inria.lille.repair.nopol.NoPol - statement #18
22:16:30.369 [pool-2-thread-1] DEBUG fr.inria.lille.repair.nopol.NoPol - Analysing SourceLocation org.apache.commons.math.optimization.linear.SimplexSolver:154 which is executed by 10 tests
-1435753318
22:16:30.790 [pool-2-thread-1] DEBUG fr.inria.lille.repair.nopol.NoPol - statement #19
22:16:30.790 [pool-2-thread-1] DEBUG fr.inria.lille.repair.nopol.NoPol - Analysing SourceLocation org.apache.commons.math.optimization.linear.SimplexSolver:189 which is executed by 11 tests
-1435753318
22:16:30.951 [pool-2-thread-1] DEBUG fr.inria.lille.repair.nopol.NoPol - looking with class fr.inria.lille.repair.nopol.spoon.smt.ConditionalAdder
java.lang.AssertionError: expected:<10.0> but was:<0.0>
    at org.junit.Assert.fail(Assert.java:88)
    at org.junit.Assert.failNotEquals(Assert.java:743)
    at org.junit.Assert.assertEquals(Assert.java:494)
    at org.junit.Assert.assertEquals(Assert.java:592)
    at org.apache.commons.math.optimization.linear.SimplexSolverTest.testSingleVariableAndConstraint(SimplexSolverTest.java:75)
    at sun.reflect.NativeMethodAccessorImpl.invoke0(Native Method)
22:16:31.048 [pool-44-thread-1] INFO  xxl.java.junit.TestCasesListener - Tests run finished (90 ms)
<> Total tests run: 12
<> Ignored tests: 0
<> Failed tests: 1
~ testSingleVariableAndConstraint(org.apache.commons.math.optimization.linear.SimplexSolverTest)
[expected:<10.0> but was:<0.0>]
java.lang.AssertionError: expected:<10.0> but was:<0.0>    at org.junit.Assert.fail(Assert.java:88)
    at org.junit.Assert.failNotEquals(Assert.java:743)
    at org.junit.Assert.assertEquals(Assert.java:494)
    at org.junit.Assert.assertEquals(Assert.java:592)
    at org.apache.commons.math.optimization.linear.SimplexSolverTest.testSingleVariableAndConstraint(SimplexSolverTest.java:75)
    at sun.reflect.NativeMethodAccessorImpl.invoke0(Native Method)

java.lang.AssertionError: expected:<10.0> but was:<0.0>
    at org.junit.Assert.fail(Assert.java:88)
    at org.junit.Assert.failNotEquals(Assert.java:743)
    at org.junit.Assert.assertEquals(Assert.java:494)
    at org.junit.Assert.assertEquals(Assert.java:592)
    at org.apache.commons.math.optimization.linear.SimplexSolverTest.testSingleVariableAndConstraint(SimplexSolverTest.java:75)
    at sun.reflect.NativeMethodAccessorImpl.invoke0(Native Method)
22:16:31.285 [pool-45-thread-1] INFO  f.i.l.c.t.SpecificationTestCasesListener - Tests run finished (18 ms)
<> Total tests run: 1
<> Ignored tests: 0
<> Failed tests: 1
~ testSingleVariableAndConstraint(org.apache.commons.math.optimization.linear.SimplexSolverTest)
[expected:<10.0> but was:<0.0>]
java.lang.AssertionError: expected:<10.0> but was:<0.0>    at org.junit.Assert.fail(Assert.java:88)
    at org.junit.Assert.failNotEquals(Assert.java:743)
    at org.junit.Assert.assertEquals(Assert.java:494)
    at org.junit.Assert.assertEquals(Assert.java:592)
    at org.apache.commons.math.optimization.linear.SimplexSolverTest.testSingleVariableAndConstraint(SimplexSolverTest.java:75)
    at sun.reflect.NativeMethodAccessorImpl.invoke0(Native Method)

java.lang.AssertionError: expected:<10.0> but was:<0.0>
    at org.junit.Assert.fail(Assert.java:88)
    at org.junit.Assert.failNotEquals(Assert.java:743)
    at org.junit.Assert.assertEquals(Assert.java:494)
    at org.junit.Assert.assertEquals(Assert.java:592)
    at org.apache.commons.math.optimization.linear.SimplexSolverTest.testSingleVariableAndConstraint(SimplexSolverTest.java:75)
    at sun.reflect.NativeMethodAccessorImpl.invoke0(Native Method)
22:16:31.287 [pool-46-thread-1] INFO  f.i.l.c.t.SpecificationTestCasesListener - Tests run finished (0 ms)
<> Total tests run: 1
<> Ignored tests: 0
<> Failed tests: 1
~ testSingleVariableAndConstraint(org.apache.commons.math.optimization.linear.SimplexSolverTest)
[expected:<10.0> but was:<0.0>]
java.lang.AssertionError: expected:<10.0> but was:<0.0>    at org.junit.Assert.fail(Assert.java:88)
    at org.junit.Assert.failNotEquals(Assert.java:743)
    at org.junit.Assert.assertEquals(Assert.java:494)
    at org.junit.Assert.assertEquals(Assert.java:592)
    at org.apache.commons.math.optimization.linear.SimplexSolverTest.testSingleVariableAndConstraint(SimplexSolverTest.java:75)
    at sun.reflect.NativeMethodAccessorImpl.invoke0(Native Method)

22:16:31.288 [pool-43-thread-1] DEBUG tests.output - Failing tests with false: 
[testSingleVariableAndConstraint(org.apache.commons.math.optimization.linear.SimplexSolverTest): expected:<10.0> but was:<0.0>]
22:16:31.289 [pool-43-thread-1] DEBUG tests.output - Failing tests with true: 
[testSingleVariableAndConstraint(org.apache.commons.math.optimization.linear.SimplexSolverTest): expected:<10.0> but was:<0.0>]
22:16:31.289 [pool-43-thread-1] INFO  f.i.l.r.n.synth.SMTNopolSynthesizer - Not enough specifications: 0. A trivial patch is "true" or "false", please write new tests specifying SourceLocation org.apache.commons.math.optimization.linear.SimplexSolver:189.
22:16:31.289 [pool-2-thread-1] DEBUG fr.inria.lille.repair.nopol.NoPol - statement #20
22:16:31.290 [pool-2-thread-1] DEBUG fr.inria.lille.repair.nopol.NoPol - Analysing SourceLocation org.apache.commons.math.optimization.linear.SimplexSolver:188 which is executed by 11 tests
-1435753318
22:16:31.453 [pool-2-thread-1] DEBUG fr.inria.lille.repair.nopol.NoPol - looking with class fr.inria.lille.repair.nopol.spoon.smt.ConditionalAdder
java.lang.AssertionError: expected:<10.0> but was:<0.0>
    at org.junit.Assert.fail(Assert.java:88)
    at org.junit.Assert.failNotEquals(Assert.java:743)
    at org.junit.Assert.assertEquals(Assert.java:494)
    at org.junit.Assert.assertEquals(Assert.java:592)
    at org.apache.commons.math.optimization.linear.SimplexSolverTest.testSingleVariableAndConstraint(SimplexSolverTest.java:75)
    at sun.reflect.NativeMethodAccessorImpl.invoke0(Native Method)
22:16:31.534 [pool-48-thread-1] INFO  xxl.java.junit.TestCasesListener - Tests run finished (75 ms)
<> Total tests run: 12
<> Ignored tests: 0
<> Failed tests: 1
~ testSingleVariableAndConstraint(org.apache.commons.math.optimization.linear.SimplexSolverTest)
[expected:<10.0> but was:<0.0>]
java.lang.AssertionError: expected:<10.0> but was:<0.0>    at org.junit.Assert.fail(Assert.java:88)
    at org.junit.Assert.failNotEquals(Assert.java:743)
    at org.junit.Assert.assertEquals(Assert.java:494)
    at org.junit.Assert.assertEquals(Assert.java:592)
    at org.apache.commons.math.optimization.linear.SimplexSolverTest.testSingleVariableAndConstraint(SimplexSolverTest.java:75)
    at sun.reflect.NativeMethodAccessorImpl.invoke0(Native Method)

java.lang.AssertionError: expected:<10.0> but was:<0.0>
    at org.junit.Assert.fail(Assert.java:88)
    at org.junit.Assert.failNotEquals(Assert.java:743)
    at org.junit.Assert.assertEquals(Assert.java:494)
    at org.junit.Assert.assertEquals(Assert.java:592)
    at org.apache.commons.math.optimization.linear.SimplexSolverTest.testSingleVariableAndConstraint(SimplexSolverTest.java:75)
    at sun.reflect.NativeMethodAccessorImpl.invoke0(Native Method)
22:16:31.782 [pool-49-thread-1] INFO  f.i.l.c.t.SpecificationTestCasesListener - Tests run finished (19 ms)
<> Total tests run: 1
<> Ignored tests: 0
<> Failed tests: 1
~ testSingleVariableAndConstraint(org.apache.commons.math.optimization.linear.SimplexSolverTest)
[expected:<10.0> but was:<0.0>]
java.lang.AssertionError: expected:<10.0> but was:<0.0>    at org.junit.Assert.fail(Assert.java:88)
    at org.junit.Assert.failNotEquals(Assert.java:743)
    at org.junit.Assert.assertEquals(Assert.java:494)
    at org.junit.Assert.assertEquals(Assert.java:592)
    at org.apache.commons.math.optimization.linear.SimplexSolverTest.testSingleVariableAndConstraint(SimplexSolverTest.java:75)
    at sun.reflect.NativeMethodAccessorImpl.invoke0(Native Method)

java.lang.AssertionError: expected:<10.0> but was:<0.0>
    at org.junit.Assert.fail(Assert.java:88)
    at org.junit.Assert.failNotEquals(Assert.java:743)
    at org.junit.Assert.assertEquals(Assert.java:494)
    at org.junit.Assert.assertEquals(Assert.java:592)
    at org.apache.commons.math.optimization.linear.SimplexSolverTest.testSingleVariableAndConstraint(SimplexSolverTest.java:75)
    at sun.reflect.NativeMethodAccessorImpl.invoke0(Native Method)
22:16:31.784 [pool-50-thread-1] INFO  f.i.l.c.t.SpecificationTestCasesListener - Tests run finished (1 ms)
<> Total tests run: 1
<> Ignored tests: 0
<> Failed tests: 1
~ testSingleVariableAndConstraint(org.apache.commons.math.optimization.linear.SimplexSolverTest)
[expected:<10.0> but was:<0.0>]
java.lang.AssertionError: expected:<10.0> but was:<0.0>    at org.junit.Assert.fail(Assert.java:88)
    at org.junit.Assert.failNotEquals(Assert.java:743)
    at org.junit.Assert.assertEquals(Assert.java:494)
    at org.junit.Assert.assertEquals(Assert.java:592)
    at org.apache.commons.math.optimization.linear.SimplexSolverTest.testSingleVariableAndConstraint(SimplexSolverTest.java:75)
    at sun.reflect.NativeMethodAccessorImpl.invoke0(Native Method)

22:16:31.785 [pool-47-thread-1] DEBUG tests.output - Failing tests with false: 
[testSingleVariableAndConstraint(org.apache.commons.math.optimization.linear.SimplexSolverTest): expected:<10.0> but was:<0.0>]
22:16:31.786 [pool-47-thread-1] DEBUG tests.output - Failing tests with true: 
[testSingleVariableAndConstraint(org.apache.commons.math.optimization.linear.SimplexSolverTest): expected:<10.0> but was:<0.0>]
22:16:31.786 [pool-47-thread-1] INFO  f.i.l.r.n.synth.SMTNopolSynthesizer - Not enough specifications: 0. A trivial patch is "true" or "false", please write new tests specifying SourceLocation org.apache.commons.math.optimization.linear.SimplexSolver:188.
22:16:31.786 [pool-2-thread-1] DEBUG fr.inria.lille.repair.nopol.NoPol - statement #21
22:16:31.786 [pool-2-thread-1] DEBUG fr.inria.lille.repair.nopol.NoPol - Analysing SourceLocation org.apache.commons.math.optimization.linear.SimplexSolver:150 which is executed by 11 tests
-1435753318
22:16:31.950 [pool-2-thread-1] DEBUG fr.inria.lille.repair.nopol.NoPol - looking with class fr.inria.lille.repair.nopol.spoon.smt.ConditionalAdder
java.lang.AssertionError: expected:<10.0> but was:<0.0>
    at org.junit.Assert.fail(Assert.java:88)
    at org.junit.Assert.failNotEquals(Assert.java:743)
    at org.junit.Assert.assertEquals(Assert.java:494)
    at org.junit.Assert.assertEquals(Assert.java:592)
    at org.apache.commons.math.optimization.linear.SimplexSolverTest.testSingleVariableAndConstraint(SimplexSolverTest.java:75)
    at sun.reflect.NativeMethodAccessorImpl.invoke0(Native Method)
22:16:32.033 [pool-52-thread-1] INFO  xxl.java.junit.TestCasesListener - Tests run finished (77 ms)
<> Total tests run: 12
<> Ignored tests: 0
<> Failed tests: 1
~ testSingleVariableAndConstraint(org.apache.commons.math.optimization.linear.SimplexSolverTest)
[expected:<10.0> but was:<0.0>]
java.lang.AssertionError: expected:<10.0> but was:<0.0>    at org.junit.Assert.fail(Assert.java:88)
    at org.junit.Assert.failNotEquals(Assert.java:743)
    at org.junit.Assert.assertEquals(Assert.java:494)
    at org.junit.Assert.assertEquals(Assert.java:592)
    at org.apache.commons.math.optimization.linear.SimplexSolverTest.testSingleVariableAndConstraint(SimplexSolverTest.java:75)
    at sun.reflect.NativeMethodAccessorImpl.invoke0(Native Method)

java.lang.AssertionError: expected:<10.0> but was:<0.0>
    at org.junit.Assert.fail(Assert.java:88)
    at org.junit.Assert.failNotEquals(Assert.java:743)
    at org.junit.Assert.assertEquals(Assert.java:494)
    at org.junit.Assert.assertEquals(Assert.java:592)
    at org.apache.commons.math.optimization.linear.SimplexSolverTest.testSingleVariableAndConstraint(SimplexSolverTest.java:75)
    at sun.reflect.NativeMethodAccessorImpl.invoke0(Native Method)
22:16:32.277 [pool-53-thread-1] INFO  f.i.l.c.t.SpecificationTestCasesListener - Tests run finished (17 ms)
<> Total tests run: 1
<> Ignored tests: 0
<> Failed tests: 1
~ testSingleVariableAndConstraint(org.apache.commons.math.optimization.linear.SimplexSolverTest)
[expected:<10.0> but was:<0.0>]
java.lang.AssertionError: expected:<10.0> but was:<0.0>    at org.junit.Assert.fail(Assert.java:88)
    at org.junit.Assert.failNotEquals(Assert.java:743)
    at org.junit.Assert.assertEquals(Assert.java:494)
    at org.junit.Assert.assertEquals(Assert.java:592)
    at org.apache.commons.math.optimization.linear.SimplexSolverTest.testSingleVariableAndConstraint(SimplexSolverTest.java:75)
    at sun.reflect.NativeMethodAccessorImpl.invoke0(Native Method)

java.lang.AssertionError: expected:<10.0> but was:<0.0>
    at org.junit.Assert.fail(Assert.java:88)
    at org.junit.Assert.failNotEquals(Assert.java:743)
    at org.junit.Assert.assertEquals(Assert.java:494)
    at org.junit.Assert.assertEquals(Assert.java:592)
    at org.apache.commons.math.optimization.linear.SimplexSolverTest.testSingleVariableAndConstraint(SimplexSolverTest.java:75)
    at sun.reflect.NativeMethodAccessorImpl.invoke0(Native Method)
22:16:32.279 [pool-54-thread-1] INFO  f.i.l.c.t.SpecificationTestCasesListener - Tests run finished (0 ms)
<> Total tests run: 1
<> Ignored tests: 0
<> Failed tests: 1
~ testSingleVariableAndConstraint(org.apache.commons.math.optimization.linear.SimplexSolverTest)
[expected:<10.0> but was:<0.0>]
java.lang.AssertionError: expected:<10.0> but was:<0.0>    at org.junit.Assert.fail(Assert.java:88)
    at org.junit.Assert.failNotEquals(Assert.java:743)
    at org.junit.Assert.assertEquals(Assert.java:494)
    at org.junit.Assert.assertEquals(Assert.java:592)
    at org.apache.commons.math.optimization.linear.SimplexSolverTest.testSingleVariableAndConstraint(SimplexSolverTest.java:75)
    at sun.reflect.NativeMethodAccessorImpl.invoke0(Native Method)

22:16:32.280 [pool-51-thread-1] DEBUG tests.output - Failing tests with false: 
[testSingleVariableAndConstraint(org.apache.commons.math.optimization.linear.SimplexSolverTest): expected:<10.0> but was:<0.0>]
22:16:32.280 [pool-51-thread-1] DEBUG tests.output - Failing tests with true: 
[testSingleVariableAndConstraint(org.apache.commons.math.optimization.linear.SimplexSolverTest): expected:<10.0> but was:<0.0>]
22:16:32.280 [pool-51-thread-1] INFO  f.i.l.r.n.synth.SMTNopolSynthesizer - Not enough specifications: 0. A trivial patch is "true" or "false", please write new tests specifying SourceLocation org.apache.commons.math.optimization.linear.SimplexSolver:150.
22:16:32.281 [pool-2-thread-1] DEBUG fr.inria.lille.repair.nopol.NoPol - looking with class fr.inria.lille.repair.nopol.spoon.smt.ConditionalReplacer
java.lang.AssertionError: expected:<10.0> but was:<0.0>
    at org.junit.Assert.fail(Assert.java:88)
    at org.junit.Assert.failNotEquals(Assert.java:743)
    at org.junit.Assert.assertEquals(Assert.java:494)
    at org.junit.Assert.assertEquals(Assert.java:592)
    at org.apache.commons.math.optimization.linear.SimplexSolverTest.testSingleVariableAndConstraint(SimplexSolverTest.java:75)
    at sun.reflect.NativeMethodAccessorImpl.invoke0(Native Method)
22:16:32.362 [pool-56-thread-1] INFO  xxl.java.junit.TestCasesListener - Tests run finished (75 ms)
<> Total tests run: 12
<> Ignored tests: 0
<> Failed tests: 1
~ testSingleVariableAndConstraint(org.apache.commons.math.optimization.linear.SimplexSolverTest)
[expected:<10.0> but was:<0.0>]
java.lang.AssertionError: expected:<10.0> but was:<0.0>    at org.junit.Assert.fail(Assert.java:88)
    at org.junit.Assert.failNotEquals(Assert.java:743)
    at org.junit.Assert.assertEquals(Assert.java:494)
    at org.junit.Assert.assertEquals(Assert.java:592)
    at org.apache.commons.math.optimization.linear.SimplexSolverTest.testSingleVariableAndConstraint(SimplexSolverTest.java:75)
    at sun.reflect.NativeMethodAccessorImpl.invoke0(Native Method)

java.lang.AssertionError: expected:<10.0> but was:<0.0>
    at org.junit.Assert.fail(Assert.java:88)
    at org.junit.Assert.failNotEquals(Assert.java:743)
    at org.junit.Assert.assertEquals(Assert.java:494)
    at org.junit.Assert.assertEquals(Assert.java:592)
    at org.apache.commons.math.optimization.linear.SimplexSolverTest.testSingleVariableAndConstraint(SimplexSolverTest.java:75)
    at sun.reflect.NativeMethodAccessorImpl.invoke0(Native Method)
22:16:32.603 [pool-57-thread-1] INFO  f.i.l.c.t.SpecificationTestCasesListener - Tests run finished (16 ms)
<> Total tests run: 1
<> Ignored tests: 0
<> Failed tests: 1
~ testSingleVariableAndConstraint(org.apache.commons.math.optimization.linear.SimplexSolverTest)
[expected:<10.0> but was:<0.0>]
java.lang.AssertionError: expected:<10.0> but was:<0.0>    at org.junit.Assert.fail(Assert.java:88)
    at org.junit.Assert.failNotEquals(Assert.java:743)
    at org.junit.Assert.assertEquals(Assert.java:494)
    at org.junit.Assert.assertEquals(Assert.java:592)
    at org.apache.commons.math.optimization.linear.SimplexSolverTest.testSingleVariableAndConstraint(SimplexSolverTest.java:75)
    at sun.reflect.NativeMethodAccessorImpl.invoke0(Native Method)

java.lang.NullPointerException
    at org.apache.commons.math.optimization.linear.SimplexSolver.doIteration(SimplexSolver.java:46)
    at org.apache.commons.math.optimization.linear.SimplexSolver.doOptimize(SimplexSolver.java:118)
    at org.apache.commons.math.optimization.linear.AbstractLinearOptimizer.optimize(AbstractLinearOptimizer.java:108)
    at org.apache.commons.math.optimization.linear.SimplexSolverTest.testSingleVariableAndConstraint(SimplexSolverTest.java:74)
    at sun.reflect.NativeMethodAccessorImpl.invoke0(Native Method)
    at sun.reflect.NativeMethodAccessorImpl.invoke(NativeMethodAccessorImpl.java:62)
22:16:32.606 [pool-58-thread-1] INFO  f.i.l.c.t.SpecificationTestCasesListener - Tests run finished (0 ms)
<> Total tests run: 1
<> Ignored tests: 0
<> Failed tests: 1
~ testSingleVariableAndConstraint(org.apache.commons.math.optimization.linear.SimplexSolverTest)
[null]
java.lang.NullPointerException    at org.apache.commons.math.optimization.linear.SimplexSolver.doIteration(SimplexSolver.java:46)
    at org.apache.commons.math.optimization.linear.SimplexSolver.doOptimize(SimplexSolver.java:118)
    at org.apache.commons.math.optimization.linear.AbstractLinearOptimizer.optimize(AbstractLinearOptimizer.java:108)
    at org.apache.commons.math.optimization.linear.SimplexSolverTest.testSingleVariableAndConstraint(SimplexSolverTest.java:74)
    at sun.reflect.NativeMethodAccessorImpl.invoke0(Native Method)
    at sun.reflect.NativeMethodAccessorImpl.invoke(NativeMethodAccessorImpl.java:62)

22:16:32.607 [pool-55-thread-1] DEBUG tests.output - Failing tests with false: 
[testSingleVariableAndConstraint(org.apache.commons.math.optimization.linear.SimplexSolverTest): expected:<10.0> but was:<0.0>]
22:16:32.607 [pool-55-thread-1] DEBUG tests.output - Failing tests with true: 
[testSingleVariableAndConstraint(org.apache.commons.math.optimization.linear.SimplexSolverTest): null]
22:16:32.607 [pool-55-thread-1] INFO  f.i.l.r.n.synth.SMTNopolSynthesizer - Not enough specifications: 0. A trivial patch is "true" or "false", please write new tests specifying SourceLocation org.apache.commons.math.optimization.linear.SimplexSolver:150.
22:16:32.607 [pool-2-thread-1] DEBUG fr.inria.lille.repair.nopol.NoPol - statement #22
22:16:32.607 [pool-2-thread-1] DEBUG fr.inria.lille.repair.nopol.NoPol - Analysing SourceLocation org.apache.commons.math.optimization.linear.SimplexSolver:149 which is executed by 11 tests
-1435753318
22:16:32.773 [pool-2-thread-1] DEBUG fr.inria.lille.repair.nopol.NoPol - looking with class fr.inria.lille.repair.nopol.spoon.smt.ConditionalAdder
java.lang.AssertionError: expected:<10.0> but was:<0.0>
    at org.junit.Assert.fail(Assert.java:88)
    at org.junit.Assert.failNotEquals(Assert.java:743)
    at org.junit.Assert.assertEquals(Assert.java:494)
    at org.junit.Assert.assertEquals(Assert.java:592)
    at org.apache.commons.math.optimization.linear.SimplexSolverTest.testSingleVariableAndConstraint(SimplexSolverTest.java:75)
    at sun.reflect.NativeMethodAccessorImpl.invoke0(Native Method)
22:16:32.863 [pool-60-thread-1] INFO  xxl.java.junit.TestCasesListener - Tests run finished (84 ms)
<> Total tests run: 12
<> Ignored tests: 0
<> Failed tests: 1
~ testSingleVariableAndConstraint(org.apache.commons.math.optimization.linear.SimplexSolverTest)
[expected:<10.0> but was:<0.0>]
java.lang.AssertionError: expected:<10.0> but was:<0.0>    at org.junit.Assert.fail(Assert.java:88)
    at org.junit.Assert.failNotEquals(Assert.java:743)
    at org.junit.Assert.assertEquals(Assert.java:494)
    at org.junit.Assert.assertEquals(Assert.java:592)
    at org.apache.commons.math.optimization.linear.SimplexSolverTest.testSingleVariableAndConstraint(SimplexSolverTest.java:75)
    at sun.reflect.NativeMethodAccessorImpl.invoke0(Native Method)

java.lang.AssertionError: expected:<10.0> but was:<0.0>
    at org.junit.Assert.fail(Assert.java:88)
    at org.junit.Assert.failNotEquals(Assert.java:743)
    at org.junit.Assert.assertEquals(Assert.java:494)
    at org.junit.Assert.assertEquals(Assert.java:592)
    at org.apache.commons.math.optimization.linear.SimplexSolverTest.testSingleVariableAndConstraint(SimplexSolverTest.java:75)
    at sun.reflect.NativeMethodAccessorImpl.invoke0(Native Method)
22:16:33.117 [pool-61-thread-1] INFO  f.i.l.c.t.SpecificationTestCasesListener - Tests run finished (19 ms)
<> Total tests run: 1
<> Ignored tests: 0
<> Failed tests: 1
~ testSingleVariableAndConstraint(org.apache.commons.math.optimization.linear.SimplexSolverTest)
[expected:<10.0> but was:<0.0>]
java.lang.AssertionError: expected:<10.0> but was:<0.0>    at org.junit.Assert.fail(Assert.java:88)
    at org.junit.Assert.failNotEquals(Assert.java:743)
    at org.junit.Assert.assertEquals(Assert.java:494)
    at org.junit.Assert.assertEquals(Assert.java:592)
    at org.apache.commons.math.optimization.linear.SimplexSolverTest.testSingleVariableAndConstraint(SimplexSolverTest.java:75)
    at sun.reflect.NativeMethodAccessorImpl.invoke0(Native Method)

java.lang.AssertionError: expected:<10.0> but was:<0.0>
    at org.junit.Assert.fail(Assert.java:88)
    at org.junit.Assert.failNotEquals(Assert.java:743)
    at org.junit.Assert.assertEquals(Assert.java:494)
    at org.junit.Assert.assertEquals(Assert.java:592)
    at org.apache.commons.math.optimization.linear.SimplexSolverTest.testSingleVariableAndConstraint(SimplexSolverTest.java:75)
    at sun.reflect.NativeMethodAccessorImpl.invoke0(Native Method)
22:16:33.119 [pool-62-thread-1] INFO  f.i.l.c.t.SpecificationTestCasesListener - Tests run finished (1 ms)
<> Total tests run: 1
<> Ignored tests: 0
<> Failed tests: 1
~ testSingleVariableAndConstraint(org.apache.commons.math.optimization.linear.SimplexSolverTest)
[expected:<10.0> but was:<0.0>]
java.lang.AssertionError: expected:<10.0> but was:<0.0>    at org.junit.Assert.fail(Assert.java:88)
    at org.junit.Assert.failNotEquals(Assert.java:743)
    at org.junit.Assert.assertEquals(Assert.java:494)
    at org.junit.Assert.assertEquals(Assert.java:592)
    at org.apache.commons.math.optimization.linear.SimplexSolverTest.testSingleVariableAndConstraint(SimplexSolverTest.java:75)
    at sun.reflect.NativeMethodAccessorImpl.invoke0(Native Method)

22:16:33.120 [pool-59-thread-1] DEBUG tests.output - Failing tests with false: 
[testSingleVariableAndConstraint(org.apache.commons.math.optimization.linear.SimplexSolverTest): expected:<10.0> but was:<0.0>]
22:16:33.120 [pool-59-thread-1] DEBUG tests.output - Failing tests with true: 
[testSingleVariableAndConstraint(org.apache.commons.math.optimization.linear.SimplexSolverTest): expected:<10.0> but was:<0.0>]
22:16:33.120 [pool-59-thread-1] INFO  f.i.l.r.n.synth.SMTNopolSynthesizer - Not enough specifications: 0. A trivial patch is "true" or "false", please write new tests specifying SourceLocation org.apache.commons.math.optimization.linear.SimplexSolver:149.
22:16:33.120 [pool-2-thread-1] DEBUG fr.inria.lille.repair.nopol.NoPol - statement #23
22:16:33.120 [pool-2-thread-1] DEBUG fr.inria.lille.repair.nopol.NoPol - Analysing SourceLocation org.apache.commons.math.optimization.linear.SimplexSolver:146 which is executed by 11 tests
-1435753318
22:16:33.282 [pool-2-thread-1] DEBUG fr.inria.lille.repair.nopol.NoPol - looking with class fr.inria.lille.repair.nopol.spoon.smt.ConditionalAdder
java.lang.AssertionError: expected:<10.0> but was:<0.0>
    at org.junit.Assert.fail(Assert.java:88)
    at org.junit.Assert.failNotEquals(Assert.java:743)
    at org.junit.Assert.assertEquals(Assert.java:494)
    at org.junit.Assert.assertEquals(Assert.java:592)
    at org.apache.commons.math.optimization.linear.SimplexSolverTest.testSingleVariableAndConstraint(SimplexSolverTest.java:75)
    at sun.reflect.NativeMethodAccessorImpl.invoke0(Native Method)
22:16:33.365 [pool-64-thread-1] INFO  xxl.java.junit.TestCasesListener - Tests run finished (74 ms)
<> Total tests run: 12
<> Ignored tests: 0
<> Failed tests: 1
~ testSingleVariableAndConstraint(org.apache.commons.math.optimization.linear.SimplexSolverTest)
[expected:<10.0> but was:<0.0>]
java.lang.AssertionError: expected:<10.0> but was:<0.0>    at org.junit.Assert.fail(Assert.java:88)
    at org.junit.Assert.failNotEquals(Assert.java:743)
    at org.junit.Assert.assertEquals(Assert.java:494)
    at org.junit.Assert.assertEquals(Assert.java:592)
    at org.apache.commons.math.optimization.linear.SimplexSolverTest.testSingleVariableAndConstraint(SimplexSolverTest.java:75)
    at sun.reflect.NativeMethodAccessorImpl.invoke0(Native Method)

java.lang.AssertionError: expected:<10.0> but was:<0.0>
    at org.junit.Assert.fail(Assert.java:88)
    at org.junit.Assert.failNotEquals(Assert.java:743)
    at org.junit.Assert.assertEquals(Assert.java:494)
    at org.junit.Assert.assertEquals(Assert.java:592)
    at org.apache.commons.math.optimization.linear.SimplexSolverTest.testSingleVariableAndConstraint(SimplexSolverTest.java:75)
    at sun.reflect.NativeMethodAccessorImpl.invoke0(Native Method)
22:16:33.611 [pool-65-thread-1] INFO  f.i.l.c.t.SpecificationTestCasesListener - Tests run finished (17 ms)
<> Total tests run: 1
<> Ignored tests: 0
<> Failed tests: 1
~ testSingleVariableAndConstraint(org.apache.commons.math.optimization.linear.SimplexSolverTest)
[expected:<10.0> but was:<0.0>]
java.lang.AssertionError: expected:<10.0> but was:<0.0>    at org.junit.Assert.fail(Assert.java:88)
    at org.junit.Assert.failNotEquals(Assert.java:743)
    at org.junit.Assert.assertEquals(Assert.java:494)
    at org.junit.Assert.assertEquals(Assert.java:592)
    at org.apache.commons.math.optimization.linear.SimplexSolverTest.testSingleVariableAndConstraint(SimplexSolverTest.java:75)
    at sun.reflect.NativeMethodAccessorImpl.invoke0(Native Method)

java.lang.AssertionError: expected:<10.0> but was:<0.0>
    at org.junit.Assert.fail(Assert.java:88)
    at org.junit.Assert.failNotEquals(Assert.java:743)
    at org.junit.Assert.assertEquals(Assert.java:494)
    at org.junit.Assert.assertEquals(Assert.java:592)
    at org.apache.commons.math.optimization.linear.SimplexSolverTest.testSingleVariableAndConstraint(SimplexSolverTest.java:75)
    at sun.reflect.NativeMethodAccessorImpl.invoke0(Native Method)
22:16:33.613 [pool-66-thread-1] INFO  f.i.l.c.t.SpecificationTestCasesListener - Tests run finished (0 ms)
<> Total tests run: 1
<> Ignored tests: 0
<> Failed tests: 1
~ testSingleVariableAndConstraint(org.apache.commons.math.optimization.linear.SimplexSolverTest)
[expected:<10.0> but was:<0.0>]
java.lang.AssertionError: expected:<10.0> but was:<0.0>    at org.junit.Assert.fail(Assert.java:88)
    at org.junit.Assert.failNotEquals(Assert.java:743)
    at org.junit.Assert.assertEquals(Assert.java:494)
    at org.junit.Assert.assertEquals(Assert.java:592)
    at org.apache.commons.math.optimization.linear.SimplexSolverTest.testSingleVariableAndConstraint(SimplexSolverTest.java:75)
    at sun.reflect.NativeMethodAccessorImpl.invoke0(Native Method)

22:16:33.614 [pool-63-thread-1] DEBUG tests.output - Failing tests with false: 
[testSingleVariableAndConstraint(org.apache.commons.math.optimization.linear.SimplexSolverTest): expected:<10.0> but was:<0.0>]
22:16:33.615 [pool-63-thread-1] DEBUG tests.output - Failing tests with true: 
[testSingleVariableAndConstraint(org.apache.commons.math.optimization.linear.SimplexSolverTest): expected:<10.0> but was:<0.0>]
22:16:33.615 [pool-63-thread-1] INFO  f.i.l.r.n.synth.SMTNopolSynthesizer - Not enough specifications: 0. A trivial patch is "true" or "false", please write new tests specifying SourceLocation org.apache.commons.math.optimization.linear.SimplexSolver:146.
22:16:33.615 [pool-2-thread-1] DEBUG fr.inria.lille.repair.nopol.NoPol - looking with class fr.inria.lille.repair.nopol.spoon.smt.ConditionalReplacer
java.lang.AssertionError: expected:<10.0> but was:<0.0>
    at org.junit.Assert.fail(Assert.java:88)
    at org.junit.Assert.failNotEquals(Assert.java:743)
    at org.junit.Assert.assertEquals(Assert.java:494)
    at org.junit.Assert.assertEquals(Assert.java:592)
    at org.apache.commons.math.optimization.linear.SimplexSolverTest.testSingleVariableAndConstraint(SimplexSolverTest.java:75)
    at sun.reflect.NativeMethodAccessorImpl.invoke0(Native Method)
22:16:33.715 [pool-68-thread-1] INFO  xxl.java.junit.TestCasesListener - Tests run finished (91 ms)
<> Total tests run: 12
<> Ignored tests: 0
<> Failed tests: 1
~ testSingleVariableAndConstraint(org.apache.commons.math.optimization.linear.SimplexSolverTest)
[expected:<10.0> but was:<0.0>]
java.lang.AssertionError: expected:<10.0> but was:<0.0>    at org.junit.Assert.fail(Assert.java:88)
    at org.junit.Assert.failNotEquals(Assert.java:743)
    at org.junit.Assert.assertEquals(Assert.java:494)
    at org.junit.Assert.assertEquals(Assert.java:592)
    at org.apache.commons.math.optimization.linear.SimplexSolverTest.testSingleVariableAndConstraint(SimplexSolverTest.java:75)
    at sun.reflect.NativeMethodAccessorImpl.invoke0(Native Method)

java.lang.AssertionError: expected:<10.0> but was:<0.0>
    at org.junit.Assert.fail(Assert.java:88)
    at org.junit.Assert.failNotEquals(Assert.java:743)
    at org.junit.Assert.assertEquals(Assert.java:494)
    at org.junit.Assert.assertEquals(Assert.java:592)
    at org.apache.commons.math.optimization.linear.SimplexSolverTest.testSingleVariableAndConstraint(SimplexSolverTest.java:75)
    at sun.reflect.NativeMethodAccessorImpl.invoke0(Native Method)
22:16:33.977 [pool-69-thread-1] INFO  f.i.l.c.t.SpecificationTestCasesListener - Tests run finished (18 ms)
<> Total tests run: 1
<> Ignored tests: 0
<> Failed tests: 1
~ testSingleVariableAndConstraint(org.apache.commons.math.optimization.linear.SimplexSolverTest)
[expected:<10.0> but was:<0.0>]
java.lang.AssertionError: expected:<10.0> but was:<0.0>    at org.junit.Assert.fail(Assert.java:88)
    at org.junit.Assert.failNotEquals(Assert.java:743)
    at org.junit.Assert.assertEquals(Assert.java:494)
    at org.junit.Assert.assertEquals(Assert.java:592)
    at org.apache.commons.math.optimization.linear.SimplexSolverTest.testSingleVariableAndConstraint(SimplexSolverTest.java:75)
    at sun.reflect.NativeMethodAccessorImpl.invoke0(Native Method)

java.lang.NullPointerException
    at org.apache.commons.math.optimization.linear.SimplexSolver.doIteration(SimplexSolver.java:46)
    at org.apache.commons.math.optimization.linear.SimplexSolver.doOptimize(SimplexSolver.java:117)
    at org.apache.commons.math.optimization.linear.AbstractLinearOptimizer.optimize(AbstractLinearOptimizer.java:108)
    at org.apache.commons.math.optimization.linear.SimplexSolverTest.testSingleVariableAndConstraint(SimplexSolverTest.java:74)
    at sun.reflect.NativeMethodAccessorImpl.invoke0(Native Method)
    at sun.reflect.NativeMethodAccessorImpl.invoke(NativeMethodAccessorImpl.java:62)
22:16:33.979 [pool-70-thread-1] INFO  f.i.l.c.t.SpecificationTestCasesListener - Tests run finished (0 ms)
<> Total tests run: 1
<> Ignored tests: 0
<> Failed tests: 1
~ testSingleVariableAndConstraint(org.apache.commons.math.optimization.linear.SimplexSolverTest)
[null]
java.lang.NullPointerException    at org.apache.commons.math.optimization.linear.SimplexSolver.doIteration(SimplexSolver.java:46)
    at org.apache.commons.math.optimization.linear.SimplexSolver.doOptimize(SimplexSolver.java:117)
    at org.apache.commons.math.optimization.linear.AbstractLinearOptimizer.optimize(AbstractLinearOptimizer.java:108)
    at org.apache.commons.math.optimization.linear.SimplexSolverTest.testSingleVariableAndConstraint(SimplexSolverTest.java:74)
    at sun.reflect.NativeMethodAccessorImpl.invoke0(Native Method)
    at sun.reflect.NativeMethodAccessorImpl.invoke(NativeMethodAccessorImpl.java:62)

22:16:33.980 [pool-67-thread-1] DEBUG tests.output - Failing tests with false: 
[testSingleVariableAndConstraint(org.apache.commons.math.optimization.linear.SimplexSolverTest): expected:<10.0> but was:<0.0>]
22:16:33.981 [pool-67-thread-1] DEBUG tests.output - Failing tests with true: 
[testSingleVariableAndConstraint(org.apache.commons.math.optimization.linear.SimplexSolverTest): null]
22:16:33.981 [pool-67-thread-1] INFO  f.i.l.r.n.synth.SMTNopolSynthesizer - Not enough specifications: 0. A trivial patch is "true" or "false", please write new tests specifying SourceLocation org.apache.commons.math.optimization.linear.SimplexSolver:146.
22:16:33.981 [pool-2-thread-1] DEBUG fr.inria.lille.repair.nopol.NoPol - statement #24
22:16:33.981 [pool-2-thread-1] DEBUG fr.inria.lille.repair.nopol.NoPol - Analysing SourceLocation org.apache.commons.math.optimization.linear.SimplexTableau:264 which is executed by 12 tests
-1081517891
22:16:34.162 [pool-2-thread-1] DEBUG fr.inria.lille.repair.nopol.NoPol - statement #25
22:16:34.162 [pool-2-thread-1] DEBUG fr.inria.lille.repair.nopol.NoPol - Analysing SourceLocation org.apache.commons.math.optimization.linear.SimplexTableau:262 which is executed by 12 tests
-1081517891
22:16:34.339 [pool-2-thread-1] DEBUG fr.inria.lille.repair.nopol.NoPol - looking with class fr.inria.lille.repair.nopol.spoon.smt.ConditionalAdder
java.lang.AssertionError: expected:<10.0> but was:<0.0>
    at org.junit.Assert.fail(Assert.java:88)
    at org.junit.Assert.failNotEquals(Assert.java:743)
    at org.junit.Assert.assertEquals(Assert.java:494)
    at org.junit.Assert.assertEquals(Assert.java:592)
    at org.apache.commons.math.optimization.linear.SimplexSolverTest.testSingleVariableAndConstraint(SimplexSolverTest.java:75)
    at sun.reflect.NativeMethodAccessorImpl.invoke0(Native Method)
22:16:34.428 [pool-72-thread-1] INFO  xxl.java.junit.TestCasesListener - Tests run finished (77 ms)
<> Total tests run: 12
<> Ignored tests: 0
<> Failed tests: 1
~ testSingleVariableAndConstraint(org.apache.commons.math.optimization.linear.SimplexSolverTest)
[expected:<10.0> but was:<0.0>]
java.lang.AssertionError: expected:<10.0> but was:<0.0>    at org.junit.Assert.fail(Assert.java:88)
    at org.junit.Assert.failNotEquals(Assert.java:743)
    at org.junit.Assert.assertEquals(Assert.java:494)
    at org.junit.Assert.assertEquals(Assert.java:592)
    at org.apache.commons.math.optimization.linear.SimplexSolverTest.testSingleVariableAndConstraint(SimplexSolverTest.java:75)
    at sun.reflect.NativeMethodAccessorImpl.invoke0(Native Method)

22:16:34.737 [pool-73-thread-1] INFO  f.i.l.c.t.SpecificationTestCasesListener - Tests run finished (16 ms)
<> Total tests run: 1
<> Ignored tests: 0
<> Failed tests: 0

java.lang.AssertionError: expected:<10.0> but was:<0.0>
    at org.junit.Assert.fail(Assert.java:88)
    at org.junit.Assert.failNotEquals(Assert.java:743)
    at org.junit.Assert.assertEquals(Assert.java:494)
    at org.junit.Assert.assertEquals(Assert.java:592)
    at org.apache.commons.math.optimization.linear.SimplexSolverTest.testSingleVariableAndConstraint(SimplexSolverTest.java:75)
    at sun.reflect.NativeMethodAccessorImpl.invoke0(Native Method)
22:16:34.739 [pool-74-thread-1] INFO  f.i.l.c.t.SpecificationTestCasesListener - Tests run finished (1 ms)
<> Total tests run: 1
<> Ignored tests: 0
<> Failed tests: 1
~ testSingleVariableAndConstraint(org.apache.commons.math.optimization.linear.SimplexSolverTest)
[expected:<10.0> but was:<0.0>]
java.lang.AssertionError: expected:<10.0> but was:<0.0>    at org.junit.Assert.fail(Assert.java:88)
    at org.junit.Assert.failNotEquals(Assert.java:743)
    at org.junit.Assert.assertEquals(Assert.java:494)
    at org.junit.Assert.assertEquals(Assert.java:592)
    at org.apache.commons.math.optimization.linear.SimplexSolverTest.testSingleVariableAndConstraint(SimplexSolverTest.java:75)
    at sun.reflect.NativeMethodAccessorImpl.invoke0(Native Method)

22:16:34.742 [pool-75-thread-1] INFO  f.i.l.r.n.s.ConstraintModelBuilder$1PassingListener - Tests run finished (0 ms)
<> Total tests run: 1
<> Ignored tests: 0
<> Failed tests: 0

22:16:34.746 [pool-76-thread-1] INFO  f.i.l.r.n.s.ConstraintModelBuilder$1PassingListener - Tests run finished (4 ms)
<> Total tests run: 1
<> Ignored tests: 0
<> Failed tests: 0

22:16:34.747 [pool-77-thread-1] INFO  f.i.l.r.n.s.ConstraintModelBuilder$1PassingListener - Tests run finished (0 ms)
<> Total tests run: 1
<> Ignored tests: 0
<> Failed tests: 0

22:16:34.748 [pool-78-thread-1] INFO  f.i.l.r.n.s.ConstraintModelBuilder$1PassingListener - Tests run finished (1 ms)
<> Total tests run: 1
<> Ignored tests: 0
<> Failed tests: 0

22:16:34.749 [pool-79-thread-1] INFO  f.i.l.r.n.s.ConstraintModelBuilder$1PassingListener - Tests run finished (0 ms)
<> Total tests run: 1
<> Ignored tests: 0
<> Failed tests: 0

22:16:34.750 [pool-80-thread-1] INFO  f.i.l.r.n.s.ConstraintModelBuilder$1PassingListener - Tests run finished (0 ms)
<> Total tests run: 1
<> Ignored tests: 0
<> Failed tests: 0

22:16:34.751 [pool-81-thread-1] INFO  f.i.l.r.n.s.ConstraintModelBuilder$1PassingListener - Tests run finished (0 ms)
<> Total tests run: 1
<> Ignored tests: 0
<> Failed tests: 0

java.lang.AssertionError: expected:<-2.0> but was:<0.0>
    at org.junit.Assert.fail(Assert.java:88)
    at org.junit.Assert.failNotEquals(Assert.java:743)
    at org.junit.Assert.assertEquals(Assert.java:494)
    at org.junit.Assert.assertEquals(Assert.java:592)
    at org.apache.commons.math.optimization.linear.SimplexSolverTest.testSolutionWithNegativeDecisionVariable(SimplexSolverTest.java:122)
    at sun.reflect.NativeMethodAccessorImpl.invoke0(Native Method)
22:16:34.752 [pool-82-thread-1] INFO  f.i.l.r.n.s.ConstraintModelBuilder$1PassingListener - Tests run finished (0 ms)
<> Total tests run: 1
<> Ignored tests: 0
<> Failed tests: 1
~ testSolutionWithNegativeDecisionVariable(org.apache.commons.math.optimization.linear.SimplexSolverTest)
[expected:<-2.0> but was:<0.0>]
java.lang.AssertionError: expected:<-2.0> but was:<0.0>    at org.junit.Assert.fail(Assert.java:88)
    at org.junit.Assert.failNotEquals(Assert.java:743)
    at org.junit.Assert.assertEquals(Assert.java:494)
    at org.junit.Assert.assertEquals(Assert.java:592)
    at org.apache.commons.math.optimization.linear.SimplexSolverTest.testSolutionWithNegativeDecisionVariable(SimplexSolverTest.java:122)
    at sun.reflect.NativeMethodAccessorImpl.invoke0(Native Method)

junit.framework.AssertionFailedError: Wrong value at position [0,4] expected:<2.0> but was:<0.0>
    at junit.framework.Assert.fail(Assert.java:57)
    at junit.framework.Assert.failNotEquals(Assert.java:329)
    at junit.framework.Assert.assertEquals(Assert.java:78)
    at junit.framework.TestCase.assertEquals(TestCase.java:244)
    at org.apache.commons.math.optimization.linear.SimplexTableauTest.assertMatrixEquals(SimplexTableauTest.java:101)
    at org.apache.commons.math.optimization.linear.SimplexTableauTest.testInitialization(SimplexTableauTest.java:42)
22:16:34.759 [pool-83-thread-1] INFO  f.i.l.r.n.s.ConstraintModelBuilder$1PassingListener - Tests run finished (2 ms)
<> Total tests run: 1
<> Ignored tests: 0
<> Failed tests: 1
~ testInitialization(org.apache.commons.math.optimization.linear.SimplexTableauTest)
[Wrong value at position [0,4] expected:<2.0> but was:<0.0>]
junit.framework.AssertionFailedError: Wrong value at position [0,4] expected:<2.0> but was:<0.0>    at junit.framework.Assert.fail(Assert.java:57)
    at junit.framework.Assert.failNotEquals(Assert.java:329)
    at junit.framework.Assert.assertEquals(Assert.java:78)
    at junit.framework.TestCase.assertEquals(TestCase.java:244)
    at org.apache.commons.math.optimization.linear.SimplexTableauTest.assertMatrixEquals(SimplexTableauTest.java:101)
    at org.apache.commons.math.optimization.linear.SimplexTableauTest.testInitialization(SimplexTableauTest.java:42)

junit.framework.AssertionFailedError: Wrong value at position [0,3] expected:<25.0> but was:<0.0>
    at junit.framework.Assert.fail(Assert.java:57)
    at junit.framework.Assert.failNotEquals(Assert.java:329)
    at junit.framework.Assert.assertEquals(Assert.java:78)
    at junit.framework.TestCase.assertEquals(TestCase.java:244)
    at org.apache.commons.math.optimization.linear.SimplexTableauTest.assertMatrixEquals(SimplexTableauTest.java:101)
    at org.apache.commons.math.optimization.linear.SimplexTableauTest.testdiscardArtificialVariables(SimplexTableauTest.java:57)
22:16:34.761 [pool-84-thread-1] INFO  f.i.l.r.n.s.ConstraintModelBuilder$1PassingListener - Tests run finished (0 ms)
<> Total tests run: 1
<> Ignored tests: 0
<> Failed tests: 1
~ testdiscardArtificialVariables(org.apache.commons.math.optimization.linear.SimplexTableauTest)
[Wrong value at position [0,3] expected:<25.0> but was:<0.0>]
junit.framework.AssertionFailedError: Wrong value at position [0,3] expected:<25.0> but was:<0.0>    at junit.framework.Assert.fail(Assert.java:57)
    at junit.framework.Assert.failNotEquals(Assert.java:329)
    at junit.framework.Assert.assertEquals(Assert.java:78)
    at junit.framework.TestCase.assertEquals(TestCase.java:244)
    at org.apache.commons.math.optimization.linear.SimplexTableauTest.assertMatrixEquals(SimplexTableauTest.java:101)
    at org.apache.commons.math.optimization.linear.SimplexTableauTest.testdiscardArtificialVariables(SimplexTableauTest.java:57)

junit.framework.AssertionFailedError: Wrong value at position [0,3] expected:<25.0> but was:<0.0>
    at junit.framework.Assert.fail(Assert.java:57)
    at junit.framework.Assert.failNotEquals(Assert.java:329)
    at junit.framework.Assert.assertEquals(Assert.java:78)
    at junit.framework.TestCase.assertEquals(TestCase.java:244)
    at org.apache.commons.math.optimization.linear.SimplexTableauTest.assertMatrixEquals(SimplexTableauTest.java:101)
    at org.apache.commons.math.optimization.linear.SimplexTableauTest.testTableauWithNoArtificialVars(SimplexTableauTest.java:74)
22:16:34.763 [pool-85-thread-1] INFO  f.i.l.r.n.s.ConstraintModelBuilder$1PassingListener - Tests run finished (1 ms)
<> Total tests run: 1
<> Ignored tests: 0
<> Failed tests: 1
~ testTableauWithNoArtificialVars(org.apache.commons.math.optimization.linear.SimplexTableauTest)
[Wrong value at position [0,3] expected:<25.0> but was:<0.0>]
junit.framework.AssertionFailedError: Wrong value at position [0,3] expected:<25.0> but was:<0.0>    at junit.framework.Assert.fail(Assert.java:57)
    at junit.framework.Assert.failNotEquals(Assert.java:329)
    at junit.framework.Assert.assertEquals(Assert.java:78)
    at junit.framework.TestCase.assertEquals(TestCase.java:244)
    at org.apache.commons.math.optimization.linear.SimplexTableauTest.assertMatrixEquals(SimplexTableauTest.java:101)
    at org.apache.commons.math.optimization.linear.SimplexTableauTest.testTableauWithNoArtificialVars(SimplexTableauTest.java:74)

22:16:34.779 [pool-86-thread-1] INFO  f.i.l.r.n.s.ConstraintModelBuilder$1PassingListener - Tests run finished (14 ms)
<> Total tests run: 1
<> Ignored tests: 0
<> Failed tests: 0

22:16:34.781 [pool-87-thread-1] INFO  f.i.l.r.n.s.ConstraintModelBuilder$1PassingListener - Tests run finished (1 ms)
<> Total tests run: 1
<> Ignored tests: 0
<> Failed tests: 0

22:16:34.782 [pool-88-thread-1] INFO  f.i.l.r.n.s.ConstraintModelBuilder$1PassingListener - Tests run finished (1 ms)
<> Total tests run: 1
<> Ignored tests: 0
<> Failed tests: 0

java.lang.AssertionError: expected:<10.0> but was:<0.0>
    at org.junit.Assert.fail(Assert.java:88)
    at org.junit.Assert.failNotEquals(Assert.java:743)
    at org.junit.Assert.assertEquals(Assert.java:494)
    at org.junit.Assert.assertEquals(Assert.java:592)
    at org.apache.commons.math.optimization.linear.SimplexSolverTest.testSingleVariableAndConstraint(SimplexSolverTest.java:75)
    at sun.reflect.NativeMethodAccessorImpl.invoke0(Native Method)
22:16:34.783 [pool-89-thread-1] INFO  f.i.l.r.n.s.ConstraintModelBuilder$1PassingListener - Tests run finished (0 ms)
<> Total tests run: 1
<> Ignored tests: 0
<> Failed tests: 1
~ testSingleVariableAndConstraint(org.apache.commons.math.optimization.linear.SimplexSolverTest)
[expected:<10.0> but was:<0.0>]
java.lang.AssertionError: expected:<10.0> but was:<0.0>    at org.junit.Assert.fail(Assert.java:88)
    at org.junit.Assert.failNotEquals(Assert.java:743)
    at org.junit.Assert.assertEquals(Assert.java:494)
    at org.junit.Assert.assertEquals(Assert.java:592)
    at org.apache.commons.math.optimization.linear.SimplexSolverTest.testSingleVariableAndConstraint(SimplexSolverTest.java:75)
    at sun.reflect.NativeMethodAccessorImpl.invoke0(Native Method)

22:16:34.784 [pool-90-thread-1] INFO  f.i.l.r.n.s.ConstraintModelBuilder$1PassingListener - Tests run finished (0 ms)
<> Total tests run: 1
<> Ignored tests: 0
<> Failed tests: 0

22:16:34.785 [pool-91-thread-1] INFO  f.i.l.r.n.s.ConstraintModelBuilder$1PassingListener - Tests run finished (0 ms)
<> Total tests run: 1
<> Ignored tests: 0
<> Failed tests: 0

22:16:34.786 [pool-92-thread-1] INFO  f.i.l.r.n.s.ConstraintModelBuilder$1PassingListener - Tests run finished (0 ms)
<> Total tests run: 1
<> Ignored tests: 0
<> Failed tests: 0

22:16:34.787 [pool-93-thread-1] INFO  f.i.l.r.n.s.ConstraintModelBuilder$1PassingListener - Tests run finished (0 ms)
<> Total tests run: 1
<> Ignored tests: 0
<> Failed tests: 0

22:16:34.788 [pool-94-thread-1] INFO  f.i.l.r.n.s.ConstraintModelBuilder$1PassingListener - Tests run finished (0 ms)
<> Total tests run: 1
<> Ignored tests: 0
<> Failed tests: 0

22:16:34.790 [pool-95-thread-1] INFO  f.i.l.r.n.s.ConstraintModelBuilder$1PassingListener - Tests run finished (1 ms)
<> Total tests run: 1
<> Ignored tests: 0
<> Failed tests: 0

22:16:34.791 [pool-96-thread-1] INFO  f.i.l.r.n.s.ConstraintModelBuilder$1PassingListener - Tests run finished (1 ms)
<> Total tests run: 1
<> Ignored tests: 0
<> Failed tests: 0

22:16:34.792 [pool-97-thread-1] INFO  f.i.l.r.n.s.ConstraintModelBuilder$1PassingListener - Tests run finished (0 ms)
<> Total tests run: 1
<> Ignored tests: 0
<> Failed tests: 0

22:16:34.794 [pool-98-thread-1] INFO  f.i.l.r.n.s.ConstraintModelBuilder$1PassingListener - Tests run finished (1 ms)
<> Total tests run: 1
<> Ignored tests: 0
<> Failed tests: 0

22:16:34.796 [pool-99-thread-1] INFO  f.i.l.c.t.SpecificationTestCasesListener - Tests run finished (1 ms)
<> Total tests run: 1
<> Ignored tests: 0
<> Failed tests: 0

22:16:34.798 [pool-100-thread-1] INFO  f.i.l.c.t.SpecificationTestCasesListener - Tests run finished (1 ms)
<> Total tests run: 1
<> Ignored tests: 0
<> Failed tests: 0

22:16:34.800 [pool-101-thread-1] INFO  f.i.l.c.t.SpecificationTestCasesListener - Tests run finished (1 ms)
<> Total tests run: 1
<> Ignored tests: 0
<> Failed tests: 0

22:16:34.801 [pool-102-thread-1] INFO  f.i.l.c.t.SpecificationTestCasesListener - Tests run finished (0 ms)
<> Total tests run: 1
<> Ignored tests: 0
<> Failed tests: 0

22:16:35.130 [pool-71-thread-1] DEBUG f.i.l.c.s.ConstraintBasedSynthesis - Operators:
22:16:35.254 [pool-71-thread-1] DEBUG f.i.l.c.s.ConstraintBasedSynthesis - Operators:
== of arity: 2
!= of arity: 2
< of arity: 2
<= of arity: 2
22:16:35.339 [pool-71-thread-1] DEBUG f.i.l.c.s.ConstraintBasedSynthesis - Operators:
== of arity: 2
!= of arity: 2
< of arity: 2
<= of arity: 2
! of arity: 1
|| of arity: 2
&& of arity: 2
22:16:35.696 [pool-71-thread-1] DEBUG f.i.l.c.s.ConstraintBasedSynthesis - Operators:
== of arity: 2
!= of arity: 2
< of arity: 2
<= of arity: 2
! of arity: 1
|| of arity: 2
&& of arity: 2
== of arity: 2
!= of arity: 2
< of arity: 2
<= of arity: 2
22:16:36.620 [pool-71-thread-1] DEBUG f.i.l.c.s.ConstraintBasedSynthesis - Operators:
== of arity: 2
!= of arity: 2
< of arity: 2
<= of arity: 2
! of arity: 1
|| of arity: 2
&& of arity: 2
== of arity: 2
!= of arity: 2
< of arity: 2
<= of arity: 2
! of arity: 1
|| of arity: 2
&& of arity: 2
22:16:59.523 [pool-71-thread-1] DEBUG f.i.l.c.s.ConstraintBasedSynthesis - Failed code synthesis, returning NullCodeGenesis
22:16:59.527 [pool-2-thread-1] DEBUG fr.inria.lille.repair.nopol.NoPol - statement #26
22:16:59.527 [pool-2-thread-1] DEBUG fr.inria.lille.repair.nopol.NoPol - Analysing SourceLocation org.apache.commons.math.optimization.linear.SimplexTableau:261 which is executed by 12 tests
-1081517891
22:16:59.704 [pool-2-thread-1] DEBUG fr.inria.lille.repair.nopol.NoPol - looking with class fr.inria.lille.repair.nopol.spoon.smt.ConditionalAdder
java.lang.AssertionError: expected:<10.0> but was:<0.0>
    at org.junit.Assert.fail(Assert.java:88)
    at org.junit.Assert.failNotEquals(Assert.java:743)
    at org.junit.Assert.assertEquals(Assert.java:494)
    at org.junit.Assert.assertEquals(Assert.java:592)
    at org.apache.commons.math.optimization.linear.SimplexSolverTest.testSingleVariableAndConstraint(SimplexSolverTest.java:75)
    at sun.reflect.NativeMethodAccessorImpl.invoke0(Native Method)
22:16:59.787 [pool-104-thread-1] INFO  xxl.java.junit.TestCasesListener - Tests run finished (77 ms)
<> Total tests run: 12
<> Ignored tests: 0
<> Failed tests: 1
~ testSingleVariableAndConstraint(org.apache.commons.math.optimization.linear.SimplexSolverTest)
[expected:<10.0> but was:<0.0>]
java.lang.AssertionError: expected:<10.0> but was:<0.0>    at org.junit.Assert.fail(Assert.java:88)
    at org.junit.Assert.failNotEquals(Assert.java:743)
    at org.junit.Assert.assertEquals(Assert.java:494)
    at org.junit.Assert.assertEquals(Assert.java:592)
    at org.apache.commons.math.optimization.linear.SimplexSolverTest.testSingleVariableAndConstraint(SimplexSolverTest.java:75)
    at sun.reflect.NativeMethodAccessorImpl.invoke0(Native Method)

22:17:00.078 [pool-105-thread-1] INFO  f.i.l.c.t.SpecificationTestCasesListener - Tests run finished (17 ms)
<> Total tests run: 1
<> Ignored tests: 0
<> Failed tests: 0

java.lang.AssertionError: expected:<10.0> but was:<0.0>
    at org.junit.Assert.fail(Assert.java:88)
    at org.junit.Assert.failNotEquals(Assert.java:743)
    at org.junit.Assert.assertEquals(Assert.java:494)
    at org.junit.Assert.assertEquals(Assert.java:592)
    at org.apache.commons.math.optimization.linear.SimplexSolverTest.testSingleVariableAndConstraint(SimplexSolverTest.java:75)
    at sun.reflect.NativeMethodAccessorImpl.invoke0(Native Method)
22:17:00.080 [pool-106-thread-1] INFO  f.i.l.c.t.SpecificationTestCasesListener - Tests run finished (1 ms)
<> Total tests run: 1
<> Ignored tests: 0
<> Failed tests: 1
~ testSingleVariableAndConstraint(org.apache.commons.math.optimization.linear.SimplexSolverTest)
[expected:<10.0> but was:<0.0>]
java.lang.AssertionError: expected:<10.0> but was:<0.0>    at org.junit.Assert.fail(Assert.java:88)
    at org.junit.Assert.failNotEquals(Assert.java:743)
    at org.junit.Assert.assertEquals(Assert.java:494)
    at org.junit.Assert.assertEquals(Assert.java:592)
    at org.apache.commons.math.optimization.linear.SimplexSolverTest.testSingleVariableAndConstraint(SimplexSolverTest.java:75)
    at sun.reflect.NativeMethodAccessorImpl.invoke0(Native Method)

22:17:00.082 [pool-107-thread-1] INFO  f.i.l.r.n.s.ConstraintModelBuilder$1PassingListener - Tests run finished (1 ms)
<> Total tests run: 1
<> Ignored tests: 0
<> Failed tests: 0

22:17:00.085 [pool-108-thread-1] INFO  f.i.l.r.n.s.ConstraintModelBuilder$1PassingListener - Tests run finished (2 ms)
<> Total tests run: 1
<> Ignored tests: 0
<> Failed tests: 0

22:17:00.087 [pool-109-thread-1] INFO  f.i.l.r.n.s.ConstraintModelBuilder$1PassingListener - Tests run finished (1 ms)
<> Total tests run: 1
<> Ignored tests: 0
<> Failed tests: 0

22:17:00.088 [pool-110-thread-1] INFO  f.i.l.r.n.s.ConstraintModelBuilder$1PassingListener - Tests run finished (0 ms)
<> Total tests run: 1
<> Ignored tests: 0
<> Failed tests: 0

22:17:00.090 [pool-111-thread-1] INFO  f.i.l.r.n.s.ConstraintModelBuilder$1PassingListener - Tests run finished (1 ms)
<> Total tests run: 1
<> Ignored tests: 0
<> Failed tests: 0

22:17:00.091 [pool-112-thread-1] INFO  f.i.l.r.n.s.ConstraintModelBuilder$1PassingListener - Tests run finished (0 ms)
<> Total tests run: 1
<> Ignored tests: 0
<> Failed tests: 0

22:17:00.092 [pool-113-thread-1] INFO  f.i.l.r.n.s.ConstraintModelBuilder$1PassingListener - Tests run finished (0 ms)
<> Total tests run: 1
<> Ignored tests: 0
<> Failed tests: 0

java.lang.AssertionError: expected:<-2.0> but was:<0.0>
    at org.junit.Assert.fail(Assert.java:88)
    at org.junit.Assert.failNotEquals(Assert.java:743)
    at org.junit.Assert.assertEquals(Assert.java:494)
    at org.junit.Assert.assertEquals(Assert.java:592)
    at org.apache.commons.math.optimization.linear.SimplexSolverTest.testSolutionWithNegativeDecisionVariable(SimplexSolverTest.java:122)
    at sun.reflect.NativeMethodAccessorImpl.invoke0(Native Method)
22:17:00.094 [pool-114-thread-1] INFO  f.i.l.r.n.s.ConstraintModelBuilder$1PassingListener - Tests run finished (1 ms)
<> Total tests run: 1
<> Ignored tests: 0
<> Failed tests: 1
~ testSolutionWithNegativeDecisionVariable(org.apache.commons.math.optimization.linear.SimplexSolverTest)
[expected:<-2.0> but was:<0.0>]
java.lang.AssertionError: expected:<-2.0> but was:<0.0>    at org.junit.Assert.fail(Assert.java:88)
    at org.junit.Assert.failNotEquals(Assert.java:743)
    at org.junit.Assert.assertEquals(Assert.java:494)
    at org.junit.Assert.assertEquals(Assert.java:592)
    at org.apache.commons.math.optimization.linear.SimplexSolverTest.testSolutionWithNegativeDecisionVariable(SimplexSolverTest.java:122)
    at sun.reflect.NativeMethodAccessorImpl.invoke0(Native Method)

junit.framework.AssertionFailedError: Wrong value at position [0,4] expected:<2.0> but was:<0.0>
    at junit.framework.Assert.fail(Assert.java:57)
    at junit.framework.Assert.failNotEquals(Assert.java:329)
    at junit.framework.Assert.assertEquals(Assert.java:78)
    at junit.framework.TestCase.assertEquals(TestCase.java:244)
    at org.apache.commons.math.optimization.linear.SimplexTableauTest.assertMatrixEquals(SimplexTableauTest.java:101)
    at org.apache.commons.math.optimization.linear.SimplexTableauTest.testInitialization(SimplexTableauTest.java:42)
22:17:00.097 [pool-115-thread-1] INFO  f.i.l.r.n.s.ConstraintModelBuilder$1PassingListener - Tests run finished (1 ms)
<> Total tests run: 1
<> Ignored tests: 0
<> Failed tests: 1
~ testInitialization(org.apache.commons.math.optimization.linear.SimplexTableauTest)
[Wrong value at position [0,4] expected:<2.0> but was:<0.0>]
junit.framework.AssertionFailedError: Wrong value at position [0,4] expected:<2.0> but was:<0.0>    at junit.framework.Assert.fail(Assert.java:57)
    at junit.framework.Assert.failNotEquals(Assert.java:329)
    at junit.framework.Assert.assertEquals(Assert.java:78)
    at junit.framework.TestCase.assertEquals(TestCase.java:244)
    at org.apache.commons.math.optimization.linear.SimplexTableauTest.assertMatrixEquals(SimplexTableauTest.java:101)
    at org.apache.commons.math.optimization.linear.SimplexTableauTest.testInitialization(SimplexTableauTest.java:42)

junit.framework.AssertionFailedError: Wrong value at position [0,3] expected:<25.0> but was:<0.0>
    at junit.framework.Assert.fail(Assert.java:57)
    at junit.framework.Assert.failNotEquals(Assert.java:329)
    at junit.framework.Assert.assertEquals(Assert.java:78)
    at junit.framework.TestCase.assertEquals(TestCase.java:244)
    at org.apache.commons.math.optimization.linear.SimplexTableauTest.assertMatrixEquals(SimplexTableauTest.java:101)
    at org.apache.commons.math.optimization.linear.SimplexTableauTest.testdiscardArtificialVariables(SimplexTableauTest.java:57)
22:17:00.099 [pool-116-thread-1] INFO  f.i.l.r.n.s.ConstraintModelBuilder$1PassingListener - Tests run finished (1 ms)
<> Total tests run: 1
<> Ignored tests: 0
<> Failed tests: 1
~ testdiscardArtificialVariables(org.apache.commons.math.optimization.linear.SimplexTableauTest)
[Wrong value at position [0,3] expected:<25.0> but was:<0.0>]
junit.framework.AssertionFailedError: Wrong value at position [0,3] expected:<25.0> but was:<0.0>    at junit.framework.Assert.fail(Assert.java:57)
    at junit.framework.Assert.failNotEquals(Assert.java:329)
    at junit.framework.Assert.assertEquals(Assert.java:78)
    at junit.framework.TestCase.assertEquals(TestCase.java:244)
    at org.apache.commons.math.optimization.linear.SimplexTableauTest.assertMatrixEquals(SimplexTableauTest.java:101)
    at org.apache.commons.math.optimization.linear.SimplexTableauTest.testdiscardArtificialVariables(SimplexTableauTest.java:57)

junit.framework.AssertionFailedError: Wrong value at position [0,3] expected:<25.0> but was:<0.0>
    at junit.framework.Assert.fail(Assert.java:57)
    at junit.framework.Assert.failNotEquals(Assert.java:329)
    at junit.framework.Assert.assertEquals(Assert.java:78)
    at junit.framework.TestCase.assertEquals(TestCase.java:244)
    at org.apache.commons.math.optimization.linear.SimplexTableauTest.assertMatrixEquals(SimplexTableauTest.java:101)
    at org.apache.commons.math.optimization.linear.SimplexTableauTest.testTableauWithNoArtificialVars(SimplexTableauTest.java:74)
22:17:00.101 [pool-117-thread-1] INFO  f.i.l.r.n.s.ConstraintModelBuilder$1PassingListener - Tests run finished (1 ms)
<> Total tests run: 1
<> Ignored tests: 0
<> Failed tests: 1
~ testTableauWithNoArtificialVars(org.apache.commons.math.optimization.linear.SimplexTableauTest)
[Wrong value at position [0,3] expected:<25.0> but was:<0.0>]
junit.framework.AssertionFailedError: Wrong value at position [0,3] expected:<25.0> but was:<0.0>    at junit.framework.Assert.fail(Assert.java:57)
    at junit.framework.Assert.failNotEquals(Assert.java:329)
    at junit.framework.Assert.assertEquals(Assert.java:78)
    at junit.framework.TestCase.assertEquals(TestCase.java:244)
    at org.apache.commons.math.optimization.linear.SimplexTableauTest.assertMatrixEquals(SimplexTableauTest.java:101)
    at org.apache.commons.math.optimization.linear.SimplexTableauTest.testTableauWithNoArtificialVars(SimplexTableauTest.java:74)

22:17:00.112 [pool-118-thread-1] INFO  f.i.l.r.n.s.ConstraintModelBuilder$1PassingListener - Tests run finished (10 ms)
<> Total tests run: 1
<> Ignored tests: 0
<> Failed tests: 0

22:17:00.114 [pool-119-thread-1] INFO  f.i.l.r.n.s.ConstraintModelBuilder$1PassingListener - Tests run finished (1 ms)
<> Total tests run: 1
<> Ignored tests: 0
<> Failed tests: 0

22:17:00.115 [pool-120-thread-1] INFO  f.i.l.r.n.s.ConstraintModelBuilder$1PassingListener - Tests run finished (0 ms)
<> Total tests run: 1
<> Ignored tests: 0
<> Failed tests: 0

java.lang.AssertionError: expected:<10.0> but was:<0.0>
    at org.junit.Assert.fail(Assert.java:88)
    at org.junit.Assert.failNotEquals(Assert.java:743)
    at org.junit.Assert.assertEquals(Assert.java:494)
    at org.junit.Assert.assertEquals(Assert.java:592)
    at org.apache.commons.math.optimization.linear.SimplexSolverTest.testSingleVariableAndConstraint(SimplexSolverTest.java:75)
    at sun.reflect.NativeMethodAccessorImpl.invoke0(Native Method)
22:17:00.117 [pool-121-thread-1] INFO  f.i.l.r.n.s.ConstraintModelBuilder$1PassingListener - Tests run finished (1 ms)
<> Total tests run: 1
<> Ignored tests: 0
<> Failed tests: 1
~ testSingleVariableAndConstraint(org.apache.commons.math.optimization.linear.SimplexSolverTest)
[expected:<10.0> but was:<0.0>]
java.lang.AssertionError: expected:<10.0> but was:<0.0>    at org.junit.Assert.fail(Assert.java:88)
    at org.junit.Assert.failNotEquals(Assert.java:743)
    at org.junit.Assert.assertEquals(Assert.java:494)
    at org.junit.Assert.assertEquals(Assert.java:592)
    at org.apache.commons.math.optimization.linear.SimplexSolverTest.testSingleVariableAndConstraint(SimplexSolverTest.java:75)
    at sun.reflect.NativeMethodAccessorImpl.invoke0(Native Method)

22:17:00.118 [pool-122-thread-1] INFO  f.i.l.r.n.s.ConstraintModelBuilder$1PassingListener - Tests run finished (0 ms)
<> Total tests run: 1
<> Ignored tests: 0
<> Failed tests: 0

22:17:00.119 [pool-123-thread-1] INFO  f.i.l.r.n.s.ConstraintModelBuilder$1PassingListener - Tests run finished (0 ms)
<> Total tests run: 1
<> Ignored tests: 0
<> Failed tests: 0

22:17:00.121 [pool-124-thread-1] INFO  f.i.l.r.n.s.ConstraintModelBuilder$1PassingListener - Tests run finished (1 ms)
<> Total tests run: 1
<> Ignored tests: 0
<> Failed tests: 0

22:17:00.122 [pool-125-thread-1] INFO  f.i.l.r.n.s.ConstraintModelBuilder$1PassingListener - Tests run finished (0 ms)
<> Total tests run: 1
<> Ignored tests: 0
<> Failed tests: 0

22:17:00.123 [pool-126-thread-1] INFO  f.i.l.r.n.s.ConstraintModelBuilder$1PassingListener - Tests run finished (0 ms)
<> Total tests run: 1
<> Ignored tests: 0
<> Failed tests: 0

22:17:00.125 [pool-127-thread-1] INFO  f.i.l.r.n.s.ConstraintModelBuilder$1PassingListener - Tests run finished (0 ms)
<> Total tests run: 1
<> Ignored tests: 0
<> Failed tests: 0

22:17:00.126 [pool-128-thread-1] INFO  f.i.l.r.n.s.ConstraintModelBuilder$1PassingListener - Tests run finished (0 ms)
<> Total tests run: 1
<> Ignored tests: 0
<> Failed tests: 0

22:17:00.128 [pool-129-thread-1] INFO  f.i.l.r.n.s.ConstraintModelBuilder$1PassingListener - Tests run finished (0 ms)
<> Total tests run: 1
<> Ignored tests: 0
<> Failed tests: 0

22:17:00.130 [pool-130-thread-1] INFO  f.i.l.r.n.s.ConstraintModelBuilder$1PassingListener - Tests run finished (1 ms)
<> Total tests run: 1
<> Ignored tests: 0
<> Failed tests: 0

22:17:00.132 [pool-131-thread-1] INFO  f.i.l.c.t.SpecificationTestCasesListener - Tests run finished (0 ms)
<> Total tests run: 1
<> Ignored tests: 0
<> Failed tests: 0

22:17:00.146 [pool-132-thread-1] INFO  f.i.l.c.t.SpecificationTestCasesListener - Tests run finished (1 ms)
<> Total tests run: 1
<> Ignored tests: 0
<> Failed tests: 0

22:17:00.149 [pool-133-thread-1] INFO  f.i.l.c.t.SpecificationTestCasesListener - Tests run finished (0 ms)
<> Total tests run: 1
<> Ignored tests: 0
<> Failed tests: 0

22:17:00.150 [pool-134-thread-1] INFO  f.i.l.c.t.SpecificationTestCasesListener - Tests run finished (0 ms)
<> Total tests run: 1
<> Ignored tests: 0
<> Failed tests: 0

22:17:00.337 [pool-103-thread-1] DEBUG f.i.l.c.s.ConstraintBasedSynthesis - Operators:
22:17:00.355 [pool-103-thread-1] DEBUG f.i.l.c.s.ConstraintBasedSynthesis - Operators:
== of arity: 2
!= of arity: 2
< of arity: 2
<= of arity: 2
22:17:00.403 [pool-103-thread-1] DEBUG f.i.l.c.s.ConstraintBasedSynthesis - Operators:
== of arity: 2
!= of arity: 2
< of arity: 2
<= of arity: 2
! of arity: 1
|| of arity: 2
&& of arity: 2
22:17:00.531 [pool-103-thread-1] DEBUG f.i.l.c.s.ConstraintBasedSynthesis - Operators:
== of arity: 2
!= of arity: 2
< of arity: 2
<= of arity: 2
! of arity: 1
|| of arity: 2
&& of arity: 2
== of arity: 2
!= of arity: 2
< of arity: 2
<= of arity: 2
22:17:00.944 [pool-103-thread-1] DEBUG f.i.l.c.s.ConstraintBasedSynthesis - Operators:
== of arity: 2
!= of arity: 2
< of arity: 2
<= of arity: 2
! of arity: 1
|| of arity: 2
&& of arity: 2
== of arity: 2
!= of arity: 2
< of arity: 2
<= of arity: 2
! of arity: 1
|| of arity: 2
&& of arity: 2
22:17:22.343 [pool-103-thread-1] DEBUG f.i.l.c.s.ConstraintBasedSynthesis - Failed code synthesis, returning NullCodeGenesis
22:17:22.344 [pool-2-thread-1] DEBUG fr.inria.lille.repair.nopol.NoPol - statement #27
22:17:22.344 [pool-2-thread-1] DEBUG fr.inria.lille.repair.nopol.NoPol - Analysing SourceLocation org.apache.commons.math.optimization.linear.SimplexTableau:260 which is executed by 12 tests
-1081517891
22:17:22.520 [pool-2-thread-1] DEBUG fr.inria.lille.repair.nopol.NoPol - statement #28
22:17:22.521 [pool-2-thread-1] DEBUG fr.inria.lille.repair.nopol.NoPol - Analysing SourceLocation org.apache.commons.math.optimization.linear.SimplexTableau:161 which is executed by 12 tests
-1081517891
22:17:22.696 [pool-2-thread-1] DEBUG fr.inria.lille.repair.nopol.NoPol - looking with class fr.inria.lille.repair.nopol.spoon.smt.ConditionalAdder
java.lang.AssertionError: expected:<10.0> but was:<0.0>
    at org.junit.Assert.fail(Assert.java:88)
    at org.junit.Assert.failNotEquals(Assert.java:743)
    at org.junit.Assert.assertEquals(Assert.java:494)
    at org.junit.Assert.assertEquals(Assert.java:592)
    at org.apache.commons.math.optimization.linear.SimplexSolverTest.testSingleVariableAndConstraint(SimplexSolverTest.java:75)
    at sun.reflect.NativeMethodAccessorImpl.invoke0(Native Method)
22:17:22.777 [pool-136-thread-1] INFO  xxl.java.junit.TestCasesListener - Tests run finished (73 ms)
<> Total tests run: 12
<> Ignored tests: 0
<> Failed tests: 1
~ testSingleVariableAndConstraint(org.apache.commons.math.optimization.linear.SimplexSolverTest)
[expected:<10.0> but was:<0.0>]
java.lang.AssertionError: expected:<10.0> but was:<0.0>    at org.junit.Assert.fail(Assert.java:88)
    at org.junit.Assert.failNotEquals(Assert.java:743)
    at org.junit.Assert.assertEquals(Assert.java:494)
    at org.junit.Assert.assertEquals(Assert.java:592)
    at org.apache.commons.math.optimization.linear.SimplexSolverTest.testSingleVariableAndConstraint(SimplexSolverTest.java:75)
    at sun.reflect.NativeMethodAccessorImpl.invoke0(Native Method)

22:17:23.073 [pool-137-thread-1] INFO  f.i.l.c.t.SpecificationTestCasesListener - Tests run finished (18 ms)
<> Total tests run: 1
<> Ignored tests: 0
<> Failed tests: 0

java.lang.AssertionError: expected:<10.0> but was:<0.0>
    at org.junit.Assert.fail(Assert.java:88)
    at org.junit.Assert.failNotEquals(Assert.java:743)
    at org.junit.Assert.assertEquals(Assert.java:494)
    at org.junit.Assert.assertEquals(Assert.java:592)
    at org.apache.commons.math.optimization.linear.SimplexSolverTest.testSingleVariableAndConstraint(SimplexSolverTest.java:75)
    at sun.reflect.NativeMethodAccessorImpl.invoke0(Native Method)
22:17:23.075 [pool-138-thread-1] INFO  f.i.l.c.t.SpecificationTestCasesListener - Tests run finished (1 ms)
<> Total tests run: 1
<> Ignored tests: 0
<> Failed tests: 1
~ testSingleVariableAndConstraint(org.apache.commons.math.optimization.linear.SimplexSolverTest)
[expected:<10.0> but was:<0.0>]
java.lang.AssertionError: expected:<10.0> but was:<0.0>    at org.junit.Assert.fail(Assert.java:88)
    at org.junit.Assert.failNotEquals(Assert.java:743)
    at org.junit.Assert.assertEquals(Assert.java:494)
    at org.junit.Assert.assertEquals(Assert.java:592)
    at org.apache.commons.math.optimization.linear.SimplexSolverTest.testSingleVariableAndConstraint(SimplexSolverTest.java:75)
    at sun.reflect.NativeMethodAccessorImpl.invoke0(Native Method)

22:17:23.078 [pool-139-thread-1] INFO  f.i.l.r.n.s.ConstraintModelBuilder$1PassingListener - Tests run finished (1 ms)
<> Total tests run: 1
<> Ignored tests: 0
<> Failed tests: 0

22:17:23.081 [pool-140-thread-1] INFO  f.i.l.r.n.s.ConstraintModelBuilder$1PassingListener - Tests run finished (3 ms)
<> Total tests run: 1
<> Ignored tests: 0
<> Failed tests: 0

22:17:23.082 [pool-141-thread-1] INFO  f.i.l.r.n.s.ConstraintModelBuilder$1PassingListener - Tests run finished (0 ms)
<> Total tests run: 1
<> Ignored tests: 0
<> Failed tests: 0

22:17:23.083 [pool-142-thread-1] INFO  f.i.l.r.n.s.ConstraintModelBuilder$1PassingListener - Tests run finished (0 ms)
<> Total tests run: 1
<> Ignored tests: 0
<> Failed tests: 0

22:17:23.085 [pool-143-thread-1] INFO  f.i.l.r.n.s.ConstraintModelBuilder$1PassingListener - Tests run finished (1 ms)
<> Total tests run: 1
<> Ignored tests: 0
<> Failed tests: 0

22:17:23.086 [pool-144-thread-1] INFO  f.i.l.r.n.s.ConstraintModelBuilder$1PassingListener - Tests run finished (0 ms)
<> Total tests run: 1
<> Ignored tests: 0
<> Failed tests: 0

22:17:23.087 [pool-145-thread-1] INFO  f.i.l.r.n.s.ConstraintModelBuilder$1PassingListener - Tests run finished (1 ms)
<> Total tests run: 1
<> Ignored tests: 0
<> Failed tests: 0

org.apache.commons.math.optimization.linear.UnboundedSolutionException: unbounded solution
    at org.apache.commons.math.optimization.linear.SimplexSolver.doIteration(SimplexSolver.java:107)
    at org.apache.commons.math.optimization.linear.SimplexSolver.doOptimize(SimplexSolver.java:190)
    at org.apache.commons.math.optimization.linear.AbstractLinearOptimizer.optimize(AbstractLinearOptimizer.java:108)
    at org.apache.commons.math.optimization.linear.SimplexSolverTest.testSolutionWithNegativeDecisionVariable(SimplexSolverTest.java:121)
    at sun.reflect.NativeMethodAccessorImpl.invoke0(Native Method)
    at sun.reflect.NativeMethodAccessorImpl.invoke(NativeMethodAccessorImpl.java:62)
22:17:23.088 [pool-146-thread-1] INFO  f.i.l.r.n.s.ConstraintModelBuilder$1PassingListener - Tests run finished (1 ms)
<> Total tests run: 1
<> Ignored tests: 0
<> Failed tests: 1
~ testSolutionWithNegativeDecisionVariable(org.apache.commons.math.optimization.linear.SimplexSolverTest)
[unbounded solution]
org.apache.commons.math.optimization.linear.UnboundedSolutionException: unbounded solution    at org.apache.commons.math.optimization.linear.SimplexSolver.doIteration(SimplexSolver.java:107)
    at org.apache.commons.math.optimization.linear.SimplexSolver.doOptimize(SimplexSolver.java:190)
    at org.apache.commons.math.optimization.linear.AbstractLinearOptimizer.optimize(AbstractLinearOptimizer.java:108)
    at org.apache.commons.math.optimization.linear.SimplexSolverTest.testSolutionWithNegativeDecisionVariable(SimplexSolverTest.java:121)
    at sun.reflect.NativeMethodAccessorImpl.invoke0(Native Method)
    at sun.reflect.NativeMethodAccessorImpl.invoke(NativeMethodAccessorImpl.java:62)

junit.framework.AssertionFailedError: Wrong value at position [0,4] expected:<2.0> but was:<0.0>
    at junit.framework.Assert.fail(Assert.java:57)
    at junit.framework.Assert.failNotEquals(Assert.java:329)
    at junit.framework.Assert.assertEquals(Assert.java:78)
    at junit.framework.TestCase.assertEquals(TestCase.java:244)
    at org.apache.commons.math.optimization.linear.SimplexTableauTest.assertMatrixEquals(SimplexTableauTest.java:101)
    at org.apache.commons.math.optimization.linear.SimplexTableauTest.testInitialization(SimplexTableauTest.java:42)
22:17:23.091 [pool-147-thread-1] INFO  f.i.l.r.n.s.ConstraintModelBuilder$1PassingListener - Tests run finished (1 ms)
<> Total tests run: 1
<> Ignored tests: 0
<> Failed tests: 1
~ testInitialization(org.apache.commons.math.optimization.linear.SimplexTableauTest)
[Wrong value at position [0,4] expected:<2.0> but was:<0.0>]
junit.framework.AssertionFailedError: Wrong value at position [0,4] expected:<2.0> but was:<0.0>    at junit.framework.Assert.fail(Assert.java:57)
    at junit.framework.Assert.failNotEquals(Assert.java:329)
    at junit.framework.Assert.assertEquals(Assert.java:78)
    at junit.framework.TestCase.assertEquals(TestCase.java:244)
    at org.apache.commons.math.optimization.linear.SimplexTableauTest.assertMatrixEquals(SimplexTableauTest.java:101)
    at org.apache.commons.math.optimization.linear.SimplexTableauTest.testInitialization(SimplexTableauTest.java:42)

junit.framework.AssertionFailedError: Wrong value at position [1,3] expected:<-1.0> but was:<0.0>
    at junit.framework.Assert.fail(Assert.java:57)
    at junit.framework.Assert.failNotEquals(Assert.java:329)
    at junit.framework.Assert.assertEquals(Assert.java:78)
    at junit.framework.TestCase.assertEquals(TestCase.java:244)
    at org.apache.commons.math.optimization.linear.SimplexTableauTest.assertMatrixEquals(SimplexTableauTest.java:101)
    at org.apache.commons.math.optimization.linear.SimplexTableauTest.testdiscardArtificialVariables(SimplexTableauTest.java:57)
22:17:23.092 [pool-148-thread-1] INFO  f.i.l.r.n.s.ConstraintModelBuilder$1PassingListener - Tests run finished (0 ms)
<> Total tests run: 1
<> Ignored tests: 0
<> Failed tests: 1
~ testdiscardArtificialVariables(org.apache.commons.math.optimization.linear.SimplexTableauTest)
[Wrong value at position [1,3] expected:<-1.0> but was:<0.0>]
junit.framework.AssertionFailedError: Wrong value at position [1,3] expected:<-1.0> but was:<0.0>    at junit.framework.Assert.fail(Assert.java:57)
    at junit.framework.Assert.failNotEquals(Assert.java:329)
    at junit.framework.Assert.assertEquals(Assert.java:78)
    at junit.framework.TestCase.assertEquals(TestCase.java:244)
    at org.apache.commons.math.optimization.linear.SimplexTableauTest.assertMatrixEquals(SimplexTableauTest.java:101)
    at org.apache.commons.math.optimization.linear.SimplexTableauTest.testdiscardArtificialVariables(SimplexTableauTest.java:57)

junit.framework.AssertionFailedError: Wrong value at position [1,3] expected:<-1.0> but was:<0.0>
    at junit.framework.Assert.fail(Assert.java:57)
    at junit.framework.Assert.failNotEquals(Assert.java:329)
    at junit.framework.Assert.assertEquals(Assert.java:78)
    at junit.framework.TestCase.assertEquals(TestCase.java:244)
    at org.apache.commons.math.optimization.linear.SimplexTableauTest.assertMatrixEquals(SimplexTableauTest.java:101)
    at org.apache.commons.math.optimization.linear.SimplexTableauTest.testTableauWithNoArtificialVars(SimplexTableauTest.java:74)
22:17:23.094 [pool-149-thread-1] INFO  f.i.l.r.n.s.ConstraintModelBuilder$1PassingListener - Tests run finished (1 ms)
<> Total tests run: 1
<> Ignored tests: 0
<> Failed tests: 1
~ testTableauWithNoArtificialVars(org.apache.commons.math.optimization.linear.SimplexTableauTest)
[Wrong value at position [1,3] expected:<-1.0> but was:<0.0>]
junit.framework.AssertionFailedError: Wrong value at position [1,3] expected:<-1.0> but was:<0.0>    at junit.framework.Assert.fail(Assert.java:57)
    at junit.framework.Assert.failNotEquals(Assert.java:329)
    at junit.framework.Assert.assertEquals(Assert.java:78)
    at junit.framework.TestCase.assertEquals(TestCase.java:244)
    at org.apache.commons.math.optimization.linear.SimplexTableauTest.assertMatrixEquals(SimplexTableauTest.java:101)
    at org.apache.commons.math.optimization.linear.SimplexTableauTest.testTableauWithNoArtificialVars(SimplexTableauTest.java:74)

22:17:23.103 [pool-150-thread-1] INFO  f.i.l.r.n.s.ConstraintModelBuilder$1PassingListener - Tests run finished (8 ms)
<> Total tests run: 1
<> Ignored tests: 0
<> Failed tests: 0

22:17:23.104 [pool-151-thread-1] INFO  f.i.l.r.n.s.ConstraintModelBuilder$1PassingListener - Tests run finished (0 ms)
<> Total tests run: 1
<> Ignored tests: 0
<> Failed tests: 0

22:17:23.105 [pool-152-thread-1] INFO  f.i.l.r.n.s.ConstraintModelBuilder$1PassingListener - Tests run finished (0 ms)
<> Total tests run: 1
<> Ignored tests: 0
<> Failed tests: 0

java.lang.AssertionError: expected:<10.0> but was:<0.0>
    at org.junit.Assert.fail(Assert.java:88)
    at org.junit.Assert.failNotEquals(Assert.java:743)
    at org.junit.Assert.assertEquals(Assert.java:494)
    at org.junit.Assert.assertEquals(Assert.java:592)
    at org.apache.commons.math.optimization.linear.SimplexSolverTest.testSingleVariableAndConstraint(SimplexSolverTest.java:75)
    at sun.reflect.NativeMethodAccessorImpl.invoke0(Native Method)
22:17:23.106 [pool-153-thread-1] INFO  f.i.l.r.n.s.ConstraintModelBuilder$1PassingListener - Tests run finished (0 ms)
<> Total tests run: 1
<> Ignored tests: 0
<> Failed tests: 1
~ testSingleVariableAndConstraint(org.apache.commons.math.optimization.linear.SimplexSolverTest)
[expected:<10.0> but was:<0.0>]
java.lang.AssertionError: expected:<10.0> but was:<0.0>    at org.junit.Assert.fail(Assert.java:88)
    at org.junit.Assert.failNotEquals(Assert.java:743)
    at org.junit.Assert.assertEquals(Assert.java:494)
    at org.junit.Assert.assertEquals(Assert.java:592)
    at org.apache.commons.math.optimization.linear.SimplexSolverTest.testSingleVariableAndConstraint(SimplexSolverTest.java:75)
    at sun.reflect.NativeMethodAccessorImpl.invoke0(Native Method)

22:17:23.107 [pool-154-thread-1] INFO  f.i.l.r.n.s.ConstraintModelBuilder$1PassingListener - Tests run finished (0 ms)
<> Total tests run: 1
<> Ignored tests: 0
<> Failed tests: 0

22:17:23.108 [pool-155-thread-1] INFO  f.i.l.r.n.s.ConstraintModelBuilder$1PassingListener - Tests run finished (0 ms)
<> Total tests run: 1
<> Ignored tests: 0
<> Failed tests: 0

22:17:23.109 [pool-156-thread-1] INFO  f.i.l.r.n.s.ConstraintModelBuilder$1PassingListener - Tests run finished (0 ms)
<> Total tests run: 1
<> Ignored tests: 0
<> Failed tests: 0

22:17:23.110 [pool-157-thread-1] INFO  f.i.l.r.n.s.ConstraintModelBuilder$1PassingListener - Tests run finished (0 ms)
<> Total tests run: 1
<> Ignored tests: 0
<> Failed tests: 0

22:17:23.111 [pool-158-thread-1] INFO  f.i.l.r.n.s.ConstraintModelBuilder$1PassingListener - Tests run finished (0 ms)
<> Total tests run: 1
<> Ignored tests: 0
<> Failed tests: 0

22:17:23.112 [pool-159-thread-1] INFO  f.i.l.r.n.s.ConstraintModelBuilder$1PassingListener - Tests run finished (0 ms)
<> Total tests run: 1
<> Ignored tests: 0
<> Failed tests: 0

22:17:23.113 [pool-160-thread-1] INFO  f.i.l.r.n.s.ConstraintModelBuilder$1PassingListener - Tests run finished (0 ms)
<> Total tests run: 1
<> Ignored tests: 0
<> Failed tests: 0

22:17:23.114 [pool-161-thread-1] INFO  f.i.l.r.n.s.ConstraintModelBuilder$1PassingListener - Tests run finished (1 ms)
<> Total tests run: 1
<> Ignored tests: 0
<> Failed tests: 0

22:17:23.116 [pool-162-thread-1] INFO  f.i.l.r.n.s.ConstraintModelBuilder$1PassingListener - Tests run finished (2 ms)
<> Total tests run: 1
<> Ignored tests: 0
<> Failed tests: 0

22:17:23.117 [pool-163-thread-1] INFO  f.i.l.c.t.SpecificationTestCasesListener - Tests run finished (0 ms)
<> Total tests run: 1
<> Ignored tests: 0
<> Failed tests: 0

22:17:23.118 [pool-164-thread-1] INFO  f.i.l.c.t.SpecificationTestCasesListener - Tests run finished (0 ms)
<> Total tests run: 1
<> Ignored tests: 0
<> Failed tests: 0

22:17:23.120 [pool-165-thread-1] INFO  f.i.l.c.t.SpecificationTestCasesListener - Tests run finished (1 ms)
<> Total tests run: 1
<> Ignored tests: 0
<> Failed tests: 0

22:17:23.121 [pool-166-thread-1] INFO  f.i.l.c.t.SpecificationTestCasesListener - Tests run finished (1 ms)
<> Total tests run: 1
<> Ignored tests: 0
<> Failed tests: 0

22:17:23.306 [pool-135-thread-1] DEBUG f.i.l.c.s.ConstraintBasedSynthesis - Operators:
22:17:23.331 [pool-135-thread-1] DEBUG f.i.l.c.s.ConstraintBasedSynthesis - Operators:
== of arity: 2
!= of arity: 2
< of arity: 2
<= of arity: 2
22:17:23.463 [pool-135-thread-1] DEBUG f.i.l.c.s.ConstraintBasedSynthesis - Successful code synthesis: org.apache.commons.math.optimization.linear.SimplexTableau.this.numDecisionVariables < height
22:17:23.465 [pool-135-thread-1] INFO  f.i.l.repair.nopol.patch.TestPatch - Applying patch: org.apache.commons.math.optimization.linear.SimplexTableau:161: PRECONDITION org.apache.commons.math.optimization.linear.SimplexTableau.this.numDecisionVariables < height
22:17:23.706 [pool-135-thread-1] INFO  f.i.l.repair.nopol.patch.TestPatch - Running test suite to check the patch "org.apache.commons.math.optimization.linear.SimplexTableau.this.numDecisionVariables < height" is working
22:17:23.755 [pool-2-thread-1] INFO  fr.inria.lille.repair.nopol.NoPol - ----INFORMATION----
22:17:23.949 [pool-2-thread-1] INFO  fr.inria.lille.repair.nopol.NoPol - Nb classes : 362
22:17:23.950 [pool-2-thread-1] INFO  fr.inria.lille.repair.nopol.NoPol - Nb methods : 2695
22:17:23.950 [pool-2-thread-1] INFO  fr.inria.lille.repair.nopol.NoPol - Nb Statements Analyzed : 20
22:17:23.950 [pool-2-thread-1] INFO  fr.inria.lille.repair.nopol.NoPol - Nb Statements with Angelic Value Found : 3
22:17:23.950 [pool-2-thread-1] INFO  fr.inria.lille.repair.nopol.NoPol - Nb inputs in SMT : 9
22:17:23.950 [pool-2-thread-1] INFO  fr.inria.lille.repair.nopol.NoPol - Nb SMT level: 2
22:17:23.950 [pool-2-thread-1] INFO  fr.inria.lille.repair.nopol.NoPol - Nb SMT components: [4] [== of arity: 2, != of arity: 2, < of arity: 2, <= of arity: 2]
22:17:23.950 [pool-2-thread-1] INFO  fr.inria.lille.repair.nopol.NoPol -                   class java.lang.Boolean: 4
22:17:23.950 [pool-2-thread-1] INFO  fr.inria.lille.repair.nopol.NoPol - Nb variables in SMT : 30
22:17:23.950 [pool-2-thread-1] INFO  fr.inria.lille.repair.nopol.NoPol - NoPol Execution time : 225372ms
22:17:23.950 [pool-2-thread-1] INFO  fr.inria.lille.repair.nopol.NoPol - 
22:17:23.950 [pool-2-thread-1] INFO  fr.inria.lille.repair.nopol.NoPol - ----PATCH FOUND----
22:17:23.950 [pool-2-thread-1] INFO  fr.inria.lille.repair.nopol.NoPol - org.apache.commons.math.optimization.linear.SimplexTableau.this.numDecisionVariables < height
22:17:23.989 [pool-2-thread-1] INFO  fr.inria.lille.repair.nopol.NoPol - Nb test that executes the patch: 12
22:17:23.989 [pool-2-thread-1] INFO  fr.inria.lille.repair.nopol.NoPol - org.apache.commons.math.optimization.linear.SimplexTableau:161: PRECONDITION
22:17:24.026 [pool-2-thread-1] INFO  fr.inria.lille.repair.nopol.NoPol - --- a/src/java/org/apache/commons/math/optimization/linear/SimplexTableau.java
+++ b/src/java/org/apache/commons/math/optimization/linear/SimplexTableau.java
@@ -160,4 +160,6 @@
                     if (!restrictToNonNegative) {
-                        matrix[row][getSlackVariableOffset() - 1] =
+                        if (org.apache.commons.math.optimization.linear.SimplexTableau.this.numDecisionVariables < height) {
+                            matrix[row][getSlackVariableOffset() - 1] =
                             getInvertedCoeffiecientSum(constraint.getCoefficients());
+                        }
                     }

PATCH
1103.07user 12.01system 3:47.75elapsed 489%CPU (0avgtext+0avgdata 4316340maxresident)k
68296inputs+6864outputs (25major+1313511minor)pagefaults 0swaps


Node: granduc-3.luxembourg.grid5000.fr



Date: Wed Nov 28 22:17:24 EST 2018

