cd /tmp/Nopol_Bears_paritytrading-foundation_364820616-448899327;
export JAVA_TOOL_OPTIONS="-Dfile.encoding=UTF8 -Duser.language=en-US -Duser.country=US -Duser.language=en";
TZ="America/New_York"; export TZ;
export PATH="/usr/lib/jvm/java-1.8.0-openjdk-amd64/bin/:$PATH";
export JAVA_HOME="/usr/lib/jvm/java-1.8.0-openjdk-amd64/bin/";
time java -Xmx4g -Xms1g -cp /home/tdurieux/defects4j4repair/script/../repair_tools/nopol.jar:/usr/lib/jvm/java-1.8.0-openjdk-amd64/bin//../lib/tools.jar fr.inria.lille.repair.Main \
	--mode repair \
	--type pre_then_cond \
	--oracle angelic \
	--synthesis smt \
	--flocal gzoltar \
	--json \
	--solver z3 \
	--solver-path /home/tdurieux/defects4j4repair/script/../libs/z3/build/z3 \
	--complianceLevel 8 \
	--source src/main/java \
	--classpath "target/classes:target/test-classes:/home/tdurieux/.m2/repository/junit/junit/4.12/junit-4.12.jar:/home/tdurieux/.m2/repository/org/hamcrest/hamcrest-core/1.3/hamcrest-core-1.3.jar:/home/tdurieux/defects4j4repair/script/../repair_tools/nopol.jar";
	echo "\n\nNode: `hostname`\n";
	echo "\n\nDate: `date`\n";
Picked up JAVA_TOOL_OPTIONS: -Dfile.encoding=UTF8 -Duser.language=en-US -Duser.country=US -Duser.language=en
16:25:17.337 [main] INFO  fr.inria.lille.repair.nopol.NoPol - Source files: [src/main/java]
16:25:17.417 [main] INFO  fr.inria.lille.repair.nopol.NoPol - Classpath: [file:/tmp/Nopol_Bears_paritytrading-foundation_364820616-448899327/target/classes/, file:/tmp/Nopol_Bears_paritytrading-foundation_364820616-448899327/target/test-classes/, file:/home/tdurieux/.m2/repository/junit/junit/4.12/junit-4.12.jar, file:/home/tdurieux/.m2/repository/org/hamcrest/hamcrest-core/1.3/hamcrest-core-1.3.jar, file:/home/tdurieux/defects4j4repair/script/../repair_tools/nopol.jar]
16:25:17.417 [main] INFO  fr.inria.lille.repair.nopol.NoPol - Statement type: PRE_THEN_COND
16:25:17.417 [main] INFO  fr.inria.lille.repair.nopol.NoPol - Args: [com.paritytrading.foundation.ASCIITest, com.paritytrading.foundation.ByteArraysTest, com.paritytrading.foundation.ByteBuffersTest]
16:25:17.419 [main] INFO  fr.inria.lille.repair.nopol.NoPol - Config: Config{synthesisDepth=3, collectStaticMethods=true, collectStaticFields=false, collectLiterals=false, onlyOneSynthesisResult=true, sortExpressions=true, maxLineInvocationPerTest=250, timeoutMethodInvocation=2000, dataCollectionTimeoutInSecondForSynthesis=900, addWeight=0.19478, subWeight=0.04554, mulWeight=0.0102, divWeight=0.00613, andWeight=0.10597, orWeight=0.05708, eqWeight=0.22798, nEqWeight=0.0, lessEqWeight=0.0255, lessWeight=0.0947, methodCallWeight=0.1, fieldAccessWeight=0.08099, constantWeight=0.14232, variableWeight=0.05195, mode=REPAIR, type=PRE_THEN_COND, synthesis=SMT, oracle=ANGELIC, solver=Z3, solverPath='/home/tdurieux/defects4j4repair/script/../libs/z3/build/z3', projectSources=[src/main/java], projectClasspath='[Ljava.net.URL;@66d33a', projectTests=[com.paritytrading.foundation.ASCIITest, com.paritytrading.foundation.ByteArraysTest, com.paritytrading.foundation.ByteBuffersTest], complianceLevel=8, outputFolder=., json=true}
16:25:17.419 [main] INFO  fr.inria.lille.repair.nopol.NoPol - Available processors (cores): 4
16:25:17.425 [main] INFO  fr.inria.lille.repair.nopol.NoPol - Free memory: 961 MB
16:25:17.425 [main] INFO  fr.inria.lille.repair.nopol.NoPol - Maximum memory: 3 GB
16:25:17.425 [main] INFO  fr.inria.lille.repair.nopol.NoPol - Total memory available to JVM: 981 MB
16:25:17.425 [main] INFO  fr.inria.lille.repair.nopol.NoPol - Java version: 1.8.0_181
16:25:17.426 [main] INFO  fr.inria.lille.repair.nopol.NoPol - JAVA_HOME: /usr/lib/jvm/java-1.8.0-openjdk-amd64/bin/
16:25:17.426 [main] INFO  fr.inria.lille.repair.nopol.NoPol - PATH: /usr/lib/jvm/java-1.8.0-openjdk-amd64/bin/:/usr/lib/oar/oardodo:/usr/lib/oar/oardodo:/usr/local/bin:/usr/bin:/bin:/usr/games
16:25:20.829 [pool-2-thread-1] DEBUG fr.inria.lille.repair.nopol.NoPol - statement #1
16:25:20.829 [pool-2-thread-1] DEBUG fr.inria.lille.repair.nopol.NoPol - Analysing SourceLocation com.paritytrading.foundation.ByteArrays:180 which is executed by 6 tests
1972116611
16:25:21.056 [pool-2-thread-1] DEBUG fr.inria.lille.repair.nopol.NoPol - statement #2
16:25:21.056 [pool-2-thread-1] DEBUG fr.inria.lille.repair.nopol.NoPol - Analysing SourceLocation com.paritytrading.foundation.ByteArrays:178 which is executed by 6 tests
1972116611
16:25:21.119 [pool-2-thread-1] DEBUG fr.inria.lille.repair.nopol.NoPol - looking with class fr.inria.lille.repair.nopol.spoon.smt.ConditionalAdder
java.lang.AssertionError: expected:<1376528744703> but was:<-1>
    at org.junit.Assert.fail(Assert.java:88)
    at org.junit.Assert.failNotEquals(Assert.java:743)
    at org.junit.Assert.assertEquals(Assert.java:118)
    at org.junit.Assert.assertEquals(Assert.java:555)
    at org.junit.Assert.assertEquals(Assert.java:542)
    at com.paritytrading.foundation.ByteArraysTest.longRoundtrip(ByteArraysTest.java:132)
java.lang.AssertionError: expected:<511> but was:<-1>
    at org.junit.Assert.fail(Assert.java:88)
    at org.junit.Assert.failNotEquals(Assert.java:743)
    at org.junit.Assert.assertEquals(Assert.java:118)
    at org.junit.Assert.assertEquals(Assert.java:555)
    at org.junit.Assert.assertEquals(Assert.java:542)
    at com.paritytrading.foundation.ByteArraysTest.shortRoundtrip(ByteArraysTest.java:118)
java.lang.AssertionError: expected:<25133567> but was:<-1>
    at org.junit.Assert.fail(Assert.java:88)
    at org.junit.Assert.failNotEquals(Assert.java:743)
    at org.junit.Assert.assertEquals(Assert.java:118)
    at org.junit.Assert.assertEquals(Assert.java:555)
    at org.junit.Assert.assertEquals(Assert.java:542)
    at com.paritytrading.foundation.ByteArraysTest.intRoundtrip(ByteArraysTest.java:125)
java.lang.AssertionError: expected:<1376528744703> but was:<-1>
    at org.junit.Assert.fail(Assert.java:88)
    at org.junit.Assert.failNotEquals(Assert.java:743)
    at org.junit.Assert.assertEquals(Assert.java:118)
    at org.junit.Assert.assertEquals(Assert.java:555)
    at org.junit.Assert.assertEquals(Assert.java:542)
    at com.paritytrading.foundation.ByteArraysTest.longRoundtrip(ByteArraysTest.java:132)
java.lang.AssertionError: expected:<511> but was:<-1>
    at org.junit.Assert.fail(Assert.java:88)
    at org.junit.Assert.failNotEquals(Assert.java:743)
    at org.junit.Assert.assertEquals(Assert.java:118)
    at org.junit.Assert.assertEquals(Assert.java:555)
    at org.junit.Assert.assertEquals(Assert.java:542)
    at com.paritytrading.foundation.ByteArraysTest.shortRoundtrip(ByteArraysTest.java:118)
java.lang.AssertionError: expected:<25133567> but was:<-1>
    at org.junit.Assert.fail(Assert.java:88)
    at org.junit.Assert.failNotEquals(Assert.java:743)
    at org.junit.Assert.assertEquals(Assert.java:118)
    at org.junit.Assert.assertEquals(Assert.java:555)
    at org.junit.Assert.assertEquals(Assert.java:542)
    at com.paritytrading.foundation.ByteArraysTest.intRoundtrip(ByteArraysTest.java:125)
java.lang.AssertionError: expected:<1376528744703> but was:<-1>
    at org.junit.Assert.fail(Assert.java:88)
    at org.junit.Assert.failNotEquals(Assert.java:743)
    at org.junit.Assert.assertEquals(Assert.java:118)
    at org.junit.Assert.assertEquals(Assert.java:555)
    at org.junit.Assert.assertEquals(Assert.java:542)
    at com.paritytrading.foundation.ByteArraysTest.longRoundtrip(ByteArraysTest.java:132)
java.lang.AssertionError: expected:<511> but was:<-1>
    at org.junit.Assert.fail(Assert.java:88)
    at org.junit.Assert.failNotEquals(Assert.java:743)
    at org.junit.Assert.assertEquals(Assert.java:118)
    at org.junit.Assert.assertEquals(Assert.java:555)
    at org.junit.Assert.assertEquals(Assert.java:542)
    at com.paritytrading.foundation.ByteArraysTest.shortRoundtrip(ByteArraysTest.java:118)
java.lang.AssertionError: expected:<25133567> but was:<-1>
    at org.junit.Assert.fail(Assert.java:88)
    at org.junit.Assert.failNotEquals(Assert.java:743)
    at org.junit.Assert.assertEquals(Assert.java:118)
    at org.junit.Assert.assertEquals(Assert.java:555)
    at org.junit.Assert.assertEquals(Assert.java:542)
    at com.paritytrading.foundation.ByteArraysTest.intRoundtrip(ByteArraysTest.java:125)
16:25:21.168 [pool-4-thread-1] INFO  xxl.java.junit.TestCasesListener - Tests run finished (19 ms)
<> Total tests run: 48
<> Ignored tests: 0
<> Failed tests: 9
~ longRoundtrip(com.paritytrading.foundation.ByteArraysTest)
[expected:<1376528744703> but was:<-1>]
java.lang.AssertionError: expected:<1376528744703> but was:<-1>    at org.junit.Assert.fail(Assert.java:88)
    at org.junit.Assert.failNotEquals(Assert.java:743)
    at org.junit.Assert.assertEquals(Assert.java:118)
    at org.junit.Assert.assertEquals(Assert.java:555)
    at org.junit.Assert.assertEquals(Assert.java:542)
    at com.paritytrading.foundation.ByteArraysTest.longRoundtrip(ByteArraysTest.java:132)
~ shortRoundtrip(com.paritytrading.foundation.ByteArraysTest)
[expected:<511> but was:<-1>]
java.lang.AssertionError: expected:<511> but was:<-1>    at org.junit.Assert.fail(Assert.java:88)
    at org.junit.Assert.failNotEquals(Assert.java:743)
    at org.junit.Assert.assertEquals(Assert.java:118)
    at org.junit.Assert.assertEquals(Assert.java:555)
    at org.junit.Assert.assertEquals(Assert.java:542)
    at com.paritytrading.foundation.ByteArraysTest.shortRoundtrip(ByteArraysTest.java:118)
~ intRoundtrip(com.paritytrading.foundation.ByteArraysTest)
[expected:<25133567> but was:<-1>]
java.lang.AssertionError: expected:<25133567> but was:<-1>    at org.junit.Assert.fail(Assert.java:88)
    at org.junit.Assert.failNotEquals(Assert.java:743)
    at org.junit.Assert.assertEquals(Assert.java:118)
    at org.junit.Assert.assertEquals(Assert.java:555)
    at org.junit.Assert.assertEquals(Assert.java:542)
    at com.paritytrading.foundation.ByteArraysTest.intRoundtrip(ByteArraysTest.java:125)
~ longRoundtrip(com.paritytrading.foundation.ByteArraysTest)
[expected:<1376528744703> but was:<-1>]
java.lang.AssertionError: expected:<1376528744703> but was:<-1>    at org.junit.Assert.fail(Assert.java:88)
    at org.junit.Assert.failNotEquals(Assert.java:743)
    at org.junit.Assert.assertEquals(Assert.java:118)
    at org.junit.Assert.assertEquals(Assert.java:555)
    at org.junit.Assert.assertEquals(Assert.java:542)
    at com.paritytrading.foundation.ByteArraysTest.longRoundtrip(ByteArraysTest.java:132)
~ shortRoundtrip(com.paritytrading.foundation.ByteArraysTest)
[expected:<511> but was:<-1>]
java.lang.AssertionError: expected:<511> but was:<-1>    at org.junit.Assert.fail(Assert.java:88)
    at org.junit.Assert.failNotEquals(Assert.java:743)
    at org.junit.Assert.assertEquals(Assert.java:118)
    at org.junit.Assert.assertEquals(Assert.java:555)
    at org.junit.Assert.assertEquals(Assert.java:542)
    at com.paritytrading.foundation.ByteArraysTest.shortRoundtrip(ByteArraysTest.java:118)
~ intRoundtrip(com.paritytrading.foundation.ByteArraysTest)
[expected:<25133567> but was:<-1>]
java.lang.AssertionError: expected:<25133567> but was:<-1>    at org.junit.Assert.fail(Assert.java:88)
    at org.junit.Assert.failNotEquals(Assert.java:743)
    at org.junit.Assert.assertEquals(Assert.java:118)
    at org.junit.Assert.assertEquals(Assert.java:555)
    at org.junit.Assert.assertEquals(Assert.java:542)
    at com.paritytrading.foundation.ByteArraysTest.intRoundtrip(ByteArraysTest.java:125)
~ longRoundtrip(com.paritytrading.foundation.ByteArraysTest)
[expected:<1376528744703> but was:<-1>]
java.lang.AssertionError: expected:<1376528744703> but was:<-1>    at org.junit.Assert.fail(Assert.java:88)
    at org.junit.Assert.failNotEquals(Assert.java:743)
    at org.junit.Assert.assertEquals(Assert.java:118)
    at org.junit.Assert.assertEquals(Assert.java:555)
    at org.junit.Assert.assertEquals(Assert.java:542)
    at com.paritytrading.foundation.ByteArraysTest.longRoundtrip(ByteArraysTest.java:132)
~ shortRoundtrip(com.paritytrading.foundation.ByteArraysTest)
[expected:<511> but was:<-1>]
java.lang.AssertionError: expected:<511> but was:<-1>    at org.junit.Assert.fail(Assert.java:88)
    at org.junit.Assert.failNotEquals(Assert.java:743)
    at org.junit.Assert.assertEquals(Assert.java:118)
    at org.junit.Assert.assertEquals(Assert.java:555)
    at org.junit.Assert.assertEquals(Assert.java:542)
    at com.paritytrading.foundation.ByteArraysTest.shortRoundtrip(ByteArraysTest.java:118)
~ intRoundtrip(com.paritytrading.foundation.ByteArraysTest)
[expected:<25133567> but was:<-1>]
java.lang.AssertionError: expected:<25133567> but was:<-1>    at org.junit.Assert.fail(Assert.java:88)
    at org.junit.Assert.failNotEquals(Assert.java:743)
    at org.junit.Assert.assertEquals(Assert.java:118)
    at org.junit.Assert.assertEquals(Assert.java:555)
    at org.junit.Assert.assertEquals(Assert.java:542)
    at com.paritytrading.foundation.ByteArraysTest.intRoundtrip(ByteArraysTest.java:125)

java.lang.AssertionError: expected:<511> but was:<0>
    at org.junit.Assert.fail(Assert.java:88)
    at org.junit.Assert.failNotEquals(Assert.java:743)
    at org.junit.Assert.assertEquals(Assert.java:118)
    at org.junit.Assert.assertEquals(Assert.java:555)
    at org.junit.Assert.assertEquals(Assert.java:542)
    at com.paritytrading.foundation.ByteArraysTest.shortRoundtrip(ByteArraysTest.java:118)
16:25:21.715 [pool-5-thread-1] INFO  f.i.l.c.t.SpecificationTestCasesListener - Tests run finished (5 ms)
<> Total tests run: 1
<> Ignored tests: 0
<> Failed tests: 1
~ shortRoundtrip(com.paritytrading.foundation.ByteArraysTest)
[expected:<511> but was:<0>]
java.lang.AssertionError: expected:<511> but was:<0>    at org.junit.Assert.fail(Assert.java:88)
    at org.junit.Assert.failNotEquals(Assert.java:743)
    at org.junit.Assert.assertEquals(Assert.java:118)
    at org.junit.Assert.assertEquals(Assert.java:555)
    at org.junit.Assert.assertEquals(Assert.java:542)
    at com.paritytrading.foundation.ByteArraysTest.shortRoundtrip(ByteArraysTest.java:118)

java.lang.AssertionError: expected:<1376528744703> but was:<0>
    at org.junit.Assert.fail(Assert.java:88)
    at org.junit.Assert.failNotEquals(Assert.java:743)
    at org.junit.Assert.assertEquals(Assert.java:118)
    at org.junit.Assert.assertEquals(Assert.java:555)
    at org.junit.Assert.assertEquals(Assert.java:542)
    at com.paritytrading.foundation.ByteArraysTest.longRoundtrip(ByteArraysTest.java:132)
16:25:21.717 [pool-6-thread-1] INFO  f.i.l.c.t.SpecificationTestCasesListener - Tests run finished (0 ms)
<> Total tests run: 1
<> Ignored tests: 0
<> Failed tests: 1
~ longRoundtrip(com.paritytrading.foundation.ByteArraysTest)
[expected:<1376528744703> but was:<0>]
java.lang.AssertionError: expected:<1376528744703> but was:<0>    at org.junit.Assert.fail(Assert.java:88)
    at org.junit.Assert.failNotEquals(Assert.java:743)
    at org.junit.Assert.assertEquals(Assert.java:118)
    at org.junit.Assert.assertEquals(Assert.java:555)
    at org.junit.Assert.assertEquals(Assert.java:542)
    at com.paritytrading.foundation.ByteArraysTest.longRoundtrip(ByteArraysTest.java:132)

java.lang.AssertionError: expected:<25133567> but was:<0>
    at org.junit.Assert.fail(Assert.java:88)
    at org.junit.Assert.failNotEquals(Assert.java:743)
    at org.junit.Assert.assertEquals(Assert.java:118)
    at org.junit.Assert.assertEquals(Assert.java:555)
    at org.junit.Assert.assertEquals(Assert.java:542)
    at com.paritytrading.foundation.ByteArraysTest.intRoundtrip(ByteArraysTest.java:125)
16:25:21.719 [pool-7-thread-1] INFO  f.i.l.c.t.SpecificationTestCasesListener - Tests run finished (0 ms)
<> Total tests run: 1
<> Ignored tests: 0
<> Failed tests: 1
~ intRoundtrip(com.paritytrading.foundation.ByteArraysTest)
[expected:<25133567> but was:<0>]
java.lang.AssertionError: expected:<25133567> but was:<0>    at org.junit.Assert.fail(Assert.java:88)
    at org.junit.Assert.failNotEquals(Assert.java:743)
    at org.junit.Assert.assertEquals(Assert.java:118)
    at org.junit.Assert.assertEquals(Assert.java:555)
    at org.junit.Assert.assertEquals(Assert.java:542)
    at com.paritytrading.foundation.ByteArraysTest.intRoundtrip(ByteArraysTest.java:125)

java.lang.AssertionError: expected:<511> but was:<-1>
    at org.junit.Assert.fail(Assert.java:88)
    at org.junit.Assert.failNotEquals(Assert.java:743)
    at org.junit.Assert.assertEquals(Assert.java:118)
    at org.junit.Assert.assertEquals(Assert.java:555)
    at org.junit.Assert.assertEquals(Assert.java:542)
    at com.paritytrading.foundation.ByteArraysTest.shortRoundtrip(ByteArraysTest.java:118)
16:25:21.721 [pool-8-thread-1] INFO  f.i.l.c.t.SpecificationTestCasesListener - Tests run finished (0 ms)
<> Total tests run: 1
<> Ignored tests: 0
<> Failed tests: 1
~ shortRoundtrip(com.paritytrading.foundation.ByteArraysTest)
[expected:<511> but was:<-1>]
java.lang.AssertionError: expected:<511> but was:<-1>    at org.junit.Assert.fail(Assert.java:88)
    at org.junit.Assert.failNotEquals(Assert.java:743)
    at org.junit.Assert.assertEquals(Assert.java:118)
    at org.junit.Assert.assertEquals(Assert.java:555)
    at org.junit.Assert.assertEquals(Assert.java:542)
    at com.paritytrading.foundation.ByteArraysTest.shortRoundtrip(ByteArraysTest.java:118)

java.lang.AssertionError: expected:<1376528744703> but was:<-1>
    at org.junit.Assert.fail(Assert.java:88)
    at org.junit.Assert.failNotEquals(Assert.java:743)
    at org.junit.Assert.assertEquals(Assert.java:118)
    at org.junit.Assert.assertEquals(Assert.java:555)
    at org.junit.Assert.assertEquals(Assert.java:542)
    at com.paritytrading.foundation.ByteArraysTest.longRoundtrip(ByteArraysTest.java:132)
16:25:21.738 [pool-9-thread-1] INFO  f.i.l.c.t.SpecificationTestCasesListener - Tests run finished (1 ms)
<> Total tests run: 1
<> Ignored tests: 0
<> Failed tests: 1
~ longRoundtrip(com.paritytrading.foundation.ByteArraysTest)
[expected:<1376528744703> but was:<-1>]
java.lang.AssertionError: expected:<1376528744703> but was:<-1>    at org.junit.Assert.fail(Assert.java:88)
    at org.junit.Assert.failNotEquals(Assert.java:743)
    at org.junit.Assert.assertEquals(Assert.java:118)
    at org.junit.Assert.assertEquals(Assert.java:555)
    at org.junit.Assert.assertEquals(Assert.java:542)
    at com.paritytrading.foundation.ByteArraysTest.longRoundtrip(ByteArraysTest.java:132)

java.lang.AssertionError: expected:<25133567> but was:<-1>
    at org.junit.Assert.fail(Assert.java:88)
    at org.junit.Assert.failNotEquals(Assert.java:743)
    at org.junit.Assert.assertEquals(Assert.java:118)
    at org.junit.Assert.assertEquals(Assert.java:555)
    at org.junit.Assert.assertEquals(Assert.java:542)
    at com.paritytrading.foundation.ByteArraysTest.intRoundtrip(ByteArraysTest.java:125)
16:25:21.740 [pool-10-thread-1] INFO  f.i.l.c.t.SpecificationTestCasesListener - Tests run finished (0 ms)
<> Total tests run: 1
<> Ignored tests: 0
<> Failed tests: 1
~ intRoundtrip(com.paritytrading.foundation.ByteArraysTest)
[expected:<25133567> but was:<-1>]
java.lang.AssertionError: expected:<25133567> but was:<-1>    at org.junit.Assert.fail(Assert.java:88)
    at org.junit.Assert.failNotEquals(Assert.java:743)
    at org.junit.Assert.assertEquals(Assert.java:118)
    at org.junit.Assert.assertEquals(Assert.java:555)
    at org.junit.Assert.assertEquals(Assert.java:542)
    at com.paritytrading.foundation.ByteArraysTest.intRoundtrip(ByteArraysTest.java:125)

16:25:21.740 [pool-3-thread-1] DEBUG tests.output - Failing tests with false: 
[shortRoundtrip(com.paritytrading.foundation.ByteArraysTest): expected:<511> but was:<0>, longRoundtrip(com.paritytrading.foundation.ByteArraysTest): expected:<1376528744703> but was:<0>, intRoundtrip(com.paritytrading.foundation.ByteArraysTest): expected:<25133567> but was:<0>]
16:25:21.740 [pool-3-thread-1] DEBUG tests.output - Failing tests with true: 
[shortRoundtrip(com.paritytrading.foundation.ByteArraysTest): expected:<511> but was:<-1>, longRoundtrip(com.paritytrading.foundation.ByteArraysTest): expected:<1376528744703> but was:<-1>, intRoundtrip(com.paritytrading.foundation.ByteArraysTest): expected:<25133567> but was:<-1>]
16:25:21.741 [pool-3-thread-1] INFO  f.i.l.r.n.synth.SMTNopolSynthesizer - Not enough specifications: 0. A trivial patch is "true" or "false", please write new tests specifying SourceLocation com.paritytrading.foundation.ByteArrays:178.
16:25:21.741 [pool-2-thread-1] DEBUG fr.inria.lille.repair.nopol.NoPol - statement #3
16:25:21.741 [pool-2-thread-1] DEBUG fr.inria.lille.repair.nopol.NoPol - Analysing SourceLocation com.paritytrading.foundation.ByteArrays:176 which is executed by 6 tests
1972116611
16:25:21.793 [pool-2-thread-1] DEBUG fr.inria.lille.repair.nopol.NoPol - statement #4
16:25:21.793 [pool-2-thread-1] DEBUG fr.inria.lille.repair.nopol.NoPol - Analysing SourceLocation com.paritytrading.foundation.ByteArrays:98 which is executed by 6 tests
1972116611
16:25:21.843 [pool-2-thread-1] DEBUG fr.inria.lille.repair.nopol.NoPol - statement #5
16:25:21.843 [pool-2-thread-1] DEBUG fr.inria.lille.repair.nopol.NoPol - Analysing SourceLocation com.paritytrading.foundation.ByteArrays:95 which is executed by 6 tests
1972116611
16:25:21.902 [pool-2-thread-1] DEBUG fr.inria.lille.repair.nopol.NoPol - looking with class fr.inria.lille.repair.nopol.spoon.smt.ConditionalAdder
java.lang.AssertionError: expected:<1376528744703> but was:<-1>
    at org.junit.Assert.fail(Assert.java:88)
    at org.junit.Assert.failNotEquals(Assert.java:743)
    at org.junit.Assert.assertEquals(Assert.java:118)
    at org.junit.Assert.assertEquals(Assert.java:555)
    at org.junit.Assert.assertEquals(Assert.java:542)
    at com.paritytrading.foundation.ByteArraysTest.longRoundtrip(ByteArraysTest.java:132)
java.lang.AssertionError: expected:<511> but was:<-1>
    at org.junit.Assert.fail(Assert.java:88)
    at org.junit.Assert.failNotEquals(Assert.java:743)
    at org.junit.Assert.assertEquals(Assert.java:118)
    at org.junit.Assert.assertEquals(Assert.java:555)
    at org.junit.Assert.assertEquals(Assert.java:542)
    at com.paritytrading.foundation.ByteArraysTest.shortRoundtrip(ByteArraysTest.java:118)
java.lang.AssertionError: expected:<25133567> but was:<-1>
    at org.junit.Assert.fail(Assert.java:88)
    at org.junit.Assert.failNotEquals(Assert.java:743)
    at org.junit.Assert.assertEquals(Assert.java:118)
    at org.junit.Assert.assertEquals(Assert.java:555)
    at org.junit.Assert.assertEquals(Assert.java:542)
    at com.paritytrading.foundation.ByteArraysTest.intRoundtrip(ByteArraysTest.java:125)
java.lang.AssertionError: expected:<1376528744703> but was:<-1>
    at org.junit.Assert.fail(Assert.java:88)
    at org.junit.Assert.failNotEquals(Assert.java:743)
    at org.junit.Assert.assertEquals(Assert.java:118)
    at org.junit.Assert.assertEquals(Assert.java:555)
    at org.junit.Assert.assertEquals(Assert.java:542)
    at com.paritytrading.foundation.ByteArraysTest.longRoundtrip(ByteArraysTest.java:132)
java.lang.AssertionError: expected:<511> but was:<-1>
    at org.junit.Assert.fail(Assert.java:88)
    at org.junit.Assert.failNotEquals(Assert.java:743)
    at org.junit.Assert.assertEquals(Assert.java:118)
    at org.junit.Assert.assertEquals(Assert.java:555)
    at org.junit.Assert.assertEquals(Assert.java:542)
    at com.paritytrading.foundation.ByteArraysTest.shortRoundtrip(ByteArraysTest.java:118)
java.lang.AssertionError: expected:<25133567> but was:<-1>
    at org.junit.Assert.fail(Assert.java:88)
    at org.junit.Assert.failNotEquals(Assert.java:743)
    at org.junit.Assert.assertEquals(Assert.java:118)
    at org.junit.Assert.assertEquals(Assert.java:555)
    at org.junit.Assert.assertEquals(Assert.java:542)
    at com.paritytrading.foundation.ByteArraysTest.intRoundtrip(ByteArraysTest.java:125)
java.lang.AssertionError: expected:<1376528744703> but was:<-1>
    at org.junit.Assert.fail(Assert.java:88)
    at org.junit.Assert.failNotEquals(Assert.java:743)
    at org.junit.Assert.assertEquals(Assert.java:118)
    at org.junit.Assert.assertEquals(Assert.java:555)
    at org.junit.Assert.assertEquals(Assert.java:542)
    at com.paritytrading.foundation.ByteArraysTest.longRoundtrip(ByteArraysTest.java:132)
java.lang.AssertionError: expected:<511> but was:<-1>
    at org.junit.Assert.fail(Assert.java:88)
    at org.junit.Assert.failNotEquals(Assert.java:743)
    at org.junit.Assert.assertEquals(Assert.java:118)
    at org.junit.Assert.assertEquals(Assert.java:555)
    at org.junit.Assert.assertEquals(Assert.java:542)
    at com.paritytrading.foundation.ByteArraysTest.shortRoundtrip(ByteArraysTest.java:118)
java.lang.AssertionError: expected:<25133567> but was:<-1>
    at org.junit.Assert.fail(Assert.java:88)
    at org.junit.Assert.failNotEquals(Assert.java:743)
    at org.junit.Assert.assertEquals(Assert.java:118)
    at org.junit.Assert.assertEquals(Assert.java:555)
    at org.junit.Assert.assertEquals(Assert.java:542)
    at com.paritytrading.foundation.ByteArraysTest.intRoundtrip(ByteArraysTest.java:125)
16:25:21.922 [pool-12-thread-1] INFO  xxl.java.junit.TestCasesListener - Tests run finished (10 ms)
<> Total tests run: 48
<> Ignored tests: 0
<> Failed tests: 9
~ longRoundtrip(com.paritytrading.foundation.ByteArraysTest)
[expected:<1376528744703> but was:<-1>]
java.lang.AssertionError: expected:<1376528744703> but was:<-1>    at org.junit.Assert.fail(Assert.java:88)
    at org.junit.Assert.failNotEquals(Assert.java:743)
    at org.junit.Assert.assertEquals(Assert.java:118)
    at org.junit.Assert.assertEquals(Assert.java:555)
    at org.junit.Assert.assertEquals(Assert.java:542)
    at com.paritytrading.foundation.ByteArraysTest.longRoundtrip(ByteArraysTest.java:132)
~ shortRoundtrip(com.paritytrading.foundation.ByteArraysTest)
[expected:<511> but was:<-1>]
java.lang.AssertionError: expected:<511> but was:<-1>    at org.junit.Assert.fail(Assert.java:88)
    at org.junit.Assert.failNotEquals(Assert.java:743)
    at org.junit.Assert.assertEquals(Assert.java:118)
    at org.junit.Assert.assertEquals(Assert.java:555)
    at org.junit.Assert.assertEquals(Assert.java:542)
    at com.paritytrading.foundation.ByteArraysTest.shortRoundtrip(ByteArraysTest.java:118)
~ intRoundtrip(com.paritytrading.foundation.ByteArraysTest)
[expected:<25133567> but was:<-1>]
java.lang.AssertionError: expected:<25133567> but was:<-1>    at org.junit.Assert.fail(Assert.java:88)
    at org.junit.Assert.failNotEquals(Assert.java:743)
    at org.junit.Assert.assertEquals(Assert.java:118)
    at org.junit.Assert.assertEquals(Assert.java:555)
    at org.junit.Assert.assertEquals(Assert.java:542)
    at com.paritytrading.foundation.ByteArraysTest.intRoundtrip(ByteArraysTest.java:125)
~ longRoundtrip(com.paritytrading.foundation.ByteArraysTest)
[expected:<1376528744703> but was:<-1>]
java.lang.AssertionError: expected:<1376528744703> but was:<-1>    at org.junit.Assert.fail(Assert.java:88)
    at org.junit.Assert.failNotEquals(Assert.java:743)
    at org.junit.Assert.assertEquals(Assert.java:118)
    at org.junit.Assert.assertEquals(Assert.java:555)
    at org.junit.Assert.assertEquals(Assert.java:542)
    at com.paritytrading.foundation.ByteArraysTest.longRoundtrip(ByteArraysTest.java:132)
~ shortRoundtrip(com.paritytrading.foundation.ByteArraysTest)
[expected:<511> but was:<-1>]
java.lang.AssertionError: expected:<511> but was:<-1>    at org.junit.Assert.fail(Assert.java:88)
    at org.junit.Assert.failNotEquals(Assert.java:743)
    at org.junit.Assert.assertEquals(Assert.java:118)
    at org.junit.Assert.assertEquals(Assert.java:555)
    at org.junit.Assert.assertEquals(Assert.java:542)
    at com.paritytrading.foundation.ByteArraysTest.shortRoundtrip(ByteArraysTest.java:118)
~ intRoundtrip(com.paritytrading.foundation.ByteArraysTest)
[expected:<25133567> but was:<-1>]
java.lang.AssertionError: expected:<25133567> but was:<-1>    at org.junit.Assert.fail(Assert.java:88)
    at org.junit.Assert.failNotEquals(Assert.java:743)
    at org.junit.Assert.assertEquals(Assert.java:118)
    at org.junit.Assert.assertEquals(Assert.java:555)
    at org.junit.Assert.assertEquals(Assert.java:542)
    at com.paritytrading.foundation.ByteArraysTest.intRoundtrip(ByteArraysTest.java:125)
~ longRoundtrip(com.paritytrading.foundation.ByteArraysTest)
[expected:<1376528744703> but was:<-1>]
java.lang.AssertionError: expected:<1376528744703> but was:<-1>    at org.junit.Assert.fail(Assert.java:88)
    at org.junit.Assert.failNotEquals(Assert.java:743)
    at org.junit.Assert.assertEquals(Assert.java:118)
    at org.junit.Assert.assertEquals(Assert.java:555)
    at org.junit.Assert.assertEquals(Assert.java:542)
    at com.paritytrading.foundation.ByteArraysTest.longRoundtrip(ByteArraysTest.java:132)
~ shortRoundtrip(com.paritytrading.foundation.ByteArraysTest)
[expected:<511> but was:<-1>]
java.lang.AssertionError: expected:<511> but was:<-1>    at org.junit.Assert.fail(Assert.java:88)
    at org.junit.Assert.failNotEquals(Assert.java:743)
    at org.junit.Assert.assertEquals(Assert.java:118)
    at org.junit.Assert.assertEquals(Assert.java:555)
    at org.junit.Assert.assertEquals(Assert.java:542)
    at com.paritytrading.foundation.ByteArraysTest.shortRoundtrip(ByteArraysTest.java:118)
~ intRoundtrip(com.paritytrading.foundation.ByteArraysTest)
[expected:<25133567> but was:<-1>]
java.lang.AssertionError: expected:<25133567> but was:<-1>    at org.junit.Assert.fail(Assert.java:88)
    at org.junit.Assert.failNotEquals(Assert.java:743)
    at org.junit.Assert.assertEquals(Assert.java:118)
    at org.junit.Assert.assertEquals(Assert.java:555)
    at org.junit.Assert.assertEquals(Assert.java:542)
    at com.paritytrading.foundation.ByteArraysTest.intRoundtrip(ByteArraysTest.java:125)

java.lang.AssertionError: expected:<511> but was:<-1>
    at org.junit.Assert.fail(Assert.java:88)
    at org.junit.Assert.failNotEquals(Assert.java:743)
    at org.junit.Assert.assertEquals(Assert.java:118)
    at org.junit.Assert.assertEquals(Assert.java:555)
    at org.junit.Assert.assertEquals(Assert.java:542)
    at com.paritytrading.foundation.ByteArraysTest.shortRoundtrip(ByteArraysTest.java:118)
16:25:22.071 [pool-13-thread-1] INFO  f.i.l.c.t.SpecificationTestCasesListener - Tests run finished (1 ms)
<> Total tests run: 1
<> Ignored tests: 0
<> Failed tests: 1
~ shortRoundtrip(com.paritytrading.foundation.ByteArraysTest)
[expected:<511> but was:<-1>]
java.lang.AssertionError: expected:<511> but was:<-1>    at org.junit.Assert.fail(Assert.java:88)
    at org.junit.Assert.failNotEquals(Assert.java:743)
    at org.junit.Assert.assertEquals(Assert.java:118)
    at org.junit.Assert.assertEquals(Assert.java:555)
    at org.junit.Assert.assertEquals(Assert.java:542)
    at com.paritytrading.foundation.ByteArraysTest.shortRoundtrip(ByteArraysTest.java:118)

java.lang.AssertionError: expected:<1376528744703> but was:<-1>
    at org.junit.Assert.fail(Assert.java:88)
    at org.junit.Assert.failNotEquals(Assert.java:743)
    at org.junit.Assert.assertEquals(Assert.java:118)
    at org.junit.Assert.assertEquals(Assert.java:555)
    at org.junit.Assert.assertEquals(Assert.java:542)
    at com.paritytrading.foundation.ByteArraysTest.longRoundtrip(ByteArraysTest.java:132)
16:25:22.073 [pool-14-thread-1] INFO  f.i.l.c.t.SpecificationTestCasesListener - Tests run finished (1 ms)
<> Total tests run: 1
<> Ignored tests: 0
<> Failed tests: 1
~ longRoundtrip(com.paritytrading.foundation.ByteArraysTest)
[expected:<1376528744703> but was:<-1>]
java.lang.AssertionError: expected:<1376528744703> but was:<-1>    at org.junit.Assert.fail(Assert.java:88)
    at org.junit.Assert.failNotEquals(Assert.java:743)
    at org.junit.Assert.assertEquals(Assert.java:118)
    at org.junit.Assert.assertEquals(Assert.java:555)
    at org.junit.Assert.assertEquals(Assert.java:542)
    at com.paritytrading.foundation.ByteArraysTest.longRoundtrip(ByteArraysTest.java:132)

java.lang.AssertionError: expected:<25133567> but was:<-1>
    at org.junit.Assert.fail(Assert.java:88)
    at org.junit.Assert.failNotEquals(Assert.java:743)
    at org.junit.Assert.assertEquals(Assert.java:118)
    at org.junit.Assert.assertEquals(Assert.java:555)
    at org.junit.Assert.assertEquals(Assert.java:542)
    at com.paritytrading.foundation.ByteArraysTest.intRoundtrip(ByteArraysTest.java:125)
16:25:22.083 [pool-15-thread-1] INFO  f.i.l.c.t.SpecificationTestCasesListener - Tests run finished (1 ms)
<> Total tests run: 1
<> Ignored tests: 0
<> Failed tests: 1
~ intRoundtrip(com.paritytrading.foundation.ByteArraysTest)
[expected:<25133567> but was:<-1>]
java.lang.AssertionError: expected:<25133567> but was:<-1>    at org.junit.Assert.fail(Assert.java:88)
    at org.junit.Assert.failNotEquals(Assert.java:743)
    at org.junit.Assert.assertEquals(Assert.java:118)
    at org.junit.Assert.assertEquals(Assert.java:555)
    at org.junit.Assert.assertEquals(Assert.java:542)
    at com.paritytrading.foundation.ByteArraysTest.intRoundtrip(ByteArraysTest.java:125)

java.lang.AssertionError: expected:<511> but was:<-1>
    at org.junit.Assert.fail(Assert.java:88)
    at org.junit.Assert.failNotEquals(Assert.java:743)
    at org.junit.Assert.assertEquals(Assert.java:118)
    at org.junit.Assert.assertEquals(Assert.java:555)
    at org.junit.Assert.assertEquals(Assert.java:542)
    at com.paritytrading.foundation.ByteArraysTest.shortRoundtrip(ByteArraysTest.java:118)
16:25:22.087 [pool-16-thread-1] INFO  f.i.l.c.t.SpecificationTestCasesListener - Tests run finished (0 ms)
<> Total tests run: 1
<> Ignored tests: 0
<> Failed tests: 1
~ shortRoundtrip(com.paritytrading.foundation.ByteArraysTest)
[expected:<511> but was:<-1>]
java.lang.AssertionError: expected:<511> but was:<-1>    at org.junit.Assert.fail(Assert.java:88)
    at org.junit.Assert.failNotEquals(Assert.java:743)
    at org.junit.Assert.assertEquals(Assert.java:118)
    at org.junit.Assert.assertEquals(Assert.java:555)
    at org.junit.Assert.assertEquals(Assert.java:542)
    at com.paritytrading.foundation.ByteArraysTest.shortRoundtrip(ByteArraysTest.java:118)

java.lang.AssertionError: expected:<1376528744703> but was:<-1>
    at org.junit.Assert.fail(Assert.java:88)
    at org.junit.Assert.failNotEquals(Assert.java:743)
    at org.junit.Assert.assertEquals(Assert.java:118)
    at org.junit.Assert.assertEquals(Assert.java:555)
    at org.junit.Assert.assertEquals(Assert.java:542)
    at com.paritytrading.foundation.ByteArraysTest.longRoundtrip(ByteArraysTest.java:132)
16:25:22.089 [pool-17-thread-1] INFO  f.i.l.c.t.SpecificationTestCasesListener - Tests run finished (0 ms)
<> Total tests run: 1
<> Ignored tests: 0
<> Failed tests: 1
~ longRoundtrip(com.paritytrading.foundation.ByteArraysTest)
[expected:<1376528744703> but was:<-1>]
java.lang.AssertionError: expected:<1376528744703> but was:<-1>    at org.junit.Assert.fail(Assert.java:88)
    at org.junit.Assert.failNotEquals(Assert.java:743)
    at org.junit.Assert.assertEquals(Assert.java:118)
    at org.junit.Assert.assertEquals(Assert.java:555)
    at org.junit.Assert.assertEquals(Assert.java:542)
    at com.paritytrading.foundation.ByteArraysTest.longRoundtrip(ByteArraysTest.java:132)

java.lang.AssertionError: expected:<25133567> but was:<-1>
    at org.junit.Assert.fail(Assert.java:88)
    at org.junit.Assert.failNotEquals(Assert.java:743)
    at org.junit.Assert.assertEquals(Assert.java:118)
    at org.junit.Assert.assertEquals(Assert.java:555)
    at org.junit.Assert.assertEquals(Assert.java:542)
    at com.paritytrading.foundation.ByteArraysTest.intRoundtrip(ByteArraysTest.java:125)
16:25:22.091 [pool-18-thread-1] INFO  f.i.l.c.t.SpecificationTestCasesListener - Tests run finished (0 ms)
<> Total tests run: 1
<> Ignored tests: 0
<> Failed tests: 1
~ intRoundtrip(com.paritytrading.foundation.ByteArraysTest)
[expected:<25133567> but was:<-1>]
java.lang.AssertionError: expected:<25133567> but was:<-1>    at org.junit.Assert.fail(Assert.java:88)
    at org.junit.Assert.failNotEquals(Assert.java:743)
    at org.junit.Assert.assertEquals(Assert.java:118)
    at org.junit.Assert.assertEquals(Assert.java:555)
    at org.junit.Assert.assertEquals(Assert.java:542)
    at com.paritytrading.foundation.ByteArraysTest.intRoundtrip(ByteArraysTest.java:125)

16:25:22.092 [pool-11-thread-1] DEBUG tests.output - Failing tests with false: 
[shortRoundtrip(com.paritytrading.foundation.ByteArraysTest): expected:<511> but was:<-1>, longRoundtrip(com.paritytrading.foundation.ByteArraysTest): expected:<1376528744703> but was:<-1>, intRoundtrip(com.paritytrading.foundation.ByteArraysTest): expected:<25133567> but was:<-1>]
16:25:22.092 [pool-11-thread-1] DEBUG tests.output - Failing tests with true: 
[shortRoundtrip(com.paritytrading.foundation.ByteArraysTest): expected:<511> but was:<-1>, longRoundtrip(com.paritytrading.foundation.ByteArraysTest): expected:<1376528744703> but was:<-1>, intRoundtrip(com.paritytrading.foundation.ByteArraysTest): expected:<25133567> but was:<-1>]
16:25:22.093 [pool-11-thread-1] INFO  f.i.l.r.n.synth.SMTNopolSynthesizer - Not enough specifications: 0. A trivial patch is "true" or "false", please write new tests specifying SourceLocation com.paritytrading.foundation.ByteArrays:95.
16:25:22.099 [pool-2-thread-1] DEBUG fr.inria.lille.repair.nopol.NoPol - statement #6
16:25:22.099 [pool-2-thread-1] DEBUG fr.inria.lille.repair.nopol.NoPol - Analysing SourceLocation com.paritytrading.foundation.ByteArrays:93 which is executed by 6 tests
1972116611
16:25:22.161 [pool-2-thread-1] DEBUG fr.inria.lille.repair.nopol.NoPol - looking with class fr.inria.lille.repair.nopol.spoon.smt.ConditionalAdder
java.lang.AssertionError: expected:<1376528744703> but was:<-1>
    at org.junit.Assert.fail(Assert.java:88)
    at org.junit.Assert.failNotEquals(Assert.java:743)
    at org.junit.Assert.assertEquals(Assert.java:118)
    at org.junit.Assert.assertEquals(Assert.java:555)
    at org.junit.Assert.assertEquals(Assert.java:542)
    at com.paritytrading.foundation.ByteArraysTest.longRoundtrip(ByteArraysTest.java:132)
java.lang.AssertionError: expected:<511> but was:<-1>
    at org.junit.Assert.fail(Assert.java:88)
    at org.junit.Assert.failNotEquals(Assert.java:743)
    at org.junit.Assert.assertEquals(Assert.java:118)
    at org.junit.Assert.assertEquals(Assert.java:555)
    at org.junit.Assert.assertEquals(Assert.java:542)
    at com.paritytrading.foundation.ByteArraysTest.shortRoundtrip(ByteArraysTest.java:118)
java.lang.AssertionError: expected:<25133567> but was:<-1>
    at org.junit.Assert.fail(Assert.java:88)
    at org.junit.Assert.failNotEquals(Assert.java:743)
    at org.junit.Assert.assertEquals(Assert.java:118)
    at org.junit.Assert.assertEquals(Assert.java:555)
    at org.junit.Assert.assertEquals(Assert.java:542)
    at com.paritytrading.foundation.ByteArraysTest.intRoundtrip(ByteArraysTest.java:125)
java.lang.AssertionError: expected:<1376528744703> but was:<-1>
    at org.junit.Assert.fail(Assert.java:88)
    at org.junit.Assert.failNotEquals(Assert.java:743)
    at org.junit.Assert.assertEquals(Assert.java:118)
    at org.junit.Assert.assertEquals(Assert.java:555)
    at org.junit.Assert.assertEquals(Assert.java:542)
    at com.paritytrading.foundation.ByteArraysTest.longRoundtrip(ByteArraysTest.java:132)
java.lang.AssertionError: expected:<511> but was:<-1>
    at org.junit.Assert.fail(Assert.java:88)
    at org.junit.Assert.failNotEquals(Assert.java:743)
    at org.junit.Assert.assertEquals(Assert.java:118)
    at org.junit.Assert.assertEquals(Assert.java:555)
    at org.junit.Assert.assertEquals(Assert.java:542)
    at com.paritytrading.foundation.ByteArraysTest.shortRoundtrip(ByteArraysTest.java:118)
java.lang.AssertionError: expected:<25133567> but was:<-1>
    at org.junit.Assert.fail(Assert.java:88)
    at org.junit.Assert.failNotEquals(Assert.java:743)
    at org.junit.Assert.assertEquals(Assert.java:118)
    at org.junit.Assert.assertEquals(Assert.java:555)
    at org.junit.Assert.assertEquals(Assert.java:542)
    at com.paritytrading.foundation.ByteArraysTest.intRoundtrip(ByteArraysTest.java:125)
java.lang.AssertionError: expected:<1376528744703> but was:<-1>
    at org.junit.Assert.fail(Assert.java:88)
    at org.junit.Assert.failNotEquals(Assert.java:743)
    at org.junit.Assert.assertEquals(Assert.java:118)
    at org.junit.Assert.assertEquals(Assert.java:555)
    at org.junit.Assert.assertEquals(Assert.java:542)
    at com.paritytrading.foundation.ByteArraysTest.longRoundtrip(ByteArraysTest.java:132)
java.lang.AssertionError: expected:<511> but was:<-1>
    at org.junit.Assert.fail(Assert.java:88)
    at org.junit.Assert.failNotEquals(Assert.java:743)
    at org.junit.Assert.assertEquals(Assert.java:118)
    at org.junit.Assert.assertEquals(Assert.java:555)
    at org.junit.Assert.assertEquals(Assert.java:542)
    at com.paritytrading.foundation.ByteArraysTest.shortRoundtrip(ByteArraysTest.java:118)
java.lang.AssertionError: expected:<25133567> but was:<-1>
    at org.junit.Assert.fail(Assert.java:88)
    at org.junit.Assert.failNotEquals(Assert.java:743)
    at org.junit.Assert.assertEquals(Assert.java:118)
    at org.junit.Assert.assertEquals(Assert.java:555)
    at org.junit.Assert.assertEquals(Assert.java:542)
    at com.paritytrading.foundation.ByteArraysTest.intRoundtrip(ByteArraysTest.java:125)
16:25:22.174 [pool-20-thread-1] INFO  xxl.java.junit.TestCasesListener - Tests run finished (9 ms)
<> Total tests run: 48
<> Ignored tests: 0
<> Failed tests: 9
~ longRoundtrip(com.paritytrading.foundation.ByteArraysTest)
[expected:<1376528744703> but was:<-1>]
java.lang.AssertionError: expected:<1376528744703> but was:<-1>    at org.junit.Assert.fail(Assert.java:88)
    at org.junit.Assert.failNotEquals(Assert.java:743)
    at org.junit.Assert.assertEquals(Assert.java:118)
    at org.junit.Assert.assertEquals(Assert.java:555)
    at org.junit.Assert.assertEquals(Assert.java:542)
    at com.paritytrading.foundation.ByteArraysTest.longRoundtrip(ByteArraysTest.java:132)
~ shortRoundtrip(com.paritytrading.foundation.ByteArraysTest)
[expected:<511> but was:<-1>]
java.lang.AssertionError: expected:<511> but was:<-1>    at org.junit.Assert.fail(Assert.java:88)
    at org.junit.Assert.failNotEquals(Assert.java:743)
    at org.junit.Assert.assertEquals(Assert.java:118)
    at org.junit.Assert.assertEquals(Assert.java:555)
    at org.junit.Assert.assertEquals(Assert.java:542)
    at com.paritytrading.foundation.ByteArraysTest.shortRoundtrip(ByteArraysTest.java:118)
~ intRoundtrip(com.paritytrading.foundation.ByteArraysTest)
[expected:<25133567> but was:<-1>]
java.lang.AssertionError: expected:<25133567> but was:<-1>    at org.junit.Assert.fail(Assert.java:88)
    at org.junit.Assert.failNotEquals(Assert.java:743)
    at org.junit.Assert.assertEquals(Assert.java:118)
    at org.junit.Assert.assertEquals(Assert.java:555)
    at org.junit.Assert.assertEquals(Assert.java:542)
    at com.paritytrading.foundation.ByteArraysTest.intRoundtrip(ByteArraysTest.java:125)
~ longRoundtrip(com.paritytrading.foundation.ByteArraysTest)
[expected:<1376528744703> but was:<-1>]
java.lang.AssertionError: expected:<1376528744703> but was:<-1>    at org.junit.Assert.fail(Assert.java:88)
    at org.junit.Assert.failNotEquals(Assert.java:743)
    at org.junit.Assert.assertEquals(Assert.java:118)
    at org.junit.Assert.assertEquals(Assert.java:555)
    at org.junit.Assert.assertEquals(Assert.java:542)
    at com.paritytrading.foundation.ByteArraysTest.longRoundtrip(ByteArraysTest.java:132)
~ shortRoundtrip(com.paritytrading.foundation.ByteArraysTest)
[expected:<511> but was:<-1>]
java.lang.AssertionError: expected:<511> but was:<-1>    at org.junit.Assert.fail(Assert.java:88)
    at org.junit.Assert.failNotEquals(Assert.java:743)
    at org.junit.Assert.assertEquals(Assert.java:118)
    at org.junit.Assert.assertEquals(Assert.java:555)
    at org.junit.Assert.assertEquals(Assert.java:542)
    at com.paritytrading.foundation.ByteArraysTest.shortRoundtrip(ByteArraysTest.java:118)
~ intRoundtrip(com.paritytrading.foundation.ByteArraysTest)
[expected:<25133567> but was:<-1>]
java.lang.AssertionError: expected:<25133567> but was:<-1>    at org.junit.Assert.fail(Assert.java:88)
    at org.junit.Assert.failNotEquals(Assert.java:743)
    at org.junit.Assert.assertEquals(Assert.java:118)
    at org.junit.Assert.assertEquals(Assert.java:555)
    at org.junit.Assert.assertEquals(Assert.java:542)
    at com.paritytrading.foundation.ByteArraysTest.intRoundtrip(ByteArraysTest.java:125)
~ longRoundtrip(com.paritytrading.foundation.ByteArraysTest)
[expected:<1376528744703> but was:<-1>]
java.lang.AssertionError: expected:<1376528744703> but was:<-1>    at org.junit.Assert.fail(Assert.java:88)
    at org.junit.Assert.failNotEquals(Assert.java:743)
    at org.junit.Assert.assertEquals(Assert.java:118)
    at org.junit.Assert.assertEquals(Assert.java:555)
    at org.junit.Assert.assertEquals(Assert.java:542)
    at com.paritytrading.foundation.ByteArraysTest.longRoundtrip(ByteArraysTest.java:132)
~ shortRoundtrip(com.paritytrading.foundation.ByteArraysTest)
[expected:<511> but was:<-1>]
java.lang.AssertionError: expected:<511> but was:<-1>    at org.junit.Assert.fail(Assert.java:88)
    at org.junit.Assert.failNotEquals(Assert.java:743)
    at org.junit.Assert.assertEquals(Assert.java:118)
    at org.junit.Assert.assertEquals(Assert.java:555)
    at org.junit.Assert.assertEquals(Assert.java:542)
    at com.paritytrading.foundation.ByteArraysTest.shortRoundtrip(ByteArraysTest.java:118)
~ intRoundtrip(com.paritytrading.foundation.ByteArraysTest)
[expected:<25133567> but was:<-1>]
java.lang.AssertionError: expected:<25133567> but was:<-1>    at org.junit.Assert.fail(Assert.java:88)
    at org.junit.Assert.failNotEquals(Assert.java:743)
    at org.junit.Assert.assertEquals(Assert.java:118)
    at org.junit.Assert.assertEquals(Assert.java:555)
    at org.junit.Assert.assertEquals(Assert.java:542)
    at com.paritytrading.foundation.ByteArraysTest.intRoundtrip(ByteArraysTest.java:125)

java.lang.AssertionError: expected:<511> but was:<0>
    at org.junit.Assert.fail(Assert.java:88)
    at org.junit.Assert.failNotEquals(Assert.java:743)
    at org.junit.Assert.assertEquals(Assert.java:118)
    at org.junit.Assert.assertEquals(Assert.java:555)
    at org.junit.Assert.assertEquals(Assert.java:542)
    at com.paritytrading.foundation.ByteArraysTest.shortRoundtrip(ByteArraysTest.java:118)
16:25:22.313 [pool-21-thread-1] INFO  f.i.l.c.t.SpecificationTestCasesListener - Tests run finished (1 ms)
<> Total tests run: 1
<> Ignored tests: 0
<> Failed tests: 1
~ shortRoundtrip(com.paritytrading.foundation.ByteArraysTest)
[expected:<511> but was:<0>]
java.lang.AssertionError: expected:<511> but was:<0>    at org.junit.Assert.fail(Assert.java:88)
    at org.junit.Assert.failNotEquals(Assert.java:743)
    at org.junit.Assert.assertEquals(Assert.java:118)
    at org.junit.Assert.assertEquals(Assert.java:555)
    at org.junit.Assert.assertEquals(Assert.java:542)
    at com.paritytrading.foundation.ByteArraysTest.shortRoundtrip(ByteArraysTest.java:118)

java.lang.AssertionError: expected:<1376528744703> but was:<0>
    at org.junit.Assert.fail(Assert.java:88)
    at org.junit.Assert.failNotEquals(Assert.java:743)
    at org.junit.Assert.assertEquals(Assert.java:118)
    at org.junit.Assert.assertEquals(Assert.java:555)
    at org.junit.Assert.assertEquals(Assert.java:542)
    at com.paritytrading.foundation.ByteArraysTest.longRoundtrip(ByteArraysTest.java:132)
16:25:22.315 [pool-22-thread-1] INFO  f.i.l.c.t.SpecificationTestCasesListener - Tests run finished (1 ms)
<> Total tests run: 1
<> Ignored tests: 0
<> Failed tests: 1
~ longRoundtrip(com.paritytrading.foundation.ByteArraysTest)
[expected:<1376528744703> but was:<0>]
java.lang.AssertionError: expected:<1376528744703> but was:<0>    at org.junit.Assert.fail(Assert.java:88)
    at org.junit.Assert.failNotEquals(Assert.java:743)
    at org.junit.Assert.assertEquals(Assert.java:118)
    at org.junit.Assert.assertEquals(Assert.java:555)
    at org.junit.Assert.assertEquals(Assert.java:542)
    at com.paritytrading.foundation.ByteArraysTest.longRoundtrip(ByteArraysTest.java:132)

java.lang.AssertionError: expected:<25133567> but was:<0>
    at org.junit.Assert.fail(Assert.java:88)
    at org.junit.Assert.failNotEquals(Assert.java:743)
    at org.junit.Assert.assertEquals(Assert.java:118)
    at org.junit.Assert.assertEquals(Assert.java:555)
    at org.junit.Assert.assertEquals(Assert.java:542)
    at com.paritytrading.foundation.ByteArraysTest.intRoundtrip(ByteArraysTest.java:125)
16:25:22.316 [pool-23-thread-1] INFO  f.i.l.c.t.SpecificationTestCasesListener - Tests run finished (0 ms)
<> Total tests run: 1
<> Ignored tests: 0
<> Failed tests: 1
~ intRoundtrip(com.paritytrading.foundation.ByteArraysTest)
[expected:<25133567> but was:<0>]
java.lang.AssertionError: expected:<25133567> but was:<0>    at org.junit.Assert.fail(Assert.java:88)
    at org.junit.Assert.failNotEquals(Assert.java:743)
    at org.junit.Assert.assertEquals(Assert.java:118)
    at org.junit.Assert.assertEquals(Assert.java:555)
    at org.junit.Assert.assertEquals(Assert.java:542)
    at com.paritytrading.foundation.ByteArraysTest.intRoundtrip(ByteArraysTest.java:125)

java.lang.AssertionError: expected:<511> but was:<-1>
    at org.junit.Assert.fail(Assert.java:88)
    at org.junit.Assert.failNotEquals(Assert.java:743)
    at org.junit.Assert.assertEquals(Assert.java:118)
    at org.junit.Assert.assertEquals(Assert.java:555)
    at org.junit.Assert.assertEquals(Assert.java:542)
    at com.paritytrading.foundation.ByteArraysTest.shortRoundtrip(ByteArraysTest.java:118)
16:25:22.318 [pool-24-thread-1] INFO  f.i.l.c.t.SpecificationTestCasesListener - Tests run finished (1 ms)
<> Total tests run: 1
<> Ignored tests: 0
<> Failed tests: 1
~ shortRoundtrip(com.paritytrading.foundation.ByteArraysTest)
[expected:<511> but was:<-1>]
java.lang.AssertionError: expected:<511> but was:<-1>    at org.junit.Assert.fail(Assert.java:88)
    at org.junit.Assert.failNotEquals(Assert.java:743)
    at org.junit.Assert.assertEquals(Assert.java:118)
    at org.junit.Assert.assertEquals(Assert.java:555)
    at org.junit.Assert.assertEquals(Assert.java:542)
    at com.paritytrading.foundation.ByteArraysTest.shortRoundtrip(ByteArraysTest.java:118)

java.lang.AssertionError: expected:<1376528744703> but was:<-1>
    at org.junit.Assert.fail(Assert.java:88)
    at org.junit.Assert.failNotEquals(Assert.java:743)
    at org.junit.Assert.assertEquals(Assert.java:118)
    at org.junit.Assert.assertEquals(Assert.java:555)
    at org.junit.Assert.assertEquals(Assert.java:542)
    at com.paritytrading.foundation.ByteArraysTest.longRoundtrip(ByteArraysTest.java:132)
16:25:22.319 [pool-25-thread-1] INFO  f.i.l.c.t.SpecificationTestCasesListener - Tests run finished (1 ms)
<> Total tests run: 1
<> Ignored tests: 0
<> Failed tests: 1
~ longRoundtrip(com.paritytrading.foundation.ByteArraysTest)
[expected:<1376528744703> but was:<-1>]
java.lang.AssertionError: expected:<1376528744703> but was:<-1>    at org.junit.Assert.fail(Assert.java:88)
    at org.junit.Assert.failNotEquals(Assert.java:743)
    at org.junit.Assert.assertEquals(Assert.java:118)
    at org.junit.Assert.assertEquals(Assert.java:555)
    at org.junit.Assert.assertEquals(Assert.java:542)
    at com.paritytrading.foundation.ByteArraysTest.longRoundtrip(ByteArraysTest.java:132)

java.lang.AssertionError: expected:<25133567> but was:<-1>
    at org.junit.Assert.fail(Assert.java:88)
    at org.junit.Assert.failNotEquals(Assert.java:743)
    at org.junit.Assert.assertEquals(Assert.java:118)
    at org.junit.Assert.assertEquals(Assert.java:555)
    at org.junit.Assert.assertEquals(Assert.java:542)
    at com.paritytrading.foundation.ByteArraysTest.intRoundtrip(ByteArraysTest.java:125)
16:25:22.320 [pool-26-thread-1] INFO  f.i.l.c.t.SpecificationTestCasesListener - Tests run finished (0 ms)
<> Total tests run: 1
<> Ignored tests: 0
<> Failed tests: 1
~ intRoundtrip(com.paritytrading.foundation.ByteArraysTest)
[expected:<25133567> but was:<-1>]
java.lang.AssertionError: expected:<25133567> but was:<-1>    at org.junit.Assert.fail(Assert.java:88)
    at org.junit.Assert.failNotEquals(Assert.java:743)
    at org.junit.Assert.assertEquals(Assert.java:118)
    at org.junit.Assert.assertEquals(Assert.java:555)
    at org.junit.Assert.assertEquals(Assert.java:542)
    at com.paritytrading.foundation.ByteArraysTest.intRoundtrip(ByteArraysTest.java:125)

16:25:22.321 [pool-19-thread-1] DEBUG tests.output - Failing tests with false: 
[shortRoundtrip(com.paritytrading.foundation.ByteArraysTest): expected:<511> but was:<0>, longRoundtrip(com.paritytrading.foundation.ByteArraysTest): expected:<1376528744703> but was:<0>, intRoundtrip(com.paritytrading.foundation.ByteArraysTest): expected:<25133567> but was:<0>]
16:25:22.321 [pool-19-thread-1] DEBUG tests.output - Failing tests with true: 
[shortRoundtrip(com.paritytrading.foundation.ByteArraysTest): expected:<511> but was:<-1>, longRoundtrip(com.paritytrading.foundation.ByteArraysTest): expected:<1376528744703> but was:<-1>, intRoundtrip(com.paritytrading.foundation.ByteArraysTest): expected:<25133567> but was:<-1>]
16:25:22.321 [pool-19-thread-1] INFO  f.i.l.r.n.synth.SMTNopolSynthesizer - Not enough specifications: 0. A trivial patch is "true" or "false", please write new tests specifying SourceLocation com.paritytrading.foundation.ByteArrays:93.
16:25:22.321 [pool-2-thread-1] DEBUG fr.inria.lille.repair.nopol.NoPol - statement #7
16:25:22.321 [pool-2-thread-1] DEBUG fr.inria.lille.repair.nopol.NoPol - Analysing SourceLocation com.paritytrading.foundation.ByteArrays:92 which is executed by 6 tests
1972116611
16:25:22.367 [pool-2-thread-1] DEBUG fr.inria.lille.repair.nopol.NoPol - looking with class fr.inria.lille.repair.nopol.spoon.smt.ConditionalAdder
java.lang.AssertionError: expected:<1376528744703> but was:<-1>
    at org.junit.Assert.fail(Assert.java:88)
    at org.junit.Assert.failNotEquals(Assert.java:743)
    at org.junit.Assert.assertEquals(Assert.java:118)
    at org.junit.Assert.assertEquals(Assert.java:555)
    at org.junit.Assert.assertEquals(Assert.java:542)
    at com.paritytrading.foundation.ByteArraysTest.longRoundtrip(ByteArraysTest.java:132)
java.lang.AssertionError: expected:<511> but was:<-1>
    at org.junit.Assert.fail(Assert.java:88)
    at org.junit.Assert.failNotEquals(Assert.java:743)
    at org.junit.Assert.assertEquals(Assert.java:118)
    at org.junit.Assert.assertEquals(Assert.java:555)
    at org.junit.Assert.assertEquals(Assert.java:542)
    at com.paritytrading.foundation.ByteArraysTest.shortRoundtrip(ByteArraysTest.java:118)
java.lang.AssertionError: expected:<25133567> but was:<-1>
    at org.junit.Assert.fail(Assert.java:88)
    at org.junit.Assert.failNotEquals(Assert.java:743)
    at org.junit.Assert.assertEquals(Assert.java:118)
    at org.junit.Assert.assertEquals(Assert.java:555)
    at org.junit.Assert.assertEquals(Assert.java:542)
    at com.paritytrading.foundation.ByteArraysTest.intRoundtrip(ByteArraysTest.java:125)
java.lang.AssertionError: expected:<1376528744703> but was:<-1>
    at org.junit.Assert.fail(Assert.java:88)
    at org.junit.Assert.failNotEquals(Assert.java:743)
    at org.junit.Assert.assertEquals(Assert.java:118)
    at org.junit.Assert.assertEquals(Assert.java:555)
    at org.junit.Assert.assertEquals(Assert.java:542)
    at com.paritytrading.foundation.ByteArraysTest.longRoundtrip(ByteArraysTest.java:132)
java.lang.AssertionError: expected:<511> but was:<-1>
    at org.junit.Assert.fail(Assert.java:88)
    at org.junit.Assert.failNotEquals(Assert.java:743)
    at org.junit.Assert.assertEquals(Assert.java:118)
    at org.junit.Assert.assertEquals(Assert.java:555)
    at org.junit.Assert.assertEquals(Assert.java:542)
    at com.paritytrading.foundation.ByteArraysTest.shortRoundtrip(ByteArraysTest.java:118)
java.lang.AssertionError: expected:<25133567> but was:<-1>
    at org.junit.Assert.fail(Assert.java:88)
    at org.junit.Assert.failNotEquals(Assert.java:743)
    at org.junit.Assert.assertEquals(Assert.java:118)
    at org.junit.Assert.assertEquals(Assert.java:555)
    at org.junit.Assert.assertEquals(Assert.java:542)
    at com.paritytrading.foundation.ByteArraysTest.intRoundtrip(ByteArraysTest.java:125)
java.lang.AssertionError: expected:<1376528744703> but was:<-1>
    at org.junit.Assert.fail(Assert.java:88)
    at org.junit.Assert.failNotEquals(Assert.java:743)
    at org.junit.Assert.assertEquals(Assert.java:118)
    at org.junit.Assert.assertEquals(Assert.java:555)
    at org.junit.Assert.assertEquals(Assert.java:542)
    at com.paritytrading.foundation.ByteArraysTest.longRoundtrip(ByteArraysTest.java:132)
java.lang.AssertionError: expected:<511> but was:<-1>
    at org.junit.Assert.fail(Assert.java:88)
    at org.junit.Assert.failNotEquals(Assert.java:743)
    at org.junit.Assert.assertEquals(Assert.java:118)
    at org.junit.Assert.assertEquals(Assert.java:555)
    at org.junit.Assert.assertEquals(Assert.java:542)
    at com.paritytrading.foundation.ByteArraysTest.shortRoundtrip(ByteArraysTest.java:118)
java.lang.AssertionError: expected:<25133567> but was:<-1>
    at org.junit.Assert.fail(Assert.java:88)
    at org.junit.Assert.failNotEquals(Assert.java:743)
    at org.junit.Assert.assertEquals(Assert.java:118)
    at org.junit.Assert.assertEquals(Assert.java:555)
    at org.junit.Assert.assertEquals(Assert.java:542)
    at com.paritytrading.foundation.ByteArraysTest.intRoundtrip(ByteArraysTest.java:125)
16:25:22.378 [pool-28-thread-1] INFO  xxl.java.junit.TestCasesListener - Tests run finished (7 ms)
<> Total tests run: 48
<> Ignored tests: 0
<> Failed tests: 9
~ longRoundtrip(com.paritytrading.foundation.ByteArraysTest)
[expected:<1376528744703> but was:<-1>]
java.lang.AssertionError: expected:<1376528744703> but was:<-1>    at org.junit.Assert.fail(Assert.java:88)
    at org.junit.Assert.failNotEquals(Assert.java:743)
    at org.junit.Assert.assertEquals(Assert.java:118)
    at org.junit.Assert.assertEquals(Assert.java:555)
    at org.junit.Assert.assertEquals(Assert.java:542)
    at com.paritytrading.foundation.ByteArraysTest.longRoundtrip(ByteArraysTest.java:132)
~ shortRoundtrip(com.paritytrading.foundation.ByteArraysTest)
[expected:<511> but was:<-1>]
java.lang.AssertionError: expected:<511> but was:<-1>    at org.junit.Assert.fail(Assert.java:88)
    at org.junit.Assert.failNotEquals(Assert.java:743)
    at org.junit.Assert.assertEquals(Assert.java:118)
    at org.junit.Assert.assertEquals(Assert.java:555)
    at org.junit.Assert.assertEquals(Assert.java:542)
    at com.paritytrading.foundation.ByteArraysTest.shortRoundtrip(ByteArraysTest.java:118)
~ intRoundtrip(com.paritytrading.foundation.ByteArraysTest)
[expected:<25133567> but was:<-1>]
java.lang.AssertionError: expected:<25133567> but was:<-1>    at org.junit.Assert.fail(Assert.java:88)
    at org.junit.Assert.failNotEquals(Assert.java:743)
    at org.junit.Assert.assertEquals(Assert.java:118)
    at org.junit.Assert.assertEquals(Assert.java:555)
    at org.junit.Assert.assertEquals(Assert.java:542)
    at com.paritytrading.foundation.ByteArraysTest.intRoundtrip(ByteArraysTest.java:125)
~ longRoundtrip(com.paritytrading.foundation.ByteArraysTest)
[expected:<1376528744703> but was:<-1>]
java.lang.AssertionError: expected:<1376528744703> but was:<-1>    at org.junit.Assert.fail(Assert.java:88)
    at org.junit.Assert.failNotEquals(Assert.java:743)
    at org.junit.Assert.assertEquals(Assert.java:118)
    at org.junit.Assert.assertEquals(Assert.java:555)
    at org.junit.Assert.assertEquals(Assert.java:542)
    at com.paritytrading.foundation.ByteArraysTest.longRoundtrip(ByteArraysTest.java:132)
~ shortRoundtrip(com.paritytrading.foundation.ByteArraysTest)
[expected:<511> but was:<-1>]
java.lang.AssertionError: expected:<511> but was:<-1>    at org.junit.Assert.fail(Assert.java:88)
    at org.junit.Assert.failNotEquals(Assert.java:743)
    at org.junit.Assert.assertEquals(Assert.java:118)
    at org.junit.Assert.assertEquals(Assert.java:555)
    at org.junit.Assert.assertEquals(Assert.java:542)
    at com.paritytrading.foundation.ByteArraysTest.shortRoundtrip(ByteArraysTest.java:118)
~ intRoundtrip(com.paritytrading.foundation.ByteArraysTest)
[expected:<25133567> but was:<-1>]
java.lang.AssertionError: expected:<25133567> but was:<-1>    at org.junit.Assert.fail(Assert.java:88)
    at org.junit.Assert.failNotEquals(Assert.java:743)
    at org.junit.Assert.assertEquals(Assert.java:118)
    at org.junit.Assert.assertEquals(Assert.java:555)
    at org.junit.Assert.assertEquals(Assert.java:542)
    at com.paritytrading.foundation.ByteArraysTest.intRoundtrip(ByteArraysTest.java:125)
~ longRoundtrip(com.paritytrading.foundation.ByteArraysTest)
[expected:<1376528744703> but was:<-1>]
java.lang.AssertionError: expected:<1376528744703> but was:<-1>    at org.junit.Assert.fail(Assert.java:88)
    at org.junit.Assert.failNotEquals(Assert.java:743)
    at org.junit.Assert.assertEquals(Assert.java:118)
    at org.junit.Assert.assertEquals(Assert.java:555)
    at org.junit.Assert.assertEquals(Assert.java:542)
    at com.paritytrading.foundation.ByteArraysTest.longRoundtrip(ByteArraysTest.java:132)
~ shortRoundtrip(com.paritytrading.foundation.ByteArraysTest)
[expected:<511> but was:<-1>]
java.lang.AssertionError: expected:<511> but was:<-1>    at org.junit.Assert.fail(Assert.java:88)
    at org.junit.Assert.failNotEquals(Assert.java:743)
    at org.junit.Assert.assertEquals(Assert.java:118)
    at org.junit.Assert.assertEquals(Assert.java:555)
    at org.junit.Assert.assertEquals(Assert.java:542)
    at com.paritytrading.foundation.ByteArraysTest.shortRoundtrip(ByteArraysTest.java:118)
~ intRoundtrip(com.paritytrading.foundation.ByteArraysTest)
[expected:<25133567> but was:<-1>]
java.lang.AssertionError: expected:<25133567> but was:<-1>    at org.junit.Assert.fail(Assert.java:88)
    at org.junit.Assert.failNotEquals(Assert.java:743)
    at org.junit.Assert.assertEquals(Assert.java:118)
    at org.junit.Assert.assertEquals(Assert.java:555)
    at org.junit.Assert.assertEquals(Assert.java:542)
    at com.paritytrading.foundation.ByteArraysTest.intRoundtrip(ByteArraysTest.java:125)

java.lang.AssertionError: expected:<511> but was:<0>
    at org.junit.Assert.fail(Assert.java:88)
    at org.junit.Assert.failNotEquals(Assert.java:743)
    at org.junit.Assert.assertEquals(Assert.java:118)
    at org.junit.Assert.assertEquals(Assert.java:555)
    at org.junit.Assert.assertEquals(Assert.java:542)
    at com.paritytrading.foundation.ByteArraysTest.shortRoundtrip(ByteArraysTest.java:118)
16:25:22.489 [pool-29-thread-1] INFO  f.i.l.c.t.SpecificationTestCasesListener - Tests run finished (1 ms)
<> Total tests run: 1
<> Ignored tests: 0
<> Failed tests: 1
~ shortRoundtrip(com.paritytrading.foundation.ByteArraysTest)
[expected:<511> but was:<0>]
java.lang.AssertionError: expected:<511> but was:<0>    at org.junit.Assert.fail(Assert.java:88)
    at org.junit.Assert.failNotEquals(Assert.java:743)
    at org.junit.Assert.assertEquals(Assert.java:118)
    at org.junit.Assert.assertEquals(Assert.java:555)
    at org.junit.Assert.assertEquals(Assert.java:542)
    at com.paritytrading.foundation.ByteArraysTest.shortRoundtrip(ByteArraysTest.java:118)

java.lang.AssertionError: expected:<1376528744703> but was:<0>
    at org.junit.Assert.fail(Assert.java:88)
    at org.junit.Assert.failNotEquals(Assert.java:743)
    at org.junit.Assert.assertEquals(Assert.java:118)
    at org.junit.Assert.assertEquals(Assert.java:555)
    at org.junit.Assert.assertEquals(Assert.java:542)
    at com.paritytrading.foundation.ByteArraysTest.longRoundtrip(ByteArraysTest.java:132)
16:25:22.496 [pool-30-thread-1] INFO  f.i.l.c.t.SpecificationTestCasesListener - Tests run finished (6 ms)
<> Total tests run: 1
<> Ignored tests: 0
<> Failed tests: 1
~ longRoundtrip(com.paritytrading.foundation.ByteArraysTest)
[expected:<1376528744703> but was:<0>]
java.lang.AssertionError: expected:<1376528744703> but was:<0>    at org.junit.Assert.fail(Assert.java:88)
    at org.junit.Assert.failNotEquals(Assert.java:743)
    at org.junit.Assert.assertEquals(Assert.java:118)
    at org.junit.Assert.assertEquals(Assert.java:555)
    at org.junit.Assert.assertEquals(Assert.java:542)
    at com.paritytrading.foundation.ByteArraysTest.longRoundtrip(ByteArraysTest.java:132)

java.lang.AssertionError: expected:<25133567> but was:<0>
    at org.junit.Assert.fail(Assert.java:88)
    at org.junit.Assert.failNotEquals(Assert.java:743)
    at org.junit.Assert.assertEquals(Assert.java:118)
    at org.junit.Assert.assertEquals(Assert.java:555)
    at org.junit.Assert.assertEquals(Assert.java:542)
    at com.paritytrading.foundation.ByteArraysTest.intRoundtrip(ByteArraysTest.java:125)
16:25:22.497 [pool-31-thread-1] INFO  f.i.l.c.t.SpecificationTestCasesListener - Tests run finished (0 ms)
<> Total tests run: 1
<> Ignored tests: 0
<> Failed tests: 1
~ intRoundtrip(com.paritytrading.foundation.ByteArraysTest)
[expected:<25133567> but was:<0>]
java.lang.AssertionError: expected:<25133567> but was:<0>    at org.junit.Assert.fail(Assert.java:88)
    at org.junit.Assert.failNotEquals(Assert.java:743)
    at org.junit.Assert.assertEquals(Assert.java:118)
    at org.junit.Assert.assertEquals(Assert.java:555)
    at org.junit.Assert.assertEquals(Assert.java:542)
    at com.paritytrading.foundation.ByteArraysTest.intRoundtrip(ByteArraysTest.java:125)

java.lang.AssertionError: expected:<511> but was:<-1>
    at org.junit.Assert.fail(Assert.java:88)
    at org.junit.Assert.failNotEquals(Assert.java:743)
    at org.junit.Assert.assertEquals(Assert.java:118)
    at org.junit.Assert.assertEquals(Assert.java:555)
    at org.junit.Assert.assertEquals(Assert.java:542)
    at com.paritytrading.foundation.ByteArraysTest.shortRoundtrip(ByteArraysTest.java:118)
16:25:22.499 [pool-32-thread-1] INFO  f.i.l.c.t.SpecificationTestCasesListener - Tests run finished (1 ms)
<> Total tests run: 1
<> Ignored tests: 0
<> Failed tests: 1
~ shortRoundtrip(com.paritytrading.foundation.ByteArraysTest)
[expected:<511> but was:<-1>]
java.lang.AssertionError: expected:<511> but was:<-1>    at org.junit.Assert.fail(Assert.java:88)
    at org.junit.Assert.failNotEquals(Assert.java:743)
    at org.junit.Assert.assertEquals(Assert.java:118)
    at org.junit.Assert.assertEquals(Assert.java:555)
    at org.junit.Assert.assertEquals(Assert.java:542)
    at com.paritytrading.foundation.ByteArraysTest.shortRoundtrip(ByteArraysTest.java:118)

java.lang.AssertionError: expected:<1376528744703> but was:<-1>
    at org.junit.Assert.fail(Assert.java:88)
    at org.junit.Assert.failNotEquals(Assert.java:743)
    at org.junit.Assert.assertEquals(Assert.java:118)
    at org.junit.Assert.assertEquals(Assert.java:555)
    at org.junit.Assert.assertEquals(Assert.java:542)
    at com.paritytrading.foundation.ByteArraysTest.longRoundtrip(ByteArraysTest.java:132)
16:25:22.500 [pool-33-thread-1] INFO  f.i.l.c.t.SpecificationTestCasesListener - Tests run finished (1 ms)
<> Total tests run: 1
<> Ignored tests: 0
<> Failed tests: 1
~ longRoundtrip(com.paritytrading.foundation.ByteArraysTest)
[expected:<1376528744703> but was:<-1>]
java.lang.AssertionError: expected:<1376528744703> but was:<-1>    at org.junit.Assert.fail(Assert.java:88)
    at org.junit.Assert.failNotEquals(Assert.java:743)
    at org.junit.Assert.assertEquals(Assert.java:118)
    at org.junit.Assert.assertEquals(Assert.java:555)
    at org.junit.Assert.assertEquals(Assert.java:542)
    at com.paritytrading.foundation.ByteArraysTest.longRoundtrip(ByteArraysTest.java:132)

java.lang.AssertionError: expected:<25133567> but was:<-1>
    at org.junit.Assert.fail(Assert.java:88)
    at org.junit.Assert.failNotEquals(Assert.java:743)
    at org.junit.Assert.assertEquals(Assert.java:118)
    at org.junit.Assert.assertEquals(Assert.java:555)
    at org.junit.Assert.assertEquals(Assert.java:542)
    at com.paritytrading.foundation.ByteArraysTest.intRoundtrip(ByteArraysTest.java:125)
16:25:22.501 [pool-34-thread-1] INFO  f.i.l.c.t.SpecificationTestCasesListener - Tests run finished (0 ms)
<> Total tests run: 1
<> Ignored tests: 0
<> Failed tests: 1
~ intRoundtrip(com.paritytrading.foundation.ByteArraysTest)
[expected:<25133567> but was:<-1>]
java.lang.AssertionError: expected:<25133567> but was:<-1>    at org.junit.Assert.fail(Assert.java:88)
    at org.junit.Assert.failNotEquals(Assert.java:743)
    at org.junit.Assert.assertEquals(Assert.java:118)
    at org.junit.Assert.assertEquals(Assert.java:555)
    at org.junit.Assert.assertEquals(Assert.java:542)
    at com.paritytrading.foundation.ByteArraysTest.intRoundtrip(ByteArraysTest.java:125)

16:25:22.501 [pool-27-thread-1] DEBUG tests.output - Failing tests with false: 
[shortRoundtrip(com.paritytrading.foundation.ByteArraysTest): expected:<511> but was:<0>, longRoundtrip(com.paritytrading.foundation.ByteArraysTest): expected:<1376528744703> but was:<0>, intRoundtrip(com.paritytrading.foundation.ByteArraysTest): expected:<25133567> but was:<0>]
16:25:22.502 [pool-27-thread-1] DEBUG tests.output - Failing tests with true: 
[shortRoundtrip(com.paritytrading.foundation.ByteArraysTest): expected:<511> but was:<-1>, longRoundtrip(com.paritytrading.foundation.ByteArraysTest): expected:<1376528744703> but was:<-1>, intRoundtrip(com.paritytrading.foundation.ByteArraysTest): expected:<25133567> but was:<-1>]
16:25:22.502 [pool-27-thread-1] INFO  f.i.l.r.n.synth.SMTNopolSynthesizer - Not enough specifications: 0. A trivial patch is "true" or "false", please write new tests specifying SourceLocation com.paritytrading.foundation.ByteArrays:92.
16:25:22.502 [pool-2-thread-1] DEBUG fr.inria.lille.repair.nopol.NoPol - statement #8
16:25:22.502 [pool-2-thread-1] DEBUG fr.inria.lille.repair.nopol.NoPol - Analysing SourceLocation com.paritytrading.foundation.ByteArrays:90 which is executed by 6 tests
1972116611
16:25:22.547 [pool-2-thread-1] DEBUG fr.inria.lille.repair.nopol.NoPol - statement #9
16:25:22.547 [pool-2-thread-1] DEBUG fr.inria.lille.repair.nopol.NoPol - Analysing SourceLocation com.paritytrading.foundation.ByteArrays:89 which is executed by 6 tests
1972116611
16:25:22.592 [pool-2-thread-1] DEBUG fr.inria.lille.repair.nopol.NoPol - statement #10
16:25:22.592 [pool-2-thread-1] DEBUG fr.inria.lille.repair.nopol.NoPol - Analysing SourceLocation com.paritytrading.foundation.ByteArrays:173 which is executed by 9 tests
1972116611
16:25:22.637 [pool-2-thread-1] DEBUG fr.inria.lille.repair.nopol.NoPol - statement #11
16:25:22.637 [pool-2-thread-1] DEBUG fr.inria.lille.repair.nopol.NoPol - Analysing SourceLocation com.paritytrading.foundation.ByteArrays:172 which is executed by 9 tests
1972116611
16:25:22.683 [pool-2-thread-1] DEBUG fr.inria.lille.repair.nopol.NoPol - looking with class fr.inria.lille.repair.nopol.spoon.smt.ConditionalAdder
java.lang.AssertionError: expected:<1376528744703> but was:<-1>
    at org.junit.Assert.fail(Assert.java:88)
    at org.junit.Assert.failNotEquals(Assert.java:743)
    at org.junit.Assert.assertEquals(Assert.java:118)
    at org.junit.Assert.assertEquals(Assert.java:555)
    at org.junit.Assert.assertEquals(Assert.java:542)
    at com.paritytrading.foundation.ByteArraysTest.longRoundtrip(ByteArraysTest.java:132)
java.lang.AssertionError: expected:<511> but was:<-1>
    at org.junit.Assert.fail(Assert.java:88)
    at org.junit.Assert.failNotEquals(Assert.java:743)
    at org.junit.Assert.assertEquals(Assert.java:118)
    at org.junit.Assert.assertEquals(Assert.java:555)
    at org.junit.Assert.assertEquals(Assert.java:542)
    at com.paritytrading.foundation.ByteArraysTest.shortRoundtrip(ByteArraysTest.java:118)
java.lang.AssertionError: expected:<25133567> but was:<-1>
    at org.junit.Assert.fail(Assert.java:88)
    at org.junit.Assert.failNotEquals(Assert.java:743)
    at org.junit.Assert.assertEquals(Assert.java:118)
    at org.junit.Assert.assertEquals(Assert.java:555)
    at org.junit.Assert.assertEquals(Assert.java:542)
    at com.paritytrading.foundation.ByteArraysTest.intRoundtrip(ByteArraysTest.java:125)
java.lang.AssertionError: expected:<1376528744703> but was:<-1>
    at org.junit.Assert.fail(Assert.java:88)
    at org.junit.Assert.failNotEquals(Assert.java:743)
    at org.junit.Assert.assertEquals(Assert.java:118)
    at org.junit.Assert.assertEquals(Assert.java:555)
    at org.junit.Assert.assertEquals(Assert.java:542)
    at com.paritytrading.foundation.ByteArraysTest.longRoundtrip(ByteArraysTest.java:132)
java.lang.AssertionError: expected:<511> but was:<-1>
    at org.junit.Assert.fail(Assert.java:88)
    at org.junit.Assert.failNotEquals(Assert.java:743)
    at org.junit.Assert.assertEquals(Assert.java:118)
    at org.junit.Assert.assertEquals(Assert.java:555)
    at org.junit.Assert.assertEquals(Assert.java:542)
    at com.paritytrading.foundation.ByteArraysTest.shortRoundtrip(ByteArraysTest.java:118)
java.lang.AssertionError: expected:<25133567> but was:<-1>
    at org.junit.Assert.fail(Assert.java:88)
    at org.junit.Assert.failNotEquals(Assert.java:743)
    at org.junit.Assert.assertEquals(Assert.java:118)
    at org.junit.Assert.assertEquals(Assert.java:555)
    at org.junit.Assert.assertEquals(Assert.java:542)
    at com.paritytrading.foundation.ByteArraysTest.intRoundtrip(ByteArraysTest.java:125)
java.lang.AssertionError: expected:<1376528744703> but was:<-1>
    at org.junit.Assert.fail(Assert.java:88)
    at org.junit.Assert.failNotEquals(Assert.java:743)
    at org.junit.Assert.assertEquals(Assert.java:118)
    at org.junit.Assert.assertEquals(Assert.java:555)
    at org.junit.Assert.assertEquals(Assert.java:542)
    at com.paritytrading.foundation.ByteArraysTest.longRoundtrip(ByteArraysTest.java:132)
java.lang.AssertionError: expected:<511> but was:<-1>
    at org.junit.Assert.fail(Assert.java:88)
    at org.junit.Assert.failNotEquals(Assert.java:743)
    at org.junit.Assert.assertEquals(Assert.java:118)
    at org.junit.Assert.assertEquals(Assert.java:555)
    at org.junit.Assert.assertEquals(Assert.java:542)
    at com.paritytrading.foundation.ByteArraysTest.shortRoundtrip(ByteArraysTest.java:118)
java.lang.AssertionError: expected:<25133567> but was:<-1>
    at org.junit.Assert.fail(Assert.java:88)
    at org.junit.Assert.failNotEquals(Assert.java:743)
    at org.junit.Assert.assertEquals(Assert.java:118)
    at org.junit.Assert.assertEquals(Assert.java:555)
    at org.junit.Assert.assertEquals(Assert.java:542)
    at com.paritytrading.foundation.ByteArraysTest.intRoundtrip(ByteArraysTest.java:125)
16:25:22.694 [pool-36-thread-1] INFO  xxl.java.junit.TestCasesListener - Tests run finished (7 ms)
<> Total tests run: 48
<> Ignored tests: 0
<> Failed tests: 9
~ longRoundtrip(com.paritytrading.foundation.ByteArraysTest)
[expected:<1376528744703> but was:<-1>]
java.lang.AssertionError: expected:<1376528744703> but was:<-1>    at org.junit.Assert.fail(Assert.java:88)
    at org.junit.Assert.failNotEquals(Assert.java:743)
    at org.junit.Assert.assertEquals(Assert.java:118)
    at org.junit.Assert.assertEquals(Assert.java:555)
    at org.junit.Assert.assertEquals(Assert.java:542)
    at com.paritytrading.foundation.ByteArraysTest.longRoundtrip(ByteArraysTest.java:132)
~ shortRoundtrip(com.paritytrading.foundation.ByteArraysTest)
[expected:<511> but was:<-1>]
java.lang.AssertionError: expected:<511> but was:<-1>    at org.junit.Assert.fail(Assert.java:88)
    at org.junit.Assert.failNotEquals(Assert.java:743)
    at org.junit.Assert.assertEquals(Assert.java:118)
    at org.junit.Assert.assertEquals(Assert.java:555)
    at org.junit.Assert.assertEquals(Assert.java:542)
    at com.paritytrading.foundation.ByteArraysTest.shortRoundtrip(ByteArraysTest.java:118)
~ intRoundtrip(com.paritytrading.foundation.ByteArraysTest)
[expected:<25133567> but was:<-1>]
java.lang.AssertionError: expected:<25133567> but was:<-1>    at org.junit.Assert.fail(Assert.java:88)
    at org.junit.Assert.failNotEquals(Assert.java:743)
    at org.junit.Assert.assertEquals(Assert.java:118)
    at org.junit.Assert.assertEquals(Assert.java:555)
    at org.junit.Assert.assertEquals(Assert.java:542)
    at com.paritytrading.foundation.ByteArraysTest.intRoundtrip(ByteArraysTest.java:125)
~ longRoundtrip(com.paritytrading.foundation.ByteArraysTest)
[expected:<1376528744703> but was:<-1>]
java.lang.AssertionError: expected:<1376528744703> but was:<-1>    at org.junit.Assert.fail(Assert.java:88)
    at org.junit.Assert.failNotEquals(Assert.java:743)
    at org.junit.Assert.assertEquals(Assert.java:118)
    at org.junit.Assert.assertEquals(Assert.java:555)
    at org.junit.Assert.assertEquals(Assert.java:542)
    at com.paritytrading.foundation.ByteArraysTest.longRoundtrip(ByteArraysTest.java:132)
~ shortRoundtrip(com.paritytrading.foundation.ByteArraysTest)
[expected:<511> but was:<-1>]
java.lang.AssertionError: expected:<511> but was:<-1>    at org.junit.Assert.fail(Assert.java:88)
    at org.junit.Assert.failNotEquals(Assert.java:743)
    at org.junit.Assert.assertEquals(Assert.java:118)
    at org.junit.Assert.assertEquals(Assert.java:555)
    at org.junit.Assert.assertEquals(Assert.java:542)
    at com.paritytrading.foundation.ByteArraysTest.shortRoundtrip(ByteArraysTest.java:118)
~ intRoundtrip(com.paritytrading.foundation.ByteArraysTest)
[expected:<25133567> but was:<-1>]
java.lang.AssertionError: expected:<25133567> but was:<-1>    at org.junit.Assert.fail(Assert.java:88)
    at org.junit.Assert.failNotEquals(Assert.java:743)
    at org.junit.Assert.assertEquals(Assert.java:118)
    at org.junit.Assert.assertEquals(Assert.java:555)
    at org.junit.Assert.assertEquals(Assert.java:542)
    at com.paritytrading.foundation.ByteArraysTest.intRoundtrip(ByteArraysTest.java:125)
~ longRoundtrip(com.paritytrading.foundation.ByteArraysTest)
[expected:<1376528744703> but was:<-1>]
java.lang.AssertionError: expected:<1376528744703> but was:<-1>    at org.junit.Assert.fail(Assert.java:88)
    at org.junit.Assert.failNotEquals(Assert.java:743)
    at org.junit.Assert.assertEquals(Assert.java:118)
    at org.junit.Assert.assertEquals(Assert.java:555)
    at org.junit.Assert.assertEquals(Assert.java:542)
    at com.paritytrading.foundation.ByteArraysTest.longRoundtrip(ByteArraysTest.java:132)
~ shortRoundtrip(com.paritytrading.foundation.ByteArraysTest)
[expected:<511> but was:<-1>]
java.lang.AssertionError: expected:<511> but was:<-1>    at org.junit.Assert.fail(Assert.java:88)
    at org.junit.Assert.failNotEquals(Assert.java:743)
    at org.junit.Assert.assertEquals(Assert.java:118)
    at org.junit.Assert.assertEquals(Assert.java:555)
    at org.junit.Assert.assertEquals(Assert.java:542)
    at com.paritytrading.foundation.ByteArraysTest.shortRoundtrip(ByteArraysTest.java:118)
~ intRoundtrip(com.paritytrading.foundation.ByteArraysTest)
[expected:<25133567> but was:<-1>]
java.lang.AssertionError: expected:<25133567> but was:<-1>    at org.junit.Assert.fail(Assert.java:88)
    at org.junit.Assert.failNotEquals(Assert.java:743)
    at org.junit.Assert.assertEquals(Assert.java:118)
    at org.junit.Assert.assertEquals(Assert.java:555)
    at org.junit.Assert.assertEquals(Assert.java:542)
    at com.paritytrading.foundation.ByteArraysTest.intRoundtrip(ByteArraysTest.java:125)

java.lang.AssertionError: expected:<511> but was:<0>
    at org.junit.Assert.fail(Assert.java:88)
    at org.junit.Assert.failNotEquals(Assert.java:743)
    at org.junit.Assert.assertEquals(Assert.java:118)
    at org.junit.Assert.assertEquals(Assert.java:555)
    at org.junit.Assert.assertEquals(Assert.java:542)
    at com.paritytrading.foundation.ByteArraysTest.shortRoundtrip(ByteArraysTest.java:118)
16:25:22.794 [pool-37-thread-1] INFO  f.i.l.c.t.SpecificationTestCasesListener - Tests run finished (1 ms)
<> Total tests run: 1
<> Ignored tests: 0
<> Failed tests: 1
~ shortRoundtrip(com.paritytrading.foundation.ByteArraysTest)
[expected:<511> but was:<0>]
java.lang.AssertionError: expected:<511> but was:<0>    at org.junit.Assert.fail(Assert.java:88)
    at org.junit.Assert.failNotEquals(Assert.java:743)
    at org.junit.Assert.assertEquals(Assert.java:118)
    at org.junit.Assert.assertEquals(Assert.java:555)
    at org.junit.Assert.assertEquals(Assert.java:542)
    at com.paritytrading.foundation.ByteArraysTest.shortRoundtrip(ByteArraysTest.java:118)

java.lang.AssertionError: expected:<1376528744703> but was:<0>
    at org.junit.Assert.fail(Assert.java:88)
    at org.junit.Assert.failNotEquals(Assert.java:743)
    at org.junit.Assert.assertEquals(Assert.java:118)
    at org.junit.Assert.assertEquals(Assert.java:555)
    at org.junit.Assert.assertEquals(Assert.java:542)
    at com.paritytrading.foundation.ByteArraysTest.longRoundtrip(ByteArraysTest.java:132)
16:25:22.796 [pool-38-thread-1] INFO  f.i.l.c.t.SpecificationTestCasesListener - Tests run finished (0 ms)
<> Total tests run: 1
<> Ignored tests: 0
<> Failed tests: 1
~ longRoundtrip(com.paritytrading.foundation.ByteArraysTest)
[expected:<1376528744703> but was:<0>]
java.lang.AssertionError: expected:<1376528744703> but was:<0>    at org.junit.Assert.fail(Assert.java:88)
    at org.junit.Assert.failNotEquals(Assert.java:743)
    at org.junit.Assert.assertEquals(Assert.java:118)
    at org.junit.Assert.assertEquals(Assert.java:555)
    at org.junit.Assert.assertEquals(Assert.java:542)
    at com.paritytrading.foundation.ByteArraysTest.longRoundtrip(ByteArraysTest.java:132)

java.lang.AssertionError: expected:<25133567> but was:<0>
    at org.junit.Assert.fail(Assert.java:88)
    at org.junit.Assert.failNotEquals(Assert.java:743)
    at org.junit.Assert.assertEquals(Assert.java:118)
    at org.junit.Assert.assertEquals(Assert.java:555)
    at org.junit.Assert.assertEquals(Assert.java:542)
    at com.paritytrading.foundation.ByteArraysTest.intRoundtrip(ByteArraysTest.java:125)
16:25:22.805 [pool-39-thread-1] INFO  f.i.l.c.t.SpecificationTestCasesListener - Tests run finished (1 ms)
<> Total tests run: 1
<> Ignored tests: 0
<> Failed tests: 1
~ intRoundtrip(com.paritytrading.foundation.ByteArraysTest)
[expected:<25133567> but was:<0>]
java.lang.AssertionError: expected:<25133567> but was:<0>    at org.junit.Assert.fail(Assert.java:88)
    at org.junit.Assert.failNotEquals(Assert.java:743)
    at org.junit.Assert.assertEquals(Assert.java:118)
    at org.junit.Assert.assertEquals(Assert.java:555)
    at org.junit.Assert.assertEquals(Assert.java:542)
    at com.paritytrading.foundation.ByteArraysTest.intRoundtrip(ByteArraysTest.java:125)

java.lang.AssertionError: expected:<511> but was:<-1>
    at org.junit.Assert.fail(Assert.java:88)
    at org.junit.Assert.failNotEquals(Assert.java:743)
    at org.junit.Assert.assertEquals(Assert.java:118)
    at org.junit.Assert.assertEquals(Assert.java:555)
    at org.junit.Assert.assertEquals(Assert.java:542)
    at com.paritytrading.foundation.ByteArraysTest.shortRoundtrip(ByteArraysTest.java:118)
16:25:22.809 [pool-40-thread-1] INFO  f.i.l.c.t.SpecificationTestCasesListener - Tests run finished (1 ms)
<> Total tests run: 1
<> Ignored tests: 0
<> Failed tests: 1
~ shortRoundtrip(com.paritytrading.foundation.ByteArraysTest)
[expected:<511> but was:<-1>]
java.lang.AssertionError: expected:<511> but was:<-1>    at org.junit.Assert.fail(Assert.java:88)
    at org.junit.Assert.failNotEquals(Assert.java:743)
    at org.junit.Assert.assertEquals(Assert.java:118)
    at org.junit.Assert.assertEquals(Assert.java:555)
    at org.junit.Assert.assertEquals(Assert.java:542)
    at com.paritytrading.foundation.ByteArraysTest.shortRoundtrip(ByteArraysTest.java:118)

java.lang.AssertionError: expected:<1376528744703> but was:<-1>
    at org.junit.Assert.fail(Assert.java:88)
    at org.junit.Assert.failNotEquals(Assert.java:743)
    at org.junit.Assert.assertEquals(Assert.java:118)
    at org.junit.Assert.assertEquals(Assert.java:555)
    at org.junit.Assert.assertEquals(Assert.java:542)
    at com.paritytrading.foundation.ByteArraysTest.longRoundtrip(ByteArraysTest.java:132)
16:25:22.820 [pool-41-thread-1] INFO  f.i.l.c.t.SpecificationTestCasesListener - Tests run finished (0 ms)
<> Total tests run: 1
<> Ignored tests: 0
<> Failed tests: 1
~ longRoundtrip(com.paritytrading.foundation.ByteArraysTest)
[expected:<1376528744703> but was:<-1>]
java.lang.AssertionError: expected:<1376528744703> but was:<-1>    at org.junit.Assert.fail(Assert.java:88)
    at org.junit.Assert.failNotEquals(Assert.java:743)
    at org.junit.Assert.assertEquals(Assert.java:118)
    at org.junit.Assert.assertEquals(Assert.java:555)
    at org.junit.Assert.assertEquals(Assert.java:542)
    at com.paritytrading.foundation.ByteArraysTest.longRoundtrip(ByteArraysTest.java:132)

java.lang.AssertionError: expected:<25133567> but was:<-1>
    at org.junit.Assert.fail(Assert.java:88)
    at org.junit.Assert.failNotEquals(Assert.java:743)
    at org.junit.Assert.assertEquals(Assert.java:118)
    at org.junit.Assert.assertEquals(Assert.java:555)
    at org.junit.Assert.assertEquals(Assert.java:542)
    at com.paritytrading.foundation.ByteArraysTest.intRoundtrip(ByteArraysTest.java:125)
16:25:22.821 [pool-42-thread-1] INFO  f.i.l.c.t.SpecificationTestCasesListener - Tests run finished (0 ms)
<> Total tests run: 1
<> Ignored tests: 0
<> Failed tests: 1
~ intRoundtrip(com.paritytrading.foundation.ByteArraysTest)
[expected:<25133567> but was:<-1>]
java.lang.AssertionError: expected:<25133567> but was:<-1>    at org.junit.Assert.fail(Assert.java:88)
    at org.junit.Assert.failNotEquals(Assert.java:743)
    at org.junit.Assert.assertEquals(Assert.java:118)
    at org.junit.Assert.assertEquals(Assert.java:555)
    at org.junit.Assert.assertEquals(Assert.java:542)
    at com.paritytrading.foundation.ByteArraysTest.intRoundtrip(ByteArraysTest.java:125)

16:25:22.822 [pool-35-thread-1] DEBUG tests.output - Failing tests with false: 
[shortRoundtrip(com.paritytrading.foundation.ByteArraysTest): expected:<511> but was:<0>, longRoundtrip(com.paritytrading.foundation.ByteArraysTest): expected:<1376528744703> but was:<0>, intRoundtrip(com.paritytrading.foundation.ByteArraysTest): expected:<25133567> but was:<0>]
16:25:22.822 [pool-35-thread-1] DEBUG tests.output - Failing tests with true: 
[shortRoundtrip(com.paritytrading.foundation.ByteArraysTest): expected:<511> but was:<-1>, longRoundtrip(com.paritytrading.foundation.ByteArraysTest): expected:<1376528744703> but was:<-1>, intRoundtrip(com.paritytrading.foundation.ByteArraysTest): expected:<25133567> but was:<-1>]
16:25:22.823 [pool-35-thread-1] INFO  f.i.l.r.n.synth.SMTNopolSynthesizer - Not enough specifications: 0. A trivial patch is "true" or "false", please write new tests specifying SourceLocation com.paritytrading.foundation.ByteArrays:172.
16:25:22.823 [pool-2-thread-1] DEBUG fr.inria.lille.repair.nopol.NoPol - statement #12
16:25:22.823 [pool-2-thread-1] DEBUG fr.inria.lille.repair.nopol.NoPol - Analysing SourceLocation com.paritytrading.foundation.ByteArrays:171 which is executed by 9 tests
1972116611
16:25:22.871 [pool-2-thread-1] DEBUG fr.inria.lille.repair.nopol.NoPol - looking with class fr.inria.lille.repair.nopol.spoon.smt.ConditionalAdder
java.lang.AssertionError: expected:<1376528744703> but was:<-1>
    at org.junit.Assert.fail(Assert.java:88)
    at org.junit.Assert.failNotEquals(Assert.java:743)
    at org.junit.Assert.assertEquals(Assert.java:118)
    at org.junit.Assert.assertEquals(Assert.java:555)
    at org.junit.Assert.assertEquals(Assert.java:542)
    at com.paritytrading.foundation.ByteArraysTest.longRoundtrip(ByteArraysTest.java:132)
java.lang.AssertionError: expected:<511> but was:<-1>
    at org.junit.Assert.fail(Assert.java:88)
    at org.junit.Assert.failNotEquals(Assert.java:743)
    at org.junit.Assert.assertEquals(Assert.java:118)
    at org.junit.Assert.assertEquals(Assert.java:555)
    at org.junit.Assert.assertEquals(Assert.java:542)
    at com.paritytrading.foundation.ByteArraysTest.shortRoundtrip(ByteArraysTest.java:118)
java.lang.AssertionError: expected:<25133567> but was:<-1>
    at org.junit.Assert.fail(Assert.java:88)
    at org.junit.Assert.failNotEquals(Assert.java:743)
    at org.junit.Assert.assertEquals(Assert.java:118)
    at org.junit.Assert.assertEquals(Assert.java:555)
    at org.junit.Assert.assertEquals(Assert.java:542)
    at com.paritytrading.foundation.ByteArraysTest.intRoundtrip(ByteArraysTest.java:125)
java.lang.AssertionError: expected:<1376528744703> but was:<-1>
    at org.junit.Assert.fail(Assert.java:88)
    at org.junit.Assert.failNotEquals(Assert.java:743)
    at org.junit.Assert.assertEquals(Assert.java:118)
    at org.junit.Assert.assertEquals(Assert.java:555)
    at org.junit.Assert.assertEquals(Assert.java:542)
    at com.paritytrading.foundation.ByteArraysTest.longRoundtrip(ByteArraysTest.java:132)
java.lang.AssertionError: expected:<511> but was:<-1>
    at org.junit.Assert.fail(Assert.java:88)
    at org.junit.Assert.failNotEquals(Assert.java:743)
    at org.junit.Assert.assertEquals(Assert.java:118)
    at org.junit.Assert.assertEquals(Assert.java:555)
    at org.junit.Assert.assertEquals(Assert.java:542)
    at com.paritytrading.foundation.ByteArraysTest.shortRoundtrip(ByteArraysTest.java:118)
java.lang.AssertionError: expected:<25133567> but was:<-1>
    at org.junit.Assert.fail(Assert.java:88)
    at org.junit.Assert.failNotEquals(Assert.java:743)
    at org.junit.Assert.assertEquals(Assert.java:118)
    at org.junit.Assert.assertEquals(Assert.java:555)
    at org.junit.Assert.assertEquals(Assert.java:542)
    at com.paritytrading.foundation.ByteArraysTest.intRoundtrip(ByteArraysTest.java:125)
java.lang.AssertionError: expected:<1376528744703> but was:<-1>
    at org.junit.Assert.fail(Assert.java:88)
    at org.junit.Assert.failNotEquals(Assert.java:743)
    at org.junit.Assert.assertEquals(Assert.java:118)
    at org.junit.Assert.assertEquals(Assert.java:555)
    at org.junit.Assert.assertEquals(Assert.java:542)
    at com.paritytrading.foundation.ByteArraysTest.longRoundtrip(ByteArraysTest.java:132)
java.lang.AssertionError: expected:<511> but was:<-1>
    at org.junit.Assert.fail(Assert.java:88)
    at org.junit.Assert.failNotEquals(Assert.java:743)
    at org.junit.Assert.assertEquals(Assert.java:118)
    at org.junit.Assert.assertEquals(Assert.java:555)
    at org.junit.Assert.assertEquals(Assert.java:542)
    at com.paritytrading.foundation.ByteArraysTest.shortRoundtrip(ByteArraysTest.java:118)
java.lang.AssertionError: expected:<25133567> but was:<-1>
    at org.junit.Assert.fail(Assert.java:88)
    at org.junit.Assert.failNotEquals(Assert.java:743)
    at org.junit.Assert.assertEquals(Assert.java:118)
    at org.junit.Assert.assertEquals(Assert.java:555)
    at org.junit.Assert.assertEquals(Assert.java:542)
    at com.paritytrading.foundation.ByteArraysTest.intRoundtrip(ByteArraysTest.java:125)
16:25:22.883 [pool-44-thread-1] INFO  xxl.java.junit.TestCasesListener - Tests run finished (6 ms)
<> Total tests run: 48
<> Ignored tests: 0
<> Failed tests: 9
~ longRoundtrip(com.paritytrading.foundation.ByteArraysTest)
[expected:<1376528744703> but was:<-1>]
java.lang.AssertionError: expected:<1376528744703> but was:<-1>    at org.junit.Assert.fail(Assert.java:88)
    at org.junit.Assert.failNotEquals(Assert.java:743)
    at org.junit.Assert.assertEquals(Assert.java:118)
    at org.junit.Assert.assertEquals(Assert.java:555)
    at org.junit.Assert.assertEquals(Assert.java:542)
    at com.paritytrading.foundation.ByteArraysTest.longRoundtrip(ByteArraysTest.java:132)
~ shortRoundtrip(com.paritytrading.foundation.ByteArraysTest)
[expected:<511> but was:<-1>]
java.lang.AssertionError: expected:<511> but was:<-1>    at org.junit.Assert.fail(Assert.java:88)
    at org.junit.Assert.failNotEquals(Assert.java:743)
    at org.junit.Assert.assertEquals(Assert.java:118)
    at org.junit.Assert.assertEquals(Assert.java:555)
    at org.junit.Assert.assertEquals(Assert.java:542)
    at com.paritytrading.foundation.ByteArraysTest.shortRoundtrip(ByteArraysTest.java:118)
~ intRoundtrip(com.paritytrading.foundation.ByteArraysTest)
[expected:<25133567> but was:<-1>]
java.lang.AssertionError: expected:<25133567> but was:<-1>    at org.junit.Assert.fail(Assert.java:88)
    at org.junit.Assert.failNotEquals(Assert.java:743)
    at org.junit.Assert.assertEquals(Assert.java:118)
    at org.junit.Assert.assertEquals(Assert.java:555)
    at org.junit.Assert.assertEquals(Assert.java:542)
    at com.paritytrading.foundation.ByteArraysTest.intRoundtrip(ByteArraysTest.java:125)
~ longRoundtrip(com.paritytrading.foundation.ByteArraysTest)
[expected:<1376528744703> but was:<-1>]
java.lang.AssertionError: expected:<1376528744703> but was:<-1>    at org.junit.Assert.fail(Assert.java:88)
    at org.junit.Assert.failNotEquals(Assert.java:743)
    at org.junit.Assert.assertEquals(Assert.java:118)
    at org.junit.Assert.assertEquals(Assert.java:555)
    at org.junit.Assert.assertEquals(Assert.java:542)
    at com.paritytrading.foundation.ByteArraysTest.longRoundtrip(ByteArraysTest.java:132)
~ shortRoundtrip(com.paritytrading.foundation.ByteArraysTest)
[expected:<511> but was:<-1>]
java.lang.AssertionError: expected:<511> but was:<-1>    at org.junit.Assert.fail(Assert.java:88)
    at org.junit.Assert.failNotEquals(Assert.java:743)
    at org.junit.Assert.assertEquals(Assert.java:118)
    at org.junit.Assert.assertEquals(Assert.java:555)
    at org.junit.Assert.assertEquals(Assert.java:542)
    at com.paritytrading.foundation.ByteArraysTest.shortRoundtrip(ByteArraysTest.java:118)
~ intRoundtrip(com.paritytrading.foundation.ByteArraysTest)
[expected:<25133567> but was:<-1>]
java.lang.AssertionError: expected:<25133567> but was:<-1>    at org.junit.Assert.fail(Assert.java:88)
    at org.junit.Assert.failNotEquals(Assert.java:743)
    at org.junit.Assert.assertEquals(Assert.java:118)
    at org.junit.Assert.assertEquals(Assert.java:555)
    at org.junit.Assert.assertEquals(Assert.java:542)
    at com.paritytrading.foundation.ByteArraysTest.intRoundtrip(ByteArraysTest.java:125)
~ longRoundtrip(com.paritytrading.foundation.ByteArraysTest)
[expected:<1376528744703> but was:<-1>]
java.lang.AssertionError: expected:<1376528744703> but was:<-1>    at org.junit.Assert.fail(Assert.java:88)
    at org.junit.Assert.failNotEquals(Assert.java:743)
    at org.junit.Assert.assertEquals(Assert.java:118)
    at org.junit.Assert.assertEquals(Assert.java:555)
    at org.junit.Assert.assertEquals(Assert.java:542)
    at com.paritytrading.foundation.ByteArraysTest.longRoundtrip(ByteArraysTest.java:132)
~ shortRoundtrip(com.paritytrading.foundation.ByteArraysTest)
[expected:<511> but was:<-1>]
java.lang.AssertionError: expected:<511> but was:<-1>    at org.junit.Assert.fail(Assert.java:88)
    at org.junit.Assert.failNotEquals(Assert.java:743)
    at org.junit.Assert.assertEquals(Assert.java:118)
    at org.junit.Assert.assertEquals(Assert.java:555)
    at org.junit.Assert.assertEquals(Assert.java:542)
    at com.paritytrading.foundation.ByteArraysTest.shortRoundtrip(ByteArraysTest.java:118)
~ intRoundtrip(com.paritytrading.foundation.ByteArraysTest)
[expected:<25133567> but was:<-1>]
java.lang.AssertionError: expected:<25133567> but was:<-1>    at org.junit.Assert.fail(Assert.java:88)
    at org.junit.Assert.failNotEquals(Assert.java:743)
    at org.junit.Assert.assertEquals(Assert.java:118)
    at org.junit.Assert.assertEquals(Assert.java:555)
    at org.junit.Assert.assertEquals(Assert.java:542)
    at com.paritytrading.foundation.ByteArraysTest.intRoundtrip(ByteArraysTest.java:125)

java.lang.AssertionError: expected:<511> but was:<0>
    at org.junit.Assert.fail(Assert.java:88)
    at org.junit.Assert.failNotEquals(Assert.java:743)
    at org.junit.Assert.assertEquals(Assert.java:118)
    at org.junit.Assert.assertEquals(Assert.java:555)
    at org.junit.Assert.assertEquals(Assert.java:542)
    at com.paritytrading.foundation.ByteArraysTest.shortRoundtrip(ByteArraysTest.java:118)
16:25:23.034 [pool-45-thread-1] INFO  f.i.l.c.t.SpecificationTestCasesListener - Tests run finished (1 ms)
<> Total tests run: 1
<> Ignored tests: 0
<> Failed tests: 1
~ shortRoundtrip(com.paritytrading.foundation.ByteArraysTest)
[expected:<511> but was:<0>]
java.lang.AssertionError: expected:<511> but was:<0>    at org.junit.Assert.fail(Assert.java:88)
    at org.junit.Assert.failNotEquals(Assert.java:743)
    at org.junit.Assert.assertEquals(Assert.java:118)
    at org.junit.Assert.assertEquals(Assert.java:555)
    at org.junit.Assert.assertEquals(Assert.java:542)
    at com.paritytrading.foundation.ByteArraysTest.shortRoundtrip(ByteArraysTest.java:118)

java.lang.AssertionError: expected:<1376528744703> but was:<0>
    at org.junit.Assert.fail(Assert.java:88)
    at org.junit.Assert.failNotEquals(Assert.java:743)
    at org.junit.Assert.assertEquals(Assert.java:118)
    at org.junit.Assert.assertEquals(Assert.java:555)
    at org.junit.Assert.assertEquals(Assert.java:542)
    at com.paritytrading.foundation.ByteArraysTest.longRoundtrip(ByteArraysTest.java:132)
16:25:23.036 [pool-46-thread-1] INFO  f.i.l.c.t.SpecificationTestCasesListener - Tests run finished (1 ms)
<> Total tests run: 1
<> Ignored tests: 0
<> Failed tests: 1
~ longRoundtrip(com.paritytrading.foundation.ByteArraysTest)
[expected:<1376528744703> but was:<0>]
java.lang.AssertionError: expected:<1376528744703> but was:<0>    at org.junit.Assert.fail(Assert.java:88)
    at org.junit.Assert.failNotEquals(Assert.java:743)
    at org.junit.Assert.assertEquals(Assert.java:118)
    at org.junit.Assert.assertEquals(Assert.java:555)
    at org.junit.Assert.assertEquals(Assert.java:542)
    at com.paritytrading.foundation.ByteArraysTest.longRoundtrip(ByteArraysTest.java:132)

java.lang.AssertionError: expected:<25133567> but was:<0>
    at org.junit.Assert.fail(Assert.java:88)
    at org.junit.Assert.failNotEquals(Assert.java:743)
    at org.junit.Assert.assertEquals(Assert.java:118)
    at org.junit.Assert.assertEquals(Assert.java:555)
    at org.junit.Assert.assertEquals(Assert.java:542)
    at com.paritytrading.foundation.ByteArraysTest.intRoundtrip(ByteArraysTest.java:125)
16:25:23.039 [pool-47-thread-1] INFO  f.i.l.c.t.SpecificationTestCasesListener - Tests run finished (0 ms)
<> Total tests run: 1
<> Ignored tests: 0
<> Failed tests: 1
~ intRoundtrip(com.paritytrading.foundation.ByteArraysTest)
[expected:<25133567> but was:<0>]
java.lang.AssertionError: expected:<25133567> but was:<0>    at org.junit.Assert.fail(Assert.java:88)
    at org.junit.Assert.failNotEquals(Assert.java:743)
    at org.junit.Assert.assertEquals(Assert.java:118)
    at org.junit.Assert.assertEquals(Assert.java:555)
    at org.junit.Assert.assertEquals(Assert.java:542)
    at com.paritytrading.foundation.ByteArraysTest.intRoundtrip(ByteArraysTest.java:125)

java.lang.AssertionError: expected:<511> but was:<-1>
    at org.junit.Assert.fail(Assert.java:88)
    at org.junit.Assert.failNotEquals(Assert.java:743)
    at org.junit.Assert.assertEquals(Assert.java:118)
    at org.junit.Assert.assertEquals(Assert.java:555)
    at org.junit.Assert.assertEquals(Assert.java:542)
    at com.paritytrading.foundation.ByteArraysTest.shortRoundtrip(ByteArraysTest.java:118)
16:25:23.045 [pool-48-thread-1] INFO  f.i.l.c.t.SpecificationTestCasesListener - Tests run finished (1 ms)
<> Total tests run: 1
<> Ignored tests: 0
<> Failed tests: 1
~ shortRoundtrip(com.paritytrading.foundation.ByteArraysTest)
[expected:<511> but was:<-1>]
java.lang.AssertionError: expected:<511> but was:<-1>    at org.junit.Assert.fail(Assert.java:88)
    at org.junit.Assert.failNotEquals(Assert.java:743)
    at org.junit.Assert.assertEquals(Assert.java:118)
    at org.junit.Assert.assertEquals(Assert.java:555)
    at org.junit.Assert.assertEquals(Assert.java:542)
    at com.paritytrading.foundation.ByteArraysTest.shortRoundtrip(ByteArraysTest.java:118)

java.lang.AssertionError: expected:<1376528744703> but was:<-1>
    at org.junit.Assert.fail(Assert.java:88)
    at org.junit.Assert.failNotEquals(Assert.java:743)
    at org.junit.Assert.assertEquals(Assert.java:118)
    at org.junit.Assert.assertEquals(Assert.java:555)
    at org.junit.Assert.assertEquals(Assert.java:542)
    at com.paritytrading.foundation.ByteArraysTest.longRoundtrip(ByteArraysTest.java:132)
16:25:23.046 [pool-49-thread-1] INFO  f.i.l.c.t.SpecificationTestCasesListener - Tests run finished (0 ms)
<> Total tests run: 1
<> Ignored tests: 0
<> Failed tests: 1
~ longRoundtrip(com.paritytrading.foundation.ByteArraysTest)
[expected:<1376528744703> but was:<-1>]
java.lang.AssertionError: expected:<1376528744703> but was:<-1>    at org.junit.Assert.fail(Assert.java:88)
    at org.junit.Assert.failNotEquals(Assert.java:743)
    at org.junit.Assert.assertEquals(Assert.java:118)
    at org.junit.Assert.assertEquals(Assert.java:555)
    at org.junit.Assert.assertEquals(Assert.java:542)
    at com.paritytrading.foundation.ByteArraysTest.longRoundtrip(ByteArraysTest.java:132)

java.lang.AssertionError: expected:<25133567> but was:<-1>
    at org.junit.Assert.fail(Assert.java:88)
    at org.junit.Assert.failNotEquals(Assert.java:743)
    at org.junit.Assert.assertEquals(Assert.java:118)
    at org.junit.Assert.assertEquals(Assert.java:555)
    at org.junit.Assert.assertEquals(Assert.java:542)
    at com.paritytrading.foundation.ByteArraysTest.intRoundtrip(ByteArraysTest.java:125)
16:25:23.047 [pool-50-thread-1] INFO  f.i.l.c.t.SpecificationTestCasesListener - Tests run finished (0 ms)
<> Total tests run: 1
<> Ignored tests: 0
<> Failed tests: 1
~ intRoundtrip(com.paritytrading.foundation.ByteArraysTest)
[expected:<25133567> but was:<-1>]
java.lang.AssertionError: expected:<25133567> but was:<-1>    at org.junit.Assert.fail(Assert.java:88)
    at org.junit.Assert.failNotEquals(Assert.java:743)
    at org.junit.Assert.assertEquals(Assert.java:118)
    at org.junit.Assert.assertEquals(Assert.java:555)
    at org.junit.Assert.assertEquals(Assert.java:542)
    at com.paritytrading.foundation.ByteArraysTest.intRoundtrip(ByteArraysTest.java:125)

16:25:23.048 [pool-43-thread-1] DEBUG tests.output - Failing tests with false: 
[shortRoundtrip(com.paritytrading.foundation.ByteArraysTest): expected:<511> but was:<0>, longRoundtrip(com.paritytrading.foundation.ByteArraysTest): expected:<1376528744703> but was:<0>, intRoundtrip(com.paritytrading.foundation.ByteArraysTest): expected:<25133567> but was:<0>]
16:25:23.048 [pool-43-thread-1] DEBUG tests.output - Failing tests with true: 
[shortRoundtrip(com.paritytrading.foundation.ByteArraysTest): expected:<511> but was:<-1>, longRoundtrip(com.paritytrading.foundation.ByteArraysTest): expected:<1376528744703> but was:<-1>, intRoundtrip(com.paritytrading.foundation.ByteArraysTest): expected:<25133567> but was:<-1>]
16:25:23.048 [pool-43-thread-1] INFO  f.i.l.r.n.synth.SMTNopolSynthesizer - Not enough specifications: 0. A trivial patch is "true" or "false", please write new tests specifying SourceLocation com.paritytrading.foundation.ByteArrays:171.
16:25:23.048 [pool-2-thread-1] DEBUG fr.inria.lille.repair.nopol.NoPol - statement #13
16:25:23.048 [pool-2-thread-1] DEBUG fr.inria.lille.repair.nopol.NoPol - Analysing SourceLocation com.paritytrading.foundation.ByteArrays:51 which is executed by 2 tests
1972116611
16:25:23.092 [pool-2-thread-1] DEBUG fr.inria.lille.repair.nopol.NoPol - statement #14
16:25:23.092 [pool-2-thread-1] DEBUG fr.inria.lille.repair.nopol.NoPol - Analysing SourceLocation com.paritytrading.foundation.ByteArrays:121 which is executed by 2 tests
1972116611
16:25:23.168 [pool-2-thread-1] DEBUG fr.inria.lille.repair.nopol.NoPol - statement #15
16:25:23.168 [pool-2-thread-1] DEBUG fr.inria.lille.repair.nopol.NoPol - Analysing SourceLocation com.paritytrading.foundation.ByteArrays:144 which is executed by 2 tests
1972116611
16:25:23.211 [pool-2-thread-1] DEBUG fr.inria.lille.repair.nopol.NoPol - statement #16
16:25:23.211 [pool-2-thread-1] DEBUG fr.inria.lille.repair.nopol.NoPol - Analysing SourceLocation com.paritytrading.foundation.ByteArrays:68 which is executed by 2 tests
1972116611
16:25:23.254 [pool-2-thread-1] DEBUG fr.inria.lille.repair.nopol.NoPol - statement #17
16:25:23.254 [pool-2-thread-1] DEBUG fr.inria.lille.repair.nopol.NoPol - Analysing SourceLocation com.paritytrading.foundation.ByteArrays:167 which is executed by 2 tests
1972116611
16:25:23.297 [pool-2-thread-1] DEBUG fr.inria.lille.repair.nopol.NoPol - statement #18
16:25:23.297 [pool-2-thread-1] DEBUG fr.inria.lille.repair.nopol.NoPol - Analysing SourceLocation com.paritytrading.foundation.ByteArrays:85 which is executed by 2 tests
1972116611
16:25:23.340 [pool-2-thread-1] INFO  fr.inria.lille.repair.nopol.NoPol - ----INFORMATION----
16:25:23.351 [pool-2-thread-1] INFO  fr.inria.lille.repair.nopol.NoPol - Nb classes : 4
16:25:23.351 [pool-2-thread-1] INFO  fr.inria.lille.repair.nopol.NoPol - Nb methods : 53
16:25:23.351 [pool-2-thread-1] INFO  fr.inria.lille.repair.nopol.NoPol - Nb Statements Analyzed : 6
16:25:23.351 [pool-2-thread-1] INFO  fr.inria.lille.repair.nopol.NoPol - Nb Statements with Angelic Value Found : 0
16:25:23.351 [pool-2-thread-1] INFO  fr.inria.lille.repair.nopol.NoPol - Nb inputs in SMT : 0
16:25:23.354 [pool-2-thread-1] INFO  fr.inria.lille.repair.nopol.NoPol - Nb SMT level: 0
16:25:23.354 [pool-2-thread-1] INFO  fr.inria.lille.repair.nopol.NoPol - Nb variables in SMT : 0
16:25:23.354 [pool-2-thread-1] INFO  fr.inria.lille.repair.nopol.NoPol - NoPol Execution time : 6006ms
16:25:23.354 [pool-2-thread-1] INFO  fr.inria.lille.repair.nopol.NoPol - 
NO_ANGELIC_VALUE
Command exited with non-zero status 255
11.69user 0.93system 0:07.11elapsed 177%CPU (0avgtext+0avgdata 442384maxresident)k
45016inputs+5424outputs (3major+138191minor)pagefaults 0swaps


Node: graphene-74.nancy.grid5000.fr



Date: Wed Dec 26 16:25:23 EST 2018

