cd /tmp/Nopol_Defects4J_Math_56;
export JAVA_TOOL_OPTIONS=-Dfile.encoding=UTF8;
TZ="America/New_York"; export TZ;
export PATH="/usr/lib/jvm/java-1.8.0-openjdk-amd64/bin/:$PATH";
export JAVA_HOME="/usr/lib/jvm/java-1.8.0-openjdk-amd64/bin/";
time java -Xmx4048m -cp /home/tdurieux/defects4j4repair/script/../repair_tools/nopol.jar:/usr/lib/jvm/java-1.8.0-openjdk-amd64/bin//../lib/tools.jar fr.inria.lille.repair.Main \
	--mode repair \
	--type pre_then_cond \
	--oracle angelic \
	--synthesis smt \
	--flocal gzoltar \
	--json \
	--solver z3 \
	--solver-path /home/tdurieux/defects4j4repair/script/../libs/z3/build/z3 \
	--complianceLevel 5 \
	--source src/main/java/ \
	--classpath "target/classes/:target/test-classes/:/tmp/Nopol_Defects4J_Math_56/target/classes/:/tmp/Nopol_Defects4J_Math_56/target/test-classes/:/home/tdurieux/defects4j4repair/script/../benchmarks/defects4j/framework/projects/Math/lib/commons-discovery-0.5.jar:/home/tdurieux/defects4j4repair/script/../repair_tools/nopol.jar";
	echo "\n\nNode: `hostname`\n";
	echo "\n\nDate: `date`\n";
Picked up JAVA_TOOL_OPTIONS: -Dfile.encoding=UTF8
22:54:15.825 [main] INFO  fr.inria.lille.repair.nopol.NoPol - Source files: [src/main/java]
22:54:15.829 [main] INFO  fr.inria.lille.repair.nopol.NoPol - Classpath: [file:/tmp/Nopol_Defects4J_Math_56/target/classes/, file:/tmp/Nopol_Defects4J_Math_56/target/test-classes/, file:/tmp/Nopol_Defects4J_Math_56/target/classes/, file:/tmp/Nopol_Defects4J_Math_56/target/test-classes/, file:/home/tdurieux/defects4j4repair/script/../benchmarks/defects4j/framework/projects/Math/lib/commons-discovery-0.5.jar, file:/home/tdurieux/defects4j4repair/script/../repair_tools/nopol.jar]
22:54:15.830 [main] INFO  fr.inria.lille.repair.nopol.NoPol - Statement type: PRE_THEN_COND
22:54:15.830 [main] INFO  fr.inria.lille.repair.nopol.NoPol - Args: [org.apache.commons.math.ConvergenceExceptionTest, org.apache.commons.math.ConvergenceExceptionTest, org.apache.commons.math.MathConfigurationExceptionTest, org.apache.commons.math.MathConfigurationExceptionTest, org.apache.commons.math.MathExceptionTest, org.apache.commons.math.MathExceptionTest, org.apache.commons.math.RetryRunnerTest, org.apache.commons.math.RetryRunnerTest, org.apache.commons.math.analysis.FunctionUtilsTest, org.apache.commons.math.analysis.FunctionUtilsTest, org.apache.commons.math.analysis.function.GaussianTest, org.apache.commons.math.analysis.function.GaussianTest, org.apache.commons.math.analysis.function.HarmonicOscillatorTest, org.apache.commons.math.analysis.function.HarmonicOscillatorTest, org.apache.commons.math.analysis.function.LogisticTest, org.apache.commons.math.analysis.function.LogisticTest, org.apache.commons.math.analysis.function.LogitTest, org.apache.commons.math.analysis.function.LogitTest, org.apache.commons.math.analysis.function.SigmoidTest, org.apache.commons.math.analysis.function.SigmoidTest, org.apache.commons.math.analysis.function.StepFunctionTest, org.apache.commons.math.analysis.function.StepFunctionTest, org.apache.commons.math.analysis.integration.LegendreGaussIntegratorTest, org.apache.commons.math.analysis.integration.LegendreGaussIntegratorTest, org.apache.commons.math.analysis.integration.RombergIntegratorTest, org.apache.commons.math.analysis.integration.RombergIntegratorTest, org.apache.commons.math.analysis.integration.SimpsonIntegratorTest, org.apache.commons.math.analysis.integration.SimpsonIntegratorTest, org.apache.commons.math.analysis.integration.TrapezoidIntegratorTest, org.apache.commons.math.analysis.integration.TrapezoidIntegratorTest, org.apache.commons.math.analysis.interpolation.BicubicSplineInterpolatingFunctionTest, org.apache.commons.math.analysis.interpolation.BicubicSplineInterpolatingFunctionTest, org.apache.commons.math.analysis.interpolation.BicubicSplineInterpolatorTest, org.apache.commons.math.analysis.interpolation.BicubicSplineInterpolatorTest, org.apache.commons.math.analysis.interpolation.DividedDifferenceInterpolatorTest, org.apache.commons.math.analysis.interpolation.DividedDifferenceInterpolatorTest, org.apache.commons.math.analysis.interpolation.LinearInterpolatorTest, org.apache.commons.math.analysis.interpolation.LinearInterpolatorTest, org.apache.commons.math.analysis.interpolation.LoessInterpolatorTest, org.apache.commons.math.analysis.interpolation.LoessInterpolatorTest, org.apache.commons.math.analysis.interpolation.MicrosphereInterpolatorTest, org.apache.commons.math.analysis.interpolation.MicrosphereInterpolatorTest, org.apache.commons.math.analysis.interpolation.NevilleInterpolatorTest, org.apache.commons.math.analysis.interpolation.NevilleInterpolatorTest, org.apache.commons.math.analysis.interpolation.SmoothingPolynomialBicubicSplineInterpolatorTest, org.apache.commons.math.analysis.interpolation.SmoothingPolynomialBicubicSplineInterpolatorTest, org.apache.commons.math.analysis.interpolation.SplineInterpolatorTest, org.apache.commons.math.analysis.interpolation.SplineInterpolatorTest, org.apache.commons.math.analysis.interpolation.TricubicSplineInterpolatingFunctionTest, org.apache.commons.math.analysis.interpolation.TricubicSplineInterpolatingFunctionTest, org.apache.commons.math.analysis.interpolation.TricubicSplineInterpolatorTest, org.apache.commons.math.analysis.interpolation.TricubicSplineInterpolatorTest, org.apache.commons.math.analysis.polynomials.PolynomialFunctionLagrangeFormTest, org.apache.commons.math.analysis.polynomials.PolynomialFunctionLagrangeFormTest, org.apache.commons.math.analysis.polynomials.PolynomialFunctionNewtonFormTest, org.apache.commons.math.analysis.polynomials.PolynomialFunctionNewtonFormTest, org.apache.commons.math.analysis.polynomials.PolynomialFunctionTest, org.apache.commons.math.analysis.polynomials.PolynomialFunctionTest, org.apache.commons.math.analysis.polynomials.PolynomialSplineFunctionTest, org.apache.commons.math.analysis.polynomials.PolynomialSplineFunctionTest, org.apache.commons.math.analysis.polynomials.PolynomialsUtilsTest, org.apache.commons.math.analysis.polynomials.PolynomialsUtilsTest, org.apache.commons.math.analysis.solvers.BisectionSolverTest, org.apache.commons.math.analysis.solvers.BisectionSolverTest, org.apache.commons.math.analysis.solvers.BrentSolverTest, org.apache.commons.math.analysis.solvers.BrentSolverTest, org.apache.commons.math.analysis.solvers.LaguerreSolverTest, org.apache.commons.math.analysis.solvers.LaguerreSolverTest, org.apache.commons.math.analysis.solvers.MullerSolver2Test, org.apache.commons.math.analysis.solvers.MullerSolver2Test, org.apache.commons.math.analysis.solvers.MullerSolverTest, org.apache.commons.math.analysis.solvers.MullerSolverTest, org.apache.commons.math.analysis.solvers.NewtonSolverTest, org.apache.commons.math.analysis.solvers.NewtonSolverTest, org.apache.commons.math.analysis.solvers.RiddersSolverTest, org.apache.commons.math.analysis.solvers.RiddersSolverTest, org.apache.commons.math.analysis.solvers.SecantSolverTest, org.apache.commons.math.analysis.solvers.SecantSolverTest, org.apache.commons.math.analysis.solvers.UnivariateRealSolverUtilsTest, org.apache.commons.math.analysis.solvers.UnivariateRealSolverUtilsTest, org.apache.commons.math.complex.ComplexFieldTest, org.apache.commons.math.complex.ComplexFieldTest, org.apache.commons.math.complex.ComplexFormatTest, org.apache.commons.math.complex.ComplexFormatTest, org.apache.commons.math.complex.ComplexTest, org.apache.commons.math.complex.ComplexTest, org.apache.commons.math.complex.ComplexUtilsTest, org.apache.commons.math.complex.ComplexUtilsTest, org.apache.commons.math.complex.FrenchComplexFormatTest, org.apache.commons.math.complex.FrenchComplexFormatTest, org.apache.commons.math.dfp.DfpDecTest, org.apache.commons.math.dfp.DfpDecTest, org.apache.commons.math.dfp.DfpMathTest, org.apache.commons.math.dfp.DfpMathTest, org.apache.commons.math.dfp.DfpTest, org.apache.commons.math.dfp.DfpTest, org.apache.commons.math.distribution.BetaDistributionTest, org.apache.commons.math.distribution.BetaDistributionTest, org.apache.commons.math.distribution.BinomialDistributionTest, org.apache.commons.math.distribution.BinomialDistributionTest, org.apache.commons.math.distribution.CauchyDistributionTest, org.apache.commons.math.distribution.CauchyDistributionTest, org.apache.commons.math.distribution.ChiSquareDistributionTest, org.apache.commons.math.distribution.ChiSquareDistributionTest, org.apache.commons.math.distribution.ExponentialDistributionTest, org.apache.commons.math.distribution.ExponentialDistributionTest, org.apache.commons.math.distribution.FDistributionTest, org.apache.commons.math.distribution.FDistributionTest, org.apache.commons.math.distribution.GammaDistributionTest, org.apache.commons.math.distribution.GammaDistributionTest, org.apache.commons.math.distribution.HypergeometricDistributionTest, org.apache.commons.math.distribution.HypergeometricDistributionTest, org.apache.commons.math.distribution.KolmogorovSmirnovDistributionTest, org.apache.commons.math.distribution.KolmogorovSmirnovDistributionTest, org.apache.commons.math.distribution.NormalDistributionTest, org.apache.commons.math.distribution.NormalDistributionTest, org.apache.commons.math.distribution.PascalDistributionTest, org.apache.commons.math.distribution.PascalDistributionTest, org.apache.commons.math.distribution.PoissonDistributionTest, org.apache.commons.math.distribution.PoissonDistributionTest, org.apache.commons.math.distribution.TDistributionTest, org.apache.commons.math.distribution.TDistributionTest, org.apache.commons.math.distribution.WeibullDistributionTest, org.apache.commons.math.distribution.WeibullDistributionTest, org.apache.commons.math.distribution.ZipfDistributionTest, org.apache.commons.math.distribution.ZipfDistributionTest, org.apache.commons.math.exception.DimensionMismatchExceptionTest, org.apache.commons.math.exception.DimensionMismatchExceptionTest, org.apache.commons.math.exception.MathRuntimeExceptionTest, org.apache.commons.math.exception.MathRuntimeExceptionTest, org.apache.commons.math.exception.MaxCountExceededExceptionTest, org.apache.commons.math.exception.MaxCountExceededExceptionTest, org.apache.commons.math.exception.NonMonotonousSequenceExceptionTest, org.apache.commons.math.exception.NonMonotonousSequenceExceptionTest, org.apache.commons.math.exception.NotPositiveExceptionTest, org.apache.commons.math.exception.NotPositiveExceptionTest, org.apache.commons.math.exception.NotStrictlyPositiveExceptionTest, org.apache.commons.math.exception.NotStrictlyPositiveExceptionTest, org.apache.commons.math.exception.NumberIsTooLargeExceptionTest, org.apache.commons.math.exception.NumberIsTooLargeExceptionTest, org.apache.commons.math.exception.NumberIsTooSmallExceptionTest, org.apache.commons.math.exception.NumberIsTooSmallExceptionTest, org.apache.commons.math.exception.OutOfRangeExceptionTest, org.apache.commons.math.exception.OutOfRangeExceptionTest, org.apache.commons.math.exception.util.ArgUtilsTest, org.apache.commons.math.exception.util.ArgUtilsTest, org.apache.commons.math.fraction.BigFractionFieldTest, org.apache.commons.math.fraction.BigFractionFieldTest, org.apache.commons.math.fraction.BigFractionFormatTest, org.apache.commons.math.fraction.BigFractionFormatTest, org.apache.commons.math.fraction.BigFractionTest, org.apache.commons.math.fraction.BigFractionTest, org.apache.commons.math.fraction.FractionFieldTest, org.apache.commons.math.fraction.FractionFieldTest, org.apache.commons.math.fraction.FractionFormatTest, org.apache.commons.math.fraction.FractionFormatTest, org.apache.commons.math.fraction.FractionTest, org.apache.commons.math.fraction.FractionTest, org.apache.commons.math.genetics.BinaryChromosomeTest, org.apache.commons.math.genetics.BinaryChromosomeTest, org.apache.commons.math.genetics.BinaryMutationTest, org.apache.commons.math.genetics.BinaryMutationTest, org.apache.commons.math.genetics.ChromosomeTest, org.apache.commons.math.genetics.ChromosomeTest, org.apache.commons.math.genetics.ElitisticListPopulationTest, org.apache.commons.math.genetics.ElitisticListPopulationTest, org.apache.commons.math.genetics.FitnessCachingTest, org.apache.commons.math.genetics.FitnessCachingTest, org.apache.commons.math.genetics.FixedGenerationCountTest, org.apache.commons.math.genetics.FixedGenerationCountTest, org.apache.commons.math.genetics.GeneticAlgorithmTestBinary, org.apache.commons.math.genetics.GeneticAlgorithmTestBinary, org.apache.commons.math.genetics.GeneticAlgorithmTestPermutations, org.apache.commons.math.genetics.GeneticAlgorithmTestPermutations, org.apache.commons.math.genetics.ListPopulationTest, org.apache.commons.math.genetics.ListPopulationTest, org.apache.commons.math.genetics.OnePointCrossoverTest, org.apache.commons.math.genetics.OnePointCrossoverTest, org.apache.commons.math.genetics.RandomKeyMutationTest, org.apache.commons.math.genetics.RandomKeyMutationTest, org.apache.commons.math.genetics.RandomKeyTest, org.apache.commons.math.genetics.RandomKeyTest, org.apache.commons.math.genetics.TournamentSelectionTest, org.apache.commons.math.genetics.TournamentSelectionTest, org.apache.commons.math.geometry.FrenchVector3DFormatTest, org.apache.commons.math.geometry.FrenchVector3DFormatTest, org.apache.commons.math.geometry.RotationOrderTest, org.apache.commons.math.geometry.RotationOrderTest, org.apache.commons.math.geometry.RotationTest, org.apache.commons.math.geometry.RotationTest, org.apache.commons.math.geometry.Vector3DFormatTest, org.apache.commons.math.geometry.Vector3DFormatTest, org.apache.commons.math.geometry.Vector3DTest, org.apache.commons.math.geometry.Vector3DTest, org.apache.commons.math.linear.AbstractRealVectorTest, org.apache.commons.math.linear.AbstractRealVectorTest, org.apache.commons.math.linear.Array2DRowRealMatrixTest, org.apache.commons.math.linear.Array2DRowRealMatrixTest, org.apache.commons.math.linear.ArrayFieldVectorTest, org.apache.commons.math.linear.ArrayFieldVectorTest, org.apache.commons.math.linear.ArrayRealVectorTest, org.apache.commons.math.linear.ArrayRealVectorTest, org.apache.commons.math.linear.BiDiagonalTransformerTest, org.apache.commons.math.linear.BiDiagonalTransformerTest, org.apache.commons.math.linear.BlockFieldMatrixTest, org.apache.commons.math.linear.BlockFieldMatrixTest, org.apache.commons.math.linear.BlockRealMatrixTest, org.apache.commons.math.linear.BlockRealMatrixTest, org.apache.commons.math.linear.CholeskyDecompositionImplTest, org.apache.commons.math.linear.CholeskyDecompositionImplTest, org.apache.commons.math.linear.CholeskySolverTest, org.apache.commons.math.linear.CholeskySolverTest, org.apache.commons.math.linear.EigenDecompositionImplTest, org.apache.commons.math.linear.EigenDecompositionImplTest, org.apache.commons.math.linear.EigenSolverTest, org.apache.commons.math.linear.EigenSolverTest, org.apache.commons.math.linear.FieldLUDecompositionImplTest, org.apache.commons.math.linear.FieldLUDecompositionImplTest, org.apache.commons.math.linear.FieldMatrixImplTest, org.apache.commons.math.linear.FieldMatrixImplTest, org.apache.commons.math.linear.FrenchRealVectorFormatTest, org.apache.commons.math.linear.FrenchRealVectorFormatTest, org.apache.commons.math.linear.LUDecompositionImplTest, org.apache.commons.math.linear.LUDecompositionImplTest, org.apache.commons.math.linear.LUSolverTest, org.apache.commons.math.linear.LUSolverTest, org.apache.commons.math.linear.MatrixDimensionMismatchExceptionTest, org.apache.commons.math.linear.MatrixDimensionMismatchExceptionTest, org.apache.commons.math.linear.MatrixUtilsTest, org.apache.commons.math.linear.MatrixUtilsTest, org.apache.commons.math.linear.QRDecompositionImplTest, org.apache.commons.math.linear.QRDecompositionImplTest, org.apache.commons.math.linear.QRSolverTest, org.apache.commons.math.linear.QRSolverTest, org.apache.commons.math.linear.RealVectorFormatTest, org.apache.commons.math.linear.RealVectorFormatTest, org.apache.commons.math.linear.SingularValueDecompositionImplTest, org.apache.commons.math.linear.SingularValueDecompositionImplTest, org.apache.commons.math.linear.SingularValueSolverTest, org.apache.commons.math.linear.SingularValueSolverTest, org.apache.commons.math.linear.SparseFieldMatrixTest, org.apache.commons.math.linear.SparseFieldMatrixTest, org.apache.commons.math.linear.SparseFieldVectorTest, org.apache.commons.math.linear.SparseFieldVectorTest, org.apache.commons.math.linear.SparseRealMatrixTest, org.apache.commons.math.linear.SparseRealMatrixTest, org.apache.commons.math.linear.SparseRealVectorTest, org.apache.commons.math.linear.SparseRealVectorTest, org.apache.commons.math.linear.TriDiagonalTransformerTest, org.apache.commons.math.linear.TriDiagonalTransformerTest, org.apache.commons.math.ode.ContinuousOutputModelTest, org.apache.commons.math.ode.ContinuousOutputModelTest, org.apache.commons.math.ode.FirstOrderConverterTest, org.apache.commons.math.ode.FirstOrderConverterTest, org.apache.commons.math.ode.events.EventStateTest, org.apache.commons.math.ode.events.EventStateTest, org.apache.commons.math.ode.nonstiff.AdamsBashforthIntegratorTest, org.apache.commons.math.ode.nonstiff.AdamsBashforthIntegratorTest, org.apache.commons.math.ode.nonstiff.AdamsMoultonIntegratorTest, org.apache.commons.math.ode.nonstiff.AdamsMoultonIntegratorTest, org.apache.commons.math.ode.nonstiff.ClassicalRungeKuttaIntegratorTest, org.apache.commons.math.ode.nonstiff.ClassicalRungeKuttaIntegratorTest, org.apache.commons.math.ode.nonstiff.ClassicalRungeKuttaStepInterpolatorTest, org.apache.commons.math.ode.nonstiff.ClassicalRungeKuttaStepInterpolatorTest, org.apache.commons.math.ode.nonstiff.DormandPrince54IntegratorTest, org.apache.commons.math.ode.nonstiff.DormandPrince54IntegratorTest, org.apache.commons.math.ode.nonstiff.DormandPrince54StepInterpolatorTest, org.apache.commons.math.ode.nonstiff.DormandPrince54StepInterpolatorTest, org.apache.commons.math.ode.nonstiff.DormandPrince853IntegratorTest, org.apache.commons.math.ode.nonstiff.DormandPrince853IntegratorTest, org.apache.commons.math.ode.nonstiff.DormandPrince853StepInterpolatorTest, org.apache.commons.math.ode.nonstiff.DormandPrince853StepInterpolatorTest, org.apache.commons.math.ode.nonstiff.EulerIntegratorTest, org.apache.commons.math.ode.nonstiff.EulerIntegratorTest, org.apache.commons.math.ode.nonstiff.EulerStepInterpolatorTest, org.apache.commons.math.ode.nonstiff.EulerStepInterpolatorTest, org.apache.commons.math.ode.nonstiff.GillIntegratorTest, org.apache.commons.math.ode.nonstiff.GillIntegratorTest, org.apache.commons.math.ode.nonstiff.GillStepInterpolatorTest, org.apache.commons.math.ode.nonstiff.GillStepInterpolatorTest, org.apache.commons.math.ode.nonstiff.GraggBulirschStoerIntegratorTest, org.apache.commons.math.ode.nonstiff.GraggBulirschStoerIntegratorTest, org.apache.commons.math.ode.nonstiff.GraggBulirschStoerStepInterpolatorTest, org.apache.commons.math.ode.nonstiff.GraggBulirschStoerStepInterpolatorTest, org.apache.commons.math.ode.nonstiff.HighamHall54IntegratorTest, org.apache.commons.math.ode.nonstiff.HighamHall54IntegratorTest, org.apache.commons.math.ode.nonstiff.HighamHall54StepInterpolatorTest, org.apache.commons.math.ode.nonstiff.HighamHall54StepInterpolatorTest, org.apache.commons.math.ode.nonstiff.MidpointIntegratorTest, org.apache.commons.math.ode.nonstiff.MidpointIntegratorTest, org.apache.commons.math.ode.nonstiff.MidpointStepInterpolatorTest, org.apache.commons.math.ode.nonstiff.MidpointStepInterpolatorTest, org.apache.commons.math.ode.nonstiff.ThreeEighthesIntegratorTest, org.apache.commons.math.ode.nonstiff.ThreeEighthesIntegratorTest, org.apache.commons.math.ode.nonstiff.ThreeEighthesStepInterpolatorTest, org.apache.commons.math.ode.nonstiff.ThreeEighthesStepInterpolatorTest, org.apache.commons.math.ode.sampling.DummyStepInterpolatorTest, org.apache.commons.math.ode.sampling.DummyStepInterpolatorTest, org.apache.commons.math.ode.sampling.NordsieckStepInterpolatorTest, org.apache.commons.math.ode.sampling.NordsieckStepInterpolatorTest, org.apache.commons.math.ode.sampling.StepNormalizerTest, org.apache.commons.math.ode.sampling.StepNormalizerTest, org.apache.commons.math.optimization.MultiStartDifferentiableMultivariateRealOptimizerTest, org.apache.commons.math.optimization.MultiStartDifferentiableMultivariateRealOptimizerTest, org.apache.commons.math.optimization.MultiStartDifferentiableMultivariateVectorialOptimizerTest, org.apache.commons.math.optimization.MultiStartDifferentiableMultivariateVectorialOptimizerTest, org.apache.commons.math.optimization.MultiStartMultivariateRealOptimizerTest, org.apache.commons.math.optimization.MultiStartMultivariateRealOptimizerTest, org.apache.commons.math.optimization.direct.CMAESOptimizerTest, org.apache.commons.math.optimization.direct.CMAESOptimizerTest, org.apache.commons.math.optimization.direct.PowellOptimizerTest, org.apache.commons.math.optimization.direct.PowellOptimizerTest, org.apache.commons.math.optimization.direct.SimplexOptimizerMultiDirectionalTest, org.apache.commons.math.optimization.direct.SimplexOptimizerMultiDirectionalTest, org.apache.commons.math.optimization.direct.SimplexOptimizerNelderMeadTest, org.apache.commons.math.optimization.direct.SimplexOptimizerNelderMeadTest, org.apache.commons.math.optimization.fitting.CurveFitterTest, org.apache.commons.math.optimization.fitting.CurveFitterTest, org.apache.commons.math.optimization.fitting.GaussianFitterTest, org.apache.commons.math.optimization.fitting.GaussianFitterTest, org.apache.commons.math.optimization.fitting.HarmonicFitterTest, org.apache.commons.math.optimization.fitting.HarmonicFitterTest, org.apache.commons.math.optimization.fitting.PolynomialFitterTest, org.apache.commons.math.optimization.fitting.PolynomialFitterTest, org.apache.commons.math.optimization.general.GaussNewtonOptimizerTest, org.apache.commons.math.optimization.general.GaussNewtonOptimizerTest, org.apache.commons.math.optimization.general.LevenbergMarquardtOptimizerTest, org.apache.commons.math.optimization.general.LevenbergMarquardtOptimizerTest, org.apache.commons.math.optimization.general.MinpackTest, org.apache.commons.math.optimization.general.MinpackTest, org.apache.commons.math.optimization.general.NonLinearConjugateGradientOptimizerTest, org.apache.commons.math.optimization.general.NonLinearConjugateGradientOptimizerTest, org.apache.commons.math.optimization.linear.SimplexSolverTest, org.apache.commons.math.optimization.linear.SimplexSolverTest, org.apache.commons.math.optimization.linear.SimplexTableauTest, org.apache.commons.math.optimization.linear.SimplexTableauTest, org.apache.commons.math.optimization.univariate.BracketFinderTest, org.apache.commons.math.optimization.univariate.BracketFinderTest, org.apache.commons.math.optimization.univariate.BrentOptimizerTest, org.apache.commons.math.optimization.univariate.BrentOptimizerTest, org.apache.commons.math.optimization.univariate.MultiStartUnivariateRealOptimizerTest, org.apache.commons.math.optimization.univariate.MultiStartUnivariateRealOptimizerTest, org.apache.commons.math.random.AbstractRandomGeneratorTest, org.apache.commons.math.random.AbstractRandomGeneratorTest, org.apache.commons.math.random.CorrelatedRandomVectorGeneratorTest, org.apache.commons.math.random.CorrelatedRandomVectorGeneratorTest, org.apache.commons.math.random.EmpiricalDistributionTest, org.apache.commons.math.random.EmpiricalDistributionTest, org.apache.commons.math.random.GaussianRandomGeneratorTest, org.apache.commons.math.random.GaussianRandomGeneratorTest, org.apache.commons.math.random.MersenneTwisterTest, org.apache.commons.math.random.MersenneTwisterTest, org.apache.commons.math.random.RandomAdaptorTest, org.apache.commons.math.random.RandomAdaptorTest, org.apache.commons.math.random.RandomDataTest, org.apache.commons.math.random.RandomDataTest, org.apache.commons.math.random.UncorrelatedRandomVectorGeneratorTest, org.apache.commons.math.random.UncorrelatedRandomVectorGeneratorTest, org.apache.commons.math.random.UniformRandomGeneratorTest, org.apache.commons.math.random.UniformRandomGeneratorTest, org.apache.commons.math.random.ValueServerTest, org.apache.commons.math.random.ValueServerTest, org.apache.commons.math.random.Well1024aTest, org.apache.commons.math.random.Well1024aTest, org.apache.commons.math.random.Well19937aTest, org.apache.commons.math.random.Well19937aTest, org.apache.commons.math.random.Well19937cTest, org.apache.commons.math.random.Well19937cTest, org.apache.commons.math.random.Well44497aTest, org.apache.commons.math.random.Well44497aTest, org.apache.commons.math.random.Well44497bTest, org.apache.commons.math.random.Well44497bTest, org.apache.commons.math.random.Well512aTest, org.apache.commons.math.random.Well512aTest, org.apache.commons.math.special.BetaTest, org.apache.commons.math.special.BetaTest, org.apache.commons.math.special.ErfTest, org.apache.commons.math.special.ErfTest, org.apache.commons.math.special.GammaTest, org.apache.commons.math.special.GammaTest, org.apache.commons.math.stat.CertifiedDataTest, org.apache.commons.math.stat.CertifiedDataTest, org.apache.commons.math.stat.FrequencyTest, org.apache.commons.math.stat.FrequencyTest, org.apache.commons.math.stat.StatUtilsTest, org.apache.commons.math.stat.StatUtilsTest, org.apache.commons.math.stat.clustering.EuclideanIntegerPointTest, org.apache.commons.math.stat.clustering.EuclideanIntegerPointTest, org.apache.commons.math.stat.clustering.KMeansPlusPlusClustererTest, org.apache.commons.math.stat.clustering.KMeansPlusPlusClustererTest, org.apache.commons.math.stat.correlation.CovarianceTest, org.apache.commons.math.stat.correlation.CovarianceTest, org.apache.commons.math.stat.correlation.PearsonsCorrelationTest, org.apache.commons.math.stat.correlation.PearsonsCorrelationTest, org.apache.commons.math.stat.correlation.SpearmansRankCorrelationTest, org.apache.commons.math.stat.correlation.SpearmansRankCorrelationTest, org.apache.commons.math.stat.data.LewTest, org.apache.commons.math.stat.data.LewTest, org.apache.commons.math.stat.data.LotteryTest, org.apache.commons.math.stat.data.LotteryTest, org.apache.commons.math.stat.descriptive.AbstractUnivariateStatisticTest, org.apache.commons.math.stat.descriptive.AbstractUnivariateStatisticTest, org.apache.commons.math.stat.descriptive.AggregateSummaryStatisticsTest, org.apache.commons.math.stat.descriptive.AggregateSummaryStatisticsTest, org.apache.commons.math.stat.descriptive.DescriptiveStatisticsTest, org.apache.commons.math.stat.descriptive.DescriptiveStatisticsTest, org.apache.commons.math.stat.descriptive.InteractionTest, org.apache.commons.math.stat.descriptive.InteractionTest, org.apache.commons.math.stat.descriptive.ListUnivariateImplTest, org.apache.commons.math.stat.descriptive.ListUnivariateImplTest, org.apache.commons.math.stat.descriptive.MixedListUnivariateImplTest, org.apache.commons.math.stat.descriptive.MixedListUnivariateImplTest, org.apache.commons.math.stat.descriptive.MultivariateSummaryStatisticsTest, org.apache.commons.math.stat.descriptive.MultivariateSummaryStatisticsTest, org.apache.commons.math.stat.descriptive.StatisticalSummaryValuesTest, org.apache.commons.math.stat.descriptive.StatisticalSummaryValuesTest, org.apache.commons.math.stat.descriptive.SummaryStatisticsTest, org.apache.commons.math.stat.descriptive.SummaryStatisticsTest, org.apache.commons.math.stat.descriptive.SynchronizedDescriptiveStatisticsTest, org.apache.commons.math.stat.descriptive.SynchronizedDescriptiveStatisticsTest, org.apache.commons.math.stat.descriptive.SynchronizedMultivariateSummaryStatisticsTest, org.apache.commons.math.stat.descriptive.SynchronizedMultivariateSummaryStatisticsTest, org.apache.commons.math.stat.descriptive.SynchronizedSummaryStatisticsTest, org.apache.commons.math.stat.descriptive.SynchronizedSummaryStatisticsTest, org.apache.commons.math.stat.descriptive.moment.FirstMomentTest, org.apache.commons.math.stat.descriptive.moment.FirstMomentTest, org.apache.commons.math.stat.descriptive.moment.FourthMomentTest, org.apache.commons.math.stat.descriptive.moment.FourthMomentTest, org.apache.commons.math.stat.descriptive.moment.GeometricMeanTest, org.apache.commons.math.stat.descriptive.moment.GeometricMeanTest, org.apache.commons.math.stat.descriptive.moment.KurtosisTest, org.apache.commons.math.stat.descriptive.moment.KurtosisTest, org.apache.commons.math.stat.descriptive.moment.MeanTest, org.apache.commons.math.stat.descriptive.moment.MeanTest, org.apache.commons.math.stat.descriptive.moment.SecondMomentTest, org.apache.commons.math.stat.descriptive.moment.SecondMomentTest, org.apache.commons.math.stat.descriptive.moment.SemiVarianceTest, org.apache.commons.math.stat.descriptive.moment.SemiVarianceTest, org.apache.commons.math.stat.descriptive.moment.SkewnessTest, org.apache.commons.math.stat.descriptive.moment.SkewnessTest, org.apache.commons.math.stat.descriptive.moment.StandardDeviationTest, org.apache.commons.math.stat.descriptive.moment.StandardDeviationTest, org.apache.commons.math.stat.descriptive.moment.ThirdMomentTest, org.apache.commons.math.stat.descriptive.moment.ThirdMomentTest, org.apache.commons.math.stat.descriptive.moment.VarianceTest, org.apache.commons.math.stat.descriptive.moment.VarianceTest, org.apache.commons.math.stat.descriptive.moment.VectorialCovarianceTest, org.apache.commons.math.stat.descriptive.moment.VectorialCovarianceTest, org.apache.commons.math.stat.descriptive.moment.VectorialMeanTest, org.apache.commons.math.stat.descriptive.moment.VectorialMeanTest, org.apache.commons.math.stat.descriptive.rank.MaxTest, org.apache.commons.math.stat.descriptive.rank.MaxTest, org.apache.commons.math.stat.descriptive.rank.MedianTest, org.apache.commons.math.stat.descriptive.rank.MedianTest, org.apache.commons.math.stat.descriptive.rank.MinTest, org.apache.commons.math.stat.descriptive.rank.MinTest, org.apache.commons.math.stat.descriptive.rank.PercentileTest, org.apache.commons.math.stat.descriptive.rank.PercentileTest, org.apache.commons.math.stat.descriptive.summary.ProductTest, org.apache.commons.math.stat.descriptive.summary.ProductTest, org.apache.commons.math.stat.descriptive.summary.SumLogTest, org.apache.commons.math.stat.descriptive.summary.SumLogTest, org.apache.commons.math.stat.descriptive.summary.SumSqTest, org.apache.commons.math.stat.descriptive.summary.SumSqTest, org.apache.commons.math.stat.descriptive.summary.SumTest, org.apache.commons.math.stat.descriptive.summary.SumTest, org.apache.commons.math.stat.inference.ChiSquareTestTest, org.apache.commons.math.stat.inference.ChiSquareTestTest, org.apache.commons.math.stat.inference.MannWhitneyUTestTest, org.apache.commons.math.stat.inference.MannWhitneyUTestTest, org.apache.commons.math.stat.inference.OneWayAnovaTest, org.apache.commons.math.stat.inference.OneWayAnovaTest, org.apache.commons.math.stat.inference.TTestTest, org.apache.commons.math.stat.inference.TTestTest, org.apache.commons.math.stat.inference.TestUtilsTest, org.apache.commons.math.stat.inference.TestUtilsTest, org.apache.commons.math.stat.inference.WilcoxonSignedRankTestTest, org.apache.commons.math.stat.inference.WilcoxonSignedRankTestTest, org.apache.commons.math.stat.ranking.NaturalRankingTest, org.apache.commons.math.stat.ranking.NaturalRankingTest, org.apache.commons.math.stat.regression.GLSMultipleLinearRegressionTest, org.apache.commons.math.stat.regression.GLSMultipleLinearRegressionTest, org.apache.commons.math.stat.regression.OLSMultipleLinearRegressionTest, org.apache.commons.math.stat.regression.OLSMultipleLinearRegressionTest, org.apache.commons.math.stat.regression.SimpleRegressionTest, org.apache.commons.math.stat.regression.SimpleRegressionTest, org.apache.commons.math.transform.FastCosineTransformerTest, org.apache.commons.math.transform.FastCosineTransformerTest, org.apache.commons.math.transform.FastFourierTransformerTest, org.apache.commons.math.transform.FastFourierTransformerTest, org.apache.commons.math.transform.FastHadamardTransformerTest, org.apache.commons.math.transform.FastHadamardTransformerTest, org.apache.commons.math.transform.FastSineTransformerTest, org.apache.commons.math.transform.FastSineTransformerTest, org.apache.commons.math.util.BigRealFieldTest, org.apache.commons.math.util.BigRealFieldTest, org.apache.commons.math.util.BigRealTest, org.apache.commons.math.util.BigRealTest, org.apache.commons.math.util.ContinuedFractionTest, org.apache.commons.math.util.ContinuedFractionTest, org.apache.commons.math.util.DefaultTransformerTest, org.apache.commons.math.util.DefaultTransformerTest, org.apache.commons.math.util.FastMathStrictComparisonTest, org.apache.commons.math.util.FastMathStrictComparisonTest, org.apache.commons.math.util.FastMathTest, org.apache.commons.math.util.FastMathTest, org.apache.commons.math.util.FastMathTestPerformance, org.apache.commons.math.util.FastMathTestPerformance, org.apache.commons.math.util.IncrementorTest, org.apache.commons.math.util.IncrementorTest, org.apache.commons.math.util.MathUtilsTest, org.apache.commons.math.util.MathUtilsTest, org.apache.commons.math.util.MultidimensionalCounterTest, org.apache.commons.math.util.MultidimensionalCounterTest, org.apache.commons.math.util.OpenIntToDoubleHashMapTest, org.apache.commons.math.util.OpenIntToDoubleHashMapTest, org.apache.commons.math.util.OpenIntToFieldTest, org.apache.commons.math.util.OpenIntToFieldTest, org.apache.commons.math.util.PairTest, org.apache.commons.math.util.PairTest, org.apache.commons.math.util.ResizableDoubleArrayTest, org.apache.commons.math.util.ResizableDoubleArrayTest, org.apache.commons.math.util.TransformerMapTest, org.apache.commons.math.util.TransformerMapTest]
22:54:15.833 [main] INFO  fr.inria.lille.repair.nopol.NoPol - Config: Config{synthesisDepth=3, collectStaticMethods=true, collectStaticFields=false, collectLiterals=false, onlyOneSynthesisResult=true, sortExpressions=true, maxLineInvocationPerTest=250, timeoutMethodInvocation=2000, dataCollectionTimeoutInSecondForSynthesis=900, addWeight=0.19478, subWeight=0.04554, mulWeight=0.0102, divWeight=0.00613, andWeight=0.10597, orWeight=0.05708, eqWeight=0.22798, nEqWeight=0.0, lessEqWeight=0.0255, lessWeight=0.0947, methodCallWeight=0.1, fieldAccessWeight=0.08099, constantWeight=0.14232, variableWeight=0.05195, mode=REPAIR, type=PRE_THEN_COND, synthesis=SMT, oracle=ANGELIC, solver=Z3, solverPath='/home/tdurieux/defects4j4repair/script/../libs/z3/build/z3', projectSources=[src/main/java], projectClasspath='[Ljava.net.URL;@66d33a', projectTests=[org.apache.commons.math.ConvergenceExceptionTest, org.apache.commons.math.ConvergenceExceptionTest, org.apache.commons.math.MathConfigurationExceptionTest, org.apache.commons.math.MathConfigurationExceptionTest, org.apache.commons.math.MathExceptionTest, org.apache.commons.math.MathExceptionTest, org.apache.commons.math.RetryRunnerTest, org.apache.commons.math.RetryRunnerTest, org.apache.commons.math.analysis.FunctionUtilsTest, org.apache.commons.math.analysis.FunctionUtilsTest, org.apache.commons.math.analysis.function.GaussianTest, org.apache.commons.math.analysis.function.GaussianTest, org.apache.commons.math.analysis.function.HarmonicOscillatorTest, org.apache.commons.math.analysis.function.HarmonicOscillatorTest, org.apache.commons.math.analysis.function.LogisticTest, org.apache.commons.math.analysis.function.LogisticTest, org.apache.commons.math.analysis.function.LogitTest, org.apache.commons.math.analysis.function.LogitTest, org.apache.commons.math.analysis.function.SigmoidTest, org.apache.commons.math.analysis.function.SigmoidTest, org.apache.commons.math.analysis.function.StepFunctionTest, org.apache.commons.math.analysis.function.StepFunctionTest, org.apache.commons.math.analysis.integration.LegendreGaussIntegratorTest, org.apache.commons.math.analysis.integration.LegendreGaussIntegratorTest, org.apache.commons.math.analysis.integration.RombergIntegratorTest, org.apache.commons.math.analysis.integration.RombergIntegratorTest, org.apache.commons.math.analysis.integration.SimpsonIntegratorTest, org.apache.commons.math.analysis.integration.SimpsonIntegratorTest, org.apache.commons.math.analysis.integration.TrapezoidIntegratorTest, org.apache.commons.math.analysis.integration.TrapezoidIntegratorTest, org.apache.commons.math.analysis.interpolation.BicubicSplineInterpolatingFunctionTest, org.apache.commons.math.analysis.interpolation.BicubicSplineInterpolatingFunctionTest, org.apache.commons.math.analysis.interpolation.BicubicSplineInterpolatorTest, org.apache.commons.math.analysis.interpolation.BicubicSplineInterpolatorTest, org.apache.commons.math.analysis.interpolation.DividedDifferenceInterpolatorTest, org.apache.commons.math.analysis.interpolation.DividedDifferenceInterpolatorTest, org.apache.commons.math.analysis.interpolation.LinearInterpolatorTest, org.apache.commons.math.analysis.interpolation.LinearInterpolatorTest, org.apache.commons.math.analysis.interpolation.LoessInterpolatorTest, org.apache.commons.math.analysis.interpolation.LoessInterpolatorTest, org.apache.commons.math.analysis.interpolation.MicrosphereInterpolatorTest, org.apache.commons.math.analysis.interpolation.MicrosphereInterpolatorTest, org.apache.commons.math.analysis.interpolation.NevilleInterpolatorTest, org.apache.commons.math.analysis.interpolation.NevilleInterpolatorTest, org.apache.commons.math.analysis.interpolation.SmoothingPolynomialBicubicSplineInterpolatorTest, org.apache.commons.math.analysis.interpolation.SmoothingPolynomialBicubicSplineInterpolatorTest, org.apache.commons.math.analysis.interpolation.SplineInterpolatorTest, org.apache.commons.math.analysis.interpolation.SplineInterpolatorTest, org.apache.commons.math.analysis.interpolation.TricubicSplineInterpolatingFunctionTest, org.apache.commons.math.analysis.interpolation.TricubicSplineInterpolatingFunctionTest, org.apache.commons.math.analysis.interpolation.TricubicSplineInterpolatorTest, org.apache.commons.math.analysis.interpolation.TricubicSplineInterpolatorTest, org.apache.commons.math.analysis.polynomials.PolynomialFunctionLagrangeFormTest, org.apache.commons.math.analysis.polynomials.PolynomialFunctionLagrangeFormTest, org.apache.commons.math.analysis.polynomials.PolynomialFunctionNewtonFormTest, org.apache.commons.math.analysis.polynomials.PolynomialFunctionNewtonFormTest, org.apache.commons.math.analysis.polynomials.PolynomialFunctionTest, org.apache.commons.math.analysis.polynomials.PolynomialFunctionTest, org.apache.commons.math.analysis.polynomials.PolynomialSplineFunctionTest, org.apache.commons.math.analysis.polynomials.PolynomialSplineFunctionTest, org.apache.commons.math.analysis.polynomials.PolynomialsUtilsTest, org.apache.commons.math.analysis.polynomials.PolynomialsUtilsTest, org.apache.commons.math.analysis.solvers.BisectionSolverTest, org.apache.commons.math.analysis.solvers.BisectionSolverTest, org.apache.commons.math.analysis.solvers.BrentSolverTest, org.apache.commons.math.analysis.solvers.BrentSolverTest, org.apache.commons.math.analysis.solvers.LaguerreSolverTest, org.apache.commons.math.analysis.solvers.LaguerreSolverTest, org.apache.commons.math.analysis.solvers.MullerSolver2Test, org.apache.commons.math.analysis.solvers.MullerSolver2Test, org.apache.commons.math.analysis.solvers.MullerSolverTest, org.apache.commons.math.analysis.solvers.MullerSolverTest, org.apache.commons.math.analysis.solvers.NewtonSolverTest, org.apache.commons.math.analysis.solvers.NewtonSolverTest, org.apache.commons.math.analysis.solvers.RiddersSolverTest, org.apache.commons.math.analysis.solvers.RiddersSolverTest, org.apache.commons.math.analysis.solvers.SecantSolverTest, org.apache.commons.math.analysis.solvers.SecantSolverTest, org.apache.commons.math.analysis.solvers.UnivariateRealSolverUtilsTest, org.apache.commons.math.analysis.solvers.UnivariateRealSolverUtilsTest, org.apache.commons.math.complex.ComplexFieldTest, org.apache.commons.math.complex.ComplexFieldTest, org.apache.commons.math.complex.ComplexFormatTest, org.apache.commons.math.complex.ComplexFormatTest, org.apache.commons.math.complex.ComplexTest, org.apache.commons.math.complex.ComplexTest, org.apache.commons.math.complex.ComplexUtilsTest, org.apache.commons.math.complex.ComplexUtilsTest, org.apache.commons.math.complex.FrenchComplexFormatTest, org.apache.commons.math.complex.FrenchComplexFormatTest, org.apache.commons.math.dfp.DfpDecTest, org.apache.commons.math.dfp.DfpDecTest, org.apache.commons.math.dfp.DfpMathTest, org.apache.commons.math.dfp.DfpMathTest, org.apache.commons.math.dfp.DfpTest, org.apache.commons.math.dfp.DfpTest, org.apache.commons.math.distribution.BetaDistributionTest, org.apache.commons.math.distribution.BetaDistributionTest, org.apache.commons.math.distribution.BinomialDistributionTest, org.apache.commons.math.distribution.BinomialDistributionTest, org.apache.commons.math.distribution.CauchyDistributionTest, org.apache.commons.math.distribution.CauchyDistributionTest, org.apache.commons.math.distribution.ChiSquareDistributionTest, org.apache.commons.math.distribution.ChiSquareDistributionTest, org.apache.commons.math.distribution.ExponentialDistributionTest, org.apache.commons.math.distribution.ExponentialDistributionTest, org.apache.commons.math.distribution.FDistributionTest, org.apache.commons.math.distribution.FDistributionTest, org.apache.commons.math.distribution.GammaDistributionTest, org.apache.commons.math.distribution.GammaDistributionTest, org.apache.commons.math.distribution.HypergeometricDistributionTest, org.apache.commons.math.distribution.HypergeometricDistributionTest, org.apache.commons.math.distribution.KolmogorovSmirnovDistributionTest, org.apache.commons.math.distribution.KolmogorovSmirnovDistributionTest, org.apache.commons.math.distribution.NormalDistributionTest, org.apache.commons.math.distribution.NormalDistributionTest, org.apache.commons.math.distribution.PascalDistributionTest, org.apache.commons.math.distribution.PascalDistributionTest, org.apache.commons.math.distribution.PoissonDistributionTest, org.apache.commons.math.distribution.PoissonDistributionTest, org.apache.commons.math.distribution.TDistributionTest, org.apache.commons.math.distribution.TDistributionTest, org.apache.commons.math.distribution.WeibullDistributionTest, org.apache.commons.math.distribution.WeibullDistributionTest, org.apache.commons.math.distribution.ZipfDistributionTest, org.apache.commons.math.distribution.ZipfDistributionTest, org.apache.commons.math.exception.DimensionMismatchExceptionTest, org.apache.commons.math.exception.DimensionMismatchExceptionTest, org.apache.commons.math.exception.MathRuntimeExceptionTest, org.apache.commons.math.exception.MathRuntimeExceptionTest, org.apache.commons.math.exception.MaxCountExceededExceptionTest, org.apache.commons.math.exception.MaxCountExceededExceptionTest, org.apache.commons.math.exception.NonMonotonousSequenceExceptionTest, org.apache.commons.math.exception.NonMonotonousSequenceExceptionTest, org.apache.commons.math.exception.NotPositiveExceptionTest, org.apache.commons.math.exception.NotPositiveExceptionTest, org.apache.commons.math.exception.NotStrictlyPositiveExceptionTest, org.apache.commons.math.exception.NotStrictlyPositiveExceptionTest, org.apache.commons.math.exception.NumberIsTooLargeExceptionTest, org.apache.commons.math.exception.NumberIsTooLargeExceptionTest, org.apache.commons.math.exception.NumberIsTooSmallExceptionTest, org.apache.commons.math.exception.NumberIsTooSmallExceptionTest, org.apache.commons.math.exception.OutOfRangeExceptionTest, org.apache.commons.math.exception.OutOfRangeExceptionTest, org.apache.commons.math.exception.util.ArgUtilsTest, org.apache.commons.math.exception.util.ArgUtilsTest, org.apache.commons.math.fraction.BigFractionFieldTest, org.apache.commons.math.fraction.BigFractionFieldTest, org.apache.commons.math.fraction.BigFractionFormatTest, org.apache.commons.math.fraction.BigFractionFormatTest, org.apache.commons.math.fraction.BigFractionTest, org.apache.commons.math.fraction.BigFractionTest, org.apache.commons.math.fraction.FractionFieldTest, org.apache.commons.math.fraction.FractionFieldTest, org.apache.commons.math.fraction.FractionFormatTest, org.apache.commons.math.fraction.FractionFormatTest, org.apache.commons.math.fraction.FractionTest, org.apache.commons.math.fraction.FractionTest, org.apache.commons.math.genetics.BinaryChromosomeTest, org.apache.commons.math.genetics.BinaryChromosomeTest, org.apache.commons.math.genetics.BinaryMutationTest, org.apache.commons.math.genetics.BinaryMutationTest, org.apache.commons.math.genetics.ChromosomeTest, org.apache.commons.math.genetics.ChromosomeTest, org.apache.commons.math.genetics.ElitisticListPopulationTest, org.apache.commons.math.genetics.ElitisticListPopulationTest, org.apache.commons.math.genetics.FitnessCachingTest, org.apache.commons.math.genetics.FitnessCachingTest, org.apache.commons.math.genetics.FixedGenerationCountTest, org.apache.commons.math.genetics.FixedGenerationCountTest, org.apache.commons.math.genetics.GeneticAlgorithmTestBinary, org.apache.commons.math.genetics.GeneticAlgorithmTestBinary, org.apache.commons.math.genetics.GeneticAlgorithmTestPermutations, org.apache.commons.math.genetics.GeneticAlgorithmTestPermutations, org.apache.commons.math.genetics.ListPopulationTest, org.apache.commons.math.genetics.ListPopulationTest, org.apache.commons.math.genetics.OnePointCrossoverTest, org.apache.commons.math.genetics.OnePointCrossoverTest, org.apache.commons.math.genetics.RandomKeyMutationTest, org.apache.commons.math.genetics.RandomKeyMutationTest, org.apache.commons.math.genetics.RandomKeyTest, org.apache.commons.math.genetics.RandomKeyTest, org.apache.commons.math.genetics.TournamentSelectionTest, org.apache.commons.math.genetics.TournamentSelectionTest, org.apache.commons.math.geometry.FrenchVector3DFormatTest, org.apache.commons.math.geometry.FrenchVector3DFormatTest, org.apache.commons.math.geometry.RotationOrderTest, org.apache.commons.math.geometry.RotationOrderTest, org.apache.commons.math.geometry.RotationTest, org.apache.commons.math.geometry.RotationTest, org.apache.commons.math.geometry.Vector3DFormatTest, org.apache.commons.math.geometry.Vector3DFormatTest, org.apache.commons.math.geometry.Vector3DTest, org.apache.commons.math.geometry.Vector3DTest, org.apache.commons.math.linear.AbstractRealVectorTest, org.apache.commons.math.linear.AbstractRealVectorTest, org.apache.commons.math.linear.Array2DRowRealMatrixTest, org.apache.commons.math.linear.Array2DRowRealMatrixTest, org.apache.commons.math.linear.ArrayFieldVectorTest, org.apache.commons.math.linear.ArrayFieldVectorTest, org.apache.commons.math.linear.ArrayRealVectorTest, org.apache.commons.math.linear.ArrayRealVectorTest, org.apache.commons.math.linear.BiDiagonalTransformerTest, org.apache.commons.math.linear.BiDiagonalTransformerTest, org.apache.commons.math.linear.BlockFieldMatrixTest, org.apache.commons.math.linear.BlockFieldMatrixTest, org.apache.commons.math.linear.BlockRealMatrixTest, org.apache.commons.math.linear.BlockRealMatrixTest, org.apache.commons.math.linear.CholeskyDecompositionImplTest, org.apache.commons.math.linear.CholeskyDecompositionImplTest, org.apache.commons.math.linear.CholeskySolverTest, org.apache.commons.math.linear.CholeskySolverTest, org.apache.commons.math.linear.EigenDecompositionImplTest, org.apache.commons.math.linear.EigenDecompositionImplTest, org.apache.commons.math.linear.EigenSolverTest, org.apache.commons.math.linear.EigenSolverTest, org.apache.commons.math.linear.FieldLUDecompositionImplTest, org.apache.commons.math.linear.FieldLUDecompositionImplTest, org.apache.commons.math.linear.FieldMatrixImplTest, org.apache.commons.math.linear.FieldMatrixImplTest, org.apache.commons.math.linear.FrenchRealVectorFormatTest, org.apache.commons.math.linear.FrenchRealVectorFormatTest, org.apache.commons.math.linear.LUDecompositionImplTest, org.apache.commons.math.linear.LUDecompositionImplTest, org.apache.commons.math.linear.LUSolverTest, org.apache.commons.math.linear.LUSolverTest, org.apache.commons.math.linear.MatrixDimensionMismatchExceptionTest, org.apache.commons.math.linear.MatrixDimensionMismatchExceptionTest, org.apache.commons.math.linear.MatrixUtilsTest, org.apache.commons.math.linear.MatrixUtilsTest, org.apache.commons.math.linear.QRDecompositionImplTest, org.apache.commons.math.linear.QRDecompositionImplTest, org.apache.commons.math.linear.QRSolverTest, org.apache.commons.math.linear.QRSolverTest, org.apache.commons.math.linear.RealVectorFormatTest, org.apache.commons.math.linear.RealVectorFormatTest, org.apache.commons.math.linear.SingularValueDecompositionImplTest, org.apache.commons.math.linear.SingularValueDecompositionImplTest, org.apache.commons.math.linear.SingularValueSolverTest, org.apache.commons.math.linear.SingularValueSolverTest, org.apache.commons.math.linear.SparseFieldMatrixTest, org.apache.commons.math.linear.SparseFieldMatrixTest, org.apache.commons.math.linear.SparseFieldVectorTest, org.apache.commons.math.linear.SparseFieldVectorTest, org.apache.commons.math.linear.SparseRealMatrixTest, org.apache.commons.math.linear.SparseRealMatrixTest, org.apache.commons.math.linear.SparseRealVectorTest, org.apache.commons.math.linear.SparseRealVectorTest, org.apache.commons.math.linear.TriDiagonalTransformerTest, org.apache.commons.math.linear.TriDiagonalTransformerTest, org.apache.commons.math.ode.ContinuousOutputModelTest, org.apache.commons.math.ode.ContinuousOutputModelTest, org.apache.commons.math.ode.FirstOrderConverterTest, org.apache.commons.math.ode.FirstOrderConverterTest, org.apache.commons.math.ode.events.EventStateTest, org.apache.commons.math.ode.events.EventStateTest, org.apache.commons.math.ode.nonstiff.AdamsBashforthIntegratorTest, org.apache.commons.math.ode.nonstiff.AdamsBashforthIntegratorTest, org.apache.commons.math.ode.nonstiff.AdamsMoultonIntegratorTest, org.apache.commons.math.ode.nonstiff.AdamsMoultonIntegratorTest, org.apache.commons.math.ode.nonstiff.ClassicalRungeKuttaIntegratorTest, org.apache.commons.math.ode.nonstiff.ClassicalRungeKuttaIntegratorTest, org.apache.commons.math.ode.nonstiff.ClassicalRungeKuttaStepInterpolatorTest, org.apache.commons.math.ode.nonstiff.ClassicalRungeKuttaStepInterpolatorTest, org.apache.commons.math.ode.nonstiff.DormandPrince54IntegratorTest, org.apache.commons.math.ode.nonstiff.DormandPrince54IntegratorTest, org.apache.commons.math.ode.nonstiff.DormandPrince54StepInterpolatorTest, org.apache.commons.math.ode.nonstiff.DormandPrince54StepInterpolatorTest, org.apache.commons.math.ode.nonstiff.DormandPrince853IntegratorTest, org.apache.commons.math.ode.nonstiff.DormandPrince853IntegratorTest, org.apache.commons.math.ode.nonstiff.DormandPrince853StepInterpolatorTest, org.apache.commons.math.ode.nonstiff.DormandPrince853StepInterpolatorTest, org.apache.commons.math.ode.nonstiff.EulerIntegratorTest, org.apache.commons.math.ode.nonstiff.EulerIntegratorTest, org.apache.commons.math.ode.nonstiff.EulerStepInterpolatorTest, org.apache.commons.math.ode.nonstiff.EulerStepInterpolatorTest, org.apache.commons.math.ode.nonstiff.GillIntegratorTest, org.apache.commons.math.ode.nonstiff.GillIntegratorTest, org.apache.commons.math.ode.nonstiff.GillStepInterpolatorTest, org.apache.commons.math.ode.nonstiff.GillStepInterpolatorTest, org.apache.commons.math.ode.nonstiff.GraggBulirschStoerIntegratorTest, org.apache.commons.math.ode.nonstiff.GraggBulirschStoerIntegratorTest, org.apache.commons.math.ode.nonstiff.GraggBulirschStoerStepInterpolatorTest, org.apache.commons.math.ode.nonstiff.GraggBulirschStoerStepInterpolatorTest, org.apache.commons.math.ode.nonstiff.HighamHall54IntegratorTest, org.apache.commons.math.ode.nonstiff.HighamHall54IntegratorTest, org.apache.commons.math.ode.nonstiff.HighamHall54StepInterpolatorTest, org.apache.commons.math.ode.nonstiff.HighamHall54StepInterpolatorTest, org.apache.commons.math.ode.nonstiff.MidpointIntegratorTest, org.apache.commons.math.ode.nonstiff.MidpointIntegratorTest, org.apache.commons.math.ode.nonstiff.MidpointStepInterpolatorTest, org.apache.commons.math.ode.nonstiff.MidpointStepInterpolatorTest, org.apache.commons.math.ode.nonstiff.ThreeEighthesIntegratorTest, org.apache.commons.math.ode.nonstiff.ThreeEighthesIntegratorTest, org.apache.commons.math.ode.nonstiff.ThreeEighthesStepInterpolatorTest, org.apache.commons.math.ode.nonstiff.ThreeEighthesStepInterpolatorTest, org.apache.commons.math.ode.sampling.DummyStepInterpolatorTest, org.apache.commons.math.ode.sampling.DummyStepInterpolatorTest, org.apache.commons.math.ode.sampling.NordsieckStepInterpolatorTest, org.apache.commons.math.ode.sampling.NordsieckStepInterpolatorTest, org.apache.commons.math.ode.sampling.StepNormalizerTest, org.apache.commons.math.ode.sampling.StepNormalizerTest, org.apache.commons.math.optimization.MultiStartDifferentiableMultivariateRealOptimizerTest, org.apache.commons.math.optimization.MultiStartDifferentiableMultivariateRealOptimizerTest, org.apache.commons.math.optimization.MultiStartDifferentiableMultivariateVectorialOptimizerTest, org.apache.commons.math.optimization.MultiStartDifferentiableMultivariateVectorialOptimizerTest, org.apache.commons.math.optimization.MultiStartMultivariateRealOptimizerTest, org.apache.commons.math.optimization.MultiStartMultivariateRealOptimizerTest, org.apache.commons.math.optimization.direct.CMAESOptimizerTest, org.apache.commons.math.optimization.direct.CMAESOptimizerTest, org.apache.commons.math.optimization.direct.PowellOptimizerTest, org.apache.commons.math.optimization.direct.PowellOptimizerTest, org.apache.commons.math.optimization.direct.SimplexOptimizerMultiDirectionalTest, org.apache.commons.math.optimization.direct.SimplexOptimizerMultiDirectionalTest, org.apache.commons.math.optimization.direct.SimplexOptimizerNelderMeadTest, org.apache.commons.math.optimization.direct.SimplexOptimizerNelderMeadTest, org.apache.commons.math.optimization.fitting.CurveFitterTest, org.apache.commons.math.optimization.fitting.CurveFitterTest, org.apache.commons.math.optimization.fitting.GaussianFitterTest, org.apache.commons.math.optimization.fitting.GaussianFitterTest, org.apache.commons.math.optimization.fitting.HarmonicFitterTest, org.apache.commons.math.optimization.fitting.HarmonicFitterTest, org.apache.commons.math.optimization.fitting.PolynomialFitterTest, org.apache.commons.math.optimization.fitting.PolynomialFitterTest, org.apache.commons.math.optimization.general.GaussNewtonOptimizerTest, org.apache.commons.math.optimization.general.GaussNewtonOptimizerTest, org.apache.commons.math.optimization.general.LevenbergMarquardtOptimizerTest, org.apache.commons.math.optimization.general.LevenbergMarquardtOptimizerTest, org.apache.commons.math.optimization.general.MinpackTest, org.apache.commons.math.optimization.general.MinpackTest, org.apache.commons.math.optimization.general.NonLinearConjugateGradientOptimizerTest, org.apache.commons.math.optimization.general.NonLinearConjugateGradientOptimizerTest, org.apache.commons.math.optimization.linear.SimplexSolverTest, org.apache.commons.math.optimization.linear.SimplexSolverTest, org.apache.commons.math.optimization.linear.SimplexTableauTest, org.apache.commons.math.optimization.linear.SimplexTableauTest, org.apache.commons.math.optimization.univariate.BracketFinderTest, org.apache.commons.math.optimization.univariate.BracketFinderTest, org.apache.commons.math.optimization.univariate.BrentOptimizerTest, org.apache.commons.math.optimization.univariate.BrentOptimizerTest, org.apache.commons.math.optimization.univariate.MultiStartUnivariateRealOptimizerTest, org.apache.commons.math.optimization.univariate.MultiStartUnivariateRealOptimizerTest, org.apache.commons.math.random.AbstractRandomGeneratorTest, org.apache.commons.math.random.AbstractRandomGeneratorTest, org.apache.commons.math.random.CorrelatedRandomVectorGeneratorTest, org.apache.commons.math.random.CorrelatedRandomVectorGeneratorTest, org.apache.commons.math.random.EmpiricalDistributionTest, org.apache.commons.math.random.EmpiricalDistributionTest, org.apache.commons.math.random.GaussianRandomGeneratorTest, org.apache.commons.math.random.GaussianRandomGeneratorTest, org.apache.commons.math.random.MersenneTwisterTest, org.apache.commons.math.random.MersenneTwisterTest, org.apache.commons.math.random.RandomAdaptorTest, org.apache.commons.math.random.RandomAdaptorTest, org.apache.commons.math.random.RandomDataTest, org.apache.commons.math.random.RandomDataTest, org.apache.commons.math.random.UncorrelatedRandomVectorGeneratorTest, org.apache.commons.math.random.UncorrelatedRandomVectorGeneratorTest, org.apache.commons.math.random.UniformRandomGeneratorTest, org.apache.commons.math.random.UniformRandomGeneratorTest, org.apache.commons.math.random.ValueServerTest, org.apache.commons.math.random.ValueServerTest, org.apache.commons.math.random.Well1024aTest, org.apache.commons.math.random.Well1024aTest, org.apache.commons.math.random.Well19937aTest, org.apache.commons.math.random.Well19937aTest, org.apache.commons.math.random.Well19937cTest, org.apache.commons.math.random.Well19937cTest, org.apache.commons.math.random.Well44497aTest, org.apache.commons.math.random.Well44497aTest, org.apache.commons.math.random.Well44497bTest, org.apache.commons.math.random.Well44497bTest, org.apache.commons.math.random.Well512aTest, org.apache.commons.math.random.Well512aTest, org.apache.commons.math.special.BetaTest, org.apache.commons.math.special.BetaTest, org.apache.commons.math.special.ErfTest, org.apache.commons.math.special.ErfTest, org.apache.commons.math.special.GammaTest, org.apache.commons.math.special.GammaTest, org.apache.commons.math.stat.CertifiedDataTest, org.apache.commons.math.stat.CertifiedDataTest, org.apache.commons.math.stat.FrequencyTest, org.apache.commons.math.stat.FrequencyTest, org.apache.commons.math.stat.StatUtilsTest, org.apache.commons.math.stat.StatUtilsTest, org.apache.commons.math.stat.clustering.EuclideanIntegerPointTest, org.apache.commons.math.stat.clustering.EuclideanIntegerPointTest, org.apache.commons.math.stat.clustering.KMeansPlusPlusClustererTest, org.apache.commons.math.stat.clustering.KMeansPlusPlusClustererTest, org.apache.commons.math.stat.correlation.CovarianceTest, org.apache.commons.math.stat.correlation.CovarianceTest, org.apache.commons.math.stat.correlation.PearsonsCorrelationTest, org.apache.commons.math.stat.correlation.PearsonsCorrelationTest, org.apache.commons.math.stat.correlation.SpearmansRankCorrelationTest, org.apache.commons.math.stat.correlation.SpearmansRankCorrelationTest, org.apache.commons.math.stat.data.LewTest, org.apache.commons.math.stat.data.LewTest, org.apache.commons.math.stat.data.LotteryTest, org.apache.commons.math.stat.data.LotteryTest, org.apache.commons.math.stat.descriptive.AbstractUnivariateStatisticTest, org.apache.commons.math.stat.descriptive.AbstractUnivariateStatisticTest, org.apache.commons.math.stat.descriptive.AggregateSummaryStatisticsTest, org.apache.commons.math.stat.descriptive.AggregateSummaryStatisticsTest, org.apache.commons.math.stat.descriptive.DescriptiveStatisticsTest, org.apache.commons.math.stat.descriptive.DescriptiveStatisticsTest, org.apache.commons.math.stat.descriptive.InteractionTest, org.apache.commons.math.stat.descriptive.InteractionTest, org.apache.commons.math.stat.descriptive.ListUnivariateImplTest, org.apache.commons.math.stat.descriptive.ListUnivariateImplTest, org.apache.commons.math.stat.descriptive.MixedListUnivariateImplTest, org.apache.commons.math.stat.descriptive.MixedListUnivariateImplTest, org.apache.commons.math.stat.descriptive.MultivariateSummaryStatisticsTest, org.apache.commons.math.stat.descriptive.MultivariateSummaryStatisticsTest, org.apache.commons.math.stat.descriptive.StatisticalSummaryValuesTest, org.apache.commons.math.stat.descriptive.StatisticalSummaryValuesTest, org.apache.commons.math.stat.descriptive.SummaryStatisticsTest, org.apache.commons.math.stat.descriptive.SummaryStatisticsTest, org.apache.commons.math.stat.descriptive.SynchronizedDescriptiveStatisticsTest, org.apache.commons.math.stat.descriptive.SynchronizedDescriptiveStatisticsTest, org.apache.commons.math.stat.descriptive.SynchronizedMultivariateSummaryStatisticsTest, org.apache.commons.math.stat.descriptive.SynchronizedMultivariateSummaryStatisticsTest, org.apache.commons.math.stat.descriptive.SynchronizedSummaryStatisticsTest, org.apache.commons.math.stat.descriptive.SynchronizedSummaryStatisticsTest, org.apache.commons.math.stat.descriptive.moment.FirstMomentTest, org.apache.commons.math.stat.descriptive.moment.FirstMomentTest, org.apache.commons.math.stat.descriptive.moment.FourthMomentTest, org.apache.commons.math.stat.descriptive.moment.FourthMomentTest, org.apache.commons.math.stat.descriptive.moment.GeometricMeanTest, org.apache.commons.math.stat.descriptive.moment.GeometricMeanTest, org.apache.commons.math.stat.descriptive.moment.KurtosisTest, org.apache.commons.math.stat.descriptive.moment.KurtosisTest, org.apache.commons.math.stat.descriptive.moment.MeanTest, org.apache.commons.math.stat.descriptive.moment.MeanTest, org.apache.commons.math.stat.descriptive.moment.SecondMomentTest, org.apache.commons.math.stat.descriptive.moment.SecondMomentTest, org.apache.commons.math.stat.descriptive.moment.SemiVarianceTest, org.apache.commons.math.stat.descriptive.moment.SemiVarianceTest, org.apache.commons.math.stat.descriptive.moment.SkewnessTest, org.apache.commons.math.stat.descriptive.moment.SkewnessTest, org.apache.commons.math.stat.descriptive.moment.StandardDeviationTest, org.apache.commons.math.stat.descriptive.moment.StandardDeviationTest, org.apache.commons.math.stat.descriptive.moment.ThirdMomentTest, org.apache.commons.math.stat.descriptive.moment.ThirdMomentTest, org.apache.commons.math.stat.descriptive.moment.VarianceTest, org.apache.commons.math.stat.descriptive.moment.VarianceTest, org.apache.commons.math.stat.descriptive.moment.VectorialCovarianceTest, org.apache.commons.math.stat.descriptive.moment.VectorialCovarianceTest, org.apache.commons.math.stat.descriptive.moment.VectorialMeanTest, org.apache.commons.math.stat.descriptive.moment.VectorialMeanTest, org.apache.commons.math.stat.descriptive.rank.MaxTest, org.apache.commons.math.stat.descriptive.rank.MaxTest, org.apache.commons.math.stat.descriptive.rank.MedianTest, org.apache.commons.math.stat.descriptive.rank.MedianTest, org.apache.commons.math.stat.descriptive.rank.MinTest, org.apache.commons.math.stat.descriptive.rank.MinTest, org.apache.commons.math.stat.descriptive.rank.PercentileTest, org.apache.commons.math.stat.descriptive.rank.PercentileTest, org.apache.commons.math.stat.descriptive.summary.ProductTest, org.apache.commons.math.stat.descriptive.summary.ProductTest, org.apache.commons.math.stat.descriptive.summary.SumLogTest, org.apache.commons.math.stat.descriptive.summary.SumLogTest, org.apache.commons.math.stat.descriptive.summary.SumSqTest, org.apache.commons.math.stat.descriptive.summary.SumSqTest, org.apache.commons.math.stat.descriptive.summary.SumTest, org.apache.commons.math.stat.descriptive.summary.SumTest, org.apache.commons.math.stat.inference.ChiSquareTestTest, org.apache.commons.math.stat.inference.ChiSquareTestTest, org.apache.commons.math.stat.inference.MannWhitneyUTestTest, org.apache.commons.math.stat.inference.MannWhitneyUTestTest, org.apache.commons.math.stat.inference.OneWayAnovaTest, org.apache.commons.math.stat.inference.OneWayAnovaTest, org.apache.commons.math.stat.inference.TTestTest, org.apache.commons.math.stat.inference.TTestTest, org.apache.commons.math.stat.inference.TestUtilsTest, org.apache.commons.math.stat.inference.TestUtilsTest, org.apache.commons.math.stat.inference.WilcoxonSignedRankTestTest, org.apache.commons.math.stat.inference.WilcoxonSignedRankTestTest, org.apache.commons.math.stat.ranking.NaturalRankingTest, org.apache.commons.math.stat.ranking.NaturalRankingTest, org.apache.commons.math.stat.regression.GLSMultipleLinearRegressionTest, org.apache.commons.math.stat.regression.GLSMultipleLinearRegressionTest, org.apache.commons.math.stat.regression.OLSMultipleLinearRegressionTest, org.apache.commons.math.stat.regression.OLSMultipleLinearRegressionTest, org.apache.commons.math.stat.regression.SimpleRegressionTest, org.apache.commons.math.stat.regression.SimpleRegressionTest, org.apache.commons.math.transform.FastCosineTransformerTest, org.apache.commons.math.transform.FastCosineTransformerTest, org.apache.commons.math.transform.FastFourierTransformerTest, org.apache.commons.math.transform.FastFourierTransformerTest, org.apache.commons.math.transform.FastHadamardTransformerTest, org.apache.commons.math.transform.FastHadamardTransformerTest, org.apache.commons.math.transform.FastSineTransformerTest, org.apache.commons.math.transform.FastSineTransformerTest, org.apache.commons.math.util.BigRealFieldTest, org.apache.commons.math.util.BigRealFieldTest, org.apache.commons.math.util.BigRealTest, org.apache.commons.math.util.BigRealTest, org.apache.commons.math.util.ContinuedFractionTest, org.apache.commons.math.util.ContinuedFractionTest, org.apache.commons.math.util.DefaultTransformerTest, org.apache.commons.math.util.DefaultTransformerTest, org.apache.commons.math.util.FastMathStrictComparisonTest, org.apache.commons.math.util.FastMathStrictComparisonTest, org.apache.commons.math.util.FastMathTest, org.apache.commons.math.util.FastMathTest, org.apache.commons.math.util.FastMathTestPerformance, org.apache.commons.math.util.FastMathTestPerformance, org.apache.commons.math.util.IncrementorTest, org.apache.commons.math.util.IncrementorTest, org.apache.commons.math.util.MathUtilsTest, org.apache.commons.math.util.MathUtilsTest, org.apache.commons.math.util.MultidimensionalCounterTest, org.apache.commons.math.util.MultidimensionalCounterTest, org.apache.commons.math.util.OpenIntToDoubleHashMapTest, org.apache.commons.math.util.OpenIntToDoubleHashMapTest, org.apache.commons.math.util.OpenIntToFieldTest, org.apache.commons.math.util.OpenIntToFieldTest, org.apache.commons.math.util.PairTest, org.apache.commons.math.util.PairTest, org.apache.commons.math.util.ResizableDoubleArrayTest, org.apache.commons.math.util.ResizableDoubleArrayTest, org.apache.commons.math.util.TransformerMapTest, org.apache.commons.math.util.TransformerMapTest], complianceLevel=5, outputFolder=., json=true}
22:54:15.834 [main] INFO  fr.inria.lille.repair.nopol.NoPol - Available processors (cores): 24
22:54:15.841 [main] INFO  fr.inria.lille.repair.nopol.NoPol - Free memory: 412 MB
22:54:15.841 [main] INFO  fr.inria.lille.repair.nopol.NoPol - Maximum memory: 3 GB
22:54:15.841 [main] INFO  fr.inria.lille.repair.nopol.NoPol - Total memory available to JVM: 483 MB
22:54:15.841 [main] INFO  fr.inria.lille.repair.nopol.NoPol - Java version: 1.8.0_181
22:54:15.842 [main] INFO  fr.inria.lille.repair.nopol.NoPol - JAVA_HOME: /usr/lib/jvm/java-1.8.0-openjdk-amd64/bin/
22:54:15.842 [main] INFO  fr.inria.lille.repair.nopol.NoPol - PATH: /usr/lib/jvm/java-1.8.0-openjdk-amd64/bin/:/usr/lib/oar/oardodo:/usr/lib/oar/oardodo:/usr/local/bin:/usr/bin:/bin:/usr/games
22:56:45.024 [pool-2-thread-1] DEBUG fr.inria.lille.repair.nopol.NoPol - statement #1
22:56:45.025 [pool-2-thread-1] DEBUG fr.inria.lille.repair.nopol.NoPol - Analysing SourceLocation org.apache.commons.math.util.MultidimensionalCounter$Iterator:115 which is executed by 1 tests
1209491845
22:56:45.396 [pool-2-thread-1] DEBUG fr.inria.lille.repair.nopol.NoPol - statement #2
22:56:45.396 [pool-2-thread-1] DEBUG fr.inria.lille.repair.nopol.NoPol - Analysing SourceLocation org.apache.commons.math.util.MultidimensionalCounter$Iterator:111 which is executed by 1 tests
1209491845
22:56:45.523 [pool-2-thread-1] DEBUG fr.inria.lille.repair.nopol.NoPol - looking with class fr.inria.lille.repair.nopol.spoon.smt.ConditionalAdder
java.lang.AssertionError: Wrong multidimensional index for [3][2] expected:<3> but was:<2>
    at org.junit.Assert.fail(Assert.java:88)
    at org.junit.Assert.failNotEquals(Assert.java:743)
    at org.junit.Assert.assertEquals(Assert.java:118)
    at org.junit.Assert.assertEquals(Assert.java:555)
    at org.apache.commons.math.util.MultidimensionalCounterTest.testIterationConsistency(MultidimensionalCounterTest.java:172)
    at sun.reflect.NativeMethodAccessorImpl.invoke0(Native Method)
22:56:45.589 [pool-4-thread-1] INFO  xxl.java.junit.TestCasesListener - Tests run finished (43 ms)
<> Total tests run: 5
<> Ignored tests: 0
<> Failed tests: 1
~ testIterationConsistency(org.apache.commons.math.util.MultidimensionalCounterTest)
[Wrong multidimensional index for [3][2] expected:<3> but was:<2>]
java.lang.AssertionError: Wrong multidimensional index for [3][2] expected:<3> but was:<2>    at org.junit.Assert.fail(Assert.java:88)
    at org.junit.Assert.failNotEquals(Assert.java:743)
    at org.junit.Assert.assertEquals(Assert.java:118)
    at org.junit.Assert.assertEquals(Assert.java:555)
    at org.apache.commons.math.util.MultidimensionalCounterTest.testIterationConsistency(MultidimensionalCounterTest.java:172)
    at sun.reflect.NativeMethodAccessorImpl.invoke0(Native Method)

java.lang.AssertionError: Wrong multidimensional index for [0][0] expected:<0> but was:<1>
    at org.junit.Assert.fail(Assert.java:88)
    at org.junit.Assert.failNotEquals(Assert.java:743)
    at org.junit.Assert.assertEquals(Assert.java:118)
    at org.junit.Assert.assertEquals(Assert.java:555)
    at org.apache.commons.math.util.MultidimensionalCounterTest.testIterationConsistency(MultidimensionalCounterTest.java:163)
    at sun.reflect.NativeMethodAccessorImpl.invoke0(Native Method)
22:56:46.482 [pool-5-thread-1] INFO  f.i.l.c.t.SpecificationTestCasesListener - Tests run finished (33 ms)
<> Total tests run: 1
<> Ignored tests: 0
<> Failed tests: 1
~ testIterationConsistency(org.apache.commons.math.util.MultidimensionalCounterTest)
[Wrong multidimensional index for [0][0] expected:<0> but was:<1>]
java.lang.AssertionError: Wrong multidimensional index for [0][0] expected:<0> but was:<1>    at org.junit.Assert.fail(Assert.java:88)
    at org.junit.Assert.failNotEquals(Assert.java:743)
    at org.junit.Assert.assertEquals(Assert.java:118)
    at org.junit.Assert.assertEquals(Assert.java:555)
    at org.apache.commons.math.util.MultidimensionalCounterTest.testIterationConsistency(MultidimensionalCounterTest.java:163)
    at sun.reflect.NativeMethodAccessorImpl.invoke0(Native Method)

java.lang.AssertionError: Wrong multidimensional index for [3][2] expected:<3> but was:<2>
    at org.junit.Assert.fail(Assert.java:88)
    at org.junit.Assert.failNotEquals(Assert.java:743)
    at org.junit.Assert.assertEquals(Assert.java:118)
    at org.junit.Assert.assertEquals(Assert.java:555)
    at org.apache.commons.math.util.MultidimensionalCounterTest.testIterationConsistency(MultidimensionalCounterTest.java:172)
    at sun.reflect.NativeMethodAccessorImpl.invoke0(Native Method)
22:56:46.484 [pool-6-thread-1] INFO  f.i.l.c.t.SpecificationTestCasesListener - Tests run finished (1 ms)
<> Total tests run: 1
<> Ignored tests: 0
<> Failed tests: 1
~ testIterationConsistency(org.apache.commons.math.util.MultidimensionalCounterTest)
[Wrong multidimensional index for [3][2] expected:<3> but was:<2>]
java.lang.AssertionError: Wrong multidimensional index for [3][2] expected:<3> but was:<2>    at org.junit.Assert.fail(Assert.java:88)
    at org.junit.Assert.failNotEquals(Assert.java:743)
    at org.junit.Assert.assertEquals(Assert.java:118)
    at org.junit.Assert.assertEquals(Assert.java:555)
    at org.apache.commons.math.util.MultidimensionalCounterTest.testIterationConsistency(MultidimensionalCounterTest.java:172)
    at sun.reflect.NativeMethodAccessorImpl.invoke0(Native Method)

22:56:46.485 [pool-3-thread-1] DEBUG tests.output - Failing tests with false: 
[testIterationConsistency(org.apache.commons.math.util.MultidimensionalCounterTest): Wrong multidimensional index for [0][0] expected:<0> but was:<1>]
22:56:46.485 [pool-3-thread-1] DEBUG tests.output - Failing tests with true: 
[testIterationConsistency(org.apache.commons.math.util.MultidimensionalCounterTest): Wrong multidimensional index for [3][2] expected:<3> but was:<2>]
22:56:46.485 [pool-3-thread-1] INFO  f.i.l.r.n.synth.SMTNopolSynthesizer - Not enough specifications: 0. A trivial patch is "true" or "false", please write new tests specifying SourceLocation org.apache.commons.math.util.MultidimensionalCounter$Iterator:111.
22:56:46.485 [pool-2-thread-1] DEBUG fr.inria.lille.repair.nopol.NoPol - statement #3
22:56:46.486 [pool-2-thread-1] DEBUG fr.inria.lille.repair.nopol.NoPol - Analysing SourceLocation org.apache.commons.math.util.MultidimensionalCounter$Iterator:110 which is executed by 1 tests
1209491845
22:56:46.629 [pool-2-thread-1] DEBUG fr.inria.lille.repair.nopol.NoPol - looking with class fr.inria.lille.repair.nopol.spoon.smt.ConditionalAdder
java.lang.AssertionError: Wrong multidimensional index for [3][2] expected:<3> but was:<2>
    at org.junit.Assert.fail(Assert.java:88)
    at org.junit.Assert.failNotEquals(Assert.java:743)
    at org.junit.Assert.assertEquals(Assert.java:118)
    at org.junit.Assert.assertEquals(Assert.java:555)
    at org.apache.commons.math.util.MultidimensionalCounterTest.testIterationConsistency(MultidimensionalCounterTest.java:172)
    at sun.reflect.NativeMethodAccessorImpl.invoke0(Native Method)
22:56:46.671 [pool-8-thread-1] INFO  xxl.java.junit.TestCasesListener - Tests run finished (38 ms)
<> Total tests run: 5
<> Ignored tests: 0
<> Failed tests: 1
~ testIterationConsistency(org.apache.commons.math.util.MultidimensionalCounterTest)
[Wrong multidimensional index for [3][2] expected:<3> but was:<2>]
java.lang.AssertionError: Wrong multidimensional index for [3][2] expected:<3> but was:<2>    at org.junit.Assert.fail(Assert.java:88)
    at org.junit.Assert.failNotEquals(Assert.java:743)
    at org.junit.Assert.assertEquals(Assert.java:118)
    at org.junit.Assert.assertEquals(Assert.java:555)
    at org.apache.commons.math.util.MultidimensionalCounterTest.testIterationConsistency(MultidimensionalCounterTest.java:172)
    at sun.reflect.NativeMethodAccessorImpl.invoke0(Native Method)

java.lang.AssertionError: Wrong multidimensional index for [0][2] expected:<0> but was:<-1>
    at org.junit.Assert.fail(Assert.java:88)
    at org.junit.Assert.failNotEquals(Assert.java:743)
    at org.junit.Assert.assertEquals(Assert.java:118)
    at org.junit.Assert.assertEquals(Assert.java:555)
    at org.apache.commons.math.util.MultidimensionalCounterTest.testIterationConsistency(MultidimensionalCounterTest.java:163)
    at sun.reflect.NativeMethodAccessorImpl.invoke0(Native Method)
22:56:46.986 [pool-9-thread-1] INFO  f.i.l.c.t.SpecificationTestCasesListener - Tests run finished (30 ms)
<> Total tests run: 1
<> Ignored tests: 0
<> Failed tests: 1
~ testIterationConsistency(org.apache.commons.math.util.MultidimensionalCounterTest)
[Wrong multidimensional index for [0][2] expected:<0> but was:<-1>]
java.lang.AssertionError: Wrong multidimensional index for [0][2] expected:<0> but was:<-1>    at org.junit.Assert.fail(Assert.java:88)
    at org.junit.Assert.failNotEquals(Assert.java:743)
    at org.junit.Assert.assertEquals(Assert.java:118)
    at org.junit.Assert.assertEquals(Assert.java:555)
    at org.apache.commons.math.util.MultidimensionalCounterTest.testIterationConsistency(MultidimensionalCounterTest.java:163)
    at sun.reflect.NativeMethodAccessorImpl.invoke0(Native Method)

java.lang.AssertionError: Wrong multidimensional index for [3][2] expected:<3> but was:<2>
    at org.junit.Assert.fail(Assert.java:88)
    at org.junit.Assert.failNotEquals(Assert.java:743)
    at org.junit.Assert.assertEquals(Assert.java:118)
    at org.junit.Assert.assertEquals(Assert.java:555)
    at org.apache.commons.math.util.MultidimensionalCounterTest.testIterationConsistency(MultidimensionalCounterTest.java:172)
    at sun.reflect.NativeMethodAccessorImpl.invoke0(Native Method)
22:56:46.988 [pool-10-thread-1] INFO  f.i.l.c.t.SpecificationTestCasesListener - Tests run finished (1 ms)
<> Total tests run: 1
<> Ignored tests: 0
<> Failed tests: 1
~ testIterationConsistency(org.apache.commons.math.util.MultidimensionalCounterTest)
[Wrong multidimensional index for [3][2] expected:<3> but was:<2>]
java.lang.AssertionError: Wrong multidimensional index for [3][2] expected:<3> but was:<2>    at org.junit.Assert.fail(Assert.java:88)
    at org.junit.Assert.failNotEquals(Assert.java:743)
    at org.junit.Assert.assertEquals(Assert.java:118)
    at org.junit.Assert.assertEquals(Assert.java:555)
    at org.apache.commons.math.util.MultidimensionalCounterTest.testIterationConsistency(MultidimensionalCounterTest.java:172)
    at sun.reflect.NativeMethodAccessorImpl.invoke0(Native Method)

22:56:46.988 [pool-7-thread-1] DEBUG tests.output - Failing tests with false: 
[testIterationConsistency(org.apache.commons.math.util.MultidimensionalCounterTest): Wrong multidimensional index for [0][2] expected:<0> but was:<-1>]
22:56:46.988 [pool-7-thread-1] DEBUG tests.output - Failing tests with true: 
[testIterationConsistency(org.apache.commons.math.util.MultidimensionalCounterTest): Wrong multidimensional index for [3][2] expected:<3> but was:<2>]
22:56:46.989 [pool-7-thread-1] INFO  f.i.l.r.n.synth.SMTNopolSynthesizer - Not enough specifications: 0. A trivial patch is "true" or "false", please write new tests specifying SourceLocation org.apache.commons.math.util.MultidimensionalCounter$Iterator:110.
22:56:46.989 [pool-2-thread-1] DEBUG fr.inria.lille.repair.nopol.NoPol - statement #4
22:56:47.030 [pool-2-thread-1] DEBUG fr.inria.lille.repair.nopol.NoPol - Analysing SourceLocation org.apache.commons.math.util.MultidimensionalCounter$Iterator:107 which is executed by 1 tests
1209491845
22:56:47.168 [pool-2-thread-1] DEBUG fr.inria.lille.repair.nopol.NoPol - looking with class fr.inria.lille.repair.nopol.spoon.smt.ConditionalAdder
java.lang.AssertionError: Wrong multidimensional index for [3][2] expected:<3> but was:<2>
    at org.junit.Assert.fail(Assert.java:88)
    at org.junit.Assert.failNotEquals(Assert.java:743)
    at org.junit.Assert.assertEquals(Assert.java:118)
    at org.junit.Assert.assertEquals(Assert.java:555)
    at org.apache.commons.math.util.MultidimensionalCounterTest.testIterationConsistency(MultidimensionalCounterTest.java:172)
    at sun.reflect.NativeMethodAccessorImpl.invoke0(Native Method)
22:56:47.212 [pool-12-thread-1] INFO  xxl.java.junit.TestCasesListener - Tests run finished (40 ms)
<> Total tests run: 5
<> Ignored tests: 0
<> Failed tests: 1
~ testIterationConsistency(org.apache.commons.math.util.MultidimensionalCounterTest)
[Wrong multidimensional index for [3][2] expected:<3> but was:<2>]
java.lang.AssertionError: Wrong multidimensional index for [3][2] expected:<3> but was:<2>    at org.junit.Assert.fail(Assert.java:88)
    at org.junit.Assert.failNotEquals(Assert.java:743)
    at org.junit.Assert.assertEquals(Assert.java:118)
    at org.junit.Assert.assertEquals(Assert.java:555)
    at org.apache.commons.math.util.MultidimensionalCounterTest.testIterationConsistency(MultidimensionalCounterTest.java:172)
    at sun.reflect.NativeMethodAccessorImpl.invoke0(Native Method)

java.lang.AssertionError: Wrong multidimensional index for [0][2] expected:<0> but was:<-1>
    at org.junit.Assert.fail(Assert.java:88)
    at org.junit.Assert.failNotEquals(Assert.java:743)
    at org.junit.Assert.assertEquals(Assert.java:118)
    at org.junit.Assert.assertEquals(Assert.java:555)
    at org.apache.commons.math.util.MultidimensionalCounterTest.testIterationConsistency(MultidimensionalCounterTest.java:163)
    at sun.reflect.NativeMethodAccessorImpl.invoke0(Native Method)
22:56:47.521 [pool-13-thread-1] INFO  f.i.l.c.t.SpecificationTestCasesListener - Tests run finished (31 ms)
<> Total tests run: 1
<> Ignored tests: 0
<> Failed tests: 1
~ testIterationConsistency(org.apache.commons.math.util.MultidimensionalCounterTest)
[Wrong multidimensional index for [0][2] expected:<0> but was:<-1>]
java.lang.AssertionError: Wrong multidimensional index for [0][2] expected:<0> but was:<-1>    at org.junit.Assert.fail(Assert.java:88)
    at org.junit.Assert.failNotEquals(Assert.java:743)
    at org.junit.Assert.assertEquals(Assert.java:118)
    at org.junit.Assert.assertEquals(Assert.java:555)
    at org.apache.commons.math.util.MultidimensionalCounterTest.testIterationConsistency(MultidimensionalCounterTest.java:163)
    at sun.reflect.NativeMethodAccessorImpl.invoke0(Native Method)

java.lang.AssertionError: Wrong multidimensional index for [3][2] expected:<3> but was:<2>
    at org.junit.Assert.fail(Assert.java:88)
    at org.junit.Assert.failNotEquals(Assert.java:743)
    at org.junit.Assert.assertEquals(Assert.java:118)
    at org.junit.Assert.assertEquals(Assert.java:555)
    at org.apache.commons.math.util.MultidimensionalCounterTest.testIterationConsistency(MultidimensionalCounterTest.java:172)
    at sun.reflect.NativeMethodAccessorImpl.invoke0(Native Method)
22:56:47.524 [pool-14-thread-1] INFO  f.i.l.c.t.SpecificationTestCasesListener - Tests run finished (1 ms)
<> Total tests run: 1
<> Ignored tests: 0
<> Failed tests: 1
~ testIterationConsistency(org.apache.commons.math.util.MultidimensionalCounterTest)
[Wrong multidimensional index for [3][2] expected:<3> but was:<2>]
java.lang.AssertionError: Wrong multidimensional index for [3][2] expected:<3> but was:<2>    at org.junit.Assert.fail(Assert.java:88)
    at org.junit.Assert.failNotEquals(Assert.java:743)
    at org.junit.Assert.assertEquals(Assert.java:118)
    at org.junit.Assert.assertEquals(Assert.java:555)
    at org.apache.commons.math.util.MultidimensionalCounterTest.testIterationConsistency(MultidimensionalCounterTest.java:172)
    at sun.reflect.NativeMethodAccessorImpl.invoke0(Native Method)

22:56:47.524 [pool-11-thread-1] DEBUG tests.output - Failing tests with false: 
[testIterationConsistency(org.apache.commons.math.util.MultidimensionalCounterTest): Wrong multidimensional index for [0][2] expected:<0> but was:<-1>]
22:56:47.525 [pool-11-thread-1] DEBUG tests.output - Failing tests with true: 
[testIterationConsistency(org.apache.commons.math.util.MultidimensionalCounterTest): Wrong multidimensional index for [3][2] expected:<3> but was:<2>]
22:56:47.525 [pool-11-thread-1] INFO  f.i.l.r.n.synth.SMTNopolSynthesizer - Not enough specifications: 0. A trivial patch is "true" or "false", please write new tests specifying SourceLocation org.apache.commons.math.util.MultidimensionalCounter$Iterator:107.
22:56:47.525 [pool-2-thread-1] DEBUG fr.inria.lille.repair.nopol.NoPol - looking with class fr.inria.lille.repair.nopol.spoon.smt.ConditionalReplacer
java.lang.AssertionError: Wrong multidimensional index for [3][2] expected:<3> but was:<2>
    at org.junit.Assert.fail(Assert.java:88)
    at org.junit.Assert.failNotEquals(Assert.java:743)
    at org.junit.Assert.assertEquals(Assert.java:118)
    at org.junit.Assert.assertEquals(Assert.java:555)
    at org.apache.commons.math.util.MultidimensionalCounterTest.testIterationConsistency(MultidimensionalCounterTest.java:172)
    at sun.reflect.NativeMethodAccessorImpl.invoke0(Native Method)
22:56:47.567 [pool-16-thread-1] INFO  xxl.java.junit.TestCasesListener - Tests run finished (38 ms)
<> Total tests run: 5
<> Ignored tests: 0
<> Failed tests: 1
~ testIterationConsistency(org.apache.commons.math.util.MultidimensionalCounterTest)
[Wrong multidimensional index for [3][2] expected:<3> but was:<2>]
java.lang.AssertionError: Wrong multidimensional index for [3][2] expected:<3> but was:<2>    at org.junit.Assert.fail(Assert.java:88)
    at org.junit.Assert.failNotEquals(Assert.java:743)
    at org.junit.Assert.assertEquals(Assert.java:118)
    at org.junit.Assert.assertEquals(Assert.java:555)
    at org.apache.commons.math.util.MultidimensionalCounterTest.testIterationConsistency(MultidimensionalCounterTest.java:172)
    at sun.reflect.NativeMethodAccessorImpl.invoke0(Native Method)

java.lang.AssertionError: Wrong multidimensional index for [3][2] expected:<3> but was:<2>
    at org.junit.Assert.fail(Assert.java:88)
    at org.junit.Assert.failNotEquals(Assert.java:743)
    at org.junit.Assert.assertEquals(Assert.java:118)
    at org.junit.Assert.assertEquals(Assert.java:555)
    at org.apache.commons.math.util.MultidimensionalCounterTest.testIterationConsistency(MultidimensionalCounterTest.java:172)
    at sun.reflect.NativeMethodAccessorImpl.invoke0(Native Method)
22:56:48.041 [pool-17-thread-1] INFO  f.i.l.c.t.SpecificationTestCasesListener - Tests run finished (247 ms)
<> Total tests run: 1
<> Ignored tests: 0
<> Failed tests: 1
~ testIterationConsistency(org.apache.commons.math.util.MultidimensionalCounterTest)
[Wrong multidimensional index for [3][2] expected:<3> but was:<2>]
java.lang.AssertionError: Wrong multidimensional index for [3][2] expected:<3> but was:<2>    at org.junit.Assert.fail(Assert.java:88)
    at org.junit.Assert.failNotEquals(Assert.java:743)
    at org.junit.Assert.assertEquals(Assert.java:118)
    at org.junit.Assert.assertEquals(Assert.java:555)
    at org.apache.commons.math.util.MultidimensionalCounterTest.testIterationConsistency(MultidimensionalCounterTest.java:172)
    at sun.reflect.NativeMethodAccessorImpl.invoke0(Native Method)

java.lang.AssertionError: Wrong multidimensional index for [1][2] expected:<1> but was:<0>
    at org.junit.Assert.fail(Assert.java:88)
    at org.junit.Assert.failNotEquals(Assert.java:743)
    at org.junit.Assert.assertEquals(Assert.java:118)
    at org.junit.Assert.assertEquals(Assert.java:555)
    at org.apache.commons.math.util.MultidimensionalCounterTest.testIterationConsistency(MultidimensionalCounterTest.java:163)
    at sun.reflect.NativeMethodAccessorImpl.invoke0(Native Method)
22:56:48.045 [pool-18-thread-1] INFO  f.i.l.c.t.SpecificationTestCasesListener - Tests run finished (1 ms)
<> Total tests run: 1
<> Ignored tests: 0
<> Failed tests: 1
~ testIterationConsistency(org.apache.commons.math.util.MultidimensionalCounterTest)
[Wrong multidimensional index for [1][2] expected:<1> but was:<0>]
java.lang.AssertionError: Wrong multidimensional index for [1][2] expected:<1> but was:<0>    at org.junit.Assert.fail(Assert.java:88)
    at org.junit.Assert.failNotEquals(Assert.java:743)
    at org.junit.Assert.assertEquals(Assert.java:118)
    at org.junit.Assert.assertEquals(Assert.java:555)
    at org.apache.commons.math.util.MultidimensionalCounterTest.testIterationConsistency(MultidimensionalCounterTest.java:163)
    at sun.reflect.NativeMethodAccessorImpl.invoke0(Native Method)

22:56:48.046 [pool-15-thread-1] DEBUG tests.output - Failing tests with false: 
[testIterationConsistency(org.apache.commons.math.util.MultidimensionalCounterTest): Wrong multidimensional index for [3][2] expected:<3> but was:<2>]
22:56:48.046 [pool-15-thread-1] DEBUG tests.output - Failing tests with true: 
[testIterationConsistency(org.apache.commons.math.util.MultidimensionalCounterTest): Wrong multidimensional index for [1][2] expected:<1> but was:<0>]
22:56:48.046 [pool-15-thread-1] INFO  f.i.l.r.n.synth.SMTNopolSynthesizer - Not enough specifications: 0. A trivial patch is "true" or "false", please write new tests specifying SourceLocation org.apache.commons.math.util.MultidimensionalCounter$Iterator:107.
22:56:48.046 [pool-2-thread-1] DEBUG fr.inria.lille.repair.nopol.NoPol - statement #5
22:56:48.046 [pool-2-thread-1] DEBUG fr.inria.lille.repair.nopol.NoPol - Analysing SourceLocation org.apache.commons.math.util.MultidimensionalCounter$Iterator:106 which is executed by 1 tests
1209491845
22:56:48.193 [pool-2-thread-1] DEBUG fr.inria.lille.repair.nopol.NoPol - looking with class fr.inria.lille.repair.nopol.spoon.smt.ConditionalAdder
java.lang.AssertionError: Wrong multidimensional index for [3][2] expected:<3> but was:<2>
    at org.junit.Assert.fail(Assert.java:88)
    at org.junit.Assert.failNotEquals(Assert.java:743)
    at org.junit.Assert.assertEquals(Assert.java:118)
    at org.junit.Assert.assertEquals(Assert.java:555)
    at org.apache.commons.math.util.MultidimensionalCounterTest.testIterationConsistency(MultidimensionalCounterTest.java:172)
    at sun.reflect.NativeMethodAccessorImpl.invoke0(Native Method)
22:56:48.237 [pool-20-thread-1] INFO  xxl.java.junit.TestCasesListener - Tests run finished (39 ms)
<> Total tests run: 5
<> Ignored tests: 0
<> Failed tests: 1
~ testIterationConsistency(org.apache.commons.math.util.MultidimensionalCounterTest)
[Wrong multidimensional index for [3][2] expected:<3> but was:<2>]
java.lang.AssertionError: Wrong multidimensional index for [3][2] expected:<3> but was:<2>    at org.junit.Assert.fail(Assert.java:88)
    at org.junit.Assert.failNotEquals(Assert.java:743)
    at org.junit.Assert.assertEquals(Assert.java:118)
    at org.junit.Assert.assertEquals(Assert.java:555)
    at org.apache.commons.math.util.MultidimensionalCounterTest.testIterationConsistency(MultidimensionalCounterTest.java:172)
    at sun.reflect.NativeMethodAccessorImpl.invoke0(Native Method)

java.lang.AssertionError: Wrong multidimensional index for [0][2] expected:<0> but was:<-1>
    at org.junit.Assert.fail(Assert.java:88)
    at org.junit.Assert.failNotEquals(Assert.java:743)
    at org.junit.Assert.assertEquals(Assert.java:118)
    at org.junit.Assert.assertEquals(Assert.java:555)
    at org.apache.commons.math.util.MultidimensionalCounterTest.testIterationConsistency(MultidimensionalCounterTest.java:163)
    at sun.reflect.NativeMethodAccessorImpl.invoke0(Native Method)
22:56:48.485 [pool-21-thread-1] INFO  f.i.l.c.t.SpecificationTestCasesListener - Tests run finished (29 ms)
<> Total tests run: 1
<> Ignored tests: 0
<> Failed tests: 1
~ testIterationConsistency(org.apache.commons.math.util.MultidimensionalCounterTest)
[Wrong multidimensional index for [0][2] expected:<0> but was:<-1>]
java.lang.AssertionError: Wrong multidimensional index for [0][2] expected:<0> but was:<-1>    at org.junit.Assert.fail(Assert.java:88)
    at org.junit.Assert.failNotEquals(Assert.java:743)
    at org.junit.Assert.assertEquals(Assert.java:118)
    at org.junit.Assert.assertEquals(Assert.java:555)
    at org.apache.commons.math.util.MultidimensionalCounterTest.testIterationConsistency(MultidimensionalCounterTest.java:163)
    at sun.reflect.NativeMethodAccessorImpl.invoke0(Native Method)

java.lang.AssertionError: Wrong multidimensional index for [3][2] expected:<3> but was:<2>
    at org.junit.Assert.fail(Assert.java:88)
    at org.junit.Assert.failNotEquals(Assert.java:743)
    at org.junit.Assert.assertEquals(Assert.java:118)
    at org.junit.Assert.assertEquals(Assert.java:555)
    at org.apache.commons.math.util.MultidimensionalCounterTest.testIterationConsistency(MultidimensionalCounterTest.java:172)
    at sun.reflect.NativeMethodAccessorImpl.invoke0(Native Method)
22:56:48.488 [pool-22-thread-1] INFO  f.i.l.c.t.SpecificationTestCasesListener - Tests run finished (1 ms)
<> Total tests run: 1
<> Ignored tests: 0
<> Failed tests: 1
~ testIterationConsistency(org.apache.commons.math.util.MultidimensionalCounterTest)
[Wrong multidimensional index for [3][2] expected:<3> but was:<2>]
java.lang.AssertionError: Wrong multidimensional index for [3][2] expected:<3> but was:<2>    at org.junit.Assert.fail(Assert.java:88)
    at org.junit.Assert.failNotEquals(Assert.java:743)
    at org.junit.Assert.assertEquals(Assert.java:118)
    at org.junit.Assert.assertEquals(Assert.java:555)
    at org.apache.commons.math.util.MultidimensionalCounterTest.testIterationConsistency(MultidimensionalCounterTest.java:172)
    at sun.reflect.NativeMethodAccessorImpl.invoke0(Native Method)

22:56:48.488 [pool-19-thread-1] DEBUG tests.output - Failing tests with false: 
[testIterationConsistency(org.apache.commons.math.util.MultidimensionalCounterTest): Wrong multidimensional index for [0][2] expected:<0> but was:<-1>]
22:56:48.488 [pool-19-thread-1] DEBUG tests.output - Failing tests with true: 
[testIterationConsistency(org.apache.commons.math.util.MultidimensionalCounterTest): Wrong multidimensional index for [3][2] expected:<3> but was:<2>]
22:56:48.488 [pool-19-thread-1] INFO  f.i.l.r.n.synth.SMTNopolSynthesizer - Not enough specifications: 0. A trivial patch is "true" or "false", please write new tests specifying SourceLocation org.apache.commons.math.util.MultidimensionalCounter$Iterator:106.
22:56:48.489 [pool-2-thread-1] DEBUG fr.inria.lille.repair.nopol.NoPol - statement #6
22:56:48.489 [pool-2-thread-1] DEBUG fr.inria.lille.repair.nopol.NoPol - Analysing SourceLocation org.apache.commons.math.util.MultidimensionalCounter$Iterator:95 which is executed by 1 tests
1209491845
22:56:48.606 [pool-2-thread-1] DEBUG fr.inria.lille.repair.nopol.NoPol - looking with class fr.inria.lille.repair.nopol.spoon.smt.ConditionalAdder
java.lang.AssertionError: Wrong multidimensional index for [3][2] expected:<3> but was:<2>
    at org.junit.Assert.fail(Assert.java:88)
    at org.junit.Assert.failNotEquals(Assert.java:743)
    at org.junit.Assert.assertEquals(Assert.java:118)
    at org.junit.Assert.assertEquals(Assert.java:555)
    at org.apache.commons.math.util.MultidimensionalCounterTest.testIterationConsistency(MultidimensionalCounterTest.java:172)
    at sun.reflect.NativeMethodAccessorImpl.invoke0(Native Method)
22:56:48.648 [pool-24-thread-1] INFO  xxl.java.junit.TestCasesListener - Tests run finished (38 ms)
<> Total tests run: 5
<> Ignored tests: 0
<> Failed tests: 1
~ testIterationConsistency(org.apache.commons.math.util.MultidimensionalCounterTest)
[Wrong multidimensional index for [3][2] expected:<3> but was:<2>]
java.lang.AssertionError: Wrong multidimensional index for [3][2] expected:<3> but was:<2>    at org.junit.Assert.fail(Assert.java:88)
    at org.junit.Assert.failNotEquals(Assert.java:743)
    at org.junit.Assert.assertEquals(Assert.java:118)
    at org.junit.Assert.assertEquals(Assert.java:555)
    at org.apache.commons.math.util.MultidimensionalCounterTest.testIterationConsistency(MultidimensionalCounterTest.java:172)
    at sun.reflect.NativeMethodAccessorImpl.invoke0(Native Method)

java.lang.AssertionError: Too short
    at org.junit.Assert.fail(Assert.java:88)
    at org.apache.commons.math.util.MultidimensionalCounterTest.testIterationConsistency(MultidimensionalCounterTest.java:157)
    at sun.reflect.NativeMethodAccessorImpl.invoke0(Native Method)
    at sun.reflect.NativeMethodAccessorImpl.invoke(NativeMethodAccessorImpl.java:62)
    at sun.reflect.DelegatingMethodAccessorImpl.invoke(DelegatingMethodAccessorImpl.java:43)
    at java.lang.reflect.Method.invoke(Method.java:498)
22:56:48.866 [pool-25-thread-1] INFO  f.i.l.c.t.SpecificationTestCasesListener - Tests run finished (29 ms)
<> Total tests run: 1
<> Ignored tests: 0
<> Failed tests: 1
~ testIterationConsistency(org.apache.commons.math.util.MultidimensionalCounterTest)
[Too short]
java.lang.AssertionError: Too short    at org.junit.Assert.fail(Assert.java:88)
    at org.apache.commons.math.util.MultidimensionalCounterTest.testIterationConsistency(MultidimensionalCounterTest.java:157)
    at sun.reflect.NativeMethodAccessorImpl.invoke0(Native Method)
    at sun.reflect.NativeMethodAccessorImpl.invoke(NativeMethodAccessorImpl.java:62)
    at sun.reflect.DelegatingMethodAccessorImpl.invoke(DelegatingMethodAccessorImpl.java:43)
    at java.lang.reflect.Method.invoke(Method.java:498)

java.lang.AssertionError: Wrong multidimensional index for [3][2] expected:<3> but was:<2>
    at org.junit.Assert.fail(Assert.java:88)
    at org.junit.Assert.failNotEquals(Assert.java:743)
    at org.junit.Assert.assertEquals(Assert.java:118)
    at org.junit.Assert.assertEquals(Assert.java:555)
    at org.apache.commons.math.util.MultidimensionalCounterTest.testIterationConsistency(MultidimensionalCounterTest.java:172)
    at sun.reflect.NativeMethodAccessorImpl.invoke0(Native Method)
22:56:48.868 [pool-26-thread-1] INFO  f.i.l.c.t.SpecificationTestCasesListener - Tests run finished (1 ms)
<> Total tests run: 1
<> Ignored tests: 0
<> Failed tests: 1
~ testIterationConsistency(org.apache.commons.math.util.MultidimensionalCounterTest)
[Wrong multidimensional index for [3][2] expected:<3> but was:<2>]
java.lang.AssertionError: Wrong multidimensional index for [3][2] expected:<3> but was:<2>    at org.junit.Assert.fail(Assert.java:88)
    at org.junit.Assert.failNotEquals(Assert.java:743)
    at org.junit.Assert.assertEquals(Assert.java:118)
    at org.junit.Assert.assertEquals(Assert.java:555)
    at org.apache.commons.math.util.MultidimensionalCounterTest.testIterationConsistency(MultidimensionalCounterTest.java:172)
    at sun.reflect.NativeMethodAccessorImpl.invoke0(Native Method)

22:56:48.869 [pool-23-thread-1] DEBUG tests.output - Failing tests with false: 
[testIterationConsistency(org.apache.commons.math.util.MultidimensionalCounterTest): Too short]
22:56:48.869 [pool-23-thread-1] DEBUG tests.output - Failing tests with true: 
[testIterationConsistency(org.apache.commons.math.util.MultidimensionalCounterTest): Wrong multidimensional index for [3][2] expected:<3> but was:<2>]
22:56:48.869 [pool-23-thread-1] INFO  f.i.l.r.n.synth.SMTNopolSynthesizer - Not enough specifications: 0. A trivial patch is "true" or "false", please write new tests specifying SourceLocation org.apache.commons.math.util.MultidimensionalCounter$Iterator:95.
22:56:48.869 [pool-2-thread-1] DEBUG fr.inria.lille.repair.nopol.NoPol - statement #7
22:56:48.869 [pool-2-thread-1] DEBUG fr.inria.lille.repair.nopol.NoPol - Analysing SourceLocation org.apache.commons.math.util.MultidimensionalCounter$Iterator:94 which is executed by 1 tests
1209491845
22:56:48.988 [pool-2-thread-1] DEBUG fr.inria.lille.repair.nopol.NoPol - looking with class fr.inria.lille.repair.nopol.spoon.smt.ConditionalAdder
java.lang.AssertionError: Wrong multidimensional index for [3][2] expected:<3> but was:<2>
    at org.junit.Assert.fail(Assert.java:88)
    at org.junit.Assert.failNotEquals(Assert.java:743)
    at org.junit.Assert.assertEquals(Assert.java:118)
    at org.junit.Assert.assertEquals(Assert.java:555)
    at org.apache.commons.math.util.MultidimensionalCounterTest.testIterationConsistency(MultidimensionalCounterTest.java:172)
    at sun.reflect.NativeMethodAccessorImpl.invoke0(Native Method)
22:56:49.028 [pool-28-thread-1] INFO  xxl.java.junit.TestCasesListener - Tests run finished (36 ms)
<> Total tests run: 5
<> Ignored tests: 0
<> Failed tests: 1
~ testIterationConsistency(org.apache.commons.math.util.MultidimensionalCounterTest)
[Wrong multidimensional index for [3][2] expected:<3> but was:<2>]
java.lang.AssertionError: Wrong multidimensional index for [3][2] expected:<3> but was:<2>    at org.junit.Assert.fail(Assert.java:88)
    at org.junit.Assert.failNotEquals(Assert.java:743)
    at org.junit.Assert.assertEquals(Assert.java:118)
    at org.junit.Assert.assertEquals(Assert.java:555)
    at org.apache.commons.math.util.MultidimensionalCounterTest.testIterationConsistency(MultidimensionalCounterTest.java:172)
    at sun.reflect.NativeMethodAccessorImpl.invoke0(Native Method)

java.lang.AssertionError: Too short
    at org.junit.Assert.fail(Assert.java:88)
    at org.apache.commons.math.util.MultidimensionalCounterTest.testIterationConsistency(MultidimensionalCounterTest.java:157)
    at sun.reflect.NativeMethodAccessorImpl.invoke0(Native Method)
    at sun.reflect.NativeMethodAccessorImpl.invoke(NativeMethodAccessorImpl.java:62)
    at sun.reflect.DelegatingMethodAccessorImpl.invoke(DelegatingMethodAccessorImpl.java:43)
    at java.lang.reflect.Method.invoke(Method.java:498)
22:56:49.253 [pool-29-thread-1] INFO  f.i.l.c.t.SpecificationTestCasesListener - Tests run finished (30 ms)
<> Total tests run: 1
<> Ignored tests: 0
<> Failed tests: 1
~ testIterationConsistency(org.apache.commons.math.util.MultidimensionalCounterTest)
[Too short]
java.lang.AssertionError: Too short    at org.junit.Assert.fail(Assert.java:88)
    at org.apache.commons.math.util.MultidimensionalCounterTest.testIterationConsistency(MultidimensionalCounterTest.java:157)
    at sun.reflect.NativeMethodAccessorImpl.invoke0(Native Method)
    at sun.reflect.NativeMethodAccessorImpl.invoke(NativeMethodAccessorImpl.java:62)
    at sun.reflect.DelegatingMethodAccessorImpl.invoke(DelegatingMethodAccessorImpl.java:43)
    at java.lang.reflect.Method.invoke(Method.java:498)

java.lang.AssertionError: Wrong multidimensional index for [3][2] expected:<3> but was:<2>
    at org.junit.Assert.fail(Assert.java:88)
    at org.junit.Assert.failNotEquals(Assert.java:743)
    at org.junit.Assert.assertEquals(Assert.java:118)
    at org.junit.Assert.assertEquals(Assert.java:555)
    at org.apache.commons.math.util.MultidimensionalCounterTest.testIterationConsistency(MultidimensionalCounterTest.java:172)
    at sun.reflect.NativeMethodAccessorImpl.invoke0(Native Method)
22:56:49.255 [pool-30-thread-1] INFO  f.i.l.c.t.SpecificationTestCasesListener - Tests run finished (1 ms)
<> Total tests run: 1
<> Ignored tests: 0
<> Failed tests: 1
~ testIterationConsistency(org.apache.commons.math.util.MultidimensionalCounterTest)
[Wrong multidimensional index for [3][2] expected:<3> but was:<2>]
java.lang.AssertionError: Wrong multidimensional index for [3][2] expected:<3> but was:<2>    at org.junit.Assert.fail(Assert.java:88)
    at org.junit.Assert.failNotEquals(Assert.java:743)
    at org.junit.Assert.assertEquals(Assert.java:118)
    at org.junit.Assert.assertEquals(Assert.java:555)
    at org.apache.commons.math.util.MultidimensionalCounterTest.testIterationConsistency(MultidimensionalCounterTest.java:172)
    at sun.reflect.NativeMethodAccessorImpl.invoke0(Native Method)

22:56:49.255 [pool-27-thread-1] DEBUG tests.output - Failing tests with false: 
[testIterationConsistency(org.apache.commons.math.util.MultidimensionalCounterTest): Too short]
22:56:49.256 [pool-27-thread-1] DEBUG tests.output - Failing tests with true: 
[testIterationConsistency(org.apache.commons.math.util.MultidimensionalCounterTest): Wrong multidimensional index for [3][2] expected:<3> but was:<2>]
22:56:49.256 [pool-27-thread-1] INFO  f.i.l.r.n.synth.SMTNopolSynthesizer - Not enough specifications: 0. A trivial patch is "true" or "false", please write new tests specifying SourceLocation org.apache.commons.math.util.MultidimensionalCounter$Iterator:94.
22:56:49.256 [pool-2-thread-1] DEBUG fr.inria.lille.repair.nopol.NoPol - looking with class fr.inria.lille.repair.nopol.spoon.smt.ConditionalReplacer
java.lang.AssertionError: Wrong multidimensional index for [3][2] expected:<3> but was:<2>
    at org.junit.Assert.fail(Assert.java:88)
    at org.junit.Assert.failNotEquals(Assert.java:743)
    at org.junit.Assert.assertEquals(Assert.java:118)
    at org.junit.Assert.assertEquals(Assert.java:555)
    at org.apache.commons.math.util.MultidimensionalCounterTest.testIterationConsistency(MultidimensionalCounterTest.java:172)
    at sun.reflect.NativeMethodAccessorImpl.invoke0(Native Method)
22:56:49.299 [pool-32-thread-1] INFO  xxl.java.junit.TestCasesListener - Tests run finished (40 ms)
<> Total tests run: 5
<> Ignored tests: 0
<> Failed tests: 1
~ testIterationConsistency(org.apache.commons.math.util.MultidimensionalCounterTest)
[Wrong multidimensional index for [3][2] expected:<3> but was:<2>]
java.lang.AssertionError: Wrong multidimensional index for [3][2] expected:<3> but was:<2>    at org.junit.Assert.fail(Assert.java:88)
    at org.junit.Assert.failNotEquals(Assert.java:743)
    at org.junit.Assert.assertEquals(Assert.java:118)
    at org.junit.Assert.assertEquals(Assert.java:555)
    at org.apache.commons.math.util.MultidimensionalCounterTest.testIterationConsistency(MultidimensionalCounterTest.java:172)
    at sun.reflect.NativeMethodAccessorImpl.invoke0(Native Method)

java.lang.AssertionError: Too short
    at org.junit.Assert.fail(Assert.java:88)
    at org.apache.commons.math.util.MultidimensionalCounterTest.testIterationConsistency(MultidimensionalCounterTest.java:157)
    at sun.reflect.NativeMethodAccessorImpl.invoke0(Native Method)
    at sun.reflect.NativeMethodAccessorImpl.invoke(NativeMethodAccessorImpl.java:62)
    at sun.reflect.DelegatingMethodAccessorImpl.invoke(DelegatingMethodAccessorImpl.java:43)
    at java.lang.reflect.Method.invoke(Method.java:498)
22:56:49.519 [pool-33-thread-1] INFO  f.i.l.c.t.SpecificationTestCasesListener - Tests run finished (30 ms)
<> Total tests run: 1
<> Ignored tests: 0
<> Failed tests: 1
~ testIterationConsistency(org.apache.commons.math.util.MultidimensionalCounterTest)
[Too short]
java.lang.AssertionError: Too short    at org.junit.Assert.fail(Assert.java:88)
    at org.apache.commons.math.util.MultidimensionalCounterTest.testIterationConsistency(MultidimensionalCounterTest.java:157)
    at sun.reflect.NativeMethodAccessorImpl.invoke0(Native Method)
    at sun.reflect.NativeMethodAccessorImpl.invoke(NativeMethodAccessorImpl.java:62)
    at sun.reflect.DelegatingMethodAccessorImpl.invoke(DelegatingMethodAccessorImpl.java:43)
    at java.lang.reflect.Method.invoke(Method.java:498)

java.lang.AssertionError: Wrong multidimensional index for [3][2] expected:<3> but was:<2>
    at org.junit.Assert.fail(Assert.java:88)
    at org.junit.Assert.failNotEquals(Assert.java:743)
    at org.junit.Assert.assertEquals(Assert.java:118)
    at org.junit.Assert.assertEquals(Assert.java:555)
    at org.apache.commons.math.util.MultidimensionalCounterTest.testIterationConsistency(MultidimensionalCounterTest.java:172)
    at sun.reflect.NativeMethodAccessorImpl.invoke0(Native Method)
22:56:49.521 [pool-34-thread-1] INFO  f.i.l.c.t.SpecificationTestCasesListener - Tests run finished (1 ms)
<> Total tests run: 1
<> Ignored tests: 0
<> Failed tests: 1
~ testIterationConsistency(org.apache.commons.math.util.MultidimensionalCounterTest)
[Wrong multidimensional index for [3][2] expected:<3> but was:<2>]
java.lang.AssertionError: Wrong multidimensional index for [3][2] expected:<3> but was:<2>    at org.junit.Assert.fail(Assert.java:88)
    at org.junit.Assert.failNotEquals(Assert.java:743)
    at org.junit.Assert.assertEquals(Assert.java:118)
    at org.junit.Assert.assertEquals(Assert.java:555)
    at org.apache.commons.math.util.MultidimensionalCounterTest.testIterationConsistency(MultidimensionalCounterTest.java:172)
    at sun.reflect.NativeMethodAccessorImpl.invoke0(Native Method)

22:56:49.521 [pool-31-thread-1] DEBUG tests.output - Failing tests with false: 
[testIterationConsistency(org.apache.commons.math.util.MultidimensionalCounterTest): Too short]
22:56:49.521 [pool-31-thread-1] DEBUG tests.output - Failing tests with true: 
[testIterationConsistency(org.apache.commons.math.util.MultidimensionalCounterTest): Wrong multidimensional index for [3][2] expected:<3> but was:<2>]
22:56:49.521 [pool-31-thread-1] INFO  f.i.l.r.n.synth.SMTNopolSynthesizer - Not enough specifications: 0. A trivial patch is "true" or "false", please write new tests specifying SourceLocation org.apache.commons.math.util.MultidimensionalCounter$Iterator:94.
22:56:49.521 [pool-2-thread-1] DEBUG fr.inria.lille.repair.nopol.NoPol - statement #8
22:56:49.522 [pool-2-thread-1] DEBUG fr.inria.lille.repair.nopol.NoPol - Analysing SourceLocation org.apache.commons.math.util.MultidimensionalCounter$Iterator:93 which is executed by 1 tests
1209491845
22:56:49.643 [pool-2-thread-1] DEBUG fr.inria.lille.repair.nopol.NoPol - looking with class fr.inria.lille.repair.nopol.spoon.smt.ConditionalAdder
java.lang.AssertionError: Wrong multidimensional index for [3][2] expected:<3> but was:<2>
    at org.junit.Assert.fail(Assert.java:88)
    at org.junit.Assert.failNotEquals(Assert.java:743)
    at org.junit.Assert.assertEquals(Assert.java:118)
    at org.junit.Assert.assertEquals(Assert.java:555)
    at org.apache.commons.math.util.MultidimensionalCounterTest.testIterationConsistency(MultidimensionalCounterTest.java:172)
    at sun.reflect.NativeMethodAccessorImpl.invoke0(Native Method)
22:56:49.685 [pool-36-thread-1] INFO  xxl.java.junit.TestCasesListener - Tests run finished (37 ms)
<> Total tests run: 5
<> Ignored tests: 0
<> Failed tests: 1
~ testIterationConsistency(org.apache.commons.math.util.MultidimensionalCounterTest)
[Wrong multidimensional index for [3][2] expected:<3> but was:<2>]
java.lang.AssertionError: Wrong multidimensional index for [3][2] expected:<3> but was:<2>    at org.junit.Assert.fail(Assert.java:88)
    at org.junit.Assert.failNotEquals(Assert.java:743)
    at org.junit.Assert.assertEquals(Assert.java:118)
    at org.junit.Assert.assertEquals(Assert.java:555)
    at org.apache.commons.math.util.MultidimensionalCounterTest.testIterationConsistency(MultidimensionalCounterTest.java:172)
    at sun.reflect.NativeMethodAccessorImpl.invoke0(Native Method)

java.lang.AssertionError: Too short
    at org.junit.Assert.fail(Assert.java:88)
    at org.apache.commons.math.util.MultidimensionalCounterTest.testIterationConsistency(MultidimensionalCounterTest.java:157)
    at sun.reflect.NativeMethodAccessorImpl.invoke0(Native Method)
    at sun.reflect.NativeMethodAccessorImpl.invoke(NativeMethodAccessorImpl.java:62)
    at sun.reflect.DelegatingMethodAccessorImpl.invoke(DelegatingMethodAccessorImpl.java:43)
    at java.lang.reflect.Method.invoke(Method.java:498)
22:56:49.892 [pool-37-thread-1] INFO  f.i.l.c.t.SpecificationTestCasesListener - Tests run finished (30 ms)
<> Total tests run: 1
<> Ignored tests: 0
<> Failed tests: 1
~ testIterationConsistency(org.apache.commons.math.util.MultidimensionalCounterTest)
[Too short]
java.lang.AssertionError: Too short    at org.junit.Assert.fail(Assert.java:88)
    at org.apache.commons.math.util.MultidimensionalCounterTest.testIterationConsistency(MultidimensionalCounterTest.java:157)
    at sun.reflect.NativeMethodAccessorImpl.invoke0(Native Method)
    at sun.reflect.NativeMethodAccessorImpl.invoke(NativeMethodAccessorImpl.java:62)
    at sun.reflect.DelegatingMethodAccessorImpl.invoke(DelegatingMethodAccessorImpl.java:43)
    at java.lang.reflect.Method.invoke(Method.java:498)

java.lang.AssertionError: Wrong multidimensional index for [3][2] expected:<3> but was:<2>
    at org.junit.Assert.fail(Assert.java:88)
    at org.junit.Assert.failNotEquals(Assert.java:743)
    at org.junit.Assert.assertEquals(Assert.java:118)
    at org.junit.Assert.assertEquals(Assert.java:555)
    at org.apache.commons.math.util.MultidimensionalCounterTest.testIterationConsistency(MultidimensionalCounterTest.java:172)
    at sun.reflect.NativeMethodAccessorImpl.invoke0(Native Method)
22:56:49.894 [pool-38-thread-1] INFO  f.i.l.c.t.SpecificationTestCasesListener - Tests run finished (0 ms)
<> Total tests run: 1
<> Ignored tests: 0
<> Failed tests: 1
~ testIterationConsistency(org.apache.commons.math.util.MultidimensionalCounterTest)
[Wrong multidimensional index for [3][2] expected:<3> but was:<2>]
java.lang.AssertionError: Wrong multidimensional index for [3][2] expected:<3> but was:<2>    at org.junit.Assert.fail(Assert.java:88)
    at org.junit.Assert.failNotEquals(Assert.java:743)
    at org.junit.Assert.assertEquals(Assert.java:118)
    at org.junit.Assert.assertEquals(Assert.java:555)
    at org.apache.commons.math.util.MultidimensionalCounterTest.testIterationConsistency(MultidimensionalCounterTest.java:172)
    at sun.reflect.NativeMethodAccessorImpl.invoke0(Native Method)

22:56:49.895 [pool-35-thread-1] DEBUG tests.output - Failing tests with false: 
[testIterationConsistency(org.apache.commons.math.util.MultidimensionalCounterTest): Too short]
22:56:49.895 [pool-35-thread-1] DEBUG tests.output - Failing tests with true: 
[testIterationConsistency(org.apache.commons.math.util.MultidimensionalCounterTest): Wrong multidimensional index for [3][2] expected:<3> but was:<2>]
22:56:49.895 [pool-35-thread-1] INFO  f.i.l.r.n.synth.SMTNopolSynthesizer - Not enough specifications: 0. A trivial patch is "true" or "false", please write new tests specifying SourceLocation org.apache.commons.math.util.MultidimensionalCounter$Iterator:93.
22:56:49.895 [pool-2-thread-1] DEBUG fr.inria.lille.repair.nopol.NoPol - statement #9
22:56:49.896 [pool-2-thread-1] DEBUG fr.inria.lille.repair.nopol.NoPol - Analysing SourceLocation org.apache.commons.math.util.MultidimensionalCounter:46 which is executed by 5 tests
1209491845
22:56:50.017 [pool-2-thread-1] DEBUG fr.inria.lille.repair.nopol.NoPol - statement #10
22:56:50.017 [pool-2-thread-1] DEBUG fr.inria.lille.repair.nopol.NoPol - Analysing SourceLocation org.apache.commons.math.util.MultidimensionalCounter:281 which is executed by 1 tests
1209491845
22:56:50.133 [pool-2-thread-1] DEBUG fr.inria.lille.repair.nopol.NoPol - statement #11
22:56:50.133 [pool-2-thread-1] DEBUG fr.inria.lille.repair.nopol.NoPol - Analysing SourceLocation org.apache.commons.math.util.MultidimensionalCounter:245 which is executed by 1 tests
1209491845
22:56:50.268 [pool-2-thread-1] DEBUG fr.inria.lille.repair.nopol.NoPol - statement #12
22:56:50.268 [pool-2-thread-1] DEBUG fr.inria.lille.repair.nopol.NoPol - Analysing SourceLocation org.apache.commons.math.util.MultidimensionalCounter:243 which is executed by 1 tests
1209491845
22:56:50.404 [pool-2-thread-1] DEBUG fr.inria.lille.repair.nopol.NoPol - looking with class fr.inria.lille.repair.nopol.spoon.smt.ConditionalAdder
java.lang.AssertionError: Wrong multidimensional index for [3][2] expected:<3> but was:<2>
    at org.junit.Assert.fail(Assert.java:88)
    at org.junit.Assert.failNotEquals(Assert.java:743)
    at org.junit.Assert.assertEquals(Assert.java:118)
    at org.junit.Assert.assertEquals(Assert.java:555)
    at org.apache.commons.math.util.MultidimensionalCounterTest.testIterationConsistency(MultidimensionalCounterTest.java:172)
    at sun.reflect.NativeMethodAccessorImpl.invoke0(Native Method)
22:56:50.461 [pool-40-thread-1] INFO  xxl.java.junit.TestCasesListener - Tests run finished (53 ms)
<> Total tests run: 5
<> Ignored tests: 0
<> Failed tests: 1
~ testIterationConsistency(org.apache.commons.math.util.MultidimensionalCounterTest)
[Wrong multidimensional index for [3][2] expected:<3> but was:<2>]
java.lang.AssertionError: Wrong multidimensional index for [3][2] expected:<3> but was:<2>    at org.junit.Assert.fail(Assert.java:88)
    at org.junit.Assert.failNotEquals(Assert.java:743)
    at org.junit.Assert.assertEquals(Assert.java:118)
    at org.junit.Assert.assertEquals(Assert.java:555)
    at org.apache.commons.math.util.MultidimensionalCounterTest.testIterationConsistency(MultidimensionalCounterTest.java:172)
    at sun.reflect.NativeMethodAccessorImpl.invoke0(Native Method)

java.lang.AssertionError: Wrong multidimensional index for [1][2] expected:<1> but was:<0>
    at org.junit.Assert.fail(Assert.java:88)
    at org.junit.Assert.failNotEquals(Assert.java:743)
    at org.junit.Assert.assertEquals(Assert.java:118)
    at org.junit.Assert.assertEquals(Assert.java:555)
    at org.apache.commons.math.util.MultidimensionalCounterTest.testIterationConsistency(MultidimensionalCounterTest.java:172)
    at sun.reflect.NativeMethodAccessorImpl.invoke0(Native Method)
22:56:50.672 [pool-41-thread-1] INFO  f.i.l.c.t.SpecificationTestCasesListener - Tests run finished (30 ms)
<> Total tests run: 1
<> Ignored tests: 0
<> Failed tests: 1
~ testIterationConsistency(org.apache.commons.math.util.MultidimensionalCounterTest)
[Wrong multidimensional index for [1][2] expected:<1> but was:<0>]
java.lang.AssertionError: Wrong multidimensional index for [1][2] expected:<1> but was:<0>    at org.junit.Assert.fail(Assert.java:88)
    at org.junit.Assert.failNotEquals(Assert.java:743)
    at org.junit.Assert.assertEquals(Assert.java:118)
    at org.junit.Assert.assertEquals(Assert.java:555)
    at org.apache.commons.math.util.MultidimensionalCounterTest.testIterationConsistency(MultidimensionalCounterTest.java:172)
    at sun.reflect.NativeMethodAccessorImpl.invoke0(Native Method)

java.lang.AssertionError: Wrong multidimensional index for [3][2] expected:<3> but was:<2>
    at org.junit.Assert.fail(Assert.java:88)
    at org.junit.Assert.failNotEquals(Assert.java:743)
    at org.junit.Assert.assertEquals(Assert.java:118)
    at org.junit.Assert.assertEquals(Assert.java:555)
    at org.apache.commons.math.util.MultidimensionalCounterTest.testIterationConsistency(MultidimensionalCounterTest.java:172)
    at sun.reflect.NativeMethodAccessorImpl.invoke0(Native Method)
22:56:50.674 [pool-42-thread-1] INFO  f.i.l.c.t.SpecificationTestCasesListener - Tests run finished (0 ms)
<> Total tests run: 1
<> Ignored tests: 0
<> Failed tests: 1
~ testIterationConsistency(org.apache.commons.math.util.MultidimensionalCounterTest)
[Wrong multidimensional index for [3][2] expected:<3> but was:<2>]
java.lang.AssertionError: Wrong multidimensional index for [3][2] expected:<3> but was:<2>    at org.junit.Assert.fail(Assert.java:88)
    at org.junit.Assert.failNotEquals(Assert.java:743)
    at org.junit.Assert.assertEquals(Assert.java:118)
    at org.junit.Assert.assertEquals(Assert.java:555)
    at org.apache.commons.math.util.MultidimensionalCounterTest.testIterationConsistency(MultidimensionalCounterTest.java:172)
    at sun.reflect.NativeMethodAccessorImpl.invoke0(Native Method)

22:56:50.675 [pool-39-thread-1] DEBUG tests.output - Failing tests with false: 
[testIterationConsistency(org.apache.commons.math.util.MultidimensionalCounterTest): Wrong multidimensional index for [1][2] expected:<1> but was:<0>]
22:56:50.675 [pool-39-thread-1] DEBUG tests.output - Failing tests with true: 
[testIterationConsistency(org.apache.commons.math.util.MultidimensionalCounterTest): Wrong multidimensional index for [3][2] expected:<3> but was:<2>]
22:56:50.675 [pool-39-thread-1] INFO  f.i.l.r.n.synth.SMTNopolSynthesizer - Not enough specifications: 0. A trivial patch is "true" or "false", please write new tests specifying SourceLocation org.apache.commons.math.util.MultidimensionalCounter:243.
22:56:50.675 [pool-2-thread-1] DEBUG fr.inria.lille.repair.nopol.NoPol - statement #13
22:56:50.676 [pool-2-thread-1] DEBUG fr.inria.lille.repair.nopol.NoPol - Analysing SourceLocation org.apache.commons.math.util.MultidimensionalCounter:242 which is executed by 1 tests
1209491845
22:56:50.810 [pool-2-thread-1] DEBUG fr.inria.lille.repair.nopol.NoPol - looking with class fr.inria.lille.repair.nopol.spoon.smt.ConditionalAdder
java.lang.AssertionError: Wrong multidimensional index for [3][2] expected:<3> but was:<2>
    at org.junit.Assert.fail(Assert.java:88)
    at org.junit.Assert.failNotEquals(Assert.java:743)
    at org.junit.Assert.assertEquals(Assert.java:118)
    at org.junit.Assert.assertEquals(Assert.java:555)
    at org.apache.commons.math.util.MultidimensionalCounterTest.testIterationConsistency(MultidimensionalCounterTest.java:172)
    at sun.reflect.NativeMethodAccessorImpl.invoke0(Native Method)
22:56:50.853 [pool-44-thread-1] INFO  xxl.java.junit.TestCasesListener - Tests run finished (39 ms)
<> Total tests run: 5
<> Ignored tests: 0
<> Failed tests: 1
~ testIterationConsistency(org.apache.commons.math.util.MultidimensionalCounterTest)
[Wrong multidimensional index for [3][2] expected:<3> but was:<2>]
java.lang.AssertionError: Wrong multidimensional index for [3][2] expected:<3> but was:<2>    at org.junit.Assert.fail(Assert.java:88)
    at org.junit.Assert.failNotEquals(Assert.java:743)
    at org.junit.Assert.assertEquals(Assert.java:118)
    at org.junit.Assert.assertEquals(Assert.java:555)
    at org.apache.commons.math.util.MultidimensionalCounterTest.testIterationConsistency(MultidimensionalCounterTest.java:172)
    at sun.reflect.NativeMethodAccessorImpl.invoke0(Native Method)

java.lang.AssertionError: Wrong multidimensional index for [0][2] expected:<0> but was:<1>
    at org.junit.Assert.fail(Assert.java:88)
    at org.junit.Assert.failNotEquals(Assert.java:743)
    at org.junit.Assert.assertEquals(Assert.java:118)
    at org.junit.Assert.assertEquals(Assert.java:555)
    at org.apache.commons.math.util.MultidimensionalCounterTest.testIterationConsistency(MultidimensionalCounterTest.java:172)
    at sun.reflect.NativeMethodAccessorImpl.invoke0(Native Method)
22:56:51.061 [pool-45-thread-1] INFO  f.i.l.c.t.SpecificationTestCasesListener - Tests run finished (30 ms)
<> Total tests run: 1
<> Ignored tests: 0
<> Failed tests: 1
~ testIterationConsistency(org.apache.commons.math.util.MultidimensionalCounterTest)
[Wrong multidimensional index for [0][2] expected:<0> but was:<1>]
java.lang.AssertionError: Wrong multidimensional index for [0][2] expected:<0> but was:<1>    at org.junit.Assert.fail(Assert.java:88)
    at org.junit.Assert.failNotEquals(Assert.java:743)
    at org.junit.Assert.assertEquals(Assert.java:118)
    at org.junit.Assert.assertEquals(Assert.java:555)
    at org.apache.commons.math.util.MultidimensionalCounterTest.testIterationConsistency(MultidimensionalCounterTest.java:172)
    at sun.reflect.NativeMethodAccessorImpl.invoke0(Native Method)

java.lang.AssertionError: Wrong multidimensional index for [3][2] expected:<3> but was:<2>
    at org.junit.Assert.fail(Assert.java:88)
    at org.junit.Assert.failNotEquals(Assert.java:743)
    at org.junit.Assert.assertEquals(Assert.java:118)
    at org.junit.Assert.assertEquals(Assert.java:555)
    at org.apache.commons.math.util.MultidimensionalCounterTest.testIterationConsistency(MultidimensionalCounterTest.java:172)
    at sun.reflect.NativeMethodAccessorImpl.invoke0(Native Method)
22:56:51.062 [pool-46-thread-1] INFO  f.i.l.c.t.SpecificationTestCasesListener - Tests run finished (0 ms)
<> Total tests run: 1
<> Ignored tests: 0
<> Failed tests: 1
~ testIterationConsistency(org.apache.commons.math.util.MultidimensionalCounterTest)
[Wrong multidimensional index for [3][2] expected:<3> but was:<2>]
java.lang.AssertionError: Wrong multidimensional index for [3][2] expected:<3> but was:<2>    at org.junit.Assert.fail(Assert.java:88)
    at org.junit.Assert.failNotEquals(Assert.java:743)
    at org.junit.Assert.assertEquals(Assert.java:118)
    at org.junit.Assert.assertEquals(Assert.java:555)
    at org.apache.commons.math.util.MultidimensionalCounterTest.testIterationConsistency(MultidimensionalCounterTest.java:172)
    at sun.reflect.NativeMethodAccessorImpl.invoke0(Native Method)

22:56:51.063 [pool-43-thread-1] DEBUG tests.output - Failing tests with false: 
[testIterationConsistency(org.apache.commons.math.util.MultidimensionalCounterTest): Wrong multidimensional index for [0][2] expected:<0> but was:<1>]
22:56:51.063 [pool-43-thread-1] DEBUG tests.output - Failing tests with true: 
[testIterationConsistency(org.apache.commons.math.util.MultidimensionalCounterTest): Wrong multidimensional index for [3][2] expected:<3> but was:<2>]
22:56:51.063 [pool-43-thread-1] INFO  f.i.l.r.n.synth.SMTNopolSynthesizer - Not enough specifications: 0. A trivial patch is "true" or "false", please write new tests specifying SourceLocation org.apache.commons.math.util.MultidimensionalCounter:242.
22:56:51.063 [pool-2-thread-1] DEBUG fr.inria.lille.repair.nopol.NoPol - statement #14
22:56:51.063 [pool-2-thread-1] DEBUG fr.inria.lille.repair.nopol.NoPol - Analysing SourceLocation org.apache.commons.math.util.MultidimensionalCounter:240 which is executed by 1 tests
1209491845
22:56:51.179 [pool-2-thread-1] DEBUG fr.inria.lille.repair.nopol.NoPol - looking with class fr.inria.lille.repair.nopol.spoon.smt.ConditionalAdder
java.lang.AssertionError: Wrong multidimensional index for [3][2] expected:<3> but was:<2>
    at org.junit.Assert.fail(Assert.java:88)
    at org.junit.Assert.failNotEquals(Assert.java:743)
    at org.junit.Assert.assertEquals(Assert.java:118)
    at org.junit.Assert.assertEquals(Assert.java:555)
    at org.apache.commons.math.util.MultidimensionalCounterTest.testIterationConsistency(MultidimensionalCounterTest.java:172)
    at sun.reflect.NativeMethodAccessorImpl.invoke0(Native Method)
22:56:51.223 [pool-48-thread-1] INFO  xxl.java.junit.TestCasesListener - Tests run finished (39 ms)
<> Total tests run: 5
<> Ignored tests: 0
<> Failed tests: 1
~ testIterationConsistency(org.apache.commons.math.util.MultidimensionalCounterTest)
[Wrong multidimensional index for [3][2] expected:<3> but was:<2>]
java.lang.AssertionError: Wrong multidimensional index for [3][2] expected:<3> but was:<2>    at org.junit.Assert.fail(Assert.java:88)
    at org.junit.Assert.failNotEquals(Assert.java:743)
    at org.junit.Assert.assertEquals(Assert.java:118)
    at org.junit.Assert.assertEquals(Assert.java:555)
    at org.apache.commons.math.util.MultidimensionalCounterTest.testIterationConsistency(MultidimensionalCounterTest.java:172)
    at sun.reflect.NativeMethodAccessorImpl.invoke0(Native Method)

java.lang.AssertionError: Wrong multidimensional index for [1][2] expected:<1> but was:<0>
    at org.junit.Assert.fail(Assert.java:88)
    at org.junit.Assert.failNotEquals(Assert.java:743)
    at org.junit.Assert.assertEquals(Assert.java:118)
    at org.junit.Assert.assertEquals(Assert.java:555)
    at org.apache.commons.math.util.MultidimensionalCounterTest.testIterationConsistency(MultidimensionalCounterTest.java:172)
    at sun.reflect.NativeMethodAccessorImpl.invoke0(Native Method)
22:56:51.421 [pool-49-thread-1] INFO  f.i.l.c.t.SpecificationTestCasesListener - Tests run finished (31 ms)
<> Total tests run: 1
<> Ignored tests: 0
<> Failed tests: 1
~ testIterationConsistency(org.apache.commons.math.util.MultidimensionalCounterTest)
[Wrong multidimensional index for [1][2] expected:<1> but was:<0>]
java.lang.AssertionError: Wrong multidimensional index for [1][2] expected:<1> but was:<0>    at org.junit.Assert.fail(Assert.java:88)
    at org.junit.Assert.failNotEquals(Assert.java:743)
    at org.junit.Assert.assertEquals(Assert.java:118)
    at org.junit.Assert.assertEquals(Assert.java:555)
    at org.apache.commons.math.util.MultidimensionalCounterTest.testIterationConsistency(MultidimensionalCounterTest.java:172)
    at sun.reflect.NativeMethodAccessorImpl.invoke0(Native Method)

java.lang.AssertionError: Wrong multidimensional index for [3][2] expected:<3> but was:<2>
    at org.junit.Assert.fail(Assert.java:88)
    at org.junit.Assert.failNotEquals(Assert.java:743)
    at org.junit.Assert.assertEquals(Assert.java:118)
    at org.junit.Assert.assertEquals(Assert.java:555)
    at org.apache.commons.math.util.MultidimensionalCounterTest.testIterationConsistency(MultidimensionalCounterTest.java:172)
    at sun.reflect.NativeMethodAccessorImpl.invoke0(Native Method)
22:56:51.423 [pool-50-thread-1] INFO  f.i.l.c.t.SpecificationTestCasesListener - Tests run finished (1 ms)
<> Total tests run: 1
<> Ignored tests: 0
<> Failed tests: 1
~ testIterationConsistency(org.apache.commons.math.util.MultidimensionalCounterTest)
[Wrong multidimensional index for [3][2] expected:<3> but was:<2>]
java.lang.AssertionError: Wrong multidimensional index for [3][2] expected:<3> but was:<2>    at org.junit.Assert.fail(Assert.java:88)
    at org.junit.Assert.failNotEquals(Assert.java:743)
    at org.junit.Assert.assertEquals(Assert.java:118)
    at org.junit.Assert.assertEquals(Assert.java:555)
    at org.apache.commons.math.util.MultidimensionalCounterTest.testIterationConsistency(MultidimensionalCounterTest.java:172)
    at sun.reflect.NativeMethodAccessorImpl.invoke0(Native Method)

22:56:51.423 [pool-47-thread-1] DEBUG tests.output - Failing tests with false: 
[testIterationConsistency(org.apache.commons.math.util.MultidimensionalCounterTest): Wrong multidimensional index for [1][2] expected:<1> but was:<0>]
22:56:51.424 [pool-47-thread-1] DEBUG tests.output - Failing tests with true: 
[testIterationConsistency(org.apache.commons.math.util.MultidimensionalCounterTest): Wrong multidimensional index for [3][2] expected:<3> but was:<2>]
22:56:51.424 [pool-47-thread-1] INFO  f.i.l.r.n.synth.SMTNopolSynthesizer - Not enough specifications: 0. A trivial patch is "true" or "false", please write new tests specifying SourceLocation org.apache.commons.math.util.MultidimensionalCounter:240.
22:56:51.424 [pool-2-thread-1] DEBUG fr.inria.lille.repair.nopol.NoPol - statement #15
22:56:51.424 [pool-2-thread-1] DEBUG fr.inria.lille.repair.nopol.NoPol - Analysing SourceLocation org.apache.commons.math.util.MultidimensionalCounter:239 which is executed by 1 tests
1209491845
22:56:51.540 [pool-2-thread-1] DEBUG fr.inria.lille.repair.nopol.NoPol - looking with class fr.inria.lille.repair.nopol.spoon.smt.ConditionalAdder
java.lang.AssertionError: Wrong multidimensional index for [3][2] expected:<3> but was:<2>
    at org.junit.Assert.fail(Assert.java:88)
    at org.junit.Assert.failNotEquals(Assert.java:743)
    at org.junit.Assert.assertEquals(Assert.java:118)
    at org.junit.Assert.assertEquals(Assert.java:555)
    at org.apache.commons.math.util.MultidimensionalCounterTest.testIterationConsistency(MultidimensionalCounterTest.java:172)
    at sun.reflect.NativeMethodAccessorImpl.invoke0(Native Method)
22:56:51.581 [pool-52-thread-1] INFO  xxl.java.junit.TestCasesListener - Tests run finished (37 ms)
<> Total tests run: 5
<> Ignored tests: 0
<> Failed tests: 1
~ testIterationConsistency(org.apache.commons.math.util.MultidimensionalCounterTest)
[Wrong multidimensional index for [3][2] expected:<3> but was:<2>]
java.lang.AssertionError: Wrong multidimensional index for [3][2] expected:<3> but was:<2>    at org.junit.Assert.fail(Assert.java:88)
    at org.junit.Assert.failNotEquals(Assert.java:743)
    at org.junit.Assert.assertEquals(Assert.java:118)
    at org.junit.Assert.assertEquals(Assert.java:555)
    at org.apache.commons.math.util.MultidimensionalCounterTest.testIterationConsistency(MultidimensionalCounterTest.java:172)
    at sun.reflect.NativeMethodAccessorImpl.invoke0(Native Method)

23:01:18.889 [pool-51-thread-1] DEBUG xxl.java.junit.TestSuiteExecution - Timeout after 200 seconds. Infinite loop?
23:03:08.777 [pool-2-thread-1] ERROR fr.inria.lille.repair.nopol.NoPol - Error ExecutionException java.util.concurrent.ExecutionException: java.lang.RuntimeException: java.util.concurrent.TimeoutException
23:03:08.778 [pool-2-thread-1] DEBUG fr.inria.lille.repair.nopol.NoPol - statement #16
23:03:08.778 [pool-2-thread-1] DEBUG fr.inria.lille.repair.nopol.NoPol - Analysing SourceLocation org.apache.commons.math.util.MultidimensionalCounter:238 which is executed by 1 tests
java.util.concurrent.ExecutionException: java.lang.OutOfMemoryError: Java heap space
	at java.util.concurrent.FutureTask.report(FutureTask.java:122)
	at java.util.concurrent.FutureTask.get(FutureTask.java:206)
	at fr.inria.lille.repair.Main.main(Main.java:106)
Caused by: java.lang.OutOfMemoryError: Java heap space
	at java.io.ExpiringCache.cleanup(ExpiringCache.java:117)
	at java.io.ExpiringCache.get(ExpiringCache.java:76)
	at java.io.UnixFileSystem.canonicalize(UnixFileSystem.java:152)
	at java.io.File.getCanonicalPath(File.java:618)
	at java.io.File.getCanonicalFile(File.java:643)
	at spoon.support.compiler.FileSystemFile.<init>(FileSystemFile.java:43)
	at spoon.support.compiler.FileSystemFolder.getFiles(FileSystemFolder.java:63)
	at spoon.support.compiler.FileSystemFolder.getAllJavaFiles(FileSystemFolder.java:108)
	at spoon.support.compiler.FileSystemFolder.getAllJavaFiles(FileSystemFolder.java:114)
	at spoon.support.compiler.FileSystemFolder.getAllJavaFiles(FileSystemFolder.java:114)
	at spoon.support.compiler.FileSystemFolder.getAllJavaFiles(FileSystemFolder.java:114)
	at spoon.support.compiler.FileSystemFolder.getAllJavaFiles(FileSystemFolder.java:114)
	at spoon.support.compiler.FileSystemFolder.getAllJavaFiles(FileSystemFolder.java:114)
	at spoon.support.StandardEnvironment.verifySourceClasspath(StandardEnvironment.java:444)
	at spoon.support.StandardEnvironment.setSourceClasspath(StandardEnvironment.java:428)
	at spoon.support.compiler.jdt.JDTBasedSpoonCompiler.setSourceClasspath(JDTBasedSpoonCompiler.java:321)
	at fr.inria.lille.commons.spoon.util.SpoonModelLibrary.modelFor(SpoonModelLibrary.java:47)
	at fr.inria.lille.commons.spoon.SpoonedFile.<init>(SpoonedFile.java:61)
	at fr.inria.lille.commons.spoon.SpoonedClass.<init>(SpoonedClass.java:14)
	at fr.inria.lille.commons.spoon.SpoonedProject.forked(SpoonedProject.java:47)
	at fr.inria.lille.repair.nopol.NoPol.runOnStatement(NoPol.java:222)
	at fr.inria.lille.repair.nopol.NoPol.solveWithMultipleBuild(NoPol.java:213)
	at fr.inria.lille.repair.nopol.NoPol.build(NoPol.java:154)
	at fr.inria.lille.repair.Main$1.call(Main.java:101)
	at java.util.concurrent.FutureTask.run(FutureTask.java:266)
	at java.util.concurrent.ThreadPoolExecutor.runWorker(ThreadPoolExecutor.java:1149)
	at java.util.concurrent.ThreadPoolExecutor$Worker.run(ThreadPoolExecutor.java:624)
	at java.lang.Thread.run(Thread.java:748)

Usage: java -jar nopol.jar
                          [(-m|--mode) <repair|ranking>] (-e|--type) <condition|precondition|pre_then_cond|loop|arithmetic> [(-o|--oracle) <angelic|symbolic>] [(-y|--synthesis) <smt|dynamoth>] [(-l|--solver) <z3|cvc4>] [(-p|--solver-path) <solverPath>] (-s|--source) source1:source2:...:sourceN  (-c|--classpath) <classpath> [(-t|--test) test1:test2:...:testN ] [--complianceLevel <complianceLevel>] [--maxTime <maxTime>] [--maxTimeType <maxTimeType>] [(-z|--flocal) < cocospoon|dumb|gzoltar>] [--output <outputFolder>] [--json[:<outputJson>]]

  [(-m|--mode) <repair|ranking>]
        Define the mode of execution. (default: repair)

  (-e|--type) <condition|precondition|pre_then_cond|loop|arithmetic>
        The repair type (example fixing only conditions, or adding
        precondition). REQUIRED OPTION (default: condition)

  [(-o|--oracle) <angelic|symbolic>]
        Define the oracle (only used with repair mode). (default: angelic)

  [(-y|--synthesis) <smt|dynamoth>]
        Define the patch synthesis. (default: smt)

  [(-l|--solver) <z3|cvc4>]
        Define the solver (only used with smt synthesis). (default: z3)

  [(-p|--solver-path) <solverPath>]
        Define the solver binary path (only used with smt synthesis).

  (-s|--source) source1:source2:...:sourceN 
        Define the path to the source code of the project.

  (-c|--classpath) <classpath>
        Define the classpath of the project.

  [(-t|--test) test1:test2:...:testN ]
        Define the tests of the project (both failing and passing),
        fully-qualified, separated with ':' (even if the classpath contains
        other tests, only those are considered.

  [--complianceLevel <complianceLevel>]
        The compliance level of the project. (default: 7)

  [--maxTime <maxTime>]
        The maximum time execution in minute for the whole execution of
        Nopol.(default: 10)

  [--maxTimeType <maxTimeType>]
        The maximum time execution in minute for one type of patch. (default: 5)

  [(-z|--flocal) < cocospoon|dumb|gzoltar>]
        Define the fault localizer to be used. (default: gzoltar)

  [--output <outputFolder>]
        Define the location where the patches will be saved. (default: .)

  [--json[:<outputJson>]]
        Output a json file in the current working directory.

Command exited with non-zero status 255
39085.94user 15.87system 39:27.36elapsed 1651%CPU (0avgtext+0avgdata 4552144maxresident)k
50848inputs+11232outputs (4major+1339794minor)pagefaults 0swaps


Node: petitprince-5.luxembourg.grid5000.fr



Date: Wed Nov 28 23:33:41 EST 2018

