cd /tmp/DynaMoth_Bug_dot_jar_Commons-Math_ad252a8c;
export JAVA_TOOL_OPTIONS="-Dfile.encoding=UTF8 -Duser.language=en-US -Duser.country=US -Duser.language=en";
TZ="America/New_York"; export TZ;
export PATH="/usr/lib/jvm/java-1.8.0-openjdk-amd64/bin/:$PATH";
export JAVA_HOME="/usr/lib/jvm/java-1.8.0-openjdk-amd64/bin/";
time java -Xmx4048m -cp /home/tdurieux/defects4j4repair/script/../repair_tools/nopol.jar:/usr/lib/jvm/java-1.8.0-openjdk-amd64/bin//../lib/tools.jar fr.inria.lille.repair.Main \
	--mode repair \
	--type pre_then_cond \
	--oracle angelic \
	--synthesis dynamoth \
	--flocal gzoltar \
	--json \
	--solver z3 \
	--solver-path /home/tdurieux/defects4j4repair/script/../libs/z3/build/z3 \
	--complianceLevel 7 \
	--source src/main/java \
	--classpath "target/classes:target/test-classes:/home/tdurieux/.m2/repository/junit/junit/4.10/junit-4.10.jar:/home/tdurieux/.m2/repository/org/hamcrest/hamcrest-core/1.1/hamcrest-core-1.1.jar:/home/tdurieux/defects4j4repair/script/../repair_tools/nopol.jar";
	echo "\n\nNode: `hostname`\n";
	echo "\n\nDate: `date`\n";
Picked up JAVA_TOOL_OPTIONS: -Dfile.encoding=UTF8 -Duser.language=en-US -Duser.country=US -Duser.language=en
15:10:34.838 [main] INFO  fr.inria.lille.repair.nopol.NoPol - Source files: [src/main/java]
15:10:34.887 [main] INFO  fr.inria.lille.repair.nopol.NoPol - Classpath: [file:/tmp/DynaMoth_Bug_dot_jar_Commons-Math_ad252a8c/target/classes/, file:/tmp/DynaMoth_Bug_dot_jar_Commons-Math_ad252a8c/target/test-classes/, file:/home/tdurieux/.m2/repository/junit/junit/4.10/junit-4.10.jar, file:/home/tdurieux/.m2/repository/org/hamcrest/hamcrest-core/1.1/hamcrest-core-1.1.jar, file:/home/tdurieux/defects4j4repair/script/../repair_tools/nopol.jar]
15:10:34.887 [main] INFO  fr.inria.lille.repair.nopol.NoPol - Statement type: PRE_THEN_COND
15:10:34.888 [main] INFO  fr.inria.lille.repair.nopol.NoPol - Args: [org.apache.commons.math3.RetryRunnerTest, org.apache.commons.math3.analysis.FunctionUtilsTest, org.apache.commons.math3.analysis.differentiation.DSCompilerTest, org.apache.commons.math3.analysis.differentiation.DerivativeStructureTest, org.apache.commons.math3.analysis.differentiation.FiniteDifferencesDifferentiatorTest, org.apache.commons.math3.analysis.differentiation.GradientFunctionTest, org.apache.commons.math3.analysis.differentiation.JacobianFunctionTest, org.apache.commons.math3.analysis.function.GaussianTest, org.apache.commons.math3.analysis.function.HarmonicOscillatorTest, org.apache.commons.math3.analysis.function.LogisticTest, org.apache.commons.math3.analysis.function.LogitTest, org.apache.commons.math3.analysis.function.SigmoidTest, org.apache.commons.math3.analysis.function.SincTest, org.apache.commons.math3.analysis.function.SqrtTest, org.apache.commons.math3.analysis.function.StepFunctionTest, org.apache.commons.math3.analysis.integration.IterativeLegendreGaussIntegratorTest, org.apache.commons.math3.analysis.integration.LegendreGaussIntegratorTest, org.apache.commons.math3.analysis.integration.RombergIntegratorTest, org.apache.commons.math3.analysis.integration.SimpsonIntegratorTest, org.apache.commons.math3.analysis.integration.TrapezoidIntegratorTest, org.apache.commons.math3.analysis.integration.gauss.BaseRuleFactoryTest, org.apache.commons.math3.analysis.integration.gauss.LegendreHighPrecisionParametricTest, org.apache.commons.math3.analysis.integration.gauss.LegendreHighPrecisionTest, org.apache.commons.math3.analysis.integration.gauss.LegendreParametricTest, org.apache.commons.math3.analysis.integration.gauss.LegendreTest, org.apache.commons.math3.analysis.interpolation.BicubicSplineInterpolatingFunctionTest, org.apache.commons.math3.analysis.interpolation.BicubicSplineInterpolatorTest, org.apache.commons.math3.analysis.interpolation.DividedDifferenceInterpolatorTest, org.apache.commons.math3.analysis.interpolation.HermiteInterpolatorTest, org.apache.commons.math3.analysis.interpolation.LinearInterpolatorTest, org.apache.commons.math3.analysis.interpolation.LoessInterpolatorTest, org.apache.commons.math3.analysis.interpolation.MicrosphereInterpolatorTest, org.apache.commons.math3.analysis.interpolation.NevilleInterpolatorTest, org.apache.commons.math3.analysis.interpolation.SmoothingPolynomialBicubicSplineInterpolatorTest, org.apache.commons.math3.analysis.interpolation.SplineInterpolatorTest, org.apache.commons.math3.analysis.interpolation.TricubicSplineInterpolatingFunctionTest, org.apache.commons.math3.analysis.interpolation.TricubicSplineInterpolatorTest, org.apache.commons.math3.analysis.interpolation.UnivariatePeriodicInterpolatorTest, org.apache.commons.math3.analysis.polynomials.PolynomialFunctionLagrangeFormTest, org.apache.commons.math3.analysis.polynomials.PolynomialFunctionNewtonFormTest, org.apache.commons.math3.analysis.polynomials.PolynomialFunctionTest, org.apache.commons.math3.analysis.polynomials.PolynomialSplineFunctionTest, org.apache.commons.math3.analysis.polynomials.PolynomialsUtilsTest, org.apache.commons.math3.analysis.solvers.BisectionSolverTest, org.apache.commons.math3.analysis.solvers.BracketingNthOrderBrentSolverTest, org.apache.commons.math3.analysis.solvers.BrentSolverTest, org.apache.commons.math3.analysis.solvers.IllinoisSolverTest, org.apache.commons.math3.analysis.solvers.LaguerreSolverTest, org.apache.commons.math3.analysis.solvers.MullerSolver2Test, org.apache.commons.math3.analysis.solvers.MullerSolverTest, org.apache.commons.math3.analysis.solvers.NewtonRaphsonSolverTest, org.apache.commons.math3.analysis.solvers.NewtonSolverTest, org.apache.commons.math3.analysis.solvers.PegasusSolverTest, org.apache.commons.math3.analysis.solvers.RegulaFalsiSolverTest, org.apache.commons.math3.analysis.solvers.RiddersSolverTest, org.apache.commons.math3.analysis.solvers.SecantSolverTest, org.apache.commons.math3.analysis.solvers.UnivariateSolverUtilsTest, org.apache.commons.math3.complex.ComplexFieldTest, org.apache.commons.math3.complex.ComplexFormatTest, org.apache.commons.math3.complex.ComplexTest, org.apache.commons.math3.complex.ComplexUtilsTest, org.apache.commons.math3.complex.FrenchComplexFormatTest, org.apache.commons.math3.complex.QuaternionTest, org.apache.commons.math3.complex.RootsOfUnityTest, org.apache.commons.math3.dfp.BracketingNthOrderBrentSolverDFPTest, org.apache.commons.math3.dfp.DfpDecTest, org.apache.commons.math3.dfp.DfpMathTest, org.apache.commons.math3.dfp.DfpTest, org.apache.commons.math3.distribution.AbstractIntegerDistributionTest, org.apache.commons.math3.distribution.AbstractRealDistributionTest, org.apache.commons.math3.distribution.BetaDistributionTest, org.apache.commons.math3.distribution.BinomialDistributionTest, org.apache.commons.math3.distribution.CauchyDistributionTest, org.apache.commons.math3.distribution.ChiSquaredDistributionTest, org.apache.commons.math3.distribution.ExponentialDistributionTest, org.apache.commons.math3.distribution.FDistributionTest, org.apache.commons.math3.distribution.GammaDistributionTest, org.apache.commons.math3.distribution.HypergeometricDistributionTest, org.apache.commons.math3.distribution.KolmogorovSmirnovDistributionTest, org.apache.commons.math3.distribution.LogNormalDistributionTest, org.apache.commons.math3.distribution.MultivariateNormalDistributionTest, org.apache.commons.math3.distribution.NormalDistributionTest, org.apache.commons.math3.distribution.PascalDistributionTest, org.apache.commons.math3.distribution.PoissonDistributionTest, org.apache.commons.math3.distribution.TDistributionTest, org.apache.commons.math3.distribution.TriangularDistributionTest, org.apache.commons.math3.distribution.UniformIntegerDistributionTest, org.apache.commons.math3.distribution.UniformRealDistributionTest, org.apache.commons.math3.distribution.WeibullDistributionTest, org.apache.commons.math3.distribution.ZipfDistributionTest, org.apache.commons.math3.exception.DimensionMismatchExceptionTest, org.apache.commons.math3.exception.MaxCountExceededExceptionTest, org.apache.commons.math3.exception.NonMonotonicSequenceExceptionTest, org.apache.commons.math3.exception.NotPositiveExceptionTest, org.apache.commons.math3.exception.NotStrictlyPositiveExceptionTest, org.apache.commons.math3.exception.NumberIsTooLargeExceptionTest, org.apache.commons.math3.exception.NumberIsTooSmallExceptionTest, org.apache.commons.math3.exception.OutOfRangeExceptionTest, org.apache.commons.math3.exception.TooManyEvaluationsExceptionTest, org.apache.commons.math3.exception.util.ArgUtilsTest, org.apache.commons.math3.exception.util.ExceptionContextTest, org.apache.commons.math3.exception.util.LocalizedFormatsTest, org.apache.commons.math3.filter.KalmanFilterTest, org.apache.commons.math3.fraction.BigFractionFieldTest, org.apache.commons.math3.fraction.BigFractionFormatTest, org.apache.commons.math3.fraction.BigFractionTest, org.apache.commons.math3.fraction.FractionFieldTest, org.apache.commons.math3.fraction.FractionFormatTest, org.apache.commons.math3.fraction.FractionTest, org.apache.commons.math3.genetics.BinaryChromosomeTest, org.apache.commons.math3.genetics.BinaryMutationTest, org.apache.commons.math3.genetics.ChromosomeTest, org.apache.commons.math3.genetics.CycleCrossoverTest, org.apache.commons.math3.genetics.ElitisticListPopulationTest, org.apache.commons.math3.genetics.FitnessCachingTest, org.apache.commons.math3.genetics.FixedElapsedTimeTest, org.apache.commons.math3.genetics.FixedGenerationCountTest, org.apache.commons.math3.genetics.GeneticAlgorithmTestBinary, org.apache.commons.math3.genetics.GeneticAlgorithmTestPermutations, org.apache.commons.math3.genetics.ListPopulationTest, org.apache.commons.math3.genetics.NPointCrossoverTest, org.apache.commons.math3.genetics.OnePointCrossoverTest, org.apache.commons.math3.genetics.OrderedCrossoverTest, org.apache.commons.math3.genetics.RandomKeyMutationTest, org.apache.commons.math3.genetics.RandomKeyTest, org.apache.commons.math3.genetics.TournamentSelectionTest, org.apache.commons.math3.genetics.UniformCrossoverTest, org.apache.commons.math3.geometry.euclidean.oned.IntervalsSetTest, org.apache.commons.math3.geometry.euclidean.threed.FrenchVector3DFormatTest, org.apache.commons.math3.geometry.euclidean.threed.LineTest, org.apache.commons.math3.geometry.euclidean.threed.PlaneTest, org.apache.commons.math3.geometry.euclidean.threed.PolyhedronsSetTest, org.apache.commons.math3.geometry.euclidean.threed.RotationOrderTest, org.apache.commons.math3.geometry.euclidean.threed.RotationTest, org.apache.commons.math3.geometry.euclidean.threed.SubLineTest, org.apache.commons.math3.geometry.euclidean.threed.Vector3DFormatTest, org.apache.commons.math3.geometry.euclidean.threed.Vector3DTest, org.apache.commons.math3.geometry.euclidean.twod.LineTest, org.apache.commons.math3.geometry.euclidean.twod.PolygonsSetTest, org.apache.commons.math3.geometry.euclidean.twod.SubLineTest, org.apache.commons.math3.geometry.partitioning.utilities.AVLTreeTest, org.apache.commons.math3.linear.Array2DRowRealMatrixTest, org.apache.commons.math3.linear.ArrayFieldVectorTest, org.apache.commons.math3.linear.ArrayRealVectorTest, org.apache.commons.math3.linear.BiDiagonalTransformerTest, org.apache.commons.math3.linear.BlockFieldMatrixTest, org.apache.commons.math3.linear.BlockRealMatrixTest, org.apache.commons.math3.linear.CholeskyDecompositionTest, org.apache.commons.math3.linear.CholeskySolverTest, org.apache.commons.math3.linear.ConjugateGradientTest, org.apache.commons.math3.linear.EigenDecompositionTest, org.apache.commons.math3.linear.EigenSolverTest, org.apache.commons.math3.linear.FieldLUDecompositionTest, org.apache.commons.math3.linear.FieldLUSolverTest, org.apache.commons.math3.linear.FieldMatrixImplTest, org.apache.commons.math3.linear.FrenchRealVectorFormatTest, org.apache.commons.math3.linear.HessenbergTransformerTest, org.apache.commons.math3.linear.LUDecompositionTest, org.apache.commons.math3.linear.LUSolverTest, org.apache.commons.math3.linear.MatrixDimensionMismatchExceptionTest, org.apache.commons.math3.linear.MatrixUtilsTest, org.apache.commons.math3.linear.OpenMapRealMatrixTest, org.apache.commons.math3.linear.QRDecompositionTest, org.apache.commons.math3.linear.QRSolverTest, org.apache.commons.math3.linear.RealMatrixFormatTest, org.apache.commons.math3.linear.RealVectorFormatTest, org.apache.commons.math3.linear.RealVectorTest, org.apache.commons.math3.linear.RectangularCholeskyDecompositionTest, org.apache.commons.math3.linear.SchurTransformerTest, org.apache.commons.math3.linear.SingularValueDecompositionTest, org.apache.commons.math3.linear.SingularValueSolverTest, org.apache.commons.math3.linear.SparseFieldMatrixTest, org.apache.commons.math3.linear.SparseFieldVectorTest, org.apache.commons.math3.linear.SparseRealMatrixTest, org.apache.commons.math3.linear.SparseRealVectorTest, org.apache.commons.math3.linear.SymmLQTest, org.apache.commons.math3.linear.TriDiagonalTransformerTest, org.apache.commons.math3.linear.UnmodifiableArrayRealVectorTest, org.apache.commons.math3.linear.UnmodifiableOpenMapRealVectorTest, org.apache.commons.math3.ode.ContinuousOutputModelTest, org.apache.commons.math3.ode.FirstOrderConverterTest, org.apache.commons.math3.ode.JacobianMatricesTest, org.apache.commons.math3.ode.events.EventStateTest, org.apache.commons.math3.ode.events.OverlappingEventsTest, org.apache.commons.math3.ode.events.ReappearingEventTest, org.apache.commons.math3.ode.nonstiff.AdamsBashforthIntegratorTest, org.apache.commons.math3.ode.nonstiff.AdamsMoultonIntegratorTest, org.apache.commons.math3.ode.nonstiff.ClassicalRungeKuttaIntegratorTest, org.apache.commons.math3.ode.nonstiff.ClassicalRungeKuttaStepInterpolatorTest, org.apache.commons.math3.ode.nonstiff.DormandPrince54IntegratorTest, org.apache.commons.math3.ode.nonstiff.DormandPrince54StepInterpolatorTest, org.apache.commons.math3.ode.nonstiff.DormandPrince853IntegratorTest, org.apache.commons.math3.ode.nonstiff.DormandPrince853StepInterpolatorTest, org.apache.commons.math3.ode.nonstiff.EulerIntegratorTest, org.apache.commons.math3.ode.nonstiff.EulerStepInterpolatorTest, org.apache.commons.math3.ode.nonstiff.GillIntegratorTest, org.apache.commons.math3.ode.nonstiff.GillStepInterpolatorTest, org.apache.commons.math3.ode.nonstiff.GraggBulirschStoerIntegratorTest, org.apache.commons.math3.ode.nonstiff.GraggBulirschStoerStepInterpolatorTest, org.apache.commons.math3.ode.nonstiff.HighamHall54IntegratorTest, org.apache.commons.math3.ode.nonstiff.HighamHall54StepInterpolatorTest, org.apache.commons.math3.ode.nonstiff.MidpointIntegratorTest, org.apache.commons.math3.ode.nonstiff.MidpointStepInterpolatorTest, org.apache.commons.math3.ode.nonstiff.ThreeEighthesIntegratorTest, org.apache.commons.math3.ode.nonstiff.ThreeEighthesStepInterpolatorTest, org.apache.commons.math3.ode.sampling.DummyStepInterpolatorTest, org.apache.commons.math3.ode.sampling.NordsieckStepInterpolatorTest, org.apache.commons.math3.ode.sampling.StepNormalizerOutputOverlapTest, org.apache.commons.math3.ode.sampling.StepNormalizerOutputTest, org.apache.commons.math3.ode.sampling.StepNormalizerTest, org.apache.commons.math3.optimization.MultivariateDifferentiableMultiStartOptimizerTest, org.apache.commons.math3.optimization.MultivariateDifferentiableVectorMultiStartOptimizerTest, org.apache.commons.math3.optimization.MultivariateMultiStartOptimizerTest, org.apache.commons.math3.optimization.PointValuePairTest, org.apache.commons.math3.optimization.PointVectorValuePairTest, org.apache.commons.math3.optimization.direct.BOBYQAOptimizerTest, org.apache.commons.math3.optimization.direct.CMAESOptimizerTest, org.apache.commons.math3.optimization.direct.MultivariateFunctionMappingAdapterTest, org.apache.commons.math3.optimization.direct.MultivariateFunctionPenaltyAdapterTest, org.apache.commons.math3.optimization.direct.PowellOptimizerTest, org.apache.commons.math3.optimization.direct.SimplexOptimizerMultiDirectionalTest, org.apache.commons.math3.optimization.direct.SimplexOptimizerNelderMeadTest, org.apache.commons.math3.optimization.fitting.CurveFitterTest, org.apache.commons.math3.optimization.fitting.GaussianFitterTest, org.apache.commons.math3.optimization.fitting.HarmonicFitterTest, org.apache.commons.math3.optimization.fitting.PolynomialFitterTest, org.apache.commons.math3.optimization.general.AbstractLeastSquaresOptimizerTest, org.apache.commons.math3.optimization.general.AbstractLeastSquaresOptimizerTestValidation, org.apache.commons.math3.optimization.general.GaussNewtonOptimizerTest, org.apache.commons.math3.optimization.general.LevenbergMarquardtOptimizerTest, org.apache.commons.math3.optimization.general.MinpackTest, org.apache.commons.math3.optimization.general.NonLinearConjugateGradientOptimizerTest, org.apache.commons.math3.optimization.linear.SimplexSolverTest, org.apache.commons.math3.optimization.linear.SimplexTableauTest, org.apache.commons.math3.optimization.univariate.BracketFinderTest, org.apache.commons.math3.optimization.univariate.BrentOptimizerTest, org.apache.commons.math3.optimization.univariate.UnivariateMultiStartOptimizerTest, org.apache.commons.math3.random.AbstractRandomGeneratorTest, org.apache.commons.math3.random.BitsStreamGeneratorTest, org.apache.commons.math3.random.CorrelatedRandomVectorGeneratorTest, org.apache.commons.math3.random.EmpiricalDistributionTest, org.apache.commons.math3.random.GaussianRandomGeneratorTest, org.apache.commons.math3.random.ISAACTest, org.apache.commons.math3.random.MersenneTwisterTest, org.apache.commons.math3.random.RandomAdaptorTest, org.apache.commons.math3.random.RandomDataTest, org.apache.commons.math3.random.RandomGeneratorAbstractTest, org.apache.commons.math3.random.StableRandomGeneratorTest, org.apache.commons.math3.random.UncorrelatedRandomVectorGeneratorTest, org.apache.commons.math3.random.UniformRandomGeneratorTest, org.apache.commons.math3.random.ValueServerTest, org.apache.commons.math3.random.Well1024aTest, org.apache.commons.math3.random.Well19937aTest, org.apache.commons.math3.random.Well19937cTest, org.apache.commons.math3.random.Well44497aTest, org.apache.commons.math3.random.Well44497bTest, org.apache.commons.math3.random.Well512aTest, org.apache.commons.math3.special.BetaTest, org.apache.commons.math3.special.ErfTest, org.apache.commons.math3.special.GammaTest, org.apache.commons.math3.stat.CertifiedDataTest, org.apache.commons.math3.stat.FrequencyTest, org.apache.commons.math3.stat.StatUtilsTest, org.apache.commons.math3.stat.clustering.EuclideanIntegerPointTest, org.apache.commons.math3.stat.clustering.KMeansPlusPlusClustererTest, org.apache.commons.math3.stat.correlation.CovarianceTest, org.apache.commons.math3.stat.correlation.PearsonsCorrelationTest, org.apache.commons.math3.stat.correlation.SpearmansRankCorrelationTest, org.apache.commons.math3.stat.correlation.StorelessCovarianceTest, org.apache.commons.math3.stat.data.LewTest, org.apache.commons.math3.stat.data.LotteryTest, org.apache.commons.math3.stat.descriptive.AbstractUnivariateStatisticTest, org.apache.commons.math3.stat.descriptive.AggregateSummaryStatisticsTest, org.apache.commons.math3.stat.descriptive.DescriptiveStatisticsTest, org.apache.commons.math3.stat.descriptive.ListUnivariateImplTest, org.apache.commons.math3.stat.descriptive.MixedListUnivariateImplTest, org.apache.commons.math3.stat.descriptive.MultivariateSummaryStatisticsTest, org.apache.commons.math3.stat.descriptive.StatisticalSummaryValuesTest, org.apache.commons.math3.stat.descriptive.SummaryStatisticsTest, org.apache.commons.math3.stat.descriptive.SynchronizedDescriptiveStatisticsTest, org.apache.commons.math3.stat.descriptive.SynchronizedMultivariateSummaryStatisticsTest, org.apache.commons.math3.stat.descriptive.SynchronizedSummaryStatisticsTest, org.apache.commons.math3.stat.descriptive.moment.FirstMomentTest, org.apache.commons.math3.stat.descriptive.moment.FourthMomentTest, org.apache.commons.math3.stat.descriptive.moment.GeometricMeanTest, org.apache.commons.math3.stat.descriptive.moment.InteractionTest, org.apache.commons.math3.stat.descriptive.moment.KurtosisTest, org.apache.commons.math3.stat.descriptive.moment.MeanTest, org.apache.commons.math3.stat.descriptive.moment.SecondMomentTest, org.apache.commons.math3.stat.descriptive.moment.SemiVarianceTest, org.apache.commons.math3.stat.descriptive.moment.SkewnessTest, org.apache.commons.math3.stat.descriptive.moment.StandardDeviationTest, org.apache.commons.math3.stat.descriptive.moment.ThirdMomentTest, org.apache.commons.math3.stat.descriptive.moment.VarianceTest, org.apache.commons.math3.stat.descriptive.moment.VectorialCovarianceTest, org.apache.commons.math3.stat.descriptive.moment.VectorialMeanTest, org.apache.commons.math3.stat.descriptive.rank.MaxTest, org.apache.commons.math3.stat.descriptive.rank.MedianTest, org.apache.commons.math3.stat.descriptive.rank.MinTest, org.apache.commons.math3.stat.descriptive.rank.PercentileTest, org.apache.commons.math3.stat.descriptive.summary.ProductTest, org.apache.commons.math3.stat.descriptive.summary.SumLogTest, org.apache.commons.math3.stat.descriptive.summary.SumSqTest, org.apache.commons.math3.stat.descriptive.summary.SumTest, org.apache.commons.math3.stat.inference.ChiSquareTestTest, org.apache.commons.math3.stat.inference.MannWhitneyUTestTest, org.apache.commons.math3.stat.inference.OneWayAnovaTest, org.apache.commons.math3.stat.inference.TTestTest, org.apache.commons.math3.stat.inference.TestUtilsTest, org.apache.commons.math3.stat.inference.WilcoxonSignedRankTestTest, org.apache.commons.math3.stat.ranking.NaturalRankingTest, org.apache.commons.math3.stat.regression.GLSMultipleLinearRegressionTest, org.apache.commons.math3.stat.regression.MillerUpdatingRegressionTest, org.apache.commons.math3.stat.regression.OLSMultipleLinearRegressionTest, org.apache.commons.math3.stat.regression.SimpleRegressionTest, org.apache.commons.math3.transform.FastCosineTransformerTest, org.apache.commons.math3.transform.FastFourierTransformerTest, org.apache.commons.math3.transform.FastHadamardTransformerTest, org.apache.commons.math3.transform.FastSineTransformerTest, org.apache.commons.math3.util.ArithmeticUtilsTest, org.apache.commons.math3.util.BigRealFieldTest, org.apache.commons.math3.util.BigRealTest, org.apache.commons.math3.util.ContinuedFractionTest, org.apache.commons.math3.util.Decimal64Test, org.apache.commons.math3.util.DefaultTransformerTest, org.apache.commons.math3.util.FastMathStrictComparisonTest, org.apache.commons.math3.util.FastMathTest, org.apache.commons.math3.util.FastMathTestPerformance, org.apache.commons.math3.util.IncrementorTest, org.apache.commons.math3.util.MathArraysTest, org.apache.commons.math3.util.MathUtilsTest, org.apache.commons.math3.util.MultidimensionalCounterTest, org.apache.commons.math3.util.OpenIntToDoubleHashMapTest, org.apache.commons.math3.util.OpenIntToFieldTest, org.apache.commons.math3.util.PairTest, org.apache.commons.math3.util.PrecisionTest, org.apache.commons.math3.util.ResizableDoubleArrayTest, org.apache.commons.math3.util.TransformerMapTest]
15:10:34.890 [main] INFO  fr.inria.lille.repair.nopol.NoPol - Config: Config{synthesisDepth=3, collectStaticMethods=true, collectStaticFields=false, collectLiterals=false, onlyOneSynthesisResult=true, sortExpressions=true, maxLineInvocationPerTest=250, timeoutMethodInvocation=2000, dataCollectionTimeoutInSecondForSynthesis=900, addWeight=0.19478, subWeight=0.04554, mulWeight=0.0102, divWeight=0.00613, andWeight=0.10597, orWeight=0.05708, eqWeight=0.22798, nEqWeight=0.0, lessEqWeight=0.0255, lessWeight=0.0947, methodCallWeight=0.1, fieldAccessWeight=0.08099, constantWeight=0.14232, variableWeight=0.05195, mode=REPAIR, type=PRE_THEN_COND, synthesis=DYNAMOTH, oracle=ANGELIC, solver=Z3, solverPath='/home/tdurieux/defects4j4repair/script/../libs/z3/build/z3', projectSources=[src/main/java], projectClasspath='[Ljava.net.URL;@2ff4f00f', projectTests=[org.apache.commons.math3.RetryRunnerTest, org.apache.commons.math3.analysis.FunctionUtilsTest, org.apache.commons.math3.analysis.differentiation.DSCompilerTest, org.apache.commons.math3.analysis.differentiation.DerivativeStructureTest, org.apache.commons.math3.analysis.differentiation.FiniteDifferencesDifferentiatorTest, org.apache.commons.math3.analysis.differentiation.GradientFunctionTest, org.apache.commons.math3.analysis.differentiation.JacobianFunctionTest, org.apache.commons.math3.analysis.function.GaussianTest, org.apache.commons.math3.analysis.function.HarmonicOscillatorTest, org.apache.commons.math3.analysis.function.LogisticTest, org.apache.commons.math3.analysis.function.LogitTest, org.apache.commons.math3.analysis.function.SigmoidTest, org.apache.commons.math3.analysis.function.SincTest, org.apache.commons.math3.analysis.function.SqrtTest, org.apache.commons.math3.analysis.function.StepFunctionTest, org.apache.commons.math3.analysis.integration.IterativeLegendreGaussIntegratorTest, org.apache.commons.math3.analysis.integration.LegendreGaussIntegratorTest, org.apache.commons.math3.analysis.integration.RombergIntegratorTest, org.apache.commons.math3.analysis.integration.SimpsonIntegratorTest, org.apache.commons.math3.analysis.integration.TrapezoidIntegratorTest, org.apache.commons.math3.analysis.integration.gauss.BaseRuleFactoryTest, org.apache.commons.math3.analysis.integration.gauss.LegendreHighPrecisionParametricTest, org.apache.commons.math3.analysis.integration.gauss.LegendreHighPrecisionTest, org.apache.commons.math3.analysis.integration.gauss.LegendreParametricTest, org.apache.commons.math3.analysis.integration.gauss.LegendreTest, org.apache.commons.math3.analysis.interpolation.BicubicSplineInterpolatingFunctionTest, org.apache.commons.math3.analysis.interpolation.BicubicSplineInterpolatorTest, org.apache.commons.math3.analysis.interpolation.DividedDifferenceInterpolatorTest, org.apache.commons.math3.analysis.interpolation.HermiteInterpolatorTest, org.apache.commons.math3.analysis.interpolation.LinearInterpolatorTest, org.apache.commons.math3.analysis.interpolation.LoessInterpolatorTest, org.apache.commons.math3.analysis.interpolation.MicrosphereInterpolatorTest, org.apache.commons.math3.analysis.interpolation.NevilleInterpolatorTest, org.apache.commons.math3.analysis.interpolation.SmoothingPolynomialBicubicSplineInterpolatorTest, org.apache.commons.math3.analysis.interpolation.SplineInterpolatorTest, org.apache.commons.math3.analysis.interpolation.TricubicSplineInterpolatingFunctionTest, org.apache.commons.math3.analysis.interpolation.TricubicSplineInterpolatorTest, org.apache.commons.math3.analysis.interpolation.UnivariatePeriodicInterpolatorTest, org.apache.commons.math3.analysis.polynomials.PolynomialFunctionLagrangeFormTest, org.apache.commons.math3.analysis.polynomials.PolynomialFunctionNewtonFormTest, org.apache.commons.math3.analysis.polynomials.PolynomialFunctionTest, org.apache.commons.math3.analysis.polynomials.PolynomialSplineFunctionTest, org.apache.commons.math3.analysis.polynomials.PolynomialsUtilsTest, org.apache.commons.math3.analysis.solvers.BisectionSolverTest, org.apache.commons.math3.analysis.solvers.BracketingNthOrderBrentSolverTest, org.apache.commons.math3.analysis.solvers.BrentSolverTest, org.apache.commons.math3.analysis.solvers.IllinoisSolverTest, org.apache.commons.math3.analysis.solvers.LaguerreSolverTest, org.apache.commons.math3.analysis.solvers.MullerSolver2Test, org.apache.commons.math3.analysis.solvers.MullerSolverTest, org.apache.commons.math3.analysis.solvers.NewtonRaphsonSolverTest, org.apache.commons.math3.analysis.solvers.NewtonSolverTest, org.apache.commons.math3.analysis.solvers.PegasusSolverTest, org.apache.commons.math3.analysis.solvers.RegulaFalsiSolverTest, org.apache.commons.math3.analysis.solvers.RiddersSolverTest, org.apache.commons.math3.analysis.solvers.SecantSolverTest, org.apache.commons.math3.analysis.solvers.UnivariateSolverUtilsTest, org.apache.commons.math3.complex.ComplexFieldTest, org.apache.commons.math3.complex.ComplexFormatTest, org.apache.commons.math3.complex.ComplexTest, org.apache.commons.math3.complex.ComplexUtilsTest, org.apache.commons.math3.complex.FrenchComplexFormatTest, org.apache.commons.math3.complex.QuaternionTest, org.apache.commons.math3.complex.RootsOfUnityTest, org.apache.commons.math3.dfp.BracketingNthOrderBrentSolverDFPTest, org.apache.commons.math3.dfp.DfpDecTest, org.apache.commons.math3.dfp.DfpMathTest, org.apache.commons.math3.dfp.DfpTest, org.apache.commons.math3.distribution.AbstractIntegerDistributionTest, org.apache.commons.math3.distribution.AbstractRealDistributionTest, org.apache.commons.math3.distribution.BetaDistributionTest, org.apache.commons.math3.distribution.BinomialDistributionTest, org.apache.commons.math3.distribution.CauchyDistributionTest, org.apache.commons.math3.distribution.ChiSquaredDistributionTest, org.apache.commons.math3.distribution.ExponentialDistributionTest, org.apache.commons.math3.distribution.FDistributionTest, org.apache.commons.math3.distribution.GammaDistributionTest, org.apache.commons.math3.distribution.HypergeometricDistributionTest, org.apache.commons.math3.distribution.KolmogorovSmirnovDistributionTest, org.apache.commons.math3.distribution.LogNormalDistributionTest, org.apache.commons.math3.distribution.MultivariateNormalDistributionTest, org.apache.commons.math3.distribution.NormalDistributionTest, org.apache.commons.math3.distribution.PascalDistributionTest, org.apache.commons.math3.distribution.PoissonDistributionTest, org.apache.commons.math3.distribution.TDistributionTest, org.apache.commons.math3.distribution.TriangularDistributionTest, org.apache.commons.math3.distribution.UniformIntegerDistributionTest, org.apache.commons.math3.distribution.UniformRealDistributionTest, org.apache.commons.math3.distribution.WeibullDistributionTest, org.apache.commons.math3.distribution.ZipfDistributionTest, org.apache.commons.math3.exception.DimensionMismatchExceptionTest, org.apache.commons.math3.exception.MaxCountExceededExceptionTest, org.apache.commons.math3.exception.NonMonotonicSequenceExceptionTest, org.apache.commons.math3.exception.NotPositiveExceptionTest, org.apache.commons.math3.exception.NotStrictlyPositiveExceptionTest, org.apache.commons.math3.exception.NumberIsTooLargeExceptionTest, org.apache.commons.math3.exception.NumberIsTooSmallExceptionTest, org.apache.commons.math3.exception.OutOfRangeExceptionTest, org.apache.commons.math3.exception.TooManyEvaluationsExceptionTest, org.apache.commons.math3.exception.util.ArgUtilsTest, org.apache.commons.math3.exception.util.ExceptionContextTest, org.apache.commons.math3.exception.util.LocalizedFormatsTest, org.apache.commons.math3.filter.KalmanFilterTest, org.apache.commons.math3.fraction.BigFractionFieldTest, org.apache.commons.math3.fraction.BigFractionFormatTest, org.apache.commons.math3.fraction.BigFractionTest, org.apache.commons.math3.fraction.FractionFieldTest, org.apache.commons.math3.fraction.FractionFormatTest, org.apache.commons.math3.fraction.FractionTest, org.apache.commons.math3.genetics.BinaryChromosomeTest, org.apache.commons.math3.genetics.BinaryMutationTest, org.apache.commons.math3.genetics.ChromosomeTest, org.apache.commons.math3.genetics.CycleCrossoverTest, org.apache.commons.math3.genetics.ElitisticListPopulationTest, org.apache.commons.math3.genetics.FitnessCachingTest, org.apache.commons.math3.genetics.FixedElapsedTimeTest, org.apache.commons.math3.genetics.FixedGenerationCountTest, org.apache.commons.math3.genetics.GeneticAlgorithmTestBinary, org.apache.commons.math3.genetics.GeneticAlgorithmTestPermutations, org.apache.commons.math3.genetics.ListPopulationTest, org.apache.commons.math3.genetics.NPointCrossoverTest, org.apache.commons.math3.genetics.OnePointCrossoverTest, org.apache.commons.math3.genetics.OrderedCrossoverTest, org.apache.commons.math3.genetics.RandomKeyMutationTest, org.apache.commons.math3.genetics.RandomKeyTest, org.apache.commons.math3.genetics.TournamentSelectionTest, org.apache.commons.math3.genetics.UniformCrossoverTest, org.apache.commons.math3.geometry.euclidean.oned.IntervalsSetTest, org.apache.commons.math3.geometry.euclidean.threed.FrenchVector3DFormatTest, org.apache.commons.math3.geometry.euclidean.threed.LineTest, org.apache.commons.math3.geometry.euclidean.threed.PlaneTest, org.apache.commons.math3.geometry.euclidean.threed.PolyhedronsSetTest, org.apache.commons.math3.geometry.euclidean.threed.RotationOrderTest, org.apache.commons.math3.geometry.euclidean.threed.RotationTest, org.apache.commons.math3.geometry.euclidean.threed.SubLineTest, org.apache.commons.math3.geometry.euclidean.threed.Vector3DFormatTest, org.apache.commons.math3.geometry.euclidean.threed.Vector3DTest, org.apache.commons.math3.geometry.euclidean.twod.LineTest, org.apache.commons.math3.geometry.euclidean.twod.PolygonsSetTest, org.apache.commons.math3.geometry.euclidean.twod.SubLineTest, org.apache.commons.math3.geometry.partitioning.utilities.AVLTreeTest, org.apache.commons.math3.linear.Array2DRowRealMatrixTest, org.apache.commons.math3.linear.ArrayFieldVectorTest, org.apache.commons.math3.linear.ArrayRealVectorTest, org.apache.commons.math3.linear.BiDiagonalTransformerTest, org.apache.commons.math3.linear.BlockFieldMatrixTest, org.apache.commons.math3.linear.BlockRealMatrixTest, org.apache.commons.math3.linear.CholeskyDecompositionTest, org.apache.commons.math3.linear.CholeskySolverTest, org.apache.commons.math3.linear.ConjugateGradientTest, org.apache.commons.math3.linear.EigenDecompositionTest, org.apache.commons.math3.linear.EigenSolverTest, org.apache.commons.math3.linear.FieldLUDecompositionTest, org.apache.commons.math3.linear.FieldLUSolverTest, org.apache.commons.math3.linear.FieldMatrixImplTest, org.apache.commons.math3.linear.FrenchRealVectorFormatTest, org.apache.commons.math3.linear.HessenbergTransformerTest, org.apache.commons.math3.linear.LUDecompositionTest, org.apache.commons.math3.linear.LUSolverTest, org.apache.commons.math3.linear.MatrixDimensionMismatchExceptionTest, org.apache.commons.math3.linear.MatrixUtilsTest, org.apache.commons.math3.linear.OpenMapRealMatrixTest, org.apache.commons.math3.linear.QRDecompositionTest, org.apache.commons.math3.linear.QRSolverTest, org.apache.commons.math3.linear.RealMatrixFormatTest, org.apache.commons.math3.linear.RealVectorFormatTest, org.apache.commons.math3.linear.RealVectorTest, org.apache.commons.math3.linear.RectangularCholeskyDecompositionTest, org.apache.commons.math3.linear.SchurTransformerTest, org.apache.commons.math3.linear.SingularValueDecompositionTest, org.apache.commons.math3.linear.SingularValueSolverTest, org.apache.commons.math3.linear.SparseFieldMatrixTest, org.apache.commons.math3.linear.SparseFieldVectorTest, org.apache.commons.math3.linear.SparseRealMatrixTest, org.apache.commons.math3.linear.SparseRealVectorTest, org.apache.commons.math3.linear.SymmLQTest, org.apache.commons.math3.linear.TriDiagonalTransformerTest, org.apache.commons.math3.linear.UnmodifiableArrayRealVectorTest, org.apache.commons.math3.linear.UnmodifiableOpenMapRealVectorTest, org.apache.commons.math3.ode.ContinuousOutputModelTest, org.apache.commons.math3.ode.FirstOrderConverterTest, org.apache.commons.math3.ode.JacobianMatricesTest, org.apache.commons.math3.ode.events.EventStateTest, org.apache.commons.math3.ode.events.OverlappingEventsTest, org.apache.commons.math3.ode.events.ReappearingEventTest, org.apache.commons.math3.ode.nonstiff.AdamsBashforthIntegratorTest, org.apache.commons.math3.ode.nonstiff.AdamsMoultonIntegratorTest, org.apache.commons.math3.ode.nonstiff.ClassicalRungeKuttaIntegratorTest, org.apache.commons.math3.ode.nonstiff.ClassicalRungeKuttaStepInterpolatorTest, org.apache.commons.math3.ode.nonstiff.DormandPrince54IntegratorTest, org.apache.commons.math3.ode.nonstiff.DormandPrince54StepInterpolatorTest, org.apache.commons.math3.ode.nonstiff.DormandPrince853IntegratorTest, org.apache.commons.math3.ode.nonstiff.DormandPrince853StepInterpolatorTest, org.apache.commons.math3.ode.nonstiff.EulerIntegratorTest, org.apache.commons.math3.ode.nonstiff.EulerStepInterpolatorTest, org.apache.commons.math3.ode.nonstiff.GillIntegratorTest, org.apache.commons.math3.ode.nonstiff.GillStepInterpolatorTest, org.apache.commons.math3.ode.nonstiff.GraggBulirschStoerIntegratorTest, org.apache.commons.math3.ode.nonstiff.GraggBulirschStoerStepInterpolatorTest, org.apache.commons.math3.ode.nonstiff.HighamHall54IntegratorTest, org.apache.commons.math3.ode.nonstiff.HighamHall54StepInterpolatorTest, org.apache.commons.math3.ode.nonstiff.MidpointIntegratorTest, org.apache.commons.math3.ode.nonstiff.MidpointStepInterpolatorTest, org.apache.commons.math3.ode.nonstiff.ThreeEighthesIntegratorTest, org.apache.commons.math3.ode.nonstiff.ThreeEighthesStepInterpolatorTest, org.apache.commons.math3.ode.sampling.DummyStepInterpolatorTest, org.apache.commons.math3.ode.sampling.NordsieckStepInterpolatorTest, org.apache.commons.math3.ode.sampling.StepNormalizerOutputOverlapTest, org.apache.commons.math3.ode.sampling.StepNormalizerOutputTest, org.apache.commons.math3.ode.sampling.StepNormalizerTest, org.apache.commons.math3.optimization.MultivariateDifferentiableMultiStartOptimizerTest, org.apache.commons.math3.optimization.MultivariateDifferentiableVectorMultiStartOptimizerTest, org.apache.commons.math3.optimization.MultivariateMultiStartOptimizerTest, org.apache.commons.math3.optimization.PointValuePairTest, org.apache.commons.math3.optimization.PointVectorValuePairTest, org.apache.commons.math3.optimization.direct.BOBYQAOptimizerTest, org.apache.commons.math3.optimization.direct.CMAESOptimizerTest, org.apache.commons.math3.optimization.direct.MultivariateFunctionMappingAdapterTest, org.apache.commons.math3.optimization.direct.MultivariateFunctionPenaltyAdapterTest, org.apache.commons.math3.optimization.direct.PowellOptimizerTest, org.apache.commons.math3.optimization.direct.SimplexOptimizerMultiDirectionalTest, org.apache.commons.math3.optimization.direct.SimplexOptimizerNelderMeadTest, org.apache.commons.math3.optimization.fitting.CurveFitterTest, org.apache.commons.math3.optimization.fitting.GaussianFitterTest, org.apache.commons.math3.optimization.fitting.HarmonicFitterTest, org.apache.commons.math3.optimization.fitting.PolynomialFitterTest, org.apache.commons.math3.optimization.general.AbstractLeastSquaresOptimizerTest, org.apache.commons.math3.optimization.general.AbstractLeastSquaresOptimizerTestValidation, org.apache.commons.math3.optimization.general.GaussNewtonOptimizerTest, org.apache.commons.math3.optimization.general.LevenbergMarquardtOptimizerTest, org.apache.commons.math3.optimization.general.MinpackTest, org.apache.commons.math3.optimization.general.NonLinearConjugateGradientOptimizerTest, org.apache.commons.math3.optimization.linear.SimplexSolverTest, org.apache.commons.math3.optimization.linear.SimplexTableauTest, org.apache.commons.math3.optimization.univariate.BracketFinderTest, org.apache.commons.math3.optimization.univariate.BrentOptimizerTest, org.apache.commons.math3.optimization.univariate.UnivariateMultiStartOptimizerTest, org.apache.commons.math3.random.AbstractRandomGeneratorTest, org.apache.commons.math3.random.BitsStreamGeneratorTest, org.apache.commons.math3.random.CorrelatedRandomVectorGeneratorTest, org.apache.commons.math3.random.EmpiricalDistributionTest, org.apache.commons.math3.random.GaussianRandomGeneratorTest, org.apache.commons.math3.random.ISAACTest, org.apache.commons.math3.random.MersenneTwisterTest, org.apache.commons.math3.random.RandomAdaptorTest, org.apache.commons.math3.random.RandomDataTest, org.apache.commons.math3.random.RandomGeneratorAbstractTest, org.apache.commons.math3.random.StableRandomGeneratorTest, org.apache.commons.math3.random.UncorrelatedRandomVectorGeneratorTest, org.apache.commons.math3.random.UniformRandomGeneratorTest, org.apache.commons.math3.random.ValueServerTest, org.apache.commons.math3.random.Well1024aTest, org.apache.commons.math3.random.Well19937aTest, org.apache.commons.math3.random.Well19937cTest, org.apache.commons.math3.random.Well44497aTest, org.apache.commons.math3.random.Well44497bTest, org.apache.commons.math3.random.Well512aTest, org.apache.commons.math3.special.BetaTest, org.apache.commons.math3.special.ErfTest, org.apache.commons.math3.special.GammaTest, org.apache.commons.math3.stat.CertifiedDataTest, org.apache.commons.math3.stat.FrequencyTest, org.apache.commons.math3.stat.StatUtilsTest, org.apache.commons.math3.stat.clustering.EuclideanIntegerPointTest, org.apache.commons.math3.stat.clustering.KMeansPlusPlusClustererTest, org.apache.commons.math3.stat.correlation.CovarianceTest, org.apache.commons.math3.stat.correlation.PearsonsCorrelationTest, org.apache.commons.math3.stat.correlation.SpearmansRankCorrelationTest, org.apache.commons.math3.stat.correlation.StorelessCovarianceTest, org.apache.commons.math3.stat.data.LewTest, org.apache.commons.math3.stat.data.LotteryTest, org.apache.commons.math3.stat.descriptive.AbstractUnivariateStatisticTest, org.apache.commons.math3.stat.descriptive.AggregateSummaryStatisticsTest, org.apache.commons.math3.stat.descriptive.DescriptiveStatisticsTest, org.apache.commons.math3.stat.descriptive.ListUnivariateImplTest, org.apache.commons.math3.stat.descriptive.MixedListUnivariateImplTest, org.apache.commons.math3.stat.descriptive.MultivariateSummaryStatisticsTest, org.apache.commons.math3.stat.descriptive.StatisticalSummaryValuesTest, org.apache.commons.math3.stat.descriptive.SummaryStatisticsTest, org.apache.commons.math3.stat.descriptive.SynchronizedDescriptiveStatisticsTest, org.apache.commons.math3.stat.descriptive.SynchronizedMultivariateSummaryStatisticsTest, org.apache.commons.math3.stat.descriptive.SynchronizedSummaryStatisticsTest, org.apache.commons.math3.stat.descriptive.moment.FirstMomentTest, org.apache.commons.math3.stat.descriptive.moment.FourthMomentTest, org.apache.commons.math3.stat.descriptive.moment.GeometricMeanTest, org.apache.commons.math3.stat.descriptive.moment.InteractionTest, org.apache.commons.math3.stat.descriptive.moment.KurtosisTest, org.apache.commons.math3.stat.descriptive.moment.MeanTest, org.apache.commons.math3.stat.descriptive.moment.SecondMomentTest, org.apache.commons.math3.stat.descriptive.moment.SemiVarianceTest, org.apache.commons.math3.stat.descriptive.moment.SkewnessTest, org.apache.commons.math3.stat.descriptive.moment.StandardDeviationTest, org.apache.commons.math3.stat.descriptive.moment.ThirdMomentTest, org.apache.commons.math3.stat.descriptive.moment.VarianceTest, org.apache.commons.math3.stat.descriptive.moment.VectorialCovarianceTest, org.apache.commons.math3.stat.descriptive.moment.VectorialMeanTest, org.apache.commons.math3.stat.descriptive.rank.MaxTest, org.apache.commons.math3.stat.descriptive.rank.MedianTest, org.apache.commons.math3.stat.descriptive.rank.MinTest, org.apache.commons.math3.stat.descriptive.rank.PercentileTest, org.apache.commons.math3.stat.descriptive.summary.ProductTest, org.apache.commons.math3.stat.descriptive.summary.SumLogTest, org.apache.commons.math3.stat.descriptive.summary.SumSqTest, org.apache.commons.math3.stat.descriptive.summary.SumTest, org.apache.commons.math3.stat.inference.ChiSquareTestTest, org.apache.commons.math3.stat.inference.MannWhitneyUTestTest, org.apache.commons.math3.stat.inference.OneWayAnovaTest, org.apache.commons.math3.stat.inference.TTestTest, org.apache.commons.math3.stat.inference.TestUtilsTest, org.apache.commons.math3.stat.inference.WilcoxonSignedRankTestTest, org.apache.commons.math3.stat.ranking.NaturalRankingTest, org.apache.commons.math3.stat.regression.GLSMultipleLinearRegressionTest, org.apache.commons.math3.stat.regression.MillerUpdatingRegressionTest, org.apache.commons.math3.stat.regression.OLSMultipleLinearRegressionTest, org.apache.commons.math3.stat.regression.SimpleRegressionTest, org.apache.commons.math3.transform.FastCosineTransformerTest, org.apache.commons.math3.transform.FastFourierTransformerTest, org.apache.commons.math3.transform.FastHadamardTransformerTest, org.apache.commons.math3.transform.FastSineTransformerTest, org.apache.commons.math3.util.ArithmeticUtilsTest, org.apache.commons.math3.util.BigRealFieldTest, org.apache.commons.math3.util.BigRealTest, org.apache.commons.math3.util.ContinuedFractionTest, org.apache.commons.math3.util.Decimal64Test, org.apache.commons.math3.util.DefaultTransformerTest, org.apache.commons.math3.util.FastMathStrictComparisonTest, org.apache.commons.math3.util.FastMathTest, org.apache.commons.math3.util.FastMathTestPerformance, org.apache.commons.math3.util.IncrementorTest, org.apache.commons.math3.util.MathArraysTest, org.apache.commons.math3.util.MathUtilsTest, org.apache.commons.math3.util.MultidimensionalCounterTest, org.apache.commons.math3.util.OpenIntToDoubleHashMapTest, org.apache.commons.math3.util.OpenIntToFieldTest, org.apache.commons.math3.util.PairTest, org.apache.commons.math3.util.PrecisionTest, org.apache.commons.math3.util.ResizableDoubleArrayTest, org.apache.commons.math3.util.TransformerMapTest], complianceLevel=7, outputFolder=., json=true}
15:10:34.891 [main] INFO  fr.inria.lille.repair.nopol.NoPol - Available processors (cores): 24
15:10:34.897 [main] INFO  fr.inria.lille.repair.nopol.NoPol - Free memory: 409 MB
15:10:34.897 [main] INFO  fr.inria.lille.repair.nopol.NoPol - Maximum memory: 3 GB
15:10:34.897 [main] INFO  fr.inria.lille.repair.nopol.NoPol - Total memory available to JVM: 483 MB
15:10:34.898 [main] INFO  fr.inria.lille.repair.nopol.NoPol - Java version: 1.8.0_181
15:10:34.899 [main] INFO  fr.inria.lille.repair.nopol.NoPol - JAVA_HOME: /usr/lib/jvm/java-1.8.0-openjdk-amd64/bin/
15:10:34.899 [main] INFO  fr.inria.lille.repair.nopol.NoPol - PATH: /usr/lib/jvm/java-1.8.0-openjdk-amd64/bin/:/usr/lib/oar/oardodo:/usr/lib/oar/oardodo:/usr/local/bin:/usr/bin:/bin:/usr/games
15:19:24.242 [pool-2-thread-1] DEBUG fr.inria.lille.repair.nopol.NoPol - statement #1
15:19:24.243 [pool-2-thread-1] DEBUG fr.inria.lille.repair.nopol.NoPol - Analysing SourceLocation org.apache.commons.math3.exception.util.ExceptionContext:137 which is executed by 4 tests
-310961535
15:19:24.598 [pool-2-thread-1] DEBUG fr.inria.lille.repair.nopol.NoPol - statement #2
15:19:24.598 [pool-2-thread-1] DEBUG fr.inria.lille.repair.nopol.NoPol - Analysing SourceLocation org.apache.commons.math3.exception.MathIllegalStateException:86 which is executed by 4 tests
-614386291
15:19:24.722 [pool-2-thread-1] DEBUG fr.inria.lille.repair.nopol.NoPol - statement #3
15:19:24.723 [pool-2-thread-1] DEBUG fr.inria.lille.repair.nopol.NoPol - Analysing SourceLocation org.apache.commons.math3.exception.MathIllegalStateException:80 which is executed by 2 tests
-614386291
15:19:24.825 [pool-2-thread-1] DEBUG fr.inria.lille.repair.nopol.NoPol - statement #4
15:19:24.826 [pool-2-thread-1] DEBUG fr.inria.lille.repair.nopol.NoPol - Analysing SourceLocation org.apache.commons.math3.linear.SchurTransformer:210 which is executed by 2 tests
-8945339
15:19:24.968 [pool-2-thread-1] DEBUG fr.inria.lille.repair.nopol.NoPol - statement #5
15:19:24.968 [pool-2-thread-1] DEBUG fr.inria.lille.repair.nopol.NoPol - Analysing SourceLocation org.apache.commons.math3.linear.SchurTransformer:209 which is executed by 2 tests
-8945339
15:19:25.125 [pool-2-thread-1] DEBUG fr.inria.lille.repair.nopol.NoPol - looking with class fr.inria.lille.repair.nopol.spoon.smt.ConditionalAdder
java.lang.AssertionError: Failed to create EigenDecomposition for matrix Array2DRowRealMatrix{{0.184944928,-0.0646971046,0.0774755812,-0.0969651755,-0.0692648806,0.3282344352,-0.0177423074,0.206313634},{-0.0742700134,-0.028906303,-0.001726946,-0.0375550146,-0.0487737922,-0.2616837868,-0.0821201295,-0.2530000167},{0.2549910127,0.0995733692,-0.0009718388,0.0149282808,0.1791878897,-0.0823182816,0.0582629256,0.3219545182},{-0.0694747557,-0.1880649148,-0.2740630911,0.0720096468,-0.1800836914,-0.3518996425,0.2486747833,0.6257938167},{0.0536360918,-0.1339297778,0.2241579764,-0.0195327484,-0.0054103808,0.0347564518,0.5120802482,-0.0329902864},{-0.5933332356,-0.2488721082,0.2357173629,0.0177285473,0.0856630593,-0.35671263,-0.1600668126,-0.1010899621},{-0.0514349819,-0.0854319435,0.1125050061,0.006345356,-0.2250000688,-0.220934309,0.1964623477,-0.1512329924},{0.0197395947,-0.1997170581,-0.1425959019,-0.274947791,-0.0969467073,0.060368852,-0.2826905192,0.1794315473}}, ex=org.apache.commons.math3.exception.MaxCountExceededException: illegal state: convergence failed
    at org.junit.Assert.fail(Assert.java:88)
    at org.apache.commons.math3.linear.EigenDecompositionTest.checkUnsymmetricMatrix(EigenDecompositionTest.java:449)
    at org.apache.commons.math3.linear.EigenDecompositionTest.testMath848(EigenDecompositionTest.java:423)
    at sun.reflect.NativeMethodAccessorImpl.invoke0(Native Method)
    at sun.reflect.NativeMethodAccessorImpl.invoke(NativeMethodAccessorImpl.java:62)
    at sun.reflect.DelegatingMethodAccessorImpl.invoke(DelegatingMethodAccessorImpl.java:43)
org.apache.commons.math3.exception.MaxCountExceededException: illegal state: convergence failed
    at org.apache.commons.math3.linear.SchurTransformer.transform(SchurTransformer.java:210)
    at org.apache.commons.math3.linear.SchurTransformer.<init>(SchurTransformer.java:83)
    at org.apache.commons.math3.linear.SchurTransformerTest.checkAEqualPTPt(SchurTransformerTest.java:154)
    at org.apache.commons.math3.linear.SchurTransformerTest.testMath848(SchurTransformerTest.java:145)
    at sun.reflect.NativeMethodAccessorImpl.invoke0(Native Method)
    at sun.reflect.NativeMethodAccessorImpl.invoke(NativeMethodAccessorImpl.java:62)
15:19:25.627 [pool-4-thread-1] INFO  xxl.java.junit.TestCasesListener - Tests run finished (471 ms)
<> Total tests run: 31
<> Ignored tests: 2
<> Failed tests: 2
~ testMath848(org.apache.commons.math3.linear.EigenDecompositionTest)
[Failed to create EigenDecomposition for matrix Array2DRowRealMatrix{{0.184944928,-0.0646971046,0.0774755812,-0.0969651755,-0.0692648806,0.3282344352,-0.0177423074,0.206313634},{-0.0742700134,-0.028906303,-0.001726946,-0.0375550146,-0.0487737922,-0.2616837868,-0.0821201295,-0.2530000167},{0.2549910127,0.0995733692,-0.0009718388,0.0149282808,0.1791878897,-0.0823182816,0.0582629256,0.3219545182},{-0.0694747557,-0.1880649148,-0.2740630911,0.0720096468,-0.1800836914,-0.3518996425,0.2486747833,0.6257938167},{0.0536360918,-0.1339297778,0.2241579764,-0.0195327484,-0.0054103808,0.0347564518,0.5120802482,-0.0329902864},{-0.5933332356,-0.2488721082,0.2357173629,0.0177285473,0.0856630593,-0.35671263,-0.1600668126,-0.1010899621},{-0.0514349819,-0.0854319435,0.1125050061,0.006345356,-0.2250000688,-0.220934309,0.1964623477,-0.1512329924},{0.0197395947,-0.1997170581,-0.1425959019,-0.274947791,-0.0969467073,0.060368852,-0.2826905192,0.1794315473}}, ex=org.apache.commons.math3.exception.MaxCountExceededException: illegal state: convergence failed]
java.lang.AssertionError: Failed to create EigenDecomposition for matrix Array2DRowRealMatrix{{0.184944928,-0.0646971046,0.0774755812,-0.0969651755,-0.0692648806,0.3282344352,-0.0177423074,0.206313634},{-0.0742700134,-0.028906303,-0.001726946,-0.0375550146,-0.0487737922,-0.2616837868,-0.0821201295,-0.2530000167},{0.2549910127,0.0995733692,-0.0009718388,0.0149282808,0.1791878897,-0.0823182816,0.0582629256,0.3219545182},{-0.0694747557,-0.1880649148,-0.2740630911,0.0720096468,-0.1800836914,-0.3518996425,0.2486747833,0.6257938167},{0.0536360918,-0.1339297778,0.2241579764,-0.0195327484,-0.0054103808,0.0347564518,0.5120802482,-0.0329902864},{-0.5933332356,-0.2488721082,0.2357173629,0.0177285473,0.0856630593,-0.35671263,-0.1600668126,-0.1010899621},{-0.0514349819,-0.0854319435,0.1125050061,0.006345356,-0.2250000688,-0.220934309,0.1964623477,-0.1512329924},{0.0197395947,-0.1997170581,-0.1425959019,-0.274947791,-0.0969467073,0.060368852,-0.2826905192,0.1794315473}}, ex=org.apache.commons.math3.exception.MaxCountExceededException: illegal state: convergence failed    at org.junit.Assert.fail(Assert.java:88)
    at org.apache.commons.math3.linear.EigenDecompositionTest.checkUnsymmetricMatrix(EigenDecompositionTest.java:449)
    at org.apache.commons.math3.linear.EigenDecompositionTest.testMath848(EigenDecompositionTest.java:423)
    at sun.reflect.NativeMethodAccessorImpl.invoke0(Native Method)
    at sun.reflect.NativeMethodAccessorImpl.invoke(NativeMethodAccessorImpl.java:62)
    at sun.reflect.DelegatingMethodAccessorImpl.invoke(DelegatingMethodAccessorImpl.java:43)
~ testMath848(org.apache.commons.math3.linear.SchurTransformerTest)
[illegal state: convergence failed]
org.apache.commons.math3.exception.MaxCountExceededException: illegal state: convergence failed    at org.apache.commons.math3.linear.SchurTransformer.transform(SchurTransformer.java:210)
    at org.apache.commons.math3.linear.SchurTransformer.<init>(SchurTransformer.java:83)
    at org.apache.commons.math3.linear.SchurTransformerTest.checkAEqualPTPt(SchurTransformerTest.java:154)
    at org.apache.commons.math3.linear.SchurTransformerTest.testMath848(SchurTransformerTest.java:145)
    at sun.reflect.NativeMethodAccessorImpl.invoke0(Native Method)
    at sun.reflect.NativeMethodAccessorImpl.invoke(NativeMethodAccessorImpl.java:62)

15:26:09.664 [pool-3-thread-1] DEBUG xxl.java.junit.TestSuiteExecution - Timeout after 200 seconds. Infinite loop?
15:26:09.664 [pool-2-thread-1] ERROR fr.inria.lille.repair.nopol.NoPol - Error ExecutionException java.util.concurrent.ExecutionException: java.lang.RuntimeException: java.util.concurrent.TimeoutException
15:26:09.665 [pool-2-thread-1] DEBUG fr.inria.lille.repair.nopol.NoPol - statement #6
15:26:09.665 [pool-2-thread-1] DEBUG fr.inria.lille.repair.nopol.NoPol - Analysing SourceLocation org.apache.commons.math3.exception.util.ExceptionContext:182 which is executed by 5 tests
-310961535
15:26:09.789 [pool-2-thread-1] DEBUG fr.inria.lille.repair.nopol.NoPol - looking with class fr.inria.lille.repair.nopol.spoon.smt.ConditionalAdder
java.lang.AssertionError: Failed to create EigenDecomposition for matrix Array2DRowRealMatrix{{0.184944928,-0.0646971046,0.0774755812,-0.0969651755,-0.0692648806,0.3282344352,-0.0177423074,0.206313634},{-0.0742700134,-0.028906303,-0.001726946,-0.0375550146,-0.0487737922,-0.2616837868,-0.0821201295,-0.2530000167},{0.2549910127,0.0995733692,-0.0009718388,0.0149282808,0.1791878897,-0.0823182816,0.0582629256,0.3219545182},{-0.0694747557,-0.1880649148,-0.2740630911,0.0720096468,-0.1800836914,-0.3518996425,0.2486747833,0.6257938167},{0.0536360918,-0.1339297778,0.2241579764,-0.0195327484,-0.0054103808,0.0347564518,0.5120802482,-0.0329902864},{-0.5933332356,-0.2488721082,0.2357173629,0.0177285473,0.0856630593,-0.35671263,-0.1600668126,-0.1010899621},{-0.0514349819,-0.0854319435,0.1125050061,0.006345356,-0.2250000688,-0.220934309,0.1964623477,-0.1512329924},{0.0197395947,-0.1997170581,-0.1425959019,-0.274947791,-0.0969467073,0.060368852,-0.2826905192,0.1794315473}}, ex=org.apache.commons.math3.exception.MaxCountExceededException: illegal state: convergence failed
    at org.junit.Assert.fail(Assert.java:88)
    at org.apache.commons.math3.linear.EigenDecompositionTest.checkUnsymmetricMatrix(EigenDecompositionTest.java:449)
    at org.apache.commons.math3.linear.EigenDecompositionTest.testMath848(EigenDecompositionTest.java:423)
    at sun.reflect.NativeMethodAccessorImpl.invoke0(Native Method)
    at sun.reflect.NativeMethodAccessorImpl.invoke(NativeMethodAccessorImpl.java:62)
    at sun.reflect.DelegatingMethodAccessorImpl.invoke(DelegatingMethodAccessorImpl.java:43)
org.apache.commons.math3.exception.MaxCountExceededException: illegal state: convergence failed
    at org.apache.commons.math3.linear.SchurTransformer.transform(SchurTransformer.java:210)
    at org.apache.commons.math3.linear.SchurTransformer.<init>(SchurTransformer.java:83)
    at org.apache.commons.math3.linear.SchurTransformerTest.checkAEqualPTPt(SchurTransformerTest.java:154)
    at org.apache.commons.math3.linear.SchurTransformerTest.testMath848(SchurTransformerTest.java:145)
    at sun.reflect.NativeMethodAccessorImpl.invoke0(Native Method)
    at sun.reflect.NativeMethodAccessorImpl.invoke(NativeMethodAccessorImpl.java:62)
java.lang.AssertionError: expected:<0.0> but was:<1.047765607609108E-8>
    at org.junit.Assert.fail(Assert.java:88)
    at org.junit.Assert.failNotEquals(Assert.java:743)
    at org.junit.Assert.assertEquals(Assert.java:494)
    at org.apache.commons.math3.optimization.direct.BOBYQAOptimizerTest.doTest(BOBYQAOptimizerTest.java:326)
    at org.apache.commons.math3.optimization.direct.BOBYQAOptimizerTest.doTest(BOBYQAOptimizerTest.java:276)
    at org.apache.commons.math3.optimization.direct.BOBYQAOptimizerTest.testAckley(BOBYQAOptimizerTest.java:205)
org.apache.commons.math3.exception.TooManyEvaluationsException: illegal state: maximal count (12,000) exceeded: evaluations
    at org.apache.commons.math3.optimization.direct.BaseAbstractMultivariateOptimizer.computeObjectiveValue(BaseAbstractMultivariateOptimizer.java:97)
    at org.apache.commons.math3.optimization.direct.BOBYQAOptimizer.bobyqb(BOBYQAOptimizer.java:828)
    at org.apache.commons.math3.optimization.direct.BOBYQAOptimizer.bobyqa(BOBYQAOptimizer.java:334)
    at org.apache.commons.math3.optimization.direct.BOBYQAOptimizer.doOptimize(BOBYQAOptimizer.java:246)
    at org.apache.commons.math3.optimization.direct.BaseAbstractMultivariateOptimizer.optimizeInternal(BaseAbstractMultivariateOptimizer.java:148)
    at org.apache.commons.math3.optimization.direct.BaseAbstractMultivariateOptimizer.optimize(BaseAbstractMultivariateOptimizer.java:105)
15:28:26.792 [pool-8-thread-1] INFO  xxl.java.junit.TestCasesListener - Tests run finished (136988 ms)
<> Total tests run: 50
<> Ignored tests: 2
<> Failed tests: 4
~ testMath848(org.apache.commons.math3.linear.EigenDecompositionTest)
[Failed to create EigenDecomposition for matrix Array2DRowRealMatrix{{0.184944928,-0.0646971046,0.0774755812,-0.0969651755,-0.0692648806,0.3282344352,-0.0177423074,0.206313634},{-0.0742700134,-0.028906303,-0.001726946,-0.0375550146,-0.0487737922,-0.2616837868,-0.0821201295,-0.2530000167},{0.2549910127,0.0995733692,-0.0009718388,0.0149282808,0.1791878897,-0.0823182816,0.0582629256,0.3219545182},{-0.0694747557,-0.1880649148,-0.2740630911,0.0720096468,-0.1800836914,-0.3518996425,0.2486747833,0.6257938167},{0.0536360918,-0.1339297778,0.2241579764,-0.0195327484,-0.0054103808,0.0347564518,0.5120802482,-0.0329902864},{-0.5933332356,-0.2488721082,0.2357173629,0.0177285473,0.0856630593,-0.35671263,-0.1600668126,-0.1010899621},{-0.0514349819,-0.0854319435,0.1125050061,0.006345356,-0.2250000688,-0.220934309,0.1964623477,-0.1512329924},{0.0197395947,-0.1997170581,-0.1425959019,-0.274947791,-0.0969467073,0.060368852,-0.2826905192,0.1794315473}}, ex=org.apache.commons.math3.exception.MaxCountExceededException: illegal state: convergence failed]
java.lang.AssertionError: Failed to create EigenDecomposition for matrix Array2DRowRealMatrix{{0.184944928,-0.0646971046,0.0774755812,-0.0969651755,-0.0692648806,0.3282344352,-0.0177423074,0.206313634},{-0.0742700134,-0.028906303,-0.001726946,-0.0375550146,-0.0487737922,-0.2616837868,-0.0821201295,-0.2530000167},{0.2549910127,0.0995733692,-0.0009718388,0.0149282808,0.1791878897,-0.0823182816,0.0582629256,0.3219545182},{-0.0694747557,-0.1880649148,-0.2740630911,0.0720096468,-0.1800836914,-0.3518996425,0.2486747833,0.6257938167},{0.0536360918,-0.1339297778,0.2241579764,-0.0195327484,-0.0054103808,0.0347564518,0.5120802482,-0.0329902864},{-0.5933332356,-0.2488721082,0.2357173629,0.0177285473,0.0856630593,-0.35671263,-0.1600668126,-0.1010899621},{-0.0514349819,-0.0854319435,0.1125050061,0.006345356,-0.2250000688,-0.220934309,0.1964623477,-0.1512329924},{0.0197395947,-0.1997170581,-0.1425959019,-0.274947791,-0.0969467073,0.060368852,-0.2826905192,0.1794315473}}, ex=org.apache.commons.math3.exception.MaxCountExceededException: illegal state: convergence failed    at org.junit.Assert.fail(Assert.java:88)
    at org.apache.commons.math3.linear.EigenDecompositionTest.checkUnsymmetricMatrix(EigenDecompositionTest.java:449)
    at org.apache.commons.math3.linear.EigenDecompositionTest.testMath848(EigenDecompositionTest.java:423)
    at sun.reflect.NativeMethodAccessorImpl.invoke0(Native Method)
    at sun.reflect.NativeMethodAccessorImpl.invoke(NativeMethodAccessorImpl.java:62)
    at sun.reflect.DelegatingMethodAccessorImpl.invoke(DelegatingMethodAccessorImpl.java:43)
~ testMath848(org.apache.commons.math3.linear.SchurTransformerTest)
[illegal state: convergence failed]
org.apache.commons.math3.exception.MaxCountExceededException: illegal state: convergence failed    at org.apache.commons.math3.linear.SchurTransformer.transform(SchurTransformer.java:210)
    at org.apache.commons.math3.linear.SchurTransformer.<init>(SchurTransformer.java:83)
    at org.apache.commons.math3.linear.SchurTransformerTest.checkAEqualPTPt(SchurTransformerTest.java:154)
    at org.apache.commons.math3.linear.SchurTransformerTest.testMath848(SchurTransformerTest.java:145)
    at sun.reflect.NativeMethodAccessorImpl.invoke0(Native Method)
    at sun.reflect.NativeMethodAccessorImpl.invoke(NativeMethodAccessorImpl.java:62)
~ testAckley(org.apache.commons.math3.optimization.direct.BOBYQAOptimizerTest)
[expected:<0.0> but was:<1.047765607609108E-8>]
java.lang.AssertionError: expected:<0.0> but was:<1.047765607609108E-8>    at org.junit.Assert.fail(Assert.java:88)
    at org.junit.Assert.failNotEquals(Assert.java:743)
    at org.junit.Assert.assertEquals(Assert.java:494)
    at org.apache.commons.math3.optimization.direct.BOBYQAOptimizerTest.doTest(BOBYQAOptimizerTest.java:326)
    at org.apache.commons.math3.optimization.direct.BOBYQAOptimizerTest.doTest(BOBYQAOptimizerTest.java:276)
    at org.apache.commons.math3.optimization.direct.BOBYQAOptimizerTest.testAckley(BOBYQAOptimizerTest.java:205)
~ testDiffPow(org.apache.commons.math3.optimization.direct.BOBYQAOptimizerTest)
[illegal state: maximal count (12,000) exceeded: evaluations]
org.apache.commons.math3.exception.TooManyEvaluationsException: illegal state: maximal count (12,000) exceeded: evaluations    at org.apache.commons.math3.optimization.direct.BaseAbstractMultivariateOptimizer.computeObjectiveValue(BaseAbstractMultivariateOptimizer.java:97)
    at org.apache.commons.math3.optimization.direct.BOBYQAOptimizer.bobyqb(BOBYQAOptimizer.java:828)
    at org.apache.commons.math3.optimization.direct.BOBYQAOptimizer.bobyqa(BOBYQAOptimizer.java:334)
    at org.apache.commons.math3.optimization.direct.BOBYQAOptimizer.doOptimize(BOBYQAOptimizer.java:246)
    at org.apache.commons.math3.optimization.direct.BaseAbstractMultivariateOptimizer.optimizeInternal(BaseAbstractMultivariateOptimizer.java:148)
    at org.apache.commons.math3.optimization.direct.BaseAbstractMultivariateOptimizer.optimize(BaseAbstractMultivariateOptimizer.java:105)

15:28:30.437 [pool-2-thread-1] DEBUG fr.inria.lille.repair.nopol.NoPol - statement #7
15:28:30.437 [pool-2-thread-1] DEBUG fr.inria.lille.repair.nopol.NoPol - Analysing SourceLocation org.apache.commons.math3.linear.SchurTransformer:324 which is executed by 3 tests
-8945339
15:28:30.571 [pool-2-thread-1] DEBUG fr.inria.lille.repair.nopol.NoPol - looking with class fr.inria.lille.repair.nopol.spoon.smt.ConditionalAdder
java.lang.AssertionError: Failed to create EigenDecomposition for matrix Array2DRowRealMatrix{{0.184944928,-0.0646971046,0.0774755812,-0.0969651755,-0.0692648806,0.3282344352,-0.0177423074,0.206313634},{-0.0742700134,-0.028906303,-0.001726946,-0.0375550146,-0.0487737922,-0.2616837868,-0.0821201295,-0.2530000167},{0.2549910127,0.0995733692,-0.0009718388,0.0149282808,0.1791878897,-0.0823182816,0.0582629256,0.3219545182},{-0.0694747557,-0.1880649148,-0.2740630911,0.0720096468,-0.1800836914,-0.3518996425,0.2486747833,0.6257938167},{0.0536360918,-0.1339297778,0.2241579764,-0.0195327484,-0.0054103808,0.0347564518,0.5120802482,-0.0329902864},{-0.5933332356,-0.2488721082,0.2357173629,0.0177285473,0.0856630593,-0.35671263,-0.1600668126,-0.1010899621},{-0.0514349819,-0.0854319435,0.1125050061,0.006345356,-0.2250000688,-0.220934309,0.1964623477,-0.1512329924},{0.0197395947,-0.1997170581,-0.1425959019,-0.274947791,-0.0969467073,0.060368852,-0.2826905192,0.1794315473}}, ex=org.apache.commons.math3.exception.MaxCountExceededException: illegal state: convergence failed
    at org.junit.Assert.fail(Assert.java:88)
    at org.apache.commons.math3.linear.EigenDecompositionTest.checkUnsymmetricMatrix(EigenDecompositionTest.java:449)
    at org.apache.commons.math3.linear.EigenDecompositionTest.testMath848(EigenDecompositionTest.java:423)
    at sun.reflect.NativeMethodAccessorImpl.invoke0(Native Method)
    at sun.reflect.NativeMethodAccessorImpl.invoke(NativeMethodAccessorImpl.java:62)
    at sun.reflect.DelegatingMethodAccessorImpl.invoke(DelegatingMethodAccessorImpl.java:43)
org.apache.commons.math3.exception.MaxCountExceededException: illegal state: convergence failed
    at org.apache.commons.math3.linear.SchurTransformer.transform(SchurTransformer.java:210)
    at org.apache.commons.math3.linear.SchurTransformer.<init>(SchurTransformer.java:83)
    at org.apache.commons.math3.linear.SchurTransformerTest.checkAEqualPTPt(SchurTransformerTest.java:154)
    at org.apache.commons.math3.linear.SchurTransformerTest.testMath848(SchurTransformerTest.java:145)
    at sun.reflect.NativeMethodAccessorImpl.invoke0(Native Method)
    at sun.reflect.NativeMethodAccessorImpl.invoke(NativeMethodAccessorImpl.java:62)
15:28:31.131 [pool-18-thread-1] INFO  xxl.java.junit.TestCasesListener - Tests run finished (553 ms)
<> Total tests run: 31
<> Ignored tests: 2
<> Failed tests: 2
~ testMath848(org.apache.commons.math3.linear.EigenDecompositionTest)
[Failed to create EigenDecomposition for matrix Array2DRowRealMatrix{{0.184944928,-0.0646971046,0.0774755812,-0.0969651755,-0.0692648806,0.3282344352,-0.0177423074,0.206313634},{-0.0742700134,-0.028906303,-0.001726946,-0.0375550146,-0.0487737922,-0.2616837868,-0.0821201295,-0.2530000167},{0.2549910127,0.0995733692,-0.0009718388,0.0149282808,0.1791878897,-0.0823182816,0.0582629256,0.3219545182},{-0.0694747557,-0.1880649148,-0.2740630911,0.0720096468,-0.1800836914,-0.3518996425,0.2486747833,0.6257938167},{0.0536360918,-0.1339297778,0.2241579764,-0.0195327484,-0.0054103808,0.0347564518,0.5120802482,-0.0329902864},{-0.5933332356,-0.2488721082,0.2357173629,0.0177285473,0.0856630593,-0.35671263,-0.1600668126,-0.1010899621},{-0.0514349819,-0.0854319435,0.1125050061,0.006345356,-0.2250000688,-0.220934309,0.1964623477,-0.1512329924},{0.0197395947,-0.1997170581,-0.1425959019,-0.274947791,-0.0969467073,0.060368852,-0.2826905192,0.1794315473}}, ex=org.apache.commons.math3.exception.MaxCountExceededException: illegal state: convergence failed]
java.lang.AssertionError: Failed to create EigenDecomposition for matrix Array2DRowRealMatrix{{0.184944928,-0.0646971046,0.0774755812,-0.0969651755,-0.0692648806,0.3282344352,-0.0177423074,0.206313634},{-0.0742700134,-0.028906303,-0.001726946,-0.0375550146,-0.0487737922,-0.2616837868,-0.0821201295,-0.2530000167},{0.2549910127,0.0995733692,-0.0009718388,0.0149282808,0.1791878897,-0.0823182816,0.0582629256,0.3219545182},{-0.0694747557,-0.1880649148,-0.2740630911,0.0720096468,-0.1800836914,-0.3518996425,0.2486747833,0.6257938167},{0.0536360918,-0.1339297778,0.2241579764,-0.0195327484,-0.0054103808,0.0347564518,0.5120802482,-0.0329902864},{-0.5933332356,-0.2488721082,0.2357173629,0.0177285473,0.0856630593,-0.35671263,-0.1600668126,-0.1010899621},{-0.0514349819,-0.0854319435,0.1125050061,0.006345356,-0.2250000688,-0.220934309,0.1964623477,-0.1512329924},{0.0197395947,-0.1997170581,-0.1425959019,-0.274947791,-0.0969467073,0.060368852,-0.2826905192,0.1794315473}}, ex=org.apache.commons.math3.exception.MaxCountExceededException: illegal state: convergence failed    at org.junit.Assert.fail(Assert.java:88)
    at org.apache.commons.math3.linear.EigenDecompositionTest.checkUnsymmetricMatrix(EigenDecompositionTest.java:449)
    at org.apache.commons.math3.linear.EigenDecompositionTest.testMath848(EigenDecompositionTest.java:423)
    at sun.reflect.NativeMethodAccessorImpl.invoke0(Native Method)
    at sun.reflect.NativeMethodAccessorImpl.invoke(NativeMethodAccessorImpl.java:62)
    at sun.reflect.DelegatingMethodAccessorImpl.invoke(DelegatingMethodAccessorImpl.java:43)
~ testMath848(org.apache.commons.math3.linear.SchurTransformerTest)
[illegal state: convergence failed]
org.apache.commons.math3.exception.MaxCountExceededException: illegal state: convergence failed    at org.apache.commons.math3.linear.SchurTransformer.transform(SchurTransformer.java:210)
    at org.apache.commons.math3.linear.SchurTransformer.<init>(SchurTransformer.java:83)
    at org.apache.commons.math3.linear.SchurTransformerTest.checkAEqualPTPt(SchurTransformerTest.java:154)
    at org.apache.commons.math3.linear.SchurTransformerTest.testMath848(SchurTransformerTest.java:145)
    at sun.reflect.NativeMethodAccessorImpl.invoke0(Native Method)
    at sun.reflect.NativeMethodAccessorImpl.invoke(NativeMethodAccessorImpl.java:62)

15:28:31.475 [pool-2-thread-1] DEBUG fr.inria.lille.repair.nopol.NoPol - looking with class fr.inria.lille.repair.nopol.spoon.smt.ConditionalReplacer
java.lang.AssertionError: Failed to create EigenDecomposition for matrix Array2DRowRealMatrix{{0.184944928,-0.0646971046,0.0774755812,-0.0969651755,-0.0692648806,0.3282344352,-0.0177423074,0.206313634},{-0.0742700134,-0.028906303,-0.001726946,-0.0375550146,-0.0487737922,-0.2616837868,-0.0821201295,-0.2530000167},{0.2549910127,0.0995733692,-0.0009718388,0.0149282808,0.1791878897,-0.0823182816,0.0582629256,0.3219545182},{-0.0694747557,-0.1880649148,-0.2740630911,0.0720096468,-0.1800836914,-0.3518996425,0.2486747833,0.6257938167},{0.0536360918,-0.1339297778,0.2241579764,-0.0195327484,-0.0054103808,0.0347564518,0.5120802482,-0.0329902864},{-0.5933332356,-0.2488721082,0.2357173629,0.0177285473,0.0856630593,-0.35671263,-0.1600668126,-0.1010899621},{-0.0514349819,-0.0854319435,0.1125050061,0.006345356,-0.2250000688,-0.220934309,0.1964623477,-0.1512329924},{0.0197395947,-0.1997170581,-0.1425959019,-0.274947791,-0.0969467073,0.060368852,-0.2826905192,0.1794315473}}, ex=org.apache.commons.math3.exception.MaxCountExceededException: illegal state: convergence failed
    at org.junit.Assert.fail(Assert.java:88)
    at org.apache.commons.math3.linear.EigenDecompositionTest.checkUnsymmetricMatrix(EigenDecompositionTest.java:449)
    at org.apache.commons.math3.linear.EigenDecompositionTest.testMath848(EigenDecompositionTest.java:423)
    at sun.reflect.NativeMethodAccessorImpl.invoke0(Native Method)
    at sun.reflect.NativeMethodAccessorImpl.invoke(NativeMethodAccessorImpl.java:62)
    at sun.reflect.DelegatingMethodAccessorImpl.invoke(DelegatingMethodAccessorImpl.java:43)
org.apache.commons.math3.exception.MaxCountExceededException: illegal state: convergence failed
    at org.apache.commons.math3.linear.SchurTransformer.transform(SchurTransformer.java:210)
    at org.apache.commons.math3.linear.SchurTransformer.<init>(SchurTransformer.java:83)
    at org.apache.commons.math3.linear.SchurTransformerTest.checkAEqualPTPt(SchurTransformerTest.java:154)
    at org.apache.commons.math3.linear.SchurTransformerTest.testMath848(SchurTransformerTest.java:145)
    at sun.reflect.NativeMethodAccessorImpl.invoke0(Native Method)
    at sun.reflect.NativeMethodAccessorImpl.invoke(NativeMethodAccessorImpl.java:62)
15:28:31.894 [pool-24-thread-1] INFO  xxl.java.junit.TestCasesListener - Tests run finished (411 ms)
<> Total tests run: 31
<> Ignored tests: 2
<> Failed tests: 2
~ testMath848(org.apache.commons.math3.linear.EigenDecompositionTest)
[Failed to create EigenDecomposition for matrix Array2DRowRealMatrix{{0.184944928,-0.0646971046,0.0774755812,-0.0969651755,-0.0692648806,0.3282344352,-0.0177423074,0.206313634},{-0.0742700134,-0.028906303,-0.001726946,-0.0375550146,-0.0487737922,-0.2616837868,-0.0821201295,-0.2530000167},{0.2549910127,0.0995733692,-0.0009718388,0.0149282808,0.1791878897,-0.0823182816,0.0582629256,0.3219545182},{-0.0694747557,-0.1880649148,-0.2740630911,0.0720096468,-0.1800836914,-0.3518996425,0.2486747833,0.6257938167},{0.0536360918,-0.1339297778,0.2241579764,-0.0195327484,-0.0054103808,0.0347564518,0.5120802482,-0.0329902864},{-0.5933332356,-0.2488721082,0.2357173629,0.0177285473,0.0856630593,-0.35671263,-0.1600668126,-0.1010899621},{-0.0514349819,-0.0854319435,0.1125050061,0.006345356,-0.2250000688,-0.220934309,0.1964623477,-0.1512329924},{0.0197395947,-0.1997170581,-0.1425959019,-0.274947791,-0.0969467073,0.060368852,-0.2826905192,0.1794315473}}, ex=org.apache.commons.math3.exception.MaxCountExceededException: illegal state: convergence failed]
java.lang.AssertionError: Failed to create EigenDecomposition for matrix Array2DRowRealMatrix{{0.184944928,-0.0646971046,0.0774755812,-0.0969651755,-0.0692648806,0.3282344352,-0.0177423074,0.206313634},{-0.0742700134,-0.028906303,-0.001726946,-0.0375550146,-0.0487737922,-0.2616837868,-0.0821201295,-0.2530000167},{0.2549910127,0.0995733692,-0.0009718388,0.0149282808,0.1791878897,-0.0823182816,0.0582629256,0.3219545182},{-0.0694747557,-0.1880649148,-0.2740630911,0.0720096468,-0.1800836914,-0.3518996425,0.2486747833,0.6257938167},{0.0536360918,-0.1339297778,0.2241579764,-0.0195327484,-0.0054103808,0.0347564518,0.5120802482,-0.0329902864},{-0.5933332356,-0.2488721082,0.2357173629,0.0177285473,0.0856630593,-0.35671263,-0.1600668126,-0.1010899621},{-0.0514349819,-0.0854319435,0.1125050061,0.006345356,-0.2250000688,-0.220934309,0.1964623477,-0.1512329924},{0.0197395947,-0.1997170581,-0.1425959019,-0.274947791,-0.0969467073,0.060368852,-0.2826905192,0.1794315473}}, ex=org.apache.commons.math3.exception.MaxCountExceededException: illegal state: convergence failed    at org.junit.Assert.fail(Assert.java:88)
    at org.apache.commons.math3.linear.EigenDecompositionTest.checkUnsymmetricMatrix(EigenDecompositionTest.java:449)
    at org.apache.commons.math3.linear.EigenDecompositionTest.testMath848(EigenDecompositionTest.java:423)
    at sun.reflect.NativeMethodAccessorImpl.invoke0(Native Method)
    at sun.reflect.NativeMethodAccessorImpl.invoke(NativeMethodAccessorImpl.java:62)
    at sun.reflect.DelegatingMethodAccessorImpl.invoke(DelegatingMethodAccessorImpl.java:43)
~ testMath848(org.apache.commons.math3.linear.SchurTransformerTest)
[illegal state: convergence failed]
org.apache.commons.math3.exception.MaxCountExceededException: illegal state: convergence failed    at org.apache.commons.math3.linear.SchurTransformer.transform(SchurTransformer.java:210)
    at org.apache.commons.math3.linear.SchurTransformer.<init>(SchurTransformer.java:83)
    at org.apache.commons.math3.linear.SchurTransformerTest.checkAEqualPTPt(SchurTransformerTest.java:154)
    at org.apache.commons.math3.linear.SchurTransformerTest.testMath848(SchurTransformerTest.java:145)
    at sun.reflect.NativeMethodAccessorImpl.invoke0(Native Method)
    at sun.reflect.NativeMethodAccessorImpl.invoke(NativeMethodAccessorImpl.java:62)

15:28:32.167 [pool-2-thread-1] DEBUG fr.inria.lille.repair.nopol.NoPol - statement #8
15:28:32.167 [pool-2-thread-1] DEBUG fr.inria.lille.repair.nopol.NoPol - Analysing SourceLocation org.apache.commons.math3.linear.SchurTransformer:323 which is executed by 3 tests
-8945339
15:28:32.268 [pool-2-thread-1] DEBUG fr.inria.lille.repair.nopol.NoPol - looking with class fr.inria.lille.repair.nopol.spoon.smt.ConditionalAdder
java.lang.AssertionError: Failed to create EigenDecomposition for matrix Array2DRowRealMatrix{{0.184944928,-0.0646971046,0.0774755812,-0.0969651755,-0.0692648806,0.3282344352,-0.0177423074,0.206313634},{-0.0742700134,-0.028906303,-0.001726946,-0.0375550146,-0.0487737922,-0.2616837868,-0.0821201295,-0.2530000167},{0.2549910127,0.0995733692,-0.0009718388,0.0149282808,0.1791878897,-0.0823182816,0.0582629256,0.3219545182},{-0.0694747557,-0.1880649148,-0.2740630911,0.0720096468,-0.1800836914,-0.3518996425,0.2486747833,0.6257938167},{0.0536360918,-0.1339297778,0.2241579764,-0.0195327484,-0.0054103808,0.0347564518,0.5120802482,-0.0329902864},{-0.5933332356,-0.2488721082,0.2357173629,0.0177285473,0.0856630593,-0.35671263,-0.1600668126,-0.1010899621},{-0.0514349819,-0.0854319435,0.1125050061,0.006345356,-0.2250000688,-0.220934309,0.1964623477,-0.1512329924},{0.0197395947,-0.1997170581,-0.1425959019,-0.274947791,-0.0969467073,0.060368852,-0.2826905192,0.1794315473}}, ex=org.apache.commons.math3.exception.MaxCountExceededException: illegal state: convergence failed
    at org.junit.Assert.fail(Assert.java:88)
    at org.apache.commons.math3.linear.EigenDecompositionTest.checkUnsymmetricMatrix(EigenDecompositionTest.java:449)
    at org.apache.commons.math3.linear.EigenDecompositionTest.testMath848(EigenDecompositionTest.java:423)
    at sun.reflect.NativeMethodAccessorImpl.invoke0(Native Method)
    at sun.reflect.NativeMethodAccessorImpl.invoke(NativeMethodAccessorImpl.java:62)
    at sun.reflect.DelegatingMethodAccessorImpl.invoke(DelegatingMethodAccessorImpl.java:43)
org.apache.commons.math3.exception.MaxCountExceededException: illegal state: convergence failed
    at org.apache.commons.math3.linear.SchurTransformer.transform(SchurTransformer.java:210)
    at org.apache.commons.math3.linear.SchurTransformer.<init>(SchurTransformer.java:83)
    at org.apache.commons.math3.linear.SchurTransformerTest.checkAEqualPTPt(SchurTransformerTest.java:154)
    at org.apache.commons.math3.linear.SchurTransformerTest.testMath848(SchurTransformerTest.java:145)
    at sun.reflect.NativeMethodAccessorImpl.invoke0(Native Method)
    at sun.reflect.NativeMethodAccessorImpl.invoke(NativeMethodAccessorImpl.java:62)
15:28:32.698 [pool-30-thread-1] INFO  xxl.java.junit.TestCasesListener - Tests run finished (421 ms)
<> Total tests run: 31
<> Ignored tests: 2
<> Failed tests: 2
~ testMath848(org.apache.commons.math3.linear.EigenDecompositionTest)
[Failed to create EigenDecomposition for matrix Array2DRowRealMatrix{{0.184944928,-0.0646971046,0.0774755812,-0.0969651755,-0.0692648806,0.3282344352,-0.0177423074,0.206313634},{-0.0742700134,-0.028906303,-0.001726946,-0.0375550146,-0.0487737922,-0.2616837868,-0.0821201295,-0.2530000167},{0.2549910127,0.0995733692,-0.0009718388,0.0149282808,0.1791878897,-0.0823182816,0.0582629256,0.3219545182},{-0.0694747557,-0.1880649148,-0.2740630911,0.0720096468,-0.1800836914,-0.3518996425,0.2486747833,0.6257938167},{0.0536360918,-0.1339297778,0.2241579764,-0.0195327484,-0.0054103808,0.0347564518,0.5120802482,-0.0329902864},{-0.5933332356,-0.2488721082,0.2357173629,0.0177285473,0.0856630593,-0.35671263,-0.1600668126,-0.1010899621},{-0.0514349819,-0.0854319435,0.1125050061,0.006345356,-0.2250000688,-0.220934309,0.1964623477,-0.1512329924},{0.0197395947,-0.1997170581,-0.1425959019,-0.274947791,-0.0969467073,0.060368852,-0.2826905192,0.1794315473}}, ex=org.apache.commons.math3.exception.MaxCountExceededException: illegal state: convergence failed]
java.lang.AssertionError: Failed to create EigenDecomposition for matrix Array2DRowRealMatrix{{0.184944928,-0.0646971046,0.0774755812,-0.0969651755,-0.0692648806,0.3282344352,-0.0177423074,0.206313634},{-0.0742700134,-0.028906303,-0.001726946,-0.0375550146,-0.0487737922,-0.2616837868,-0.0821201295,-0.2530000167},{0.2549910127,0.0995733692,-0.0009718388,0.0149282808,0.1791878897,-0.0823182816,0.0582629256,0.3219545182},{-0.0694747557,-0.1880649148,-0.2740630911,0.0720096468,-0.1800836914,-0.3518996425,0.2486747833,0.6257938167},{0.0536360918,-0.1339297778,0.2241579764,-0.0195327484,-0.0054103808,0.0347564518,0.5120802482,-0.0329902864},{-0.5933332356,-0.2488721082,0.2357173629,0.0177285473,0.0856630593,-0.35671263,-0.1600668126,-0.1010899621},{-0.0514349819,-0.0854319435,0.1125050061,0.006345356,-0.2250000688,-0.220934309,0.1964623477,-0.1512329924},{0.0197395947,-0.1997170581,-0.1425959019,-0.274947791,-0.0969467073,0.060368852,-0.2826905192,0.1794315473}}, ex=org.apache.commons.math3.exception.MaxCountExceededException: illegal state: convergence failed    at org.junit.Assert.fail(Assert.java:88)
    at org.apache.commons.math3.linear.EigenDecompositionTest.checkUnsymmetricMatrix(EigenDecompositionTest.java:449)
    at org.apache.commons.math3.linear.EigenDecompositionTest.testMath848(EigenDecompositionTest.java:423)
    at sun.reflect.NativeMethodAccessorImpl.invoke0(Native Method)
    at sun.reflect.NativeMethodAccessorImpl.invoke(NativeMethodAccessorImpl.java:62)
    at sun.reflect.DelegatingMethodAccessorImpl.invoke(DelegatingMethodAccessorImpl.java:43)
~ testMath848(org.apache.commons.math3.linear.SchurTransformerTest)
[illegal state: convergence failed]
org.apache.commons.math3.exception.MaxCountExceededException: illegal state: convergence failed    at org.apache.commons.math3.linear.SchurTransformer.transform(SchurTransformer.java:210)
    at org.apache.commons.math3.linear.SchurTransformer.<init>(SchurTransformer.java:83)
    at org.apache.commons.math3.linear.SchurTransformerTest.checkAEqualPTPt(SchurTransformerTest.java:154)
    at org.apache.commons.math3.linear.SchurTransformerTest.testMath848(SchurTransformerTest.java:145)
    at sun.reflect.NativeMethodAccessorImpl.invoke0(Native Method)
    at sun.reflect.NativeMethodAccessorImpl.invoke(NativeMethodAccessorImpl.java:62)

java -cp /tmp/DynaMoth_Bug_dot_jar_Commons-Math_ad252a8c/target/classes:/tmp/DynaMoth_Bug_dot_jar_Commons-Math_ad252a8c/target/test-classes:/home/tdurieux/.m2/repository/junit/junit/4.10/junit-4.10.jar:/home/tdurieux/.m2/repository/org/hamcrest/hamcrest-core/1.1/hamcrest-core-1.1.jar:/home/tdurieux/defects4j4repair/script/../repair_tools/nopol.jar:/home/tdurieux/defects4j4repair/repair_tools/nopol.jar:/usr/lib/jvm/java-8-openjdk-amd64/lib/tools.jar: fr.inria.lille.repair.MethodTestRunner org.apache.commons.math3.linear.EigenDecompositionTest#testMath848 org.apache.commons.math3.linear.EigenDecompositionTest#testUnsymmetric org.apache.commons.math3.linear.SchurTransformerTest#testMath848 
15:28:33.467 [pool-29-thread-1] DEBUG f.i.l.r.s.DynamothCodeGenesisImpl - ClassPrepareEvent
15:28:33.548 [pool-29-thread-1] DEBUG f.i.l.r.s.c.spoon.ClassCollector - [class] org.apache.commons.math3.linear.SchurTransformer$ShiftInfo
15:28:33.558 [pool-29-thread-1] DEBUG f.i.l.r.s.c.spoon.ClassCollector - [class] org.apache.commons.math3.linear.SchurTransformer
15:28:33.559 [pool-29-thread-1] DEBUG f.i.l.r.s.c.spoon.ClassCollector - [class] double[][]
15:28:33.560 [pool-29-thread-1] DEBUG f.i.l.r.s.c.spoon.ClassCollector - [class] double[]
15:28:33.593 [pool-29-thread-1] DEBUG f.i.l.r.s.c.spoon.ClassCollector - [class] org.apache.commons.math3.util.FastMath
15:28:33.619 [pool-29-thread-1] DEBUG f.i.l.r.s.c.spoon.ClassCollector - [class] org.apache.commons.math3.util.Precision
15:28:34.290 [pool-29-thread-1] DEBUG f.i.l.r.s.DynamothCodeGenesisImpl - BreakpointEvent
15:28:34.297 [pool-29-thread-1] INFO  f.i.l.r.s.DynamothCodeGenesisImpl - [test] org.apache.commons.math3.linear.EigenDecompositionTest#testMath848 iteration 0
15:28:34.305 [pool-29-thread-1] DEBUG f.i.l.r.s.c.SpoonElementsCollector - [data] s=0.003708842144543201
15:28:34.305 [pool-29-thread-1] DEBUG f.i.l.r.s.c.SpoonElementsCollector - [data] s=0.003708842144543201
15:28:34.306 [pool-29-thread-1] DEBUG f.i.l.r.s.c.SpoonElementsCollector - [data] shift=instance of org.apache.commons.math3.linear.SchurTransformer$ShiftInfo(id=464)
15:28:34.308 [pool-29-thread-1] DEBUG f.i.l.r.s.c.DynamothDataCollector - Collect Level 1
15:28:34.308 [pool-29-thread-1] DEBUG f.i.l.r.s.c.DynamothDataCollector - [data] this=instance of org.apache.commons.math3.linear.SchurTransformer(id=461)
15:28:34.309 [pool-29-thread-1] DEBUG f.i.l.r.s.c.DynamothDataCollector - [data] l
15:28:34.309 [pool-29-thread-1] DEBUG f.i.l.r.s.c.DynamothDataCollector - [data] idx
15:28:34.309 [pool-29-thread-1] DEBUG f.i.l.r.s.c.DynamothDataCollector - [data] iteration
15:28:34.310 [pool-29-thread-1] DEBUG f.i.l.r.s.c.DynamothDataCollector - [data] shift
15:28:34.310 [pool-29-thread-1] DEBUG f.i.l.r.s.c.DynamothDataCollector - [data] s
15:28:34.328 [pool-29-thread-1] DEBUG f.i.l.r.s.c.DynamothDataCollector - [data] org.apache.commons.math3.util.FastMath.abs((int) l)
15:28:34.329 [pool-29-thread-1] DEBUG f.i.l.r.s.c.DynamothDataCollector - [data] org.apache.commons.math3.util.FastMath.abs((int) idx)
15:28:34.330 [pool-29-thread-1] DEBUG f.i.l.r.s.c.DynamothDataCollector - [data] org.apache.commons.math3.util.FastMath.abs((int) iteration)
15:28:34.331 [pool-29-thread-1] DEBUG f.i.l.r.s.c.DynamothDataCollector - [data] org.apache.commons.math3.util.FastMath.abs((int) 0)
15:28:34.332 [pool-29-thread-1] DEBUG f.i.l.r.s.c.DynamothDataCollector - [data] org.apache.commons.math3.util.FastMath.abs((int) 1)
15:28:34.335 [pool-29-thread-1] DEBUG f.i.l.r.s.c.DynamothDataCollector - [data] org.apache.commons.math3.util.FastMath.abs((double) s)
15:28:34.342 [pool-29-thread-1] DEBUG f.i.l.r.s.c.DynamothDataCollector - [data] org.apache.commons.math3.util.FastMath.sqrt((double) s)
15:28:34.350 [pool-29-thread-1] DEBUG f.i.l.r.s.c.DynamothDataCollector - [data] this.MAX_ITERATIONS
15:28:34.355 [pool-29-thread-1] DEBUG f.i.l.r.s.c.DynamothDataCollector - [data] this.matrixP
15:28:34.358 [pool-29-thread-1] DEBUG f.i.l.r.s.c.DynamothDataCollector - [data] this.matrixT
15:28:34.358 [pool-29-thread-1] DEBUG f.i.l.r.s.c.DynamothDataCollector - [data] this.cachedP
15:28:34.358 [pool-29-thread-1] DEBUG f.i.l.r.s.c.DynamothDataCollector - [data] this.cachedT
15:28:34.358 [pool-29-thread-1] DEBUG f.i.l.r.s.c.DynamothDataCollector - [data] this.cachedPt
15:28:34.358 [pool-29-thread-1] DEBUG f.i.l.r.s.c.DynamothDataCollector - [data] this.epsilon
15:28:34.361 [pool-29-thread-1] DEBUG f.i.l.r.s.c.DynamothDataCollector - [data] this.findSmallSubDiagonalElement((int) l, (double) s)
15:28:34.362 [pool-29-thread-1] DEBUG f.i.l.r.s.c.DynamothDataCollector - [data] this.findSmallSubDiagonalElement((int) idx, (double) s)
15:28:34.367 [pool-48-thread-1] ERROR f.i.l.r.s.c.DynamothDataCollector - Unable to invoke the method org.apache.commons.math3.linear.SchurTransformer.findSmallSubDiagonalElement(int, double) [30, 0.003708842144543201]
com.sun.jdi.InvocationException: Exception occurred in target VM
	at com.sun.tools.jdi.ObjectReferenceImpl.invokeMethod(ObjectReferenceImpl.java:434) ~[tools.jar:na]
	at fr.inria.lille.repair.synthesis.collect.DynamothDataCollector$2.call(DynamothDataCollector.java:436) [nopol.jar:na]
	at fr.inria.lille.repair.synthesis.collect.DynamothDataCollector$2.call(DynamothDataCollector.java:427) [nopol.jar:na]
	at java.util.concurrent.FutureTask.run(FutureTask.java:266) [na:1.8.0_181]
	at java.util.concurrent.ThreadPoolExecutor.runWorker(ThreadPoolExecutor.java:1149) [na:1.8.0_181]
	at java.util.concurrent.ThreadPoolExecutor$Worker.run(ThreadPoolExecutor.java:624) [na:1.8.0_181]
	at java.lang.Thread.run(Thread.java:748) [na:1.8.0_181]
15:28:34.369 [pool-29-thread-1] DEBUG f.i.l.r.s.c.DynamothDataCollector - [data] this.findSmallSubDiagonalElement((int) 0, (double) s)
15:28:34.370 [pool-29-thread-1] DEBUG f.i.l.r.s.c.DynamothDataCollector - [data] this.findSmallSubDiagonalElement((int) 1, (double) s)
15:28:34.371 [pool-29-thread-1] DEBUG f.i.l.r.s.c.DynamothDataCollector - [data] this.getP()
15:28:34.372 [pool-29-thread-1] DEBUG f.i.l.r.s.c.DynamothDataCollector - [data] this.getT()
15:28:34.373 [pool-29-thread-1] DEBUG f.i.l.r.s.c.DynamothDataCollector - [data] this.getNorm()
15:28:34.417 [pool-29-thread-1] DEBUG f.i.l.r.s.DynamothCodeGenesisImpl - BreakpointEvent
15:28:34.419 [pool-29-thread-1] INFO  f.i.l.r.s.DynamothCodeGenesisImpl - [test] org.apache.commons.math3.linear.EigenDecompositionTest#testUnsymmetric iteration 0
15:28:34.420 [pool-29-thread-1] DEBUG f.i.l.r.s.c.SpoonElementsCollector - [data] s=-0.9599999938329639
15:28:34.420 [pool-29-thread-1] DEBUG f.i.l.r.s.c.SpoonElementsCollector - [data] s=-0.9599999938329639
15:28:34.421 [pool-29-thread-1] DEBUG f.i.l.r.s.c.SpoonElementsCollector - [data] shift=instance of org.apache.commons.math3.linear.SchurTransformer$ShiftInfo(id=547)
15:28:34.421 [pool-29-thread-1] DEBUG f.i.l.r.s.c.DynamothDataCollector - Collect Level 1
15:28:34.421 [pool-29-thread-1] DEBUG f.i.l.r.s.c.DynamothDataCollector - [data] this=instance of org.apache.commons.math3.linear.SchurTransformer(id=544)
15:28:34.422 [pool-29-thread-1] DEBUG f.i.l.r.s.c.DynamothDataCollector - [data] l
15:28:34.422 [pool-29-thread-1] DEBUG f.i.l.r.s.c.DynamothDataCollector - [data] idx
15:28:34.423 [pool-29-thread-1] DEBUG f.i.l.r.s.c.DynamothDataCollector - [data] iteration
15:28:34.423 [pool-29-thread-1] DEBUG f.i.l.r.s.c.DynamothDataCollector - [data] shift
15:28:34.423 [pool-29-thread-1] DEBUG f.i.l.r.s.c.DynamothDataCollector - [data] s
15:28:34.430 [pool-29-thread-1] DEBUG f.i.l.r.s.c.DynamothDataCollector - [data] org.apache.commons.math3.util.FastMath.abs((int) l)
15:28:34.431 [pool-29-thread-1] DEBUG f.i.l.r.s.c.DynamothDataCollector - [data] org.apache.commons.math3.util.FastMath.abs((int) idx)
15:28:34.432 [pool-29-thread-1] DEBUG f.i.l.r.s.c.DynamothDataCollector - [data] org.apache.commons.math3.util.FastMath.abs((int) iteration)
15:28:34.433 [pool-29-thread-1] DEBUG f.i.l.r.s.c.DynamothDataCollector - [data] org.apache.commons.math3.util.FastMath.abs((int) 0)
15:28:34.434 [pool-29-thread-1] DEBUG f.i.l.r.s.c.DynamothDataCollector - [data] org.apache.commons.math3.util.FastMath.abs((int) 1)
15:28:34.436 [pool-29-thread-1] DEBUG f.i.l.r.s.c.DynamothDataCollector - [data] org.apache.commons.math3.util.FastMath.abs((double) s)
15:28:34.442 [pool-29-thread-1] DEBUG f.i.l.r.s.c.DynamothDataCollector - [data] org.apache.commons.math3.util.FastMath.sqrt((double) s)
15:28:34.446 [pool-29-thread-1] DEBUG f.i.l.r.s.c.DynamothDataCollector - [data] this.MAX_ITERATIONS
15:28:34.447 [pool-29-thread-1] DEBUG f.i.l.r.s.c.DynamothDataCollector - [data] this.matrixP
15:28:34.449 [pool-29-thread-1] DEBUG f.i.l.r.s.c.DynamothDataCollector - [data] this.matrixT
15:28:34.449 [pool-29-thread-1] DEBUG f.i.l.r.s.c.DynamothDataCollector - [data] this.cachedP
15:28:34.449 [pool-29-thread-1] DEBUG f.i.l.r.s.c.DynamothDataCollector - [data] this.cachedT
15:28:34.449 [pool-29-thread-1] DEBUG f.i.l.r.s.c.DynamothDataCollector - [data] this.cachedPt
15:28:34.449 [pool-29-thread-1] DEBUG f.i.l.r.s.c.DynamothDataCollector - [data] this.epsilon
15:28:34.451 [pool-29-thread-1] DEBUG f.i.l.r.s.c.DynamothDataCollector - [data] this.findSmallSubDiagonalElement((int) l, (double) s)
15:28:34.452 [pool-29-thread-1] DEBUG f.i.l.r.s.c.DynamothDataCollector - [data] this.findSmallSubDiagonalElement((int) idx, (double) s)
15:28:34.453 [pool-63-thread-1] ERROR f.i.l.r.s.c.DynamothDataCollector - Unable to invoke the method org.apache.commons.math3.linear.SchurTransformer.findSmallSubDiagonalElement(int, double) [30, -0.9599999938329639]
com.sun.jdi.InvocationException: Exception occurred in target VM
	at com.sun.tools.jdi.ObjectReferenceImpl.invokeMethod(ObjectReferenceImpl.java:434) ~[tools.jar:na]
	at fr.inria.lille.repair.synthesis.collect.DynamothDataCollector$2.call(DynamothDataCollector.java:436) [nopol.jar:na]
	at fr.inria.lille.repair.synthesis.collect.DynamothDataCollector$2.call(DynamothDataCollector.java:427) [nopol.jar:na]
	at java.util.concurrent.FutureTask.run(FutureTask.java:266) [na:1.8.0_181]
	at java.util.concurrent.ThreadPoolExecutor.runWorker(ThreadPoolExecutor.java:1149) [na:1.8.0_181]
	at java.util.concurrent.ThreadPoolExecutor$Worker.run(ThreadPoolExecutor.java:624) [na:1.8.0_181]
	at java.lang.Thread.run(Thread.java:748) [na:1.8.0_181]
15:28:34.455 [pool-29-thread-1] DEBUG f.i.l.r.s.c.DynamothDataCollector - [data] this.findSmallSubDiagonalElement((int) 0, (double) s)
15:28:34.456 [pool-29-thread-1] DEBUG f.i.l.r.s.c.DynamothDataCollector - [data] this.findSmallSubDiagonalElement((int) 1, (double) s)
15:28:34.458 [pool-29-thread-1] DEBUG f.i.l.r.s.c.DynamothDataCollector - [data] this.getP()
15:28:34.459 [pool-29-thread-1] DEBUG f.i.l.r.s.c.DynamothDataCollector - [data] this.getT()
15:28:34.460 [pool-29-thread-1] DEBUG f.i.l.r.s.c.DynamothDataCollector - [data] this.getNorm()
15:28:34.467 [pool-29-thread-1] DEBUG f.i.l.r.s.DynamothCodeGenesisImpl - BreakpointEvent
15:28:34.469 [pool-29-thread-1] INFO  f.i.l.r.s.DynamothCodeGenesisImpl - [test] org.apache.commons.math3.linear.SchurTransformerTest#testMath848 iteration 0
15:28:34.470 [pool-29-thread-1] DEBUG f.i.l.r.s.c.SpoonElementsCollector - [data] s=0.003708842144543201
15:28:34.471 [pool-29-thread-1] DEBUG f.i.l.r.s.c.SpoonElementsCollector - [data] s=0.003708842144543201
15:28:34.471 [pool-29-thread-1] DEBUG f.i.l.r.s.c.SpoonElementsCollector - [data] shift=instance of org.apache.commons.math3.linear.SchurTransformer$ShiftInfo(id=565)
15:28:34.471 [pool-29-thread-1] DEBUG f.i.l.r.s.c.DynamothDataCollector - Collect Level 1
15:28:34.471 [pool-29-thread-1] DEBUG f.i.l.r.s.c.DynamothDataCollector - [data] this=instance of org.apache.commons.math3.linear.SchurTransformer(id=563)
15:28:34.472 [pool-29-thread-1] DEBUG f.i.l.r.s.c.DynamothDataCollector - [data] l
15:28:34.472 [pool-29-thread-1] DEBUG f.i.l.r.s.c.DynamothDataCollector - [data] idx
15:28:34.472 [pool-29-thread-1] DEBUG f.i.l.r.s.c.DynamothDataCollector - [data] iteration
15:28:34.472 [pool-29-thread-1] DEBUG f.i.l.r.s.c.DynamothDataCollector - [data] shift
15:28:34.473 [pool-29-thread-1] DEBUG f.i.l.r.s.c.DynamothDataCollector - [data] s
15:28:34.480 [pool-29-thread-1] DEBUG f.i.l.r.s.c.DynamothDataCollector - [data] org.apache.commons.math3.util.FastMath.abs((int) l)
15:28:34.481 [pool-29-thread-1] DEBUG f.i.l.r.s.c.DynamothDataCollector - [data] org.apache.commons.math3.util.FastMath.abs((int) idx)
15:28:34.482 [pool-29-thread-1] DEBUG f.i.l.r.s.c.DynamothDataCollector - [data] org.apache.commons.math3.util.FastMath.abs((int) iteration)
15:28:34.484 [pool-29-thread-1] DEBUG f.i.l.r.s.c.DynamothDataCollector - [data] org.apache.commons.math3.util.FastMath.abs((int) 0)
15:28:34.485 [pool-29-thread-1] DEBUG f.i.l.r.s.c.DynamothDataCollector - [data] org.apache.commons.math3.util.FastMath.abs((int) 1)
15:28:34.486 [pool-29-thread-1] DEBUG f.i.l.r.s.c.DynamothDataCollector - [data] org.apache.commons.math3.util.FastMath.abs((double) s)
15:28:34.493 [pool-29-thread-1] DEBUG f.i.l.r.s.c.DynamothDataCollector - [data] org.apache.commons.math3.util.FastMath.sqrt((double) s)
15:28:34.496 [pool-29-thread-1] DEBUG f.i.l.r.s.c.DynamothDataCollector - [data] this.MAX_ITERATIONS
15:28:34.499 [pool-29-thread-1] DEBUG f.i.l.r.s.c.DynamothDataCollector - [data] this.matrixP
15:28:34.501 [pool-29-thread-1] DEBUG f.i.l.r.s.c.DynamothDataCollector - [data] this.matrixT
15:28:34.502 [pool-29-thread-1] DEBUG f.i.l.r.s.c.DynamothDataCollector - [data] this.cachedP
15:28:34.502 [pool-29-thread-1] DEBUG f.i.l.r.s.c.DynamothDataCollector - [data] this.cachedT
15:28:34.502 [pool-29-thread-1] DEBUG f.i.l.r.s.c.DynamothDataCollector - [data] this.cachedPt
15:28:34.502 [pool-29-thread-1] DEBUG f.i.l.r.s.c.DynamothDataCollector - [data] this.epsilon
15:28:34.504 [pool-29-thread-1] DEBUG f.i.l.r.s.c.DynamothDataCollector - [data] this.findSmallSubDiagonalElement((int) l, (double) s)
15:28:34.505 [pool-29-thread-1] DEBUG f.i.l.r.s.c.DynamothDataCollector - [data] this.findSmallSubDiagonalElement((int) idx, (double) s)
15:28:34.507 [pool-78-thread-1] ERROR f.i.l.r.s.c.DynamothDataCollector - Unable to invoke the method org.apache.commons.math3.linear.SchurTransformer.findSmallSubDiagonalElement(int, double) [30, 0.003708842144543201]
com.sun.jdi.InvocationException: Exception occurred in target VM
	at com.sun.tools.jdi.ObjectReferenceImpl.invokeMethod(ObjectReferenceImpl.java:434) ~[tools.jar:na]
	at fr.inria.lille.repair.synthesis.collect.DynamothDataCollector$2.call(DynamothDataCollector.java:436) [nopol.jar:na]
	at fr.inria.lille.repair.synthesis.collect.DynamothDataCollector$2.call(DynamothDataCollector.java:427) [nopol.jar:na]
	at java.util.concurrent.FutureTask.run(FutureTask.java:266) [na:1.8.0_181]
	at java.util.concurrent.ThreadPoolExecutor.runWorker(ThreadPoolExecutor.java:1149) [na:1.8.0_181]
	at java.util.concurrent.ThreadPoolExecutor$Worker.run(ThreadPoolExecutor.java:624) [na:1.8.0_181]
	at java.lang.Thread.run(Thread.java:748) [na:1.8.0_181]
15:28:34.508 [pool-29-thread-1] DEBUG f.i.l.r.s.c.DynamothDataCollector - [data] this.findSmallSubDiagonalElement((int) 0, (double) s)
15:28:34.509 [pool-29-thread-1] DEBUG f.i.l.r.s.c.DynamothDataCollector - [data] this.findSmallSubDiagonalElement((int) 1, (double) s)
15:28:34.511 [pool-29-thread-1] DEBUG f.i.l.r.s.c.DynamothDataCollector - [data] this.getP()
15:28:34.512 [pool-29-thread-1] DEBUG f.i.l.r.s.c.DynamothDataCollector - [data] this.getT()
15:28:34.513 [pool-29-thread-1] DEBUG f.i.l.r.s.c.DynamothDataCollector - [data] this.getNorm()
15:28:34.518 [pool-29-thread-1] DEBUG f.i.l.r.s.DynamothCodeGenesisImpl - Exit


========= Info ==========
Nb constants             18
Nb method invocations    6
Nb field access          2
Nb variables             5
Total                    31
Nb evaluated expressions 1
Init Execution time      1264 ms
Collect Execution time   232 ms
Combine Execution time   25.0 ms
Nb Combination par sec   40 combinations/sec
Total Execution time     1521 ms
Nb line execution        3
Nb results               1

Results:
1. coefficients == null


========================
         Stat
========================
Operators: 
MINUS 10
MUL 5
PLUS 3
DIV 3
EQ 2
LT 2
LE 2
GT 1
Methods: 
abs(double) 2
sqrt(double) 1
compareTo(double,double,double) 1
Variable: 
shift 24
x 18
matrixT 16
s 15
idx 15
y 14
w 12
i 8
exShift 4
epsilon 2
iteration 2
l 1

 & 18 & 6 & 2 & 5 & 31 & 1 & 1522 ms & 3 &
15:28:34.545 [pool-29-thread-1] INFO  f.i.l.repair.nopol.patch.TestPatch - Applying patch: org.apache.commons.math3.linear.SchurTransformer:323: PRECONDITION coefficients == null
15:28:34.813 [pool-29-thread-1] ERROR x.java.compiler.DynamicClassCompiler - [Compilation errors]
SchurTransformer.java:180: error: cannot find symbol
            if (coefficients == null)
                ^
  symbol:   variable coefficients
  location: class org.apache.commons.math3.linear.SchurTransformer
15:28:34.814 [pool-29-thread-1] ERROR fr.inria.lille.repair.nopol.NoPol - Patch malformed coefficients == null
xxl.java.compiler.DynamicCompilationException: Aborting: dynamic compilation failed
	at xxl.java.compiler.DynamicClassCompiler.runCompilationTask(DynamicClassCompiler.java:99) ~[nopol.jar:na]
	at xxl.java.compiler.DynamicClassCompiler.javaBytecodeFor(DynamicClassCompiler.java:67) ~[nopol.jar:na]
	at fr.inria.lille.commons.spoon.SpoonedFile.compilationFor(SpoonedFile.java:203) ~[nopol.jar:na]
	at fr.inria.lille.commons.spoon.SpoonedFile.compileModelledClasses(SpoonedFile.java:177) ~[nopol.jar:na]
	at fr.inria.lille.commons.spoon.SpoonedFile.dumpedToClassLoader(SpoonedFile.java:130) ~[nopol.jar:na]
	at fr.inria.lille.commons.spoon.SpoonedFile.processedAndDumpedToClassLoader(SpoonedFile.java:140) ~[nopol.jar:na]
	at fr.inria.lille.commons.spoon.SpoonedFile.processedAndDumpedToClassLoader(SpoonedFile.java:135) ~[nopol.jar:na]
	at fr.inria.lille.repair.nopol.patch.TestPatch.passesAllTests(TestPatch.java:60) ~[nopol.jar:na]
	at fr.inria.lille.repair.nopol.NoPol.isOk(NoPol.java:317) [nopol.jar:na]
	at fr.inria.lille.repair.nopol.NoPol.runNopolProcessor(NoPol.java:302) [nopol.jar:na]
	at fr.inria.lille.repair.nopol.NoPol.access$000(NoPol.java:81) [nopol.jar:na]
	at fr.inria.lille.repair.nopol.NoPol$1.call(NoPol.java:260) [nopol.jar:na]
	at java.util.concurrent.FutureTask.run(FutureTask.java:266) [na:1.8.0_181]
	at java.util.concurrent.ThreadPoolExecutor.runWorker(ThreadPoolExecutor.java:1149) [na:1.8.0_181]
	at java.util.concurrent.ThreadPoolExecutor$Worker.run(ThreadPoolExecutor.java:624) [na:1.8.0_181]
	at java.lang.Thread.run(Thread.java:748) [na:1.8.0_181]
15:28:34.814 [pool-2-thread-1] ERROR fr.inria.lille.repair.nopol.NoPol - Error ExecutionException java.util.concurrent.ExecutionException: java.lang.RuntimeException: invalid patch
15:28:34.814 [pool-2-thread-1] DEBUG fr.inria.lille.repair.nopol.NoPol - statement #9
15:28:34.815 [pool-2-thread-1] DEBUG fr.inria.lille.repair.nopol.NoPol - Analysing SourceLocation org.apache.commons.math3.linear.SchurTransformer:322 which is executed by 3 tests
-8945339
15:28:34.949 [pool-2-thread-1] DEBUG fr.inria.lille.repair.nopol.NoPol - statement #10
15:28:34.949 [pool-2-thread-1] DEBUG fr.inria.lille.repair.nopol.NoPol - Analysing SourceLocation org.apache.commons.math3.exception.util.ExceptionContext:147 which is executed by 7 tests
-310961535
15:28:35.079 [pool-2-thread-1] DEBUG fr.inria.lille.repair.nopol.NoPol - statement #11
15:28:35.079 [pool-2-thread-1] DEBUG fr.inria.lille.repair.nopol.NoPol - Analysing SourceLocation org.apache.commons.math3.exception.util.ExceptionContext:186 which is executed by 8 tests
-310961535
15:28:35.186 [pool-2-thread-1] DEBUG fr.inria.lille.repair.nopol.NoPol - statement #12
15:28:35.186 [pool-2-thread-1] DEBUG fr.inria.lille.repair.nopol.NoPol - Analysing SourceLocation org.apache.commons.math3.exception.util.ExceptionContext:180 which is executed by 8 tests
-310961535
15:28:35.290 [pool-2-thread-1] DEBUG fr.inria.lille.repair.nopol.NoPol - looking with class fr.inria.lille.repair.nopol.spoon.smt.ConditionalAdder
java.lang.AssertionError: Failed to create EigenDecomposition for matrix Array2DRowRealMatrix{{0.184944928,-0.0646971046,0.0774755812,-0.0969651755,-0.0692648806,0.3282344352,-0.0177423074,0.206313634},{-0.0742700134,-0.028906303,-0.001726946,-0.0375550146,-0.0487737922,-0.2616837868,-0.0821201295,-0.2530000167},{0.2549910127,0.0995733692,-0.0009718388,0.0149282808,0.1791878897,-0.0823182816,0.0582629256,0.3219545182},{-0.0694747557,-0.1880649148,-0.2740630911,0.0720096468,-0.1800836914,-0.3518996425,0.2486747833,0.6257938167},{0.0536360918,-0.1339297778,0.2241579764,-0.0195327484,-0.0054103808,0.0347564518,0.5120802482,-0.0329902864},{-0.5933332356,-0.2488721082,0.2357173629,0.0177285473,0.0856630593,-0.35671263,-0.1600668126,-0.1010899621},{-0.0514349819,-0.0854319435,0.1125050061,0.006345356,-0.2250000688,-0.220934309,0.1964623477,-0.1512329924},{0.0197395947,-0.1997170581,-0.1425959019,-0.274947791,-0.0969467073,0.060368852,-0.2826905192,0.1794315473}}, ex=org.apache.commons.math3.exception.MaxCountExceededException: illegal state: convergence failed
    at org.junit.Assert.fail(Assert.java:88)
    at org.apache.commons.math3.linear.EigenDecompositionTest.checkUnsymmetricMatrix(EigenDecompositionTest.java:449)
    at org.apache.commons.math3.linear.EigenDecompositionTest.testMath848(EigenDecompositionTest.java:423)
    at sun.reflect.NativeMethodAccessorImpl.invoke0(Native Method)
    at sun.reflect.NativeMethodAccessorImpl.invoke(NativeMethodAccessorImpl.java:62)
    at sun.reflect.DelegatingMethodAccessorImpl.invoke(DelegatingMethodAccessorImpl.java:43)
org.apache.commons.math3.exception.MaxCountExceededException: illegal state: convergence failed
    at org.apache.commons.math3.linear.SchurTransformer.transform(SchurTransformer.java:210)
    at org.apache.commons.math3.linear.SchurTransformer.<init>(SchurTransformer.java:83)
    at org.apache.commons.math3.linear.SchurTransformerTest.checkAEqualPTPt(SchurTransformerTest.java:154)
    at org.apache.commons.math3.linear.SchurTransformerTest.testMath848(SchurTransformerTest.java:145)
    at sun.reflect.NativeMethodAccessorImpl.invoke0(Native Method)
    at sun.reflect.NativeMethodAccessorImpl.invoke(NativeMethodAccessorImpl.java:62)
java.lang.AssertionError: expected:<0.0> but was:<1.047765607609108E-8>
    at org.junit.Assert.fail(Assert.java:88)
    at org.junit.Assert.failNotEquals(Assert.java:743)
    at org.junit.Assert.assertEquals(Assert.java:494)
    at org.apache.commons.math3.optimization.direct.BOBYQAOptimizerTest.doTest(BOBYQAOptimizerTest.java:326)
    at org.apache.commons.math3.optimization.direct.BOBYQAOptimizerTest.doTest(BOBYQAOptimizerTest.java:276)
    at org.apache.commons.math3.optimization.direct.BOBYQAOptimizerTest.testAckley(BOBYQAOptimizerTest.java:205)
org.apache.commons.math3.exception.TooManyEvaluationsException: illegal state: maximal count (12,000) exceeded: evaluations
    at org.apache.commons.math3.optimization.direct.BaseAbstractMultivariateOptimizer.computeObjectiveValue(BaseAbstractMultivariateOptimizer.java:97)
    at org.apache.commons.math3.optimization.direct.BOBYQAOptimizer.bobyqb(BOBYQAOptimizer.java:828)
    at org.apache.commons.math3.optimization.direct.BOBYQAOptimizer.bobyqa(BOBYQAOptimizer.java:334)
    at org.apache.commons.math3.optimization.direct.BOBYQAOptimizer.doOptimize(BOBYQAOptimizer.java:246)
    at org.apache.commons.math3.optimization.direct.BaseAbstractMultivariateOptimizer.optimizeInternal(BaseAbstractMultivariateOptimizer.java:148)
    at org.apache.commons.math3.optimization.direct.BaseAbstractMultivariateOptimizer.optimize(BaseAbstractMultivariateOptimizer.java:105)
15:28:59.892 [pool-85-thread-1] INFO  xxl.java.junit.TestCasesListener - Tests run finished (24588 ms)
<> Total tests run: 50
<> Ignored tests: 2
<> Failed tests: 4
~ testMath848(org.apache.commons.math3.linear.EigenDecompositionTest)
[Failed to create EigenDecomposition for matrix Array2DRowRealMatrix{{0.184944928,-0.0646971046,0.0774755812,-0.0969651755,-0.0692648806,0.3282344352,-0.0177423074,0.206313634},{-0.0742700134,-0.028906303,-0.001726946,-0.0375550146,-0.0487737922,-0.2616837868,-0.0821201295,-0.2530000167},{0.2549910127,0.0995733692,-0.0009718388,0.0149282808,0.1791878897,-0.0823182816,0.0582629256,0.3219545182},{-0.0694747557,-0.1880649148,-0.2740630911,0.0720096468,-0.1800836914,-0.3518996425,0.2486747833,0.6257938167},{0.0536360918,-0.1339297778,0.2241579764,-0.0195327484,-0.0054103808,0.0347564518,0.5120802482,-0.0329902864},{-0.5933332356,-0.2488721082,0.2357173629,0.0177285473,0.0856630593,-0.35671263,-0.1600668126,-0.1010899621},{-0.0514349819,-0.0854319435,0.1125050061,0.006345356,-0.2250000688,-0.220934309,0.1964623477,-0.1512329924},{0.0197395947,-0.1997170581,-0.1425959019,-0.274947791,-0.0969467073,0.060368852,-0.2826905192,0.1794315473}}, ex=org.apache.commons.math3.exception.MaxCountExceededException: illegal state: convergence failed]
java.lang.AssertionError: Failed to create EigenDecomposition for matrix Array2DRowRealMatrix{{0.184944928,-0.0646971046,0.0774755812,-0.0969651755,-0.0692648806,0.3282344352,-0.0177423074,0.206313634},{-0.0742700134,-0.028906303,-0.001726946,-0.0375550146,-0.0487737922,-0.2616837868,-0.0821201295,-0.2530000167},{0.2549910127,0.0995733692,-0.0009718388,0.0149282808,0.1791878897,-0.0823182816,0.0582629256,0.3219545182},{-0.0694747557,-0.1880649148,-0.2740630911,0.0720096468,-0.1800836914,-0.3518996425,0.2486747833,0.6257938167},{0.0536360918,-0.1339297778,0.2241579764,-0.0195327484,-0.0054103808,0.0347564518,0.5120802482,-0.0329902864},{-0.5933332356,-0.2488721082,0.2357173629,0.0177285473,0.0856630593,-0.35671263,-0.1600668126,-0.1010899621},{-0.0514349819,-0.0854319435,0.1125050061,0.006345356,-0.2250000688,-0.220934309,0.1964623477,-0.1512329924},{0.0197395947,-0.1997170581,-0.1425959019,-0.274947791,-0.0969467073,0.060368852,-0.2826905192,0.1794315473}}, ex=org.apache.commons.math3.exception.MaxCountExceededException: illegal state: convergence failed    at org.junit.Assert.fail(Assert.java:88)
    at org.apache.commons.math3.linear.EigenDecompositionTest.checkUnsymmetricMatrix(EigenDecompositionTest.java:449)
    at org.apache.commons.math3.linear.EigenDecompositionTest.testMath848(EigenDecompositionTest.java:423)
    at sun.reflect.NativeMethodAccessorImpl.invoke0(Native Method)
    at sun.reflect.NativeMethodAccessorImpl.invoke(NativeMethodAccessorImpl.java:62)
    at sun.reflect.DelegatingMethodAccessorImpl.invoke(DelegatingMethodAccessorImpl.java:43)
~ testMath848(org.apache.commons.math3.linear.SchurTransformerTest)
[illegal state: convergence failed]
org.apache.commons.math3.exception.MaxCountExceededException: illegal state: convergence failed    at org.apache.commons.math3.linear.SchurTransformer.transform(SchurTransformer.java:210)
    at org.apache.commons.math3.linear.SchurTransformer.<init>(SchurTransformer.java:83)
    at org.apache.commons.math3.linear.SchurTransformerTest.checkAEqualPTPt(SchurTransformerTest.java:154)
    at org.apache.commons.math3.linear.SchurTransformerTest.testMath848(SchurTransformerTest.java:145)
    at sun.reflect.NativeMethodAccessorImpl.invoke0(Native Method)
    at sun.reflect.NativeMethodAccessorImpl.invoke(NativeMethodAccessorImpl.java:62)
~ testAckley(org.apache.commons.math3.optimization.direct.BOBYQAOptimizerTest)
[expected:<0.0> but was:<1.047765607609108E-8>]
java.lang.AssertionError: expected:<0.0> but was:<1.047765607609108E-8>    at org.junit.Assert.fail(Assert.java:88)
    at org.junit.Assert.failNotEquals(Assert.java:743)
    at org.junit.Assert.assertEquals(Assert.java:494)
    at org.apache.commons.math3.optimization.direct.BOBYQAOptimizerTest.doTest(BOBYQAOptimizerTest.java:326)
    at org.apache.commons.math3.optimization.direct.BOBYQAOptimizerTest.doTest(BOBYQAOptimizerTest.java:276)
    at org.apache.commons.math3.optimization.direct.BOBYQAOptimizerTest.testAckley(BOBYQAOptimizerTest.java:205)
~ testDiffPow(org.apache.commons.math3.optimization.direct.BOBYQAOptimizerTest)
[illegal state: maximal count (12,000) exceeded: evaluations]
org.apache.commons.math3.exception.TooManyEvaluationsException: illegal state: maximal count (12,000) exceeded: evaluations    at org.apache.commons.math3.optimization.direct.BaseAbstractMultivariateOptimizer.computeObjectiveValue(BaseAbstractMultivariateOptimizer.java:97)
    at org.apache.commons.math3.optimization.direct.BOBYQAOptimizer.bobyqb(BOBYQAOptimizer.java:828)
    at org.apache.commons.math3.optimization.direct.BOBYQAOptimizer.bobyqa(BOBYQAOptimizer.java:334)
    at org.apache.commons.math3.optimization.direct.BOBYQAOptimizer.doOptimize(BOBYQAOptimizer.java:246)
    at org.apache.commons.math3.optimization.direct.BaseAbstractMultivariateOptimizer.optimizeInternal(BaseAbstractMultivariateOptimizer.java:148)
    at org.apache.commons.math3.optimization.direct.BaseAbstractMultivariateOptimizer.optimize(BaseAbstractMultivariateOptimizer.java:105)

15:29:03.371 [pool-2-thread-1] DEBUG fr.inria.lille.repair.nopol.NoPol - looking with class fr.inria.lille.repair.nopol.spoon.smt.ConditionalReplacer
java.lang.AssertionError: Failed to create EigenDecomposition for matrix Array2DRowRealMatrix{{0.184944928,-0.0646971046,0.0774755812,-0.0969651755,-0.0692648806,0.3282344352,-0.0177423074,0.206313634},{-0.0742700134,-0.028906303,-0.001726946,-0.0375550146,-0.0487737922,-0.2616837868,-0.0821201295,-0.2530000167},{0.2549910127,0.0995733692,-0.0009718388,0.0149282808,0.1791878897,-0.0823182816,0.0582629256,0.3219545182},{-0.0694747557,-0.1880649148,-0.2740630911,0.0720096468,-0.1800836914,-0.3518996425,0.2486747833,0.6257938167},{0.0536360918,-0.1339297778,0.2241579764,-0.0195327484,-0.0054103808,0.0347564518,0.5120802482,-0.0329902864},{-0.5933332356,-0.2488721082,0.2357173629,0.0177285473,0.0856630593,-0.35671263,-0.1600668126,-0.1010899621},{-0.0514349819,-0.0854319435,0.1125050061,0.006345356,-0.2250000688,-0.220934309,0.1964623477,-0.1512329924},{0.0197395947,-0.1997170581,-0.1425959019,-0.274947791,-0.0969467073,0.060368852,-0.2826905192,0.1794315473}}, ex=org.apache.commons.math3.exception.MaxCountExceededException: illegal state: convergence failed
    at org.junit.Assert.fail(Assert.java:88)
    at org.apache.commons.math3.linear.EigenDecompositionTest.checkUnsymmetricMatrix(EigenDecompositionTest.java:449)
    at org.apache.commons.math3.linear.EigenDecompositionTest.testMath848(EigenDecompositionTest.java:423)
    at sun.reflect.NativeMethodAccessorImpl.invoke0(Native Method)
    at sun.reflect.NativeMethodAccessorImpl.invoke(NativeMethodAccessorImpl.java:62)
    at sun.reflect.DelegatingMethodAccessorImpl.invoke(DelegatingMethodAccessorImpl.java:43)
org.apache.commons.math3.exception.MaxCountExceededException: illegal state: convergence failed
    at org.apache.commons.math3.linear.SchurTransformer.transform(SchurTransformer.java:210)
    at org.apache.commons.math3.linear.SchurTransformer.<init>(SchurTransformer.java:83)
    at org.apache.commons.math3.linear.SchurTransformerTest.checkAEqualPTPt(SchurTransformerTest.java:154)
    at org.apache.commons.math3.linear.SchurTransformerTest.testMath848(SchurTransformerTest.java:145)
    at sun.reflect.NativeMethodAccessorImpl.invoke0(Native Method)
    at sun.reflect.NativeMethodAccessorImpl.invoke(NativeMethodAccessorImpl.java:62)
java.lang.AssertionError: expected:<0.0> but was:<1.047765607609108E-8>
    at org.junit.Assert.fail(Assert.java:88)
    at org.junit.Assert.failNotEquals(Assert.java:743)
    at org.junit.Assert.assertEquals(Assert.java:494)
    at org.apache.commons.math3.optimization.direct.BOBYQAOptimizerTest.doTest(BOBYQAOptimizerTest.java:326)
    at org.apache.commons.math3.optimization.direct.BOBYQAOptimizerTest.doTest(BOBYQAOptimizerTest.java:276)
    at org.apache.commons.math3.optimization.direct.BOBYQAOptimizerTest.testAckley(BOBYQAOptimizerTest.java:205)
org.apache.commons.math3.exception.TooManyEvaluationsException: illegal state: maximal count (12,000) exceeded: evaluations
    at org.apache.commons.math3.optimization.direct.BaseAbstractMultivariateOptimizer.computeObjectiveValue(BaseAbstractMultivariateOptimizer.java:97)
    at org.apache.commons.math3.optimization.direct.BOBYQAOptimizer.bobyqb(BOBYQAOptimizer.java:828)
    at org.apache.commons.math3.optimization.direct.BOBYQAOptimizer.bobyqa(BOBYQAOptimizer.java:334)
    at org.apache.commons.math3.optimization.direct.BOBYQAOptimizer.doOptimize(BOBYQAOptimizer.java:246)
    at org.apache.commons.math3.optimization.direct.BaseAbstractMultivariateOptimizer.optimizeInternal(BaseAbstractMultivariateOptimizer.java:148)
    at org.apache.commons.math3.optimization.direct.BaseAbstractMultivariateOptimizer.optimize(BaseAbstractMultivariateOptimizer.java:105)
15:29:29.414 [pool-95-thread-1] INFO  xxl.java.junit.TestCasesListener - Tests run finished (26032 ms)
<> Total tests run: 50
<> Ignored tests: 2
<> Failed tests: 4
~ testMath848(org.apache.commons.math3.linear.EigenDecompositionTest)
[Failed to create EigenDecomposition for matrix Array2DRowRealMatrix{{0.184944928,-0.0646971046,0.0774755812,-0.0969651755,-0.0692648806,0.3282344352,-0.0177423074,0.206313634},{-0.0742700134,-0.028906303,-0.001726946,-0.0375550146,-0.0487737922,-0.2616837868,-0.0821201295,-0.2530000167},{0.2549910127,0.0995733692,-0.0009718388,0.0149282808,0.1791878897,-0.0823182816,0.0582629256,0.3219545182},{-0.0694747557,-0.1880649148,-0.2740630911,0.0720096468,-0.1800836914,-0.3518996425,0.2486747833,0.6257938167},{0.0536360918,-0.1339297778,0.2241579764,-0.0195327484,-0.0054103808,0.0347564518,0.5120802482,-0.0329902864},{-0.5933332356,-0.2488721082,0.2357173629,0.0177285473,0.0856630593,-0.35671263,-0.1600668126,-0.1010899621},{-0.0514349819,-0.0854319435,0.1125050061,0.006345356,-0.2250000688,-0.220934309,0.1964623477,-0.1512329924},{0.0197395947,-0.1997170581,-0.1425959019,-0.274947791,-0.0969467073,0.060368852,-0.2826905192,0.1794315473}}, ex=org.apache.commons.math3.exception.MaxCountExceededException: illegal state: convergence failed]
java.lang.AssertionError: Failed to create EigenDecomposition for matrix Array2DRowRealMatrix{{0.184944928,-0.0646971046,0.0774755812,-0.0969651755,-0.0692648806,0.3282344352,-0.0177423074,0.206313634},{-0.0742700134,-0.028906303,-0.001726946,-0.0375550146,-0.0487737922,-0.2616837868,-0.0821201295,-0.2530000167},{0.2549910127,0.0995733692,-0.0009718388,0.0149282808,0.1791878897,-0.0823182816,0.0582629256,0.3219545182},{-0.0694747557,-0.1880649148,-0.2740630911,0.0720096468,-0.1800836914,-0.3518996425,0.2486747833,0.6257938167},{0.0536360918,-0.1339297778,0.2241579764,-0.0195327484,-0.0054103808,0.0347564518,0.5120802482,-0.0329902864},{-0.5933332356,-0.2488721082,0.2357173629,0.0177285473,0.0856630593,-0.35671263,-0.1600668126,-0.1010899621},{-0.0514349819,-0.0854319435,0.1125050061,0.006345356,-0.2250000688,-0.220934309,0.1964623477,-0.1512329924},{0.0197395947,-0.1997170581,-0.1425959019,-0.274947791,-0.0969467073,0.060368852,-0.2826905192,0.1794315473}}, ex=org.apache.commons.math3.exception.MaxCountExceededException: illegal state: convergence failed    at org.junit.Assert.fail(Assert.java:88)
    at org.apache.commons.math3.linear.EigenDecompositionTest.checkUnsymmetricMatrix(EigenDecompositionTest.java:449)
    at org.apache.commons.math3.linear.EigenDecompositionTest.testMath848(EigenDecompositionTest.java:423)
    at sun.reflect.NativeMethodAccessorImpl.invoke0(Native Method)
    at sun.reflect.NativeMethodAccessorImpl.invoke(NativeMethodAccessorImpl.java:62)
    at sun.reflect.DelegatingMethodAccessorImpl.invoke(DelegatingMethodAccessorImpl.java:43)
~ testMath848(org.apache.commons.math3.linear.SchurTransformerTest)
[illegal state: convergence failed]
org.apache.commons.math3.exception.MaxCountExceededException: illegal state: convergence failed    at org.apache.commons.math3.linear.SchurTransformer.transform(SchurTransformer.java:210)
    at org.apache.commons.math3.linear.SchurTransformer.<init>(SchurTransformer.java:83)
    at org.apache.commons.math3.linear.SchurTransformerTest.checkAEqualPTPt(SchurTransformerTest.java:154)
    at org.apache.commons.math3.linear.SchurTransformerTest.testMath848(SchurTransformerTest.java:145)
    at sun.reflect.NativeMethodAccessorImpl.invoke0(Native Method)
    at sun.reflect.NativeMethodAccessorImpl.invoke(NativeMethodAccessorImpl.java:62)
~ testAckley(org.apache.commons.math3.optimization.direct.BOBYQAOptimizerTest)
[expected:<0.0> but was:<1.047765607609108E-8>]
java.lang.AssertionError: expected:<0.0> but was:<1.047765607609108E-8>    at org.junit.Assert.fail(Assert.java:88)
    at org.junit.Assert.failNotEquals(Assert.java:743)
    at org.junit.Assert.assertEquals(Assert.java:494)
    at org.apache.commons.math3.optimization.direct.BOBYQAOptimizerTest.doTest(BOBYQAOptimizerTest.java:326)
    at org.apache.commons.math3.optimization.direct.BOBYQAOptimizerTest.doTest(BOBYQAOptimizerTest.java:276)
    at org.apache.commons.math3.optimization.direct.BOBYQAOptimizerTest.testAckley(BOBYQAOptimizerTest.java:205)
~ testDiffPow(org.apache.commons.math3.optimization.direct.BOBYQAOptimizerTest)
[illegal state: maximal count (12,000) exceeded: evaluations]
org.apache.commons.math3.exception.TooManyEvaluationsException: illegal state: maximal count (12,000) exceeded: evaluations    at org.apache.commons.math3.optimization.direct.BaseAbstractMultivariateOptimizer.computeObjectiveValue(BaseAbstractMultivariateOptimizer.java:97)
    at org.apache.commons.math3.optimization.direct.BOBYQAOptimizer.bobyqb(BOBYQAOptimizer.java:828)
    at org.apache.commons.math3.optimization.direct.BOBYQAOptimizer.bobyqa(BOBYQAOptimizer.java:334)
    at org.apache.commons.math3.optimization.direct.BOBYQAOptimizer.doOptimize(BOBYQAOptimizer.java:246)
    at org.apache.commons.math3.optimization.direct.BaseAbstractMultivariateOptimizer.optimizeInternal(BaseAbstractMultivariateOptimizer.java:148)
    at org.apache.commons.math3.optimization.direct.BaseAbstractMultivariateOptimizer.optimize(BaseAbstractMultivariateOptimizer.java:105)

15:29:32.921 [pool-2-thread-1] DEBUG fr.inria.lille.repair.nopol.NoPol - statement #13
15:29:32.921 [pool-2-thread-1] DEBUG fr.inria.lille.repair.nopol.NoPol - Analysing SourceLocation org.apache.commons.math3.exception.util.ExceptionContext:179 which is executed by 8 tests
-310961535
15:29:33.020 [pool-2-thread-1] DEBUG fr.inria.lille.repair.nopol.NoPol - looking with class fr.inria.lille.repair.nopol.spoon.smt.ConditionalAdder
java.lang.AssertionError: Failed to create EigenDecomposition for matrix Array2DRowRealMatrix{{0.184944928,-0.0646971046,0.0774755812,-0.0969651755,-0.0692648806,0.3282344352,-0.0177423074,0.206313634},{-0.0742700134,-0.028906303,-0.001726946,-0.0375550146,-0.0487737922,-0.2616837868,-0.0821201295,-0.2530000167},{0.2549910127,0.0995733692,-0.0009718388,0.0149282808,0.1791878897,-0.0823182816,0.0582629256,0.3219545182},{-0.0694747557,-0.1880649148,-0.2740630911,0.0720096468,-0.1800836914,-0.3518996425,0.2486747833,0.6257938167},{0.0536360918,-0.1339297778,0.2241579764,-0.0195327484,-0.0054103808,0.0347564518,0.5120802482,-0.0329902864},{-0.5933332356,-0.2488721082,0.2357173629,0.0177285473,0.0856630593,-0.35671263,-0.1600668126,-0.1010899621},{-0.0514349819,-0.0854319435,0.1125050061,0.006345356,-0.2250000688,-0.220934309,0.1964623477,-0.1512329924},{0.0197395947,-0.1997170581,-0.1425959019,-0.274947791,-0.0969467073,0.060368852,-0.2826905192,0.1794315473}}, ex=org.apache.commons.math3.exception.MaxCountExceededException: illegal state: convergence failed
    at org.junit.Assert.fail(Assert.java:88)
    at org.apache.commons.math3.linear.EigenDecompositionTest.checkUnsymmetricMatrix(EigenDecompositionTest.java:449)
    at org.apache.commons.math3.linear.EigenDecompositionTest.testMath848(EigenDecompositionTest.java:423)
    at sun.reflect.NativeMethodAccessorImpl.invoke0(Native Method)
    at sun.reflect.NativeMethodAccessorImpl.invoke(NativeMethodAccessorImpl.java:62)
    at sun.reflect.DelegatingMethodAccessorImpl.invoke(DelegatingMethodAccessorImpl.java:43)
org.apache.commons.math3.exception.MaxCountExceededException: illegal state: convergence failed
    at org.apache.commons.math3.linear.SchurTransformer.transform(SchurTransformer.java:210)
    at org.apache.commons.math3.linear.SchurTransformer.<init>(SchurTransformer.java:83)
    at org.apache.commons.math3.linear.SchurTransformerTest.checkAEqualPTPt(SchurTransformerTest.java:154)
    at org.apache.commons.math3.linear.SchurTransformerTest.testMath848(SchurTransformerTest.java:145)
    at sun.reflect.NativeMethodAccessorImpl.invoke0(Native Method)
    at sun.reflect.NativeMethodAccessorImpl.invoke(NativeMethodAccessorImpl.java:62)
java.lang.AssertionError: expected:<0.0> but was:<1.047765607609108E-8>
    at org.junit.Assert.fail(Assert.java:88)
    at org.junit.Assert.failNotEquals(Assert.java:743)
    at org.junit.Assert.assertEquals(Assert.java:494)
    at org.apache.commons.math3.optimization.direct.BOBYQAOptimizerTest.doTest(BOBYQAOptimizerTest.java:326)
    at org.apache.commons.math3.optimization.direct.BOBYQAOptimizerTest.doTest(BOBYQAOptimizerTest.java:276)
    at org.apache.commons.math3.optimization.direct.BOBYQAOptimizerTest.testAckley(BOBYQAOptimizerTest.java:205)
org.apache.commons.math3.exception.TooManyEvaluationsException: illegal state: maximal count (12,000) exceeded: evaluations
    at org.apache.commons.math3.optimization.direct.BaseAbstractMultivariateOptimizer.computeObjectiveValue(BaseAbstractMultivariateOptimizer.java:97)
    at org.apache.commons.math3.optimization.direct.BOBYQAOptimizer.bobyqb(BOBYQAOptimizer.java:828)
    at org.apache.commons.math3.optimization.direct.BOBYQAOptimizer.bobyqa(BOBYQAOptimizer.java:334)
    at org.apache.commons.math3.optimization.direct.BOBYQAOptimizer.doOptimize(BOBYQAOptimizer.java:246)
    at org.apache.commons.math3.optimization.direct.BaseAbstractMultivariateOptimizer.optimizeInternal(BaseAbstractMultivariateOptimizer.java:148)
    at org.apache.commons.math3.optimization.direct.BaseAbstractMultivariateOptimizer.optimize(BaseAbstractMultivariateOptimizer.java:105)
15:29:58.252 [pool-105-thread-1] INFO  xxl.java.junit.TestCasesListener - Tests run finished (25221 ms)
<> Total tests run: 50
<> Ignored tests: 2
<> Failed tests: 4
~ testMath848(org.apache.commons.math3.linear.EigenDecompositionTest)
[Failed to create EigenDecomposition for matrix Array2DRowRealMatrix{{0.184944928,-0.0646971046,0.0774755812,-0.0969651755,-0.0692648806,0.3282344352,-0.0177423074,0.206313634},{-0.0742700134,-0.028906303,-0.001726946,-0.0375550146,-0.0487737922,-0.2616837868,-0.0821201295,-0.2530000167},{0.2549910127,0.0995733692,-0.0009718388,0.0149282808,0.1791878897,-0.0823182816,0.0582629256,0.3219545182},{-0.0694747557,-0.1880649148,-0.2740630911,0.0720096468,-0.1800836914,-0.3518996425,0.2486747833,0.6257938167},{0.0536360918,-0.1339297778,0.2241579764,-0.0195327484,-0.0054103808,0.0347564518,0.5120802482,-0.0329902864},{-0.5933332356,-0.2488721082,0.2357173629,0.0177285473,0.0856630593,-0.35671263,-0.1600668126,-0.1010899621},{-0.0514349819,-0.0854319435,0.1125050061,0.006345356,-0.2250000688,-0.220934309,0.1964623477,-0.1512329924},{0.0197395947,-0.1997170581,-0.1425959019,-0.274947791,-0.0969467073,0.060368852,-0.2826905192,0.1794315473}}, ex=org.apache.commons.math3.exception.MaxCountExceededException: illegal state: convergence failed]
java.lang.AssertionError: Failed to create EigenDecomposition for matrix Array2DRowRealMatrix{{0.184944928,-0.0646971046,0.0774755812,-0.0969651755,-0.0692648806,0.3282344352,-0.0177423074,0.206313634},{-0.0742700134,-0.028906303,-0.001726946,-0.0375550146,-0.0487737922,-0.2616837868,-0.0821201295,-0.2530000167},{0.2549910127,0.0995733692,-0.0009718388,0.0149282808,0.1791878897,-0.0823182816,0.0582629256,0.3219545182},{-0.0694747557,-0.1880649148,-0.2740630911,0.0720096468,-0.1800836914,-0.3518996425,0.2486747833,0.6257938167},{0.0536360918,-0.1339297778,0.2241579764,-0.0195327484,-0.0054103808,0.0347564518,0.5120802482,-0.0329902864},{-0.5933332356,-0.2488721082,0.2357173629,0.0177285473,0.0856630593,-0.35671263,-0.1600668126,-0.1010899621},{-0.0514349819,-0.0854319435,0.1125050061,0.006345356,-0.2250000688,-0.220934309,0.1964623477,-0.1512329924},{0.0197395947,-0.1997170581,-0.1425959019,-0.274947791,-0.0969467073,0.060368852,-0.2826905192,0.1794315473}}, ex=org.apache.commons.math3.exception.MaxCountExceededException: illegal state: convergence failed    at org.junit.Assert.fail(Assert.java:88)
    at org.apache.commons.math3.linear.EigenDecompositionTest.checkUnsymmetricMatrix(EigenDecompositionTest.java:449)
    at org.apache.commons.math3.linear.EigenDecompositionTest.testMath848(EigenDecompositionTest.java:423)
    at sun.reflect.NativeMethodAccessorImpl.invoke0(Native Method)
    at sun.reflect.NativeMethodAccessorImpl.invoke(NativeMethodAccessorImpl.java:62)
    at sun.reflect.DelegatingMethodAccessorImpl.invoke(DelegatingMethodAccessorImpl.java:43)
~ testMath848(org.apache.commons.math3.linear.SchurTransformerTest)
[illegal state: convergence failed]
org.apache.commons.math3.exception.MaxCountExceededException: illegal state: convergence failed    at org.apache.commons.math3.linear.SchurTransformer.transform(SchurTransformer.java:210)
    at org.apache.commons.math3.linear.SchurTransformer.<init>(SchurTransformer.java:83)
    at org.apache.commons.math3.linear.SchurTransformerTest.checkAEqualPTPt(SchurTransformerTest.java:154)
    at org.apache.commons.math3.linear.SchurTransformerTest.testMath848(SchurTransformerTest.java:145)
    at sun.reflect.NativeMethodAccessorImpl.invoke0(Native Method)
    at sun.reflect.NativeMethodAccessorImpl.invoke(NativeMethodAccessorImpl.java:62)
~ testAckley(org.apache.commons.math3.optimization.direct.BOBYQAOptimizerTest)
[expected:<0.0> but was:<1.047765607609108E-8>]
java.lang.AssertionError: expected:<0.0> but was:<1.047765607609108E-8>    at org.junit.Assert.fail(Assert.java:88)
    at org.junit.Assert.failNotEquals(Assert.java:743)
    at org.junit.Assert.assertEquals(Assert.java:494)
    at org.apache.commons.math3.optimization.direct.BOBYQAOptimizerTest.doTest(BOBYQAOptimizerTest.java:326)
    at org.apache.commons.math3.optimization.direct.BOBYQAOptimizerTest.doTest(BOBYQAOptimizerTest.java:276)
    at org.apache.commons.math3.optimization.direct.BOBYQAOptimizerTest.testAckley(BOBYQAOptimizerTest.java:205)
~ testDiffPow(org.apache.commons.math3.optimization.direct.BOBYQAOptimizerTest)
[illegal state: maximal count (12,000) exceeded: evaluations]
org.apache.commons.math3.exception.TooManyEvaluationsException: illegal state: maximal count (12,000) exceeded: evaluations    at org.apache.commons.math3.optimization.direct.BaseAbstractMultivariateOptimizer.computeObjectiveValue(BaseAbstractMultivariateOptimizer.java:97)
    at org.apache.commons.math3.optimization.direct.BOBYQAOptimizer.bobyqb(BOBYQAOptimizer.java:828)
    at org.apache.commons.math3.optimization.direct.BOBYQAOptimizer.bobyqa(BOBYQAOptimizer.java:334)
    at org.apache.commons.math3.optimization.direct.BOBYQAOptimizer.doOptimize(BOBYQAOptimizer.java:246)
    at org.apache.commons.math3.optimization.direct.BaseAbstractMultivariateOptimizer.optimizeInternal(BaseAbstractMultivariateOptimizer.java:148)
    at org.apache.commons.math3.optimization.direct.BaseAbstractMultivariateOptimizer.optimize(BaseAbstractMultivariateOptimizer.java:105)

15:30:01.696 [pool-2-thread-1] DEBUG fr.inria.lille.repair.nopol.NoPol - statement #14
15:30:01.697 [pool-2-thread-1] DEBUG fr.inria.lille.repair.nopol.NoPol - Analysing SourceLocation org.apache.commons.math3.exception.util.ExceptionContext:177 which is executed by 8 tests
-310961535
15:30:01.799 [pool-2-thread-1] DEBUG fr.inria.lille.repair.nopol.NoPol - statement #15
15:30:01.799 [pool-2-thread-1] DEBUG fr.inria.lille.repair.nopol.NoPol - Analysing SourceLocation org.apache.commons.math3.exception.util.ExceptionContext:176 which is executed by 8 tests
-310961535
15:30:01.902 [pool-2-thread-1] DEBUG fr.inria.lille.repair.nopol.NoPol - statement #16
15:30:01.902 [pool-2-thread-1] DEBUG fr.inria.lille.repair.nopol.NoPol - Analysing SourceLocation org.apache.commons.math3.exception.util.ExceptionContext:175 which is executed by 8 tests
-310961535
15:30:02.023 [pool-2-thread-1] DEBUG fr.inria.lille.repair.nopol.NoPol - statement #17
15:30:02.024 [pool-2-thread-1] DEBUG fr.inria.lille.repair.nopol.NoPol - Analysing SourceLocation org.apache.commons.math3.exception.util.ExceptionContext:174 which is executed by 8 tests
-310961535
15:30:02.123 [pool-2-thread-1] DEBUG fr.inria.lille.repair.nopol.NoPol - looking with class fr.inria.lille.repair.nopol.spoon.smt.ConditionalAdder
java.lang.AssertionError: Failed to create EigenDecomposition for matrix Array2DRowRealMatrix{{0.184944928,-0.0646971046,0.0774755812,-0.0969651755,-0.0692648806,0.3282344352,-0.0177423074,0.206313634},{-0.0742700134,-0.028906303,-0.001726946,-0.0375550146,-0.0487737922,-0.2616837868,-0.0821201295,-0.2530000167},{0.2549910127,0.0995733692,-0.0009718388,0.0149282808,0.1791878897,-0.0823182816,0.0582629256,0.3219545182},{-0.0694747557,-0.1880649148,-0.2740630911,0.0720096468,-0.1800836914,-0.3518996425,0.2486747833,0.6257938167},{0.0536360918,-0.1339297778,0.2241579764,-0.0195327484,-0.0054103808,0.0347564518,0.5120802482,-0.0329902864},{-0.5933332356,-0.2488721082,0.2357173629,0.0177285473,0.0856630593,-0.35671263,-0.1600668126,-0.1010899621},{-0.0514349819,-0.0854319435,0.1125050061,0.006345356,-0.2250000688,-0.220934309,0.1964623477,-0.1512329924},{0.0197395947,-0.1997170581,-0.1425959019,-0.274947791,-0.0969467073,0.060368852,-0.2826905192,0.1794315473}}, ex=org.apache.commons.math3.exception.MaxCountExceededException: illegal state: convergence failed
    at org.junit.Assert.fail(Assert.java:88)
    at org.apache.commons.math3.linear.EigenDecompositionTest.checkUnsymmetricMatrix(EigenDecompositionTest.java:449)
    at org.apache.commons.math3.linear.EigenDecompositionTest.testMath848(EigenDecompositionTest.java:423)
    at sun.reflect.NativeMethodAccessorImpl.invoke0(Native Method)
    at sun.reflect.NativeMethodAccessorImpl.invoke(NativeMethodAccessorImpl.java:62)
    at sun.reflect.DelegatingMethodAccessorImpl.invoke(DelegatingMethodAccessorImpl.java:43)
org.apache.commons.math3.exception.MaxCountExceededException: illegal state: convergence failed
    at org.apache.commons.math3.linear.SchurTransformer.transform(SchurTransformer.java:210)
    at org.apache.commons.math3.linear.SchurTransformer.<init>(SchurTransformer.java:83)
    at org.apache.commons.math3.linear.SchurTransformerTest.checkAEqualPTPt(SchurTransformerTest.java:154)
    at org.apache.commons.math3.linear.SchurTransformerTest.testMath848(SchurTransformerTest.java:145)
    at sun.reflect.NativeMethodAccessorImpl.invoke0(Native Method)
    at sun.reflect.NativeMethodAccessorImpl.invoke(NativeMethodAccessorImpl.java:62)
java.lang.AssertionError: expected:<0.0> but was:<1.047765607609108E-8>
    at org.junit.Assert.fail(Assert.java:88)
    at org.junit.Assert.failNotEquals(Assert.java:743)
    at org.junit.Assert.assertEquals(Assert.java:494)
    at org.apache.commons.math3.optimization.direct.BOBYQAOptimizerTest.doTest(BOBYQAOptimizerTest.java:326)
    at org.apache.commons.math3.optimization.direct.BOBYQAOptimizerTest.doTest(BOBYQAOptimizerTest.java:276)
    at org.apache.commons.math3.optimization.direct.BOBYQAOptimizerTest.testAckley(BOBYQAOptimizerTest.java:205)
org.apache.commons.math3.exception.TooManyEvaluationsException: illegal state: maximal count (12,000) exceeded: evaluations
    at org.apache.commons.math3.optimization.direct.BaseAbstractMultivariateOptimizer.computeObjectiveValue(BaseAbstractMultivariateOptimizer.java:97)
    at org.apache.commons.math3.optimization.direct.BOBYQAOptimizer.bobyqb(BOBYQAOptimizer.java:828)
    at org.apache.commons.math3.optimization.direct.BOBYQAOptimizer.bobyqa(BOBYQAOptimizer.java:334)
    at org.apache.commons.math3.optimization.direct.BOBYQAOptimizer.doOptimize(BOBYQAOptimizer.java:246)
    at org.apache.commons.math3.optimization.direct.BaseAbstractMultivariateOptimizer.optimizeInternal(BaseAbstractMultivariateOptimizer.java:148)
    at org.apache.commons.math3.optimization.direct.BaseAbstractMultivariateOptimizer.optimize(BaseAbstractMultivariateOptimizer.java:105)
15:30:28.136 [pool-115-thread-1] INFO  xxl.java.junit.TestCasesListener - Tests run finished (26003 ms)
<> Total tests run: 50
<> Ignored tests: 2
<> Failed tests: 4
~ testMath848(org.apache.commons.math3.linear.EigenDecompositionTest)
[Failed to create EigenDecomposition for matrix Array2DRowRealMatrix{{0.184944928,-0.0646971046,0.0774755812,-0.0969651755,-0.0692648806,0.3282344352,-0.0177423074,0.206313634},{-0.0742700134,-0.028906303,-0.001726946,-0.0375550146,-0.0487737922,-0.2616837868,-0.0821201295,-0.2530000167},{0.2549910127,0.0995733692,-0.0009718388,0.0149282808,0.1791878897,-0.0823182816,0.0582629256,0.3219545182},{-0.0694747557,-0.1880649148,-0.2740630911,0.0720096468,-0.1800836914,-0.3518996425,0.2486747833,0.6257938167},{0.0536360918,-0.1339297778,0.2241579764,-0.0195327484,-0.0054103808,0.0347564518,0.5120802482,-0.0329902864},{-0.5933332356,-0.2488721082,0.2357173629,0.0177285473,0.0856630593,-0.35671263,-0.1600668126,-0.1010899621},{-0.0514349819,-0.0854319435,0.1125050061,0.006345356,-0.2250000688,-0.220934309,0.1964623477,-0.1512329924},{0.0197395947,-0.1997170581,-0.1425959019,-0.274947791,-0.0969467073,0.060368852,-0.2826905192,0.1794315473}}, ex=org.apache.commons.math3.exception.MaxCountExceededException: illegal state: convergence failed]
java.lang.AssertionError: Failed to create EigenDecomposition for matrix Array2DRowRealMatrix{{0.184944928,-0.0646971046,0.0774755812,-0.0969651755,-0.0692648806,0.3282344352,-0.0177423074,0.206313634},{-0.0742700134,-0.028906303,-0.001726946,-0.0375550146,-0.0487737922,-0.2616837868,-0.0821201295,-0.2530000167},{0.2549910127,0.0995733692,-0.0009718388,0.0149282808,0.1791878897,-0.0823182816,0.0582629256,0.3219545182},{-0.0694747557,-0.1880649148,-0.2740630911,0.0720096468,-0.1800836914,-0.3518996425,0.2486747833,0.6257938167},{0.0536360918,-0.1339297778,0.2241579764,-0.0195327484,-0.0054103808,0.0347564518,0.5120802482,-0.0329902864},{-0.5933332356,-0.2488721082,0.2357173629,0.0177285473,0.0856630593,-0.35671263,-0.1600668126,-0.1010899621},{-0.0514349819,-0.0854319435,0.1125050061,0.006345356,-0.2250000688,-0.220934309,0.1964623477,-0.1512329924},{0.0197395947,-0.1997170581,-0.1425959019,-0.274947791,-0.0969467073,0.060368852,-0.2826905192,0.1794315473}}, ex=org.apache.commons.math3.exception.MaxCountExceededException: illegal state: convergence failed    at org.junit.Assert.fail(Assert.java:88)
    at org.apache.commons.math3.linear.EigenDecompositionTest.checkUnsymmetricMatrix(EigenDecompositionTest.java:449)
    at org.apache.commons.math3.linear.EigenDecompositionTest.testMath848(EigenDecompositionTest.java:423)
    at sun.reflect.NativeMethodAccessorImpl.invoke0(Native Method)
    at sun.reflect.NativeMethodAccessorImpl.invoke(NativeMethodAccessorImpl.java:62)
    at sun.reflect.DelegatingMethodAccessorImpl.invoke(DelegatingMethodAccessorImpl.java:43)
~ testMath848(org.apache.commons.math3.linear.SchurTransformerTest)
[illegal state: convergence failed]
org.apache.commons.math3.exception.MaxCountExceededException: illegal state: convergence failed    at org.apache.commons.math3.linear.SchurTransformer.transform(SchurTransformer.java:210)
    at org.apache.commons.math3.linear.SchurTransformer.<init>(SchurTransformer.java:83)
    at org.apache.commons.math3.linear.SchurTransformerTest.checkAEqualPTPt(SchurTransformerTest.java:154)
    at org.apache.commons.math3.linear.SchurTransformerTest.testMath848(SchurTransformerTest.java:145)
    at sun.reflect.NativeMethodAccessorImpl.invoke0(Native Method)
    at sun.reflect.NativeMethodAccessorImpl.invoke(NativeMethodAccessorImpl.java:62)
~ testAckley(org.apache.commons.math3.optimization.direct.BOBYQAOptimizerTest)
[expected:<0.0> but was:<1.047765607609108E-8>]
java.lang.AssertionError: expected:<0.0> but was:<1.047765607609108E-8>    at org.junit.Assert.fail(Assert.java:88)
    at org.junit.Assert.failNotEquals(Assert.java:743)
    at org.junit.Assert.assertEquals(Assert.java:494)
    at org.apache.commons.math3.optimization.direct.BOBYQAOptimizerTest.doTest(BOBYQAOptimizerTest.java:326)
    at org.apache.commons.math3.optimization.direct.BOBYQAOptimizerTest.doTest(BOBYQAOptimizerTest.java:276)
    at org.apache.commons.math3.optimization.direct.BOBYQAOptimizerTest.testAckley(BOBYQAOptimizerTest.java:205)
~ testDiffPow(org.apache.commons.math3.optimization.direct.BOBYQAOptimizerTest)
[illegal state: maximal count (12,000) exceeded: evaluations]
org.apache.commons.math3.exception.TooManyEvaluationsException: illegal state: maximal count (12,000) exceeded: evaluations    at org.apache.commons.math3.optimization.direct.BaseAbstractMultivariateOptimizer.computeObjectiveValue(BaseAbstractMultivariateOptimizer.java:97)
    at org.apache.commons.math3.optimization.direct.BOBYQAOptimizer.bobyqb(BOBYQAOptimizer.java:828)
    at org.apache.commons.math3.optimization.direct.BOBYQAOptimizer.bobyqa(BOBYQAOptimizer.java:334)
    at org.apache.commons.math3.optimization.direct.BOBYQAOptimizer.doOptimize(BOBYQAOptimizer.java:246)
    at org.apache.commons.math3.optimization.direct.BaseAbstractMultivariateOptimizer.optimizeInternal(BaseAbstractMultivariateOptimizer.java:148)
    at org.apache.commons.math3.optimization.direct.BaseAbstractMultivariateOptimizer.optimize(BaseAbstractMultivariateOptimizer.java:105)

15:30:32.886 [pool-2-thread-1] DEBUG fr.inria.lille.repair.nopol.NoPol - statement #18
15:30:32.887 [pool-2-thread-1] DEBUG fr.inria.lille.repair.nopol.NoPol - Analysing SourceLocation org.apache.commons.math3.exception.util.ExceptionContext:173 which is executed by 8 tests
-310961535
15:30:32.986 [pool-2-thread-1] DEBUG fr.inria.lille.repair.nopol.NoPol - statement #19
15:30:32.987 [pool-2-thread-1] DEBUG fr.inria.lille.repair.nopol.NoPol - Analysing SourceLocation org.apache.commons.math3.exception.util.ExceptionContext:172 which is executed by 8 tests
-310961535
15:30:33.089 [pool-2-thread-1] DEBUG fr.inria.lille.repair.nopol.NoPol - statement #20
15:30:33.089 [pool-2-thread-1] DEBUG fr.inria.lille.repair.nopol.NoPol - Analysing SourceLocation org.apache.commons.math3.exception.util.ExceptionContext:171 which is executed by 8 tests
-310961535
15:30:33.204 [pool-2-thread-1] DEBUG fr.inria.lille.repair.nopol.NoPol - statement #21
15:30:33.205 [pool-2-thread-1] DEBUG fr.inria.lille.repair.nopol.NoPol - Analysing SourceLocation org.apache.commons.math3.optimization.direct.BOBYQAOptimizer:1165 which is executed by 4 tests
283261218
15:30:33.363 [pool-2-thread-1] DEBUG fr.inria.lille.repair.nopol.NoPol - looking with class fr.inria.lille.repair.nopol.spoon.smt.ConditionalAdder
java.lang.AssertionError: expected:<0.0> but was:<1.047765607609108E-8>
    at org.junit.Assert.fail(Assert.java:88)
    at org.junit.Assert.failNotEquals(Assert.java:743)
    at org.junit.Assert.assertEquals(Assert.java:494)
    at org.apache.commons.math3.optimization.direct.BOBYQAOptimizerTest.doTest(BOBYQAOptimizerTest.java:326)
    at org.apache.commons.math3.optimization.direct.BOBYQAOptimizerTest.doTest(BOBYQAOptimizerTest.java:276)
    at org.apache.commons.math3.optimization.direct.BOBYQAOptimizerTest.testAckley(BOBYQAOptimizerTest.java:205)
org.apache.commons.math3.exception.TooManyEvaluationsException: illegal state: maximal count (12,000) exceeded: evaluations
    at org.apache.commons.math3.optimization.direct.BaseAbstractMultivariateOptimizer.computeObjectiveValue(BaseAbstractMultivariateOptimizer.java:97)
    at org.apache.commons.math3.optimization.direct.BOBYQAOptimizer.bobyqb(BOBYQAOptimizer.java:828)
    at org.apache.commons.math3.optimization.direct.BOBYQAOptimizer.bobyqa(BOBYQAOptimizer.java:334)
    at org.apache.commons.math3.optimization.direct.BOBYQAOptimizer.doOptimize(BOBYQAOptimizer.java:246)
    at org.apache.commons.math3.optimization.direct.BaseAbstractMultivariateOptimizer.optimizeInternal(BaseAbstractMultivariateOptimizer.java:148)
    at org.apache.commons.math3.optimization.direct.BaseAbstractMultivariateOptimizer.optimize(BaseAbstractMultivariateOptimizer.java:105)
java.lang.AssertionError: expected:<0.0> but was:<1.047765607609108E-8>
    at org.junit.Assert.fail(Assert.java:88)
    at org.junit.Assert.failNotEquals(Assert.java:743)
    at org.junit.Assert.assertEquals(Assert.java:494)
    at org.apache.commons.math3.optimization.direct.BOBYQAOptimizerTest.doTest(BOBYQAOptimizerTest.java:326)
    at org.apache.commons.math3.optimization.direct.BOBYQAOptimizerTest.doTest(BOBYQAOptimizerTest.java:276)
    at org.apache.commons.math3.optimization.direct.BOBYQAOptimizerTest.testAckley(BOBYQAOptimizerTest.java:205)
org.apache.commons.math3.exception.TooManyEvaluationsException: illegal state: maximal count (12,000) exceeded: evaluations
    at org.apache.commons.math3.optimization.direct.BaseAbstractMultivariateOptimizer.computeObjectiveValue(BaseAbstractMultivariateOptimizer.java:97)
    at org.apache.commons.math3.optimization.direct.BOBYQAOptimizer.bobyqb(BOBYQAOptimizer.java:828)
    at org.apache.commons.math3.optimization.direct.BOBYQAOptimizer.bobyqa(BOBYQAOptimizer.java:334)
    at org.apache.commons.math3.optimization.direct.BOBYQAOptimizer.doOptimize(BOBYQAOptimizer.java:246)
    at org.apache.commons.math3.optimization.direct.BaseAbstractMultivariateOptimizer.optimizeInternal(BaseAbstractMultivariateOptimizer.java:148)
    at org.apache.commons.math3.optimization.direct.BaseAbstractMultivariateOptimizer.optimize(BaseAbstractMultivariateOptimizer.java:105)
15:31:19.529 [pool-125-thread-1] INFO  xxl.java.junit.TestCasesListener - Tests run finished (46160 ms)
<> Total tests run: 38
<> Ignored tests: 0
<> Failed tests: 4
~ testAckley(org.apache.commons.math3.optimization.direct.BOBYQAOptimizerTest)
[expected:<0.0> but was:<1.047765607609108E-8>]
java.lang.AssertionError: expected:<0.0> but was:<1.047765607609108E-8>    at org.junit.Assert.fail(Assert.java:88)
    at org.junit.Assert.failNotEquals(Assert.java:743)
    at org.junit.Assert.assertEquals(Assert.java:494)
    at org.apache.commons.math3.optimization.direct.BOBYQAOptimizerTest.doTest(BOBYQAOptimizerTest.java:326)
    at org.apache.commons.math3.optimization.direct.BOBYQAOptimizerTest.doTest(BOBYQAOptimizerTest.java:276)
    at org.apache.commons.math3.optimization.direct.BOBYQAOptimizerTest.testAckley(BOBYQAOptimizerTest.java:205)
~ testDiffPow(org.apache.commons.math3.optimization.direct.BOBYQAOptimizerTest)
[illegal state: maximal count (12,000) exceeded: evaluations]
org.apache.commons.math3.exception.TooManyEvaluationsException: illegal state: maximal count (12,000) exceeded: evaluations    at org.apache.commons.math3.optimization.direct.BaseAbstractMultivariateOptimizer.computeObjectiveValue(BaseAbstractMultivariateOptimizer.java:97)
    at org.apache.commons.math3.optimization.direct.BOBYQAOptimizer.bobyqb(BOBYQAOptimizer.java:828)
    at org.apache.commons.math3.optimization.direct.BOBYQAOptimizer.bobyqa(BOBYQAOptimizer.java:334)
    at org.apache.commons.math3.optimization.direct.BOBYQAOptimizer.doOptimize(BOBYQAOptimizer.java:246)
    at org.apache.commons.math3.optimization.direct.BaseAbstractMultivariateOptimizer.optimizeInternal(BaseAbstractMultivariateOptimizer.java:148)
    at org.apache.commons.math3.optimization.direct.BaseAbstractMultivariateOptimizer.optimize(BaseAbstractMultivariateOptimizer.java:105)
~ testAckley(org.apache.commons.math3.optimization.direct.BOBYQAOptimizerTest)
[expected:<0.0> but was:<1.047765607609108E-8>]
java.lang.AssertionError: expected:<0.0> but was:<1.047765607609108E-8>    at org.junit.Assert.fail(Assert.java:88)
    at org.junit.Assert.failNotEquals(Assert.java:743)
    at org.junit.Assert.assertEquals(Assert.java:494)
    at org.apache.commons.math3.optimization.direct.BOBYQAOptimizerTest.doTest(BOBYQAOptimizerTest.java:326)
    at org.apache.commons.math3.optimization.direct.BOBYQAOptimizerTest.doTest(BOBYQAOptimizerTest.java:276)
    at org.apache.commons.math3.optimization.direct.BOBYQAOptimizerTest.testAckley(BOBYQAOptimizerTest.java:205)
~ testDiffPow(org.apache.commons.math3.optimization.direct.BOBYQAOptimizerTest)
[illegal state: maximal count (12,000) exceeded: evaluations]
org.apache.commons.math3.exception.TooManyEvaluationsException: illegal state: maximal count (12,000) exceeded: evaluations    at org.apache.commons.math3.optimization.direct.BaseAbstractMultivariateOptimizer.computeObjectiveValue(BaseAbstractMultivariateOptimizer.java:97)
    at org.apache.commons.math3.optimization.direct.BOBYQAOptimizer.bobyqb(BOBYQAOptimizer.java:828)
    at org.apache.commons.math3.optimization.direct.BOBYQAOptimizer.bobyqa(BOBYQAOptimizer.java:334)
    at org.apache.commons.math3.optimization.direct.BOBYQAOptimizer.doOptimize(BOBYQAOptimizer.java:246)
    at org.apache.commons.math3.optimization.direct.BaseAbstractMultivariateOptimizer.optimizeInternal(BaseAbstractMultivariateOptimizer.java:148)
    at org.apache.commons.math3.optimization.direct.BaseAbstractMultivariateOptimizer.optimize(BaseAbstractMultivariateOptimizer.java:105)

15:31:22.425 [pool-2-thread-1] DEBUG fr.inria.lille.repair.nopol.NoPol - statement #22
15:31:22.426 [pool-2-thread-1] DEBUG fr.inria.lille.repair.nopol.NoPol - Analysing SourceLocation org.apache.commons.math3.linear.SchurTransformer:317 which is executed by 4 tests
-8945339
15:31:22.529 [pool-2-thread-1] DEBUG fr.inria.lille.repair.nopol.NoPol - looking with class fr.inria.lille.repair.nopol.spoon.smt.ConditionalAdder
java.lang.AssertionError: Failed to create EigenDecomposition for matrix Array2DRowRealMatrix{{0.184944928,-0.0646971046,0.0774755812,-0.0969651755,-0.0692648806,0.3282344352,-0.0177423074,0.206313634},{-0.0742700134,-0.028906303,-0.001726946,-0.0375550146,-0.0487737922,-0.2616837868,-0.0821201295,-0.2530000167},{0.2549910127,0.0995733692,-0.0009718388,0.0149282808,0.1791878897,-0.0823182816,0.0582629256,0.3219545182},{-0.0694747557,-0.1880649148,-0.2740630911,0.0720096468,-0.1800836914,-0.3518996425,0.2486747833,0.6257938167},{0.0536360918,-0.1339297778,0.2241579764,-0.0195327484,-0.0054103808,0.0347564518,0.5120802482,-0.0329902864},{-0.5933332356,-0.2488721082,0.2357173629,0.0177285473,0.0856630593,-0.35671263,-0.1600668126,-0.1010899621},{-0.0514349819,-0.0854319435,0.1125050061,0.006345356,-0.2250000688,-0.220934309,0.1964623477,-0.1512329924},{0.0197395947,-0.1997170581,-0.1425959019,-0.274947791,-0.0969467073,0.060368852,-0.2826905192,0.1794315473}}, ex=org.apache.commons.math3.exception.MaxCountExceededException: illegal state: convergence failed
    at org.junit.Assert.fail(Assert.java:88)
    at org.apache.commons.math3.linear.EigenDecompositionTest.checkUnsymmetricMatrix(EigenDecompositionTest.java:449)
    at org.apache.commons.math3.linear.EigenDecompositionTest.testMath848(EigenDecompositionTest.java:423)
    at sun.reflect.NativeMethodAccessorImpl.invoke0(Native Method)
    at sun.reflect.NativeMethodAccessorImpl.invoke(NativeMethodAccessorImpl.java:62)
    at sun.reflect.DelegatingMethodAccessorImpl.invoke(DelegatingMethodAccessorImpl.java:43)
org.apache.commons.math3.exception.MaxCountExceededException: illegal state: convergence failed
    at org.apache.commons.math3.linear.SchurTransformer.transform(SchurTransformer.java:210)
    at org.apache.commons.math3.linear.SchurTransformer.<init>(SchurTransformer.java:83)
    at org.apache.commons.math3.linear.SchurTransformerTest.checkAEqualPTPt(SchurTransformerTest.java:154)
    at org.apache.commons.math3.linear.SchurTransformerTest.testMath848(SchurTransformerTest.java:145)
    at sun.reflect.NativeMethodAccessorImpl.invoke0(Native Method)
    at sun.reflect.NativeMethodAccessorImpl.invoke(NativeMethodAccessorImpl.java:62)
15:31:22.946 [pool-131-thread-1] INFO  xxl.java.junit.TestCasesListener - Tests run finished (408 ms)
<> Total tests run: 31
<> Ignored tests: 2
<> Failed tests: 2
~ testMath848(org.apache.commons.math3.linear.EigenDecompositionTest)
[Failed to create EigenDecomposition for matrix Array2DRowRealMatrix{{0.184944928,-0.0646971046,0.0774755812,-0.0969651755,-0.0692648806,0.3282344352,-0.0177423074,0.206313634},{-0.0742700134,-0.028906303,-0.001726946,-0.0375550146,-0.0487737922,-0.2616837868,-0.0821201295,-0.2530000167},{0.2549910127,0.0995733692,-0.0009718388,0.0149282808,0.1791878897,-0.0823182816,0.0582629256,0.3219545182},{-0.0694747557,-0.1880649148,-0.2740630911,0.0720096468,-0.1800836914,-0.3518996425,0.2486747833,0.6257938167},{0.0536360918,-0.1339297778,0.2241579764,-0.0195327484,-0.0054103808,0.0347564518,0.5120802482,-0.0329902864},{-0.5933332356,-0.2488721082,0.2357173629,0.0177285473,0.0856630593,-0.35671263,-0.1600668126,-0.1010899621},{-0.0514349819,-0.0854319435,0.1125050061,0.006345356,-0.2250000688,-0.220934309,0.1964623477,-0.1512329924},{0.0197395947,-0.1997170581,-0.1425959019,-0.274947791,-0.0969467073,0.060368852,-0.2826905192,0.1794315473}}, ex=org.apache.commons.math3.exception.MaxCountExceededException: illegal state: convergence failed]
java.lang.AssertionError: Failed to create EigenDecomposition for matrix Array2DRowRealMatrix{{0.184944928,-0.0646971046,0.0774755812,-0.0969651755,-0.0692648806,0.3282344352,-0.0177423074,0.206313634},{-0.0742700134,-0.028906303,-0.001726946,-0.0375550146,-0.0487737922,-0.2616837868,-0.0821201295,-0.2530000167},{0.2549910127,0.0995733692,-0.0009718388,0.0149282808,0.1791878897,-0.0823182816,0.0582629256,0.3219545182},{-0.0694747557,-0.1880649148,-0.2740630911,0.0720096468,-0.1800836914,-0.3518996425,0.2486747833,0.6257938167},{0.0536360918,-0.1339297778,0.2241579764,-0.0195327484,-0.0054103808,0.0347564518,0.5120802482,-0.0329902864},{-0.5933332356,-0.2488721082,0.2357173629,0.0177285473,0.0856630593,-0.35671263,-0.1600668126,-0.1010899621},{-0.0514349819,-0.0854319435,0.1125050061,0.006345356,-0.2250000688,-0.220934309,0.1964623477,-0.1512329924},{0.0197395947,-0.1997170581,-0.1425959019,-0.274947791,-0.0969467073,0.060368852,-0.2826905192,0.1794315473}}, ex=org.apache.commons.math3.exception.MaxCountExceededException: illegal state: convergence failed    at org.junit.Assert.fail(Assert.java:88)
    at org.apache.commons.math3.linear.EigenDecompositionTest.checkUnsymmetricMatrix(EigenDecompositionTest.java:449)
    at org.apache.commons.math3.linear.EigenDecompositionTest.testMath848(EigenDecompositionTest.java:423)
    at sun.reflect.NativeMethodAccessorImpl.invoke0(Native Method)
    at sun.reflect.NativeMethodAccessorImpl.invoke(NativeMethodAccessorImpl.java:62)
    at sun.reflect.DelegatingMethodAccessorImpl.invoke(DelegatingMethodAccessorImpl.java:43)
~ testMath848(org.apache.commons.math3.linear.SchurTransformerTest)
[illegal state: convergence failed]
org.apache.commons.math3.exception.MaxCountExceededException: illegal state: convergence failed    at org.apache.commons.math3.linear.SchurTransformer.transform(SchurTransformer.java:210)
    at org.apache.commons.math3.linear.SchurTransformer.<init>(SchurTransformer.java:83)
    at org.apache.commons.math3.linear.SchurTransformerTest.checkAEqualPTPt(SchurTransformerTest.java:154)
    at org.apache.commons.math3.linear.SchurTransformerTest.testMath848(SchurTransformerTest.java:145)
    at sun.reflect.NativeMethodAccessorImpl.invoke0(Native Method)
    at sun.reflect.NativeMethodAccessorImpl.invoke(NativeMethodAccessorImpl.java:62)

15:31:23.308 [pool-130-thread-1] DEBUG f.i.l.r.n.s.d.DynamothSynthesizer - Ignore the test org.apache.commons.math3.linear.SchurTransformerTest#testRandomDataNormalDistribution
java -cp /tmp/DynaMoth_Bug_dot_jar_Commons-Math_ad252a8c/target/classes:/tmp/DynaMoth_Bug_dot_jar_Commons-Math_ad252a8c/target/test-classes:/home/tdurieux/.m2/repository/junit/junit/4.10/junit-4.10.jar:/home/tdurieux/.m2/repository/org/hamcrest/hamcrest-core/1.1/hamcrest-core-1.1.jar:/home/tdurieux/defects4j4repair/script/../repair_tools/nopol.jar:/home/tdurieux/defects4j4repair/repair_tools/nopol.jar:/usr/lib/jvm/java-8-openjdk-amd64/lib/tools.jar: fr.inria.lille.repair.MethodTestRunner org.apache.commons.math3.linear.EigenDecompositionTest#testMath848 org.apache.commons.math3.linear.EigenDecompositionTest#testUnsymmetric org.apache.commons.math3.linear.SchurTransformerTest#testMath848 
15:31:23.563 [pool-130-thread-1] DEBUG f.i.l.r.s.DynamothCodeGenesisImpl - ClassPrepareEvent
15:31:23.573 [pool-130-thread-1] DEBUG f.i.l.r.s.c.spoon.ClassCollector - [class] org.apache.commons.math3.linear.SchurTransformer$ShiftInfo
15:31:23.577 [pool-130-thread-1] DEBUG f.i.l.r.s.c.spoon.ClassCollector - [class] org.apache.commons.math3.linear.SchurTransformer
15:31:23.577 [pool-130-thread-1] DEBUG f.i.l.r.s.c.spoon.ClassCollector - [class] double[][]
15:31:23.578 [pool-130-thread-1] DEBUG f.i.l.r.s.c.spoon.ClassCollector - [class] double[]
15:31:23.611 [pool-130-thread-1] DEBUG f.i.l.r.s.c.spoon.ClassCollector - [class] org.apache.commons.math3.util.FastMath
15:31:23.639 [pool-130-thread-1] DEBUG f.i.l.r.s.c.spoon.ClassCollector - [class] org.apache.commons.math3.util.Precision
15:31:24.182 [pool-130-thread-1] DEBUG f.i.l.r.s.DynamothCodeGenesisImpl - BreakpointEvent
15:31:24.186 [pool-130-thread-1] INFO  f.i.l.r.s.DynamothCodeGenesisImpl - [test] org.apache.commons.math3.linear.EigenDecompositionTest#testMath848 iteration 0
15:31:24.187 [pool-130-thread-1] DEBUG f.i.l.r.s.c.SpoonElementsCollector - [data] shift=instance of org.apache.commons.math3.linear.SchurTransformer$ShiftInfo(id=464)
15:31:24.187 [pool-130-thread-1] DEBUG f.i.l.r.s.c.SpoonElementsCollector - [data] 0.4375=0.4375
15:31:24.187 [pool-130-thread-1] DEBUG f.i.l.r.s.c.SpoonElementsCollector - [data] s=0.05738906994717753
15:31:24.187 [pool-130-thread-1] DEBUG f.i.l.r.s.c.DynamothDataCollector - Collect Level 1
15:31:24.187 [pool-130-thread-1] DEBUG f.i.l.r.s.c.DynamothDataCollector - [data] this=instance of org.apache.commons.math3.linear.SchurTransformer(id=461)
15:31:24.188 [pool-130-thread-1] DEBUG f.i.l.r.s.c.DynamothDataCollector - [data] l
15:31:24.188 [pool-130-thread-1] DEBUG f.i.l.r.s.c.DynamothDataCollector - [data] idx
15:31:24.188 [pool-130-thread-1] DEBUG f.i.l.r.s.c.DynamothDataCollector - [data] iteration
15:31:24.188 [pool-130-thread-1] DEBUG f.i.l.r.s.c.DynamothDataCollector - [data] shift
15:31:24.189 [pool-130-thread-1] DEBUG f.i.l.r.s.c.DynamothDataCollector - [data] s
15:31:24.195 [pool-130-thread-1] DEBUG f.i.l.r.s.c.DynamothDataCollector - [data] org.apache.commons.math3.util.FastMath.abs((int) l)
15:31:24.196 [pool-130-thread-1] DEBUG f.i.l.r.s.c.DynamothDataCollector - [data] org.apache.commons.math3.util.FastMath.abs((int) idx)
15:31:24.197 [pool-130-thread-1] DEBUG f.i.l.r.s.c.DynamothDataCollector - [data] org.apache.commons.math3.util.FastMath.abs((int) iteration)
15:31:24.198 [pool-130-thread-1] DEBUG f.i.l.r.s.c.DynamothDataCollector - [data] org.apache.commons.math3.util.FastMath.abs((int) 0)
15:31:24.199 [pool-130-thread-1] DEBUG f.i.l.r.s.c.DynamothDataCollector - [data] org.apache.commons.math3.util.FastMath.abs((int) 1)
15:31:24.200 [pool-130-thread-1] DEBUG f.i.l.r.s.c.DynamothDataCollector - [data] org.apache.commons.math3.util.FastMath.abs((double) s)
15:31:24.205 [pool-130-thread-1] DEBUG f.i.l.r.s.c.DynamothDataCollector - [data] org.apache.commons.math3.util.FastMath.sqrt((double) s)
15:31:24.209 [pool-130-thread-1] DEBUG f.i.l.r.s.c.DynamothDataCollector - [data] this.MAX_ITERATIONS
15:31:24.211 [pool-130-thread-1] DEBUG f.i.l.r.s.c.DynamothDataCollector - [data] this.matrixP
15:31:24.213 [pool-130-thread-1] DEBUG f.i.l.r.s.c.DynamothDataCollector - [data] this.matrixT
15:31:24.213 [pool-130-thread-1] DEBUG f.i.l.r.s.c.DynamothDataCollector - [data] this.cachedP
15:31:24.213 [pool-130-thread-1] DEBUG f.i.l.r.s.c.DynamothDataCollector - [data] this.cachedT
15:31:24.213 [pool-130-thread-1] DEBUG f.i.l.r.s.c.DynamothDataCollector - [data] this.cachedPt
15:31:24.214 [pool-130-thread-1] DEBUG f.i.l.r.s.c.DynamothDataCollector - [data] this.epsilon
15:31:24.215 [pool-130-thread-1] DEBUG f.i.l.r.s.c.DynamothDataCollector - [data] this.findSmallSubDiagonalElement((int) l, (double) s)
15:31:24.216 [pool-130-thread-1] DEBUG f.i.l.r.s.c.DynamothDataCollector - [data] this.findSmallSubDiagonalElement((int) idx, (double) s)
15:31:24.217 [pool-151-thread-1] ERROR f.i.l.r.s.c.DynamothDataCollector - Unable to invoke the method org.apache.commons.math3.linear.SchurTransformer.findSmallSubDiagonalElement(int, double) [10, 0.05738906994717753]
com.sun.jdi.InvocationException: Exception occurred in target VM
	at com.sun.tools.jdi.ObjectReferenceImpl.invokeMethod(ObjectReferenceImpl.java:434) ~[tools.jar:na]
	at fr.inria.lille.repair.synthesis.collect.DynamothDataCollector$2.call(DynamothDataCollector.java:436) [nopol.jar:na]
	at fr.inria.lille.repair.synthesis.collect.DynamothDataCollector$2.call(DynamothDataCollector.java:427) [nopol.jar:na]
	at java.util.concurrent.FutureTask.run(FutureTask.java:266) [na:1.8.0_181]
	at java.util.concurrent.ThreadPoolExecutor.runWorker(ThreadPoolExecutor.java:1149) [na:1.8.0_181]
	at java.util.concurrent.ThreadPoolExecutor$Worker.run(ThreadPoolExecutor.java:624) [na:1.8.0_181]
	at java.lang.Thread.run(Thread.java:748) [na:1.8.0_181]
15:31:24.218 [pool-130-thread-1] DEBUG f.i.l.r.s.c.DynamothDataCollector - [data] this.findSmallSubDiagonalElement((int) 0, (double) s)
15:31:24.219 [pool-130-thread-1] DEBUG f.i.l.r.s.c.DynamothDataCollector - [data] this.findSmallSubDiagonalElement((int) 1, (double) s)
15:31:24.220 [pool-130-thread-1] DEBUG f.i.l.r.s.c.DynamothDataCollector - [data] this.getP()
15:31:24.221 [pool-130-thread-1] DEBUG f.i.l.r.s.c.DynamothDataCollector - [data] this.getT()
15:31:24.222 [pool-130-thread-1] DEBUG f.i.l.r.s.c.DynamothDataCollector - [data] this.getNorm()
15:31:24.263 [pool-130-thread-1] DEBUG f.i.l.r.s.DynamothCodeGenesisImpl - BreakpointEvent
15:31:24.265 [pool-130-thread-1] INFO  f.i.l.r.s.DynamothCodeGenesisImpl - [test] org.apache.commons.math3.linear.EigenDecompositionTest#testUnsymmetric iteration 0
15:31:24.266 [pool-130-thread-1] DEBUG f.i.l.r.s.c.SpoonElementsCollector - [data] shift=instance of org.apache.commons.math3.linear.SchurTransformer$ShiftInfo(id=547)
15:31:24.266 [pool-130-thread-1] DEBUG f.i.l.r.s.c.SpoonElementsCollector - [data] 0.4375=0.4375
15:31:24.266 [pool-130-thread-1] DEBUG f.i.l.r.s.c.SpoonElementsCollector - [data] s=1.0000002
15:31:24.266 [pool-130-thread-1] DEBUG f.i.l.r.s.c.DynamothDataCollector - Collect Level 1
15:31:24.266 [pool-130-thread-1] DEBUG f.i.l.r.s.c.DynamothDataCollector - [data] this=instance of org.apache.commons.math3.linear.SchurTransformer(id=544)
15:31:24.267 [pool-130-thread-1] DEBUG f.i.l.r.s.c.DynamothDataCollector - [data] l
15:31:24.267 [pool-130-thread-1] DEBUG f.i.l.r.s.c.DynamothDataCollector - [data] idx
15:31:24.267 [pool-130-thread-1] DEBUG f.i.l.r.s.c.DynamothDataCollector - [data] iteration
15:31:24.267 [pool-130-thread-1] DEBUG f.i.l.r.s.c.DynamothDataCollector - [data] shift
15:31:24.268 [pool-130-thread-1] DEBUG f.i.l.r.s.c.DynamothDataCollector - [data] s
15:31:24.274 [pool-130-thread-1] DEBUG f.i.l.r.s.c.DynamothDataCollector - [data] org.apache.commons.math3.util.FastMath.abs((int) l)
15:31:24.275 [pool-130-thread-1] DEBUG f.i.l.r.s.c.DynamothDataCollector - [data] org.apache.commons.math3.util.FastMath.abs((int) idx)
15:31:24.276 [pool-130-thread-1] DEBUG f.i.l.r.s.c.DynamothDataCollector - [data] org.apache.commons.math3.util.FastMath.abs((int) iteration)
15:31:24.276 [pool-130-thread-1] DEBUG f.i.l.r.s.c.DynamothDataCollector - [data] org.apache.commons.math3.util.FastMath.abs((int) 0)
15:31:24.277 [pool-130-thread-1] DEBUG f.i.l.r.s.c.DynamothDataCollector - [data] org.apache.commons.math3.util.FastMath.abs((int) 1)
15:31:24.278 [pool-130-thread-1] DEBUG f.i.l.r.s.c.DynamothDataCollector - [data] org.apache.commons.math3.util.FastMath.abs((double) s)
15:31:24.284 [pool-130-thread-1] DEBUG f.i.l.r.s.c.DynamothDataCollector - [data] org.apache.commons.math3.util.FastMath.sqrt((double) s)
15:31:24.288 [pool-130-thread-1] DEBUG f.i.l.r.s.c.DynamothDataCollector - [data] this.MAX_ITERATIONS
15:31:24.289 [pool-130-thread-1] DEBUG f.i.l.r.s.c.DynamothDataCollector - [data] this.matrixP
15:31:24.291 [pool-130-thread-1] DEBUG f.i.l.r.s.c.DynamothDataCollector - [data] this.matrixT
15:31:24.291 [pool-130-thread-1] DEBUG f.i.l.r.s.c.DynamothDataCollector - [data] this.cachedP
15:31:24.291 [pool-130-thread-1] DEBUG f.i.l.r.s.c.DynamothDataCollector - [data] this.cachedT
15:31:24.291 [pool-130-thread-1] DEBUG f.i.l.r.s.c.DynamothDataCollector - [data] this.cachedPt
15:31:24.291 [pool-130-thread-1] DEBUG f.i.l.r.s.c.DynamothDataCollector - [data] this.epsilon
15:31:24.292 [pool-130-thread-1] DEBUG f.i.l.r.s.c.DynamothDataCollector - [data] this.findSmallSubDiagonalElement((int) l, (double) s)
15:31:24.293 [pool-130-thread-1] DEBUG f.i.l.r.s.c.DynamothDataCollector - [data] this.findSmallSubDiagonalElement((int) idx, (double) s)
15:31:24.294 [pool-166-thread-1] ERROR f.i.l.r.s.c.DynamothDataCollector - Unable to invoke the method org.apache.commons.math3.linear.SchurTransformer.findSmallSubDiagonalElement(int, double) [10, 1.0000002]
com.sun.jdi.InvocationException: Exception occurred in target VM
	at com.sun.tools.jdi.ObjectReferenceImpl.invokeMethod(ObjectReferenceImpl.java:434) ~[tools.jar:na]
	at fr.inria.lille.repair.synthesis.collect.DynamothDataCollector$2.call(DynamothDataCollector.java:436) [nopol.jar:na]
	at fr.inria.lille.repair.synthesis.collect.DynamothDataCollector$2.call(DynamothDataCollector.java:427) [nopol.jar:na]
	at java.util.concurrent.FutureTask.run(FutureTask.java:266) [na:1.8.0_181]
	at java.util.concurrent.ThreadPoolExecutor.runWorker(ThreadPoolExecutor.java:1149) [na:1.8.0_181]
	at java.util.concurrent.ThreadPoolExecutor$Worker.run(ThreadPoolExecutor.java:624) [na:1.8.0_181]
	at java.lang.Thread.run(Thread.java:748) [na:1.8.0_181]
15:31:24.295 [pool-130-thread-1] DEBUG f.i.l.r.s.c.DynamothDataCollector - [data] this.findSmallSubDiagonalElement((int) 0, (double) s)
15:31:24.296 [pool-130-thread-1] DEBUG f.i.l.r.s.c.DynamothDataCollector - [data] this.findSmallSubDiagonalElement((int) 1, (double) s)
15:31:24.297 [pool-130-thread-1] DEBUG f.i.l.r.s.c.DynamothDataCollector - [data] this.getP()
15:31:24.298 [pool-130-thread-1] DEBUG f.i.l.r.s.c.DynamothDataCollector - [data] this.getT()
15:31:24.299 [pool-130-thread-1] DEBUG f.i.l.r.s.c.DynamothDataCollector - [data] this.getNorm()
15:31:24.307 [pool-130-thread-1] DEBUG f.i.l.r.s.DynamothCodeGenesisImpl - BreakpointEvent
15:31:24.309 [pool-130-thread-1] INFO  f.i.l.r.s.DynamothCodeGenesisImpl - [test] org.apache.commons.math3.linear.SchurTransformerTest#testMath848 iteration 0
15:31:24.310 [pool-130-thread-1] DEBUG f.i.l.r.s.c.SpoonElementsCollector - [data] shift=instance of org.apache.commons.math3.linear.SchurTransformer$ShiftInfo(id=565)
15:31:24.310 [pool-130-thread-1] DEBUG f.i.l.r.s.c.SpoonElementsCollector - [data] 0.4375=0.4375
15:31:24.310 [pool-130-thread-1] DEBUG f.i.l.r.s.c.SpoonElementsCollector - [data] s=0.05738906994717753
15:31:24.310 [pool-130-thread-1] DEBUG f.i.l.r.s.c.DynamothDataCollector - Collect Level 1
15:31:24.310 [pool-130-thread-1] DEBUG f.i.l.r.s.c.DynamothDataCollector - [data] this=instance of org.apache.commons.math3.linear.SchurTransformer(id=563)
15:31:24.311 [pool-130-thread-1] DEBUG f.i.l.r.s.c.DynamothDataCollector - [data] l
15:31:24.311 [pool-130-thread-1] DEBUG f.i.l.r.s.c.DynamothDataCollector - [data] idx
15:31:24.311 [pool-130-thread-1] DEBUG f.i.l.r.s.c.DynamothDataCollector - [data] iteration
15:31:24.311 [pool-130-thread-1] DEBUG f.i.l.r.s.c.DynamothDataCollector - [data] shift
15:31:24.312 [pool-130-thread-1] DEBUG f.i.l.r.s.c.DynamothDataCollector - [data] s
15:31:24.317 [pool-130-thread-1] DEBUG f.i.l.r.s.c.DynamothDataCollector - [data] org.apache.commons.math3.util.FastMath.abs((int) l)
15:31:24.318 [pool-130-thread-1] DEBUG f.i.l.r.s.c.DynamothDataCollector - [data] org.apache.commons.math3.util.FastMath.abs((int) idx)
15:31:24.319 [pool-130-thread-1] DEBUG f.i.l.r.s.c.DynamothDataCollector - [data] org.apache.commons.math3.util.FastMath.abs((int) iteration)
15:31:24.319 [pool-130-thread-1] DEBUG f.i.l.r.s.c.DynamothDataCollector - [data] org.apache.commons.math3.util.FastMath.abs((int) 0)
15:31:24.320 [pool-130-thread-1] DEBUG f.i.l.r.s.c.DynamothDataCollector - [data] org.apache.commons.math3.util.FastMath.abs((int) 1)
15:31:24.321 [pool-130-thread-1] DEBUG f.i.l.r.s.c.DynamothDataCollector - [data] org.apache.commons.math3.util.FastMath.abs((double) s)
15:31:24.327 [pool-130-thread-1] DEBUG f.i.l.r.s.c.DynamothDataCollector - [data] org.apache.commons.math3.util.FastMath.sqrt((double) s)
15:31:24.330 [pool-130-thread-1] DEBUG f.i.l.r.s.c.DynamothDataCollector - [data] this.MAX_ITERATIONS
15:31:24.332 [pool-130-thread-1] DEBUG f.i.l.r.s.c.DynamothDataCollector - [data] this.matrixP
15:31:24.334 [pool-130-thread-1] DEBUG f.i.l.r.s.c.DynamothDataCollector - [data] this.matrixT
15:31:24.334 [pool-130-thread-1] DEBUG f.i.l.r.s.c.DynamothDataCollector - [data] this.cachedP
15:31:24.334 [pool-130-thread-1] DEBUG f.i.l.r.s.c.DynamothDataCollector - [data] this.cachedT
15:31:24.334 [pool-130-thread-1] DEBUG f.i.l.r.s.c.DynamothDataCollector - [data] this.cachedPt
15:31:24.334 [pool-130-thread-1] DEBUG f.i.l.r.s.c.DynamothDataCollector - [data] this.epsilon
15:31:24.336 [pool-130-thread-1] DEBUG f.i.l.r.s.c.DynamothDataCollector - [data] this.findSmallSubDiagonalElement((int) l, (double) s)
15:31:24.336 [pool-130-thread-1] DEBUG f.i.l.r.s.c.DynamothDataCollector - [data] this.findSmallSubDiagonalElement((int) idx, (double) s)
15:31:24.338 [pool-181-thread-1] ERROR f.i.l.r.s.c.DynamothDataCollector - Unable to invoke the method org.apache.commons.math3.linear.SchurTransformer.findSmallSubDiagonalElement(int, double) [10, 0.05738906994717753]
com.sun.jdi.InvocationException: Exception occurred in target VM
	at com.sun.tools.jdi.ObjectReferenceImpl.invokeMethod(ObjectReferenceImpl.java:434) ~[tools.jar:na]
	at fr.inria.lille.repair.synthesis.collect.DynamothDataCollector$2.call(DynamothDataCollector.java:436) [nopol.jar:na]
	at fr.inria.lille.repair.synthesis.collect.DynamothDataCollector$2.call(DynamothDataCollector.java:427) [nopol.jar:na]
	at java.util.concurrent.FutureTask.run(FutureTask.java:266) [na:1.8.0_181]
	at java.util.concurrent.ThreadPoolExecutor.runWorker(ThreadPoolExecutor.java:1149) [na:1.8.0_181]
	at java.util.concurrent.ThreadPoolExecutor$Worker.run(ThreadPoolExecutor.java:624) [na:1.8.0_181]
	at java.lang.Thread.run(Thread.java:748) [na:1.8.0_181]
15:31:24.339 [pool-130-thread-1] DEBUG f.i.l.r.s.c.DynamothDataCollector - [data] this.findSmallSubDiagonalElement((int) 0, (double) s)
15:31:24.340 [pool-130-thread-1] DEBUG f.i.l.r.s.c.DynamothDataCollector - [data] this.findSmallSubDiagonalElement((int) 1, (double) s)
15:31:24.340 [pool-130-thread-1] DEBUG f.i.l.r.s.c.DynamothDataCollector - [data] this.getP()
15:31:24.341 [pool-130-thread-1] DEBUG f.i.l.r.s.c.DynamothDataCollector - [data] this.getT()
15:31:24.342 [pool-130-thread-1] DEBUG f.i.l.r.s.c.DynamothDataCollector - [data] this.getNorm()
15:31:24.346 [pool-130-thread-1] DEBUG f.i.l.r.s.DynamothCodeGenesisImpl - Exit


========= Info ==========
Nb constants             19
Nb method invocations    6
Nb field access          2
Nb variables             5
Total                    32
Nb evaluated expressions 1
Init Execution time      870 ms
Collect Execution time   167 ms
Combine Execution time   2.0 ms
Nb Combination par sec   500 combinations/sec
Total Execution time     1039 ms
Nb line execution        3
Nb results               1

Results:
1. k == (-1)


========================
         Stat
========================
Operators: 
MINUS 10
MUL 5
PLUS 3
DIV 3
EQ 2
LT 2
LE 2
GT 1
Methods: 
abs(double) 2
sqrt(double) 1
compareTo(double,double,double) 1
Variable: 
shift 24
x 18
matrixT 16
s 15
idx 15
y 14
w 12
i 8
exShift 4
epsilon 2
iteration 2
l 1

 & 19 & 6 & 2 & 5 & 32 & 1 & 1039 ms & 3 &
15:31:24.348 [pool-130-thread-1] INFO  f.i.l.repair.nopol.patch.TestPatch - Applying patch: org.apache.commons.math3.linear.SchurTransformer:317: PRECONDITION k == (-1)
15:31:24.505 [pool-130-thread-1] ERROR x.java.compiler.DynamicClassCompiler - [Compilation errors]
SchurTransformer.java:176: error: cannot find symbol
            if (k == (-1))
                ^
  symbol:   variable k
  location: class org.apache.commons.math3.linear.SchurTransformer
15:31:24.506 [pool-130-thread-1] ERROR fr.inria.lille.repair.nopol.NoPol - Patch malformed k == (-1)
xxl.java.compiler.DynamicCompilationException: Aborting: dynamic compilation failed
	at xxl.java.compiler.DynamicClassCompiler.runCompilationTask(DynamicClassCompiler.java:99) ~[nopol.jar:na]
	at xxl.java.compiler.DynamicClassCompiler.javaBytecodeFor(DynamicClassCompiler.java:67) ~[nopol.jar:na]
	at fr.inria.lille.commons.spoon.SpoonedFile.compilationFor(SpoonedFile.java:203) ~[nopol.jar:na]
	at fr.inria.lille.commons.spoon.SpoonedFile.compileModelledClasses(SpoonedFile.java:177) ~[nopol.jar:na]
	at fr.inria.lille.commons.spoon.SpoonedFile.dumpedToClassLoader(SpoonedFile.java:130) ~[nopol.jar:na]
	at fr.inria.lille.commons.spoon.SpoonedFile.processedAndDumpedToClassLoader(SpoonedFile.java:140) ~[nopol.jar:na]
	at fr.inria.lille.commons.spoon.SpoonedFile.processedAndDumpedToClassLoader(SpoonedFile.java:135) ~[nopol.jar:na]
	at fr.inria.lille.repair.nopol.patch.TestPatch.passesAllTests(TestPatch.java:60) ~[nopol.jar:na]
	at fr.inria.lille.repair.nopol.NoPol.isOk(NoPol.java:317) [nopol.jar:na]
	at fr.inria.lille.repair.nopol.NoPol.runNopolProcessor(NoPol.java:302) [nopol.jar:na]
	at fr.inria.lille.repair.nopol.NoPol.access$000(NoPol.java:81) [nopol.jar:na]
	at fr.inria.lille.repair.nopol.NoPol$1.call(NoPol.java:260) [nopol.jar:na]
	at java.util.concurrent.FutureTask.run(FutureTask.java:266) [na:1.8.0_181]
	at java.util.concurrent.ThreadPoolExecutor.runWorker(ThreadPoolExecutor.java:1149) [na:1.8.0_181]
	at java.util.concurrent.ThreadPoolExecutor$Worker.run(ThreadPoolExecutor.java:624) [na:1.8.0_181]
	at java.lang.Thread.run(Thread.java:748) [na:1.8.0_181]
15:31:24.506 [pool-2-thread-1] ERROR fr.inria.lille.repair.nopol.NoPol - Error ExecutionException java.util.concurrent.ExecutionException: java.lang.RuntimeException: invalid patch
15:31:24.506 [pool-2-thread-1] DEBUG fr.inria.lille.repair.nopol.NoPol - statement #23
15:31:24.506 [pool-2-thread-1] DEBUG fr.inria.lille.repair.nopol.NoPol - Analysing SourceLocation org.apache.commons.math3.linear.SchurTransformer:316 which is executed by 4 tests
-8945339
15:31:24.619 [pool-2-thread-1] DEBUG fr.inria.lille.repair.nopol.NoPol - looking with class fr.inria.lille.repair.nopol.spoon.smt.ConditionalAdder
java.lang.AssertionError: Failed to create EigenDecomposition for matrix Array2DRowRealMatrix{{0.184944928,-0.0646971046,0.0774755812,-0.0969651755,-0.0692648806,0.3282344352,-0.0177423074,0.206313634},{-0.0742700134,-0.028906303,-0.001726946,-0.0375550146,-0.0487737922,-0.2616837868,-0.0821201295,-0.2530000167},{0.2549910127,0.0995733692,-0.0009718388,0.0149282808,0.1791878897,-0.0823182816,0.0582629256,0.3219545182},{-0.0694747557,-0.1880649148,-0.2740630911,0.0720096468,-0.1800836914,-0.3518996425,0.2486747833,0.6257938167},{0.0536360918,-0.1339297778,0.2241579764,-0.0195327484,-0.0054103808,0.0347564518,0.5120802482,-0.0329902864},{-0.5933332356,-0.2488721082,0.2357173629,0.0177285473,0.0856630593,-0.35671263,-0.1600668126,-0.1010899621},{-0.0514349819,-0.0854319435,0.1125050061,0.006345356,-0.2250000688,-0.220934309,0.1964623477,-0.1512329924},{0.0197395947,-0.1997170581,-0.1425959019,-0.274947791,-0.0969467073,0.060368852,-0.2826905192,0.1794315473}}, ex=org.apache.commons.math3.exception.MaxCountExceededException: illegal state: convergence failed
    at org.junit.Assert.fail(Assert.java:88)
    at org.apache.commons.math3.linear.EigenDecompositionTest.checkUnsymmetricMatrix(EigenDecompositionTest.java:449)
    at org.apache.commons.math3.linear.EigenDecompositionTest.testMath848(EigenDecompositionTest.java:423)
    at sun.reflect.NativeMethodAccessorImpl.invoke0(Native Method)
    at sun.reflect.NativeMethodAccessorImpl.invoke(NativeMethodAccessorImpl.java:62)
    at sun.reflect.DelegatingMethodAccessorImpl.invoke(DelegatingMethodAccessorImpl.java:43)
org.apache.commons.math3.exception.MaxCountExceededException: illegal state: convergence failed
    at org.apache.commons.math3.linear.SchurTransformer.transform(SchurTransformer.java:210)
    at org.apache.commons.math3.linear.SchurTransformer.<init>(SchurTransformer.java:83)
    at org.apache.commons.math3.linear.SchurTransformerTest.checkAEqualPTPt(SchurTransformerTest.java:154)
    at org.apache.commons.math3.linear.SchurTransformerTest.testMath848(SchurTransformerTest.java:145)
    at sun.reflect.NativeMethodAccessorImpl.invoke0(Native Method)
    at sun.reflect.NativeMethodAccessorImpl.invoke(NativeMethodAccessorImpl.java:62)
15:31:25.034 [pool-188-thread-1] INFO  xxl.java.junit.TestCasesListener - Tests run finished (408 ms)
<> Total tests run: 31
<> Ignored tests: 2
<> Failed tests: 2
~ testMath848(org.apache.commons.math3.linear.EigenDecompositionTest)
[Failed to create EigenDecomposition for matrix Array2DRowRealMatrix{{0.184944928,-0.0646971046,0.0774755812,-0.0969651755,-0.0692648806,0.3282344352,-0.0177423074,0.206313634},{-0.0742700134,-0.028906303,-0.001726946,-0.0375550146,-0.0487737922,-0.2616837868,-0.0821201295,-0.2530000167},{0.2549910127,0.0995733692,-0.0009718388,0.0149282808,0.1791878897,-0.0823182816,0.0582629256,0.3219545182},{-0.0694747557,-0.1880649148,-0.2740630911,0.0720096468,-0.1800836914,-0.3518996425,0.2486747833,0.6257938167},{0.0536360918,-0.1339297778,0.2241579764,-0.0195327484,-0.0054103808,0.0347564518,0.5120802482,-0.0329902864},{-0.5933332356,-0.2488721082,0.2357173629,0.0177285473,0.0856630593,-0.35671263,-0.1600668126,-0.1010899621},{-0.0514349819,-0.0854319435,0.1125050061,0.006345356,-0.2250000688,-0.220934309,0.1964623477,-0.1512329924},{0.0197395947,-0.1997170581,-0.1425959019,-0.274947791,-0.0969467073,0.060368852,-0.2826905192,0.1794315473}}, ex=org.apache.commons.math3.exception.MaxCountExceededException: illegal state: convergence failed]
java.lang.AssertionError: Failed to create EigenDecomposition for matrix Array2DRowRealMatrix{{0.184944928,-0.0646971046,0.0774755812,-0.0969651755,-0.0692648806,0.3282344352,-0.0177423074,0.206313634},{-0.0742700134,-0.028906303,-0.001726946,-0.0375550146,-0.0487737922,-0.2616837868,-0.0821201295,-0.2530000167},{0.2549910127,0.0995733692,-0.0009718388,0.0149282808,0.1791878897,-0.0823182816,0.0582629256,0.3219545182},{-0.0694747557,-0.1880649148,-0.2740630911,0.0720096468,-0.1800836914,-0.3518996425,0.2486747833,0.6257938167},{0.0536360918,-0.1339297778,0.2241579764,-0.0195327484,-0.0054103808,0.0347564518,0.5120802482,-0.0329902864},{-0.5933332356,-0.2488721082,0.2357173629,0.0177285473,0.0856630593,-0.35671263,-0.1600668126,-0.1010899621},{-0.0514349819,-0.0854319435,0.1125050061,0.006345356,-0.2250000688,-0.220934309,0.1964623477,-0.1512329924},{0.0197395947,-0.1997170581,-0.1425959019,-0.274947791,-0.0969467073,0.060368852,-0.2826905192,0.1794315473}}, ex=org.apache.commons.math3.exception.MaxCountExceededException: illegal state: convergence failed    at org.junit.Assert.fail(Assert.java:88)
    at org.apache.commons.math3.linear.EigenDecompositionTest.checkUnsymmetricMatrix(EigenDecompositionTest.java:449)
    at org.apache.commons.math3.linear.EigenDecompositionTest.testMath848(EigenDecompositionTest.java:423)
    at sun.reflect.NativeMethodAccessorImpl.invoke0(Native Method)
    at sun.reflect.NativeMethodAccessorImpl.invoke(NativeMethodAccessorImpl.java:62)
    at sun.reflect.DelegatingMethodAccessorImpl.invoke(DelegatingMethodAccessorImpl.java:43)
~ testMath848(org.apache.commons.math3.linear.SchurTransformerTest)
[illegal state: convergence failed]
org.apache.commons.math3.exception.MaxCountExceededException: illegal state: convergence failed    at org.apache.commons.math3.linear.SchurTransformer.transform(SchurTransformer.java:210)
    at org.apache.commons.math3.linear.SchurTransformer.<init>(SchurTransformer.java:83)
    at org.apache.commons.math3.linear.SchurTransformerTest.checkAEqualPTPt(SchurTransformerTest.java:154)
    at org.apache.commons.math3.linear.SchurTransformerTest.testMath848(SchurTransformerTest.java:145)
    at sun.reflect.NativeMethodAccessorImpl.invoke0(Native Method)
    at sun.reflect.NativeMethodAccessorImpl.invoke(NativeMethodAccessorImpl.java:62)

15:31:25.379 [pool-187-thread-1] DEBUG f.i.l.r.n.s.d.DynamothSynthesizer - Ignore the test org.apache.commons.math3.linear.SchurTransformerTest#testRandomDataNormalDistribution
java -cp /tmp/DynaMoth_Bug_dot_jar_Commons-Math_ad252a8c/target/classes:/tmp/DynaMoth_Bug_dot_jar_Commons-Math_ad252a8c/target/test-classes:/home/tdurieux/.m2/repository/junit/junit/4.10/junit-4.10.jar:/home/tdurieux/.m2/repository/org/hamcrest/hamcrest-core/1.1/hamcrest-core-1.1.jar:/home/tdurieux/defects4j4repair/script/../repair_tools/nopol.jar:/home/tdurieux/defects4j4repair/repair_tools/nopol.jar:/usr/lib/jvm/java-8-openjdk-amd64/lib/tools.jar: fr.inria.lille.repair.MethodTestRunner org.apache.commons.math3.linear.EigenDecompositionTest#testMath848 org.apache.commons.math3.linear.EigenDecompositionTest#testUnsymmetric org.apache.commons.math3.linear.SchurTransformerTest#testMath848 
15:31:25.636 [pool-187-thread-1] DEBUG f.i.l.r.s.DynamothCodeGenesisImpl - ClassPrepareEvent
15:31:25.645 [pool-187-thread-1] DEBUG f.i.l.r.s.c.spoon.ClassCollector - [class] org.apache.commons.math3.linear.SchurTransformer$ShiftInfo
15:31:25.649 [pool-187-thread-1] DEBUG f.i.l.r.s.c.spoon.ClassCollector - [class] org.apache.commons.math3.linear.SchurTransformer
15:31:25.649 [pool-187-thread-1] DEBUG f.i.l.r.s.c.spoon.ClassCollector - [class] double[][]
15:31:25.649 [pool-187-thread-1] DEBUG f.i.l.r.s.c.spoon.ClassCollector - [class] double[]
15:31:25.682 [pool-187-thread-1] DEBUG f.i.l.r.s.c.spoon.ClassCollector - [class] org.apache.commons.math3.util.FastMath
15:31:25.708 [pool-187-thread-1] DEBUG f.i.l.r.s.c.spoon.ClassCollector - [class] org.apache.commons.math3.util.Precision
15:31:26.281 [pool-187-thread-1] DEBUG f.i.l.r.s.DynamothCodeGenesisImpl - BreakpointEvent
15:31:26.284 [pool-187-thread-1] INFO  f.i.l.r.s.DynamothCodeGenesisImpl - [test] org.apache.commons.math3.linear.EigenDecompositionTest#testMath848 iteration 0
15:31:26.285 [pool-187-thread-1] DEBUG f.i.l.r.s.c.SpoonElementsCollector - [data] shift=instance of org.apache.commons.math3.linear.SchurTransformer$ShiftInfo(id=464)
15:31:26.285 [pool-187-thread-1] DEBUG f.i.l.r.s.c.SpoonElementsCollector - [data] 0.75=0.75
15:31:26.285 [pool-187-thread-1] DEBUG f.i.l.r.s.c.SpoonElementsCollector - [data] s=0.05738906994717753
15:31:26.285 [pool-187-thread-1] DEBUG f.i.l.r.s.c.DynamothDataCollector - Collect Level 1
15:31:26.285 [pool-187-thread-1] DEBUG f.i.l.r.s.c.DynamothDataCollector - [data] this=instance of org.apache.commons.math3.linear.SchurTransformer(id=461)
15:31:26.285 [pool-187-thread-1] DEBUG f.i.l.r.s.c.DynamothDataCollector - [data] l
15:31:26.286 [pool-187-thread-1] DEBUG f.i.l.r.s.c.DynamothDataCollector - [data] idx
15:31:26.286 [pool-187-thread-1] DEBUG f.i.l.r.s.c.DynamothDataCollector - [data] iteration
15:31:26.286 [pool-187-thread-1] DEBUG f.i.l.r.s.c.DynamothDataCollector - [data] shift
15:31:26.286 [pool-187-thread-1] DEBUG f.i.l.r.s.c.DynamothDataCollector - [data] s
15:31:26.293 [pool-187-thread-1] DEBUG f.i.l.r.s.c.DynamothDataCollector - [data] org.apache.commons.math3.util.FastMath.abs((int) l)
15:31:26.294 [pool-187-thread-1] DEBUG f.i.l.r.s.c.DynamothDataCollector - [data] org.apache.commons.math3.util.FastMath.abs((int) idx)
15:31:26.296 [pool-187-thread-1] DEBUG f.i.l.r.s.c.DynamothDataCollector - [data] org.apache.commons.math3.util.FastMath.abs((int) iteration)
15:31:26.297 [pool-187-thread-1] DEBUG f.i.l.r.s.c.DynamothDataCollector - [data] org.apache.commons.math3.util.FastMath.abs((int) 0)
15:31:26.298 [pool-187-thread-1] DEBUG f.i.l.r.s.c.DynamothDataCollector - [data] org.apache.commons.math3.util.FastMath.abs((int) 1)
15:31:26.299 [pool-187-thread-1] DEBUG f.i.l.r.s.c.DynamothDataCollector - [data] org.apache.commons.math3.util.FastMath.abs((double) s)
15:31:26.309 [pool-187-thread-1] DEBUG f.i.l.r.s.c.DynamothDataCollector - [data] org.apache.commons.math3.util.FastMath.sqrt((double) s)
15:31:26.315 [pool-187-thread-1] DEBUG f.i.l.r.s.c.DynamothDataCollector - [data] this.MAX_ITERATIONS
15:31:26.318 [pool-187-thread-1] DEBUG f.i.l.r.s.c.DynamothDataCollector - [data] this.matrixP
15:31:26.322 [pool-187-thread-1] DEBUG f.i.l.r.s.c.DynamothDataCollector - [data] this.matrixT
15:31:26.322 [pool-187-thread-1] DEBUG f.i.l.r.s.c.DynamothDataCollector - [data] this.cachedP
15:31:26.322 [pool-187-thread-1] DEBUG f.i.l.r.s.c.DynamothDataCollector - [data] this.cachedT
15:31:26.322 [pool-187-thread-1] DEBUG f.i.l.r.s.c.DynamothDataCollector - [data] this.cachedPt
15:31:26.323 [pool-187-thread-1] DEBUG f.i.l.r.s.c.DynamothDataCollector - [data] this.epsilon
15:31:26.324 [pool-187-thread-1] DEBUG f.i.l.r.s.c.DynamothDataCollector - [data] this.findSmallSubDiagonalElement((int) l, (double) s)
15:31:26.326 [pool-187-thread-1] DEBUG f.i.l.r.s.c.DynamothDataCollector - [data] this.findSmallSubDiagonalElement((int) idx, (double) s)
15:31:26.328 [pool-208-thread-1] ERROR f.i.l.r.s.c.DynamothDataCollector - Unable to invoke the method org.apache.commons.math3.linear.SchurTransformer.findSmallSubDiagonalElement(int, double) [10, 0.05738906994717753]
com.sun.jdi.InvocationException: Exception occurred in target VM
	at com.sun.tools.jdi.ObjectReferenceImpl.invokeMethod(ObjectReferenceImpl.java:434) ~[tools.jar:na]
	at fr.inria.lille.repair.synthesis.collect.DynamothDataCollector$2.call(DynamothDataCollector.java:436) [nopol.jar:na]
	at fr.inria.lille.repair.synthesis.collect.DynamothDataCollector$2.call(DynamothDataCollector.java:427) [nopol.jar:na]
	at java.util.concurrent.FutureTask.run(FutureTask.java:266) [na:1.8.0_181]
	at java.util.concurrent.ThreadPoolExecutor.runWorker(ThreadPoolExecutor.java:1149) [na:1.8.0_181]
	at java.util.concurrent.ThreadPoolExecutor$Worker.run(ThreadPoolExecutor.java:624) [na:1.8.0_181]
	at java.lang.Thread.run(Thread.java:748) [na:1.8.0_181]
15:31:26.329 [pool-187-thread-1] DEBUG f.i.l.r.s.c.DynamothDataCollector - [data] this.findSmallSubDiagonalElement((int) 0, (double) s)
15:31:26.330 [pool-187-thread-1] DEBUG f.i.l.r.s.c.DynamothDataCollector - [data] this.findSmallSubDiagonalElement((int) 1, (double) s)
15:31:26.331 [pool-187-thread-1] DEBUG f.i.l.r.s.c.DynamothDataCollector - [data] this.getP()
15:31:26.332 [pool-187-thread-1] DEBUG f.i.l.r.s.c.DynamothDataCollector - [data] this.getT()
15:31:26.333 [pool-187-thread-1] DEBUG f.i.l.r.s.c.DynamothDataCollector - [data] this.getNorm()
15:31:26.376 [pool-187-thread-1] DEBUG f.i.l.r.s.DynamothCodeGenesisImpl - BreakpointEvent
15:31:26.378 [pool-187-thread-1] INFO  f.i.l.r.s.DynamothCodeGenesisImpl - [test] org.apache.commons.math3.linear.EigenDecompositionTest#testUnsymmetric iteration 0
15:31:26.379 [pool-187-thread-1] DEBUG f.i.l.r.s.c.SpoonElementsCollector - [data] shift=instance of org.apache.commons.math3.linear.SchurTransformer$ShiftInfo(id=547)
15:31:26.379 [pool-187-thread-1] DEBUG f.i.l.r.s.c.SpoonElementsCollector - [data] 0.75=0.75
15:31:26.379 [pool-187-thread-1] DEBUG f.i.l.r.s.c.SpoonElementsCollector - [data] s=1.0000002
15:31:26.379 [pool-187-thread-1] DEBUG f.i.l.r.s.c.DynamothDataCollector - Collect Level 1
15:31:26.379 [pool-187-thread-1] DEBUG f.i.l.r.s.c.DynamothDataCollector - [data] this=instance of org.apache.commons.math3.linear.SchurTransformer(id=544)
15:31:26.380 [pool-187-thread-1] DEBUG f.i.l.r.s.c.DynamothDataCollector - [data] l
15:31:26.380 [pool-187-thread-1] DEBUG f.i.l.r.s.c.DynamothDataCollector - [data] idx
15:31:26.380 [pool-187-thread-1] DEBUG f.i.l.r.s.c.DynamothDataCollector - [data] iteration
15:31:26.381 [pool-187-thread-1] DEBUG f.i.l.r.s.c.DynamothDataCollector - [data] shift
15:31:26.381 [pool-187-thread-1] DEBUG f.i.l.r.s.c.DynamothDataCollector - [data] s
15:31:26.387 [pool-187-thread-1] DEBUG f.i.l.r.s.c.DynamothDataCollector - [data] org.apache.commons.math3.util.FastMath.abs((int) l)
15:31:26.388 [pool-187-thread-1] DEBUG f.i.l.r.s.c.DynamothDataCollector - [data] org.apache.commons.math3.util.FastMath.abs((int) idx)
15:31:26.389 [pool-187-thread-1] DEBUG f.i.l.r.s.c.DynamothDataCollector - [data] org.apache.commons.math3.util.FastMath.abs((int) iteration)
15:31:26.390 [pool-187-thread-1] DEBUG f.i.l.r.s.c.DynamothDataCollector - [data] org.apache.commons.math3.util.FastMath.abs((int) 0)
15:31:26.391 [pool-187-thread-1] DEBUG f.i.l.r.s.c.DynamothDataCollector - [data] org.apache.commons.math3.util.FastMath.abs((int) 1)
15:31:26.392 [pool-187-thread-1] DEBUG f.i.l.r.s.c.DynamothDataCollector - [data] org.apache.commons.math3.util.FastMath.abs((double) s)
15:31:26.398 [pool-187-thread-1] DEBUG f.i.l.r.s.c.DynamothDataCollector - [data] org.apache.commons.math3.util.FastMath.sqrt((double) s)
15:31:26.401 [pool-187-thread-1] DEBUG f.i.l.r.s.c.DynamothDataCollector - [data] this.MAX_ITERATIONS
15:31:26.402 [pool-187-thread-1] DEBUG f.i.l.r.s.c.DynamothDataCollector - [data] this.matrixP
15:31:26.403 [pool-187-thread-1] DEBUG f.i.l.r.s.c.DynamothDataCollector - [data] this.matrixT
15:31:26.403 [pool-187-thread-1] DEBUG f.i.l.r.s.c.DynamothDataCollector - [data] this.cachedP
15:31:26.403 [pool-187-thread-1] DEBUG f.i.l.r.s.c.DynamothDataCollector - [data] this.cachedT
15:31:26.403 [pool-187-thread-1] DEBUG f.i.l.r.s.c.DynamothDataCollector - [data] this.cachedPt
15:31:26.403 [pool-187-thread-1] DEBUG f.i.l.r.s.c.DynamothDataCollector - [data] this.epsilon
15:31:26.405 [pool-187-thread-1] DEBUG f.i.l.r.s.c.DynamothDataCollector - [data] this.findSmallSubDiagonalElement((int) l, (double) s)
15:31:26.406 [pool-187-thread-1] DEBUG f.i.l.r.s.c.DynamothDataCollector - [data] this.findSmallSubDiagonalElement((int) idx, (double) s)
15:31:26.407 [pool-223-thread-1] ERROR f.i.l.r.s.c.DynamothDataCollector - Unable to invoke the method org.apache.commons.math3.linear.SchurTransformer.findSmallSubDiagonalElement(int, double) [10, 1.0000002]
com.sun.jdi.InvocationException: Exception occurred in target VM
	at com.sun.tools.jdi.ObjectReferenceImpl.invokeMethod(ObjectReferenceImpl.java:434) ~[tools.jar:na]
	at fr.inria.lille.repair.synthesis.collect.DynamothDataCollector$2.call(DynamothDataCollector.java:436) [nopol.jar:na]
	at fr.inria.lille.repair.synthesis.collect.DynamothDataCollector$2.call(DynamothDataCollector.java:427) [nopol.jar:na]
	at java.util.concurrent.FutureTask.run(FutureTask.java:266) [na:1.8.0_181]
	at java.util.concurrent.ThreadPoolExecutor.runWorker(ThreadPoolExecutor.java:1149) [na:1.8.0_181]
	at java.util.concurrent.ThreadPoolExecutor$Worker.run(ThreadPoolExecutor.java:624) [na:1.8.0_181]
	at java.lang.Thread.run(Thread.java:748) [na:1.8.0_181]
15:31:26.408 [pool-187-thread-1] DEBUG f.i.l.r.s.c.DynamothDataCollector - [data] this.findSmallSubDiagonalElement((int) 0, (double) s)
15:31:26.409 [pool-187-thread-1] DEBUG f.i.l.r.s.c.DynamothDataCollector - [data] this.findSmallSubDiagonalElement((int) 1, (double) s)
15:31:26.410 [pool-187-thread-1] DEBUG f.i.l.r.s.c.DynamothDataCollector - [data] this.getP()
15:31:26.411 [pool-187-thread-1] DEBUG f.i.l.r.s.c.DynamothDataCollector - [data] this.getT()
15:31:26.413 [pool-187-thread-1] DEBUG f.i.l.r.s.c.DynamothDataCollector - [data] this.getNorm()
15:31:26.422 [pool-187-thread-1] DEBUG f.i.l.r.s.DynamothCodeGenesisImpl - BreakpointEvent
15:31:26.423 [pool-187-thread-1] INFO  f.i.l.r.s.DynamothCodeGenesisImpl - [test] org.apache.commons.math3.linear.SchurTransformerTest#testMath848 iteration 0
15:31:26.424 [pool-187-thread-1] DEBUG f.i.l.r.s.c.SpoonElementsCollector - [data] shift=instance of org.apache.commons.math3.linear.SchurTransformer$ShiftInfo(id=565)
15:31:26.424 [pool-187-thread-1] DEBUG f.i.l.r.s.c.SpoonElementsCollector - [data] 0.75=0.75
15:31:26.424 [pool-187-thread-1] DEBUG f.i.l.r.s.c.SpoonElementsCollector - [data] s=0.05738906994717753
15:31:26.424 [pool-187-thread-1] DEBUG f.i.l.r.s.c.DynamothDataCollector - Collect Level 1
15:31:26.424 [pool-187-thread-1] DEBUG f.i.l.r.s.c.DynamothDataCollector - [data] this=instance of org.apache.commons.math3.linear.SchurTransformer(id=563)
15:31:26.425 [pool-187-thread-1] DEBUG f.i.l.r.s.c.DynamothDataCollector - [data] l
15:31:26.425 [pool-187-thread-1] DEBUG f.i.l.r.s.c.DynamothDataCollector - [data] idx
15:31:26.425 [pool-187-thread-1] DEBUG f.i.l.r.s.c.DynamothDataCollector - [data] iteration
15:31:26.425 [pool-187-thread-1] DEBUG f.i.l.r.s.c.DynamothDataCollector - [data] shift
15:31:26.426 [pool-187-thread-1] DEBUG f.i.l.r.s.c.DynamothDataCollector - [data] s
15:31:26.431 [pool-187-thread-1] DEBUG f.i.l.r.s.c.DynamothDataCollector - [data] org.apache.commons.math3.util.FastMath.abs((int) l)
15:31:26.432 [pool-187-thread-1] DEBUG f.i.l.r.s.c.DynamothDataCollector - [data] org.apache.commons.math3.util.FastMath.abs((int) idx)
15:31:26.433 [pool-187-thread-1] DEBUG f.i.l.r.s.c.DynamothDataCollector - [data] org.apache.commons.math3.util.FastMath.abs((int) iteration)
15:31:26.434 [pool-187-thread-1] DEBUG f.i.l.r.s.c.DynamothDataCollector - [data] org.apache.commons.math3.util.FastMath.abs((int) 0)
15:31:26.435 [pool-187-thread-1] DEBUG f.i.l.r.s.c.DynamothDataCollector - [data] org.apache.commons.math3.util.FastMath.abs((int) 1)
15:31:26.436 [pool-187-thread-1] DEBUG f.i.l.r.s.c.DynamothDataCollector - [data] org.apache.commons.math3.util.FastMath.abs((double) s)
15:31:26.442 [pool-187-thread-1] DEBUG f.i.l.r.s.c.DynamothDataCollector - [data] org.apache.commons.math3.util.FastMath.sqrt((double) s)
15:31:26.445 [pool-187-thread-1] DEBUG f.i.l.r.s.c.DynamothDataCollector - [data] this.MAX_ITERATIONS
15:31:26.447 [pool-187-thread-1] DEBUG f.i.l.r.s.c.DynamothDataCollector - [data] this.matrixP
15:31:26.449 [pool-187-thread-1] DEBUG f.i.l.r.s.c.DynamothDataCollector - [data] this.matrixT
15:31:26.449 [pool-187-thread-1] DEBUG f.i.l.r.s.c.DynamothDataCollector - [data] this.cachedP
15:31:26.449 [pool-187-thread-1] DEBUG f.i.l.r.s.c.DynamothDataCollector - [data] this.cachedT
15:31:26.449 [pool-187-thread-1] DEBUG f.i.l.r.s.c.DynamothDataCollector - [data] this.cachedPt
15:31:26.449 [pool-187-thread-1] DEBUG f.i.l.r.s.c.DynamothDataCollector - [data] this.epsilon
15:31:26.451 [pool-187-thread-1] DEBUG f.i.l.r.s.c.DynamothDataCollector - [data] this.findSmallSubDiagonalElement((int) l, (double) s)
15:31:26.452 [pool-187-thread-1] DEBUG f.i.l.r.s.c.DynamothDataCollector - [data] this.findSmallSubDiagonalElement((int) idx, (double) s)
15:31:26.453 [pool-238-thread-1] ERROR f.i.l.r.s.c.DynamothDataCollector - Unable to invoke the method org.apache.commons.math3.linear.SchurTransformer.findSmallSubDiagonalElement(int, double) [10, 0.05738906994717753]
com.sun.jdi.InvocationException: Exception occurred in target VM
	at com.sun.tools.jdi.ObjectReferenceImpl.invokeMethod(ObjectReferenceImpl.java:434) ~[tools.jar:na]
	at fr.inria.lille.repair.synthesis.collect.DynamothDataCollector$2.call(DynamothDataCollector.java:436) [nopol.jar:na]
	at fr.inria.lille.repair.synthesis.collect.DynamothDataCollector$2.call(DynamothDataCollector.java:427) [nopol.jar:na]
	at java.util.concurrent.FutureTask.run(FutureTask.java:266) [na:1.8.0_181]
	at java.util.concurrent.ThreadPoolExecutor.runWorker(ThreadPoolExecutor.java:1149) [na:1.8.0_181]
	at java.util.concurrent.ThreadPoolExecutor$Worker.run(ThreadPoolExecutor.java:624) [na:1.8.0_181]
	at java.lang.Thread.run(Thread.java:748) [na:1.8.0_181]
15:31:26.454 [pool-187-thread-1] DEBUG f.i.l.r.s.c.DynamothDataCollector - [data] this.findSmallSubDiagonalElement((int) 0, (double) s)
15:31:26.455 [pool-187-thread-1] DEBUG f.i.l.r.s.c.DynamothDataCollector - [data] this.findSmallSubDiagonalElement((int) 1, (double) s)
15:31:26.456 [pool-187-thread-1] DEBUG f.i.l.r.s.c.DynamothDataCollector - [data] this.getP()
15:31:26.457 [pool-187-thread-1] DEBUG f.i.l.r.s.c.DynamothDataCollector - [data] this.getT()
15:31:26.458 [pool-187-thread-1] DEBUG f.i.l.r.s.c.DynamothDataCollector - [data] this.getNorm()
15:31:26.462 [pool-187-thread-1] DEBUG f.i.l.r.s.DynamothCodeGenesisImpl - Exit


========= Info ==========
Nb constants             19
Nb method invocations    6
Nb field access          2
Nb variables             5
Total                    32
Nb evaluated expressions 1
Init Execution time      897 ms
Collect Execution time   185 ms
Combine Execution time   1.0 ms
Nb Combination par sec   1000 combinations/sec
Total Execution time     1083 ms
Nb line execution        3
Nb results               1

Results:
1. negInf


========================
         Stat
========================
Operators: 
MINUS 10
MUL 5
PLUS 3
DIV 3
EQ 2
LT 2
LE 2
GT 1
Methods: 
abs(double) 2
sqrt(double) 1
compareTo(double,double,double) 1
Variable: 
shift 24
x 18
matrixT 16
s 15
idx 15
y 14
w 12
i 8
exShift 4
epsilon 2
iteration 2
l 1

 & 19 & 6 & 2 & 5 & 32 & 1 & 1084 ms & 3 &
15:31:26.464 [pool-187-thread-1] INFO  f.i.l.repair.nopol.patch.TestPatch - Applying patch: org.apache.commons.math3.linear.SchurTransformer:316: PRECONDITION negInf
15:31:26.626 [pool-187-thread-1] ERROR x.java.compiler.DynamicClassCompiler - [Compilation errors]
SchurTransformer.java:175: error: cannot find symbol
            if (negInf)
                ^
  symbol:   variable negInf
  location: class org.apache.commons.math3.linear.SchurTransformer
SchurTransformer.java:175: error: illegal start of type
            if (negInf)
               ^
15:31:26.626 [pool-187-thread-1] ERROR fr.inria.lille.repair.nopol.NoPol - Patch malformed negInf
xxl.java.compiler.DynamicCompilationException: Aborting: dynamic compilation failed
	at xxl.java.compiler.DynamicClassCompiler.runCompilationTask(DynamicClassCompiler.java:99) ~[nopol.jar:na]
	at xxl.java.compiler.DynamicClassCompiler.javaBytecodeFor(DynamicClassCompiler.java:67) ~[nopol.jar:na]
	at fr.inria.lille.commons.spoon.SpoonedFile.compilationFor(SpoonedFile.java:203) ~[nopol.jar:na]
	at fr.inria.lille.commons.spoon.SpoonedFile.compileModelledClasses(SpoonedFile.java:177) ~[nopol.jar:na]
	at fr.inria.lille.commons.spoon.SpoonedFile.dumpedToClassLoader(SpoonedFile.java:130) ~[nopol.jar:na]
	at fr.inria.lille.commons.spoon.SpoonedFile.processedAndDumpedToClassLoader(SpoonedFile.java:140) ~[nopol.jar:na]
	at fr.inria.lille.commons.spoon.SpoonedFile.processedAndDumpedToClassLoader(SpoonedFile.java:135) ~[nopol.jar:na]
	at fr.inria.lille.repair.nopol.patch.TestPatch.passesAllTests(TestPatch.java:60) ~[nopol.jar:na]
	at fr.inria.lille.repair.nopol.NoPol.isOk(NoPol.java:317) [nopol.jar:na]
	at fr.inria.lille.repair.nopol.NoPol.runNopolProcessor(NoPol.java:302) [nopol.jar:na]
	at fr.inria.lille.repair.nopol.NoPol.access$000(NoPol.java:81) [nopol.jar:na]
	at fr.inria.lille.repair.nopol.NoPol$1.call(NoPol.java:260) [nopol.jar:na]
	at java.util.concurrent.FutureTask.run(FutureTask.java:266) [na:1.8.0_181]
	at java.util.concurrent.ThreadPoolExecutor.runWorker(ThreadPoolExecutor.java:1149) [na:1.8.0_181]
	at java.util.concurrent.ThreadPoolExecutor$Worker.run(ThreadPoolExecutor.java:624) [na:1.8.0_181]
	at java.lang.Thread.run(Thread.java:748) [na:1.8.0_181]
15:31:26.627 [pool-2-thread-1] ERROR fr.inria.lille.repair.nopol.NoPol - Error ExecutionException java.util.concurrent.ExecutionException: java.lang.RuntimeException: invalid patch
15:31:26.627 [pool-2-thread-1] DEBUG fr.inria.lille.repair.nopol.NoPol - statement #24
15:31:26.627 [pool-2-thread-1] DEBUG fr.inria.lille.repair.nopol.NoPol - Analysing SourceLocation org.apache.commons.math3.linear.SchurTransformer:315 which is executed by 4 tests
-8945339
15:31:26.727 [pool-2-thread-1] DEBUG fr.inria.lille.repair.nopol.NoPol - statement #25
15:31:26.727 [pool-2-thread-1] DEBUG fr.inria.lille.repair.nopol.NoPol - Analysing SourceLocation org.apache.commons.math3.linear.SchurTransformer:313 which is executed by 4 tests
-8945339
15:31:26.827 [pool-2-thread-1] DEBUG fr.inria.lille.repair.nopol.NoPol - looking with class fr.inria.lille.repair.nopol.spoon.smt.ConditionalAdder
java.lang.AssertionError: Failed to create EigenDecomposition for matrix Array2DRowRealMatrix{{0.184944928,-0.0646971046,0.0774755812,-0.0969651755,-0.0692648806,0.3282344352,-0.0177423074,0.206313634},{-0.0742700134,-0.028906303,-0.001726946,-0.0375550146,-0.0487737922,-0.2616837868,-0.0821201295,-0.2530000167},{0.2549910127,0.0995733692,-0.0009718388,0.0149282808,0.1791878897,-0.0823182816,0.0582629256,0.3219545182},{-0.0694747557,-0.1880649148,-0.2740630911,0.0720096468,-0.1800836914,-0.3518996425,0.2486747833,0.6257938167},{0.0536360918,-0.1339297778,0.2241579764,-0.0195327484,-0.0054103808,0.0347564518,0.5120802482,-0.0329902864},{-0.5933332356,-0.2488721082,0.2357173629,0.0177285473,0.0856630593,-0.35671263,-0.1600668126,-0.1010899621},{-0.0514349819,-0.0854319435,0.1125050061,0.006345356,-0.2250000688,-0.220934309,0.1964623477,-0.1512329924},{0.0197395947,-0.1997170581,-0.1425959019,-0.274947791,-0.0969467073,0.060368852,-0.2826905192,0.1794315473}}, ex=org.apache.commons.math3.exception.MaxCountExceededException: illegal state: convergence failed
    at org.junit.Assert.fail(Assert.java:88)
    at org.apache.commons.math3.linear.EigenDecompositionTest.checkUnsymmetricMatrix(EigenDecompositionTest.java:449)
    at org.apache.commons.math3.linear.EigenDecompositionTest.testMath848(EigenDecompositionTest.java:423)
    at sun.reflect.NativeMethodAccessorImpl.invoke0(Native Method)
    at sun.reflect.NativeMethodAccessorImpl.invoke(NativeMethodAccessorImpl.java:62)
    at sun.reflect.DelegatingMethodAccessorImpl.invoke(DelegatingMethodAccessorImpl.java:43)
org.apache.commons.math3.exception.MaxCountExceededException: illegal state: convergence failed
    at org.apache.commons.math3.linear.SchurTransformer.transform(SchurTransformer.java:210)
    at org.apache.commons.math3.linear.SchurTransformer.<init>(SchurTransformer.java:83)
    at org.apache.commons.math3.linear.SchurTransformerTest.checkAEqualPTPt(SchurTransformerTest.java:154)
    at org.apache.commons.math3.linear.SchurTransformerTest.testMath848(SchurTransformerTest.java:145)
    at sun.reflect.NativeMethodAccessorImpl.invoke0(Native Method)
    at sun.reflect.NativeMethodAccessorImpl.invoke(NativeMethodAccessorImpl.java:62)
15:31:27.260 [pool-245-thread-1] INFO  xxl.java.junit.TestCasesListener - Tests run finished (426 ms)
<> Total tests run: 31
<> Ignored tests: 2
<> Failed tests: 2
~ testMath848(org.apache.commons.math3.linear.EigenDecompositionTest)
[Failed to create EigenDecomposition for matrix Array2DRowRealMatrix{{0.184944928,-0.0646971046,0.0774755812,-0.0969651755,-0.0692648806,0.3282344352,-0.0177423074,0.206313634},{-0.0742700134,-0.028906303,-0.001726946,-0.0375550146,-0.0487737922,-0.2616837868,-0.0821201295,-0.2530000167},{0.2549910127,0.0995733692,-0.0009718388,0.0149282808,0.1791878897,-0.0823182816,0.0582629256,0.3219545182},{-0.0694747557,-0.1880649148,-0.2740630911,0.0720096468,-0.1800836914,-0.3518996425,0.2486747833,0.6257938167},{0.0536360918,-0.1339297778,0.2241579764,-0.0195327484,-0.0054103808,0.0347564518,0.5120802482,-0.0329902864},{-0.5933332356,-0.2488721082,0.2357173629,0.0177285473,0.0856630593,-0.35671263,-0.1600668126,-0.1010899621},{-0.0514349819,-0.0854319435,0.1125050061,0.006345356,-0.2250000688,-0.220934309,0.1964623477,-0.1512329924},{0.0197395947,-0.1997170581,-0.1425959019,-0.274947791,-0.0969467073,0.060368852,-0.2826905192,0.1794315473}}, ex=org.apache.commons.math3.exception.MaxCountExceededException: illegal state: convergence failed]
java.lang.AssertionError: Failed to create EigenDecomposition for matrix Array2DRowRealMatrix{{0.184944928,-0.0646971046,0.0774755812,-0.0969651755,-0.0692648806,0.3282344352,-0.0177423074,0.206313634},{-0.0742700134,-0.028906303,-0.001726946,-0.0375550146,-0.0487737922,-0.2616837868,-0.0821201295,-0.2530000167},{0.2549910127,0.0995733692,-0.0009718388,0.0149282808,0.1791878897,-0.0823182816,0.0582629256,0.3219545182},{-0.0694747557,-0.1880649148,-0.2740630911,0.0720096468,-0.1800836914,-0.3518996425,0.2486747833,0.6257938167},{0.0536360918,-0.1339297778,0.2241579764,-0.0195327484,-0.0054103808,0.0347564518,0.5120802482,-0.0329902864},{-0.5933332356,-0.2488721082,0.2357173629,0.0177285473,0.0856630593,-0.35671263,-0.1600668126,-0.1010899621},{-0.0514349819,-0.0854319435,0.1125050061,0.006345356,-0.2250000688,-0.220934309,0.1964623477,-0.1512329924},{0.0197395947,-0.1997170581,-0.1425959019,-0.274947791,-0.0969467073,0.060368852,-0.2826905192,0.1794315473}}, ex=org.apache.commons.math3.exception.MaxCountExceededException: illegal state: convergence failed    at org.junit.Assert.fail(Assert.java:88)
    at org.apache.commons.math3.linear.EigenDecompositionTest.checkUnsymmetricMatrix(EigenDecompositionTest.java:449)
    at org.apache.commons.math3.linear.EigenDecompositionTest.testMath848(EigenDecompositionTest.java:423)
    at sun.reflect.NativeMethodAccessorImpl.invoke0(Native Method)
    at sun.reflect.NativeMethodAccessorImpl.invoke(NativeMethodAccessorImpl.java:62)
    at sun.reflect.DelegatingMethodAccessorImpl.invoke(DelegatingMethodAccessorImpl.java:43)
~ testMath848(org.apache.commons.math3.linear.SchurTransformerTest)
[illegal state: convergence failed]
org.apache.commons.math3.exception.MaxCountExceededException: illegal state: convergence failed    at org.apache.commons.math3.linear.SchurTransformer.transform(SchurTransformer.java:210)
    at org.apache.commons.math3.linear.SchurTransformer.<init>(SchurTransformer.java:83)
    at org.apache.commons.math3.linear.SchurTransformerTest.checkAEqualPTPt(SchurTransformerTest.java:154)
    at org.apache.commons.math3.linear.SchurTransformerTest.testMath848(SchurTransformerTest.java:145)
    at sun.reflect.NativeMethodAccessorImpl.invoke0(Native Method)
    at sun.reflect.NativeMethodAccessorImpl.invoke(NativeMethodAccessorImpl.java:62)

15:31:27.473 [pool-2-thread-1] DEBUG fr.inria.lille.repair.nopol.NoPol - statement #26
15:31:27.473 [pool-2-thread-1] DEBUG fr.inria.lille.repair.nopol.NoPol - Analysing SourceLocation org.apache.commons.math3.linear.SchurTransformer:312 which is executed by 4 tests
-8945339
15:31:27.573 [pool-2-thread-1] DEBUG fr.inria.lille.repair.nopol.NoPol - looking with class fr.inria.lille.repair.nopol.spoon.smt.ConditionalAdder
java.lang.AssertionError: Failed to create EigenDecomposition for matrix Array2DRowRealMatrix{{0.184944928,-0.0646971046,0.0774755812,-0.0969651755,-0.0692648806,0.3282344352,-0.0177423074,0.206313634},{-0.0742700134,-0.028906303,-0.001726946,-0.0375550146,-0.0487737922,-0.2616837868,-0.0821201295,-0.2530000167},{0.2549910127,0.0995733692,-0.0009718388,0.0149282808,0.1791878897,-0.0823182816,0.0582629256,0.3219545182},{-0.0694747557,-0.1880649148,-0.2740630911,0.0720096468,-0.1800836914,-0.3518996425,0.2486747833,0.6257938167},{0.0536360918,-0.1339297778,0.2241579764,-0.0195327484,-0.0054103808,0.0347564518,0.5120802482,-0.0329902864},{-0.5933332356,-0.2488721082,0.2357173629,0.0177285473,0.0856630593,-0.35671263,-0.1600668126,-0.1010899621},{-0.0514349819,-0.0854319435,0.1125050061,0.006345356,-0.2250000688,-0.220934309,0.1964623477,-0.1512329924},{0.0197395947,-0.1997170581,-0.1425959019,-0.274947791,-0.0969467073,0.060368852,-0.2826905192,0.1794315473}}, ex=org.apache.commons.math3.exception.MaxCountExceededException: illegal state: convergence failed
    at org.junit.Assert.fail(Assert.java:88)
    at org.apache.commons.math3.linear.EigenDecompositionTest.checkUnsymmetricMatrix(EigenDecompositionTest.java:449)
    at org.apache.commons.math3.linear.EigenDecompositionTest.testMath848(EigenDecompositionTest.java:423)
    at sun.reflect.NativeMethodAccessorImpl.invoke0(Native Method)
    at sun.reflect.NativeMethodAccessorImpl.invoke(NativeMethodAccessorImpl.java:62)
    at sun.reflect.DelegatingMethodAccessorImpl.invoke(DelegatingMethodAccessorImpl.java:43)
org.apache.commons.math3.exception.MaxCountExceededException: illegal state: convergence failed
    at org.apache.commons.math3.linear.SchurTransformer.transform(SchurTransformer.java:210)
    at org.apache.commons.math3.linear.SchurTransformer.<init>(SchurTransformer.java:83)
    at org.apache.commons.math3.linear.SchurTransformerTest.checkAEqualPTPt(SchurTransformerTest.java:154)
    at org.apache.commons.math3.linear.SchurTransformerTest.testMath848(SchurTransformerTest.java:145)
    at sun.reflect.NativeMethodAccessorImpl.invoke0(Native Method)
    at sun.reflect.NativeMethodAccessorImpl.invoke(NativeMethodAccessorImpl.java:62)
15:31:28.004 [pool-251-thread-1] INFO  xxl.java.junit.TestCasesListener - Tests run finished (424 ms)
<> Total tests run: 31
<> Ignored tests: 2
<> Failed tests: 2
~ testMath848(org.apache.commons.math3.linear.EigenDecompositionTest)
[Failed to create EigenDecomposition for matrix Array2DRowRealMatrix{{0.184944928,-0.0646971046,0.0774755812,-0.0969651755,-0.0692648806,0.3282344352,-0.0177423074,0.206313634},{-0.0742700134,-0.028906303,-0.001726946,-0.0375550146,-0.0487737922,-0.2616837868,-0.0821201295,-0.2530000167},{0.2549910127,0.0995733692,-0.0009718388,0.0149282808,0.1791878897,-0.0823182816,0.0582629256,0.3219545182},{-0.0694747557,-0.1880649148,-0.2740630911,0.0720096468,-0.1800836914,-0.3518996425,0.2486747833,0.6257938167},{0.0536360918,-0.1339297778,0.2241579764,-0.0195327484,-0.0054103808,0.0347564518,0.5120802482,-0.0329902864},{-0.5933332356,-0.2488721082,0.2357173629,0.0177285473,0.0856630593,-0.35671263,-0.1600668126,-0.1010899621},{-0.0514349819,-0.0854319435,0.1125050061,0.006345356,-0.2250000688,-0.220934309,0.1964623477,-0.1512329924},{0.0197395947,-0.1997170581,-0.1425959019,-0.274947791,-0.0969467073,0.060368852,-0.2826905192,0.1794315473}}, ex=org.apache.commons.math3.exception.MaxCountExceededException: illegal state: convergence failed]
java.lang.AssertionError: Failed to create EigenDecomposition for matrix Array2DRowRealMatrix{{0.184944928,-0.0646971046,0.0774755812,-0.0969651755,-0.0692648806,0.3282344352,-0.0177423074,0.206313634},{-0.0742700134,-0.028906303,-0.001726946,-0.0375550146,-0.0487737922,-0.2616837868,-0.0821201295,-0.2530000167},{0.2549910127,0.0995733692,-0.0009718388,0.0149282808,0.1791878897,-0.0823182816,0.0582629256,0.3219545182},{-0.0694747557,-0.1880649148,-0.2740630911,0.0720096468,-0.1800836914,-0.3518996425,0.2486747833,0.6257938167},{0.0536360918,-0.1339297778,0.2241579764,-0.0195327484,-0.0054103808,0.0347564518,0.5120802482,-0.0329902864},{-0.5933332356,-0.2488721082,0.2357173629,0.0177285473,0.0856630593,-0.35671263,-0.1600668126,-0.1010899621},{-0.0514349819,-0.0854319435,0.1125050061,0.006345356,-0.2250000688,-0.220934309,0.1964623477,-0.1512329924},{0.0197395947,-0.1997170581,-0.1425959019,-0.274947791,-0.0969467073,0.060368852,-0.2826905192,0.1794315473}}, ex=org.apache.commons.math3.exception.MaxCountExceededException: illegal state: convergence failed    at org.junit.Assert.fail(Assert.java:88)
    at org.apache.commons.math3.linear.EigenDecompositionTest.checkUnsymmetricMatrix(EigenDecompositionTest.java:449)
    at org.apache.commons.math3.linear.EigenDecompositionTest.testMath848(EigenDecompositionTest.java:423)
    at sun.reflect.NativeMethodAccessorImpl.invoke0(Native Method)
    at sun.reflect.NativeMethodAccessorImpl.invoke(NativeMethodAccessorImpl.java:62)
    at sun.reflect.DelegatingMethodAccessorImpl.invoke(DelegatingMethodAccessorImpl.java:43)
~ testMath848(org.apache.commons.math3.linear.SchurTransformerTest)
[illegal state: convergence failed]
org.apache.commons.math3.exception.MaxCountExceededException: illegal state: convergence failed    at org.apache.commons.math3.linear.SchurTransformer.transform(SchurTransformer.java:210)
    at org.apache.commons.math3.linear.SchurTransformer.<init>(SchurTransformer.java:83)
    at org.apache.commons.math3.linear.SchurTransformerTest.checkAEqualPTPt(SchurTransformerTest.java:154)
    at org.apache.commons.math3.linear.SchurTransformerTest.testMath848(SchurTransformerTest.java:145)
    at sun.reflect.NativeMethodAccessorImpl.invoke0(Native Method)
    at sun.reflect.NativeMethodAccessorImpl.invoke(NativeMethodAccessorImpl.java:62)

15:31:28.213 [pool-2-thread-1] DEBUG fr.inria.lille.repair.nopol.NoPol - statement #27
15:31:28.213 [pool-2-thread-1] DEBUG fr.inria.lille.repair.nopol.NoPol - Analysing SourceLocation org.apache.commons.math3.linear.SchurTransformer:311 which is executed by 4 tests
-8945339
15:31:28.313 [pool-2-thread-1] DEBUG fr.inria.lille.repair.nopol.NoPol - looking with class fr.inria.lille.repair.nopol.spoon.smt.ConditionalAdder
java.lang.AssertionError: Failed to create EigenDecomposition for matrix Array2DRowRealMatrix{{0.184944928,-0.0646971046,0.0774755812,-0.0969651755,-0.0692648806,0.3282344352,-0.0177423074,0.206313634},{-0.0742700134,-0.028906303,-0.001726946,-0.0375550146,-0.0487737922,-0.2616837868,-0.0821201295,-0.2530000167},{0.2549910127,0.0995733692,-0.0009718388,0.0149282808,0.1791878897,-0.0823182816,0.0582629256,0.3219545182},{-0.0694747557,-0.1880649148,-0.2740630911,0.0720096468,-0.1800836914,-0.3518996425,0.2486747833,0.6257938167},{0.0536360918,-0.1339297778,0.2241579764,-0.0195327484,-0.0054103808,0.0347564518,0.5120802482,-0.0329902864},{-0.5933332356,-0.2488721082,0.2357173629,0.0177285473,0.0856630593,-0.35671263,-0.1600668126,-0.1010899621},{-0.0514349819,-0.0854319435,0.1125050061,0.006345356,-0.2250000688,-0.220934309,0.1964623477,-0.1512329924},{0.0197395947,-0.1997170581,-0.1425959019,-0.274947791,-0.0969467073,0.060368852,-0.2826905192,0.1794315473}}, ex=org.apache.commons.math3.exception.MaxCountExceededException: illegal state: convergence failed
    at org.junit.Assert.fail(Assert.java:88)
    at org.apache.commons.math3.linear.EigenDecompositionTest.checkUnsymmetricMatrix(EigenDecompositionTest.java:449)
    at org.apache.commons.math3.linear.EigenDecompositionTest.testMath848(EigenDecompositionTest.java:423)
    at sun.reflect.NativeMethodAccessorImpl.invoke0(Native Method)
    at sun.reflect.NativeMethodAccessorImpl.invoke(NativeMethodAccessorImpl.java:62)
    at sun.reflect.DelegatingMethodAccessorImpl.invoke(DelegatingMethodAccessorImpl.java:43)
org.apache.commons.math3.exception.MaxCountExceededException: illegal state: convergence failed
    at org.apache.commons.math3.linear.SchurTransformer.transform(SchurTransformer.java:210)
    at org.apache.commons.math3.linear.SchurTransformer.<init>(SchurTransformer.java:83)
    at org.apache.commons.math3.linear.SchurTransformerTest.checkAEqualPTPt(SchurTransformerTest.java:154)
    at org.apache.commons.math3.linear.SchurTransformerTest.testMath848(SchurTransformerTest.java:145)
    at sun.reflect.NativeMethodAccessorImpl.invoke0(Native Method)
    at sun.reflect.NativeMethodAccessorImpl.invoke(NativeMethodAccessorImpl.java:62)
15:31:28.732 [pool-257-thread-1] INFO  xxl.java.junit.TestCasesListener - Tests run finished (413 ms)
<> Total tests run: 31
<> Ignored tests: 2
<> Failed tests: 2
~ testMath848(org.apache.commons.math3.linear.EigenDecompositionTest)
[Failed to create EigenDecomposition for matrix Array2DRowRealMatrix{{0.184944928,-0.0646971046,0.0774755812,-0.0969651755,-0.0692648806,0.3282344352,-0.0177423074,0.206313634},{-0.0742700134,-0.028906303,-0.001726946,-0.0375550146,-0.0487737922,-0.2616837868,-0.0821201295,-0.2530000167},{0.2549910127,0.0995733692,-0.0009718388,0.0149282808,0.1791878897,-0.0823182816,0.0582629256,0.3219545182},{-0.0694747557,-0.1880649148,-0.2740630911,0.0720096468,-0.1800836914,-0.3518996425,0.2486747833,0.6257938167},{0.0536360918,-0.1339297778,0.2241579764,-0.0195327484,-0.0054103808,0.0347564518,0.5120802482,-0.0329902864},{-0.5933332356,-0.2488721082,0.2357173629,0.0177285473,0.0856630593,-0.35671263,-0.1600668126,-0.1010899621},{-0.0514349819,-0.0854319435,0.1125050061,0.006345356,-0.2250000688,-0.220934309,0.1964623477,-0.1512329924},{0.0197395947,-0.1997170581,-0.1425959019,-0.274947791,-0.0969467073,0.060368852,-0.2826905192,0.1794315473}}, ex=org.apache.commons.math3.exception.MaxCountExceededException: illegal state: convergence failed]
java.lang.AssertionError: Failed to create EigenDecomposition for matrix Array2DRowRealMatrix{{0.184944928,-0.0646971046,0.0774755812,-0.0969651755,-0.0692648806,0.3282344352,-0.0177423074,0.206313634},{-0.0742700134,-0.028906303,-0.001726946,-0.0375550146,-0.0487737922,-0.2616837868,-0.0821201295,-0.2530000167},{0.2549910127,0.0995733692,-0.0009718388,0.0149282808,0.1791878897,-0.0823182816,0.0582629256,0.3219545182},{-0.0694747557,-0.1880649148,-0.2740630911,0.0720096468,-0.1800836914,-0.3518996425,0.2486747833,0.6257938167},{0.0536360918,-0.1339297778,0.2241579764,-0.0195327484,-0.0054103808,0.0347564518,0.5120802482,-0.0329902864},{-0.5933332356,-0.2488721082,0.2357173629,0.0177285473,0.0856630593,-0.35671263,-0.1600668126,-0.1010899621},{-0.0514349819,-0.0854319435,0.1125050061,0.006345356,-0.2250000688,-0.220934309,0.1964623477,-0.1512329924},{0.0197395947,-0.1997170581,-0.1425959019,-0.274947791,-0.0969467073,0.060368852,-0.2826905192,0.1794315473}}, ex=org.apache.commons.math3.exception.MaxCountExceededException: illegal state: convergence failed    at org.junit.Assert.fail(Assert.java:88)
    at org.apache.commons.math3.linear.EigenDecompositionTest.checkUnsymmetricMatrix(EigenDecompositionTest.java:449)
    at org.apache.commons.math3.linear.EigenDecompositionTest.testMath848(EigenDecompositionTest.java:423)
    at sun.reflect.NativeMethodAccessorImpl.invoke0(Native Method)
    at sun.reflect.NativeMethodAccessorImpl.invoke(NativeMethodAccessorImpl.java:62)
    at sun.reflect.DelegatingMethodAccessorImpl.invoke(DelegatingMethodAccessorImpl.java:43)
~ testMath848(org.apache.commons.math3.linear.SchurTransformerTest)
[illegal state: convergence failed]
org.apache.commons.math3.exception.MaxCountExceededException: illegal state: convergence failed    at org.apache.commons.math3.linear.SchurTransformer.transform(SchurTransformer.java:210)
    at org.apache.commons.math3.linear.SchurTransformer.<init>(SchurTransformer.java:83)
    at org.apache.commons.math3.linear.SchurTransformerTest.checkAEqualPTPt(SchurTransformerTest.java:154)
    at org.apache.commons.math3.linear.SchurTransformerTest.testMath848(SchurTransformerTest.java:145)
    at sun.reflect.NativeMethodAccessorImpl.invoke0(Native Method)
    at sun.reflect.NativeMethodAccessorImpl.invoke(NativeMethodAccessorImpl.java:62)

15:31:28.935 [pool-2-thread-1] DEBUG fr.inria.lille.repair.nopol.NoPol - statement #28
15:31:28.935 [pool-2-thread-1] DEBUG fr.inria.lille.repair.nopol.NoPol - Analysing SourceLocation org.apache.commons.math3.exception.util.LocalizedFormats:394 which is executed by 9 tests
-1352183934
15:31:29.063 [pool-2-thread-1] DEBUG fr.inria.lille.repair.nopol.NoPol - statement #29
15:31:29.063 [pool-2-thread-1] DEBUG fr.inria.lille.repair.nopol.NoPol - Analysing SourceLocation org.apache.commons.math3.exception.util.LocalizedFormats:382 which is executed by 11 tests
-1352183934
15:31:29.190 [pool-2-thread-1] DEBUG fr.inria.lille.repair.nopol.NoPol - statement #30
15:31:29.191 [pool-2-thread-1] DEBUG fr.inria.lille.repair.nopol.NoPol - Analysing SourceLocation org.apache.commons.math3.exception.util.LocalizedFormats:381 which is executed by 11 tests
-1352183934
15:31:29.316 [pool-2-thread-1] DEBUG fr.inria.lille.repair.nopol.NoPol - statement #31
15:31:29.316 [pool-2-thread-1] DEBUG fr.inria.lille.repair.nopol.NoPol - Analysing SourceLocation org.apache.commons.math3.exception.util.LocalizedFormats:380 which is executed by 11 tests
-1352183934
15:31:29.446 [pool-2-thread-1] DEBUG fr.inria.lille.repair.nopol.NoPol - statement #32
15:31:29.446 [pool-2-thread-1] DEBUG fr.inria.lille.repair.nopol.NoPol - Analysing SourceLocation org.apache.commons.math3.optimization.direct.BOBYQAOptimizer:2067 which is executed by 5 tests
283261218
15:31:29.596 [pool-2-thread-1] DEBUG fr.inria.lille.repair.nopol.NoPol - looking with class fr.inria.lille.repair.nopol.spoon.smt.ConditionalAdder
java.lang.AssertionError: expected:<0.0> but was:<1.047765607609108E-8>
    at org.junit.Assert.fail(Assert.java:88)
    at org.junit.Assert.failNotEquals(Assert.java:743)
    at org.junit.Assert.assertEquals(Assert.java:494)
    at org.apache.commons.math3.optimization.direct.BOBYQAOptimizerTest.doTest(BOBYQAOptimizerTest.java:326)
    at org.apache.commons.math3.optimization.direct.BOBYQAOptimizerTest.doTest(BOBYQAOptimizerTest.java:276)
    at org.apache.commons.math3.optimization.direct.BOBYQAOptimizerTest.testAckley(BOBYQAOptimizerTest.java:205)
org.apache.commons.math3.exception.TooManyEvaluationsException: illegal state: maximal count (12,000) exceeded: evaluations
    at org.apache.commons.math3.optimization.direct.BaseAbstractMultivariateOptimizer.computeObjectiveValue(BaseAbstractMultivariateOptimizer.java:97)
    at org.apache.commons.math3.optimization.direct.BOBYQAOptimizer.bobyqb(BOBYQAOptimizer.java:828)
    at org.apache.commons.math3.optimization.direct.BOBYQAOptimizer.bobyqa(BOBYQAOptimizer.java:334)
    at org.apache.commons.math3.optimization.direct.BOBYQAOptimizer.doOptimize(BOBYQAOptimizer.java:246)
    at org.apache.commons.math3.optimization.direct.BaseAbstractMultivariateOptimizer.optimizeInternal(BaseAbstractMultivariateOptimizer.java:148)
    at org.apache.commons.math3.optimization.direct.BaseAbstractMultivariateOptimizer.optimize(BaseAbstractMultivariateOptimizer.java:105)
java.lang.AssertionError: expected:<0.0> but was:<1.047765607609108E-8>
    at org.junit.Assert.fail(Assert.java:88)
    at org.junit.Assert.failNotEquals(Assert.java:743)
    at org.junit.Assert.assertEquals(Assert.java:494)
    at org.apache.commons.math3.optimization.direct.BOBYQAOptimizerTest.doTest(BOBYQAOptimizerTest.java:326)
    at org.apache.commons.math3.optimization.direct.BOBYQAOptimizerTest.doTest(BOBYQAOptimizerTest.java:276)
    at org.apache.commons.math3.optimization.direct.BOBYQAOptimizerTest.testAckley(BOBYQAOptimizerTest.java:205)
org.apache.commons.math3.exception.TooManyEvaluationsException: illegal state: maximal count (12,000) exceeded: evaluations
    at org.apache.commons.math3.optimization.direct.BaseAbstractMultivariateOptimizer.computeObjectiveValue(BaseAbstractMultivariateOptimizer.java:97)
    at org.apache.commons.math3.optimization.direct.BOBYQAOptimizer.bobyqb(BOBYQAOptimizer.java:828)
    at org.apache.commons.math3.optimization.direct.BOBYQAOptimizer.bobyqa(BOBYQAOptimizer.java:334)
    at org.apache.commons.math3.optimization.direct.BOBYQAOptimizer.doOptimize(BOBYQAOptimizer.java:246)
    at org.apache.commons.math3.optimization.direct.BaseAbstractMultivariateOptimizer.optimizeInternal(BaseAbstractMultivariateOptimizer.java:148)
    at org.apache.commons.math3.optimization.direct.BaseAbstractMultivariateOptimizer.optimize(BaseAbstractMultivariateOptimizer.java:105)
15:32:17.055 [pool-263-thread-1] INFO  xxl.java.junit.TestCasesListener - Tests run finished (47454 ms)
<> Total tests run: 38
<> Ignored tests: 0
<> Failed tests: 4
~ testAckley(org.apache.commons.math3.optimization.direct.BOBYQAOptimizerTest)
[expected:<0.0> but was:<1.047765607609108E-8>]
java.lang.AssertionError: expected:<0.0> but was:<1.047765607609108E-8>    at org.junit.Assert.fail(Assert.java:88)
    at org.junit.Assert.failNotEquals(Assert.java:743)
    at org.junit.Assert.assertEquals(Assert.java:494)
    at org.apache.commons.math3.optimization.direct.BOBYQAOptimizerTest.doTest(BOBYQAOptimizerTest.java:326)
    at org.apache.commons.math3.optimization.direct.BOBYQAOptimizerTest.doTest(BOBYQAOptimizerTest.java:276)
    at org.apache.commons.math3.optimization.direct.BOBYQAOptimizerTest.testAckley(BOBYQAOptimizerTest.java:205)
~ testDiffPow(org.apache.commons.math3.optimization.direct.BOBYQAOptimizerTest)
[illegal state: maximal count (12,000) exceeded: evaluations]
org.apache.commons.math3.exception.TooManyEvaluationsException: illegal state: maximal count (12,000) exceeded: evaluations    at org.apache.commons.math3.optimization.direct.BaseAbstractMultivariateOptimizer.computeObjectiveValue(BaseAbstractMultivariateOptimizer.java:97)
    at org.apache.commons.math3.optimization.direct.BOBYQAOptimizer.bobyqb(BOBYQAOptimizer.java:828)
    at org.apache.commons.math3.optimization.direct.BOBYQAOptimizer.bobyqa(BOBYQAOptimizer.java:334)
    at org.apache.commons.math3.optimization.direct.BOBYQAOptimizer.doOptimize(BOBYQAOptimizer.java:246)
    at org.apache.commons.math3.optimization.direct.BaseAbstractMultivariateOptimizer.optimizeInternal(BaseAbstractMultivariateOptimizer.java:148)
    at org.apache.commons.math3.optimization.direct.BaseAbstractMultivariateOptimizer.optimize(BaseAbstractMultivariateOptimizer.java:105)
~ testAckley(org.apache.commons.math3.optimization.direct.BOBYQAOptimizerTest)
[expected:<0.0> but was:<1.047765607609108E-8>]
java.lang.AssertionError: expected:<0.0> but was:<1.047765607609108E-8>    at org.junit.Assert.fail(Assert.java:88)
    at org.junit.Assert.failNotEquals(Assert.java:743)
    at org.junit.Assert.assertEquals(Assert.java:494)
    at org.apache.commons.math3.optimization.direct.BOBYQAOptimizerTest.doTest(BOBYQAOptimizerTest.java:326)
    at org.apache.commons.math3.optimization.direct.BOBYQAOptimizerTest.doTest(BOBYQAOptimizerTest.java:276)
    at org.apache.commons.math3.optimization.direct.BOBYQAOptimizerTest.testAckley(BOBYQAOptimizerTest.java:205)
~ testDiffPow(org.apache.commons.math3.optimization.direct.BOBYQAOptimizerTest)
[illegal state: maximal count (12,000) exceeded: evaluations]
org.apache.commons.math3.exception.TooManyEvaluationsException: illegal state: maximal count (12,000) exceeded: evaluations    at org.apache.commons.math3.optimization.direct.BaseAbstractMultivariateOptimizer.computeObjectiveValue(BaseAbstractMultivariateOptimizer.java:97)
    at org.apache.commons.math3.optimization.direct.BOBYQAOptimizer.bobyqb(BOBYQAOptimizer.java:828)
    at org.apache.commons.math3.optimization.direct.BOBYQAOptimizer.bobyqa(BOBYQAOptimizer.java:334)
    at org.apache.commons.math3.optimization.direct.BOBYQAOptimizer.doOptimize(BOBYQAOptimizer.java:246)
    at org.apache.commons.math3.optimization.direct.BaseAbstractMultivariateOptimizer.optimizeInternal(BaseAbstractMultivariateOptimizer.java:148)
    at org.apache.commons.math3.optimization.direct.BaseAbstractMultivariateOptimizer.optimize(BaseAbstractMultivariateOptimizer.java:105)

15:34:06.805 [pool-2-thread-1] DEBUG fr.inria.lille.repair.nopol.NoPol - statement #33
15:34:06.806 [pool-2-thread-1] DEBUG fr.inria.lille.repair.nopol.NoPol - Analysing SourceLocation org.apache.commons.math3.exception.util.ExceptionContext:128 which is executed by 5 tests
-310961535
15:34:06.918 [pool-2-thread-1] DEBUG fr.inria.lille.repair.nopol.NoPol - statement #34
15:34:06.918 [pool-2-thread-1] DEBUG fr.inria.lille.repair.nopol.NoPol - Analysing SourceLocation org.apache.commons.math3.optimization.direct.BOBYQAOptimizer:881 which is executed by 7 tests
283261218
15:34:07.065 [pool-2-thread-1] DEBUG fr.inria.lille.repair.nopol.NoPol - looking with class fr.inria.lille.repair.nopol.spoon.smt.ConditionalAdder
java.lang.AssertionError: expected:<0.0> but was:<1.047765607609108E-8>
    at org.junit.Assert.fail(Assert.java:88)
    at org.junit.Assert.failNotEquals(Assert.java:743)
    at org.junit.Assert.assertEquals(Assert.java:494)
    at org.apache.commons.math3.optimization.direct.BOBYQAOptimizerTest.doTest(BOBYQAOptimizerTest.java:326)
    at org.apache.commons.math3.optimization.direct.BOBYQAOptimizerTest.doTest(BOBYQAOptimizerTest.java:276)
    at org.apache.commons.math3.optimization.direct.BOBYQAOptimizerTest.testAckley(BOBYQAOptimizerTest.java:205)
org.apache.commons.math3.exception.TooManyEvaluationsException: illegal state: maximal count (12,000) exceeded: evaluations
    at org.apache.commons.math3.optimization.direct.BaseAbstractMultivariateOptimizer.computeObjectiveValue(BaseAbstractMultivariateOptimizer.java:97)
    at org.apache.commons.math3.optimization.direct.BOBYQAOptimizer.bobyqb(BOBYQAOptimizer.java:828)
    at org.apache.commons.math3.optimization.direct.BOBYQAOptimizer.bobyqa(BOBYQAOptimizer.java:334)
    at org.apache.commons.math3.optimization.direct.BOBYQAOptimizer.doOptimize(BOBYQAOptimizer.java:246)
    at org.apache.commons.math3.optimization.direct.BaseAbstractMultivariateOptimizer.optimizeInternal(BaseAbstractMultivariateOptimizer.java:148)
    at org.apache.commons.math3.optimization.direct.BaseAbstractMultivariateOptimizer.optimize(BaseAbstractMultivariateOptimizer.java:105)
java.lang.AssertionError: expected:<0.0> but was:<1.047765607609108E-8>
    at org.junit.Assert.fail(Assert.java:88)
    at org.junit.Assert.failNotEquals(Assert.java:743)
    at org.junit.Assert.assertEquals(Assert.java:494)
    at org.apache.commons.math3.optimization.direct.BOBYQAOptimizerTest.doTest(BOBYQAOptimizerTest.java:326)
    at org.apache.commons.math3.optimization.direct.BOBYQAOptimizerTest.doTest(BOBYQAOptimizerTest.java:276)
    at org.apache.commons.math3.optimization.direct.BOBYQAOptimizerTest.testAckley(BOBYQAOptimizerTest.java:205)
org.apache.commons.math3.exception.TooManyEvaluationsException: illegal state: maximal count (12,000) exceeded: evaluations
    at org.apache.commons.math3.optimization.direct.BaseAbstractMultivariateOptimizer.computeObjectiveValue(BaseAbstractMultivariateOptimizer.java:97)
    at org.apache.commons.math3.optimization.direct.BOBYQAOptimizer.bobyqb(BOBYQAOptimizer.java:828)
    at org.apache.commons.math3.optimization.direct.BOBYQAOptimizer.bobyqa(BOBYQAOptimizer.java:334)
    at org.apache.commons.math3.optimization.direct.BOBYQAOptimizer.doOptimize(BOBYQAOptimizer.java:246)
    at org.apache.commons.math3.optimization.direct.BaseAbstractMultivariateOptimizer.optimizeInternal(BaseAbstractMultivariateOptimizer.java:148)
    at org.apache.commons.math3.optimization.direct.BaseAbstractMultivariateOptimizer.optimize(BaseAbstractMultivariateOptimizer.java:105)
15:34:50.836 [pool-269-thread-1] INFO  xxl.java.junit.TestCasesListener - Tests run finished (43765 ms)
<> Total tests run: 38
<> Ignored tests: 0
<> Failed tests: 4
~ testAckley(org.apache.commons.math3.optimization.direct.BOBYQAOptimizerTest)
[expected:<0.0> but was:<1.047765607609108E-8>]
java.lang.AssertionError: expected:<0.0> but was:<1.047765607609108E-8>    at org.junit.Assert.fail(Assert.java:88)
    at org.junit.Assert.failNotEquals(Assert.java:743)
    at org.junit.Assert.assertEquals(Assert.java:494)
    at org.apache.commons.math3.optimization.direct.BOBYQAOptimizerTest.doTest(BOBYQAOptimizerTest.java:326)
    at org.apache.commons.math3.optimization.direct.BOBYQAOptimizerTest.doTest(BOBYQAOptimizerTest.java:276)
    at org.apache.commons.math3.optimization.direct.BOBYQAOptimizerTest.testAckley(BOBYQAOptimizerTest.java:205)
~ testDiffPow(org.apache.commons.math3.optimization.direct.BOBYQAOptimizerTest)
[illegal state: maximal count (12,000) exceeded: evaluations]
org.apache.commons.math3.exception.TooManyEvaluationsException: illegal state: maximal count (12,000) exceeded: evaluations    at org.apache.commons.math3.optimization.direct.BaseAbstractMultivariateOptimizer.computeObjectiveValue(BaseAbstractMultivariateOptimizer.java:97)
    at org.apache.commons.math3.optimization.direct.BOBYQAOptimizer.bobyqb(BOBYQAOptimizer.java:828)
    at org.apache.commons.math3.optimization.direct.BOBYQAOptimizer.bobyqa(BOBYQAOptimizer.java:334)
    at org.apache.commons.math3.optimization.direct.BOBYQAOptimizer.doOptimize(BOBYQAOptimizer.java:246)
    at org.apache.commons.math3.optimization.direct.BaseAbstractMultivariateOptimizer.optimizeInternal(BaseAbstractMultivariateOptimizer.java:148)
    at org.apache.commons.math3.optimization.direct.BaseAbstractMultivariateOptimizer.optimize(BaseAbstractMultivariateOptimizer.java:105)
~ testAckley(org.apache.commons.math3.optimization.direct.BOBYQAOptimizerTest)
[expected:<0.0> but was:<1.047765607609108E-8>]
java.lang.AssertionError: expected:<0.0> but was:<1.047765607609108E-8>    at org.junit.Assert.fail(Assert.java:88)
    at org.junit.Assert.failNotEquals(Assert.java:743)
    at org.junit.Assert.assertEquals(Assert.java:494)
    at org.apache.commons.math3.optimization.direct.BOBYQAOptimizerTest.doTest(BOBYQAOptimizerTest.java:326)
    at org.apache.commons.math3.optimization.direct.BOBYQAOptimizerTest.doTest(BOBYQAOptimizerTest.java:276)
    at org.apache.commons.math3.optimization.direct.BOBYQAOptimizerTest.testAckley(BOBYQAOptimizerTest.java:205)
~ testDiffPow(org.apache.commons.math3.optimization.direct.BOBYQAOptimizerTest)
[illegal state: maximal count (12,000) exceeded: evaluations]
org.apache.commons.math3.exception.TooManyEvaluationsException: illegal state: maximal count (12,000) exceeded: evaluations    at org.apache.commons.math3.optimization.direct.BaseAbstractMultivariateOptimizer.computeObjectiveValue(BaseAbstractMultivariateOptimizer.java:97)
    at org.apache.commons.math3.optimization.direct.BOBYQAOptimizer.bobyqb(BOBYQAOptimizer.java:828)
    at org.apache.commons.math3.optimization.direct.BOBYQAOptimizer.bobyqa(BOBYQAOptimizer.java:334)
    at org.apache.commons.math3.optimization.direct.BOBYQAOptimizer.doOptimize(BOBYQAOptimizer.java:246)
    at org.apache.commons.math3.optimization.direct.BaseAbstractMultivariateOptimizer.optimizeInternal(BaseAbstractMultivariateOptimizer.java:148)
    at org.apache.commons.math3.optimization.direct.BaseAbstractMultivariateOptimizer.optimize(BaseAbstractMultivariateOptimizer.java:105)

15:35:13.152 [pool-268-thread-1] DEBUG f.i.l.r.n.s.d.DynamothSynthesizer - Ignore the test org.apache.commons.math3.optimization.direct.BOBYQAOptimizerTest#testConstrainedRosen
15:35:13.860 [pool-268-thread-1] DEBUG f.i.l.r.n.s.d.DynamothSynthesizer - Ignore the test org.apache.commons.math3.optimization.direct.BOBYQAOptimizerTest#testElliRotated
15:35:14.016 [pool-268-thread-1] DEBUG f.i.l.r.n.s.d.DynamothSynthesizer - Ignore the test org.apache.commons.math3.optimization.direct.BOBYQAOptimizerTest#testSsDiffPow
15:35:32.552 [pool-268-thread-1] DEBUG f.i.l.r.n.s.d.DynamothSynthesizer - Ignore the test org.apache.commons.math3.optimization.direct.BOBYQAOptimizerTest#testConstrainedRosenWithMoreInterpolationPoints
15:35:32.722 [pool-268-thread-1] DEBUG f.i.l.r.n.s.d.DynamothSynthesizer - Ignore the test org.apache.commons.math3.optimization.direct.BOBYQAOptimizerTest#testRosen
15:35:32.725 [pool-268-thread-1] INFO  f.i.l.repair.nopol.patch.TestPatch - Applying patch: org.apache.commons.math3.optimization.direct.BOBYQAOptimizer:881: PRECONDITION false
15:35:33.085 [pool-268-thread-1] INFO  f.i.l.repair.nopol.patch.TestPatch - Running test suite to check the patch "false" is working
15:35:56.569 [pool-2-thread-1] INFO  fr.inria.lille.repair.nopol.NoPol - ----INFORMATION----
15:35:56.805 [pool-2-thread-1] INFO  fr.inria.lille.repair.nopol.NoPol - Nb classes : 617
15:35:56.805 [pool-2-thread-1] INFO  fr.inria.lille.repair.nopol.NoPol - Nb methods : 4061
15:35:56.805 [pool-2-thread-1] INFO  fr.inria.lille.repair.nopol.NoPol - Nb Statements Analyzed : 17
15:35:56.805 [pool-2-thread-1] INFO  fr.inria.lille.repair.nopol.NoPol - Nb Statements with Angelic Value Found : 4
15:35:56.805 [pool-2-thread-1] INFO  fr.inria.lille.repair.nopol.NoPol - NoPol Execution time : 1521734ms
15:35:56.805 [pool-2-thread-1] INFO  fr.inria.lille.repair.nopol.NoPol - 
15:35:56.805 [pool-2-thread-1] INFO  fr.inria.lille.repair.nopol.NoPol - ----PATCH FOUND----
15:35:56.805 [pool-2-thread-1] INFO  fr.inria.lille.repair.nopol.NoPol - false
15:35:56.971 [pool-2-thread-1] INFO  fr.inria.lille.repair.nopol.NoPol - Nb test that executes the patch: 7
15:35:56.971 [pool-2-thread-1] INFO  fr.inria.lille.repair.nopol.NoPol - org.apache.commons.math3.optimization.direct.BOBYQAOptimizer:881: PRECONDITION
15:35:57.014 [pool-2-thread-1] INFO  fr.inria.lille.repair.nopol.NoPol - --- a/src/main/java/org/apache/commons/math3/optimization/direct/BOBYQAOptimizer.java
+++ b/src/main/java/org/apache/commons/math3/optimization/direct/BOBYQAOptimizer.java
@@ -880,3 +880,5 @@
                     // Computing MAX
-                    delta = Math.max(hDelta, dnorm);
+                    if (false) {
+                        delta = Math.max(hDelta, dnorm);
+                    }
                 } else {

PATCH
3653.48user 16.44system 25:24.25elapsed 240%CPU (0avgtext+0avgdata 4591528maxresident)k
43512inputs+15544outputs (6major+1734919minor)pagefaults 0swaps


Node: petitprince-14.luxembourg.grid5000.fr



Date: Sun Dec 30 15:35:57 EST 2018

