cd /tmp/DynaMoth_Defects4J_Closure_107;
export JAVA_TOOL_OPTIONS="-Dfile.encoding=UTF8 -Duser.language=en-US -Duser.country=US -Duser.language=en";
TZ="America/New_York"; export TZ;
export PATH="/usr/lib/jvm/java-1.8.0-openjdk-amd64/bin/:$PATH";
export JAVA_HOME="/usr/lib/jvm/java-1.8.0-openjdk-amd64/bin/";
time java -d64 -Xmx4g -Xms1g -XX:MaxPermSize=1024m -XX:+UseConcMarkSweepGC -XX:+CMSClassUnloadingEnabled -XX:+CMSClassUnloadingEnabled -cp /home/tdurieux/defects4j4repair/script/../repair_tools/nopol.jar:/usr/lib/jvm/java-1.8.0-openjdk-amd64/bin//../lib/tools.jar fr.inria.lille.repair.Main \
	--mode repair \
	--type pre_then_cond \
	--oracle angelic \
	--synthesis dynamoth \
	--flocal gzoltar \
	--json \
	--solver z3 \
	--solver-path /home/tdurieux/defects4j4repair/script/../libs/z3/build/z3 \
	--complianceLevel 7 \
	--source src/ \
	--classpath "build/classes/:build/test/:/tmp/DynaMoth_Defects4J_Closure_107/build/classes:/tmp/DynaMoth_Defects4J_Closure_107/build/test:/tmp/DynaMoth_Defects4J_Closure_107/build/lib/rhino.jar:/tmp/DynaMoth_Defects4J_Closure_107/lib/mockito-core.jar:/tmp/DynaMoth_Defects4J_Closure_107/lib/args4j.jar:/tmp/DynaMoth_Defects4J_Closure_107/lib/objenesis.jar:/tmp/DynaMoth_Defects4J_Closure_107/lib/junit.jar:/tmp/DynaMoth_Defects4J_Closure_107/lib/jsr305.jar:/tmp/DynaMoth_Defects4J_Closure_107/lib/ant-launcher.jar:/tmp/DynaMoth_Defects4J_Closure_107/lib/json.jar:/tmp/DynaMoth_Defects4J_Closure_107/lib/jarjar.jar:/tmp/DynaMoth_Defects4J_Closure_107/lib/protobuf-java.jar:/tmp/DynaMoth_Defects4J_Closure_107/lib/caja-r4314.jar:/tmp/DynaMoth_Defects4J_Closure_107/lib/guava.jar:/tmp/DynaMoth_Defects4J_Closure_107/lib/ant.jar:/home/tdurieux/defects4j4repair/script/../repair_tools/nopol.jar";
	echo "\n\nNode: `hostname`\n";
	echo "\n\nDate: `date`\n";
Picked up JAVA_TOOL_OPTIONS: -Dfile.encoding=UTF8 -Duser.language=en-US -Duser.country=US -Duser.language=en
OpenJDK 64-Bit Server VM warning: ignoring option MaxPermSize=1024m; support was removed in 8.0
17:27:09.544 [main] INFO  fr.inria.lille.repair.nopol.NoPol - Source files: [src]
17:27:09.546 [main] INFO  fr.inria.lille.repair.nopol.NoPol - Classpath: [file:/tmp/DynaMoth_Defects4J_Closure_107/build/classes/, file:/tmp/DynaMoth_Defects4J_Closure_107/build/test/, file:/tmp/DynaMoth_Defects4J_Closure_107/build/classes/, file:/tmp/DynaMoth_Defects4J_Closure_107/build/test/, file:/tmp/DynaMoth_Defects4J_Closure_107/build/lib/rhino.jar, file:/tmp/DynaMoth_Defects4J_Closure_107/lib/mockito-core.jar, file:/tmp/DynaMoth_Defects4J_Closure_107/lib/args4j.jar, file:/tmp/DynaMoth_Defects4J_Closure_107/lib/objenesis.jar, file:/tmp/DynaMoth_Defects4J_Closure_107/lib/junit.jar, file:/tmp/DynaMoth_Defects4J_Closure_107/lib/jsr305.jar, file:/tmp/DynaMoth_Defects4J_Closure_107/lib/ant-launcher.jar, file:/tmp/DynaMoth_Defects4J_Closure_107/lib/json.jar, file:/tmp/DynaMoth_Defects4J_Closure_107/lib/jarjar.jar, file:/tmp/DynaMoth_Defects4J_Closure_107/lib/protobuf-java.jar, file:/tmp/DynaMoth_Defects4J_Closure_107/lib/caja-r4314.jar, file:/tmp/DynaMoth_Defects4J_Closure_107/lib/guava.jar, file:/tmp/DynaMoth_Defects4J_Closure_107/lib/ant.jar, file:/home/tdurieux/defects4j4repair/script/../repair_tools/nopol.jar]
17:27:09.547 [main] INFO  fr.inria.lille.repair.nopol.NoPol - Statement type: PRE_THEN_COND
17:27:09.547 [main] INFO  fr.inria.lille.repair.nopol.NoPol - Args: [com.google.debugging.sourcemap.Base64Test, com.google.debugging.sourcemap.Base64Test, com.google.debugging.sourcemap.Base64VLQTest, com.google.debugging.sourcemap.Base64VLQTest, com.google.debugging.sourcemap.SourceMapConsumerV1Test, com.google.debugging.sourcemap.SourceMapConsumerV1Test, com.google.debugging.sourcemap.SourceMapConsumerV2Test, com.google.debugging.sourcemap.SourceMapConsumerV2Test, com.google.debugging.sourcemap.SourceMapConsumerV3Test, com.google.debugging.sourcemap.SourceMapConsumerV3Test, com.google.debugging.sourcemap.SourceMapGeneratorV1Test, com.google.debugging.sourcemap.SourceMapGeneratorV1Test, com.google.debugging.sourcemap.SourceMapGeneratorV2Test, com.google.debugging.sourcemap.SourceMapGeneratorV2Test, com.google.debugging.sourcemap.SourceMapGeneratorV3Test, com.google.debugging.sourcemap.SourceMapGeneratorV3Test, com.google.javascript.jscomp.AliasExternalsTest, com.google.javascript.jscomp.AliasExternalsTest, com.google.javascript.jscomp.AliasKeywordsTest, com.google.javascript.jscomp.AliasKeywordsTest, com.google.javascript.jscomp.AliasStringsTest, com.google.javascript.jscomp.AliasStringsTest, com.google.javascript.jscomp.AmbiguatePropertiesTest, com.google.javascript.jscomp.AmbiguatePropertiesTest, com.google.javascript.jscomp.AngularPassTest, com.google.javascript.jscomp.AngularPassTest, com.google.javascript.jscomp.AstParallelizerTest, com.google.javascript.jscomp.AstParallelizerTest, com.google.javascript.jscomp.AstValidatorTest, com.google.javascript.jscomp.AstValidatorTest, com.google.javascript.jscomp.BasicErrorManagerTest, com.google.javascript.jscomp.BasicErrorManagerTest, com.google.javascript.jscomp.CallGraphTest, com.google.javascript.jscomp.CallGraphTest, com.google.javascript.jscomp.ChainCallsTest, com.google.javascript.jscomp.ChainCallsTest, com.google.javascript.jscomp.CheckAccessControlsTest, com.google.javascript.jscomp.CheckAccessControlsTest, com.google.javascript.jscomp.CheckDebuggerStatementTest, com.google.javascript.jscomp.CheckDebuggerStatementTest, com.google.javascript.jscomp.CheckEventfulObjectDisposalTest, com.google.javascript.jscomp.CheckEventfulObjectDisposalTest, com.google.javascript.jscomp.CheckGlobalNamesTest, com.google.javascript.jscomp.CheckGlobalNamesTest, com.google.javascript.jscomp.CheckGlobalThisTest, com.google.javascript.jscomp.CheckGlobalThisTest, com.google.javascript.jscomp.CheckMissingGetCssNameTest, com.google.javascript.jscomp.CheckMissingGetCssNameTest, com.google.javascript.jscomp.CheckMissingReturnTest, com.google.javascript.jscomp.CheckMissingReturnTest, com.google.javascript.jscomp.CheckPathsBetweenNodesTest, com.google.javascript.jscomp.CheckPathsBetweenNodesTest, com.google.javascript.jscomp.CheckProvidesTest, com.google.javascript.jscomp.CheckProvidesTest, com.google.javascript.jscomp.CheckRegExpTest, com.google.javascript.jscomp.CheckRegExpTest, com.google.javascript.jscomp.CheckRequiresForConstructorsTest, com.google.javascript.jscomp.CheckRequiresForConstructorsTest, com.google.javascript.jscomp.CheckSideEffectsTest, com.google.javascript.jscomp.CheckSideEffectsTest, com.google.javascript.jscomp.CheckSuspiciousCodeTest, com.google.javascript.jscomp.CheckSuspiciousCodeTest, com.google.javascript.jscomp.CheckUnreachableCodeTest, com.google.javascript.jscomp.CheckUnreachableCodeTest, com.google.javascript.jscomp.CleanupPassesTest, com.google.javascript.jscomp.CleanupPassesTest, com.google.javascript.jscomp.ClosureCodeRemovalTest, com.google.javascript.jscomp.ClosureCodeRemovalTest, com.google.javascript.jscomp.ClosureCodingConventionTest, com.google.javascript.jscomp.ClosureCodingConventionTest, com.google.javascript.jscomp.ClosureOptimizePrimitivesTest, com.google.javascript.jscomp.ClosureOptimizePrimitivesTest, com.google.javascript.jscomp.ClosureReverseAbstractInterpreterTest, com.google.javascript.jscomp.ClosureReverseAbstractInterpreterTest, com.google.javascript.jscomp.ClosureRewriteClassTest, com.google.javascript.jscomp.ClosureRewriteClassTest, com.google.javascript.jscomp.CoalesceVariableNamesTest, com.google.javascript.jscomp.CoalesceVariableNamesTest, com.google.javascript.jscomp.CodePrinterTest, com.google.javascript.jscomp.CodePrinterTest, com.google.javascript.jscomp.CollapseAnonymousFunctionsTest, com.google.javascript.jscomp.CollapseAnonymousFunctionsTest, com.google.javascript.jscomp.CollapsePropertiesTest, com.google.javascript.jscomp.CollapsePropertiesTest, com.google.javascript.jscomp.CollapseVariableDeclarationsTest, com.google.javascript.jscomp.CollapseVariableDeclarationsTest, com.google.javascript.jscomp.CombinedCompilerPassTest, com.google.javascript.jscomp.CombinedCompilerPassTest, com.google.javascript.jscomp.CommandLineRunnerTest, com.google.javascript.jscomp.CommandLineRunnerTest, com.google.javascript.jscomp.CompilerOptionsTest, com.google.javascript.jscomp.CompilerOptionsTest, com.google.javascript.jscomp.CompilerTest, com.google.javascript.jscomp.CompilerTest, com.google.javascript.jscomp.ConcreteTypeTest, com.google.javascript.jscomp.ConcreteTypeTest, com.google.javascript.jscomp.ConstCheckTest, com.google.javascript.jscomp.ConstCheckTest, com.google.javascript.jscomp.ConstParamCheckTest, com.google.javascript.jscomp.ConstParamCheckTest, com.google.javascript.jscomp.ControlFlowAnalysisTest, com.google.javascript.jscomp.ControlFlowAnalysisTest, com.google.javascript.jscomp.ControlStructureCheckTest, com.google.javascript.jscomp.ControlStructureCheckTest, com.google.javascript.jscomp.ConvertToDottedPropertiesTest, com.google.javascript.jscomp.ConvertToDottedPropertiesTest, com.google.javascript.jscomp.CreateSyntheticBlocksTest, com.google.javascript.jscomp.CreateSyntheticBlocksTest, com.google.javascript.jscomp.CrossModuleCodeMotionTest, com.google.javascript.jscomp.CrossModuleCodeMotionTest, com.google.javascript.jscomp.CrossModuleMethodMotionTest, com.google.javascript.jscomp.CrossModuleMethodMotionTest, com.google.javascript.jscomp.DataFlowAnalysisTest, com.google.javascript.jscomp.DataFlowAnalysisTest, com.google.javascript.jscomp.DeadAssignmentsEliminationTest, com.google.javascript.jscomp.DeadAssignmentsEliminationTest, com.google.javascript.jscomp.DefaultCodingConventionTest, com.google.javascript.jscomp.DefaultCodingConventionTest, com.google.javascript.jscomp.DefinitionsRemoverTest, com.google.javascript.jscomp.DefinitionsRemoverTest, com.google.javascript.jscomp.DenormalizeTest, com.google.javascript.jscomp.DenormalizeTest, com.google.javascript.jscomp.DevirtualizePrototypeMethodsTest, com.google.javascript.jscomp.DevirtualizePrototypeMethodsTest, com.google.javascript.jscomp.DiagnosticGroupTest, com.google.javascript.jscomp.DiagnosticGroupTest, com.google.javascript.jscomp.DisambiguatePrivatePropertiesTest, com.google.javascript.jscomp.DisambiguatePrivatePropertiesTest, com.google.javascript.jscomp.DisambiguatePropertiesTest, com.google.javascript.jscomp.DisambiguatePropertiesTest, com.google.javascript.jscomp.DotFormatterTest, com.google.javascript.jscomp.DotFormatterTest, com.google.javascript.jscomp.ExpandJqueryAliasesTest, com.google.javascript.jscomp.ExpandJqueryAliasesTest, com.google.javascript.jscomp.ExploitAssignsTest, com.google.javascript.jscomp.ExploitAssignsTest, com.google.javascript.jscomp.ExportTestFunctionsTest, com.google.javascript.jscomp.ExportTestFunctionsTest, com.google.javascript.jscomp.ExpressionDecomposerTest, com.google.javascript.jscomp.ExpressionDecomposerTest, com.google.javascript.jscomp.ExternExportsPassTest, com.google.javascript.jscomp.ExternExportsPassTest, com.google.javascript.jscomp.ExtractPrototypeMemberDeclarationsTest, com.google.javascript.jscomp.ExtractPrototypeMemberDeclarationsTest, com.google.javascript.jscomp.FixedPointGraphTraversalTest, com.google.javascript.jscomp.FixedPointGraphTraversalTest, com.google.javascript.jscomp.FlowSensitiveInlineVariablesTest, com.google.javascript.jscomp.FlowSensitiveInlineVariablesTest, com.google.javascript.jscomp.FunctionArgumentInjectorTest, com.google.javascript.jscomp.FunctionArgumentInjectorTest, com.google.javascript.jscomp.FunctionInjectorTest, com.google.javascript.jscomp.FunctionInjectorTest, com.google.javascript.jscomp.FunctionNamesTest, com.google.javascript.jscomp.FunctionNamesTest, com.google.javascript.jscomp.FunctionRewriterTest, com.google.javascript.jscomp.FunctionRewriterTest, com.google.javascript.jscomp.FunctionToBlockMutatorTest, com.google.javascript.jscomp.FunctionToBlockMutatorTest, com.google.javascript.jscomp.FunctionTypeBuilderTest, com.google.javascript.jscomp.FunctionTypeBuilderTest, com.google.javascript.jscomp.GatherCharacterEncodingBiasTest, com.google.javascript.jscomp.GatherCharacterEncodingBiasTest, com.google.javascript.jscomp.GatherRawExportsTest, com.google.javascript.jscomp.GatherRawExportsTest, com.google.javascript.jscomp.GatherSideEffectSubexpressionsCallbackTest, com.google.javascript.jscomp.GatherSideEffectSubexpressionsCallbackTest, com.google.javascript.jscomp.GenerateExportsTest, com.google.javascript.jscomp.GenerateExportsTest, com.google.javascript.jscomp.GlobalNamespaceTest, com.google.javascript.jscomp.GlobalNamespaceTest, com.google.javascript.jscomp.GlobalVarReferenceMapTest, com.google.javascript.jscomp.GlobalVarReferenceMapTest, com.google.javascript.jscomp.GoogleCodingConventionTest, com.google.javascript.jscomp.GoogleCodingConventionTest, com.google.javascript.jscomp.GroupVariableDeclarationsTest, com.google.javascript.jscomp.GroupVariableDeclarationsTest, com.google.javascript.jscomp.IgnoreCajaPropertiesTest, com.google.javascript.jscomp.IgnoreCajaPropertiesTest, com.google.javascript.jscomp.InferJSDocInfoTest, com.google.javascript.jscomp.InferJSDocInfoTest, com.google.javascript.jscomp.InlineCostEstimatorTest, com.google.javascript.jscomp.InlineCostEstimatorTest, com.google.javascript.jscomp.InlineFunctionsTest, com.google.javascript.jscomp.InlineFunctionsTest, com.google.javascript.jscomp.InlineObjectLiteralsTest, com.google.javascript.jscomp.InlineObjectLiteralsTest, com.google.javascript.jscomp.InlinePropertiesTest, com.google.javascript.jscomp.InlinePropertiesTest, com.google.javascript.jscomp.InlineSimpleMethodsTest, com.google.javascript.jscomp.InlineSimpleMethodsTest, com.google.javascript.jscomp.InlineVariablesConstantsTest, com.google.javascript.jscomp.InlineVariablesConstantsTest, com.google.javascript.jscomp.InlineVariablesTest, com.google.javascript.jscomp.InlineVariablesTest, com.google.javascript.jscomp.InstrumentFunctionsTest, com.google.javascript.jscomp.InstrumentFunctionsTest, com.google.javascript.jscomp.InstrumentMemoryAllocPassTest, com.google.javascript.jscomp.InstrumentMemoryAllocPassTest, com.google.javascript.jscomp.IntegrationTest, com.google.javascript.jscomp.IntegrationTest, com.google.javascript.jscomp.JSCompilerSourceExcerptProviderTest, com.google.javascript.jscomp.JSCompilerSourceExcerptProviderTest, com.google.javascript.jscomp.JSModuleGraphTest, com.google.javascript.jscomp.JSModuleGraphTest, com.google.javascript.jscomp.JSModuleTest, com.google.javascript.jscomp.JSModuleTest, com.google.javascript.jscomp.JsMessageExtractorTest, com.google.javascript.jscomp.JsMessageExtractorTest, com.google.javascript.jscomp.JsMessageTest, com.google.javascript.jscomp.JsMessageTest, com.google.javascript.jscomp.JsMessageVisitorTest, com.google.javascript.jscomp.JsMessageVisitorTest, com.google.javascript.jscomp.LightweightMessageFormatterTest, com.google.javascript.jscomp.LightweightMessageFormatterTest, com.google.javascript.jscomp.LinkedFlowScopeTest, com.google.javascript.jscomp.LinkedFlowScopeTest, com.google.javascript.jscomp.LiveVariableAnalysisTest, com.google.javascript.jscomp.LiveVariableAnalysisTest, com.google.javascript.jscomp.LooseTypeCheckTest, com.google.javascript.jscomp.LooseTypeCheckTest, com.google.javascript.jscomp.MakeDeclaredNamesUniqueTest, com.google.javascript.jscomp.MakeDeclaredNamesUniqueTest, com.google.javascript.jscomp.MarkNoSideEffectCallsTest, com.google.javascript.jscomp.MarkNoSideEffectCallsTest, com.google.javascript.jscomp.MaybeReachingVariableUseTest, com.google.javascript.jscomp.MaybeReachingVariableUseTest, com.google.javascript.jscomp.MemoizedScopeCreatorTest, com.google.javascript.jscomp.MemoizedScopeCreatorTest, com.google.javascript.jscomp.MinimizeExitPointsTest, com.google.javascript.jscomp.MinimizeExitPointsTest, com.google.javascript.jscomp.MinimizedConditionTest, com.google.javascript.jscomp.MinimizedConditionTest, com.google.javascript.jscomp.MoveFunctionDeclarationsTest, com.google.javascript.jscomp.MoveFunctionDeclarationsTest, com.google.javascript.jscomp.MultiPassTest, com.google.javascript.jscomp.MultiPassTest, com.google.javascript.jscomp.MustBeReachingVariableDefTest, com.google.javascript.jscomp.MustBeReachingVariableDefTest, com.google.javascript.jscomp.NameAnalyzerTest, com.google.javascript.jscomp.NameAnalyzerTest, com.google.javascript.jscomp.NameAnonymousFunctionsMappedTest, com.google.javascript.jscomp.NameAnonymousFunctionsMappedTest, com.google.javascript.jscomp.NameAnonymousFunctionsTest, com.google.javascript.jscomp.NameAnonymousFunctionsTest, com.google.javascript.jscomp.NodeIteratorsTest, com.google.javascript.jscomp.NodeIteratorsTest, com.google.javascript.jscomp.NodeTraversalTest, com.google.javascript.jscomp.NodeTraversalTest, com.google.javascript.jscomp.NodeUtilTest, com.google.javascript.jscomp.NodeUtilTest, com.google.javascript.jscomp.NormalizeTest, com.google.javascript.jscomp.NormalizeTest, com.google.javascript.jscomp.ObjectPropertyStringPostprocessTest, com.google.javascript.jscomp.ObjectPropertyStringPostprocessTest, com.google.javascript.jscomp.ObjectPropertyStringPreprocessTest, com.google.javascript.jscomp.ObjectPropertyStringPreprocessTest, com.google.javascript.jscomp.OptimizeArgumentsArrayTest, com.google.javascript.jscomp.OptimizeArgumentsArrayTest, com.google.javascript.jscomp.OptimizeCallsTest, com.google.javascript.jscomp.OptimizeCallsTest, com.google.javascript.jscomp.OptimizeParametersTest, com.google.javascript.jscomp.OptimizeParametersTest, com.google.javascript.jscomp.OptimizeReturnsTest, com.google.javascript.jscomp.OptimizeReturnsTest, com.google.javascript.jscomp.PeepholeCollectPropertyAssignmentsTest, com.google.javascript.jscomp.PeepholeCollectPropertyAssignmentsTest, com.google.javascript.jscomp.PeepholeFoldConstantsTest, com.google.javascript.jscomp.PeepholeFoldConstantsTest, com.google.javascript.jscomp.PeepholeFoldWithTypesTest, com.google.javascript.jscomp.PeepholeFoldWithTypesTest, com.google.javascript.jscomp.PeepholeIntegrationTest, com.google.javascript.jscomp.PeepholeIntegrationTest, com.google.javascript.jscomp.PeepholeMinimizeConditionsTest, com.google.javascript.jscomp.PeepholeMinimizeConditionsTest, com.google.javascript.jscomp.PeepholeOptimizationsPassTest, com.google.javascript.jscomp.PeepholeOptimizationsPassTest, com.google.javascript.jscomp.PeepholeRemoveDeadCodeTest, com.google.javascript.jscomp.PeepholeRemoveDeadCodeTest, com.google.javascript.jscomp.PeepholeReplaceKnownMethodsTest, com.google.javascript.jscomp.PeepholeReplaceKnownMethodsTest, com.google.javascript.jscomp.PeepholeSimplifyRegExpTest, com.google.javascript.jscomp.PeepholeSimplifyRegExpTest, com.google.javascript.jscomp.PeepholeSubstituteAlternateSyntaxTest, com.google.javascript.jscomp.PeepholeSubstituteAlternateSyntaxTest, com.google.javascript.jscomp.PerformanceTrackerTest, com.google.javascript.jscomp.PerformanceTrackerTest, com.google.javascript.jscomp.PhaseOptimizerTest, com.google.javascript.jscomp.PhaseOptimizerTest, com.google.javascript.jscomp.PrepareAstTest, com.google.javascript.jscomp.PrepareAstTest, com.google.javascript.jscomp.ProcessClosurePrimitivesTest, com.google.javascript.jscomp.ProcessClosurePrimitivesTest, com.google.javascript.jscomp.ProcessCommonJSModulesTest, com.google.javascript.jscomp.ProcessCommonJSModulesTest, com.google.javascript.jscomp.ProcessDefinesTest, com.google.javascript.jscomp.ProcessDefinesTest, com.google.javascript.jscomp.ProcessTweaksTest, com.google.javascript.jscomp.ProcessTweaksTest, com.google.javascript.jscomp.PureFunctionIdentifierTest, com.google.javascript.jscomp.PureFunctionIdentifierTest, com.google.javascript.jscomp.RecordFunctionInformationTest, com.google.javascript.jscomp.RecordFunctionInformationTest, com.google.javascript.jscomp.RemoveTryCatchTest, com.google.javascript.jscomp.RemoveTryCatchTest, com.google.javascript.jscomp.RemoveUnusedClassPropertiesTest, com.google.javascript.jscomp.RemoveUnusedClassPropertiesTest, com.google.javascript.jscomp.RemoveUnusedNamesTest, com.google.javascript.jscomp.RemoveUnusedNamesTest, com.google.javascript.jscomp.RemoveUnusedPrototypePropertiesTest, com.google.javascript.jscomp.RemoveUnusedPrototypePropertiesTest, com.google.javascript.jscomp.RemoveUnusedVarsTest, com.google.javascript.jscomp.RemoveUnusedVarsTest, com.google.javascript.jscomp.RenameLabelsTest, com.google.javascript.jscomp.RenameLabelsTest, com.google.javascript.jscomp.RenameLocalVarsTest, com.google.javascript.jscomp.RenameLocalVarsTest, com.google.javascript.jscomp.RenamePropertiesTest, com.google.javascript.jscomp.RenamePropertiesTest, com.google.javascript.jscomp.RenamePrototypesTest, com.google.javascript.jscomp.RenamePrototypesTest, com.google.javascript.jscomp.RenameVars2Test, com.google.javascript.jscomp.RenameVars2Test, com.google.javascript.jscomp.RenameVarsTest, com.google.javascript.jscomp.RenameVarsTest, com.google.javascript.jscomp.ReorderConstantExpressionTest, com.google.javascript.jscomp.ReorderConstantExpressionTest, com.google.javascript.jscomp.ReplaceCssNamesTest, com.google.javascript.jscomp.ReplaceCssNamesTest, com.google.javascript.jscomp.ReplaceIdGeneratorsTest, com.google.javascript.jscomp.ReplaceIdGeneratorsTest, com.google.javascript.jscomp.ReplaceMessagesForChromeTest, com.google.javascript.jscomp.ReplaceMessagesForChromeTest, com.google.javascript.jscomp.ReplaceMessagesTest, com.google.javascript.jscomp.ReplaceMessagesTest, com.google.javascript.jscomp.ReplaceStringsTest, com.google.javascript.jscomp.ReplaceStringsTest, com.google.javascript.jscomp.RescopeGlobalSymbolsTest, com.google.javascript.jscomp.RescopeGlobalSymbolsTest, com.google.javascript.jscomp.RhinoErrorReporterTest, com.google.javascript.jscomp.RhinoErrorReporterTest, com.google.javascript.jscomp.RuntimeTypeCheckTest, com.google.javascript.jscomp.RuntimeTypeCheckTest, com.google.javascript.jscomp.SanityCheckTest, com.google.javascript.jscomp.SanityCheckTest, com.google.javascript.jscomp.ScopedAliasesTest, com.google.javascript.jscomp.ScopedAliasesTest, com.google.javascript.jscomp.SemanticReverseAbstractInterpreterTest, com.google.javascript.jscomp.SemanticReverseAbstractInterpreterTest, com.google.javascript.jscomp.ShadowVariables2Test, com.google.javascript.jscomp.ShadowVariables2Test, com.google.javascript.jscomp.ShadowVariablesTest, com.google.javascript.jscomp.ShadowVariablesTest, com.google.javascript.jscomp.SideEffectsAnalysisTest, com.google.javascript.jscomp.SideEffectsAnalysisTest, com.google.javascript.jscomp.SimpleDefinitionFinderTest, com.google.javascript.jscomp.SimpleDefinitionFinderTest, com.google.javascript.jscomp.SimpleFunctionAliasAnalysisTest, com.google.javascript.jscomp.SimpleFunctionAliasAnalysisTest, com.google.javascript.jscomp.SourceInformationAnnotatorTest, com.google.javascript.jscomp.SourceInformationAnnotatorTest, com.google.javascript.jscomp.SourceMapTest, com.google.javascript.jscomp.SourceMapTest, com.google.javascript.jscomp.SpecializeModuleTest, com.google.javascript.jscomp.SpecializeModuleTest, com.google.javascript.jscomp.StatementFusionTest, com.google.javascript.jscomp.StatementFusionTest, com.google.javascript.jscomp.StrictModeCheckTest, com.google.javascript.jscomp.StrictModeCheckTest, com.google.javascript.jscomp.StripCodeTest, com.google.javascript.jscomp.StripCodeTest, com.google.javascript.jscomp.SymbolTableTest, com.google.javascript.jscomp.SymbolTableTest, com.google.javascript.jscomp.SyntacticScopeCreatorTest, com.google.javascript.jscomp.SyntacticScopeCreatorTest, com.google.javascript.jscomp.TightenTypesTest, com.google.javascript.jscomp.TightenTypesTest, com.google.javascript.jscomp.TransformAMDToCJSModuleTest, com.google.javascript.jscomp.TransformAMDToCJSModuleTest, com.google.javascript.jscomp.TypeCheckFunctionCheckTest, com.google.javascript.jscomp.TypeCheckFunctionCheckTest, com.google.javascript.jscomp.TypeCheckTest, com.google.javascript.jscomp.TypeCheckTest, com.google.javascript.jscomp.TypeInferenceTest, com.google.javascript.jscomp.TypeInferenceTest, com.google.javascript.jscomp.TypeValidatorTest, com.google.javascript.jscomp.TypeValidatorTest, com.google.javascript.jscomp.TypedScopeCreatorTest, com.google.javascript.jscomp.TypedScopeCreatorTest, com.google.javascript.jscomp.UnreachableCodeEliminationTest, com.google.javascript.jscomp.UnreachableCodeEliminationTest, com.google.javascript.jscomp.VarCheckTest, com.google.javascript.jscomp.VarCheckTest, com.google.javascript.jscomp.VariableMapTest, com.google.javascript.jscomp.VariableMapTest, com.google.javascript.jscomp.VariableReferenceCheckTest, com.google.javascript.jscomp.VariableReferenceCheckTest, com.google.javascript.jscomp.VariableVisibilityAnalysisTest, com.google.javascript.jscomp.VariableVisibilityAnalysisTest, com.google.javascript.jscomp.XtbMessageBundleTest, com.google.javascript.jscomp.XtbMessageBundleTest, com.google.javascript.jscomp.deps.DepsFileParserTest, com.google.javascript.jscomp.deps.DepsFileParserTest, com.google.javascript.jscomp.deps.JsFileLineParserTest, com.google.javascript.jscomp.deps.JsFileLineParserTest, com.google.javascript.jscomp.deps.JsFileParserTest, com.google.javascript.jscomp.deps.JsFileParserTest, com.google.javascript.jscomp.deps.JsFunctionParserTest, com.google.javascript.jscomp.deps.JsFunctionParserTest, com.google.javascript.jscomp.deps.SortedDependenciesTest, com.google.javascript.jscomp.deps.SortedDependenciesTest, com.google.javascript.jscomp.fuzzing.FuzzerTest, com.google.javascript.jscomp.fuzzing.FuzzerTest, com.google.javascript.jscomp.graph.GraphColoringTest, com.google.javascript.jscomp.graph.GraphColoringTest, com.google.javascript.jscomp.graph.GraphPrunerTest, com.google.javascript.jscomp.graph.GraphPrunerTest, com.google.javascript.jscomp.graph.GraphReachabilityTest, com.google.javascript.jscomp.graph.GraphReachabilityTest, com.google.javascript.jscomp.graph.GraphTest, com.google.javascript.jscomp.graph.GraphTest, com.google.javascript.jscomp.graph.StandardUnionFindTest, com.google.javascript.jscomp.graph.StandardUnionFindTest, com.google.javascript.jscomp.jsonml.JsonMLConversionTest, com.google.javascript.jscomp.jsonml.JsonMLConversionTest, com.google.javascript.jscomp.jsonml.JsonMLValidationTest, com.google.javascript.jscomp.jsonml.JsonMLValidationTest, com.google.javascript.jscomp.jsonml.SecureCompilerTest, com.google.javascript.jscomp.jsonml.SecureCompilerTest, com.google.javascript.jscomp.parsing.IRFactoryTest, com.google.javascript.jscomp.parsing.IRFactoryTest, com.google.javascript.jscomp.parsing.JsDocInfoParserTest, com.google.javascript.jscomp.parsing.JsDocInfoParserTest, com.google.javascript.jscomp.parsing.JsDocTokenStreamTest, com.google.javascript.jscomp.parsing.JsDocTokenStreamTest, com.google.javascript.jscomp.parsing.ParserTest, com.google.javascript.jscomp.parsing.ParserTest, com.google.javascript.jscomp.regex.CharRangesTest, com.google.javascript.jscomp.regex.CharRangesTest, com.google.javascript.rhino.IRTest, com.google.javascript.rhino.IRTest, com.google.javascript.rhino.JSDocInfoTest, com.google.javascript.rhino.JSDocInfoTest, com.google.javascript.rhino.NodeTest, com.google.javascript.rhino.NodeTest, com.google.javascript.rhino.jstype.BooleanLiteralSetTest, com.google.javascript.rhino.jstype.BooleanLiteralSetTest, com.google.javascript.rhino.jstype.EnumElementTypeTest, com.google.javascript.rhino.jstype.EnumElementTypeTest, com.google.javascript.rhino.jstype.FunctionParamBuilderTest, com.google.javascript.rhino.jstype.FunctionParamBuilderTest, com.google.javascript.rhino.jstype.FunctionTypeTest, com.google.javascript.rhino.jstype.FunctionTypeTest, com.google.javascript.rhino.jstype.JSTypeRegistryTest, com.google.javascript.rhino.jstype.JSTypeRegistryTest, com.google.javascript.rhino.jstype.JSTypeTest, com.google.javascript.rhino.jstype.JSTypeTest, com.google.javascript.rhino.jstype.NamedTypeTest, com.google.javascript.rhino.jstype.NamedTypeTest, com.google.javascript.rhino.jstype.PrototypeObjectTypeTest, com.google.javascript.rhino.jstype.PrototypeObjectTypeTest, com.google.javascript.rhino.jstype.RecordTypeTest, com.google.javascript.rhino.jstype.RecordTypeTest, com.google.javascript.rhino.jstype.TemplatizedTypeTest, com.google.javascript.rhino.jstype.TemplatizedTypeTest, com.google.javascript.rhino.jstype.TernaryValueTest, com.google.javascript.rhino.jstype.TernaryValueTest, com.google.javascript.rhino.jstype.UnionTypeBuilderTest, com.google.javascript.rhino.jstype.UnionTypeBuilderTest, com.google.javascript.rhino.jstype.UnionTypeTest, com.google.javascript.rhino.jstype.UnionTypeTest]
17:27:09.549 [main] INFO  fr.inria.lille.repair.nopol.NoPol - Config: Config{synthesisDepth=3, collectStaticMethods=true, collectStaticFields=false, collectLiterals=false, onlyOneSynthesisResult=true, sortExpressions=true, maxLineInvocationPerTest=250, timeoutMethodInvocation=2000, dataCollectionTimeoutInSecondForSynthesis=900, addWeight=0.19478, subWeight=0.04554, mulWeight=0.0102, divWeight=0.00613, andWeight=0.10597, orWeight=0.05708, eqWeight=0.22798, nEqWeight=0.0, lessEqWeight=0.0255, lessWeight=0.0947, methodCallWeight=0.1, fieldAccessWeight=0.08099, constantWeight=0.14232, variableWeight=0.05195, mode=REPAIR, type=PRE_THEN_COND, synthesis=DYNAMOTH, oracle=ANGELIC, solver=Z3, solverPath='/home/tdurieux/defects4j4repair/script/../libs/z3/build/z3', projectSources=[src], projectClasspath='[Ljava.net.URL;@2ff4f00f', projectTests=[com.google.debugging.sourcemap.Base64Test, com.google.debugging.sourcemap.Base64Test, com.google.debugging.sourcemap.Base64VLQTest, com.google.debugging.sourcemap.Base64VLQTest, com.google.debugging.sourcemap.SourceMapConsumerV1Test, com.google.debugging.sourcemap.SourceMapConsumerV1Test, com.google.debugging.sourcemap.SourceMapConsumerV2Test, com.google.debugging.sourcemap.SourceMapConsumerV2Test, com.google.debugging.sourcemap.SourceMapConsumerV3Test, com.google.debugging.sourcemap.SourceMapConsumerV3Test, com.google.debugging.sourcemap.SourceMapGeneratorV1Test, com.google.debugging.sourcemap.SourceMapGeneratorV1Test, com.google.debugging.sourcemap.SourceMapGeneratorV2Test, com.google.debugging.sourcemap.SourceMapGeneratorV2Test, com.google.debugging.sourcemap.SourceMapGeneratorV3Test, com.google.debugging.sourcemap.SourceMapGeneratorV3Test, com.google.javascript.jscomp.AliasExternalsTest, com.google.javascript.jscomp.AliasExternalsTest, com.google.javascript.jscomp.AliasKeywordsTest, com.google.javascript.jscomp.AliasKeywordsTest, com.google.javascript.jscomp.AliasStringsTest, com.google.javascript.jscomp.AliasStringsTest, com.google.javascript.jscomp.AmbiguatePropertiesTest, com.google.javascript.jscomp.AmbiguatePropertiesTest, com.google.javascript.jscomp.AngularPassTest, com.google.javascript.jscomp.AngularPassTest, com.google.javascript.jscomp.AstParallelizerTest, com.google.javascript.jscomp.AstParallelizerTest, com.google.javascript.jscomp.AstValidatorTest, com.google.javascript.jscomp.AstValidatorTest, com.google.javascript.jscomp.BasicErrorManagerTest, com.google.javascript.jscomp.BasicErrorManagerTest, com.google.javascript.jscomp.CallGraphTest, com.google.javascript.jscomp.CallGraphTest, com.google.javascript.jscomp.ChainCallsTest, com.google.javascript.jscomp.ChainCallsTest, com.google.javascript.jscomp.CheckAccessControlsTest, com.google.javascript.jscomp.CheckAccessControlsTest, com.google.javascript.jscomp.CheckDebuggerStatementTest, com.google.javascript.jscomp.CheckDebuggerStatementTest, com.google.javascript.jscomp.CheckEventfulObjectDisposalTest, com.google.javascript.jscomp.CheckEventfulObjectDisposalTest, com.google.javascript.jscomp.CheckGlobalNamesTest, com.google.javascript.jscomp.CheckGlobalNamesTest, com.google.javascript.jscomp.CheckGlobalThisTest, com.google.javascript.jscomp.CheckGlobalThisTest, com.google.javascript.jscomp.CheckMissingGetCssNameTest, com.google.javascript.jscomp.CheckMissingGetCssNameTest, com.google.javascript.jscomp.CheckMissingReturnTest, com.google.javascript.jscomp.CheckMissingReturnTest, com.google.javascript.jscomp.CheckPathsBetweenNodesTest, com.google.javascript.jscomp.CheckPathsBetweenNodesTest, com.google.javascript.jscomp.CheckProvidesTest, com.google.javascript.jscomp.CheckProvidesTest, com.google.javascript.jscomp.CheckRegExpTest, com.google.javascript.jscomp.CheckRegExpTest, com.google.javascript.jscomp.CheckRequiresForConstructorsTest, com.google.javascript.jscomp.CheckRequiresForConstructorsTest, com.google.javascript.jscomp.CheckSideEffectsTest, com.google.javascript.jscomp.CheckSideEffectsTest, com.google.javascript.jscomp.CheckSuspiciousCodeTest, com.google.javascript.jscomp.CheckSuspiciousCodeTest, com.google.javascript.jscomp.CheckUnreachableCodeTest, com.google.javascript.jscomp.CheckUnreachableCodeTest, com.google.javascript.jscomp.CleanupPassesTest, com.google.javascript.jscomp.CleanupPassesTest, com.google.javascript.jscomp.ClosureCodeRemovalTest, com.google.javascript.jscomp.ClosureCodeRemovalTest, com.google.javascript.jscomp.ClosureCodingConventionTest, com.google.javascript.jscomp.ClosureCodingConventionTest, com.google.javascript.jscomp.ClosureOptimizePrimitivesTest, com.google.javascript.jscomp.ClosureOptimizePrimitivesTest, com.google.javascript.jscomp.ClosureReverseAbstractInterpreterTest, com.google.javascript.jscomp.ClosureReverseAbstractInterpreterTest, com.google.javascript.jscomp.ClosureRewriteClassTest, com.google.javascript.jscomp.ClosureRewriteClassTest, com.google.javascript.jscomp.CoalesceVariableNamesTest, com.google.javascript.jscomp.CoalesceVariableNamesTest, com.google.javascript.jscomp.CodePrinterTest, com.google.javascript.jscomp.CodePrinterTest, com.google.javascript.jscomp.CollapseAnonymousFunctionsTest, com.google.javascript.jscomp.CollapseAnonymousFunctionsTest, com.google.javascript.jscomp.CollapsePropertiesTest, com.google.javascript.jscomp.CollapsePropertiesTest, com.google.javascript.jscomp.CollapseVariableDeclarationsTest, com.google.javascript.jscomp.CollapseVariableDeclarationsTest, com.google.javascript.jscomp.CombinedCompilerPassTest, com.google.javascript.jscomp.CombinedCompilerPassTest, com.google.javascript.jscomp.CommandLineRunnerTest, com.google.javascript.jscomp.CommandLineRunnerTest, com.google.javascript.jscomp.CompilerOptionsTest, com.google.javascript.jscomp.CompilerOptionsTest, com.google.javascript.jscomp.CompilerTest, com.google.javascript.jscomp.CompilerTest, com.google.javascript.jscomp.ConcreteTypeTest, com.google.javascript.jscomp.ConcreteTypeTest, com.google.javascript.jscomp.ConstCheckTest, com.google.javascript.jscomp.ConstCheckTest, com.google.javascript.jscomp.ConstParamCheckTest, com.google.javascript.jscomp.ConstParamCheckTest, com.google.javascript.jscomp.ControlFlowAnalysisTest, com.google.javascript.jscomp.ControlFlowAnalysisTest, com.google.javascript.jscomp.ControlStructureCheckTest, com.google.javascript.jscomp.ControlStructureCheckTest, com.google.javascript.jscomp.ConvertToDottedPropertiesTest, com.google.javascript.jscomp.ConvertToDottedPropertiesTest, com.google.javascript.jscomp.CreateSyntheticBlocksTest, com.google.javascript.jscomp.CreateSyntheticBlocksTest, com.google.javascript.jscomp.CrossModuleCodeMotionTest, com.google.javascript.jscomp.CrossModuleCodeMotionTest, com.google.javascript.jscomp.CrossModuleMethodMotionTest, com.google.javascript.jscomp.CrossModuleMethodMotionTest, com.google.javascript.jscomp.DataFlowAnalysisTest, com.google.javascript.jscomp.DataFlowAnalysisTest, com.google.javascript.jscomp.DeadAssignmentsEliminationTest, com.google.javascript.jscomp.DeadAssignmentsEliminationTest, com.google.javascript.jscomp.DefaultCodingConventionTest, com.google.javascript.jscomp.DefaultCodingConventionTest, com.google.javascript.jscomp.DefinitionsRemoverTest, com.google.javascript.jscomp.DefinitionsRemoverTest, com.google.javascript.jscomp.DenormalizeTest, com.google.javascript.jscomp.DenormalizeTest, com.google.javascript.jscomp.DevirtualizePrototypeMethodsTest, com.google.javascript.jscomp.DevirtualizePrototypeMethodsTest, com.google.javascript.jscomp.DiagnosticGroupTest, com.google.javascript.jscomp.DiagnosticGroupTest, com.google.javascript.jscomp.DisambiguatePrivatePropertiesTest, com.google.javascript.jscomp.DisambiguatePrivatePropertiesTest, com.google.javascript.jscomp.DisambiguatePropertiesTest, com.google.javascript.jscomp.DisambiguatePropertiesTest, com.google.javascript.jscomp.DotFormatterTest, com.google.javascript.jscomp.DotFormatterTest, com.google.javascript.jscomp.ExpandJqueryAliasesTest, com.google.javascript.jscomp.ExpandJqueryAliasesTest, com.google.javascript.jscomp.ExploitAssignsTest, com.google.javascript.jscomp.ExploitAssignsTest, com.google.javascript.jscomp.ExportTestFunctionsTest, com.google.javascript.jscomp.ExportTestFunctionsTest, com.google.javascript.jscomp.ExpressionDecomposerTest, com.google.javascript.jscomp.ExpressionDecomposerTest, com.google.javascript.jscomp.ExternExportsPassTest, com.google.javascript.jscomp.ExternExportsPassTest, com.google.javascript.jscomp.ExtractPrototypeMemberDeclarationsTest, com.google.javascript.jscomp.ExtractPrototypeMemberDeclarationsTest, com.google.javascript.jscomp.FixedPointGraphTraversalTest, com.google.javascript.jscomp.FixedPointGraphTraversalTest, com.google.javascript.jscomp.FlowSensitiveInlineVariablesTest, com.google.javascript.jscomp.FlowSensitiveInlineVariablesTest, com.google.javascript.jscomp.FunctionArgumentInjectorTest, com.google.javascript.jscomp.FunctionArgumentInjectorTest, com.google.javascript.jscomp.FunctionInjectorTest, com.google.javascript.jscomp.FunctionInjectorTest, com.google.javascript.jscomp.FunctionNamesTest, com.google.javascript.jscomp.FunctionNamesTest, com.google.javascript.jscomp.FunctionRewriterTest, com.google.javascript.jscomp.FunctionRewriterTest, com.google.javascript.jscomp.FunctionToBlockMutatorTest, com.google.javascript.jscomp.FunctionToBlockMutatorTest, com.google.javascript.jscomp.FunctionTypeBuilderTest, com.google.javascript.jscomp.FunctionTypeBuilderTest, com.google.javascript.jscomp.GatherCharacterEncodingBiasTest, com.google.javascript.jscomp.GatherCharacterEncodingBiasTest, com.google.javascript.jscomp.GatherRawExportsTest, com.google.javascript.jscomp.GatherRawExportsTest, com.google.javascript.jscomp.GatherSideEffectSubexpressionsCallbackTest, com.google.javascript.jscomp.GatherSideEffectSubexpressionsCallbackTest, com.google.javascript.jscomp.GenerateExportsTest, com.google.javascript.jscomp.GenerateExportsTest, com.google.javascript.jscomp.GlobalNamespaceTest, com.google.javascript.jscomp.GlobalNamespaceTest, com.google.javascript.jscomp.GlobalVarReferenceMapTest, com.google.javascript.jscomp.GlobalVarReferenceMapTest, com.google.javascript.jscomp.GoogleCodingConventionTest, com.google.javascript.jscomp.GoogleCodingConventionTest, com.google.javascript.jscomp.GroupVariableDeclarationsTest, com.google.javascript.jscomp.GroupVariableDeclarationsTest, com.google.javascript.jscomp.IgnoreCajaPropertiesTest, com.google.javascript.jscomp.IgnoreCajaPropertiesTest, com.google.javascript.jscomp.InferJSDocInfoTest, com.google.javascript.jscomp.InferJSDocInfoTest, com.google.javascript.jscomp.InlineCostEstimatorTest, com.google.javascript.jscomp.InlineCostEstimatorTest, com.google.javascript.jscomp.InlineFunctionsTest, com.google.javascript.jscomp.InlineFunctionsTest, com.google.javascript.jscomp.InlineObjectLiteralsTest, com.google.javascript.jscomp.InlineObjectLiteralsTest, com.google.javascript.jscomp.InlinePropertiesTest, com.google.javascript.jscomp.InlinePropertiesTest, com.google.javascript.jscomp.InlineSimpleMethodsTest, com.google.javascript.jscomp.InlineSimpleMethodsTest, com.google.javascript.jscomp.InlineVariablesConstantsTest, com.google.javascript.jscomp.InlineVariablesConstantsTest, com.google.javascript.jscomp.InlineVariablesTest, com.google.javascript.jscomp.InlineVariablesTest, com.google.javascript.jscomp.InstrumentFunctionsTest, com.google.javascript.jscomp.InstrumentFunctionsTest, com.google.javascript.jscomp.InstrumentMemoryAllocPassTest, com.google.javascript.jscomp.InstrumentMemoryAllocPassTest, com.google.javascript.jscomp.IntegrationTest, com.google.javascript.jscomp.IntegrationTest, com.google.javascript.jscomp.JSCompilerSourceExcerptProviderTest, com.google.javascript.jscomp.JSCompilerSourceExcerptProviderTest, com.google.javascript.jscomp.JSModuleGraphTest, com.google.javascript.jscomp.JSModuleGraphTest, com.google.javascript.jscomp.JSModuleTest, com.google.javascript.jscomp.JSModuleTest, com.google.javascript.jscomp.JsMessageExtractorTest, com.google.javascript.jscomp.JsMessageExtractorTest, com.google.javascript.jscomp.JsMessageTest, com.google.javascript.jscomp.JsMessageTest, com.google.javascript.jscomp.JsMessageVisitorTest, com.google.javascript.jscomp.JsMessageVisitorTest, com.google.javascript.jscomp.LightweightMessageFormatterTest, com.google.javascript.jscomp.LightweightMessageFormatterTest, com.google.javascript.jscomp.LinkedFlowScopeTest, com.google.javascript.jscomp.LinkedFlowScopeTest, com.google.javascript.jscomp.LiveVariableAnalysisTest, com.google.javascript.jscomp.LiveVariableAnalysisTest, com.google.javascript.jscomp.LooseTypeCheckTest, com.google.javascript.jscomp.LooseTypeCheckTest, com.google.javascript.jscomp.MakeDeclaredNamesUniqueTest, com.google.javascript.jscomp.MakeDeclaredNamesUniqueTest, com.google.javascript.jscomp.MarkNoSideEffectCallsTest, com.google.javascript.jscomp.MarkNoSideEffectCallsTest, com.google.javascript.jscomp.MaybeReachingVariableUseTest, com.google.javascript.jscomp.MaybeReachingVariableUseTest, com.google.javascript.jscomp.MemoizedScopeCreatorTest, com.google.javascript.jscomp.MemoizedScopeCreatorTest, com.google.javascript.jscomp.MinimizeExitPointsTest, com.google.javascript.jscomp.MinimizeExitPointsTest, com.google.javascript.jscomp.MinimizedConditionTest, com.google.javascript.jscomp.MinimizedConditionTest, com.google.javascript.jscomp.MoveFunctionDeclarationsTest, com.google.javascript.jscomp.MoveFunctionDeclarationsTest, com.google.javascript.jscomp.MultiPassTest, com.google.javascript.jscomp.MultiPassTest, com.google.javascript.jscomp.MustBeReachingVariableDefTest, com.google.javascript.jscomp.MustBeReachingVariableDefTest, com.google.javascript.jscomp.NameAnalyzerTest, com.google.javascript.jscomp.NameAnalyzerTest, com.google.javascript.jscomp.NameAnonymousFunctionsMappedTest, com.google.javascript.jscomp.NameAnonymousFunctionsMappedTest, com.google.javascript.jscomp.NameAnonymousFunctionsTest, com.google.javascript.jscomp.NameAnonymousFunctionsTest, com.google.javascript.jscomp.NodeIteratorsTest, com.google.javascript.jscomp.NodeIteratorsTest, com.google.javascript.jscomp.NodeTraversalTest, com.google.javascript.jscomp.NodeTraversalTest, com.google.javascript.jscomp.NodeUtilTest, com.google.javascript.jscomp.NodeUtilTest, com.google.javascript.jscomp.NormalizeTest, com.google.javascript.jscomp.NormalizeTest, com.google.javascript.jscomp.ObjectPropertyStringPostprocessTest, com.google.javascript.jscomp.ObjectPropertyStringPostprocessTest, com.google.javascript.jscomp.ObjectPropertyStringPreprocessTest, com.google.javascript.jscomp.ObjectPropertyStringPreprocessTest, com.google.javascript.jscomp.OptimizeArgumentsArrayTest, com.google.javascript.jscomp.OptimizeArgumentsArrayTest, com.google.javascript.jscomp.OptimizeCallsTest, com.google.javascript.jscomp.OptimizeCallsTest, com.google.javascript.jscomp.OptimizeParametersTest, com.google.javascript.jscomp.OptimizeParametersTest, com.google.javascript.jscomp.OptimizeReturnsTest, com.google.javascript.jscomp.OptimizeReturnsTest, com.google.javascript.jscomp.PeepholeCollectPropertyAssignmentsTest, com.google.javascript.jscomp.PeepholeCollectPropertyAssignmentsTest, com.google.javascript.jscomp.PeepholeFoldConstantsTest, com.google.javascript.jscomp.PeepholeFoldConstantsTest, com.google.javascript.jscomp.PeepholeFoldWithTypesTest, com.google.javascript.jscomp.PeepholeFoldWithTypesTest, com.google.javascript.jscomp.PeepholeIntegrationTest, com.google.javascript.jscomp.PeepholeIntegrationTest, com.google.javascript.jscomp.PeepholeMinimizeConditionsTest, com.google.javascript.jscomp.PeepholeMinimizeConditionsTest, com.google.javascript.jscomp.PeepholeOptimizationsPassTest, com.google.javascript.jscomp.PeepholeOptimizationsPassTest, com.google.javascript.jscomp.PeepholeRemoveDeadCodeTest, com.google.javascript.jscomp.PeepholeRemoveDeadCodeTest, com.google.javascript.jscomp.PeepholeReplaceKnownMethodsTest, com.google.javascript.jscomp.PeepholeReplaceKnownMethodsTest, com.google.javascript.jscomp.PeepholeSimplifyRegExpTest, com.google.javascript.jscomp.PeepholeSimplifyRegExpTest, com.google.javascript.jscomp.PeepholeSubstituteAlternateSyntaxTest, com.google.javascript.jscomp.PeepholeSubstituteAlternateSyntaxTest, com.google.javascript.jscomp.PerformanceTrackerTest, com.google.javascript.jscomp.PerformanceTrackerTest, com.google.javascript.jscomp.PhaseOptimizerTest, com.google.javascript.jscomp.PhaseOptimizerTest, com.google.javascript.jscomp.PrepareAstTest, com.google.javascript.jscomp.PrepareAstTest, com.google.javascript.jscomp.ProcessClosurePrimitivesTest, com.google.javascript.jscomp.ProcessClosurePrimitivesTest, com.google.javascript.jscomp.ProcessCommonJSModulesTest, com.google.javascript.jscomp.ProcessCommonJSModulesTest, com.google.javascript.jscomp.ProcessDefinesTest, com.google.javascript.jscomp.ProcessDefinesTest, com.google.javascript.jscomp.ProcessTweaksTest, com.google.javascript.jscomp.ProcessTweaksTest, com.google.javascript.jscomp.PureFunctionIdentifierTest, com.google.javascript.jscomp.PureFunctionIdentifierTest, com.google.javascript.jscomp.RecordFunctionInformationTest, com.google.javascript.jscomp.RecordFunctionInformationTest, com.google.javascript.jscomp.RemoveTryCatchTest, com.google.javascript.jscomp.RemoveTryCatchTest, com.google.javascript.jscomp.RemoveUnusedClassPropertiesTest, com.google.javascript.jscomp.RemoveUnusedClassPropertiesTest, com.google.javascript.jscomp.RemoveUnusedNamesTest, com.google.javascript.jscomp.RemoveUnusedNamesTest, com.google.javascript.jscomp.RemoveUnusedPrototypePropertiesTest, com.google.javascript.jscomp.RemoveUnusedPrototypePropertiesTest, com.google.javascript.jscomp.RemoveUnusedVarsTest, com.google.javascript.jscomp.RemoveUnusedVarsTest, com.google.javascript.jscomp.RenameLabelsTest, com.google.javascript.jscomp.RenameLabelsTest, com.google.javascript.jscomp.RenameLocalVarsTest, com.google.javascript.jscomp.RenameLocalVarsTest, com.google.javascript.jscomp.RenamePropertiesTest, com.google.javascript.jscomp.RenamePropertiesTest, com.google.javascript.jscomp.RenamePrototypesTest, com.google.javascript.jscomp.RenamePrototypesTest, com.google.javascript.jscomp.RenameVars2Test, com.google.javascript.jscomp.RenameVars2Test, com.google.javascript.jscomp.RenameVarsTest, com.google.javascript.jscomp.RenameVarsTest, com.google.javascript.jscomp.ReorderConstantExpressionTest, com.google.javascript.jscomp.ReorderConstantExpressionTest, com.google.javascript.jscomp.ReplaceCssNamesTest, com.google.javascript.jscomp.ReplaceCssNamesTest, com.google.javascript.jscomp.ReplaceIdGeneratorsTest, com.google.javascript.jscomp.ReplaceIdGeneratorsTest, com.google.javascript.jscomp.ReplaceMessagesForChromeTest, com.google.javascript.jscomp.ReplaceMessagesForChromeTest, com.google.javascript.jscomp.ReplaceMessagesTest, com.google.javascript.jscomp.ReplaceMessagesTest, com.google.javascript.jscomp.ReplaceStringsTest, com.google.javascript.jscomp.ReplaceStringsTest, com.google.javascript.jscomp.RescopeGlobalSymbolsTest, com.google.javascript.jscomp.RescopeGlobalSymbolsTest, com.google.javascript.jscomp.RhinoErrorReporterTest, com.google.javascript.jscomp.RhinoErrorReporterTest, com.google.javascript.jscomp.RuntimeTypeCheckTest, com.google.javascript.jscomp.RuntimeTypeCheckTest, com.google.javascript.jscomp.SanityCheckTest, com.google.javascript.jscomp.SanityCheckTest, com.google.javascript.jscomp.ScopedAliasesTest, com.google.javascript.jscomp.ScopedAliasesTest, com.google.javascript.jscomp.SemanticReverseAbstractInterpreterTest, com.google.javascript.jscomp.SemanticReverseAbstractInterpreterTest, com.google.javascript.jscomp.ShadowVariables2Test, com.google.javascript.jscomp.ShadowVariables2Test, com.google.javascript.jscomp.ShadowVariablesTest, com.google.javascript.jscomp.ShadowVariablesTest, com.google.javascript.jscomp.SideEffectsAnalysisTest, com.google.javascript.jscomp.SideEffectsAnalysisTest, com.google.javascript.jscomp.SimpleDefinitionFinderTest, com.google.javascript.jscomp.SimpleDefinitionFinderTest, com.google.javascript.jscomp.SimpleFunctionAliasAnalysisTest, com.google.javascript.jscomp.SimpleFunctionAliasAnalysisTest, com.google.javascript.jscomp.SourceInformationAnnotatorTest, com.google.javascript.jscomp.SourceInformationAnnotatorTest, com.google.javascript.jscomp.SourceMapTest, com.google.javascript.jscomp.SourceMapTest, com.google.javascript.jscomp.SpecializeModuleTest, com.google.javascript.jscomp.SpecializeModuleTest, com.google.javascript.jscomp.StatementFusionTest, com.google.javascript.jscomp.StatementFusionTest, com.google.javascript.jscomp.StrictModeCheckTest, com.google.javascript.jscomp.StrictModeCheckTest, com.google.javascript.jscomp.StripCodeTest, com.google.javascript.jscomp.StripCodeTest, com.google.javascript.jscomp.SymbolTableTest, com.google.javascript.jscomp.SymbolTableTest, com.google.javascript.jscomp.SyntacticScopeCreatorTest, com.google.javascript.jscomp.SyntacticScopeCreatorTest, com.google.javascript.jscomp.TightenTypesTest, com.google.javascript.jscomp.TightenTypesTest, com.google.javascript.jscomp.TransformAMDToCJSModuleTest, com.google.javascript.jscomp.TransformAMDToCJSModuleTest, com.google.javascript.jscomp.TypeCheckFunctionCheckTest, com.google.javascript.jscomp.TypeCheckFunctionCheckTest, com.google.javascript.jscomp.TypeCheckTest, com.google.javascript.jscomp.TypeCheckTest, com.google.javascript.jscomp.TypeInferenceTest, com.google.javascript.jscomp.TypeInferenceTest, com.google.javascript.jscomp.TypeValidatorTest, com.google.javascript.jscomp.TypeValidatorTest, com.google.javascript.jscomp.TypedScopeCreatorTest, com.google.javascript.jscomp.TypedScopeCreatorTest, com.google.javascript.jscomp.UnreachableCodeEliminationTest, com.google.javascript.jscomp.UnreachableCodeEliminationTest, com.google.javascript.jscomp.VarCheckTest, com.google.javascript.jscomp.VarCheckTest, com.google.javascript.jscomp.VariableMapTest, com.google.javascript.jscomp.VariableMapTest, com.google.javascript.jscomp.VariableReferenceCheckTest, com.google.javascript.jscomp.VariableReferenceCheckTest, com.google.javascript.jscomp.VariableVisibilityAnalysisTest, com.google.javascript.jscomp.VariableVisibilityAnalysisTest, com.google.javascript.jscomp.XtbMessageBundleTest, com.google.javascript.jscomp.XtbMessageBundleTest, com.google.javascript.jscomp.deps.DepsFileParserTest, com.google.javascript.jscomp.deps.DepsFileParserTest, com.google.javascript.jscomp.deps.JsFileLineParserTest, com.google.javascript.jscomp.deps.JsFileLineParserTest, com.google.javascript.jscomp.deps.JsFileParserTest, com.google.javascript.jscomp.deps.JsFileParserTest, com.google.javascript.jscomp.deps.JsFunctionParserTest, com.google.javascript.jscomp.deps.JsFunctionParserTest, com.google.javascript.jscomp.deps.SortedDependenciesTest, com.google.javascript.jscomp.deps.SortedDependenciesTest, com.google.javascript.jscomp.fuzzing.FuzzerTest, com.google.javascript.jscomp.fuzzing.FuzzerTest, com.google.javascript.jscomp.graph.GraphColoringTest, com.google.javascript.jscomp.graph.GraphColoringTest, com.google.javascript.jscomp.graph.GraphPrunerTest, com.google.javascript.jscomp.graph.GraphPrunerTest, com.google.javascript.jscomp.graph.GraphReachabilityTest, com.google.javascript.jscomp.graph.GraphReachabilityTest, com.google.javascript.jscomp.graph.GraphTest, com.google.javascript.jscomp.graph.GraphTest, com.google.javascript.jscomp.graph.StandardUnionFindTest, com.google.javascript.jscomp.graph.StandardUnionFindTest, com.google.javascript.jscomp.jsonml.JsonMLConversionTest, com.google.javascript.jscomp.jsonml.JsonMLConversionTest, com.google.javascript.jscomp.jsonml.JsonMLValidationTest, com.google.javascript.jscomp.jsonml.JsonMLValidationTest, com.google.javascript.jscomp.jsonml.SecureCompilerTest, com.google.javascript.jscomp.jsonml.SecureCompilerTest, com.google.javascript.jscomp.parsing.IRFactoryTest, com.google.javascript.jscomp.parsing.IRFactoryTest, com.google.javascript.jscomp.parsing.JsDocInfoParserTest, com.google.javascript.jscomp.parsing.JsDocInfoParserTest, com.google.javascript.jscomp.parsing.JsDocTokenStreamTest, com.google.javascript.jscomp.parsing.JsDocTokenStreamTest, com.google.javascript.jscomp.parsing.ParserTest, com.google.javascript.jscomp.parsing.ParserTest, com.google.javascript.jscomp.regex.CharRangesTest, com.google.javascript.jscomp.regex.CharRangesTest, com.google.javascript.rhino.IRTest, com.google.javascript.rhino.IRTest, com.google.javascript.rhino.JSDocInfoTest, com.google.javascript.rhino.JSDocInfoTest, com.google.javascript.rhino.NodeTest, com.google.javascript.rhino.NodeTest, com.google.javascript.rhino.jstype.BooleanLiteralSetTest, com.google.javascript.rhino.jstype.BooleanLiteralSetTest, com.google.javascript.rhino.jstype.EnumElementTypeTest, com.google.javascript.rhino.jstype.EnumElementTypeTest, com.google.javascript.rhino.jstype.FunctionParamBuilderTest, com.google.javascript.rhino.jstype.FunctionParamBuilderTest, com.google.javascript.rhino.jstype.FunctionTypeTest, com.google.javascript.rhino.jstype.FunctionTypeTest, com.google.javascript.rhino.jstype.JSTypeRegistryTest, com.google.javascript.rhino.jstype.JSTypeRegistryTest, com.google.javascript.rhino.jstype.JSTypeTest, com.google.javascript.rhino.jstype.JSTypeTest, com.google.javascript.rhino.jstype.NamedTypeTest, com.google.javascript.rhino.jstype.NamedTypeTest, com.google.javascript.rhino.jstype.PrototypeObjectTypeTest, com.google.javascript.rhino.jstype.PrototypeObjectTypeTest, com.google.javascript.rhino.jstype.RecordTypeTest, com.google.javascript.rhino.jstype.RecordTypeTest, com.google.javascript.rhino.jstype.TemplatizedTypeTest, com.google.javascript.rhino.jstype.TemplatizedTypeTest, com.google.javascript.rhino.jstype.TernaryValueTest, com.google.javascript.rhino.jstype.TernaryValueTest, com.google.javascript.rhino.jstype.UnionTypeBuilderTest, com.google.javascript.rhino.jstype.UnionTypeBuilderTest, com.google.javascript.rhino.jstype.UnionTypeTest, com.google.javascript.rhino.jstype.UnionTypeTest], complianceLevel=7, outputFolder=., json=true}
17:27:09.550 [main] INFO  fr.inria.lille.repair.nopol.NoPol - Available processors (cores): 32
17:27:09.554 [main] INFO  fr.inria.lille.repair.nopol.NoPol - Free memory: 864 MB
17:27:09.554 [main] INFO  fr.inria.lille.repair.nopol.NoPol - Maximum memory: 3 GB
17:27:09.554 [main] INFO  fr.inria.lille.repair.nopol.NoPol - Total memory available to JVM: 989 MB
17:27:09.554 [main] INFO  fr.inria.lille.repair.nopol.NoPol - Java version: 1.8.0_181
17:27:09.555 [main] INFO  fr.inria.lille.repair.nopol.NoPol - JAVA_HOME: /usr/lib/jvm/java-1.8.0-openjdk-amd64/bin/
17:27:09.555 [main] INFO  fr.inria.lille.repair.nopol.NoPol - PATH: /usr/lib/jvm/java-1.8.0-openjdk-amd64/bin/:/usr/lib/oar/oardodo:/usr/lib/oar/oardodo:/usr/local/bin:/usr/bin:/bin:/usr/games
17:27:33.780 [pool-2-thread-1] DEBUG fr.inria.lille.repair.nopol.NoPol - statement #1
17:27:33.781 [pool-2-thread-1] DEBUG fr.inria.lille.repair.nopol.NoPol - Analysing SourceLocation com.google.javascript.jscomp.CompilerTestCase:1157 which is executed by 3877 tests
17:27:33.781 [pool-2-thread-1] DEBUG fr.inria.lille.repair.nopol.NoPol - cannot spoon SourceLocation com.google.javascript.jscomp.CompilerTestCase:1157
17:27:33.782 [pool-2-thread-1] DEBUG fr.inria.lille.repair.nopol.NoPol - statement #2
17:27:33.782 [pool-2-thread-1] DEBUG fr.inria.lille.repair.nopol.NoPol - Analysing SourceLocation com.google.javascript.jscomp.CompilerTestCase:162 which is executed by 3786 tests
17:27:33.783 [pool-2-thread-1] DEBUG fr.inria.lille.repair.nopol.NoPol - cannot spoon SourceLocation com.google.javascript.jscomp.CompilerTestCase:162
17:27:33.783 [pool-2-thread-1] DEBUG fr.inria.lille.repair.nopol.NoPol - statement #3
17:27:33.784 [pool-2-thread-1] DEBUG fr.inria.lille.repair.nopol.NoPol - Analysing SourceLocation com.google.javascript.jscomp.CompilerTestCase:161 which is executed by 3786 tests
17:27:33.784 [pool-2-thread-1] DEBUG fr.inria.lille.repair.nopol.NoPol - cannot spoon SourceLocation com.google.javascript.jscomp.CompilerTestCase:161
17:27:33.784 [pool-2-thread-1] DEBUG fr.inria.lille.repair.nopol.NoPol - statement #4
17:27:33.785 [pool-2-thread-1] DEBUG fr.inria.lille.repair.nopol.NoPol - Analysing SourceLocation com.google.javascript.jscomp.CompilerTestCase:160 which is executed by 3786 tests
17:27:33.785 [pool-2-thread-1] DEBUG fr.inria.lille.repair.nopol.NoPol - cannot spoon SourceLocation com.google.javascript.jscomp.CompilerTestCase:160
17:27:33.786 [pool-2-thread-1] DEBUG fr.inria.lille.repair.nopol.NoPol - statement #5
17:27:33.786 [pool-2-thread-1] DEBUG fr.inria.lille.repair.nopol.NoPol - Analysing SourceLocation com.google.javascript.jscomp.CompilerTestCase:461 which is executed by 3632 tests
17:27:33.786 [pool-2-thread-1] DEBUG fr.inria.lille.repair.nopol.NoPol - cannot spoon SourceLocation com.google.javascript.jscomp.CompilerTestCase:461
17:27:33.787 [pool-2-thread-1] DEBUG fr.inria.lille.repair.nopol.NoPol - statement #6
17:27:33.787 [pool-2-thread-1] DEBUG fr.inria.lille.repair.nopol.NoPol - Analysing SourceLocation com.google.javascript.jscomp.CompilerTestCase:403 which is executed by 3374 tests
17:27:33.787 [pool-2-thread-1] DEBUG fr.inria.lille.repair.nopol.NoPol - cannot spoon SourceLocation com.google.javascript.jscomp.CompilerTestCase:403
17:27:33.788 [pool-2-thread-1] DEBUG fr.inria.lille.repair.nopol.NoPol - statement #7
17:27:33.788 [pool-2-thread-1] DEBUG fr.inria.lille.repair.nopol.NoPol - Analysing SourceLocation com.google.javascript.jscomp.CompilerTestCase:372 which is executed by 3217 tests
17:27:33.788 [pool-2-thread-1] DEBUG fr.inria.lille.repair.nopol.NoPol - cannot spoon SourceLocation com.google.javascript.jscomp.CompilerTestCase:372
17:27:33.789 [pool-2-thread-1] DEBUG fr.inria.lille.repair.nopol.NoPol - statement #8
17:27:33.789 [pool-2-thread-1] DEBUG fr.inria.lille.repair.nopol.NoPol - Analysing SourceLocation com.google.javascript.jscomp.CompilerTestCase:360 which is executed by 3030 tests
17:27:33.789 [pool-2-thread-1] DEBUG fr.inria.lille.repair.nopol.NoPol - cannot spoon SourceLocation com.google.javascript.jscomp.CompilerTestCase:360
17:27:33.790 [pool-2-thread-1] DEBUG fr.inria.lille.repair.nopol.NoPol - statement #9
17:27:33.790 [pool-2-thread-1] DEBUG fr.inria.lille.repair.nopol.NoPol - Analysing SourceLocation com.google.javascript.jscomp.CompilerTypeTestCase:117 which is executed by 2092 tests
17:27:33.790 [pool-2-thread-1] DEBUG fr.inria.lille.repair.nopol.NoPol - cannot spoon SourceLocation com.google.javascript.jscomp.CompilerTypeTestCase:117
17:27:33.790 [pool-2-thread-1] DEBUG fr.inria.lille.repair.nopol.NoPol - statement #10
17:27:33.790 [pool-2-thread-1] DEBUG fr.inria.lille.repair.nopol.NoPol - Analysing SourceLocation com.google.javascript.jscomp.CompilerTestCase:262 which is executed by 1795 tests
17:27:33.791 [pool-2-thread-1] DEBUG fr.inria.lille.repair.nopol.NoPol - cannot spoon SourceLocation com.google.javascript.jscomp.CompilerTestCase:262
17:27:33.791 [pool-2-thread-1] DEBUG fr.inria.lille.repair.nopol.NoPol - statement #11
17:27:33.791 [pool-2-thread-1] DEBUG fr.inria.lille.repair.nopol.NoPol - Analysing SourceLocation com.google.javascript.jscomp.CompilerTestCase:261 which is executed by 1795 tests
17:27:33.791 [pool-2-thread-1] DEBUG fr.inria.lille.repair.nopol.NoPol - cannot spoon SourceLocation com.google.javascript.jscomp.CompilerTestCase:261
17:27:33.792 [pool-2-thread-1] DEBUG fr.inria.lille.repair.nopol.NoPol - statement #12
17:27:33.792 [pool-2-thread-1] DEBUG fr.inria.lille.repair.nopol.NoPol - Analysing SourceLocation com.google.javascript.jscomp.CompilerTestCase:599 which is executed by 1150 tests
17:27:33.792 [pool-2-thread-1] DEBUG fr.inria.lille.repair.nopol.NoPol - cannot spoon SourceLocation com.google.javascript.jscomp.CompilerTestCase:599
17:27:33.792 [pool-2-thread-1] DEBUG fr.inria.lille.repair.nopol.NoPol - statement #13
17:27:33.792 [pool-2-thread-1] DEBUG fr.inria.lille.repair.nopol.NoPol - Analysing SourceLocation com.google.javascript.rhino.jstype.JSTypeNative:47 which is executed by 853 tests
-1745775077
17:27:34.097 [pool-2-thread-1] DEBUG fr.inria.lille.repair.nopol.NoPol - statement #14
17:27:34.098 [pool-2-thread-1] DEBUG fr.inria.lille.repair.nopol.NoPol - Analysing SourceLocation com.google.javascript.rhino.jstype.PropertyMap:95 which is executed by 853 tests
-1269519576
17:27:34.296 [pool-2-thread-1] DEBUG fr.inria.lille.repair.nopol.NoPol - statement #15
17:27:34.296 [pool-2-thread-1] DEBUG fr.inria.lille.repair.nopol.NoPol - Analysing SourceLocation com.google.javascript.rhino.jstype.PropertyMap:93 which is executed by 853 tests
-1269519576
17:27:34.473 [pool-2-thread-1] DEBUG fr.inria.lille.repair.nopol.NoPol - looking with class fr.inria.lille.repair.nopol.spoon.smt.ConditionalAdder
junit.framework.AssertionFailedError: Class junit.framework.TestSuite$1 has no public constructor TestCase(String name) or TestCase()
    at junit.framework.Assert.fail(Assert.java:57)
    at junit.framework.TestCase.fail(TestCase.java:227)
    at junit.framework.TestSuite$1.runTest(TestSuite.java:100)
    at junit.framework.TestCase.runBare(TestCase.java:141)
    at junit.framework.TestResult$1.protect(TestResult.java:122)
    at junit.framework.TestResult.runProtected(TestResult.java:142)
17:31:39.502 [pool-3-thread-1] DEBUG xxl.java.junit.TestSuiteExecution - Timeout after 200 seconds. Infinite loop?
17:31:39.502 [pool-2-thread-1] ERROR fr.inria.lille.repair.nopol.NoPol - Error ExecutionException java.util.concurrent.ExecutionException: java.lang.RuntimeException: java.util.concurrent.TimeoutException
17:31:39.503 [pool-2-thread-1] DEBUG fr.inria.lille.repair.nopol.NoPol - statement #16
17:31:50.585 [pool-2-thread-1] DEBUG fr.inria.lille.repair.nopol.NoPol - Analysing SourceLocation com.google.javascript.rhino.jstype.PropertyMap:92 which is executed by 853 tests
java.lang.OutOfMemoryError: Java heap space
-1269519576
17:39:33.288 [pool-2-thread-1] DEBUG fr.inria.lille.repair.nopol.NoPol - looking with class fr.inria.lille.repair.nopol.spoon.smt.ConditionalAdder
junit.framework.AssertionFailedError: Class junit.framework.TestSuite$1 has no public constructor TestCase(String name) or TestCase()
    at junit.framework.Assert.fail(Assert.java:57)
    at junit.framework.TestCase.fail(TestCase.java:227)
    at junit.framework.TestSuite$1.runTest(TestSuite.java:100)
    at junit.framework.TestCase.runBare(TestCase.java:141)
    at junit.framework.TestResult$1.protect(TestResult.java:122)
    at junit.framework.TestResult.runProtected(TestResult.java:142)
17:43:09.048 [pool-5-thread-1] DEBUG xxl.java.junit.TestSuiteExecution - Timeout after 200 seconds. Infinite loop?
17:43:09.048 [pool-2-thread-1] ERROR fr.inria.lille.repair.nopol.NoPol - Error ExecutionException java.util.concurrent.ExecutionException: java.lang.RuntimeException: java.util.concurrent.TimeoutException
17:43:18.857 [pool-2-thread-1] DEBUG fr.inria.lille.repair.nopol.NoPol - looking with class fr.inria.lille.repair.nopol.spoon.smt.ConditionalReplacer
17:46:46.876 [pool-2-thread-1] ERROR fr.inria.lille.repair.nopol.NoPol - Error ExecutionException java.util.concurrent.ExecutionException: java.lang.OutOfMemoryError: Java heap space
17:47:13.666 [pool-2-thread-1] DEBUG fr.inria.lille.repair.nopol.NoPol - statement #17
17:47:13.666 [pool-2-thread-1] DEBUG fr.inria.lille.repair.nopol.NoPol - Analysing SourceLocation com.google.javascript.rhino.jstype.JSTypeRegistry:1494 which is executed by 853 tests
-1093533311
17:47:13.915 [pool-2-thread-1] DEBUG fr.inria.lille.repair.nopol.NoPol - statement #18
17:47:13.915 [pool-2-thread-1] DEBUG fr.inria.lille.repair.nopol.NoPol - Analysing SourceLocation com.google.javascript.rhino.jstype.JSTypeRegistry:1491 which is executed by 853 tests
-1093533311
17:47:14.193 [pool-2-thread-1] DEBUG fr.inria.lille.repair.nopol.NoPol - looking with class fr.inria.lille.repair.nopol.spoon.smt.ConditionalAdder
junit.framework.AssertionFailedError: Class junit.framework.TestSuite$1 has no public constructor TestCase(String name) or TestCase()
    at junit.framework.Assert.fail(Assert.java:57)
    at junit.framework.TestCase.fail(TestCase.java:227)
    at junit.framework.TestSuite$1.runTest(TestSuite.java:100)
    at junit.framework.TestCase.runBare(TestCase.java:141)
    at junit.framework.TestResult$1.protect(TestResult.java:122)
    at junit.framework.TestResult.runProtected(TestResult.java:142)
17:50:45.883 [pool-9-thread-1] DEBUG xxl.java.junit.TestSuiteExecution - Timeout after 200 seconds. Infinite loop?
17:50:45.884 [pool-2-thread-1] ERROR fr.inria.lille.repair.nopol.NoPol - Error ExecutionException java.util.concurrent.ExecutionException: java.lang.RuntimeException: java.util.concurrent.TimeoutException
17:51:05.166 [pool-2-thread-1] DEBUG fr.inria.lille.repair.nopol.NoPol - statement #19
17:51:05.166 [pool-2-thread-1] DEBUG fr.inria.lille.repair.nopol.NoPol - Analysing SourceLocation com.google.javascript.rhino.jstype.JSTypeRegistry:1489 which is executed by 853 tests
java.lang.OutOfMemoryError: Java heap space
java.util.concurrent.ExecutionException: java.lang.OutOfMemoryError: Java heap space
	at java.util.concurrent.FutureTask.report(FutureTask.java:122)
	at java.util.concurrent.FutureTask.get(FutureTask.java:206)
	at fr.inria.lille.repair.Main.main(Main.java:106)
Caused by: java.lang.OutOfMemoryError: Java heap space

Usage: java -jar nopol.jar
                          [(-m|--mode) <repair|ranking>] (-e|--type) <condition|precondition|pre_then_cond|loop|arithmetic> [(-o|--oracle) <angelic|symbolic>] [(-y|--synthesis) <smt|dynamoth>] [(-l|--solver) <z3|cvc4>] [(-p|--solver-path) <solverPath>] (-s|--source) source1:source2:...:sourceN  (-c|--classpath) <classpath> [(-t|--test) test1:test2:...:testN ] [--complianceLevel <complianceLevel>] [--maxTime <maxTime>] [--maxTimeType <maxTimeType>] [(-z|--flocal) < cocospoon|dumb|gzoltar>] [--output <outputFolder>] [--json[:<outputJson>]]

  [(-m|--mode) <repair|ranking>]
        Define the mode of execution. (default: repair)

  (-e|--type) <condition|precondition|pre_then_cond|loop|arithmetic>
        The repair type (example fixing only conditions, or adding
        precondition). REQUIRED OPTION (default: condition)

  [(-o|--oracle) <angelic|symbolic>]
        Define the oracle (only used with repair mode). (default: angelic)

  [(-y|--synthesis) <smt|dynamoth>]
        Define the patch synthesis. (default: smt)

  [(-l|--solver) <z3|cvc4>]
        Define the solver (only used with smt synthesis). (default: z3)

  [(-p|--solver-path) <solverPath>]
        Define the solver binary path (only used with smt synthesis).

  (-s|--source) source1:source2:...:sourceN 
        Define the path to the source code of the project.

  (-c|--classpath) <classpath>
        Define the classpath of the project.

  [(-t|--test) test1:test2:...:testN ]
        Define the tests of the project (both failing and passing),
        fully-qualified, separated with ':' (even if the classpath contains
        other tests, only those are considered.

  [--complianceLevel <complianceLevel>]
        The compliance level of the project. (default: 7)

  [--maxTime <maxTime>]
        The maximum time execution in minute for the whole execution of
        Nopol.(default: 10)

  [--maxTimeType <maxTimeType>]
        The maximum time execution in minute for one type of patch. (default: 5)

  [(-z|--flocal) < cocospoon|dumb|gzoltar>]
        Define the fault localizer to be used. (default: gzoltar)

  [--output <outputFolder>]
        Define the location where the patches will be saved. (default: .)

  [--json[:<outputJson>]]
        Output a json file in the current working directory.

Command exited with non-zero status 255
2178.92user 6.07system 25:46.12elapsed 141%CPU (0avgtext+0avgdata 4670396maxresident)k
48952inputs+7400outputs (4major+1456669minor)pagefaults 0swaps


Node: grisou-38.nancy.grid5000.fr



Date: Sat Dec  1 17:52:54 EST 2018

