cd /tmp/Nopol_QuixBugs_SQRT_;
export JAVA_TOOL_OPTIONS="-Dfile.encoding=UTF8 -Duser.language=en-US -Duser.country=US -Duser.language=en";
TZ="America/New_York"; export TZ;
export PATH="/usr/lib/jvm/java-1.8.0-openjdk-amd64/bin/:$PATH";
export JAVA_HOME="/usr/lib/jvm/java-1.8.0-openjdk-amd64/bin/";
time java -Xmx4g -Xms1g -cp /home/tdurieux/defects4j4repair/script/../repair_tools/nopol.jar:/usr/lib/jvm/java-1.8.0-openjdk-amd64/bin//../lib/tools.jar fr.inria.lille.repair.Main \
	--mode repair \
	--type pre_then_cond \
	--oracle angelic \
	--synthesis smt \
	--flocal gzoltar \
	--json \
	--solver z3 \
	--solver-path /home/tdurieux/defects4j4repair/script/../libs/z3/build/z3 \
	--complianceLevel 8 \
	--source src/main/java \
	--classpath "target/classes:target/test-classes:/home/tdurieux/.m2/repository/junit/junit/4.11/junit-4.11.jar:/home/tdurieux/.m2/repository/org/hamcrest/hamcrest-core/1.3/hamcrest-core-1.3.jar:/home/tdurieux/defects4j4repair/script/../repair_tools/nopol.jar";
	echo "\n\nNode: `hostname`\n";
	echo "\n\nDate: `date`\n";
Picked up JAVA_TOOL_OPTIONS: -Dfile.encoding=UTF8 -Duser.language=en-US -Duser.country=US -Duser.language=en
14:41:17.730 [main] INFO  fr.inria.lille.repair.nopol.NoPol - Source files: [src/main/java]
14:41:17.747 [main] INFO  fr.inria.lille.repair.nopol.NoPol - Classpath: [file:/tmp/Nopol_QuixBugs_SQRT_/target/classes/, file:/tmp/Nopol_QuixBugs_SQRT_/target/test-classes/, file:/home/tdurieux/.m2/repository/junit/junit/4.11/junit-4.11.jar, file:/home/tdurieux/.m2/repository/org/hamcrest/hamcrest-core/1.3/hamcrest-core-1.3.jar, file:/home/tdurieux/defects4j4repair/script/../repair_tools/nopol.jar]
14:41:17.747 [main] INFO  fr.inria.lille.repair.nopol.NoPol - Statement type: PRE_THEN_COND
14:41:17.747 [main] INFO  fr.inria.lille.repair.nopol.NoPol - Args: [java_testcases.junit.SQRT_Test]
14:41:17.749 [main] INFO  fr.inria.lille.repair.nopol.NoPol - Config: Config{synthesisDepth=3, collectStaticMethods=true, collectStaticFields=false, collectLiterals=false, onlyOneSynthesisResult=true, sortExpressions=true, maxLineInvocationPerTest=250, timeoutMethodInvocation=2000, dataCollectionTimeoutInSecondForSynthesis=900, addWeight=0.19478, subWeight=0.04554, mulWeight=0.0102, divWeight=0.00613, andWeight=0.10597, orWeight=0.05708, eqWeight=0.22798, nEqWeight=0.0, lessEqWeight=0.0255, lessWeight=0.0947, methodCallWeight=0.1, fieldAccessWeight=0.08099, constantWeight=0.14232, variableWeight=0.05195, mode=REPAIR, type=PRE_THEN_COND, synthesis=SMT, oracle=ANGELIC, solver=Z3, solverPath='/home/tdurieux/defects4j4repair/script/../libs/z3/build/z3', projectSources=[src/main/java], projectClasspath='[Ljava.net.URL;@66d33a', projectTests=[java_testcases.junit.SQRT_Test], complianceLevel=8, outputFolder=., json=true}
14:41:17.749 [main] INFO  fr.inria.lille.repair.nopol.NoPol - Available processors (cores): 4
14:41:17.755 [main] INFO  fr.inria.lille.repair.nopol.NoPol - Free memory: 961 MB
14:41:17.755 [main] INFO  fr.inria.lille.repair.nopol.NoPol - Maximum memory: 3 GB
14:41:17.756 [main] INFO  fr.inria.lille.repair.nopol.NoPol - Total memory available to JVM: 981 MB
14:41:17.756 [main] INFO  fr.inria.lille.repair.nopol.NoPol - Java version: 1.8.0_181
14:41:17.757 [main] INFO  fr.inria.lille.repair.nopol.NoPol - JAVA_HOME: /usr/lib/jvm/java-1.8.0-openjdk-amd64/bin/
14:41:17.757 [main] INFO  fr.inria.lille.repair.nopol.NoPol - PATH: /usr/lib/jvm/java-1.8.0-openjdk-amd64/bin/:/usr/lib/oar/oardodo:/usr/lib/oar/oardodo:/usr/local/bin:/usr/bin:/bin:/usr/games
14:41:39.059 [pool-2-thread-1] DEBUG fr.inria.lille.repair.nopol.NoPol - statement #1
14:41:39.059 [pool-2-thread-1] DEBUG fr.inria.lille.repair.nopol.NoPol - Analysing SourceLocation java_programs.SQRT:17 which is executed by 7 tests
2553121
14:41:39.332 [pool-2-thread-1] DEBUG fr.inria.lille.repair.nopol.NoPol - looking with class fr.inria.lille.repair.nopol.spoon.smt.ConditionalAdder
java.lang.Exception: test timed out after 3000 milliseconds
    at java_programs.SQRT.sqrt(SQRT.java:17)
    at java_testcases.junit.SQRT_Test.test_0(SQRT_Test.java:7)
    at sun.reflect.NativeMethodAccessorImpl.invoke0(Native Method)
    at sun.reflect.NativeMethodAccessorImpl.invoke(NativeMethodAccessorImpl.java:62)
    at sun.reflect.DelegatingMethodAccessorImpl.invoke(DelegatingMethodAccessorImpl.java:43)
    at java.lang.reflect.Method.invoke(Method.java:498)
java.lang.Exception: test timed out after 3000 milliseconds
    at java_programs.SQRT.sqrt(SQRT.java:17)
    at java_testcases.junit.SQRT_Test.test_2(SQRT_Test.java:19)
    at sun.reflect.NativeMethodAccessorImpl.invoke0(Native Method)
    at sun.reflect.NativeMethodAccessorImpl.invoke(NativeMethodAccessorImpl.java:62)
    at sun.reflect.DelegatingMethodAccessorImpl.invoke(DelegatingMethodAccessorImpl.java:43)
    at java.lang.reflect.Method.invoke(Method.java:498)
java.lang.Exception: test timed out after 3000 milliseconds
    at java_programs.SQRT.sqrt(SQRT.java:17)
    at java_testcases.junit.SQRT_Test.test_3(SQRT_Test.java:25)
    at sun.reflect.NativeMethodAccessorImpl.invoke0(Native Method)
    at sun.reflect.NativeMethodAccessorImpl.invoke(NativeMethodAccessorImpl.java:62)
    at sun.reflect.DelegatingMethodAccessorImpl.invoke(DelegatingMethodAccessorImpl.java:43)
    at java.lang.reflect.Method.invoke(Method.java:498)
java.lang.Exception: test timed out after 3000 milliseconds
    at java_programs.SQRT.sqrt(SQRT.java:17)
    at java_testcases.junit.SQRT_Test.test_4(SQRT_Test.java:31)
    at sun.reflect.NativeMethodAccessorImpl.invoke0(Native Method)
    at sun.reflect.NativeMethodAccessorImpl.invoke(NativeMethodAccessorImpl.java:62)
    at sun.reflect.DelegatingMethodAccessorImpl.invoke(DelegatingMethodAccessorImpl.java:43)
    at java.lang.reflect.Method.invoke(Method.java:498)
java.lang.Exception: test timed out after 3000 milliseconds
    at java_programs.SQRT.sqrt(SQRT.java:17)
    at java_testcases.junit.SQRT_Test.test_5(SQRT_Test.java:37)
    at sun.reflect.NativeMethodAccessorImpl.invoke0(Native Method)
    at sun.reflect.NativeMethodAccessorImpl.invoke(NativeMethodAccessorImpl.java:62)
    at sun.reflect.DelegatingMethodAccessorImpl.invoke(DelegatingMethodAccessorImpl.java:43)
    at java.lang.reflect.Method.invoke(Method.java:498)
java.lang.Exception: test timed out after 3000 milliseconds
    at java_programs.SQRT.sqrt(SQRT.java:17)
    at java_testcases.junit.SQRT_Test.test_6(SQRT_Test.java:43)
    at sun.reflect.NativeMethodAccessorImpl.invoke0(Native Method)
    at sun.reflect.NativeMethodAccessorImpl.invoke(NativeMethodAccessorImpl.java:62)
    at sun.reflect.DelegatingMethodAccessorImpl.invoke(DelegatingMethodAccessorImpl.java:43)
    at java.lang.reflect.Method.invoke(Method.java:498)
java.lang.Exception: test timed out after 3000 milliseconds
    at java_programs.SQRT.sqrt(SQRT.java:17)
    at java_testcases.junit.SQRT_Test.test_0(SQRT_Test.java:7)
    at sun.reflect.NativeMethodAccessorImpl.invoke0(Native Method)
    at sun.reflect.NativeMethodAccessorImpl.invoke(NativeMethodAccessorImpl.java:62)
    at sun.reflect.DelegatingMethodAccessorImpl.invoke(DelegatingMethodAccessorImpl.java:43)
    at java.lang.reflect.Method.invoke(Method.java:498)
java.lang.Exception: test timed out after 3000 milliseconds
    at java_programs.SQRT.sqrt(SQRT.java:17)
    at java_testcases.junit.SQRT_Test.test_2(SQRT_Test.java:19)
    at sun.reflect.NativeMethodAccessorImpl.invoke0(Native Method)
    at sun.reflect.NativeMethodAccessorImpl.invoke(NativeMethodAccessorImpl.java:62)
    at sun.reflect.DelegatingMethodAccessorImpl.invoke(DelegatingMethodAccessorImpl.java:43)
    at java.lang.reflect.Method.invoke(Method.java:498)
java.lang.Exception: test timed out after 3000 milliseconds
    at java_programs.SQRT.sqrt(SQRT.java:17)
    at java_testcases.junit.SQRT_Test.test_3(SQRT_Test.java:25)
    at sun.reflect.NativeMethodAccessorImpl.invoke0(Native Method)
    at sun.reflect.NativeMethodAccessorImpl.invoke(NativeMethodAccessorImpl.java:62)
    at sun.reflect.DelegatingMethodAccessorImpl.invoke(DelegatingMethodAccessorImpl.java:43)
    at java.lang.reflect.Method.invoke(Method.java:498)
java.lang.Exception: test timed out after 3000 milliseconds
    at java_programs.SQRT.sqrt(SQRT.java:17)
    at java_testcases.junit.SQRT_Test.test_4(SQRT_Test.java:31)
    at sun.reflect.NativeMethodAccessorImpl.invoke0(Native Method)
    at sun.reflect.NativeMethodAccessorImpl.invoke(NativeMethodAccessorImpl.java:62)
    at sun.reflect.DelegatingMethodAccessorImpl.invoke(DelegatingMethodAccessorImpl.java:43)
    at java.lang.reflect.Method.invoke(Method.java:498)
java.lang.Exception: test timed out after 3000 milliseconds
    at java_programs.SQRT.sqrt(SQRT.java:17)
    at java_testcases.junit.SQRT_Test.test_5(SQRT_Test.java:37)
    at sun.reflect.NativeMethodAccessorImpl.invoke0(Native Method)
    at sun.reflect.NativeMethodAccessorImpl.invoke(NativeMethodAccessorImpl.java:62)
    at sun.reflect.DelegatingMethodAccessorImpl.invoke(DelegatingMethodAccessorImpl.java:43)
    at java.lang.reflect.Method.invoke(Method.java:498)
java.lang.Exception: test timed out after 3000 milliseconds
    at java_programs.SQRT.sqrt(SQRT.java:17)
    at java_testcases.junit.SQRT_Test.test_6(SQRT_Test.java:43)
    at sun.reflect.NativeMethodAccessorImpl.invoke0(Native Method)
    at sun.reflect.NativeMethodAccessorImpl.invoke(NativeMethodAccessorImpl.java:62)
    at sun.reflect.DelegatingMethodAccessorImpl.invoke(DelegatingMethodAccessorImpl.java:43)
    at java.lang.reflect.Method.invoke(Method.java:498)
java.lang.Exception: test timed out after 3000 milliseconds
    at java_programs.SQRT.sqrt(SQRT.java:17)
    at java_testcases.junit.SQRT_Test.test_0(SQRT_Test.java:7)
    at sun.reflect.NativeMethodAccessorImpl.invoke0(Native Method)
    at sun.reflect.NativeMethodAccessorImpl.invoke(NativeMethodAccessorImpl.java:62)
    at sun.reflect.DelegatingMethodAccessorImpl.invoke(DelegatingMethodAccessorImpl.java:43)
    at java.lang.reflect.Method.invoke(Method.java:498)
java.lang.Exception: test timed out after 3000 milliseconds
    at java_programs.SQRT.sqrt(SQRT.java:17)
    at java_testcases.junit.SQRT_Test.test_2(SQRT_Test.java:19)
    at sun.reflect.NativeMethodAccessorImpl.invoke0(Native Method)
    at sun.reflect.NativeMethodAccessorImpl.invoke(NativeMethodAccessorImpl.java:62)
    at sun.reflect.DelegatingMethodAccessorImpl.invoke(DelegatingMethodAccessorImpl.java:43)
    at java.lang.reflect.Method.invoke(Method.java:498)
java.lang.Exception: test timed out after 3000 milliseconds
    at java_programs.SQRT.sqrt(SQRT.java:17)
    at java_testcases.junit.SQRT_Test.test_3(SQRT_Test.java:25)
    at sun.reflect.NativeMethodAccessorImpl.invoke0(Native Method)
    at sun.reflect.NativeMethodAccessorImpl.invoke(NativeMethodAccessorImpl.java:62)
    at sun.reflect.DelegatingMethodAccessorImpl.invoke(DelegatingMethodAccessorImpl.java:43)
    at java.lang.reflect.Method.invoke(Method.java:498)
java.lang.Exception: test timed out after 3000 milliseconds
    at java_programs.SQRT.sqrt(SQRT.java:17)
    at java_testcases.junit.SQRT_Test.test_4(SQRT_Test.java:31)
    at sun.reflect.NativeMethodAccessorImpl.invoke0(Native Method)
    at sun.reflect.NativeMethodAccessorImpl.invoke(NativeMethodAccessorImpl.java:62)
    at sun.reflect.DelegatingMethodAccessorImpl.invoke(DelegatingMethodAccessorImpl.java:43)
    at java.lang.reflect.Method.invoke(Method.java:498)
java.lang.Exception: test timed out after 3000 milliseconds
    at java_programs.SQRT.sqrt(SQRT.java:17)
    at java_testcases.junit.SQRT_Test.test_5(SQRT_Test.java:37)
    at sun.reflect.NativeMethodAccessorImpl.invoke0(Native Method)
    at sun.reflect.NativeMethodAccessorImpl.invoke(NativeMethodAccessorImpl.java:62)
    at sun.reflect.DelegatingMethodAccessorImpl.invoke(DelegatingMethodAccessorImpl.java:43)
    at java.lang.reflect.Method.invoke(Method.java:498)
java.lang.Exception: test timed out after 3000 milliseconds
    at java_programs.SQRT.sqrt(SQRT.java:17)
    at java_testcases.junit.SQRT_Test.test_6(SQRT_Test.java:43)
    at sun.reflect.NativeMethodAccessorImpl.invoke0(Native Method)
    at sun.reflect.NativeMethodAccessorImpl.invoke(NativeMethodAccessorImpl.java:62)
    at sun.reflect.DelegatingMethodAccessorImpl.invoke(DelegatingMethodAccessorImpl.java:43)
    at java.lang.reflect.Method.invoke(Method.java:498)
java.lang.Exception: test timed out after 3000 milliseconds
    at java_programs.SQRT.sqrt(SQRT.java:17)
    at java_testcases.junit.SQRT_Test.test_0(SQRT_Test.java:7)
    at sun.reflect.NativeMethodAccessorImpl.invoke0(Native Method)
    at sun.reflect.NativeMethodAccessorImpl.invoke(NativeMethodAccessorImpl.java:62)
    at sun.reflect.DelegatingMethodAccessorImpl.invoke(DelegatingMethodAccessorImpl.java:43)
    at java.lang.reflect.Method.invoke(Method.java:498)
java.lang.Exception: test timed out after 3000 milliseconds
    at java_programs.SQRT.sqrt(SQRT.java:17)
    at java_testcases.junit.SQRT_Test.test_2(SQRT_Test.java:19)
    at sun.reflect.NativeMethodAccessorImpl.invoke0(Native Method)
    at sun.reflect.NativeMethodAccessorImpl.invoke(NativeMethodAccessorImpl.java:62)
    at sun.reflect.DelegatingMethodAccessorImpl.invoke(DelegatingMethodAccessorImpl.java:43)
    at java.lang.reflect.Method.invoke(Method.java:498)
java.lang.Exception: test timed out after 3000 milliseconds
    at java_programs.SQRT.sqrt(SQRT.java:17)
    at java_testcases.junit.SQRT_Test.test_3(SQRT_Test.java:25)
    at sun.reflect.NativeMethodAccessorImpl.invoke0(Native Method)
    at sun.reflect.NativeMethodAccessorImpl.invoke(NativeMethodAccessorImpl.java:62)
    at sun.reflect.DelegatingMethodAccessorImpl.invoke(DelegatingMethodAccessorImpl.java:43)
    at java.lang.reflect.Method.invoke(Method.java:498)
java.lang.Exception: test timed out after 3000 milliseconds
    at java_programs.SQRT.sqrt(SQRT.java:17)
    at java_testcases.junit.SQRT_Test.test_4(SQRT_Test.java:31)
    at sun.reflect.NativeMethodAccessorImpl.invoke0(Native Method)
    at sun.reflect.NativeMethodAccessorImpl.invoke(NativeMethodAccessorImpl.java:62)
    at sun.reflect.DelegatingMethodAccessorImpl.invoke(DelegatingMethodAccessorImpl.java:43)
    at java.lang.reflect.Method.invoke(Method.java:498)
java.lang.Exception: test timed out after 3000 milliseconds
    at java_programs.SQRT.sqrt(SQRT.java:17)
    at java_testcases.junit.SQRT_Test.test_5(SQRT_Test.java:37)
    at sun.reflect.NativeMethodAccessorImpl.invoke0(Native Method)
    at sun.reflect.NativeMethodAccessorImpl.invoke(NativeMethodAccessorImpl.java:62)
    at sun.reflect.DelegatingMethodAccessorImpl.invoke(DelegatingMethodAccessorImpl.java:43)
    at java.lang.reflect.Method.invoke(Method.java:498)
java.lang.Exception: test timed out after 3000 milliseconds
    at java_programs.SQRT.sqrt(SQRT.java:17)
    at java_testcases.junit.SQRT_Test.test_6(SQRT_Test.java:43)
    at sun.reflect.NativeMethodAccessorImpl.invoke0(Native Method)
    at sun.reflect.NativeMethodAccessorImpl.invoke(NativeMethodAccessorImpl.java:62)
    at sun.reflect.DelegatingMethodAccessorImpl.invoke(DelegatingMethodAccessorImpl.java:43)
    at java.lang.reflect.Method.invoke(Method.java:498)
java.lang.Exception: test timed out after 3000 milliseconds
    at java_programs.SQRT.sqrt(SQRT.java:17)
    at java_testcases.junit.SQRT_Test.test_0(SQRT_Test.java:7)
    at sun.reflect.NativeMethodAccessorImpl.invoke0(Native Method)
    at sun.reflect.NativeMethodAccessorImpl.invoke(NativeMethodAccessorImpl.java:62)
    at sun.reflect.DelegatingMethodAccessorImpl.invoke(DelegatingMethodAccessorImpl.java:43)
    at java.lang.reflect.Method.invoke(Method.java:498)
java.lang.Exception: test timed out after 3000 milliseconds
    at java_programs.SQRT.sqrt(SQRT.java:17)
    at java_testcases.junit.SQRT_Test.test_2(SQRT_Test.java:19)
    at sun.reflect.NativeMethodAccessorImpl.invoke0(Native Method)
    at sun.reflect.NativeMethodAccessorImpl.invoke(NativeMethodAccessorImpl.java:62)
    at sun.reflect.DelegatingMethodAccessorImpl.invoke(DelegatingMethodAccessorImpl.java:43)
    at java.lang.reflect.Method.invoke(Method.java:498)
java.lang.Exception: test timed out after 3000 milliseconds
    at java_programs.SQRT.sqrt(SQRT.java:17)
    at java_testcases.junit.SQRT_Test.test_3(SQRT_Test.java:25)
    at sun.reflect.NativeMethodAccessorImpl.invoke0(Native Method)
    at sun.reflect.NativeMethodAccessorImpl.invoke(NativeMethodAccessorImpl.java:62)
    at sun.reflect.DelegatingMethodAccessorImpl.invoke(DelegatingMethodAccessorImpl.java:43)
    at java.lang.reflect.Method.invoke(Method.java:498)
java.lang.Exception: test timed out after 3000 milliseconds
    at java_programs.SQRT.sqrt(SQRT.java:17)
    at java_testcases.junit.SQRT_Test.test_4(SQRT_Test.java:31)
    at sun.reflect.NativeMethodAccessorImpl.invoke0(Native Method)
    at sun.reflect.NativeMethodAccessorImpl.invoke(NativeMethodAccessorImpl.java:62)
    at sun.reflect.DelegatingMethodAccessorImpl.invoke(DelegatingMethodAccessorImpl.java:43)
    at java.lang.reflect.Method.invoke(Method.java:498)
java.lang.Exception: test timed out after 3000 milliseconds
    at java_programs.SQRT.sqrt(SQRT.java:17)
    at java_testcases.junit.SQRT_Test.test_5(SQRT_Test.java:37)
    at sun.reflect.NativeMethodAccessorImpl.invoke0(Native Method)
    at sun.reflect.NativeMethodAccessorImpl.invoke(NativeMethodAccessorImpl.java:62)
    at sun.reflect.DelegatingMethodAccessorImpl.invoke(DelegatingMethodAccessorImpl.java:43)
    at java.lang.reflect.Method.invoke(Method.java:498)
java.lang.Exception: test timed out after 3000 milliseconds
    at java_programs.SQRT.sqrt(SQRT.java:17)
    at java_testcases.junit.SQRT_Test.test_6(SQRT_Test.java:43)
    at sun.reflect.NativeMethodAccessorImpl.invoke0(Native Method)
    at sun.reflect.NativeMethodAccessorImpl.invoke(NativeMethodAccessorImpl.java:62)
    at sun.reflect.DelegatingMethodAccessorImpl.invoke(DelegatingMethodAccessorImpl.java:43)
    at java.lang.reflect.Method.invoke(Method.java:498)
java.lang.Exception: test timed out after 3000 milliseconds
    at java_programs.SQRT.sqrt(SQRT.java:17)
    at java_testcases.junit.SQRT_Test.test_0(SQRT_Test.java:7)
    at sun.reflect.NativeMethodAccessorImpl.invoke0(Native Method)
    at sun.reflect.NativeMethodAccessorImpl.invoke(NativeMethodAccessorImpl.java:62)
    at sun.reflect.DelegatingMethodAccessorImpl.invoke(DelegatingMethodAccessorImpl.java:43)
    at java.lang.reflect.Method.invoke(Method.java:498)
java.lang.Exception: test timed out after 3000 milliseconds
    at java_programs.SQRT.sqrt(SQRT.java:17)
    at java_testcases.junit.SQRT_Test.test_2(SQRT_Test.java:19)
    at sun.reflect.NativeMethodAccessorImpl.invoke0(Native Method)
    at sun.reflect.NativeMethodAccessorImpl.invoke(NativeMethodAccessorImpl.java:62)
    at sun.reflect.DelegatingMethodAccessorImpl.invoke(DelegatingMethodAccessorImpl.java:43)
    at java.lang.reflect.Method.invoke(Method.java:498)
java.lang.Exception: test timed out after 3000 milliseconds
    at java_programs.SQRT.sqrt(SQRT.java:17)
    at java_testcases.junit.SQRT_Test.test_3(SQRT_Test.java:25)
    at sun.reflect.NativeMethodAccessorImpl.invoke0(Native Method)
    at sun.reflect.NativeMethodAccessorImpl.invoke(NativeMethodAccessorImpl.java:62)
    at sun.reflect.DelegatingMethodAccessorImpl.invoke(DelegatingMethodAccessorImpl.java:43)
    at java.lang.reflect.Method.invoke(Method.java:498)
java.lang.Exception: test timed out after 3000 milliseconds
    at java_programs.SQRT.sqrt(SQRT.java:17)
    at java_testcases.junit.SQRT_Test.test_4(SQRT_Test.java:31)
    at sun.reflect.NativeMethodAccessorImpl.invoke0(Native Method)
    at sun.reflect.NativeMethodAccessorImpl.invoke(NativeMethodAccessorImpl.java:62)
    at sun.reflect.DelegatingMethodAccessorImpl.invoke(DelegatingMethodAccessorImpl.java:43)
    at java.lang.reflect.Method.invoke(Method.java:498)
java.lang.Exception: test timed out after 3000 milliseconds
    at java_programs.SQRT.sqrt(SQRT.java:17)
    at java_testcases.junit.SQRT_Test.test_5(SQRT_Test.java:37)
    at sun.reflect.NativeMethodAccessorImpl.invoke0(Native Method)
    at sun.reflect.NativeMethodAccessorImpl.invoke(NativeMethodAccessorImpl.java:62)
    at sun.reflect.DelegatingMethodAccessorImpl.invoke(DelegatingMethodAccessorImpl.java:43)
    at java.lang.reflect.Method.invoke(Method.java:498)
java.lang.Exception: test timed out after 3000 milliseconds
    at java_programs.SQRT.sqrt(SQRT.java:17)
    at java_testcases.junit.SQRT_Test.test_6(SQRT_Test.java:43)
    at sun.reflect.NativeMethodAccessorImpl.invoke0(Native Method)
    at sun.reflect.NativeMethodAccessorImpl.invoke(NativeMethodAccessorImpl.java:62)
    at sun.reflect.DelegatingMethodAccessorImpl.invoke(DelegatingMethodAccessorImpl.java:43)
    at java.lang.reflect.Method.invoke(Method.java:498)
14:43:27.760 [pool-4-thread-1] INFO  xxl.java.junit.TestCasesListener - Tests run finished (108400 ms)
<> Total tests run: 42
<> Ignored tests: 0
<> Failed tests: 36
~ test_0(java_testcases.junit.SQRT_Test)
[test timed out after 3000 milliseconds]
java.lang.Exception: test timed out after 3000 milliseconds    at java_programs.SQRT.sqrt(SQRT.java:17)
    at java_testcases.junit.SQRT_Test.test_0(SQRT_Test.java:7)
    at sun.reflect.NativeMethodAccessorImpl.invoke0(Native Method)
    at sun.reflect.NativeMethodAccessorImpl.invoke(NativeMethodAccessorImpl.java:62)
    at sun.reflect.DelegatingMethodAccessorImpl.invoke(DelegatingMethodAccessorImpl.java:43)
    at java.lang.reflect.Method.invoke(Method.java:498)
~ test_2(java_testcases.junit.SQRT_Test)
[test timed out after 3000 milliseconds]
java.lang.Exception: test timed out after 3000 milliseconds    at java_programs.SQRT.sqrt(SQRT.java:17)
    at java_testcases.junit.SQRT_Test.test_2(SQRT_Test.java:19)
    at sun.reflect.NativeMethodAccessorImpl.invoke0(Native Method)
    at sun.reflect.NativeMethodAccessorImpl.invoke(NativeMethodAccessorImpl.java:62)
    at sun.reflect.DelegatingMethodAccessorImpl.invoke(DelegatingMethodAccessorImpl.java:43)
    at java.lang.reflect.Method.invoke(Method.java:498)
~ test_3(java_testcases.junit.SQRT_Test)
[test timed out after 3000 milliseconds]
java.lang.Exception: test timed out after 3000 milliseconds    at java_programs.SQRT.sqrt(SQRT.java:17)
    at java_testcases.junit.SQRT_Test.test_3(SQRT_Test.java:25)
    at sun.reflect.NativeMethodAccessorImpl.invoke0(Native Method)
    at sun.reflect.NativeMethodAccessorImpl.invoke(NativeMethodAccessorImpl.java:62)
    at sun.reflect.DelegatingMethodAccessorImpl.invoke(DelegatingMethodAccessorImpl.java:43)
    at java.lang.reflect.Method.invoke(Method.java:498)
~ test_4(java_testcases.junit.SQRT_Test)
[test timed out after 3000 milliseconds]
java.lang.Exception: test timed out after 3000 milliseconds    at java_programs.SQRT.sqrt(SQRT.java:17)
    at java_testcases.junit.SQRT_Test.test_4(SQRT_Test.java:31)
    at sun.reflect.NativeMethodAccessorImpl.invoke0(Native Method)
    at sun.reflect.NativeMethodAccessorImpl.invoke(NativeMethodAccessorImpl.java:62)
    at sun.reflect.DelegatingMethodAccessorImpl.invoke(DelegatingMethodAccessorImpl.java:43)
    at java.lang.reflect.Method.invoke(Method.java:498)
~ test_5(java_testcases.junit.SQRT_Test)
[test timed out after 3000 milliseconds]
java.lang.Exception: test timed out after 3000 milliseconds    at java_programs.SQRT.sqrt(SQRT.java:17)
    at java_testcases.junit.SQRT_Test.test_5(SQRT_Test.java:37)
    at sun.reflect.NativeMethodAccessorImpl.invoke0(Native Method)
    at sun.reflect.NativeMethodAccessorImpl.invoke(NativeMethodAccessorImpl.java:62)
    at sun.reflect.DelegatingMethodAccessorImpl.invoke(DelegatingMethodAccessorImpl.java:43)
    at java.lang.reflect.Method.invoke(Method.java:498)
~ test_6(java_testcases.junit.SQRT_Test)
[test timed out after 3000 milliseconds]
java.lang.Exception: test timed out after 3000 milliseconds    at java_programs.SQRT.sqrt(SQRT.java:17)
    at java_testcases.junit.SQRT_Test.test_6(SQRT_Test.java:43)
    at sun.reflect.NativeMethodAccessorImpl.invoke0(Native Method)
    at sun.reflect.NativeMethodAccessorImpl.invoke(NativeMethodAccessorImpl.java:62)
    at sun.reflect.DelegatingMethodAccessorImpl.invoke(DelegatingMethodAccessorImpl.java:43)
    at java.lang.reflect.Method.invoke(Method.java:498)
~ test_0(java_testcases.junit.SQRT_Test)
[test timed out after 3000 milliseconds]
java.lang.Exception: test timed out after 3000 milliseconds    at java_programs.SQRT.sqrt(SQRT.java:17)
    at java_testcases.junit.SQRT_Test.test_0(SQRT_Test.java:7)
    at sun.reflect.NativeMethodAccessorImpl.invoke0(Native Method)
    at sun.reflect.NativeMethodAccessorImpl.invoke(NativeMethodAccessorImpl.java:62)
    at sun.reflect.DelegatingMethodAccessorImpl.invoke(DelegatingMethodAccessorImpl.java:43)
    at java.lang.reflect.Method.invoke(Method.java:498)
~ test_2(java_testcases.junit.SQRT_Test)
[test timed out after 3000 milliseconds]
java.lang.Exception: test timed out after 3000 milliseconds    at java_programs.SQRT.sqrt(SQRT.java:17)
    at java_testcases.junit.SQRT_Test.test_2(SQRT_Test.java:19)
    at sun.reflect.NativeMethodAccessorImpl.invoke0(Native Method)
    at sun.reflect.NativeMethodAccessorImpl.invoke(NativeMethodAccessorImpl.java:62)
    at sun.reflect.DelegatingMethodAccessorImpl.invoke(DelegatingMethodAccessorImpl.java:43)
    at java.lang.reflect.Method.invoke(Method.java:498)
~ test_3(java_testcases.junit.SQRT_Test)
[test timed out after 3000 milliseconds]
java.lang.Exception: test timed out after 3000 milliseconds    at java_programs.SQRT.sqrt(SQRT.java:17)
    at java_testcases.junit.SQRT_Test.test_3(SQRT_Test.java:25)
    at sun.reflect.NativeMethodAccessorImpl.invoke0(Native Method)
    at sun.reflect.NativeMethodAccessorImpl.invoke(NativeMethodAccessorImpl.java:62)
    at sun.reflect.DelegatingMethodAccessorImpl.invoke(DelegatingMethodAccessorImpl.java:43)
    at java.lang.reflect.Method.invoke(Method.java:498)
~ test_4(java_testcases.junit.SQRT_Test)
[test timed out after 3000 milliseconds]
java.lang.Exception: test timed out after 3000 milliseconds    at java_programs.SQRT.sqrt(SQRT.java:17)
    at java_testcases.junit.SQRT_Test.test_4(SQRT_Test.java:31)
    at sun.reflect.NativeMethodAccessorImpl.invoke0(Native Method)
    at sun.reflect.NativeMethodAccessorImpl.invoke(NativeMethodAccessorImpl.java:62)
    at sun.reflect.DelegatingMethodAccessorImpl.invoke(DelegatingMethodAccessorImpl.java:43)
    at java.lang.reflect.Method.invoke(Method.java:498)
~ test_5(java_testcases.junit.SQRT_Test)
[test timed out after 3000 milliseconds]
java.lang.Exception: test timed out after 3000 milliseconds    at java_programs.SQRT.sqrt(SQRT.java:17)
    at java_testcases.junit.SQRT_Test.test_5(SQRT_Test.java:37)
    at sun.reflect.NativeMethodAccessorImpl.invoke0(Native Method)
    at sun.reflect.NativeMethodAccessorImpl.invoke(NativeMethodAccessorImpl.java:62)
    at sun.reflect.DelegatingMethodAccessorImpl.invoke(DelegatingMethodAccessorImpl.java:43)
    at java.lang.reflect.Method.invoke(Method.java:498)
~ test_6(java_testcases.junit.SQRT_Test)
[test timed out after 3000 milliseconds]
java.lang.Exception: test timed out after 3000 milliseconds    at java_programs.SQRT.sqrt(SQRT.java:17)
    at java_testcases.junit.SQRT_Test.test_6(SQRT_Test.java:43)
    at sun.reflect.NativeMethodAccessorImpl.invoke0(Native Method)
    at sun.reflect.NativeMethodAccessorImpl.invoke(NativeMethodAccessorImpl.java:62)
    at sun.reflect.DelegatingMethodAccessorImpl.invoke(DelegatingMethodAccessorImpl.java:43)
    at java.lang.reflect.Method.invoke(Method.java:498)
~ test_0(java_testcases.junit.SQRT_Test)
[test timed out after 3000 milliseconds]
java.lang.Exception: test timed out after 3000 milliseconds    at java_programs.SQRT.sqrt(SQRT.java:17)
    at java_testcases.junit.SQRT_Test.test_0(SQRT_Test.java:7)
    at sun.reflect.NativeMethodAccessorImpl.invoke0(Native Method)
    at sun.reflect.NativeMethodAccessorImpl.invoke(NativeMethodAccessorImpl.java:62)
    at sun.reflect.DelegatingMethodAccessorImpl.invoke(DelegatingMethodAccessorImpl.java:43)
    at java.lang.reflect.Method.invoke(Method.java:498)
~ test_2(java_testcases.junit.SQRT_Test)
[test timed out after 3000 milliseconds]
java.lang.Exception: test timed out after 3000 milliseconds    at java_programs.SQRT.sqrt(SQRT.java:17)
    at java_testcases.junit.SQRT_Test.test_2(SQRT_Test.java:19)
    at sun.reflect.NativeMethodAccessorImpl.invoke0(Native Method)
    at sun.reflect.NativeMethodAccessorImpl.invoke(NativeMethodAccessorImpl.java:62)
    at sun.reflect.DelegatingMethodAccessorImpl.invoke(DelegatingMethodAccessorImpl.java:43)
    at java.lang.reflect.Method.invoke(Method.java:498)
~ test_3(java_testcases.junit.SQRT_Test)
[test timed out after 3000 milliseconds]
java.lang.Exception: test timed out after 3000 milliseconds    at java_programs.SQRT.sqrt(SQRT.java:17)
    at java_testcases.junit.SQRT_Test.test_3(SQRT_Test.java:25)
    at sun.reflect.NativeMethodAccessorImpl.invoke0(Native Method)
    at sun.reflect.NativeMethodAccessorImpl.invoke(NativeMethodAccessorImpl.java:62)
    at sun.reflect.DelegatingMethodAccessorImpl.invoke(DelegatingMethodAccessorImpl.java:43)
    at java.lang.reflect.Method.invoke(Method.java:498)
~ test_4(java_testcases.junit.SQRT_Test)
[test timed out after 3000 milliseconds]
java.lang.Exception: test timed out after 3000 milliseconds    at java_programs.SQRT.sqrt(SQRT.java:17)
    at java_testcases.junit.SQRT_Test.test_4(SQRT_Test.java:31)
    at sun.reflect.NativeMethodAccessorImpl.invoke0(Native Method)
    at sun.reflect.NativeMethodAccessorImpl.invoke(NativeMethodAccessorImpl.java:62)
    at sun.reflect.DelegatingMethodAccessorImpl.invoke(DelegatingMethodAccessorImpl.java:43)
    at java.lang.reflect.Method.invoke(Method.java:498)
~ test_5(java_testcases.junit.SQRT_Test)
[test timed out after 3000 milliseconds]
java.lang.Exception: test timed out after 3000 milliseconds    at java_programs.SQRT.sqrt(SQRT.java:17)
    at java_testcases.junit.SQRT_Test.test_5(SQRT_Test.java:37)
    at sun.reflect.NativeMethodAccessorImpl.invoke0(Native Method)
    at sun.reflect.NativeMethodAccessorImpl.invoke(NativeMethodAccessorImpl.java:62)
    at sun.reflect.DelegatingMethodAccessorImpl.invoke(DelegatingMethodAccessorImpl.java:43)
    at java.lang.reflect.Method.invoke(Method.java:498)
~ test_6(java_testcases.junit.SQRT_Test)
[test timed out after 3000 milliseconds]
java.lang.Exception: test timed out after 3000 milliseconds    at java_programs.SQRT.sqrt(SQRT.java:17)
    at java_testcases.junit.SQRT_Test.test_6(SQRT_Test.java:43)
    at sun.reflect.NativeMethodAccessorImpl.invoke0(Native Method)
    at sun.reflect.NativeMethodAccessorImpl.invoke(NativeMethodAccessorImpl.java:62)
    at sun.reflect.DelegatingMethodAccessorImpl.invoke(DelegatingMethodAccessorImpl.java:43)
    at java.lang.reflect.Method.invoke(Method.java:498)
~ test_0(java_testcases.junit.SQRT_Test)
[test timed out after 3000 milliseconds]
java.lang.Exception: test timed out after 3000 milliseconds    at java_programs.SQRT.sqrt(SQRT.java:17)
    at java_testcases.junit.SQRT_Test.test_0(SQRT_Test.java:7)
    at sun.reflect.NativeMethodAccessorImpl.invoke0(Native Method)
    at sun.reflect.NativeMethodAccessorImpl.invoke(NativeMethodAccessorImpl.java:62)
    at sun.reflect.DelegatingMethodAccessorImpl.invoke(DelegatingMethodAccessorImpl.java:43)
    at java.lang.reflect.Method.invoke(Method.java:498)
~ test_2(java_testcases.junit.SQRT_Test)
[test timed out after 3000 milliseconds]
java.lang.Exception: test timed out after 3000 milliseconds    at java_programs.SQRT.sqrt(SQRT.java:17)
    at java_testcases.junit.SQRT_Test.test_2(SQRT_Test.java:19)
    at sun.reflect.NativeMethodAccessorImpl.invoke0(Native Method)
    at sun.reflect.NativeMethodAccessorImpl.invoke(NativeMethodAccessorImpl.java:62)
    at sun.reflect.DelegatingMethodAccessorImpl.invoke(DelegatingMethodAccessorImpl.java:43)
    at java.lang.reflect.Method.invoke(Method.java:498)
~ test_3(java_testcases.junit.SQRT_Test)
[test timed out after 3000 milliseconds]
java.lang.Exception: test timed out after 3000 milliseconds    at java_programs.SQRT.sqrt(SQRT.java:17)
    at java_testcases.junit.SQRT_Test.test_3(SQRT_Test.java:25)
    at sun.reflect.NativeMethodAccessorImpl.invoke0(Native Method)
    at sun.reflect.NativeMethodAccessorImpl.invoke(NativeMethodAccessorImpl.java:62)
    at sun.reflect.DelegatingMethodAccessorImpl.invoke(DelegatingMethodAccessorImpl.java:43)
    at java.lang.reflect.Method.invoke(Method.java:498)
~ test_4(java_testcases.junit.SQRT_Test)
[test timed out after 3000 milliseconds]
java.lang.Exception: test timed out after 3000 milliseconds    at java_programs.SQRT.sqrt(SQRT.java:17)
    at java_testcases.junit.SQRT_Test.test_4(SQRT_Test.java:31)
    at sun.reflect.NativeMethodAccessorImpl.invoke0(Native Method)
    at sun.reflect.NativeMethodAccessorImpl.invoke(NativeMethodAccessorImpl.java:62)
    at sun.reflect.DelegatingMethodAccessorImpl.invoke(DelegatingMethodAccessorImpl.java:43)
    at java.lang.reflect.Method.invoke(Method.java:498)
~ test_5(java_testcases.junit.SQRT_Test)
[test timed out after 3000 milliseconds]
java.lang.Exception: test timed out after 3000 milliseconds    at java_programs.SQRT.sqrt(SQRT.java:17)
    at java_testcases.junit.SQRT_Test.test_5(SQRT_Test.java:37)
    at sun.reflect.NativeMethodAccessorImpl.invoke0(Native Method)
    at sun.reflect.NativeMethodAccessorImpl.invoke(NativeMethodAccessorImpl.java:62)
    at sun.reflect.DelegatingMethodAccessorImpl.invoke(DelegatingMethodAccessorImpl.java:43)
    at java.lang.reflect.Method.invoke(Method.java:498)
~ test_6(java_testcases.junit.SQRT_Test)
[test timed out after 3000 milliseconds]
java.lang.Exception: test timed out after 3000 milliseconds    at java_programs.SQRT.sqrt(SQRT.java:17)
    at java_testcases.junit.SQRT_Test.test_6(SQRT_Test.java:43)
    at sun.reflect.NativeMethodAccessorImpl.invoke0(Native Method)
    at sun.reflect.NativeMethodAccessorImpl.invoke(NativeMethodAccessorImpl.java:62)
    at sun.reflect.DelegatingMethodAccessorImpl.invoke(DelegatingMethodAccessorImpl.java:43)
    at java.lang.reflect.Method.invoke(Method.java:498)
~ test_0(java_testcases.junit.SQRT_Test)
[test timed out after 3000 milliseconds]
java.lang.Exception: test timed out after 3000 milliseconds    at java_programs.SQRT.sqrt(SQRT.java:17)
    at java_testcases.junit.SQRT_Test.test_0(SQRT_Test.java:7)
    at sun.reflect.NativeMethodAccessorImpl.invoke0(Native Method)
    at sun.reflect.NativeMethodAccessorImpl.invoke(NativeMethodAccessorImpl.java:62)
    at sun.reflect.DelegatingMethodAccessorImpl.invoke(DelegatingMethodAccessorImpl.java:43)
    at java.lang.reflect.Method.invoke(Method.java:498)
~ test_2(java_testcases.junit.SQRT_Test)
[test timed out after 3000 milliseconds]
java.lang.Exception: test timed out after 3000 milliseconds    at java_programs.SQRT.sqrt(SQRT.java:17)
    at java_testcases.junit.SQRT_Test.test_2(SQRT_Test.java:19)
    at sun.reflect.NativeMethodAccessorImpl.invoke0(Native Method)
    at sun.reflect.NativeMethodAccessorImpl.invoke(NativeMethodAccessorImpl.java:62)
    at sun.reflect.DelegatingMethodAccessorImpl.invoke(DelegatingMethodAccessorImpl.java:43)
    at java.lang.reflect.Method.invoke(Method.java:498)
~ test_3(java_testcases.junit.SQRT_Test)
[test timed out after 3000 milliseconds]
java.lang.Exception: test timed out after 3000 milliseconds    at java_programs.SQRT.sqrt(SQRT.java:17)
    at java_testcases.junit.SQRT_Test.test_3(SQRT_Test.java:25)
    at sun.reflect.NativeMethodAccessorImpl.invoke0(Native Method)
    at sun.reflect.NativeMethodAccessorImpl.invoke(NativeMethodAccessorImpl.java:62)
    at sun.reflect.DelegatingMethodAccessorImpl.invoke(DelegatingMethodAccessorImpl.java:43)
    at java.lang.reflect.Method.invoke(Method.java:498)
~ test_4(java_testcases.junit.SQRT_Test)
[test timed out after 3000 milliseconds]
java.lang.Exception: test timed out after 3000 milliseconds    at java_programs.SQRT.sqrt(SQRT.java:17)
    at java_testcases.junit.SQRT_Test.test_4(SQRT_Test.java:31)
    at sun.reflect.NativeMethodAccessorImpl.invoke0(Native Method)
    at sun.reflect.NativeMethodAccessorImpl.invoke(NativeMethodAccessorImpl.java:62)
    at sun.reflect.DelegatingMethodAccessorImpl.invoke(DelegatingMethodAccessorImpl.java:43)
    at java.lang.reflect.Method.invoke(Method.java:498)
~ test_5(java_testcases.junit.SQRT_Test)
[test timed out after 3000 milliseconds]
java.lang.Exception: test timed out after 3000 milliseconds    at java_programs.SQRT.sqrt(SQRT.java:17)
    at java_testcases.junit.SQRT_Test.test_5(SQRT_Test.java:37)
    at sun.reflect.NativeMethodAccessorImpl.invoke0(Native Method)
    at sun.reflect.NativeMethodAccessorImpl.invoke(NativeMethodAccessorImpl.java:62)
    at sun.reflect.DelegatingMethodAccessorImpl.invoke(DelegatingMethodAccessorImpl.java:43)
    at java.lang.reflect.Method.invoke(Method.java:498)
~ test_6(java_testcases.junit.SQRT_Test)
[test timed out after 3000 milliseconds]
java.lang.Exception: test timed out after 3000 milliseconds    at java_programs.SQRT.sqrt(SQRT.java:17)
    at java_testcases.junit.SQRT_Test.test_6(SQRT_Test.java:43)
    at sun.reflect.NativeMethodAccessorImpl.invoke0(Native Method)
    at sun.reflect.NativeMethodAccessorImpl.invoke(NativeMethodAccessorImpl.java:62)
    at sun.reflect.DelegatingMethodAccessorImpl.invoke(DelegatingMethodAccessorImpl.java:43)
    at java.lang.reflect.Method.invoke(Method.java:498)
~ test_0(java_testcases.junit.SQRT_Test)
[test timed out after 3000 milliseconds]
java.lang.Exception: test timed out after 3000 milliseconds    at java_programs.SQRT.sqrt(SQRT.java:17)
    at java_testcases.junit.SQRT_Test.test_0(SQRT_Test.java:7)
    at sun.reflect.NativeMethodAccessorImpl.invoke0(Native Method)
    at sun.reflect.NativeMethodAccessorImpl.invoke(NativeMethodAccessorImpl.java:62)
    at sun.reflect.DelegatingMethodAccessorImpl.invoke(DelegatingMethodAccessorImpl.java:43)
    at java.lang.reflect.Method.invoke(Method.java:498)
~ test_2(java_testcases.junit.SQRT_Test)
[test timed out after 3000 milliseconds]
java.lang.Exception: test timed out after 3000 milliseconds    at java_programs.SQRT.sqrt(SQRT.java:17)
    at java_testcases.junit.SQRT_Test.test_2(SQRT_Test.java:19)
    at sun.reflect.NativeMethodAccessorImpl.invoke0(Native Method)
    at sun.reflect.NativeMethodAccessorImpl.invoke(NativeMethodAccessorImpl.java:62)
    at sun.reflect.DelegatingMethodAccessorImpl.invoke(DelegatingMethodAccessorImpl.java:43)
    at java.lang.reflect.Method.invoke(Method.java:498)
~ test_3(java_testcases.junit.SQRT_Test)
[test timed out after 3000 milliseconds]
java.lang.Exception: test timed out after 3000 milliseconds    at java_programs.SQRT.sqrt(SQRT.java:17)
    at java_testcases.junit.SQRT_Test.test_3(SQRT_Test.java:25)
    at sun.reflect.NativeMethodAccessorImpl.invoke0(Native Method)
    at sun.reflect.NativeMethodAccessorImpl.invoke(NativeMethodAccessorImpl.java:62)
    at sun.reflect.DelegatingMethodAccessorImpl.invoke(DelegatingMethodAccessorImpl.java:43)
    at java.lang.reflect.Method.invoke(Method.java:498)
~ test_4(java_testcases.junit.SQRT_Test)
[test timed out after 3000 milliseconds]
java.lang.Exception: test timed out after 3000 milliseconds    at java_programs.SQRT.sqrt(SQRT.java:17)
    at java_testcases.junit.SQRT_Test.test_4(SQRT_Test.java:31)
    at sun.reflect.NativeMethodAccessorImpl.invoke0(Native Method)
    at sun.reflect.NativeMethodAccessorImpl.invoke(NativeMethodAccessorImpl.java:62)
    at sun.reflect.DelegatingMethodAccessorImpl.invoke(DelegatingMethodAccessorImpl.java:43)
    at java.lang.reflect.Method.invoke(Method.java:498)
~ test_5(java_testcases.junit.SQRT_Test)
[test timed out after 3000 milliseconds]
java.lang.Exception: test timed out after 3000 milliseconds    at java_programs.SQRT.sqrt(SQRT.java:17)
    at java_testcases.junit.SQRT_Test.test_5(SQRT_Test.java:37)
    at sun.reflect.NativeMethodAccessorImpl.invoke0(Native Method)
    at sun.reflect.NativeMethodAccessorImpl.invoke(NativeMethodAccessorImpl.java:62)
    at sun.reflect.DelegatingMethodAccessorImpl.invoke(DelegatingMethodAccessorImpl.java:43)
    at java.lang.reflect.Method.invoke(Method.java:498)
~ test_6(java_testcases.junit.SQRT_Test)
[test timed out after 3000 milliseconds]
java.lang.Exception: test timed out after 3000 milliseconds    at java_programs.SQRT.sqrt(SQRT.java:17)
    at java_testcases.junit.SQRT_Test.test_6(SQRT_Test.java:43)
    at sun.reflect.NativeMethodAccessorImpl.invoke0(Native Method)
    at sun.reflect.NativeMethodAccessorImpl.invoke(NativeMethodAccessorImpl.java:62)
    at sun.reflect.DelegatingMethodAccessorImpl.invoke(DelegatingMethodAccessorImpl.java:43)
    at java.lang.reflect.Method.invoke(Method.java:498)

java.lang.Exception: test timed out after 3000 milliseconds
    at java.util.HashMap.newNode(HashMap.java:1747)
    at java.util.HashMap.putVal(HashMap.java:631)
    at java.util.HashMap.put(HashMap.java:612)
    at fr.inria.lille.commons.trace.collector.ValueCollector.collectWith(ValueCollector.java:31)
    at fr.inria.lille.commons.trace.collector.ValueCollector.collectFrom(ValueCollector.java:17)
    at fr.inria.lille.commons.trace.RuntimeValues.collectInput(RuntimeValues.java:73)
14:43:35.781 [pool-5-thread-1] INFO  f.i.l.c.t.SpecificationTestCasesListener - Tests run finished (3298 ms)
<> Total tests run: 1
<> Ignored tests: 0
<> Failed tests: 1
~ test_0(java_testcases.junit.SQRT_Test)
[test timed out after 3000 milliseconds]
java.lang.Exception: test timed out after 3000 milliseconds    at java.util.HashMap.newNode(HashMap.java:1747)
    at java.util.HashMap.putVal(HashMap.java:631)
    at java.util.HashMap.put(HashMap.java:612)
    at fr.inria.lille.commons.trace.collector.ValueCollector.collectWith(ValueCollector.java:31)
    at fr.inria.lille.commons.trace.collector.ValueCollector.collectFrom(ValueCollector.java:17)
    at fr.inria.lille.commons.trace.RuntimeValues.collectInput(RuntimeValues.java:73)

java.lang.Exception: test timed out after 3000 milliseconds
    at xxl.java.support.Lockable.release(Lockable.java:30)
    at xxl.java.support.GlobalToggle.releaseToggle(GlobalToggle.java:71)
    at fr.inria.lille.commons.trace.RuntimeValues.collectionEnds(RuntimeValues.java:127)
    at java_programs.SQRT.sqrt(SQRT.java:18)
    at java_testcases.junit.SQRT_Test.test_2(SQRT_Test.java:19)
    at sun.reflect.NativeMethodAccessorImpl.invoke0(Native Method)
14:43:39.314 [pool-6-thread-1] INFO  f.i.l.c.t.SpecificationTestCasesListener - Tests run finished (3225 ms)
<> Total tests run: 1
<> Ignored tests: 0
<> Failed tests: 1
~ test_2(java_testcases.junit.SQRT_Test)
[test timed out after 3000 milliseconds]
java.lang.Exception: test timed out after 3000 milliseconds    at xxl.java.support.Lockable.release(Lockable.java:30)
    at xxl.java.support.GlobalToggle.releaseToggle(GlobalToggle.java:71)
    at fr.inria.lille.commons.trace.RuntimeValues.collectionEnds(RuntimeValues.java:127)
    at java_programs.SQRT.sqrt(SQRT.java:18)
    at java_testcases.junit.SQRT_Test.test_2(SQRT_Test.java:19)
    at sun.reflect.NativeMethodAccessorImpl.invoke0(Native Method)

java.lang.Exception: test timed out after 3000 milliseconds
    at xxl.java.support.Lockable.acquiresLock(Lockable.java:21)
    at xxl.java.support.Lockable.acquire(Lockable.java:13)
    at xxl.java.support.GlobalToggle.acquireToggle(GlobalToggle.java:67)
    at fr.inria.lille.commons.trace.RuntimeValues.collectionStarts(RuntimeValues.java:55)
    at java_programs.SQRT.sqrt(SQRT.java:13)
    at java_testcases.junit.SQRT_Test.test_3(SQRT_Test.java:25)
14:43:42.489 [pool-7-thread-1] INFO  f.i.l.c.t.SpecificationTestCasesListener - Tests run finished (3023 ms)
<> Total tests run: 1
<> Ignored tests: 0
<> Failed tests: 1
~ test_3(java_testcases.junit.SQRT_Test)
[test timed out after 3000 milliseconds]
java.lang.Exception: test timed out after 3000 milliseconds    at xxl.java.support.Lockable.acquiresLock(Lockable.java:21)
    at xxl.java.support.Lockable.acquire(Lockable.java:13)
    at xxl.java.support.GlobalToggle.acquireToggle(GlobalToggle.java:67)
    at fr.inria.lille.commons.trace.RuntimeValues.collectionStarts(RuntimeValues.java:55)
    at java_programs.SQRT.sqrt(SQRT.java:13)
    at java_testcases.junit.SQRT_Test.test_3(SQRT_Test.java:25)

java.lang.Exception: test timed out after 3000 milliseconds
    at xxl.java.support.Lockable.acquiresLock(Lockable.java:21)
    at xxl.java.support.Lockable.acquire(Lockable.java:13)
    at xxl.java.support.GlobalToggle.acquireToggle(GlobalToggle.java:67)
    at fr.inria.lille.commons.trace.RuntimeValues.collectionStarts(RuntimeValues.java:55)
    at java_programs.SQRT.sqrt(SQRT.java:13)
    at java_testcases.junit.SQRT_Test.test_4(SQRT_Test.java:31)
14:43:45.513 [pool-8-thread-1] INFO  f.i.l.c.t.SpecificationTestCasesListener - Tests run finished (3018 ms)
<> Total tests run: 1
<> Ignored tests: 0
<> Failed tests: 1
~ test_4(java_testcases.junit.SQRT_Test)
[test timed out after 3000 milliseconds]
java.lang.Exception: test timed out after 3000 milliseconds    at xxl.java.support.Lockable.acquiresLock(Lockable.java:21)
    at xxl.java.support.Lockable.acquire(Lockable.java:13)
    at xxl.java.support.GlobalToggle.acquireToggle(GlobalToggle.java:67)
    at fr.inria.lille.commons.trace.RuntimeValues.collectionStarts(RuntimeValues.java:55)
    at java_programs.SQRT.sqrt(SQRT.java:13)
    at java_testcases.junit.SQRT_Test.test_4(SQRT_Test.java:31)

java.lang.Exception: test timed out after 3000 milliseconds
    at xxl.java.support.Lockable.acquire(Lockable.java:13)
    at xxl.java.support.GlobalToggle.acquireToggle(GlobalToggle.java:67)
    at fr.inria.lille.commons.trace.RuntimeValues.collectionStarts(RuntimeValues.java:55)
    at java_programs.SQRT.sqrt(SQRT.java:13)
    at java_testcases.junit.SQRT_Test.test_5(SQRT_Test.java:37)
    at sun.reflect.NativeMethodAccessorImpl.invoke0(Native Method)
14:43:48.565 [pool-9-thread-1] INFO  f.i.l.c.t.SpecificationTestCasesListener - Tests run finished (3033 ms)
<> Total tests run: 1
<> Ignored tests: 0
<> Failed tests: 1
~ test_5(java_testcases.junit.SQRT_Test)
[test timed out after 3000 milliseconds]
java.lang.Exception: test timed out after 3000 milliseconds    at xxl.java.support.Lockable.acquire(Lockable.java:13)
    at xxl.java.support.GlobalToggle.acquireToggle(GlobalToggle.java:67)
    at fr.inria.lille.commons.trace.RuntimeValues.collectionStarts(RuntimeValues.java:55)
    at java_programs.SQRT.sqrt(SQRT.java:13)
    at java_testcases.junit.SQRT_Test.test_5(SQRT_Test.java:37)
    at sun.reflect.NativeMethodAccessorImpl.invoke0(Native Method)

java.lang.Exception: test timed out after 3000 milliseconds
    at xxl.java.support.Lockable.acquiresLock(Lockable.java:21)
    at xxl.java.support.Lockable.acquire(Lockable.java:13)
    at xxl.java.support.GlobalToggle.acquireToggle(GlobalToggle.java:67)
    at fr.inria.lille.commons.trace.RuntimeValues.collectionStarts(RuntimeValues.java:55)
    at java_programs.SQRT.sqrt(SQRT.java:13)
    at java_testcases.junit.SQRT_Test.test_6(SQRT_Test.java:43)
14:43:51.797 [pool-10-thread-1] INFO  f.i.l.c.t.SpecificationTestCasesListener - Tests run finished (3179 ms)
<> Total tests run: 1
<> Ignored tests: 0
<> Failed tests: 1
~ test_6(java_testcases.junit.SQRT_Test)
[test timed out after 3000 milliseconds]
java.lang.Exception: test timed out after 3000 milliseconds    at xxl.java.support.Lockable.acquiresLock(Lockable.java:21)
    at xxl.java.support.Lockable.acquire(Lockable.java:13)
    at xxl.java.support.GlobalToggle.acquireToggle(GlobalToggle.java:67)
    at fr.inria.lille.commons.trace.RuntimeValues.collectionStarts(RuntimeValues.java:55)
    at java_programs.SQRT.sqrt(SQRT.java:13)
    at java_testcases.junit.SQRT_Test.test_6(SQRT_Test.java:43)

java.lang.Exception: test timed out after 3000 milliseconds
    at xxl.java.support.Lockable.acquiresLock(Lockable.java:21)
    at xxl.java.support.Lockable.acquire(Lockable.java:13)
    at xxl.java.support.GlobalToggle.acquireToggle(GlobalToggle.java:67)
    at fr.inria.lille.commons.trace.RuntimeValues.collectionStarts(RuntimeValues.java:55)
    at java_programs.SQRT.sqrt(SQRT.java:13)
    at java_testcases.junit.SQRT_Test.test_0(SQRT_Test.java:7)
14:43:54.854 [pool-11-thread-1] INFO  f.i.l.c.t.SpecificationTestCasesListener - Tests run finished (3048 ms)
<> Total tests run: 1
<> Ignored tests: 0
<> Failed tests: 1
~ test_0(java_testcases.junit.SQRT_Test)
[test timed out after 3000 milliseconds]
java.lang.Exception: test timed out after 3000 milliseconds    at xxl.java.support.Lockable.acquiresLock(Lockable.java:21)
    at xxl.java.support.Lockable.acquire(Lockable.java:13)
    at xxl.java.support.GlobalToggle.acquireToggle(GlobalToggle.java:67)
    at fr.inria.lille.commons.trace.RuntimeValues.collectionStarts(RuntimeValues.java:55)
    at java_programs.SQRT.sqrt(SQRT.java:13)
    at java_testcases.junit.SQRT_Test.test_0(SQRT_Test.java:7)

java.lang.Exception: test timed out after 3000 milliseconds
    at xxl.java.support.Lockable.acquiresLock(Lockable.java:21)
    at xxl.java.support.Lockable.acquire(Lockable.java:13)
    at xxl.java.support.GlobalToggle.acquireToggle(GlobalToggle.java:67)
    at fr.inria.lille.commons.trace.RuntimeValues.collectionStarts(RuntimeValues.java:55)
    at java_programs.SQRT.sqrt(SQRT.java:13)
    at java_testcases.junit.SQRT_Test.test_2(SQRT_Test.java:19)
14:43:57.870 [pool-12-thread-1] INFO  f.i.l.c.t.SpecificationTestCasesListener - Tests run finished (3014 ms)
<> Total tests run: 1
<> Ignored tests: 0
<> Failed tests: 1
~ test_2(java_testcases.junit.SQRT_Test)
[test timed out after 3000 milliseconds]
java.lang.Exception: test timed out after 3000 milliseconds    at xxl.java.support.Lockable.acquiresLock(Lockable.java:21)
    at xxl.java.support.Lockable.acquire(Lockable.java:13)
    at xxl.java.support.GlobalToggle.acquireToggle(GlobalToggle.java:67)
    at fr.inria.lille.commons.trace.RuntimeValues.collectionStarts(RuntimeValues.java:55)
    at java_programs.SQRT.sqrt(SQRT.java:13)
    at java_testcases.junit.SQRT_Test.test_2(SQRT_Test.java:19)

java.lang.Exception: test timed out after 3000 milliseconds
    at xxl.java.support.Lockable.acquiresLock(Lockable.java:21)
    at xxl.java.support.Lockable.acquire(Lockable.java:13)
    at xxl.java.support.GlobalToggle.acquireToggle(GlobalToggle.java:67)
    at fr.inria.lille.commons.trace.RuntimeValues.collectionStarts(RuntimeValues.java:55)
    at java_programs.SQRT.sqrt(SQRT.java:13)
    at java_testcases.junit.SQRT_Test.test_3(SQRT_Test.java:25)
14:44:00.891 [pool-13-thread-1] INFO  f.i.l.c.t.SpecificationTestCasesListener - Tests run finished (3020 ms)
<> Total tests run: 1
<> Ignored tests: 0
<> Failed tests: 1
~ test_3(java_testcases.junit.SQRT_Test)
[test timed out after 3000 milliseconds]
java.lang.Exception: test timed out after 3000 milliseconds    at xxl.java.support.Lockable.acquiresLock(Lockable.java:21)
    at xxl.java.support.Lockable.acquire(Lockable.java:13)
    at xxl.java.support.GlobalToggle.acquireToggle(GlobalToggle.java:67)
    at fr.inria.lille.commons.trace.RuntimeValues.collectionStarts(RuntimeValues.java:55)
    at java_programs.SQRT.sqrt(SQRT.java:13)
    at java_testcases.junit.SQRT_Test.test_3(SQRT_Test.java:25)

java.lang.Exception: test timed out after 3000 milliseconds
    at xxl.java.support.Lockable.acquiresLock(Lockable.java:21)
    at xxl.java.support.Lockable.acquire(Lockable.java:13)
    at xxl.java.support.GlobalToggle.acquireToggle(GlobalToggle.java:67)
    at fr.inria.lille.commons.trace.RuntimeValues.collectionStarts(RuntimeValues.java:55)
    at java_programs.SQRT.sqrt(SQRT.java:13)
    at java_testcases.junit.SQRT_Test.test_4(SQRT_Test.java:31)
14:44:03.963 [pool-14-thread-1] INFO  f.i.l.c.t.SpecificationTestCasesListener - Tests run finished (3070 ms)
<> Total tests run: 1
<> Ignored tests: 0
<> Failed tests: 1
~ test_4(java_testcases.junit.SQRT_Test)
[test timed out after 3000 milliseconds]
java.lang.Exception: test timed out after 3000 milliseconds    at xxl.java.support.Lockable.acquiresLock(Lockable.java:21)
    at xxl.java.support.Lockable.acquire(Lockable.java:13)
    at xxl.java.support.GlobalToggle.acquireToggle(GlobalToggle.java:67)
    at fr.inria.lille.commons.trace.RuntimeValues.collectionStarts(RuntimeValues.java:55)
    at java_programs.SQRT.sqrt(SQRT.java:13)
    at java_testcases.junit.SQRT_Test.test_4(SQRT_Test.java:31)

java.lang.Exception: test timed out after 3000 milliseconds
    at xxl.java.support.Lockable.acquiresLock(Lockable.java:21)
    at xxl.java.support.Lockable.acquire(Lockable.java:13)
    at xxl.java.support.GlobalToggle.acquireToggle(GlobalToggle.java:67)
    at fr.inria.lille.commons.trace.RuntimeValues.collectionStarts(RuntimeValues.java:55)
    at java_programs.SQRT.sqrt(SQRT.java:13)
    at java_testcases.junit.SQRT_Test.test_5(SQRT_Test.java:37)
14:44:07.146 [pool-15-thread-1] INFO  f.i.l.c.t.SpecificationTestCasesListener - Tests run finished (3064 ms)
<> Total tests run: 1
<> Ignored tests: 0
<> Failed tests: 1
~ test_5(java_testcases.junit.SQRT_Test)
[test timed out after 3000 milliseconds]
java.lang.Exception: test timed out after 3000 milliseconds    at xxl.java.support.Lockable.acquiresLock(Lockable.java:21)
    at xxl.java.support.Lockable.acquire(Lockable.java:13)
    at xxl.java.support.GlobalToggle.acquireToggle(GlobalToggle.java:67)
    at fr.inria.lille.commons.trace.RuntimeValues.collectionStarts(RuntimeValues.java:55)
    at java_programs.SQRT.sqrt(SQRT.java:13)
    at java_testcases.junit.SQRT_Test.test_5(SQRT_Test.java:37)

java.lang.Exception: test timed out after 3000 milliseconds
    at xxl.java.support.Lockable.acquiresLock(Lockable.java:21)
    at xxl.java.support.Lockable.acquire(Lockable.java:13)
    at xxl.java.support.GlobalToggle.acquireToggle(GlobalToggle.java:67)
    at fr.inria.lille.commons.trace.RuntimeValues.collectionStarts(RuntimeValues.java:55)
    at java_programs.SQRT.sqrt(SQRT.java:13)
    at java_testcases.junit.SQRT_Test.test_6(SQRT_Test.java:43)
14:44:10.325 [pool-16-thread-1] INFO  f.i.l.c.t.SpecificationTestCasesListener - Tests run finished (3162 ms)
<> Total tests run: 1
<> Ignored tests: 0
<> Failed tests: 1
~ test_6(java_testcases.junit.SQRT_Test)
[test timed out after 3000 milliseconds]
java.lang.Exception: test timed out after 3000 milliseconds    at xxl.java.support.Lockable.acquiresLock(Lockable.java:21)
    at xxl.java.support.Lockable.acquire(Lockable.java:13)
    at xxl.java.support.GlobalToggle.acquireToggle(GlobalToggle.java:67)
    at fr.inria.lille.commons.trace.RuntimeValues.collectionStarts(RuntimeValues.java:55)
    at java_programs.SQRT.sqrt(SQRT.java:13)
    at java_testcases.junit.SQRT_Test.test_6(SQRT_Test.java:43)

14:44:10.595 [pool-3-thread-1] DEBUG tests.output - Failing tests with false: 
[test_0(java_testcases.junit.SQRT_Test): test timed out after 3000 milliseconds, test_2(java_testcases.junit.SQRT_Test): test timed out after 3000 milliseconds, test_3(java_testcases.junit.SQRT_Test): test timed out after 3000 milliseconds, test_4(java_testcases.junit.SQRT_Test): test timed out after 3000 milliseconds, test_5(java_testcases.junit.SQRT_Test): test timed out after 3000 milliseconds, test_6(java_testcases.junit.SQRT_Test): test timed out after 3000 milliseconds]
14:44:10.595 [pool-3-thread-1] DEBUG tests.output - Failing tests with true: 
[test_0(java_testcases.junit.SQRT_Test): test timed out after 3000 milliseconds, test_2(java_testcases.junit.SQRT_Test): test timed out after 3000 milliseconds, test_3(java_testcases.junit.SQRT_Test): test timed out after 3000 milliseconds, test_4(java_testcases.junit.SQRT_Test): test timed out after 3000 milliseconds, test_5(java_testcases.junit.SQRT_Test): test timed out after 3000 milliseconds, test_6(java_testcases.junit.SQRT_Test): test timed out after 3000 milliseconds]
14:44:10.595 [pool-3-thread-1] INFO  f.i.l.r.n.synth.SMTNopolSynthesizer - Not enough specifications: 0. A trivial patch is "true" or "false", please write new tests specifying SourceLocation java_programs.SQRT:17.
14:44:10.596 [pool-2-thread-1] DEBUG fr.inria.lille.repair.nopol.NoPol - statement #2
14:44:10.596 [pool-2-thread-1] DEBUG fr.inria.lille.repair.nopol.NoPol - Analysing SourceLocation java_programs.SQRT:16 which is executed by 7 tests
2553121
14:44:11.507 [pool-2-thread-1] DEBUG fr.inria.lille.repair.nopol.NoPol - looking with class fr.inria.lille.repair.nopol.spoon.smt.ConditionalAdder
java.lang.Exception: test timed out after 3000 milliseconds
    at java_programs.SQRT.sqrt(SQRT.java:17)
    at java_testcases.junit.SQRT_Test.test_0(SQRT_Test.java:7)
    at sun.reflect.NativeMethodAccessorImpl.invoke0(Native Method)
    at sun.reflect.NativeMethodAccessorImpl.invoke(NativeMethodAccessorImpl.java:62)
    at sun.reflect.DelegatingMethodAccessorImpl.invoke(DelegatingMethodAccessorImpl.java:43)
    at java.lang.reflect.Method.invoke(Method.java:498)
java.lang.Exception: test timed out after 3000 milliseconds
    at java_programs.SQRT.sqrt(SQRT.java:17)
    at java_testcases.junit.SQRT_Test.test_2(SQRT_Test.java:19)
    at sun.reflect.NativeMethodAccessorImpl.invoke0(Native Method)
    at sun.reflect.NativeMethodAccessorImpl.invoke(NativeMethodAccessorImpl.java:62)
    at sun.reflect.DelegatingMethodAccessorImpl.invoke(DelegatingMethodAccessorImpl.java:43)
    at java.lang.reflect.Method.invoke(Method.java:498)
java.lang.Exception: test timed out after 3000 milliseconds
    at java_programs.SQRT.sqrt(SQRT.java:17)
    at java_testcases.junit.SQRT_Test.test_3(SQRT_Test.java:25)
    at sun.reflect.NativeMethodAccessorImpl.invoke0(Native Method)
    at sun.reflect.NativeMethodAccessorImpl.invoke(NativeMethodAccessorImpl.java:62)
    at sun.reflect.DelegatingMethodAccessorImpl.invoke(DelegatingMethodAccessorImpl.java:43)
    at java.lang.reflect.Method.invoke(Method.java:498)
java.lang.Exception: test timed out after 3000 milliseconds
    at java_programs.SQRT.sqrt(SQRT.java:17)
    at java_testcases.junit.SQRT_Test.test_4(SQRT_Test.java:31)
    at sun.reflect.NativeMethodAccessorImpl.invoke0(Native Method)
    at sun.reflect.NativeMethodAccessorImpl.invoke(NativeMethodAccessorImpl.java:62)
    at sun.reflect.DelegatingMethodAccessorImpl.invoke(DelegatingMethodAccessorImpl.java:43)
    at java.lang.reflect.Method.invoke(Method.java:498)
java.lang.Exception: test timed out after 3000 milliseconds
    at java_programs.SQRT.sqrt(SQRT.java:17)
    at java_testcases.junit.SQRT_Test.test_5(SQRT_Test.java:37)
    at sun.reflect.NativeMethodAccessorImpl.invoke0(Native Method)
    at sun.reflect.NativeMethodAccessorImpl.invoke(NativeMethodAccessorImpl.java:62)
    at sun.reflect.DelegatingMethodAccessorImpl.invoke(DelegatingMethodAccessorImpl.java:43)
    at java.lang.reflect.Method.invoke(Method.java:498)
java.lang.Exception: test timed out after 3000 milliseconds
    at java_programs.SQRT.sqrt(SQRT.java:17)
    at java_testcases.junit.SQRT_Test.test_6(SQRT_Test.java:43)
    at sun.reflect.NativeMethodAccessorImpl.invoke0(Native Method)
    at sun.reflect.NativeMethodAccessorImpl.invoke(NativeMethodAccessorImpl.java:62)
    at sun.reflect.DelegatingMethodAccessorImpl.invoke(DelegatingMethodAccessorImpl.java:43)
    at java.lang.reflect.Method.invoke(Method.java:498)
java.lang.Exception: test timed out after 3000 milliseconds
    at java_programs.SQRT.sqrt(SQRT.java:17)
    at java_testcases.junit.SQRT_Test.test_0(SQRT_Test.java:7)
    at sun.reflect.NativeMethodAccessorImpl.invoke0(Native Method)
    at sun.reflect.NativeMethodAccessorImpl.invoke(NativeMethodAccessorImpl.java:62)
    at sun.reflect.DelegatingMethodAccessorImpl.invoke(DelegatingMethodAccessorImpl.java:43)
    at java.lang.reflect.Method.invoke(Method.java:498)
java.lang.Exception: test timed out after 3000 milliseconds
    at java_programs.SQRT.sqrt(SQRT.java:17)
    at java_testcases.junit.SQRT_Test.test_2(SQRT_Test.java:19)
    at sun.reflect.NativeMethodAccessorImpl.invoke0(Native Method)
    at sun.reflect.NativeMethodAccessorImpl.invoke(NativeMethodAccessorImpl.java:62)
    at sun.reflect.DelegatingMethodAccessorImpl.invoke(DelegatingMethodAccessorImpl.java:43)
    at java.lang.reflect.Method.invoke(Method.java:498)
java.lang.Exception: test timed out after 3000 milliseconds
    at java_programs.SQRT.sqrt(SQRT.java:17)
    at java_testcases.junit.SQRT_Test.test_3(SQRT_Test.java:25)
    at sun.reflect.NativeMethodAccessorImpl.invoke0(Native Method)
    at sun.reflect.NativeMethodAccessorImpl.invoke(NativeMethodAccessorImpl.java:62)
    at sun.reflect.DelegatingMethodAccessorImpl.invoke(DelegatingMethodAccessorImpl.java:43)
    at java.lang.reflect.Method.invoke(Method.java:498)
java.lang.Exception: test timed out after 3000 milliseconds
    at java_programs.SQRT.sqrt(SQRT.java:17)
    at java_testcases.junit.SQRT_Test.test_4(SQRT_Test.java:31)
    at sun.reflect.NativeMethodAccessorImpl.invoke0(Native Method)
    at sun.reflect.NativeMethodAccessorImpl.invoke(NativeMethodAccessorImpl.java:62)
    at sun.reflect.DelegatingMethodAccessorImpl.invoke(DelegatingMethodAccessorImpl.java:43)
    at java.lang.reflect.Method.invoke(Method.java:498)
java.lang.Exception: test timed out after 3000 milliseconds
java.lang.Exception: test timed out after 3000 milliseconds
    at java_programs.SQRT.sqrt(SQRT.java:17)
    at java_testcases.junit.SQRT_Test.test_6(SQRT_Test.java:43)
    at sun.reflect.NativeMethodAccessorImpl.invoke0(Native Method)
    at sun.reflect.NativeMethodAccessorImpl.invoke(NativeMethodAccessorImpl.java:62)
    at sun.reflect.DelegatingMethodAccessorImpl.invoke(DelegatingMethodAccessorImpl.java:43)
    at java.lang.reflect.Method.invoke(Method.java:498)
java.lang.Exception: test timed out after 3000 milliseconds
    at java_programs.SQRT.sqrt(SQRT.java:17)
    at java_testcases.junit.SQRT_Test.test_0(SQRT_Test.java:7)
    at sun.reflect.NativeMethodAccessorImpl.invoke0(Native Method)
    at sun.reflect.NativeMethodAccessorImpl.invoke(NativeMethodAccessorImpl.java:62)
    at sun.reflect.DelegatingMethodAccessorImpl.invoke(DelegatingMethodAccessorImpl.java:43)
    at java.lang.reflect.Method.invoke(Method.java:498)
java.lang.Exception: test timed out after 3000 milliseconds
    at java_programs.SQRT.sqrt(SQRT.java:17)
    at java_testcases.junit.SQRT_Test.test_2(SQRT_Test.java:19)
    at sun.reflect.NativeMethodAccessorImpl.invoke0(Native Method)
    at sun.reflect.NativeMethodAccessorImpl.invoke(NativeMethodAccessorImpl.java:62)
    at sun.reflect.DelegatingMethodAccessorImpl.invoke(DelegatingMethodAccessorImpl.java:43)
    at java.lang.reflect.Method.invoke(Method.java:498)
java.lang.Exception: test timed out after 3000 milliseconds
    at java_programs.SQRT.sqrt(SQRT.java:17)
    at java_testcases.junit.SQRT_Test.test_3(SQRT_Test.java:25)
    at sun.reflect.NativeMethodAccessorImpl.invoke0(Native Method)
    at sun.reflect.NativeMethodAccessorImpl.invoke(NativeMethodAccessorImpl.java:62)
    at sun.reflect.DelegatingMethodAccessorImpl.invoke(DelegatingMethodAccessorImpl.java:43)
    at java.lang.reflect.Method.invoke(Method.java:498)
java.lang.Exception: test timed out after 3000 milliseconds
    at java_programs.SQRT.sqrt(SQRT.java:17)
    at java_testcases.junit.SQRT_Test.test_4(SQRT_Test.java:31)
    at sun.reflect.NativeMethodAccessorImpl.invoke0(Native Method)
    at sun.reflect.NativeMethodAccessorImpl.invoke(NativeMethodAccessorImpl.java:62)
    at sun.reflect.DelegatingMethodAccessorImpl.invoke(DelegatingMethodAccessorImpl.java:43)
    at java.lang.reflect.Method.invoke(Method.java:498)
java.lang.Exception: test timed out after 3000 milliseconds
    at java_programs.SQRT.sqrt(SQRT.java:17)
    at java_testcases.junit.SQRT_Test.test_5(SQRT_Test.java:37)
    at sun.reflect.NativeMethodAccessorImpl.invoke0(Native Method)
    at sun.reflect.NativeMethodAccessorImpl.invoke(NativeMethodAccessorImpl.java:62)
    at sun.reflect.DelegatingMethodAccessorImpl.invoke(DelegatingMethodAccessorImpl.java:43)
    at java.lang.reflect.Method.invoke(Method.java:498)
java.lang.Exception: test timed out after 3000 milliseconds
    at java_programs.SQRT.sqrt(SQRT.java:17)
    at java_testcases.junit.SQRT_Test.test_6(SQRT_Test.java:43)
    at sun.reflect.NativeMethodAccessorImpl.invoke0(Native Method)
    at sun.reflect.NativeMethodAccessorImpl.invoke(NativeMethodAccessorImpl.java:62)
    at sun.reflect.DelegatingMethodAccessorImpl.invoke(DelegatingMethodAccessorImpl.java:43)
    at java.lang.reflect.Method.invoke(Method.java:498)
java.lang.Exception: test timed out after 3000 milliseconds
    at java_programs.SQRT.sqrt(SQRT.java:17)
    at java_testcases.junit.SQRT_Test.test_0(SQRT_Test.java:7)
    at sun.reflect.NativeMethodAccessorImpl.invoke0(Native Method)
    at sun.reflect.NativeMethodAccessorImpl.invoke(NativeMethodAccessorImpl.java:62)
    at sun.reflect.DelegatingMethodAccessorImpl.invoke(DelegatingMethodAccessorImpl.java:43)
    at java.lang.reflect.Method.invoke(Method.java:498)
java.lang.Exception: test timed out after 3000 milliseconds
    at java_programs.SQRT.sqrt(SQRT.java:17)
    at java_testcases.junit.SQRT_Test.test_2(SQRT_Test.java:19)
    at sun.reflect.NativeMethodAccessorImpl.invoke0(Native Method)
    at sun.reflect.NativeMethodAccessorImpl.invoke(NativeMethodAccessorImpl.java:62)
    at sun.reflect.DelegatingMethodAccessorImpl.invoke(DelegatingMethodAccessorImpl.java:43)
    at java.lang.reflect.Method.invoke(Method.java:498)
java.lang.Exception: test timed out after 3000 milliseconds
    at java_programs.SQRT.sqrt(SQRT.java:17)
    at java_testcases.junit.SQRT_Test.test_3(SQRT_Test.java:25)
    at sun.reflect.NativeMethodAccessorImpl.invoke0(Native Method)
    at sun.reflect.NativeMethodAccessorImpl.invoke(NativeMethodAccessorImpl.java:62)
    at sun.reflect.DelegatingMethodAccessorImpl.invoke(DelegatingMethodAccessorImpl.java:43)
    at java.lang.reflect.Method.invoke(Method.java:498)
java.lang.Exception: test timed out after 3000 milliseconds
    at java_programs.SQRT.sqrt(SQRT.java:17)
    at java_testcases.junit.SQRT_Test.test_4(SQRT_Test.java:31)
    at sun.reflect.NativeMethodAccessorImpl.invoke0(Native Method)
    at sun.reflect.NativeMethodAccessorImpl.invoke(NativeMethodAccessorImpl.java:62)
    at sun.reflect.DelegatingMethodAccessorImpl.invoke(DelegatingMethodAccessorImpl.java:43)
    at java.lang.reflect.Method.invoke(Method.java:498)
java.lang.Exception: test timed out after 3000 milliseconds
    at java_programs.SQRT.sqrt(SQRT.java:17)
    at java_testcases.junit.SQRT_Test.test_5(SQRT_Test.java:37)
    at sun.reflect.NativeMethodAccessorImpl.invoke0(Native Method)
    at sun.reflect.NativeMethodAccessorImpl.invoke(NativeMethodAccessorImpl.java:62)
    at sun.reflect.DelegatingMethodAccessorImpl.invoke(DelegatingMethodAccessorImpl.java:43)
    at java.lang.reflect.Method.invoke(Method.java:498)
java.lang.Exception: test timed out after 3000 milliseconds
    at java_programs.SQRT.sqrt(SQRT.java:17)
    at java_testcases.junit.SQRT_Test.test_6(SQRT_Test.java:43)
    at sun.reflect.NativeMethodAccessorImpl.invoke0(Native Method)
    at sun.reflect.NativeMethodAccessorImpl.invoke(NativeMethodAccessorImpl.java:62)
    at sun.reflect.DelegatingMethodAccessorImpl.invoke(DelegatingMethodAccessorImpl.java:43)
    at java.lang.reflect.Method.invoke(Method.java:498)
java.lang.Exception: test timed out after 3000 milliseconds
    at java_programs.SQRT.sqrt(SQRT.java:17)
    at java_testcases.junit.SQRT_Test.test_0(SQRT_Test.java:7)
    at sun.reflect.NativeMethodAccessorImpl.invoke0(Native Method)
    at sun.reflect.NativeMethodAccessorImpl.invoke(NativeMethodAccessorImpl.java:62)
    at sun.reflect.DelegatingMethodAccessorImpl.invoke(DelegatingMethodAccessorImpl.java:43)
    at java.lang.reflect.Method.invoke(Method.java:498)
java.lang.Exception: test timed out after 3000 milliseconds
    at java_programs.SQRT.sqrt(SQRT.java:17)
    at java_testcases.junit.SQRT_Test.test_2(SQRT_Test.java:19)
    at sun.reflect.NativeMethodAccessorImpl.invoke0(Native Method)
    at sun.reflect.NativeMethodAccessorImpl.invoke(NativeMethodAccessorImpl.java:62)
    at sun.reflect.DelegatingMethodAccessorImpl.invoke(DelegatingMethodAccessorImpl.java:43)
    at java.lang.reflect.Method.invoke(Method.java:498)
java.lang.Exception: test timed out after 3000 milliseconds
    at java_programs.SQRT.sqrt(SQRT.java:17)
    at java_testcases.junit.SQRT_Test.test_3(SQRT_Test.java:25)
    at sun.reflect.NativeMethodAccessorImpl.invoke0(Native Method)
    at sun.reflect.NativeMethodAccessorImpl.invoke(NativeMethodAccessorImpl.java:62)
    at sun.reflect.DelegatingMethodAccessorImpl.invoke(DelegatingMethodAccessorImpl.java:43)
    at java.lang.reflect.Method.invoke(Method.java:498)
java.lang.Exception: test timed out after 3000 milliseconds
    at java_programs.SQRT.sqrt(SQRT.java:17)
    at java_testcases.junit.SQRT_Test.test_4(SQRT_Test.java:31)
    at sun.reflect.NativeMethodAccessorImpl.invoke0(Native Method)
    at sun.reflect.NativeMethodAccessorImpl.invoke(NativeMethodAccessorImpl.java:62)
    at sun.reflect.DelegatingMethodAccessorImpl.invoke(DelegatingMethodAccessorImpl.java:43)
    at java.lang.reflect.Method.invoke(Method.java:498)
java.lang.Exception: test timed out after 3000 milliseconds
    at java_programs.SQRT.sqrt(SQRT.java:17)
    at java_testcases.junit.SQRT_Test.test_5(SQRT_Test.java:37)
    at sun.reflect.NativeMethodAccessorImpl.invoke0(Native Method)
    at sun.reflect.NativeMethodAccessorImpl.invoke(NativeMethodAccessorImpl.java:62)
    at sun.reflect.DelegatingMethodAccessorImpl.invoke(DelegatingMethodAccessorImpl.java:43)
    at java.lang.reflect.Method.invoke(Method.java:498)
java.lang.Exception: test timed out after 3000 milliseconds
    at java_programs.SQRT.sqrt(SQRT.java:17)
    at java_testcases.junit.SQRT_Test.test_6(SQRT_Test.java:43)
    at sun.reflect.NativeMethodAccessorImpl.invoke0(Native Method)
    at sun.reflect.NativeMethodAccessorImpl.invoke(NativeMethodAccessorImpl.java:62)
    at sun.reflect.DelegatingMethodAccessorImpl.invoke(DelegatingMethodAccessorImpl.java:43)
    at java.lang.reflect.Method.invoke(Method.java:498)
java.lang.Exception: test timed out after 3000 milliseconds
    at java_programs.SQRT.sqrt(SQRT.java:17)
    at java_testcases.junit.SQRT_Test.test_0(SQRT_Test.java:7)
    at sun.reflect.NativeMethodAccessorImpl.invoke0(Native Method)
    at sun.reflect.NativeMethodAccessorImpl.invoke(NativeMethodAccessorImpl.java:62)
    at sun.reflect.DelegatingMethodAccessorImpl.invoke(DelegatingMethodAccessorImpl.java:43)
    at java.lang.reflect.Method.invoke(Method.java:498)
java.lang.Exception: test timed out after 3000 milliseconds
    at java_programs.SQRT.sqrt(SQRT.java:17)
    at java_testcases.junit.SQRT_Test.test_2(SQRT_Test.java:19)
    at sun.reflect.NativeMethodAccessorImpl.invoke0(Native Method)
    at sun.reflect.NativeMethodAccessorImpl.invoke(NativeMethodAccessorImpl.java:62)
    at sun.reflect.DelegatingMethodAccessorImpl.invoke(DelegatingMethodAccessorImpl.java:43)
    at java.lang.reflect.Method.invoke(Method.java:498)
java.lang.Exception: test timed out after 3000 milliseconds
    at java_programs.SQRT.sqrt(SQRT.java:17)
    at java_testcases.junit.SQRT_Test.test_3(SQRT_Test.java:25)
    at sun.reflect.NativeMethodAccessorImpl.invoke0(Native Method)
    at sun.reflect.NativeMethodAccessorImpl.invoke(NativeMethodAccessorImpl.java:62)
    at sun.reflect.DelegatingMethodAccessorImpl.invoke(DelegatingMethodAccessorImpl.java:43)
    at java.lang.reflect.Method.invoke(Method.java:498)
java.lang.Exception: test timed out after 3000 milliseconds
    at java_programs.SQRT.sqrt(SQRT.java:17)
    at java_testcases.junit.SQRT_Test.test_4(SQRT_Test.java:31)
    at sun.reflect.NativeMethodAccessorImpl.invoke0(Native Method)
    at sun.reflect.NativeMethodAccessorImpl.invoke(NativeMethodAccessorImpl.java:62)
    at sun.reflect.DelegatingMethodAccessorImpl.invoke(DelegatingMethodAccessorImpl.java:43)
    at java.lang.reflect.Method.invoke(Method.java:498)
java.lang.Exception: test timed out after 3000 milliseconds
    at java_programs.SQRT.sqrt(SQRT.java:17)
    at java_testcases.junit.SQRT_Test.test_5(SQRT_Test.java:37)
    at sun.reflect.NativeMethodAccessorImpl.invoke0(Native Method)
    at sun.reflect.NativeMethodAccessorImpl.invoke(NativeMethodAccessorImpl.java:62)
    at sun.reflect.DelegatingMethodAccessorImpl.invoke(DelegatingMethodAccessorImpl.java:43)
    at java.lang.reflect.Method.invoke(Method.java:498)
java.lang.Exception: test timed out after 3000 milliseconds
    at java_programs.SQRT.sqrt(SQRT.java:17)
    at java_testcases.junit.SQRT_Test.test_6(SQRT_Test.java:43)
    at sun.reflect.NativeMethodAccessorImpl.invoke0(Native Method)
    at sun.reflect.NativeMethodAccessorImpl.invoke(NativeMethodAccessorImpl.java:62)
    at sun.reflect.DelegatingMethodAccessorImpl.invoke(DelegatingMethodAccessorImpl.java:43)
    at java.lang.reflect.Method.invoke(Method.java:498)
java.lang.AssertionError: expected:<1.4166666666666665> but was:<1.0>
    at org.junit.Assert.fail(Assert.java:88)
    at org.junit.Assert.failNotEquals(Assert.java:743)
    at org.junit.Assert.assertEquals(Assert.java:494)
    at org.junit.Assert.assertEquals(Assert.java:592)
    at java_testcases.junit.SQRT_Test.test_0(SQRT_Test.java:8)
    at sun.reflect.NativeMethodAccessorImpl.invoke0(Native Method)
14:46:44.676 [pool-19-thread-1] INFO  f.i.l.c.t.SpecificationTestCasesListener - Tests run finished (119 ms)
<> Total tests run: 1
<> Ignored tests: 0
<> Failed tests: 1
~ test_0(java_testcases.junit.SQRT_Test)
[expected:<1.4166666666666665> but was:<1.0>]
java.lang.AssertionError: expected:<1.4166666666666665> but was:<1.0>    at org.junit.Assert.fail(Assert.java:88)
    at org.junit.Assert.failNotEquals(Assert.java:743)
    at org.junit.Assert.assertEquals(Assert.java:494)
    at org.junit.Assert.assertEquals(Assert.java:592)
    at java_testcases.junit.SQRT_Test.test_0(SQRT_Test.java:8)
    at sun.reflect.NativeMethodAccessorImpl.invoke0(Native Method)

java.lang.AssertionError: expected:<1.5> but was:<1.0>
    at org.junit.Assert.fail(Assert.java:88)
    at org.junit.Assert.failNotEquals(Assert.java:743)
    at org.junit.Assert.assertEquals(Assert.java:494)
    at org.junit.Assert.assertEquals(Assert.java:592)
    at java_testcases.junit.SQRT_Test.test_2(SQRT_Test.java:20)
    at sun.reflect.NativeMethodAccessorImpl.invoke0(Native Method)
14:46:44.942 [pool-20-thread-1] INFO  f.i.l.c.t.SpecificationTestCasesListener - Tests run finished (230 ms)
<> Total tests run: 1
<> Ignored tests: 0
<> Failed tests: 1
~ test_2(java_testcases.junit.SQRT_Test)
[expected:<1.5> but was:<1.0>]
java.lang.AssertionError: expected:<1.5> but was:<1.0>    at org.junit.Assert.fail(Assert.java:88)
    at org.junit.Assert.failNotEquals(Assert.java:743)
    at org.junit.Assert.assertEquals(Assert.java:494)
    at org.junit.Assert.assertEquals(Assert.java:592)
    at java_testcases.junit.SQRT_Test.test_2(SQRT_Test.java:20)
    at sun.reflect.NativeMethodAccessorImpl.invoke0(Native Method)

14:46:45.377 [pool-21-thread-1] INFO  f.i.l.c.t.SpecificationTestCasesListener - Tests run finished (54 ms)
<> Total tests run: 1
<> Ignored tests: 0
<> Failed tests: 0

java.lang.AssertionError: expected:<5.196164639727311> but was:<13.5>
    at org.junit.Assert.fail(Assert.java:88)
    at org.junit.Assert.failNotEquals(Assert.java:743)
    at org.junit.Assert.assertEquals(Assert.java:494)
    at org.junit.Assert.assertEquals(Assert.java:592)
    at java_testcases.junit.SQRT_Test.test_4(SQRT_Test.java:32)
    at sun.reflect.NativeMethodAccessorImpl.invoke0(Native Method)
14:46:45.861 [pool-22-thread-1] INFO  f.i.l.c.t.SpecificationTestCasesListener - Tests run finished (292 ms)
<> Total tests run: 1
<> Ignored tests: 0
<> Failed tests: 1
~ test_4(java_testcases.junit.SQRT_Test)
[expected:<5.196164639727311> but was:<13.5>]
java.lang.AssertionError: expected:<5.196164639727311> but was:<13.5>    at org.junit.Assert.fail(Assert.java:88)
    at org.junit.Assert.failNotEquals(Assert.java:743)
    at org.junit.Assert.assertEquals(Assert.java:494)
    at org.junit.Assert.assertEquals(Assert.java:592)
    at java_testcases.junit.SQRT_Test.test_4(SQRT_Test.java:32)
    at sun.reflect.NativeMethodAccessorImpl.invoke0(Native Method)

java.lang.AssertionError: expected:<5.744627526262464> but was:<16.5>
    at org.junit.Assert.fail(Assert.java:88)
    at org.junit.Assert.failNotEquals(Assert.java:743)
    at org.junit.Assert.assertEquals(Assert.java:494)
    at org.junit.Assert.assertEquals(Assert.java:592)
    at java_testcases.junit.SQRT_Test.test_5(SQRT_Test.java:38)
    at sun.reflect.NativeMethodAccessorImpl.invoke0(Native Method)
14:46:46.346 [pool-23-thread-1] INFO  f.i.l.c.t.SpecificationTestCasesListener - Tests run finished (85 ms)
<> Total tests run: 1
<> Ignored tests: 0
<> Failed tests: 1
~ test_5(java_testcases.junit.SQRT_Test)
[expected:<5.744627526262464> but was:<16.5>]
java.lang.AssertionError: expected:<5.744627526262464> but was:<16.5>    at org.junit.Assert.fail(Assert.java:88)
    at org.junit.Assert.failNotEquals(Assert.java:743)
    at org.junit.Assert.assertEquals(Assert.java:494)
    at org.junit.Assert.assertEquals(Assert.java:592)
    at java_testcases.junit.SQRT_Test.test_5(SQRT_Test.java:38)
    at sun.reflect.NativeMethodAccessorImpl.invoke0(Native Method)

java.lang.AssertionError: expected:<13.038404876679632> but was:<85.0>
    at org.junit.Assert.fail(Assert.java:88)
    at org.junit.Assert.failNotEquals(Assert.java:743)
    at org.junit.Assert.assertEquals(Assert.java:494)
    at org.junit.Assert.assertEquals(Assert.java:592)
    at java_testcases.junit.SQRT_Test.test_6(SQRT_Test.java:44)
    at sun.reflect.NativeMethodAccessorImpl.invoke0(Native Method)
14:46:46.574 [pool-24-thread-1] INFO  f.i.l.c.t.SpecificationTestCasesListener - Tests run finished (227 ms)
<> Total tests run: 1
<> Ignored tests: 0
<> Failed tests: 1
~ test_6(java_testcases.junit.SQRT_Test)
[expected:<13.038404876679632> but was:<85.0>]
java.lang.AssertionError: expected:<13.038404876679632> but was:<85.0>    at org.junit.Assert.fail(Assert.java:88)
    at org.junit.Assert.failNotEquals(Assert.java:743)
    at org.junit.Assert.assertEquals(Assert.java:494)
    at org.junit.Assert.assertEquals(Assert.java:592)
    at java_testcases.junit.SQRT_Test.test_6(SQRT_Test.java:44)
    at sun.reflect.NativeMethodAccessorImpl.invoke0(Native Method)

java.lang.Exception: test timed out after 3000 milliseconds
    at java_programs.SQRT.sqrt(SQRT.java:21)
    at java_testcases.junit.SQRT_Test.test_0(SQRT_Test.java:7)
    at sun.reflect.NativeMethodAccessorImpl.invoke0(Native Method)
    at sun.reflect.NativeMethodAccessorImpl.invoke(NativeMethodAccessorImpl.java:62)
    at sun.reflect.DelegatingMethodAccessorImpl.invoke(DelegatingMethodAccessorImpl.java:43)
    at java.lang.reflect.Method.invoke(Method.java:498)
14:46:49.584 [pool-25-thread-1] INFO  f.i.l.c.t.SpecificationTestCasesListener - Tests run finished (3009 ms)
<> Total tests run: 1
<> Ignored tests: 0
<> Failed tests: 1
~ test_0(java_testcases.junit.SQRT_Test)
[test timed out after 3000 milliseconds]
java.lang.Exception: test timed out after 3000 milliseconds    at java_programs.SQRT.sqrt(SQRT.java:21)
    at java_testcases.junit.SQRT_Test.test_0(SQRT_Test.java:7)
    at sun.reflect.NativeMethodAccessorImpl.invoke0(Native Method)
    at sun.reflect.NativeMethodAccessorImpl.invoke(NativeMethodAccessorImpl.java:62)
    at sun.reflect.DelegatingMethodAccessorImpl.invoke(DelegatingMethodAccessorImpl.java:43)
    at java.lang.reflect.Method.invoke(Method.java:498)

java.lang.Exception: test timed out after 3000 milliseconds
    at java_programs.SQRT.sqrt(SQRT.java:21)
    at java_testcases.junit.SQRT_Test.test_2(SQRT_Test.java:19)
    at sun.reflect.NativeMethodAccessorImpl.invoke0(Native Method)
    at sun.reflect.NativeMethodAccessorImpl.invoke(NativeMethodAccessorImpl.java:62)
    at sun.reflect.DelegatingMethodAccessorImpl.invoke(DelegatingMethodAccessorImpl.java:43)
    at java.lang.reflect.Method.invoke(Method.java:498)
14:46:52.594 [pool-26-thread-1] INFO  f.i.l.c.t.SpecificationTestCasesListener - Tests run finished (3008 ms)
<> Total tests run: 1
<> Ignored tests: 0
<> Failed tests: 1
~ test_2(java_testcases.junit.SQRT_Test)
[test timed out after 3000 milliseconds]
java.lang.Exception: test timed out after 3000 milliseconds    at java_programs.SQRT.sqrt(SQRT.java:21)
    at java_testcases.junit.SQRT_Test.test_2(SQRT_Test.java:19)
    at sun.reflect.NativeMethodAccessorImpl.invoke0(Native Method)
    at sun.reflect.NativeMethodAccessorImpl.invoke(NativeMethodAccessorImpl.java:62)
    at sun.reflect.DelegatingMethodAccessorImpl.invoke(DelegatingMethodAccessorImpl.java:43)
    at java.lang.reflect.Method.invoke(Method.java:498)

java.lang.Exception: test timed out after 3000 milliseconds
    at java_programs.SQRT.sqrt(SQRT.java:21)
    at java_testcases.junit.SQRT_Test.test_3(SQRT_Test.java:25)
    at sun.reflect.NativeMethodAccessorImpl.invoke0(Native Method)
    at sun.reflect.NativeMethodAccessorImpl.invoke(NativeMethodAccessorImpl.java:62)
    at sun.reflect.DelegatingMethodAccessorImpl.invoke(DelegatingMethodAccessorImpl.java:43)
    at java.lang.reflect.Method.invoke(Method.java:498)
14:46:55.614 [pool-27-thread-1] INFO  f.i.l.c.t.SpecificationTestCasesListener - Tests run finished (3010 ms)
<> Total tests run: 1
<> Ignored tests: 0
<> Failed tests: 1
~ test_3(java_testcases.junit.SQRT_Test)
[test timed out after 3000 milliseconds]
java.lang.Exception: test timed out after 3000 milliseconds    at java_programs.SQRT.sqrt(SQRT.java:21)
    at java_testcases.junit.SQRT_Test.test_3(SQRT_Test.java:25)
    at sun.reflect.NativeMethodAccessorImpl.invoke0(Native Method)
    at sun.reflect.NativeMethodAccessorImpl.invoke(NativeMethodAccessorImpl.java:62)
    at sun.reflect.DelegatingMethodAccessorImpl.invoke(DelegatingMethodAccessorImpl.java:43)
    at java.lang.reflect.Method.invoke(Method.java:498)

java.lang.Exception: test timed out after 3000 milliseconds
    at java_programs.SQRT.sqrt(SQRT.java:21)
    at java_testcases.junit.SQRT_Test.test_4(SQRT_Test.java:31)
    at sun.reflect.NativeMethodAccessorImpl.invoke0(Native Method)
    at sun.reflect.NativeMethodAccessorImpl.invoke(NativeMethodAccessorImpl.java:62)
    at sun.reflect.DelegatingMethodAccessorImpl.invoke(DelegatingMethodAccessorImpl.java:43)
    at java.lang.reflect.Method.invoke(Method.java:498)
14:46:58.675 [pool-28-thread-1] INFO  f.i.l.c.t.SpecificationTestCasesListener - Tests run finished (3018 ms)
<> Total tests run: 1
<> Ignored tests: 0
<> Failed tests: 1
~ test_4(java_testcases.junit.SQRT_Test)
[test timed out after 3000 milliseconds]
java.lang.Exception: test timed out after 3000 milliseconds    at java_programs.SQRT.sqrt(SQRT.java:21)
    at java_testcases.junit.SQRT_Test.test_4(SQRT_Test.java:31)
    at sun.reflect.NativeMethodAccessorImpl.invoke0(Native Method)
    at sun.reflect.NativeMethodAccessorImpl.invoke(NativeMethodAccessorImpl.java:62)
    at sun.reflect.DelegatingMethodAccessorImpl.invoke(DelegatingMethodAccessorImpl.java:43)
    at java.lang.reflect.Method.invoke(Method.java:498)

java.lang.Exception: test timed out after 3000 milliseconds
    at java_programs.SQRT.sqrt(SQRT.java:21)
    at java_testcases.junit.SQRT_Test.test_5(SQRT_Test.java:37)
    at sun.reflect.NativeMethodAccessorImpl.invoke0(Native Method)
    at sun.reflect.NativeMethodAccessorImpl.invoke(NativeMethodAccessorImpl.java:62)
    at sun.reflect.DelegatingMethodAccessorImpl.invoke(DelegatingMethodAccessorImpl.java:43)
    at java.lang.reflect.Method.invoke(Method.java:498)
14:47:01.688 [pool-29-thread-1] INFO  f.i.l.c.t.SpecificationTestCasesListener - Tests run finished (3011 ms)
<> Total tests run: 1
<> Ignored tests: 0
<> Failed tests: 1
~ test_5(java_testcases.junit.SQRT_Test)
[test timed out after 3000 milliseconds]
java.lang.Exception: test timed out after 3000 milliseconds    at java_programs.SQRT.sqrt(SQRT.java:21)
    at java_testcases.junit.SQRT_Test.test_5(SQRT_Test.java:37)
    at sun.reflect.NativeMethodAccessorImpl.invoke0(Native Method)
    at sun.reflect.NativeMethodAccessorImpl.invoke(NativeMethodAccessorImpl.java:62)
    at sun.reflect.DelegatingMethodAccessorImpl.invoke(DelegatingMethodAccessorImpl.java:43)
    at java.lang.reflect.Method.invoke(Method.java:498)

java.lang.Exception: test timed out after 3000 milliseconds
    at java_programs.SQRT.sqrt(SQRT.java:21)
    at java_testcases.junit.SQRT_Test.test_6(SQRT_Test.java:43)
    at sun.reflect.NativeMethodAccessorImpl.invoke0(Native Method)
    at sun.reflect.NativeMethodAccessorImpl.invoke(NativeMethodAccessorImpl.java:62)
    at sun.reflect.DelegatingMethodAccessorImpl.invoke(DelegatingMethodAccessorImpl.java:43)
    at java.lang.reflect.Method.invoke(Method.java:498)
14:47:05.038 [pool-30-thread-1] INFO  f.i.l.c.t.SpecificationTestCasesListener - Tests run finished (3125 ms)
<> Total tests run: 1
<> Ignored tests: 0
<> Failed tests: 1
~ test_6(java_testcases.junit.SQRT_Test)
[test timed out after 3000 milliseconds]
java.lang.Exception: test timed out after 3000 milliseconds    at java_programs.SQRT.sqrt(SQRT.java:21)
    at java_testcases.junit.SQRT_Test.test_6(SQRT_Test.java:43)
    at sun.reflect.NativeMethodAccessorImpl.invoke0(Native Method)
    at sun.reflect.NativeMethodAccessorImpl.invoke(NativeMethodAccessorImpl.java:62)
    at sun.reflect.DelegatingMethodAccessorImpl.invoke(DelegatingMethodAccessorImpl.java:43)
    at java.lang.reflect.Method.invoke(Method.java:498)

14:47:05.140 [pool-17-thread-1] DEBUG tests.output - Failing tests with false: 
[test_0(java_testcases.junit.SQRT_Test): expected:<1.4166666666666665> but was:<1.0>, test_2(java_testcases.junit.SQRT_Test): expected:<1.5> but was:<1.0>, test_4(java_testcases.junit.SQRT_Test): expected:<5.196164639727311> but was:<13.5>, test_5(java_testcases.junit.SQRT_Test): expected:<5.744627526262464> but was:<16.5>, test_6(java_testcases.junit.SQRT_Test): expected:<13.038404876679632> but was:<85.0>]
14:47:05.140 [pool-17-thread-1] DEBUG tests.output - Failing tests with true: 
[test_0(java_testcases.junit.SQRT_Test): test timed out after 3000 milliseconds, test_2(java_testcases.junit.SQRT_Test): test timed out after 3000 milliseconds, test_3(java_testcases.junit.SQRT_Test): test timed out after 3000 milliseconds, test_4(java_testcases.junit.SQRT_Test): test timed out after 3000 milliseconds, test_5(java_testcases.junit.SQRT_Test): test timed out after 3000 milliseconds, test_6(java_testcases.junit.SQRT_Test): test timed out after 3000 milliseconds]
14:47:05.140 [pool-17-thread-1] INFO  f.i.l.r.n.synth.SMTNopolSynthesizer - Not enough specifications: 0. A trivial patch is "true" or "false", please write new tests specifying SourceLocation java_programs.SQRT:16.
14:47:05.153 [pool-2-thread-1] DEBUG fr.inria.lille.repair.nopol.NoPol - statement #3
14:47:05.153 [pool-2-thread-1] DEBUG fr.inria.lille.repair.nopol.NoPol - Analysing SourceLocation java_programs.SQRT:15 which is executed by 7 tests
2553121
14:47:05.849 [pool-2-thread-1] INFO  fr.inria.lille.repair.nopol.NoPol - ----INFORMATION----
14:47:06.358 [pool-2-thread-1] INFO  fr.inria.lille.repair.nopol.NoPol - Nb classes : 3
14:47:06.358 [pool-2-thread-1] INFO  fr.inria.lille.repair.nopol.NoPol - Nb methods : 9
14:47:06.358 [pool-2-thread-1] INFO  fr.inria.lille.repair.nopol.NoPol - Nb Statements Analyzed : 2
14:47:06.358 [pool-2-thread-1] INFO  fr.inria.lille.repair.nopol.NoPol - Nb Statements with Angelic Value Found : 0
14:47:06.358 [pool-2-thread-1] INFO  fr.inria.lille.repair.nopol.NoPol - Nb inputs in SMT : 0
14:47:06.360 [pool-2-thread-1] INFO  fr.inria.lille.repair.nopol.NoPol - Nb SMT level: 0
14:47:06.360 [pool-2-thread-1] INFO  fr.inria.lille.repair.nopol.NoPol - Nb variables in SMT : 0
14:47:06.361 [pool-2-thread-1] INFO  fr.inria.lille.repair.nopol.NoPol - NoPol Execution time : 348122ms
14:47:06.361 [pool-2-thread-1] INFO  fr.inria.lille.repair.nopol.NoPol - 
NO_ANGELIC_VALUE
Command exited with non-zero status 255
1261.25user 3.56system 5:50.08elapsed 361%CPU (0avgtext+0avgdata 4169872maxresident)k
45280inputs+5984outputs (3major+1084057minor)pagefaults 0swaps


Node: graphene-12.nancy.grid5000.fr



Date: Sun Dec  2 14:47:06 EST 2018

