cd /tmp/Cardumen_Defects4J_Math_66;
export JAVA_TOOL_OPTIONS="-Dfile.encoding=UTF8 -Duser.language=en-US -Duser.country=US -Duser.language=en";
TZ="America/New_York"; export TZ;
export PATH="/usr/lib/jvm/java-1.8.0-openjdk-amd64/bin/:$PATH";
export JAVA_HOME="/usr/lib/jvm/java-1.8.0-openjdk-amd64/bin/";
time java -Xmx4048m -cp /home/tdurieux/RepairThemAll/script/../libs/jtestex7.jar:/home/tdurieux/RepairThemAll/script/../repair_tools/astor.jar fr.inria.main.evolution.AstorMain \
	-mode cardumen \
	-location . \
	-id Math-66 \
	-failing org.apache.commons.math.optimization.univariate.BrentOptimizerTest:org.apache.commons.math.optimization.MultiStartUnivariateRealOptimizerTest \
	-jvm4testexecution /home/tdurieux/openjdk-1.7.0/bin/ \
	-jvm4evosuitetestexecution /home/tdurieux/openjdk-1.7.0/bin/ \
	-maxgen 1000000 \
	-maxtime 120 \
	-stopfirst true \
	-seed 0 \
	-scope local \
	-population 1 \
	-javacompliancelevel 5 \
	-srcjavafolder src/main/java/ \
	-srctestfolder src/test/java/ \
	-binjavafolder target/classes/ \
	-bintestfolder target/test-classes/ \
	-parameters x:x \
	-dependencies /tmp/Cardumen_Defects4J_Math_66/target/classes/:/tmp/Cardumen_Defects4J_Math_66/target/test-classes/:/home/tdurieux/RepairThemAll/script/../benchmarks/defects4j/framework/projects/lib/junit-4.11.jar;
	echo "\n\nNode: `hostname`\n";
	echo "\n\nDate: `date`\n";
Picked up JAVA_TOOL_OPTIONS: -Dfile.encoding=UTF8 -Duser.language=en-US -Duser.country=US -Duser.language=en
2018-12-28 14:54:21,493 INFO main - command line arguments: [-mode  cardumen  -location  .  -id  Math-66  -failing  org.apache.commons.math.optimization.univariate.BrentOptimizerTest:org.apache.commons.math.optimization.MultiStartUnivariateRealOptimizerTest  -jvm4testexecution  /home/tdurieux/openjdk-1.7.0/bin/  -jvm4evosuitetestexecution  /home/tdurieux/openjdk-1.7.0/bin/  -maxgen  1000000  -maxtime  120  -stopfirst  true  -seed  0  -scope  local  -population  1  -javacompliancelevel  5  -srcjavafolder  src/main/java/  -srctestfolder  src/test/java/  -binjavafolder  target/classes/  -bintestfolder  target/test-classes/  -parameters  x:x  -dependencies  /tmp/Cardumen_Defects4J_Math_66/target/classes/:/tmp/Cardumen_Defects4J_Math_66/target/test-classes/:/home/tdurieux/RepairThemAll/script/../benchmarks/defects4j/framework/projects/lib/junit-4.11.jar]
2018-12-28 14:54:21,495 INFO fr.inria.main.evolution.AstorMain - Running Astor on a JDK at /usr/lib/jvm/java-8-openjdk-amd64/jre
[INFO ] fr.inria.main.AbstractMain.determineSourceFolders(AbstractMain.java:842) - Source folders: [/tmp/Cardumen_Defects4J_Math_66/./src/main/java]
[INFO ] fr.inria.main.AbstractMain.determineSourceFolders(AbstractMain.java:861) - Source Test folders: [/tmp/Cardumen_Defects4J_Math_66/./src/test/java]
[INFO ] fr.inria.astor.core.faultlocalization.gzoltar.GZoltarFaultLocalization.calculateSuspicious(GZoltarFaultLocalization.java:75) - -Executing Gzoltar classpath: /tmp/Cardumen_Defects4J_Math_66/./output_astor/AstorMain-Math-66//bin//default from 498 classes with test cases
[INFO ] fr.inria.astor.core.faultlocalization.gzoltar.GZoltarFaultLocalization.searchSuspicious(GZoltarFaultLocalization.java:149) - Gzoltar fault localization: min susp value parameter: 0.1
[INFO ] fr.inria.astor.core.faultlocalization.gzoltar.GZoltarFaultLocalization.searchSuspicious(GZoltarFaultLocalization.java:169) - -gz-Adding classpath: [/tmp/Cardumen_Defects4J_Math_66/target/classes/, /tmp/Cardumen_Defects4J_Math_66/target/test-classes/, /tmp/Cardumen_Defects4J_Math_66/./output_astor/AstorMain-Math-66//bin//default, /home/tdurieux/RepairThemAll/script/../benchmarks/defects4j/framework/projects/lib/junit-4.11.jar]
[INFO ] fr.inria.astor.core.faultlocalization.gzoltar.GZoltarFaultLocalization.searchSuspicious(GZoltarFaultLocalization.java:206) - Test failt: org.apache.commons.math.optimization.MultiStartUnivariateRealOptimizerTest#testQuinticMin
[INFO ] fr.inria.astor.core.faultlocalization.gzoltar.GZoltarFaultLocalization.searchSuspicious(GZoltarFaultLocalization.java:206) - Test failt: org.apache.commons.math.optimization.MultiStartUnivariateRealOptimizerTest#testSinMin
[INFO ] fr.inria.astor.core.faultlocalization.gzoltar.GZoltarFaultLocalization.searchSuspicious(GZoltarFaultLocalization.java:206) - Test failt: org.apache.commons.math.optimization.univariate.BrentOptimizerTest#testQuinticMinStatistics
[INFO ] fr.inria.astor.core.faultlocalization.gzoltar.GZoltarFaultLocalization.searchSuspicious(GZoltarFaultLocalization.java:206) - Test failt: org.apache.commons.math.optimization.univariate.BrentOptimizerTest#testSinMin
[INFO ] fr.inria.astor.core.faultlocalization.gzoltar.GZoltarFaultLocalization.searchSuspicious(GZoltarFaultLocalization.java:218) - Gzoltar Test Result Total:2261, fails: 4, GZoltar suspicious 17065, with positive susp 247
[INFO ] fr.inria.astor.core.faultlocalization.gzoltar.GZoltarFaultLocalization.searchSuspicious(GZoltarFaultLocalization.java:226) - nr test results 2261
[INFO ] fr.inria.astor.core.faultlocalization.gzoltar.GZoltarFaultLocalization.searchSuspicious(GZoltarFaultLocalization.java:271) - Gzoltar found: 199 with susp > 0.1, we consider: 199
[INFO ] fr.inria.astor.core.solutionsearch.AstorCoreEngine.initPopulation(AstorCoreEngine.java:689) - 
---- Creating spoon model
[INFO ] fr.inria.astor.core.solutionsearch.AstorCoreEngine.initModel(AstorCoreEngine.java:781) - Creating model,  Code location from working folder: /tmp/Cardumen_Defects4J_Math_66/./output_astor/AstorMain-Math-66//src//default
[INFO ] fr.inria.astor.core.manipulation.MutationSupporter.buildModel(MutationSupporter.java:65) - building model: /tmp/Cardumen_Defects4J_Math_66/./output_astor/AstorMain-Math-66//src//default, compliance level: 5
[INFO ] fr.inria.astor.core.manipulation.MutationSupporter.buildModel(MutationSupporter.java:78) - Classpath for building SpoonModel [/tmp/Cardumen_Defects4J_Math_66/target/classes/, /tmp/Cardumen_Defects4J_Math_66/target/test-classes/, /home/tdurieux/RepairThemAll/script/../benchmarks/defects4j/framework/projects/lib/junit-4.11.jar]
[INFO ] fr.inria.astor.core.solutionsearch.AstorCoreEngine.initPopulation(AstorCoreEngine.java:693) - 
---- Initial suspicious size: 198
[INFO ] fr.inria.astor.core.solutionsearch.population.ProgramVariantFactory.createModificationPoints(ProgramVariantFactory.java:215) -  Not ctClass for suspicious code Candidate [className=org.apache.commons.math.analysis.QuinticFunction, methodName=org.apache.commons.math.analysis.QuinticFunction{value(D)D 0.0, lineNumber=32, susp=0.25]
[INFO ] fr.inria.astor.core.solutionsearch.population.ProgramVariantFactory.createModificationPoints(ProgramVariantFactory.java:215) -  Not ctClass for suspicious code Candidate [className=org.apache.commons.math.analysis.SinFunction, methodName=org.apache.commons.math.analysis.SinFunction{value(D)D 0.0, lineNumber=37, susp=0.1643989873053573]
[INFO ] fr.inria.astor.core.solutionsearch.population.ProgramVariantFactory.createProgramInstance(ProgramVariantFactory.java:127) - Total suspicious from FL: 198,  203
[INFO ] fr.inria.astor.core.solutionsearch.population.ProgramVariantFactory.createProgramInstance(ProgramVariantFactory.java:136) - Total ModPoint created: 203
[INFO ] fr.inria.astor.core.solutionsearch.population.ProgramVariantFactory.createInitialPopulation(ProgramVariantFactory.java:82) - Creating program variant #1, [Variant id: 1, #gens: 203, #ops: 0, parent:-]
[INFO ] fr.inria.astor.core.solutionsearch.spaces.ingredients.scopes.ExpressionTypeIngredientSpace.defineSpace(ExpressionTypeIngredientSpace.java:121) - Ingredient search space info : number keys 84 , number values 372 
[INFO ] fr.inria.astor.core.setup.ConfigurationProperties.print(ConfigurationProperties.java:66) - ----------------------------
[INFO ] fr.inria.astor.core.setup.ConfigurationProperties.print(ConfigurationProperties.java:67) - ---Configuration properties:---Execution values
[INFO ] fr.inria.astor.core.setup.ConfigurationProperties.print(ConfigurationProperties.java:69) - p:lastJUnitVersion= ./examples/libs/junit-4.11.jar
[INFO ] fr.inria.astor.core.setup.ConfigurationProperties.print(ConfigurationProperties.java:69) - p:alternativecompliancelevel= 4
[INFO ] fr.inria.astor.core.setup.ConfigurationProperties.print(ConfigurationProperties.java:69) - p:ignoredTestCases= 
[INFO ] fr.inria.astor.core.setup.ConfigurationProperties.print(ConfigurationProperties.java:69) - p:workingDirectory= /tmp/Cardumen_Defects4J_Math_66/./output_astor
[INFO ] fr.inria.astor.core.setup.ConfigurationProperties.print(ConfigurationProperties.java:69) - p:manipulatesuper= false
[INFO ] fr.inria.astor.core.setup.ConfigurationProperties.print(ConfigurationProperties.java:69) - p:validation= process
[INFO ] fr.inria.astor.core.setup.ConfigurationProperties.print(ConfigurationProperties.java:69) - p:jvm4testexecution= /home/tdurieux/openjdk-1.7.0/bin/
[INFO ] fr.inria.astor.core.setup.ConfigurationProperties.print(ConfigurationProperties.java:69) - p:operatorspace= r-expression
[INFO ] fr.inria.astor.core.setup.ConfigurationProperties.print(ConfigurationProperties.java:69) - p:disablelog= false
[INFO ] fr.inria.astor.core.setup.ConfigurationProperties.print(ConfigurationProperties.java:69) - p:binjavafolder= target/classes/
[INFO ] fr.inria.astor.core.setup.ConfigurationProperties.print(ConfigurationProperties.java:69) - p:synthesis_depth= 3
[INFO ] fr.inria.astor.core.setup.ConfigurationProperties.print(ConfigurationProperties.java:69) - p:gzoltartestpackagetoexclude= junit.framework
[INFO ] fr.inria.astor.core.setup.ConfigurationProperties.print(ConfigurationProperties.java:69) - p:skipfitnessinitialpopulation= false
[INFO ] fr.inria.astor.core.setup.ConfigurationProperties.print(ConfigurationProperties.java:69) - p:evosuiteresultfolder= evosuite
[INFO ] fr.inria.astor.core.setup.ConfigurationProperties.print(ConfigurationProperties.java:69) - p:flthreshold= 0.1
[INFO ] fr.inria.astor.core.setup.ConfigurationProperties.print(ConfigurationProperties.java:69) - p:regressionforfaultlocalization= true
[INFO ] fr.inria.astor.core.setup.ConfigurationProperties.print(ConfigurationProperties.java:69) - p:collectonlyusedmethod= false
[INFO ] fr.inria.astor.core.setup.ConfigurationProperties.print(ConfigurationProperties.java:69) - p:preservelinenumbers= true
[INFO ] fr.inria.astor.core.setup.ConfigurationProperties.print(ConfigurationProperties.java:69) - p:tmax2= 37020
[INFO ] fr.inria.astor.core.setup.ConfigurationProperties.print(ConfigurationProperties.java:69) - p:ingredienttransformstrategy= name-probability-based
[INFO ] fr.inria.astor.core.setup.ConfigurationProperties.print(ConfigurationProperties.java:69) - p:tmax1= 10000
[INFO ] fr.inria.astor.core.setup.ConfigurationProperties.print(ConfigurationProperties.java:69) - p:probagenmutation= false
[INFO ] fr.inria.astor.core.setup.ConfigurationProperties.print(ConfigurationProperties.java:69) - p:nomodificationconvergence= 100
[INFO ] fr.inria.astor.core.setup.ConfigurationProperties.print(ConfigurationProperties.java:69) - p:targetelementprocessor= expression
[INFO ] fr.inria.astor.core.setup.ConfigurationProperties.print(ConfigurationProperties.java:69) - p:srctestfolder= src/test/java/
[INFO ] fr.inria.astor.core.setup.ConfigurationProperties.print(ConfigurationProperties.java:69) - p:forceExecuteRegression= false
[INFO ] fr.inria.astor.core.setup.ConfigurationProperties.print(ConfigurationProperties.java:69) - p:clusteringfilename= clustering.csv
[INFO ] fr.inria.astor.core.setup.ConfigurationProperties.print(ConfigurationProperties.java:69) - p:failing= org.apache.commons.math.optimization.univariate.BrentOptimizerTest:org.apache.commons.math.optimization.MultiStartUnivariateRealOptimizerTest
[INFO ] fr.inria.astor.core.setup.ConfigurationProperties.print(ConfigurationProperties.java:69) - p:logtestexecution= false
[INFO ] fr.inria.astor.core.setup.ConfigurationProperties.print(ConfigurationProperties.java:69) - p:evo_buggy_class= true
[INFO ] fr.inria.astor.core.setup.ConfigurationProperties.print(ConfigurationProperties.java:69) - p:numberExecutions= 1
[INFO ] fr.inria.astor.core.setup.ConfigurationProperties.print(ConfigurationProperties.java:69) - p:maxnumbersolutions= 1000000
[INFO ] fr.inria.astor.core.setup.ConfigurationProperties.print(ConfigurationProperties.java:69) - p:evo_affected_by_op= true
[INFO ] fr.inria.astor.core.setup.ConfigurationProperties.print(ConfigurationProperties.java:69) - p:population= 1
[INFO ] fr.inria.astor.core.setup.ConfigurationProperties.print(ConfigurationProperties.java:69) - p:considerzerovaluesusp= false
[INFO ] fr.inria.astor.core.setup.ConfigurationProperties.print(ConfigurationProperties.java:69) - p:maxCombinationVariableLimit= false
[INFO ] fr.inria.astor.core.setup.ConfigurationProperties.print(ConfigurationProperties.java:69) - p:loglevel= INFO
[INFO ] fr.inria.astor.core.setup.ConfigurationProperties.print(ConfigurationProperties.java:69) - p:savesolution= true
[INFO ] fr.inria.astor.core.setup.ConfigurationProperties.print(ConfigurationProperties.java:69) - p:javacompliancelevel= 5
[INFO ] fr.inria.astor.core.setup.ConfigurationProperties.print(ConfigurationProperties.java:69) - p:x= x
[INFO ] fr.inria.astor.core.setup.ConfigurationProperties.print(ConfigurationProperties.java:69) - p:uniqueoptogen= false
[INFO ] fr.inria.astor.core.setup.ConfigurationProperties.print(ConfigurationProperties.java:69) - p:gzoltarpackagetonotinstrument= junit.framework
[INFO ] fr.inria.astor.core.setup.ConfigurationProperties.print(ConfigurationProperties.java:69) - p:projectIdentifier= Math-66
[INFO ] fr.inria.astor.core.setup.ConfigurationProperties.print(ConfigurationProperties.java:69) - p:modificationpointnavigation= weight
[INFO ] fr.inria.astor.core.setup.ConfigurationProperties.print(ConfigurationProperties.java:69) - p:stopfirst= true
[INFO ] fr.inria.astor.core.setup.ConfigurationProperties.print(ConfigurationProperties.java:69) - p:multipointmodification= false
[INFO ] fr.inria.astor.core.setup.ConfigurationProperties.print(ConfigurationProperties.java:69) - p:elementsToMutate= 10
[INFO ] fr.inria.astor.core.setup.ConfigurationProperties.print(ConfigurationProperties.java:69) - p:jsonoutputname= astor_output
[INFO ] fr.inria.astor.core.setup.ConfigurationProperties.print(ConfigurationProperties.java:69) - p:evoDSE= false
[INFO ] fr.inria.astor.core.setup.ConfigurationProperties.print(ConfigurationProperties.java:69) - p:bintestfolder= target/test-classes/
[INFO ] fr.inria.astor.core.setup.ConfigurationProperties.print(ConfigurationProperties.java:69) - p:testbystep= false
[INFO ] fr.inria.astor.core.setup.ConfigurationProperties.print(ConfigurationProperties.java:69) - p:version-location= ./math-version/
[INFO ] fr.inria.astor.core.setup.ConfigurationProperties.print(ConfigurationProperties.java:69) - p:reintroduce= PARENTS:ORIGINAL
[INFO ] fr.inria.astor.core.setup.ConfigurationProperties.print(ConfigurationProperties.java:69) - p:executorjar= ./lib/jtestex7.jar
[INFO ] fr.inria.astor.core.setup.ConfigurationProperties.print(ConfigurationProperties.java:69) - p:maxGeneration= 1000000
[INFO ] fr.inria.astor.core.setup.ConfigurationProperties.print(ConfigurationProperties.java:69) - p:max_synthesis_step= 10000
[INFO ] fr.inria.astor.core.setup.ConfigurationProperties.print(ConfigurationProperties.java:69) - p:maxVarCombination= 1000
[INFO ] fr.inria.astor.core.setup.ConfigurationProperties.print(ConfigurationProperties.java:69) - p:maxtime= 120
[INFO ] fr.inria.astor.core.setup.ConfigurationProperties.print(ConfigurationProperties.java:69) - p:evosuitejar= ./lib/evosuite-master-1.0.4-SNAPSHOT.jar
[INFO ] fr.inria.astor.core.setup.ConfigurationProperties.print(ConfigurationProperties.java:69) - p:jvmversion= 1.7.0-u80-unofficial
[INFO ] fr.inria.astor.core.setup.ConfigurationProperties.print(ConfigurationProperties.java:69) - p:commandTrunk= 50000
[INFO ] fr.inria.astor.core.setup.ConfigurationProperties.print(ConfigurationProperties.java:69) - p:faultlocalization= gzoltar
[INFO ] fr.inria.astor.core.setup.ConfigurationProperties.print(ConfigurationProperties.java:69) - p:resetmodel= true
[INFO ] fr.inria.astor.core.setup.ConfigurationProperties.print(ConfigurationProperties.java:69) - p:maxsuspcandidates= 1000
[INFO ] fr.inria.astor.core.setup.ConfigurationProperties.print(ConfigurationProperties.java:69) - p:mode= cardumen
[INFO ] fr.inria.astor.core.setup.ConfigurationProperties.print(ConfigurationProperties.java:69) - p:learningdir= 
[INFO ] fr.inria.astor.core.setup.ConfigurationProperties.print(ConfigurationProperties.java:69) - p:jvm4evosuitetestexecution= /home/tdurieux/openjdk-1.7.0/bin/
[INFO ] fr.inria.astor.core.setup.ConfigurationProperties.print(ConfigurationProperties.java:69) - p:filterfaultlocalization= true
[INFO ] fr.inria.astor.core.setup.ConfigurationProperties.print(ConfigurationProperties.java:69) - p:mutationrate= 1 
[INFO ] fr.inria.astor.core.setup.ConfigurationProperties.print(ConfigurationProperties.java:69) - p:pathToMVNRepository= 
[INFO ] fr.inria.astor.core.setup.ConfigurationProperties.print(ConfigurationProperties.java:69) - p:resourcesfolder= /src/main/resources:/src/test/resources:
[INFO ] fr.inria.astor.core.setup.ConfigurationProperties.print(ConfigurationProperties.java:69) - p:timezone= America/Los_Angeles
[INFO ] fr.inria.astor.core.setup.ConfigurationProperties.print(ConfigurationProperties.java:69) - p:runjava7code= false
[INFO ] fr.inria.astor.core.setup.ConfigurationProperties.print(ConfigurationProperties.java:69) - p:evoRunOnBuggyClass= true
[INFO ] fr.inria.astor.core.setup.ConfigurationProperties.print(ConfigurationProperties.java:69) - p:compiler= fr.inria.astor.core.manipulation.bytecode.compiler.SpoonClassCompiler
[INFO ] fr.inria.astor.core.setup.ConfigurationProperties.print(ConfigurationProperties.java:69) - p:limitbysuspicious= true
[INFO ] fr.inria.astor.core.setup.ConfigurationProperties.print(ConfigurationProperties.java:69) - p:logsattemps= true
[INFO ] fr.inria.astor.core.setup.ConfigurationProperties.print(ConfigurationProperties.java:69) - p:dependenciespath= /tmp/Cardumen_Defects4J_Math_66/target/classes/:/tmp/Cardumen_Defects4J_Math_66/target/test-classes/:/home/tdurieux/RepairThemAll/script/../benchmarks/defects4j/framework/projects/lib/junit-4.11.jar
[INFO ] fr.inria.astor.core.setup.ConfigurationProperties.print(ConfigurationProperties.java:69) - p:logpatternlayout= [%-5p] %l - %m%n
[INFO ] fr.inria.astor.core.setup.ConfigurationProperties.print(ConfigurationProperties.java:69) - p:packageToInstrument= 
[INFO ] fr.inria.astor.core.setup.ConfigurationProperties.print(ConfigurationProperties.java:69) - p:skipfaultlocalization= false
[INFO ] fr.inria.astor.core.setup.ConfigurationProperties.print(ConfigurationProperties.java:69) - p:scope= local
[INFO ] fr.inria.astor.core.setup.ConfigurationProperties.print(ConfigurationProperties.java:69) - p:transformingredient= false
[INFO ] fr.inria.astor.core.setup.ConfigurationProperties.print(ConfigurationProperties.java:69) - p:fitnessfunction= fr.inria.astor.core.solutionsearch.population.TestCaseFitnessFunction
[INFO ] fr.inria.astor.core.setup.ConfigurationProperties.print(ConfigurationProperties.java:69) - p:maxnumvariablesperingredient= 10
[INFO ] fr.inria.astor.core.setup.ConfigurationProperties.print(ConfigurationProperties.java:69) - p:parsesourcefromoriginal= false
[INFO ] fr.inria.astor.core.setup.ConfigurationProperties.print(ConfigurationProperties.java:69) - p:pvariantfoldername= variant-
[INFO ] fr.inria.astor.core.setup.ConfigurationProperties.print(ConfigurationProperties.java:69) - p:savespoonmodelondisk= false
[INFO ] fr.inria.astor.core.setup.ConfigurationProperties.print(ConfigurationProperties.java:69) - p:srcjavafolder= src/main/java/
[INFO ] fr.inria.astor.core.setup.ConfigurationProperties.print(ConfigurationProperties.java:69) - p:populationcontroller= fr.inria.astor.core.solutionsearch.population.TestCaseBasedFitnessPopulationController
[INFO ] fr.inria.astor.core.setup.ConfigurationProperties.print(ConfigurationProperties.java:69) - p:ignoreflakyinfl= false
[INFO ] fr.inria.astor.core.setup.ConfigurationProperties.print(ConfigurationProperties.java:69) - p:cleantemplates= true
[INFO ] fr.inria.astor.core.setup.ConfigurationProperties.print(ConfigurationProperties.java:69) - p:applyCrossover= false
[INFO ] fr.inria.astor.core.setup.ConfigurationProperties.print(ConfigurationProperties.java:69) - p:maxmodificationpoints= 1000
[INFO ] fr.inria.astor.core.setup.ConfigurationProperties.print(ConfigurationProperties.java:69) - p:duplicateingredientsinspace= false
[INFO ] fr.inria.astor.core.setup.ConfigurationProperties.print(ConfigurationProperties.java:69) - p:saveall= false
[INFO ] fr.inria.astor.core.setup.ConfigurationProperties.print(ConfigurationProperties.java:69) - p:seed= 0
[INFO ] fr.inria.astor.core.setup.ConfigurationProperties.print(ConfigurationProperties.java:69) - p:savecompletepatched= true
[INFO ] fr.inria.astor.core.setup.ConfigurationProperties.print(ConfigurationProperties.java:69) - p:resetoperations= false
[INFO ] fr.inria.astor.core.setup.ConfigurationProperties.print(ConfigurationProperties.java:69) - p:processoutputinfile= false
[INFO ] fr.inria.astor.core.setup.ConfigurationProperties.print(ConfigurationProperties.java:69) - p:location= .
[INFO ] fr.inria.astor.core.setup.ConfigurationProperties.print(ConfigurationProperties.java:69) - p:probabilistictransformation= true
[INFO ] fr.inria.astor.core.setup.ConfigurationProperties.print(ConfigurationProperties.java:69) - p:overridemaxtime= true
[INFO ] fr.inria.astor.core.setup.ConfigurationProperties.print(ConfigurationProperties.java:69) - p:ingredientstrategy= name-probability-based
[INFO ] fr.inria.astor.core.setup.ConfigurationProperties.print(ConfigurationProperties.java:69) - p:allpoints= false
[INFO ] fr.inria.astor.core.setup.ConfigurationProperties.print(ConfigurationProperties.java:69) - p:bugId= 280
[INFO ] fr.inria.astor.core.setup.ConfigurationProperties.print(ConfigurationProperties.java:69) - p:evosuitetimeout= 120
[INFO ] fr.inria.astor.core.setup.ConfigurationProperties.print(ConfigurationProperties.java:69) - p:nrPlaceholders= 1
[INFO ] fr.inria.astor.core.setup.ConfigurationProperties.print(ConfigurationProperties.java:69) - p:forcesubprocesskilling= true
[INFO ] fr.inria.astor.core.setup.ConfigurationProperties.print(ConfigurationProperties.java:71) - ----------------------------
[INFO ] fr.inria.astor.core.solutionsearch.EvolutionarySearchEngine.startEvolution(EvolutionarySearchEngine.java:40) - 
----Starting Solution Search
[ERROR] fr.inria.astor.core.entities.StatementOperatorInstance.defineParentInformation(StatementOperatorInstance.java:81) - Parent null or it is not a block
[INFO ] fr.inria.astor.core.validation.processbased.LaucherJUnitProcess.killProcess(LaucherJUnitProcess.java:171) - The Process that runs JUnit test cases did not terminate within waitTime of 10 seconds
[INFO ] fr.inria.astor.core.validation.processbased.LaucherJUnitProcess.killProcess(LaucherJUnitProcess.java:173) - Killed the Process that runs JUnit test cases 5038
[ERROR] fr.inria.astor.core.entities.StatementOperatorInstance.defineParentInformation(StatementOperatorInstance.java:81) - Parent null or it is not a block
[ERROR] fr.inria.astor.core.entities.StatementOperatorInstance.defineParentInformation(StatementOperatorInstance.java:81) - Parent null or it is not a block
[ERROR] fr.inria.astor.core.entities.StatementOperatorInstance.defineParentInformation(StatementOperatorInstance.java:81) - Parent null or it is not a block
[INFO ] fr.inria.astor.core.validation.processbased.LaucherJUnitProcess.killProcess(LaucherJUnitProcess.java:171) - The Process that runs JUnit test cases did not terminate within waitTime of 10 seconds
[INFO ] fr.inria.astor.core.validation.processbased.LaucherJUnitProcess.killProcess(LaucherJUnitProcess.java:173) - Killed the Process that runs JUnit test cases 5285
[ERROR] fr.inria.astor.core.entities.StatementOperatorInstance.defineParentInformation(StatementOperatorInstance.java:81) - Parent null or it is not a block
[ERROR] fr.inria.astor.core.entities.StatementOperatorInstance.defineParentInformation(StatementOperatorInstance.java:81) - Parent null or it is not a block
[INFO ] fr.inria.astor.core.validation.processbased.LaucherJUnitProcess.killProcess(LaucherJUnitProcess.java:171) - The Process that runs JUnit test cases did not terminate within waitTime of 10 seconds
[INFO ] fr.inria.astor.core.validation.processbased.LaucherJUnitProcess.killProcess(LaucherJUnitProcess.java:173) - Killed the Process that runs JUnit test cases 5326
[ERROR] fr.inria.astor.core.entities.StatementOperatorInstance.defineParentInformation(StatementOperatorInstance.java:81) - Parent null or it is not a block
[ERROR] fr.inria.astor.core.entities.StatementOperatorInstance.defineParentInformation(StatementOperatorInstance.java:81) - Parent null or it is not a block
[ERROR] fr.inria.astor.core.entities.StatementOperatorInstance.defineParentInformation(StatementOperatorInstance.java:81) - Parent null or it is not a block
[ERROR] fr.inria.astor.core.entities.StatementOperatorInstance.defineParentInformation(StatementOperatorInstance.java:81) - Parent null or it is not a block
[ERROR] fr.inria.astor.core.entities.StatementOperatorInstance.defineParentInformation(StatementOperatorInstance.java:81) - Parent null or it is not a block
[ERROR] fr.inria.astor.core.entities.StatementOperatorInstance.defineParentInformation(StatementOperatorInstance.java:81) - Parent null or it is not a block
[INFO ] fr.inria.astor.core.validation.processbased.LaucherJUnitProcess.killProcess(LaucherJUnitProcess.java:171) - The Process that runs JUnit test cases did not terminate within waitTime of 10 seconds
[INFO ] fr.inria.astor.core.validation.processbased.LaucherJUnitProcess.killProcess(LaucherJUnitProcess.java:173) - Killed the Process that runs JUnit test cases 5453
[ERROR] fr.inria.astor.core.entities.StatementOperatorInstance.defineParentInformation(StatementOperatorInstance.java:81) - Parent null or it is not a block
[ERROR] fr.inria.astor.core.entities.StatementOperatorInstance.defineParentInformation(StatementOperatorInstance.java:81) - Parent null or it is not a block
[INFO ] fr.inria.astor.core.validation.processbased.LaucherJUnitProcess.killProcess(LaucherJUnitProcess.java:171) - The Process that runs JUnit test cases did not terminate within waitTime of 10 seconds
[INFO ] fr.inria.astor.core.validation.processbased.LaucherJUnitProcess.killProcess(LaucherJUnitProcess.java:173) - Killed the Process that runs JUnit test cases 5494
[ERROR] fr.inria.astor.core.entities.StatementOperatorInstance.defineParentInformation(StatementOperatorInstance.java:81) - Parent null or it is not a block
[ERROR] fr.inria.astor.core.entities.StatementOperatorInstance.defineParentInformation(StatementOperatorInstance.java:81) - Parent null or it is not a block
[ERROR] fr.inria.astor.core.entities.StatementOperatorInstance.defineParentInformation(StatementOperatorInstance.java:81) - Parent null or it is not a block
[ERROR] fr.inria.astor.core.entities.StatementOperatorInstance.defineParentInformation(StatementOperatorInstance.java:81) - Parent null or it is not a block
[INFO ] fr.inria.astor.core.validation.processbased.LaucherJUnitProcess.killProcess(LaucherJUnitProcess.java:171) - The Process that runs JUnit test cases did not terminate within waitTime of 10 seconds
[INFO ] fr.inria.astor.core.validation.processbased.LaucherJUnitProcess.killProcess(LaucherJUnitProcess.java:173) - Killed the Process that runs JUnit test cases 5575
[ERROR] fr.inria.astor.core.entities.StatementOperatorInstance.defineParentInformation(StatementOperatorInstance.java:81) - Parent null or it is not a block
[ERROR] fr.inria.astor.core.entities.StatementOperatorInstance.defineParentInformation(StatementOperatorInstance.java:81) - Parent null or it is not a block
[ERROR] fr.inria.astor.core.entities.StatementOperatorInstance.defineParentInformation(StatementOperatorInstance.java:81) - Parent null or it is not a block
[INFO ] fr.inria.astor.core.validation.processbased.LaucherJUnitProcess.killProcess(LaucherJUnitProcess.java:171) - The Process that runs JUnit test cases did not terminate within waitTime of 10 seconds
[INFO ] fr.inria.astor.core.validation.processbased.LaucherJUnitProcess.killProcess(LaucherJUnitProcess.java:173) - Killed the Process that runs JUnit test cases 5641
[ERROR] fr.inria.astor.core.entities.StatementOperatorInstance.defineParentInformation(StatementOperatorInstance.java:81) - Parent null or it is not a block
[ERROR] fr.inria.astor.core.entities.StatementOperatorInstance.defineParentInformation(StatementOperatorInstance.java:81) - Parent null or it is not a block
[ERROR] fr.inria.astor.core.entities.StatementOperatorInstance.defineParentInformation(StatementOperatorInstance.java:81) - Parent null or it is not a block
[ERROR] fr.inria.astor.core.entities.StatementOperatorInstance.defineParentInformation(StatementOperatorInstance.java:81) - Parent null or it is not a block
[ERROR] fr.inria.astor.core.entities.StatementOperatorInstance.defineParentInformation(StatementOperatorInstance.java:81) - Parent null or it is not a block
[ERROR] fr.inria.astor.core.entities.StatementOperatorInstance.defineParentInformation(StatementOperatorInstance.java:81) - Parent null or it is not a block
[ERROR] fr.inria.astor.core.entities.StatementOperatorInstance.defineParentInformation(StatementOperatorInstance.java:81) - Parent null or it is not a block
[ERROR] fr.inria.astor.core.entities.StatementOperatorInstance.defineParentInformation(StatementOperatorInstance.java:81) - Parent null or it is not a block
[ERROR] fr.inria.astor.core.entities.StatementOperatorInstance.defineParentInformation(StatementOperatorInstance.java:81) - Parent null or it is not a block
[ERROR] fr.inria.astor.core.entities.StatementOperatorInstance.defineParentInformation(StatementOperatorInstance.java:81) - Parent null or it is not a block
[ERROR] fr.inria.astor.core.entities.StatementOperatorInstance.defineParentInformation(StatementOperatorInstance.java:81) - Parent null or it is not a block
[ERROR] fr.inria.astor.core.entities.StatementOperatorInstance.defineParentInformation(StatementOperatorInstance.java:81) - Parent null or it is not a block
[ERROR] fr.inria.astor.core.entities.StatementOperatorInstance.defineParentInformation(StatementOperatorInstance.java:81) - Parent null or it is not a block
[ERROR] fr.inria.astor.core.manipulation.sourcecode.VariableResolver.findAllVarMappingCombination(VariableResolver.java:1085) - Problems when calculating combinations, nr vars 8 teorical combinations: [17210368, 28.0]
[ERROR] fr.inria.astor.core.manipulation.sourcecode.VariableResolver.findAllVarMappingCombination(VariableResolver.java:1087) - java.lang.OutOfMemoryError: GC overhead limit exceeded
[ERROR] fr.inria.astor.core.entities.StatementOperatorInstance.defineParentInformation(StatementOperatorInstance.java:81) - Parent null or it is not a block
[ERROR] fr.inria.astor.core.entities.StatementOperatorInstance.defineParentInformation(StatementOperatorInstance.java:81) - Parent null or it is not a block
[ERROR] fr.inria.astor.core.entities.StatementOperatorInstance.defineParentInformation(StatementOperatorInstance.java:81) - Parent null or it is not a block
[ERROR] fr.inria.astor.core.entities.StatementOperatorInstance.defineParentInformation(StatementOperatorInstance.java:81) - Parent null or it is not a block
[INFO ] fr.inria.astor.core.validation.processbased.LaucherJUnitProcess.killProcess(LaucherJUnitProcess.java:171) - The Process that runs JUnit test cases did not terminate within waitTime of 10 seconds
[INFO ] fr.inria.astor.core.validation.processbased.LaucherJUnitProcess.killProcess(LaucherJUnitProcess.java:173) - Killed the Process that runs JUnit test cases 5998
[ERROR] fr.inria.astor.core.entities.StatementOperatorInstance.defineParentInformation(StatementOperatorInstance.java:81) - Parent null or it is not a block
[ERROR] fr.inria.astor.core.entities.StatementOperatorInstance.defineParentInformation(StatementOperatorInstance.java:81) - Parent null or it is not a block
[ERROR] fr.inria.astor.core.manipulation.sourcecode.VariableResolver.findAllVarMappingCombination(VariableResolver.java:1085) - Problems when calculating combinations, nr vars 6 teorical combinations: [14348907, 27.0]
[ERROR] fr.inria.astor.core.manipulation.sourcecode.VariableResolver.findAllVarMappingCombination(VariableResolver.java:1087) - java.lang.OutOfMemoryError: GC overhead limit exceeded
[ERROR] fr.inria.astor.core.manipulation.sourcecode.VariableResolver.findAllVarMappingCombination(VariableResolver.java:1085) - Problems when calculating combinations, nr vars 11 teorical combinations: [387420489, 27.0]
[ERROR] fr.inria.astor.core.manipulation.sourcecode.VariableResolver.findAllVarMappingCombination(VariableResolver.java:1087) - java.lang.OutOfMemoryError: GC overhead limit exceeded
[ERROR] fr.inria.astor.core.entities.StatementOperatorInstance.defineParentInformation(StatementOperatorInstance.java:81) - Parent null or it is not a block
[ERROR] fr.inria.astor.core.entities.StatementOperatorInstance.defineParentInformation(StatementOperatorInstance.java:81) - Parent null or it is not a block
[INFO ] fr.inria.astor.core.validation.processbased.LaucherJUnitProcess.killProcess(LaucherJUnitProcess.java:171) - The Process that runs JUnit test cases did not terminate within waitTime of 10 seconds
[INFO ] fr.inria.astor.core.validation.processbased.LaucherJUnitProcess.killProcess(LaucherJUnitProcess.java:173) - Killed the Process that runs JUnit test cases 6218
[ERROR] fr.inria.astor.core.entities.StatementOperatorInstance.defineParentInformation(StatementOperatorInstance.java:81) - Parent null or it is not a block
[ERROR] fr.inria.astor.core.entities.StatementOperatorInstance.defineParentInformation(StatementOperatorInstance.java:81) - Parent null or it is not a block
[INFO ] fr.inria.astor.core.validation.processbased.LaucherJUnitProcess.killProcess(LaucherJUnitProcess.java:171) - The Process that runs JUnit test cases did not terminate within waitTime of 10 seconds
[INFO ] fr.inria.astor.core.validation.processbased.LaucherJUnitProcess.killProcess(LaucherJUnitProcess.java:173) - Killed the Process that runs JUnit test cases 6262
[ERROR] fr.inria.astor.core.entities.StatementOperatorInstance.defineParentInformation(StatementOperatorInstance.java:81) - Parent null or it is not a block
[ERROR] fr.inria.astor.approaches.cardumen.ExpressionReplaceOperator.applyChangesInModel(ExpressionReplaceOperator.java:31) - error to modify ++i to (starts) - (starts)
[ERROR] fr.inria.astor.core.entities.StatementOperatorInstance.defineParentInformation(StatementOperatorInstance.java:81) - Parent null or it is not a block
[ERROR] fr.inria.astor.core.entities.StatementOperatorInstance.defineParentInformation(StatementOperatorInstance.java:81) - Parent null or it is not a block
[INFO ] fr.inria.astor.core.validation.processbased.LaucherJUnitProcess.killProcess(LaucherJUnitProcess.java:171) - The Process that runs JUnit test cases did not terminate within waitTime of 10 seconds
[INFO ] fr.inria.astor.core.validation.processbased.LaucherJUnitProcess.killProcess(LaucherJUnitProcess.java:173) - Killed the Process that runs JUnit test cases 6305
[ERROR] fr.inria.astor.core.entities.StatementOperatorInstance.defineParentInformation(StatementOperatorInstance.java:81) - Parent null or it is not a block
[INFO ] fr.inria.astor.core.validation.processbased.LaucherJUnitProcess.killProcess(LaucherJUnitProcess.java:171) - The Process that runs JUnit test cases did not terminate within waitTime of 10 seconds
[INFO ] fr.inria.astor.core.validation.processbased.LaucherJUnitProcess.killProcess(LaucherJUnitProcess.java:173) - Killed the Process that runs JUnit test cases 6328
[ERROR] fr.inria.astor.core.entities.StatementOperatorInstance.defineParentInformation(StatementOperatorInstance.java:81) - Parent null or it is not a block
[INFO ] fr.inria.astor.core.validation.processbased.LaucherJUnitProcess.killProcess(LaucherJUnitProcess.java:171) - The Process that runs JUnit test cases did not terminate within waitTime of 10 seconds
[INFO ] fr.inria.astor.core.validation.processbased.LaucherJUnitProcess.killProcess(LaucherJUnitProcess.java:173) - Killed the Process that runs JUnit test cases 6352
[ERROR] fr.inria.astor.core.entities.StatementOperatorInstance.defineParentInformation(StatementOperatorInstance.java:81) - Parent null or it is not a block
[ERROR] fr.inria.astor.core.entities.StatementOperatorInstance.defineParentInformation(StatementOperatorInstance.java:81) - Parent null or it is not a block
[INFO ] fr.inria.astor.core.validation.processbased.LaucherJUnitProcess.killProcess(LaucherJUnitProcess.java:171) - The Process that runs JUnit test cases did not terminate within waitTime of 10 seconds
[INFO ] fr.inria.astor.core.validation.processbased.LaucherJUnitProcess.killProcess(LaucherJUnitProcess.java:173) - Killed the Process that runs JUnit test cases 6395
[ERROR] fr.inria.astor.core.entities.StatementOperatorInstance.defineParentInformation(StatementOperatorInstance.java:81) - Parent null or it is not a block
[INFO ] fr.inria.astor.core.validation.processbased.LaucherJUnitProcess.killProcess(LaucherJUnitProcess.java:171) - The Process that runs JUnit test cases did not terminate within waitTime of 10 seconds
[INFO ] fr.inria.astor.core.validation.processbased.LaucherJUnitProcess.killProcess(LaucherJUnitProcess.java:173) - Killed the Process that runs JUnit test cases 6418
[ERROR] fr.inria.astor.core.entities.StatementOperatorInstance.defineParentInformation(StatementOperatorInstance.java:81) - Parent null or it is not a block
[INFO ] fr.inria.astor.core.validation.processbased.LaucherJUnitProcess.killProcess(LaucherJUnitProcess.java:171) - The Process that runs JUnit test cases did not terminate within waitTime of 10 seconds
[INFO ] fr.inria.astor.core.validation.processbased.LaucherJUnitProcess.killProcess(LaucherJUnitProcess.java:173) - Killed the Process that runs JUnit test cases 6442
[ERROR] fr.inria.astor.core.entities.StatementOperatorInstance.defineParentInformation(StatementOperatorInstance.java:81) - Parent null or it is not a block
[INFO ] fr.inria.astor.core.validation.processbased.LaucherJUnitProcess.killProcess(LaucherJUnitProcess.java:171) - The Process that runs JUnit test cases did not terminate within waitTime of 10 seconds
[INFO ] fr.inria.astor.core.validation.processbased.LaucherJUnitProcess.killProcess(LaucherJUnitProcess.java:173) - Killed the Process that runs JUnit test cases 6465
[ERROR] fr.inria.astor.core.entities.StatementOperatorInstance.defineParentInformation(StatementOperatorInstance.java:81) - Parent null or it is not a block
[ERROR] fr.inria.astor.core.entities.StatementOperatorInstance.defineParentInformation(StatementOperatorInstance.java:81) - Parent null or it is not a block
[INFO ] fr.inria.astor.core.validation.processbased.LaucherJUnitProcess.killProcess(LaucherJUnitProcess.java:171) - The Process that runs JUnit test cases did not terminate within waitTime of 10 seconds
[INFO ] fr.inria.astor.core.validation.processbased.LaucherJUnitProcess.killProcess(LaucherJUnitProcess.java:173) - Killed the Process that runs JUnit test cases 6488
[ERROR] fr.inria.astor.core.entities.StatementOperatorInstance.defineParentInformation(StatementOperatorInstance.java:81) - Parent null or it is not a block
[INFO ] fr.inria.astor.core.validation.processbased.LaucherJUnitProcess.killProcess(LaucherJUnitProcess.java:171) - The Process that runs JUnit test cases did not terminate within waitTime of 10 seconds
[INFO ] fr.inria.astor.core.validation.processbased.LaucherJUnitProcess.killProcess(LaucherJUnitProcess.java:173) - Killed the Process that runs JUnit test cases 6512
[ERROR] fr.inria.astor.core.entities.StatementOperatorInstance.defineParentInformation(StatementOperatorInstance.java:81) - Parent null or it is not a block
[INFO ] fr.inria.astor.core.validation.processbased.LaucherJUnitProcess.killProcess(LaucherJUnitProcess.java:171) - The Process that runs JUnit test cases did not terminate within waitTime of 10 seconds
[INFO ] fr.inria.astor.core.validation.processbased.LaucherJUnitProcess.killProcess(LaucherJUnitProcess.java:173) - Killed the Process that runs JUnit test cases 6538
[ERROR] fr.inria.astor.core.entities.StatementOperatorInstance.defineParentInformation(StatementOperatorInstance.java:81) - Parent null or it is not a block
[INFO ] fr.inria.astor.core.validation.processbased.LaucherJUnitProcess.killProcess(LaucherJUnitProcess.java:171) - The Process that runs JUnit test cases did not terminate within waitTime of 10 seconds
[INFO ] fr.inria.astor.core.validation.processbased.LaucherJUnitProcess.killProcess(LaucherJUnitProcess.java:173) - Killed the Process that runs JUnit test cases 6562
[ERROR] fr.inria.astor.core.entities.StatementOperatorInstance.defineParentInformation(StatementOperatorInstance.java:81) - Parent null or it is not a block
[INFO ] fr.inria.astor.core.validation.processbased.LaucherJUnitProcess.killProcess(LaucherJUnitProcess.java:171) - The Process that runs JUnit test cases did not terminate within waitTime of 10 seconds
[INFO ] fr.inria.astor.core.validation.processbased.LaucherJUnitProcess.killProcess(LaucherJUnitProcess.java:173) - Killed the Process that runs JUnit test cases 6585
[ERROR] fr.inria.astor.core.entities.StatementOperatorInstance.defineParentInformation(StatementOperatorInstance.java:81) - Parent null or it is not a block
[INFO ] fr.inria.astor.core.validation.processbased.LaucherJUnitProcess.killProcess(LaucherJUnitProcess.java:171) - The Process that runs JUnit test cases did not terminate within waitTime of 10 seconds
[INFO ] fr.inria.astor.core.validation.processbased.LaucherJUnitProcess.killProcess(LaucherJUnitProcess.java:173) - Killed the Process that runs JUnit test cases 6606
[ERROR] fr.inria.astor.core.entities.StatementOperatorInstance.defineParentInformation(StatementOperatorInstance.java:81) - Parent null or it is not a block
[INFO ] fr.inria.astor.core.validation.processbased.LaucherJUnitProcess.killProcess(LaucherJUnitProcess.java:171) - The Process that runs JUnit test cases did not terminate within waitTime of 10 seconds
[INFO ] fr.inria.astor.core.validation.processbased.LaucherJUnitProcess.killProcess(LaucherJUnitProcess.java:173) - Killed the Process that runs JUnit test cases 6630
[ERROR] fr.inria.astor.core.entities.StatementOperatorInstance.defineParentInformation(StatementOperatorInstance.java:81) - Parent null or it is not a block
[INFO ] fr.inria.astor.core.validation.processbased.LaucherJUnitProcess.killProcess(LaucherJUnitProcess.java:171) - The Process that runs JUnit test cases did not terminate within waitTime of 10 seconds
[INFO ] fr.inria.astor.core.validation.processbased.LaucherJUnitProcess.killProcess(LaucherJUnitProcess.java:173) - Killed the Process that runs JUnit test cases 6653
[ERROR] fr.inria.astor.core.entities.StatementOperatorInstance.defineParentInformation(StatementOperatorInstance.java:81) - Parent null or it is not a block
[ERROR] fr.inria.astor.core.entities.StatementOperatorInstance.defineParentInformation(StatementOperatorInstance.java:81) - Parent null or it is not a block
[INFO ] fr.inria.astor.core.validation.processbased.LaucherJUnitProcess.killProcess(LaucherJUnitProcess.java:171) - The Process that runs JUnit test cases did not terminate within waitTime of 10 seconds
[INFO ] fr.inria.astor.core.validation.processbased.LaucherJUnitProcess.killProcess(LaucherJUnitProcess.java:173) - Killed the Process that runs JUnit test cases 6676
[ERROR] fr.inria.astor.core.entities.StatementOperatorInstance.defineParentInformation(StatementOperatorInstance.java:81) - Parent null or it is not a block
[INFO ] fr.inria.astor.core.validation.processbased.LaucherJUnitProcess.killProcess(LaucherJUnitProcess.java:171) - The Process that runs JUnit test cases did not terminate within waitTime of 10 seconds
[INFO ] fr.inria.astor.core.validation.processbased.LaucherJUnitProcess.killProcess(LaucherJUnitProcess.java:173) - Killed the Process that runs JUnit test cases 6702
[ERROR] fr.inria.astor.core.entities.StatementOperatorInstance.defineParentInformation(StatementOperatorInstance.java:81) - Parent null or it is not a block
[INFO ] fr.inria.astor.core.validation.processbased.LaucherJUnitProcess.killProcess(LaucherJUnitProcess.java:171) - The Process that runs JUnit test cases did not terminate within waitTime of 10 seconds
[INFO ] fr.inria.astor.core.validation.processbased.LaucherJUnitProcess.killProcess(LaucherJUnitProcess.java:173) - Killed the Process that runs JUnit test cases 6725
[ERROR] fr.inria.astor.core.entities.StatementOperatorInstance.defineParentInformation(StatementOperatorInstance.java:81) - Parent null or it is not a block
[INFO ] fr.inria.astor.core.validation.processbased.LaucherJUnitProcess.killProcess(LaucherJUnitProcess.java:171) - The Process that runs JUnit test cases did not terminate within waitTime of 10 seconds
[INFO ] fr.inria.astor.core.validation.processbased.LaucherJUnitProcess.killProcess(LaucherJUnitProcess.java:173) - Killed the Process that runs JUnit test cases 6748
[ERROR] fr.inria.astor.core.entities.StatementOperatorInstance.defineParentInformation(StatementOperatorInstance.java:81) - Parent null or it is not a block
[INFO ] fr.inria.astor.core.validation.processbased.LaucherJUnitProcess.killProcess(LaucherJUnitProcess.java:171) - The Process that runs JUnit test cases did not terminate within waitTime of 10 seconds
[INFO ] fr.inria.astor.core.validation.processbased.LaucherJUnitProcess.killProcess(LaucherJUnitProcess.java:173) - Killed the Process that runs JUnit test cases 6770
[ERROR] fr.inria.astor.core.entities.StatementOperatorInstance.defineParentInformation(StatementOperatorInstance.java:81) - Parent null or it is not a block
[ERROR] fr.inria.astor.approaches.cardumen.ExpressionReplaceOperator.applyChangesInModel(ExpressionReplaceOperator.java:31) - error to modify ++j to (starts) - 1
[ERROR] fr.inria.astor.core.entities.StatementOperatorInstance.defineParentInformation(StatementOperatorInstance.java:81) - Parent null or it is not a block
[INFO ] fr.inria.astor.core.validation.processbased.LaucherJUnitProcess.killProcess(LaucherJUnitProcess.java:171) - The Process that runs JUnit test cases did not terminate within waitTime of 10 seconds
[INFO ] fr.inria.astor.core.validation.processbased.LaucherJUnitProcess.killProcess(LaucherJUnitProcess.java:173) - Killed the Process that runs JUnit test cases 6793
[ERROR] fr.inria.astor.core.entities.StatementOperatorInstance.defineParentInformation(StatementOperatorInstance.java:81) - Parent null or it is not a block
[INFO ] fr.inria.astor.core.validation.processbased.LaucherJUnitProcess.killProcess(LaucherJUnitProcess.java:171) - The Process that runs JUnit test cases did not terminate within waitTime of 10 seconds
[INFO ] fr.inria.astor.core.validation.processbased.LaucherJUnitProcess.killProcess(LaucherJUnitProcess.java:173) - Killed the Process that runs JUnit test cases 6817
[ERROR] fr.inria.astor.core.entities.StatementOperatorInstance.defineParentInformation(StatementOperatorInstance.java:81) - Parent null or it is not a block
[INFO ] fr.inria.astor.core.validation.processbased.LaucherJUnitProcess.killProcess(LaucherJUnitProcess.java:171) - The Process that runs JUnit test cases did not terminate within waitTime of 10 seconds
[INFO ] fr.inria.astor.core.validation.processbased.LaucherJUnitProcess.killProcess(LaucherJUnitProcess.java:173) - Killed the Process that runs JUnit test cases 6840
[INFO ] fr.inria.astor.core.validation.processbased.LaucherJUnitProcess.killProcess(LaucherJUnitProcess.java:171) - The Process that runs JUnit test cases did not terminate within waitTime of 10 seconds
[INFO ] fr.inria.astor.core.validation.processbased.LaucherJUnitProcess.killProcess(LaucherJUnitProcess.java:173) - Killed the Process that runs JUnit test cases 6865
[ERROR] fr.inria.astor.core.entities.StatementOperatorInstance.defineParentInformation(StatementOperatorInstance.java:81) - Parent null or it is not a block
[INFO ] fr.inria.astor.core.validation.processbased.LaucherJUnitProcess.killProcess(LaucherJUnitProcess.java:171) - The Process that runs JUnit test cases did not terminate within waitTime of 10 seconds
[INFO ] fr.inria.astor.core.validation.processbased.LaucherJUnitProcess.killProcess(LaucherJUnitProcess.java:173) - Killed the Process that runs JUnit test cases 6889
[ERROR] fr.inria.astor.core.entities.StatementOperatorInstance.defineParentInformation(StatementOperatorInstance.java:81) - Parent null or it is not a block
[ERROR] fr.inria.astor.core.entities.StatementOperatorInstance.defineParentInformation(StatementOperatorInstance.java:81) - Parent null or it is not a block
[INFO ] fr.inria.astor.core.validation.processbased.LaucherJUnitProcess.killProcess(LaucherJUnitProcess.java:171) - The Process that runs JUnit test cases did not terminate within waitTime of 10 seconds
[INFO ] fr.inria.astor.core.validation.processbased.LaucherJUnitProcess.killProcess(LaucherJUnitProcess.java:173) - Killed the Process that runs JUnit test cases 6952
[ERROR] fr.inria.astor.core.entities.StatementOperatorInstance.defineParentInformation(StatementOperatorInstance.java:81) - Parent null or it is not a block
[INFO ] fr.inria.astor.core.validation.processbased.LaucherJUnitProcess.killProcess(LaucherJUnitProcess.java:171) - The Process that runs JUnit test cases did not terminate within waitTime of 10 seconds
[INFO ] fr.inria.astor.core.validation.processbased.LaucherJUnitProcess.killProcess(LaucherJUnitProcess.java:173) - Killed the Process that runs JUnit test cases 6975
[ERROR] fr.inria.astor.core.entities.StatementOperatorInstance.defineParentInformation(StatementOperatorInstance.java:81) - Parent null or it is not a block
[INFO ] fr.inria.astor.core.validation.processbased.LaucherJUnitProcess.killProcess(LaucherJUnitProcess.java:171) - The Process that runs JUnit test cases did not terminate within waitTime of 10 seconds
[INFO ] fr.inria.astor.core.validation.processbased.LaucherJUnitProcess.killProcess(LaucherJUnitProcess.java:173) - Killed the Process that runs JUnit test cases 7000
[ERROR] fr.inria.astor.core.entities.StatementOperatorInstance.defineParentInformation(StatementOperatorInstance.java:81) - Parent null or it is not a block
[INFO ] fr.inria.astor.core.validation.processbased.LaucherJUnitProcess.killProcess(LaucherJUnitProcess.java:171) - The Process that runs JUnit test cases did not terminate within waitTime of 10 seconds
[INFO ] fr.inria.astor.core.validation.processbased.LaucherJUnitProcess.killProcess(LaucherJUnitProcess.java:173) - Killed the Process that runs JUnit test cases 7023
[INFO ] fr.inria.astor.core.validation.processbased.LaucherJUnitProcess.killProcess(LaucherJUnitProcess.java:171) - The Process that runs JUnit test cases did not terminate within waitTime of 10 seconds
[INFO ] fr.inria.astor.core.validation.processbased.LaucherJUnitProcess.killProcess(LaucherJUnitProcess.java:173) - Killed the Process that runs JUnit test cases 7046
[ERROR] fr.inria.astor.core.entities.StatementOperatorInstance.defineParentInformation(StatementOperatorInstance.java:81) - Parent null or it is not a block
[INFO ] fr.inria.astor.core.validation.processbased.LaucherJUnitProcess.killProcess(LaucherJUnitProcess.java:171) - The Process that runs JUnit test cases did not terminate within waitTime of 10 seconds
[INFO ] fr.inria.astor.core.validation.processbased.LaucherJUnitProcess.killProcess(LaucherJUnitProcess.java:173) - Killed the Process that runs JUnit test cases 7110
[ERROR] fr.inria.astor.core.entities.StatementOperatorInstance.defineParentInformation(StatementOperatorInstance.java:81) - Parent null or it is not a block
[INFO ] fr.inria.astor.core.validation.processbased.LaucherJUnitProcess.killProcess(LaucherJUnitProcess.java:171) - The Process that runs JUnit test cases did not terminate within waitTime of 10 seconds
[INFO ] fr.inria.astor.core.validation.processbased.LaucherJUnitProcess.killProcess(LaucherJUnitProcess.java:173) - Killed the Process that runs JUnit test cases 7133
[ERROR] fr.inria.astor.core.entities.StatementOperatorInstance.defineParentInformation(StatementOperatorInstance.java:81) - Parent null or it is not a block
[INFO ] fr.inria.astor.core.validation.processbased.LaucherJUnitProcess.killProcess(LaucherJUnitProcess.java:171) - The Process that runs JUnit test cases did not terminate within waitTime of 10 seconds
[INFO ] fr.inria.astor.core.validation.processbased.LaucherJUnitProcess.killProcess(LaucherJUnitProcess.java:173) - Killed the Process that runs JUnit test cases 7157
[ERROR] fr.inria.astor.core.entities.StatementOperatorInstance.defineParentInformation(StatementOperatorInstance.java:81) - Parent null or it is not a block
[INFO ] fr.inria.astor.core.validation.processbased.LaucherJUnitProcess.killProcess(LaucherJUnitProcess.java:171) - The Process that runs JUnit test cases did not terminate within waitTime of 10 seconds
[INFO ] fr.inria.astor.core.validation.processbased.LaucherJUnitProcess.killProcess(LaucherJUnitProcess.java:173) - Killed the Process that runs JUnit test cases 7180
[ERROR] fr.inria.astor.core.entities.StatementOperatorInstance.defineParentInformation(StatementOperatorInstance.java:81) - Parent null or it is not a block
[INFO ] fr.inria.astor.core.validation.processbased.LaucherJUnitProcess.killProcess(LaucherJUnitProcess.java:171) - The Process that runs JUnit test cases did not terminate within waitTime of 10 seconds
[INFO ] fr.inria.astor.core.validation.processbased.LaucherJUnitProcess.killProcess(LaucherJUnitProcess.java:173) - Killed the Process that runs JUnit test cases 7203
[ERROR] fr.inria.astor.core.entities.StatementOperatorInstance.defineParentInformation(StatementOperatorInstance.java:81) - Parent null or it is not a block
[INFO ] fr.inria.astor.core.validation.processbased.LaucherJUnitProcess.killProcess(LaucherJUnitProcess.java:171) - The Process that runs JUnit test cases did not terminate within waitTime of 10 seconds
[INFO ] fr.inria.astor.core.validation.processbased.LaucherJUnitProcess.killProcess(LaucherJUnitProcess.java:173) - Killed the Process that runs JUnit test cases 7227
[ERROR] fr.inria.astor.core.entities.StatementOperatorInstance.defineParentInformation(StatementOperatorInstance.java:81) - Parent null or it is not a block
[INFO ] fr.inria.astor.core.validation.processbased.LaucherJUnitProcess.killProcess(LaucherJUnitProcess.java:171) - The Process that runs JUnit test cases did not terminate within waitTime of 10 seconds
[INFO ] fr.inria.astor.core.validation.processbased.LaucherJUnitProcess.killProcess(LaucherJUnitProcess.java:173) - Killed the Process that runs JUnit test cases 7250
[ERROR] fr.inria.astor.core.entities.StatementOperatorInstance.defineParentInformation(StatementOperatorInstance.java:81) - Parent null or it is not a block
[INFO ] fr.inria.astor.core.validation.processbased.LaucherJUnitProcess.killProcess(LaucherJUnitProcess.java:171) - The Process that runs JUnit test cases did not terminate within waitTime of 10 seconds
[INFO ] fr.inria.astor.core.validation.processbased.LaucherJUnitProcess.killProcess(LaucherJUnitProcess.java:173) - Killed the Process that runs JUnit test cases 7274
[INFO ] fr.inria.astor.core.validation.processbased.LaucherJUnitProcess.killProcess(LaucherJUnitProcess.java:171) - The Process that runs JUnit test cases did not terminate within waitTime of 10 seconds
[INFO ] fr.inria.astor.core.validation.processbased.LaucherJUnitProcess.killProcess(LaucherJUnitProcess.java:173) - Killed the Process that runs JUnit test cases 7297
[ERROR] fr.inria.astor.core.entities.StatementOperatorInstance.defineParentInformation(StatementOperatorInstance.java:81) - Parent null or it is not a block
[INFO ] fr.inria.astor.core.validation.processbased.LaucherJUnitProcess.killProcess(LaucherJUnitProcess.java:171) - The Process that runs JUnit test cases did not terminate within waitTime of 10 seconds
[INFO ] fr.inria.astor.core.validation.processbased.LaucherJUnitProcess.killProcess(LaucherJUnitProcess.java:173) - Killed the Process that runs JUnit test cases 7320
[ERROR] fr.inria.astor.core.entities.StatementOperatorInstance.defineParentInformation(StatementOperatorInstance.java:81) - Parent null or it is not a block
[INFO ] fr.inria.astor.core.validation.processbased.LaucherJUnitProcess.killProcess(LaucherJUnitProcess.java:171) - The Process that runs JUnit test cases did not terminate within waitTime of 10 seconds
[INFO ] fr.inria.astor.core.validation.processbased.LaucherJUnitProcess.killProcess(LaucherJUnitProcess.java:173) - Killed the Process that runs JUnit test cases 7344
[ERROR] fr.inria.astor.core.entities.StatementOperatorInstance.defineParentInformation(StatementOperatorInstance.java:81) - Parent null or it is not a block
[ERROR] fr.inria.astor.core.entities.StatementOperatorInstance.defineParentInformation(StatementOperatorInstance.java:81) - Parent null or it is not a block
[INFO ] fr.inria.astor.core.validation.processbased.LaucherJUnitProcess.killProcess(LaucherJUnitProcess.java:171) - The Process that runs JUnit test cases did not terminate within waitTime of 10 seconds
[INFO ] fr.inria.astor.core.validation.processbased.LaucherJUnitProcess.killProcess(LaucherJUnitProcess.java:173) - Killed the Process that runs JUnit test cases 7385
[ERROR] fr.inria.astor.core.entities.StatementOperatorInstance.defineParentInformation(StatementOperatorInstance.java:81) - Parent null or it is not a block
[INFO ] fr.inria.astor.core.validation.processbased.LaucherJUnitProcess.killProcess(LaucherJUnitProcess.java:171) - The Process that runs JUnit test cases did not terminate within waitTime of 10 seconds
[INFO ] fr.inria.astor.core.validation.processbased.LaucherJUnitProcess.killProcess(LaucherJUnitProcess.java:173) - Killed the Process that runs JUnit test cases 7410
[ERROR] fr.inria.astor.core.entities.StatementOperatorInstance.defineParentInformation(StatementOperatorInstance.java:81) - Parent null or it is not a block
[INFO ] fr.inria.astor.core.validation.processbased.LaucherJUnitProcess.killProcess(LaucherJUnitProcess.java:171) - The Process that runs JUnit test cases did not terminate within waitTime of 10 seconds
[INFO ] fr.inria.astor.core.validation.processbased.LaucherJUnitProcess.killProcess(LaucherJUnitProcess.java:173) - Killed the Process that runs JUnit test cases 7434
[ERROR] fr.inria.astor.core.entities.StatementOperatorInstance.defineParentInformation(StatementOperatorInstance.java:81) - Parent null or it is not a block
[INFO ] fr.inria.astor.core.validation.processbased.LaucherJUnitProcess.killProcess(LaucherJUnitProcess.java:171) - The Process that runs JUnit test cases did not terminate within waitTime of 10 seconds
[INFO ] fr.inria.astor.core.validation.processbased.LaucherJUnitProcess.killProcess(LaucherJUnitProcess.java:173) - Killed the Process that runs JUnit test cases 7457
[ERROR] fr.inria.astor.core.entities.StatementOperatorInstance.defineParentInformation(StatementOperatorInstance.java:81) - Parent null or it is not a block
[INFO ] fr.inria.astor.core.validation.processbased.LaucherJUnitProcess.killProcess(LaucherJUnitProcess.java:171) - The Process that runs JUnit test cases did not terminate within waitTime of 10 seconds
[INFO ] fr.inria.astor.core.validation.processbased.LaucherJUnitProcess.killProcess(LaucherJUnitProcess.java:173) - Killed the Process that runs JUnit test cases 7480
[ERROR] fr.inria.astor.core.entities.StatementOperatorInstance.defineParentInformation(StatementOperatorInstance.java:81) - Parent null or it is not a block
[INFO ] fr.inria.astor.core.validation.processbased.LaucherJUnitProcess.killProcess(LaucherJUnitProcess.java:171) - The Process that runs JUnit test cases did not terminate within waitTime of 10 seconds
[INFO ] fr.inria.astor.core.validation.processbased.LaucherJUnitProcess.killProcess(LaucherJUnitProcess.java:173) - Killed the Process that runs JUnit test cases 7504
[ERROR] fr.inria.astor.core.entities.StatementOperatorInstance.defineParentInformation(StatementOperatorInstance.java:81) - Parent null or it is not a block
[INFO ] fr.inria.astor.core.validation.processbased.LaucherJUnitProcess.killProcess(LaucherJUnitProcess.java:171) - The Process that runs JUnit test cases did not terminate within waitTime of 10 seconds
[INFO ] fr.inria.astor.core.validation.processbased.LaucherJUnitProcess.killProcess(LaucherJUnitProcess.java:173) - Killed the Process that runs JUnit test cases 7527
[INFO ] fr.inria.astor.core.validation.processbased.LaucherJUnitProcess.killProcess(LaucherJUnitProcess.java:171) - The Process that runs JUnit test cases did not terminate within waitTime of 10 seconds
[INFO ] fr.inria.astor.core.validation.processbased.LaucherJUnitProcess.killProcess(LaucherJUnitProcess.java:173) - Killed the Process that runs JUnit test cases 7550
[ERROR] fr.inria.astor.core.entities.StatementOperatorInstance.defineParentInformation(StatementOperatorInstance.java:81) - Parent null or it is not a block
[INFO ] fr.inria.astor.core.validation.processbased.LaucherJUnitProcess.killProcess(LaucherJUnitProcess.java:171) - The Process that runs JUnit test cases did not terminate within waitTime of 10 seconds
[INFO ] fr.inria.astor.core.validation.processbased.LaucherJUnitProcess.killProcess(LaucherJUnitProcess.java:173) - Killed the Process that runs JUnit test cases 7574
[ERROR] fr.inria.astor.core.entities.StatementOperatorInstance.defineParentInformation(StatementOperatorInstance.java:81) - Parent null or it is not a block
[INFO ] fr.inria.astor.core.validation.processbased.LaucherJUnitProcess.killProcess(LaucherJUnitProcess.java:171) - The Process that runs JUnit test cases did not terminate within waitTime of 10 seconds
[INFO ] fr.inria.astor.core.validation.processbased.LaucherJUnitProcess.killProcess(LaucherJUnitProcess.java:173) - Killed the Process that runs JUnit test cases 7595
[ERROR] fr.inria.astor.core.entities.StatementOperatorInstance.defineParentInformation(StatementOperatorInstance.java:81) - Parent null or it is not a block
[INFO ] fr.inria.astor.core.validation.processbased.LaucherJUnitProcess.killProcess(LaucherJUnitProcess.java:171) - The Process that runs JUnit test cases did not terminate within waitTime of 10 seconds
[INFO ] fr.inria.astor.core.validation.processbased.LaucherJUnitProcess.killProcess(LaucherJUnitProcess.java:173) - Killed the Process that runs JUnit test cases 7619
[ERROR] fr.inria.astor.core.entities.StatementOperatorInstance.defineParentInformation(StatementOperatorInstance.java:81) - Parent null or it is not a block
[ERROR] fr.inria.astor.core.entities.StatementOperatorInstance.defineParentInformation(StatementOperatorInstance.java:81) - Parent null or it is not a block
[INFO ] fr.inria.astor.core.validation.processbased.LaucherJUnitProcess.killProcess(LaucherJUnitProcess.java:171) - The Process that runs JUnit test cases did not terminate within waitTime of 10 seconds
[INFO ] fr.inria.astor.core.validation.processbased.LaucherJUnitProcess.killProcess(LaucherJUnitProcess.java:173) - Killed the Process that runs JUnit test cases 7662
[ERROR] fr.inria.astor.core.entities.StatementOperatorInstance.defineParentInformation(StatementOperatorInstance.java:81) - Parent null or it is not a block
[INFO ] fr.inria.astor.core.validation.processbased.LaucherJUnitProcess.killProcess(LaucherJUnitProcess.java:171) - The Process that runs JUnit test cases did not terminate within waitTime of 10 seconds
[INFO ] fr.inria.astor.core.validation.processbased.LaucherJUnitProcess.killProcess(LaucherJUnitProcess.java:173) - Killed the Process that runs JUnit test cases 7685
[ERROR] fr.inria.astor.core.entities.StatementOperatorInstance.defineParentInformation(StatementOperatorInstance.java:81) - Parent null or it is not a block
[INFO ] fr.inria.astor.core.validation.processbased.LaucherJUnitProcess.killProcess(LaucherJUnitProcess.java:171) - The Process that runs JUnit test cases did not terminate within waitTime of 10 seconds
[INFO ] fr.inria.astor.core.validation.processbased.LaucherJUnitProcess.killProcess(LaucherJUnitProcess.java:173) - Killed the Process that runs JUnit test cases 7711
[INFO ] fr.inria.astor.core.validation.processbased.LaucherJUnitProcess.killProcess(LaucherJUnitProcess.java:171) - The Process that runs JUnit test cases did not terminate within waitTime of 10 seconds
[INFO ] fr.inria.astor.core.validation.processbased.LaucherJUnitProcess.killProcess(LaucherJUnitProcess.java:173) - Killed the Process that runs JUnit test cases 7734
[ERROR] fr.inria.astor.core.entities.StatementOperatorInstance.defineParentInformation(StatementOperatorInstance.java:81) - Parent null or it is not a block
[INFO ] fr.inria.astor.core.validation.processbased.LaucherJUnitProcess.killProcess(LaucherJUnitProcess.java:171) - The Process that runs JUnit test cases did not terminate within waitTime of 10 seconds
[INFO ] fr.inria.astor.core.validation.processbased.LaucherJUnitProcess.killProcess(LaucherJUnitProcess.java:173) - Killed the Process that runs JUnit test cases 7760
[ERROR] fr.inria.astor.core.entities.StatementOperatorInstance.defineParentInformation(StatementOperatorInstance.java:81) - Parent null or it is not a block
[INFO ] fr.inria.astor.core.validation.processbased.LaucherJUnitProcess.killProcess(LaucherJUnitProcess.java:171) - The Process that runs JUnit test cases did not terminate within waitTime of 10 seconds
[INFO ] fr.inria.astor.core.validation.processbased.LaucherJUnitProcess.killProcess(LaucherJUnitProcess.java:173) - Killed the Process that runs JUnit test cases 7784
[ERROR] fr.inria.astor.core.entities.StatementOperatorInstance.defineParentInformation(StatementOperatorInstance.java:81) - Parent null or it is not a block
[INFO ] fr.inria.astor.core.validation.processbased.LaucherJUnitProcess.killProcess(LaucherJUnitProcess.java:171) - The Process that runs JUnit test cases did not terminate within waitTime of 10 seconds
[INFO ] fr.inria.astor.core.validation.processbased.LaucherJUnitProcess.killProcess(LaucherJUnitProcess.java:173) - Killed the Process that runs JUnit test cases 7807
[ERROR] fr.inria.astor.core.entities.StatementOperatorInstance.defineParentInformation(StatementOperatorInstance.java:81) - Parent null or it is not a block
[INFO ] fr.inria.astor.core.validation.processbased.LaucherJUnitProcess.killProcess(LaucherJUnitProcess.java:171) - The Process that runs JUnit test cases did not terminate within waitTime of 10 seconds
[INFO ] fr.inria.astor.core.validation.processbased.LaucherJUnitProcess.killProcess(LaucherJUnitProcess.java:173) - Killed the Process that runs JUnit test cases 7831
[ERROR] fr.inria.astor.core.entities.StatementOperatorInstance.defineParentInformation(StatementOperatorInstance.java:81) - Parent null or it is not a block
[INFO ] fr.inria.astor.core.validation.processbased.LaucherJUnitProcess.killProcess(LaucherJUnitProcess.java:171) - The Process that runs JUnit test cases did not terminate within waitTime of 10 seconds
[INFO ] fr.inria.astor.core.validation.processbased.LaucherJUnitProcess.killProcess(LaucherJUnitProcess.java:173) - Killed the Process that runs JUnit test cases 7854
[ERROR] fr.inria.astor.core.entities.StatementOperatorInstance.defineParentInformation(StatementOperatorInstance.java:81) - Parent null or it is not a block
[INFO ] fr.inria.astor.core.validation.processbased.LaucherJUnitProcess.killProcess(LaucherJUnitProcess.java:171) - The Process that runs JUnit test cases did not terminate within waitTime of 10 seconds
[INFO ] fr.inria.astor.core.validation.processbased.LaucherJUnitProcess.killProcess(LaucherJUnitProcess.java:173) - Killed the Process that runs JUnit test cases 7877
[ERROR] fr.inria.astor.core.entities.StatementOperatorInstance.defineParentInformation(StatementOperatorInstance.java:81) - Parent null or it is not a block
[INFO ] fr.inria.astor.core.validation.processbased.LaucherJUnitProcess.killProcess(LaucherJUnitProcess.java:171) - The Process that runs JUnit test cases did not terminate within waitTime of 10 seconds
[INFO ] fr.inria.astor.core.validation.processbased.LaucherJUnitProcess.killProcess(LaucherJUnitProcess.java:173) - Killed the Process that runs JUnit test cases 7901
[ERROR] fr.inria.astor.core.entities.StatementOperatorInstance.defineParentInformation(StatementOperatorInstance.java:81) - Parent null or it is not a block
[INFO ] fr.inria.astor.core.validation.processbased.LaucherJUnitProcess.killProcess(LaucherJUnitProcess.java:171) - The Process that runs JUnit test cases did not terminate within waitTime of 10 seconds
[INFO ] fr.inria.astor.core.validation.processbased.LaucherJUnitProcess.killProcess(LaucherJUnitProcess.java:173) - Killed the Process that runs JUnit test cases 7924
[ERROR] fr.inria.astor.core.entities.StatementOperatorInstance.defineParentInformation(StatementOperatorInstance.java:81) - Parent null or it is not a block
[INFO ] fr.inria.astor.core.validation.processbased.LaucherJUnitProcess.killProcess(LaucherJUnitProcess.java:171) - The Process that runs JUnit test cases did not terminate within waitTime of 10 seconds
[INFO ] fr.inria.astor.core.validation.processbased.LaucherJUnitProcess.killProcess(LaucherJUnitProcess.java:173) - Killed the Process that runs JUnit test cases 7947
[ERROR] fr.inria.astor.core.entities.StatementOperatorInstance.defineParentInformation(StatementOperatorInstance.java:81) - Parent null or it is not a block
[INFO ] fr.inria.astor.core.validation.processbased.LaucherJUnitProcess.killProcess(LaucherJUnitProcess.java:171) - The Process that runs JUnit test cases did not terminate within waitTime of 10 seconds
[INFO ] fr.inria.astor.core.validation.processbased.LaucherJUnitProcess.killProcess(LaucherJUnitProcess.java:173) - Killed the Process that runs JUnit test cases 7971
[ERROR] fr.inria.astor.core.entities.StatementOperatorInstance.defineParentInformation(StatementOperatorInstance.java:81) - Parent null or it is not a block
[INFO ] fr.inria.astor.core.validation.processbased.LaucherJUnitProcess.killProcess(LaucherJUnitProcess.java:171) - The Process that runs JUnit test cases did not terminate within waitTime of 10 seconds
[INFO ] fr.inria.astor.core.validation.processbased.LaucherJUnitProcess.killProcess(LaucherJUnitProcess.java:173) - Killed the Process that runs JUnit test cases 7994
[ERROR] fr.inria.astor.core.manipulation.sourcecode.VariableResolver.findAllVarMappingCombination(VariableResolver.java:1085) - Problems when calculating combinations, nr vars 11 teorical combinations: [481890304, 28.0]
[ERROR] fr.inria.astor.core.manipulation.sourcecode.VariableResolver.findAllVarMappingCombination(VariableResolver.java:1087) - java.lang.OutOfMemoryError: GC overhead limit exceeded
[ERROR] fr.inria.astor.core.manipulation.sourcecode.VariableResolver.findAllVarMappingCombination(VariableResolver.java:1085) - Problems when calculating combinations, nr vars 5 teorical combinations: [17210368, 28.0]
[ERROR] fr.inria.astor.core.manipulation.sourcecode.VariableResolver.findAllVarMappingCombination(VariableResolver.java:1087) - java.lang.OutOfMemoryError: GC overhead limit exceeded
[ERROR] fr.inria.astor.core.entities.StatementOperatorInstance.defineParentInformation(StatementOperatorInstance.java:81) - Parent null or it is not a block
[INFO ] fr.inria.astor.core.validation.processbased.LaucherJUnitProcess.killProcess(LaucherJUnitProcess.java:171) - The Process that runs JUnit test cases did not terminate within waitTime of 10 seconds
[INFO ] fr.inria.astor.core.validation.processbased.LaucherJUnitProcess.killProcess(LaucherJUnitProcess.java:173) - Killed the Process that runs JUnit test cases 8107
Command exited with non-zero status 143
13668.37user 24.83system 43:32.92elapsed 524%CPU (0avgtext+0avgdata 4613728maxresident)k
96464inputs+46480outputs (30major+2679485minor)pagefaults 0swaps


Node: suno-1.sophia.grid5000.fr



Date: Fri Dec 28 15:37:53 EST 2018

