cd /tmp/DynaMoth_QuixBugs_LONGEST_COMMON_SUBSEQUENCE_;
export JAVA_TOOL_OPTIONS="-Dfile.encoding=UTF8 -Duser.language=en-US -Duser.country=US -Duser.language=en";
TZ="America/New_York"; export TZ;
export PATH="/usr/lib/jvm/java-1.8.0-openjdk-amd64/bin/:$PATH";
export JAVA_HOME="/usr/lib/jvm/java-1.8.0-openjdk-amd64/bin/";
time java -Xmx4g -Xms1g -cp /home/tdurieux/defects4j4repair/script/../repair_tools/nopol.jar:/usr/lib/jvm/java-1.8.0-openjdk-amd64/bin//../lib/tools.jar fr.inria.lille.repair.Main \
	--mode repair \
	--type pre_then_cond \
	--oracle angelic \
	--synthesis dynamoth \
	--flocal gzoltar \
	--json \
	--solver z3 \
	--solver-path /home/tdurieux/defects4j4repair/script/../libs/z3/build/z3 \
	--complianceLevel 8 \
	--source src/main/java \
	--classpath "target/classes:target/test-classes:/home/tdurieux/.m2/repository/junit/junit/4.11/junit-4.11.jar:/home/tdurieux/.m2/repository/org/hamcrest/hamcrest-core/1.3/hamcrest-core-1.3.jar:/home/tdurieux/defects4j4repair/script/../repair_tools/nopol.jar";
	echo "\n\nNode: `hostname`\n";
	echo "\n\nDate: `date`\n";
Picked up JAVA_TOOL_OPTIONS: -Dfile.encoding=UTF8 -Duser.language=en-US -Duser.country=US -Duser.language=en
12:03:32.671 [main] INFO  fr.inria.lille.repair.nopol.NoPol - Source files: [src/main/java]
12:03:32.680 [main] INFO  fr.inria.lille.repair.nopol.NoPol - Classpath: [file:/tmp/DynaMoth_QuixBugs_LONGEST_COMMON_SUBSEQUENCE_/target/classes/, file:/tmp/DynaMoth_QuixBugs_LONGEST_COMMON_SUBSEQUENCE_/target/test-classes/, file:/home/tdurieux/.m2/repository/junit/junit/4.11/junit-4.11.jar, file:/home/tdurieux/.m2/repository/org/hamcrest/hamcrest-core/1.3/hamcrest-core-1.3.jar, file:/home/tdurieux/defects4j4repair/script/../repair_tools/nopol.jar]
12:03:32.680 [main] INFO  fr.inria.lille.repair.nopol.NoPol - Statement type: PRE_THEN_COND
12:03:32.680 [main] INFO  fr.inria.lille.repair.nopol.NoPol - Args: [java_testcases.junit.LONGEST_COMMON_SUBSEQUENCE_Test]
12:03:32.681 [main] INFO  fr.inria.lille.repair.nopol.NoPol - Config: Config{synthesisDepth=3, collectStaticMethods=true, collectStaticFields=false, collectLiterals=false, onlyOneSynthesisResult=true, sortExpressions=true, maxLineInvocationPerTest=250, timeoutMethodInvocation=2000, dataCollectionTimeoutInSecondForSynthesis=900, addWeight=0.19478, subWeight=0.04554, mulWeight=0.0102, divWeight=0.00613, andWeight=0.10597, orWeight=0.05708, eqWeight=0.22798, nEqWeight=0.0, lessEqWeight=0.0255, lessWeight=0.0947, methodCallWeight=0.1, fieldAccessWeight=0.08099, constantWeight=0.14232, variableWeight=0.05195, mode=REPAIR, type=PRE_THEN_COND, synthesis=DYNAMOTH, oracle=ANGELIC, solver=Z3, solverPath='/home/tdurieux/defects4j4repair/script/../libs/z3/build/z3', projectSources=[src/main/java], projectClasspath='[Ljava.net.URL;@2ff4f00f', projectTests=[java_testcases.junit.LONGEST_COMMON_SUBSEQUENCE_Test], complianceLevel=8, outputFolder=., json=true}
12:03:32.681 [main] INFO  fr.inria.lille.repair.nopol.NoPol - Available processors (cores): 32
12:03:32.685 [main] INFO  fr.inria.lille.repair.nopol.NoPol - Free memory: 940 MB
12:03:32.685 [main] INFO  fr.inria.lille.repair.nopol.NoPol - Maximum memory: 3 GB
12:03:32.685 [main] INFO  fr.inria.lille.repair.nopol.NoPol - Total memory available to JVM: 981 MB
12:03:32.686 [main] INFO  fr.inria.lille.repair.nopol.NoPol - Java version: 1.8.0_181
12:03:32.686 [main] INFO  fr.inria.lille.repair.nopol.NoPol - JAVA_HOME: /usr/lib/jvm/java-1.8.0-openjdk-amd64/bin/
12:03:32.687 [main] INFO  fr.inria.lille.repair.nopol.NoPol - PATH: /usr/lib/jvm/java-1.8.0-openjdk-amd64/bin/:/usr/lib/oar/oardodo:/usr/lib/oar/oardodo:/usr/local/bin:/usr/bin:/bin:/usr/games
12:03:35.066 [pool-2-thread-1] DEBUG fr.inria.lille.repair.nopol.NoPol - statement #1
12:03:35.066 [pool-2-thread-1] DEBUG fr.inria.lille.repair.nopol.NoPol - Analysing SourceLocation java_testcases.junit.QuixFixOracleHelper:39 which is executed by 9 tests
12:03:35.066 [pool-2-thread-1] DEBUG fr.inria.lille.repair.nopol.NoPol - cannot spoon SourceLocation java_testcases.junit.QuixFixOracleHelper:39
12:03:35.067 [pool-2-thread-1] DEBUG fr.inria.lille.repair.nopol.NoPol - statement #2
12:03:35.067 [pool-2-thread-1] DEBUG fr.inria.lille.repair.nopol.NoPol - Analysing SourceLocation java_programs.LONGEST_COMMON_SUBSEQUENCE:22 which is executed by 10 tests
-358319485
12:03:35.236 [pool-2-thread-1] DEBUG fr.inria.lille.repair.nopol.NoPol - looking with class fr.inria.lille.repair.nopol.spoon.smt.ConditionalAdder
org.junit.ComparisonFailure: expected:<t[s]itest> but was:<t[i]itest>
    at org.junit.Assert.assertEquals(Assert.java:115)
    at org.junit.Assert.assertEquals(Assert.java:144)
    at java_testcases.junit.LONGEST_COMMON_SUBSEQUENCE_Test.test_3(LONGEST_COMMON_SUBSEQUENCE_Test.java:30)
    at sun.reflect.NativeMethodAccessorImpl.invoke0(Native Method)
    at sun.reflect.NativeMethodAccessorImpl.invoke(NativeMethodAccessorImpl.java:62)
    at sun.reflect.DelegatingMethodAccessorImpl.invoke(DelegatingMethodAccessorImpl.java:43)
org.junit.ComparisonFailure: expected:<b[cba]> but was:<b[bdab]>
    at org.junit.Assert.assertEquals(Assert.java:115)
    at org.junit.Assert.assertEquals(Assert.java:144)
    at java_testcases.junit.LONGEST_COMMON_SUBSEQUENCE_Test.test_5(LONGEST_COMMON_SUBSEQUENCE_Test.java:44)
    at sun.reflect.NativeMethodAccessorImpl.invoke0(Native Method)
    at sun.reflect.NativeMethodAccessorImpl.invoke(NativeMethodAccessorImpl.java:62)
    at sun.reflect.DelegatingMethodAccessorImpl.invoke(DelegatingMethodAccessorImpl.java:43)
org.junit.ComparisonFailure: expected:<TAAG[]> but was:<TAAG[C]>
    at org.junit.Assert.assertEquals(Assert.java:115)
    at org.junit.Assert.assertEquals(Assert.java:144)
    at java_testcases.junit.LONGEST_COMMON_SUBSEQUENCE_Test.test_6(LONGEST_COMMON_SUBSEQUENCE_Test.java:51)
    at sun.reflect.NativeMethodAccessorImpl.invoke0(Native Method)
    at sun.reflect.NativeMethodAccessorImpl.invoke(NativeMethodAccessorImpl.java:62)
    at sun.reflect.DelegatingMethodAccessorImpl.invoke(DelegatingMethodAccessorImpl.java:43)
org.junit.ComparisonFailure: expected:<B[CBA]> but was:<B[BDAB]>
    at org.junit.Assert.assertEquals(Assert.java:115)
    at org.junit.Assert.assertEquals(Assert.java:144)
    at java_testcases.junit.LONGEST_COMMON_SUBSEQUENCE_Test.test_7(LONGEST_COMMON_SUBSEQUENCE_Test.java:58)
    at sun.reflect.NativeMethodAccessorImpl.invoke0(Native Method)
    at sun.reflect.NativeMethodAccessorImpl.invoke(NativeMethodAccessorImpl.java:62)
    at sun.reflect.DelegatingMethodAccessorImpl.invoke(DelegatingMethodAccessorImpl.java:43)
org.junit.ComparisonFailure: expected:<t[s]itest> but was:<t[i]itest>
    at org.junit.Assert.assertEquals(Assert.java:115)
    at org.junit.Assert.assertEquals(Assert.java:144)
    at java_testcases.junit.LONGEST_COMMON_SUBSEQUENCE_Test.test_3(LONGEST_COMMON_SUBSEQUENCE_Test.java:30)
    at sun.reflect.NativeMethodAccessorImpl.invoke0(Native Method)
    at sun.reflect.NativeMethodAccessorImpl.invoke(NativeMethodAccessorImpl.java:62)
    at sun.reflect.DelegatingMethodAccessorImpl.invoke(DelegatingMethodAccessorImpl.java:43)
org.junit.ComparisonFailure: expected:<b[cba]> but was:<b[bdab]>
    at org.junit.Assert.assertEquals(Assert.java:115)
    at org.junit.Assert.assertEquals(Assert.java:144)
    at java_testcases.junit.LONGEST_COMMON_SUBSEQUENCE_Test.test_5(LONGEST_COMMON_SUBSEQUENCE_Test.java:44)
    at sun.reflect.NativeMethodAccessorImpl.invoke0(Native Method)
    at sun.reflect.NativeMethodAccessorImpl.invoke(NativeMethodAccessorImpl.java:62)
    at sun.reflect.DelegatingMethodAccessorImpl.invoke(DelegatingMethodAccessorImpl.java:43)
org.junit.ComparisonFailure: expected:<TAAG[]> but was:<TAAG[C]>
    at org.junit.Assert.assertEquals(Assert.java:115)
    at org.junit.Assert.assertEquals(Assert.java:144)
    at java_testcases.junit.LONGEST_COMMON_SUBSEQUENCE_Test.test_6(LONGEST_COMMON_SUBSEQUENCE_Test.java:51)
    at sun.reflect.NativeMethodAccessorImpl.invoke0(Native Method)
    at sun.reflect.NativeMethodAccessorImpl.invoke(NativeMethodAccessorImpl.java:62)
    at sun.reflect.DelegatingMethodAccessorImpl.invoke(DelegatingMethodAccessorImpl.java:43)
org.junit.ComparisonFailure: expected:<B[CBA]> but was:<B[BDAB]>
    at org.junit.Assert.assertEquals(Assert.java:115)
    at org.junit.Assert.assertEquals(Assert.java:144)
    at java_testcases.junit.LONGEST_COMMON_SUBSEQUENCE_Test.test_7(LONGEST_COMMON_SUBSEQUENCE_Test.java:58)
    at sun.reflect.NativeMethodAccessorImpl.invoke0(Native Method)
    at sun.reflect.NativeMethodAccessorImpl.invoke(NativeMethodAccessorImpl.java:62)
    at sun.reflect.DelegatingMethodAccessorImpl.invoke(DelegatingMethodAccessorImpl.java:43)
org.junit.ComparisonFailure: expected:<t[s]itest> but was:<t[i]itest>
    at org.junit.Assert.assertEquals(Assert.java:115)
    at org.junit.Assert.assertEquals(Assert.java:144)
    at java_testcases.junit.LONGEST_COMMON_SUBSEQUENCE_Test.test_3(LONGEST_COMMON_SUBSEQUENCE_Test.java:30)
    at sun.reflect.NativeMethodAccessorImpl.invoke0(Native Method)
    at sun.reflect.NativeMethodAccessorImpl.invoke(NativeMethodAccessorImpl.java:62)
    at sun.reflect.DelegatingMethodAccessorImpl.invoke(DelegatingMethodAccessorImpl.java:43)
org.junit.ComparisonFailure: expected:<b[cba]> but was:<b[bdab]>
    at org.junit.Assert.assertEquals(Assert.java:115)
    at org.junit.Assert.assertEquals(Assert.java:144)
    at java_testcases.junit.LONGEST_COMMON_SUBSEQUENCE_Test.test_5(LONGEST_COMMON_SUBSEQUENCE_Test.java:44)
    at sun.reflect.NativeMethodAccessorImpl.invoke0(Native Method)
    at sun.reflect.NativeMethodAccessorImpl.invoke(NativeMethodAccessorImpl.java:62)
    at sun.reflect.DelegatingMethodAccessorImpl.invoke(DelegatingMethodAccessorImpl.java:43)
org.junit.ComparisonFailure: expected:<TAAG[]> but was:<TAAG[C]>
    at org.junit.Assert.assertEquals(Assert.java:115)
    at org.junit.Assert.assertEquals(Assert.java:144)
    at java_testcases.junit.LONGEST_COMMON_SUBSEQUENCE_Test.test_6(LONGEST_COMMON_SUBSEQUENCE_Test.java:51)
    at sun.reflect.NativeMethodAccessorImpl.invoke0(Native Method)
    at sun.reflect.NativeMethodAccessorImpl.invoke(NativeMethodAccessorImpl.java:62)
    at sun.reflect.DelegatingMethodAccessorImpl.invoke(DelegatingMethodAccessorImpl.java:43)
org.junit.ComparisonFailure: expected:<B[CBA]> but was:<B[BDAB]>
    at org.junit.Assert.assertEquals(Assert.java:115)
    at org.junit.Assert.assertEquals(Assert.java:144)
    at java_testcases.junit.LONGEST_COMMON_SUBSEQUENCE_Test.test_7(LONGEST_COMMON_SUBSEQUENCE_Test.java:58)
    at sun.reflect.NativeMethodAccessorImpl.invoke0(Native Method)
    at sun.reflect.NativeMethodAccessorImpl.invoke(NativeMethodAccessorImpl.java:62)
    at sun.reflect.DelegatingMethodAccessorImpl.invoke(DelegatingMethodAccessorImpl.java:43)
org.junit.ComparisonFailure: expected:<t[s]itest> but was:<t[i]itest>
    at org.junit.Assert.assertEquals(Assert.java:115)
    at org.junit.Assert.assertEquals(Assert.java:144)
    at java_testcases.junit.LONGEST_COMMON_SUBSEQUENCE_Test.test_3(LONGEST_COMMON_SUBSEQUENCE_Test.java:30)
    at sun.reflect.NativeMethodAccessorImpl.invoke0(Native Method)
    at sun.reflect.NativeMethodAccessorImpl.invoke(NativeMethodAccessorImpl.java:62)
    at sun.reflect.DelegatingMethodAccessorImpl.invoke(DelegatingMethodAccessorImpl.java:43)
org.junit.ComparisonFailure: expected:<b[cba]> but was:<b[bdab]>
    at org.junit.Assert.assertEquals(Assert.java:115)
    at org.junit.Assert.assertEquals(Assert.java:144)
    at java_testcases.junit.LONGEST_COMMON_SUBSEQUENCE_Test.test_5(LONGEST_COMMON_SUBSEQUENCE_Test.java:44)
    at sun.reflect.NativeMethodAccessorImpl.invoke0(Native Method)
    at sun.reflect.NativeMethodAccessorImpl.invoke(NativeMethodAccessorImpl.java:62)
    at sun.reflect.DelegatingMethodAccessorImpl.invoke(DelegatingMethodAccessorImpl.java:43)
org.junit.ComparisonFailure: expected:<TAAG[]> but was:<TAAG[C]>
    at org.junit.Assert.assertEquals(Assert.java:115)
    at org.junit.Assert.assertEquals(Assert.java:144)
    at java_testcases.junit.LONGEST_COMMON_SUBSEQUENCE_Test.test_6(LONGEST_COMMON_SUBSEQUENCE_Test.java:51)
    at sun.reflect.NativeMethodAccessorImpl.invoke0(Native Method)
    at sun.reflect.NativeMethodAccessorImpl.invoke(NativeMethodAccessorImpl.java:62)
    at sun.reflect.DelegatingMethodAccessorImpl.invoke(DelegatingMethodAccessorImpl.java:43)
org.junit.ComparisonFailure: expected:<B[CBA]> but was:<B[BDAB]>
    at org.junit.Assert.assertEquals(Assert.java:115)
    at org.junit.Assert.assertEquals(Assert.java:144)
    at java_testcases.junit.LONGEST_COMMON_SUBSEQUENCE_Test.test_7(LONGEST_COMMON_SUBSEQUENCE_Test.java:58)
    at sun.reflect.NativeMethodAccessorImpl.invoke0(Native Method)
    at sun.reflect.NativeMethodAccessorImpl.invoke(NativeMethodAccessorImpl.java:62)
    at sun.reflect.DelegatingMethodAccessorImpl.invoke(DelegatingMethodAccessorImpl.java:43)
12:03:35.456 [pool-4-thread-1] INFO  xxl.java.junit.TestCasesListener - Tests run finished (198 ms)
<> Total tests run: 40
<> Ignored tests: 0
<> Failed tests: 16
~ test_3(java_testcases.junit.LONGEST_COMMON_SUBSEQUENCE_Test)
[expected:<t[s]itest> but was:<t[i]itest>]
org.junit.ComparisonFailure: expected:<t[s]itest> but was:<t[i]itest>    at org.junit.Assert.assertEquals(Assert.java:115)
    at org.junit.Assert.assertEquals(Assert.java:144)
    at java_testcases.junit.LONGEST_COMMON_SUBSEQUENCE_Test.test_3(LONGEST_COMMON_SUBSEQUENCE_Test.java:30)
    at sun.reflect.NativeMethodAccessorImpl.invoke0(Native Method)
    at sun.reflect.NativeMethodAccessorImpl.invoke(NativeMethodAccessorImpl.java:62)
    at sun.reflect.DelegatingMethodAccessorImpl.invoke(DelegatingMethodAccessorImpl.java:43)
~ test_5(java_testcases.junit.LONGEST_COMMON_SUBSEQUENCE_Test)
[expected:<b[cba]> but was:<b[bdab]>]
org.junit.ComparisonFailure: expected:<b[cba]> but was:<b[bdab]>    at org.junit.Assert.assertEquals(Assert.java:115)
    at org.junit.Assert.assertEquals(Assert.java:144)
    at java_testcases.junit.LONGEST_COMMON_SUBSEQUENCE_Test.test_5(LONGEST_COMMON_SUBSEQUENCE_Test.java:44)
    at sun.reflect.NativeMethodAccessorImpl.invoke0(Native Method)
    at sun.reflect.NativeMethodAccessorImpl.invoke(NativeMethodAccessorImpl.java:62)
    at sun.reflect.DelegatingMethodAccessorImpl.invoke(DelegatingMethodAccessorImpl.java:43)
~ test_6(java_testcases.junit.LONGEST_COMMON_SUBSEQUENCE_Test)
[expected:<TAAG[]> but was:<TAAG[C]>]
org.junit.ComparisonFailure: expected:<TAAG[]> but was:<TAAG[C]>    at org.junit.Assert.assertEquals(Assert.java:115)
    at org.junit.Assert.assertEquals(Assert.java:144)
    at java_testcases.junit.LONGEST_COMMON_SUBSEQUENCE_Test.test_6(LONGEST_COMMON_SUBSEQUENCE_Test.java:51)
    at sun.reflect.NativeMethodAccessorImpl.invoke0(Native Method)
    at sun.reflect.NativeMethodAccessorImpl.invoke(NativeMethodAccessorImpl.java:62)
    at sun.reflect.DelegatingMethodAccessorImpl.invoke(DelegatingMethodAccessorImpl.java:43)
~ test_7(java_testcases.junit.LONGEST_COMMON_SUBSEQUENCE_Test)
[expected:<B[CBA]> but was:<B[BDAB]>]
org.junit.ComparisonFailure: expected:<B[CBA]> but was:<B[BDAB]>    at org.junit.Assert.assertEquals(Assert.java:115)
    at org.junit.Assert.assertEquals(Assert.java:144)
    at java_testcases.junit.LONGEST_COMMON_SUBSEQUENCE_Test.test_7(LONGEST_COMMON_SUBSEQUENCE_Test.java:58)
    at sun.reflect.NativeMethodAccessorImpl.invoke0(Native Method)
    at sun.reflect.NativeMethodAccessorImpl.invoke(NativeMethodAccessorImpl.java:62)
    at sun.reflect.DelegatingMethodAccessorImpl.invoke(DelegatingMethodAccessorImpl.java:43)
~ test_3(java_testcases.junit.LONGEST_COMMON_SUBSEQUENCE_Test)
[expected:<t[s]itest> but was:<t[i]itest>]
org.junit.ComparisonFailure: expected:<t[s]itest> but was:<t[i]itest>    at org.junit.Assert.assertEquals(Assert.java:115)
    at org.junit.Assert.assertEquals(Assert.java:144)
    at java_testcases.junit.LONGEST_COMMON_SUBSEQUENCE_Test.test_3(LONGEST_COMMON_SUBSEQUENCE_Test.java:30)
    at sun.reflect.NativeMethodAccessorImpl.invoke0(Native Method)
    at sun.reflect.NativeMethodAccessorImpl.invoke(NativeMethodAccessorImpl.java:62)
    at sun.reflect.DelegatingMethodAccessorImpl.invoke(DelegatingMethodAccessorImpl.java:43)
~ test_5(java_testcases.junit.LONGEST_COMMON_SUBSEQUENCE_Test)
[expected:<b[cba]> but was:<b[bdab]>]
org.junit.ComparisonFailure: expected:<b[cba]> but was:<b[bdab]>    at org.junit.Assert.assertEquals(Assert.java:115)
    at org.junit.Assert.assertEquals(Assert.java:144)
    at java_testcases.junit.LONGEST_COMMON_SUBSEQUENCE_Test.test_5(LONGEST_COMMON_SUBSEQUENCE_Test.java:44)
    at sun.reflect.NativeMethodAccessorImpl.invoke0(Native Method)
    at sun.reflect.NativeMethodAccessorImpl.invoke(NativeMethodAccessorImpl.java:62)
    at sun.reflect.DelegatingMethodAccessorImpl.invoke(DelegatingMethodAccessorImpl.java:43)
~ test_6(java_testcases.junit.LONGEST_COMMON_SUBSEQUENCE_Test)
[expected:<TAAG[]> but was:<TAAG[C]>]
org.junit.ComparisonFailure: expected:<TAAG[]> but was:<TAAG[C]>    at org.junit.Assert.assertEquals(Assert.java:115)
    at org.junit.Assert.assertEquals(Assert.java:144)
    at java_testcases.junit.LONGEST_COMMON_SUBSEQUENCE_Test.test_6(LONGEST_COMMON_SUBSEQUENCE_Test.java:51)
    at sun.reflect.NativeMethodAccessorImpl.invoke0(Native Method)
    at sun.reflect.NativeMethodAccessorImpl.invoke(NativeMethodAccessorImpl.java:62)
    at sun.reflect.DelegatingMethodAccessorImpl.invoke(DelegatingMethodAccessorImpl.java:43)
~ test_7(java_testcases.junit.LONGEST_COMMON_SUBSEQUENCE_Test)
[expected:<B[CBA]> but was:<B[BDAB]>]
org.junit.ComparisonFailure: expected:<B[CBA]> but was:<B[BDAB]>    at org.junit.Assert.assertEquals(Assert.java:115)
    at org.junit.Assert.assertEquals(Assert.java:144)
    at java_testcases.junit.LONGEST_COMMON_SUBSEQUENCE_Test.test_7(LONGEST_COMMON_SUBSEQUENCE_Test.java:58)
    at sun.reflect.NativeMethodAccessorImpl.invoke0(Native Method)
    at sun.reflect.NativeMethodAccessorImpl.invoke(NativeMethodAccessorImpl.java:62)
    at sun.reflect.DelegatingMethodAccessorImpl.invoke(DelegatingMethodAccessorImpl.java:43)
~ test_3(java_testcases.junit.LONGEST_COMMON_SUBSEQUENCE_Test)
[expected:<t[s]itest> but was:<t[i]itest>]
org.junit.ComparisonFailure: expected:<t[s]itest> but was:<t[i]itest>    at org.junit.Assert.assertEquals(Assert.java:115)
    at org.junit.Assert.assertEquals(Assert.java:144)
    at java_testcases.junit.LONGEST_COMMON_SUBSEQUENCE_Test.test_3(LONGEST_COMMON_SUBSEQUENCE_Test.java:30)
    at sun.reflect.NativeMethodAccessorImpl.invoke0(Native Method)
    at sun.reflect.NativeMethodAccessorImpl.invoke(NativeMethodAccessorImpl.java:62)
    at sun.reflect.DelegatingMethodAccessorImpl.invoke(DelegatingMethodAccessorImpl.java:43)
~ test_5(java_testcases.junit.LONGEST_COMMON_SUBSEQUENCE_Test)
[expected:<b[cba]> but was:<b[bdab]>]
org.junit.ComparisonFailure: expected:<b[cba]> but was:<b[bdab]>    at org.junit.Assert.assertEquals(Assert.java:115)
    at org.junit.Assert.assertEquals(Assert.java:144)
    at java_testcases.junit.LONGEST_COMMON_SUBSEQUENCE_Test.test_5(LONGEST_COMMON_SUBSEQUENCE_Test.java:44)
    at sun.reflect.NativeMethodAccessorImpl.invoke0(Native Method)
    at sun.reflect.NativeMethodAccessorImpl.invoke(NativeMethodAccessorImpl.java:62)
    at sun.reflect.DelegatingMethodAccessorImpl.invoke(DelegatingMethodAccessorImpl.java:43)
~ test_6(java_testcases.junit.LONGEST_COMMON_SUBSEQUENCE_Test)
[expected:<TAAG[]> but was:<TAAG[C]>]
org.junit.ComparisonFailure: expected:<TAAG[]> but was:<TAAG[C]>    at org.junit.Assert.assertEquals(Assert.java:115)
    at org.junit.Assert.assertEquals(Assert.java:144)
    at java_testcases.junit.LONGEST_COMMON_SUBSEQUENCE_Test.test_6(LONGEST_COMMON_SUBSEQUENCE_Test.java:51)
    at sun.reflect.NativeMethodAccessorImpl.invoke0(Native Method)
    at sun.reflect.NativeMethodAccessorImpl.invoke(NativeMethodAccessorImpl.java:62)
    at sun.reflect.DelegatingMethodAccessorImpl.invoke(DelegatingMethodAccessorImpl.java:43)
~ test_7(java_testcases.junit.LONGEST_COMMON_SUBSEQUENCE_Test)
[expected:<B[CBA]> but was:<B[BDAB]>]
org.junit.ComparisonFailure: expected:<B[CBA]> but was:<B[BDAB]>    at org.junit.Assert.assertEquals(Assert.java:115)
    at org.junit.Assert.assertEquals(Assert.java:144)
    at java_testcases.junit.LONGEST_COMMON_SUBSEQUENCE_Test.test_7(LONGEST_COMMON_SUBSEQUENCE_Test.java:58)
    at sun.reflect.NativeMethodAccessorImpl.invoke0(Native Method)
    at sun.reflect.NativeMethodAccessorImpl.invoke(NativeMethodAccessorImpl.java:62)
    at sun.reflect.DelegatingMethodAccessorImpl.invoke(DelegatingMethodAccessorImpl.java:43)
~ test_3(java_testcases.junit.LONGEST_COMMON_SUBSEQUENCE_Test)
[expected:<t[s]itest> but was:<t[i]itest>]
org.junit.ComparisonFailure: expected:<t[s]itest> but was:<t[i]itest>    at org.junit.Assert.assertEquals(Assert.java:115)
    at org.junit.Assert.assertEquals(Assert.java:144)
    at java_testcases.junit.LONGEST_COMMON_SUBSEQUENCE_Test.test_3(LONGEST_COMMON_SUBSEQUENCE_Test.java:30)
    at sun.reflect.NativeMethodAccessorImpl.invoke0(Native Method)
    at sun.reflect.NativeMethodAccessorImpl.invoke(NativeMethodAccessorImpl.java:62)
    at sun.reflect.DelegatingMethodAccessorImpl.invoke(DelegatingMethodAccessorImpl.java:43)
~ test_5(java_testcases.junit.LONGEST_COMMON_SUBSEQUENCE_Test)
[expected:<b[cba]> but was:<b[bdab]>]
org.junit.ComparisonFailure: expected:<b[cba]> but was:<b[bdab]>    at org.junit.Assert.assertEquals(Assert.java:115)
    at org.junit.Assert.assertEquals(Assert.java:144)
    at java_testcases.junit.LONGEST_COMMON_SUBSEQUENCE_Test.test_5(LONGEST_COMMON_SUBSEQUENCE_Test.java:44)
    at sun.reflect.NativeMethodAccessorImpl.invoke0(Native Method)
    at sun.reflect.NativeMethodAccessorImpl.invoke(NativeMethodAccessorImpl.java:62)
    at sun.reflect.DelegatingMethodAccessorImpl.invoke(DelegatingMethodAccessorImpl.java:43)
~ test_6(java_testcases.junit.LONGEST_COMMON_SUBSEQUENCE_Test)
[expected:<TAAG[]> but was:<TAAG[C]>]
org.junit.ComparisonFailure: expected:<TAAG[]> but was:<TAAG[C]>    at org.junit.Assert.assertEquals(Assert.java:115)
    at org.junit.Assert.assertEquals(Assert.java:144)
    at java_testcases.junit.LONGEST_COMMON_SUBSEQUENCE_Test.test_6(LONGEST_COMMON_SUBSEQUENCE_Test.java:51)
    at sun.reflect.NativeMethodAccessorImpl.invoke0(Native Method)
    at sun.reflect.NativeMethodAccessorImpl.invoke(NativeMethodAccessorImpl.java:62)
    at sun.reflect.DelegatingMethodAccessorImpl.invoke(DelegatingMethodAccessorImpl.java:43)
~ test_7(java_testcases.junit.LONGEST_COMMON_SUBSEQUENCE_Test)
[expected:<B[CBA]> but was:<B[BDAB]>]
org.junit.ComparisonFailure: expected:<B[CBA]> but was:<B[BDAB]>    at org.junit.Assert.assertEquals(Assert.java:115)
    at org.junit.Assert.assertEquals(Assert.java:144)
    at java_testcases.junit.LONGEST_COMMON_SUBSEQUENCE_Test.test_7(LONGEST_COMMON_SUBSEQUENCE_Test.java:58)
    at sun.reflect.NativeMethodAccessorImpl.invoke0(Native Method)
    at sun.reflect.NativeMethodAccessorImpl.invoke(NativeMethodAccessorImpl.java:62)
    at sun.reflect.DelegatingMethodAccessorImpl.invoke(DelegatingMethodAccessorImpl.java:43)

12:03:35.784 [pool-3-thread-1] ERROR x.java.compiler.DynamicClassCompiler - [Compilation errors]
LONGEST_COMMON_SUBSEQUENCE.java:23: error: missing return statement
    }
    ^
xxl.java.compiler.DynamicCompilationException: Aborting: dynamic compilation failed
	at xxl.java.compiler.DynamicClassCompiler.runCompilationTask(DynamicClassCompiler.java:99)
	at xxl.java.compiler.DynamicClassCompiler.javaBytecodeFor(DynamicClassCompiler.java:67)
	at fr.inria.lille.commons.spoon.SpoonedFile.compilationFor(SpoonedFile.java:203)
	at fr.inria.lille.commons.spoon.SpoonedFile.compileModelledClasses(SpoonedFile.java:177)
	at fr.inria.lille.commons.spoon.SpoonedFile.dumpedToClassLoader(SpoonedFile.java:130)
	at fr.inria.lille.commons.spoon.SpoonedFile.processedAndDumpedToClassLoader(SpoonedFile.java:140)
	at fr.inria.lille.commons.spoon.SpoonedFile.processedAndDumpedToClassLoader(SpoonedFile.java:135)
	at fr.inria.lille.repair.nopol.synth.dynamoth.DynamothSynthesizer.findAngelicValuesAndBuildPatch(DynamothSynthesizer.java:69)
	at fr.inria.lille.repair.nopol.NoPol.runNopolProcessor(NoPol.java:295)
	at fr.inria.lille.repair.nopol.NoPol.access$000(NoPol.java:81)
	at fr.inria.lille.repair.nopol.NoPol$1.call(NoPol.java:260)
	at java.util.concurrent.FutureTask.run(FutureTask.java:266)
	at java.util.concurrent.ThreadPoolExecutor.runWorker(ThreadPoolExecutor.java:1149)
	at java.util.concurrent.ThreadPoolExecutor$Worker.run(ThreadPoolExecutor.java:624)
	at java.lang.Thread.run(Thread.java:748)
12:03:35.786 [pool-2-thread-1] DEBUG fr.inria.lille.repair.nopol.NoPol - statement #3
12:03:35.786 [pool-2-thread-1] DEBUG fr.inria.lille.repair.nopol.NoPol - Analysing SourceLocation java_programs.LONGEST_COMMON_SUBSEQUENCE:21 which is executed by 10 tests
-358319485
12:03:35.820 [pool-2-thread-1] DEBUG fr.inria.lille.repair.nopol.NoPol - statement #4
12:03:35.820 [pool-2-thread-1] DEBUG fr.inria.lille.repair.nopol.NoPol - Analysing SourceLocation java_programs.LONGEST_COMMON_SUBSEQUENCE:20 which is executed by 10 tests
-358319485
12:03:35.857 [pool-2-thread-1] DEBUG fr.inria.lille.repair.nopol.NoPol - statement #5
12:03:35.857 [pool-2-thread-1] DEBUG fr.inria.lille.repair.nopol.NoPol - Analysing SourceLocation java_programs.LONGEST_COMMON_SUBSEQUENCE:18 which is executed by 10 tests
-358319485
12:03:35.895 [pool-2-thread-1] DEBUG fr.inria.lille.repair.nopol.NoPol - looking with class fr.inria.lille.repair.nopol.spoon.smt.ConditionalAdder
org.junit.ComparisonFailure: expected:<t[s]itest> but was:<t[i]itest>
    at org.junit.Assert.assertEquals(Assert.java:115)
    at org.junit.Assert.assertEquals(Assert.java:144)
    at java_testcases.junit.LONGEST_COMMON_SUBSEQUENCE_Test.test_3(LONGEST_COMMON_SUBSEQUENCE_Test.java:30)
    at sun.reflect.NativeMethodAccessorImpl.invoke0(Native Method)
    at sun.reflect.NativeMethodAccessorImpl.invoke(NativeMethodAccessorImpl.java:62)
    at sun.reflect.DelegatingMethodAccessorImpl.invoke(DelegatingMethodAccessorImpl.java:43)
org.junit.ComparisonFailure: expected:<b[cba]> but was:<b[bdab]>
    at org.junit.Assert.assertEquals(Assert.java:115)
    at org.junit.Assert.assertEquals(Assert.java:144)
    at java_testcases.junit.LONGEST_COMMON_SUBSEQUENCE_Test.test_5(LONGEST_COMMON_SUBSEQUENCE_Test.java:44)
    at sun.reflect.NativeMethodAccessorImpl.invoke0(Native Method)
    at sun.reflect.NativeMethodAccessorImpl.invoke(NativeMethodAccessorImpl.java:62)
    at sun.reflect.DelegatingMethodAccessorImpl.invoke(DelegatingMethodAccessorImpl.java:43)
org.junit.ComparisonFailure: expected:<TAAG[]> but was:<TAAG[C]>
    at org.junit.Assert.assertEquals(Assert.java:115)
    at org.junit.Assert.assertEquals(Assert.java:144)
    at java_testcases.junit.LONGEST_COMMON_SUBSEQUENCE_Test.test_6(LONGEST_COMMON_SUBSEQUENCE_Test.java:51)
    at sun.reflect.NativeMethodAccessorImpl.invoke0(Native Method)
    at sun.reflect.NativeMethodAccessorImpl.invoke(NativeMethodAccessorImpl.java:62)
    at sun.reflect.DelegatingMethodAccessorImpl.invoke(DelegatingMethodAccessorImpl.java:43)
org.junit.ComparisonFailure: expected:<B[CBA]> but was:<B[BDAB]>
    at org.junit.Assert.assertEquals(Assert.java:115)
    at org.junit.Assert.assertEquals(Assert.java:144)
    at java_testcases.junit.LONGEST_COMMON_SUBSEQUENCE_Test.test_7(LONGEST_COMMON_SUBSEQUENCE_Test.java:58)
    at sun.reflect.NativeMethodAccessorImpl.invoke0(Native Method)
    at sun.reflect.NativeMethodAccessorImpl.invoke(NativeMethodAccessorImpl.java:62)
    at sun.reflect.DelegatingMethodAccessorImpl.invoke(DelegatingMethodAccessorImpl.java:43)
org.junit.ComparisonFailure: expected:<t[s]itest> but was:<t[i]itest>
    at org.junit.Assert.assertEquals(Assert.java:115)
    at org.junit.Assert.assertEquals(Assert.java:144)
    at java_testcases.junit.LONGEST_COMMON_SUBSEQUENCE_Test.test_3(LONGEST_COMMON_SUBSEQUENCE_Test.java:30)
    at sun.reflect.NativeMethodAccessorImpl.invoke0(Native Method)
    at sun.reflect.NativeMethodAccessorImpl.invoke(NativeMethodAccessorImpl.java:62)
    at sun.reflect.DelegatingMethodAccessorImpl.invoke(DelegatingMethodAccessorImpl.java:43)
org.junit.ComparisonFailure: expected:<b[cba]> but was:<b[bdab]>
    at org.junit.Assert.assertEquals(Assert.java:115)
    at org.junit.Assert.assertEquals(Assert.java:144)
    at java_testcases.junit.LONGEST_COMMON_SUBSEQUENCE_Test.test_5(LONGEST_COMMON_SUBSEQUENCE_Test.java:44)
    at sun.reflect.NativeMethodAccessorImpl.invoke0(Native Method)
    at sun.reflect.NativeMethodAccessorImpl.invoke(NativeMethodAccessorImpl.java:62)
    at sun.reflect.DelegatingMethodAccessorImpl.invoke(DelegatingMethodAccessorImpl.java:43)
org.junit.ComparisonFailure: expected:<TAAG[]> but was:<TAAG[C]>
    at org.junit.Assert.assertEquals(Assert.java:115)
    at org.junit.Assert.assertEquals(Assert.java:144)
    at java_testcases.junit.LONGEST_COMMON_SUBSEQUENCE_Test.test_6(LONGEST_COMMON_SUBSEQUENCE_Test.java:51)
    at sun.reflect.NativeMethodAccessorImpl.invoke0(Native Method)
    at sun.reflect.NativeMethodAccessorImpl.invoke(NativeMethodAccessorImpl.java:62)
    at sun.reflect.DelegatingMethodAccessorImpl.invoke(DelegatingMethodAccessorImpl.java:43)
org.junit.ComparisonFailure: expected:<B[CBA]> but was:<B[BDAB]>
    at org.junit.Assert.assertEquals(Assert.java:115)
    at org.junit.Assert.assertEquals(Assert.java:144)
    at java_testcases.junit.LONGEST_COMMON_SUBSEQUENCE_Test.test_7(LONGEST_COMMON_SUBSEQUENCE_Test.java:58)
    at sun.reflect.NativeMethodAccessorImpl.invoke0(Native Method)
    at sun.reflect.NativeMethodAccessorImpl.invoke(NativeMethodAccessorImpl.java:62)
    at sun.reflect.DelegatingMethodAccessorImpl.invoke(DelegatingMethodAccessorImpl.java:43)
org.junit.ComparisonFailure: expected:<t[s]itest> but was:<t[i]itest>
    at org.junit.Assert.assertEquals(Assert.java:115)
    at org.junit.Assert.assertEquals(Assert.java:144)
    at java_testcases.junit.LONGEST_COMMON_SUBSEQUENCE_Test.test_3(LONGEST_COMMON_SUBSEQUENCE_Test.java:30)
    at sun.reflect.NativeMethodAccessorImpl.invoke0(Native Method)
    at sun.reflect.NativeMethodAccessorImpl.invoke(NativeMethodAccessorImpl.java:62)
    at sun.reflect.DelegatingMethodAccessorImpl.invoke(DelegatingMethodAccessorImpl.java:43)
org.junit.ComparisonFailure: expected:<b[cba]> but was:<b[bdab]>
    at org.junit.Assert.assertEquals(Assert.java:115)
    at org.junit.Assert.assertEquals(Assert.java:144)
    at java_testcases.junit.LONGEST_COMMON_SUBSEQUENCE_Test.test_5(LONGEST_COMMON_SUBSEQUENCE_Test.java:44)
    at sun.reflect.NativeMethodAccessorImpl.invoke0(Native Method)
    at sun.reflect.NativeMethodAccessorImpl.invoke(NativeMethodAccessorImpl.java:62)
    at sun.reflect.DelegatingMethodAccessorImpl.invoke(DelegatingMethodAccessorImpl.java:43)
org.junit.ComparisonFailure: expected:<TAAG[]> but was:<TAAG[C]>
    at org.junit.Assert.assertEquals(Assert.java:115)
    at org.junit.Assert.assertEquals(Assert.java:144)
    at java_testcases.junit.LONGEST_COMMON_SUBSEQUENCE_Test.test_6(LONGEST_COMMON_SUBSEQUENCE_Test.java:51)
    at sun.reflect.NativeMethodAccessorImpl.invoke0(Native Method)
    at sun.reflect.NativeMethodAccessorImpl.invoke(NativeMethodAccessorImpl.java:62)
    at sun.reflect.DelegatingMethodAccessorImpl.invoke(DelegatingMethodAccessorImpl.java:43)
org.junit.ComparisonFailure: expected:<B[CBA]> but was:<B[BDAB]>
    at org.junit.Assert.assertEquals(Assert.java:115)
    at org.junit.Assert.assertEquals(Assert.java:144)
    at java_testcases.junit.LONGEST_COMMON_SUBSEQUENCE_Test.test_7(LONGEST_COMMON_SUBSEQUENCE_Test.java:58)
    at sun.reflect.NativeMethodAccessorImpl.invoke0(Native Method)
    at sun.reflect.NativeMethodAccessorImpl.invoke(NativeMethodAccessorImpl.java:62)
    at sun.reflect.DelegatingMethodAccessorImpl.invoke(DelegatingMethodAccessorImpl.java:43)
org.junit.ComparisonFailure: expected:<t[s]itest> but was:<t[i]itest>
    at org.junit.Assert.assertEquals(Assert.java:115)
    at org.junit.Assert.assertEquals(Assert.java:144)
    at java_testcases.junit.LONGEST_COMMON_SUBSEQUENCE_Test.test_3(LONGEST_COMMON_SUBSEQUENCE_Test.java:30)
    at sun.reflect.NativeMethodAccessorImpl.invoke0(Native Method)
    at sun.reflect.NativeMethodAccessorImpl.invoke(NativeMethodAccessorImpl.java:62)
    at sun.reflect.DelegatingMethodAccessorImpl.invoke(DelegatingMethodAccessorImpl.java:43)
org.junit.ComparisonFailure: expected:<b[cba]> but was:<b[bdab]>
    at org.junit.Assert.assertEquals(Assert.java:115)
    at org.junit.Assert.assertEquals(Assert.java:144)
    at java_testcases.junit.LONGEST_COMMON_SUBSEQUENCE_Test.test_5(LONGEST_COMMON_SUBSEQUENCE_Test.java:44)
    at sun.reflect.NativeMethodAccessorImpl.invoke0(Native Method)
    at sun.reflect.NativeMethodAccessorImpl.invoke(NativeMethodAccessorImpl.java:62)
    at sun.reflect.DelegatingMethodAccessorImpl.invoke(DelegatingMethodAccessorImpl.java:43)
org.junit.ComparisonFailure: expected:<TAAG[]> but was:<TAAG[C]>
    at org.junit.Assert.assertEquals(Assert.java:115)
    at org.junit.Assert.assertEquals(Assert.java:144)
    at java_testcases.junit.LONGEST_COMMON_SUBSEQUENCE_Test.test_6(LONGEST_COMMON_SUBSEQUENCE_Test.java:51)
    at sun.reflect.NativeMethodAccessorImpl.invoke0(Native Method)
    at sun.reflect.NativeMethodAccessorImpl.invoke(NativeMethodAccessorImpl.java:62)
    at sun.reflect.DelegatingMethodAccessorImpl.invoke(DelegatingMethodAccessorImpl.java:43)
org.junit.ComparisonFailure: expected:<B[CBA]> but was:<B[BDAB]>
    at org.junit.Assert.assertEquals(Assert.java:115)
    at org.junit.Assert.assertEquals(Assert.java:144)
    at java_testcases.junit.LONGEST_COMMON_SUBSEQUENCE_Test.test_7(LONGEST_COMMON_SUBSEQUENCE_Test.java:58)
    at sun.reflect.NativeMethodAccessorImpl.invoke0(Native Method)
    at sun.reflect.NativeMethodAccessorImpl.invoke(NativeMethodAccessorImpl.java:62)
    at sun.reflect.DelegatingMethodAccessorImpl.invoke(DelegatingMethodAccessorImpl.java:43)
12:03:36.049 [pool-6-thread-1] INFO  xxl.java.junit.TestCasesListener - Tests run finished (149 ms)
<> Total tests run: 40
<> Ignored tests: 0
<> Failed tests: 16
~ test_3(java_testcases.junit.LONGEST_COMMON_SUBSEQUENCE_Test)
[expected:<t[s]itest> but was:<t[i]itest>]
org.junit.ComparisonFailure: expected:<t[s]itest> but was:<t[i]itest>    at org.junit.Assert.assertEquals(Assert.java:115)
    at org.junit.Assert.assertEquals(Assert.java:144)
    at java_testcases.junit.LONGEST_COMMON_SUBSEQUENCE_Test.test_3(LONGEST_COMMON_SUBSEQUENCE_Test.java:30)
    at sun.reflect.NativeMethodAccessorImpl.invoke0(Native Method)
    at sun.reflect.NativeMethodAccessorImpl.invoke(NativeMethodAccessorImpl.java:62)
    at sun.reflect.DelegatingMethodAccessorImpl.invoke(DelegatingMethodAccessorImpl.java:43)
~ test_5(java_testcases.junit.LONGEST_COMMON_SUBSEQUENCE_Test)
[expected:<b[cba]> but was:<b[bdab]>]
org.junit.ComparisonFailure: expected:<b[cba]> but was:<b[bdab]>    at org.junit.Assert.assertEquals(Assert.java:115)
    at org.junit.Assert.assertEquals(Assert.java:144)
    at java_testcases.junit.LONGEST_COMMON_SUBSEQUENCE_Test.test_5(LONGEST_COMMON_SUBSEQUENCE_Test.java:44)
    at sun.reflect.NativeMethodAccessorImpl.invoke0(Native Method)
    at sun.reflect.NativeMethodAccessorImpl.invoke(NativeMethodAccessorImpl.java:62)
    at sun.reflect.DelegatingMethodAccessorImpl.invoke(DelegatingMethodAccessorImpl.java:43)
~ test_6(java_testcases.junit.LONGEST_COMMON_SUBSEQUENCE_Test)
[expected:<TAAG[]> but was:<TAAG[C]>]
org.junit.ComparisonFailure: expected:<TAAG[]> but was:<TAAG[C]>    at org.junit.Assert.assertEquals(Assert.java:115)
    at org.junit.Assert.assertEquals(Assert.java:144)
    at java_testcases.junit.LONGEST_COMMON_SUBSEQUENCE_Test.test_6(LONGEST_COMMON_SUBSEQUENCE_Test.java:51)
    at sun.reflect.NativeMethodAccessorImpl.invoke0(Native Method)
    at sun.reflect.NativeMethodAccessorImpl.invoke(NativeMethodAccessorImpl.java:62)
    at sun.reflect.DelegatingMethodAccessorImpl.invoke(DelegatingMethodAccessorImpl.java:43)
~ test_7(java_testcases.junit.LONGEST_COMMON_SUBSEQUENCE_Test)
[expected:<B[CBA]> but was:<B[BDAB]>]
org.junit.ComparisonFailure: expected:<B[CBA]> but was:<B[BDAB]>    at org.junit.Assert.assertEquals(Assert.java:115)
    at org.junit.Assert.assertEquals(Assert.java:144)
    at java_testcases.junit.LONGEST_COMMON_SUBSEQUENCE_Test.test_7(LONGEST_COMMON_SUBSEQUENCE_Test.java:58)
    at sun.reflect.NativeMethodAccessorImpl.invoke0(Native Method)
    at sun.reflect.NativeMethodAccessorImpl.invoke(NativeMethodAccessorImpl.java:62)
    at sun.reflect.DelegatingMethodAccessorImpl.invoke(DelegatingMethodAccessorImpl.java:43)
~ test_3(java_testcases.junit.LONGEST_COMMON_SUBSEQUENCE_Test)
[expected:<t[s]itest> but was:<t[i]itest>]
org.junit.ComparisonFailure: expected:<t[s]itest> but was:<t[i]itest>    at org.junit.Assert.assertEquals(Assert.java:115)
    at org.junit.Assert.assertEquals(Assert.java:144)
    at java_testcases.junit.LONGEST_COMMON_SUBSEQUENCE_Test.test_3(LONGEST_COMMON_SUBSEQUENCE_Test.java:30)
    at sun.reflect.NativeMethodAccessorImpl.invoke0(Native Method)
    at sun.reflect.NativeMethodAccessorImpl.invoke(NativeMethodAccessorImpl.java:62)
    at sun.reflect.DelegatingMethodAccessorImpl.invoke(DelegatingMethodAccessorImpl.java:43)
~ test_5(java_testcases.junit.LONGEST_COMMON_SUBSEQUENCE_Test)
[expected:<b[cba]> but was:<b[bdab]>]
org.junit.ComparisonFailure: expected:<b[cba]> but was:<b[bdab]>    at org.junit.Assert.assertEquals(Assert.java:115)
    at org.junit.Assert.assertEquals(Assert.java:144)
    at java_testcases.junit.LONGEST_COMMON_SUBSEQUENCE_Test.test_5(LONGEST_COMMON_SUBSEQUENCE_Test.java:44)
    at sun.reflect.NativeMethodAccessorImpl.invoke0(Native Method)
    at sun.reflect.NativeMethodAccessorImpl.invoke(NativeMethodAccessorImpl.java:62)
    at sun.reflect.DelegatingMethodAccessorImpl.invoke(DelegatingMethodAccessorImpl.java:43)
~ test_6(java_testcases.junit.LONGEST_COMMON_SUBSEQUENCE_Test)
[expected:<TAAG[]> but was:<TAAG[C]>]
org.junit.ComparisonFailure: expected:<TAAG[]> but was:<TAAG[C]>    at org.junit.Assert.assertEquals(Assert.java:115)
    at org.junit.Assert.assertEquals(Assert.java:144)
    at java_testcases.junit.LONGEST_COMMON_SUBSEQUENCE_Test.test_6(LONGEST_COMMON_SUBSEQUENCE_Test.java:51)
    at sun.reflect.NativeMethodAccessorImpl.invoke0(Native Method)
    at sun.reflect.NativeMethodAccessorImpl.invoke(NativeMethodAccessorImpl.java:62)
    at sun.reflect.DelegatingMethodAccessorImpl.invoke(DelegatingMethodAccessorImpl.java:43)
~ test_7(java_testcases.junit.LONGEST_COMMON_SUBSEQUENCE_Test)
[expected:<B[CBA]> but was:<B[BDAB]>]
org.junit.ComparisonFailure: expected:<B[CBA]> but was:<B[BDAB]>    at org.junit.Assert.assertEquals(Assert.java:115)
    at org.junit.Assert.assertEquals(Assert.java:144)
    at java_testcases.junit.LONGEST_COMMON_SUBSEQUENCE_Test.test_7(LONGEST_COMMON_SUBSEQUENCE_Test.java:58)
    at sun.reflect.NativeMethodAccessorImpl.invoke0(Native Method)
    at sun.reflect.NativeMethodAccessorImpl.invoke(NativeMethodAccessorImpl.java:62)
    at sun.reflect.DelegatingMethodAccessorImpl.invoke(DelegatingMethodAccessorImpl.java:43)
~ test_3(java_testcases.junit.LONGEST_COMMON_SUBSEQUENCE_Test)
[expected:<t[s]itest> but was:<t[i]itest>]
org.junit.ComparisonFailure: expected:<t[s]itest> but was:<t[i]itest>    at org.junit.Assert.assertEquals(Assert.java:115)
    at org.junit.Assert.assertEquals(Assert.java:144)
    at java_testcases.junit.LONGEST_COMMON_SUBSEQUENCE_Test.test_3(LONGEST_COMMON_SUBSEQUENCE_Test.java:30)
    at sun.reflect.NativeMethodAccessorImpl.invoke0(Native Method)
    at sun.reflect.NativeMethodAccessorImpl.invoke(NativeMethodAccessorImpl.java:62)
    at sun.reflect.DelegatingMethodAccessorImpl.invoke(DelegatingMethodAccessorImpl.java:43)
~ test_5(java_testcases.junit.LONGEST_COMMON_SUBSEQUENCE_Test)
[expected:<b[cba]> but was:<b[bdab]>]
org.junit.ComparisonFailure: expected:<b[cba]> but was:<b[bdab]>    at org.junit.Assert.assertEquals(Assert.java:115)
    at org.junit.Assert.assertEquals(Assert.java:144)
    at java_testcases.junit.LONGEST_COMMON_SUBSEQUENCE_Test.test_5(LONGEST_COMMON_SUBSEQUENCE_Test.java:44)
    at sun.reflect.NativeMethodAccessorImpl.invoke0(Native Method)
    at sun.reflect.NativeMethodAccessorImpl.invoke(NativeMethodAccessorImpl.java:62)
    at sun.reflect.DelegatingMethodAccessorImpl.invoke(DelegatingMethodAccessorImpl.java:43)
~ test_6(java_testcases.junit.LONGEST_COMMON_SUBSEQUENCE_Test)
[expected:<TAAG[]> but was:<TAAG[C]>]
org.junit.ComparisonFailure: expected:<TAAG[]> but was:<TAAG[C]>    at org.junit.Assert.assertEquals(Assert.java:115)
    at org.junit.Assert.assertEquals(Assert.java:144)
    at java_testcases.junit.LONGEST_COMMON_SUBSEQUENCE_Test.test_6(LONGEST_COMMON_SUBSEQUENCE_Test.java:51)
    at sun.reflect.NativeMethodAccessorImpl.invoke0(Native Method)
    at sun.reflect.NativeMethodAccessorImpl.invoke(NativeMethodAccessorImpl.java:62)
    at sun.reflect.DelegatingMethodAccessorImpl.invoke(DelegatingMethodAccessorImpl.java:43)
~ test_7(java_testcases.junit.LONGEST_COMMON_SUBSEQUENCE_Test)
[expected:<B[CBA]> but was:<B[BDAB]>]
org.junit.ComparisonFailure: expected:<B[CBA]> but was:<B[BDAB]>    at org.junit.Assert.assertEquals(Assert.java:115)
    at org.junit.Assert.assertEquals(Assert.java:144)
    at java_testcases.junit.LONGEST_COMMON_SUBSEQUENCE_Test.test_7(LONGEST_COMMON_SUBSEQUENCE_Test.java:58)
    at sun.reflect.NativeMethodAccessorImpl.invoke0(Native Method)
    at sun.reflect.NativeMethodAccessorImpl.invoke(NativeMethodAccessorImpl.java:62)
    at sun.reflect.DelegatingMethodAccessorImpl.invoke(DelegatingMethodAccessorImpl.java:43)
~ test_3(java_testcases.junit.LONGEST_COMMON_SUBSEQUENCE_Test)
[expected:<t[s]itest> but was:<t[i]itest>]
org.junit.ComparisonFailure: expected:<t[s]itest> but was:<t[i]itest>    at org.junit.Assert.assertEquals(Assert.java:115)
    at org.junit.Assert.assertEquals(Assert.java:144)
    at java_testcases.junit.LONGEST_COMMON_SUBSEQUENCE_Test.test_3(LONGEST_COMMON_SUBSEQUENCE_Test.java:30)
    at sun.reflect.NativeMethodAccessorImpl.invoke0(Native Method)
    at sun.reflect.NativeMethodAccessorImpl.invoke(NativeMethodAccessorImpl.java:62)
    at sun.reflect.DelegatingMethodAccessorImpl.invoke(DelegatingMethodAccessorImpl.java:43)
~ test_5(java_testcases.junit.LONGEST_COMMON_SUBSEQUENCE_Test)
[expected:<b[cba]> but was:<b[bdab]>]
org.junit.ComparisonFailure: expected:<b[cba]> but was:<b[bdab]>    at org.junit.Assert.assertEquals(Assert.java:115)
    at org.junit.Assert.assertEquals(Assert.java:144)
    at java_testcases.junit.LONGEST_COMMON_SUBSEQUENCE_Test.test_5(LONGEST_COMMON_SUBSEQUENCE_Test.java:44)
    at sun.reflect.NativeMethodAccessorImpl.invoke0(Native Method)
    at sun.reflect.NativeMethodAccessorImpl.invoke(NativeMethodAccessorImpl.java:62)
    at sun.reflect.DelegatingMethodAccessorImpl.invoke(DelegatingMethodAccessorImpl.java:43)
~ test_6(java_testcases.junit.LONGEST_COMMON_SUBSEQUENCE_Test)
[expected:<TAAG[]> but was:<TAAG[C]>]
org.junit.ComparisonFailure: expected:<TAAG[]> but was:<TAAG[C]>    at org.junit.Assert.assertEquals(Assert.java:115)
    at org.junit.Assert.assertEquals(Assert.java:144)
    at java_testcases.junit.LONGEST_COMMON_SUBSEQUENCE_Test.test_6(LONGEST_COMMON_SUBSEQUENCE_Test.java:51)
    at sun.reflect.NativeMethodAccessorImpl.invoke0(Native Method)
    at sun.reflect.NativeMethodAccessorImpl.invoke(NativeMethodAccessorImpl.java:62)
    at sun.reflect.DelegatingMethodAccessorImpl.invoke(DelegatingMethodAccessorImpl.java:43)
~ test_7(java_testcases.junit.LONGEST_COMMON_SUBSEQUENCE_Test)
[expected:<B[CBA]> but was:<B[BDAB]>]
org.junit.ComparisonFailure: expected:<B[CBA]> but was:<B[BDAB]>    at org.junit.Assert.assertEquals(Assert.java:115)
    at org.junit.Assert.assertEquals(Assert.java:144)
    at java_testcases.junit.LONGEST_COMMON_SUBSEQUENCE_Test.test_7(LONGEST_COMMON_SUBSEQUENCE_Test.java:58)
    at sun.reflect.NativeMethodAccessorImpl.invoke0(Native Method)
    at sun.reflect.NativeMethodAccessorImpl.invoke(NativeMethodAccessorImpl.java:62)
    at sun.reflect.DelegatingMethodAccessorImpl.invoke(DelegatingMethodAccessorImpl.java:43)

12:03:36.107 [pool-5-thread-1] ERROR x.java.compiler.DynamicClassCompiler - [Compilation errors]
LONGEST_COMMON_SUBSEQUENCE.java:23: error: missing return statement
    }
    ^
xxl.java.compiler.DynamicCompilationException: Aborting: dynamic compilation failed
	at xxl.java.compiler.DynamicClassCompiler.runCompilationTask(DynamicClassCompiler.java:99)
	at xxl.java.compiler.DynamicClassCompiler.javaBytecodeFor(DynamicClassCompiler.java:67)
	at fr.inria.lille.commons.spoon.SpoonedFile.compilationFor(SpoonedFile.java:203)
	at fr.inria.lille.commons.spoon.SpoonedFile.compileModelledClasses(SpoonedFile.java:177)
	at fr.inria.lille.commons.spoon.SpoonedFile.dumpedToClassLoader(SpoonedFile.java:130)
	at fr.inria.lille.commons.spoon.SpoonedFile.processedAndDumpedToClassLoader(SpoonedFile.java:140)
	at fr.inria.lille.commons.spoon.SpoonedFile.processedAndDumpedToClassLoader(SpoonedFile.java:135)
	at fr.inria.lille.repair.nopol.synth.dynamoth.DynamothSynthesizer.findAngelicValuesAndBuildPatch(DynamothSynthesizer.java:69)
	at fr.inria.lille.repair.nopol.NoPol.runNopolProcessor(NoPol.java:295)
	at fr.inria.lille.repair.nopol.NoPol.access$000(NoPol.java:81)
	at fr.inria.lille.repair.nopol.NoPol$1.call(NoPol.java:260)
	at java.util.concurrent.FutureTask.run(FutureTask.java:266)
	at java.util.concurrent.ThreadPoolExecutor.runWorker(ThreadPoolExecutor.java:1149)
	at java.util.concurrent.ThreadPoolExecutor$Worker.run(ThreadPoolExecutor.java:624)
	at java.lang.Thread.run(Thread.java:748)
12:03:36.108 [pool-2-thread-1] DEBUG fr.inria.lille.repair.nopol.NoPol - statement #6
12:03:36.108 [pool-2-thread-1] DEBUG fr.inria.lille.repair.nopol.NoPol - Analysing SourceLocation java_programs.LONGEST_COMMON_SUBSEQUENCE:17 which is executed by 10 tests
-358319485
12:03:36.143 [pool-2-thread-1] DEBUG fr.inria.lille.repair.nopol.NoPol - looking with class fr.inria.lille.repair.nopol.spoon.smt.ConditionalAdder
org.junit.ComparisonFailure: expected:<t[s]itest> but was:<t[i]itest>
    at org.junit.Assert.assertEquals(Assert.java:115)
    at org.junit.Assert.assertEquals(Assert.java:144)
    at java_testcases.junit.LONGEST_COMMON_SUBSEQUENCE_Test.test_3(LONGEST_COMMON_SUBSEQUENCE_Test.java:30)
    at sun.reflect.NativeMethodAccessorImpl.invoke0(Native Method)
    at sun.reflect.NativeMethodAccessorImpl.invoke(NativeMethodAccessorImpl.java:62)
    at sun.reflect.DelegatingMethodAccessorImpl.invoke(DelegatingMethodAccessorImpl.java:43)
org.junit.ComparisonFailure: expected:<b[cba]> but was:<b[bdab]>
    at org.junit.Assert.assertEquals(Assert.java:115)
    at org.junit.Assert.assertEquals(Assert.java:144)
    at java_testcases.junit.LONGEST_COMMON_SUBSEQUENCE_Test.test_5(LONGEST_COMMON_SUBSEQUENCE_Test.java:44)
    at sun.reflect.NativeMethodAccessorImpl.invoke0(Native Method)
    at sun.reflect.NativeMethodAccessorImpl.invoke(NativeMethodAccessorImpl.java:62)
    at sun.reflect.DelegatingMethodAccessorImpl.invoke(DelegatingMethodAccessorImpl.java:43)
org.junit.ComparisonFailure: expected:<TAAG[]> but was:<TAAG[C]>
    at org.junit.Assert.assertEquals(Assert.java:115)
    at org.junit.Assert.assertEquals(Assert.java:144)
    at java_testcases.junit.LONGEST_COMMON_SUBSEQUENCE_Test.test_6(LONGEST_COMMON_SUBSEQUENCE_Test.java:51)
    at sun.reflect.NativeMethodAccessorImpl.invoke0(Native Method)
    at sun.reflect.NativeMethodAccessorImpl.invoke(NativeMethodAccessorImpl.java:62)
    at sun.reflect.DelegatingMethodAccessorImpl.invoke(DelegatingMethodAccessorImpl.java:43)
org.junit.ComparisonFailure: expected:<B[CBA]> but was:<B[BDAB]>
    at org.junit.Assert.assertEquals(Assert.java:115)
    at org.junit.Assert.assertEquals(Assert.java:144)
    at java_testcases.junit.LONGEST_COMMON_SUBSEQUENCE_Test.test_7(LONGEST_COMMON_SUBSEQUENCE_Test.java:58)
    at sun.reflect.NativeMethodAccessorImpl.invoke0(Native Method)
    at sun.reflect.NativeMethodAccessorImpl.invoke(NativeMethodAccessorImpl.java:62)
    at sun.reflect.DelegatingMethodAccessorImpl.invoke(DelegatingMethodAccessorImpl.java:43)
org.junit.ComparisonFailure: expected:<t[s]itest> but was:<t[i]itest>
    at org.junit.Assert.assertEquals(Assert.java:115)
    at org.junit.Assert.assertEquals(Assert.java:144)
    at java_testcases.junit.LONGEST_COMMON_SUBSEQUENCE_Test.test_3(LONGEST_COMMON_SUBSEQUENCE_Test.java:30)
    at sun.reflect.NativeMethodAccessorImpl.invoke0(Native Method)
    at sun.reflect.NativeMethodAccessorImpl.invoke(NativeMethodAccessorImpl.java:62)
    at sun.reflect.DelegatingMethodAccessorImpl.invoke(DelegatingMethodAccessorImpl.java:43)
org.junit.ComparisonFailure: expected:<b[cba]> but was:<b[bdab]>
    at org.junit.Assert.assertEquals(Assert.java:115)
    at org.junit.Assert.assertEquals(Assert.java:144)
    at java_testcases.junit.LONGEST_COMMON_SUBSEQUENCE_Test.test_5(LONGEST_COMMON_SUBSEQUENCE_Test.java:44)
    at sun.reflect.NativeMethodAccessorImpl.invoke0(Native Method)
    at sun.reflect.NativeMethodAccessorImpl.invoke(NativeMethodAccessorImpl.java:62)
    at sun.reflect.DelegatingMethodAccessorImpl.invoke(DelegatingMethodAccessorImpl.java:43)
org.junit.ComparisonFailure: expected:<TAAG[]> but was:<TAAG[C]>
    at org.junit.Assert.assertEquals(Assert.java:115)
    at org.junit.Assert.assertEquals(Assert.java:144)
    at java_testcases.junit.LONGEST_COMMON_SUBSEQUENCE_Test.test_6(LONGEST_COMMON_SUBSEQUENCE_Test.java:51)
    at sun.reflect.NativeMethodAccessorImpl.invoke0(Native Method)
    at sun.reflect.NativeMethodAccessorImpl.invoke(NativeMethodAccessorImpl.java:62)
    at sun.reflect.DelegatingMethodAccessorImpl.invoke(DelegatingMethodAccessorImpl.java:43)
org.junit.ComparisonFailure: expected:<B[CBA]> but was:<B[BDAB]>
    at org.junit.Assert.assertEquals(Assert.java:115)
    at org.junit.Assert.assertEquals(Assert.java:144)
    at java_testcases.junit.LONGEST_COMMON_SUBSEQUENCE_Test.test_7(LONGEST_COMMON_SUBSEQUENCE_Test.java:58)
    at sun.reflect.NativeMethodAccessorImpl.invoke0(Native Method)
    at sun.reflect.NativeMethodAccessorImpl.invoke(NativeMethodAccessorImpl.java:62)
    at sun.reflect.DelegatingMethodAccessorImpl.invoke(DelegatingMethodAccessorImpl.java:43)
org.junit.ComparisonFailure: expected:<t[s]itest> but was:<t[i]itest>
    at org.junit.Assert.assertEquals(Assert.java:115)
    at org.junit.Assert.assertEquals(Assert.java:144)
    at java_testcases.junit.LONGEST_COMMON_SUBSEQUENCE_Test.test_3(LONGEST_COMMON_SUBSEQUENCE_Test.java:30)
    at sun.reflect.NativeMethodAccessorImpl.invoke0(Native Method)
    at sun.reflect.NativeMethodAccessorImpl.invoke(NativeMethodAccessorImpl.java:62)
    at sun.reflect.DelegatingMethodAccessorImpl.invoke(DelegatingMethodAccessorImpl.java:43)
org.junit.ComparisonFailure: expected:<b[cba]> but was:<b[bdab]>
    at org.junit.Assert.assertEquals(Assert.java:115)
    at org.junit.Assert.assertEquals(Assert.java:144)
    at java_testcases.junit.LONGEST_COMMON_SUBSEQUENCE_Test.test_5(LONGEST_COMMON_SUBSEQUENCE_Test.java:44)
    at sun.reflect.NativeMethodAccessorImpl.invoke0(Native Method)
    at sun.reflect.NativeMethodAccessorImpl.invoke(NativeMethodAccessorImpl.java:62)
    at sun.reflect.DelegatingMethodAccessorImpl.invoke(DelegatingMethodAccessorImpl.java:43)
org.junit.ComparisonFailure: expected:<TAAG[]> but was:<TAAG[C]>
    at org.junit.Assert.assertEquals(Assert.java:115)
    at org.junit.Assert.assertEquals(Assert.java:144)
    at java_testcases.junit.LONGEST_COMMON_SUBSEQUENCE_Test.test_6(LONGEST_COMMON_SUBSEQUENCE_Test.java:51)
    at sun.reflect.NativeMethodAccessorImpl.invoke0(Native Method)
    at sun.reflect.NativeMethodAccessorImpl.invoke(NativeMethodAccessorImpl.java:62)
    at sun.reflect.DelegatingMethodAccessorImpl.invoke(DelegatingMethodAccessorImpl.java:43)
org.junit.ComparisonFailure: expected:<B[CBA]> but was:<B[BDAB]>
    at org.junit.Assert.assertEquals(Assert.java:115)
    at org.junit.Assert.assertEquals(Assert.java:144)
    at java_testcases.junit.LONGEST_COMMON_SUBSEQUENCE_Test.test_7(LONGEST_COMMON_SUBSEQUENCE_Test.java:58)
    at sun.reflect.NativeMethodAccessorImpl.invoke0(Native Method)
    at sun.reflect.NativeMethodAccessorImpl.invoke(NativeMethodAccessorImpl.java:62)
    at sun.reflect.DelegatingMethodAccessorImpl.invoke(DelegatingMethodAccessorImpl.java:43)
org.junit.ComparisonFailure: expected:<t[s]itest> but was:<t[i]itest>
    at org.junit.Assert.assertEquals(Assert.java:115)
    at org.junit.Assert.assertEquals(Assert.java:144)
    at java_testcases.junit.LONGEST_COMMON_SUBSEQUENCE_Test.test_3(LONGEST_COMMON_SUBSEQUENCE_Test.java:30)
    at sun.reflect.NativeMethodAccessorImpl.invoke0(Native Method)
    at sun.reflect.NativeMethodAccessorImpl.invoke(NativeMethodAccessorImpl.java:62)
    at sun.reflect.DelegatingMethodAccessorImpl.invoke(DelegatingMethodAccessorImpl.java:43)
org.junit.ComparisonFailure: expected:<b[cba]> but was:<b[bdab]>
    at org.junit.Assert.assertEquals(Assert.java:115)
    at org.junit.Assert.assertEquals(Assert.java:144)
    at java_testcases.junit.LONGEST_COMMON_SUBSEQUENCE_Test.test_5(LONGEST_COMMON_SUBSEQUENCE_Test.java:44)
    at sun.reflect.NativeMethodAccessorImpl.invoke0(Native Method)
    at sun.reflect.NativeMethodAccessorImpl.invoke(NativeMethodAccessorImpl.java:62)
    at sun.reflect.DelegatingMethodAccessorImpl.invoke(DelegatingMethodAccessorImpl.java:43)
org.junit.ComparisonFailure: expected:<TAAG[]> but was:<TAAG[C]>
    at org.junit.Assert.assertEquals(Assert.java:115)
    at org.junit.Assert.assertEquals(Assert.java:144)
    at java_testcases.junit.LONGEST_COMMON_SUBSEQUENCE_Test.test_6(LONGEST_COMMON_SUBSEQUENCE_Test.java:51)
    at sun.reflect.NativeMethodAccessorImpl.invoke0(Native Method)
    at sun.reflect.NativeMethodAccessorImpl.invoke(NativeMethodAccessorImpl.java:62)
    at sun.reflect.DelegatingMethodAccessorImpl.invoke(DelegatingMethodAccessorImpl.java:43)
org.junit.ComparisonFailure: expected:<B[CBA]> but was:<B[BDAB]>
    at org.junit.Assert.assertEquals(Assert.java:115)
    at org.junit.Assert.assertEquals(Assert.java:144)
    at java_testcases.junit.LONGEST_COMMON_SUBSEQUENCE_Test.test_7(LONGEST_COMMON_SUBSEQUENCE_Test.java:58)
    at sun.reflect.NativeMethodAccessorImpl.invoke0(Native Method)
    at sun.reflect.NativeMethodAccessorImpl.invoke(NativeMethodAccessorImpl.java:62)
    at sun.reflect.DelegatingMethodAccessorImpl.invoke(DelegatingMethodAccessorImpl.java:43)
12:03:36.294 [pool-8-thread-1] INFO  xxl.java.junit.TestCasesListener - Tests run finished (147 ms)
<> Total tests run: 40
<> Ignored tests: 0
<> Failed tests: 16
~ test_3(java_testcases.junit.LONGEST_COMMON_SUBSEQUENCE_Test)
[expected:<t[s]itest> but was:<t[i]itest>]
org.junit.ComparisonFailure: expected:<t[s]itest> but was:<t[i]itest>    at org.junit.Assert.assertEquals(Assert.java:115)
    at org.junit.Assert.assertEquals(Assert.java:144)
    at java_testcases.junit.LONGEST_COMMON_SUBSEQUENCE_Test.test_3(LONGEST_COMMON_SUBSEQUENCE_Test.java:30)
    at sun.reflect.NativeMethodAccessorImpl.invoke0(Native Method)
    at sun.reflect.NativeMethodAccessorImpl.invoke(NativeMethodAccessorImpl.java:62)
    at sun.reflect.DelegatingMethodAccessorImpl.invoke(DelegatingMethodAccessorImpl.java:43)
~ test_5(java_testcases.junit.LONGEST_COMMON_SUBSEQUENCE_Test)
[expected:<b[cba]> but was:<b[bdab]>]
org.junit.ComparisonFailure: expected:<b[cba]> but was:<b[bdab]>    at org.junit.Assert.assertEquals(Assert.java:115)
    at org.junit.Assert.assertEquals(Assert.java:144)
    at java_testcases.junit.LONGEST_COMMON_SUBSEQUENCE_Test.test_5(LONGEST_COMMON_SUBSEQUENCE_Test.java:44)
    at sun.reflect.NativeMethodAccessorImpl.invoke0(Native Method)
    at sun.reflect.NativeMethodAccessorImpl.invoke(NativeMethodAccessorImpl.java:62)
    at sun.reflect.DelegatingMethodAccessorImpl.invoke(DelegatingMethodAccessorImpl.java:43)
~ test_6(java_testcases.junit.LONGEST_COMMON_SUBSEQUENCE_Test)
[expected:<TAAG[]> but was:<TAAG[C]>]
org.junit.ComparisonFailure: expected:<TAAG[]> but was:<TAAG[C]>    at org.junit.Assert.assertEquals(Assert.java:115)
    at org.junit.Assert.assertEquals(Assert.java:144)
    at java_testcases.junit.LONGEST_COMMON_SUBSEQUENCE_Test.test_6(LONGEST_COMMON_SUBSEQUENCE_Test.java:51)
    at sun.reflect.NativeMethodAccessorImpl.invoke0(Native Method)
    at sun.reflect.NativeMethodAccessorImpl.invoke(NativeMethodAccessorImpl.java:62)
    at sun.reflect.DelegatingMethodAccessorImpl.invoke(DelegatingMethodAccessorImpl.java:43)
~ test_7(java_testcases.junit.LONGEST_COMMON_SUBSEQUENCE_Test)
[expected:<B[CBA]> but was:<B[BDAB]>]
org.junit.ComparisonFailure: expected:<B[CBA]> but was:<B[BDAB]>    at org.junit.Assert.assertEquals(Assert.java:115)
    at org.junit.Assert.assertEquals(Assert.java:144)
    at java_testcases.junit.LONGEST_COMMON_SUBSEQUENCE_Test.test_7(LONGEST_COMMON_SUBSEQUENCE_Test.java:58)
    at sun.reflect.NativeMethodAccessorImpl.invoke0(Native Method)
    at sun.reflect.NativeMethodAccessorImpl.invoke(NativeMethodAccessorImpl.java:62)
    at sun.reflect.DelegatingMethodAccessorImpl.invoke(DelegatingMethodAccessorImpl.java:43)
~ test_3(java_testcases.junit.LONGEST_COMMON_SUBSEQUENCE_Test)
[expected:<t[s]itest> but was:<t[i]itest>]
org.junit.ComparisonFailure: expected:<t[s]itest> but was:<t[i]itest>    at org.junit.Assert.assertEquals(Assert.java:115)
    at org.junit.Assert.assertEquals(Assert.java:144)
    at java_testcases.junit.LONGEST_COMMON_SUBSEQUENCE_Test.test_3(LONGEST_COMMON_SUBSEQUENCE_Test.java:30)
    at sun.reflect.NativeMethodAccessorImpl.invoke0(Native Method)
    at sun.reflect.NativeMethodAccessorImpl.invoke(NativeMethodAccessorImpl.java:62)
    at sun.reflect.DelegatingMethodAccessorImpl.invoke(DelegatingMethodAccessorImpl.java:43)
~ test_5(java_testcases.junit.LONGEST_COMMON_SUBSEQUENCE_Test)
[expected:<b[cba]> but was:<b[bdab]>]
org.junit.ComparisonFailure: expected:<b[cba]> but was:<b[bdab]>    at org.junit.Assert.assertEquals(Assert.java:115)
    at org.junit.Assert.assertEquals(Assert.java:144)
    at java_testcases.junit.LONGEST_COMMON_SUBSEQUENCE_Test.test_5(LONGEST_COMMON_SUBSEQUENCE_Test.java:44)
    at sun.reflect.NativeMethodAccessorImpl.invoke0(Native Method)
    at sun.reflect.NativeMethodAccessorImpl.invoke(NativeMethodAccessorImpl.java:62)
    at sun.reflect.DelegatingMethodAccessorImpl.invoke(DelegatingMethodAccessorImpl.java:43)
~ test_6(java_testcases.junit.LONGEST_COMMON_SUBSEQUENCE_Test)
[expected:<TAAG[]> but was:<TAAG[C]>]
org.junit.ComparisonFailure: expected:<TAAG[]> but was:<TAAG[C]>    at org.junit.Assert.assertEquals(Assert.java:115)
    at org.junit.Assert.assertEquals(Assert.java:144)
    at java_testcases.junit.LONGEST_COMMON_SUBSEQUENCE_Test.test_6(LONGEST_COMMON_SUBSEQUENCE_Test.java:51)
    at sun.reflect.NativeMethodAccessorImpl.invoke0(Native Method)
    at sun.reflect.NativeMethodAccessorImpl.invoke(NativeMethodAccessorImpl.java:62)
    at sun.reflect.DelegatingMethodAccessorImpl.invoke(DelegatingMethodAccessorImpl.java:43)
~ test_7(java_testcases.junit.LONGEST_COMMON_SUBSEQUENCE_Test)
[expected:<B[CBA]> but was:<B[BDAB]>]
org.junit.ComparisonFailure: expected:<B[CBA]> but was:<B[BDAB]>    at org.junit.Assert.assertEquals(Assert.java:115)
    at org.junit.Assert.assertEquals(Assert.java:144)
    at java_testcases.junit.LONGEST_COMMON_SUBSEQUENCE_Test.test_7(LONGEST_COMMON_SUBSEQUENCE_Test.java:58)
    at sun.reflect.NativeMethodAccessorImpl.invoke0(Native Method)
    at sun.reflect.NativeMethodAccessorImpl.invoke(NativeMethodAccessorImpl.java:62)
    at sun.reflect.DelegatingMethodAccessorImpl.invoke(DelegatingMethodAccessorImpl.java:43)
~ test_3(java_testcases.junit.LONGEST_COMMON_SUBSEQUENCE_Test)
[expected:<t[s]itest> but was:<t[i]itest>]
org.junit.ComparisonFailure: expected:<t[s]itest> but was:<t[i]itest>    at org.junit.Assert.assertEquals(Assert.java:115)
    at org.junit.Assert.assertEquals(Assert.java:144)
    at java_testcases.junit.LONGEST_COMMON_SUBSEQUENCE_Test.test_3(LONGEST_COMMON_SUBSEQUENCE_Test.java:30)
    at sun.reflect.NativeMethodAccessorImpl.invoke0(Native Method)
    at sun.reflect.NativeMethodAccessorImpl.invoke(NativeMethodAccessorImpl.java:62)
    at sun.reflect.DelegatingMethodAccessorImpl.invoke(DelegatingMethodAccessorImpl.java:43)
~ test_5(java_testcases.junit.LONGEST_COMMON_SUBSEQUENCE_Test)
[expected:<b[cba]> but was:<b[bdab]>]
org.junit.ComparisonFailure: expected:<b[cba]> but was:<b[bdab]>    at org.junit.Assert.assertEquals(Assert.java:115)
    at org.junit.Assert.assertEquals(Assert.java:144)
    at java_testcases.junit.LONGEST_COMMON_SUBSEQUENCE_Test.test_5(LONGEST_COMMON_SUBSEQUENCE_Test.java:44)
    at sun.reflect.NativeMethodAccessorImpl.invoke0(Native Method)
    at sun.reflect.NativeMethodAccessorImpl.invoke(NativeMethodAccessorImpl.java:62)
    at sun.reflect.DelegatingMethodAccessorImpl.invoke(DelegatingMethodAccessorImpl.java:43)
~ test_6(java_testcases.junit.LONGEST_COMMON_SUBSEQUENCE_Test)
[expected:<TAAG[]> but was:<TAAG[C]>]
org.junit.ComparisonFailure: expected:<TAAG[]> but was:<TAAG[C]>    at org.junit.Assert.assertEquals(Assert.java:115)
    at org.junit.Assert.assertEquals(Assert.java:144)
    at java_testcases.junit.LONGEST_COMMON_SUBSEQUENCE_Test.test_6(LONGEST_COMMON_SUBSEQUENCE_Test.java:51)
    at sun.reflect.NativeMethodAccessorImpl.invoke0(Native Method)
    at sun.reflect.NativeMethodAccessorImpl.invoke(NativeMethodAccessorImpl.java:62)
    at sun.reflect.DelegatingMethodAccessorImpl.invoke(DelegatingMethodAccessorImpl.java:43)
~ test_7(java_testcases.junit.LONGEST_COMMON_SUBSEQUENCE_Test)
[expected:<B[CBA]> but was:<B[BDAB]>]
org.junit.ComparisonFailure: expected:<B[CBA]> but was:<B[BDAB]>    at org.junit.Assert.assertEquals(Assert.java:115)
    at org.junit.Assert.assertEquals(Assert.java:144)
    at java_testcases.junit.LONGEST_COMMON_SUBSEQUENCE_Test.test_7(LONGEST_COMMON_SUBSEQUENCE_Test.java:58)
    at sun.reflect.NativeMethodAccessorImpl.invoke0(Native Method)
    at sun.reflect.NativeMethodAccessorImpl.invoke(NativeMethodAccessorImpl.java:62)
    at sun.reflect.DelegatingMethodAccessorImpl.invoke(DelegatingMethodAccessorImpl.java:43)
~ test_3(java_testcases.junit.LONGEST_COMMON_SUBSEQUENCE_Test)
[expected:<t[s]itest> but was:<t[i]itest>]
org.junit.ComparisonFailure: expected:<t[s]itest> but was:<t[i]itest>    at org.junit.Assert.assertEquals(Assert.java:115)
    at org.junit.Assert.assertEquals(Assert.java:144)
    at java_testcases.junit.LONGEST_COMMON_SUBSEQUENCE_Test.test_3(LONGEST_COMMON_SUBSEQUENCE_Test.java:30)
    at sun.reflect.NativeMethodAccessorImpl.invoke0(Native Method)
    at sun.reflect.NativeMethodAccessorImpl.invoke(NativeMethodAccessorImpl.java:62)
    at sun.reflect.DelegatingMethodAccessorImpl.invoke(DelegatingMethodAccessorImpl.java:43)
~ test_5(java_testcases.junit.LONGEST_COMMON_SUBSEQUENCE_Test)
[expected:<b[cba]> but was:<b[bdab]>]
org.junit.ComparisonFailure: expected:<b[cba]> but was:<b[bdab]>    at org.junit.Assert.assertEquals(Assert.java:115)
    at org.junit.Assert.assertEquals(Assert.java:144)
    at java_testcases.junit.LONGEST_COMMON_SUBSEQUENCE_Test.test_5(LONGEST_COMMON_SUBSEQUENCE_Test.java:44)
    at sun.reflect.NativeMethodAccessorImpl.invoke0(Native Method)
    at sun.reflect.NativeMethodAccessorImpl.invoke(NativeMethodAccessorImpl.java:62)
    at sun.reflect.DelegatingMethodAccessorImpl.invoke(DelegatingMethodAccessorImpl.java:43)
~ test_6(java_testcases.junit.LONGEST_COMMON_SUBSEQUENCE_Test)
[expected:<TAAG[]> but was:<TAAG[C]>]
org.junit.ComparisonFailure: expected:<TAAG[]> but was:<TAAG[C]>    at org.junit.Assert.assertEquals(Assert.java:115)
    at org.junit.Assert.assertEquals(Assert.java:144)
    at java_testcases.junit.LONGEST_COMMON_SUBSEQUENCE_Test.test_6(LONGEST_COMMON_SUBSEQUENCE_Test.java:51)
    at sun.reflect.NativeMethodAccessorImpl.invoke0(Native Method)
    at sun.reflect.NativeMethodAccessorImpl.invoke(NativeMethodAccessorImpl.java:62)
    at sun.reflect.DelegatingMethodAccessorImpl.invoke(DelegatingMethodAccessorImpl.java:43)
~ test_7(java_testcases.junit.LONGEST_COMMON_SUBSEQUENCE_Test)
[expected:<B[CBA]> but was:<B[BDAB]>]
org.junit.ComparisonFailure: expected:<B[CBA]> but was:<B[BDAB]>    at org.junit.Assert.assertEquals(Assert.java:115)
    at org.junit.Assert.assertEquals(Assert.java:144)
    at java_testcases.junit.LONGEST_COMMON_SUBSEQUENCE_Test.test_7(LONGEST_COMMON_SUBSEQUENCE_Test.java:58)
    at sun.reflect.NativeMethodAccessorImpl.invoke0(Native Method)
    at sun.reflect.NativeMethodAccessorImpl.invoke(NativeMethodAccessorImpl.java:62)
    at sun.reflect.DelegatingMethodAccessorImpl.invoke(DelegatingMethodAccessorImpl.java:43)

12:03:36.359 [pool-7-thread-1] ERROR x.java.compiler.DynamicClassCompiler - [Compilation errors]
LONGEST_COMMON_SUBSEQUENCE.java:21: error: missing return statement
    }
    ^
xxl.java.compiler.DynamicCompilationException: Aborting: dynamic compilation failed
	at xxl.java.compiler.DynamicClassCompiler.runCompilationTask(DynamicClassCompiler.java:99)
	at xxl.java.compiler.DynamicClassCompiler.javaBytecodeFor(DynamicClassCompiler.java:67)
	at fr.inria.lille.commons.spoon.SpoonedFile.compilationFor(SpoonedFile.java:203)
	at fr.inria.lille.commons.spoon.SpoonedFile.compileModelledClasses(SpoonedFile.java:177)
	at fr.inria.lille.commons.spoon.SpoonedFile.dumpedToClassLoader(SpoonedFile.java:130)
	at fr.inria.lille.commons.spoon.SpoonedFile.processedAndDumpedToClassLoader(SpoonedFile.java:140)
	at fr.inria.lille.commons.spoon.SpoonedFile.processedAndDumpedToClassLoader(SpoonedFile.java:135)
	at fr.inria.lille.repair.nopol.synth.dynamoth.DynamothSynthesizer.findAngelicValuesAndBuildPatch(DynamothSynthesizer.java:69)
	at fr.inria.lille.repair.nopol.NoPol.runNopolProcessor(NoPol.java:295)
	at fr.inria.lille.repair.nopol.NoPol.access$000(NoPol.java:81)
	at fr.inria.lille.repair.nopol.NoPol$1.call(NoPol.java:260)
	at java.util.concurrent.FutureTask.run(FutureTask.java:266)
	at java.util.concurrent.ThreadPoolExecutor.runWorker(ThreadPoolExecutor.java:1149)
	at java.util.concurrent.ThreadPoolExecutor$Worker.run(ThreadPoolExecutor.java:624)
	at java.lang.Thread.run(Thread.java:748)
12:03:36.359 [pool-2-thread-1] DEBUG fr.inria.lille.repair.nopol.NoPol - looking with class fr.inria.lille.repair.nopol.spoon.smt.ConditionalReplacer
org.junit.ComparisonFailure: expected:<t[s]itest> but was:<t[i]itest>
    at org.junit.Assert.assertEquals(Assert.java:115)
    at org.junit.Assert.assertEquals(Assert.java:144)
    at java_testcases.junit.LONGEST_COMMON_SUBSEQUENCE_Test.test_3(LONGEST_COMMON_SUBSEQUENCE_Test.java:30)
    at sun.reflect.NativeMethodAccessorImpl.invoke0(Native Method)
    at sun.reflect.NativeMethodAccessorImpl.invoke(NativeMethodAccessorImpl.java:62)
    at sun.reflect.DelegatingMethodAccessorImpl.invoke(DelegatingMethodAccessorImpl.java:43)
org.junit.ComparisonFailure: expected:<b[cba]> but was:<b[bdab]>
    at org.junit.Assert.assertEquals(Assert.java:115)
    at org.junit.Assert.assertEquals(Assert.java:144)
    at java_testcases.junit.LONGEST_COMMON_SUBSEQUENCE_Test.test_5(LONGEST_COMMON_SUBSEQUENCE_Test.java:44)
    at sun.reflect.NativeMethodAccessorImpl.invoke0(Native Method)
    at sun.reflect.NativeMethodAccessorImpl.invoke(NativeMethodAccessorImpl.java:62)
    at sun.reflect.DelegatingMethodAccessorImpl.invoke(DelegatingMethodAccessorImpl.java:43)
org.junit.ComparisonFailure: expected:<TAAG[]> but was:<TAAG[C]>
    at org.junit.Assert.assertEquals(Assert.java:115)
    at org.junit.Assert.assertEquals(Assert.java:144)
    at java_testcases.junit.LONGEST_COMMON_SUBSEQUENCE_Test.test_6(LONGEST_COMMON_SUBSEQUENCE_Test.java:51)
    at sun.reflect.NativeMethodAccessorImpl.invoke0(Native Method)
    at sun.reflect.NativeMethodAccessorImpl.invoke(NativeMethodAccessorImpl.java:62)
    at sun.reflect.DelegatingMethodAccessorImpl.invoke(DelegatingMethodAccessorImpl.java:43)
org.junit.ComparisonFailure: expected:<B[CBA]> but was:<B[BDAB]>
    at org.junit.Assert.assertEquals(Assert.java:115)
    at org.junit.Assert.assertEquals(Assert.java:144)
    at java_testcases.junit.LONGEST_COMMON_SUBSEQUENCE_Test.test_7(LONGEST_COMMON_SUBSEQUENCE_Test.java:58)
    at sun.reflect.NativeMethodAccessorImpl.invoke0(Native Method)
    at sun.reflect.NativeMethodAccessorImpl.invoke(NativeMethodAccessorImpl.java:62)
    at sun.reflect.DelegatingMethodAccessorImpl.invoke(DelegatingMethodAccessorImpl.java:43)
org.junit.ComparisonFailure: expected:<t[s]itest> but was:<t[i]itest>
    at org.junit.Assert.assertEquals(Assert.java:115)
    at org.junit.Assert.assertEquals(Assert.java:144)
    at java_testcases.junit.LONGEST_COMMON_SUBSEQUENCE_Test.test_3(LONGEST_COMMON_SUBSEQUENCE_Test.java:30)
    at sun.reflect.NativeMethodAccessorImpl.invoke0(Native Method)
    at sun.reflect.NativeMethodAccessorImpl.invoke(NativeMethodAccessorImpl.java:62)
    at sun.reflect.DelegatingMethodAccessorImpl.invoke(DelegatingMethodAccessorImpl.java:43)
org.junit.ComparisonFailure: expected:<b[cba]> but was:<b[bdab]>
    at org.junit.Assert.assertEquals(Assert.java:115)
    at org.junit.Assert.assertEquals(Assert.java:144)
    at java_testcases.junit.LONGEST_COMMON_SUBSEQUENCE_Test.test_5(LONGEST_COMMON_SUBSEQUENCE_Test.java:44)
    at sun.reflect.NativeMethodAccessorImpl.invoke0(Native Method)
    at sun.reflect.NativeMethodAccessorImpl.invoke(NativeMethodAccessorImpl.java:62)
    at sun.reflect.DelegatingMethodAccessorImpl.invoke(DelegatingMethodAccessorImpl.java:43)
org.junit.ComparisonFailure: expected:<TAAG[]> but was:<TAAG[C]>
    at org.junit.Assert.assertEquals(Assert.java:115)
    at org.junit.Assert.assertEquals(Assert.java:144)
    at java_testcases.junit.LONGEST_COMMON_SUBSEQUENCE_Test.test_6(LONGEST_COMMON_SUBSEQUENCE_Test.java:51)
    at sun.reflect.NativeMethodAccessorImpl.invoke0(Native Method)
    at sun.reflect.NativeMethodAccessorImpl.invoke(NativeMethodAccessorImpl.java:62)
    at sun.reflect.DelegatingMethodAccessorImpl.invoke(DelegatingMethodAccessorImpl.java:43)
org.junit.ComparisonFailure: expected:<B[CBA]> but was:<B[BDAB]>
    at org.junit.Assert.assertEquals(Assert.java:115)
    at org.junit.Assert.assertEquals(Assert.java:144)
    at java_testcases.junit.LONGEST_COMMON_SUBSEQUENCE_Test.test_7(LONGEST_COMMON_SUBSEQUENCE_Test.java:58)
    at sun.reflect.NativeMethodAccessorImpl.invoke0(Native Method)
    at sun.reflect.NativeMethodAccessorImpl.invoke(NativeMethodAccessorImpl.java:62)
    at sun.reflect.DelegatingMethodAccessorImpl.invoke(DelegatingMethodAccessorImpl.java:43)
org.junit.ComparisonFailure: expected:<t[s]itest> but was:<t[i]itest>
    at org.junit.Assert.assertEquals(Assert.java:115)
    at org.junit.Assert.assertEquals(Assert.java:144)
    at java_testcases.junit.LONGEST_COMMON_SUBSEQUENCE_Test.test_3(LONGEST_COMMON_SUBSEQUENCE_Test.java:30)
    at sun.reflect.NativeMethodAccessorImpl.invoke0(Native Method)
    at sun.reflect.NativeMethodAccessorImpl.invoke(NativeMethodAccessorImpl.java:62)
    at sun.reflect.DelegatingMethodAccessorImpl.invoke(DelegatingMethodAccessorImpl.java:43)
org.junit.ComparisonFailure: expected:<b[cba]> but was:<b[bdab]>
    at org.junit.Assert.assertEquals(Assert.java:115)
    at org.junit.Assert.assertEquals(Assert.java:144)
    at java_testcases.junit.LONGEST_COMMON_SUBSEQUENCE_Test.test_5(LONGEST_COMMON_SUBSEQUENCE_Test.java:44)
    at sun.reflect.NativeMethodAccessorImpl.invoke0(Native Method)
    at sun.reflect.NativeMethodAccessorImpl.invoke(NativeMethodAccessorImpl.java:62)
    at sun.reflect.DelegatingMethodAccessorImpl.invoke(DelegatingMethodAccessorImpl.java:43)
org.junit.ComparisonFailure: expected:<TAAG[]> but was:<TAAG[C]>
    at org.junit.Assert.assertEquals(Assert.java:115)
    at org.junit.Assert.assertEquals(Assert.java:144)
    at java_testcases.junit.LONGEST_COMMON_SUBSEQUENCE_Test.test_6(LONGEST_COMMON_SUBSEQUENCE_Test.java:51)
    at sun.reflect.NativeMethodAccessorImpl.invoke0(Native Method)
    at sun.reflect.NativeMethodAccessorImpl.invoke(NativeMethodAccessorImpl.java:62)
    at sun.reflect.DelegatingMethodAccessorImpl.invoke(DelegatingMethodAccessorImpl.java:43)
org.junit.ComparisonFailure: expected:<B[CBA]> but was:<B[BDAB]>
    at org.junit.Assert.assertEquals(Assert.java:115)
    at org.junit.Assert.assertEquals(Assert.java:144)
    at java_testcases.junit.LONGEST_COMMON_SUBSEQUENCE_Test.test_7(LONGEST_COMMON_SUBSEQUENCE_Test.java:58)
    at sun.reflect.NativeMethodAccessorImpl.invoke0(Native Method)
    at sun.reflect.NativeMethodAccessorImpl.invoke(NativeMethodAccessorImpl.java:62)
    at sun.reflect.DelegatingMethodAccessorImpl.invoke(DelegatingMethodAccessorImpl.java:43)
org.junit.ComparisonFailure: expected:<t[s]itest> but was:<t[i]itest>
    at org.junit.Assert.assertEquals(Assert.java:115)
    at org.junit.Assert.assertEquals(Assert.java:144)
    at java_testcases.junit.LONGEST_COMMON_SUBSEQUENCE_Test.test_3(LONGEST_COMMON_SUBSEQUENCE_Test.java:30)
    at sun.reflect.NativeMethodAccessorImpl.invoke0(Native Method)
    at sun.reflect.NativeMethodAccessorImpl.invoke(NativeMethodAccessorImpl.java:62)
    at sun.reflect.DelegatingMethodAccessorImpl.invoke(DelegatingMethodAccessorImpl.java:43)
org.junit.ComparisonFailure: expected:<b[cba]> but was:<b[bdab]>
    at org.junit.Assert.assertEquals(Assert.java:115)
    at org.junit.Assert.assertEquals(Assert.java:144)
    at java_testcases.junit.LONGEST_COMMON_SUBSEQUENCE_Test.test_5(LONGEST_COMMON_SUBSEQUENCE_Test.java:44)
    at sun.reflect.NativeMethodAccessorImpl.invoke0(Native Method)
    at sun.reflect.NativeMethodAccessorImpl.invoke(NativeMethodAccessorImpl.java:62)
    at sun.reflect.DelegatingMethodAccessorImpl.invoke(DelegatingMethodAccessorImpl.java:43)
org.junit.ComparisonFailure: expected:<TAAG[]> but was:<TAAG[C]>
    at org.junit.Assert.assertEquals(Assert.java:115)
    at org.junit.Assert.assertEquals(Assert.java:144)
    at java_testcases.junit.LONGEST_COMMON_SUBSEQUENCE_Test.test_6(LONGEST_COMMON_SUBSEQUENCE_Test.java:51)
    at sun.reflect.NativeMethodAccessorImpl.invoke0(Native Method)
    at sun.reflect.NativeMethodAccessorImpl.invoke(NativeMethodAccessorImpl.java:62)
    at sun.reflect.DelegatingMethodAccessorImpl.invoke(DelegatingMethodAccessorImpl.java:43)
org.junit.ComparisonFailure: expected:<B[CBA]> but was:<B[BDAB]>
    at org.junit.Assert.assertEquals(Assert.java:115)
    at org.junit.Assert.assertEquals(Assert.java:144)
    at java_testcases.junit.LONGEST_COMMON_SUBSEQUENCE_Test.test_7(LONGEST_COMMON_SUBSEQUENCE_Test.java:58)
    at sun.reflect.NativeMethodAccessorImpl.invoke0(Native Method)
    at sun.reflect.NativeMethodAccessorImpl.invoke(NativeMethodAccessorImpl.java:62)
    at sun.reflect.DelegatingMethodAccessorImpl.invoke(DelegatingMethodAccessorImpl.java:43)
12:03:36.546 [pool-10-thread-1] INFO  xxl.java.junit.TestCasesListener - Tests run finished (184 ms)
<> Total tests run: 40
<> Ignored tests: 0
<> Failed tests: 16
~ test_3(java_testcases.junit.LONGEST_COMMON_SUBSEQUENCE_Test)
[expected:<t[s]itest> but was:<t[i]itest>]
org.junit.ComparisonFailure: expected:<t[s]itest> but was:<t[i]itest>    at org.junit.Assert.assertEquals(Assert.java:115)
    at org.junit.Assert.assertEquals(Assert.java:144)
    at java_testcases.junit.LONGEST_COMMON_SUBSEQUENCE_Test.test_3(LONGEST_COMMON_SUBSEQUENCE_Test.java:30)
    at sun.reflect.NativeMethodAccessorImpl.invoke0(Native Method)
    at sun.reflect.NativeMethodAccessorImpl.invoke(NativeMethodAccessorImpl.java:62)
    at sun.reflect.DelegatingMethodAccessorImpl.invoke(DelegatingMethodAccessorImpl.java:43)
~ test_5(java_testcases.junit.LONGEST_COMMON_SUBSEQUENCE_Test)
[expected:<b[cba]> but was:<b[bdab]>]
org.junit.ComparisonFailure: expected:<b[cba]> but was:<b[bdab]>    at org.junit.Assert.assertEquals(Assert.java:115)
    at org.junit.Assert.assertEquals(Assert.java:144)
    at java_testcases.junit.LONGEST_COMMON_SUBSEQUENCE_Test.test_5(LONGEST_COMMON_SUBSEQUENCE_Test.java:44)
    at sun.reflect.NativeMethodAccessorImpl.invoke0(Native Method)
    at sun.reflect.NativeMethodAccessorImpl.invoke(NativeMethodAccessorImpl.java:62)
    at sun.reflect.DelegatingMethodAccessorImpl.invoke(DelegatingMethodAccessorImpl.java:43)
~ test_6(java_testcases.junit.LONGEST_COMMON_SUBSEQUENCE_Test)
[expected:<TAAG[]> but was:<TAAG[C]>]
org.junit.ComparisonFailure: expected:<TAAG[]> but was:<TAAG[C]>    at org.junit.Assert.assertEquals(Assert.java:115)
    at org.junit.Assert.assertEquals(Assert.java:144)
    at java_testcases.junit.LONGEST_COMMON_SUBSEQUENCE_Test.test_6(LONGEST_COMMON_SUBSEQUENCE_Test.java:51)
    at sun.reflect.NativeMethodAccessorImpl.invoke0(Native Method)
    at sun.reflect.NativeMethodAccessorImpl.invoke(NativeMethodAccessorImpl.java:62)
    at sun.reflect.DelegatingMethodAccessorImpl.invoke(DelegatingMethodAccessorImpl.java:43)
~ test_7(java_testcases.junit.LONGEST_COMMON_SUBSEQUENCE_Test)
[expected:<B[CBA]> but was:<B[BDAB]>]
org.junit.ComparisonFailure: expected:<B[CBA]> but was:<B[BDAB]>    at org.junit.Assert.assertEquals(Assert.java:115)
    at org.junit.Assert.assertEquals(Assert.java:144)
    at java_testcases.junit.LONGEST_COMMON_SUBSEQUENCE_Test.test_7(LONGEST_COMMON_SUBSEQUENCE_Test.java:58)
    at sun.reflect.NativeMethodAccessorImpl.invoke0(Native Method)
    at sun.reflect.NativeMethodAccessorImpl.invoke(NativeMethodAccessorImpl.java:62)
    at sun.reflect.DelegatingMethodAccessorImpl.invoke(DelegatingMethodAccessorImpl.java:43)
~ test_3(java_testcases.junit.LONGEST_COMMON_SUBSEQUENCE_Test)
[expected:<t[s]itest> but was:<t[i]itest>]
org.junit.ComparisonFailure: expected:<t[s]itest> but was:<t[i]itest>    at org.junit.Assert.assertEquals(Assert.java:115)
    at org.junit.Assert.assertEquals(Assert.java:144)
    at java_testcases.junit.LONGEST_COMMON_SUBSEQUENCE_Test.test_3(LONGEST_COMMON_SUBSEQUENCE_Test.java:30)
    at sun.reflect.NativeMethodAccessorImpl.invoke0(Native Method)
    at sun.reflect.NativeMethodAccessorImpl.invoke(NativeMethodAccessorImpl.java:62)
    at sun.reflect.DelegatingMethodAccessorImpl.invoke(DelegatingMethodAccessorImpl.java:43)
~ test_5(java_testcases.junit.LONGEST_COMMON_SUBSEQUENCE_Test)
[expected:<b[cba]> but was:<b[bdab]>]
org.junit.ComparisonFailure: expected:<b[cba]> but was:<b[bdab]>    at org.junit.Assert.assertEquals(Assert.java:115)
    at org.junit.Assert.assertEquals(Assert.java:144)
    at java_testcases.junit.LONGEST_COMMON_SUBSEQUENCE_Test.test_5(LONGEST_COMMON_SUBSEQUENCE_Test.java:44)
    at sun.reflect.NativeMethodAccessorImpl.invoke0(Native Method)
    at sun.reflect.NativeMethodAccessorImpl.invoke(NativeMethodAccessorImpl.java:62)
    at sun.reflect.DelegatingMethodAccessorImpl.invoke(DelegatingMethodAccessorImpl.java:43)
~ test_6(java_testcases.junit.LONGEST_COMMON_SUBSEQUENCE_Test)
[expected:<TAAG[]> but was:<TAAG[C]>]
org.junit.ComparisonFailure: expected:<TAAG[]> but was:<TAAG[C]>    at org.junit.Assert.assertEquals(Assert.java:115)
    at org.junit.Assert.assertEquals(Assert.java:144)
    at java_testcases.junit.LONGEST_COMMON_SUBSEQUENCE_Test.test_6(LONGEST_COMMON_SUBSEQUENCE_Test.java:51)
    at sun.reflect.NativeMethodAccessorImpl.invoke0(Native Method)
    at sun.reflect.NativeMethodAccessorImpl.invoke(NativeMethodAccessorImpl.java:62)
    at sun.reflect.DelegatingMethodAccessorImpl.invoke(DelegatingMethodAccessorImpl.java:43)
~ test_7(java_testcases.junit.LONGEST_COMMON_SUBSEQUENCE_Test)
[expected:<B[CBA]> but was:<B[BDAB]>]
org.junit.ComparisonFailure: expected:<B[CBA]> but was:<B[BDAB]>    at org.junit.Assert.assertEquals(Assert.java:115)
    at org.junit.Assert.assertEquals(Assert.java:144)
    at java_testcases.junit.LONGEST_COMMON_SUBSEQUENCE_Test.test_7(LONGEST_COMMON_SUBSEQUENCE_Test.java:58)
    at sun.reflect.NativeMethodAccessorImpl.invoke0(Native Method)
    at sun.reflect.NativeMethodAccessorImpl.invoke(NativeMethodAccessorImpl.java:62)
    at sun.reflect.DelegatingMethodAccessorImpl.invoke(DelegatingMethodAccessorImpl.java:43)
~ test_3(java_testcases.junit.LONGEST_COMMON_SUBSEQUENCE_Test)
[expected:<t[s]itest> but was:<t[i]itest>]
org.junit.ComparisonFailure: expected:<t[s]itest> but was:<t[i]itest>    at org.junit.Assert.assertEquals(Assert.java:115)
    at org.junit.Assert.assertEquals(Assert.java:144)
    at java_testcases.junit.LONGEST_COMMON_SUBSEQUENCE_Test.test_3(LONGEST_COMMON_SUBSEQUENCE_Test.java:30)
    at sun.reflect.NativeMethodAccessorImpl.invoke0(Native Method)
    at sun.reflect.NativeMethodAccessorImpl.invoke(NativeMethodAccessorImpl.java:62)
    at sun.reflect.DelegatingMethodAccessorImpl.invoke(DelegatingMethodAccessorImpl.java:43)
~ test_5(java_testcases.junit.LONGEST_COMMON_SUBSEQUENCE_Test)
[expected:<b[cba]> but was:<b[bdab]>]
org.junit.ComparisonFailure: expected:<b[cba]> but was:<b[bdab]>    at org.junit.Assert.assertEquals(Assert.java:115)
    at org.junit.Assert.assertEquals(Assert.java:144)
    at java_testcases.junit.LONGEST_COMMON_SUBSEQUENCE_Test.test_5(LONGEST_COMMON_SUBSEQUENCE_Test.java:44)
    at sun.reflect.NativeMethodAccessorImpl.invoke0(Native Method)
    at sun.reflect.NativeMethodAccessorImpl.invoke(NativeMethodAccessorImpl.java:62)
    at sun.reflect.DelegatingMethodAccessorImpl.invoke(DelegatingMethodAccessorImpl.java:43)
~ test_6(java_testcases.junit.LONGEST_COMMON_SUBSEQUENCE_Test)
[expected:<TAAG[]> but was:<TAAG[C]>]
org.junit.ComparisonFailure: expected:<TAAG[]> but was:<TAAG[C]>    at org.junit.Assert.assertEquals(Assert.java:115)
    at org.junit.Assert.assertEquals(Assert.java:144)
    at java_testcases.junit.LONGEST_COMMON_SUBSEQUENCE_Test.test_6(LONGEST_COMMON_SUBSEQUENCE_Test.java:51)
    at sun.reflect.NativeMethodAccessorImpl.invoke0(Native Method)
    at sun.reflect.NativeMethodAccessorImpl.invoke(NativeMethodAccessorImpl.java:62)
    at sun.reflect.DelegatingMethodAccessorImpl.invoke(DelegatingMethodAccessorImpl.java:43)
~ test_7(java_testcases.junit.LONGEST_COMMON_SUBSEQUENCE_Test)
[expected:<B[CBA]> but was:<B[BDAB]>]
org.junit.ComparisonFailure: expected:<B[CBA]> but was:<B[BDAB]>    at org.junit.Assert.assertEquals(Assert.java:115)
    at org.junit.Assert.assertEquals(Assert.java:144)
    at java_testcases.junit.LONGEST_COMMON_SUBSEQUENCE_Test.test_7(LONGEST_COMMON_SUBSEQUENCE_Test.java:58)
    at sun.reflect.NativeMethodAccessorImpl.invoke0(Native Method)
    at sun.reflect.NativeMethodAccessorImpl.invoke(NativeMethodAccessorImpl.java:62)
    at sun.reflect.DelegatingMethodAccessorImpl.invoke(DelegatingMethodAccessorImpl.java:43)
~ test_3(java_testcases.junit.LONGEST_COMMON_SUBSEQUENCE_Test)
[expected:<t[s]itest> but was:<t[i]itest>]
org.junit.ComparisonFailure: expected:<t[s]itest> but was:<t[i]itest>    at org.junit.Assert.assertEquals(Assert.java:115)
    at org.junit.Assert.assertEquals(Assert.java:144)
    at java_testcases.junit.LONGEST_COMMON_SUBSEQUENCE_Test.test_3(LONGEST_COMMON_SUBSEQUENCE_Test.java:30)
    at sun.reflect.NativeMethodAccessorImpl.invoke0(Native Method)
    at sun.reflect.NativeMethodAccessorImpl.invoke(NativeMethodAccessorImpl.java:62)
    at sun.reflect.DelegatingMethodAccessorImpl.invoke(DelegatingMethodAccessorImpl.java:43)
~ test_5(java_testcases.junit.LONGEST_COMMON_SUBSEQUENCE_Test)
[expected:<b[cba]> but was:<b[bdab]>]
org.junit.ComparisonFailure: expected:<b[cba]> but was:<b[bdab]>    at org.junit.Assert.assertEquals(Assert.java:115)
    at org.junit.Assert.assertEquals(Assert.java:144)
    at java_testcases.junit.LONGEST_COMMON_SUBSEQUENCE_Test.test_5(LONGEST_COMMON_SUBSEQUENCE_Test.java:44)
    at sun.reflect.NativeMethodAccessorImpl.invoke0(Native Method)
    at sun.reflect.NativeMethodAccessorImpl.invoke(NativeMethodAccessorImpl.java:62)
    at sun.reflect.DelegatingMethodAccessorImpl.invoke(DelegatingMethodAccessorImpl.java:43)
~ test_6(java_testcases.junit.LONGEST_COMMON_SUBSEQUENCE_Test)
[expected:<TAAG[]> but was:<TAAG[C]>]
org.junit.ComparisonFailure: expected:<TAAG[]> but was:<TAAG[C]>    at org.junit.Assert.assertEquals(Assert.java:115)
    at org.junit.Assert.assertEquals(Assert.java:144)
    at java_testcases.junit.LONGEST_COMMON_SUBSEQUENCE_Test.test_6(LONGEST_COMMON_SUBSEQUENCE_Test.java:51)
    at sun.reflect.NativeMethodAccessorImpl.invoke0(Native Method)
    at sun.reflect.NativeMethodAccessorImpl.invoke(NativeMethodAccessorImpl.java:62)
    at sun.reflect.DelegatingMethodAccessorImpl.invoke(DelegatingMethodAccessorImpl.java:43)
~ test_7(java_testcases.junit.LONGEST_COMMON_SUBSEQUENCE_Test)
[expected:<B[CBA]> but was:<B[BDAB]>]
org.junit.ComparisonFailure: expected:<B[CBA]> but was:<B[BDAB]>    at org.junit.Assert.assertEquals(Assert.java:115)
    at org.junit.Assert.assertEquals(Assert.java:144)
    at java_testcases.junit.LONGEST_COMMON_SUBSEQUENCE_Test.test_7(LONGEST_COMMON_SUBSEQUENCE_Test.java:58)
    at sun.reflect.NativeMethodAccessorImpl.invoke0(Native Method)
    at sun.reflect.NativeMethodAccessorImpl.invoke(NativeMethodAccessorImpl.java:62)
    at sun.reflect.DelegatingMethodAccessorImpl.invoke(DelegatingMethodAccessorImpl.java:43)

12:03:38.105 [pool-2-thread-1] DEBUG fr.inria.lille.repair.nopol.NoPol - statement #7
12:03:38.105 [pool-2-thread-1] DEBUG fr.inria.lille.repair.nopol.NoPol - Analysing SourceLocation java_programs.LONGEST_COMMON_SUBSEQUENCE:16 which is executed by 10 tests
-358319485
12:03:38.140 [pool-2-thread-1] DEBUG fr.inria.lille.repair.nopol.NoPol - looking with class fr.inria.lille.repair.nopol.spoon.smt.ConditionalAdder
org.junit.ComparisonFailure: expected:<t[s]itest> but was:<t[i]itest>
    at org.junit.Assert.assertEquals(Assert.java:115)
    at org.junit.Assert.assertEquals(Assert.java:144)
    at java_testcases.junit.LONGEST_COMMON_SUBSEQUENCE_Test.test_3(LONGEST_COMMON_SUBSEQUENCE_Test.java:30)
    at sun.reflect.NativeMethodAccessorImpl.invoke0(Native Method)
    at sun.reflect.NativeMethodAccessorImpl.invoke(NativeMethodAccessorImpl.java:62)
    at sun.reflect.DelegatingMethodAccessorImpl.invoke(DelegatingMethodAccessorImpl.java:43)
org.junit.ComparisonFailure: expected:<b[cba]> but was:<b[bdab]>
    at org.junit.Assert.assertEquals(Assert.java:115)
    at org.junit.Assert.assertEquals(Assert.java:144)
    at java_testcases.junit.LONGEST_COMMON_SUBSEQUENCE_Test.test_5(LONGEST_COMMON_SUBSEQUENCE_Test.java:44)
    at sun.reflect.NativeMethodAccessorImpl.invoke0(Native Method)
    at sun.reflect.NativeMethodAccessorImpl.invoke(NativeMethodAccessorImpl.java:62)
    at sun.reflect.DelegatingMethodAccessorImpl.invoke(DelegatingMethodAccessorImpl.java:43)
org.junit.ComparisonFailure: expected:<TAAG[]> but was:<TAAG[C]>
    at org.junit.Assert.assertEquals(Assert.java:115)
    at org.junit.Assert.assertEquals(Assert.java:144)
    at java_testcases.junit.LONGEST_COMMON_SUBSEQUENCE_Test.test_6(LONGEST_COMMON_SUBSEQUENCE_Test.java:51)
    at sun.reflect.NativeMethodAccessorImpl.invoke0(Native Method)
    at sun.reflect.NativeMethodAccessorImpl.invoke(NativeMethodAccessorImpl.java:62)
    at sun.reflect.DelegatingMethodAccessorImpl.invoke(DelegatingMethodAccessorImpl.java:43)
org.junit.ComparisonFailure: expected:<B[CBA]> but was:<B[BDAB]>
    at org.junit.Assert.assertEquals(Assert.java:115)
    at org.junit.Assert.assertEquals(Assert.java:144)
    at java_testcases.junit.LONGEST_COMMON_SUBSEQUENCE_Test.test_7(LONGEST_COMMON_SUBSEQUENCE_Test.java:58)
    at sun.reflect.NativeMethodAccessorImpl.invoke0(Native Method)
    at sun.reflect.NativeMethodAccessorImpl.invoke(NativeMethodAccessorImpl.java:62)
    at sun.reflect.DelegatingMethodAccessorImpl.invoke(DelegatingMethodAccessorImpl.java:43)
org.junit.ComparisonFailure: expected:<t[s]itest> but was:<t[i]itest>
    at org.junit.Assert.assertEquals(Assert.java:115)
    at org.junit.Assert.assertEquals(Assert.java:144)
    at java_testcases.junit.LONGEST_COMMON_SUBSEQUENCE_Test.test_3(LONGEST_COMMON_SUBSEQUENCE_Test.java:30)
    at sun.reflect.NativeMethodAccessorImpl.invoke0(Native Method)
    at sun.reflect.NativeMethodAccessorImpl.invoke(NativeMethodAccessorImpl.java:62)
    at sun.reflect.DelegatingMethodAccessorImpl.invoke(DelegatingMethodAccessorImpl.java:43)
org.junit.ComparisonFailure: expected:<b[cba]> but was:<b[bdab]>
    at org.junit.Assert.assertEquals(Assert.java:115)
    at org.junit.Assert.assertEquals(Assert.java:144)
    at java_testcases.junit.LONGEST_COMMON_SUBSEQUENCE_Test.test_5(LONGEST_COMMON_SUBSEQUENCE_Test.java:44)
    at sun.reflect.NativeMethodAccessorImpl.invoke0(Native Method)
    at sun.reflect.NativeMethodAccessorImpl.invoke(NativeMethodAccessorImpl.java:62)
    at sun.reflect.DelegatingMethodAccessorImpl.invoke(DelegatingMethodAccessorImpl.java:43)
org.junit.ComparisonFailure: expected:<TAAG[]> but was:<TAAG[C]>
    at org.junit.Assert.assertEquals(Assert.java:115)
    at org.junit.Assert.assertEquals(Assert.java:144)
    at java_testcases.junit.LONGEST_COMMON_SUBSEQUENCE_Test.test_6(LONGEST_COMMON_SUBSEQUENCE_Test.java:51)
    at sun.reflect.NativeMethodAccessorImpl.invoke0(Native Method)
    at sun.reflect.NativeMethodAccessorImpl.invoke(NativeMethodAccessorImpl.java:62)
    at sun.reflect.DelegatingMethodAccessorImpl.invoke(DelegatingMethodAccessorImpl.java:43)
org.junit.ComparisonFailure: expected:<B[CBA]> but was:<B[BDAB]>
    at org.junit.Assert.assertEquals(Assert.java:115)
    at org.junit.Assert.assertEquals(Assert.java:144)
    at java_testcases.junit.LONGEST_COMMON_SUBSEQUENCE_Test.test_7(LONGEST_COMMON_SUBSEQUENCE_Test.java:58)
    at sun.reflect.NativeMethodAccessorImpl.invoke0(Native Method)
    at sun.reflect.NativeMethodAccessorImpl.invoke(NativeMethodAccessorImpl.java:62)
    at sun.reflect.DelegatingMethodAccessorImpl.invoke(DelegatingMethodAccessorImpl.java:43)
org.junit.ComparisonFailure: expected:<t[s]itest> but was:<t[i]itest>
    at org.junit.Assert.assertEquals(Assert.java:115)
    at org.junit.Assert.assertEquals(Assert.java:144)
    at java_testcases.junit.LONGEST_COMMON_SUBSEQUENCE_Test.test_3(LONGEST_COMMON_SUBSEQUENCE_Test.java:30)
    at sun.reflect.NativeMethodAccessorImpl.invoke0(Native Method)
    at sun.reflect.NativeMethodAccessorImpl.invoke(NativeMethodAccessorImpl.java:62)
    at sun.reflect.DelegatingMethodAccessorImpl.invoke(DelegatingMethodAccessorImpl.java:43)
org.junit.ComparisonFailure: expected:<b[cba]> but was:<b[bdab]>
    at org.junit.Assert.assertEquals(Assert.java:115)
    at org.junit.Assert.assertEquals(Assert.java:144)
    at java_testcases.junit.LONGEST_COMMON_SUBSEQUENCE_Test.test_5(LONGEST_COMMON_SUBSEQUENCE_Test.java:44)
    at sun.reflect.NativeMethodAccessorImpl.invoke0(Native Method)
    at sun.reflect.NativeMethodAccessorImpl.invoke(NativeMethodAccessorImpl.java:62)
    at sun.reflect.DelegatingMethodAccessorImpl.invoke(DelegatingMethodAccessorImpl.java:43)
org.junit.ComparisonFailure: expected:<TAAG[]> but was:<TAAG[C]>
    at org.junit.Assert.assertEquals(Assert.java:115)
    at org.junit.Assert.assertEquals(Assert.java:144)
    at java_testcases.junit.LONGEST_COMMON_SUBSEQUENCE_Test.test_6(LONGEST_COMMON_SUBSEQUENCE_Test.java:51)
    at sun.reflect.NativeMethodAccessorImpl.invoke0(Native Method)
    at sun.reflect.NativeMethodAccessorImpl.invoke(NativeMethodAccessorImpl.java:62)
    at sun.reflect.DelegatingMethodAccessorImpl.invoke(DelegatingMethodAccessorImpl.java:43)
org.junit.ComparisonFailure: expected:<B[CBA]> but was:<B[BDAB]>
    at org.junit.Assert.assertEquals(Assert.java:115)
    at org.junit.Assert.assertEquals(Assert.java:144)
    at java_testcases.junit.LONGEST_COMMON_SUBSEQUENCE_Test.test_7(LONGEST_COMMON_SUBSEQUENCE_Test.java:58)
    at sun.reflect.NativeMethodAccessorImpl.invoke0(Native Method)
    at sun.reflect.NativeMethodAccessorImpl.invoke(NativeMethodAccessorImpl.java:62)
    at sun.reflect.DelegatingMethodAccessorImpl.invoke(DelegatingMethodAccessorImpl.java:43)
org.junit.ComparisonFailure: expected:<t[s]itest> but was:<t[i]itest>
    at org.junit.Assert.assertEquals(Assert.java:115)
    at org.junit.Assert.assertEquals(Assert.java:144)
    at java_testcases.junit.LONGEST_COMMON_SUBSEQUENCE_Test.test_3(LONGEST_COMMON_SUBSEQUENCE_Test.java:30)
    at sun.reflect.NativeMethodAccessorImpl.invoke0(Native Method)
    at sun.reflect.NativeMethodAccessorImpl.invoke(NativeMethodAccessorImpl.java:62)
    at sun.reflect.DelegatingMethodAccessorImpl.invoke(DelegatingMethodAccessorImpl.java:43)
org.junit.ComparisonFailure: expected:<b[cba]> but was:<b[bdab]>
    at org.junit.Assert.assertEquals(Assert.java:115)
    at org.junit.Assert.assertEquals(Assert.java:144)
    at java_testcases.junit.LONGEST_COMMON_SUBSEQUENCE_Test.test_5(LONGEST_COMMON_SUBSEQUENCE_Test.java:44)
    at sun.reflect.NativeMethodAccessorImpl.invoke0(Native Method)
    at sun.reflect.NativeMethodAccessorImpl.invoke(NativeMethodAccessorImpl.java:62)
    at sun.reflect.DelegatingMethodAccessorImpl.invoke(DelegatingMethodAccessorImpl.java:43)
org.junit.ComparisonFailure: expected:<TAAG[]> but was:<TAAG[C]>
    at org.junit.Assert.assertEquals(Assert.java:115)
    at org.junit.Assert.assertEquals(Assert.java:144)
    at java_testcases.junit.LONGEST_COMMON_SUBSEQUENCE_Test.test_6(LONGEST_COMMON_SUBSEQUENCE_Test.java:51)
    at sun.reflect.NativeMethodAccessorImpl.invoke0(Native Method)
    at sun.reflect.NativeMethodAccessorImpl.invoke(NativeMethodAccessorImpl.java:62)
    at sun.reflect.DelegatingMethodAccessorImpl.invoke(DelegatingMethodAccessorImpl.java:43)
org.junit.ComparisonFailure: expected:<B[CBA]> but was:<B[BDAB]>
    at org.junit.Assert.assertEquals(Assert.java:115)
    at org.junit.Assert.assertEquals(Assert.java:144)
    at java_testcases.junit.LONGEST_COMMON_SUBSEQUENCE_Test.test_7(LONGEST_COMMON_SUBSEQUENCE_Test.java:58)
    at sun.reflect.NativeMethodAccessorImpl.invoke0(Native Method)
    at sun.reflect.NativeMethodAccessorImpl.invoke(NativeMethodAccessorImpl.java:62)
    at sun.reflect.DelegatingMethodAccessorImpl.invoke(DelegatingMethodAccessorImpl.java:43)
12:03:38.289 [pool-20-thread-1] INFO  xxl.java.junit.TestCasesListener - Tests run finished (146 ms)
<> Total tests run: 40
<> Ignored tests: 0
<> Failed tests: 16
~ test_3(java_testcases.junit.LONGEST_COMMON_SUBSEQUENCE_Test)
[expected:<t[s]itest> but was:<t[i]itest>]
org.junit.ComparisonFailure: expected:<t[s]itest> but was:<t[i]itest>    at org.junit.Assert.assertEquals(Assert.java:115)
    at org.junit.Assert.assertEquals(Assert.java:144)
    at java_testcases.junit.LONGEST_COMMON_SUBSEQUENCE_Test.test_3(LONGEST_COMMON_SUBSEQUENCE_Test.java:30)
    at sun.reflect.NativeMethodAccessorImpl.invoke0(Native Method)
    at sun.reflect.NativeMethodAccessorImpl.invoke(NativeMethodAccessorImpl.java:62)
    at sun.reflect.DelegatingMethodAccessorImpl.invoke(DelegatingMethodAccessorImpl.java:43)
~ test_5(java_testcases.junit.LONGEST_COMMON_SUBSEQUENCE_Test)
[expected:<b[cba]> but was:<b[bdab]>]
org.junit.ComparisonFailure: expected:<b[cba]> but was:<b[bdab]>    at org.junit.Assert.assertEquals(Assert.java:115)
    at org.junit.Assert.assertEquals(Assert.java:144)
    at java_testcases.junit.LONGEST_COMMON_SUBSEQUENCE_Test.test_5(LONGEST_COMMON_SUBSEQUENCE_Test.java:44)
    at sun.reflect.NativeMethodAccessorImpl.invoke0(Native Method)
    at sun.reflect.NativeMethodAccessorImpl.invoke(NativeMethodAccessorImpl.java:62)
    at sun.reflect.DelegatingMethodAccessorImpl.invoke(DelegatingMethodAccessorImpl.java:43)
~ test_6(java_testcases.junit.LONGEST_COMMON_SUBSEQUENCE_Test)
[expected:<TAAG[]> but was:<TAAG[C]>]
org.junit.ComparisonFailure: expected:<TAAG[]> but was:<TAAG[C]>    at org.junit.Assert.assertEquals(Assert.java:115)
    at org.junit.Assert.assertEquals(Assert.java:144)
    at java_testcases.junit.LONGEST_COMMON_SUBSEQUENCE_Test.test_6(LONGEST_COMMON_SUBSEQUENCE_Test.java:51)
    at sun.reflect.NativeMethodAccessorImpl.invoke0(Native Method)
    at sun.reflect.NativeMethodAccessorImpl.invoke(NativeMethodAccessorImpl.java:62)
    at sun.reflect.DelegatingMethodAccessorImpl.invoke(DelegatingMethodAccessorImpl.java:43)
~ test_7(java_testcases.junit.LONGEST_COMMON_SUBSEQUENCE_Test)
[expected:<B[CBA]> but was:<B[BDAB]>]
org.junit.ComparisonFailure: expected:<B[CBA]> but was:<B[BDAB]>    at org.junit.Assert.assertEquals(Assert.java:115)
    at org.junit.Assert.assertEquals(Assert.java:144)
    at java_testcases.junit.LONGEST_COMMON_SUBSEQUENCE_Test.test_7(LONGEST_COMMON_SUBSEQUENCE_Test.java:58)
    at sun.reflect.NativeMethodAccessorImpl.invoke0(Native Method)
    at sun.reflect.NativeMethodAccessorImpl.invoke(NativeMethodAccessorImpl.java:62)
    at sun.reflect.DelegatingMethodAccessorImpl.invoke(DelegatingMethodAccessorImpl.java:43)
~ test_3(java_testcases.junit.LONGEST_COMMON_SUBSEQUENCE_Test)
[expected:<t[s]itest> but was:<t[i]itest>]
org.junit.ComparisonFailure: expected:<t[s]itest> but was:<t[i]itest>    at org.junit.Assert.assertEquals(Assert.java:115)
    at org.junit.Assert.assertEquals(Assert.java:144)
    at java_testcases.junit.LONGEST_COMMON_SUBSEQUENCE_Test.test_3(LONGEST_COMMON_SUBSEQUENCE_Test.java:30)
    at sun.reflect.NativeMethodAccessorImpl.invoke0(Native Method)
    at sun.reflect.NativeMethodAccessorImpl.invoke(NativeMethodAccessorImpl.java:62)
    at sun.reflect.DelegatingMethodAccessorImpl.invoke(DelegatingMethodAccessorImpl.java:43)
~ test_5(java_testcases.junit.LONGEST_COMMON_SUBSEQUENCE_Test)
[expected:<b[cba]> but was:<b[bdab]>]
org.junit.ComparisonFailure: expected:<b[cba]> but was:<b[bdab]>    at org.junit.Assert.assertEquals(Assert.java:115)
    at org.junit.Assert.assertEquals(Assert.java:144)
    at java_testcases.junit.LONGEST_COMMON_SUBSEQUENCE_Test.test_5(LONGEST_COMMON_SUBSEQUENCE_Test.java:44)
    at sun.reflect.NativeMethodAccessorImpl.invoke0(Native Method)
    at sun.reflect.NativeMethodAccessorImpl.invoke(NativeMethodAccessorImpl.java:62)
    at sun.reflect.DelegatingMethodAccessorImpl.invoke(DelegatingMethodAccessorImpl.java:43)
~ test_6(java_testcases.junit.LONGEST_COMMON_SUBSEQUENCE_Test)
[expected:<TAAG[]> but was:<TAAG[C]>]
org.junit.ComparisonFailure: expected:<TAAG[]> but was:<TAAG[C]>    at org.junit.Assert.assertEquals(Assert.java:115)
    at org.junit.Assert.assertEquals(Assert.java:144)
    at java_testcases.junit.LONGEST_COMMON_SUBSEQUENCE_Test.test_6(LONGEST_COMMON_SUBSEQUENCE_Test.java:51)
    at sun.reflect.NativeMethodAccessorImpl.invoke0(Native Method)
    at sun.reflect.NativeMethodAccessorImpl.invoke(NativeMethodAccessorImpl.java:62)
    at sun.reflect.DelegatingMethodAccessorImpl.invoke(DelegatingMethodAccessorImpl.java:43)
~ test_7(java_testcases.junit.LONGEST_COMMON_SUBSEQUENCE_Test)
[expected:<B[CBA]> but was:<B[BDAB]>]
org.junit.ComparisonFailure: expected:<B[CBA]> but was:<B[BDAB]>    at org.junit.Assert.assertEquals(Assert.java:115)
    at org.junit.Assert.assertEquals(Assert.java:144)
    at java_testcases.junit.LONGEST_COMMON_SUBSEQUENCE_Test.test_7(LONGEST_COMMON_SUBSEQUENCE_Test.java:58)
    at sun.reflect.NativeMethodAccessorImpl.invoke0(Native Method)
    at sun.reflect.NativeMethodAccessorImpl.invoke(NativeMethodAccessorImpl.java:62)
    at sun.reflect.DelegatingMethodAccessorImpl.invoke(DelegatingMethodAccessorImpl.java:43)
~ test_3(java_testcases.junit.LONGEST_COMMON_SUBSEQUENCE_Test)
[expected:<t[s]itest> but was:<t[i]itest>]
org.junit.ComparisonFailure: expected:<t[s]itest> but was:<t[i]itest>    at org.junit.Assert.assertEquals(Assert.java:115)
    at org.junit.Assert.assertEquals(Assert.java:144)
    at java_testcases.junit.LONGEST_COMMON_SUBSEQUENCE_Test.test_3(LONGEST_COMMON_SUBSEQUENCE_Test.java:30)
    at sun.reflect.NativeMethodAccessorImpl.invoke0(Native Method)
    at sun.reflect.NativeMethodAccessorImpl.invoke(NativeMethodAccessorImpl.java:62)
    at sun.reflect.DelegatingMethodAccessorImpl.invoke(DelegatingMethodAccessorImpl.java:43)
~ test_5(java_testcases.junit.LONGEST_COMMON_SUBSEQUENCE_Test)
[expected:<b[cba]> but was:<b[bdab]>]
org.junit.ComparisonFailure: expected:<b[cba]> but was:<b[bdab]>    at org.junit.Assert.assertEquals(Assert.java:115)
    at org.junit.Assert.assertEquals(Assert.java:144)
    at java_testcases.junit.LONGEST_COMMON_SUBSEQUENCE_Test.test_5(LONGEST_COMMON_SUBSEQUENCE_Test.java:44)
    at sun.reflect.NativeMethodAccessorImpl.invoke0(Native Method)
    at sun.reflect.NativeMethodAccessorImpl.invoke(NativeMethodAccessorImpl.java:62)
    at sun.reflect.DelegatingMethodAccessorImpl.invoke(DelegatingMethodAccessorImpl.java:43)
~ test_6(java_testcases.junit.LONGEST_COMMON_SUBSEQUENCE_Test)
[expected:<TAAG[]> but was:<TAAG[C]>]
org.junit.ComparisonFailure: expected:<TAAG[]> but was:<TAAG[C]>    at org.junit.Assert.assertEquals(Assert.java:115)
    at org.junit.Assert.assertEquals(Assert.java:144)
    at java_testcases.junit.LONGEST_COMMON_SUBSEQUENCE_Test.test_6(LONGEST_COMMON_SUBSEQUENCE_Test.java:51)
    at sun.reflect.NativeMethodAccessorImpl.invoke0(Native Method)
    at sun.reflect.NativeMethodAccessorImpl.invoke(NativeMethodAccessorImpl.java:62)
    at sun.reflect.DelegatingMethodAccessorImpl.invoke(DelegatingMethodAccessorImpl.java:43)
~ test_7(java_testcases.junit.LONGEST_COMMON_SUBSEQUENCE_Test)
[expected:<B[CBA]> but was:<B[BDAB]>]
org.junit.ComparisonFailure: expected:<B[CBA]> but was:<B[BDAB]>    at org.junit.Assert.assertEquals(Assert.java:115)
    at org.junit.Assert.assertEquals(Assert.java:144)
    at java_testcases.junit.LONGEST_COMMON_SUBSEQUENCE_Test.test_7(LONGEST_COMMON_SUBSEQUENCE_Test.java:58)
    at sun.reflect.NativeMethodAccessorImpl.invoke0(Native Method)
    at sun.reflect.NativeMethodAccessorImpl.invoke(NativeMethodAccessorImpl.java:62)
    at sun.reflect.DelegatingMethodAccessorImpl.invoke(DelegatingMethodAccessorImpl.java:43)
~ test_3(java_testcases.junit.LONGEST_COMMON_SUBSEQUENCE_Test)
[expected:<t[s]itest> but was:<t[i]itest>]
org.junit.ComparisonFailure: expected:<t[s]itest> but was:<t[i]itest>    at org.junit.Assert.assertEquals(Assert.java:115)
    at org.junit.Assert.assertEquals(Assert.java:144)
    at java_testcases.junit.LONGEST_COMMON_SUBSEQUENCE_Test.test_3(LONGEST_COMMON_SUBSEQUENCE_Test.java:30)
    at sun.reflect.NativeMethodAccessorImpl.invoke0(Native Method)
    at sun.reflect.NativeMethodAccessorImpl.invoke(NativeMethodAccessorImpl.java:62)
    at sun.reflect.DelegatingMethodAccessorImpl.invoke(DelegatingMethodAccessorImpl.java:43)
~ test_5(java_testcases.junit.LONGEST_COMMON_SUBSEQUENCE_Test)
[expected:<b[cba]> but was:<b[bdab]>]
org.junit.ComparisonFailure: expected:<b[cba]> but was:<b[bdab]>    at org.junit.Assert.assertEquals(Assert.java:115)
    at org.junit.Assert.assertEquals(Assert.java:144)
    at java_testcases.junit.LONGEST_COMMON_SUBSEQUENCE_Test.test_5(LONGEST_COMMON_SUBSEQUENCE_Test.java:44)
    at sun.reflect.NativeMethodAccessorImpl.invoke0(Native Method)
    at sun.reflect.NativeMethodAccessorImpl.invoke(NativeMethodAccessorImpl.java:62)
    at sun.reflect.DelegatingMethodAccessorImpl.invoke(DelegatingMethodAccessorImpl.java:43)
~ test_6(java_testcases.junit.LONGEST_COMMON_SUBSEQUENCE_Test)
[expected:<TAAG[]> but was:<TAAG[C]>]
org.junit.ComparisonFailure: expected:<TAAG[]> but was:<TAAG[C]>    at org.junit.Assert.assertEquals(Assert.java:115)
    at org.junit.Assert.assertEquals(Assert.java:144)
    at java_testcases.junit.LONGEST_COMMON_SUBSEQUENCE_Test.test_6(LONGEST_COMMON_SUBSEQUENCE_Test.java:51)
    at sun.reflect.NativeMethodAccessorImpl.invoke0(Native Method)
    at sun.reflect.NativeMethodAccessorImpl.invoke(NativeMethodAccessorImpl.java:62)
    at sun.reflect.DelegatingMethodAccessorImpl.invoke(DelegatingMethodAccessorImpl.java:43)
~ test_7(java_testcases.junit.LONGEST_COMMON_SUBSEQUENCE_Test)
[expected:<B[CBA]> but was:<B[BDAB]>]
org.junit.ComparisonFailure: expected:<B[CBA]> but was:<B[BDAB]>    at org.junit.Assert.assertEquals(Assert.java:115)
    at org.junit.Assert.assertEquals(Assert.java:144)
    at java_testcases.junit.LONGEST_COMMON_SUBSEQUENCE_Test.test_7(LONGEST_COMMON_SUBSEQUENCE_Test.java:58)
    at sun.reflect.NativeMethodAccessorImpl.invoke0(Native Method)
    at sun.reflect.NativeMethodAccessorImpl.invoke(NativeMethodAccessorImpl.java:62)
    at sun.reflect.DelegatingMethodAccessorImpl.invoke(DelegatingMethodAccessorImpl.java:43)

12:03:38.342 [pool-19-thread-1] ERROR x.java.compiler.DynamicClassCompiler - [Compilation errors]
LONGEST_COMMON_SUBSEQUENCE.java:23: error: missing return statement
    }
    ^
xxl.java.compiler.DynamicCompilationException: Aborting: dynamic compilation failed
	at xxl.java.compiler.DynamicClassCompiler.runCompilationTask(DynamicClassCompiler.java:99)
	at xxl.java.compiler.DynamicClassCompiler.javaBytecodeFor(DynamicClassCompiler.java:67)
	at fr.inria.lille.commons.spoon.SpoonedFile.compilationFor(SpoonedFile.java:203)
	at fr.inria.lille.commons.spoon.SpoonedFile.compileModelledClasses(SpoonedFile.java:177)
	at fr.inria.lille.commons.spoon.SpoonedFile.dumpedToClassLoader(SpoonedFile.java:130)
	at fr.inria.lille.commons.spoon.SpoonedFile.processedAndDumpedToClassLoader(SpoonedFile.java:140)
	at fr.inria.lille.commons.spoon.SpoonedFile.processedAndDumpedToClassLoader(SpoonedFile.java:135)
	at fr.inria.lille.repair.nopol.synth.dynamoth.DynamothSynthesizer.findAngelicValuesAndBuildPatch(DynamothSynthesizer.java:69)
	at fr.inria.lille.repair.nopol.NoPol.runNopolProcessor(NoPol.java:295)
	at fr.inria.lille.repair.nopol.NoPol.access$000(NoPol.java:81)
	at fr.inria.lille.repair.nopol.NoPol$1.call(NoPol.java:260)
	at java.util.concurrent.FutureTask.run(FutureTask.java:266)
	at java.util.concurrent.ThreadPoolExecutor.runWorker(ThreadPoolExecutor.java:1149)
	at java.util.concurrent.ThreadPoolExecutor$Worker.run(ThreadPoolExecutor.java:624)
	at java.lang.Thread.run(Thread.java:748)
12:03:38.343 [pool-2-thread-1] DEBUG fr.inria.lille.repair.nopol.NoPol - statement #8
12:03:38.343 [pool-2-thread-1] DEBUG fr.inria.lille.repair.nopol.NoPol - Analysing SourceLocation java_programs.LONGEST_COMMON_SUBSEQUENCE:15 which is executed by 10 tests
-358319485
12:03:38.375 [pool-2-thread-1] DEBUG fr.inria.lille.repair.nopol.NoPol - looking with class fr.inria.lille.repair.nopol.spoon.smt.ConditionalReplacer
org.junit.ComparisonFailure: expected:<t[s]itest> but was:<t[i]itest>
    at org.junit.Assert.assertEquals(Assert.java:115)
    at org.junit.Assert.assertEquals(Assert.java:144)
    at java_testcases.junit.LONGEST_COMMON_SUBSEQUENCE_Test.test_3(LONGEST_COMMON_SUBSEQUENCE_Test.java:30)
    at sun.reflect.NativeMethodAccessorImpl.invoke0(Native Method)
    at sun.reflect.NativeMethodAccessorImpl.invoke(NativeMethodAccessorImpl.java:62)
    at sun.reflect.DelegatingMethodAccessorImpl.invoke(DelegatingMethodAccessorImpl.java:43)
org.junit.ComparisonFailure: expected:<b[cba]> but was:<b[bdab]>
    at org.junit.Assert.assertEquals(Assert.java:115)
    at org.junit.Assert.assertEquals(Assert.java:144)
    at java_testcases.junit.LONGEST_COMMON_SUBSEQUENCE_Test.test_5(LONGEST_COMMON_SUBSEQUENCE_Test.java:44)
    at sun.reflect.NativeMethodAccessorImpl.invoke0(Native Method)
    at sun.reflect.NativeMethodAccessorImpl.invoke(NativeMethodAccessorImpl.java:62)
    at sun.reflect.DelegatingMethodAccessorImpl.invoke(DelegatingMethodAccessorImpl.java:43)
org.junit.ComparisonFailure: expected:<TAAG[]> but was:<TAAG[C]>
    at org.junit.Assert.assertEquals(Assert.java:115)
    at org.junit.Assert.assertEquals(Assert.java:144)
    at java_testcases.junit.LONGEST_COMMON_SUBSEQUENCE_Test.test_6(LONGEST_COMMON_SUBSEQUENCE_Test.java:51)
    at sun.reflect.NativeMethodAccessorImpl.invoke0(Native Method)
    at sun.reflect.NativeMethodAccessorImpl.invoke(NativeMethodAccessorImpl.java:62)
    at sun.reflect.DelegatingMethodAccessorImpl.invoke(DelegatingMethodAccessorImpl.java:43)
org.junit.ComparisonFailure: expected:<B[CBA]> but was:<B[BDAB]>
    at org.junit.Assert.assertEquals(Assert.java:115)
    at org.junit.Assert.assertEquals(Assert.java:144)
    at java_testcases.junit.LONGEST_COMMON_SUBSEQUENCE_Test.test_7(LONGEST_COMMON_SUBSEQUENCE_Test.java:58)
    at sun.reflect.NativeMethodAccessorImpl.invoke0(Native Method)
    at sun.reflect.NativeMethodAccessorImpl.invoke(NativeMethodAccessorImpl.java:62)
    at sun.reflect.DelegatingMethodAccessorImpl.invoke(DelegatingMethodAccessorImpl.java:43)
org.junit.ComparisonFailure: expected:<t[s]itest> but was:<t[i]itest>
    at org.junit.Assert.assertEquals(Assert.java:115)
    at org.junit.Assert.assertEquals(Assert.java:144)
    at java_testcases.junit.LONGEST_COMMON_SUBSEQUENCE_Test.test_3(LONGEST_COMMON_SUBSEQUENCE_Test.java:30)
    at sun.reflect.NativeMethodAccessorImpl.invoke0(Native Method)
    at sun.reflect.NativeMethodAccessorImpl.invoke(NativeMethodAccessorImpl.java:62)
    at sun.reflect.DelegatingMethodAccessorImpl.invoke(DelegatingMethodAccessorImpl.java:43)
org.junit.ComparisonFailure: expected:<b[cba]> but was:<b[bdab]>
    at org.junit.Assert.assertEquals(Assert.java:115)
    at org.junit.Assert.assertEquals(Assert.java:144)
    at java_testcases.junit.LONGEST_COMMON_SUBSEQUENCE_Test.test_5(LONGEST_COMMON_SUBSEQUENCE_Test.java:44)
    at sun.reflect.NativeMethodAccessorImpl.invoke0(Native Method)
    at sun.reflect.NativeMethodAccessorImpl.invoke(NativeMethodAccessorImpl.java:62)
    at sun.reflect.DelegatingMethodAccessorImpl.invoke(DelegatingMethodAccessorImpl.java:43)
org.junit.ComparisonFailure: expected:<TAAG[]> but was:<TAAG[C]>
    at org.junit.Assert.assertEquals(Assert.java:115)
    at org.junit.Assert.assertEquals(Assert.java:144)
    at java_testcases.junit.LONGEST_COMMON_SUBSEQUENCE_Test.test_6(LONGEST_COMMON_SUBSEQUENCE_Test.java:51)
    at sun.reflect.NativeMethodAccessorImpl.invoke0(Native Method)
    at sun.reflect.NativeMethodAccessorImpl.invoke(NativeMethodAccessorImpl.java:62)
    at sun.reflect.DelegatingMethodAccessorImpl.invoke(DelegatingMethodAccessorImpl.java:43)
org.junit.ComparisonFailure: expected:<B[CBA]> but was:<B[BDAB]>
    at org.junit.Assert.assertEquals(Assert.java:115)
    at org.junit.Assert.assertEquals(Assert.java:144)
    at java_testcases.junit.LONGEST_COMMON_SUBSEQUENCE_Test.test_7(LONGEST_COMMON_SUBSEQUENCE_Test.java:58)
    at sun.reflect.NativeMethodAccessorImpl.invoke0(Native Method)
    at sun.reflect.NativeMethodAccessorImpl.invoke(NativeMethodAccessorImpl.java:62)
    at sun.reflect.DelegatingMethodAccessorImpl.invoke(DelegatingMethodAccessorImpl.java:43)
org.junit.ComparisonFailure: expected:<t[s]itest> but was:<t[i]itest>
    at org.junit.Assert.assertEquals(Assert.java:115)
    at org.junit.Assert.assertEquals(Assert.java:144)
    at java_testcases.junit.LONGEST_COMMON_SUBSEQUENCE_Test.test_3(LONGEST_COMMON_SUBSEQUENCE_Test.java:30)
    at sun.reflect.NativeMethodAccessorImpl.invoke0(Native Method)
    at sun.reflect.NativeMethodAccessorImpl.invoke(NativeMethodAccessorImpl.java:62)
    at sun.reflect.DelegatingMethodAccessorImpl.invoke(DelegatingMethodAccessorImpl.java:43)
org.junit.ComparisonFailure: expected:<b[cba]> but was:<b[bdab]>
    at org.junit.Assert.assertEquals(Assert.java:115)
    at org.junit.Assert.assertEquals(Assert.java:144)
    at java_testcases.junit.LONGEST_COMMON_SUBSEQUENCE_Test.test_5(LONGEST_COMMON_SUBSEQUENCE_Test.java:44)
    at sun.reflect.NativeMethodAccessorImpl.invoke0(Native Method)
    at sun.reflect.NativeMethodAccessorImpl.invoke(NativeMethodAccessorImpl.java:62)
    at sun.reflect.DelegatingMethodAccessorImpl.invoke(DelegatingMethodAccessorImpl.java:43)
org.junit.ComparisonFailure: expected:<TAAG[]> but was:<TAAG[C]>
    at org.junit.Assert.assertEquals(Assert.java:115)
    at org.junit.Assert.assertEquals(Assert.java:144)
    at java_testcases.junit.LONGEST_COMMON_SUBSEQUENCE_Test.test_6(LONGEST_COMMON_SUBSEQUENCE_Test.java:51)
    at sun.reflect.NativeMethodAccessorImpl.invoke0(Native Method)
    at sun.reflect.NativeMethodAccessorImpl.invoke(NativeMethodAccessorImpl.java:62)
    at sun.reflect.DelegatingMethodAccessorImpl.invoke(DelegatingMethodAccessorImpl.java:43)
org.junit.ComparisonFailure: expected:<B[CBA]> but was:<B[BDAB]>
    at org.junit.Assert.assertEquals(Assert.java:115)
    at org.junit.Assert.assertEquals(Assert.java:144)
    at java_testcases.junit.LONGEST_COMMON_SUBSEQUENCE_Test.test_7(LONGEST_COMMON_SUBSEQUENCE_Test.java:58)
    at sun.reflect.NativeMethodAccessorImpl.invoke0(Native Method)
    at sun.reflect.NativeMethodAccessorImpl.invoke(NativeMethodAccessorImpl.java:62)
    at sun.reflect.DelegatingMethodAccessorImpl.invoke(DelegatingMethodAccessorImpl.java:43)
org.junit.ComparisonFailure: expected:<t[s]itest> but was:<t[i]itest>
    at org.junit.Assert.assertEquals(Assert.java:115)
    at org.junit.Assert.assertEquals(Assert.java:144)
    at java_testcases.junit.LONGEST_COMMON_SUBSEQUENCE_Test.test_3(LONGEST_COMMON_SUBSEQUENCE_Test.java:30)
    at sun.reflect.NativeMethodAccessorImpl.invoke0(Native Method)
    at sun.reflect.NativeMethodAccessorImpl.invoke(NativeMethodAccessorImpl.java:62)
    at sun.reflect.DelegatingMethodAccessorImpl.invoke(DelegatingMethodAccessorImpl.java:43)
org.junit.ComparisonFailure: expected:<b[cba]> but was:<b[bdab]>
    at org.junit.Assert.assertEquals(Assert.java:115)
    at org.junit.Assert.assertEquals(Assert.java:144)
    at java_testcases.junit.LONGEST_COMMON_SUBSEQUENCE_Test.test_5(LONGEST_COMMON_SUBSEQUENCE_Test.java:44)
    at sun.reflect.NativeMethodAccessorImpl.invoke0(Native Method)
    at sun.reflect.NativeMethodAccessorImpl.invoke(NativeMethodAccessorImpl.java:62)
    at sun.reflect.DelegatingMethodAccessorImpl.invoke(DelegatingMethodAccessorImpl.java:43)
org.junit.ComparisonFailure: expected:<TAAG[]> but was:<TAAG[C]>
    at org.junit.Assert.assertEquals(Assert.java:115)
    at org.junit.Assert.assertEquals(Assert.java:144)
    at java_testcases.junit.LONGEST_COMMON_SUBSEQUENCE_Test.test_6(LONGEST_COMMON_SUBSEQUENCE_Test.java:51)
    at sun.reflect.NativeMethodAccessorImpl.invoke0(Native Method)
    at sun.reflect.NativeMethodAccessorImpl.invoke(NativeMethodAccessorImpl.java:62)
    at sun.reflect.DelegatingMethodAccessorImpl.invoke(DelegatingMethodAccessorImpl.java:43)
org.junit.ComparisonFailure: expected:<B[CBA]> but was:<B[BDAB]>
    at org.junit.Assert.assertEquals(Assert.java:115)
    at org.junit.Assert.assertEquals(Assert.java:144)
    at java_testcases.junit.LONGEST_COMMON_SUBSEQUENCE_Test.test_7(LONGEST_COMMON_SUBSEQUENCE_Test.java:58)
    at sun.reflect.NativeMethodAccessorImpl.invoke0(Native Method)
    at sun.reflect.NativeMethodAccessorImpl.invoke(NativeMethodAccessorImpl.java:62)
    at sun.reflect.DelegatingMethodAccessorImpl.invoke(DelegatingMethodAccessorImpl.java:43)
12:03:38.538 [pool-22-thread-1] INFO  xxl.java.junit.TestCasesListener - Tests run finished (159 ms)
<> Total tests run: 40
<> Ignored tests: 0
<> Failed tests: 16
~ test_3(java_testcases.junit.LONGEST_COMMON_SUBSEQUENCE_Test)
[expected:<t[s]itest> but was:<t[i]itest>]
org.junit.ComparisonFailure: expected:<t[s]itest> but was:<t[i]itest>    at org.junit.Assert.assertEquals(Assert.java:115)
    at org.junit.Assert.assertEquals(Assert.java:144)
    at java_testcases.junit.LONGEST_COMMON_SUBSEQUENCE_Test.test_3(LONGEST_COMMON_SUBSEQUENCE_Test.java:30)
    at sun.reflect.NativeMethodAccessorImpl.invoke0(Native Method)
    at sun.reflect.NativeMethodAccessorImpl.invoke(NativeMethodAccessorImpl.java:62)
    at sun.reflect.DelegatingMethodAccessorImpl.invoke(DelegatingMethodAccessorImpl.java:43)
~ test_5(java_testcases.junit.LONGEST_COMMON_SUBSEQUENCE_Test)
[expected:<b[cba]> but was:<b[bdab]>]
org.junit.ComparisonFailure: expected:<b[cba]> but was:<b[bdab]>    at org.junit.Assert.assertEquals(Assert.java:115)
    at org.junit.Assert.assertEquals(Assert.java:144)
    at java_testcases.junit.LONGEST_COMMON_SUBSEQUENCE_Test.test_5(LONGEST_COMMON_SUBSEQUENCE_Test.java:44)
    at sun.reflect.NativeMethodAccessorImpl.invoke0(Native Method)
    at sun.reflect.NativeMethodAccessorImpl.invoke(NativeMethodAccessorImpl.java:62)
    at sun.reflect.DelegatingMethodAccessorImpl.invoke(DelegatingMethodAccessorImpl.java:43)
~ test_6(java_testcases.junit.LONGEST_COMMON_SUBSEQUENCE_Test)
[expected:<TAAG[]> but was:<TAAG[C]>]
org.junit.ComparisonFailure: expected:<TAAG[]> but was:<TAAG[C]>    at org.junit.Assert.assertEquals(Assert.java:115)
    at org.junit.Assert.assertEquals(Assert.java:144)
    at java_testcases.junit.LONGEST_COMMON_SUBSEQUENCE_Test.test_6(LONGEST_COMMON_SUBSEQUENCE_Test.java:51)
    at sun.reflect.NativeMethodAccessorImpl.invoke0(Native Method)
    at sun.reflect.NativeMethodAccessorImpl.invoke(NativeMethodAccessorImpl.java:62)
    at sun.reflect.DelegatingMethodAccessorImpl.invoke(DelegatingMethodAccessorImpl.java:43)
~ test_7(java_testcases.junit.LONGEST_COMMON_SUBSEQUENCE_Test)
[expected:<B[CBA]> but was:<B[BDAB]>]
org.junit.ComparisonFailure: expected:<B[CBA]> but was:<B[BDAB]>    at org.junit.Assert.assertEquals(Assert.java:115)
    at org.junit.Assert.assertEquals(Assert.java:144)
    at java_testcases.junit.LONGEST_COMMON_SUBSEQUENCE_Test.test_7(LONGEST_COMMON_SUBSEQUENCE_Test.java:58)
    at sun.reflect.NativeMethodAccessorImpl.invoke0(Native Method)
    at sun.reflect.NativeMethodAccessorImpl.invoke(NativeMethodAccessorImpl.java:62)
    at sun.reflect.DelegatingMethodAccessorImpl.invoke(DelegatingMethodAccessorImpl.java:43)
~ test_3(java_testcases.junit.LONGEST_COMMON_SUBSEQUENCE_Test)
[expected:<t[s]itest> but was:<t[i]itest>]
org.junit.ComparisonFailure: expected:<t[s]itest> but was:<t[i]itest>    at org.junit.Assert.assertEquals(Assert.java:115)
    at org.junit.Assert.assertEquals(Assert.java:144)
    at java_testcases.junit.LONGEST_COMMON_SUBSEQUENCE_Test.test_3(LONGEST_COMMON_SUBSEQUENCE_Test.java:30)
    at sun.reflect.NativeMethodAccessorImpl.invoke0(Native Method)
    at sun.reflect.NativeMethodAccessorImpl.invoke(NativeMethodAccessorImpl.java:62)
    at sun.reflect.DelegatingMethodAccessorImpl.invoke(DelegatingMethodAccessorImpl.java:43)
~ test_5(java_testcases.junit.LONGEST_COMMON_SUBSEQUENCE_Test)
[expected:<b[cba]> but was:<b[bdab]>]
org.junit.ComparisonFailure: expected:<b[cba]> but was:<b[bdab]>    at org.junit.Assert.assertEquals(Assert.java:115)
    at org.junit.Assert.assertEquals(Assert.java:144)
    at java_testcases.junit.LONGEST_COMMON_SUBSEQUENCE_Test.test_5(LONGEST_COMMON_SUBSEQUENCE_Test.java:44)
    at sun.reflect.NativeMethodAccessorImpl.invoke0(Native Method)
    at sun.reflect.NativeMethodAccessorImpl.invoke(NativeMethodAccessorImpl.java:62)
    at sun.reflect.DelegatingMethodAccessorImpl.invoke(DelegatingMethodAccessorImpl.java:43)
~ test_6(java_testcases.junit.LONGEST_COMMON_SUBSEQUENCE_Test)
[expected:<TAAG[]> but was:<TAAG[C]>]
org.junit.ComparisonFailure: expected:<TAAG[]> but was:<TAAG[C]>    at org.junit.Assert.assertEquals(Assert.java:115)
    at org.junit.Assert.assertEquals(Assert.java:144)
    at java_testcases.junit.LONGEST_COMMON_SUBSEQUENCE_Test.test_6(LONGEST_COMMON_SUBSEQUENCE_Test.java:51)
    at sun.reflect.NativeMethodAccessorImpl.invoke0(Native Method)
    at sun.reflect.NativeMethodAccessorImpl.invoke(NativeMethodAccessorImpl.java:62)
    at sun.reflect.DelegatingMethodAccessorImpl.invoke(DelegatingMethodAccessorImpl.java:43)
~ test_7(java_testcases.junit.LONGEST_COMMON_SUBSEQUENCE_Test)
[expected:<B[CBA]> but was:<B[BDAB]>]
org.junit.ComparisonFailure: expected:<B[CBA]> but was:<B[BDAB]>    at org.junit.Assert.assertEquals(Assert.java:115)
    at org.junit.Assert.assertEquals(Assert.java:144)
    at java_testcases.junit.LONGEST_COMMON_SUBSEQUENCE_Test.test_7(LONGEST_COMMON_SUBSEQUENCE_Test.java:58)
    at sun.reflect.NativeMethodAccessorImpl.invoke0(Native Method)
    at sun.reflect.NativeMethodAccessorImpl.invoke(NativeMethodAccessorImpl.java:62)
    at sun.reflect.DelegatingMethodAccessorImpl.invoke(DelegatingMethodAccessorImpl.java:43)
~ test_3(java_testcases.junit.LONGEST_COMMON_SUBSEQUENCE_Test)
[expected:<t[s]itest> but was:<t[i]itest>]
org.junit.ComparisonFailure: expected:<t[s]itest> but was:<t[i]itest>    at org.junit.Assert.assertEquals(Assert.java:115)
    at org.junit.Assert.assertEquals(Assert.java:144)
    at java_testcases.junit.LONGEST_COMMON_SUBSEQUENCE_Test.test_3(LONGEST_COMMON_SUBSEQUENCE_Test.java:30)
    at sun.reflect.NativeMethodAccessorImpl.invoke0(Native Method)
    at sun.reflect.NativeMethodAccessorImpl.invoke(NativeMethodAccessorImpl.java:62)
    at sun.reflect.DelegatingMethodAccessorImpl.invoke(DelegatingMethodAccessorImpl.java:43)
~ test_5(java_testcases.junit.LONGEST_COMMON_SUBSEQUENCE_Test)
[expected:<b[cba]> but was:<b[bdab]>]
org.junit.ComparisonFailure: expected:<b[cba]> but was:<b[bdab]>    at org.junit.Assert.assertEquals(Assert.java:115)
    at org.junit.Assert.assertEquals(Assert.java:144)
    at java_testcases.junit.LONGEST_COMMON_SUBSEQUENCE_Test.test_5(LONGEST_COMMON_SUBSEQUENCE_Test.java:44)
    at sun.reflect.NativeMethodAccessorImpl.invoke0(Native Method)
    at sun.reflect.NativeMethodAccessorImpl.invoke(NativeMethodAccessorImpl.java:62)
    at sun.reflect.DelegatingMethodAccessorImpl.invoke(DelegatingMethodAccessorImpl.java:43)
~ test_6(java_testcases.junit.LONGEST_COMMON_SUBSEQUENCE_Test)
[expected:<TAAG[]> but was:<TAAG[C]>]
org.junit.ComparisonFailure: expected:<TAAG[]> but was:<TAAG[C]>    at org.junit.Assert.assertEquals(Assert.java:115)
    at org.junit.Assert.assertEquals(Assert.java:144)
    at java_testcases.junit.LONGEST_COMMON_SUBSEQUENCE_Test.test_6(LONGEST_COMMON_SUBSEQUENCE_Test.java:51)
    at sun.reflect.NativeMethodAccessorImpl.invoke0(Native Method)
    at sun.reflect.NativeMethodAccessorImpl.invoke(NativeMethodAccessorImpl.java:62)
    at sun.reflect.DelegatingMethodAccessorImpl.invoke(DelegatingMethodAccessorImpl.java:43)
~ test_7(java_testcases.junit.LONGEST_COMMON_SUBSEQUENCE_Test)
[expected:<B[CBA]> but was:<B[BDAB]>]
org.junit.ComparisonFailure: expected:<B[CBA]> but was:<B[BDAB]>    at org.junit.Assert.assertEquals(Assert.java:115)
    at org.junit.Assert.assertEquals(Assert.java:144)
    at java_testcases.junit.LONGEST_COMMON_SUBSEQUENCE_Test.test_7(LONGEST_COMMON_SUBSEQUENCE_Test.java:58)
    at sun.reflect.NativeMethodAccessorImpl.invoke0(Native Method)
    at sun.reflect.NativeMethodAccessorImpl.invoke(NativeMethodAccessorImpl.java:62)
    at sun.reflect.DelegatingMethodAccessorImpl.invoke(DelegatingMethodAccessorImpl.java:43)
~ test_3(java_testcases.junit.LONGEST_COMMON_SUBSEQUENCE_Test)
[expected:<t[s]itest> but was:<t[i]itest>]
org.junit.ComparisonFailure: expected:<t[s]itest> but was:<t[i]itest>    at org.junit.Assert.assertEquals(Assert.java:115)
    at org.junit.Assert.assertEquals(Assert.java:144)
    at java_testcases.junit.LONGEST_COMMON_SUBSEQUENCE_Test.test_3(LONGEST_COMMON_SUBSEQUENCE_Test.java:30)
    at sun.reflect.NativeMethodAccessorImpl.invoke0(Native Method)
    at sun.reflect.NativeMethodAccessorImpl.invoke(NativeMethodAccessorImpl.java:62)
    at sun.reflect.DelegatingMethodAccessorImpl.invoke(DelegatingMethodAccessorImpl.java:43)
~ test_5(java_testcases.junit.LONGEST_COMMON_SUBSEQUENCE_Test)
[expected:<b[cba]> but was:<b[bdab]>]
org.junit.ComparisonFailure: expected:<b[cba]> but was:<b[bdab]>    at org.junit.Assert.assertEquals(Assert.java:115)
    at org.junit.Assert.assertEquals(Assert.java:144)
    at java_testcases.junit.LONGEST_COMMON_SUBSEQUENCE_Test.test_5(LONGEST_COMMON_SUBSEQUENCE_Test.java:44)
    at sun.reflect.NativeMethodAccessorImpl.invoke0(Native Method)
    at sun.reflect.NativeMethodAccessorImpl.invoke(NativeMethodAccessorImpl.java:62)
    at sun.reflect.DelegatingMethodAccessorImpl.invoke(DelegatingMethodAccessorImpl.java:43)
~ test_6(java_testcases.junit.LONGEST_COMMON_SUBSEQUENCE_Test)
[expected:<TAAG[]> but was:<TAAG[C]>]
org.junit.ComparisonFailure: expected:<TAAG[]> but was:<TAAG[C]>    at org.junit.Assert.assertEquals(Assert.java:115)
    at org.junit.Assert.assertEquals(Assert.java:144)
    at java_testcases.junit.LONGEST_COMMON_SUBSEQUENCE_Test.test_6(LONGEST_COMMON_SUBSEQUENCE_Test.java:51)
    at sun.reflect.NativeMethodAccessorImpl.invoke0(Native Method)
    at sun.reflect.NativeMethodAccessorImpl.invoke(NativeMethodAccessorImpl.java:62)
    at sun.reflect.DelegatingMethodAccessorImpl.invoke(DelegatingMethodAccessorImpl.java:43)
~ test_7(java_testcases.junit.LONGEST_COMMON_SUBSEQUENCE_Test)
[expected:<B[CBA]> but was:<B[BDAB]>]
org.junit.ComparisonFailure: expected:<B[CBA]> but was:<B[BDAB]>    at org.junit.Assert.assertEquals(Assert.java:115)
    at org.junit.Assert.assertEquals(Assert.java:144)
    at java_testcases.junit.LONGEST_COMMON_SUBSEQUENCE_Test.test_7(LONGEST_COMMON_SUBSEQUENCE_Test.java:58)
    at sun.reflect.NativeMethodAccessorImpl.invoke0(Native Method)
    at sun.reflect.NativeMethodAccessorImpl.invoke(NativeMethodAccessorImpl.java:62)
    at sun.reflect.DelegatingMethodAccessorImpl.invoke(DelegatingMethodAccessorImpl.java:43)

12:03:38.603 [pool-2-thread-1] DEBUG fr.inria.lille.repair.nopol.NoPol - statement #9
12:03:38.603 [pool-2-thread-1] DEBUG fr.inria.lille.repair.nopol.NoPol - Analysing SourceLocation java_testcases.junit.QuixFixOracleHelper:57 which is executed by 10 tests
12:03:38.603 [pool-2-thread-1] DEBUG fr.inria.lille.repair.nopol.NoPol - cannot spoon SourceLocation java_testcases.junit.QuixFixOracleHelper:57
12:03:38.603 [pool-2-thread-1] DEBUG fr.inria.lille.repair.nopol.NoPol - statement #10
12:03:38.603 [pool-2-thread-1] DEBUG fr.inria.lille.repair.nopol.NoPol - Analysing SourceLocation java_testcases.junit.QuixFixOracleHelper:52 which is executed by 10 tests
12:03:38.603 [pool-2-thread-1] DEBUG fr.inria.lille.repair.nopol.NoPol - cannot spoon SourceLocation java_testcases.junit.QuixFixOracleHelper:52
12:03:38.603 [pool-2-thread-1] DEBUG fr.inria.lille.repair.nopol.NoPol - statement #11
12:03:38.603 [pool-2-thread-1] DEBUG fr.inria.lille.repair.nopol.NoPol - Analysing SourceLocation java_testcases.junit.QuixFixOracleHelper:50 which is executed by 10 tests
12:03:38.603 [pool-2-thread-1] DEBUG fr.inria.lille.repair.nopol.NoPol - cannot spoon SourceLocation java_testcases.junit.QuixFixOracleHelper:50
12:03:38.604 [pool-2-thread-1] DEBUG fr.inria.lille.repair.nopol.NoPol - statement #12
12:03:38.604 [pool-2-thread-1] DEBUG fr.inria.lille.repair.nopol.NoPol - Analysing SourceLocation java_testcases.junit.QuixFixOracleHelper:44 which is executed by 10 tests
12:03:38.604 [pool-2-thread-1] DEBUG fr.inria.lille.repair.nopol.NoPol - cannot spoon SourceLocation java_testcases.junit.QuixFixOracleHelper:44
12:03:38.604 [pool-2-thread-1] DEBUG fr.inria.lille.repair.nopol.NoPol - statement #13
12:03:38.604 [pool-2-thread-1] DEBUG fr.inria.lille.repair.nopol.NoPol - Analysing SourceLocation java_testcases.junit.QuixFixOracleHelper:38 which is executed by 10 tests
12:03:38.604 [pool-2-thread-1] DEBUG fr.inria.lille.repair.nopol.NoPol - cannot spoon SourceLocation java_testcases.junit.QuixFixOracleHelper:38
12:03:38.604 [pool-2-thread-1] DEBUG fr.inria.lille.repair.nopol.NoPol - statement #14
12:03:38.604 [pool-2-thread-1] DEBUG fr.inria.lille.repair.nopol.NoPol - Analysing SourceLocation java_testcases.junit.QuixFixOracleHelper:37 which is executed by 10 tests
12:03:38.604 [pool-2-thread-1] DEBUG fr.inria.lille.repair.nopol.NoPol - cannot spoon SourceLocation java_testcases.junit.QuixFixOracleHelper:37
12:03:38.604 [pool-2-thread-1] DEBUG fr.inria.lille.repair.nopol.NoPol - statement #15
12:03:38.604 [pool-2-thread-1] DEBUG fr.inria.lille.repair.nopol.NoPol - Analysing SourceLocation java_testcases.junit.QuixFixOracleHelper:26 which is executed by 10 tests
12:03:38.604 [pool-2-thread-1] DEBUG fr.inria.lille.repair.nopol.NoPol - cannot spoon SourceLocation java_testcases.junit.QuixFixOracleHelper:26
12:03:38.604 [pool-2-thread-1] DEBUG fr.inria.lille.repair.nopol.NoPol - statement #16
12:03:38.604 [pool-2-thread-1] DEBUG fr.inria.lille.repair.nopol.NoPol - Analysing SourceLocation java_testcases.junit.QuixFixOracleHelper:22 which is executed by 10 tests
12:03:38.604 [pool-2-thread-1] DEBUG fr.inria.lille.repair.nopol.NoPol - cannot spoon SourceLocation java_testcases.junit.QuixFixOracleHelper:22
12:03:38.604 [pool-2-thread-1] DEBUG fr.inria.lille.repair.nopol.NoPol - statement #17
12:03:38.604 [pool-2-thread-1] DEBUG fr.inria.lille.repair.nopol.NoPol - Analysing SourceLocation java_testcases.junit.QuixFixOracleHelper:21 which is executed by 10 tests
12:03:38.605 [pool-2-thread-1] DEBUG fr.inria.lille.repair.nopol.NoPol - cannot spoon SourceLocation java_testcases.junit.QuixFixOracleHelper:21
12:03:38.605 [pool-2-thread-1] DEBUG fr.inria.lille.repair.nopol.NoPol - statement #18
12:03:38.605 [pool-2-thread-1] DEBUG fr.inria.lille.repair.nopol.NoPol - Analysing SourceLocation java_testcases.junit.QuixFixOracleHelper:16 which is executed by 10 tests
12:03:38.605 [pool-2-thread-1] DEBUG fr.inria.lille.repair.nopol.NoPol - cannot spoon SourceLocation java_testcases.junit.QuixFixOracleHelper:16
12:03:38.605 [pool-2-thread-1] DEBUG fr.inria.lille.repair.nopol.NoPol - statement #19
12:03:38.605 [pool-2-thread-1] DEBUG fr.inria.lille.repair.nopol.NoPol - Analysing SourceLocation java_testcases.junit.QuixFixOracleHelper:15 which is executed by 10 tests
12:03:38.605 [pool-2-thread-1] DEBUG fr.inria.lille.repair.nopol.NoPol - cannot spoon SourceLocation java_testcases.junit.QuixFixOracleHelper:15
12:03:38.605 [pool-2-thread-1] DEBUG fr.inria.lille.repair.nopol.NoPol - statement #20
12:03:38.605 [pool-2-thread-1] DEBUG fr.inria.lille.repair.nopol.NoPol - Analysing SourceLocation java_testcases.junit.QuixFixOracleHelper:14 which is executed by 10 tests
12:03:38.605 [pool-2-thread-1] DEBUG fr.inria.lille.repair.nopol.NoPol - cannot spoon SourceLocation java_testcases.junit.QuixFixOracleHelper:14
12:03:38.605 [pool-2-thread-1] INFO  fr.inria.lille.repair.nopol.NoPol - ----INFORMATION----
12:03:38.615 [pool-2-thread-1] INFO  fr.inria.lille.repair.nopol.NoPol - Nb classes : 3
12:03:38.615 [pool-2-thread-1] INFO  fr.inria.lille.repair.nopol.NoPol - Nb methods : 9
12:03:38.615 [pool-2-thread-1] INFO  fr.inria.lille.repair.nopol.NoPol - Nb Statements Analyzed : 6
12:03:38.615 [pool-2-thread-1] INFO  fr.inria.lille.repair.nopol.NoPol - Nb Statements with Angelic Value Found : 0
12:03:38.615 [pool-2-thread-1] INFO  fr.inria.lille.repair.nopol.NoPol - NoPol Execution time : 5936ms
12:03:38.615 [pool-2-thread-1] INFO  fr.inria.lille.repair.nopol.NoPol - 
NO_ANGELIC_VALUE
Command exited with non-zero status 255
19.25user 1.16system 0:06.78elapsed 300%CPU (0avgtext+0avgdata 1324544maxresident)k
45392inputs+5480outputs (3major+382196minor)pagefaults 0swaps


Node: grisou-18.nancy.grid5000.fr



Date: Sun Dec  2 12:03:39 EST 2018

