cd /tmp/DynaMoth_QuixBugs_PASCAL_;
export JAVA_TOOL_OPTIONS="-Dfile.encoding=UTF8 -Duser.language=en-US -Duser.country=US -Duser.language=en";
TZ="America/New_York"; export TZ;
export PATH="/usr/lib/jvm/java-1.8.0-openjdk-amd64/bin/:$PATH";
export JAVA_HOME="/usr/lib/jvm/java-1.8.0-openjdk-amd64/bin/";
time java -Xmx4g -Xms1g -cp /home/tdurieux/defects4j4repair/script/../repair_tools/nopol.jar:/usr/lib/jvm/java-1.8.0-openjdk-amd64/bin//../lib/tools.jar fr.inria.lille.repair.Main \
	--mode repair \
	--type pre_then_cond \
	--oracle angelic \
	--synthesis dynamoth \
	--flocal gzoltar \
	--json \
	--solver z3 \
	--solver-path /home/tdurieux/defects4j4repair/script/../libs/z3/build/z3 \
	--complianceLevel 8 \
	--source src/main/java \
	--classpath "target/classes:target/test-classes:/home/tdurieux/.m2/repository/junit/junit/4.11/junit-4.11.jar:/home/tdurieux/.m2/repository/org/hamcrest/hamcrest-core/1.3/hamcrest-core-1.3.jar:/home/tdurieux/defects4j4repair/script/../repair_tools/nopol.jar";
	echo "\n\nNode: `hostname`\n";
	echo "\n\nDate: `date`\n";
Picked up JAVA_TOOL_OPTIONS: -Dfile.encoding=UTF8 -Duser.language=en-US -Duser.country=US -Duser.language=en
12:03:31.394 [main] INFO  fr.inria.lille.repair.nopol.NoPol - Source files: [src/main/java]
12:03:31.397 [main] INFO  fr.inria.lille.repair.nopol.NoPol - Classpath: [file:/tmp/DynaMoth_QuixBugs_PASCAL_/target/classes/, file:/tmp/DynaMoth_QuixBugs_PASCAL_/target/test-classes/, file:/home/tdurieux/.m2/repository/junit/junit/4.11/junit-4.11.jar, file:/home/tdurieux/.m2/repository/org/hamcrest/hamcrest-core/1.3/hamcrest-core-1.3.jar, file:/home/tdurieux/defects4j4repair/script/../repair_tools/nopol.jar]
12:03:31.397 [main] INFO  fr.inria.lille.repair.nopol.NoPol - Statement type: PRE_THEN_COND
12:03:31.397 [main] INFO  fr.inria.lille.repair.nopol.NoPol - Args: [java_testcases.junit.PASCAL_Test]
12:03:31.398 [main] INFO  fr.inria.lille.repair.nopol.NoPol - Config: Config{synthesisDepth=3, collectStaticMethods=true, collectStaticFields=false, collectLiterals=false, onlyOneSynthesisResult=true, sortExpressions=true, maxLineInvocationPerTest=250, timeoutMethodInvocation=2000, dataCollectionTimeoutInSecondForSynthesis=900, addWeight=0.19478, subWeight=0.04554, mulWeight=0.0102, divWeight=0.00613, andWeight=0.10597, orWeight=0.05708, eqWeight=0.22798, nEqWeight=0.0, lessEqWeight=0.0255, lessWeight=0.0947, methodCallWeight=0.1, fieldAccessWeight=0.08099, constantWeight=0.14232, variableWeight=0.05195, mode=REPAIR, type=PRE_THEN_COND, synthesis=DYNAMOTH, oracle=ANGELIC, solver=Z3, solverPath='/home/tdurieux/defects4j4repair/script/../libs/z3/build/z3', projectSources=[src/main/java], projectClasspath='[Ljava.net.URL;@2ff4f00f', projectTests=[java_testcases.junit.PASCAL_Test], complianceLevel=8, outputFolder=., json=true}
12:03:31.398 [main] INFO  fr.inria.lille.repair.nopol.NoPol - Available processors (cores): 32
12:03:31.403 [main] INFO  fr.inria.lille.repair.nopol.NoPol - Free memory: 940 MB
12:03:31.403 [main] INFO  fr.inria.lille.repair.nopol.NoPol - Maximum memory: 3 GB
12:03:31.403 [main] INFO  fr.inria.lille.repair.nopol.NoPol - Total memory available to JVM: 981 MB
12:03:31.403 [main] INFO  fr.inria.lille.repair.nopol.NoPol - Java version: 1.8.0_181
12:03:31.404 [main] INFO  fr.inria.lille.repair.nopol.NoPol - JAVA_HOME: /usr/lib/jvm/java-1.8.0-openjdk-amd64/bin/
12:03:31.404 [main] INFO  fr.inria.lille.repair.nopol.NoPol - PATH: /usr/lib/jvm/java-1.8.0-openjdk-amd64/bin/:/usr/lib/oar/oardodo:/usr/lib/oar/oardodo:/usr/local/bin:/usr/bin:/bin:/usr/games
12:03:33.676 [pool-2-thread-1] DEBUG fr.inria.lille.repair.nopol.NoPol - statement #1
12:03:33.677 [pool-2-thread-1] DEBUG fr.inria.lille.repair.nopol.NoPol - Analysing SourceLocation java_programs.PASCAL:36 which is executed by 4 tests
-1942067219
12:03:33.842 [pool-2-thread-1] DEBUG fr.inria.lille.repair.nopol.NoPol - looking with class fr.inria.lille.repair.nopol.spoon.smt.ConditionalAdder
org.junit.ComparisonFailure: expected:<[[1],[1[,1]]]> but was:<[[1],[1[]]]>
    at org.junit.Assert.assertEquals(Assert.java:115)
    at org.junit.Assert.assertEquals(Assert.java:144)
    at java_testcases.junit.PASCAL_Test.test_1(PASCAL_Test.java:16)
    at sun.reflect.NativeMethodAccessorImpl.invoke0(Native Method)
    at sun.reflect.NativeMethodAccessorImpl.invoke(NativeMethodAccessorImpl.java:62)
    at sun.reflect.DelegatingMethodAccessorImpl.invoke(DelegatingMethodAccessorImpl.java:43)
java.lang.IndexOutOfBoundsException: Index: 1, Size: 1
    at java.util.ArrayList.rangeCheck(ArrayList.java:657)
    at java.util.ArrayList.get(ArrayList.java:433)
    at java_programs.PASCAL.pascal(PASCAL.java:30)
    at java_testcases.junit.PASCAL_Test.test_2(PASCAL_Test.java:21)
    at sun.reflect.NativeMethodAccessorImpl.invoke0(Native Method)
    at sun.reflect.NativeMethodAccessorImpl.invoke(NativeMethodAccessorImpl.java:62)
java.lang.IndexOutOfBoundsException: Index: 1, Size: 1
    at java.util.ArrayList.rangeCheck(ArrayList.java:657)
    at java.util.ArrayList.get(ArrayList.java:433)
    at java_programs.PASCAL.pascal(PASCAL.java:30)
    at java_testcases.junit.PASCAL_Test.test_3(PASCAL_Test.java:28)
    at sun.reflect.NativeMethodAccessorImpl.invoke0(Native Method)
    at sun.reflect.NativeMethodAccessorImpl.invoke(NativeMethodAccessorImpl.java:62)
java.lang.IndexOutOfBoundsException: Index: 1, Size: 1
    at java.util.ArrayList.rangeCheck(ArrayList.java:657)
    at java.util.ArrayList.get(ArrayList.java:433)
    at java_programs.PASCAL.pascal(PASCAL.java:30)
    at java_testcases.junit.PASCAL_Test.test_4(PASCAL_Test.java:35)
    at sun.reflect.NativeMethodAccessorImpl.invoke0(Native Method)
    at sun.reflect.NativeMethodAccessorImpl.invoke(NativeMethodAccessorImpl.java:62)
org.junit.ComparisonFailure: expected:<[[1],[1[,1]]]> but was:<[[1],[1[]]]>
    at org.junit.Assert.assertEquals(Assert.java:115)
    at org.junit.Assert.assertEquals(Assert.java:144)
    at java_testcases.junit.PASCAL_Test.test_1(PASCAL_Test.java:16)
    at sun.reflect.NativeMethodAccessorImpl.invoke0(Native Method)
    at sun.reflect.NativeMethodAccessorImpl.invoke(NativeMethodAccessorImpl.java:62)
    at sun.reflect.DelegatingMethodAccessorImpl.invoke(DelegatingMethodAccessorImpl.java:43)
java.lang.IndexOutOfBoundsException: Index: 1, Size: 1
    at java.util.ArrayList.rangeCheck(ArrayList.java:657)
    at java.util.ArrayList.get(ArrayList.java:433)
    at java_programs.PASCAL.pascal(PASCAL.java:30)
    at java_testcases.junit.PASCAL_Test.test_2(PASCAL_Test.java:21)
    at sun.reflect.NativeMethodAccessorImpl.invoke0(Native Method)
    at sun.reflect.NativeMethodAccessorImpl.invoke(NativeMethodAccessorImpl.java:62)
java.lang.IndexOutOfBoundsException: Index: 1, Size: 1
    at java.util.ArrayList.rangeCheck(ArrayList.java:657)
    at java.util.ArrayList.get(ArrayList.java:433)
    at java_programs.PASCAL.pascal(PASCAL.java:30)
    at java_testcases.junit.PASCAL_Test.test_3(PASCAL_Test.java:28)
    at sun.reflect.NativeMethodAccessorImpl.invoke0(Native Method)
    at sun.reflect.NativeMethodAccessorImpl.invoke(NativeMethodAccessorImpl.java:62)
java.lang.IndexOutOfBoundsException: Index: 1, Size: 1
    at java.util.ArrayList.rangeCheck(ArrayList.java:657)
    at java.util.ArrayList.get(ArrayList.java:433)
    at java_programs.PASCAL.pascal(PASCAL.java:30)
    at java_testcases.junit.PASCAL_Test.test_4(PASCAL_Test.java:35)
    at sun.reflect.NativeMethodAccessorImpl.invoke0(Native Method)
    at sun.reflect.NativeMethodAccessorImpl.invoke(NativeMethodAccessorImpl.java:62)
org.junit.ComparisonFailure: expected:<[[1],[1[,1]]]> but was:<[[1],[1[]]]>
    at org.junit.Assert.assertEquals(Assert.java:115)
    at org.junit.Assert.assertEquals(Assert.java:144)
    at java_testcases.junit.PASCAL_Test.test_1(PASCAL_Test.java:16)
    at sun.reflect.NativeMethodAccessorImpl.invoke0(Native Method)
    at sun.reflect.NativeMethodAccessorImpl.invoke(NativeMethodAccessorImpl.java:62)
    at sun.reflect.DelegatingMethodAccessorImpl.invoke(DelegatingMethodAccessorImpl.java:43)
java.lang.IndexOutOfBoundsException: Index: 1, Size: 1
    at java.util.ArrayList.rangeCheck(ArrayList.java:657)
    at java.util.ArrayList.get(ArrayList.java:433)
    at java_programs.PASCAL.pascal(PASCAL.java:30)
    at java_testcases.junit.PASCAL_Test.test_2(PASCAL_Test.java:21)
    at sun.reflect.NativeMethodAccessorImpl.invoke0(Native Method)
    at sun.reflect.NativeMethodAccessorImpl.invoke(NativeMethodAccessorImpl.java:62)
java.lang.IndexOutOfBoundsException: Index: 1, Size: 1
    at java.util.ArrayList.rangeCheck(ArrayList.java:657)
    at java.util.ArrayList.get(ArrayList.java:433)
    at java_programs.PASCAL.pascal(PASCAL.java:30)
    at java_testcases.junit.PASCAL_Test.test_3(PASCAL_Test.java:28)
    at sun.reflect.NativeMethodAccessorImpl.invoke0(Native Method)
    at sun.reflect.NativeMethodAccessorImpl.invoke(NativeMethodAccessorImpl.java:62)
java.lang.IndexOutOfBoundsException: Index: 1, Size: 1
    at java.util.ArrayList.rangeCheck(ArrayList.java:657)
    at java.util.ArrayList.get(ArrayList.java:433)
    at java_programs.PASCAL.pascal(PASCAL.java:30)
    at java_testcases.junit.PASCAL_Test.test_4(PASCAL_Test.java:35)
    at sun.reflect.NativeMethodAccessorImpl.invoke0(Native Method)
    at sun.reflect.NativeMethodAccessorImpl.invoke(NativeMethodAccessorImpl.java:62)
org.junit.ComparisonFailure: expected:<[[1],[1[,1]]]> but was:<[[1],[1[]]]>
    at org.junit.Assert.assertEquals(Assert.java:115)
    at org.junit.Assert.assertEquals(Assert.java:144)
    at java_testcases.junit.PASCAL_Test.test_1(PASCAL_Test.java:16)
    at sun.reflect.NativeMethodAccessorImpl.invoke0(Native Method)
    at sun.reflect.NativeMethodAccessorImpl.invoke(NativeMethodAccessorImpl.java:62)
    at sun.reflect.DelegatingMethodAccessorImpl.invoke(DelegatingMethodAccessorImpl.java:43)
java.lang.IndexOutOfBoundsException: Index: 1, Size: 1
    at java.util.ArrayList.rangeCheck(ArrayList.java:657)
    at java.util.ArrayList.get(ArrayList.java:433)
    at java_programs.PASCAL.pascal(PASCAL.java:30)
    at java_testcases.junit.PASCAL_Test.test_2(PASCAL_Test.java:21)
    at sun.reflect.NativeMethodAccessorImpl.invoke0(Native Method)
    at sun.reflect.NativeMethodAccessorImpl.invoke(NativeMethodAccessorImpl.java:62)
java.lang.IndexOutOfBoundsException: Index: 1, Size: 1
    at java.util.ArrayList.rangeCheck(ArrayList.java:657)
    at java.util.ArrayList.get(ArrayList.java:433)
    at java_programs.PASCAL.pascal(PASCAL.java:30)
    at java_testcases.junit.PASCAL_Test.test_3(PASCAL_Test.java:28)
    at sun.reflect.NativeMethodAccessorImpl.invoke0(Native Method)
    at sun.reflect.NativeMethodAccessorImpl.invoke(NativeMethodAccessorImpl.java:62)
java.lang.IndexOutOfBoundsException: Index: 1, Size: 1
    at java.util.ArrayList.rangeCheck(ArrayList.java:657)
    at java.util.ArrayList.get(ArrayList.java:433)
    at java_programs.PASCAL.pascal(PASCAL.java:30)
    at java_testcases.junit.PASCAL_Test.test_4(PASCAL_Test.java:35)
    at sun.reflect.NativeMethodAccessorImpl.invoke0(Native Method)
    at sun.reflect.NativeMethodAccessorImpl.invoke(NativeMethodAccessorImpl.java:62)
12:03:33.879 [pool-4-thread-1] INFO  xxl.java.junit.TestCasesListener - Tests run finished (16 ms)
<> Total tests run: 20
<> Ignored tests: 0
<> Failed tests: 16
~ test_1(java_testcases.junit.PASCAL_Test)
[expected:<[[1],[1[,1]]]> but was:<[[1],[1[]]]>]
org.junit.ComparisonFailure: expected:<[[1],[1[,1]]]> but was:<[[1],[1[]]]>    at org.junit.Assert.assertEquals(Assert.java:115)
    at org.junit.Assert.assertEquals(Assert.java:144)
    at java_testcases.junit.PASCAL_Test.test_1(PASCAL_Test.java:16)
    at sun.reflect.NativeMethodAccessorImpl.invoke0(Native Method)
    at sun.reflect.NativeMethodAccessorImpl.invoke(NativeMethodAccessorImpl.java:62)
    at sun.reflect.DelegatingMethodAccessorImpl.invoke(DelegatingMethodAccessorImpl.java:43)
~ test_2(java_testcases.junit.PASCAL_Test)
[Index: 1, Size: 1]
java.lang.IndexOutOfBoundsException: Index: 1, Size: 1    at java.util.ArrayList.rangeCheck(ArrayList.java:657)
    at java.util.ArrayList.get(ArrayList.java:433)
    at java_programs.PASCAL.pascal(PASCAL.java:30)
    at java_testcases.junit.PASCAL_Test.test_2(PASCAL_Test.java:21)
    at sun.reflect.NativeMethodAccessorImpl.invoke0(Native Method)
    at sun.reflect.NativeMethodAccessorImpl.invoke(NativeMethodAccessorImpl.java:62)
~ test_3(java_testcases.junit.PASCAL_Test)
[Index: 1, Size: 1]
java.lang.IndexOutOfBoundsException: Index: 1, Size: 1    at java.util.ArrayList.rangeCheck(ArrayList.java:657)
    at java.util.ArrayList.get(ArrayList.java:433)
    at java_programs.PASCAL.pascal(PASCAL.java:30)
    at java_testcases.junit.PASCAL_Test.test_3(PASCAL_Test.java:28)
    at sun.reflect.NativeMethodAccessorImpl.invoke0(Native Method)
    at sun.reflect.NativeMethodAccessorImpl.invoke(NativeMethodAccessorImpl.java:62)
~ test_4(java_testcases.junit.PASCAL_Test)
[Index: 1, Size: 1]
java.lang.IndexOutOfBoundsException: Index: 1, Size: 1    at java.util.ArrayList.rangeCheck(ArrayList.java:657)
    at java.util.ArrayList.get(ArrayList.java:433)
    at java_programs.PASCAL.pascal(PASCAL.java:30)
    at java_testcases.junit.PASCAL_Test.test_4(PASCAL_Test.java:35)
    at sun.reflect.NativeMethodAccessorImpl.invoke0(Native Method)
    at sun.reflect.NativeMethodAccessorImpl.invoke(NativeMethodAccessorImpl.java:62)
~ test_1(java_testcases.junit.PASCAL_Test)
[expected:<[[1],[1[,1]]]> but was:<[[1],[1[]]]>]
org.junit.ComparisonFailure: expected:<[[1],[1[,1]]]> but was:<[[1],[1[]]]>    at org.junit.Assert.assertEquals(Assert.java:115)
    at org.junit.Assert.assertEquals(Assert.java:144)
    at java_testcases.junit.PASCAL_Test.test_1(PASCAL_Test.java:16)
    at sun.reflect.NativeMethodAccessorImpl.invoke0(Native Method)
    at sun.reflect.NativeMethodAccessorImpl.invoke(NativeMethodAccessorImpl.java:62)
    at sun.reflect.DelegatingMethodAccessorImpl.invoke(DelegatingMethodAccessorImpl.java:43)
~ test_2(java_testcases.junit.PASCAL_Test)
[Index: 1, Size: 1]
java.lang.IndexOutOfBoundsException: Index: 1, Size: 1    at java.util.ArrayList.rangeCheck(ArrayList.java:657)
    at java.util.ArrayList.get(ArrayList.java:433)
    at java_programs.PASCAL.pascal(PASCAL.java:30)
    at java_testcases.junit.PASCAL_Test.test_2(PASCAL_Test.java:21)
    at sun.reflect.NativeMethodAccessorImpl.invoke0(Native Method)
    at sun.reflect.NativeMethodAccessorImpl.invoke(NativeMethodAccessorImpl.java:62)
~ test_3(java_testcases.junit.PASCAL_Test)
[Index: 1, Size: 1]
java.lang.IndexOutOfBoundsException: Index: 1, Size: 1    at java.util.ArrayList.rangeCheck(ArrayList.java:657)
    at java.util.ArrayList.get(ArrayList.java:433)
    at java_programs.PASCAL.pascal(PASCAL.java:30)
    at java_testcases.junit.PASCAL_Test.test_3(PASCAL_Test.java:28)
    at sun.reflect.NativeMethodAccessorImpl.invoke0(Native Method)
    at sun.reflect.NativeMethodAccessorImpl.invoke(NativeMethodAccessorImpl.java:62)
~ test_4(java_testcases.junit.PASCAL_Test)
[Index: 1, Size: 1]
java.lang.IndexOutOfBoundsException: Index: 1, Size: 1    at java.util.ArrayList.rangeCheck(ArrayList.java:657)
    at java.util.ArrayList.get(ArrayList.java:433)
    at java_programs.PASCAL.pascal(PASCAL.java:30)
    at java_testcases.junit.PASCAL_Test.test_4(PASCAL_Test.java:35)
    at sun.reflect.NativeMethodAccessorImpl.invoke0(Native Method)
    at sun.reflect.NativeMethodAccessorImpl.invoke(NativeMethodAccessorImpl.java:62)
~ test_1(java_testcases.junit.PASCAL_Test)
[expected:<[[1],[1[,1]]]> but was:<[[1],[1[]]]>]
org.junit.ComparisonFailure: expected:<[[1],[1[,1]]]> but was:<[[1],[1[]]]>    at org.junit.Assert.assertEquals(Assert.java:115)
    at org.junit.Assert.assertEquals(Assert.java:144)
    at java_testcases.junit.PASCAL_Test.test_1(PASCAL_Test.java:16)
    at sun.reflect.NativeMethodAccessorImpl.invoke0(Native Method)
    at sun.reflect.NativeMethodAccessorImpl.invoke(NativeMethodAccessorImpl.java:62)
    at sun.reflect.DelegatingMethodAccessorImpl.invoke(DelegatingMethodAccessorImpl.java:43)
~ test_2(java_testcases.junit.PASCAL_Test)
[Index: 1, Size: 1]
java.lang.IndexOutOfBoundsException: Index: 1, Size: 1    at java.util.ArrayList.rangeCheck(ArrayList.java:657)
    at java.util.ArrayList.get(ArrayList.java:433)
    at java_programs.PASCAL.pascal(PASCAL.java:30)
    at java_testcases.junit.PASCAL_Test.test_2(PASCAL_Test.java:21)
    at sun.reflect.NativeMethodAccessorImpl.invoke0(Native Method)
    at sun.reflect.NativeMethodAccessorImpl.invoke(NativeMethodAccessorImpl.java:62)
~ test_3(java_testcases.junit.PASCAL_Test)
[Index: 1, Size: 1]
java.lang.IndexOutOfBoundsException: Index: 1, Size: 1    at java.util.ArrayList.rangeCheck(ArrayList.java:657)
    at java.util.ArrayList.get(ArrayList.java:433)
    at java_programs.PASCAL.pascal(PASCAL.java:30)
    at java_testcases.junit.PASCAL_Test.test_3(PASCAL_Test.java:28)
    at sun.reflect.NativeMethodAccessorImpl.invoke0(Native Method)
    at sun.reflect.NativeMethodAccessorImpl.invoke(NativeMethodAccessorImpl.java:62)
~ test_4(java_testcases.junit.PASCAL_Test)
[Index: 1, Size: 1]
java.lang.IndexOutOfBoundsException: Index: 1, Size: 1    at java.util.ArrayList.rangeCheck(ArrayList.java:657)
    at java.util.ArrayList.get(ArrayList.java:433)
    at java_programs.PASCAL.pascal(PASCAL.java:30)
    at java_testcases.junit.PASCAL_Test.test_4(PASCAL_Test.java:35)
    at sun.reflect.NativeMethodAccessorImpl.invoke0(Native Method)
    at sun.reflect.NativeMethodAccessorImpl.invoke(NativeMethodAccessorImpl.java:62)
~ test_1(java_testcases.junit.PASCAL_Test)
[expected:<[[1],[1[,1]]]> but was:<[[1],[1[]]]>]
org.junit.ComparisonFailure: expected:<[[1],[1[,1]]]> but was:<[[1],[1[]]]>    at org.junit.Assert.assertEquals(Assert.java:115)
    at org.junit.Assert.assertEquals(Assert.java:144)
    at java_testcases.junit.PASCAL_Test.test_1(PASCAL_Test.java:16)
    at sun.reflect.NativeMethodAccessorImpl.invoke0(Native Method)
    at sun.reflect.NativeMethodAccessorImpl.invoke(NativeMethodAccessorImpl.java:62)
    at sun.reflect.DelegatingMethodAccessorImpl.invoke(DelegatingMethodAccessorImpl.java:43)
~ test_2(java_testcases.junit.PASCAL_Test)
[Index: 1, Size: 1]
java.lang.IndexOutOfBoundsException: Index: 1, Size: 1    at java.util.ArrayList.rangeCheck(ArrayList.java:657)
    at java.util.ArrayList.get(ArrayList.java:433)
    at java_programs.PASCAL.pascal(PASCAL.java:30)
    at java_testcases.junit.PASCAL_Test.test_2(PASCAL_Test.java:21)
    at sun.reflect.NativeMethodAccessorImpl.invoke0(Native Method)
    at sun.reflect.NativeMethodAccessorImpl.invoke(NativeMethodAccessorImpl.java:62)
~ test_3(java_testcases.junit.PASCAL_Test)
[Index: 1, Size: 1]
java.lang.IndexOutOfBoundsException: Index: 1, Size: 1    at java.util.ArrayList.rangeCheck(ArrayList.java:657)
    at java.util.ArrayList.get(ArrayList.java:433)
    at java_programs.PASCAL.pascal(PASCAL.java:30)
    at java_testcases.junit.PASCAL_Test.test_3(PASCAL_Test.java:28)
    at sun.reflect.NativeMethodAccessorImpl.invoke0(Native Method)
    at sun.reflect.NativeMethodAccessorImpl.invoke(NativeMethodAccessorImpl.java:62)
~ test_4(java_testcases.junit.PASCAL_Test)
[Index: 1, Size: 1]
java.lang.IndexOutOfBoundsException: Index: 1, Size: 1    at java.util.ArrayList.rangeCheck(ArrayList.java:657)
    at java.util.ArrayList.get(ArrayList.java:433)
    at java_programs.PASCAL.pascal(PASCAL.java:30)
    at java_testcases.junit.PASCAL_Test.test_4(PASCAL_Test.java:35)
    at sun.reflect.NativeMethodAccessorImpl.invoke0(Native Method)
    at sun.reflect.NativeMethodAccessorImpl.invoke(NativeMethodAccessorImpl.java:62)

12:03:34.250 [pool-2-thread-1] DEBUG fr.inria.lille.repair.nopol.NoPol - statement #2
12:03:34.250 [pool-2-thread-1] DEBUG fr.inria.lille.repair.nopol.NoPol - Analysing SourceLocation java_programs.PASCAL:34 which is executed by 4 tests
-1942067219
12:03:34.288 [pool-2-thread-1] DEBUG fr.inria.lille.repair.nopol.NoPol - looking with class fr.inria.lille.repair.nopol.spoon.smt.ConditionalAdder
org.junit.ComparisonFailure: expected:<[[1],[1[,1]]]> but was:<[[1],[1[]]]>
    at org.junit.Assert.assertEquals(Assert.java:115)
    at org.junit.Assert.assertEquals(Assert.java:144)
    at java_testcases.junit.PASCAL_Test.test_1(PASCAL_Test.java:16)
    at sun.reflect.NativeMethodAccessorImpl.invoke0(Native Method)
    at sun.reflect.NativeMethodAccessorImpl.invoke(NativeMethodAccessorImpl.java:62)
    at sun.reflect.DelegatingMethodAccessorImpl.invoke(DelegatingMethodAccessorImpl.java:43)
java.lang.IndexOutOfBoundsException: Index: 1, Size: 1
    at java.util.ArrayList.rangeCheck(ArrayList.java:657)
    at java.util.ArrayList.get(ArrayList.java:433)
    at java_programs.PASCAL.pascal(PASCAL.java:30)
    at java_testcases.junit.PASCAL_Test.test_2(PASCAL_Test.java:21)
    at sun.reflect.NativeMethodAccessorImpl.invoke0(Native Method)
    at sun.reflect.NativeMethodAccessorImpl.invoke(NativeMethodAccessorImpl.java:62)
java.lang.IndexOutOfBoundsException: Index: 1, Size: 1
    at java.util.ArrayList.rangeCheck(ArrayList.java:657)
    at java.util.ArrayList.get(ArrayList.java:433)
    at java_programs.PASCAL.pascal(PASCAL.java:30)
    at java_testcases.junit.PASCAL_Test.test_3(PASCAL_Test.java:28)
    at sun.reflect.NativeMethodAccessorImpl.invoke0(Native Method)
    at sun.reflect.NativeMethodAccessorImpl.invoke(NativeMethodAccessorImpl.java:62)
java.lang.IndexOutOfBoundsException: Index: 1, Size: 1
    at java.util.ArrayList.rangeCheck(ArrayList.java:657)
    at java.util.ArrayList.get(ArrayList.java:433)
    at java_programs.PASCAL.pascal(PASCAL.java:30)
    at java_testcases.junit.PASCAL_Test.test_4(PASCAL_Test.java:35)
    at sun.reflect.NativeMethodAccessorImpl.invoke0(Native Method)
    at sun.reflect.NativeMethodAccessorImpl.invoke(NativeMethodAccessorImpl.java:62)
org.junit.ComparisonFailure: expected:<[[1],[1[,1]]]> but was:<[[1],[1[]]]>
    at org.junit.Assert.assertEquals(Assert.java:115)
    at org.junit.Assert.assertEquals(Assert.java:144)
    at java_testcases.junit.PASCAL_Test.test_1(PASCAL_Test.java:16)
    at sun.reflect.NativeMethodAccessorImpl.invoke0(Native Method)
    at sun.reflect.NativeMethodAccessorImpl.invoke(NativeMethodAccessorImpl.java:62)
    at sun.reflect.DelegatingMethodAccessorImpl.invoke(DelegatingMethodAccessorImpl.java:43)
java.lang.IndexOutOfBoundsException: Index: 1, Size: 1
    at java.util.ArrayList.rangeCheck(ArrayList.java:657)
    at java.util.ArrayList.get(ArrayList.java:433)
    at java_programs.PASCAL.pascal(PASCAL.java:30)
    at java_testcases.junit.PASCAL_Test.test_2(PASCAL_Test.java:21)
    at sun.reflect.NativeMethodAccessorImpl.invoke0(Native Method)
    at sun.reflect.NativeMethodAccessorImpl.invoke(NativeMethodAccessorImpl.java:62)
java.lang.IndexOutOfBoundsException: Index: 1, Size: 1
    at java.util.ArrayList.rangeCheck(ArrayList.java:657)
    at java.util.ArrayList.get(ArrayList.java:433)
    at java_programs.PASCAL.pascal(PASCAL.java:30)
    at java_testcases.junit.PASCAL_Test.test_3(PASCAL_Test.java:28)
    at sun.reflect.NativeMethodAccessorImpl.invoke0(Native Method)
    at sun.reflect.NativeMethodAccessorImpl.invoke(NativeMethodAccessorImpl.java:62)
java.lang.IndexOutOfBoundsException: Index: 1, Size: 1
    at java.util.ArrayList.rangeCheck(ArrayList.java:657)
    at java.util.ArrayList.get(ArrayList.java:433)
    at java_programs.PASCAL.pascal(PASCAL.java:30)
    at java_testcases.junit.PASCAL_Test.test_4(PASCAL_Test.java:35)
    at sun.reflect.NativeMethodAccessorImpl.invoke0(Native Method)
    at sun.reflect.NativeMethodAccessorImpl.invoke(NativeMethodAccessorImpl.java:62)
org.junit.ComparisonFailure: expected:<[[1],[1[,1]]]> but was:<[[1],[1[]]]>
    at org.junit.Assert.assertEquals(Assert.java:115)
    at org.junit.Assert.assertEquals(Assert.java:144)
    at java_testcases.junit.PASCAL_Test.test_1(PASCAL_Test.java:16)
    at sun.reflect.NativeMethodAccessorImpl.invoke0(Native Method)
    at sun.reflect.NativeMethodAccessorImpl.invoke(NativeMethodAccessorImpl.java:62)
    at sun.reflect.DelegatingMethodAccessorImpl.invoke(DelegatingMethodAccessorImpl.java:43)
java.lang.IndexOutOfBoundsException: Index: 1, Size: 1
    at java.util.ArrayList.rangeCheck(ArrayList.java:657)
    at java.util.ArrayList.get(ArrayList.java:433)
    at java_programs.PASCAL.pascal(PASCAL.java:30)
    at java_testcases.junit.PASCAL_Test.test_2(PASCAL_Test.java:21)
    at sun.reflect.NativeMethodAccessorImpl.invoke0(Native Method)
    at sun.reflect.NativeMethodAccessorImpl.invoke(NativeMethodAccessorImpl.java:62)
java.lang.IndexOutOfBoundsException: Index: 1, Size: 1
    at java.util.ArrayList.rangeCheck(ArrayList.java:657)
    at java.util.ArrayList.get(ArrayList.java:433)
    at java_programs.PASCAL.pascal(PASCAL.java:30)
    at java_testcases.junit.PASCAL_Test.test_3(PASCAL_Test.java:28)
    at sun.reflect.NativeMethodAccessorImpl.invoke0(Native Method)
    at sun.reflect.NativeMethodAccessorImpl.invoke(NativeMethodAccessorImpl.java:62)
java.lang.IndexOutOfBoundsException: Index: 1, Size: 1
    at java.util.ArrayList.rangeCheck(ArrayList.java:657)
    at java.util.ArrayList.get(ArrayList.java:433)
    at java_programs.PASCAL.pascal(PASCAL.java:30)
    at java_testcases.junit.PASCAL_Test.test_4(PASCAL_Test.java:35)
    at sun.reflect.NativeMethodAccessorImpl.invoke0(Native Method)
    at sun.reflect.NativeMethodAccessorImpl.invoke(NativeMethodAccessorImpl.java:62)
org.junit.ComparisonFailure: expected:<[[1],[1[,1]]]> but was:<[[1],[1[]]]>
    at org.junit.Assert.assertEquals(Assert.java:115)
    at org.junit.Assert.assertEquals(Assert.java:144)
    at java_testcases.junit.PASCAL_Test.test_1(PASCAL_Test.java:16)
    at sun.reflect.NativeMethodAccessorImpl.invoke0(Native Method)
    at sun.reflect.NativeMethodAccessorImpl.invoke(NativeMethodAccessorImpl.java:62)
    at sun.reflect.DelegatingMethodAccessorImpl.invoke(DelegatingMethodAccessorImpl.java:43)
java.lang.IndexOutOfBoundsException: Index: 1, Size: 1
    at java.util.ArrayList.rangeCheck(ArrayList.java:657)
    at java.util.ArrayList.get(ArrayList.java:433)
    at java_programs.PASCAL.pascal(PASCAL.java:30)
    at java_testcases.junit.PASCAL_Test.test_2(PASCAL_Test.java:21)
    at sun.reflect.NativeMethodAccessorImpl.invoke0(Native Method)
    at sun.reflect.NativeMethodAccessorImpl.invoke(NativeMethodAccessorImpl.java:62)
java.lang.IndexOutOfBoundsException: Index: 1, Size: 1
    at java.util.ArrayList.rangeCheck(ArrayList.java:657)
    at java.util.ArrayList.get(ArrayList.java:433)
    at java_programs.PASCAL.pascal(PASCAL.java:30)
    at java_testcases.junit.PASCAL_Test.test_3(PASCAL_Test.java:28)
    at sun.reflect.NativeMethodAccessorImpl.invoke0(Native Method)
    at sun.reflect.NativeMethodAccessorImpl.invoke(NativeMethodAccessorImpl.java:62)
java.lang.IndexOutOfBoundsException: Index: 1, Size: 1
    at java.util.ArrayList.rangeCheck(ArrayList.java:657)
    at java.util.ArrayList.get(ArrayList.java:433)
    at java_programs.PASCAL.pascal(PASCAL.java:30)
    at java_testcases.junit.PASCAL_Test.test_4(PASCAL_Test.java:35)
    at sun.reflect.NativeMethodAccessorImpl.invoke0(Native Method)
    at sun.reflect.NativeMethodAccessorImpl.invoke(NativeMethodAccessorImpl.java:62)
12:03:34.300 [pool-14-thread-1] INFO  xxl.java.junit.TestCasesListener - Tests run finished (10 ms)
<> Total tests run: 20
<> Ignored tests: 0
<> Failed tests: 16
~ test_1(java_testcases.junit.PASCAL_Test)
[expected:<[[1],[1[,1]]]> but was:<[[1],[1[]]]>]
org.junit.ComparisonFailure: expected:<[[1],[1[,1]]]> but was:<[[1],[1[]]]>    at org.junit.Assert.assertEquals(Assert.java:115)
    at org.junit.Assert.assertEquals(Assert.java:144)
    at java_testcases.junit.PASCAL_Test.test_1(PASCAL_Test.java:16)
    at sun.reflect.NativeMethodAccessorImpl.invoke0(Native Method)
    at sun.reflect.NativeMethodAccessorImpl.invoke(NativeMethodAccessorImpl.java:62)
    at sun.reflect.DelegatingMethodAccessorImpl.invoke(DelegatingMethodAccessorImpl.java:43)
~ test_2(java_testcases.junit.PASCAL_Test)
[Index: 1, Size: 1]
java.lang.IndexOutOfBoundsException: Index: 1, Size: 1    at java.util.ArrayList.rangeCheck(ArrayList.java:657)
    at java.util.ArrayList.get(ArrayList.java:433)
    at java_programs.PASCAL.pascal(PASCAL.java:30)
    at java_testcases.junit.PASCAL_Test.test_2(PASCAL_Test.java:21)
    at sun.reflect.NativeMethodAccessorImpl.invoke0(Native Method)
    at sun.reflect.NativeMethodAccessorImpl.invoke(NativeMethodAccessorImpl.java:62)
~ test_3(java_testcases.junit.PASCAL_Test)
[Index: 1, Size: 1]
java.lang.IndexOutOfBoundsException: Index: 1, Size: 1    at java.util.ArrayList.rangeCheck(ArrayList.java:657)
    at java.util.ArrayList.get(ArrayList.java:433)
    at java_programs.PASCAL.pascal(PASCAL.java:30)
    at java_testcases.junit.PASCAL_Test.test_3(PASCAL_Test.java:28)
    at sun.reflect.NativeMethodAccessorImpl.invoke0(Native Method)
    at sun.reflect.NativeMethodAccessorImpl.invoke(NativeMethodAccessorImpl.java:62)
~ test_4(java_testcases.junit.PASCAL_Test)
[Index: 1, Size: 1]
java.lang.IndexOutOfBoundsException: Index: 1, Size: 1    at java.util.ArrayList.rangeCheck(ArrayList.java:657)
    at java.util.ArrayList.get(ArrayList.java:433)
    at java_programs.PASCAL.pascal(PASCAL.java:30)
    at java_testcases.junit.PASCAL_Test.test_4(PASCAL_Test.java:35)
    at sun.reflect.NativeMethodAccessorImpl.invoke0(Native Method)
    at sun.reflect.NativeMethodAccessorImpl.invoke(NativeMethodAccessorImpl.java:62)
~ test_1(java_testcases.junit.PASCAL_Test)
[expected:<[[1],[1[,1]]]> but was:<[[1],[1[]]]>]
org.junit.ComparisonFailure: expected:<[[1],[1[,1]]]> but was:<[[1],[1[]]]>    at org.junit.Assert.assertEquals(Assert.java:115)
    at org.junit.Assert.assertEquals(Assert.java:144)
    at java_testcases.junit.PASCAL_Test.test_1(PASCAL_Test.java:16)
    at sun.reflect.NativeMethodAccessorImpl.invoke0(Native Method)
    at sun.reflect.NativeMethodAccessorImpl.invoke(NativeMethodAccessorImpl.java:62)
    at sun.reflect.DelegatingMethodAccessorImpl.invoke(DelegatingMethodAccessorImpl.java:43)
~ test_2(java_testcases.junit.PASCAL_Test)
[Index: 1, Size: 1]
java.lang.IndexOutOfBoundsException: Index: 1, Size: 1    at java.util.ArrayList.rangeCheck(ArrayList.java:657)
    at java.util.ArrayList.get(ArrayList.java:433)
    at java_programs.PASCAL.pascal(PASCAL.java:30)
    at java_testcases.junit.PASCAL_Test.test_2(PASCAL_Test.java:21)
    at sun.reflect.NativeMethodAccessorImpl.invoke0(Native Method)
    at sun.reflect.NativeMethodAccessorImpl.invoke(NativeMethodAccessorImpl.java:62)
~ test_3(java_testcases.junit.PASCAL_Test)
[Index: 1, Size: 1]
java.lang.IndexOutOfBoundsException: Index: 1, Size: 1    at java.util.ArrayList.rangeCheck(ArrayList.java:657)
    at java.util.ArrayList.get(ArrayList.java:433)
    at java_programs.PASCAL.pascal(PASCAL.java:30)
    at java_testcases.junit.PASCAL_Test.test_3(PASCAL_Test.java:28)
    at sun.reflect.NativeMethodAccessorImpl.invoke0(Native Method)
    at sun.reflect.NativeMethodAccessorImpl.invoke(NativeMethodAccessorImpl.java:62)
~ test_4(java_testcases.junit.PASCAL_Test)
[Index: 1, Size: 1]
java.lang.IndexOutOfBoundsException: Index: 1, Size: 1    at java.util.ArrayList.rangeCheck(ArrayList.java:657)
    at java.util.ArrayList.get(ArrayList.java:433)
    at java_programs.PASCAL.pascal(PASCAL.java:30)
    at java_testcases.junit.PASCAL_Test.test_4(PASCAL_Test.java:35)
    at sun.reflect.NativeMethodAccessorImpl.invoke0(Native Method)
    at sun.reflect.NativeMethodAccessorImpl.invoke(NativeMethodAccessorImpl.java:62)
~ test_1(java_testcases.junit.PASCAL_Test)
[expected:<[[1],[1[,1]]]> but was:<[[1],[1[]]]>]
org.junit.ComparisonFailure: expected:<[[1],[1[,1]]]> but was:<[[1],[1[]]]>    at org.junit.Assert.assertEquals(Assert.java:115)
    at org.junit.Assert.assertEquals(Assert.java:144)
    at java_testcases.junit.PASCAL_Test.test_1(PASCAL_Test.java:16)
    at sun.reflect.NativeMethodAccessorImpl.invoke0(Native Method)
    at sun.reflect.NativeMethodAccessorImpl.invoke(NativeMethodAccessorImpl.java:62)
    at sun.reflect.DelegatingMethodAccessorImpl.invoke(DelegatingMethodAccessorImpl.java:43)
~ test_2(java_testcases.junit.PASCAL_Test)
[Index: 1, Size: 1]
java.lang.IndexOutOfBoundsException: Index: 1, Size: 1    at java.util.ArrayList.rangeCheck(ArrayList.java:657)
    at java.util.ArrayList.get(ArrayList.java:433)
    at java_programs.PASCAL.pascal(PASCAL.java:30)
    at java_testcases.junit.PASCAL_Test.test_2(PASCAL_Test.java:21)
    at sun.reflect.NativeMethodAccessorImpl.invoke0(Native Method)
    at sun.reflect.NativeMethodAccessorImpl.invoke(NativeMethodAccessorImpl.java:62)
~ test_3(java_testcases.junit.PASCAL_Test)
[Index: 1, Size: 1]
java.lang.IndexOutOfBoundsException: Index: 1, Size: 1    at java.util.ArrayList.rangeCheck(ArrayList.java:657)
    at java.util.ArrayList.get(ArrayList.java:433)
    at java_programs.PASCAL.pascal(PASCAL.java:30)
    at java_testcases.junit.PASCAL_Test.test_3(PASCAL_Test.java:28)
    at sun.reflect.NativeMethodAccessorImpl.invoke0(Native Method)
    at sun.reflect.NativeMethodAccessorImpl.invoke(NativeMethodAccessorImpl.java:62)
~ test_4(java_testcases.junit.PASCAL_Test)
[Index: 1, Size: 1]
java.lang.IndexOutOfBoundsException: Index: 1, Size: 1    at java.util.ArrayList.rangeCheck(ArrayList.java:657)
    at java.util.ArrayList.get(ArrayList.java:433)
    at java_programs.PASCAL.pascal(PASCAL.java:30)
    at java_testcases.junit.PASCAL_Test.test_4(PASCAL_Test.java:35)
    at sun.reflect.NativeMethodAccessorImpl.invoke0(Native Method)
    at sun.reflect.NativeMethodAccessorImpl.invoke(NativeMethodAccessorImpl.java:62)
~ test_1(java_testcases.junit.PASCAL_Test)
[expected:<[[1],[1[,1]]]> but was:<[[1],[1[]]]>]
org.junit.ComparisonFailure: expected:<[[1],[1[,1]]]> but was:<[[1],[1[]]]>    at org.junit.Assert.assertEquals(Assert.java:115)
    at org.junit.Assert.assertEquals(Assert.java:144)
    at java_testcases.junit.PASCAL_Test.test_1(PASCAL_Test.java:16)
    at sun.reflect.NativeMethodAccessorImpl.invoke0(Native Method)
    at sun.reflect.NativeMethodAccessorImpl.invoke(NativeMethodAccessorImpl.java:62)
    at sun.reflect.DelegatingMethodAccessorImpl.invoke(DelegatingMethodAccessorImpl.java:43)
~ test_2(java_testcases.junit.PASCAL_Test)
[Index: 1, Size: 1]
java.lang.IndexOutOfBoundsException: Index: 1, Size: 1    at java.util.ArrayList.rangeCheck(ArrayList.java:657)
    at java.util.ArrayList.get(ArrayList.java:433)
    at java_programs.PASCAL.pascal(PASCAL.java:30)
    at java_testcases.junit.PASCAL_Test.test_2(PASCAL_Test.java:21)
    at sun.reflect.NativeMethodAccessorImpl.invoke0(Native Method)
    at sun.reflect.NativeMethodAccessorImpl.invoke(NativeMethodAccessorImpl.java:62)
~ test_3(java_testcases.junit.PASCAL_Test)
[Index: 1, Size: 1]
java.lang.IndexOutOfBoundsException: Index: 1, Size: 1    at java.util.ArrayList.rangeCheck(ArrayList.java:657)
    at java.util.ArrayList.get(ArrayList.java:433)
    at java_programs.PASCAL.pascal(PASCAL.java:30)
    at java_testcases.junit.PASCAL_Test.test_3(PASCAL_Test.java:28)
    at sun.reflect.NativeMethodAccessorImpl.invoke0(Native Method)
    at sun.reflect.NativeMethodAccessorImpl.invoke(NativeMethodAccessorImpl.java:62)
~ test_4(java_testcases.junit.PASCAL_Test)
[Index: 1, Size: 1]
java.lang.IndexOutOfBoundsException: Index: 1, Size: 1    at java.util.ArrayList.rangeCheck(ArrayList.java:657)
    at java.util.ArrayList.get(ArrayList.java:433)
    at java_programs.PASCAL.pascal(PASCAL.java:30)
    at java_testcases.junit.PASCAL_Test.test_4(PASCAL_Test.java:35)
    at sun.reflect.NativeMethodAccessorImpl.invoke0(Native Method)
    at sun.reflect.NativeMethodAccessorImpl.invoke(NativeMethodAccessorImpl.java:62)

12:03:34.390 [pool-2-thread-1] DEBUG fr.inria.lille.repair.nopol.NoPol - statement #3
12:03:34.390 [pool-2-thread-1] DEBUG fr.inria.lille.repair.nopol.NoPol - Analysing SourceLocation java_programs.PASCAL:30 which is executed by 4 tests
-1942067219
12:03:34.435 [pool-2-thread-1] DEBUG fr.inria.lille.repair.nopol.NoPol - looking with class fr.inria.lille.repair.nopol.spoon.smt.ConditionalAdder
org.junit.ComparisonFailure: expected:<[[1],[1[,1]]]> but was:<[[1],[1[]]]>
    at org.junit.Assert.assertEquals(Assert.java:115)
    at org.junit.Assert.assertEquals(Assert.java:144)
    at java_testcases.junit.PASCAL_Test.test_1(PASCAL_Test.java:16)
    at sun.reflect.NativeMethodAccessorImpl.invoke0(Native Method)
    at sun.reflect.NativeMethodAccessorImpl.invoke(NativeMethodAccessorImpl.java:62)
    at sun.reflect.DelegatingMethodAccessorImpl.invoke(DelegatingMethodAccessorImpl.java:43)
java.lang.IndexOutOfBoundsException: Index: 1, Size: 1
    at java.util.ArrayList.rangeCheck(ArrayList.java:657)
    at java.util.ArrayList.get(ArrayList.java:433)
    at java_programs.PASCAL.pascal(PASCAL.java:30)
    at java_testcases.junit.PASCAL_Test.test_2(PASCAL_Test.java:21)
    at sun.reflect.NativeMethodAccessorImpl.invoke0(Native Method)
    at sun.reflect.NativeMethodAccessorImpl.invoke(NativeMethodAccessorImpl.java:62)
java.lang.IndexOutOfBoundsException: Index: 1, Size: 1
    at java.util.ArrayList.rangeCheck(ArrayList.java:657)
    at java.util.ArrayList.get(ArrayList.java:433)
    at java_programs.PASCAL.pascal(PASCAL.java:30)
    at java_testcases.junit.PASCAL_Test.test_3(PASCAL_Test.java:28)
    at sun.reflect.NativeMethodAccessorImpl.invoke0(Native Method)
    at sun.reflect.NativeMethodAccessorImpl.invoke(NativeMethodAccessorImpl.java:62)
java.lang.IndexOutOfBoundsException: Index: 1, Size: 1
    at java.util.ArrayList.rangeCheck(ArrayList.java:657)
    at java.util.ArrayList.get(ArrayList.java:433)
    at java_programs.PASCAL.pascal(PASCAL.java:30)
    at java_testcases.junit.PASCAL_Test.test_4(PASCAL_Test.java:35)
    at sun.reflect.NativeMethodAccessorImpl.invoke0(Native Method)
    at sun.reflect.NativeMethodAccessorImpl.invoke(NativeMethodAccessorImpl.java:62)
org.junit.ComparisonFailure: expected:<[[1],[1[,1]]]> but was:<[[1],[1[]]]>
    at org.junit.Assert.assertEquals(Assert.java:115)
    at org.junit.Assert.assertEquals(Assert.java:144)
    at java_testcases.junit.PASCAL_Test.test_1(PASCAL_Test.java:16)
    at sun.reflect.NativeMethodAccessorImpl.invoke0(Native Method)
    at sun.reflect.NativeMethodAccessorImpl.invoke(NativeMethodAccessorImpl.java:62)
    at sun.reflect.DelegatingMethodAccessorImpl.invoke(DelegatingMethodAccessorImpl.java:43)
java.lang.IndexOutOfBoundsException: Index: 1, Size: 1
    at java.util.ArrayList.rangeCheck(ArrayList.java:657)
    at java.util.ArrayList.get(ArrayList.java:433)
    at java_programs.PASCAL.pascal(PASCAL.java:30)
    at java_testcases.junit.PASCAL_Test.test_2(PASCAL_Test.java:21)
    at sun.reflect.NativeMethodAccessorImpl.invoke0(Native Method)
    at sun.reflect.NativeMethodAccessorImpl.invoke(NativeMethodAccessorImpl.java:62)
java.lang.IndexOutOfBoundsException: Index: 1, Size: 1
    at java.util.ArrayList.rangeCheck(ArrayList.java:657)
    at java.util.ArrayList.get(ArrayList.java:433)
    at java_programs.PASCAL.pascal(PASCAL.java:30)
    at java_testcases.junit.PASCAL_Test.test_3(PASCAL_Test.java:28)
    at sun.reflect.NativeMethodAccessorImpl.invoke0(Native Method)
    at sun.reflect.NativeMethodAccessorImpl.invoke(NativeMethodAccessorImpl.java:62)
java.lang.IndexOutOfBoundsException: Index: 1, Size: 1
    at java.util.ArrayList.rangeCheck(ArrayList.java:657)
    at java.util.ArrayList.get(ArrayList.java:433)
    at java_programs.PASCAL.pascal(PASCAL.java:30)
    at java_testcases.junit.PASCAL_Test.test_4(PASCAL_Test.java:35)
    at sun.reflect.NativeMethodAccessorImpl.invoke0(Native Method)
    at sun.reflect.NativeMethodAccessorImpl.invoke(NativeMethodAccessorImpl.java:62)
org.junit.ComparisonFailure: expected:<[[1],[1[,1]]]> but was:<[[1],[1[]]]>
    at org.junit.Assert.assertEquals(Assert.java:115)
    at org.junit.Assert.assertEquals(Assert.java:144)
    at java_testcases.junit.PASCAL_Test.test_1(PASCAL_Test.java:16)
    at sun.reflect.NativeMethodAccessorImpl.invoke0(Native Method)
    at sun.reflect.NativeMethodAccessorImpl.invoke(NativeMethodAccessorImpl.java:62)
    at sun.reflect.DelegatingMethodAccessorImpl.invoke(DelegatingMethodAccessorImpl.java:43)
java.lang.IndexOutOfBoundsException: Index: 1, Size: 1
    at java.util.ArrayList.rangeCheck(ArrayList.java:657)
    at java.util.ArrayList.get(ArrayList.java:433)
    at java_programs.PASCAL.pascal(PASCAL.java:30)
    at java_testcases.junit.PASCAL_Test.test_2(PASCAL_Test.java:21)
    at sun.reflect.NativeMethodAccessorImpl.invoke0(Native Method)
    at sun.reflect.NativeMethodAccessorImpl.invoke(NativeMethodAccessorImpl.java:62)
java.lang.IndexOutOfBoundsException: Index: 1, Size: 1
    at java.util.ArrayList.rangeCheck(ArrayList.java:657)
    at java.util.ArrayList.get(ArrayList.java:433)
    at java_programs.PASCAL.pascal(PASCAL.java:30)
    at java_testcases.junit.PASCAL_Test.test_3(PASCAL_Test.java:28)
    at sun.reflect.NativeMethodAccessorImpl.invoke0(Native Method)
    at sun.reflect.NativeMethodAccessorImpl.invoke(NativeMethodAccessorImpl.java:62)
java.lang.IndexOutOfBoundsException: Index: 1, Size: 1
    at java.util.ArrayList.rangeCheck(ArrayList.java:657)
    at java.util.ArrayList.get(ArrayList.java:433)
    at java_programs.PASCAL.pascal(PASCAL.java:30)
    at java_testcases.junit.PASCAL_Test.test_4(PASCAL_Test.java:35)
    at sun.reflect.NativeMethodAccessorImpl.invoke0(Native Method)
    at sun.reflect.NativeMethodAccessorImpl.invoke(NativeMethodAccessorImpl.java:62)
org.junit.ComparisonFailure: expected:<[[1],[1[,1]]]> but was:<[[1],[1[]]]>
    at org.junit.Assert.assertEquals(Assert.java:115)
    at org.junit.Assert.assertEquals(Assert.java:144)
    at java_testcases.junit.PASCAL_Test.test_1(PASCAL_Test.java:16)
    at sun.reflect.NativeMethodAccessorImpl.invoke0(Native Method)
    at sun.reflect.NativeMethodAccessorImpl.invoke(NativeMethodAccessorImpl.java:62)
    at sun.reflect.DelegatingMethodAccessorImpl.invoke(DelegatingMethodAccessorImpl.java:43)
java.lang.IndexOutOfBoundsException: Index: 1, Size: 1
    at java.util.ArrayList.rangeCheck(ArrayList.java:657)
    at java.util.ArrayList.get(ArrayList.java:433)
    at java_programs.PASCAL.pascal(PASCAL.java:30)
    at java_testcases.junit.PASCAL_Test.test_2(PASCAL_Test.java:21)
    at sun.reflect.NativeMethodAccessorImpl.invoke0(Native Method)
    at sun.reflect.NativeMethodAccessorImpl.invoke(NativeMethodAccessorImpl.java:62)
java.lang.IndexOutOfBoundsException: Index: 1, Size: 1
    at java.util.ArrayList.rangeCheck(ArrayList.java:657)
    at java.util.ArrayList.get(ArrayList.java:433)
    at java_programs.PASCAL.pascal(PASCAL.java:30)
    at java_testcases.junit.PASCAL_Test.test_3(PASCAL_Test.java:28)
    at sun.reflect.NativeMethodAccessorImpl.invoke0(Native Method)
    at sun.reflect.NativeMethodAccessorImpl.invoke(NativeMethodAccessorImpl.java:62)
java.lang.IndexOutOfBoundsException: Index: 1, Size: 1
    at java.util.ArrayList.rangeCheck(ArrayList.java:657)
    at java.util.ArrayList.get(ArrayList.java:433)
    at java_programs.PASCAL.pascal(PASCAL.java:30)
    at java_testcases.junit.PASCAL_Test.test_4(PASCAL_Test.java:35)
    at sun.reflect.NativeMethodAccessorImpl.invoke0(Native Method)
    at sun.reflect.NativeMethodAccessorImpl.invoke(NativeMethodAccessorImpl.java:62)
12:03:34.453 [pool-24-thread-1] INFO  xxl.java.junit.TestCasesListener - Tests run finished (15 ms)
<> Total tests run: 20
<> Ignored tests: 0
<> Failed tests: 16
~ test_1(java_testcases.junit.PASCAL_Test)
[expected:<[[1],[1[,1]]]> but was:<[[1],[1[]]]>]
org.junit.ComparisonFailure: expected:<[[1],[1[,1]]]> but was:<[[1],[1[]]]>    at org.junit.Assert.assertEquals(Assert.java:115)
    at org.junit.Assert.assertEquals(Assert.java:144)
    at java_testcases.junit.PASCAL_Test.test_1(PASCAL_Test.java:16)
    at sun.reflect.NativeMethodAccessorImpl.invoke0(Native Method)
    at sun.reflect.NativeMethodAccessorImpl.invoke(NativeMethodAccessorImpl.java:62)
    at sun.reflect.DelegatingMethodAccessorImpl.invoke(DelegatingMethodAccessorImpl.java:43)
~ test_2(java_testcases.junit.PASCAL_Test)
[Index: 1, Size: 1]
java.lang.IndexOutOfBoundsException: Index: 1, Size: 1    at java.util.ArrayList.rangeCheck(ArrayList.java:657)
    at java.util.ArrayList.get(ArrayList.java:433)
    at java_programs.PASCAL.pascal(PASCAL.java:30)
    at java_testcases.junit.PASCAL_Test.test_2(PASCAL_Test.java:21)
    at sun.reflect.NativeMethodAccessorImpl.invoke0(Native Method)
    at sun.reflect.NativeMethodAccessorImpl.invoke(NativeMethodAccessorImpl.java:62)
~ test_3(java_testcases.junit.PASCAL_Test)
[Index: 1, Size: 1]
java.lang.IndexOutOfBoundsException: Index: 1, Size: 1    at java.util.ArrayList.rangeCheck(ArrayList.java:657)
    at java.util.ArrayList.get(ArrayList.java:433)
    at java_programs.PASCAL.pascal(PASCAL.java:30)
    at java_testcases.junit.PASCAL_Test.test_3(PASCAL_Test.java:28)
    at sun.reflect.NativeMethodAccessorImpl.invoke0(Native Method)
    at sun.reflect.NativeMethodAccessorImpl.invoke(NativeMethodAccessorImpl.java:62)
~ test_4(java_testcases.junit.PASCAL_Test)
[Index: 1, Size: 1]
java.lang.IndexOutOfBoundsException: Index: 1, Size: 1    at java.util.ArrayList.rangeCheck(ArrayList.java:657)
    at java.util.ArrayList.get(ArrayList.java:433)
    at java_programs.PASCAL.pascal(PASCAL.java:30)
    at java_testcases.junit.PASCAL_Test.test_4(PASCAL_Test.java:35)
    at sun.reflect.NativeMethodAccessorImpl.invoke0(Native Method)
    at sun.reflect.NativeMethodAccessorImpl.invoke(NativeMethodAccessorImpl.java:62)
~ test_1(java_testcases.junit.PASCAL_Test)
[expected:<[[1],[1[,1]]]> but was:<[[1],[1[]]]>]
org.junit.ComparisonFailure: expected:<[[1],[1[,1]]]> but was:<[[1],[1[]]]>    at org.junit.Assert.assertEquals(Assert.java:115)
    at org.junit.Assert.assertEquals(Assert.java:144)
    at java_testcases.junit.PASCAL_Test.test_1(PASCAL_Test.java:16)
    at sun.reflect.NativeMethodAccessorImpl.invoke0(Native Method)
    at sun.reflect.NativeMethodAccessorImpl.invoke(NativeMethodAccessorImpl.java:62)
    at sun.reflect.DelegatingMethodAccessorImpl.invoke(DelegatingMethodAccessorImpl.java:43)
~ test_2(java_testcases.junit.PASCAL_Test)
[Index: 1, Size: 1]
java.lang.IndexOutOfBoundsException: Index: 1, Size: 1    at java.util.ArrayList.rangeCheck(ArrayList.java:657)
    at java.util.ArrayList.get(ArrayList.java:433)
    at java_programs.PASCAL.pascal(PASCAL.java:30)
    at java_testcases.junit.PASCAL_Test.test_2(PASCAL_Test.java:21)
    at sun.reflect.NativeMethodAccessorImpl.invoke0(Native Method)
    at sun.reflect.NativeMethodAccessorImpl.invoke(NativeMethodAccessorImpl.java:62)
~ test_3(java_testcases.junit.PASCAL_Test)
[Index: 1, Size: 1]
java.lang.IndexOutOfBoundsException: Index: 1, Size: 1    at java.util.ArrayList.rangeCheck(ArrayList.java:657)
    at java.util.ArrayList.get(ArrayList.java:433)
    at java_programs.PASCAL.pascal(PASCAL.java:30)
    at java_testcases.junit.PASCAL_Test.test_3(PASCAL_Test.java:28)
    at sun.reflect.NativeMethodAccessorImpl.invoke0(Native Method)
    at sun.reflect.NativeMethodAccessorImpl.invoke(NativeMethodAccessorImpl.java:62)
~ test_4(java_testcases.junit.PASCAL_Test)
[Index: 1, Size: 1]
java.lang.IndexOutOfBoundsException: Index: 1, Size: 1    at java.util.ArrayList.rangeCheck(ArrayList.java:657)
    at java.util.ArrayList.get(ArrayList.java:433)
    at java_programs.PASCAL.pascal(PASCAL.java:30)
    at java_testcases.junit.PASCAL_Test.test_4(PASCAL_Test.java:35)
    at sun.reflect.NativeMethodAccessorImpl.invoke0(Native Method)
    at sun.reflect.NativeMethodAccessorImpl.invoke(NativeMethodAccessorImpl.java:62)
~ test_1(java_testcases.junit.PASCAL_Test)
[expected:<[[1],[1[,1]]]> but was:<[[1],[1[]]]>]
org.junit.ComparisonFailure: expected:<[[1],[1[,1]]]> but was:<[[1],[1[]]]>    at org.junit.Assert.assertEquals(Assert.java:115)
    at org.junit.Assert.assertEquals(Assert.java:144)
    at java_testcases.junit.PASCAL_Test.test_1(PASCAL_Test.java:16)
    at sun.reflect.NativeMethodAccessorImpl.invoke0(Native Method)
    at sun.reflect.NativeMethodAccessorImpl.invoke(NativeMethodAccessorImpl.java:62)
    at sun.reflect.DelegatingMethodAccessorImpl.invoke(DelegatingMethodAccessorImpl.java:43)
~ test_2(java_testcases.junit.PASCAL_Test)
[Index: 1, Size: 1]
java.lang.IndexOutOfBoundsException: Index: 1, Size: 1    at java.util.ArrayList.rangeCheck(ArrayList.java:657)
    at java.util.ArrayList.get(ArrayList.java:433)
    at java_programs.PASCAL.pascal(PASCAL.java:30)
    at java_testcases.junit.PASCAL_Test.test_2(PASCAL_Test.java:21)
    at sun.reflect.NativeMethodAccessorImpl.invoke0(Native Method)
    at sun.reflect.NativeMethodAccessorImpl.invoke(NativeMethodAccessorImpl.java:62)
~ test_3(java_testcases.junit.PASCAL_Test)
[Index: 1, Size: 1]
java.lang.IndexOutOfBoundsException: Index: 1, Size: 1    at java.util.ArrayList.rangeCheck(ArrayList.java:657)
    at java.util.ArrayList.get(ArrayList.java:433)
    at java_programs.PASCAL.pascal(PASCAL.java:30)
    at java_testcases.junit.PASCAL_Test.test_3(PASCAL_Test.java:28)
    at sun.reflect.NativeMethodAccessorImpl.invoke0(Native Method)
    at sun.reflect.NativeMethodAccessorImpl.invoke(NativeMethodAccessorImpl.java:62)
~ test_4(java_testcases.junit.PASCAL_Test)
[Index: 1, Size: 1]
java.lang.IndexOutOfBoundsException: Index: 1, Size: 1    at java.util.ArrayList.rangeCheck(ArrayList.java:657)
    at java.util.ArrayList.get(ArrayList.java:433)
    at java_programs.PASCAL.pascal(PASCAL.java:30)
    at java_testcases.junit.PASCAL_Test.test_4(PASCAL_Test.java:35)
    at sun.reflect.NativeMethodAccessorImpl.invoke0(Native Method)
    at sun.reflect.NativeMethodAccessorImpl.invoke(NativeMethodAccessorImpl.java:62)
~ test_1(java_testcases.junit.PASCAL_Test)
[expected:<[[1],[1[,1]]]> but was:<[[1],[1[]]]>]
org.junit.ComparisonFailure: expected:<[[1],[1[,1]]]> but was:<[[1],[1[]]]>    at org.junit.Assert.assertEquals(Assert.java:115)
    at org.junit.Assert.assertEquals(Assert.java:144)
    at java_testcases.junit.PASCAL_Test.test_1(PASCAL_Test.java:16)
    at sun.reflect.NativeMethodAccessorImpl.invoke0(Native Method)
    at sun.reflect.NativeMethodAccessorImpl.invoke(NativeMethodAccessorImpl.java:62)
    at sun.reflect.DelegatingMethodAccessorImpl.invoke(DelegatingMethodAccessorImpl.java:43)
~ test_2(java_testcases.junit.PASCAL_Test)
[Index: 1, Size: 1]
java.lang.IndexOutOfBoundsException: Index: 1, Size: 1    at java.util.ArrayList.rangeCheck(ArrayList.java:657)
    at java.util.ArrayList.get(ArrayList.java:433)
    at java_programs.PASCAL.pascal(PASCAL.java:30)
    at java_testcases.junit.PASCAL_Test.test_2(PASCAL_Test.java:21)
    at sun.reflect.NativeMethodAccessorImpl.invoke0(Native Method)
    at sun.reflect.NativeMethodAccessorImpl.invoke(NativeMethodAccessorImpl.java:62)
~ test_3(java_testcases.junit.PASCAL_Test)
[Index: 1, Size: 1]
java.lang.IndexOutOfBoundsException: Index: 1, Size: 1    at java.util.ArrayList.rangeCheck(ArrayList.java:657)
    at java.util.ArrayList.get(ArrayList.java:433)
    at java_programs.PASCAL.pascal(PASCAL.java:30)
    at java_testcases.junit.PASCAL_Test.test_3(PASCAL_Test.java:28)
    at sun.reflect.NativeMethodAccessorImpl.invoke0(Native Method)
    at sun.reflect.NativeMethodAccessorImpl.invoke(NativeMethodAccessorImpl.java:62)
~ test_4(java_testcases.junit.PASCAL_Test)
[Index: 1, Size: 1]
java.lang.IndexOutOfBoundsException: Index: 1, Size: 1    at java.util.ArrayList.rangeCheck(ArrayList.java:657)
    at java.util.ArrayList.get(ArrayList.java:433)
    at java_programs.PASCAL.pascal(PASCAL.java:30)
    at java_testcases.junit.PASCAL_Test.test_4(PASCAL_Test.java:35)
    at sun.reflect.NativeMethodAccessorImpl.invoke0(Native Method)
    at sun.reflect.NativeMethodAccessorImpl.invoke(NativeMethodAccessorImpl.java:62)

12:03:34.524 [pool-23-thread-1] ERROR x.java.compiler.DynamicClassCompiler - [Compilation errors]
PASCAL.java:31: error: variable upright might not have been initialized
                row.add((upleft + upright));
                                  ^
xxl.java.compiler.DynamicCompilationException: Aborting: dynamic compilation failed
	at xxl.java.compiler.DynamicClassCompiler.runCompilationTask(DynamicClassCompiler.java:99)
	at xxl.java.compiler.DynamicClassCompiler.javaBytecodeFor(DynamicClassCompiler.java:67)
	at fr.inria.lille.commons.spoon.SpoonedFile.compilationFor(SpoonedFile.java:203)
	at fr.inria.lille.commons.spoon.SpoonedFile.compileModelledClasses(SpoonedFile.java:177)
	at fr.inria.lille.commons.spoon.SpoonedFile.dumpedToClassLoader(SpoonedFile.java:130)
	at fr.inria.lille.commons.spoon.SpoonedFile.processedAndDumpedToClassLoader(SpoonedFile.java:140)
	at fr.inria.lille.commons.spoon.SpoonedFile.processedAndDumpedToClassLoader(SpoonedFile.java:135)
	at fr.inria.lille.repair.nopol.synth.dynamoth.DynamothSynthesizer.findAngelicValuesAndBuildPatch(DynamothSynthesizer.java:69)
	at fr.inria.lille.repair.nopol.NoPol.runNopolProcessor(NoPol.java:295)
	at fr.inria.lille.repair.nopol.NoPol.access$000(NoPol.java:81)
	at fr.inria.lille.repair.nopol.NoPol$1.call(NoPol.java:260)
	at java.util.concurrent.FutureTask.run(FutureTask.java:266)
	at java.util.concurrent.ThreadPoolExecutor.runWorker(ThreadPoolExecutor.java:1149)
	at java.util.concurrent.ThreadPoolExecutor$Worker.run(ThreadPoolExecutor.java:624)
	at java.lang.Thread.run(Thread.java:748)
12:03:34.525 [pool-2-thread-1] DEBUG fr.inria.lille.repair.nopol.NoPol - statement #4
12:03:34.525 [pool-2-thread-1] DEBUG fr.inria.lille.repair.nopol.NoPol - Analysing SourceLocation java_programs.PASCAL:29 which is executed by 4 tests
-1942067219
12:03:34.563 [pool-2-thread-1] DEBUG fr.inria.lille.repair.nopol.NoPol - looking with class fr.inria.lille.repair.nopol.spoon.smt.ConditionalAdder
org.junit.ComparisonFailure: expected:<[[1],[1[,1]]]> but was:<[[1],[1[]]]>
    at org.junit.Assert.assertEquals(Assert.java:115)
    at org.junit.Assert.assertEquals(Assert.java:144)
    at java_testcases.junit.PASCAL_Test.test_1(PASCAL_Test.java:16)
    at sun.reflect.NativeMethodAccessorImpl.invoke0(Native Method)
    at sun.reflect.NativeMethodAccessorImpl.invoke(NativeMethodAccessorImpl.java:62)
    at sun.reflect.DelegatingMethodAccessorImpl.invoke(DelegatingMethodAccessorImpl.java:43)
java.lang.IndexOutOfBoundsException: Index: 1, Size: 1
    at java.util.ArrayList.rangeCheck(ArrayList.java:657)
    at java.util.ArrayList.get(ArrayList.java:433)
    at java_programs.PASCAL.pascal(PASCAL.java:30)
    at java_testcases.junit.PASCAL_Test.test_2(PASCAL_Test.java:21)
    at sun.reflect.NativeMethodAccessorImpl.invoke0(Native Method)
    at sun.reflect.NativeMethodAccessorImpl.invoke(NativeMethodAccessorImpl.java:62)
java.lang.IndexOutOfBoundsException: Index: 1, Size: 1
    at java.util.ArrayList.rangeCheck(ArrayList.java:657)
    at java.util.ArrayList.get(ArrayList.java:433)
    at java_programs.PASCAL.pascal(PASCAL.java:30)
    at java_testcases.junit.PASCAL_Test.test_3(PASCAL_Test.java:28)
    at sun.reflect.NativeMethodAccessorImpl.invoke0(Native Method)
    at sun.reflect.NativeMethodAccessorImpl.invoke(NativeMethodAccessorImpl.java:62)
java.lang.IndexOutOfBoundsException: Index: 1, Size: 1
    at java.util.ArrayList.rangeCheck(ArrayList.java:657)
    at java.util.ArrayList.get(ArrayList.java:433)
    at java_programs.PASCAL.pascal(PASCAL.java:30)
    at java_testcases.junit.PASCAL_Test.test_4(PASCAL_Test.java:35)
    at sun.reflect.NativeMethodAccessorImpl.invoke0(Native Method)
    at sun.reflect.NativeMethodAccessorImpl.invoke(NativeMethodAccessorImpl.java:62)
org.junit.ComparisonFailure: expected:<[[1],[1[,1]]]> but was:<[[1],[1[]]]>
    at org.junit.Assert.assertEquals(Assert.java:115)
    at org.junit.Assert.assertEquals(Assert.java:144)
    at java_testcases.junit.PASCAL_Test.test_1(PASCAL_Test.java:16)
    at sun.reflect.NativeMethodAccessorImpl.invoke0(Native Method)
    at sun.reflect.NativeMethodAccessorImpl.invoke(NativeMethodAccessorImpl.java:62)
    at sun.reflect.DelegatingMethodAccessorImpl.invoke(DelegatingMethodAccessorImpl.java:43)
java.lang.IndexOutOfBoundsException: Index: 1, Size: 1
    at java.util.ArrayList.rangeCheck(ArrayList.java:657)
    at java.util.ArrayList.get(ArrayList.java:433)
    at java_programs.PASCAL.pascal(PASCAL.java:30)
    at java_testcases.junit.PASCAL_Test.test_2(PASCAL_Test.java:21)
    at sun.reflect.NativeMethodAccessorImpl.invoke0(Native Method)
    at sun.reflect.NativeMethodAccessorImpl.invoke(NativeMethodAccessorImpl.java:62)
java.lang.IndexOutOfBoundsException: Index: 1, Size: 1
    at java.util.ArrayList.rangeCheck(ArrayList.java:657)
    at java.util.ArrayList.get(ArrayList.java:433)
    at java_programs.PASCAL.pascal(PASCAL.java:30)
    at java_testcases.junit.PASCAL_Test.test_3(PASCAL_Test.java:28)
    at sun.reflect.NativeMethodAccessorImpl.invoke0(Native Method)
    at sun.reflect.NativeMethodAccessorImpl.invoke(NativeMethodAccessorImpl.java:62)
java.lang.IndexOutOfBoundsException: Index: 1, Size: 1
    at java.util.ArrayList.rangeCheck(ArrayList.java:657)
    at java.util.ArrayList.get(ArrayList.java:433)
    at java_programs.PASCAL.pascal(PASCAL.java:30)
    at java_testcases.junit.PASCAL_Test.test_4(PASCAL_Test.java:35)
    at sun.reflect.NativeMethodAccessorImpl.invoke0(Native Method)
    at sun.reflect.NativeMethodAccessorImpl.invoke(NativeMethodAccessorImpl.java:62)
org.junit.ComparisonFailure: expected:<[[1],[1[,1]]]> but was:<[[1],[1[]]]>
    at org.junit.Assert.assertEquals(Assert.java:115)
    at org.junit.Assert.assertEquals(Assert.java:144)
    at java_testcases.junit.PASCAL_Test.test_1(PASCAL_Test.java:16)
    at sun.reflect.NativeMethodAccessorImpl.invoke0(Native Method)
    at sun.reflect.NativeMethodAccessorImpl.invoke(NativeMethodAccessorImpl.java:62)
    at sun.reflect.DelegatingMethodAccessorImpl.invoke(DelegatingMethodAccessorImpl.java:43)
java.lang.IndexOutOfBoundsException: Index: 1, Size: 1
    at java.util.ArrayList.rangeCheck(ArrayList.java:657)
    at java.util.ArrayList.get(ArrayList.java:433)
    at java_programs.PASCAL.pascal(PASCAL.java:30)
    at java_testcases.junit.PASCAL_Test.test_2(PASCAL_Test.java:21)
    at sun.reflect.NativeMethodAccessorImpl.invoke0(Native Method)
    at sun.reflect.NativeMethodAccessorImpl.invoke(NativeMethodAccessorImpl.java:62)
java.lang.IndexOutOfBoundsException: Index: 1, Size: 1
    at java.util.ArrayList.rangeCheck(ArrayList.java:657)
    at java.util.ArrayList.get(ArrayList.java:433)
    at java_programs.PASCAL.pascal(PASCAL.java:30)
    at java_testcases.junit.PASCAL_Test.test_3(PASCAL_Test.java:28)
    at sun.reflect.NativeMethodAccessorImpl.invoke0(Native Method)
    at sun.reflect.NativeMethodAccessorImpl.invoke(NativeMethodAccessorImpl.java:62)
java.lang.IndexOutOfBoundsException: Index: 1, Size: 1
    at java.util.ArrayList.rangeCheck(ArrayList.java:657)
    at java.util.ArrayList.get(ArrayList.java:433)
    at java_programs.PASCAL.pascal(PASCAL.java:30)
    at java_testcases.junit.PASCAL_Test.test_4(PASCAL_Test.java:35)
    at sun.reflect.NativeMethodAccessorImpl.invoke0(Native Method)
    at sun.reflect.NativeMethodAccessorImpl.invoke(NativeMethodAccessorImpl.java:62)
org.junit.ComparisonFailure: expected:<[[1],[1[,1]]]> but was:<[[1],[1[]]]>
    at org.junit.Assert.assertEquals(Assert.java:115)
    at org.junit.Assert.assertEquals(Assert.java:144)
    at java_testcases.junit.PASCAL_Test.test_1(PASCAL_Test.java:16)
    at sun.reflect.NativeMethodAccessorImpl.invoke0(Native Method)
    at sun.reflect.NativeMethodAccessorImpl.invoke(NativeMethodAccessorImpl.java:62)
    at sun.reflect.DelegatingMethodAccessorImpl.invoke(DelegatingMethodAccessorImpl.java:43)
java.lang.IndexOutOfBoundsException: Index: 1, Size: 1
    at java.util.ArrayList.rangeCheck(ArrayList.java:657)
    at java.util.ArrayList.get(ArrayList.java:433)
    at java_programs.PASCAL.pascal(PASCAL.java:30)
    at java_testcases.junit.PASCAL_Test.test_2(PASCAL_Test.java:21)
    at sun.reflect.NativeMethodAccessorImpl.invoke0(Native Method)
    at sun.reflect.NativeMethodAccessorImpl.invoke(NativeMethodAccessorImpl.java:62)
java.lang.IndexOutOfBoundsException: Index: 1, Size: 1
    at java.util.ArrayList.rangeCheck(ArrayList.java:657)
    at java.util.ArrayList.get(ArrayList.java:433)
    at java_programs.PASCAL.pascal(PASCAL.java:30)
    at java_testcases.junit.PASCAL_Test.test_3(PASCAL_Test.java:28)
    at sun.reflect.NativeMethodAccessorImpl.invoke0(Native Method)
    at sun.reflect.NativeMethodAccessorImpl.invoke(NativeMethodAccessorImpl.java:62)
java.lang.IndexOutOfBoundsException: Index: 1, Size: 1
    at java.util.ArrayList.rangeCheck(ArrayList.java:657)
    at java.util.ArrayList.get(ArrayList.java:433)
    at java_programs.PASCAL.pascal(PASCAL.java:30)
    at java_testcases.junit.PASCAL_Test.test_4(PASCAL_Test.java:35)
    at sun.reflect.NativeMethodAccessorImpl.invoke0(Native Method)
    at sun.reflect.NativeMethodAccessorImpl.invoke(NativeMethodAccessorImpl.java:62)
12:03:34.573 [pool-26-thread-1] INFO  xxl.java.junit.TestCasesListener - Tests run finished (7 ms)
<> Total tests run: 20
<> Ignored tests: 0
<> Failed tests: 16
~ test_1(java_testcases.junit.PASCAL_Test)
[expected:<[[1],[1[,1]]]> but was:<[[1],[1[]]]>]
org.junit.ComparisonFailure: expected:<[[1],[1[,1]]]> but was:<[[1],[1[]]]>    at org.junit.Assert.assertEquals(Assert.java:115)
    at org.junit.Assert.assertEquals(Assert.java:144)
    at java_testcases.junit.PASCAL_Test.test_1(PASCAL_Test.java:16)
    at sun.reflect.NativeMethodAccessorImpl.invoke0(Native Method)
    at sun.reflect.NativeMethodAccessorImpl.invoke(NativeMethodAccessorImpl.java:62)
    at sun.reflect.DelegatingMethodAccessorImpl.invoke(DelegatingMethodAccessorImpl.java:43)
~ test_2(java_testcases.junit.PASCAL_Test)
[Index: 1, Size: 1]
java.lang.IndexOutOfBoundsException: Index: 1, Size: 1    at java.util.ArrayList.rangeCheck(ArrayList.java:657)
    at java.util.ArrayList.get(ArrayList.java:433)
    at java_programs.PASCAL.pascal(PASCAL.java:30)
    at java_testcases.junit.PASCAL_Test.test_2(PASCAL_Test.java:21)
    at sun.reflect.NativeMethodAccessorImpl.invoke0(Native Method)
    at sun.reflect.NativeMethodAccessorImpl.invoke(NativeMethodAccessorImpl.java:62)
~ test_3(java_testcases.junit.PASCAL_Test)
[Index: 1, Size: 1]
java.lang.IndexOutOfBoundsException: Index: 1, Size: 1    at java.util.ArrayList.rangeCheck(ArrayList.java:657)
    at java.util.ArrayList.get(ArrayList.java:433)
    at java_programs.PASCAL.pascal(PASCAL.java:30)
    at java_testcases.junit.PASCAL_Test.test_3(PASCAL_Test.java:28)
    at sun.reflect.NativeMethodAccessorImpl.invoke0(Native Method)
    at sun.reflect.NativeMethodAccessorImpl.invoke(NativeMethodAccessorImpl.java:62)
~ test_4(java_testcases.junit.PASCAL_Test)
[Index: 1, Size: 1]
java.lang.IndexOutOfBoundsException: Index: 1, Size: 1    at java.util.ArrayList.rangeCheck(ArrayList.java:657)
    at java.util.ArrayList.get(ArrayList.java:433)
    at java_programs.PASCAL.pascal(PASCAL.java:30)
    at java_testcases.junit.PASCAL_Test.test_4(PASCAL_Test.java:35)
    at sun.reflect.NativeMethodAccessorImpl.invoke0(Native Method)
    at sun.reflect.NativeMethodAccessorImpl.invoke(NativeMethodAccessorImpl.java:62)
~ test_1(java_testcases.junit.PASCAL_Test)
[expected:<[[1],[1[,1]]]> but was:<[[1],[1[]]]>]
org.junit.ComparisonFailure: expected:<[[1],[1[,1]]]> but was:<[[1],[1[]]]>    at org.junit.Assert.assertEquals(Assert.java:115)
    at org.junit.Assert.assertEquals(Assert.java:144)
    at java_testcases.junit.PASCAL_Test.test_1(PASCAL_Test.java:16)
    at sun.reflect.NativeMethodAccessorImpl.invoke0(Native Method)
    at sun.reflect.NativeMethodAccessorImpl.invoke(NativeMethodAccessorImpl.java:62)
    at sun.reflect.DelegatingMethodAccessorImpl.invoke(DelegatingMethodAccessorImpl.java:43)
~ test_2(java_testcases.junit.PASCAL_Test)
[Index: 1, Size: 1]
java.lang.IndexOutOfBoundsException: Index: 1, Size: 1    at java.util.ArrayList.rangeCheck(ArrayList.java:657)
    at java.util.ArrayList.get(ArrayList.java:433)
    at java_programs.PASCAL.pascal(PASCAL.java:30)
    at java_testcases.junit.PASCAL_Test.test_2(PASCAL_Test.java:21)
    at sun.reflect.NativeMethodAccessorImpl.invoke0(Native Method)
    at sun.reflect.NativeMethodAccessorImpl.invoke(NativeMethodAccessorImpl.java:62)
~ test_3(java_testcases.junit.PASCAL_Test)
[Index: 1, Size: 1]
java.lang.IndexOutOfBoundsException: Index: 1, Size: 1    at java.util.ArrayList.rangeCheck(ArrayList.java:657)
    at java.util.ArrayList.get(ArrayList.java:433)
    at java_programs.PASCAL.pascal(PASCAL.java:30)
    at java_testcases.junit.PASCAL_Test.test_3(PASCAL_Test.java:28)
    at sun.reflect.NativeMethodAccessorImpl.invoke0(Native Method)
    at sun.reflect.NativeMethodAccessorImpl.invoke(NativeMethodAccessorImpl.java:62)
~ test_4(java_testcases.junit.PASCAL_Test)
[Index: 1, Size: 1]
java.lang.IndexOutOfBoundsException: Index: 1, Size: 1    at java.util.ArrayList.rangeCheck(ArrayList.java:657)
    at java.util.ArrayList.get(ArrayList.java:433)
    at java_programs.PASCAL.pascal(PASCAL.java:30)
    at java_testcases.junit.PASCAL_Test.test_4(PASCAL_Test.java:35)
    at sun.reflect.NativeMethodAccessorImpl.invoke0(Native Method)
    at sun.reflect.NativeMethodAccessorImpl.invoke(NativeMethodAccessorImpl.java:62)
~ test_1(java_testcases.junit.PASCAL_Test)
[expected:<[[1],[1[,1]]]> but was:<[[1],[1[]]]>]
org.junit.ComparisonFailure: expected:<[[1],[1[,1]]]> but was:<[[1],[1[]]]>    at org.junit.Assert.assertEquals(Assert.java:115)
    at org.junit.Assert.assertEquals(Assert.java:144)
    at java_testcases.junit.PASCAL_Test.test_1(PASCAL_Test.java:16)
    at sun.reflect.NativeMethodAccessorImpl.invoke0(Native Method)
    at sun.reflect.NativeMethodAccessorImpl.invoke(NativeMethodAccessorImpl.java:62)
    at sun.reflect.DelegatingMethodAccessorImpl.invoke(DelegatingMethodAccessorImpl.java:43)
~ test_2(java_testcases.junit.PASCAL_Test)
[Index: 1, Size: 1]
java.lang.IndexOutOfBoundsException: Index: 1, Size: 1    at java.util.ArrayList.rangeCheck(ArrayList.java:657)
    at java.util.ArrayList.get(ArrayList.java:433)
    at java_programs.PASCAL.pascal(PASCAL.java:30)
    at java_testcases.junit.PASCAL_Test.test_2(PASCAL_Test.java:21)
    at sun.reflect.NativeMethodAccessorImpl.invoke0(Native Method)
    at sun.reflect.NativeMethodAccessorImpl.invoke(NativeMethodAccessorImpl.java:62)
~ test_3(java_testcases.junit.PASCAL_Test)
[Index: 1, Size: 1]
java.lang.IndexOutOfBoundsException: Index: 1, Size: 1    at java.util.ArrayList.rangeCheck(ArrayList.java:657)
    at java.util.ArrayList.get(ArrayList.java:433)
    at java_programs.PASCAL.pascal(PASCAL.java:30)
    at java_testcases.junit.PASCAL_Test.test_3(PASCAL_Test.java:28)
    at sun.reflect.NativeMethodAccessorImpl.invoke0(Native Method)
    at sun.reflect.NativeMethodAccessorImpl.invoke(NativeMethodAccessorImpl.java:62)
~ test_4(java_testcases.junit.PASCAL_Test)
[Index: 1, Size: 1]
java.lang.IndexOutOfBoundsException: Index: 1, Size: 1    at java.util.ArrayList.rangeCheck(ArrayList.java:657)
    at java.util.ArrayList.get(ArrayList.java:433)
    at java_programs.PASCAL.pascal(PASCAL.java:30)
    at java_testcases.junit.PASCAL_Test.test_4(PASCAL_Test.java:35)
    at sun.reflect.NativeMethodAccessorImpl.invoke0(Native Method)
    at sun.reflect.NativeMethodAccessorImpl.invoke(NativeMethodAccessorImpl.java:62)
~ test_1(java_testcases.junit.PASCAL_Test)
[expected:<[[1],[1[,1]]]> but was:<[[1],[1[]]]>]
org.junit.ComparisonFailure: expected:<[[1],[1[,1]]]> but was:<[[1],[1[]]]>    at org.junit.Assert.assertEquals(Assert.java:115)
    at org.junit.Assert.assertEquals(Assert.java:144)
    at java_testcases.junit.PASCAL_Test.test_1(PASCAL_Test.java:16)
    at sun.reflect.NativeMethodAccessorImpl.invoke0(Native Method)
    at sun.reflect.NativeMethodAccessorImpl.invoke(NativeMethodAccessorImpl.java:62)
    at sun.reflect.DelegatingMethodAccessorImpl.invoke(DelegatingMethodAccessorImpl.java:43)
~ test_2(java_testcases.junit.PASCAL_Test)
[Index: 1, Size: 1]
java.lang.IndexOutOfBoundsException: Index: 1, Size: 1    at java.util.ArrayList.rangeCheck(ArrayList.java:657)
    at java.util.ArrayList.get(ArrayList.java:433)
    at java_programs.PASCAL.pascal(PASCAL.java:30)
    at java_testcases.junit.PASCAL_Test.test_2(PASCAL_Test.java:21)
    at sun.reflect.NativeMethodAccessorImpl.invoke0(Native Method)
    at sun.reflect.NativeMethodAccessorImpl.invoke(NativeMethodAccessorImpl.java:62)
~ test_3(java_testcases.junit.PASCAL_Test)
[Index: 1, Size: 1]
java.lang.IndexOutOfBoundsException: Index: 1, Size: 1    at java.util.ArrayList.rangeCheck(ArrayList.java:657)
    at java.util.ArrayList.get(ArrayList.java:433)
    at java_programs.PASCAL.pascal(PASCAL.java:30)
    at java_testcases.junit.PASCAL_Test.test_3(PASCAL_Test.java:28)
    at sun.reflect.NativeMethodAccessorImpl.invoke0(Native Method)
    at sun.reflect.NativeMethodAccessorImpl.invoke(NativeMethodAccessorImpl.java:62)
~ test_4(java_testcases.junit.PASCAL_Test)
[Index: 1, Size: 1]
java.lang.IndexOutOfBoundsException: Index: 1, Size: 1    at java.util.ArrayList.rangeCheck(ArrayList.java:657)
    at java.util.ArrayList.get(ArrayList.java:433)
    at java_programs.PASCAL.pascal(PASCAL.java:30)
    at java_testcases.junit.PASCAL_Test.test_4(PASCAL_Test.java:35)
    at sun.reflect.NativeMethodAccessorImpl.invoke0(Native Method)
    at sun.reflect.NativeMethodAccessorImpl.invoke(NativeMethodAccessorImpl.java:62)

12:03:34.638 [pool-25-thread-1] ERROR x.java.compiler.DynamicClassCompiler - [Compilation errors]
PASCAL.java:29: error: variable upright might not have been initialized
                row.add((upleft + upright));
                                  ^
xxl.java.compiler.DynamicCompilationException: Aborting: dynamic compilation failed
	at xxl.java.compiler.DynamicClassCompiler.runCompilationTask(DynamicClassCompiler.java:99)
	at xxl.java.compiler.DynamicClassCompiler.javaBytecodeFor(DynamicClassCompiler.java:67)
	at fr.inria.lille.commons.spoon.SpoonedFile.compilationFor(SpoonedFile.java:203)
	at fr.inria.lille.commons.spoon.SpoonedFile.compileModelledClasses(SpoonedFile.java:177)
	at fr.inria.lille.commons.spoon.SpoonedFile.dumpedToClassLoader(SpoonedFile.java:130)
	at fr.inria.lille.commons.spoon.SpoonedFile.processedAndDumpedToClassLoader(SpoonedFile.java:140)
	at fr.inria.lille.commons.spoon.SpoonedFile.processedAndDumpedToClassLoader(SpoonedFile.java:135)
	at fr.inria.lille.repair.nopol.synth.dynamoth.DynamothSynthesizer.findAngelicValuesAndBuildPatch(DynamothSynthesizer.java:69)
	at fr.inria.lille.repair.nopol.NoPol.runNopolProcessor(NoPol.java:295)
	at fr.inria.lille.repair.nopol.NoPol.access$000(NoPol.java:81)
	at fr.inria.lille.repair.nopol.NoPol$1.call(NoPol.java:260)
	at java.util.concurrent.FutureTask.run(FutureTask.java:266)
	at java.util.concurrent.ThreadPoolExecutor.runWorker(ThreadPoolExecutor.java:1149)
	at java.util.concurrent.ThreadPoolExecutor$Worker.run(ThreadPoolExecutor.java:624)
	at java.lang.Thread.run(Thread.java:748)
12:03:34.638 [pool-2-thread-1] DEBUG fr.inria.lille.repair.nopol.NoPol - looking with class fr.inria.lille.repair.nopol.spoon.smt.ConditionalReplacer
org.junit.ComparisonFailure: expected:<[[1],[1[,1]]]> but was:<[[1],[1[]]]>
    at org.junit.Assert.assertEquals(Assert.java:115)
    at org.junit.Assert.assertEquals(Assert.java:144)
    at java_testcases.junit.PASCAL_Test.test_1(PASCAL_Test.java:16)
    at sun.reflect.NativeMethodAccessorImpl.invoke0(Native Method)
    at sun.reflect.NativeMethodAccessorImpl.invoke(NativeMethodAccessorImpl.java:62)
    at sun.reflect.DelegatingMethodAccessorImpl.invoke(DelegatingMethodAccessorImpl.java:43)
java.lang.IndexOutOfBoundsException: Index: 1, Size: 1
    at java.util.ArrayList.rangeCheck(ArrayList.java:657)
    at java.util.ArrayList.get(ArrayList.java:433)
    at java_programs.PASCAL.pascal(PASCAL.java:30)
    at java_testcases.junit.PASCAL_Test.test_2(PASCAL_Test.java:21)
    at sun.reflect.NativeMethodAccessorImpl.invoke0(Native Method)
    at sun.reflect.NativeMethodAccessorImpl.invoke(NativeMethodAccessorImpl.java:62)
java.lang.IndexOutOfBoundsException: Index: 1, Size: 1
    at java.util.ArrayList.rangeCheck(ArrayList.java:657)
    at java.util.ArrayList.get(ArrayList.java:433)
    at java_programs.PASCAL.pascal(PASCAL.java:30)
    at java_testcases.junit.PASCAL_Test.test_3(PASCAL_Test.java:28)
    at sun.reflect.NativeMethodAccessorImpl.invoke0(Native Method)
    at sun.reflect.NativeMethodAccessorImpl.invoke(NativeMethodAccessorImpl.java:62)
java.lang.IndexOutOfBoundsException: Index: 1, Size: 1
    at java.util.ArrayList.rangeCheck(ArrayList.java:657)
    at java.util.ArrayList.get(ArrayList.java:433)
    at java_programs.PASCAL.pascal(PASCAL.java:30)
    at java_testcases.junit.PASCAL_Test.test_4(PASCAL_Test.java:35)
    at sun.reflect.NativeMethodAccessorImpl.invoke0(Native Method)
    at sun.reflect.NativeMethodAccessorImpl.invoke(NativeMethodAccessorImpl.java:62)
org.junit.ComparisonFailure: expected:<[[1],[1[,1]]]> but was:<[[1],[1[]]]>
    at org.junit.Assert.assertEquals(Assert.java:115)
    at org.junit.Assert.assertEquals(Assert.java:144)
    at java_testcases.junit.PASCAL_Test.test_1(PASCAL_Test.java:16)
    at sun.reflect.NativeMethodAccessorImpl.invoke0(Native Method)
    at sun.reflect.NativeMethodAccessorImpl.invoke(NativeMethodAccessorImpl.java:62)
    at sun.reflect.DelegatingMethodAccessorImpl.invoke(DelegatingMethodAccessorImpl.java:43)
java.lang.IndexOutOfBoundsException: Index: 1, Size: 1
    at java.util.ArrayList.rangeCheck(ArrayList.java:657)
    at java.util.ArrayList.get(ArrayList.java:433)
    at java_programs.PASCAL.pascal(PASCAL.java:30)
    at java_testcases.junit.PASCAL_Test.test_2(PASCAL_Test.java:21)
    at sun.reflect.NativeMethodAccessorImpl.invoke0(Native Method)
    at sun.reflect.NativeMethodAccessorImpl.invoke(NativeMethodAccessorImpl.java:62)
java.lang.IndexOutOfBoundsException: Index: 1, Size: 1
    at java.util.ArrayList.rangeCheck(ArrayList.java:657)
    at java.util.ArrayList.get(ArrayList.java:433)
    at java_programs.PASCAL.pascal(PASCAL.java:30)
    at java_testcases.junit.PASCAL_Test.test_3(PASCAL_Test.java:28)
    at sun.reflect.NativeMethodAccessorImpl.invoke0(Native Method)
    at sun.reflect.NativeMethodAccessorImpl.invoke(NativeMethodAccessorImpl.java:62)
java.lang.IndexOutOfBoundsException: Index: 1, Size: 1
    at java.util.ArrayList.rangeCheck(ArrayList.java:657)
    at java.util.ArrayList.get(ArrayList.java:433)
    at java_programs.PASCAL.pascal(PASCAL.java:30)
    at java_testcases.junit.PASCAL_Test.test_4(PASCAL_Test.java:35)
    at sun.reflect.NativeMethodAccessorImpl.invoke0(Native Method)
    at sun.reflect.NativeMethodAccessorImpl.invoke(NativeMethodAccessorImpl.java:62)
org.junit.ComparisonFailure: expected:<[[1],[1[,1]]]> but was:<[[1],[1[]]]>
    at org.junit.Assert.assertEquals(Assert.java:115)
    at org.junit.Assert.assertEquals(Assert.java:144)
    at java_testcases.junit.PASCAL_Test.test_1(PASCAL_Test.java:16)
    at sun.reflect.NativeMethodAccessorImpl.invoke0(Native Method)
    at sun.reflect.NativeMethodAccessorImpl.invoke(NativeMethodAccessorImpl.java:62)
    at sun.reflect.DelegatingMethodAccessorImpl.invoke(DelegatingMethodAccessorImpl.java:43)
java.lang.IndexOutOfBoundsException: Index: 1, Size: 1
    at java.util.ArrayList.rangeCheck(ArrayList.java:657)
    at java.util.ArrayList.get(ArrayList.java:433)
    at java_programs.PASCAL.pascal(PASCAL.java:30)
    at java_testcases.junit.PASCAL_Test.test_2(PASCAL_Test.java:21)
    at sun.reflect.NativeMethodAccessorImpl.invoke0(Native Method)
    at sun.reflect.NativeMethodAccessorImpl.invoke(NativeMethodAccessorImpl.java:62)
java.lang.IndexOutOfBoundsException: Index: 1, Size: 1
    at java.util.ArrayList.rangeCheck(ArrayList.java:657)
    at java.util.ArrayList.get(ArrayList.java:433)
    at java_programs.PASCAL.pascal(PASCAL.java:30)
    at java_testcases.junit.PASCAL_Test.test_3(PASCAL_Test.java:28)
    at sun.reflect.NativeMethodAccessorImpl.invoke0(Native Method)
    at sun.reflect.NativeMethodAccessorImpl.invoke(NativeMethodAccessorImpl.java:62)
java.lang.IndexOutOfBoundsException: Index: 1, Size: 1
    at java.util.ArrayList.rangeCheck(ArrayList.java:657)
    at java.util.ArrayList.get(ArrayList.java:433)
    at java_programs.PASCAL.pascal(PASCAL.java:30)
    at java_testcases.junit.PASCAL_Test.test_4(PASCAL_Test.java:35)
    at sun.reflect.NativeMethodAccessorImpl.invoke0(Native Method)
    at sun.reflect.NativeMethodAccessorImpl.invoke(NativeMethodAccessorImpl.java:62)
org.junit.ComparisonFailure: expected:<[[1],[1[,1]]]> but was:<[[1],[1[]]]>
    at org.junit.Assert.assertEquals(Assert.java:115)
    at org.junit.Assert.assertEquals(Assert.java:144)
    at java_testcases.junit.PASCAL_Test.test_1(PASCAL_Test.java:16)
    at sun.reflect.NativeMethodAccessorImpl.invoke0(Native Method)
    at sun.reflect.NativeMethodAccessorImpl.invoke(NativeMethodAccessorImpl.java:62)
    at sun.reflect.DelegatingMethodAccessorImpl.invoke(DelegatingMethodAccessorImpl.java:43)
java.lang.IndexOutOfBoundsException: Index: 1, Size: 1
    at java.util.ArrayList.rangeCheck(ArrayList.java:657)
    at java.util.ArrayList.get(ArrayList.java:433)
    at java_programs.PASCAL.pascal(PASCAL.java:30)
    at java_testcases.junit.PASCAL_Test.test_2(PASCAL_Test.java:21)
    at sun.reflect.NativeMethodAccessorImpl.invoke0(Native Method)
    at sun.reflect.NativeMethodAccessorImpl.invoke(NativeMethodAccessorImpl.java:62)
java.lang.IndexOutOfBoundsException: Index: 1, Size: 1
    at java.util.ArrayList.rangeCheck(ArrayList.java:657)
    at java.util.ArrayList.get(ArrayList.java:433)
    at java_programs.PASCAL.pascal(PASCAL.java:30)
    at java_testcases.junit.PASCAL_Test.test_3(PASCAL_Test.java:28)
    at sun.reflect.NativeMethodAccessorImpl.invoke0(Native Method)
    at sun.reflect.NativeMethodAccessorImpl.invoke(NativeMethodAccessorImpl.java:62)
java.lang.IndexOutOfBoundsException: Index: 1, Size: 1
    at java.util.ArrayList.rangeCheck(ArrayList.java:657)
    at java.util.ArrayList.get(ArrayList.java:433)
    at java_programs.PASCAL.pascal(PASCAL.java:30)
    at java_testcases.junit.PASCAL_Test.test_4(PASCAL_Test.java:35)
    at sun.reflect.NativeMethodAccessorImpl.invoke0(Native Method)
    at sun.reflect.NativeMethodAccessorImpl.invoke(NativeMethodAccessorImpl.java:62)
12:03:34.648 [pool-28-thread-1] INFO  xxl.java.junit.TestCasesListener - Tests run finished (7 ms)
<> Total tests run: 20
<> Ignored tests: 0
<> Failed tests: 16
~ test_1(java_testcases.junit.PASCAL_Test)
[expected:<[[1],[1[,1]]]> but was:<[[1],[1[]]]>]
org.junit.ComparisonFailure: expected:<[[1],[1[,1]]]> but was:<[[1],[1[]]]>    at org.junit.Assert.assertEquals(Assert.java:115)
    at org.junit.Assert.assertEquals(Assert.java:144)
    at java_testcases.junit.PASCAL_Test.test_1(PASCAL_Test.java:16)
    at sun.reflect.NativeMethodAccessorImpl.invoke0(Native Method)
    at sun.reflect.NativeMethodAccessorImpl.invoke(NativeMethodAccessorImpl.java:62)
    at sun.reflect.DelegatingMethodAccessorImpl.invoke(DelegatingMethodAccessorImpl.java:43)
~ test_2(java_testcases.junit.PASCAL_Test)
[Index: 1, Size: 1]
java.lang.IndexOutOfBoundsException: Index: 1, Size: 1    at java.util.ArrayList.rangeCheck(ArrayList.java:657)
    at java.util.ArrayList.get(ArrayList.java:433)
    at java_programs.PASCAL.pascal(PASCAL.java:30)
    at java_testcases.junit.PASCAL_Test.test_2(PASCAL_Test.java:21)
    at sun.reflect.NativeMethodAccessorImpl.invoke0(Native Method)
    at sun.reflect.NativeMethodAccessorImpl.invoke(NativeMethodAccessorImpl.java:62)
~ test_3(java_testcases.junit.PASCAL_Test)
[Index: 1, Size: 1]
java.lang.IndexOutOfBoundsException: Index: 1, Size: 1    at java.util.ArrayList.rangeCheck(ArrayList.java:657)
    at java.util.ArrayList.get(ArrayList.java:433)
    at java_programs.PASCAL.pascal(PASCAL.java:30)
    at java_testcases.junit.PASCAL_Test.test_3(PASCAL_Test.java:28)
    at sun.reflect.NativeMethodAccessorImpl.invoke0(Native Method)
    at sun.reflect.NativeMethodAccessorImpl.invoke(NativeMethodAccessorImpl.java:62)
~ test_4(java_testcases.junit.PASCAL_Test)
[Index: 1, Size: 1]
java.lang.IndexOutOfBoundsException: Index: 1, Size: 1    at java.util.ArrayList.rangeCheck(ArrayList.java:657)
    at java.util.ArrayList.get(ArrayList.java:433)
    at java_programs.PASCAL.pascal(PASCAL.java:30)
    at java_testcases.junit.PASCAL_Test.test_4(PASCAL_Test.java:35)
    at sun.reflect.NativeMethodAccessorImpl.invoke0(Native Method)
    at sun.reflect.NativeMethodAccessorImpl.invoke(NativeMethodAccessorImpl.java:62)
~ test_1(java_testcases.junit.PASCAL_Test)
[expected:<[[1],[1[,1]]]> but was:<[[1],[1[]]]>]
org.junit.ComparisonFailure: expected:<[[1],[1[,1]]]> but was:<[[1],[1[]]]>    at org.junit.Assert.assertEquals(Assert.java:115)
    at org.junit.Assert.assertEquals(Assert.java:144)
    at java_testcases.junit.PASCAL_Test.test_1(PASCAL_Test.java:16)
    at sun.reflect.NativeMethodAccessorImpl.invoke0(Native Method)
    at sun.reflect.NativeMethodAccessorImpl.invoke(NativeMethodAccessorImpl.java:62)
    at sun.reflect.DelegatingMethodAccessorImpl.invoke(DelegatingMethodAccessorImpl.java:43)
~ test_2(java_testcases.junit.PASCAL_Test)
[Index: 1, Size: 1]
java.lang.IndexOutOfBoundsException: Index: 1, Size: 1    at java.util.ArrayList.rangeCheck(ArrayList.java:657)
    at java.util.ArrayList.get(ArrayList.java:433)
    at java_programs.PASCAL.pascal(PASCAL.java:30)
    at java_testcases.junit.PASCAL_Test.test_2(PASCAL_Test.java:21)
    at sun.reflect.NativeMethodAccessorImpl.invoke0(Native Method)
    at sun.reflect.NativeMethodAccessorImpl.invoke(NativeMethodAccessorImpl.java:62)
~ test_3(java_testcases.junit.PASCAL_Test)
[Index: 1, Size: 1]
java.lang.IndexOutOfBoundsException: Index: 1, Size: 1    at java.util.ArrayList.rangeCheck(ArrayList.java:657)
    at java.util.ArrayList.get(ArrayList.java:433)
    at java_programs.PASCAL.pascal(PASCAL.java:30)
    at java_testcases.junit.PASCAL_Test.test_3(PASCAL_Test.java:28)
    at sun.reflect.NativeMethodAccessorImpl.invoke0(Native Method)
    at sun.reflect.NativeMethodAccessorImpl.invoke(NativeMethodAccessorImpl.java:62)
~ test_4(java_testcases.junit.PASCAL_Test)
[Index: 1, Size: 1]
java.lang.IndexOutOfBoundsException: Index: 1, Size: 1    at java.util.ArrayList.rangeCheck(ArrayList.java:657)
    at java.util.ArrayList.get(ArrayList.java:433)
    at java_programs.PASCAL.pascal(PASCAL.java:30)
    at java_testcases.junit.PASCAL_Test.test_4(PASCAL_Test.java:35)
    at sun.reflect.NativeMethodAccessorImpl.invoke0(Native Method)
    at sun.reflect.NativeMethodAccessorImpl.invoke(NativeMethodAccessorImpl.java:62)
~ test_1(java_testcases.junit.PASCAL_Test)
[expected:<[[1],[1[,1]]]> but was:<[[1],[1[]]]>]
org.junit.ComparisonFailure: expected:<[[1],[1[,1]]]> but was:<[[1],[1[]]]>    at org.junit.Assert.assertEquals(Assert.java:115)
    at org.junit.Assert.assertEquals(Assert.java:144)
    at java_testcases.junit.PASCAL_Test.test_1(PASCAL_Test.java:16)
    at sun.reflect.NativeMethodAccessorImpl.invoke0(Native Method)
    at sun.reflect.NativeMethodAccessorImpl.invoke(NativeMethodAccessorImpl.java:62)
    at sun.reflect.DelegatingMethodAccessorImpl.invoke(DelegatingMethodAccessorImpl.java:43)
~ test_2(java_testcases.junit.PASCAL_Test)
[Index: 1, Size: 1]
java.lang.IndexOutOfBoundsException: Index: 1, Size: 1    at java.util.ArrayList.rangeCheck(ArrayList.java:657)
    at java.util.ArrayList.get(ArrayList.java:433)
    at java_programs.PASCAL.pascal(PASCAL.java:30)
    at java_testcases.junit.PASCAL_Test.test_2(PASCAL_Test.java:21)
    at sun.reflect.NativeMethodAccessorImpl.invoke0(Native Method)
    at sun.reflect.NativeMethodAccessorImpl.invoke(NativeMethodAccessorImpl.java:62)
~ test_3(java_testcases.junit.PASCAL_Test)
[Index: 1, Size: 1]
java.lang.IndexOutOfBoundsException: Index: 1, Size: 1    at java.util.ArrayList.rangeCheck(ArrayList.java:657)
    at java.util.ArrayList.get(ArrayList.java:433)
    at java_programs.PASCAL.pascal(PASCAL.java:30)
    at java_testcases.junit.PASCAL_Test.test_3(PASCAL_Test.java:28)
    at sun.reflect.NativeMethodAccessorImpl.invoke0(Native Method)
    at sun.reflect.NativeMethodAccessorImpl.invoke(NativeMethodAccessorImpl.java:62)
~ test_4(java_testcases.junit.PASCAL_Test)
[Index: 1, Size: 1]
java.lang.IndexOutOfBoundsException: Index: 1, Size: 1    at java.util.ArrayList.rangeCheck(ArrayList.java:657)
    at java.util.ArrayList.get(ArrayList.java:433)
    at java_programs.PASCAL.pascal(PASCAL.java:30)
    at java_testcases.junit.PASCAL_Test.test_4(PASCAL_Test.java:35)
    at sun.reflect.NativeMethodAccessorImpl.invoke0(Native Method)
    at sun.reflect.NativeMethodAccessorImpl.invoke(NativeMethodAccessorImpl.java:62)
~ test_1(java_testcases.junit.PASCAL_Test)
[expected:<[[1],[1[,1]]]> but was:<[[1],[1[]]]>]
org.junit.ComparisonFailure: expected:<[[1],[1[,1]]]> but was:<[[1],[1[]]]>    at org.junit.Assert.assertEquals(Assert.java:115)
    at org.junit.Assert.assertEquals(Assert.java:144)
    at java_testcases.junit.PASCAL_Test.test_1(PASCAL_Test.java:16)
    at sun.reflect.NativeMethodAccessorImpl.invoke0(Native Method)
    at sun.reflect.NativeMethodAccessorImpl.invoke(NativeMethodAccessorImpl.java:62)
    at sun.reflect.DelegatingMethodAccessorImpl.invoke(DelegatingMethodAccessorImpl.java:43)
~ test_2(java_testcases.junit.PASCAL_Test)
[Index: 1, Size: 1]
java.lang.IndexOutOfBoundsException: Index: 1, Size: 1    at java.util.ArrayList.rangeCheck(ArrayList.java:657)
    at java.util.ArrayList.get(ArrayList.java:433)
    at java_programs.PASCAL.pascal(PASCAL.java:30)
    at java_testcases.junit.PASCAL_Test.test_2(PASCAL_Test.java:21)
    at sun.reflect.NativeMethodAccessorImpl.invoke0(Native Method)
    at sun.reflect.NativeMethodAccessorImpl.invoke(NativeMethodAccessorImpl.java:62)
~ test_3(java_testcases.junit.PASCAL_Test)
[Index: 1, Size: 1]
java.lang.IndexOutOfBoundsException: Index: 1, Size: 1    at java.util.ArrayList.rangeCheck(ArrayList.java:657)
    at java.util.ArrayList.get(ArrayList.java:433)
    at java_programs.PASCAL.pascal(PASCAL.java:30)
    at java_testcases.junit.PASCAL_Test.test_3(PASCAL_Test.java:28)
    at sun.reflect.NativeMethodAccessorImpl.invoke0(Native Method)
    at sun.reflect.NativeMethodAccessorImpl.invoke(NativeMethodAccessorImpl.java:62)
~ test_4(java_testcases.junit.PASCAL_Test)
[Index: 1, Size: 1]
java.lang.IndexOutOfBoundsException: Index: 1, Size: 1    at java.util.ArrayList.rangeCheck(ArrayList.java:657)
    at java.util.ArrayList.get(ArrayList.java:433)
    at java_programs.PASCAL.pascal(PASCAL.java:30)
    at java_testcases.junit.PASCAL_Test.test_4(PASCAL_Test.java:35)
    at sun.reflect.NativeMethodAccessorImpl.invoke0(Native Method)
    at sun.reflect.NativeMethodAccessorImpl.invoke(NativeMethodAccessorImpl.java:62)

12:03:34.722 [pool-2-thread-1] DEBUG fr.inria.lille.repair.nopol.NoPol - statement #5
12:03:34.722 [pool-2-thread-1] DEBUG fr.inria.lille.repair.nopol.NoPol - Analysing SourceLocation java_programs.PASCAL:27 which is executed by 4 tests
-1942067219
12:03:34.760 [pool-2-thread-1] DEBUG fr.inria.lille.repair.nopol.NoPol - looking with class fr.inria.lille.repair.nopol.spoon.smt.ConditionalAdder
org.junit.ComparisonFailure: expected:<[[1],[1[,1]]]> but was:<[[1],[1[]]]>
    at org.junit.Assert.assertEquals(Assert.java:115)
    at org.junit.Assert.assertEquals(Assert.java:144)
    at java_testcases.junit.PASCAL_Test.test_1(PASCAL_Test.java:16)
    at sun.reflect.NativeMethodAccessorImpl.invoke0(Native Method)
    at sun.reflect.NativeMethodAccessorImpl.invoke(NativeMethodAccessorImpl.java:62)
    at sun.reflect.DelegatingMethodAccessorImpl.invoke(DelegatingMethodAccessorImpl.java:43)
java.lang.IndexOutOfBoundsException: Index: 1, Size: 1
    at java.util.ArrayList.rangeCheck(ArrayList.java:657)
    at java.util.ArrayList.get(ArrayList.java:433)
    at java_programs.PASCAL.pascal(PASCAL.java:30)
    at java_testcases.junit.PASCAL_Test.test_2(PASCAL_Test.java:21)
    at sun.reflect.NativeMethodAccessorImpl.invoke0(Native Method)
    at sun.reflect.NativeMethodAccessorImpl.invoke(NativeMethodAccessorImpl.java:62)
java.lang.IndexOutOfBoundsException: Index: 1, Size: 1
    at java.util.ArrayList.rangeCheck(ArrayList.java:657)
    at java.util.ArrayList.get(ArrayList.java:433)
    at java_programs.PASCAL.pascal(PASCAL.java:30)
    at java_testcases.junit.PASCAL_Test.test_3(PASCAL_Test.java:28)
    at sun.reflect.NativeMethodAccessorImpl.invoke0(Native Method)
    at sun.reflect.NativeMethodAccessorImpl.invoke(NativeMethodAccessorImpl.java:62)
java.lang.IndexOutOfBoundsException: Index: 1, Size: 1
    at java.util.ArrayList.rangeCheck(ArrayList.java:657)
    at java.util.ArrayList.get(ArrayList.java:433)
    at java_programs.PASCAL.pascal(PASCAL.java:30)
    at java_testcases.junit.PASCAL_Test.test_4(PASCAL_Test.java:35)
    at sun.reflect.NativeMethodAccessorImpl.invoke0(Native Method)
    at sun.reflect.NativeMethodAccessorImpl.invoke(NativeMethodAccessorImpl.java:62)
org.junit.ComparisonFailure: expected:<[[1],[1[,1]]]> but was:<[[1],[1[]]]>
    at org.junit.Assert.assertEquals(Assert.java:115)
    at org.junit.Assert.assertEquals(Assert.java:144)
    at java_testcases.junit.PASCAL_Test.test_1(PASCAL_Test.java:16)
    at sun.reflect.NativeMethodAccessorImpl.invoke0(Native Method)
    at sun.reflect.NativeMethodAccessorImpl.invoke(NativeMethodAccessorImpl.java:62)
    at sun.reflect.DelegatingMethodAccessorImpl.invoke(DelegatingMethodAccessorImpl.java:43)
java.lang.IndexOutOfBoundsException: Index: 1, Size: 1
    at java.util.ArrayList.rangeCheck(ArrayList.java:657)
    at java.util.ArrayList.get(ArrayList.java:433)
    at java_programs.PASCAL.pascal(PASCAL.java:30)
    at java_testcases.junit.PASCAL_Test.test_2(PASCAL_Test.java:21)
    at sun.reflect.NativeMethodAccessorImpl.invoke0(Native Method)
    at sun.reflect.NativeMethodAccessorImpl.invoke(NativeMethodAccessorImpl.java:62)
java.lang.IndexOutOfBoundsException: Index: 1, Size: 1
    at java.util.ArrayList.rangeCheck(ArrayList.java:657)
    at java.util.ArrayList.get(ArrayList.java:433)
    at java_programs.PASCAL.pascal(PASCAL.java:30)
    at java_testcases.junit.PASCAL_Test.test_3(PASCAL_Test.java:28)
    at sun.reflect.NativeMethodAccessorImpl.invoke0(Native Method)
    at sun.reflect.NativeMethodAccessorImpl.invoke(NativeMethodAccessorImpl.java:62)
java.lang.IndexOutOfBoundsException: Index: 1, Size: 1
    at java.util.ArrayList.rangeCheck(ArrayList.java:657)
    at java.util.ArrayList.get(ArrayList.java:433)
    at java_programs.PASCAL.pascal(PASCAL.java:30)
    at java_testcases.junit.PASCAL_Test.test_4(PASCAL_Test.java:35)
    at sun.reflect.NativeMethodAccessorImpl.invoke0(Native Method)
    at sun.reflect.NativeMethodAccessorImpl.invoke(NativeMethodAccessorImpl.java:62)
org.junit.ComparisonFailure: expected:<[[1],[1[,1]]]> but was:<[[1],[1[]]]>
    at org.junit.Assert.assertEquals(Assert.java:115)
    at org.junit.Assert.assertEquals(Assert.java:144)
    at java_testcases.junit.PASCAL_Test.test_1(PASCAL_Test.java:16)
    at sun.reflect.NativeMethodAccessorImpl.invoke0(Native Method)
    at sun.reflect.NativeMethodAccessorImpl.invoke(NativeMethodAccessorImpl.java:62)
    at sun.reflect.DelegatingMethodAccessorImpl.invoke(DelegatingMethodAccessorImpl.java:43)
java.lang.IndexOutOfBoundsException: Index: 1, Size: 1
    at java.util.ArrayList.rangeCheck(ArrayList.java:657)
    at java.util.ArrayList.get(ArrayList.java:433)
    at java_programs.PASCAL.pascal(PASCAL.java:30)
    at java_testcases.junit.PASCAL_Test.test_2(PASCAL_Test.java:21)
    at sun.reflect.NativeMethodAccessorImpl.invoke0(Native Method)
    at sun.reflect.NativeMethodAccessorImpl.invoke(NativeMethodAccessorImpl.java:62)
java.lang.IndexOutOfBoundsException: Index: 1, Size: 1
    at java.util.ArrayList.rangeCheck(ArrayList.java:657)
    at java.util.ArrayList.get(ArrayList.java:433)
    at java_programs.PASCAL.pascal(PASCAL.java:30)
    at java_testcases.junit.PASCAL_Test.test_3(PASCAL_Test.java:28)
    at sun.reflect.NativeMethodAccessorImpl.invoke0(Native Method)
    at sun.reflect.NativeMethodAccessorImpl.invoke(NativeMethodAccessorImpl.java:62)
java.lang.IndexOutOfBoundsException: Index: 1, Size: 1
    at java.util.ArrayList.rangeCheck(ArrayList.java:657)
    at java.util.ArrayList.get(ArrayList.java:433)
    at java_programs.PASCAL.pascal(PASCAL.java:30)
    at java_testcases.junit.PASCAL_Test.test_4(PASCAL_Test.java:35)
    at sun.reflect.NativeMethodAccessorImpl.invoke0(Native Method)
    at sun.reflect.NativeMethodAccessorImpl.invoke(NativeMethodAccessorImpl.java:62)
org.junit.ComparisonFailure: expected:<[[1],[1[,1]]]> but was:<[[1],[1[]]]>
    at org.junit.Assert.assertEquals(Assert.java:115)
    at org.junit.Assert.assertEquals(Assert.java:144)
    at java_testcases.junit.PASCAL_Test.test_1(PASCAL_Test.java:16)
    at sun.reflect.NativeMethodAccessorImpl.invoke0(Native Method)
    at sun.reflect.NativeMethodAccessorImpl.invoke(NativeMethodAccessorImpl.java:62)
    at sun.reflect.DelegatingMethodAccessorImpl.invoke(DelegatingMethodAccessorImpl.java:43)
java.lang.IndexOutOfBoundsException: Index: 1, Size: 1
    at java.util.ArrayList.rangeCheck(ArrayList.java:657)
    at java.util.ArrayList.get(ArrayList.java:433)
    at java_programs.PASCAL.pascal(PASCAL.java:30)
    at java_testcases.junit.PASCAL_Test.test_2(PASCAL_Test.java:21)
    at sun.reflect.NativeMethodAccessorImpl.invoke0(Native Method)
    at sun.reflect.NativeMethodAccessorImpl.invoke(NativeMethodAccessorImpl.java:62)
java.lang.IndexOutOfBoundsException: Index: 1, Size: 1
    at java.util.ArrayList.rangeCheck(ArrayList.java:657)
    at java.util.ArrayList.get(ArrayList.java:433)
    at java_programs.PASCAL.pascal(PASCAL.java:30)
    at java_testcases.junit.PASCAL_Test.test_3(PASCAL_Test.java:28)
    at sun.reflect.NativeMethodAccessorImpl.invoke0(Native Method)
    at sun.reflect.NativeMethodAccessorImpl.invoke(NativeMethodAccessorImpl.java:62)
java.lang.IndexOutOfBoundsException: Index: 1, Size: 1
    at java.util.ArrayList.rangeCheck(ArrayList.java:657)
    at java.util.ArrayList.get(ArrayList.java:433)
    at java_programs.PASCAL.pascal(PASCAL.java:30)
    at java_testcases.junit.PASCAL_Test.test_4(PASCAL_Test.java:35)
    at sun.reflect.NativeMethodAccessorImpl.invoke0(Native Method)
    at sun.reflect.NativeMethodAccessorImpl.invoke(NativeMethodAccessorImpl.java:62)
12:03:34.769 [pool-38-thread-1] INFO  xxl.java.junit.TestCasesListener - Tests run finished (7 ms)
<> Total tests run: 20
<> Ignored tests: 0
<> Failed tests: 16
~ test_1(java_testcases.junit.PASCAL_Test)
[expected:<[[1],[1[,1]]]> but was:<[[1],[1[]]]>]
org.junit.ComparisonFailure: expected:<[[1],[1[,1]]]> but was:<[[1],[1[]]]>    at org.junit.Assert.assertEquals(Assert.java:115)
    at org.junit.Assert.assertEquals(Assert.java:144)
    at java_testcases.junit.PASCAL_Test.test_1(PASCAL_Test.java:16)
    at sun.reflect.NativeMethodAccessorImpl.invoke0(Native Method)
    at sun.reflect.NativeMethodAccessorImpl.invoke(NativeMethodAccessorImpl.java:62)
    at sun.reflect.DelegatingMethodAccessorImpl.invoke(DelegatingMethodAccessorImpl.java:43)
~ test_2(java_testcases.junit.PASCAL_Test)
[Index: 1, Size: 1]
java.lang.IndexOutOfBoundsException: Index: 1, Size: 1    at java.util.ArrayList.rangeCheck(ArrayList.java:657)
    at java.util.ArrayList.get(ArrayList.java:433)
    at java_programs.PASCAL.pascal(PASCAL.java:30)
    at java_testcases.junit.PASCAL_Test.test_2(PASCAL_Test.java:21)
    at sun.reflect.NativeMethodAccessorImpl.invoke0(Native Method)
    at sun.reflect.NativeMethodAccessorImpl.invoke(NativeMethodAccessorImpl.java:62)
~ test_3(java_testcases.junit.PASCAL_Test)
[Index: 1, Size: 1]
java.lang.IndexOutOfBoundsException: Index: 1, Size: 1    at java.util.ArrayList.rangeCheck(ArrayList.java:657)
    at java.util.ArrayList.get(ArrayList.java:433)
    at java_programs.PASCAL.pascal(PASCAL.java:30)
    at java_testcases.junit.PASCAL_Test.test_3(PASCAL_Test.java:28)
    at sun.reflect.NativeMethodAccessorImpl.invoke0(Native Method)
    at sun.reflect.NativeMethodAccessorImpl.invoke(NativeMethodAccessorImpl.java:62)
~ test_4(java_testcases.junit.PASCAL_Test)
[Index: 1, Size: 1]
java.lang.IndexOutOfBoundsException: Index: 1, Size: 1    at java.util.ArrayList.rangeCheck(ArrayList.java:657)
    at java.util.ArrayList.get(ArrayList.java:433)
    at java_programs.PASCAL.pascal(PASCAL.java:30)
    at java_testcases.junit.PASCAL_Test.test_4(PASCAL_Test.java:35)
    at sun.reflect.NativeMethodAccessorImpl.invoke0(Native Method)
    at sun.reflect.NativeMethodAccessorImpl.invoke(NativeMethodAccessorImpl.java:62)
~ test_1(java_testcases.junit.PASCAL_Test)
[expected:<[[1],[1[,1]]]> but was:<[[1],[1[]]]>]
org.junit.ComparisonFailure: expected:<[[1],[1[,1]]]> but was:<[[1],[1[]]]>    at org.junit.Assert.assertEquals(Assert.java:115)
    at org.junit.Assert.assertEquals(Assert.java:144)
    at java_testcases.junit.PASCAL_Test.test_1(PASCAL_Test.java:16)
    at sun.reflect.NativeMethodAccessorImpl.invoke0(Native Method)
    at sun.reflect.NativeMethodAccessorImpl.invoke(NativeMethodAccessorImpl.java:62)
    at sun.reflect.DelegatingMethodAccessorImpl.invoke(DelegatingMethodAccessorImpl.java:43)
~ test_2(java_testcases.junit.PASCAL_Test)
[Index: 1, Size: 1]
java.lang.IndexOutOfBoundsException: Index: 1, Size: 1    at java.util.ArrayList.rangeCheck(ArrayList.java:657)
    at java.util.ArrayList.get(ArrayList.java:433)
    at java_programs.PASCAL.pascal(PASCAL.java:30)
    at java_testcases.junit.PASCAL_Test.test_2(PASCAL_Test.java:21)
    at sun.reflect.NativeMethodAccessorImpl.invoke0(Native Method)
    at sun.reflect.NativeMethodAccessorImpl.invoke(NativeMethodAccessorImpl.java:62)
~ test_3(java_testcases.junit.PASCAL_Test)
[Index: 1, Size: 1]
java.lang.IndexOutOfBoundsException: Index: 1, Size: 1    at java.util.ArrayList.rangeCheck(ArrayList.java:657)
    at java.util.ArrayList.get(ArrayList.java:433)
    at java_programs.PASCAL.pascal(PASCAL.java:30)
    at java_testcases.junit.PASCAL_Test.test_3(PASCAL_Test.java:28)
    at sun.reflect.NativeMethodAccessorImpl.invoke0(Native Method)
    at sun.reflect.NativeMethodAccessorImpl.invoke(NativeMethodAccessorImpl.java:62)
~ test_4(java_testcases.junit.PASCAL_Test)
[Index: 1, Size: 1]
java.lang.IndexOutOfBoundsException: Index: 1, Size: 1    at java.util.ArrayList.rangeCheck(ArrayList.java:657)
    at java.util.ArrayList.get(ArrayList.java:433)
    at java_programs.PASCAL.pascal(PASCAL.java:30)
    at java_testcases.junit.PASCAL_Test.test_4(PASCAL_Test.java:35)
    at sun.reflect.NativeMethodAccessorImpl.invoke0(Native Method)
    at sun.reflect.NativeMethodAccessorImpl.invoke(NativeMethodAccessorImpl.java:62)
~ test_1(java_testcases.junit.PASCAL_Test)
[expected:<[[1],[1[,1]]]> but was:<[[1],[1[]]]>]
org.junit.ComparisonFailure: expected:<[[1],[1[,1]]]> but was:<[[1],[1[]]]>    at org.junit.Assert.assertEquals(Assert.java:115)
    at org.junit.Assert.assertEquals(Assert.java:144)
    at java_testcases.junit.PASCAL_Test.test_1(PASCAL_Test.java:16)
    at sun.reflect.NativeMethodAccessorImpl.invoke0(Native Method)
    at sun.reflect.NativeMethodAccessorImpl.invoke(NativeMethodAccessorImpl.java:62)
    at sun.reflect.DelegatingMethodAccessorImpl.invoke(DelegatingMethodAccessorImpl.java:43)
~ test_2(java_testcases.junit.PASCAL_Test)
[Index: 1, Size: 1]
java.lang.IndexOutOfBoundsException: Index: 1, Size: 1    at java.util.ArrayList.rangeCheck(ArrayList.java:657)
    at java.util.ArrayList.get(ArrayList.java:433)
    at java_programs.PASCAL.pascal(PASCAL.java:30)
    at java_testcases.junit.PASCAL_Test.test_2(PASCAL_Test.java:21)
    at sun.reflect.NativeMethodAccessorImpl.invoke0(Native Method)
    at sun.reflect.NativeMethodAccessorImpl.invoke(NativeMethodAccessorImpl.java:62)
~ test_3(java_testcases.junit.PASCAL_Test)
[Index: 1, Size: 1]
java.lang.IndexOutOfBoundsException: Index: 1, Size: 1    at java.util.ArrayList.rangeCheck(ArrayList.java:657)
    at java.util.ArrayList.get(ArrayList.java:433)
    at java_programs.PASCAL.pascal(PASCAL.java:30)
    at java_testcases.junit.PASCAL_Test.test_3(PASCAL_Test.java:28)
    at sun.reflect.NativeMethodAccessorImpl.invoke0(Native Method)
    at sun.reflect.NativeMethodAccessorImpl.invoke(NativeMethodAccessorImpl.java:62)
~ test_4(java_testcases.junit.PASCAL_Test)
[Index: 1, Size: 1]
java.lang.IndexOutOfBoundsException: Index: 1, Size: 1    at java.util.ArrayList.rangeCheck(ArrayList.java:657)
    at java.util.ArrayList.get(ArrayList.java:433)
    at java_programs.PASCAL.pascal(PASCAL.java:30)
    at java_testcases.junit.PASCAL_Test.test_4(PASCAL_Test.java:35)
    at sun.reflect.NativeMethodAccessorImpl.invoke0(Native Method)
    at sun.reflect.NativeMethodAccessorImpl.invoke(NativeMethodAccessorImpl.java:62)
~ test_1(java_testcases.junit.PASCAL_Test)
[expected:<[[1],[1[,1]]]> but was:<[[1],[1[]]]>]
org.junit.ComparisonFailure: expected:<[[1],[1[,1]]]> but was:<[[1],[1[]]]>    at org.junit.Assert.assertEquals(Assert.java:115)
    at org.junit.Assert.assertEquals(Assert.java:144)
    at java_testcases.junit.PASCAL_Test.test_1(PASCAL_Test.java:16)
    at sun.reflect.NativeMethodAccessorImpl.invoke0(Native Method)
    at sun.reflect.NativeMethodAccessorImpl.invoke(NativeMethodAccessorImpl.java:62)
    at sun.reflect.DelegatingMethodAccessorImpl.invoke(DelegatingMethodAccessorImpl.java:43)
~ test_2(java_testcases.junit.PASCAL_Test)
[Index: 1, Size: 1]
java.lang.IndexOutOfBoundsException: Index: 1, Size: 1    at java.util.ArrayList.rangeCheck(ArrayList.java:657)
    at java.util.ArrayList.get(ArrayList.java:433)
    at java_programs.PASCAL.pascal(PASCAL.java:30)
    at java_testcases.junit.PASCAL_Test.test_2(PASCAL_Test.java:21)
    at sun.reflect.NativeMethodAccessorImpl.invoke0(Native Method)
    at sun.reflect.NativeMethodAccessorImpl.invoke(NativeMethodAccessorImpl.java:62)
~ test_3(java_testcases.junit.PASCAL_Test)
[Index: 1, Size: 1]
java.lang.IndexOutOfBoundsException: Index: 1, Size: 1    at java.util.ArrayList.rangeCheck(ArrayList.java:657)
    at java.util.ArrayList.get(ArrayList.java:433)
    at java_programs.PASCAL.pascal(PASCAL.java:30)
    at java_testcases.junit.PASCAL_Test.test_3(PASCAL_Test.java:28)
    at sun.reflect.NativeMethodAccessorImpl.invoke0(Native Method)
    at sun.reflect.NativeMethodAccessorImpl.invoke(NativeMethodAccessorImpl.java:62)
~ test_4(java_testcases.junit.PASCAL_Test)
[Index: 1, Size: 1]
java.lang.IndexOutOfBoundsException: Index: 1, Size: 1    at java.util.ArrayList.rangeCheck(ArrayList.java:657)
    at java.util.ArrayList.get(ArrayList.java:433)
    at java_programs.PASCAL.pascal(PASCAL.java:30)
    at java_testcases.junit.PASCAL_Test.test_4(PASCAL_Test.java:35)
    at sun.reflect.NativeMethodAccessorImpl.invoke0(Native Method)
    at sun.reflect.NativeMethodAccessorImpl.invoke(NativeMethodAccessorImpl.java:62)

12:03:34.826 [pool-37-thread-1] ERROR x.java.compiler.DynamicClassCompiler - [Compilation errors]
PASCAL.java:31: error: variable upleft might not have been initialized
                row.add((upleft + upright));
                         ^
xxl.java.compiler.DynamicCompilationException: Aborting: dynamic compilation failed
	at xxl.java.compiler.DynamicClassCompiler.runCompilationTask(DynamicClassCompiler.java:99)
	at xxl.java.compiler.DynamicClassCompiler.javaBytecodeFor(DynamicClassCompiler.java:67)
	at fr.inria.lille.commons.spoon.SpoonedFile.compilationFor(SpoonedFile.java:203)
	at fr.inria.lille.commons.spoon.SpoonedFile.compileModelledClasses(SpoonedFile.java:177)
	at fr.inria.lille.commons.spoon.SpoonedFile.dumpedToClassLoader(SpoonedFile.java:130)
	at fr.inria.lille.commons.spoon.SpoonedFile.processedAndDumpedToClassLoader(SpoonedFile.java:140)
	at fr.inria.lille.commons.spoon.SpoonedFile.processedAndDumpedToClassLoader(SpoonedFile.java:135)
	at fr.inria.lille.repair.nopol.synth.dynamoth.DynamothSynthesizer.findAngelicValuesAndBuildPatch(DynamothSynthesizer.java:69)
	at fr.inria.lille.repair.nopol.NoPol.runNopolProcessor(NoPol.java:295)
	at fr.inria.lille.repair.nopol.NoPol.access$000(NoPol.java:81)
	at fr.inria.lille.repair.nopol.NoPol$1.call(NoPol.java:260)
	at java.util.concurrent.FutureTask.run(FutureTask.java:266)
	at java.util.concurrent.ThreadPoolExecutor.runWorker(ThreadPoolExecutor.java:1149)
	at java.util.concurrent.ThreadPoolExecutor$Worker.run(ThreadPoolExecutor.java:624)
	at java.lang.Thread.run(Thread.java:748)
12:03:34.826 [pool-2-thread-1] DEBUG fr.inria.lille.repair.nopol.NoPol - statement #6
12:03:34.827 [pool-2-thread-1] DEBUG fr.inria.lille.repair.nopol.NoPol - Analysing SourceLocation java_programs.PASCAL:24 which is executed by 4 tests
-1942067219
12:03:34.867 [pool-2-thread-1] DEBUG fr.inria.lille.repair.nopol.NoPol - looking with class fr.inria.lille.repair.nopol.spoon.smt.ConditionalAdder
org.junit.ComparisonFailure: expected:<[[1],[1[,1]]]> but was:<[[1],[1[]]]>
    at org.junit.Assert.assertEquals(Assert.java:115)
    at org.junit.Assert.assertEquals(Assert.java:144)
    at java_testcases.junit.PASCAL_Test.test_1(PASCAL_Test.java:16)
    at sun.reflect.NativeMethodAccessorImpl.invoke0(Native Method)
    at sun.reflect.NativeMethodAccessorImpl.invoke(NativeMethodAccessorImpl.java:62)
    at sun.reflect.DelegatingMethodAccessorImpl.invoke(DelegatingMethodAccessorImpl.java:43)
java.lang.IndexOutOfBoundsException: Index: 1, Size: 1
    at java.util.ArrayList.rangeCheck(ArrayList.java:657)
    at java.util.ArrayList.get(ArrayList.java:433)
    at java_programs.PASCAL.pascal(PASCAL.java:30)
    at java_testcases.junit.PASCAL_Test.test_2(PASCAL_Test.java:21)
    at sun.reflect.NativeMethodAccessorImpl.invoke0(Native Method)
    at sun.reflect.NativeMethodAccessorImpl.invoke(NativeMethodAccessorImpl.java:62)
java.lang.IndexOutOfBoundsException: Index: 1, Size: 1
    at java.util.ArrayList.rangeCheck(ArrayList.java:657)
    at java.util.ArrayList.get(ArrayList.java:433)
    at java_programs.PASCAL.pascal(PASCAL.java:30)
    at java_testcases.junit.PASCAL_Test.test_3(PASCAL_Test.java:28)
    at sun.reflect.NativeMethodAccessorImpl.invoke0(Native Method)
    at sun.reflect.NativeMethodAccessorImpl.invoke(NativeMethodAccessorImpl.java:62)
java.lang.IndexOutOfBoundsException: Index: 1, Size: 1
    at java.util.ArrayList.rangeCheck(ArrayList.java:657)
    at java.util.ArrayList.get(ArrayList.java:433)
    at java_programs.PASCAL.pascal(PASCAL.java:30)
    at java_testcases.junit.PASCAL_Test.test_4(PASCAL_Test.java:35)
    at sun.reflect.NativeMethodAccessorImpl.invoke0(Native Method)
    at sun.reflect.NativeMethodAccessorImpl.invoke(NativeMethodAccessorImpl.java:62)
org.junit.ComparisonFailure: expected:<[[1],[1[,1]]]> but was:<[[1],[1[]]]>
    at org.junit.Assert.assertEquals(Assert.java:115)
    at org.junit.Assert.assertEquals(Assert.java:144)
    at java_testcases.junit.PASCAL_Test.test_1(PASCAL_Test.java:16)
    at sun.reflect.NativeMethodAccessorImpl.invoke0(Native Method)
    at sun.reflect.NativeMethodAccessorImpl.invoke(NativeMethodAccessorImpl.java:62)
    at sun.reflect.DelegatingMethodAccessorImpl.invoke(DelegatingMethodAccessorImpl.java:43)
java.lang.IndexOutOfBoundsException: Index: 1, Size: 1
    at java.util.ArrayList.rangeCheck(ArrayList.java:657)
    at java.util.ArrayList.get(ArrayList.java:433)
    at java_programs.PASCAL.pascal(PASCAL.java:30)
    at java_testcases.junit.PASCAL_Test.test_2(PASCAL_Test.java:21)
    at sun.reflect.NativeMethodAccessorImpl.invoke0(Native Method)
    at sun.reflect.NativeMethodAccessorImpl.invoke(NativeMethodAccessorImpl.java:62)
java.lang.IndexOutOfBoundsException: Index: 1, Size: 1
    at java.util.ArrayList.rangeCheck(ArrayList.java:657)
    at java.util.ArrayList.get(ArrayList.java:433)
    at java_programs.PASCAL.pascal(PASCAL.java:30)
    at java_testcases.junit.PASCAL_Test.test_3(PASCAL_Test.java:28)
    at sun.reflect.NativeMethodAccessorImpl.invoke0(Native Method)
    at sun.reflect.NativeMethodAccessorImpl.invoke(NativeMethodAccessorImpl.java:62)
java.lang.IndexOutOfBoundsException: Index: 1, Size: 1
    at java.util.ArrayList.rangeCheck(ArrayList.java:657)
    at java.util.ArrayList.get(ArrayList.java:433)
    at java_programs.PASCAL.pascal(PASCAL.java:30)
    at java_testcases.junit.PASCAL_Test.test_4(PASCAL_Test.java:35)
    at sun.reflect.NativeMethodAccessorImpl.invoke0(Native Method)
    at sun.reflect.NativeMethodAccessorImpl.invoke(NativeMethodAccessorImpl.java:62)
org.junit.ComparisonFailure: expected:<[[1],[1[,1]]]> but was:<[[1],[1[]]]>
    at org.junit.Assert.assertEquals(Assert.java:115)
    at org.junit.Assert.assertEquals(Assert.java:144)
    at java_testcases.junit.PASCAL_Test.test_1(PASCAL_Test.java:16)
    at sun.reflect.NativeMethodAccessorImpl.invoke0(Native Method)
    at sun.reflect.NativeMethodAccessorImpl.invoke(NativeMethodAccessorImpl.java:62)
    at sun.reflect.DelegatingMethodAccessorImpl.invoke(DelegatingMethodAccessorImpl.java:43)
java.lang.IndexOutOfBoundsException: Index: 1, Size: 1
    at java.util.ArrayList.rangeCheck(ArrayList.java:657)
    at java.util.ArrayList.get(ArrayList.java:433)
    at java_programs.PASCAL.pascal(PASCAL.java:30)
    at java_testcases.junit.PASCAL_Test.test_2(PASCAL_Test.java:21)
    at sun.reflect.NativeMethodAccessorImpl.invoke0(Native Method)
    at sun.reflect.NativeMethodAccessorImpl.invoke(NativeMethodAccessorImpl.java:62)
java.lang.IndexOutOfBoundsException: Index: 1, Size: 1
    at java.util.ArrayList.rangeCheck(ArrayList.java:657)
    at java.util.ArrayList.get(ArrayList.java:433)
    at java_programs.PASCAL.pascal(PASCAL.java:30)
    at java_testcases.junit.PASCAL_Test.test_3(PASCAL_Test.java:28)
    at sun.reflect.NativeMethodAccessorImpl.invoke0(Native Method)
    at sun.reflect.NativeMethodAccessorImpl.invoke(NativeMethodAccessorImpl.java:62)
java.lang.IndexOutOfBoundsException: Index: 1, Size: 1
    at java.util.ArrayList.rangeCheck(ArrayList.java:657)
    at java.util.ArrayList.get(ArrayList.java:433)
    at java_programs.PASCAL.pascal(PASCAL.java:30)
    at java_testcases.junit.PASCAL_Test.test_4(PASCAL_Test.java:35)
    at sun.reflect.NativeMethodAccessorImpl.invoke0(Native Method)
    at sun.reflect.NativeMethodAccessorImpl.invoke(NativeMethodAccessorImpl.java:62)
org.junit.ComparisonFailure: expected:<[[1],[1[,1]]]> but was:<[[1],[1[]]]>
    at org.junit.Assert.assertEquals(Assert.java:115)
    at org.junit.Assert.assertEquals(Assert.java:144)
    at java_testcases.junit.PASCAL_Test.test_1(PASCAL_Test.java:16)
    at sun.reflect.NativeMethodAccessorImpl.invoke0(Native Method)
    at sun.reflect.NativeMethodAccessorImpl.invoke(NativeMethodAccessorImpl.java:62)
    at sun.reflect.DelegatingMethodAccessorImpl.invoke(DelegatingMethodAccessorImpl.java:43)
java.lang.IndexOutOfBoundsException: Index: 1, Size: 1
    at java.util.ArrayList.rangeCheck(ArrayList.java:657)
    at java.util.ArrayList.get(ArrayList.java:433)
    at java_programs.PASCAL.pascal(PASCAL.java:30)
    at java_testcases.junit.PASCAL_Test.test_2(PASCAL_Test.java:21)
    at sun.reflect.NativeMethodAccessorImpl.invoke0(Native Method)
    at sun.reflect.NativeMethodAccessorImpl.invoke(NativeMethodAccessorImpl.java:62)
java.lang.IndexOutOfBoundsException: Index: 1, Size: 1
    at java.util.ArrayList.rangeCheck(ArrayList.java:657)
    at java.util.ArrayList.get(ArrayList.java:433)
    at java_programs.PASCAL.pascal(PASCAL.java:30)
    at java_testcases.junit.PASCAL_Test.test_3(PASCAL_Test.java:28)
    at sun.reflect.NativeMethodAccessorImpl.invoke0(Native Method)
    at sun.reflect.NativeMethodAccessorImpl.invoke(NativeMethodAccessorImpl.java:62)
java.lang.IndexOutOfBoundsException: Index: 1, Size: 1
    at java.util.ArrayList.rangeCheck(ArrayList.java:657)
    at java.util.ArrayList.get(ArrayList.java:433)
    at java_programs.PASCAL.pascal(PASCAL.java:30)
    at java_testcases.junit.PASCAL_Test.test_4(PASCAL_Test.java:35)
    at sun.reflect.NativeMethodAccessorImpl.invoke0(Native Method)
    at sun.reflect.NativeMethodAccessorImpl.invoke(NativeMethodAccessorImpl.java:62)
12:03:34.876 [pool-40-thread-1] INFO  xxl.java.junit.TestCasesListener - Tests run finished (7 ms)
<> Total tests run: 20
<> Ignored tests: 0
<> Failed tests: 16
~ test_1(java_testcases.junit.PASCAL_Test)
[expected:<[[1],[1[,1]]]> but was:<[[1],[1[]]]>]
org.junit.ComparisonFailure: expected:<[[1],[1[,1]]]> but was:<[[1],[1[]]]>    at org.junit.Assert.assertEquals(Assert.java:115)
    at org.junit.Assert.assertEquals(Assert.java:144)
    at java_testcases.junit.PASCAL_Test.test_1(PASCAL_Test.java:16)
    at sun.reflect.NativeMethodAccessorImpl.invoke0(Native Method)
    at sun.reflect.NativeMethodAccessorImpl.invoke(NativeMethodAccessorImpl.java:62)
    at sun.reflect.DelegatingMethodAccessorImpl.invoke(DelegatingMethodAccessorImpl.java:43)
~ test_2(java_testcases.junit.PASCAL_Test)
[Index: 1, Size: 1]
java.lang.IndexOutOfBoundsException: Index: 1, Size: 1    at java.util.ArrayList.rangeCheck(ArrayList.java:657)
    at java.util.ArrayList.get(ArrayList.java:433)
    at java_programs.PASCAL.pascal(PASCAL.java:30)
    at java_testcases.junit.PASCAL_Test.test_2(PASCAL_Test.java:21)
    at sun.reflect.NativeMethodAccessorImpl.invoke0(Native Method)
    at sun.reflect.NativeMethodAccessorImpl.invoke(NativeMethodAccessorImpl.java:62)
~ test_3(java_testcases.junit.PASCAL_Test)
[Index: 1, Size: 1]
java.lang.IndexOutOfBoundsException: Index: 1, Size: 1    at java.util.ArrayList.rangeCheck(ArrayList.java:657)
    at java.util.ArrayList.get(ArrayList.java:433)
    at java_programs.PASCAL.pascal(PASCAL.java:30)
    at java_testcases.junit.PASCAL_Test.test_3(PASCAL_Test.java:28)
    at sun.reflect.NativeMethodAccessorImpl.invoke0(Native Method)
    at sun.reflect.NativeMethodAccessorImpl.invoke(NativeMethodAccessorImpl.java:62)
~ test_4(java_testcases.junit.PASCAL_Test)
[Index: 1, Size: 1]
java.lang.IndexOutOfBoundsException: Index: 1, Size: 1    at java.util.ArrayList.rangeCheck(ArrayList.java:657)
    at java.util.ArrayList.get(ArrayList.java:433)
    at java_programs.PASCAL.pascal(PASCAL.java:30)
    at java_testcases.junit.PASCAL_Test.test_4(PASCAL_Test.java:35)
    at sun.reflect.NativeMethodAccessorImpl.invoke0(Native Method)
    at sun.reflect.NativeMethodAccessorImpl.invoke(NativeMethodAccessorImpl.java:62)
~ test_1(java_testcases.junit.PASCAL_Test)
[expected:<[[1],[1[,1]]]> but was:<[[1],[1[]]]>]
org.junit.ComparisonFailure: expected:<[[1],[1[,1]]]> but was:<[[1],[1[]]]>    at org.junit.Assert.assertEquals(Assert.java:115)
    at org.junit.Assert.assertEquals(Assert.java:144)
    at java_testcases.junit.PASCAL_Test.test_1(PASCAL_Test.java:16)
    at sun.reflect.NativeMethodAccessorImpl.invoke0(Native Method)
    at sun.reflect.NativeMethodAccessorImpl.invoke(NativeMethodAccessorImpl.java:62)
    at sun.reflect.DelegatingMethodAccessorImpl.invoke(DelegatingMethodAccessorImpl.java:43)
~ test_2(java_testcases.junit.PASCAL_Test)
[Index: 1, Size: 1]
java.lang.IndexOutOfBoundsException: Index: 1, Size: 1    at java.util.ArrayList.rangeCheck(ArrayList.java:657)
    at java.util.ArrayList.get(ArrayList.java:433)
    at java_programs.PASCAL.pascal(PASCAL.java:30)
    at java_testcases.junit.PASCAL_Test.test_2(PASCAL_Test.java:21)
    at sun.reflect.NativeMethodAccessorImpl.invoke0(Native Method)
    at sun.reflect.NativeMethodAccessorImpl.invoke(NativeMethodAccessorImpl.java:62)
~ test_3(java_testcases.junit.PASCAL_Test)
[Index: 1, Size: 1]
java.lang.IndexOutOfBoundsException: Index: 1, Size: 1    at java.util.ArrayList.rangeCheck(ArrayList.java:657)
    at java.util.ArrayList.get(ArrayList.java:433)
    at java_programs.PASCAL.pascal(PASCAL.java:30)
    at java_testcases.junit.PASCAL_Test.test_3(PASCAL_Test.java:28)
    at sun.reflect.NativeMethodAccessorImpl.invoke0(Native Method)
    at sun.reflect.NativeMethodAccessorImpl.invoke(NativeMethodAccessorImpl.java:62)
~ test_4(java_testcases.junit.PASCAL_Test)
[Index: 1, Size: 1]
java.lang.IndexOutOfBoundsException: Index: 1, Size: 1    at java.util.ArrayList.rangeCheck(ArrayList.java:657)
    at java.util.ArrayList.get(ArrayList.java:433)
    at java_programs.PASCAL.pascal(PASCAL.java:30)
    at java_testcases.junit.PASCAL_Test.test_4(PASCAL_Test.java:35)
    at sun.reflect.NativeMethodAccessorImpl.invoke0(Native Method)
    at sun.reflect.NativeMethodAccessorImpl.invoke(NativeMethodAccessorImpl.java:62)
~ test_1(java_testcases.junit.PASCAL_Test)
[expected:<[[1],[1[,1]]]> but was:<[[1],[1[]]]>]
org.junit.ComparisonFailure: expected:<[[1],[1[,1]]]> but was:<[[1],[1[]]]>    at org.junit.Assert.assertEquals(Assert.java:115)
    at org.junit.Assert.assertEquals(Assert.java:144)
    at java_testcases.junit.PASCAL_Test.test_1(PASCAL_Test.java:16)
    at sun.reflect.NativeMethodAccessorImpl.invoke0(Native Method)
    at sun.reflect.NativeMethodAccessorImpl.invoke(NativeMethodAccessorImpl.java:62)
    at sun.reflect.DelegatingMethodAccessorImpl.invoke(DelegatingMethodAccessorImpl.java:43)
~ test_2(java_testcases.junit.PASCAL_Test)
[Index: 1, Size: 1]
java.lang.IndexOutOfBoundsException: Index: 1, Size: 1    at java.util.ArrayList.rangeCheck(ArrayList.java:657)
    at java.util.ArrayList.get(ArrayList.java:433)
    at java_programs.PASCAL.pascal(PASCAL.java:30)
    at java_testcases.junit.PASCAL_Test.test_2(PASCAL_Test.java:21)
    at sun.reflect.NativeMethodAccessorImpl.invoke0(Native Method)
    at sun.reflect.NativeMethodAccessorImpl.invoke(NativeMethodAccessorImpl.java:62)
~ test_3(java_testcases.junit.PASCAL_Test)
[Index: 1, Size: 1]
java.lang.IndexOutOfBoundsException: Index: 1, Size: 1    at java.util.ArrayList.rangeCheck(ArrayList.java:657)
    at java.util.ArrayList.get(ArrayList.java:433)
    at java_programs.PASCAL.pascal(PASCAL.java:30)
    at java_testcases.junit.PASCAL_Test.test_3(PASCAL_Test.java:28)
    at sun.reflect.NativeMethodAccessorImpl.invoke0(Native Method)
    at sun.reflect.NativeMethodAccessorImpl.invoke(NativeMethodAccessorImpl.java:62)
~ test_4(java_testcases.junit.PASCAL_Test)
[Index: 1, Size: 1]
java.lang.IndexOutOfBoundsException: Index: 1, Size: 1    at java.util.ArrayList.rangeCheck(ArrayList.java:657)
    at java.util.ArrayList.get(ArrayList.java:433)
    at java_programs.PASCAL.pascal(PASCAL.java:30)
    at java_testcases.junit.PASCAL_Test.test_4(PASCAL_Test.java:35)
    at sun.reflect.NativeMethodAccessorImpl.invoke0(Native Method)
    at sun.reflect.NativeMethodAccessorImpl.invoke(NativeMethodAccessorImpl.java:62)
~ test_1(java_testcases.junit.PASCAL_Test)
[expected:<[[1],[1[,1]]]> but was:<[[1],[1[]]]>]
org.junit.ComparisonFailure: expected:<[[1],[1[,1]]]> but was:<[[1],[1[]]]>    at org.junit.Assert.assertEquals(Assert.java:115)
    at org.junit.Assert.assertEquals(Assert.java:144)
    at java_testcases.junit.PASCAL_Test.test_1(PASCAL_Test.java:16)
    at sun.reflect.NativeMethodAccessorImpl.invoke0(Native Method)
    at sun.reflect.NativeMethodAccessorImpl.invoke(NativeMethodAccessorImpl.java:62)
    at sun.reflect.DelegatingMethodAccessorImpl.invoke(DelegatingMethodAccessorImpl.java:43)
~ test_2(java_testcases.junit.PASCAL_Test)
[Index: 1, Size: 1]
java.lang.IndexOutOfBoundsException: Index: 1, Size: 1    at java.util.ArrayList.rangeCheck(ArrayList.java:657)
    at java.util.ArrayList.get(ArrayList.java:433)
    at java_programs.PASCAL.pascal(PASCAL.java:30)
    at java_testcases.junit.PASCAL_Test.test_2(PASCAL_Test.java:21)
    at sun.reflect.NativeMethodAccessorImpl.invoke0(Native Method)
    at sun.reflect.NativeMethodAccessorImpl.invoke(NativeMethodAccessorImpl.java:62)
~ test_3(java_testcases.junit.PASCAL_Test)
[Index: 1, Size: 1]
java.lang.IndexOutOfBoundsException: Index: 1, Size: 1    at java.util.ArrayList.rangeCheck(ArrayList.java:657)
    at java.util.ArrayList.get(ArrayList.java:433)
    at java_programs.PASCAL.pascal(PASCAL.java:30)
    at java_testcases.junit.PASCAL_Test.test_3(PASCAL_Test.java:28)
    at sun.reflect.NativeMethodAccessorImpl.invoke0(Native Method)
    at sun.reflect.NativeMethodAccessorImpl.invoke(NativeMethodAccessorImpl.java:62)
~ test_4(java_testcases.junit.PASCAL_Test)
[Index: 1, Size: 1]
java.lang.IndexOutOfBoundsException: Index: 1, Size: 1    at java.util.ArrayList.rangeCheck(ArrayList.java:657)
    at java.util.ArrayList.get(ArrayList.java:433)
    at java_programs.PASCAL.pascal(PASCAL.java:30)
    at java_testcases.junit.PASCAL_Test.test_4(PASCAL_Test.java:35)
    at sun.reflect.NativeMethodAccessorImpl.invoke0(Native Method)
    at sun.reflect.NativeMethodAccessorImpl.invoke(NativeMethodAccessorImpl.java:62)

12:03:34.941 [pool-39-thread-1] ERROR x.java.compiler.DynamicClassCompiler - [Compilation errors]
PASCAL.java:29: error: variable upleft might not have been initialized
                row.add((upleft + upright));
                         ^
xxl.java.compiler.DynamicCompilationException: Aborting: dynamic compilation failed
	at xxl.java.compiler.DynamicClassCompiler.runCompilationTask(DynamicClassCompiler.java:99)
	at xxl.java.compiler.DynamicClassCompiler.javaBytecodeFor(DynamicClassCompiler.java:67)
	at fr.inria.lille.commons.spoon.SpoonedFile.compilationFor(SpoonedFile.java:203)
	at fr.inria.lille.commons.spoon.SpoonedFile.compileModelledClasses(SpoonedFile.java:177)
	at fr.inria.lille.commons.spoon.SpoonedFile.dumpedToClassLoader(SpoonedFile.java:130)
	at fr.inria.lille.commons.spoon.SpoonedFile.processedAndDumpedToClassLoader(SpoonedFile.java:140)
	at fr.inria.lille.commons.spoon.SpoonedFile.processedAndDumpedToClassLoader(SpoonedFile.java:135)
	at fr.inria.lille.repair.nopol.synth.dynamoth.DynamothSynthesizer.findAngelicValuesAndBuildPatch(DynamothSynthesizer.java:69)
	at fr.inria.lille.repair.nopol.NoPol.runNopolProcessor(NoPol.java:295)
	at fr.inria.lille.repair.nopol.NoPol.access$000(NoPol.java:81)
	at fr.inria.lille.repair.nopol.NoPol$1.call(NoPol.java:260)
	at java.util.concurrent.FutureTask.run(FutureTask.java:266)
	at java.util.concurrent.ThreadPoolExecutor.runWorker(ThreadPoolExecutor.java:1149)
	at java.util.concurrent.ThreadPoolExecutor$Worker.run(ThreadPoolExecutor.java:624)
	at java.lang.Thread.run(Thread.java:748)
12:03:34.942 [pool-2-thread-1] DEBUG fr.inria.lille.repair.nopol.NoPol - looking with class fr.inria.lille.repair.nopol.spoon.smt.ConditionalReplacer
org.junit.ComparisonFailure: expected:<[[1],[1[,1]]]> but was:<[[1],[1[]]]>
    at org.junit.Assert.assertEquals(Assert.java:115)
    at org.junit.Assert.assertEquals(Assert.java:144)
    at java_testcases.junit.PASCAL_Test.test_1(PASCAL_Test.java:16)
    at sun.reflect.NativeMethodAccessorImpl.invoke0(Native Method)
    at sun.reflect.NativeMethodAccessorImpl.invoke(NativeMethodAccessorImpl.java:62)
    at sun.reflect.DelegatingMethodAccessorImpl.invoke(DelegatingMethodAccessorImpl.java:43)
java.lang.IndexOutOfBoundsException: Index: 1, Size: 1
    at java.util.ArrayList.rangeCheck(ArrayList.java:657)
    at java.util.ArrayList.get(ArrayList.java:433)
    at java_programs.PASCAL.pascal(PASCAL.java:30)
    at java_testcases.junit.PASCAL_Test.test_2(PASCAL_Test.java:21)
    at sun.reflect.NativeMethodAccessorImpl.invoke0(Native Method)
    at sun.reflect.NativeMethodAccessorImpl.invoke(NativeMethodAccessorImpl.java:62)
java.lang.IndexOutOfBoundsException: Index: 1, Size: 1
    at java.util.ArrayList.rangeCheck(ArrayList.java:657)
    at java.util.ArrayList.get(ArrayList.java:433)
    at java_programs.PASCAL.pascal(PASCAL.java:30)
    at java_testcases.junit.PASCAL_Test.test_3(PASCAL_Test.java:28)
    at sun.reflect.NativeMethodAccessorImpl.invoke0(Native Method)
    at sun.reflect.NativeMethodAccessorImpl.invoke(NativeMethodAccessorImpl.java:62)
java.lang.IndexOutOfBoundsException: Index: 1, Size: 1
    at java.util.ArrayList.rangeCheck(ArrayList.java:657)
    at java.util.ArrayList.get(ArrayList.java:433)
    at java_programs.PASCAL.pascal(PASCAL.java:30)
    at java_testcases.junit.PASCAL_Test.test_4(PASCAL_Test.java:35)
    at sun.reflect.NativeMethodAccessorImpl.invoke0(Native Method)
    at sun.reflect.NativeMethodAccessorImpl.invoke(NativeMethodAccessorImpl.java:62)
org.junit.ComparisonFailure: expected:<[[1],[1[,1]]]> but was:<[[1],[1[]]]>
    at org.junit.Assert.assertEquals(Assert.java:115)
    at org.junit.Assert.assertEquals(Assert.java:144)
    at java_testcases.junit.PASCAL_Test.test_1(PASCAL_Test.java:16)
    at sun.reflect.NativeMethodAccessorImpl.invoke0(Native Method)
    at sun.reflect.NativeMethodAccessorImpl.invoke(NativeMethodAccessorImpl.java:62)
    at sun.reflect.DelegatingMethodAccessorImpl.invoke(DelegatingMethodAccessorImpl.java:43)
java.lang.IndexOutOfBoundsException: Index: 1, Size: 1
    at java.util.ArrayList.rangeCheck(ArrayList.java:657)
    at java.util.ArrayList.get(ArrayList.java:433)
    at java_programs.PASCAL.pascal(PASCAL.java:30)
    at java_testcases.junit.PASCAL_Test.test_2(PASCAL_Test.java:21)
    at sun.reflect.NativeMethodAccessorImpl.invoke0(Native Method)
    at sun.reflect.NativeMethodAccessorImpl.invoke(NativeMethodAccessorImpl.java:62)
java.lang.IndexOutOfBoundsException: Index: 1, Size: 1
    at java.util.ArrayList.rangeCheck(ArrayList.java:657)
    at java.util.ArrayList.get(ArrayList.java:433)
    at java_programs.PASCAL.pascal(PASCAL.java:30)
    at java_testcases.junit.PASCAL_Test.test_3(PASCAL_Test.java:28)
    at sun.reflect.NativeMethodAccessorImpl.invoke0(Native Method)
    at sun.reflect.NativeMethodAccessorImpl.invoke(NativeMethodAccessorImpl.java:62)
java.lang.IndexOutOfBoundsException: Index: 1, Size: 1
    at java.util.ArrayList.rangeCheck(ArrayList.java:657)
    at java.util.ArrayList.get(ArrayList.java:433)
    at java_programs.PASCAL.pascal(PASCAL.java:30)
    at java_testcases.junit.PASCAL_Test.test_4(PASCAL_Test.java:35)
    at sun.reflect.NativeMethodAccessorImpl.invoke0(Native Method)
    at sun.reflect.NativeMethodAccessorImpl.invoke(NativeMethodAccessorImpl.java:62)
org.junit.ComparisonFailure: expected:<[[1],[1[,1]]]> but was:<[[1],[1[]]]>
    at org.junit.Assert.assertEquals(Assert.java:115)
    at org.junit.Assert.assertEquals(Assert.java:144)
    at java_testcases.junit.PASCAL_Test.test_1(PASCAL_Test.java:16)
    at sun.reflect.NativeMethodAccessorImpl.invoke0(Native Method)
    at sun.reflect.NativeMethodAccessorImpl.invoke(NativeMethodAccessorImpl.java:62)
    at sun.reflect.DelegatingMethodAccessorImpl.invoke(DelegatingMethodAccessorImpl.java:43)
java.lang.IndexOutOfBoundsException: Index: 1, Size: 1
    at java.util.ArrayList.rangeCheck(ArrayList.java:657)
    at java.util.ArrayList.get(ArrayList.java:433)
    at java_programs.PASCAL.pascal(PASCAL.java:30)
    at java_testcases.junit.PASCAL_Test.test_2(PASCAL_Test.java:21)
    at sun.reflect.NativeMethodAccessorImpl.invoke0(Native Method)
    at sun.reflect.NativeMethodAccessorImpl.invoke(NativeMethodAccessorImpl.java:62)
java.lang.IndexOutOfBoundsException: Index: 1, Size: 1
    at java.util.ArrayList.rangeCheck(ArrayList.java:657)
    at java.util.ArrayList.get(ArrayList.java:433)
    at java_programs.PASCAL.pascal(PASCAL.java:30)
    at java_testcases.junit.PASCAL_Test.test_3(PASCAL_Test.java:28)
    at sun.reflect.NativeMethodAccessorImpl.invoke0(Native Method)
    at sun.reflect.NativeMethodAccessorImpl.invoke(NativeMethodAccessorImpl.java:62)
java.lang.IndexOutOfBoundsException: Index: 1, Size: 1
    at java.util.ArrayList.rangeCheck(ArrayList.java:657)
    at java.util.ArrayList.get(ArrayList.java:433)
    at java_programs.PASCAL.pascal(PASCAL.java:30)
    at java_testcases.junit.PASCAL_Test.test_4(PASCAL_Test.java:35)
    at sun.reflect.NativeMethodAccessorImpl.invoke0(Native Method)
    at sun.reflect.NativeMethodAccessorImpl.invoke(NativeMethodAccessorImpl.java:62)
org.junit.ComparisonFailure: expected:<[[1],[1[,1]]]> but was:<[[1],[1[]]]>
    at org.junit.Assert.assertEquals(Assert.java:115)
    at org.junit.Assert.assertEquals(Assert.java:144)
    at java_testcases.junit.PASCAL_Test.test_1(PASCAL_Test.java:16)
    at sun.reflect.NativeMethodAccessorImpl.invoke0(Native Method)
    at sun.reflect.NativeMethodAccessorImpl.invoke(NativeMethodAccessorImpl.java:62)
    at sun.reflect.DelegatingMethodAccessorImpl.invoke(DelegatingMethodAccessorImpl.java:43)
java.lang.IndexOutOfBoundsException: Index: 1, Size: 1
    at java.util.ArrayList.rangeCheck(ArrayList.java:657)
    at java.util.ArrayList.get(ArrayList.java:433)
    at java_programs.PASCAL.pascal(PASCAL.java:30)
    at java_testcases.junit.PASCAL_Test.test_2(PASCAL_Test.java:21)
    at sun.reflect.NativeMethodAccessorImpl.invoke0(Native Method)
    at sun.reflect.NativeMethodAccessorImpl.invoke(NativeMethodAccessorImpl.java:62)
java.lang.IndexOutOfBoundsException: Index: 1, Size: 1
    at java.util.ArrayList.rangeCheck(ArrayList.java:657)
    at java.util.ArrayList.get(ArrayList.java:433)
    at java_programs.PASCAL.pascal(PASCAL.java:30)
    at java_testcases.junit.PASCAL_Test.test_3(PASCAL_Test.java:28)
    at sun.reflect.NativeMethodAccessorImpl.invoke0(Native Method)
    at sun.reflect.NativeMethodAccessorImpl.invoke(NativeMethodAccessorImpl.java:62)
java.lang.IndexOutOfBoundsException: Index: 1, Size: 1
    at java.util.ArrayList.rangeCheck(ArrayList.java:657)
    at java.util.ArrayList.get(ArrayList.java:433)
    at java_programs.PASCAL.pascal(PASCAL.java:30)
    at java_testcases.junit.PASCAL_Test.test_4(PASCAL_Test.java:35)
    at sun.reflect.NativeMethodAccessorImpl.invoke0(Native Method)
    at sun.reflect.NativeMethodAccessorImpl.invoke(NativeMethodAccessorImpl.java:62)
12:03:34.951 [pool-42-thread-1] INFO  xxl.java.junit.TestCasesListener - Tests run finished (7 ms)
<> Total tests run: 20
<> Ignored tests: 0
<> Failed tests: 16
~ test_1(java_testcases.junit.PASCAL_Test)
[expected:<[[1],[1[,1]]]> but was:<[[1],[1[]]]>]
org.junit.ComparisonFailure: expected:<[[1],[1[,1]]]> but was:<[[1],[1[]]]>    at org.junit.Assert.assertEquals(Assert.java:115)
    at org.junit.Assert.assertEquals(Assert.java:144)
    at java_testcases.junit.PASCAL_Test.test_1(PASCAL_Test.java:16)
    at sun.reflect.NativeMethodAccessorImpl.invoke0(Native Method)
    at sun.reflect.NativeMethodAccessorImpl.invoke(NativeMethodAccessorImpl.java:62)
    at sun.reflect.DelegatingMethodAccessorImpl.invoke(DelegatingMethodAccessorImpl.java:43)
~ test_2(java_testcases.junit.PASCAL_Test)
[Index: 1, Size: 1]
java.lang.IndexOutOfBoundsException: Index: 1, Size: 1    at java.util.ArrayList.rangeCheck(ArrayList.java:657)
    at java.util.ArrayList.get(ArrayList.java:433)
    at java_programs.PASCAL.pascal(PASCAL.java:30)
    at java_testcases.junit.PASCAL_Test.test_2(PASCAL_Test.java:21)
    at sun.reflect.NativeMethodAccessorImpl.invoke0(Native Method)
    at sun.reflect.NativeMethodAccessorImpl.invoke(NativeMethodAccessorImpl.java:62)
~ test_3(java_testcases.junit.PASCAL_Test)
[Index: 1, Size: 1]
java.lang.IndexOutOfBoundsException: Index: 1, Size: 1    at java.util.ArrayList.rangeCheck(ArrayList.java:657)
    at java.util.ArrayList.get(ArrayList.java:433)
    at java_programs.PASCAL.pascal(PASCAL.java:30)
    at java_testcases.junit.PASCAL_Test.test_3(PASCAL_Test.java:28)
    at sun.reflect.NativeMethodAccessorImpl.invoke0(Native Method)
    at sun.reflect.NativeMethodAccessorImpl.invoke(NativeMethodAccessorImpl.java:62)
~ test_4(java_testcases.junit.PASCAL_Test)
[Index: 1, Size: 1]
java.lang.IndexOutOfBoundsException: Index: 1, Size: 1    at java.util.ArrayList.rangeCheck(ArrayList.java:657)
    at java.util.ArrayList.get(ArrayList.java:433)
    at java_programs.PASCAL.pascal(PASCAL.java:30)
    at java_testcases.junit.PASCAL_Test.test_4(PASCAL_Test.java:35)
    at sun.reflect.NativeMethodAccessorImpl.invoke0(Native Method)
    at sun.reflect.NativeMethodAccessorImpl.invoke(NativeMethodAccessorImpl.java:62)
~ test_1(java_testcases.junit.PASCAL_Test)
[expected:<[[1],[1[,1]]]> but was:<[[1],[1[]]]>]
org.junit.ComparisonFailure: expected:<[[1],[1[,1]]]> but was:<[[1],[1[]]]>    at org.junit.Assert.assertEquals(Assert.java:115)
    at org.junit.Assert.assertEquals(Assert.java:144)
    at java_testcases.junit.PASCAL_Test.test_1(PASCAL_Test.java:16)
    at sun.reflect.NativeMethodAccessorImpl.invoke0(Native Method)
    at sun.reflect.NativeMethodAccessorImpl.invoke(NativeMethodAccessorImpl.java:62)
    at sun.reflect.DelegatingMethodAccessorImpl.invoke(DelegatingMethodAccessorImpl.java:43)
~ test_2(java_testcases.junit.PASCAL_Test)
[Index: 1, Size: 1]
java.lang.IndexOutOfBoundsException: Index: 1, Size: 1    at java.util.ArrayList.rangeCheck(ArrayList.java:657)
    at java.util.ArrayList.get(ArrayList.java:433)
    at java_programs.PASCAL.pascal(PASCAL.java:30)
    at java_testcases.junit.PASCAL_Test.test_2(PASCAL_Test.java:21)
    at sun.reflect.NativeMethodAccessorImpl.invoke0(Native Method)
    at sun.reflect.NativeMethodAccessorImpl.invoke(NativeMethodAccessorImpl.java:62)
~ test_3(java_testcases.junit.PASCAL_Test)
[Index: 1, Size: 1]
java.lang.IndexOutOfBoundsException: Index: 1, Size: 1    at java.util.ArrayList.rangeCheck(ArrayList.java:657)
    at java.util.ArrayList.get(ArrayList.java:433)
    at java_programs.PASCAL.pascal(PASCAL.java:30)
    at java_testcases.junit.PASCAL_Test.test_3(PASCAL_Test.java:28)
    at sun.reflect.NativeMethodAccessorImpl.invoke0(Native Method)
    at sun.reflect.NativeMethodAccessorImpl.invoke(NativeMethodAccessorImpl.java:62)
~ test_4(java_testcases.junit.PASCAL_Test)
[Index: 1, Size: 1]
java.lang.IndexOutOfBoundsException: Index: 1, Size: 1    at java.util.ArrayList.rangeCheck(ArrayList.java:657)
    at java.util.ArrayList.get(ArrayList.java:433)
    at java_programs.PASCAL.pascal(PASCAL.java:30)
    at java_testcases.junit.PASCAL_Test.test_4(PASCAL_Test.java:35)
    at sun.reflect.NativeMethodAccessorImpl.invoke0(Native Method)
    at sun.reflect.NativeMethodAccessorImpl.invoke(NativeMethodAccessorImpl.java:62)
~ test_1(java_testcases.junit.PASCAL_Test)
[expected:<[[1],[1[,1]]]> but was:<[[1],[1[]]]>]
org.junit.ComparisonFailure: expected:<[[1],[1[,1]]]> but was:<[[1],[1[]]]>    at org.junit.Assert.assertEquals(Assert.java:115)
    at org.junit.Assert.assertEquals(Assert.java:144)
    at java_testcases.junit.PASCAL_Test.test_1(PASCAL_Test.java:16)
    at sun.reflect.NativeMethodAccessorImpl.invoke0(Native Method)
    at sun.reflect.NativeMethodAccessorImpl.invoke(NativeMethodAccessorImpl.java:62)
    at sun.reflect.DelegatingMethodAccessorImpl.invoke(DelegatingMethodAccessorImpl.java:43)
~ test_2(java_testcases.junit.PASCAL_Test)
[Index: 1, Size: 1]
java.lang.IndexOutOfBoundsException: Index: 1, Size: 1    at java.util.ArrayList.rangeCheck(ArrayList.java:657)
    at java.util.ArrayList.get(ArrayList.java:433)
    at java_programs.PASCAL.pascal(PASCAL.java:30)
    at java_testcases.junit.PASCAL_Test.test_2(PASCAL_Test.java:21)
    at sun.reflect.NativeMethodAccessorImpl.invoke0(Native Method)
    at sun.reflect.NativeMethodAccessorImpl.invoke(NativeMethodAccessorImpl.java:62)
~ test_3(java_testcases.junit.PASCAL_Test)
[Index: 1, Size: 1]
java.lang.IndexOutOfBoundsException: Index: 1, Size: 1    at java.util.ArrayList.rangeCheck(ArrayList.java:657)
    at java.util.ArrayList.get(ArrayList.java:433)
    at java_programs.PASCAL.pascal(PASCAL.java:30)
    at java_testcases.junit.PASCAL_Test.test_3(PASCAL_Test.java:28)
    at sun.reflect.NativeMethodAccessorImpl.invoke0(Native Method)
    at sun.reflect.NativeMethodAccessorImpl.invoke(NativeMethodAccessorImpl.java:62)
~ test_4(java_testcases.junit.PASCAL_Test)
[Index: 1, Size: 1]
java.lang.IndexOutOfBoundsException: Index: 1, Size: 1    at java.util.ArrayList.rangeCheck(ArrayList.java:657)
    at java.util.ArrayList.get(ArrayList.java:433)
    at java_programs.PASCAL.pascal(PASCAL.java:30)
    at java_testcases.junit.PASCAL_Test.test_4(PASCAL_Test.java:35)
    at sun.reflect.NativeMethodAccessorImpl.invoke0(Native Method)
    at sun.reflect.NativeMethodAccessorImpl.invoke(NativeMethodAccessorImpl.java:62)
~ test_1(java_testcases.junit.PASCAL_Test)
[expected:<[[1],[1[,1]]]> but was:<[[1],[1[]]]>]
org.junit.ComparisonFailure: expected:<[[1],[1[,1]]]> but was:<[[1],[1[]]]>    at org.junit.Assert.assertEquals(Assert.java:115)
    at org.junit.Assert.assertEquals(Assert.java:144)
    at java_testcases.junit.PASCAL_Test.test_1(PASCAL_Test.java:16)
    at sun.reflect.NativeMethodAccessorImpl.invoke0(Native Method)
    at sun.reflect.NativeMethodAccessorImpl.invoke(NativeMethodAccessorImpl.java:62)
    at sun.reflect.DelegatingMethodAccessorImpl.invoke(DelegatingMethodAccessorImpl.java:43)
~ test_2(java_testcases.junit.PASCAL_Test)
[Index: 1, Size: 1]
java.lang.IndexOutOfBoundsException: Index: 1, Size: 1    at java.util.ArrayList.rangeCheck(ArrayList.java:657)
    at java.util.ArrayList.get(ArrayList.java:433)
    at java_programs.PASCAL.pascal(PASCAL.java:30)
    at java_testcases.junit.PASCAL_Test.test_2(PASCAL_Test.java:21)
    at sun.reflect.NativeMethodAccessorImpl.invoke0(Native Method)
    at sun.reflect.NativeMethodAccessorImpl.invoke(NativeMethodAccessorImpl.java:62)
~ test_3(java_testcases.junit.PASCAL_Test)
[Index: 1, Size: 1]
java.lang.IndexOutOfBoundsException: Index: 1, Size: 1    at java.util.ArrayList.rangeCheck(ArrayList.java:657)
    at java.util.ArrayList.get(ArrayList.java:433)
    at java_programs.PASCAL.pascal(PASCAL.java:30)
    at java_testcases.junit.PASCAL_Test.test_3(PASCAL_Test.java:28)
    at sun.reflect.NativeMethodAccessorImpl.invoke0(Native Method)
    at sun.reflect.NativeMethodAccessorImpl.invoke(NativeMethodAccessorImpl.java:62)
~ test_4(java_testcases.junit.PASCAL_Test)
[Index: 1, Size: 1]
java.lang.IndexOutOfBoundsException: Index: 1, Size: 1    at java.util.ArrayList.rangeCheck(ArrayList.java:657)
    at java.util.ArrayList.get(ArrayList.java:433)
    at java_programs.PASCAL.pascal(PASCAL.java:30)
    at java_testcases.junit.PASCAL_Test.test_4(PASCAL_Test.java:35)
    at sun.reflect.NativeMethodAccessorImpl.invoke0(Native Method)
    at sun.reflect.NativeMethodAccessorImpl.invoke(NativeMethodAccessorImpl.java:62)

12:03:35.024 [pool-2-thread-1] DEBUG fr.inria.lille.repair.nopol.NoPol - statement #7
12:03:35.025 [pool-2-thread-1] DEBUG fr.inria.lille.repair.nopol.NoPol - Analysing SourceLocation java_programs.PASCAL:22 which is executed by 4 tests
-1942067219
12:03:35.058 [pool-2-thread-1] DEBUG fr.inria.lille.repair.nopol.NoPol - looking with class fr.inria.lille.repair.nopol.spoon.smt.ConditionalAdder
org.junit.ComparisonFailure: expected:<[[1],[1[,1]]]> but was:<[[1],[1[]]]>
    at org.junit.Assert.assertEquals(Assert.java:115)
    at org.junit.Assert.assertEquals(Assert.java:144)
    at java_testcases.junit.PASCAL_Test.test_1(PASCAL_Test.java:16)
    at sun.reflect.NativeMethodAccessorImpl.invoke0(Native Method)
    at sun.reflect.NativeMethodAccessorImpl.invoke(NativeMethodAccessorImpl.java:62)
    at sun.reflect.DelegatingMethodAccessorImpl.invoke(DelegatingMethodAccessorImpl.java:43)
java.lang.IndexOutOfBoundsException: Index: 1, Size: 1
    at java.util.ArrayList.rangeCheck(ArrayList.java:657)
    at java.util.ArrayList.get(ArrayList.java:433)
    at java_programs.PASCAL.pascal(PASCAL.java:30)
    at java_testcases.junit.PASCAL_Test.test_2(PASCAL_Test.java:21)
    at sun.reflect.NativeMethodAccessorImpl.invoke0(Native Method)
    at sun.reflect.NativeMethodAccessorImpl.invoke(NativeMethodAccessorImpl.java:62)
java.lang.IndexOutOfBoundsException: Index: 1, Size: 1
    at java.util.ArrayList.rangeCheck(ArrayList.java:657)
    at java.util.ArrayList.get(ArrayList.java:433)
    at java_programs.PASCAL.pascal(PASCAL.java:30)
    at java_testcases.junit.PASCAL_Test.test_3(PASCAL_Test.java:28)
    at sun.reflect.NativeMethodAccessorImpl.invoke0(Native Method)
    at sun.reflect.NativeMethodAccessorImpl.invoke(NativeMethodAccessorImpl.java:62)
java.lang.IndexOutOfBoundsException: Index: 1, Size: 1
    at java.util.ArrayList.rangeCheck(ArrayList.java:657)
    at java.util.ArrayList.get(ArrayList.java:433)
    at java_programs.PASCAL.pascal(PASCAL.java:30)
    at java_testcases.junit.PASCAL_Test.test_4(PASCAL_Test.java:35)
    at sun.reflect.NativeMethodAccessorImpl.invoke0(Native Method)
    at sun.reflect.NativeMethodAccessorImpl.invoke(NativeMethodAccessorImpl.java:62)
org.junit.ComparisonFailure: expected:<[[1],[1[,1]]]> but was:<[[1],[1[]]]>
    at org.junit.Assert.assertEquals(Assert.java:115)
    at org.junit.Assert.assertEquals(Assert.java:144)
    at java_testcases.junit.PASCAL_Test.test_1(PASCAL_Test.java:16)
    at sun.reflect.NativeMethodAccessorImpl.invoke0(Native Method)
    at sun.reflect.NativeMethodAccessorImpl.invoke(NativeMethodAccessorImpl.java:62)
    at sun.reflect.DelegatingMethodAccessorImpl.invoke(DelegatingMethodAccessorImpl.java:43)
java.lang.IndexOutOfBoundsException: Index: 1, Size: 1
    at java.util.ArrayList.rangeCheck(ArrayList.java:657)
    at java.util.ArrayList.get(ArrayList.java:433)
    at java_programs.PASCAL.pascal(PASCAL.java:30)
    at java_testcases.junit.PASCAL_Test.test_2(PASCAL_Test.java:21)
    at sun.reflect.NativeMethodAccessorImpl.invoke0(Native Method)
    at sun.reflect.NativeMethodAccessorImpl.invoke(NativeMethodAccessorImpl.java:62)
java.lang.IndexOutOfBoundsException: Index: 1, Size: 1
    at java.util.ArrayList.rangeCheck(ArrayList.java:657)
    at java.util.ArrayList.get(ArrayList.java:433)
    at java_programs.PASCAL.pascal(PASCAL.java:30)
    at java_testcases.junit.PASCAL_Test.test_3(PASCAL_Test.java:28)
    at sun.reflect.NativeMethodAccessorImpl.invoke0(Native Method)
    at sun.reflect.NativeMethodAccessorImpl.invoke(NativeMethodAccessorImpl.java:62)
java.lang.IndexOutOfBoundsException: Index: 1, Size: 1
    at java.util.ArrayList.rangeCheck(ArrayList.java:657)
    at java.util.ArrayList.get(ArrayList.java:433)
    at java_programs.PASCAL.pascal(PASCAL.java:30)
    at java_testcases.junit.PASCAL_Test.test_4(PASCAL_Test.java:35)
    at sun.reflect.NativeMethodAccessorImpl.invoke0(Native Method)
    at sun.reflect.NativeMethodAccessorImpl.invoke(NativeMethodAccessorImpl.java:62)
org.junit.ComparisonFailure: expected:<[[1],[1[,1]]]> but was:<[[1],[1[]]]>
    at org.junit.Assert.assertEquals(Assert.java:115)
    at org.junit.Assert.assertEquals(Assert.java:144)
    at java_testcases.junit.PASCAL_Test.test_1(PASCAL_Test.java:16)
    at sun.reflect.NativeMethodAccessorImpl.invoke0(Native Method)
    at sun.reflect.NativeMethodAccessorImpl.invoke(NativeMethodAccessorImpl.java:62)
    at sun.reflect.DelegatingMethodAccessorImpl.invoke(DelegatingMethodAccessorImpl.java:43)
java.lang.IndexOutOfBoundsException: Index: 1, Size: 1
    at java.util.ArrayList.rangeCheck(ArrayList.java:657)
    at java.util.ArrayList.get(ArrayList.java:433)
    at java_programs.PASCAL.pascal(PASCAL.java:30)
    at java_testcases.junit.PASCAL_Test.test_2(PASCAL_Test.java:21)
    at sun.reflect.NativeMethodAccessorImpl.invoke0(Native Method)
    at sun.reflect.NativeMethodAccessorImpl.invoke(NativeMethodAccessorImpl.java:62)
java.lang.IndexOutOfBoundsException: Index: 1, Size: 1
    at java.util.ArrayList.rangeCheck(ArrayList.java:657)
    at java.util.ArrayList.get(ArrayList.java:433)
    at java_programs.PASCAL.pascal(PASCAL.java:30)
    at java_testcases.junit.PASCAL_Test.test_3(PASCAL_Test.java:28)
    at sun.reflect.NativeMethodAccessorImpl.invoke0(Native Method)
    at sun.reflect.NativeMethodAccessorImpl.invoke(NativeMethodAccessorImpl.java:62)
java.lang.IndexOutOfBoundsException: Index: 1, Size: 1
    at java.util.ArrayList.rangeCheck(ArrayList.java:657)
    at java.util.ArrayList.get(ArrayList.java:433)
    at java_programs.PASCAL.pascal(PASCAL.java:30)
    at java_testcases.junit.PASCAL_Test.test_4(PASCAL_Test.java:35)
    at sun.reflect.NativeMethodAccessorImpl.invoke0(Native Method)
    at sun.reflect.NativeMethodAccessorImpl.invoke(NativeMethodAccessorImpl.java:62)
org.junit.ComparisonFailure: expected:<[[1],[1[,1]]]> but was:<[[1],[1[]]]>
    at org.junit.Assert.assertEquals(Assert.java:115)
    at org.junit.Assert.assertEquals(Assert.java:144)
    at java_testcases.junit.PASCAL_Test.test_1(PASCAL_Test.java:16)
    at sun.reflect.NativeMethodAccessorImpl.invoke0(Native Method)
    at sun.reflect.NativeMethodAccessorImpl.invoke(NativeMethodAccessorImpl.java:62)
    at sun.reflect.DelegatingMethodAccessorImpl.invoke(DelegatingMethodAccessorImpl.java:43)
java.lang.IndexOutOfBoundsException: Index: 1, Size: 1
    at java.util.ArrayList.rangeCheck(ArrayList.java:657)
    at java.util.ArrayList.get(ArrayList.java:433)
    at java_programs.PASCAL.pascal(PASCAL.java:30)
    at java_testcases.junit.PASCAL_Test.test_2(PASCAL_Test.java:21)
    at sun.reflect.NativeMethodAccessorImpl.invoke0(Native Method)
    at sun.reflect.NativeMethodAccessorImpl.invoke(NativeMethodAccessorImpl.java:62)
java.lang.IndexOutOfBoundsException: Index: 1, Size: 1
    at java.util.ArrayList.rangeCheck(ArrayList.java:657)
    at java.util.ArrayList.get(ArrayList.java:433)
    at java_programs.PASCAL.pascal(PASCAL.java:30)
    at java_testcases.junit.PASCAL_Test.test_3(PASCAL_Test.java:28)
    at sun.reflect.NativeMethodAccessorImpl.invoke0(Native Method)
    at sun.reflect.NativeMethodAccessorImpl.invoke(NativeMethodAccessorImpl.java:62)
java.lang.IndexOutOfBoundsException: Index: 1, Size: 1
    at java.util.ArrayList.rangeCheck(ArrayList.java:657)
    at java.util.ArrayList.get(ArrayList.java:433)
    at java_programs.PASCAL.pascal(PASCAL.java:30)
    at java_testcases.junit.PASCAL_Test.test_4(PASCAL_Test.java:35)
    at sun.reflect.NativeMethodAccessorImpl.invoke0(Native Method)
    at sun.reflect.NativeMethodAccessorImpl.invoke(NativeMethodAccessorImpl.java:62)
12:03:35.069 [pool-52-thread-1] INFO  xxl.java.junit.TestCasesListener - Tests run finished (8 ms)
<> Total tests run: 20
<> Ignored tests: 0
<> Failed tests: 16
~ test_1(java_testcases.junit.PASCAL_Test)
[expected:<[[1],[1[,1]]]> but was:<[[1],[1[]]]>]
org.junit.ComparisonFailure: expected:<[[1],[1[,1]]]> but was:<[[1],[1[]]]>    at org.junit.Assert.assertEquals(Assert.java:115)
    at org.junit.Assert.assertEquals(Assert.java:144)
    at java_testcases.junit.PASCAL_Test.test_1(PASCAL_Test.java:16)
    at sun.reflect.NativeMethodAccessorImpl.invoke0(Native Method)
    at sun.reflect.NativeMethodAccessorImpl.invoke(NativeMethodAccessorImpl.java:62)
    at sun.reflect.DelegatingMethodAccessorImpl.invoke(DelegatingMethodAccessorImpl.java:43)
~ test_2(java_testcases.junit.PASCAL_Test)
[Index: 1, Size: 1]
java.lang.IndexOutOfBoundsException: Index: 1, Size: 1    at java.util.ArrayList.rangeCheck(ArrayList.java:657)
    at java.util.ArrayList.get(ArrayList.java:433)
    at java_programs.PASCAL.pascal(PASCAL.java:30)
    at java_testcases.junit.PASCAL_Test.test_2(PASCAL_Test.java:21)
    at sun.reflect.NativeMethodAccessorImpl.invoke0(Native Method)
    at sun.reflect.NativeMethodAccessorImpl.invoke(NativeMethodAccessorImpl.java:62)
~ test_3(java_testcases.junit.PASCAL_Test)
[Index: 1, Size: 1]
java.lang.IndexOutOfBoundsException: Index: 1, Size: 1    at java.util.ArrayList.rangeCheck(ArrayList.java:657)
    at java.util.ArrayList.get(ArrayList.java:433)
    at java_programs.PASCAL.pascal(PASCAL.java:30)
    at java_testcases.junit.PASCAL_Test.test_3(PASCAL_Test.java:28)
    at sun.reflect.NativeMethodAccessorImpl.invoke0(Native Method)
    at sun.reflect.NativeMethodAccessorImpl.invoke(NativeMethodAccessorImpl.java:62)
~ test_4(java_testcases.junit.PASCAL_Test)
[Index: 1, Size: 1]
java.lang.IndexOutOfBoundsException: Index: 1, Size: 1    at java.util.ArrayList.rangeCheck(ArrayList.java:657)
    at java.util.ArrayList.get(ArrayList.java:433)
    at java_programs.PASCAL.pascal(PASCAL.java:30)
    at java_testcases.junit.PASCAL_Test.test_4(PASCAL_Test.java:35)
    at sun.reflect.NativeMethodAccessorImpl.invoke0(Native Method)
    at sun.reflect.NativeMethodAccessorImpl.invoke(NativeMethodAccessorImpl.java:62)
~ test_1(java_testcases.junit.PASCAL_Test)
[expected:<[[1],[1[,1]]]> but was:<[[1],[1[]]]>]
org.junit.ComparisonFailure: expected:<[[1],[1[,1]]]> but was:<[[1],[1[]]]>    at org.junit.Assert.assertEquals(Assert.java:115)
    at org.junit.Assert.assertEquals(Assert.java:144)
    at java_testcases.junit.PASCAL_Test.test_1(PASCAL_Test.java:16)
    at sun.reflect.NativeMethodAccessorImpl.invoke0(Native Method)
    at sun.reflect.NativeMethodAccessorImpl.invoke(NativeMethodAccessorImpl.java:62)
    at sun.reflect.DelegatingMethodAccessorImpl.invoke(DelegatingMethodAccessorImpl.java:43)
~ test_2(java_testcases.junit.PASCAL_Test)
[Index: 1, Size: 1]
java.lang.IndexOutOfBoundsException: Index: 1, Size: 1    at java.util.ArrayList.rangeCheck(ArrayList.java:657)
    at java.util.ArrayList.get(ArrayList.java:433)
    at java_programs.PASCAL.pascal(PASCAL.java:30)
    at java_testcases.junit.PASCAL_Test.test_2(PASCAL_Test.java:21)
    at sun.reflect.NativeMethodAccessorImpl.invoke0(Native Method)
    at sun.reflect.NativeMethodAccessorImpl.invoke(NativeMethodAccessorImpl.java:62)
~ test_3(java_testcases.junit.PASCAL_Test)
[Index: 1, Size: 1]
java.lang.IndexOutOfBoundsException: Index: 1, Size: 1    at java.util.ArrayList.rangeCheck(ArrayList.java:657)
    at java.util.ArrayList.get(ArrayList.java:433)
    at java_programs.PASCAL.pascal(PASCAL.java:30)
    at java_testcases.junit.PASCAL_Test.test_3(PASCAL_Test.java:28)
    at sun.reflect.NativeMethodAccessorImpl.invoke0(Native Method)
    at sun.reflect.NativeMethodAccessorImpl.invoke(NativeMethodAccessorImpl.java:62)
~ test_4(java_testcases.junit.PASCAL_Test)
[Index: 1, Size: 1]
java.lang.IndexOutOfBoundsException: Index: 1, Size: 1    at java.util.ArrayList.rangeCheck(ArrayList.java:657)
    at java.util.ArrayList.get(ArrayList.java:433)
    at java_programs.PASCAL.pascal(PASCAL.java:30)
    at java_testcases.junit.PASCAL_Test.test_4(PASCAL_Test.java:35)
    at sun.reflect.NativeMethodAccessorImpl.invoke0(Native Method)
    at sun.reflect.NativeMethodAccessorImpl.invoke(NativeMethodAccessorImpl.java:62)
~ test_1(java_testcases.junit.PASCAL_Test)
[expected:<[[1],[1[,1]]]> but was:<[[1],[1[]]]>]
org.junit.ComparisonFailure: expected:<[[1],[1[,1]]]> but was:<[[1],[1[]]]>    at org.junit.Assert.assertEquals(Assert.java:115)
    at org.junit.Assert.assertEquals(Assert.java:144)
    at java_testcases.junit.PASCAL_Test.test_1(PASCAL_Test.java:16)
    at sun.reflect.NativeMethodAccessorImpl.invoke0(Native Method)
    at sun.reflect.NativeMethodAccessorImpl.invoke(NativeMethodAccessorImpl.java:62)
    at sun.reflect.DelegatingMethodAccessorImpl.invoke(DelegatingMethodAccessorImpl.java:43)
~ test_2(java_testcases.junit.PASCAL_Test)
[Index: 1, Size: 1]
java.lang.IndexOutOfBoundsException: Index: 1, Size: 1    at java.util.ArrayList.rangeCheck(ArrayList.java:657)
    at java.util.ArrayList.get(ArrayList.java:433)
    at java_programs.PASCAL.pascal(PASCAL.java:30)
    at java_testcases.junit.PASCAL_Test.test_2(PASCAL_Test.java:21)
    at sun.reflect.NativeMethodAccessorImpl.invoke0(Native Method)
    at sun.reflect.NativeMethodAccessorImpl.invoke(NativeMethodAccessorImpl.java:62)
~ test_3(java_testcases.junit.PASCAL_Test)
[Index: 1, Size: 1]
java.lang.IndexOutOfBoundsException: Index: 1, Size: 1    at java.util.ArrayList.rangeCheck(ArrayList.java:657)
    at java.util.ArrayList.get(ArrayList.java:433)
    at java_programs.PASCAL.pascal(PASCAL.java:30)
    at java_testcases.junit.PASCAL_Test.test_3(PASCAL_Test.java:28)
    at sun.reflect.NativeMethodAccessorImpl.invoke0(Native Method)
    at sun.reflect.NativeMethodAccessorImpl.invoke(NativeMethodAccessorImpl.java:62)
~ test_4(java_testcases.junit.PASCAL_Test)
[Index: 1, Size: 1]
java.lang.IndexOutOfBoundsException: Index: 1, Size: 1    at java.util.ArrayList.rangeCheck(ArrayList.java:657)
    at java.util.ArrayList.get(ArrayList.java:433)
    at java_programs.PASCAL.pascal(PASCAL.java:30)
    at java_testcases.junit.PASCAL_Test.test_4(PASCAL_Test.java:35)
    at sun.reflect.NativeMethodAccessorImpl.invoke0(Native Method)
    at sun.reflect.NativeMethodAccessorImpl.invoke(NativeMethodAccessorImpl.java:62)
~ test_1(java_testcases.junit.PASCAL_Test)
[expected:<[[1],[1[,1]]]> but was:<[[1],[1[]]]>]
org.junit.ComparisonFailure: expected:<[[1],[1[,1]]]> but was:<[[1],[1[]]]>    at org.junit.Assert.assertEquals(Assert.java:115)
    at org.junit.Assert.assertEquals(Assert.java:144)
    at java_testcases.junit.PASCAL_Test.test_1(PASCAL_Test.java:16)
    at sun.reflect.NativeMethodAccessorImpl.invoke0(Native Method)
    at sun.reflect.NativeMethodAccessorImpl.invoke(NativeMethodAccessorImpl.java:62)
    at sun.reflect.DelegatingMethodAccessorImpl.invoke(DelegatingMethodAccessorImpl.java:43)
~ test_2(java_testcases.junit.PASCAL_Test)
[Index: 1, Size: 1]
java.lang.IndexOutOfBoundsException: Index: 1, Size: 1    at java.util.ArrayList.rangeCheck(ArrayList.java:657)
    at java.util.ArrayList.get(ArrayList.java:433)
    at java_programs.PASCAL.pascal(PASCAL.java:30)
    at java_testcases.junit.PASCAL_Test.test_2(PASCAL_Test.java:21)
    at sun.reflect.NativeMethodAccessorImpl.invoke0(Native Method)
    at sun.reflect.NativeMethodAccessorImpl.invoke(NativeMethodAccessorImpl.java:62)
~ test_3(java_testcases.junit.PASCAL_Test)
[Index: 1, Size: 1]
java.lang.IndexOutOfBoundsException: Index: 1, Size: 1    at java.util.ArrayList.rangeCheck(ArrayList.java:657)
    at java.util.ArrayList.get(ArrayList.java:433)
    at java_programs.PASCAL.pascal(PASCAL.java:30)
    at java_testcases.junit.PASCAL_Test.test_3(PASCAL_Test.java:28)
    at sun.reflect.NativeMethodAccessorImpl.invoke0(Native Method)
    at sun.reflect.NativeMethodAccessorImpl.invoke(NativeMethodAccessorImpl.java:62)
~ test_4(java_testcases.junit.PASCAL_Test)
[Index: 1, Size: 1]
java.lang.IndexOutOfBoundsException: Index: 1, Size: 1    at java.util.ArrayList.rangeCheck(ArrayList.java:657)
    at java.util.ArrayList.get(ArrayList.java:433)
    at java_programs.PASCAL.pascal(PASCAL.java:30)
    at java_testcases.junit.PASCAL_Test.test_4(PASCAL_Test.java:35)
    at sun.reflect.NativeMethodAccessorImpl.invoke0(Native Method)
    at sun.reflect.NativeMethodAccessorImpl.invoke(NativeMethodAccessorImpl.java:62)

12:03:35.148 [pool-2-thread-1] DEBUG fr.inria.lille.repair.nopol.NoPol - statement #8
12:03:35.148 [pool-2-thread-1] DEBUG fr.inria.lille.repair.nopol.NoPol - Analysing SourceLocation java_programs.PASCAL:21 which is executed by 4 tests
-1942067219
12:03:35.180 [pool-2-thread-1] DEBUG fr.inria.lille.repair.nopol.NoPol - statement #9
12:03:35.181 [pool-2-thread-1] DEBUG fr.inria.lille.repair.nopol.NoPol - Analysing SourceLocation java_programs.PASCAL:20 which is executed by 5 tests
-1942067219
12:03:35.213 [pool-2-thread-1] DEBUG fr.inria.lille.repair.nopol.NoPol - looking with class fr.inria.lille.repair.nopol.spoon.smt.ConditionalAdder
org.junit.ComparisonFailure: expected:<[[1],[1[,1]]]> but was:<[[1],[1[]]]>
    at org.junit.Assert.assertEquals(Assert.java:115)
    at org.junit.Assert.assertEquals(Assert.java:144)
    at java_testcases.junit.PASCAL_Test.test_1(PASCAL_Test.java:16)
    at sun.reflect.NativeMethodAccessorImpl.invoke0(Native Method)
    at sun.reflect.NativeMethodAccessorImpl.invoke(NativeMethodAccessorImpl.java:62)
    at sun.reflect.DelegatingMethodAccessorImpl.invoke(DelegatingMethodAccessorImpl.java:43)
java.lang.IndexOutOfBoundsException: Index: 1, Size: 1
    at java.util.ArrayList.rangeCheck(ArrayList.java:657)
    at java.util.ArrayList.get(ArrayList.java:433)
    at java_programs.PASCAL.pascal(PASCAL.java:30)
    at java_testcases.junit.PASCAL_Test.test_2(PASCAL_Test.java:21)
    at sun.reflect.NativeMethodAccessorImpl.invoke0(Native Method)
    at sun.reflect.NativeMethodAccessorImpl.invoke(NativeMethodAccessorImpl.java:62)
java.lang.IndexOutOfBoundsException: Index: 1, Size: 1
    at java.util.ArrayList.rangeCheck(ArrayList.java:657)
    at java.util.ArrayList.get(ArrayList.java:433)
    at java_programs.PASCAL.pascal(PASCAL.java:30)
    at java_testcases.junit.PASCAL_Test.test_3(PASCAL_Test.java:28)
    at sun.reflect.NativeMethodAccessorImpl.invoke0(Native Method)
    at sun.reflect.NativeMethodAccessorImpl.invoke(NativeMethodAccessorImpl.java:62)
java.lang.IndexOutOfBoundsException: Index: 1, Size: 1
    at java.util.ArrayList.rangeCheck(ArrayList.java:657)
    at java.util.ArrayList.get(ArrayList.java:433)
    at java_programs.PASCAL.pascal(PASCAL.java:30)
    at java_testcases.junit.PASCAL_Test.test_4(PASCAL_Test.java:35)
    at sun.reflect.NativeMethodAccessorImpl.invoke0(Native Method)
    at sun.reflect.NativeMethodAccessorImpl.invoke(NativeMethodAccessorImpl.java:62)
org.junit.ComparisonFailure: expected:<[[1],[1[,1]]]> but was:<[[1],[1[]]]>
    at org.junit.Assert.assertEquals(Assert.java:115)
    at org.junit.Assert.assertEquals(Assert.java:144)
    at java_testcases.junit.PASCAL_Test.test_1(PASCAL_Test.java:16)
    at sun.reflect.NativeMethodAccessorImpl.invoke0(Native Method)
    at sun.reflect.NativeMethodAccessorImpl.invoke(NativeMethodAccessorImpl.java:62)
    at sun.reflect.DelegatingMethodAccessorImpl.invoke(DelegatingMethodAccessorImpl.java:43)
java.lang.IndexOutOfBoundsException: Index: 1, Size: 1
    at java.util.ArrayList.rangeCheck(ArrayList.java:657)
    at java.util.ArrayList.get(ArrayList.java:433)
    at java_programs.PASCAL.pascal(PASCAL.java:30)
    at java_testcases.junit.PASCAL_Test.test_2(PASCAL_Test.java:21)
    at sun.reflect.NativeMethodAccessorImpl.invoke0(Native Method)
    at sun.reflect.NativeMethodAccessorImpl.invoke(NativeMethodAccessorImpl.java:62)
java.lang.IndexOutOfBoundsException: Index: 1, Size: 1
    at java.util.ArrayList.rangeCheck(ArrayList.java:657)
    at java.util.ArrayList.get(ArrayList.java:433)
    at java_programs.PASCAL.pascal(PASCAL.java:30)
    at java_testcases.junit.PASCAL_Test.test_3(PASCAL_Test.java:28)
    at sun.reflect.NativeMethodAccessorImpl.invoke0(Native Method)
    at sun.reflect.NativeMethodAccessorImpl.invoke(NativeMethodAccessorImpl.java:62)
java.lang.IndexOutOfBoundsException: Index: 1, Size: 1
    at java.util.ArrayList.rangeCheck(ArrayList.java:657)
    at java.util.ArrayList.get(ArrayList.java:433)
    at java_programs.PASCAL.pascal(PASCAL.java:30)
    at java_testcases.junit.PASCAL_Test.test_4(PASCAL_Test.java:35)
    at sun.reflect.NativeMethodAccessorImpl.invoke0(Native Method)
    at sun.reflect.NativeMethodAccessorImpl.invoke(NativeMethodAccessorImpl.java:62)
org.junit.ComparisonFailure: expected:<[[1],[1[,1]]]> but was:<[[1],[1[]]]>
    at org.junit.Assert.assertEquals(Assert.java:115)
    at org.junit.Assert.assertEquals(Assert.java:144)
    at java_testcases.junit.PASCAL_Test.test_1(PASCAL_Test.java:16)
    at sun.reflect.NativeMethodAccessorImpl.invoke0(Native Method)
    at sun.reflect.NativeMethodAccessorImpl.invoke(NativeMethodAccessorImpl.java:62)
    at sun.reflect.DelegatingMethodAccessorImpl.invoke(DelegatingMethodAccessorImpl.java:43)
java.lang.IndexOutOfBoundsException: Index: 1, Size: 1
    at java.util.ArrayList.rangeCheck(ArrayList.java:657)
    at java.util.ArrayList.get(ArrayList.java:433)
    at java_programs.PASCAL.pascal(PASCAL.java:30)
    at java_testcases.junit.PASCAL_Test.test_2(PASCAL_Test.java:21)
    at sun.reflect.NativeMethodAccessorImpl.invoke0(Native Method)
    at sun.reflect.NativeMethodAccessorImpl.invoke(NativeMethodAccessorImpl.java:62)
java.lang.IndexOutOfBoundsException: Index: 1, Size: 1
    at java.util.ArrayList.rangeCheck(ArrayList.java:657)
    at java.util.ArrayList.get(ArrayList.java:433)
    at java_programs.PASCAL.pascal(PASCAL.java:30)
    at java_testcases.junit.PASCAL_Test.test_3(PASCAL_Test.java:28)
    at sun.reflect.NativeMethodAccessorImpl.invoke0(Native Method)
    at sun.reflect.NativeMethodAccessorImpl.invoke(NativeMethodAccessorImpl.java:62)
java.lang.IndexOutOfBoundsException: Index: 1, Size: 1
    at java.util.ArrayList.rangeCheck(ArrayList.java:657)
    at java.util.ArrayList.get(ArrayList.java:433)
    at java_programs.PASCAL.pascal(PASCAL.java:30)
    at java_testcases.junit.PASCAL_Test.test_4(PASCAL_Test.java:35)
    at sun.reflect.NativeMethodAccessorImpl.invoke0(Native Method)
    at sun.reflect.NativeMethodAccessorImpl.invoke(NativeMethodAccessorImpl.java:62)
org.junit.ComparisonFailure: expected:<[[1],[1[,1]]]> but was:<[[1],[1[]]]>
    at org.junit.Assert.assertEquals(Assert.java:115)
    at org.junit.Assert.assertEquals(Assert.java:144)
    at java_testcases.junit.PASCAL_Test.test_1(PASCAL_Test.java:16)
    at sun.reflect.NativeMethodAccessorImpl.invoke0(Native Method)
    at sun.reflect.NativeMethodAccessorImpl.invoke(NativeMethodAccessorImpl.java:62)
    at sun.reflect.DelegatingMethodAccessorImpl.invoke(DelegatingMethodAccessorImpl.java:43)
java.lang.IndexOutOfBoundsException: Index: 1, Size: 1
    at java.util.ArrayList.rangeCheck(ArrayList.java:657)
    at java.util.ArrayList.get(ArrayList.java:433)
    at java_programs.PASCAL.pascal(PASCAL.java:30)
    at java_testcases.junit.PASCAL_Test.test_2(PASCAL_Test.java:21)
    at sun.reflect.NativeMethodAccessorImpl.invoke0(Native Method)
    at sun.reflect.NativeMethodAccessorImpl.invoke(NativeMethodAccessorImpl.java:62)
java.lang.IndexOutOfBoundsException: Index: 1, Size: 1
    at java.util.ArrayList.rangeCheck(ArrayList.java:657)
    at java.util.ArrayList.get(ArrayList.java:433)
    at java_programs.PASCAL.pascal(PASCAL.java:30)
    at java_testcases.junit.PASCAL_Test.test_3(PASCAL_Test.java:28)
    at sun.reflect.NativeMethodAccessorImpl.invoke0(Native Method)
    at sun.reflect.NativeMethodAccessorImpl.invoke(NativeMethodAccessorImpl.java:62)
java.lang.IndexOutOfBoundsException: Index: 1, Size: 1
    at java.util.ArrayList.rangeCheck(ArrayList.java:657)
    at java.util.ArrayList.get(ArrayList.java:433)
    at java_programs.PASCAL.pascal(PASCAL.java:30)
    at java_testcases.junit.PASCAL_Test.test_4(PASCAL_Test.java:35)
    at sun.reflect.NativeMethodAccessorImpl.invoke0(Native Method)
    at sun.reflect.NativeMethodAccessorImpl.invoke(NativeMethodAccessorImpl.java:62)
12:03:35.223 [pool-62-thread-1] INFO  xxl.java.junit.TestCasesListener - Tests run finished (8 ms)
<> Total tests run: 20
<> Ignored tests: 0
<> Failed tests: 16
~ test_1(java_testcases.junit.PASCAL_Test)
[expected:<[[1],[1[,1]]]> but was:<[[1],[1[]]]>]
org.junit.ComparisonFailure: expected:<[[1],[1[,1]]]> but was:<[[1],[1[]]]>    at org.junit.Assert.assertEquals(Assert.java:115)
    at org.junit.Assert.assertEquals(Assert.java:144)
    at java_testcases.junit.PASCAL_Test.test_1(PASCAL_Test.java:16)
    at sun.reflect.NativeMethodAccessorImpl.invoke0(Native Method)
    at sun.reflect.NativeMethodAccessorImpl.invoke(NativeMethodAccessorImpl.java:62)
    at sun.reflect.DelegatingMethodAccessorImpl.invoke(DelegatingMethodAccessorImpl.java:43)
~ test_2(java_testcases.junit.PASCAL_Test)
[Index: 1, Size: 1]
java.lang.IndexOutOfBoundsException: Index: 1, Size: 1    at java.util.ArrayList.rangeCheck(ArrayList.java:657)
    at java.util.ArrayList.get(ArrayList.java:433)
    at java_programs.PASCAL.pascal(PASCAL.java:30)
    at java_testcases.junit.PASCAL_Test.test_2(PASCAL_Test.java:21)
    at sun.reflect.NativeMethodAccessorImpl.invoke0(Native Method)
    at sun.reflect.NativeMethodAccessorImpl.invoke(NativeMethodAccessorImpl.java:62)
~ test_3(java_testcases.junit.PASCAL_Test)
[Index: 1, Size: 1]
java.lang.IndexOutOfBoundsException: Index: 1, Size: 1    at java.util.ArrayList.rangeCheck(ArrayList.java:657)
    at java.util.ArrayList.get(ArrayList.java:433)
    at java_programs.PASCAL.pascal(PASCAL.java:30)
    at java_testcases.junit.PASCAL_Test.test_3(PASCAL_Test.java:28)
    at sun.reflect.NativeMethodAccessorImpl.invoke0(Native Method)
    at sun.reflect.NativeMethodAccessorImpl.invoke(NativeMethodAccessorImpl.java:62)
~ test_4(java_testcases.junit.PASCAL_Test)
[Index: 1, Size: 1]
java.lang.IndexOutOfBoundsException: Index: 1, Size: 1    at java.util.ArrayList.rangeCheck(ArrayList.java:657)
    at java.util.ArrayList.get(ArrayList.java:433)
    at java_programs.PASCAL.pascal(PASCAL.java:30)
    at java_testcases.junit.PASCAL_Test.test_4(PASCAL_Test.java:35)
    at sun.reflect.NativeMethodAccessorImpl.invoke0(Native Method)
    at sun.reflect.NativeMethodAccessorImpl.invoke(NativeMethodAccessorImpl.java:62)
~ test_1(java_testcases.junit.PASCAL_Test)
[expected:<[[1],[1[,1]]]> but was:<[[1],[1[]]]>]
org.junit.ComparisonFailure: expected:<[[1],[1[,1]]]> but was:<[[1],[1[]]]>    at org.junit.Assert.assertEquals(Assert.java:115)
    at org.junit.Assert.assertEquals(Assert.java:144)
    at java_testcases.junit.PASCAL_Test.test_1(PASCAL_Test.java:16)
    at sun.reflect.NativeMethodAccessorImpl.invoke0(Native Method)
    at sun.reflect.NativeMethodAccessorImpl.invoke(NativeMethodAccessorImpl.java:62)
    at sun.reflect.DelegatingMethodAccessorImpl.invoke(DelegatingMethodAccessorImpl.java:43)
~ test_2(java_testcases.junit.PASCAL_Test)
[Index: 1, Size: 1]
java.lang.IndexOutOfBoundsException: Index: 1, Size: 1    at java.util.ArrayList.rangeCheck(ArrayList.java:657)
    at java.util.ArrayList.get(ArrayList.java:433)
    at java_programs.PASCAL.pascal(PASCAL.java:30)
    at java_testcases.junit.PASCAL_Test.test_2(PASCAL_Test.java:21)
    at sun.reflect.NativeMethodAccessorImpl.invoke0(Native Method)
    at sun.reflect.NativeMethodAccessorImpl.invoke(NativeMethodAccessorImpl.java:62)
~ test_3(java_testcases.junit.PASCAL_Test)
[Index: 1, Size: 1]
java.lang.IndexOutOfBoundsException: Index: 1, Size: 1    at java.util.ArrayList.rangeCheck(ArrayList.java:657)
    at java.util.ArrayList.get(ArrayList.java:433)
    at java_programs.PASCAL.pascal(PASCAL.java:30)
    at java_testcases.junit.PASCAL_Test.test_3(PASCAL_Test.java:28)
    at sun.reflect.NativeMethodAccessorImpl.invoke0(Native Method)
    at sun.reflect.NativeMethodAccessorImpl.invoke(NativeMethodAccessorImpl.java:62)
~ test_4(java_testcases.junit.PASCAL_Test)
[Index: 1, Size: 1]
java.lang.IndexOutOfBoundsException: Index: 1, Size: 1    at java.util.ArrayList.rangeCheck(ArrayList.java:657)
    at java.util.ArrayList.get(ArrayList.java:433)
    at java_programs.PASCAL.pascal(PASCAL.java:30)
    at java_testcases.junit.PASCAL_Test.test_4(PASCAL_Test.java:35)
    at sun.reflect.NativeMethodAccessorImpl.invoke0(Native Method)
    at sun.reflect.NativeMethodAccessorImpl.invoke(NativeMethodAccessorImpl.java:62)
~ test_1(java_testcases.junit.PASCAL_Test)
[expected:<[[1],[1[,1]]]> but was:<[[1],[1[]]]>]
org.junit.ComparisonFailure: expected:<[[1],[1[,1]]]> but was:<[[1],[1[]]]>    at org.junit.Assert.assertEquals(Assert.java:115)
    at org.junit.Assert.assertEquals(Assert.java:144)
    at java_testcases.junit.PASCAL_Test.test_1(PASCAL_Test.java:16)
    at sun.reflect.NativeMethodAccessorImpl.invoke0(Native Method)
    at sun.reflect.NativeMethodAccessorImpl.invoke(NativeMethodAccessorImpl.java:62)
    at sun.reflect.DelegatingMethodAccessorImpl.invoke(DelegatingMethodAccessorImpl.java:43)
~ test_2(java_testcases.junit.PASCAL_Test)
[Index: 1, Size: 1]
java.lang.IndexOutOfBoundsException: Index: 1, Size: 1    at java.util.ArrayList.rangeCheck(ArrayList.java:657)
    at java.util.ArrayList.get(ArrayList.java:433)
    at java_programs.PASCAL.pascal(PASCAL.java:30)
    at java_testcases.junit.PASCAL_Test.test_2(PASCAL_Test.java:21)
    at sun.reflect.NativeMethodAccessorImpl.invoke0(Native Method)
    at sun.reflect.NativeMethodAccessorImpl.invoke(NativeMethodAccessorImpl.java:62)
~ test_3(java_testcases.junit.PASCAL_Test)
[Index: 1, Size: 1]
java.lang.IndexOutOfBoundsException: Index: 1, Size: 1    at java.util.ArrayList.rangeCheck(ArrayList.java:657)
    at java.util.ArrayList.get(ArrayList.java:433)
    at java_programs.PASCAL.pascal(PASCAL.java:30)
    at java_testcases.junit.PASCAL_Test.test_3(PASCAL_Test.java:28)
    at sun.reflect.NativeMethodAccessorImpl.invoke0(Native Method)
    at sun.reflect.NativeMethodAccessorImpl.invoke(NativeMethodAccessorImpl.java:62)
~ test_4(java_testcases.junit.PASCAL_Test)
[Index: 1, Size: 1]
java.lang.IndexOutOfBoundsException: Index: 1, Size: 1    at java.util.ArrayList.rangeCheck(ArrayList.java:657)
    at java.util.ArrayList.get(ArrayList.java:433)
    at java_programs.PASCAL.pascal(PASCAL.java:30)
    at java_testcases.junit.PASCAL_Test.test_4(PASCAL_Test.java:35)
    at sun.reflect.NativeMethodAccessorImpl.invoke0(Native Method)
    at sun.reflect.NativeMethodAccessorImpl.invoke(NativeMethodAccessorImpl.java:62)
~ test_1(java_testcases.junit.PASCAL_Test)
[expected:<[[1],[1[,1]]]> but was:<[[1],[1[]]]>]
org.junit.ComparisonFailure: expected:<[[1],[1[,1]]]> but was:<[[1],[1[]]]>    at org.junit.Assert.assertEquals(Assert.java:115)
    at org.junit.Assert.assertEquals(Assert.java:144)
    at java_testcases.junit.PASCAL_Test.test_1(PASCAL_Test.java:16)
    at sun.reflect.NativeMethodAccessorImpl.invoke0(Native Method)
    at sun.reflect.NativeMethodAccessorImpl.invoke(NativeMethodAccessorImpl.java:62)
    at sun.reflect.DelegatingMethodAccessorImpl.invoke(DelegatingMethodAccessorImpl.java:43)
~ test_2(java_testcases.junit.PASCAL_Test)
[Index: 1, Size: 1]
java.lang.IndexOutOfBoundsException: Index: 1, Size: 1    at java.util.ArrayList.rangeCheck(ArrayList.java:657)
    at java.util.ArrayList.get(ArrayList.java:433)
    at java_programs.PASCAL.pascal(PASCAL.java:30)
    at java_testcases.junit.PASCAL_Test.test_2(PASCAL_Test.java:21)
    at sun.reflect.NativeMethodAccessorImpl.invoke0(Native Method)
    at sun.reflect.NativeMethodAccessorImpl.invoke(NativeMethodAccessorImpl.java:62)
~ test_3(java_testcases.junit.PASCAL_Test)
[Index: 1, Size: 1]
java.lang.IndexOutOfBoundsException: Index: 1, Size: 1    at java.util.ArrayList.rangeCheck(ArrayList.java:657)
    at java.util.ArrayList.get(ArrayList.java:433)
    at java_programs.PASCAL.pascal(PASCAL.java:30)
    at java_testcases.junit.PASCAL_Test.test_3(PASCAL_Test.java:28)
    at sun.reflect.NativeMethodAccessorImpl.invoke0(Native Method)
    at sun.reflect.NativeMethodAccessorImpl.invoke(NativeMethodAccessorImpl.java:62)
~ test_4(java_testcases.junit.PASCAL_Test)
[Index: 1, Size: 1]
java.lang.IndexOutOfBoundsException: Index: 1, Size: 1    at java.util.ArrayList.rangeCheck(ArrayList.java:657)
    at java.util.ArrayList.get(ArrayList.java:433)
    at java_programs.PASCAL.pascal(PASCAL.java:30)
    at java_testcases.junit.PASCAL_Test.test_4(PASCAL_Test.java:35)
    at sun.reflect.NativeMethodAccessorImpl.invoke0(Native Method)
    at sun.reflect.NativeMethodAccessorImpl.invoke(NativeMethodAccessorImpl.java:62)

12:03:35.283 [pool-2-thread-1] DEBUG fr.inria.lille.repair.nopol.NoPol - statement #10
12:03:35.283 [pool-2-thread-1] DEBUG fr.inria.lille.repair.nopol.NoPol - Analysing SourceLocation java_programs.PASCAL:18 which is executed by 5 tests
-1942067219
12:03:35.316 [pool-2-thread-1] DEBUG fr.inria.lille.repair.nopol.NoPol - looking with class fr.inria.lille.repair.nopol.spoon.smt.ConditionalAdder
org.junit.ComparisonFailure: expected:<[[1],[1[,1]]]> but was:<[[1],[1[]]]>
    at org.junit.Assert.assertEquals(Assert.java:115)
    at org.junit.Assert.assertEquals(Assert.java:144)
    at java_testcases.junit.PASCAL_Test.test_1(PASCAL_Test.java:16)
    at sun.reflect.NativeMethodAccessorImpl.invoke0(Native Method)
    at sun.reflect.NativeMethodAccessorImpl.invoke(NativeMethodAccessorImpl.java:62)
    at sun.reflect.DelegatingMethodAccessorImpl.invoke(DelegatingMethodAccessorImpl.java:43)
java.lang.IndexOutOfBoundsException: Index: 1, Size: 1
    at java.util.ArrayList.rangeCheck(ArrayList.java:657)
    at java.util.ArrayList.get(ArrayList.java:433)
    at java_programs.PASCAL.pascal(PASCAL.java:30)
    at java_testcases.junit.PASCAL_Test.test_2(PASCAL_Test.java:21)
    at sun.reflect.NativeMethodAccessorImpl.invoke0(Native Method)
    at sun.reflect.NativeMethodAccessorImpl.invoke(NativeMethodAccessorImpl.java:62)
java.lang.IndexOutOfBoundsException: Index: 1, Size: 1
    at java.util.ArrayList.rangeCheck(ArrayList.java:657)
    at java.util.ArrayList.get(ArrayList.java:433)
    at java_programs.PASCAL.pascal(PASCAL.java:30)
    at java_testcases.junit.PASCAL_Test.test_3(PASCAL_Test.java:28)
    at sun.reflect.NativeMethodAccessorImpl.invoke0(Native Method)
    at sun.reflect.NativeMethodAccessorImpl.invoke(NativeMethodAccessorImpl.java:62)
java.lang.IndexOutOfBoundsException: Index: 1, Size: 1
    at java.util.ArrayList.rangeCheck(ArrayList.java:657)
    at java.util.ArrayList.get(ArrayList.java:433)
    at java_programs.PASCAL.pascal(PASCAL.java:30)
    at java_testcases.junit.PASCAL_Test.test_4(PASCAL_Test.java:35)
    at sun.reflect.NativeMethodAccessorImpl.invoke0(Native Method)
    at sun.reflect.NativeMethodAccessorImpl.invoke(NativeMethodAccessorImpl.java:62)
org.junit.ComparisonFailure: expected:<[[1],[1[,1]]]> but was:<[[1],[1[]]]>
    at org.junit.Assert.assertEquals(Assert.java:115)
    at org.junit.Assert.assertEquals(Assert.java:144)
    at java_testcases.junit.PASCAL_Test.test_1(PASCAL_Test.java:16)
    at sun.reflect.NativeMethodAccessorImpl.invoke0(Native Method)
    at sun.reflect.NativeMethodAccessorImpl.invoke(NativeMethodAccessorImpl.java:62)
    at sun.reflect.DelegatingMethodAccessorImpl.invoke(DelegatingMethodAccessorImpl.java:43)
java.lang.IndexOutOfBoundsException: Index: 1, Size: 1
    at java.util.ArrayList.rangeCheck(ArrayList.java:657)
    at java.util.ArrayList.get(ArrayList.java:433)
    at java_programs.PASCAL.pascal(PASCAL.java:30)
    at java_testcases.junit.PASCAL_Test.test_2(PASCAL_Test.java:21)
    at sun.reflect.NativeMethodAccessorImpl.invoke0(Native Method)
    at sun.reflect.NativeMethodAccessorImpl.invoke(NativeMethodAccessorImpl.java:62)
java.lang.IndexOutOfBoundsException: Index: 1, Size: 1
    at java.util.ArrayList.rangeCheck(ArrayList.java:657)
    at java.util.ArrayList.get(ArrayList.java:433)
    at java_programs.PASCAL.pascal(PASCAL.java:30)
    at java_testcases.junit.PASCAL_Test.test_3(PASCAL_Test.java:28)
    at sun.reflect.NativeMethodAccessorImpl.invoke0(Native Method)
    at sun.reflect.NativeMethodAccessorImpl.invoke(NativeMethodAccessorImpl.java:62)
java.lang.IndexOutOfBoundsException: Index: 1, Size: 1
    at java.util.ArrayList.rangeCheck(ArrayList.java:657)
    at java.util.ArrayList.get(ArrayList.java:433)
    at java_programs.PASCAL.pascal(PASCAL.java:30)
    at java_testcases.junit.PASCAL_Test.test_4(PASCAL_Test.java:35)
    at sun.reflect.NativeMethodAccessorImpl.invoke0(Native Method)
    at sun.reflect.NativeMethodAccessorImpl.invoke(NativeMethodAccessorImpl.java:62)
org.junit.ComparisonFailure: expected:<[[1],[1[,1]]]> but was:<[[1],[1[]]]>
    at org.junit.Assert.assertEquals(Assert.java:115)
    at org.junit.Assert.assertEquals(Assert.java:144)
    at java_testcases.junit.PASCAL_Test.test_1(PASCAL_Test.java:16)
    at sun.reflect.NativeMethodAccessorImpl.invoke0(Native Method)
    at sun.reflect.NativeMethodAccessorImpl.invoke(NativeMethodAccessorImpl.java:62)
    at sun.reflect.DelegatingMethodAccessorImpl.invoke(DelegatingMethodAccessorImpl.java:43)
java.lang.IndexOutOfBoundsException: Index: 1, Size: 1
    at java.util.ArrayList.rangeCheck(ArrayList.java:657)
    at java.util.ArrayList.get(ArrayList.java:433)
    at java_programs.PASCAL.pascal(PASCAL.java:30)
    at java_testcases.junit.PASCAL_Test.test_2(PASCAL_Test.java:21)
    at sun.reflect.NativeMethodAccessorImpl.invoke0(Native Method)
    at sun.reflect.NativeMethodAccessorImpl.invoke(NativeMethodAccessorImpl.java:62)
java.lang.IndexOutOfBoundsException: Index: 1, Size: 1
    at java.util.ArrayList.rangeCheck(ArrayList.java:657)
    at java.util.ArrayList.get(ArrayList.java:433)
    at java_programs.PASCAL.pascal(PASCAL.java:30)
    at java_testcases.junit.PASCAL_Test.test_3(PASCAL_Test.java:28)
    at sun.reflect.NativeMethodAccessorImpl.invoke0(Native Method)
    at sun.reflect.NativeMethodAccessorImpl.invoke(NativeMethodAccessorImpl.java:62)
java.lang.IndexOutOfBoundsException: Index: 1, Size: 1
    at java.util.ArrayList.rangeCheck(ArrayList.java:657)
    at java.util.ArrayList.get(ArrayList.java:433)
    at java_programs.PASCAL.pascal(PASCAL.java:30)
    at java_testcases.junit.PASCAL_Test.test_4(PASCAL_Test.java:35)
    at sun.reflect.NativeMethodAccessorImpl.invoke0(Native Method)
    at sun.reflect.NativeMethodAccessorImpl.invoke(NativeMethodAccessorImpl.java:62)
org.junit.ComparisonFailure: expected:<[[1],[1[,1]]]> but was:<[[1],[1[]]]>
    at org.junit.Assert.assertEquals(Assert.java:115)
    at org.junit.Assert.assertEquals(Assert.java:144)
    at java_testcases.junit.PASCAL_Test.test_1(PASCAL_Test.java:16)
    at sun.reflect.NativeMethodAccessorImpl.invoke0(Native Method)
    at sun.reflect.NativeMethodAccessorImpl.invoke(NativeMethodAccessorImpl.java:62)
    at sun.reflect.DelegatingMethodAccessorImpl.invoke(DelegatingMethodAccessorImpl.java:43)
java.lang.IndexOutOfBoundsException: Index: 1, Size: 1
    at java.util.ArrayList.rangeCheck(ArrayList.java:657)
    at java.util.ArrayList.get(ArrayList.java:433)
    at java_programs.PASCAL.pascal(PASCAL.java:30)
    at java_testcases.junit.PASCAL_Test.test_2(PASCAL_Test.java:21)
    at sun.reflect.NativeMethodAccessorImpl.invoke0(Native Method)
    at sun.reflect.NativeMethodAccessorImpl.invoke(NativeMethodAccessorImpl.java:62)
java.lang.IndexOutOfBoundsException: Index: 1, Size: 1
    at java.util.ArrayList.rangeCheck(ArrayList.java:657)
    at java.util.ArrayList.get(ArrayList.java:433)
    at java_programs.PASCAL.pascal(PASCAL.java:30)
    at java_testcases.junit.PASCAL_Test.test_3(PASCAL_Test.java:28)
    at sun.reflect.NativeMethodAccessorImpl.invoke0(Native Method)
    at sun.reflect.NativeMethodAccessorImpl.invoke(NativeMethodAccessorImpl.java:62)
java.lang.IndexOutOfBoundsException: Index: 1, Size: 1
    at java.util.ArrayList.rangeCheck(ArrayList.java:657)
    at java.util.ArrayList.get(ArrayList.java:433)
    at java_programs.PASCAL.pascal(PASCAL.java:30)
    at java_testcases.junit.PASCAL_Test.test_4(PASCAL_Test.java:35)
    at sun.reflect.NativeMethodAccessorImpl.invoke0(Native Method)
    at sun.reflect.NativeMethodAccessorImpl.invoke(NativeMethodAccessorImpl.java:62)
12:03:35.327 [pool-72-thread-1] INFO  xxl.java.junit.TestCasesListener - Tests run finished (8 ms)
<> Total tests run: 20
<> Ignored tests: 0
<> Failed tests: 16
~ test_1(java_testcases.junit.PASCAL_Test)
[expected:<[[1],[1[,1]]]> but was:<[[1],[1[]]]>]
org.junit.ComparisonFailure: expected:<[[1],[1[,1]]]> but was:<[[1],[1[]]]>    at org.junit.Assert.assertEquals(Assert.java:115)
    at org.junit.Assert.assertEquals(Assert.java:144)
    at java_testcases.junit.PASCAL_Test.test_1(PASCAL_Test.java:16)
    at sun.reflect.NativeMethodAccessorImpl.invoke0(Native Method)
    at sun.reflect.NativeMethodAccessorImpl.invoke(NativeMethodAccessorImpl.java:62)
    at sun.reflect.DelegatingMethodAccessorImpl.invoke(DelegatingMethodAccessorImpl.java:43)
~ test_2(java_testcases.junit.PASCAL_Test)
[Index: 1, Size: 1]
java.lang.IndexOutOfBoundsException: Index: 1, Size: 1    at java.util.ArrayList.rangeCheck(ArrayList.java:657)
    at java.util.ArrayList.get(ArrayList.java:433)
    at java_programs.PASCAL.pascal(PASCAL.java:30)
    at java_testcases.junit.PASCAL_Test.test_2(PASCAL_Test.java:21)
    at sun.reflect.NativeMethodAccessorImpl.invoke0(Native Method)
    at sun.reflect.NativeMethodAccessorImpl.invoke(NativeMethodAccessorImpl.java:62)
~ test_3(java_testcases.junit.PASCAL_Test)
[Index: 1, Size: 1]
java.lang.IndexOutOfBoundsException: Index: 1, Size: 1    at java.util.ArrayList.rangeCheck(ArrayList.java:657)
    at java.util.ArrayList.get(ArrayList.java:433)
    at java_programs.PASCAL.pascal(PASCAL.java:30)
    at java_testcases.junit.PASCAL_Test.test_3(PASCAL_Test.java:28)
    at sun.reflect.NativeMethodAccessorImpl.invoke0(Native Method)
    at sun.reflect.NativeMethodAccessorImpl.invoke(NativeMethodAccessorImpl.java:62)
~ test_4(java_testcases.junit.PASCAL_Test)
[Index: 1, Size: 1]
java.lang.IndexOutOfBoundsException: Index: 1, Size: 1    at java.util.ArrayList.rangeCheck(ArrayList.java:657)
    at java.util.ArrayList.get(ArrayList.java:433)
    at java_programs.PASCAL.pascal(PASCAL.java:30)
    at java_testcases.junit.PASCAL_Test.test_4(PASCAL_Test.java:35)
    at sun.reflect.NativeMethodAccessorImpl.invoke0(Native Method)
    at sun.reflect.NativeMethodAccessorImpl.invoke(NativeMethodAccessorImpl.java:62)
~ test_1(java_testcases.junit.PASCAL_Test)
[expected:<[[1],[1[,1]]]> but was:<[[1],[1[]]]>]
org.junit.ComparisonFailure: expected:<[[1],[1[,1]]]> but was:<[[1],[1[]]]>    at org.junit.Assert.assertEquals(Assert.java:115)
    at org.junit.Assert.assertEquals(Assert.java:144)
    at java_testcases.junit.PASCAL_Test.test_1(PASCAL_Test.java:16)
    at sun.reflect.NativeMethodAccessorImpl.invoke0(Native Method)
    at sun.reflect.NativeMethodAccessorImpl.invoke(NativeMethodAccessorImpl.java:62)
    at sun.reflect.DelegatingMethodAccessorImpl.invoke(DelegatingMethodAccessorImpl.java:43)
~ test_2(java_testcases.junit.PASCAL_Test)
[Index: 1, Size: 1]
java.lang.IndexOutOfBoundsException: Index: 1, Size: 1    at java.util.ArrayList.rangeCheck(ArrayList.java:657)
    at java.util.ArrayList.get(ArrayList.java:433)
    at java_programs.PASCAL.pascal(PASCAL.java:30)
    at java_testcases.junit.PASCAL_Test.test_2(PASCAL_Test.java:21)
    at sun.reflect.NativeMethodAccessorImpl.invoke0(Native Method)
    at sun.reflect.NativeMethodAccessorImpl.invoke(NativeMethodAccessorImpl.java:62)
~ test_3(java_testcases.junit.PASCAL_Test)
[Index: 1, Size: 1]
java.lang.IndexOutOfBoundsException: Index: 1, Size: 1    at java.util.ArrayList.rangeCheck(ArrayList.java:657)
    at java.util.ArrayList.get(ArrayList.java:433)
    at java_programs.PASCAL.pascal(PASCAL.java:30)
    at java_testcases.junit.PASCAL_Test.test_3(PASCAL_Test.java:28)
    at sun.reflect.NativeMethodAccessorImpl.invoke0(Native Method)
    at sun.reflect.NativeMethodAccessorImpl.invoke(NativeMethodAccessorImpl.java:62)
~ test_4(java_testcases.junit.PASCAL_Test)
[Index: 1, Size: 1]
java.lang.IndexOutOfBoundsException: Index: 1, Size: 1    at java.util.ArrayList.rangeCheck(ArrayList.java:657)
    at java.util.ArrayList.get(ArrayList.java:433)
    at java_programs.PASCAL.pascal(PASCAL.java:30)
    at java_testcases.junit.PASCAL_Test.test_4(PASCAL_Test.java:35)
    at sun.reflect.NativeMethodAccessorImpl.invoke0(Native Method)
    at sun.reflect.NativeMethodAccessorImpl.invoke(NativeMethodAccessorImpl.java:62)
~ test_1(java_testcases.junit.PASCAL_Test)
[expected:<[[1],[1[,1]]]> but was:<[[1],[1[]]]>]
org.junit.ComparisonFailure: expected:<[[1],[1[,1]]]> but was:<[[1],[1[]]]>    at org.junit.Assert.assertEquals(Assert.java:115)
    at org.junit.Assert.assertEquals(Assert.java:144)
    at java_testcases.junit.PASCAL_Test.test_1(PASCAL_Test.java:16)
    at sun.reflect.NativeMethodAccessorImpl.invoke0(Native Method)
    at sun.reflect.NativeMethodAccessorImpl.invoke(NativeMethodAccessorImpl.java:62)
    at sun.reflect.DelegatingMethodAccessorImpl.invoke(DelegatingMethodAccessorImpl.java:43)
~ test_2(java_testcases.junit.PASCAL_Test)
[Index: 1, Size: 1]
java.lang.IndexOutOfBoundsException: Index: 1, Size: 1    at java.util.ArrayList.rangeCheck(ArrayList.java:657)
    at java.util.ArrayList.get(ArrayList.java:433)
    at java_programs.PASCAL.pascal(PASCAL.java:30)
    at java_testcases.junit.PASCAL_Test.test_2(PASCAL_Test.java:21)
    at sun.reflect.NativeMethodAccessorImpl.invoke0(Native Method)
    at sun.reflect.NativeMethodAccessorImpl.invoke(NativeMethodAccessorImpl.java:62)
~ test_3(java_testcases.junit.PASCAL_Test)
[Index: 1, Size: 1]
java.lang.IndexOutOfBoundsException: Index: 1, Size: 1    at java.util.ArrayList.rangeCheck(ArrayList.java:657)
    at java.util.ArrayList.get(ArrayList.java:433)
    at java_programs.PASCAL.pascal(PASCAL.java:30)
    at java_testcases.junit.PASCAL_Test.test_3(PASCAL_Test.java:28)
    at sun.reflect.NativeMethodAccessorImpl.invoke0(Native Method)
    at sun.reflect.NativeMethodAccessorImpl.invoke(NativeMethodAccessorImpl.java:62)
~ test_4(java_testcases.junit.PASCAL_Test)
[Index: 1, Size: 1]
java.lang.IndexOutOfBoundsException: Index: 1, Size: 1    at java.util.ArrayList.rangeCheck(ArrayList.java:657)
    at java.util.ArrayList.get(ArrayList.java:433)
    at java_programs.PASCAL.pascal(PASCAL.java:30)
    at java_testcases.junit.PASCAL_Test.test_4(PASCAL_Test.java:35)
    at sun.reflect.NativeMethodAccessorImpl.invoke0(Native Method)
    at sun.reflect.NativeMethodAccessorImpl.invoke(NativeMethodAccessorImpl.java:62)
~ test_1(java_testcases.junit.PASCAL_Test)
[expected:<[[1],[1[,1]]]> but was:<[[1],[1[]]]>]
org.junit.ComparisonFailure: expected:<[[1],[1[,1]]]> but was:<[[1],[1[]]]>    at org.junit.Assert.assertEquals(Assert.java:115)
    at org.junit.Assert.assertEquals(Assert.java:144)
    at java_testcases.junit.PASCAL_Test.test_1(PASCAL_Test.java:16)
    at sun.reflect.NativeMethodAccessorImpl.invoke0(Native Method)
    at sun.reflect.NativeMethodAccessorImpl.invoke(NativeMethodAccessorImpl.java:62)
    at sun.reflect.DelegatingMethodAccessorImpl.invoke(DelegatingMethodAccessorImpl.java:43)
~ test_2(java_testcases.junit.PASCAL_Test)
[Index: 1, Size: 1]
java.lang.IndexOutOfBoundsException: Index: 1, Size: 1    at java.util.ArrayList.rangeCheck(ArrayList.java:657)
    at java.util.ArrayList.get(ArrayList.java:433)
    at java_programs.PASCAL.pascal(PASCAL.java:30)
    at java_testcases.junit.PASCAL_Test.test_2(PASCAL_Test.java:21)
    at sun.reflect.NativeMethodAccessorImpl.invoke0(Native Method)
    at sun.reflect.NativeMethodAccessorImpl.invoke(NativeMethodAccessorImpl.java:62)
~ test_3(java_testcases.junit.PASCAL_Test)
[Index: 1, Size: 1]
java.lang.IndexOutOfBoundsException: Index: 1, Size: 1    at java.util.ArrayList.rangeCheck(ArrayList.java:657)
    at java.util.ArrayList.get(ArrayList.java:433)
    at java_programs.PASCAL.pascal(PASCAL.java:30)
    at java_testcases.junit.PASCAL_Test.test_3(PASCAL_Test.java:28)
    at sun.reflect.NativeMethodAccessorImpl.invoke0(Native Method)
    at sun.reflect.NativeMethodAccessorImpl.invoke(NativeMethodAccessorImpl.java:62)
~ test_4(java_testcases.junit.PASCAL_Test)
[Index: 1, Size: 1]
java.lang.IndexOutOfBoundsException: Index: 1, Size: 1    at java.util.ArrayList.rangeCheck(ArrayList.java:657)
    at java.util.ArrayList.get(ArrayList.java:433)
    at java_programs.PASCAL.pascal(PASCAL.java:30)
    at java_testcases.junit.PASCAL_Test.test_4(PASCAL_Test.java:35)
    at sun.reflect.NativeMethodAccessorImpl.invoke0(Native Method)
    at sun.reflect.NativeMethodAccessorImpl.invoke(NativeMethodAccessorImpl.java:62)

12:03:35.392 [pool-2-thread-1] DEBUG fr.inria.lille.repair.nopol.NoPol - statement #11
12:03:35.392 [pool-2-thread-1] DEBUG fr.inria.lille.repair.nopol.NoPol - Analysing SourceLocation java_programs.PASCAL:17 which is executed by 5 tests
-1942067219
12:03:35.436 [pool-2-thread-1] DEBUG fr.inria.lille.repair.nopol.NoPol - looking with class fr.inria.lille.repair.nopol.spoon.smt.ConditionalAdder
org.junit.ComparisonFailure: expected:<[[1],[1[,1]]]> but was:<[[1],[1[]]]>
    at org.junit.Assert.assertEquals(Assert.java:115)
    at org.junit.Assert.assertEquals(Assert.java:144)
    at java_testcases.junit.PASCAL_Test.test_1(PASCAL_Test.java:16)
    at sun.reflect.NativeMethodAccessorImpl.invoke0(Native Method)
    at sun.reflect.NativeMethodAccessorImpl.invoke(NativeMethodAccessorImpl.java:62)
    at sun.reflect.DelegatingMethodAccessorImpl.invoke(DelegatingMethodAccessorImpl.java:43)
java.lang.IndexOutOfBoundsException: Index: 1, Size: 1
    at java.util.ArrayList.rangeCheck(ArrayList.java:657)
    at java.util.ArrayList.get(ArrayList.java:433)
    at java_programs.PASCAL.pascal(PASCAL.java:30)
    at java_testcases.junit.PASCAL_Test.test_2(PASCAL_Test.java:21)
    at sun.reflect.NativeMethodAccessorImpl.invoke0(Native Method)
    at sun.reflect.NativeMethodAccessorImpl.invoke(NativeMethodAccessorImpl.java:62)
java.lang.IndexOutOfBoundsException: Index: 1, Size: 1
    at java.util.ArrayList.rangeCheck(ArrayList.java:657)
    at java.util.ArrayList.get(ArrayList.java:433)
    at java_programs.PASCAL.pascal(PASCAL.java:30)
    at java_testcases.junit.PASCAL_Test.test_3(PASCAL_Test.java:28)
    at sun.reflect.NativeMethodAccessorImpl.invoke0(Native Method)
    at sun.reflect.NativeMethodAccessorImpl.invoke(NativeMethodAccessorImpl.java:62)
java.lang.IndexOutOfBoundsException: Index: 1, Size: 1
    at java.util.ArrayList.rangeCheck(ArrayList.java:657)
    at java.util.ArrayList.get(ArrayList.java:433)
    at java_programs.PASCAL.pascal(PASCAL.java:30)
    at java_testcases.junit.PASCAL_Test.test_4(PASCAL_Test.java:35)
    at sun.reflect.NativeMethodAccessorImpl.invoke0(Native Method)
    at sun.reflect.NativeMethodAccessorImpl.invoke(NativeMethodAccessorImpl.java:62)
org.junit.ComparisonFailure: expected:<[[1],[1[,1]]]> but was:<[[1],[1[]]]>
    at org.junit.Assert.assertEquals(Assert.java:115)
    at org.junit.Assert.assertEquals(Assert.java:144)
    at java_testcases.junit.PASCAL_Test.test_1(PASCAL_Test.java:16)
    at sun.reflect.NativeMethodAccessorImpl.invoke0(Native Method)
    at sun.reflect.NativeMethodAccessorImpl.invoke(NativeMethodAccessorImpl.java:62)
    at sun.reflect.DelegatingMethodAccessorImpl.invoke(DelegatingMethodAccessorImpl.java:43)
java.lang.IndexOutOfBoundsException: Index: 1, Size: 1
    at java.util.ArrayList.rangeCheck(ArrayList.java:657)
    at java.util.ArrayList.get(ArrayList.java:433)
    at java_programs.PASCAL.pascal(PASCAL.java:30)
    at java_testcases.junit.PASCAL_Test.test_2(PASCAL_Test.java:21)
    at sun.reflect.NativeMethodAccessorImpl.invoke0(Native Method)
    at sun.reflect.NativeMethodAccessorImpl.invoke(NativeMethodAccessorImpl.java:62)
java.lang.IndexOutOfBoundsException: Index: 1, Size: 1
    at java.util.ArrayList.rangeCheck(ArrayList.java:657)
    at java.util.ArrayList.get(ArrayList.java:433)
    at java_programs.PASCAL.pascal(PASCAL.java:30)
    at java_testcases.junit.PASCAL_Test.test_3(PASCAL_Test.java:28)
    at sun.reflect.NativeMethodAccessorImpl.invoke0(Native Method)
    at sun.reflect.NativeMethodAccessorImpl.invoke(NativeMethodAccessorImpl.java:62)
java.lang.IndexOutOfBoundsException: Index: 1, Size: 1
    at java.util.ArrayList.rangeCheck(ArrayList.java:657)
    at java.util.ArrayList.get(ArrayList.java:433)
    at java_programs.PASCAL.pascal(PASCAL.java:30)
    at java_testcases.junit.PASCAL_Test.test_4(PASCAL_Test.java:35)
    at sun.reflect.NativeMethodAccessorImpl.invoke0(Native Method)
    at sun.reflect.NativeMethodAccessorImpl.invoke(NativeMethodAccessorImpl.java:62)
org.junit.ComparisonFailure: expected:<[[1],[1[,1]]]> but was:<[[1],[1[]]]>
    at org.junit.Assert.assertEquals(Assert.java:115)
    at org.junit.Assert.assertEquals(Assert.java:144)
    at java_testcases.junit.PASCAL_Test.test_1(PASCAL_Test.java:16)
    at sun.reflect.NativeMethodAccessorImpl.invoke0(Native Method)
    at sun.reflect.NativeMethodAccessorImpl.invoke(NativeMethodAccessorImpl.java:62)
    at sun.reflect.DelegatingMethodAccessorImpl.invoke(DelegatingMethodAccessorImpl.java:43)
java.lang.IndexOutOfBoundsException: Index: 1, Size: 1
    at java.util.ArrayList.rangeCheck(ArrayList.java:657)
    at java.util.ArrayList.get(ArrayList.java:433)
    at java_programs.PASCAL.pascal(PASCAL.java:30)
    at java_testcases.junit.PASCAL_Test.test_2(PASCAL_Test.java:21)
    at sun.reflect.NativeMethodAccessorImpl.invoke0(Native Method)
    at sun.reflect.NativeMethodAccessorImpl.invoke(NativeMethodAccessorImpl.java:62)
java.lang.IndexOutOfBoundsException: Index: 1, Size: 1
    at java.util.ArrayList.rangeCheck(ArrayList.java:657)
    at java.util.ArrayList.get(ArrayList.java:433)
    at java_programs.PASCAL.pascal(PASCAL.java:30)
    at java_testcases.junit.PASCAL_Test.test_3(PASCAL_Test.java:28)
    at sun.reflect.NativeMethodAccessorImpl.invoke0(Native Method)
    at sun.reflect.NativeMethodAccessorImpl.invoke(NativeMethodAccessorImpl.java:62)
java.lang.IndexOutOfBoundsException: Index: 1, Size: 1
    at java.util.ArrayList.rangeCheck(ArrayList.java:657)
    at java.util.ArrayList.get(ArrayList.java:433)
    at java_programs.PASCAL.pascal(PASCAL.java:30)
    at java_testcases.junit.PASCAL_Test.test_4(PASCAL_Test.java:35)
    at sun.reflect.NativeMethodAccessorImpl.invoke0(Native Method)
    at sun.reflect.NativeMethodAccessorImpl.invoke(NativeMethodAccessorImpl.java:62)
org.junit.ComparisonFailure: expected:<[[1],[1[,1]]]> but was:<[[1],[1[]]]>
    at org.junit.Assert.assertEquals(Assert.java:115)
    at org.junit.Assert.assertEquals(Assert.java:144)
    at java_testcases.junit.PASCAL_Test.test_1(PASCAL_Test.java:16)
    at sun.reflect.NativeMethodAccessorImpl.invoke0(Native Method)
    at sun.reflect.NativeMethodAccessorImpl.invoke(NativeMethodAccessorImpl.java:62)
    at sun.reflect.DelegatingMethodAccessorImpl.invoke(DelegatingMethodAccessorImpl.java:43)
java.lang.IndexOutOfBoundsException: Index: 1, Size: 1
    at java.util.ArrayList.rangeCheck(ArrayList.java:657)
    at java.util.ArrayList.get(ArrayList.java:433)
    at java_programs.PASCAL.pascal(PASCAL.java:30)
    at java_testcases.junit.PASCAL_Test.test_2(PASCAL_Test.java:21)
    at sun.reflect.NativeMethodAccessorImpl.invoke0(Native Method)
    at sun.reflect.NativeMethodAccessorImpl.invoke(NativeMethodAccessorImpl.java:62)
java.lang.IndexOutOfBoundsException: Index: 1, Size: 1
    at java.util.ArrayList.rangeCheck(ArrayList.java:657)
    at java.util.ArrayList.get(ArrayList.java:433)
    at java_programs.PASCAL.pascal(PASCAL.java:30)
    at java_testcases.junit.PASCAL_Test.test_3(PASCAL_Test.java:28)
    at sun.reflect.NativeMethodAccessorImpl.invoke0(Native Method)
    at sun.reflect.NativeMethodAccessorImpl.invoke(NativeMethodAccessorImpl.java:62)
java.lang.IndexOutOfBoundsException: Index: 1, Size: 1
    at java.util.ArrayList.rangeCheck(ArrayList.java:657)
    at java.util.ArrayList.get(ArrayList.java:433)
    at java_programs.PASCAL.pascal(PASCAL.java:30)
    at java_testcases.junit.PASCAL_Test.test_4(PASCAL_Test.java:35)
    at sun.reflect.NativeMethodAccessorImpl.invoke0(Native Method)
    at sun.reflect.NativeMethodAccessorImpl.invoke(NativeMethodAccessorImpl.java:62)
12:03:35.445 [pool-82-thread-1] INFO  xxl.java.junit.TestCasesListener - Tests run finished (7 ms)
<> Total tests run: 20
<> Ignored tests: 0
<> Failed tests: 16
~ test_1(java_testcases.junit.PASCAL_Test)
[expected:<[[1],[1[,1]]]> but was:<[[1],[1[]]]>]
org.junit.ComparisonFailure: expected:<[[1],[1[,1]]]> but was:<[[1],[1[]]]>    at org.junit.Assert.assertEquals(Assert.java:115)
    at org.junit.Assert.assertEquals(Assert.java:144)
    at java_testcases.junit.PASCAL_Test.test_1(PASCAL_Test.java:16)
    at sun.reflect.NativeMethodAccessorImpl.invoke0(Native Method)
    at sun.reflect.NativeMethodAccessorImpl.invoke(NativeMethodAccessorImpl.java:62)
    at sun.reflect.DelegatingMethodAccessorImpl.invoke(DelegatingMethodAccessorImpl.java:43)
~ test_2(java_testcases.junit.PASCAL_Test)
[Index: 1, Size: 1]
java.lang.IndexOutOfBoundsException: Index: 1, Size: 1    at java.util.ArrayList.rangeCheck(ArrayList.java:657)
    at java.util.ArrayList.get(ArrayList.java:433)
    at java_programs.PASCAL.pascal(PASCAL.java:30)
    at java_testcases.junit.PASCAL_Test.test_2(PASCAL_Test.java:21)
    at sun.reflect.NativeMethodAccessorImpl.invoke0(Native Method)
    at sun.reflect.NativeMethodAccessorImpl.invoke(NativeMethodAccessorImpl.java:62)
~ test_3(java_testcases.junit.PASCAL_Test)
[Index: 1, Size: 1]
java.lang.IndexOutOfBoundsException: Index: 1, Size: 1    at java.util.ArrayList.rangeCheck(ArrayList.java:657)
    at java.util.ArrayList.get(ArrayList.java:433)
    at java_programs.PASCAL.pascal(PASCAL.java:30)
    at java_testcases.junit.PASCAL_Test.test_3(PASCAL_Test.java:28)
    at sun.reflect.NativeMethodAccessorImpl.invoke0(Native Method)
    at sun.reflect.NativeMethodAccessorImpl.invoke(NativeMethodAccessorImpl.java:62)
~ test_4(java_testcases.junit.PASCAL_Test)
[Index: 1, Size: 1]
java.lang.IndexOutOfBoundsException: Index: 1, Size: 1    at java.util.ArrayList.rangeCheck(ArrayList.java:657)
    at java.util.ArrayList.get(ArrayList.java:433)
    at java_programs.PASCAL.pascal(PASCAL.java:30)
    at java_testcases.junit.PASCAL_Test.test_4(PASCAL_Test.java:35)
    at sun.reflect.NativeMethodAccessorImpl.invoke0(Native Method)
    at sun.reflect.NativeMethodAccessorImpl.invoke(NativeMethodAccessorImpl.java:62)
~ test_1(java_testcases.junit.PASCAL_Test)
[expected:<[[1],[1[,1]]]> but was:<[[1],[1[]]]>]
org.junit.ComparisonFailure: expected:<[[1],[1[,1]]]> but was:<[[1],[1[]]]>    at org.junit.Assert.assertEquals(Assert.java:115)
    at org.junit.Assert.assertEquals(Assert.java:144)
    at java_testcases.junit.PASCAL_Test.test_1(PASCAL_Test.java:16)
    at sun.reflect.NativeMethodAccessorImpl.invoke0(Native Method)
    at sun.reflect.NativeMethodAccessorImpl.invoke(NativeMethodAccessorImpl.java:62)
    at sun.reflect.DelegatingMethodAccessorImpl.invoke(DelegatingMethodAccessorImpl.java:43)
~ test_2(java_testcases.junit.PASCAL_Test)
[Index: 1, Size: 1]
java.lang.IndexOutOfBoundsException: Index: 1, Size: 1    at java.util.ArrayList.rangeCheck(ArrayList.java:657)
    at java.util.ArrayList.get(ArrayList.java:433)
    at java_programs.PASCAL.pascal(PASCAL.java:30)
    at java_testcases.junit.PASCAL_Test.test_2(PASCAL_Test.java:21)
    at sun.reflect.NativeMethodAccessorImpl.invoke0(Native Method)
    at sun.reflect.NativeMethodAccessorImpl.invoke(NativeMethodAccessorImpl.java:62)
~ test_3(java_testcases.junit.PASCAL_Test)
[Index: 1, Size: 1]
java.lang.IndexOutOfBoundsException: Index: 1, Size: 1    at java.util.ArrayList.rangeCheck(ArrayList.java:657)
    at java.util.ArrayList.get(ArrayList.java:433)
    at java_programs.PASCAL.pascal(PASCAL.java:30)
    at java_testcases.junit.PASCAL_Test.test_3(PASCAL_Test.java:28)
    at sun.reflect.NativeMethodAccessorImpl.invoke0(Native Method)
    at sun.reflect.NativeMethodAccessorImpl.invoke(NativeMethodAccessorImpl.java:62)
~ test_4(java_testcases.junit.PASCAL_Test)
[Index: 1, Size: 1]
java.lang.IndexOutOfBoundsException: Index: 1, Size: 1    at java.util.ArrayList.rangeCheck(ArrayList.java:657)
    at java.util.ArrayList.get(ArrayList.java:433)
    at java_programs.PASCAL.pascal(PASCAL.java:30)
    at java_testcases.junit.PASCAL_Test.test_4(PASCAL_Test.java:35)
    at sun.reflect.NativeMethodAccessorImpl.invoke0(Native Method)
    at sun.reflect.NativeMethodAccessorImpl.invoke(NativeMethodAccessorImpl.java:62)
~ test_1(java_testcases.junit.PASCAL_Test)
[expected:<[[1],[1[,1]]]> but was:<[[1],[1[]]]>]
org.junit.ComparisonFailure: expected:<[[1],[1[,1]]]> but was:<[[1],[1[]]]>    at org.junit.Assert.assertEquals(Assert.java:115)
    at org.junit.Assert.assertEquals(Assert.java:144)
    at java_testcases.junit.PASCAL_Test.test_1(PASCAL_Test.java:16)
    at sun.reflect.NativeMethodAccessorImpl.invoke0(Native Method)
    at sun.reflect.NativeMethodAccessorImpl.invoke(NativeMethodAccessorImpl.java:62)
    at sun.reflect.DelegatingMethodAccessorImpl.invoke(DelegatingMethodAccessorImpl.java:43)
~ test_2(java_testcases.junit.PASCAL_Test)
[Index: 1, Size: 1]
java.lang.IndexOutOfBoundsException: Index: 1, Size: 1    at java.util.ArrayList.rangeCheck(ArrayList.java:657)
    at java.util.ArrayList.get(ArrayList.java:433)
    at java_programs.PASCAL.pascal(PASCAL.java:30)
    at java_testcases.junit.PASCAL_Test.test_2(PASCAL_Test.java:21)
    at sun.reflect.NativeMethodAccessorImpl.invoke0(Native Method)
    at sun.reflect.NativeMethodAccessorImpl.invoke(NativeMethodAccessorImpl.java:62)
~ test_3(java_testcases.junit.PASCAL_Test)
[Index: 1, Size: 1]
java.lang.IndexOutOfBoundsException: Index: 1, Size: 1    at java.util.ArrayList.rangeCheck(ArrayList.java:657)
    at java.util.ArrayList.get(ArrayList.java:433)
    at java_programs.PASCAL.pascal(PASCAL.java:30)
    at java_testcases.junit.PASCAL_Test.test_3(PASCAL_Test.java:28)
    at sun.reflect.NativeMethodAccessorImpl.invoke0(Native Method)
    at sun.reflect.NativeMethodAccessorImpl.invoke(NativeMethodAccessorImpl.java:62)
~ test_4(java_testcases.junit.PASCAL_Test)
[Index: 1, Size: 1]
java.lang.IndexOutOfBoundsException: Index: 1, Size: 1    at java.util.ArrayList.rangeCheck(ArrayList.java:657)
    at java.util.ArrayList.get(ArrayList.java:433)
    at java_programs.PASCAL.pascal(PASCAL.java:30)
    at java_testcases.junit.PASCAL_Test.test_4(PASCAL_Test.java:35)
    at sun.reflect.NativeMethodAccessorImpl.invoke0(Native Method)
    at sun.reflect.NativeMethodAccessorImpl.invoke(NativeMethodAccessorImpl.java:62)
~ test_1(java_testcases.junit.PASCAL_Test)
[expected:<[[1],[1[,1]]]> but was:<[[1],[1[]]]>]
org.junit.ComparisonFailure: expected:<[[1],[1[,1]]]> but was:<[[1],[1[]]]>    at org.junit.Assert.assertEquals(Assert.java:115)
    at org.junit.Assert.assertEquals(Assert.java:144)
    at java_testcases.junit.PASCAL_Test.test_1(PASCAL_Test.java:16)
    at sun.reflect.NativeMethodAccessorImpl.invoke0(Native Method)
    at sun.reflect.NativeMethodAccessorImpl.invoke(NativeMethodAccessorImpl.java:62)
    at sun.reflect.DelegatingMethodAccessorImpl.invoke(DelegatingMethodAccessorImpl.java:43)
~ test_2(java_testcases.junit.PASCAL_Test)
[Index: 1, Size: 1]
java.lang.IndexOutOfBoundsException: Index: 1, Size: 1    at java.util.ArrayList.rangeCheck(ArrayList.java:657)
    at java.util.ArrayList.get(ArrayList.java:433)
    at java_programs.PASCAL.pascal(PASCAL.java:30)
    at java_testcases.junit.PASCAL_Test.test_2(PASCAL_Test.java:21)
    at sun.reflect.NativeMethodAccessorImpl.invoke0(Native Method)
    at sun.reflect.NativeMethodAccessorImpl.invoke(NativeMethodAccessorImpl.java:62)
~ test_3(java_testcases.junit.PASCAL_Test)
[Index: 1, Size: 1]
java.lang.IndexOutOfBoundsException: Index: 1, Size: 1    at java.util.ArrayList.rangeCheck(ArrayList.java:657)
    at java.util.ArrayList.get(ArrayList.java:433)
    at java_programs.PASCAL.pascal(PASCAL.java:30)
    at java_testcases.junit.PASCAL_Test.test_3(PASCAL_Test.java:28)
    at sun.reflect.NativeMethodAccessorImpl.invoke0(Native Method)
    at sun.reflect.NativeMethodAccessorImpl.invoke(NativeMethodAccessorImpl.java:62)
~ test_4(java_testcases.junit.PASCAL_Test)
[Index: 1, Size: 1]
java.lang.IndexOutOfBoundsException: Index: 1, Size: 1    at java.util.ArrayList.rangeCheck(ArrayList.java:657)
    at java.util.ArrayList.get(ArrayList.java:433)
    at java_programs.PASCAL.pascal(PASCAL.java:30)
    at java_testcases.junit.PASCAL_Test.test_4(PASCAL_Test.java:35)
    at sun.reflect.NativeMethodAccessorImpl.invoke0(Native Method)
    at sun.reflect.NativeMethodAccessorImpl.invoke(NativeMethodAccessorImpl.java:62)

12:03:35.509 [pool-2-thread-1] DEBUG fr.inria.lille.repair.nopol.NoPol - statement #12
12:03:35.509 [pool-2-thread-1] DEBUG fr.inria.lille.repair.nopol.NoPol - Analysing SourceLocation java_programs.PASCAL:16 which is executed by 5 tests
-1942067219
12:03:35.540 [pool-2-thread-1] DEBUG fr.inria.lille.repair.nopol.NoPol - statement #13
12:03:35.541 [pool-2-thread-1] DEBUG fr.inria.lille.repair.nopol.NoPol - Analysing SourceLocation java_programs.PASCAL:15 which is executed by 5 tests
-1942067219
12:03:35.572 [pool-2-thread-1] DEBUG fr.inria.lille.repair.nopol.NoPol - statement #14
12:03:35.572 [pool-2-thread-1] DEBUG fr.inria.lille.repair.nopol.NoPol - Analysing SourceLocation java_programs.PASCAL:25 which is executed by 3 tests
-1942067219
12:03:35.603 [pool-2-thread-1] DEBUG fr.inria.lille.repair.nopol.NoPol - looking with class fr.inria.lille.repair.nopol.spoon.smt.ConditionalAdder
org.junit.ComparisonFailure: expected:<[[1],[1[,1]]]> but was:<[[1],[1[]]]>
    at org.junit.Assert.assertEquals(Assert.java:115)
    at org.junit.Assert.assertEquals(Assert.java:144)
    at java_testcases.junit.PASCAL_Test.test_1(PASCAL_Test.java:16)
    at sun.reflect.NativeMethodAccessorImpl.invoke0(Native Method)
    at sun.reflect.NativeMethodAccessorImpl.invoke(NativeMethodAccessorImpl.java:62)
    at sun.reflect.DelegatingMethodAccessorImpl.invoke(DelegatingMethodAccessorImpl.java:43)
java.lang.IndexOutOfBoundsException: Index: 1, Size: 1
    at java.util.ArrayList.rangeCheck(ArrayList.java:657)
    at java.util.ArrayList.get(ArrayList.java:433)
    at java_programs.PASCAL.pascal(PASCAL.java:30)
    at java_testcases.junit.PASCAL_Test.test_2(PASCAL_Test.java:21)
    at sun.reflect.NativeMethodAccessorImpl.invoke0(Native Method)
    at sun.reflect.NativeMethodAccessorImpl.invoke(NativeMethodAccessorImpl.java:62)
java.lang.IndexOutOfBoundsException: Index: 1, Size: 1
    at java.util.ArrayList.rangeCheck(ArrayList.java:657)
    at java.util.ArrayList.get(ArrayList.java:433)
    at java_programs.PASCAL.pascal(PASCAL.java:30)
    at java_testcases.junit.PASCAL_Test.test_3(PASCAL_Test.java:28)
    at sun.reflect.NativeMethodAccessorImpl.invoke0(Native Method)
    at sun.reflect.NativeMethodAccessorImpl.invoke(NativeMethodAccessorImpl.java:62)
java.lang.IndexOutOfBoundsException: Index: 1, Size: 1
    at java.util.ArrayList.rangeCheck(ArrayList.java:657)
    at java.util.ArrayList.get(ArrayList.java:433)
    at java_programs.PASCAL.pascal(PASCAL.java:30)
    at java_testcases.junit.PASCAL_Test.test_4(PASCAL_Test.java:35)
    at sun.reflect.NativeMethodAccessorImpl.invoke0(Native Method)
    at sun.reflect.NativeMethodAccessorImpl.invoke(NativeMethodAccessorImpl.java:62)
org.junit.ComparisonFailure: expected:<[[1],[1[,1]]]> but was:<[[1],[1[]]]>
    at org.junit.Assert.assertEquals(Assert.java:115)
    at org.junit.Assert.assertEquals(Assert.java:144)
    at java_testcases.junit.PASCAL_Test.test_1(PASCAL_Test.java:16)
    at sun.reflect.NativeMethodAccessorImpl.invoke0(Native Method)
    at sun.reflect.NativeMethodAccessorImpl.invoke(NativeMethodAccessorImpl.java:62)
    at sun.reflect.DelegatingMethodAccessorImpl.invoke(DelegatingMethodAccessorImpl.java:43)
java.lang.IndexOutOfBoundsException: Index: 1, Size: 1
    at java.util.ArrayList.rangeCheck(ArrayList.java:657)
    at java.util.ArrayList.get(ArrayList.java:433)
    at java_programs.PASCAL.pascal(PASCAL.java:30)
    at java_testcases.junit.PASCAL_Test.test_2(PASCAL_Test.java:21)
    at sun.reflect.NativeMethodAccessorImpl.invoke0(Native Method)
    at sun.reflect.NativeMethodAccessorImpl.invoke(NativeMethodAccessorImpl.java:62)
java.lang.IndexOutOfBoundsException: Index: 1, Size: 1
    at java.util.ArrayList.rangeCheck(ArrayList.java:657)
    at java.util.ArrayList.get(ArrayList.java:433)
    at java_programs.PASCAL.pascal(PASCAL.java:30)
    at java_testcases.junit.PASCAL_Test.test_3(PASCAL_Test.java:28)
    at sun.reflect.NativeMethodAccessorImpl.invoke0(Native Method)
    at sun.reflect.NativeMethodAccessorImpl.invoke(NativeMethodAccessorImpl.java:62)
java.lang.IndexOutOfBoundsException: Index: 1, Size: 1
    at java.util.ArrayList.rangeCheck(ArrayList.java:657)
    at java.util.ArrayList.get(ArrayList.java:433)
    at java_programs.PASCAL.pascal(PASCAL.java:30)
    at java_testcases.junit.PASCAL_Test.test_4(PASCAL_Test.java:35)
    at sun.reflect.NativeMethodAccessorImpl.invoke0(Native Method)
    at sun.reflect.NativeMethodAccessorImpl.invoke(NativeMethodAccessorImpl.java:62)
org.junit.ComparisonFailure: expected:<[[1],[1[,1]]]> but was:<[[1],[1[]]]>
    at org.junit.Assert.assertEquals(Assert.java:115)
    at org.junit.Assert.assertEquals(Assert.java:144)
    at java_testcases.junit.PASCAL_Test.test_1(PASCAL_Test.java:16)
    at sun.reflect.NativeMethodAccessorImpl.invoke0(Native Method)
    at sun.reflect.NativeMethodAccessorImpl.invoke(NativeMethodAccessorImpl.java:62)
    at sun.reflect.DelegatingMethodAccessorImpl.invoke(DelegatingMethodAccessorImpl.java:43)
java.lang.IndexOutOfBoundsException: Index: 1, Size: 1
    at java.util.ArrayList.rangeCheck(ArrayList.java:657)
    at java.util.ArrayList.get(ArrayList.java:433)
    at java_programs.PASCAL.pascal(PASCAL.java:30)
    at java_testcases.junit.PASCAL_Test.test_2(PASCAL_Test.java:21)
    at sun.reflect.NativeMethodAccessorImpl.invoke0(Native Method)
    at sun.reflect.NativeMethodAccessorImpl.invoke(NativeMethodAccessorImpl.java:62)
java.lang.IndexOutOfBoundsException: Index: 1, Size: 1
    at java.util.ArrayList.rangeCheck(ArrayList.java:657)
    at java.util.ArrayList.get(ArrayList.java:433)
    at java_programs.PASCAL.pascal(PASCAL.java:30)
    at java_testcases.junit.PASCAL_Test.test_3(PASCAL_Test.java:28)
    at sun.reflect.NativeMethodAccessorImpl.invoke0(Native Method)
    at sun.reflect.NativeMethodAccessorImpl.invoke(NativeMethodAccessorImpl.java:62)
java.lang.IndexOutOfBoundsException: Index: 1, Size: 1
    at java.util.ArrayList.rangeCheck(ArrayList.java:657)
    at java.util.ArrayList.get(ArrayList.java:433)
    at java_programs.PASCAL.pascal(PASCAL.java:30)
    at java_testcases.junit.PASCAL_Test.test_4(PASCAL_Test.java:35)
    at sun.reflect.NativeMethodAccessorImpl.invoke0(Native Method)
    at sun.reflect.NativeMethodAccessorImpl.invoke(NativeMethodAccessorImpl.java:62)
12:03:35.610 [pool-92-thread-1] INFO  xxl.java.junit.TestCasesListener - Tests run finished (5 ms)
<> Total tests run: 15
<> Ignored tests: 0
<> Failed tests: 12
~ test_1(java_testcases.junit.PASCAL_Test)
[expected:<[[1],[1[,1]]]> but was:<[[1],[1[]]]>]
org.junit.ComparisonFailure: expected:<[[1],[1[,1]]]> but was:<[[1],[1[]]]>    at org.junit.Assert.assertEquals(Assert.java:115)
    at org.junit.Assert.assertEquals(Assert.java:144)
    at java_testcases.junit.PASCAL_Test.test_1(PASCAL_Test.java:16)
    at sun.reflect.NativeMethodAccessorImpl.invoke0(Native Method)
    at sun.reflect.NativeMethodAccessorImpl.invoke(NativeMethodAccessorImpl.java:62)
    at sun.reflect.DelegatingMethodAccessorImpl.invoke(DelegatingMethodAccessorImpl.java:43)
~ test_2(java_testcases.junit.PASCAL_Test)
[Index: 1, Size: 1]
java.lang.IndexOutOfBoundsException: Index: 1, Size: 1    at java.util.ArrayList.rangeCheck(ArrayList.java:657)
    at java.util.ArrayList.get(ArrayList.java:433)
    at java_programs.PASCAL.pascal(PASCAL.java:30)
    at java_testcases.junit.PASCAL_Test.test_2(PASCAL_Test.java:21)
    at sun.reflect.NativeMethodAccessorImpl.invoke0(Native Method)
    at sun.reflect.NativeMethodAccessorImpl.invoke(NativeMethodAccessorImpl.java:62)
~ test_3(java_testcases.junit.PASCAL_Test)
[Index: 1, Size: 1]
java.lang.IndexOutOfBoundsException: Index: 1, Size: 1    at java.util.ArrayList.rangeCheck(ArrayList.java:657)
    at java.util.ArrayList.get(ArrayList.java:433)
    at java_programs.PASCAL.pascal(PASCAL.java:30)
    at java_testcases.junit.PASCAL_Test.test_3(PASCAL_Test.java:28)
    at sun.reflect.NativeMethodAccessorImpl.invoke0(Native Method)
    at sun.reflect.NativeMethodAccessorImpl.invoke(NativeMethodAccessorImpl.java:62)
~ test_4(java_testcases.junit.PASCAL_Test)
[Index: 1, Size: 1]
java.lang.IndexOutOfBoundsException: Index: 1, Size: 1    at java.util.ArrayList.rangeCheck(ArrayList.java:657)
    at java.util.ArrayList.get(ArrayList.java:433)
    at java_programs.PASCAL.pascal(PASCAL.java:30)
    at java_testcases.junit.PASCAL_Test.test_4(PASCAL_Test.java:35)
    at sun.reflect.NativeMethodAccessorImpl.invoke0(Native Method)
    at sun.reflect.NativeMethodAccessorImpl.invoke(NativeMethodAccessorImpl.java:62)
~ test_1(java_testcases.junit.PASCAL_Test)
[expected:<[[1],[1[,1]]]> but was:<[[1],[1[]]]>]
org.junit.ComparisonFailure: expected:<[[1],[1[,1]]]> but was:<[[1],[1[]]]>    at org.junit.Assert.assertEquals(Assert.java:115)
    at org.junit.Assert.assertEquals(Assert.java:144)
    at java_testcases.junit.PASCAL_Test.test_1(PASCAL_Test.java:16)
    at sun.reflect.NativeMethodAccessorImpl.invoke0(Native Method)
    at sun.reflect.NativeMethodAccessorImpl.invoke(NativeMethodAccessorImpl.java:62)
    at sun.reflect.DelegatingMethodAccessorImpl.invoke(DelegatingMethodAccessorImpl.java:43)
~ test_2(java_testcases.junit.PASCAL_Test)
[Index: 1, Size: 1]
java.lang.IndexOutOfBoundsException: Index: 1, Size: 1    at java.util.ArrayList.rangeCheck(ArrayList.java:657)
    at java.util.ArrayList.get(ArrayList.java:433)
    at java_programs.PASCAL.pascal(PASCAL.java:30)
    at java_testcases.junit.PASCAL_Test.test_2(PASCAL_Test.java:21)
    at sun.reflect.NativeMethodAccessorImpl.invoke0(Native Method)
    at sun.reflect.NativeMethodAccessorImpl.invoke(NativeMethodAccessorImpl.java:62)
~ test_3(java_testcases.junit.PASCAL_Test)
[Index: 1, Size: 1]
java.lang.IndexOutOfBoundsException: Index: 1, Size: 1    at java.util.ArrayList.rangeCheck(ArrayList.java:657)
    at java.util.ArrayList.get(ArrayList.java:433)
    at java_programs.PASCAL.pascal(PASCAL.java:30)
    at java_testcases.junit.PASCAL_Test.test_3(PASCAL_Test.java:28)
    at sun.reflect.NativeMethodAccessorImpl.invoke0(Native Method)
    at sun.reflect.NativeMethodAccessorImpl.invoke(NativeMethodAccessorImpl.java:62)
~ test_4(java_testcases.junit.PASCAL_Test)
[Index: 1, Size: 1]
java.lang.IndexOutOfBoundsException: Index: 1, Size: 1    at java.util.ArrayList.rangeCheck(ArrayList.java:657)
    at java.util.ArrayList.get(ArrayList.java:433)
    at java_programs.PASCAL.pascal(PASCAL.java:30)
    at java_testcases.junit.PASCAL_Test.test_4(PASCAL_Test.java:35)
    at sun.reflect.NativeMethodAccessorImpl.invoke0(Native Method)
    at sun.reflect.NativeMethodAccessorImpl.invoke(NativeMethodAccessorImpl.java:62)
~ test_1(java_testcases.junit.PASCAL_Test)
[expected:<[[1],[1[,1]]]> but was:<[[1],[1[]]]>]
org.junit.ComparisonFailure: expected:<[[1],[1[,1]]]> but was:<[[1],[1[]]]>    at org.junit.Assert.assertEquals(Assert.java:115)
    at org.junit.Assert.assertEquals(Assert.java:144)
    at java_testcases.junit.PASCAL_Test.test_1(PASCAL_Test.java:16)
    at sun.reflect.NativeMethodAccessorImpl.invoke0(Native Method)
    at sun.reflect.NativeMethodAccessorImpl.invoke(NativeMethodAccessorImpl.java:62)
    at sun.reflect.DelegatingMethodAccessorImpl.invoke(DelegatingMethodAccessorImpl.java:43)
~ test_2(java_testcases.junit.PASCAL_Test)
[Index: 1, Size: 1]
java.lang.IndexOutOfBoundsException: Index: 1, Size: 1    at java.util.ArrayList.rangeCheck(ArrayList.java:657)
    at java.util.ArrayList.get(ArrayList.java:433)
    at java_programs.PASCAL.pascal(PASCAL.java:30)
    at java_testcases.junit.PASCAL_Test.test_2(PASCAL_Test.java:21)
    at sun.reflect.NativeMethodAccessorImpl.invoke0(Native Method)
    at sun.reflect.NativeMethodAccessorImpl.invoke(NativeMethodAccessorImpl.java:62)
~ test_3(java_testcases.junit.PASCAL_Test)
[Index: 1, Size: 1]
java.lang.IndexOutOfBoundsException: Index: 1, Size: 1    at java.util.ArrayList.rangeCheck(ArrayList.java:657)
    at java.util.ArrayList.get(ArrayList.java:433)
    at java_programs.PASCAL.pascal(PASCAL.java:30)
    at java_testcases.junit.PASCAL_Test.test_3(PASCAL_Test.java:28)
    at sun.reflect.NativeMethodAccessorImpl.invoke0(Native Method)
    at sun.reflect.NativeMethodAccessorImpl.invoke(NativeMethodAccessorImpl.java:62)
~ test_4(java_testcases.junit.PASCAL_Test)
[Index: 1, Size: 1]
java.lang.IndexOutOfBoundsException: Index: 1, Size: 1    at java.util.ArrayList.rangeCheck(ArrayList.java:657)
    at java.util.ArrayList.get(ArrayList.java:433)
    at java_programs.PASCAL.pascal(PASCAL.java:30)
    at java_testcases.junit.PASCAL_Test.test_4(PASCAL_Test.java:35)
    at sun.reflect.NativeMethodAccessorImpl.invoke0(Native Method)
    at sun.reflect.NativeMethodAccessorImpl.invoke(NativeMethodAccessorImpl.java:62)

12:03:35.661 [pool-91-thread-1] ERROR x.java.compiler.DynamicClassCompiler - [Compilation errors]
PASCAL.java:31: error: variable upleft might not have been initialized
                row.add((upleft + upright));
                         ^
xxl.java.compiler.DynamicCompilationException: Aborting: dynamic compilation failed
	at xxl.java.compiler.DynamicClassCompiler.runCompilationTask(DynamicClassCompiler.java:99)
	at xxl.java.compiler.DynamicClassCompiler.javaBytecodeFor(DynamicClassCompiler.java:67)
	at fr.inria.lille.commons.spoon.SpoonedFile.compilationFor(SpoonedFile.java:203)
	at fr.inria.lille.commons.spoon.SpoonedFile.compileModelledClasses(SpoonedFile.java:177)
	at fr.inria.lille.commons.spoon.SpoonedFile.dumpedToClassLoader(SpoonedFile.java:130)
	at fr.inria.lille.commons.spoon.SpoonedFile.processedAndDumpedToClassLoader(SpoonedFile.java:140)
	at fr.inria.lille.commons.spoon.SpoonedFile.processedAndDumpedToClassLoader(SpoonedFile.java:135)
	at fr.inria.lille.repair.nopol.synth.dynamoth.DynamothSynthesizer.findAngelicValuesAndBuildPatch(DynamothSynthesizer.java:69)
	at fr.inria.lille.repair.nopol.NoPol.runNopolProcessor(NoPol.java:295)
	at fr.inria.lille.repair.nopol.NoPol.access$000(NoPol.java:81)
	at fr.inria.lille.repair.nopol.NoPol$1.call(NoPol.java:260)
	at java.util.concurrent.FutureTask.run(FutureTask.java:266)
	at java.util.concurrent.ThreadPoolExecutor.runWorker(ThreadPoolExecutor.java:1149)
	at java.util.concurrent.ThreadPoolExecutor$Worker.run(ThreadPoolExecutor.java:624)
	at java.lang.Thread.run(Thread.java:748)
12:03:35.662 [pool-2-thread-1] DEBUG fr.inria.lille.repair.nopol.NoPol - statement #15
12:03:35.662 [pool-2-thread-1] DEBUG fr.inria.lille.repair.nopol.NoPol - Analysing SourceLocation java_testcases.junit.QuixFixOracleHelper:44 which is executed by 2 tests
12:03:35.662 [pool-2-thread-1] DEBUG fr.inria.lille.repair.nopol.NoPol - cannot spoon SourceLocation java_testcases.junit.QuixFixOracleHelper:44
12:03:35.662 [pool-2-thread-1] DEBUG fr.inria.lille.repair.nopol.NoPol - statement #16
12:03:35.662 [pool-2-thread-1] DEBUG fr.inria.lille.repair.nopol.NoPol - Analysing SourceLocation java_testcases.junit.QuixFixOracleHelper:41 which is executed by 2 tests
12:03:35.662 [pool-2-thread-1] DEBUG fr.inria.lille.repair.nopol.NoPol - cannot spoon SourceLocation java_testcases.junit.QuixFixOracleHelper:41
12:03:35.662 [pool-2-thread-1] DEBUG fr.inria.lille.repair.nopol.NoPol - statement #17
12:03:35.662 [pool-2-thread-1] DEBUG fr.inria.lille.repair.nopol.NoPol - Analysing SourceLocation java_testcases.junit.QuixFixOracleHelper:38 which is executed by 2 tests
12:03:35.662 [pool-2-thread-1] DEBUG fr.inria.lille.repair.nopol.NoPol - cannot spoon SourceLocation java_testcases.junit.QuixFixOracleHelper:38
12:03:35.662 [pool-2-thread-1] DEBUG fr.inria.lille.repair.nopol.NoPol - statement #18
12:03:35.662 [pool-2-thread-1] DEBUG fr.inria.lille.repair.nopol.NoPol - Analysing SourceLocation java_testcases.junit.QuixFixOracleHelper:37 which is executed by 2 tests
12:03:35.662 [pool-2-thread-1] DEBUG fr.inria.lille.repair.nopol.NoPol - cannot spoon SourceLocation java_testcases.junit.QuixFixOracleHelper:37
12:03:35.662 [pool-2-thread-1] DEBUG fr.inria.lille.repair.nopol.NoPol - statement #19
12:03:35.662 [pool-2-thread-1] DEBUG fr.inria.lille.repair.nopol.NoPol - Analysing SourceLocation java_testcases.junit.QuixFixOracleHelper:35 which is executed by 2 tests
12:03:35.662 [pool-2-thread-1] DEBUG fr.inria.lille.repair.nopol.NoPol - cannot spoon SourceLocation java_testcases.junit.QuixFixOracleHelper:35
12:03:35.662 [pool-2-thread-1] DEBUG fr.inria.lille.repair.nopol.NoPol - statement #20
12:03:35.662 [pool-2-thread-1] DEBUG fr.inria.lille.repair.nopol.NoPol - Analysing SourceLocation java_testcases.junit.QuixFixOracleHelper:32 which is executed by 2 tests
12:03:35.662 [pool-2-thread-1] DEBUG fr.inria.lille.repair.nopol.NoPol - cannot spoon SourceLocation java_testcases.junit.QuixFixOracleHelper:32
12:03:35.663 [pool-2-thread-1] DEBUG fr.inria.lille.repair.nopol.NoPol - statement #21
12:03:35.663 [pool-2-thread-1] DEBUG fr.inria.lille.repair.nopol.NoPol - Analysing SourceLocation java_testcases.junit.QuixFixOracleHelper:31 which is executed by 2 tests
12:03:35.663 [pool-2-thread-1] DEBUG fr.inria.lille.repair.nopol.NoPol - cannot spoon SourceLocation java_testcases.junit.QuixFixOracleHelper:31
12:03:35.663 [pool-2-thread-1] DEBUG fr.inria.lille.repair.nopol.NoPol - statement #22
12:03:35.663 [pool-2-thread-1] DEBUG fr.inria.lille.repair.nopol.NoPol - Analysing SourceLocation java_testcases.junit.QuixFixOracleHelper:30 which is executed by 2 tests
12:03:35.663 [pool-2-thread-1] DEBUG fr.inria.lille.repair.nopol.NoPol - cannot spoon SourceLocation java_testcases.junit.QuixFixOracleHelper:30
12:03:35.663 [pool-2-thread-1] DEBUG fr.inria.lille.repair.nopol.NoPol - statement #23
12:03:35.663 [pool-2-thread-1] DEBUG fr.inria.lille.repair.nopol.NoPol - Analysing SourceLocation java_testcases.junit.QuixFixOracleHelper:29 which is executed by 2 tests
12:03:35.663 [pool-2-thread-1] DEBUG fr.inria.lille.repair.nopol.NoPol - cannot spoon SourceLocation java_testcases.junit.QuixFixOracleHelper:29
12:03:35.663 [pool-2-thread-1] DEBUG fr.inria.lille.repair.nopol.NoPol - statement #24
12:03:35.663 [pool-2-thread-1] DEBUG fr.inria.lille.repair.nopol.NoPol - Analysing SourceLocation java_testcases.junit.QuixFixOracleHelper:28 which is executed by 2 tests
12:03:35.663 [pool-2-thread-1] DEBUG fr.inria.lille.repair.nopol.NoPol - cannot spoon SourceLocation java_testcases.junit.QuixFixOracleHelper:28
12:03:35.663 [pool-2-thread-1] DEBUG fr.inria.lille.repair.nopol.NoPol - statement #25
12:03:35.663 [pool-2-thread-1] DEBUG fr.inria.lille.repair.nopol.NoPol - Analysing SourceLocation java_testcases.junit.QuixFixOracleHelper:27 which is executed by 2 tests
12:03:35.663 [pool-2-thread-1] DEBUG fr.inria.lille.repair.nopol.NoPol - cannot spoon SourceLocation java_testcases.junit.QuixFixOracleHelper:27
12:03:35.663 [pool-2-thread-1] DEBUG fr.inria.lille.repair.nopol.NoPol - statement #26
12:03:35.663 [pool-2-thread-1] DEBUG fr.inria.lille.repair.nopol.NoPol - Analysing SourceLocation java_testcases.junit.QuixFixOracleHelper:26 which is executed by 2 tests
12:03:35.663 [pool-2-thread-1] DEBUG fr.inria.lille.repair.nopol.NoPol - cannot spoon SourceLocation java_testcases.junit.QuixFixOracleHelper:26
12:03:35.663 [pool-2-thread-1] DEBUG fr.inria.lille.repair.nopol.NoPol - statement #27
12:03:35.663 [pool-2-thread-1] DEBUG fr.inria.lille.repair.nopol.NoPol - Analysing SourceLocation java_testcases.junit.QuixFixOracleHelper:22 which is executed by 2 tests
12:03:35.664 [pool-2-thread-1] DEBUG fr.inria.lille.repair.nopol.NoPol - cannot spoon SourceLocation java_testcases.junit.QuixFixOracleHelper:22
12:03:35.664 [pool-2-thread-1] DEBUG fr.inria.lille.repair.nopol.NoPol - statement #28
12:03:35.664 [pool-2-thread-1] DEBUG fr.inria.lille.repair.nopol.NoPol - Analysing SourceLocation java_testcases.junit.QuixFixOracleHelper:21 which is executed by 2 tests
12:03:35.664 [pool-2-thread-1] DEBUG fr.inria.lille.repair.nopol.NoPol - cannot spoon SourceLocation java_testcases.junit.QuixFixOracleHelper:21
12:03:35.664 [pool-2-thread-1] DEBUG fr.inria.lille.repair.nopol.NoPol - statement #29
12:03:35.664 [pool-2-thread-1] DEBUG fr.inria.lille.repair.nopol.NoPol - Analysing SourceLocation java_testcases.junit.QuixFixOracleHelper:16 which is executed by 2 tests
12:03:35.664 [pool-2-thread-1] DEBUG fr.inria.lille.repair.nopol.NoPol - cannot spoon SourceLocation java_testcases.junit.QuixFixOracleHelper:16
12:03:35.664 [pool-2-thread-1] DEBUG fr.inria.lille.repair.nopol.NoPol - statement #30
12:03:35.664 [pool-2-thread-1] DEBUG fr.inria.lille.repair.nopol.NoPol - Analysing SourceLocation java_testcases.junit.QuixFixOracleHelper:15 which is executed by 2 tests
12:03:35.664 [pool-2-thread-1] DEBUG fr.inria.lille.repair.nopol.NoPol - cannot spoon SourceLocation java_testcases.junit.QuixFixOracleHelper:15
12:03:35.664 [pool-2-thread-1] DEBUG fr.inria.lille.repair.nopol.NoPol - statement #31
12:03:35.664 [pool-2-thread-1] DEBUG fr.inria.lille.repair.nopol.NoPol - Analysing SourceLocation java_testcases.junit.QuixFixOracleHelper:14 which is executed by 2 tests
12:03:35.664 [pool-2-thread-1] DEBUG fr.inria.lille.repair.nopol.NoPol - cannot spoon SourceLocation java_testcases.junit.QuixFixOracleHelper:14
12:03:35.664 [pool-2-thread-1] DEBUG fr.inria.lille.repair.nopol.NoPol - statement #32
12:03:35.664 [pool-2-thread-1] DEBUG fr.inria.lille.repair.nopol.NoPol - Analysing SourceLocation java_programs.PASCAL:39 which is executed by 2 tests
-1942067219
12:03:35.697 [pool-2-thread-1] INFO  fr.inria.lille.repair.nopol.NoPol - ----INFORMATION----
12:03:35.706 [pool-2-thread-1] INFO  fr.inria.lille.repair.nopol.NoPol - Nb classes : 3
12:03:35.707 [pool-2-thread-1] INFO  fr.inria.lille.repair.nopol.NoPol - Nb methods : 9
12:03:35.707 [pool-2-thread-1] INFO  fr.inria.lille.repair.nopol.NoPol - Nb Statements Analyzed : 13
12:03:35.707 [pool-2-thread-1] INFO  fr.inria.lille.repair.nopol.NoPol - Nb Statements with Angelic Value Found : 0
12:03:35.707 [pool-2-thread-1] INFO  fr.inria.lille.repair.nopol.NoPol - NoPol Execution time : 4305ms
12:03:35.707 [pool-2-thread-1] INFO  fr.inria.lille.repair.nopol.NoPol - 
NO_ANGELIC_VALUE
Command exited with non-zero status 255
11.19user 0.92system 0:05.11elapsed 236%CPU (0avgtext+0avgdata 483132maxresident)k
45496inputs+5760outputs (3major+165153minor)pagefaults 0swaps


Node: grisou-36.nancy.grid5000.fr



Date: Sun Dec  2 12:03:36 EST 2018

