cd /tmp/DynaMoth_Bug_dot_jar_Flink_6ecd0f82;
export JAVA_TOOL_OPTIONS="-Dfile.encoding=UTF8 -Duser.language=en-US -Duser.country=US -Duser.language=en";
TZ="America/New_York"; export TZ;
export PATH="/usr/lib/jvm/java-1.8.0-openjdk-amd64/bin/:$PATH";
export JAVA_HOME="/usr/lib/jvm/java-1.8.0-openjdk-amd64/bin/";
time java -Xmx4048m -cp /home/tdurieux/defects4j4repair/script/../repair_tools/nopol.jar:/usr/lib/jvm/java-1.8.0-openjdk-amd64/bin//../lib/tools.jar fr.inria.lille.repair.Main \
	--mode repair \
	--type pre_then_cond \
	--oracle angelic \
	--synthesis dynamoth \
	--flocal gzoltar \
	--json \
	--solver z3 \
	--solver-path /home/tdurieux/defects4j4repair/script/../libs/z3/build/z3 \
	--complianceLevel 7 \
	--source flink-compiler/src/main/java \
	--classpath "flink-compiler/target/classes:flink-compiler/target/test-classes:/tmp/DynaMoth_Bug_dot_jar_Flink_6ecd0f82/flink-shaded/target/classes:/tmp/DynaMoth_Bug_dot_jar_Flink_6ecd0f82/flink-core/target/classes:/tmp/DynaMoth_Bug_dot_jar_Flink_6ecd0f82/flink-java/target/classes:/tmp/DynaMoth_Bug_dot_jar_Flink_6ecd0f82/flink-runtime/target/classes:/tmp/DynaMoth_Bug_dot_jar_Flink_6ecd0f82/flink-clients/target/classes:/tmp/DynaMoth_Bug_dot_jar_Flink_6ecd0f82/flink-test-utils/target/classes:/tmp/DynaMoth_Bug_dot_jar_Flink_6ecd0f82/flink-scala/target/classes:/tmp/DynaMoth_Bug_dot_jar_Flink_6ecd0f82/flink-examples/flink-java-examples/target/classes:/tmp/DynaMoth_Bug_dot_jar_Flink_6ecd0f82/flink-examples/flink-scala-examples/target/classes:/tmp/DynaMoth_Bug_dot_jar_Flink_6ecd0f82/flink-tests/target/classes:/tmp/DynaMoth_Bug_dot_jar_Flink_6ecd0f82/flink-addons/flink-avro/target/classes:/tmp/DynaMoth_Bug_dot_jar_Flink_6ecd0f82/flink-addons/flink-jdbc/target/classes:/tmp/DynaMoth_Bug_dot_jar_Flink_6ecd0f82/flink-addons/flink-spargel/target/classes:/tmp/DynaMoth_Bug_dot_jar_Flink_6ecd0f82/flink-addons/flink-hadoop-compatibility/target/classes:/tmp/DynaMoth_Bug_dot_jar_Flink_6ecd0f82/flink-addons/flink-streaming/flink-streaming-core/target/classes:/tmp/DynaMoth_Bug_dot_jar_Flink_6ecd0f82/flink-addons/flink-streaming/flink-streaming-connectors/target/classes:/tmp/DynaMoth_Bug_dot_jar_Flink_6ecd0f82/flink-addons/flink-streaming/flink-streaming-examples/target/classes:/tmp/DynaMoth_Bug_dot_jar_Flink_6ecd0f82/flink-quickstart/flink-quickstart-java/target/classes:/tmp/DynaMoth_Bug_dot_jar_Flink_6ecd0f82/flink-quickstart/flink-quickstart-scala/target/classes:/tmp/DynaMoth_Bug_dot_jar_Flink_6ecd0f82/flink-java8/target/classes:/home/tdurieux/.m2/repository/io/netty/netty-all/4.0.21.Final/netty-all-4.0.21.Final.jar:/home/tdurieux/.m2/repository/org/scalamacros/quasiquotes_2.10/2.0.1/quasiquotes_2.10-2.0.1.jar:/home/tdurieux/.m2/repository/com/yammer/metrics/metrics-core/2.2.0/metrics-core-2.2.0.jar:/home/tdurieux/.m2/repository/com/thoughtworks/paranamer/paranamer/2.3/paranamer-2.3.jar:/home/tdurieux/.m2/repository/org/apache/httpcomponents/httpclient/4.2.5/httpclient-4.2.5.jar:/home/tdurieux/.m2/repository/hsqldb/hsqldb/1.8.0.10/hsqldb-1.8.0.10.jar:/home/tdurieux/.m2/repository/stax/stax-api/1.0.1/stax-api-1.0.1.jar:/home/tdurieux/.m2/repository/org/codehaus/jettison/jettison/1.1/jettison-1.1.jar:/home/tdurieux/.m2/repository/org/apache/mina/mina-core/2.0.4/mina-core-2.0.4.jar:/home/tdurieux/.m2/repository/com/google/code/simple-spring-memcached/spymemcached/2.8.4/spymemcached-2.8.4.jar:/home/tdurieux/.m2/repository/org/apache/avro/avro/1.7.6/avro-1.7.6.jar:/home/tdurieux/.m2/repository/org/apache/flink/flink-java/0.8-incubating-SNAPSHOT/flink-java-0.8-incubating-SNAPSHOT.jar:/home/tdurieux/.m2/repository/com/sun/jersey/jersey-server/1.8/jersey-server-1.8.jar:/home/tdurieux/.m2/repository/org/apache/sling/org.apache.sling.commons.json/2.0.6/org.apache.sling.commons.json-2.0.6.jar:/home/tdurieux/.m2/repository/org/eclipse/jetty/jetty-server/8.0.0.M1/jetty-server-8.0.0.M1.jar:/home/tdurieux/.m2/repository/com/google/guava/guava/17.0/guava-17.0.jar:/home/tdurieux/.m2/repository/org/apache/flink/flink-streaming-connectors/0.8-incubating-SNAPSHOT/flink-streaming-connectors-0.8-incubating-SNAPSHOT.jar:/home/tdurieux/.m2/repository/org/eclipse/jetty/jetty-continuation/8.0.0.M1/jetty-continuation-8.0.0.M1.jar:/home/tdurieux/.m2/repository/org/apache/flink/flink-streaming-examples/0.8-incubating-SNAPSHOT/flink-streaming-examples-0.8-incubating-SNAPSHOT.jar:/home/tdurieux/.m2/repository/org/apache/flink/flink-scala-examples/0.8-incubating-SNAPSHOT/flink-scala-examples-0.8-incubating-SNAPSHOT.jar:/home/tdurieux/.m2/repository/org/hamcrest/hamcrest-all/1.3/hamcrest-all-1.3.jar:/home/tdurieux/.m2/repository/org/apache/flink/flink-java-examples/0.8-incubating-SNAPSHOT/flink-java-examples-0.8-incubating-SNAPSHOT.jar:/home/tdurieux/.m2/repository/org/apache/avro/avro-ipc/1.7.6/avro-ipc-1.7.6.jar:/home/tdurieux/.m2/repository/javax/activation/activation/1.1/activation-1.1.jar:/home/tdurieux/.m2/repository/org/codehaus/jackson/jackson-jaxrs/1.7.1/jackson-jaxrs-1.7.1.jar:/home/tdurieux/.m2/repository/junit/junit/4.7/junit-4.7.jar:/home/tdurieux/.m2/repository/org/powermock/powermock-module-junit4-common/1.5.5/powermock-module-junit4-common-1.5.5.jar:/home/tdurieux/.m2/repository/commons-httpclient/commons-httpclient/3.0.1/commons-httpclient-3.0.1.jar:/home/tdurieux/.m2/repository/org/codehaus/jackson/jackson-mapper-asl/1.9.13/jackson-mapper-asl-1.9.13.jar:/home/tdurieux/.m2/repository/org/apache/flink/flink-core/0.8-incubating-SNAPSHOT/flink-core-0.8-incubating-SNAPSHOT.jar:/home/tdurieux/.m2/repository/org/powermock/powermock-reflect/1.5.5/powermock-reflect-1.5.5.jar:/home/tdurieux/.m2/repository/org/apache/flink/flink-java/0.8-incubating-SNAPSHOT/flink-java-0.8-incubating-SNAPSHOT-tests.jar:/home/tdurieux/.m2/repository/com/rabbitmq/amqp-client/3.3.1/amqp-client-3.3.1.jar:/home/tdurieux/.m2/repository/org/scala-lang/scala-compiler/2.10.4/scala-compiler-2.10.4.jar:/home/tdurieux/.m2/repository/commons-beanutils/commons-beanutils-core/1.8.0/commons-beanutils-core-1.8.0.jar:/home/tdurieux/.m2/repository/org/apache/flink/flink-spargel/0.8-incubating-SNAPSHOT/flink-spargel-0.8-incubating-SNAPSHOT.jar:/home/tdurieux/.m2/repository/com/esotericsoftware/kryo/kryo/2.24.0/kryo-2.24.0.jar:/home/tdurieux/.m2/repository/commons-io/commons-io/2.4/commons-io-2.4.jar:/home/tdurieux/.m2/repository/org/apache/hadoop/hadoop-core/1.2.1/hadoop-core-1.2.1.jar:/home/tdurieux/.m2/repository/org/scala-lang/scala-reflect/2.10.4/scala-reflect-2.10.4.jar:/home/tdurieux/.m2/repository/org/powermock/powermock-api-mockito/1.5.5/powermock-api-mockito-1.5.5.jar:/home/tdurieux/.m2/repository/joda-time/joda-time/2.10.1/joda-time-2.10.1.jar:/home/tdurieux/.m2/repository/org/hamcrest/hamcrest-core/1.3/hamcrest-core-1.3.jar:/home/tdurieux/.m2/repository/org/codehaus/jackson/jackson-core-asl/1.9.13/jackson-core-asl-1.9.13.jar:/home/tdurieux/.m2/repository/org/apache/flume/flume-ng-configuration/1.5.0/flume-ng-configuration-1.5.0.jar:/home/tdurieux/.m2/repository/commons-codec/commons-codec/1.6/commons-codec-1.6.jar:/home/tdurieux/.m2/repository/redis/clients/jedis/2.4.2/jedis-2.4.2.jar:/home/tdurieux/.m2/repository/com/sun/jersey/jersey-core/1.8/jersey-core-1.8.jar:/home/tdurieux/.m2/repository/javax/xml/stream/stax-api/1.0-2/stax-api-1.0-2.jar:/home/tdurieux/.m2/repository/commons-net/commons-net/1.4.1/commons-net-1.4.1.jar:/home/tdurieux/.m2/repository/commons-digester/commons-digester/1.8/commons-digester-1.8.jar:/home/tdurieux/.m2/repository/org/codehaus/jackson/jackson-mapper-asl/1.8.8/jackson-mapper-asl-1.8.8.jar:/home/tdurieux/.m2/repository/org/apache/zookeeper/zookeeper/3.3.4/zookeeper-3.3.4.jar:/home/tdurieux/.m2/repository/org/powermock/powermock-api-support/1.5.5/powermock-api-support-1.5.5.jar:/home/tdurieux/.m2/repository/org/apache/flink/flink-tests/0.8-incubating-SNAPSHOT/flink-tests-0.8-incubating-SNAPSHOT.jar:/home/tdurieux/.m2/repository/commons-lang/commons-lang/2.4/commons-lang-2.4.jar:/home/tdurieux/.m2/repository/log4j/log4j/1.2.17/log4j-1.2.17.jar:/home/tdurieux/.m2/repository/com/twitter/joauth/6.0.2/joauth-6.0.2.jar:/home/tdurieux/.m2/repository/javax/xml/bind/jaxb-api/2.2.2/jaxb-api-2.2.2.jar:/home/tdurieux/.m2/repository/commons-codec/commons-codec/1.3/commons-codec-1.3.jar:/home/tdurieux/.m2/repository/org/mockito/mockito-all/1.9.5/mockito-all-1.9.5.jar:/home/tdurieux/.m2/repository/org/apache/commons/commons-math/2.1/commons-math-2.1.jar:/home/tdurieux/.m2/repository/org/eclipse/jetty/jetty-io/8.0.0.M1/jetty-io-8.0.0.M1.jar:/home/tdurieux/.m2/repository/commons-beanutils/commons-beanutils/1.7.0/commons-beanutils-1.7.0.jar:/home/tdurieux/.m2/repository/com/google/code/findbugs/jsr305/1.3.9/jsr305-1.3.9.jar:/home/tdurieux/.m2/repository/com/fasterxml/jackson/core/jackson-databind/2.1.1/jackson-databind-2.1.1.jar:/home/tdurieux/.m2/repository/org/apache/httpcomponents/httpclient/4.2/httpclient-4.2.jar:/home/tdurieux/.m2/repository/xmlenc/xmlenc/0.52/xmlenc-0.52.jar:/home/tdurieux/.m2/repository/org/eclipse/jetty/jetty-security/8.0.0.M1/jetty-security-8.0.0.M1.jar:/home/tdurieux/.m2/repository/org/powermock/powermock-module-junit4/1.5.5/powermock-module-junit4-1.5.5.jar:/home/tdurieux/.m2/repository/org/apache/httpcomponents/httpcore/4.2/httpcore-4.2.jar:/home/tdurieux/.m2/repository/org/scala-lang/scala-library/2.10.4/scala-library-2.10.4.jar:/home/tdurieux/.m2/repository/org/apache/flink/flink-avro/0.8-incubating-SNAPSHOT/flink-avro-0.8-incubating-SNAPSHOT.jar:/home/tdurieux/.m2/repository/com/fasterxml/jackson/core/jackson-annotations/2.1.1/jackson-annotations-2.1.1.jar:/home/tdurieux/.m2/repository/com/sun/xml/bind/jaxb-impl/2.2.3-1/jaxb-impl-2.2.3-1.jar:/home/tdurieux/.m2/repository/org/objenesis/objenesis/2.1/objenesis-2.1.jar:/home/tdurieux/.m2/repository/org/apache/commons/commons-lang3/3.3.2/commons-lang3-3.3.2.jar:/home/tdurieux/.m2/repository/org/slf4j/slf4j-api/1.7.7/slf4j-api-1.7.7.jar:/home/tdurieux/.m2/repository/com/sun/jersey/jersey-json/1.8/jersey-json-1.8.jar:/home/tdurieux/.m2/repository/org/apache/flink/flink-shaded/0.8-incubating-SNAPSHOT/flink-shaded-0.8-incubating-SNAPSHOT.jar:/home/tdurieux/.m2/repository/jline/jline/0.9.94/jline-0.9.94.jar:/home/tdurieux/.m2/repository/org/apache/kafka/kafka_2.10/0.8.0/kafka_2.10-0.8.0.jar:/home/tdurieux/.m2/repository/org/javassist/javassist/3.18.1-GA/javassist-3.18.1-GA.jar:/home/tdurieux/.m2/repository/commons-io/commons-io/2.1/commons-io-2.1.jar:/home/tdurieux/.m2/repository/org/apache/commons/commons-math/2.2/commons-math-2.2.jar:/home/tdurieux/.m2/repository/org/slf4j/slf4j-log4j12/1.7.7/slf4j-log4j12-1.7.7.jar:/home/tdurieux/.m2/repository/org/ow2/asm/asm/4.0/asm-4.0.jar:/home/tdurieux/.m2/repository/org/codehaus/jackson/jackson-xc/1.7.1/jackson-xc-1.7.1.jar:/home/tdurieux/.m2/repository/org/apache/flume/flume-ng-core/1.5.0/flume-ng-core-1.5.0.jar:/home/tdurieux/.m2/repository/commons-fileupload/commons-fileupload/1.3.1/commons-fileupload-1.3.1.jar:/home/tdurieux/.m2/repository/commons-el/commons-el/1.0/commons-el-1.0.jar:/home/tdurieux/.m2/repository/org/apache/flink/flink-clients/0.8-incubating-SNAPSHOT/flink-clients-0.8-incubating-SNAPSHOT.jar:/home/tdurieux/.m2/repository/org/apache/flink/flink-runtime/0.8-incubating-SNAPSHOT/flink-runtime-0.8-incubating-SNAPSHOT.jar:/home/tdurieux/.m2/repository/com/esotericsoftware/minlog/minlog/1.2/minlog-1.2.jar:/home/tdurieux/.m2/repository/org/apache/commons/commons-pool2/2.0/commons-pool2-2.0.jar:/home/tdurieux/.m2/repository/org/tukaani/xz/1.0/xz-1.0.jar:/home/tdurieux/.m2/repository/org/apache/flink/flink-streaming-core/0.8-incubating-SNAPSHOT/flink-streaming-core-0.8-incubating-SNAPSHOT.jar:/home/tdurieux/.m2/repository/org/xerial/snappy/snappy-java/1.0.5/snappy-java-1.0.5.jar:/home/tdurieux/.m2/repository/org/apache/flink/flink-compiler/0.8-incubating-SNAPSHOT/flink-compiler-0.8-incubating-SNAPSHOT.jar:/home/tdurieux/.m2/repository/org/powermock/powermock-core/1.5.5/powermock-core-1.5.5.jar:/home/tdurieux/.m2/repository/org/mortbay/jetty/servlet-api/3.0.20100224/servlet-api-3.0.20100224.jar:/home/tdurieux/.m2/repository/com/twitter/hbc-core/2.2.0/hbc-core-2.2.0.jar:/home/tdurieux/.m2/repository/commons-logging/commons-logging/1.1.1/commons-logging-1.1.1.jar:/home/tdurieux/.m2/repository/com/google/guava/guava/11.0.2/guava-11.0.2.jar:/home/tdurieux/.m2/repository/org/eclipse/jetty/jetty-util/8.0.0.M1/jetty-util-8.0.0.M1.jar:/home/tdurieux/.m2/repository/org/eclipse/jetty/jetty-http/8.0.0.M1/jetty-http-8.0.0.M1.jar:/home/tdurieux/.m2/repository/org/apache/flume/flume-ng-sdk/1.5.0/flume-ng-sdk-1.5.0.jar:/home/tdurieux/.m2/repository/org/apache/flink/flink-core/0.8-incubating-SNAPSHOT/flink-core-0.8-incubating-SNAPSHOT-tests.jar:/home/tdurieux/.m2/repository/commons-cli/commons-cli/1.2/commons-cli-1.2.jar:/home/tdurieux/.m2/repository/org/apache/flink/flink-scala/0.8-incubating-SNAPSHOT/flink-scala-0.8-incubating-SNAPSHOT.jar:/home/tdurieux/.m2/repository/org/scalatest/scalatest_2.10/2.2.0/scalatest_2.10-2.2.0.jar:/home/tdurieux/.m2/repository/com/amazonaws/aws-java-sdk/1.8.1/aws-java-sdk-1.8.1.jar:/home/tdurieux/.m2/repository/org/scala-lang/scala-library/2.10.1/scala-library-2.10.1.jar:/home/tdurieux/.m2/repository/org/fusesource/leveldbjni/leveldbjni-all/1.8/leveldbjni-all-1.8.jar:/home/tdurieux/.m2/repository/org/apache/commons/commons-compress/1.4.1/commons-compress-1.4.1.jar:/home/tdurieux/.m2/repository/org/apache/flink/flink-test-utils/0.8-incubating-SNAPSHOT/flink-test-utils-0.8-incubating-SNAPSHOT.jar:/home/tdurieux/.m2/repository/com/101tec/zkclient/0.3/zkclient-0.3.jar:/home/tdurieux/.m2/repository/junit/junit/4.11/junit-4.11.jar:/home/tdurieux/.m2/repository/commons-configuration/commons-configuration/1.6/commons-configuration-1.6.jar:/home/tdurieux/.m2/repository/net/java/dev/jets3t/jets3t/0.6.1/jets3t-0.6.1.jar:/home/tdurieux/.m2/repository/com/fasterxml/jackson/core/jackson-core/2.1.1/jackson-core-2.1.1.jar:/home/tdurieux/.m2/repository/org/eclipse/jetty/jetty-servlet/8.0.0.M1/jetty-servlet-8.0.0.M1.jar:/home/tdurieux/.m2/repository/io/netty/netty/3.5.12.Final/netty-3.5.12.Final.jar:/home/tdurieux/.m2/repository/oro/oro/2.0.8/oro-2.0.8.jar:/home/tdurieux/.m2/repository/org/apache/httpcomponents/httpcore/4.2.4/httpcore-4.2.4.jar:/home/tdurieux/.m2/repository/commons-collections/commons-collections/3.2.1/commons-collections-3.2.1.jar:/home/tdurieux/.m2/repository/org/apache/derby/derby/10.10.1.1/derby-10.10.1.1.jar:/home/tdurieux/defects4j4repair/script/../repair_tools/nopol.jar";
	echo "\n\nNode: `hostname`\n";
	echo "\n\nDate: `date`\n";
Picked up JAVA_TOOL_OPTIONS: -Dfile.encoding=UTF8 -Duser.language=en-US -Duser.country=US -Duser.language=en
java.lang.ClassNotFoundException: archetype-resources.src.main.java.WordCountJob
	at java.net.URLClassLoader.findClass(URLClassLoader.java:382)
	at java.lang.ClassLoader.loadClass(ClassLoader.java:424)
	at java.lang.ClassLoader.loadClass(ClassLoader.java:357)
	at java.lang.Class.forName0(Native Method)
	at java.lang.Class.forName(Class.java:348)
	at sacha.finder.processor.Processor.process(Processor.java:55)
	at fr.inria.lille.repair.common.finder.TestClassFinderRunner.call(TestClassFinderRunner.java:27)
	at fr.inria.lille.repair.common.finder.TestClassFinderRunner.call(TestClassFinderRunner.java:19)
	at java.util.concurrent.FutureTask.run(FutureTask.java:266)
	at java.util.concurrent.ThreadPoolExecutor.runWorker(ThreadPoolExecutor.java:1149)
	at java.util.concurrent.ThreadPoolExecutor$Worker.run(ThreadPoolExecutor.java:624)
	at java.lang.Thread.run(Thread.java:748)
java.lang.ClassNotFoundException: archetype-resources.src.main.java.Job
	at java.net.URLClassLoader.findClass(URLClassLoader.java:382)
	at java.lang.ClassLoader.loadClass(ClassLoader.java:424)
	at java.lang.ClassLoader.loadClass(ClassLoader.java:357)
	at java.lang.Class.forName0(Native Method)
	at java.lang.Class.forName(Class.java:348)
	at sacha.finder.processor.Processor.process(Processor.java:55)
	at fr.inria.lille.repair.common.finder.TestClassFinderRunner.call(TestClassFinderRunner.java:27)
	at fr.inria.lille.repair.common.finder.TestClassFinderRunner.call(TestClassFinderRunner.java:19)
	at java.util.concurrent.FutureTask.run(FutureTask.java:266)
	at java.util.concurrent.ThreadPoolExecutor.runWorker(ThreadPoolExecutor.java:1149)
	at java.util.concurrent.ThreadPoolExecutor$Worker.run(ThreadPoolExecutor.java:624)
	at java.lang.Thread.run(Thread.java:748)
19:59:36.703 [main] INFO  fr.inria.lille.repair.nopol.NoPol - Source files: [flink-compiler/src/main/java]
19:59:36.711 [main] INFO  fr.inria.lille.repair.nopol.NoPol - Classpath: [file:/tmp/DynaMoth_Bug_dot_jar_Flink_6ecd0f82/flink-compiler/target/classes/, file:/tmp/DynaMoth_Bug_dot_jar_Flink_6ecd0f82/flink-compiler/target/test-classes/, file:/tmp/DynaMoth_Bug_dot_jar_Flink_6ecd0f82/flink-shaded/target/classes/, file:/tmp/DynaMoth_Bug_dot_jar_Flink_6ecd0f82/flink-core/target/classes/, file:/tmp/DynaMoth_Bug_dot_jar_Flink_6ecd0f82/flink-java/target/classes/, file:/tmp/DynaMoth_Bug_dot_jar_Flink_6ecd0f82/flink-runtime/target/classes/, file:/tmp/DynaMoth_Bug_dot_jar_Flink_6ecd0f82/flink-clients/target/classes/, file:/tmp/DynaMoth_Bug_dot_jar_Flink_6ecd0f82/flink-test-utils/target/classes/, file:/tmp/DynaMoth_Bug_dot_jar_Flink_6ecd0f82/flink-scala/target/classes/, file:/tmp/DynaMoth_Bug_dot_jar_Flink_6ecd0f82/flink-examples/flink-java-examples/target/classes/, file:/tmp/DynaMoth_Bug_dot_jar_Flink_6ecd0f82/flink-examples/flink-scala-examples/target/classes/, file:/tmp/DynaMoth_Bug_dot_jar_Flink_6ecd0f82/flink-tests/target/classes/, file:/tmp/DynaMoth_Bug_dot_jar_Flink_6ecd0f82/flink-addons/flink-avro/target/classes/, file:/tmp/DynaMoth_Bug_dot_jar_Flink_6ecd0f82/flink-addons/flink-jdbc/target/classes/, file:/tmp/DynaMoth_Bug_dot_jar_Flink_6ecd0f82/flink-addons/flink-spargel/target/classes/, file:/tmp/DynaMoth_Bug_dot_jar_Flink_6ecd0f82/flink-addons/flink-hadoop-compatibility/target/classes/, file:/tmp/DynaMoth_Bug_dot_jar_Flink_6ecd0f82/flink-addons/flink-streaming/flink-streaming-core/target/classes/, file:/tmp/DynaMoth_Bug_dot_jar_Flink_6ecd0f82/flink-addons/flink-streaming/flink-streaming-connectors/target/classes/, file:/tmp/DynaMoth_Bug_dot_jar_Flink_6ecd0f82/flink-addons/flink-streaming/flink-streaming-examples/target/classes/, file:/tmp/DynaMoth_Bug_dot_jar_Flink_6ecd0f82/flink-quickstart/flink-quickstart-java/target/classes/, file:/tmp/DynaMoth_Bug_dot_jar_Flink_6ecd0f82/flink-quickstart/flink-quickstart-scala/target/classes/, file:/tmp/DynaMoth_Bug_dot_jar_Flink_6ecd0f82/flink-java8/target/classes/, file:/home/tdurieux/.m2/repository/io/netty/netty-all/4.0.21.Final/netty-all-4.0.21.Final.jar, file:/home/tdurieux/.m2/repository/org/scalamacros/quasiquotes_2.10/2.0.1/quasiquotes_2.10-2.0.1.jar, file:/home/tdurieux/.m2/repository/com/yammer/metrics/metrics-core/2.2.0/metrics-core-2.2.0.jar, file:/home/tdurieux/.m2/repository/com/thoughtworks/paranamer/paranamer/2.3/paranamer-2.3.jar, file:/home/tdurieux/.m2/repository/org/apache/httpcomponents/httpclient/4.2.5/httpclient-4.2.5.jar, file:/home/tdurieux/.m2/repository/hsqldb/hsqldb/1.8.0.10/hsqldb-1.8.0.10.jar, file:/home/tdurieux/.m2/repository/stax/stax-api/1.0.1/stax-api-1.0.1.jar, file:/home/tdurieux/.m2/repository/org/codehaus/jettison/jettison/1.1/jettison-1.1.jar, file:/home/tdurieux/.m2/repository/org/apache/mina/mina-core/2.0.4/mina-core-2.0.4.jar, file:/home/tdurieux/.m2/repository/com/google/code/simple-spring-memcached/spymemcached/2.8.4/spymemcached-2.8.4.jar, file:/home/tdurieux/.m2/repository/org/apache/avro/avro/1.7.6/avro-1.7.6.jar, file:/home/tdurieux/.m2/repository/org/apache/flink/flink-java/0.8-incubating-SNAPSHOT/flink-java-0.8-incubating-SNAPSHOT.jar, file:/home/tdurieux/.m2/repository/com/sun/jersey/jersey-server/1.8/jersey-server-1.8.jar, file:/home/tdurieux/.m2/repository/org/apache/sling/org.apache.sling.commons.json/2.0.6/org.apache.sling.commons.json-2.0.6.jar, file:/home/tdurieux/.m2/repository/org/eclipse/jetty/jetty-server/8.0.0.M1/jetty-server-8.0.0.M1.jar, file:/home/tdurieux/.m2/repository/com/google/guava/guava/17.0/guava-17.0.jar, file:/home/tdurieux/.m2/repository/org/apache/flink/flink-streaming-connectors/0.8-incubating-SNAPSHOT/flink-streaming-connectors-0.8-incubating-SNAPSHOT.jar, file:/home/tdurieux/.m2/repository/org/eclipse/jetty/jetty-continuation/8.0.0.M1/jetty-continuation-8.0.0.M1.jar, file:/home/tdurieux/.m2/repository/org/apache/flink/flink-streaming-examples/0.8-incubating-SNAPSHOT/flink-streaming-examples-0.8-incubating-SNAPSHOT.jar, file:/home/tdurieux/.m2/repository/org/apache/flink/flink-scala-examples/0.8-incubating-SNAPSHOT/flink-scala-examples-0.8-incubating-SNAPSHOT.jar, file:/home/tdurieux/.m2/repository/org/hamcrest/hamcrest-all/1.3/hamcrest-all-1.3.jar, file:/home/tdurieux/.m2/repository/org/apache/flink/flink-java-examples/0.8-incubating-SNAPSHOT/flink-java-examples-0.8-incubating-SNAPSHOT.jar, file:/home/tdurieux/.m2/repository/org/apache/avro/avro-ipc/1.7.6/avro-ipc-1.7.6.jar, file:/home/tdurieux/.m2/repository/javax/activation/activation/1.1/activation-1.1.jar, file:/home/tdurieux/.m2/repository/org/codehaus/jackson/jackson-jaxrs/1.7.1/jackson-jaxrs-1.7.1.jar, file:/home/tdurieux/.m2/repository/junit/junit/4.7/junit-4.7.jar, file:/home/tdurieux/.m2/repository/org/powermock/powermock-module-junit4-common/1.5.5/powermock-module-junit4-common-1.5.5.jar, file:/home/tdurieux/.m2/repository/commons-httpclient/commons-httpclient/3.0.1/commons-httpclient-3.0.1.jar, file:/home/tdurieux/.m2/repository/org/codehaus/jackson/jackson-mapper-asl/1.9.13/jackson-mapper-asl-1.9.13.jar, file:/home/tdurieux/.m2/repository/org/apache/flink/flink-core/0.8-incubating-SNAPSHOT/flink-core-0.8-incubating-SNAPSHOT.jar, file:/home/tdurieux/.m2/repository/org/powermock/powermock-reflect/1.5.5/powermock-reflect-1.5.5.jar, file:/home/tdurieux/.m2/repository/org/apache/flink/flink-java/0.8-incubating-SNAPSHOT/flink-java-0.8-incubating-SNAPSHOT-tests.jar, file:/home/tdurieux/.m2/repository/com/rabbitmq/amqp-client/3.3.1/amqp-client-3.3.1.jar, file:/home/tdurieux/.m2/repository/org/scala-lang/scala-compiler/2.10.4/scala-compiler-2.10.4.jar, file:/home/tdurieux/.m2/repository/commons-beanutils/commons-beanutils-core/1.8.0/commons-beanutils-core-1.8.0.jar, file:/home/tdurieux/.m2/repository/org/apache/flink/flink-spargel/0.8-incubating-SNAPSHOT/flink-spargel-0.8-incubating-SNAPSHOT.jar, file:/home/tdurieux/.m2/repository/com/esotericsoftware/kryo/kryo/2.24.0/kryo-2.24.0.jar, file:/home/tdurieux/.m2/repository/commons-io/commons-io/2.4/commons-io-2.4.jar, file:/home/tdurieux/.m2/repository/org/apache/hadoop/hadoop-core/1.2.1/hadoop-core-1.2.1.jar, file:/home/tdurieux/.m2/repository/org/scala-lang/scala-reflect/2.10.4/scala-reflect-2.10.4.jar, file:/home/tdurieux/.m2/repository/org/powermock/powermock-api-mockito/1.5.5/powermock-api-mockito-1.5.5.jar, file:/home/tdurieux/.m2/repository/joda-time/joda-time/2.10.1/joda-time-2.10.1.jar, file:/home/tdurieux/.m2/repository/org/hamcrest/hamcrest-core/1.3/hamcrest-core-1.3.jar, file:/home/tdurieux/.m2/repository/org/codehaus/jackson/jackson-core-asl/1.9.13/jackson-core-asl-1.9.13.jar, file:/home/tdurieux/.m2/repository/org/apache/flume/flume-ng-configuration/1.5.0/flume-ng-configuration-1.5.0.jar, file:/home/tdurieux/.m2/repository/commons-codec/commons-codec/1.6/commons-codec-1.6.jar, file:/home/tdurieux/.m2/repository/redis/clients/jedis/2.4.2/jedis-2.4.2.jar, file:/home/tdurieux/.m2/repository/com/sun/jersey/jersey-core/1.8/jersey-core-1.8.jar, file:/home/tdurieux/.m2/repository/javax/xml/stream/stax-api/1.0-2/stax-api-1.0-2.jar, file:/home/tdurieux/.m2/repository/commons-net/commons-net/1.4.1/commons-net-1.4.1.jar, file:/home/tdurieux/.m2/repository/commons-digester/commons-digester/1.8/commons-digester-1.8.jar, file:/home/tdurieux/.m2/repository/org/codehaus/jackson/jackson-mapper-asl/1.8.8/jackson-mapper-asl-1.8.8.jar, file:/home/tdurieux/.m2/repository/org/apache/zookeeper/zookeeper/3.3.4/zookeeper-3.3.4.jar, file:/home/tdurieux/.m2/repository/org/powermock/powermock-api-support/1.5.5/powermock-api-support-1.5.5.jar, file:/home/tdurieux/.m2/repository/org/apache/flink/flink-tests/0.8-incubating-SNAPSHOT/flink-tests-0.8-incubating-SNAPSHOT.jar, file:/home/tdurieux/.m2/repository/commons-lang/commons-lang/2.4/commons-lang-2.4.jar, file:/home/tdurieux/.m2/repository/log4j/log4j/1.2.17/log4j-1.2.17.jar, file:/home/tdurieux/.m2/repository/com/twitter/joauth/6.0.2/joauth-6.0.2.jar, file:/home/tdurieux/.m2/repository/javax/xml/bind/jaxb-api/2.2.2/jaxb-api-2.2.2.jar, file:/home/tdurieux/.m2/repository/commons-codec/commons-codec/1.3/commons-codec-1.3.jar, file:/home/tdurieux/.m2/repository/org/mockito/mockito-all/1.9.5/mockito-all-1.9.5.jar, file:/home/tdurieux/.m2/repository/org/apache/commons/commons-math/2.1/commons-math-2.1.jar, file:/home/tdurieux/.m2/repository/org/eclipse/jetty/jetty-io/8.0.0.M1/jetty-io-8.0.0.M1.jar, file:/home/tdurieux/.m2/repository/commons-beanutils/commons-beanutils/1.7.0/commons-beanutils-1.7.0.jar, file:/home/tdurieux/.m2/repository/com/google/code/findbugs/jsr305/1.3.9/jsr305-1.3.9.jar, file:/home/tdurieux/.m2/repository/com/fasterxml/jackson/core/jackson-databind/2.1.1/jackson-databind-2.1.1.jar, file:/home/tdurieux/.m2/repository/org/apache/httpcomponents/httpclient/4.2/httpclient-4.2.jar, file:/home/tdurieux/.m2/repository/xmlenc/xmlenc/0.52/xmlenc-0.52.jar, file:/home/tdurieux/.m2/repository/org/eclipse/jetty/jetty-security/8.0.0.M1/jetty-security-8.0.0.M1.jar, file:/home/tdurieux/.m2/repository/org/powermock/powermock-module-junit4/1.5.5/powermock-module-junit4-1.5.5.jar, file:/home/tdurieux/.m2/repository/org/apache/httpcomponents/httpcore/4.2/httpcore-4.2.jar, file:/home/tdurieux/.m2/repository/org/scala-lang/scala-library/2.10.4/scala-library-2.10.4.jar, file:/home/tdurieux/.m2/repository/org/apache/flink/flink-avro/0.8-incubating-SNAPSHOT/flink-avro-0.8-incubating-SNAPSHOT.jar, file:/home/tdurieux/.m2/repository/com/fasterxml/jackson/core/jackson-annotations/2.1.1/jackson-annotations-2.1.1.jar, file:/home/tdurieux/.m2/repository/com/sun/xml/bind/jaxb-impl/2.2.3-1/jaxb-impl-2.2.3-1.jar, file:/home/tdurieux/.m2/repository/org/objenesis/objenesis/2.1/objenesis-2.1.jar, file:/home/tdurieux/.m2/repository/org/apache/commons/commons-lang3/3.3.2/commons-lang3-3.3.2.jar, file:/home/tdurieux/.m2/repository/org/slf4j/slf4j-api/1.7.7/slf4j-api-1.7.7.jar, file:/home/tdurieux/.m2/repository/com/sun/jersey/jersey-json/1.8/jersey-json-1.8.jar, file:/home/tdurieux/.m2/repository/org/apache/flink/flink-shaded/0.8-incubating-SNAPSHOT/flink-shaded-0.8-incubating-SNAPSHOT.jar, file:/home/tdurieux/.m2/repository/jline/jline/0.9.94/jline-0.9.94.jar, file:/home/tdurieux/.m2/repository/org/apache/kafka/kafka_2.10/0.8.0/kafka_2.10-0.8.0.jar, file:/home/tdurieux/.m2/repository/org/javassist/javassist/3.18.1-GA/javassist-3.18.1-GA.jar, file:/home/tdurieux/.m2/repository/commons-io/commons-io/2.1/commons-io-2.1.jar, file:/home/tdurieux/.m2/repository/org/apache/commons/commons-math/2.2/commons-math-2.2.jar, file:/home/tdurieux/.m2/repository/org/slf4j/slf4j-log4j12/1.7.7/slf4j-log4j12-1.7.7.jar, file:/home/tdurieux/.m2/repository/org/ow2/asm/asm/4.0/asm-4.0.jar, file:/home/tdurieux/.m2/repository/org/codehaus/jackson/jackson-xc/1.7.1/jackson-xc-1.7.1.jar, file:/home/tdurieux/.m2/repository/org/apache/flume/flume-ng-core/1.5.0/flume-ng-core-1.5.0.jar, file:/home/tdurieux/.m2/repository/commons-fileupload/commons-fileupload/1.3.1/commons-fileupload-1.3.1.jar, file:/home/tdurieux/.m2/repository/commons-el/commons-el/1.0/commons-el-1.0.jar, file:/home/tdurieux/.m2/repository/org/apache/flink/flink-clients/0.8-incubating-SNAPSHOT/flink-clients-0.8-incubating-SNAPSHOT.jar, file:/home/tdurieux/.m2/repository/org/apache/flink/flink-runtime/0.8-incubating-SNAPSHOT/flink-runtime-0.8-incubating-SNAPSHOT.jar, file:/home/tdurieux/.m2/repository/com/esotericsoftware/minlog/minlog/1.2/minlog-1.2.jar, file:/home/tdurieux/.m2/repository/org/apache/commons/commons-pool2/2.0/commons-pool2-2.0.jar, file:/home/tdurieux/.m2/repository/org/tukaani/xz/1.0/xz-1.0.jar, file:/home/tdurieux/.m2/repository/org/apache/flink/flink-streaming-core/0.8-incubating-SNAPSHOT/flink-streaming-core-0.8-incubating-SNAPSHOT.jar, file:/home/tdurieux/.m2/repository/org/xerial/snappy/snappy-java/1.0.5/snappy-java-1.0.5.jar, file:/home/tdurieux/.m2/repository/org/apache/flink/flink-compiler/0.8-incubating-SNAPSHOT/flink-compiler-0.8-incubating-SNAPSHOT.jar, file:/home/tdurieux/.m2/repository/org/powermock/powermock-core/1.5.5/powermock-core-1.5.5.jar, file:/home/tdurieux/.m2/repository/org/mortbay/jetty/servlet-api/3.0.20100224/servlet-api-3.0.20100224.jar, file:/home/tdurieux/.m2/repository/com/twitter/hbc-core/2.2.0/hbc-core-2.2.0.jar, file:/home/tdurieux/.m2/repository/commons-logging/commons-logging/1.1.1/commons-logging-1.1.1.jar, file:/home/tdurieux/.m2/repository/com/google/guava/guava/11.0.2/guava-11.0.2.jar, file:/home/tdurieux/.m2/repository/org/eclipse/jetty/jetty-util/8.0.0.M1/jetty-util-8.0.0.M1.jar, file:/home/tdurieux/.m2/repository/org/eclipse/jetty/jetty-http/8.0.0.M1/jetty-http-8.0.0.M1.jar, file:/home/tdurieux/.m2/repository/org/apache/flume/flume-ng-sdk/1.5.0/flume-ng-sdk-1.5.0.jar, file:/home/tdurieux/.m2/repository/org/apache/flink/flink-core/0.8-incubating-SNAPSHOT/flink-core-0.8-incubating-SNAPSHOT-tests.jar, file:/home/tdurieux/.m2/repository/commons-cli/commons-cli/1.2/commons-cli-1.2.jar, file:/home/tdurieux/.m2/repository/org/apache/flink/flink-scala/0.8-incubating-SNAPSHOT/flink-scala-0.8-incubating-SNAPSHOT.jar, file:/home/tdurieux/.m2/repository/org/scalatest/scalatest_2.10/2.2.0/scalatest_2.10-2.2.0.jar, file:/home/tdurieux/.m2/repository/com/amazonaws/aws-java-sdk/1.8.1/aws-java-sdk-1.8.1.jar, file:/home/tdurieux/.m2/repository/org/scala-lang/scala-library/2.10.1/scala-library-2.10.1.jar, file:/home/tdurieux/.m2/repository/org/fusesource/leveldbjni/leveldbjni-all/1.8/leveldbjni-all-1.8.jar, file:/home/tdurieux/.m2/repository/org/apache/commons/commons-compress/1.4.1/commons-compress-1.4.1.jar, file:/home/tdurieux/.m2/repository/org/apache/flink/flink-test-utils/0.8-incubating-SNAPSHOT/flink-test-utils-0.8-incubating-SNAPSHOT.jar, file:/home/tdurieux/.m2/repository/com/101tec/zkclient/0.3/zkclient-0.3.jar, file:/home/tdurieux/.m2/repository/junit/junit/4.11/junit-4.11.jar, file:/home/tdurieux/.m2/repository/commons-configuration/commons-configuration/1.6/commons-configuration-1.6.jar, file:/home/tdurieux/.m2/repository/net/java/dev/jets3t/jets3t/0.6.1/jets3t-0.6.1.jar, file:/home/tdurieux/.m2/repository/com/fasterxml/jackson/core/jackson-core/2.1.1/jackson-core-2.1.1.jar, file:/home/tdurieux/.m2/repository/org/eclipse/jetty/jetty-servlet/8.0.0.M1/jetty-servlet-8.0.0.M1.jar, file:/home/tdurieux/.m2/repository/io/netty/netty/3.5.12.Final/netty-3.5.12.Final.jar, file:/home/tdurieux/.m2/repository/oro/oro/2.0.8/oro-2.0.8.jar, file:/home/tdurieux/.m2/repository/org/apache/httpcomponents/httpcore/4.2.4/httpcore-4.2.4.jar, file:/home/tdurieux/.m2/repository/commons-collections/commons-collections/3.2.1/commons-collections-3.2.1.jar, file:/home/tdurieux/.m2/repository/org/apache/derby/derby/10.10.1.1/derby-10.10.1.1.jar, file:/home/tdurieux/defects4j4repair/script/../repair_tools/nopol.jar]
19:59:36.711 [main] INFO  fr.inria.lille.repair.nopol.NoPol - Statement type: PRE_THEN_COND
19:59:36.712 [main] INFO  fr.inria.lille.repair.nopol.NoPol - Args: [org.apache.flink.compiler.AdditionalOperatorsTest, org.apache.flink.compiler.BranchingPlansCompilerTest, org.apache.flink.compiler.BroadcastVariablePipelinebreakerTest, org.apache.flink.compiler.CachedMatchStrategyCompilerTest, org.apache.flink.compiler.CoGroupSolutionSetFirstTest, org.apache.flink.compiler.DOPChangeTest, org.apache.flink.compiler.FeedbackPropertiesMatchTest, org.apache.flink.compiler.GroupOrderTest, org.apache.flink.compiler.HardPlansCompilationTest, org.apache.flink.compiler.IterationsCompilerTest, org.apache.flink.compiler.PartitionPushdownTest, org.apache.flink.compiler.PipelineBreakerTest, org.apache.flink.compiler.ReduceAllTest, org.apache.flink.compiler.UnionPropertyPropagationTest, org.apache.flink.compiler.UnionReplacementTest, org.apache.flink.compiler.WorksetIterationCornerCasesTest, org.apache.flink.compiler.WorksetIterationsRecordApiCompilerTest, org.apache.flink.compiler.costs.DefaultCostEstimatorTest, org.apache.flink.compiler.java.DeltaIterationDependenciesTest, org.apache.flink.compiler.java.GroupReduceCompilationTest, org.apache.flink.compiler.java.IterationCompilerTest, org.apache.flink.compiler.java.JoinTranslationTest, org.apache.flink.compiler.java.ReduceCompilationTest, org.apache.flink.compiler.java.WorksetIterationsJavaApiCompilerTest, org.apache.flink.compiler.plan.ChannelTest, org.apache.flink.compiler.plandump.NumberFormattingTest]
19:59:36.714 [main] INFO  fr.inria.lille.repair.nopol.NoPol - Config: Config{synthesisDepth=3, collectStaticMethods=true, collectStaticFields=false, collectLiterals=false, onlyOneSynthesisResult=true, sortExpressions=true, maxLineInvocationPerTest=250, timeoutMethodInvocation=2000, dataCollectionTimeoutInSecondForSynthesis=900, addWeight=0.19478, subWeight=0.04554, mulWeight=0.0102, divWeight=0.00613, andWeight=0.10597, orWeight=0.05708, eqWeight=0.22798, nEqWeight=0.0, lessEqWeight=0.0255, lessWeight=0.0947, methodCallWeight=0.1, fieldAccessWeight=0.08099, constantWeight=0.14232, variableWeight=0.05195, mode=REPAIR, type=PRE_THEN_COND, synthesis=DYNAMOTH, oracle=ANGELIC, solver=Z3, solverPath='/home/tdurieux/defects4j4repair/script/../libs/z3/build/z3', projectSources=[flink-compiler/src/main/java], projectClasspath='[Ljava.net.URL;@6debcae2', projectTests=[org.apache.flink.compiler.AdditionalOperatorsTest, org.apache.flink.compiler.BranchingPlansCompilerTest, org.apache.flink.compiler.BroadcastVariablePipelinebreakerTest, org.apache.flink.compiler.CachedMatchStrategyCompilerTest, org.apache.flink.compiler.CoGroupSolutionSetFirstTest, org.apache.flink.compiler.DOPChangeTest, org.apache.flink.compiler.FeedbackPropertiesMatchTest, org.apache.flink.compiler.GroupOrderTest, org.apache.flink.compiler.HardPlansCompilationTest, org.apache.flink.compiler.IterationsCompilerTest, org.apache.flink.compiler.PartitionPushdownTest, org.apache.flink.compiler.PipelineBreakerTest, org.apache.flink.compiler.ReduceAllTest, org.apache.flink.compiler.UnionPropertyPropagationTest, org.apache.flink.compiler.UnionReplacementTest, org.apache.flink.compiler.WorksetIterationCornerCasesTest, org.apache.flink.compiler.WorksetIterationsRecordApiCompilerTest, org.apache.flink.compiler.costs.DefaultCostEstimatorTest, org.apache.flink.compiler.java.DeltaIterationDependenciesTest, org.apache.flink.compiler.java.GroupReduceCompilationTest, org.apache.flink.compiler.java.IterationCompilerTest, org.apache.flink.compiler.java.JoinTranslationTest, org.apache.flink.compiler.java.ReduceCompilationTest, org.apache.flink.compiler.java.WorksetIterationsJavaApiCompilerTest, org.apache.flink.compiler.plan.ChannelTest, org.apache.flink.compiler.plandump.NumberFormattingTest], complianceLevel=7, outputFolder=., json=true}
19:59:36.714 [main] INFO  fr.inria.lille.repair.nopol.NoPol - Available processors (cores): 8
19:59:36.722 [main] INFO  fr.inria.lille.repair.nopol.NoPol - Free memory: 290 MB
19:59:36.722 [main] INFO  fr.inria.lille.repair.nopol.NoPol - Maximum memory: 3 GB
19:59:36.722 [main] INFO  fr.inria.lille.repair.nopol.NoPol - Total memory available to JVM: 304 MB
19:59:36.722 [main] INFO  fr.inria.lille.repair.nopol.NoPol - Java version: 1.8.0_181
19:59:36.724 [main] INFO  fr.inria.lille.repair.nopol.NoPol - JAVA_HOME: /usr/lib/jvm/java-1.8.0-openjdk-amd64/bin/
19:59:36.724 [main] INFO  fr.inria.lille.repair.nopol.NoPol - PATH: /usr/lib/jvm/java-1.8.0-openjdk-amd64/bin/:/usr/lib/oar/oardodo:/usr/lib/oar/oardodo:/usr/local/bin:/usr/bin:/bin:/usr/games
19:59:49.233 [pool-2-thread-1] DEBUG fr.inria.lille.repair.nopol.NoPol - statement #1
19:59:49.234 [pool-2-thread-1] DEBUG fr.inria.lille.repair.nopol.NoPol - Analysing SourceLocation org.apache.flink.api.common.operators.util.FieldSet:227 which is executed by 1 tests
19:59:49.234 [pool-2-thread-1] DEBUG fr.inria.lille.repair.nopol.NoPol - cannot spoon SourceLocation org.apache.flink.api.common.operators.util.FieldSet:227
19:59:49.234 [pool-2-thread-1] DEBUG fr.inria.lille.repair.nopol.NoPol - statement #2
19:59:49.235 [pool-2-thread-1] DEBUG fr.inria.lille.repair.nopol.NoPol - Analysing SourceLocation org.apache.flink.api.common.operators.Ordering:198 which is executed by 1 tests
19:59:49.235 [pool-2-thread-1] DEBUG fr.inria.lille.repair.nopol.NoPol - cannot spoon SourceLocation org.apache.flink.api.common.operators.Ordering:198
19:59:49.235 [pool-2-thread-1] DEBUG fr.inria.lille.repair.nopol.NoPol - statement #3
19:59:49.235 [pool-2-thread-1] DEBUG fr.inria.lille.repair.nopol.NoPol - Analysing SourceLocation org.apache.flink.api.common.operators.Ordering:196 which is executed by 1 tests
19:59:49.236 [pool-2-thread-1] DEBUG fr.inria.lille.repair.nopol.NoPol - cannot spoon SourceLocation org.apache.flink.api.common.operators.Ordering:196
19:59:49.236 [pool-2-thread-1] DEBUG fr.inria.lille.repair.nopol.NoPol - statement #4
19:59:49.236 [pool-2-thread-1] DEBUG fr.inria.lille.repair.nopol.NoPol - Analysing SourceLocation org.apache.flink.api.common.operators.Ordering:195 which is executed by 1 tests
19:59:49.236 [pool-2-thread-1] DEBUG fr.inria.lille.repair.nopol.NoPol - cannot spoon SourceLocation org.apache.flink.api.common.operators.Ordering:195
19:59:49.236 [pool-2-thread-1] DEBUG fr.inria.lille.repair.nopol.NoPol - statement #5
19:59:49.236 [pool-2-thread-1] DEBUG fr.inria.lille.repair.nopol.NoPol - Analysing SourceLocation org.apache.flink.api.common.operators.Ordering:194 which is executed by 1 tests
19:59:49.237 [pool-2-thread-1] DEBUG fr.inria.lille.repair.nopol.NoPol - cannot spoon SourceLocation org.apache.flink.api.common.operators.Ordering:194
19:59:49.237 [pool-2-thread-1] DEBUG fr.inria.lille.repair.nopol.NoPol - statement #6
19:59:49.237 [pool-2-thread-1] DEBUG fr.inria.lille.repair.nopol.NoPol - Analysing SourceLocation org.apache.flink.api.common.operators.Ordering:191 which is executed by 1 tests
19:59:49.237 [pool-2-thread-1] DEBUG fr.inria.lille.repair.nopol.NoPol - cannot spoon SourceLocation org.apache.flink.api.common.operators.Ordering:191
19:59:49.237 [pool-2-thread-1] DEBUG fr.inria.lille.repair.nopol.NoPol - statement #7
19:59:49.237 [pool-2-thread-1] DEBUG fr.inria.lille.repair.nopol.NoPol - Analysing SourceLocation org.apache.flink.compiler.dag.SingleInputNode:358 which is executed by 1 tests
1770269029
19:59:49.955 [pool-2-thread-1] DEBUG fr.inria.lille.repair.nopol.NoPol - statement #8
19:59:49.956 [pool-2-thread-1] DEBUG fr.inria.lille.repair.nopol.NoPol - Analysing SourceLocation org.apache.flink.compiler.dag.SingleInputNode:357 which is executed by 1 tests
1770269029
19:59:50.471 [pool-2-thread-1] DEBUG fr.inria.lille.repair.nopol.NoPol - statement #9
19:59:50.471 [pool-2-thread-1] DEBUG fr.inria.lille.repair.nopol.NoPol - Analysing SourceLocation org.apache.flink.compiler.dataproperties.LocalProperties:152 which is executed by 1 tests
-748423457
19:59:50.980 [pool-2-thread-1] DEBUG fr.inria.lille.repair.nopol.NoPol - looking with class fr.inria.lille.repair.nopol.spoon.smt.ConditionalAdder
SLF4J: Class path contains multiple SLF4J bindings.
SLF4J: Found binding in [jar:file:/home/tdurieux/.m2/repository/org/slf4j/slf4j-log4j12/1.7.7/slf4j-log4j12-1.7.7.jar!/org/slf4j/impl/StaticLoggerBinder.class]
SLF4J: Found binding in [jar:file:/home/tdurieux/defects4j4repair/script/../repair_tools/nopol.jar!/org/slf4j/impl/StaticLoggerBinder.class]
SLF4J: See http://www.slf4j.org/codes.html#multiple_bindings for an explanation.
SLF4J: Actual binding is of type [org.slf4j.impl.Log4jLoggerFactory]
java.lang.AssertionError: expected:<PARTITION_HASH> but was:<FORWARD>
    at org.junit.Assert.fail(Assert.java:88)
    at org.junit.Assert.failNotEquals(Assert.java:743)
    at org.junit.Assert.assertEquals(Assert.java:118)
    at org.junit.Assert.assertEquals(Assert.java:144)
    at org.apache.flink.compiler.PartitionPushdownTest.testPartitioningNotPushedDown(PartitionPushdownTest.java:59)
    at sun.reflect.NativeMethodAccessorImpl.invoke0(Native Method)
19:59:51.314 [pool-4-thread-1] INFO  xxl.java.junit.TestCasesListener - Tests run finished (293 ms)
<> Total tests run: 2
<> Ignored tests: 0
<> Failed tests: 1
~ testPartitioningNotPushedDown(org.apache.flink.compiler.PartitionPushdownTest)
[expected:<PARTITION_HASH> but was:<FORWARD>]
java.lang.AssertionError: expected:<PARTITION_HASH> but was:<FORWARD>    at org.junit.Assert.fail(Assert.java:88)
    at org.junit.Assert.failNotEquals(Assert.java:743)
    at org.junit.Assert.assertEquals(Assert.java:118)
    at org.junit.Assert.assertEquals(Assert.java:144)
    at org.apache.flink.compiler.PartitionPushdownTest.testPartitioningNotPushedDown(PartitionPushdownTest.java:59)
    at sun.reflect.NativeMethodAccessorImpl.invoke0(Native Method)

SLF4J: Class path contains multiple SLF4J bindings.
SLF4J: Found binding in [jar:file:/home/tdurieux/.m2/repository/org/slf4j/slf4j-log4j12/1.7.7/slf4j-log4j12-1.7.7.jar!/org/slf4j/impl/StaticLoggerBinder.class]
SLF4J: Found binding in [jar:file:/home/tdurieux/defects4j4repair/script/../repair_tools/nopol.jar!/org/slf4j/impl/StaticLoggerBinder.class]
SLF4J: See http://www.slf4j.org/codes.html#multiple_bindings for an explanation.
SLF4J: Actual binding is of type [org.slf4j.impl.Log4jLoggerFactory]
19:59:53.219 [pool-2-thread-1] DEBUG fr.inria.lille.repair.nopol.NoPol - statement #10
19:59:53.219 [pool-2-thread-1] DEBUG fr.inria.lille.repair.nopol.NoPol - Analysing SourceLocation org.apache.flink.compiler.dataproperties.LocalProperties:150 which is executed by 1 tests
-748423457
19:59:53.644 [pool-2-thread-1] DEBUG fr.inria.lille.repair.nopol.NoPol - looking with class fr.inria.lille.repair.nopol.spoon.smt.ConditionalAdder
SLF4J: Class path contains multiple SLF4J bindings.
SLF4J: Found binding in [jar:file:/home/tdurieux/.m2/repository/org/slf4j/slf4j-log4j12/1.7.7/slf4j-log4j12-1.7.7.jar!/org/slf4j/impl/StaticLoggerBinder.class]
SLF4J: Found binding in [jar:file:/home/tdurieux/defects4j4repair/script/../repair_tools/nopol.jar!/org/slf4j/impl/StaticLoggerBinder.class]
SLF4J: See http://www.slf4j.org/codes.html#multiple_bindings for an explanation.
SLF4J: Actual binding is of type [org.slf4j.impl.Log4jLoggerFactory]
java.lang.AssertionError: expected:<PARTITION_HASH> but was:<FORWARD>
    at org.junit.Assert.fail(Assert.java:88)
    at org.junit.Assert.failNotEquals(Assert.java:743)
    at org.junit.Assert.assertEquals(Assert.java:118)
    at org.junit.Assert.assertEquals(Assert.java:144)
    at org.apache.flink.compiler.PartitionPushdownTest.testPartitioningNotPushedDown(PartitionPushdownTest.java:59)
    at sun.reflect.NativeMethodAccessorImpl.invoke0(Native Method)
19:59:53.893 [pool-8-thread-1] INFO  xxl.java.junit.TestCasesListener - Tests run finished (230 ms)
<> Total tests run: 2
<> Ignored tests: 0
<> Failed tests: 1
~ testPartitioningNotPushedDown(org.apache.flink.compiler.PartitionPushdownTest)
[expected:<PARTITION_HASH> but was:<FORWARD>]
java.lang.AssertionError: expected:<PARTITION_HASH> but was:<FORWARD>    at org.junit.Assert.fail(Assert.java:88)
    at org.junit.Assert.failNotEquals(Assert.java:743)
    at org.junit.Assert.assertEquals(Assert.java:118)
    at org.junit.Assert.assertEquals(Assert.java:144)
    at org.apache.flink.compiler.PartitionPushdownTest.testPartitioningNotPushedDown(PartitionPushdownTest.java:59)
    at sun.reflect.NativeMethodAccessorImpl.invoke0(Native Method)

SLF4J: Class path contains multiple SLF4J bindings.
SLF4J: Found binding in [jar:file:/home/tdurieux/.m2/repository/org/slf4j/slf4j-log4j12/1.7.7/slf4j-log4j12-1.7.7.jar!/org/slf4j/impl/StaticLoggerBinder.class]
SLF4J: Found binding in [jar:file:/home/tdurieux/defects4j4repair/script/../repair_tools/nopol.jar!/org/slf4j/impl/StaticLoggerBinder.class]
SLF4J: See http://www.slf4j.org/codes.html#multiple_bindings for an explanation.
SLF4J: Actual binding is of type [org.slf4j.impl.Log4jLoggerFactory]
19:59:54.805 [pool-2-thread-1] DEBUG fr.inria.lille.repair.nopol.NoPol - statement #11
19:59:54.806 [pool-2-thread-1] DEBUG fr.inria.lille.repair.nopol.NoPol - Analysing SourceLocation org.apache.flink.compiler.dataproperties.LocalProperties:149 which is executed by 1 tests
-748423457
19:59:55.222 [pool-2-thread-1] DEBUG fr.inria.lille.repair.nopol.NoPol - looking with class fr.inria.lille.repair.nopol.spoon.smt.ConditionalAdder
SLF4J: Class path contains multiple SLF4J bindings.
SLF4J: Found binding in [jar:file:/home/tdurieux/.m2/repository/org/slf4j/slf4j-log4j12/1.7.7/slf4j-log4j12-1.7.7.jar!/org/slf4j/impl/StaticLoggerBinder.class]
SLF4J: Found binding in [jar:file:/home/tdurieux/defects4j4repair/script/../repair_tools/nopol.jar!/org/slf4j/impl/StaticLoggerBinder.class]
SLF4J: See http://www.slf4j.org/codes.html#multiple_bindings for an explanation.
SLF4J: Actual binding is of type [org.slf4j.impl.Log4jLoggerFactory]
java.lang.AssertionError: expected:<PARTITION_HASH> but was:<FORWARD>
    at org.junit.Assert.fail(Assert.java:88)
    at org.junit.Assert.failNotEquals(Assert.java:743)
    at org.junit.Assert.assertEquals(Assert.java:118)
    at org.junit.Assert.assertEquals(Assert.java:144)
    at org.apache.flink.compiler.PartitionPushdownTest.testPartitioningNotPushedDown(PartitionPushdownTest.java:59)
    at sun.reflect.NativeMethodAccessorImpl.invoke0(Native Method)
19:59:55.457 [pool-12-thread-1] INFO  xxl.java.junit.TestCasesListener - Tests run finished (224 ms)
<> Total tests run: 2
<> Ignored tests: 0
<> Failed tests: 1
~ testPartitioningNotPushedDown(org.apache.flink.compiler.PartitionPushdownTest)
[expected:<PARTITION_HASH> but was:<FORWARD>]
java.lang.AssertionError: expected:<PARTITION_HASH> but was:<FORWARD>    at org.junit.Assert.fail(Assert.java:88)
    at org.junit.Assert.failNotEquals(Assert.java:743)
    at org.junit.Assert.assertEquals(Assert.java:118)
    at org.junit.Assert.assertEquals(Assert.java:144)
    at org.apache.flink.compiler.PartitionPushdownTest.testPartitioningNotPushedDown(PartitionPushdownTest.java:59)
    at sun.reflect.NativeMethodAccessorImpl.invoke0(Native Method)

SLF4J: Class path contains multiple SLF4J bindings.
SLF4J: Found binding in [jar:file:/home/tdurieux/.m2/repository/org/slf4j/slf4j-log4j12/1.7.7/slf4j-log4j12-1.7.7.jar!/org/slf4j/impl/StaticLoggerBinder.class]
SLF4J: Found binding in [jar:file:/home/tdurieux/defects4j4repair/script/../repair_tools/nopol.jar!/org/slf4j/impl/StaticLoggerBinder.class]
SLF4J: See http://www.slf4j.org/codes.html#multiple_bindings for an explanation.
SLF4J: Actual binding is of type [org.slf4j.impl.Log4jLoggerFactory]
19:59:56.289 [pool-2-thread-1] DEBUG fr.inria.lille.repair.nopol.NoPol - statement #12
19:59:56.290 [pool-2-thread-1] DEBUG fr.inria.lille.repair.nopol.NoPol - Analysing SourceLocation org.apache.flink.api.java.operators.UnsortedGrouping:72 which is executed by 2 tests
19:59:56.290 [pool-2-thread-1] DEBUG fr.inria.lille.repair.nopol.NoPol - cannot spoon SourceLocation org.apache.flink.api.java.operators.UnsortedGrouping:72
19:59:56.290 [pool-2-thread-1] DEBUG fr.inria.lille.repair.nopol.NoPol - statement #13
19:59:56.290 [pool-2-thread-1] DEBUG fr.inria.lille.repair.nopol.NoPol - Analysing SourceLocation org.apache.flink.api.java.tuple.Tuple3:132 which is executed by 2 tests
19:59:56.290 [pool-2-thread-1] DEBUG fr.inria.lille.repair.nopol.NoPol - cannot spoon SourceLocation org.apache.flink.api.java.tuple.Tuple3:132
19:59:56.290 [pool-2-thread-1] DEBUG fr.inria.lille.repair.nopol.NoPol - statement #14
19:59:56.290 [pool-2-thread-1] DEBUG fr.inria.lille.repair.nopol.NoPol - Analysing SourceLocation org.apache.flink.api.java.tuple.Tuple3:131 which is executed by 2 tests
19:59:56.290 [pool-2-thread-1] DEBUG fr.inria.lille.repair.nopol.NoPol - cannot spoon SourceLocation org.apache.flink.api.java.tuple.Tuple3:131
19:59:56.291 [pool-2-thread-1] DEBUG fr.inria.lille.repair.nopol.NoPol - statement #15
19:59:56.291 [pool-2-thread-1] DEBUG fr.inria.lille.repair.nopol.NoPol - Analysing SourceLocation org.apache.flink.api.java.tuple.Tuple3:130 which is executed by 2 tests
19:59:56.291 [pool-2-thread-1] DEBUG fr.inria.lille.repair.nopol.NoPol - cannot spoon SourceLocation org.apache.flink.api.java.tuple.Tuple3:130
19:59:56.291 [pool-2-thread-1] DEBUG fr.inria.lille.repair.nopol.NoPol - statement #16
19:59:56.291 [pool-2-thread-1] DEBUG fr.inria.lille.repair.nopol.NoPol - Analysing SourceLocation org.apache.flink.api.java.aggregation.SumAggregationFunction$SumAggregationFunctionFactory:168 which is executed by 2 tests
19:59:56.291 [pool-2-thread-1] DEBUG fr.inria.lille.repair.nopol.NoPol - cannot spoon SourceLocation org.apache.flink.api.java.aggregation.SumAggregationFunction$SumAggregationFunctionFactory:168
19:59:56.291 [pool-2-thread-1] DEBUG fr.inria.lille.repair.nopol.NoPol - statement #17
19:59:56.291 [pool-2-thread-1] DEBUG fr.inria.lille.repair.nopol.NoPol - Analysing SourceLocation org.apache.flink.compiler.operators.GroupReduceWithCombineProperties:86 which is executed by 3 tests
1625508872
19:59:56.764 [pool-2-thread-1] DEBUG fr.inria.lille.repair.nopol.NoPol - looking with class fr.inria.lille.repair.nopol.spoon.smt.ConditionalAdder
SLF4J: Class path contains multiple SLF4J bindings.
SLF4J: Found binding in [jar:file:/home/tdurieux/.m2/repository/org/slf4j/slf4j-log4j12/1.7.7/slf4j-log4j12-1.7.7.jar!/org/slf4j/impl/StaticLoggerBinder.class]
SLF4J: Found binding in [jar:file:/home/tdurieux/defects4j4repair/script/../repair_tools/nopol.jar!/org/slf4j/impl/StaticLoggerBinder.class]
SLF4J: See http://www.slf4j.org/codes.html#multiple_bindings for an explanation.
SLF4J: Actual binding is of type [org.slf4j.impl.Log4jLoggerFactory]
java.lang.AssertionError: expected:<PARTITION_HASH> but was:<FORWARD>
    at org.junit.Assert.fail(Assert.java:88)
    at org.junit.Assert.failNotEquals(Assert.java:743)
    at org.junit.Assert.assertEquals(Assert.java:118)
    at org.junit.Assert.assertEquals(Assert.java:144)
    at org.apache.flink.compiler.PartitionPushdownTest.testPartitioningNotPushedDown(PartitionPushdownTest.java:59)
    at sun.reflect.NativeMethodAccessorImpl.invoke0(Native Method)
19:59:57.035 [pool-16-thread-1] INFO  xxl.java.junit.TestCasesListener - Tests run finished (259 ms)
<> Total tests run: 2
<> Ignored tests: 0
<> Failed tests: 1
~ testPartitioningNotPushedDown(org.apache.flink.compiler.PartitionPushdownTest)
[expected:<PARTITION_HASH> but was:<FORWARD>]
java.lang.AssertionError: expected:<PARTITION_HASH> but was:<FORWARD>    at org.junit.Assert.fail(Assert.java:88)
    at org.junit.Assert.failNotEquals(Assert.java:743)
    at org.junit.Assert.assertEquals(Assert.java:118)
    at org.junit.Assert.assertEquals(Assert.java:144)
    at org.apache.flink.compiler.PartitionPushdownTest.testPartitioningNotPushedDown(PartitionPushdownTest.java:59)
    at sun.reflect.NativeMethodAccessorImpl.invoke0(Native Method)

19:59:57.762 [pool-15-thread-1] ERROR x.java.compiler.DynamicClassCompiler - [Compilation errors]
GroupReduceWithCombineProperties.java:64: error: missing return statement
    }
    ^
xxl.java.compiler.DynamicCompilationException: Aborting: dynamic compilation failed
	at xxl.java.compiler.DynamicClassCompiler.runCompilationTask(DynamicClassCompiler.java:99)
	at xxl.java.compiler.DynamicClassCompiler.javaBytecodeFor(DynamicClassCompiler.java:67)
	at fr.inria.lille.commons.spoon.SpoonedFile.compilationFor(SpoonedFile.java:203)
	at fr.inria.lille.commons.spoon.SpoonedFile.compileModelledClasses(SpoonedFile.java:177)
	at fr.inria.lille.commons.spoon.SpoonedFile.dumpedToClassLoader(SpoonedFile.java:130)
	at fr.inria.lille.commons.spoon.SpoonedFile.processedAndDumpedToClassLoader(SpoonedFile.java:140)
	at fr.inria.lille.commons.spoon.SpoonedFile.processedAndDumpedToClassLoader(SpoonedFile.java:135)
	at fr.inria.lille.repair.nopol.synth.dynamoth.DynamothSynthesizer.findAngelicValuesAndBuildPatch(DynamothSynthesizer.java:69)
	at fr.inria.lille.repair.nopol.NoPol.runNopolProcessor(NoPol.java:295)
	at fr.inria.lille.repair.nopol.NoPol.access$000(NoPol.java:81)
	at fr.inria.lille.repair.nopol.NoPol$1.call(NoPol.java:260)
	at java.util.concurrent.FutureTask.run(FutureTask.java:266)
	at java.util.concurrent.ThreadPoolExecutor.runWorker(ThreadPoolExecutor.java:1149)
	at java.util.concurrent.ThreadPoolExecutor$Worker.run(ThreadPoolExecutor.java:624)
	at java.lang.Thread.run(Thread.java:748)
19:59:57.763 [pool-2-thread-1] DEBUG fr.inria.lille.repair.nopol.NoPol - statement #18
19:59:57.764 [pool-2-thread-1] DEBUG fr.inria.lille.repair.nopol.NoPol - Analysing SourceLocation org.apache.flink.compiler.operators.GroupReduceWithCombineProperties:80 which is executed by 3 tests
1625508872
19:59:58.188 [pool-2-thread-1] DEBUG fr.inria.lille.repair.nopol.NoPol - looking with class fr.inria.lille.repair.nopol.spoon.smt.ConditionalAdder
SLF4J: Class path contains multiple SLF4J bindings.
SLF4J: Found binding in [jar:file:/home/tdurieux/.m2/repository/org/slf4j/slf4j-log4j12/1.7.7/slf4j-log4j12-1.7.7.jar!/org/slf4j/impl/StaticLoggerBinder.class]
SLF4J: Found binding in [jar:file:/home/tdurieux/defects4j4repair/script/../repair_tools/nopol.jar!/org/slf4j/impl/StaticLoggerBinder.class]
SLF4J: See http://www.slf4j.org/codes.html#multiple_bindings for an explanation.
SLF4J: Actual binding is of type [org.slf4j.impl.Log4jLoggerFactory]
java.lang.AssertionError: expected:<PARTITION_HASH> but was:<FORWARD>
    at org.junit.Assert.fail(Assert.java:88)
    at org.junit.Assert.failNotEquals(Assert.java:743)
    at org.junit.Assert.assertEquals(Assert.java:118)
    at org.junit.Assert.assertEquals(Assert.java:144)
    at org.apache.flink.compiler.PartitionPushdownTest.testPartitioningNotPushedDown(PartitionPushdownTest.java:59)
    at sun.reflect.NativeMethodAccessorImpl.invoke0(Native Method)
19:59:58.428 [pool-18-thread-1] INFO  xxl.java.junit.TestCasesListener - Tests run finished (227 ms)
<> Total tests run: 2
<> Ignored tests: 0
<> Failed tests: 1
~ testPartitioningNotPushedDown(org.apache.flink.compiler.PartitionPushdownTest)
[expected:<PARTITION_HASH> but was:<FORWARD>]
java.lang.AssertionError: expected:<PARTITION_HASH> but was:<FORWARD>    at org.junit.Assert.fail(Assert.java:88)
    at org.junit.Assert.failNotEquals(Assert.java:743)
    at org.junit.Assert.assertEquals(Assert.java:118)
    at org.junit.Assert.assertEquals(Assert.java:144)
    at org.apache.flink.compiler.PartitionPushdownTest.testPartitioningNotPushedDown(PartitionPushdownTest.java:59)
    at sun.reflect.NativeMethodAccessorImpl.invoke0(Native Method)

SLF4J: Class path contains multiple SLF4J bindings.
SLF4J: Found binding in [jar:file:/home/tdurieux/.m2/repository/org/slf4j/slf4j-log4j12/1.7.7/slf4j-log4j12-1.7.7.jar!/org/slf4j/impl/StaticLoggerBinder.class]
SLF4J: Found binding in [jar:file:/home/tdurieux/defects4j4repair/script/../repair_tools/nopol.jar!/org/slf4j/impl/StaticLoggerBinder.class]
SLF4J: See http://www.slf4j.org/codes.html#multiple_bindings for an explanation.
SLF4J: Actual binding is of type [org.slf4j.impl.Log4jLoggerFactory]
19:59:59.253 [pool-2-thread-1] DEBUG fr.inria.lille.repair.nopol.NoPol - looking with class fr.inria.lille.repair.nopol.spoon.smt.ConditionalReplacer
SLF4J: Class path contains multiple SLF4J bindings.
SLF4J: Found binding in [jar:file:/home/tdurieux/.m2/repository/org/slf4j/slf4j-log4j12/1.7.7/slf4j-log4j12-1.7.7.jar!/org/slf4j/impl/StaticLoggerBinder.class]
SLF4J: Found binding in [jar:file:/home/tdurieux/defects4j4repair/script/../repair_tools/nopol.jar!/org/slf4j/impl/StaticLoggerBinder.class]
SLF4J: See http://www.slf4j.org/codes.html#multiple_bindings for an explanation.
SLF4J: Actual binding is of type [org.slf4j.impl.Log4jLoggerFactory]
java.lang.AssertionError: expected:<PARTITION_HASH> but was:<FORWARD>
    at org.junit.Assert.fail(Assert.java:88)
    at org.junit.Assert.failNotEquals(Assert.java:743)
    at org.junit.Assert.assertEquals(Assert.java:118)
    at org.junit.Assert.assertEquals(Assert.java:144)
    at org.apache.flink.compiler.PartitionPushdownTest.testPartitioningNotPushedDown(PartitionPushdownTest.java:59)
    at sun.reflect.NativeMethodAccessorImpl.invoke0(Native Method)
19:59:59.480 [pool-22-thread-1] INFO  xxl.java.junit.TestCasesListener - Tests run finished (218 ms)
<> Total tests run: 2
<> Ignored tests: 0
<> Failed tests: 1
~ testPartitioningNotPushedDown(org.apache.flink.compiler.PartitionPushdownTest)
[expected:<PARTITION_HASH> but was:<FORWARD>]
java.lang.AssertionError: expected:<PARTITION_HASH> but was:<FORWARD>    at org.junit.Assert.fail(Assert.java:88)
    at org.junit.Assert.failNotEquals(Assert.java:743)
    at org.junit.Assert.assertEquals(Assert.java:118)
    at org.junit.Assert.assertEquals(Assert.java:144)
    at org.apache.flink.compiler.PartitionPushdownTest.testPartitioningNotPushedDown(PartitionPushdownTest.java:59)
    at sun.reflect.NativeMethodAccessorImpl.invoke0(Native Method)

SLF4J: Class path contains multiple SLF4J bindings.
SLF4J: Found binding in [jar:file:/home/tdurieux/.m2/repository/org/slf4j/slf4j-log4j12/1.7.7/slf4j-log4j12-1.7.7.jar!/org/slf4j/impl/StaticLoggerBinder.class]
SLF4J: Found binding in [jar:file:/home/tdurieux/defects4j4repair/script/../repair_tools/nopol.jar!/org/slf4j/impl/StaticLoggerBinder.class]
SLF4J: See http://www.slf4j.org/codes.html#multiple_bindings for an explanation.
SLF4J: Actual binding is of type [org.slf4j.impl.Log4jLoggerFactory]
java.lang.NullPointerException
	at org.apache.flink.compiler.operators.GroupReduceWithCombineProperties.instantiate(GroupReduceWithCombineProperties.java:41)
	at org.apache.flink.compiler.dag.SingleInputNode.instantiateCandidate(SingleInputNode.java:426)
	at org.apache.flink.compiler.dag.SingleInputNode.addLocalCandidates(SingleInputNode.java:354)
	at org.apache.flink.compiler.dag.SingleInputNode.getAlternativePlans(SingleInputNode.java:302)
	at org.apache.flink.compiler.dag.DataSinkNode.getAlternativePlans(DataSinkNode.java:194)
	at org.apache.flink.compiler.PactCompiler.compile(PactCompiler.java:561)
	at org.apache.flink.compiler.PactCompiler.compile(PactCompiler.java:466)
	at org.apache.flink.compiler.CompilerTestBase.compileNoStats(CompilerTestBase.java:91)
	at org.apache.flink.compiler.PartitionPushdownTest.testPartitioningNotPushedDown(PartitionPushdownTest.java:51)
	at sun.reflect.NativeMethodAccessorImpl.invoke0(Native Method)
	at sun.reflect.NativeMethodAccessorImpl.invoke(NativeMethodAccessorImpl.java:62)
	at sun.reflect.DelegatingMethodAccessorImpl.invoke(DelegatingMethodAccessorImpl.java:43)
	at java.lang.reflect.Method.invoke(Method.java:498)
	at org.junit.runners.model.FrameworkMethod$1.runReflectiveCall(FrameworkMethod.java:47)
	at org.junit.internal.runners.model.ReflectiveCallable.run(ReflectiveCallable.java:12)
	at org.junit.runners.model.FrameworkMethod.invokeExplosively(FrameworkMethod.java:44)
	at org.junit.internal.runners.statements.InvokeMethod.evaluate(InvokeMethod.java:17)
	at org.junit.internal.runners.statements.RunBefores.evaluate(RunBefores.java:26)
	at org.junit.runners.ParentRunner.runLeaf(ParentRunner.java:271)
	at org.junit.runners.BlockJUnit4ClassRunner.runChild(BlockJUnit4ClassRunner.java:70)
	at org.junit.runners.BlockJUnit4ClassRunner.runChild(BlockJUnit4ClassRunner.java:50)
	at org.junit.runners.ParentRunner$3.run(ParentRunner.java:238)
	at org.junit.runners.ParentRunner$1.schedule(ParentRunner.java:63)
	at org.junit.runners.ParentRunner.runChildren(ParentRunner.java:236)
	at org.junit.runners.ParentRunner.access$000(ParentRunner.java:53)
	at org.junit.runners.ParentRunner$2.evaluate(ParentRunner.java:229)
	at org.junit.runners.ParentRunner.run(ParentRunner.java:309)
	at org.junit.runner.JUnitCore.run(JUnitCore.java:160)
	at org.junit.runner.JUnitCore.run(JUnitCore.java:138)
	at xxl.java.junit.JUnitSingleTestRunner.call(JUnitSingleTestRunner.java:23)
	at xxl.java.junit.JUnitSingleTestRunner.call(JUnitSingleTestRunner.java:10)
	at java.util.concurrent.FutureTask.run(FutureTask.java:266)
	at java.util.concurrent.ThreadPoolExecutor.runWorker(ThreadPoolExecutor.java:1149)
	at java.util.concurrent.ThreadPoolExecutor$Worker.run(ThreadPoolExecutor.java:624)
	at java.lang.Thread.run(Thread.java:748)
20:00:00.553 [pool-2-thread-1] DEBUG fr.inria.lille.repair.nopol.NoPol - statement #19
20:00:00.554 [pool-2-thread-1] DEBUG fr.inria.lille.repair.nopol.NoPol - Analysing SourceLocation org.apache.flink.api.java.aggregation.SumAggregationFunction:28 which is executed by 3 tests
20:00:00.554 [pool-2-thread-1] DEBUG fr.inria.lille.repair.nopol.NoPol - cannot spoon SourceLocation org.apache.flink.api.java.aggregation.SumAggregationFunction:28
20:00:00.554 [pool-2-thread-1] DEBUG fr.inria.lille.repair.nopol.NoPol - statement #20
20:00:00.554 [pool-2-thread-1] DEBUG fr.inria.lille.repair.nopol.NoPol - Analysing SourceLocation org.apache.flink.api.java.aggregation.SumAggregationFunction$SumAggregationFunctionFactory:167 which is executed by 3 tests
20:00:00.554 [pool-2-thread-1] DEBUG fr.inria.lille.repair.nopol.NoPol - cannot spoon SourceLocation org.apache.flink.api.java.aggregation.SumAggregationFunction$SumAggregationFunctionFactory:167
20:00:00.554 [pool-2-thread-1] DEBUG fr.inria.lille.repair.nopol.NoPol - statement #21
20:00:00.554 [pool-2-thread-1] DEBUG fr.inria.lille.repair.nopol.NoPol - Analysing SourceLocation org.apache.flink.api.common.operators.util.FieldList:150 which is executed by 4 tests
20:00:00.554 [pool-2-thread-1] DEBUG fr.inria.lille.repair.nopol.NoPol - cannot spoon SourceLocation org.apache.flink.api.common.operators.util.FieldList:150
20:00:00.554 [pool-2-thread-1] DEBUG fr.inria.lille.repair.nopol.NoPol - statement #22
20:00:00.554 [pool-2-thread-1] DEBUG fr.inria.lille.repair.nopol.NoPol - Analysing SourceLocation org.apache.flink.util.StringUtils:167 which is executed by 6 tests
20:00:00.555 [pool-2-thread-1] DEBUG fr.inria.lille.repair.nopol.NoPol - cannot spoon SourceLocation org.apache.flink.util.StringUtils:167
20:00:00.555 [pool-2-thread-1] DEBUG fr.inria.lille.repair.nopol.NoPol - statement #23
20:00:00.555 [pool-2-thread-1] DEBUG fr.inria.lille.repair.nopol.NoPol - Analysing SourceLocation org.apache.flink.util.StringUtils:163 which is executed by 6 tests
20:00:00.555 [pool-2-thread-1] DEBUG fr.inria.lille.repair.nopol.NoPol - cannot spoon SourceLocation org.apache.flink.util.StringUtils:163
20:00:00.555 [pool-2-thread-1] DEBUG fr.inria.lille.repair.nopol.NoPol - statement #24
20:00:00.555 [pool-2-thread-1] DEBUG fr.inria.lille.repair.nopol.NoPol - Analysing SourceLocation org.apache.flink.util.StringUtils:160 which is executed by 6 tests
20:00:00.555 [pool-2-thread-1] DEBUG fr.inria.lille.repair.nopol.NoPol - cannot spoon SourceLocation org.apache.flink.util.StringUtils:160
20:00:00.555 [pool-2-thread-1] DEBUG fr.inria.lille.repair.nopol.NoPol - statement #25
20:00:00.555 [pool-2-thread-1] DEBUG fr.inria.lille.repair.nopol.NoPol - Analysing SourceLocation org.apache.flink.api.java.operators.Keys:350 which is executed by 6 tests
20:00:00.556 [pool-2-thread-1] DEBUG fr.inria.lille.repair.nopol.NoPol - cannot spoon SourceLocation org.apache.flink.api.java.operators.Keys:350
20:00:00.556 [pool-2-thread-1] DEBUG fr.inria.lille.repair.nopol.NoPol - statement #26
20:00:00.556 [pool-2-thread-1] DEBUG fr.inria.lille.repair.nopol.NoPol - Analysing SourceLocation org.apache.flink.api.java.operators.Keys:349 which is executed by 6 tests
20:00:00.556 [pool-2-thread-1] DEBUG fr.inria.lille.repair.nopol.NoPol - cannot spoon SourceLocation org.apache.flink.api.java.operators.Keys:349
20:00:00.556 [pool-2-thread-1] DEBUG fr.inria.lille.repair.nopol.NoPol - statement #27
20:00:00.556 [pool-2-thread-1] DEBUG fr.inria.lille.repair.nopol.NoPol - Analysing SourceLocation org.apache.flink.api.java.operators.Keys:348 which is executed by 6 tests
20:00:00.556 [pool-2-thread-1] DEBUG fr.inria.lille.repair.nopol.NoPol - cannot spoon SourceLocation org.apache.flink.api.java.operators.Keys:348
20:00:00.556 [pool-2-thread-1] DEBUG fr.inria.lille.repair.nopol.NoPol - statement #28
20:00:00.556 [pool-2-thread-1] DEBUG fr.inria.lille.repair.nopol.NoPol - Analysing SourceLocation org.apache.flink.api.java.operators.Keys:347 which is executed by 6 tests
20:00:00.556 [pool-2-thread-1] DEBUG fr.inria.lille.repair.nopol.NoPol - cannot spoon SourceLocation org.apache.flink.api.java.operators.Keys:347
20:00:00.556 [pool-2-thread-1] DEBUG fr.inria.lille.repair.nopol.NoPol - statement #29
20:00:00.557 [pool-2-thread-1] DEBUG fr.inria.lille.repair.nopol.NoPol - Analysing SourceLocation org.apache.flink.api.java.operators.Keys:344 which is executed by 6 tests
20:00:00.557 [pool-2-thread-1] DEBUG fr.inria.lille.repair.nopol.NoPol - cannot spoon SourceLocation org.apache.flink.api.java.operators.Keys:344
20:00:00.557 [pool-2-thread-1] DEBUG fr.inria.lille.repair.nopol.NoPol - statement #30
20:00:00.557 [pool-2-thread-1] DEBUG fr.inria.lille.repair.nopol.NoPol - Analysing SourceLocation org.apache.flink.api.java.operators.UnsortedGrouping:61 which is executed by 7 tests
20:00:00.557 [pool-2-thread-1] DEBUG fr.inria.lille.repair.nopol.NoPol - cannot spoon SourceLocation org.apache.flink.api.java.operators.UnsortedGrouping:61
20:00:00.557 [pool-2-thread-1] DEBUG fr.inria.lille.repair.nopol.NoPol - statement #31
20:00:00.557 [pool-2-thread-1] DEBUG fr.inria.lille.repair.nopol.NoPol - Analysing SourceLocation org.apache.flink.api.java.aggregation.Aggregations:42 which is executed by 7 tests
20:00:00.557 [pool-2-thread-1] DEBUG fr.inria.lille.repair.nopol.NoPol - cannot spoon SourceLocation org.apache.flink.api.java.aggregation.Aggregations:42
20:00:00.557 [pool-2-thread-1] DEBUG fr.inria.lille.repair.nopol.NoPol - statement #32
20:00:00.557 [pool-2-thread-1] DEBUG fr.inria.lille.repair.nopol.NoPol - Analysing SourceLocation org.apache.flink.api.common.operators.SingleInputSemanticProperties:65 which is executed by 7 tests
20:00:00.557 [pool-2-thread-1] DEBUG fr.inria.lille.repair.nopol.NoPol - cannot spoon SourceLocation org.apache.flink.api.common.operators.SingleInputSemanticProperties:65
20:00:00.558 [pool-2-thread-1] DEBUG fr.inria.lille.repair.nopol.NoPol - statement #33
20:00:00.558 [pool-2-thread-1] DEBUG fr.inria.lille.repair.nopol.NoPol - Analysing SourceLocation org.apache.flink.api.common.operators.SingleInputSemanticProperties:64 which is executed by 7 tests
20:00:00.558 [pool-2-thread-1] DEBUG fr.inria.lille.repair.nopol.NoPol - cannot spoon SourceLocation org.apache.flink.api.common.operators.SingleInputSemanticProperties:64
20:00:00.558 [pool-2-thread-1] DEBUG fr.inria.lille.repair.nopol.NoPol - statement #34
20:00:00.558 [pool-2-thread-1] DEBUG fr.inria.lille.repair.nopol.NoPol - Analysing SourceLocation org.apache.flink.api.common.operators.SingleInputSemanticProperties:63 which is executed by 7 tests
20:00:00.558 [pool-2-thread-1] DEBUG fr.inria.lille.repair.nopol.NoPol - cannot spoon SourceLocation org.apache.flink.api.common.operators.SingleInputSemanticProperties:63
20:00:00.558 [pool-2-thread-1] DEBUG fr.inria.lille.repair.nopol.NoPol - statement #35
20:00:00.558 [pool-2-thread-1] DEBUG fr.inria.lille.repair.nopol.NoPol - Analysing SourceLocation org.apache.flink.api.common.operators.SingleInputSemanticProperties:60 which is executed by 7 tests
20:00:00.558 [pool-2-thread-1] DEBUG fr.inria.lille.repair.nopol.NoPol - cannot spoon SourceLocation org.apache.flink.api.common.operators.SingleInputSemanticProperties:60
20:00:00.558 [pool-2-thread-1] DEBUG fr.inria.lille.repair.nopol.NoPol - statement #36
20:00:00.558 [pool-2-thread-1] DEBUG fr.inria.lille.repair.nopol.NoPol - Analysing SourceLocation org.apache.flink.api.common.operators.SingleInputSemanticProperties:59 which is executed by 7 tests
20:00:00.559 [pool-2-thread-1] DEBUG fr.inria.lille.repair.nopol.NoPol - cannot spoon SourceLocation org.apache.flink.api.common.operators.SingleInputSemanticProperties:59
20:00:00.559 [pool-2-thread-1] DEBUG fr.inria.lille.repair.nopol.NoPol - statement #37
20:00:00.559 [pool-2-thread-1] DEBUG fr.inria.lille.repair.nopol.NoPol - Analysing SourceLocation org.apache.flink.api.common.operators.SingleInputSemanticProperties:58 which is executed by 7 tests
20:00:00.559 [pool-2-thread-1] DEBUG fr.inria.lille.repair.nopol.NoPol - cannot spoon SourceLocation org.apache.flink.api.common.operators.SingleInputSemanticProperties:58
20:00:00.559 [pool-2-thread-1] DEBUG fr.inria.lille.repair.nopol.NoPol - statement #38
20:00:00.559 [pool-2-thread-1] DEBUG fr.inria.lille.repair.nopol.NoPol - Analysing SourceLocation org.apache.commons.lang3.Validate:185 which is executed by 7 tests
20:00:00.559 [pool-2-thread-1] DEBUG fr.inria.lille.repair.nopol.NoPol - cannot spoon SourceLocation org.apache.commons.lang3.Validate:185
20:00:00.559 [pool-2-thread-1] DEBUG fr.inria.lille.repair.nopol.NoPol - statement #39
20:00:00.560 [pool-2-thread-1] DEBUG fr.inria.lille.repair.nopol.NoPol - Analysing SourceLocation org.apache.commons.lang3.Validate:182 which is executed by 7 tests
20:00:00.560 [pool-2-thread-1] DEBUG fr.inria.lille.repair.nopol.NoPol - cannot spoon SourceLocation org.apache.commons.lang3.Validate:182
20:00:00.560 [pool-2-thread-1] DEBUG fr.inria.lille.repair.nopol.NoPol - statement #40
20:00:00.560 [pool-2-thread-1] DEBUG fr.inria.lille.repair.nopol.NoPol - Analysing SourceLocation org.apache.flink.api.java.operators.AggregateOperator:49 which is executed by 7 tests
20:00:00.560 [pool-2-thread-1] DEBUG fr.inria.lille.repair.nopol.NoPol - cannot spoon SourceLocation org.apache.flink.api.java.operators.AggregateOperator:49
20:00:00.560 [pool-2-thread-1] DEBUG fr.inria.lille.repair.nopol.NoPol - statement #41
20:00:00.560 [pool-2-thread-1] DEBUG fr.inria.lille.repair.nopol.NoPol - Analysing SourceLocation org.apache.flink.api.java.operators.AggregateOperator:233 which is executed by 7 tests
20:00:00.560 [pool-2-thread-1] DEBUG fr.inria.lille.repair.nopol.NoPol - cannot spoon SourceLocation org.apache.flink.api.java.operators.AggregateOperator:233
20:00:00.560 [pool-2-thread-1] DEBUG fr.inria.lille.repair.nopol.NoPol - statement #42
20:00:00.560 [pool-2-thread-1] DEBUG fr.inria.lille.repair.nopol.NoPol - Analysing SourceLocation org.apache.flink.api.java.operators.AggregateOperator:231 which is executed by 7 tests
20:00:00.561 [pool-2-thread-1] DEBUG fr.inria.lille.repair.nopol.NoPol - cannot spoon SourceLocation org.apache.flink.api.java.operators.AggregateOperator:231
20:00:00.561 [pool-2-thread-1] DEBUG fr.inria.lille.repair.nopol.NoPol - statement #43
20:00:00.561 [pool-2-thread-1] DEBUG fr.inria.lille.repair.nopol.NoPol - Analysing SourceLocation org.apache.flink.api.java.operators.AggregateOperator:227 which is executed by 7 tests
20:00:00.561 [pool-2-thread-1] DEBUG fr.inria.lille.repair.nopol.NoPol - cannot spoon SourceLocation org.apache.flink.api.java.operators.AggregateOperator:227
20:00:00.561 [pool-2-thread-1] DEBUG fr.inria.lille.repair.nopol.NoPol - statement #44
20:00:00.561 [pool-2-thread-1] DEBUG fr.inria.lille.repair.nopol.NoPol - Analysing SourceLocation org.apache.flink.api.java.operators.AggregateOperator:226 which is executed by 7 tests
20:00:00.561 [pool-2-thread-1] DEBUG fr.inria.lille.repair.nopol.NoPol - cannot spoon SourceLocation org.apache.flink.api.java.operators.AggregateOperator:226
20:00:00.561 [pool-2-thread-1] DEBUG fr.inria.lille.repair.nopol.NoPol - statement #45
20:00:00.561 [pool-2-thread-1] DEBUG fr.inria.lille.repair.nopol.NoPol - Analysing SourceLocation org.apache.flink.api.java.operators.AggregateOperator:220 which is executed by 7 tests
20:00:00.561 [pool-2-thread-1] DEBUG fr.inria.lille.repair.nopol.NoPol - cannot spoon SourceLocation org.apache.flink.api.java.operators.AggregateOperator:220
20:00:00.561 [pool-2-thread-1] DEBUG fr.inria.lille.repair.nopol.NoPol - statement #46
20:00:00.561 [pool-2-thread-1] DEBUG fr.inria.lille.repair.nopol.NoPol - Analysing SourceLocation org.apache.flink.api.java.operators.AggregateOperator:219 which is executed by 7 tests
20:00:00.562 [pool-2-thread-1] DEBUG fr.inria.lille.repair.nopol.NoPol - cannot spoon SourceLocation org.apache.flink.api.java.operators.AggregateOperator:219
20:00:00.562 [pool-2-thread-1] DEBUG fr.inria.lille.repair.nopol.NoPol - statement #47
20:00:00.562 [pool-2-thread-1] DEBUG fr.inria.lille.repair.nopol.NoPol - Analysing SourceLocation org.apache.flink.api.java.operators.AggregateOperator:218 which is executed by 7 tests
20:00:00.562 [pool-2-thread-1] DEBUG fr.inria.lille.repair.nopol.NoPol - cannot spoon SourceLocation org.apache.flink.api.java.operators.AggregateOperator:218
20:00:00.562 [pool-2-thread-1] DEBUG fr.inria.lille.repair.nopol.NoPol - statement #48
20:00:00.562 [pool-2-thread-1] DEBUG fr.inria.lille.repair.nopol.NoPol - Analysing SourceLocation org.apache.flink.api.java.operators.AggregateOperator:216 which is executed by 7 tests
20:00:00.562 [pool-2-thread-1] DEBUG fr.inria.lille.repair.nopol.NoPol - cannot spoon SourceLocation org.apache.flink.api.java.operators.AggregateOperator:216
20:00:00.562 [pool-2-thread-1] DEBUG fr.inria.lille.repair.nopol.NoPol - statement #49
20:00:00.562 [pool-2-thread-1] DEBUG fr.inria.lille.repair.nopol.NoPol - Analysing SourceLocation org.apache.flink.api.java.operators.AggregateOperator:215 which is executed by 7 tests
20:00:00.562 [pool-2-thread-1] DEBUG fr.inria.lille.repair.nopol.NoPol - cannot spoon SourceLocation org.apache.flink.api.java.operators.AggregateOperator:215
20:00:00.562 [pool-2-thread-1] DEBUG fr.inria.lille.repair.nopol.NoPol - statement #50
20:00:00.562 [pool-2-thread-1] DEBUG fr.inria.lille.repair.nopol.NoPol - Analysing SourceLocation org.apache.flink.api.java.operators.AggregateOperator:214 which is executed by 7 tests
20:00:00.563 [pool-2-thread-1] DEBUG fr.inria.lille.repair.nopol.NoPol - cannot spoon SourceLocation org.apache.flink.api.java.operators.AggregateOperator:214
20:00:00.563 [pool-2-thread-1] DEBUG fr.inria.lille.repair.nopol.NoPol - statement #51
20:00:00.563 [pool-2-thread-1] DEBUG fr.inria.lille.repair.nopol.NoPol - Analysing SourceLocation org.apache.flink.api.java.operators.AggregateOperator:212 which is executed by 7 tests
20:00:00.563 [pool-2-thread-1] DEBUG fr.inria.lille.repair.nopol.NoPol - cannot spoon SourceLocation org.apache.flink.api.java.operators.AggregateOperator:212
20:00:00.563 [pool-2-thread-1] DEBUG fr.inria.lille.repair.nopol.NoPol - statement #52
20:00:00.563 [pool-2-thread-1] DEBUG fr.inria.lille.repair.nopol.NoPol - Analysing SourceLocation org.apache.flink.api.java.operators.AggregateOperator:210 which is executed by 7 tests
20:00:00.563 [pool-2-thread-1] DEBUG fr.inria.lille.repair.nopol.NoPol - cannot spoon SourceLocation org.apache.flink.api.java.operators.AggregateOperator:210
20:00:00.563 [pool-2-thread-1] DEBUG fr.inria.lille.repair.nopol.NoPol - statement #53
20:00:00.563 [pool-2-thread-1] DEBUG fr.inria.lille.repair.nopol.NoPol - Analysing SourceLocation org.apache.flink.api.java.operators.AggregateOperator:208 which is executed by 7 tests
20:00:00.563 [pool-2-thread-1] DEBUG fr.inria.lille.repair.nopol.NoPol - cannot spoon SourceLocation org.apache.flink.api.java.operators.AggregateOperator:208
20:00:00.563 [pool-2-thread-1] DEBUG fr.inria.lille.repair.nopol.NoPol - statement #54
20:00:00.564 [pool-2-thread-1] DEBUG fr.inria.lille.repair.nopol.NoPol - Analysing SourceLocation org.apache.flink.api.java.operators.AggregateOperator:205 which is executed by 7 tests
20:00:00.564 [pool-2-thread-1] DEBUG fr.inria.lille.repair.nopol.NoPol - cannot spoon SourceLocation org.apache.flink.api.java.operators.AggregateOperator:205
20:00:00.564 [pool-2-thread-1] DEBUG fr.inria.lille.repair.nopol.NoPol - statement #55
20:00:00.564 [pool-2-thread-1] DEBUG fr.inria.lille.repair.nopol.NoPol - Analysing SourceLocation org.apache.flink.api.java.operators.AggregateOperator:202 which is executed by 7 tests
20:00:00.564 [pool-2-thread-1] DEBUG fr.inria.lille.repair.nopol.NoPol - cannot spoon SourceLocation org.apache.flink.api.java.operators.AggregateOperator:202
20:00:00.564 [pool-2-thread-1] DEBUG fr.inria.lille.repair.nopol.NoPol - statement #56
20:00:00.564 [pool-2-thread-1] DEBUG fr.inria.lille.repair.nopol.NoPol - Analysing SourceLocation org.apache.flink.api.java.operators.AggregateOperator:201 which is executed by 7 tests
20:00:00.564 [pool-2-thread-1] DEBUG fr.inria.lille.repair.nopol.NoPol - cannot spoon SourceLocation org.apache.flink.api.java.operators.AggregateOperator:201
20:00:00.564 [pool-2-thread-1] DEBUG fr.inria.lille.repair.nopol.NoPol - statement #57
20:00:00.564 [pool-2-thread-1] DEBUG fr.inria.lille.repair.nopol.NoPol - Analysing SourceLocation org.apache.flink.api.java.operators.AggregateOperator:200 which is executed by 7 tests
20:00:00.564 [pool-2-thread-1] DEBUG fr.inria.lille.repair.nopol.NoPol - cannot spoon SourceLocation org.apache.flink.api.java.operators.AggregateOperator:200
20:00:00.564 [pool-2-thread-1] DEBUG fr.inria.lille.repair.nopol.NoPol - statement #58
20:00:00.564 [pool-2-thread-1] DEBUG fr.inria.lille.repair.nopol.NoPol - Analysing SourceLocation org.apache.flink.api.java.operators.AggregateOperator:198 which is executed by 7 tests
20:00:00.565 [pool-2-thread-1] DEBUG fr.inria.lille.repair.nopol.NoPol - cannot spoon SourceLocation org.apache.flink.api.java.operators.AggregateOperator:198
20:00:00.565 [pool-2-thread-1] DEBUG fr.inria.lille.repair.nopol.NoPol - statement #59
20:00:00.565 [pool-2-thread-1] DEBUG fr.inria.lille.repair.nopol.NoPol - Analysing SourceLocation org.apache.flink.api.java.operators.AggregateOperator:182 which is executed by 7 tests
20:00:00.565 [pool-2-thread-1] DEBUG fr.inria.lille.repair.nopol.NoPol - cannot spoon SourceLocation org.apache.flink.api.java.operators.AggregateOperator:182
20:00:00.565 [pool-2-thread-1] DEBUG fr.inria.lille.repair.nopol.NoPol - statement #60
20:00:00.565 [pool-2-thread-1] DEBUG fr.inria.lille.repair.nopol.NoPol - Analysing SourceLocation org.apache.flink.api.java.operators.AggregateOperator:179 which is executed by 7 tests
20:00:00.565 [pool-2-thread-1] DEBUG fr.inria.lille.repair.nopol.NoPol - cannot spoon SourceLocation org.apache.flink.api.java.operators.AggregateOperator:179
20:00:00.565 [pool-2-thread-1] DEBUG fr.inria.lille.repair.nopol.NoPol - statement #61
20:00:00.565 [pool-2-thread-1] DEBUG fr.inria.lille.repair.nopol.NoPol - Analysing SourceLocation org.apache.flink.api.java.operators.AggregateOperator:176 which is executed by 7 tests
20:00:00.565 [pool-2-thread-1] DEBUG fr.inria.lille.repair.nopol.NoPol - cannot spoon SourceLocation org.apache.flink.api.java.operators.AggregateOperator:176
20:00:00.565 [pool-2-thread-1] DEBUG fr.inria.lille.repair.nopol.NoPol - statement #62
20:00:00.566 [pool-2-thread-1] DEBUG fr.inria.lille.repair.nopol.NoPol - Analysing SourceLocation org.apache.flink.api.java.operators.AggregateOperator:172 which is executed by 7 tests
20:00:00.566 [pool-2-thread-1] DEBUG fr.inria.lille.repair.nopol.NoPol - cannot spoon SourceLocation org.apache.flink.api.java.operators.AggregateOperator:172
20:00:00.566 [pool-2-thread-1] DEBUG fr.inria.lille.repair.nopol.NoPol - statement #63
20:00:00.566 [pool-2-thread-1] DEBUG fr.inria.lille.repair.nopol.NoPol - Analysing SourceLocation org.apache.flink.api.java.operators.AggregateOperator:170 which is executed by 7 tests
20:00:00.566 [pool-2-thread-1] DEBUG fr.inria.lille.repair.nopol.NoPol - cannot spoon SourceLocation org.apache.flink.api.java.operators.AggregateOperator:170
20:00:00.566 [pool-2-thread-1] DEBUG fr.inria.lille.repair.nopol.NoPol - statement #64
20:00:00.566 [pool-2-thread-1] DEBUG fr.inria.lille.repair.nopol.NoPol - Analysing SourceLocation org.apache.flink.api.java.operators.AggregateOperator:168 which is executed by 7 tests
20:00:00.566 [pool-2-thread-1] DEBUG fr.inria.lille.repair.nopol.NoPol - cannot spoon SourceLocation org.apache.flink.api.java.operators.AggregateOperator:168
20:00:00.566 [pool-2-thread-1] DEBUG fr.inria.lille.repair.nopol.NoPol - statement #65
20:00:00.566 [pool-2-thread-1] DEBUG fr.inria.lille.repair.nopol.NoPol - Analysing SourceLocation org.apache.flink.api.java.operators.AggregateOperator:167 which is executed by 7 tests
20:00:00.566 [pool-2-thread-1] DEBUG fr.inria.lille.repair.nopol.NoPol - cannot spoon SourceLocation org.apache.flink.api.java.operators.AggregateOperator:167
20:00:00.566 [pool-2-thread-1] DEBUG fr.inria.lille.repair.nopol.NoPol - statement #66
20:00:00.567 [pool-2-thread-1] DEBUG fr.inria.lille.repair.nopol.NoPol - Analysing SourceLocation org.apache.flink.api.java.operators.AggregateOperator:166 which is executed by 7 tests
20:00:00.567 [pool-2-thread-1] DEBUG fr.inria.lille.repair.nopol.NoPol - cannot spoon SourceLocation org.apache.flink.api.java.operators.AggregateOperator:166
20:00:00.567 [pool-2-thread-1] DEBUG fr.inria.lille.repair.nopol.NoPol - statement #67
20:00:00.567 [pool-2-thread-1] DEBUG fr.inria.lille.repair.nopol.NoPol - Analysing SourceLocation org.apache.flink.api.java.operators.AggregateOperator:164 which is executed by 7 tests
20:00:00.567 [pool-2-thread-1] DEBUG fr.inria.lille.repair.nopol.NoPol - cannot spoon SourceLocation org.apache.flink.api.java.operators.AggregateOperator:164
20:00:00.567 [pool-2-thread-1] DEBUG fr.inria.lille.repair.nopol.NoPol - statement #68
20:00:00.567 [pool-2-thread-1] DEBUG fr.inria.lille.repair.nopol.NoPol - Analysing SourceLocation org.apache.flink.api.java.operators.AggregateOperator:163 which is executed by 7 tests
20:00:00.567 [pool-2-thread-1] DEBUG fr.inria.lille.repair.nopol.NoPol - cannot spoon SourceLocation org.apache.flink.api.java.operators.AggregateOperator:163
20:00:00.567 [pool-2-thread-1] DEBUG fr.inria.lille.repair.nopol.NoPol - statement #69
20:00:00.567 [pool-2-thread-1] DEBUG fr.inria.lille.repair.nopol.NoPol - Analysing SourceLocation org.apache.flink.api.java.operators.AggregateOperator:162 which is executed by 7 tests
20:00:00.567 [pool-2-thread-1] DEBUG fr.inria.lille.repair.nopol.NoPol - cannot spoon SourceLocation org.apache.flink.api.java.operators.AggregateOperator:162
20:00:00.567 [pool-2-thread-1] DEBUG fr.inria.lille.repair.nopol.NoPol - statement #70
20:00:00.568 [pool-2-thread-1] DEBUG fr.inria.lille.repair.nopol.NoPol - Analysing SourceLocation org.apache.flink.api.java.operators.AggregateOperator:156 which is executed by 7 tests
20:00:00.568 [pool-2-thread-1] DEBUG fr.inria.lille.repair.nopol.NoPol - cannot spoon SourceLocation org.apache.flink.api.java.operators.AggregateOperator:156
20:00:00.568 [pool-2-thread-1] DEBUG fr.inria.lille.repair.nopol.NoPol - statement #71
20:00:00.568 [pool-2-thread-1] DEBUG fr.inria.lille.repair.nopol.NoPol - Analysing SourceLocation org.apache.flink.compiler.operators.GroupReduceWithCombineProperties:107 which is executed by 8 tests
1625508872
20:00:00.969 [pool-2-thread-1] DEBUG fr.inria.lille.repair.nopol.NoPol - looking with class fr.inria.lille.repair.nopol.spoon.smt.ConditionalAdder
SLF4J: Class path contains multiple SLF4J bindings.
SLF4J: Found binding in [jar:file:/home/tdurieux/.m2/repository/org/slf4j/slf4j-log4j12/1.7.7/slf4j-log4j12-1.7.7.jar!/org/slf4j/impl/StaticLoggerBinder.class]
SLF4J: Found binding in [jar:file:/home/tdurieux/defects4j4repair/script/../repair_tools/nopol.jar!/org/slf4j/impl/StaticLoggerBinder.class]
SLF4J: See http://www.slf4j.org/codes.html#multiple_bindings for an explanation.
SLF4J: Actual binding is of type [org.slf4j.impl.Log4jLoggerFactory]
java.lang.AssertionError: expected:<PARTITION_HASH> but was:<FORWARD>
    at org.junit.Assert.fail(Assert.java:88)
    at org.junit.Assert.failNotEquals(Assert.java:743)
    at org.junit.Assert.assertEquals(Assert.java:118)
    at org.junit.Assert.assertEquals(Assert.java:144)
    at org.apache.flink.compiler.PartitionPushdownTest.testPartitioningNotPushedDown(PartitionPushdownTest.java:59)
    at sun.reflect.NativeMethodAccessorImpl.invoke0(Native Method)
20:00:01.194 [pool-26-thread-1] INFO  xxl.java.junit.TestCasesListener - Tests run finished (214 ms)
<> Total tests run: 2
<> Ignored tests: 0
<> Failed tests: 1
~ testPartitioningNotPushedDown(org.apache.flink.compiler.PartitionPushdownTest)
[expected:<PARTITION_HASH> but was:<FORWARD>]
java.lang.AssertionError: expected:<PARTITION_HASH> but was:<FORWARD>    at org.junit.Assert.fail(Assert.java:88)
    at org.junit.Assert.failNotEquals(Assert.java:743)
    at org.junit.Assert.assertEquals(Assert.java:118)
    at org.junit.Assert.assertEquals(Assert.java:144)
    at org.apache.flink.compiler.PartitionPushdownTest.testPartitioningNotPushedDown(PartitionPushdownTest.java:59)
    at sun.reflect.NativeMethodAccessorImpl.invoke0(Native Method)

20:00:01.735 [pool-25-thread-1] ERROR x.java.compiler.DynamicClassCompiler - [Compilation errors]
GroupReduceWithCombineProperties.java:64: error: missing return statement
    }
    ^
xxl.java.compiler.DynamicCompilationException: Aborting: dynamic compilation failed
	at xxl.java.compiler.DynamicClassCompiler.runCompilationTask(DynamicClassCompiler.java:99)
	at xxl.java.compiler.DynamicClassCompiler.javaBytecodeFor(DynamicClassCompiler.java:67)
	at fr.inria.lille.commons.spoon.SpoonedFile.compilationFor(SpoonedFile.java:203)
	at fr.inria.lille.commons.spoon.SpoonedFile.compileModelledClasses(SpoonedFile.java:177)
	at fr.inria.lille.commons.spoon.SpoonedFile.dumpedToClassLoader(SpoonedFile.java:130)
	at fr.inria.lille.commons.spoon.SpoonedFile.processedAndDumpedToClassLoader(SpoonedFile.java:140)
	at fr.inria.lille.commons.spoon.SpoonedFile.processedAndDumpedToClassLoader(SpoonedFile.java:135)
	at fr.inria.lille.repair.nopol.synth.dynamoth.DynamothSynthesizer.findAngelicValuesAndBuildPatch(DynamothSynthesizer.java:69)
	at fr.inria.lille.repair.nopol.NoPol.runNopolProcessor(NoPol.java:295)
	at fr.inria.lille.repair.nopol.NoPol.access$000(NoPol.java:81)
	at fr.inria.lille.repair.nopol.NoPol$1.call(NoPol.java:260)
	at java.util.concurrent.FutureTask.run(FutureTask.java:266)
	at java.util.concurrent.ThreadPoolExecutor.runWorker(ThreadPoolExecutor.java:1149)
	at java.util.concurrent.ThreadPoolExecutor$Worker.run(ThreadPoolExecutor.java:624)
	at java.lang.Thread.run(Thread.java:748)
20:00:01.736 [pool-2-thread-1] DEBUG fr.inria.lille.repair.nopol.NoPol - statement #72
20:00:01.737 [pool-2-thread-1] DEBUG fr.inria.lille.repair.nopol.NoPol - Analysing SourceLocation org.apache.flink.compiler.operators.GroupReduceWithCombineProperties:106 which is executed by 8 tests
1625508872
20:00:02.136 [pool-2-thread-1] DEBUG fr.inria.lille.repair.nopol.NoPol - looking with class fr.inria.lille.repair.nopol.spoon.smt.ConditionalAdder
SLF4J: Class path contains multiple SLF4J bindings.
SLF4J: Found binding in [jar:file:/home/tdurieux/.m2/repository/org/slf4j/slf4j-log4j12/1.7.7/slf4j-log4j12-1.7.7.jar!/org/slf4j/impl/StaticLoggerBinder.class]
SLF4J: Found binding in [jar:file:/home/tdurieux/defects4j4repair/script/../repair_tools/nopol.jar!/org/slf4j/impl/StaticLoggerBinder.class]
SLF4J: See http://www.slf4j.org/codes.html#multiple_bindings for an explanation.
SLF4J: Actual binding is of type [org.slf4j.impl.Log4jLoggerFactory]
java.lang.AssertionError: expected:<PARTITION_HASH> but was:<FORWARD>
    at org.junit.Assert.fail(Assert.java:88)
    at org.junit.Assert.failNotEquals(Assert.java:743)
    at org.junit.Assert.assertEquals(Assert.java:118)
    at org.junit.Assert.assertEquals(Assert.java:144)
    at org.apache.flink.compiler.PartitionPushdownTest.testPartitioningNotPushedDown(PartitionPushdownTest.java:59)
    at sun.reflect.NativeMethodAccessorImpl.invoke0(Native Method)
20:00:02.365 [pool-28-thread-1] INFO  xxl.java.junit.TestCasesListener - Tests run finished (217 ms)
<> Total tests run: 2
<> Ignored tests: 0
<> Failed tests: 1
~ testPartitioningNotPushedDown(org.apache.flink.compiler.PartitionPushdownTest)
[expected:<PARTITION_HASH> but was:<FORWARD>]
java.lang.AssertionError: expected:<PARTITION_HASH> but was:<FORWARD>    at org.junit.Assert.fail(Assert.java:88)
    at org.junit.Assert.failNotEquals(Assert.java:743)
    at org.junit.Assert.assertEquals(Assert.java:118)
    at org.junit.Assert.assertEquals(Assert.java:144)
    at org.apache.flink.compiler.PartitionPushdownTest.testPartitioningNotPushedDown(PartitionPushdownTest.java:59)
    at sun.reflect.NativeMethodAccessorImpl.invoke0(Native Method)

SLF4J: Class path contains multiple SLF4J bindings.
SLF4J: Found binding in [jar:file:/home/tdurieux/.m2/repository/org/slf4j/slf4j-log4j12/1.7.7/slf4j-log4j12-1.7.7.jar!/org/slf4j/impl/StaticLoggerBinder.class]
SLF4J: Found binding in [jar:file:/home/tdurieux/defects4j4repair/script/../repair_tools/nopol.jar!/org/slf4j/impl/StaticLoggerBinder.class]
SLF4J: See http://www.slf4j.org/codes.html#multiple_bindings for an explanation.
SLF4J: Actual binding is of type [org.slf4j.impl.Log4jLoggerFactory]
20:00:03.129 [pool-2-thread-1] DEBUG fr.inria.lille.repair.nopol.NoPol - statement #73
20:00:03.130 [pool-2-thread-1] DEBUG fr.inria.lille.repair.nopol.NoPol - Analysing SourceLocation org.apache.flink.compiler.operators.GroupReduceWithCombineProperties:105 which is executed by 8 tests
1625508872
20:00:03.586 [pool-2-thread-1] DEBUG fr.inria.lille.repair.nopol.NoPol - looking with class fr.inria.lille.repair.nopol.spoon.smt.ConditionalAdder
SLF4J: Class path contains multiple SLF4J bindings.
SLF4J: Found binding in [jar:file:/home/tdurieux/.m2/repository/org/slf4j/slf4j-log4j12/1.7.7/slf4j-log4j12-1.7.7.jar!/org/slf4j/impl/StaticLoggerBinder.class]
SLF4J: Found binding in [jar:file:/home/tdurieux/defects4j4repair/script/../repair_tools/nopol.jar!/org/slf4j/impl/StaticLoggerBinder.class]
SLF4J: See http://www.slf4j.org/codes.html#multiple_bindings for an explanation.
SLF4J: Actual binding is of type [org.slf4j.impl.Log4jLoggerFactory]
java.lang.AssertionError: expected:<PARTITION_HASH> but was:<FORWARD>
    at org.junit.Assert.fail(Assert.java:88)
    at org.junit.Assert.failNotEquals(Assert.java:743)
    at org.junit.Assert.assertEquals(Assert.java:118)
    at org.junit.Assert.assertEquals(Assert.java:144)
    at org.apache.flink.compiler.PartitionPushdownTest.testPartitioningNotPushedDown(PartitionPushdownTest.java:59)
    at sun.reflect.NativeMethodAccessorImpl.invoke0(Native Method)
20:00:03.843 [pool-32-thread-1] INFO  xxl.java.junit.TestCasesListener - Tests run finished (245 ms)
<> Total tests run: 2
<> Ignored tests: 0
<> Failed tests: 1
~ testPartitioningNotPushedDown(org.apache.flink.compiler.PartitionPushdownTest)
[expected:<PARTITION_HASH> but was:<FORWARD>]
java.lang.AssertionError: expected:<PARTITION_HASH> but was:<FORWARD>    at org.junit.Assert.fail(Assert.java:88)
    at org.junit.Assert.failNotEquals(Assert.java:743)
    at org.junit.Assert.assertEquals(Assert.java:118)
    at org.junit.Assert.assertEquals(Assert.java:144)
    at org.apache.flink.compiler.PartitionPushdownTest.testPartitioningNotPushedDown(PartitionPushdownTest.java:59)
    at sun.reflect.NativeMethodAccessorImpl.invoke0(Native Method)

SLF4J: Class path contains multiple SLF4J bindings.
SLF4J: Found binding in [jar:file:/home/tdurieux/.m2/repository/org/slf4j/slf4j-log4j12/1.7.7/slf4j-log4j12-1.7.7.jar!/org/slf4j/impl/StaticLoggerBinder.class]
SLF4J: Found binding in [jar:file:/home/tdurieux/defects4j4repair/script/../repair_tools/nopol.jar!/org/slf4j/impl/StaticLoggerBinder.class]
SLF4J: See http://www.slf4j.org/codes.html#multiple_bindings for an explanation.
SLF4J: Actual binding is of type [org.slf4j.impl.Log4jLoggerFactory]
org.apache.flink.compiler.CompilerException: Cannot determine costs: Shipping strategy has not been set for an input.
	at org.apache.flink.compiler.costs.CostEstimator.costOperator(CostEstimator.java:99)
	at org.apache.flink.compiler.dag.SingleInputNode.getAlternativePlans(SingleInputNode.java:332)
	at org.apache.flink.compiler.dag.SingleInputNode.getAlternativePlans(SingleInputNode.java:245)
	at org.apache.flink.compiler.dag.DataSinkNode.getAlternativePlans(DataSinkNode.java:194)
	at org.apache.flink.compiler.PactCompiler.compile(PactCompiler.java:561)
	at org.apache.flink.compiler.PactCompiler.compile(PactCompiler.java:466)
	at org.apache.flink.compiler.CompilerTestBase.compileNoStats(CompilerTestBase.java:91)
	at org.apache.flink.compiler.PartitionPushdownTest.testPartitioningNotPushedDown(PartitionPushdownTest.java:51)
	at sun.reflect.NativeMethodAccessorImpl.invoke0(Native Method)
	at sun.reflect.NativeMethodAccessorImpl.invoke(NativeMethodAccessorImpl.java:62)
	at sun.reflect.DelegatingMethodAccessorImpl.invoke(DelegatingMethodAccessorImpl.java:43)
	at java.lang.reflect.Method.invoke(Method.java:498)
	at org.junit.runners.model.FrameworkMethod$1.runReflectiveCall(FrameworkMethod.java:47)
	at org.junit.internal.runners.model.ReflectiveCallable.run(ReflectiveCallable.java:12)
	at org.junit.runners.model.FrameworkMethod.invokeExplosively(FrameworkMethod.java:44)
	at org.junit.internal.runners.statements.InvokeMethod.evaluate(InvokeMethod.java:17)
	at org.junit.internal.runners.statements.RunBefores.evaluate(RunBefores.java:26)
	at org.junit.runners.ParentRunner.runLeaf(ParentRunner.java:271)
	at org.junit.runners.BlockJUnit4ClassRunner.runChild(BlockJUnit4ClassRunner.java:70)
	at org.junit.runners.BlockJUnit4ClassRunner.runChild(BlockJUnit4ClassRunner.java:50)
	at org.junit.runners.ParentRunner$3.run(ParentRunner.java:238)
	at org.junit.runners.ParentRunner$1.schedule(ParentRunner.java:63)
	at org.junit.runners.ParentRunner.runChildren(ParentRunner.java:236)
	at org.junit.runners.ParentRunner.access$000(ParentRunner.java:53)
	at org.junit.runners.ParentRunner$2.evaluate(ParentRunner.java:229)
	at org.junit.runners.ParentRunner.run(ParentRunner.java:309)
	at org.junit.runner.JUnitCore.run(JUnitCore.java:160)
	at org.junit.runner.JUnitCore.run(JUnitCore.java:138)
	at xxl.java.junit.JUnitSingleTestRunner.call(JUnitSingleTestRunner.java:23)
	at xxl.java.junit.JUnitSingleTestRunner.call(JUnitSingleTestRunner.java:10)
	at java.util.concurrent.FutureTask.run(FutureTask.java:266)
	at java.util.concurrent.ThreadPoolExecutor.runWorker(ThreadPoolExecutor.java:1149)
	at java.util.concurrent.ThreadPoolExecutor$Worker.run(ThreadPoolExecutor.java:624)
	at java.lang.Thread.run(Thread.java:748)
20:00:04.689 [pool-2-thread-1] DEBUG fr.inria.lille.repair.nopol.NoPol - statement #74
20:00:04.690 [pool-2-thread-1] DEBUG fr.inria.lille.repair.nopol.NoPol - Analysing SourceLocation org.apache.flink.compiler.operators.GroupReduceWithCombineProperties:104 which is executed by 8 tests
1625508872
20:00:05.098 [pool-2-thread-1] DEBUG fr.inria.lille.repair.nopol.NoPol - statement #75
20:00:05.098 [pool-2-thread-1] DEBUG fr.inria.lille.repair.nopol.NoPol - Analysing SourceLocation org.apache.flink.compiler.operators.GroupReduceWithCombineProperties:102 which is executed by 8 tests
1625508872
20:00:05.496 [pool-2-thread-1] DEBUG fr.inria.lille.repair.nopol.NoPol - looking with class fr.inria.lille.repair.nopol.spoon.smt.ConditionalAdder
SLF4J: Class path contains multiple SLF4J bindings.
SLF4J: Found binding in [jar:file:/home/tdurieux/.m2/repository/org/slf4j/slf4j-log4j12/1.7.7/slf4j-log4j12-1.7.7.jar!/org/slf4j/impl/StaticLoggerBinder.class]
SLF4J: Found binding in [jar:file:/home/tdurieux/defects4j4repair/script/../repair_tools/nopol.jar!/org/slf4j/impl/StaticLoggerBinder.class]
SLF4J: See http://www.slf4j.org/codes.html#multiple_bindings for an explanation.
SLF4J: Actual binding is of type [org.slf4j.impl.Log4jLoggerFactory]
java.lang.AssertionError: expected:<PARTITION_HASH> but was:<FORWARD>
    at org.junit.Assert.fail(Assert.java:88)
    at org.junit.Assert.failNotEquals(Assert.java:743)
    at org.junit.Assert.assertEquals(Assert.java:118)
    at org.junit.Assert.assertEquals(Assert.java:144)
    at org.apache.flink.compiler.PartitionPushdownTest.testPartitioningNotPushedDown(PartitionPushdownTest.java:59)
    at sun.reflect.NativeMethodAccessorImpl.invoke0(Native Method)
20:00:05.719 [pool-36-thread-1] INFO  xxl.java.junit.TestCasesListener - Tests run finished (213 ms)
<> Total tests run: 2
<> Ignored tests: 0
<> Failed tests: 1
~ testPartitioningNotPushedDown(org.apache.flink.compiler.PartitionPushdownTest)
[expected:<PARTITION_HASH> but was:<FORWARD>]
java.lang.AssertionError: expected:<PARTITION_HASH> but was:<FORWARD>    at org.junit.Assert.fail(Assert.java:88)
    at org.junit.Assert.failNotEquals(Assert.java:743)
    at org.junit.Assert.assertEquals(Assert.java:118)
    at org.junit.Assert.assertEquals(Assert.java:144)
    at org.apache.flink.compiler.PartitionPushdownTest.testPartitioningNotPushedDown(PartitionPushdownTest.java:59)
    at sun.reflect.NativeMethodAccessorImpl.invoke0(Native Method)

SLF4J: Class path contains multiple SLF4J bindings.
SLF4J: Found binding in [jar:file:/home/tdurieux/.m2/repository/org/slf4j/slf4j-log4j12/1.7.7/slf4j-log4j12-1.7.7.jar!/org/slf4j/impl/StaticLoggerBinder.class]
SLF4J: Found binding in [jar:file:/home/tdurieux/defects4j4repair/script/../repair_tools/nopol.jar!/org/slf4j/impl/StaticLoggerBinder.class]
SLF4J: See http://www.slf4j.org/codes.html#multiple_bindings for an explanation.
SLF4J: Actual binding is of type [org.slf4j.impl.Log4jLoggerFactory]
java.lang.NullPointerException
	at org.apache.flink.compiler.postpass.JavaApiPostPass.getSortOrders(JavaApiPostPass.java:321)
	at org.apache.flink.compiler.postpass.JavaApiPostPass.traverse(JavaApiPostPass.java:167)
	at org.apache.flink.compiler.postpass.JavaApiPostPass.traverseChannel(JavaApiPostPass.java:264)
	at org.apache.flink.compiler.postpass.JavaApiPostPass.traverse(JavaApiPostPass.java:170)
	at org.apache.flink.compiler.postpass.JavaApiPostPass.traverseChannel(JavaApiPostPass.java:264)
	at org.apache.flink.compiler.postpass.JavaApiPostPass.traverse(JavaApiPostPass.java:170)
	at org.apache.flink.compiler.postpass.JavaApiPostPass.traverseChannel(JavaApiPostPass.java:264)
	at org.apache.flink.compiler.postpass.JavaApiPostPass.traverse(JavaApiPostPass.java:94)
	at org.apache.flink.compiler.postpass.JavaApiPostPass.postPass(JavaApiPostPass.java:78)
	at org.apache.flink.compiler.PactCompiler.compile(PactCompiler.java:589)
	at org.apache.flink.compiler.PactCompiler.compile(PactCompiler.java:466)
	at org.apache.flink.compiler.CompilerTestBase.compileNoStats(CompilerTestBase.java:91)
	at org.apache.flink.compiler.PartitionPushdownTest.testPartitioningNotPushedDown(PartitionPushdownTest.java:51)
	at sun.reflect.NativeMethodAccessorImpl.invoke0(Native Method)
	at sun.reflect.NativeMethodAccessorImpl.invoke(NativeMethodAccessorImpl.java:62)
	at sun.reflect.DelegatingMethodAccessorImpl.invoke(DelegatingMethodAccessorImpl.java:43)
	at java.lang.reflect.Method.invoke(Method.java:498)
	at org.junit.runners.model.FrameworkMethod$1.runReflectiveCall(FrameworkMethod.java:47)
	at org.junit.internal.runners.model.ReflectiveCallable.run(ReflectiveCallable.java:12)
	at org.junit.runners.model.FrameworkMethod.invokeExplosively(FrameworkMethod.java:44)
	at org.junit.internal.runners.statements.InvokeMethod.evaluate(InvokeMethod.java:17)
	at org.junit.internal.runners.statements.RunBefores.evaluate(RunBefores.java:26)
	at org.junit.runners.ParentRunner.runLeaf(ParentRunner.java:271)
	at org.junit.runners.BlockJUnit4ClassRunner.runChild(BlockJUnit4ClassRunner.java:70)
	at org.junit.runners.BlockJUnit4ClassRunner.runChild(BlockJUnit4ClassRunner.java:50)
	at org.junit.runners.ParentRunner$3.run(ParentRunner.java:238)
	at org.junit.runners.ParentRunner$1.schedule(ParentRunner.java:63)
	at org.junit.runners.ParentRunner.runChildren(ParentRunner.java:236)
	at org.junit.runners.ParentRunner.access$000(ParentRunner.java:53)
	at org.junit.runners.ParentRunner$2.evaluate(ParentRunner.java:229)
	at org.junit.runners.ParentRunner.run(ParentRunner.java:309)
	at org.junit.runner.JUnitCore.run(JUnitCore.java:160)
	at org.junit.runner.JUnitCore.run(JUnitCore.java:138)
	at xxl.java.junit.JUnitSingleTestRunner.call(JUnitSingleTestRunner.java:23)
	at xxl.java.junit.JUnitSingleTestRunner.call(JUnitSingleTestRunner.java:10)
	at java.util.concurrent.FutureTask.run(FutureTask.java:266)
	at java.util.concurrent.ThreadPoolExecutor.runWorker(ThreadPoolExecutor.java:1149)
	at java.util.concurrent.ThreadPoolExecutor$Worker.run(ThreadPoolExecutor.java:624)
	at java.lang.Thread.run(Thread.java:748)
20:00:06.487 [pool-2-thread-1] DEBUG fr.inria.lille.repair.nopol.NoPol - statement #76
20:00:06.488 [pool-2-thread-1] DEBUG fr.inria.lille.repair.nopol.NoPol - Analysing SourceLocation org.apache.flink.compiler.operators.GroupReduceWithCombineProperties:100 which is executed by 8 tests
1625508872
20:00:06.891 [pool-2-thread-1] DEBUG fr.inria.lille.repair.nopol.NoPol - looking with class fr.inria.lille.repair.nopol.spoon.smt.ConditionalAdder
SLF4J: Class path contains multiple SLF4J bindings.
SLF4J: Found binding in [jar:file:/home/tdurieux/.m2/repository/org/slf4j/slf4j-log4j12/1.7.7/slf4j-log4j12-1.7.7.jar!/org/slf4j/impl/StaticLoggerBinder.class]
SLF4J: Found binding in [jar:file:/home/tdurieux/defects4j4repair/script/../repair_tools/nopol.jar!/org/slf4j/impl/StaticLoggerBinder.class]
SLF4J: See http://www.slf4j.org/codes.html#multiple_bindings for an explanation.
SLF4J: Actual binding is of type [org.slf4j.impl.Log4jLoggerFactory]
java.lang.AssertionError: expected:<PARTITION_HASH> but was:<FORWARD>
    at org.junit.Assert.fail(Assert.java:88)
    at org.junit.Assert.failNotEquals(Assert.java:743)
    at org.junit.Assert.assertEquals(Assert.java:118)
    at org.junit.Assert.assertEquals(Assert.java:144)
    at org.apache.flink.compiler.PartitionPushdownTest.testPartitioningNotPushedDown(PartitionPushdownTest.java:59)
    at sun.reflect.NativeMethodAccessorImpl.invoke0(Native Method)
20:00:07.120 [pool-40-thread-1] INFO  xxl.java.junit.TestCasesListener - Tests run finished (220 ms)
<> Total tests run: 2
<> Ignored tests: 0
<> Failed tests: 1
~ testPartitioningNotPushedDown(org.apache.flink.compiler.PartitionPushdownTest)
[expected:<PARTITION_HASH> but was:<FORWARD>]
java.lang.AssertionError: expected:<PARTITION_HASH> but was:<FORWARD>    at org.junit.Assert.fail(Assert.java:88)
    at org.junit.Assert.failNotEquals(Assert.java:743)
    at org.junit.Assert.assertEquals(Assert.java:118)
    at org.junit.Assert.assertEquals(Assert.java:144)
    at org.apache.flink.compiler.PartitionPushdownTest.testPartitioningNotPushedDown(PartitionPushdownTest.java:59)
    at sun.reflect.NativeMethodAccessorImpl.invoke0(Native Method)

SLF4J: Class path contains multiple SLF4J bindings.
SLF4J: Found binding in [jar:file:/home/tdurieux/.m2/repository/org/slf4j/slf4j-log4j12/1.7.7/slf4j-log4j12-1.7.7.jar!/org/slf4j/impl/StaticLoggerBinder.class]
SLF4J: Found binding in [jar:file:/home/tdurieux/defects4j4repair/script/../repair_tools/nopol.jar!/org/slf4j/impl/StaticLoggerBinder.class]
SLF4J: See http://www.slf4j.org/codes.html#multiple_bindings for an explanation.
SLF4J: Actual binding is of type [org.slf4j.impl.Log4jLoggerFactory]
java.lang.NullPointerException
	at org.apache.flink.compiler.postpass.JavaApiPostPass.getSortOrders(JavaApiPostPass.java:321)
	at org.apache.flink.compiler.postpass.JavaApiPostPass.traverse(JavaApiPostPass.java:167)
	at org.apache.flink.compiler.postpass.JavaApiPostPass.traverseChannel(JavaApiPostPass.java:264)
	at org.apache.flink.compiler.postpass.JavaApiPostPass.traverse(JavaApiPostPass.java:170)
	at org.apache.flink.compiler.postpass.JavaApiPostPass.traverseChannel(JavaApiPostPass.java:264)
	at org.apache.flink.compiler.postpass.JavaApiPostPass.traverse(JavaApiPostPass.java:170)
	at org.apache.flink.compiler.postpass.JavaApiPostPass.traverseChannel(JavaApiPostPass.java:264)
	at org.apache.flink.compiler.postpass.JavaApiPostPass.traverse(JavaApiPostPass.java:94)
	at org.apache.flink.compiler.postpass.JavaApiPostPass.postPass(JavaApiPostPass.java:78)
	at org.apache.flink.compiler.PactCompiler.compile(PactCompiler.java:589)
	at org.apache.flink.compiler.PactCompiler.compile(PactCompiler.java:466)
	at org.apache.flink.compiler.CompilerTestBase.compileNoStats(CompilerTestBase.java:91)
	at org.apache.flink.compiler.PartitionPushdownTest.testPartitioningNotPushedDown(PartitionPushdownTest.java:51)
	at sun.reflect.NativeMethodAccessorImpl.invoke0(Native Method)
	at sun.reflect.NativeMethodAccessorImpl.invoke(NativeMethodAccessorImpl.java:62)
	at sun.reflect.DelegatingMethodAccessorImpl.invoke(DelegatingMethodAccessorImpl.java:43)
	at java.lang.reflect.Method.invoke(Method.java:498)
	at org.junit.runners.model.FrameworkMethod$1.runReflectiveCall(FrameworkMethod.java:47)
	at org.junit.internal.runners.model.ReflectiveCallable.run(ReflectiveCallable.java:12)
	at org.junit.runners.model.FrameworkMethod.invokeExplosively(FrameworkMethod.java:44)
	at org.junit.internal.runners.statements.InvokeMethod.evaluate(InvokeMethod.java:17)
	at org.junit.internal.runners.statements.RunBefores.evaluate(RunBefores.java:26)
	at org.junit.runners.ParentRunner.runLeaf(ParentRunner.java:271)
	at org.junit.runners.BlockJUnit4ClassRunner.runChild(BlockJUnit4ClassRunner.java:70)
	at org.junit.runners.BlockJUnit4ClassRunner.runChild(BlockJUnit4ClassRunner.java:50)
	at org.junit.runners.ParentRunner$3.run(ParentRunner.java:238)
	at org.junit.runners.ParentRunner$1.schedule(ParentRunner.java:63)
	at org.junit.runners.ParentRunner.runChildren(ParentRunner.java:236)
	at org.junit.runners.ParentRunner.access$000(ParentRunner.java:53)
	at org.junit.runners.ParentRunner$2.evaluate(ParentRunner.java:229)
	at org.junit.runners.ParentRunner.run(ParentRunner.java:309)
	at org.junit.runner.JUnitCore.run(JUnitCore.java:160)
	at org.junit.runner.JUnitCore.run(JUnitCore.java:138)
	at xxl.java.junit.JUnitSingleTestRunner.call(JUnitSingleTestRunner.java:23)
	at xxl.java.junit.JUnitSingleTestRunner.call(JUnitSingleTestRunner.java:10)
	at java.util.concurrent.FutureTask.run(FutureTask.java:266)
	at java.util.concurrent.ThreadPoolExecutor.runWorker(ThreadPoolExecutor.java:1149)
	at java.util.concurrent.ThreadPoolExecutor$Worker.run(ThreadPoolExecutor.java:624)
	at java.lang.Thread.run(Thread.java:748)
20:00:07.933 [pool-2-thread-1] DEBUG fr.inria.lille.repair.nopol.NoPol - statement #77
20:00:07.933 [pool-2-thread-1] DEBUG fr.inria.lille.repair.nopol.NoPol - Analysing SourceLocation org.apache.flink.compiler.operators.GroupReduceWithCombineProperties:98 which is executed by 8 tests
1625508872
20:00:08.339 [pool-2-thread-1] DEBUG fr.inria.lille.repair.nopol.NoPol - looking with class fr.inria.lille.repair.nopol.spoon.smt.ConditionalAdder
SLF4J: Class path contains multiple SLF4J bindings.
SLF4J: Found binding in [jar:file:/home/tdurieux/.m2/repository/org/slf4j/slf4j-log4j12/1.7.7/slf4j-log4j12-1.7.7.jar!/org/slf4j/impl/StaticLoggerBinder.class]
SLF4J: Found binding in [jar:file:/home/tdurieux/defects4j4repair/script/../repair_tools/nopol.jar!/org/slf4j/impl/StaticLoggerBinder.class]
SLF4J: See http://www.slf4j.org/codes.html#multiple_bindings for an explanation.
SLF4J: Actual binding is of type [org.slf4j.impl.Log4jLoggerFactory]
java.lang.AssertionError: expected:<PARTITION_HASH> but was:<FORWARD>
    at org.junit.Assert.fail(Assert.java:88)
    at org.junit.Assert.failNotEquals(Assert.java:743)
    at org.junit.Assert.assertEquals(Assert.java:118)
    at org.junit.Assert.assertEquals(Assert.java:144)
    at org.apache.flink.compiler.PartitionPushdownTest.testPartitioningNotPushedDown(PartitionPushdownTest.java:59)
    at sun.reflect.NativeMethodAccessorImpl.invoke0(Native Method)
20:00:08.577 [pool-44-thread-1] INFO  xxl.java.junit.TestCasesListener - Tests run finished (214 ms)
<> Total tests run: 2
<> Ignored tests: 0
<> Failed tests: 1
~ testPartitioningNotPushedDown(org.apache.flink.compiler.PartitionPushdownTest)
[expected:<PARTITION_HASH> but was:<FORWARD>]
java.lang.AssertionError: expected:<PARTITION_HASH> but was:<FORWARD>    at org.junit.Assert.fail(Assert.java:88)
    at org.junit.Assert.failNotEquals(Assert.java:743)
    at org.junit.Assert.assertEquals(Assert.java:118)
    at org.junit.Assert.assertEquals(Assert.java:144)
    at org.apache.flink.compiler.PartitionPushdownTest.testPartitioningNotPushedDown(PartitionPushdownTest.java:59)
    at sun.reflect.NativeMethodAccessorImpl.invoke0(Native Method)

SLF4J: Class path contains multiple SLF4J bindings.
SLF4J: Found binding in [jar:file:/home/tdurieux/.m2/repository/org/slf4j/slf4j-log4j12/1.7.7/slf4j-log4j12-1.7.7.jar!/org/slf4j/impl/StaticLoggerBinder.class]
SLF4J: Found binding in [jar:file:/home/tdurieux/defects4j4repair/script/../repair_tools/nopol.jar!/org/slf4j/impl/StaticLoggerBinder.class]
SLF4J: See http://www.slf4j.org/codes.html#multiple_bindings for an explanation.
SLF4J: Actual binding is of type [org.slf4j.impl.Log4jLoggerFactory]
20:00:09.326 [pool-2-thread-1] DEBUG fr.inria.lille.repair.nopol.NoPol - statement #78
20:00:09.327 [pool-2-thread-1] DEBUG fr.inria.lille.repair.nopol.NoPol - Analysing SourceLocation org.apache.flink.compiler.operators.GroupReduceWithCombineProperties:97 which is executed by 8 tests
1625508872
20:00:09.729 [pool-2-thread-1] DEBUG fr.inria.lille.repair.nopol.NoPol - looking with class fr.inria.lille.repair.nopol.spoon.smt.ConditionalAdder
SLF4J: Class path contains multiple SLF4J bindings.
SLF4J: Found binding in [jar:file:/home/tdurieux/.m2/repository/org/slf4j/slf4j-log4j12/1.7.7/slf4j-log4j12-1.7.7.jar!/org/slf4j/impl/StaticLoggerBinder.class]
SLF4J: Found binding in [jar:file:/home/tdurieux/defects4j4repair/script/../repair_tools/nopol.jar!/org/slf4j/impl/StaticLoggerBinder.class]
SLF4J: See http://www.slf4j.org/codes.html#multiple_bindings for an explanation.
SLF4J: Actual binding is of type [org.slf4j.impl.Log4jLoggerFactory]
java.lang.AssertionError: expected:<PARTITION_HASH> but was:<FORWARD>
    at org.junit.Assert.fail(Assert.java:88)
    at org.junit.Assert.failNotEquals(Assert.java:743)
    at org.junit.Assert.assertEquals(Assert.java:118)
    at org.junit.Assert.assertEquals(Assert.java:144)
    at org.apache.flink.compiler.PartitionPushdownTest.testPartitioningNotPushedDown(PartitionPushdownTest.java:59)
    at sun.reflect.NativeMethodAccessorImpl.invoke0(Native Method)
20:00:09.953 [pool-48-thread-1] INFO  xxl.java.junit.TestCasesListener - Tests run finished (214 ms)
<> Total tests run: 2
<> Ignored tests: 0
<> Failed tests: 1
~ testPartitioningNotPushedDown(org.apache.flink.compiler.PartitionPushdownTest)
[expected:<PARTITION_HASH> but was:<FORWARD>]
java.lang.AssertionError: expected:<PARTITION_HASH> but was:<FORWARD>    at org.junit.Assert.fail(Assert.java:88)
    at org.junit.Assert.failNotEquals(Assert.java:743)
    at org.junit.Assert.assertEquals(Assert.java:118)
    at org.junit.Assert.assertEquals(Assert.java:144)
    at org.apache.flink.compiler.PartitionPushdownTest.testPartitioningNotPushedDown(PartitionPushdownTest.java:59)
    at sun.reflect.NativeMethodAccessorImpl.invoke0(Native Method)

SLF4J: Class path contains multiple SLF4J bindings.
SLF4J: Found binding in [jar:file:/home/tdurieux/.m2/repository/org/slf4j/slf4j-log4j12/1.7.7/slf4j-log4j12-1.7.7.jar!/org/slf4j/impl/StaticLoggerBinder.class]
SLF4J: Found binding in [jar:file:/home/tdurieux/defects4j4repair/script/../repair_tools/nopol.jar!/org/slf4j/impl/StaticLoggerBinder.class]
SLF4J: See http://www.slf4j.org/codes.html#multiple_bindings for an explanation.
SLF4J: Actual binding is of type [org.slf4j.impl.Log4jLoggerFactory]
org.apache.flink.compiler.CompilerException: Trying to set the costs of an operator before the predecessor costs are computed.
	at org.apache.flink.compiler.plan.PlanNode.setCosts(PlanNode.java:288)
	at org.apache.flink.compiler.costs.CostEstimator.costOperator(CostEstimator.java:225)
	at org.apache.flink.compiler.dag.SingleInputNode.getAlternativePlans(SingleInputNode.java:332)
	at org.apache.flink.compiler.dag.SingleInputNode.getAlternativePlans(SingleInputNode.java:245)
	at org.apache.flink.compiler.dag.DataSinkNode.getAlternativePlans(DataSinkNode.java:194)
	at org.apache.flink.compiler.PactCompiler.compile(PactCompiler.java:561)
	at org.apache.flink.compiler.PactCompiler.compile(PactCompiler.java:466)
	at org.apache.flink.compiler.CompilerTestBase.compileNoStats(CompilerTestBase.java:91)
	at org.apache.flink.compiler.PartitionPushdownTest.testPartitioningNotPushedDown(PartitionPushdownTest.java:51)
	at sun.reflect.NativeMethodAccessorImpl.invoke0(Native Method)
	at sun.reflect.NativeMethodAccessorImpl.invoke(NativeMethodAccessorImpl.java:62)
	at sun.reflect.DelegatingMethodAccessorImpl.invoke(DelegatingMethodAccessorImpl.java:43)
	at java.lang.reflect.Method.invoke(Method.java:498)
	at org.junit.runners.model.FrameworkMethod$1.runReflectiveCall(FrameworkMethod.java:47)
	at org.junit.internal.runners.model.ReflectiveCallable.run(ReflectiveCallable.java:12)
	at org.junit.runners.model.FrameworkMethod.invokeExplosively(FrameworkMethod.java:44)
	at org.junit.internal.runners.statements.InvokeMethod.evaluate(InvokeMethod.java:17)
	at org.junit.internal.runners.statements.RunBefores.evaluate(RunBefores.java:26)
	at org.junit.runners.ParentRunner.runLeaf(ParentRunner.java:271)
	at org.junit.runners.BlockJUnit4ClassRunner.runChild(BlockJUnit4ClassRunner.java:70)
	at org.junit.runners.BlockJUnit4ClassRunner.runChild(BlockJUnit4ClassRunner.java:50)
	at org.junit.runners.ParentRunner$3.run(ParentRunner.java:238)
	at org.junit.runners.ParentRunner$1.schedule(ParentRunner.java:63)
	at org.junit.runners.ParentRunner.runChildren(ParentRunner.java:236)
	at org.junit.runners.ParentRunner.access$000(ParentRunner.java:53)
	at org.junit.runners.ParentRunner$2.evaluate(ParentRunner.java:229)
	at org.junit.runners.ParentRunner.run(ParentRunner.java:309)
	at org.junit.runner.JUnitCore.run(JUnitCore.java:160)
	at org.junit.runner.JUnitCore.run(JUnitCore.java:138)
	at xxl.java.junit.JUnitSingleTestRunner.call(JUnitSingleTestRunner.java:23)
	at xxl.java.junit.JUnitSingleTestRunner.call(JUnitSingleTestRunner.java:10)
	at java.util.concurrent.FutureTask.run(FutureTask.java:266)
	at java.util.concurrent.ThreadPoolExecutor.runWorker(ThreadPoolExecutor.java:1149)
	at java.util.concurrent.ThreadPoolExecutor$Worker.run(ThreadPoolExecutor.java:624)
	at java.lang.Thread.run(Thread.java:748)
20:00:10.722 [pool-2-thread-1] DEBUG fr.inria.lille.repair.nopol.NoPol - statement #79
20:00:10.723 [pool-2-thread-1] DEBUG fr.inria.lille.repair.nopol.NoPol - Analysing SourceLocation org.apache.flink.compiler.operators.GroupReduceWithCombineProperties:96 which is executed by 8 tests
1625508872
20:00:11.121 [pool-2-thread-1] DEBUG fr.inria.lille.repair.nopol.NoPol - statement #80
20:00:11.121 [pool-2-thread-1] DEBUG fr.inria.lille.repair.nopol.NoPol - Analysing SourceLocation org.apache.flink.compiler.operators.GroupReduceWithCombineProperties:95 which is executed by 8 tests
1625508872
20:00:11.560 [pool-2-thread-1] DEBUG fr.inria.lille.repair.nopol.NoPol - statement #81
20:00:11.560 [pool-2-thread-1] DEBUG fr.inria.lille.repair.nopol.NoPol - Analysing SourceLocation org.apache.flink.compiler.operators.GroupReduceWithCombineProperties:93 which is executed by 8 tests
1625508872
20:00:12.058 [pool-2-thread-1] DEBUG fr.inria.lille.repair.nopol.NoPol - looking with class fr.inria.lille.repair.nopol.spoon.smt.ConditionalAdder
SLF4J: Class path contains multiple SLF4J bindings.
SLF4J: Found binding in [jar:file:/home/tdurieux/.m2/repository/org/slf4j/slf4j-log4j12/1.7.7/slf4j-log4j12-1.7.7.jar!/org/slf4j/impl/StaticLoggerBinder.class]
SLF4J: Found binding in [jar:file:/home/tdurieux/defects4j4repair/script/../repair_tools/nopol.jar!/org/slf4j/impl/StaticLoggerBinder.class]
SLF4J: See http://www.slf4j.org/codes.html#multiple_bindings for an explanation.
SLF4J: Actual binding is of type [org.slf4j.impl.Log4jLoggerFactory]
java.lang.AssertionError: expected:<PARTITION_HASH> but was:<FORWARD>
    at org.junit.Assert.fail(Assert.java:88)
    at org.junit.Assert.failNotEquals(Assert.java:743)
    at org.junit.Assert.assertEquals(Assert.java:118)
    at org.junit.Assert.assertEquals(Assert.java:144)
    at org.apache.flink.compiler.PartitionPushdownTest.testPartitioningNotPushedDown(PartitionPushdownTest.java:59)
    at sun.reflect.NativeMethodAccessorImpl.invoke0(Native Method)
20:00:12.307 [pool-52-thread-1] INFO  xxl.java.junit.TestCasesListener - Tests run finished (240 ms)
<> Total tests run: 2
<> Ignored tests: 0
<> Failed tests: 1
~ testPartitioningNotPushedDown(org.apache.flink.compiler.PartitionPushdownTest)
[expected:<PARTITION_HASH> but was:<FORWARD>]
java.lang.AssertionError: expected:<PARTITION_HASH> but was:<FORWARD>    at org.junit.Assert.fail(Assert.java:88)
    at org.junit.Assert.failNotEquals(Assert.java:743)
    at org.junit.Assert.assertEquals(Assert.java:118)
    at org.junit.Assert.assertEquals(Assert.java:144)
    at org.apache.flink.compiler.PartitionPushdownTest.testPartitioningNotPushedDown(PartitionPushdownTest.java:59)
    at sun.reflect.NativeMethodAccessorImpl.invoke0(Native Method)

SLF4J: Class path contains multiple SLF4J bindings.
SLF4J: Found binding in [jar:file:/home/tdurieux/.m2/repository/org/slf4j/slf4j-log4j12/1.7.7/slf4j-log4j12-1.7.7.jar!/org/slf4j/impl/StaticLoggerBinder.class]
SLF4J: Found binding in [jar:file:/home/tdurieux/defects4j4repair/script/../repair_tools/nopol.jar!/org/slf4j/impl/StaticLoggerBinder.class]
SLF4J: See http://www.slf4j.org/codes.html#multiple_bindings for an explanation.
SLF4J: Actual binding is of type [org.slf4j.impl.Log4jLoggerFactory]
20:00:13.118 [pool-2-thread-1] DEBUG fr.inria.lille.repair.nopol.NoPol - statement #82
20:00:13.119 [pool-2-thread-1] DEBUG fr.inria.lille.repair.nopol.NoPol - Analysing SourceLocation org.apache.flink.compiler.operators.GroupReduceWithCombineProperties:92 which is executed by 8 tests
1625508872
20:00:13.515 [pool-2-thread-1] DEBUG fr.inria.lille.repair.nopol.NoPol - statement #83
20:00:13.515 [pool-2-thread-1] DEBUG fr.inria.lille.repair.nopol.NoPol - Analysing SourceLocation org.apache.flink.compiler.operators.GroupReduceWithCombineProperties:90 which is executed by 8 tests
1625508872
20:00:13.911 [pool-2-thread-1] DEBUG fr.inria.lille.repair.nopol.NoPol - looking with class fr.inria.lille.repair.nopol.spoon.smt.ConditionalAdder
SLF4J: Class path contains multiple SLF4J bindings.
SLF4J: Found binding in [jar:file:/home/tdurieux/.m2/repository/org/slf4j/slf4j-log4j12/1.7.7/slf4j-log4j12-1.7.7.jar!/org/slf4j/impl/StaticLoggerBinder.class]
SLF4J: Found binding in [jar:file:/home/tdurieux/defects4j4repair/script/../repair_tools/nopol.jar!/org/slf4j/impl/StaticLoggerBinder.class]
SLF4J: See http://www.slf4j.org/codes.html#multiple_bindings for an explanation.
SLF4J: Actual binding is of type [org.slf4j.impl.Log4jLoggerFactory]
java.lang.AssertionError: expected:<PARTITION_HASH> but was:<FORWARD>
    at org.junit.Assert.fail(Assert.java:88)
    at org.junit.Assert.failNotEquals(Assert.java:743)
    at org.junit.Assert.assertEquals(Assert.java:118)
    at org.junit.Assert.assertEquals(Assert.java:144)
    at org.apache.flink.compiler.PartitionPushdownTest.testPartitioningNotPushedDown(PartitionPushdownTest.java:59)
    at sun.reflect.NativeMethodAccessorImpl.invoke0(Native Method)
20:00:14.139 [pool-56-thread-1] INFO  xxl.java.junit.TestCasesListener - Tests run finished (218 ms)
<> Total tests run: 2
<> Ignored tests: 0
<> Failed tests: 1
~ testPartitioningNotPushedDown(org.apache.flink.compiler.PartitionPushdownTest)
[expected:<PARTITION_HASH> but was:<FORWARD>]
java.lang.AssertionError: expected:<PARTITION_HASH> but was:<FORWARD>    at org.junit.Assert.fail(Assert.java:88)
    at org.junit.Assert.failNotEquals(Assert.java:743)
    at org.junit.Assert.assertEquals(Assert.java:118)
    at org.junit.Assert.assertEquals(Assert.java:144)
    at org.apache.flink.compiler.PartitionPushdownTest.testPartitioningNotPushedDown(PartitionPushdownTest.java:59)
    at sun.reflect.NativeMethodAccessorImpl.invoke0(Native Method)

SLF4J: Class path contains multiple SLF4J bindings.
SLF4J: Found binding in [jar:file:/home/tdurieux/.m2/repository/org/slf4j/slf4j-log4j12/1.7.7/slf4j-log4j12-1.7.7.jar!/org/slf4j/impl/StaticLoggerBinder.class]
SLF4J: Found binding in [jar:file:/home/tdurieux/defects4j4repair/script/../repair_tools/nopol.jar!/org/slf4j/impl/StaticLoggerBinder.class]
SLF4J: See http://www.slf4j.org/codes.html#multiple_bindings for an explanation.
SLF4J: Actual binding is of type [org.slf4j.impl.Log4jLoggerFactory]
org.apache.flink.compiler.CompilerException: Cannot produce GlobalProperties before ship strategy is set.
	at org.apache.flink.compiler.plan.Channel.getGlobalProperties(Channel.java:385)
	at org.apache.flink.compiler.operators.GroupReduceWithCombineProperties.instantiate(GroupReduceWithCombineProperties.java:56)
	at org.apache.flink.compiler.dag.SingleInputNode.instantiateCandidate(SingleInputNode.java:426)
	at org.apache.flink.compiler.dag.SingleInputNode.addLocalCandidates(SingleInputNode.java:354)
	at org.apache.flink.compiler.dag.SingleInputNode.getAlternativePlans(SingleInputNode.java:302)
	at org.apache.flink.compiler.dag.SingleInputNode.getAlternativePlans(SingleInputNode.java:245)
	at org.apache.flink.compiler.dag.DataSinkNode.getAlternativePlans(DataSinkNode.java:194)
	at org.apache.flink.compiler.PactCompiler.compile(PactCompiler.java:561)
	at org.apache.flink.compiler.PactCompiler.compile(PactCompiler.java:466)
	at org.apache.flink.compiler.CompilerTestBase.compileNoStats(CompilerTestBase.java:91)
	at org.apache.flink.compiler.PartitionPushdownTest.testPartitioningNotPushedDown(PartitionPushdownTest.java:51)
	at sun.reflect.NativeMethodAccessorImpl.invoke0(Native Method)
	at sun.reflect.NativeMethodAccessorImpl.invoke(NativeMethodAccessorImpl.java:62)
	at sun.reflect.DelegatingMethodAccessorImpl.invoke(DelegatingMethodAccessorImpl.java:43)
	at java.lang.reflect.Method.invoke(Method.java:498)
	at org.junit.runners.model.FrameworkMethod$1.runReflectiveCall(FrameworkMethod.java:47)
	at org.junit.internal.runners.model.ReflectiveCallable.run(ReflectiveCallable.java:12)
	at org.junit.runners.model.FrameworkMethod.invokeExplosively(FrameworkMethod.java:44)
	at org.junit.internal.runners.statements.InvokeMethod.evaluate(InvokeMethod.java:17)
	at org.junit.internal.runners.statements.RunBefores.evaluate(RunBefores.java:26)
	at org.junit.runners.ParentRunner.runLeaf(ParentRunner.java:271)
	at org.junit.runners.BlockJUnit4ClassRunner.runChild(BlockJUnit4ClassRunner.java:70)
	at org.junit.runners.BlockJUnit4ClassRunner.runChild(BlockJUnit4ClassRunner.java:50)
	at org.junit.runners.ParentRunner$3.run(ParentRunner.java:238)
	at org.junit.runners.ParentRunner$1.schedule(ParentRunner.java:63)
	at org.junit.runners.ParentRunner.runChildren(ParentRunner.java:236)
	at org.junit.runners.ParentRunner.access$000(ParentRunner.java:53)
	at org.junit.runners.ParentRunner$2.evaluate(ParentRunner.java:229)
	at org.junit.runners.ParentRunner.run(ParentRunner.java:309)
	at org.junit.runner.JUnitCore.run(JUnitCore.java:160)
	at org.junit.runner.JUnitCore.run(JUnitCore.java:138)
	at xxl.java.junit.JUnitSingleTestRunner.call(JUnitSingleTestRunner.java:23)
	at xxl.java.junit.JUnitSingleTestRunner.call(JUnitSingleTestRunner.java:10)
	at java.util.concurrent.FutureTask.run(FutureTask.java:266)
	at java.util.concurrent.ThreadPoolExecutor.runWorker(ThreadPoolExecutor.java:1149)
	at java.util.concurrent.ThreadPoolExecutor$Worker.run(ThreadPoolExecutor.java:624)
	at java.lang.Thread.run(Thread.java:748)
20:00:15.109 [pool-2-thread-1] DEBUG fr.inria.lille.repair.nopol.NoPol - statement #84
20:00:15.110 [pool-2-thread-1] DEBUG fr.inria.lille.repair.nopol.NoPol - Analysing SourceLocation org.apache.flink.compiler.operators.GroupReduceWithCombineProperties:89 which is executed by 8 tests
1625508872
20:00:15.506 [pool-2-thread-1] DEBUG fr.inria.lille.repair.nopol.NoPol - statement #85
20:00:15.506 [pool-2-thread-1] DEBUG fr.inria.lille.repair.nopol.NoPol - Analysing SourceLocation org.apache.flink.compiler.plan.SingleInputPlanNode:147 which is executed by 8 tests
2069752622
20:00:15.906 [pool-2-thread-1] DEBUG fr.inria.lille.repair.nopol.NoPol - statement #86
20:00:15.906 [pool-2-thread-1] DEBUG fr.inria.lille.repair.nopol.NoPol - Analysing SourceLocation org.apache.flink.compiler.plan.SingleInputPlanNode:146 which is executed by 8 tests
2069752622
20:00:16.308 [pool-2-thread-1] DEBUG fr.inria.lille.repair.nopol.NoPol - looking with class fr.inria.lille.repair.nopol.spoon.smt.ConditionalAdder
SLF4J: Class path contains multiple SLF4J bindings.
SLF4J: Found binding in [jar:file:/home/tdurieux/.m2/repository/org/slf4j/slf4j-log4j12/1.7.7/slf4j-log4j12-1.7.7.jar!/org/slf4j/impl/StaticLoggerBinder.class]
SLF4J: Found binding in [jar:file:/home/tdurieux/defects4j4repair/script/../repair_tools/nopol.jar!/org/slf4j/impl/StaticLoggerBinder.class]
SLF4J: See http://www.slf4j.org/codes.html#multiple_bindings for an explanation.
SLF4J: Actual binding is of type [org.slf4j.impl.Log4jLoggerFactory]
java.lang.AssertionError: expected:<PARTITION_HASH> but was:<FORWARD>
    at org.junit.Assert.fail(Assert.java:88)
    at org.junit.Assert.failNotEquals(Assert.java:743)
    at org.junit.Assert.assertEquals(Assert.java:118)
    at org.junit.Assert.assertEquals(Assert.java:144)
    at org.apache.flink.compiler.PartitionPushdownTest.testPartitioningNotPushedDown(PartitionPushdownTest.java:59)
    at sun.reflect.NativeMethodAccessorImpl.invoke0(Native Method)
20:00:16.536 [pool-60-thread-1] INFO  xxl.java.junit.TestCasesListener - Tests run finished (218 ms)
<> Total tests run: 2
<> Ignored tests: 0
<> Failed tests: 1
~ testPartitioningNotPushedDown(org.apache.flink.compiler.PartitionPushdownTest)
[expected:<PARTITION_HASH> but was:<FORWARD>]
java.lang.AssertionError: expected:<PARTITION_HASH> but was:<FORWARD>    at org.junit.Assert.fail(Assert.java:88)
    at org.junit.Assert.failNotEquals(Assert.java:743)
    at org.junit.Assert.assertEquals(Assert.java:118)
    at org.junit.Assert.assertEquals(Assert.java:144)
    at org.apache.flink.compiler.PartitionPushdownTest.testPartitioningNotPushedDown(PartitionPushdownTest.java:59)
    at sun.reflect.NativeMethodAccessorImpl.invoke0(Native Method)

SLF4J: Class path contains multiple SLF4J bindings.
SLF4J: Found binding in [jar:file:/home/tdurieux/.m2/repository/org/slf4j/slf4j-log4j12/1.7.7/slf4j-log4j12-1.7.7.jar!/org/slf4j/impl/StaticLoggerBinder.class]
SLF4J: Found binding in [jar:file:/home/tdurieux/defects4j4repair/script/../repair_tools/nopol.jar!/org/slf4j/impl/StaticLoggerBinder.class]
SLF4J: See http://www.slf4j.org/codes.html#multiple_bindings for an explanation.
SLF4J: Actual binding is of type [org.slf4j.impl.Log4jLoggerFactory]
20:00:17.329 [pool-2-thread-1] DEBUG fr.inria.lille.repair.nopol.NoPol - statement #87
20:00:17.330 [pool-2-thread-1] DEBUG fr.inria.lille.repair.nopol.NoPol - Analysing SourceLocation org.apache.flink.compiler.plan.SingleInputPlanNode:145 which is executed by 8 tests
2069752622
20:00:17.728 [pool-2-thread-1] DEBUG fr.inria.lille.repair.nopol.NoPol - looking with class fr.inria.lille.repair.nopol.spoon.smt.ConditionalAdder
SLF4J: Class path contains multiple SLF4J bindings.
SLF4J: Found binding in [jar:file:/home/tdurieux/.m2/repository/org/slf4j/slf4j-log4j12/1.7.7/slf4j-log4j12-1.7.7.jar!/org/slf4j/impl/StaticLoggerBinder.class]
SLF4J: Found binding in [jar:file:/home/tdurieux/defects4j4repair/script/../repair_tools/nopol.jar!/org/slf4j/impl/StaticLoggerBinder.class]
SLF4J: See http://www.slf4j.org/codes.html#multiple_bindings for an explanation.
SLF4J: Actual binding is of type [org.slf4j.impl.Log4jLoggerFactory]
java.lang.AssertionError: expected:<PARTITION_HASH> but was:<FORWARD>
    at org.junit.Assert.fail(Assert.java:88)
    at org.junit.Assert.failNotEquals(Assert.java:743)
    at org.junit.Assert.assertEquals(Assert.java:118)
    at org.junit.Assert.assertEquals(Assert.java:144)
    at org.apache.flink.compiler.PartitionPushdownTest.testPartitioningNotPushedDown(PartitionPushdownTest.java:59)
    at sun.reflect.NativeMethodAccessorImpl.invoke0(Native Method)
20:00:17.957 [pool-64-thread-1] INFO  xxl.java.junit.TestCasesListener - Tests run finished (216 ms)
<> Total tests run: 2
<> Ignored tests: 0
<> Failed tests: 1
~ testPartitioningNotPushedDown(org.apache.flink.compiler.PartitionPushdownTest)
[expected:<PARTITION_HASH> but was:<FORWARD>]
java.lang.AssertionError: expected:<PARTITION_HASH> but was:<FORWARD>    at org.junit.Assert.fail(Assert.java:88)
    at org.junit.Assert.failNotEquals(Assert.java:743)
    at org.junit.Assert.assertEquals(Assert.java:118)
    at org.junit.Assert.assertEquals(Assert.java:144)
    at org.apache.flink.compiler.PartitionPushdownTest.testPartitioningNotPushedDown(PartitionPushdownTest.java:59)
    at sun.reflect.NativeMethodAccessorImpl.invoke0(Native Method)

SLF4J: Class path contains multiple SLF4J bindings.
SLF4J: Found binding in [jar:file:/home/tdurieux/.m2/repository/org/slf4j/slf4j-log4j12/1.7.7/slf4j-log4j12-1.7.7.jar!/org/slf4j/impl/StaticLoggerBinder.class]
SLF4J: Found binding in [jar:file:/home/tdurieux/defects4j4repair/script/../repair_tools/nopol.jar!/org/slf4j/impl/StaticLoggerBinder.class]
SLF4J: See http://www.slf4j.org/codes.html#multiple_bindings for an explanation.
SLF4J: Actual binding is of type [org.slf4j.impl.Log4jLoggerFactory]
java.lang.NullPointerException
	at org.apache.flink.compiler.postpass.JavaApiPostPass.createComparator(JavaApiPostPass.java:293)
	at org.apache.flink.compiler.postpass.JavaApiPostPass.traverse(JavaApiPostPass.java:166)
	at org.apache.flink.compiler.postpass.JavaApiPostPass.traverseChannel(JavaApiPostPass.java:264)
	at org.apache.flink.compiler.postpass.JavaApiPostPass.traverse(JavaApiPostPass.java:170)
	at org.apache.flink.compiler.postpass.JavaApiPostPass.traverseChannel(JavaApiPostPass.java:264)
	at org.apache.flink.compiler.postpass.JavaApiPostPass.traverse(JavaApiPostPass.java:170)
	at org.apache.flink.compiler.postpass.JavaApiPostPass.traverseChannel(JavaApiPostPass.java:264)
	at org.apache.flink.compiler.postpass.JavaApiPostPass.traverse(JavaApiPostPass.java:94)
	at org.apache.flink.compiler.postpass.JavaApiPostPass.postPass(JavaApiPostPass.java:78)
	at org.apache.flink.compiler.PactCompiler.compile(PactCompiler.java:589)
	at org.apache.flink.compiler.PactCompiler.compile(PactCompiler.java:466)
	at org.apache.flink.compiler.CompilerTestBase.compileNoStats(CompilerTestBase.java:91)
	at org.apache.flink.compiler.PartitionPushdownTest.testPartitioningNotPushedDown(PartitionPushdownTest.java:51)
	at sun.reflect.NativeMethodAccessorImpl.invoke0(Native Method)
	at sun.reflect.NativeMethodAccessorImpl.invoke(NativeMethodAccessorImpl.java:62)
	at sun.reflect.DelegatingMethodAccessorImpl.invoke(DelegatingMethodAccessorImpl.java:43)
	at java.lang.reflect.Method.invoke(Method.java:498)
	at org.junit.runners.model.FrameworkMethod$1.runReflectiveCall(FrameworkMethod.java:47)
	at org.junit.internal.runners.model.ReflectiveCallable.run(ReflectiveCallable.java:12)
	at org.junit.runners.model.FrameworkMethod.invokeExplosively(FrameworkMethod.java:44)
	at org.junit.internal.runners.statements.InvokeMethod.evaluate(InvokeMethod.java:17)
	at org.junit.internal.runners.statements.RunBefores.evaluate(RunBefores.java:26)
	at org.junit.runners.ParentRunner.runLeaf(ParentRunner.java:271)
	at org.junit.runners.BlockJUnit4ClassRunner.runChild(BlockJUnit4ClassRunner.java:70)
	at org.junit.runners.BlockJUnit4ClassRunner.runChild(BlockJUnit4ClassRunner.java:50)
	at org.junit.runners.ParentRunner$3.run(ParentRunner.java:238)
	at org.junit.runners.ParentRunner$1.schedule(ParentRunner.java:63)
	at org.junit.runners.ParentRunner.runChildren(ParentRunner.java:236)
	at org.junit.runners.ParentRunner.access$000(ParentRunner.java:53)
	at org.junit.runners.ParentRunner$2.evaluate(ParentRunner.java:229)
	at org.junit.runners.ParentRunner.run(ParentRunner.java:309)
	at org.junit.runner.JUnitCore.run(JUnitCore.java:160)
	at org.junit.runner.JUnitCore.run(JUnitCore.java:138)
	at xxl.java.junit.JUnitSingleTestRunner.call(JUnitSingleTestRunner.java:23)
	at xxl.java.junit.JUnitSingleTestRunner.call(JUnitSingleTestRunner.java:10)
	at java.util.concurrent.FutureTask.run(FutureTask.java:266)
	at java.util.concurrent.ThreadPoolExecutor.runWorker(ThreadPoolExecutor.java:1149)
	at java.util.concurrent.ThreadPoolExecutor$Worker.run(ThreadPoolExecutor.java:624)
	at java.lang.Thread.run(Thread.java:748)
20:00:18.744 [pool-2-thread-1] DEBUG fr.inria.lille.repair.nopol.NoPol - statement #88
20:00:18.744 [pool-2-thread-1] DEBUG fr.inria.lille.repair.nopol.NoPol - Analysing SourceLocation org.apache.flink.compiler.plan.SingleInputPlanNode:141 which is executed by 8 tests
2069752622
20:00:19.142 [pool-2-thread-1] DEBUG fr.inria.lille.repair.nopol.NoPol - looking with class fr.inria.lille.repair.nopol.spoon.smt.ConditionalAdder
SLF4J: Class path contains multiple SLF4J bindings.
SLF4J: Found binding in [jar:file:/home/tdurieux/.m2/repository/org/slf4j/slf4j-log4j12/1.7.7/slf4j-log4j12-1.7.7.jar!/org/slf4j/impl/StaticLoggerBinder.class]
SLF4J: Found binding in [jar:file:/home/tdurieux/defects4j4repair/script/../repair_tools/nopol.jar!/org/slf4j/impl/StaticLoggerBinder.class]
SLF4J: See http://www.slf4j.org/codes.html#multiple_bindings for an explanation.
SLF4J: Actual binding is of type [org.slf4j.impl.Log4jLoggerFactory]
java.lang.AssertionError: expected:<PARTITION_HASH> but was:<FORWARD>
    at org.junit.Assert.fail(Assert.java:88)
    at org.junit.Assert.failNotEquals(Assert.java:743)
    at org.junit.Assert.assertEquals(Assert.java:118)
    at org.junit.Assert.assertEquals(Assert.java:144)
    at org.apache.flink.compiler.PartitionPushdownTest.testPartitioningNotPushedDown(PartitionPushdownTest.java:59)
    at sun.reflect.NativeMethodAccessorImpl.invoke0(Native Method)
20:00:19.369 [pool-68-thread-1] INFO  xxl.java.junit.TestCasesListener - Tests run finished (217 ms)
<> Total tests run: 2
<> Ignored tests: 0
<> Failed tests: 1
~ testPartitioningNotPushedDown(org.apache.flink.compiler.PartitionPushdownTest)
[expected:<PARTITION_HASH> but was:<FORWARD>]
java.lang.AssertionError: expected:<PARTITION_HASH> but was:<FORWARD>    at org.junit.Assert.fail(Assert.java:88)
    at org.junit.Assert.failNotEquals(Assert.java:743)
    at org.junit.Assert.assertEquals(Assert.java:118)
    at org.junit.Assert.assertEquals(Assert.java:144)
    at org.apache.flink.compiler.PartitionPushdownTest.testPartitioningNotPushedDown(PartitionPushdownTest.java:59)
    at sun.reflect.NativeMethodAccessorImpl.invoke0(Native Method)

SLF4J: Class path contains multiple SLF4J bindings.
SLF4J: Found binding in [jar:file:/home/tdurieux/.m2/repository/org/slf4j/slf4j-log4j12/1.7.7/slf4j-log4j12-1.7.7.jar!/org/slf4j/impl/StaticLoggerBinder.class]
SLF4J: Found binding in [jar:file:/home/tdurieux/defects4j4repair/script/../repair_tools/nopol.jar!/org/slf4j/impl/StaticLoggerBinder.class]
SLF4J: See http://www.slf4j.org/codes.html#multiple_bindings for an explanation.
SLF4J: Actual binding is of type [org.slf4j.impl.Log4jLoggerFactory]
20:00:20.224 [pool-2-thread-1] DEBUG fr.inria.lille.repair.nopol.NoPol - looking with class fr.inria.lille.repair.nopol.spoon.smt.ConditionalReplacer
SLF4J: Class path contains multiple SLF4J bindings.
SLF4J: Found binding in [jar:file:/home/tdurieux/.m2/repository/org/slf4j/slf4j-log4j12/1.7.7/slf4j-log4j12-1.7.7.jar!/org/slf4j/impl/StaticLoggerBinder.class]
SLF4J: Found binding in [jar:file:/home/tdurieux/defects4j4repair/script/../repair_tools/nopol.jar!/org/slf4j/impl/StaticLoggerBinder.class]
SLF4J: See http://www.slf4j.org/codes.html#multiple_bindings for an explanation.
SLF4J: Actual binding is of type [org.slf4j.impl.Log4jLoggerFactory]
java.lang.AssertionError: expected:<PARTITION_HASH> but was:<FORWARD>
    at org.junit.Assert.fail(Assert.java:88)
    at org.junit.Assert.failNotEquals(Assert.java:743)
    at org.junit.Assert.assertEquals(Assert.java:118)
    at org.junit.Assert.assertEquals(Assert.java:144)
    at org.apache.flink.compiler.PartitionPushdownTest.testPartitioningNotPushedDown(PartitionPushdownTest.java:59)
    at sun.reflect.NativeMethodAccessorImpl.invoke0(Native Method)
20:00:20.476 [pool-72-thread-1] INFO  xxl.java.junit.TestCasesListener - Tests run finished (243 ms)
<> Total tests run: 2
<> Ignored tests: 0
<> Failed tests: 1
~ testPartitioningNotPushedDown(org.apache.flink.compiler.PartitionPushdownTest)
[expected:<PARTITION_HASH> but was:<FORWARD>]
java.lang.AssertionError: expected:<PARTITION_HASH> but was:<FORWARD>    at org.junit.Assert.fail(Assert.java:88)
    at org.junit.Assert.failNotEquals(Assert.java:743)
    at org.junit.Assert.assertEquals(Assert.java:118)
    at org.junit.Assert.assertEquals(Assert.java:144)
    at org.apache.flink.compiler.PartitionPushdownTest.testPartitioningNotPushedDown(PartitionPushdownTest.java:59)
    at sun.reflect.NativeMethodAccessorImpl.invoke0(Native Method)

SLF4J: Class path contains multiple SLF4J bindings.
SLF4J: Found binding in [jar:file:/home/tdurieux/.m2/repository/org/slf4j/slf4j-log4j12/1.7.7/slf4j-log4j12-1.7.7.jar!/org/slf4j/impl/StaticLoggerBinder.class]
SLF4J: Found binding in [jar:file:/home/tdurieux/defects4j4repair/script/../repair_tools/nopol.jar!/org/slf4j/impl/StaticLoggerBinder.class]
SLF4J: See http://www.slf4j.org/codes.html#multiple_bindings for an explanation.
SLF4J: Actual binding is of type [org.slf4j.impl.Log4jLoggerFactory]
org.apache.flink.compiler.CompilerException: Invalid id for driver key information. DriverStrategy requires only 2 comparators.
	at org.apache.flink.compiler.plan.SingleInputPlanNode.setDriverKeyInfo(SingleInputPlanNode.java:72)
	at org.apache.flink.compiler.operators.GroupReduceWithCombineProperties.instantiate(GroupReduceWithCombineProperties.java:100)
	at org.apache.flink.compiler.dag.SingleInputNode.instantiateCandidate(SingleInputNode.java:426)
	at org.apache.flink.compiler.dag.SingleInputNode.addLocalCandidates(SingleInputNode.java:354)
	at org.apache.flink.compiler.dag.SingleInputNode.getAlternativePlans(SingleInputNode.java:302)
	at org.apache.flink.compiler.dag.SingleInputNode.getAlternativePlans(SingleInputNode.java:245)
	at org.apache.flink.compiler.dag.DataSinkNode.getAlternativePlans(DataSinkNode.java:194)
	at org.apache.flink.compiler.PactCompiler.compile(PactCompiler.java:561)
	at org.apache.flink.compiler.PactCompiler.compile(PactCompiler.java:466)
	at org.apache.flink.compiler.CompilerTestBase.compileNoStats(CompilerTestBase.java:91)
	at org.apache.flink.compiler.PartitionPushdownTest.testPartitioningNotPushedDown(PartitionPushdownTest.java:51)
	at sun.reflect.NativeMethodAccessorImpl.invoke0(Native Method)
	at sun.reflect.NativeMethodAccessorImpl.invoke(NativeMethodAccessorImpl.java:62)
	at sun.reflect.DelegatingMethodAccessorImpl.invoke(DelegatingMethodAccessorImpl.java:43)
	at java.lang.reflect.Method.invoke(Method.java:498)
	at org.junit.runners.model.FrameworkMethod$1.runReflectiveCall(FrameworkMethod.java:47)
	at org.junit.internal.runners.model.ReflectiveCallable.run(ReflectiveCallable.java:12)
	at org.junit.runners.model.FrameworkMethod.invokeExplosively(FrameworkMethod.java:44)
	at org.junit.internal.runners.statements.InvokeMethod.evaluate(InvokeMethod.java:17)
	at org.junit.internal.runners.statements.RunBefores.evaluate(RunBefores.java:26)
	at org.junit.runners.ParentRunner.runLeaf(ParentRunner.java:271)
	at org.junit.runners.BlockJUnit4ClassRunner.runChild(BlockJUnit4ClassRunner.java:70)
	at org.junit.runners.BlockJUnit4ClassRunner.runChild(BlockJUnit4ClassRunner.java:50)
	at org.junit.runners.ParentRunner$3.run(ParentRunner.java:238)
	at org.junit.runners.ParentRunner$1.schedule(ParentRunner.java:63)
	at org.junit.runners.ParentRunner.runChildren(ParentRunner.java:236)
	at org.junit.runners.ParentRunner.access$000(ParentRunner.java:53)
	at org.junit.runners.ParentRunner$2.evaluate(ParentRunner.java:229)
	at org.junit.runners.ParentRunner.run(ParentRunner.java:309)
	at org.junit.runner.JUnitCore.run(JUnitCore.java:160)
	at org.junit.runner.JUnitCore.run(JUnitCore.java:138)
	at xxl.java.junit.JUnitSingleTestRunner.call(JUnitSingleTestRunner.java:23)
	at xxl.java.junit.JUnitSingleTestRunner.call(JUnitSingleTestRunner.java:10)
	at java.util.concurrent.FutureTask.run(FutureTask.java:266)
	at java.util.concurrent.ThreadPoolExecutor.runWorker(ThreadPoolExecutor.java:1149)
	at java.util.concurrent.ThreadPoolExecutor$Worker.run(ThreadPoolExecutor.java:624)
	at java.lang.Thread.run(Thread.java:748)
20:00:21.401 [pool-2-thread-1] DEBUG fr.inria.lille.repair.nopol.NoPol - statement #89
20:00:21.402 [pool-2-thread-1] DEBUG fr.inria.lille.repair.nopol.NoPol - Analysing SourceLocation org.apache.flink.compiler.plan.SingleInputPlanNode:131 which is executed by 8 tests
2069752622
20:00:21.797 [pool-2-thread-1] DEBUG fr.inria.lille.repair.nopol.NoPol - statement #90
20:00:21.798 [pool-2-thread-1] DEBUG fr.inria.lille.repair.nopol.NoPol - Analysing SourceLocation org.apache.flink.compiler.plan.SingleInputPlanNode:130 which is executed by 8 tests
2069752622
20:00:22.193 [pool-2-thread-1] DEBUG fr.inria.lille.repair.nopol.NoPol - looking with class fr.inria.lille.repair.nopol.spoon.smt.ConditionalAdder
SLF4J: Class path contains multiple SLF4J bindings.
SLF4J: Found binding in [jar:file:/home/tdurieux/.m2/repository/org/slf4j/slf4j-log4j12/1.7.7/slf4j-log4j12-1.7.7.jar!/org/slf4j/impl/StaticLoggerBinder.class]
SLF4J: Found binding in [jar:file:/home/tdurieux/defects4j4repair/script/../repair_tools/nopol.jar!/org/slf4j/impl/StaticLoggerBinder.class]
SLF4J: See http://www.slf4j.org/codes.html#multiple_bindings for an explanation.
SLF4J: Actual binding is of type [org.slf4j.impl.Log4jLoggerFactory]
java.lang.AssertionError: expected:<PARTITION_HASH> but was:<FORWARD>
    at org.junit.Assert.fail(Assert.java:88)
    at org.junit.Assert.failNotEquals(Assert.java:743)
    at org.junit.Assert.assertEquals(Assert.java:118)
    at org.junit.Assert.assertEquals(Assert.java:144)
    at org.apache.flink.compiler.PartitionPushdownTest.testPartitioningNotPushedDown(PartitionPushdownTest.java:59)
    at sun.reflect.NativeMethodAccessorImpl.invoke0(Native Method)
20:00:22.420 [pool-76-thread-1] INFO  xxl.java.junit.TestCasesListener - Tests run finished (214 ms)
<> Total tests run: 2
<> Ignored tests: 0
<> Failed tests: 1
~ testPartitioningNotPushedDown(org.apache.flink.compiler.PartitionPushdownTest)
[expected:<PARTITION_HASH> but was:<FORWARD>]
java.lang.AssertionError: expected:<PARTITION_HASH> but was:<FORWARD>    at org.junit.Assert.fail(Assert.java:88)
    at org.junit.Assert.failNotEquals(Assert.java:743)
    at org.junit.Assert.assertEquals(Assert.java:118)
    at org.junit.Assert.assertEquals(Assert.java:144)
    at org.apache.flink.compiler.PartitionPushdownTest.testPartitioningNotPushedDown(PartitionPushdownTest.java:59)
    at sun.reflect.NativeMethodAccessorImpl.invoke0(Native Method)

SLF4J: Class path contains multiple SLF4J bindings.
SLF4J: Found binding in [jar:file:/home/tdurieux/.m2/repository/org/slf4j/slf4j-log4j12/1.7.7/slf4j-log4j12-1.7.7.jar!/org/slf4j/impl/StaticLoggerBinder.class]
SLF4J: Found binding in [jar:file:/home/tdurieux/defects4j4repair/script/../repair_tools/nopol.jar!/org/slf4j/impl/StaticLoggerBinder.class]
SLF4J: See http://www.slf4j.org/codes.html#multiple_bindings for an explanation.
SLF4J: Actual binding is of type [org.slf4j.impl.Log4jLoggerFactory]
java.lang.NullPointerException
	at org.apache.flink.compiler.postpass.JavaApiPostPass.getSortOrders(JavaApiPostPass.java:321)
	at org.apache.flink.compiler.postpass.JavaApiPostPass.traverse(JavaApiPostPass.java:167)
	at org.apache.flink.compiler.postpass.JavaApiPostPass.traverseChannel(JavaApiPostPass.java:264)
	at org.apache.flink.compiler.postpass.JavaApiPostPass.traverse(JavaApiPostPass.java:170)
	at org.apache.flink.compiler.postpass.JavaApiPostPass.traverseChannel(JavaApiPostPass.java:264)
	at org.apache.flink.compiler.postpass.JavaApiPostPass.traverse(JavaApiPostPass.java:170)
	at org.apache.flink.compiler.postpass.JavaApiPostPass.traverseChannel(JavaApiPostPass.java:264)
	at org.apache.flink.compiler.postpass.JavaApiPostPass.traverse(JavaApiPostPass.java:94)
	at org.apache.flink.compiler.postpass.JavaApiPostPass.postPass(JavaApiPostPass.java:78)
	at org.apache.flink.compiler.PactCompiler.compile(PactCompiler.java:589)
	at org.apache.flink.compiler.PactCompiler.compile(PactCompiler.java:466)
	at org.apache.flink.compiler.CompilerTestBase.compileNoStats(CompilerTestBase.java:91)
	at org.apache.flink.compiler.PartitionPushdownTest.testPartitioningNotPushedDown(PartitionPushdownTest.java:51)
	at sun.reflect.NativeMethodAccessorImpl.invoke0(Native Method)
	at sun.reflect.NativeMethodAccessorImpl.invoke(NativeMethodAccessorImpl.java:62)
	at sun.reflect.DelegatingMethodAccessorImpl.invoke(DelegatingMethodAccessorImpl.java:43)
	at java.lang.reflect.Method.invoke(Method.java:498)
	at org.junit.runners.model.FrameworkMethod$1.runReflectiveCall(FrameworkMethod.java:47)
	at org.junit.internal.runners.model.ReflectiveCallable.run(ReflectiveCallable.java:12)
	at org.junit.runners.model.FrameworkMethod.invokeExplosively(FrameworkMethod.java:44)
	at org.junit.internal.runners.statements.InvokeMethod.evaluate(InvokeMethod.java:17)
	at org.junit.internal.runners.statements.RunBefores.evaluate(RunBefores.java:26)
	at org.junit.runners.ParentRunner.runLeaf(ParentRunner.java:271)
	at org.junit.runners.BlockJUnit4ClassRunner.runChild(BlockJUnit4ClassRunner.java:70)
	at org.junit.runners.BlockJUnit4ClassRunner.runChild(BlockJUnit4ClassRunner.java:50)
	at org.junit.runners.ParentRunner$3.run(ParentRunner.java:238)
	at org.junit.runners.ParentRunner$1.schedule(ParentRunner.java:63)
	at org.junit.runners.ParentRunner.runChildren(ParentRunner.java:236)
	at org.junit.runners.ParentRunner.access$000(ParentRunner.java:53)
	at org.junit.runners.ParentRunner$2.evaluate(ParentRunner.java:229)
	at org.junit.runners.ParentRunner.run(ParentRunner.java:309)
	at org.junit.runner.JUnitCore.run(JUnitCore.java:160)
	at org.junit.runner.JUnitCore.run(JUnitCore.java:138)
	at xxl.java.junit.JUnitSingleTestRunner.call(JUnitSingleTestRunner.java:23)
	at xxl.java.junit.JUnitSingleTestRunner.call(JUnitSingleTestRunner.java:10)
	at java.util.concurrent.FutureTask.run(FutureTask.java:266)
	at java.util.concurrent.ThreadPoolExecutor.runWorker(ThreadPoolExecutor.java:1149)
	at java.util.concurrent.ThreadPoolExecutor$Worker.run(ThreadPoolExecutor.java:624)
	at java.lang.Thread.run(Thread.java:748)
20:00:23.174 [pool-2-thread-1] DEBUG fr.inria.lille.repair.nopol.NoPol - statement #91
20:00:23.174 [pool-2-thread-1] DEBUG fr.inria.lille.repair.nopol.NoPol - Analysing SourceLocation org.apache.flink.api.java.tuple.Tuple3:82 which is executed by 8 tests
20:00:23.174 [pool-2-thread-1] DEBUG fr.inria.lille.repair.nopol.NoPol - cannot spoon SourceLocation org.apache.flink.api.java.tuple.Tuple3:82
20:00:23.174 [pool-2-thread-1] DEBUG fr.inria.lille.repair.nopol.NoPol - statement #92
20:00:23.174 [pool-2-thread-1] DEBUG fr.inria.lille.repair.nopol.NoPol - Analysing SourceLocation org.apache.flink.api.java.tuple.Tuple3:81 which is executed by 8 tests
20:00:23.174 [pool-2-thread-1] DEBUG fr.inria.lille.repair.nopol.NoPol - cannot spoon SourceLocation org.apache.flink.api.java.tuple.Tuple3:81
20:00:23.174 [pool-2-thread-1] DEBUG fr.inria.lille.repair.nopol.NoPol - statement #93
20:00:23.175 [pool-2-thread-1] DEBUG fr.inria.lille.repair.nopol.NoPol - Analysing SourceLocation org.apache.flink.api.java.tuple.Tuple3:80 which is executed by 8 tests
20:00:23.175 [pool-2-thread-1] DEBUG fr.inria.lille.repair.nopol.NoPol - cannot spoon SourceLocation org.apache.flink.api.java.tuple.Tuple3:80
20:00:23.175 [pool-2-thread-1] DEBUG fr.inria.lille.repair.nopol.NoPol - statement #94
20:00:23.175 [pool-2-thread-1] DEBUG fr.inria.lille.repair.nopol.NoPol - Analysing SourceLocation org.apache.flink.api.java.tuple.Tuple3:79 which is executed by 8 tests
20:00:23.175 [pool-2-thread-1] DEBUG fr.inria.lille.repair.nopol.NoPol - cannot spoon SourceLocation org.apache.flink.api.java.tuple.Tuple3:79
20:00:23.175 [pool-2-thread-1] DEBUG fr.inria.lille.repair.nopol.NoPol - statement #95
20:00:23.175 [pool-2-thread-1] DEBUG fr.inria.lille.repair.nopol.NoPol - Analysing SourceLocation org.apache.flink.api.java.tuple.Tuple3:74 which is executed by 8 tests
20:00:23.175 [pool-2-thread-1] DEBUG fr.inria.lille.repair.nopol.NoPol - cannot spoon SourceLocation org.apache.flink.api.java.tuple.Tuple3:74
20:00:23.175 [pool-2-thread-1] DEBUG fr.inria.lille.repair.nopol.NoPol - statement #96
20:00:23.175 [pool-2-thread-1] DEBUG fr.inria.lille.repair.nopol.NoPol - Analysing SourceLocation org.apache.flink.api.java.io.CollectionInputFormat:110 which is executed by 9 tests
20:00:23.175 [pool-2-thread-1] DEBUG fr.inria.lille.repair.nopol.NoPol - cannot spoon SourceLocation org.apache.flink.api.java.io.CollectionInputFormat:110
20:00:23.175 [pool-2-thread-1] DEBUG fr.inria.lille.repair.nopol.NoPol - statement #97
20:00:23.175 [pool-2-thread-1] DEBUG fr.inria.lille.repair.nopol.NoPol - Analysing SourceLocation org.apache.flink.compiler.operators.GroupReduceWithCombineProperties:142 which is executed by 9 tests
1625508872
20:00:23.568 [pool-2-thread-1] DEBUG fr.inria.lille.repair.nopol.NoPol - statement #98
20:00:23.569 [pool-2-thread-1] DEBUG fr.inria.lille.repair.nopol.NoPol - Analysing SourceLocation org.apache.flink.compiler.operators.GroupReduceWithCombineProperties:137 which is executed by 9 tests
1625508872
20:00:23.961 [pool-2-thread-1] DEBUG fr.inria.lille.repair.nopol.NoPol - statement #99
20:00:23.961 [pool-2-thread-1] DEBUG fr.inria.lille.repair.nopol.NoPol - Analysing SourceLocation org.apache.flink.compiler.operators.GroupReduceWithCombineProperties:136 which is executed by 9 tests
1625508872
20:00:24.355 [pool-2-thread-1] DEBUG fr.inria.lille.repair.nopol.NoPol - looking with class fr.inria.lille.repair.nopol.spoon.smt.ConditionalAdder
SLF4J: Class path contains multiple SLF4J bindings.
SLF4J: Found binding in [jar:file:/home/tdurieux/.m2/repository/org/slf4j/slf4j-log4j12/1.7.7/slf4j-log4j12-1.7.7.jar!/org/slf4j/impl/StaticLoggerBinder.class]
SLF4J: Found binding in [jar:file:/home/tdurieux/defects4j4repair/script/../repair_tools/nopol.jar!/org/slf4j/impl/StaticLoggerBinder.class]
SLF4J: See http://www.slf4j.org/codes.html#multiple_bindings for an explanation.
SLF4J: Actual binding is of type [org.slf4j.impl.Log4jLoggerFactory]
java.lang.AssertionError: expected:<PARTITION_HASH> but was:<FORWARD>
    at org.junit.Assert.fail(Assert.java:88)
    at org.junit.Assert.failNotEquals(Assert.java:743)
    at org.junit.Assert.assertEquals(Assert.java:118)
    at org.junit.Assert.assertEquals(Assert.java:144)
    at org.apache.flink.compiler.PartitionPushdownTest.testPartitioningNotPushedDown(PartitionPushdownTest.java:59)
    at sun.reflect.NativeMethodAccessorImpl.invoke0(Native Method)
20:00:24.581 [pool-80-thread-1] INFO  xxl.java.junit.TestCasesListener - Tests run finished (215 ms)
<> Total tests run: 2
<> Ignored tests: 0
<> Failed tests: 1
~ testPartitioningNotPushedDown(org.apache.flink.compiler.PartitionPushdownTest)
[expected:<PARTITION_HASH> but was:<FORWARD>]
java.lang.AssertionError: expected:<PARTITION_HASH> but was:<FORWARD>    at org.junit.Assert.fail(Assert.java:88)
    at org.junit.Assert.failNotEquals(Assert.java:743)
    at org.junit.Assert.assertEquals(Assert.java:118)
    at org.junit.Assert.assertEquals(Assert.java:144)
    at org.apache.flink.compiler.PartitionPushdownTest.testPartitioningNotPushedDown(PartitionPushdownTest.java:59)
    at sun.reflect.NativeMethodAccessorImpl.invoke0(Native Method)

SLF4J: Class path contains multiple SLF4J bindings.
SLF4J: Found binding in [jar:file:/home/tdurieux/.m2/repository/org/slf4j/slf4j-log4j12/1.7.7/slf4j-log4j12-1.7.7.jar!/org/slf4j/impl/StaticLoggerBinder.class]
SLF4J: Found binding in [jar:file:/home/tdurieux/defects4j4repair/script/../repair_tools/nopol.jar!/org/slf4j/impl/StaticLoggerBinder.class]
SLF4J: See http://www.slf4j.org/codes.html#multiple_bindings for an explanation.
SLF4J: Actual binding is of type [org.slf4j.impl.Log4jLoggerFactory]
20:00:25.310 [pool-2-thread-1] DEBUG fr.inria.lille.repair.nopol.NoPol - statement #100
20:00:25.311 [pool-2-thread-1] DEBUG fr.inria.lille.repair.nopol.NoPol - Analysing SourceLocation org.apache.flink.compiler.operators.GroupReduceWithCombineProperties:131 which is executed by 9 tests
1625508872
20:00:25.708 [pool-2-thread-1] DEBUG fr.inria.lille.repair.nopol.NoPol - looking with class fr.inria.lille.repair.nopol.spoon.smt.ConditionalAdder
SLF4J: Class path contains multiple SLF4J bindings.
SLF4J: Found binding in [jar:file:/home/tdurieux/.m2/repository/org/slf4j/slf4j-log4j12/1.7.7/slf4j-log4j12-1.7.7.jar!/org/slf4j/impl/StaticLoggerBinder.class]
SLF4J: Found binding in [jar:file:/home/tdurieux/defects4j4repair/script/../repair_tools/nopol.jar!/org/slf4j/impl/StaticLoggerBinder.class]
SLF4J: See http://www.slf4j.org/codes.html#multiple_bindings for an explanation.
SLF4J: Actual binding is of type [org.slf4j.impl.Log4jLoggerFactory]
java.lang.AssertionError: expected:<PARTITION_HASH> but was:<FORWARD>
    at org.junit.Assert.fail(Assert.java:88)
    at org.junit.Assert.failNotEquals(Assert.java:743)
    at org.junit.Assert.assertEquals(Assert.java:118)
    at org.junit.Assert.assertEquals(Assert.java:144)
    at org.apache.flink.compiler.PartitionPushdownTest.testPartitioningNotPushedDown(PartitionPushdownTest.java:59)
    at sun.reflect.NativeMethodAccessorImpl.invoke0(Native Method)
20:00:25.934 [pool-84-thread-1] INFO  xxl.java.junit.TestCasesListener - Tests run finished (217 ms)
<> Total tests run: 2
<> Ignored tests: 0
<> Failed tests: 1
~ testPartitioningNotPushedDown(org.apache.flink.compiler.PartitionPushdownTest)
[expected:<PARTITION_HASH> but was:<FORWARD>]
java.lang.AssertionError: expected:<PARTITION_HASH> but was:<FORWARD>    at org.junit.Assert.fail(Assert.java:88)
    at org.junit.Assert.failNotEquals(Assert.java:743)
    at org.junit.Assert.assertEquals(Assert.java:118)
    at org.junit.Assert.assertEquals(Assert.java:144)
    at org.apache.flink.compiler.PartitionPushdownTest.testPartitioningNotPushedDown(PartitionPushdownTest.java:59)
    at sun.reflect.NativeMethodAccessorImpl.invoke0(Native Method)

SLF4J: Class path contains multiple SLF4J bindings.
SLF4J: Found binding in [jar:file:/home/tdurieux/.m2/repository/org/slf4j/slf4j-log4j12/1.7.7/slf4j-log4j12-1.7.7.jar!/org/slf4j/impl/StaticLoggerBinder.class]
SLF4J: Found binding in [jar:file:/home/tdurieux/defects4j4repair/script/../repair_tools/nopol.jar!/org/slf4j/impl/StaticLoggerBinder.class]
SLF4J: See http://www.slf4j.org/codes.html#multiple_bindings for an explanation.
SLF4J: Actual binding is of type [org.slf4j.impl.Log4jLoggerFactory]
20:00:26.682 [pool-2-thread-1] DEBUG fr.inria.lille.repair.nopol.NoPol - looking with class fr.inria.lille.repair.nopol.spoon.smt.ConditionalReplacer
SLF4J: Class path contains multiple SLF4J bindings.
SLF4J: Found binding in [jar:file:/home/tdurieux/.m2/repository/org/slf4j/slf4j-log4j12/1.7.7/slf4j-log4j12-1.7.7.jar!/org/slf4j/impl/StaticLoggerBinder.class]
SLF4J: Found binding in [jar:file:/home/tdurieux/defects4j4repair/script/../repair_tools/nopol.jar!/org/slf4j/impl/StaticLoggerBinder.class]
SLF4J: See http://www.slf4j.org/codes.html#multiple_bindings for an explanation.
SLF4J: Actual binding is of type [org.slf4j.impl.Log4jLoggerFactory]
java.lang.AssertionError: expected:<PARTITION_HASH> but was:<FORWARD>
    at org.junit.Assert.fail(Assert.java:88)
    at org.junit.Assert.failNotEquals(Assert.java:743)
    at org.junit.Assert.assertEquals(Assert.java:118)
    at org.junit.Assert.assertEquals(Assert.java:144)
    at org.apache.flink.compiler.PartitionPushdownTest.testPartitioningNotPushedDown(PartitionPushdownTest.java:59)
    at sun.reflect.NativeMethodAccessorImpl.invoke0(Native Method)
20:00:26.972 [pool-88-thread-1] INFO  xxl.java.junit.TestCasesListener - Tests run finished (281 ms)
<> Total tests run: 2
<> Ignored tests: 0
<> Failed tests: 1
~ testPartitioningNotPushedDown(org.apache.flink.compiler.PartitionPushdownTest)
[expected:<PARTITION_HASH> but was:<FORWARD>]
java.lang.AssertionError: expected:<PARTITION_HASH> but was:<FORWARD>    at org.junit.Assert.fail(Assert.java:88)
    at org.junit.Assert.failNotEquals(Assert.java:743)
    at org.junit.Assert.assertEquals(Assert.java:118)
    at org.junit.Assert.assertEquals(Assert.java:144)
    at org.apache.flink.compiler.PartitionPushdownTest.testPartitioningNotPushedDown(PartitionPushdownTest.java:59)
    at sun.reflect.NativeMethodAccessorImpl.invoke0(Native Method)

SLF4J: Class path contains multiple SLF4J bindings.
SLF4J: Found binding in [jar:file:/home/tdurieux/.m2/repository/org/slf4j/slf4j-log4j12/1.7.7/slf4j-log4j12-1.7.7.jar!/org/slf4j/impl/StaticLoggerBinder.class]
SLF4J: Found binding in [jar:file:/home/tdurieux/defects4j4repair/script/../repair_tools/nopol.jar!/org/slf4j/impl/StaticLoggerBinder.class]
SLF4J: See http://www.slf4j.org/codes.html#multiple_bindings for an explanation.
SLF4J: Actual binding is of type [org.slf4j.impl.Log4jLoggerFactory]
java.lang.NullPointerException
	at org.apache.flink.compiler.operators.GroupReduceWithCombineProperties.computeGlobalProperties(GroupReduceWithCombineProperties.java:85)
	at org.apache.flink.compiler.dag.SingleInputNode.instantiateCandidate(SingleInputNode.java:432)
	at org.apache.flink.compiler.dag.SingleInputNode.addLocalCandidates(SingleInputNode.java:354)
	at org.apache.flink.compiler.dag.SingleInputNode.getAlternativePlans(SingleInputNode.java:302)
	at org.apache.flink.compiler.dag.SingleInputNode.getAlternativePlans(SingleInputNode.java:245)
	at org.apache.flink.compiler.dag.DataSinkNode.getAlternativePlans(DataSinkNode.java:194)
	at org.apache.flink.compiler.PactCompiler.compile(PactCompiler.java:561)
	at org.apache.flink.compiler.PactCompiler.compile(PactCompiler.java:466)
	at org.apache.flink.compiler.CompilerTestBase.compileNoStats(CompilerTestBase.java:91)
	at org.apache.flink.compiler.PartitionPushdownTest.testPartitioningNotPushedDown(PartitionPushdownTest.java:51)
	at sun.reflect.NativeMethodAccessorImpl.invoke0(Native Method)
	at sun.reflect.NativeMethodAccessorImpl.invoke(NativeMethodAccessorImpl.java:62)
	at sun.reflect.DelegatingMethodAccessorImpl.invoke(DelegatingMethodAccessorImpl.java:43)
	at java.lang.reflect.Method.invoke(Method.java:498)
	at org.junit.runners.model.FrameworkMethod$1.runReflectiveCall(FrameworkMethod.java:47)
	at org.junit.internal.runners.model.ReflectiveCallable.run(ReflectiveCallable.java:12)
	at org.junit.runners.model.FrameworkMethod.invokeExplosively(FrameworkMethod.java:44)
	at org.junit.internal.runners.statements.InvokeMethod.evaluate(InvokeMethod.java:17)
	at org.junit.internal.runners.statements.RunBefores.evaluate(RunBefores.java:26)
	at org.junit.runners.ParentRunner.runLeaf(ParentRunner.java:271)
	at org.junit.runners.BlockJUnit4ClassRunner.runChild(BlockJUnit4ClassRunner.java:70)
	at org.junit.runners.BlockJUnit4ClassRunner.runChild(BlockJUnit4ClassRunner.java:50)
	at org.junit.runners.ParentRunner$3.run(ParentRunner.java:238)
	at org.junit.runners.ParentRunner$1.schedule(ParentRunner.java:63)
	at org.junit.runners.ParentRunner.runChildren(ParentRunner.java:236)
	at org.junit.runners.ParentRunner.access$000(ParentRunner.java:53)
	at org.junit.runners.ParentRunner$2.evaluate(ParentRunner.java:229)
	at org.junit.runners.ParentRunner.run(ParentRunner.java:309)
	at org.junit.runner.JUnitCore.run(JUnitCore.java:160)
	at org.junit.runner.JUnitCore.run(JUnitCore.java:138)
	at xxl.java.junit.JUnitSingleTestRunner.call(JUnitSingleTestRunner.java:23)
	at xxl.java.junit.JUnitSingleTestRunner.call(JUnitSingleTestRunner.java:10)
	at java.util.concurrent.FutureTask.run(FutureTask.java:266)
	at java.util.concurrent.ThreadPoolExecutor.runWorker(ThreadPoolExecutor.java:1149)
	at java.util.concurrent.ThreadPoolExecutor$Worker.run(ThreadPoolExecutor.java:624)
	at java.lang.Thread.run(Thread.java:748)
20:00:27.703 [pool-2-thread-1] DEBUG fr.inria.lille.repair.nopol.NoPol - statement #101
20:00:27.704 [pool-2-thread-1] DEBUG fr.inria.lille.repair.nopol.NoPol - Analysing SourceLocation org.apache.flink.compiler.operators.GroupReduceWithCombineProperties:126 which is executed by 9 tests
1625508872
20:00:28.096 [pool-2-thread-1] DEBUG fr.inria.lille.repair.nopol.NoPol - statement #102
20:00:28.097 [pool-2-thread-1] DEBUG fr.inria.lille.repair.nopol.NoPol - Analysing SourceLocation org.apache.flink.compiler.operators.GroupReduceWithCombineProperties:122 which is executed by 9 tests
1625508872
20:00:28.490 [pool-2-thread-1] DEBUG fr.inria.lille.repair.nopol.NoPol - looking with class fr.inria.lille.repair.nopol.spoon.smt.ConditionalAdder
SLF4J: Class path contains multiple SLF4J bindings.
SLF4J: Found binding in [jar:file:/home/tdurieux/.m2/repository/org/slf4j/slf4j-log4j12/1.7.7/slf4j-log4j12-1.7.7.jar!/org/slf4j/impl/StaticLoggerBinder.class]
SLF4J: Found binding in [jar:file:/home/tdurieux/defects4j4repair/script/../repair_tools/nopol.jar!/org/slf4j/impl/StaticLoggerBinder.class]
SLF4J: See http://www.slf4j.org/codes.html#multiple_bindings for an explanation.
SLF4J: Actual binding is of type [org.slf4j.impl.Log4jLoggerFactory]
java.lang.AssertionError: expected:<PARTITION_HASH> but was:<FORWARD>
    at org.junit.Assert.fail(Assert.java:88)
    at org.junit.Assert.failNotEquals(Assert.java:743)
    at org.junit.Assert.assertEquals(Assert.java:118)
    at org.junit.Assert.assertEquals(Assert.java:144)
    at org.apache.flink.compiler.PartitionPushdownTest.testPartitioningNotPushedDown(PartitionPushdownTest.java:59)
    at sun.reflect.NativeMethodAccessorImpl.invoke0(Native Method)
20:00:28.715 [pool-92-thread-1] INFO  xxl.java.junit.TestCasesListener - Tests run finished (215 ms)
<> Total tests run: 2
<> Ignored tests: 0
<> Failed tests: 1
~ testPartitioningNotPushedDown(org.apache.flink.compiler.PartitionPushdownTest)
[expected:<PARTITION_HASH> but was:<FORWARD>]
java.lang.AssertionError: expected:<PARTITION_HASH> but was:<FORWARD>    at org.junit.Assert.fail(Assert.java:88)
    at org.junit.Assert.failNotEquals(Assert.java:743)
    at org.junit.Assert.assertEquals(Assert.java:118)
    at org.junit.Assert.assertEquals(Assert.java:144)
    at org.apache.flink.compiler.PartitionPushdownTest.testPartitioningNotPushedDown(PartitionPushdownTest.java:59)
    at sun.reflect.NativeMethodAccessorImpl.invoke0(Native Method)

SLF4J: Class path contains multiple SLF4J bindings.
SLF4J: Found binding in [jar:file:/home/tdurieux/.m2/repository/org/slf4j/slf4j-log4j12/1.7.7/slf4j-log4j12-1.7.7.jar!/org/slf4j/impl/StaticLoggerBinder.class]
SLF4J: Found binding in [jar:file:/home/tdurieux/defects4j4repair/script/../repair_tools/nopol.jar!/org/slf4j/impl/StaticLoggerBinder.class]
SLF4J: See http://www.slf4j.org/codes.html#multiple_bindings for an explanation.
SLF4J: Actual binding is of type [org.slf4j.impl.Log4jLoggerFactory]
java.lang.NullPointerException
	at org.apache.flink.compiler.postpass.JavaApiPostPass.getSortOrders(JavaApiPostPass.java:321)
	at org.apache.flink.compiler.postpass.JavaApiPostPass.traverseChannel(JavaApiPostPass.java:260)
	at org.apache.flink.compiler.postpass.JavaApiPostPass.traverse(JavaApiPostPass.java:170)
	at org.apache.flink.compiler.postpass.JavaApiPostPass.traverseChannel(JavaApiPostPass.java:264)
	at org.apache.flink.compiler.postpass.JavaApiPostPass.traverse(JavaApiPostPass.java:170)
	at org.apache.flink.compiler.postpass.JavaApiPostPass.traverseChannel(JavaApiPostPass.java:264)
	at org.apache.flink.compiler.postpass.JavaApiPostPass.traverse(JavaApiPostPass.java:94)
	at org.apache.flink.compiler.postpass.JavaApiPostPass.postPass(JavaApiPostPass.java:78)
	at org.apache.flink.compiler.PactCompiler.compile(PactCompiler.java:589)
	at org.apache.flink.compiler.PactCompiler.compile(PactCompiler.java:466)
	at org.apache.flink.compiler.CompilerTestBase.compileNoStats(CompilerTestBase.java:91)
	at org.apache.flink.compiler.PartitionPushdownTest.testPartitioningNotPushedDown(PartitionPushdownTest.java:51)
	at sun.reflect.NativeMethodAccessorImpl.invoke0(Native Method)
	at sun.reflect.NativeMethodAccessorImpl.invoke(NativeMethodAccessorImpl.java:62)
	at sun.reflect.DelegatingMethodAccessorImpl.invoke(DelegatingMethodAccessorImpl.java:43)
	at java.lang.reflect.Method.invoke(Method.java:498)
	at org.junit.runners.model.FrameworkMethod$1.runReflectiveCall(FrameworkMethod.java:47)
	at org.junit.internal.runners.model.ReflectiveCallable.run(ReflectiveCallable.java:12)
	at org.junit.runners.model.FrameworkMethod.invokeExplosively(FrameworkMethod.java:44)
	at org.junit.internal.runners.statements.InvokeMethod.evaluate(InvokeMethod.java:17)
	at org.junit.internal.runners.statements.RunBefores.evaluate(RunBefores.java:26)
	at org.junit.runners.ParentRunner.runLeaf(ParentRunner.java:271)
	at org.junit.runners.BlockJUnit4ClassRunner.runChild(BlockJUnit4ClassRunner.java:70)
	at org.junit.runners.BlockJUnit4ClassRunner.runChild(BlockJUnit4ClassRunner.java:50)
	at org.junit.runners.ParentRunner$3.run(ParentRunner.java:238)
	at org.junit.runners.ParentRunner$1.schedule(ParentRunner.java:63)
	at org.junit.runners.ParentRunner.runChildren(ParentRunner.java:236)
	at org.junit.runners.ParentRunner.access$000(ParentRunner.java:53)
	at org.junit.runners.ParentRunner$2.evaluate(ParentRunner.java:229)
	at org.junit.runners.ParentRunner.run(ParentRunner.java:309)
	at org.junit.runner.JUnitCore.run(JUnitCore.java:160)
	at org.junit.runner.JUnitCore.run(JUnitCore.java:138)
	at xxl.java.junit.JUnitSingleTestRunner.call(JUnitSingleTestRunner.java:23)
	at xxl.java.junit.JUnitSingleTestRunner.call(JUnitSingleTestRunner.java:10)
	at java.util.concurrent.FutureTask.run(FutureTask.java:266)
	at java.util.concurrent.ThreadPoolExecutor.runWorker(ThreadPoolExecutor.java:1149)
	at java.util.concurrent.ThreadPoolExecutor$Worker.run(ThreadPoolExecutor.java:624)
	at java.lang.Thread.run(Thread.java:748)
20:00:29.450 [pool-2-thread-1] DEBUG fr.inria.lille.repair.nopol.NoPol - statement #103
20:00:29.450 [pool-2-thread-1] DEBUG fr.inria.lille.repair.nopol.NoPol - Analysing SourceLocation org.apache.flink.compiler.operators.GroupReduceWithCombineProperties:121 which is executed by 9 tests
1625508872
20:00:29.844 [pool-2-thread-1] DEBUG fr.inria.lille.repair.nopol.NoPol - looking with class fr.inria.lille.repair.nopol.spoon.smt.ConditionalAdder
SLF4J: Class path contains multiple SLF4J bindings.
SLF4J: Found binding in [jar:file:/home/tdurieux/.m2/repository/org/slf4j/slf4j-log4j12/1.7.7/slf4j-log4j12-1.7.7.jar!/org/slf4j/impl/StaticLoggerBinder.class]
SLF4J: Found binding in [jar:file:/home/tdurieux/defects4j4repair/script/../repair_tools/nopol.jar!/org/slf4j/impl/StaticLoggerBinder.class]
SLF4J: See http://www.slf4j.org/codes.html#multiple_bindings for an explanation.
SLF4J: Actual binding is of type [org.slf4j.impl.Log4jLoggerFactory]
java.lang.AssertionError: expected:<PARTITION_HASH> but was:<FORWARD>
    at org.junit.Assert.fail(Assert.java:88)
    at org.junit.Assert.failNotEquals(Assert.java:743)
    at org.junit.Assert.assertEquals(Assert.java:118)
    at org.junit.Assert.assertEquals(Assert.java:144)
    at org.apache.flink.compiler.PartitionPushdownTest.testPartitioningNotPushedDown(PartitionPushdownTest.java:59)
    at sun.reflect.NativeMethodAccessorImpl.invoke0(Native Method)
20:00:30.070 [pool-96-thread-1] INFO  xxl.java.junit.TestCasesListener - Tests run finished (215 ms)
<> Total tests run: 2
<> Ignored tests: 0
<> Failed tests: 1
~ testPartitioningNotPushedDown(org.apache.flink.compiler.PartitionPushdownTest)
[expected:<PARTITION_HASH> but was:<FORWARD>]
java.lang.AssertionError: expected:<PARTITION_HASH> but was:<FORWARD>    at org.junit.Assert.fail(Assert.java:88)
    at org.junit.Assert.failNotEquals(Assert.java:743)
    at org.junit.Assert.assertEquals(Assert.java:118)
    at org.junit.Assert.assertEquals(Assert.java:144)
    at org.apache.flink.compiler.PartitionPushdownTest.testPartitioningNotPushedDown(PartitionPushdownTest.java:59)
    at sun.reflect.NativeMethodAccessorImpl.invoke0(Native Method)

SLF4J: Class path contains multiple SLF4J bindings.
SLF4J: Found binding in [jar:file:/home/tdurieux/.m2/repository/org/slf4j/slf4j-log4j12/1.7.7/slf4j-log4j12-1.7.7.jar!/org/slf4j/impl/StaticLoggerBinder.class]
SLF4J: Found binding in [jar:file:/home/tdurieux/defects4j4repair/script/../repair_tools/nopol.jar!/org/slf4j/impl/StaticLoggerBinder.class]
SLF4J: See http://www.slf4j.org/codes.html#multiple_bindings for an explanation.
SLF4J: Actual binding is of type [org.slf4j.impl.Log4jLoggerFactory]
java.lang.NullPointerException
	at org.apache.flink.compiler.postpass.JavaApiPostPass.getSortOrders(JavaApiPostPass.java:321)
	at org.apache.flink.compiler.postpass.JavaApiPostPass.traverseChannel(JavaApiPostPass.java:260)
	at org.apache.flink.compiler.postpass.JavaApiPostPass.traverse(JavaApiPostPass.java:170)
	at org.apache.flink.compiler.postpass.JavaApiPostPass.traverseChannel(JavaApiPostPass.java:264)
	at org.apache.flink.compiler.postpass.JavaApiPostPass.traverse(JavaApiPostPass.java:170)
	at org.apache.flink.compiler.postpass.JavaApiPostPass.traverseChannel(JavaApiPostPass.java:264)
	at org.apache.flink.compiler.postpass.JavaApiPostPass.traverse(JavaApiPostPass.java:94)
	at org.apache.flink.compiler.postpass.JavaApiPostPass.postPass(JavaApiPostPass.java:78)
	at org.apache.flink.compiler.PactCompiler.compile(PactCompiler.java:589)
	at org.apache.flink.compiler.PactCompiler.compile(PactCompiler.java:466)
	at org.apache.flink.compiler.CompilerTestBase.compileNoStats(CompilerTestBase.java:91)
	at org.apache.flink.compiler.PartitionPushdownTest.testPartitioningNotPushedDown(PartitionPushdownTest.java:51)
	at sun.reflect.NativeMethodAccessorImpl.invoke0(Native Method)
	at sun.reflect.NativeMethodAccessorImpl.invoke(NativeMethodAccessorImpl.java:62)
	at sun.reflect.DelegatingMethodAccessorImpl.invoke(DelegatingMethodAccessorImpl.java:43)
	at java.lang.reflect.Method.invoke(Method.java:498)
	at org.junit.runners.model.FrameworkMethod$1.runReflectiveCall(FrameworkMethod.java:47)
	at org.junit.internal.runners.model.ReflectiveCallable.run(ReflectiveCallable.java:12)
	at org.junit.runners.model.FrameworkMethod.invokeExplosively(FrameworkMethod.java:44)
	at org.junit.internal.runners.statements.InvokeMethod.evaluate(InvokeMethod.java:17)
	at org.junit.internal.runners.statements.RunBefores.evaluate(RunBefores.java:26)
	at org.junit.runners.ParentRunner.runLeaf(ParentRunner.java:271)
	at org.junit.runners.BlockJUnit4ClassRunner.runChild(BlockJUnit4ClassRunner.java:70)
	at org.junit.runners.BlockJUnit4ClassRunner.runChild(BlockJUnit4ClassRunner.java:50)
	at org.junit.runners.ParentRunner$3.run(ParentRunner.java:238)
	at org.junit.runners.ParentRunner$1.schedule(ParentRunner.java:63)
	at org.junit.runners.ParentRunner.runChildren(ParentRunner.java:236)
	at org.junit.runners.ParentRunner.access$000(ParentRunner.java:53)
	at org.junit.runners.ParentRunner$2.evaluate(ParentRunner.java:229)
	at org.junit.runners.ParentRunner.run(ParentRunner.java:309)
	at org.junit.runner.JUnitCore.run(JUnitCore.java:160)
	at org.junit.runner.JUnitCore.run(JUnitCore.java:138)
	at xxl.java.junit.JUnitSingleTestRunner.call(JUnitSingleTestRunner.java:23)
	at xxl.java.junit.JUnitSingleTestRunner.call(JUnitSingleTestRunner.java:10)
	at java.util.concurrent.FutureTask.run(FutureTask.java:266)
	at java.util.concurrent.ThreadPoolExecutor.runWorker(ThreadPoolExecutor.java:1149)
	at java.util.concurrent.ThreadPoolExecutor$Worker.run(ThreadPoolExecutor.java:624)
	at java.lang.Thread.run(Thread.java:748)
20:00:30.798 [pool-2-thread-1] DEBUG fr.inria.lille.repair.nopol.NoPol - looking with class fr.inria.lille.repair.nopol.spoon.smt.ConditionalReplacer
SLF4J: Class path contains multiple SLF4J bindings.
SLF4J: Found binding in [jar:file:/home/tdurieux/.m2/repository/org/slf4j/slf4j-log4j12/1.7.7/slf4j-log4j12-1.7.7.jar!/org/slf4j/impl/StaticLoggerBinder.class]
SLF4J: Found binding in [jar:file:/home/tdurieux/defects4j4repair/script/../repair_tools/nopol.jar!/org/slf4j/impl/StaticLoggerBinder.class]
SLF4J: See http://www.slf4j.org/codes.html#multiple_bindings for an explanation.
SLF4J: Actual binding is of type [org.slf4j.impl.Log4jLoggerFactory]
java.lang.AssertionError: expected:<PARTITION_HASH> but was:<FORWARD>
    at org.junit.Assert.fail(Assert.java:88)
    at org.junit.Assert.failNotEquals(Assert.java:743)
    at org.junit.Assert.assertEquals(Assert.java:118)
    at org.junit.Assert.assertEquals(Assert.java:144)
    at org.apache.flink.compiler.PartitionPushdownTest.testPartitioningNotPushedDown(PartitionPushdownTest.java:59)
    at sun.reflect.NativeMethodAccessorImpl.invoke0(Native Method)
20:00:31.019 [pool-100-thread-1] INFO  xxl.java.junit.TestCasesListener - Tests run finished (212 ms)
<> Total tests run: 2
<> Ignored tests: 0
<> Failed tests: 1
~ testPartitioningNotPushedDown(org.apache.flink.compiler.PartitionPushdownTest)
[expected:<PARTITION_HASH> but was:<FORWARD>]
java.lang.AssertionError: expected:<PARTITION_HASH> but was:<FORWARD>    at org.junit.Assert.fail(Assert.java:88)
    at org.junit.Assert.failNotEquals(Assert.java:743)
    at org.junit.Assert.assertEquals(Assert.java:118)
    at org.junit.Assert.assertEquals(Assert.java:144)
    at org.apache.flink.compiler.PartitionPushdownTest.testPartitioningNotPushedDown(PartitionPushdownTest.java:59)
    at sun.reflect.NativeMethodAccessorImpl.invoke0(Native Method)

SLF4J: Class path contains multiple SLF4J bindings.
SLF4J: Found binding in [jar:file:/home/tdurieux/.m2/repository/org/slf4j/slf4j-log4j12/1.7.7/slf4j-log4j12-1.7.7.jar!/org/slf4j/impl/StaticLoggerBinder.class]
SLF4J: Found binding in [jar:file:/home/tdurieux/defects4j4repair/script/../repair_tools/nopol.jar!/org/slf4j/impl/StaticLoggerBinder.class]
SLF4J: See http://www.slf4j.org/codes.html#multiple_bindings for an explanation.
SLF4J: Actual binding is of type [org.slf4j.impl.Log4jLoggerFactory]
java.lang.NullPointerException
	at org.apache.flink.compiler.postpass.JavaApiPostPass.getSortOrders(JavaApiPostPass.java:321)
	at org.apache.flink.compiler.postpass.JavaApiPostPass.traverseChannel(JavaApiPostPass.java:260)
	at org.apache.flink.compiler.postpass.JavaApiPostPass.traverse(JavaApiPostPass.java:170)
	at org.apache.flink.compiler.postpass.JavaApiPostPass.traverseChannel(JavaApiPostPass.java:264)
	at org.apache.flink.compiler.postpass.JavaApiPostPass.traverse(JavaApiPostPass.java:170)
	at org.apache.flink.compiler.postpass.JavaApiPostPass.traverseChannel(JavaApiPostPass.java:264)
	at org.apache.flink.compiler.postpass.JavaApiPostPass.traverse(JavaApiPostPass.java:94)
	at org.apache.flink.compiler.postpass.JavaApiPostPass.postPass(JavaApiPostPass.java:78)
	at org.apache.flink.compiler.PactCompiler.compile(PactCompiler.java:589)
	at org.apache.flink.compiler.PactCompiler.compile(PactCompiler.java:466)
	at org.apache.flink.compiler.CompilerTestBase.compileNoStats(CompilerTestBase.java:91)
	at org.apache.flink.compiler.PartitionPushdownTest.testPartitioningNotPushedDown(PartitionPushdownTest.java:51)
	at sun.reflect.NativeMethodAccessorImpl.invoke0(Native Method)
	at sun.reflect.NativeMethodAccessorImpl.invoke(NativeMethodAccessorImpl.java:62)
	at sun.reflect.DelegatingMethodAccessorImpl.invoke(DelegatingMethodAccessorImpl.java:43)
	at java.lang.reflect.Method.invoke(Method.java:498)
	at org.junit.runners.model.FrameworkMethod$1.runReflectiveCall(FrameworkMethod.java:47)
	at org.junit.internal.runners.model.ReflectiveCallable.run(ReflectiveCallable.java:12)
	at org.junit.runners.model.FrameworkMethod.invokeExplosively(FrameworkMethod.java:44)
	at org.junit.internal.runners.statements.InvokeMethod.evaluate(InvokeMethod.java:17)
	at org.junit.internal.runners.statements.RunBefores.evaluate(RunBefores.java:26)
	at org.junit.runners.ParentRunner.runLeaf(ParentRunner.java:271)
	at org.junit.runners.BlockJUnit4ClassRunner.runChild(BlockJUnit4ClassRunner.java:70)
	at org.junit.runners.BlockJUnit4ClassRunner.runChild(BlockJUnit4ClassRunner.java:50)
	at org.junit.runners.ParentRunner$3.run(ParentRunner.java:238)
	at org.junit.runners.ParentRunner$1.schedule(ParentRunner.java:63)
	at org.junit.runners.ParentRunner.runChildren(ParentRunner.java:236)
	at org.junit.runners.ParentRunner.access$000(ParentRunner.java:53)
	at org.junit.runners.ParentRunner$2.evaluate(ParentRunner.java:229)
	at org.junit.runners.ParentRunner.run(ParentRunner.java:309)
	at org.junit.runner.JUnitCore.run(JUnitCore.java:160)
	at org.junit.runner.JUnitCore.run(JUnitCore.java:138)
	at xxl.java.junit.JUnitSingleTestRunner.call(JUnitSingleTestRunner.java:23)
	at xxl.java.junit.JUnitSingleTestRunner.call(JUnitSingleTestRunner.java:10)
	at java.util.concurrent.FutureTask.run(FutureTask.java:266)
	at java.util.concurrent.ThreadPoolExecutor.runWorker(ThreadPoolExecutor.java:1149)
	at java.util.concurrent.ThreadPoolExecutor$Worker.run(ThreadPoolExecutor.java:624)
	at java.lang.Thread.run(Thread.java:748)
20:00:31.756 [pool-2-thread-1] DEBUG fr.inria.lille.repair.nopol.NoPol - statement #104
20:00:31.756 [pool-2-thread-1] DEBUG fr.inria.lille.repair.nopol.NoPol - Analysing SourceLocation org.apache.flink.compiler.operators.GroupReduceWithCombineProperties:120 which is executed by 9 tests
1625508872
20:00:32.154 [pool-2-thread-1] DEBUG fr.inria.lille.repair.nopol.NoPol - statement #105
20:00:32.154 [pool-2-thread-1] DEBUG fr.inria.lille.repair.nopol.NoPol - Analysing SourceLocation org.apache.flink.compiler.operators.GroupReduceWithCombineProperties:115 which is executed by 9 tests
1625508872
20:00:32.550 [pool-2-thread-1] DEBUG fr.inria.lille.repair.nopol.NoPol - statement #106
20:00:32.550 [pool-2-thread-1] DEBUG fr.inria.lille.repair.nopol.NoPol - Analysing SourceLocation org.apache.flink.compiler.operators.GroupReduceWithCombineProperties:114 which is executed by 9 tests
1625508872
20:00:33.020 [pool-2-thread-1] DEBUG fr.inria.lille.repair.nopol.NoPol - looking with class fr.inria.lille.repair.nopol.spoon.smt.ConditionalAdder
SLF4J: Class path contains multiple SLF4J bindings.
SLF4J: Found binding in [jar:file:/home/tdurieux/.m2/repository/org/slf4j/slf4j-log4j12/1.7.7/slf4j-log4j12-1.7.7.jar!/org/slf4j/impl/StaticLoggerBinder.class]
SLF4J: Found binding in [jar:file:/home/tdurieux/defects4j4repair/script/../repair_tools/nopol.jar!/org/slf4j/impl/StaticLoggerBinder.class]
SLF4J: See http://www.slf4j.org/codes.html#multiple_bindings for an explanation.
SLF4J: Actual binding is of type [org.slf4j.impl.Log4jLoggerFactory]
java.lang.AssertionError: expected:<PARTITION_HASH> but was:<FORWARD>
    at org.junit.Assert.fail(Assert.java:88)
    at org.junit.Assert.failNotEquals(Assert.java:743)
    at org.junit.Assert.assertEquals(Assert.java:118)
    at org.junit.Assert.assertEquals(Assert.java:144)
    at org.apache.flink.compiler.PartitionPushdownTest.testPartitioningNotPushedDown(PartitionPushdownTest.java:59)
    at sun.reflect.NativeMethodAccessorImpl.invoke0(Native Method)
20:00:33.271 [pool-104-thread-1] INFO  xxl.java.junit.TestCasesListener - Tests run finished (242 ms)
<> Total tests run: 2
<> Ignored tests: 0
<> Failed tests: 1
~ testPartitioningNotPushedDown(org.apache.flink.compiler.PartitionPushdownTest)
[expected:<PARTITION_HASH> but was:<FORWARD>]
java.lang.AssertionError: expected:<PARTITION_HASH> but was:<FORWARD>    at org.junit.Assert.fail(Assert.java:88)
    at org.junit.Assert.failNotEquals(Assert.java:743)
    at org.junit.Assert.assertEquals(Assert.java:118)
    at org.junit.Assert.assertEquals(Assert.java:144)
    at org.apache.flink.compiler.PartitionPushdownTest.testPartitioningNotPushedDown(PartitionPushdownTest.java:59)
    at sun.reflect.NativeMethodAccessorImpl.invoke0(Native Method)

SLF4J: Class path contains multiple SLF4J bindings.
SLF4J: Found binding in [jar:file:/home/tdurieux/.m2/repository/org/slf4j/slf4j-log4j12/1.7.7/slf4j-log4j12-1.7.7.jar!/org/slf4j/impl/StaticLoggerBinder.class]
SLF4J: Found binding in [jar:file:/home/tdurieux/defects4j4repair/script/../repair_tools/nopol.jar!/org/slf4j/impl/StaticLoggerBinder.class]
SLF4J: See http://www.slf4j.org/codes.html#multiple_bindings for an explanation.
SLF4J: Actual binding is of type [org.slf4j.impl.Log4jLoggerFactory]
20:00:34.195 [pool-2-thread-1] DEBUG fr.inria.lille.repair.nopol.NoPol - statement #107
20:00:34.195 [pool-2-thread-1] DEBUG fr.inria.lille.repair.nopol.NoPol - Analysing SourceLocation org.apache.flink.compiler.operators.GroupReduceWithCombineProperties:113 which is executed by 9 tests
1625508872
20:00:34.588 [pool-2-thread-1] DEBUG fr.inria.lille.repair.nopol.NoPol - statement #108
20:00:34.588 [pool-2-thread-1] DEBUG fr.inria.lille.repair.nopol.NoPol - Analysing SourceLocation org.apache.flink.compiler.operators.GroupReduceWithCombineProperties:78 which is executed by 9 tests
1625508872
20:00:34.985 [pool-2-thread-1] DEBUG fr.inria.lille.repair.nopol.NoPol - looking with class fr.inria.lille.repair.nopol.spoon.smt.ConditionalReplacer
SLF4J: Class path contains multiple SLF4J bindings.
SLF4J: Found binding in [jar:file:/home/tdurieux/.m2/repository/org/slf4j/slf4j-log4j12/1.7.7/slf4j-log4j12-1.7.7.jar!/org/slf4j/impl/StaticLoggerBinder.class]
SLF4J: Found binding in [jar:file:/home/tdurieux/defects4j4repair/script/../repair_tools/nopol.jar!/org/slf4j/impl/StaticLoggerBinder.class]
SLF4J: See http://www.slf4j.org/codes.html#multiple_bindings for an explanation.
SLF4J: Actual binding is of type [org.slf4j.impl.Log4jLoggerFactory]
java.lang.AssertionError: expected:<PARTITION_HASH> but was:<FORWARD>
    at org.junit.Assert.fail(Assert.java:88)
    at org.junit.Assert.failNotEquals(Assert.java:743)
    at org.junit.Assert.assertEquals(Assert.java:118)
    at org.junit.Assert.assertEquals(Assert.java:144)
    at org.apache.flink.compiler.PartitionPushdownTest.testPartitioningNotPushedDown(PartitionPushdownTest.java:59)
    at sun.reflect.NativeMethodAccessorImpl.invoke0(Native Method)
20:00:35.205 [pool-108-thread-1] INFO  xxl.java.junit.TestCasesListener - Tests run finished (211 ms)
<> Total tests run: 2
<> Ignored tests: 0
<> Failed tests: 1
~ testPartitioningNotPushedDown(org.apache.flink.compiler.PartitionPushdownTest)
[expected:<PARTITION_HASH> but was:<FORWARD>]
java.lang.AssertionError: expected:<PARTITION_HASH> but was:<FORWARD>    at org.junit.Assert.fail(Assert.java:88)
    at org.junit.Assert.failNotEquals(Assert.java:743)
    at org.junit.Assert.assertEquals(Assert.java:118)
    at org.junit.Assert.assertEquals(Assert.java:144)
    at org.apache.flink.compiler.PartitionPushdownTest.testPartitioningNotPushedDown(PartitionPushdownTest.java:59)
    at sun.reflect.NativeMethodAccessorImpl.invoke0(Native Method)

SLF4J: Class path contains multiple SLF4J bindings.
SLF4J: Found binding in [jar:file:/home/tdurieux/.m2/repository/org/slf4j/slf4j-log4j12/1.7.7/slf4j-log4j12-1.7.7.jar!/org/slf4j/impl/StaticLoggerBinder.class]
SLF4J: Found binding in [jar:file:/home/tdurieux/defects4j4repair/script/../repair_tools/nopol.jar!/org/slf4j/impl/StaticLoggerBinder.class]
SLF4J: See http://www.slf4j.org/codes.html#multiple_bindings for an explanation.
SLF4J: Actual binding is of type [org.slf4j.impl.Log4jLoggerFactory]
java.lang.NullPointerException
	at org.apache.flink.compiler.postpass.JavaApiPostPass.getSortOrders(JavaApiPostPass.java:321)
	at org.apache.flink.compiler.postpass.JavaApiPostPass.traverseChannel(JavaApiPostPass.java:260)
	at org.apache.flink.compiler.postpass.JavaApiPostPass.traverse(JavaApiPostPass.java:170)
	at org.apache.flink.compiler.postpass.JavaApiPostPass.traverseChannel(JavaApiPostPass.java:264)
	at org.apache.flink.compiler.postpass.JavaApiPostPass.traverse(JavaApiPostPass.java:94)
	at org.apache.flink.compiler.postpass.JavaApiPostPass.postPass(JavaApiPostPass.java:78)
	at org.apache.flink.compiler.PactCompiler.compile(PactCompiler.java:589)
	at org.apache.flink.compiler.PactCompiler.compile(PactCompiler.java:466)
	at org.apache.flink.compiler.CompilerTestBase.compileNoStats(CompilerTestBase.java:91)
	at org.apache.flink.compiler.PartitionPushdownTest.testPartitioningNotPushedDown(PartitionPushdownTest.java:51)
	at sun.reflect.NativeMethodAccessorImpl.invoke0(Native Method)
	at sun.reflect.NativeMethodAccessorImpl.invoke(NativeMethodAccessorImpl.java:62)
	at sun.reflect.DelegatingMethodAccessorImpl.invoke(DelegatingMethodAccessorImpl.java:43)
	at java.lang.reflect.Method.invoke(Method.java:498)
	at org.junit.runners.model.FrameworkMethod$1.runReflectiveCall(FrameworkMethod.java:47)
	at org.junit.internal.runners.model.ReflectiveCallable.run(ReflectiveCallable.java:12)
	at org.junit.runners.model.FrameworkMethod.invokeExplosively(FrameworkMethod.java:44)
	at org.junit.internal.runners.statements.InvokeMethod.evaluate(InvokeMethod.java:17)
	at org.junit.internal.runners.statements.RunBefores.evaluate(RunBefores.java:26)
	at org.junit.runners.ParentRunner.runLeaf(ParentRunner.java:271)
	at org.junit.runners.BlockJUnit4ClassRunner.runChild(BlockJUnit4ClassRunner.java:70)
	at org.junit.runners.BlockJUnit4ClassRunner.runChild(BlockJUnit4ClassRunner.java:50)
	at org.junit.runners.ParentRunner$3.run(ParentRunner.java:238)
	at org.junit.runners.ParentRunner$1.schedule(ParentRunner.java:63)
	at org.junit.runners.ParentRunner.runChildren(ParentRunner.java:236)
	at org.junit.runners.ParentRunner.access$000(ParentRunner.java:53)
	at org.junit.runners.ParentRunner$2.evaluate(ParentRunner.java:229)
	at org.junit.runners.ParentRunner.run(ParentRunner.java:309)
	at org.junit.runner.JUnitCore.run(JUnitCore.java:160)
	at org.junit.runner.JUnitCore.run(JUnitCore.java:138)
	at xxl.java.junit.JUnitSingleTestRunner.call(JUnitSingleTestRunner.java:23)
	at xxl.java.junit.JUnitSingleTestRunner.call(JUnitSingleTestRunner.java:10)
	at java.util.concurrent.FutureTask.run(FutureTask.java:266)
	at java.util.concurrent.ThreadPoolExecutor.runWorker(ThreadPoolExecutor.java:1149)
	at java.util.concurrent.ThreadPoolExecutor$Worker.run(ThreadPoolExecutor.java:624)
	at java.lang.Thread.run(Thread.java:748)
java.lang.ClassCastException: org.apache.flink.compiler.plan.SourcePlanNode cannot be cast to org.apache.flink.compiler.plan.SingleInputPlanNode
	at org.apache.flink.compiler.PartitionPushdownTest.testPartitioningNotPushedDown(PartitionPushdownTest.java:57)
	at sun.reflect.NativeMethodAccessorImpl.invoke0(Native Method)
	at sun.reflect.NativeMethodAccessorImpl.invoke(NativeMethodAccessorImpl.java:62)
	at sun.reflect.DelegatingMethodAccessorImpl.invoke(DelegatingMethodAccessorImpl.java:43)
	at java.lang.reflect.Method.invoke(Method.java:498)
	at org.junit.runners.model.FrameworkMethod$1.runReflectiveCall(FrameworkMethod.java:47)
	at org.junit.internal.runners.model.ReflectiveCallable.run(ReflectiveCallable.java:12)
	at org.junit.runners.model.FrameworkMethod.invokeExplosively(FrameworkMethod.java:44)
	at org.junit.internal.runners.statements.InvokeMethod.evaluate(InvokeMethod.java:17)
	at org.junit.internal.runners.statements.RunBefores.evaluate(RunBefores.java:26)
	at org.junit.runners.ParentRunner.runLeaf(ParentRunner.java:271)
	at org.junit.runners.BlockJUnit4ClassRunner.runChild(BlockJUnit4ClassRunner.java:70)
	at org.junit.runners.BlockJUnit4ClassRunner.runChild(BlockJUnit4ClassRunner.java:50)
	at org.junit.runners.ParentRunner$3.run(ParentRunner.java:238)
	at org.junit.runners.ParentRunner$1.schedule(ParentRunner.java:63)
	at org.junit.runners.ParentRunner.runChildren(ParentRunner.java:236)
	at org.junit.runners.ParentRunner.access$000(ParentRunner.java:53)
	at org.junit.runners.ParentRunner$2.evaluate(ParentRunner.java:229)
	at org.junit.runners.ParentRunner.run(ParentRunner.java:309)
	at org.junit.runner.JUnitCore.run(JUnitCore.java:160)
	at org.junit.runner.JUnitCore.run(JUnitCore.java:138)
	at xxl.java.junit.JUnitSingleTestRunner.call(JUnitSingleTestRunner.java:23)
	at xxl.java.junit.JUnitSingleTestRunner.call(JUnitSingleTestRunner.java:10)
	at java.util.concurrent.FutureTask.run(FutureTask.java:266)
	at java.util.concurrent.ThreadPoolExecutor.runWorker(ThreadPoolExecutor.java:1149)
	at java.util.concurrent.ThreadPoolExecutor$Worker.run(ThreadPoolExecutor.java:624)
	at java.lang.Thread.run(Thread.java:748)
20:00:35.934 [pool-2-thread-1] DEBUG fr.inria.lille.repair.nopol.NoPol - statement #109
20:00:35.935 [pool-2-thread-1] DEBUG fr.inria.lille.repair.nopol.NoPol - Analysing SourceLocation org.apache.flink.api.common.operators.SingleInputSemanticProperties:104 which is executed by 10 tests
20:00:35.935 [pool-2-thread-1] DEBUG fr.inria.lille.repair.nopol.NoPol - cannot spoon SourceLocation org.apache.flink.api.common.operators.SingleInputSemanticProperties:104
20:00:35.935 [pool-2-thread-1] DEBUG fr.inria.lille.repair.nopol.NoPol - statement #110
20:00:35.935 [pool-2-thread-1] DEBUG fr.inria.lille.repair.nopol.NoPol - Analysing SourceLocation org.apache.flink.api.common.operators.util.FieldList:70 which is executed by 11 tests
20:00:35.935 [pool-2-thread-1] DEBUG fr.inria.lille.repair.nopol.NoPol - cannot spoon SourceLocation org.apache.flink.api.common.operators.util.FieldList:70
20:00:35.935 [pool-2-thread-1] DEBUG fr.inria.lille.repair.nopol.NoPol - statement #111
20:00:35.935 [pool-2-thread-1] DEBUG fr.inria.lille.repair.nopol.NoPol - Analysing SourceLocation org.apache.flink.api.common.operators.util.FieldList:69 which is executed by 11 tests
20:00:35.935 [pool-2-thread-1] DEBUG fr.inria.lille.repair.nopol.NoPol - cannot spoon SourceLocation org.apache.flink.api.common.operators.util.FieldList:69
20:00:35.935 [pool-2-thread-1] DEBUG fr.inria.lille.repair.nopol.NoPol - statement #112
20:00:35.935 [pool-2-thread-1] DEBUG fr.inria.lille.repair.nopol.NoPol - Analysing SourceLocation org.apache.flink.api.common.operators.util.FieldList:68 which is executed by 11 tests
20:00:35.935 [pool-2-thread-1] DEBUG fr.inria.lille.repair.nopol.NoPol - cannot spoon SourceLocation org.apache.flink.api.common.operators.util.FieldList:68
20:00:35.935 [pool-2-thread-1] DEBUG fr.inria.lille.repair.nopol.NoPol - statement #113
20:00:35.936 [pool-2-thread-1] DEBUG fr.inria.lille.repair.nopol.NoPol - Analysing SourceLocation org.apache.flink.api.common.operators.util.FieldList:67 which is executed by 11 tests
20:00:35.936 [pool-2-thread-1] DEBUG fr.inria.lille.repair.nopol.NoPol - cannot spoon SourceLocation org.apache.flink.api.common.operators.util.FieldList:67
20:00:35.936 [pool-2-thread-1] DEBUG fr.inria.lille.repair.nopol.NoPol - statement #114
20:00:35.936 [pool-2-thread-1] DEBUG fr.inria.lille.repair.nopol.NoPol - Analysing SourceLocation org.apache.flink.api.java.typeutils.TypeExtractor:1147 which is executed by 12 tests
20:00:35.936 [pool-2-thread-1] DEBUG fr.inria.lille.repair.nopol.NoPol - cannot spoon SourceLocation org.apache.flink.api.java.typeutils.TypeExtractor:1147
20:00:35.936 [pool-2-thread-1] DEBUG fr.inria.lille.repair.nopol.NoPol - statement #115
20:00:35.936 [pool-2-thread-1] DEBUG fr.inria.lille.repair.nopol.NoPol - Analysing SourceLocation org.apache.flink.api.java.typeutils.TypeExtractor:1145 which is executed by 12 tests
20:00:35.936 [pool-2-thread-1] DEBUG fr.inria.lille.repair.nopol.NoPol - cannot spoon SourceLocation org.apache.flink.api.java.typeutils.TypeExtractor:1145
20:00:35.936 [pool-2-thread-1] DEBUG fr.inria.lille.repair.nopol.NoPol - statement #116
20:00:35.936 [pool-2-thread-1] DEBUG fr.inria.lille.repair.nopol.NoPol - Analysing SourceLocation org.apache.flink.api.java.typeutils.TypeExtractor:1140 which is executed by 12 tests
20:00:35.936 [pool-2-thread-1] DEBUG fr.inria.lille.repair.nopol.NoPol - cannot spoon SourceLocation org.apache.flink.api.java.typeutils.TypeExtractor:1140
20:00:35.936 [pool-2-thread-1] DEBUG fr.inria.lille.repair.nopol.NoPol - statement #117
20:00:35.936 [pool-2-thread-1] DEBUG fr.inria.lille.repair.nopol.NoPol - Analysing SourceLocation org.apache.flink.api.java.typeutils.TypeExtractor:1138 which is executed by 12 tests
20:00:35.936 [pool-2-thread-1] DEBUG fr.inria.lille.repair.nopol.NoPol - cannot spoon SourceLocation org.apache.flink.api.java.typeutils.TypeExtractor:1138
20:00:35.936 [pool-2-thread-1] DEBUG fr.inria.lille.repair.nopol.NoPol - statement #118
20:00:35.936 [pool-2-thread-1] DEBUG fr.inria.lille.repair.nopol.NoPol - Analysing SourceLocation org.apache.flink.api.java.typeutils.TypeExtractor:1137 which is executed by 12 tests
20:00:35.937 [pool-2-thread-1] DEBUG fr.inria.lille.repair.nopol.NoPol - cannot spoon SourceLocation org.apache.flink.api.java.typeutils.TypeExtractor:1137
20:00:35.937 [pool-2-thread-1] DEBUG fr.inria.lille.repair.nopol.NoPol - statement #119
20:00:35.937 [pool-2-thread-1] DEBUG fr.inria.lille.repair.nopol.NoPol - Analysing SourceLocation org.apache.flink.api.java.typeutils.TypeExtractor:1136 which is executed by 12 tests
20:00:35.937 [pool-2-thread-1] DEBUG fr.inria.lille.repair.nopol.NoPol - cannot spoon SourceLocation org.apache.flink.api.java.typeutils.TypeExtractor:1136
20:00:35.937 [pool-2-thread-1] DEBUG fr.inria.lille.repair.nopol.NoPol - statement #120
20:00:35.937 [pool-2-thread-1] DEBUG fr.inria.lille.repair.nopol.NoPol - Analysing SourceLocation org.apache.flink.api.java.typeutils.TypeExtractor:1130 which is executed by 12 tests
20:00:35.937 [pool-2-thread-1] DEBUG fr.inria.lille.repair.nopol.NoPol - cannot spoon SourceLocation org.apache.flink.api.java.typeutils.TypeExtractor:1130
20:00:35.937 [pool-2-thread-1] DEBUG fr.inria.lille.repair.nopol.NoPol - statement #121
20:00:35.937 [pool-2-thread-1] DEBUG fr.inria.lille.repair.nopol.NoPol - Analysing SourceLocation org.apache.flink.api.java.typeutils.TypeExtractor:1129 which is executed by 12 tests
20:00:35.937 [pool-2-thread-1] DEBUG fr.inria.lille.repair.nopol.NoPol - cannot spoon SourceLocation org.apache.flink.api.java.typeutils.TypeExtractor:1129
20:00:35.937 [pool-2-thread-1] DEBUG fr.inria.lille.repair.nopol.NoPol - statement #122
20:00:35.937 [pool-2-thread-1] DEBUG fr.inria.lille.repair.nopol.NoPol - Analysing SourceLocation org.apache.flink.api.java.typeutils.TypeExtractor:1128 which is executed by 12 tests
20:00:35.937 [pool-2-thread-1] DEBUG fr.inria.lille.repair.nopol.NoPol - cannot spoon SourceLocation org.apache.flink.api.java.typeutils.TypeExtractor:1128
20:00:35.937 [pool-2-thread-1] DEBUG fr.inria.lille.repair.nopol.NoPol - statement #123
20:00:35.938 [pool-2-thread-1] DEBUG fr.inria.lille.repair.nopol.NoPol - Analysing SourceLocation org.apache.flink.api.common.operators.util.FieldSet:151 which is executed by 12 tests
20:00:35.938 [pool-2-thread-1] DEBUG fr.inria.lille.repair.nopol.NoPol - cannot spoon SourceLocation org.apache.flink.api.common.operators.util.FieldSet:151
20:00:35.938 [pool-2-thread-1] DEBUG fr.inria.lille.repair.nopol.NoPol - statement #124
20:00:35.938 [pool-2-thread-1] DEBUG fr.inria.lille.repair.nopol.NoPol - Analysing SourceLocation org.apache.flink.api.common.operators.util.FieldSet:148 which is executed by 12 tests
20:00:35.938 [pool-2-thread-1] DEBUG fr.inria.lille.repair.nopol.NoPol - cannot spoon SourceLocation org.apache.flink.api.common.operators.util.FieldSet:148
20:00:35.938 [pool-2-thread-1] DEBUG fr.inria.lille.repair.nopol.NoPol - statement #125
20:00:35.938 [pool-2-thread-1] DEBUG fr.inria.lille.repair.nopol.NoPol - Analysing SourceLocation org.apache.flink.compiler.dataproperties.RequestedLocalProperties:161 which is executed by 12 tests
-1126041135
20:00:36.329 [pool-2-thread-1] DEBUG fr.inria.lille.repair.nopol.NoPol - statement #126
20:00:36.330 [pool-2-thread-1] DEBUG fr.inria.lille.repair.nopol.NoPol - Analysing SourceLocation org.apache.flink.compiler.dag.GroupReduceNode:145 which is executed by 13 tests
-1039815608
20:00:36.726 [pool-2-thread-1] DEBUG fr.inria.lille.repair.nopol.NoPol - statement #127
20:00:36.726 [pool-2-thread-1] DEBUG fr.inria.lille.repair.nopol.NoPol - Analysing SourceLocation org.apache.flink.compiler.dag.GroupReduceNode:143 which is executed by 13 tests
-1039815608
20:00:37.117 [pool-2-thread-1] DEBUG fr.inria.lille.repair.nopol.NoPol - looking with class fr.inria.lille.repair.nopol.spoon.smt.ConditionalAdder
SLF4J: Class path contains multiple SLF4J bindings.
SLF4J: Found binding in [jar:file:/home/tdurieux/.m2/repository/org/slf4j/slf4j-log4j12/1.7.7/slf4j-log4j12-1.7.7.jar!/org/slf4j/impl/StaticLoggerBinder.class]
SLF4J: Found binding in [jar:file:/home/tdurieux/defects4j4repair/script/../repair_tools/nopol.jar!/org/slf4j/impl/StaticLoggerBinder.class]
SLF4J: See http://www.slf4j.org/codes.html#multiple_bindings for an explanation.
SLF4J: Actual binding is of type [org.slf4j.impl.Log4jLoggerFactory]
java.lang.AssertionError: expected:<PARTITION_HASH> but was:<FORWARD>
    at org.junit.Assert.fail(Assert.java:88)
    at org.junit.Assert.failNotEquals(Assert.java:743)
    at org.junit.Assert.assertEquals(Assert.java:118)
    at org.junit.Assert.assertEquals(Assert.java:144)
    at org.apache.flink.compiler.PartitionPushdownTest.testPartitioningNotPushedDown(PartitionPushdownTest.java:59)
    at sun.reflect.NativeMethodAccessorImpl.invoke0(Native Method)
20:00:37.339 [pool-112-thread-1] INFO  xxl.java.junit.TestCasesListener - Tests run finished (213 ms)
<> Total tests run: 2
<> Ignored tests: 0
<> Failed tests: 1
~ testPartitioningNotPushedDown(org.apache.flink.compiler.PartitionPushdownTest)
[expected:<PARTITION_HASH> but was:<FORWARD>]
java.lang.AssertionError: expected:<PARTITION_HASH> but was:<FORWARD>    at org.junit.Assert.fail(Assert.java:88)
    at org.junit.Assert.failNotEquals(Assert.java:743)
    at org.junit.Assert.assertEquals(Assert.java:118)
    at org.junit.Assert.assertEquals(Assert.java:144)
    at org.apache.flink.compiler.PartitionPushdownTest.testPartitioningNotPushedDown(PartitionPushdownTest.java:59)
    at sun.reflect.NativeMethodAccessorImpl.invoke0(Native Method)

SLF4J: Class path contains multiple SLF4J bindings.
SLF4J: Found binding in [jar:file:/home/tdurieux/.m2/repository/org/slf4j/slf4j-log4j12/1.7.7/slf4j-log4j12-1.7.7.jar!/org/slf4j/impl/StaticLoggerBinder.class]
SLF4J: Found binding in [jar:file:/home/tdurieux/defects4j4repair/script/../repair_tools/nopol.jar!/org/slf4j/impl/StaticLoggerBinder.class]
SLF4J: See http://www.slf4j.org/codes.html#multiple_bindings for an explanation.
SLF4J: Actual binding is of type [org.slf4j.impl.Log4jLoggerFactory]
20:00:38.337 [pool-2-thread-1] DEBUG fr.inria.lille.repair.nopol.NoPol - statement #128
20:00:38.338 [pool-2-thread-1] DEBUG fr.inria.lille.repair.nopol.NoPol - Analysing SourceLocation org.apache.flink.compiler.dag.GroupReduceNode:142 which is executed by 13 tests
-1039815608
20:00:38.738 [pool-2-thread-1] DEBUG fr.inria.lille.repair.nopol.NoPol - looking with class fr.inria.lille.repair.nopol.spoon.smt.ConditionalAdder
SLF4J: Class path contains multiple SLF4J bindings.
SLF4J: Found binding in [jar:file:/home/tdurieux/.m2/repository/org/slf4j/slf4j-log4j12/1.7.7/slf4j-log4j12-1.7.7.jar!/org/slf4j/impl/StaticLoggerBinder.class]
SLF4J: Found binding in [jar:file:/home/tdurieux/defects4j4repair/script/../repair_tools/nopol.jar!/org/slf4j/impl/StaticLoggerBinder.class]
SLF4J: See http://www.slf4j.org/codes.html#multiple_bindings for an explanation.
SLF4J: Actual binding is of type [org.slf4j.impl.Log4jLoggerFactory]
java.lang.AssertionError: expected:<PARTITION_HASH> but was:<FORWARD>
    at org.junit.Assert.fail(Assert.java:88)
    at org.junit.Assert.failNotEquals(Assert.java:743)
    at org.junit.Assert.assertEquals(Assert.java:118)
    at org.junit.Assert.assertEquals(Assert.java:144)
    at org.apache.flink.compiler.PartitionPushdownTest.testPartitioningNotPushedDown(PartitionPushdownTest.java:59)
    at sun.reflect.NativeMethodAccessorImpl.invoke0(Native Method)
20:00:38.962 [pool-116-thread-1] INFO  xxl.java.junit.TestCasesListener - Tests run finished (215 ms)
<> Total tests run: 2
<> Ignored tests: 0
<> Failed tests: 1
~ testPartitioningNotPushedDown(org.apache.flink.compiler.PartitionPushdownTest)
[expected:<PARTITION_HASH> but was:<FORWARD>]
java.lang.AssertionError: expected:<PARTITION_HASH> but was:<FORWARD>    at org.junit.Assert.fail(Assert.java:88)
    at org.junit.Assert.failNotEquals(Assert.java:743)
    at org.junit.Assert.assertEquals(Assert.java:118)
    at org.junit.Assert.assertEquals(Assert.java:144)
    at org.apache.flink.compiler.PartitionPushdownTest.testPartitioningNotPushedDown(PartitionPushdownTest.java:59)
    at sun.reflect.NativeMethodAccessorImpl.invoke0(Native Method)

SLF4J: Class path contains multiple SLF4J bindings.
SLF4J: Found binding in [jar:file:/home/tdurieux/.m2/repository/org/slf4j/slf4j-log4j12/1.7.7/slf4j-log4j12-1.7.7.jar!/org/slf4j/impl/StaticLoggerBinder.class]
SLF4J: Found binding in [jar:file:/home/tdurieux/defects4j4repair/script/../repair_tools/nopol.jar!/org/slf4j/impl/StaticLoggerBinder.class]
SLF4J: See http://www.slf4j.org/codes.html#multiple_bindings for an explanation.
SLF4J: Actual binding is of type [org.slf4j.impl.Log4jLoggerFactory]
20:00:39.690 [pool-2-thread-1] DEBUG fr.inria.lille.repair.nopol.NoPol - statement #129
20:00:39.690 [pool-2-thread-1] DEBUG fr.inria.lille.repair.nopol.NoPol - Analysing SourceLocation org.apache.flink.compiler.dag.GroupReduceNode:139 which is executed by 13 tests
-1039815608
20:00:40.080 [pool-2-thread-1] DEBUG fr.inria.lille.repair.nopol.NoPol - looking with class fr.inria.lille.repair.nopol.spoon.smt.ConditionalAdder
SLF4J: Class path contains multiple SLF4J bindings.
SLF4J: Found binding in [jar:file:/home/tdurieux/.m2/repository/org/slf4j/slf4j-log4j12/1.7.7/slf4j-log4j12-1.7.7.jar!/org/slf4j/impl/StaticLoggerBinder.class]
SLF4J: Found binding in [jar:file:/home/tdurieux/defects4j4repair/script/../repair_tools/nopol.jar!/org/slf4j/impl/StaticLoggerBinder.class]
SLF4J: See http://www.slf4j.org/codes.html#multiple_bindings for an explanation.
SLF4J: Actual binding is of type [org.slf4j.impl.Log4jLoggerFactory]
java.lang.AssertionError: expected:<PARTITION_HASH> but was:<FORWARD>
    at org.junit.Assert.fail(Assert.java:88)
    at org.junit.Assert.failNotEquals(Assert.java:743)
    at org.junit.Assert.assertEquals(Assert.java:118)
    at org.junit.Assert.assertEquals(Assert.java:144)
    at org.apache.flink.compiler.PartitionPushdownTest.testPartitioningNotPushedDown(PartitionPushdownTest.java:59)
    at sun.reflect.NativeMethodAccessorImpl.invoke0(Native Method)
20:00:40.304 [pool-120-thread-1] INFO  xxl.java.junit.TestCasesListener - Tests run finished (215 ms)
<> Total tests run: 2
<> Ignored tests: 0
<> Failed tests: 1
~ testPartitioningNotPushedDown(org.apache.flink.compiler.PartitionPushdownTest)
[expected:<PARTITION_HASH> but was:<FORWARD>]
java.lang.AssertionError: expected:<PARTITION_HASH> but was:<FORWARD>    at org.junit.Assert.fail(Assert.java:88)
    at org.junit.Assert.failNotEquals(Assert.java:743)
    at org.junit.Assert.assertEquals(Assert.java:118)
    at org.junit.Assert.assertEquals(Assert.java:144)
    at org.apache.flink.compiler.PartitionPushdownTest.testPartitioningNotPushedDown(PartitionPushdownTest.java:59)
    at sun.reflect.NativeMethodAccessorImpl.invoke0(Native Method)

SLF4J: Class path contains multiple SLF4J bindings.
SLF4J: Found binding in [jar:file:/home/tdurieux/.m2/repository/org/slf4j/slf4j-log4j12/1.7.7/slf4j-log4j12-1.7.7.jar!/org/slf4j/impl/StaticLoggerBinder.class]
SLF4J: Found binding in [jar:file:/home/tdurieux/defects4j4repair/script/../repair_tools/nopol.jar!/org/slf4j/impl/StaticLoggerBinder.class]
SLF4J: See http://www.slf4j.org/codes.html#multiple_bindings for an explanation.
SLF4J: Actual binding is of type [org.slf4j.impl.Log4jLoggerFactory]
java.lang.NullPointerException
	at org.apache.flink.compiler.dag.GroupReduceNode.getCombinerUtilityNode(GroupReduceNode.java:77)
	at org.apache.flink.compiler.operators.GroupReduceWithCombineProperties.instantiate(GroupReduceWithCombineProperties.java:92)
	at org.apache.flink.compiler.dag.SingleInputNode.instantiateCandidate(SingleInputNode.java:426)
	at org.apache.flink.compiler.dag.SingleInputNode.addLocalCandidates(SingleInputNode.java:354)
	at org.apache.flink.compiler.dag.SingleInputNode.getAlternativePlans(SingleInputNode.java:302)
	at org.apache.flink.compiler.dag.SingleInputNode.getAlternativePlans(SingleInputNode.java:245)
	at org.apache.flink.compiler.dag.DataSinkNode.getAlternativePlans(DataSinkNode.java:194)
	at org.apache.flink.compiler.PactCompiler.compile(PactCompiler.java:561)
	at org.apache.flink.compiler.PactCompiler.compile(PactCompiler.java:466)
	at org.apache.flink.compiler.CompilerTestBase.compileNoStats(CompilerTestBase.java:91)
	at org.apache.flink.compiler.PartitionPushdownTest.testPartitioningNotPushedDown(PartitionPushdownTest.java:51)
	at sun.reflect.NativeMethodAccessorImpl.invoke0(Native Method)
	at sun.reflect.NativeMethodAccessorImpl.invoke(NativeMethodAccessorImpl.java:62)
	at sun.reflect.DelegatingMethodAccessorImpl.invoke(DelegatingMethodAccessorImpl.java:43)
	at java.lang.reflect.Method.invoke(Method.java:498)
	at org.junit.runners.model.FrameworkMethod$1.runReflectiveCall(FrameworkMethod.java:47)
	at org.junit.internal.runners.model.ReflectiveCallable.run(ReflectiveCallable.java:12)
	at org.junit.runners.model.FrameworkMethod.invokeExplosively(FrameworkMethod.java:44)
	at org.junit.internal.runners.statements.InvokeMethod.evaluate(InvokeMethod.java:17)
	at org.junit.internal.runners.statements.RunBefores.evaluate(RunBefores.java:26)
	at org.junit.runners.ParentRunner.runLeaf(ParentRunner.java:271)
	at org.junit.runners.BlockJUnit4ClassRunner.runChild(BlockJUnit4ClassRunner.java:70)
	at org.junit.runners.BlockJUnit4ClassRunner.runChild(BlockJUnit4ClassRunner.java:50)
	at org.junit.runners.ParentRunner$3.run(ParentRunner.java:238)
	at org.junit.runners.ParentRunner$1.schedule(ParentRunner.java:63)
	at org.junit.runners.ParentRunner.runChildren(ParentRunner.java:236)
	at org.junit.runners.ParentRunner.access$000(ParentRunner.java:53)
	at org.junit.runners.ParentRunner$2.evaluate(ParentRunner.java:229)
	at org.junit.runners.ParentRunner.run(ParentRunner.java:309)
	at org.junit.runner.JUnitCore.run(JUnitCore.java:160)
	at org.junit.runner.JUnitCore.run(JUnitCore.java:138)
	at xxl.java.junit.JUnitSingleTestRunner.call(JUnitSingleTestRunner.java:23)
	at xxl.java.junit.JUnitSingleTestRunner.call(JUnitSingleTestRunner.java:10)
	at java.util.concurrent.FutureTask.run(FutureTask.java:266)
	at java.util.concurrent.ThreadPoolExecutor.runWorker(ThreadPoolExecutor.java:1149)
	at java.util.concurrent.ThreadPoolExecutor$Worker.run(ThreadPoolExecutor.java:624)
	at java.lang.Thread.run(Thread.java:748)
20:00:41.035 [pool-2-thread-1] DEBUG fr.inria.lille.repair.nopol.NoPol - statement #130
20:00:41.035 [pool-2-thread-1] DEBUG fr.inria.lille.repair.nopol.NoPol - Analysing SourceLocation org.apache.flink.compiler.dag.GroupReduceNode:138 which is executed by 13 tests
-1039815608
20:00:41.425 [pool-2-thread-1] DEBUG fr.inria.lille.repair.nopol.NoPol - looking with class fr.inria.lille.repair.nopol.spoon.smt.ConditionalAdder
SLF4J: Class path contains multiple SLF4J bindings.
SLF4J: Found binding in [jar:file:/home/tdurieux/.m2/repository/org/slf4j/slf4j-log4j12/1.7.7/slf4j-log4j12-1.7.7.jar!/org/slf4j/impl/StaticLoggerBinder.class]
SLF4J: Found binding in [jar:file:/home/tdurieux/defects4j4repair/script/../repair_tools/nopol.jar!/org/slf4j/impl/StaticLoggerBinder.class]
SLF4J: See http://www.slf4j.org/codes.html#multiple_bindings for an explanation.
SLF4J: Actual binding is of type [org.slf4j.impl.Log4jLoggerFactory]
java.lang.AssertionError: expected:<PARTITION_HASH> but was:<FORWARD>
    at org.junit.Assert.fail(Assert.java:88)
    at org.junit.Assert.failNotEquals(Assert.java:743)
    at org.junit.Assert.assertEquals(Assert.java:118)
    at org.junit.Assert.assertEquals(Assert.java:144)
    at org.apache.flink.compiler.PartitionPushdownTest.testPartitioningNotPushedDown(PartitionPushdownTest.java:59)
    at sun.reflect.NativeMethodAccessorImpl.invoke0(Native Method)
20:00:41.658 [pool-124-thread-1] INFO  xxl.java.junit.TestCasesListener - Tests run finished (219 ms)
<> Total tests run: 2
<> Ignored tests: 0
<> Failed tests: 1
~ testPartitioningNotPushedDown(org.apache.flink.compiler.PartitionPushdownTest)
[expected:<PARTITION_HASH> but was:<FORWARD>]
java.lang.AssertionError: expected:<PARTITION_HASH> but was:<FORWARD>    at org.junit.Assert.fail(Assert.java:88)
    at org.junit.Assert.failNotEquals(Assert.java:743)
    at org.junit.Assert.assertEquals(Assert.java:118)
    at org.junit.Assert.assertEquals(Assert.java:144)
    at org.apache.flink.compiler.PartitionPushdownTest.testPartitioningNotPushedDown(PartitionPushdownTest.java:59)
    at sun.reflect.NativeMethodAccessorImpl.invoke0(Native Method)

SLF4J: Class path contains multiple SLF4J bindings.
SLF4J: Found binding in [jar:file:/home/tdurieux/.m2/repository/org/slf4j/slf4j-log4j12/1.7.7/slf4j-log4j12-1.7.7.jar!/org/slf4j/impl/StaticLoggerBinder.class]
SLF4J: Found binding in [jar:file:/home/tdurieux/defects4j4repair/script/../repair_tools/nopol.jar!/org/slf4j/impl/StaticLoggerBinder.class]
SLF4J: See http://www.slf4j.org/codes.html#multiple_bindings for an explanation.
SLF4J: Actual binding is of type [org.slf4j.impl.Log4jLoggerFactory]
java.lang.NullPointerException
	at org.apache.flink.compiler.operators.GroupReduceWithCombineProperties.instantiate(GroupReduceWithCombineProperties.java:93)
	at org.apache.flink.compiler.dag.SingleInputNode.instantiateCandidate(SingleInputNode.java:426)
	at org.apache.flink.compiler.dag.SingleInputNode.addLocalCandidates(SingleInputNode.java:354)
	at org.apache.flink.compiler.dag.SingleInputNode.getAlternativePlans(SingleInputNode.java:302)
	at org.apache.flink.compiler.dag.SingleInputNode.getAlternativePlans(SingleInputNode.java:245)
	at org.apache.flink.compiler.dag.DataSinkNode.getAlternativePlans(DataSinkNode.java:194)
	at org.apache.flink.compiler.PactCompiler.compile(PactCompiler.java:561)
	at org.apache.flink.compiler.PactCompiler.compile(PactCompiler.java:466)
	at org.apache.flink.compiler.CompilerTestBase.compileNoStats(CompilerTestBase.java:91)
	at org.apache.flink.compiler.PartitionPushdownTest.testPartitioningNotPushedDown(PartitionPushdownTest.java:51)
	at sun.reflect.NativeMethodAccessorImpl.invoke0(Native Method)
	at sun.reflect.NativeMethodAccessorImpl.invoke(NativeMethodAccessorImpl.java:62)
	at sun.reflect.DelegatingMethodAccessorImpl.invoke(DelegatingMethodAccessorImpl.java:43)
	at java.lang.reflect.Method.invoke(Method.java:498)
	at org.junit.runners.model.FrameworkMethod$1.runReflectiveCall(FrameworkMethod.java:47)
	at org.junit.internal.runners.model.ReflectiveCallable.run(ReflectiveCallable.java:12)
	at org.junit.runners.model.FrameworkMethod.invokeExplosively(FrameworkMethod.java:44)
	at org.junit.internal.runners.statements.InvokeMethod.evaluate(InvokeMethod.java:17)
	at org.junit.internal.runners.statements.RunBefores.evaluate(RunBefores.java:26)
	at org.junit.runners.ParentRunner.runLeaf(ParentRunner.java:271)
	at org.junit.runners.BlockJUnit4ClassRunner.runChild(BlockJUnit4ClassRunner.java:70)
	at org.junit.runners.BlockJUnit4ClassRunner.runChild(BlockJUnit4ClassRunner.java:50)
	at org.junit.runners.ParentRunner$3.run(ParentRunner.java:238)
	at org.junit.runners.ParentRunner$1.schedule(ParentRunner.java:63)
	at org.junit.runners.ParentRunner.runChildren(ParentRunner.java:236)
	at org.junit.runners.ParentRunner.access$000(ParentRunner.java:53)
	at org.junit.runners.ParentRunner$2.evaluate(ParentRunner.java:229)
	at org.junit.runners.ParentRunner.run(ParentRunner.java:309)
	at org.junit.runner.JUnitCore.run(JUnitCore.java:160)
	at org.junit.runner.JUnitCore.run(JUnitCore.java:138)
	at xxl.java.junit.JUnitSingleTestRunner.call(JUnitSingleTestRunner.java:23)
	at xxl.java.junit.JUnitSingleTestRunner.call(JUnitSingleTestRunner.java:10)
	at java.util.concurrent.FutureTask.run(FutureTask.java:266)
	at java.util.concurrent.ThreadPoolExecutor.runWorker(ThreadPoolExecutor.java:1149)
	at java.util.concurrent.ThreadPoolExecutor$Worker.run(ThreadPoolExecutor.java:624)
	at java.lang.Thread.run(Thread.java:748)
20:00:42.379 [pool-2-thread-1] DEBUG fr.inria.lille.repair.nopol.NoPol - looking with class fr.inria.lille.repair.nopol.spoon.smt.ConditionalReplacer
SLF4J: Class path contains multiple SLF4J bindings.
SLF4J: Found binding in [jar:file:/home/tdurieux/.m2/repository/org/slf4j/slf4j-log4j12/1.7.7/slf4j-log4j12-1.7.7.jar!/org/slf4j/impl/StaticLoggerBinder.class]
SLF4J: Found binding in [jar:file:/home/tdurieux/defects4j4repair/script/../repair_tools/nopol.jar!/org/slf4j/impl/StaticLoggerBinder.class]
SLF4J: See http://www.slf4j.org/codes.html#multiple_bindings for an explanation.
SLF4J: Actual binding is of type [org.slf4j.impl.Log4jLoggerFactory]
java.lang.AssertionError: expected:<PARTITION_HASH> but was:<FORWARD>
    at org.junit.Assert.fail(Assert.java:88)
    at org.junit.Assert.failNotEquals(Assert.java:743)
    at org.junit.Assert.assertEquals(Assert.java:118)
    at org.junit.Assert.assertEquals(Assert.java:144)
    at org.apache.flink.compiler.PartitionPushdownTest.testPartitioningNotPushedDown(PartitionPushdownTest.java:59)
    at sun.reflect.NativeMethodAccessorImpl.invoke0(Native Method)
20:00:42.603 [pool-128-thread-1] INFO  xxl.java.junit.TestCasesListener - Tests run finished (215 ms)
<> Total tests run: 2
<> Ignored tests: 0
<> Failed tests: 1
~ testPartitioningNotPushedDown(org.apache.flink.compiler.PartitionPushdownTest)
[expected:<PARTITION_HASH> but was:<FORWARD>]
java.lang.AssertionError: expected:<PARTITION_HASH> but was:<FORWARD>    at org.junit.Assert.fail(Assert.java:88)
    at org.junit.Assert.failNotEquals(Assert.java:743)
    at org.junit.Assert.assertEquals(Assert.java:118)
    at org.junit.Assert.assertEquals(Assert.java:144)
    at org.apache.flink.compiler.PartitionPushdownTest.testPartitioningNotPushedDown(PartitionPushdownTest.java:59)
    at sun.reflect.NativeMethodAccessorImpl.invoke0(Native Method)

SLF4J: Class path contains multiple SLF4J bindings.
SLF4J: Found binding in [jar:file:/home/tdurieux/.m2/repository/org/slf4j/slf4j-log4j12/1.7.7/slf4j-log4j12-1.7.7.jar!/org/slf4j/impl/StaticLoggerBinder.class]
SLF4J: Found binding in [jar:file:/home/tdurieux/defects4j4repair/script/../repair_tools/nopol.jar!/org/slf4j/impl/StaticLoggerBinder.class]
SLF4J: See http://www.slf4j.org/codes.html#multiple_bindings for an explanation.
SLF4J: Actual binding is of type [org.slf4j.impl.Log4jLoggerFactory]
java.lang.NullPointerException
	at org.apache.flink.compiler.operators.GroupReduceWithCombineProperties.instantiate(GroupReduceWithCombineProperties.java:93)
	at org.apache.flink.compiler.dag.SingleInputNode.instantiateCandidate(SingleInputNode.java:426)
	at org.apache.flink.compiler.dag.SingleInputNode.addLocalCandidates(SingleInputNode.java:354)
	at org.apache.flink.compiler.dag.SingleInputNode.getAlternativePlans(SingleInputNode.java:302)
	at org.apache.flink.compiler.dag.SingleInputNode.getAlternativePlans(SingleInputNode.java:245)
	at org.apache.flink.compiler.dag.DataSinkNode.getAlternativePlans(DataSinkNode.java:194)
	at org.apache.flink.compiler.PactCompiler.compile(PactCompiler.java:561)
	at org.apache.flink.compiler.PactCompiler.compile(PactCompiler.java:466)
	at org.apache.flink.compiler.CompilerTestBase.compileNoStats(CompilerTestBase.java:91)
	at org.apache.flink.compiler.PartitionPushdownTest.testPartitioningNotPushedDown(PartitionPushdownTest.java:51)
	at sun.reflect.NativeMethodAccessorImpl.invoke0(Native Method)
	at sun.reflect.NativeMethodAccessorImpl.invoke(NativeMethodAccessorImpl.java:62)
	at sun.reflect.DelegatingMethodAccessorImpl.invoke(DelegatingMethodAccessorImpl.java:43)
	at java.lang.reflect.Method.invoke(Method.java:498)
	at org.junit.runners.model.FrameworkMethod$1.runReflectiveCall(FrameworkMethod.java:47)
	at org.junit.internal.runners.model.ReflectiveCallable.run(ReflectiveCallable.java:12)
	at org.junit.runners.model.FrameworkMethod.invokeExplosively(FrameworkMethod.java:44)
	at org.junit.internal.runners.statements.InvokeMethod.evaluate(InvokeMethod.java:17)
	at org.junit.internal.runners.statements.RunBefores.evaluate(RunBefores.java:26)
	at org.junit.runners.ParentRunner.runLeaf(ParentRunner.java:271)
	at org.junit.runners.BlockJUnit4ClassRunner.runChild(BlockJUnit4ClassRunner.java:70)
	at org.junit.runners.BlockJUnit4ClassRunner.runChild(BlockJUnit4ClassRunner.java:50)
	at org.junit.runners.ParentRunner$3.run(ParentRunner.java:238)
	at org.junit.runners.ParentRunner$1.schedule(ParentRunner.java:63)
	at org.junit.runners.ParentRunner.runChildren(ParentRunner.java:236)
	at org.junit.runners.ParentRunner.access$000(ParentRunner.java:53)
	at org.junit.runners.ParentRunner$2.evaluate(ParentRunner.java:229)
	at org.junit.runners.ParentRunner.run(ParentRunner.java:309)
	at org.junit.runner.JUnitCore.run(JUnitCore.java:160)
	at org.junit.runner.JUnitCore.run(JUnitCore.java:138)
	at xxl.java.junit.JUnitSingleTestRunner.call(JUnitSingleTestRunner.java:23)
	at xxl.java.junit.JUnitSingleTestRunner.call(JUnitSingleTestRunner.java:10)
	at java.util.concurrent.FutureTask.run(FutureTask.java:266)
	at java.util.concurrent.ThreadPoolExecutor.runWorker(ThreadPoolExecutor.java:1149)
	at java.util.concurrent.ThreadPoolExecutor$Worker.run(ThreadPoolExecutor.java:624)
	at java.lang.Thread.run(Thread.java:748)
20:00:43.327 [pool-2-thread-1] DEBUG fr.inria.lille.repair.nopol.NoPol - statement #131
20:00:43.327 [pool-2-thread-1] DEBUG fr.inria.lille.repair.nopol.NoPol - Analysing SourceLocation org.apache.flink.compiler.postpass.JavaApiPostPass:241 which is executed by 13 tests
409383274
20:00:43.749 [pool-2-thread-1] DEBUG fr.inria.lille.repair.nopol.NoPol - statement #132
20:00:43.750 [pool-2-thread-1] DEBUG fr.inria.lille.repair.nopol.NoPol - Analysing SourceLocation org.apache.flink.compiler.postpass.JavaApiPostPass:240 which is executed by 13 tests
409383274
20:00:44.168 [pool-2-thread-1] DEBUG fr.inria.lille.repair.nopol.NoPol - looking with class fr.inria.lille.repair.nopol.spoon.smt.ConditionalAdder
SLF4J: Class path contains multiple SLF4J bindings.
SLF4J: Found binding in [jar:file:/home/tdurieux/.m2/repository/org/slf4j/slf4j-log4j12/1.7.7/slf4j-log4j12-1.7.7.jar!/org/slf4j/impl/StaticLoggerBinder.class]
SLF4J: Found binding in [jar:file:/home/tdurieux/defects4j4repair/script/../repair_tools/nopol.jar!/org/slf4j/impl/StaticLoggerBinder.class]
SLF4J: See http://www.slf4j.org/codes.html#multiple_bindings for an explanation.
SLF4J: Actual binding is of type [org.slf4j.impl.Log4jLoggerFactory]
java.lang.AssertionError: expected:<PARTITION_HASH> but was:<FORWARD>
    at org.junit.Assert.fail(Assert.java:88)
    at org.junit.Assert.failNotEquals(Assert.java:743)
    at org.junit.Assert.assertEquals(Assert.java:118)
    at org.junit.Assert.assertEquals(Assert.java:144)
    at org.apache.flink.compiler.PartitionPushdownTest.testPartitioningNotPushedDown(PartitionPushdownTest.java:59)
    at sun.reflect.NativeMethodAccessorImpl.invoke0(Native Method)
20:00:44.392 [pool-132-thread-1] INFO  xxl.java.junit.TestCasesListener - Tests run finished (215 ms)
<> Total tests run: 2
<> Ignored tests: 0
<> Failed tests: 1
~ testPartitioningNotPushedDown(org.apache.flink.compiler.PartitionPushdownTest)
[expected:<PARTITION_HASH> but was:<FORWARD>]
java.lang.AssertionError: expected:<PARTITION_HASH> but was:<FORWARD>    at org.junit.Assert.fail(Assert.java:88)
    at org.junit.Assert.failNotEquals(Assert.java:743)
    at org.junit.Assert.assertEquals(Assert.java:118)
    at org.junit.Assert.assertEquals(Assert.java:144)
    at org.apache.flink.compiler.PartitionPushdownTest.testPartitioningNotPushedDown(PartitionPushdownTest.java:59)
    at sun.reflect.NativeMethodAccessorImpl.invoke0(Native Method)

SLF4J: Class path contains multiple SLF4J bindings.
SLF4J: Found binding in [jar:file:/home/tdurieux/.m2/repository/org/slf4j/slf4j-log4j12/1.7.7/slf4j-log4j12-1.7.7.jar!/org/slf4j/impl/StaticLoggerBinder.class]
SLF4J: Found binding in [jar:file:/home/tdurieux/defects4j4repair/script/../repair_tools/nopol.jar!/org/slf4j/impl/StaticLoggerBinder.class]
SLF4J: See http://www.slf4j.org/codes.html#multiple_bindings for an explanation.
SLF4J: Actual binding is of type [org.slf4j.impl.Log4jLoggerFactory]
20:00:45.220 [pool-2-thread-1] DEBUG fr.inria.lille.repair.nopol.NoPol - statement #133
20:00:45.220 [pool-2-thread-1] DEBUG fr.inria.lille.repair.nopol.NoPol - Analysing SourceLocation org.apache.flink.compiler.postpass.JavaApiPostPass:239 which is executed by 13 tests
409383274
20:00:45.699 [pool-2-thread-1] DEBUG fr.inria.lille.repair.nopol.NoPol - statement #134
20:00:45.699 [pool-2-thread-1] DEBUG fr.inria.lille.repair.nopol.NoPol - Analysing SourceLocation org.apache.flink.api.java.DataSet:517 which is executed by 13 tests
20:00:45.700 [pool-2-thread-1] DEBUG fr.inria.lille.repair.nopol.NoPol - cannot spoon SourceLocation org.apache.flink.api.java.DataSet:517
20:00:45.700 [pool-2-thread-1] DEBUG fr.inria.lille.repair.nopol.NoPol - statement #135
20:00:45.700 [pool-2-thread-1] DEBUG fr.inria.lille.repair.nopol.NoPol - Analysing SourceLocation org.apache.flink.compiler.dag.OptimizerNode:891 which is executed by 13 tests
1189329080
20:00:46.151 [pool-2-thread-1] DEBUG fr.inria.lille.repair.nopol.NoPol - looking with class fr.inria.lille.repair.nopol.spoon.smt.ConditionalAdder
SLF4J: Class path contains multiple SLF4J bindings.
SLF4J: Found binding in [jar:file:/home/tdurieux/.m2/repository/org/slf4j/slf4j-log4j12/1.7.7/slf4j-log4j12-1.7.7.jar!/org/slf4j/impl/StaticLoggerBinder.class]
SLF4J: Found binding in [jar:file:/home/tdurieux/defects4j4repair/script/../repair_tools/nopol.jar!/org/slf4j/impl/StaticLoggerBinder.class]
SLF4J: See http://www.slf4j.org/codes.html#multiple_bindings for an explanation.
SLF4J: Actual binding is of type [org.slf4j.impl.Log4jLoggerFactory]
java.lang.AssertionError: expected:<PARTITION_HASH> but was:<FORWARD>
    at org.junit.Assert.fail(Assert.java:88)
    at org.junit.Assert.failNotEquals(Assert.java:743)
    at org.junit.Assert.assertEquals(Assert.java:118)
    at org.junit.Assert.assertEquals(Assert.java:144)
    at org.apache.flink.compiler.PartitionPushdownTest.testPartitioningNotPushedDown(PartitionPushdownTest.java:59)
    at sun.reflect.NativeMethodAccessorImpl.invoke0(Native Method)
20:00:46.386 [pool-136-thread-1] INFO  xxl.java.junit.TestCasesListener - Tests run finished (225 ms)
<> Total tests run: 2
<> Ignored tests: 0
<> Failed tests: 1
~ testPartitioningNotPushedDown(org.apache.flink.compiler.PartitionPushdownTest)
[expected:<PARTITION_HASH> but was:<FORWARD>]
java.lang.AssertionError: expected:<PARTITION_HASH> but was:<FORWARD>    at org.junit.Assert.fail(Assert.java:88)
    at org.junit.Assert.failNotEquals(Assert.java:743)
    at org.junit.Assert.assertEquals(Assert.java:118)
    at org.junit.Assert.assertEquals(Assert.java:144)
    at org.apache.flink.compiler.PartitionPushdownTest.testPartitioningNotPushedDown(PartitionPushdownTest.java:59)
    at sun.reflect.NativeMethodAccessorImpl.invoke0(Native Method)

SLF4J: Class path contains multiple SLF4J bindings.
SLF4J: Found binding in [jar:file:/home/tdurieux/.m2/repository/org/slf4j/slf4j-log4j12/1.7.7/slf4j-log4j12-1.7.7.jar!/org/slf4j/impl/StaticLoggerBinder.class]
SLF4J: Found binding in [jar:file:/home/tdurieux/defects4j4repair/script/../repair_tools/nopol.jar!/org/slf4j/impl/StaticLoggerBinder.class]
SLF4J: See http://www.slf4j.org/codes.html#multiple_bindings for an explanation.
SLF4J: Actual binding is of type [org.slf4j.impl.Log4jLoggerFactory]
20:00:47.935 [pool-135-thread-1] DEBUG f.i.l.r.n.s.d.DynamothSynthesizer - Ignore the test org.apache.flink.compiler.BranchingPlansCompilerTest#testBranchingWithMultipleDataSinks
20:00:47.938 [pool-135-thread-1] DEBUG f.i.l.r.n.s.d.DynamothSynthesizer - Ignore the test org.apache.flink.compiler.DOPChangeTest#checkPropertyHandlingWithIncreasingGlobalParallelism1
20:00:47.940 [pool-135-thread-1] DEBUG f.i.l.r.n.s.d.DynamothSynthesizer - Ignore the test org.apache.flink.compiler.DOPChangeTest#checkPropertyHandlingWithIncreasingLocalParallelism
20:00:47.942 [pool-135-thread-1] DEBUG f.i.l.r.n.s.d.DynamothSynthesizer - Ignore the test org.apache.flink.compiler.DOPChangeTest#checkPropertyHandlingWithIncreasingGlobalParallelism2
20:00:47.950 [pool-135-thread-1] DEBUG f.i.l.r.n.s.d.DynamothSynthesizer - Ignore the test org.apache.flink.compiler.BranchingPlansCompilerTest#testBranchingUnion
20:00:47.962 [pool-135-thread-1] DEBUG f.i.l.r.n.s.d.DynamothSynthesizer - Ignore the test org.apache.flink.compiler.BranchingPlansCompilerTest#testBranchEachContractType
20:00:47.976 [pool-135-thread-1] DEBUG f.i.l.r.n.s.d.DynamothSynthesizer - Ignore the test org.apache.flink.compiler.BranchingPlansCompilerTest#testIterationWithStaticInput
20:00:47.979 [pool-135-thread-1] DEBUG f.i.l.r.n.s.d.DynamothSynthesizer - Ignore the test org.apache.flink.compiler.DOPChangeTest#checkPropertyHandlingWithDecreasingDegreeOfParallelism
20:00:47.983 [pool-135-thread-1] DEBUG f.i.l.r.n.s.d.DynamothSynthesizer - Ignore the test org.apache.flink.compiler.HardPlansCompilationTest#testTicket158
20:00:48.002 [pool-135-thread-1] DEBUG f.i.l.r.n.s.d.DynamothSynthesizer - Ignore the test org.apache.flink.compiler.BranchingPlansCompilerTest#testBranchingSourceMultipleTimes
20:00:48.019 [pool-135-thread-1] DEBUG f.i.l.r.n.s.d.DynamothSynthesizer - Ignore the test org.apache.flink.compiler.BranchingPlansCompilerTest#testDeltaIterationWithStaticInput
20:00:48.038 [pool-135-thread-1] DEBUG f.i.l.r.n.s.d.DynamothSynthesizer - Ignore the test org.apache.flink.compiler.IterationsCompilerTest#testIterationPushingWorkOut
20:00:48.092 [pool-135-thread-1] INFO  f.i.l.repair.nopol.patch.TestPatch - Applying patch: org.apache.flink.compiler.dag.OptimizerNode:891: PRECONDITION false
20:00:48.895 [pool-135-thread-1] INFO  f.i.l.repair.nopol.patch.TestPatch - Running test suite to check the patch "false" is working
SLF4J: Class path contains multiple SLF4J bindings.
SLF4J: Found binding in [jar:file:/home/tdurieux/.m2/repository/org/slf4j/slf4j-log4j12/1.7.7/slf4j-log4j12-1.7.7.jar!/org/slf4j/impl/StaticLoggerBinder.class]
SLF4J: Found binding in [jar:file:/home/tdurieux/defects4j4repair/script/../repair_tools/nopol.jar!/org/slf4j/impl/StaticLoggerBinder.class]
SLF4J: See http://www.slf4j.org/codes.html#multiple_bindings for an explanation.
SLF4J: Actual binding is of type [org.slf4j.impl.Log4jLoggerFactory]
20:00:49.480 [pool-2-thread-1] INFO  fr.inria.lille.repair.nopol.NoPol - ----INFORMATION----
20:00:49.586 [pool-2-thread-1] INFO  fr.inria.lille.repair.nopol.NoPol - Nb classes : 118
20:00:49.586 [pool-2-thread-1] INFO  fr.inria.lille.repair.nopol.NoPol - Nb methods : 915
20:00:49.586 [pool-2-thread-1] INFO  fr.inria.lille.repair.nopol.NoPol - Nb Statements Analyzed : 35
20:00:49.586 [pool-2-thread-1] INFO  fr.inria.lille.repair.nopol.NoPol - Nb Statements with Angelic Value Found : 1
20:00:49.586 [pool-2-thread-1] INFO  fr.inria.lille.repair.nopol.NoPol - NoPol Execution time : 72780ms
20:00:49.586 [pool-2-thread-1] INFO  fr.inria.lille.repair.nopol.NoPol - 
20:00:49.586 [pool-2-thread-1] INFO  fr.inria.lille.repair.nopol.NoPol - ----PATCH FOUND----
20:00:49.586 [pool-2-thread-1] INFO  fr.inria.lille.repair.nopol.NoPol - false
20:00:49.625 [pool-2-thread-1] INFO  fr.inria.lille.repair.nopol.NoPol - Nb test that executes the patch: 13
20:00:49.626 [pool-2-thread-1] INFO  fr.inria.lille.repair.nopol.NoPol - org.apache.flink.compiler.dag.OptimizerNode:891: PRECONDITION
20:00:49.674 [pool-2-thread-1] INFO  fr.inria.lille.repair.nopol.NoPol - --- a/flink-compiler/src/main/java/org/apache/flink/compiler/dag/OptimizerNode.java
+++ b/flink-compiler/src/main/java/org/apache/flink/compiler/dag/OptimizerNode.java
@@ -890,3 +890,5 @@
 						n.setPruningMarker();
-						plans.add(n);
+						if (false) {
+							plans.add(n);
+						}
 					}

PATCH
142.98user 16.38system 1:15.76elapsed 210%CPU (0avgtext+0avgdata 2027176maxresident)k
47672inputs+5888outputs (19major+614988minor)pagefaults 0swaps


Node: granduc-2.luxembourg.grid5000.fr



Date: Sun Dec 30 20:00:50 EST 2018

