cd /tmp/jKali_Defects4J_Math_106;
export JAVA_TOOL_OPTIONS="-Dfile.encoding=UTF8 -Duser.language=en-US -Duser.country=US -Duser.language=en";
TZ="America/New_York"; export TZ;
export PATH="/usr/lib/jvm/java-1.8.0-openjdk-amd64/bin/:$PATH";
export JAVA_HOME="/usr/lib/jvm/java-1.8.0-openjdk-amd64/bin/";
time java -Xmx4048m -cp /home/tdurieux/RepairThemAll/script/../libs/jtestex7.jar:/home/tdurieux/RepairThemAll/script/../repair_tools/astor.jar fr.inria.main.evolution.AstorMain \
	-mode jkali \
	-location . \
	-id Math-106 \
	-failing org.apache.commons.math.fraction.FractionFormatTest \
	-jvm4testexecution /home/tdurieux/openjdk-1.7.0/bin/ \
	-jvm4evosuitetestexecution /home/tdurieux/openjdk-1.7.0/bin/ \
	-maxgen 1000000 \
	-maxtime 120 \
	-stopfirst true \
	-seed 0 \
	-scope local \
	-population 1 \
	-javacompliancelevel 3 \
	-srcjavafolder src/java/ \
	-srctestfolder src/test/ \
	-binjavafolder target/classes/ \
	-bintestfolder target/test-classes/ \
	-parameters x:x \
	-dependencies /tmp/jKali_Defects4J_Math_106/target/classes/:/tmp/jKali_Defects4J_Math_106/target/test-classes/:/home/tdurieux/RepairThemAll/script/../benchmarks/defects4j/framework/projects/lib/junit-4.11.jar;
	echo "\n\nNode: `hostname`\n";
	echo "\n\nDate: `date`\n";
Picked up JAVA_TOOL_OPTIONS: -Dfile.encoding=UTF8 -Duser.language=en-US -Duser.country=US -Duser.language=en
2018-12-06 17:35:36,206 INFO main - command line arguments: [-mode  jkali  -location  .  -id  Math-106  -failing  org.apache.commons.math.fraction.FractionFormatTest  -jvm4testexecution  /home/tdurieux/openjdk-1.7.0/bin/  -jvm4evosuitetestexecution  /home/tdurieux/openjdk-1.7.0/bin/  -maxgen  1000000  -maxtime  120  -stopfirst  true  -seed  0  -scope  local  -population  1  -javacompliancelevel  3  -srcjavafolder  src/java/  -srctestfolder  src/test/  -binjavafolder  target/classes/  -bintestfolder  target/test-classes/  -parameters  x:x  -dependencies  /tmp/jKali_Defects4J_Math_106/target/classes/:/tmp/jKali_Defects4J_Math_106/target/test-classes/:/home/tdurieux/RepairThemAll/script/../benchmarks/defects4j/framework/projects/lib/junit-4.11.jar]
2018-12-06 17:35:36,208 INFO fr.inria.main.evolution.AstorMain - Running Astor on a JDK at /usr/lib/jvm/java-8-openjdk-amd64/jre
[INFO ] fr.inria.main.AbstractMain.determineSourceFolders(AbstractMain.java:842) - Source folders: [/tmp/jKali_Defects4J_Math_106/./src/java]
[INFO ] fr.inria.main.AbstractMain.determineSourceFolders(AbstractMain.java:861) - Source Test folders: [/tmp/jKali_Defects4J_Math_106/./src/test]
[INFO ] fr.inria.astor.core.faultlocalization.gzoltar.GZoltarFaultLocalization.calculateSuspicious(GZoltarFaultLocalization.java:75) - -Executing Gzoltar classpath: /tmp/jKali_Defects4J_Math_106/./output_astor/AstorMain-Math-106//bin//default from 194 classes with test cases
[INFO ] fr.inria.astor.core.faultlocalization.gzoltar.GZoltarFaultLocalization.searchSuspicious(GZoltarFaultLocalization.java:149) - Gzoltar fault localization: min susp value parameter: 0.1
[INFO ] fr.inria.astor.core.faultlocalization.gzoltar.GZoltarFaultLocalization.searchSuspicious(GZoltarFaultLocalization.java:169) - -gz-Adding classpath: [/tmp/jKali_Defects4J_Math_106/target/classes/, /tmp/jKali_Defects4J_Math_106/target/test-classes/, /tmp/jKali_Defects4J_Math_106/./output_astor/AstorMain-Math-106//bin//default, /home/tdurieux/RepairThemAll/script/../benchmarks/defects4j/framework/projects/lib/junit-4.11.jar]
[INFO ] fr.inria.astor.core.faultlocalization.gzoltar.GZoltarFaultLocalization.searchSuspicious(GZoltarFaultLocalization.java:206) - Test failt: org.apache.commons.math.fraction.FractionFormatTest#testParseProperInvalidMinus
[INFO ] fr.inria.astor.core.faultlocalization.gzoltar.GZoltarFaultLocalization.searchSuspicious(GZoltarFaultLocalization.java:218) - Gzoltar Test Result Total:875, fails: 1, GZoltar suspicious 4281, with positive susp 83
[INFO ] fr.inria.astor.core.faultlocalization.gzoltar.GZoltarFaultLocalization.searchSuspicious(GZoltarFaultLocalization.java:226) - nr test results 875
[INFO ] fr.inria.astor.core.faultlocalization.gzoltar.GZoltarFaultLocalization.searchSuspicious(GZoltarFaultLocalization.java:271) - Gzoltar found: 83 with susp > 0.1, we consider: 83
[INFO ] fr.inria.astor.core.solutionsearch.AstorCoreEngine.initPopulation(AstorCoreEngine.java:689) - 
---- Creating spoon model
[INFO ] fr.inria.astor.core.solutionsearch.AstorCoreEngine.initModel(AstorCoreEngine.java:781) - Creating model,  Code location from working folder: /tmp/jKali_Defects4J_Math_106/./output_astor/AstorMain-Math-106//src//default
[INFO ] fr.inria.astor.core.manipulation.MutationSupporter.buildModel(MutationSupporter.java:65) - building model: /tmp/jKali_Defects4J_Math_106/./output_astor/AstorMain-Math-106//src//default, compliance level: 3
[INFO ] fr.inria.astor.core.manipulation.MutationSupporter.buildModel(MutationSupporter.java:78) - Classpath for building SpoonModel [/tmp/jKali_Defects4J_Math_106/target/classes/, /tmp/jKali_Defects4J_Math_106/target/test-classes/, /home/tdurieux/RepairThemAll/script/../benchmarks/defects4j/framework/projects/lib/junit-4.11.jar]
[ERROR] fr.inria.astor.core.solutionsearch.AstorCoreEngine.initModel(AstorCoreEngine.java:788) - Problem compiling the model with compliance level 3
[ERROR] fr.inria.astor.core.solutionsearch.AstorCoreEngine.initModel(AstorCoreEngine.java:790) - The import org.apache.commons.discovery cannot be resolved at /tmp/jKali_Defects4J_Math_106/output_astor/AstorMain-Math-106/src/default/org/apache/commons/math/stat/descriptive/SummaryStatistics.java:20
Exception in thread "main" spoon.compiler.ModelBuildingException: The import org.apache.commons.discovery cannot be resolved at /tmp/jKali_Defects4J_Math_106/output_astor/AstorMain-Math-106/src/default/org/apache/commons/math/stat/descriptive/SummaryStatistics.java:20
	at spoon.support.compiler.jdt.JDTBasedSpoonCompiler.report(JDTBasedSpoonCompiler.java:641)
	at spoon.support.compiler.jdt.JDTBasedSpoonCompiler.reportProblems(JDTBasedSpoonCompiler.java:622)
	at spoon.support.compiler.jdt.JDTBasedSpoonCompiler.build(JDTBasedSpoonCompiler.java:131)
	at spoon.support.compiler.jdt.JDTBasedSpoonCompiler.build(JDTBasedSpoonCompiler.java:113)
	at fr.inria.astor.core.manipulation.MutationSupporter.buildModel(MutationSupporter.java:81)
	at fr.inria.astor.core.solutionsearch.AstorCoreEngine.initModel(AstorCoreEngine.java:785)
	at fr.inria.astor.core.solutionsearch.AstorCoreEngine.initPopulation(AstorCoreEngine.java:691)
	at fr.inria.main.evolution.AstorMain.createEngine(AstorMain.java:127)
	at fr.inria.main.evolution.AstorMain.run(AstorMain.java:179)
	at fr.inria.main.evolution.AstorMain.execute(AstorMain.java:236)
	at fr.inria.main.evolution.AstorMain.main(AstorMain.java:210)
Command exited with non-zero status 1
28.80user 1.18system 0:09.85elapsed 304%CPU (0avgtext+0avgdata 507460maxresident)k
73696inputs+12000outputs (30major+244401minor)pagefaults 0swaps


Node: uvb-37.sophia.grid5000.fr



Date: Thu Dec  6 17:35:45 EST 2018

