cd /tmp/Nopol_Bug_dot_jar_Commons-Math_cc4ab51e;
export JAVA_TOOL_OPTIONS="-Dfile.encoding=UTF8 -Duser.language=en-US -Duser.country=US -Duser.language=en";
TZ="America/New_York"; export TZ;
export PATH="/usr/lib/jvm/java-1.8.0-openjdk-amd64/bin/:$PATH";
export JAVA_HOME="/usr/lib/jvm/java-1.8.0-openjdk-amd64/bin/";
time java -Xmx4g -Xms1g -cp /home/tdurieux/defects4j4repair/script/../repair_tools/nopol.jar:/usr/lib/jvm/java-1.8.0-openjdk-amd64/bin//../lib/tools.jar fr.inria.lille.repair.Main \
	--mode repair \
	--type pre_then_cond \
	--oracle angelic \
	--synthesis smt \
	--flocal gzoltar \
	--json \
	--solver z3 \
	--solver-path /home/tdurieux/defects4j4repair/script/../libs/z3/build/z3 \
	--complianceLevel 7 \
	--source src/main/java \
	--classpath "target/classes:target/test-classes:/home/tdurieux/.m2/repository/junit/junit/4.11/junit-4.11.jar:/home/tdurieux/.m2/repository/org/hamcrest/hamcrest-core/1.3/hamcrest-core-1.3.jar:/home/tdurieux/defects4j4repair/script/../repair_tools/nopol.jar";
	echo "\n\nNode: `hostname`\n";
	echo "\n\nDate: `date`\n";
Picked up JAVA_TOOL_OPTIONS: -Dfile.encoding=UTF8 -Duser.language=en-US -Duser.country=US -Duser.language=en
09:38:35.553 [main] INFO  fr.inria.lille.repair.nopol.NoPol - Source files: [src/main/java]
09:38:35.568 [main] INFO  fr.inria.lille.repair.nopol.NoPol - Classpath: [file:/tmp/Nopol_Bug_dot_jar_Commons-Math_cc4ab51e/target/classes/, file:/tmp/Nopol_Bug_dot_jar_Commons-Math_cc4ab51e/target/test-classes/, file:/home/tdurieux/.m2/repository/junit/junit/4.11/junit-4.11.jar, file:/home/tdurieux/.m2/repository/org/hamcrest/hamcrest-core/1.3/hamcrest-core-1.3.jar, file:/home/tdurieux/defects4j4repair/script/../repair_tools/nopol.jar]
09:38:35.569 [main] INFO  fr.inria.lille.repair.nopol.NoPol - Statement type: PRE_THEN_COND
09:38:35.569 [main] INFO  fr.inria.lille.repair.nopol.NoPol - Args: [org.apache.commons.math3.RetryRunnerTest, org.apache.commons.math3.analysis.FunctionUtilsTest, org.apache.commons.math3.analysis.differentiation.DSCompilerTest, org.apache.commons.math3.analysis.differentiation.DerivativeStructureTest, org.apache.commons.math3.analysis.differentiation.FiniteDifferencesDifferentiatorTest, org.apache.commons.math3.analysis.differentiation.GradientFunctionTest, org.apache.commons.math3.analysis.differentiation.JacobianFunctionTest, org.apache.commons.math3.analysis.differentiation.SparseGradientTest, org.apache.commons.math3.analysis.function.GaussianTest, org.apache.commons.math3.analysis.function.HarmonicOscillatorTest, org.apache.commons.math3.analysis.function.LogisticTest, org.apache.commons.math3.analysis.function.LogitTest, org.apache.commons.math3.analysis.function.SigmoidTest, org.apache.commons.math3.analysis.function.SincTest, org.apache.commons.math3.analysis.function.SqrtTest, org.apache.commons.math3.analysis.function.StepFunctionTest, org.apache.commons.math3.analysis.integration.IterativeLegendreGaussIntegratorTest, org.apache.commons.math3.analysis.integration.LegendreGaussIntegratorTest, org.apache.commons.math3.analysis.integration.MidPointIntegratorTest, org.apache.commons.math3.analysis.integration.RombergIntegratorTest, org.apache.commons.math3.analysis.integration.SimpsonIntegratorTest, org.apache.commons.math3.analysis.integration.TrapezoidIntegratorTest, org.apache.commons.math3.analysis.integration.gauss.BaseRuleFactoryTest, org.apache.commons.math3.analysis.integration.gauss.GaussIntegratorTest, org.apache.commons.math3.analysis.integration.gauss.HermiteParametricTest, org.apache.commons.math3.analysis.integration.gauss.HermiteTest, org.apache.commons.math3.analysis.integration.gauss.LegendreHighPrecisionParametricTest, org.apache.commons.math3.analysis.integration.gauss.LegendreHighPrecisionTest, org.apache.commons.math3.analysis.integration.gauss.LegendreParametricTest, org.apache.commons.math3.analysis.integration.gauss.LegendreTest, org.apache.commons.math3.analysis.interpolation.BicubicSplineInterpolatingFunctionTest, org.apache.commons.math3.analysis.interpolation.BicubicSplineInterpolatorTest, org.apache.commons.math3.analysis.interpolation.DividedDifferenceInterpolatorTest, org.apache.commons.math3.analysis.interpolation.FieldHermiteInterpolatorTest, org.apache.commons.math3.analysis.interpolation.HermiteInterpolatorTest, org.apache.commons.math3.analysis.interpolation.LinearInterpolatorTest, org.apache.commons.math3.analysis.interpolation.LoessInterpolatorTest, org.apache.commons.math3.analysis.interpolation.MicrosphereInterpolatorTest, org.apache.commons.math3.analysis.interpolation.NevilleInterpolatorTest, org.apache.commons.math3.analysis.interpolation.SmoothingPolynomialBicubicSplineInterpolatorTest, org.apache.commons.math3.analysis.interpolation.SplineInterpolatorTest, org.apache.commons.math3.analysis.interpolation.TricubicSplineInterpolatingFunctionTest, org.apache.commons.math3.analysis.interpolation.TricubicSplineInterpolatorTest, org.apache.commons.math3.analysis.interpolation.UnivariatePeriodicInterpolatorTest, org.apache.commons.math3.analysis.polynomials.PolynomialFunctionLagrangeFormTest, org.apache.commons.math3.analysis.polynomials.PolynomialFunctionNewtonFormTest, org.apache.commons.math3.analysis.polynomials.PolynomialFunctionTest, org.apache.commons.math3.analysis.polynomials.PolynomialSplineFunctionTest, org.apache.commons.math3.analysis.polynomials.PolynomialsUtilsTest, org.apache.commons.math3.analysis.solvers.BisectionSolverTest, org.apache.commons.math3.analysis.solvers.BracketingNthOrderBrentSolverTest, org.apache.commons.math3.analysis.solvers.BrentSolverTest, org.apache.commons.math3.analysis.solvers.IllinoisSolverTest, org.apache.commons.math3.analysis.solvers.LaguerreSolverTest, org.apache.commons.math3.analysis.solvers.MullerSolver2Test, org.apache.commons.math3.analysis.solvers.MullerSolverTest, org.apache.commons.math3.analysis.solvers.NewtonRaphsonSolverTest, org.apache.commons.math3.analysis.solvers.NewtonSolverTest, org.apache.commons.math3.analysis.solvers.PegasusSolverTest, org.apache.commons.math3.analysis.solvers.RegulaFalsiSolverTest, org.apache.commons.math3.analysis.solvers.RiddersSolverTest, org.apache.commons.math3.analysis.solvers.SecantSolverTest, org.apache.commons.math3.analysis.solvers.UnivariateSolverUtilsTest, org.apache.commons.math3.complex.ComplexFieldTest, org.apache.commons.math3.complex.ComplexFormatTest, org.apache.commons.math3.complex.ComplexTest, org.apache.commons.math3.complex.ComplexUtilsTest, org.apache.commons.math3.complex.FrenchComplexFormatTest, org.apache.commons.math3.complex.QuaternionTest, org.apache.commons.math3.complex.RootsOfUnityTest, org.apache.commons.math3.dfp.BracketingNthOrderBrentSolverDFPTest, org.apache.commons.math3.dfp.DfpDecTest, org.apache.commons.math3.dfp.DfpMathTest, org.apache.commons.math3.dfp.DfpTest, org.apache.commons.math3.distribution.AbstractIntegerDistributionTest, org.apache.commons.math3.distribution.AbstractRealDistributionTest, org.apache.commons.math3.distribution.BetaDistributionTest, org.apache.commons.math3.distribution.BinomialDistributionTest, org.apache.commons.math3.distribution.CauchyDistributionTest, org.apache.commons.math3.distribution.ChiSquaredDistributionTest, org.apache.commons.math3.distribution.ConstantRealDistributionTest, org.apache.commons.math3.distribution.EnumeratedIntegerDistributionTest, org.apache.commons.math3.distribution.EnumeratedRealDistributionTest, org.apache.commons.math3.distribution.ExponentialDistributionTest, org.apache.commons.math3.distribution.FDistributionTest, org.apache.commons.math3.distribution.GammaDistributionTest, org.apache.commons.math3.distribution.GeometricDistributionTest, org.apache.commons.math3.distribution.HypergeometricDistributionTest, org.apache.commons.math3.distribution.KolmogorovSmirnovDistributionTest, org.apache.commons.math3.distribution.LevyDistributionTest, org.apache.commons.math3.distribution.LogNormalDistributionTest, org.apache.commons.math3.distribution.MultivariateNormalDistributionTest, org.apache.commons.math3.distribution.MultivariateNormalMixtureModelDistributionTest, org.apache.commons.math3.distribution.NormalDistributionTest, org.apache.commons.math3.distribution.ParetoDistributionTest, org.apache.commons.math3.distribution.PascalDistributionTest, org.apache.commons.math3.distribution.PoissonDistributionTest, org.apache.commons.math3.distribution.TDistributionTest, org.apache.commons.math3.distribution.TriangularDistributionTest, org.apache.commons.math3.distribution.UniformIntegerDistributionTest, org.apache.commons.math3.distribution.UniformRealDistributionTest, org.apache.commons.math3.distribution.WeibullDistributionTest, org.apache.commons.math3.distribution.ZipfDistributionTest, org.apache.commons.math3.distribution.fitting.MultivariateNormalMixtureExpectationMaximizationTest, org.apache.commons.math3.exception.DimensionMismatchExceptionTest, org.apache.commons.math3.exception.MaxCountExceededExceptionTest, org.apache.commons.math3.exception.NonMonotonicSequenceExceptionTest, org.apache.commons.math3.exception.NotPositiveExceptionTest, org.apache.commons.math3.exception.NotStrictlyPositiveExceptionTest, org.apache.commons.math3.exception.NumberIsTooLargeExceptionTest, org.apache.commons.math3.exception.NumberIsTooSmallExceptionTest, org.apache.commons.math3.exception.OutOfRangeExceptionTest, org.apache.commons.math3.exception.TooManyEvaluationsExceptionTest, org.apache.commons.math3.exception.util.ArgUtilsTest, org.apache.commons.math3.exception.util.ExceptionContextTest, org.apache.commons.math3.exception.util.LocalizedFormatsTest, org.apache.commons.math3.filter.KalmanFilterTest, org.apache.commons.math3.fitting.CurveFitterTest, org.apache.commons.math3.fitting.GaussianCurveFitterTest, org.apache.commons.math3.fitting.GaussianFitterTest, org.apache.commons.math3.fitting.HarmonicCurveFitterTest, org.apache.commons.math3.fitting.HarmonicFitterTest, org.apache.commons.math3.fitting.PolynomialCurveFitterTest, org.apache.commons.math3.fitting.PolynomialFitterTest, org.apache.commons.math3.fitting.WeightedObservedPointsTest, org.apache.commons.math3.fitting.leastsquares.EvaluationRmsCheckerTest, org.apache.commons.math3.fitting.leastsquares.EvaluationTest, org.apache.commons.math3.fitting.leastsquares.EvaluationTestValidation, org.apache.commons.math3.fitting.leastsquares.GaussNewtonOptimizerWithCholeskyTest, org.apache.commons.math3.fitting.leastsquares.GaussNewtonOptimizerWithLUTest, org.apache.commons.math3.fitting.leastsquares.GaussNewtonOptimizerWithQRTest, org.apache.commons.math3.fitting.leastsquares.GaussNewtonOptimizerWithSVDTest, org.apache.commons.math3.fitting.leastsquares.LevenbergMarquardtOptimizerTest, org.apache.commons.math3.fitting.leastsquares.MinpackTest, org.apache.commons.math3.fraction.BigFractionFieldTest, org.apache.commons.math3.fraction.BigFractionFormatTest, org.apache.commons.math3.fraction.BigFractionTest, org.apache.commons.math3.fraction.FractionFieldTest, org.apache.commons.math3.fraction.FractionFormatTest, org.apache.commons.math3.fraction.FractionTest, org.apache.commons.math3.genetics.BinaryChromosomeTest, org.apache.commons.math3.genetics.BinaryMutationTest, org.apache.commons.math3.genetics.ChromosomeTest, org.apache.commons.math3.genetics.CycleCrossoverTest, org.apache.commons.math3.genetics.ElitisticListPopulationTest, org.apache.commons.math3.genetics.FitnessCachingTest, org.apache.commons.math3.genetics.FixedElapsedTimeTest, org.apache.commons.math3.genetics.FixedGenerationCountTest, org.apache.commons.math3.genetics.GeneticAlgorithmTestBinary, org.apache.commons.math3.genetics.GeneticAlgorithmTestPermutations, org.apache.commons.math3.genetics.ListPopulationTest, org.apache.commons.math3.genetics.NPointCrossoverTest, org.apache.commons.math3.genetics.OnePointCrossoverTest, org.apache.commons.math3.genetics.OrderedCrossoverTest, org.apache.commons.math3.genetics.RandomKeyMutationTest, org.apache.commons.math3.genetics.RandomKeyTest, org.apache.commons.math3.genetics.TournamentSelectionTest, org.apache.commons.math3.genetics.UniformCrossoverTest, org.apache.commons.math3.geometry.enclosing.WelzlEncloser2DTest, org.apache.commons.math3.geometry.enclosing.WelzlEncloser3DTest, org.apache.commons.math3.geometry.euclidean.oned.Euclidean1DTest, org.apache.commons.math3.geometry.euclidean.oned.FrenchVector1DFormatTest, org.apache.commons.math3.geometry.euclidean.oned.IntervalTest, org.apache.commons.math3.geometry.euclidean.oned.IntervalsSetTest, org.apache.commons.math3.geometry.euclidean.oned.Vector1DFormatTest, org.apache.commons.math3.geometry.euclidean.oned.Vector1DTest, org.apache.commons.math3.geometry.euclidean.threed.Euclidean3DTest, org.apache.commons.math3.geometry.euclidean.threed.FieldRotationDSTest, org.apache.commons.math3.geometry.euclidean.threed.FieldRotationDfpTest, org.apache.commons.math3.geometry.euclidean.threed.FieldVector3DTest, org.apache.commons.math3.geometry.euclidean.threed.FrenchVector3DFormatTest, org.apache.commons.math3.geometry.euclidean.threed.LineTest, org.apache.commons.math3.geometry.euclidean.threed.PlaneTest, org.apache.commons.math3.geometry.euclidean.threed.PolyhedronsSetTest, org.apache.commons.math3.geometry.euclidean.threed.RotationOrderTest, org.apache.commons.math3.geometry.euclidean.threed.RotationTest, org.apache.commons.math3.geometry.euclidean.threed.SphereGeneratorTest, org.apache.commons.math3.geometry.euclidean.threed.SphericalCoordinatesTest, org.apache.commons.math3.geometry.euclidean.threed.SubLineTest, org.apache.commons.math3.geometry.euclidean.threed.Vector3DFormatTest, org.apache.commons.math3.geometry.euclidean.threed.Vector3DTest, org.apache.commons.math3.geometry.euclidean.twod.DiskGeneratorTest, org.apache.commons.math3.geometry.euclidean.twod.Euclidean2DTest, org.apache.commons.math3.geometry.euclidean.twod.FrenchVector2DFormatTest, org.apache.commons.math3.geometry.euclidean.twod.LineTest, org.apache.commons.math3.geometry.euclidean.twod.PolygonsSetTest, org.apache.commons.math3.geometry.euclidean.twod.SegmentTest, org.apache.commons.math3.geometry.euclidean.twod.SubLineTest, org.apache.commons.math3.geometry.euclidean.twod.Vector2DFormatTest, org.apache.commons.math3.geometry.euclidean.twod.Vector2DTest, org.apache.commons.math3.geometry.euclidean.twod.hull.AklToussaintHeuristicTest, org.apache.commons.math3.geometry.euclidean.twod.hull.MonotoneChainTest, org.apache.commons.math3.geometry.partitioning.utilities.AVLTreeTest, org.apache.commons.math3.geometry.spherical.oned.ArcTest, org.apache.commons.math3.geometry.spherical.oned.ArcsSetTest, org.apache.commons.math3.geometry.spherical.oned.LimitAngleTest, org.apache.commons.math3.geometry.spherical.oned.S1PointTest, org.apache.commons.math3.geometry.spherical.oned.Sphere1Test, org.apache.commons.math3.geometry.spherical.twod.CircleTest, org.apache.commons.math3.geometry.spherical.twod.S2PointTest, org.apache.commons.math3.geometry.spherical.twod.SphericalPolygonsSetTest, org.apache.commons.math3.geometry.spherical.twod.SubCircleTest, org.apache.commons.math3.linear.Array2DRowRealMatrixTest, org.apache.commons.math3.linear.ArrayFieldVectorTest, org.apache.commons.math3.linear.ArrayRealVectorTest, org.apache.commons.math3.linear.BiDiagonalTransformerTest, org.apache.commons.math3.linear.BlockFieldMatrixTest, org.apache.commons.math3.linear.BlockRealMatrixTest, org.apache.commons.math3.linear.CholeskyDecompositionTest, org.apache.commons.math3.linear.CholeskySolverTest, org.apache.commons.math3.linear.ConjugateGradientTest, org.apache.commons.math3.linear.DiagonalMatrixTest, org.apache.commons.math3.linear.EigenDecompositionTest, org.apache.commons.math3.linear.EigenSolverTest, org.apache.commons.math3.linear.FieldLUDecompositionTest, org.apache.commons.math3.linear.FieldLUSolverTest, org.apache.commons.math3.linear.FieldMatrixImplTest, org.apache.commons.math3.linear.FrenchRealVectorFormatTest, org.apache.commons.math3.linear.HessenbergTransformerTest, org.apache.commons.math3.linear.LUDecompositionTest, org.apache.commons.math3.linear.LUSolverTest, org.apache.commons.math3.linear.MatrixDimensionMismatchExceptionTest, org.apache.commons.math3.linear.MatrixUtilsTest, org.apache.commons.math3.linear.OpenMapRealMatrixTest, org.apache.commons.math3.linear.QRDecompositionTest, org.apache.commons.math3.linear.QRSolverTest, org.apache.commons.math3.linear.RRQRDecompositionTest, org.apache.commons.math3.linear.RRQRSolverTest, org.apache.commons.math3.linear.RealMatrixFormatTest, org.apache.commons.math3.linear.RealVectorFormatTest, org.apache.commons.math3.linear.RealVectorTest, org.apache.commons.math3.linear.RectangularCholeskyDecompositionTest, org.apache.commons.math3.linear.SchurTransformerTest, org.apache.commons.math3.linear.SingularValueDecompositionTest, org.apache.commons.math3.linear.SingularValueSolverTest, org.apache.commons.math3.linear.SparseFieldMatrixTest, org.apache.commons.math3.linear.SparseFieldVectorTest, org.apache.commons.math3.linear.SparseRealMatrixTest, org.apache.commons.math3.linear.SparseRealVectorTest, org.apache.commons.math3.linear.SymmLQTest, org.apache.commons.math3.linear.TriDiagonalTransformerTest, org.apache.commons.math3.linear.UnmodifiableArrayRealVectorTest, org.apache.commons.math3.linear.UnmodifiableOpenMapRealVectorTest, org.apache.commons.math3.ml.clustering.DBSCANClustererTest, org.apache.commons.math3.ml.clustering.FuzzyKMeansClustererTest, org.apache.commons.math3.ml.clustering.KMeansPlusPlusClustererTest, org.apache.commons.math3.ml.clustering.MultiKMeansPlusPlusClustererTest, org.apache.commons.math3.ml.clustering.evaluation.SumOfClusterVariancesTest, org.apache.commons.math3.ml.distance.CanberraDistanceTest, org.apache.commons.math3.ml.distance.ChebyshevDistanceTest, org.apache.commons.math3.ml.distance.EarthMoversDistanceTest, org.apache.commons.math3.ml.distance.EuclideanDistanceTest, org.apache.commons.math3.ml.distance.ManhattanDistanceTest, org.apache.commons.math3.ml.neuralnet.MapUtilsTest, org.apache.commons.math3.ml.neuralnet.NetworkTest, org.apache.commons.math3.ml.neuralnet.NeuronTest, org.apache.commons.math3.ml.neuralnet.oned.NeuronStringTest, org.apache.commons.math3.ml.neuralnet.sofm.KohonenTrainingTaskTest, org.apache.commons.math3.ml.neuralnet.sofm.KohonenUpdateActionTest, org.apache.commons.math3.ml.neuralnet.sofm.LearningFactorFunctionFactoryTest, org.apache.commons.math3.ml.neuralnet.sofm.NeighbourhoodSizeFunctionFactoryTest, org.apache.commons.math3.ml.neuralnet.sofm.util.ExponentialDecayFunctionTest, org.apache.commons.math3.ml.neuralnet.sofm.util.QuasiSigmoidDecayFunctionTest, org.apache.commons.math3.ml.neuralnet.twod.NeuronSquareMesh2DTest, org.apache.commons.math3.ode.ContinuousOutputModelTest, org.apache.commons.math3.ode.FirstOrderConverterTest, org.apache.commons.math3.ode.JacobianMatricesTest, org.apache.commons.math3.ode.events.EventFilterTest, org.apache.commons.math3.ode.events.EventStateTest, org.apache.commons.math3.ode.events.OverlappingEventsTest, org.apache.commons.math3.ode.events.ReappearingEventTest, org.apache.commons.math3.ode.nonstiff.AdamsBashforthIntegratorTest, org.apache.commons.math3.ode.nonstiff.AdamsMoultonIntegratorTest, org.apache.commons.math3.ode.nonstiff.ClassicalRungeKuttaIntegratorTest, org.apache.commons.math3.ode.nonstiff.ClassicalRungeKuttaStepInterpolatorTest, org.apache.commons.math3.ode.nonstiff.DormandPrince54IntegratorTest, org.apache.commons.math3.ode.nonstiff.DormandPrince54StepInterpolatorTest, org.apache.commons.math3.ode.nonstiff.DormandPrince853IntegratorTest, org.apache.commons.math3.ode.nonstiff.DormandPrince853StepInterpolatorTest, org.apache.commons.math3.ode.nonstiff.EulerIntegratorTest, org.apache.commons.math3.ode.nonstiff.EulerStepInterpolatorTest, org.apache.commons.math3.ode.nonstiff.GillIntegratorTest, org.apache.commons.math3.ode.nonstiff.GillStepInterpolatorTest, org.apache.commons.math3.ode.nonstiff.GraggBulirschStoerIntegratorTest, org.apache.commons.math3.ode.nonstiff.GraggBulirschStoerStepInterpolatorTest, org.apache.commons.math3.ode.nonstiff.HighamHall54IntegratorTest, org.apache.commons.math3.ode.nonstiff.HighamHall54StepInterpolatorTest, org.apache.commons.math3.ode.nonstiff.LutherIntegratorTest, org.apache.commons.math3.ode.nonstiff.LutherStepInterpolatorTest, org.apache.commons.math3.ode.nonstiff.MidpointIntegratorTest, org.apache.commons.math3.ode.nonstiff.MidpointStepInterpolatorTest, org.apache.commons.math3.ode.nonstiff.ThreeEighthesIntegratorTest, org.apache.commons.math3.ode.nonstiff.ThreeEighthesStepInterpolatorTest, org.apache.commons.math3.ode.sampling.DummyStepInterpolatorTest, org.apache.commons.math3.ode.sampling.NordsieckStepInterpolatorTest, org.apache.commons.math3.ode.sampling.StepNormalizerOutputOverlapTest, org.apache.commons.math3.ode.sampling.StepNormalizerOutputTest, org.apache.commons.math3.ode.sampling.StepNormalizerTest, org.apache.commons.math3.optim.PointValuePairTest, org.apache.commons.math3.optim.PointVectorValuePairTest, org.apache.commons.math3.optim.SimplePointCheckerTest, org.apache.commons.math3.optim.SimpleValueCheckerTest, org.apache.commons.math3.optim.SimpleVectorValueCheckerTest, org.apache.commons.math3.optim.linear.SimplexSolverTest, org.apache.commons.math3.optim.linear.SimplexTableauTest, org.apache.commons.math3.optim.nonlinear.scalar.MultiStartMultivariateOptimizerTest, org.apache.commons.math3.optim.nonlinear.scalar.MultivariateFunctionMappingAdapterTest, org.apache.commons.math3.optim.nonlinear.scalar.MultivariateFunctionPenaltyAdapterTest, org.apache.commons.math3.optim.nonlinear.scalar.gradient.NonLinearConjugateGradientOptimizerTest, org.apache.commons.math3.optim.nonlinear.scalar.noderiv.BOBYQAOptimizerTest, org.apache.commons.math3.optim.nonlinear.scalar.noderiv.CMAESOptimizerTest, org.apache.commons.math3.optim.nonlinear.scalar.noderiv.PowellOptimizerTest, org.apache.commons.math3.optim.nonlinear.scalar.noderiv.SimplexOptimizerMultiDirectionalTest, org.apache.commons.math3.optim.nonlinear.scalar.noderiv.SimplexOptimizerNelderMeadTest, org.apache.commons.math3.optim.nonlinear.vector.MultiStartMultivariateVectorOptimizerTest, org.apache.commons.math3.optim.nonlinear.vector.jacobian.AbstractLeastSquaresOptimizerTest, org.apache.commons.math3.optim.nonlinear.vector.jacobian.AbstractLeastSquaresOptimizerTestValidation, org.apache.commons.math3.optim.nonlinear.vector.jacobian.GaussNewtonOptimizerTest, org.apache.commons.math3.optim.nonlinear.vector.jacobian.LevenbergMarquardtOptimizerTest, org.apache.commons.math3.optim.nonlinear.vector.jacobian.MinpackTest, org.apache.commons.math3.optim.univariate.BracketFinderTest, org.apache.commons.math3.optim.univariate.BrentOptimizerTest, org.apache.commons.math3.optim.univariate.MultiStartUnivariateOptimizerTest, org.apache.commons.math3.optim.univariate.SimpleUnivariateValueCheckerTest, org.apache.commons.math3.optimization.MultivariateDifferentiableMultiStartOptimizerTest, org.apache.commons.math3.optimization.MultivariateDifferentiableVectorMultiStartOptimizerTest, org.apache.commons.math3.optimization.MultivariateMultiStartOptimizerTest, org.apache.commons.math3.optimization.PointValuePairTest, org.apache.commons.math3.optimization.PointVectorValuePairTest, org.apache.commons.math3.optimization.SimplePointCheckerTest, org.apache.commons.math3.optimization.SimpleValueCheckerTest, org.apache.commons.math3.optimization.SimpleVectorValueCheckerTest, org.apache.commons.math3.optimization.direct.BOBYQAOptimizerTest, org.apache.commons.math3.optimization.direct.CMAESOptimizerTest, org.apache.commons.math3.optimization.direct.MultivariateFunctionMappingAdapterTest, org.apache.commons.math3.optimization.direct.MultivariateFunctionPenaltyAdapterTest, org.apache.commons.math3.optimization.direct.PowellOptimizerTest, org.apache.commons.math3.optimization.direct.SimplexOptimizerMultiDirectionalTest, org.apache.commons.math3.optimization.direct.SimplexOptimizerNelderMeadTest, org.apache.commons.math3.optimization.fitting.CurveFitterTest, org.apache.commons.math3.optimization.fitting.GaussianFitterTest, org.apache.commons.math3.optimization.fitting.HarmonicFitterTest, org.apache.commons.math3.optimization.fitting.PolynomialFitterTest, org.apache.commons.math3.optimization.general.AbstractLeastSquaresOptimizerTest, org.apache.commons.math3.optimization.general.AbstractLeastSquaresOptimizerTestValidation, org.apache.commons.math3.optimization.general.GaussNewtonOptimizerTest, org.apache.commons.math3.optimization.general.LevenbergMarquardtOptimizerTest, org.apache.commons.math3.optimization.general.MinpackTest, org.apache.commons.math3.optimization.general.NonLinearConjugateGradientOptimizerTest, org.apache.commons.math3.optimization.linear.SimplexSolverTest, org.apache.commons.math3.optimization.linear.SimplexTableauTest, org.apache.commons.math3.optimization.univariate.BracketFinderTest, org.apache.commons.math3.optimization.univariate.BrentOptimizerTest, org.apache.commons.math3.optimization.univariate.SimpleUnivariateValueCheckerTest, org.apache.commons.math3.optimization.univariate.UnivariateMultiStartOptimizerTest, org.apache.commons.math3.primes.PrimesTest, org.apache.commons.math3.random.AbstractRandomGeneratorTest, org.apache.commons.math3.random.BitsStreamGeneratorTest, org.apache.commons.math3.random.CorrelatedRandomVectorGeneratorTest, org.apache.commons.math3.random.EmpiricalDistributionTest, org.apache.commons.math3.random.GaussianRandomGeneratorTest, org.apache.commons.math3.random.HaltonSequenceGeneratorTest, org.apache.commons.math3.random.ISAACTest, org.apache.commons.math3.random.MersenneTwisterTest, org.apache.commons.math3.random.RandomAdaptorTest, org.apache.commons.math3.random.RandomDataGeneratorTest, org.apache.commons.math3.random.RandomGeneratorAbstractTest, org.apache.commons.math3.random.RandomGeneratorFactoryTest, org.apache.commons.math3.random.SobolSequenceGeneratorTest, org.apache.commons.math3.random.StableRandomGeneratorTest, org.apache.commons.math3.random.SynchronizedRandomGeneratorTest, org.apache.commons.math3.random.UncorrelatedRandomVectorGeneratorTest, org.apache.commons.math3.random.UniformRandomGeneratorTest, org.apache.commons.math3.random.UnitSphereRandomVectorGeneratorTest, org.apache.commons.math3.random.ValueServerTest, org.apache.commons.math3.random.Well1024aTest, org.apache.commons.math3.random.Well19937aTest, org.apache.commons.math3.random.Well19937cTest, org.apache.commons.math3.random.Well44497aTest, org.apache.commons.math3.random.Well44497bTest, org.apache.commons.math3.random.Well512aTest, org.apache.commons.math3.special.BetaTest, org.apache.commons.math3.special.ErfTest, org.apache.commons.math3.special.GammaTest, org.apache.commons.math3.stat.CertifiedDataTest, org.apache.commons.math3.stat.FrequencyTest, org.apache.commons.math3.stat.StatUtilsTest, org.apache.commons.math3.stat.clustering.DBSCANClustererTest, org.apache.commons.math3.stat.clustering.EuclideanDoublePointTest, org.apache.commons.math3.stat.clustering.EuclideanIntegerPointTest, org.apache.commons.math3.stat.clustering.KMeansPlusPlusClustererTest, org.apache.commons.math3.stat.correlation.CovarianceTest, org.apache.commons.math3.stat.correlation.KendallsCorrelationTest, org.apache.commons.math3.stat.correlation.PearsonsCorrelationTest, org.apache.commons.math3.stat.correlation.SpearmansRankCorrelationTest, org.apache.commons.math3.stat.correlation.StorelessCovarianceTest, org.apache.commons.math3.stat.data.LewTest, org.apache.commons.math3.stat.data.LotteryTest, org.apache.commons.math3.stat.descriptive.AbstractUnivariateStatisticTest, org.apache.commons.math3.stat.descriptive.AggregateSummaryStatisticsTest, org.apache.commons.math3.stat.descriptive.DescriptiveStatisticsTest, org.apache.commons.math3.stat.descriptive.ListUnivariateImplTest, org.apache.commons.math3.stat.descriptive.MixedListUnivariateImplTest, org.apache.commons.math3.stat.descriptive.MultivariateSummaryStatisticsTest, org.apache.commons.math3.stat.descriptive.StatisticalSummaryValuesTest, org.apache.commons.math3.stat.descriptive.SummaryStatisticsTest, org.apache.commons.math3.stat.descriptive.SynchronizedDescriptiveStatisticsTest, org.apache.commons.math3.stat.descriptive.SynchronizedMultivariateSummaryStatisticsTest, org.apache.commons.math3.stat.descriptive.SynchronizedSummaryStatisticsTest, org.apache.commons.math3.stat.descriptive.moment.FirstMomentTest, org.apache.commons.math3.stat.descriptive.moment.FourthMomentTest, org.apache.commons.math3.stat.descriptive.moment.GeometricMeanTest, org.apache.commons.math3.stat.descriptive.moment.InteractionTest, org.apache.commons.math3.stat.descriptive.moment.KurtosisTest, org.apache.commons.math3.stat.descriptive.moment.MeanTest, org.apache.commons.math3.stat.descriptive.moment.SecondMomentTest, org.apache.commons.math3.stat.descriptive.moment.SemiVarianceTest, org.apache.commons.math3.stat.descriptive.moment.SkewnessTest, org.apache.commons.math3.stat.descriptive.moment.StandardDeviationTest, org.apache.commons.math3.stat.descriptive.moment.ThirdMomentTest, org.apache.commons.math3.stat.descriptive.moment.VarianceTest, org.apache.commons.math3.stat.descriptive.moment.VectorialCovarianceTest, org.apache.commons.math3.stat.descriptive.moment.VectorialMeanTest, org.apache.commons.math3.stat.descriptive.rank.MaxTest, org.apache.commons.math3.stat.descriptive.rank.MedianTest, org.apache.commons.math3.stat.descriptive.rank.MinTest, org.apache.commons.math3.stat.descriptive.rank.PSquarePercentileTest, org.apache.commons.math3.stat.descriptive.rank.PercentileTest, org.apache.commons.math3.stat.descriptive.summary.ProductTest, org.apache.commons.math3.stat.descriptive.summary.SumLogTest, org.apache.commons.math3.stat.descriptive.summary.SumSqTest, org.apache.commons.math3.stat.descriptive.summary.SumTest, org.apache.commons.math3.stat.inference.BinomialTestTest, org.apache.commons.math3.stat.inference.ChiSquareTestTest, org.apache.commons.math3.stat.inference.GTestTest, org.apache.commons.math3.stat.inference.KolmogorovSmirnovTestTest, org.apache.commons.math3.stat.inference.MannWhitneyUTestTest, org.apache.commons.math3.stat.inference.OneWayAnovaTest, org.apache.commons.math3.stat.inference.TTestTest, org.apache.commons.math3.stat.inference.TestUtilsTest, org.apache.commons.math3.stat.inference.WilcoxonSignedRankTestTest, org.apache.commons.math3.stat.interval.AgrestiCoullIntervalTest, org.apache.commons.math3.stat.interval.ClopperPearsonIntervalTest, org.apache.commons.math3.stat.interval.IntervalUtilsTest, org.apache.commons.math3.stat.interval.NormalApproximationIntervalTest, org.apache.commons.math3.stat.interval.WilsonScoreIntervalTest, org.apache.commons.math3.stat.ranking.NaturalRankingTest, org.apache.commons.math3.stat.regression.GLSMultipleLinearRegressionTest, org.apache.commons.math3.stat.regression.MillerUpdatingRegressionTest, org.apache.commons.math3.stat.regression.OLSMultipleLinearRegressionTest, org.apache.commons.math3.stat.regression.SimpleRegressionTest, org.apache.commons.math3.transform.FastCosineTransformerTest, org.apache.commons.math3.transform.FastFourierTransformerTest, org.apache.commons.math3.transform.FastHadamardTransformerTest, org.apache.commons.math3.transform.FastSineTransformerTest, org.apache.commons.math3.util.ArithmeticUtilsTest, org.apache.commons.math3.util.BigRealFieldTest, org.apache.commons.math3.util.BigRealTest, org.apache.commons.math3.util.CombinationsTest, org.apache.commons.math3.util.CombinatoricsUtilsTest, org.apache.commons.math3.util.ContinuedFractionTest, org.apache.commons.math3.util.Decimal64Test, org.apache.commons.math3.util.DefaultTransformerTest, org.apache.commons.math3.util.FastMathStrictComparisonTest, org.apache.commons.math3.util.FastMathTest, org.apache.commons.math3.util.FastMathTestPerformance, org.apache.commons.math3.util.IncrementorTest, org.apache.commons.math3.util.MathArraysTest, org.apache.commons.math3.util.MathUtilsTest, org.apache.commons.math3.util.MultidimensionalCounterTest, org.apache.commons.math3.util.OpenIntToDoubleHashMapTest, org.apache.commons.math3.util.OpenIntToFieldTest, org.apache.commons.math3.util.PairTest, org.apache.commons.math3.util.PrecisionTest, org.apache.commons.math3.util.ResizableDoubleArrayTest, org.apache.commons.math3.util.TransformerMapTest]
09:38:35.572 [main] INFO  fr.inria.lille.repair.nopol.NoPol - Config: Config{synthesisDepth=3, collectStaticMethods=true, collectStaticFields=false, collectLiterals=false, onlyOneSynthesisResult=true, sortExpressions=true, maxLineInvocationPerTest=250, timeoutMethodInvocation=2000, dataCollectionTimeoutInSecondForSynthesis=900, addWeight=0.19478, subWeight=0.04554, mulWeight=0.0102, divWeight=0.00613, andWeight=0.10597, orWeight=0.05708, eqWeight=0.22798, nEqWeight=0.0, lessEqWeight=0.0255, lessWeight=0.0947, methodCallWeight=0.1, fieldAccessWeight=0.08099, constantWeight=0.14232, variableWeight=0.05195, mode=REPAIR, type=PRE_THEN_COND, synthesis=SMT, oracle=ANGELIC, solver=Z3, solverPath='/home/tdurieux/defects4j4repair/script/../libs/z3/build/z3', projectSources=[src/main/java], projectClasspath='[Ljava.net.URL;@66d33a', projectTests=[org.apache.commons.math3.RetryRunnerTest, org.apache.commons.math3.analysis.FunctionUtilsTest, org.apache.commons.math3.analysis.differentiation.DSCompilerTest, org.apache.commons.math3.analysis.differentiation.DerivativeStructureTest, org.apache.commons.math3.analysis.differentiation.FiniteDifferencesDifferentiatorTest, org.apache.commons.math3.analysis.differentiation.GradientFunctionTest, org.apache.commons.math3.analysis.differentiation.JacobianFunctionTest, org.apache.commons.math3.analysis.differentiation.SparseGradientTest, org.apache.commons.math3.analysis.function.GaussianTest, org.apache.commons.math3.analysis.function.HarmonicOscillatorTest, org.apache.commons.math3.analysis.function.LogisticTest, org.apache.commons.math3.analysis.function.LogitTest, org.apache.commons.math3.analysis.function.SigmoidTest, org.apache.commons.math3.analysis.function.SincTest, org.apache.commons.math3.analysis.function.SqrtTest, org.apache.commons.math3.analysis.function.StepFunctionTest, org.apache.commons.math3.analysis.integration.IterativeLegendreGaussIntegratorTest, org.apache.commons.math3.analysis.integration.LegendreGaussIntegratorTest, org.apache.commons.math3.analysis.integration.MidPointIntegratorTest, org.apache.commons.math3.analysis.integration.RombergIntegratorTest, org.apache.commons.math3.analysis.integration.SimpsonIntegratorTest, org.apache.commons.math3.analysis.integration.TrapezoidIntegratorTest, org.apache.commons.math3.analysis.integration.gauss.BaseRuleFactoryTest, org.apache.commons.math3.analysis.integration.gauss.GaussIntegratorTest, org.apache.commons.math3.analysis.integration.gauss.HermiteParametricTest, org.apache.commons.math3.analysis.integration.gauss.HermiteTest, org.apache.commons.math3.analysis.integration.gauss.LegendreHighPrecisionParametricTest, org.apache.commons.math3.analysis.integration.gauss.LegendreHighPrecisionTest, org.apache.commons.math3.analysis.integration.gauss.LegendreParametricTest, org.apache.commons.math3.analysis.integration.gauss.LegendreTest, org.apache.commons.math3.analysis.interpolation.BicubicSplineInterpolatingFunctionTest, org.apache.commons.math3.analysis.interpolation.BicubicSplineInterpolatorTest, org.apache.commons.math3.analysis.interpolation.DividedDifferenceInterpolatorTest, org.apache.commons.math3.analysis.interpolation.FieldHermiteInterpolatorTest, org.apache.commons.math3.analysis.interpolation.HermiteInterpolatorTest, org.apache.commons.math3.analysis.interpolation.LinearInterpolatorTest, org.apache.commons.math3.analysis.interpolation.LoessInterpolatorTest, org.apache.commons.math3.analysis.interpolation.MicrosphereInterpolatorTest, org.apache.commons.math3.analysis.interpolation.NevilleInterpolatorTest, org.apache.commons.math3.analysis.interpolation.SmoothingPolynomialBicubicSplineInterpolatorTest, org.apache.commons.math3.analysis.interpolation.SplineInterpolatorTest, org.apache.commons.math3.analysis.interpolation.TricubicSplineInterpolatingFunctionTest, org.apache.commons.math3.analysis.interpolation.TricubicSplineInterpolatorTest, org.apache.commons.math3.analysis.interpolation.UnivariatePeriodicInterpolatorTest, org.apache.commons.math3.analysis.polynomials.PolynomialFunctionLagrangeFormTest, org.apache.commons.math3.analysis.polynomials.PolynomialFunctionNewtonFormTest, org.apache.commons.math3.analysis.polynomials.PolynomialFunctionTest, org.apache.commons.math3.analysis.polynomials.PolynomialSplineFunctionTest, org.apache.commons.math3.analysis.polynomials.PolynomialsUtilsTest, org.apache.commons.math3.analysis.solvers.BisectionSolverTest, org.apache.commons.math3.analysis.solvers.BracketingNthOrderBrentSolverTest, org.apache.commons.math3.analysis.solvers.BrentSolverTest, org.apache.commons.math3.analysis.solvers.IllinoisSolverTest, org.apache.commons.math3.analysis.solvers.LaguerreSolverTest, org.apache.commons.math3.analysis.solvers.MullerSolver2Test, org.apache.commons.math3.analysis.solvers.MullerSolverTest, org.apache.commons.math3.analysis.solvers.NewtonRaphsonSolverTest, org.apache.commons.math3.analysis.solvers.NewtonSolverTest, org.apache.commons.math3.analysis.solvers.PegasusSolverTest, org.apache.commons.math3.analysis.solvers.RegulaFalsiSolverTest, org.apache.commons.math3.analysis.solvers.RiddersSolverTest, org.apache.commons.math3.analysis.solvers.SecantSolverTest, org.apache.commons.math3.analysis.solvers.UnivariateSolverUtilsTest, org.apache.commons.math3.complex.ComplexFieldTest, org.apache.commons.math3.complex.ComplexFormatTest, org.apache.commons.math3.complex.ComplexTest, org.apache.commons.math3.complex.ComplexUtilsTest, org.apache.commons.math3.complex.FrenchComplexFormatTest, org.apache.commons.math3.complex.QuaternionTest, org.apache.commons.math3.complex.RootsOfUnityTest, org.apache.commons.math3.dfp.BracketingNthOrderBrentSolverDFPTest, org.apache.commons.math3.dfp.DfpDecTest, org.apache.commons.math3.dfp.DfpMathTest, org.apache.commons.math3.dfp.DfpTest, org.apache.commons.math3.distribution.AbstractIntegerDistributionTest, org.apache.commons.math3.distribution.AbstractRealDistributionTest, org.apache.commons.math3.distribution.BetaDistributionTest, org.apache.commons.math3.distribution.BinomialDistributionTest, org.apache.commons.math3.distribution.CauchyDistributionTest, org.apache.commons.math3.distribution.ChiSquaredDistributionTest, org.apache.commons.math3.distribution.ConstantRealDistributionTest, org.apache.commons.math3.distribution.EnumeratedIntegerDistributionTest, org.apache.commons.math3.distribution.EnumeratedRealDistributionTest, org.apache.commons.math3.distribution.ExponentialDistributionTest, org.apache.commons.math3.distribution.FDistributionTest, org.apache.commons.math3.distribution.GammaDistributionTest, org.apache.commons.math3.distribution.GeometricDistributionTest, org.apache.commons.math3.distribution.HypergeometricDistributionTest, org.apache.commons.math3.distribution.KolmogorovSmirnovDistributionTest, org.apache.commons.math3.distribution.LevyDistributionTest, org.apache.commons.math3.distribution.LogNormalDistributionTest, org.apache.commons.math3.distribution.MultivariateNormalDistributionTest, org.apache.commons.math3.distribution.MultivariateNormalMixtureModelDistributionTest, org.apache.commons.math3.distribution.NormalDistributionTest, org.apache.commons.math3.distribution.ParetoDistributionTest, org.apache.commons.math3.distribution.PascalDistributionTest, org.apache.commons.math3.distribution.PoissonDistributionTest, org.apache.commons.math3.distribution.TDistributionTest, org.apache.commons.math3.distribution.TriangularDistributionTest, org.apache.commons.math3.distribution.UniformIntegerDistributionTest, org.apache.commons.math3.distribution.UniformRealDistributionTest, org.apache.commons.math3.distribution.WeibullDistributionTest, org.apache.commons.math3.distribution.ZipfDistributionTest, org.apache.commons.math3.distribution.fitting.MultivariateNormalMixtureExpectationMaximizationTest, org.apache.commons.math3.exception.DimensionMismatchExceptionTest, org.apache.commons.math3.exception.MaxCountExceededExceptionTest, org.apache.commons.math3.exception.NonMonotonicSequenceExceptionTest, org.apache.commons.math3.exception.NotPositiveExceptionTest, org.apache.commons.math3.exception.NotStrictlyPositiveExceptionTest, org.apache.commons.math3.exception.NumberIsTooLargeExceptionTest, org.apache.commons.math3.exception.NumberIsTooSmallExceptionTest, org.apache.commons.math3.exception.OutOfRangeExceptionTest, org.apache.commons.math3.exception.TooManyEvaluationsExceptionTest, org.apache.commons.math3.exception.util.ArgUtilsTest, org.apache.commons.math3.exception.util.ExceptionContextTest, org.apache.commons.math3.exception.util.LocalizedFormatsTest, org.apache.commons.math3.filter.KalmanFilterTest, org.apache.commons.math3.fitting.CurveFitterTest, org.apache.commons.math3.fitting.GaussianCurveFitterTest, org.apache.commons.math3.fitting.GaussianFitterTest, org.apache.commons.math3.fitting.HarmonicCurveFitterTest, org.apache.commons.math3.fitting.HarmonicFitterTest, org.apache.commons.math3.fitting.PolynomialCurveFitterTest, org.apache.commons.math3.fitting.PolynomialFitterTest, org.apache.commons.math3.fitting.WeightedObservedPointsTest, org.apache.commons.math3.fitting.leastsquares.EvaluationRmsCheckerTest, org.apache.commons.math3.fitting.leastsquares.EvaluationTest, org.apache.commons.math3.fitting.leastsquares.EvaluationTestValidation, org.apache.commons.math3.fitting.leastsquares.GaussNewtonOptimizerWithCholeskyTest, org.apache.commons.math3.fitting.leastsquares.GaussNewtonOptimizerWithLUTest, org.apache.commons.math3.fitting.leastsquares.GaussNewtonOptimizerWithQRTest, org.apache.commons.math3.fitting.leastsquares.GaussNewtonOptimizerWithSVDTest, org.apache.commons.math3.fitting.leastsquares.LevenbergMarquardtOptimizerTest, org.apache.commons.math3.fitting.leastsquares.MinpackTest, org.apache.commons.math3.fraction.BigFractionFieldTest, org.apache.commons.math3.fraction.BigFractionFormatTest, org.apache.commons.math3.fraction.BigFractionTest, org.apache.commons.math3.fraction.FractionFieldTest, org.apache.commons.math3.fraction.FractionFormatTest, org.apache.commons.math3.fraction.FractionTest, org.apache.commons.math3.genetics.BinaryChromosomeTest, org.apache.commons.math3.genetics.BinaryMutationTest, org.apache.commons.math3.genetics.ChromosomeTest, org.apache.commons.math3.genetics.CycleCrossoverTest, org.apache.commons.math3.genetics.ElitisticListPopulationTest, org.apache.commons.math3.genetics.FitnessCachingTest, org.apache.commons.math3.genetics.FixedElapsedTimeTest, org.apache.commons.math3.genetics.FixedGenerationCountTest, org.apache.commons.math3.genetics.GeneticAlgorithmTestBinary, org.apache.commons.math3.genetics.GeneticAlgorithmTestPermutations, org.apache.commons.math3.genetics.ListPopulationTest, org.apache.commons.math3.genetics.NPointCrossoverTest, org.apache.commons.math3.genetics.OnePointCrossoverTest, org.apache.commons.math3.genetics.OrderedCrossoverTest, org.apache.commons.math3.genetics.RandomKeyMutationTest, org.apache.commons.math3.genetics.RandomKeyTest, org.apache.commons.math3.genetics.TournamentSelectionTest, org.apache.commons.math3.genetics.UniformCrossoverTest, org.apache.commons.math3.geometry.enclosing.WelzlEncloser2DTest, org.apache.commons.math3.geometry.enclosing.WelzlEncloser3DTest, org.apache.commons.math3.geometry.euclidean.oned.Euclidean1DTest, org.apache.commons.math3.geometry.euclidean.oned.FrenchVector1DFormatTest, org.apache.commons.math3.geometry.euclidean.oned.IntervalTest, org.apache.commons.math3.geometry.euclidean.oned.IntervalsSetTest, org.apache.commons.math3.geometry.euclidean.oned.Vector1DFormatTest, org.apache.commons.math3.geometry.euclidean.oned.Vector1DTest, org.apache.commons.math3.geometry.euclidean.threed.Euclidean3DTest, org.apache.commons.math3.geometry.euclidean.threed.FieldRotationDSTest, org.apache.commons.math3.geometry.euclidean.threed.FieldRotationDfpTest, org.apache.commons.math3.geometry.euclidean.threed.FieldVector3DTest, org.apache.commons.math3.geometry.euclidean.threed.FrenchVector3DFormatTest, org.apache.commons.math3.geometry.euclidean.threed.LineTest, org.apache.commons.math3.geometry.euclidean.threed.PlaneTest, org.apache.commons.math3.geometry.euclidean.threed.PolyhedronsSetTest, org.apache.commons.math3.geometry.euclidean.threed.RotationOrderTest, org.apache.commons.math3.geometry.euclidean.threed.RotationTest, org.apache.commons.math3.geometry.euclidean.threed.SphereGeneratorTest, org.apache.commons.math3.geometry.euclidean.threed.SphericalCoordinatesTest, org.apache.commons.math3.geometry.euclidean.threed.SubLineTest, org.apache.commons.math3.geometry.euclidean.threed.Vector3DFormatTest, org.apache.commons.math3.geometry.euclidean.threed.Vector3DTest, org.apache.commons.math3.geometry.euclidean.twod.DiskGeneratorTest, org.apache.commons.math3.geometry.euclidean.twod.Euclidean2DTest, org.apache.commons.math3.geometry.euclidean.twod.FrenchVector2DFormatTest, org.apache.commons.math3.geometry.euclidean.twod.LineTest, org.apache.commons.math3.geometry.euclidean.twod.PolygonsSetTest, org.apache.commons.math3.geometry.euclidean.twod.SegmentTest, org.apache.commons.math3.geometry.euclidean.twod.SubLineTest, org.apache.commons.math3.geometry.euclidean.twod.Vector2DFormatTest, org.apache.commons.math3.geometry.euclidean.twod.Vector2DTest, org.apache.commons.math3.geometry.euclidean.twod.hull.AklToussaintHeuristicTest, org.apache.commons.math3.geometry.euclidean.twod.hull.MonotoneChainTest, org.apache.commons.math3.geometry.partitioning.utilities.AVLTreeTest, org.apache.commons.math3.geometry.spherical.oned.ArcTest, org.apache.commons.math3.geometry.spherical.oned.ArcsSetTest, org.apache.commons.math3.geometry.spherical.oned.LimitAngleTest, org.apache.commons.math3.geometry.spherical.oned.S1PointTest, org.apache.commons.math3.geometry.spherical.oned.Sphere1Test, org.apache.commons.math3.geometry.spherical.twod.CircleTest, org.apache.commons.math3.geometry.spherical.twod.S2PointTest, org.apache.commons.math3.geometry.spherical.twod.SphericalPolygonsSetTest, org.apache.commons.math3.geometry.spherical.twod.SubCircleTest, org.apache.commons.math3.linear.Array2DRowRealMatrixTest, org.apache.commons.math3.linear.ArrayFieldVectorTest, org.apache.commons.math3.linear.ArrayRealVectorTest, org.apache.commons.math3.linear.BiDiagonalTransformerTest, org.apache.commons.math3.linear.BlockFieldMatrixTest, org.apache.commons.math3.linear.BlockRealMatrixTest, org.apache.commons.math3.linear.CholeskyDecompositionTest, org.apache.commons.math3.linear.CholeskySolverTest, org.apache.commons.math3.linear.ConjugateGradientTest, org.apache.commons.math3.linear.DiagonalMatrixTest, org.apache.commons.math3.linear.EigenDecompositionTest, org.apache.commons.math3.linear.EigenSolverTest, org.apache.commons.math3.linear.FieldLUDecompositionTest, org.apache.commons.math3.linear.FieldLUSolverTest, org.apache.commons.math3.linear.FieldMatrixImplTest, org.apache.commons.math3.linear.FrenchRealVectorFormatTest, org.apache.commons.math3.linear.HessenbergTransformerTest, org.apache.commons.math3.linear.LUDecompositionTest, org.apache.commons.math3.linear.LUSolverTest, org.apache.commons.math3.linear.MatrixDimensionMismatchExceptionTest, org.apache.commons.math3.linear.MatrixUtilsTest, org.apache.commons.math3.linear.OpenMapRealMatrixTest, org.apache.commons.math3.linear.QRDecompositionTest, org.apache.commons.math3.linear.QRSolverTest, org.apache.commons.math3.linear.RRQRDecompositionTest, org.apache.commons.math3.linear.RRQRSolverTest, org.apache.commons.math3.linear.RealMatrixFormatTest, org.apache.commons.math3.linear.RealVectorFormatTest, org.apache.commons.math3.linear.RealVectorTest, org.apache.commons.math3.linear.RectangularCholeskyDecompositionTest, org.apache.commons.math3.linear.SchurTransformerTest, org.apache.commons.math3.linear.SingularValueDecompositionTest, org.apache.commons.math3.linear.SingularValueSolverTest, org.apache.commons.math3.linear.SparseFieldMatrixTest, org.apache.commons.math3.linear.SparseFieldVectorTest, org.apache.commons.math3.linear.SparseRealMatrixTest, org.apache.commons.math3.linear.SparseRealVectorTest, org.apache.commons.math3.linear.SymmLQTest, org.apache.commons.math3.linear.TriDiagonalTransformerTest, org.apache.commons.math3.linear.UnmodifiableArrayRealVectorTest, org.apache.commons.math3.linear.UnmodifiableOpenMapRealVectorTest, org.apache.commons.math3.ml.clustering.DBSCANClustererTest, org.apache.commons.math3.ml.clustering.FuzzyKMeansClustererTest, org.apache.commons.math3.ml.clustering.KMeansPlusPlusClustererTest, org.apache.commons.math3.ml.clustering.MultiKMeansPlusPlusClustererTest, org.apache.commons.math3.ml.clustering.evaluation.SumOfClusterVariancesTest, org.apache.commons.math3.ml.distance.CanberraDistanceTest, org.apache.commons.math3.ml.distance.ChebyshevDistanceTest, org.apache.commons.math3.ml.distance.EarthMoversDistanceTest, org.apache.commons.math3.ml.distance.EuclideanDistanceTest, org.apache.commons.math3.ml.distance.ManhattanDistanceTest, org.apache.commons.math3.ml.neuralnet.MapUtilsTest, org.apache.commons.math3.ml.neuralnet.NetworkTest, org.apache.commons.math3.ml.neuralnet.NeuronTest, org.apache.commons.math3.ml.neuralnet.oned.NeuronStringTest, org.apache.commons.math3.ml.neuralnet.sofm.KohonenTrainingTaskTest, org.apache.commons.math3.ml.neuralnet.sofm.KohonenUpdateActionTest, org.apache.commons.math3.ml.neuralnet.sofm.LearningFactorFunctionFactoryTest, org.apache.commons.math3.ml.neuralnet.sofm.NeighbourhoodSizeFunctionFactoryTest, org.apache.commons.math3.ml.neuralnet.sofm.util.ExponentialDecayFunctionTest, org.apache.commons.math3.ml.neuralnet.sofm.util.QuasiSigmoidDecayFunctionTest, org.apache.commons.math3.ml.neuralnet.twod.NeuronSquareMesh2DTest, org.apache.commons.math3.ode.ContinuousOutputModelTest, org.apache.commons.math3.ode.FirstOrderConverterTest, org.apache.commons.math3.ode.JacobianMatricesTest, org.apache.commons.math3.ode.events.EventFilterTest, org.apache.commons.math3.ode.events.EventStateTest, org.apache.commons.math3.ode.events.OverlappingEventsTest, org.apache.commons.math3.ode.events.ReappearingEventTest, org.apache.commons.math3.ode.nonstiff.AdamsBashforthIntegratorTest, org.apache.commons.math3.ode.nonstiff.AdamsMoultonIntegratorTest, org.apache.commons.math3.ode.nonstiff.ClassicalRungeKuttaIntegratorTest, org.apache.commons.math3.ode.nonstiff.ClassicalRungeKuttaStepInterpolatorTest, org.apache.commons.math3.ode.nonstiff.DormandPrince54IntegratorTest, org.apache.commons.math3.ode.nonstiff.DormandPrince54StepInterpolatorTest, org.apache.commons.math3.ode.nonstiff.DormandPrince853IntegratorTest, org.apache.commons.math3.ode.nonstiff.DormandPrince853StepInterpolatorTest, org.apache.commons.math3.ode.nonstiff.EulerIntegratorTest, org.apache.commons.math3.ode.nonstiff.EulerStepInterpolatorTest, org.apache.commons.math3.ode.nonstiff.GillIntegratorTest, org.apache.commons.math3.ode.nonstiff.GillStepInterpolatorTest, org.apache.commons.math3.ode.nonstiff.GraggBulirschStoerIntegratorTest, org.apache.commons.math3.ode.nonstiff.GraggBulirschStoerStepInterpolatorTest, org.apache.commons.math3.ode.nonstiff.HighamHall54IntegratorTest, org.apache.commons.math3.ode.nonstiff.HighamHall54StepInterpolatorTest, org.apache.commons.math3.ode.nonstiff.LutherIntegratorTest, org.apache.commons.math3.ode.nonstiff.LutherStepInterpolatorTest, org.apache.commons.math3.ode.nonstiff.MidpointIntegratorTest, org.apache.commons.math3.ode.nonstiff.MidpointStepInterpolatorTest, org.apache.commons.math3.ode.nonstiff.ThreeEighthesIntegratorTest, org.apache.commons.math3.ode.nonstiff.ThreeEighthesStepInterpolatorTest, org.apache.commons.math3.ode.sampling.DummyStepInterpolatorTest, org.apache.commons.math3.ode.sampling.NordsieckStepInterpolatorTest, org.apache.commons.math3.ode.sampling.StepNormalizerOutputOverlapTest, org.apache.commons.math3.ode.sampling.StepNormalizerOutputTest, org.apache.commons.math3.ode.sampling.StepNormalizerTest, org.apache.commons.math3.optim.PointValuePairTest, org.apache.commons.math3.optim.PointVectorValuePairTest, org.apache.commons.math3.optim.SimplePointCheckerTest, org.apache.commons.math3.optim.SimpleValueCheckerTest, org.apache.commons.math3.optim.SimpleVectorValueCheckerTest, org.apache.commons.math3.optim.linear.SimplexSolverTest, org.apache.commons.math3.optim.linear.SimplexTableauTest, org.apache.commons.math3.optim.nonlinear.scalar.MultiStartMultivariateOptimizerTest, org.apache.commons.math3.optim.nonlinear.scalar.MultivariateFunctionMappingAdapterTest, org.apache.commons.math3.optim.nonlinear.scalar.MultivariateFunctionPenaltyAdapterTest, org.apache.commons.math3.optim.nonlinear.scalar.gradient.NonLinearConjugateGradientOptimizerTest, org.apache.commons.math3.optim.nonlinear.scalar.noderiv.BOBYQAOptimizerTest, org.apache.commons.math3.optim.nonlinear.scalar.noderiv.CMAESOptimizerTest, org.apache.commons.math3.optim.nonlinear.scalar.noderiv.PowellOptimizerTest, org.apache.commons.math3.optim.nonlinear.scalar.noderiv.SimplexOptimizerMultiDirectionalTest, org.apache.commons.math3.optim.nonlinear.scalar.noderiv.SimplexOptimizerNelderMeadTest, org.apache.commons.math3.optim.nonlinear.vector.MultiStartMultivariateVectorOptimizerTest, org.apache.commons.math3.optim.nonlinear.vector.jacobian.AbstractLeastSquaresOptimizerTest, org.apache.commons.math3.optim.nonlinear.vector.jacobian.AbstractLeastSquaresOptimizerTestValidation, org.apache.commons.math3.optim.nonlinear.vector.jacobian.GaussNewtonOptimizerTest, org.apache.commons.math3.optim.nonlinear.vector.jacobian.LevenbergMarquardtOptimizerTest, org.apache.commons.math3.optim.nonlinear.vector.jacobian.MinpackTest, org.apache.commons.math3.optim.univariate.BracketFinderTest, org.apache.commons.math3.optim.univariate.BrentOptimizerTest, org.apache.commons.math3.optim.univariate.MultiStartUnivariateOptimizerTest, org.apache.commons.math3.optim.univariate.SimpleUnivariateValueCheckerTest, org.apache.commons.math3.optimization.MultivariateDifferentiableMultiStartOptimizerTest, org.apache.commons.math3.optimization.MultivariateDifferentiableVectorMultiStartOptimizerTest, org.apache.commons.math3.optimization.MultivariateMultiStartOptimizerTest, org.apache.commons.math3.optimization.PointValuePairTest, org.apache.commons.math3.optimization.PointVectorValuePairTest, org.apache.commons.math3.optimization.SimplePointCheckerTest, org.apache.commons.math3.optimization.SimpleValueCheckerTest, org.apache.commons.math3.optimization.SimpleVectorValueCheckerTest, org.apache.commons.math3.optimization.direct.BOBYQAOptimizerTest, org.apache.commons.math3.optimization.direct.CMAESOptimizerTest, org.apache.commons.math3.optimization.direct.MultivariateFunctionMappingAdapterTest, org.apache.commons.math3.optimization.direct.MultivariateFunctionPenaltyAdapterTest, org.apache.commons.math3.optimization.direct.PowellOptimizerTest, org.apache.commons.math3.optimization.direct.SimplexOptimizerMultiDirectionalTest, org.apache.commons.math3.optimization.direct.SimplexOptimizerNelderMeadTest, org.apache.commons.math3.optimization.fitting.CurveFitterTest, org.apache.commons.math3.optimization.fitting.GaussianFitterTest, org.apache.commons.math3.optimization.fitting.HarmonicFitterTest, org.apache.commons.math3.optimization.fitting.PolynomialFitterTest, org.apache.commons.math3.optimization.general.AbstractLeastSquaresOptimizerTest, org.apache.commons.math3.optimization.general.AbstractLeastSquaresOptimizerTestValidation, org.apache.commons.math3.optimization.general.GaussNewtonOptimizerTest, org.apache.commons.math3.optimization.general.LevenbergMarquardtOptimizerTest, org.apache.commons.math3.optimization.general.MinpackTest, org.apache.commons.math3.optimization.general.NonLinearConjugateGradientOptimizerTest, org.apache.commons.math3.optimization.linear.SimplexSolverTest, org.apache.commons.math3.optimization.linear.SimplexTableauTest, org.apache.commons.math3.optimization.univariate.BracketFinderTest, org.apache.commons.math3.optimization.univariate.BrentOptimizerTest, org.apache.commons.math3.optimization.univariate.SimpleUnivariateValueCheckerTest, org.apache.commons.math3.optimization.univariate.UnivariateMultiStartOptimizerTest, org.apache.commons.math3.primes.PrimesTest, org.apache.commons.math3.random.AbstractRandomGeneratorTest, org.apache.commons.math3.random.BitsStreamGeneratorTest, org.apache.commons.math3.random.CorrelatedRandomVectorGeneratorTest, org.apache.commons.math3.random.EmpiricalDistributionTest, org.apache.commons.math3.random.GaussianRandomGeneratorTest, org.apache.commons.math3.random.HaltonSequenceGeneratorTest, org.apache.commons.math3.random.ISAACTest, org.apache.commons.math3.random.MersenneTwisterTest, org.apache.commons.math3.random.RandomAdaptorTest, org.apache.commons.math3.random.RandomDataGeneratorTest, org.apache.commons.math3.random.RandomGeneratorAbstractTest, org.apache.commons.math3.random.RandomGeneratorFactoryTest, org.apache.commons.math3.random.SobolSequenceGeneratorTest, org.apache.commons.math3.random.StableRandomGeneratorTest, org.apache.commons.math3.random.SynchronizedRandomGeneratorTest, org.apache.commons.math3.random.UncorrelatedRandomVectorGeneratorTest, org.apache.commons.math3.random.UniformRandomGeneratorTest, org.apache.commons.math3.random.UnitSphereRandomVectorGeneratorTest, org.apache.commons.math3.random.ValueServerTest, org.apache.commons.math3.random.Well1024aTest, org.apache.commons.math3.random.Well19937aTest, org.apache.commons.math3.random.Well19937cTest, org.apache.commons.math3.random.Well44497aTest, org.apache.commons.math3.random.Well44497bTest, org.apache.commons.math3.random.Well512aTest, org.apache.commons.math3.special.BetaTest, org.apache.commons.math3.special.ErfTest, org.apache.commons.math3.special.GammaTest, org.apache.commons.math3.stat.CertifiedDataTest, org.apache.commons.math3.stat.FrequencyTest, org.apache.commons.math3.stat.StatUtilsTest, org.apache.commons.math3.stat.clustering.DBSCANClustererTest, org.apache.commons.math3.stat.clustering.EuclideanDoublePointTest, org.apache.commons.math3.stat.clustering.EuclideanIntegerPointTest, org.apache.commons.math3.stat.clustering.KMeansPlusPlusClustererTest, org.apache.commons.math3.stat.correlation.CovarianceTest, org.apache.commons.math3.stat.correlation.KendallsCorrelationTest, org.apache.commons.math3.stat.correlation.PearsonsCorrelationTest, org.apache.commons.math3.stat.correlation.SpearmansRankCorrelationTest, org.apache.commons.math3.stat.correlation.StorelessCovarianceTest, org.apache.commons.math3.stat.data.LewTest, org.apache.commons.math3.stat.data.LotteryTest, org.apache.commons.math3.stat.descriptive.AbstractUnivariateStatisticTest, org.apache.commons.math3.stat.descriptive.AggregateSummaryStatisticsTest, org.apache.commons.math3.stat.descriptive.DescriptiveStatisticsTest, org.apache.commons.math3.stat.descriptive.ListUnivariateImplTest, org.apache.commons.math3.stat.descriptive.MixedListUnivariateImplTest, org.apache.commons.math3.stat.descriptive.MultivariateSummaryStatisticsTest, org.apache.commons.math3.stat.descriptive.StatisticalSummaryValuesTest, org.apache.commons.math3.stat.descriptive.SummaryStatisticsTest, org.apache.commons.math3.stat.descriptive.SynchronizedDescriptiveStatisticsTest, org.apache.commons.math3.stat.descriptive.SynchronizedMultivariateSummaryStatisticsTest, org.apache.commons.math3.stat.descriptive.SynchronizedSummaryStatisticsTest, org.apache.commons.math3.stat.descriptive.moment.FirstMomentTest, org.apache.commons.math3.stat.descriptive.moment.FourthMomentTest, org.apache.commons.math3.stat.descriptive.moment.GeometricMeanTest, org.apache.commons.math3.stat.descriptive.moment.InteractionTest, org.apache.commons.math3.stat.descriptive.moment.KurtosisTest, org.apache.commons.math3.stat.descriptive.moment.MeanTest, org.apache.commons.math3.stat.descriptive.moment.SecondMomentTest, org.apache.commons.math3.stat.descriptive.moment.SemiVarianceTest, org.apache.commons.math3.stat.descriptive.moment.SkewnessTest, org.apache.commons.math3.stat.descriptive.moment.StandardDeviationTest, org.apache.commons.math3.stat.descriptive.moment.ThirdMomentTest, org.apache.commons.math3.stat.descriptive.moment.VarianceTest, org.apache.commons.math3.stat.descriptive.moment.VectorialCovarianceTest, org.apache.commons.math3.stat.descriptive.moment.VectorialMeanTest, org.apache.commons.math3.stat.descriptive.rank.MaxTest, org.apache.commons.math3.stat.descriptive.rank.MedianTest, org.apache.commons.math3.stat.descriptive.rank.MinTest, org.apache.commons.math3.stat.descriptive.rank.PSquarePercentileTest, org.apache.commons.math3.stat.descriptive.rank.PercentileTest, org.apache.commons.math3.stat.descriptive.summary.ProductTest, org.apache.commons.math3.stat.descriptive.summary.SumLogTest, org.apache.commons.math3.stat.descriptive.summary.SumSqTest, org.apache.commons.math3.stat.descriptive.summary.SumTest, org.apache.commons.math3.stat.inference.BinomialTestTest, org.apache.commons.math3.stat.inference.ChiSquareTestTest, org.apache.commons.math3.stat.inference.GTestTest, org.apache.commons.math3.stat.inference.KolmogorovSmirnovTestTest, org.apache.commons.math3.stat.inference.MannWhitneyUTestTest, org.apache.commons.math3.stat.inference.OneWayAnovaTest, org.apache.commons.math3.stat.inference.TTestTest, org.apache.commons.math3.stat.inference.TestUtilsTest, org.apache.commons.math3.stat.inference.WilcoxonSignedRankTestTest, org.apache.commons.math3.stat.interval.AgrestiCoullIntervalTest, org.apache.commons.math3.stat.interval.ClopperPearsonIntervalTest, org.apache.commons.math3.stat.interval.IntervalUtilsTest, org.apache.commons.math3.stat.interval.NormalApproximationIntervalTest, org.apache.commons.math3.stat.interval.WilsonScoreIntervalTest, org.apache.commons.math3.stat.ranking.NaturalRankingTest, org.apache.commons.math3.stat.regression.GLSMultipleLinearRegressionTest, org.apache.commons.math3.stat.regression.MillerUpdatingRegressionTest, org.apache.commons.math3.stat.regression.OLSMultipleLinearRegressionTest, org.apache.commons.math3.stat.regression.SimpleRegressionTest, org.apache.commons.math3.transform.FastCosineTransformerTest, org.apache.commons.math3.transform.FastFourierTransformerTest, org.apache.commons.math3.transform.FastHadamardTransformerTest, org.apache.commons.math3.transform.FastSineTransformerTest, org.apache.commons.math3.util.ArithmeticUtilsTest, org.apache.commons.math3.util.BigRealFieldTest, org.apache.commons.math3.util.BigRealTest, org.apache.commons.math3.util.CombinationsTest, org.apache.commons.math3.util.CombinatoricsUtilsTest, org.apache.commons.math3.util.ContinuedFractionTest, org.apache.commons.math3.util.Decimal64Test, org.apache.commons.math3.util.DefaultTransformerTest, org.apache.commons.math3.util.FastMathStrictComparisonTest, org.apache.commons.math3.util.FastMathTest, org.apache.commons.math3.util.FastMathTestPerformance, org.apache.commons.math3.util.IncrementorTest, org.apache.commons.math3.util.MathArraysTest, org.apache.commons.math3.util.MathUtilsTest, org.apache.commons.math3.util.MultidimensionalCounterTest, org.apache.commons.math3.util.OpenIntToDoubleHashMapTest, org.apache.commons.math3.util.OpenIntToFieldTest, org.apache.commons.math3.util.PairTest, org.apache.commons.math3.util.PrecisionTest, org.apache.commons.math3.util.ResizableDoubleArrayTest, org.apache.commons.math3.util.TransformerMapTest], complianceLevel=7, outputFolder=., json=true}
09:38:35.573 [main] INFO  fr.inria.lille.repair.nopol.NoPol - Available processors (cores): 4
09:38:35.579 [main] INFO  fr.inria.lille.repair.nopol.NoPol - Free memory: 894 MB
09:38:35.580 [main] INFO  fr.inria.lille.repair.nopol.NoPol - Maximum memory: 3 GB
09:38:35.580 [main] INFO  fr.inria.lille.repair.nopol.NoPol - Total memory available to JVM: 981 MB
09:38:35.580 [main] INFO  fr.inria.lille.repair.nopol.NoPol - Java version: 1.8.0_181
09:38:35.581 [main] INFO  fr.inria.lille.repair.nopol.NoPol - JAVA_HOME: /usr/lib/jvm/java-1.8.0-openjdk-amd64/bin/
09:38:35.581 [main] INFO  fr.inria.lille.repair.nopol.NoPol - PATH: /usr/lib/jvm/java-1.8.0-openjdk-amd64/bin/:/usr/lib/oar/oardodo:/usr/lib/oar/oardodo:/usr/local/bin:/usr/bin:/bin:/usr/games
09:44:41.912 [pool-2-thread-1] DEBUG fr.inria.lille.repair.nopol.NoPol - statement #1
09:44:41.913 [pool-2-thread-1] DEBUG fr.inria.lille.repair.nopol.NoPol - Analysing SourceLocation org.apache.commons.math3.distribution.SaddlePointExpansion:182 which is executed by 5 tests
998490711
09:44:43.584 [pool-2-thread-1] DEBUG fr.inria.lille.repair.nopol.NoPol - looking with class fr.inria.lille.repair.nopol.spoon.smt.ConditionalAdder
java.lang.AssertionError: Incorrect density value returned for 0 expected:<1.0> but was:<NaN>
    at org.junit.Assert.fail(Assert.java:88)
    at org.junit.Assert.failNotEquals(Assert.java:743)
    at org.junit.Assert.assertEquals(Assert.java:494)
    at org.apache.commons.math3.distribution.IntegerDistributionAbstractTest.verifyDensities(IntegerDistributionAbstractTest.java:158)
    at org.apache.commons.math3.distribution.BinomialDistributionTest.testDegenerate2(BinomialDistributionTest.java:141)
    at sun.reflect.NativeMethodAccessorImpl.invoke0(Native Method)
09:44:43.832 [pool-4-thread-1] INFO  xxl.java.junit.TestCasesListener - Tests run finished (225 ms)
<> Total tests run: 12
<> Ignored tests: 0
<> Failed tests: 1
~ testDegenerate2(org.apache.commons.math3.distribution.BinomialDistributionTest)
[Incorrect density value returned for 0 expected:<1.0> but was:<NaN>]
java.lang.AssertionError: Incorrect density value returned for 0 expected:<1.0> but was:<NaN>    at org.junit.Assert.fail(Assert.java:88)
    at org.junit.Assert.failNotEquals(Assert.java:743)
    at org.junit.Assert.assertEquals(Assert.java:494)
    at org.apache.commons.math3.distribution.IntegerDistributionAbstractTest.verifyDensities(IntegerDistributionAbstractTest.java:158)
    at org.apache.commons.math3.distribution.BinomialDistributionTest.testDegenerate2(BinomialDistributionTest.java:141)
    at sun.reflect.NativeMethodAccessorImpl.invoke0(Native Method)

09:44:44.442 [pool-3-thread-1] ERROR x.java.compiler.DynamicClassCompiler - [Compilation errors]
SaddlePointExpansion.java:90: error: variable ret might not have been initialized
        return ret;
               ^
09:44:44.447 [pool-3-thread-1] ERROR f.i.l.r.n.s.ConstraintModelBuilder - Unable to compile the change: 
final class SaddlePointExpansion {
    private static final double HALF_LOG_2_PI = 0.5 * (org.apache.commons.math3.util.FastMath.log(org.apache.commons.math3.util.MathUtils.TWO_PI));

    private static final double[] EXACT_STIRLING_ERRORS = new double[]{ 0.0, 0.15342640972002736, 0.08106146679532726, 0.05481412105191765, 0.0413406959554093, 0.03316287351993629, 0.02767792568499834, 0.023746163656297496, 0.020790672103765093, 0.018488450532673187, 0.016644691189821193, 0.015134973221917378, 0.013876128823070748, 0.012810465242920227, 0.01189670994589177, 0.011104559758206917, 0.010411265261972096, 0.009799416126158804, 0.009255462182712733, 0.008768700134139386, 0.00833056343336287, 0.00793411456431402, 0.007573675487951841, 0.007244554301320383, 0.00694284010720953, 0.006665247032707682, 0.006408994188004207, 0.006171712263039458, 0.0059513701127588475, 0.0057462165130101155, 0.005554733551962801 };

    private SaddlePointExpansion() {
        super();
    }

    static double getStirlingError(double z) {
        double ret;
        if (z < 15.0) {
            double z2 = 2.0 * z;
            if ((org.apache.commons.math3.util.FastMath.floor(z2)) == z2) {
                ret = org.apache.commons.math3.distribution.SaddlePointExpansion.EXACT_STIRLING_ERRORS[((int) (z2))];
            }else {
                ret = (((org.apache.commons.math3.special.Gamma.logGamma((z + 1.0))) - ((z + 0.5) * (org.apache.commons.math3.util.FastMath.log(z)))) + z) - (org.apache.commons.math3.distribution.SaddlePointExpansion.HALF_LOG_2_PI);
            }
        }else {
            double z2 = z * z;
            ret = (0.08333333333333333 - ((0.002777777777777778 - ((7.936507936507937E-4 - ((5.952380952380953E-4 - (8.417508417508417E-4 / z2)) / z2)) / z2)) / z2)) / z;
        }
        return ret;
    }

    static double getDeviancePart(double x, double mu) {
        double ret;
        if ((org.apache.commons.math3.util.FastMath.abs((x - mu))) < (0.1 * (x + mu))) {
            double d = x - mu;
            double v = d / (x + mu);
            double s1 = v * d;
            double s = java.lang.Double.NaN;
            double ej = (2.0 * x) * v;
            v *= v;
            int j = 1;
            while (s1 != s) {
                s = s1;
                ej *= v;
                s1 = s + (ej / ((j * 2) + 1));
                ++j;
            } 
            ret = s1;
        }else {
            ret = ((x * (org.apache.commons.math3.util.FastMath.log((x / mu)))) + mu) - x;
        }
        return ret;
    }

    static double logBinomialProbability(int x, int n, double p, double q) {
        double ret;
        if (x == 0) {
            if (p < 0.1) {
                boolean spoonDefaultValue = false;
                try {
                    spoonDefaultValue = true;
                } catch (java.lang.Exception __NopolProcessorException) {
                }
                boolean runtimeAngelicValue = fr.inria.lille.repair.nopol.synth.AngelicExecution.angelicValue(spoonDefaultValue);
                if (fr.inria.lille.commons.trace.RuntimeValues.instance(0).isEnabled()) {
                    fr.inria.lille.commons.trace.RuntimeValues.instance(0).collectionStarts();
                    try{fr.inria.lille.commons.trace.RuntimeValues.instance(0).collectInput("p",p);} catch (Exception ex1) {ex1.printStackTrace();};
                    try{fr.inria.lille.commons.trace.RuntimeValues.instance(0).collectInput("x",x);} catch (Exception ex1) {ex1.printStackTrace();};
                    try{fr.inria.lille.commons.trace.RuntimeValues.instance(0).collectInput("q",q);} catch (Exception ex1) {ex1.printStackTrace();};
                    try{fr.inria.lille.commons.trace.RuntimeValues.instance(0).collectInput("n",n);} catch (Exception ex1) {ex1.printStackTrace();};
                    try{fr.inria.lille.commons.trace.RuntimeValues.instance(0).collectInput("org.apache.commons.math3.distribution.SaddlePointExpansion.HALF_LOG_2_PI",org.apache.commons.math3.distribution.SaddlePointExpansion.HALF_LOG_2_PI);} catch (Exception ex1) {ex1.printStackTrace();};
                    try{fr.inria.lille.commons.trace.RuntimeValues.instance(0).collectInput("org.apache.commons.math3.distribution.SaddlePointExpansion.EXACT_STIRLING_ERRORS",org.apache.commons.math3.distribution.SaddlePointExpansion.EXACT_STIRLING_ERRORS);} catch (Exception ex1) {ex1.printStackTrace();};
                    fr.inria.lille.commons.trace.RuntimeValues.instance(0).collectOutput(runtimeAngelicValue);
                    fr.inria.lille.commons.trace.RuntimeValues.instance(0).collectionEnds();
                }
                if (runtimeAngelicValue)
                    ret = (-(org.apache.commons.math3.distribution.SaddlePointExpansion.getDeviancePart(n, (n * q)))) - (n * p);

            }else {
                ret = n * (org.apache.commons.math3.util.FastMath.log(q));
            }
        }else
            if (x == n) {
                if (q < 0.1) {
                    ret = (-(org.apache.commons.math3.distribution.SaddlePointExpansion.getDeviancePart(n, (n * p)))) - (n * q);
                }else {
                    ret = n * (org.apache.commons.math3.util.FastMath.log(p));
                }
            }else {
                ret = ((((org.apache.commons.math3.distribution.SaddlePointExpansion.getStirlingError(n)) - (org.apache.commons.math3.distribution.SaddlePointExpansion.getStirlingError(x))) - (org.apache.commons.math3.distribution.SaddlePointExpansion.getStirlingError((n - x)))) - (org.apache.commons.math3.distribution.SaddlePointExpansion.getDeviancePart(x, (n * p)))) - (org.apache.commons.math3.distribution.SaddlePointExpansion.getDeviancePart((n - x), (n * q)));
                double f = (((org.apache.commons.math3.util.MathUtils.TWO_PI) * x) * (n - x)) / n;
                ret = ((-0.5) * (org.apache.commons.math3.util.FastMath.log(f))) + ret;
            }

        return ret;
    }
}
09:44:44.447 [pool-2-thread-1] ERROR fr.inria.lille.repair.nopol.NoPol - Error ExecutionException java.util.concurrent.ExecutionException: xxl.java.compiler.DynamicCompilationException: Aborting: dynamic compilation failed
09:44:44.448 [pool-2-thread-1] DEBUG fr.inria.lille.repair.nopol.NoPol - statement #2
09:44:44.448 [pool-2-thread-1] DEBUG fr.inria.lille.repair.nopol.NoPol - Analysing SourceLocation org.apache.commons.math3.distribution.BinomialDistribution:111 which is executed by 5 tests
1223662420
09:44:44.592 [pool-2-thread-1] DEBUG fr.inria.lille.repair.nopol.NoPol - looking with class fr.inria.lille.repair.nopol.spoon.smt.ConditionalAdder
java.lang.AssertionError: Incorrect density value returned for 0 expected:<1.0> but was:<NaN>
    at org.junit.Assert.fail(Assert.java:88)
    at org.junit.Assert.failNotEquals(Assert.java:743)
    at org.junit.Assert.assertEquals(Assert.java:494)
    at org.apache.commons.math3.distribution.IntegerDistributionAbstractTest.verifyDensities(IntegerDistributionAbstractTest.java:158)
    at org.apache.commons.math3.distribution.BinomialDistributionTest.testDegenerate2(BinomialDistributionTest.java:141)
    at sun.reflect.NativeMethodAccessorImpl.invoke0(Native Method)
09:44:44.844 [pool-6-thread-1] INFO  xxl.java.junit.TestCasesListener - Tests run finished (246 ms)
<> Total tests run: 12
<> Ignored tests: 0
<> Failed tests: 1
~ testDegenerate2(org.apache.commons.math3.distribution.BinomialDistributionTest)
[Incorrect density value returned for 0 expected:<1.0> but was:<NaN>]
java.lang.AssertionError: Incorrect density value returned for 0 expected:<1.0> but was:<NaN>    at org.junit.Assert.fail(Assert.java:88)
    at org.junit.Assert.failNotEquals(Assert.java:743)
    at org.junit.Assert.assertEquals(Assert.java:494)
    at org.apache.commons.math3.distribution.IntegerDistributionAbstractTest.verifyDensities(IntegerDistributionAbstractTest.java:158)
    at org.apache.commons.math3.distribution.BinomialDistributionTest.testDegenerate2(BinomialDistributionTest.java:141)
    at sun.reflect.NativeMethodAccessorImpl.invoke0(Native Method)

09:44:45.067 [pool-5-thread-1] ERROR x.java.compiler.DynamicClassCompiler - [Compilation errors]
BinomialDistribution.java:62: error: variable ret might not have been initialized
        return ret;
               ^
09:44:45.074 [pool-5-thread-1] ERROR f.i.l.r.n.s.ConstraintModelBuilder - Unable to compile the change: 
public class BinomialDistribution extends org.apache.commons.math3.distribution.AbstractIntegerDistribution {
    private static final long serialVersionUID = 6751309484392813623L;

    private final int numberOfTrials;

    private final double probabilityOfSuccess;

    public BinomialDistribution(int trials, double p) {
        this(new org.apache.commons.math3.random.Well19937c(), trials, p);
    }

    public BinomialDistribution(org.apache.commons.math3.random.RandomGenerator rng, int trials, double p) {
        super(rng);
        if (trials < 0) {
            throw new org.apache.commons.math3.exception.NotPositiveException(org.apache.commons.math3.exception.util.LocalizedFormats.NUMBER_OF_TRIALS, trials);
        }
        if ((p < 0) || (p > 1)) {
            throw new org.apache.commons.math3.exception.OutOfRangeException(p, 0, 1);
        }
        probabilityOfSuccess = p;
        numberOfTrials = trials;
    }

    public int getNumberOfTrials() {
        return numberOfTrials;
    }

    public double getProbabilityOfSuccess() {
        return probabilityOfSuccess;
    }

    public double probability(int x) {
        final double logProbability = logProbability(x);
        return logProbability == (java.lang.Double.NEGATIVE_INFINITY) ? 0 : org.apache.commons.math3.util.FastMath.exp(logProbability);
    }

    @java.lang.Override
    public double logProbability(int x) {
        double ret;
        if ((x < 0) || (x > (numberOfTrials))) {
            boolean spoonDefaultValue = false;
            try {
                spoonDefaultValue = true;
            } catch (java.lang.Exception __NopolProcessorException) {
            }
            boolean runtimeAngelicValue = fr.inria.lille.repair.nopol.synth.AngelicExecution.angelicValue(spoonDefaultValue);
            if (fr.inria.lille.commons.trace.RuntimeValues.instance(1).isEnabled()) {
                fr.inria.lille.commons.trace.RuntimeValues.instance(1).collectionStarts();
                try{fr.inria.lille.commons.trace.RuntimeValues.instance(1).collectInput("x",x);} catch (Exception ex1) {ex1.printStackTrace();};
                try{fr.inria.lille.commons.trace.RuntimeValues.instance(1).collectInput("org.apache.commons.math3.distribution.BinomialDistribution.this.probabilityOfSuccess",org.apache.commons.math3.distribution.BinomialDistribution.this.probabilityOfSuccess);} catch (Exception ex1) {ex1.printStackTrace();};
                try{fr.inria.lille.commons.trace.RuntimeValues.instance(1).collectInput("org.apache.commons.math3.distribution.BinomialDistribution.this.numberOfTrials",org.apache.commons.math3.distribution.BinomialDistribution.this.numberOfTrials);} catch (Exception ex1) {ex1.printStackTrace();};
                fr.inria.lille.commons.trace.RuntimeValues.instance(1).collectOutput(runtimeAngelicValue);
                fr.inria.lille.commons.trace.RuntimeValues.instance(1).collectionEnds();
            }
            if (runtimeAngelicValue)
                ret = java.lang.Double.NEGATIVE_INFINITY;

        }else {
            ret = org.apache.commons.math3.distribution.SaddlePointExpansion.logBinomialProbability(x, numberOfTrials, probabilityOfSuccess, (1.0 - (probabilityOfSuccess)));
        }
        return ret;
    }

    public double cumulativeProbability(int x) {
        double ret;
        if (x < 0) {
            ret = 0.0;
        }else
            if (x >= (numberOfTrials)) {
                ret = 1.0;
            }else {
                ret = 1.0 - (org.apache.commons.math3.special.Beta.regularizedBeta(probabilityOfSuccess, (x + 1.0), ((numberOfTrials) - x)));
            }

        return ret;
    }

    public double getNumericalMean() {
        return (numberOfTrials) * (probabilityOfSuccess);
    }

    public double getNumericalVariance() {
        final double p = probabilityOfSuccess;
        return ((numberOfTrials) * p) * (1 - p);
    }

    public int getSupportLowerBound() {
        return (probabilityOfSuccess) < 1.0 ? 0 : numberOfTrials;
    }

    public int getSupportUpperBound() {
        return (probabilityOfSuccess) > 0.0 ? numberOfTrials : 0;
    }

    public boolean isSupportConnected() {
        return true;
    }
}
09:44:45.074 [pool-2-thread-1] ERROR fr.inria.lille.repair.nopol.NoPol - Error ExecutionException java.util.concurrent.ExecutionException: xxl.java.compiler.DynamicCompilationException: Aborting: dynamic compilation failed
09:44:45.074 [pool-2-thread-1] DEBUG fr.inria.lille.repair.nopol.NoPol - statement #3
09:44:45.074 [pool-2-thread-1] DEBUG fr.inria.lille.repair.nopol.NoPol - Analysing SourceLocation org.apache.commons.math3.distribution.BinomialDistribution:103 which is executed by 7 tests
1223662420
09:44:45.214 [pool-2-thread-1] DEBUG fr.inria.lille.repair.nopol.NoPol - statement #4
09:44:45.214 [pool-2-thread-1] DEBUG fr.inria.lille.repair.nopol.NoPol - Analysing SourceLocation org.apache.commons.math3.distribution.BinomialDistribution:102 which is executed by 7 tests
1223662420
09:44:45.352 [pool-2-thread-1] DEBUG fr.inria.lille.repair.nopol.NoPol - statement #5
09:44:45.352 [pool-2-thread-1] DEBUG fr.inria.lille.repair.nopol.NoPol - Analysing SourceLocation org.apache.commons.math3.distribution.IntegerDistributionAbstractTest:407 which is executed by 8 tests
09:44:45.353 [pool-2-thread-1] DEBUG fr.inria.lille.repair.nopol.NoPol - cannot spoon SourceLocation org.apache.commons.math3.distribution.IntegerDistributionAbstractTest:407
09:44:45.353 [pool-2-thread-1] DEBUG fr.inria.lille.repair.nopol.NoPol - statement #6
09:44:45.353 [pool-2-thread-1] DEBUG fr.inria.lille.repair.nopol.NoPol - Analysing SourceLocation org.apache.commons.math3.distribution.IntegerDistributionAbstractTest:406 which is executed by 8 tests
09:44:45.353 [pool-2-thread-1] DEBUG fr.inria.lille.repair.nopol.NoPol - cannot spoon SourceLocation org.apache.commons.math3.distribution.IntegerDistributionAbstractTest:406
09:44:45.353 [pool-2-thread-1] DEBUG fr.inria.lille.repair.nopol.NoPol - statement #7
09:44:45.353 [pool-2-thread-1] DEBUG fr.inria.lille.repair.nopol.NoPol - Analysing SourceLocation org.apache.commons.math3.distribution.IntegerDistributionAbstractTest:393 which is executed by 8 tests
09:44:45.353 [pool-2-thread-1] DEBUG fr.inria.lille.repair.nopol.NoPol - cannot spoon SourceLocation org.apache.commons.math3.distribution.IntegerDistributionAbstractTest:393
09:44:45.353 [pool-2-thread-1] DEBUG fr.inria.lille.repair.nopol.NoPol - statement #8
09:44:45.353 [pool-2-thread-1] DEBUG fr.inria.lille.repair.nopol.NoPol - Analysing SourceLocation org.apache.commons.math3.distribution.IntegerDistributionAbstractTest:392 which is executed by 8 tests
09:44:45.354 [pool-2-thread-1] DEBUG fr.inria.lille.repair.nopol.NoPol - cannot spoon SourceLocation org.apache.commons.math3.distribution.IntegerDistributionAbstractTest:392
09:44:45.354 [pool-2-thread-1] DEBUG fr.inria.lille.repair.nopol.NoPol - statement #9
09:44:45.354 [pool-2-thread-1] DEBUG fr.inria.lille.repair.nopol.NoPol - Analysing SourceLocation org.apache.commons.math3.distribution.IntegerDistributionAbstractTest:379 which is executed by 8 tests
09:44:45.354 [pool-2-thread-1] DEBUG fr.inria.lille.repair.nopol.NoPol - cannot spoon SourceLocation org.apache.commons.math3.distribution.IntegerDistributionAbstractTest:379
09:44:45.354 [pool-2-thread-1] DEBUG fr.inria.lille.repair.nopol.NoPol - statement #10
09:44:45.354 [pool-2-thread-1] DEBUG fr.inria.lille.repair.nopol.NoPol - Analysing SourceLocation org.apache.commons.math3.distribution.IntegerDistributionAbstractTest:378 which is executed by 8 tests
09:44:45.354 [pool-2-thread-1] DEBUG fr.inria.lille.repair.nopol.NoPol - cannot spoon SourceLocation org.apache.commons.math3.distribution.IntegerDistributionAbstractTest:378
09:44:45.354 [pool-2-thread-1] DEBUG fr.inria.lille.repair.nopol.NoPol - statement #11
09:44:45.354 [pool-2-thread-1] DEBUG fr.inria.lille.repair.nopol.NoPol - Analysing SourceLocation org.apache.commons.math3.distribution.IntegerDistributionAbstractTest:365 which is executed by 8 tests
09:44:45.355 [pool-2-thread-1] DEBUG fr.inria.lille.repair.nopol.NoPol - cannot spoon SourceLocation org.apache.commons.math3.distribution.IntegerDistributionAbstractTest:365
09:44:45.355 [pool-2-thread-1] DEBUG fr.inria.lille.repair.nopol.NoPol - statement #12
09:44:45.355 [pool-2-thread-1] DEBUG fr.inria.lille.repair.nopol.NoPol - Analysing SourceLocation org.apache.commons.math3.distribution.IntegerDistributionAbstractTest:364 which is executed by 8 tests
09:44:45.355 [pool-2-thread-1] DEBUG fr.inria.lille.repair.nopol.NoPol - cannot spoon SourceLocation org.apache.commons.math3.distribution.IntegerDistributionAbstractTest:364
09:44:45.355 [pool-2-thread-1] DEBUG fr.inria.lille.repair.nopol.NoPol - statement #13
09:44:45.355 [pool-2-thread-1] DEBUG fr.inria.lille.repair.nopol.NoPol - Analysing SourceLocation org.apache.commons.math3.distribution.IntegerDistributionAbstractTest:351 which is executed by 8 tests
09:44:45.355 [pool-2-thread-1] DEBUG fr.inria.lille.repair.nopol.NoPol - cannot spoon SourceLocation org.apache.commons.math3.distribution.IntegerDistributionAbstractTest:351
09:44:45.355 [pool-2-thread-1] DEBUG fr.inria.lille.repair.nopol.NoPol - statement #14
09:44:45.355 [pool-2-thread-1] DEBUG fr.inria.lille.repair.nopol.NoPol - Analysing SourceLocation org.apache.commons.math3.distribution.IntegerDistributionAbstractTest:350 which is executed by 8 tests
09:44:45.355 [pool-2-thread-1] DEBUG fr.inria.lille.repair.nopol.NoPol - cannot spoon SourceLocation org.apache.commons.math3.distribution.IntegerDistributionAbstractTest:350
09:44:45.356 [pool-2-thread-1] DEBUG fr.inria.lille.repair.nopol.NoPol - statement #15
09:44:45.356 [pool-2-thread-1] DEBUG fr.inria.lille.repair.nopol.NoPol - Analysing SourceLocation org.apache.commons.math3.distribution.IntegerDistributionAbstractTest:337 which is executed by 8 tests
09:44:45.356 [pool-2-thread-1] DEBUG fr.inria.lille.repair.nopol.NoPol - cannot spoon SourceLocation org.apache.commons.math3.distribution.IntegerDistributionAbstractTest:337
09:44:45.356 [pool-2-thread-1] DEBUG fr.inria.lille.repair.nopol.NoPol - statement #16
09:44:45.356 [pool-2-thread-1] DEBUG fr.inria.lille.repair.nopol.NoPol - Analysing SourceLocation org.apache.commons.math3.distribution.IntegerDistributionAbstractTest:336 which is executed by 8 tests
09:44:45.356 [pool-2-thread-1] DEBUG fr.inria.lille.repair.nopol.NoPol - cannot spoon SourceLocation org.apache.commons.math3.distribution.IntegerDistributionAbstractTest:336
09:44:45.356 [pool-2-thread-1] DEBUG fr.inria.lille.repair.nopol.NoPol - statement #17
09:44:45.356 [pool-2-thread-1] DEBUG fr.inria.lille.repair.nopol.NoPol - Analysing SourceLocation org.apache.commons.math3.distribution.IntegerDistributionAbstractTest:323 which is executed by 8 tests
09:44:45.356 [pool-2-thread-1] DEBUG fr.inria.lille.repair.nopol.NoPol - cannot spoon SourceLocation org.apache.commons.math3.distribution.IntegerDistributionAbstractTest:323
09:44:45.356 [pool-2-thread-1] DEBUG fr.inria.lille.repair.nopol.NoPol - statement #18
09:44:45.357 [pool-2-thread-1] DEBUG fr.inria.lille.repair.nopol.NoPol - Analysing SourceLocation org.apache.commons.math3.distribution.IntegerDistributionAbstractTest:322 which is executed by 8 tests
09:44:45.357 [pool-2-thread-1] DEBUG fr.inria.lille.repair.nopol.NoPol - cannot spoon SourceLocation org.apache.commons.math3.distribution.IntegerDistributionAbstractTest:322
09:44:45.357 [pool-2-thread-1] DEBUG fr.inria.lille.repair.nopol.NoPol - statement #19
09:44:45.357 [pool-2-thread-1] DEBUG fr.inria.lille.repair.nopol.NoPol - Analysing SourceLocation org.apache.commons.math3.distribution.BinomialDistribution:117 which is executed by 8 tests
1223662420
09:44:45.494 [pool-2-thread-1] DEBUG fr.inria.lille.repair.nopol.NoPol - statement #20
09:44:45.495 [pool-2-thread-1] DEBUG fr.inria.lille.repair.nopol.NoPol - Analysing SourceLocation org.apache.commons.math3.distribution.BinomialDistribution:113 which is executed by 8 tests
1223662420
09:44:45.632 [pool-2-thread-1] DEBUG fr.inria.lille.repair.nopol.NoPol - looking with class fr.inria.lille.repair.nopol.spoon.smt.ConditionalAdder
java.lang.AssertionError: Incorrect density value returned for 0 expected:<1.0> but was:<NaN>
    at org.junit.Assert.fail(Assert.java:88)
    at org.junit.Assert.failNotEquals(Assert.java:743)
    at org.junit.Assert.assertEquals(Assert.java:494)
    at org.apache.commons.math3.distribution.IntegerDistributionAbstractTest.verifyDensities(IntegerDistributionAbstractTest.java:158)
    at org.apache.commons.math3.distribution.BinomialDistributionTest.testDegenerate2(BinomialDistributionTest.java:141)
    at sun.reflect.NativeMethodAccessorImpl.invoke0(Native Method)
09:44:46.062 [pool-8-thread-1] INFO  xxl.java.junit.TestCasesListener - Tests run finished (420 ms)
<> Total tests run: 12
<> Ignored tests: 0
<> Failed tests: 1
~ testDegenerate2(org.apache.commons.math3.distribution.BinomialDistributionTest)
[Incorrect density value returned for 0 expected:<1.0> but was:<NaN>]
java.lang.AssertionError: Incorrect density value returned for 0 expected:<1.0> but was:<NaN>    at org.junit.Assert.fail(Assert.java:88)
    at org.junit.Assert.failNotEquals(Assert.java:743)
    at org.junit.Assert.assertEquals(Assert.java:494)
    at org.apache.commons.math3.distribution.IntegerDistributionAbstractTest.verifyDensities(IntegerDistributionAbstractTest.java:158)
    at org.apache.commons.math3.distribution.BinomialDistributionTest.testDegenerate2(BinomialDistributionTest.java:141)
    at sun.reflect.NativeMethodAccessorImpl.invoke0(Native Method)

09:44:46.264 [pool-7-thread-1] ERROR x.java.compiler.DynamicClassCompiler - [Compilation errors]
BinomialDistribution.java:62: error: variable ret might not have been initialized
        return ret;
               ^
09:44:46.270 [pool-7-thread-1] ERROR f.i.l.r.n.s.ConstraintModelBuilder - Unable to compile the change: 
public class BinomialDistribution extends org.apache.commons.math3.distribution.AbstractIntegerDistribution {
    private static final long serialVersionUID = 6751309484392813623L;

    private final int numberOfTrials;

    private final double probabilityOfSuccess;

    public BinomialDistribution(int trials, double p) {
        this(new org.apache.commons.math3.random.Well19937c(), trials, p);
    }

    public BinomialDistribution(org.apache.commons.math3.random.RandomGenerator rng, int trials, double p) {
        super(rng);
        if (trials < 0) {
            throw new org.apache.commons.math3.exception.NotPositiveException(org.apache.commons.math3.exception.util.LocalizedFormats.NUMBER_OF_TRIALS, trials);
        }
        if ((p < 0) || (p > 1)) {
            throw new org.apache.commons.math3.exception.OutOfRangeException(p, 0, 1);
        }
        probabilityOfSuccess = p;
        numberOfTrials = trials;
    }

    public int getNumberOfTrials() {
        return numberOfTrials;
    }

    public double getProbabilityOfSuccess() {
        return probabilityOfSuccess;
    }

    public double probability(int x) {
        final double logProbability = logProbability(x);
        return logProbability == (java.lang.Double.NEGATIVE_INFINITY) ? 0 : org.apache.commons.math3.util.FastMath.exp(logProbability);
    }

    @java.lang.Override
    public double logProbability(int x) {
        double ret;
        if ((x < 0) || (x > (numberOfTrials))) {
            ret = java.lang.Double.NEGATIVE_INFINITY;
        }else {
            boolean spoonDefaultValue = false;
            try {
                spoonDefaultValue = true;
            } catch (java.lang.Exception __NopolProcessorException) {
            }
            boolean runtimeAngelicValue = fr.inria.lille.repair.nopol.synth.AngelicExecution.angelicValue(spoonDefaultValue);
            if (fr.inria.lille.commons.trace.RuntimeValues.instance(2).isEnabled()) {
                fr.inria.lille.commons.trace.RuntimeValues.instance(2).collectionStarts();
                try{fr.inria.lille.commons.trace.RuntimeValues.instance(2).collectInput("x",x);} catch (Exception ex1) {ex1.printStackTrace();};
                try{fr.inria.lille.commons.trace.RuntimeValues.instance(2).collectInput("org.apache.commons.math3.distribution.BinomialDistribution.this.probabilityOfSuccess",org.apache.commons.math3.distribution.BinomialDistribution.this.probabilityOfSuccess);} catch (Exception ex1) {ex1.printStackTrace();};
                try{fr.inria.lille.commons.trace.RuntimeValues.instance(2).collectInput("org.apache.commons.math3.distribution.BinomialDistribution.this.numberOfTrials",org.apache.commons.math3.distribution.BinomialDistribution.this.numberOfTrials);} catch (Exception ex1) {ex1.printStackTrace();};
                fr.inria.lille.commons.trace.RuntimeValues.instance(2).collectOutput(runtimeAngelicValue);
                fr.inria.lille.commons.trace.RuntimeValues.instance(2).collectionEnds();
            }
            if (runtimeAngelicValue)
                ret = org.apache.commons.math3.distribution.SaddlePointExpansion.logBinomialProbability(x, numberOfTrials, probabilityOfSuccess, (1.0 - (probabilityOfSuccess)));

        }
        return ret;
    }

    public double cumulativeProbability(int x) {
        double ret;
        if (x < 0) {
            ret = 0.0;
        }else
            if (x >= (numberOfTrials)) {
                ret = 1.0;
            }else {
                ret = 1.0 - (org.apache.commons.math3.special.Beta.regularizedBeta(probabilityOfSuccess, (x + 1.0), ((numberOfTrials) - x)));
            }

        return ret;
    }

    public double getNumericalMean() {
        return (numberOfTrials) * (probabilityOfSuccess);
    }

    public double getNumericalVariance() {
        final double p = probabilityOfSuccess;
        return ((numberOfTrials) * p) * (1 - p);
    }

    public int getSupportLowerBound() {
        return (probabilityOfSuccess) < 1.0 ? 0 : numberOfTrials;
    }

    public int getSupportUpperBound() {
        return (probabilityOfSuccess) > 0.0 ? numberOfTrials : 0;
    }

    public boolean isSupportConnected() {
        return true;
    }
}
09:44:46.270 [pool-2-thread-1] ERROR fr.inria.lille.repair.nopol.NoPol - Error ExecutionException java.util.concurrent.ExecutionException: xxl.java.compiler.DynamicCompilationException: Aborting: dynamic compilation failed
09:44:46.270 [pool-2-thread-1] DEBUG fr.inria.lille.repair.nopol.NoPol - statement #21
09:44:46.270 [pool-2-thread-1] DEBUG fr.inria.lille.repair.nopol.NoPol - Analysing SourceLocation org.apache.commons.math3.distribution.BinomialDistribution:110 which is executed by 8 tests
1223662420
09:44:46.411 [pool-2-thread-1] DEBUG fr.inria.lille.repair.nopol.NoPol - looking with class fr.inria.lille.repair.nopol.spoon.smt.ConditionalAdder
java.lang.AssertionError: Incorrect density value returned for 0 expected:<1.0> but was:<NaN>
    at org.junit.Assert.fail(Assert.java:88)
    at org.junit.Assert.failNotEquals(Assert.java:743)
    at org.junit.Assert.assertEquals(Assert.java:494)
    at org.apache.commons.math3.distribution.IntegerDistributionAbstractTest.verifyDensities(IntegerDistributionAbstractTest.java:158)
    at org.apache.commons.math3.distribution.BinomialDistributionTest.testDegenerate2(BinomialDistributionTest.java:141)
    at sun.reflect.NativeMethodAccessorImpl.invoke0(Native Method)
09:44:46.666 [pool-10-thread-1] INFO  xxl.java.junit.TestCasesListener - Tests run finished (251 ms)
<> Total tests run: 12
<> Ignored tests: 0
<> Failed tests: 1
~ testDegenerate2(org.apache.commons.math3.distribution.BinomialDistributionTest)
[Incorrect density value returned for 0 expected:<1.0> but was:<NaN>]
java.lang.AssertionError: Incorrect density value returned for 0 expected:<1.0> but was:<NaN>    at org.junit.Assert.fail(Assert.java:88)
    at org.junit.Assert.failNotEquals(Assert.java:743)
    at org.junit.Assert.assertEquals(Assert.java:494)
    at org.apache.commons.math3.distribution.IntegerDistributionAbstractTest.verifyDensities(IntegerDistributionAbstractTest.java:158)
    at org.apache.commons.math3.distribution.BinomialDistributionTest.testDegenerate2(BinomialDistributionTest.java:141)
    at sun.reflect.NativeMethodAccessorImpl.invoke0(Native Method)

09:44:46.866 [pool-9-thread-1] ERROR x.java.compiler.DynamicClassCompiler - [Compilation errors]
BinomialDistribution.java:64: error: variable ret might not have been initialized
        return ret;
               ^
09:44:46.871 [pool-9-thread-1] ERROR f.i.l.r.n.s.ConstraintModelBuilder - Unable to compile the change: 
public class BinomialDistribution extends org.apache.commons.math3.distribution.AbstractIntegerDistribution {
    private static final long serialVersionUID = 6751309484392813623L;

    private final int numberOfTrials;

    private final double probabilityOfSuccess;

    public BinomialDistribution(int trials, double p) {
        this(new org.apache.commons.math3.random.Well19937c(), trials, p);
    }

    public BinomialDistribution(org.apache.commons.math3.random.RandomGenerator rng, int trials, double p) {
        super(rng);
        if (trials < 0) {
            throw new org.apache.commons.math3.exception.NotPositiveException(org.apache.commons.math3.exception.util.LocalizedFormats.NUMBER_OF_TRIALS, trials);
        }
        if ((p < 0) || (p > 1)) {
            throw new org.apache.commons.math3.exception.OutOfRangeException(p, 0, 1);
        }
        probabilityOfSuccess = p;
        numberOfTrials = trials;
    }

    public int getNumberOfTrials() {
        return numberOfTrials;
    }

    public double getProbabilityOfSuccess() {
        return probabilityOfSuccess;
    }

    public double probability(int x) {
        final double logProbability = logProbability(x);
        return logProbability == (java.lang.Double.NEGATIVE_INFINITY) ? 0 : org.apache.commons.math3.util.FastMath.exp(logProbability);
    }

    @java.lang.Override
    public double logProbability(int x) {
        double ret;
        boolean spoonDefaultValue = false;
        try {
            spoonDefaultValue = true;
        } catch (java.lang.Exception __NopolProcessorException) {
        }
        boolean runtimeAngelicValue = fr.inria.lille.repair.nopol.synth.AngelicExecution.angelicValue(spoonDefaultValue);
        if (fr.inria.lille.commons.trace.RuntimeValues.instance(3).isEnabled()) {
            fr.inria.lille.commons.trace.RuntimeValues.instance(3).collectionStarts();
            try{fr.inria.lille.commons.trace.RuntimeValues.instance(3).collectInput("(x < 0)",(x < 0));} catch (Exception ex1) {ex1.printStackTrace();};
            try{fr.inria.lille.commons.trace.RuntimeValues.instance(3).collectInput("0",0);} catch (Exception ex1) {ex1.printStackTrace();};
            try{fr.inria.lille.commons.trace.RuntimeValues.instance(3).collectInput("org.apache.commons.math3.distribution.BinomialDistribution.this.probabilityOfSuccess",org.apache.commons.math3.distribution.BinomialDistribution.this.probabilityOfSuccess);} catch (Exception ex1) {ex1.printStackTrace();};
            try{fr.inria.lille.commons.trace.RuntimeValues.instance(3).collectInput("org.apache.commons.math3.distribution.BinomialDistribution.this.numberOfTrials",org.apache.commons.math3.distribution.BinomialDistribution.this.numberOfTrials);} catch (Exception ex1) {ex1.printStackTrace();};
            try{fr.inria.lille.commons.trace.RuntimeValues.instance(3).collectInput("(x > (numberOfTrials))",(x > (numberOfTrials)));} catch (Exception ex1) {ex1.printStackTrace();};
            try{fr.inria.lille.commons.trace.RuntimeValues.instance(3).collectInput("(x < 0) || (x > (numberOfTrials))",(x < 0) || (x > (numberOfTrials)));} catch (Exception ex1) {ex1.printStackTrace();};
            try{fr.inria.lille.commons.trace.RuntimeValues.instance(3).collectInput("x",x);} catch (Exception ex1) {ex1.printStackTrace();};
            fr.inria.lille.commons.trace.RuntimeValues.instance(3).collectOutput(runtimeAngelicValue);
            fr.inria.lille.commons.trace.RuntimeValues.instance(3).collectionEnds();
        }
        if (runtimeAngelicValue) if ((x < 0) || (x > (numberOfTrials))) {
            ret = java.lang.Double.NEGATIVE_INFINITY;
        }else {
            ret = org.apache.commons.math3.distribution.SaddlePointExpansion.logBinomialProbability(x, numberOfTrials, probabilityOfSuccess, (1.0 - (probabilityOfSuccess)));
        }
        return ret;
    }

    public double cumulativeProbability(int x) {
        double ret;
        if (x < 0) {
            ret = 0.0;
        }else
            if (x >= (numberOfTrials)) {
                ret = 1.0;
            }else {
                ret = 1.0 - (org.apache.commons.math3.special.Beta.regularizedBeta(probabilityOfSuccess, (x + 1.0), ((numberOfTrials) - x)));
            }

        return ret;
    }

    public double getNumericalMean() {
        return (numberOfTrials) * (probabilityOfSuccess);
    }

    public double getNumericalVariance() {
        final double p = probabilityOfSuccess;
        return ((numberOfTrials) * p) * (1 - p);
    }

    public int getSupportLowerBound() {
        return (probabilityOfSuccess) < 1.0 ? 0 : numberOfTrials;
    }

    public int getSupportUpperBound() {
        return (probabilityOfSuccess) > 0.0 ? numberOfTrials : 0;
    }

    public boolean isSupportConnected() {
        return true;
    }
}
09:44:46.872 [pool-2-thread-1] ERROR fr.inria.lille.repair.nopol.NoPol - Error ExecutionException java.util.concurrent.ExecutionException: xxl.java.compiler.DynamicCompilationException: Aborting: dynamic compilation failed
09:44:46.872 [pool-2-thread-1] DEBUG fr.inria.lille.repair.nopol.NoPol - looking with class fr.inria.lille.repair.nopol.spoon.smt.ConditionalReplacer
java.lang.AssertionError: Incorrect density value returned for 0 expected:<1.0> but was:<NaN>
    at org.junit.Assert.fail(Assert.java:88)
    at org.junit.Assert.failNotEquals(Assert.java:743)
    at org.junit.Assert.assertEquals(Assert.java:494)
    at org.apache.commons.math3.distribution.IntegerDistributionAbstractTest.verifyDensities(IntegerDistributionAbstractTest.java:158)
    at org.apache.commons.math3.distribution.BinomialDistributionTest.testDegenerate2(BinomialDistributionTest.java:141)
    at sun.reflect.NativeMethodAccessorImpl.invoke0(Native Method)
09:44:47.101 [pool-12-thread-1] INFO  xxl.java.junit.TestCasesListener - Tests run finished (224 ms)
<> Total tests run: 12
<> Ignored tests: 0
<> Failed tests: 1
~ testDegenerate2(org.apache.commons.math3.distribution.BinomialDistributionTest)
[Incorrect density value returned for 0 expected:<1.0> but was:<NaN>]
java.lang.AssertionError: Incorrect density value returned for 0 expected:<1.0> but was:<NaN>    at org.junit.Assert.fail(Assert.java:88)
    at org.junit.Assert.failNotEquals(Assert.java:743)
    at org.junit.Assert.assertEquals(Assert.java:494)
    at org.apache.commons.math3.distribution.IntegerDistributionAbstractTest.verifyDensities(IntegerDistributionAbstractTest.java:158)
    at org.apache.commons.math3.distribution.BinomialDistributionTest.testDegenerate2(BinomialDistributionTest.java:141)
    at sun.reflect.NativeMethodAccessorImpl.invoke0(Native Method)

java.lang.ArrayIndexOutOfBoundsException: -2
    at org.apache.commons.math3.distribution.SaddlePointExpansion.getStirlingError(SaddlePointExpansion.java:112)
    at org.apache.commons.math3.distribution.SaddlePointExpansion.logBinomialProbability(SaddlePointExpansion.java:193)
    at org.apache.commons.math3.distribution.BinomialDistribution.logProbability(BinomialDistribution.java:62)
    at org.apache.commons.math3.distribution.BinomialDistribution.probability(BinomialDistribution.java:34)
    at org.apache.commons.math3.distribution.IntegerDistributionAbstractTest.verifyDensities(IntegerDistributionAbstractTest.java:160)
    at org.apache.commons.math3.distribution.BinomialDistributionTest.testDegenerate2(BinomialDistributionTest.java:141)
09:44:47.349 [pool-13-thread-1] INFO  f.i.l.c.t.SpecificationTestCasesListener - Tests run finished (19 ms)
<> Total tests run: 1
<> Ignored tests: 0
<> Failed tests: 1
~ testDegenerate2(org.apache.commons.math3.distribution.BinomialDistributionTest)
[-2]
java.lang.ArrayIndexOutOfBoundsException: -2    at org.apache.commons.math3.distribution.SaddlePointExpansion.getStirlingError(SaddlePointExpansion.java:112)
    at org.apache.commons.math3.distribution.SaddlePointExpansion.logBinomialProbability(SaddlePointExpansion.java:193)
    at org.apache.commons.math3.distribution.BinomialDistribution.logProbability(BinomialDistribution.java:62)
    at org.apache.commons.math3.distribution.BinomialDistribution.probability(BinomialDistribution.java:34)
    at org.apache.commons.math3.distribution.IntegerDistributionAbstractTest.verifyDensities(IntegerDistributionAbstractTest.java:160)
    at org.apache.commons.math3.distribution.BinomialDistributionTest.testDegenerate2(BinomialDistributionTest.java:141)

java.lang.AssertionError: Incorrect density value returned for 0 expected:<1.0> but was:<0.0>
    at org.junit.Assert.fail(Assert.java:88)
    at org.junit.Assert.failNotEquals(Assert.java:743)
    at org.junit.Assert.assertEquals(Assert.java:494)
    at org.apache.commons.math3.distribution.IntegerDistributionAbstractTest.verifyDensities(IntegerDistributionAbstractTest.java:158)
    at org.apache.commons.math3.distribution.BinomialDistributionTest.testDegenerate2(BinomialDistributionTest.java:141)
    at sun.reflect.NativeMethodAccessorImpl.invoke0(Native Method)
09:44:47.351 [pool-14-thread-1] INFO  f.i.l.c.t.SpecificationTestCasesListener - Tests run finished (1 ms)
<> Total tests run: 1
<> Ignored tests: 0
<> Failed tests: 1
~ testDegenerate2(org.apache.commons.math3.distribution.BinomialDistributionTest)
[Incorrect density value returned for 0 expected:<1.0> but was:<0.0>]
java.lang.AssertionError: Incorrect density value returned for 0 expected:<1.0> but was:<0.0>    at org.junit.Assert.fail(Assert.java:88)
    at org.junit.Assert.failNotEquals(Assert.java:743)
    at org.junit.Assert.assertEquals(Assert.java:494)
    at org.apache.commons.math3.distribution.IntegerDistributionAbstractTest.verifyDensities(IntegerDistributionAbstractTest.java:158)
    at org.apache.commons.math3.distribution.BinomialDistributionTest.testDegenerate2(BinomialDistributionTest.java:141)
    at sun.reflect.NativeMethodAccessorImpl.invoke0(Native Method)

09:44:47.353 [pool-11-thread-1] DEBUG tests.output - Failing tests with false: 
[testDegenerate2(org.apache.commons.math3.distribution.BinomialDistributionTest): -2]
09:44:47.353 [pool-11-thread-1] DEBUG tests.output - Failing tests with true: 
[testDegenerate2(org.apache.commons.math3.distribution.BinomialDistributionTest): Incorrect density value returned for 0 expected:<1.0> but was:<0.0>]
09:44:47.353 [pool-11-thread-1] INFO  f.i.l.r.n.synth.SMTNopolSynthesizer - Not enough specifications: 0. A trivial patch is "true" or "false", please write new tests specifying SourceLocation org.apache.commons.math3.distribution.BinomialDistribution:110.
09:44:47.353 [pool-2-thread-1] DEBUG fr.inria.lille.repair.nopol.NoPol - statement #22
09:44:47.353 [pool-2-thread-1] DEBUG fr.inria.lille.repair.nopol.NoPol - Analysing SourceLocation org.apache.commons.math3.distribution.IntegerDistributionAbstractTest:160 which is executed by 15 tests
09:44:47.353 [pool-2-thread-1] DEBUG fr.inria.lille.repair.nopol.NoPol - cannot spoon SourceLocation org.apache.commons.math3.distribution.IntegerDistributionAbstractTest:160
09:44:47.353 [pool-2-thread-1] DEBUG fr.inria.lille.repair.nopol.NoPol - statement #23
09:44:47.354 [pool-2-thread-1] DEBUG fr.inria.lille.repair.nopol.NoPol - Analysing SourceLocation org.apache.commons.math3.distribution.IntegerDistributionAbstractTest:158 which is executed by 15 tests
09:44:47.354 [pool-2-thread-1] DEBUG fr.inria.lille.repair.nopol.NoPol - cannot spoon SourceLocation org.apache.commons.math3.distribution.IntegerDistributionAbstractTest:158
09:44:47.354 [pool-2-thread-1] DEBUG fr.inria.lille.repair.nopol.NoPol - statement #24
09:44:47.354 [pool-2-thread-1] DEBUG fr.inria.lille.repair.nopol.NoPol - Analysing SourceLocation org.apache.commons.math3.distribution.IntegerDistributionAbstractTest:157 which is executed by 15 tests
09:44:47.354 [pool-2-thread-1] DEBUG fr.inria.lille.repair.nopol.NoPol - cannot spoon SourceLocation org.apache.commons.math3.distribution.IntegerDistributionAbstractTest:157
09:44:47.354 [pool-2-thread-1] DEBUG fr.inria.lille.repair.nopol.NoPol - statement #25
09:44:47.354 [pool-2-thread-1] DEBUG fr.inria.lille.repair.nopol.NoPol - Analysing SourceLocation org.apache.commons.math3.distribution.IntegerDistributionAbstractTest:413 which is executed by 29 tests
09:44:47.354 [pool-2-thread-1] DEBUG fr.inria.lille.repair.nopol.NoPol - cannot spoon SourceLocation org.apache.commons.math3.distribution.IntegerDistributionAbstractTest:413
09:44:47.354 [pool-2-thread-1] DEBUG fr.inria.lille.repair.nopol.NoPol - statement #26
09:44:47.354 [pool-2-thread-1] DEBUG fr.inria.lille.repair.nopol.NoPol - Analysing SourceLocation org.apache.commons.math3.distribution.IntegerDistributionAbstractTest:103 which is executed by 30 tests
09:44:47.354 [pool-2-thread-1] DEBUG fr.inria.lille.repair.nopol.NoPol - cannot spoon SourceLocation org.apache.commons.math3.distribution.IntegerDistributionAbstractTest:103
09:44:47.354 [pool-2-thread-1] DEBUG fr.inria.lille.repair.nopol.NoPol - statement #27
09:44:47.355 [pool-2-thread-1] DEBUG fr.inria.lille.repair.nopol.NoPol - Analysing SourceLocation org.apache.commons.math3.distribution.IntegerDistributionAbstractTest:101 which is executed by 30 tests
09:44:47.355 [pool-2-thread-1] DEBUG fr.inria.lille.repair.nopol.NoPol - cannot spoon SourceLocation org.apache.commons.math3.distribution.IntegerDistributionAbstractTest:101
09:44:47.355 [pool-2-thread-1] DEBUG fr.inria.lille.repair.nopol.NoPol - statement #28
09:44:47.355 [pool-2-thread-1] DEBUG fr.inria.lille.repair.nopol.NoPol - Analysing SourceLocation org.apache.commons.math3.distribution.IntegerDistributionAbstractTest:100 which is executed by 30 tests
09:44:47.355 [pool-2-thread-1] DEBUG fr.inria.lille.repair.nopol.NoPol - cannot spoon SourceLocation org.apache.commons.math3.distribution.IntegerDistributionAbstractTest:100
09:44:47.355 [pool-2-thread-1] DEBUG fr.inria.lille.repair.nopol.NoPol - statement #29
09:44:47.355 [pool-2-thread-1] DEBUG fr.inria.lille.repair.nopol.NoPol - Analysing SourceLocation org.apache.commons.math3.distribution.IntegerDistributionAbstractTest:99 which is executed by 30 tests
09:44:47.355 [pool-2-thread-1] DEBUG fr.inria.lille.repair.nopol.NoPol - cannot spoon SourceLocation org.apache.commons.math3.distribution.IntegerDistributionAbstractTest:99
09:44:47.355 [pool-2-thread-1] DEBUG fr.inria.lille.repair.nopol.NoPol - statement #30
09:44:47.355 [pool-2-thread-1] DEBUG fr.inria.lille.repair.nopol.NoPol - Analysing SourceLocation org.apache.commons.math3.distribution.IntegerDistributionAbstractTest:98 which is executed by 30 tests
09:44:47.355 [pool-2-thread-1] DEBUG fr.inria.lille.repair.nopol.NoPol - cannot spoon SourceLocation org.apache.commons.math3.distribution.IntegerDistributionAbstractTest:98
09:44:47.355 [pool-2-thread-1] DEBUG fr.inria.lille.repair.nopol.NoPol - statement #31
09:44:47.356 [pool-2-thread-1] DEBUG fr.inria.lille.repair.nopol.NoPol - Analysing SourceLocation org.apache.commons.math3.distribution.SaddlePointExpansion:181 which is executed by 32 tests
998490711
09:44:47.491 [pool-2-thread-1] DEBUG fr.inria.lille.repair.nopol.NoPol - looking with class fr.inria.lille.repair.nopol.spoon.smt.ConditionalAdder
java.lang.AssertionError: Incorrect density value returned for 0 expected:<1.0> but was:<NaN>
    at org.junit.Assert.fail(Assert.java:88)
    at org.junit.Assert.failNotEquals(Assert.java:743)
    at org.junit.Assert.assertEquals(Assert.java:494)
    at org.apache.commons.math3.distribution.IntegerDistributionAbstractTest.verifyDensities(IntegerDistributionAbstractTest.java:158)
    at org.apache.commons.math3.distribution.BinomialDistributionTest.testDegenerate2(BinomialDistributionTest.java:141)
    at sun.reflect.NativeMethodAccessorImpl.invoke0(Native Method)
09:44:47.720 [pool-16-thread-1] INFO  xxl.java.junit.TestCasesListener - Tests run finished (225 ms)
<> Total tests run: 12
<> Ignored tests: 0
<> Failed tests: 1
~ testDegenerate2(org.apache.commons.math3.distribution.BinomialDistributionTest)
[Incorrect density value returned for 0 expected:<1.0> but was:<NaN>]
java.lang.AssertionError: Incorrect density value returned for 0 expected:<1.0> but was:<NaN>    at org.junit.Assert.fail(Assert.java:88)
    at org.junit.Assert.failNotEquals(Assert.java:743)
    at org.junit.Assert.assertEquals(Assert.java:494)
    at org.apache.commons.math3.distribution.IntegerDistributionAbstractTest.verifyDensities(IntegerDistributionAbstractTest.java:158)
    at org.apache.commons.math3.distribution.BinomialDistributionTest.testDegenerate2(BinomialDistributionTest.java:141)
    at sun.reflect.NativeMethodAccessorImpl.invoke0(Native Method)

09:44:47.944 [pool-15-thread-1] ERROR x.java.compiler.DynamicClassCompiler - [Compilation errors]
SaddlePointExpansion.java:90: error: variable ret might not have been initialized
        return ret;
               ^
09:44:47.948 [pool-15-thread-1] ERROR f.i.l.r.n.s.ConstraintModelBuilder - Unable to compile the change: 
final class SaddlePointExpansion {
    private static final double HALF_LOG_2_PI = 0.5 * (org.apache.commons.math3.util.FastMath.log(org.apache.commons.math3.util.MathUtils.TWO_PI));

    private static final double[] EXACT_STIRLING_ERRORS = new double[]{ 0.0, 0.15342640972002736, 0.08106146679532726, 0.05481412105191765, 0.0413406959554093, 0.03316287351993629, 0.02767792568499834, 0.023746163656297496, 0.020790672103765093, 0.018488450532673187, 0.016644691189821193, 0.015134973221917378, 0.013876128823070748, 0.012810465242920227, 0.01189670994589177, 0.011104559758206917, 0.010411265261972096, 0.009799416126158804, 0.009255462182712733, 0.008768700134139386, 0.00833056343336287, 0.00793411456431402, 0.007573675487951841, 0.007244554301320383, 0.00694284010720953, 0.006665247032707682, 0.006408994188004207, 0.006171712263039458, 0.0059513701127588475, 0.0057462165130101155, 0.005554733551962801 };

    private SaddlePointExpansion() {
        super();
    }

    static double getStirlingError(double z) {
        double ret;
        if (z < 15.0) {
            double z2 = 2.0 * z;
            if ((org.apache.commons.math3.util.FastMath.floor(z2)) == z2) {
                ret = org.apache.commons.math3.distribution.SaddlePointExpansion.EXACT_STIRLING_ERRORS[((int) (z2))];
            }else {
                ret = (((org.apache.commons.math3.special.Gamma.logGamma((z + 1.0))) - ((z + 0.5) * (org.apache.commons.math3.util.FastMath.log(z)))) + z) - (org.apache.commons.math3.distribution.SaddlePointExpansion.HALF_LOG_2_PI);
            }
        }else {
            double z2 = z * z;
            ret = (0.08333333333333333 - ((0.002777777777777778 - ((7.936507936507937E-4 - ((5.952380952380953E-4 - (8.417508417508417E-4 / z2)) / z2)) / z2)) / z2)) / z;
        }
        return ret;
    }

    static double getDeviancePart(double x, double mu) {
        double ret;
        if ((org.apache.commons.math3.util.FastMath.abs((x - mu))) < (0.1 * (x + mu))) {
            double d = x - mu;
            double v = d / (x + mu);
            double s1 = v * d;
            double s = java.lang.Double.NaN;
            double ej = (2.0 * x) * v;
            v *= v;
            int j = 1;
            while (s1 != s) {
                s = s1;
                ej *= v;
                s1 = s + (ej / ((j * 2) + 1));
                ++j;
            } 
            ret = s1;
        }else {
            ret = ((x * (org.apache.commons.math3.util.FastMath.log((x / mu)))) + mu) - x;
        }
        return ret;
    }

    static double logBinomialProbability(int x, int n, double p, double q) {
        double ret;
        if (x == 0) {
            boolean spoonDefaultValue = false;
            try {
                spoonDefaultValue = true;
            } catch (java.lang.Exception __NopolProcessorException) {
            }
            boolean runtimeAngelicValue = fr.inria.lille.repair.nopol.synth.AngelicExecution.angelicValue(spoonDefaultValue);
            if (fr.inria.lille.commons.trace.RuntimeValues.instance(5).isEnabled()) {
                fr.inria.lille.commons.trace.RuntimeValues.instance(5).collectionStarts();
                try{fr.inria.lille.commons.trace.RuntimeValues.instance(5).collectInput("p",p);} catch (Exception ex1) {ex1.printStackTrace();};
                try{fr.inria.lille.commons.trace.RuntimeValues.instance(5).collectInput("q",q);} catch (Exception ex1) {ex1.printStackTrace();};
                try{fr.inria.lille.commons.trace.RuntimeValues.instance(5).collectInput("0.1",0.1);} catch (Exception ex1) {ex1.printStackTrace();};
                try{fr.inria.lille.commons.trace.RuntimeValues.instance(5).collectInput("org.apache.commons.math3.distribution.SaddlePointExpansion.HALF_LOG_2_PI",org.apache.commons.math3.distribution.SaddlePointExpansion.HALF_LOG_2_PI);} catch (Exception ex1) {ex1.printStackTrace();};
                try{fr.inria.lille.commons.trace.RuntimeValues.instance(5).collectInput("org.apache.commons.math3.distribution.SaddlePointExpansion.EXACT_STIRLING_ERRORS",org.apache.commons.math3.distribution.SaddlePointExpansion.EXACT_STIRLING_ERRORS);} catch (Exception ex1) {ex1.printStackTrace();};
                try{fr.inria.lille.commons.trace.RuntimeValues.instance(5).collectInput("x",x);} catch (Exception ex1) {ex1.printStackTrace();};
                try{fr.inria.lille.commons.trace.RuntimeValues.instance(5).collectInput("n",n);} catch (Exception ex1) {ex1.printStackTrace();};
                try{fr.inria.lille.commons.trace.RuntimeValues.instance(5).collectInput("p < 0.1",p < 0.1);} catch (Exception ex1) {ex1.printStackTrace();};
                fr.inria.lille.commons.trace.RuntimeValues.instance(5).collectOutput(runtimeAngelicValue);
                fr.inria.lille.commons.trace.RuntimeValues.instance(5).collectionEnds();
            }
            if (runtimeAngelicValue) if (p < 0.1) {
                ret = (-(org.apache.commons.math3.distribution.SaddlePointExpansion.getDeviancePart(n, (n * q)))) - (n * p);
            }else {
                ret = n * (org.apache.commons.math3.util.FastMath.log(q));
            }
        }else
            if (x == n) {
                if (q < 0.1) {
                    ret = (-(org.apache.commons.math3.distribution.SaddlePointExpansion.getDeviancePart(n, (n * p)))) - (n * q);
                }else {
                    ret = n * (org.apache.commons.math3.util.FastMath.log(p));
                }
            }else {
                ret = ((((org.apache.commons.math3.distribution.SaddlePointExpansion.getStirlingError(n)) - (org.apache.commons.math3.distribution.SaddlePointExpansion.getStirlingError(x))) - (org.apache.commons.math3.distribution.SaddlePointExpansion.getStirlingError((n - x)))) - (org.apache.commons.math3.distribution.SaddlePointExpansion.getDeviancePart(x, (n * p)))) - (org.apache.commons.math3.distribution.SaddlePointExpansion.getDeviancePart((n - x), (n * q)));
                double f = (((org.apache.commons.math3.util.MathUtils.TWO_PI) * x) * (n - x)) / n;
                ret = ((-0.5) * (org.apache.commons.math3.util.FastMath.log(f))) + ret;
            }

        return ret;
    }
}
09:44:47.948 [pool-2-thread-1] ERROR fr.inria.lille.repair.nopol.NoPol - Error ExecutionException java.util.concurrent.ExecutionException: xxl.java.compiler.DynamicCompilationException: Aborting: dynamic compilation failed
09:44:47.949 [pool-2-thread-1] DEBUG fr.inria.lille.repair.nopol.NoPol - looking with class fr.inria.lille.repair.nopol.spoon.smt.ConditionalReplacer
java.lang.AssertionError: Incorrect density value returned for 0 expected:<1.0> but was:<NaN>
    at org.junit.Assert.fail(Assert.java:88)
    at org.junit.Assert.failNotEquals(Assert.java:743)
    at org.junit.Assert.assertEquals(Assert.java:494)
    at org.apache.commons.math3.distribution.IntegerDistributionAbstractTest.verifyDensities(IntegerDistributionAbstractTest.java:158)
    at org.apache.commons.math3.distribution.BinomialDistributionTest.testDegenerate2(BinomialDistributionTest.java:141)
    at sun.reflect.NativeMethodAccessorImpl.invoke0(Native Method)
09:44:48.174 [pool-18-thread-1] INFO  xxl.java.junit.TestCasesListener - Tests run finished (221 ms)
<> Total tests run: 12
<> Ignored tests: 0
<> Failed tests: 1
~ testDegenerate2(org.apache.commons.math3.distribution.BinomialDistributionTest)
[Incorrect density value returned for 0 expected:<1.0> but was:<NaN>]
java.lang.AssertionError: Incorrect density value returned for 0 expected:<1.0> but was:<NaN>    at org.junit.Assert.fail(Assert.java:88)
    at org.junit.Assert.failNotEquals(Assert.java:743)
    at org.junit.Assert.assertEquals(Assert.java:494)
    at org.apache.commons.math3.distribution.IntegerDistributionAbstractTest.verifyDensities(IntegerDistributionAbstractTest.java:158)
    at org.apache.commons.math3.distribution.BinomialDistributionTest.testDegenerate2(BinomialDistributionTest.java:141)
    at sun.reflect.NativeMethodAccessorImpl.invoke0(Native Method)

09:44:48.433 [pool-19-thread-1] INFO  f.i.l.c.t.SpecificationTestCasesListener - Tests run finished (19 ms)
<> Total tests run: 1
<> Ignored tests: 0
<> Failed tests: 0

java.lang.AssertionError: Incorrect density value returned for 0 expected:<1.0> but was:<NaN>
    at org.junit.Assert.fail(Assert.java:88)
    at org.junit.Assert.failNotEquals(Assert.java:743)
    at org.junit.Assert.assertEquals(Assert.java:494)
    at org.apache.commons.math3.distribution.IntegerDistributionAbstractTest.verifyDensities(IntegerDistributionAbstractTest.java:158)
    at org.apache.commons.math3.distribution.BinomialDistributionTest.testDegenerate2(BinomialDistributionTest.java:141)
    at sun.reflect.NativeMethodAccessorImpl.invoke0(Native Method)
09:44:48.461 [pool-20-thread-1] INFO  f.i.l.c.t.SpecificationTestCasesListener - Tests run finished (1 ms)
<> Total tests run: 1
<> Ignored tests: 0
<> Failed tests: 1
~ testDegenerate2(org.apache.commons.math3.distribution.BinomialDistributionTest)
[Incorrect density value returned for 0 expected:<1.0> but was:<NaN>]
java.lang.AssertionError: Incorrect density value returned for 0 expected:<1.0> but was:<NaN>    at org.junit.Assert.fail(Assert.java:88)
    at org.junit.Assert.failNotEquals(Assert.java:743)
    at org.junit.Assert.assertEquals(Assert.java:494)
    at org.apache.commons.math3.distribution.IntegerDistributionAbstractTest.verifyDensities(IntegerDistributionAbstractTest.java:158)
    at org.apache.commons.math3.distribution.BinomialDistributionTest.testDegenerate2(BinomialDistributionTest.java:141)
    at sun.reflect.NativeMethodAccessorImpl.invoke0(Native Method)

09:44:48.509 [pool-21-thread-1] INFO  f.i.l.r.n.s.ConstraintModelBuilder$1PassingListener - Tests run finished (31 ms)
<> Total tests run: 1
<> Ignored tests: 0
<> Failed tests: 0

09:44:48.515 [pool-22-thread-1] INFO  f.i.l.r.n.s.ConstraintModelBuilder$1PassingListener - Tests run finished (3 ms)
<> Total tests run: 1
<> Ignored tests: 0
<> Failed tests: 0

09:44:48.525 [pool-23-thread-1] INFO  f.i.l.r.n.s.ConstraintModelBuilder$1PassingListener - Tests run finished (4 ms)
<> Total tests run: 1
<> Ignored tests: 0
<> Failed tests: 0

09:44:48.547 [pool-24-thread-1] INFO  f.i.l.r.n.s.ConstraintModelBuilder$1PassingListener - Tests run finished (5 ms)
<> Total tests run: 1
<> Ignored tests: 0
<> Failed tests: 0

09:44:48.554 [pool-25-thread-1] INFO  f.i.l.r.n.s.ConstraintModelBuilder$1PassingListener - Tests run finished (5 ms)
<> Total tests run: 1
<> Ignored tests: 0
<> Failed tests: 0

09:44:48.561 [pool-26-thread-1] INFO  f.i.l.r.n.s.ConstraintModelBuilder$1PassingListener - Tests run finished (5 ms)
<> Total tests run: 1
<> Ignored tests: 0
<> Failed tests: 0

09:44:48.569 [pool-27-thread-1] INFO  f.i.l.r.n.s.ConstraintModelBuilder$1PassingListener - Tests run finished (5 ms)
<> Total tests run: 1
<> Ignored tests: 0
<> Failed tests: 0

09:44:48.576 [pool-28-thread-1] INFO  f.i.l.r.n.s.ConstraintModelBuilder$1PassingListener - Tests run finished (5 ms)
<> Total tests run: 1
<> Ignored tests: 0
<> Failed tests: 0

09:44:48.582 [pool-29-thread-1] INFO  f.i.l.r.n.s.ConstraintModelBuilder$1PassingListener - Tests run finished (4 ms)
<> Total tests run: 1
<> Ignored tests: 0
<> Failed tests: 0

09:44:48.585 [pool-30-thread-1] INFO  f.i.l.r.n.s.ConstraintModelBuilder$1PassingListener - Tests run finished (1 ms)
<> Total tests run: 1
<> Ignored tests: 0
<> Failed tests: 0

09:44:48.587 [pool-31-thread-1] INFO  f.i.l.r.n.s.ConstraintModelBuilder$1PassingListener - Tests run finished (0 ms)
<> Total tests run: 1
<> Ignored tests: 0
<> Failed tests: 0

09:44:48.588 [pool-32-thread-1] INFO  f.i.l.r.n.s.ConstraintModelBuilder$1PassingListener - Tests run finished (1 ms)
<> Total tests run: 1
<> Ignored tests: 0
<> Failed tests: 0

09:44:48.589 [pool-33-thread-1] INFO  f.i.l.r.n.s.ConstraintModelBuilder$1PassingListener - Tests run finished (0 ms)
<> Total tests run: 1
<> Ignored tests: 0
<> Failed tests: 0

09:44:48.597 [pool-34-thread-1] INFO  f.i.l.r.n.s.ConstraintModelBuilder$1PassingListener - Tests run finished (0 ms)
<> Total tests run: 1
<> Ignored tests: 0
<> Failed tests: 0

09:44:48.604 [pool-35-thread-1] INFO  f.i.l.r.n.s.ConstraintModelBuilder$1PassingListener - Tests run finished (0 ms)
<> Total tests run: 1
<> Ignored tests: 0
<> Failed tests: 0

09:44:48.617 [pool-36-thread-1] INFO  f.i.l.r.n.s.ConstraintModelBuilder$1PassingListener - Tests run finished (11 ms)
<> Total tests run: 1
<> Ignored tests: 0
<> Failed tests: 0

09:44:48.626 [pool-37-thread-1] INFO  f.i.l.r.n.s.ConstraintModelBuilder$1PassingListener - Tests run finished (4 ms)
<> Total tests run: 1
<> Ignored tests: 0
<> Failed tests: 0

09:44:48.630 [pool-38-thread-1] INFO  f.i.l.r.n.s.ConstraintModelBuilder$1PassingListener - Tests run finished (3 ms)
<> Total tests run: 1
<> Ignored tests: 0
<> Failed tests: 0

09:44:48.631 [pool-39-thread-1] INFO  f.i.l.r.n.s.ConstraintModelBuilder$1PassingListener - Tests run finished (0 ms)
<> Total tests run: 1
<> Ignored tests: 0
<> Failed tests: 0

09:44:48.632 [pool-40-thread-1] INFO  f.i.l.r.n.s.ConstraintModelBuilder$1PassingListener - Tests run finished (0 ms)
<> Total tests run: 1
<> Ignored tests: 0
<> Failed tests: 0

09:44:48.634 [pool-41-thread-1] INFO  f.i.l.r.n.s.ConstraintModelBuilder$1PassingListener - Tests run finished (1 ms)
<> Total tests run: 1
<> Ignored tests: 0
<> Failed tests: 0

09:44:48.637 [pool-42-thread-1] INFO  f.i.l.r.n.s.ConstraintModelBuilder$1PassingListener - Tests run finished (1 ms)
<> Total tests run: 1
<> Ignored tests: 0
<> Failed tests: 0

09:44:48.639 [pool-43-thread-1] INFO  f.i.l.r.n.s.ConstraintModelBuilder$1PassingListener - Tests run finished (1 ms)
<> Total tests run: 1
<> Ignored tests: 0
<> Failed tests: 0

09:44:48.640 [pool-44-thread-1] INFO  f.i.l.r.n.s.ConstraintModelBuilder$1PassingListener - Tests run finished (0 ms)
<> Total tests run: 1
<> Ignored tests: 0
<> Failed tests: 0

09:44:48.642 [pool-45-thread-1] INFO  f.i.l.r.n.s.ConstraintModelBuilder$1PassingListener - Tests run finished (1 ms)
<> Total tests run: 1
<> Ignored tests: 0
<> Failed tests: 0

09:44:48.646 [pool-46-thread-1] INFO  f.i.l.r.n.s.ConstraintModelBuilder$1PassingListener - Tests run finished (3 ms)
<> Total tests run: 1
<> Ignored tests: 0
<> Failed tests: 0

09:44:48.647 [pool-47-thread-1] INFO  f.i.l.r.n.s.ConstraintModelBuilder$1PassingListener - Tests run finished (0 ms)
<> Total tests run: 1
<> Ignored tests: 0
<> Failed tests: 0

09:44:48.648 [pool-48-thread-1] INFO  f.i.l.r.n.s.ConstraintModelBuilder$1PassingListener - Tests run finished (0 ms)
<> Total tests run: 1
<> Ignored tests: 0
<> Failed tests: 0

09:44:48.649 [pool-49-thread-1] INFO  f.i.l.r.n.s.ConstraintModelBuilder$1PassingListener - Tests run finished (0 ms)
<> Total tests run: 1
<> Ignored tests: 0
<> Failed tests: 0

09:44:48.658 [pool-50-thread-1] INFO  f.i.l.r.n.s.ConstraintModelBuilder$1PassingListener - Tests run finished (5 ms)
<> Total tests run: 1
<> Ignored tests: 0
<> Failed tests: 0

09:44:48.666 [pool-51-thread-1] INFO  f.i.l.r.n.s.ConstraintModelBuilder$1PassingListener - Tests run finished (5 ms)
<> Total tests run: 1
<> Ignored tests: 0
<> Failed tests: 0

09:44:48.672 [pool-52-thread-1] INFO  f.i.l.r.n.s.ConstraintModelBuilder$1PassingListener - Tests run finished (4 ms)
<> Total tests run: 1
<> Ignored tests: 0
<> Failed tests: 0

09:44:48.679 [pool-53-thread-1] INFO  f.i.l.r.n.s.ConstraintModelBuilder$1PassingListener - Tests run finished (6 ms)
<> Total tests run: 1
<> Ignored tests: 0
<> Failed tests: 0

09:44:48.681 [pool-54-thread-1] INFO  f.i.l.r.n.s.ConstraintModelBuilder$1PassingListener - Tests run finished (1 ms)
<> Total tests run: 1
<> Ignored tests: 0
<> Failed tests: 0

09:44:48.682 [pool-55-thread-1] INFO  f.i.l.r.n.s.ConstraintModelBuilder$1PassingListener - Tests run finished (1 ms)
<> Total tests run: 1
<> Ignored tests: 0
<> Failed tests: 0

09:44:48.686 [pool-56-thread-1] INFO  f.i.l.r.n.s.ConstraintModelBuilder$1PassingListener - Tests run finished (3 ms)
<> Total tests run: 1
<> Ignored tests: 0
<> Failed tests: 0

09:44:48.689 [pool-57-thread-1] INFO  f.i.l.r.n.s.ConstraintModelBuilder$1PassingListener - Tests run finished (2 ms)
<> Total tests run: 1
<> Ignored tests: 0
<> Failed tests: 0

09:44:48.693 [pool-58-thread-1] INFO  f.i.l.r.n.s.ConstraintModelBuilder$1PassingListener - Tests run finished (2 ms)
<> Total tests run: 1
<> Ignored tests: 0
<> Failed tests: 0

09:44:48.697 [pool-59-thread-1] INFO  f.i.l.r.n.s.ConstraintModelBuilder$1PassingListener - Tests run finished (2 ms)
<> Total tests run: 1
<> Ignored tests: 0
<> Failed tests: 0

09:44:48.701 [pool-60-thread-1] INFO  f.i.l.r.n.s.ConstraintModelBuilder$1PassingListener - Tests run finished (3 ms)
<> Total tests run: 1
<> Ignored tests: 0
<> Failed tests: 0

09:44:48.704 [pool-61-thread-1] INFO  f.i.l.r.n.s.ConstraintModelBuilder$1PassingListener - Tests run finished (2 ms)
<> Total tests run: 1
<> Ignored tests: 0
<> Failed tests: 0

09:44:48.705 [pool-62-thread-1] INFO  f.i.l.r.n.s.ConstraintModelBuilder$1PassingListener - Tests run finished (0 ms)
<> Total tests run: 1
<> Ignored tests: 0
<> Failed tests: 0

09:44:48.706 [pool-63-thread-1] INFO  f.i.l.r.n.s.ConstraintModelBuilder$1PassingListener - Tests run finished (0 ms)
<> Total tests run: 1
<> Ignored tests: 0
<> Failed tests: 0

java.lang.AssertionError: Incorrect density value returned for 0 expected:<1.0> but was:<NaN>
    at org.junit.Assert.fail(Assert.java:88)
    at org.junit.Assert.failNotEquals(Assert.java:743)
    at org.junit.Assert.assertEquals(Assert.java:494)
    at org.apache.commons.math3.distribution.IntegerDistributionAbstractTest.verifyDensities(IntegerDistributionAbstractTest.java:158)
    at org.apache.commons.math3.distribution.BinomialDistributionTest.testDegenerate2(BinomialDistributionTest.java:141)
    at sun.reflect.NativeMethodAccessorImpl.invoke0(Native Method)
09:44:48.708 [pool-64-thread-1] INFO  f.i.l.r.n.s.ConstraintModelBuilder$1PassingListener - Tests run finished (0 ms)
<> Total tests run: 1
<> Ignored tests: 0
<> Failed tests: 1
~ testDegenerate2(org.apache.commons.math3.distribution.BinomialDistributionTest)
[Incorrect density value returned for 0 expected:<1.0> but was:<NaN>]
java.lang.AssertionError: Incorrect density value returned for 0 expected:<1.0> but was:<NaN>    at org.junit.Assert.fail(Assert.java:88)
    at org.junit.Assert.failNotEquals(Assert.java:743)
    at org.junit.Assert.assertEquals(Assert.java:494)
    at org.apache.commons.math3.distribution.IntegerDistributionAbstractTest.verifyDensities(IntegerDistributionAbstractTest.java:158)
    at org.apache.commons.math3.distribution.BinomialDistributionTest.testDegenerate2(BinomialDistributionTest.java:141)
    at sun.reflect.NativeMethodAccessorImpl.invoke0(Native Method)

09:44:48.709 [pool-65-thread-1] INFO  f.i.l.r.n.s.ConstraintModelBuilder$1PassingListener - Tests run finished (0 ms)
<> Total tests run: 1
<> Ignored tests: 0
<> Failed tests: 0

09:44:48.710 [pool-66-thread-1] INFO  f.i.l.r.n.s.ConstraintModelBuilder$1PassingListener - Tests run finished (0 ms)
<> Total tests run: 1
<> Ignored tests: 0
<> Failed tests: 0

09:44:48.711 [pool-67-thread-1] INFO  f.i.l.r.n.s.ConstraintModelBuilder$1PassingListener - Tests run finished (0 ms)
<> Total tests run: 1
<> Ignored tests: 0
<> Failed tests: 0

09:44:48.715 [pool-68-thread-1] INFO  f.i.l.r.n.s.ConstraintModelBuilder$1PassingListener - Tests run finished (3 ms)
<> Total tests run: 1
<> Ignored tests: 0
<> Failed tests: 0

09:44:48.719 [pool-69-thread-1] INFO  f.i.l.r.n.s.ConstraintModelBuilder$1PassingListener - Tests run finished (3 ms)
<> Total tests run: 1
<> Ignored tests: 0
<> Failed tests: 0

09:44:48.721 [pool-70-thread-1] INFO  f.i.l.r.n.s.ConstraintModelBuilder$1PassingListener - Tests run finished (2 ms)
<> Total tests run: 1
<> Ignored tests: 0
<> Failed tests: 0

java.lang.AssertionError: Incorrect density value returned for 3 expected:<1.0> but was:<NaN>
    at org.junit.Assert.fail(Assert.java:88)
    at org.junit.Assert.failNotEquals(Assert.java:743)
    at org.junit.Assert.assertEquals(Assert.java:494)
    at org.apache.commons.math3.distribution.IntegerDistributionAbstractTest.verifyDensities(IntegerDistributionAbstractTest.java:158)
    at org.apache.commons.math3.distribution.HypergeometricDistributionTest.testDegenerateNoFailures(HypergeometricDistributionTest.java:121)
    at sun.reflect.NativeMethodAccessorImpl.invoke0(Native Method)
09:44:48.723 [pool-71-thread-1] INFO  f.i.l.r.n.s.ConstraintModelBuilder$1PassingListener - Tests run finished (0 ms)
<> Total tests run: 1
<> Ignored tests: 0
<> Failed tests: 1
~ testDegenerateNoFailures(org.apache.commons.math3.distribution.HypergeometricDistributionTest)
[Incorrect density value returned for 3 expected:<1.0> but was:<NaN>]
java.lang.AssertionError: Incorrect density value returned for 3 expected:<1.0> but was:<NaN>    at org.junit.Assert.fail(Assert.java:88)
    at org.junit.Assert.failNotEquals(Assert.java:743)
    at org.junit.Assert.assertEquals(Assert.java:494)
    at org.apache.commons.math3.distribution.IntegerDistributionAbstractTest.verifyDensities(IntegerDistributionAbstractTest.java:158)
    at org.apache.commons.math3.distribution.HypergeometricDistributionTest.testDegenerateNoFailures(HypergeometricDistributionTest.java:121)
    at sun.reflect.NativeMethodAccessorImpl.invoke0(Native Method)

java.lang.AssertionError: Incorrect density value returned for 0 expected:<1.0> but was:<NaN>
    at org.junit.Assert.fail(Assert.java:88)
    at org.junit.Assert.failNotEquals(Assert.java:743)
    at org.junit.Assert.assertEquals(Assert.java:494)
    at org.apache.commons.math3.distribution.IntegerDistributionAbstractTest.verifyDensities(IntegerDistributionAbstractTest.java:158)
    at org.apache.commons.math3.distribution.HypergeometricDistributionTest.testDegenerateNoSuccesses(HypergeometricDistributionTest.java:139)
    at sun.reflect.NativeMethodAccessorImpl.invoke0(Native Method)
09:44:48.724 [pool-72-thread-1] INFO  f.i.l.r.n.s.ConstraintModelBuilder$1PassingListener - Tests run finished (1 ms)
<> Total tests run: 1
<> Ignored tests: 0
<> Failed tests: 1
~ testDegenerateNoSuccesses(org.apache.commons.math3.distribution.HypergeometricDistributionTest)
[Incorrect density value returned for 0 expected:<1.0> but was:<NaN>]
java.lang.AssertionError: Incorrect density value returned for 0 expected:<1.0> but was:<NaN>    at org.junit.Assert.fail(Assert.java:88)
    at org.junit.Assert.failNotEquals(Assert.java:743)
    at org.junit.Assert.assertEquals(Assert.java:494)
    at org.apache.commons.math3.distribution.IntegerDistributionAbstractTest.verifyDensities(IntegerDistributionAbstractTest.java:158)
    at org.apache.commons.math3.distribution.HypergeometricDistributionTest.testDegenerateNoSuccesses(HypergeometricDistributionTest.java:139)
    at sun.reflect.NativeMethodAccessorImpl.invoke0(Native Method)

09:44:48.725 [pool-73-thread-1] INFO  f.i.l.r.n.s.ConstraintModelBuilder$1PassingListener - Tests run finished (1 ms)
<> Total tests run: 1
<> Ignored tests: 0
<> Failed tests: 0

09:44:48.726 [pool-74-thread-1] INFO  f.i.l.r.n.s.ConstraintModelBuilder$1PassingListener - Tests run finished (0 ms)
<> Total tests run: 1
<> Ignored tests: 0
<> Failed tests: 0

09:44:48.728 [pool-75-thread-1] INFO  f.i.l.r.n.s.ConstraintModelBuilder$1PassingListener - Tests run finished (1 ms)
<> Total tests run: 1
<> Ignored tests: 0
<> Failed tests: 0

09:44:48.729 [pool-76-thread-1] INFO  f.i.l.r.n.s.ConstraintModelBuilder$1PassingListener - Tests run finished (0 ms)
<> Total tests run: 1
<> Ignored tests: 0
<> Failed tests: 0

09:44:48.730 [pool-77-thread-1] INFO  f.i.l.r.n.s.ConstraintModelBuilder$1PassingListener - Tests run finished (1 ms)
<> Total tests run: 1
<> Ignored tests: 0
<> Failed tests: 0

09:44:48.732 [pool-78-thread-1] INFO  f.i.l.r.n.s.ConstraintModelBuilder$1PassingListener - Tests run finished (2 ms)
<> Total tests run: 1
<> Ignored tests: 0
<> Failed tests: 0

09:44:48.733 [pool-79-thread-1] INFO  f.i.l.r.n.s.ConstraintModelBuilder$1PassingListener - Tests run finished (0 ms)
<> Total tests run: 1
<> Ignored tests: 0
<> Failed tests: 0

09:44:48.734 [pool-80-thread-1] INFO  f.i.l.r.n.s.ConstraintModelBuilder$1PassingListener - Tests run finished (0 ms)
<> Total tests run: 1
<> Ignored tests: 0
<> Failed tests: 0

09:44:48.735 [pool-81-thread-1] INFO  f.i.l.r.n.s.ConstraintModelBuilder$1PassingListener - Tests run finished (0 ms)
<> Total tests run: 1
<> Ignored tests: 0
<> Failed tests: 0

09:44:48.739 [pool-82-thread-1] INFO  f.i.l.r.n.s.ConstraintModelBuilder$1PassingListener - Tests run finished (3 ms)
<> Total tests run: 1
<> Ignored tests: 0
<> Failed tests: 0

09:44:48.742 [pool-83-thread-1] INFO  f.i.l.r.n.s.ConstraintModelBuilder$1PassingListener - Tests run finished (2 ms)
<> Total tests run: 1
<> Ignored tests: 0
<> Failed tests: 0

09:44:48.745 [pool-84-thread-1] INFO  f.i.l.r.n.s.ConstraintModelBuilder$1PassingListener - Tests run finished (2 ms)
<> Total tests run: 1
<> Ignored tests: 0
<> Failed tests: 0

09:44:48.747 [pool-85-thread-1] INFO  f.i.l.c.t.SpecificationTestCasesListener - Tests run finished (1 ms)
<> Total tests run: 1
<> Ignored tests: 0
<> Failed tests: 0

09:44:48.748 [pool-86-thread-1] INFO  f.i.l.c.t.SpecificationTestCasesListener - Tests run finished (0 ms)
<> Total tests run: 1
<> Ignored tests: 0
<> Failed tests: 0

09:44:49.025 [pool-17-thread-1] DEBUG f.i.l.c.s.ConstraintBasedSynthesis - Operators:
09:44:49.131 [pool-17-thread-1] DEBUG f.i.l.c.s.ConstraintBasedSynthesis - Operators:
== of arity: 2
!= of arity: 2
< of arity: 2
<= of arity: 2
09:44:49.193 [pool-17-thread-1] DEBUG f.i.l.c.s.ConstraintBasedSynthesis - Successful code synthesis: 0.1 <= x
09:44:49.194 [pool-17-thread-1] INFO  f.i.l.repair.nopol.patch.TestPatch - Applying patch: org.apache.commons.math3.distribution.SaddlePointExpansion:181: CONDITIONAL 0.1 <= x
09:44:49.366 [pool-17-thread-1] INFO  f.i.l.repair.nopol.patch.TestPatch - Running test suite to check the patch "0.1 <= x" is working
09:44:49.538 [pool-2-thread-1] INFO  fr.inria.lille.repair.nopol.NoPol - ----INFORMATION----
09:44:49.955 [pool-2-thread-1] INFO  fr.inria.lille.repair.nopol.NoPol - Nb classes : 830
09:44:49.955 [pool-2-thread-1] INFO  fr.inria.lille.repair.nopol.NoPol - Nb methods : 5520
09:44:49.955 [pool-2-thread-1] INFO  fr.inria.lille.repair.nopol.NoPol - Nb Statements Analyzed : 7
09:44:49.956 [pool-2-thread-1] INFO  fr.inria.lille.repair.nopol.NoPol - Nb Statements with Angelic Value Found : 1
09:44:49.956 [pool-2-thread-1] INFO  fr.inria.lille.repair.nopol.NoPol - Nb inputs in SMT : 2
09:44:49.956 [pool-2-thread-1] INFO  fr.inria.lille.repair.nopol.NoPol - Nb SMT level: 2
09:44:49.956 [pool-2-thread-1] INFO  fr.inria.lille.repair.nopol.NoPol - Nb SMT components: [4] [== of arity: 2, != of arity: 2, < of arity: 2, <= of arity: 2]
09:44:49.956 [pool-2-thread-1] INFO  fr.inria.lille.repair.nopol.NoPol -                   class java.lang.Boolean: 4
09:44:49.956 [pool-2-thread-1] INFO  fr.inria.lille.repair.nopol.NoPol - Nb variables in SMT : 14
09:44:49.956 [pool-2-thread-1] INFO  fr.inria.lille.repair.nopol.NoPol - NoPol Execution time : 373987ms
09:44:49.956 [pool-2-thread-1] INFO  fr.inria.lille.repair.nopol.NoPol - 
09:44:49.956 [pool-2-thread-1] INFO  fr.inria.lille.repair.nopol.NoPol - ----PATCH FOUND----
09:44:49.956 [pool-2-thread-1] INFO  fr.inria.lille.repair.nopol.NoPol - 0.1 <= x
09:44:50.166 [pool-2-thread-1] INFO  fr.inria.lille.repair.nopol.NoPol - Nb test that executes the patch: 32
09:44:50.167 [pool-2-thread-1] INFO  fr.inria.lille.repair.nopol.NoPol - org.apache.commons.math3.distribution.SaddlePointExpansion:181: CONDITIONAL
09:44:50.179 [pool-2-thread-1] INFO  fr.inria.lille.repair.nopol.NoPol - --- a/src/main/java/org/apache/commons/math3/distribution/SaddlePointExpansion.java
+++ b/src/main/java/org/apache/commons/math3/distribution/SaddlePointExpansion.java
@@ -180,3 +180,3 @@
         if (x == 0) {
-            if (p < 0.1) {
+            if (0.1 <= x) {
                 ret = -getDeviancePart(n, n * q) - n * p;

PATCH
527.14user 3.73system 6:16.75elapsed 140%CPU (0avgtext+0avgdata 1460296maxresident)k
55864inputs+6456outputs (24major+735027minor)pagefaults 0swaps


Node: graphene-8.nancy.grid5000.fr



Date: Sat Dec 29 09:44:50 EST 2018

