cd /tmp/DynaMoth_Bears_shapesecurity-shift-java_455763022-456154969;
export JAVA_TOOL_OPTIONS="-Dfile.encoding=UTF8 -Duser.language=en-US -Duser.country=US -Duser.language=en";
TZ="America/New_York"; export TZ;
export PATH="/usr/lib/jvm/java-1.8.0-openjdk-amd64/bin/:$PATH";
export JAVA_HOME="/usr/lib/jvm/java-1.8.0-openjdk-amd64/bin/";
time java -Xmx4g -Xms1g -cp /home/tdurieux/defects4j4repair/script/../repair_tools/nopol.jar:/usr/lib/jvm/java-1.8.0-openjdk-amd64/bin//../lib/tools.jar fr.inria.lille.repair.Main \
	--mode repair \
	--type pre_then_cond \
	--oracle angelic \
	--synthesis dynamoth \
	--flocal gzoltar \
	--json \
	--solver z3 \
	--solver-path /home/tdurieux/defects4j4repair/script/../libs/z3/build/z3 \
	--complianceLevel 8 \
	--source src/main/java \
	--classpath "target/classes:target/test-classes:/home/tdurieux/.m2/repository/com/shapesecurity/shape-functional-java/2.5.2/shape-functional-java-2.5.2.jar:/home/tdurieux/.m2/repository/com/intellij/annotations/5.1/annotations-5.1.jar:/home/tdurieux/.m2/repository/com/google/code/gson/gson/2.8.0/gson-2.8.0.jar:/home/tdurieux/.m2/repository/com/google/guava/guava/19.0/guava-19.0.jar:/home/tdurieux/.m2/repository/org/yaml/snakeyaml/1.16/snakeyaml-1.16.jar:/home/tdurieux/.m2/repository/junit/junit/4.12/junit-4.12.jar:/home/tdurieux/.m2/repository/org/json/json/20160810/json-20160810.jar:/home/tdurieux/.m2/repository/com/google/code/findbugs/jsr305/3.0.2/jsr305-3.0.2.jar:/home/tdurieux/.m2/repository/org/hamcrest/hamcrest-core/1.3/hamcrest-core-1.3.jar:/home/tdurieux/defects4j4repair/script/../repair_tools/nopol.jar";
	echo "\n\nNode: `hostname`\n";
	echo "\n\nDate: `date`\n";
Picked up JAVA_TOOL_OPTIONS: -Dfile.encoding=UTF8 -Duser.language=en-US -Duser.country=US -Duser.language=en
06:25:02.347 [main] INFO  fr.inria.lille.repair.nopol.NoPol - Source files: [src/main/java]
06:25:02.367 [main] INFO  fr.inria.lille.repair.nopol.NoPol - Classpath: [file:/tmp/DynaMoth_Bears_shapesecurity-shift-java_455763022-456154969/target/classes/, file:/tmp/DynaMoth_Bears_shapesecurity-shift-java_455763022-456154969/target/test-classes/, file:/home/tdurieux/.m2/repository/com/shapesecurity/shape-functional-java/2.5.2/shape-functional-java-2.5.2.jar, file:/home/tdurieux/.m2/repository/com/intellij/annotations/5.1/annotations-5.1.jar, file:/home/tdurieux/.m2/repository/com/google/code/gson/gson/2.8.0/gson-2.8.0.jar, file:/home/tdurieux/.m2/repository/com/google/guava/guava/19.0/guava-19.0.jar, file:/home/tdurieux/.m2/repository/org/yaml/snakeyaml/1.16/snakeyaml-1.16.jar, file:/home/tdurieux/.m2/repository/junit/junit/4.12/junit-4.12.jar, file:/home/tdurieux/.m2/repository/org/json/json/20160810/json-20160810.jar, file:/home/tdurieux/.m2/repository/com/google/code/findbugs/jsr305/3.0.2/jsr305-3.0.2.jar, file:/home/tdurieux/.m2/repository/org/hamcrest/hamcrest-core/1.3/hamcrest-core-1.3.jar, file:/home/tdurieux/defects4j4repair/script/../repair_tools/nopol.jar]
06:25:02.367 [main] INFO  fr.inria.lille.repair.nopol.NoPol - Statement type: PRE_THEN_COND
06:25:02.368 [main] INFO  fr.inria.lille.repair.nopol.NoPol - Args: [com.shapesecurity.shift.es2017.Serialization.DeserializerTest, com.shapesecurity.shift.es2017.benchmark.D2ABenchmark, com.shapesecurity.shift.es2017.codegen.CodeGenTest, com.shapesecurity.shift.es2017.codegen.WebSafeCodeGenTest, com.shapesecurity.shift.es2017.fuzzer.FuzzerTest, com.shapesecurity.shift.es2017.integration.IntegrationTest, com.shapesecurity.shift.es2017.parser.API.APITest, com.shapesecurity.shift.es2017.parser.API.ModuleTest, com.shapesecurity.shift.es2017.parser.API.ScriptTest, com.shapesecurity.shift.es2017.parser.DirectiveTest, com.shapesecurity.shift.es2017.parser.EarlyErrorsTest, com.shapesecurity.shift.es2017.parser.FailuresTest, com.shapesecurity.shift.es2017.parser.ParserTest, com.shapesecurity.shift.es2017.parser.declarations.ClassDeclarationTest, com.shapesecurity.shift.es2017.parser.declarations.FunctionDeclarationTest, com.shapesecurity.shift.es2017.parser.declarations.GeneratorDeclarationTest, com.shapesecurity.shift.es2017.parser.declarations.LexicalDeclarationTest, com.shapesecurity.shift.es2017.parser.destructuring.assignment.ArrayAssignmentTargetTest, com.shapesecurity.shift.es2017.parser.destructuring.assignment.ObjectAssignmentTargetTest, com.shapesecurity.shift.es2017.parser.destructuring.binding_pattern.ArrayBindingTest, com.shapesecurity.shift.es2017.parser.destructuring.binding_pattern.BindingIdentifierTest, com.shapesecurity.shift.es2017.parser.destructuring.binding_pattern.ObjectBindingTest, com.shapesecurity.shift.es2017.parser.expressions.ArrayExpressionTest, com.shapesecurity.shift.es2017.parser.expressions.ArrowExpressionTest, com.shapesecurity.shift.es2017.parser.expressions.AssignmentExpressionTest, com.shapesecurity.shift.es2017.parser.expressions.BinaryExpressionTest, com.shapesecurity.shift.es2017.parser.expressions.CallExpressionTest, com.shapesecurity.shift.es2017.parser.expressions.ClassExpressionTest, com.shapesecurity.shift.es2017.parser.expressions.ComputedMemberExpressionTest, com.shapesecurity.shift.es2017.parser.expressions.ConditionalExpressionTest, com.shapesecurity.shift.es2017.parser.expressions.FunctionExpressionTest, com.shapesecurity.shift.es2017.parser.expressions.GroupedExpressionTest, com.shapesecurity.shift.es2017.parser.expressions.IdentifierExpressionTest, com.shapesecurity.shift.es2017.parser.expressions.NewExpressionTest, com.shapesecurity.shift.es2017.parser.expressions.NewTargetExpressionTest, com.shapesecurity.shift.es2017.parser.expressions.ObjectExpressionTest, com.shapesecurity.shift.es2017.parser.expressions.StaticMemberExpressionTest, com.shapesecurity.shift.es2017.parser.expressions.SuperExpressionTest, com.shapesecurity.shift.es2017.parser.expressions.TemplateExpressionTest, com.shapesecurity.shift.es2017.parser.expressions.ThisExpressionTest, com.shapesecurity.shift.es2017.parser.expressions.UnaryExpressionTest, com.shapesecurity.shift.es2017.parser.expressions.UpdateExpressionTest, com.shapesecurity.shift.es2017.parser.expressions.YieldExpressionTest, com.shapesecurity.shift.es2017.parser.expressions.YieldGeneratorExpressionTest, com.shapesecurity.shift.es2017.parser.expressions.literals.LiteralInfinityExpressionTest, com.shapesecurity.shift.es2017.parser.expressions.literals.LiteralNullExpressionTest, com.shapesecurity.shift.es2017.parser.expressions.literals.LiteralNumericExpressionTest, com.shapesecurity.shift.es2017.parser.expressions.literals.LiteralRegExpExpressionTest, com.shapesecurity.shift.es2017.parser.expressions.literals.LiteralStringExpressionTest, com.shapesecurity.shift.es2017.parser.miscellaneous.AsyncAwaitTest, com.shapesecurity.shift.es2017.parser.miscellaneous.CommentsTest, com.shapesecurity.shift.es2017.parser.miscellaneous.GroupingTest, com.shapesecurity.shift.es2017.parser.miscellaneous.IncompatibilitiesTest, com.shapesecurity.shift.es2017.parser.miscellaneous.InteractionsTest, com.shapesecurity.shift.es2017.parser.miscellaneous.LocationTest, com.shapesecurity.shift.es2017.parser.miscellaneous.SemicolonsTest, com.shapesecurity.shift.es2017.parser.miscellaneous.WhitespaceTest, com.shapesecurity.shift.es2017.parser.modules.ExportTest, com.shapesecurity.shift.es2017.parser.modules.ImportTest, com.shapesecurity.shift.es2017.parser.property_definitions.GeneratorMethodTest, com.shapesecurity.shift.es2017.parser.property_definitions.PropertyNameTest, com.shapesecurity.shift.es2017.parser.statements.BlockStatementTest, com.shapesecurity.shift.es2017.parser.statements.BreakStatementTest, com.shapesecurity.shift.es2017.parser.statements.ContinueStatementTest, com.shapesecurity.shift.es2017.parser.statements.DebuggerStatementTest, com.shapesecurity.shift.es2017.parser.statements.DoWhileStatementTest, com.shapesecurity.shift.es2017.parser.statements.EmptyStatementTest, com.shapesecurity.shift.es2017.parser.statements.ExpressionStatementTest, com.shapesecurity.shift.es2017.parser.statements.ForInStatementTest, com.shapesecurity.shift.es2017.parser.statements.ForOfStatementTest, com.shapesecurity.shift.es2017.parser.statements.ForStatementTest, com.shapesecurity.shift.es2017.parser.statements.IfStatementTest, com.shapesecurity.shift.es2017.parser.statements.LabeledStatementTest, com.shapesecurity.shift.es2017.parser.statements.ReturnStatementTest, com.shapesecurity.shift.es2017.parser.statements.SwitchStatementTest, com.shapesecurity.shift.es2017.parser.statements.SwitchStatementWithDefaultTest, com.shapesecurity.shift.es2017.parser.statements.ThrowStatementTest, com.shapesecurity.shift.es2017.parser.statements.TryCatchStatementTest, com.shapesecurity.shift.es2017.parser.statements.TryFinallyStatementTest, com.shapesecurity.shift.es2017.parser.statements.VariableDeclarationStatementTest, com.shapesecurity.shift.es2017.parser.statements.WhileStatementTest, com.shapesecurity.shift.es2017.parser.statements.WithStatementTest, com.shapesecurity.shift.es2017.path.BranchGetterTest, com.shapesecurity.shift.es2017.path.BranchIteratorTest, com.shapesecurity.shift.es2017.path.EqualityTest, com.shapesecurity.shift.es2017.path.ToStringTest, com.shapesecurity.shift.es2017.reducer.CloneReducerTest, com.shapesecurity.shift.es2017.reducer.ReducerTest, com.shapesecurity.shift.es2017.scope.ScopeLookupTest, com.shapesecurity.shift.es2017.scope.ScopeSerializerTest, com.shapesecurity.shift.es2017.scope.ScopeTest, com.shapesecurity.shift.es2017.template.ApplyStructuredTemplateTest, com.shapesecurity.shift.es2017.template.ApplyTemplateTest, com.shapesecurity.shift.es2017.template.FindNodesTest, com.shapesecurity.shift.es2017.test262.Test262, com.shapesecurity.shift.es2017.test262.parser.EarlyTest, com.shapesecurity.shift.es2017.test262.parser.FailTest, com.shapesecurity.shift.es2017.test262.parser.PassTest, com.shapesecurity.shift.es2017.test262.parser.XFailHelper, com.shapesecurity.shift.es2017.validator.ValidatorTest]
06:25:02.370 [main] INFO  fr.inria.lille.repair.nopol.NoPol - Config: Config{synthesisDepth=3, collectStaticMethods=true, collectStaticFields=false, collectLiterals=false, onlyOneSynthesisResult=true, sortExpressions=true, maxLineInvocationPerTest=250, timeoutMethodInvocation=2000, dataCollectionTimeoutInSecondForSynthesis=900, addWeight=0.19478, subWeight=0.04554, mulWeight=0.0102, divWeight=0.00613, andWeight=0.10597, orWeight=0.05708, eqWeight=0.22798, nEqWeight=0.0, lessEqWeight=0.0255, lessWeight=0.0947, methodCallWeight=0.1, fieldAccessWeight=0.08099, constantWeight=0.14232, variableWeight=0.05195, mode=REPAIR, type=PRE_THEN_COND, synthesis=DYNAMOTH, oracle=ANGELIC, solver=Z3, solverPath='/home/tdurieux/defects4j4repair/script/../libs/z3/build/z3', projectSources=[src/main/java], projectClasspath='[Ljava.net.URL;@2ff4f00f', projectTests=[com.shapesecurity.shift.es2017.Serialization.DeserializerTest, com.shapesecurity.shift.es2017.benchmark.D2ABenchmark, com.shapesecurity.shift.es2017.codegen.CodeGenTest, com.shapesecurity.shift.es2017.codegen.WebSafeCodeGenTest, com.shapesecurity.shift.es2017.fuzzer.FuzzerTest, com.shapesecurity.shift.es2017.integration.IntegrationTest, com.shapesecurity.shift.es2017.parser.API.APITest, com.shapesecurity.shift.es2017.parser.API.ModuleTest, com.shapesecurity.shift.es2017.parser.API.ScriptTest, com.shapesecurity.shift.es2017.parser.DirectiveTest, com.shapesecurity.shift.es2017.parser.EarlyErrorsTest, com.shapesecurity.shift.es2017.parser.FailuresTest, com.shapesecurity.shift.es2017.parser.ParserTest, com.shapesecurity.shift.es2017.parser.declarations.ClassDeclarationTest, com.shapesecurity.shift.es2017.parser.declarations.FunctionDeclarationTest, com.shapesecurity.shift.es2017.parser.declarations.GeneratorDeclarationTest, com.shapesecurity.shift.es2017.parser.declarations.LexicalDeclarationTest, com.shapesecurity.shift.es2017.parser.destructuring.assignment.ArrayAssignmentTargetTest, com.shapesecurity.shift.es2017.parser.destructuring.assignment.ObjectAssignmentTargetTest, com.shapesecurity.shift.es2017.parser.destructuring.binding_pattern.ArrayBindingTest, com.shapesecurity.shift.es2017.parser.destructuring.binding_pattern.BindingIdentifierTest, com.shapesecurity.shift.es2017.parser.destructuring.binding_pattern.ObjectBindingTest, com.shapesecurity.shift.es2017.parser.expressions.ArrayExpressionTest, com.shapesecurity.shift.es2017.parser.expressions.ArrowExpressionTest, com.shapesecurity.shift.es2017.parser.expressions.AssignmentExpressionTest, com.shapesecurity.shift.es2017.parser.expressions.BinaryExpressionTest, com.shapesecurity.shift.es2017.parser.expressions.CallExpressionTest, com.shapesecurity.shift.es2017.parser.expressions.ClassExpressionTest, com.shapesecurity.shift.es2017.parser.expressions.ComputedMemberExpressionTest, com.shapesecurity.shift.es2017.parser.expressions.ConditionalExpressionTest, com.shapesecurity.shift.es2017.parser.expressions.FunctionExpressionTest, com.shapesecurity.shift.es2017.parser.expressions.GroupedExpressionTest, com.shapesecurity.shift.es2017.parser.expressions.IdentifierExpressionTest, com.shapesecurity.shift.es2017.parser.expressions.NewExpressionTest, com.shapesecurity.shift.es2017.parser.expressions.NewTargetExpressionTest, com.shapesecurity.shift.es2017.parser.expressions.ObjectExpressionTest, com.shapesecurity.shift.es2017.parser.expressions.StaticMemberExpressionTest, com.shapesecurity.shift.es2017.parser.expressions.SuperExpressionTest, com.shapesecurity.shift.es2017.parser.expressions.TemplateExpressionTest, com.shapesecurity.shift.es2017.parser.expressions.ThisExpressionTest, com.shapesecurity.shift.es2017.parser.expressions.UnaryExpressionTest, com.shapesecurity.shift.es2017.parser.expressions.UpdateExpressionTest, com.shapesecurity.shift.es2017.parser.expressions.YieldExpressionTest, com.shapesecurity.shift.es2017.parser.expressions.YieldGeneratorExpressionTest, com.shapesecurity.shift.es2017.parser.expressions.literals.LiteralInfinityExpressionTest, com.shapesecurity.shift.es2017.parser.expressions.literals.LiteralNullExpressionTest, com.shapesecurity.shift.es2017.parser.expressions.literals.LiteralNumericExpressionTest, com.shapesecurity.shift.es2017.parser.expressions.literals.LiteralRegExpExpressionTest, com.shapesecurity.shift.es2017.parser.expressions.literals.LiteralStringExpressionTest, com.shapesecurity.shift.es2017.parser.miscellaneous.AsyncAwaitTest, com.shapesecurity.shift.es2017.parser.miscellaneous.CommentsTest, com.shapesecurity.shift.es2017.parser.miscellaneous.GroupingTest, com.shapesecurity.shift.es2017.parser.miscellaneous.IncompatibilitiesTest, com.shapesecurity.shift.es2017.parser.miscellaneous.InteractionsTest, com.shapesecurity.shift.es2017.parser.miscellaneous.LocationTest, com.shapesecurity.shift.es2017.parser.miscellaneous.SemicolonsTest, com.shapesecurity.shift.es2017.parser.miscellaneous.WhitespaceTest, com.shapesecurity.shift.es2017.parser.modules.ExportTest, com.shapesecurity.shift.es2017.parser.modules.ImportTest, com.shapesecurity.shift.es2017.parser.property_definitions.GeneratorMethodTest, com.shapesecurity.shift.es2017.parser.property_definitions.PropertyNameTest, com.shapesecurity.shift.es2017.parser.statements.BlockStatementTest, com.shapesecurity.shift.es2017.parser.statements.BreakStatementTest, com.shapesecurity.shift.es2017.parser.statements.ContinueStatementTest, com.shapesecurity.shift.es2017.parser.statements.DebuggerStatementTest, com.shapesecurity.shift.es2017.parser.statements.DoWhileStatementTest, com.shapesecurity.shift.es2017.parser.statements.EmptyStatementTest, com.shapesecurity.shift.es2017.parser.statements.ExpressionStatementTest, com.shapesecurity.shift.es2017.parser.statements.ForInStatementTest, com.shapesecurity.shift.es2017.parser.statements.ForOfStatementTest, com.shapesecurity.shift.es2017.parser.statements.ForStatementTest, com.shapesecurity.shift.es2017.parser.statements.IfStatementTest, com.shapesecurity.shift.es2017.parser.statements.LabeledStatementTest, com.shapesecurity.shift.es2017.parser.statements.ReturnStatementTest, com.shapesecurity.shift.es2017.parser.statements.SwitchStatementTest, com.shapesecurity.shift.es2017.parser.statements.SwitchStatementWithDefaultTest, com.shapesecurity.shift.es2017.parser.statements.ThrowStatementTest, com.shapesecurity.shift.es2017.parser.statements.TryCatchStatementTest, com.shapesecurity.shift.es2017.parser.statements.TryFinallyStatementTest, com.shapesecurity.shift.es2017.parser.statements.VariableDeclarationStatementTest, com.shapesecurity.shift.es2017.parser.statements.WhileStatementTest, com.shapesecurity.shift.es2017.parser.statements.WithStatementTest, com.shapesecurity.shift.es2017.path.BranchGetterTest, com.shapesecurity.shift.es2017.path.BranchIteratorTest, com.shapesecurity.shift.es2017.path.EqualityTest, com.shapesecurity.shift.es2017.path.ToStringTest, com.shapesecurity.shift.es2017.reducer.CloneReducerTest, com.shapesecurity.shift.es2017.reducer.ReducerTest, com.shapesecurity.shift.es2017.scope.ScopeLookupTest, com.shapesecurity.shift.es2017.scope.ScopeSerializerTest, com.shapesecurity.shift.es2017.scope.ScopeTest, com.shapesecurity.shift.es2017.template.ApplyStructuredTemplateTest, com.shapesecurity.shift.es2017.template.ApplyTemplateTest, com.shapesecurity.shift.es2017.template.FindNodesTest, com.shapesecurity.shift.es2017.test262.Test262, com.shapesecurity.shift.es2017.test262.parser.EarlyTest, com.shapesecurity.shift.es2017.test262.parser.FailTest, com.shapesecurity.shift.es2017.test262.parser.PassTest, com.shapesecurity.shift.es2017.test262.parser.XFailHelper, com.shapesecurity.shift.es2017.validator.ValidatorTest], complianceLevel=8, outputFolder=., json=true}
06:25:02.370 [main] INFO  fr.inria.lille.repair.nopol.NoPol - Available processors (cores): 4
06:25:02.377 [main] INFO  fr.inria.lille.repair.nopol.NoPol - Free memory: 930 MB
06:25:02.377 [main] INFO  fr.inria.lille.repair.nopol.NoPol - Maximum memory: 3 GB
06:25:02.377 [main] INFO  fr.inria.lille.repair.nopol.NoPol - Total memory available to JVM: 981 MB
06:25:02.377 [main] INFO  fr.inria.lille.repair.nopol.NoPol - Java version: 1.8.0_181
06:25:02.378 [main] INFO  fr.inria.lille.repair.nopol.NoPol - JAVA_HOME: /usr/lib/jvm/java-1.8.0-openjdk-amd64/bin/
06:25:02.378 [main] INFO  fr.inria.lille.repair.nopol.NoPol - PATH: /usr/lib/jvm/java-1.8.0-openjdk-amd64/bin/:/usr/lib/oar/oardodo:/usr/lib/oar/oardodo:/usr/local/bin:/usr/bin:/bin:/usr/games
06:25:19.918 [pool-2-thread-1] DEBUG fr.inria.lille.repair.nopol.NoPol - statement #1
06:25:19.919 [pool-2-thread-1] DEBUG fr.inria.lille.repair.nopol.NoPol - Analysing SourceLocation com.shapesecurity.shift.es2017.parser.ParserTestCase:89 which is executed by 3 tests
06:25:19.919 [pool-2-thread-1] DEBUG fr.inria.lille.repair.nopol.NoPol - cannot spoon SourceLocation com.shapesecurity.shift.es2017.parser.ParserTestCase:89
06:25:19.919 [pool-2-thread-1] DEBUG fr.inria.lille.repair.nopol.NoPol - statement #2
06:25:19.919 [pool-2-thread-1] DEBUG fr.inria.lille.repair.nopol.NoPol - Analysing SourceLocation com.shapesecurity.shift.es2017.parser.ParserTestCase:88 which is executed by 3 tests
06:25:19.920 [pool-2-thread-1] DEBUG fr.inria.lille.repair.nopol.NoPol - cannot spoon SourceLocation com.shapesecurity.shift.es2017.parser.ParserTestCase:88
06:25:19.920 [pool-2-thread-1] DEBUG fr.inria.lille.repair.nopol.NoPol - statement #3
06:25:19.920 [pool-2-thread-1] DEBUG fr.inria.lille.repair.nopol.NoPol - Analysing SourceLocation com.shapesecurity.shift.es2017.parser.ParserTestCase:87 which is executed by 3 tests
06:25:19.920 [pool-2-thread-1] DEBUG fr.inria.lille.repair.nopol.NoPol - cannot spoon SourceLocation com.shapesecurity.shift.es2017.parser.ParserTestCase:87
06:25:19.920 [pool-2-thread-1] DEBUG fr.inria.lille.repair.nopol.NoPol - statement #4
06:25:19.920 [pool-2-thread-1] DEBUG fr.inria.lille.repair.nopol.NoPol - Analysing SourceLocation com.shapesecurity.shift.es2017.parser.ParserTestCase:86 which is executed by 3 tests
06:25:19.921 [pool-2-thread-1] DEBUG fr.inria.lille.repair.nopol.NoPol - cannot spoon SourceLocation com.shapesecurity.shift.es2017.parser.ParserTestCase:86
06:25:19.921 [pool-2-thread-1] DEBUG fr.inria.lille.repair.nopol.NoPol - statement #5
06:25:19.921 [pool-2-thread-1] DEBUG fr.inria.lille.repair.nopol.NoPol - Analysing SourceLocation com.shapesecurity.shift.es2017.parser.ParserTestCase:85 which is executed by 3 tests
06:25:19.921 [pool-2-thread-1] DEBUG fr.inria.lille.repair.nopol.NoPol - cannot spoon SourceLocation com.shapesecurity.shift.es2017.parser.ParserTestCase:85
06:25:19.921 [pool-2-thread-1] DEBUG fr.inria.lille.repair.nopol.NoPol - statement #6
06:25:19.921 [pool-2-thread-1] DEBUG fr.inria.lille.repair.nopol.NoPol - Analysing SourceLocation com.shapesecurity.shift.es2017.parser.ParserTestCase:84 which is executed by 3 tests
06:25:19.921 [pool-2-thread-1] DEBUG fr.inria.lille.repair.nopol.NoPol - cannot spoon SourceLocation com.shapesecurity.shift.es2017.parser.ParserTestCase:84
06:25:19.921 [pool-2-thread-1] DEBUG fr.inria.lille.repair.nopol.NoPol - statement #7
06:25:19.922 [pool-2-thread-1] DEBUG fr.inria.lille.repair.nopol.NoPol - Analysing SourceLocation com.shapesecurity.shift.es2017.parser.ParserTestCase:82 which is executed by 3 tests
06:25:19.922 [pool-2-thread-1] DEBUG fr.inria.lille.repair.nopol.NoPol - cannot spoon SourceLocation com.shapesecurity.shift.es2017.parser.ParserTestCase:82
06:25:19.922 [pool-2-thread-1] DEBUG fr.inria.lille.repair.nopol.NoPol - statement #8
06:25:19.922 [pool-2-thread-1] DEBUG fr.inria.lille.repair.nopol.NoPol - Analysing SourceLocation com.shapesecurity.shift.es2017.parser.ParserTestCase:81 which is executed by 3 tests
06:25:19.922 [pool-2-thread-1] DEBUG fr.inria.lille.repair.nopol.NoPol - cannot spoon SourceLocation com.shapesecurity.shift.es2017.parser.ParserTestCase:81
06:25:19.922 [pool-2-thread-1] DEBUG fr.inria.lille.repair.nopol.NoPol - statement #9
06:25:19.922 [pool-2-thread-1] DEBUG fr.inria.lille.repair.nopol.NoPol - Analysing SourceLocation com.shapesecurity.shift.es2017.parser.ParserTestCase:80 which is executed by 3 tests
06:25:19.923 [pool-2-thread-1] DEBUG fr.inria.lille.repair.nopol.NoPol - cannot spoon SourceLocation com.shapesecurity.shift.es2017.parser.ParserTestCase:80
06:25:19.923 [pool-2-thread-1] DEBUG fr.inria.lille.repair.nopol.NoPol - statement #10
06:25:19.923 [pool-2-thread-1] DEBUG fr.inria.lille.repair.nopol.NoPol - Analysing SourceLocation com.shapesecurity.shift.es2017.ast.AwaitExpression:37 which is executed by 1 tests
06:25:19.923 [pool-2-thread-1] DEBUG fr.inria.lille.repair.nopol.NoPol - cannot spoon SourceLocation com.shapesecurity.shift.es2017.ast.AwaitExpression:37
06:25:19.923 [pool-2-thread-1] DEBUG fr.inria.lille.repair.nopol.NoPol - statement #11
06:25:19.923 [pool-2-thread-1] DEBUG fr.inria.lille.repair.nopol.NoPol - Analysing SourceLocation com.shapesecurity.shift.es2017.parser.JsError:50 which is executed by 1 tests
315380256
06:25:20.200 [pool-2-thread-1] DEBUG fr.inria.lille.repair.nopol.NoPol - statement #12
06:25:20.201 [pool-2-thread-1] DEBUG fr.inria.lille.repair.nopol.NoPol - Analysing SourceLocation org.yaml.snakeyaml.representer.Representer:40 which is executed by 1 tests
06:25:20.201 [pool-2-thread-1] DEBUG fr.inria.lille.repair.nopol.NoPol - cannot spoon SourceLocation org.yaml.snakeyaml.representer.Representer:40
06:25:20.201 [pool-2-thread-1] DEBUG fr.inria.lille.repair.nopol.NoPol - statement #13
06:25:20.201 [pool-2-thread-1] DEBUG fr.inria.lille.repair.nopol.NoPol - Analysing SourceLocation org.yaml.snakeyaml.nodes.Tag:136 which is executed by 1 tests
06:25:20.201 [pool-2-thread-1] DEBUG fr.inria.lille.repair.nopol.NoPol - cannot spoon SourceLocation org.yaml.snakeyaml.nodes.Tag:136
06:25:20.201 [pool-2-thread-1] DEBUG fr.inria.lille.repair.nopol.NoPol - statement #14
06:25:20.201 [pool-2-thread-1] DEBUG fr.inria.lille.repair.nopol.NoPol - Analysing SourceLocation org.yaml.snakeyaml.representer.SafeRepresenter:417 which is executed by 1 tests
06:25:20.202 [pool-2-thread-1] DEBUG fr.inria.lille.repair.nopol.NoPol - cannot spoon SourceLocation org.yaml.snakeyaml.representer.SafeRepresenter:417
06:25:20.202 [pool-2-thread-1] DEBUG fr.inria.lille.repair.nopol.NoPol - statement #15
06:25:20.202 [pool-2-thread-1] DEBUG fr.inria.lille.repair.nopol.NoPol - Analysing SourceLocation org.yaml.snakeyaml.representer.SafeRepresenter:416 which is executed by 1 tests
06:25:20.202 [pool-2-thread-1] DEBUG fr.inria.lille.repair.nopol.NoPol - cannot spoon SourceLocation org.yaml.snakeyaml.representer.SafeRepresenter:416
06:25:20.202 [pool-2-thread-1] DEBUG fr.inria.lille.repair.nopol.NoPol - statement #16
06:25:20.202 [pool-2-thread-1] DEBUG fr.inria.lille.repair.nopol.NoPol - Analysing SourceLocation org.yaml.snakeyaml.util.UriEncoder:44 which is executed by 1 tests
06:25:20.202 [pool-2-thread-1] DEBUG fr.inria.lille.repair.nopol.NoPol - cannot spoon SourceLocation org.yaml.snakeyaml.util.UriEncoder:44
06:25:20.202 [pool-2-thread-1] DEBUG fr.inria.lille.repair.nopol.NoPol - statement #17
06:25:20.202 [pool-2-thread-1] DEBUG fr.inria.lille.repair.nopol.NoPol - Analysing SourceLocation org.yaml.snakeyaml.TypeDescription:80 which is executed by 1 tests
06:25:20.203 [pool-2-thread-1] DEBUG fr.inria.lille.repair.nopol.NoPol - cannot spoon SourceLocation org.yaml.snakeyaml.TypeDescription:80
06:25:20.203 [pool-2-thread-1] DEBUG fr.inria.lille.repair.nopol.NoPol - statement #18
06:25:20.203 [pool-2-thread-1] DEBUG fr.inria.lille.repair.nopol.NoPol - Analysing SourceLocation org.yaml.snakeyaml.TypeDescription:57 which is executed by 1 tests
06:25:20.203 [pool-2-thread-1] DEBUG fr.inria.lille.repair.nopol.NoPol - cannot spoon SourceLocation org.yaml.snakeyaml.TypeDescription:57
06:25:20.203 [pool-2-thread-1] DEBUG fr.inria.lille.repair.nopol.NoPol - statement #19
06:25:20.203 [pool-2-thread-1] DEBUG fr.inria.lille.repair.nopol.NoPol - Analysing SourceLocation org.yaml.snakeyaml.DumperOptions:366 which is executed by 1 tests
06:25:20.203 [pool-2-thread-1] DEBUG fr.inria.lille.repair.nopol.NoPol - cannot spoon SourceLocation org.yaml.snakeyaml.DumperOptions:366
06:25:20.203 [pool-2-thread-1] DEBUG fr.inria.lille.repair.nopol.NoPol - statement #20
06:25:20.204 [pool-2-thread-1] DEBUG fr.inria.lille.repair.nopol.NoPol - Analysing SourceLocation org.yaml.snakeyaml.DumperOptions:350 which is executed by 1 tests
06:25:20.204 [pool-2-thread-1] DEBUG fr.inria.lille.repair.nopol.NoPol - cannot spoon SourceLocation org.yaml.snakeyaml.DumperOptions:350
06:25:20.204 [pool-2-thread-1] DEBUG fr.inria.lille.repair.nopol.NoPol - statement #21
06:25:20.204 [pool-2-thread-1] DEBUG fr.inria.lille.repair.nopol.NoPol - Analysing SourceLocation org.yaml.snakeyaml.DumperOptions:303 which is executed by 1 tests
06:25:20.204 [pool-2-thread-1] DEBUG fr.inria.lille.repair.nopol.NoPol - cannot spoon SourceLocation org.yaml.snakeyaml.DumperOptions:303
06:25:20.204 [pool-2-thread-1] DEBUG fr.inria.lille.repair.nopol.NoPol - statement #22
06:25:20.204 [pool-2-thread-1] DEBUG fr.inria.lille.repair.nopol.NoPol - Analysing SourceLocation org.yaml.snakeyaml.DumperOptions:192 which is executed by 1 tests
06:25:20.204 [pool-2-thread-1] DEBUG fr.inria.lille.repair.nopol.NoPol - cannot spoon SourceLocation org.yaml.snakeyaml.DumperOptions:192
06:25:20.204 [pool-2-thread-1] DEBUG fr.inria.lille.repair.nopol.NoPol - statement #23
06:25:20.205 [pool-2-thread-1] DEBUG fr.inria.lille.repair.nopol.NoPol - Analysing SourceLocation org.yaml.snakeyaml.introspector.PropertyUtils:151 which is executed by 1 tests
06:25:20.205 [pool-2-thread-1] DEBUG fr.inria.lille.repair.nopol.NoPol - cannot spoon SourceLocation org.yaml.snakeyaml.introspector.PropertyUtils:151
06:25:20.205 [pool-2-thread-1] DEBUG fr.inria.lille.repair.nopol.NoPol - statement #24
06:25:20.205 [pool-2-thread-1] DEBUG fr.inria.lille.repair.nopol.NoPol - Analysing SourceLocation org.yaml.snakeyaml.introspector.PropertyUtils:147 which is executed by 1 tests
06:25:20.205 [pool-2-thread-1] DEBUG fr.inria.lille.repair.nopol.NoPol - cannot spoon SourceLocation org.yaml.snakeyaml.introspector.PropertyUtils:147
06:25:20.205 [pool-2-thread-1] DEBUG fr.inria.lille.repair.nopol.NoPol - statement #25
06:25:20.205 [pool-2-thread-1] DEBUG fr.inria.lille.repair.nopol.NoPol - Analysing SourceLocation org.yaml.snakeyaml.nodes.NodeId:21 which is executed by 1 tests
06:25:20.205 [pool-2-thread-1] DEBUG fr.inria.lille.repair.nopol.NoPol - cannot spoon SourceLocation org.yaml.snakeyaml.nodes.NodeId:21
06:25:20.205 [pool-2-thread-1] DEBUG fr.inria.lille.repair.nopol.NoPol - statement #26
06:25:20.206 [pool-2-thread-1] DEBUG fr.inria.lille.repair.nopol.NoPol - Analysing SourceLocation org.yaml.snakeyaml.external.com.google.gdata.util.common.base.PercentEscaper:197 which is executed by 1 tests
06:25:20.206 [pool-2-thread-1] DEBUG fr.inria.lille.repair.nopol.NoPol - cannot spoon SourceLocation org.yaml.snakeyaml.external.com.google.gdata.util.common.base.PercentEscaper:197
06:25:20.206 [pool-2-thread-1] DEBUG fr.inria.lille.repair.nopol.NoPol - statement #27
06:25:20.206 [pool-2-thread-1] DEBUG fr.inria.lille.repair.nopol.NoPol - Analysing SourceLocation org.yaml.snakeyaml.external.com.google.gdata.util.common.base.PercentEscaper:193 which is executed by 1 tests
06:25:20.206 [pool-2-thread-1] DEBUG fr.inria.lille.repair.nopol.NoPol - cannot spoon SourceLocation org.yaml.snakeyaml.external.com.google.gdata.util.common.base.PercentEscaper:193
06:25:20.206 [pool-2-thread-1] DEBUG fr.inria.lille.repair.nopol.NoPol - statement #28
06:25:20.206 [pool-2-thread-1] DEBUG fr.inria.lille.repair.nopol.NoPol - Analysing SourceLocation org.yaml.snakeyaml.external.com.google.gdata.util.common.base.PercentEscaper:192 which is executed by 1 tests
06:25:20.206 [pool-2-thread-1] DEBUG fr.inria.lille.repair.nopol.NoPol - cannot spoon SourceLocation org.yaml.snakeyaml.external.com.google.gdata.util.common.base.PercentEscaper:192
06:25:20.206 [pool-2-thread-1] DEBUG fr.inria.lille.repair.nopol.NoPol - statement #29
06:25:20.206 [pool-2-thread-1] DEBUG fr.inria.lille.repair.nopol.NoPol - Analysing SourceLocation org.yaml.snakeyaml.external.com.google.gdata.util.common.base.PercentEscaper:191 which is executed by 1 tests
06:25:20.207 [pool-2-thread-1] DEBUG fr.inria.lille.repair.nopol.NoPol - cannot spoon SourceLocation org.yaml.snakeyaml.external.com.google.gdata.util.common.base.PercentEscaper:191
06:25:20.207 [pool-2-thread-1] DEBUG fr.inria.lille.repair.nopol.NoPol - statement #30
06:25:20.207 [pool-2-thread-1] DEBUG fr.inria.lille.repair.nopol.NoPol - Analysing SourceLocation org.yaml.snakeyaml.external.com.google.gdata.util.common.base.PercentEscaper:190 which is executed by 1 tests
06:25:20.207 [pool-2-thread-1] DEBUG fr.inria.lille.repair.nopol.NoPol - cannot spoon SourceLocation org.yaml.snakeyaml.external.com.google.gdata.util.common.base.PercentEscaper:190
06:25:20.207 [pool-2-thread-1] DEBUG fr.inria.lille.repair.nopol.NoPol - statement #31
06:25:20.207 [pool-2-thread-1] DEBUG fr.inria.lille.repair.nopol.NoPol - Analysing SourceLocation org.yaml.snakeyaml.external.com.google.gdata.util.common.base.PercentEscaper:164 which is executed by 1 tests
06:25:20.207 [pool-2-thread-1] DEBUG fr.inria.lille.repair.nopol.NoPol - cannot spoon SourceLocation org.yaml.snakeyaml.external.com.google.gdata.util.common.base.PercentEscaper:164
06:25:20.207 [pool-2-thread-1] DEBUG fr.inria.lille.repair.nopol.NoPol - statement #32
06:25:20.207 [pool-2-thread-1] DEBUG fr.inria.lille.repair.nopol.NoPol - Analysing SourceLocation org.yaml.snakeyaml.external.com.google.gdata.util.common.base.PercentEscaper:162 which is executed by 1 tests
06:25:20.208 [pool-2-thread-1] DEBUG fr.inria.lille.repair.nopol.NoPol - cannot spoon SourceLocation org.yaml.snakeyaml.external.com.google.gdata.util.common.base.PercentEscaper:162
06:25:20.208 [pool-2-thread-1] DEBUG fr.inria.lille.repair.nopol.NoPol - statement #33
06:25:20.208 [pool-2-thread-1] DEBUG fr.inria.lille.repair.nopol.NoPol - Analysing SourceLocation org.yaml.snakeyaml.external.com.google.gdata.util.common.base.PercentEscaper:161 which is executed by 1 tests
06:25:20.208 [pool-2-thread-1] DEBUG fr.inria.lille.repair.nopol.NoPol - cannot spoon SourceLocation org.yaml.snakeyaml.external.com.google.gdata.util.common.base.PercentEscaper:161
06:25:20.208 [pool-2-thread-1] DEBUG fr.inria.lille.repair.nopol.NoPol - statement #34
06:25:20.208 [pool-2-thread-1] DEBUG fr.inria.lille.repair.nopol.NoPol - Analysing SourceLocation org.yaml.snakeyaml.external.com.google.gdata.util.common.base.PercentEscaper:159 which is executed by 1 tests
06:25:20.208 [pool-2-thread-1] DEBUG fr.inria.lille.repair.nopol.NoPol - cannot spoon SourceLocation org.yaml.snakeyaml.external.com.google.gdata.util.common.base.PercentEscaper:159
06:25:20.208 [pool-2-thread-1] DEBUG fr.inria.lille.repair.nopol.NoPol - statement #35
06:25:20.208 [pool-2-thread-1] DEBUG fr.inria.lille.repair.nopol.NoPol - Analysing SourceLocation org.yaml.snakeyaml.external.com.google.gdata.util.common.base.PercentEscaper:158 which is executed by 1 tests
06:25:20.208 [pool-2-thread-1] DEBUG fr.inria.lille.repair.nopol.NoPol - cannot spoon SourceLocation org.yaml.snakeyaml.external.com.google.gdata.util.common.base.PercentEscaper:158
06:25:20.209 [pool-2-thread-1] DEBUG fr.inria.lille.repair.nopol.NoPol - statement #36
06:25:20.209 [pool-2-thread-1] DEBUG fr.inria.lille.repair.nopol.NoPol - Analysing SourceLocation org.yaml.snakeyaml.external.com.google.gdata.util.common.base.PercentEscaper:156 which is executed by 1 tests
06:25:20.209 [pool-2-thread-1] DEBUG fr.inria.lille.repair.nopol.NoPol - cannot spoon SourceLocation org.yaml.snakeyaml.external.com.google.gdata.util.common.base.PercentEscaper:156
06:25:20.209 [pool-2-thread-1] DEBUG fr.inria.lille.repair.nopol.NoPol - statement #37
06:25:20.209 [pool-2-thread-1] DEBUG fr.inria.lille.repair.nopol.NoPol - Analysing SourceLocation org.yaml.snakeyaml.external.com.google.gdata.util.common.base.PercentEscaper:155 which is executed by 1 tests
06:25:20.209 [pool-2-thread-1] DEBUG fr.inria.lille.repair.nopol.NoPol - cannot spoon SourceLocation org.yaml.snakeyaml.external.com.google.gdata.util.common.base.PercentEscaper:155
06:25:20.209 [pool-2-thread-1] DEBUG fr.inria.lille.repair.nopol.NoPol - statement #38
06:25:20.209 [pool-2-thread-1] DEBUG fr.inria.lille.repair.nopol.NoPol - Analysing SourceLocation org.yaml.snakeyaml.external.com.google.gdata.util.common.base.PercentEscaper:153 which is executed by 1 tests
06:25:20.209 [pool-2-thread-1] DEBUG fr.inria.lille.repair.nopol.NoPol - cannot spoon SourceLocation org.yaml.snakeyaml.external.com.google.gdata.util.common.base.PercentEscaper:153
06:25:20.209 [pool-2-thread-1] DEBUG fr.inria.lille.repair.nopol.NoPol - statement #39
06:25:20.210 [pool-2-thread-1] DEBUG fr.inria.lille.repair.nopol.NoPol - Analysing SourceLocation org.yaml.snakeyaml.external.com.google.gdata.util.common.base.PercentEscaper:152 which is executed by 1 tests
06:25:20.210 [pool-2-thread-1] DEBUG fr.inria.lille.repair.nopol.NoPol - cannot spoon SourceLocation org.yaml.snakeyaml.external.com.google.gdata.util.common.base.PercentEscaper:152
06:25:20.210 [pool-2-thread-1] DEBUG fr.inria.lille.repair.nopol.NoPol - statement #40
06:25:20.210 [pool-2-thread-1] DEBUG fr.inria.lille.repair.nopol.NoPol - Analysing SourceLocation org.yaml.snakeyaml.external.com.google.gdata.util.common.base.PercentEscaper:151 which is executed by 1 tests
06:25:20.210 [pool-2-thread-1] DEBUG fr.inria.lille.repair.nopol.NoPol - cannot spoon SourceLocation org.yaml.snakeyaml.external.com.google.gdata.util.common.base.PercentEscaper:151
06:25:20.210 [pool-2-thread-1] DEBUG fr.inria.lille.repair.nopol.NoPol - statement #41
06:25:20.210 [pool-2-thread-1] DEBUG fr.inria.lille.repair.nopol.NoPol - Analysing SourceLocation org.yaml.snakeyaml.external.com.google.gdata.util.common.base.PercentEscaper:149 which is executed by 1 tests
06:25:20.210 [pool-2-thread-1] DEBUG fr.inria.lille.repair.nopol.NoPol - cannot spoon SourceLocation org.yaml.snakeyaml.external.com.google.gdata.util.common.base.PercentEscaper:149
06:25:20.210 [pool-2-thread-1] DEBUG fr.inria.lille.repair.nopol.NoPol - statement #42
06:25:20.210 [pool-2-thread-1] DEBUG fr.inria.lille.repair.nopol.NoPol - Analysing SourceLocation org.yaml.snakeyaml.external.com.google.gdata.util.common.base.PercentEscaper:148 which is executed by 1 tests
06:25:20.211 [pool-2-thread-1] DEBUG fr.inria.lille.repair.nopol.NoPol - cannot spoon SourceLocation org.yaml.snakeyaml.external.com.google.gdata.util.common.base.PercentEscaper:148
06:25:20.211 [pool-2-thread-1] DEBUG fr.inria.lille.repair.nopol.NoPol - statement #43
06:25:20.211 [pool-2-thread-1] DEBUG fr.inria.lille.repair.nopol.NoPol - Analysing SourceLocation org.yaml.snakeyaml.external.com.google.gdata.util.common.base.PercentEscaper:147 which is executed by 1 tests
06:25:20.211 [pool-2-thread-1] DEBUG fr.inria.lille.repair.nopol.NoPol - cannot spoon SourceLocation org.yaml.snakeyaml.external.com.google.gdata.util.common.base.PercentEscaper:147
06:25:20.211 [pool-2-thread-1] DEBUG fr.inria.lille.repair.nopol.NoPol - statement #44
06:25:20.211 [pool-2-thread-1] DEBUG fr.inria.lille.repair.nopol.NoPol - Analysing SourceLocation org.yaml.snakeyaml.external.com.google.gdata.util.common.base.PercentEscaper:146 which is executed by 1 tests
06:25:20.211 [pool-2-thread-1] DEBUG fr.inria.lille.repair.nopol.NoPol - cannot spoon SourceLocation org.yaml.snakeyaml.external.com.google.gdata.util.common.base.PercentEscaper:146
06:25:20.211 [pool-2-thread-1] DEBUG fr.inria.lille.repair.nopol.NoPol - statement #45
06:25:20.211 [pool-2-thread-1] DEBUG fr.inria.lille.repair.nopol.NoPol - Analysing SourceLocation org.yaml.snakeyaml.constructor.BaseConstructor:448 which is executed by 1 tests
06:25:20.211 [pool-2-thread-1] DEBUG fr.inria.lille.repair.nopol.NoPol - cannot spoon SourceLocation org.yaml.snakeyaml.constructor.BaseConstructor:448
06:25:20.211 [pool-2-thread-1] DEBUG fr.inria.lille.repair.nopol.NoPol - statement #46
06:25:20.212 [pool-2-thread-1] DEBUG fr.inria.lille.repair.nopol.NoPol - Analysing SourceLocation org.yaml.snakeyaml.constructor.BaseConstructor:420 which is executed by 1 tests
06:25:20.212 [pool-2-thread-1] DEBUG fr.inria.lille.repair.nopol.NoPol - cannot spoon SourceLocation org.yaml.snakeyaml.constructor.BaseConstructor:420
06:25:20.212 [pool-2-thread-1] DEBUG fr.inria.lille.repair.nopol.NoPol - statement #47
06:25:20.212 [pool-2-thread-1] DEBUG fr.inria.lille.repair.nopol.NoPol - Analysing SourceLocation org.yaml.snakeyaml.constructor.BaseConstructor:419 which is executed by 1 tests
06:25:20.212 [pool-2-thread-1] DEBUG fr.inria.lille.repair.nopol.NoPol - cannot spoon SourceLocation org.yaml.snakeyaml.constructor.BaseConstructor:419
06:25:20.212 [pool-2-thread-1] DEBUG fr.inria.lille.repair.nopol.NoPol - statement #48
06:25:20.212 [pool-2-thread-1] DEBUG fr.inria.lille.repair.nopol.NoPol - Analysing SourceLocation org.yaml.snakeyaml.constructor.BaseConstructor:418 which is executed by 1 tests
06:25:20.212 [pool-2-thread-1] DEBUG fr.inria.lille.repair.nopol.NoPol - cannot spoon SourceLocation org.yaml.snakeyaml.constructor.BaseConstructor:418
06:25:20.212 [pool-2-thread-1] DEBUG fr.inria.lille.repair.nopol.NoPol - statement #49
06:25:20.212 [pool-2-thread-1] DEBUG fr.inria.lille.repair.nopol.NoPol - Analysing SourceLocation org.yaml.snakeyaml.DumperOptions$ScalarStyle:46 which is executed by 1 tests
06:25:20.213 [pool-2-thread-1] DEBUG fr.inria.lille.repair.nopol.NoPol - cannot spoon SourceLocation org.yaml.snakeyaml.DumperOptions$ScalarStyle:46
06:25:20.213 [pool-2-thread-1] DEBUG fr.inria.lille.repair.nopol.NoPol - statement #50
06:25:20.213 [pool-2-thread-1] DEBUG fr.inria.lille.repair.nopol.NoPol - Analysing SourceLocation org.yaml.snakeyaml.representer.BaseRepresenter:196 which is executed by 1 tests
06:25:20.213 [pool-2-thread-1] DEBUG fr.inria.lille.repair.nopol.NoPol - cannot spoon SourceLocation org.yaml.snakeyaml.representer.BaseRepresenter:196
06:25:20.213 [pool-2-thread-1] DEBUG fr.inria.lille.repair.nopol.NoPol - statement #51
06:25:20.213 [pool-2-thread-1] DEBUG fr.inria.lille.repair.nopol.NoPol - Analysing SourceLocation org.yaml.snakeyaml.representer.BaseRepresenter:194 which is executed by 1 tests
06:25:20.213 [pool-2-thread-1] DEBUG fr.inria.lille.repair.nopol.NoPol - cannot spoon SourceLocation org.yaml.snakeyaml.representer.BaseRepresenter:194
06:25:20.213 [pool-2-thread-1] DEBUG fr.inria.lille.repair.nopol.NoPol - statement #52
06:25:20.213 [pool-2-thread-1] DEBUG fr.inria.lille.repair.nopol.NoPol - Analysing SourceLocation org.yaml.snakeyaml.representer.BaseRepresenter:193 which is executed by 1 tests
06:25:20.213 [pool-2-thread-1] DEBUG fr.inria.lille.repair.nopol.NoPol - cannot spoon SourceLocation org.yaml.snakeyaml.representer.BaseRepresenter:193
06:25:20.214 [pool-2-thread-1] DEBUG fr.inria.lille.repair.nopol.NoPol - statement #53
06:25:20.214 [pool-2-thread-1] DEBUG fr.inria.lille.repair.nopol.NoPol - Analysing SourceLocation org.yaml.snakeyaml.representer.BaseRepresenter:181 which is executed by 1 tests
06:25:20.214 [pool-2-thread-1] DEBUG fr.inria.lille.repair.nopol.NoPol - cannot spoon SourceLocation org.yaml.snakeyaml.representer.BaseRepresenter:181
06:25:20.214 [pool-2-thread-1] DEBUG fr.inria.lille.repair.nopol.NoPol - statement #54
06:25:20.214 [pool-2-thread-1] DEBUG fr.inria.lille.repair.nopol.NoPol - Analysing SourceLocation org.yaml.snakeyaml.representer.BaseRepresenter:180 which is executed by 1 tests
06:25:20.214 [pool-2-thread-1] DEBUG fr.inria.lille.repair.nopol.NoPol - cannot spoon SourceLocation org.yaml.snakeyaml.representer.BaseRepresenter:180
06:25:20.214 [pool-2-thread-1] DEBUG fr.inria.lille.repair.nopol.NoPol - statement #55
06:25:20.214 [pool-2-thread-1] DEBUG fr.inria.lille.repair.nopol.NoPol - Analysing SourceLocation org.yaml.snakeyaml.representer.BaseRepresenter:177 which is executed by 1 tests
06:25:20.214 [pool-2-thread-1] DEBUG fr.inria.lille.repair.nopol.NoPol - cannot spoon SourceLocation org.yaml.snakeyaml.representer.BaseRepresenter:177
06:25:20.214 [pool-2-thread-1] DEBUG fr.inria.lille.repair.nopol.NoPol - statement #56
06:25:20.214 [pool-2-thread-1] DEBUG fr.inria.lille.repair.nopol.NoPol - Analysing SourceLocation org.yaml.snakeyaml.representer.BaseRepresenter:176 which is executed by 1 tests
06:25:20.215 [pool-2-thread-1] DEBUG fr.inria.lille.repair.nopol.NoPol - cannot spoon SourceLocation org.yaml.snakeyaml.representer.BaseRepresenter:176
06:25:20.215 [pool-2-thread-1] DEBUG fr.inria.lille.repair.nopol.NoPol - statement #57
06:25:20.215 [pool-2-thread-1] DEBUG fr.inria.lille.repair.nopol.NoPol - Analysing SourceLocation org.yaml.snakeyaml.constructor.Constructor:132 which is executed by 1 tests
06:25:20.215 [pool-2-thread-1] DEBUG fr.inria.lille.repair.nopol.NoPol - cannot spoon SourceLocation org.yaml.snakeyaml.constructor.Constructor:132
06:25:20.215 [pool-2-thread-1] DEBUG fr.inria.lille.repair.nopol.NoPol - statement #58
06:25:20.215 [pool-2-thread-1] DEBUG fr.inria.lille.repair.nopol.NoPol - Analysing SourceLocation org.yaml.snakeyaml.constructor.Constructor:131 which is executed by 1 tests
06:25:20.215 [pool-2-thread-1] DEBUG fr.inria.lille.repair.nopol.NoPol - cannot spoon SourceLocation org.yaml.snakeyaml.constructor.Constructor:131
06:25:20.215 [pool-2-thread-1] DEBUG fr.inria.lille.repair.nopol.NoPol - statement #59
06:25:20.215 [pool-2-thread-1] DEBUG fr.inria.lille.repair.nopol.NoPol - Analysing SourceLocation org.yaml.snakeyaml.constructor.Constructor:130 which is executed by 1 tests
06:25:20.215 [pool-2-thread-1] DEBUG fr.inria.lille.repair.nopol.NoPol - cannot spoon SourceLocation org.yaml.snakeyaml.constructor.Constructor:130
06:25:20.215 [pool-2-thread-1] DEBUG fr.inria.lille.repair.nopol.NoPol - statement #60
06:25:20.215 [pool-2-thread-1] DEBUG fr.inria.lille.repair.nopol.NoPol - Analysing SourceLocation org.yaml.snakeyaml.constructor.Constructor:127 which is executed by 1 tests
06:25:20.216 [pool-2-thread-1] DEBUG fr.inria.lille.repair.nopol.NoPol - cannot spoon SourceLocation org.yaml.snakeyaml.constructor.Constructor:127
06:25:20.216 [pool-2-thread-1] DEBUG fr.inria.lille.repair.nopol.NoPol - statement #61
06:25:20.216 [pool-2-thread-1] DEBUG fr.inria.lille.repair.nopol.NoPol - Analysing SourceLocation org.yaml.snakeyaml.constructor.Constructor:74 which is executed by 1 tests
06:25:20.216 [pool-2-thread-1] DEBUG fr.inria.lille.repair.nopol.NoPol - cannot spoon SourceLocation org.yaml.snakeyaml.constructor.Constructor:74
06:25:20.216 [pool-2-thread-1] DEBUG fr.inria.lille.repair.nopol.NoPol - statement #62
06:25:20.216 [pool-2-thread-1] DEBUG fr.inria.lille.repair.nopol.NoPol - Analysing SourceLocation org.yaml.snakeyaml.constructor.Constructor:71 which is executed by 1 tests
06:25:20.216 [pool-2-thread-1] DEBUG fr.inria.lille.repair.nopol.NoPol - cannot spoon SourceLocation org.yaml.snakeyaml.constructor.Constructor:71
06:25:20.216 [pool-2-thread-1] DEBUG fr.inria.lille.repair.nopol.NoPol - statement #63
06:25:20.216 [pool-2-thread-1] DEBUG fr.inria.lille.repair.nopol.NoPol - Analysing SourceLocation org.yaml.snakeyaml.resolver.Resolver:101 which is executed by 1 tests
06:25:20.216 [pool-2-thread-1] DEBUG fr.inria.lille.repair.nopol.NoPol - cannot spoon SourceLocation org.yaml.snakeyaml.resolver.Resolver:101
06:25:20.216 [pool-2-thread-1] DEBUG fr.inria.lille.repair.nopol.NoPol - statement #64
06:25:20.217 [pool-2-thread-1] DEBUG fr.inria.lille.repair.nopol.NoPol - Analysing SourceLocation org.yaml.snakeyaml.resolver.Resolver:98 which is executed by 1 tests
06:25:20.217 [pool-2-thread-1] DEBUG fr.inria.lille.repair.nopol.NoPol - cannot spoon SourceLocation org.yaml.snakeyaml.resolver.Resolver:98
06:25:20.217 [pool-2-thread-1] DEBUG fr.inria.lille.repair.nopol.NoPol - statement #65
06:25:20.217 [pool-2-thread-1] DEBUG fr.inria.lille.repair.nopol.NoPol - Analysing SourceLocation org.yaml.snakeyaml.resolver.Resolver:96 which is executed by 1 tests
06:25:20.217 [pool-2-thread-1] DEBUG fr.inria.lille.repair.nopol.NoPol - cannot spoon SourceLocation org.yaml.snakeyaml.resolver.Resolver:96
06:25:20.217 [pool-2-thread-1] DEBUG fr.inria.lille.repair.nopol.NoPol - statement #66
06:25:20.217 [pool-2-thread-1] DEBUG fr.inria.lille.repair.nopol.NoPol - Analysing SourceLocation org.yaml.snakeyaml.resolver.Resolver:95 which is executed by 1 tests
06:25:20.217 [pool-2-thread-1] DEBUG fr.inria.lille.repair.nopol.NoPol - cannot spoon SourceLocation org.yaml.snakeyaml.resolver.Resolver:95
06:25:20.217 [pool-2-thread-1] DEBUG fr.inria.lille.repair.nopol.NoPol - statement #67
06:25:20.217 [pool-2-thread-1] DEBUG fr.inria.lille.repair.nopol.NoPol - Analysing SourceLocation org.yaml.snakeyaml.resolver.Resolver:94 which is executed by 1 tests
06:25:20.218 [pool-2-thread-1] DEBUG fr.inria.lille.repair.nopol.NoPol - cannot spoon SourceLocation org.yaml.snakeyaml.resolver.Resolver:94
06:25:20.218 [pool-2-thread-1] DEBUG fr.inria.lille.repair.nopol.NoPol - statement #68
06:25:20.218 [pool-2-thread-1] DEBUG fr.inria.lille.repair.nopol.NoPol - Analysing SourceLocation org.yaml.snakeyaml.resolver.Resolver:93 which is executed by 1 tests
06:25:20.218 [pool-2-thread-1] DEBUG fr.inria.lille.repair.nopol.NoPol - cannot spoon SourceLocation org.yaml.snakeyaml.resolver.Resolver:93
06:25:20.218 [pool-2-thread-1] DEBUG fr.inria.lille.repair.nopol.NoPol - statement #69
06:25:20.218 [pool-2-thread-1] DEBUG fr.inria.lille.repair.nopol.NoPol - Analysing SourceLocation org.yaml.snakeyaml.resolver.Resolver:91 which is executed by 1 tests
06:25:20.218 [pool-2-thread-1] DEBUG fr.inria.lille.repair.nopol.NoPol - cannot spoon SourceLocation org.yaml.snakeyaml.resolver.Resolver:91
06:25:20.218 [pool-2-thread-1] DEBUG fr.inria.lille.repair.nopol.NoPol - statement #70
06:25:20.218 [pool-2-thread-1] DEBUG fr.inria.lille.repair.nopol.NoPol - Analysing SourceLocation org.yaml.snakeyaml.resolver.Resolver:89 which is executed by 1 tests
06:25:20.218 [pool-2-thread-1] DEBUG fr.inria.lille.repair.nopol.NoPol - cannot spoon SourceLocation org.yaml.snakeyaml.resolver.Resolver:89
06:25:20.218 [pool-2-thread-1] DEBUG fr.inria.lille.repair.nopol.NoPol - statement #71
06:25:20.218 [pool-2-thread-1] DEBUG fr.inria.lille.repair.nopol.NoPol - Analysing SourceLocation org.yaml.snakeyaml.resolver.Resolver:88 which is executed by 1 tests
06:25:20.219 [pool-2-thread-1] DEBUG fr.inria.lille.repair.nopol.NoPol - cannot spoon SourceLocation org.yaml.snakeyaml.resolver.Resolver:88
06:25:20.219 [pool-2-thread-1] DEBUG fr.inria.lille.repair.nopol.NoPol - statement #72
06:25:20.219 [pool-2-thread-1] DEBUG fr.inria.lille.repair.nopol.NoPol - Analysing SourceLocation org.yaml.snakeyaml.resolver.Resolver:87 which is executed by 1 tests
06:25:20.219 [pool-2-thread-1] DEBUG fr.inria.lille.repair.nopol.NoPol - cannot spoon SourceLocation org.yaml.snakeyaml.resolver.Resolver:87
06:25:20.219 [pool-2-thread-1] DEBUG fr.inria.lille.repair.nopol.NoPol - statement #73
06:25:20.219 [pool-2-thread-1] DEBUG fr.inria.lille.repair.nopol.NoPol - Analysing SourceLocation org.yaml.snakeyaml.resolver.Resolver:86 which is executed by 1 tests
06:25:20.219 [pool-2-thread-1] DEBUG fr.inria.lille.repair.nopol.NoPol - cannot spoon SourceLocation org.yaml.snakeyaml.resolver.Resolver:86
06:25:20.219 [pool-2-thread-1] DEBUG fr.inria.lille.repair.nopol.NoPol - statement #74
06:25:20.219 [pool-2-thread-1] DEBUG fr.inria.lille.repair.nopol.NoPol - Analysing SourceLocation org.yaml.snakeyaml.resolver.Resolver:85 which is executed by 1 tests
06:25:20.219 [pool-2-thread-1] DEBUG fr.inria.lille.repair.nopol.NoPol - cannot spoon SourceLocation org.yaml.snakeyaml.resolver.Resolver:85
06:25:20.219 [pool-2-thread-1] DEBUG fr.inria.lille.repair.nopol.NoPol - statement #75
06:25:20.220 [pool-2-thread-1] DEBUG fr.inria.lille.repair.nopol.NoPol - Analysing SourceLocation org.yaml.snakeyaml.resolver.Resolver:84 which is executed by 1 tests
06:25:20.220 [pool-2-thread-1] DEBUG fr.inria.lille.repair.nopol.NoPol - cannot spoon SourceLocation org.yaml.snakeyaml.resolver.Resolver:84
06:25:20.220 [pool-2-thread-1] DEBUG fr.inria.lille.repair.nopol.NoPol - statement #76
06:25:20.220 [pool-2-thread-1] DEBUG fr.inria.lille.repair.nopol.NoPol - Analysing SourceLocation org.yaml.snakeyaml.resolver.Resolver:80 which is executed by 1 tests
06:25:20.220 [pool-2-thread-1] DEBUG fr.inria.lille.repair.nopol.NoPol - cannot spoon SourceLocation org.yaml.snakeyaml.resolver.Resolver:80
06:25:20.220 [pool-2-thread-1] DEBUG fr.inria.lille.repair.nopol.NoPol - statement #77
06:25:20.220 [pool-2-thread-1] DEBUG fr.inria.lille.repair.nopol.NoPol - Analysing SourceLocation org.yaml.snakeyaml.resolver.Resolver:79 which is executed by 1 tests
06:25:20.220 [pool-2-thread-1] DEBUG fr.inria.lille.repair.nopol.NoPol - cannot spoon SourceLocation org.yaml.snakeyaml.resolver.Resolver:79
06:25:20.220 [pool-2-thread-1] DEBUG fr.inria.lille.repair.nopol.NoPol - statement #78
06:25:20.220 [pool-2-thread-1] DEBUG fr.inria.lille.repair.nopol.NoPol - Analysing SourceLocation org.yaml.snakeyaml.resolver.Resolver:78 which is executed by 1 tests
06:25:20.221 [pool-2-thread-1] DEBUG fr.inria.lille.repair.nopol.NoPol - cannot spoon SourceLocation org.yaml.snakeyaml.resolver.Resolver:78
06:25:20.221 [pool-2-thread-1] DEBUG fr.inria.lille.repair.nopol.NoPol - statement #79
06:25:20.221 [pool-2-thread-1] DEBUG fr.inria.lille.repair.nopol.NoPol - Analysing SourceLocation org.yaml.snakeyaml.resolver.Resolver:71 which is executed by 1 tests
06:25:20.221 [pool-2-thread-1] DEBUG fr.inria.lille.repair.nopol.NoPol - cannot spoon SourceLocation org.yaml.snakeyaml.resolver.Resolver:71
06:25:20.221 [pool-2-thread-1] DEBUG fr.inria.lille.repair.nopol.NoPol - statement #80
06:25:20.221 [pool-2-thread-1] DEBUG fr.inria.lille.repair.nopol.NoPol - Analysing SourceLocation org.yaml.snakeyaml.resolver.Resolver:70 which is executed by 1 tests
06:25:20.221 [pool-2-thread-1] DEBUG fr.inria.lille.repair.nopol.NoPol - cannot spoon SourceLocation org.yaml.snakeyaml.resolver.Resolver:70
06:25:20.221 [pool-2-thread-1] DEBUG fr.inria.lille.repair.nopol.NoPol - statement #81
06:25:20.221 [pool-2-thread-1] DEBUG fr.inria.lille.repair.nopol.NoPol - Analysing SourceLocation org.yaml.snakeyaml.resolver.Resolver:65 which is executed by 1 tests
06:25:20.221 [pool-2-thread-1] DEBUG fr.inria.lille.repair.nopol.NoPol - cannot spoon SourceLocation org.yaml.snakeyaml.resolver.Resolver:65
06:25:20.221 [pool-2-thread-1] DEBUG fr.inria.lille.repair.nopol.NoPol - statement #82
06:25:20.221 [pool-2-thread-1] DEBUG fr.inria.lille.repair.nopol.NoPol - Analysing SourceLocation org.yaml.snakeyaml.resolver.Resolver:64 which is executed by 1 tests
06:25:20.222 [pool-2-thread-1] DEBUG fr.inria.lille.repair.nopol.NoPol - cannot spoon SourceLocation org.yaml.snakeyaml.resolver.Resolver:64
06:25:20.222 [pool-2-thread-1] DEBUG fr.inria.lille.repair.nopol.NoPol - statement #83
06:25:20.222 [pool-2-thread-1] DEBUG fr.inria.lille.repair.nopol.NoPol - Analysing SourceLocation org.yaml.snakeyaml.resolver.Resolver:63 which is executed by 1 tests
06:25:20.222 [pool-2-thread-1] DEBUG fr.inria.lille.repair.nopol.NoPol - cannot spoon SourceLocation org.yaml.snakeyaml.resolver.Resolver:63
06:25:20.222 [pool-2-thread-1] DEBUG fr.inria.lille.repair.nopol.NoPol - statement #84
06:25:20.222 [pool-2-thread-1] DEBUG fr.inria.lille.repair.nopol.NoPol - Analysing SourceLocation org.yaml.snakeyaml.resolver.Resolver:62 which is executed by 1 tests
06:25:20.222 [pool-2-thread-1] DEBUG fr.inria.lille.repair.nopol.NoPol - cannot spoon SourceLocation org.yaml.snakeyaml.resolver.Resolver:62
06:25:20.222 [pool-2-thread-1] DEBUG fr.inria.lille.repair.nopol.NoPol - statement #85
06:25:20.222 [pool-2-thread-1] DEBUG fr.inria.lille.repair.nopol.NoPol - Analysing SourceLocation org.yaml.snakeyaml.resolver.Resolver:61 which is executed by 1 tests
06:25:20.222 [pool-2-thread-1] DEBUG fr.inria.lille.repair.nopol.NoPol - cannot spoon SourceLocation org.yaml.snakeyaml.resolver.Resolver:61
06:25:20.223 [pool-2-thread-1] DEBUG fr.inria.lille.repair.nopol.NoPol - statement #86
06:25:20.223 [pool-2-thread-1] DEBUG fr.inria.lille.repair.nopol.NoPol - Analysing SourceLocation org.yaml.snakeyaml.resolver.Resolver:60 which is executed by 1 tests
06:25:20.223 [pool-2-thread-1] DEBUG fr.inria.lille.repair.nopol.NoPol - cannot spoon SourceLocation org.yaml.snakeyaml.resolver.Resolver:60
06:25:20.223 [pool-2-thread-1] DEBUG fr.inria.lille.repair.nopol.NoPol - statement #87
06:25:20.223 [pool-2-thread-1] DEBUG fr.inria.lille.repair.nopol.NoPol - Analysing SourceLocation org.yaml.snakeyaml.resolver.Resolver:54 which is executed by 1 tests
06:25:20.223 [pool-2-thread-1] DEBUG fr.inria.lille.repair.nopol.NoPol - cannot spoon SourceLocation org.yaml.snakeyaml.resolver.Resolver:54
06:25:20.223 [pool-2-thread-1] DEBUG fr.inria.lille.repair.nopol.NoPol - statement #88
06:25:20.223 [pool-2-thread-1] DEBUG fr.inria.lille.repair.nopol.NoPol - Analysing SourceLocation com.shapesecurity.shift.es2017.ast.ExportDefault:36 which is executed by 5 tests
06:25:20.223 [pool-2-thread-1] DEBUG fr.inria.lille.repair.nopol.NoPol - cannot spoon SourceLocation com.shapesecurity.shift.es2017.ast.ExportDefault:36
06:25:20.223 [pool-2-thread-1] DEBUG fr.inria.lille.repair.nopol.NoPol - statement #89
06:25:20.223 [pool-2-thread-1] DEBUG fr.inria.lille.repair.nopol.NoPol - Analysing SourceLocation com.shapesecurity.shift.es2017.ast.Export:36 which is executed by 6 tests
06:25:20.224 [pool-2-thread-1] DEBUG fr.inria.lille.repair.nopol.NoPol - cannot spoon SourceLocation com.shapesecurity.shift.es2017.ast.Export:36
06:25:20.224 [pool-2-thread-1] DEBUG fr.inria.lille.repair.nopol.NoPol - statement #90
06:25:20.224 [pool-2-thread-1] DEBUG fr.inria.lille.repair.nopol.NoPol - Analysing SourceLocation com.shapesecurity.shift.es2017.ast.ExportLocalSpecifier:41 which is executed by 3 tests
06:25:20.224 [pool-2-thread-1] DEBUG fr.inria.lille.repair.nopol.NoPol - cannot spoon SourceLocation com.shapesecurity.shift.es2017.ast.ExportLocalSpecifier:41
06:25:20.224 [pool-2-thread-1] DEBUG fr.inria.lille.repair.nopol.NoPol - statement #91
06:25:20.224 [pool-2-thread-1] DEBUG fr.inria.lille.repair.nopol.NoPol - Analysing SourceLocation com.shapesecurity.shift.es2017.ast.FunctionDeclaration:37 which is executed by 37 tests
06:25:20.224 [pool-2-thread-1] DEBUG fr.inria.lille.repair.nopol.NoPol - cannot spoon SourceLocation com.shapesecurity.shift.es2017.ast.FunctionDeclaration:37
06:25:20.224 [pool-2-thread-1] DEBUG fr.inria.lille.repair.nopol.NoPol - statement #92
06:25:20.224 [pool-2-thread-1] DEBUG fr.inria.lille.repair.nopol.NoPol - Analysing SourceLocation com.shapesecurity.shift.es2017.ast.ExportLocals:37 which is executed by 5 tests
06:25:20.224 [pool-2-thread-1] DEBUG fr.inria.lille.repair.nopol.NoPol - cannot spoon SourceLocation com.shapesecurity.shift.es2017.ast.ExportLocals:37
06:25:20.224 [pool-2-thread-1] DEBUG fr.inria.lille.repair.nopol.NoPol - statement #93
06:25:20.225 [pool-2-thread-1] DEBUG fr.inria.lille.repair.nopol.NoPol - Analysing SourceLocation com.shapesecurity.shift.es2017.ast.ExportFrom:41 which is executed by 5 tests
06:25:20.225 [pool-2-thread-1] DEBUG fr.inria.lille.repair.nopol.NoPol - cannot spoon SourceLocation com.shapesecurity.shift.es2017.ast.ExportFrom:41
06:25:20.225 [pool-2-thread-1] DEBUG fr.inria.lille.repair.nopol.NoPol - statement #94
06:25:20.225 [pool-2-thread-1] DEBUG fr.inria.lille.repair.nopol.NoPol - Analysing SourceLocation com.shapesecurity.shift.es2017.ast.ExportFromSpecifier:41 which is executed by 5 tests
06:25:20.225 [pool-2-thread-1] DEBUG fr.inria.lille.repair.nopol.NoPol - cannot spoon SourceLocation com.shapesecurity.shift.es2017.ast.ExportFromSpecifier:41
06:25:20.225 [pool-2-thread-1] DEBUG fr.inria.lille.repair.nopol.NoPol - statement #95
06:25:20.225 [pool-2-thread-1] DEBUG fr.inria.lille.repair.nopol.NoPol - Analysing SourceLocation com.shapesecurity.shift.es2017.ast.ExportAllFrom:36 which is executed by 5 tests
06:25:20.225 [pool-2-thread-1] DEBUG fr.inria.lille.repair.nopol.NoPol - cannot spoon SourceLocation com.shapesecurity.shift.es2017.ast.ExportAllFrom:36
06:25:20.225 [pool-2-thread-1] DEBUG fr.inria.lille.repair.nopol.NoPol - statement #96
06:25:20.225 [pool-2-thread-1] DEBUG fr.inria.lille.repair.nopol.NoPol - Analysing SourceLocation com.shapesecurity.shift.es2017.parser.ParserTestCase:27 which is executed by 8 tests
06:25:20.226 [pool-2-thread-1] DEBUG fr.inria.lille.repair.nopol.NoPol - cannot spoon SourceLocation com.shapesecurity.shift.es2017.parser.ParserTestCase:27
06:25:20.226 [pool-2-thread-1] DEBUG fr.inria.lille.repair.nopol.NoPol - statement #97
06:25:20.226 [pool-2-thread-1] DEBUG fr.inria.lille.repair.nopol.NoPol - Analysing SourceLocation com.shapesecurity.shift.es2017.ast.FunctionBody:41 which is executed by 74 tests
06:25:20.226 [pool-2-thread-1] DEBUG fr.inria.lille.repair.nopol.NoPol - cannot spoon SourceLocation com.shapesecurity.shift.es2017.ast.FunctionBody:41
06:25:20.226 [pool-2-thread-1] DEBUG fr.inria.lille.repair.nopol.NoPol - statement #98
06:25:20.226 [pool-2-thread-1] DEBUG fr.inria.lille.repair.nopol.NoPol - Analysing SourceLocation com.shapesecurity.shift.es2017.ast.FormalParameters:42 which is executed by 76 tests
06:25:20.226 [pool-2-thread-1] DEBUG fr.inria.lille.repair.nopol.NoPol - cannot spoon SourceLocation com.shapesecurity.shift.es2017.ast.FormalParameters:42
06:25:20.226 [pool-2-thread-1] DEBUG fr.inria.lille.repair.nopol.NoPol - statement #99
06:25:20.226 [pool-2-thread-1] DEBUG fr.inria.lille.repair.nopol.NoPol - Analysing SourceLocation com.shapesecurity.shift.es2017.parser.RangeCheckerReducer$RangeChecker$1:53 which is executed by 154 tests
1504622805
06:25:20.387 [pool-2-thread-1] DEBUG fr.inria.lille.repair.nopol.NoPol - statement #100
06:25:20.387 [pool-2-thread-1] DEBUG fr.inria.lille.repair.nopol.NoPol - Analysing SourceLocation com.shapesecurity.shift.es2017.parser.RangeCheckerReducer$RangeChecker$1:64 which is executed by 77 tests
1504622805
06:25:20.533 [pool-2-thread-1] DEBUG fr.inria.lille.repair.nopol.NoPol - statement #101
06:25:20.534 [pool-2-thread-1] DEBUG fr.inria.lille.repair.nopol.NoPol - Analysing SourceLocation com.shapesecurity.shift.es2017.parser.RangeCheckerReducer$RangeChecker$1:63 which is executed by 77 tests
1504622805
06:25:20.722 [pool-2-thread-1] DEBUG fr.inria.lille.repair.nopol.NoPol - looking with class fr.inria.lille.repair.nopol.spoon.smt.ConditionalAdder
com.shapesecurity.shift.es2017.parser.JsError: JavaScript error: Line 1 Column 20 (Index = 20), Unexpected token "await".
    at com.shapesecurity.shift.es2017.parser.Tokenizer.createError(Tokenizer.java:462)
    at com.shapesecurity.shift.es2017.parser.Tokenizer.createUnexpected(Tokenizer.java:440)
    at com.shapesecurity.shift.es2017.parser.GenericParser.parsePropertyDefinition(GenericParser.java:2182)
    at com.shapesecurity.shift.es2017.parser.GenericParser.parseObjectExpression(GenericParser.java:1986)
    at com.shapesecurity.shift.es2017.parser.GenericParser.parsePrimaryExpression(GenericParser.java:1810)
    at com.shapesecurity.shift.es2017.parser.GenericParser.parseLeftHandSideExpression(GenericParser.java:1601)
java.lang.AssertionError
    at org.junit.Assert.fail(Assert.java:86)
    at org.junit.Assert.assertTrue(Assert.java:41)
    at org.junit.Assert.assertTrue(Assert.java:52)
    at com.shapesecurity.shift.es2017.parser.RangeCheckerReducer.accept(RangeCheckerReducer.java:42)
    at com.shapesecurity.shift.es2017.parser.RangeCheckerReducer.reduceBindingIdentifier(RangeCheckerReducer.java:148)
    at com.shapesecurity.shift.es2017.parser.RangeCheckerReducer.reduceBindingIdentifier(RangeCheckerReducer.java:32)
com.shapesecurity.shift.es2017.parser.JsError: JavaScript error: Line 1 Column 20 (Index = 20), Unexpected token "await".
    at com.shapesecurity.shift.es2017.parser.Tokenizer.createError(Tokenizer.java:462)
    at com.shapesecurity.shift.es2017.parser.Tokenizer.createUnexpected(Tokenizer.java:440)
    at com.shapesecurity.shift.es2017.parser.GenericParser.parsePropertyDefinition(GenericParser.java:2182)
    at com.shapesecurity.shift.es2017.parser.GenericParser.parseObjectExpression(GenericParser.java:1986)
    at com.shapesecurity.shift.es2017.parser.GenericParser.parsePrimaryExpression(GenericParser.java:1810)
    at com.shapesecurity.shift.es2017.parser.GenericParser.parseLeftHandSideExpression(GenericParser.java:1601)
java.lang.AssertionError
    at org.junit.Assert.fail(Assert.java:86)
    at org.junit.Assert.assertTrue(Assert.java:41)
    at org.junit.Assert.assertTrue(Assert.java:52)
    at com.shapesecurity.shift.es2017.parser.RangeCheckerReducer.accept(RangeCheckerReducer.java:42)
    at com.shapesecurity.shift.es2017.parser.RangeCheckerReducer.reduceBindingIdentifier(RangeCheckerReducer.java:148)
    at com.shapesecurity.shift.es2017.parser.RangeCheckerReducer.reduceBindingIdentifier(RangeCheckerReducer.java:32)
java.lang.AssertionError
    at org.junit.Assert.fail(Assert.java:86)
    at org.junit.Assert.assertTrue(Assert.java:41)
    at org.junit.Assert.assertTrue(Assert.java:52)
    at com.shapesecurity.shift.es2017.parser.RangeCheckerReducer.accept(RangeCheckerReducer.java:42)
    at com.shapesecurity.shift.es2017.parser.RangeCheckerReducer.reduceBindingIdentifier(RangeCheckerReducer.java:148)
    at com.shapesecurity.shift.es2017.parser.RangeCheckerReducer.reduceBindingIdentifier(RangeCheckerReducer.java:32)
06:25:20.945 [pool-4-thread-1] INFO  xxl.java.junit.TestCasesListener - Tests run finished (131 ms)
<> Total tests run: 15
<> Ignored tests: 0
<> Failed tests: 5
~ testAwait(com.shapesecurity.shift.es2017.parser.miscellaneous.AsyncAwaitTest)
[JavaScript error: Line 1 Column 20 (Index = 20), Unexpected token "await".]
com.shapesecurity.shift.es2017.parser.JsError: JavaScript error: Line 1 Column 20 (Index = 20), Unexpected token "await".    at com.shapesecurity.shift.es2017.parser.Tokenizer.createError(Tokenizer.java:462)
    at com.shapesecurity.shift.es2017.parser.Tokenizer.createUnexpected(Tokenizer.java:440)
    at com.shapesecurity.shift.es2017.parser.GenericParser.parsePropertyDefinition(GenericParser.java:2182)
    at com.shapesecurity.shift.es2017.parser.GenericParser.parseObjectExpression(GenericParser.java:1986)
    at com.shapesecurity.shift.es2017.parser.GenericParser.parsePrimaryExpression(GenericParser.java:1810)
    at com.shapesecurity.shift.es2017.parser.GenericParser.parseLeftHandSideExpression(GenericParser.java:1601)
~ testAsyncExports(com.shapesecurity.shift.es2017.parser.miscellaneous.AsyncAwaitTest)
[null]
java.lang.AssertionError    at org.junit.Assert.fail(Assert.java:86)
    at org.junit.Assert.assertTrue(Assert.java:41)
    at org.junit.Assert.assertTrue(Assert.java:52)
    at com.shapesecurity.shift.es2017.parser.RangeCheckerReducer.accept(RangeCheckerReducer.java:42)
    at com.shapesecurity.shift.es2017.parser.RangeCheckerReducer.reduceBindingIdentifier(RangeCheckerReducer.java:148)
    at com.shapesecurity.shift.es2017.parser.RangeCheckerReducer.reduceBindingIdentifier(RangeCheckerReducer.java:32)
~ testAwait(com.shapesecurity.shift.es2017.parser.miscellaneous.AsyncAwaitTest)
[JavaScript error: Line 1 Column 20 (Index = 20), Unexpected token "await".]
com.shapesecurity.shift.es2017.parser.JsError: JavaScript error: Line 1 Column 20 (Index = 20), Unexpected token "await".    at com.shapesecurity.shift.es2017.parser.Tokenizer.createError(Tokenizer.java:462)
    at com.shapesecurity.shift.es2017.parser.Tokenizer.createUnexpected(Tokenizer.java:440)
    at com.shapesecurity.shift.es2017.parser.GenericParser.parsePropertyDefinition(GenericParser.java:2182)
    at com.shapesecurity.shift.es2017.parser.GenericParser.parseObjectExpression(GenericParser.java:1986)
    at com.shapesecurity.shift.es2017.parser.GenericParser.parsePrimaryExpression(GenericParser.java:1810)
    at com.shapesecurity.shift.es2017.parser.GenericParser.parseLeftHandSideExpression(GenericParser.java:1601)
~ testAsyncExports(com.shapesecurity.shift.es2017.parser.miscellaneous.AsyncAwaitTest)
[null]
java.lang.AssertionError    at org.junit.Assert.fail(Assert.java:86)
    at org.junit.Assert.assertTrue(Assert.java:41)
    at org.junit.Assert.assertTrue(Assert.java:52)
    at com.shapesecurity.shift.es2017.parser.RangeCheckerReducer.accept(RangeCheckerReducer.java:42)
    at com.shapesecurity.shift.es2017.parser.RangeCheckerReducer.reduceBindingIdentifier(RangeCheckerReducer.java:148)
    at com.shapesecurity.shift.es2017.parser.RangeCheckerReducer.reduceBindingIdentifier(RangeCheckerReducer.java:32)
~ testExport(com.shapesecurity.shift.es2017.parser.modules.ExportTest)
[null]
java.lang.AssertionError    at org.junit.Assert.fail(Assert.java:86)
    at org.junit.Assert.assertTrue(Assert.java:41)
    at org.junit.Assert.assertTrue(Assert.java:52)
    at com.shapesecurity.shift.es2017.parser.RangeCheckerReducer.accept(RangeCheckerReducer.java:42)
    at com.shapesecurity.shift.es2017.parser.RangeCheckerReducer.reduceBindingIdentifier(RangeCheckerReducer.java:148)
    at com.shapesecurity.shift.es2017.parser.RangeCheckerReducer.reduceBindingIdentifier(RangeCheckerReducer.java:32)

06:25:22.305 [pool-2-thread-1] DEBUG fr.inria.lille.repair.nopol.NoPol - statement #102
06:25:22.305 [pool-2-thread-1] DEBUG fr.inria.lille.repair.nopol.NoPol - Analysing SourceLocation com.shapesecurity.shift.es2017.parser.RangeCheckerReducer$RangeChecker$1:57 which is executed by 77 tests
1504622805
06:25:22.445 [pool-2-thread-1] DEBUG fr.inria.lille.repair.nopol.NoPol - statement #103
06:25:22.445 [pool-2-thread-1] DEBUG fr.inria.lille.repair.nopol.NoPol - Analysing SourceLocation com.shapesecurity.shift.es2017.parser.token.KeywordToken:37 which is executed by 40 tests
-1435678287
06:25:22.512 [pool-2-thread-1] DEBUG fr.inria.lille.repair.nopol.NoPol - statement #104
06:25:22.512 [pool-2-thread-1] DEBUG fr.inria.lille.repair.nopol.NoPol - Analysing SourceLocation com.shapesecurity.shift.es2017.ast.ArrowExpression:45 which is executed by 14 tests
06:25:22.512 [pool-2-thread-1] DEBUG fr.inria.lille.repair.nopol.NoPol - cannot spoon SourceLocation com.shapesecurity.shift.es2017.ast.ArrowExpression:45
06:25:22.512 [pool-2-thread-1] DEBUG fr.inria.lille.repair.nopol.NoPol - statement #105
06:25:22.512 [pool-2-thread-1] DEBUG fr.inria.lille.repair.nopol.NoPol - Analysing SourceLocation com.shapesecurity.shift.es2017.ast.BindingIdentifier:34 which is executed by 143 tests
06:25:22.512 [pool-2-thread-1] DEBUG fr.inria.lille.repair.nopol.NoPol - cannot spoon SourceLocation com.shapesecurity.shift.es2017.ast.BindingIdentifier:34
06:25:22.512 [pool-2-thread-1] DEBUG fr.inria.lille.repair.nopol.NoPol - statement #106
06:25:22.512 [pool-2-thread-1] DEBUG fr.inria.lille.repair.nopol.NoPol - Analysing SourceLocation com.shapesecurity.shift.es2017.ast.ClassDeclaration:39 which is executed by 16 tests
06:25:22.513 [pool-2-thread-1] DEBUG fr.inria.lille.repair.nopol.NoPol - cannot spoon SourceLocation com.shapesecurity.shift.es2017.ast.ClassDeclaration:39
06:25:22.513 [pool-2-thread-1] DEBUG fr.inria.lille.repair.nopol.NoPol - statement #107
06:25:22.513 [pool-2-thread-1] DEBUG fr.inria.lille.repair.nopol.NoPol - Analysing SourceLocation com.shapesecurity.shift.es2017.parser.ParserWithLocation:59 which is executed by 179 tests
851289211
06:25:22.605 [pool-2-thread-1] DEBUG fr.inria.lille.repair.nopol.NoPol - statement #108
06:25:22.605 [pool-2-thread-1] DEBUG fr.inria.lille.repair.nopol.NoPol - Analysing SourceLocation com.shapesecurity.shift.es2017.ast.Method:45 which is executed by 22 tests
06:25:22.605 [pool-2-thread-1] DEBUG fr.inria.lille.repair.nopol.NoPol - cannot spoon SourceLocation com.shapesecurity.shift.es2017.ast.Method:45
06:25:22.605 [pool-2-thread-1] DEBUG fr.inria.lille.repair.nopol.NoPol - statement #109
06:25:22.605 [pool-2-thread-1] DEBUG fr.inria.lille.repair.nopol.NoPol - Analysing SourceLocation com.shapesecurity.shift.es2017.parser.ParserWithLocation:54 which is executed by 90 tests
851289211
06:25:22.692 [pool-2-thread-1] DEBUG fr.inria.lille.repair.nopol.NoPol - statement #110
06:25:22.692 [pool-2-thread-1] DEBUG fr.inria.lille.repair.nopol.NoPol - Analysing SourceLocation com.shapesecurity.functional.data.HashTable$2:60 which is executed by 205 tests
06:25:22.692 [pool-2-thread-1] DEBUG fr.inria.lille.repair.nopol.NoPol - cannot spoon SourceLocation com.shapesecurity.functional.data.HashTable$2:60
06:25:22.692 [pool-2-thread-1] DEBUG fr.inria.lille.repair.nopol.NoPol - statement #111
06:25:22.692 [pool-2-thread-1] DEBUG fr.inria.lille.repair.nopol.NoPol - Analysing SourceLocation com.shapesecurity.shift.es2017.ast.ArrayBinding:42 which is executed by 23 tests
06:25:22.692 [pool-2-thread-1] DEBUG fr.inria.lille.repair.nopol.NoPol - cannot spoon SourceLocation com.shapesecurity.shift.es2017.ast.ArrayBinding:42
06:25:22.692 [pool-2-thread-1] DEBUG fr.inria.lille.repair.nopol.NoPol - statement #112
06:25:22.693 [pool-2-thread-1] DEBUG fr.inria.lille.repair.nopol.NoPol - Analysing SourceLocation com.shapesecurity.shift.es2017.parser.TokenClass:43 which is executed by 97 tests
2068852512
06:25:22.760 [pool-2-thread-1] DEBUG fr.inria.lille.repair.nopol.NoPol - statement #113
06:25:22.760 [pool-2-thread-1] DEBUG fr.inria.lille.repair.nopol.NoPol - Analysing SourceLocation com.shapesecurity.functional.data.HashTable$2:55 which is executed by 231 tests
06:25:22.760 [pool-2-thread-1] DEBUG fr.inria.lille.repair.nopol.NoPol - cannot spoon SourceLocation com.shapesecurity.functional.data.HashTable$2:55
06:25:22.760 [pool-2-thread-1] DEBUG fr.inria.lille.repair.nopol.NoPol - statement #114
06:25:22.760 [pool-2-thread-1] DEBUG fr.inria.lille.repair.nopol.NoPol - Analysing SourceLocation com.shapesecurity.shift.es2017.ast.ObjectExpression:38 which is executed by 28 tests
06:25:22.760 [pool-2-thread-1] DEBUG fr.inria.lille.repair.nopol.NoPol - cannot spoon SourceLocation com.shapesecurity.shift.es2017.ast.ObjectExpression:38
06:25:22.760 [pool-2-thread-1] DEBUG fr.inria.lille.repair.nopol.NoPol - statement #115
06:25:22.760 [pool-2-thread-1] DEBUG fr.inria.lille.repair.nopol.NoPol - Analysing SourceLocation com.shapesecurity.shift.es2017.ast.FunctionExpression:39 which is executed by 29 tests
06:25:22.761 [pool-2-thread-1] DEBUG fr.inria.lille.repair.nopol.NoPol - cannot spoon SourceLocation com.shapesecurity.shift.es2017.ast.FunctionExpression:39
06:25:22.761 [pool-2-thread-1] DEBUG fr.inria.lille.repair.nopol.NoPol - statement #116
06:25:22.761 [pool-2-thread-1] DEBUG fr.inria.lille.repair.nopol.NoPol - Analysing SourceLocation com.shapesecurity.shift.es2017.ast.LiteralNumericExpression:37 which is executed by 136 tests
06:25:22.761 [pool-2-thread-1] DEBUG fr.inria.lille.repair.nopol.NoPol - cannot spoon SourceLocation com.shapesecurity.shift.es2017.ast.LiteralNumericExpression:37
06:25:22.761 [pool-2-thread-1] DEBUG fr.inria.lille.repair.nopol.NoPol - statement #117
06:25:22.761 [pool-2-thread-1] DEBUG fr.inria.lille.repair.nopol.NoPol - Analysing SourceLocation com.shapesecurity.shift.es2017.parser.token.IdentifierToken:37 which is executed by 323 tests
1087133361
06:25:22.826 [pool-2-thread-1] DEBUG fr.inria.lille.repair.nopol.NoPol - statement #118
06:25:22.827 [pool-2-thread-1] DEBUG fr.inria.lille.repair.nopol.NoPol - Analysing SourceLocation com.shapesecurity.shift.es2017.ast.StaticPropertyName:36 which is executed by 36 tests
06:25:22.827 [pool-2-thread-1] DEBUG fr.inria.lille.repair.nopol.NoPol - cannot spoon SourceLocation com.shapesecurity.shift.es2017.ast.StaticPropertyName:36
06:25:22.827 [pool-2-thread-1] DEBUG fr.inria.lille.repair.nopol.NoPol - statement #119
06:25:22.827 [pool-2-thread-1] DEBUG fr.inria.lille.repair.nopol.NoPol - Analysing SourceLocation com.shapesecurity.shift.es2017.parser.TokenType:135 which is executed by 355 tests
2145466548
06:25:22.907 [pool-2-thread-1] DEBUG fr.inria.lille.repair.nopol.NoPol - statement #120
06:25:22.907 [pool-2-thread-1] DEBUG fr.inria.lille.repair.nopol.NoPol - Analysing SourceLocation com.shapesecurity.shift.es2017.utils.Utils:276 which is executed by 357 tests
82059410
06:25:22.992 [pool-2-thread-1] DEBUG fr.inria.lille.repair.nopol.NoPol - looking with class fr.inria.lille.repair.nopol.spoon.smt.ConditionalAdder
com.shapesecurity.shift.es2017.parser.JsError: JavaScript error: Line 1 Column 20 (Index = 20), Unexpected token "await".
    at com.shapesecurity.shift.es2017.parser.Tokenizer.createError(Tokenizer.java:462)
    at com.shapesecurity.shift.es2017.parser.Tokenizer.createUnexpected(Tokenizer.java:440)
    at com.shapesecurity.shift.es2017.parser.GenericParser.parsePropertyDefinition(GenericParser.java:2182)
    at com.shapesecurity.shift.es2017.parser.GenericParser.parseObjectExpression(GenericParser.java:1986)
    at com.shapesecurity.shift.es2017.parser.GenericParser.parsePrimaryExpression(GenericParser.java:1810)
    at com.shapesecurity.shift.es2017.parser.GenericParser.parseLeftHandSideExpression(GenericParser.java:1601)
java.lang.AssertionError
    at org.junit.Assert.fail(Assert.java:86)
    at org.junit.Assert.assertTrue(Assert.java:41)
    at org.junit.Assert.assertTrue(Assert.java:52)
    at com.shapesecurity.shift.es2017.parser.RangeCheckerReducer.accept(RangeCheckerReducer.java:42)
    at com.shapesecurity.shift.es2017.parser.RangeCheckerReducer.reduceBindingIdentifier(RangeCheckerReducer.java:148)
    at com.shapesecurity.shift.es2017.parser.RangeCheckerReducer.reduceBindingIdentifier(RangeCheckerReducer.java:32)
com.shapesecurity.shift.es2017.parser.JsError: JavaScript error: Line 1 Column 20 (Index = 20), Unexpected token "await".
    at com.shapesecurity.shift.es2017.parser.Tokenizer.createError(Tokenizer.java:462)
    at com.shapesecurity.shift.es2017.parser.Tokenizer.createUnexpected(Tokenizer.java:440)
    at com.shapesecurity.shift.es2017.parser.GenericParser.parsePropertyDefinition(GenericParser.java:2182)
    at com.shapesecurity.shift.es2017.parser.GenericParser.parseObjectExpression(GenericParser.java:1986)
    at com.shapesecurity.shift.es2017.parser.GenericParser.parsePrimaryExpression(GenericParser.java:1810)
    at com.shapesecurity.shift.es2017.parser.GenericParser.parseLeftHandSideExpression(GenericParser.java:1601)
java.lang.AssertionError
    at org.junit.Assert.fail(Assert.java:86)
    at org.junit.Assert.assertTrue(Assert.java:41)
    at org.junit.Assert.assertTrue(Assert.java:52)
    at com.shapesecurity.shift.es2017.parser.RangeCheckerReducer.accept(RangeCheckerReducer.java:42)
    at com.shapesecurity.shift.es2017.parser.RangeCheckerReducer.reduceBindingIdentifier(RangeCheckerReducer.java:148)
    at com.shapesecurity.shift.es2017.parser.RangeCheckerReducer.reduceBindingIdentifier(RangeCheckerReducer.java:32)
java.lang.AssertionError
    at org.junit.Assert.fail(Assert.java:86)
    at org.junit.Assert.assertTrue(Assert.java:41)
    at org.junit.Assert.assertTrue(Assert.java:52)
    at com.shapesecurity.shift.es2017.parser.RangeCheckerReducer.accept(RangeCheckerReducer.java:42)
    at com.shapesecurity.shift.es2017.parser.RangeCheckerReducer.reduceBindingIdentifier(RangeCheckerReducer.java:148)
    at com.shapesecurity.shift.es2017.parser.RangeCheckerReducer.reduceBindingIdentifier(RangeCheckerReducer.java:32)
06:25:23.117 [pool-12-thread-1] INFO  xxl.java.junit.TestCasesListener - Tests run finished (105 ms)
<> Total tests run: 15
<> Ignored tests: 0
<> Failed tests: 5
~ testAwait(com.shapesecurity.shift.es2017.parser.miscellaneous.AsyncAwaitTest)
[JavaScript error: Line 1 Column 20 (Index = 20), Unexpected token "await".]
com.shapesecurity.shift.es2017.parser.JsError: JavaScript error: Line 1 Column 20 (Index = 20), Unexpected token "await".    at com.shapesecurity.shift.es2017.parser.Tokenizer.createError(Tokenizer.java:462)
    at com.shapesecurity.shift.es2017.parser.Tokenizer.createUnexpected(Tokenizer.java:440)
    at com.shapesecurity.shift.es2017.parser.GenericParser.parsePropertyDefinition(GenericParser.java:2182)
    at com.shapesecurity.shift.es2017.parser.GenericParser.parseObjectExpression(GenericParser.java:1986)
    at com.shapesecurity.shift.es2017.parser.GenericParser.parsePrimaryExpression(GenericParser.java:1810)
    at com.shapesecurity.shift.es2017.parser.GenericParser.parseLeftHandSideExpression(GenericParser.java:1601)
~ testAsyncExports(com.shapesecurity.shift.es2017.parser.miscellaneous.AsyncAwaitTest)
[null]
java.lang.AssertionError    at org.junit.Assert.fail(Assert.java:86)
    at org.junit.Assert.assertTrue(Assert.java:41)
    at org.junit.Assert.assertTrue(Assert.java:52)
    at com.shapesecurity.shift.es2017.parser.RangeCheckerReducer.accept(RangeCheckerReducer.java:42)
    at com.shapesecurity.shift.es2017.parser.RangeCheckerReducer.reduceBindingIdentifier(RangeCheckerReducer.java:148)
    at com.shapesecurity.shift.es2017.parser.RangeCheckerReducer.reduceBindingIdentifier(RangeCheckerReducer.java:32)
~ testAwait(com.shapesecurity.shift.es2017.parser.miscellaneous.AsyncAwaitTest)
[JavaScript error: Line 1 Column 20 (Index = 20), Unexpected token "await".]
com.shapesecurity.shift.es2017.parser.JsError: JavaScript error: Line 1 Column 20 (Index = 20), Unexpected token "await".    at com.shapesecurity.shift.es2017.parser.Tokenizer.createError(Tokenizer.java:462)
    at com.shapesecurity.shift.es2017.parser.Tokenizer.createUnexpected(Tokenizer.java:440)
    at com.shapesecurity.shift.es2017.parser.GenericParser.parsePropertyDefinition(GenericParser.java:2182)
    at com.shapesecurity.shift.es2017.parser.GenericParser.parseObjectExpression(GenericParser.java:1986)
    at com.shapesecurity.shift.es2017.parser.GenericParser.parsePrimaryExpression(GenericParser.java:1810)
    at com.shapesecurity.shift.es2017.parser.GenericParser.parseLeftHandSideExpression(GenericParser.java:1601)
~ testAsyncExports(com.shapesecurity.shift.es2017.parser.miscellaneous.AsyncAwaitTest)
[null]
java.lang.AssertionError    at org.junit.Assert.fail(Assert.java:86)
    at org.junit.Assert.assertTrue(Assert.java:41)
    at org.junit.Assert.assertTrue(Assert.java:52)
    at com.shapesecurity.shift.es2017.parser.RangeCheckerReducer.accept(RangeCheckerReducer.java:42)
    at com.shapesecurity.shift.es2017.parser.RangeCheckerReducer.reduceBindingIdentifier(RangeCheckerReducer.java:148)
    at com.shapesecurity.shift.es2017.parser.RangeCheckerReducer.reduceBindingIdentifier(RangeCheckerReducer.java:32)
~ testExport(com.shapesecurity.shift.es2017.parser.modules.ExportTest)
[null]
java.lang.AssertionError    at org.junit.Assert.fail(Assert.java:86)
    at org.junit.Assert.assertTrue(Assert.java:41)
    at org.junit.Assert.assertTrue(Assert.java:52)
    at com.shapesecurity.shift.es2017.parser.RangeCheckerReducer.accept(RangeCheckerReducer.java:42)
    at com.shapesecurity.shift.es2017.parser.RangeCheckerReducer.reduceBindingIdentifier(RangeCheckerReducer.java:148)
    at com.shapesecurity.shift.es2017.parser.RangeCheckerReducer.reduceBindingIdentifier(RangeCheckerReducer.java:32)

06:25:23.513 [pool-2-thread-1] DEBUG fr.inria.lille.repair.nopol.NoPol - statement #121
06:25:23.513 [pool-2-thread-1] DEBUG fr.inria.lille.repair.nopol.NoPol - Analysing SourceLocation com.shapesecurity.shift.es2017.utils.Utils:275 which is executed by 359 tests
82059410
06:25:23.595 [pool-2-thread-1] DEBUG fr.inria.lille.repair.nopol.NoPol - looking with class fr.inria.lille.repair.nopol.spoon.smt.ConditionalAdder
com.shapesecurity.shift.es2017.parser.JsError: JavaScript error: Line 1 Column 20 (Index = 20), Unexpected token "await".
    at com.shapesecurity.shift.es2017.parser.Tokenizer.createError(Tokenizer.java:462)
    at com.shapesecurity.shift.es2017.parser.Tokenizer.createUnexpected(Tokenizer.java:440)
    at com.shapesecurity.shift.es2017.parser.GenericParser.parsePropertyDefinition(GenericParser.java:2182)
    at com.shapesecurity.shift.es2017.parser.GenericParser.parseObjectExpression(GenericParser.java:1986)
    at com.shapesecurity.shift.es2017.parser.GenericParser.parsePrimaryExpression(GenericParser.java:1810)
    at com.shapesecurity.shift.es2017.parser.GenericParser.parseLeftHandSideExpression(GenericParser.java:1601)
java.lang.AssertionError
    at org.junit.Assert.fail(Assert.java:86)
    at org.junit.Assert.assertTrue(Assert.java:41)
    at org.junit.Assert.assertTrue(Assert.java:52)
    at com.shapesecurity.shift.es2017.parser.RangeCheckerReducer.accept(RangeCheckerReducer.java:42)
    at com.shapesecurity.shift.es2017.parser.RangeCheckerReducer.reduceBindingIdentifier(RangeCheckerReducer.java:148)
    at com.shapesecurity.shift.es2017.parser.RangeCheckerReducer.reduceBindingIdentifier(RangeCheckerReducer.java:32)
com.shapesecurity.shift.es2017.parser.JsError: JavaScript error: Line 1 Column 20 (Index = 20), Unexpected token "await".
    at com.shapesecurity.shift.es2017.parser.Tokenizer.createError(Tokenizer.java:462)
    at com.shapesecurity.shift.es2017.parser.Tokenizer.createUnexpected(Tokenizer.java:440)
    at com.shapesecurity.shift.es2017.parser.GenericParser.parsePropertyDefinition(GenericParser.java:2182)
    at com.shapesecurity.shift.es2017.parser.GenericParser.parseObjectExpression(GenericParser.java:1986)
    at com.shapesecurity.shift.es2017.parser.GenericParser.parsePrimaryExpression(GenericParser.java:1810)
    at com.shapesecurity.shift.es2017.parser.GenericParser.parseLeftHandSideExpression(GenericParser.java:1601)
java.lang.AssertionError
    at org.junit.Assert.fail(Assert.java:86)
    at org.junit.Assert.assertTrue(Assert.java:41)
    at org.junit.Assert.assertTrue(Assert.java:52)
    at com.shapesecurity.shift.es2017.parser.RangeCheckerReducer.accept(RangeCheckerReducer.java:42)
    at com.shapesecurity.shift.es2017.parser.RangeCheckerReducer.reduceBindingIdentifier(RangeCheckerReducer.java:148)
    at com.shapesecurity.shift.es2017.parser.RangeCheckerReducer.reduceBindingIdentifier(RangeCheckerReducer.java:32)
java.lang.AssertionError
    at org.junit.Assert.fail(Assert.java:86)
    at org.junit.Assert.assertTrue(Assert.java:41)
    at org.junit.Assert.assertTrue(Assert.java:52)
    at com.shapesecurity.shift.es2017.parser.RangeCheckerReducer.accept(RangeCheckerReducer.java:42)
    at com.shapesecurity.shift.es2017.parser.RangeCheckerReducer.reduceBindingIdentifier(RangeCheckerReducer.java:148)
    at com.shapesecurity.shift.es2017.parser.RangeCheckerReducer.reduceBindingIdentifier(RangeCheckerReducer.java:32)
06:25:23.719 [pool-20-thread-1] INFO  xxl.java.junit.TestCasesListener - Tests run finished (109 ms)
<> Total tests run: 15
<> Ignored tests: 0
<> Failed tests: 5
~ testAwait(com.shapesecurity.shift.es2017.parser.miscellaneous.AsyncAwaitTest)
[JavaScript error: Line 1 Column 20 (Index = 20), Unexpected token "await".]
com.shapesecurity.shift.es2017.parser.JsError: JavaScript error: Line 1 Column 20 (Index = 20), Unexpected token "await".    at com.shapesecurity.shift.es2017.parser.Tokenizer.createError(Tokenizer.java:462)
    at com.shapesecurity.shift.es2017.parser.Tokenizer.createUnexpected(Tokenizer.java:440)
    at com.shapesecurity.shift.es2017.parser.GenericParser.parsePropertyDefinition(GenericParser.java:2182)
    at com.shapesecurity.shift.es2017.parser.GenericParser.parseObjectExpression(GenericParser.java:1986)
    at com.shapesecurity.shift.es2017.parser.GenericParser.parsePrimaryExpression(GenericParser.java:1810)
    at com.shapesecurity.shift.es2017.parser.GenericParser.parseLeftHandSideExpression(GenericParser.java:1601)
~ testAsyncExports(com.shapesecurity.shift.es2017.parser.miscellaneous.AsyncAwaitTest)
[null]
java.lang.AssertionError    at org.junit.Assert.fail(Assert.java:86)
    at org.junit.Assert.assertTrue(Assert.java:41)
    at org.junit.Assert.assertTrue(Assert.java:52)
    at com.shapesecurity.shift.es2017.parser.RangeCheckerReducer.accept(RangeCheckerReducer.java:42)
    at com.shapesecurity.shift.es2017.parser.RangeCheckerReducer.reduceBindingIdentifier(RangeCheckerReducer.java:148)
    at com.shapesecurity.shift.es2017.parser.RangeCheckerReducer.reduceBindingIdentifier(RangeCheckerReducer.java:32)
~ testAwait(com.shapesecurity.shift.es2017.parser.miscellaneous.AsyncAwaitTest)
[JavaScript error: Line 1 Column 20 (Index = 20), Unexpected token "await".]
com.shapesecurity.shift.es2017.parser.JsError: JavaScript error: Line 1 Column 20 (Index = 20), Unexpected token "await".    at com.shapesecurity.shift.es2017.parser.Tokenizer.createError(Tokenizer.java:462)
    at com.shapesecurity.shift.es2017.parser.Tokenizer.createUnexpected(Tokenizer.java:440)
    at com.shapesecurity.shift.es2017.parser.GenericParser.parsePropertyDefinition(GenericParser.java:2182)
    at com.shapesecurity.shift.es2017.parser.GenericParser.parseObjectExpression(GenericParser.java:1986)
    at com.shapesecurity.shift.es2017.parser.GenericParser.parsePrimaryExpression(GenericParser.java:1810)
    at com.shapesecurity.shift.es2017.parser.GenericParser.parseLeftHandSideExpression(GenericParser.java:1601)
~ testAsyncExports(com.shapesecurity.shift.es2017.parser.miscellaneous.AsyncAwaitTest)
[null]
java.lang.AssertionError    at org.junit.Assert.fail(Assert.java:86)
    at org.junit.Assert.assertTrue(Assert.java:41)
    at org.junit.Assert.assertTrue(Assert.java:52)
    at com.shapesecurity.shift.es2017.parser.RangeCheckerReducer.accept(RangeCheckerReducer.java:42)
    at com.shapesecurity.shift.es2017.parser.RangeCheckerReducer.reduceBindingIdentifier(RangeCheckerReducer.java:148)
    at com.shapesecurity.shift.es2017.parser.RangeCheckerReducer.reduceBindingIdentifier(RangeCheckerReducer.java:32)
~ testExport(com.shapesecurity.shift.es2017.parser.modules.ExportTest)
[null]
java.lang.AssertionError    at org.junit.Assert.fail(Assert.java:86)
    at org.junit.Assert.assertTrue(Assert.java:41)
    at org.junit.Assert.assertTrue(Assert.java:52)
    at com.shapesecurity.shift.es2017.parser.RangeCheckerReducer.accept(RangeCheckerReducer.java:42)
    at com.shapesecurity.shift.es2017.parser.RangeCheckerReducer.reduceBindingIdentifier(RangeCheckerReducer.java:148)
    at com.shapesecurity.shift.es2017.parser.RangeCheckerReducer.reduceBindingIdentifier(RangeCheckerReducer.java:32)

06:25:23.999 [pool-2-thread-1] DEBUG fr.inria.lille.repair.nopol.NoPol - looking with class fr.inria.lille.repair.nopol.spoon.smt.ConditionalReplacer
com.shapesecurity.shift.es2017.parser.JsError: JavaScript error: Line 1 Column 20 (Index = 20), Unexpected token "await".
    at com.shapesecurity.shift.es2017.parser.Tokenizer.createError(Tokenizer.java:462)
    at com.shapesecurity.shift.es2017.parser.Tokenizer.createUnexpected(Tokenizer.java:440)
    at com.shapesecurity.shift.es2017.parser.GenericParser.parsePropertyDefinition(GenericParser.java:2182)
    at com.shapesecurity.shift.es2017.parser.GenericParser.parseObjectExpression(GenericParser.java:1986)
    at com.shapesecurity.shift.es2017.parser.GenericParser.parsePrimaryExpression(GenericParser.java:1810)
    at com.shapesecurity.shift.es2017.parser.GenericParser.parseLeftHandSideExpression(GenericParser.java:1601)
java.lang.AssertionError
    at org.junit.Assert.fail(Assert.java:86)
    at org.junit.Assert.assertTrue(Assert.java:41)
    at org.junit.Assert.assertTrue(Assert.java:52)
    at com.shapesecurity.shift.es2017.parser.RangeCheckerReducer.accept(RangeCheckerReducer.java:42)
    at com.shapesecurity.shift.es2017.parser.RangeCheckerReducer.reduceBindingIdentifier(RangeCheckerReducer.java:148)
    at com.shapesecurity.shift.es2017.parser.RangeCheckerReducer.reduceBindingIdentifier(RangeCheckerReducer.java:32)
com.shapesecurity.shift.es2017.parser.JsError: JavaScript error: Line 1 Column 20 (Index = 20), Unexpected token "await".
    at com.shapesecurity.shift.es2017.parser.Tokenizer.createError(Tokenizer.java:462)
    at com.shapesecurity.shift.es2017.parser.Tokenizer.createUnexpected(Tokenizer.java:440)
    at com.shapesecurity.shift.es2017.parser.GenericParser.parsePropertyDefinition(GenericParser.java:2182)
    at com.shapesecurity.shift.es2017.parser.GenericParser.parseObjectExpression(GenericParser.java:1986)
    at com.shapesecurity.shift.es2017.parser.GenericParser.parsePrimaryExpression(GenericParser.java:1810)
    at com.shapesecurity.shift.es2017.parser.GenericParser.parseLeftHandSideExpression(GenericParser.java:1601)
java.lang.AssertionError
    at org.junit.Assert.fail(Assert.java:86)
    at org.junit.Assert.assertTrue(Assert.java:41)
    at org.junit.Assert.assertTrue(Assert.java:52)
    at com.shapesecurity.shift.es2017.parser.RangeCheckerReducer.accept(RangeCheckerReducer.java:42)
    at com.shapesecurity.shift.es2017.parser.RangeCheckerReducer.reduceBindingIdentifier(RangeCheckerReducer.java:148)
    at com.shapesecurity.shift.es2017.parser.RangeCheckerReducer.reduceBindingIdentifier(RangeCheckerReducer.java:32)
java.lang.AssertionError
    at org.junit.Assert.fail(Assert.java:86)
    at org.junit.Assert.assertTrue(Assert.java:41)
    at org.junit.Assert.assertTrue(Assert.java:52)
    at com.shapesecurity.shift.es2017.parser.RangeCheckerReducer.accept(RangeCheckerReducer.java:42)
    at com.shapesecurity.shift.es2017.parser.RangeCheckerReducer.reduceBindingIdentifier(RangeCheckerReducer.java:148)
    at com.shapesecurity.shift.es2017.parser.RangeCheckerReducer.reduceBindingIdentifier(RangeCheckerReducer.java:32)
06:25:24.112 [pool-28-thread-1] INFO  xxl.java.junit.TestCasesListener - Tests run finished (102 ms)
<> Total tests run: 15
<> Ignored tests: 0
<> Failed tests: 5
~ testAwait(com.shapesecurity.shift.es2017.parser.miscellaneous.AsyncAwaitTest)
[JavaScript error: Line 1 Column 20 (Index = 20), Unexpected token "await".]
com.shapesecurity.shift.es2017.parser.JsError: JavaScript error: Line 1 Column 20 (Index = 20), Unexpected token "await".    at com.shapesecurity.shift.es2017.parser.Tokenizer.createError(Tokenizer.java:462)
    at com.shapesecurity.shift.es2017.parser.Tokenizer.createUnexpected(Tokenizer.java:440)
    at com.shapesecurity.shift.es2017.parser.GenericParser.parsePropertyDefinition(GenericParser.java:2182)
    at com.shapesecurity.shift.es2017.parser.GenericParser.parseObjectExpression(GenericParser.java:1986)
    at com.shapesecurity.shift.es2017.parser.GenericParser.parsePrimaryExpression(GenericParser.java:1810)
    at com.shapesecurity.shift.es2017.parser.GenericParser.parseLeftHandSideExpression(GenericParser.java:1601)
~ testAsyncExports(com.shapesecurity.shift.es2017.parser.miscellaneous.AsyncAwaitTest)
[null]
java.lang.AssertionError    at org.junit.Assert.fail(Assert.java:86)
    at org.junit.Assert.assertTrue(Assert.java:41)
    at org.junit.Assert.assertTrue(Assert.java:52)
    at com.shapesecurity.shift.es2017.parser.RangeCheckerReducer.accept(RangeCheckerReducer.java:42)
    at com.shapesecurity.shift.es2017.parser.RangeCheckerReducer.reduceBindingIdentifier(RangeCheckerReducer.java:148)
    at com.shapesecurity.shift.es2017.parser.RangeCheckerReducer.reduceBindingIdentifier(RangeCheckerReducer.java:32)
~ testAwait(com.shapesecurity.shift.es2017.parser.miscellaneous.AsyncAwaitTest)
[JavaScript error: Line 1 Column 20 (Index = 20), Unexpected token "await".]
com.shapesecurity.shift.es2017.parser.JsError: JavaScript error: Line 1 Column 20 (Index = 20), Unexpected token "await".    at com.shapesecurity.shift.es2017.parser.Tokenizer.createError(Tokenizer.java:462)
    at com.shapesecurity.shift.es2017.parser.Tokenizer.createUnexpected(Tokenizer.java:440)
    at com.shapesecurity.shift.es2017.parser.GenericParser.parsePropertyDefinition(GenericParser.java:2182)
    at com.shapesecurity.shift.es2017.parser.GenericParser.parseObjectExpression(GenericParser.java:1986)
    at com.shapesecurity.shift.es2017.parser.GenericParser.parsePrimaryExpression(GenericParser.java:1810)
    at com.shapesecurity.shift.es2017.parser.GenericParser.parseLeftHandSideExpression(GenericParser.java:1601)
~ testAsyncExports(com.shapesecurity.shift.es2017.parser.miscellaneous.AsyncAwaitTest)
[null]
java.lang.AssertionError    at org.junit.Assert.fail(Assert.java:86)
    at org.junit.Assert.assertTrue(Assert.java:41)
    at org.junit.Assert.assertTrue(Assert.java:52)
    at com.shapesecurity.shift.es2017.parser.RangeCheckerReducer.accept(RangeCheckerReducer.java:42)
    at com.shapesecurity.shift.es2017.parser.RangeCheckerReducer.reduceBindingIdentifier(RangeCheckerReducer.java:148)
    at com.shapesecurity.shift.es2017.parser.RangeCheckerReducer.reduceBindingIdentifier(RangeCheckerReducer.java:32)
~ testExport(com.shapesecurity.shift.es2017.parser.modules.ExportTest)
[null]
java.lang.AssertionError    at org.junit.Assert.fail(Assert.java:86)
    at org.junit.Assert.assertTrue(Assert.java:41)
    at org.junit.Assert.assertTrue(Assert.java:52)
    at com.shapesecurity.shift.es2017.parser.RangeCheckerReducer.accept(RangeCheckerReducer.java:42)
    at com.shapesecurity.shift.es2017.parser.RangeCheckerReducer.reduceBindingIdentifier(RangeCheckerReducer.java:148)
    at com.shapesecurity.shift.es2017.parser.RangeCheckerReducer.reduceBindingIdentifier(RangeCheckerReducer.java:32)

06:25:24.421 [pool-2-thread-1] DEBUG fr.inria.lille.repair.nopol.NoPol - statement #122
06:25:24.421 [pool-2-thread-1] DEBUG fr.inria.lille.repair.nopol.NoPol - Analysing SourceLocation com.shapesecurity.shift.es2017.utils.Utils:254 which is executed by 371 tests
82059410
06:25:24.517 [pool-2-thread-1] DEBUG fr.inria.lille.repair.nopol.NoPol - looking with class fr.inria.lille.repair.nopol.spoon.smt.ConditionalAdder
com.shapesecurity.shift.es2017.parser.JsError: JavaScript error: Line 1 Column 20 (Index = 20), Unexpected token "await".
    at com.shapesecurity.shift.es2017.parser.Tokenizer.createError(Tokenizer.java:462)
    at com.shapesecurity.shift.es2017.parser.Tokenizer.createUnexpected(Tokenizer.java:440)
    at com.shapesecurity.shift.es2017.parser.GenericParser.parsePropertyDefinition(GenericParser.java:2182)
    at com.shapesecurity.shift.es2017.parser.GenericParser.parseObjectExpression(GenericParser.java:1986)
    at com.shapesecurity.shift.es2017.parser.GenericParser.parsePrimaryExpression(GenericParser.java:1810)
    at com.shapesecurity.shift.es2017.parser.GenericParser.parseLeftHandSideExpression(GenericParser.java:1601)
java.lang.AssertionError
    at org.junit.Assert.fail(Assert.java:86)
    at org.junit.Assert.assertTrue(Assert.java:41)
    at org.junit.Assert.assertTrue(Assert.java:52)
    at com.shapesecurity.shift.es2017.parser.RangeCheckerReducer.accept(RangeCheckerReducer.java:42)
    at com.shapesecurity.shift.es2017.parser.RangeCheckerReducer.reduceBindingIdentifier(RangeCheckerReducer.java:148)
    at com.shapesecurity.shift.es2017.parser.RangeCheckerReducer.reduceBindingIdentifier(RangeCheckerReducer.java:32)
com.shapesecurity.shift.es2017.parser.JsError: JavaScript error: Line 1 Column 20 (Index = 20), Unexpected token "await".
    at com.shapesecurity.shift.es2017.parser.Tokenizer.createError(Tokenizer.java:462)
    at com.shapesecurity.shift.es2017.parser.Tokenizer.createUnexpected(Tokenizer.java:440)
    at com.shapesecurity.shift.es2017.parser.GenericParser.parsePropertyDefinition(GenericParser.java:2182)
    at com.shapesecurity.shift.es2017.parser.GenericParser.parseObjectExpression(GenericParser.java:1986)
    at com.shapesecurity.shift.es2017.parser.GenericParser.parsePrimaryExpression(GenericParser.java:1810)
    at com.shapesecurity.shift.es2017.parser.GenericParser.parseLeftHandSideExpression(GenericParser.java:1601)
java.lang.AssertionError
    at org.junit.Assert.fail(Assert.java:86)
    at org.junit.Assert.assertTrue(Assert.java:41)
    at org.junit.Assert.assertTrue(Assert.java:52)
    at com.shapesecurity.shift.es2017.parser.RangeCheckerReducer.accept(RangeCheckerReducer.java:42)
    at com.shapesecurity.shift.es2017.parser.RangeCheckerReducer.reduceBindingIdentifier(RangeCheckerReducer.java:148)
    at com.shapesecurity.shift.es2017.parser.RangeCheckerReducer.reduceBindingIdentifier(RangeCheckerReducer.java:32)
java.lang.AssertionError
    at org.junit.Assert.fail(Assert.java:86)
    at org.junit.Assert.assertTrue(Assert.java:41)
    at org.junit.Assert.assertTrue(Assert.java:52)
    at com.shapesecurity.shift.es2017.parser.RangeCheckerReducer.accept(RangeCheckerReducer.java:42)
    at com.shapesecurity.shift.es2017.parser.RangeCheckerReducer.reduceBindingIdentifier(RangeCheckerReducer.java:148)
    at com.shapesecurity.shift.es2017.parser.RangeCheckerReducer.reduceBindingIdentifier(RangeCheckerReducer.java:32)
06:25:24.643 [pool-36-thread-1] INFO  xxl.java.junit.TestCasesListener - Tests run finished (113 ms)
<> Total tests run: 15
<> Ignored tests: 0
<> Failed tests: 5
~ testAwait(com.shapesecurity.shift.es2017.parser.miscellaneous.AsyncAwaitTest)
[JavaScript error: Line 1 Column 20 (Index = 20), Unexpected token "await".]
com.shapesecurity.shift.es2017.parser.JsError: JavaScript error: Line 1 Column 20 (Index = 20), Unexpected token "await".    at com.shapesecurity.shift.es2017.parser.Tokenizer.createError(Tokenizer.java:462)
    at com.shapesecurity.shift.es2017.parser.Tokenizer.createUnexpected(Tokenizer.java:440)
    at com.shapesecurity.shift.es2017.parser.GenericParser.parsePropertyDefinition(GenericParser.java:2182)
    at com.shapesecurity.shift.es2017.parser.GenericParser.parseObjectExpression(GenericParser.java:1986)
    at com.shapesecurity.shift.es2017.parser.GenericParser.parsePrimaryExpression(GenericParser.java:1810)
    at com.shapesecurity.shift.es2017.parser.GenericParser.parseLeftHandSideExpression(GenericParser.java:1601)
~ testAsyncExports(com.shapesecurity.shift.es2017.parser.miscellaneous.AsyncAwaitTest)
[null]
java.lang.AssertionError    at org.junit.Assert.fail(Assert.java:86)
    at org.junit.Assert.assertTrue(Assert.java:41)
    at org.junit.Assert.assertTrue(Assert.java:52)
    at com.shapesecurity.shift.es2017.parser.RangeCheckerReducer.accept(RangeCheckerReducer.java:42)
    at com.shapesecurity.shift.es2017.parser.RangeCheckerReducer.reduceBindingIdentifier(RangeCheckerReducer.java:148)
    at com.shapesecurity.shift.es2017.parser.RangeCheckerReducer.reduceBindingIdentifier(RangeCheckerReducer.java:32)
~ testAwait(com.shapesecurity.shift.es2017.parser.miscellaneous.AsyncAwaitTest)
[JavaScript error: Line 1 Column 20 (Index = 20), Unexpected token "await".]
com.shapesecurity.shift.es2017.parser.JsError: JavaScript error: Line 1 Column 20 (Index = 20), Unexpected token "await".    at com.shapesecurity.shift.es2017.parser.Tokenizer.createError(Tokenizer.java:462)
    at com.shapesecurity.shift.es2017.parser.Tokenizer.createUnexpected(Tokenizer.java:440)
    at com.shapesecurity.shift.es2017.parser.GenericParser.parsePropertyDefinition(GenericParser.java:2182)
    at com.shapesecurity.shift.es2017.parser.GenericParser.parseObjectExpression(GenericParser.java:1986)
    at com.shapesecurity.shift.es2017.parser.GenericParser.parsePrimaryExpression(GenericParser.java:1810)
    at com.shapesecurity.shift.es2017.parser.GenericParser.parseLeftHandSideExpression(GenericParser.java:1601)
~ testAsyncExports(com.shapesecurity.shift.es2017.parser.miscellaneous.AsyncAwaitTest)
[null]
java.lang.AssertionError    at org.junit.Assert.fail(Assert.java:86)
    at org.junit.Assert.assertTrue(Assert.java:41)
    at org.junit.Assert.assertTrue(Assert.java:52)
    at com.shapesecurity.shift.es2017.parser.RangeCheckerReducer.accept(RangeCheckerReducer.java:42)
    at com.shapesecurity.shift.es2017.parser.RangeCheckerReducer.reduceBindingIdentifier(RangeCheckerReducer.java:148)
    at com.shapesecurity.shift.es2017.parser.RangeCheckerReducer.reduceBindingIdentifier(RangeCheckerReducer.java:32)
~ testExport(com.shapesecurity.shift.es2017.parser.modules.ExportTest)
[null]
java.lang.AssertionError    at org.junit.Assert.fail(Assert.java:86)
    at org.junit.Assert.assertTrue(Assert.java:41)
    at org.junit.Assert.assertTrue(Assert.java:52)
    at com.shapesecurity.shift.es2017.parser.RangeCheckerReducer.accept(RangeCheckerReducer.java:42)
    at com.shapesecurity.shift.es2017.parser.RangeCheckerReducer.reduceBindingIdentifier(RangeCheckerReducer.java:148)
    at com.shapesecurity.shift.es2017.parser.RangeCheckerReducer.reduceBindingIdentifier(RangeCheckerReducer.java:32)

06:25:24.927 [pool-2-thread-1] DEBUG fr.inria.lille.repair.nopol.NoPol - statement #123
06:25:24.928 [pool-2-thread-1] DEBUG fr.inria.lille.repair.nopol.NoPol - Analysing SourceLocation com.shapesecurity.shift.es2017.utils.Utils:253 which is executed by 371 tests
82059410
06:25:25.029 [pool-2-thread-1] DEBUG fr.inria.lille.repair.nopol.NoPol - looking with class fr.inria.lille.repair.nopol.spoon.smt.ConditionalAdder
com.shapesecurity.shift.es2017.parser.JsError: JavaScript error: Line 1 Column 20 (Index = 20), Unexpected token "await".
    at com.shapesecurity.shift.es2017.parser.Tokenizer.createError(Tokenizer.java:462)
    at com.shapesecurity.shift.es2017.parser.Tokenizer.createUnexpected(Tokenizer.java:440)
    at com.shapesecurity.shift.es2017.parser.GenericParser.parsePropertyDefinition(GenericParser.java:2182)
    at com.shapesecurity.shift.es2017.parser.GenericParser.parseObjectExpression(GenericParser.java:1986)
    at com.shapesecurity.shift.es2017.parser.GenericParser.parsePrimaryExpression(GenericParser.java:1810)
    at com.shapesecurity.shift.es2017.parser.GenericParser.parseLeftHandSideExpression(GenericParser.java:1601)
java.lang.AssertionError
    at org.junit.Assert.fail(Assert.java:86)
    at org.junit.Assert.assertTrue(Assert.java:41)
    at org.junit.Assert.assertTrue(Assert.java:52)
    at com.shapesecurity.shift.es2017.parser.RangeCheckerReducer.accept(RangeCheckerReducer.java:42)
    at com.shapesecurity.shift.es2017.parser.RangeCheckerReducer.reduceBindingIdentifier(RangeCheckerReducer.java:148)
    at com.shapesecurity.shift.es2017.parser.RangeCheckerReducer.reduceBindingIdentifier(RangeCheckerReducer.java:32)
com.shapesecurity.shift.es2017.parser.JsError: JavaScript error: Line 1 Column 20 (Index = 20), Unexpected token "await".
    at com.shapesecurity.shift.es2017.parser.Tokenizer.createError(Tokenizer.java:462)
    at com.shapesecurity.shift.es2017.parser.Tokenizer.createUnexpected(Tokenizer.java:440)
    at com.shapesecurity.shift.es2017.parser.GenericParser.parsePropertyDefinition(GenericParser.java:2182)
    at com.shapesecurity.shift.es2017.parser.GenericParser.parseObjectExpression(GenericParser.java:1986)
    at com.shapesecurity.shift.es2017.parser.GenericParser.parsePrimaryExpression(GenericParser.java:1810)
    at com.shapesecurity.shift.es2017.parser.GenericParser.parseLeftHandSideExpression(GenericParser.java:1601)
java.lang.AssertionError
    at org.junit.Assert.fail(Assert.java:86)
    at org.junit.Assert.assertTrue(Assert.java:41)
    at org.junit.Assert.assertTrue(Assert.java:52)
    at com.shapesecurity.shift.es2017.parser.RangeCheckerReducer.accept(RangeCheckerReducer.java:42)
    at com.shapesecurity.shift.es2017.parser.RangeCheckerReducer.reduceBindingIdentifier(RangeCheckerReducer.java:148)
    at com.shapesecurity.shift.es2017.parser.RangeCheckerReducer.reduceBindingIdentifier(RangeCheckerReducer.java:32)
java.lang.AssertionError
    at org.junit.Assert.fail(Assert.java:86)
    at org.junit.Assert.assertTrue(Assert.java:41)
    at org.junit.Assert.assertTrue(Assert.java:52)
    at com.shapesecurity.shift.es2017.parser.RangeCheckerReducer.accept(RangeCheckerReducer.java:42)
    at com.shapesecurity.shift.es2017.parser.RangeCheckerReducer.reduceBindingIdentifier(RangeCheckerReducer.java:148)
    at com.shapesecurity.shift.es2017.parser.RangeCheckerReducer.reduceBindingIdentifier(RangeCheckerReducer.java:32)
06:25:25.161 [pool-44-thread-1] INFO  xxl.java.junit.TestCasesListener - Tests run finished (108 ms)
<> Total tests run: 15
<> Ignored tests: 0
<> Failed tests: 5
~ testAwait(com.shapesecurity.shift.es2017.parser.miscellaneous.AsyncAwaitTest)
[JavaScript error: Line 1 Column 20 (Index = 20), Unexpected token "await".]
com.shapesecurity.shift.es2017.parser.JsError: JavaScript error: Line 1 Column 20 (Index = 20), Unexpected token "await".    at com.shapesecurity.shift.es2017.parser.Tokenizer.createError(Tokenizer.java:462)
    at com.shapesecurity.shift.es2017.parser.Tokenizer.createUnexpected(Tokenizer.java:440)
    at com.shapesecurity.shift.es2017.parser.GenericParser.parsePropertyDefinition(GenericParser.java:2182)
    at com.shapesecurity.shift.es2017.parser.GenericParser.parseObjectExpression(GenericParser.java:1986)
    at com.shapesecurity.shift.es2017.parser.GenericParser.parsePrimaryExpression(GenericParser.java:1810)
    at com.shapesecurity.shift.es2017.parser.GenericParser.parseLeftHandSideExpression(GenericParser.java:1601)
~ testAsyncExports(com.shapesecurity.shift.es2017.parser.miscellaneous.AsyncAwaitTest)
[null]
java.lang.AssertionError    at org.junit.Assert.fail(Assert.java:86)
    at org.junit.Assert.assertTrue(Assert.java:41)
    at org.junit.Assert.assertTrue(Assert.java:52)
    at com.shapesecurity.shift.es2017.parser.RangeCheckerReducer.accept(RangeCheckerReducer.java:42)
    at com.shapesecurity.shift.es2017.parser.RangeCheckerReducer.reduceBindingIdentifier(RangeCheckerReducer.java:148)
    at com.shapesecurity.shift.es2017.parser.RangeCheckerReducer.reduceBindingIdentifier(RangeCheckerReducer.java:32)
~ testAwait(com.shapesecurity.shift.es2017.parser.miscellaneous.AsyncAwaitTest)
[JavaScript error: Line 1 Column 20 (Index = 20), Unexpected token "await".]
com.shapesecurity.shift.es2017.parser.JsError: JavaScript error: Line 1 Column 20 (Index = 20), Unexpected token "await".    at com.shapesecurity.shift.es2017.parser.Tokenizer.createError(Tokenizer.java:462)
    at com.shapesecurity.shift.es2017.parser.Tokenizer.createUnexpected(Tokenizer.java:440)
    at com.shapesecurity.shift.es2017.parser.GenericParser.parsePropertyDefinition(GenericParser.java:2182)
    at com.shapesecurity.shift.es2017.parser.GenericParser.parseObjectExpression(GenericParser.java:1986)
    at com.shapesecurity.shift.es2017.parser.GenericParser.parsePrimaryExpression(GenericParser.java:1810)
    at com.shapesecurity.shift.es2017.parser.GenericParser.parseLeftHandSideExpression(GenericParser.java:1601)
~ testAsyncExports(com.shapesecurity.shift.es2017.parser.miscellaneous.AsyncAwaitTest)
[null]
java.lang.AssertionError    at org.junit.Assert.fail(Assert.java:86)
    at org.junit.Assert.assertTrue(Assert.java:41)
    at org.junit.Assert.assertTrue(Assert.java:52)
    at com.shapesecurity.shift.es2017.parser.RangeCheckerReducer.accept(RangeCheckerReducer.java:42)
    at com.shapesecurity.shift.es2017.parser.RangeCheckerReducer.reduceBindingIdentifier(RangeCheckerReducer.java:148)
    at com.shapesecurity.shift.es2017.parser.RangeCheckerReducer.reduceBindingIdentifier(RangeCheckerReducer.java:32)
~ testExport(com.shapesecurity.shift.es2017.parser.modules.ExportTest)
[null]
java.lang.AssertionError    at org.junit.Assert.fail(Assert.java:86)
    at org.junit.Assert.assertTrue(Assert.java:41)
    at org.junit.Assert.assertTrue(Assert.java:52)
    at com.shapesecurity.shift.es2017.parser.RangeCheckerReducer.accept(RangeCheckerReducer.java:42)
    at com.shapesecurity.shift.es2017.parser.RangeCheckerReducer.reduceBindingIdentifier(RangeCheckerReducer.java:148)
    at com.shapesecurity.shift.es2017.parser.RangeCheckerReducer.reduceBindingIdentifier(RangeCheckerReducer.java:32)

06:25:25.454 [pool-2-thread-1] DEBUG fr.inria.lille.repair.nopol.NoPol - looking with class fr.inria.lille.repair.nopol.spoon.smt.ConditionalReplacer
com.shapesecurity.shift.es2017.parser.JsError: JavaScript error: Line 1 Column 20 (Index = 20), Unexpected token "await".
    at com.shapesecurity.shift.es2017.parser.Tokenizer.createError(Tokenizer.java:462)
    at com.shapesecurity.shift.es2017.parser.Tokenizer.createUnexpected(Tokenizer.java:440)
    at com.shapesecurity.shift.es2017.parser.GenericParser.parsePropertyDefinition(GenericParser.java:2182)
    at com.shapesecurity.shift.es2017.parser.GenericParser.parseObjectExpression(GenericParser.java:1986)
    at com.shapesecurity.shift.es2017.parser.GenericParser.parsePrimaryExpression(GenericParser.java:1810)
    at com.shapesecurity.shift.es2017.parser.GenericParser.parseLeftHandSideExpression(GenericParser.java:1601)
java.lang.AssertionError
    at org.junit.Assert.fail(Assert.java:86)
    at org.junit.Assert.assertTrue(Assert.java:41)
    at org.junit.Assert.assertTrue(Assert.java:52)
    at com.shapesecurity.shift.es2017.parser.RangeCheckerReducer.accept(RangeCheckerReducer.java:42)
    at com.shapesecurity.shift.es2017.parser.RangeCheckerReducer.reduceBindingIdentifier(RangeCheckerReducer.java:148)
    at com.shapesecurity.shift.es2017.parser.RangeCheckerReducer.reduceBindingIdentifier(RangeCheckerReducer.java:32)
com.shapesecurity.shift.es2017.parser.JsError: JavaScript error: Line 1 Column 20 (Index = 20), Unexpected token "await".
    at com.shapesecurity.shift.es2017.parser.Tokenizer.createError(Tokenizer.java:462)
    at com.shapesecurity.shift.es2017.parser.Tokenizer.createUnexpected(Tokenizer.java:440)
    at com.shapesecurity.shift.es2017.parser.GenericParser.parsePropertyDefinition(GenericParser.java:2182)
    at com.shapesecurity.shift.es2017.parser.GenericParser.parseObjectExpression(GenericParser.java:1986)
    at com.shapesecurity.shift.es2017.parser.GenericParser.parsePrimaryExpression(GenericParser.java:1810)
    at com.shapesecurity.shift.es2017.parser.GenericParser.parseLeftHandSideExpression(GenericParser.java:1601)
java.lang.AssertionError
    at org.junit.Assert.fail(Assert.java:86)
    at org.junit.Assert.assertTrue(Assert.java:41)
    at org.junit.Assert.assertTrue(Assert.java:52)
    at com.shapesecurity.shift.es2017.parser.RangeCheckerReducer.accept(RangeCheckerReducer.java:42)
    at com.shapesecurity.shift.es2017.parser.RangeCheckerReducer.reduceBindingIdentifier(RangeCheckerReducer.java:148)
    at com.shapesecurity.shift.es2017.parser.RangeCheckerReducer.reduceBindingIdentifier(RangeCheckerReducer.java:32)
java.lang.AssertionError
    at org.junit.Assert.fail(Assert.java:86)
    at org.junit.Assert.assertTrue(Assert.java:41)
    at org.junit.Assert.assertTrue(Assert.java:52)
    at com.shapesecurity.shift.es2017.parser.RangeCheckerReducer.accept(RangeCheckerReducer.java:42)
    at com.shapesecurity.shift.es2017.parser.RangeCheckerReducer.reduceBindingIdentifier(RangeCheckerReducer.java:148)
    at com.shapesecurity.shift.es2017.parser.RangeCheckerReducer.reduceBindingIdentifier(RangeCheckerReducer.java:32)
06:25:25.566 [pool-52-thread-1] INFO  xxl.java.junit.TestCasesListener - Tests run finished (99 ms)
<> Total tests run: 15
<> Ignored tests: 0
<> Failed tests: 5
~ testAwait(com.shapesecurity.shift.es2017.parser.miscellaneous.AsyncAwaitTest)
[JavaScript error: Line 1 Column 20 (Index = 20), Unexpected token "await".]
com.shapesecurity.shift.es2017.parser.JsError: JavaScript error: Line 1 Column 20 (Index = 20), Unexpected token "await".    at com.shapesecurity.shift.es2017.parser.Tokenizer.createError(Tokenizer.java:462)
    at com.shapesecurity.shift.es2017.parser.Tokenizer.createUnexpected(Tokenizer.java:440)
    at com.shapesecurity.shift.es2017.parser.GenericParser.parsePropertyDefinition(GenericParser.java:2182)
    at com.shapesecurity.shift.es2017.parser.GenericParser.parseObjectExpression(GenericParser.java:1986)
    at com.shapesecurity.shift.es2017.parser.GenericParser.parsePrimaryExpression(GenericParser.java:1810)
    at com.shapesecurity.shift.es2017.parser.GenericParser.parseLeftHandSideExpression(GenericParser.java:1601)
~ testAsyncExports(com.shapesecurity.shift.es2017.parser.miscellaneous.AsyncAwaitTest)
[null]
java.lang.AssertionError    at org.junit.Assert.fail(Assert.java:86)
    at org.junit.Assert.assertTrue(Assert.java:41)
    at org.junit.Assert.assertTrue(Assert.java:52)
    at com.shapesecurity.shift.es2017.parser.RangeCheckerReducer.accept(RangeCheckerReducer.java:42)
    at com.shapesecurity.shift.es2017.parser.RangeCheckerReducer.reduceBindingIdentifier(RangeCheckerReducer.java:148)
    at com.shapesecurity.shift.es2017.parser.RangeCheckerReducer.reduceBindingIdentifier(RangeCheckerReducer.java:32)
~ testAwait(com.shapesecurity.shift.es2017.parser.miscellaneous.AsyncAwaitTest)
[JavaScript error: Line 1 Column 20 (Index = 20), Unexpected token "await".]
com.shapesecurity.shift.es2017.parser.JsError: JavaScript error: Line 1 Column 20 (Index = 20), Unexpected token "await".    at com.shapesecurity.shift.es2017.parser.Tokenizer.createError(Tokenizer.java:462)
    at com.shapesecurity.shift.es2017.parser.Tokenizer.createUnexpected(Tokenizer.java:440)
    at com.shapesecurity.shift.es2017.parser.GenericParser.parsePropertyDefinition(GenericParser.java:2182)
    at com.shapesecurity.shift.es2017.parser.GenericParser.parseObjectExpression(GenericParser.java:1986)
    at com.shapesecurity.shift.es2017.parser.GenericParser.parsePrimaryExpression(GenericParser.java:1810)
    at com.shapesecurity.shift.es2017.parser.GenericParser.parseLeftHandSideExpression(GenericParser.java:1601)
~ testAsyncExports(com.shapesecurity.shift.es2017.parser.miscellaneous.AsyncAwaitTest)
[null]
java.lang.AssertionError    at org.junit.Assert.fail(Assert.java:86)
    at org.junit.Assert.assertTrue(Assert.java:41)
    at org.junit.Assert.assertTrue(Assert.java:52)
    at com.shapesecurity.shift.es2017.parser.RangeCheckerReducer.accept(RangeCheckerReducer.java:42)
    at com.shapesecurity.shift.es2017.parser.RangeCheckerReducer.reduceBindingIdentifier(RangeCheckerReducer.java:148)
    at com.shapesecurity.shift.es2017.parser.RangeCheckerReducer.reduceBindingIdentifier(RangeCheckerReducer.java:32)
~ testExport(com.shapesecurity.shift.es2017.parser.modules.ExportTest)
[null]
java.lang.AssertionError    at org.junit.Assert.fail(Assert.java:86)
    at org.junit.Assert.assertTrue(Assert.java:41)
    at org.junit.Assert.assertTrue(Assert.java:52)
    at com.shapesecurity.shift.es2017.parser.RangeCheckerReducer.accept(RangeCheckerReducer.java:42)
    at com.shapesecurity.shift.es2017.parser.RangeCheckerReducer.reduceBindingIdentifier(RangeCheckerReducer.java:148)
    at com.shapesecurity.shift.es2017.parser.RangeCheckerReducer.reduceBindingIdentifier(RangeCheckerReducer.java:32)

06:25:25.815 [pool-2-thread-1] DEBUG fr.inria.lille.repair.nopol.NoPol - statement #124
06:25:25.815 [pool-2-thread-1] DEBUG fr.inria.lille.repair.nopol.NoPol - Analysing SourceLocation com.shapesecurity.shift.es2017.parser.ParserTestCase:62 which is executed by 42 tests
06:25:25.815 [pool-2-thread-1] DEBUG fr.inria.lille.repair.nopol.NoPol - cannot spoon SourceLocation com.shapesecurity.shift.es2017.parser.ParserTestCase:62
06:25:25.815 [pool-2-thread-1] DEBUG fr.inria.lille.repair.nopol.NoPol - statement #125
06:25:25.815 [pool-2-thread-1] DEBUG fr.inria.lille.repair.nopol.NoPol - Analysing SourceLocation com.shapesecurity.shift.es2017.parser.ParserTestCase:61 which is executed by 42 tests
06:25:25.816 [pool-2-thread-1] DEBUG fr.inria.lille.repair.nopol.NoPol - cannot spoon SourceLocation com.shapesecurity.shift.es2017.parser.ParserTestCase:61
06:25:25.816 [pool-2-thread-1] DEBUG fr.inria.lille.repair.nopol.NoPol - statement #126
06:25:25.816 [pool-2-thread-1] DEBUG fr.inria.lille.repair.nopol.NoPol - Analysing SourceLocation com.shapesecurity.shift.es2017.parser.ParserTestCase:60 which is executed by 42 tests
06:25:25.816 [pool-2-thread-1] DEBUG fr.inria.lille.repair.nopol.NoPol - cannot spoon SourceLocation com.shapesecurity.shift.es2017.parser.ParserTestCase:60
06:25:25.816 [pool-2-thread-1] DEBUG fr.inria.lille.repair.nopol.NoPol - statement #127
06:25:25.816 [pool-2-thread-1] DEBUG fr.inria.lille.repair.nopol.NoPol - Analysing SourceLocation com.shapesecurity.shift.es2017.parser.ParserTestCase:59 which is executed by 42 tests
06:25:25.816 [pool-2-thread-1] DEBUG fr.inria.lille.repair.nopol.NoPol - cannot spoon SourceLocation com.shapesecurity.shift.es2017.parser.ParserTestCase:59
06:25:25.816 [pool-2-thread-1] DEBUG fr.inria.lille.repair.nopol.NoPol - statement #128
06:25:25.816 [pool-2-thread-1] DEBUG fr.inria.lille.repair.nopol.NoPol - Analysing SourceLocation com.shapesecurity.shift.es2017.parser.ParserTestCase:58 which is executed by 42 tests
06:25:25.816 [pool-2-thread-1] DEBUG fr.inria.lille.repair.nopol.NoPol - cannot spoon SourceLocation com.shapesecurity.shift.es2017.parser.ParserTestCase:58
06:25:25.816 [pool-2-thread-1] DEBUG fr.inria.lille.repair.nopol.NoPol - statement #129
06:25:25.816 [pool-2-thread-1] DEBUG fr.inria.lille.repair.nopol.NoPol - Analysing SourceLocation com.shapesecurity.shift.es2017.parser.ParserTestCase:57 which is executed by 42 tests
06:25:25.816 [pool-2-thread-1] DEBUG fr.inria.lille.repair.nopol.NoPol - cannot spoon SourceLocation com.shapesecurity.shift.es2017.parser.ParserTestCase:57
06:25:25.816 [pool-2-thread-1] DEBUG fr.inria.lille.repair.nopol.NoPol - statement #130
06:25:25.816 [pool-2-thread-1] DEBUG fr.inria.lille.repair.nopol.NoPol - Analysing SourceLocation com.shapesecurity.shift.es2017.parser.ParserTestCase:56 which is executed by 42 tests
06:25:25.817 [pool-2-thread-1] DEBUG fr.inria.lille.repair.nopol.NoPol - cannot spoon SourceLocation com.shapesecurity.shift.es2017.parser.ParserTestCase:56
06:25:25.817 [pool-2-thread-1] DEBUG fr.inria.lille.repair.nopol.NoPol - statement #131
06:25:25.817 [pool-2-thread-1] DEBUG fr.inria.lille.repair.nopol.NoPol - Analysing SourceLocation com.shapesecurity.shift.es2017.parser.ParserTestCase:55 which is executed by 42 tests
06:25:25.817 [pool-2-thread-1] DEBUG fr.inria.lille.repair.nopol.NoPol - cannot spoon SourceLocation com.shapesecurity.shift.es2017.parser.ParserTestCase:55
06:25:25.817 [pool-2-thread-1] DEBUG fr.inria.lille.repair.nopol.NoPol - statement #132
06:25:25.817 [pool-2-thread-1] DEBUG fr.inria.lille.repair.nopol.NoPol - Analysing SourceLocation com.shapesecurity.shift.es2017.parser.ParserTestCase:53 which is executed by 42 tests
06:25:25.817 [pool-2-thread-1] DEBUG fr.inria.lille.repair.nopol.NoPol - cannot spoon SourceLocation com.shapesecurity.shift.es2017.parser.ParserTestCase:53
06:25:25.817 [pool-2-thread-1] DEBUG fr.inria.lille.repair.nopol.NoPol - statement #133
06:25:25.817 [pool-2-thread-1] DEBUG fr.inria.lille.repair.nopol.NoPol - Analysing SourceLocation com.shapesecurity.shift.es2017.parser.ParserTestCase:52 which is executed by 42 tests
06:25:25.817 [pool-2-thread-1] DEBUG fr.inria.lille.repair.nopol.NoPol - cannot spoon SourceLocation com.shapesecurity.shift.es2017.parser.ParserTestCase:52
06:25:25.817 [pool-2-thread-1] DEBUG fr.inria.lille.repair.nopol.NoPol - statement #134
06:25:25.817 [pool-2-thread-1] DEBUG fr.inria.lille.repair.nopol.NoPol - Analysing SourceLocation com.shapesecurity.shift.es2017.parser.ParserTestCase:51 which is executed by 42 tests
06:25:25.817 [pool-2-thread-1] DEBUG fr.inria.lille.repair.nopol.NoPol - cannot spoon SourceLocation com.shapesecurity.shift.es2017.parser.ParserTestCase:51
06:25:25.817 [pool-2-thread-1] DEBUG fr.inria.lille.repair.nopol.NoPol - statement #135
06:25:25.817 [pool-2-thread-1] DEBUG fr.inria.lille.repair.nopol.NoPol - Analysing SourceLocation com.shapesecurity.shift.es2017.parser.ParserTestCase:50 which is executed by 42 tests
06:25:25.817 [pool-2-thread-1] DEBUG fr.inria.lille.repair.nopol.NoPol - cannot spoon SourceLocation com.shapesecurity.shift.es2017.parser.ParserTestCase:50
06:25:25.818 [pool-2-thread-1] DEBUG fr.inria.lille.repair.nopol.NoPol - statement #136
06:25:25.818 [pool-2-thread-1] DEBUG fr.inria.lille.repair.nopol.NoPol - Analysing SourceLocation com.shapesecurity.shift.es2017.parser.ParserTestCase:49 which is executed by 42 tests
06:25:25.818 [pool-2-thread-1] DEBUG fr.inria.lille.repair.nopol.NoPol - cannot spoon SourceLocation com.shapesecurity.shift.es2017.parser.ParserTestCase:49
06:25:25.818 [pool-2-thread-1] DEBUG fr.inria.lille.repair.nopol.NoPol - statement #137
06:25:25.818 [pool-2-thread-1] DEBUG fr.inria.lille.repair.nopol.NoPol - Analysing SourceLocation com.shapesecurity.shift.es2017.utils.Utils:232 which is executed by 382 tests
82059410
06:25:25.897 [pool-2-thread-1] DEBUG fr.inria.lille.repair.nopol.NoPol - looking with class fr.inria.lille.repair.nopol.spoon.smt.ConditionalAdder
com.shapesecurity.shift.es2017.parser.JsError: JavaScript error: Line 1 Column 20 (Index = 20), Unexpected token "await".
    at com.shapesecurity.shift.es2017.parser.Tokenizer.createError(Tokenizer.java:462)
    at com.shapesecurity.shift.es2017.parser.Tokenizer.createUnexpected(Tokenizer.java:440)
    at com.shapesecurity.shift.es2017.parser.GenericParser.parsePropertyDefinition(GenericParser.java:2182)
    at com.shapesecurity.shift.es2017.parser.GenericParser.parseObjectExpression(GenericParser.java:1986)
    at com.shapesecurity.shift.es2017.parser.GenericParser.parsePrimaryExpression(GenericParser.java:1810)
    at com.shapesecurity.shift.es2017.parser.GenericParser.parseLeftHandSideExpression(GenericParser.java:1601)
java.lang.AssertionError
    at org.junit.Assert.fail(Assert.java:86)
    at org.junit.Assert.assertTrue(Assert.java:41)
    at org.junit.Assert.assertTrue(Assert.java:52)
    at com.shapesecurity.shift.es2017.parser.RangeCheckerReducer.accept(RangeCheckerReducer.java:42)
    at com.shapesecurity.shift.es2017.parser.RangeCheckerReducer.reduceBindingIdentifier(RangeCheckerReducer.java:148)
    at com.shapesecurity.shift.es2017.parser.RangeCheckerReducer.reduceBindingIdentifier(RangeCheckerReducer.java:32)
com.shapesecurity.shift.es2017.parser.JsError: JavaScript error: Line 1 Column 20 (Index = 20), Unexpected token "await".
    at com.shapesecurity.shift.es2017.parser.Tokenizer.createError(Tokenizer.java:462)
    at com.shapesecurity.shift.es2017.parser.Tokenizer.createUnexpected(Tokenizer.java:440)
    at com.shapesecurity.shift.es2017.parser.GenericParser.parsePropertyDefinition(GenericParser.java:2182)
    at com.shapesecurity.shift.es2017.parser.GenericParser.parseObjectExpression(GenericParser.java:1986)
    at com.shapesecurity.shift.es2017.parser.GenericParser.parsePrimaryExpression(GenericParser.java:1810)
    at com.shapesecurity.shift.es2017.parser.GenericParser.parseLeftHandSideExpression(GenericParser.java:1601)
java.lang.AssertionError
    at org.junit.Assert.fail(Assert.java:86)
    at org.junit.Assert.assertTrue(Assert.java:41)
    at org.junit.Assert.assertTrue(Assert.java:52)
    at com.shapesecurity.shift.es2017.parser.RangeCheckerReducer.accept(RangeCheckerReducer.java:42)
    at com.shapesecurity.shift.es2017.parser.RangeCheckerReducer.reduceBindingIdentifier(RangeCheckerReducer.java:148)
    at com.shapesecurity.shift.es2017.parser.RangeCheckerReducer.reduceBindingIdentifier(RangeCheckerReducer.java:32)
java.lang.AssertionError
    at org.junit.Assert.fail(Assert.java:86)
    at org.junit.Assert.assertTrue(Assert.java:41)
    at org.junit.Assert.assertTrue(Assert.java:52)
    at com.shapesecurity.shift.es2017.parser.RangeCheckerReducer.accept(RangeCheckerReducer.java:42)
    at com.shapesecurity.shift.es2017.parser.RangeCheckerReducer.reduceBindingIdentifier(RangeCheckerReducer.java:148)
    at com.shapesecurity.shift.es2017.parser.RangeCheckerReducer.reduceBindingIdentifier(RangeCheckerReducer.java:32)
06:25:26.006 [pool-60-thread-1] INFO  xxl.java.junit.TestCasesListener - Tests run finished (96 ms)
<> Total tests run: 15
<> Ignored tests: 0
<> Failed tests: 5
~ testAwait(com.shapesecurity.shift.es2017.parser.miscellaneous.AsyncAwaitTest)
[JavaScript error: Line 1 Column 20 (Index = 20), Unexpected token "await".]
com.shapesecurity.shift.es2017.parser.JsError: JavaScript error: Line 1 Column 20 (Index = 20), Unexpected token "await".    at com.shapesecurity.shift.es2017.parser.Tokenizer.createError(Tokenizer.java:462)
    at com.shapesecurity.shift.es2017.parser.Tokenizer.createUnexpected(Tokenizer.java:440)
    at com.shapesecurity.shift.es2017.parser.GenericParser.parsePropertyDefinition(GenericParser.java:2182)
    at com.shapesecurity.shift.es2017.parser.GenericParser.parseObjectExpression(GenericParser.java:1986)
    at com.shapesecurity.shift.es2017.parser.GenericParser.parsePrimaryExpression(GenericParser.java:1810)
    at com.shapesecurity.shift.es2017.parser.GenericParser.parseLeftHandSideExpression(GenericParser.java:1601)
~ testAsyncExports(com.shapesecurity.shift.es2017.parser.miscellaneous.AsyncAwaitTest)
[null]
java.lang.AssertionError    at org.junit.Assert.fail(Assert.java:86)
    at org.junit.Assert.assertTrue(Assert.java:41)
    at org.junit.Assert.assertTrue(Assert.java:52)
    at com.shapesecurity.shift.es2017.parser.RangeCheckerReducer.accept(RangeCheckerReducer.java:42)
    at com.shapesecurity.shift.es2017.parser.RangeCheckerReducer.reduceBindingIdentifier(RangeCheckerReducer.java:148)
    at com.shapesecurity.shift.es2017.parser.RangeCheckerReducer.reduceBindingIdentifier(RangeCheckerReducer.java:32)
~ testAwait(com.shapesecurity.shift.es2017.parser.miscellaneous.AsyncAwaitTest)
[JavaScript error: Line 1 Column 20 (Index = 20), Unexpected token "await".]
com.shapesecurity.shift.es2017.parser.JsError: JavaScript error: Line 1 Column 20 (Index = 20), Unexpected token "await".    at com.shapesecurity.shift.es2017.parser.Tokenizer.createError(Tokenizer.java:462)
    at com.shapesecurity.shift.es2017.parser.Tokenizer.createUnexpected(Tokenizer.java:440)
    at com.shapesecurity.shift.es2017.parser.GenericParser.parsePropertyDefinition(GenericParser.java:2182)
    at com.shapesecurity.shift.es2017.parser.GenericParser.parseObjectExpression(GenericParser.java:1986)
    at com.shapesecurity.shift.es2017.parser.GenericParser.parsePrimaryExpression(GenericParser.java:1810)
    at com.shapesecurity.shift.es2017.parser.GenericParser.parseLeftHandSideExpression(GenericParser.java:1601)
~ testAsyncExports(com.shapesecurity.shift.es2017.parser.miscellaneous.AsyncAwaitTest)
[null]
java.lang.AssertionError    at org.junit.Assert.fail(Assert.java:86)
    at org.junit.Assert.assertTrue(Assert.java:41)
    at org.junit.Assert.assertTrue(Assert.java:52)
    at com.shapesecurity.shift.es2017.parser.RangeCheckerReducer.accept(RangeCheckerReducer.java:42)
    at com.shapesecurity.shift.es2017.parser.RangeCheckerReducer.reduceBindingIdentifier(RangeCheckerReducer.java:148)
    at com.shapesecurity.shift.es2017.parser.RangeCheckerReducer.reduceBindingIdentifier(RangeCheckerReducer.java:32)
~ testExport(com.shapesecurity.shift.es2017.parser.modules.ExportTest)
[null]
java.lang.AssertionError    at org.junit.Assert.fail(Assert.java:86)
    at org.junit.Assert.assertTrue(Assert.java:41)
    at org.junit.Assert.assertTrue(Assert.java:52)
    at com.shapesecurity.shift.es2017.parser.RangeCheckerReducer.accept(RangeCheckerReducer.java:42)
    at com.shapesecurity.shift.es2017.parser.RangeCheckerReducer.reduceBindingIdentifier(RangeCheckerReducer.java:148)
    at com.shapesecurity.shift.es2017.parser.RangeCheckerReducer.reduceBindingIdentifier(RangeCheckerReducer.java:32)

06:25:26.235 [pool-2-thread-1] DEBUG fr.inria.lille.repair.nopol.NoPol - statement #138
06:25:26.235 [pool-2-thread-1] DEBUG fr.inria.lille.repair.nopol.NoPol - Analysing SourceLocation com.shapesecurity.shift.es2017.utils.Utils:231 which is executed by 382 tests
82059410
06:25:26.313 [pool-2-thread-1] DEBUG fr.inria.lille.repair.nopol.NoPol - looking with class fr.inria.lille.repair.nopol.spoon.smt.ConditionalAdder
com.shapesecurity.shift.es2017.parser.JsError: JavaScript error: Line 1 Column 20 (Index = 20), Unexpected token "await".
    at com.shapesecurity.shift.es2017.parser.Tokenizer.createError(Tokenizer.java:462)
    at com.shapesecurity.shift.es2017.parser.Tokenizer.createUnexpected(Tokenizer.java:440)
    at com.shapesecurity.shift.es2017.parser.GenericParser.parsePropertyDefinition(GenericParser.java:2182)
    at com.shapesecurity.shift.es2017.parser.GenericParser.parseObjectExpression(GenericParser.java:1986)
    at com.shapesecurity.shift.es2017.parser.GenericParser.parsePrimaryExpression(GenericParser.java:1810)
    at com.shapesecurity.shift.es2017.parser.GenericParser.parseLeftHandSideExpression(GenericParser.java:1601)
java.lang.AssertionError
    at org.junit.Assert.fail(Assert.java:86)
    at org.junit.Assert.assertTrue(Assert.java:41)
    at org.junit.Assert.assertTrue(Assert.java:52)
    at com.shapesecurity.shift.es2017.parser.RangeCheckerReducer.accept(RangeCheckerReducer.java:42)
    at com.shapesecurity.shift.es2017.parser.RangeCheckerReducer.reduceBindingIdentifier(RangeCheckerReducer.java:148)
    at com.shapesecurity.shift.es2017.parser.RangeCheckerReducer.reduceBindingIdentifier(RangeCheckerReducer.java:32)
com.shapesecurity.shift.es2017.parser.JsError: JavaScript error: Line 1 Column 20 (Index = 20), Unexpected token "await".
    at com.shapesecurity.shift.es2017.parser.Tokenizer.createError(Tokenizer.java:462)
    at com.shapesecurity.shift.es2017.parser.Tokenizer.createUnexpected(Tokenizer.java:440)
    at com.shapesecurity.shift.es2017.parser.GenericParser.parsePropertyDefinition(GenericParser.java:2182)
    at com.shapesecurity.shift.es2017.parser.GenericParser.parseObjectExpression(GenericParser.java:1986)
    at com.shapesecurity.shift.es2017.parser.GenericParser.parsePrimaryExpression(GenericParser.java:1810)
    at com.shapesecurity.shift.es2017.parser.GenericParser.parseLeftHandSideExpression(GenericParser.java:1601)
java.lang.AssertionError
    at org.junit.Assert.fail(Assert.java:86)
    at org.junit.Assert.assertTrue(Assert.java:41)
    at org.junit.Assert.assertTrue(Assert.java:52)
    at com.shapesecurity.shift.es2017.parser.RangeCheckerReducer.accept(RangeCheckerReducer.java:42)
    at com.shapesecurity.shift.es2017.parser.RangeCheckerReducer.reduceBindingIdentifier(RangeCheckerReducer.java:148)
    at com.shapesecurity.shift.es2017.parser.RangeCheckerReducer.reduceBindingIdentifier(RangeCheckerReducer.java:32)
java.lang.AssertionError
    at org.junit.Assert.fail(Assert.java:86)
    at org.junit.Assert.assertTrue(Assert.java:41)
    at org.junit.Assert.assertTrue(Assert.java:52)
    at com.shapesecurity.shift.es2017.parser.RangeCheckerReducer.accept(RangeCheckerReducer.java:42)
    at com.shapesecurity.shift.es2017.parser.RangeCheckerReducer.reduceBindingIdentifier(RangeCheckerReducer.java:148)
    at com.shapesecurity.shift.es2017.parser.RangeCheckerReducer.reduceBindingIdentifier(RangeCheckerReducer.java:32)
06:25:26.423 [pool-68-thread-1] INFO  xxl.java.junit.TestCasesListener - Tests run finished (96 ms)
<> Total tests run: 15
<> Ignored tests: 0
<> Failed tests: 5
~ testAwait(com.shapesecurity.shift.es2017.parser.miscellaneous.AsyncAwaitTest)
[JavaScript error: Line 1 Column 20 (Index = 20), Unexpected token "await".]
com.shapesecurity.shift.es2017.parser.JsError: JavaScript error: Line 1 Column 20 (Index = 20), Unexpected token "await".    at com.shapesecurity.shift.es2017.parser.Tokenizer.createError(Tokenizer.java:462)
    at com.shapesecurity.shift.es2017.parser.Tokenizer.createUnexpected(Tokenizer.java:440)
    at com.shapesecurity.shift.es2017.parser.GenericParser.parsePropertyDefinition(GenericParser.java:2182)
    at com.shapesecurity.shift.es2017.parser.GenericParser.parseObjectExpression(GenericParser.java:1986)
    at com.shapesecurity.shift.es2017.parser.GenericParser.parsePrimaryExpression(GenericParser.java:1810)
    at com.shapesecurity.shift.es2017.parser.GenericParser.parseLeftHandSideExpression(GenericParser.java:1601)
~ testAsyncExports(com.shapesecurity.shift.es2017.parser.miscellaneous.AsyncAwaitTest)
[null]
java.lang.AssertionError    at org.junit.Assert.fail(Assert.java:86)
    at org.junit.Assert.assertTrue(Assert.java:41)
    at org.junit.Assert.assertTrue(Assert.java:52)
    at com.shapesecurity.shift.es2017.parser.RangeCheckerReducer.accept(RangeCheckerReducer.java:42)
    at com.shapesecurity.shift.es2017.parser.RangeCheckerReducer.reduceBindingIdentifier(RangeCheckerReducer.java:148)
    at com.shapesecurity.shift.es2017.parser.RangeCheckerReducer.reduceBindingIdentifier(RangeCheckerReducer.java:32)
~ testAwait(com.shapesecurity.shift.es2017.parser.miscellaneous.AsyncAwaitTest)
[JavaScript error: Line 1 Column 20 (Index = 20), Unexpected token "await".]
com.shapesecurity.shift.es2017.parser.JsError: JavaScript error: Line 1 Column 20 (Index = 20), Unexpected token "await".    at com.shapesecurity.shift.es2017.parser.Tokenizer.createError(Tokenizer.java:462)
    at com.shapesecurity.shift.es2017.parser.Tokenizer.createUnexpected(Tokenizer.java:440)
    at com.shapesecurity.shift.es2017.parser.GenericParser.parsePropertyDefinition(GenericParser.java:2182)
    at com.shapesecurity.shift.es2017.parser.GenericParser.parseObjectExpression(GenericParser.java:1986)
    at com.shapesecurity.shift.es2017.parser.GenericParser.parsePrimaryExpression(GenericParser.java:1810)
    at com.shapesecurity.shift.es2017.parser.GenericParser.parseLeftHandSideExpression(GenericParser.java:1601)
~ testAsyncExports(com.shapesecurity.shift.es2017.parser.miscellaneous.AsyncAwaitTest)
[null]
java.lang.AssertionError    at org.junit.Assert.fail(Assert.java:86)
    at org.junit.Assert.assertTrue(Assert.java:41)
    at org.junit.Assert.assertTrue(Assert.java:52)
    at com.shapesecurity.shift.es2017.parser.RangeCheckerReducer.accept(RangeCheckerReducer.java:42)
    at com.shapesecurity.shift.es2017.parser.RangeCheckerReducer.reduceBindingIdentifier(RangeCheckerReducer.java:148)
    at com.shapesecurity.shift.es2017.parser.RangeCheckerReducer.reduceBindingIdentifier(RangeCheckerReducer.java:32)
~ testExport(com.shapesecurity.shift.es2017.parser.modules.ExportTest)
[null]
java.lang.AssertionError    at org.junit.Assert.fail(Assert.java:86)
    at org.junit.Assert.assertTrue(Assert.java:41)
    at org.junit.Assert.assertTrue(Assert.java:52)
    at com.shapesecurity.shift.es2017.parser.RangeCheckerReducer.accept(RangeCheckerReducer.java:42)
    at com.shapesecurity.shift.es2017.parser.RangeCheckerReducer.reduceBindingIdentifier(RangeCheckerReducer.java:148)
    at com.shapesecurity.shift.es2017.parser.RangeCheckerReducer.reduceBindingIdentifier(RangeCheckerReducer.java:32)

06:25:26.652 [pool-2-thread-1] DEBUG fr.inria.lille.repair.nopol.NoPol - looking with class fr.inria.lille.repair.nopol.spoon.smt.ConditionalReplacer
com.shapesecurity.shift.es2017.parser.JsError: JavaScript error: Line 1 Column 20 (Index = 20), Unexpected token "await".
    at com.shapesecurity.shift.es2017.parser.Tokenizer.createError(Tokenizer.java:462)
    at com.shapesecurity.shift.es2017.parser.Tokenizer.createUnexpected(Tokenizer.java:440)
    at com.shapesecurity.shift.es2017.parser.GenericParser.parsePropertyDefinition(GenericParser.java:2182)
    at com.shapesecurity.shift.es2017.parser.GenericParser.parseObjectExpression(GenericParser.java:1986)
    at com.shapesecurity.shift.es2017.parser.GenericParser.parsePrimaryExpression(GenericParser.java:1810)
    at com.shapesecurity.shift.es2017.parser.GenericParser.parseLeftHandSideExpression(GenericParser.java:1601)
java.lang.AssertionError
    at org.junit.Assert.fail(Assert.java:86)
    at org.junit.Assert.assertTrue(Assert.java:41)
    at org.junit.Assert.assertTrue(Assert.java:52)
    at com.shapesecurity.shift.es2017.parser.RangeCheckerReducer.accept(RangeCheckerReducer.java:42)
    at com.shapesecurity.shift.es2017.parser.RangeCheckerReducer.reduceBindingIdentifier(RangeCheckerReducer.java:148)
    at com.shapesecurity.shift.es2017.parser.RangeCheckerReducer.reduceBindingIdentifier(RangeCheckerReducer.java:32)
com.shapesecurity.shift.es2017.parser.JsError: JavaScript error: Line 1 Column 20 (Index = 20), Unexpected token "await".
    at com.shapesecurity.shift.es2017.parser.Tokenizer.createError(Tokenizer.java:462)
    at com.shapesecurity.shift.es2017.parser.Tokenizer.createUnexpected(Tokenizer.java:440)
    at com.shapesecurity.shift.es2017.parser.GenericParser.parsePropertyDefinition(GenericParser.java:2182)
    at com.shapesecurity.shift.es2017.parser.GenericParser.parseObjectExpression(GenericParser.java:1986)
    at com.shapesecurity.shift.es2017.parser.GenericParser.parsePrimaryExpression(GenericParser.java:1810)
    at com.shapesecurity.shift.es2017.parser.GenericParser.parseLeftHandSideExpression(GenericParser.java:1601)
java.lang.AssertionError
    at org.junit.Assert.fail(Assert.java:86)
    at org.junit.Assert.assertTrue(Assert.java:41)
    at org.junit.Assert.assertTrue(Assert.java:52)
    at com.shapesecurity.shift.es2017.parser.RangeCheckerReducer.accept(RangeCheckerReducer.java:42)
    at com.shapesecurity.shift.es2017.parser.RangeCheckerReducer.reduceBindingIdentifier(RangeCheckerReducer.java:148)
    at com.shapesecurity.shift.es2017.parser.RangeCheckerReducer.reduceBindingIdentifier(RangeCheckerReducer.java:32)
java.lang.AssertionError
    at org.junit.Assert.fail(Assert.java:86)
    at org.junit.Assert.assertTrue(Assert.java:41)
    at org.junit.Assert.assertTrue(Assert.java:52)
    at com.shapesecurity.shift.es2017.parser.RangeCheckerReducer.accept(RangeCheckerReducer.java:42)
    at com.shapesecurity.shift.es2017.parser.RangeCheckerReducer.reduceBindingIdentifier(RangeCheckerReducer.java:148)
    at com.shapesecurity.shift.es2017.parser.RangeCheckerReducer.reduceBindingIdentifier(RangeCheckerReducer.java:32)
06:25:26.760 [pool-76-thread-1] INFO  xxl.java.junit.TestCasesListener - Tests run finished (97 ms)
<> Total tests run: 15
<> Ignored tests: 0
<> Failed tests: 5
~ testAwait(com.shapesecurity.shift.es2017.parser.miscellaneous.AsyncAwaitTest)
[JavaScript error: Line 1 Column 20 (Index = 20), Unexpected token "await".]
com.shapesecurity.shift.es2017.parser.JsError: JavaScript error: Line 1 Column 20 (Index = 20), Unexpected token "await".    at com.shapesecurity.shift.es2017.parser.Tokenizer.createError(Tokenizer.java:462)
    at com.shapesecurity.shift.es2017.parser.Tokenizer.createUnexpected(Tokenizer.java:440)
    at com.shapesecurity.shift.es2017.parser.GenericParser.parsePropertyDefinition(GenericParser.java:2182)
    at com.shapesecurity.shift.es2017.parser.GenericParser.parseObjectExpression(GenericParser.java:1986)
    at com.shapesecurity.shift.es2017.parser.GenericParser.parsePrimaryExpression(GenericParser.java:1810)
    at com.shapesecurity.shift.es2017.parser.GenericParser.parseLeftHandSideExpression(GenericParser.java:1601)
~ testAsyncExports(com.shapesecurity.shift.es2017.parser.miscellaneous.AsyncAwaitTest)
[null]
java.lang.AssertionError    at org.junit.Assert.fail(Assert.java:86)
    at org.junit.Assert.assertTrue(Assert.java:41)
    at org.junit.Assert.assertTrue(Assert.java:52)
    at com.shapesecurity.shift.es2017.parser.RangeCheckerReducer.accept(RangeCheckerReducer.java:42)
    at com.shapesecurity.shift.es2017.parser.RangeCheckerReducer.reduceBindingIdentifier(RangeCheckerReducer.java:148)
    at com.shapesecurity.shift.es2017.parser.RangeCheckerReducer.reduceBindingIdentifier(RangeCheckerReducer.java:32)
~ testAwait(com.shapesecurity.shift.es2017.parser.miscellaneous.AsyncAwaitTest)
[JavaScript error: Line 1 Column 20 (Index = 20), Unexpected token "await".]
com.shapesecurity.shift.es2017.parser.JsError: JavaScript error: Line 1 Column 20 (Index = 20), Unexpected token "await".    at com.shapesecurity.shift.es2017.parser.Tokenizer.createError(Tokenizer.java:462)
    at com.shapesecurity.shift.es2017.parser.Tokenizer.createUnexpected(Tokenizer.java:440)
    at com.shapesecurity.shift.es2017.parser.GenericParser.parsePropertyDefinition(GenericParser.java:2182)
    at com.shapesecurity.shift.es2017.parser.GenericParser.parseObjectExpression(GenericParser.java:1986)
    at com.shapesecurity.shift.es2017.parser.GenericParser.parsePrimaryExpression(GenericParser.java:1810)
    at com.shapesecurity.shift.es2017.parser.GenericParser.parseLeftHandSideExpression(GenericParser.java:1601)
~ testAsyncExports(com.shapesecurity.shift.es2017.parser.miscellaneous.AsyncAwaitTest)
[null]
java.lang.AssertionError    at org.junit.Assert.fail(Assert.java:86)
    at org.junit.Assert.assertTrue(Assert.java:41)
    at org.junit.Assert.assertTrue(Assert.java:52)
    at com.shapesecurity.shift.es2017.parser.RangeCheckerReducer.accept(RangeCheckerReducer.java:42)
    at com.shapesecurity.shift.es2017.parser.RangeCheckerReducer.reduceBindingIdentifier(RangeCheckerReducer.java:148)
    at com.shapesecurity.shift.es2017.parser.RangeCheckerReducer.reduceBindingIdentifier(RangeCheckerReducer.java:32)
~ testExport(com.shapesecurity.shift.es2017.parser.modules.ExportTest)
[null]
java.lang.AssertionError    at org.junit.Assert.fail(Assert.java:86)
    at org.junit.Assert.assertTrue(Assert.java:41)
    at org.junit.Assert.assertTrue(Assert.java:52)
    at com.shapesecurity.shift.es2017.parser.RangeCheckerReducer.accept(RangeCheckerReducer.java:42)
    at com.shapesecurity.shift.es2017.parser.RangeCheckerReducer.reduceBindingIdentifier(RangeCheckerReducer.java:148)
    at com.shapesecurity.shift.es2017.parser.RangeCheckerReducer.reduceBindingIdentifier(RangeCheckerReducer.java:32)

06:25:27.497 [pool-2-thread-1] DEBUG fr.inria.lille.repair.nopol.NoPol - statement #139
06:25:27.497 [pool-2-thread-1] DEBUG fr.inria.lille.repair.nopol.NoPol - Analysing SourceLocation com.shapesecurity.shift.es2017.utils.Utils:225 which is executed by 383 tests
82059410
06:25:27.589 [pool-2-thread-1] DEBUG fr.inria.lille.repair.nopol.NoPol - statement #140
06:25:27.589 [pool-2-thread-1] DEBUG fr.inria.lille.repair.nopol.NoPol - Analysing SourceLocation com.shapesecurity.shift.es2017.parser.ParserTestCase:46 which is executed by 43 tests
06:25:27.589 [pool-2-thread-1] DEBUG fr.inria.lille.repair.nopol.NoPol - cannot spoon SourceLocation com.shapesecurity.shift.es2017.parser.ParserTestCase:46
06:25:27.589 [pool-2-thread-1] DEBUG fr.inria.lille.repair.nopol.NoPol - statement #141
06:25:27.589 [pool-2-thread-1] DEBUG fr.inria.lille.repair.nopol.NoPol - Analysing SourceLocation com.shapesecurity.shift.es2017.parser.ParserTestCase:45 which is executed by 43 tests
06:25:27.589 [pool-2-thread-1] DEBUG fr.inria.lille.repair.nopol.NoPol - cannot spoon SourceLocation com.shapesecurity.shift.es2017.parser.ParserTestCase:45
06:25:27.589 [pool-2-thread-1] DEBUG fr.inria.lille.repair.nopol.NoPol - statement #142
06:25:27.589 [pool-2-thread-1] DEBUG fr.inria.lille.repair.nopol.NoPol - Analysing SourceLocation com.shapesecurity.shift.es2017.parser.ParserTestCase:44 which is executed by 43 tests
06:25:27.589 [pool-2-thread-1] DEBUG fr.inria.lille.repair.nopol.NoPol - cannot spoon SourceLocation com.shapesecurity.shift.es2017.parser.ParserTestCase:44
06:25:27.589 [pool-2-thread-1] DEBUG fr.inria.lille.repair.nopol.NoPol - statement #143
06:25:27.589 [pool-2-thread-1] DEBUG fr.inria.lille.repair.nopol.NoPol - Analysing SourceLocation com.shapesecurity.shift.es2017.parser.ParserTestCase:43 which is executed by 43 tests
06:25:27.589 [pool-2-thread-1] DEBUG fr.inria.lille.repair.nopol.NoPol - cannot spoon SourceLocation com.shapesecurity.shift.es2017.parser.ParserTestCase:43
06:25:27.590 [pool-2-thread-1] DEBUG fr.inria.lille.repair.nopol.NoPol - statement #144
06:25:27.590 [pool-2-thread-1] DEBUG fr.inria.lille.repair.nopol.NoPol - Analysing SourceLocation com.shapesecurity.shift.es2017.parser.ParserTestCase:42 which is executed by 43 tests
06:25:27.590 [pool-2-thread-1] DEBUG fr.inria.lille.repair.nopol.NoPol - cannot spoon SourceLocation com.shapesecurity.shift.es2017.parser.ParserTestCase:42
06:25:27.590 [pool-2-thread-1] DEBUG fr.inria.lille.repair.nopol.NoPol - statement #145
06:25:27.590 [pool-2-thread-1] DEBUG fr.inria.lille.repair.nopol.NoPol - Analysing SourceLocation com.shapesecurity.shift.es2017.parser.ParserTestCase:41 which is executed by 43 tests
06:25:27.590 [pool-2-thread-1] DEBUG fr.inria.lille.repair.nopol.NoPol - cannot spoon SourceLocation com.shapesecurity.shift.es2017.parser.ParserTestCase:41
06:25:27.590 [pool-2-thread-1] DEBUG fr.inria.lille.repair.nopol.NoPol - statement #146
06:25:27.590 [pool-2-thread-1] DEBUG fr.inria.lille.repair.nopol.NoPol - Analysing SourceLocation com.shapesecurity.shift.es2017.parser.ParserTestCase:39 which is executed by 43 tests
06:25:27.590 [pool-2-thread-1] DEBUG fr.inria.lille.repair.nopol.NoPol - cannot spoon SourceLocation com.shapesecurity.shift.es2017.parser.ParserTestCase:39
06:25:27.590 [pool-2-thread-1] DEBUG fr.inria.lille.repair.nopol.NoPol - statement #147
06:25:27.590 [pool-2-thread-1] DEBUG fr.inria.lille.repair.nopol.NoPol - Analysing SourceLocation com.shapesecurity.shift.es2017.parser.ParserTestCase:38 which is executed by 43 tests
06:25:27.590 [pool-2-thread-1] DEBUG fr.inria.lille.repair.nopol.NoPol - cannot spoon SourceLocation com.shapesecurity.shift.es2017.parser.ParserTestCase:38
06:25:27.590 [pool-2-thread-1] DEBUG fr.inria.lille.repair.nopol.NoPol - statement #148
06:25:27.590 [pool-2-thread-1] DEBUG fr.inria.lille.repair.nopol.NoPol - Analysing SourceLocation com.shapesecurity.shift.es2017.parser.ParserTestCase:37 which is executed by 43 tests
06:25:27.590 [pool-2-thread-1] DEBUG fr.inria.lille.repair.nopol.NoPol - cannot spoon SourceLocation com.shapesecurity.shift.es2017.parser.ParserTestCase:37
06:25:27.590 [pool-2-thread-1] DEBUG fr.inria.lille.repair.nopol.NoPol - statement #149
06:25:27.590 [pool-2-thread-1] DEBUG fr.inria.lille.repair.nopol.NoPol - Analysing SourceLocation com.shapesecurity.shift.es2017.ast.VariableDeclarator:41 which is executed by 50 tests
06:25:27.591 [pool-2-thread-1] DEBUG fr.inria.lille.repair.nopol.NoPol - cannot spoon SourceLocation com.shapesecurity.shift.es2017.ast.VariableDeclarator:41
06:25:27.591 [pool-2-thread-1] DEBUG fr.inria.lille.repair.nopol.NoPol - statement #150
06:25:27.591 [pool-2-thread-1] DEBUG fr.inria.lille.repair.nopol.NoPol - Analysing SourceLocation com.shapesecurity.shift.es2017.ast.VariableDeclaration:41 which is executed by 50 tests
06:25:27.591 [pool-2-thread-1] DEBUG fr.inria.lille.repair.nopol.NoPol - cannot spoon SourceLocation com.shapesecurity.shift.es2017.ast.VariableDeclaration:41
06:25:27.591 [pool-2-thread-1] DEBUG fr.inria.lille.repair.nopol.NoPol - statement #151
06:25:27.591 [pool-2-thread-1] DEBUG fr.inria.lille.repair.nopol.NoPol - Analysing SourceLocation com.shapesecurity.shift.es2017.utils.Utils:220 which is executed by 218 tests
82059410
06:25:27.669 [pool-2-thread-1] DEBUG fr.inria.lille.repair.nopol.NoPol - statement #152
06:25:27.669 [pool-2-thread-1] DEBUG fr.inria.lille.repair.nopol.NoPol - Analysing SourceLocation com.shapesecurity.functional.Pair:61 which is executed by 81 tests
06:25:27.669 [pool-2-thread-1] DEBUG fr.inria.lille.repair.nopol.NoPol - cannot spoon SourceLocation com.shapesecurity.functional.Pair:61
06:25:27.669 [pool-2-thread-1] DEBUG fr.inria.lille.repair.nopol.NoPol - statement #153
06:25:27.669 [pool-2-thread-1] DEBUG fr.inria.lille.repair.nopol.NoPol - Analysing SourceLocation com.shapesecurity.shift.es2017.parser.token.StringLiteralToken:25 which is executed by 81 tests
800038236
06:25:27.734 [pool-2-thread-1] DEBUG fr.inria.lille.repair.nopol.NoPol - statement #154
06:25:27.735 [pool-2-thread-1] DEBUG fr.inria.lille.repair.nopol.NoPol - Analysing SourceLocation com.shapesecurity.shift.es2017.parser.token.StringLiteralToken:38 which is executed by 81 tests
800038236
06:25:27.798 [pool-2-thread-1] DEBUG fr.inria.lille.repair.nopol.NoPol - statement #155
06:25:27.798 [pool-2-thread-1] DEBUG fr.inria.lille.repair.nopol.NoPol - Analysing SourceLocation com.shapesecurity.functional.Pair:65 which is executed by 85 tests
06:25:27.798 [pool-2-thread-1] DEBUG fr.inria.lille.repair.nopol.NoPol - cannot spoon SourceLocation com.shapesecurity.functional.Pair:65
06:25:27.798 [pool-2-thread-1] DEBUG fr.inria.lille.repair.nopol.NoPol - statement #156
06:25:27.798 [pool-2-thread-1] DEBUG fr.inria.lille.repair.nopol.NoPol - Analysing SourceLocation com.shapesecurity.shift.es2017.parser.ParserWithLocation:49 which is executed by 97 tests
851289211
06:25:27.887 [pool-2-thread-1] DEBUG fr.inria.lille.repair.nopol.NoPol - statement #157
06:25:27.887 [pool-2-thread-1] DEBUG fr.inria.lille.repair.nopol.NoPol - Analysing SourceLocation com.shapesecurity.functional.Pair:44 which is executed by 125 tests
06:25:27.887 [pool-2-thread-1] DEBUG fr.inria.lille.repair.nopol.NoPol - cannot spoon SourceLocation com.shapesecurity.functional.Pair:44
06:25:27.888 [pool-2-thread-1] DEBUG fr.inria.lille.repair.nopol.NoPol - statement #158
06:25:27.888 [pool-2-thread-1] DEBUG fr.inria.lille.repair.nopol.NoPol - Analysing SourceLocation com.shapesecurity.shift.es2017.ast.ExpressionStatement:36 which is executed by 184 tests
06:25:27.888 [pool-2-thread-1] DEBUG fr.inria.lille.repair.nopol.NoPol - cannot spoon SourceLocation com.shapesecurity.shift.es2017.ast.ExpressionStatement:36
06:25:27.888 [pool-2-thread-1] DEBUG fr.inria.lille.repair.nopol.NoPol - statement #159
06:25:27.888 [pool-2-thread-1] DEBUG fr.inria.lille.repair.nopol.NoPol - Analysing SourceLocation com.shapesecurity.shift.es2017.ast.IdentifierExpression:35 which is executed by 196 tests
06:25:27.888 [pool-2-thread-1] DEBUG fr.inria.lille.repair.nopol.NoPol - cannot spoon SourceLocation com.shapesecurity.shift.es2017.ast.IdentifierExpression:35
06:25:27.889 [pool-2-thread-1] INFO  fr.inria.lille.repair.nopol.NoPol - ----INFORMATION----
06:25:28.016 [pool-2-thread-1] INFO  fr.inria.lille.repair.nopol.NoPol - Nb classes : 218
06:25:28.017 [pool-2-thread-1] INFO  fr.inria.lille.repair.nopol.NoPol - Nb methods : 2305
06:25:28.017 [pool-2-thread-1] INFO  fr.inria.lille.repair.nopol.NoPol - Nb Statements Analyzed : 10
06:25:28.017 [pool-2-thread-1] INFO  fr.inria.lille.repair.nopol.NoPol - Nb Statements with Angelic Value Found : 0
06:25:28.017 [pool-2-thread-1] INFO  fr.inria.lille.repair.nopol.NoPol - NoPol Execution time : 25545ms
06:25:28.018 [pool-2-thread-1] INFO  fr.inria.lille.repair.nopol.NoPol - 
NO_ANGELIC_VALUE
Command exited with non-zero status 255
68.29user 2.40system 0:26.97elapsed 262%CPU (0avgtext+0avgdata 1073380maxresident)k
39472inputs+5600outputs (3major+533330minor)pagefaults 0swaps


Node: graphene-2.nancy.grid5000.fr



Date: Thu Dec 27 06:25:28 EST 2018

