cd /tmp/DynaMoth_Bug_dot_jar_Commons-Math_607c9ec6;
export JAVA_TOOL_OPTIONS="-Dfile.encoding=UTF8 -Duser.language=en-US -Duser.country=US -Duser.language=en";
TZ="America/New_York"; export TZ;
export PATH="/usr/lib/jvm/java-1.8.0-openjdk-amd64/bin/:$PATH";
export JAVA_HOME="/usr/lib/jvm/java-1.8.0-openjdk-amd64/bin/";
time java -Xmx4048m -cp /home/tdurieux/defects4j4repair/script/../repair_tools/nopol.jar:/usr/lib/jvm/java-1.8.0-openjdk-amd64/bin//../lib/tools.jar fr.inria.lille.repair.Main \
	--mode repair \
	--type pre_then_cond \
	--oracle angelic \
	--synthesis dynamoth \
	--flocal gzoltar \
	--json \
	--solver z3 \
	--solver-path /home/tdurieux/defects4j4repair/script/../libs/z3/build/z3 \
	--complianceLevel 7 \
	--source src/main/java \
	--classpath "target/classes:target/test-classes:/home/tdurieux/.m2/repository/junit/junit/4.10/junit-4.10.jar:/home/tdurieux/.m2/repository/org/hamcrest/hamcrest-core/1.1/hamcrest-core-1.1.jar:/home/tdurieux/defects4j4repair/script/../repair_tools/nopol.jar";
	echo "\n\nNode: `hostname`\n";
	echo "\n\nDate: `date`\n";
Picked up JAVA_TOOL_OPTIONS: -Dfile.encoding=UTF8 -Duser.language=en-US -Duser.country=US -Duser.language=en
19:19:30.368 [main] INFO  fr.inria.lille.repair.nopol.NoPol - Source files: [src/main/java]
19:19:30.402 [main] INFO  fr.inria.lille.repair.nopol.NoPol - Classpath: [file:/tmp/DynaMoth_Bug_dot_jar_Commons-Math_607c9ec6/target/classes/, file:/tmp/DynaMoth_Bug_dot_jar_Commons-Math_607c9ec6/target/test-classes/, file:/home/tdurieux/.m2/repository/junit/junit/4.10/junit-4.10.jar, file:/home/tdurieux/.m2/repository/org/hamcrest/hamcrest-core/1.1/hamcrest-core-1.1.jar, file:/home/tdurieux/defects4j4repair/script/../repair_tools/nopol.jar]
19:19:30.402 [main] INFO  fr.inria.lille.repair.nopol.NoPol - Statement type: PRE_THEN_COND
19:19:30.403 [main] INFO  fr.inria.lille.repair.nopol.NoPol - Args: [org.apache.commons.math3.RetryRunnerTest, org.apache.commons.math3.analysis.FunctionUtilsTest, org.apache.commons.math3.analysis.function.GaussianTest, org.apache.commons.math3.analysis.function.HarmonicOscillatorTest, org.apache.commons.math3.analysis.function.LogisticTest, org.apache.commons.math3.analysis.function.LogitTest, org.apache.commons.math3.analysis.function.SigmoidTest, org.apache.commons.math3.analysis.function.SincTest, org.apache.commons.math3.analysis.function.SqrtTest, org.apache.commons.math3.analysis.function.StepFunctionTest, org.apache.commons.math3.analysis.integration.LegendreGaussIntegratorTest, org.apache.commons.math3.analysis.integration.RombergIntegratorTest, org.apache.commons.math3.analysis.integration.SimpsonIntegratorTest, org.apache.commons.math3.analysis.integration.TrapezoidIntegratorTest, org.apache.commons.math3.analysis.interpolation.BicubicSplineInterpolatingFunctionTest, org.apache.commons.math3.analysis.interpolation.BicubicSplineInterpolatorTest, org.apache.commons.math3.analysis.interpolation.DividedDifferenceInterpolatorTest, org.apache.commons.math3.analysis.interpolation.HermiteInterpolatorTest, org.apache.commons.math3.analysis.interpolation.LinearInterpolatorTest, org.apache.commons.math3.analysis.interpolation.LoessInterpolatorTest, org.apache.commons.math3.analysis.interpolation.MicrosphereInterpolatorTest, org.apache.commons.math3.analysis.interpolation.NevilleInterpolatorTest, org.apache.commons.math3.analysis.interpolation.SmoothingPolynomialBicubicSplineInterpolatorTest, org.apache.commons.math3.analysis.interpolation.SplineInterpolatorTest, org.apache.commons.math3.analysis.interpolation.TricubicSplineInterpolatingFunctionTest, org.apache.commons.math3.analysis.interpolation.TricubicSplineInterpolatorTest, org.apache.commons.math3.analysis.interpolation.UnivariatePeriodicInterpolatorTest, org.apache.commons.math3.analysis.polynomials.PolynomialFunctionLagrangeFormTest, org.apache.commons.math3.analysis.polynomials.PolynomialFunctionNewtonFormTest, org.apache.commons.math3.analysis.polynomials.PolynomialFunctionTest, org.apache.commons.math3.analysis.polynomials.PolynomialSplineFunctionTest, org.apache.commons.math3.analysis.polynomials.PolynomialsUtilsTest, org.apache.commons.math3.analysis.solvers.BisectionSolverTest, org.apache.commons.math3.analysis.solvers.BracketingNthOrderBrentSolverTest, org.apache.commons.math3.analysis.solvers.BrentSolverTest, org.apache.commons.math3.analysis.solvers.IllinoisSolverTest, org.apache.commons.math3.analysis.solvers.LaguerreSolverTest, org.apache.commons.math3.analysis.solvers.MullerSolver2Test, org.apache.commons.math3.analysis.solvers.MullerSolverTest, org.apache.commons.math3.analysis.solvers.NewtonSolverTest, org.apache.commons.math3.analysis.solvers.PegasusSolverTest, org.apache.commons.math3.analysis.solvers.RegulaFalsiSolverTest, org.apache.commons.math3.analysis.solvers.RiddersSolverTest, org.apache.commons.math3.analysis.solvers.SecantSolverTest, org.apache.commons.math3.analysis.solvers.UnivariateSolverUtilsTest, org.apache.commons.math3.complex.ComplexFieldTest, org.apache.commons.math3.complex.ComplexFormatTest, org.apache.commons.math3.complex.ComplexTest, org.apache.commons.math3.complex.ComplexUtilsTest, org.apache.commons.math3.complex.FrenchComplexFormatTest, org.apache.commons.math3.complex.RootsOfUnityTest, org.apache.commons.math3.dfp.BracketingNthOrderBrentSolverDFPTest, org.apache.commons.math3.dfp.DfpDecTest, org.apache.commons.math3.dfp.DfpMathTest, org.apache.commons.math3.dfp.DfpTest, org.apache.commons.math3.distribution.AbstractRealDistributionTest, org.apache.commons.math3.distribution.AbtractIntegerDistributionTest, org.apache.commons.math3.distribution.BetaDistributionTest, org.apache.commons.math3.distribution.BinomialDistributionTest, org.apache.commons.math3.distribution.CauchyDistributionTest, org.apache.commons.math3.distribution.ChiSquaredDistributionTest, org.apache.commons.math3.distribution.ExponentialDistributionTest, org.apache.commons.math3.distribution.FDistributionTest, org.apache.commons.math3.distribution.GammaDistributionTest, org.apache.commons.math3.distribution.HypergeometricDistributionTest, org.apache.commons.math3.distribution.KolmogorovSmirnovDistributionTest, org.apache.commons.math3.distribution.LogNormalDistributionTest, org.apache.commons.math3.distribution.NormalDistributionTest, org.apache.commons.math3.distribution.PascalDistributionTest, org.apache.commons.math3.distribution.PoissonDistributionTest, org.apache.commons.math3.distribution.TDistributionTest, org.apache.commons.math3.distribution.TriangularDistributionTest, org.apache.commons.math3.distribution.UniformIntegerDistributionTest, org.apache.commons.math3.distribution.UniformRealDistributionTest, org.apache.commons.math3.distribution.WeibullDistributionTest, org.apache.commons.math3.distribution.ZipfDistributionTest, org.apache.commons.math3.exception.DimensionMismatchExceptionTest, org.apache.commons.math3.exception.MaxCountExceededExceptionTest, org.apache.commons.math3.exception.NonMonotonicSequenceExceptionTest, org.apache.commons.math3.exception.NotPositiveExceptionTest, org.apache.commons.math3.exception.NotStrictlyPositiveExceptionTest, org.apache.commons.math3.exception.NumberIsTooLargeExceptionTest, org.apache.commons.math3.exception.NumberIsTooSmallExceptionTest, org.apache.commons.math3.exception.OutOfRangeExceptionTest, org.apache.commons.math3.exception.TooManyEvaluationsExceptionTest, org.apache.commons.math3.exception.util.ArgUtilsTest, org.apache.commons.math3.exception.util.ExceptionContextTest, org.apache.commons.math3.exception.util.LocalizedFormatsTest, org.apache.commons.math3.filter.KalmanFilterTest, org.apache.commons.math3.fraction.BigFractionFieldTest, org.apache.commons.math3.fraction.BigFractionFormatTest, org.apache.commons.math3.fraction.BigFractionTest, org.apache.commons.math3.fraction.FractionFieldTest, org.apache.commons.math3.fraction.FractionFormatTest, org.apache.commons.math3.fraction.FractionTest, org.apache.commons.math3.genetics.BinaryChromosomeTest, org.apache.commons.math3.genetics.BinaryMutationTest, org.apache.commons.math3.genetics.ChromosomeTest, org.apache.commons.math3.genetics.ElitisticListPopulationTest, org.apache.commons.math3.genetics.FitnessCachingTest, org.apache.commons.math3.genetics.FixedElapsedTimeTest, org.apache.commons.math3.genetics.FixedGenerationCountTest, org.apache.commons.math3.genetics.GeneticAlgorithmTestBinary, org.apache.commons.math3.genetics.GeneticAlgorithmTestPermutations, org.apache.commons.math3.genetics.ListPopulationTest, org.apache.commons.math3.genetics.NPointCrossoverTest, org.apache.commons.math3.genetics.OnePointCrossoverTest, org.apache.commons.math3.genetics.RandomKeyMutationTest, org.apache.commons.math3.genetics.RandomKeyTest, org.apache.commons.math3.genetics.TournamentSelectionTest, org.apache.commons.math3.genetics.UniformCrossoverTest, org.apache.commons.math3.geometry.euclidean.oned.IntervalsSetTest, org.apache.commons.math3.geometry.euclidean.threed.FrenchVector3DFormatTest, org.apache.commons.math3.geometry.euclidean.threed.LineTest, org.apache.commons.math3.geometry.euclidean.threed.PlaneTest, org.apache.commons.math3.geometry.euclidean.threed.PolyhedronsSetTest, org.apache.commons.math3.geometry.euclidean.threed.RotationOrderTest, org.apache.commons.math3.geometry.euclidean.threed.RotationTest, org.apache.commons.math3.geometry.euclidean.threed.SubLineTest, org.apache.commons.math3.geometry.euclidean.threed.Vector3DFormatTest, org.apache.commons.math3.geometry.euclidean.threed.Vector3DTest, org.apache.commons.math3.geometry.euclidean.twod.LineTest, org.apache.commons.math3.geometry.euclidean.twod.PolygonsSetTest, org.apache.commons.math3.geometry.euclidean.twod.SubLineTest, org.apache.commons.math3.geometry.partitioning.utilities.AVLTreeTest, org.apache.commons.math3.linear.Array2DRowRealMatrixTest, org.apache.commons.math3.linear.ArrayFieldVectorTest, org.apache.commons.math3.linear.ArrayRealVectorTest, org.apache.commons.math3.linear.BiDiagonalTransformerTest, org.apache.commons.math3.linear.BlockFieldMatrixTest, org.apache.commons.math3.linear.BlockRealMatrixTest, org.apache.commons.math3.linear.CholeskyDecompositionTest, org.apache.commons.math3.linear.CholeskySolverTest, org.apache.commons.math3.linear.ConjugateGradientTest, org.apache.commons.math3.linear.EigenDecompositionTest, org.apache.commons.math3.linear.EigenSolverTest, org.apache.commons.math3.linear.FieldLUDecompositionTest, org.apache.commons.math3.linear.FieldLUSolverTest, org.apache.commons.math3.linear.FieldMatrixImplTest, org.apache.commons.math3.linear.FrenchRealVectorFormatTest, org.apache.commons.math3.linear.HessenbergTransformerTest, org.apache.commons.math3.linear.LUDecompositionTest, org.apache.commons.math3.linear.LUSolverTest, org.apache.commons.math3.linear.MatrixDimensionMismatchExceptionTest, org.apache.commons.math3.linear.MatrixUtilsTest, org.apache.commons.math3.linear.OpenMapRealMatrixTest, org.apache.commons.math3.linear.QRDecompositionTest, org.apache.commons.math3.linear.QRSolverTest, org.apache.commons.math3.linear.RealVectorFormatTest, org.apache.commons.math3.linear.RealVectorTest, org.apache.commons.math3.linear.SchurTransformerTest, org.apache.commons.math3.linear.SingularValueDecompositionTest, org.apache.commons.math3.linear.SingularValueSolverTest, org.apache.commons.math3.linear.SparseFieldMatrixTest, org.apache.commons.math3.linear.SparseFieldVectorTest, org.apache.commons.math3.linear.SparseRealMatrixTest, org.apache.commons.math3.linear.SparseRealVectorTest, org.apache.commons.math3.linear.SymmLQTest, org.apache.commons.math3.linear.TriDiagonalTransformerTest, org.apache.commons.math3.linear.UnmodifiableArrayRealVectorTest, org.apache.commons.math3.linear.UnmodifiableOpenMapRealVectorTest, org.apache.commons.math3.ode.ContinuousOutputModelTest, org.apache.commons.math3.ode.FirstOrderConverterTest, org.apache.commons.math3.ode.JacobianMatricesTest, org.apache.commons.math3.ode.events.EventStateTest, org.apache.commons.math3.ode.events.OverlappingEventsTest, org.apache.commons.math3.ode.events.ReappearingEventTest, org.apache.commons.math3.ode.nonstiff.AdamsBashforthIntegratorTest, org.apache.commons.math3.ode.nonstiff.AdamsMoultonIntegratorTest, org.apache.commons.math3.ode.nonstiff.ClassicalRungeKuttaIntegratorTest, org.apache.commons.math3.ode.nonstiff.ClassicalRungeKuttaStepInterpolatorTest, org.apache.commons.math3.ode.nonstiff.DormandPrince54IntegratorTest, org.apache.commons.math3.ode.nonstiff.DormandPrince54StepInterpolatorTest, org.apache.commons.math3.ode.nonstiff.DormandPrince853IntegratorTest, org.apache.commons.math3.ode.nonstiff.DormandPrince853StepInterpolatorTest, org.apache.commons.math3.ode.nonstiff.EulerIntegratorTest, org.apache.commons.math3.ode.nonstiff.EulerStepInterpolatorTest, org.apache.commons.math3.ode.nonstiff.GillIntegratorTest, org.apache.commons.math3.ode.nonstiff.GillStepInterpolatorTest, org.apache.commons.math3.ode.nonstiff.GraggBulirschStoerIntegratorTest, org.apache.commons.math3.ode.nonstiff.GraggBulirschStoerStepInterpolatorTest, org.apache.commons.math3.ode.nonstiff.HighamHall54IntegratorTest, org.apache.commons.math3.ode.nonstiff.HighamHall54StepInterpolatorTest, org.apache.commons.math3.ode.nonstiff.MidpointIntegratorTest, org.apache.commons.math3.ode.nonstiff.MidpointStepInterpolatorTest, org.apache.commons.math3.ode.nonstiff.ThreeEighthesIntegratorTest, org.apache.commons.math3.ode.nonstiff.ThreeEighthesStepInterpolatorTest, org.apache.commons.math3.ode.sampling.DummyStepInterpolatorTest, org.apache.commons.math3.ode.sampling.NordsieckStepInterpolatorTest, org.apache.commons.math3.ode.sampling.StepNormalizerOutputOverlapTest, org.apache.commons.math3.ode.sampling.StepNormalizerOutputTest, org.apache.commons.math3.ode.sampling.StepNormalizerTest, org.apache.commons.math3.optimization.DifferentiableMultivariateMultiStartOptimizerTest, org.apache.commons.math3.optimization.DifferentiableMultivariateVectorMultiStartOptimizerTest, org.apache.commons.math3.optimization.MultivariateMultiStartOptimizerTest, org.apache.commons.math3.optimization.PointValuePairTest, org.apache.commons.math3.optimization.PointVectorValuePairTest, org.apache.commons.math3.optimization.direct.BOBYQAOptimizerTest, org.apache.commons.math3.optimization.direct.CMAESOptimizerTest, org.apache.commons.math3.optimization.direct.MultivariateFunctionMappingAdapterTest, org.apache.commons.math3.optimization.direct.MultivariateFunctionPenaltyAdapterTest, org.apache.commons.math3.optimization.direct.PowellOptimizerTest, org.apache.commons.math3.optimization.direct.SimplexOptimizerMultiDirectionalTest, org.apache.commons.math3.optimization.direct.SimplexOptimizerNelderMeadTest, org.apache.commons.math3.optimization.fitting.CurveFitterTest, org.apache.commons.math3.optimization.fitting.GaussianFitterTest, org.apache.commons.math3.optimization.fitting.HarmonicFitterTest, org.apache.commons.math3.optimization.fitting.PolynomialFitterTest, org.apache.commons.math3.optimization.general.AbstractLeastSquaresOptimizerTest, org.apache.commons.math3.optimization.general.AbstractLeastSquaresOptimizerTestValidation, org.apache.commons.math3.optimization.general.GaussNewtonOptimizerTest, org.apache.commons.math3.optimization.general.LevenbergMarquardtOptimizerTest, org.apache.commons.math3.optimization.general.MinpackTest, org.apache.commons.math3.optimization.general.NonLinearConjugateGradientOptimizerTest, org.apache.commons.math3.optimization.linear.SimplexSolverTest, org.apache.commons.math3.optimization.linear.SimplexTableauTest, org.apache.commons.math3.optimization.univariate.BracketFinderTest, org.apache.commons.math3.optimization.univariate.BrentOptimizerTest, org.apache.commons.math3.optimization.univariate.UnivariateMultiStartOptimizerTest, org.apache.commons.math3.random.AbstractRandomGeneratorTest, org.apache.commons.math3.random.BitsStreamGeneratorTest, org.apache.commons.math3.random.CorrelatedRandomVectorGeneratorTest, org.apache.commons.math3.random.EmpiricalDistributionTest, org.apache.commons.math3.random.GaussianRandomGeneratorTest, org.apache.commons.math3.random.ISAACTest, org.apache.commons.math3.random.MersenneTwisterTest, org.apache.commons.math3.random.RandomAdaptorTest, org.apache.commons.math3.random.RandomDataTest, org.apache.commons.math3.random.RandomGeneratorAbstractTest, org.apache.commons.math3.random.StableRandomGeneratorTest, org.apache.commons.math3.random.UncorrelatedRandomVectorGeneratorTest, org.apache.commons.math3.random.UniformRandomGeneratorTest, org.apache.commons.math3.random.ValueServerTest, org.apache.commons.math3.random.Well1024aTest, org.apache.commons.math3.random.Well19937aTest, org.apache.commons.math3.random.Well19937cTest, org.apache.commons.math3.random.Well44497aTest, org.apache.commons.math3.random.Well44497bTest, org.apache.commons.math3.random.Well512aTest, org.apache.commons.math3.special.BetaTest, org.apache.commons.math3.special.ErfTest, org.apache.commons.math3.special.GammaTest, org.apache.commons.math3.stat.CertifiedDataTest, org.apache.commons.math3.stat.FrequencyTest, org.apache.commons.math3.stat.StatUtilsTest, org.apache.commons.math3.stat.clustering.EuclideanIntegerPointTest, org.apache.commons.math3.stat.clustering.KMeansPlusPlusClustererTest, org.apache.commons.math3.stat.correlation.CovarianceTest, org.apache.commons.math3.stat.correlation.PearsonsCorrelationTest, org.apache.commons.math3.stat.correlation.SpearmansRankCorrelationTest, org.apache.commons.math3.stat.correlation.StorelessCovarianceTest, org.apache.commons.math3.stat.data.LewTest, org.apache.commons.math3.stat.data.LotteryTest, org.apache.commons.math3.stat.descriptive.AbstractUnivariateStatisticTest, org.apache.commons.math3.stat.descriptive.AggregateSummaryStatisticsTest, org.apache.commons.math3.stat.descriptive.DescriptiveStatisticsTest, org.apache.commons.math3.stat.descriptive.ListUnivariateImplTest, org.apache.commons.math3.stat.descriptive.MixedListUnivariateImplTest, org.apache.commons.math3.stat.descriptive.MultivariateSummaryStatisticsTest, org.apache.commons.math3.stat.descriptive.StatisticalSummaryValuesTest, org.apache.commons.math3.stat.descriptive.SummaryStatisticsTest, org.apache.commons.math3.stat.descriptive.SynchronizedDescriptiveStatisticsTest, org.apache.commons.math3.stat.descriptive.SynchronizedMultivariateSummaryStatisticsTest, org.apache.commons.math3.stat.descriptive.SynchronizedSummaryStatisticsTest, org.apache.commons.math3.stat.descriptive.moment.FirstMomentTest, org.apache.commons.math3.stat.descriptive.moment.FourthMomentTest, org.apache.commons.math3.stat.descriptive.moment.GeometricMeanTest, org.apache.commons.math3.stat.descriptive.moment.InteractionTest, org.apache.commons.math3.stat.descriptive.moment.KurtosisTest, org.apache.commons.math3.stat.descriptive.moment.MeanTest, org.apache.commons.math3.stat.descriptive.moment.SecondMomentTest, org.apache.commons.math3.stat.descriptive.moment.SemiVarianceTest, org.apache.commons.math3.stat.descriptive.moment.SkewnessTest, org.apache.commons.math3.stat.descriptive.moment.StandardDeviationTest, org.apache.commons.math3.stat.descriptive.moment.ThirdMomentTest, org.apache.commons.math3.stat.descriptive.moment.VarianceTest, org.apache.commons.math3.stat.descriptive.moment.VectorialCovarianceTest, org.apache.commons.math3.stat.descriptive.moment.VectorialMeanTest, org.apache.commons.math3.stat.descriptive.rank.MaxTest, org.apache.commons.math3.stat.descriptive.rank.MedianTest, org.apache.commons.math3.stat.descriptive.rank.MinTest, org.apache.commons.math3.stat.descriptive.rank.PercentileTest, org.apache.commons.math3.stat.descriptive.summary.ProductTest, org.apache.commons.math3.stat.descriptive.summary.SumLogTest, org.apache.commons.math3.stat.descriptive.summary.SumSqTest, org.apache.commons.math3.stat.descriptive.summary.SumTest, org.apache.commons.math3.stat.inference.ChiSquareTestTest, org.apache.commons.math3.stat.inference.MannWhitneyUTestTest, org.apache.commons.math3.stat.inference.OneWayAnovaTest, org.apache.commons.math3.stat.inference.TTestTest, org.apache.commons.math3.stat.inference.TestUtilsTest, org.apache.commons.math3.stat.inference.WilcoxonSignedRankTestTest, org.apache.commons.math3.stat.ranking.NaturalRankingTest, org.apache.commons.math3.stat.regression.GLSMultipleLinearRegressionTest, org.apache.commons.math3.stat.regression.MillerUpdatingRegressionTest, org.apache.commons.math3.stat.regression.OLSMultipleLinearRegressionTest, org.apache.commons.math3.stat.regression.SimpleRegressionTest, org.apache.commons.math3.transform.FastCosineTransformerTest, org.apache.commons.math3.transform.FastFourierTransformerTest, org.apache.commons.math3.transform.FastHadamardTransformerTest, org.apache.commons.math3.transform.FastSineTransformerTest, org.apache.commons.math3.util.ArithmeticUtilsTest, org.apache.commons.math3.util.BigRealFieldTest, org.apache.commons.math3.util.BigRealTest, org.apache.commons.math3.util.ContinuedFractionTest, org.apache.commons.math3.util.Decimal64Test, org.apache.commons.math3.util.DefaultTransformerTest, org.apache.commons.math3.util.FastMathStrictComparisonTest, org.apache.commons.math3.util.FastMathTest, org.apache.commons.math3.util.FastMathTestPerformance, org.apache.commons.math3.util.IncrementorTest, org.apache.commons.math3.util.MathArraysTest, org.apache.commons.math3.util.MathUtilsTest, org.apache.commons.math3.util.MultidimensionalCounterTest, org.apache.commons.math3.util.OpenIntToDoubleHashMapTest, org.apache.commons.math3.util.OpenIntToFieldTest, org.apache.commons.math3.util.PairTest, org.apache.commons.math3.util.PrecisionTest, org.apache.commons.math3.util.ResizableDoubleArrayTest, org.apache.commons.math3.util.TransformerMapTest]
19:19:30.405 [main] INFO  fr.inria.lille.repair.nopol.NoPol - Config: Config{synthesisDepth=3, collectStaticMethods=true, collectStaticFields=false, collectLiterals=false, onlyOneSynthesisResult=true, sortExpressions=true, maxLineInvocationPerTest=250, timeoutMethodInvocation=2000, dataCollectionTimeoutInSecondForSynthesis=900, addWeight=0.19478, subWeight=0.04554, mulWeight=0.0102, divWeight=0.00613, andWeight=0.10597, orWeight=0.05708, eqWeight=0.22798, nEqWeight=0.0, lessEqWeight=0.0255, lessWeight=0.0947, methodCallWeight=0.1, fieldAccessWeight=0.08099, constantWeight=0.14232, variableWeight=0.05195, mode=REPAIR, type=PRE_THEN_COND, synthesis=DYNAMOTH, oracle=ANGELIC, solver=Z3, solverPath='/home/tdurieux/defects4j4repair/script/../libs/z3/build/z3', projectSources=[src/main/java], projectClasspath='[Ljava.net.URL;@2ff4f00f', projectTests=[org.apache.commons.math3.RetryRunnerTest, org.apache.commons.math3.analysis.FunctionUtilsTest, org.apache.commons.math3.analysis.function.GaussianTest, org.apache.commons.math3.analysis.function.HarmonicOscillatorTest, org.apache.commons.math3.analysis.function.LogisticTest, org.apache.commons.math3.analysis.function.LogitTest, org.apache.commons.math3.analysis.function.SigmoidTest, org.apache.commons.math3.analysis.function.SincTest, org.apache.commons.math3.analysis.function.SqrtTest, org.apache.commons.math3.analysis.function.StepFunctionTest, org.apache.commons.math3.analysis.integration.LegendreGaussIntegratorTest, org.apache.commons.math3.analysis.integration.RombergIntegratorTest, org.apache.commons.math3.analysis.integration.SimpsonIntegratorTest, org.apache.commons.math3.analysis.integration.TrapezoidIntegratorTest, org.apache.commons.math3.analysis.interpolation.BicubicSplineInterpolatingFunctionTest, org.apache.commons.math3.analysis.interpolation.BicubicSplineInterpolatorTest, org.apache.commons.math3.analysis.interpolation.DividedDifferenceInterpolatorTest, org.apache.commons.math3.analysis.interpolation.HermiteInterpolatorTest, org.apache.commons.math3.analysis.interpolation.LinearInterpolatorTest, org.apache.commons.math3.analysis.interpolation.LoessInterpolatorTest, org.apache.commons.math3.analysis.interpolation.MicrosphereInterpolatorTest, org.apache.commons.math3.analysis.interpolation.NevilleInterpolatorTest, org.apache.commons.math3.analysis.interpolation.SmoothingPolynomialBicubicSplineInterpolatorTest, org.apache.commons.math3.analysis.interpolation.SplineInterpolatorTest, org.apache.commons.math3.analysis.interpolation.TricubicSplineInterpolatingFunctionTest, org.apache.commons.math3.analysis.interpolation.TricubicSplineInterpolatorTest, org.apache.commons.math3.analysis.interpolation.UnivariatePeriodicInterpolatorTest, org.apache.commons.math3.analysis.polynomials.PolynomialFunctionLagrangeFormTest, org.apache.commons.math3.analysis.polynomials.PolynomialFunctionNewtonFormTest, org.apache.commons.math3.analysis.polynomials.PolynomialFunctionTest, org.apache.commons.math3.analysis.polynomials.PolynomialSplineFunctionTest, org.apache.commons.math3.analysis.polynomials.PolynomialsUtilsTest, org.apache.commons.math3.analysis.solvers.BisectionSolverTest, org.apache.commons.math3.analysis.solvers.BracketingNthOrderBrentSolverTest, org.apache.commons.math3.analysis.solvers.BrentSolverTest, org.apache.commons.math3.analysis.solvers.IllinoisSolverTest, org.apache.commons.math3.analysis.solvers.LaguerreSolverTest, org.apache.commons.math3.analysis.solvers.MullerSolver2Test, org.apache.commons.math3.analysis.solvers.MullerSolverTest, org.apache.commons.math3.analysis.solvers.NewtonSolverTest, org.apache.commons.math3.analysis.solvers.PegasusSolverTest, org.apache.commons.math3.analysis.solvers.RegulaFalsiSolverTest, org.apache.commons.math3.analysis.solvers.RiddersSolverTest, org.apache.commons.math3.analysis.solvers.SecantSolverTest, org.apache.commons.math3.analysis.solvers.UnivariateSolverUtilsTest, org.apache.commons.math3.complex.ComplexFieldTest, org.apache.commons.math3.complex.ComplexFormatTest, org.apache.commons.math3.complex.ComplexTest, org.apache.commons.math3.complex.ComplexUtilsTest, org.apache.commons.math3.complex.FrenchComplexFormatTest, org.apache.commons.math3.complex.RootsOfUnityTest, org.apache.commons.math3.dfp.BracketingNthOrderBrentSolverDFPTest, org.apache.commons.math3.dfp.DfpDecTest, org.apache.commons.math3.dfp.DfpMathTest, org.apache.commons.math3.dfp.DfpTest, org.apache.commons.math3.distribution.AbstractRealDistributionTest, org.apache.commons.math3.distribution.AbtractIntegerDistributionTest, org.apache.commons.math3.distribution.BetaDistributionTest, org.apache.commons.math3.distribution.BinomialDistributionTest, org.apache.commons.math3.distribution.CauchyDistributionTest, org.apache.commons.math3.distribution.ChiSquaredDistributionTest, org.apache.commons.math3.distribution.ExponentialDistributionTest, org.apache.commons.math3.distribution.FDistributionTest, org.apache.commons.math3.distribution.GammaDistributionTest, org.apache.commons.math3.distribution.HypergeometricDistributionTest, org.apache.commons.math3.distribution.KolmogorovSmirnovDistributionTest, org.apache.commons.math3.distribution.LogNormalDistributionTest, org.apache.commons.math3.distribution.NormalDistributionTest, org.apache.commons.math3.distribution.PascalDistributionTest, org.apache.commons.math3.distribution.PoissonDistributionTest, org.apache.commons.math3.distribution.TDistributionTest, org.apache.commons.math3.distribution.TriangularDistributionTest, org.apache.commons.math3.distribution.UniformIntegerDistributionTest, org.apache.commons.math3.distribution.UniformRealDistributionTest, org.apache.commons.math3.distribution.WeibullDistributionTest, org.apache.commons.math3.distribution.ZipfDistributionTest, org.apache.commons.math3.exception.DimensionMismatchExceptionTest, org.apache.commons.math3.exception.MaxCountExceededExceptionTest, org.apache.commons.math3.exception.NonMonotonicSequenceExceptionTest, org.apache.commons.math3.exception.NotPositiveExceptionTest, org.apache.commons.math3.exception.NotStrictlyPositiveExceptionTest, org.apache.commons.math3.exception.NumberIsTooLargeExceptionTest, org.apache.commons.math3.exception.NumberIsTooSmallExceptionTest, org.apache.commons.math3.exception.OutOfRangeExceptionTest, org.apache.commons.math3.exception.TooManyEvaluationsExceptionTest, org.apache.commons.math3.exception.util.ArgUtilsTest, org.apache.commons.math3.exception.util.ExceptionContextTest, org.apache.commons.math3.exception.util.LocalizedFormatsTest, org.apache.commons.math3.filter.KalmanFilterTest, org.apache.commons.math3.fraction.BigFractionFieldTest, org.apache.commons.math3.fraction.BigFractionFormatTest, org.apache.commons.math3.fraction.BigFractionTest, org.apache.commons.math3.fraction.FractionFieldTest, org.apache.commons.math3.fraction.FractionFormatTest, org.apache.commons.math3.fraction.FractionTest, org.apache.commons.math3.genetics.BinaryChromosomeTest, org.apache.commons.math3.genetics.BinaryMutationTest, org.apache.commons.math3.genetics.ChromosomeTest, org.apache.commons.math3.genetics.ElitisticListPopulationTest, org.apache.commons.math3.genetics.FitnessCachingTest, org.apache.commons.math3.genetics.FixedElapsedTimeTest, org.apache.commons.math3.genetics.FixedGenerationCountTest, org.apache.commons.math3.genetics.GeneticAlgorithmTestBinary, org.apache.commons.math3.genetics.GeneticAlgorithmTestPermutations, org.apache.commons.math3.genetics.ListPopulationTest, org.apache.commons.math3.genetics.NPointCrossoverTest, org.apache.commons.math3.genetics.OnePointCrossoverTest, org.apache.commons.math3.genetics.RandomKeyMutationTest, org.apache.commons.math3.genetics.RandomKeyTest, org.apache.commons.math3.genetics.TournamentSelectionTest, org.apache.commons.math3.genetics.UniformCrossoverTest, org.apache.commons.math3.geometry.euclidean.oned.IntervalsSetTest, org.apache.commons.math3.geometry.euclidean.threed.FrenchVector3DFormatTest, org.apache.commons.math3.geometry.euclidean.threed.LineTest, org.apache.commons.math3.geometry.euclidean.threed.PlaneTest, org.apache.commons.math3.geometry.euclidean.threed.PolyhedronsSetTest, org.apache.commons.math3.geometry.euclidean.threed.RotationOrderTest, org.apache.commons.math3.geometry.euclidean.threed.RotationTest, org.apache.commons.math3.geometry.euclidean.threed.SubLineTest, org.apache.commons.math3.geometry.euclidean.threed.Vector3DFormatTest, org.apache.commons.math3.geometry.euclidean.threed.Vector3DTest, org.apache.commons.math3.geometry.euclidean.twod.LineTest, org.apache.commons.math3.geometry.euclidean.twod.PolygonsSetTest, org.apache.commons.math3.geometry.euclidean.twod.SubLineTest, org.apache.commons.math3.geometry.partitioning.utilities.AVLTreeTest, org.apache.commons.math3.linear.Array2DRowRealMatrixTest, org.apache.commons.math3.linear.ArrayFieldVectorTest, org.apache.commons.math3.linear.ArrayRealVectorTest, org.apache.commons.math3.linear.BiDiagonalTransformerTest, org.apache.commons.math3.linear.BlockFieldMatrixTest, org.apache.commons.math3.linear.BlockRealMatrixTest, org.apache.commons.math3.linear.CholeskyDecompositionTest, org.apache.commons.math3.linear.CholeskySolverTest, org.apache.commons.math3.linear.ConjugateGradientTest, org.apache.commons.math3.linear.EigenDecompositionTest, org.apache.commons.math3.linear.EigenSolverTest, org.apache.commons.math3.linear.FieldLUDecompositionTest, org.apache.commons.math3.linear.FieldLUSolverTest, org.apache.commons.math3.linear.FieldMatrixImplTest, org.apache.commons.math3.linear.FrenchRealVectorFormatTest, org.apache.commons.math3.linear.HessenbergTransformerTest, org.apache.commons.math3.linear.LUDecompositionTest, org.apache.commons.math3.linear.LUSolverTest, org.apache.commons.math3.linear.MatrixDimensionMismatchExceptionTest, org.apache.commons.math3.linear.MatrixUtilsTest, org.apache.commons.math3.linear.OpenMapRealMatrixTest, org.apache.commons.math3.linear.QRDecompositionTest, org.apache.commons.math3.linear.QRSolverTest, org.apache.commons.math3.linear.RealVectorFormatTest, org.apache.commons.math3.linear.RealVectorTest, org.apache.commons.math3.linear.SchurTransformerTest, org.apache.commons.math3.linear.SingularValueDecompositionTest, org.apache.commons.math3.linear.SingularValueSolverTest, org.apache.commons.math3.linear.SparseFieldMatrixTest, org.apache.commons.math3.linear.SparseFieldVectorTest, org.apache.commons.math3.linear.SparseRealMatrixTest, org.apache.commons.math3.linear.SparseRealVectorTest, org.apache.commons.math3.linear.SymmLQTest, org.apache.commons.math3.linear.TriDiagonalTransformerTest, org.apache.commons.math3.linear.UnmodifiableArrayRealVectorTest, org.apache.commons.math3.linear.UnmodifiableOpenMapRealVectorTest, org.apache.commons.math3.ode.ContinuousOutputModelTest, org.apache.commons.math3.ode.FirstOrderConverterTest, org.apache.commons.math3.ode.JacobianMatricesTest, org.apache.commons.math3.ode.events.EventStateTest, org.apache.commons.math3.ode.events.OverlappingEventsTest, org.apache.commons.math3.ode.events.ReappearingEventTest, org.apache.commons.math3.ode.nonstiff.AdamsBashforthIntegratorTest, org.apache.commons.math3.ode.nonstiff.AdamsMoultonIntegratorTest, org.apache.commons.math3.ode.nonstiff.ClassicalRungeKuttaIntegratorTest, org.apache.commons.math3.ode.nonstiff.ClassicalRungeKuttaStepInterpolatorTest, org.apache.commons.math3.ode.nonstiff.DormandPrince54IntegratorTest, org.apache.commons.math3.ode.nonstiff.DormandPrince54StepInterpolatorTest, org.apache.commons.math3.ode.nonstiff.DormandPrince853IntegratorTest, org.apache.commons.math3.ode.nonstiff.DormandPrince853StepInterpolatorTest, org.apache.commons.math3.ode.nonstiff.EulerIntegratorTest, org.apache.commons.math3.ode.nonstiff.EulerStepInterpolatorTest, org.apache.commons.math3.ode.nonstiff.GillIntegratorTest, org.apache.commons.math3.ode.nonstiff.GillStepInterpolatorTest, org.apache.commons.math3.ode.nonstiff.GraggBulirschStoerIntegratorTest, org.apache.commons.math3.ode.nonstiff.GraggBulirschStoerStepInterpolatorTest, org.apache.commons.math3.ode.nonstiff.HighamHall54IntegratorTest, org.apache.commons.math3.ode.nonstiff.HighamHall54StepInterpolatorTest, org.apache.commons.math3.ode.nonstiff.MidpointIntegratorTest, org.apache.commons.math3.ode.nonstiff.MidpointStepInterpolatorTest, org.apache.commons.math3.ode.nonstiff.ThreeEighthesIntegratorTest, org.apache.commons.math3.ode.nonstiff.ThreeEighthesStepInterpolatorTest, org.apache.commons.math3.ode.sampling.DummyStepInterpolatorTest, org.apache.commons.math3.ode.sampling.NordsieckStepInterpolatorTest, org.apache.commons.math3.ode.sampling.StepNormalizerOutputOverlapTest, org.apache.commons.math3.ode.sampling.StepNormalizerOutputTest, org.apache.commons.math3.ode.sampling.StepNormalizerTest, org.apache.commons.math3.optimization.DifferentiableMultivariateMultiStartOptimizerTest, org.apache.commons.math3.optimization.DifferentiableMultivariateVectorMultiStartOptimizerTest, org.apache.commons.math3.optimization.MultivariateMultiStartOptimizerTest, org.apache.commons.math3.optimization.PointValuePairTest, org.apache.commons.math3.optimization.PointVectorValuePairTest, org.apache.commons.math3.optimization.direct.BOBYQAOptimizerTest, org.apache.commons.math3.optimization.direct.CMAESOptimizerTest, org.apache.commons.math3.optimization.direct.MultivariateFunctionMappingAdapterTest, org.apache.commons.math3.optimization.direct.MultivariateFunctionPenaltyAdapterTest, org.apache.commons.math3.optimization.direct.PowellOptimizerTest, org.apache.commons.math3.optimization.direct.SimplexOptimizerMultiDirectionalTest, org.apache.commons.math3.optimization.direct.SimplexOptimizerNelderMeadTest, org.apache.commons.math3.optimization.fitting.CurveFitterTest, org.apache.commons.math3.optimization.fitting.GaussianFitterTest, org.apache.commons.math3.optimization.fitting.HarmonicFitterTest, org.apache.commons.math3.optimization.fitting.PolynomialFitterTest, org.apache.commons.math3.optimization.general.AbstractLeastSquaresOptimizerTest, org.apache.commons.math3.optimization.general.AbstractLeastSquaresOptimizerTestValidation, org.apache.commons.math3.optimization.general.GaussNewtonOptimizerTest, org.apache.commons.math3.optimization.general.LevenbergMarquardtOptimizerTest, org.apache.commons.math3.optimization.general.MinpackTest, org.apache.commons.math3.optimization.general.NonLinearConjugateGradientOptimizerTest, org.apache.commons.math3.optimization.linear.SimplexSolverTest, org.apache.commons.math3.optimization.linear.SimplexTableauTest, org.apache.commons.math3.optimization.univariate.BracketFinderTest, org.apache.commons.math3.optimization.univariate.BrentOptimizerTest, org.apache.commons.math3.optimization.univariate.UnivariateMultiStartOptimizerTest, org.apache.commons.math3.random.AbstractRandomGeneratorTest, org.apache.commons.math3.random.BitsStreamGeneratorTest, org.apache.commons.math3.random.CorrelatedRandomVectorGeneratorTest, org.apache.commons.math3.random.EmpiricalDistributionTest, org.apache.commons.math3.random.GaussianRandomGeneratorTest, org.apache.commons.math3.random.ISAACTest, org.apache.commons.math3.random.MersenneTwisterTest, org.apache.commons.math3.random.RandomAdaptorTest, org.apache.commons.math3.random.RandomDataTest, org.apache.commons.math3.random.RandomGeneratorAbstractTest, org.apache.commons.math3.random.StableRandomGeneratorTest, org.apache.commons.math3.random.UncorrelatedRandomVectorGeneratorTest, org.apache.commons.math3.random.UniformRandomGeneratorTest, org.apache.commons.math3.random.ValueServerTest, org.apache.commons.math3.random.Well1024aTest, org.apache.commons.math3.random.Well19937aTest, org.apache.commons.math3.random.Well19937cTest, org.apache.commons.math3.random.Well44497aTest, org.apache.commons.math3.random.Well44497bTest, org.apache.commons.math3.random.Well512aTest, org.apache.commons.math3.special.BetaTest, org.apache.commons.math3.special.ErfTest, org.apache.commons.math3.special.GammaTest, org.apache.commons.math3.stat.CertifiedDataTest, org.apache.commons.math3.stat.FrequencyTest, org.apache.commons.math3.stat.StatUtilsTest, org.apache.commons.math3.stat.clustering.EuclideanIntegerPointTest, org.apache.commons.math3.stat.clustering.KMeansPlusPlusClustererTest, org.apache.commons.math3.stat.correlation.CovarianceTest, org.apache.commons.math3.stat.correlation.PearsonsCorrelationTest, org.apache.commons.math3.stat.correlation.SpearmansRankCorrelationTest, org.apache.commons.math3.stat.correlation.StorelessCovarianceTest, org.apache.commons.math3.stat.data.LewTest, org.apache.commons.math3.stat.data.LotteryTest, org.apache.commons.math3.stat.descriptive.AbstractUnivariateStatisticTest, org.apache.commons.math3.stat.descriptive.AggregateSummaryStatisticsTest, org.apache.commons.math3.stat.descriptive.DescriptiveStatisticsTest, org.apache.commons.math3.stat.descriptive.ListUnivariateImplTest, org.apache.commons.math3.stat.descriptive.MixedListUnivariateImplTest, org.apache.commons.math3.stat.descriptive.MultivariateSummaryStatisticsTest, org.apache.commons.math3.stat.descriptive.StatisticalSummaryValuesTest, org.apache.commons.math3.stat.descriptive.SummaryStatisticsTest, org.apache.commons.math3.stat.descriptive.SynchronizedDescriptiveStatisticsTest, org.apache.commons.math3.stat.descriptive.SynchronizedMultivariateSummaryStatisticsTest, org.apache.commons.math3.stat.descriptive.SynchronizedSummaryStatisticsTest, org.apache.commons.math3.stat.descriptive.moment.FirstMomentTest, org.apache.commons.math3.stat.descriptive.moment.FourthMomentTest, org.apache.commons.math3.stat.descriptive.moment.GeometricMeanTest, org.apache.commons.math3.stat.descriptive.moment.InteractionTest, org.apache.commons.math3.stat.descriptive.moment.KurtosisTest, org.apache.commons.math3.stat.descriptive.moment.MeanTest, org.apache.commons.math3.stat.descriptive.moment.SecondMomentTest, org.apache.commons.math3.stat.descriptive.moment.SemiVarianceTest, org.apache.commons.math3.stat.descriptive.moment.SkewnessTest, org.apache.commons.math3.stat.descriptive.moment.StandardDeviationTest, org.apache.commons.math3.stat.descriptive.moment.ThirdMomentTest, org.apache.commons.math3.stat.descriptive.moment.VarianceTest, org.apache.commons.math3.stat.descriptive.moment.VectorialCovarianceTest, org.apache.commons.math3.stat.descriptive.moment.VectorialMeanTest, org.apache.commons.math3.stat.descriptive.rank.MaxTest, org.apache.commons.math3.stat.descriptive.rank.MedianTest, org.apache.commons.math3.stat.descriptive.rank.MinTest, org.apache.commons.math3.stat.descriptive.rank.PercentileTest, org.apache.commons.math3.stat.descriptive.summary.ProductTest, org.apache.commons.math3.stat.descriptive.summary.SumLogTest, org.apache.commons.math3.stat.descriptive.summary.SumSqTest, org.apache.commons.math3.stat.descriptive.summary.SumTest, org.apache.commons.math3.stat.inference.ChiSquareTestTest, org.apache.commons.math3.stat.inference.MannWhitneyUTestTest, org.apache.commons.math3.stat.inference.OneWayAnovaTest, org.apache.commons.math3.stat.inference.TTestTest, org.apache.commons.math3.stat.inference.TestUtilsTest, org.apache.commons.math3.stat.inference.WilcoxonSignedRankTestTest, org.apache.commons.math3.stat.ranking.NaturalRankingTest, org.apache.commons.math3.stat.regression.GLSMultipleLinearRegressionTest, org.apache.commons.math3.stat.regression.MillerUpdatingRegressionTest, org.apache.commons.math3.stat.regression.OLSMultipleLinearRegressionTest, org.apache.commons.math3.stat.regression.SimpleRegressionTest, org.apache.commons.math3.transform.FastCosineTransformerTest, org.apache.commons.math3.transform.FastFourierTransformerTest, org.apache.commons.math3.transform.FastHadamardTransformerTest, org.apache.commons.math3.transform.FastSineTransformerTest, org.apache.commons.math3.util.ArithmeticUtilsTest, org.apache.commons.math3.util.BigRealFieldTest, org.apache.commons.math3.util.BigRealTest, org.apache.commons.math3.util.ContinuedFractionTest, org.apache.commons.math3.util.Decimal64Test, org.apache.commons.math3.util.DefaultTransformerTest, org.apache.commons.math3.util.FastMathStrictComparisonTest, org.apache.commons.math3.util.FastMathTest, org.apache.commons.math3.util.FastMathTestPerformance, org.apache.commons.math3.util.IncrementorTest, org.apache.commons.math3.util.MathArraysTest, org.apache.commons.math3.util.MathUtilsTest, org.apache.commons.math3.util.MultidimensionalCounterTest, org.apache.commons.math3.util.OpenIntToDoubleHashMapTest, org.apache.commons.math3.util.OpenIntToFieldTest, org.apache.commons.math3.util.PairTest, org.apache.commons.math3.util.PrecisionTest, org.apache.commons.math3.util.ResizableDoubleArrayTest, org.apache.commons.math3.util.TransformerMapTest], complianceLevel=7, outputFolder=., json=true}
19:19:30.406 [main] INFO  fr.inria.lille.repair.nopol.NoPol - Available processors (cores): 24
19:19:30.412 [main] INFO  fr.inria.lille.repair.nopol.NoPol - Free memory: 412 MB
19:19:30.412 [main] INFO  fr.inria.lille.repair.nopol.NoPol - Maximum memory: 3 GB
19:19:30.412 [main] INFO  fr.inria.lille.repair.nopol.NoPol - Total memory available to JVM: 483 MB
19:19:30.412 [main] INFO  fr.inria.lille.repair.nopol.NoPol - Java version: 1.8.0_181
19:19:30.413 [main] INFO  fr.inria.lille.repair.nopol.NoPol - JAVA_HOME: /usr/lib/jvm/java-1.8.0-openjdk-amd64/bin/
19:19:30.413 [main] INFO  fr.inria.lille.repair.nopol.NoPol - PATH: /usr/lib/jvm/java-1.8.0-openjdk-amd64/bin/:/usr/lib/oar/oardodo:/usr/lib/oar/oardodo:/usr/local/bin:/usr/bin:/bin:/usr/games
19:27:42.690 [pool-2-thread-1] DEBUG fr.inria.lille.repair.nopol.NoPol - statement #1
19:27:42.690 [pool-2-thread-1] DEBUG fr.inria.lille.repair.nopol.NoPol - Analysing SourceLocation org.apache.commons.math3.linear.RealVector:664 which is executed by 5 tests
74962082
19:27:43.046 [pool-2-thread-1] DEBUG fr.inria.lille.repair.nopol.NoPol - statement #2
19:27:43.046 [pool-2-thread-1] DEBUG fr.inria.lille.repair.nopol.NoPol - Analysing SourceLocation org.apache.commons.math3.linear.RealVector:662 which is executed by 5 tests
74962082
19:27:43.197 [pool-2-thread-1] DEBUG fr.inria.lille.repair.nopol.NoPol - statement #3
19:27:43.197 [pool-2-thread-1] DEBUG fr.inria.lille.repair.nopol.NoPol - Analysing SourceLocation org.apache.commons.math3.linear.RealVector:661 which is executed by 5 tests
74962082
19:27:43.342 [pool-2-thread-1] DEBUG fr.inria.lille.repair.nopol.NoPol - statement #4
19:27:43.343 [pool-2-thread-1] DEBUG fr.inria.lille.repair.nopol.NoPol - Analysing SourceLocation org.apache.commons.math3.linear.RealVector:660 which is executed by 5 tests
74962082
19:27:43.483 [pool-2-thread-1] DEBUG fr.inria.lille.repair.nopol.NoPol - statement #5
19:27:43.483 [pool-2-thread-1] DEBUG fr.inria.lille.repair.nopol.NoPol - Analysing SourceLocation org.apache.commons.math3.linear.RealVector:659 which is executed by 5 tests
74962082
19:27:43.618 [pool-2-thread-1] DEBUG fr.inria.lille.repair.nopol.NoPol - looking with class fr.inria.lille.repair.nopol.spoon.smt.ConditionalAdder
java.lang.AssertionError: NaN * 0.0 expected:<NaN> but was:<0.0>
    at org.junit.Assert.fail(Assert.java:88)
    at org.junit.Assert.failNotEquals(Assert.java:743)
    at org.junit.Assert.assertEquals(Assert.java:494)
    at org.apache.commons.math3.linear.RealVectorAbstractTest.doTestOuterProduct(RealVectorAbstractTest.java:928)
    at org.apache.commons.math3.linear.RealVectorAbstractTest.testOuterProductMixedTypes(RealVectorAbstractTest.java:940)
    at sun.reflect.NativeMethodAccessorImpl.invoke0(Native Method)
java.lang.AssertionError: NaN * 0.0 expected:<NaN> but was:<0.0>
    at org.junit.Assert.fail(Assert.java:88)
    at org.junit.Assert.failNotEquals(Assert.java:743)
    at org.junit.Assert.assertEquals(Assert.java:494)
    at org.apache.commons.math3.linear.RealVectorAbstractTest.doTestOuterProduct(RealVectorAbstractTest.java:928)
    at org.apache.commons.math3.linear.RealVectorAbstractTest.testOuterProductSameType(RealVectorAbstractTest.java:935)
    at sun.reflect.NativeMethodAccessorImpl.invoke0(Native Method)
java.lang.AssertionError: NaN * 0.0 expected:<NaN> but was:<0.0>
    at org.junit.Assert.fail(Assert.java:88)
    at org.junit.Assert.failNotEquals(Assert.java:743)
    at org.junit.Assert.assertEquals(Assert.java:494)
    at org.apache.commons.math3.linear.RealVectorAbstractTest.doTestOuterProduct(RealVectorAbstractTest.java:928)
    at org.apache.commons.math3.linear.RealVectorAbstractTest.testOuterProductMixedTypes(RealVectorAbstractTest.java:940)
    at sun.reflect.NativeMethodAccessorImpl.invoke0(Native Method)
java.lang.AssertionError: NaN * 0.0 expected:<NaN> but was:<0.0>
    at org.junit.Assert.fail(Assert.java:88)
    at org.junit.Assert.failNotEquals(Assert.java:743)
    at org.junit.Assert.assertEquals(Assert.java:494)
    at org.apache.commons.math3.linear.RealVectorAbstractTest.doTestOuterProduct(RealVectorAbstractTest.java:928)
    at org.apache.commons.math3.linear.RealVectorAbstractTest.testOuterProductSameType(RealVectorAbstractTest.java:935)
    at sun.reflect.NativeMethodAccessorImpl.invoke0(Native Method)
java.lang.AssertionError: NaN * 0.0 expected:<NaN> but was:<0.0>
    at org.junit.Assert.fail(Assert.java:88)
    at org.junit.Assert.failNotEquals(Assert.java:743)
    at org.junit.Assert.assertEquals(Assert.java:494)
    at org.apache.commons.math3.linear.RealVectorAbstractTest.doTestOuterProduct(RealVectorAbstractTest.java:928)
    at org.apache.commons.math3.linear.RealVectorAbstractTest.testOuterProductMixedTypes(RealVectorAbstractTest.java:940)
    at sun.reflect.NativeMethodAccessorImpl.invoke0(Native Method)
java.lang.AssertionError: Inverse, entry #4 expected:<-Infinity> but was:<Infinity>
    at org.junit.Assert.fail(Assert.java:88)
    at org.junit.Assert.failNotEquals(Assert.java:743)
    at org.junit.Assert.assertEquals(Assert.java:494)
    at org.apache.commons.math3.TestUtils.assertEquals(TestUtils.java:260)
    at org.apache.commons.math3.linear.RealVectorAbstractTest.doTestMapFunction(RealVectorAbstractTest.java:876)
    at org.apache.commons.math3.linear.RealVectorAbstractTest.testMap(RealVectorAbstractTest.java:893)
java.lang.AssertionError: NaN * 0.0 expected:<NaN> but was:<0.0>
    at org.junit.Assert.fail(Assert.java:88)
    at org.junit.Assert.failNotEquals(Assert.java:743)
    at org.junit.Assert.assertEquals(Assert.java:494)
    at org.apache.commons.math3.linear.RealVectorAbstractTest.doTestOuterProduct(RealVectorAbstractTest.java:928)
    at org.apache.commons.math3.linear.RealVectorAbstractTest.testOuterProductSameType(RealVectorAbstractTest.java:935)
    at sun.reflect.NativeMethodAccessorImpl.invoke0(Native Method)
java.lang.AssertionError: Inverse, entry #4 expected:<-Infinity> but was:<Infinity>
    at org.junit.Assert.fail(Assert.java:88)
    at org.junit.Assert.failNotEquals(Assert.java:743)
    at org.junit.Assert.assertEquals(Assert.java:494)
    at org.apache.commons.math3.TestUtils.assertEquals(TestUtils.java:260)
    at org.apache.commons.math3.linear.RealVectorAbstractTest.doTestMapFunction(RealVectorAbstractTest.java:876)
    at org.apache.commons.math3.linear.RealVectorAbstractTest.testMapToSelf(RealVectorAbstractTest.java:901)
java.lang.AssertionError: NaN * 0.0 expected:<NaN> but was:<0.0>
    at org.junit.Assert.fail(Assert.java:88)
    at org.junit.Assert.failNotEquals(Assert.java:743)
    at org.junit.Assert.assertEquals(Assert.java:494)
    at org.apache.commons.math3.linear.RealVectorAbstractTest.doTestOuterProduct(RealVectorAbstractTest.java:928)
    at org.apache.commons.math3.linear.RealVectorAbstractTest.testOuterProductMixedTypes(RealVectorAbstractTest.java:940)
    at sun.reflect.NativeMethodAccessorImpl.invoke0(Native Method)
java.lang.AssertionError: Inverse, entry #4 expected:<-Infinity> but was:<Infinity>
    at org.junit.Assert.fail(Assert.java:88)
    at org.junit.Assert.failNotEquals(Assert.java:743)
    at org.junit.Assert.assertEquals(Assert.java:494)
    at org.apache.commons.math3.TestUtils.assertEquals(TestUtils.java:260)
    at org.apache.commons.math3.linear.RealVectorAbstractTest.doTestMapFunction(RealVectorAbstractTest.java:876)
    at org.apache.commons.math3.linear.RealVectorAbstractTest.testMap(RealVectorAbstractTest.java:893)
java.lang.AssertionError: NaN * 0.0 expected:<NaN> but was:<0.0>
    at org.junit.Assert.fail(Assert.java:88)
    at org.junit.Assert.failNotEquals(Assert.java:743)
    at org.junit.Assert.assertEquals(Assert.java:494)
    at org.apache.commons.math3.linear.RealVectorAbstractTest.doTestOuterProduct(RealVectorAbstractTest.java:928)
    at org.apache.commons.math3.linear.RealVectorAbstractTest.testOuterProductSameType(RealVectorAbstractTest.java:935)
    at sun.reflect.NativeMethodAccessorImpl.invoke0(Native Method)
java.lang.AssertionError: Inverse, entry #4 expected:<-Infinity> but was:<Infinity>
    at org.junit.Assert.fail(Assert.java:88)
    at org.junit.Assert.failNotEquals(Assert.java:743)
    at org.junit.Assert.assertEquals(Assert.java:494)
    at org.apache.commons.math3.TestUtils.assertEquals(TestUtils.java:260)
    at org.apache.commons.math3.linear.RealVectorAbstractTest.doTestMapFunction(RealVectorAbstractTest.java:876)
    at org.apache.commons.math3.linear.RealVectorAbstractTest.testMapToSelf(RealVectorAbstractTest.java:901)
19:27:44.354 [pool-4-thread-1] INFO  xxl.java.junit.TestCasesListener - Tests run finished (671 ms)
<> Total tests run: 362
<> Ignored tests: 60
<> Failed tests: 12
~ testOuterProductMixedTypes(org.apache.commons.math3.linear.RealVectorTest)
[NaN * 0.0 expected:<NaN> but was:<0.0>]
java.lang.AssertionError: NaN * 0.0 expected:<NaN> but was:<0.0>    at org.junit.Assert.fail(Assert.java:88)
    at org.junit.Assert.failNotEquals(Assert.java:743)
    at org.junit.Assert.assertEquals(Assert.java:494)
    at org.apache.commons.math3.linear.RealVectorAbstractTest.doTestOuterProduct(RealVectorAbstractTest.java:928)
    at org.apache.commons.math3.linear.RealVectorAbstractTest.testOuterProductMixedTypes(RealVectorAbstractTest.java:940)
    at sun.reflect.NativeMethodAccessorImpl.invoke0(Native Method)
~ testOuterProductSameType(org.apache.commons.math3.linear.RealVectorTest)
[NaN * 0.0 expected:<NaN> but was:<0.0>]
java.lang.AssertionError: NaN * 0.0 expected:<NaN> but was:<0.0>    at org.junit.Assert.fail(Assert.java:88)
    at org.junit.Assert.failNotEquals(Assert.java:743)
    at org.junit.Assert.assertEquals(Assert.java:494)
    at org.apache.commons.math3.linear.RealVectorAbstractTest.doTestOuterProduct(RealVectorAbstractTest.java:928)
    at org.apache.commons.math3.linear.RealVectorAbstractTest.testOuterProductSameType(RealVectorAbstractTest.java:935)
    at sun.reflect.NativeMethodAccessorImpl.invoke0(Native Method)
~ testOuterProductMixedTypes(org.apache.commons.math3.linear.RealVectorTest)
[NaN * 0.0 expected:<NaN> but was:<0.0>]
java.lang.AssertionError: NaN * 0.0 expected:<NaN> but was:<0.0>    at org.junit.Assert.fail(Assert.java:88)
    at org.junit.Assert.failNotEquals(Assert.java:743)
    at org.junit.Assert.assertEquals(Assert.java:494)
    at org.apache.commons.math3.linear.RealVectorAbstractTest.doTestOuterProduct(RealVectorAbstractTest.java:928)
    at org.apache.commons.math3.linear.RealVectorAbstractTest.testOuterProductMixedTypes(RealVectorAbstractTest.java:940)
    at sun.reflect.NativeMethodAccessorImpl.invoke0(Native Method)
~ testOuterProductSameType(org.apache.commons.math3.linear.RealVectorTest)
[NaN * 0.0 expected:<NaN> but was:<0.0>]
java.lang.AssertionError: NaN * 0.0 expected:<NaN> but was:<0.0>    at org.junit.Assert.fail(Assert.java:88)
    at org.junit.Assert.failNotEquals(Assert.java:743)
    at org.junit.Assert.assertEquals(Assert.java:494)
    at org.apache.commons.math3.linear.RealVectorAbstractTest.doTestOuterProduct(RealVectorAbstractTest.java:928)
    at org.apache.commons.math3.linear.RealVectorAbstractTest.testOuterProductSameType(RealVectorAbstractTest.java:935)
    at sun.reflect.NativeMethodAccessorImpl.invoke0(Native Method)
~ testOuterProductMixedTypes(org.apache.commons.math3.linear.SparseRealVectorTest)
[NaN * 0.0 expected:<NaN> but was:<0.0>]
java.lang.AssertionError: NaN * 0.0 expected:<NaN> but was:<0.0>    at org.junit.Assert.fail(Assert.java:88)
    at org.junit.Assert.failNotEquals(Assert.java:743)
    at org.junit.Assert.assertEquals(Assert.java:494)
    at org.apache.commons.math3.linear.RealVectorAbstractTest.doTestOuterProduct(RealVectorAbstractTest.java:928)
    at org.apache.commons.math3.linear.RealVectorAbstractTest.testOuterProductMixedTypes(RealVectorAbstractTest.java:940)
    at sun.reflect.NativeMethodAccessorImpl.invoke0(Native Method)
~ testMap(org.apache.commons.math3.linear.SparseRealVectorTest)
[Inverse, entry #4 expected:<-Infinity> but was:<Infinity>]
java.lang.AssertionError: Inverse, entry #4 expected:<-Infinity> but was:<Infinity>    at org.junit.Assert.fail(Assert.java:88)
    at org.junit.Assert.failNotEquals(Assert.java:743)
    at org.junit.Assert.assertEquals(Assert.java:494)
    at org.apache.commons.math3.TestUtils.assertEquals(TestUtils.java:260)
    at org.apache.commons.math3.linear.RealVectorAbstractTest.doTestMapFunction(RealVectorAbstractTest.java:876)
    at org.apache.commons.math3.linear.RealVectorAbstractTest.testMap(RealVectorAbstractTest.java:893)
~ testOuterProductSameType(org.apache.commons.math3.linear.SparseRealVectorTest)
[NaN * 0.0 expected:<NaN> but was:<0.0>]
java.lang.AssertionError: NaN * 0.0 expected:<NaN> but was:<0.0>    at org.junit.Assert.fail(Assert.java:88)
    at org.junit.Assert.failNotEquals(Assert.java:743)
    at org.junit.Assert.assertEquals(Assert.java:494)
    at org.apache.commons.math3.linear.RealVectorAbstractTest.doTestOuterProduct(RealVectorAbstractTest.java:928)
    at org.apache.commons.math3.linear.RealVectorAbstractTest.testOuterProductSameType(RealVectorAbstractTest.java:935)
    at sun.reflect.NativeMethodAccessorImpl.invoke0(Native Method)
~ testMapToSelf(org.apache.commons.math3.linear.SparseRealVectorTest)
[Inverse, entry #4 expected:<-Infinity> but was:<Infinity>]
java.lang.AssertionError: Inverse, entry #4 expected:<-Infinity> but was:<Infinity>    at org.junit.Assert.fail(Assert.java:88)
    at org.junit.Assert.failNotEquals(Assert.java:743)
    at org.junit.Assert.assertEquals(Assert.java:494)
    at org.apache.commons.math3.TestUtils.assertEquals(TestUtils.java:260)
    at org.apache.commons.math3.linear.RealVectorAbstractTest.doTestMapFunction(RealVectorAbstractTest.java:876)
    at org.apache.commons.math3.linear.RealVectorAbstractTest.testMapToSelf(RealVectorAbstractTest.java:901)
~ testOuterProductMixedTypes(org.apache.commons.math3.linear.SparseRealVectorTest)
[NaN * 0.0 expected:<NaN> but was:<0.0>]
java.lang.AssertionError: NaN * 0.0 expected:<NaN> but was:<0.0>    at org.junit.Assert.fail(Assert.java:88)
    at org.junit.Assert.failNotEquals(Assert.java:743)
    at org.junit.Assert.assertEquals(Assert.java:494)
    at org.apache.commons.math3.linear.RealVectorAbstractTest.doTestOuterProduct(RealVectorAbstractTest.java:928)
    at org.apache.commons.math3.linear.RealVectorAbstractTest.testOuterProductMixedTypes(RealVectorAbstractTest.java:940)
    at sun.reflect.NativeMethodAccessorImpl.invoke0(Native Method)
~ testMap(org.apache.commons.math3.linear.SparseRealVectorTest)
[Inverse, entry #4 expected:<-Infinity> but was:<Infinity>]
java.lang.AssertionError: Inverse, entry #4 expected:<-Infinity> but was:<Infinity>    at org.junit.Assert.fail(Assert.java:88)
    at org.junit.Assert.failNotEquals(Assert.java:743)
    at org.junit.Assert.assertEquals(Assert.java:494)
    at org.apache.commons.math3.TestUtils.assertEquals(TestUtils.java:260)
    at org.apache.commons.math3.linear.RealVectorAbstractTest.doTestMapFunction(RealVectorAbstractTest.java:876)
    at org.apache.commons.math3.linear.RealVectorAbstractTest.testMap(RealVectorAbstractTest.java:893)
~ testOuterProductSameType(org.apache.commons.math3.linear.SparseRealVectorTest)
[NaN * 0.0 expected:<NaN> but was:<0.0>]
java.lang.AssertionError: NaN * 0.0 expected:<NaN> but was:<0.0>    at org.junit.Assert.fail(Assert.java:88)
    at org.junit.Assert.failNotEquals(Assert.java:743)
    at org.junit.Assert.assertEquals(Assert.java:494)
    at org.apache.commons.math3.linear.RealVectorAbstractTest.doTestOuterProduct(RealVectorAbstractTest.java:928)
    at org.apache.commons.math3.linear.RealVectorAbstractTest.testOuterProductSameType(RealVectorAbstractTest.java:935)
    at sun.reflect.NativeMethodAccessorImpl.invoke0(Native Method)
~ testMapToSelf(org.apache.commons.math3.linear.SparseRealVectorTest)
[Inverse, entry #4 expected:<-Infinity> but was:<Infinity>]
java.lang.AssertionError: Inverse, entry #4 expected:<-Infinity> but was:<Infinity>    at org.junit.Assert.fail(Assert.java:88)
    at org.junit.Assert.failNotEquals(Assert.java:743)
    at org.junit.Assert.assertEquals(Assert.java:494)
    at org.apache.commons.math3.TestUtils.assertEquals(TestUtils.java:260)
    at org.apache.commons.math3.linear.RealVectorAbstractTest.doTestMapFunction(RealVectorAbstractTest.java:876)
    at org.apache.commons.math3.linear.RealVectorAbstractTest.testMapToSelf(RealVectorAbstractTest.java:901)

19:27:46.075 [pool-2-thread-1] DEBUG fr.inria.lille.repair.nopol.NoPol - statement #6
19:27:46.076 [pool-2-thread-1] DEBUG fr.inria.lille.repair.nopol.NoPol - Analysing SourceLocation org.apache.commons.math3.linear.RealVector:658 which is executed by 5 tests
74962082
19:27:46.224 [pool-2-thread-1] DEBUG fr.inria.lille.repair.nopol.NoPol - statement #7
19:27:46.225 [pool-2-thread-1] DEBUG fr.inria.lille.repair.nopol.NoPol - Analysing SourceLocation org.apache.commons.math3.linear.RealVector:657 which is executed by 5 tests
74962082
19:27:46.373 [pool-2-thread-1] DEBUG fr.inria.lille.repair.nopol.NoPol - looking with class fr.inria.lille.repair.nopol.spoon.smt.ConditionalAdder
java.lang.AssertionError: NaN * 0.0 expected:<NaN> but was:<0.0>
    at org.junit.Assert.fail(Assert.java:88)
    at org.junit.Assert.failNotEquals(Assert.java:743)
    at org.junit.Assert.assertEquals(Assert.java:494)
    at org.apache.commons.math3.linear.RealVectorAbstractTest.doTestOuterProduct(RealVectorAbstractTest.java:928)
    at org.apache.commons.math3.linear.RealVectorAbstractTest.testOuterProductMixedTypes(RealVectorAbstractTest.java:940)
    at sun.reflect.NativeMethodAccessorImpl.invoke0(Native Method)
java.lang.AssertionError: NaN * 0.0 expected:<NaN> but was:<0.0>
    at org.junit.Assert.fail(Assert.java:88)
    at org.junit.Assert.failNotEquals(Assert.java:743)
    at org.junit.Assert.assertEquals(Assert.java:494)
    at org.apache.commons.math3.linear.RealVectorAbstractTest.doTestOuterProduct(RealVectorAbstractTest.java:928)
    at org.apache.commons.math3.linear.RealVectorAbstractTest.testOuterProductSameType(RealVectorAbstractTest.java:935)
    at sun.reflect.NativeMethodAccessorImpl.invoke0(Native Method)
java.lang.AssertionError: NaN * 0.0 expected:<NaN> but was:<0.0>
    at org.junit.Assert.fail(Assert.java:88)
    at org.junit.Assert.failNotEquals(Assert.java:743)
    at org.junit.Assert.assertEquals(Assert.java:494)
    at org.apache.commons.math3.linear.RealVectorAbstractTest.doTestOuterProduct(RealVectorAbstractTest.java:928)
    at org.apache.commons.math3.linear.RealVectorAbstractTest.testOuterProductMixedTypes(RealVectorAbstractTest.java:940)
    at sun.reflect.NativeMethodAccessorImpl.invoke0(Native Method)
java.lang.AssertionError: NaN * 0.0 expected:<NaN> but was:<0.0>
    at org.junit.Assert.fail(Assert.java:88)
    at org.junit.Assert.failNotEquals(Assert.java:743)
    at org.junit.Assert.assertEquals(Assert.java:494)
    at org.apache.commons.math3.linear.RealVectorAbstractTest.doTestOuterProduct(RealVectorAbstractTest.java:928)
    at org.apache.commons.math3.linear.RealVectorAbstractTest.testOuterProductSameType(RealVectorAbstractTest.java:935)
    at sun.reflect.NativeMethodAccessorImpl.invoke0(Native Method)
java.lang.AssertionError: NaN * 0.0 expected:<NaN> but was:<0.0>
    at org.junit.Assert.fail(Assert.java:88)
    at org.junit.Assert.failNotEquals(Assert.java:743)
    at org.junit.Assert.assertEquals(Assert.java:494)
    at org.apache.commons.math3.linear.RealVectorAbstractTest.doTestOuterProduct(RealVectorAbstractTest.java:928)
    at org.apache.commons.math3.linear.RealVectorAbstractTest.testOuterProductMixedTypes(RealVectorAbstractTest.java:940)
    at sun.reflect.NativeMethodAccessorImpl.invoke0(Native Method)
java.lang.AssertionError: Inverse, entry #4 expected:<-Infinity> but was:<Infinity>
    at org.junit.Assert.fail(Assert.java:88)
    at org.junit.Assert.failNotEquals(Assert.java:743)
    at org.junit.Assert.assertEquals(Assert.java:494)
    at org.apache.commons.math3.TestUtils.assertEquals(TestUtils.java:260)
    at org.apache.commons.math3.linear.RealVectorAbstractTest.doTestMapFunction(RealVectorAbstractTest.java:876)
    at org.apache.commons.math3.linear.RealVectorAbstractTest.testMap(RealVectorAbstractTest.java:893)
java.lang.AssertionError: NaN * 0.0 expected:<NaN> but was:<0.0>
    at org.junit.Assert.fail(Assert.java:88)
    at org.junit.Assert.failNotEquals(Assert.java:743)
    at org.junit.Assert.assertEquals(Assert.java:494)
    at org.apache.commons.math3.linear.RealVectorAbstractTest.doTestOuterProduct(RealVectorAbstractTest.java:928)
    at org.apache.commons.math3.linear.RealVectorAbstractTest.testOuterProductSameType(RealVectorAbstractTest.java:935)
    at sun.reflect.NativeMethodAccessorImpl.invoke0(Native Method)
java.lang.AssertionError: Inverse, entry #4 expected:<-Infinity> but was:<Infinity>
    at org.junit.Assert.fail(Assert.java:88)
    at org.junit.Assert.failNotEquals(Assert.java:743)
    at org.junit.Assert.assertEquals(Assert.java:494)
    at org.apache.commons.math3.TestUtils.assertEquals(TestUtils.java:260)
    at org.apache.commons.math3.linear.RealVectorAbstractTest.doTestMapFunction(RealVectorAbstractTest.java:876)
    at org.apache.commons.math3.linear.RealVectorAbstractTest.testMapToSelf(RealVectorAbstractTest.java:901)
java.lang.AssertionError: NaN * 0.0 expected:<NaN> but was:<0.0>
    at org.junit.Assert.fail(Assert.java:88)
    at org.junit.Assert.failNotEquals(Assert.java:743)
    at org.junit.Assert.assertEquals(Assert.java:494)
    at org.apache.commons.math3.linear.RealVectorAbstractTest.doTestOuterProduct(RealVectorAbstractTest.java:928)
    at org.apache.commons.math3.linear.RealVectorAbstractTest.testOuterProductMixedTypes(RealVectorAbstractTest.java:940)
    at sun.reflect.NativeMethodAccessorImpl.invoke0(Native Method)
java.lang.AssertionError: Inverse, entry #4 expected:<-Infinity> but was:<Infinity>
    at org.junit.Assert.fail(Assert.java:88)
    at org.junit.Assert.failNotEquals(Assert.java:743)
    at org.junit.Assert.assertEquals(Assert.java:494)
    at org.apache.commons.math3.TestUtils.assertEquals(TestUtils.java:260)
    at org.apache.commons.math3.linear.RealVectorAbstractTest.doTestMapFunction(RealVectorAbstractTest.java:876)
    at org.apache.commons.math3.linear.RealVectorAbstractTest.testMap(RealVectorAbstractTest.java:893)
java.lang.AssertionError: NaN * 0.0 expected:<NaN> but was:<0.0>
    at org.junit.Assert.fail(Assert.java:88)
    at org.junit.Assert.failNotEquals(Assert.java:743)
    at org.junit.Assert.assertEquals(Assert.java:494)
    at org.apache.commons.math3.linear.RealVectorAbstractTest.doTestOuterProduct(RealVectorAbstractTest.java:928)
    at org.apache.commons.math3.linear.RealVectorAbstractTest.testOuterProductSameType(RealVectorAbstractTest.java:935)
    at sun.reflect.NativeMethodAccessorImpl.invoke0(Native Method)
java.lang.AssertionError: Inverse, entry #4 expected:<-Infinity> but was:<Infinity>
    at org.junit.Assert.fail(Assert.java:88)
    at org.junit.Assert.failNotEquals(Assert.java:743)
    at org.junit.Assert.assertEquals(Assert.java:494)
    at org.apache.commons.math3.TestUtils.assertEquals(TestUtils.java:260)
    at org.apache.commons.math3.linear.RealVectorAbstractTest.doTestMapFunction(RealVectorAbstractTest.java:876)
    at org.apache.commons.math3.linear.RealVectorAbstractTest.testMapToSelf(RealVectorAbstractTest.java:901)
19:27:46.782 [pool-18-thread-1] INFO  xxl.java.junit.TestCasesListener - Tests run finished (391 ms)
<> Total tests run: 362
<> Ignored tests: 60
<> Failed tests: 12
~ testOuterProductMixedTypes(org.apache.commons.math3.linear.RealVectorTest)
[NaN * 0.0 expected:<NaN> but was:<0.0>]
java.lang.AssertionError: NaN * 0.0 expected:<NaN> but was:<0.0>    at org.junit.Assert.fail(Assert.java:88)
    at org.junit.Assert.failNotEquals(Assert.java:743)
    at org.junit.Assert.assertEquals(Assert.java:494)
    at org.apache.commons.math3.linear.RealVectorAbstractTest.doTestOuterProduct(RealVectorAbstractTest.java:928)
    at org.apache.commons.math3.linear.RealVectorAbstractTest.testOuterProductMixedTypes(RealVectorAbstractTest.java:940)
    at sun.reflect.NativeMethodAccessorImpl.invoke0(Native Method)
~ testOuterProductSameType(org.apache.commons.math3.linear.RealVectorTest)
[NaN * 0.0 expected:<NaN> but was:<0.0>]
java.lang.AssertionError: NaN * 0.0 expected:<NaN> but was:<0.0>    at org.junit.Assert.fail(Assert.java:88)
    at org.junit.Assert.failNotEquals(Assert.java:743)
    at org.junit.Assert.assertEquals(Assert.java:494)
    at org.apache.commons.math3.linear.RealVectorAbstractTest.doTestOuterProduct(RealVectorAbstractTest.java:928)
    at org.apache.commons.math3.linear.RealVectorAbstractTest.testOuterProductSameType(RealVectorAbstractTest.java:935)
    at sun.reflect.NativeMethodAccessorImpl.invoke0(Native Method)
~ testOuterProductMixedTypes(org.apache.commons.math3.linear.RealVectorTest)
[NaN * 0.0 expected:<NaN> but was:<0.0>]
java.lang.AssertionError: NaN * 0.0 expected:<NaN> but was:<0.0>    at org.junit.Assert.fail(Assert.java:88)
    at org.junit.Assert.failNotEquals(Assert.java:743)
    at org.junit.Assert.assertEquals(Assert.java:494)
    at org.apache.commons.math3.linear.RealVectorAbstractTest.doTestOuterProduct(RealVectorAbstractTest.java:928)
    at org.apache.commons.math3.linear.RealVectorAbstractTest.testOuterProductMixedTypes(RealVectorAbstractTest.java:940)
    at sun.reflect.NativeMethodAccessorImpl.invoke0(Native Method)
~ testOuterProductSameType(org.apache.commons.math3.linear.RealVectorTest)
[NaN * 0.0 expected:<NaN> but was:<0.0>]
java.lang.AssertionError: NaN * 0.0 expected:<NaN> but was:<0.0>    at org.junit.Assert.fail(Assert.java:88)
    at org.junit.Assert.failNotEquals(Assert.java:743)
    at org.junit.Assert.assertEquals(Assert.java:494)
    at org.apache.commons.math3.linear.RealVectorAbstractTest.doTestOuterProduct(RealVectorAbstractTest.java:928)
    at org.apache.commons.math3.linear.RealVectorAbstractTest.testOuterProductSameType(RealVectorAbstractTest.java:935)
    at sun.reflect.NativeMethodAccessorImpl.invoke0(Native Method)
~ testOuterProductMixedTypes(org.apache.commons.math3.linear.SparseRealVectorTest)
[NaN * 0.0 expected:<NaN> but was:<0.0>]
java.lang.AssertionError: NaN * 0.0 expected:<NaN> but was:<0.0>    at org.junit.Assert.fail(Assert.java:88)
    at org.junit.Assert.failNotEquals(Assert.java:743)
    at org.junit.Assert.assertEquals(Assert.java:494)
    at org.apache.commons.math3.linear.RealVectorAbstractTest.doTestOuterProduct(RealVectorAbstractTest.java:928)
    at org.apache.commons.math3.linear.RealVectorAbstractTest.testOuterProductMixedTypes(RealVectorAbstractTest.java:940)
    at sun.reflect.NativeMethodAccessorImpl.invoke0(Native Method)
~ testMap(org.apache.commons.math3.linear.SparseRealVectorTest)
[Inverse, entry #4 expected:<-Infinity> but was:<Infinity>]
java.lang.AssertionError: Inverse, entry #4 expected:<-Infinity> but was:<Infinity>    at org.junit.Assert.fail(Assert.java:88)
    at org.junit.Assert.failNotEquals(Assert.java:743)
    at org.junit.Assert.assertEquals(Assert.java:494)
    at org.apache.commons.math3.TestUtils.assertEquals(TestUtils.java:260)
    at org.apache.commons.math3.linear.RealVectorAbstractTest.doTestMapFunction(RealVectorAbstractTest.java:876)
    at org.apache.commons.math3.linear.RealVectorAbstractTest.testMap(RealVectorAbstractTest.java:893)
~ testOuterProductSameType(org.apache.commons.math3.linear.SparseRealVectorTest)
[NaN * 0.0 expected:<NaN> but was:<0.0>]
java.lang.AssertionError: NaN * 0.0 expected:<NaN> but was:<0.0>    at org.junit.Assert.fail(Assert.java:88)
    at org.junit.Assert.failNotEquals(Assert.java:743)
    at org.junit.Assert.assertEquals(Assert.java:494)
    at org.apache.commons.math3.linear.RealVectorAbstractTest.doTestOuterProduct(RealVectorAbstractTest.java:928)
    at org.apache.commons.math3.linear.RealVectorAbstractTest.testOuterProductSameType(RealVectorAbstractTest.java:935)
    at sun.reflect.NativeMethodAccessorImpl.invoke0(Native Method)
~ testMapToSelf(org.apache.commons.math3.linear.SparseRealVectorTest)
[Inverse, entry #4 expected:<-Infinity> but was:<Infinity>]
java.lang.AssertionError: Inverse, entry #4 expected:<-Infinity> but was:<Infinity>    at org.junit.Assert.fail(Assert.java:88)
    at org.junit.Assert.failNotEquals(Assert.java:743)
    at org.junit.Assert.assertEquals(Assert.java:494)
    at org.apache.commons.math3.TestUtils.assertEquals(TestUtils.java:260)
    at org.apache.commons.math3.linear.RealVectorAbstractTest.doTestMapFunction(RealVectorAbstractTest.java:876)
    at org.apache.commons.math3.linear.RealVectorAbstractTest.testMapToSelf(RealVectorAbstractTest.java:901)
~ testOuterProductMixedTypes(org.apache.commons.math3.linear.SparseRealVectorTest)
[NaN * 0.0 expected:<NaN> but was:<0.0>]
java.lang.AssertionError: NaN * 0.0 expected:<NaN> but was:<0.0>    at org.junit.Assert.fail(Assert.java:88)
    at org.junit.Assert.failNotEquals(Assert.java:743)
    at org.junit.Assert.assertEquals(Assert.java:494)
    at org.apache.commons.math3.linear.RealVectorAbstractTest.doTestOuterProduct(RealVectorAbstractTest.java:928)
    at org.apache.commons.math3.linear.RealVectorAbstractTest.testOuterProductMixedTypes(RealVectorAbstractTest.java:940)
    at sun.reflect.NativeMethodAccessorImpl.invoke0(Native Method)
~ testMap(org.apache.commons.math3.linear.SparseRealVectorTest)
[Inverse, entry #4 expected:<-Infinity> but was:<Infinity>]
java.lang.AssertionError: Inverse, entry #4 expected:<-Infinity> but was:<Infinity>    at org.junit.Assert.fail(Assert.java:88)
    at org.junit.Assert.failNotEquals(Assert.java:743)
    at org.junit.Assert.assertEquals(Assert.java:494)
    at org.apache.commons.math3.TestUtils.assertEquals(TestUtils.java:260)
    at org.apache.commons.math3.linear.RealVectorAbstractTest.doTestMapFunction(RealVectorAbstractTest.java:876)
    at org.apache.commons.math3.linear.RealVectorAbstractTest.testMap(RealVectorAbstractTest.java:893)
~ testOuterProductSameType(org.apache.commons.math3.linear.SparseRealVectorTest)
[NaN * 0.0 expected:<NaN> but was:<0.0>]
java.lang.AssertionError: NaN * 0.0 expected:<NaN> but was:<0.0>    at org.junit.Assert.fail(Assert.java:88)
    at org.junit.Assert.failNotEquals(Assert.java:743)
    at org.junit.Assert.assertEquals(Assert.java:494)
    at org.apache.commons.math3.linear.RealVectorAbstractTest.doTestOuterProduct(RealVectorAbstractTest.java:928)
    at org.apache.commons.math3.linear.RealVectorAbstractTest.testOuterProductSameType(RealVectorAbstractTest.java:935)
    at sun.reflect.NativeMethodAccessorImpl.invoke0(Native Method)
~ testMapToSelf(org.apache.commons.math3.linear.SparseRealVectorTest)
[Inverse, entry #4 expected:<-Infinity> but was:<Infinity>]
java.lang.AssertionError: Inverse, entry #4 expected:<-Infinity> but was:<Infinity>    at org.junit.Assert.fail(Assert.java:88)
    at org.junit.Assert.failNotEquals(Assert.java:743)
    at org.junit.Assert.assertEquals(Assert.java:494)
    at org.apache.commons.math3.TestUtils.assertEquals(TestUtils.java:260)
    at org.apache.commons.math3.linear.RealVectorAbstractTest.doTestMapFunction(RealVectorAbstractTest.java:876)
    at org.apache.commons.math3.linear.RealVectorAbstractTest.testMapToSelf(RealVectorAbstractTest.java:901)

19:27:47.773 [pool-2-thread-1] DEBUG fr.inria.lille.repair.nopol.NoPol - statement #8
19:27:47.773 [pool-2-thread-1] DEBUG fr.inria.lille.repair.nopol.NoPol - Analysing SourceLocation org.apache.commons.math3.linear.RealVector:656 which is executed by 5 tests
74962082
19:27:47.896 [pool-2-thread-1] DEBUG fr.inria.lille.repair.nopol.NoPol - statement #9
19:27:47.896 [pool-2-thread-1] DEBUG fr.inria.lille.repair.nopol.NoPol - Analysing SourceLocation org.apache.commons.math3.linear.RealVector:655 which is executed by 5 tests
74962082
19:27:48.015 [pool-2-thread-1] DEBUG fr.inria.lille.repair.nopol.NoPol - statement #10
19:27:48.015 [pool-2-thread-1] DEBUG fr.inria.lille.repair.nopol.NoPol - Analysing SourceLocation org.apache.commons.math3.linear.RealVector:654 which is executed by 5 tests
74962082
19:27:48.139 [pool-2-thread-1] DEBUG fr.inria.lille.repair.nopol.NoPol - looking with class fr.inria.lille.repair.nopol.spoon.smt.ConditionalAdder
java.lang.AssertionError: NaN * 0.0 expected:<NaN> but was:<0.0>
    at org.junit.Assert.fail(Assert.java:88)
    at org.junit.Assert.failNotEquals(Assert.java:743)
    at org.junit.Assert.assertEquals(Assert.java:494)
    at org.apache.commons.math3.linear.RealVectorAbstractTest.doTestOuterProduct(RealVectorAbstractTest.java:928)
    at org.apache.commons.math3.linear.RealVectorAbstractTest.testOuterProductMixedTypes(RealVectorAbstractTest.java:940)
    at sun.reflect.NativeMethodAccessorImpl.invoke0(Native Method)
java.lang.AssertionError: NaN * 0.0 expected:<NaN> but was:<0.0>
    at org.junit.Assert.fail(Assert.java:88)
    at org.junit.Assert.failNotEquals(Assert.java:743)
    at org.junit.Assert.assertEquals(Assert.java:494)
    at org.apache.commons.math3.linear.RealVectorAbstractTest.doTestOuterProduct(RealVectorAbstractTest.java:928)
    at org.apache.commons.math3.linear.RealVectorAbstractTest.testOuterProductSameType(RealVectorAbstractTest.java:935)
    at sun.reflect.NativeMethodAccessorImpl.invoke0(Native Method)
java.lang.AssertionError: NaN * 0.0 expected:<NaN> but was:<0.0>
    at org.junit.Assert.fail(Assert.java:88)
    at org.junit.Assert.failNotEquals(Assert.java:743)
    at org.junit.Assert.assertEquals(Assert.java:494)
    at org.apache.commons.math3.linear.RealVectorAbstractTest.doTestOuterProduct(RealVectorAbstractTest.java:928)
    at org.apache.commons.math3.linear.RealVectorAbstractTest.testOuterProductMixedTypes(RealVectorAbstractTest.java:940)
    at sun.reflect.NativeMethodAccessorImpl.invoke0(Native Method)
java.lang.AssertionError: NaN * 0.0 expected:<NaN> but was:<0.0>
    at org.junit.Assert.fail(Assert.java:88)
    at org.junit.Assert.failNotEquals(Assert.java:743)
    at org.junit.Assert.assertEquals(Assert.java:494)
    at org.apache.commons.math3.linear.RealVectorAbstractTest.doTestOuterProduct(RealVectorAbstractTest.java:928)
    at org.apache.commons.math3.linear.RealVectorAbstractTest.testOuterProductSameType(RealVectorAbstractTest.java:935)
    at sun.reflect.NativeMethodAccessorImpl.invoke0(Native Method)
java.lang.AssertionError: NaN * 0.0 expected:<NaN> but was:<0.0>
    at org.junit.Assert.fail(Assert.java:88)
    at org.junit.Assert.failNotEquals(Assert.java:743)
    at org.junit.Assert.assertEquals(Assert.java:494)
    at org.apache.commons.math3.linear.RealVectorAbstractTest.doTestOuterProduct(RealVectorAbstractTest.java:928)
    at org.apache.commons.math3.linear.RealVectorAbstractTest.testOuterProductMixedTypes(RealVectorAbstractTest.java:940)
    at sun.reflect.NativeMethodAccessorImpl.invoke0(Native Method)
java.lang.AssertionError: Inverse, entry #4 expected:<-Infinity> but was:<Infinity>
    at org.junit.Assert.fail(Assert.java:88)
    at org.junit.Assert.failNotEquals(Assert.java:743)
    at org.junit.Assert.assertEquals(Assert.java:494)
    at org.apache.commons.math3.TestUtils.assertEquals(TestUtils.java:260)
    at org.apache.commons.math3.linear.RealVectorAbstractTest.doTestMapFunction(RealVectorAbstractTest.java:876)
    at org.apache.commons.math3.linear.RealVectorAbstractTest.testMap(RealVectorAbstractTest.java:893)
java.lang.AssertionError: NaN * 0.0 expected:<NaN> but was:<0.0>
    at org.junit.Assert.fail(Assert.java:88)
    at org.junit.Assert.failNotEquals(Assert.java:743)
    at org.junit.Assert.assertEquals(Assert.java:494)
    at org.apache.commons.math3.linear.RealVectorAbstractTest.doTestOuterProduct(RealVectorAbstractTest.java:928)
    at org.apache.commons.math3.linear.RealVectorAbstractTest.testOuterProductSameType(RealVectorAbstractTest.java:935)
    at sun.reflect.NativeMethodAccessorImpl.invoke0(Native Method)
java.lang.AssertionError: Inverse, entry #4 expected:<-Infinity> but was:<Infinity>
    at org.junit.Assert.fail(Assert.java:88)
    at org.junit.Assert.failNotEquals(Assert.java:743)
    at org.junit.Assert.assertEquals(Assert.java:494)
    at org.apache.commons.math3.TestUtils.assertEquals(TestUtils.java:260)
    at org.apache.commons.math3.linear.RealVectorAbstractTest.doTestMapFunction(RealVectorAbstractTest.java:876)
    at org.apache.commons.math3.linear.RealVectorAbstractTest.testMapToSelf(RealVectorAbstractTest.java:901)
java.lang.AssertionError: NaN * 0.0 expected:<NaN> but was:<0.0>
    at org.junit.Assert.fail(Assert.java:88)
    at org.junit.Assert.failNotEquals(Assert.java:743)
    at org.junit.Assert.assertEquals(Assert.java:494)
    at org.apache.commons.math3.linear.RealVectorAbstractTest.doTestOuterProduct(RealVectorAbstractTest.java:928)
    at org.apache.commons.math3.linear.RealVectorAbstractTest.testOuterProductMixedTypes(RealVectorAbstractTest.java:940)
    at sun.reflect.NativeMethodAccessorImpl.invoke0(Native Method)
java.lang.AssertionError: Inverse, entry #4 expected:<-Infinity> but was:<Infinity>
    at org.junit.Assert.fail(Assert.java:88)
    at org.junit.Assert.failNotEquals(Assert.java:743)
    at org.junit.Assert.assertEquals(Assert.java:494)
    at org.apache.commons.math3.TestUtils.assertEquals(TestUtils.java:260)
    at org.apache.commons.math3.linear.RealVectorAbstractTest.doTestMapFunction(RealVectorAbstractTest.java:876)
    at org.apache.commons.math3.linear.RealVectorAbstractTest.testMap(RealVectorAbstractTest.java:893)
java.lang.AssertionError: NaN * 0.0 expected:<NaN> but was:<0.0>
    at org.junit.Assert.fail(Assert.java:88)
    at org.junit.Assert.failNotEquals(Assert.java:743)
    at org.junit.Assert.assertEquals(Assert.java:494)
    at org.apache.commons.math3.linear.RealVectorAbstractTest.doTestOuterProduct(RealVectorAbstractTest.java:928)
    at org.apache.commons.math3.linear.RealVectorAbstractTest.testOuterProductSameType(RealVectorAbstractTest.java:935)
    at sun.reflect.NativeMethodAccessorImpl.invoke0(Native Method)
java.lang.AssertionError: Inverse, entry #4 expected:<-Infinity> but was:<Infinity>
    at org.junit.Assert.fail(Assert.java:88)
    at org.junit.Assert.failNotEquals(Assert.java:743)
    at org.junit.Assert.assertEquals(Assert.java:494)
    at org.apache.commons.math3.TestUtils.assertEquals(TestUtils.java:260)
    at org.apache.commons.math3.linear.RealVectorAbstractTest.doTestMapFunction(RealVectorAbstractTest.java:876)
    at org.apache.commons.math3.linear.RealVectorAbstractTest.testMapToSelf(RealVectorAbstractTest.java:901)
19:27:48.541 [pool-32-thread-1] INFO  xxl.java.junit.TestCasesListener - Tests run finished (386 ms)
<> Total tests run: 362
<> Ignored tests: 60
<> Failed tests: 12
~ testOuterProductMixedTypes(org.apache.commons.math3.linear.RealVectorTest)
[NaN * 0.0 expected:<NaN> but was:<0.0>]
java.lang.AssertionError: NaN * 0.0 expected:<NaN> but was:<0.0>    at org.junit.Assert.fail(Assert.java:88)
    at org.junit.Assert.failNotEquals(Assert.java:743)
    at org.junit.Assert.assertEquals(Assert.java:494)
    at org.apache.commons.math3.linear.RealVectorAbstractTest.doTestOuterProduct(RealVectorAbstractTest.java:928)
    at org.apache.commons.math3.linear.RealVectorAbstractTest.testOuterProductMixedTypes(RealVectorAbstractTest.java:940)
    at sun.reflect.NativeMethodAccessorImpl.invoke0(Native Method)
~ testOuterProductSameType(org.apache.commons.math3.linear.RealVectorTest)
[NaN * 0.0 expected:<NaN> but was:<0.0>]
java.lang.AssertionError: NaN * 0.0 expected:<NaN> but was:<0.0>    at org.junit.Assert.fail(Assert.java:88)
    at org.junit.Assert.failNotEquals(Assert.java:743)
    at org.junit.Assert.assertEquals(Assert.java:494)
    at org.apache.commons.math3.linear.RealVectorAbstractTest.doTestOuterProduct(RealVectorAbstractTest.java:928)
    at org.apache.commons.math3.linear.RealVectorAbstractTest.testOuterProductSameType(RealVectorAbstractTest.java:935)
    at sun.reflect.NativeMethodAccessorImpl.invoke0(Native Method)
~ testOuterProductMixedTypes(org.apache.commons.math3.linear.RealVectorTest)
[NaN * 0.0 expected:<NaN> but was:<0.0>]
java.lang.AssertionError: NaN * 0.0 expected:<NaN> but was:<0.0>    at org.junit.Assert.fail(Assert.java:88)
    at org.junit.Assert.failNotEquals(Assert.java:743)
    at org.junit.Assert.assertEquals(Assert.java:494)
    at org.apache.commons.math3.linear.RealVectorAbstractTest.doTestOuterProduct(RealVectorAbstractTest.java:928)
    at org.apache.commons.math3.linear.RealVectorAbstractTest.testOuterProductMixedTypes(RealVectorAbstractTest.java:940)
    at sun.reflect.NativeMethodAccessorImpl.invoke0(Native Method)
~ testOuterProductSameType(org.apache.commons.math3.linear.RealVectorTest)
[NaN * 0.0 expected:<NaN> but was:<0.0>]
java.lang.AssertionError: NaN * 0.0 expected:<NaN> but was:<0.0>    at org.junit.Assert.fail(Assert.java:88)
    at org.junit.Assert.failNotEquals(Assert.java:743)
    at org.junit.Assert.assertEquals(Assert.java:494)
    at org.apache.commons.math3.linear.RealVectorAbstractTest.doTestOuterProduct(RealVectorAbstractTest.java:928)
    at org.apache.commons.math3.linear.RealVectorAbstractTest.testOuterProductSameType(RealVectorAbstractTest.java:935)
    at sun.reflect.NativeMethodAccessorImpl.invoke0(Native Method)
~ testOuterProductMixedTypes(org.apache.commons.math3.linear.SparseRealVectorTest)
[NaN * 0.0 expected:<NaN> but was:<0.0>]
java.lang.AssertionError: NaN * 0.0 expected:<NaN> but was:<0.0>    at org.junit.Assert.fail(Assert.java:88)
    at org.junit.Assert.failNotEquals(Assert.java:743)
    at org.junit.Assert.assertEquals(Assert.java:494)
    at org.apache.commons.math3.linear.RealVectorAbstractTest.doTestOuterProduct(RealVectorAbstractTest.java:928)
    at org.apache.commons.math3.linear.RealVectorAbstractTest.testOuterProductMixedTypes(RealVectorAbstractTest.java:940)
    at sun.reflect.NativeMethodAccessorImpl.invoke0(Native Method)
~ testMap(org.apache.commons.math3.linear.SparseRealVectorTest)
[Inverse, entry #4 expected:<-Infinity> but was:<Infinity>]
java.lang.AssertionError: Inverse, entry #4 expected:<-Infinity> but was:<Infinity>    at org.junit.Assert.fail(Assert.java:88)
    at org.junit.Assert.failNotEquals(Assert.java:743)
    at org.junit.Assert.assertEquals(Assert.java:494)
    at org.apache.commons.math3.TestUtils.assertEquals(TestUtils.java:260)
    at org.apache.commons.math3.linear.RealVectorAbstractTest.doTestMapFunction(RealVectorAbstractTest.java:876)
    at org.apache.commons.math3.linear.RealVectorAbstractTest.testMap(RealVectorAbstractTest.java:893)
~ testOuterProductSameType(org.apache.commons.math3.linear.SparseRealVectorTest)
[NaN * 0.0 expected:<NaN> but was:<0.0>]
java.lang.AssertionError: NaN * 0.0 expected:<NaN> but was:<0.0>    at org.junit.Assert.fail(Assert.java:88)
    at org.junit.Assert.failNotEquals(Assert.java:743)
    at org.junit.Assert.assertEquals(Assert.java:494)
    at org.apache.commons.math3.linear.RealVectorAbstractTest.doTestOuterProduct(RealVectorAbstractTest.java:928)
    at org.apache.commons.math3.linear.RealVectorAbstractTest.testOuterProductSameType(RealVectorAbstractTest.java:935)
    at sun.reflect.NativeMethodAccessorImpl.invoke0(Native Method)
~ testMapToSelf(org.apache.commons.math3.linear.SparseRealVectorTest)
[Inverse, entry #4 expected:<-Infinity> but was:<Infinity>]
java.lang.AssertionError: Inverse, entry #4 expected:<-Infinity> but was:<Infinity>    at org.junit.Assert.fail(Assert.java:88)
    at org.junit.Assert.failNotEquals(Assert.java:743)
    at org.junit.Assert.assertEquals(Assert.java:494)
    at org.apache.commons.math3.TestUtils.assertEquals(TestUtils.java:260)
    at org.apache.commons.math3.linear.RealVectorAbstractTest.doTestMapFunction(RealVectorAbstractTest.java:876)
    at org.apache.commons.math3.linear.RealVectorAbstractTest.testMapToSelf(RealVectorAbstractTest.java:901)
~ testOuterProductMixedTypes(org.apache.commons.math3.linear.SparseRealVectorTest)
[NaN * 0.0 expected:<NaN> but was:<0.0>]
java.lang.AssertionError: NaN * 0.0 expected:<NaN> but was:<0.0>    at org.junit.Assert.fail(Assert.java:88)
    at org.junit.Assert.failNotEquals(Assert.java:743)
    at org.junit.Assert.assertEquals(Assert.java:494)
    at org.apache.commons.math3.linear.RealVectorAbstractTest.doTestOuterProduct(RealVectorAbstractTest.java:928)
    at org.apache.commons.math3.linear.RealVectorAbstractTest.testOuterProductMixedTypes(RealVectorAbstractTest.java:940)
    at sun.reflect.NativeMethodAccessorImpl.invoke0(Native Method)
~ testMap(org.apache.commons.math3.linear.SparseRealVectorTest)
[Inverse, entry #4 expected:<-Infinity> but was:<Infinity>]
java.lang.AssertionError: Inverse, entry #4 expected:<-Infinity> but was:<Infinity>    at org.junit.Assert.fail(Assert.java:88)
    at org.junit.Assert.failNotEquals(Assert.java:743)
    at org.junit.Assert.assertEquals(Assert.java:494)
    at org.apache.commons.math3.TestUtils.assertEquals(TestUtils.java:260)
    at org.apache.commons.math3.linear.RealVectorAbstractTest.doTestMapFunction(RealVectorAbstractTest.java:876)
    at org.apache.commons.math3.linear.RealVectorAbstractTest.testMap(RealVectorAbstractTest.java:893)
~ testOuterProductSameType(org.apache.commons.math3.linear.SparseRealVectorTest)
[NaN * 0.0 expected:<NaN> but was:<0.0>]
java.lang.AssertionError: NaN * 0.0 expected:<NaN> but was:<0.0>    at org.junit.Assert.fail(Assert.java:88)
    at org.junit.Assert.failNotEquals(Assert.java:743)
    at org.junit.Assert.assertEquals(Assert.java:494)
    at org.apache.commons.math3.linear.RealVectorAbstractTest.doTestOuterProduct(RealVectorAbstractTest.java:928)
    at org.apache.commons.math3.linear.RealVectorAbstractTest.testOuterProductSameType(RealVectorAbstractTest.java:935)
    at sun.reflect.NativeMethodAccessorImpl.invoke0(Native Method)
~ testMapToSelf(org.apache.commons.math3.linear.SparseRealVectorTest)
[Inverse, entry #4 expected:<-Infinity> but was:<Infinity>]
java.lang.AssertionError: Inverse, entry #4 expected:<-Infinity> but was:<Infinity>    at org.junit.Assert.fail(Assert.java:88)
    at org.junit.Assert.failNotEquals(Assert.java:743)
    at org.junit.Assert.assertEquals(Assert.java:494)
    at org.apache.commons.math3.TestUtils.assertEquals(TestUtils.java:260)
    at org.apache.commons.math3.linear.RealVectorAbstractTest.doTestMapFunction(RealVectorAbstractTest.java:876)
    at org.apache.commons.math3.linear.RealVectorAbstractTest.testMapToSelf(RealVectorAbstractTest.java:901)

19:27:49.550 [pool-2-thread-1] DEBUG fr.inria.lille.repair.nopol.NoPol - statement #11
19:27:49.550 [pool-2-thread-1] DEBUG fr.inria.lille.repair.nopol.NoPol - Analysing SourceLocation org.apache.commons.math3.linear.RealVector:653 which is executed by 5 tests
74962082
19:27:49.679 [pool-2-thread-1] DEBUG fr.inria.lille.repair.nopol.NoPol - statement #12
19:27:49.679 [pool-2-thread-1] DEBUG fr.inria.lille.repair.nopol.NoPol - Analysing SourceLocation org.apache.commons.math3.linear.RealVector:646 which is executed by 5 tests
74962082
19:27:49.795 [pool-2-thread-1] DEBUG fr.inria.lille.repair.nopol.NoPol - looking with class fr.inria.lille.repair.nopol.spoon.smt.ConditionalAdder
java.lang.AssertionError: NaN * 0.0 expected:<NaN> but was:<0.0>
    at org.junit.Assert.fail(Assert.java:88)
    at org.junit.Assert.failNotEquals(Assert.java:743)
    at org.junit.Assert.assertEquals(Assert.java:494)
    at org.apache.commons.math3.linear.RealVectorAbstractTest.doTestOuterProduct(RealVectorAbstractTest.java:928)
    at org.apache.commons.math3.linear.RealVectorAbstractTest.testOuterProductMixedTypes(RealVectorAbstractTest.java:940)
    at sun.reflect.NativeMethodAccessorImpl.invoke0(Native Method)
java.lang.AssertionError: NaN * 0.0 expected:<NaN> but was:<0.0>
    at org.junit.Assert.fail(Assert.java:88)
    at org.junit.Assert.failNotEquals(Assert.java:743)
    at org.junit.Assert.assertEquals(Assert.java:494)
    at org.apache.commons.math3.linear.RealVectorAbstractTest.doTestOuterProduct(RealVectorAbstractTest.java:928)
    at org.apache.commons.math3.linear.RealVectorAbstractTest.testOuterProductSameType(RealVectorAbstractTest.java:935)
    at sun.reflect.NativeMethodAccessorImpl.invoke0(Native Method)
java.lang.AssertionError: NaN * 0.0 expected:<NaN> but was:<0.0>
    at org.junit.Assert.fail(Assert.java:88)
    at org.junit.Assert.failNotEquals(Assert.java:743)
    at org.junit.Assert.assertEquals(Assert.java:494)
    at org.apache.commons.math3.linear.RealVectorAbstractTest.doTestOuterProduct(RealVectorAbstractTest.java:928)
    at org.apache.commons.math3.linear.RealVectorAbstractTest.testOuterProductMixedTypes(RealVectorAbstractTest.java:940)
    at sun.reflect.NativeMethodAccessorImpl.invoke0(Native Method)
java.lang.AssertionError: NaN * 0.0 expected:<NaN> but was:<0.0>
    at org.junit.Assert.fail(Assert.java:88)
    at org.junit.Assert.failNotEquals(Assert.java:743)
    at org.junit.Assert.assertEquals(Assert.java:494)
    at org.apache.commons.math3.linear.RealVectorAbstractTest.doTestOuterProduct(RealVectorAbstractTest.java:928)
    at org.apache.commons.math3.linear.RealVectorAbstractTest.testOuterProductSameType(RealVectorAbstractTest.java:935)
    at sun.reflect.NativeMethodAccessorImpl.invoke0(Native Method)
java.lang.AssertionError: NaN * 0.0 expected:<NaN> but was:<0.0>
    at org.junit.Assert.fail(Assert.java:88)
    at org.junit.Assert.failNotEquals(Assert.java:743)
    at org.junit.Assert.assertEquals(Assert.java:494)
    at org.apache.commons.math3.linear.RealVectorAbstractTest.doTestOuterProduct(RealVectorAbstractTest.java:928)
    at org.apache.commons.math3.linear.RealVectorAbstractTest.testOuterProductMixedTypes(RealVectorAbstractTest.java:940)
    at sun.reflect.NativeMethodAccessorImpl.invoke0(Native Method)
java.lang.AssertionError: Inverse, entry #4 expected:<-Infinity> but was:<Infinity>
    at org.junit.Assert.fail(Assert.java:88)
    at org.junit.Assert.failNotEquals(Assert.java:743)
    at org.junit.Assert.assertEquals(Assert.java:494)
    at org.apache.commons.math3.TestUtils.assertEquals(TestUtils.java:260)
    at org.apache.commons.math3.linear.RealVectorAbstractTest.doTestMapFunction(RealVectorAbstractTest.java:876)
    at org.apache.commons.math3.linear.RealVectorAbstractTest.testMap(RealVectorAbstractTest.java:893)
java.lang.AssertionError: NaN * 0.0 expected:<NaN> but was:<0.0>
    at org.junit.Assert.fail(Assert.java:88)
    at org.junit.Assert.failNotEquals(Assert.java:743)
    at org.junit.Assert.assertEquals(Assert.java:494)
    at org.apache.commons.math3.linear.RealVectorAbstractTest.doTestOuterProduct(RealVectorAbstractTest.java:928)
    at org.apache.commons.math3.linear.RealVectorAbstractTest.testOuterProductSameType(RealVectorAbstractTest.java:935)
    at sun.reflect.NativeMethodAccessorImpl.invoke0(Native Method)
java.lang.AssertionError: Inverse, entry #4 expected:<-Infinity> but was:<Infinity>
    at org.junit.Assert.fail(Assert.java:88)
    at org.junit.Assert.failNotEquals(Assert.java:743)
    at org.junit.Assert.assertEquals(Assert.java:494)
    at org.apache.commons.math3.TestUtils.assertEquals(TestUtils.java:260)
    at org.apache.commons.math3.linear.RealVectorAbstractTest.doTestMapFunction(RealVectorAbstractTest.java:876)
    at org.apache.commons.math3.linear.RealVectorAbstractTest.testMapToSelf(RealVectorAbstractTest.java:901)
java.lang.AssertionError: NaN * 0.0 expected:<NaN> but was:<0.0>
    at org.junit.Assert.fail(Assert.java:88)
    at org.junit.Assert.failNotEquals(Assert.java:743)
    at org.junit.Assert.assertEquals(Assert.java:494)
    at org.apache.commons.math3.linear.RealVectorAbstractTest.doTestOuterProduct(RealVectorAbstractTest.java:928)
    at org.apache.commons.math3.linear.RealVectorAbstractTest.testOuterProductMixedTypes(RealVectorAbstractTest.java:940)
    at sun.reflect.NativeMethodAccessorImpl.invoke0(Native Method)
java.lang.AssertionError: Inverse, entry #4 expected:<-Infinity> but was:<Infinity>
    at org.junit.Assert.fail(Assert.java:88)
    at org.junit.Assert.failNotEquals(Assert.java:743)
    at org.junit.Assert.assertEquals(Assert.java:494)
    at org.apache.commons.math3.TestUtils.assertEquals(TestUtils.java:260)
    at org.apache.commons.math3.linear.RealVectorAbstractTest.doTestMapFunction(RealVectorAbstractTest.java:876)
    at org.apache.commons.math3.linear.RealVectorAbstractTest.testMap(RealVectorAbstractTest.java:893)
java.lang.AssertionError: NaN * 0.0 expected:<NaN> but was:<0.0>
    at org.junit.Assert.fail(Assert.java:88)
    at org.junit.Assert.failNotEquals(Assert.java:743)
    at org.junit.Assert.assertEquals(Assert.java:494)
    at org.apache.commons.math3.linear.RealVectorAbstractTest.doTestOuterProduct(RealVectorAbstractTest.java:928)
    at org.apache.commons.math3.linear.RealVectorAbstractTest.testOuterProductSameType(RealVectorAbstractTest.java:935)
    at sun.reflect.NativeMethodAccessorImpl.invoke0(Native Method)
java.lang.AssertionError: Inverse, entry #4 expected:<-Infinity> but was:<Infinity>
    at org.junit.Assert.fail(Assert.java:88)
    at org.junit.Assert.failNotEquals(Assert.java:743)
    at org.junit.Assert.assertEquals(Assert.java:494)
    at org.apache.commons.math3.TestUtils.assertEquals(TestUtils.java:260)
    at org.apache.commons.math3.linear.RealVectorAbstractTest.doTestMapFunction(RealVectorAbstractTest.java:876)
    at org.apache.commons.math3.linear.RealVectorAbstractTest.testMapToSelf(RealVectorAbstractTest.java:901)
19:27:50.187 [pool-46-thread-1] INFO  xxl.java.junit.TestCasesListener - Tests run finished (377 ms)
<> Total tests run: 362
<> Ignored tests: 60
<> Failed tests: 12
~ testOuterProductMixedTypes(org.apache.commons.math3.linear.RealVectorTest)
[NaN * 0.0 expected:<NaN> but was:<0.0>]
java.lang.AssertionError: NaN * 0.0 expected:<NaN> but was:<0.0>    at org.junit.Assert.fail(Assert.java:88)
    at org.junit.Assert.failNotEquals(Assert.java:743)
    at org.junit.Assert.assertEquals(Assert.java:494)
    at org.apache.commons.math3.linear.RealVectorAbstractTest.doTestOuterProduct(RealVectorAbstractTest.java:928)
    at org.apache.commons.math3.linear.RealVectorAbstractTest.testOuterProductMixedTypes(RealVectorAbstractTest.java:940)
    at sun.reflect.NativeMethodAccessorImpl.invoke0(Native Method)
~ testOuterProductSameType(org.apache.commons.math3.linear.RealVectorTest)
[NaN * 0.0 expected:<NaN> but was:<0.0>]
java.lang.AssertionError: NaN * 0.0 expected:<NaN> but was:<0.0>    at org.junit.Assert.fail(Assert.java:88)
    at org.junit.Assert.failNotEquals(Assert.java:743)
    at org.junit.Assert.assertEquals(Assert.java:494)
    at org.apache.commons.math3.linear.RealVectorAbstractTest.doTestOuterProduct(RealVectorAbstractTest.java:928)
    at org.apache.commons.math3.linear.RealVectorAbstractTest.testOuterProductSameType(RealVectorAbstractTest.java:935)
    at sun.reflect.NativeMethodAccessorImpl.invoke0(Native Method)
~ testOuterProductMixedTypes(org.apache.commons.math3.linear.RealVectorTest)
[NaN * 0.0 expected:<NaN> but was:<0.0>]
java.lang.AssertionError: NaN * 0.0 expected:<NaN> but was:<0.0>    at org.junit.Assert.fail(Assert.java:88)
    at org.junit.Assert.failNotEquals(Assert.java:743)
    at org.junit.Assert.assertEquals(Assert.java:494)
    at org.apache.commons.math3.linear.RealVectorAbstractTest.doTestOuterProduct(RealVectorAbstractTest.java:928)
    at org.apache.commons.math3.linear.RealVectorAbstractTest.testOuterProductMixedTypes(RealVectorAbstractTest.java:940)
    at sun.reflect.NativeMethodAccessorImpl.invoke0(Native Method)
~ testOuterProductSameType(org.apache.commons.math3.linear.RealVectorTest)
[NaN * 0.0 expected:<NaN> but was:<0.0>]
java.lang.AssertionError: NaN * 0.0 expected:<NaN> but was:<0.0>    at org.junit.Assert.fail(Assert.java:88)
    at org.junit.Assert.failNotEquals(Assert.java:743)
    at org.junit.Assert.assertEquals(Assert.java:494)
    at org.apache.commons.math3.linear.RealVectorAbstractTest.doTestOuterProduct(RealVectorAbstractTest.java:928)
    at org.apache.commons.math3.linear.RealVectorAbstractTest.testOuterProductSameType(RealVectorAbstractTest.java:935)
    at sun.reflect.NativeMethodAccessorImpl.invoke0(Native Method)
~ testOuterProductMixedTypes(org.apache.commons.math3.linear.SparseRealVectorTest)
[NaN * 0.0 expected:<NaN> but was:<0.0>]
java.lang.AssertionError: NaN * 0.0 expected:<NaN> but was:<0.0>    at org.junit.Assert.fail(Assert.java:88)
    at org.junit.Assert.failNotEquals(Assert.java:743)
    at org.junit.Assert.assertEquals(Assert.java:494)
    at org.apache.commons.math3.linear.RealVectorAbstractTest.doTestOuterProduct(RealVectorAbstractTest.java:928)
    at org.apache.commons.math3.linear.RealVectorAbstractTest.testOuterProductMixedTypes(RealVectorAbstractTest.java:940)
    at sun.reflect.NativeMethodAccessorImpl.invoke0(Native Method)
~ testMap(org.apache.commons.math3.linear.SparseRealVectorTest)
[Inverse, entry #4 expected:<-Infinity> but was:<Infinity>]
java.lang.AssertionError: Inverse, entry #4 expected:<-Infinity> but was:<Infinity>    at org.junit.Assert.fail(Assert.java:88)
    at org.junit.Assert.failNotEquals(Assert.java:743)
    at org.junit.Assert.assertEquals(Assert.java:494)
    at org.apache.commons.math3.TestUtils.assertEquals(TestUtils.java:260)
    at org.apache.commons.math3.linear.RealVectorAbstractTest.doTestMapFunction(RealVectorAbstractTest.java:876)
    at org.apache.commons.math3.linear.RealVectorAbstractTest.testMap(RealVectorAbstractTest.java:893)
~ testOuterProductSameType(org.apache.commons.math3.linear.SparseRealVectorTest)
[NaN * 0.0 expected:<NaN> but was:<0.0>]
java.lang.AssertionError: NaN * 0.0 expected:<NaN> but was:<0.0>    at org.junit.Assert.fail(Assert.java:88)
    at org.junit.Assert.failNotEquals(Assert.java:743)
    at org.junit.Assert.assertEquals(Assert.java:494)
    at org.apache.commons.math3.linear.RealVectorAbstractTest.doTestOuterProduct(RealVectorAbstractTest.java:928)
    at org.apache.commons.math3.linear.RealVectorAbstractTest.testOuterProductSameType(RealVectorAbstractTest.java:935)
    at sun.reflect.NativeMethodAccessorImpl.invoke0(Native Method)
~ testMapToSelf(org.apache.commons.math3.linear.SparseRealVectorTest)
[Inverse, entry #4 expected:<-Infinity> but was:<Infinity>]
java.lang.AssertionError: Inverse, entry #4 expected:<-Infinity> but was:<Infinity>    at org.junit.Assert.fail(Assert.java:88)
    at org.junit.Assert.failNotEquals(Assert.java:743)
    at org.junit.Assert.assertEquals(Assert.java:494)
    at org.apache.commons.math3.TestUtils.assertEquals(TestUtils.java:260)
    at org.apache.commons.math3.linear.RealVectorAbstractTest.doTestMapFunction(RealVectorAbstractTest.java:876)
    at org.apache.commons.math3.linear.RealVectorAbstractTest.testMapToSelf(RealVectorAbstractTest.java:901)
~ testOuterProductMixedTypes(org.apache.commons.math3.linear.SparseRealVectorTest)
[NaN * 0.0 expected:<NaN> but was:<0.0>]
java.lang.AssertionError: NaN * 0.0 expected:<NaN> but was:<0.0>    at org.junit.Assert.fail(Assert.java:88)
    at org.junit.Assert.failNotEquals(Assert.java:743)
    at org.junit.Assert.assertEquals(Assert.java:494)
    at org.apache.commons.math3.linear.RealVectorAbstractTest.doTestOuterProduct(RealVectorAbstractTest.java:928)
    at org.apache.commons.math3.linear.RealVectorAbstractTest.testOuterProductMixedTypes(RealVectorAbstractTest.java:940)
    at sun.reflect.NativeMethodAccessorImpl.invoke0(Native Method)
~ testMap(org.apache.commons.math3.linear.SparseRealVectorTest)
[Inverse, entry #4 expected:<-Infinity> but was:<Infinity>]
java.lang.AssertionError: Inverse, entry #4 expected:<-Infinity> but was:<Infinity>    at org.junit.Assert.fail(Assert.java:88)
    at org.junit.Assert.failNotEquals(Assert.java:743)
    at org.junit.Assert.assertEquals(Assert.java:494)
    at org.apache.commons.math3.TestUtils.assertEquals(TestUtils.java:260)
    at org.apache.commons.math3.linear.RealVectorAbstractTest.doTestMapFunction(RealVectorAbstractTest.java:876)
    at org.apache.commons.math3.linear.RealVectorAbstractTest.testMap(RealVectorAbstractTest.java:893)
~ testOuterProductSameType(org.apache.commons.math3.linear.SparseRealVectorTest)
[NaN * 0.0 expected:<NaN> but was:<0.0>]
java.lang.AssertionError: NaN * 0.0 expected:<NaN> but was:<0.0>    at org.junit.Assert.fail(Assert.java:88)
    at org.junit.Assert.failNotEquals(Assert.java:743)
    at org.junit.Assert.assertEquals(Assert.java:494)
    at org.apache.commons.math3.linear.RealVectorAbstractTest.doTestOuterProduct(RealVectorAbstractTest.java:928)
    at org.apache.commons.math3.linear.RealVectorAbstractTest.testOuterProductSameType(RealVectorAbstractTest.java:935)
    at sun.reflect.NativeMethodAccessorImpl.invoke0(Native Method)
~ testMapToSelf(org.apache.commons.math3.linear.SparseRealVectorTest)
[Inverse, entry #4 expected:<-Infinity> but was:<Infinity>]
java.lang.AssertionError: Inverse, entry #4 expected:<-Infinity> but was:<Infinity>    at org.junit.Assert.fail(Assert.java:88)
    at org.junit.Assert.failNotEquals(Assert.java:743)
    at org.junit.Assert.assertEquals(Assert.java:494)
    at org.apache.commons.math3.TestUtils.assertEquals(TestUtils.java:260)
    at org.apache.commons.math3.linear.RealVectorAbstractTest.doTestMapFunction(RealVectorAbstractTest.java:876)
    at org.apache.commons.math3.linear.RealVectorAbstractTest.testMapToSelf(RealVectorAbstractTest.java:901)

19:27:51.008 [pool-45-thread-1] ERROR x.java.compiler.DynamicClassCompiler - [Compilation errors]
RealVector.java:263: error: variable product might not have been initialized
                product.setEntry(thisE.getIndex(), otherE.getIndex(), ((thisE.getValue()) * (otherE.getValue())));
                ^
RealVector.java:266: error: variable product might not have been initialized
        return product;
               ^
xxl.java.compiler.DynamicCompilationException: Aborting: dynamic compilation failed
	at xxl.java.compiler.DynamicClassCompiler.runCompilationTask(DynamicClassCompiler.java:99)
	at xxl.java.compiler.DynamicClassCompiler.javaBytecodeFor(DynamicClassCompiler.java:67)
	at fr.inria.lille.commons.spoon.SpoonedFile.compilationFor(SpoonedFile.java:203)
	at fr.inria.lille.commons.spoon.SpoonedFile.compileModelledClasses(SpoonedFile.java:177)
	at fr.inria.lille.commons.spoon.SpoonedFile.dumpedToClassLoader(SpoonedFile.java:130)
	at fr.inria.lille.commons.spoon.SpoonedFile.processedAndDumpedToClassLoader(SpoonedFile.java:140)
	at fr.inria.lille.commons.spoon.SpoonedFile.processedAndDumpedToClassLoader(SpoonedFile.java:135)
	at fr.inria.lille.repair.nopol.synth.dynamoth.DynamothSynthesizer.findAngelicValuesAndBuildPatch(DynamothSynthesizer.java:69)
	at fr.inria.lille.repair.nopol.NoPol.runNopolProcessor(NoPol.java:295)
	at fr.inria.lille.repair.nopol.NoPol.access$000(NoPol.java:81)
	at fr.inria.lille.repair.nopol.NoPol$1.call(NoPol.java:260)
	at java.util.concurrent.FutureTask.run(FutureTask.java:266)
	at java.util.concurrent.ThreadPoolExecutor.runWorker(ThreadPoolExecutor.java:1149)
	at java.util.concurrent.ThreadPoolExecutor$Worker.run(ThreadPoolExecutor.java:624)
	at java.lang.Thread.run(Thread.java:748)
19:27:51.010 [pool-2-thread-1] DEBUG fr.inria.lille.repair.nopol.NoPol - looking with class fr.inria.lille.repair.nopol.spoon.smt.ConditionalReplacer
java.lang.AssertionError: NaN * 0.0 expected:<NaN> but was:<0.0>
    at org.junit.Assert.fail(Assert.java:88)
    at org.junit.Assert.failNotEquals(Assert.java:743)
    at org.junit.Assert.assertEquals(Assert.java:494)
    at org.apache.commons.math3.linear.RealVectorAbstractTest.doTestOuterProduct(RealVectorAbstractTest.java:928)
    at org.apache.commons.math3.linear.RealVectorAbstractTest.testOuterProductMixedTypes(RealVectorAbstractTest.java:940)
    at sun.reflect.NativeMethodAccessorImpl.invoke0(Native Method)
java.lang.AssertionError: NaN * 0.0 expected:<NaN> but was:<0.0>
    at org.junit.Assert.fail(Assert.java:88)
    at org.junit.Assert.failNotEquals(Assert.java:743)
    at org.junit.Assert.assertEquals(Assert.java:494)
    at org.apache.commons.math3.linear.RealVectorAbstractTest.doTestOuterProduct(RealVectorAbstractTest.java:928)
    at org.apache.commons.math3.linear.RealVectorAbstractTest.testOuterProductSameType(RealVectorAbstractTest.java:935)
    at sun.reflect.NativeMethodAccessorImpl.invoke0(Native Method)
java.lang.AssertionError: NaN * 0.0 expected:<NaN> but was:<0.0>
    at org.junit.Assert.fail(Assert.java:88)
    at org.junit.Assert.failNotEquals(Assert.java:743)
    at org.junit.Assert.assertEquals(Assert.java:494)
    at org.apache.commons.math3.linear.RealVectorAbstractTest.doTestOuterProduct(RealVectorAbstractTest.java:928)
    at org.apache.commons.math3.linear.RealVectorAbstractTest.testOuterProductMixedTypes(RealVectorAbstractTest.java:940)
    at sun.reflect.NativeMethodAccessorImpl.invoke0(Native Method)
java.lang.AssertionError: NaN * 0.0 expected:<NaN> but was:<0.0>
    at org.junit.Assert.fail(Assert.java:88)
    at org.junit.Assert.failNotEquals(Assert.java:743)
    at org.junit.Assert.assertEquals(Assert.java:494)
    at org.apache.commons.math3.linear.RealVectorAbstractTest.doTestOuterProduct(RealVectorAbstractTest.java:928)
    at org.apache.commons.math3.linear.RealVectorAbstractTest.testOuterProductSameType(RealVectorAbstractTest.java:935)
    at sun.reflect.NativeMethodAccessorImpl.invoke0(Native Method)
java.lang.AssertionError: NaN * 0.0 expected:<NaN> but was:<0.0>
    at org.junit.Assert.fail(Assert.java:88)
    at org.junit.Assert.failNotEquals(Assert.java:743)
    at org.junit.Assert.assertEquals(Assert.java:494)
    at org.apache.commons.math3.linear.RealVectorAbstractTest.doTestOuterProduct(RealVectorAbstractTest.java:928)
    at org.apache.commons.math3.linear.RealVectorAbstractTest.testOuterProductMixedTypes(RealVectorAbstractTest.java:940)
    at sun.reflect.NativeMethodAccessorImpl.invoke0(Native Method)
java.lang.AssertionError: Inverse, entry #4 expected:<-Infinity> but was:<Infinity>
    at org.junit.Assert.fail(Assert.java:88)
    at org.junit.Assert.failNotEquals(Assert.java:743)
    at org.junit.Assert.assertEquals(Assert.java:494)
    at org.apache.commons.math3.TestUtils.assertEquals(TestUtils.java:260)
    at org.apache.commons.math3.linear.RealVectorAbstractTest.doTestMapFunction(RealVectorAbstractTest.java:876)
    at org.apache.commons.math3.linear.RealVectorAbstractTest.testMap(RealVectorAbstractTest.java:893)
java.lang.AssertionError: NaN * 0.0 expected:<NaN> but was:<0.0>
    at org.junit.Assert.fail(Assert.java:88)
    at org.junit.Assert.failNotEquals(Assert.java:743)
    at org.junit.Assert.assertEquals(Assert.java:494)
    at org.apache.commons.math3.linear.RealVectorAbstractTest.doTestOuterProduct(RealVectorAbstractTest.java:928)
    at org.apache.commons.math3.linear.RealVectorAbstractTest.testOuterProductSameType(RealVectorAbstractTest.java:935)
    at sun.reflect.NativeMethodAccessorImpl.invoke0(Native Method)
java.lang.AssertionError: Inverse, entry #4 expected:<-Infinity> but was:<Infinity>
    at org.junit.Assert.fail(Assert.java:88)
    at org.junit.Assert.failNotEquals(Assert.java:743)
    at org.junit.Assert.assertEquals(Assert.java:494)
    at org.apache.commons.math3.TestUtils.assertEquals(TestUtils.java:260)
    at org.apache.commons.math3.linear.RealVectorAbstractTest.doTestMapFunction(RealVectorAbstractTest.java:876)
    at org.apache.commons.math3.linear.RealVectorAbstractTest.testMapToSelf(RealVectorAbstractTest.java:901)
java.lang.AssertionError: NaN * 0.0 expected:<NaN> but was:<0.0>
    at org.junit.Assert.fail(Assert.java:88)
    at org.junit.Assert.failNotEquals(Assert.java:743)
    at org.junit.Assert.assertEquals(Assert.java:494)
    at org.apache.commons.math3.linear.RealVectorAbstractTest.doTestOuterProduct(RealVectorAbstractTest.java:928)
    at org.apache.commons.math3.linear.RealVectorAbstractTest.testOuterProductMixedTypes(RealVectorAbstractTest.java:940)
    at sun.reflect.NativeMethodAccessorImpl.invoke0(Native Method)
java.lang.AssertionError: Inverse, entry #4 expected:<-Infinity> but was:<Infinity>
    at org.junit.Assert.fail(Assert.java:88)
    at org.junit.Assert.failNotEquals(Assert.java:743)
    at org.junit.Assert.assertEquals(Assert.java:494)
    at org.apache.commons.math3.TestUtils.assertEquals(TestUtils.java:260)
    at org.apache.commons.math3.linear.RealVectorAbstractTest.doTestMapFunction(RealVectorAbstractTest.java:876)
    at org.apache.commons.math3.linear.RealVectorAbstractTest.testMap(RealVectorAbstractTest.java:893)
java.lang.AssertionError: NaN * 0.0 expected:<NaN> but was:<0.0>
    at org.junit.Assert.fail(Assert.java:88)
    at org.junit.Assert.failNotEquals(Assert.java:743)
    at org.junit.Assert.assertEquals(Assert.java:494)
    at org.apache.commons.math3.linear.RealVectorAbstractTest.doTestOuterProduct(RealVectorAbstractTest.java:928)
    at org.apache.commons.math3.linear.RealVectorAbstractTest.testOuterProductSameType(RealVectorAbstractTest.java:935)
    at sun.reflect.NativeMethodAccessorImpl.invoke0(Native Method)
java.lang.AssertionError: Inverse, entry #4 expected:<-Infinity> but was:<Infinity>
    at org.junit.Assert.fail(Assert.java:88)
    at org.junit.Assert.failNotEquals(Assert.java:743)
    at org.junit.Assert.assertEquals(Assert.java:494)
    at org.apache.commons.math3.TestUtils.assertEquals(TestUtils.java:260)
    at org.apache.commons.math3.linear.RealVectorAbstractTest.doTestMapFunction(RealVectorAbstractTest.java:876)
    at org.apache.commons.math3.linear.RealVectorAbstractTest.testMapToSelf(RealVectorAbstractTest.java:901)
19:27:51.440 [pool-48-thread-1] INFO  xxl.java.junit.TestCasesListener - Tests run finished (414 ms)
<> Total tests run: 362
<> Ignored tests: 60
<> Failed tests: 12
~ testOuterProductMixedTypes(org.apache.commons.math3.linear.RealVectorTest)
[NaN * 0.0 expected:<NaN> but was:<0.0>]
java.lang.AssertionError: NaN * 0.0 expected:<NaN> but was:<0.0>    at org.junit.Assert.fail(Assert.java:88)
    at org.junit.Assert.failNotEquals(Assert.java:743)
    at org.junit.Assert.assertEquals(Assert.java:494)
    at org.apache.commons.math3.linear.RealVectorAbstractTest.doTestOuterProduct(RealVectorAbstractTest.java:928)
    at org.apache.commons.math3.linear.RealVectorAbstractTest.testOuterProductMixedTypes(RealVectorAbstractTest.java:940)
    at sun.reflect.NativeMethodAccessorImpl.invoke0(Native Method)
~ testOuterProductSameType(org.apache.commons.math3.linear.RealVectorTest)
[NaN * 0.0 expected:<NaN> but was:<0.0>]
java.lang.AssertionError: NaN * 0.0 expected:<NaN> but was:<0.0>    at org.junit.Assert.fail(Assert.java:88)
    at org.junit.Assert.failNotEquals(Assert.java:743)
    at org.junit.Assert.assertEquals(Assert.java:494)
    at org.apache.commons.math3.linear.RealVectorAbstractTest.doTestOuterProduct(RealVectorAbstractTest.java:928)
    at org.apache.commons.math3.linear.RealVectorAbstractTest.testOuterProductSameType(RealVectorAbstractTest.java:935)
    at sun.reflect.NativeMethodAccessorImpl.invoke0(Native Method)
~ testOuterProductMixedTypes(org.apache.commons.math3.linear.RealVectorTest)
[NaN * 0.0 expected:<NaN> but was:<0.0>]
java.lang.AssertionError: NaN * 0.0 expected:<NaN> but was:<0.0>    at org.junit.Assert.fail(Assert.java:88)
    at org.junit.Assert.failNotEquals(Assert.java:743)
    at org.junit.Assert.assertEquals(Assert.java:494)
    at org.apache.commons.math3.linear.RealVectorAbstractTest.doTestOuterProduct(RealVectorAbstractTest.java:928)
    at org.apache.commons.math3.linear.RealVectorAbstractTest.testOuterProductMixedTypes(RealVectorAbstractTest.java:940)
    at sun.reflect.NativeMethodAccessorImpl.invoke0(Native Method)
~ testOuterProductSameType(org.apache.commons.math3.linear.RealVectorTest)
[NaN * 0.0 expected:<NaN> but was:<0.0>]
java.lang.AssertionError: NaN * 0.0 expected:<NaN> but was:<0.0>    at org.junit.Assert.fail(Assert.java:88)
    at org.junit.Assert.failNotEquals(Assert.java:743)
    at org.junit.Assert.assertEquals(Assert.java:494)
    at org.apache.commons.math3.linear.RealVectorAbstractTest.doTestOuterProduct(RealVectorAbstractTest.java:928)
    at org.apache.commons.math3.linear.RealVectorAbstractTest.testOuterProductSameType(RealVectorAbstractTest.java:935)
    at sun.reflect.NativeMethodAccessorImpl.invoke0(Native Method)
~ testOuterProductMixedTypes(org.apache.commons.math3.linear.SparseRealVectorTest)
[NaN * 0.0 expected:<NaN> but was:<0.0>]
java.lang.AssertionError: NaN * 0.0 expected:<NaN> but was:<0.0>    at org.junit.Assert.fail(Assert.java:88)
    at org.junit.Assert.failNotEquals(Assert.java:743)
    at org.junit.Assert.assertEquals(Assert.java:494)
    at org.apache.commons.math3.linear.RealVectorAbstractTest.doTestOuterProduct(RealVectorAbstractTest.java:928)
    at org.apache.commons.math3.linear.RealVectorAbstractTest.testOuterProductMixedTypes(RealVectorAbstractTest.java:940)
    at sun.reflect.NativeMethodAccessorImpl.invoke0(Native Method)
~ testMap(org.apache.commons.math3.linear.SparseRealVectorTest)
[Inverse, entry #4 expected:<-Infinity> but was:<Infinity>]
java.lang.AssertionError: Inverse, entry #4 expected:<-Infinity> but was:<Infinity>    at org.junit.Assert.fail(Assert.java:88)
    at org.junit.Assert.failNotEquals(Assert.java:743)
    at org.junit.Assert.assertEquals(Assert.java:494)
    at org.apache.commons.math3.TestUtils.assertEquals(TestUtils.java:260)
    at org.apache.commons.math3.linear.RealVectorAbstractTest.doTestMapFunction(RealVectorAbstractTest.java:876)
    at org.apache.commons.math3.linear.RealVectorAbstractTest.testMap(RealVectorAbstractTest.java:893)
~ testOuterProductSameType(org.apache.commons.math3.linear.SparseRealVectorTest)
[NaN * 0.0 expected:<NaN> but was:<0.0>]
java.lang.AssertionError: NaN * 0.0 expected:<NaN> but was:<0.0>    at org.junit.Assert.fail(Assert.java:88)
    at org.junit.Assert.failNotEquals(Assert.java:743)
    at org.junit.Assert.assertEquals(Assert.java:494)
    at org.apache.commons.math3.linear.RealVectorAbstractTest.doTestOuterProduct(RealVectorAbstractTest.java:928)
    at org.apache.commons.math3.linear.RealVectorAbstractTest.testOuterProductSameType(RealVectorAbstractTest.java:935)
    at sun.reflect.NativeMethodAccessorImpl.invoke0(Native Method)
~ testMapToSelf(org.apache.commons.math3.linear.SparseRealVectorTest)
[Inverse, entry #4 expected:<-Infinity> but was:<Infinity>]
java.lang.AssertionError: Inverse, entry #4 expected:<-Infinity> but was:<Infinity>    at org.junit.Assert.fail(Assert.java:88)
    at org.junit.Assert.failNotEquals(Assert.java:743)
    at org.junit.Assert.assertEquals(Assert.java:494)
    at org.apache.commons.math3.TestUtils.assertEquals(TestUtils.java:260)
    at org.apache.commons.math3.linear.RealVectorAbstractTest.doTestMapFunction(RealVectorAbstractTest.java:876)
    at org.apache.commons.math3.linear.RealVectorAbstractTest.testMapToSelf(RealVectorAbstractTest.java:901)
~ testOuterProductMixedTypes(org.apache.commons.math3.linear.SparseRealVectorTest)
[NaN * 0.0 expected:<NaN> but was:<0.0>]
java.lang.AssertionError: NaN * 0.0 expected:<NaN> but was:<0.0>    at org.junit.Assert.fail(Assert.java:88)
    at org.junit.Assert.failNotEquals(Assert.java:743)
    at org.junit.Assert.assertEquals(Assert.java:494)
    at org.apache.commons.math3.linear.RealVectorAbstractTest.doTestOuterProduct(RealVectorAbstractTest.java:928)
    at org.apache.commons.math3.linear.RealVectorAbstractTest.testOuterProductMixedTypes(RealVectorAbstractTest.java:940)
    at sun.reflect.NativeMethodAccessorImpl.invoke0(Native Method)
~ testMap(org.apache.commons.math3.linear.SparseRealVectorTest)
[Inverse, entry #4 expected:<-Infinity> but was:<Infinity>]
java.lang.AssertionError: Inverse, entry #4 expected:<-Infinity> but was:<Infinity>    at org.junit.Assert.fail(Assert.java:88)
    at org.junit.Assert.failNotEquals(Assert.java:743)
    at org.junit.Assert.assertEquals(Assert.java:494)
    at org.apache.commons.math3.TestUtils.assertEquals(TestUtils.java:260)
    at org.apache.commons.math3.linear.RealVectorAbstractTest.doTestMapFunction(RealVectorAbstractTest.java:876)
    at org.apache.commons.math3.linear.RealVectorAbstractTest.testMap(RealVectorAbstractTest.java:893)
~ testOuterProductSameType(org.apache.commons.math3.linear.SparseRealVectorTest)
[NaN * 0.0 expected:<NaN> but was:<0.0>]
java.lang.AssertionError: NaN * 0.0 expected:<NaN> but was:<0.0>    at org.junit.Assert.fail(Assert.java:88)
    at org.junit.Assert.failNotEquals(Assert.java:743)
    at org.junit.Assert.assertEquals(Assert.java:494)
    at org.apache.commons.math3.linear.RealVectorAbstractTest.doTestOuterProduct(RealVectorAbstractTest.java:928)
    at org.apache.commons.math3.linear.RealVectorAbstractTest.testOuterProductSameType(RealVectorAbstractTest.java:935)
    at sun.reflect.NativeMethodAccessorImpl.invoke0(Native Method)
~ testMapToSelf(org.apache.commons.math3.linear.SparseRealVectorTest)
[Inverse, entry #4 expected:<-Infinity> but was:<Infinity>]
java.lang.AssertionError: Inverse, entry #4 expected:<-Infinity> but was:<Infinity>    at org.junit.Assert.fail(Assert.java:88)
    at org.junit.Assert.failNotEquals(Assert.java:743)
    at org.junit.Assert.assertEquals(Assert.java:494)
    at org.apache.commons.math3.TestUtils.assertEquals(TestUtils.java:260)
    at org.apache.commons.math3.linear.RealVectorAbstractTest.doTestMapFunction(RealVectorAbstractTest.java:876)
    at org.apache.commons.math3.linear.RealVectorAbstractTest.testMapToSelf(RealVectorAbstractTest.java:901)

19:27:52.274 [pool-2-thread-1] DEBUG fr.inria.lille.repair.nopol.NoPol - statement #13
19:27:52.275 [pool-2-thread-1] DEBUG fr.inria.lille.repair.nopol.NoPol - Analysing SourceLocation org.apache.commons.math3.linear.RealVectorAbstractTest:928 which is executed by 6 tests
19:27:52.275 [pool-2-thread-1] DEBUG fr.inria.lille.repair.nopol.NoPol - cannot spoon SourceLocation org.apache.commons.math3.linear.RealVectorAbstractTest:928
19:27:52.275 [pool-2-thread-1] DEBUG fr.inria.lille.repair.nopol.NoPol - statement #14
19:27:52.275 [pool-2-thread-1] DEBUG fr.inria.lille.repair.nopol.NoPol - Analysing SourceLocation org.apache.commons.math3.linear.RealVectorAbstractTest:927 which is executed by 6 tests
19:27:52.275 [pool-2-thread-1] DEBUG fr.inria.lille.repair.nopol.NoPol - cannot spoon SourceLocation org.apache.commons.math3.linear.RealVectorAbstractTest:927
19:27:52.275 [pool-2-thread-1] DEBUG fr.inria.lille.repair.nopol.NoPol - statement #15
19:27:52.275 [pool-2-thread-1] DEBUG fr.inria.lille.repair.nopol.NoPol - Analysing SourceLocation org.apache.commons.math3.linear.RealVectorAbstractTest:926 which is executed by 6 tests
19:27:52.275 [pool-2-thread-1] DEBUG fr.inria.lille.repair.nopol.NoPol - cannot spoon SourceLocation org.apache.commons.math3.linear.RealVectorAbstractTest:926
19:27:52.275 [pool-2-thread-1] DEBUG fr.inria.lille.repair.nopol.NoPol - statement #16
19:27:52.276 [pool-2-thread-1] DEBUG fr.inria.lille.repair.nopol.NoPol - Analysing SourceLocation org.apache.commons.math3.linear.RealVectorAbstractTest:925 which is executed by 6 tests
19:27:52.276 [pool-2-thread-1] DEBUG fr.inria.lille.repair.nopol.NoPol - cannot spoon SourceLocation org.apache.commons.math3.linear.RealVectorAbstractTest:925
19:27:52.276 [pool-2-thread-1] DEBUG fr.inria.lille.repair.nopol.NoPol - statement #17
19:27:52.276 [pool-2-thread-1] DEBUG fr.inria.lille.repair.nopol.NoPol - Analysing SourceLocation org.apache.commons.math3.linear.RealVectorAbstractTest:924 which is executed by 6 tests
19:27:52.276 [pool-2-thread-1] DEBUG fr.inria.lille.repair.nopol.NoPol - cannot spoon SourceLocation org.apache.commons.math3.linear.RealVectorAbstractTest:924
19:27:52.276 [pool-2-thread-1] DEBUG fr.inria.lille.repair.nopol.NoPol - statement #18
19:27:52.276 [pool-2-thread-1] DEBUG fr.inria.lille.repair.nopol.NoPol - Analysing SourceLocation org.apache.commons.math3.linear.RealVectorAbstractTest:923 which is executed by 6 tests
19:27:52.276 [pool-2-thread-1] DEBUG fr.inria.lille.repair.nopol.NoPol - cannot spoon SourceLocation org.apache.commons.math3.linear.RealVectorAbstractTest:923
19:27:52.276 [pool-2-thread-1] DEBUG fr.inria.lille.repair.nopol.NoPol - statement #19
19:27:52.276 [pool-2-thread-1] DEBUG fr.inria.lille.repair.nopol.NoPol - Analysing SourceLocation org.apache.commons.math3.linear.RealVectorAbstractTest:922 which is executed by 6 tests
19:27:52.276 [pool-2-thread-1] DEBUG fr.inria.lille.repair.nopol.NoPol - cannot spoon SourceLocation org.apache.commons.math3.linear.RealVectorAbstractTest:922
19:27:52.276 [pool-2-thread-1] DEBUG fr.inria.lille.repair.nopol.NoPol - statement #20
19:27:52.277 [pool-2-thread-1] DEBUG fr.inria.lille.repair.nopol.NoPol - Analysing SourceLocation org.apache.commons.math3.linear.RealVectorAbstractTest:921 which is executed by 6 tests
19:27:52.277 [pool-2-thread-1] DEBUG fr.inria.lille.repair.nopol.NoPol - cannot spoon SourceLocation org.apache.commons.math3.linear.RealVectorAbstractTest:921
19:27:52.277 [pool-2-thread-1] DEBUG fr.inria.lille.repair.nopol.NoPol - statement #21
19:27:52.277 [pool-2-thread-1] DEBUG fr.inria.lille.repair.nopol.NoPol - Analysing SourceLocation org.apache.commons.math3.linear.RealVectorAbstractTest:920 which is executed by 6 tests
19:27:52.277 [pool-2-thread-1] DEBUG fr.inria.lille.repair.nopol.NoPol - cannot spoon SourceLocation org.apache.commons.math3.linear.RealVectorAbstractTest:920
19:27:52.277 [pool-2-thread-1] DEBUG fr.inria.lille.repair.nopol.NoPol - statement #22
19:27:52.277 [pool-2-thread-1] DEBUG fr.inria.lille.repair.nopol.NoPol - Analysing SourceLocation org.apache.commons.math3.linear.RealVectorAbstractTest:919 which is executed by 6 tests
19:27:52.277 [pool-2-thread-1] DEBUG fr.inria.lille.repair.nopol.NoPol - cannot spoon SourceLocation org.apache.commons.math3.linear.RealVectorAbstractTest:919
19:27:52.277 [pool-2-thread-1] DEBUG fr.inria.lille.repair.nopol.NoPol - statement #23
19:27:52.277 [pool-2-thread-1] DEBUG fr.inria.lille.repair.nopol.NoPol - Analysing SourceLocation org.apache.commons.math3.linear.RealVectorAbstractTest:914 which is executed by 6 tests
19:27:52.277 [pool-2-thread-1] DEBUG fr.inria.lille.repair.nopol.NoPol - cannot spoon SourceLocation org.apache.commons.math3.linear.RealVectorAbstractTest:914
19:27:52.277 [pool-2-thread-1] DEBUG fr.inria.lille.repair.nopol.NoPol - statement #24
19:27:52.277 [pool-2-thread-1] DEBUG fr.inria.lille.repair.nopol.NoPol - Analysing SourceLocation org.apache.commons.math3.linear.RealVectorAbstractTest:912 which is executed by 6 tests
19:27:52.278 [pool-2-thread-1] DEBUG fr.inria.lille.repair.nopol.NoPol - cannot spoon SourceLocation org.apache.commons.math3.linear.RealVectorAbstractTest:912
19:27:52.278 [pool-2-thread-1] DEBUG fr.inria.lille.repair.nopol.NoPol - statement #25
19:27:52.278 [pool-2-thread-1] DEBUG fr.inria.lille.repair.nopol.NoPol - Analysing SourceLocation org.apache.commons.math3.linear.RealVectorAbstractTest:911 which is executed by 6 tests
19:27:52.278 [pool-2-thread-1] DEBUG fr.inria.lille.repair.nopol.NoPol - cannot spoon SourceLocation org.apache.commons.math3.linear.RealVectorAbstractTest:911
19:27:52.278 [pool-2-thread-1] DEBUG fr.inria.lille.repair.nopol.NoPol - statement #26
19:27:52.278 [pool-2-thread-1] DEBUG fr.inria.lille.repair.nopol.NoPol - Analysing SourceLocation org.apache.commons.math3.linear.RealVectorAbstractTest:910 which is executed by 6 tests
19:27:52.278 [pool-2-thread-1] DEBUG fr.inria.lille.repair.nopol.NoPol - cannot spoon SourceLocation org.apache.commons.math3.linear.RealVectorAbstractTest:910
19:27:52.278 [pool-2-thread-1] DEBUG fr.inria.lille.repair.nopol.NoPol - statement #27
19:27:52.278 [pool-2-thread-1] DEBUG fr.inria.lille.repair.nopol.NoPol - Analysing SourceLocation org.apache.commons.math3.linear.RealVectorAbstractTest:909 which is executed by 6 tests
19:27:52.278 [pool-2-thread-1] DEBUG fr.inria.lille.repair.nopol.NoPol - cannot spoon SourceLocation org.apache.commons.math3.linear.RealVectorAbstractTest:909
19:27:52.278 [pool-2-thread-1] DEBUG fr.inria.lille.repair.nopol.NoPol - statement #28
19:27:52.278 [pool-2-thread-1] DEBUG fr.inria.lille.repair.nopol.NoPol - Analysing SourceLocation org.apache.commons.math3.linear.RealVectorAbstractTest:908 which is executed by 6 tests
19:27:52.278 [pool-2-thread-1] DEBUG fr.inria.lille.repair.nopol.NoPol - cannot spoon SourceLocation org.apache.commons.math3.linear.RealVectorAbstractTest:908
19:27:52.279 [pool-2-thread-1] DEBUG fr.inria.lille.repair.nopol.NoPol - statement #29
19:27:52.279 [pool-2-thread-1] DEBUG fr.inria.lille.repair.nopol.NoPol - Analysing SourceLocation org.apache.commons.math3.linear.RealVectorAbstractTest:907 which is executed by 6 tests
19:27:52.279 [pool-2-thread-1] DEBUG fr.inria.lille.repair.nopol.NoPol - cannot spoon SourceLocation org.apache.commons.math3.linear.RealVectorAbstractTest:907
19:27:52.279 [pool-2-thread-1] DEBUG fr.inria.lille.repair.nopol.NoPol - statement #30
19:27:52.279 [pool-2-thread-1] DEBUG fr.inria.lille.repair.nopol.NoPol - Analysing SourceLocation org.apache.commons.math3.linear.RealVectorAbstractTest:906 which is executed by 6 tests
19:27:52.279 [pool-2-thread-1] DEBUG fr.inria.lille.repair.nopol.NoPol - cannot spoon SourceLocation org.apache.commons.math3.linear.RealVectorAbstractTest:906
19:27:52.279 [pool-2-thread-1] DEBUG fr.inria.lille.repair.nopol.NoPol - statement #31
19:27:52.279 [pool-2-thread-1] DEBUG fr.inria.lille.repair.nopol.NoPol - Analysing SourceLocation org.apache.commons.math3.linear.RealVector:651 which is executed by 2 tests
74962082
19:27:52.401 [pool-2-thread-1] DEBUG fr.inria.lille.repair.nopol.NoPol - statement #32
19:27:52.402 [pool-2-thread-1] DEBUG fr.inria.lille.repair.nopol.NoPol - Analysing SourceLocation org.apache.commons.math3.linear.RealVector:650 which is executed by 2 tests
74962082
19:27:52.513 [pool-2-thread-1] DEBUG fr.inria.lille.repair.nopol.NoPol - looking with class fr.inria.lille.repair.nopol.spoon.smt.ConditionalAdder
java.lang.AssertionError: NaN * 0.0 expected:<NaN> but was:<0.0>
    at org.junit.Assert.fail(Assert.java:88)
    at org.junit.Assert.failNotEquals(Assert.java:743)
    at org.junit.Assert.assertEquals(Assert.java:494)
    at org.apache.commons.math3.linear.RealVectorAbstractTest.doTestOuterProduct(RealVectorAbstractTest.java:928)
    at org.apache.commons.math3.linear.RealVectorAbstractTest.testOuterProductMixedTypes(RealVectorAbstractTest.java:940)
    at sun.reflect.NativeMethodAccessorImpl.invoke0(Native Method)
java.lang.AssertionError: NaN * 0.0 expected:<NaN> but was:<0.0>
    at org.junit.Assert.fail(Assert.java:88)
    at org.junit.Assert.failNotEquals(Assert.java:743)
    at org.junit.Assert.assertEquals(Assert.java:494)
    at org.apache.commons.math3.linear.RealVectorAbstractTest.doTestOuterProduct(RealVectorAbstractTest.java:928)
    at org.apache.commons.math3.linear.RealVectorAbstractTest.testOuterProductSameType(RealVectorAbstractTest.java:935)
    at sun.reflect.NativeMethodAccessorImpl.invoke0(Native Method)
java.lang.AssertionError: NaN * 0.0 expected:<NaN> but was:<0.0>
    at org.junit.Assert.fail(Assert.java:88)
    at org.junit.Assert.failNotEquals(Assert.java:743)
    at org.junit.Assert.assertEquals(Assert.java:494)
    at org.apache.commons.math3.linear.RealVectorAbstractTest.doTestOuterProduct(RealVectorAbstractTest.java:928)
    at org.apache.commons.math3.linear.RealVectorAbstractTest.testOuterProductMixedTypes(RealVectorAbstractTest.java:940)
    at sun.reflect.NativeMethodAccessorImpl.invoke0(Native Method)
java.lang.AssertionError: NaN * 0.0 expected:<NaN> but was:<0.0>
    at org.junit.Assert.fail(Assert.java:88)
    at org.junit.Assert.failNotEquals(Assert.java:743)
    at org.junit.Assert.assertEquals(Assert.java:494)
    at org.apache.commons.math3.linear.RealVectorAbstractTest.doTestOuterProduct(RealVectorAbstractTest.java:928)
    at org.apache.commons.math3.linear.RealVectorAbstractTest.testOuterProductSameType(RealVectorAbstractTest.java:935)
    at sun.reflect.NativeMethodAccessorImpl.invoke0(Native Method)
19:27:52.683 [pool-62-thread-1] INFO  xxl.java.junit.TestCasesListener - Tests run finished (158 ms)
<> Total tests run: 162
<> Ignored tests: 48
<> Failed tests: 4
~ testOuterProductMixedTypes(org.apache.commons.math3.linear.RealVectorTest)
[NaN * 0.0 expected:<NaN> but was:<0.0>]
java.lang.AssertionError: NaN * 0.0 expected:<NaN> but was:<0.0>    at org.junit.Assert.fail(Assert.java:88)
    at org.junit.Assert.failNotEquals(Assert.java:743)
    at org.junit.Assert.assertEquals(Assert.java:494)
    at org.apache.commons.math3.linear.RealVectorAbstractTest.doTestOuterProduct(RealVectorAbstractTest.java:928)
    at org.apache.commons.math3.linear.RealVectorAbstractTest.testOuterProductMixedTypes(RealVectorAbstractTest.java:940)
    at sun.reflect.NativeMethodAccessorImpl.invoke0(Native Method)
~ testOuterProductSameType(org.apache.commons.math3.linear.RealVectorTest)
[NaN * 0.0 expected:<NaN> but was:<0.0>]
java.lang.AssertionError: NaN * 0.0 expected:<NaN> but was:<0.0>    at org.junit.Assert.fail(Assert.java:88)
    at org.junit.Assert.failNotEquals(Assert.java:743)
    at org.junit.Assert.assertEquals(Assert.java:494)
    at org.apache.commons.math3.linear.RealVectorAbstractTest.doTestOuterProduct(RealVectorAbstractTest.java:928)
    at org.apache.commons.math3.linear.RealVectorAbstractTest.testOuterProductSameType(RealVectorAbstractTest.java:935)
    at sun.reflect.NativeMethodAccessorImpl.invoke0(Native Method)
~ testOuterProductMixedTypes(org.apache.commons.math3.linear.RealVectorTest)
[NaN * 0.0 expected:<NaN> but was:<0.0>]
java.lang.AssertionError: NaN * 0.0 expected:<NaN> but was:<0.0>    at org.junit.Assert.fail(Assert.java:88)
    at org.junit.Assert.failNotEquals(Assert.java:743)
    at org.junit.Assert.assertEquals(Assert.java:494)
    at org.apache.commons.math3.linear.RealVectorAbstractTest.doTestOuterProduct(RealVectorAbstractTest.java:928)
    at org.apache.commons.math3.linear.RealVectorAbstractTest.testOuterProductMixedTypes(RealVectorAbstractTest.java:940)
    at sun.reflect.NativeMethodAccessorImpl.invoke0(Native Method)
~ testOuterProductSameType(org.apache.commons.math3.linear.RealVectorTest)
[NaN * 0.0 expected:<NaN> but was:<0.0>]
java.lang.AssertionError: NaN * 0.0 expected:<NaN> but was:<0.0>    at org.junit.Assert.fail(Assert.java:88)
    at org.junit.Assert.failNotEquals(Assert.java:743)
    at org.junit.Assert.assertEquals(Assert.java:494)
    at org.apache.commons.math3.linear.RealVectorAbstractTest.doTestOuterProduct(RealVectorAbstractTest.java:928)
    at org.apache.commons.math3.linear.RealVectorAbstractTest.testOuterProductSameType(RealVectorAbstractTest.java:935)
    at sun.reflect.NativeMethodAccessorImpl.invoke0(Native Method)

19:27:53.395 [pool-61-thread-1] ERROR x.java.compiler.DynamicClassCompiler - [Compilation errors]
RealVector.java:265: error: variable product might not have been initialized
                product.setEntry(thisE.getIndex(), otherE.getIndex(), ((thisE.getValue()) * (otherE.getValue())));
                ^
RealVector.java:268: error: variable product might not have been initialized
        return product;
               ^
xxl.java.compiler.DynamicCompilationException: Aborting: dynamic compilation failed
	at xxl.java.compiler.DynamicClassCompiler.runCompilationTask(DynamicClassCompiler.java:99)
	at xxl.java.compiler.DynamicClassCompiler.javaBytecodeFor(DynamicClassCompiler.java:67)
	at fr.inria.lille.commons.spoon.SpoonedFile.compilationFor(SpoonedFile.java:203)
	at fr.inria.lille.commons.spoon.SpoonedFile.compileModelledClasses(SpoonedFile.java:177)
	at fr.inria.lille.commons.spoon.SpoonedFile.dumpedToClassLoader(SpoonedFile.java:130)
	at fr.inria.lille.commons.spoon.SpoonedFile.processedAndDumpedToClassLoader(SpoonedFile.java:140)
	at fr.inria.lille.commons.spoon.SpoonedFile.processedAndDumpedToClassLoader(SpoonedFile.java:135)
	at fr.inria.lille.repair.nopol.synth.dynamoth.DynamothSynthesizer.findAngelicValuesAndBuildPatch(DynamothSynthesizer.java:69)
	at fr.inria.lille.repair.nopol.NoPol.runNopolProcessor(NoPol.java:295)
	at fr.inria.lille.repair.nopol.NoPol.access$000(NoPol.java:81)
	at fr.inria.lille.repair.nopol.NoPol$1.call(NoPol.java:260)
	at java.util.concurrent.FutureTask.run(FutureTask.java:266)
	at java.util.concurrent.ThreadPoolExecutor.runWorker(ThreadPoolExecutor.java:1149)
	at java.util.concurrent.ThreadPoolExecutor$Worker.run(ThreadPoolExecutor.java:624)
	at java.lang.Thread.run(Thread.java:748)
19:27:53.396 [pool-2-thread-1] DEBUG fr.inria.lille.repair.nopol.NoPol - statement #33
19:27:53.397 [pool-2-thread-1] DEBUG fr.inria.lille.repair.nopol.NoPol - Analysing SourceLocation org.apache.commons.math3.linear.RealVector:648 which is executed by 3 tests
74962082
19:27:53.521 [pool-2-thread-1] DEBUG fr.inria.lille.repair.nopol.NoPol - statement #34
19:27:53.522 [pool-2-thread-1] DEBUG fr.inria.lille.repair.nopol.NoPol - Analysing SourceLocation org.apache.commons.math3.linear.RealVector:647 which is executed by 3 tests
74962082
19:27:53.658 [pool-2-thread-1] DEBUG fr.inria.lille.repair.nopol.NoPol - looking with class fr.inria.lille.repair.nopol.spoon.smt.ConditionalAdder
java.lang.AssertionError: NaN * 0.0 expected:<NaN> but was:<0.0>
    at org.junit.Assert.fail(Assert.java:88)
    at org.junit.Assert.failNotEquals(Assert.java:743)
    at org.junit.Assert.assertEquals(Assert.java:494)
    at org.apache.commons.math3.linear.RealVectorAbstractTest.doTestOuterProduct(RealVectorAbstractTest.java:928)
    at org.apache.commons.math3.linear.RealVectorAbstractTest.testOuterProductMixedTypes(RealVectorAbstractTest.java:940)
    at sun.reflect.NativeMethodAccessorImpl.invoke0(Native Method)
java.lang.AssertionError: Inverse, entry #4 expected:<-Infinity> but was:<Infinity>
    at org.junit.Assert.fail(Assert.java:88)
    at org.junit.Assert.failNotEquals(Assert.java:743)
    at org.junit.Assert.assertEquals(Assert.java:494)
    at org.apache.commons.math3.TestUtils.assertEquals(TestUtils.java:260)
    at org.apache.commons.math3.linear.RealVectorAbstractTest.doTestMapFunction(RealVectorAbstractTest.java:876)
    at org.apache.commons.math3.linear.RealVectorAbstractTest.testMap(RealVectorAbstractTest.java:893)
java.lang.AssertionError: NaN * 0.0 expected:<NaN> but was:<0.0>
    at org.junit.Assert.fail(Assert.java:88)
    at org.junit.Assert.failNotEquals(Assert.java:743)
    at org.junit.Assert.assertEquals(Assert.java:494)
    at org.apache.commons.math3.linear.RealVectorAbstractTest.doTestOuterProduct(RealVectorAbstractTest.java:928)
    at org.apache.commons.math3.linear.RealVectorAbstractTest.testOuterProductSameType(RealVectorAbstractTest.java:935)
    at sun.reflect.NativeMethodAccessorImpl.invoke0(Native Method)
java.lang.AssertionError: Inverse, entry #4 expected:<-Infinity> but was:<Infinity>
    at org.junit.Assert.fail(Assert.java:88)
    at org.junit.Assert.failNotEquals(Assert.java:743)
    at org.junit.Assert.assertEquals(Assert.java:494)
    at org.apache.commons.math3.TestUtils.assertEquals(TestUtils.java:260)
    at org.apache.commons.math3.linear.RealVectorAbstractTest.doTestMapFunction(RealVectorAbstractTest.java:876)
    at org.apache.commons.math3.linear.RealVectorAbstractTest.testMapToSelf(RealVectorAbstractTest.java:901)
java.lang.AssertionError: NaN * 0.0 expected:<NaN> but was:<0.0>
    at org.junit.Assert.fail(Assert.java:88)
    at org.junit.Assert.failNotEquals(Assert.java:743)
    at org.junit.Assert.assertEquals(Assert.java:494)
    at org.apache.commons.math3.linear.RealVectorAbstractTest.doTestOuterProduct(RealVectorAbstractTest.java:928)
    at org.apache.commons.math3.linear.RealVectorAbstractTest.testOuterProductMixedTypes(RealVectorAbstractTest.java:940)
    at sun.reflect.NativeMethodAccessorImpl.invoke0(Native Method)
java.lang.AssertionError: Inverse, entry #4 expected:<-Infinity> but was:<Infinity>
    at org.junit.Assert.fail(Assert.java:88)
    at org.junit.Assert.failNotEquals(Assert.java:743)
    at org.junit.Assert.assertEquals(Assert.java:494)
    at org.apache.commons.math3.TestUtils.assertEquals(TestUtils.java:260)
    at org.apache.commons.math3.linear.RealVectorAbstractTest.doTestMapFunction(RealVectorAbstractTest.java:876)
    at org.apache.commons.math3.linear.RealVectorAbstractTest.testMap(RealVectorAbstractTest.java:893)
java.lang.AssertionError: NaN * 0.0 expected:<NaN> but was:<0.0>
    at org.junit.Assert.fail(Assert.java:88)
    at org.junit.Assert.failNotEquals(Assert.java:743)
    at org.junit.Assert.assertEquals(Assert.java:494)
    at org.apache.commons.math3.linear.RealVectorAbstractTest.doTestOuterProduct(RealVectorAbstractTest.java:928)
    at org.apache.commons.math3.linear.RealVectorAbstractTest.testOuterProductSameType(RealVectorAbstractTest.java:935)
    at sun.reflect.NativeMethodAccessorImpl.invoke0(Native Method)
java.lang.AssertionError: Inverse, entry #4 expected:<-Infinity> but was:<Infinity>
    at org.junit.Assert.fail(Assert.java:88)
    at org.junit.Assert.failNotEquals(Assert.java:743)
    at org.junit.Assert.assertEquals(Assert.java:494)
    at org.apache.commons.math3.TestUtils.assertEquals(TestUtils.java:260)
    at org.apache.commons.math3.linear.RealVectorAbstractTest.doTestMapFunction(RealVectorAbstractTest.java:876)
    at org.apache.commons.math3.linear.RealVectorAbstractTest.testMapToSelf(RealVectorAbstractTest.java:901)
19:27:53.922 [pool-64-thread-1] INFO  xxl.java.junit.TestCasesListener - Tests run finished (252 ms)
<> Total tests run: 200
<> Ignored tests: 12
<> Failed tests: 8
~ testOuterProductMixedTypes(org.apache.commons.math3.linear.SparseRealVectorTest)
[NaN * 0.0 expected:<NaN> but was:<0.0>]
java.lang.AssertionError: NaN * 0.0 expected:<NaN> but was:<0.0>    at org.junit.Assert.fail(Assert.java:88)
    at org.junit.Assert.failNotEquals(Assert.java:743)
    at org.junit.Assert.assertEquals(Assert.java:494)
    at org.apache.commons.math3.linear.RealVectorAbstractTest.doTestOuterProduct(RealVectorAbstractTest.java:928)
    at org.apache.commons.math3.linear.RealVectorAbstractTest.testOuterProductMixedTypes(RealVectorAbstractTest.java:940)
    at sun.reflect.NativeMethodAccessorImpl.invoke0(Native Method)
~ testMap(org.apache.commons.math3.linear.SparseRealVectorTest)
[Inverse, entry #4 expected:<-Infinity> but was:<Infinity>]
java.lang.AssertionError: Inverse, entry #4 expected:<-Infinity> but was:<Infinity>    at org.junit.Assert.fail(Assert.java:88)
    at org.junit.Assert.failNotEquals(Assert.java:743)
    at org.junit.Assert.assertEquals(Assert.java:494)
    at org.apache.commons.math3.TestUtils.assertEquals(TestUtils.java:260)
    at org.apache.commons.math3.linear.RealVectorAbstractTest.doTestMapFunction(RealVectorAbstractTest.java:876)
    at org.apache.commons.math3.linear.RealVectorAbstractTest.testMap(RealVectorAbstractTest.java:893)
~ testOuterProductSameType(org.apache.commons.math3.linear.SparseRealVectorTest)
[NaN * 0.0 expected:<NaN> but was:<0.0>]
java.lang.AssertionError: NaN * 0.0 expected:<NaN> but was:<0.0>    at org.junit.Assert.fail(Assert.java:88)
    at org.junit.Assert.failNotEquals(Assert.java:743)
    at org.junit.Assert.assertEquals(Assert.java:494)
    at org.apache.commons.math3.linear.RealVectorAbstractTest.doTestOuterProduct(RealVectorAbstractTest.java:928)
    at org.apache.commons.math3.linear.RealVectorAbstractTest.testOuterProductSameType(RealVectorAbstractTest.java:935)
    at sun.reflect.NativeMethodAccessorImpl.invoke0(Native Method)
~ testMapToSelf(org.apache.commons.math3.linear.SparseRealVectorTest)
[Inverse, entry #4 expected:<-Infinity> but was:<Infinity>]
java.lang.AssertionError: Inverse, entry #4 expected:<-Infinity> but was:<Infinity>    at org.junit.Assert.fail(Assert.java:88)
    at org.junit.Assert.failNotEquals(Assert.java:743)
    at org.junit.Assert.assertEquals(Assert.java:494)
    at org.apache.commons.math3.TestUtils.assertEquals(TestUtils.java:260)
    at org.apache.commons.math3.linear.RealVectorAbstractTest.doTestMapFunction(RealVectorAbstractTest.java:876)
    at org.apache.commons.math3.linear.RealVectorAbstractTest.testMapToSelf(RealVectorAbstractTest.java:901)
~ testOuterProductMixedTypes(org.apache.commons.math3.linear.SparseRealVectorTest)
[NaN * 0.0 expected:<NaN> but was:<0.0>]
java.lang.AssertionError: NaN * 0.0 expected:<NaN> but was:<0.0>    at org.junit.Assert.fail(Assert.java:88)
    at org.junit.Assert.failNotEquals(Assert.java:743)
    at org.junit.Assert.assertEquals(Assert.java:494)
    at org.apache.commons.math3.linear.RealVectorAbstractTest.doTestOuterProduct(RealVectorAbstractTest.java:928)
    at org.apache.commons.math3.linear.RealVectorAbstractTest.testOuterProductMixedTypes(RealVectorAbstractTest.java:940)
    at sun.reflect.NativeMethodAccessorImpl.invoke0(Native Method)
~ testMap(org.apache.commons.math3.linear.SparseRealVectorTest)
[Inverse, entry #4 expected:<-Infinity> but was:<Infinity>]
java.lang.AssertionError: Inverse, entry #4 expected:<-Infinity> but was:<Infinity>    at org.junit.Assert.fail(Assert.java:88)
    at org.junit.Assert.failNotEquals(Assert.java:743)
    at org.junit.Assert.assertEquals(Assert.java:494)
    at org.apache.commons.math3.TestUtils.assertEquals(TestUtils.java:260)
    at org.apache.commons.math3.linear.RealVectorAbstractTest.doTestMapFunction(RealVectorAbstractTest.java:876)
    at org.apache.commons.math3.linear.RealVectorAbstractTest.testMap(RealVectorAbstractTest.java:893)
~ testOuterProductSameType(org.apache.commons.math3.linear.SparseRealVectorTest)
[NaN * 0.0 expected:<NaN> but was:<0.0>]
java.lang.AssertionError: NaN * 0.0 expected:<NaN> but was:<0.0>    at org.junit.Assert.fail(Assert.java:88)
    at org.junit.Assert.failNotEquals(Assert.java:743)
    at org.junit.Assert.assertEquals(Assert.java:494)
    at org.apache.commons.math3.linear.RealVectorAbstractTest.doTestOuterProduct(RealVectorAbstractTest.java:928)
    at org.apache.commons.math3.linear.RealVectorAbstractTest.testOuterProductSameType(RealVectorAbstractTest.java:935)
    at sun.reflect.NativeMethodAccessorImpl.invoke0(Native Method)
~ testMapToSelf(org.apache.commons.math3.linear.SparseRealVectorTest)
[Inverse, entry #4 expected:<-Infinity> but was:<Infinity>]
java.lang.AssertionError: Inverse, entry #4 expected:<-Infinity> but was:<Infinity>    at org.junit.Assert.fail(Assert.java:88)
    at org.junit.Assert.failNotEquals(Assert.java:743)
    at org.junit.Assert.assertEquals(Assert.java:494)
    at org.apache.commons.math3.TestUtils.assertEquals(TestUtils.java:260)
    at org.apache.commons.math3.linear.RealVectorAbstractTest.doTestMapFunction(RealVectorAbstractTest.java:876)
    at org.apache.commons.math3.linear.RealVectorAbstractTest.testMapToSelf(RealVectorAbstractTest.java:901)

19:27:54.660 [pool-63-thread-1] ERROR x.java.compiler.DynamicClassCompiler - [Compilation errors]
RealVector.java:265: error: variable product might not have been initialized
                product.setEntry(thisE.getIndex(), otherE.getIndex(), ((thisE.getValue()) * (otherE.getValue())));
                ^
RealVector.java:268: error: variable product might not have been initialized
        return product;
               ^
xxl.java.compiler.DynamicCompilationException: Aborting: dynamic compilation failed
	at xxl.java.compiler.DynamicClassCompiler.runCompilationTask(DynamicClassCompiler.java:99)
	at xxl.java.compiler.DynamicClassCompiler.javaBytecodeFor(DynamicClassCompiler.java:67)
	at fr.inria.lille.commons.spoon.SpoonedFile.compilationFor(SpoonedFile.java:203)
	at fr.inria.lille.commons.spoon.SpoonedFile.compileModelledClasses(SpoonedFile.java:177)
	at fr.inria.lille.commons.spoon.SpoonedFile.dumpedToClassLoader(SpoonedFile.java:130)
	at fr.inria.lille.commons.spoon.SpoonedFile.processedAndDumpedToClassLoader(SpoonedFile.java:140)
	at fr.inria.lille.commons.spoon.SpoonedFile.processedAndDumpedToClassLoader(SpoonedFile.java:135)
	at fr.inria.lille.repair.nopol.synth.dynamoth.DynamothSynthesizer.findAngelicValuesAndBuildPatch(DynamothSynthesizer.java:69)
	at fr.inria.lille.repair.nopol.NoPol.runNopolProcessor(NoPol.java:295)
	at fr.inria.lille.repair.nopol.NoPol.access$000(NoPol.java:81)
	at fr.inria.lille.repair.nopol.NoPol$1.call(NoPol.java:260)
	at java.util.concurrent.FutureTask.run(FutureTask.java:266)
	at java.util.concurrent.ThreadPoolExecutor.runWorker(ThreadPoolExecutor.java:1149)
	at java.util.concurrent.ThreadPoolExecutor$Worker.run(ThreadPoolExecutor.java:624)
	at java.lang.Thread.run(Thread.java:748)
19:27:54.660 [pool-2-thread-1] DEBUG fr.inria.lille.repair.nopol.NoPol - statement #35
19:27:54.660 [pool-2-thread-1] DEBUG fr.inria.lille.repair.nopol.NoPol - Analysing SourceLocation org.apache.commons.math3.linear.RealVectorAbstractTest:935 which is executed by 3 tests
19:27:54.660 [pool-2-thread-1] DEBUG fr.inria.lille.repair.nopol.NoPol - cannot spoon SourceLocation org.apache.commons.math3.linear.RealVectorAbstractTest:935
19:27:54.660 [pool-2-thread-1] DEBUG fr.inria.lille.repair.nopol.NoPol - statement #36
19:27:54.661 [pool-2-thread-1] DEBUG fr.inria.lille.repair.nopol.NoPol - Analysing SourceLocation org.apache.commons.math3.linear.RealVectorAbstractTest:917 which is executed by 3 tests
19:27:54.661 [pool-2-thread-1] DEBUG fr.inria.lille.repair.nopol.NoPol - cannot spoon SourceLocation org.apache.commons.math3.linear.RealVectorAbstractTest:917
19:27:54.661 [pool-2-thread-1] DEBUG fr.inria.lille.repair.nopol.NoPol - statement #37
19:27:54.661 [pool-2-thread-1] DEBUG fr.inria.lille.repair.nopol.NoPol - Analysing SourceLocation org.apache.commons.math3.linear.RealVectorAbstractTest:940 which is executed by 3 tests
19:27:54.661 [pool-2-thread-1] DEBUG fr.inria.lille.repair.nopol.NoPol - cannot spoon SourceLocation org.apache.commons.math3.linear.RealVectorAbstractTest:940
19:27:54.661 [pool-2-thread-1] DEBUG fr.inria.lille.repair.nopol.NoPol - statement #38
19:27:54.661 [pool-2-thread-1] DEBUG fr.inria.lille.repair.nopol.NoPol - Analysing SourceLocation org.apache.commons.math3.linear.RealVectorAbstractTest:915 which is executed by 3 tests
19:27:54.661 [pool-2-thread-1] DEBUG fr.inria.lille.repair.nopol.NoPol - cannot spoon SourceLocation org.apache.commons.math3.linear.RealVectorAbstractTest:915
19:27:54.661 [pool-2-thread-1] DEBUG fr.inria.lille.repair.nopol.NoPol - statement #39
19:27:54.661 [pool-2-thread-1] DEBUG fr.inria.lille.repair.nopol.NoPol - Analysing SourceLocation org.apache.commons.math3.optimization.direct.BOBYQAOptimizer:1165 which is executed by 4 tests
283261218
19:27:54.845 [pool-2-thread-1] DEBUG fr.inria.lille.repair.nopol.NoPol - looking with class fr.inria.lille.repair.nopol.spoon.smt.ConditionalAdder
java.lang.AssertionError: expected:<0.0> but was:<1.047765607609108E-8>
    at org.junit.Assert.fail(Assert.java:88)
    at org.junit.Assert.failNotEquals(Assert.java:743)
    at org.junit.Assert.assertEquals(Assert.java:494)
    at org.apache.commons.math3.optimization.direct.BOBYQAOptimizerTest.doTest(BOBYQAOptimizerTest.java:326)
    at org.apache.commons.math3.optimization.direct.BOBYQAOptimizerTest.doTest(BOBYQAOptimizerTest.java:276)
    at org.apache.commons.math3.optimization.direct.BOBYQAOptimizerTest.testAckley(BOBYQAOptimizerTest.java:205)
org.apache.commons.math3.exception.TooManyEvaluationsException: illegal state: maximal count (12,000) exceeded: evaluations
    at org.apache.commons.math3.optimization.direct.BaseAbstractMultivariateOptimizer.computeObjectiveValue(BaseAbstractMultivariateOptimizer.java:97)
    at org.apache.commons.math3.optimization.direct.BOBYQAOptimizer.bobyqb(BOBYQAOptimizer.java:828)
    at org.apache.commons.math3.optimization.direct.BOBYQAOptimizer.bobyqa(BOBYQAOptimizer.java:334)
    at org.apache.commons.math3.optimization.direct.BOBYQAOptimizer.doOptimize(BOBYQAOptimizer.java:246)
    at org.apache.commons.math3.optimization.direct.BaseAbstractMultivariateOptimizer.optimize(BaseAbstractMultivariateOptimizer.java:126)
    at org.apache.commons.math3.optimization.direct.BaseAbstractMultivariateSimpleBoundsOptimizer.optimize(BaseAbstractMultivariateSimpleBoundsOptimizer.java:139)
java.lang.AssertionError: expected:<0.0> but was:<1.047765607609108E-8>
    at org.junit.Assert.fail(Assert.java:88)
    at org.junit.Assert.failNotEquals(Assert.java:743)
    at org.junit.Assert.assertEquals(Assert.java:494)
    at org.apache.commons.math3.optimization.direct.BOBYQAOptimizerTest.doTest(BOBYQAOptimizerTest.java:326)
    at org.apache.commons.math3.optimization.direct.BOBYQAOptimizerTest.doTest(BOBYQAOptimizerTest.java:276)
    at org.apache.commons.math3.optimization.direct.BOBYQAOptimizerTest.testAckley(BOBYQAOptimizerTest.java:205)
org.apache.commons.math3.exception.TooManyEvaluationsException: illegal state: maximal count (12,000) exceeded: evaluations
    at org.apache.commons.math3.optimization.direct.BaseAbstractMultivariateOptimizer.computeObjectiveValue(BaseAbstractMultivariateOptimizer.java:97)
    at org.apache.commons.math3.optimization.direct.BOBYQAOptimizer.bobyqb(BOBYQAOptimizer.java:828)
    at org.apache.commons.math3.optimization.direct.BOBYQAOptimizer.bobyqa(BOBYQAOptimizer.java:334)
    at org.apache.commons.math3.optimization.direct.BOBYQAOptimizer.doOptimize(BOBYQAOptimizer.java:246)
    at org.apache.commons.math3.optimization.direct.BaseAbstractMultivariateOptimizer.optimize(BaseAbstractMultivariateOptimizer.java:126)
    at org.apache.commons.math3.optimization.direct.BaseAbstractMultivariateSimpleBoundsOptimizer.optimize(BaseAbstractMultivariateSimpleBoundsOptimizer.java:139)
19:28:40.575 [pool-66-thread-1] INFO  xxl.java.junit.TestCasesListener - Tests run finished (45723 ms)
<> Total tests run: 38
<> Ignored tests: 0
<> Failed tests: 4
~ testAckley(org.apache.commons.math3.optimization.direct.BOBYQAOptimizerTest)
[expected:<0.0> but was:<1.047765607609108E-8>]
java.lang.AssertionError: expected:<0.0> but was:<1.047765607609108E-8>    at org.junit.Assert.fail(Assert.java:88)
    at org.junit.Assert.failNotEquals(Assert.java:743)
    at org.junit.Assert.assertEquals(Assert.java:494)
    at org.apache.commons.math3.optimization.direct.BOBYQAOptimizerTest.doTest(BOBYQAOptimizerTest.java:326)
    at org.apache.commons.math3.optimization.direct.BOBYQAOptimizerTest.doTest(BOBYQAOptimizerTest.java:276)
    at org.apache.commons.math3.optimization.direct.BOBYQAOptimizerTest.testAckley(BOBYQAOptimizerTest.java:205)
~ testDiffPow(org.apache.commons.math3.optimization.direct.BOBYQAOptimizerTest)
[illegal state: maximal count (12,000) exceeded: evaluations]
org.apache.commons.math3.exception.TooManyEvaluationsException: illegal state: maximal count (12,000) exceeded: evaluations    at org.apache.commons.math3.optimization.direct.BaseAbstractMultivariateOptimizer.computeObjectiveValue(BaseAbstractMultivariateOptimizer.java:97)
    at org.apache.commons.math3.optimization.direct.BOBYQAOptimizer.bobyqb(BOBYQAOptimizer.java:828)
    at org.apache.commons.math3.optimization.direct.BOBYQAOptimizer.bobyqa(BOBYQAOptimizer.java:334)
    at org.apache.commons.math3.optimization.direct.BOBYQAOptimizer.doOptimize(BOBYQAOptimizer.java:246)
    at org.apache.commons.math3.optimization.direct.BaseAbstractMultivariateOptimizer.optimize(BaseAbstractMultivariateOptimizer.java:126)
    at org.apache.commons.math3.optimization.direct.BaseAbstractMultivariateSimpleBoundsOptimizer.optimize(BaseAbstractMultivariateSimpleBoundsOptimizer.java:139)
~ testAckley(org.apache.commons.math3.optimization.direct.BOBYQAOptimizerTest)
[expected:<0.0> but was:<1.047765607609108E-8>]
java.lang.AssertionError: expected:<0.0> but was:<1.047765607609108E-8>    at org.junit.Assert.fail(Assert.java:88)
    at org.junit.Assert.failNotEquals(Assert.java:743)
    at org.junit.Assert.assertEquals(Assert.java:494)
    at org.apache.commons.math3.optimization.direct.BOBYQAOptimizerTest.doTest(BOBYQAOptimizerTest.java:326)
    at org.apache.commons.math3.optimization.direct.BOBYQAOptimizerTest.doTest(BOBYQAOptimizerTest.java:276)
    at org.apache.commons.math3.optimization.direct.BOBYQAOptimizerTest.testAckley(BOBYQAOptimizerTest.java:205)
~ testDiffPow(org.apache.commons.math3.optimization.direct.BOBYQAOptimizerTest)
[illegal state: maximal count (12,000) exceeded: evaluations]
org.apache.commons.math3.exception.TooManyEvaluationsException: illegal state: maximal count (12,000) exceeded: evaluations    at org.apache.commons.math3.optimization.direct.BaseAbstractMultivariateOptimizer.computeObjectiveValue(BaseAbstractMultivariateOptimizer.java:97)
    at org.apache.commons.math3.optimization.direct.BOBYQAOptimizer.bobyqb(BOBYQAOptimizer.java:828)
    at org.apache.commons.math3.optimization.direct.BOBYQAOptimizer.bobyqa(BOBYQAOptimizer.java:334)
    at org.apache.commons.math3.optimization.direct.BOBYQAOptimizer.doOptimize(BOBYQAOptimizer.java:246)
    at org.apache.commons.math3.optimization.direct.BaseAbstractMultivariateOptimizer.optimize(BaseAbstractMultivariateOptimizer.java:126)
    at org.apache.commons.math3.optimization.direct.BaseAbstractMultivariateSimpleBoundsOptimizer.optimize(BaseAbstractMultivariateSimpleBoundsOptimizer.java:139)

19:28:43.413 [pool-2-thread-1] DEBUG fr.inria.lille.repair.nopol.NoPol - statement #40
19:28:43.413 [pool-2-thread-1] DEBUG fr.inria.lille.repair.nopol.NoPol - Analysing SourceLocation org.apache.commons.math3.optimization.direct.BOBYQAOptimizer:2067 which is executed by 5 tests
283261218
19:28:43.566 [pool-2-thread-1] DEBUG fr.inria.lille.repair.nopol.NoPol - looking with class fr.inria.lille.repair.nopol.spoon.smt.ConditionalAdder
java.lang.AssertionError: expected:<0.0> but was:<1.047765607609108E-8>
    at org.junit.Assert.fail(Assert.java:88)
    at org.junit.Assert.failNotEquals(Assert.java:743)
    at org.junit.Assert.assertEquals(Assert.java:494)
    at org.apache.commons.math3.optimization.direct.BOBYQAOptimizerTest.doTest(BOBYQAOptimizerTest.java:326)
    at org.apache.commons.math3.optimization.direct.BOBYQAOptimizerTest.doTest(BOBYQAOptimizerTest.java:276)
    at org.apache.commons.math3.optimization.direct.BOBYQAOptimizerTest.testAckley(BOBYQAOptimizerTest.java:205)
org.apache.commons.math3.exception.TooManyEvaluationsException: illegal state: maximal count (12,000) exceeded: evaluations
    at org.apache.commons.math3.optimization.direct.BaseAbstractMultivariateOptimizer.computeObjectiveValue(BaseAbstractMultivariateOptimizer.java:97)
    at org.apache.commons.math3.optimization.direct.BOBYQAOptimizer.bobyqb(BOBYQAOptimizer.java:828)
    at org.apache.commons.math3.optimization.direct.BOBYQAOptimizer.bobyqa(BOBYQAOptimizer.java:334)
    at org.apache.commons.math3.optimization.direct.BOBYQAOptimizer.doOptimize(BOBYQAOptimizer.java:246)
    at org.apache.commons.math3.optimization.direct.BaseAbstractMultivariateOptimizer.optimize(BaseAbstractMultivariateOptimizer.java:126)
    at org.apache.commons.math3.optimization.direct.BaseAbstractMultivariateSimpleBoundsOptimizer.optimize(BaseAbstractMultivariateSimpleBoundsOptimizer.java:139)
java.lang.AssertionError: expected:<0.0> but was:<1.047765607609108E-8>
    at org.junit.Assert.fail(Assert.java:88)
    at org.junit.Assert.failNotEquals(Assert.java:743)
    at org.junit.Assert.assertEquals(Assert.java:494)
    at org.apache.commons.math3.optimization.direct.BOBYQAOptimizerTest.doTest(BOBYQAOptimizerTest.java:326)
    at org.apache.commons.math3.optimization.direct.BOBYQAOptimizerTest.doTest(BOBYQAOptimizerTest.java:276)
    at org.apache.commons.math3.optimization.direct.BOBYQAOptimizerTest.testAckley(BOBYQAOptimizerTest.java:205)
org.apache.commons.math3.exception.TooManyEvaluationsException: illegal state: maximal count (12,000) exceeded: evaluations
    at org.apache.commons.math3.optimization.direct.BaseAbstractMultivariateOptimizer.computeObjectiveValue(BaseAbstractMultivariateOptimizer.java:97)
    at org.apache.commons.math3.optimization.direct.BOBYQAOptimizer.bobyqb(BOBYQAOptimizer.java:828)
    at org.apache.commons.math3.optimization.direct.BOBYQAOptimizer.bobyqa(BOBYQAOptimizer.java:334)
    at org.apache.commons.math3.optimization.direct.BOBYQAOptimizer.doOptimize(BOBYQAOptimizer.java:246)
    at org.apache.commons.math3.optimization.direct.BaseAbstractMultivariateOptimizer.optimize(BaseAbstractMultivariateOptimizer.java:126)
    at org.apache.commons.math3.optimization.direct.BaseAbstractMultivariateSimpleBoundsOptimizer.optimize(BaseAbstractMultivariateSimpleBoundsOptimizer.java:139)
19:29:29.370 [pool-72-thread-1] INFO  xxl.java.junit.TestCasesListener - Tests run finished (45797 ms)
<> Total tests run: 38
<> Ignored tests: 0
<> Failed tests: 4
~ testAckley(org.apache.commons.math3.optimization.direct.BOBYQAOptimizerTest)
[expected:<0.0> but was:<1.047765607609108E-8>]
java.lang.AssertionError: expected:<0.0> but was:<1.047765607609108E-8>    at org.junit.Assert.fail(Assert.java:88)
    at org.junit.Assert.failNotEquals(Assert.java:743)
    at org.junit.Assert.assertEquals(Assert.java:494)
    at org.apache.commons.math3.optimization.direct.BOBYQAOptimizerTest.doTest(BOBYQAOptimizerTest.java:326)
    at org.apache.commons.math3.optimization.direct.BOBYQAOptimizerTest.doTest(BOBYQAOptimizerTest.java:276)
    at org.apache.commons.math3.optimization.direct.BOBYQAOptimizerTest.testAckley(BOBYQAOptimizerTest.java:205)
~ testDiffPow(org.apache.commons.math3.optimization.direct.BOBYQAOptimizerTest)
[illegal state: maximal count (12,000) exceeded: evaluations]
org.apache.commons.math3.exception.TooManyEvaluationsException: illegal state: maximal count (12,000) exceeded: evaluations    at org.apache.commons.math3.optimization.direct.BaseAbstractMultivariateOptimizer.computeObjectiveValue(BaseAbstractMultivariateOptimizer.java:97)
    at org.apache.commons.math3.optimization.direct.BOBYQAOptimizer.bobyqb(BOBYQAOptimizer.java:828)
    at org.apache.commons.math3.optimization.direct.BOBYQAOptimizer.bobyqa(BOBYQAOptimizer.java:334)
    at org.apache.commons.math3.optimization.direct.BOBYQAOptimizer.doOptimize(BOBYQAOptimizer.java:246)
    at org.apache.commons.math3.optimization.direct.BaseAbstractMultivariateOptimizer.optimize(BaseAbstractMultivariateOptimizer.java:126)
    at org.apache.commons.math3.optimization.direct.BaseAbstractMultivariateSimpleBoundsOptimizer.optimize(BaseAbstractMultivariateSimpleBoundsOptimizer.java:139)
~ testAckley(org.apache.commons.math3.optimization.direct.BOBYQAOptimizerTest)
[expected:<0.0> but was:<1.047765607609108E-8>]
java.lang.AssertionError: expected:<0.0> but was:<1.047765607609108E-8>    at org.junit.Assert.fail(Assert.java:88)
    at org.junit.Assert.failNotEquals(Assert.java:743)
    at org.junit.Assert.assertEquals(Assert.java:494)
    at org.apache.commons.math3.optimization.direct.BOBYQAOptimizerTest.doTest(BOBYQAOptimizerTest.java:326)
    at org.apache.commons.math3.optimization.direct.BOBYQAOptimizerTest.doTest(BOBYQAOptimizerTest.java:276)
    at org.apache.commons.math3.optimization.direct.BOBYQAOptimizerTest.testAckley(BOBYQAOptimizerTest.java:205)
~ testDiffPow(org.apache.commons.math3.optimization.direct.BOBYQAOptimizerTest)
[illegal state: maximal count (12,000) exceeded: evaluations]
org.apache.commons.math3.exception.TooManyEvaluationsException: illegal state: maximal count (12,000) exceeded: evaluations    at org.apache.commons.math3.optimization.direct.BaseAbstractMultivariateOptimizer.computeObjectiveValue(BaseAbstractMultivariateOptimizer.java:97)
    at org.apache.commons.math3.optimization.direct.BOBYQAOptimizer.bobyqb(BOBYQAOptimizer.java:828)
    at org.apache.commons.math3.optimization.direct.BOBYQAOptimizer.bobyqa(BOBYQAOptimizer.java:334)
    at org.apache.commons.math3.optimization.direct.BOBYQAOptimizer.doOptimize(BOBYQAOptimizer.java:246)
    at org.apache.commons.math3.optimization.direct.BaseAbstractMultivariateOptimizer.optimize(BaseAbstractMultivariateOptimizer.java:126)
    at org.apache.commons.math3.optimization.direct.BaseAbstractMultivariateSimpleBoundsOptimizer.optimize(BaseAbstractMultivariateSimpleBoundsOptimizer.java:139)

19:32:42.433 [pool-2-thread-1] DEBUG fr.inria.lille.repair.nopol.NoPol - statement #41
19:32:42.434 [pool-2-thread-1] DEBUG fr.inria.lille.repair.nopol.NoPol - Analysing SourceLocation org.apache.commons.math3.linear.OpenMapRealVector$OpenMapSparseIterator:777 which is executed by 23 tests
-447166284
19:32:42.569 [pool-2-thread-1] DEBUG fr.inria.lille.repair.nopol.NoPol - statement #42
19:32:42.569 [pool-2-thread-1] DEBUG fr.inria.lille.repair.nopol.NoPol - Analysing SourceLocation org.apache.commons.math3.linear.OpenMapRealVector$OpenMapSparseIterator:797 which is executed by 23 tests
-447166284
19:32:42.695 [pool-2-thread-1] DEBUG fr.inria.lille.repair.nopol.NoPol - statement #43
19:32:42.695 [pool-2-thread-1] DEBUG fr.inria.lille.repair.nopol.NoPol - Analysing SourceLocation org.apache.commons.math3.linear.OpenMapRealVector$OpenMapSparseIterator:796 which is executed by 23 tests
-447166284
19:32:42.805 [pool-2-thread-1] DEBUG fr.inria.lille.repair.nopol.NoPol - looking with class fr.inria.lille.repair.nopol.spoon.smt.ConditionalAdder
java.lang.AssertionError: NaN * 0.0 expected:<NaN> but was:<0.0>
    at org.junit.Assert.fail(Assert.java:88)
    at org.junit.Assert.failNotEquals(Assert.java:743)
    at org.junit.Assert.assertEquals(Assert.java:494)
    at org.apache.commons.math3.linear.RealVectorAbstractTest.doTestOuterProduct(RealVectorAbstractTest.java:928)
    at org.apache.commons.math3.linear.RealVectorAbstractTest.testOuterProductMixedTypes(RealVectorAbstractTest.java:940)
    at sun.reflect.NativeMethodAccessorImpl.invoke0(Native Method)
java.lang.AssertionError: Inverse, entry #4 expected:<-Infinity> but was:<Infinity>
    at org.junit.Assert.fail(Assert.java:88)
    at org.junit.Assert.failNotEquals(Assert.java:743)
    at org.junit.Assert.assertEquals(Assert.java:494)
    at org.apache.commons.math3.TestUtils.assertEquals(TestUtils.java:260)
    at org.apache.commons.math3.linear.RealVectorAbstractTest.doTestMapFunction(RealVectorAbstractTest.java:876)
    at org.apache.commons.math3.linear.RealVectorAbstractTest.testMap(RealVectorAbstractTest.java:893)
java.lang.AssertionError: NaN * 0.0 expected:<NaN> but was:<0.0>
    at org.junit.Assert.fail(Assert.java:88)
    at org.junit.Assert.failNotEquals(Assert.java:743)
    at org.junit.Assert.assertEquals(Assert.java:494)
    at org.apache.commons.math3.linear.RealVectorAbstractTest.doTestOuterProduct(RealVectorAbstractTest.java:928)
    at org.apache.commons.math3.linear.RealVectorAbstractTest.testOuterProductSameType(RealVectorAbstractTest.java:935)
    at sun.reflect.NativeMethodAccessorImpl.invoke0(Native Method)
java.lang.AssertionError: Inverse, entry #4 expected:<-Infinity> but was:<Infinity>
    at org.junit.Assert.fail(Assert.java:88)
    at org.junit.Assert.failNotEquals(Assert.java:743)
    at org.junit.Assert.assertEquals(Assert.java:494)
    at org.apache.commons.math3.TestUtils.assertEquals(TestUtils.java:260)
    at org.apache.commons.math3.linear.RealVectorAbstractTest.doTestMapFunction(RealVectorAbstractTest.java:876)
    at org.apache.commons.math3.linear.RealVectorAbstractTest.testMapToSelf(RealVectorAbstractTest.java:901)
java.lang.AssertionError: NaN * 0.0 expected:<NaN> but was:<0.0>
    at org.junit.Assert.fail(Assert.java:88)
    at org.junit.Assert.failNotEquals(Assert.java:743)
    at org.junit.Assert.assertEquals(Assert.java:494)
    at org.apache.commons.math3.linear.RealVectorAbstractTest.doTestOuterProduct(RealVectorAbstractTest.java:928)
    at org.apache.commons.math3.linear.RealVectorAbstractTest.testOuterProductMixedTypes(RealVectorAbstractTest.java:940)
    at sun.reflect.NativeMethodAccessorImpl.invoke0(Native Method)
java.lang.AssertionError: Inverse, entry #4 expected:<-Infinity> but was:<Infinity>
    at org.junit.Assert.fail(Assert.java:88)
    at org.junit.Assert.failNotEquals(Assert.java:743)
    at org.junit.Assert.assertEquals(Assert.java:494)
    at org.apache.commons.math3.TestUtils.assertEquals(TestUtils.java:260)
    at org.apache.commons.math3.linear.RealVectorAbstractTest.doTestMapFunction(RealVectorAbstractTest.java:876)
    at org.apache.commons.math3.linear.RealVectorAbstractTest.testMap(RealVectorAbstractTest.java:893)
java.lang.AssertionError: NaN * 0.0 expected:<NaN> but was:<0.0>
    at org.junit.Assert.fail(Assert.java:88)
    at org.junit.Assert.failNotEquals(Assert.java:743)
    at org.junit.Assert.assertEquals(Assert.java:494)
    at org.apache.commons.math3.linear.RealVectorAbstractTest.doTestOuterProduct(RealVectorAbstractTest.java:928)
    at org.apache.commons.math3.linear.RealVectorAbstractTest.testOuterProductSameType(RealVectorAbstractTest.java:935)
    at sun.reflect.NativeMethodAccessorImpl.invoke0(Native Method)
java.lang.AssertionError: Inverse, entry #4 expected:<-Infinity> but was:<Infinity>
    at org.junit.Assert.fail(Assert.java:88)
    at org.junit.Assert.failNotEquals(Assert.java:743)
    at org.junit.Assert.assertEquals(Assert.java:494)
    at org.apache.commons.math3.TestUtils.assertEquals(TestUtils.java:260)
    at org.apache.commons.math3.linear.RealVectorAbstractTest.doTestMapFunction(RealVectorAbstractTest.java:876)
    at org.apache.commons.math3.linear.RealVectorAbstractTest.testMapToSelf(RealVectorAbstractTest.java:901)
java.lang.AssertionError: NaN * 0.0 expected:<NaN> but was:<0.0>
    at org.junit.Assert.fail(Assert.java:88)
    at org.junit.Assert.failNotEquals(Assert.java:743)
    at org.junit.Assert.assertEquals(Assert.java:494)
    at org.apache.commons.math3.linear.RealVectorAbstractTest.doTestOuterProduct(RealVectorAbstractTest.java:928)
    at org.apache.commons.math3.linear.RealVectorAbstractTest.testOuterProductMixedTypes(RealVectorAbstractTest.java:940)
    at sun.reflect.NativeMethodAccessorImpl.invoke0(Native Method)
java.lang.AssertionError: Inverse, entry #4 expected:<-Infinity> but was:<Infinity>
    at org.junit.Assert.fail(Assert.java:88)
    at org.junit.Assert.failNotEquals(Assert.java:743)
    at org.junit.Assert.assertEquals(Assert.java:494)
    at org.apache.commons.math3.TestUtils.assertEquals(TestUtils.java:260)
    at org.apache.commons.math3.linear.RealVectorAbstractTest.doTestMapFunction(RealVectorAbstractTest.java:876)
    at org.apache.commons.math3.linear.RealVectorAbstractTest.testMap(RealVectorAbstractTest.java:893)
java.lang.AssertionError: NaN * 0.0 expected:<NaN> but was:<0.0>
    at org.junit.Assert.fail(Assert.java:88)
    at org.junit.Assert.failNotEquals(Assert.java:743)
    at org.junit.Assert.assertEquals(Assert.java:494)
    at org.apache.commons.math3.linear.RealVectorAbstractTest.doTestOuterProduct(RealVectorAbstractTest.java:928)
    at org.apache.commons.math3.linear.RealVectorAbstractTest.testOuterProductSameType(RealVectorAbstractTest.java:935)
    at sun.reflect.NativeMethodAccessorImpl.invoke0(Native Method)
java.lang.AssertionError: Inverse, entry #4 expected:<-Infinity> but was:<Infinity>
    at org.junit.Assert.fail(Assert.java:88)
    at org.junit.Assert.failNotEquals(Assert.java:743)
    at org.junit.Assert.assertEquals(Assert.java:494)
    at org.apache.commons.math3.TestUtils.assertEquals(TestUtils.java:260)
    at org.apache.commons.math3.linear.RealVectorAbstractTest.doTestMapFunction(RealVectorAbstractTest.java:876)
    at org.apache.commons.math3.linear.RealVectorAbstractTest.testMapToSelf(RealVectorAbstractTest.java:901)
java.lang.AssertionError: NaN * 0.0 expected:<NaN> but was:<0.0>
    at org.junit.Assert.fail(Assert.java:88)
    at org.junit.Assert.failNotEquals(Assert.java:743)
    at org.junit.Assert.assertEquals(Assert.java:494)
    at org.apache.commons.math3.linear.RealVectorAbstractTest.doTestOuterProduct(RealVectorAbstractTest.java:928)
    at org.apache.commons.math3.linear.RealVectorAbstractTest.testOuterProductMixedTypes(RealVectorAbstractTest.java:940)
    at sun.reflect.NativeMethodAccessorImpl.invoke0(Native Method)
java.lang.AssertionError: Inverse, entry #4 expected:<-Infinity> but was:<Infinity>
    at org.junit.Assert.fail(Assert.java:88)
    at org.junit.Assert.failNotEquals(Assert.java:743)
    at org.junit.Assert.assertEquals(Assert.java:494)
    at org.apache.commons.math3.TestUtils.assertEquals(TestUtils.java:260)
    at org.apache.commons.math3.linear.RealVectorAbstractTest.doTestMapFunction(RealVectorAbstractTest.java:876)
    at org.apache.commons.math3.linear.RealVectorAbstractTest.testMap(RealVectorAbstractTest.java:893)
java.lang.AssertionError: NaN * 0.0 expected:<NaN> but was:<0.0>
    at org.junit.Assert.fail(Assert.java:88)
    at org.junit.Assert.failNotEquals(Assert.java:743)
    at org.junit.Assert.assertEquals(Assert.java:494)
    at org.apache.commons.math3.linear.RealVectorAbstractTest.doTestOuterProduct(RealVectorAbstractTest.java:928)
    at org.apache.commons.math3.linear.RealVectorAbstractTest.testOuterProductSameType(RealVectorAbstractTest.java:935)
    at sun.reflect.NativeMethodAccessorImpl.invoke0(Native Method)
java.lang.AssertionError: Inverse, entry #4 expected:<-Infinity> but was:<Infinity>
    at org.junit.Assert.fail(Assert.java:88)
    at org.junit.Assert.failNotEquals(Assert.java:743)
    at org.junit.Assert.assertEquals(Assert.java:494)
    at org.apache.commons.math3.TestUtils.assertEquals(TestUtils.java:260)
    at org.apache.commons.math3.linear.RealVectorAbstractTest.doTestMapFunction(RealVectorAbstractTest.java:876)
    at org.apache.commons.math3.linear.RealVectorAbstractTest.testMapToSelf(RealVectorAbstractTest.java:901)
19:32:43.102 [pool-78-thread-1] INFO  xxl.java.junit.TestCasesListener - Tests run finished (284 ms)
<> Total tests run: 400
<> Ignored tests: 24
<> Failed tests: 16
~ testOuterProductMixedTypes(org.apache.commons.math3.linear.SparseRealVectorTest)
[NaN * 0.0 expected:<NaN> but was:<0.0>]
java.lang.AssertionError: NaN * 0.0 expected:<NaN> but was:<0.0>    at org.junit.Assert.fail(Assert.java:88)
    at org.junit.Assert.failNotEquals(Assert.java:743)
    at org.junit.Assert.assertEquals(Assert.java:494)
    at org.apache.commons.math3.linear.RealVectorAbstractTest.doTestOuterProduct(RealVectorAbstractTest.java:928)
    at org.apache.commons.math3.linear.RealVectorAbstractTest.testOuterProductMixedTypes(RealVectorAbstractTest.java:940)
    at sun.reflect.NativeMethodAccessorImpl.invoke0(Native Method)
~ testMap(org.apache.commons.math3.linear.SparseRealVectorTest)
[Inverse, entry #4 expected:<-Infinity> but was:<Infinity>]
java.lang.AssertionError: Inverse, entry #4 expected:<-Infinity> but was:<Infinity>    at org.junit.Assert.fail(Assert.java:88)
    at org.junit.Assert.failNotEquals(Assert.java:743)
    at org.junit.Assert.assertEquals(Assert.java:494)
    at org.apache.commons.math3.TestUtils.assertEquals(TestUtils.java:260)
    at org.apache.commons.math3.linear.RealVectorAbstractTest.doTestMapFunction(RealVectorAbstractTest.java:876)
    at org.apache.commons.math3.linear.RealVectorAbstractTest.testMap(RealVectorAbstractTest.java:893)
~ testOuterProductSameType(org.apache.commons.math3.linear.SparseRealVectorTest)
[NaN * 0.0 expected:<NaN> but was:<0.0>]
java.lang.AssertionError: NaN * 0.0 expected:<NaN> but was:<0.0>    at org.junit.Assert.fail(Assert.java:88)
    at org.junit.Assert.failNotEquals(Assert.java:743)
    at org.junit.Assert.assertEquals(Assert.java:494)
    at org.apache.commons.math3.linear.RealVectorAbstractTest.doTestOuterProduct(RealVectorAbstractTest.java:928)
    at org.apache.commons.math3.linear.RealVectorAbstractTest.testOuterProductSameType(RealVectorAbstractTest.java:935)
    at sun.reflect.NativeMethodAccessorImpl.invoke0(Native Method)
~ testMapToSelf(org.apache.commons.math3.linear.SparseRealVectorTest)
[Inverse, entry #4 expected:<-Infinity> but was:<Infinity>]
java.lang.AssertionError: Inverse, entry #4 expected:<-Infinity> but was:<Infinity>    at org.junit.Assert.fail(Assert.java:88)
    at org.junit.Assert.failNotEquals(Assert.java:743)
    at org.junit.Assert.assertEquals(Assert.java:494)
    at org.apache.commons.math3.TestUtils.assertEquals(TestUtils.java:260)
    at org.apache.commons.math3.linear.RealVectorAbstractTest.doTestMapFunction(RealVectorAbstractTest.java:876)
    at org.apache.commons.math3.linear.RealVectorAbstractTest.testMapToSelf(RealVectorAbstractTest.java:901)
~ testOuterProductMixedTypes(org.apache.commons.math3.linear.SparseRealVectorTest)
[NaN * 0.0 expected:<NaN> but was:<0.0>]
java.lang.AssertionError: NaN * 0.0 expected:<NaN> but was:<0.0>    at org.junit.Assert.fail(Assert.java:88)
    at org.junit.Assert.failNotEquals(Assert.java:743)
    at org.junit.Assert.assertEquals(Assert.java:494)
    at org.apache.commons.math3.linear.RealVectorAbstractTest.doTestOuterProduct(RealVectorAbstractTest.java:928)
    at org.apache.commons.math3.linear.RealVectorAbstractTest.testOuterProductMixedTypes(RealVectorAbstractTest.java:940)
    at sun.reflect.NativeMethodAccessorImpl.invoke0(Native Method)
~ testMap(org.apache.commons.math3.linear.SparseRealVectorTest)
[Inverse, entry #4 expected:<-Infinity> but was:<Infinity>]
java.lang.AssertionError: Inverse, entry #4 expected:<-Infinity> but was:<Infinity>    at org.junit.Assert.fail(Assert.java:88)
    at org.junit.Assert.failNotEquals(Assert.java:743)
    at org.junit.Assert.assertEquals(Assert.java:494)
    at org.apache.commons.math3.TestUtils.assertEquals(TestUtils.java:260)
    at org.apache.commons.math3.linear.RealVectorAbstractTest.doTestMapFunction(RealVectorAbstractTest.java:876)
    at org.apache.commons.math3.linear.RealVectorAbstractTest.testMap(RealVectorAbstractTest.java:893)
~ testOuterProductSameType(org.apache.commons.math3.linear.SparseRealVectorTest)
[NaN * 0.0 expected:<NaN> but was:<0.0>]
java.lang.AssertionError: NaN * 0.0 expected:<NaN> but was:<0.0>    at org.junit.Assert.fail(Assert.java:88)
    at org.junit.Assert.failNotEquals(Assert.java:743)
    at org.junit.Assert.assertEquals(Assert.java:494)
    at org.apache.commons.math3.linear.RealVectorAbstractTest.doTestOuterProduct(RealVectorAbstractTest.java:928)
    at org.apache.commons.math3.linear.RealVectorAbstractTest.testOuterProductSameType(RealVectorAbstractTest.java:935)
    at sun.reflect.NativeMethodAccessorImpl.invoke0(Native Method)
~ testMapToSelf(org.apache.commons.math3.linear.SparseRealVectorTest)
[Inverse, entry #4 expected:<-Infinity> but was:<Infinity>]
java.lang.AssertionError: Inverse, entry #4 expected:<-Infinity> but was:<Infinity>    at org.junit.Assert.fail(Assert.java:88)
    at org.junit.Assert.failNotEquals(Assert.java:743)
    at org.junit.Assert.assertEquals(Assert.java:494)
    at org.apache.commons.math3.TestUtils.assertEquals(TestUtils.java:260)
    at org.apache.commons.math3.linear.RealVectorAbstractTest.doTestMapFunction(RealVectorAbstractTest.java:876)
    at org.apache.commons.math3.linear.RealVectorAbstractTest.testMapToSelf(RealVectorAbstractTest.java:901)
~ testOuterProductMixedTypes(org.apache.commons.math3.linear.SparseRealVectorTest)
[NaN * 0.0 expected:<NaN> but was:<0.0>]
java.lang.AssertionError: NaN * 0.0 expected:<NaN> but was:<0.0>    at org.junit.Assert.fail(Assert.java:88)
    at org.junit.Assert.failNotEquals(Assert.java:743)
    at org.junit.Assert.assertEquals(Assert.java:494)
    at org.apache.commons.math3.linear.RealVectorAbstractTest.doTestOuterProduct(RealVectorAbstractTest.java:928)
    at org.apache.commons.math3.linear.RealVectorAbstractTest.testOuterProductMixedTypes(RealVectorAbstractTest.java:940)
    at sun.reflect.NativeMethodAccessorImpl.invoke0(Native Method)
~ testMap(org.apache.commons.math3.linear.SparseRealVectorTest)
[Inverse, entry #4 expected:<-Infinity> but was:<Infinity>]
java.lang.AssertionError: Inverse, entry #4 expected:<-Infinity> but was:<Infinity>    at org.junit.Assert.fail(Assert.java:88)
    at org.junit.Assert.failNotEquals(Assert.java:743)
    at org.junit.Assert.assertEquals(Assert.java:494)
    at org.apache.commons.math3.TestUtils.assertEquals(TestUtils.java:260)
    at org.apache.commons.math3.linear.RealVectorAbstractTest.doTestMapFunction(RealVectorAbstractTest.java:876)
    at org.apache.commons.math3.linear.RealVectorAbstractTest.testMap(RealVectorAbstractTest.java:893)
~ testOuterProductSameType(org.apache.commons.math3.linear.SparseRealVectorTest)
[NaN * 0.0 expected:<NaN> but was:<0.0>]
java.lang.AssertionError: NaN * 0.0 expected:<NaN> but was:<0.0>    at org.junit.Assert.fail(Assert.java:88)
    at org.junit.Assert.failNotEquals(Assert.java:743)
    at org.junit.Assert.assertEquals(Assert.java:494)
    at org.apache.commons.math3.linear.RealVectorAbstractTest.doTestOuterProduct(RealVectorAbstractTest.java:928)
    at org.apache.commons.math3.linear.RealVectorAbstractTest.testOuterProductSameType(RealVectorAbstractTest.java:935)
    at sun.reflect.NativeMethodAccessorImpl.invoke0(Native Method)
~ testMapToSelf(org.apache.commons.math3.linear.SparseRealVectorTest)
[Inverse, entry #4 expected:<-Infinity> but was:<Infinity>]
java.lang.AssertionError: Inverse, entry #4 expected:<-Infinity> but was:<Infinity>    at org.junit.Assert.fail(Assert.java:88)
    at org.junit.Assert.failNotEquals(Assert.java:743)
    at org.junit.Assert.assertEquals(Assert.java:494)
    at org.apache.commons.math3.TestUtils.assertEquals(TestUtils.java:260)
    at org.apache.commons.math3.linear.RealVectorAbstractTest.doTestMapFunction(RealVectorAbstractTest.java:876)
    at org.apache.commons.math3.linear.RealVectorAbstractTest.testMapToSelf(RealVectorAbstractTest.java:901)
~ testOuterProductMixedTypes(org.apache.commons.math3.linear.SparseRealVectorTest)
[NaN * 0.0 expected:<NaN> but was:<0.0>]
java.lang.AssertionError: NaN * 0.0 expected:<NaN> but was:<0.0>    at org.junit.Assert.fail(Assert.java:88)
    at org.junit.Assert.failNotEquals(Assert.java:743)
    at org.junit.Assert.assertEquals(Assert.java:494)
    at org.apache.commons.math3.linear.RealVectorAbstractTest.doTestOuterProduct(RealVectorAbstractTest.java:928)
    at org.apache.commons.math3.linear.RealVectorAbstractTest.testOuterProductMixedTypes(RealVectorAbstractTest.java:940)
    at sun.reflect.NativeMethodAccessorImpl.invoke0(Native Method)
~ testMap(org.apache.commons.math3.linear.SparseRealVectorTest)
[Inverse, entry #4 expected:<-Infinity> but was:<Infinity>]
java.lang.AssertionError: Inverse, entry #4 expected:<-Infinity> but was:<Infinity>    at org.junit.Assert.fail(Assert.java:88)
    at org.junit.Assert.failNotEquals(Assert.java:743)
    at org.junit.Assert.assertEquals(Assert.java:494)
    at org.apache.commons.math3.TestUtils.assertEquals(TestUtils.java:260)
    at org.apache.commons.math3.linear.RealVectorAbstractTest.doTestMapFunction(RealVectorAbstractTest.java:876)
    at org.apache.commons.math3.linear.RealVectorAbstractTest.testMap(RealVectorAbstractTest.java:893)
~ testOuterProductSameType(org.apache.commons.math3.linear.SparseRealVectorTest)
[NaN * 0.0 expected:<NaN> but was:<0.0>]
java.lang.AssertionError: NaN * 0.0 expected:<NaN> but was:<0.0>    at org.junit.Assert.fail(Assert.java:88)
    at org.junit.Assert.failNotEquals(Assert.java:743)
    at org.junit.Assert.assertEquals(Assert.java:494)
    at org.apache.commons.math3.linear.RealVectorAbstractTest.doTestOuterProduct(RealVectorAbstractTest.java:928)
    at org.apache.commons.math3.linear.RealVectorAbstractTest.testOuterProductSameType(RealVectorAbstractTest.java:935)
    at sun.reflect.NativeMethodAccessorImpl.invoke0(Native Method)
~ testMapToSelf(org.apache.commons.math3.linear.SparseRealVectorTest)
[Inverse, entry #4 expected:<-Infinity> but was:<Infinity>]
java.lang.AssertionError: Inverse, entry #4 expected:<-Infinity> but was:<Infinity>    at org.junit.Assert.fail(Assert.java:88)
    at org.junit.Assert.failNotEquals(Assert.java:743)
    at org.junit.Assert.assertEquals(Assert.java:494)
    at org.apache.commons.math3.TestUtils.assertEquals(TestUtils.java:260)
    at org.apache.commons.math3.linear.RealVectorAbstractTest.doTestMapFunction(RealVectorAbstractTest.java:876)
    at org.apache.commons.math3.linear.RealVectorAbstractTest.testMapToSelf(RealVectorAbstractTest.java:901)

19:32:43.482 [pool-2-thread-1] DEBUG fr.inria.lille.repair.nopol.NoPol - statement #44
19:32:43.482 [pool-2-thread-1] DEBUG fr.inria.lille.repair.nopol.NoPol - Analysing SourceLocation org.apache.commons.math3.linear.OpenMapRealVector$OpenMapEntry:755 which is executed by 23 tests
-447166284
19:32:43.598 [pool-2-thread-1] DEBUG fr.inria.lille.repair.nopol.NoPol - statement #45
19:32:43.598 [pool-2-thread-1] DEBUG fr.inria.lille.repair.nopol.NoPol - Analysing SourceLocation org.apache.commons.math3.linear.OpenMapRealVector$OpenMapEntry:767 which is executed by 6 tests
-447166284
19:32:43.708 [pool-2-thread-1] DEBUG fr.inria.lille.repair.nopol.NoPol - statement #46
19:32:43.709 [pool-2-thread-1] DEBUG fr.inria.lille.repair.nopol.NoPol - Analysing SourceLocation org.apache.commons.math3.analysis.function.Asin:33 which is executed by 6 tests
2050296
19:32:43.798 [pool-2-thread-1] DEBUG fr.inria.lille.repair.nopol.NoPol - statement #47
19:32:43.798 [pool-2-thread-1] DEBUG fr.inria.lille.repair.nopol.NoPol - Analysing SourceLocation org.apache.commons.math3.analysis.function.Exp:33 which is executed by 6 tests
70142
19:32:43.885 [pool-2-thread-1] DEBUG fr.inria.lille.repair.nopol.NoPol - statement #48
19:32:43.886 [pool-2-thread-1] DEBUG fr.inria.lille.repair.nopol.NoPol - Analysing SourceLocation org.apache.commons.math3.analysis.function.Tanh:33 which is executed by 6 tests
2599176
19:32:43.974 [pool-2-thread-1] DEBUG fr.inria.lille.repair.nopol.NoPol - statement #49
19:32:43.974 [pool-2-thread-1] DEBUG fr.inria.lille.repair.nopol.NoPol - Analysing SourceLocation org.apache.commons.math3.analysis.function.Log1p:33 which is executed by 6 tests
73595012
19:32:44.063 [pool-2-thread-1] DEBUG fr.inria.lille.repair.nopol.NoPol - statement #50
19:32:44.063 [pool-2-thread-1] DEBUG fr.inria.lille.repair.nopol.NoPol - Analysing SourceLocation org.apache.commons.math3.analysis.function.Expm1:33 which is executed by 6 tests
67408930
19:32:44.150 [pool-2-thread-1] DEBUG fr.inria.lille.repair.nopol.NoPol - statement #51
19:32:44.151 [pool-2-thread-1] DEBUG fr.inria.lille.repair.nopol.NoPol - Analysing SourceLocation org.apache.commons.math3.linear.RealVectorAbstractTest:880 which is executed by 6 tests
19:32:44.151 [pool-2-thread-1] DEBUG fr.inria.lille.repair.nopol.NoPol - cannot spoon SourceLocation org.apache.commons.math3.linear.RealVectorAbstractTest:880
19:32:44.151 [pool-2-thread-1] DEBUG fr.inria.lille.repair.nopol.NoPol - statement #52
19:32:44.151 [pool-2-thread-1] DEBUG fr.inria.lille.repair.nopol.NoPol - Analysing SourceLocation org.apache.commons.math3.linear.RealVectorAbstractTest:877 which is executed by 6 tests
19:32:44.151 [pool-2-thread-1] DEBUG fr.inria.lille.repair.nopol.NoPol - cannot spoon SourceLocation org.apache.commons.math3.linear.RealVectorAbstractTest:877
19:32:44.151 [pool-2-thread-1] DEBUG fr.inria.lille.repair.nopol.NoPol - statement #53
19:32:44.151 [pool-2-thread-1] DEBUG fr.inria.lille.repair.nopol.NoPol - Analysing SourceLocation org.apache.commons.math3.linear.RealVectorAbstractTest:876 which is executed by 6 tests
19:32:44.151 [pool-2-thread-1] DEBUG fr.inria.lille.repair.nopol.NoPol - cannot spoon SourceLocation org.apache.commons.math3.linear.RealVectorAbstractTest:876
19:32:44.151 [pool-2-thread-1] DEBUG fr.inria.lille.repair.nopol.NoPol - statement #54
19:32:44.151 [pool-2-thread-1] DEBUG fr.inria.lille.repair.nopol.NoPol - Analysing SourceLocation org.apache.commons.math3.linear.RealVectorAbstractTest:870 which is executed by 6 tests
19:32:44.152 [pool-2-thread-1] DEBUG fr.inria.lille.repair.nopol.NoPol - cannot spoon SourceLocation org.apache.commons.math3.linear.RealVectorAbstractTest:870
19:32:44.152 [pool-2-thread-1] DEBUG fr.inria.lille.repair.nopol.NoPol - statement #55
19:32:44.152 [pool-2-thread-1] DEBUG fr.inria.lille.repair.nopol.NoPol - Analysing SourceLocation org.apache.commons.math3.linear.RealVectorAbstractTest:868 which is executed by 6 tests
19:32:44.152 [pool-2-thread-1] DEBUG fr.inria.lille.repair.nopol.NoPol - cannot spoon SourceLocation org.apache.commons.math3.linear.RealVectorAbstractTest:868
19:32:44.152 [pool-2-thread-1] DEBUG fr.inria.lille.repair.nopol.NoPol - statement #56
19:32:44.152 [pool-2-thread-1] DEBUG fr.inria.lille.repair.nopol.NoPol - Analysing SourceLocation org.apache.commons.math3.linear.RealVectorAbstractTest:866 which is executed by 6 tests
19:32:44.152 [pool-2-thread-1] DEBUG fr.inria.lille.repair.nopol.NoPol - cannot spoon SourceLocation org.apache.commons.math3.linear.RealVectorAbstractTest:866
19:32:44.152 [pool-2-thread-1] DEBUG fr.inria.lille.repair.nopol.NoPol - statement #57
19:32:44.152 [pool-2-thread-1] DEBUG fr.inria.lille.repair.nopol.NoPol - Analysing SourceLocation org.apache.commons.math3.linear.RealVectorAbstractTest:865 which is executed by 6 tests
19:32:44.152 [pool-2-thread-1] DEBUG fr.inria.lille.repair.nopol.NoPol - cannot spoon SourceLocation org.apache.commons.math3.linear.RealVectorAbstractTest:865
19:32:44.152 [pool-2-thread-1] DEBUG fr.inria.lille.repair.nopol.NoPol - statement #58
19:32:44.152 [pool-2-thread-1] DEBUG fr.inria.lille.repair.nopol.NoPol - Analysing SourceLocation org.apache.commons.math3.linear.RealVectorAbstractTest:864 which is executed by 6 tests
19:32:44.152 [pool-2-thread-1] DEBUG fr.inria.lille.repair.nopol.NoPol - cannot spoon SourceLocation org.apache.commons.math3.linear.RealVectorAbstractTest:864
19:32:44.152 [pool-2-thread-1] DEBUG fr.inria.lille.repair.nopol.NoPol - statement #59
19:32:44.152 [pool-2-thread-1] DEBUG fr.inria.lille.repair.nopol.NoPol - Analysing SourceLocation org.apache.commons.math3.linear.RealVectorAbstractTest:863 which is executed by 6 tests
19:32:44.153 [pool-2-thread-1] DEBUG fr.inria.lille.repair.nopol.NoPol - cannot spoon SourceLocation org.apache.commons.math3.linear.RealVectorAbstractTest:863
19:32:44.153 [pool-2-thread-1] DEBUG fr.inria.lille.repair.nopol.NoPol - statement #60
19:32:44.153 [pool-2-thread-1] DEBUG fr.inria.lille.repair.nopol.NoPol - Analysing SourceLocation org.apache.commons.math3.linear.RealVectorAbstractTest:862 which is executed by 6 tests
19:32:44.153 [pool-2-thread-1] DEBUG fr.inria.lille.repair.nopol.NoPol - cannot spoon SourceLocation org.apache.commons.math3.linear.RealVectorAbstractTest:862
19:32:44.153 [pool-2-thread-1] DEBUG fr.inria.lille.repair.nopol.NoPol - statement #61
19:32:44.153 [pool-2-thread-1] DEBUG fr.inria.lille.repair.nopol.NoPol - Analysing SourceLocation org.apache.commons.math3.linear.RealVectorAbstractTest:861 which is executed by 6 tests
19:32:44.153 [pool-2-thread-1] DEBUG fr.inria.lille.repair.nopol.NoPol - cannot spoon SourceLocation org.apache.commons.math3.linear.RealVectorAbstractTest:861
19:32:44.153 [pool-2-thread-1] DEBUG fr.inria.lille.repair.nopol.NoPol - statement #62
19:32:44.153 [pool-2-thread-1] DEBUG fr.inria.lille.repair.nopol.NoPol - Analysing SourceLocation org.apache.commons.math3.linear.RealVectorAbstractTest:860 which is executed by 6 tests
19:32:44.153 [pool-2-thread-1] DEBUG fr.inria.lille.repair.nopol.NoPol - cannot spoon SourceLocation org.apache.commons.math3.linear.RealVectorAbstractTest:860
19:32:44.153 [pool-2-thread-1] DEBUG fr.inria.lille.repair.nopol.NoPol - statement #63
19:32:44.154 [pool-2-thread-1] DEBUG fr.inria.lille.repair.nopol.NoPol - Analysing SourceLocation org.apache.commons.math3.linear.RealVectorAbstractTest:859 which is executed by 6 tests
19:32:44.154 [pool-2-thread-1] DEBUG fr.inria.lille.repair.nopol.NoPol - cannot spoon SourceLocation org.apache.commons.math3.linear.RealVectorAbstractTest:859
19:32:44.154 [pool-2-thread-1] DEBUG fr.inria.lille.repair.nopol.NoPol - statement #64
19:32:44.154 [pool-2-thread-1] DEBUG fr.inria.lille.repair.nopol.NoPol - Analysing SourceLocation org.apache.commons.math3.linear.RealVectorAbstractTest:858 which is executed by 6 tests
19:32:44.154 [pool-2-thread-1] DEBUG fr.inria.lille.repair.nopol.NoPol - cannot spoon SourceLocation org.apache.commons.math3.linear.RealVectorAbstractTest:858
19:32:44.154 [pool-2-thread-1] DEBUG fr.inria.lille.repair.nopol.NoPol - statement #65
19:32:44.154 [pool-2-thread-1] DEBUG fr.inria.lille.repair.nopol.NoPol - Analysing SourceLocation org.apache.commons.math3.linear.RealVectorAbstractTest:857 which is executed by 6 tests
19:32:44.154 [pool-2-thread-1] DEBUG fr.inria.lille.repair.nopol.NoPol - cannot spoon SourceLocation org.apache.commons.math3.linear.RealVectorAbstractTest:857
19:32:44.154 [pool-2-thread-1] DEBUG fr.inria.lille.repair.nopol.NoPol - statement #66
19:32:44.155 [pool-2-thread-1] DEBUG fr.inria.lille.repair.nopol.NoPol - Analysing SourceLocation org.apache.commons.math3.linear.RealVectorAbstractTest:856 which is executed by 6 tests
19:32:44.155 [pool-2-thread-1] DEBUG fr.inria.lille.repair.nopol.NoPol - cannot spoon SourceLocation org.apache.commons.math3.linear.RealVectorAbstractTest:856
19:32:44.155 [pool-2-thread-1] DEBUG fr.inria.lille.repair.nopol.NoPol - statement #67
19:32:44.155 [pool-2-thread-1] DEBUG fr.inria.lille.repair.nopol.NoPol - Analysing SourceLocation org.apache.commons.math3.analysis.function.Tan:33 which is executed by 6 tests
83842
19:32:44.243 [pool-2-thread-1] DEBUG fr.inria.lille.repair.nopol.NoPol - statement #68
19:32:44.244 [pool-2-thread-1] DEBUG fr.inria.lille.repair.nopol.NoPol - Analysing SourceLocation org.apache.commons.math3.analysis.function.Atan:33 which is executed by 6 tests
2051009
19:32:44.331 [pool-2-thread-1] DEBUG fr.inria.lille.repair.nopol.NoPol - statement #69
19:32:44.332 [pool-2-thread-1] DEBUG fr.inria.lille.repair.nopol.NoPol - Analysing SourceLocation org.apache.commons.math3.analysis.function.Log10:36 which is executed by 6 tests
73594948
19:32:44.419 [pool-2-thread-1] DEBUG fr.inria.lille.repair.nopol.NoPol - statement #70
19:32:44.420 [pool-2-thread-1] DEBUG fr.inria.lille.repair.nopol.NoPol - Analysing SourceLocation org.apache.commons.math3.analysis.function.Acos:33 which is executed by 6 tests
2035111
19:32:44.508 [pool-2-thread-1] DEBUG fr.inria.lille.repair.nopol.NoPol - statement #71
19:32:44.508 [pool-2-thread-1] DEBUG fr.inria.lille.repair.nopol.NoPol - Analysing SourceLocation org.apache.commons.math3.linear.OpenMapRealVector$OpenMapSparseIterator:791 which is executed by 25 tests
-447166284
19:32:44.619 [pool-2-thread-1] DEBUG fr.inria.lille.repair.nopol.NoPol - statement #72
19:32:44.620 [pool-2-thread-1] DEBUG fr.inria.lille.repair.nopol.NoPol - Analysing SourceLocation org.apache.commons.math3.linear.OpenMapRealVector:34 which is executed by 63 tests
-447166284
19:32:44.727 [pool-2-thread-1] DEBUG fr.inria.lille.repair.nopol.NoPol - statement #73
19:32:44.727 [pool-2-thread-1] DEBUG fr.inria.lille.repair.nopol.NoPol - Analysing SourceLocation org.apache.commons.math3.linear.OpenMapRealVector:731 which is executed by 25 tests
-447166284
19:32:44.841 [pool-2-thread-1] DEBUG fr.inria.lille.repair.nopol.NoPol - statement #74
19:32:44.841 [pool-2-thread-1] DEBUG fr.inria.lille.repair.nopol.NoPol - Analysing SourceLocation org.apache.commons.math3.optimization.direct.BOBYQAOptimizer:881 which is executed by 7 tests
283261218
19:32:44.988 [pool-2-thread-1] DEBUG fr.inria.lille.repair.nopol.NoPol - looking with class fr.inria.lille.repair.nopol.spoon.smt.ConditionalAdder
java.lang.AssertionError: expected:<0.0> but was:<1.047765607609108E-8>
    at org.junit.Assert.fail(Assert.java:88)
    at org.junit.Assert.failNotEquals(Assert.java:743)
    at org.junit.Assert.assertEquals(Assert.java:494)
    at org.apache.commons.math3.optimization.direct.BOBYQAOptimizerTest.doTest(BOBYQAOptimizerTest.java:326)
    at org.apache.commons.math3.optimization.direct.BOBYQAOptimizerTest.doTest(BOBYQAOptimizerTest.java:276)
    at org.apache.commons.math3.optimization.direct.BOBYQAOptimizerTest.testAckley(BOBYQAOptimizerTest.java:205)
org.apache.commons.math3.exception.TooManyEvaluationsException: illegal state: maximal count (12,000) exceeded: evaluations
    at org.apache.commons.math3.optimization.direct.BaseAbstractMultivariateOptimizer.computeObjectiveValue(BaseAbstractMultivariateOptimizer.java:97)
    at org.apache.commons.math3.optimization.direct.BOBYQAOptimizer.bobyqb(BOBYQAOptimizer.java:828)
    at org.apache.commons.math3.optimization.direct.BOBYQAOptimizer.bobyqa(BOBYQAOptimizer.java:334)
    at org.apache.commons.math3.optimization.direct.BOBYQAOptimizer.doOptimize(BOBYQAOptimizer.java:246)
    at org.apache.commons.math3.optimization.direct.BaseAbstractMultivariateOptimizer.optimize(BaseAbstractMultivariateOptimizer.java:126)
    at org.apache.commons.math3.optimization.direct.BaseAbstractMultivariateSimpleBoundsOptimizer.optimize(BaseAbstractMultivariateSimpleBoundsOptimizer.java:139)
java.lang.AssertionError: expected:<0.0> but was:<1.047765607609108E-8>
    at org.junit.Assert.fail(Assert.java:88)
    at org.junit.Assert.failNotEquals(Assert.java:743)
    at org.junit.Assert.assertEquals(Assert.java:494)
    at org.apache.commons.math3.optimization.direct.BOBYQAOptimizerTest.doTest(BOBYQAOptimizerTest.java:326)
    at org.apache.commons.math3.optimization.direct.BOBYQAOptimizerTest.doTest(BOBYQAOptimizerTest.java:276)
    at org.apache.commons.math3.optimization.direct.BOBYQAOptimizerTest.testAckley(BOBYQAOptimizerTest.java:205)
org.apache.commons.math3.exception.TooManyEvaluationsException: illegal state: maximal count (12,000) exceeded: evaluations
    at org.apache.commons.math3.optimization.direct.BaseAbstractMultivariateOptimizer.computeObjectiveValue(BaseAbstractMultivariateOptimizer.java:97)
    at org.apache.commons.math3.optimization.direct.BOBYQAOptimizer.bobyqb(BOBYQAOptimizer.java:828)
    at org.apache.commons.math3.optimization.direct.BOBYQAOptimizer.bobyqa(BOBYQAOptimizer.java:334)
    at org.apache.commons.math3.optimization.direct.BOBYQAOptimizer.doOptimize(BOBYQAOptimizer.java:246)
    at org.apache.commons.math3.optimization.direct.BaseAbstractMultivariateOptimizer.optimize(BaseAbstractMultivariateOptimizer.java:126)
    at org.apache.commons.math3.optimization.direct.BaseAbstractMultivariateSimpleBoundsOptimizer.optimize(BaseAbstractMultivariateSimpleBoundsOptimizer.java:139)
19:33:30.699 [pool-88-thread-1] INFO  xxl.java.junit.TestCasesListener - Tests run finished (45705 ms)
<> Total tests run: 38
<> Ignored tests: 0
<> Failed tests: 4
~ testAckley(org.apache.commons.math3.optimization.direct.BOBYQAOptimizerTest)
[expected:<0.0> but was:<1.047765607609108E-8>]
java.lang.AssertionError: expected:<0.0> but was:<1.047765607609108E-8>    at org.junit.Assert.fail(Assert.java:88)
    at org.junit.Assert.failNotEquals(Assert.java:743)
    at org.junit.Assert.assertEquals(Assert.java:494)
    at org.apache.commons.math3.optimization.direct.BOBYQAOptimizerTest.doTest(BOBYQAOptimizerTest.java:326)
    at org.apache.commons.math3.optimization.direct.BOBYQAOptimizerTest.doTest(BOBYQAOptimizerTest.java:276)
    at org.apache.commons.math3.optimization.direct.BOBYQAOptimizerTest.testAckley(BOBYQAOptimizerTest.java:205)
~ testDiffPow(org.apache.commons.math3.optimization.direct.BOBYQAOptimizerTest)
[illegal state: maximal count (12,000) exceeded: evaluations]
org.apache.commons.math3.exception.TooManyEvaluationsException: illegal state: maximal count (12,000) exceeded: evaluations    at org.apache.commons.math3.optimization.direct.BaseAbstractMultivariateOptimizer.computeObjectiveValue(BaseAbstractMultivariateOptimizer.java:97)
    at org.apache.commons.math3.optimization.direct.BOBYQAOptimizer.bobyqb(BOBYQAOptimizer.java:828)
    at org.apache.commons.math3.optimization.direct.BOBYQAOptimizer.bobyqa(BOBYQAOptimizer.java:334)
    at org.apache.commons.math3.optimization.direct.BOBYQAOptimizer.doOptimize(BOBYQAOptimizer.java:246)
    at org.apache.commons.math3.optimization.direct.BaseAbstractMultivariateOptimizer.optimize(BaseAbstractMultivariateOptimizer.java:126)
    at org.apache.commons.math3.optimization.direct.BaseAbstractMultivariateSimpleBoundsOptimizer.optimize(BaseAbstractMultivariateSimpleBoundsOptimizer.java:139)
~ testAckley(org.apache.commons.math3.optimization.direct.BOBYQAOptimizerTest)
[expected:<0.0> but was:<1.047765607609108E-8>]
java.lang.AssertionError: expected:<0.0> but was:<1.047765607609108E-8>    at org.junit.Assert.fail(Assert.java:88)
    at org.junit.Assert.failNotEquals(Assert.java:743)
    at org.junit.Assert.assertEquals(Assert.java:494)
    at org.apache.commons.math3.optimization.direct.BOBYQAOptimizerTest.doTest(BOBYQAOptimizerTest.java:326)
    at org.apache.commons.math3.optimization.direct.BOBYQAOptimizerTest.doTest(BOBYQAOptimizerTest.java:276)
    at org.apache.commons.math3.optimization.direct.BOBYQAOptimizerTest.testAckley(BOBYQAOptimizerTest.java:205)
~ testDiffPow(org.apache.commons.math3.optimization.direct.BOBYQAOptimizerTest)
[illegal state: maximal count (12,000) exceeded: evaluations]
org.apache.commons.math3.exception.TooManyEvaluationsException: illegal state: maximal count (12,000) exceeded: evaluations    at org.apache.commons.math3.optimization.direct.BaseAbstractMultivariateOptimizer.computeObjectiveValue(BaseAbstractMultivariateOptimizer.java:97)
    at org.apache.commons.math3.optimization.direct.BOBYQAOptimizer.bobyqb(BOBYQAOptimizer.java:828)
    at org.apache.commons.math3.optimization.direct.BOBYQAOptimizer.bobyqa(BOBYQAOptimizer.java:334)
    at org.apache.commons.math3.optimization.direct.BOBYQAOptimizer.doOptimize(BOBYQAOptimizer.java:246)
    at org.apache.commons.math3.optimization.direct.BaseAbstractMultivariateOptimizer.optimize(BaseAbstractMultivariateOptimizer.java:126)
    at org.apache.commons.math3.optimization.direct.BaseAbstractMultivariateSimpleBoundsOptimizer.optimize(BaseAbstractMultivariateSimpleBoundsOptimizer.java:139)

19:33:57.533 [pool-87-thread-1] DEBUG f.i.l.r.n.s.d.DynamothSynthesizer - Ignore the test org.apache.commons.math3.optimization.direct.BOBYQAOptimizerTest#testConstrainedRosen
19:33:58.232 [pool-87-thread-1] DEBUG f.i.l.r.n.s.d.DynamothSynthesizer - Ignore the test org.apache.commons.math3.optimization.direct.BOBYQAOptimizerTest#testElliRotated
19:33:58.388 [pool-87-thread-1] DEBUG f.i.l.r.n.s.d.DynamothSynthesizer - Ignore the test org.apache.commons.math3.optimization.direct.BOBYQAOptimizerTest#testSsDiffPow
19:34:16.528 [pool-87-thread-1] DEBUG f.i.l.r.n.s.d.DynamothSynthesizer - Ignore the test org.apache.commons.math3.optimization.direct.BOBYQAOptimizerTest#testConstrainedRosenWithMoreInterpolationPoints
19:34:16.642 [pool-87-thread-1] DEBUG f.i.l.r.n.s.d.DynamothSynthesizer - Ignore the test org.apache.commons.math3.optimization.direct.BOBYQAOptimizerTest#testRosen
19:34:16.670 [pool-87-thread-1] INFO  f.i.l.repair.nopol.patch.TestPatch - Applying patch: org.apache.commons.math3.optimization.direct.BOBYQAOptimizer:881: PRECONDITION false
19:34:17.105 [pool-87-thread-1] INFO  f.i.l.repair.nopol.patch.TestPatch - Running test suite to check the patch "false" is working
19:34:42.014 [pool-2-thread-1] INFO  fr.inria.lille.repair.nopol.NoPol - ----INFORMATION----
19:34:42.268 [pool-2-thread-1] INFO  fr.inria.lille.repair.nopol.NoPol - Nb classes : 580
19:34:42.268 [pool-2-thread-1] INFO  fr.inria.lille.repair.nopol.NoPol - Nb methods : 3793
19:34:42.268 [pool-2-thread-1] INFO  fr.inria.lille.repair.nopol.NoPol - Nb Statements Analyzed : 11
19:34:42.268 [pool-2-thread-1] INFO  fr.inria.lille.repair.nopol.NoPol - Nb Statements with Angelic Value Found : 1
19:34:42.269 [pool-2-thread-1] INFO  fr.inria.lille.repair.nopol.NoPol - NoPol Execution time : 911649ms
19:34:42.269 [pool-2-thread-1] INFO  fr.inria.lille.repair.nopol.NoPol - 
19:34:42.269 [pool-2-thread-1] INFO  fr.inria.lille.repair.nopol.NoPol - ----PATCH FOUND----
19:34:42.269 [pool-2-thread-1] INFO  fr.inria.lille.repair.nopol.NoPol - false
19:34:42.401 [pool-2-thread-1] INFO  fr.inria.lille.repair.nopol.NoPol - Nb test that executes the patch: 7
19:34:42.401 [pool-2-thread-1] INFO  fr.inria.lille.repair.nopol.NoPol - org.apache.commons.math3.optimization.direct.BOBYQAOptimizer:881: PRECONDITION
19:34:42.453 [pool-2-thread-1] INFO  fr.inria.lille.repair.nopol.NoPol - --- a/src/main/java/org/apache/commons/math3/optimization/direct/BOBYQAOptimizer.java
+++ b/src/main/java/org/apache/commons/math3/optimization/direct/BOBYQAOptimizer.java
@@ -880,3 +880,5 @@
                     // Computing MAX
-                    delta = Math.max(hDelta, dnorm);
+                    if (false) {
+                        delta = Math.max(hDelta, dnorm);
+                    }
                 } else {

PATCH
1670.30user 9.55system 15:14.01elapsed 183%CPU (0avgtext+0avgdata 4541516maxresident)k
40008inputs+7440outputs (3major+1524167minor)pagefaults 0swaps


Node: petitprince-13.luxembourg.grid5000.fr



Date: Sun Dec 30 19:34:43 EST 2018

