cd /tmp/Nopol_Bug_dot_jar_Commons-Math_b285f170;
export JAVA_TOOL_OPTIONS="-Dfile.encoding=UTF8 -Duser.language=en-US -Duser.country=US -Duser.language=en";
TZ="America/New_York"; export TZ;
export PATH="/usr/lib/jvm/java-1.8.0-openjdk-amd64/bin/:$PATH";
export JAVA_HOME="/usr/lib/jvm/java-1.8.0-openjdk-amd64/bin/";
time java -Xmx4g -Xms1g -cp /home/tdurieux/defects4j4repair/script/../repair_tools/nopol.jar:/usr/lib/jvm/java-1.8.0-openjdk-amd64/bin//../lib/tools.jar fr.inria.lille.repair.Main \
	--mode repair \
	--type pre_then_cond \
	--oracle angelic \
	--synthesis smt \
	--flocal gzoltar \
	--json \
	--solver z3 \
	--solver-path /home/tdurieux/defects4j4repair/script/../libs/z3/build/z3 \
	--complianceLevel 7 \
	--source src/main/java \
	--classpath "target/classes:target/test-classes:/home/tdurieux/.m2/repository/junit/junit/4.11/junit-4.11.jar:/home/tdurieux/.m2/repository/org/hamcrest/hamcrest-core/1.3/hamcrest-core-1.3.jar:/home/tdurieux/defects4j4repair/script/../repair_tools/nopol.jar";
	echo "\n\nNode: `hostname`\n";
	echo "\n\nDate: `date`\n";
Picked up JAVA_TOOL_OPTIONS: -Dfile.encoding=UTF8 -Duser.language=en-US -Duser.country=US -Duser.language=en
09:03:03.149 [main] INFO  fr.inria.lille.repair.nopol.NoPol - Source files: [src/main/java]
09:03:03.168 [main] INFO  fr.inria.lille.repair.nopol.NoPol - Classpath: [file:/tmp/Nopol_Bug_dot_jar_Commons-Math_b285f170/target/classes/, file:/tmp/Nopol_Bug_dot_jar_Commons-Math_b285f170/target/test-classes/, file:/home/tdurieux/.m2/repository/junit/junit/4.11/junit-4.11.jar, file:/home/tdurieux/.m2/repository/org/hamcrest/hamcrest-core/1.3/hamcrest-core-1.3.jar, file:/home/tdurieux/defects4j4repair/script/../repair_tools/nopol.jar]
09:03:03.168 [main] INFO  fr.inria.lille.repair.nopol.NoPol - Statement type: PRE_THEN_COND
09:03:03.168 [main] INFO  fr.inria.lille.repair.nopol.NoPol - Args: [org.apache.commons.math3.RetryRunnerTest, org.apache.commons.math3.analysis.FunctionUtilsTest, org.apache.commons.math3.analysis.differentiation.DSCompilerTest, org.apache.commons.math3.analysis.differentiation.DerivativeStructureTest, org.apache.commons.math3.analysis.differentiation.FiniteDifferencesDifferentiatorTest, org.apache.commons.math3.analysis.differentiation.GradientFunctionTest, org.apache.commons.math3.analysis.differentiation.JacobianFunctionTest, org.apache.commons.math3.analysis.differentiation.SparseGradientTest, org.apache.commons.math3.analysis.function.GaussianTest, org.apache.commons.math3.analysis.function.HarmonicOscillatorTest, org.apache.commons.math3.analysis.function.LogisticTest, org.apache.commons.math3.analysis.function.LogitTest, org.apache.commons.math3.analysis.function.SigmoidTest, org.apache.commons.math3.analysis.function.SincTest, org.apache.commons.math3.analysis.function.SqrtTest, org.apache.commons.math3.analysis.function.StepFunctionTest, org.apache.commons.math3.analysis.integration.IterativeLegendreGaussIntegratorTest, org.apache.commons.math3.analysis.integration.LegendreGaussIntegratorTest, org.apache.commons.math3.analysis.integration.MidPointIntegratorTest, org.apache.commons.math3.analysis.integration.RombergIntegratorTest, org.apache.commons.math3.analysis.integration.SimpsonIntegratorTest, org.apache.commons.math3.analysis.integration.TrapezoidIntegratorTest, org.apache.commons.math3.analysis.integration.gauss.BaseRuleFactoryTest, org.apache.commons.math3.analysis.integration.gauss.GaussIntegratorTest, org.apache.commons.math3.analysis.integration.gauss.HermiteParametricTest, org.apache.commons.math3.analysis.integration.gauss.HermiteTest, org.apache.commons.math3.analysis.integration.gauss.LegendreHighPrecisionParametricTest, org.apache.commons.math3.analysis.integration.gauss.LegendreHighPrecisionTest, org.apache.commons.math3.analysis.integration.gauss.LegendreParametricTest, org.apache.commons.math3.analysis.integration.gauss.LegendreTest, org.apache.commons.math3.analysis.interpolation.BicubicSplineInterpolatingFunctionTest, org.apache.commons.math3.analysis.interpolation.BicubicSplineInterpolatorTest, org.apache.commons.math3.analysis.interpolation.DividedDifferenceInterpolatorTest, org.apache.commons.math3.analysis.interpolation.FieldHermiteInterpolatorTest, org.apache.commons.math3.analysis.interpolation.HermiteInterpolatorTest, org.apache.commons.math3.analysis.interpolation.LinearInterpolatorTest, org.apache.commons.math3.analysis.interpolation.LoessInterpolatorTest, org.apache.commons.math3.analysis.interpolation.MicrosphereInterpolatorTest, org.apache.commons.math3.analysis.interpolation.NevilleInterpolatorTest, org.apache.commons.math3.analysis.interpolation.SmoothingPolynomialBicubicSplineInterpolatorTest, org.apache.commons.math3.analysis.interpolation.SplineInterpolatorTest, org.apache.commons.math3.analysis.interpolation.TricubicSplineInterpolatingFunctionTest, org.apache.commons.math3.analysis.interpolation.TricubicSplineInterpolatorTest, org.apache.commons.math3.analysis.interpolation.UnivariatePeriodicInterpolatorTest, org.apache.commons.math3.analysis.polynomials.PolynomialFunctionLagrangeFormTest, org.apache.commons.math3.analysis.polynomials.PolynomialFunctionNewtonFormTest, org.apache.commons.math3.analysis.polynomials.PolynomialFunctionTest, org.apache.commons.math3.analysis.polynomials.PolynomialSplineFunctionTest, org.apache.commons.math3.analysis.polynomials.PolynomialsUtilsTest, org.apache.commons.math3.analysis.solvers.BisectionSolverTest, org.apache.commons.math3.analysis.solvers.BracketingNthOrderBrentSolverTest, org.apache.commons.math3.analysis.solvers.BrentSolverTest, org.apache.commons.math3.analysis.solvers.IllinoisSolverTest, org.apache.commons.math3.analysis.solvers.LaguerreSolverTest, org.apache.commons.math3.analysis.solvers.MullerSolver2Test, org.apache.commons.math3.analysis.solvers.MullerSolverTest, org.apache.commons.math3.analysis.solvers.NewtonRaphsonSolverTest, org.apache.commons.math3.analysis.solvers.NewtonSolverTest, org.apache.commons.math3.analysis.solvers.PegasusSolverTest, org.apache.commons.math3.analysis.solvers.RegulaFalsiSolverTest, org.apache.commons.math3.analysis.solvers.RiddersSolverTest, org.apache.commons.math3.analysis.solvers.SecantSolverTest, org.apache.commons.math3.analysis.solvers.UnivariateSolverUtilsTest, org.apache.commons.math3.complex.ComplexFieldTest, org.apache.commons.math3.complex.ComplexFormatTest, org.apache.commons.math3.complex.ComplexTest, org.apache.commons.math3.complex.ComplexUtilsTest, org.apache.commons.math3.complex.FrenchComplexFormatTest, org.apache.commons.math3.complex.QuaternionTest, org.apache.commons.math3.complex.RootsOfUnityTest, org.apache.commons.math3.dfp.BracketingNthOrderBrentSolverDFPTest, org.apache.commons.math3.dfp.DfpDecTest, org.apache.commons.math3.dfp.DfpMathTest, org.apache.commons.math3.dfp.DfpTest, org.apache.commons.math3.distribution.AbstractIntegerDistributionTest, org.apache.commons.math3.distribution.AbstractRealDistributionTest, org.apache.commons.math3.distribution.BetaDistributionTest, org.apache.commons.math3.distribution.BinomialDistributionTest, org.apache.commons.math3.distribution.CauchyDistributionTest, org.apache.commons.math3.distribution.ChiSquaredDistributionTest, org.apache.commons.math3.distribution.EnumeratedIntegerDistributionTest, org.apache.commons.math3.distribution.EnumeratedRealDistributionTest, org.apache.commons.math3.distribution.ExponentialDistributionTest, org.apache.commons.math3.distribution.FDistributionTest, org.apache.commons.math3.distribution.GammaDistributionTest, org.apache.commons.math3.distribution.GeometricDistributionTest, org.apache.commons.math3.distribution.HypergeometricDistributionTest, org.apache.commons.math3.distribution.KolmogorovSmirnovDistributionTest, org.apache.commons.math3.distribution.LevyDistributionTest, org.apache.commons.math3.distribution.LogNormalDistributionTest, org.apache.commons.math3.distribution.MultivariateNormalDistributionTest, org.apache.commons.math3.distribution.MultivariateNormalMixtureModelDistributionTest, org.apache.commons.math3.distribution.NormalDistributionTest, org.apache.commons.math3.distribution.ParetoDistributionTest, org.apache.commons.math3.distribution.PascalDistributionTest, org.apache.commons.math3.distribution.PoissonDistributionTest, org.apache.commons.math3.distribution.TDistributionTest, org.apache.commons.math3.distribution.TriangularDistributionTest, org.apache.commons.math3.distribution.UniformIntegerDistributionTest, org.apache.commons.math3.distribution.UniformRealDistributionTest, org.apache.commons.math3.distribution.WeibullDistributionTest, org.apache.commons.math3.distribution.ZipfDistributionTest, org.apache.commons.math3.distribution.fitting.MultivariateNormalMixtureExpectationMaximizationTest, org.apache.commons.math3.exception.DimensionMismatchExceptionTest, org.apache.commons.math3.exception.MaxCountExceededExceptionTest, org.apache.commons.math3.exception.NonMonotonicSequenceExceptionTest, org.apache.commons.math3.exception.NotPositiveExceptionTest, org.apache.commons.math3.exception.NotStrictlyPositiveExceptionTest, org.apache.commons.math3.exception.NumberIsTooLargeExceptionTest, org.apache.commons.math3.exception.NumberIsTooSmallExceptionTest, org.apache.commons.math3.exception.OutOfRangeExceptionTest, org.apache.commons.math3.exception.TooManyEvaluationsExceptionTest, org.apache.commons.math3.exception.util.ArgUtilsTest, org.apache.commons.math3.exception.util.ExceptionContextTest, org.apache.commons.math3.exception.util.LocalizedFormatsTest, org.apache.commons.math3.filter.KalmanFilterTest, org.apache.commons.math3.fitting.CurveFitterTest, org.apache.commons.math3.fitting.GaussianCurveFitterTest, org.apache.commons.math3.fitting.GaussianFitterTest, org.apache.commons.math3.fitting.HarmonicCurveFitterTest, org.apache.commons.math3.fitting.HarmonicFitterTest, org.apache.commons.math3.fitting.PolynomialCurveFitterTest, org.apache.commons.math3.fitting.PolynomialFitterTest, org.apache.commons.math3.fitting.WeightedObservedPointsTest, org.apache.commons.math3.fitting.leastsquares.AbstractLeastSquaresOptimizerTest, org.apache.commons.math3.fitting.leastsquares.AbstractLeastSquaresOptimizerTestValidation, org.apache.commons.math3.fitting.leastsquares.GaussNewtonOptimizerTest, org.apache.commons.math3.fitting.leastsquares.LevenbergMarquardtOptimizerTest, org.apache.commons.math3.fitting.leastsquares.MinpackTest, org.apache.commons.math3.fraction.BigFractionFieldTest, org.apache.commons.math3.fraction.BigFractionFormatTest, org.apache.commons.math3.fraction.BigFractionTest, org.apache.commons.math3.fraction.FractionFieldTest, org.apache.commons.math3.fraction.FractionFormatTest, org.apache.commons.math3.fraction.FractionTest, org.apache.commons.math3.genetics.BinaryChromosomeTest, org.apache.commons.math3.genetics.BinaryMutationTest, org.apache.commons.math3.genetics.ChromosomeTest, org.apache.commons.math3.genetics.CycleCrossoverTest, org.apache.commons.math3.genetics.ElitisticListPopulationTest, org.apache.commons.math3.genetics.FitnessCachingTest, org.apache.commons.math3.genetics.FixedElapsedTimeTest, org.apache.commons.math3.genetics.FixedGenerationCountTest, org.apache.commons.math3.genetics.GeneticAlgorithmTestBinary, org.apache.commons.math3.genetics.GeneticAlgorithmTestPermutations, org.apache.commons.math3.genetics.ListPopulationTest, org.apache.commons.math3.genetics.NPointCrossoverTest, org.apache.commons.math3.genetics.OnePointCrossoverTest, org.apache.commons.math3.genetics.OrderedCrossoverTest, org.apache.commons.math3.genetics.RandomKeyMutationTest, org.apache.commons.math3.genetics.RandomKeyTest, org.apache.commons.math3.genetics.TournamentSelectionTest, org.apache.commons.math3.genetics.UniformCrossoverTest, org.apache.commons.math3.geometry.euclidean.oned.IntervalTest, org.apache.commons.math3.geometry.euclidean.oned.IntervalsSetTest, org.apache.commons.math3.geometry.euclidean.threed.FieldRotationDSTest, org.apache.commons.math3.geometry.euclidean.threed.FieldRotationDfpTest, org.apache.commons.math3.geometry.euclidean.threed.FieldVector3DTest, org.apache.commons.math3.geometry.euclidean.threed.FrenchVector3DFormatTest, org.apache.commons.math3.geometry.euclidean.threed.LineTest, org.apache.commons.math3.geometry.euclidean.threed.PlaneTest, org.apache.commons.math3.geometry.euclidean.threed.PolyhedronsSetTest, org.apache.commons.math3.geometry.euclidean.threed.RotationOrderTest, org.apache.commons.math3.geometry.euclidean.threed.RotationTest, org.apache.commons.math3.geometry.euclidean.threed.SphericalCoordinatesTest, org.apache.commons.math3.geometry.euclidean.threed.SubLineTest, org.apache.commons.math3.geometry.euclidean.threed.Vector3DFormatTest, org.apache.commons.math3.geometry.euclidean.threed.Vector3DTest, org.apache.commons.math3.geometry.euclidean.twod.LineTest, org.apache.commons.math3.geometry.euclidean.twod.PolygonsSetTest, org.apache.commons.math3.geometry.euclidean.twod.SegmentTest, org.apache.commons.math3.geometry.euclidean.twod.SubLineTest, org.apache.commons.math3.geometry.partitioning.utilities.AVLTreeTest, org.apache.commons.math3.linear.Array2DRowRealMatrixTest, org.apache.commons.math3.linear.ArrayFieldVectorTest, org.apache.commons.math3.linear.ArrayRealVectorTest, org.apache.commons.math3.linear.BiDiagonalTransformerTest, org.apache.commons.math3.linear.BlockFieldMatrixTest, org.apache.commons.math3.linear.BlockRealMatrixTest, org.apache.commons.math3.linear.CholeskyDecompositionTest, org.apache.commons.math3.linear.CholeskySolverTest, org.apache.commons.math3.linear.ConjugateGradientTest, org.apache.commons.math3.linear.DiagonalMatrixTest, org.apache.commons.math3.linear.EigenDecompositionTest, org.apache.commons.math3.linear.EigenSolverTest, org.apache.commons.math3.linear.FieldLUDecompositionTest, org.apache.commons.math3.linear.FieldLUSolverTest, org.apache.commons.math3.linear.FieldMatrixImplTest, org.apache.commons.math3.linear.FrenchRealVectorFormatTest, org.apache.commons.math3.linear.HessenbergTransformerTest, org.apache.commons.math3.linear.LUDecompositionTest, org.apache.commons.math3.linear.LUSolverTest, org.apache.commons.math3.linear.MatrixDimensionMismatchExceptionTest, org.apache.commons.math3.linear.MatrixUtilsTest, org.apache.commons.math3.linear.OpenMapRealMatrixTest, org.apache.commons.math3.linear.QRDecompositionTest, org.apache.commons.math3.linear.QRSolverTest, org.apache.commons.math3.linear.RRQRDecompositionTest, org.apache.commons.math3.linear.RRQRSolverTest, org.apache.commons.math3.linear.RealMatrixFormatTest, org.apache.commons.math3.linear.RealVectorFormatTest, org.apache.commons.math3.linear.RealVectorTest, org.apache.commons.math3.linear.RectangularCholeskyDecompositionTest, org.apache.commons.math3.linear.SchurTransformerTest, org.apache.commons.math3.linear.SingularValueDecompositionTest, org.apache.commons.math3.linear.SingularValueSolverTest, org.apache.commons.math3.linear.SparseFieldMatrixTest, org.apache.commons.math3.linear.SparseFieldVectorTest, org.apache.commons.math3.linear.SparseRealMatrixTest, org.apache.commons.math3.linear.SparseRealVectorTest, org.apache.commons.math3.linear.SymmLQTest, org.apache.commons.math3.linear.TriDiagonalTransformerTest, org.apache.commons.math3.linear.UnmodifiableArrayRealVectorTest, org.apache.commons.math3.linear.UnmodifiableOpenMapRealVectorTest, org.apache.commons.math3.ml.clustering.DBSCANClustererTest, org.apache.commons.math3.ml.clustering.FuzzyKMeansClustererTest, org.apache.commons.math3.ml.clustering.KMeansPlusPlusClustererTest, org.apache.commons.math3.ml.clustering.MultiKMeansPlusPlusClustererTest, org.apache.commons.math3.ml.clustering.evaluation.SumOfClusterVariancesTest, org.apache.commons.math3.ml.distance.CanberraDistanceTest, org.apache.commons.math3.ml.distance.ChebyshevDistanceTest, org.apache.commons.math3.ml.distance.EarthMoversDistanceTest, org.apache.commons.math3.ml.distance.EuclideanDistanceTest, org.apache.commons.math3.ml.distance.ManhattanDistanceTest, org.apache.commons.math3.ode.ContinuousOutputModelTest, org.apache.commons.math3.ode.FirstOrderConverterTest, org.apache.commons.math3.ode.JacobianMatricesTest, org.apache.commons.math3.ode.events.EventFilterTest, org.apache.commons.math3.ode.events.EventStateTest, org.apache.commons.math3.ode.events.OverlappingEventsTest, org.apache.commons.math3.ode.events.ReappearingEventTest, org.apache.commons.math3.ode.nonstiff.AdamsBashforthIntegratorTest, org.apache.commons.math3.ode.nonstiff.AdamsMoultonIntegratorTest, org.apache.commons.math3.ode.nonstiff.ClassicalRungeKuttaIntegratorTest, org.apache.commons.math3.ode.nonstiff.ClassicalRungeKuttaStepInterpolatorTest, org.apache.commons.math3.ode.nonstiff.DormandPrince54IntegratorTest, org.apache.commons.math3.ode.nonstiff.DormandPrince54StepInterpolatorTest, org.apache.commons.math3.ode.nonstiff.DormandPrince853IntegratorTest, org.apache.commons.math3.ode.nonstiff.DormandPrince853StepInterpolatorTest, org.apache.commons.math3.ode.nonstiff.EulerIntegratorTest, org.apache.commons.math3.ode.nonstiff.EulerStepInterpolatorTest, org.apache.commons.math3.ode.nonstiff.GillIntegratorTest, org.apache.commons.math3.ode.nonstiff.GillStepInterpolatorTest, org.apache.commons.math3.ode.nonstiff.GraggBulirschStoerIntegratorTest, org.apache.commons.math3.ode.nonstiff.GraggBulirschStoerStepInterpolatorTest, org.apache.commons.math3.ode.nonstiff.HighamHall54IntegratorTest, org.apache.commons.math3.ode.nonstiff.HighamHall54StepInterpolatorTest, org.apache.commons.math3.ode.nonstiff.MidpointIntegratorTest, org.apache.commons.math3.ode.nonstiff.MidpointStepInterpolatorTest, org.apache.commons.math3.ode.nonstiff.ThreeEighthesIntegratorTest, org.apache.commons.math3.ode.nonstiff.ThreeEighthesStepInterpolatorTest, org.apache.commons.math3.ode.sampling.DummyStepInterpolatorTest, org.apache.commons.math3.ode.sampling.NordsieckStepInterpolatorTest, org.apache.commons.math3.ode.sampling.StepNormalizerOutputOverlapTest, org.apache.commons.math3.ode.sampling.StepNormalizerOutputTest, org.apache.commons.math3.ode.sampling.StepNormalizerTest, org.apache.commons.math3.optim.PointValuePairTest, org.apache.commons.math3.optim.PointVectorValuePairTest, org.apache.commons.math3.optim.SimplePointCheckerTest, org.apache.commons.math3.optim.SimpleValueCheckerTest, org.apache.commons.math3.optim.SimpleVectorValueCheckerTest, org.apache.commons.math3.optim.linear.SimplexSolverTest, org.apache.commons.math3.optim.linear.SimplexTableauTest, org.apache.commons.math3.optim.nonlinear.scalar.MultiStartMultivariateOptimizerTest, org.apache.commons.math3.optim.nonlinear.scalar.MultivariateFunctionMappingAdapterTest, org.apache.commons.math3.optim.nonlinear.scalar.MultivariateFunctionPenaltyAdapterTest, org.apache.commons.math3.optim.nonlinear.scalar.gradient.NonLinearConjugateGradientOptimizerTest, org.apache.commons.math3.optim.nonlinear.scalar.noderiv.BOBYQAOptimizerTest, org.apache.commons.math3.optim.nonlinear.scalar.noderiv.CMAESOptimizerTest, org.apache.commons.math3.optim.nonlinear.scalar.noderiv.PowellOptimizerTest, org.apache.commons.math3.optim.nonlinear.scalar.noderiv.SimplexOptimizerMultiDirectionalTest, org.apache.commons.math3.optim.nonlinear.scalar.noderiv.SimplexOptimizerNelderMeadTest, org.apache.commons.math3.optim.nonlinear.vector.MultiStartMultivariateVectorOptimizerTest, org.apache.commons.math3.optim.nonlinear.vector.jacobian.AbstractLeastSquaresOptimizerTest, org.apache.commons.math3.optim.nonlinear.vector.jacobian.AbstractLeastSquaresOptimizerTestValidation, org.apache.commons.math3.optim.nonlinear.vector.jacobian.GaussNewtonOptimizerTest, org.apache.commons.math3.optim.nonlinear.vector.jacobian.LevenbergMarquardtOptimizerTest, org.apache.commons.math3.optim.nonlinear.vector.jacobian.MinpackTest, org.apache.commons.math3.optim.univariate.BracketFinderTest, org.apache.commons.math3.optim.univariate.BrentOptimizerTest, org.apache.commons.math3.optim.univariate.MultiStartUnivariateOptimizerTest, org.apache.commons.math3.optim.univariate.SimpleUnivariateValueCheckerTest, org.apache.commons.math3.optimization.MultivariateDifferentiableMultiStartOptimizerTest, org.apache.commons.math3.optimization.MultivariateDifferentiableVectorMultiStartOptimizerTest, org.apache.commons.math3.optimization.MultivariateMultiStartOptimizerTest, org.apache.commons.math3.optimization.PointValuePairTest, org.apache.commons.math3.optimization.PointVectorValuePairTest, org.apache.commons.math3.optimization.SimplePointCheckerTest, org.apache.commons.math3.optimization.SimpleValueCheckerTest, org.apache.commons.math3.optimization.SimpleVectorValueCheckerTest, org.apache.commons.math3.optimization.direct.BOBYQAOptimizerTest, org.apache.commons.math3.optimization.direct.CMAESOptimizerTest, org.apache.commons.math3.optimization.direct.MultivariateFunctionMappingAdapterTest, org.apache.commons.math3.optimization.direct.MultivariateFunctionPenaltyAdapterTest, org.apache.commons.math3.optimization.direct.PowellOptimizerTest, org.apache.commons.math3.optimization.direct.SimplexOptimizerMultiDirectionalTest, org.apache.commons.math3.optimization.direct.SimplexOptimizerNelderMeadTest, org.apache.commons.math3.optimization.fitting.CurveFitterTest, org.apache.commons.math3.optimization.fitting.GaussianFitterTest, org.apache.commons.math3.optimization.fitting.HarmonicFitterTest, org.apache.commons.math3.optimization.fitting.PolynomialFitterTest, org.apache.commons.math3.optimization.general.AbstractLeastSquaresOptimizerTest, org.apache.commons.math3.optimization.general.AbstractLeastSquaresOptimizerTestValidation, org.apache.commons.math3.optimization.general.GaussNewtonOptimizerTest, org.apache.commons.math3.optimization.general.LevenbergMarquardtOptimizerTest, org.apache.commons.math3.optimization.general.MinpackTest, org.apache.commons.math3.optimization.general.NonLinearConjugateGradientOptimizerTest, org.apache.commons.math3.optimization.linear.SimplexSolverTest, org.apache.commons.math3.optimization.linear.SimplexTableauTest, org.apache.commons.math3.optimization.univariate.BracketFinderTest, org.apache.commons.math3.optimization.univariate.BrentOptimizerTest, org.apache.commons.math3.optimization.univariate.SimpleUnivariateValueCheckerTest, org.apache.commons.math3.optimization.univariate.UnivariateMultiStartOptimizerTest, org.apache.commons.math3.primes.PrimesTest, org.apache.commons.math3.random.AbstractRandomGeneratorTest, org.apache.commons.math3.random.BitsStreamGeneratorTest, org.apache.commons.math3.random.CorrelatedRandomVectorGeneratorTest, org.apache.commons.math3.random.EmpiricalDistributionTest, org.apache.commons.math3.random.GaussianRandomGeneratorTest, org.apache.commons.math3.random.HaltonSequenceGeneratorTest, org.apache.commons.math3.random.ISAACTest, org.apache.commons.math3.random.MersenneTwisterTest, org.apache.commons.math3.random.RandomAdaptorTest, org.apache.commons.math3.random.RandomDataGeneratorTest, org.apache.commons.math3.random.RandomGeneratorAbstractTest, org.apache.commons.math3.random.RandomGeneratorFactoryTest, org.apache.commons.math3.random.SobolSequenceGeneratorTest, org.apache.commons.math3.random.StableRandomGeneratorTest, org.apache.commons.math3.random.SynchronizedRandomGeneratorTest, org.apache.commons.math3.random.UncorrelatedRandomVectorGeneratorTest, org.apache.commons.math3.random.UniformRandomGeneratorTest, org.apache.commons.math3.random.UnitSphereRandomVectorGeneratorTest, org.apache.commons.math3.random.ValueServerTest, org.apache.commons.math3.random.Well1024aTest, org.apache.commons.math3.random.Well19937aTest, org.apache.commons.math3.random.Well19937cTest, org.apache.commons.math3.random.Well44497aTest, org.apache.commons.math3.random.Well44497bTest, org.apache.commons.math3.random.Well512aTest, org.apache.commons.math3.special.BetaTest, org.apache.commons.math3.special.ErfTest, org.apache.commons.math3.special.GammaTest, org.apache.commons.math3.stat.CertifiedDataTest, org.apache.commons.math3.stat.FrequencyTest, org.apache.commons.math3.stat.StatUtilsTest, org.apache.commons.math3.stat.clustering.DBSCANClustererTest, org.apache.commons.math3.stat.clustering.EuclideanDoublePointTest, org.apache.commons.math3.stat.clustering.EuclideanIntegerPointTest, org.apache.commons.math3.stat.clustering.KMeansPlusPlusClustererTest, org.apache.commons.math3.stat.correlation.CovarianceTest, org.apache.commons.math3.stat.correlation.KendallsCorrelationTest, org.apache.commons.math3.stat.correlation.PearsonsCorrelationTest, org.apache.commons.math3.stat.correlation.SpearmansRankCorrelationTest, org.apache.commons.math3.stat.correlation.StorelessCovarianceTest, org.apache.commons.math3.stat.data.LewTest, org.apache.commons.math3.stat.data.LotteryTest, org.apache.commons.math3.stat.descriptive.AbstractUnivariateStatisticTest, org.apache.commons.math3.stat.descriptive.AggregateSummaryStatisticsTest, org.apache.commons.math3.stat.descriptive.DescriptiveStatisticsTest, org.apache.commons.math3.stat.descriptive.ListUnivariateImplTest, org.apache.commons.math3.stat.descriptive.MixedListUnivariateImplTest, org.apache.commons.math3.stat.descriptive.MultivariateSummaryStatisticsTest, org.apache.commons.math3.stat.descriptive.StatisticalSummaryValuesTest, org.apache.commons.math3.stat.descriptive.SummaryStatisticsTest, org.apache.commons.math3.stat.descriptive.SynchronizedDescriptiveStatisticsTest, org.apache.commons.math3.stat.descriptive.SynchronizedMultivariateSummaryStatisticsTest, org.apache.commons.math3.stat.descriptive.SynchronizedSummaryStatisticsTest, org.apache.commons.math3.stat.descriptive.moment.FirstMomentTest, org.apache.commons.math3.stat.descriptive.moment.FourthMomentTest, org.apache.commons.math3.stat.descriptive.moment.GeometricMeanTest, org.apache.commons.math3.stat.descriptive.moment.InteractionTest, org.apache.commons.math3.stat.descriptive.moment.KurtosisTest, org.apache.commons.math3.stat.descriptive.moment.MeanTest, org.apache.commons.math3.stat.descriptive.moment.SecondMomentTest, org.apache.commons.math3.stat.descriptive.moment.SemiVarianceTest, org.apache.commons.math3.stat.descriptive.moment.SkewnessTest, org.apache.commons.math3.stat.descriptive.moment.StandardDeviationTest, org.apache.commons.math3.stat.descriptive.moment.ThirdMomentTest, org.apache.commons.math3.stat.descriptive.moment.VarianceTest, org.apache.commons.math3.stat.descriptive.moment.VectorialCovarianceTest, org.apache.commons.math3.stat.descriptive.moment.VectorialMeanTest, org.apache.commons.math3.stat.descriptive.rank.MaxTest, org.apache.commons.math3.stat.descriptive.rank.MedianTest, org.apache.commons.math3.stat.descriptive.rank.MinTest, org.apache.commons.math3.stat.descriptive.rank.PercentileTest, org.apache.commons.math3.stat.descriptive.summary.ProductTest, org.apache.commons.math3.stat.descriptive.summary.SumLogTest, org.apache.commons.math3.stat.descriptive.summary.SumSqTest, org.apache.commons.math3.stat.descriptive.summary.SumTest, org.apache.commons.math3.stat.inference.BinomialConfidenceIntervalTest, org.apache.commons.math3.stat.inference.BinomialTestTest, org.apache.commons.math3.stat.inference.ChiSquareTestTest, org.apache.commons.math3.stat.inference.GTestTest, org.apache.commons.math3.stat.inference.MannWhitneyUTestTest, org.apache.commons.math3.stat.inference.OneWayAnovaTest, org.apache.commons.math3.stat.inference.TTestTest, org.apache.commons.math3.stat.inference.TestUtilsTest, org.apache.commons.math3.stat.inference.WilcoxonSignedRankTestTest, org.apache.commons.math3.stat.ranking.NaturalRankingTest, org.apache.commons.math3.stat.regression.GLSMultipleLinearRegressionTest, org.apache.commons.math3.stat.regression.MillerUpdatingRegressionTest, org.apache.commons.math3.stat.regression.OLSMultipleLinearRegressionTest, org.apache.commons.math3.stat.regression.SimpleRegressionTest, org.apache.commons.math3.transform.FastCosineTransformerTest, org.apache.commons.math3.transform.FastFourierTransformerTest, org.apache.commons.math3.transform.FastHadamardTransformerTest, org.apache.commons.math3.transform.FastSineTransformerTest, org.apache.commons.math3.util.ArithmeticUtilsTest, org.apache.commons.math3.util.BigRealFieldTest, org.apache.commons.math3.util.BigRealTest, org.apache.commons.math3.util.CombinationsTest, org.apache.commons.math3.util.CombinatoricsUtilsTest, org.apache.commons.math3.util.ContinuedFractionTest, org.apache.commons.math3.util.Decimal64Test, org.apache.commons.math3.util.DefaultTransformerTest, org.apache.commons.math3.util.FastMathStrictComparisonTest, org.apache.commons.math3.util.FastMathTest, org.apache.commons.math3.util.FastMathTestPerformance, org.apache.commons.math3.util.IncrementorTest, org.apache.commons.math3.util.MathArraysTest, org.apache.commons.math3.util.MathUtilsTest, org.apache.commons.math3.util.MultidimensionalCounterTest, org.apache.commons.math3.util.OpenIntToDoubleHashMapTest, org.apache.commons.math3.util.OpenIntToFieldTest, org.apache.commons.math3.util.PairTest, org.apache.commons.math3.util.PrecisionTest, org.apache.commons.math3.util.ResizableDoubleArrayTest, org.apache.commons.math3.util.TransformerMapTest]
09:03:03.171 [main] INFO  fr.inria.lille.repair.nopol.NoPol - Config: Config{synthesisDepth=3, collectStaticMethods=true, collectStaticFields=false, collectLiterals=false, onlyOneSynthesisResult=true, sortExpressions=true, maxLineInvocationPerTest=250, timeoutMethodInvocation=2000, dataCollectionTimeoutInSecondForSynthesis=900, addWeight=0.19478, subWeight=0.04554, mulWeight=0.0102, divWeight=0.00613, andWeight=0.10597, orWeight=0.05708, eqWeight=0.22798, nEqWeight=0.0, lessEqWeight=0.0255, lessWeight=0.0947, methodCallWeight=0.1, fieldAccessWeight=0.08099, constantWeight=0.14232, variableWeight=0.05195, mode=REPAIR, type=PRE_THEN_COND, synthesis=SMT, oracle=ANGELIC, solver=Z3, solverPath='/home/tdurieux/defects4j4repair/script/../libs/z3/build/z3', projectSources=[src/main/java], projectClasspath='[Ljava.net.URL;@66d33a', projectTests=[org.apache.commons.math3.RetryRunnerTest, org.apache.commons.math3.analysis.FunctionUtilsTest, org.apache.commons.math3.analysis.differentiation.DSCompilerTest, org.apache.commons.math3.analysis.differentiation.DerivativeStructureTest, org.apache.commons.math3.analysis.differentiation.FiniteDifferencesDifferentiatorTest, org.apache.commons.math3.analysis.differentiation.GradientFunctionTest, org.apache.commons.math3.analysis.differentiation.JacobianFunctionTest, org.apache.commons.math3.analysis.differentiation.SparseGradientTest, org.apache.commons.math3.analysis.function.GaussianTest, org.apache.commons.math3.analysis.function.HarmonicOscillatorTest, org.apache.commons.math3.analysis.function.LogisticTest, org.apache.commons.math3.analysis.function.LogitTest, org.apache.commons.math3.analysis.function.SigmoidTest, org.apache.commons.math3.analysis.function.SincTest, org.apache.commons.math3.analysis.function.SqrtTest, org.apache.commons.math3.analysis.function.StepFunctionTest, org.apache.commons.math3.analysis.integration.IterativeLegendreGaussIntegratorTest, org.apache.commons.math3.analysis.integration.LegendreGaussIntegratorTest, org.apache.commons.math3.analysis.integration.MidPointIntegratorTest, org.apache.commons.math3.analysis.integration.RombergIntegratorTest, org.apache.commons.math3.analysis.integration.SimpsonIntegratorTest, org.apache.commons.math3.analysis.integration.TrapezoidIntegratorTest, org.apache.commons.math3.analysis.integration.gauss.BaseRuleFactoryTest, org.apache.commons.math3.analysis.integration.gauss.GaussIntegratorTest, org.apache.commons.math3.analysis.integration.gauss.HermiteParametricTest, org.apache.commons.math3.analysis.integration.gauss.HermiteTest, org.apache.commons.math3.analysis.integration.gauss.LegendreHighPrecisionParametricTest, org.apache.commons.math3.analysis.integration.gauss.LegendreHighPrecisionTest, org.apache.commons.math3.analysis.integration.gauss.LegendreParametricTest, org.apache.commons.math3.analysis.integration.gauss.LegendreTest, org.apache.commons.math3.analysis.interpolation.BicubicSplineInterpolatingFunctionTest, org.apache.commons.math3.analysis.interpolation.BicubicSplineInterpolatorTest, org.apache.commons.math3.analysis.interpolation.DividedDifferenceInterpolatorTest, org.apache.commons.math3.analysis.interpolation.FieldHermiteInterpolatorTest, org.apache.commons.math3.analysis.interpolation.HermiteInterpolatorTest, org.apache.commons.math3.analysis.interpolation.LinearInterpolatorTest, org.apache.commons.math3.analysis.interpolation.LoessInterpolatorTest, org.apache.commons.math3.analysis.interpolation.MicrosphereInterpolatorTest, org.apache.commons.math3.analysis.interpolation.NevilleInterpolatorTest, org.apache.commons.math3.analysis.interpolation.SmoothingPolynomialBicubicSplineInterpolatorTest, org.apache.commons.math3.analysis.interpolation.SplineInterpolatorTest, org.apache.commons.math3.analysis.interpolation.TricubicSplineInterpolatingFunctionTest, org.apache.commons.math3.analysis.interpolation.TricubicSplineInterpolatorTest, org.apache.commons.math3.analysis.interpolation.UnivariatePeriodicInterpolatorTest, org.apache.commons.math3.analysis.polynomials.PolynomialFunctionLagrangeFormTest, org.apache.commons.math3.analysis.polynomials.PolynomialFunctionNewtonFormTest, org.apache.commons.math3.analysis.polynomials.PolynomialFunctionTest, org.apache.commons.math3.analysis.polynomials.PolynomialSplineFunctionTest, org.apache.commons.math3.analysis.polynomials.PolynomialsUtilsTest, org.apache.commons.math3.analysis.solvers.BisectionSolverTest, org.apache.commons.math3.analysis.solvers.BracketingNthOrderBrentSolverTest, org.apache.commons.math3.analysis.solvers.BrentSolverTest, org.apache.commons.math3.analysis.solvers.IllinoisSolverTest, org.apache.commons.math3.analysis.solvers.LaguerreSolverTest, org.apache.commons.math3.analysis.solvers.MullerSolver2Test, org.apache.commons.math3.analysis.solvers.MullerSolverTest, org.apache.commons.math3.analysis.solvers.NewtonRaphsonSolverTest, org.apache.commons.math3.analysis.solvers.NewtonSolverTest, org.apache.commons.math3.analysis.solvers.PegasusSolverTest, org.apache.commons.math3.analysis.solvers.RegulaFalsiSolverTest, org.apache.commons.math3.analysis.solvers.RiddersSolverTest, org.apache.commons.math3.analysis.solvers.SecantSolverTest, org.apache.commons.math3.analysis.solvers.UnivariateSolverUtilsTest, org.apache.commons.math3.complex.ComplexFieldTest, org.apache.commons.math3.complex.ComplexFormatTest, org.apache.commons.math3.complex.ComplexTest, org.apache.commons.math3.complex.ComplexUtilsTest, org.apache.commons.math3.complex.FrenchComplexFormatTest, org.apache.commons.math3.complex.QuaternionTest, org.apache.commons.math3.complex.RootsOfUnityTest, org.apache.commons.math3.dfp.BracketingNthOrderBrentSolverDFPTest, org.apache.commons.math3.dfp.DfpDecTest, org.apache.commons.math3.dfp.DfpMathTest, org.apache.commons.math3.dfp.DfpTest, org.apache.commons.math3.distribution.AbstractIntegerDistributionTest, org.apache.commons.math3.distribution.AbstractRealDistributionTest, org.apache.commons.math3.distribution.BetaDistributionTest, org.apache.commons.math3.distribution.BinomialDistributionTest, org.apache.commons.math3.distribution.CauchyDistributionTest, org.apache.commons.math3.distribution.ChiSquaredDistributionTest, org.apache.commons.math3.distribution.EnumeratedIntegerDistributionTest, org.apache.commons.math3.distribution.EnumeratedRealDistributionTest, org.apache.commons.math3.distribution.ExponentialDistributionTest, org.apache.commons.math3.distribution.FDistributionTest, org.apache.commons.math3.distribution.GammaDistributionTest, org.apache.commons.math3.distribution.GeometricDistributionTest, org.apache.commons.math3.distribution.HypergeometricDistributionTest, org.apache.commons.math3.distribution.KolmogorovSmirnovDistributionTest, org.apache.commons.math3.distribution.LevyDistributionTest, org.apache.commons.math3.distribution.LogNormalDistributionTest, org.apache.commons.math3.distribution.MultivariateNormalDistributionTest, org.apache.commons.math3.distribution.MultivariateNormalMixtureModelDistributionTest, org.apache.commons.math3.distribution.NormalDistributionTest, org.apache.commons.math3.distribution.ParetoDistributionTest, org.apache.commons.math3.distribution.PascalDistributionTest, org.apache.commons.math3.distribution.PoissonDistributionTest, org.apache.commons.math3.distribution.TDistributionTest, org.apache.commons.math3.distribution.TriangularDistributionTest, org.apache.commons.math3.distribution.UniformIntegerDistributionTest, org.apache.commons.math3.distribution.UniformRealDistributionTest, org.apache.commons.math3.distribution.WeibullDistributionTest, org.apache.commons.math3.distribution.ZipfDistributionTest, org.apache.commons.math3.distribution.fitting.MultivariateNormalMixtureExpectationMaximizationTest, org.apache.commons.math3.exception.DimensionMismatchExceptionTest, org.apache.commons.math3.exception.MaxCountExceededExceptionTest, org.apache.commons.math3.exception.NonMonotonicSequenceExceptionTest, org.apache.commons.math3.exception.NotPositiveExceptionTest, org.apache.commons.math3.exception.NotStrictlyPositiveExceptionTest, org.apache.commons.math3.exception.NumberIsTooLargeExceptionTest, org.apache.commons.math3.exception.NumberIsTooSmallExceptionTest, org.apache.commons.math3.exception.OutOfRangeExceptionTest, org.apache.commons.math3.exception.TooManyEvaluationsExceptionTest, org.apache.commons.math3.exception.util.ArgUtilsTest, org.apache.commons.math3.exception.util.ExceptionContextTest, org.apache.commons.math3.exception.util.LocalizedFormatsTest, org.apache.commons.math3.filter.KalmanFilterTest, org.apache.commons.math3.fitting.CurveFitterTest, org.apache.commons.math3.fitting.GaussianCurveFitterTest, org.apache.commons.math3.fitting.GaussianFitterTest, org.apache.commons.math3.fitting.HarmonicCurveFitterTest, org.apache.commons.math3.fitting.HarmonicFitterTest, org.apache.commons.math3.fitting.PolynomialCurveFitterTest, org.apache.commons.math3.fitting.PolynomialFitterTest, org.apache.commons.math3.fitting.WeightedObservedPointsTest, org.apache.commons.math3.fitting.leastsquares.AbstractLeastSquaresOptimizerTest, org.apache.commons.math3.fitting.leastsquares.AbstractLeastSquaresOptimizerTestValidation, org.apache.commons.math3.fitting.leastsquares.GaussNewtonOptimizerTest, org.apache.commons.math3.fitting.leastsquares.LevenbergMarquardtOptimizerTest, org.apache.commons.math3.fitting.leastsquares.MinpackTest, org.apache.commons.math3.fraction.BigFractionFieldTest, org.apache.commons.math3.fraction.BigFractionFormatTest, org.apache.commons.math3.fraction.BigFractionTest, org.apache.commons.math3.fraction.FractionFieldTest, org.apache.commons.math3.fraction.FractionFormatTest, org.apache.commons.math3.fraction.FractionTest, org.apache.commons.math3.genetics.BinaryChromosomeTest, org.apache.commons.math3.genetics.BinaryMutationTest, org.apache.commons.math3.genetics.ChromosomeTest, org.apache.commons.math3.genetics.CycleCrossoverTest, org.apache.commons.math3.genetics.ElitisticListPopulationTest, org.apache.commons.math3.genetics.FitnessCachingTest, org.apache.commons.math3.genetics.FixedElapsedTimeTest, org.apache.commons.math3.genetics.FixedGenerationCountTest, org.apache.commons.math3.genetics.GeneticAlgorithmTestBinary, org.apache.commons.math3.genetics.GeneticAlgorithmTestPermutations, org.apache.commons.math3.genetics.ListPopulationTest, org.apache.commons.math3.genetics.NPointCrossoverTest, org.apache.commons.math3.genetics.OnePointCrossoverTest, org.apache.commons.math3.genetics.OrderedCrossoverTest, org.apache.commons.math3.genetics.RandomKeyMutationTest, org.apache.commons.math3.genetics.RandomKeyTest, org.apache.commons.math3.genetics.TournamentSelectionTest, org.apache.commons.math3.genetics.UniformCrossoverTest, org.apache.commons.math3.geometry.euclidean.oned.IntervalTest, org.apache.commons.math3.geometry.euclidean.oned.IntervalsSetTest, org.apache.commons.math3.geometry.euclidean.threed.FieldRotationDSTest, org.apache.commons.math3.geometry.euclidean.threed.FieldRotationDfpTest, org.apache.commons.math3.geometry.euclidean.threed.FieldVector3DTest, org.apache.commons.math3.geometry.euclidean.threed.FrenchVector3DFormatTest, org.apache.commons.math3.geometry.euclidean.threed.LineTest, org.apache.commons.math3.geometry.euclidean.threed.PlaneTest, org.apache.commons.math3.geometry.euclidean.threed.PolyhedronsSetTest, org.apache.commons.math3.geometry.euclidean.threed.RotationOrderTest, org.apache.commons.math3.geometry.euclidean.threed.RotationTest, org.apache.commons.math3.geometry.euclidean.threed.SphericalCoordinatesTest, org.apache.commons.math3.geometry.euclidean.threed.SubLineTest, org.apache.commons.math3.geometry.euclidean.threed.Vector3DFormatTest, org.apache.commons.math3.geometry.euclidean.threed.Vector3DTest, org.apache.commons.math3.geometry.euclidean.twod.LineTest, org.apache.commons.math3.geometry.euclidean.twod.PolygonsSetTest, org.apache.commons.math3.geometry.euclidean.twod.SegmentTest, org.apache.commons.math3.geometry.euclidean.twod.SubLineTest, org.apache.commons.math3.geometry.partitioning.utilities.AVLTreeTest, org.apache.commons.math3.linear.Array2DRowRealMatrixTest, org.apache.commons.math3.linear.ArrayFieldVectorTest, org.apache.commons.math3.linear.ArrayRealVectorTest, org.apache.commons.math3.linear.BiDiagonalTransformerTest, org.apache.commons.math3.linear.BlockFieldMatrixTest, org.apache.commons.math3.linear.BlockRealMatrixTest, org.apache.commons.math3.linear.CholeskyDecompositionTest, org.apache.commons.math3.linear.CholeskySolverTest, org.apache.commons.math3.linear.ConjugateGradientTest, org.apache.commons.math3.linear.DiagonalMatrixTest, org.apache.commons.math3.linear.EigenDecompositionTest, org.apache.commons.math3.linear.EigenSolverTest, org.apache.commons.math3.linear.FieldLUDecompositionTest, org.apache.commons.math3.linear.FieldLUSolverTest, org.apache.commons.math3.linear.FieldMatrixImplTest, org.apache.commons.math3.linear.FrenchRealVectorFormatTest, org.apache.commons.math3.linear.HessenbergTransformerTest, org.apache.commons.math3.linear.LUDecompositionTest, org.apache.commons.math3.linear.LUSolverTest, org.apache.commons.math3.linear.MatrixDimensionMismatchExceptionTest, org.apache.commons.math3.linear.MatrixUtilsTest, org.apache.commons.math3.linear.OpenMapRealMatrixTest, org.apache.commons.math3.linear.QRDecompositionTest, org.apache.commons.math3.linear.QRSolverTest, org.apache.commons.math3.linear.RRQRDecompositionTest, org.apache.commons.math3.linear.RRQRSolverTest, org.apache.commons.math3.linear.RealMatrixFormatTest, org.apache.commons.math3.linear.RealVectorFormatTest, org.apache.commons.math3.linear.RealVectorTest, org.apache.commons.math3.linear.RectangularCholeskyDecompositionTest, org.apache.commons.math3.linear.SchurTransformerTest, org.apache.commons.math3.linear.SingularValueDecompositionTest, org.apache.commons.math3.linear.SingularValueSolverTest, org.apache.commons.math3.linear.SparseFieldMatrixTest, org.apache.commons.math3.linear.SparseFieldVectorTest, org.apache.commons.math3.linear.SparseRealMatrixTest, org.apache.commons.math3.linear.SparseRealVectorTest, org.apache.commons.math3.linear.SymmLQTest, org.apache.commons.math3.linear.TriDiagonalTransformerTest, org.apache.commons.math3.linear.UnmodifiableArrayRealVectorTest, org.apache.commons.math3.linear.UnmodifiableOpenMapRealVectorTest, org.apache.commons.math3.ml.clustering.DBSCANClustererTest, org.apache.commons.math3.ml.clustering.FuzzyKMeansClustererTest, org.apache.commons.math3.ml.clustering.KMeansPlusPlusClustererTest, org.apache.commons.math3.ml.clustering.MultiKMeansPlusPlusClustererTest, org.apache.commons.math3.ml.clustering.evaluation.SumOfClusterVariancesTest, org.apache.commons.math3.ml.distance.CanberraDistanceTest, org.apache.commons.math3.ml.distance.ChebyshevDistanceTest, org.apache.commons.math3.ml.distance.EarthMoversDistanceTest, org.apache.commons.math3.ml.distance.EuclideanDistanceTest, org.apache.commons.math3.ml.distance.ManhattanDistanceTest, org.apache.commons.math3.ode.ContinuousOutputModelTest, org.apache.commons.math3.ode.FirstOrderConverterTest, org.apache.commons.math3.ode.JacobianMatricesTest, org.apache.commons.math3.ode.events.EventFilterTest, org.apache.commons.math3.ode.events.EventStateTest, org.apache.commons.math3.ode.events.OverlappingEventsTest, org.apache.commons.math3.ode.events.ReappearingEventTest, org.apache.commons.math3.ode.nonstiff.AdamsBashforthIntegratorTest, org.apache.commons.math3.ode.nonstiff.AdamsMoultonIntegratorTest, org.apache.commons.math3.ode.nonstiff.ClassicalRungeKuttaIntegratorTest, org.apache.commons.math3.ode.nonstiff.ClassicalRungeKuttaStepInterpolatorTest, org.apache.commons.math3.ode.nonstiff.DormandPrince54IntegratorTest, org.apache.commons.math3.ode.nonstiff.DormandPrince54StepInterpolatorTest, org.apache.commons.math3.ode.nonstiff.DormandPrince853IntegratorTest, org.apache.commons.math3.ode.nonstiff.DormandPrince853StepInterpolatorTest, org.apache.commons.math3.ode.nonstiff.EulerIntegratorTest, org.apache.commons.math3.ode.nonstiff.EulerStepInterpolatorTest, org.apache.commons.math3.ode.nonstiff.GillIntegratorTest, org.apache.commons.math3.ode.nonstiff.GillStepInterpolatorTest, org.apache.commons.math3.ode.nonstiff.GraggBulirschStoerIntegratorTest, org.apache.commons.math3.ode.nonstiff.GraggBulirschStoerStepInterpolatorTest, org.apache.commons.math3.ode.nonstiff.HighamHall54IntegratorTest, org.apache.commons.math3.ode.nonstiff.HighamHall54StepInterpolatorTest, org.apache.commons.math3.ode.nonstiff.MidpointIntegratorTest, org.apache.commons.math3.ode.nonstiff.MidpointStepInterpolatorTest, org.apache.commons.math3.ode.nonstiff.ThreeEighthesIntegratorTest, org.apache.commons.math3.ode.nonstiff.ThreeEighthesStepInterpolatorTest, org.apache.commons.math3.ode.sampling.DummyStepInterpolatorTest, org.apache.commons.math3.ode.sampling.NordsieckStepInterpolatorTest, org.apache.commons.math3.ode.sampling.StepNormalizerOutputOverlapTest, org.apache.commons.math3.ode.sampling.StepNormalizerOutputTest, org.apache.commons.math3.ode.sampling.StepNormalizerTest, org.apache.commons.math3.optim.PointValuePairTest, org.apache.commons.math3.optim.PointVectorValuePairTest, org.apache.commons.math3.optim.SimplePointCheckerTest, org.apache.commons.math3.optim.SimpleValueCheckerTest, org.apache.commons.math3.optim.SimpleVectorValueCheckerTest, org.apache.commons.math3.optim.linear.SimplexSolverTest, org.apache.commons.math3.optim.linear.SimplexTableauTest, org.apache.commons.math3.optim.nonlinear.scalar.MultiStartMultivariateOptimizerTest, org.apache.commons.math3.optim.nonlinear.scalar.MultivariateFunctionMappingAdapterTest, org.apache.commons.math3.optim.nonlinear.scalar.MultivariateFunctionPenaltyAdapterTest, org.apache.commons.math3.optim.nonlinear.scalar.gradient.NonLinearConjugateGradientOptimizerTest, org.apache.commons.math3.optim.nonlinear.scalar.noderiv.BOBYQAOptimizerTest, org.apache.commons.math3.optim.nonlinear.scalar.noderiv.CMAESOptimizerTest, org.apache.commons.math3.optim.nonlinear.scalar.noderiv.PowellOptimizerTest, org.apache.commons.math3.optim.nonlinear.scalar.noderiv.SimplexOptimizerMultiDirectionalTest, org.apache.commons.math3.optim.nonlinear.scalar.noderiv.SimplexOptimizerNelderMeadTest, org.apache.commons.math3.optim.nonlinear.vector.MultiStartMultivariateVectorOptimizerTest, org.apache.commons.math3.optim.nonlinear.vector.jacobian.AbstractLeastSquaresOptimizerTest, org.apache.commons.math3.optim.nonlinear.vector.jacobian.AbstractLeastSquaresOptimizerTestValidation, org.apache.commons.math3.optim.nonlinear.vector.jacobian.GaussNewtonOptimizerTest, org.apache.commons.math3.optim.nonlinear.vector.jacobian.LevenbergMarquardtOptimizerTest, org.apache.commons.math3.optim.nonlinear.vector.jacobian.MinpackTest, org.apache.commons.math3.optim.univariate.BracketFinderTest, org.apache.commons.math3.optim.univariate.BrentOptimizerTest, org.apache.commons.math3.optim.univariate.MultiStartUnivariateOptimizerTest, org.apache.commons.math3.optim.univariate.SimpleUnivariateValueCheckerTest, org.apache.commons.math3.optimization.MultivariateDifferentiableMultiStartOptimizerTest, org.apache.commons.math3.optimization.MultivariateDifferentiableVectorMultiStartOptimizerTest, org.apache.commons.math3.optimization.MultivariateMultiStartOptimizerTest, org.apache.commons.math3.optimization.PointValuePairTest, org.apache.commons.math3.optimization.PointVectorValuePairTest, org.apache.commons.math3.optimization.SimplePointCheckerTest, org.apache.commons.math3.optimization.SimpleValueCheckerTest, org.apache.commons.math3.optimization.SimpleVectorValueCheckerTest, org.apache.commons.math3.optimization.direct.BOBYQAOptimizerTest, org.apache.commons.math3.optimization.direct.CMAESOptimizerTest, org.apache.commons.math3.optimization.direct.MultivariateFunctionMappingAdapterTest, org.apache.commons.math3.optimization.direct.MultivariateFunctionPenaltyAdapterTest, org.apache.commons.math3.optimization.direct.PowellOptimizerTest, org.apache.commons.math3.optimization.direct.SimplexOptimizerMultiDirectionalTest, org.apache.commons.math3.optimization.direct.SimplexOptimizerNelderMeadTest, org.apache.commons.math3.optimization.fitting.CurveFitterTest, org.apache.commons.math3.optimization.fitting.GaussianFitterTest, org.apache.commons.math3.optimization.fitting.HarmonicFitterTest, org.apache.commons.math3.optimization.fitting.PolynomialFitterTest, org.apache.commons.math3.optimization.general.AbstractLeastSquaresOptimizerTest, org.apache.commons.math3.optimization.general.AbstractLeastSquaresOptimizerTestValidation, org.apache.commons.math3.optimization.general.GaussNewtonOptimizerTest, org.apache.commons.math3.optimization.general.LevenbergMarquardtOptimizerTest, org.apache.commons.math3.optimization.general.MinpackTest, org.apache.commons.math3.optimization.general.NonLinearConjugateGradientOptimizerTest, org.apache.commons.math3.optimization.linear.SimplexSolverTest, org.apache.commons.math3.optimization.linear.SimplexTableauTest, org.apache.commons.math3.optimization.univariate.BracketFinderTest, org.apache.commons.math3.optimization.univariate.BrentOptimizerTest, org.apache.commons.math3.optimization.univariate.SimpleUnivariateValueCheckerTest, org.apache.commons.math3.optimization.univariate.UnivariateMultiStartOptimizerTest, org.apache.commons.math3.primes.PrimesTest, org.apache.commons.math3.random.AbstractRandomGeneratorTest, org.apache.commons.math3.random.BitsStreamGeneratorTest, org.apache.commons.math3.random.CorrelatedRandomVectorGeneratorTest, org.apache.commons.math3.random.EmpiricalDistributionTest, org.apache.commons.math3.random.GaussianRandomGeneratorTest, org.apache.commons.math3.random.HaltonSequenceGeneratorTest, org.apache.commons.math3.random.ISAACTest, org.apache.commons.math3.random.MersenneTwisterTest, org.apache.commons.math3.random.RandomAdaptorTest, org.apache.commons.math3.random.RandomDataGeneratorTest, org.apache.commons.math3.random.RandomGeneratorAbstractTest, org.apache.commons.math3.random.RandomGeneratorFactoryTest, org.apache.commons.math3.random.SobolSequenceGeneratorTest, org.apache.commons.math3.random.StableRandomGeneratorTest, org.apache.commons.math3.random.SynchronizedRandomGeneratorTest, org.apache.commons.math3.random.UncorrelatedRandomVectorGeneratorTest, org.apache.commons.math3.random.UniformRandomGeneratorTest, org.apache.commons.math3.random.UnitSphereRandomVectorGeneratorTest, org.apache.commons.math3.random.ValueServerTest, org.apache.commons.math3.random.Well1024aTest, org.apache.commons.math3.random.Well19937aTest, org.apache.commons.math3.random.Well19937cTest, org.apache.commons.math3.random.Well44497aTest, org.apache.commons.math3.random.Well44497bTest, org.apache.commons.math3.random.Well512aTest, org.apache.commons.math3.special.BetaTest, org.apache.commons.math3.special.ErfTest, org.apache.commons.math3.special.GammaTest, org.apache.commons.math3.stat.CertifiedDataTest, org.apache.commons.math3.stat.FrequencyTest, org.apache.commons.math3.stat.StatUtilsTest, org.apache.commons.math3.stat.clustering.DBSCANClustererTest, org.apache.commons.math3.stat.clustering.EuclideanDoublePointTest, org.apache.commons.math3.stat.clustering.EuclideanIntegerPointTest, org.apache.commons.math3.stat.clustering.KMeansPlusPlusClustererTest, org.apache.commons.math3.stat.correlation.CovarianceTest, org.apache.commons.math3.stat.correlation.KendallsCorrelationTest, org.apache.commons.math3.stat.correlation.PearsonsCorrelationTest, org.apache.commons.math3.stat.correlation.SpearmansRankCorrelationTest, org.apache.commons.math3.stat.correlation.StorelessCovarianceTest, org.apache.commons.math3.stat.data.LewTest, org.apache.commons.math3.stat.data.LotteryTest, org.apache.commons.math3.stat.descriptive.AbstractUnivariateStatisticTest, org.apache.commons.math3.stat.descriptive.AggregateSummaryStatisticsTest, org.apache.commons.math3.stat.descriptive.DescriptiveStatisticsTest, org.apache.commons.math3.stat.descriptive.ListUnivariateImplTest, org.apache.commons.math3.stat.descriptive.MixedListUnivariateImplTest, org.apache.commons.math3.stat.descriptive.MultivariateSummaryStatisticsTest, org.apache.commons.math3.stat.descriptive.StatisticalSummaryValuesTest, org.apache.commons.math3.stat.descriptive.SummaryStatisticsTest, org.apache.commons.math3.stat.descriptive.SynchronizedDescriptiveStatisticsTest, org.apache.commons.math3.stat.descriptive.SynchronizedMultivariateSummaryStatisticsTest, org.apache.commons.math3.stat.descriptive.SynchronizedSummaryStatisticsTest, org.apache.commons.math3.stat.descriptive.moment.FirstMomentTest, org.apache.commons.math3.stat.descriptive.moment.FourthMomentTest, org.apache.commons.math3.stat.descriptive.moment.GeometricMeanTest, org.apache.commons.math3.stat.descriptive.moment.InteractionTest, org.apache.commons.math3.stat.descriptive.moment.KurtosisTest, org.apache.commons.math3.stat.descriptive.moment.MeanTest, org.apache.commons.math3.stat.descriptive.moment.SecondMomentTest, org.apache.commons.math3.stat.descriptive.moment.SemiVarianceTest, org.apache.commons.math3.stat.descriptive.moment.SkewnessTest, org.apache.commons.math3.stat.descriptive.moment.StandardDeviationTest, org.apache.commons.math3.stat.descriptive.moment.ThirdMomentTest, org.apache.commons.math3.stat.descriptive.moment.VarianceTest, org.apache.commons.math3.stat.descriptive.moment.VectorialCovarianceTest, org.apache.commons.math3.stat.descriptive.moment.VectorialMeanTest, org.apache.commons.math3.stat.descriptive.rank.MaxTest, org.apache.commons.math3.stat.descriptive.rank.MedianTest, org.apache.commons.math3.stat.descriptive.rank.MinTest, org.apache.commons.math3.stat.descriptive.rank.PercentileTest, org.apache.commons.math3.stat.descriptive.summary.ProductTest, org.apache.commons.math3.stat.descriptive.summary.SumLogTest, org.apache.commons.math3.stat.descriptive.summary.SumSqTest, org.apache.commons.math3.stat.descriptive.summary.SumTest, org.apache.commons.math3.stat.inference.BinomialConfidenceIntervalTest, org.apache.commons.math3.stat.inference.BinomialTestTest, org.apache.commons.math3.stat.inference.ChiSquareTestTest, org.apache.commons.math3.stat.inference.GTestTest, org.apache.commons.math3.stat.inference.MannWhitneyUTestTest, org.apache.commons.math3.stat.inference.OneWayAnovaTest, org.apache.commons.math3.stat.inference.TTestTest, org.apache.commons.math3.stat.inference.TestUtilsTest, org.apache.commons.math3.stat.inference.WilcoxonSignedRankTestTest, org.apache.commons.math3.stat.ranking.NaturalRankingTest, org.apache.commons.math3.stat.regression.GLSMultipleLinearRegressionTest, org.apache.commons.math3.stat.regression.MillerUpdatingRegressionTest, org.apache.commons.math3.stat.regression.OLSMultipleLinearRegressionTest, org.apache.commons.math3.stat.regression.SimpleRegressionTest, org.apache.commons.math3.transform.FastCosineTransformerTest, org.apache.commons.math3.transform.FastFourierTransformerTest, org.apache.commons.math3.transform.FastHadamardTransformerTest, org.apache.commons.math3.transform.FastSineTransformerTest, org.apache.commons.math3.util.ArithmeticUtilsTest, org.apache.commons.math3.util.BigRealFieldTest, org.apache.commons.math3.util.BigRealTest, org.apache.commons.math3.util.CombinationsTest, org.apache.commons.math3.util.CombinatoricsUtilsTest, org.apache.commons.math3.util.ContinuedFractionTest, org.apache.commons.math3.util.Decimal64Test, org.apache.commons.math3.util.DefaultTransformerTest, org.apache.commons.math3.util.FastMathStrictComparisonTest, org.apache.commons.math3.util.FastMathTest, org.apache.commons.math3.util.FastMathTestPerformance, org.apache.commons.math3.util.IncrementorTest, org.apache.commons.math3.util.MathArraysTest, org.apache.commons.math3.util.MathUtilsTest, org.apache.commons.math3.util.MultidimensionalCounterTest, org.apache.commons.math3.util.OpenIntToDoubleHashMapTest, org.apache.commons.math3.util.OpenIntToFieldTest, org.apache.commons.math3.util.PairTest, org.apache.commons.math3.util.PrecisionTest, org.apache.commons.math3.util.ResizableDoubleArrayTest, org.apache.commons.math3.util.TransformerMapTest], complianceLevel=7, outputFolder=., json=true}
09:03:03.172 [main] INFO  fr.inria.lille.repair.nopol.NoPol - Available processors (cores): 4
09:03:03.178 [main] INFO  fr.inria.lille.repair.nopol.NoPol - Free memory: 894 MB
09:03:03.178 [main] INFO  fr.inria.lille.repair.nopol.NoPol - Maximum memory: 3 GB
09:03:03.178 [main] INFO  fr.inria.lille.repair.nopol.NoPol - Total memory available to JVM: 981 MB
09:03:03.178 [main] INFO  fr.inria.lille.repair.nopol.NoPol - Java version: 1.8.0_181
09:03:03.179 [main] INFO  fr.inria.lille.repair.nopol.NoPol - JAVA_HOME: /usr/lib/jvm/java-1.8.0-openjdk-amd64/bin/
09:03:03.179 [main] INFO  fr.inria.lille.repair.nopol.NoPol - PATH: /usr/lib/jvm/java-1.8.0-openjdk-amd64/bin/:/usr/lib/oar/oardodo:/usr/lib/oar/oardodo:/usr/local/bin:/usr/bin:/bin:/usr/games
09:09:10.508 [pool-2-thread-1] DEBUG fr.inria.lille.repair.nopol.NoPol - statement #1
09:09:10.508 [pool-2-thread-1] DEBUG fr.inria.lille.repair.nopol.NoPol - Analysing SourceLocation org.apache.commons.math3.optim.linear.SolutionCallback:53 which is executed by 1 tests
-1929147137
09:09:11.927 [pool-2-thread-1] DEBUG fr.inria.lille.repair.nopol.NoPol - statement #2
09:09:11.927 [pool-2-thread-1] DEBUG fr.inria.lille.repair.nopol.NoPol - Analysing SourceLocation org.apache.commons.math3.optim.linear.SolutionCallback:41 which is executed by 1 tests
-1929147137
09:09:12.058 [pool-2-thread-1] DEBUG fr.inria.lille.repair.nopol.NoPol - statement #3
09:09:12.058 [pool-2-thread-1] DEBUG fr.inria.lille.repair.nopol.NoPol - Analysing SourceLocation org.apache.commons.math3.optim.linear.SolutionCallback:40 which is executed by 1 tests
-1929147137
09:09:12.184 [pool-2-thread-1] DEBUG fr.inria.lille.repair.nopol.NoPol - looking with class fr.inria.lille.repair.nopol.spoon.smt.ConditionalAdder
java.lang.AssertionError
    at org.junit.Assert.fail(Assert.java:86)
    at org.junit.Assert.assertTrue(Assert.java:41)
    at org.junit.Assert.assertNotNull(Assert.java:621)
    at org.junit.Assert.assertNotNull(Assert.java:631)
    at org.apache.commons.math3.optim.linear.SimplexSolverTest.testSolutionCallback(SimplexSolverTest.java:789)
    at sun.reflect.NativeMethodAccessorImpl.invoke0(Native Method)
09:09:13.093 [pool-4-thread-1] INFO  xxl.java.junit.TestCasesListener - Tests run finished (881 ms)
<> Total tests run: 29
<> Ignored tests: 0
<> Failed tests: 1
~ testSolutionCallback(org.apache.commons.math3.optim.linear.SimplexSolverTest)
[null]
java.lang.AssertionError    at org.junit.Assert.fail(Assert.java:86)
    at org.junit.Assert.assertTrue(Assert.java:41)
    at org.junit.Assert.assertNotNull(Assert.java:621)
    at org.junit.Assert.assertNotNull(Assert.java:631)
    at org.apache.commons.math3.optim.linear.SimplexSolverTest.testSolutionCallback(SimplexSolverTest.java:789)
    at sun.reflect.NativeMethodAccessorImpl.invoke0(Native Method)

java.lang.AssertionError
    at org.junit.Assert.fail(Assert.java:86)
    at org.junit.Assert.assertTrue(Assert.java:41)
    at org.junit.Assert.assertNotNull(Assert.java:621)
    at org.junit.Assert.assertNotNull(Assert.java:631)
    at org.apache.commons.math3.optim.linear.SimplexSolverTest.testSolutionCallback(SimplexSolverTest.java:789)
    at sun.reflect.NativeMethodAccessorImpl.invoke0(Native Method)
09:09:13.927 [pool-5-thread-1] INFO  f.i.l.c.t.SpecificationTestCasesListener - Tests run finished (277 ms)
<> Total tests run: 1
<> Ignored tests: 0
<> Failed tests: 1
~ testSolutionCallback(org.apache.commons.math3.optim.linear.SimplexSolverTest)
[null]
java.lang.AssertionError    at org.junit.Assert.fail(Assert.java:86)
    at org.junit.Assert.assertTrue(Assert.java:41)
    at org.junit.Assert.assertNotNull(Assert.java:621)
    at org.junit.Assert.assertNotNull(Assert.java:631)
    at org.apache.commons.math3.optim.linear.SimplexSolverTest.testSolutionCallback(SimplexSolverTest.java:789)
    at sun.reflect.NativeMethodAccessorImpl.invoke0(Native Method)

java.lang.AssertionError
    at org.junit.Assert.fail(Assert.java:86)
    at org.junit.Assert.assertTrue(Assert.java:41)
    at org.junit.Assert.assertNotNull(Assert.java:621)
    at org.junit.Assert.assertNotNull(Assert.java:631)
    at org.apache.commons.math3.optim.linear.SimplexSolverTest.testSolutionCallback(SimplexSolverTest.java:789)
    at sun.reflect.NativeMethodAccessorImpl.invoke0(Native Method)
09:09:14.099 [pool-6-thread-1] INFO  f.i.l.c.t.SpecificationTestCasesListener - Tests run finished (170 ms)
<> Total tests run: 1
<> Ignored tests: 0
<> Failed tests: 1
~ testSolutionCallback(org.apache.commons.math3.optim.linear.SimplexSolverTest)
[null]
java.lang.AssertionError    at org.junit.Assert.fail(Assert.java:86)
    at org.junit.Assert.assertTrue(Assert.java:41)
    at org.junit.Assert.assertNotNull(Assert.java:621)
    at org.junit.Assert.assertNotNull(Assert.java:631)
    at org.apache.commons.math3.optim.linear.SimplexSolverTest.testSolutionCallback(SimplexSolverTest.java:789)
    at sun.reflect.NativeMethodAccessorImpl.invoke0(Native Method)

09:09:14.100 [pool-3-thread-1] DEBUG tests.output - Failing tests with false: 
[testSolutionCallback(org.apache.commons.math3.optim.linear.SimplexSolverTest): null]
09:09:14.100 [pool-3-thread-1] DEBUG tests.output - Failing tests with true: 
[testSolutionCallback(org.apache.commons.math3.optim.linear.SimplexSolverTest): null]
09:09:14.100 [pool-3-thread-1] INFO  f.i.l.r.n.synth.SMTNopolSynthesizer - Not enough specifications: 0. A trivial patch is "true" or "false", please write new tests specifying SourceLocation org.apache.commons.math3.optim.linear.SolutionCallback:40.
09:09:14.100 [pool-2-thread-1] DEBUG fr.inria.lille.repair.nopol.NoPol - statement #4
09:09:14.101 [pool-2-thread-1] DEBUG fr.inria.lille.repair.nopol.NoPol - Analysing SourceLocation org.apache.commons.math3.optim.linear.SimplexSolver:379 which is executed by 1 tests
-1435753318
09:09:14.258 [pool-2-thread-1] DEBUG fr.inria.lille.repair.nopol.NoPol - looking with class fr.inria.lille.repair.nopol.spoon.smt.ConditionalAdder
java.lang.AssertionError
    at org.junit.Assert.fail(Assert.java:86)
    at org.junit.Assert.assertTrue(Assert.java:41)
    at org.junit.Assert.assertNotNull(Assert.java:621)
    at org.junit.Assert.assertNotNull(Assert.java:631)
    at org.apache.commons.math3.optim.linear.SimplexSolverTest.testSolutionCallback(SimplexSolverTest.java:789)
    at sun.reflect.NativeMethodAccessorImpl.invoke0(Native Method)
09:09:15.090 [pool-8-thread-1] INFO  xxl.java.junit.TestCasesListener - Tests run finished (821 ms)
<> Total tests run: 29
<> Ignored tests: 0
<> Failed tests: 1
~ testSolutionCallback(org.apache.commons.math3.optim.linear.SimplexSolverTest)
[null]
java.lang.AssertionError    at org.junit.Assert.fail(Assert.java:86)
    at org.junit.Assert.assertTrue(Assert.java:41)
    at org.junit.Assert.assertNotNull(Assert.java:621)
    at org.junit.Assert.assertNotNull(Assert.java:631)
    at org.apache.commons.math3.optim.linear.SimplexSolverTest.testSolutionCallback(SimplexSolverTest.java:789)
    at sun.reflect.NativeMethodAccessorImpl.invoke0(Native Method)

java.lang.AssertionError
    at org.junit.Assert.fail(Assert.java:86)
    at org.junit.Assert.assertTrue(Assert.java:41)
    at org.junit.Assert.assertNotNull(Assert.java:621)
    at org.junit.Assert.assertNotNull(Assert.java:631)
    at org.apache.commons.math3.optim.linear.SimplexSolverTest.testSolutionCallback(SimplexSolverTest.java:789)
    at sun.reflect.NativeMethodAccessorImpl.invoke0(Native Method)
09:09:16.037 [pool-9-thread-1] INFO  f.i.l.c.t.SpecificationTestCasesListener - Tests run finished (646 ms)
<> Total tests run: 1
<> Ignored tests: 0
<> Failed tests: 1
~ testSolutionCallback(org.apache.commons.math3.optim.linear.SimplexSolverTest)
[null]
java.lang.AssertionError    at org.junit.Assert.fail(Assert.java:86)
    at org.junit.Assert.assertTrue(Assert.java:41)
    at org.junit.Assert.assertNotNull(Assert.java:621)
    at org.junit.Assert.assertNotNull(Assert.java:631)
    at org.apache.commons.math3.optim.linear.SimplexSolverTest.testSolutionCallback(SimplexSolverTest.java:789)
    at sun.reflect.NativeMethodAccessorImpl.invoke0(Native Method)

java.lang.AssertionError
    at org.junit.Assert.fail(Assert.java:86)
    at org.junit.Assert.assertTrue(Assert.java:41)
    at org.junit.Assert.assertNotNull(Assert.java:621)
    at org.junit.Assert.assertNotNull(Assert.java:631)
    at org.apache.commons.math3.optim.linear.SimplexSolverTest.testSolutionCallback(SimplexSolverTest.java:789)
    at sun.reflect.NativeMethodAccessorImpl.invoke0(Native Method)
09:09:16.378 [pool-10-thread-1] INFO  f.i.l.c.t.SpecificationTestCasesListener - Tests run finished (339 ms)
<> Total tests run: 1
<> Ignored tests: 0
<> Failed tests: 1
~ testSolutionCallback(org.apache.commons.math3.optim.linear.SimplexSolverTest)
[null]
java.lang.AssertionError    at org.junit.Assert.fail(Assert.java:86)
    at org.junit.Assert.assertTrue(Assert.java:41)
    at org.junit.Assert.assertNotNull(Assert.java:621)
    at org.junit.Assert.assertNotNull(Assert.java:631)
    at org.apache.commons.math3.optim.linear.SimplexSolverTest.testSolutionCallback(SimplexSolverTest.java:789)
    at sun.reflect.NativeMethodAccessorImpl.invoke0(Native Method)

09:09:16.379 [pool-7-thread-1] DEBUG tests.output - Failing tests with false: 
[testSolutionCallback(org.apache.commons.math3.optim.linear.SimplexSolverTest): null]
09:09:16.379 [pool-7-thread-1] DEBUG tests.output - Failing tests with true: 
[testSolutionCallback(org.apache.commons.math3.optim.linear.SimplexSolverTest): null]
09:09:16.379 [pool-7-thread-1] INFO  f.i.l.r.n.synth.SMTNopolSynthesizer - Not enough specifications: 0. A trivial patch is "true" or "false", please write new tests specifying SourceLocation org.apache.commons.math3.optim.linear.SimplexSolver:379.
09:09:16.379 [pool-2-thread-1] DEBUG fr.inria.lille.repair.nopol.NoPol - statement #5
09:09:16.379 [pool-2-thread-1] DEBUG fr.inria.lille.repair.nopol.NoPol - Analysing SourceLocation org.apache.commons.math3.optim.linear.SimplexSolver:179 which is executed by 1 tests
-1435753318
09:09:16.514 [pool-2-thread-1] DEBUG fr.inria.lille.repair.nopol.NoPol - looking with class fr.inria.lille.repair.nopol.spoon.smt.ConditionalAdder
java.lang.AssertionError
    at org.junit.Assert.fail(Assert.java:86)
    at org.junit.Assert.assertTrue(Assert.java:41)
    at org.junit.Assert.assertNotNull(Assert.java:621)
    at org.junit.Assert.assertNotNull(Assert.java:631)
    at org.apache.commons.math3.optim.linear.SimplexSolverTest.testSolutionCallback(SimplexSolverTest.java:789)
    at sun.reflect.NativeMethodAccessorImpl.invoke0(Native Method)
09:09:17.210 [pool-12-thread-1] INFO  xxl.java.junit.TestCasesListener - Tests run finished (671 ms)
<> Total tests run: 29
<> Ignored tests: 0
<> Failed tests: 1
~ testSolutionCallback(org.apache.commons.math3.optim.linear.SimplexSolverTest)
[null]
java.lang.AssertionError    at org.junit.Assert.fail(Assert.java:86)
    at org.junit.Assert.assertTrue(Assert.java:41)
    at org.junit.Assert.assertNotNull(Assert.java:621)
    at org.junit.Assert.assertNotNull(Assert.java:631)
    at org.apache.commons.math3.optim.linear.SimplexSolverTest.testSolutionCallback(SimplexSolverTest.java:789)
    at sun.reflect.NativeMethodAccessorImpl.invoke0(Native Method)

java.lang.AssertionError
    at org.junit.Assert.fail(Assert.java:86)
    at org.junit.Assert.assertTrue(Assert.java:41)
    at org.junit.Assert.assertNotNull(Assert.java:621)
    at org.junit.Assert.assertNotNull(Assert.java:631)
    at org.apache.commons.math3.optim.linear.SimplexSolverTest.testSolutionCallback(SimplexSolverTest.java:789)
    at sun.reflect.NativeMethodAccessorImpl.invoke0(Native Method)
09:09:17.763 [pool-13-thread-1] INFO  f.i.l.c.t.SpecificationTestCasesListener - Tests run finished (306 ms)
<> Total tests run: 1
<> Ignored tests: 0
<> Failed tests: 1
~ testSolutionCallback(org.apache.commons.math3.optim.linear.SimplexSolverTest)
[null]
java.lang.AssertionError    at org.junit.Assert.fail(Assert.java:86)
    at org.junit.Assert.assertTrue(Assert.java:41)
    at org.junit.Assert.assertNotNull(Assert.java:621)
    at org.junit.Assert.assertNotNull(Assert.java:631)
    at org.apache.commons.math3.optim.linear.SimplexSolverTest.testSolutionCallback(SimplexSolverTest.java:789)
    at sun.reflect.NativeMethodAccessorImpl.invoke0(Native Method)

java.lang.AssertionError
    at org.junit.Assert.fail(Assert.java:86)
    at org.junit.Assert.assertTrue(Assert.java:41)
    at org.junit.Assert.assertNotNull(Assert.java:621)
    at org.junit.Assert.assertNotNull(Assert.java:631)
    at org.apache.commons.math3.optim.linear.SimplexSolverTest.testSolutionCallback(SimplexSolverTest.java:789)
    at sun.reflect.NativeMethodAccessorImpl.invoke0(Native Method)
09:09:17.994 [pool-14-thread-1] INFO  f.i.l.c.t.SpecificationTestCasesListener - Tests run finished (229 ms)
<> Total tests run: 1
<> Ignored tests: 0
<> Failed tests: 1
~ testSolutionCallback(org.apache.commons.math3.optim.linear.SimplexSolverTest)
[null]
java.lang.AssertionError    at org.junit.Assert.fail(Assert.java:86)
    at org.junit.Assert.assertTrue(Assert.java:41)
    at org.junit.Assert.assertNotNull(Assert.java:621)
    at org.junit.Assert.assertNotNull(Assert.java:631)
    at org.apache.commons.math3.optim.linear.SimplexSolverTest.testSolutionCallback(SimplexSolverTest.java:789)
    at sun.reflect.NativeMethodAccessorImpl.invoke0(Native Method)

09:09:17.995 [pool-11-thread-1] DEBUG tests.output - Failing tests with false: 
[testSolutionCallback(org.apache.commons.math3.optim.linear.SimplexSolverTest): null]
09:09:17.995 [pool-11-thread-1] DEBUG tests.output - Failing tests with true: 
[testSolutionCallback(org.apache.commons.math3.optim.linear.SimplexSolverTest): null]
09:09:17.995 [pool-11-thread-1] INFO  f.i.l.r.n.synth.SMTNopolSynthesizer - Not enough specifications: 0. A trivial patch is "true" or "false", please write new tests specifying SourceLocation org.apache.commons.math3.optim.linear.SimplexSolver:179.
09:09:17.995 [pool-2-thread-1] DEBUG fr.inria.lille.repair.nopol.NoPol - statement #6
09:09:17.995 [pool-2-thread-1] DEBUG fr.inria.lille.repair.nopol.NoPol - Analysing SourceLocation org.apache.commons.math3.optim.linear.SimplexSolver:178 which is executed by 1 tests
-1435753318
09:09:18.128 [pool-2-thread-1] DEBUG fr.inria.lille.repair.nopol.NoPol - looking with class fr.inria.lille.repair.nopol.spoon.smt.ConditionalAdder
java.lang.AssertionError: expected TooManyIterationsException
    at org.junit.Assert.fail(Assert.java:88)
    at org.apache.commons.math3.optim.linear.SimplexSolverTest.testSolutionCallback(SimplexSolverTest.java:783)
    at sun.reflect.NativeMethodAccessorImpl.invoke0(Native Method)
    at sun.reflect.NativeMethodAccessorImpl.invoke(NativeMethodAccessorImpl.java:62)
    at sun.reflect.DelegatingMethodAccessorImpl.invoke(DelegatingMethodAccessorImpl.java:43)
    at java.lang.reflect.Method.invoke(Method.java:498)
09:09:18.568 [pool-16-thread-1] INFO  xxl.java.junit.TestCasesListener - Tests run finished (417 ms)
<> Total tests run: 29
<> Ignored tests: 0
<> Failed tests: 1
~ testSolutionCallback(org.apache.commons.math3.optim.linear.SimplexSolverTest)
[expected TooManyIterationsException]
java.lang.AssertionError: expected TooManyIterationsException    at org.junit.Assert.fail(Assert.java:88)
    at org.apache.commons.math3.optim.linear.SimplexSolverTest.testSolutionCallback(SimplexSolverTest.java:783)
    at sun.reflect.NativeMethodAccessorImpl.invoke0(Native Method)
    at sun.reflect.NativeMethodAccessorImpl.invoke(NativeMethodAccessorImpl.java:62)
    at sun.reflect.DelegatingMethodAccessorImpl.invoke(DelegatingMethodAccessorImpl.java:43)
    at java.lang.reflect.Method.invoke(Method.java:498)

java.lang.AssertionError
    at org.junit.Assert.fail(Assert.java:86)
    at org.junit.Assert.assertTrue(Assert.java:41)
    at org.junit.Assert.assertNotNull(Assert.java:621)
    at org.junit.Assert.assertNotNull(Assert.java:631)
    at org.apache.commons.math3.optim.linear.SimplexSolverTest.testSolutionCallback(SimplexSolverTest.java:789)
    at sun.reflect.NativeMethodAccessorImpl.invoke0(Native Method)
09:09:19.115 [pool-17-thread-1] INFO  f.i.l.c.t.SpecificationTestCasesListener - Tests run finished (308 ms)
<> Total tests run: 1
<> Ignored tests: 0
<> Failed tests: 1
~ testSolutionCallback(org.apache.commons.math3.optim.linear.SimplexSolverTest)
[null]
java.lang.AssertionError    at org.junit.Assert.fail(Assert.java:86)
    at org.junit.Assert.assertTrue(Assert.java:41)
    at org.junit.Assert.assertNotNull(Assert.java:621)
    at org.junit.Assert.assertNotNull(Assert.java:631)
    at org.apache.commons.math3.optim.linear.SimplexSolverTest.testSolutionCallback(SimplexSolverTest.java:789)
    at sun.reflect.NativeMethodAccessorImpl.invoke0(Native Method)

java.lang.AssertionError
    at org.junit.Assert.fail(Assert.java:86)
    at org.junit.Assert.assertTrue(Assert.java:41)
    at org.junit.Assert.assertNotNull(Assert.java:621)
    at org.junit.Assert.assertNotNull(Assert.java:631)
    at org.apache.commons.math3.optim.linear.SimplexSolverTest.testSolutionCallback(SimplexSolverTest.java:789)
    at sun.reflect.NativeMethodAccessorImpl.invoke0(Native Method)
09:09:19.366 [pool-18-thread-1] INFO  f.i.l.c.t.SpecificationTestCasesListener - Tests run finished (249 ms)
<> Total tests run: 1
<> Ignored tests: 0
<> Failed tests: 1
~ testSolutionCallback(org.apache.commons.math3.optim.linear.SimplexSolverTest)
[null]
java.lang.AssertionError    at org.junit.Assert.fail(Assert.java:86)
    at org.junit.Assert.assertTrue(Assert.java:41)
    at org.junit.Assert.assertNotNull(Assert.java:621)
    at org.junit.Assert.assertNotNull(Assert.java:631)
    at org.apache.commons.math3.optim.linear.SimplexSolverTest.testSolutionCallback(SimplexSolverTest.java:789)
    at sun.reflect.NativeMethodAccessorImpl.invoke0(Native Method)

09:09:19.366 [pool-15-thread-1] DEBUG tests.output - Failing tests with false: 
[testSolutionCallback(org.apache.commons.math3.optim.linear.SimplexSolverTest): null]
09:09:19.366 [pool-15-thread-1] DEBUG tests.output - Failing tests with true: 
[testSolutionCallback(org.apache.commons.math3.optim.linear.SimplexSolverTest): null]
09:09:19.366 [pool-15-thread-1] INFO  f.i.l.r.n.synth.SMTNopolSynthesizer - Not enough specifications: 0. A trivial patch is "true" or "false", please write new tests specifying SourceLocation org.apache.commons.math3.optim.linear.SimplexSolver:178.
09:09:19.366 [pool-2-thread-1] DEBUG fr.inria.lille.repair.nopol.NoPol - statement #7
09:09:19.367 [pool-2-thread-1] DEBUG fr.inria.lille.repair.nopol.NoPol - Analysing SourceLocation org.apache.commons.math3.optim.BaseOptimizer$MaxIterCallback:258 which is executed by 1 tests
-1860145851
09:09:19.491 [pool-2-thread-1] DEBUG fr.inria.lille.repair.nopol.NoPol - looking with class fr.inria.lille.repair.nopol.spoon.smt.ConditionalAdder
java.lang.AssertionError
    at org.junit.Assert.fail(Assert.java:86)
    at org.junit.Assert.assertTrue(Assert.java:41)
    at org.junit.Assert.assertNotNull(Assert.java:621)
    at org.junit.Assert.assertNotNull(Assert.java:631)
    at org.apache.commons.math3.optim.linear.SimplexSolverTest.testSolutionCallback(SimplexSolverTest.java:789)
    at sun.reflect.NativeMethodAccessorImpl.invoke0(Native Method)
09:09:19.967 [pool-20-thread-1] INFO  xxl.java.junit.TestCasesListener - Tests run finished (453 ms)
<> Total tests run: 29
<> Ignored tests: 0
<> Failed tests: 1
~ testSolutionCallback(org.apache.commons.math3.optim.linear.SimplexSolverTest)
[null]
java.lang.AssertionError    at org.junit.Assert.fail(Assert.java:86)
    at org.junit.Assert.assertTrue(Assert.java:41)
    at org.junit.Assert.assertNotNull(Assert.java:621)
    at org.junit.Assert.assertNotNull(Assert.java:631)
    at org.apache.commons.math3.optim.linear.SimplexSolverTest.testSolutionCallback(SimplexSolverTest.java:789)
    at sun.reflect.NativeMethodAccessorImpl.invoke0(Native Method)

java.lang.AssertionError: expected TooManyIterationsException
    at org.junit.Assert.fail(Assert.java:88)
    at org.apache.commons.math3.optim.linear.SimplexSolverTest.testSolutionCallback(SimplexSolverTest.java:769)
    at sun.reflect.NativeMethodAccessorImpl.invoke0(Native Method)
    at sun.reflect.NativeMethodAccessorImpl.invoke(NativeMethodAccessorImpl.java:62)
    at sun.reflect.DelegatingMethodAccessorImpl.invoke(DelegatingMethodAccessorImpl.java:43)
    at java.lang.reflect.Method.invoke(Method.java:498)
09:09:21.563 [pool-21-thread-1] INFO  f.i.l.c.t.SpecificationTestCasesListener - Tests run finished (1388 ms)
<> Total tests run: 1
<> Ignored tests: 0
<> Failed tests: 1
~ testSolutionCallback(org.apache.commons.math3.optim.linear.SimplexSolverTest)
[expected TooManyIterationsException]
java.lang.AssertionError: expected TooManyIterationsException    at org.junit.Assert.fail(Assert.java:88)
    at org.apache.commons.math3.optim.linear.SimplexSolverTest.testSolutionCallback(SimplexSolverTest.java:769)
    at sun.reflect.NativeMethodAccessorImpl.invoke0(Native Method)
    at sun.reflect.NativeMethodAccessorImpl.invoke(NativeMethodAccessorImpl.java:62)
    at sun.reflect.DelegatingMethodAccessorImpl.invoke(DelegatingMethodAccessorImpl.java:43)
    at java.lang.reflect.Method.invoke(Method.java:498)

java.lang.AssertionError
    at org.junit.Assert.fail(Assert.java:86)
    at org.junit.Assert.assertTrue(Assert.java:41)
    at org.junit.Assert.assertNotNull(Assert.java:621)
    at org.junit.Assert.assertNotNull(Assert.java:631)
    at org.apache.commons.math3.optim.linear.SimplexSolverTest.testSolutionCallback(SimplexSolverTest.java:789)
    at sun.reflect.NativeMethodAccessorImpl.invoke0(Native Method)
09:09:21.770 [pool-22-thread-1] INFO  f.i.l.c.t.SpecificationTestCasesListener - Tests run finished (205 ms)
<> Total tests run: 1
<> Ignored tests: 0
<> Failed tests: 1
~ testSolutionCallback(org.apache.commons.math3.optim.linear.SimplexSolverTest)
[null]
java.lang.AssertionError    at org.junit.Assert.fail(Assert.java:86)
    at org.junit.Assert.assertTrue(Assert.java:41)
    at org.junit.Assert.assertNotNull(Assert.java:621)
    at org.junit.Assert.assertNotNull(Assert.java:631)
    at org.apache.commons.math3.optim.linear.SimplexSolverTest.testSolutionCallback(SimplexSolverTest.java:789)
    at sun.reflect.NativeMethodAccessorImpl.invoke0(Native Method)

09:09:21.770 [pool-19-thread-1] DEBUG tests.output - Failing tests with false: 
[testSolutionCallback(org.apache.commons.math3.optim.linear.SimplexSolverTest): expected TooManyIterationsException]
09:09:21.770 [pool-19-thread-1] DEBUG tests.output - Failing tests with true: 
[testSolutionCallback(org.apache.commons.math3.optim.linear.SimplexSolverTest): null]
09:09:21.770 [pool-19-thread-1] INFO  f.i.l.r.n.synth.SMTNopolSynthesizer - Not enough specifications: 0. A trivial patch is "true" or "false", please write new tests specifying SourceLocation org.apache.commons.math3.optim.BaseOptimizer$MaxIterCallback:258.
09:09:21.770 [pool-2-thread-1] DEBUG fr.inria.lille.repair.nopol.NoPol - statement #8
09:09:21.770 [pool-2-thread-1] DEBUG fr.inria.lille.repair.nopol.NoPol - Analysing SourceLocation org.apache.commons.math3.optim.linear.SimplexSolver:231 which is executed by 3 tests
-1435753318
09:09:21.924 [pool-2-thread-1] DEBUG fr.inria.lille.repair.nopol.NoPol - looking with class fr.inria.lille.repair.nopol.spoon.smt.ConditionalAdder
java.lang.AssertionError
    at org.junit.Assert.fail(Assert.java:86)
    at org.junit.Assert.assertTrue(Assert.java:41)
    at org.junit.Assert.assertNotNull(Assert.java:621)
    at org.junit.Assert.assertNotNull(Assert.java:631)
    at org.apache.commons.math3.optim.linear.SimplexSolverTest.testSolutionCallback(SimplexSolverTest.java:789)
    at sun.reflect.NativeMethodAccessorImpl.invoke0(Native Method)
09:09:22.756 [pool-24-thread-1] INFO  xxl.java.junit.TestCasesListener - Tests run finished (813 ms)
<> Total tests run: 29
<> Ignored tests: 0
<> Failed tests: 1
~ testSolutionCallback(org.apache.commons.math3.optim.linear.SimplexSolverTest)
[null]
java.lang.AssertionError    at org.junit.Assert.fail(Assert.java:86)
    at org.junit.Assert.assertTrue(Assert.java:41)
    at org.junit.Assert.assertNotNull(Assert.java:621)
    at org.junit.Assert.assertNotNull(Assert.java:631)
    at org.apache.commons.math3.optim.linear.SimplexSolverTest.testSolutionCallback(SimplexSolverTest.java:789)
    at sun.reflect.NativeMethodAccessorImpl.invoke0(Native Method)

java.lang.AssertionError
    at org.junit.Assert.fail(Assert.java:86)
    at org.junit.Assert.assertTrue(Assert.java:41)
    at org.junit.Assert.assertNotNull(Assert.java:621)
    at org.junit.Assert.assertNotNull(Assert.java:631)
    at org.apache.commons.math3.optim.linear.SimplexSolverTest.testSolutionCallback(SimplexSolverTest.java:789)
    at sun.reflect.NativeMethodAccessorImpl.invoke0(Native Method)
09:09:23.382 [pool-25-thread-1] INFO  f.i.l.c.t.SpecificationTestCasesListener - Tests run finished (355 ms)
<> Total tests run: 1
<> Ignored tests: 0
<> Failed tests: 1
~ testSolutionCallback(org.apache.commons.math3.optim.linear.SimplexSolverTest)
[null]
java.lang.AssertionError    at org.junit.Assert.fail(Assert.java:86)
    at org.junit.Assert.assertTrue(Assert.java:41)
    at org.junit.Assert.assertNotNull(Assert.java:621)
    at org.junit.Assert.assertNotNull(Assert.java:631)
    at org.apache.commons.math3.optim.linear.SimplexSolverTest.testSolutionCallback(SimplexSolverTest.java:789)
    at sun.reflect.NativeMethodAccessorImpl.invoke0(Native Method)

java.lang.AssertionError: expected TooManyIterationsException
    at org.junit.Assert.fail(Assert.java:88)
    at org.apache.commons.math3.optim.linear.SimplexSolverTest.testSolutionCallback(SimplexSolverTest.java:783)
    at sun.reflect.NativeMethodAccessorImpl.invoke0(Native Method)
    at sun.reflect.NativeMethodAccessorImpl.invoke(NativeMethodAccessorImpl.java:62)
    at sun.reflect.DelegatingMethodAccessorImpl.invoke(DelegatingMethodAccessorImpl.java:43)
    at java.lang.reflect.Method.invoke(Method.java:498)
09:09:23.578 [pool-26-thread-1] INFO  f.i.l.c.t.SpecificationTestCasesListener - Tests run finished (195 ms)
<> Total tests run: 1
<> Ignored tests: 0
<> Failed tests: 1
~ testSolutionCallback(org.apache.commons.math3.optim.linear.SimplexSolverTest)
[expected TooManyIterationsException]
java.lang.AssertionError: expected TooManyIterationsException    at org.junit.Assert.fail(Assert.java:88)
    at org.apache.commons.math3.optim.linear.SimplexSolverTest.testSolutionCallback(SimplexSolverTest.java:783)
    at sun.reflect.NativeMethodAccessorImpl.invoke0(Native Method)
    at sun.reflect.NativeMethodAccessorImpl.invoke(NativeMethodAccessorImpl.java:62)
    at sun.reflect.DelegatingMethodAccessorImpl.invoke(DelegatingMethodAccessorImpl.java:43)
    at java.lang.reflect.Method.invoke(Method.java:498)

09:09:23.579 [pool-23-thread-1] DEBUG tests.output - Failing tests with false: 
[testSolutionCallback(org.apache.commons.math3.optim.linear.SimplexSolverTest): null]
09:09:23.579 [pool-23-thread-1] DEBUG tests.output - Failing tests with true: 
[testSolutionCallback(org.apache.commons.math3.optim.linear.SimplexSolverTest): expected TooManyIterationsException]
09:09:23.579 [pool-23-thread-1] INFO  f.i.l.r.n.synth.SMTNopolSynthesizer - Not enough specifications: 0. A trivial patch is "true" or "false", please write new tests specifying SourceLocation org.apache.commons.math3.optim.linear.SimplexSolver:231.
09:09:23.579 [pool-2-thread-1] DEBUG fr.inria.lille.repair.nopol.NoPol - statement #9
09:09:23.579 [pool-2-thread-1] DEBUG fr.inria.lille.repair.nopol.NoPol - Analysing SourceLocation org.apache.commons.math3.optim.linear.SimplexSolver:230 which is executed by 3 tests
-1435753318
09:09:23.758 [pool-2-thread-1] DEBUG fr.inria.lille.repair.nopol.NoPol - looking with class fr.inria.lille.repair.nopol.spoon.smt.ConditionalAdder
java.lang.AssertionError
    at org.junit.Assert.fail(Assert.java:86)
    at org.junit.Assert.assertTrue(Assert.java:41)
    at org.junit.Assert.assertNotNull(Assert.java:621)
    at org.junit.Assert.assertNotNull(Assert.java:631)
    at org.apache.commons.math3.optim.linear.SimplexSolverTest.testSolutionCallback(SimplexSolverTest.java:789)
    at sun.reflect.NativeMethodAccessorImpl.invoke0(Native Method)
09:09:24.532 [pool-28-thread-1] INFO  xxl.java.junit.TestCasesListener - Tests run finished (756 ms)
<> Total tests run: 29
<> Ignored tests: 0
<> Failed tests: 1
~ testSolutionCallback(org.apache.commons.math3.optim.linear.SimplexSolverTest)
[null]
java.lang.AssertionError    at org.junit.Assert.fail(Assert.java:86)
    at org.junit.Assert.assertTrue(Assert.java:41)
    at org.junit.Assert.assertNotNull(Assert.java:621)
    at org.junit.Assert.assertNotNull(Assert.java:631)
    at org.apache.commons.math3.optim.linear.SimplexSolverTest.testSolutionCallback(SimplexSolverTest.java:789)
    at sun.reflect.NativeMethodAccessorImpl.invoke0(Native Method)

java.lang.AssertionError
    at org.junit.Assert.fail(Assert.java:86)
    at org.junit.Assert.assertTrue(Assert.java:41)
    at org.junit.Assert.assertNotNull(Assert.java:621)
    at org.junit.Assert.assertNotNull(Assert.java:631)
    at org.apache.commons.math3.optim.linear.SimplexSolverTest.testSolutionCallback(SimplexSolverTest.java:789)
    at sun.reflect.NativeMethodAccessorImpl.invoke0(Native Method)
09:09:25.491 [pool-29-thread-1] INFO  f.i.l.c.t.SpecificationTestCasesListener - Tests run finished (722 ms)
<> Total tests run: 1
<> Ignored tests: 0
<> Failed tests: 1
~ testSolutionCallback(org.apache.commons.math3.optim.linear.SimplexSolverTest)
[null]
java.lang.AssertionError    at org.junit.Assert.fail(Assert.java:86)
    at org.junit.Assert.assertTrue(Assert.java:41)
    at org.junit.Assert.assertNotNull(Assert.java:621)
    at org.junit.Assert.assertNotNull(Assert.java:631)
    at org.apache.commons.math3.optim.linear.SimplexSolverTest.testSolutionCallback(SimplexSolverTest.java:789)
    at sun.reflect.NativeMethodAccessorImpl.invoke0(Native Method)

java.lang.AssertionError
    at org.junit.Assert.fail(Assert.java:86)
    at org.junit.Assert.assertTrue(Assert.java:41)
    at org.junit.Assert.assertNotNull(Assert.java:621)
    at org.junit.Assert.assertNotNull(Assert.java:631)
    at org.apache.commons.math3.optim.linear.SimplexSolverTest.testSolutionCallback(SimplexSolverTest.java:789)
    at sun.reflect.NativeMethodAccessorImpl.invoke0(Native Method)
09:09:25.737 [pool-30-thread-1] INFO  f.i.l.c.t.SpecificationTestCasesListener - Tests run finished (243 ms)
<> Total tests run: 1
<> Ignored tests: 0
<> Failed tests: 1
~ testSolutionCallback(org.apache.commons.math3.optim.linear.SimplexSolverTest)
[null]
java.lang.AssertionError    at org.junit.Assert.fail(Assert.java:86)
    at org.junit.Assert.assertTrue(Assert.java:41)
    at org.junit.Assert.assertNotNull(Assert.java:621)
    at org.junit.Assert.assertNotNull(Assert.java:631)
    at org.apache.commons.math3.optim.linear.SimplexSolverTest.testSolutionCallback(SimplexSolverTest.java:789)
    at sun.reflect.NativeMethodAccessorImpl.invoke0(Native Method)

09:09:25.737 [pool-27-thread-1] DEBUG tests.output - Failing tests with false: 
[testSolutionCallback(org.apache.commons.math3.optim.linear.SimplexSolverTest): null]
09:09:25.737 [pool-27-thread-1] DEBUG tests.output - Failing tests with true: 
[testSolutionCallback(org.apache.commons.math3.optim.linear.SimplexSolverTest): null]
09:09:25.737 [pool-27-thread-1] INFO  f.i.l.r.n.synth.SMTNopolSynthesizer - Not enough specifications: 0. A trivial patch is "true" or "false", please write new tests specifying SourceLocation org.apache.commons.math3.optim.linear.SimplexSolver:230.
09:09:25.737 [pool-2-thread-1] DEBUG fr.inria.lille.repair.nopol.NoPol - looking with class fr.inria.lille.repair.nopol.spoon.smt.ConditionalReplacer
java.lang.AssertionError: expected TooManyIterationsException
    at org.junit.Assert.fail(Assert.java:88)
    at org.apache.commons.math3.optim.linear.SimplexSolverTest.testSolutionCallback(SimplexSolverTest.java:769)
    at sun.reflect.NativeMethodAccessorImpl.invoke0(Native Method)
    at sun.reflect.NativeMethodAccessorImpl.invoke(NativeMethodAccessorImpl.java:62)
    at sun.reflect.DelegatingMethodAccessorImpl.invoke(DelegatingMethodAccessorImpl.java:43)
    at java.lang.reflect.Method.invoke(Method.java:498)
09:09:25.994 [pool-32-thread-1] INFO  xxl.java.junit.TestCasesListener - Tests run finished (246 ms)
<> Total tests run: 29
<> Ignored tests: 0
<> Failed tests: 1
~ testSolutionCallback(org.apache.commons.math3.optim.linear.SimplexSolverTest)
[expected TooManyIterationsException]
java.lang.AssertionError: expected TooManyIterationsException    at org.junit.Assert.fail(Assert.java:88)
    at org.apache.commons.math3.optim.linear.SimplexSolverTest.testSolutionCallback(SimplexSolverTest.java:769)
    at sun.reflect.NativeMethodAccessorImpl.invoke0(Native Method)
    at sun.reflect.NativeMethodAccessorImpl.invoke(NativeMethodAccessorImpl.java:62)
    at sun.reflect.DelegatingMethodAccessorImpl.invoke(DelegatingMethodAccessorImpl.java:43)
    at java.lang.reflect.Method.invoke(Method.java:498)

java.lang.AssertionError
    at org.junit.Assert.fail(Assert.java:86)
    at org.junit.Assert.assertTrue(Assert.java:41)
    at org.junit.Assert.assertNotNull(Assert.java:621)
    at org.junit.Assert.assertNotNull(Assert.java:631)
    at org.apache.commons.math3.optim.linear.SimplexSolverTest.testSolutionCallback(SimplexSolverTest.java:789)
    at sun.reflect.NativeMethodAccessorImpl.invoke0(Native Method)
09:09:26.913 [pool-33-thread-1] INFO  f.i.l.c.t.SpecificationTestCasesListener - Tests run finished (695 ms)
<> Total tests run: 1
<> Ignored tests: 0
<> Failed tests: 1
~ testSolutionCallback(org.apache.commons.math3.optim.linear.SimplexSolverTest)
[null]
java.lang.AssertionError    at org.junit.Assert.fail(Assert.java:86)
    at org.junit.Assert.assertTrue(Assert.java:41)
    at org.junit.Assert.assertNotNull(Assert.java:621)
    at org.junit.Assert.assertNotNull(Assert.java:631)
    at org.apache.commons.math3.optim.linear.SimplexSolverTest.testSolutionCallback(SimplexSolverTest.java:789)
    at sun.reflect.NativeMethodAccessorImpl.invoke0(Native Method)

java.lang.AssertionError
    at org.junit.Assert.fail(Assert.java:86)
    at org.junit.Assert.assertTrue(Assert.java:41)
    at org.junit.Assert.assertNotNull(Assert.java:621)
    at org.junit.Assert.assertNotNull(Assert.java:631)
    at org.apache.commons.math3.optim.linear.SimplexSolverTest.testSolutionCallback(SimplexSolverTest.java:789)
    at sun.reflect.NativeMethodAccessorImpl.invoke0(Native Method)
09:09:27.089 [pool-34-thread-1] INFO  f.i.l.c.t.SpecificationTestCasesListener - Tests run finished (175 ms)
<> Total tests run: 1
<> Ignored tests: 0
<> Failed tests: 1
~ testSolutionCallback(org.apache.commons.math3.optim.linear.SimplexSolverTest)
[null]
java.lang.AssertionError    at org.junit.Assert.fail(Assert.java:86)
    at org.junit.Assert.assertTrue(Assert.java:41)
    at org.junit.Assert.assertNotNull(Assert.java:621)
    at org.junit.Assert.assertNotNull(Assert.java:631)
    at org.apache.commons.math3.optim.linear.SimplexSolverTest.testSolutionCallback(SimplexSolverTest.java:789)
    at sun.reflect.NativeMethodAccessorImpl.invoke0(Native Method)

09:09:27.089 [pool-31-thread-1] DEBUG tests.output - Failing tests with false: 
[testSolutionCallback(org.apache.commons.math3.optim.linear.SimplexSolverTest): null]
09:09:27.090 [pool-31-thread-1] DEBUG tests.output - Failing tests with true: 
[testSolutionCallback(org.apache.commons.math3.optim.linear.SimplexSolverTest): null]
09:09:27.090 [pool-31-thread-1] INFO  f.i.l.r.n.synth.SMTNopolSynthesizer - Not enough specifications: 0. A trivial patch is "true" or "false", please write new tests specifying SourceLocation org.apache.commons.math3.optim.linear.SimplexSolver:230.
09:09:27.090 [pool-2-thread-1] DEBUG fr.inria.lille.repair.nopol.NoPol - statement #10
09:09:27.090 [pool-2-thread-1] DEBUG fr.inria.lille.repair.nopol.NoPol - Analysing SourceLocation org.apache.commons.math3.optim.linear.SimplexSolver:228 which is executed by 3 tests
-1435753318
09:09:27.219 [pool-2-thread-1] DEBUG fr.inria.lille.repair.nopol.NoPol - statement #11
09:09:27.219 [pool-2-thread-1] DEBUG fr.inria.lille.repair.nopol.NoPol - Analysing SourceLocation org.apache.commons.math3.optim.linear.SimplexSolver:227 which is executed by 3 tests
-1435753318
09:09:27.350 [pool-2-thread-1] DEBUG fr.inria.lille.repair.nopol.NoPol - looking with class fr.inria.lille.repair.nopol.spoon.smt.ConditionalAdder
java.lang.AssertionError
    at org.junit.Assert.fail(Assert.java:86)
    at org.junit.Assert.assertTrue(Assert.java:41)
    at org.junit.Assert.assertNotNull(Assert.java:621)
    at org.junit.Assert.assertNotNull(Assert.java:631)
    at org.apache.commons.math3.optim.linear.SimplexSolverTest.testSolutionCallback(SimplexSolverTest.java:789)
    at sun.reflect.NativeMethodAccessorImpl.invoke0(Native Method)
09:09:27.940 [pool-36-thread-1] INFO  xxl.java.junit.TestCasesListener - Tests run finished (576 ms)
<> Total tests run: 29
<> Ignored tests: 0
<> Failed tests: 1
~ testSolutionCallback(org.apache.commons.math3.optim.linear.SimplexSolverTest)
[null]
java.lang.AssertionError    at org.junit.Assert.fail(Assert.java:86)
    at org.junit.Assert.assertTrue(Assert.java:41)
    at org.junit.Assert.assertNotNull(Assert.java:621)
    at org.junit.Assert.assertNotNull(Assert.java:631)
    at org.apache.commons.math3.optim.linear.SimplexSolverTest.testSolutionCallback(SimplexSolverTest.java:789)
    at sun.reflect.NativeMethodAccessorImpl.invoke0(Native Method)

java.lang.AssertionError
    at org.junit.Assert.fail(Assert.java:86)
    at org.junit.Assert.assertTrue(Assert.java:41)
    at org.junit.Assert.assertNotNull(Assert.java:621)
    at org.junit.Assert.assertNotNull(Assert.java:631)
    at org.apache.commons.math3.optim.linear.SimplexSolverTest.testSolutionCallback(SimplexSolverTest.java:789)
    at sun.reflect.NativeMethodAccessorImpl.invoke0(Native Method)
09:09:28.571 [pool-37-thread-1] INFO  f.i.l.c.t.SpecificationTestCasesListener - Tests run finished (408 ms)
<> Total tests run: 1
<> Ignored tests: 0
<> Failed tests: 1
~ testSolutionCallback(org.apache.commons.math3.optim.linear.SimplexSolverTest)
[null]
java.lang.AssertionError    at org.junit.Assert.fail(Assert.java:86)
    at org.junit.Assert.assertTrue(Assert.java:41)
    at org.junit.Assert.assertNotNull(Assert.java:621)
    at org.junit.Assert.assertNotNull(Assert.java:631)
    at org.apache.commons.math3.optim.linear.SimplexSolverTest.testSolutionCallback(SimplexSolverTest.java:789)
    at sun.reflect.NativeMethodAccessorImpl.invoke0(Native Method)

java.lang.AssertionError
    at org.junit.Assert.fail(Assert.java:86)
    at org.junit.Assert.assertTrue(Assert.java:41)
    at org.junit.Assert.assertNotNull(Assert.java:621)
    at org.junit.Assert.assertNotNull(Assert.java:631)
    at org.apache.commons.math3.optim.linear.SimplexSolverTest.testSolutionCallback(SimplexSolverTest.java:789)
    at sun.reflect.NativeMethodAccessorImpl.invoke0(Native Method)
09:09:28.803 [pool-38-thread-1] INFO  f.i.l.c.t.SpecificationTestCasesListener - Tests run finished (231 ms)
<> Total tests run: 1
<> Ignored tests: 0
<> Failed tests: 1
~ testSolutionCallback(org.apache.commons.math3.optim.linear.SimplexSolverTest)
[null]
java.lang.AssertionError    at org.junit.Assert.fail(Assert.java:86)
    at org.junit.Assert.assertTrue(Assert.java:41)
    at org.junit.Assert.assertNotNull(Assert.java:621)
    at org.junit.Assert.assertNotNull(Assert.java:631)
    at org.apache.commons.math3.optim.linear.SimplexSolverTest.testSolutionCallback(SimplexSolverTest.java:789)
    at sun.reflect.NativeMethodAccessorImpl.invoke0(Native Method)

09:09:28.803 [pool-35-thread-1] DEBUG tests.output - Failing tests with false: 
[testSolutionCallback(org.apache.commons.math3.optim.linear.SimplexSolverTest): null]
09:09:28.803 [pool-35-thread-1] DEBUG tests.output - Failing tests with true: 
[testSolutionCallback(org.apache.commons.math3.optim.linear.SimplexSolverTest): null]
09:09:28.803 [pool-35-thread-1] INFO  f.i.l.r.n.synth.SMTNopolSynthesizer - Not enough specifications: 0. A trivial patch is "true" or "false", please write new tests specifying SourceLocation org.apache.commons.math3.optim.linear.SimplexSolver:227.
09:09:28.804 [pool-2-thread-1] DEBUG fr.inria.lille.repair.nopol.NoPol - statement #12
09:09:28.804 [pool-2-thread-1] DEBUG fr.inria.lille.repair.nopol.NoPol - Analysing SourceLocation org.apache.commons.math3.optim.linear.SimplexSolver:207 which is executed by 3 tests
-1435753318
09:09:28.934 [pool-2-thread-1] DEBUG fr.inria.lille.repair.nopol.NoPol - looking with class fr.inria.lille.repair.nopol.spoon.smt.ConditionalAdder
java.lang.AssertionError
    at org.junit.Assert.fail(Assert.java:86)
    at org.junit.Assert.assertTrue(Assert.java:41)
    at org.junit.Assert.assertNotNull(Assert.java:621)
    at org.junit.Assert.assertNotNull(Assert.java:631)
    at org.apache.commons.math3.optim.linear.SimplexSolverTest.testSolutionCallback(SimplexSolverTest.java:789)
    at sun.reflect.NativeMethodAccessorImpl.invoke0(Native Method)
09:09:29.439 [pool-40-thread-1] INFO  xxl.java.junit.TestCasesListener - Tests run finished (495 ms)
<> Total tests run: 29
<> Ignored tests: 0
<> Failed tests: 1
~ testSolutionCallback(org.apache.commons.math3.optim.linear.SimplexSolverTest)
[null]
java.lang.AssertionError    at org.junit.Assert.fail(Assert.java:86)
    at org.junit.Assert.assertTrue(Assert.java:41)
    at org.junit.Assert.assertNotNull(Assert.java:621)
    at org.junit.Assert.assertNotNull(Assert.java:631)
    at org.apache.commons.math3.optim.linear.SimplexSolverTest.testSolutionCallback(SimplexSolverTest.java:789)
    at sun.reflect.NativeMethodAccessorImpl.invoke0(Native Method)

java.lang.AssertionError
    at org.junit.Assert.fail(Assert.java:86)
    at org.junit.Assert.assertTrue(Assert.java:41)
    at org.junit.Assert.assertNotNull(Assert.java:621)
    at org.junit.Assert.assertNotNull(Assert.java:631)
    at org.apache.commons.math3.optim.linear.SimplexSolverTest.testSolutionCallback(SimplexSolverTest.java:789)
    at sun.reflect.NativeMethodAccessorImpl.invoke0(Native Method)
09:09:29.925 [pool-41-thread-1] INFO  f.i.l.c.t.SpecificationTestCasesListener - Tests run finished (263 ms)
<> Total tests run: 1
<> Ignored tests: 0
<> Failed tests: 1
~ testSolutionCallback(org.apache.commons.math3.optim.linear.SimplexSolverTest)
[null]
java.lang.AssertionError    at org.junit.Assert.fail(Assert.java:86)
    at org.junit.Assert.assertTrue(Assert.java:41)
    at org.junit.Assert.assertNotNull(Assert.java:621)
    at org.junit.Assert.assertNotNull(Assert.java:631)
    at org.apache.commons.math3.optim.linear.SimplexSolverTest.testSolutionCallback(SimplexSolverTest.java:789)
    at sun.reflect.NativeMethodAccessorImpl.invoke0(Native Method)

java.lang.AssertionError
    at org.junit.Assert.fail(Assert.java:86)
    at org.junit.Assert.assertTrue(Assert.java:41)
    at org.junit.Assert.assertNotNull(Assert.java:621)
    at org.junit.Assert.assertNotNull(Assert.java:631)
    at org.apache.commons.math3.optim.linear.SimplexSolverTest.testSolutionCallback(SimplexSolverTest.java:789)
    at sun.reflect.NativeMethodAccessorImpl.invoke0(Native Method)
09:09:30.128 [pool-42-thread-1] INFO  f.i.l.c.t.SpecificationTestCasesListener - Tests run finished (202 ms)
<> Total tests run: 1
<> Ignored tests: 0
<> Failed tests: 1
~ testSolutionCallback(org.apache.commons.math3.optim.linear.SimplexSolverTest)
[null]
java.lang.AssertionError    at org.junit.Assert.fail(Assert.java:86)
    at org.junit.Assert.assertTrue(Assert.java:41)
    at org.junit.Assert.assertNotNull(Assert.java:621)
    at org.junit.Assert.assertNotNull(Assert.java:631)
    at org.apache.commons.math3.optim.linear.SimplexSolverTest.testSolutionCallback(SimplexSolverTest.java:789)
    at sun.reflect.NativeMethodAccessorImpl.invoke0(Native Method)

09:09:30.129 [pool-39-thread-1] DEBUG tests.output - Failing tests with false: 
[testSolutionCallback(org.apache.commons.math3.optim.linear.SimplexSolverTest): null]
09:09:30.129 [pool-39-thread-1] DEBUG tests.output - Failing tests with true: 
[testSolutionCallback(org.apache.commons.math3.optim.linear.SimplexSolverTest): null]
09:09:30.129 [pool-39-thread-1] INFO  f.i.l.r.n.synth.SMTNopolSynthesizer - Not enough specifications: 0. A trivial patch is "true" or "false", please write new tests specifying SourceLocation org.apache.commons.math3.optim.linear.SimplexSolver:207.
09:09:30.129 [pool-2-thread-1] DEBUG fr.inria.lille.repair.nopol.NoPol - statement #13
09:09:30.129 [pool-2-thread-1] DEBUG fr.inria.lille.repair.nopol.NoPol - Analysing SourceLocation org.apache.commons.math3.optim.linear.SimplexSolver:183 which is executed by 3 tests
-1435753318
09:09:30.280 [pool-2-thread-1] DEBUG fr.inria.lille.repair.nopol.NoPol - looking with class fr.inria.lille.repair.nopol.spoon.smt.ConditionalAdder
java.lang.AssertionError
    at org.junit.Assert.fail(Assert.java:86)
    at org.junit.Assert.assertTrue(Assert.java:41)
    at org.junit.Assert.assertNotNull(Assert.java:621)
    at org.junit.Assert.assertNotNull(Assert.java:631)
    at org.apache.commons.math3.optim.linear.SimplexSolverTest.testSolutionCallback(SimplexSolverTest.java:789)
    at sun.reflect.NativeMethodAccessorImpl.invoke0(Native Method)
09:09:30.830 [pool-44-thread-1] INFO  xxl.java.junit.TestCasesListener - Tests run finished (536 ms)
<> Total tests run: 29
<> Ignored tests: 0
<> Failed tests: 1
~ testSolutionCallback(org.apache.commons.math3.optim.linear.SimplexSolverTest)
[null]
java.lang.AssertionError    at org.junit.Assert.fail(Assert.java:86)
    at org.junit.Assert.assertTrue(Assert.java:41)
    at org.junit.Assert.assertNotNull(Assert.java:621)
    at org.junit.Assert.assertNotNull(Assert.java:631)
    at org.apache.commons.math3.optim.linear.SimplexSolverTest.testSolutionCallback(SimplexSolverTest.java:789)
    at sun.reflect.NativeMethodAccessorImpl.invoke0(Native Method)

java.lang.AssertionError: expected TooManyIterationsException
    at org.junit.Assert.fail(Assert.java:88)
    at org.apache.commons.math3.optim.linear.SimplexSolverTest.testSolutionCallback(SimplexSolverTest.java:783)
    at sun.reflect.NativeMethodAccessorImpl.invoke0(Native Method)
    at sun.reflect.NativeMethodAccessorImpl.invoke(NativeMethodAccessorImpl.java:62)
    at sun.reflect.DelegatingMethodAccessorImpl.invoke(DelegatingMethodAccessorImpl.java:43)
    at java.lang.reflect.Method.invoke(Method.java:498)
09:09:31.343 [pool-45-thread-1] INFO  f.i.l.c.t.SpecificationTestCasesListener - Tests run finished (310 ms)
<> Total tests run: 1
<> Ignored tests: 0
<> Failed tests: 1
~ testSolutionCallback(org.apache.commons.math3.optim.linear.SimplexSolverTest)
[expected TooManyIterationsException]
java.lang.AssertionError: expected TooManyIterationsException    at org.junit.Assert.fail(Assert.java:88)
    at org.apache.commons.math3.optim.linear.SimplexSolverTest.testSolutionCallback(SimplexSolverTest.java:783)
    at sun.reflect.NativeMethodAccessorImpl.invoke0(Native Method)
    at sun.reflect.NativeMethodAccessorImpl.invoke(NativeMethodAccessorImpl.java:62)
    at sun.reflect.DelegatingMethodAccessorImpl.invoke(DelegatingMethodAccessorImpl.java:43)
    at java.lang.reflect.Method.invoke(Method.java:498)

java.lang.AssertionError: expected TooManyIterationsException
    at org.junit.Assert.fail(Assert.java:88)
    at org.apache.commons.math3.optim.linear.SimplexSolverTest.testSolutionCallback(SimplexSolverTest.java:783)
    at sun.reflect.NativeMethodAccessorImpl.invoke0(Native Method)
    at sun.reflect.NativeMethodAccessorImpl.invoke(NativeMethodAccessorImpl.java:62)
    at sun.reflect.DelegatingMethodAccessorImpl.invoke(DelegatingMethodAccessorImpl.java:43)
    at java.lang.reflect.Method.invoke(Method.java:498)
09:09:31.530 [pool-46-thread-1] INFO  f.i.l.c.t.SpecificationTestCasesListener - Tests run finished (183 ms)
<> Total tests run: 1
<> Ignored tests: 0
<> Failed tests: 1
~ testSolutionCallback(org.apache.commons.math3.optim.linear.SimplexSolverTest)
[expected TooManyIterationsException]
java.lang.AssertionError: expected TooManyIterationsException    at org.junit.Assert.fail(Assert.java:88)
    at org.apache.commons.math3.optim.linear.SimplexSolverTest.testSolutionCallback(SimplexSolverTest.java:783)
    at sun.reflect.NativeMethodAccessorImpl.invoke0(Native Method)
    at sun.reflect.NativeMethodAccessorImpl.invoke(NativeMethodAccessorImpl.java:62)
    at sun.reflect.DelegatingMethodAccessorImpl.invoke(DelegatingMethodAccessorImpl.java:43)
    at java.lang.reflect.Method.invoke(Method.java:498)

09:09:31.530 [pool-43-thread-1] DEBUG tests.output - Failing tests with false: 
[testSolutionCallback(org.apache.commons.math3.optim.linear.SimplexSolverTest): expected TooManyIterationsException]
09:09:31.530 [pool-43-thread-1] DEBUG tests.output - Failing tests with true: 
[testSolutionCallback(org.apache.commons.math3.optim.linear.SimplexSolverTest): expected TooManyIterationsException]
09:09:31.531 [pool-43-thread-1] INFO  f.i.l.r.n.synth.SMTNopolSynthesizer - Not enough specifications: 0. A trivial patch is "true" or "false", please write new tests specifying SourceLocation org.apache.commons.math3.optim.linear.SimplexSolver:183.
09:09:31.531 [pool-2-thread-1] DEBUG fr.inria.lille.repair.nopol.NoPol - statement #14
09:09:31.531 [pool-2-thread-1] DEBUG fr.inria.lille.repair.nopol.NoPol - Analysing SourceLocation org.apache.commons.math3.optim.linear.SimplexSolver:182 which is executed by 3 tests
-1435753318
09:09:31.662 [pool-2-thread-1] DEBUG fr.inria.lille.repair.nopol.NoPol - looking with class fr.inria.lille.repair.nopol.spoon.smt.ConditionalAdder
java.lang.AssertionError
    at org.junit.Assert.fail(Assert.java:86)
    at org.junit.Assert.assertTrue(Assert.java:41)
    at org.junit.Assert.assertNotNull(Assert.java:621)
    at org.junit.Assert.assertNotNull(Assert.java:631)
    at org.apache.commons.math3.optim.linear.SimplexSolverTest.testSolutionCallback(SimplexSolverTest.java:789)
    at sun.reflect.NativeMethodAccessorImpl.invoke0(Native Method)
09:09:32.204 [pool-48-thread-1] INFO  xxl.java.junit.TestCasesListener - Tests run finished (530 ms)
<> Total tests run: 29
<> Ignored tests: 0
<> Failed tests: 1
~ testSolutionCallback(org.apache.commons.math3.optim.linear.SimplexSolverTest)
[null]
java.lang.AssertionError    at org.junit.Assert.fail(Assert.java:86)
    at org.junit.Assert.assertTrue(Assert.java:41)
    at org.junit.Assert.assertNotNull(Assert.java:621)
    at org.junit.Assert.assertNotNull(Assert.java:631)
    at org.apache.commons.math3.optim.linear.SimplexSolverTest.testSolutionCallback(SimplexSolverTest.java:789)
    at sun.reflect.NativeMethodAccessorImpl.invoke0(Native Method)

java.lang.AssertionError
    at org.junit.Assert.fail(Assert.java:86)
    at org.junit.Assert.assertTrue(Assert.java:41)
    at org.junit.Assert.assertNotNull(Assert.java:621)
    at org.junit.Assert.assertNotNull(Assert.java:631)
    at org.apache.commons.math3.optim.linear.SimplexSolverTest.testSolutionCallback(SimplexSolverTest.java:789)
    at sun.reflect.NativeMethodAccessorImpl.invoke0(Native Method)
09:09:32.679 [pool-49-thread-1] INFO  f.i.l.c.t.SpecificationTestCasesListener - Tests run finished (277 ms)
<> Total tests run: 1
<> Ignored tests: 0
<> Failed tests: 1
~ testSolutionCallback(org.apache.commons.math3.optim.linear.SimplexSolverTest)
[null]
java.lang.AssertionError    at org.junit.Assert.fail(Assert.java:86)
    at org.junit.Assert.assertTrue(Assert.java:41)
    at org.junit.Assert.assertNotNull(Assert.java:621)
    at org.junit.Assert.assertNotNull(Assert.java:631)
    at org.apache.commons.math3.optim.linear.SimplexSolverTest.testSolutionCallback(SimplexSolverTest.java:789)
    at sun.reflect.NativeMethodAccessorImpl.invoke0(Native Method)

java.lang.AssertionError: expected TooManyIterationsException
    at org.junit.Assert.fail(Assert.java:88)
    at org.apache.commons.math3.optim.linear.SimplexSolverTest.testSolutionCallback(SimplexSolverTest.java:783)
    at sun.reflect.NativeMethodAccessorImpl.invoke0(Native Method)
    at sun.reflect.NativeMethodAccessorImpl.invoke(NativeMethodAccessorImpl.java:62)
    at sun.reflect.DelegatingMethodAccessorImpl.invoke(DelegatingMethodAccessorImpl.java:43)
    at java.lang.reflect.Method.invoke(Method.java:498)
09:09:32.773 [pool-50-thread-1] INFO  f.i.l.c.t.SpecificationTestCasesListener - Tests run finished (93 ms)
<> Total tests run: 1
<> Ignored tests: 0
<> Failed tests: 1
~ testSolutionCallback(org.apache.commons.math3.optim.linear.SimplexSolverTest)
[expected TooManyIterationsException]
java.lang.AssertionError: expected TooManyIterationsException    at org.junit.Assert.fail(Assert.java:88)
    at org.apache.commons.math3.optim.linear.SimplexSolverTest.testSolutionCallback(SimplexSolverTest.java:783)
    at sun.reflect.NativeMethodAccessorImpl.invoke0(Native Method)
    at sun.reflect.NativeMethodAccessorImpl.invoke(NativeMethodAccessorImpl.java:62)
    at sun.reflect.DelegatingMethodAccessorImpl.invoke(DelegatingMethodAccessorImpl.java:43)
    at java.lang.reflect.Method.invoke(Method.java:498)

09:09:32.773 [pool-47-thread-1] DEBUG tests.output - Failing tests with false: 
[testSolutionCallback(org.apache.commons.math3.optim.linear.SimplexSolverTest): null]
09:09:32.773 [pool-47-thread-1] DEBUG tests.output - Failing tests with true: 
[testSolutionCallback(org.apache.commons.math3.optim.linear.SimplexSolverTest): expected TooManyIterationsException]
09:09:32.774 [pool-47-thread-1] INFO  f.i.l.r.n.synth.SMTNopolSynthesizer - Not enough specifications: 0. A trivial patch is "true" or "false", please write new tests specifying SourceLocation org.apache.commons.math3.optim.linear.SimplexSolver:182.
09:09:32.774 [pool-2-thread-1] DEBUG fr.inria.lille.repair.nopol.NoPol - statement #15
09:09:32.774 [pool-2-thread-1] DEBUG fr.inria.lille.repair.nopol.NoPol - Analysing SourceLocation org.apache.commons.math3.optim.linear.LinearConstraint:195 which is executed by 4 tests
-1662330109
09:09:32.901 [pool-2-thread-1] DEBUG fr.inria.lille.repair.nopol.NoPol - statement #16
09:09:32.901 [pool-2-thread-1] DEBUG fr.inria.lille.repair.nopol.NoPol - Analysing SourceLocation org.apache.commons.math3.optim.linear.LinearConstraint:193 which is executed by 4 tests
-1662330109
09:09:33.028 [pool-2-thread-1] DEBUG fr.inria.lille.repair.nopol.NoPol - looking with class fr.inria.lille.repair.nopol.spoon.smt.ConditionalAdder
java.lang.AssertionError
    at org.junit.Assert.fail(Assert.java:86)
    at org.junit.Assert.assertTrue(Assert.java:41)
    at org.junit.Assert.assertNotNull(Assert.java:621)
    at org.junit.Assert.assertNotNull(Assert.java:631)
    at org.apache.commons.math3.optim.linear.SimplexSolverTest.testSolutionCallback(SimplexSolverTest.java:789)
    at sun.reflect.NativeMethodAccessorImpl.invoke0(Native Method)
09:09:33.487 [pool-52-thread-1] INFO  xxl.java.junit.TestCasesListener - Tests run finished (450 ms)
<> Total tests run: 29
<> Ignored tests: 0
<> Failed tests: 1
~ testSolutionCallback(org.apache.commons.math3.optim.linear.SimplexSolverTest)
[null]
java.lang.AssertionError    at org.junit.Assert.fail(Assert.java:86)
    at org.junit.Assert.assertTrue(Assert.java:41)
    at org.junit.Assert.assertNotNull(Assert.java:621)
    at org.junit.Assert.assertNotNull(Assert.java:631)
    at org.apache.commons.math3.optim.linear.SimplexSolverTest.testSolutionCallback(SimplexSolverTest.java:789)
    at sun.reflect.NativeMethodAccessorImpl.invoke0(Native Method)

java.lang.AssertionError
    at org.junit.Assert.fail(Assert.java:86)
    at org.junit.Assert.assertTrue(Assert.java:41)
    at org.junit.Assert.assertNotNull(Assert.java:621)
    at org.junit.Assert.assertNotNull(Assert.java:631)
    at org.apache.commons.math3.optim.linear.SimplexSolverTest.testSolutionCallback(SimplexSolverTest.java:789)
    at sun.reflect.NativeMethodAccessorImpl.invoke0(Native Method)
09:09:33.973 [pool-53-thread-1] INFO  f.i.l.c.t.SpecificationTestCasesListener - Tests run finished (303 ms)
<> Total tests run: 1
<> Ignored tests: 0
<> Failed tests: 1
~ testSolutionCallback(org.apache.commons.math3.optim.linear.SimplexSolverTest)
[null]
java.lang.AssertionError    at org.junit.Assert.fail(Assert.java:86)
    at org.junit.Assert.assertTrue(Assert.java:41)
    at org.junit.Assert.assertNotNull(Assert.java:621)
    at org.junit.Assert.assertNotNull(Assert.java:631)
    at org.apache.commons.math3.optim.linear.SimplexSolverTest.testSolutionCallback(SimplexSolverTest.java:789)
    at sun.reflect.NativeMethodAccessorImpl.invoke0(Native Method)

java.lang.AssertionError
    at org.junit.Assert.fail(Assert.java:86)
    at org.junit.Assert.assertTrue(Assert.java:41)
    at org.junit.Assert.assertNotNull(Assert.java:621)
    at org.junit.Assert.assertNotNull(Assert.java:631)
    at org.apache.commons.math3.optim.linear.SimplexSolverTest.testSolutionCallback(SimplexSolverTest.java:789)
    at sun.reflect.NativeMethodAccessorImpl.invoke0(Native Method)
09:09:34.147 [pool-54-thread-1] INFO  f.i.l.c.t.SpecificationTestCasesListener - Tests run finished (172 ms)
<> Total tests run: 1
<> Ignored tests: 0
<> Failed tests: 1
~ testSolutionCallback(org.apache.commons.math3.optim.linear.SimplexSolverTest)
[null]
java.lang.AssertionError    at org.junit.Assert.fail(Assert.java:86)
    at org.junit.Assert.assertTrue(Assert.java:41)
    at org.junit.Assert.assertNotNull(Assert.java:621)
    at org.junit.Assert.assertNotNull(Assert.java:631)
    at org.apache.commons.math3.optim.linear.SimplexSolverTest.testSolutionCallback(SimplexSolverTest.java:789)
    at sun.reflect.NativeMethodAccessorImpl.invoke0(Native Method)

09:09:34.147 [pool-51-thread-1] DEBUG tests.output - Failing tests with false: 
[testSolutionCallback(org.apache.commons.math3.optim.linear.SimplexSolverTest): null]
09:09:34.147 [pool-51-thread-1] DEBUG tests.output - Failing tests with true: 
[testSolutionCallback(org.apache.commons.math3.optim.linear.SimplexSolverTest): null]
09:09:34.147 [pool-51-thread-1] INFO  f.i.l.r.n.synth.SMTNopolSynthesizer - Not enough specifications: 0. A trivial patch is "true" or "false", please write new tests specifying SourceLocation org.apache.commons.math3.optim.linear.LinearConstraint:193.
09:09:34.147 [pool-2-thread-1] DEBUG fr.inria.lille.repair.nopol.NoPol - statement #17
09:09:34.147 [pool-2-thread-1] DEBUG fr.inria.lille.repair.nopol.NoPol - Analysing SourceLocation org.apache.commons.math3.optim.linear.LinearConstraint:192 which is executed by 4 tests
-1662330109
09:09:34.273 [pool-2-thread-1] DEBUG fr.inria.lille.repair.nopol.NoPol - statement #18
09:09:34.273 [pool-2-thread-1] DEBUG fr.inria.lille.repair.nopol.NoPol - Analysing SourceLocation org.apache.commons.math3.optim.linear.LinearConstraint:191 which is executed by 4 tests
-1662330109
09:09:34.399 [pool-2-thread-1] DEBUG fr.inria.lille.repair.nopol.NoPol - looking with class fr.inria.lille.repair.nopol.spoon.smt.ConditionalAdder
java.lang.AssertionError
    at org.junit.Assert.fail(Assert.java:86)
    at org.junit.Assert.assertTrue(Assert.java:41)
    at org.junit.Assert.assertNotNull(Assert.java:621)
    at org.junit.Assert.assertNotNull(Assert.java:631)
    at org.apache.commons.math3.optim.linear.SimplexSolverTest.testSolutionCallback(SimplexSolverTest.java:789)
    at sun.reflect.NativeMethodAccessorImpl.invoke0(Native Method)
09:09:34.834 [pool-56-thread-1] INFO  xxl.java.junit.TestCasesListener - Tests run finished (426 ms)
<> Total tests run: 29
<> Ignored tests: 0
<> Failed tests: 1
~ testSolutionCallback(org.apache.commons.math3.optim.linear.SimplexSolverTest)
[null]
java.lang.AssertionError    at org.junit.Assert.fail(Assert.java:86)
    at org.junit.Assert.assertTrue(Assert.java:41)
    at org.junit.Assert.assertNotNull(Assert.java:621)
    at org.junit.Assert.assertNotNull(Assert.java:631)
    at org.apache.commons.math3.optim.linear.SimplexSolverTest.testSolutionCallback(SimplexSolverTest.java:789)
    at sun.reflect.NativeMethodAccessorImpl.invoke0(Native Method)

java.lang.AssertionError
    at org.junit.Assert.fail(Assert.java:86)
    at org.junit.Assert.assertTrue(Assert.java:41)
    at org.junit.Assert.assertNotNull(Assert.java:621)
    at org.junit.Assert.assertNotNull(Assert.java:631)
    at org.apache.commons.math3.optim.linear.SimplexSolverTest.testSolutionCallback(SimplexSolverTest.java:789)
    at sun.reflect.NativeMethodAccessorImpl.invoke0(Native Method)
09:09:35.243 [pool-57-thread-1] INFO  f.i.l.c.t.SpecificationTestCasesListener - Tests run finished (235 ms)
<> Total tests run: 1
<> Ignored tests: 0
<> Failed tests: 1
~ testSolutionCallback(org.apache.commons.math3.optim.linear.SimplexSolverTest)
[null]
java.lang.AssertionError    at org.junit.Assert.fail(Assert.java:86)
    at org.junit.Assert.assertTrue(Assert.java:41)
    at org.junit.Assert.assertNotNull(Assert.java:621)
    at org.junit.Assert.assertNotNull(Assert.java:631)
    at org.apache.commons.math3.optim.linear.SimplexSolverTest.testSolutionCallback(SimplexSolverTest.java:789)
    at sun.reflect.NativeMethodAccessorImpl.invoke0(Native Method)

java.lang.AssertionError
    at org.junit.Assert.fail(Assert.java:86)
    at org.junit.Assert.assertTrue(Assert.java:41)
    at org.junit.Assert.assertNotNull(Assert.java:621)
    at org.junit.Assert.assertNotNull(Assert.java:631)
    at org.apache.commons.math3.optim.linear.SimplexSolverTest.testSolutionCallback(SimplexSolverTest.java:789)
    at sun.reflect.NativeMethodAccessorImpl.invoke0(Native Method)
09:09:35.439 [pool-58-thread-1] INFO  f.i.l.c.t.SpecificationTestCasesListener - Tests run finished (195 ms)
<> Total tests run: 1
<> Ignored tests: 0
<> Failed tests: 1
~ testSolutionCallback(org.apache.commons.math3.optim.linear.SimplexSolverTest)
[null]
java.lang.AssertionError    at org.junit.Assert.fail(Assert.java:86)
    at org.junit.Assert.assertTrue(Assert.java:41)
    at org.junit.Assert.assertNotNull(Assert.java:621)
    at org.junit.Assert.assertNotNull(Assert.java:631)
    at org.apache.commons.math3.optim.linear.SimplexSolverTest.testSolutionCallback(SimplexSolverTest.java:789)
    at sun.reflect.NativeMethodAccessorImpl.invoke0(Native Method)

09:09:35.439 [pool-55-thread-1] DEBUG tests.output - Failing tests with false: 
[testSolutionCallback(org.apache.commons.math3.optim.linear.SimplexSolverTest): null]
09:09:35.439 [pool-55-thread-1] DEBUG tests.output - Failing tests with true: 
[testSolutionCallback(org.apache.commons.math3.optim.linear.SimplexSolverTest): null]
09:09:35.439 [pool-55-thread-1] INFO  f.i.l.r.n.synth.SMTNopolSynthesizer - Not enough specifications: 0. A trivial patch is "true" or "false", please write new tests specifying SourceLocation org.apache.commons.math3.optim.linear.LinearConstraint:191.
09:09:35.439 [pool-2-thread-1] DEBUG fr.inria.lille.repair.nopol.NoPol - looking with class fr.inria.lille.repair.nopol.spoon.smt.ConditionalReplacer
java.lang.AssertionError
    at org.junit.Assert.fail(Assert.java:86)
    at org.junit.Assert.assertTrue(Assert.java:41)
    at org.junit.Assert.assertNotNull(Assert.java:621)
    at org.junit.Assert.assertNotNull(Assert.java:631)
    at org.apache.commons.math3.optim.linear.SimplexSolverTest.testSolutionCallback(SimplexSolverTest.java:789)
    at sun.reflect.NativeMethodAccessorImpl.invoke0(Native Method)
09:09:35.900 [pool-60-thread-1] INFO  xxl.java.junit.TestCasesListener - Tests run finished (452 ms)
<> Total tests run: 29
<> Ignored tests: 0
<> Failed tests: 1
~ testSolutionCallback(org.apache.commons.math3.optim.linear.SimplexSolverTest)
[null]
java.lang.AssertionError    at org.junit.Assert.fail(Assert.java:86)
    at org.junit.Assert.assertTrue(Assert.java:41)
    at org.junit.Assert.assertNotNull(Assert.java:621)
    at org.junit.Assert.assertNotNull(Assert.java:631)
    at org.apache.commons.math3.optim.linear.SimplexSolverTest.testSolutionCallback(SimplexSolverTest.java:789)
    at sun.reflect.NativeMethodAccessorImpl.invoke0(Native Method)

java.lang.AssertionError
    at org.junit.Assert.fail(Assert.java:86)
    at org.junit.Assert.assertTrue(Assert.java:41)
    at org.junit.Assert.assertNotNull(Assert.java:621)
    at org.junit.Assert.assertNotNull(Assert.java:631)
    at org.apache.commons.math3.optim.linear.SimplexSolverTest.testSolutionCallback(SimplexSolverTest.java:789)
    at sun.reflect.NativeMethodAccessorImpl.invoke0(Native Method)
09:09:36.390 [pool-61-thread-1] INFO  f.i.l.c.t.SpecificationTestCasesListener - Tests run finished (320 ms)
<> Total tests run: 1
<> Ignored tests: 0
<> Failed tests: 1
~ testSolutionCallback(org.apache.commons.math3.optim.linear.SimplexSolverTest)
[null]
java.lang.AssertionError    at org.junit.Assert.fail(Assert.java:86)
    at org.junit.Assert.assertTrue(Assert.java:41)
    at org.junit.Assert.assertNotNull(Assert.java:621)
    at org.junit.Assert.assertNotNull(Assert.java:631)
    at org.apache.commons.math3.optim.linear.SimplexSolverTest.testSolutionCallback(SimplexSolverTest.java:789)
    at sun.reflect.NativeMethodAccessorImpl.invoke0(Native Method)

java.lang.AssertionError
    at org.junit.Assert.fail(Assert.java:86)
    at org.junit.Assert.assertTrue(Assert.java:41)
    at org.junit.Assert.assertNotNull(Assert.java:621)
    at org.junit.Assert.assertNotNull(Assert.java:631)
    at org.apache.commons.math3.optim.linear.SimplexSolverTest.testSolutionCallback(SimplexSolverTest.java:789)
    at sun.reflect.NativeMethodAccessorImpl.invoke0(Native Method)
09:09:36.598 [pool-62-thread-1] INFO  f.i.l.c.t.SpecificationTestCasesListener - Tests run finished (207 ms)
<> Total tests run: 1
<> Ignored tests: 0
<> Failed tests: 1
~ testSolutionCallback(org.apache.commons.math3.optim.linear.SimplexSolverTest)
[null]
java.lang.AssertionError    at org.junit.Assert.fail(Assert.java:86)
    at org.junit.Assert.assertTrue(Assert.java:41)
    at org.junit.Assert.assertNotNull(Assert.java:621)
    at org.junit.Assert.assertNotNull(Assert.java:631)
    at org.apache.commons.math3.optim.linear.SimplexSolverTest.testSolutionCallback(SimplexSolverTest.java:789)
    at sun.reflect.NativeMethodAccessorImpl.invoke0(Native Method)

09:09:36.598 [pool-59-thread-1] DEBUG tests.output - Failing tests with false: 
[testSolutionCallback(org.apache.commons.math3.optim.linear.SimplexSolverTest): null]
09:09:36.598 [pool-59-thread-1] DEBUG tests.output - Failing tests with true: 
[testSolutionCallback(org.apache.commons.math3.optim.linear.SimplexSolverTest): null]
09:09:36.599 [pool-59-thread-1] INFO  f.i.l.r.n.synth.SMTNopolSynthesizer - Not enough specifications: 0. A trivial patch is "true" or "false", please write new tests specifying SourceLocation org.apache.commons.math3.optim.linear.LinearConstraint:191.
09:09:36.599 [pool-2-thread-1] DEBUG fr.inria.lille.repair.nopol.NoPol - statement #19
09:09:36.599 [pool-2-thread-1] DEBUG fr.inria.lille.repair.nopol.NoPol - Analysing SourceLocation org.apache.commons.math3.optim.linear.LinearConstraint:188 which is executed by 4 tests
-1662330109
09:09:36.725 [pool-2-thread-1] DEBUG fr.inria.lille.repair.nopol.NoPol - looking with class fr.inria.lille.repair.nopol.spoon.smt.ConditionalAdder
java.lang.AssertionError
    at org.junit.Assert.fail(Assert.java:86)
    at org.junit.Assert.assertTrue(Assert.java:41)
    at org.junit.Assert.assertNotNull(Assert.java:621)
    at org.junit.Assert.assertNotNull(Assert.java:631)
    at org.apache.commons.math3.optim.linear.SimplexSolverTest.testSolutionCallback(SimplexSolverTest.java:789)
    at sun.reflect.NativeMethodAccessorImpl.invoke0(Native Method)
09:09:38.357 [pool-64-thread-1] INFO  xxl.java.junit.TestCasesListener - Tests run finished (1623 ms)
<> Total tests run: 29
<> Ignored tests: 0
<> Failed tests: 1
~ testSolutionCallback(org.apache.commons.math3.optim.linear.SimplexSolverTest)
[null]
java.lang.AssertionError    at org.junit.Assert.fail(Assert.java:86)
    at org.junit.Assert.assertTrue(Assert.java:41)
    at org.junit.Assert.assertNotNull(Assert.java:621)
    at org.junit.Assert.assertNotNull(Assert.java:631)
    at org.apache.commons.math3.optim.linear.SimplexSolverTest.testSolutionCallback(SimplexSolverTest.java:789)
    at sun.reflect.NativeMethodAccessorImpl.invoke0(Native Method)

java.lang.AssertionError
    at org.junit.Assert.fail(Assert.java:86)
    at org.junit.Assert.assertTrue(Assert.java:41)
    at org.junit.Assert.assertNotNull(Assert.java:621)
    at org.junit.Assert.assertNotNull(Assert.java:631)
    at org.apache.commons.math3.optim.linear.SimplexSolverTest.testSolutionCallback(SimplexSolverTest.java:789)
    at sun.reflect.NativeMethodAccessorImpl.invoke0(Native Method)
09:09:38.840 [pool-65-thread-1] INFO  f.i.l.c.t.SpecificationTestCasesListener - Tests run finished (290 ms)
<> Total tests run: 1
<> Ignored tests: 0
<> Failed tests: 1
~ testSolutionCallback(org.apache.commons.math3.optim.linear.SimplexSolverTest)
[null]
java.lang.AssertionError    at org.junit.Assert.fail(Assert.java:86)
    at org.junit.Assert.assertTrue(Assert.java:41)
    at org.junit.Assert.assertNotNull(Assert.java:621)
    at org.junit.Assert.assertNotNull(Assert.java:631)
    at org.apache.commons.math3.optim.linear.SimplexSolverTest.testSolutionCallback(SimplexSolverTest.java:789)
    at sun.reflect.NativeMethodAccessorImpl.invoke0(Native Method)

java.lang.AssertionError
    at org.junit.Assert.fail(Assert.java:86)
    at org.junit.Assert.assertTrue(Assert.java:41)
    at org.junit.Assert.assertNotNull(Assert.java:621)
    at org.junit.Assert.assertNotNull(Assert.java:631)
    at org.apache.commons.math3.optim.linear.SimplexSolverTest.testSolutionCallback(SimplexSolverTest.java:789)
    at sun.reflect.NativeMethodAccessorImpl.invoke0(Native Method)
09:09:39.017 [pool-66-thread-1] INFO  f.i.l.c.t.SpecificationTestCasesListener - Tests run finished (176 ms)
<> Total tests run: 1
<> Ignored tests: 0
<> Failed tests: 1
~ testSolutionCallback(org.apache.commons.math3.optim.linear.SimplexSolverTest)
[null]
java.lang.AssertionError    at org.junit.Assert.fail(Assert.java:86)
    at org.junit.Assert.assertTrue(Assert.java:41)
    at org.junit.Assert.assertNotNull(Assert.java:621)
    at org.junit.Assert.assertNotNull(Assert.java:631)
    at org.apache.commons.math3.optim.linear.SimplexSolverTest.testSolutionCallback(SimplexSolverTest.java:789)
    at sun.reflect.NativeMethodAccessorImpl.invoke0(Native Method)

09:09:39.018 [pool-63-thread-1] DEBUG tests.output - Failing tests with false: 
[testSolutionCallback(org.apache.commons.math3.optim.linear.SimplexSolverTest): null]
09:09:39.018 [pool-63-thread-1] DEBUG tests.output - Failing tests with true: 
[testSolutionCallback(org.apache.commons.math3.optim.linear.SimplexSolverTest): null]
09:09:39.018 [pool-63-thread-1] INFO  f.i.l.r.n.synth.SMTNopolSynthesizer - Not enough specifications: 0. A trivial patch is "true" or "false", please write new tests specifying SourceLocation org.apache.commons.math3.optim.linear.LinearConstraint:188.
09:09:39.018 [pool-2-thread-1] DEBUG fr.inria.lille.repair.nopol.NoPol - looking with class fr.inria.lille.repair.nopol.spoon.smt.ConditionalReplacer
java.lang.AssertionError
    at org.junit.Assert.fail(Assert.java:86)
    at org.junit.Assert.assertTrue(Assert.java:41)
    at org.junit.Assert.assertNotNull(Assert.java:621)
    at org.junit.Assert.assertNotNull(Assert.java:631)
    at org.apache.commons.math3.optim.linear.SimplexSolverTest.testSolutionCallback(SimplexSolverTest.java:789)
    at sun.reflect.NativeMethodAccessorImpl.invoke0(Native Method)
09:09:39.482 [pool-68-thread-1] INFO  xxl.java.junit.TestCasesListener - Tests run finished (455 ms)
<> Total tests run: 29
<> Ignored tests: 0
<> Failed tests: 1
~ testSolutionCallback(org.apache.commons.math3.optim.linear.SimplexSolverTest)
[null]
java.lang.AssertionError    at org.junit.Assert.fail(Assert.java:86)
    at org.junit.Assert.assertTrue(Assert.java:41)
    at org.junit.Assert.assertNotNull(Assert.java:621)
    at org.junit.Assert.assertNotNull(Assert.java:631)
    at org.apache.commons.math3.optim.linear.SimplexSolverTest.testSolutionCallback(SimplexSolverTest.java:789)
    at sun.reflect.NativeMethodAccessorImpl.invoke0(Native Method)

java.lang.AssertionError
    at org.junit.Assert.fail(Assert.java:86)
    at org.junit.Assert.assertTrue(Assert.java:41)
    at org.junit.Assert.assertNotNull(Assert.java:621)
    at org.junit.Assert.assertNotNull(Assert.java:631)
    at org.apache.commons.math3.optim.linear.SimplexSolverTest.testSolutionCallback(SimplexSolverTest.java:789)
    at sun.reflect.NativeMethodAccessorImpl.invoke0(Native Method)
09:09:39.924 [pool-69-thread-1] INFO  f.i.l.c.t.SpecificationTestCasesListener - Tests run finished (270 ms)
<> Total tests run: 1
<> Ignored tests: 0
<> Failed tests: 1
~ testSolutionCallback(org.apache.commons.math3.optim.linear.SimplexSolverTest)
[null]
java.lang.AssertionError    at org.junit.Assert.fail(Assert.java:86)
    at org.junit.Assert.assertTrue(Assert.java:41)
    at org.junit.Assert.assertNotNull(Assert.java:621)
    at org.junit.Assert.assertNotNull(Assert.java:631)
    at org.apache.commons.math3.optim.linear.SimplexSolverTest.testSolutionCallback(SimplexSolverTest.java:789)
    at sun.reflect.NativeMethodAccessorImpl.invoke0(Native Method)

java.lang.AssertionError: expected TooManyIterationsException
    at org.junit.Assert.fail(Assert.java:88)
    at org.apache.commons.math3.optim.linear.SimplexSolverTest.testSolutionCallback(SimplexSolverTest.java:769)
    at sun.reflect.NativeMethodAccessorImpl.invoke0(Native Method)
    at sun.reflect.NativeMethodAccessorImpl.invoke(NativeMethodAccessorImpl.java:62)
    at sun.reflect.DelegatingMethodAccessorImpl.invoke(DelegatingMethodAccessorImpl.java:43)
    at java.lang.reflect.Method.invoke(Method.java:498)
09:09:39.965 [pool-70-thread-1] INFO  f.i.l.c.t.SpecificationTestCasesListener - Tests run finished (40 ms)
<> Total tests run: 1
<> Ignored tests: 0
<> Failed tests: 1
~ testSolutionCallback(org.apache.commons.math3.optim.linear.SimplexSolverTest)
[expected TooManyIterationsException]
java.lang.AssertionError: expected TooManyIterationsException    at org.junit.Assert.fail(Assert.java:88)
    at org.apache.commons.math3.optim.linear.SimplexSolverTest.testSolutionCallback(SimplexSolverTest.java:769)
    at sun.reflect.NativeMethodAccessorImpl.invoke0(Native Method)
    at sun.reflect.NativeMethodAccessorImpl.invoke(NativeMethodAccessorImpl.java:62)
    at sun.reflect.DelegatingMethodAccessorImpl.invoke(DelegatingMethodAccessorImpl.java:43)
    at java.lang.reflect.Method.invoke(Method.java:498)

09:09:39.966 [pool-67-thread-1] DEBUG tests.output - Failing tests with false: 
[testSolutionCallback(org.apache.commons.math3.optim.linear.SimplexSolverTest): null]
09:09:39.966 [pool-67-thread-1] DEBUG tests.output - Failing tests with true: 
[testSolutionCallback(org.apache.commons.math3.optim.linear.SimplexSolverTest): expected TooManyIterationsException]
09:09:39.966 [pool-67-thread-1] INFO  f.i.l.r.n.synth.SMTNopolSynthesizer - Not enough specifications: 0. A trivial patch is "true" or "false", please write new tests specifying SourceLocation org.apache.commons.math3.optim.linear.LinearConstraint:188.
09:09:39.966 [pool-2-thread-1] DEBUG fr.inria.lille.repair.nopol.NoPol - statement #20
09:09:39.966 [pool-2-thread-1] DEBUG fr.inria.lille.repair.nopol.NoPol - Analysing SourceLocation org.apache.commons.math3.linear.ArrayRealVector:823 which is executed by 5 tests
-357391461
09:09:40.123 [pool-2-thread-1] DEBUG fr.inria.lille.repair.nopol.NoPol - looking with class fr.inria.lille.repair.nopol.spoon.smt.ConditionalAdder
java.lang.AssertionError
    at org.junit.Assert.fail(Assert.java:86)
    at org.junit.Assert.assertTrue(Assert.java:41)
    at org.junit.Assert.assertNotNull(Assert.java:621)
    at org.junit.Assert.assertNotNull(Assert.java:631)
    at org.apache.commons.math3.optim.linear.SimplexSolverTest.testSolutionCallback(SimplexSolverTest.java:789)
    at sun.reflect.NativeMethodAccessorImpl.invoke0(Native Method)
09:09:40.532 [pool-72-thread-1] INFO  xxl.java.junit.TestCasesListener - Tests run finished (400 ms)
<> Total tests run: 29
<> Ignored tests: 0
<> Failed tests: 1
~ testSolutionCallback(org.apache.commons.math3.optim.linear.SimplexSolverTest)
[null]
java.lang.AssertionError    at org.junit.Assert.fail(Assert.java:86)
    at org.junit.Assert.assertTrue(Assert.java:41)
    at org.junit.Assert.assertNotNull(Assert.java:621)
    at org.junit.Assert.assertNotNull(Assert.java:631)
    at org.apache.commons.math3.optim.linear.SimplexSolverTest.testSolutionCallback(SimplexSolverTest.java:789)
    at sun.reflect.NativeMethodAccessorImpl.invoke0(Native Method)

java.lang.AssertionError
    at org.junit.Assert.fail(Assert.java:86)
    at org.junit.Assert.assertTrue(Assert.java:41)
    at org.junit.Assert.assertNotNull(Assert.java:621)
    at org.junit.Assert.assertNotNull(Assert.java:631)
    at org.apache.commons.math3.optim.linear.SimplexSolverTest.testSolutionCallback(SimplexSolverTest.java:789)
    at sun.reflect.NativeMethodAccessorImpl.invoke0(Native Method)
09:09:41.191 [pool-73-thread-1] INFO  f.i.l.c.t.SpecificationTestCasesListener - Tests run finished (343 ms)
<> Total tests run: 1
<> Ignored tests: 0
<> Failed tests: 1
~ testSolutionCallback(org.apache.commons.math3.optim.linear.SimplexSolverTest)
[null]
java.lang.AssertionError    at org.junit.Assert.fail(Assert.java:86)
    at org.junit.Assert.assertTrue(Assert.java:41)
    at org.junit.Assert.assertNotNull(Assert.java:621)
    at org.junit.Assert.assertNotNull(Assert.java:631)
    at org.apache.commons.math3.optim.linear.SimplexSolverTest.testSolutionCallback(SimplexSolverTest.java:789)
    at sun.reflect.NativeMethodAccessorImpl.invoke0(Native Method)

java.lang.AssertionError
    at org.junit.Assert.fail(Assert.java:86)
    at org.junit.Assert.assertTrue(Assert.java:41)
    at org.junit.Assert.assertNotNull(Assert.java:621)
    at org.junit.Assert.assertNotNull(Assert.java:631)
    at org.apache.commons.math3.optim.linear.SimplexSolverTest.testSolutionCallback(SimplexSolverTest.java:789)
    at sun.reflect.NativeMethodAccessorImpl.invoke0(Native Method)
09:09:41.508 [pool-74-thread-1] INFO  f.i.l.c.t.SpecificationTestCasesListener - Tests run finished (316 ms)
<> Total tests run: 1
<> Ignored tests: 0
<> Failed tests: 1
~ testSolutionCallback(org.apache.commons.math3.optim.linear.SimplexSolverTest)
[null]
java.lang.AssertionError    at org.junit.Assert.fail(Assert.java:86)
    at org.junit.Assert.assertTrue(Assert.java:41)
    at org.junit.Assert.assertNotNull(Assert.java:621)
    at org.junit.Assert.assertNotNull(Assert.java:631)
    at org.apache.commons.math3.optim.linear.SimplexSolverTest.testSolutionCallback(SimplexSolverTest.java:789)
    at sun.reflect.NativeMethodAccessorImpl.invoke0(Native Method)

09:09:41.509 [pool-71-thread-1] DEBUG tests.output - Failing tests with false: 
[testSolutionCallback(org.apache.commons.math3.optim.linear.SimplexSolverTest): null]
09:09:41.509 [pool-71-thread-1] DEBUG tests.output - Failing tests with true: 
[testSolutionCallback(org.apache.commons.math3.optim.linear.SimplexSolverTest): null]
09:09:41.509 [pool-71-thread-1] INFO  f.i.l.r.n.synth.SMTNopolSynthesizer - Not enough specifications: 0. A trivial patch is "true" or "false", please write new tests specifying SourceLocation org.apache.commons.math3.linear.ArrayRealVector:823.
09:09:41.509 [pool-2-thread-1] DEBUG fr.inria.lille.repair.nopol.NoPol - statement #21
09:09:41.509 [pool-2-thread-1] DEBUG fr.inria.lille.repair.nopol.NoPol - Analysing SourceLocation org.apache.commons.math3.optim.linear.SimplexSolver:282 which is executed by 6 tests
-1435753318
09:09:41.641 [pool-2-thread-1] DEBUG fr.inria.lille.repair.nopol.NoPol - statement #22
09:09:41.642 [pool-2-thread-1] DEBUG fr.inria.lille.repair.nopol.NoPol - Analysing SourceLocation org.apache.commons.math3.optim.linear.SimplexSolver:304 which is executed by 7 tests
-1435753318
09:09:41.771 [pool-2-thread-1] DEBUG fr.inria.lille.repair.nopol.NoPol - looking with class fr.inria.lille.repair.nopol.spoon.smt.ConditionalAdder
java.lang.AssertionError
    at org.junit.Assert.fail(Assert.java:86)
    at org.junit.Assert.assertTrue(Assert.java:41)
    at org.junit.Assert.assertNotNull(Assert.java:621)
    at org.junit.Assert.assertNotNull(Assert.java:631)
    at org.apache.commons.math3.optim.linear.SimplexSolverTest.testSolutionCallback(SimplexSolverTest.java:789)
    at sun.reflect.NativeMethodAccessorImpl.invoke0(Native Method)
09:09:42.533 [pool-76-thread-1] INFO  xxl.java.junit.TestCasesListener - Tests run finished (750 ms)
<> Total tests run: 29
<> Ignored tests: 0
<> Failed tests: 1
~ testSolutionCallback(org.apache.commons.math3.optim.linear.SimplexSolverTest)
[null]
java.lang.AssertionError    at org.junit.Assert.fail(Assert.java:86)
    at org.junit.Assert.assertTrue(Assert.java:41)
    at org.junit.Assert.assertNotNull(Assert.java:621)
    at org.junit.Assert.assertNotNull(Assert.java:631)
    at org.apache.commons.math3.optim.linear.SimplexSolverTest.testSolutionCallback(SimplexSolverTest.java:789)
    at sun.reflect.NativeMethodAccessorImpl.invoke0(Native Method)

java.lang.AssertionError: expected TooManyIterationsException
    at org.junit.Assert.fail(Assert.java:88)
    at org.apache.commons.math3.optim.linear.SimplexSolverTest.testSolutionCallback(SimplexSolverTest.java:783)
    at sun.reflect.NativeMethodAccessorImpl.invoke0(Native Method)
    at sun.reflect.NativeMethodAccessorImpl.invoke(NativeMethodAccessorImpl.java:62)
    at sun.reflect.DelegatingMethodAccessorImpl.invoke(DelegatingMethodAccessorImpl.java:43)
    at java.lang.reflect.Method.invoke(Method.java:498)
09:09:43.058 [pool-77-thread-1] INFO  f.i.l.c.t.SpecificationTestCasesListener - Tests run finished (324 ms)
<> Total tests run: 1
<> Ignored tests: 0
<> Failed tests: 1
~ testSolutionCallback(org.apache.commons.math3.optim.linear.SimplexSolverTest)
[expected TooManyIterationsException]
java.lang.AssertionError: expected TooManyIterationsException    at org.junit.Assert.fail(Assert.java:88)
    at org.apache.commons.math3.optim.linear.SimplexSolverTest.testSolutionCallback(SimplexSolverTest.java:783)
    at sun.reflect.NativeMethodAccessorImpl.invoke0(Native Method)
    at sun.reflect.NativeMethodAccessorImpl.invoke(NativeMethodAccessorImpl.java:62)
    at sun.reflect.DelegatingMethodAccessorImpl.invoke(DelegatingMethodAccessorImpl.java:43)
    at java.lang.reflect.Method.invoke(Method.java:498)

java.lang.AssertionError
    at org.junit.Assert.fail(Assert.java:86)
    at org.junit.Assert.assertTrue(Assert.java:41)
    at org.junit.Assert.assertNotNull(Assert.java:621)
    at org.junit.Assert.assertNotNull(Assert.java:631)
    at org.apache.commons.math3.optim.linear.SimplexSolverTest.testSolutionCallback(SimplexSolverTest.java:789)
    at sun.reflect.NativeMethodAccessorImpl.invoke0(Native Method)
09:09:43.233 [pool-78-thread-1] INFO  f.i.l.c.t.SpecificationTestCasesListener - Tests run finished (174 ms)
<> Total tests run: 1
<> Ignored tests: 0
<> Failed tests: 1
~ testSolutionCallback(org.apache.commons.math3.optim.linear.SimplexSolverTest)
[null]
java.lang.AssertionError    at org.junit.Assert.fail(Assert.java:86)
    at org.junit.Assert.assertTrue(Assert.java:41)
    at org.junit.Assert.assertNotNull(Assert.java:621)
    at org.junit.Assert.assertNotNull(Assert.java:631)
    at org.apache.commons.math3.optim.linear.SimplexSolverTest.testSolutionCallback(SimplexSolverTest.java:789)
    at sun.reflect.NativeMethodAccessorImpl.invoke0(Native Method)

09:09:43.233 [pool-75-thread-1] DEBUG tests.output - Failing tests with false: 
[testSolutionCallback(org.apache.commons.math3.optim.linear.SimplexSolverTest): expected TooManyIterationsException]
09:09:43.233 [pool-75-thread-1] DEBUG tests.output - Failing tests with true: 
[testSolutionCallback(org.apache.commons.math3.optim.linear.SimplexSolverTest): null]
09:09:43.233 [pool-75-thread-1] INFO  f.i.l.r.n.synth.SMTNopolSynthesizer - Not enough specifications: 0. A trivial patch is "true" or "false", please write new tests specifying SourceLocation org.apache.commons.math3.optim.linear.SimplexSolver:304.
09:09:43.234 [pool-2-thread-1] DEBUG fr.inria.lille.repair.nopol.NoPol - statement #23
09:09:43.234 [pool-2-thread-1] DEBUG fr.inria.lille.repair.nopol.NoPol - Analysing SourceLocation org.apache.commons.math3.optim.linear.SimplexSolver:303 which is executed by 7 tests
-1435753318
09:09:43.363 [pool-2-thread-1] DEBUG fr.inria.lille.repair.nopol.NoPol - statement #24
09:09:43.364 [pool-2-thread-1] DEBUG fr.inria.lille.repair.nopol.NoPol - Analysing SourceLocation org.apache.commons.math3.optim.linear.SimplexSolver:300 which is executed by 7 tests
-1435753318
09:09:43.493 [pool-2-thread-1] DEBUG fr.inria.lille.repair.nopol.NoPol - looking with class fr.inria.lille.repair.nopol.spoon.smt.ConditionalAdder
java.lang.AssertionError
    at org.junit.Assert.fail(Assert.java:86)
    at org.junit.Assert.assertTrue(Assert.java:41)
    at org.junit.Assert.assertNotNull(Assert.java:621)
    at org.junit.Assert.assertNotNull(Assert.java:631)
    at org.apache.commons.math3.optim.linear.SimplexSolverTest.testSolutionCallback(SimplexSolverTest.java:789)
    at sun.reflect.NativeMethodAccessorImpl.invoke0(Native Method)
09:09:44.261 [pool-80-thread-1] INFO  xxl.java.junit.TestCasesListener - Tests run finished (758 ms)
<> Total tests run: 29
<> Ignored tests: 0
<> Failed tests: 1
~ testSolutionCallback(org.apache.commons.math3.optim.linear.SimplexSolverTest)
[null]
java.lang.AssertionError    at org.junit.Assert.fail(Assert.java:86)
    at org.junit.Assert.assertTrue(Assert.java:41)
    at org.junit.Assert.assertNotNull(Assert.java:621)
    at org.junit.Assert.assertNotNull(Assert.java:631)
    at org.apache.commons.math3.optim.linear.SimplexSolverTest.testSolutionCallback(SimplexSolverTest.java:789)
    at sun.reflect.NativeMethodAccessorImpl.invoke0(Native Method)

org.apache.commons.math3.optim.linear.UnboundedSolutionException: unbounded solution
    at org.apache.commons.math3.optim.linear.SimplexSolver.doIteration(SimplexSolver.java:174)
    at org.apache.commons.math3.optim.linear.SimplexSolver.solvePhase1(SimplexSolver.java:191)
    at org.apache.commons.math3.optim.linear.SimplexSolver.doOptimize(SimplexSolver.java:204)
    at org.apache.commons.math3.optim.linear.SimplexSolver.doOptimize(SimplexSolver.java:2)
    at org.apache.commons.math3.optim.BaseOptimizer.optimize(BaseOptimizer.java:154)
    at org.apache.commons.math3.optim.BaseMultivariateOptimizer.optimize(BaseMultivariateOptimizer.java:66)
09:09:44.609 [pool-81-thread-1] INFO  f.i.l.c.t.SpecificationTestCasesListener - Tests run finished (149 ms)
<> Total tests run: 1
<> Ignored tests: 0
<> Failed tests: 1
~ testSolutionCallback(org.apache.commons.math3.optim.linear.SimplexSolverTest)
[unbounded solution]
org.apache.commons.math3.optim.linear.UnboundedSolutionException: unbounded solution    at org.apache.commons.math3.optim.linear.SimplexSolver.doIteration(SimplexSolver.java:174)
    at org.apache.commons.math3.optim.linear.SimplexSolver.solvePhase1(SimplexSolver.java:191)
    at org.apache.commons.math3.optim.linear.SimplexSolver.doOptimize(SimplexSolver.java:204)
    at org.apache.commons.math3.optim.linear.SimplexSolver.doOptimize(SimplexSolver.java:2)
    at org.apache.commons.math3.optim.BaseOptimizer.optimize(BaseOptimizer.java:154)
    at org.apache.commons.math3.optim.BaseMultivariateOptimizer.optimize(BaseMultivariateOptimizer.java:66)

java.lang.AssertionError
    at org.junit.Assert.fail(Assert.java:86)
    at org.junit.Assert.assertTrue(Assert.java:41)
    at org.junit.Assert.assertNotNull(Assert.java:621)
    at org.junit.Assert.assertNotNull(Assert.java:631)
    at org.apache.commons.math3.optim.linear.SimplexSolverTest.testSolutionCallback(SimplexSolverTest.java:789)
    at sun.reflect.NativeMethodAccessorImpl.invoke0(Native Method)
09:09:44.908 [pool-82-thread-1] INFO  f.i.l.c.t.SpecificationTestCasesListener - Tests run finished (298 ms)
<> Total tests run: 1
<> Ignored tests: 0
<> Failed tests: 1
~ testSolutionCallback(org.apache.commons.math3.optim.linear.SimplexSolverTest)
[null]
java.lang.AssertionError    at org.junit.Assert.fail(Assert.java:86)
    at org.junit.Assert.assertTrue(Assert.java:41)
    at org.junit.Assert.assertNotNull(Assert.java:621)
    at org.junit.Assert.assertNotNull(Assert.java:631)
    at org.apache.commons.math3.optim.linear.SimplexSolverTest.testSolutionCallback(SimplexSolverTest.java:789)
    at sun.reflect.NativeMethodAccessorImpl.invoke0(Native Method)

09:09:44.909 [pool-79-thread-1] DEBUG tests.output - Failing tests with false: 
[testSolutionCallback(org.apache.commons.math3.optim.linear.SimplexSolverTest): unbounded solution]
09:09:44.909 [pool-79-thread-1] DEBUG tests.output - Failing tests with true: 
[testSolutionCallback(org.apache.commons.math3.optim.linear.SimplexSolverTest): null]
09:09:44.909 [pool-79-thread-1] INFO  f.i.l.r.n.synth.SMTNopolSynthesizer - Not enough specifications: 0. A trivial patch is "true" or "false", please write new tests specifying SourceLocation org.apache.commons.math3.optim.linear.SimplexSolver:300.
09:09:44.909 [pool-2-thread-1] DEBUG fr.inria.lille.repair.nopol.NoPol - statement #25
09:09:44.909 [pool-2-thread-1] DEBUG fr.inria.lille.repair.nopol.NoPol - Analysing SourceLocation org.apache.commons.math3.optim.linear.SimplexSolver:299 which is executed by 7 tests
-1435753318
09:09:45.039 [pool-2-thread-1] DEBUG fr.inria.lille.repair.nopol.NoPol - looking with class fr.inria.lille.repair.nopol.spoon.smt.ConditionalAdder
java.lang.AssertionError
    at org.junit.Assert.fail(Assert.java:86)
    at org.junit.Assert.assertTrue(Assert.java:41)
    at org.junit.Assert.assertNotNull(Assert.java:621)
    at org.junit.Assert.assertNotNull(Assert.java:631)
    at org.apache.commons.math3.optim.linear.SimplexSolverTest.testSolutionCallback(SimplexSolverTest.java:789)
    at sun.reflect.NativeMethodAccessorImpl.invoke0(Native Method)
09:09:45.707 [pool-84-thread-1] INFO  xxl.java.junit.TestCasesListener - Tests run finished (657 ms)
<> Total tests run: 29
<> Ignored tests: 0
<> Failed tests: 1
~ testSolutionCallback(org.apache.commons.math3.optim.linear.SimplexSolverTest)
[null]
java.lang.AssertionError    at org.junit.Assert.fail(Assert.java:86)
    at org.junit.Assert.assertTrue(Assert.java:41)
    at org.junit.Assert.assertNotNull(Assert.java:621)
    at org.junit.Assert.assertNotNull(Assert.java:631)
    at org.apache.commons.math3.optim.linear.SimplexSolverTest.testSolutionCallback(SimplexSolverTest.java:789)
    at sun.reflect.NativeMethodAccessorImpl.invoke0(Native Method)

java.lang.AssertionError: expected TooManyIterationsException
    at org.junit.Assert.fail(Assert.java:88)
    at org.apache.commons.math3.optim.linear.SimplexSolverTest.testSolutionCallback(SimplexSolverTest.java:783)
    at sun.reflect.NativeMethodAccessorImpl.invoke0(Native Method)
    at sun.reflect.NativeMethodAccessorImpl.invoke(NativeMethodAccessorImpl.java:62)
    at sun.reflect.DelegatingMethodAccessorImpl.invoke(DelegatingMethodAccessorImpl.java:43)
    at java.lang.reflect.Method.invoke(Method.java:498)
09:09:46.094 [pool-85-thread-1] INFO  f.i.l.c.t.SpecificationTestCasesListener - Tests run finished (189 ms)
<> Total tests run: 1
<> Ignored tests: 0
<> Failed tests: 1
~ testSolutionCallback(org.apache.commons.math3.optim.linear.SimplexSolverTest)
[expected TooManyIterationsException]
java.lang.AssertionError: expected TooManyIterationsException    at org.junit.Assert.fail(Assert.java:88)
    at org.apache.commons.math3.optim.linear.SimplexSolverTest.testSolutionCallback(SimplexSolverTest.java:783)
    at sun.reflect.NativeMethodAccessorImpl.invoke0(Native Method)
    at sun.reflect.NativeMethodAccessorImpl.invoke(NativeMethodAccessorImpl.java:62)
    at sun.reflect.DelegatingMethodAccessorImpl.invoke(DelegatingMethodAccessorImpl.java:43)
    at java.lang.reflect.Method.invoke(Method.java:498)

java.lang.AssertionError
    at org.junit.Assert.fail(Assert.java:86)
    at org.junit.Assert.assertTrue(Assert.java:41)
    at org.junit.Assert.assertNotNull(Assert.java:621)
    at org.junit.Assert.assertNotNull(Assert.java:631)
    at org.apache.commons.math3.optim.linear.SimplexSolverTest.testSolutionCallback(SimplexSolverTest.java:789)
    at sun.reflect.NativeMethodAccessorImpl.invoke0(Native Method)
09:09:46.290 [pool-86-thread-1] INFO  f.i.l.c.t.SpecificationTestCasesListener - Tests run finished (195 ms)
<> Total tests run: 1
<> Ignored tests: 0
<> Failed tests: 1
~ testSolutionCallback(org.apache.commons.math3.optim.linear.SimplexSolverTest)
[null]
java.lang.AssertionError    at org.junit.Assert.fail(Assert.java:86)
    at org.junit.Assert.assertTrue(Assert.java:41)
    at org.junit.Assert.assertNotNull(Assert.java:621)
    at org.junit.Assert.assertNotNull(Assert.java:631)
    at org.apache.commons.math3.optim.linear.SimplexSolverTest.testSolutionCallback(SimplexSolverTest.java:789)
    at sun.reflect.NativeMethodAccessorImpl.invoke0(Native Method)

09:09:46.291 [pool-83-thread-1] DEBUG tests.output - Failing tests with false: 
[testSolutionCallback(org.apache.commons.math3.optim.linear.SimplexSolverTest): expected TooManyIterationsException]
09:09:46.291 [pool-83-thread-1] DEBUG tests.output - Failing tests with true: 
[testSolutionCallback(org.apache.commons.math3.optim.linear.SimplexSolverTest): null]
09:09:46.291 [pool-83-thread-1] INFO  f.i.l.r.n.synth.SMTNopolSynthesizer - Not enough specifications: 0. A trivial patch is "true" or "false", please write new tests specifying SourceLocation org.apache.commons.math3.optim.linear.SimplexSolver:299.
09:09:46.291 [pool-2-thread-1] DEBUG fr.inria.lille.repair.nopol.NoPol - statement #26
09:09:46.291 [pool-2-thread-1] DEBUG fr.inria.lille.repair.nopol.NoPol - Analysing SourceLocation org.apache.commons.math3.optim.linear.SimplexSolver:298 which is executed by 7 tests
-1435753318
09:09:46.422 [pool-2-thread-1] DEBUG fr.inria.lille.repair.nopol.NoPol - looking with class fr.inria.lille.repair.nopol.spoon.smt.ConditionalAdder
java.lang.AssertionError
    at org.junit.Assert.fail(Assert.java:86)
    at org.junit.Assert.assertTrue(Assert.java:41)
    at org.junit.Assert.assertNotNull(Assert.java:621)
    at org.junit.Assert.assertNotNull(Assert.java:631)
    at org.apache.commons.math3.optim.linear.SimplexSolverTest.testSolutionCallback(SimplexSolverTest.java:789)
    at sun.reflect.NativeMethodAccessorImpl.invoke0(Native Method)
09:09:46.846 [pool-88-thread-1] INFO  xxl.java.junit.TestCasesListener - Tests run finished (413 ms)
<> Total tests run: 29
<> Ignored tests: 0
<> Failed tests: 1
~ testSolutionCallback(org.apache.commons.math3.optim.linear.SimplexSolverTest)
[null]
java.lang.AssertionError    at org.junit.Assert.fail(Assert.java:86)
    at org.junit.Assert.assertTrue(Assert.java:41)
    at org.junit.Assert.assertNotNull(Assert.java:621)
    at org.junit.Assert.assertNotNull(Assert.java:631)
    at org.apache.commons.math3.optim.linear.SimplexSolverTest.testSolutionCallback(SimplexSolverTest.java:789)
    at sun.reflect.NativeMethodAccessorImpl.invoke0(Native Method)

org.apache.commons.math3.optim.linear.UnboundedSolutionException: unbounded solution
    at org.apache.commons.math3.optim.linear.SimplexSolver.doIteration(SimplexSolver.java:177)
    at org.apache.commons.math3.optim.linear.SimplexSolver.solvePhase1(SimplexSolver.java:194)
    at org.apache.commons.math3.optim.linear.SimplexSolver.doOptimize(SimplexSolver.java:207)
    at org.apache.commons.math3.optim.linear.SimplexSolver.doOptimize(SimplexSolver.java:2)
    at org.apache.commons.math3.optim.BaseOptimizer.optimize(BaseOptimizer.java:154)
    at org.apache.commons.math3.optim.BaseMultivariateOptimizer.optimize(BaseMultivariateOptimizer.java:66)
09:09:47.161 [pool-89-thread-1] INFO  f.i.l.c.t.SpecificationTestCasesListener - Tests run finished (82 ms)
<> Total tests run: 1
<> Ignored tests: 0
<> Failed tests: 1
~ testSolutionCallback(org.apache.commons.math3.optim.linear.SimplexSolverTest)
[unbounded solution]
org.apache.commons.math3.optim.linear.UnboundedSolutionException: unbounded solution    at org.apache.commons.math3.optim.linear.SimplexSolver.doIteration(SimplexSolver.java:177)
    at org.apache.commons.math3.optim.linear.SimplexSolver.solvePhase1(SimplexSolver.java:194)
    at org.apache.commons.math3.optim.linear.SimplexSolver.doOptimize(SimplexSolver.java:207)
    at org.apache.commons.math3.optim.linear.SimplexSolver.doOptimize(SimplexSolver.java:2)
    at org.apache.commons.math3.optim.BaseOptimizer.optimize(BaseOptimizer.java:154)
    at org.apache.commons.math3.optim.BaseMultivariateOptimizer.optimize(BaseMultivariateOptimizer.java:66)

java.lang.AssertionError
    at org.junit.Assert.fail(Assert.java:86)
    at org.junit.Assert.assertTrue(Assert.java:41)
    at org.junit.Assert.assertNotNull(Assert.java:621)
    at org.junit.Assert.assertNotNull(Assert.java:631)
    at org.apache.commons.math3.optim.linear.SimplexSolverTest.testSolutionCallback(SimplexSolverTest.java:789)
    at sun.reflect.NativeMethodAccessorImpl.invoke0(Native Method)
09:09:49.173 [pool-90-thread-1] INFO  f.i.l.c.t.SpecificationTestCasesListener - Tests run finished (2011 ms)
<> Total tests run: 1
<> Ignored tests: 0
<> Failed tests: 1
~ testSolutionCallback(org.apache.commons.math3.optim.linear.SimplexSolverTest)
[null]
java.lang.AssertionError    at org.junit.Assert.fail(Assert.java:86)
    at org.junit.Assert.assertTrue(Assert.java:41)
    at org.junit.Assert.assertNotNull(Assert.java:621)
    at org.junit.Assert.assertNotNull(Assert.java:631)
    at org.apache.commons.math3.optim.linear.SimplexSolverTest.testSolutionCallback(SimplexSolverTest.java:789)
    at sun.reflect.NativeMethodAccessorImpl.invoke0(Native Method)

09:09:49.173 [pool-87-thread-1] DEBUG tests.output - Failing tests with false: 
[testSolutionCallback(org.apache.commons.math3.optim.linear.SimplexSolverTest): unbounded solution]
09:09:49.173 [pool-87-thread-1] DEBUG tests.output - Failing tests with true: 
[testSolutionCallback(org.apache.commons.math3.optim.linear.SimplexSolverTest): null]
09:09:49.173 [pool-87-thread-1] INFO  f.i.l.r.n.synth.SMTNopolSynthesizer - Not enough specifications: 0. A trivial patch is "true" or "false", please write new tests specifying SourceLocation org.apache.commons.math3.optim.linear.SimplexSolver:298.
09:09:49.174 [pool-2-thread-1] DEBUG fr.inria.lille.repair.nopol.NoPol - looking with class fr.inria.lille.repair.nopol.spoon.smt.ConditionalReplacer
java.lang.AssertionError
    at org.junit.Assert.fail(Assert.java:86)
    at org.junit.Assert.assertTrue(Assert.java:41)
    at org.junit.Assert.assertNotNull(Assert.java:621)
    at org.junit.Assert.assertNotNull(Assert.java:631)
    at org.apache.commons.math3.optim.linear.SimplexSolverTest.testSolutionCallback(SimplexSolverTest.java:789)
    at sun.reflect.NativeMethodAccessorImpl.invoke0(Native Method)
org.apache.commons.math3.optim.linear.NoFeasibleSolutionException: no feasible solution
    at org.apache.commons.math3.optim.linear.SimplexSolver.solvePhase1(SimplexSolver.java:365)
    at org.apache.commons.math3.optim.linear.SimplexSolver.doOptimize(SimplexSolver.java:391)
    at org.apache.commons.math3.optim.linear.SimplexSolver.doOptimize(SimplexSolver.java:64)
    at org.apache.commons.math3.optim.BaseOptimizer.optimize(BaseOptimizer.java:154)
    at org.apache.commons.math3.optim.BaseMultivariateOptimizer.optimize(BaseMultivariateOptimizer.java:66)
    at org.apache.commons.math3.optim.nonlinear.scalar.MultivariateOptimizer.optimize(MultivariateOptimizer.java:64)
09:09:49.722 [pool-92-thread-1] INFO  xxl.java.junit.TestCasesListener - Tests run finished (536 ms)
<> Total tests run: 29
<> Ignored tests: 0
<> Failed tests: 2
~ testSolutionCallback(org.apache.commons.math3.optim.linear.SimplexSolverTest)
[null]
java.lang.AssertionError    at org.junit.Assert.fail(Assert.java:86)
    at org.junit.Assert.assertTrue(Assert.java:41)
    at org.junit.Assert.assertNotNull(Assert.java:621)
    at org.junit.Assert.assertNotNull(Assert.java:631)
    at org.apache.commons.math3.optim.linear.SimplexSolverTest.testSolutionCallback(SimplexSolverTest.java:789)
    at sun.reflect.NativeMethodAccessorImpl.invoke0(Native Method)
~ testMath930(org.apache.commons.math3.optim.linear.SimplexSolverTest)
[no feasible solution]
org.apache.commons.math3.optim.linear.NoFeasibleSolutionException: no feasible solution    at org.apache.commons.math3.optim.linear.SimplexSolver.solvePhase1(SimplexSolver.java:365)
    at org.apache.commons.math3.optim.linear.SimplexSolver.doOptimize(SimplexSolver.java:391)
    at org.apache.commons.math3.optim.linear.SimplexSolver.doOptimize(SimplexSolver.java:64)
    at org.apache.commons.math3.optim.BaseOptimizer.optimize(BaseOptimizer.java:154)
    at org.apache.commons.math3.optim.BaseMultivariateOptimizer.optimize(BaseMultivariateOptimizer.java:66)
    at org.apache.commons.math3.optim.nonlinear.scalar.MultivariateOptimizer.optimize(MultivariateOptimizer.java:64)

org.apache.commons.math3.optim.linear.UnboundedSolutionException: unbounded solution
    at org.apache.commons.math3.optim.linear.SimplexSolver.doIteration(SimplexSolver.java:177)
    at org.apache.commons.math3.optim.linear.SimplexSolver.solvePhase1(SimplexSolver.java:194)
    at org.apache.commons.math3.optim.linear.SimplexSolver.doOptimize(SimplexSolver.java:207)
    at org.apache.commons.math3.optim.linear.SimplexSolver.doOptimize(SimplexSolver.java:2)
    at org.apache.commons.math3.optim.BaseOptimizer.optimize(BaseOptimizer.java:154)
    at org.apache.commons.math3.optim.BaseMultivariateOptimizer.optimize(BaseMultivariateOptimizer.java:66)
09:09:50.059 [pool-93-thread-1] INFO  f.i.l.c.t.SpecificationTestCasesListener - Tests run finished (137 ms)
<> Total tests run: 1
<> Ignored tests: 0
<> Failed tests: 1
~ testSolutionCallback(org.apache.commons.math3.optim.linear.SimplexSolverTest)
[unbounded solution]
org.apache.commons.math3.optim.linear.UnboundedSolutionException: unbounded solution    at org.apache.commons.math3.optim.linear.SimplexSolver.doIteration(SimplexSolver.java:177)
    at org.apache.commons.math3.optim.linear.SimplexSolver.solvePhase1(SimplexSolver.java:194)
    at org.apache.commons.math3.optim.linear.SimplexSolver.doOptimize(SimplexSolver.java:207)
    at org.apache.commons.math3.optim.linear.SimplexSolver.doOptimize(SimplexSolver.java:2)
    at org.apache.commons.math3.optim.BaseOptimizer.optimize(BaseOptimizer.java:154)
    at org.apache.commons.math3.optim.BaseMultivariateOptimizer.optimize(BaseMultivariateOptimizer.java:66)

org.apache.commons.math3.optim.linear.UnboundedSolutionException: unbounded solution
    at org.apache.commons.math3.optim.linear.SimplexSolver.doIteration(SimplexSolver.java:177)
    at org.apache.commons.math3.optim.linear.SimplexSolver.solvePhase1(SimplexSolver.java:194)
    at org.apache.commons.math3.optim.linear.SimplexSolver.doOptimize(SimplexSolver.java:207)
    at org.apache.commons.math3.optim.linear.SimplexSolver.doOptimize(SimplexSolver.java:2)
    at org.apache.commons.math3.optim.BaseOptimizer.optimize(BaseOptimizer.java:154)
    at org.apache.commons.math3.optim.BaseMultivariateOptimizer.optimize(BaseMultivariateOptimizer.java:66)
09:09:50.146 [pool-94-thread-1] INFO  f.i.l.c.t.SpecificationTestCasesListener - Tests run finished (87 ms)
<> Total tests run: 1
<> Ignored tests: 0
<> Failed tests: 1
~ testMath930(org.apache.commons.math3.optim.linear.SimplexSolverTest)
[unbounded solution]
org.apache.commons.math3.optim.linear.UnboundedSolutionException: unbounded solution    at org.apache.commons.math3.optim.linear.SimplexSolver.doIteration(SimplexSolver.java:177)
    at org.apache.commons.math3.optim.linear.SimplexSolver.solvePhase1(SimplexSolver.java:194)
    at org.apache.commons.math3.optim.linear.SimplexSolver.doOptimize(SimplexSolver.java:207)
    at org.apache.commons.math3.optim.linear.SimplexSolver.doOptimize(SimplexSolver.java:2)
    at org.apache.commons.math3.optim.BaseOptimizer.optimize(BaseOptimizer.java:154)
    at org.apache.commons.math3.optim.BaseMultivariateOptimizer.optimize(BaseMultivariateOptimizer.java:66)

java.lang.AssertionError: expected TooManyIterationsException
    at org.junit.Assert.fail(Assert.java:88)
    at org.apache.commons.math3.optim.linear.SimplexSolverTest.testSolutionCallback(SimplexSolverTest.java:769)
    at sun.reflect.NativeMethodAccessorImpl.invoke0(Native Method)
    at sun.reflect.NativeMethodAccessorImpl.invoke(NativeMethodAccessorImpl.java:62)
    at sun.reflect.DelegatingMethodAccessorImpl.invoke(DelegatingMethodAccessorImpl.java:43)
    at java.lang.reflect.Method.invoke(Method.java:498)
09:09:50.168 [pool-95-thread-1] INFO  f.i.l.c.t.SpecificationTestCasesListener - Tests run finished (21 ms)
<> Total tests run: 1
<> Ignored tests: 0
<> Failed tests: 1
~ testSolutionCallback(org.apache.commons.math3.optim.linear.SimplexSolverTest)
[expected TooManyIterationsException]
java.lang.AssertionError: expected TooManyIterationsException    at org.junit.Assert.fail(Assert.java:88)
    at org.apache.commons.math3.optim.linear.SimplexSolverTest.testSolutionCallback(SimplexSolverTest.java:769)
    at sun.reflect.NativeMethodAccessorImpl.invoke0(Native Method)
    at sun.reflect.NativeMethodAccessorImpl.invoke(NativeMethodAccessorImpl.java:62)
    at sun.reflect.DelegatingMethodAccessorImpl.invoke(DelegatingMethodAccessorImpl.java:43)
    at java.lang.reflect.Method.invoke(Method.java:498)

09:09:50.245 [pool-96-thread-1] INFO  f.i.l.c.t.SpecificationTestCasesListener - Tests run finished (75 ms)
<> Total tests run: 1
<> Ignored tests: 0
<> Failed tests: 0

09:09:50.245 [pool-91-thread-1] DEBUG tests.output - Failing tests with false: 
[testSolutionCallback(org.apache.commons.math3.optim.linear.SimplexSolverTest): unbounded solution, testMath930(org.apache.commons.math3.optim.linear.SimplexSolverTest): unbounded solution]
09:09:50.245 [pool-91-thread-1] DEBUG tests.output - Failing tests with true: 
[testSolutionCallback(org.apache.commons.math3.optim.linear.SimplexSolverTest): expected TooManyIterationsException]
09:09:50.245 [pool-91-thread-1] INFO  f.i.l.r.n.synth.SMTNopolSynthesizer - Not enough specifications: 0. A trivial patch is "true" or "false", please write new tests specifying SourceLocation org.apache.commons.math3.optim.linear.SimplexSolver:298.
09:09:50.245 [pool-2-thread-1] DEBUG fr.inria.lille.repair.nopol.NoPol - statement #27
09:09:50.245 [pool-2-thread-1] DEBUG fr.inria.lille.repair.nopol.NoPol - Analysing SourceLocation org.apache.commons.math3.optim.linear.SimplexSolver:297 which is executed by 7 tests
-1435753318
09:09:50.375 [pool-2-thread-1] DEBUG fr.inria.lille.repair.nopol.NoPol - statement #28
09:09:50.375 [pool-2-thread-1] DEBUG fr.inria.lille.repair.nopol.NoPol - Analysing SourceLocation org.apache.commons.math3.optim.linear.SimplexSolver:296 which is executed by 7 tests
-1435753318
09:09:50.505 [pool-2-thread-1] DEBUG fr.inria.lille.repair.nopol.NoPol - looking with class fr.inria.lille.repair.nopol.spoon.smt.ConditionalAdder
java.lang.AssertionError
    at org.junit.Assert.fail(Assert.java:86)
    at org.junit.Assert.assertTrue(Assert.java:41)
    at org.junit.Assert.assertNotNull(Assert.java:621)
    at org.junit.Assert.assertNotNull(Assert.java:631)
    at org.apache.commons.math3.optim.linear.SimplexSolverTest.testSolutionCallback(SimplexSolverTest.java:789)
    at sun.reflect.NativeMethodAccessorImpl.invoke0(Native Method)
09:09:50.951 [pool-98-thread-1] INFO  xxl.java.junit.TestCasesListener - Tests run finished (437 ms)
<> Total tests run: 29
<> Ignored tests: 0
<> Failed tests: 1
~ testSolutionCallback(org.apache.commons.math3.optim.linear.SimplexSolverTest)
[null]
java.lang.AssertionError    at org.junit.Assert.fail(Assert.java:86)
    at org.junit.Assert.assertTrue(Assert.java:41)
    at org.junit.Assert.assertNotNull(Assert.java:621)
    at org.junit.Assert.assertNotNull(Assert.java:631)
    at org.apache.commons.math3.optim.linear.SimplexSolverTest.testSolutionCallback(SimplexSolverTest.java:789)
    at sun.reflect.NativeMethodAccessorImpl.invoke0(Native Method)

org.apache.commons.math3.optim.linear.UnboundedSolutionException: unbounded solution
    at org.apache.commons.math3.optim.linear.SimplexSolver.doIteration(SimplexSolver.java:173)
    at org.apache.commons.math3.optim.linear.SimplexSolver.solvePhase1(SimplexSolver.java:190)
    at org.apache.commons.math3.optim.linear.SimplexSolver.doOptimize(SimplexSolver.java:203)
    at org.apache.commons.math3.optim.linear.SimplexSolver.doOptimize(SimplexSolver.java:2)
    at org.apache.commons.math3.optim.BaseOptimizer.optimize(BaseOptimizer.java:154)
    at org.apache.commons.math3.optim.BaseMultivariateOptimizer.optimize(BaseMultivariateOptimizer.java:66)
09:09:51.315 [pool-99-thread-1] INFO  f.i.l.c.t.SpecificationTestCasesListener - Tests run finished (171 ms)
<> Total tests run: 1
<> Ignored tests: 0
<> Failed tests: 1
~ testSolutionCallback(org.apache.commons.math3.optim.linear.SimplexSolverTest)
[unbounded solution]
org.apache.commons.math3.optim.linear.UnboundedSolutionException: unbounded solution    at org.apache.commons.math3.optim.linear.SimplexSolver.doIteration(SimplexSolver.java:173)
    at org.apache.commons.math3.optim.linear.SimplexSolver.solvePhase1(SimplexSolver.java:190)
    at org.apache.commons.math3.optim.linear.SimplexSolver.doOptimize(SimplexSolver.java:203)
    at org.apache.commons.math3.optim.linear.SimplexSolver.doOptimize(SimplexSolver.java:2)
    at org.apache.commons.math3.optim.BaseOptimizer.optimize(BaseOptimizer.java:154)
    at org.apache.commons.math3.optim.BaseMultivariateOptimizer.optimize(BaseMultivariateOptimizer.java:66)

java.lang.AssertionError
    at org.junit.Assert.fail(Assert.java:86)
    at org.junit.Assert.assertTrue(Assert.java:41)
    at org.junit.Assert.assertNotNull(Assert.java:621)
    at org.junit.Assert.assertNotNull(Assert.java:631)
    at org.apache.commons.math3.optim.linear.SimplexSolverTest.testSolutionCallback(SimplexSolverTest.java:789)
    at sun.reflect.NativeMethodAccessorImpl.invoke0(Native Method)
09:09:51.681 [pool-100-thread-1] INFO  f.i.l.c.t.SpecificationTestCasesListener - Tests run finished (366 ms)
<> Total tests run: 1
<> Ignored tests: 0
<> Failed tests: 1
~ testSolutionCallback(org.apache.commons.math3.optim.linear.SimplexSolverTest)
[null]
java.lang.AssertionError    at org.junit.Assert.fail(Assert.java:86)
    at org.junit.Assert.assertTrue(Assert.java:41)
    at org.junit.Assert.assertNotNull(Assert.java:621)
    at org.junit.Assert.assertNotNull(Assert.java:631)
    at org.apache.commons.math3.optim.linear.SimplexSolverTest.testSolutionCallback(SimplexSolverTest.java:789)
    at sun.reflect.NativeMethodAccessorImpl.invoke0(Native Method)

09:09:51.681 [pool-97-thread-1] DEBUG tests.output - Failing tests with false: 
[testSolutionCallback(org.apache.commons.math3.optim.linear.SimplexSolverTest): unbounded solution]
09:09:51.681 [pool-97-thread-1] DEBUG tests.output - Failing tests with true: 
[testSolutionCallback(org.apache.commons.math3.optim.linear.SimplexSolverTest): null]
09:09:51.681 [pool-97-thread-1] INFO  f.i.l.r.n.synth.SMTNopolSynthesizer - Not enough specifications: 0. A trivial patch is "true" or "false", please write new tests specifying SourceLocation org.apache.commons.math3.optim.linear.SimplexSolver:296.
09:09:51.681 [pool-2-thread-1] DEBUG fr.inria.lille.repair.nopol.NoPol - statement #29
09:09:51.681 [pool-2-thread-1] DEBUG fr.inria.lille.repair.nopol.NoPol - Analysing SourceLocation org.apache.commons.math3.optim.linear.SimplexSolver:295 which is executed by 7 tests
-1435753318
09:09:51.811 [pool-2-thread-1] DEBUG fr.inria.lille.repair.nopol.NoPol - looking with class fr.inria.lille.repair.nopol.spoon.smt.ConditionalAdder
java.lang.AssertionError
    at org.junit.Assert.fail(Assert.java:86)
    at org.junit.Assert.assertTrue(Assert.java:41)
    at org.junit.Assert.assertNotNull(Assert.java:621)
    at org.junit.Assert.assertNotNull(Assert.java:631)
    at org.apache.commons.math3.optim.linear.SimplexSolverTest.testSolutionCallback(SimplexSolverTest.java:789)
    at sun.reflect.NativeMethodAccessorImpl.invoke0(Native Method)
09:09:52.340 [pool-102-thread-1] INFO  xxl.java.junit.TestCasesListener - Tests run finished (519 ms)
<> Total tests run: 29
<> Ignored tests: 0
<> Failed tests: 1
~ testSolutionCallback(org.apache.commons.math3.optim.linear.SimplexSolverTest)
[null]
java.lang.AssertionError    at org.junit.Assert.fail(Assert.java:86)
    at org.junit.Assert.assertTrue(Assert.java:41)
    at org.junit.Assert.assertNotNull(Assert.java:621)
    at org.junit.Assert.assertNotNull(Assert.java:631)
    at org.apache.commons.math3.optim.linear.SimplexSolverTest.testSolutionCallback(SimplexSolverTest.java:789)
    at sun.reflect.NativeMethodAccessorImpl.invoke0(Native Method)

org.apache.commons.math3.optim.linear.UnboundedSolutionException: unbounded solution
    at org.apache.commons.math3.optim.linear.SimplexSolver.doIteration(SimplexSolver.java:173)
    at org.apache.commons.math3.optim.linear.SimplexSolver.solvePhase1(SimplexSolver.java:190)
    at org.apache.commons.math3.optim.linear.SimplexSolver.doOptimize(SimplexSolver.java:203)
    at org.apache.commons.math3.optim.linear.SimplexSolver.doOptimize(SimplexSolver.java:2)
    at org.apache.commons.math3.optim.BaseOptimizer.optimize(BaseOptimizer.java:154)
    at org.apache.commons.math3.optim.BaseMultivariateOptimizer.optimize(BaseMultivariateOptimizer.java:66)
09:09:52.628 [pool-103-thread-1] INFO  f.i.l.c.t.SpecificationTestCasesListener - Tests run finished (96 ms)
<> Total tests run: 1
<> Ignored tests: 0
<> Failed tests: 1
~ testSolutionCallback(org.apache.commons.math3.optim.linear.SimplexSolverTest)
[unbounded solution]
org.apache.commons.math3.optim.linear.UnboundedSolutionException: unbounded solution    at org.apache.commons.math3.optim.linear.SimplexSolver.doIteration(SimplexSolver.java:173)
    at org.apache.commons.math3.optim.linear.SimplexSolver.solvePhase1(SimplexSolver.java:190)
    at org.apache.commons.math3.optim.linear.SimplexSolver.doOptimize(SimplexSolver.java:203)
    at org.apache.commons.math3.optim.linear.SimplexSolver.doOptimize(SimplexSolver.java:2)
    at org.apache.commons.math3.optim.BaseOptimizer.optimize(BaseOptimizer.java:154)
    at org.apache.commons.math3.optim.BaseMultivariateOptimizer.optimize(BaseMultivariateOptimizer.java:66)

java.lang.AssertionError
    at org.junit.Assert.fail(Assert.java:86)
    at org.junit.Assert.assertTrue(Assert.java:41)
    at org.junit.Assert.assertNotNull(Assert.java:621)
    at org.junit.Assert.assertNotNull(Assert.java:631)
    at org.apache.commons.math3.optim.linear.SimplexSolverTest.testSolutionCallback(SimplexSolverTest.java:789)
    at sun.reflect.NativeMethodAccessorImpl.invoke0(Native Method)
09:09:52.789 [pool-104-thread-1] INFO  f.i.l.c.t.SpecificationTestCasesListener - Tests run finished (160 ms)
<> Total tests run: 1
<> Ignored tests: 0
<> Failed tests: 1
~ testSolutionCallback(org.apache.commons.math3.optim.linear.SimplexSolverTest)
[null]
java.lang.AssertionError    at org.junit.Assert.fail(Assert.java:86)
    at org.junit.Assert.assertTrue(Assert.java:41)
    at org.junit.Assert.assertNotNull(Assert.java:621)
    at org.junit.Assert.assertNotNull(Assert.java:631)
    at org.apache.commons.math3.optim.linear.SimplexSolverTest.testSolutionCallback(SimplexSolverTest.java:789)
    at sun.reflect.NativeMethodAccessorImpl.invoke0(Native Method)

09:09:52.790 [pool-101-thread-1] DEBUG tests.output - Failing tests with false: 
[testSolutionCallback(org.apache.commons.math3.optim.linear.SimplexSolverTest): unbounded solution]
09:09:52.790 [pool-101-thread-1] DEBUG tests.output - Failing tests with true: 
[testSolutionCallback(org.apache.commons.math3.optim.linear.SimplexSolverTest): null]
09:09:52.790 [pool-101-thread-1] INFO  f.i.l.r.n.synth.SMTNopolSynthesizer - Not enough specifications: 0. A trivial patch is "true" or "false", please write new tests specifying SourceLocation org.apache.commons.math3.optim.linear.SimplexSolver:295.
09:09:52.790 [pool-2-thread-1] DEBUG fr.inria.lille.repair.nopol.NoPol - statement #30
09:09:52.790 [pool-2-thread-1] DEBUG fr.inria.lille.repair.nopol.NoPol - Analysing SourceLocation org.apache.commons.math3.optim.linear.SimplexSolver:294 which is executed by 7 tests
-1435753318
09:09:52.919 [pool-2-thread-1] DEBUG fr.inria.lille.repair.nopol.NoPol - statement #31
09:09:52.919 [pool-2-thread-1] DEBUG fr.inria.lille.repair.nopol.NoPol - Analysing SourceLocation org.apache.commons.math3.optim.linear.SimplexSolver:293 which is executed by 7 tests
-1435753318
09:09:53.049 [pool-2-thread-1] DEBUG fr.inria.lille.repair.nopol.NoPol - statement #32
09:09:53.049 [pool-2-thread-1] DEBUG fr.inria.lille.repair.nopol.NoPol - Analysing SourceLocation org.apache.commons.math3.optim.linear.SimplexSolver:292 which is executed by 7 tests
-1435753318
09:09:53.179 [pool-2-thread-1] DEBUG fr.inria.lille.repair.nopol.NoPol - statement #33
09:09:53.180 [pool-2-thread-1] DEBUG fr.inria.lille.repair.nopol.NoPol - Analysing SourceLocation org.apache.commons.math3.optim.linear.SimplexSolver:291 which is executed by 7 tests
-1435753318
09:09:53.312 [pool-2-thread-1] DEBUG fr.inria.lille.repair.nopol.NoPol - statement #34
09:09:53.313 [pool-2-thread-1] DEBUG fr.inria.lille.repair.nopol.NoPol - Analysing SourceLocation org.apache.commons.math3.optim.linear.SimplexSolver:279 which is executed by 11 tests
-1435753318
09:09:53.441 [pool-2-thread-1] DEBUG fr.inria.lille.repair.nopol.NoPol - looking with class fr.inria.lille.repair.nopol.spoon.smt.ConditionalAdder
java.lang.AssertionError
    at org.junit.Assert.fail(Assert.java:86)
    at org.junit.Assert.assertTrue(Assert.java:41)
    at org.junit.Assert.assertNotNull(Assert.java:621)
    at org.junit.Assert.assertNotNull(Assert.java:631)
    at org.apache.commons.math3.optim.linear.SimplexSolverTest.testSolutionCallback(SimplexSolverTest.java:789)
    at sun.reflect.NativeMethodAccessorImpl.invoke0(Native Method)
09:09:53.836 [pool-106-thread-1] INFO  xxl.java.junit.TestCasesListener - Tests run finished (386 ms)
<> Total tests run: 29
<> Ignored tests: 0
<> Failed tests: 1
~ testSolutionCallback(org.apache.commons.math3.optim.linear.SimplexSolverTest)
[null]
java.lang.AssertionError    at org.junit.Assert.fail(Assert.java:86)
    at org.junit.Assert.assertTrue(Assert.java:41)
    at org.junit.Assert.assertNotNull(Assert.java:621)
    at org.junit.Assert.assertNotNull(Assert.java:631)
    at org.apache.commons.math3.optim.linear.SimplexSolverTest.testSolutionCallback(SimplexSolverTest.java:789)
    at sun.reflect.NativeMethodAccessorImpl.invoke0(Native Method)

java.lang.AssertionError
    at org.junit.Assert.fail(Assert.java:86)
    at org.junit.Assert.assertTrue(Assert.java:41)
    at org.junit.Assert.assertNotNull(Assert.java:621)
    at org.junit.Assert.assertNotNull(Assert.java:631)
    at org.apache.commons.math3.optim.linear.SimplexSolverTest.testSolutionCallback(SimplexSolverTest.java:789)
    at sun.reflect.NativeMethodAccessorImpl.invoke0(Native Method)
09:09:54.948 [pool-107-thread-1] INFO  f.i.l.c.t.SpecificationTestCasesListener - Tests run finished (925 ms)
<> Total tests run: 1
<> Ignored tests: 0
<> Failed tests: 1
~ testSolutionCallback(org.apache.commons.math3.optim.linear.SimplexSolverTest)
[null]
java.lang.AssertionError    at org.junit.Assert.fail(Assert.java:86)
    at org.junit.Assert.assertTrue(Assert.java:41)
    at org.junit.Assert.assertNotNull(Assert.java:621)
    at org.junit.Assert.assertNotNull(Assert.java:631)
    at org.apache.commons.math3.optim.linear.SimplexSolverTest.testSolutionCallback(SimplexSolverTest.java:789)
    at sun.reflect.NativeMethodAccessorImpl.invoke0(Native Method)

java.lang.AssertionError
    at org.junit.Assert.fail(Assert.java:86)
    at org.junit.Assert.assertTrue(Assert.java:41)
    at org.junit.Assert.assertNotNull(Assert.java:621)
    at org.junit.Assert.assertNotNull(Assert.java:631)
    at org.apache.commons.math3.optim.linear.SimplexSolverTest.testSolutionCallback(SimplexSolverTest.java:789)
    at sun.reflect.NativeMethodAccessorImpl.invoke0(Native Method)
09:09:55.167 [pool-108-thread-1] INFO  f.i.l.c.t.SpecificationTestCasesListener - Tests run finished (218 ms)
<> Total tests run: 1
<> Ignored tests: 0
<> Failed tests: 1
~ testSolutionCallback(org.apache.commons.math3.optim.linear.SimplexSolverTest)
[null]
java.lang.AssertionError    at org.junit.Assert.fail(Assert.java:86)
    at org.junit.Assert.assertTrue(Assert.java:41)
    at org.junit.Assert.assertNotNull(Assert.java:621)
    at org.junit.Assert.assertNotNull(Assert.java:631)
    at org.apache.commons.math3.optim.linear.SimplexSolverTest.testSolutionCallback(SimplexSolverTest.java:789)
    at sun.reflect.NativeMethodAccessorImpl.invoke0(Native Method)

09:09:55.167 [pool-105-thread-1] DEBUG tests.output - Failing tests with false: 
[testSolutionCallback(org.apache.commons.math3.optim.linear.SimplexSolverTest): null]
09:09:55.167 [pool-105-thread-1] DEBUG tests.output - Failing tests with true: 
[testSolutionCallback(org.apache.commons.math3.optim.linear.SimplexSolverTest): null]
09:09:55.167 [pool-105-thread-1] INFO  f.i.l.r.n.synth.SMTNopolSynthesizer - Not enough specifications: 0. A trivial patch is "true" or "false", please write new tests specifying SourceLocation org.apache.commons.math3.optim.linear.SimplexSolver:279.
09:09:55.167 [pool-2-thread-1] DEBUG fr.inria.lille.repair.nopol.NoPol - statement #35
09:09:55.167 [pool-2-thread-1] DEBUG fr.inria.lille.repair.nopol.NoPol - Analysing SourceLocation org.apache.commons.math3.optim.linear.SimplexSolver:278 which is executed by 11 tests
-1435753318
09:09:55.296 [pool-2-thread-1] DEBUG fr.inria.lille.repair.nopol.NoPol - looking with class fr.inria.lille.repair.nopol.spoon.smt.ConditionalAdder
java.lang.AssertionError
    at org.junit.Assert.fail(Assert.java:86)
    at org.junit.Assert.assertTrue(Assert.java:41)
    at org.junit.Assert.assertNotNull(Assert.java:621)
    at org.junit.Assert.assertNotNull(Assert.java:631)
    at org.apache.commons.math3.optim.linear.SimplexSolverTest.testSolutionCallback(SimplexSolverTest.java:789)
    at sun.reflect.NativeMethodAccessorImpl.invoke0(Native Method)
09:09:55.782 [pool-110-thread-1] INFO  xxl.java.junit.TestCasesListener - Tests run finished (477 ms)
<> Total tests run: 29
<> Ignored tests: 0
<> Failed tests: 1
~ testSolutionCallback(org.apache.commons.math3.optim.linear.SimplexSolverTest)
[null]
java.lang.AssertionError    at org.junit.Assert.fail(Assert.java:86)
    at org.junit.Assert.assertTrue(Assert.java:41)
    at org.junit.Assert.assertNotNull(Assert.java:621)
    at org.junit.Assert.assertNotNull(Assert.java:631)
    at org.apache.commons.math3.optim.linear.SimplexSolverTest.testSolutionCallback(SimplexSolverTest.java:789)
    at sun.reflect.NativeMethodAccessorImpl.invoke0(Native Method)

java.lang.AssertionError
    at org.junit.Assert.fail(Assert.java:86)
    at org.junit.Assert.assertTrue(Assert.java:41)
    at org.junit.Assert.assertNotNull(Assert.java:621)
    at org.junit.Assert.assertNotNull(Assert.java:631)
    at org.apache.commons.math3.optim.linear.SimplexSolverTest.testSolutionCallback(SimplexSolverTest.java:789)
    at sun.reflect.NativeMethodAccessorImpl.invoke0(Native Method)
09:09:59.200 [pool-111-thread-1] INFO  f.i.l.c.t.SpecificationTestCasesListener - Tests run finished (3230 ms)
<> Total tests run: 1
<> Ignored tests: 0
<> Failed tests: 1
~ testSolutionCallback(org.apache.commons.math3.optim.linear.SimplexSolverTest)
[null]
java.lang.AssertionError    at org.junit.Assert.fail(Assert.java:86)
    at org.junit.Assert.assertTrue(Assert.java:41)
    at org.junit.Assert.assertNotNull(Assert.java:621)
    at org.junit.Assert.assertNotNull(Assert.java:631)
    at org.apache.commons.math3.optim.linear.SimplexSolverTest.testSolutionCallback(SimplexSolverTest.java:789)
    at sun.reflect.NativeMethodAccessorImpl.invoke0(Native Method)

java.lang.AssertionError
    at org.junit.Assert.fail(Assert.java:86)
    at org.junit.Assert.assertTrue(Assert.java:41)
    at org.junit.Assert.assertNotNull(Assert.java:621)
    at org.junit.Assert.assertNotNull(Assert.java:631)
    at org.apache.commons.math3.optim.linear.SimplexSolverTest.testSolutionCallback(SimplexSolverTest.java:789)
    at sun.reflect.NativeMethodAccessorImpl.invoke0(Native Method)
09:10:00.500 [pool-112-thread-1] INFO  f.i.l.c.t.SpecificationTestCasesListener - Tests run finished (1299 ms)
<> Total tests run: 1
<> Ignored tests: 0
<> Failed tests: 1
~ testSolutionCallback(org.apache.commons.math3.optim.linear.SimplexSolverTest)
[null]
java.lang.AssertionError    at org.junit.Assert.fail(Assert.java:86)
    at org.junit.Assert.assertTrue(Assert.java:41)
    at org.junit.Assert.assertNotNull(Assert.java:621)
    at org.junit.Assert.assertNotNull(Assert.java:631)
    at org.apache.commons.math3.optim.linear.SimplexSolverTest.testSolutionCallback(SimplexSolverTest.java:789)
    at sun.reflect.NativeMethodAccessorImpl.invoke0(Native Method)

09:10:00.500 [pool-109-thread-1] DEBUG tests.output - Failing tests with false: 
[testSolutionCallback(org.apache.commons.math3.optim.linear.SimplexSolverTest): null]
09:10:00.500 [pool-109-thread-1] DEBUG tests.output - Failing tests with true: 
[testSolutionCallback(org.apache.commons.math3.optim.linear.SimplexSolverTest): null]
09:10:00.500 [pool-109-thread-1] INFO  f.i.l.r.n.synth.SMTNopolSynthesizer - Not enough specifications: 0. A trivial patch is "true" or "false", please write new tests specifying SourceLocation org.apache.commons.math3.optim.linear.SimplexSolver:278.
09:10:00.500 [pool-2-thread-1] DEBUG fr.inria.lille.repair.nopol.NoPol - looking with class fr.inria.lille.repair.nopol.spoon.smt.ConditionalReplacer
java.lang.AssertionError
    at org.junit.Assert.fail(Assert.java:86)
    at org.junit.Assert.assertTrue(Assert.java:41)
    at org.junit.Assert.assertNotNull(Assert.java:621)
    at org.junit.Assert.assertNotNull(Assert.java:631)
    at org.apache.commons.math3.optim.linear.SimplexSolverTest.testSolutionCallback(SimplexSolverTest.java:789)
    at sun.reflect.NativeMethodAccessorImpl.invoke0(Native Method)
09:10:00.905 [pool-114-thread-1] INFO  xxl.java.junit.TestCasesListener - Tests run finished (396 ms)
<> Total tests run: 29
<> Ignored tests: 0
<> Failed tests: 1
~ testSolutionCallback(org.apache.commons.math3.optim.linear.SimplexSolverTest)
[null]
java.lang.AssertionError    at org.junit.Assert.fail(Assert.java:86)
    at org.junit.Assert.assertTrue(Assert.java:41)
    at org.junit.Assert.assertNotNull(Assert.java:621)
    at org.junit.Assert.assertNotNull(Assert.java:631)
    at org.apache.commons.math3.optim.linear.SimplexSolverTest.testSolutionCallback(SimplexSolverTest.java:789)
    at sun.reflect.NativeMethodAccessorImpl.invoke0(Native Method)

java.lang.AssertionError
    at org.junit.Assert.fail(Assert.java:86)
    at org.junit.Assert.assertTrue(Assert.java:41)
    at org.junit.Assert.assertNotNull(Assert.java:621)
    at org.junit.Assert.assertNotNull(Assert.java:631)
    at org.apache.commons.math3.optim.linear.SimplexSolverTest.testSolutionCallback(SimplexSolverTest.java:789)
    at sun.reflect.NativeMethodAccessorImpl.invoke0(Native Method)
09:10:04.267 [pool-115-thread-1] INFO  f.i.l.c.t.SpecificationTestCasesListener - Tests run finished (3173 ms)
<> Total tests run: 1
<> Ignored tests: 0
<> Failed tests: 1
~ testSolutionCallback(org.apache.commons.math3.optim.linear.SimplexSolverTest)
[null]
java.lang.AssertionError    at org.junit.Assert.fail(Assert.java:86)
    at org.junit.Assert.assertTrue(Assert.java:41)
    at org.junit.Assert.assertNotNull(Assert.java:621)
    at org.junit.Assert.assertNotNull(Assert.java:631)
    at org.apache.commons.math3.optim.linear.SimplexSolverTest.testSolutionCallback(SimplexSolverTest.java:789)
    at sun.reflect.NativeMethodAccessorImpl.invoke0(Native Method)

java.lang.AssertionError
    at org.junit.Assert.fail(Assert.java:86)
    at org.junit.Assert.assertTrue(Assert.java:41)
    at org.junit.Assert.assertNotNull(Assert.java:621)
    at org.junit.Assert.assertNotNull(Assert.java:631)
    at org.apache.commons.math3.optim.linear.SimplexSolverTest.testSolutionCallback(SimplexSolverTest.java:789)
    at sun.reflect.NativeMethodAccessorImpl.invoke0(Native Method)
09:10:04.315 [pool-116-thread-1] INFO  f.i.l.c.t.SpecificationTestCasesListener - Tests run finished (47 ms)
<> Total tests run: 1
<> Ignored tests: 0
<> Failed tests: 1
~ testSolutionCallback(org.apache.commons.math3.optim.linear.SimplexSolverTest)
[null]
java.lang.AssertionError    at org.junit.Assert.fail(Assert.java:86)
    at org.junit.Assert.assertTrue(Assert.java:41)
    at org.junit.Assert.assertNotNull(Assert.java:621)
    at org.junit.Assert.assertNotNull(Assert.java:631)
    at org.apache.commons.math3.optim.linear.SimplexSolverTest.testSolutionCallback(SimplexSolverTest.java:789)
    at sun.reflect.NativeMethodAccessorImpl.invoke0(Native Method)

09:10:04.315 [pool-113-thread-1] DEBUG tests.output - Failing tests with false: 
[testSolutionCallback(org.apache.commons.math3.optim.linear.SimplexSolverTest): null]
09:10:04.315 [pool-113-thread-1] DEBUG tests.output - Failing tests with true: 
[testSolutionCallback(org.apache.commons.math3.optim.linear.SimplexSolverTest): null]
09:10:04.315 [pool-113-thread-1] INFO  f.i.l.r.n.synth.SMTNopolSynthesizer - Not enough specifications: 0. A trivial patch is "true" or "false", please write new tests specifying SourceLocation org.apache.commons.math3.optim.linear.SimplexSolver:278.
09:10:04.315 [pool-2-thread-1] DEBUG fr.inria.lille.repair.nopol.NoPol - statement #36
09:10:04.316 [pool-2-thread-1] DEBUG fr.inria.lille.repair.nopol.NoPol - Analysing SourceLocation org.apache.commons.math3.optim.linear.SimplexSolver:277 which is executed by 11 tests
-1435753318
09:10:04.445 [pool-2-thread-1] DEBUG fr.inria.lille.repair.nopol.NoPol - statement #37
09:10:04.445 [pool-2-thread-1] DEBUG fr.inria.lille.repair.nopol.NoPol - Analysing SourceLocation org.apache.commons.math3.optim.linear.SimplexSolver:276 which is executed by 11 tests
-1435753318
09:10:04.574 [pool-2-thread-1] DEBUG fr.inria.lille.repair.nopol.NoPol - statement #38
09:10:04.574 [pool-2-thread-1] DEBUG fr.inria.lille.repair.nopol.NoPol - Analysing SourceLocation org.apache.commons.math3.optim.linear.SimplexSolver:275 which is executed by 11 tests
-1435753318
09:10:04.702 [pool-2-thread-1] DEBUG fr.inria.lille.repair.nopol.NoPol - looking with class fr.inria.lille.repair.nopol.spoon.smt.ConditionalAdder
java.lang.AssertionError
    at org.junit.Assert.fail(Assert.java:86)
    at org.junit.Assert.assertTrue(Assert.java:41)
    at org.junit.Assert.assertNotNull(Assert.java:621)
    at org.junit.Assert.assertNotNull(Assert.java:631)
    at org.apache.commons.math3.optim.linear.SimplexSolverTest.testSolutionCallback(SimplexSolverTest.java:789)
    at sun.reflect.NativeMethodAccessorImpl.invoke0(Native Method)
09:10:05.345 [pool-118-thread-1] INFO  xxl.java.junit.TestCasesListener - Tests run finished (634 ms)
<> Total tests run: 29
<> Ignored tests: 0
<> Failed tests: 1
~ testSolutionCallback(org.apache.commons.math3.optim.linear.SimplexSolverTest)
[null]
java.lang.AssertionError    at org.junit.Assert.fail(Assert.java:86)
    at org.junit.Assert.assertTrue(Assert.java:41)
    at org.junit.Assert.assertNotNull(Assert.java:621)
    at org.junit.Assert.assertNotNull(Assert.java:631)
    at org.apache.commons.math3.optim.linear.SimplexSolverTest.testSolutionCallback(SimplexSolverTest.java:789)
    at sun.reflect.NativeMethodAccessorImpl.invoke0(Native Method)

java.lang.AssertionError
    at org.junit.Assert.fail(Assert.java:86)
    at org.junit.Assert.assertTrue(Assert.java:41)
    at org.junit.Assert.assertNotNull(Assert.java:621)
    at org.junit.Assert.assertNotNull(Assert.java:631)
    at org.apache.commons.math3.optim.linear.SimplexSolverTest.testSolutionCallback(SimplexSolverTest.java:789)
    at sun.reflect.NativeMethodAccessorImpl.invoke0(Native Method)
09:10:06.368 [pool-119-thread-1] INFO  f.i.l.c.t.SpecificationTestCasesListener - Tests run finished (837 ms)
<> Total tests run: 1
<> Ignored tests: 0
<> Failed tests: 1
~ testSolutionCallback(org.apache.commons.math3.optim.linear.SimplexSolverTest)
[null]
java.lang.AssertionError    at org.junit.Assert.fail(Assert.java:86)
    at org.junit.Assert.assertTrue(Assert.java:41)
    at org.junit.Assert.assertNotNull(Assert.java:621)
    at org.junit.Assert.assertNotNull(Assert.java:631)
    at org.apache.commons.math3.optim.linear.SimplexSolverTest.testSolutionCallback(SimplexSolverTest.java:789)
    at sun.reflect.NativeMethodAccessorImpl.invoke0(Native Method)

java.lang.AssertionError
    at org.junit.Assert.fail(Assert.java:86)
    at org.junit.Assert.assertTrue(Assert.java:41)
    at org.junit.Assert.assertNotNull(Assert.java:621)
    at org.junit.Assert.assertNotNull(Assert.java:631)
    at org.apache.commons.math3.optim.linear.SimplexSolverTest.testSolutionCallback(SimplexSolverTest.java:789)
    at sun.reflect.NativeMethodAccessorImpl.invoke0(Native Method)
09:10:06.583 [pool-120-thread-1] INFO  f.i.l.c.t.SpecificationTestCasesListener - Tests run finished (214 ms)
<> Total tests run: 1
<> Ignored tests: 0
<> Failed tests: 1
~ testSolutionCallback(org.apache.commons.math3.optim.linear.SimplexSolverTest)
[null]
java.lang.AssertionError    at org.junit.Assert.fail(Assert.java:86)
    at org.junit.Assert.assertTrue(Assert.java:41)
    at org.junit.Assert.assertNotNull(Assert.java:621)
    at org.junit.Assert.assertNotNull(Assert.java:631)
    at org.apache.commons.math3.optim.linear.SimplexSolverTest.testSolutionCallback(SimplexSolverTest.java:789)
    at sun.reflect.NativeMethodAccessorImpl.invoke0(Native Method)

09:10:06.583 [pool-117-thread-1] DEBUG tests.output - Failing tests with false: 
[testSolutionCallback(org.apache.commons.math3.optim.linear.SimplexSolverTest): null]
09:10:06.583 [pool-117-thread-1] DEBUG tests.output - Failing tests with true: 
[testSolutionCallback(org.apache.commons.math3.optim.linear.SimplexSolverTest): null]
09:10:06.583 [pool-117-thread-1] INFO  f.i.l.r.n.synth.SMTNopolSynthesizer - Not enough specifications: 0. A trivial patch is "true" or "false", please write new tests specifying SourceLocation org.apache.commons.math3.optim.linear.SimplexSolver:275.
09:10:06.583 [pool-2-thread-1] DEBUG fr.inria.lille.repair.nopol.NoPol - statement #39
09:10:06.583 [pool-2-thread-1] DEBUG fr.inria.lille.repair.nopol.NoPol - Analysing SourceLocation org.apache.commons.math3.optim.linear.SimplexSolver:274 which is executed by 11 tests
-1435753318
09:10:06.712 [pool-2-thread-1] DEBUG fr.inria.lille.repair.nopol.NoPol - looking with class fr.inria.lille.repair.nopol.spoon.smt.ConditionalAdder
java.lang.AssertionError
    at org.junit.Assert.fail(Assert.java:86)
    at org.junit.Assert.assertTrue(Assert.java:41)
    at org.junit.Assert.assertNotNull(Assert.java:621)
    at org.junit.Assert.assertNotNull(Assert.java:631)
    at org.apache.commons.math3.optim.linear.SimplexSolverTest.testSolutionCallback(SimplexSolverTest.java:789)
    at sun.reflect.NativeMethodAccessorImpl.invoke0(Native Method)
09:10:07.253 [pool-122-thread-1] INFO  xxl.java.junit.TestCasesListener - Tests run finished (526 ms)
<> Total tests run: 29
<> Ignored tests: 0
<> Failed tests: 1
~ testSolutionCallback(org.apache.commons.math3.optim.linear.SimplexSolverTest)
[null]
java.lang.AssertionError    at org.junit.Assert.fail(Assert.java:86)
    at org.junit.Assert.assertTrue(Assert.java:41)
    at org.junit.Assert.assertNotNull(Assert.java:621)
    at org.junit.Assert.assertNotNull(Assert.java:631)
    at org.apache.commons.math3.optim.linear.SimplexSolverTest.testSolutionCallback(SimplexSolverTest.java:789)
    at sun.reflect.NativeMethodAccessorImpl.invoke0(Native Method)

java.lang.AssertionError
    at org.junit.Assert.fail(Assert.java:86)
    at org.junit.Assert.assertTrue(Assert.java:41)
    at org.junit.Assert.assertNotNull(Assert.java:621)
    at org.junit.Assert.assertNotNull(Assert.java:631)
    at org.apache.commons.math3.optim.linear.SimplexSolverTest.testSolutionCallback(SimplexSolverTest.java:789)
    at sun.reflect.NativeMethodAccessorImpl.invoke0(Native Method)
09:10:08.483 [pool-123-thread-1] INFO  f.i.l.c.t.SpecificationTestCasesListener - Tests run finished (1046 ms)
<> Total tests run: 1
<> Ignored tests: 0
<> Failed tests: 1
~ testSolutionCallback(org.apache.commons.math3.optim.linear.SimplexSolverTest)
[null]
java.lang.AssertionError    at org.junit.Assert.fail(Assert.java:86)
    at org.junit.Assert.assertTrue(Assert.java:41)
    at org.junit.Assert.assertNotNull(Assert.java:621)
    at org.junit.Assert.assertNotNull(Assert.java:631)
    at org.apache.commons.math3.optim.linear.SimplexSolverTest.testSolutionCallback(SimplexSolverTest.java:789)
    at sun.reflect.NativeMethodAccessorImpl.invoke0(Native Method)

java.lang.AssertionError
    at org.junit.Assert.fail(Assert.java:86)
    at org.junit.Assert.assertTrue(Assert.java:41)
    at org.junit.Assert.assertNotNull(Assert.java:621)
    at org.junit.Assert.assertNotNull(Assert.java:631)
    at org.apache.commons.math3.optim.linear.SimplexSolverTest.testSolutionCallback(SimplexSolverTest.java:789)
    at sun.reflect.NativeMethodAccessorImpl.invoke0(Native Method)
09:10:08.692 [pool-124-thread-1] INFO  f.i.l.c.t.SpecificationTestCasesListener - Tests run finished (208 ms)
<> Total tests run: 1
<> Ignored tests: 0
<> Failed tests: 1
~ testSolutionCallback(org.apache.commons.math3.optim.linear.SimplexSolverTest)
[null]
java.lang.AssertionError    at org.junit.Assert.fail(Assert.java:86)
    at org.junit.Assert.assertTrue(Assert.java:41)
    at org.junit.Assert.assertNotNull(Assert.java:621)
    at org.junit.Assert.assertNotNull(Assert.java:631)
    at org.apache.commons.math3.optim.linear.SimplexSolverTest.testSolutionCallback(SimplexSolverTest.java:789)
    at sun.reflect.NativeMethodAccessorImpl.invoke0(Native Method)

09:10:08.693 [pool-121-thread-1] DEBUG tests.output - Failing tests with false: 
[testSolutionCallback(org.apache.commons.math3.optim.linear.SimplexSolverTest): null]
09:10:08.693 [pool-121-thread-1] DEBUG tests.output - Failing tests with true: 
[testSolutionCallback(org.apache.commons.math3.optim.linear.SimplexSolverTest): null]
09:10:08.693 [pool-121-thread-1] INFO  f.i.l.r.n.synth.SMTNopolSynthesizer - Not enough specifications: 0. A trivial patch is "true" or "false", please write new tests specifying SourceLocation org.apache.commons.math3.optim.linear.SimplexSolver:274.
09:10:08.693 [pool-2-thread-1] DEBUG fr.inria.lille.repair.nopol.NoPol - statement #40
09:10:08.693 [pool-2-thread-1] DEBUG fr.inria.lille.repair.nopol.NoPol - Analysing SourceLocation org.apache.commons.math3.optim.linear.SimplexSolver:273 which is executed by 13 tests
-1435753318
09:10:08.823 [pool-2-thread-1] DEBUG fr.inria.lille.repair.nopol.NoPol - looking with class fr.inria.lille.repair.nopol.spoon.smt.ConditionalAdder
java.lang.AssertionError
    at org.junit.Assert.fail(Assert.java:86)
    at org.junit.Assert.assertTrue(Assert.java:41)
    at org.junit.Assert.assertNotNull(Assert.java:621)
    at org.junit.Assert.assertNotNull(Assert.java:631)
    at org.apache.commons.math3.optim.linear.SimplexSolverTest.testSolutionCallback(SimplexSolverTest.java:789)
    at sun.reflect.NativeMethodAccessorImpl.invoke0(Native Method)
09:10:09.363 [pool-126-thread-1] INFO  xxl.java.junit.TestCasesListener - Tests run finished (531 ms)
<> Total tests run: 29
<> Ignored tests: 0
<> Failed tests: 1
~ testSolutionCallback(org.apache.commons.math3.optim.linear.SimplexSolverTest)
[null]
java.lang.AssertionError    at org.junit.Assert.fail(Assert.java:86)
    at org.junit.Assert.assertTrue(Assert.java:41)
    at org.junit.Assert.assertNotNull(Assert.java:621)
    at org.junit.Assert.assertNotNull(Assert.java:631)
    at org.apache.commons.math3.optim.linear.SimplexSolverTest.testSolutionCallback(SimplexSolverTest.java:789)
    at sun.reflect.NativeMethodAccessorImpl.invoke0(Native Method)

java.lang.AssertionError
    at org.junit.Assert.fail(Assert.java:86)
    at org.junit.Assert.assertTrue(Assert.java:41)
    at org.junit.Assert.assertNotNull(Assert.java:621)
    at org.junit.Assert.assertNotNull(Assert.java:631)
    at org.apache.commons.math3.optim.linear.SimplexSolverTest.testSolutionCallback(SimplexSolverTest.java:789)
    at sun.reflect.NativeMethodAccessorImpl.invoke0(Native Method)
09:10:10.413 [pool-127-thread-1] INFO  f.i.l.c.t.SpecificationTestCasesListener - Tests run finished (868 ms)
<> Total tests run: 1
<> Ignored tests: 0
<> Failed tests: 1
~ testSolutionCallback(org.apache.commons.math3.optim.linear.SimplexSolverTest)
[null]
java.lang.AssertionError    at org.junit.Assert.fail(Assert.java:86)
    at org.junit.Assert.assertTrue(Assert.java:41)
    at org.junit.Assert.assertNotNull(Assert.java:621)
    at org.junit.Assert.assertNotNull(Assert.java:631)
    at org.apache.commons.math3.optim.linear.SimplexSolverTest.testSolutionCallback(SimplexSolverTest.java:789)
    at sun.reflect.NativeMethodAccessorImpl.invoke0(Native Method)

java.lang.AssertionError
    at org.junit.Assert.fail(Assert.java:86)
    at org.junit.Assert.assertTrue(Assert.java:41)
    at org.junit.Assert.assertNotNull(Assert.java:621)
    at org.junit.Assert.assertNotNull(Assert.java:631)
    at org.apache.commons.math3.optim.linear.SimplexSolverTest.testSolutionCallback(SimplexSolverTest.java:789)
    at sun.reflect.NativeMethodAccessorImpl.invoke0(Native Method)
09:10:10.566 [pool-128-thread-1] INFO  f.i.l.c.t.SpecificationTestCasesListener - Tests run finished (152 ms)
<> Total tests run: 1
<> Ignored tests: 0
<> Failed tests: 1
~ testSolutionCallback(org.apache.commons.math3.optim.linear.SimplexSolverTest)
[null]
java.lang.AssertionError    at org.junit.Assert.fail(Assert.java:86)
    at org.junit.Assert.assertTrue(Assert.java:41)
    at org.junit.Assert.assertNotNull(Assert.java:621)
    at org.junit.Assert.assertNotNull(Assert.java:631)
    at org.apache.commons.math3.optim.linear.SimplexSolverTest.testSolutionCallback(SimplexSolverTest.java:789)
    at sun.reflect.NativeMethodAccessorImpl.invoke0(Native Method)

09:10:10.566 [pool-125-thread-1] DEBUG tests.output - Failing tests with false: 
[testSolutionCallback(org.apache.commons.math3.optim.linear.SimplexSolverTest): null]
09:10:10.566 [pool-125-thread-1] DEBUG tests.output - Failing tests with true: 
[testSolutionCallback(org.apache.commons.math3.optim.linear.SimplexSolverTest): null]
09:10:10.566 [pool-125-thread-1] INFO  f.i.l.r.n.synth.SMTNopolSynthesizer - Not enough specifications: 0. A trivial patch is "true" or "false", please write new tests specifying SourceLocation org.apache.commons.math3.optim.linear.SimplexSolver:273.
09:10:10.567 [pool-2-thread-1] DEBUG fr.inria.lille.repair.nopol.NoPol - looking with class fr.inria.lille.repair.nopol.spoon.smt.ConditionalReplacer
java.lang.AssertionError
    at org.junit.Assert.fail(Assert.java:86)
    at org.junit.Assert.assertTrue(Assert.java:41)
    at org.junit.Assert.assertNotNull(Assert.java:621)
    at org.junit.Assert.assertNotNull(Assert.java:631)
    at org.apache.commons.math3.optim.linear.SimplexSolverTest.testSolutionCallback(SimplexSolverTest.java:789)
    at sun.reflect.NativeMethodAccessorImpl.invoke0(Native Method)
09:10:11.090 [pool-130-thread-1] INFO  xxl.java.junit.TestCasesListener - Tests run finished (515 ms)
<> Total tests run: 29
<> Ignored tests: 0
<> Failed tests: 1
~ testSolutionCallback(org.apache.commons.math3.optim.linear.SimplexSolverTest)
[null]
java.lang.AssertionError    at org.junit.Assert.fail(Assert.java:86)
    at org.junit.Assert.assertTrue(Assert.java:41)
    at org.junit.Assert.assertNotNull(Assert.java:621)
    at org.junit.Assert.assertNotNull(Assert.java:631)
    at org.apache.commons.math3.optim.linear.SimplexSolverTest.testSolutionCallback(SimplexSolverTest.java:789)
    at sun.reflect.NativeMethodAccessorImpl.invoke0(Native Method)

java.lang.AssertionError
    at org.junit.Assert.fail(Assert.java:86)
    at org.junit.Assert.assertTrue(Assert.java:41)
    at org.junit.Assert.assertNotNull(Assert.java:621)
    at org.junit.Assert.assertNotNull(Assert.java:631)
    at org.apache.commons.math3.optim.linear.SimplexSolverTest.testSolutionCallback(SimplexSolverTest.java:789)
    at sun.reflect.NativeMethodAccessorImpl.invoke0(Native Method)
09:10:12.158 [pool-131-thread-1] INFO  f.i.l.c.t.SpecificationTestCasesListener - Tests run finished (877 ms)
<> Total tests run: 1
<> Ignored tests: 0
<> Failed tests: 1
~ testSolutionCallback(org.apache.commons.math3.optim.linear.SimplexSolverTest)
[null]
java.lang.AssertionError    at org.junit.Assert.fail(Assert.java:86)
    at org.junit.Assert.assertTrue(Assert.java:41)
    at org.junit.Assert.assertNotNull(Assert.java:621)
    at org.junit.Assert.assertNotNull(Assert.java:631)
    at org.apache.commons.math3.optim.linear.SimplexSolverTest.testSolutionCallback(SimplexSolverTest.java:789)
    at sun.reflect.NativeMethodAccessorImpl.invoke0(Native Method)

java.lang.AssertionError
    at org.junit.Assert.fail(Assert.java:86)
    at org.junit.Assert.assertTrue(Assert.java:41)
    at org.junit.Assert.assertNotNull(Assert.java:621)
    at org.junit.Assert.assertNotNull(Assert.java:631)
    at org.apache.commons.math3.optim.linear.SimplexSolverTest.testSolutionCallback(SimplexSolverTest.java:789)
    at sun.reflect.NativeMethodAccessorImpl.invoke0(Native Method)
09:10:12.379 [pool-132-thread-1] INFO  f.i.l.c.t.SpecificationTestCasesListener - Tests run finished (221 ms)
<> Total tests run: 1
<> Ignored tests: 0
<> Failed tests: 1
~ testSolutionCallback(org.apache.commons.math3.optim.linear.SimplexSolverTest)
[null]
java.lang.AssertionError    at org.junit.Assert.fail(Assert.java:86)
    at org.junit.Assert.assertTrue(Assert.java:41)
    at org.junit.Assert.assertNotNull(Assert.java:621)
    at org.junit.Assert.assertNotNull(Assert.java:631)
    at org.apache.commons.math3.optim.linear.SimplexSolverTest.testSolutionCallback(SimplexSolverTest.java:789)
    at sun.reflect.NativeMethodAccessorImpl.invoke0(Native Method)

09:10:12.379 [pool-129-thread-1] DEBUG tests.output - Failing tests with false: 
[testSolutionCallback(org.apache.commons.math3.optim.linear.SimplexSolverTest): null]
09:10:12.379 [pool-129-thread-1] DEBUG tests.output - Failing tests with true: 
[testSolutionCallback(org.apache.commons.math3.optim.linear.SimplexSolverTest): null]
09:10:12.379 [pool-129-thread-1] INFO  f.i.l.r.n.synth.SMTNopolSynthesizer - Not enough specifications: 0. A trivial patch is "true" or "false", please write new tests specifying SourceLocation org.apache.commons.math3.optim.linear.SimplexSolver:273.
09:10:12.380 [pool-2-thread-1] DEBUG fr.inria.lille.repair.nopol.NoPol - statement #41
09:10:12.380 [pool-2-thread-1] DEBUG fr.inria.lille.repair.nopol.NoPol - Analysing SourceLocation org.apache.commons.math3.optim.linear.SimplexSolver:258 which is executed by 13 tests
-1435753318
09:10:12.508 [pool-2-thread-1] DEBUG fr.inria.lille.repair.nopol.NoPol - looking with class fr.inria.lille.repair.nopol.spoon.smt.ConditionalAdder
java.lang.AssertionError
    at org.junit.Assert.fail(Assert.java:86)
    at org.junit.Assert.assertTrue(Assert.java:41)
    at org.junit.Assert.assertNotNull(Assert.java:621)
    at org.junit.Assert.assertNotNull(Assert.java:631)
    at org.apache.commons.math3.optim.linear.SimplexSolverTest.testSolutionCallback(SimplexSolverTest.java:789)
    at sun.reflect.NativeMethodAccessorImpl.invoke0(Native Method)
09:10:12.984 [pool-134-thread-1] INFO  xxl.java.junit.TestCasesListener - Tests run finished (467 ms)
<> Total tests run: 29
<> Ignored tests: 0
<> Failed tests: 1
~ testSolutionCallback(org.apache.commons.math3.optim.linear.SimplexSolverTest)
[null]
java.lang.AssertionError    at org.junit.Assert.fail(Assert.java:86)
    at org.junit.Assert.assertTrue(Assert.java:41)
    at org.junit.Assert.assertNotNull(Assert.java:621)
    at org.junit.Assert.assertNotNull(Assert.java:631)
    at org.apache.commons.math3.optim.linear.SimplexSolverTest.testSolutionCallback(SimplexSolverTest.java:789)
    at sun.reflect.NativeMethodAccessorImpl.invoke0(Native Method)

java.lang.AssertionError
    at org.junit.Assert.fail(Assert.java:86)
    at org.junit.Assert.assertTrue(Assert.java:41)
    at org.junit.Assert.assertNotNull(Assert.java:621)
    at org.junit.Assert.assertNotNull(Assert.java:631)
    at org.apache.commons.math3.optim.linear.SimplexSolverTest.testSolutionCallback(SimplexSolverTest.java:789)
    at sun.reflect.NativeMethodAccessorImpl.invoke0(Native Method)
09:10:13.302 [pool-135-thread-1] INFO  f.i.l.c.t.SpecificationTestCasesListener - Tests run finished (130 ms)
<> Total tests run: 1
<> Ignored tests: 0
<> Failed tests: 1
~ testSolutionCallback(org.apache.commons.math3.optim.linear.SimplexSolverTest)
[null]
java.lang.AssertionError    at org.junit.Assert.fail(Assert.java:86)
    at org.junit.Assert.assertTrue(Assert.java:41)
    at org.junit.Assert.assertNotNull(Assert.java:621)
    at org.junit.Assert.assertNotNull(Assert.java:631)
    at org.apache.commons.math3.optim.linear.SimplexSolverTest.testSolutionCallback(SimplexSolverTest.java:789)
    at sun.reflect.NativeMethodAccessorImpl.invoke0(Native Method)

java.lang.AssertionError
    at org.junit.Assert.fail(Assert.java:86)
    at org.junit.Assert.assertTrue(Assert.java:41)
    at org.junit.Assert.assertNotNull(Assert.java:621)
    at org.junit.Assert.assertNotNull(Assert.java:631)
    at org.apache.commons.math3.optim.linear.SimplexSolverTest.testSolutionCallback(SimplexSolverTest.java:789)
    at sun.reflect.NativeMethodAccessorImpl.invoke0(Native Method)
09:10:13.490 [pool-136-thread-1] INFO  f.i.l.c.t.SpecificationTestCasesListener - Tests run finished (187 ms)
<> Total tests run: 1
<> Ignored tests: 0
<> Failed tests: 1
~ testSolutionCallback(org.apache.commons.math3.optim.linear.SimplexSolverTest)
[null]
java.lang.AssertionError    at org.junit.Assert.fail(Assert.java:86)
    at org.junit.Assert.assertTrue(Assert.java:41)
    at org.junit.Assert.assertNotNull(Assert.java:621)
    at org.junit.Assert.assertNotNull(Assert.java:631)
    at org.apache.commons.math3.optim.linear.SimplexSolverTest.testSolutionCallback(SimplexSolverTest.java:789)
    at sun.reflect.NativeMethodAccessorImpl.invoke0(Native Method)

09:10:13.490 [pool-133-thread-1] DEBUG tests.output - Failing tests with false: 
[testSolutionCallback(org.apache.commons.math3.optim.linear.SimplexSolverTest): null]
09:10:13.490 [pool-133-thread-1] DEBUG tests.output - Failing tests with true: 
[testSolutionCallback(org.apache.commons.math3.optim.linear.SimplexSolverTest): null]
09:10:13.490 [pool-133-thread-1] INFO  f.i.l.r.n.synth.SMTNopolSynthesizer - Not enough specifications: 0. A trivial patch is "true" or "false", please write new tests specifying SourceLocation org.apache.commons.math3.optim.linear.SimplexSolver:258.
09:10:13.490 [pool-2-thread-1] DEBUG fr.inria.lille.repair.nopol.NoPol - statement #42
09:10:13.490 [pool-2-thread-1] DEBUG fr.inria.lille.repair.nopol.NoPol - Analysing SourceLocation org.apache.commons.math3.optim.linear.SimplexTableau:251 which is executed by 17 tests
-1081517891
09:10:13.633 [pool-2-thread-1] DEBUG fr.inria.lille.repair.nopol.NoPol - looking with class fr.inria.lille.repair.nopol.spoon.smt.ConditionalAdder
java.lang.AssertionError
    at org.junit.Assert.fail(Assert.java:86)
    at org.junit.Assert.assertTrue(Assert.java:41)
    at org.junit.Assert.assertNotNull(Assert.java:621)
    at org.junit.Assert.assertNotNull(Assert.java:631)
    at org.apache.commons.math3.optim.linear.SimplexSolverTest.testSolutionCallback(SimplexSolverTest.java:789)
    at sun.reflect.NativeMethodAccessorImpl.invoke0(Native Method)
09:10:14.133 [pool-138-thread-1] INFO  xxl.java.junit.TestCasesListener - Tests run finished (491 ms)
<> Total tests run: 29
<> Ignored tests: 0
<> Failed tests: 1
~ testSolutionCallback(org.apache.commons.math3.optim.linear.SimplexSolverTest)
[null]
java.lang.AssertionError    at org.junit.Assert.fail(Assert.java:86)
    at org.junit.Assert.assertTrue(Assert.java:41)
    at org.junit.Assert.assertNotNull(Assert.java:621)
    at org.junit.Assert.assertNotNull(Assert.java:631)
    at org.apache.commons.math3.optim.linear.SimplexSolverTest.testSolutionCallback(SimplexSolverTest.java:789)
    at sun.reflect.NativeMethodAccessorImpl.invoke0(Native Method)

org.apache.commons.math3.optim.linear.NoFeasibleSolutionException: no feasible solution
    at org.apache.commons.math3.optim.linear.SimplexSolver.solvePhase1(SimplexSolver.java:365)
    at org.apache.commons.math3.optim.linear.SimplexSolver.doOptimize(SimplexSolver.java:391)
    at org.apache.commons.math3.optim.linear.SimplexSolver.doOptimize(SimplexSolver.java:64)
    at org.apache.commons.math3.optim.BaseOptimizer.optimize(BaseOptimizer.java:154)
    at org.apache.commons.math3.optim.BaseMultivariateOptimizer.optimize(BaseMultivariateOptimizer.java:66)
    at org.apache.commons.math3.optim.nonlinear.scalar.MultivariateOptimizer.optimize(MultivariateOptimizer.java:64)
09:10:14.515 [pool-139-thread-1] INFO  f.i.l.c.t.SpecificationTestCasesListener - Tests run finished (72 ms)
<> Total tests run: 1
<> Ignored tests: 0
<> Failed tests: 1
~ testSolutionCallback(org.apache.commons.math3.optim.linear.SimplexSolverTest)
[no feasible solution]
org.apache.commons.math3.optim.linear.NoFeasibleSolutionException: no feasible solution    at org.apache.commons.math3.optim.linear.SimplexSolver.solvePhase1(SimplexSolver.java:365)
    at org.apache.commons.math3.optim.linear.SimplexSolver.doOptimize(SimplexSolver.java:391)
    at org.apache.commons.math3.optim.linear.SimplexSolver.doOptimize(SimplexSolver.java:64)
    at org.apache.commons.math3.optim.BaseOptimizer.optimize(BaseOptimizer.java:154)
    at org.apache.commons.math3.optim.BaseMultivariateOptimizer.optimize(BaseMultivariateOptimizer.java:66)
    at org.apache.commons.math3.optim.nonlinear.scalar.MultivariateOptimizer.optimize(MultivariateOptimizer.java:64)

java.lang.AssertionError
    at org.junit.Assert.fail(Assert.java:86)
    at org.junit.Assert.assertTrue(Assert.java:41)
    at org.junit.Assert.assertNotNull(Assert.java:621)
    at org.junit.Assert.assertNotNull(Assert.java:631)
    at org.apache.commons.math3.optim.linear.SimplexSolverTest.testSolutionCallback(SimplexSolverTest.java:789)
    at sun.reflect.NativeMethodAccessorImpl.invoke0(Native Method)
09:10:14.771 [pool-140-thread-1] INFO  f.i.l.c.t.SpecificationTestCasesListener - Tests run finished (255 ms)
<> Total tests run: 1
<> Ignored tests: 0
<> Failed tests: 1
~ testSolutionCallback(org.apache.commons.math3.optim.linear.SimplexSolverTest)
[null]
java.lang.AssertionError    at org.junit.Assert.fail(Assert.java:86)
    at org.junit.Assert.assertTrue(Assert.java:41)
    at org.junit.Assert.assertNotNull(Assert.java:621)
    at org.junit.Assert.assertNotNull(Assert.java:631)
    at org.apache.commons.math3.optim.linear.SimplexSolverTest.testSolutionCallback(SimplexSolverTest.java:789)
    at sun.reflect.NativeMethodAccessorImpl.invoke0(Native Method)

09:10:14.772 [pool-137-thread-1] DEBUG tests.output - Failing tests with false: 
[testSolutionCallback(org.apache.commons.math3.optim.linear.SimplexSolverTest): no feasible solution]
09:10:14.772 [pool-137-thread-1] DEBUG tests.output - Failing tests with true: 
[testSolutionCallback(org.apache.commons.math3.optim.linear.SimplexSolverTest): null]
09:10:14.772 [pool-137-thread-1] INFO  f.i.l.r.n.synth.SMTNopolSynthesizer - Not enough specifications: 0. A trivial patch is "true" or "false", please write new tests specifying SourceLocation org.apache.commons.math3.optim.linear.SimplexTableau:251.
09:10:14.772 [pool-2-thread-1] DEBUG fr.inria.lille.repair.nopol.NoPol - statement #43
09:10:14.772 [pool-2-thread-1] DEBUG fr.inria.lille.repair.nopol.NoPol - Analysing SourceLocation org.apache.commons.math3.optim.linear.SimplexTableau:249 which is executed by 21 tests
-1081517891
09:10:14.911 [pool-2-thread-1] DEBUG fr.inria.lille.repair.nopol.NoPol - looking with class fr.inria.lille.repair.nopol.spoon.smt.ConditionalAdder
java.lang.AssertionError
    at org.junit.Assert.fail(Assert.java:86)
    at org.junit.Assert.assertTrue(Assert.java:41)
    at org.junit.Assert.assertNotNull(Assert.java:621)
    at org.junit.Assert.assertNotNull(Assert.java:631)
    at org.apache.commons.math3.optim.linear.SimplexSolverTest.testSolutionCallback(SimplexSolverTest.java:789)
    at sun.reflect.NativeMethodAccessorImpl.invoke0(Native Method)
09:10:15.471 [pool-142-thread-1] INFO  xxl.java.junit.TestCasesListener - Tests run finished (551 ms)
<> Total tests run: 29
<> Ignored tests: 0
<> Failed tests: 1
~ testSolutionCallback(org.apache.commons.math3.optim.linear.SimplexSolverTest)
[null]
java.lang.AssertionError    at org.junit.Assert.fail(Assert.java:86)
    at org.junit.Assert.assertTrue(Assert.java:41)
    at org.junit.Assert.assertNotNull(Assert.java:621)
    at org.junit.Assert.assertNotNull(Assert.java:631)
    at org.apache.commons.math3.optim.linear.SimplexSolverTest.testSolutionCallback(SimplexSolverTest.java:789)
    at sun.reflect.NativeMethodAccessorImpl.invoke0(Native Method)

org.apache.commons.math3.optim.linear.UnboundedSolutionException: unbounded solution
    at org.apache.commons.math3.optim.linear.SimplexSolver.doIteration(SimplexSolver.java:325)
    at org.apache.commons.math3.optim.linear.SimplexSolver.solvePhase1(SimplexSolver.java:360)
    at org.apache.commons.math3.optim.linear.SimplexSolver.doOptimize(SimplexSolver.java:391)
    at org.apache.commons.math3.optim.linear.SimplexSolver.doOptimize(SimplexSolver.java:64)
    at org.apache.commons.math3.optim.BaseOptimizer.optimize(BaseOptimizer.java:154)
    at org.apache.commons.math3.optim.BaseMultivariateOptimizer.optimize(BaseMultivariateOptimizer.java:66)
09:10:15.911 [pool-143-thread-1] INFO  f.i.l.c.t.SpecificationTestCasesListener - Tests run finished (213 ms)
<> Total tests run: 1
<> Ignored tests: 0
<> Failed tests: 1
~ testSolutionCallback(org.apache.commons.math3.optim.linear.SimplexSolverTest)
[unbounded solution]
org.apache.commons.math3.optim.linear.UnboundedSolutionException: unbounded solution    at org.apache.commons.math3.optim.linear.SimplexSolver.doIteration(SimplexSolver.java:325)
    at org.apache.commons.math3.optim.linear.SimplexSolver.solvePhase1(SimplexSolver.java:360)
    at org.apache.commons.math3.optim.linear.SimplexSolver.doOptimize(SimplexSolver.java:391)
    at org.apache.commons.math3.optim.linear.SimplexSolver.doOptimize(SimplexSolver.java:64)
    at org.apache.commons.math3.optim.BaseOptimizer.optimize(BaseOptimizer.java:154)
    at org.apache.commons.math3.optim.BaseMultivariateOptimizer.optimize(BaseMultivariateOptimizer.java:66)

java.lang.AssertionError
    at org.junit.Assert.fail(Assert.java:86)
    at org.junit.Assert.assertTrue(Assert.java:41)
    at org.junit.Assert.assertNotNull(Assert.java:621)
    at org.junit.Assert.assertNotNull(Assert.java:631)
    at org.apache.commons.math3.optim.linear.SimplexSolverTest.testSolutionCallback(SimplexSolverTest.java:789)
    at sun.reflect.NativeMethodAccessorImpl.invoke0(Native Method)
09:10:16.141 [pool-144-thread-1] INFO  f.i.l.c.t.SpecificationTestCasesListener - Tests run finished (229 ms)
<> Total tests run: 1
<> Ignored tests: 0
<> Failed tests: 1
~ testSolutionCallback(org.apache.commons.math3.optim.linear.SimplexSolverTest)
[null]
java.lang.AssertionError    at org.junit.Assert.fail(Assert.java:86)
    at org.junit.Assert.assertTrue(Assert.java:41)
    at org.junit.Assert.assertNotNull(Assert.java:621)
    at org.junit.Assert.assertNotNull(Assert.java:631)
    at org.apache.commons.math3.optim.linear.SimplexSolverTest.testSolutionCallback(SimplexSolverTest.java:789)
    at sun.reflect.NativeMethodAccessorImpl.invoke0(Native Method)

09:10:16.141 [pool-141-thread-1] DEBUG tests.output - Failing tests with false: 
[testSolutionCallback(org.apache.commons.math3.optim.linear.SimplexSolverTest): unbounded solution]
09:10:16.142 [pool-141-thread-1] DEBUG tests.output - Failing tests with true: 
[testSolutionCallback(org.apache.commons.math3.optim.linear.SimplexSolverTest): null]
09:10:16.142 [pool-141-thread-1] INFO  f.i.l.r.n.synth.SMTNopolSynthesizer - Not enough specifications: 0. A trivial patch is "true" or "false", please write new tests specifying SourceLocation org.apache.commons.math3.optim.linear.SimplexTableau:249.
09:10:16.142 [pool-2-thread-1] DEBUG fr.inria.lille.repair.nopol.NoPol - statement #44
09:10:16.142 [pool-2-thread-1] DEBUG fr.inria.lille.repair.nopol.NoPol - Analysing SourceLocation org.apache.commons.math3.optim.linear.SimplexSolver:360 which is executed by 23 tests
-1435753318
09:10:16.271 [pool-2-thread-1] DEBUG fr.inria.lille.repair.nopol.NoPol - looking with class fr.inria.lille.repair.nopol.spoon.smt.ConditionalAdder
java.lang.AssertionError: expected TooManyIterationsException
    at org.junit.Assert.fail(Assert.java:88)
    at org.apache.commons.math3.optim.linear.SimplexSolverTest.testSolutionCallback(SimplexSolverTest.java:783)
    at sun.reflect.NativeMethodAccessorImpl.invoke0(Native Method)
    at sun.reflect.NativeMethodAccessorImpl.invoke(NativeMethodAccessorImpl.java:62)
    at sun.reflect.DelegatingMethodAccessorImpl.invoke(DelegatingMethodAccessorImpl.java:43)
    at java.lang.reflect.Method.invoke(Method.java:498)
09:10:16.675 [pool-146-thread-1] INFO  xxl.java.junit.TestCasesListener - Tests run finished (396 ms)
<> Total tests run: 29
<> Ignored tests: 0
<> Failed tests: 1
~ testSolutionCallback(org.apache.commons.math3.optim.linear.SimplexSolverTest)
[expected TooManyIterationsException]
java.lang.AssertionError: expected TooManyIterationsException    at org.junit.Assert.fail(Assert.java:88)
    at org.apache.commons.math3.optim.linear.SimplexSolverTest.testSolutionCallback(SimplexSolverTest.java:783)
    at sun.reflect.NativeMethodAccessorImpl.invoke0(Native Method)
    at sun.reflect.NativeMethodAccessorImpl.invoke(NativeMethodAccessorImpl.java:62)
    at sun.reflect.DelegatingMethodAccessorImpl.invoke(DelegatingMethodAccessorImpl.java:43)
    at java.lang.reflect.Method.invoke(Method.java:498)

java.lang.OutOfMemoryError: GC overhead limit exceeded
java.lang.OutOfMemoryError: GC overhead limit exceeded
    at java.lang.Throwable.getStackTraceElement(Native Method)
    at java.lang.Throwable.getOurStackTrace(Throwable.java:827)
    at java.lang.Throwable.getStackTrace(Throwable.java:816)
java.util.concurrent.ExecutionException: java.lang.OutOfMemoryError: GC overhead limit exceeded
	at java.util.concurrent.FutureTask.report(FutureTask.java:122)
	at java.util.concurrent.FutureTask.get(FutureTask.java:206)
	at fr.inria.lille.repair.Main.main(Main.java:106)
Caused by: java.lang.OutOfMemoryError: GC overhead limit exceeded
	at java.lang.StringBuffer.toString(StringBuffer.java:671)
	at java.text.DateFormat.format(DateFormat.java:346)
	at ch.qos.logback.core.util.CachingDateFormatter.format(CachingDateFormatter.java:49)
	at ch.qos.logback.classic.pattern.DateConverter.convert(DateConverter.java:63)
	at ch.qos.logback.classic.pattern.DateConverter.convert(DateConverter.java:23)
	at ch.qos.logback.core.pattern.FormattingConverter.write(FormattingConverter.java:37)
	at ch.qos.logback.core.pattern.PatternLayoutBase.writeLoopOnConverters(PatternLayoutBase.java:119)
	at ch.qos.logback.classic.PatternLayout.doLayout(PatternLayout.java:168)
	at ch.qos.logback.classic.PatternLayout.doLayout(PatternLayout.java:59)
	at ch.qos.logback.core.encoder.LayoutWrappingEncoder.doEncode(LayoutWrappingEncoder.java:134)
	at ch.qos.logback.core.OutputStreamAppender.writeOut(OutputStreamAppender.java:188)
	at ch.qos.logback.core.OutputStreamAppender.subAppend(OutputStreamAppender.java:212)
	at ch.qos.logback.core.OutputStreamAppender.append(OutputStreamAppender.java:103)
	at ch.qos.logback.core.UnsynchronizedAppenderBase.doAppend(UnsynchronizedAppenderBase.java:88)
	at ch.qos.logback.core.spi.AppenderAttachableImpl.appendLoopOnAppenders(AppenderAttachableImpl.java:48)
	at ch.qos.logback.classic.Logger.appendLoopOnAppenders(Logger.java:272)
	at ch.qos.logback.classic.Logger.callAppenders(Logger.java:259)
	at ch.qos.logback.classic.Logger.buildLoggingEventAndAppend(Logger.java:441)
	at ch.qos.logback.classic.Logger.filterAndLog_0_Or3Plus(Logger.java:395)
	at ch.qos.logback.classic.Logger.error(Logger.java:542)
	at fr.inria.lille.repair.nopol.NoPol.executeNopolProcessor(NoPol.java:267)
	at fr.inria.lille.repair.nopol.NoPol.runOnStatement(NoPol.java:242)
	at fr.inria.lille.repair.nopol.NoPol.solveWithMultipleBuild(NoPol.java:213)
	at fr.inria.lille.repair.nopol.NoPol.build(NoPol.java:154)
	at fr.inria.lille.repair.Main$1.call(Main.java:101)
	at java.util.concurrent.FutureTask.run(FutureTask.java:266)
	at java.util.concurrent.ThreadPoolExecutor.runWorker(ThreadPoolExecutor.java:1149)
	at java.util.concurrent.ThreadPoolExecutor$Worker.run(ThreadPoolExecutor.java:624)
	at java.lang.Thread.run(Thread.java:748)

Usage: java -jar nopol.jar
                          [(-m|--mode) <repair|ranking>] (-e|--type) <condition|precondition|pre_then_cond|loop|arithmetic> [(-o|--oracle) <angelic|symbolic>] [(-y|--synthesis) <smt|dynamoth>] [(-l|--solver) <z3|cvc4>] [(-p|--solver-path) <solverPath>] (-s|--source) source1:source2:...:sourceN  (-c|--classpath) <classpath> [(-t|--test) test1:test2:...:testN ] [--complianceLevel <complianceLevel>] [--maxTime <maxTime>] [--maxTimeType <maxTimeType>] [(-z|--flocal) < cocospoon|dumb|gzoltar>] [--output <outputFolder>] [--json[:<outputJson>]]

  [(-m|--mode) <repair|ranking>]
        Define the mode of execution. (default: repair)

  (-e|--type) <condition|precondition|pre_then_cond|loop|arithmetic>
        The repair type (example fixing only conditions, or adding
        precondition). REQUIRED OPTION (default: condition)

  [(-o|--oracle) <angelic|symbolic>]
        Define the oracle (only used with repair mode). (default: angelic)

  [(-y|--synthesis) <smt|dynamoth>]
        Define the patch synthesis. (default: smt)

  [(-l|--solver) <z3|cvc4>]
        Define the solver (only used with smt synthesis). (default: z3)

  [(-p|--solver-path) <solverPath>]
        Define the solver binary path (only used with smt synthesis).

  (-s|--source) source1:source2:...:sourceN 
        Define the path to the source code of the project.

  (-c|--classpath) <classpath>
        Define the classpath of the project.

  [(-t|--test) test1:test2:...:testN ]
        Define the tests of the project (both failing and passing),
        fully-qualified, separated with ':' (even if the classpath contains
        other tests, only those are considered.

  [--complianceLevel <complianceLevel>]
        The compliance level of the project. (default: 7)

  [--maxTime <maxTime>]
        The maximum time execution in minute for the whole execution of
        Nopol.(default: 10)

  [--maxTimeType <maxTimeType>]
        The maximum time execution in minute for one type of patch. (default: 5)

  [(-z|--flocal) < cocospoon|dumb|gzoltar>]
        Define the fault localizer to be used. (default: gzoltar)

  [--output <outputFolder>]
        Define the location where the patches will be saved. (default: .)

  [--json[:<outputJson>]]
        Output a json file in the current working directory.

Command exited with non-zero status 255
1393.89user 9.35system 10:42.21elapsed 218%CPU (0avgtext+0avgdata 4543896maxresident)k
38272inputs+6976outputs (3major+1524292minor)pagefaults 0swaps


Node: graphene-21.nancy.grid5000.fr



Date: Sat Dec 29 09:13:43 EST 2018

