cd /tmp/DynaMoth_Bug_dot_jar_Commons-Math_3a15d8ce;
export JAVA_TOOL_OPTIONS="-Dfile.encoding=UTF8 -Duser.language=en-US -Duser.country=US -Duser.language=en";
TZ="America/New_York"; export TZ;
export PATH="/usr/lib/jvm/java-1.8.0-openjdk-amd64/bin/:$PATH";
export JAVA_HOME="/usr/lib/jvm/java-1.8.0-openjdk-amd64/bin/";
time java -Xmx4048m -cp /home/tdurieux/defects4j4repair/script/../repair_tools/nopol.jar:/usr/lib/jvm/java-1.8.0-openjdk-amd64/bin//../lib/tools.jar fr.inria.lille.repair.Main \
	--mode repair \
	--type pre_then_cond \
	--oracle angelic \
	--synthesis dynamoth \
	--flocal gzoltar \
	--json \
	--solver z3 \
	--solver-path /home/tdurieux/defects4j4repair/script/../libs/z3/build/z3 \
	--complianceLevel 7 \
	--source src/main/java \
	--classpath "target/classes:target/test-classes:/home/tdurieux/.m2/repository/junit/junit/4.4/junit-4.4.jar:/home/tdurieux/defects4j4repair/script/../repair_tools/nopol.jar";
	echo "\n\nNode: `hostname`\n";
	echo "\n\nDate: `date`\n";
Picked up JAVA_TOOL_OPTIONS: -Dfile.encoding=UTF8 -Duser.language=en-US -Duser.country=US -Duser.language=en
15:51:24.710 [main] INFO  fr.inria.lille.repair.nopol.NoPol - Source files: [src/main/java]
15:51:24.721 [main] INFO  fr.inria.lille.repair.nopol.NoPol - Classpath: [file:/tmp/DynaMoth_Bug_dot_jar_Commons-Math_3a15d8ce/target/classes/, file:/tmp/DynaMoth_Bug_dot_jar_Commons-Math_3a15d8ce/target/test-classes/, file:/home/tdurieux/.m2/repository/junit/junit/4.4/junit-4.4.jar, file:/home/tdurieux/defects4j4repair/script/../repair_tools/nopol.jar]
15:51:24.721 [main] INFO  fr.inria.lille.repair.nopol.NoPol - Statement type: PRE_THEN_COND
15:51:24.722 [main] INFO  fr.inria.lille.repair.nopol.NoPol - Args: [org.apache.commons.math.ArgumentOutsideDomainExceptionTest, org.apache.commons.math.ConvergenceExceptionTest, org.apache.commons.math.DuplicateSampleAbscissaExceptionTest, org.apache.commons.math.FunctionEvaluationExceptionTest, org.apache.commons.math.MathConfigurationExceptionTest, org.apache.commons.math.MathExceptionTest, org.apache.commons.math.MaxIterationsExceededExceptionTest, org.apache.commons.math.analysis.BinaryFunctionTest, org.apache.commons.math.analysis.ComposableFunctionTest, org.apache.commons.math.analysis.integration.LegendreGaussIntegratorTest, org.apache.commons.math.analysis.integration.RombergIntegratorTest, org.apache.commons.math.analysis.integration.SimpsonIntegratorTest, org.apache.commons.math.analysis.integration.TrapezoidIntegratorTest, org.apache.commons.math.analysis.interpolation.BicubicSplineInterpolatingFunctionTest, org.apache.commons.math.analysis.interpolation.BicubicSplineInterpolatorTest, org.apache.commons.math.analysis.interpolation.DividedDifferenceInterpolatorTest, org.apache.commons.math.analysis.interpolation.LoessInterpolatorTest, org.apache.commons.math.analysis.interpolation.MicrosphereInterpolatorTest, org.apache.commons.math.analysis.interpolation.NevilleInterpolatorTest, org.apache.commons.math.analysis.interpolation.SmoothingBicubicSplineInterpolatorTest, org.apache.commons.math.analysis.interpolation.SmoothingPolynomialBicubicSplineInterpolatorTest, org.apache.commons.math.analysis.interpolation.SplineInterpolatorTest, org.apache.commons.math.analysis.interpolation.TricubicSplineInterpolatingFunctionTest, org.apache.commons.math.analysis.interpolation.TricubicSplineInterpolatorTest, org.apache.commons.math.analysis.polynomials.PolynomialFunctionLagrangeFormTest, org.apache.commons.math.analysis.polynomials.PolynomialFunctionNewtonFormTest, org.apache.commons.math.analysis.polynomials.PolynomialFunctionTest, org.apache.commons.math.analysis.polynomials.PolynomialSplineFunctionTest, org.apache.commons.math.analysis.polynomials.PolynomialsUtilsTest, org.apache.commons.math.analysis.solvers.BisectionSolverTest, org.apache.commons.math.analysis.solvers.BrentSolverTest, org.apache.commons.math.analysis.solvers.LaguerreSolverTest, org.apache.commons.math.analysis.solvers.MullerSolverTest, org.apache.commons.math.analysis.solvers.NewtonSolverTest, org.apache.commons.math.analysis.solvers.RiddersSolverTest, org.apache.commons.math.analysis.solvers.UnivariateRealSolverFactoryImplTest, org.apache.commons.math.analysis.solvers.UnivariateRealSolverUtilsTest, org.apache.commons.math.complex.ComplexFieldTest, org.apache.commons.math.complex.ComplexFormatTest, org.apache.commons.math.complex.ComplexTest, org.apache.commons.math.complex.ComplexUtilsTest, org.apache.commons.math.complex.FrenchComplexFormatTest, org.apache.commons.math.distribution.BetaDistributionTest, org.apache.commons.math.distribution.BinomialDistributionTest, org.apache.commons.math.distribution.CauchyDistributionTest, org.apache.commons.math.distribution.ChiSquareDistributionTest, org.apache.commons.math.distribution.ExponentialDistributionTest, org.apache.commons.math.distribution.FDistributionTest, org.apache.commons.math.distribution.GammaDistributionTest, org.apache.commons.math.distribution.HypergeometricDistributionTest, org.apache.commons.math.distribution.NormalDistributionTest, org.apache.commons.math.distribution.PascalDistributionTest, org.apache.commons.math.distribution.PoissonDistributionTest, org.apache.commons.math.distribution.TDistributionTest, org.apache.commons.math.distribution.WeibullDistributionTest, org.apache.commons.math.distribution.ZipfDistributionTest, org.apache.commons.math.estimation.EstimatedParameterTest, org.apache.commons.math.estimation.GaussNewtonEstimatorTest, org.apache.commons.math.estimation.LevenbergMarquardtEstimatorTest, org.apache.commons.math.estimation.MinpackTest, org.apache.commons.math.estimation.WeightedMeasurementTest, org.apache.commons.math.fraction.BigFractionFieldTest, org.apache.commons.math.fraction.BigFractionFormatTest, org.apache.commons.math.fraction.BigFractionTest, org.apache.commons.math.fraction.FractionFieldTest, org.apache.commons.math.fraction.FractionFormatTest, org.apache.commons.math.fraction.FractionTest, org.apache.commons.math.genetics.BinaryChromosomeTest, org.apache.commons.math.genetics.BinaryMutationTest, org.apache.commons.math.genetics.ChromosomeTest, org.apache.commons.math.genetics.ElitisticListPopulationTest, org.apache.commons.math.genetics.FitnessCachingTest, org.apache.commons.math.genetics.FixedGenerationCountTest, org.apache.commons.math.genetics.GeneticAlgorithmTestBinary, org.apache.commons.math.genetics.GeneticAlgorithmTestPermutations, org.apache.commons.math.genetics.ListPopulationTest, org.apache.commons.math.genetics.OnePointCrossoverTest, org.apache.commons.math.genetics.RandomKeyMutationTest, org.apache.commons.math.genetics.RandomKeyTest, org.apache.commons.math.genetics.TournamentSelectionTest, org.apache.commons.math.geometry.FrenchVector3DFormatTest, org.apache.commons.math.geometry.RotationOrderTest, org.apache.commons.math.geometry.RotationTest, org.apache.commons.math.geometry.Vector3DFormatTest, org.apache.commons.math.geometry.Vector3DTest, org.apache.commons.math.linear.AbstractRealVectorTest, org.apache.commons.math.linear.Array2DRowRealMatrixTest, org.apache.commons.math.linear.ArrayFieldVectorTest, org.apache.commons.math.linear.ArrayRealVectorTest, org.apache.commons.math.linear.BiDiagonalTransformerTest, org.apache.commons.math.linear.BigMatrixImplTest, org.apache.commons.math.linear.BlockFieldMatrixTest, org.apache.commons.math.linear.BlockRealMatrixTest, org.apache.commons.math.linear.CholeskyDecompositionImplTest, org.apache.commons.math.linear.CholeskySolverTest, org.apache.commons.math.linear.EigenDecompositionImplTest, org.apache.commons.math.linear.EigenSolverTest, org.apache.commons.math.linear.FieldLUDecompositionImplTest, org.apache.commons.math.linear.FieldMatrixImplTest, org.apache.commons.math.linear.FrenchRealVectorFormatTest, org.apache.commons.math.linear.InvalidMatrixExceptionTest, org.apache.commons.math.linear.LUDecompositionImplTest, org.apache.commons.math.linear.LUSolverTest, org.apache.commons.math.linear.MatrixIndexExceptionTest, org.apache.commons.math.linear.MatrixUtilsTest, org.apache.commons.math.linear.QRDecompositionImplTest, org.apache.commons.math.linear.QRSolverTest, org.apache.commons.math.linear.RealMatrixImplTest, org.apache.commons.math.linear.RealVectorFormatTest, org.apache.commons.math.linear.SingularValueDecompositionImplTest, org.apache.commons.math.linear.SingularValueSolverTest, org.apache.commons.math.linear.SparseFieldMatrixTest, org.apache.commons.math.linear.SparseFieldVectorTest, org.apache.commons.math.linear.SparseRealMatrixTest, org.apache.commons.math.linear.SparseRealVectorTest, org.apache.commons.math.linear.TriDiagonalTransformerTest, org.apache.commons.math.ode.ContinuousOutputModelTest, org.apache.commons.math.ode.FirstOrderConverterTest, org.apache.commons.math.ode.events.EventStateTest, org.apache.commons.math.ode.jacobians.FirstOrderIntegratorWithJacobiansTest, org.apache.commons.math.ode.nonstiff.AdamsBashforthIntegratorTest, org.apache.commons.math.ode.nonstiff.AdamsMoultonIntegratorTest, org.apache.commons.math.ode.nonstiff.ClassicalRungeKuttaIntegratorTest, org.apache.commons.math.ode.nonstiff.ClassicalRungeKuttaStepInterpolatorTest, org.apache.commons.math.ode.nonstiff.DormandPrince54IntegratorTest, org.apache.commons.math.ode.nonstiff.DormandPrince54StepInterpolatorTest, org.apache.commons.math.ode.nonstiff.DormandPrince853IntegratorTest, org.apache.commons.math.ode.nonstiff.DormandPrince853StepInterpolatorTest, org.apache.commons.math.ode.nonstiff.EulerIntegratorTest, org.apache.commons.math.ode.nonstiff.EulerStepInterpolatorTest, org.apache.commons.math.ode.nonstiff.GillIntegratorTest, org.apache.commons.math.ode.nonstiff.GillStepInterpolatorTest, org.apache.commons.math.ode.nonstiff.GraggBulirschStoerIntegratorTest, org.apache.commons.math.ode.nonstiff.GraggBulirschStoerStepInterpolatorTest, org.apache.commons.math.ode.nonstiff.HighamHall54IntegratorTest, org.apache.commons.math.ode.nonstiff.HighamHall54StepInterpolatorTest, org.apache.commons.math.ode.nonstiff.MidpointIntegratorTest, org.apache.commons.math.ode.nonstiff.MidpointStepInterpolatorTest, org.apache.commons.math.ode.nonstiff.ThreeEighthesIntegratorTest, org.apache.commons.math.ode.nonstiff.ThreeEighthesStepInterpolatorTest, org.apache.commons.math.ode.sampling.DummyStepInterpolatorTest, org.apache.commons.math.ode.sampling.NordsieckStepInterpolatorTest, org.apache.commons.math.ode.sampling.StepNormalizerTest, org.apache.commons.math.optimization.MultiStartDifferentiableMultivariateRealOptimizerTest, org.apache.commons.math.optimization.MultiStartDifferentiableMultivariateVectorialOptimizerTest, org.apache.commons.math.optimization.MultiStartMultivariateRealOptimizerTest, org.apache.commons.math.optimization.MultiStartUnivariateRealOptimizerTest, org.apache.commons.math.optimization.direct.MultiDirectionalTest, org.apache.commons.math.optimization.direct.NelderMeadTest, org.apache.commons.math.optimization.fitting.CurveFitterTest, org.apache.commons.math.optimization.fitting.HarmonicFitterTest, org.apache.commons.math.optimization.fitting.PolynomialFitterTest, org.apache.commons.math.optimization.general.GaussNewtonOptimizerTest, org.apache.commons.math.optimization.general.LevenbergMarquardtOptimizerTest, org.apache.commons.math.optimization.general.MinpackTest, org.apache.commons.math.optimization.general.NonLinearConjugateGradientOptimizerTest, org.apache.commons.math.optimization.linear.SimplexSolverTest, org.apache.commons.math.optimization.linear.SimplexTableauTest, org.apache.commons.math.optimization.univariate.BrentMinimizerTest, org.apache.commons.math.random.AbstractRandomGeneratorTest, org.apache.commons.math.random.CorrelatedRandomVectorGeneratorTest, org.apache.commons.math.random.EmpiricalDistributionTest, org.apache.commons.math.random.GaussianRandomGeneratorTest, org.apache.commons.math.random.MersenneTwisterTest, org.apache.commons.math.random.RandomAdaptorTest, org.apache.commons.math.random.RandomDataTest, org.apache.commons.math.random.UncorrelatedRandomVectorGeneratorTest, org.apache.commons.math.random.UniformRandomGeneratorTest, org.apache.commons.math.random.ValueServerTest, org.apache.commons.math.special.BetaTest, org.apache.commons.math.special.ErfTest, org.apache.commons.math.special.GammaTest, org.apache.commons.math.stat.CertifiedDataTest, org.apache.commons.math.stat.FrequencyTest, org.apache.commons.math.stat.StatUtilsTest, org.apache.commons.math.stat.clustering.EuclideanIntegerPointTest, org.apache.commons.math.stat.clustering.KMeansPlusPlusClustererTest, org.apache.commons.math.stat.correlation.CovarianceTest, org.apache.commons.math.stat.correlation.PearsonsCorrelationTest, org.apache.commons.math.stat.correlation.SpearmansRankCorrelationTest, org.apache.commons.math.stat.data.LewTest, org.apache.commons.math.stat.data.LotteryTest, org.apache.commons.math.stat.descriptive.AbstractUnivariateStatisticTest, org.apache.commons.math.stat.descriptive.AggregateSummaryStatisticsTest, org.apache.commons.math.stat.descriptive.DescriptiveStatisticsTest, org.apache.commons.math.stat.descriptive.InteractionTest, org.apache.commons.math.stat.descriptive.ListUnivariateImplTest, org.apache.commons.math.stat.descriptive.MixedListUnivariateImplTest, org.apache.commons.math.stat.descriptive.MultivariateSummaryStatisticsTest, org.apache.commons.math.stat.descriptive.StatisticalSummaryValuesTest, org.apache.commons.math.stat.descriptive.SummaryStatisticsTest, org.apache.commons.math.stat.descriptive.SynchronizedDescriptiveStatisticsTest, org.apache.commons.math.stat.descriptive.SynchronizedMultivariateSummaryStatisticsTest, org.apache.commons.math.stat.descriptive.SynchronizedSummaryStatisticsTest, org.apache.commons.math.stat.descriptive.moment.FirstMomentTest, org.apache.commons.math.stat.descriptive.moment.FourthMomentTest, org.apache.commons.math.stat.descriptive.moment.GeometricMeanTest, org.apache.commons.math.stat.descriptive.moment.KurtosisTest, org.apache.commons.math.stat.descriptive.moment.MeanTest, org.apache.commons.math.stat.descriptive.moment.SecondMomentTest, org.apache.commons.math.stat.descriptive.moment.SemiVarianceTest, org.apache.commons.math.stat.descriptive.moment.SkewnessTest, org.apache.commons.math.stat.descriptive.moment.StandardDeviationTest, org.apache.commons.math.stat.descriptive.moment.ThirdMomentTest, org.apache.commons.math.stat.descriptive.moment.VarianceTest, org.apache.commons.math.stat.descriptive.moment.VectorialCovarianceTest, org.apache.commons.math.stat.descriptive.moment.VectorialMeanTest, org.apache.commons.math.stat.descriptive.rank.MaxTest, org.apache.commons.math.stat.descriptive.rank.MedianTest, org.apache.commons.math.stat.descriptive.rank.MinTest, org.apache.commons.math.stat.descriptive.rank.PercentileTest, org.apache.commons.math.stat.descriptive.summary.ProductTest, org.apache.commons.math.stat.descriptive.summary.SumLogTest, org.apache.commons.math.stat.descriptive.summary.SumSqTest, org.apache.commons.math.stat.descriptive.summary.SumTest, org.apache.commons.math.stat.inference.ChiSquareFactoryTest, org.apache.commons.math.stat.inference.ChiSquareTestTest, org.apache.commons.math.stat.inference.OneWayAnovaTest, org.apache.commons.math.stat.inference.TTestFactoryTest, org.apache.commons.math.stat.inference.TTestTest, org.apache.commons.math.stat.inference.TestUtilsTest, org.apache.commons.math.stat.ranking.NaturalRankingTest, org.apache.commons.math.stat.regression.GLSMultipleLinearRegressionTest, org.apache.commons.math.stat.regression.OLSMultipleLinearRegressionTest, org.apache.commons.math.stat.regression.SimpleRegressionTest, org.apache.commons.math.transform.FastCosineTransformerTest, org.apache.commons.math.transform.FastFourierTransformerTest, org.apache.commons.math.transform.FastHadamardTransformerTest, org.apache.commons.math.transform.FastSineTransformerTest, org.apache.commons.math.util.BigRealFieldTest, org.apache.commons.math.util.BigRealTest, org.apache.commons.math.util.ContinuedFractionTest, org.apache.commons.math.util.DefaultTransformerTest, org.apache.commons.math.util.MathUtilsTest, org.apache.commons.math.util.OpenIntToDoubleHashMapTest, org.apache.commons.math.util.OpenIntToFieldTest, org.apache.commons.math.util.ResizableDoubleArrayTest, org.apache.commons.math.util.TransformerMapTest]
15:51:24.725 [main] INFO  fr.inria.lille.repair.nopol.NoPol - Config: Config{synthesisDepth=3, collectStaticMethods=true, collectStaticFields=false, collectLiterals=false, onlyOneSynthesisResult=true, sortExpressions=true, maxLineInvocationPerTest=250, timeoutMethodInvocation=2000, dataCollectionTimeoutInSecondForSynthesis=900, addWeight=0.19478, subWeight=0.04554, mulWeight=0.0102, divWeight=0.00613, andWeight=0.10597, orWeight=0.05708, eqWeight=0.22798, nEqWeight=0.0, lessEqWeight=0.0255, lessWeight=0.0947, methodCallWeight=0.1, fieldAccessWeight=0.08099, constantWeight=0.14232, variableWeight=0.05195, mode=REPAIR, type=PRE_THEN_COND, synthesis=DYNAMOTH, oracle=ANGELIC, solver=Z3, solverPath='/home/tdurieux/defects4j4repair/script/../libs/z3/build/z3', projectSources=[src/main/java], projectClasspath='[Ljava.net.URL;@2ff4f00f', projectTests=[org.apache.commons.math.ArgumentOutsideDomainExceptionTest, org.apache.commons.math.ConvergenceExceptionTest, org.apache.commons.math.DuplicateSampleAbscissaExceptionTest, org.apache.commons.math.FunctionEvaluationExceptionTest, org.apache.commons.math.MathConfigurationExceptionTest, org.apache.commons.math.MathExceptionTest, org.apache.commons.math.MaxIterationsExceededExceptionTest, org.apache.commons.math.analysis.BinaryFunctionTest, org.apache.commons.math.analysis.ComposableFunctionTest, org.apache.commons.math.analysis.integration.LegendreGaussIntegratorTest, org.apache.commons.math.analysis.integration.RombergIntegratorTest, org.apache.commons.math.analysis.integration.SimpsonIntegratorTest, org.apache.commons.math.analysis.integration.TrapezoidIntegratorTest, org.apache.commons.math.analysis.interpolation.BicubicSplineInterpolatingFunctionTest, org.apache.commons.math.analysis.interpolation.BicubicSplineInterpolatorTest, org.apache.commons.math.analysis.interpolation.DividedDifferenceInterpolatorTest, org.apache.commons.math.analysis.interpolation.LoessInterpolatorTest, org.apache.commons.math.analysis.interpolation.MicrosphereInterpolatorTest, org.apache.commons.math.analysis.interpolation.NevilleInterpolatorTest, org.apache.commons.math.analysis.interpolation.SmoothingBicubicSplineInterpolatorTest, org.apache.commons.math.analysis.interpolation.SmoothingPolynomialBicubicSplineInterpolatorTest, org.apache.commons.math.analysis.interpolation.SplineInterpolatorTest, org.apache.commons.math.analysis.interpolation.TricubicSplineInterpolatingFunctionTest, org.apache.commons.math.analysis.interpolation.TricubicSplineInterpolatorTest, org.apache.commons.math.analysis.polynomials.PolynomialFunctionLagrangeFormTest, org.apache.commons.math.analysis.polynomials.PolynomialFunctionNewtonFormTest, org.apache.commons.math.analysis.polynomials.PolynomialFunctionTest, org.apache.commons.math.analysis.polynomials.PolynomialSplineFunctionTest, org.apache.commons.math.analysis.polynomials.PolynomialsUtilsTest, org.apache.commons.math.analysis.solvers.BisectionSolverTest, org.apache.commons.math.analysis.solvers.BrentSolverTest, org.apache.commons.math.analysis.solvers.LaguerreSolverTest, org.apache.commons.math.analysis.solvers.MullerSolverTest, org.apache.commons.math.analysis.solvers.NewtonSolverTest, org.apache.commons.math.analysis.solvers.RiddersSolverTest, org.apache.commons.math.analysis.solvers.UnivariateRealSolverFactoryImplTest, org.apache.commons.math.analysis.solvers.UnivariateRealSolverUtilsTest, org.apache.commons.math.complex.ComplexFieldTest, org.apache.commons.math.complex.ComplexFormatTest, org.apache.commons.math.complex.ComplexTest, org.apache.commons.math.complex.ComplexUtilsTest, org.apache.commons.math.complex.FrenchComplexFormatTest, org.apache.commons.math.distribution.BetaDistributionTest, org.apache.commons.math.distribution.BinomialDistributionTest, org.apache.commons.math.distribution.CauchyDistributionTest, org.apache.commons.math.distribution.ChiSquareDistributionTest, org.apache.commons.math.distribution.ExponentialDistributionTest, org.apache.commons.math.distribution.FDistributionTest, org.apache.commons.math.distribution.GammaDistributionTest, org.apache.commons.math.distribution.HypergeometricDistributionTest, org.apache.commons.math.distribution.NormalDistributionTest, org.apache.commons.math.distribution.PascalDistributionTest, org.apache.commons.math.distribution.PoissonDistributionTest, org.apache.commons.math.distribution.TDistributionTest, org.apache.commons.math.distribution.WeibullDistributionTest, org.apache.commons.math.distribution.ZipfDistributionTest, org.apache.commons.math.estimation.EstimatedParameterTest, org.apache.commons.math.estimation.GaussNewtonEstimatorTest, org.apache.commons.math.estimation.LevenbergMarquardtEstimatorTest, org.apache.commons.math.estimation.MinpackTest, org.apache.commons.math.estimation.WeightedMeasurementTest, org.apache.commons.math.fraction.BigFractionFieldTest, org.apache.commons.math.fraction.BigFractionFormatTest, org.apache.commons.math.fraction.BigFractionTest, org.apache.commons.math.fraction.FractionFieldTest, org.apache.commons.math.fraction.FractionFormatTest, org.apache.commons.math.fraction.FractionTest, org.apache.commons.math.genetics.BinaryChromosomeTest, org.apache.commons.math.genetics.BinaryMutationTest, org.apache.commons.math.genetics.ChromosomeTest, org.apache.commons.math.genetics.ElitisticListPopulationTest, org.apache.commons.math.genetics.FitnessCachingTest, org.apache.commons.math.genetics.FixedGenerationCountTest, org.apache.commons.math.genetics.GeneticAlgorithmTestBinary, org.apache.commons.math.genetics.GeneticAlgorithmTestPermutations, org.apache.commons.math.genetics.ListPopulationTest, org.apache.commons.math.genetics.OnePointCrossoverTest, org.apache.commons.math.genetics.RandomKeyMutationTest, org.apache.commons.math.genetics.RandomKeyTest, org.apache.commons.math.genetics.TournamentSelectionTest, org.apache.commons.math.geometry.FrenchVector3DFormatTest, org.apache.commons.math.geometry.RotationOrderTest, org.apache.commons.math.geometry.RotationTest, org.apache.commons.math.geometry.Vector3DFormatTest, org.apache.commons.math.geometry.Vector3DTest, org.apache.commons.math.linear.AbstractRealVectorTest, org.apache.commons.math.linear.Array2DRowRealMatrixTest, org.apache.commons.math.linear.ArrayFieldVectorTest, org.apache.commons.math.linear.ArrayRealVectorTest, org.apache.commons.math.linear.BiDiagonalTransformerTest, org.apache.commons.math.linear.BigMatrixImplTest, org.apache.commons.math.linear.BlockFieldMatrixTest, org.apache.commons.math.linear.BlockRealMatrixTest, org.apache.commons.math.linear.CholeskyDecompositionImplTest, org.apache.commons.math.linear.CholeskySolverTest, org.apache.commons.math.linear.EigenDecompositionImplTest, org.apache.commons.math.linear.EigenSolverTest, org.apache.commons.math.linear.FieldLUDecompositionImplTest, org.apache.commons.math.linear.FieldMatrixImplTest, org.apache.commons.math.linear.FrenchRealVectorFormatTest, org.apache.commons.math.linear.InvalidMatrixExceptionTest, org.apache.commons.math.linear.LUDecompositionImplTest, org.apache.commons.math.linear.LUSolverTest, org.apache.commons.math.linear.MatrixIndexExceptionTest, org.apache.commons.math.linear.MatrixUtilsTest, org.apache.commons.math.linear.QRDecompositionImplTest, org.apache.commons.math.linear.QRSolverTest, org.apache.commons.math.linear.RealMatrixImplTest, org.apache.commons.math.linear.RealVectorFormatTest, org.apache.commons.math.linear.SingularValueDecompositionImplTest, org.apache.commons.math.linear.SingularValueSolverTest, org.apache.commons.math.linear.SparseFieldMatrixTest, org.apache.commons.math.linear.SparseFieldVectorTest, org.apache.commons.math.linear.SparseRealMatrixTest, org.apache.commons.math.linear.SparseRealVectorTest, org.apache.commons.math.linear.TriDiagonalTransformerTest, org.apache.commons.math.ode.ContinuousOutputModelTest, org.apache.commons.math.ode.FirstOrderConverterTest, org.apache.commons.math.ode.events.EventStateTest, org.apache.commons.math.ode.jacobians.FirstOrderIntegratorWithJacobiansTest, org.apache.commons.math.ode.nonstiff.AdamsBashforthIntegratorTest, org.apache.commons.math.ode.nonstiff.AdamsMoultonIntegratorTest, org.apache.commons.math.ode.nonstiff.ClassicalRungeKuttaIntegratorTest, org.apache.commons.math.ode.nonstiff.ClassicalRungeKuttaStepInterpolatorTest, org.apache.commons.math.ode.nonstiff.DormandPrince54IntegratorTest, org.apache.commons.math.ode.nonstiff.DormandPrince54StepInterpolatorTest, org.apache.commons.math.ode.nonstiff.DormandPrince853IntegratorTest, org.apache.commons.math.ode.nonstiff.DormandPrince853StepInterpolatorTest, org.apache.commons.math.ode.nonstiff.EulerIntegratorTest, org.apache.commons.math.ode.nonstiff.EulerStepInterpolatorTest, org.apache.commons.math.ode.nonstiff.GillIntegratorTest, org.apache.commons.math.ode.nonstiff.GillStepInterpolatorTest, org.apache.commons.math.ode.nonstiff.GraggBulirschStoerIntegratorTest, org.apache.commons.math.ode.nonstiff.GraggBulirschStoerStepInterpolatorTest, org.apache.commons.math.ode.nonstiff.HighamHall54IntegratorTest, org.apache.commons.math.ode.nonstiff.HighamHall54StepInterpolatorTest, org.apache.commons.math.ode.nonstiff.MidpointIntegratorTest, org.apache.commons.math.ode.nonstiff.MidpointStepInterpolatorTest, org.apache.commons.math.ode.nonstiff.ThreeEighthesIntegratorTest, org.apache.commons.math.ode.nonstiff.ThreeEighthesStepInterpolatorTest, org.apache.commons.math.ode.sampling.DummyStepInterpolatorTest, org.apache.commons.math.ode.sampling.NordsieckStepInterpolatorTest, org.apache.commons.math.ode.sampling.StepNormalizerTest, org.apache.commons.math.optimization.MultiStartDifferentiableMultivariateRealOptimizerTest, org.apache.commons.math.optimization.MultiStartDifferentiableMultivariateVectorialOptimizerTest, org.apache.commons.math.optimization.MultiStartMultivariateRealOptimizerTest, org.apache.commons.math.optimization.MultiStartUnivariateRealOptimizerTest, org.apache.commons.math.optimization.direct.MultiDirectionalTest, org.apache.commons.math.optimization.direct.NelderMeadTest, org.apache.commons.math.optimization.fitting.CurveFitterTest, org.apache.commons.math.optimization.fitting.HarmonicFitterTest, org.apache.commons.math.optimization.fitting.PolynomialFitterTest, org.apache.commons.math.optimization.general.GaussNewtonOptimizerTest, org.apache.commons.math.optimization.general.LevenbergMarquardtOptimizerTest, org.apache.commons.math.optimization.general.MinpackTest, org.apache.commons.math.optimization.general.NonLinearConjugateGradientOptimizerTest, org.apache.commons.math.optimization.linear.SimplexSolverTest, org.apache.commons.math.optimization.linear.SimplexTableauTest, org.apache.commons.math.optimization.univariate.BrentMinimizerTest, org.apache.commons.math.random.AbstractRandomGeneratorTest, org.apache.commons.math.random.CorrelatedRandomVectorGeneratorTest, org.apache.commons.math.random.EmpiricalDistributionTest, org.apache.commons.math.random.GaussianRandomGeneratorTest, org.apache.commons.math.random.MersenneTwisterTest, org.apache.commons.math.random.RandomAdaptorTest, org.apache.commons.math.random.RandomDataTest, org.apache.commons.math.random.UncorrelatedRandomVectorGeneratorTest, org.apache.commons.math.random.UniformRandomGeneratorTest, org.apache.commons.math.random.ValueServerTest, org.apache.commons.math.special.BetaTest, org.apache.commons.math.special.ErfTest, org.apache.commons.math.special.GammaTest, org.apache.commons.math.stat.CertifiedDataTest, org.apache.commons.math.stat.FrequencyTest, org.apache.commons.math.stat.StatUtilsTest, org.apache.commons.math.stat.clustering.EuclideanIntegerPointTest, org.apache.commons.math.stat.clustering.KMeansPlusPlusClustererTest, org.apache.commons.math.stat.correlation.CovarianceTest, org.apache.commons.math.stat.correlation.PearsonsCorrelationTest, org.apache.commons.math.stat.correlation.SpearmansRankCorrelationTest, org.apache.commons.math.stat.data.LewTest, org.apache.commons.math.stat.data.LotteryTest, org.apache.commons.math.stat.descriptive.AbstractUnivariateStatisticTest, org.apache.commons.math.stat.descriptive.AggregateSummaryStatisticsTest, org.apache.commons.math.stat.descriptive.DescriptiveStatisticsTest, org.apache.commons.math.stat.descriptive.InteractionTest, org.apache.commons.math.stat.descriptive.ListUnivariateImplTest, org.apache.commons.math.stat.descriptive.MixedListUnivariateImplTest, org.apache.commons.math.stat.descriptive.MultivariateSummaryStatisticsTest, org.apache.commons.math.stat.descriptive.StatisticalSummaryValuesTest, org.apache.commons.math.stat.descriptive.SummaryStatisticsTest, org.apache.commons.math.stat.descriptive.SynchronizedDescriptiveStatisticsTest, org.apache.commons.math.stat.descriptive.SynchronizedMultivariateSummaryStatisticsTest, org.apache.commons.math.stat.descriptive.SynchronizedSummaryStatisticsTest, org.apache.commons.math.stat.descriptive.moment.FirstMomentTest, org.apache.commons.math.stat.descriptive.moment.FourthMomentTest, org.apache.commons.math.stat.descriptive.moment.GeometricMeanTest, org.apache.commons.math.stat.descriptive.moment.KurtosisTest, org.apache.commons.math.stat.descriptive.moment.MeanTest, org.apache.commons.math.stat.descriptive.moment.SecondMomentTest, org.apache.commons.math.stat.descriptive.moment.SemiVarianceTest, org.apache.commons.math.stat.descriptive.moment.SkewnessTest, org.apache.commons.math.stat.descriptive.moment.StandardDeviationTest, org.apache.commons.math.stat.descriptive.moment.ThirdMomentTest, org.apache.commons.math.stat.descriptive.moment.VarianceTest, org.apache.commons.math.stat.descriptive.moment.VectorialCovarianceTest, org.apache.commons.math.stat.descriptive.moment.VectorialMeanTest, org.apache.commons.math.stat.descriptive.rank.MaxTest, org.apache.commons.math.stat.descriptive.rank.MedianTest, org.apache.commons.math.stat.descriptive.rank.MinTest, org.apache.commons.math.stat.descriptive.rank.PercentileTest, org.apache.commons.math.stat.descriptive.summary.ProductTest, org.apache.commons.math.stat.descriptive.summary.SumLogTest, org.apache.commons.math.stat.descriptive.summary.SumSqTest, org.apache.commons.math.stat.descriptive.summary.SumTest, org.apache.commons.math.stat.inference.ChiSquareFactoryTest, org.apache.commons.math.stat.inference.ChiSquareTestTest, org.apache.commons.math.stat.inference.OneWayAnovaTest, org.apache.commons.math.stat.inference.TTestFactoryTest, org.apache.commons.math.stat.inference.TTestTest, org.apache.commons.math.stat.inference.TestUtilsTest, org.apache.commons.math.stat.ranking.NaturalRankingTest, org.apache.commons.math.stat.regression.GLSMultipleLinearRegressionTest, org.apache.commons.math.stat.regression.OLSMultipleLinearRegressionTest, org.apache.commons.math.stat.regression.SimpleRegressionTest, org.apache.commons.math.transform.FastCosineTransformerTest, org.apache.commons.math.transform.FastFourierTransformerTest, org.apache.commons.math.transform.FastHadamardTransformerTest, org.apache.commons.math.transform.FastSineTransformerTest, org.apache.commons.math.util.BigRealFieldTest, org.apache.commons.math.util.BigRealTest, org.apache.commons.math.util.ContinuedFractionTest, org.apache.commons.math.util.DefaultTransformerTest, org.apache.commons.math.util.MathUtilsTest, org.apache.commons.math.util.OpenIntToDoubleHashMapTest, org.apache.commons.math.util.OpenIntToFieldTest, org.apache.commons.math.util.ResizableDoubleArrayTest, org.apache.commons.math.util.TransformerMapTest], complianceLevel=7, outputFolder=., json=true}
15:51:24.726 [main] INFO  fr.inria.lille.repair.nopol.NoPol - Available processors (cores): 8
15:51:24.734 [main] INFO  fr.inria.lille.repair.nopol.NoPol - Free memory: 197 MB
15:51:24.734 [main] INFO  fr.inria.lille.repair.nopol.NoPol - Maximum memory: 3 GB
15:51:24.734 [main] INFO  fr.inria.lille.repair.nopol.NoPol - Total memory available to JVM: 241 MB
15:51:24.734 [main] INFO  fr.inria.lille.repair.nopol.NoPol - Java version: 1.8.0_181
15:51:24.736 [main] INFO  fr.inria.lille.repair.nopol.NoPol - JAVA_HOME: /usr/lib/jvm/java-1.8.0-openjdk-amd64/bin/
15:51:24.736 [main] INFO  fr.inria.lille.repair.nopol.NoPol - PATH: /usr/lib/jvm/java-1.8.0-openjdk-amd64/bin/:/usr/lib/oar/oardodo:/usr/lib/oar/oardodo:/usr/local/bin:/usr/bin:/bin:/usr/games
15:51:55.046 [pool-2-thread-1] DEBUG fr.inria.lille.repair.nopol.NoPol - statement #1
15:51:55.047 [pool-2-thread-1] DEBUG fr.inria.lille.repair.nopol.NoPol - Analysing SourceLocation org.apache.commons.math.ode.jacobians.FirstOrderIntegratorWithJacobians$FiniteDifferencesWrapper:528 which is executed by 1 tests
-1927872958
15:51:55.515 [pool-2-thread-1] DEBUG fr.inria.lille.repair.nopol.NoPol - statement #2
15:51:55.516 [pool-2-thread-1] DEBUG fr.inria.lille.repair.nopol.NoPol - Analysing SourceLocation org.apache.commons.math.ode.jacobians.FirstOrderIntegratorWithJacobians$FiniteDifferencesWrapper:525 which is executed by 1 tests
-1927872958
15:51:56.189 [pool-2-thread-1] DEBUG fr.inria.lille.repair.nopol.NoPol - looking with class fr.inria.lille.repair.nopol.spoon.smt.ConditionalAdder
java.lang.AssertionError
    at org.junit.Assert.fail(Assert.java:86)
    at org.junit.Assert.assertTrue(Assert.java:41)
    at org.junit.Assert.assertTrue(Assert.java:52)
    at org.apache.commons.math.ode.jacobians.FirstOrderIntegratorWithJacobiansTest.testInternalDifferentiation(FirstOrderIntegratorWithJacobiansTest.java:119)
    at sun.reflect.NativeMethodAccessorImpl.invoke0(Native Method)
    at sun.reflect.NativeMethodAccessorImpl.invoke(NativeMethodAccessorImpl.java:62)
15:51:57.067 [pool-4-thread-1] INFO  xxl.java.junit.TestCasesListener - Tests run finished (843 ms)
<> Total tests run: 7
<> Ignored tests: 0
<> Failed tests: 1
~ testInternalDifferentiation(org.apache.commons.math.ode.jacobians.FirstOrderIntegratorWithJacobiansTest)
[null]
java.lang.AssertionError    at org.junit.Assert.fail(Assert.java:86)
    at org.junit.Assert.assertTrue(Assert.java:41)
    at org.junit.Assert.assertTrue(Assert.java:52)
    at org.apache.commons.math.ode.jacobians.FirstOrderIntegratorWithJacobiansTest.testInternalDifferentiation(FirstOrderIntegratorWithJacobiansTest.java:119)
    at sun.reflect.NativeMethodAccessorImpl.invoke0(Native Method)
    at sun.reflect.NativeMethodAccessorImpl.invoke(NativeMethodAccessorImpl.java:62)

15:51:58.895 [pool-2-thread-1] DEBUG fr.inria.lille.repair.nopol.NoPol - statement #3
15:51:58.896 [pool-2-thread-1] DEBUG fr.inria.lille.repair.nopol.NoPol - Analysing SourceLocation org.apache.commons.math.ode.jacobians.FirstOrderIntegratorWithJacobians$FiniteDifferencesWrapper:523 which is executed by 1 tests
-1927872958
15:51:59.099 [pool-2-thread-1] DEBUG fr.inria.lille.repair.nopol.NoPol - looking with class fr.inria.lille.repair.nopol.spoon.smt.ConditionalAdder
java.lang.AssertionError
    at org.junit.Assert.fail(Assert.java:86)
    at org.junit.Assert.assertTrue(Assert.java:41)
    at org.junit.Assert.assertTrue(Assert.java:52)
    at org.apache.commons.math.ode.jacobians.FirstOrderIntegratorWithJacobiansTest.testInternalDifferentiation(FirstOrderIntegratorWithJacobiansTest.java:119)
    at sun.reflect.NativeMethodAccessorImpl.invoke0(Native Method)
    at sun.reflect.NativeMethodAccessorImpl.invoke(NativeMethodAccessorImpl.java:62)
15:51:59.967 [pool-8-thread-1] INFO  xxl.java.junit.TestCasesListener - Tests run finished (861 ms)
<> Total tests run: 7
<> Ignored tests: 0
<> Failed tests: 1
~ testInternalDifferentiation(org.apache.commons.math.ode.jacobians.FirstOrderIntegratorWithJacobiansTest)
[null]
java.lang.AssertionError    at org.junit.Assert.fail(Assert.java:86)
    at org.junit.Assert.assertTrue(Assert.java:41)
    at org.junit.Assert.assertTrue(Assert.java:52)
    at org.apache.commons.math.ode.jacobians.FirstOrderIntegratorWithJacobiansTest.testInternalDifferentiation(FirstOrderIntegratorWithJacobiansTest.java:119)
    at sun.reflect.NativeMethodAccessorImpl.invoke0(Native Method)
    at sun.reflect.NativeMethodAccessorImpl.invoke(NativeMethodAccessorImpl.java:62)

15:52:00.957 [pool-2-thread-1] DEBUG fr.inria.lille.repair.nopol.NoPol - statement #4
15:52:00.958 [pool-2-thread-1] DEBUG fr.inria.lille.repair.nopol.NoPol - Analysing SourceLocation org.apache.commons.math.ode.jacobians.FirstOrderIntegratorWithJacobians$FiniteDifferencesWrapper:522 which is executed by 1 tests
-1927872958
15:52:01.123 [pool-2-thread-1] DEBUG fr.inria.lille.repair.nopol.NoPol - looking with class fr.inria.lille.repair.nopol.spoon.smt.ConditionalAdder
java.lang.AssertionError
    at org.junit.Assert.fail(Assert.java:86)
    at org.junit.Assert.assertTrue(Assert.java:41)
    at org.junit.Assert.assertTrue(Assert.java:52)
    at org.apache.commons.math.ode.jacobians.FirstOrderIntegratorWithJacobiansTest.testInternalDifferentiation(FirstOrderIntegratorWithJacobiansTest.java:119)
    at sun.reflect.NativeMethodAccessorImpl.invoke0(Native Method)
    at sun.reflect.NativeMethodAccessorImpl.invoke(NativeMethodAccessorImpl.java:62)
15:52:01.956 [pool-12-thread-1] INFO  xxl.java.junit.TestCasesListener - Tests run finished (827 ms)
<> Total tests run: 7
<> Ignored tests: 0
<> Failed tests: 1
~ testInternalDifferentiation(org.apache.commons.math.ode.jacobians.FirstOrderIntegratorWithJacobiansTest)
[null]
java.lang.AssertionError    at org.junit.Assert.fail(Assert.java:86)
    at org.junit.Assert.assertTrue(Assert.java:41)
    at org.junit.Assert.assertTrue(Assert.java:52)
    at org.apache.commons.math.ode.jacobians.FirstOrderIntegratorWithJacobiansTest.testInternalDifferentiation(FirstOrderIntegratorWithJacobiansTest.java:119)
    at sun.reflect.NativeMethodAccessorImpl.invoke0(Native Method)
    at sun.reflect.NativeMethodAccessorImpl.invoke(NativeMethodAccessorImpl.java:62)

15:52:02.932 [pool-2-thread-1] DEBUG fr.inria.lille.repair.nopol.NoPol - statement #5
15:52:02.933 [pool-2-thread-1] DEBUG fr.inria.lille.repair.nopol.NoPol - Analysing SourceLocation org.apache.commons.math.ode.jacobians.FirstOrderIntegratorWithJacobians$FiniteDifferencesWrapper:521 which is executed by 1 tests
-1927872958
15:52:03.101 [pool-2-thread-1] DEBUG fr.inria.lille.repair.nopol.NoPol - looking with class fr.inria.lille.repair.nopol.spoon.smt.ConditionalAdder
java.lang.AssertionError
    at org.junit.Assert.fail(Assert.java:86)
    at org.junit.Assert.assertTrue(Assert.java:41)
    at org.junit.Assert.assertTrue(Assert.java:52)
    at org.apache.commons.math.ode.jacobians.FirstOrderIntegratorWithJacobiansTest.testInternalDifferentiation(FirstOrderIntegratorWithJacobiansTest.java:119)
    at sun.reflect.NativeMethodAccessorImpl.invoke0(Native Method)
    at sun.reflect.NativeMethodAccessorImpl.invoke(NativeMethodAccessorImpl.java:62)
15:52:03.819 [pool-16-thread-1] INFO  xxl.java.junit.TestCasesListener - Tests run finished (712 ms)
<> Total tests run: 7
<> Ignored tests: 0
<> Failed tests: 1
~ testInternalDifferentiation(org.apache.commons.math.ode.jacobians.FirstOrderIntegratorWithJacobiansTest)
[null]
java.lang.AssertionError    at org.junit.Assert.fail(Assert.java:86)
    at org.junit.Assert.assertTrue(Assert.java:41)
    at org.junit.Assert.assertTrue(Assert.java:52)
    at org.apache.commons.math.ode.jacobians.FirstOrderIntegratorWithJacobiansTest.testInternalDifferentiation(FirstOrderIntegratorWithJacobiansTest.java:119)
    at sun.reflect.NativeMethodAccessorImpl.invoke0(Native Method)
    at sun.reflect.NativeMethodAccessorImpl.invoke(NativeMethodAccessorImpl.java:62)

15:52:04.782 [pool-2-thread-1] DEBUG fr.inria.lille.repair.nopol.NoPol - statement #6
15:52:04.783 [pool-2-thread-1] DEBUG fr.inria.lille.repair.nopol.NoPol - Analysing SourceLocation org.apache.commons.math.ode.jacobians.FirstOrderIntegratorWithJacobians$FiniteDifferencesWrapper:520 which is executed by 1 tests
-1927872958
15:52:04.976 [pool-2-thread-1] DEBUG fr.inria.lille.repair.nopol.NoPol - looking with class fr.inria.lille.repair.nopol.spoon.smt.ConditionalAdder
java.lang.AssertionError
    at org.junit.Assert.fail(Assert.java:86)
    at org.junit.Assert.assertTrue(Assert.java:41)
    at org.junit.Assert.assertTrue(Assert.java:52)
    at org.apache.commons.math.ode.jacobians.FirstOrderIntegratorWithJacobiansTest.testInternalDifferentiation(FirstOrderIntegratorWithJacobiansTest.java:119)
    at sun.reflect.NativeMethodAccessorImpl.invoke0(Native Method)
    at sun.reflect.NativeMethodAccessorImpl.invoke(NativeMethodAccessorImpl.java:62)
15:52:05.584 [pool-20-thread-1] INFO  xxl.java.junit.TestCasesListener - Tests run finished (603 ms)
<> Total tests run: 7
<> Ignored tests: 0
<> Failed tests: 1
~ testInternalDifferentiation(org.apache.commons.math.ode.jacobians.FirstOrderIntegratorWithJacobiansTest)
[null]
java.lang.AssertionError    at org.junit.Assert.fail(Assert.java:86)
    at org.junit.Assert.assertTrue(Assert.java:41)
    at org.junit.Assert.assertTrue(Assert.java:52)
    at org.apache.commons.math.ode.jacobians.FirstOrderIntegratorWithJacobiansTest.testInternalDifferentiation(FirstOrderIntegratorWithJacobiansTest.java:119)
    at sun.reflect.NativeMethodAccessorImpl.invoke0(Native Method)
    at sun.reflect.NativeMethodAccessorImpl.invoke(NativeMethodAccessorImpl.java:62)

15:52:06.467 [pool-2-thread-1] DEBUG fr.inria.lille.repair.nopol.NoPol - statement #7
15:52:06.467 [pool-2-thread-1] DEBUG fr.inria.lille.repair.nopol.NoPol - Analysing SourceLocation org.apache.commons.math.ode.jacobians.FirstOrderIntegratorWithJacobians$FiniteDifferencesWrapper:519 which is executed by 1 tests
-1927872958
15:52:06.638 [pool-2-thread-1] DEBUG fr.inria.lille.repair.nopol.NoPol - looking with class fr.inria.lille.repair.nopol.spoon.smt.ConditionalAdder
java.lang.AssertionError
    at org.junit.Assert.fail(Assert.java:86)
    at org.junit.Assert.assertTrue(Assert.java:41)
    at org.junit.Assert.assertTrue(Assert.java:52)
    at org.apache.commons.math.ode.jacobians.FirstOrderIntegratorWithJacobiansTest.testInternalDifferentiation(FirstOrderIntegratorWithJacobiansTest.java:119)
    at sun.reflect.NativeMethodAccessorImpl.invoke0(Native Method)
    at sun.reflect.NativeMethodAccessorImpl.invoke(NativeMethodAccessorImpl.java:62)
15:52:07.270 [pool-24-thread-1] INFO  xxl.java.junit.TestCasesListener - Tests run finished (626 ms)
<> Total tests run: 7
<> Ignored tests: 0
<> Failed tests: 1
~ testInternalDifferentiation(org.apache.commons.math.ode.jacobians.FirstOrderIntegratorWithJacobiansTest)
[null]
java.lang.AssertionError    at org.junit.Assert.fail(Assert.java:86)
    at org.junit.Assert.assertTrue(Assert.java:41)
    at org.junit.Assert.assertTrue(Assert.java:52)
    at org.apache.commons.math.ode.jacobians.FirstOrderIntegratorWithJacobiansTest.testInternalDifferentiation(FirstOrderIntegratorWithJacobiansTest.java:119)
    at sun.reflect.NativeMethodAccessorImpl.invoke0(Native Method)
    at sun.reflect.NativeMethodAccessorImpl.invoke(NativeMethodAccessorImpl.java:62)

15:52:08.155 [pool-2-thread-1] DEBUG fr.inria.lille.repair.nopol.NoPol - statement #8
15:52:08.155 [pool-2-thread-1] DEBUG fr.inria.lille.repair.nopol.NoPol - Analysing SourceLocation org.apache.commons.math.ode.jacobians.FirstOrderIntegratorWithJacobians$FiniteDifferencesWrapper:515 which is executed by 1 tests
-1927872958
15:52:08.313 [pool-2-thread-1] DEBUG fr.inria.lille.repair.nopol.NoPol - looking with class fr.inria.lille.repair.nopol.spoon.smt.ConditionalAdder
java.lang.AssertionError
    at org.junit.Assert.fail(Assert.java:86)
    at org.junit.Assert.assertTrue(Assert.java:41)
    at org.junit.Assert.assertTrue(Assert.java:52)
    at org.apache.commons.math.ode.jacobians.FirstOrderIntegratorWithJacobiansTest.testInternalDifferentiation(FirstOrderIntegratorWithJacobiansTest.java:119)
    at sun.reflect.NativeMethodAccessorImpl.invoke0(Native Method)
    at sun.reflect.NativeMethodAccessorImpl.invoke(NativeMethodAccessorImpl.java:62)
15:52:09.280 [pool-28-thread-1] INFO  xxl.java.junit.TestCasesListener - Tests run finished (961 ms)
<> Total tests run: 7
<> Ignored tests: 0
<> Failed tests: 1
~ testInternalDifferentiation(org.apache.commons.math.ode.jacobians.FirstOrderIntegratorWithJacobiansTest)
[null]
java.lang.AssertionError    at org.junit.Assert.fail(Assert.java:86)
    at org.junit.Assert.assertTrue(Assert.java:41)
    at org.junit.Assert.assertTrue(Assert.java:52)
    at org.apache.commons.math.ode.jacobians.FirstOrderIntegratorWithJacobiansTest.testInternalDifferentiation(FirstOrderIntegratorWithJacobiansTest.java:119)
    at sun.reflect.NativeMethodAccessorImpl.invoke0(Native Method)
    at sun.reflect.NativeMethodAccessorImpl.invoke(NativeMethodAccessorImpl.java:62)

15:52:10.142 [pool-2-thread-1] DEBUG fr.inria.lille.repair.nopol.NoPol - statement #9
15:52:10.143 [pool-2-thread-1] DEBUG fr.inria.lille.repair.nopol.NoPol - Analysing SourceLocation org.apache.commons.math.ode.jacobians.FirstOrderIntegratorWithJacobians$FiniteDifferencesWrapper:513 which is executed by 1 tests
-1927872958
15:52:10.301 [pool-2-thread-1] DEBUG fr.inria.lille.repair.nopol.NoPol - looking with class fr.inria.lille.repair.nopol.spoon.smt.ConditionalAdder
java.lang.AssertionError
    at org.junit.Assert.fail(Assert.java:86)
    at org.junit.Assert.assertTrue(Assert.java:41)
    at org.junit.Assert.assertTrue(Assert.java:52)
    at org.apache.commons.math.ode.jacobians.FirstOrderIntegratorWithJacobiansTest.testInternalDifferentiation(FirstOrderIntegratorWithJacobiansTest.java:119)
    at sun.reflect.NativeMethodAccessorImpl.invoke0(Native Method)
    at sun.reflect.NativeMethodAccessorImpl.invoke(NativeMethodAccessorImpl.java:62)
15:52:10.987 [pool-32-thread-1] INFO  xxl.java.junit.TestCasesListener - Tests run finished (681 ms)
<> Total tests run: 7
<> Ignored tests: 0
<> Failed tests: 1
~ testInternalDifferentiation(org.apache.commons.math.ode.jacobians.FirstOrderIntegratorWithJacobiansTest)
[null]
java.lang.AssertionError    at org.junit.Assert.fail(Assert.java:86)
    at org.junit.Assert.assertTrue(Assert.java:41)
    at org.junit.Assert.assertTrue(Assert.java:52)
    at org.apache.commons.math.ode.jacobians.FirstOrderIntegratorWithJacobiansTest.testInternalDifferentiation(FirstOrderIntegratorWithJacobiansTest.java:119)
    at sun.reflect.NativeMethodAccessorImpl.invoke0(Native Method)
    at sun.reflect.NativeMethodAccessorImpl.invoke(NativeMethodAccessorImpl.java:62)

15:52:11.831 [pool-2-thread-1] DEBUG fr.inria.lille.repair.nopol.NoPol - statement #10
15:52:11.832 [pool-2-thread-1] DEBUG fr.inria.lille.repair.nopol.NoPol - Analysing SourceLocation org.apache.commons.math.ode.jacobians.FirstOrderIntegratorWithJacobians$FiniteDifferencesWrapper:512 which is executed by 1 tests
-1927872958
15:52:11.986 [pool-2-thread-1] DEBUG fr.inria.lille.repair.nopol.NoPol - looking with class fr.inria.lille.repair.nopol.spoon.smt.ConditionalAdder
java.lang.AssertionError
    at org.junit.Assert.fail(Assert.java:86)
    at org.junit.Assert.assertTrue(Assert.java:41)
    at org.junit.Assert.assertTrue(Assert.java:52)
    at org.apache.commons.math.ode.jacobians.FirstOrderIntegratorWithJacobiansTest.testInternalDifferentiation(FirstOrderIntegratorWithJacobiansTest.java:119)
    at sun.reflect.NativeMethodAccessorImpl.invoke0(Native Method)
    at sun.reflect.NativeMethodAccessorImpl.invoke(NativeMethodAccessorImpl.java:62)
15:52:12.640 [pool-36-thread-1] INFO  xxl.java.junit.TestCasesListener - Tests run finished (648 ms)
<> Total tests run: 7
<> Ignored tests: 0
<> Failed tests: 1
~ testInternalDifferentiation(org.apache.commons.math.ode.jacobians.FirstOrderIntegratorWithJacobiansTest)
[null]
java.lang.AssertionError    at org.junit.Assert.fail(Assert.java:86)
    at org.junit.Assert.assertTrue(Assert.java:41)
    at org.junit.Assert.assertTrue(Assert.java:52)
    at org.apache.commons.math.ode.jacobians.FirstOrderIntegratorWithJacobiansTest.testInternalDifferentiation(FirstOrderIntegratorWithJacobiansTest.java:119)
    at sun.reflect.NativeMethodAccessorImpl.invoke0(Native Method)
    at sun.reflect.NativeMethodAccessorImpl.invoke(NativeMethodAccessorImpl.java:62)

15:52:13.616 [pool-2-thread-1] DEBUG fr.inria.lille.repair.nopol.NoPol - statement #11
15:52:13.616 [pool-2-thread-1] DEBUG fr.inria.lille.repair.nopol.NoPol - Analysing SourceLocation org.apache.commons.math.ode.jacobians.FirstOrderIntegratorWithJacobians$FiniteDifferencesWrapper:511 which is executed by 1 tests
-1927872958
15:52:13.773 [pool-2-thread-1] DEBUG fr.inria.lille.repair.nopol.NoPol - looking with class fr.inria.lille.repair.nopol.spoon.smt.ConditionalAdder
java.lang.AssertionError
    at org.junit.Assert.fail(Assert.java:86)
    at org.junit.Assert.assertTrue(Assert.java:41)
    at org.junit.Assert.assertTrue(Assert.java:52)
    at org.apache.commons.math.ode.jacobians.FirstOrderIntegratorWithJacobiansTest.testInternalDifferentiation(FirstOrderIntegratorWithJacobiansTest.java:119)
    at sun.reflect.NativeMethodAccessorImpl.invoke0(Native Method)
    at sun.reflect.NativeMethodAccessorImpl.invoke(NativeMethodAccessorImpl.java:62)
15:52:14.417 [pool-40-thread-1] INFO  xxl.java.junit.TestCasesListener - Tests run finished (639 ms)
<> Total tests run: 7
<> Ignored tests: 0
<> Failed tests: 1
~ testInternalDifferentiation(org.apache.commons.math.ode.jacobians.FirstOrderIntegratorWithJacobiansTest)
[null]
java.lang.AssertionError    at org.junit.Assert.fail(Assert.java:86)
    at org.junit.Assert.assertTrue(Assert.java:41)
    at org.junit.Assert.assertTrue(Assert.java:52)
    at org.apache.commons.math.ode.jacobians.FirstOrderIntegratorWithJacobiansTest.testInternalDifferentiation(FirstOrderIntegratorWithJacobiansTest.java:119)
    at sun.reflect.NativeMethodAccessorImpl.invoke0(Native Method)
    at sun.reflect.NativeMethodAccessorImpl.invoke(NativeMethodAccessorImpl.java:62)

15:52:15.226 [pool-2-thread-1] DEBUG fr.inria.lille.repair.nopol.NoPol - statement #12
15:52:15.226 [pool-2-thread-1] DEBUG fr.inria.lille.repair.nopol.NoPol - Analysing SourceLocation org.apache.commons.math.ode.jacobians.FirstOrderIntegratorWithJacobians$FiniteDifferencesWrapper:510 which is executed by 1 tests
-1927872958
15:52:15.379 [pool-2-thread-1] DEBUG fr.inria.lille.repair.nopol.NoPol - looking with class fr.inria.lille.repair.nopol.spoon.smt.ConditionalAdder
java.lang.AssertionError
    at org.junit.Assert.fail(Assert.java:86)
    at org.junit.Assert.assertTrue(Assert.java:41)
    at org.junit.Assert.assertTrue(Assert.java:52)
    at org.apache.commons.math.ode.jacobians.FirstOrderIntegratorWithJacobiansTest.testInternalDifferentiation(FirstOrderIntegratorWithJacobiansTest.java:119)
    at sun.reflect.NativeMethodAccessorImpl.invoke0(Native Method)
    at sun.reflect.NativeMethodAccessorImpl.invoke(NativeMethodAccessorImpl.java:62)
15:52:16.033 [pool-44-thread-1] INFO  xxl.java.junit.TestCasesListener - Tests run finished (648 ms)
<> Total tests run: 7
<> Ignored tests: 0
<> Failed tests: 1
~ testInternalDifferentiation(org.apache.commons.math.ode.jacobians.FirstOrderIntegratorWithJacobiansTest)
[null]
java.lang.AssertionError    at org.junit.Assert.fail(Assert.java:86)
    at org.junit.Assert.assertTrue(Assert.java:41)
    at org.junit.Assert.assertTrue(Assert.java:52)
    at org.apache.commons.math.ode.jacobians.FirstOrderIntegratorWithJacobiansTest.testInternalDifferentiation(FirstOrderIntegratorWithJacobiansTest.java:119)
    at sun.reflect.NativeMethodAccessorImpl.invoke0(Native Method)
    at sun.reflect.NativeMethodAccessorImpl.invoke(NativeMethodAccessorImpl.java:62)

15:52:16.871 [pool-2-thread-1] DEBUG fr.inria.lille.repair.nopol.NoPol - statement #13
15:52:16.880 [pool-2-thread-1] DEBUG fr.inria.lille.repair.nopol.NoPol - Analysing SourceLocation org.apache.commons.math.ode.jacobians.FirstOrderIntegratorWithJacobians$FiniteDifferencesWrapper:509 which is executed by 1 tests
-1927872958
15:52:17.033 [pool-2-thread-1] DEBUG fr.inria.lille.repair.nopol.NoPol - statement #14
15:52:17.034 [pool-2-thread-1] DEBUG fr.inria.lille.repair.nopol.NoPol - Analysing SourceLocation org.apache.commons.math.ode.jacobians.FirstOrderIntegratorWithJacobians$FiniteDifferencesWrapper:508 which is executed by 1 tests
-1927872958
15:52:17.197 [pool-2-thread-1] DEBUG fr.inria.lille.repair.nopol.NoPol - looking with class fr.inria.lille.repair.nopol.spoon.smt.ConditionalAdder
java.lang.AssertionError
    at org.junit.Assert.fail(Assert.java:86)
    at org.junit.Assert.assertTrue(Assert.java:41)
    at org.junit.Assert.assertTrue(Assert.java:52)
    at org.apache.commons.math.ode.jacobians.FirstOrderIntegratorWithJacobiansTest.testInternalDifferentiation(FirstOrderIntegratorWithJacobiansTest.java:119)
    at sun.reflect.NativeMethodAccessorImpl.invoke0(Native Method)
    at sun.reflect.NativeMethodAccessorImpl.invoke(NativeMethodAccessorImpl.java:62)
15:52:18.190 [pool-48-thread-1] INFO  xxl.java.junit.TestCasesListener - Tests run finished (982 ms)
<> Total tests run: 7
<> Ignored tests: 0
<> Failed tests: 1
~ testInternalDifferentiation(org.apache.commons.math.ode.jacobians.FirstOrderIntegratorWithJacobiansTest)
[null]
java.lang.AssertionError    at org.junit.Assert.fail(Assert.java:86)
    at org.junit.Assert.assertTrue(Assert.java:41)
    at org.junit.Assert.assertTrue(Assert.java:52)
    at org.apache.commons.math.ode.jacobians.FirstOrderIntegratorWithJacobiansTest.testInternalDifferentiation(FirstOrderIntegratorWithJacobiansTest.java:119)
    at sun.reflect.NativeMethodAccessorImpl.invoke0(Native Method)
    at sun.reflect.NativeMethodAccessorImpl.invoke(NativeMethodAccessorImpl.java:62)

15:52:18.983 [pool-2-thread-1] DEBUG fr.inria.lille.repair.nopol.NoPol - statement #15
15:52:18.983 [pool-2-thread-1] DEBUG fr.inria.lille.repair.nopol.NoPol - Analysing SourceLocation org.apache.commons.math.ode.jacobians.FirstOrderIntegratorWithJacobians$FiniteDifferencesWrapper:503 which is executed by 1 tests
-1927872958
15:52:19.147 [pool-2-thread-1] DEBUG fr.inria.lille.repair.nopol.NoPol - looking with class fr.inria.lille.repair.nopol.spoon.smt.ConditionalAdder
java.lang.AssertionError
    at org.junit.Assert.fail(Assert.java:86)
    at org.junit.Assert.assertTrue(Assert.java:41)
    at org.junit.Assert.assertTrue(Assert.java:52)
    at org.apache.commons.math.ode.jacobians.FirstOrderIntegratorWithJacobiansTest.testInternalDifferentiation(FirstOrderIntegratorWithJacobiansTest.java:119)
    at sun.reflect.NativeMethodAccessorImpl.invoke0(Native Method)
    at sun.reflect.NativeMethodAccessorImpl.invoke(NativeMethodAccessorImpl.java:62)
15:52:19.940 [pool-52-thread-1] INFO  xxl.java.junit.TestCasesListener - Tests run finished (783 ms)
<> Total tests run: 7
<> Ignored tests: 0
<> Failed tests: 1
~ testInternalDifferentiation(org.apache.commons.math.ode.jacobians.FirstOrderIntegratorWithJacobiansTest)
[null]
java.lang.AssertionError    at org.junit.Assert.fail(Assert.java:86)
    at org.junit.Assert.assertTrue(Assert.java:41)
    at org.junit.Assert.assertTrue(Assert.java:52)
    at org.apache.commons.math.ode.jacobians.FirstOrderIntegratorWithJacobiansTest.testInternalDifferentiation(FirstOrderIntegratorWithJacobiansTest.java:119)
    at sun.reflect.NativeMethodAccessorImpl.invoke0(Native Method)
    at sun.reflect.NativeMethodAccessorImpl.invoke(NativeMethodAccessorImpl.java:62)

15:52:20.881 [pool-2-thread-1] DEBUG fr.inria.lille.repair.nopol.NoPol - looking with class fr.inria.lille.repair.nopol.spoon.smt.ConditionalReplacer
java.lang.AssertionError
    at org.junit.Assert.fail(Assert.java:86)
    at org.junit.Assert.assertTrue(Assert.java:41)
    at org.junit.Assert.assertTrue(Assert.java:52)
    at org.apache.commons.math.ode.jacobians.FirstOrderIntegratorWithJacobiansTest.testInternalDifferentiation(FirstOrderIntegratorWithJacobiansTest.java:119)
    at sun.reflect.NativeMethodAccessorImpl.invoke0(Native Method)
    at sun.reflect.NativeMethodAccessorImpl.invoke(NativeMethodAccessorImpl.java:62)
15:52:21.865 [pool-56-thread-1] INFO  xxl.java.junit.TestCasesListener - Tests run finished (978 ms)
<> Total tests run: 7
<> Ignored tests: 0
<> Failed tests: 1
~ testInternalDifferentiation(org.apache.commons.math.ode.jacobians.FirstOrderIntegratorWithJacobiansTest)
[null]
java.lang.AssertionError    at org.junit.Assert.fail(Assert.java:86)
    at org.junit.Assert.assertTrue(Assert.java:41)
    at org.junit.Assert.assertTrue(Assert.java:52)
    at org.apache.commons.math.ode.jacobians.FirstOrderIntegratorWithJacobiansTest.testInternalDifferentiation(FirstOrderIntegratorWithJacobiansTest.java:119)
    at sun.reflect.NativeMethodAccessorImpl.invoke0(Native Method)
    at sun.reflect.NativeMethodAccessorImpl.invoke(NativeMethodAccessorImpl.java:62)

15:52:22.658 [pool-2-thread-1] DEBUG fr.inria.lille.repair.nopol.NoPol - statement #16
15:52:22.659 [pool-2-thread-1] DEBUG fr.inria.lille.repair.nopol.NoPol - Analysing SourceLocation org.apache.commons.math.ode.jacobians.FirstOrderIntegratorWithJacobians$FiniteDifferencesWrapper:502 which is executed by 1 tests
-1927872958
15:52:22.842 [pool-2-thread-1] DEBUG fr.inria.lille.repair.nopol.NoPol - looking with class fr.inria.lille.repair.nopol.spoon.smt.ConditionalAdder
java.lang.AssertionError
    at org.junit.Assert.fail(Assert.java:86)
    at org.junit.Assert.assertTrue(Assert.java:41)
    at org.junit.Assert.assertTrue(Assert.java:52)
    at org.apache.commons.math.ode.jacobians.FirstOrderIntegratorWithJacobiansTest.testInternalDifferentiation(FirstOrderIntegratorWithJacobiansTest.java:119)
    at sun.reflect.NativeMethodAccessorImpl.invoke0(Native Method)
    at sun.reflect.NativeMethodAccessorImpl.invoke(NativeMethodAccessorImpl.java:62)
15:52:23.546 [pool-60-thread-1] INFO  xxl.java.junit.TestCasesListener - Tests run finished (694 ms)
<> Total tests run: 7
<> Ignored tests: 0
<> Failed tests: 1
~ testInternalDifferentiation(org.apache.commons.math.ode.jacobians.FirstOrderIntegratorWithJacobiansTest)
[null]
java.lang.AssertionError    at org.junit.Assert.fail(Assert.java:86)
    at org.junit.Assert.assertTrue(Assert.java:41)
    at org.junit.Assert.assertTrue(Assert.java:52)
    at org.apache.commons.math.ode.jacobians.FirstOrderIntegratorWithJacobiansTest.testInternalDifferentiation(FirstOrderIntegratorWithJacobiansTest.java:119)
    at sun.reflect.NativeMethodAccessorImpl.invoke0(Native Method)
    at sun.reflect.NativeMethodAccessorImpl.invoke(NativeMethodAccessorImpl.java:62)

15:52:24.431 [pool-2-thread-1] DEBUG fr.inria.lille.repair.nopol.NoPol - statement #17
15:52:24.431 [pool-2-thread-1] DEBUG fr.inria.lille.repair.nopol.NoPol - Analysing SourceLocation org.apache.commons.math.ode.jacobians.FirstOrderIntegratorWithJacobians$FiniteDifferencesWrapper:500 which is executed by 1 tests
-1927872958
15:52:24.581 [pool-2-thread-1] DEBUG fr.inria.lille.repair.nopol.NoPol - statement #18
15:52:24.582 [pool-2-thread-1] DEBUG fr.inria.lille.repair.nopol.NoPol - Analysing SourceLocation org.apache.commons.math.ode.jacobians.FirstOrderIntegratorWithJacobians$FiniteDifferencesWrapper:499 which is executed by 1 tests
-1927872958
15:52:24.736 [pool-2-thread-1] DEBUG fr.inria.lille.repair.nopol.NoPol - statement #19
15:52:24.736 [pool-2-thread-1] DEBUG fr.inria.lille.repair.nopol.NoPol - Analysing SourceLocation org.apache.commons.math.ode.jacobians.FirstOrderIntegratorWithJacobians$FiniteDifferencesWrapper:491 which is executed by 1 tests
-1927872958
15:52:24.889 [pool-2-thread-1] DEBUG fr.inria.lille.repair.nopol.NoPol - statement #20
15:52:24.889 [pool-2-thread-1] DEBUG fr.inria.lille.repair.nopol.NoPol - Analysing SourceLocation org.apache.commons.math.ode.jacobians.FirstOrderIntegratorWithJacobians$FiniteDifferencesWrapper:487 which is executed by 1 tests
-1927872958
15:52:25.040 [pool-2-thread-1] DEBUG fr.inria.lille.repair.nopol.NoPol - statement #21
15:52:25.041 [pool-2-thread-1] DEBUG fr.inria.lille.repair.nopol.NoPol - Analysing SourceLocation org.apache.commons.math.ode.jacobians.FirstOrderIntegratorWithJacobians$FiniteDifferencesWrapper:486 which is executed by 1 tests
-1927872958
15:52:25.189 [pool-2-thread-1] DEBUG fr.inria.lille.repair.nopol.NoPol - looking with class fr.inria.lille.repair.nopol.spoon.smt.ConditionalAdder
java.lang.AssertionError
    at org.junit.Assert.fail(Assert.java:86)
    at org.junit.Assert.assertTrue(Assert.java:41)
    at org.junit.Assert.assertTrue(Assert.java:52)
    at org.apache.commons.math.ode.jacobians.FirstOrderIntegratorWithJacobiansTest.testInternalDifferentiation(FirstOrderIntegratorWithJacobiansTest.java:119)
    at sun.reflect.NativeMethodAccessorImpl.invoke0(Native Method)
    at sun.reflect.NativeMethodAccessorImpl.invoke(NativeMethodAccessorImpl.java:62)
15:52:25.879 [pool-64-thread-1] INFO  xxl.java.junit.TestCasesListener - Tests run finished (684 ms)
<> Total tests run: 7
<> Ignored tests: 0
<> Failed tests: 1
~ testInternalDifferentiation(org.apache.commons.math.ode.jacobians.FirstOrderIntegratorWithJacobiansTest)
[null]
java.lang.AssertionError    at org.junit.Assert.fail(Assert.java:86)
    at org.junit.Assert.assertTrue(Assert.java:41)
    at org.junit.Assert.assertTrue(Assert.java:52)
    at org.apache.commons.math.ode.jacobians.FirstOrderIntegratorWithJacobiansTest.testInternalDifferentiation(FirstOrderIntegratorWithJacobiansTest.java:119)
    at sun.reflect.NativeMethodAccessorImpl.invoke0(Native Method)
    at sun.reflect.NativeMethodAccessorImpl.invoke(NativeMethodAccessorImpl.java:62)

15:52:26.634 [pool-2-thread-1] DEBUG fr.inria.lille.repair.nopol.NoPol - statement #22
15:52:26.634 [pool-2-thread-1] DEBUG fr.inria.lille.repair.nopol.NoPol - Analysing SourceLocation org.apache.commons.math.ode.jacobians.FirstOrderIntegratorWithJacobians$FiniteDifferencesWrapper:479 which is executed by 1 tests
-1927872958
15:52:26.781 [pool-2-thread-1] DEBUG fr.inria.lille.repair.nopol.NoPol - statement #23
15:52:26.782 [pool-2-thread-1] DEBUG fr.inria.lille.repair.nopol.NoPol - Analysing SourceLocation org.apache.commons.math.ode.jacobians.FirstOrderIntegratorWithJacobians:51 which is executed by 18 tests
-1927872958
15:52:26.934 [pool-2-thread-1] DEBUG fr.inria.lille.repair.nopol.NoPol - statement #24
15:52:26.935 [pool-2-thread-1] DEBUG fr.inria.lille.repair.nopol.NoPol - Analysing SourceLocation org.apache.commons.math.RetryTestCase:52 which is executed by 1 tests
15:52:26.935 [pool-2-thread-1] DEBUG fr.inria.lille.repair.nopol.NoPol - cannot spoon SourceLocation org.apache.commons.math.RetryTestCase:52
15:52:26.935 [pool-2-thread-1] DEBUG fr.inria.lille.repair.nopol.NoPol - statement #25
15:52:26.935 [pool-2-thread-1] DEBUG fr.inria.lille.repair.nopol.NoPol - Analysing SourceLocation org.apache.commons.math.ode.jacobians.FirstOrderIntegratorWithJacobians:338 which is executed by 2 tests
-1927872958
15:52:27.080 [pool-2-thread-1] DEBUG fr.inria.lille.repair.nopol.NoPol - statement #26
15:52:27.081 [pool-2-thread-1] DEBUG fr.inria.lille.repair.nopol.NoPol - Analysing SourceLocation org.apache.commons.math.ode.jacobians.FirstOrderIntegratorWithJacobians:327 which is executed by 2 tests
-1927872958
15:52:27.225 [pool-2-thread-1] DEBUG fr.inria.lille.repair.nopol.NoPol - statement #27
15:52:27.226 [pool-2-thread-1] DEBUG fr.inria.lille.repair.nopol.NoPol - Analysing SourceLocation org.apache.commons.math.random.AbstractRandomGenerator:270 which is executed by 2 tests
1656920239
15:52:27.355 [pool-2-thread-1] DEBUG fr.inria.lille.repair.nopol.NoPol - statement #28
15:52:27.356 [pool-2-thread-1] DEBUG fr.inria.lille.repair.nopol.NoPol - Analysing SourceLocation org.apache.commons.math.random.AbstractRandomGenerator:269 which is executed by 2 tests
1656920239
15:52:27.482 [pool-2-thread-1] DEBUG fr.inria.lille.repair.nopol.NoPol - looking with class fr.inria.lille.repair.nopol.spoon.smt.ConditionalAdder
15:52:29.025 [pool-68-thread-1] INFO  xxl.java.junit.TestCasesListener - Tests run finished (1526 ms)
<> Total tests run: 19
<> Ignored tests: 0
<> Failed tests: 0

15:52:29.026 [pool-2-thread-1] ERROR fr.inria.lille.repair.nopol.NoPol - Error ExecutionException java.util.concurrent.ExecutionException: java.lang.RuntimeException: failingTestCasesValidated: nothing to repair, no failing test cases
15:52:29.026 [pool-2-thread-1] DEBUG fr.inria.lille.repair.nopol.NoPol - statement #29
15:52:29.027 [pool-2-thread-1] DEBUG fr.inria.lille.repair.nopol.NoPol - Analysing SourceLocation org.apache.commons.math.random.AbstractRandomGenerator:267 which is executed by 2 tests
1656920239
15:52:29.165 [pool-2-thread-1] DEBUG fr.inria.lille.repair.nopol.NoPol - looking with class fr.inria.lille.repair.nopol.spoon.smt.ConditionalAdder
15:52:30.614 [pool-70-thread-1] INFO  xxl.java.junit.TestCasesListener - Tests run finished (1435 ms)
<> Total tests run: 19
<> Ignored tests: 0
<> Failed tests: 0

15:52:30.614 [pool-2-thread-1] ERROR fr.inria.lille.repair.nopol.NoPol - Error ExecutionException java.util.concurrent.ExecutionException: java.lang.RuntimeException: failingTestCasesValidated: nothing to repair, no failing test cases
15:52:30.615 [pool-2-thread-1] DEBUG fr.inria.lille.repair.nopol.NoPol - statement #30
15:52:30.615 [pool-2-thread-1] DEBUG fr.inria.lille.repair.nopol.NoPol - Analysing SourceLocation org.apache.commons.math.random.AbstractRandomGenerator:266 which is executed by 2 tests
1656920239
15:52:30.736 [pool-2-thread-1] DEBUG fr.inria.lille.repair.nopol.NoPol - looking with class fr.inria.lille.repair.nopol.spoon.smt.ConditionalAdder
15:52:32.720 [pool-72-thread-1] INFO  xxl.java.junit.TestCasesListener - Tests run finished (1967 ms)
<> Total tests run: 19
<> Ignored tests: 0
<> Failed tests: 0

15:52:32.721 [pool-2-thread-1] ERROR fr.inria.lille.repair.nopol.NoPol - Error ExecutionException java.util.concurrent.ExecutionException: java.lang.RuntimeException: failingTestCasesValidated: nothing to repair, no failing test cases
15:52:32.721 [pool-2-thread-1] DEBUG fr.inria.lille.repair.nopol.NoPol - looking with class fr.inria.lille.repair.nopol.spoon.smt.ConditionalReplacer
15:52:34.148 [pool-74-thread-1] INFO  xxl.java.junit.TestCasesListener - Tests run finished (1402 ms)
<> Total tests run: 19
<> Ignored tests: 0
<> Failed tests: 0

15:52:34.148 [pool-2-thread-1] ERROR fr.inria.lille.repair.nopol.NoPol - Error ExecutionException java.util.concurrent.ExecutionException: java.lang.RuntimeException: failingTestCasesValidated: nothing to repair, no failing test cases
15:52:34.149 [pool-2-thread-1] DEBUG fr.inria.lille.repair.nopol.NoPol - statement #31
15:52:34.149 [pool-2-thread-1] DEBUG fr.inria.lille.repair.nopol.NoPol - Analysing SourceLocation org.apache.commons.math.random.AbstractRandomGenerator:264 which is executed by 2 tests
1656920239
15:52:34.282 [pool-2-thread-1] DEBUG fr.inria.lille.repair.nopol.NoPol - looking with class fr.inria.lille.repair.nopol.spoon.smt.ConditionalAdder
15:52:35.843 [pool-76-thread-1] INFO  xxl.java.junit.TestCasesListener - Tests run finished (1545 ms)
<> Total tests run: 19
<> Ignored tests: 0
<> Failed tests: 0

15:52:35.843 [pool-2-thread-1] ERROR fr.inria.lille.repair.nopol.NoPol - Error ExecutionException java.util.concurrent.ExecutionException: java.lang.RuntimeException: failingTestCasesValidated: nothing to repair, no failing test cases
15:52:35.844 [pool-2-thread-1] DEBUG fr.inria.lille.repair.nopol.NoPol - statement #32
15:52:35.844 [pool-2-thread-1] DEBUG fr.inria.lille.repair.nopol.NoPol - Analysing SourceLocation org.apache.commons.math.random.AbstractRandomGenerator:263 which is executed by 2 tests
1656920239
15:52:35.967 [pool-2-thread-1] DEBUG fr.inria.lille.repair.nopol.NoPol - looking with class fr.inria.lille.repair.nopol.spoon.smt.ConditionalAdder
15:52:37.511 [pool-78-thread-1] INFO  xxl.java.junit.TestCasesListener - Tests run finished (1532 ms)
<> Total tests run: 19
<> Ignored tests: 0
<> Failed tests: 0

15:52:37.512 [pool-2-thread-1] ERROR fr.inria.lille.repair.nopol.NoPol - Error ExecutionException java.util.concurrent.ExecutionException: java.lang.RuntimeException: failingTestCasesValidated: nothing to repair, no failing test cases
15:52:37.512 [pool-2-thread-1] DEBUG fr.inria.lille.repair.nopol.NoPol - statement #33
15:52:37.513 [pool-2-thread-1] DEBUG fr.inria.lille.repair.nopol.NoPol - Analysing SourceLocation org.apache.commons.math.random.AbstractRandomGenerator:262 which is executed by 2 tests
1656920239
15:52:37.635 [pool-2-thread-1] DEBUG fr.inria.lille.repair.nopol.NoPol - looking with class fr.inria.lille.repair.nopol.spoon.smt.ConditionalAdder
15:52:39.117 [pool-80-thread-1] INFO  xxl.java.junit.TestCasesListener - Tests run finished (1463 ms)
<> Total tests run: 19
<> Ignored tests: 0
<> Failed tests: 0

15:52:39.118 [pool-2-thread-1] ERROR fr.inria.lille.repair.nopol.NoPol - Error ExecutionException java.util.concurrent.ExecutionException: java.lang.RuntimeException: failingTestCasesValidated: nothing to repair, no failing test cases
15:52:39.118 [pool-2-thread-1] DEBUG fr.inria.lille.repair.nopol.NoPol - statement #34
15:52:39.118 [pool-2-thread-1] DEBUG fr.inria.lille.repair.nopol.NoPol - Analysing SourceLocation org.apache.commons.math.random.AbstractRandomGenerator:261 which is executed by 2 tests
1656920239
15:52:39.241 [pool-2-thread-1] DEBUG fr.inria.lille.repair.nopol.NoPol - looking with class fr.inria.lille.repair.nopol.spoon.smt.ConditionalAdder
15:52:40.861 [pool-82-thread-1] INFO  xxl.java.junit.TestCasesListener - Tests run finished (1607 ms)
<> Total tests run: 19
<> Ignored tests: 0
<> Failed tests: 0

15:52:40.862 [pool-2-thread-1] ERROR fr.inria.lille.repair.nopol.NoPol - Error ExecutionException java.util.concurrent.ExecutionException: java.lang.RuntimeException: failingTestCasesValidated: nothing to repair, no failing test cases
15:52:40.862 [pool-2-thread-1] DEBUG fr.inria.lille.repair.nopol.NoPol - statement #35
15:52:40.862 [pool-2-thread-1] DEBUG fr.inria.lille.repair.nopol.NoPol - Analysing SourceLocation org.apache.commons.math.random.AbstractRandomGenerator:260 which is executed by 2 tests
1656920239
15:52:40.988 [pool-2-thread-1] DEBUG fr.inria.lille.repair.nopol.NoPol - statement #36
15:52:40.988 [pool-2-thread-1] DEBUG fr.inria.lille.repair.nopol.NoPol - Analysing SourceLocation org.apache.commons.math.random.AbstractRandomGenerator:259 which is executed by 2 tests
1656920239
15:52:41.109 [pool-2-thread-1] DEBUG fr.inria.lille.repair.nopol.NoPol - statement #37
15:52:41.109 [pool-2-thread-1] DEBUG fr.inria.lille.repair.nopol.NoPol - Analysing SourceLocation org.apache.commons.math.random.AbstractRandomGenerator:258 which is executed by 2 tests
1656920239
15:52:41.230 [pool-2-thread-1] DEBUG fr.inria.lille.repair.nopol.NoPol - statement #38
15:52:41.231 [pool-2-thread-1] DEBUG fr.inria.lille.repair.nopol.NoPol - Analysing SourceLocation org.apache.commons.math.random.AbstractRandomGenerator:256 which is executed by 2 tests
1656920239
15:52:41.351 [pool-2-thread-1] DEBUG fr.inria.lille.repair.nopol.NoPol - looking with class fr.inria.lille.repair.nopol.spoon.smt.ConditionalAdder
15:52:42.802 [pool-84-thread-1] INFO  xxl.java.junit.TestCasesListener - Tests run finished (1438 ms)
<> Total tests run: 19
<> Ignored tests: 0
<> Failed tests: 0

15:52:42.803 [pool-2-thread-1] ERROR fr.inria.lille.repair.nopol.NoPol - Error ExecutionException java.util.concurrent.ExecutionException: java.lang.RuntimeException: failingTestCasesValidated: nothing to repair, no failing test cases
15:52:42.803 [pool-2-thread-1] DEBUG fr.inria.lille.repair.nopol.NoPol - statement #39
15:52:42.803 [pool-2-thread-1] DEBUG fr.inria.lille.repair.nopol.NoPol - Analysing SourceLocation org.apache.commons.math.random.AbstractRandomGenerator:255 which is executed by 2 tests
1656920239
15:52:42.925 [pool-2-thread-1] DEBUG fr.inria.lille.repair.nopol.NoPol - looking with class fr.inria.lille.repair.nopol.spoon.smt.ConditionalAdder
15:52:44.290 [pool-86-thread-1] INFO  xxl.java.junit.TestCasesListener - Tests run finished (1352 ms)
<> Total tests run: 19
<> Ignored tests: 0
<> Failed tests: 0

15:52:44.291 [pool-2-thread-1] ERROR fr.inria.lille.repair.nopol.NoPol - Error ExecutionException java.util.concurrent.ExecutionException: java.lang.RuntimeException: failingTestCasesValidated: nothing to repair, no failing test cases
15:52:44.291 [pool-2-thread-1] DEBUG fr.inria.lille.repair.nopol.NoPol - statement #40
15:52:44.291 [pool-2-thread-1] DEBUG fr.inria.lille.repair.nopol.NoPol - Analysing SourceLocation org.apache.commons.math.random.AbstractRandomGenerator:254 which is executed by 2 tests
1656920239
15:52:44.413 [pool-2-thread-1] DEBUG fr.inria.lille.repair.nopol.NoPol - statement #41
15:52:44.413 [pool-2-thread-1] DEBUG fr.inria.lille.repair.nopol.NoPol - Analysing SourceLocation org.apache.commons.math.random.AbstractRandomGenerator:253 which is executed by 2 tests
1656920239
15:52:44.534 [pool-2-thread-1] DEBUG fr.inria.lille.repair.nopol.NoPol - looking with class fr.inria.lille.repair.nopol.spoon.smt.ConditionalAdder
15:52:45.915 [pool-88-thread-1] INFO  xxl.java.junit.TestCasesListener - Tests run finished (1367 ms)
<> Total tests run: 19
<> Ignored tests: 0
<> Failed tests: 0

15:52:45.916 [pool-2-thread-1] ERROR fr.inria.lille.repair.nopol.NoPol - Error ExecutionException java.util.concurrent.ExecutionException: java.lang.RuntimeException: failingTestCasesValidated: nothing to repair, no failing test cases
15:52:45.916 [pool-2-thread-1] DEBUG fr.inria.lille.repair.nopol.NoPol - looking with class fr.inria.lille.repair.nopol.spoon.smt.ConditionalReplacer
15:52:47.365 [pool-90-thread-1] INFO  xxl.java.junit.TestCasesListener - Tests run finished (1435 ms)
<> Total tests run: 19
<> Ignored tests: 0
<> Failed tests: 0

15:52:47.366 [pool-2-thread-1] ERROR fr.inria.lille.repair.nopol.NoPol - Error ExecutionException java.util.concurrent.ExecutionException: java.lang.RuntimeException: failingTestCasesValidated: nothing to repair, no failing test cases
15:52:47.366 [pool-2-thread-1] DEBUG fr.inria.lille.repair.nopol.NoPol - statement #42
15:52:47.366 [pool-2-thread-1] DEBUG fr.inria.lille.repair.nopol.NoPol - Analysing SourceLocation org.apache.commons.math.linear.AbstractRealVector$SparseEntryIterator:873 which is executed by 3 tests
1077493348
15:52:47.537 [pool-2-thread-1] DEBUG fr.inria.lille.repair.nopol.NoPol - statement #43
15:52:47.537 [pool-2-thread-1] DEBUG fr.inria.lille.repair.nopol.NoPol - Analysing SourceLocation org.apache.commons.math.linear.AbstractRealVector$SparseEntryIterator:937 which is executed by 3 tests
1077493348
15:52:47.749 [pool-2-thread-1] DEBUG fr.inria.lille.repair.nopol.NoPol - statement #44
15:52:47.749 [pool-2-thread-1] DEBUG fr.inria.lille.repair.nopol.NoPol - Analysing SourceLocation org.apache.commons.math.linear.AbstractRealVector$SparseEntryIterator:935 which is executed by 3 tests
1077493348
15:52:47.955 [pool-2-thread-1] DEBUG fr.inria.lille.repair.nopol.NoPol - looking with class fr.inria.lille.repair.nopol.spoon.smt.ConditionalAdder
java.lang.ArrayIndexOutOfBoundsException: -1
    at org.apache.commons.math.linear.AbstractRealVectorTest$TestVectorImpl.getEntry(AbstractRealVectorTest.java:147)
    at org.apache.commons.math.linear.AbstractRealVector$EntryImpl.getValue(AbstractRealVector.java:850)
    at org.apache.commons.math.linear.AbstractRealVectorTest.testSparseIterator(AbstractRealVectorTest.java:215)
    at sun.reflect.NativeMethodAccessorImpl.invoke0(Native Method)
    at sun.reflect.NativeMethodAccessorImpl.invoke(NativeMethodAccessorImpl.java:62)
    at sun.reflect.DelegatingMethodAccessorImpl.invoke(DelegatingMethodAccessorImpl.java:43)
15:52:48.356 [pool-92-thread-1] INFO  xxl.java.junit.TestCasesListener - Tests run finished (396 ms)
<> Total tests run: 4
<> Ignored tests: 0
<> Failed tests: 1
~ testSparseIterator(org.apache.commons.math.linear.AbstractRealVectorTest)
[-1]
java.lang.ArrayIndexOutOfBoundsException: -1    at org.apache.commons.math.linear.AbstractRealVectorTest$TestVectorImpl.getEntry(AbstractRealVectorTest.java:147)
    at org.apache.commons.math.linear.AbstractRealVector$EntryImpl.getValue(AbstractRealVector.java:850)
    at org.apache.commons.math.linear.AbstractRealVectorTest.testSparseIterator(AbstractRealVectorTest.java:215)
    at sun.reflect.NativeMethodAccessorImpl.invoke0(Native Method)
    at sun.reflect.NativeMethodAccessorImpl.invoke(NativeMethodAccessorImpl.java:62)
    at sun.reflect.DelegatingMethodAccessorImpl.invoke(DelegatingMethodAccessorImpl.java:43)

15:52:48.977 [pool-2-thread-1] DEBUG fr.inria.lille.repair.nopol.NoPol - statement #45
15:52:48.977 [pool-2-thread-1] DEBUG fr.inria.lille.repair.nopol.NoPol - Analysing SourceLocation org.apache.commons.math.linear.AbstractRealVector$SparseEntryIterator:932 which is executed by 3 tests
1077493348
15:52:49.139 [pool-2-thread-1] DEBUG fr.inria.lille.repair.nopol.NoPol - looking with class fr.inria.lille.repair.nopol.spoon.smt.ConditionalAdder
java.lang.ArrayIndexOutOfBoundsException: -1
    at org.apache.commons.math.linear.AbstractRealVectorTest$TestVectorImpl.getEntry(AbstractRealVectorTest.java:147)
    at org.apache.commons.math.linear.AbstractRealVector$EntryImpl.getValue(AbstractRealVector.java:850)
    at org.apache.commons.math.linear.AbstractRealVectorTest.testSparseIterator(AbstractRealVectorTest.java:215)
    at sun.reflect.NativeMethodAccessorImpl.invoke0(Native Method)
    at sun.reflect.NativeMethodAccessorImpl.invoke(NativeMethodAccessorImpl.java:62)
    at sun.reflect.DelegatingMethodAccessorImpl.invoke(DelegatingMethodAccessorImpl.java:43)
15:52:49.486 [pool-96-thread-1] INFO  xxl.java.junit.TestCasesListener - Tests run finished (344 ms)
<> Total tests run: 4
<> Ignored tests: 0
<> Failed tests: 1
~ testSparseIterator(org.apache.commons.math.linear.AbstractRealVectorTest)
[-1]
java.lang.ArrayIndexOutOfBoundsException: -1    at org.apache.commons.math.linear.AbstractRealVectorTest$TestVectorImpl.getEntry(AbstractRealVectorTest.java:147)
    at org.apache.commons.math.linear.AbstractRealVector$EntryImpl.getValue(AbstractRealVector.java:850)
    at org.apache.commons.math.linear.AbstractRealVectorTest.testSparseIterator(AbstractRealVectorTest.java:215)
    at sun.reflect.NativeMethodAccessorImpl.invoke0(Native Method)
    at sun.reflect.NativeMethodAccessorImpl.invoke(NativeMethodAccessorImpl.java:62)
    at sun.reflect.DelegatingMethodAccessorImpl.invoke(DelegatingMethodAccessorImpl.java:43)

15:52:50.109 [pool-2-thread-1] DEBUG fr.inria.lille.repair.nopol.NoPol - statement #46
15:52:50.109 [pool-2-thread-1] DEBUG fr.inria.lille.repair.nopol.NoPol - Analysing SourceLocation org.apache.commons.math.linear.AbstractRealVector$SparseEntryIterator:931 which is executed by 3 tests
1077493348
15:52:50.297 [pool-2-thread-1] DEBUG fr.inria.lille.repair.nopol.NoPol - looking with class fr.inria.lille.repair.nopol.spoon.smt.ConditionalAdder
java.lang.ArrayIndexOutOfBoundsException: -1
    at org.apache.commons.math.linear.AbstractRealVectorTest$TestVectorImpl.getEntry(AbstractRealVectorTest.java:147)
    at org.apache.commons.math.linear.AbstractRealVector$EntryImpl.getValue(AbstractRealVector.java:850)
    at org.apache.commons.math.linear.AbstractRealVectorTest.testSparseIterator(AbstractRealVectorTest.java:215)
    at sun.reflect.NativeMethodAccessorImpl.invoke0(Native Method)
    at sun.reflect.NativeMethodAccessorImpl.invoke(NativeMethodAccessorImpl.java:62)
    at sun.reflect.DelegatingMethodAccessorImpl.invoke(DelegatingMethodAccessorImpl.java:43)
15:52:50.693 [pool-100-thread-1] INFO  xxl.java.junit.TestCasesListener - Tests run finished (392 ms)
<> Total tests run: 4
<> Ignored tests: 0
<> Failed tests: 1
~ testSparseIterator(org.apache.commons.math.linear.AbstractRealVectorTest)
[-1]
java.lang.ArrayIndexOutOfBoundsException: -1    at org.apache.commons.math.linear.AbstractRealVectorTest$TestVectorImpl.getEntry(AbstractRealVectorTest.java:147)
    at org.apache.commons.math.linear.AbstractRealVector$EntryImpl.getValue(AbstractRealVector.java:850)
    at org.apache.commons.math.linear.AbstractRealVectorTest.testSparseIterator(AbstractRealVectorTest.java:215)
    at sun.reflect.NativeMethodAccessorImpl.invoke0(Native Method)
    at sun.reflect.NativeMethodAccessorImpl.invoke(NativeMethodAccessorImpl.java:62)
    at sun.reflect.DelegatingMethodAccessorImpl.invoke(DelegatingMethodAccessorImpl.java:43)

15:52:51.207 [pool-2-thread-1] DEBUG fr.inria.lille.repair.nopol.NoPol - looking with class fr.inria.lille.repair.nopol.spoon.smt.ConditionalReplacer
java.lang.ArrayIndexOutOfBoundsException: -1
    at org.apache.commons.math.linear.AbstractRealVectorTest$TestVectorImpl.getEntry(AbstractRealVectorTest.java:147)
    at org.apache.commons.math.linear.AbstractRealVector$EntryImpl.getValue(AbstractRealVector.java:850)
    at org.apache.commons.math.linear.AbstractRealVectorTest.testSparseIterator(AbstractRealVectorTest.java:215)
    at sun.reflect.NativeMethodAccessorImpl.invoke0(Native Method)
    at sun.reflect.NativeMethodAccessorImpl.invoke(NativeMethodAccessorImpl.java:62)
    at sun.reflect.DelegatingMethodAccessorImpl.invoke(DelegatingMethodAccessorImpl.java:43)
15:52:51.579 [pool-104-thread-1] INFO  xxl.java.junit.TestCasesListener - Tests run finished (369 ms)
<> Total tests run: 4
<> Ignored tests: 0
<> Failed tests: 1
~ testSparseIterator(org.apache.commons.math.linear.AbstractRealVectorTest)
[-1]
java.lang.ArrayIndexOutOfBoundsException: -1    at org.apache.commons.math.linear.AbstractRealVectorTest$TestVectorImpl.getEntry(AbstractRealVectorTest.java:147)
    at org.apache.commons.math.linear.AbstractRealVector$EntryImpl.getValue(AbstractRealVector.java:850)
    at org.apache.commons.math.linear.AbstractRealVectorTest.testSparseIterator(AbstractRealVectorTest.java:215)
    at sun.reflect.NativeMethodAccessorImpl.invoke0(Native Method)
    at sun.reflect.NativeMethodAccessorImpl.invoke(NativeMethodAccessorImpl.java:62)
    at sun.reflect.DelegatingMethodAccessorImpl.invoke(DelegatingMethodAccessorImpl.java:43)

15:52:52.111 [pool-2-thread-1] DEBUG fr.inria.lille.repair.nopol.NoPol - statement #47
15:52:52.111 [pool-2-thread-1] DEBUG fr.inria.lille.repair.nopol.NoPol - Analysing SourceLocation org.apache.commons.math.linear.AbstractRealVector$SparseEntryIterator:930 which is executed by 3 tests
1077493348
15:52:52.275 [pool-2-thread-1] DEBUG fr.inria.lille.repair.nopol.NoPol - looking with class fr.inria.lille.repair.nopol.spoon.smt.ConditionalAdder
java.lang.ArrayIndexOutOfBoundsException: -1
    at org.apache.commons.math.linear.AbstractRealVectorTest$TestVectorImpl.getEntry(AbstractRealVectorTest.java:147)
    at org.apache.commons.math.linear.AbstractRealVector$EntryImpl.getValue(AbstractRealVector.java:850)
    at org.apache.commons.math.linear.AbstractRealVectorTest.testSparseIterator(AbstractRealVectorTest.java:215)
    at sun.reflect.NativeMethodAccessorImpl.invoke0(Native Method)
    at sun.reflect.NativeMethodAccessorImpl.invoke(NativeMethodAccessorImpl.java:62)
    at sun.reflect.DelegatingMethodAccessorImpl.invoke(DelegatingMethodAccessorImpl.java:43)
15:52:52.654 [pool-108-thread-1] INFO  xxl.java.junit.TestCasesListener - Tests run finished (376 ms)
<> Total tests run: 4
<> Ignored tests: 0
<> Failed tests: 1
~ testSparseIterator(org.apache.commons.math.linear.AbstractRealVectorTest)
[-1]
java.lang.ArrayIndexOutOfBoundsException: -1    at org.apache.commons.math.linear.AbstractRealVectorTest$TestVectorImpl.getEntry(AbstractRealVectorTest.java:147)
    at org.apache.commons.math.linear.AbstractRealVector$EntryImpl.getValue(AbstractRealVector.java:850)
    at org.apache.commons.math.linear.AbstractRealVectorTest.testSparseIterator(AbstractRealVectorTest.java:215)
    at sun.reflect.NativeMethodAccessorImpl.invoke0(Native Method)
    at sun.reflect.NativeMethodAccessorImpl.invoke(NativeMethodAccessorImpl.java:62)
    at sun.reflect.DelegatingMethodAccessorImpl.invoke(DelegatingMethodAccessorImpl.java:43)

15:52:53.161 [pool-2-thread-1] DEBUG fr.inria.lille.repair.nopol.NoPol - statement #48
15:52:53.161 [pool-2-thread-1] DEBUG fr.inria.lille.repair.nopol.NoPol - Analysing SourceLocation org.apache.commons.math.linear.AbstractRealVector$SparseEntryIterator:929 which is executed by 3 tests
1077493348
15:52:53.324 [pool-2-thread-1] DEBUG fr.inria.lille.repair.nopol.NoPol - looking with class fr.inria.lille.repair.nopol.spoon.smt.ConditionalAdder
java.lang.ArrayIndexOutOfBoundsException: -1
    at org.apache.commons.math.linear.AbstractRealVectorTest$TestVectorImpl.getEntry(AbstractRealVectorTest.java:147)
    at org.apache.commons.math.linear.AbstractRealVector$EntryImpl.getValue(AbstractRealVector.java:850)
    at org.apache.commons.math.linear.AbstractRealVectorTest.testSparseIterator(AbstractRealVectorTest.java:215)
    at sun.reflect.NativeMethodAccessorImpl.invoke0(Native Method)
    at sun.reflect.NativeMethodAccessorImpl.invoke(NativeMethodAccessorImpl.java:62)
    at sun.reflect.DelegatingMethodAccessorImpl.invoke(DelegatingMethodAccessorImpl.java:43)
15:52:53.662 [pool-112-thread-1] INFO  xxl.java.junit.TestCasesListener - Tests run finished (335 ms)
<> Total tests run: 4
<> Ignored tests: 0
<> Failed tests: 1
~ testSparseIterator(org.apache.commons.math.linear.AbstractRealVectorTest)
[-1]
java.lang.ArrayIndexOutOfBoundsException: -1    at org.apache.commons.math.linear.AbstractRealVectorTest$TestVectorImpl.getEntry(AbstractRealVectorTest.java:147)
    at org.apache.commons.math.linear.AbstractRealVector$EntryImpl.getValue(AbstractRealVector.java:850)
    at org.apache.commons.math.linear.AbstractRealVectorTest.testSparseIterator(AbstractRealVectorTest.java:215)
    at sun.reflect.NativeMethodAccessorImpl.invoke0(Native Method)
    at sun.reflect.NativeMethodAccessorImpl.invoke(NativeMethodAccessorImpl.java:62)
    at sun.reflect.DelegatingMethodAccessorImpl.invoke(DelegatingMethodAccessorImpl.java:43)

15:52:54.262 [pool-2-thread-1] DEBUG fr.inria.lille.repair.nopol.NoPol - statement #49
15:52:54.263 [pool-2-thread-1] DEBUG fr.inria.lille.repair.nopol.NoPol - Analysing SourceLocation org.apache.commons.math.linear.AbstractRealVector$SparseEntryIterator:928 which is executed by 3 tests
1077493348
15:52:54.468 [pool-2-thread-1] DEBUG fr.inria.lille.repair.nopol.NoPol - looking with class fr.inria.lille.repair.nopol.spoon.smt.ConditionalAdder
java.lang.ArrayIndexOutOfBoundsException: -1
    at org.apache.commons.math.linear.AbstractRealVectorTest$TestVectorImpl.getEntry(AbstractRealVectorTest.java:147)
    at org.apache.commons.math.linear.AbstractRealVector$EntryImpl.getValue(AbstractRealVector.java:850)
    at org.apache.commons.math.linear.AbstractRealVectorTest.testSparseIterator(AbstractRealVectorTest.java:215)
    at sun.reflect.NativeMethodAccessorImpl.invoke0(Native Method)
    at sun.reflect.NativeMethodAccessorImpl.invoke(NativeMethodAccessorImpl.java:62)
    at sun.reflect.DelegatingMethodAccessorImpl.invoke(DelegatingMethodAccessorImpl.java:43)
15:52:54.825 [pool-116-thread-1] INFO  xxl.java.junit.TestCasesListener - Tests run finished (352 ms)
<> Total tests run: 4
<> Ignored tests: 0
<> Failed tests: 1
~ testSparseIterator(org.apache.commons.math.linear.AbstractRealVectorTest)
[-1]
java.lang.ArrayIndexOutOfBoundsException: -1    at org.apache.commons.math.linear.AbstractRealVectorTest$TestVectorImpl.getEntry(AbstractRealVectorTest.java:147)
    at org.apache.commons.math.linear.AbstractRealVector$EntryImpl.getValue(AbstractRealVector.java:850)
    at org.apache.commons.math.linear.AbstractRealVectorTest.testSparseIterator(AbstractRealVectorTest.java:215)
    at sun.reflect.NativeMethodAccessorImpl.invoke0(Native Method)
    at sun.reflect.NativeMethodAccessorImpl.invoke(NativeMethodAccessorImpl.java:62)
    at sun.reflect.DelegatingMethodAccessorImpl.invoke(DelegatingMethodAccessorImpl.java:43)

15:52:55.339 [pool-2-thread-1] DEBUG fr.inria.lille.repair.nopol.NoPol - looking with class fr.inria.lille.repair.nopol.spoon.smt.ConditionalReplacer
java.lang.ArrayIndexOutOfBoundsException: -1
    at org.apache.commons.math.linear.AbstractRealVectorTest$TestVectorImpl.getEntry(AbstractRealVectorTest.java:147)
    at org.apache.commons.math.linear.AbstractRealVector$EntryImpl.getValue(AbstractRealVector.java:850)
    at org.apache.commons.math.linear.AbstractRealVectorTest.testSparseIterator(AbstractRealVectorTest.java:215)
    at sun.reflect.NativeMethodAccessorImpl.invoke0(Native Method)
    at sun.reflect.NativeMethodAccessorImpl.invoke(NativeMethodAccessorImpl.java:62)
    at sun.reflect.DelegatingMethodAccessorImpl.invoke(DelegatingMethodAccessorImpl.java:43)
15:52:55.688 [pool-120-thread-1] INFO  xxl.java.junit.TestCasesListener - Tests run finished (346 ms)
<> Total tests run: 4
<> Ignored tests: 0
<> Failed tests: 1
~ testSparseIterator(org.apache.commons.math.linear.AbstractRealVectorTest)
[-1]
java.lang.ArrayIndexOutOfBoundsException: -1    at org.apache.commons.math.linear.AbstractRealVectorTest$TestVectorImpl.getEntry(AbstractRealVectorTest.java:147)
    at org.apache.commons.math.linear.AbstractRealVector$EntryImpl.getValue(AbstractRealVector.java:850)
    at org.apache.commons.math.linear.AbstractRealVectorTest.testSparseIterator(AbstractRealVectorTest.java:215)
    at sun.reflect.NativeMethodAccessorImpl.invoke0(Native Method)
    at sun.reflect.NativeMethodAccessorImpl.invoke(NativeMethodAccessorImpl.java:62)
    at sun.reflect.DelegatingMethodAccessorImpl.invoke(DelegatingMethodAccessorImpl.java:43)

java -cp /tmp/DynaMoth_Bug_dot_jar_Commons-Math_3a15d8ce/target/classes:/tmp/DynaMoth_Bug_dot_jar_Commons-Math_3a15d8ce/target/test-classes:/home/tdurieux/.m2/repository/junit/junit/4.4/junit-4.4.jar:/home/tdurieux/defects4j4repair/script/../repair_tools/nopol.jar:/home/tdurieux/defects4j4repair/repair_tools/nopol.jar:/usr/lib/jvm/java-8-openjdk-amd64/lib/tools.jar: fr.inria.lille.repair.MethodTestRunner org.apache.commons.math.linear.AbstractRealVectorTest#testSparseIterator org.apache.commons.math.linear.SparseRealVectorTest#testBasicFunctions org.apache.commons.math.linear.AbstractRealVectorTest#testMap 
15:52:56.705 [pool-119-thread-1] DEBUG f.i.l.r.s.DynamothCodeGenesisImpl - ClassPrepareEvent
15:52:56.801 [pool-119-thread-1] DEBUG f.i.l.r.s.c.spoon.ClassCollector - [class] org.apache.commons.math.linear.AbstractRealVector$1
15:52:56.810 [pool-119-thread-1] DEBUG f.i.l.r.s.c.spoon.ClassCollector - [class] org.apache.commons.math.linear.AbstractRealVector$EntryImpl
15:52:56.848 [pool-119-thread-1] DEBUG f.i.l.r.s.c.spoon.ClassCollector - [class] org.apache.commons.math.linear.RealVector$Entry
15:52:56.883 [pool-119-thread-1] DEBUG f.i.l.r.s.c.spoon.ClassCollector - [class] org.apache.commons.math.linear.AbstractRealVector$SparseEntryIterator
15:52:57.499 [pool-119-thread-1] DEBUG f.i.l.r.s.DynamothCodeGenesisImpl - BreakpointEvent
15:52:57.507 [pool-119-thread-1] INFO  f.i.l.r.s.DynamothCodeGenesisImpl - [test] org.apache.commons.math.linear.AbstractRealVectorTest#testMap iteration 0
15:52:57.539 [pool-119-thread-1] DEBUG f.i.l.r.s.c.DynamothDataCollector - Collect Level 1
15:52:57.540 [pool-119-thread-1] DEBUG f.i.l.r.s.c.DynamothDataCollector - [data] this=instance of org.apache.commons.math.linear.AbstractRealVector$SparseEntryIterator(id=259)
15:52:57.555 [pool-119-thread-1] DEBUG f.i.l.r.s.c.DynamothDataCollector - [data] this.dim
15:52:57.555 [pool-119-thread-1] DEBUG f.i.l.r.s.c.DynamothDataCollector - [data] this.tmp
15:52:57.555 [pool-119-thread-1] DEBUG f.i.l.r.s.c.DynamothDataCollector - [data] this.current
15:52:57.555 [pool-119-thread-1] DEBUG f.i.l.r.s.c.DynamothDataCollector - [data] this.next
15:52:57.555 [pool-119-thread-1] DEBUG f.i.l.r.s.c.DynamothDataCollector - [data] this.this$0
15:52:57.558 [pool-119-thread-1] DEBUG f.i.l.r.s.DynamothCodeGenesisImpl - BreakpointEvent
15:52:57.560 [pool-119-thread-1] INFO  f.i.l.r.s.DynamothCodeGenesisImpl - [test] org.apache.commons.math.linear.AbstractRealVectorTest#testMap iteration 1
15:52:57.584 [pool-119-thread-1] DEBUG f.i.l.r.s.c.DynamothDataCollector - Collect Level 1
15:52:57.584 [pool-119-thread-1] DEBUG f.i.l.r.s.c.DynamothDataCollector - [data] this=instance of org.apache.commons.math.linear.AbstractRealVector$SparseEntryIterator(id=259)
15:52:57.588 [pool-119-thread-1] DEBUG f.i.l.r.s.c.DynamothDataCollector - [data] this.dim
15:52:57.588 [pool-119-thread-1] DEBUG f.i.l.r.s.c.DynamothDataCollector - [data] this.tmp
15:52:57.588 [pool-119-thread-1] DEBUG f.i.l.r.s.c.DynamothDataCollector - [data] this.current
15:52:57.588 [pool-119-thread-1] DEBUG f.i.l.r.s.c.DynamothDataCollector - [data] this.next
15:52:57.589 [pool-119-thread-1] DEBUG f.i.l.r.s.c.DynamothDataCollector - [data] this.this$0
15:52:57.590 [pool-119-thread-1] DEBUG f.i.l.r.s.DynamothCodeGenesisImpl - BreakpointEvent
15:52:57.592 [pool-119-thread-1] INFO  f.i.l.r.s.DynamothCodeGenesisImpl - [test] org.apache.commons.math.linear.AbstractRealVectorTest#testMap iteration 2
15:52:57.616 [pool-119-thread-1] DEBUG f.i.l.r.s.c.DynamothDataCollector - Collect Level 1
15:52:57.616 [pool-119-thread-1] DEBUG f.i.l.r.s.c.DynamothDataCollector - [data] this=instance of org.apache.commons.math.linear.AbstractRealVector$SparseEntryIterator(id=259)
15:52:57.620 [pool-119-thread-1] DEBUG f.i.l.r.s.c.DynamothDataCollector - [data] this.dim
15:52:57.620 [pool-119-thread-1] DEBUG f.i.l.r.s.c.DynamothDataCollector - [data] this.tmp
15:52:57.620 [pool-119-thread-1] DEBUG f.i.l.r.s.c.DynamothDataCollector - [data] this.current
15:52:57.620 [pool-119-thread-1] DEBUG f.i.l.r.s.c.DynamothDataCollector - [data] this.next
15:52:57.620 [pool-119-thread-1] DEBUG f.i.l.r.s.c.DynamothDataCollector - [data] this.this$0
15:52:57.621 [pool-119-thread-1] DEBUG f.i.l.r.s.DynamothCodeGenesisImpl - BreakpointEvent
15:52:57.623 [pool-119-thread-1] INFO  f.i.l.r.s.DynamothCodeGenesisImpl - [test] org.apache.commons.math.linear.AbstractRealVectorTest#testMap iteration 3
15:52:57.648 [pool-119-thread-1] DEBUG f.i.l.r.s.c.DynamothDataCollector - Collect Level 1
15:52:57.648 [pool-119-thread-1] DEBUG f.i.l.r.s.c.DynamothDataCollector - [data] this=instance of org.apache.commons.math.linear.AbstractRealVector$SparseEntryIterator(id=259)
15:52:57.651 [pool-119-thread-1] DEBUG f.i.l.r.s.c.DynamothDataCollector - [data] this.dim
15:52:57.652 [pool-119-thread-1] DEBUG f.i.l.r.s.c.DynamothDataCollector - [data] this.tmp
15:52:57.652 [pool-119-thread-1] DEBUG f.i.l.r.s.c.DynamothDataCollector - [data] this.current
15:52:57.652 [pool-119-thread-1] DEBUG f.i.l.r.s.c.DynamothDataCollector - [data] this.next
15:52:57.652 [pool-119-thread-1] DEBUG f.i.l.r.s.c.DynamothDataCollector - [data] this.this$0
15:52:57.653 [pool-119-thread-1] DEBUG f.i.l.r.s.DynamothCodeGenesisImpl - BreakpointEvent
15:52:57.655 [pool-119-thread-1] INFO  f.i.l.r.s.DynamothCodeGenesisImpl - [test] org.apache.commons.math.linear.AbstractRealVectorTest#testMap iteration 4
15:52:57.680 [pool-119-thread-1] DEBUG f.i.l.r.s.c.DynamothDataCollector - Collect Level 1
15:52:57.680 [pool-119-thread-1] DEBUG f.i.l.r.s.c.DynamothDataCollector - [data] this=instance of org.apache.commons.math.linear.AbstractRealVector$SparseEntryIterator(id=259)
15:52:57.684 [pool-119-thread-1] DEBUG f.i.l.r.s.c.DynamothDataCollector - [data] this.dim
15:52:57.684 [pool-119-thread-1] DEBUG f.i.l.r.s.c.DynamothDataCollector - [data] this.tmp
15:52:57.684 [pool-119-thread-1] DEBUG f.i.l.r.s.c.DynamothDataCollector - [data] this.current
15:52:57.684 [pool-119-thread-1] DEBUG f.i.l.r.s.c.DynamothDataCollector - [data] this.next
15:52:57.684 [pool-119-thread-1] DEBUG f.i.l.r.s.c.DynamothDataCollector - [data] this.this$0
15:52:57.689 [pool-119-thread-1] DEBUG f.i.l.r.s.DynamothCodeGenesisImpl - BreakpointEvent
15:52:57.691 [pool-119-thread-1] INFO  f.i.l.r.s.DynamothCodeGenesisImpl - [test] org.apache.commons.math.linear.AbstractRealVectorTest#testSparseIterator iteration 0
15:52:57.715 [pool-119-thread-1] DEBUG f.i.l.r.s.c.DynamothDataCollector - Collect Level 1
15:52:57.716 [pool-119-thread-1] DEBUG f.i.l.r.s.c.DynamothDataCollector - [data] this=instance of org.apache.commons.math.linear.AbstractRealVector$SparseEntryIterator(id=270)
15:52:57.719 [pool-119-thread-1] DEBUG f.i.l.r.s.c.DynamothDataCollector - [data] this.dim
15:52:57.719 [pool-119-thread-1] DEBUG f.i.l.r.s.c.DynamothDataCollector - [data] this.tmp
15:52:57.720 [pool-119-thread-1] DEBUG f.i.l.r.s.c.DynamothDataCollector - [data] this.current
15:52:57.720 [pool-119-thread-1] DEBUG f.i.l.r.s.c.DynamothDataCollector - [data] this.next
15:52:57.720 [pool-119-thread-1] DEBUG f.i.l.r.s.c.DynamothDataCollector - [data] this.this$0
15:52:57.721 [pool-119-thread-1] DEBUG f.i.l.r.s.DynamothCodeGenesisImpl - BreakpointEvent
15:52:57.722 [pool-119-thread-1] INFO  f.i.l.r.s.DynamothCodeGenesisImpl - [test] org.apache.commons.math.linear.AbstractRealVectorTest#testSparseIterator iteration 1
15:52:57.747 [pool-119-thread-1] DEBUG f.i.l.r.s.c.DynamothDataCollector - Collect Level 1
15:52:57.747 [pool-119-thread-1] DEBUG f.i.l.r.s.c.DynamothDataCollector - [data] this=instance of org.apache.commons.math.linear.AbstractRealVector$SparseEntryIterator(id=270)
15:52:57.751 [pool-119-thread-1] DEBUG f.i.l.r.s.c.DynamothDataCollector - [data] this.dim
15:52:57.751 [pool-119-thread-1] DEBUG f.i.l.r.s.c.DynamothDataCollector - [data] this.tmp
15:52:57.751 [pool-119-thread-1] DEBUG f.i.l.r.s.c.DynamothDataCollector - [data] this.current
15:52:57.751 [pool-119-thread-1] DEBUG f.i.l.r.s.c.DynamothDataCollector - [data] this.next
15:52:57.751 [pool-119-thread-1] DEBUG f.i.l.r.s.c.DynamothDataCollector - [data] this.this$0
15:52:57.753 [pool-119-thread-1] DEBUG f.i.l.r.s.DynamothCodeGenesisImpl - BreakpointEvent
15:52:57.754 [pool-119-thread-1] INFO  f.i.l.r.s.DynamothCodeGenesisImpl - [test] org.apache.commons.math.linear.AbstractRealVectorTest#testSparseIterator iteration 2
java.lang.ArrayIndexOutOfBoundsException: 2
	at fr.inria.lille.repair.synthesis.DynamothCodeGenesisImpl.processBreakPointEvents(DynamothCodeGenesisImpl.java:283)
	at fr.inria.lille.repair.synthesis.DynamothCodeGenesisImpl.processVMEvents(DynamothCodeGenesisImpl.java:178)
	at fr.inria.lille.repair.synthesis.DynamothCodeGenesisImpl.run(DynamothCodeGenesisImpl.java:147)
	at fr.inria.lille.repair.nopol.synth.dynamoth.DynamothSynthesizer.findAngelicValuesAndBuildPatch(DynamothSynthesizer.java:142)
	at fr.inria.lille.repair.nopol.NoPol.runNopolProcessor(NoPol.java:295)
	at fr.inria.lille.repair.nopol.NoPol.access$000(NoPol.java:81)
	at fr.inria.lille.repair.nopol.NoPol$1.call(NoPol.java:260)
	at java.util.concurrent.FutureTask.run(FutureTask.java:266)
	at java.util.concurrent.ThreadPoolExecutor.runWorker(ThreadPoolExecutor.java:1149)
	at java.util.concurrent.ThreadPoolExecutor$Worker.run(ThreadPoolExecutor.java:624)
	at java.lang.Thread.run(Thread.java:748)


========= Info ==========
Nb constants             4
Nb method invocations    0
Nb field access          4
Nb variables             2
Total                    10
Nb evaluated expressions 1
Init Execution time      1262 ms
Collect Execution time   272 ms
Combine Execution time   6.0 ms
Nb Combination par sec   167 combinations/sec
Total Execution time     1540 ms
Nb line execution        8
Nb results               1

Results:
1. (next) != null


========================
         Stat
========================
Operators: 
LT 1
NE 1
Methods: 
getIndex() 3
setIndex(int) 3
advance(org.apache.commons.math.linear.AbstractRealVector$EntryImpl) 1
Variable: 
next 10
current 6
e 4
tmp 4
i 2

 & 4 & 0 & 4 & 2 & 10 & 1 & 1542 ms & 8 &
15:52:57.774 [pool-119-thread-1] INFO  f.i.l.repair.nopol.patch.TestPatch - Applying patch: org.apache.commons.math.linear.AbstractRealVector$SparseEntryIterator:928: CONDITIONAL (next) != null
15:52:58.297 [pool-119-thread-1] INFO  f.i.l.repair.nopol.patch.TestPatch - Running test suite to check the patch "(next) != null" is working
15:52:58.342 [pool-119-thread-1] INFO  f.i.l.repair.nopol.patch.TestPatch - Failing tests [testSparseIterator(org.apache.commons.math.linear.AbstractRealVectorTest): -1]
15:52:58.342 [pool-119-thread-1] DEBUG fr.inria.lille.repair.nopol.NoPol - Could not find a valid patch in SourceLocation org.apache.commons.math.linear.AbstractRealVector$SparseEntryIterator:928
15:52:58.342 [pool-2-thread-1] DEBUG fr.inria.lille.repair.nopol.NoPol - statement #50
15:52:58.343 [pool-2-thread-1] DEBUG fr.inria.lille.repair.nopol.NoPol - Analysing SourceLocation org.apache.commons.math.linear.AbstractRealVector$SparseEntryIterator:927 which is executed by 3 tests
1077493348
15:52:58.529 [pool-2-thread-1] DEBUG fr.inria.lille.repair.nopol.NoPol - looking with class fr.inria.lille.repair.nopol.spoon.smt.ConditionalAdder
java.lang.ArrayIndexOutOfBoundsException: -1
    at org.apache.commons.math.linear.AbstractRealVectorTest$TestVectorImpl.getEntry(AbstractRealVectorTest.java:147)
    at org.apache.commons.math.linear.AbstractRealVector$EntryImpl.getValue(AbstractRealVector.java:850)
    at org.apache.commons.math.linear.AbstractRealVectorTest.testSparseIterator(AbstractRealVectorTest.java:215)
    at sun.reflect.NativeMethodAccessorImpl.invoke0(Native Method)
    at sun.reflect.NativeMethodAccessorImpl.invoke(NativeMethodAccessorImpl.java:62)
    at sun.reflect.DelegatingMethodAccessorImpl.invoke(DelegatingMethodAccessorImpl.java:43)
15:52:58.900 [pool-130-thread-1] INFO  xxl.java.junit.TestCasesListener - Tests run finished (367 ms)
<> Total tests run: 4
<> Ignored tests: 0
<> Failed tests: 1
~ testSparseIterator(org.apache.commons.math.linear.AbstractRealVectorTest)
[-1]
java.lang.ArrayIndexOutOfBoundsException: -1    at org.apache.commons.math.linear.AbstractRealVectorTest$TestVectorImpl.getEntry(AbstractRealVectorTest.java:147)
    at org.apache.commons.math.linear.AbstractRealVector$EntryImpl.getValue(AbstractRealVector.java:850)
    at org.apache.commons.math.linear.AbstractRealVectorTest.testSparseIterator(AbstractRealVectorTest.java:215)
    at sun.reflect.NativeMethodAccessorImpl.invoke0(Native Method)
    at sun.reflect.NativeMethodAccessorImpl.invoke(NativeMethodAccessorImpl.java:62)
    at sun.reflect.DelegatingMethodAccessorImpl.invoke(DelegatingMethodAccessorImpl.java:43)

15:52:59.501 [pool-2-thread-1] DEBUG fr.inria.lille.repair.nopol.NoPol - statement #51
15:52:59.501 [pool-2-thread-1] DEBUG fr.inria.lille.repair.nopol.NoPol - Analysing SourceLocation org.apache.commons.math.linear.AbstractRealVector$SparseEntryIterator:922 which is executed by 3 tests
1077493348
15:52:59.663 [pool-2-thread-1] DEBUG fr.inria.lille.repair.nopol.NoPol - statement #52
15:52:59.664 [pool-2-thread-1] DEBUG fr.inria.lille.repair.nopol.NoPol - Analysing SourceLocation org.apache.commons.math.linear.AbstractRealVector$SparseEntryIterator:918 which is executed by 3 tests
1077493348
15:52:59.816 [pool-2-thread-1] DEBUG fr.inria.lille.repair.nopol.NoPol - statement #53
15:52:59.816 [pool-2-thread-1] DEBUG fr.inria.lille.repair.nopol.NoPol - Analysing SourceLocation org.apache.commons.math.linear.AbstractRealVector$SparseEntryIterator:916 which is executed by 3 tests
1077493348
15:52:59.968 [pool-2-thread-1] DEBUG fr.inria.lille.repair.nopol.NoPol - looking with class fr.inria.lille.repair.nopol.spoon.smt.ConditionalAdder
java.lang.ArrayIndexOutOfBoundsException: -1
    at org.apache.commons.math.linear.AbstractRealVectorTest$TestVectorImpl.getEntry(AbstractRealVectorTest.java:147)
    at org.apache.commons.math.linear.AbstractRealVector$EntryImpl.getValue(AbstractRealVector.java:850)
    at org.apache.commons.math.linear.AbstractRealVectorTest.testSparseIterator(AbstractRealVectorTest.java:215)
    at sun.reflect.NativeMethodAccessorImpl.invoke0(Native Method)
    at sun.reflect.NativeMethodAccessorImpl.invoke(NativeMethodAccessorImpl.java:62)
    at sun.reflect.DelegatingMethodAccessorImpl.invoke(DelegatingMethodAccessorImpl.java:43)
15:53:00.308 [pool-134-thread-1] INFO  xxl.java.junit.TestCasesListener - Tests run finished (336 ms)
<> Total tests run: 4
<> Ignored tests: 0
<> Failed tests: 1
~ testSparseIterator(org.apache.commons.math.linear.AbstractRealVectorTest)
[-1]
java.lang.ArrayIndexOutOfBoundsException: -1    at org.apache.commons.math.linear.AbstractRealVectorTest$TestVectorImpl.getEntry(AbstractRealVectorTest.java:147)
    at org.apache.commons.math.linear.AbstractRealVector$EntryImpl.getValue(AbstractRealVector.java:850)
    at org.apache.commons.math.linear.AbstractRealVectorTest.testSparseIterator(AbstractRealVectorTest.java:215)
    at sun.reflect.NativeMethodAccessorImpl.invoke0(Native Method)
    at sun.reflect.NativeMethodAccessorImpl.invoke(NativeMethodAccessorImpl.java:62)
    at sun.reflect.DelegatingMethodAccessorImpl.invoke(DelegatingMethodAccessorImpl.java:43)

15:53:00.800 [pool-2-thread-1] DEBUG fr.inria.lille.repair.nopol.NoPol - statement #54
15:53:00.800 [pool-2-thread-1] DEBUG fr.inria.lille.repair.nopol.NoPol - Analysing SourceLocation org.apache.commons.math.linear.AbstractRealVector$SparseEntryIterator:915 which is executed by 3 tests
1077493348
15:53:00.964 [pool-2-thread-1] DEBUG fr.inria.lille.repair.nopol.NoPol - looking with class fr.inria.lille.repair.nopol.spoon.smt.ConditionalAdder
java.lang.ArrayIndexOutOfBoundsException: -1
    at org.apache.commons.math.linear.AbstractRealVectorTest$TestVectorImpl.getEntry(AbstractRealVectorTest.java:147)
    at org.apache.commons.math.linear.AbstractRealVector$EntryImpl.getValue(AbstractRealVector.java:850)
    at org.apache.commons.math.linear.AbstractRealVectorTest.testSparseIterator(AbstractRealVectorTest.java:215)
    at sun.reflect.NativeMethodAccessorImpl.invoke0(Native Method)
    at sun.reflect.NativeMethodAccessorImpl.invoke(NativeMethodAccessorImpl.java:62)
    at sun.reflect.DelegatingMethodAccessorImpl.invoke(DelegatingMethodAccessorImpl.java:43)
15:53:01.306 [pool-138-thread-1] INFO  xxl.java.junit.TestCasesListener - Tests run finished (339 ms)
<> Total tests run: 4
<> Ignored tests: 0
<> Failed tests: 1
~ testSparseIterator(org.apache.commons.math.linear.AbstractRealVectorTest)
[-1]
java.lang.ArrayIndexOutOfBoundsException: -1    at org.apache.commons.math.linear.AbstractRealVectorTest$TestVectorImpl.getEntry(AbstractRealVectorTest.java:147)
    at org.apache.commons.math.linear.AbstractRealVector$EntryImpl.getValue(AbstractRealVector.java:850)
    at org.apache.commons.math.linear.AbstractRealVectorTest.testSparseIterator(AbstractRealVectorTest.java:215)
    at sun.reflect.NativeMethodAccessorImpl.invoke0(Native Method)
    at sun.reflect.NativeMethodAccessorImpl.invoke(NativeMethodAccessorImpl.java:62)
    at sun.reflect.DelegatingMethodAccessorImpl.invoke(DelegatingMethodAccessorImpl.java:43)

15:53:01.803 [pool-2-thread-1] DEBUG fr.inria.lille.repair.nopol.NoPol - looking with class fr.inria.lille.repair.nopol.spoon.smt.ConditionalReplacer
java.lang.ArrayIndexOutOfBoundsException: -1
    at org.apache.commons.math.linear.AbstractRealVectorTest$TestVectorImpl.getEntry(AbstractRealVectorTest.java:147)
    at org.apache.commons.math.linear.AbstractRealVector$EntryImpl.getValue(AbstractRealVector.java:850)
    at org.apache.commons.math.linear.AbstractRealVectorTest.testSparseIterator(AbstractRealVectorTest.java:215)
    at sun.reflect.NativeMethodAccessorImpl.invoke0(Native Method)
    at sun.reflect.NativeMethodAccessorImpl.invoke(NativeMethodAccessorImpl.java:62)
    at sun.reflect.DelegatingMethodAccessorImpl.invoke(DelegatingMethodAccessorImpl.java:43)
15:53:02.159 [pool-142-thread-1] INFO  xxl.java.junit.TestCasesListener - Tests run finished (353 ms)
<> Total tests run: 4
<> Ignored tests: 0
<> Failed tests: 1
~ testSparseIterator(org.apache.commons.math.linear.AbstractRealVectorTest)
[-1]
java.lang.ArrayIndexOutOfBoundsException: -1    at org.apache.commons.math.linear.AbstractRealVectorTest$TestVectorImpl.getEntry(AbstractRealVectorTest.java:147)
    at org.apache.commons.math.linear.AbstractRealVector$EntryImpl.getValue(AbstractRealVector.java:850)
    at org.apache.commons.math.linear.AbstractRealVectorTest.testSparseIterator(AbstractRealVectorTest.java:215)
    at sun.reflect.NativeMethodAccessorImpl.invoke0(Native Method)
    at sun.reflect.NativeMethodAccessorImpl.invoke(NativeMethodAccessorImpl.java:62)
    at sun.reflect.DelegatingMethodAccessorImpl.invoke(DelegatingMethodAccessorImpl.java:43)

15:53:02.651 [pool-2-thread-1] DEBUG fr.inria.lille.repair.nopol.NoPol - statement #55
15:53:02.651 [pool-2-thread-1] DEBUG fr.inria.lille.repair.nopol.NoPol - Analysing SourceLocation org.apache.commons.math.linear.AbstractRealVector$SparseEntryIterator:914 which is executed by 3 tests
1077493348
15:53:02.803 [pool-2-thread-1] DEBUG fr.inria.lille.repair.nopol.NoPol - statement #56
15:53:02.803 [pool-2-thread-1] DEBUG fr.inria.lille.repair.nopol.NoPol - Analysing SourceLocation org.apache.commons.math.linear.AbstractRealVector$SparseEntryIterator:913 which is executed by 3 tests
1077493348
15:53:02.955 [pool-2-thread-1] DEBUG fr.inria.lille.repair.nopol.NoPol - looking with class fr.inria.lille.repair.nopol.spoon.smt.ConditionalAdder
java.lang.ArrayIndexOutOfBoundsException: -1
    at org.apache.commons.math.linear.AbstractRealVectorTest$TestVectorImpl.getEntry(AbstractRealVectorTest.java:147)
    at org.apache.commons.math.linear.AbstractRealVector$EntryImpl.getValue(AbstractRealVector.java:850)
    at org.apache.commons.math.linear.AbstractRealVectorTest.testSparseIterator(AbstractRealVectorTest.java:215)
    at sun.reflect.NativeMethodAccessorImpl.invoke0(Native Method)
    at sun.reflect.NativeMethodAccessorImpl.invoke(NativeMethodAccessorImpl.java:62)
    at sun.reflect.DelegatingMethodAccessorImpl.invoke(DelegatingMethodAccessorImpl.java:43)
15:53:03.292 [pool-146-thread-1] INFO  xxl.java.junit.TestCasesListener - Tests run finished (334 ms)
<> Total tests run: 4
<> Ignored tests: 0
<> Failed tests: 1
~ testSparseIterator(org.apache.commons.math.linear.AbstractRealVectorTest)
[-1]
java.lang.ArrayIndexOutOfBoundsException: -1    at org.apache.commons.math.linear.AbstractRealVectorTest$TestVectorImpl.getEntry(AbstractRealVectorTest.java:147)
    at org.apache.commons.math.linear.AbstractRealVector$EntryImpl.getValue(AbstractRealVector.java:850)
    at org.apache.commons.math.linear.AbstractRealVectorTest.testSparseIterator(AbstractRealVectorTest.java:215)
    at sun.reflect.NativeMethodAccessorImpl.invoke0(Native Method)
    at sun.reflect.NativeMethodAccessorImpl.invoke(NativeMethodAccessorImpl.java:62)
    at sun.reflect.DelegatingMethodAccessorImpl.invoke(DelegatingMethodAccessorImpl.java:43)

15:53:03.778 [pool-2-thread-1] DEBUG fr.inria.lille.repair.nopol.NoPol - statement #57
15:53:03.778 [pool-2-thread-1] DEBUG fr.inria.lille.repair.nopol.NoPol - Analysing SourceLocation org.apache.commons.math.linear.AbstractRealVector$SparseEntryIterator:909 which is executed by 3 tests
1077493348
15:53:03.930 [pool-2-thread-1] DEBUG fr.inria.lille.repair.nopol.NoPol - looking with class fr.inria.lille.repair.nopol.spoon.smt.ConditionalAdder
java.lang.ArrayIndexOutOfBoundsException: -1
    at org.apache.commons.math.linear.AbstractRealVectorTest$TestVectorImpl.getEntry(AbstractRealVectorTest.java:147)
    at org.apache.commons.math.linear.AbstractRealVector$EntryImpl.getValue(AbstractRealVector.java:850)
    at org.apache.commons.math.linear.AbstractRealVectorTest.testSparseIterator(AbstractRealVectorTest.java:215)
    at sun.reflect.NativeMethodAccessorImpl.invoke0(Native Method)
    at sun.reflect.NativeMethodAccessorImpl.invoke(NativeMethodAccessorImpl.java:62)
    at sun.reflect.DelegatingMethodAccessorImpl.invoke(DelegatingMethodAccessorImpl.java:43)
15:53:04.368 [pool-150-thread-1] INFO  xxl.java.junit.TestCasesListener - Tests run finished (434 ms)
<> Total tests run: 4
<> Ignored tests: 0
<> Failed tests: 1
~ testSparseIterator(org.apache.commons.math.linear.AbstractRealVectorTest)
[-1]
java.lang.ArrayIndexOutOfBoundsException: -1    at org.apache.commons.math.linear.AbstractRealVectorTest$TestVectorImpl.getEntry(AbstractRealVectorTest.java:147)
    at org.apache.commons.math.linear.AbstractRealVector$EntryImpl.getValue(AbstractRealVector.java:850)
    at org.apache.commons.math.linear.AbstractRealVectorTest.testSparseIterator(AbstractRealVectorTest.java:215)
    at sun.reflect.NativeMethodAccessorImpl.invoke0(Native Method)
    at sun.reflect.NativeMethodAccessorImpl.invoke(NativeMethodAccessorImpl.java:62)
    at sun.reflect.DelegatingMethodAccessorImpl.invoke(DelegatingMethodAccessorImpl.java:43)

15:53:04.851 [pool-2-thread-1] DEBUG fr.inria.lille.repair.nopol.NoPol - looking with class fr.inria.lille.repair.nopol.spoon.smt.ConditionalReplacer
java.lang.ArrayIndexOutOfBoundsException: -1
    at org.apache.commons.math.linear.AbstractRealVectorTest$TestVectorImpl.getEntry(AbstractRealVectorTest.java:147)
    at org.apache.commons.math.linear.AbstractRealVector$EntryImpl.getValue(AbstractRealVector.java:850)
    at org.apache.commons.math.linear.AbstractRealVectorTest.testSparseIterator(AbstractRealVectorTest.java:215)
    at sun.reflect.NativeMethodAccessorImpl.invoke0(Native Method)
    at sun.reflect.NativeMethodAccessorImpl.invoke(NativeMethodAccessorImpl.java:62)
    at sun.reflect.DelegatingMethodAccessorImpl.invoke(DelegatingMethodAccessorImpl.java:43)
15:53:05.190 [pool-154-thread-1] INFO  xxl.java.junit.TestCasesListener - Tests run finished (335 ms)
<> Total tests run: 4
<> Ignored tests: 0
<> Failed tests: 1
~ testSparseIterator(org.apache.commons.math.linear.AbstractRealVectorTest)
[-1]
java.lang.ArrayIndexOutOfBoundsException: -1    at org.apache.commons.math.linear.AbstractRealVectorTest$TestVectorImpl.getEntry(AbstractRealVectorTest.java:147)
    at org.apache.commons.math.linear.AbstractRealVector$EntryImpl.getValue(AbstractRealVector.java:850)
    at org.apache.commons.math.linear.AbstractRealVectorTest.testSparseIterator(AbstractRealVectorTest.java:215)
    at sun.reflect.NativeMethodAccessorImpl.invoke0(Native Method)
    at sun.reflect.NativeMethodAccessorImpl.invoke(NativeMethodAccessorImpl.java:62)
    at sun.reflect.DelegatingMethodAccessorImpl.invoke(DelegatingMethodAccessorImpl.java:43)

15:53:05.664 [pool-2-thread-1] DEBUG fr.inria.lille.repair.nopol.NoPol - statement #58
15:53:05.664 [pool-2-thread-1] DEBUG fr.inria.lille.repair.nopol.NoPol - Analysing SourceLocation org.apache.commons.math.linear.AbstractRealVector:792 which is executed by 3 tests
1077493348
15:53:05.827 [pool-2-thread-1] DEBUG fr.inria.lille.repair.nopol.NoPol - statement #59
15:53:05.827 [pool-2-thread-1] DEBUG fr.inria.lille.repair.nopol.NoPol - Analysing SourceLocation org.apache.commons.math.random.RandomDataImpl:427 which is executed by 3 tests
-1412529426
15:53:05.961 [pool-2-thread-1] DEBUG fr.inria.lille.repair.nopol.NoPol - looking with class fr.inria.lille.repair.nopol.spoon.smt.ConditionalAdder
15:53:07.391 [pool-158-thread-1] INFO  xxl.java.junit.TestCasesListener - Tests run finished (1418 ms)
<> Total tests run: 19
<> Ignored tests: 0
<> Failed tests: 0

15:53:07.392 [pool-2-thread-1] ERROR fr.inria.lille.repair.nopol.NoPol - Error ExecutionException java.util.concurrent.ExecutionException: java.lang.RuntimeException: failingTestCasesValidated: nothing to repair, no failing test cases
15:53:07.396 [pool-2-thread-1] DEBUG fr.inria.lille.repair.nopol.NoPol - statement #60
15:53:07.396 [pool-2-thread-1] DEBUG fr.inria.lille.repair.nopol.NoPol - Analysing SourceLocation org.apache.commons.math.random.RandomDataImpl:426 which is executed by 3 tests
-1412529426
15:53:07.528 [pool-2-thread-1] DEBUG fr.inria.lille.repair.nopol.NoPol - statement #61
15:53:07.528 [pool-2-thread-1] DEBUG fr.inria.lille.repair.nopol.NoPol - Analysing SourceLocation org.apache.commons.math.random.RandomDataImpl:424 which is executed by 3 tests
-1412529426
15:53:07.659 [pool-2-thread-1] DEBUG fr.inria.lille.repair.nopol.NoPol - looking with class fr.inria.lille.repair.nopol.spoon.smt.ConditionalAdder
15:53:09.136 [pool-160-thread-1] INFO  xxl.java.junit.TestCasesListener - Tests run finished (1464 ms)
<> Total tests run: 19
<> Ignored tests: 0
<> Failed tests: 0

15:53:09.137 [pool-2-thread-1] ERROR fr.inria.lille.repair.nopol.NoPol - Error ExecutionException java.util.concurrent.ExecutionException: java.lang.RuntimeException: failingTestCasesValidated: nothing to repair, no failing test cases
15:53:09.137 [pool-2-thread-1] DEBUG fr.inria.lille.repair.nopol.NoPol - statement #62
15:53:09.137 [pool-2-thread-1] DEBUG fr.inria.lille.repair.nopol.NoPol - Analysing SourceLocation org.apache.commons.math.random.RandomDataImpl:423 which is executed by 3 tests
-1412529426
15:53:09.270 [pool-2-thread-1] DEBUG fr.inria.lille.repair.nopol.NoPol - looking with class fr.inria.lille.repair.nopol.spoon.smt.ConditionalAdder
15:53:10.761 [pool-162-thread-1] INFO  xxl.java.junit.TestCasesListener - Tests run finished (1478 ms)
<> Total tests run: 19
<> Ignored tests: 0
<> Failed tests: 0

15:53:10.761 [pool-2-thread-1] ERROR fr.inria.lille.repair.nopol.NoPol - Error ExecutionException java.util.concurrent.ExecutionException: java.lang.RuntimeException: failingTestCasesValidated: nothing to repair, no failing test cases
15:53:10.762 [pool-2-thread-1] DEBUG fr.inria.lille.repair.nopol.NoPol - statement #63
15:53:10.762 [pool-2-thread-1] DEBUG fr.inria.lille.repair.nopol.NoPol - Analysing SourceLocation org.apache.commons.math.random.RandomDataImpl:422 which is executed by 3 tests
-1412529426
15:53:10.894 [pool-2-thread-1] DEBUG fr.inria.lille.repair.nopol.NoPol - looking with class fr.inria.lille.repair.nopol.spoon.smt.ConditionalAdder
15:53:12.464 [pool-164-thread-1] INFO  xxl.java.junit.TestCasesListener - Tests run finished (1557 ms)
<> Total tests run: 19
<> Ignored tests: 0
<> Failed tests: 0

15:53:12.464 [pool-2-thread-1] ERROR fr.inria.lille.repair.nopol.NoPol - Error ExecutionException java.util.concurrent.ExecutionException: java.lang.RuntimeException: failingTestCasesValidated: nothing to repair, no failing test cases
15:53:12.471 [pool-2-thread-1] DEBUG fr.inria.lille.repair.nopol.NoPol - looking with class fr.inria.lille.repair.nopol.spoon.smt.ConditionalReplacer
15:53:13.979 [pool-166-thread-1] INFO  xxl.java.junit.TestCasesListener - Tests run finished (1496 ms)
<> Total tests run: 19
<> Ignored tests: 0
<> Failed tests: 0

15:53:13.980 [pool-2-thread-1] ERROR fr.inria.lille.repair.nopol.NoPol - Error ExecutionException java.util.concurrent.ExecutionException: java.lang.RuntimeException: failingTestCasesValidated: nothing to repair, no failing test cases
15:53:13.980 [pool-2-thread-1] DEBUG fr.inria.lille.repair.nopol.NoPol - statement #64
15:53:13.980 [pool-2-thread-1] DEBUG fr.inria.lille.repair.nopol.NoPol - Analysing SourceLocation org.apache.commons.math.random.RandomDataImpl:420 which is executed by 3 tests
-1412529426
15:53:14.144 [pool-2-thread-1] DEBUG fr.inria.lille.repair.nopol.NoPol - looking with class fr.inria.lille.repair.nopol.spoon.smt.ConditionalAdder
15:53:15.583 [pool-168-thread-1] INFO  xxl.java.junit.TestCasesListener - Tests run finished (1427 ms)
<> Total tests run: 19
<> Ignored tests: 0
<> Failed tests: 0

15:53:15.583 [pool-2-thread-1] ERROR fr.inria.lille.repair.nopol.NoPol - Error ExecutionException java.util.concurrent.ExecutionException: java.lang.RuntimeException: failingTestCasesValidated: nothing to repair, no failing test cases
15:53:15.584 [pool-2-thread-1] DEBUG fr.inria.lille.repair.nopol.NoPol - statement #65
15:53:15.584 [pool-2-thread-1] DEBUG fr.inria.lille.repair.nopol.NoPol - Analysing SourceLocation org.apache.commons.math.random.RandomDataImpl:419 which is executed by 3 tests
-1412529426
15:53:15.714 [pool-2-thread-1] DEBUG fr.inria.lille.repair.nopol.NoPol - looking with class fr.inria.lille.repair.nopol.spoon.smt.ConditionalAdder
15:53:17.164 [pool-170-thread-1] INFO  xxl.java.junit.TestCasesListener - Tests run finished (1437 ms)
<> Total tests run: 19
<> Ignored tests: 0
<> Failed tests: 0

15:53:17.164 [pool-2-thread-1] ERROR fr.inria.lille.repair.nopol.NoPol - Error ExecutionException java.util.concurrent.ExecutionException: java.lang.RuntimeException: failingTestCasesValidated: nothing to repair, no failing test cases
15:53:17.165 [pool-2-thread-1] DEBUG fr.inria.lille.repair.nopol.NoPol - looking with class fr.inria.lille.repair.nopol.spoon.smt.ConditionalReplacer
15:53:18.755 [pool-172-thread-1] INFO  xxl.java.junit.TestCasesListener - Tests run finished (1577 ms)
<> Total tests run: 19
<> Ignored tests: 0
<> Failed tests: 0

15:53:18.756 [pool-2-thread-1] ERROR fr.inria.lille.repair.nopol.NoPol - Error ExecutionException java.util.concurrent.ExecutionException: java.lang.RuntimeException: failingTestCasesValidated: nothing to repair, no failing test cases
15:53:18.756 [pool-2-thread-1] DEBUG fr.inria.lille.repair.nopol.NoPol - statement #66
15:53:18.756 [pool-2-thread-1] DEBUG fr.inria.lille.repair.nopol.NoPol - Analysing SourceLocation org.apache.commons.math.random.RandomDataImpl:417 which is executed by 3 tests
-1412529426
15:53:18.888 [pool-2-thread-1] DEBUG fr.inria.lille.repair.nopol.NoPol - looking with class fr.inria.lille.repair.nopol.spoon.smt.ConditionalAdder
15:53:20.425 [pool-174-thread-1] INFO  xxl.java.junit.TestCasesListener - Tests run finished (1525 ms)
<> Total tests run: 19
<> Ignored tests: 0
<> Failed tests: 0

15:53:20.426 [pool-2-thread-1] ERROR fr.inria.lille.repair.nopol.NoPol - Error ExecutionException java.util.concurrent.ExecutionException: java.lang.RuntimeException: failingTestCasesValidated: nothing to repair, no failing test cases
15:53:20.426 [pool-2-thread-1] DEBUG fr.inria.lille.repair.nopol.NoPol - statement #67
15:53:20.426 [pool-2-thread-1] DEBUG fr.inria.lille.repair.nopol.NoPol - Analysing SourceLocation org.apache.commons.math.random.RandomDataImpl:416 which is executed by 3 tests
-1412529426
15:53:20.559 [pool-2-thread-1] DEBUG fr.inria.lille.repair.nopol.NoPol - looking with class fr.inria.lille.repair.nopol.spoon.smt.ConditionalAdder
15:53:21.992 [pool-176-thread-1] INFO  xxl.java.junit.TestCasesListener - Tests run finished (1420 ms)
<> Total tests run: 19
<> Ignored tests: 0
<> Failed tests: 0

15:53:21.992 [pool-2-thread-1] ERROR fr.inria.lille.repair.nopol.NoPol - Error ExecutionException java.util.concurrent.ExecutionException: java.lang.RuntimeException: failingTestCasesValidated: nothing to repair, no failing test cases
15:53:21.992 [pool-2-thread-1] DEBUG fr.inria.lille.repair.nopol.NoPol - statement #68
15:53:21.992 [pool-2-thread-1] DEBUG fr.inria.lille.repair.nopol.NoPol - Analysing SourceLocation org.apache.commons.math.random.RandomDataImpl:415 which is executed by 3 tests
-1412529426
15:53:22.124 [pool-2-thread-1] DEBUG fr.inria.lille.repair.nopol.NoPol - looking with class fr.inria.lille.repair.nopol.spoon.smt.ConditionalAdder
15:53:23.556 [pool-178-thread-1] INFO  xxl.java.junit.TestCasesListener - Tests run finished (1419 ms)
<> Total tests run: 19
<> Ignored tests: 0
<> Failed tests: 0

15:53:23.556 [pool-2-thread-1] ERROR fr.inria.lille.repair.nopol.NoPol - Error ExecutionException java.util.concurrent.ExecutionException: java.lang.RuntimeException: failingTestCasesValidated: nothing to repair, no failing test cases
15:53:23.556 [pool-2-thread-1] DEBUG fr.inria.lille.repair.nopol.NoPol - looking with class fr.inria.lille.repair.nopol.spoon.smt.ConditionalReplacer
15:53:24.843 [pool-180-thread-1] INFO  xxl.java.junit.TestCasesListener - Tests run finished (1273 ms)
<> Total tests run: 19
<> Ignored tests: 0
<> Failed tests: 0

15:53:24.844 [pool-2-thread-1] ERROR fr.inria.lille.repair.nopol.NoPol - Error ExecutionException java.util.concurrent.ExecutionException: java.lang.RuntimeException: failingTestCasesValidated: nothing to repair, no failing test cases
15:53:24.844 [pool-2-thread-1] DEBUG fr.inria.lille.repair.nopol.NoPol - statement #69
15:53:24.844 [pool-2-thread-1] DEBUG fr.inria.lille.repair.nopol.NoPol - Analysing SourceLocation org.apache.commons.math.random.RandomDataImpl:414 which is executed by 3 tests
-1412529426
15:53:24.977 [pool-2-thread-1] DEBUG fr.inria.lille.repair.nopol.NoPol - looking with class fr.inria.lille.repair.nopol.spoon.smt.ConditionalAdder
15:53:26.439 [pool-182-thread-1] INFO  xxl.java.junit.TestCasesListener - Tests run finished (1450 ms)
<> Total tests run: 19
<> Ignored tests: 0
<> Failed tests: 0

15:53:26.440 [pool-2-thread-1] ERROR fr.inria.lille.repair.nopol.NoPol - Error ExecutionException java.util.concurrent.ExecutionException: java.lang.RuntimeException: failingTestCasesValidated: nothing to repair, no failing test cases
15:53:26.440 [pool-2-thread-1] DEBUG fr.inria.lille.repair.nopol.NoPol - statement #70
15:53:26.440 [pool-2-thread-1] DEBUG fr.inria.lille.repair.nopol.NoPol - Analysing SourceLocation org.apache.commons.math.random.RandomDataImpl:413 which is executed by 3 tests
-1412529426
15:53:26.571 [pool-2-thread-1] DEBUG fr.inria.lille.repair.nopol.NoPol - looking with class fr.inria.lille.repair.nopol.spoon.smt.ConditionalAdder
15:53:28.101 [pool-184-thread-1] INFO  xxl.java.junit.TestCasesListener - Tests run finished (1518 ms)
<> Total tests run: 19
<> Ignored tests: 0
<> Failed tests: 0

15:53:28.102 [pool-2-thread-1] ERROR fr.inria.lille.repair.nopol.NoPol - Error ExecutionException java.util.concurrent.ExecutionException: java.lang.RuntimeException: failingTestCasesValidated: nothing to repair, no failing test cases
15:53:28.102 [pool-2-thread-1] DEBUG fr.inria.lille.repair.nopol.NoPol - statement #71
15:53:28.102 [pool-2-thread-1] DEBUG fr.inria.lille.repair.nopol.NoPol - Analysing SourceLocation org.apache.commons.math.random.RandomDataImpl:411 which is executed by 3 tests
-1412529426
15:53:28.235 [pool-2-thread-1] DEBUG fr.inria.lille.repair.nopol.NoPol - looking with class fr.inria.lille.repair.nopol.spoon.smt.ConditionalAdder
15:53:29.876 [pool-186-thread-1] INFO  xxl.java.junit.TestCasesListener - Tests run finished (1628 ms)
<> Total tests run: 19
<> Ignored tests: 0
<> Failed tests: 0

15:53:29.877 [pool-2-thread-1] ERROR fr.inria.lille.repair.nopol.NoPol - Error ExecutionException java.util.concurrent.ExecutionException: java.lang.RuntimeException: failingTestCasesValidated: nothing to repair, no failing test cases
15:53:29.877 [pool-2-thread-1] DEBUG fr.inria.lille.repair.nopol.NoPol - statement #72
15:53:29.877 [pool-2-thread-1] DEBUG fr.inria.lille.repair.nopol.NoPol - Analysing SourceLocation org.apache.commons.math.random.RandomDataImpl:410 which is executed by 3 tests
-1412529426
15:53:30.009 [pool-2-thread-1] DEBUG fr.inria.lille.repair.nopol.NoPol - looking with class fr.inria.lille.repair.nopol.spoon.smt.ConditionalAdder
junit.framework.AssertionFailedError: Chisquare test failed for mean = 469.56485908126655 p-value = 7.623048240802399E-4 chisquare statistic = 38.4941336840125. 
bin		expected	observed
[1,418)		7.31		22
[418,426)		12.44		9
[426,434)		26.86		29
[434,442)		50.08		48
[442,450)		80.81		89
[450,458)		113.16		104
[458,466)		137.85		132
[466,474)		146.45		151
[474,482)		135.98		126
[482,490)		110.59		122
[490,498)		78.95		75
[498,506)		49.58		55
[506,514)		27.44		21
[514,522)		13.41		9
[522,524)		1.97		2
[524,inf)		7.12		6
This test can fail randomly due to sampling error with probability 0.001.
    at junit.framework.Assert.fail(Assert.java:57)
    at junit.framework.TestCase.fail(TestCase.java:227)
    at org.apache.commons.math.random.RandomDataTest.checkNextPoissonConsistency(RandomDataTest.java:367)
    at org.apache.commons.math.random.RandomDataTest.testNextPoissonConsistency(RandomDataTest.java:230)
    at sun.reflect.NativeMethodAccessorImpl.invoke0(Native Method)
    at sun.reflect.NativeMethodAccessorImpl.invoke(NativeMethodAccessorImpl.java:62)
15:53:30.893 [pool-188-thread-1] INFO  xxl.java.junit.TestCasesListener - Tests run finished (872 ms)
<> Total tests run: 19
<> Ignored tests: 0
<> Failed tests: 1
~ testNextPoissonConsistency(org.apache.commons.math.random.AbstractRandomGeneratorTest)
[Chisquare test failed for mean = 469.56485908126655 p-value = 7.623048240802399E-4 chisquare statistic = 38.4941336840125. 
bin		expected	observed
[1,418)		7.31		22
[418,426)		12.44		9
[426,434)		26.86		29
[434,442)		50.08		48
[442,450)		80.81		89
[450,458)		113.16		104
[458,466)		137.85		132
[466,474)		146.45		151
[474,482)		135.98		126
[482,490)		110.59		122
[490,498)		78.95		75
[498,506)		49.58		55
[506,514)		27.44		21
[514,522)		13.41		9
[522,524)		1.97		2
[524,inf)		7.12		6
This test can fail randomly due to sampling error with probability 0.001.]
junit.framework.AssertionFailedError: Chisquare test failed for mean = 469.56485908126655 p-value = 7.623048240802399E-4 chisquare statistic = 38.4941336840125. 
bin		expected	observed
[1,418)		7.31		22
[418,426)		12.44		9
[426,434)		26.86		29
[434,442)		50.08		48
[442,450)		80.81		89
[450,458)		113.16		104
[458,466)		137.85		132
[466,474)		146.45		151
[474,482)		135.98		126
[482,490)		110.59		122
[490,498)		78.95		75
[498,506)		49.58		55
[506,514)		27.44		21
[514,522)		13.41		9
[522,524)		1.97		2
[524,inf)		7.12		6
This test can fail randomly due to sampling error with probability 0.001.    at junit.framework.Assert.fail(Assert.java:57)
    at junit.framework.TestCase.fail(TestCase.java:227)
    at org.apache.commons.math.random.RandomDataTest.checkNextPoissonConsistency(RandomDataTest.java:367)
    at org.apache.commons.math.random.RandomDataTest.testNextPoissonConsistency(RandomDataTest.java:230)
    at sun.reflect.NativeMethodAccessorImpl.invoke0(Native Method)
    at sun.reflect.NativeMethodAccessorImpl.invoke(NativeMethodAccessorImpl.java:62)

15:53:37.061 [pool-187-thread-1] INFO  f.i.l.repair.nopol.patch.TestPatch - Applying patch: org.apache.commons.math.random.RandomDataImpl:410: PRECONDITION true
15:53:37.243 [pool-187-thread-1] INFO  f.i.l.repair.nopol.patch.TestPatch - Running test suite to check the patch "true" is working
15:53:42.601 [pool-2-thread-1] INFO  fr.inria.lille.repair.nopol.NoPol - ----INFORMATION----
15:53:42.791 [pool-2-thread-1] INFO  fr.inria.lille.repair.nopol.NoPol - Nb classes : 416
15:53:42.792 [pool-2-thread-1] INFO  fr.inria.lille.repair.nopol.NoPol - Nb methods : 3017
15:53:42.792 [pool-2-thread-1] INFO  fr.inria.lille.repair.nopol.NoPol - Nb Statements Analyzed : 32
15:53:42.792 [pool-2-thread-1] INFO  fr.inria.lille.repair.nopol.NoPol - Nb Statements with Angelic Value Found : 2
15:53:42.792 [pool-2-thread-1] INFO  fr.inria.lille.repair.nopol.NoPol - NoPol Execution time : 137895ms
15:53:42.792 [pool-2-thread-1] INFO  fr.inria.lille.repair.nopol.NoPol - 
15:53:42.792 [pool-2-thread-1] INFO  fr.inria.lille.repair.nopol.NoPol - ----PATCH FOUND----
15:53:42.792 [pool-2-thread-1] INFO  fr.inria.lille.repair.nopol.NoPol - true
15:53:42.854 [pool-2-thread-1] INFO  fr.inria.lille.repair.nopol.NoPol - Nb test that executes the patch: 3
15:53:42.855 [pool-2-thread-1] INFO  fr.inria.lille.repair.nopol.NoPol - org.apache.commons.math.random.RandomDataImpl:410: PRECONDITION
15:53:42.889 [pool-2-thread-1] INFO  fr.inria.lille.repair.nopol.NoPol - --- a/src/main/java/org/apache/commons/math/random/RandomDataImpl.java
+++ b/src/main/java/org/apache/commons/math/random/RandomDataImpl.java
@@ -409,3 +409,5 @@
                 if (v < -t && a == 0) {
-                    y = lambda + y;
+                    if (true) {
+                        y = lambda + y;
+                    }
                     break;

PATCH
352.70user 7.96system 2:20.37elapsed 256%CPU (0avgtext+0avgdata 1472672maxresident)k
48384inputs+5840outputs (6major+561069minor)pagefaults 0swaps


Node: granduc-2.luxembourg.grid5000.fr



Date: Sun Dec 30 15:53:43 EST 2018

