cd /tmp/Nopol_Defects4J_Lang_55;
export JAVA_TOOL_OPTIONS=-Dfile.encoding=UTF8;
TZ="America/New_York"; export TZ;
export PATH="/usr/lib/jvm/java-1.8.0-openjdk-amd64/bin/:$PATH";
export JAVA_HOME="/usr/lib/jvm/java-1.8.0-openjdk-amd64/bin/";
time java -Xmx4048m -cp /home/tdurieux/defects4j4repair/script/../repair_tools/nopol.jar:/usr/lib/jvm/java-1.8.0-openjdk-amd64/bin//../lib/tools.jar fr.inria.lille.repair.Main \
	--mode repair \
	--type pre_then_cond \
	--oracle angelic \
	--synthesis smt \
	--flocal gzoltar \
	--json \
	--solver z3 \
	--solver-path /home/tdurieux/defects4j4repair/script/../libs/z3/build/z3 \
	--complianceLevel 7 \
	--source src/java/ \
	--classpath "target/classes/:target/tests/:/tmp/Nopol_Defects4J_Lang_55/target/classes/:/tmp/Nopol_Defects4J_Lang_55/target/tests/:/home/tdurieux/defects4j4repair/script/../benchmarks/defects4j/framework/projects/Lang/lib/asm.jar:/home/tdurieux/defects4j4repair/script/../benchmarks/defects4j/framework/projects/Lang/lib/cglib.jar:/home/tdurieux/defects4j4repair/script/../benchmarks/defects4j/framework/projects/Lang/lib/commons-io.jar:/home/tdurieux/defects4j4repair/script/../benchmarks/defects4j/framework/projects/Lang/lib/easymock.jar:/home/tdurieux/defects4j4repair/script/../repair_tools/nopol.jar";
	echo "\n\nNode: `hostname`\n";
	echo "\n\nDate: `date`\n";
Picked up JAVA_TOOL_OPTIONS: -Dfile.encoding=UTF8
18:34:45.051 [main] INFO  fr.inria.lille.repair.nopol.NoPol - Source files: [src/java]
18:34:45.054 [main] INFO  fr.inria.lille.repair.nopol.NoPol - Classpath: [file:/tmp/Nopol_Defects4J_Lang_55/target/classes/, file:/tmp/Nopol_Defects4J_Lang_55/target/tests/, file:/tmp/Nopol_Defects4J_Lang_55/target/classes/, file:/tmp/Nopol_Defects4J_Lang_55/target/tests/, file:/home/tdurieux/defects4j4repair/script/../benchmarks/defects4j/framework/projects/Lang/lib/asm.jar, file:/home/tdurieux/defects4j4repair/script/../benchmarks/defects4j/framework/projects/Lang/lib/cglib.jar, file:/home/tdurieux/defects4j4repair/script/../benchmarks/defects4j/framework/projects/Lang/lib/commons-io.jar, file:/home/tdurieux/defects4j4repair/script/../benchmarks/defects4j/framework/projects/Lang/lib/easymock.jar, file:/home/tdurieux/defects4j4repair/script/../repair_tools/nopol.jar]
18:34:45.055 [main] INFO  fr.inria.lille.repair.nopol.NoPol - Statement type: PRE_THEN_COND
18:34:45.055 [main] INFO  fr.inria.lille.repair.nopol.NoPol - Args: [org.apache.commons.lang.ArrayUtilsAddTest, org.apache.commons.lang.ArrayUtilsAddTest, org.apache.commons.lang.ArrayUtilsRemoveTest, org.apache.commons.lang.ArrayUtilsRemoveTest, org.apache.commons.lang.ArrayUtilsTest, org.apache.commons.lang.ArrayUtilsTest, org.apache.commons.lang.BitFieldTest, org.apache.commons.lang.BitFieldTest, org.apache.commons.lang.BooleanUtilsTest, org.apache.commons.lang.BooleanUtilsTest, org.apache.commons.lang.CharEncodingTest, org.apache.commons.lang.CharEncodingTest, org.apache.commons.lang.CharRangeTest, org.apache.commons.lang.CharRangeTest, org.apache.commons.lang.CharSetTest, org.apache.commons.lang.CharSetTest, org.apache.commons.lang.CharSetUtilsTest, org.apache.commons.lang.CharSetUtilsTest, org.apache.commons.lang.CharUtilsTest, org.apache.commons.lang.CharUtilsTest, org.apache.commons.lang.ClassUtilsTest, org.apache.commons.lang.ClassUtilsTest, org.apache.commons.lang.EntitiesPerformanceTest, org.apache.commons.lang.EntitiesPerformanceTest, org.apache.commons.lang.EntitiesTest, org.apache.commons.lang.EntitiesTest, org.apache.commons.lang.IllegalClassExceptionTest, org.apache.commons.lang.IllegalClassExceptionTest, org.apache.commons.lang.IncompleteArgumentExceptionTest, org.apache.commons.lang.IncompleteArgumentExceptionTest, org.apache.commons.lang.IntHashMapTest, org.apache.commons.lang.IntHashMapTest, org.apache.commons.lang.LocaleUtilsTest, org.apache.commons.lang.LocaleUtilsTest, org.apache.commons.lang.NotImplementedExceptionTest, org.apache.commons.lang.NotImplementedExceptionTest, org.apache.commons.lang.NullArgumentExceptionTest, org.apache.commons.lang.NullArgumentExceptionTest, org.apache.commons.lang.NumberRangeTest, org.apache.commons.lang.NumberRangeTest, org.apache.commons.lang.NumberUtilsTest, org.apache.commons.lang.NumberUtilsTest, org.apache.commons.lang.ObjectUtilsTest, org.apache.commons.lang.ObjectUtilsTest, org.apache.commons.lang.RandomStringUtilsTest, org.apache.commons.lang.RandomStringUtilsTest, org.apache.commons.lang.SerializationUtilsTest, org.apache.commons.lang.SerializationUtilsTest, org.apache.commons.lang.StringEscapeUtilsTest, org.apache.commons.lang.StringEscapeUtilsTest, org.apache.commons.lang.StringUtilsEqualsIndexOfTest, org.apache.commons.lang.StringUtilsEqualsIndexOfTest, org.apache.commons.lang.StringUtilsIsTest, org.apache.commons.lang.StringUtilsIsTest, org.apache.commons.lang.StringUtilsSubstringTest, org.apache.commons.lang.StringUtilsSubstringTest, org.apache.commons.lang.StringUtilsTest, org.apache.commons.lang.StringUtilsTest, org.apache.commons.lang.StringUtilsTrimEmptyTest, org.apache.commons.lang.StringUtilsTrimEmptyTest, org.apache.commons.lang.SystemUtilsTest, org.apache.commons.lang.SystemUtilsTest, org.apache.commons.lang.UnhandledExceptionTest, org.apache.commons.lang.UnhandledExceptionTest, org.apache.commons.lang.ValidateTest, org.apache.commons.lang.ValidateTest, org.apache.commons.lang.WordUtilsTest, org.apache.commons.lang.WordUtilsTest, org.apache.commons.lang.builder.CompareToBuilderTest, org.apache.commons.lang.builder.CompareToBuilderTest, org.apache.commons.lang.builder.DefaultToStringStyleTest, org.apache.commons.lang.builder.DefaultToStringStyleTest, org.apache.commons.lang.builder.EqualsBuilderTest, org.apache.commons.lang.builder.EqualsBuilderTest, org.apache.commons.lang.builder.HashCodeBuilderAndEqualsBuilderTest, org.apache.commons.lang.builder.HashCodeBuilderAndEqualsBuilderTest, org.apache.commons.lang.builder.HashCodeBuilderTest, org.apache.commons.lang.builder.HashCodeBuilderTest, org.apache.commons.lang.builder.MultiLineToStringStyleTest, org.apache.commons.lang.builder.MultiLineToStringStyleTest, org.apache.commons.lang.builder.NoFieldNamesToStringStyleTest, org.apache.commons.lang.builder.NoFieldNamesToStringStyleTest, org.apache.commons.lang.builder.ReflectionToStringBuilderExcludeTest, org.apache.commons.lang.builder.ReflectionToStringBuilderExcludeTest, org.apache.commons.lang.builder.ShortPrefixToStringStyleTest, org.apache.commons.lang.builder.ShortPrefixToStringStyleTest, org.apache.commons.lang.builder.SimpleToStringStyleTest, org.apache.commons.lang.builder.SimpleToStringStyleTest, org.apache.commons.lang.builder.StandardToStringStyleTest, org.apache.commons.lang.builder.StandardToStringStyleTest, org.apache.commons.lang.builder.ToStringBuilderTest, org.apache.commons.lang.builder.ToStringBuilderTest, org.apache.commons.lang.builder.ToStringStyleTest, org.apache.commons.lang.builder.ToStringStyleTest, org.apache.commons.lang.enum.EnumTest, org.apache.commons.lang.enum.EnumTest, org.apache.commons.lang.enum.EnumUtilsTest, org.apache.commons.lang.enum.EnumUtilsTest, org.apache.commons.lang.enum.ValuedEnumTest, org.apache.commons.lang.enum.ValuedEnumTest, org.apache.commons.lang.enums.EnumEqualsTest, org.apache.commons.lang.enums.EnumEqualsTest, org.apache.commons.lang.enums.EnumTest, org.apache.commons.lang.enums.EnumTest, org.apache.commons.lang.enums.EnumUtilsTest, org.apache.commons.lang.enums.EnumUtilsTest, org.apache.commons.lang.enums.ValuedEnumTest, org.apache.commons.lang.enums.ValuedEnumTest, org.apache.commons.lang.exception.ExceptionUtilsTestCase, org.apache.commons.lang.exception.ExceptionUtilsTestCase, org.apache.commons.lang.exception.NestableDelegateTestCase, org.apache.commons.lang.exception.NestableDelegateTestCase, org.apache.commons.lang.exception.NestableErrorTestCase, org.apache.commons.lang.exception.NestableErrorTestCase, org.apache.commons.lang.exception.NestableExceptionTestCase, org.apache.commons.lang.exception.NestableExceptionTestCase, org.apache.commons.lang.exception.NestableRuntimeExceptionTestCase, org.apache.commons.lang.exception.NestableRuntimeExceptionTestCase, org.apache.commons.lang.math.DoubleRangeTest, org.apache.commons.lang.math.DoubleRangeTest, org.apache.commons.lang.math.FloatRangeTest, org.apache.commons.lang.math.FloatRangeTest, org.apache.commons.lang.math.FractionTest, org.apache.commons.lang.math.FractionTest, org.apache.commons.lang.math.IntRangeTest, org.apache.commons.lang.math.IntRangeTest, org.apache.commons.lang.math.LongRangeTest, org.apache.commons.lang.math.LongRangeTest, org.apache.commons.lang.math.NumberRangeTest, org.apache.commons.lang.math.NumberRangeTest, org.apache.commons.lang.math.NumberUtilsTest, org.apache.commons.lang.math.NumberUtilsTest, org.apache.commons.lang.math.RandomUtilsTest, org.apache.commons.lang.math.RandomUtilsTest, org.apache.commons.lang.math.RangeTest, org.apache.commons.lang.math.RangeTest, org.apache.commons.lang.mutable.MutableBooleanTest, org.apache.commons.lang.mutable.MutableBooleanTest, org.apache.commons.lang.mutable.MutableByteTest, org.apache.commons.lang.mutable.MutableByteTest, org.apache.commons.lang.mutable.MutableDoubleTest, org.apache.commons.lang.mutable.MutableDoubleTest, org.apache.commons.lang.mutable.MutableFloatTest, org.apache.commons.lang.mutable.MutableFloatTest, org.apache.commons.lang.mutable.MutableIntTest, org.apache.commons.lang.mutable.MutableIntTest, org.apache.commons.lang.mutable.MutableLongTest, org.apache.commons.lang.mutable.MutableLongTest, org.apache.commons.lang.mutable.MutableObjectTest, org.apache.commons.lang.mutable.MutableObjectTest, org.apache.commons.lang.mutable.MutableShortTest, org.apache.commons.lang.mutable.MutableShortTest, org.apache.commons.lang.text.CompositeFormatTest, org.apache.commons.lang.text.CompositeFormatTest, org.apache.commons.lang.text.StrBuilderAppendInsertTest, org.apache.commons.lang.text.StrBuilderAppendInsertTest, org.apache.commons.lang.text.StrBuilderTest, org.apache.commons.lang.text.StrBuilderTest, org.apache.commons.lang.text.StrLookupTest, org.apache.commons.lang.text.StrLookupTest, org.apache.commons.lang.text.StrMatcherTest, org.apache.commons.lang.text.StrMatcherTest, org.apache.commons.lang.text.StrSubstitutorTest, org.apache.commons.lang.text.StrSubstitutorTest, org.apache.commons.lang.text.StrTokenizerTest, org.apache.commons.lang.text.StrTokenizerTest, org.apache.commons.lang.time.DateFormatUtilsTest, org.apache.commons.lang.time.DateFormatUtilsTest, org.apache.commons.lang.time.DateUtilsTest, org.apache.commons.lang.time.DateUtilsTest, org.apache.commons.lang.time.DurationFormatUtilsTest, org.apache.commons.lang.time.DurationFormatUtilsTest, org.apache.commons.lang.time.FastDateFormatTest, org.apache.commons.lang.time.FastDateFormatTest, org.apache.commons.lang.time.StopWatchTest, org.apache.commons.lang.time.StopWatchTest]
18:34:45.057 [main] INFO  fr.inria.lille.repair.nopol.NoPol - Config: Config{synthesisDepth=3, collectStaticMethods=true, collectStaticFields=false, collectLiterals=false, onlyOneSynthesisResult=true, sortExpressions=true, maxLineInvocationPerTest=250, timeoutMethodInvocation=2000, dataCollectionTimeoutInSecondForSynthesis=900, addWeight=0.19478, subWeight=0.04554, mulWeight=0.0102, divWeight=0.00613, andWeight=0.10597, orWeight=0.05708, eqWeight=0.22798, nEqWeight=0.0, lessEqWeight=0.0255, lessWeight=0.0947, methodCallWeight=0.1, fieldAccessWeight=0.08099, constantWeight=0.14232, variableWeight=0.05195, mode=REPAIR, type=PRE_THEN_COND, synthesis=SMT, oracle=ANGELIC, solver=Z3, solverPath='/home/tdurieux/defects4j4repair/script/../libs/z3/build/z3', projectSources=[src/java], projectClasspath='[Ljava.net.URL;@66d33a', projectTests=[org.apache.commons.lang.ArrayUtilsAddTest, org.apache.commons.lang.ArrayUtilsAddTest, org.apache.commons.lang.ArrayUtilsRemoveTest, org.apache.commons.lang.ArrayUtilsRemoveTest, org.apache.commons.lang.ArrayUtilsTest, org.apache.commons.lang.ArrayUtilsTest, org.apache.commons.lang.BitFieldTest, org.apache.commons.lang.BitFieldTest, org.apache.commons.lang.BooleanUtilsTest, org.apache.commons.lang.BooleanUtilsTest, org.apache.commons.lang.CharEncodingTest, org.apache.commons.lang.CharEncodingTest, org.apache.commons.lang.CharRangeTest, org.apache.commons.lang.CharRangeTest, org.apache.commons.lang.CharSetTest, org.apache.commons.lang.CharSetTest, org.apache.commons.lang.CharSetUtilsTest, org.apache.commons.lang.CharSetUtilsTest, org.apache.commons.lang.CharUtilsTest, org.apache.commons.lang.CharUtilsTest, org.apache.commons.lang.ClassUtilsTest, org.apache.commons.lang.ClassUtilsTest, org.apache.commons.lang.EntitiesPerformanceTest, org.apache.commons.lang.EntitiesPerformanceTest, org.apache.commons.lang.EntitiesTest, org.apache.commons.lang.EntitiesTest, org.apache.commons.lang.IllegalClassExceptionTest, org.apache.commons.lang.IllegalClassExceptionTest, org.apache.commons.lang.IncompleteArgumentExceptionTest, org.apache.commons.lang.IncompleteArgumentExceptionTest, org.apache.commons.lang.IntHashMapTest, org.apache.commons.lang.IntHashMapTest, org.apache.commons.lang.LocaleUtilsTest, org.apache.commons.lang.LocaleUtilsTest, org.apache.commons.lang.NotImplementedExceptionTest, org.apache.commons.lang.NotImplementedExceptionTest, org.apache.commons.lang.NullArgumentExceptionTest, org.apache.commons.lang.NullArgumentExceptionTest, org.apache.commons.lang.NumberRangeTest, org.apache.commons.lang.NumberRangeTest, org.apache.commons.lang.NumberUtilsTest, org.apache.commons.lang.NumberUtilsTest, org.apache.commons.lang.ObjectUtilsTest, org.apache.commons.lang.ObjectUtilsTest, org.apache.commons.lang.RandomStringUtilsTest, org.apache.commons.lang.RandomStringUtilsTest, org.apache.commons.lang.SerializationUtilsTest, org.apache.commons.lang.SerializationUtilsTest, org.apache.commons.lang.StringEscapeUtilsTest, org.apache.commons.lang.StringEscapeUtilsTest, org.apache.commons.lang.StringUtilsEqualsIndexOfTest, org.apache.commons.lang.StringUtilsEqualsIndexOfTest, org.apache.commons.lang.StringUtilsIsTest, org.apache.commons.lang.StringUtilsIsTest, org.apache.commons.lang.StringUtilsSubstringTest, org.apache.commons.lang.StringUtilsSubstringTest, org.apache.commons.lang.StringUtilsTest, org.apache.commons.lang.StringUtilsTest, org.apache.commons.lang.StringUtilsTrimEmptyTest, org.apache.commons.lang.StringUtilsTrimEmptyTest, org.apache.commons.lang.SystemUtilsTest, org.apache.commons.lang.SystemUtilsTest, org.apache.commons.lang.UnhandledExceptionTest, org.apache.commons.lang.UnhandledExceptionTest, org.apache.commons.lang.ValidateTest, org.apache.commons.lang.ValidateTest, org.apache.commons.lang.WordUtilsTest, org.apache.commons.lang.WordUtilsTest, org.apache.commons.lang.builder.CompareToBuilderTest, org.apache.commons.lang.builder.CompareToBuilderTest, org.apache.commons.lang.builder.DefaultToStringStyleTest, org.apache.commons.lang.builder.DefaultToStringStyleTest, org.apache.commons.lang.builder.EqualsBuilderTest, org.apache.commons.lang.builder.EqualsBuilderTest, org.apache.commons.lang.builder.HashCodeBuilderAndEqualsBuilderTest, org.apache.commons.lang.builder.HashCodeBuilderAndEqualsBuilderTest, org.apache.commons.lang.builder.HashCodeBuilderTest, org.apache.commons.lang.builder.HashCodeBuilderTest, org.apache.commons.lang.builder.MultiLineToStringStyleTest, org.apache.commons.lang.builder.MultiLineToStringStyleTest, org.apache.commons.lang.builder.NoFieldNamesToStringStyleTest, org.apache.commons.lang.builder.NoFieldNamesToStringStyleTest, org.apache.commons.lang.builder.ReflectionToStringBuilderExcludeTest, org.apache.commons.lang.builder.ReflectionToStringBuilderExcludeTest, org.apache.commons.lang.builder.ShortPrefixToStringStyleTest, org.apache.commons.lang.builder.ShortPrefixToStringStyleTest, org.apache.commons.lang.builder.SimpleToStringStyleTest, org.apache.commons.lang.builder.SimpleToStringStyleTest, org.apache.commons.lang.builder.StandardToStringStyleTest, org.apache.commons.lang.builder.StandardToStringStyleTest, org.apache.commons.lang.builder.ToStringBuilderTest, org.apache.commons.lang.builder.ToStringBuilderTest, org.apache.commons.lang.builder.ToStringStyleTest, org.apache.commons.lang.builder.ToStringStyleTest, org.apache.commons.lang.enum.EnumTest, org.apache.commons.lang.enum.EnumTest, org.apache.commons.lang.enum.EnumUtilsTest, org.apache.commons.lang.enum.EnumUtilsTest, org.apache.commons.lang.enum.ValuedEnumTest, org.apache.commons.lang.enum.ValuedEnumTest, org.apache.commons.lang.enums.EnumEqualsTest, org.apache.commons.lang.enums.EnumEqualsTest, org.apache.commons.lang.enums.EnumTest, org.apache.commons.lang.enums.EnumTest, org.apache.commons.lang.enums.EnumUtilsTest, org.apache.commons.lang.enums.EnumUtilsTest, org.apache.commons.lang.enums.ValuedEnumTest, org.apache.commons.lang.enums.ValuedEnumTest, org.apache.commons.lang.exception.ExceptionUtilsTestCase, org.apache.commons.lang.exception.ExceptionUtilsTestCase, org.apache.commons.lang.exception.NestableDelegateTestCase, org.apache.commons.lang.exception.NestableDelegateTestCase, org.apache.commons.lang.exception.NestableErrorTestCase, org.apache.commons.lang.exception.NestableErrorTestCase, org.apache.commons.lang.exception.NestableExceptionTestCase, org.apache.commons.lang.exception.NestableExceptionTestCase, org.apache.commons.lang.exception.NestableRuntimeExceptionTestCase, org.apache.commons.lang.exception.NestableRuntimeExceptionTestCase, org.apache.commons.lang.math.DoubleRangeTest, org.apache.commons.lang.math.DoubleRangeTest, org.apache.commons.lang.math.FloatRangeTest, org.apache.commons.lang.math.FloatRangeTest, org.apache.commons.lang.math.FractionTest, org.apache.commons.lang.math.FractionTest, org.apache.commons.lang.math.IntRangeTest, org.apache.commons.lang.math.IntRangeTest, org.apache.commons.lang.math.LongRangeTest, org.apache.commons.lang.math.LongRangeTest, org.apache.commons.lang.math.NumberRangeTest, org.apache.commons.lang.math.NumberRangeTest, org.apache.commons.lang.math.NumberUtilsTest, org.apache.commons.lang.math.NumberUtilsTest, org.apache.commons.lang.math.RandomUtilsTest, org.apache.commons.lang.math.RandomUtilsTest, org.apache.commons.lang.math.RangeTest, org.apache.commons.lang.math.RangeTest, org.apache.commons.lang.mutable.MutableBooleanTest, org.apache.commons.lang.mutable.MutableBooleanTest, org.apache.commons.lang.mutable.MutableByteTest, org.apache.commons.lang.mutable.MutableByteTest, org.apache.commons.lang.mutable.MutableDoubleTest, org.apache.commons.lang.mutable.MutableDoubleTest, org.apache.commons.lang.mutable.MutableFloatTest, org.apache.commons.lang.mutable.MutableFloatTest, org.apache.commons.lang.mutable.MutableIntTest, org.apache.commons.lang.mutable.MutableIntTest, org.apache.commons.lang.mutable.MutableLongTest, org.apache.commons.lang.mutable.MutableLongTest, org.apache.commons.lang.mutable.MutableObjectTest, org.apache.commons.lang.mutable.MutableObjectTest, org.apache.commons.lang.mutable.MutableShortTest, org.apache.commons.lang.mutable.MutableShortTest, org.apache.commons.lang.text.CompositeFormatTest, org.apache.commons.lang.text.CompositeFormatTest, org.apache.commons.lang.text.StrBuilderAppendInsertTest, org.apache.commons.lang.text.StrBuilderAppendInsertTest, org.apache.commons.lang.text.StrBuilderTest, org.apache.commons.lang.text.StrBuilderTest, org.apache.commons.lang.text.StrLookupTest, org.apache.commons.lang.text.StrLookupTest, org.apache.commons.lang.text.StrMatcherTest, org.apache.commons.lang.text.StrMatcherTest, org.apache.commons.lang.text.StrSubstitutorTest, org.apache.commons.lang.text.StrSubstitutorTest, org.apache.commons.lang.text.StrTokenizerTest, org.apache.commons.lang.text.StrTokenizerTest, org.apache.commons.lang.time.DateFormatUtilsTest, org.apache.commons.lang.time.DateFormatUtilsTest, org.apache.commons.lang.time.DateUtilsTest, org.apache.commons.lang.time.DateUtilsTest, org.apache.commons.lang.time.DurationFormatUtilsTest, org.apache.commons.lang.time.DurationFormatUtilsTest, org.apache.commons.lang.time.FastDateFormatTest, org.apache.commons.lang.time.FastDateFormatTest, org.apache.commons.lang.time.StopWatchTest, org.apache.commons.lang.time.StopWatchTest], complianceLevel=7, outputFolder=., json=true}
18:34:45.057 [main] INFO  fr.inria.lille.repair.nopol.NoPol - Available processors (cores): 24
18:34:45.064 [main] INFO  fr.inria.lille.repair.nopol.NoPol - Free memory: 447 MB
18:34:45.064 [main] INFO  fr.inria.lille.repair.nopol.NoPol - Maximum memory: 3 GB
18:34:45.064 [main] INFO  fr.inria.lille.repair.nopol.NoPol - Total memory available to JVM: 483 MB
18:34:45.064 [main] INFO  fr.inria.lille.repair.nopol.NoPol - Java version: 1.8.0_181
18:34:45.065 [main] INFO  fr.inria.lille.repair.nopol.NoPol - JAVA_HOME: /usr/lib/jvm/java-1.8.0-openjdk-amd64/bin/
18:34:45.065 [main] INFO  fr.inria.lille.repair.nopol.NoPol - PATH: /usr/lib/jvm/java-1.8.0-openjdk-amd64/bin/:/usr/lib/oar/oardodo:/usr/lib/oar/oardodo:/usr/local/bin:/usr/bin:/bin:/usr/games
18:35:06.266 [pool-2-thread-1] DEBUG fr.inria.lille.repair.nopol.NoPol - statement #1
18:35:06.266 [pool-2-thread-1] DEBUG fr.inria.lille.repair.nopol.NoPol - Analysing SourceLocation org.apache.commons.lang.LocaleUtils:288 which is executed by 1 tests
-723213736
18:35:06.572 [pool-2-thread-1] DEBUG fr.inria.lille.repair.nopol.NoPol - statement #2
18:35:06.573 [pool-2-thread-1] DEBUG fr.inria.lille.repair.nopol.NoPol - Analysing SourceLocation org.apache.commons.lang.LocaleUtils:286 which is executed by 1 tests
-723213736
18:35:06.719 [pool-2-thread-1] DEBUG fr.inria.lille.repair.nopol.NoPol - looking with class fr.inria.lille.repair.nopol.spoon.smt.ConditionalAdder
junit.framework.AssertionFailedError: expected:<4> but was:<5>
    at junit.framework.Assert.fail(Assert.java:57)
    at junit.framework.Assert.failNotEquals(Assert.java:329)
    at junit.framework.Assert.assertEquals(Assert.java:78)
    at junit.framework.Assert.assertEquals(Assert.java:234)
    at junit.framework.Assert.assertEquals(Assert.java:241)
    at junit.framework.TestCase.assertEquals(TestCase.java:409)
18:35:06.780 [pool-4-thread-1] INFO  xxl.java.junit.TestCasesListener - Tests run finished (33 ms)
<> Total tests run: 11
<> Ignored tests: 0
<> Failed tests: 1
~ testCountriesByLanguage(org.apache.commons.lang.LocaleUtilsTest)
[expected:<4> but was:<5>]
junit.framework.AssertionFailedError: expected:<4> but was:<5>    at junit.framework.Assert.fail(Assert.java:57)
    at junit.framework.Assert.failNotEquals(Assert.java:329)
    at junit.framework.Assert.assertEquals(Assert.java:78)
    at junit.framework.Assert.assertEquals(Assert.java:234)
    at junit.framework.Assert.assertEquals(Assert.java:241)
    at junit.framework.TestCase.assertEquals(TestCase.java:409)

junit.framework.AssertionFailedError: expected same:<[de_CH, de_AT, de_LU, de_DE, de_GR]> was not:<[de_CH, de_AT, de_LU, de_DE, de_GR]>
    at junit.framework.Assert.fail(Assert.java:57)
    at junit.framework.Assert.failNotSame(Assert.java:325)
    at junit.framework.Assert.assertSame(Assert.java:288)
    at junit.framework.Assert.assertSame(Assert.java:296)
    at junit.framework.TestCase.assertSame(TestCase.java:465)
    at org.apache.commons.lang.LocaleUtilsTest.assertCountriesByLanguage(LocaleUtilsTest.java:450)
18:35:07.604 [pool-5-thread-1] INFO  f.i.l.c.t.SpecificationTestCasesListener - Tests run finished (7 ms)
<> Total tests run: 1
<> Ignored tests: 0
<> Failed tests: 1
~ testCountriesByLanguage(org.apache.commons.lang.LocaleUtilsTest)
[expected same:<[de_CH, de_AT, de_LU, de_DE, de_GR]> was not:<[de_CH, de_AT, de_LU, de_DE, de_GR]>]
junit.framework.AssertionFailedError: expected same:<[de_CH, de_AT, de_LU, de_DE, de_GR]> was not:<[de_CH, de_AT, de_LU, de_DE, de_GR]>    at junit.framework.Assert.fail(Assert.java:57)
    at junit.framework.Assert.failNotSame(Assert.java:325)
    at junit.framework.Assert.assertSame(Assert.java:288)
    at junit.framework.Assert.assertSame(Assert.java:296)
    at junit.framework.TestCase.assertSame(TestCase.java:465)
    at org.apache.commons.lang.LocaleUtilsTest.assertCountriesByLanguage(LocaleUtilsTest.java:450)

junit.framework.AssertionFailedError: expected:<4> but was:<5>
    at junit.framework.Assert.fail(Assert.java:57)
    at junit.framework.Assert.failNotEquals(Assert.java:329)
    at junit.framework.Assert.assertEquals(Assert.java:78)
    at junit.framework.Assert.assertEquals(Assert.java:234)
    at junit.framework.Assert.assertEquals(Assert.java:241)
    at junit.framework.TestCase.assertEquals(TestCase.java:409)
18:35:07.607 [pool-6-thread-1] INFO  f.i.l.c.t.SpecificationTestCasesListener - Tests run finished (1 ms)
<> Total tests run: 1
<> Ignored tests: 0
<> Failed tests: 1
~ testCountriesByLanguage(org.apache.commons.lang.LocaleUtilsTest)
[expected:<4> but was:<5>]
junit.framework.AssertionFailedError: expected:<4> but was:<5>    at junit.framework.Assert.fail(Assert.java:57)
    at junit.framework.Assert.failNotEquals(Assert.java:329)
    at junit.framework.Assert.assertEquals(Assert.java:78)
    at junit.framework.Assert.assertEquals(Assert.java:234)
    at junit.framework.Assert.assertEquals(Assert.java:241)
    at junit.framework.TestCase.assertEquals(TestCase.java:409)

18:35:07.608 [pool-3-thread-1] DEBUG tests.output - Failing tests with false: 
[testCountriesByLanguage(org.apache.commons.lang.LocaleUtilsTest): expected same:<[de_CH, de_AT, de_LU, de_DE, de_GR]> was not:<[de_CH, de_AT, de_LU, de_DE, de_GR]>]
18:35:07.608 [pool-3-thread-1] DEBUG tests.output - Failing tests with true: 
[testCountriesByLanguage(org.apache.commons.lang.LocaleUtilsTest): expected:<4> but was:<5>]
18:35:07.608 [pool-3-thread-1] INFO  f.i.l.r.n.synth.SMTNopolSynthesizer - Not enough specifications: 0. A trivial patch is "true" or "false", please write new tests specifying SourceLocation org.apache.commons.lang.LocaleUtils:286.
18:35:07.609 [pool-2-thread-1] DEBUG fr.inria.lille.repair.nopol.NoPol - statement #3
18:35:07.609 [pool-2-thread-1] DEBUG fr.inria.lille.repair.nopol.NoPol - Analysing SourceLocation org.apache.commons.lang.LocaleUtils:284 which is executed by 1 tests
-723213736
18:35:07.691 [pool-2-thread-1] DEBUG fr.inria.lille.repair.nopol.NoPol - looking with class fr.inria.lille.repair.nopol.spoon.smt.ConditionalAdder
junit.framework.AssertionFailedError: expected:<4> but was:<5>
    at junit.framework.Assert.fail(Assert.java:57)
    at junit.framework.Assert.failNotEquals(Assert.java:329)
    at junit.framework.Assert.assertEquals(Assert.java:78)
    at junit.framework.Assert.assertEquals(Assert.java:234)
    at junit.framework.Assert.assertEquals(Assert.java:241)
    at junit.framework.TestCase.assertEquals(TestCase.java:409)
18:35:07.703 [pool-8-thread-1] INFO  xxl.java.junit.TestCasesListener - Tests run finished (7 ms)
<> Total tests run: 11
<> Ignored tests: 0
<> Failed tests: 1
~ testCountriesByLanguage(org.apache.commons.lang.LocaleUtilsTest)
[expected:<4> but was:<5>]
junit.framework.AssertionFailedError: expected:<4> but was:<5>    at junit.framework.Assert.fail(Assert.java:57)
    at junit.framework.Assert.failNotEquals(Assert.java:329)
    at junit.framework.Assert.assertEquals(Assert.java:78)
    at junit.framework.Assert.assertEquals(Assert.java:234)
    at junit.framework.Assert.assertEquals(Assert.java:241)
    at junit.framework.TestCase.assertEquals(TestCase.java:409)

junit.framework.AssertionFailedError
    at junit.framework.Assert.fail(Assert.java:55)
    at junit.framework.Assert.assertTrue(Assert.java:22)
    at junit.framework.Assert.assertNotNull(Assert.java:256)
    at junit.framework.Assert.assertNotNull(Assert.java:248)
    at junit.framework.TestCase.assertNotNull(TestCase.java:417)
    at org.apache.commons.lang.LocaleUtilsTest.assertCountriesByLanguage(LocaleUtilsTest.java:449)
18:35:08.144 [pool-9-thread-1] INFO  f.i.l.c.t.SpecificationTestCasesListener - Tests run finished (3 ms)
<> Total tests run: 1
<> Ignored tests: 0
<> Failed tests: 1
~ testCountriesByLanguage(org.apache.commons.lang.LocaleUtilsTest)
[null]
junit.framework.AssertionFailedError    at junit.framework.Assert.fail(Assert.java:55)
    at junit.framework.Assert.assertTrue(Assert.java:22)
    at junit.framework.Assert.assertNotNull(Assert.java:256)
    at junit.framework.Assert.assertNotNull(Assert.java:248)
    at junit.framework.TestCase.assertNotNull(TestCase.java:417)
    at org.apache.commons.lang.LocaleUtilsTest.assertCountriesByLanguage(LocaleUtilsTest.java:449)

junit.framework.AssertionFailedError: expected:<4> but was:<5>
    at junit.framework.Assert.fail(Assert.java:57)
    at junit.framework.Assert.failNotEquals(Assert.java:329)
    at junit.framework.Assert.assertEquals(Assert.java:78)
    at junit.framework.Assert.assertEquals(Assert.java:234)
    at junit.framework.Assert.assertEquals(Assert.java:241)
    at junit.framework.TestCase.assertEquals(TestCase.java:409)
18:35:08.147 [pool-10-thread-1] INFO  f.i.l.c.t.SpecificationTestCasesListener - Tests run finished (1 ms)
<> Total tests run: 1
<> Ignored tests: 0
<> Failed tests: 1
~ testCountriesByLanguage(org.apache.commons.lang.LocaleUtilsTest)
[expected:<4> but was:<5>]
junit.framework.AssertionFailedError: expected:<4> but was:<5>    at junit.framework.Assert.fail(Assert.java:57)
    at junit.framework.Assert.failNotEquals(Assert.java:329)
    at junit.framework.Assert.assertEquals(Assert.java:78)
    at junit.framework.Assert.assertEquals(Assert.java:234)
    at junit.framework.Assert.assertEquals(Assert.java:241)
    at junit.framework.TestCase.assertEquals(TestCase.java:409)

18:35:08.148 [pool-7-thread-1] DEBUG tests.output - Failing tests with false: 
[testCountriesByLanguage(org.apache.commons.lang.LocaleUtilsTest): null]
18:35:08.148 [pool-7-thread-1] DEBUG tests.output - Failing tests with true: 
[testCountriesByLanguage(org.apache.commons.lang.LocaleUtilsTest): expected:<4> but was:<5>]
18:35:08.149 [pool-7-thread-1] INFO  f.i.l.r.n.synth.SMTNopolSynthesizer - Not enough specifications: 0. A trivial patch is "true" or "false", please write new tests specifying SourceLocation org.apache.commons.lang.LocaleUtils:284.
18:35:08.149 [pool-2-thread-1] DEBUG fr.inria.lille.repair.nopol.NoPol - statement #4
18:35:08.149 [pool-2-thread-1] DEBUG fr.inria.lille.repair.nopol.NoPol - Analysing SourceLocation org.apache.commons.lang.LocaleUtils:283 which is executed by 1 tests
-723213736
18:35:08.248 [pool-2-thread-1] DEBUG fr.inria.lille.repair.nopol.NoPol - statement #5
18:35:08.248 [pool-2-thread-1] DEBUG fr.inria.lille.repair.nopol.NoPol - Analysing SourceLocation org.apache.commons.lang.LocaleUtils:282 which is executed by 1 tests
-723213736
18:35:08.330 [pool-2-thread-1] DEBUG fr.inria.lille.repair.nopol.NoPol - looking with class fr.inria.lille.repair.nopol.spoon.smt.ConditionalAdder
junit.framework.AssertionFailedError: expected:<4> but was:<5>
    at junit.framework.Assert.fail(Assert.java:57)
    at junit.framework.Assert.failNotEquals(Assert.java:329)
    at junit.framework.Assert.assertEquals(Assert.java:78)
    at junit.framework.Assert.assertEquals(Assert.java:234)
    at junit.framework.Assert.assertEquals(Assert.java:241)
    at junit.framework.TestCase.assertEquals(TestCase.java:409)
18:35:08.341 [pool-12-thread-1] INFO  xxl.java.junit.TestCasesListener - Tests run finished (6 ms)
<> Total tests run: 11
<> Ignored tests: 0
<> Failed tests: 1
~ testCountriesByLanguage(org.apache.commons.lang.LocaleUtilsTest)
[expected:<4> but was:<5>]
junit.framework.AssertionFailedError: expected:<4> but was:<5>    at junit.framework.Assert.fail(Assert.java:57)
    at junit.framework.Assert.failNotEquals(Assert.java:329)
    at junit.framework.Assert.assertEquals(Assert.java:78)
    at junit.framework.Assert.assertEquals(Assert.java:234)
    at junit.framework.Assert.assertEquals(Assert.java:241)
    at junit.framework.TestCase.assertEquals(TestCase.java:409)

junit.framework.AssertionFailedError: expected:<4> but was:<5>
    at junit.framework.Assert.fail(Assert.java:57)
    at junit.framework.Assert.failNotEquals(Assert.java:329)
    at junit.framework.Assert.assertEquals(Assert.java:78)
    at junit.framework.Assert.assertEquals(Assert.java:234)
    at junit.framework.Assert.assertEquals(Assert.java:241)
    at junit.framework.TestCase.assertEquals(TestCase.java:409)
18:35:08.574 [pool-13-thread-1] INFO  f.i.l.c.t.SpecificationTestCasesListener - Tests run finished (2 ms)
<> Total tests run: 1
<> Ignored tests: 0
<> Failed tests: 1
~ testCountriesByLanguage(org.apache.commons.lang.LocaleUtilsTest)
[expected:<4> but was:<5>]
junit.framework.AssertionFailedError: expected:<4> but was:<5>    at junit.framework.Assert.fail(Assert.java:57)
    at junit.framework.Assert.failNotEquals(Assert.java:329)
    at junit.framework.Assert.assertEquals(Assert.java:78)
    at junit.framework.Assert.assertEquals(Assert.java:234)
    at junit.framework.Assert.assertEquals(Assert.java:241)
    at junit.framework.TestCase.assertEquals(TestCase.java:409)

junit.framework.AssertionFailedError: expected:<4> but was:<5>
    at junit.framework.Assert.fail(Assert.java:57)
    at junit.framework.Assert.failNotEquals(Assert.java:329)
    at junit.framework.Assert.assertEquals(Assert.java:78)
    at junit.framework.Assert.assertEquals(Assert.java:234)
    at junit.framework.Assert.assertEquals(Assert.java:241)
    at junit.framework.TestCase.assertEquals(TestCase.java:409)
18:35:08.576 [pool-14-thread-1] INFO  f.i.l.c.t.SpecificationTestCasesListener - Tests run finished (0 ms)
<> Total tests run: 1
<> Ignored tests: 0
<> Failed tests: 1
~ testCountriesByLanguage(org.apache.commons.lang.LocaleUtilsTest)
[expected:<4> but was:<5>]
junit.framework.AssertionFailedError: expected:<4> but was:<5>    at junit.framework.Assert.fail(Assert.java:57)
    at junit.framework.Assert.failNotEquals(Assert.java:329)
    at junit.framework.Assert.assertEquals(Assert.java:78)
    at junit.framework.Assert.assertEquals(Assert.java:234)
    at junit.framework.Assert.assertEquals(Assert.java:241)
    at junit.framework.TestCase.assertEquals(TestCase.java:409)

18:35:08.577 [pool-11-thread-1] DEBUG tests.output - Failing tests with false: 
[testCountriesByLanguage(org.apache.commons.lang.LocaleUtilsTest): expected:<4> but was:<5>]
18:35:08.577 [pool-11-thread-1] DEBUG tests.output - Failing tests with true: 
[testCountriesByLanguage(org.apache.commons.lang.LocaleUtilsTest): expected:<4> but was:<5>]
18:35:08.577 [pool-11-thread-1] INFO  f.i.l.r.n.synth.SMTNopolSynthesizer - Not enough specifications: 0. A trivial patch is "true" or "false", please write new tests specifying SourceLocation org.apache.commons.lang.LocaleUtils:282.
18:35:08.578 [pool-2-thread-1] DEBUG fr.inria.lille.repair.nopol.NoPol - statement #6
18:35:08.578 [pool-2-thread-1] DEBUG fr.inria.lille.repair.nopol.NoPol - Analysing SourceLocation org.apache.commons.lang.LocaleUtils:279 which is executed by 1 tests
-723213736
18:35:08.657 [pool-2-thread-1] DEBUG fr.inria.lille.repair.nopol.NoPol - looking with class fr.inria.lille.repair.nopol.spoon.smt.ConditionalAdder
junit.framework.AssertionFailedError: expected:<4> but was:<5>
    at junit.framework.Assert.fail(Assert.java:57)
    at junit.framework.Assert.failNotEquals(Assert.java:329)
    at junit.framework.Assert.assertEquals(Assert.java:78)
    at junit.framework.Assert.assertEquals(Assert.java:234)
    at junit.framework.Assert.assertEquals(Assert.java:241)
    at junit.framework.TestCase.assertEquals(TestCase.java:409)
18:35:08.667 [pool-16-thread-1] INFO  xxl.java.junit.TestCasesListener - Tests run finished (5 ms)
<> Total tests run: 11
<> Ignored tests: 0
<> Failed tests: 1
~ testCountriesByLanguage(org.apache.commons.lang.LocaleUtilsTest)
[expected:<4> but was:<5>]
junit.framework.AssertionFailedError: expected:<4> but was:<5>    at junit.framework.Assert.fail(Assert.java:57)
    at junit.framework.Assert.failNotEquals(Assert.java:329)
    at junit.framework.Assert.assertEquals(Assert.java:78)
    at junit.framework.Assert.assertEquals(Assert.java:234)
    at junit.framework.Assert.assertEquals(Assert.java:241)
    at junit.framework.TestCase.assertEquals(TestCase.java:409)

junit.framework.AssertionFailedError: expected:<4> but was:<0>
    at junit.framework.Assert.fail(Assert.java:57)
    at junit.framework.Assert.failNotEquals(Assert.java:329)
    at junit.framework.Assert.assertEquals(Assert.java:78)
    at junit.framework.Assert.assertEquals(Assert.java:234)
    at junit.framework.Assert.assertEquals(Assert.java:241)
    at junit.framework.TestCase.assertEquals(TestCase.java:409)
18:35:08.864 [pool-17-thread-1] INFO  f.i.l.c.t.SpecificationTestCasesListener - Tests run finished (8 ms)
<> Total tests run: 1
<> Ignored tests: 0
<> Failed tests: 1
~ testCountriesByLanguage(org.apache.commons.lang.LocaleUtilsTest)
[expected:<4> but was:<0>]
junit.framework.AssertionFailedError: expected:<4> but was:<0>    at junit.framework.Assert.fail(Assert.java:57)
    at junit.framework.Assert.failNotEquals(Assert.java:329)
    at junit.framework.Assert.assertEquals(Assert.java:78)
    at junit.framework.Assert.assertEquals(Assert.java:234)
    at junit.framework.Assert.assertEquals(Assert.java:241)
    at junit.framework.TestCase.assertEquals(TestCase.java:409)

junit.framework.AssertionFailedError: expected:<4> but was:<0>
    at junit.framework.Assert.fail(Assert.java:57)
    at junit.framework.Assert.failNotEquals(Assert.java:329)
    at junit.framework.Assert.assertEquals(Assert.java:78)
    at junit.framework.Assert.assertEquals(Assert.java:234)
    at junit.framework.Assert.assertEquals(Assert.java:241)
    at junit.framework.TestCase.assertEquals(TestCase.java:409)
18:35:08.866 [pool-18-thread-1] INFO  f.i.l.c.t.SpecificationTestCasesListener - Tests run finished (1 ms)
<> Total tests run: 1
<> Ignored tests: 0
<> Failed tests: 1
~ testCountriesByLanguage(org.apache.commons.lang.LocaleUtilsTest)
[expected:<4> but was:<0>]
junit.framework.AssertionFailedError: expected:<4> but was:<0>    at junit.framework.Assert.fail(Assert.java:57)
    at junit.framework.Assert.failNotEquals(Assert.java:329)
    at junit.framework.Assert.assertEquals(Assert.java:78)
    at junit.framework.Assert.assertEquals(Assert.java:234)
    at junit.framework.Assert.assertEquals(Assert.java:241)
    at junit.framework.TestCase.assertEquals(TestCase.java:409)

18:35:08.867 [pool-15-thread-1] DEBUG tests.output - Failing tests with false: 
[testCountriesByLanguage(org.apache.commons.lang.LocaleUtilsTest): expected:<4> but was:<0>]
18:35:08.867 [pool-15-thread-1] DEBUG tests.output - Failing tests with true: 
[testCountriesByLanguage(org.apache.commons.lang.LocaleUtilsTest): expected:<4> but was:<0>]
18:35:08.867 [pool-15-thread-1] INFO  f.i.l.r.n.synth.SMTNopolSynthesizer - Not enough specifications: 0. A trivial patch is "true" or "false", please write new tests specifying SourceLocation org.apache.commons.lang.LocaleUtils:279.
18:35:08.867 [pool-2-thread-1] DEBUG fr.inria.lille.repair.nopol.NoPol - statement #7
18:35:08.867 [pool-2-thread-1] DEBUG fr.inria.lille.repair.nopol.NoPol - Analysing SourceLocation org.apache.commons.lang.LocaleUtils:276 which is executed by 1 tests
-723213736
18:35:08.949 [pool-2-thread-1] DEBUG fr.inria.lille.repair.nopol.NoPol - looking with class fr.inria.lille.repair.nopol.spoon.smt.ConditionalAdder
junit.framework.AssertionFailedError: expected:<4> but was:<5>
    at junit.framework.Assert.fail(Assert.java:57)
    at junit.framework.Assert.failNotEquals(Assert.java:329)
    at junit.framework.Assert.assertEquals(Assert.java:78)
    at junit.framework.Assert.assertEquals(Assert.java:234)
    at junit.framework.Assert.assertEquals(Assert.java:241)
    at junit.framework.TestCase.assertEquals(TestCase.java:409)
18:35:08.960 [pool-20-thread-1] INFO  xxl.java.junit.TestCasesListener - Tests run finished (6 ms)
<> Total tests run: 11
<> Ignored tests: 0
<> Failed tests: 1
~ testCountriesByLanguage(org.apache.commons.lang.LocaleUtilsTest)
[expected:<4> but was:<5>]
junit.framework.AssertionFailedError: expected:<4> but was:<5>    at junit.framework.Assert.fail(Assert.java:57)
    at junit.framework.Assert.failNotEquals(Assert.java:329)
    at junit.framework.Assert.assertEquals(Assert.java:78)
    at junit.framework.Assert.assertEquals(Assert.java:234)
    at junit.framework.Assert.assertEquals(Assert.java:241)
    at junit.framework.TestCase.assertEquals(TestCase.java:409)

junit.framework.AssertionFailedError: expected:<4> but was:<0>
    at junit.framework.Assert.fail(Assert.java:57)
    at junit.framework.Assert.failNotEquals(Assert.java:329)
    at junit.framework.Assert.assertEquals(Assert.java:78)
    at junit.framework.Assert.assertEquals(Assert.java:234)
    at junit.framework.Assert.assertEquals(Assert.java:241)
    at junit.framework.TestCase.assertEquals(TestCase.java:409)
18:35:09.147 [pool-21-thread-1] INFO  f.i.l.c.t.SpecificationTestCasesListener - Tests run finished (9 ms)
<> Total tests run: 1
<> Ignored tests: 0
<> Failed tests: 1
~ testCountriesByLanguage(org.apache.commons.lang.LocaleUtilsTest)
[expected:<4> but was:<0>]
junit.framework.AssertionFailedError: expected:<4> but was:<0>    at junit.framework.Assert.fail(Assert.java:57)
    at junit.framework.Assert.failNotEquals(Assert.java:329)
    at junit.framework.Assert.assertEquals(Assert.java:78)
    at junit.framework.Assert.assertEquals(Assert.java:234)
    at junit.framework.Assert.assertEquals(Assert.java:241)
    at junit.framework.TestCase.assertEquals(TestCase.java:409)

junit.framework.AssertionFailedError: expected:<4> but was:<0>
    at junit.framework.Assert.fail(Assert.java:57)
    at junit.framework.Assert.failNotEquals(Assert.java:329)
    at junit.framework.Assert.assertEquals(Assert.java:78)
    at junit.framework.Assert.assertEquals(Assert.java:234)
    at junit.framework.Assert.assertEquals(Assert.java:241)
    at junit.framework.TestCase.assertEquals(TestCase.java:409)
18:35:09.149 [pool-22-thread-1] INFO  f.i.l.c.t.SpecificationTestCasesListener - Tests run finished (0 ms)
<> Total tests run: 1
<> Ignored tests: 0
<> Failed tests: 1
~ testCountriesByLanguage(org.apache.commons.lang.LocaleUtilsTest)
[expected:<4> but was:<0>]
junit.framework.AssertionFailedError: expected:<4> but was:<0>    at junit.framework.Assert.fail(Assert.java:57)
    at junit.framework.Assert.failNotEquals(Assert.java:329)
    at junit.framework.Assert.assertEquals(Assert.java:78)
    at junit.framework.Assert.assertEquals(Assert.java:234)
    at junit.framework.Assert.assertEquals(Assert.java:241)
    at junit.framework.TestCase.assertEquals(TestCase.java:409)

18:35:09.150 [pool-19-thread-1] DEBUG tests.output - Failing tests with false: 
[testCountriesByLanguage(org.apache.commons.lang.LocaleUtilsTest): expected:<4> but was:<0>]
18:35:09.150 [pool-19-thread-1] DEBUG tests.output - Failing tests with true: 
[testCountriesByLanguage(org.apache.commons.lang.LocaleUtilsTest): expected:<4> but was:<0>]
18:35:09.150 [pool-19-thread-1] INFO  f.i.l.r.n.synth.SMTNopolSynthesizer - Not enough specifications: 0. A trivial patch is "true" or "false", please write new tests specifying SourceLocation org.apache.commons.lang.LocaleUtils:276.
18:35:09.150 [pool-2-thread-1] DEBUG fr.inria.lille.repair.nopol.NoPol - looking with class fr.inria.lille.repair.nopol.spoon.smt.ConditionalReplacer
junit.framework.AssertionFailedError: expected:<4> but was:<5>
    at junit.framework.Assert.fail(Assert.java:57)
    at junit.framework.Assert.failNotEquals(Assert.java:329)
    at junit.framework.Assert.assertEquals(Assert.java:78)
    at junit.framework.Assert.assertEquals(Assert.java:234)
    at junit.framework.Assert.assertEquals(Assert.java:241)
    at junit.framework.TestCase.assertEquals(TestCase.java:409)
18:35:09.158 [pool-24-thread-1] INFO  xxl.java.junit.TestCasesListener - Tests run finished (5 ms)
<> Total tests run: 11
<> Ignored tests: 0
<> Failed tests: 1
~ testCountriesByLanguage(org.apache.commons.lang.LocaleUtilsTest)
[expected:<4> but was:<5>]
junit.framework.AssertionFailedError: expected:<4> but was:<5>    at junit.framework.Assert.fail(Assert.java:57)
    at junit.framework.Assert.failNotEquals(Assert.java:329)
    at junit.framework.Assert.assertEquals(Assert.java:78)
    at junit.framework.Assert.assertEquals(Assert.java:234)
    at junit.framework.Assert.assertEquals(Assert.java:241)
    at junit.framework.TestCase.assertEquals(TestCase.java:409)

junit.framework.AssertionFailedError: expected:<4> but was:<0>
    at junit.framework.Assert.fail(Assert.java:57)
    at junit.framework.Assert.failNotEquals(Assert.java:329)
    at junit.framework.Assert.assertEquals(Assert.java:78)
    at junit.framework.Assert.assertEquals(Assert.java:234)
    at junit.framework.Assert.assertEquals(Assert.java:241)
    at junit.framework.TestCase.assertEquals(TestCase.java:409)
18:35:09.335 [pool-25-thread-1] INFO  f.i.l.c.t.SpecificationTestCasesListener - Tests run finished (6 ms)
<> Total tests run: 1
<> Ignored tests: 0
<> Failed tests: 1
~ testCountriesByLanguage(org.apache.commons.lang.LocaleUtilsTest)
[expected:<4> but was:<0>]
junit.framework.AssertionFailedError: expected:<4> but was:<0>    at junit.framework.Assert.fail(Assert.java:57)
    at junit.framework.Assert.failNotEquals(Assert.java:329)
    at junit.framework.Assert.assertEquals(Assert.java:78)
    at junit.framework.Assert.assertEquals(Assert.java:234)
    at junit.framework.Assert.assertEquals(Assert.java:241)
    at junit.framework.TestCase.assertEquals(TestCase.java:409)

junit.framework.AssertionFailedError: expected:<4> but was:<0>
    at junit.framework.Assert.fail(Assert.java:57)
    at junit.framework.Assert.failNotEquals(Assert.java:329)
    at junit.framework.Assert.assertEquals(Assert.java:78)
    at junit.framework.Assert.assertEquals(Assert.java:234)
    at junit.framework.Assert.assertEquals(Assert.java:241)
    at junit.framework.TestCase.assertEquals(TestCase.java:409)
18:35:09.337 [pool-26-thread-1] INFO  f.i.l.c.t.SpecificationTestCasesListener - Tests run finished (1 ms)
<> Total tests run: 1
<> Ignored tests: 0
<> Failed tests: 1
~ testCountriesByLanguage(org.apache.commons.lang.LocaleUtilsTest)
[expected:<4> but was:<0>]
junit.framework.AssertionFailedError: expected:<4> but was:<0>    at junit.framework.Assert.fail(Assert.java:57)
    at junit.framework.Assert.failNotEquals(Assert.java:329)
    at junit.framework.Assert.assertEquals(Assert.java:78)
    at junit.framework.Assert.assertEquals(Assert.java:234)
    at junit.framework.Assert.assertEquals(Assert.java:241)
    at junit.framework.TestCase.assertEquals(TestCase.java:409)

18:35:09.338 [pool-23-thread-1] DEBUG tests.output - Failing tests with false: 
[testCountriesByLanguage(org.apache.commons.lang.LocaleUtilsTest): expected:<4> but was:<0>]
18:35:09.338 [pool-23-thread-1] DEBUG tests.output - Failing tests with true: 
[testCountriesByLanguage(org.apache.commons.lang.LocaleUtilsTest): expected:<4> but was:<0>]
18:35:09.338 [pool-23-thread-1] INFO  f.i.l.r.n.synth.SMTNopolSynthesizer - Not enough specifications: 0. A trivial patch is "true" or "false", please write new tests specifying SourceLocation org.apache.commons.lang.LocaleUtils:276.
18:35:09.338 [pool-2-thread-1] DEBUG fr.inria.lille.repair.nopol.NoPol - statement #8
18:35:09.338 [pool-2-thread-1] DEBUG fr.inria.lille.repair.nopol.NoPol - Analysing SourceLocation org.apache.commons.lang.LocaleUtils:275 which is executed by 1 tests
-723213736
18:35:09.415 [pool-2-thread-1] DEBUG fr.inria.lille.repair.nopol.NoPol - statement #9
18:35:09.415 [pool-2-thread-1] DEBUG fr.inria.lille.repair.nopol.NoPol - Analysing SourceLocation org.apache.commons.lang.LocaleUtils:274 which is executed by 1 tests
-723213736
18:35:09.493 [pool-2-thread-1] DEBUG fr.inria.lille.repair.nopol.NoPol - looking with class fr.inria.lille.repair.nopol.spoon.smt.ConditionalAdder
junit.framework.AssertionFailedError: expected:<4> but was:<5>
    at junit.framework.Assert.fail(Assert.java:57)
    at junit.framework.Assert.failNotEquals(Assert.java:329)
    at junit.framework.Assert.assertEquals(Assert.java:78)
    at junit.framework.Assert.assertEquals(Assert.java:234)
    at junit.framework.Assert.assertEquals(Assert.java:241)
    at junit.framework.TestCase.assertEquals(TestCase.java:409)
18:35:09.502 [pool-28-thread-1] INFO  xxl.java.junit.TestCasesListener - Tests run finished (6 ms)
<> Total tests run: 11
<> Ignored tests: 0
<> Failed tests: 1
~ testCountriesByLanguage(org.apache.commons.lang.LocaleUtilsTest)
[expected:<4> but was:<5>]
junit.framework.AssertionFailedError: expected:<4> but was:<5>    at junit.framework.Assert.fail(Assert.java:57)
    at junit.framework.Assert.failNotEquals(Assert.java:329)
    at junit.framework.Assert.assertEquals(Assert.java:78)
    at junit.framework.Assert.assertEquals(Assert.java:234)
    at junit.framework.Assert.assertEquals(Assert.java:241)
    at junit.framework.TestCase.assertEquals(TestCase.java:409)

junit.framework.AssertionFailedError: expected:<4> but was:<0>
    at junit.framework.Assert.fail(Assert.java:57)
    at junit.framework.Assert.failNotEquals(Assert.java:329)
    at junit.framework.Assert.assertEquals(Assert.java:78)
    at junit.framework.Assert.assertEquals(Assert.java:234)
    at junit.framework.Assert.assertEquals(Assert.java:241)
    at junit.framework.TestCase.assertEquals(TestCase.java:409)
18:35:09.671 [pool-29-thread-1] INFO  f.i.l.c.t.SpecificationTestCasesListener - Tests run finished (1 ms)
<> Total tests run: 1
<> Ignored tests: 0
<> Failed tests: 1
~ testCountriesByLanguage(org.apache.commons.lang.LocaleUtilsTest)
[expected:<4> but was:<0>]
junit.framework.AssertionFailedError: expected:<4> but was:<0>    at junit.framework.Assert.fail(Assert.java:57)
    at junit.framework.Assert.failNotEquals(Assert.java:329)
    at junit.framework.Assert.assertEquals(Assert.java:78)
    at junit.framework.Assert.assertEquals(Assert.java:234)
    at junit.framework.Assert.assertEquals(Assert.java:241)
    at junit.framework.TestCase.assertEquals(TestCase.java:409)

junit.framework.AssertionFailedError: expected:<4> but was:<0>
    at junit.framework.Assert.fail(Assert.java:57)
    at junit.framework.Assert.failNotEquals(Assert.java:329)
    at junit.framework.Assert.assertEquals(Assert.java:78)
    at junit.framework.Assert.assertEquals(Assert.java:234)
    at junit.framework.Assert.assertEquals(Assert.java:241)
    at junit.framework.TestCase.assertEquals(TestCase.java:409)
18:35:09.674 [pool-30-thread-1] INFO  f.i.l.c.t.SpecificationTestCasesListener - Tests run finished (1 ms)
<> Total tests run: 1
<> Ignored tests: 0
<> Failed tests: 1
~ testCountriesByLanguage(org.apache.commons.lang.LocaleUtilsTest)
[expected:<4> but was:<0>]
junit.framework.AssertionFailedError: expected:<4> but was:<0>    at junit.framework.Assert.fail(Assert.java:57)
    at junit.framework.Assert.failNotEquals(Assert.java:329)
    at junit.framework.Assert.assertEquals(Assert.java:78)
    at junit.framework.Assert.assertEquals(Assert.java:234)
    at junit.framework.Assert.assertEquals(Assert.java:241)
    at junit.framework.TestCase.assertEquals(TestCase.java:409)

18:35:09.674 [pool-27-thread-1] DEBUG tests.output - Failing tests with false: 
[testCountriesByLanguage(org.apache.commons.lang.LocaleUtilsTest): expected:<4> but was:<0>]
18:35:09.675 [pool-27-thread-1] DEBUG tests.output - Failing tests with true: 
[testCountriesByLanguage(org.apache.commons.lang.LocaleUtilsTest): expected:<4> but was:<0>]
18:35:09.675 [pool-27-thread-1] INFO  f.i.l.r.n.synth.SMTNopolSynthesizer - Not enough specifications: 0. A trivial patch is "true" or "false", please write new tests specifying SourceLocation org.apache.commons.lang.LocaleUtils:274.
18:35:09.675 [pool-2-thread-1] DEBUG fr.inria.lille.repair.nopol.NoPol - statement #10
18:35:09.675 [pool-2-thread-1] DEBUG fr.inria.lille.repair.nopol.NoPol - Analysing SourceLocation org.apache.commons.lang.LocaleUtils:273 which is executed by 1 tests
-723213736
18:35:09.762 [pool-2-thread-1] DEBUG fr.inria.lille.repair.nopol.NoPol - statement #11
18:35:09.762 [pool-2-thread-1] DEBUG fr.inria.lille.repair.nopol.NoPol - Analysing SourceLocation org.apache.commons.lang.LocaleUtils:272 which is executed by 1 tests
-723213736
18:35:09.840 [pool-2-thread-1] DEBUG fr.inria.lille.repair.nopol.NoPol - looking with class fr.inria.lille.repair.nopol.spoon.smt.ConditionalAdder
junit.framework.AssertionFailedError: expected:<4> but was:<5>
    at junit.framework.Assert.fail(Assert.java:57)
    at junit.framework.Assert.failNotEquals(Assert.java:329)
    at junit.framework.Assert.assertEquals(Assert.java:78)
    at junit.framework.Assert.assertEquals(Assert.java:234)
    at junit.framework.Assert.assertEquals(Assert.java:241)
    at junit.framework.TestCase.assertEquals(TestCase.java:409)
18:35:09.849 [pool-32-thread-1] INFO  xxl.java.junit.TestCasesListener - Tests run finished (5 ms)
<> Total tests run: 11
<> Ignored tests: 0
<> Failed tests: 1
~ testCountriesByLanguage(org.apache.commons.lang.LocaleUtilsTest)
[expected:<4> but was:<5>]
junit.framework.AssertionFailedError: expected:<4> but was:<5>    at junit.framework.Assert.fail(Assert.java:57)
    at junit.framework.Assert.failNotEquals(Assert.java:329)
    at junit.framework.Assert.assertEquals(Assert.java:78)
    at junit.framework.Assert.assertEquals(Assert.java:234)
    at junit.framework.Assert.assertEquals(Assert.java:241)
    at junit.framework.TestCase.assertEquals(TestCase.java:409)

java.lang.NullPointerException
    at org.apache.commons.lang.LocaleUtils.countriesByLanguage(LocaleUtils.java:143)
    at org.apache.commons.lang.LocaleUtilsTest.assertCountriesByLanguage(LocaleUtilsTest.java:447)
    at org.apache.commons.lang.LocaleUtilsTest.testCountriesByLanguage(LocaleUtilsTest.java:481)
    at sun.reflect.NativeMethodAccessorImpl.invoke0(Native Method)
    at sun.reflect.NativeMethodAccessorImpl.invoke(NativeMethodAccessorImpl.java:62)
    at sun.reflect.DelegatingMethodAccessorImpl.invoke(DelegatingMethodAccessorImpl.java:43)
18:35:10.001 [pool-33-thread-1] INFO  f.i.l.c.t.SpecificationTestCasesListener - Tests run finished (1 ms)
<> Total tests run: 1
<> Ignored tests: 0
<> Failed tests: 1
~ testCountriesByLanguage(org.apache.commons.lang.LocaleUtilsTest)
[null]
java.lang.NullPointerException    at org.apache.commons.lang.LocaleUtils.countriesByLanguage(LocaleUtils.java:143)
    at org.apache.commons.lang.LocaleUtilsTest.assertCountriesByLanguage(LocaleUtilsTest.java:447)
    at org.apache.commons.lang.LocaleUtilsTest.testCountriesByLanguage(LocaleUtilsTest.java:481)
    at sun.reflect.NativeMethodAccessorImpl.invoke0(Native Method)
    at sun.reflect.NativeMethodAccessorImpl.invoke(NativeMethodAccessorImpl.java:62)
    at sun.reflect.DelegatingMethodAccessorImpl.invoke(DelegatingMethodAccessorImpl.java:43)

junit.framework.AssertionFailedError: expected:<4> but was:<5>
    at junit.framework.Assert.fail(Assert.java:57)
    at junit.framework.Assert.failNotEquals(Assert.java:329)
    at junit.framework.Assert.assertEquals(Assert.java:78)
    at junit.framework.Assert.assertEquals(Assert.java:234)
    at junit.framework.Assert.assertEquals(Assert.java:241)
    at junit.framework.TestCase.assertEquals(TestCase.java:409)
18:35:10.003 [pool-34-thread-1] INFO  f.i.l.c.t.SpecificationTestCasesListener - Tests run finished (0 ms)
<> Total tests run: 1
<> Ignored tests: 0
<> Failed tests: 1
~ testCountriesByLanguage(org.apache.commons.lang.LocaleUtilsTest)
[expected:<4> but was:<5>]
junit.framework.AssertionFailedError: expected:<4> but was:<5>    at junit.framework.Assert.fail(Assert.java:57)
    at junit.framework.Assert.failNotEquals(Assert.java:329)
    at junit.framework.Assert.assertEquals(Assert.java:78)
    at junit.framework.Assert.assertEquals(Assert.java:234)
    at junit.framework.Assert.assertEquals(Assert.java:241)
    at junit.framework.TestCase.assertEquals(TestCase.java:409)

18:35:10.004 [pool-31-thread-1] DEBUG tests.output - Failing tests with false: 
[testCountriesByLanguage(org.apache.commons.lang.LocaleUtilsTest): null]
18:35:10.004 [pool-31-thread-1] DEBUG tests.output - Failing tests with true: 
[testCountriesByLanguage(org.apache.commons.lang.LocaleUtilsTest): expected:<4> but was:<5>]
18:35:10.004 [pool-31-thread-1] INFO  f.i.l.r.n.synth.SMTNopolSynthesizer - Not enough specifications: 0. A trivial patch is "true" or "false", please write new tests specifying SourceLocation org.apache.commons.lang.LocaleUtils:272.
18:35:10.004 [pool-2-thread-1] DEBUG fr.inria.lille.repair.nopol.NoPol - statement #12
18:35:10.004 [pool-2-thread-1] DEBUG fr.inria.lille.repair.nopol.NoPol - Analysing SourceLocation org.apache.commons.lang.LocaleUtils:271 which is executed by 1 tests
-723213736
18:35:10.082 [pool-2-thread-1] DEBUG fr.inria.lille.repair.nopol.NoPol - looking with class fr.inria.lille.repair.nopol.spoon.smt.ConditionalAdder
junit.framework.AssertionFailedError: expected:<4> but was:<5>
    at junit.framework.Assert.fail(Assert.java:57)
    at junit.framework.Assert.failNotEquals(Assert.java:329)
    at junit.framework.Assert.assertEquals(Assert.java:78)
    at junit.framework.Assert.assertEquals(Assert.java:234)
    at junit.framework.Assert.assertEquals(Assert.java:241)
    at junit.framework.TestCase.assertEquals(TestCase.java:409)
18:35:10.091 [pool-36-thread-1] INFO  xxl.java.junit.TestCasesListener - Tests run finished (5 ms)
<> Total tests run: 11
<> Ignored tests: 0
<> Failed tests: 1
~ testCountriesByLanguage(org.apache.commons.lang.LocaleUtilsTest)
[expected:<4> but was:<5>]
junit.framework.AssertionFailedError: expected:<4> but was:<5>    at junit.framework.Assert.fail(Assert.java:57)
    at junit.framework.Assert.failNotEquals(Assert.java:329)
    at junit.framework.Assert.assertEquals(Assert.java:78)
    at junit.framework.Assert.assertEquals(Assert.java:234)
    at junit.framework.Assert.assertEquals(Assert.java:241)
    at junit.framework.TestCase.assertEquals(TestCase.java:409)

junit.framework.AssertionFailedError
    at junit.framework.Assert.fail(Assert.java:55)
    at junit.framework.Assert.assertTrue(Assert.java:22)
    at junit.framework.Assert.assertNotNull(Assert.java:256)
    at junit.framework.Assert.assertNotNull(Assert.java:248)
    at junit.framework.TestCase.assertNotNull(TestCase.java:417)
    at org.apache.commons.lang.LocaleUtilsTest.assertCountriesByLanguage(LocaleUtilsTest.java:449)
18:35:10.234 [pool-37-thread-1] INFO  f.i.l.c.t.SpecificationTestCasesListener - Tests run finished (2 ms)
<> Total tests run: 1
<> Ignored tests: 0
<> Failed tests: 1
~ testCountriesByLanguage(org.apache.commons.lang.LocaleUtilsTest)
[null]
junit.framework.AssertionFailedError    at junit.framework.Assert.fail(Assert.java:55)
    at junit.framework.Assert.assertTrue(Assert.java:22)
    at junit.framework.Assert.assertNotNull(Assert.java:256)
    at junit.framework.Assert.assertNotNull(Assert.java:248)
    at junit.framework.TestCase.assertNotNull(TestCase.java:417)
    at org.apache.commons.lang.LocaleUtilsTest.assertCountriesByLanguage(LocaleUtilsTest.java:449)

junit.framework.AssertionFailedError: expected:<4> but was:<5>
    at junit.framework.Assert.fail(Assert.java:57)
    at junit.framework.Assert.failNotEquals(Assert.java:329)
    at junit.framework.Assert.assertEquals(Assert.java:78)
    at junit.framework.Assert.assertEquals(Assert.java:234)
    at junit.framework.Assert.assertEquals(Assert.java:241)
    at junit.framework.TestCase.assertEquals(TestCase.java:409)
18:35:10.237 [pool-38-thread-1] INFO  f.i.l.c.t.SpecificationTestCasesListener - Tests run finished (0 ms)
<> Total tests run: 1
<> Ignored tests: 0
<> Failed tests: 1
~ testCountriesByLanguage(org.apache.commons.lang.LocaleUtilsTest)
[expected:<4> but was:<5>]
junit.framework.AssertionFailedError: expected:<4> but was:<5>    at junit.framework.Assert.fail(Assert.java:57)
    at junit.framework.Assert.failNotEquals(Assert.java:329)
    at junit.framework.Assert.assertEquals(Assert.java:78)
    at junit.framework.Assert.assertEquals(Assert.java:234)
    at junit.framework.Assert.assertEquals(Assert.java:241)
    at junit.framework.TestCase.assertEquals(TestCase.java:409)

18:35:10.237 [pool-35-thread-1] DEBUG tests.output - Failing tests with false: 
[testCountriesByLanguage(org.apache.commons.lang.LocaleUtilsTest): null]
18:35:10.237 [pool-35-thread-1] DEBUG tests.output - Failing tests with true: 
[testCountriesByLanguage(org.apache.commons.lang.LocaleUtilsTest): expected:<4> but was:<5>]
18:35:10.237 [pool-35-thread-1] INFO  f.i.l.r.n.synth.SMTNopolSynthesizer - Not enough specifications: 0. A trivial patch is "true" or "false", please write new tests specifying SourceLocation org.apache.commons.lang.LocaleUtils:271.
18:35:10.237 [pool-2-thread-1] DEBUG fr.inria.lille.repair.nopol.NoPol - looking with class fr.inria.lille.repair.nopol.spoon.smt.ConditionalReplacer
junit.framework.AssertionFailedError: expected:<4> but was:<5>
    at junit.framework.Assert.fail(Assert.java:57)
    at junit.framework.Assert.failNotEquals(Assert.java:329)
    at junit.framework.Assert.assertEquals(Assert.java:78)
    at junit.framework.Assert.assertEquals(Assert.java:234)
    at junit.framework.Assert.assertEquals(Assert.java:241)
    at junit.framework.TestCase.assertEquals(TestCase.java:409)
18:35:10.246 [pool-40-thread-1] INFO  xxl.java.junit.TestCasesListener - Tests run finished (6 ms)
<> Total tests run: 11
<> Ignored tests: 0
<> Failed tests: 1
~ testCountriesByLanguage(org.apache.commons.lang.LocaleUtilsTest)
[expected:<4> but was:<5>]
junit.framework.AssertionFailedError: expected:<4> but was:<5>    at junit.framework.Assert.fail(Assert.java:57)
    at junit.framework.Assert.failNotEquals(Assert.java:329)
    at junit.framework.Assert.assertEquals(Assert.java:78)
    at junit.framework.Assert.assertEquals(Assert.java:234)
    at junit.framework.Assert.assertEquals(Assert.java:241)
    at junit.framework.TestCase.assertEquals(TestCase.java:409)

junit.framework.AssertionFailedError: expected:<4> but was:<0>
    at junit.framework.Assert.fail(Assert.java:57)
    at junit.framework.Assert.failNotEquals(Assert.java:329)
    at junit.framework.Assert.assertEquals(Assert.java:78)
    at junit.framework.Assert.assertEquals(Assert.java:234)
    at junit.framework.Assert.assertEquals(Assert.java:241)
    at junit.framework.TestCase.assertEquals(TestCase.java:409)
18:35:10.389 [pool-41-thread-1] INFO  f.i.l.c.t.SpecificationTestCasesListener - Tests run finished (1 ms)
<> Total tests run: 1
<> Ignored tests: 0
<> Failed tests: 1
~ testCountriesByLanguage(org.apache.commons.lang.LocaleUtilsTest)
[expected:<4> but was:<0>]
junit.framework.AssertionFailedError: expected:<4> but was:<0>    at junit.framework.Assert.fail(Assert.java:57)
    at junit.framework.Assert.failNotEquals(Assert.java:329)
    at junit.framework.Assert.assertEquals(Assert.java:78)
    at junit.framework.Assert.assertEquals(Assert.java:234)
    at junit.framework.Assert.assertEquals(Assert.java:241)
    at junit.framework.TestCase.assertEquals(TestCase.java:409)

junit.framework.AssertionFailedError: expected:<4> but was:<0>
    at junit.framework.Assert.fail(Assert.java:57)
    at junit.framework.Assert.failNotEquals(Assert.java:329)
    at junit.framework.Assert.assertEquals(Assert.java:78)
    at junit.framework.Assert.assertEquals(Assert.java:234)
    at junit.framework.Assert.assertEquals(Assert.java:241)
    at junit.framework.TestCase.assertEquals(TestCase.java:409)
18:35:10.391 [pool-42-thread-1] INFO  f.i.l.c.t.SpecificationTestCasesListener - Tests run finished (1 ms)
<> Total tests run: 1
<> Ignored tests: 0
<> Failed tests: 1
~ testCountriesByLanguage(org.apache.commons.lang.LocaleUtilsTest)
[expected:<4> but was:<0>]
junit.framework.AssertionFailedError: expected:<4> but was:<0>    at junit.framework.Assert.fail(Assert.java:57)
    at junit.framework.Assert.failNotEquals(Assert.java:329)
    at junit.framework.Assert.assertEquals(Assert.java:78)
    at junit.framework.Assert.assertEquals(Assert.java:234)
    at junit.framework.Assert.assertEquals(Assert.java:241)
    at junit.framework.TestCase.assertEquals(TestCase.java:409)

18:35:10.391 [pool-39-thread-1] DEBUG tests.output - Failing tests with false: 
[testCountriesByLanguage(org.apache.commons.lang.LocaleUtilsTest): expected:<4> but was:<0>]
18:35:10.391 [pool-39-thread-1] DEBUG tests.output - Failing tests with true: 
[testCountriesByLanguage(org.apache.commons.lang.LocaleUtilsTest): expected:<4> but was:<0>]
18:35:10.391 [pool-39-thread-1] INFO  f.i.l.r.n.synth.SMTNopolSynthesizer - Not enough specifications: 0. A trivial patch is "true" or "false", please write new tests specifying SourceLocation org.apache.commons.lang.LocaleUtils:271.
18:35:10.391 [pool-2-thread-1] DEBUG fr.inria.lille.repair.nopol.NoPol - statement #13
18:35:10.392 [pool-2-thread-1] DEBUG fr.inria.lille.repair.nopol.NoPol - Analysing SourceLocation org.apache.commons.lang.LocaleUtils:270 which is executed by 1 tests
-723213736
18:35:10.477 [pool-2-thread-1] DEBUG fr.inria.lille.repair.nopol.NoPol - looking with class fr.inria.lille.repair.nopol.spoon.smt.ConditionalAdder
junit.framework.AssertionFailedError: expected:<4> but was:<5>
    at junit.framework.Assert.fail(Assert.java:57)
    at junit.framework.Assert.failNotEquals(Assert.java:329)
    at junit.framework.Assert.assertEquals(Assert.java:78)
    at junit.framework.Assert.assertEquals(Assert.java:234)
    at junit.framework.Assert.assertEquals(Assert.java:241)
    at junit.framework.TestCase.assertEquals(TestCase.java:409)
18:35:10.486 [pool-44-thread-1] INFO  xxl.java.junit.TestCasesListener - Tests run finished (6 ms)
<> Total tests run: 11
<> Ignored tests: 0
<> Failed tests: 1
~ testCountriesByLanguage(org.apache.commons.lang.LocaleUtilsTest)
[expected:<4> but was:<5>]
junit.framework.AssertionFailedError: expected:<4> but was:<5>    at junit.framework.Assert.fail(Assert.java:57)
    at junit.framework.Assert.failNotEquals(Assert.java:329)
    at junit.framework.Assert.assertEquals(Assert.java:78)
    at junit.framework.Assert.assertEquals(Assert.java:234)
    at junit.framework.Assert.assertEquals(Assert.java:241)
    at junit.framework.TestCase.assertEquals(TestCase.java:409)

junit.framework.AssertionFailedError
    at junit.framework.Assert.fail(Assert.java:55)
    at junit.framework.Assert.assertTrue(Assert.java:22)
    at junit.framework.Assert.assertNotNull(Assert.java:256)
    at junit.framework.Assert.assertNotNull(Assert.java:248)
    at junit.framework.TestCase.assertNotNull(TestCase.java:417)
    at org.apache.commons.lang.LocaleUtilsTest.assertCountriesByLanguage(LocaleUtilsTest.java:449)
18:35:10.642 [pool-45-thread-1] INFO  f.i.l.c.t.SpecificationTestCasesListener - Tests run finished (1 ms)
<> Total tests run: 1
<> Ignored tests: 0
<> Failed tests: 1
~ testCountriesByLanguage(org.apache.commons.lang.LocaleUtilsTest)
[null]
junit.framework.AssertionFailedError    at junit.framework.Assert.fail(Assert.java:55)
    at junit.framework.Assert.assertTrue(Assert.java:22)
    at junit.framework.Assert.assertNotNull(Assert.java:256)
    at junit.framework.Assert.assertNotNull(Assert.java:248)
    at junit.framework.TestCase.assertNotNull(TestCase.java:417)
    at org.apache.commons.lang.LocaleUtilsTest.assertCountriesByLanguage(LocaleUtilsTest.java:449)

junit.framework.AssertionFailedError: expected:<4> but was:<5>
    at junit.framework.Assert.fail(Assert.java:57)
    at junit.framework.Assert.failNotEquals(Assert.java:329)
    at junit.framework.Assert.assertEquals(Assert.java:78)
    at junit.framework.Assert.assertEquals(Assert.java:234)
    at junit.framework.Assert.assertEquals(Assert.java:241)
    at junit.framework.TestCase.assertEquals(TestCase.java:409)
18:35:10.645 [pool-46-thread-1] INFO  f.i.l.c.t.SpecificationTestCasesListener - Tests run finished (1 ms)
<> Total tests run: 1
<> Ignored tests: 0
<> Failed tests: 1
~ testCountriesByLanguage(org.apache.commons.lang.LocaleUtilsTest)
[expected:<4> but was:<5>]
junit.framework.AssertionFailedError: expected:<4> but was:<5>    at junit.framework.Assert.fail(Assert.java:57)
    at junit.framework.Assert.failNotEquals(Assert.java:329)
    at junit.framework.Assert.assertEquals(Assert.java:78)
    at junit.framework.Assert.assertEquals(Assert.java:234)
    at junit.framework.Assert.assertEquals(Assert.java:241)
    at junit.framework.TestCase.assertEquals(TestCase.java:409)

18:35:10.645 [pool-43-thread-1] DEBUG tests.output - Failing tests with false: 
[testCountriesByLanguage(org.apache.commons.lang.LocaleUtilsTest): null]
18:35:10.645 [pool-43-thread-1] DEBUG tests.output - Failing tests with true: 
[testCountriesByLanguage(org.apache.commons.lang.LocaleUtilsTest): expected:<4> but was:<5>]
18:35:10.646 [pool-43-thread-1] INFO  f.i.l.r.n.synth.SMTNopolSynthesizer - Not enough specifications: 0. A trivial patch is "true" or "false", please write new tests specifying SourceLocation org.apache.commons.lang.LocaleUtils:270.
18:35:10.646 [pool-2-thread-1] DEBUG fr.inria.lille.repair.nopol.NoPol - looking with class fr.inria.lille.repair.nopol.spoon.smt.ConditionalReplacer
junit.framework.AssertionFailedError: expected:<4> but was:<5>
    at junit.framework.Assert.fail(Assert.java:57)
    at junit.framework.Assert.failNotEquals(Assert.java:329)
    at junit.framework.Assert.assertEquals(Assert.java:78)
    at junit.framework.Assert.assertEquals(Assert.java:234)
    at junit.framework.Assert.assertEquals(Assert.java:241)
    at junit.framework.TestCase.assertEquals(TestCase.java:409)
18:35:10.653 [pool-48-thread-1] INFO  xxl.java.junit.TestCasesListener - Tests run finished (4 ms)
<> Total tests run: 11
<> Ignored tests: 0
<> Failed tests: 1
~ testCountriesByLanguage(org.apache.commons.lang.LocaleUtilsTest)
[expected:<4> but was:<5>]
junit.framework.AssertionFailedError: expected:<4> but was:<5>    at junit.framework.Assert.fail(Assert.java:57)
    at junit.framework.Assert.failNotEquals(Assert.java:329)
    at junit.framework.Assert.assertEquals(Assert.java:78)
    at junit.framework.Assert.assertEquals(Assert.java:234)
    at junit.framework.Assert.assertEquals(Assert.java:241)
    at junit.framework.TestCase.assertEquals(TestCase.java:409)

junit.framework.AssertionFailedError
    at junit.framework.Assert.fail(Assert.java:55)
    at junit.framework.Assert.assertTrue(Assert.java:22)
    at junit.framework.Assert.assertNotNull(Assert.java:256)
    at junit.framework.Assert.assertNotNull(Assert.java:248)
    at junit.framework.TestCase.assertNotNull(TestCase.java:417)
    at org.apache.commons.lang.LocaleUtilsTest.assertCountriesByLanguage(LocaleUtilsTest.java:449)
18:35:10.814 [pool-49-thread-1] INFO  f.i.l.c.t.SpecificationTestCasesListener - Tests run finished (1 ms)
<> Total tests run: 1
<> Ignored tests: 0
<> Failed tests: 1
~ testCountriesByLanguage(org.apache.commons.lang.LocaleUtilsTest)
[null]
junit.framework.AssertionFailedError    at junit.framework.Assert.fail(Assert.java:55)
    at junit.framework.Assert.assertTrue(Assert.java:22)
    at junit.framework.Assert.assertNotNull(Assert.java:256)
    at junit.framework.Assert.assertNotNull(Assert.java:248)
    at junit.framework.TestCase.assertNotNull(TestCase.java:417)
    at org.apache.commons.lang.LocaleUtilsTest.assertCountriesByLanguage(LocaleUtilsTest.java:449)

junit.framework.AssertionFailedError: expected same:<[de_CH, de_AT, de_LU, de_DE, de_GR]> was not:<[de_CH, de_AT, de_LU, de_DE, de_GR]>
    at junit.framework.Assert.fail(Assert.java:57)
    at junit.framework.Assert.failNotSame(Assert.java:325)
    at junit.framework.Assert.assertSame(Assert.java:288)
    at junit.framework.Assert.assertSame(Assert.java:296)
    at junit.framework.TestCase.assertSame(TestCase.java:465)
    at org.apache.commons.lang.LocaleUtilsTest.assertCountriesByLanguage(LocaleUtilsTest.java:450)
18:35:10.817 [pool-50-thread-1] INFO  f.i.l.c.t.SpecificationTestCasesListener - Tests run finished (1 ms)
<> Total tests run: 1
<> Ignored tests: 0
<> Failed tests: 1
~ testCountriesByLanguage(org.apache.commons.lang.LocaleUtilsTest)
[expected same:<[de_CH, de_AT, de_LU, de_DE, de_GR]> was not:<[de_CH, de_AT, de_LU, de_DE, de_GR]>]
junit.framework.AssertionFailedError: expected same:<[de_CH, de_AT, de_LU, de_DE, de_GR]> was not:<[de_CH, de_AT, de_LU, de_DE, de_GR]>    at junit.framework.Assert.fail(Assert.java:57)
    at junit.framework.Assert.failNotSame(Assert.java:325)
    at junit.framework.Assert.assertSame(Assert.java:288)
    at junit.framework.Assert.assertSame(Assert.java:296)
    at junit.framework.TestCase.assertSame(TestCase.java:465)
    at org.apache.commons.lang.LocaleUtilsTest.assertCountriesByLanguage(LocaleUtilsTest.java:450)

18:35:10.817 [pool-47-thread-1] DEBUG tests.output - Failing tests with false: 
[testCountriesByLanguage(org.apache.commons.lang.LocaleUtilsTest): null]
18:35:10.817 [pool-47-thread-1] DEBUG tests.output - Failing tests with true: 
[testCountriesByLanguage(org.apache.commons.lang.LocaleUtilsTest): expected same:<[de_CH, de_AT, de_LU, de_DE, de_GR]> was not:<[de_CH, de_AT, de_LU, de_DE, de_GR]>]
18:35:10.817 [pool-47-thread-1] INFO  f.i.l.r.n.synth.SMTNopolSynthesizer - Not enough specifications: 0. A trivial patch is "true" or "false", please write new tests specifying SourceLocation org.apache.commons.lang.LocaleUtils:270.
18:35:10.818 [pool-2-thread-1] DEBUG fr.inria.lille.repair.nopol.NoPol - statement #14
18:35:10.818 [pool-2-thread-1] DEBUG fr.inria.lille.repair.nopol.NoPol - Analysing SourceLocation org.apache.commons.lang.LocaleUtils:269 which is executed by 1 tests
-723213736
18:35:10.893 [pool-2-thread-1] DEBUG fr.inria.lille.repair.nopol.NoPol - statement #15
18:35:10.893 [pool-2-thread-1] DEBUG fr.inria.lille.repair.nopol.NoPol - Analysing SourceLocation org.apache.commons.lang.time.StopWatch:181 which is executed by 2 tests
-668820018
18:35:10.962 [pool-2-thread-1] DEBUG fr.inria.lille.repair.nopol.NoPol - statement #16
18:35:10.962 [pool-2-thread-1] DEBUG fr.inria.lille.repair.nopol.NoPol - Analysing SourceLocation org.apache.commons.lang.time.StopWatch:180 which is executed by 2 tests
-668820018
18:35:11.030 [pool-2-thread-1] DEBUG fr.inria.lille.repair.nopol.NoPol - looking with class fr.inria.lille.repair.nopol.spoon.smt.ConditionalAdder
junit.framework.AssertionFailedError
    at junit.framework.Assert.fail(Assert.java:55)
    at junit.framework.Assert.assertTrue(Assert.java:22)
    at junit.framework.Assert.assertTrue(Assert.java:31)
    at junit.framework.TestCase.assertTrue(TestCase.java:201)
    at org.apache.commons.lang.time.StopWatchTest.testLang315(StopWatchTest.java:120)
    at sun.reflect.NativeMethodAccessorImpl.invoke0(Native Method)
18:35:15.790 [pool-52-thread-1] INFO  xxl.java.junit.TestCasesListener - Tests run finished (4757 ms)
<> Total tests run: 6
<> Ignored tests: 0
<> Failed tests: 1
~ testLang315(org.apache.commons.lang.time.StopWatchTest)
[null]
junit.framework.AssertionFailedError    at junit.framework.Assert.fail(Assert.java:55)
    at junit.framework.Assert.assertTrue(Assert.java:22)
    at junit.framework.Assert.assertTrue(Assert.java:31)
    at junit.framework.TestCase.assertTrue(TestCase.java:201)
    at org.apache.commons.lang.time.StopWatchTest.testLang315(StopWatchTest.java:120)
    at sun.reflect.NativeMethodAccessorImpl.invoke0(Native Method)

junit.framework.AssertionFailedError
    at junit.framework.Assert.fail(Assert.java:55)
    at junit.framework.Assert.assertTrue(Assert.java:22)
    at junit.framework.Assert.assertTrue(Assert.java:31)
    at junit.framework.TestCase.assertTrue(TestCase.java:201)
    at org.apache.commons.lang.time.StopWatchTest.testLang315(StopWatchTest.java:120)
    at sun.reflect.NativeMethodAccessorImpl.invoke0(Native Method)
18:35:16.314 [pool-53-thread-1] INFO  f.i.l.c.t.SpecificationTestCasesListener - Tests run finished (402 ms)
<> Total tests run: 1
<> Ignored tests: 0
<> Failed tests: 1
~ testLang315(org.apache.commons.lang.time.StopWatchTest)
[null]
junit.framework.AssertionFailedError    at junit.framework.Assert.fail(Assert.java:55)
    at junit.framework.Assert.assertTrue(Assert.java:22)
    at junit.framework.Assert.assertTrue(Assert.java:31)
    at junit.framework.TestCase.assertTrue(TestCase.java:201)
    at org.apache.commons.lang.time.StopWatchTest.testLang315(StopWatchTest.java:120)
    at sun.reflect.NativeMethodAccessorImpl.invoke0(Native Method)

junit.framework.AssertionFailedError
    at junit.framework.Assert.fail(Assert.java:55)
    at junit.framework.Assert.assertTrue(Assert.java:22)
    at junit.framework.Assert.assertTrue(Assert.java:31)
    at junit.framework.TestCase.assertTrue(TestCase.java:201)
    at org.apache.commons.lang.time.StopWatchTest.testLang315(StopWatchTest.java:120)
    at sun.reflect.NativeMethodAccessorImpl.invoke0(Native Method)
18:35:16.716 [pool-54-thread-1] INFO  f.i.l.c.t.SpecificationTestCasesListener - Tests run finished (401 ms)
<> Total tests run: 1
<> Ignored tests: 0
<> Failed tests: 1
~ testLang315(org.apache.commons.lang.time.StopWatchTest)
[null]
junit.framework.AssertionFailedError    at junit.framework.Assert.fail(Assert.java:55)
    at junit.framework.Assert.assertTrue(Assert.java:22)
    at junit.framework.Assert.assertTrue(Assert.java:31)
    at junit.framework.TestCase.assertTrue(TestCase.java:201)
    at org.apache.commons.lang.time.StopWatchTest.testLang315(StopWatchTest.java:120)
    at sun.reflect.NativeMethodAccessorImpl.invoke0(Native Method)

18:35:16.716 [pool-51-thread-1] DEBUG tests.output - Failing tests with false: 
[testLang315(org.apache.commons.lang.time.StopWatchTest): null]
18:35:16.716 [pool-51-thread-1] DEBUG tests.output - Failing tests with true: 
[testLang315(org.apache.commons.lang.time.StopWatchTest): null]
18:35:16.716 [pool-51-thread-1] INFO  f.i.l.r.n.synth.SMTNopolSynthesizer - Not enough specifications: 0. A trivial patch is "true" or "false", please write new tests specifying SourceLocation org.apache.commons.lang.time.StopWatch:180.
18:35:16.716 [pool-2-thread-1] DEBUG fr.inria.lille.repair.nopol.NoPol - statement #17
18:35:16.717 [pool-2-thread-1] DEBUG fr.inria.lille.repair.nopol.NoPol - Analysing SourceLocation org.apache.commons.lang.time.StopWatch:179 which is executed by 2 tests
-668820018
18:35:16.795 [pool-2-thread-1] DEBUG fr.inria.lille.repair.nopol.NoPol - looking with class fr.inria.lille.repair.nopol.spoon.smt.ConditionalAdder
junit.framework.AssertionFailedError
    at junit.framework.Assert.fail(Assert.java:55)
    at junit.framework.Assert.assertTrue(Assert.java:22)
    at junit.framework.Assert.assertTrue(Assert.java:31)
    at junit.framework.TestCase.assertTrue(TestCase.java:201)
    at org.apache.commons.lang.time.StopWatchTest.testLang315(StopWatchTest.java:120)
    at sun.reflect.NativeMethodAccessorImpl.invoke0(Native Method)
18:35:21.555 [pool-56-thread-1] INFO  xxl.java.junit.TestCasesListener - Tests run finished (4757 ms)
<> Total tests run: 6
<> Ignored tests: 0
<> Failed tests: 1
~ testLang315(org.apache.commons.lang.time.StopWatchTest)
[null]
junit.framework.AssertionFailedError    at junit.framework.Assert.fail(Assert.java:55)
    at junit.framework.Assert.assertTrue(Assert.java:22)
    at junit.framework.Assert.assertTrue(Assert.java:31)
    at junit.framework.TestCase.assertTrue(TestCase.java:201)
    at org.apache.commons.lang.time.StopWatchTest.testLang315(StopWatchTest.java:120)
    at sun.reflect.NativeMethodAccessorImpl.invoke0(Native Method)

junit.framework.AssertionFailedError
    at junit.framework.Assert.fail(Assert.java:55)
    at junit.framework.Assert.assertTrue(Assert.java:22)
    at junit.framework.Assert.assertTrue(Assert.java:31)
    at junit.framework.TestCase.assertTrue(TestCase.java:201)
    at org.apache.commons.lang.time.StopWatchTest.testLang315(StopWatchTest.java:120)
    at sun.reflect.NativeMethodAccessorImpl.invoke0(Native Method)
18:35:22.084 [pool-57-thread-1] INFO  f.i.l.c.t.SpecificationTestCasesListener - Tests run finished (402 ms)
<> Total tests run: 1
<> Ignored tests: 0
<> Failed tests: 1
~ testLang315(org.apache.commons.lang.time.StopWatchTest)
[null]
junit.framework.AssertionFailedError    at junit.framework.Assert.fail(Assert.java:55)
    at junit.framework.Assert.assertTrue(Assert.java:22)
    at junit.framework.Assert.assertTrue(Assert.java:31)
    at junit.framework.TestCase.assertTrue(TestCase.java:201)
    at org.apache.commons.lang.time.StopWatchTest.testLang315(StopWatchTest.java:120)
    at sun.reflect.NativeMethodAccessorImpl.invoke0(Native Method)

junit.framework.AssertionFailedError
    at junit.framework.Assert.fail(Assert.java:55)
    at junit.framework.Assert.assertTrue(Assert.java:22)
    at junit.framework.Assert.assertTrue(Assert.java:31)
    at junit.framework.TestCase.assertTrue(TestCase.java:201)
    at org.apache.commons.lang.time.StopWatchTest.testLang315(StopWatchTest.java:120)
    at sun.reflect.NativeMethodAccessorImpl.invoke0(Native Method)
18:35:22.486 [pool-58-thread-1] INFO  f.i.l.c.t.SpecificationTestCasesListener - Tests run finished (401 ms)
<> Total tests run: 1
<> Ignored tests: 0
<> Failed tests: 1
~ testLang315(org.apache.commons.lang.time.StopWatchTest)
[null]
junit.framework.AssertionFailedError    at junit.framework.Assert.fail(Assert.java:55)
    at junit.framework.Assert.assertTrue(Assert.java:22)
    at junit.framework.Assert.assertTrue(Assert.java:31)
    at junit.framework.TestCase.assertTrue(TestCase.java:201)
    at org.apache.commons.lang.time.StopWatchTest.testLang315(StopWatchTest.java:120)
    at sun.reflect.NativeMethodAccessorImpl.invoke0(Native Method)

18:35:22.486 [pool-55-thread-1] DEBUG tests.output - Failing tests with false: 
[testLang315(org.apache.commons.lang.time.StopWatchTest): null]
18:35:22.486 [pool-55-thread-1] DEBUG tests.output - Failing tests with true: 
[testLang315(org.apache.commons.lang.time.StopWatchTest): null]
18:35:22.486 [pool-55-thread-1] INFO  f.i.l.r.n.synth.SMTNopolSynthesizer - Not enough specifications: 0. A trivial patch is "true" or "false", please write new tests specifying SourceLocation org.apache.commons.lang.time.StopWatch:179.
18:35:22.487 [pool-2-thread-1] DEBUG fr.inria.lille.repair.nopol.NoPol - statement #18
18:35:22.487 [pool-2-thread-1] DEBUG fr.inria.lille.repair.nopol.NoPol - Analysing SourceLocation org.apache.commons.lang.time.StopWatch:176 which is executed by 3 tests
-668820018
18:35:22.570 [pool-2-thread-1] DEBUG fr.inria.lille.repair.nopol.NoPol - looking with class fr.inria.lille.repair.nopol.spoon.smt.ConditionalAdder
junit.framework.AssertionFailedError
    at junit.framework.Assert.fail(Assert.java:55)
    at junit.framework.Assert.assertTrue(Assert.java:22)
    at junit.framework.Assert.assertTrue(Assert.java:31)
    at junit.framework.TestCase.assertTrue(TestCase.java:201)
    at org.apache.commons.lang.time.StopWatchTest.testLang315(StopWatchTest.java:120)
    at sun.reflect.NativeMethodAccessorImpl.invoke0(Native Method)
18:35:27.330 [pool-60-thread-1] INFO  xxl.java.junit.TestCasesListener - Tests run finished (4757 ms)
<> Total tests run: 6
<> Ignored tests: 0
<> Failed tests: 1
~ testLang315(org.apache.commons.lang.time.StopWatchTest)
[null]
junit.framework.AssertionFailedError    at junit.framework.Assert.fail(Assert.java:55)
    at junit.framework.Assert.assertTrue(Assert.java:22)
    at junit.framework.Assert.assertTrue(Assert.java:31)
    at junit.framework.TestCase.assertTrue(TestCase.java:201)
    at org.apache.commons.lang.time.StopWatchTest.testLang315(StopWatchTest.java:120)
    at sun.reflect.NativeMethodAccessorImpl.invoke0(Native Method)

junit.framework.AssertionFailedError
    at junit.framework.Assert.fail(Assert.java:55)
    at junit.framework.Assert.assertTrue(Assert.java:22)
    at junit.framework.Assert.assertTrue(Assert.java:31)
    at junit.framework.TestCase.assertTrue(TestCase.java:201)
    at org.apache.commons.lang.time.StopWatchTest.testLang315(StopWatchTest.java:120)
    at sun.reflect.NativeMethodAccessorImpl.invoke0(Native Method)
18:35:27.844 [pool-61-thread-1] INFO  f.i.l.c.t.SpecificationTestCasesListener - Tests run finished (401 ms)
<> Total tests run: 1
<> Ignored tests: 0
<> Failed tests: 1
~ testLang315(org.apache.commons.lang.time.StopWatchTest)
[null]
junit.framework.AssertionFailedError    at junit.framework.Assert.fail(Assert.java:55)
    at junit.framework.Assert.assertTrue(Assert.java:22)
    at junit.framework.Assert.assertTrue(Assert.java:31)
    at junit.framework.TestCase.assertTrue(TestCase.java:201)
    at org.apache.commons.lang.time.StopWatchTest.testLang315(StopWatchTest.java:120)
    at sun.reflect.NativeMethodAccessorImpl.invoke0(Native Method)

junit.framework.AssertionFailedError
    at junit.framework.Assert.fail(Assert.java:55)
    at junit.framework.Assert.assertTrue(Assert.java:22)
    at junit.framework.Assert.assertTrue(Assert.java:31)
    at junit.framework.TestCase.assertTrue(TestCase.java:201)
    at org.apache.commons.lang.time.StopWatchTest.testLang315(StopWatchTest.java:120)
    at sun.reflect.NativeMethodAccessorImpl.invoke0(Native Method)
18:35:28.245 [pool-62-thread-1] INFO  f.i.l.c.t.SpecificationTestCasesListener - Tests run finished (400 ms)
<> Total tests run: 1
<> Ignored tests: 0
<> Failed tests: 1
~ testLang315(org.apache.commons.lang.time.StopWatchTest)
[null]
junit.framework.AssertionFailedError    at junit.framework.Assert.fail(Assert.java:55)
    at junit.framework.Assert.assertTrue(Assert.java:22)
    at junit.framework.Assert.assertTrue(Assert.java:31)
    at junit.framework.TestCase.assertTrue(TestCase.java:201)
    at org.apache.commons.lang.time.StopWatchTest.testLang315(StopWatchTest.java:120)
    at sun.reflect.NativeMethodAccessorImpl.invoke0(Native Method)

18:35:28.246 [pool-59-thread-1] DEBUG tests.output - Failing tests with false: 
[testLang315(org.apache.commons.lang.time.StopWatchTest): null]
18:35:28.246 [pool-59-thread-1] DEBUG tests.output - Failing tests with true: 
[testLang315(org.apache.commons.lang.time.StopWatchTest): null]
18:35:28.246 [pool-59-thread-1] INFO  f.i.l.r.n.synth.SMTNopolSynthesizer - Not enough specifications: 0. A trivial patch is "true" or "false", please write new tests specifying SourceLocation org.apache.commons.lang.time.StopWatch:176.
18:35:28.246 [pool-2-thread-1] DEBUG fr.inria.lille.repair.nopol.NoPol - looking with class fr.inria.lille.repair.nopol.spoon.smt.ConditionalReplacer
junit.framework.AssertionFailedError
    at junit.framework.Assert.fail(Assert.java:55)
    at junit.framework.Assert.assertTrue(Assert.java:22)
    at junit.framework.Assert.assertTrue(Assert.java:31)
    at junit.framework.TestCase.assertTrue(TestCase.java:201)
    at org.apache.commons.lang.time.StopWatchTest.testLang315(StopWatchTest.java:120)
    at sun.reflect.NativeMethodAccessorImpl.invoke0(Native Method)
18:35:33.005 [pool-64-thread-1] INFO  xxl.java.junit.TestCasesListener - Tests run finished (4757 ms)
<> Total tests run: 6
<> Ignored tests: 0
<> Failed tests: 1
~ testLang315(org.apache.commons.lang.time.StopWatchTest)
[null]
junit.framework.AssertionFailedError    at junit.framework.Assert.fail(Assert.java:55)
    at junit.framework.Assert.assertTrue(Assert.java:22)
    at junit.framework.Assert.assertTrue(Assert.java:31)
    at junit.framework.TestCase.assertTrue(TestCase.java:201)
    at org.apache.commons.lang.time.StopWatchTest.testLang315(StopWatchTest.java:120)
    at sun.reflect.NativeMethodAccessorImpl.invoke0(Native Method)

junit.framework.AssertionFailedError
    at junit.framework.Assert.fail(Assert.java:55)
    at junit.framework.Assert.assertTrue(Assert.java:22)
    at junit.framework.Assert.assertTrue(Assert.java:31)
    at junit.framework.TestCase.assertTrue(TestCase.java:201)
    at org.apache.commons.lang.time.StopWatchTest.testLang315(StopWatchTest.java:120)
    at sun.reflect.NativeMethodAccessorImpl.invoke0(Native Method)
18:35:33.510 [pool-65-thread-1] INFO  f.i.l.c.t.SpecificationTestCasesListener - Tests run finished (401 ms)
<> Total tests run: 1
<> Ignored tests: 0
<> Failed tests: 1
~ testLang315(org.apache.commons.lang.time.StopWatchTest)
[null]
junit.framework.AssertionFailedError    at junit.framework.Assert.fail(Assert.java:55)
    at junit.framework.Assert.assertTrue(Assert.java:22)
    at junit.framework.Assert.assertTrue(Assert.java:31)
    at junit.framework.TestCase.assertTrue(TestCase.java:201)
    at org.apache.commons.lang.time.StopWatchTest.testLang315(StopWatchTest.java:120)
    at sun.reflect.NativeMethodAccessorImpl.invoke0(Native Method)

java.lang.IllegalStateException: Stopwatch must be running to suspend. 
    at org.apache.commons.lang.time.StopWatch.suspend(StopWatch.java:94)
    at org.apache.commons.lang.time.StopWatchTest.testLang315(StopWatchTest.java:115)
    at sun.reflect.NativeMethodAccessorImpl.invoke0(Native Method)
    at sun.reflect.NativeMethodAccessorImpl.invoke(NativeMethodAccessorImpl.java:62)
    at sun.reflect.DelegatingMethodAccessorImpl.invoke(DelegatingMethodAccessorImpl.java:43)
    at java.lang.reflect.Method.invoke(Method.java:498)
18:35:33.712 [pool-66-thread-1] INFO  f.i.l.c.t.SpecificationTestCasesListener - Tests run finished (201 ms)
<> Total tests run: 1
<> Ignored tests: 0
<> Failed tests: 1
~ testLang315(org.apache.commons.lang.time.StopWatchTest)
[Stopwatch must be running to suspend. ]
java.lang.IllegalStateException: Stopwatch must be running to suspend.     at org.apache.commons.lang.time.StopWatch.suspend(StopWatch.java:94)
    at org.apache.commons.lang.time.StopWatchTest.testLang315(StopWatchTest.java:115)
    at sun.reflect.NativeMethodAccessorImpl.invoke0(Native Method)
    at sun.reflect.NativeMethodAccessorImpl.invoke(NativeMethodAccessorImpl.java:62)
    at sun.reflect.DelegatingMethodAccessorImpl.invoke(DelegatingMethodAccessorImpl.java:43)
    at java.lang.reflect.Method.invoke(Method.java:498)

18:35:33.712 [pool-63-thread-1] DEBUG tests.output - Failing tests with false: 
[testLang315(org.apache.commons.lang.time.StopWatchTest): null]
18:35:33.712 [pool-63-thread-1] DEBUG tests.output - Failing tests with true: 
[testLang315(org.apache.commons.lang.time.StopWatchTest): Stopwatch must be running to suspend. ]
18:35:33.713 [pool-63-thread-1] INFO  f.i.l.r.n.synth.SMTNopolSynthesizer - Not enough specifications: 0. A trivial patch is "true" or "false", please write new tests specifying SourceLocation org.apache.commons.lang.time.StopWatch:176.
18:35:33.713 [pool-2-thread-1] DEBUG fr.inria.lille.repair.nopol.NoPol - statement #19
18:35:33.713 [pool-2-thread-1] DEBUG fr.inria.lille.repair.nopol.NoPol - Analysing SourceLocation org.apache.commons.lang.time.StopWatch:210 which is executed by 4 tests
-668820018
18:35:33.779 [pool-2-thread-1] DEBUG fr.inria.lille.repair.nopol.NoPol - looking with class fr.inria.lille.repair.nopol.spoon.smt.ConditionalAdder
junit.framework.AssertionFailedError
    at junit.framework.Assert.fail(Assert.java:55)
    at junit.framework.Assert.assertTrue(Assert.java:22)
    at junit.framework.Assert.assertTrue(Assert.java:31)
    at junit.framework.TestCase.assertTrue(TestCase.java:201)
    at org.apache.commons.lang.time.StopWatchTest.testLang315(StopWatchTest.java:120)
    at sun.reflect.NativeMethodAccessorImpl.invoke0(Native Method)
18:35:38.538 [pool-68-thread-1] INFO  xxl.java.junit.TestCasesListener - Tests run finished (4756 ms)
<> Total tests run: 6
<> Ignored tests: 0
<> Failed tests: 1
~ testLang315(org.apache.commons.lang.time.StopWatchTest)
[null]
junit.framework.AssertionFailedError    at junit.framework.Assert.fail(Assert.java:55)
    at junit.framework.Assert.assertTrue(Assert.java:22)
    at junit.framework.Assert.assertTrue(Assert.java:31)
    at junit.framework.TestCase.assertTrue(TestCase.java:201)
    at org.apache.commons.lang.time.StopWatchTest.testLang315(StopWatchTest.java:120)
    at sun.reflect.NativeMethodAccessorImpl.invoke0(Native Method)

java.lang.RuntimeException: Illegal running state has occured. 
    at org.apache.commons.lang.time.StopWatch.getTime(StopWatch.java:122)
    at org.apache.commons.lang.time.StopWatchTest.testLang315(StopWatchTest.java:116)
    at sun.reflect.NativeMethodAccessorImpl.invoke0(Native Method)
    at sun.reflect.NativeMethodAccessorImpl.invoke(NativeMethodAccessorImpl.java:62)
    at sun.reflect.DelegatingMethodAccessorImpl.invoke(DelegatingMethodAccessorImpl.java:43)
    at java.lang.reflect.Method.invoke(Method.java:498)
18:35:38.843 [pool-69-thread-1] INFO  f.i.l.c.t.SpecificationTestCasesListener - Tests run finished (201 ms)
<> Total tests run: 1
<> Ignored tests: 0
<> Failed tests: 1
~ testLang315(org.apache.commons.lang.time.StopWatchTest)
[Illegal running state has occured. ]
java.lang.RuntimeException: Illegal running state has occured.     at org.apache.commons.lang.time.StopWatch.getTime(StopWatch.java:122)
    at org.apache.commons.lang.time.StopWatchTest.testLang315(StopWatchTest.java:116)
    at sun.reflect.NativeMethodAccessorImpl.invoke0(Native Method)
    at sun.reflect.NativeMethodAccessorImpl.invoke(NativeMethodAccessorImpl.java:62)
    at sun.reflect.DelegatingMethodAccessorImpl.invoke(DelegatingMethodAccessorImpl.java:43)
    at java.lang.reflect.Method.invoke(Method.java:498)

junit.framework.AssertionFailedError
    at junit.framework.Assert.fail(Assert.java:55)
    at junit.framework.Assert.assertTrue(Assert.java:22)
    at junit.framework.Assert.assertTrue(Assert.java:31)
    at junit.framework.TestCase.assertTrue(TestCase.java:201)
    at org.apache.commons.lang.time.StopWatchTest.testLang315(StopWatchTest.java:120)
    at sun.reflect.NativeMethodAccessorImpl.invoke0(Native Method)
18:35:39.245 [pool-70-thread-1] INFO  f.i.l.c.t.SpecificationTestCasesListener - Tests run finished (400 ms)
<> Total tests run: 1
<> Ignored tests: 0
<> Failed tests: 1
~ testLang315(org.apache.commons.lang.time.StopWatchTest)
[null]
junit.framework.AssertionFailedError    at junit.framework.Assert.fail(Assert.java:55)
    at junit.framework.Assert.assertTrue(Assert.java:22)
    at junit.framework.Assert.assertTrue(Assert.java:31)
    at junit.framework.TestCase.assertTrue(TestCase.java:201)
    at org.apache.commons.lang.time.StopWatchTest.testLang315(StopWatchTest.java:120)
    at sun.reflect.NativeMethodAccessorImpl.invoke0(Native Method)

18:35:39.245 [pool-67-thread-1] DEBUG tests.output - Failing tests with false: 
[testLang315(org.apache.commons.lang.time.StopWatchTest): Illegal running state has occured. ]
18:35:39.245 [pool-67-thread-1] DEBUG tests.output - Failing tests with true: 
[testLang315(org.apache.commons.lang.time.StopWatchTest): null]
18:35:39.245 [pool-67-thread-1] INFO  f.i.l.r.n.synth.SMTNopolSynthesizer - Not enough specifications: 0. A trivial patch is "true" or "false", please write new tests specifying SourceLocation org.apache.commons.lang.time.StopWatch:210.
18:35:39.245 [pool-2-thread-1] DEBUG fr.inria.lille.repair.nopol.NoPol - statement #20
18:35:39.245 [pool-2-thread-1] DEBUG fr.inria.lille.repair.nopol.NoPol - Analysing SourceLocation org.apache.commons.lang.time.StopWatch:209 which is executed by 5 tests
-668820018
18:35:39.312 [pool-2-thread-1] DEBUG fr.inria.lille.repair.nopol.NoPol - looking with class fr.inria.lille.repair.nopol.spoon.smt.ConditionalAdder
junit.framework.AssertionFailedError
    at junit.framework.Assert.fail(Assert.java:55)
    at junit.framework.Assert.assertTrue(Assert.java:22)
    at junit.framework.Assert.assertTrue(Assert.java:31)
    at junit.framework.TestCase.assertTrue(TestCase.java:201)
    at org.apache.commons.lang.time.StopWatchTest.testLang315(StopWatchTest.java:120)
    at sun.reflect.NativeMethodAccessorImpl.invoke0(Native Method)
18:35:44.070 [pool-72-thread-1] INFO  xxl.java.junit.TestCasesListener - Tests run finished (4756 ms)
<> Total tests run: 6
<> Ignored tests: 0
<> Failed tests: 1
~ testLang315(org.apache.commons.lang.time.StopWatchTest)
[null]
junit.framework.AssertionFailedError    at junit.framework.Assert.fail(Assert.java:55)
    at junit.framework.Assert.assertTrue(Assert.java:22)
    at junit.framework.Assert.assertTrue(Assert.java:31)
    at junit.framework.TestCase.assertTrue(TestCase.java:201)
    at org.apache.commons.lang.time.StopWatchTest.testLang315(StopWatchTest.java:120)
    at sun.reflect.NativeMethodAccessorImpl.invoke0(Native Method)

java.lang.RuntimeException: Illegal running state has occured. 
    at org.apache.commons.lang.time.StopWatch.getTime(StopWatch.java:123)
    at org.apache.commons.lang.time.StopWatchTest.testLang315(StopWatchTest.java:116)
    at sun.reflect.NativeMethodAccessorImpl.invoke0(Native Method)
    at sun.reflect.NativeMethodAccessorImpl.invoke(NativeMethodAccessorImpl.java:62)
    at sun.reflect.DelegatingMethodAccessorImpl.invoke(DelegatingMethodAccessorImpl.java:43)
    at java.lang.reflect.Method.invoke(Method.java:498)
18:35:44.377 [pool-73-thread-1] INFO  f.i.l.c.t.SpecificationTestCasesListener - Tests run finished (202 ms)
<> Total tests run: 1
<> Ignored tests: 0
<> Failed tests: 1
~ testLang315(org.apache.commons.lang.time.StopWatchTest)
[Illegal running state has occured. ]
java.lang.RuntimeException: Illegal running state has occured.     at org.apache.commons.lang.time.StopWatch.getTime(StopWatch.java:123)
    at org.apache.commons.lang.time.StopWatchTest.testLang315(StopWatchTest.java:116)
    at sun.reflect.NativeMethodAccessorImpl.invoke0(Native Method)
    at sun.reflect.NativeMethodAccessorImpl.invoke(NativeMethodAccessorImpl.java:62)
    at sun.reflect.DelegatingMethodAccessorImpl.invoke(DelegatingMethodAccessorImpl.java:43)
    at java.lang.reflect.Method.invoke(Method.java:498)

junit.framework.AssertionFailedError
    at junit.framework.Assert.fail(Assert.java:55)
    at junit.framework.Assert.assertTrue(Assert.java:22)
    at junit.framework.Assert.assertTrue(Assert.java:31)
    at junit.framework.TestCase.assertTrue(TestCase.java:201)
    at org.apache.commons.lang.time.StopWatchTest.testLang315(StopWatchTest.java:120)
    at sun.reflect.NativeMethodAccessorImpl.invoke0(Native Method)
18:35:44.779 [pool-74-thread-1] INFO  f.i.l.c.t.SpecificationTestCasesListener - Tests run finished (401 ms)
<> Total tests run: 1
<> Ignored tests: 0
<> Failed tests: 1
~ testLang315(org.apache.commons.lang.time.StopWatchTest)
[null]
junit.framework.AssertionFailedError    at junit.framework.Assert.fail(Assert.java:55)
    at junit.framework.Assert.assertTrue(Assert.java:22)
    at junit.framework.Assert.assertTrue(Assert.java:31)
    at junit.framework.TestCase.assertTrue(TestCase.java:201)
    at org.apache.commons.lang.time.StopWatchTest.testLang315(StopWatchTest.java:120)
    at sun.reflect.NativeMethodAccessorImpl.invoke0(Native Method)

18:35:44.779 [pool-71-thread-1] DEBUG tests.output - Failing tests with false: 
[testLang315(org.apache.commons.lang.time.StopWatchTest): Illegal running state has occured. ]
18:35:44.779 [pool-71-thread-1] DEBUG tests.output - Failing tests with true: 
[testLang315(org.apache.commons.lang.time.StopWatchTest): null]
18:35:44.779 [pool-71-thread-1] INFO  f.i.l.r.n.synth.SMTNopolSynthesizer - Not enough specifications: 0. A trivial patch is "true" or "false", please write new tests specifying SourceLocation org.apache.commons.lang.time.StopWatch:209.
18:35:44.780 [pool-2-thread-1] DEBUG fr.inria.lille.repair.nopol.NoPol - looking with class fr.inria.lille.repair.nopol.spoon.smt.ConditionalReplacer
junit.framework.AssertionFailedError
    at junit.framework.Assert.fail(Assert.java:55)
    at junit.framework.Assert.assertTrue(Assert.java:22)
    at junit.framework.Assert.assertTrue(Assert.java:31)
    at junit.framework.TestCase.assertTrue(TestCase.java:201)
    at org.apache.commons.lang.time.StopWatchTest.testLang315(StopWatchTest.java:120)
    at sun.reflect.NativeMethodAccessorImpl.invoke0(Native Method)
18:35:49.538 [pool-76-thread-1] INFO  xxl.java.junit.TestCasesListener - Tests run finished (4756 ms)
<> Total tests run: 6
<> Ignored tests: 0
<> Failed tests: 1
~ testLang315(org.apache.commons.lang.time.StopWatchTest)
[null]
junit.framework.AssertionFailedError    at junit.framework.Assert.fail(Assert.java:55)
    at junit.framework.Assert.assertTrue(Assert.java:22)
    at junit.framework.Assert.assertTrue(Assert.java:31)
    at junit.framework.TestCase.assertTrue(TestCase.java:201)
    at org.apache.commons.lang.time.StopWatchTest.testLang315(StopWatchTest.java:120)
    at sun.reflect.NativeMethodAccessorImpl.invoke0(Native Method)

java.lang.RuntimeException: Illegal running state has occured. 
    at org.apache.commons.lang.time.StopWatch.getTime(StopWatch.java:123)
    at org.apache.commons.lang.time.StopWatchTest.testLang315(StopWatchTest.java:116)
    at sun.reflect.NativeMethodAccessorImpl.invoke0(Native Method)
    at sun.reflect.NativeMethodAccessorImpl.invoke(NativeMethodAccessorImpl.java:62)
    at sun.reflect.DelegatingMethodAccessorImpl.invoke(DelegatingMethodAccessorImpl.java:43)
    at java.lang.reflect.Method.invoke(Method.java:498)
18:35:49.847 [pool-77-thread-1] INFO  f.i.l.c.t.SpecificationTestCasesListener - Tests run finished (201 ms)
<> Total tests run: 1
<> Ignored tests: 0
<> Failed tests: 1
~ testLang315(org.apache.commons.lang.time.StopWatchTest)
[Illegal running state has occured. ]
java.lang.RuntimeException: Illegal running state has occured.     at org.apache.commons.lang.time.StopWatch.getTime(StopWatch.java:123)
    at org.apache.commons.lang.time.StopWatchTest.testLang315(StopWatchTest.java:116)
    at sun.reflect.NativeMethodAccessorImpl.invoke0(Native Method)
    at sun.reflect.NativeMethodAccessorImpl.invoke(NativeMethodAccessorImpl.java:62)
    at sun.reflect.DelegatingMethodAccessorImpl.invoke(DelegatingMethodAccessorImpl.java:43)
    at java.lang.reflect.Method.invoke(Method.java:498)

junit.framework.AssertionFailedError
    at junit.framework.Assert.fail(Assert.java:55)
    at junit.framework.Assert.assertTrue(Assert.java:22)
    at junit.framework.Assert.assertTrue(Assert.java:31)
    at junit.framework.TestCase.assertTrue(TestCase.java:201)
    at org.apache.commons.lang.time.StopWatchTest.testLang315(StopWatchTest.java:120)
    at sun.reflect.NativeMethodAccessorImpl.invoke0(Native Method)
18:35:50.249 [pool-78-thread-1] INFO  f.i.l.c.t.SpecificationTestCasesListener - Tests run finished (401 ms)
<> Total tests run: 1
<> Ignored tests: 0
<> Failed tests: 1
~ testLang315(org.apache.commons.lang.time.StopWatchTest)
[null]
junit.framework.AssertionFailedError    at junit.framework.Assert.fail(Assert.java:55)
    at junit.framework.Assert.assertTrue(Assert.java:22)
    at junit.framework.Assert.assertTrue(Assert.java:31)
    at junit.framework.TestCase.assertTrue(TestCase.java:201)
    at org.apache.commons.lang.time.StopWatchTest.testLang315(StopWatchTest.java:120)
    at sun.reflect.NativeMethodAccessorImpl.invoke0(Native Method)

18:35:50.250 [pool-75-thread-1] DEBUG tests.output - Failing tests with false: 
[testLang315(org.apache.commons.lang.time.StopWatchTest): Illegal running state has occured. ]
18:35:50.250 [pool-75-thread-1] DEBUG tests.output - Failing tests with true: 
[testLang315(org.apache.commons.lang.time.StopWatchTest): null]
18:35:50.250 [pool-75-thread-1] INFO  f.i.l.r.n.synth.SMTNopolSynthesizer - Not enough specifications: 0. A trivial patch is "true" or "false", please write new tests specifying SourceLocation org.apache.commons.lang.time.StopWatch:209.
18:35:50.250 [pool-2-thread-1] DEBUG fr.inria.lille.repair.nopol.NoPol - statement #21
18:35:50.250 [pool-2-thread-1] DEBUG fr.inria.lille.repair.nopol.NoPol - Analysing SourceLocation org.apache.commons.lang.time.StopWatch:120 which is executed by 5 tests
-668820018
18:35:50.316 [pool-2-thread-1] DEBUG fr.inria.lille.repair.nopol.NoPol - statement #22
18:35:50.316 [pool-2-thread-1] DEBUG fr.inria.lille.repair.nopol.NoPol - Analysing SourceLocation org.apache.commons.lang.time.StopWatch:119 which is executed by 5 tests
-668820018
18:35:50.382 [pool-2-thread-1] DEBUG fr.inria.lille.repair.nopol.NoPol - looking with class fr.inria.lille.repair.nopol.spoon.smt.ConditionalAdder
junit.framework.AssertionFailedError
    at junit.framework.Assert.fail(Assert.java:55)
    at junit.framework.Assert.assertTrue(Assert.java:22)
    at junit.framework.Assert.assertTrue(Assert.java:31)
    at junit.framework.TestCase.assertTrue(TestCase.java:201)
    at org.apache.commons.lang.time.StopWatchTest.testLang315(StopWatchTest.java:120)
    at sun.reflect.NativeMethodAccessorImpl.invoke0(Native Method)
18:35:55.141 [pool-80-thread-1] INFO  xxl.java.junit.TestCasesListener - Tests run finished (4757 ms)
<> Total tests run: 6
<> Ignored tests: 0
<> Failed tests: 1
~ testLang315(org.apache.commons.lang.time.StopWatchTest)
[null]
junit.framework.AssertionFailedError    at junit.framework.Assert.fail(Assert.java:55)
    at junit.framework.Assert.assertTrue(Assert.java:22)
    at junit.framework.Assert.assertTrue(Assert.java:31)
    at junit.framework.TestCase.assertTrue(TestCase.java:201)
    at org.apache.commons.lang.time.StopWatchTest.testLang315(StopWatchTest.java:120)
    at sun.reflect.NativeMethodAccessorImpl.invoke0(Native Method)

junit.framework.AssertionFailedError
    at junit.framework.Assert.fail(Assert.java:55)
    at junit.framework.Assert.assertTrue(Assert.java:22)
    at junit.framework.Assert.assertTrue(Assert.java:31)
    at junit.framework.TestCase.assertTrue(TestCase.java:201)
    at org.apache.commons.lang.time.StopWatchTest.testLang315(StopWatchTest.java:120)
    at sun.reflect.NativeMethodAccessorImpl.invoke0(Native Method)
18:35:55.649 [pool-81-thread-1] INFO  f.i.l.c.t.SpecificationTestCasesListener - Tests run finished (401 ms)
<> Total tests run: 1
<> Ignored tests: 0
<> Failed tests: 1
~ testLang315(org.apache.commons.lang.time.StopWatchTest)
[null]
junit.framework.AssertionFailedError    at junit.framework.Assert.fail(Assert.java:55)
    at junit.framework.Assert.assertTrue(Assert.java:22)
    at junit.framework.Assert.assertTrue(Assert.java:31)
    at junit.framework.TestCase.assertTrue(TestCase.java:201)
    at org.apache.commons.lang.time.StopWatchTest.testLang315(StopWatchTest.java:120)
    at sun.reflect.NativeMethodAccessorImpl.invoke0(Native Method)

junit.framework.AssertionFailedError
    at junit.framework.Assert.fail(Assert.java:55)
    at junit.framework.Assert.assertTrue(Assert.java:22)
    at junit.framework.Assert.assertTrue(Assert.java:31)
    at junit.framework.TestCase.assertTrue(TestCase.java:201)
    at org.apache.commons.lang.time.StopWatchTest.testLang315(StopWatchTest.java:120)
    at sun.reflect.NativeMethodAccessorImpl.invoke0(Native Method)
18:35:56.051 [pool-82-thread-1] INFO  f.i.l.c.t.SpecificationTestCasesListener - Tests run finished (401 ms)
<> Total tests run: 1
<> Ignored tests: 0
<> Failed tests: 1
~ testLang315(org.apache.commons.lang.time.StopWatchTest)
[null]
junit.framework.AssertionFailedError    at junit.framework.Assert.fail(Assert.java:55)
    at junit.framework.Assert.assertTrue(Assert.java:22)
    at junit.framework.Assert.assertTrue(Assert.java:31)
    at junit.framework.TestCase.assertTrue(TestCase.java:201)
    at org.apache.commons.lang.time.StopWatchTest.testLang315(StopWatchTest.java:120)
    at sun.reflect.NativeMethodAccessorImpl.invoke0(Native Method)

18:35:56.052 [pool-79-thread-1] DEBUG tests.output - Failing tests with false: 
[testLang315(org.apache.commons.lang.time.StopWatchTest): null]
18:35:56.052 [pool-79-thread-1] DEBUG tests.output - Failing tests with true: 
[testLang315(org.apache.commons.lang.time.StopWatchTest): null]
18:35:56.052 [pool-79-thread-1] INFO  f.i.l.r.n.synth.SMTNopolSynthesizer - Not enough specifications: 0. A trivial patch is "true" or "false", please write new tests specifying SourceLocation org.apache.commons.lang.time.StopWatch:119.
18:35:56.052 [pool-2-thread-1] DEBUG fr.inria.lille.repair.nopol.NoPol - statement #23
18:35:56.052 [pool-2-thread-1] DEBUG fr.inria.lille.repair.nopol.NoPol - Analysing SourceLocation org.apache.commons.lang.time.StopWatch:118 which is executed by 5 tests
-668820018
18:35:56.120 [pool-2-thread-1] DEBUG fr.inria.lille.repair.nopol.NoPol - looking with class fr.inria.lille.repair.nopol.spoon.smt.ConditionalAdder
junit.framework.AssertionFailedError
    at junit.framework.Assert.fail(Assert.java:55)
    at junit.framework.Assert.assertTrue(Assert.java:22)
    at junit.framework.Assert.assertTrue(Assert.java:31)
    at junit.framework.TestCase.assertTrue(TestCase.java:201)
    at org.apache.commons.lang.time.StopWatchTest.testLang315(StopWatchTest.java:120)
    at sun.reflect.NativeMethodAccessorImpl.invoke0(Native Method)
18:36:00.878 [pool-84-thread-1] INFO  xxl.java.junit.TestCasesListener - Tests run finished (4756 ms)
<> Total tests run: 6
<> Ignored tests: 0
<> Failed tests: 1
~ testLang315(org.apache.commons.lang.time.StopWatchTest)
[null]
junit.framework.AssertionFailedError    at junit.framework.Assert.fail(Assert.java:55)
    at junit.framework.Assert.assertTrue(Assert.java:22)
    at junit.framework.Assert.assertTrue(Assert.java:31)
    at junit.framework.TestCase.assertTrue(TestCase.java:201)
    at org.apache.commons.lang.time.StopWatchTest.testLang315(StopWatchTest.java:120)
    at sun.reflect.NativeMethodAccessorImpl.invoke0(Native Method)

18:36:01.387 [pool-85-thread-1] INFO  f.i.l.c.t.SpecificationTestCasesListener - Tests run finished (401 ms)
<> Total tests run: 1
<> Ignored tests: 0
<> Failed tests: 0

junit.framework.AssertionFailedError
    at junit.framework.Assert.fail(Assert.java:55)
    at junit.framework.Assert.assertTrue(Assert.java:22)
    at junit.framework.Assert.assertTrue(Assert.java:31)
    at junit.framework.TestCase.assertTrue(TestCase.java:201)
    at org.apache.commons.lang.time.StopWatchTest.testLang315(StopWatchTest.java:120)
    at sun.reflect.NativeMethodAccessorImpl.invoke0(Native Method)
18:36:01.789 [pool-86-thread-1] INFO  f.i.l.c.t.SpecificationTestCasesListener - Tests run finished (401 ms)
<> Total tests run: 1
<> Ignored tests: 0
<> Failed tests: 1
~ testLang315(org.apache.commons.lang.time.StopWatchTest)
[null]
junit.framework.AssertionFailedError    at junit.framework.Assert.fail(Assert.java:55)
    at junit.framework.Assert.assertTrue(Assert.java:22)
    at junit.framework.Assert.assertTrue(Assert.java:31)
    at junit.framework.TestCase.assertTrue(TestCase.java:201)
    at org.apache.commons.lang.time.StopWatchTest.testLang315(StopWatchTest.java:120)
    at sun.reflect.NativeMethodAccessorImpl.invoke0(Native Method)

18:36:01.792 [pool-87-thread-1] INFO  f.i.l.r.n.s.ConstraintModelBuilder$1PassingListener - Tests run finished (0 ms)
<> Total tests run: 1
<> Ignored tests: 0
<> Failed tests: 0

18:36:02.193 [pool-88-thread-1] INFO  f.i.l.r.n.s.ConstraintModelBuilder$1PassingListener - Tests run finished (400 ms)
<> Total tests run: 1
<> Ignored tests: 0
<> Failed tests: 0

junit.framework.AssertionFailedError
    at junit.framework.Assert.fail(Assert.java:55)
    at junit.framework.Assert.assertTrue(Assert.java:22)
    at junit.framework.Assert.assertTrue(Assert.java:31)
    at junit.framework.TestCase.assertTrue(TestCase.java:201)
    at org.apache.commons.lang.time.StopWatchTest.testStopWatchSimple(StopWatchTest.java:55)
    at sun.reflect.NativeMethodAccessorImpl.invoke0(Native Method)
18:36:02.744 [pool-89-thread-1] INFO  f.i.l.r.n.s.ConstraintModelBuilder$1PassingListener - Tests run finished (551 ms)
<> Total tests run: 1
<> Ignored tests: 0
<> Failed tests: 1
~ testStopWatchSimple(org.apache.commons.lang.time.StopWatchTest)
[null]
junit.framework.AssertionFailedError    at junit.framework.Assert.fail(Assert.java:55)
    at junit.framework.Assert.assertTrue(Assert.java:22)
    at junit.framework.Assert.assertTrue(Assert.java:31)
    at junit.framework.TestCase.assertTrue(TestCase.java:201)
    at org.apache.commons.lang.time.StopWatchTest.testStopWatchSimple(StopWatchTest.java:55)
    at sun.reflect.NativeMethodAccessorImpl.invoke0(Native Method)

junit.framework.AssertionFailedError
    at junit.framework.Assert.fail(Assert.java:55)
    at junit.framework.Assert.assertTrue(Assert.java:22)
    at junit.framework.Assert.assertTrue(Assert.java:31)
    at junit.framework.TestCase.assertTrue(TestCase.java:201)
    at org.apache.commons.lang.time.StopWatchTest.testStopWatchSplit(StopWatchTest.java:89)
    at sun.reflect.NativeMethodAccessorImpl.invoke0(Native Method)
18:36:04.400 [pool-90-thread-1] INFO  f.i.l.r.n.s.ConstraintModelBuilder$1PassingListener - Tests run finished (1656 ms)
<> Total tests run: 1
<> Ignored tests: 0
<> Failed tests: 1
~ testStopWatchSplit(org.apache.commons.lang.time.StopWatchTest)
[null]
junit.framework.AssertionFailedError    at junit.framework.Assert.fail(Assert.java:55)
    at junit.framework.Assert.assertTrue(Assert.java:22)
    at junit.framework.Assert.assertTrue(Assert.java:31)
    at junit.framework.TestCase.assertTrue(TestCase.java:201)
    at org.apache.commons.lang.time.StopWatchTest.testStopWatchSplit(StopWatchTest.java:89)
    at sun.reflect.NativeMethodAccessorImpl.invoke0(Native Method)

junit.framework.AssertionFailedError
    at junit.framework.Assert.fail(Assert.java:55)
    at junit.framework.Assert.assertTrue(Assert.java:22)
    at junit.framework.Assert.assertTrue(Assert.java:31)
    at junit.framework.TestCase.assertTrue(TestCase.java:201)
    at org.apache.commons.lang.time.StopWatchTest.testStopWatchSuspend(StopWatchTest.java:107)
    at sun.reflect.NativeMethodAccessorImpl.invoke0(Native Method)
18:36:06.051 [pool-91-thread-1] INFO  f.i.l.r.n.s.ConstraintModelBuilder$1PassingListener - Tests run finished (1651 ms)
<> Total tests run: 1
<> Ignored tests: 0
<> Failed tests: 1
~ testStopWatchSuspend(org.apache.commons.lang.time.StopWatchTest)
[null]
junit.framework.AssertionFailedError    at junit.framework.Assert.fail(Assert.java:55)
    at junit.framework.Assert.assertTrue(Assert.java:22)
    at junit.framework.Assert.assertTrue(Assert.java:31)
    at junit.framework.TestCase.assertTrue(TestCase.java:201)
    at org.apache.commons.lang.time.StopWatchTest.testStopWatchSuspend(StopWatchTest.java:107)
    at sun.reflect.NativeMethodAccessorImpl.invoke0(Native Method)

18:36:06.052 [pool-92-thread-1] INFO  f.i.l.r.n.s.ConstraintModelBuilder$1PassingListener - Tests run finished (0 ms)
<> Total tests run: 1
<> Ignored tests: 0
<> Failed tests: 0

junit.framework.AssertionFailedError
    at junit.framework.Assert.fail(Assert.java:55)
    at junit.framework.Assert.assertTrue(Assert.java:22)
    at junit.framework.Assert.assertTrue(Assert.java:31)
    at junit.framework.TestCase.assertTrue(TestCase.java:201)
    at org.apache.commons.lang.time.StopWatchTest.testLang315(StopWatchTest.java:120)
    at sun.reflect.NativeMethodAccessorImpl.invoke0(Native Method)
18:36:06.453 [pool-93-thread-1] INFO  f.i.l.r.n.s.ConstraintModelBuilder$1PassingListener - Tests run finished (400 ms)
<> Total tests run: 1
<> Ignored tests: 0
<> Failed tests: 1
~ testLang315(org.apache.commons.lang.time.StopWatchTest)
[null]
junit.framework.AssertionFailedError    at junit.framework.Assert.fail(Assert.java:55)
    at junit.framework.Assert.assertTrue(Assert.java:22)
    at junit.framework.Assert.assertTrue(Assert.java:31)
    at junit.framework.TestCase.assertTrue(TestCase.java:201)
    at org.apache.commons.lang.time.StopWatchTest.testLang315(StopWatchTest.java:120)
    at sun.reflect.NativeMethodAccessorImpl.invoke0(Native Method)

18:36:07.004 [pool-94-thread-1] INFO  f.i.l.r.n.s.ConstraintModelBuilder$1PassingListener - Tests run finished (550 ms)
<> Total tests run: 1
<> Ignored tests: 0
<> Failed tests: 0

18:36:08.655 [pool-95-thread-1] INFO  f.i.l.r.n.s.ConstraintModelBuilder$1PassingListener - Tests run finished (1650 ms)
<> Total tests run: 1
<> Ignored tests: 0
<> Failed tests: 0

18:36:10.307 [pool-96-thread-1] INFO  f.i.l.r.n.s.ConstraintModelBuilder$1PassingListener - Tests run finished (1650 ms)
<> Total tests run: 1
<> Ignored tests: 0
<> Failed tests: 0

18:36:10.858 [pool-97-thread-1] INFO  f.i.l.c.t.SpecificationTestCasesListener - Tests run finished (550 ms)
<> Total tests run: 1
<> Ignored tests: 0
<> Failed tests: 0

18:36:12.509 [pool-98-thread-1] INFO  f.i.l.c.t.SpecificationTestCasesListener - Tests run finished (1650 ms)
<> Total tests run: 1
<> Ignored tests: 0
<> Failed tests: 0

18:36:14.160 [pool-99-thread-1] INFO  f.i.l.c.t.SpecificationTestCasesListener - Tests run finished (1650 ms)
<> Total tests run: 1
<> Ignored tests: 0
<> Failed tests: 0

18:36:14.383 [pool-83-thread-1] DEBUG f.i.l.c.s.ConstraintBasedSynthesis - Operators:
18:36:14.496 [pool-83-thread-1] DEBUG f.i.l.c.s.ConstraintBasedSynthesis - Operators:
== of arity: 2
!= of arity: 2
< of arity: 2
<= of arity: 2
18:36:14.601 [pool-83-thread-1] DEBUG f.i.l.c.s.ConstraintBasedSynthesis - Successful code synthesis: org.apache.commons.lang.time.StopWatch.this.stopTime < 10
18:36:14.602 [pool-83-thread-1] INFO  f.i.l.repair.nopol.patch.TestPatch - Applying patch: org.apache.commons.lang.time.StopWatch:118: PRECONDITION org.apache.commons.lang.time.StopWatch.this.stopTime < 10
18:36:14.707 [pool-83-thread-1] INFO  f.i.l.repair.nopol.patch.TestPatch - Running test suite to check the patch "org.apache.commons.lang.time.StopWatch.this.stopTime < 10" is working
18:36:18.969 [pool-2-thread-1] INFO  fr.inria.lille.repair.nopol.NoPol - ----INFORMATION----
18:36:19.055 [pool-2-thread-1] INFO  fr.inria.lille.repair.nopol.NoPol - Nb classes : 77
18:36:19.055 [pool-2-thread-1] INFO  fr.inria.lille.repair.nopol.NoPol - Nb methods : 1721
18:36:19.055 [pool-2-thread-1] INFO  fr.inria.lille.repair.nopol.NoPol - Nb Statements Analyzed : 21
18:36:19.055 [pool-2-thread-1] INFO  fr.inria.lille.repair.nopol.NoPol - Nb Statements with Angelic Value Found : 1
18:36:19.055 [pool-2-thread-1] INFO  fr.inria.lille.repair.nopol.NoPol - Nb inputs in SMT : 4
18:36:19.055 [pool-2-thread-1] INFO  fr.inria.lille.repair.nopol.NoPol - Nb SMT level: 2
18:36:19.055 [pool-2-thread-1] INFO  fr.inria.lille.repair.nopol.NoPol - Nb SMT components: [4] [== of arity: 2, != of arity: 2, < of arity: 2, <= of arity: 2]
18:36:19.056 [pool-2-thread-1] INFO  fr.inria.lille.repair.nopol.NoPol -                   class java.lang.Boolean: 4
18:36:19.056 [pool-2-thread-1] INFO  fr.inria.lille.repair.nopol.NoPol - Nb variables in SMT : 18
18:36:19.056 [pool-2-thread-1] INFO  fr.inria.lille.repair.nopol.NoPol - NoPol Execution time : 93921ms
18:36:19.056 [pool-2-thread-1] INFO  fr.inria.lille.repair.nopol.NoPol - 
18:36:19.056 [pool-2-thread-1] INFO  fr.inria.lille.repair.nopol.NoPol - ----PATCH FOUND----
18:36:19.056 [pool-2-thread-1] INFO  fr.inria.lille.repair.nopol.NoPol - org.apache.commons.lang.time.StopWatch.this.stopTime < 10
18:36:19.072 [pool-2-thread-1] INFO  fr.inria.lille.repair.nopol.NoPol - Nb test that executes the patch: 5
18:36:19.072 [pool-2-thread-1] INFO  fr.inria.lille.repair.nopol.NoPol - org.apache.commons.lang.time.StopWatch:118: PRECONDITION
18:36:19.091 [pool-2-thread-1] INFO  fr.inria.lille.repair.nopol.NoPol - --- a/src/java/org/apache/commons/lang/time/StopWatch.java
+++ b/src/java/org/apache/commons/lang/time/StopWatch.java
@@ -117,3 +117,5 @@
         }
-            stopTime = System.currentTimeMillis();
+            if (org.apache.commons.lang.time.StopWatch.this.stopTime < 10) {
+                stopTime = System.currentTimeMillis();
+            }
         this.runningState = STATE_STOPPED;

PATCH
82.42user 3.00system 1:35.40elapsed 89%CPU (0avgtext+0avgdata 711304maxresident)k
73216inputs+5880outputs (28major+377301minor)pagefaults 0swaps


Node: petitprince-1.luxembourg.grid5000.fr



Date: Wed Nov 28 18:36:19 EST 2018

