cd /tmp/DynaMoth_Defects4J_Lang_45;
export JAVA_TOOL_OPTIONS="-Dfile.encoding=UTF8 -Duser.language=en-US -Duser.country=US -Duser.language=en";
TZ="America/New_York"; export TZ;
export PATH="/usr/lib/jvm/java-1.8.0-openjdk-amd64/bin/:$PATH";
export JAVA_HOME="/usr/lib/jvm/java-1.8.0-openjdk-amd64/bin/";
time java -d64 -Xmx4g -Xms1g -XX:MaxPermSize=1024m -XX:+UseConcMarkSweepGC -XX:+CMSClassUnloadingEnabled -XX:+CMSClassUnloadingEnabled -cp /home/tdurieux/defects4j4repair/script/../repair_tools/nopol.jar:/usr/lib/jvm/java-1.8.0-openjdk-amd64/bin//../lib/tools.jar fr.inria.lille.repair.Main \
	--mode repair \
	--type pre_then_cond \
	--oracle angelic \
	--synthesis dynamoth \
	--flocal gzoltar \
	--json \
	--solver z3 \
	--solver-path /home/tdurieux/defects4j4repair/script/../libs/z3/build/z3 \
	--complianceLevel 3 \
	--source src/java/ \
	--classpath "target/classes/:target/tests/:/tmp/DynaMoth_Defects4J_Lang_45/target/classes/:/tmp/DynaMoth_Defects4J_Lang_45/target/tests/:/home/tdurieux/defects4j4repair/script/../benchmarks/defects4j/framework/projects/Lang/lib/easymock.jar:/home/tdurieux/defects4j4repair/script/../benchmarks/defects4j/framework/projects/Lang/lib/cglib.jar:/home/tdurieux/defects4j4repair/script/../benchmarks/defects4j/framework/projects/Lang/lib/asm.jar:/home/tdurieux/defects4j4repair/script/../benchmarks/defects4j/framework/projects/Lang/lib/commons-io.jar:/home/tdurieux/defects4j4repair/script/../benchmarks/defects4j/framework/projects/lib/junit-4.11.jar:/home/tdurieux/defects4j4repair/script/../repair_tools/nopol.jar";
	echo "\n\nNode: `hostname`\n";
	echo "\n\nDate: `date`\n";
Picked up JAVA_TOOL_OPTIONS: -Dfile.encoding=UTF8 -Duser.language=en-US -Duser.country=US -Duser.language=en
OpenJDK 64-Bit Server VM warning: ignoring option MaxPermSize=1024m; support was removed in 8.0
09:52:47.512 [main] INFO  fr.inria.lille.repair.nopol.NoPol - Source files: [src/java]
09:52:47.515 [main] INFO  fr.inria.lille.repair.nopol.NoPol - Classpath: [file:/tmp/DynaMoth_Defects4J_Lang_45/target/classes/, file:/tmp/DynaMoth_Defects4J_Lang_45/target/tests/, file:/tmp/DynaMoth_Defects4J_Lang_45/target/classes/, file:/tmp/DynaMoth_Defects4J_Lang_45/target/tests/, file:/home/tdurieux/defects4j4repair/script/../benchmarks/defects4j/framework/projects/Lang/lib/easymock.jar, file:/home/tdurieux/defects4j4repair/script/../benchmarks/defects4j/framework/projects/Lang/lib/cglib.jar, file:/home/tdurieux/defects4j4repair/script/../benchmarks/defects4j/framework/projects/Lang/lib/asm.jar, file:/home/tdurieux/defects4j4repair/script/../benchmarks/defects4j/framework/projects/Lang/lib/commons-io.jar, file:/home/tdurieux/defects4j4repair/script/../benchmarks/defects4j/framework/projects/lib/junit-4.11.jar, file:/home/tdurieux/defects4j4repair/script/../repair_tools/nopol.jar]
09:52:47.515 [main] INFO  fr.inria.lille.repair.nopol.NoPol - Statement type: PRE_THEN_COND
09:52:47.515 [main] INFO  fr.inria.lille.repair.nopol.NoPol - Args: [org.apache.commons.lang.ArrayUtilsAddTest, org.apache.commons.lang.ArrayUtilsAddTest, org.apache.commons.lang.ArrayUtilsRemoveTest, org.apache.commons.lang.ArrayUtilsRemoveTest, org.apache.commons.lang.ArrayUtilsTest, org.apache.commons.lang.ArrayUtilsTest, org.apache.commons.lang.BitFieldTest, org.apache.commons.lang.BitFieldTest, org.apache.commons.lang.BooleanUtilsTest, org.apache.commons.lang.BooleanUtilsTest, org.apache.commons.lang.CharEncodingTest, org.apache.commons.lang.CharEncodingTest, org.apache.commons.lang.CharRangeTest, org.apache.commons.lang.CharRangeTest, org.apache.commons.lang.CharSetTest, org.apache.commons.lang.CharSetTest, org.apache.commons.lang.CharSetUtilsTest, org.apache.commons.lang.CharSetUtilsTest, org.apache.commons.lang.CharUtilsTest, org.apache.commons.lang.CharUtilsTest, org.apache.commons.lang.ClassUtilsTest, org.apache.commons.lang.ClassUtilsTest, org.apache.commons.lang.EntitiesPerformanceTest, org.apache.commons.lang.EntitiesPerformanceTest, org.apache.commons.lang.EntitiesTest, org.apache.commons.lang.EntitiesTest, org.apache.commons.lang.IllegalClassExceptionTest, org.apache.commons.lang.IllegalClassExceptionTest, org.apache.commons.lang.IncompleteArgumentExceptionTest, org.apache.commons.lang.IncompleteArgumentExceptionTest, org.apache.commons.lang.IntHashMapTest, org.apache.commons.lang.IntHashMapTest, org.apache.commons.lang.LocaleUtilsTest, org.apache.commons.lang.LocaleUtilsTest, org.apache.commons.lang.NotImplementedExceptionTest, org.apache.commons.lang.NotImplementedExceptionTest, org.apache.commons.lang.NullArgumentExceptionTest, org.apache.commons.lang.NullArgumentExceptionTest, org.apache.commons.lang.NumberRangeTest, org.apache.commons.lang.NumberRangeTest, org.apache.commons.lang.NumberUtilsTest, org.apache.commons.lang.NumberUtilsTest, org.apache.commons.lang.ObjectUtilsTest, org.apache.commons.lang.ObjectUtilsTest, org.apache.commons.lang.RandomStringUtilsTest, org.apache.commons.lang.RandomStringUtilsTest, org.apache.commons.lang.SerializationUtilsTest, org.apache.commons.lang.SerializationUtilsTest, org.apache.commons.lang.StringEscapeUtilsTest, org.apache.commons.lang.StringEscapeUtilsTest, org.apache.commons.lang.StringUtilsEqualsIndexOfTest, org.apache.commons.lang.StringUtilsEqualsIndexOfTest, org.apache.commons.lang.StringUtilsIsTest, org.apache.commons.lang.StringUtilsIsTest, org.apache.commons.lang.StringUtilsStartsEndsWithTest, org.apache.commons.lang.StringUtilsStartsEndsWithTest, org.apache.commons.lang.StringUtilsSubstringTest, org.apache.commons.lang.StringUtilsSubstringTest, org.apache.commons.lang.StringUtilsTest, org.apache.commons.lang.StringUtilsTest, org.apache.commons.lang.StringUtilsTrimEmptyTest, org.apache.commons.lang.StringUtilsTrimEmptyTest, org.apache.commons.lang.SystemUtilsTest, org.apache.commons.lang.SystemUtilsTest, org.apache.commons.lang.UnhandledExceptionTest, org.apache.commons.lang.UnhandledExceptionTest, org.apache.commons.lang.ValidateTest, org.apache.commons.lang.ValidateTest, org.apache.commons.lang.WordUtilsTest, org.apache.commons.lang.WordUtilsTest, org.apache.commons.lang.builder.CompareToBuilderTest, org.apache.commons.lang.builder.CompareToBuilderTest, org.apache.commons.lang.builder.DefaultToStringStyleTest, org.apache.commons.lang.builder.DefaultToStringStyleTest, org.apache.commons.lang.builder.EqualsBuilderTest, org.apache.commons.lang.builder.EqualsBuilderTest, org.apache.commons.lang.builder.HashCodeBuilderAndEqualsBuilderTest, org.apache.commons.lang.builder.HashCodeBuilderAndEqualsBuilderTest, org.apache.commons.lang.builder.HashCodeBuilderTest, org.apache.commons.lang.builder.HashCodeBuilderTest, org.apache.commons.lang.builder.MultiLineToStringStyleTest, org.apache.commons.lang.builder.MultiLineToStringStyleTest, org.apache.commons.lang.builder.NoFieldNamesToStringStyleTest, org.apache.commons.lang.builder.NoFieldNamesToStringStyleTest, org.apache.commons.lang.builder.ReflectionToStringBuilderExcludeTest, org.apache.commons.lang.builder.ReflectionToStringBuilderExcludeTest, org.apache.commons.lang.builder.ShortPrefixToStringStyleTest, org.apache.commons.lang.builder.ShortPrefixToStringStyleTest, org.apache.commons.lang.builder.SimpleToStringStyleTest, org.apache.commons.lang.builder.SimpleToStringStyleTest, org.apache.commons.lang.builder.StandardToStringStyleTest, org.apache.commons.lang.builder.StandardToStringStyleTest, org.apache.commons.lang.builder.ToStringBuilderTest, org.apache.commons.lang.builder.ToStringBuilderTest, org.apache.commons.lang.builder.ToStringStyleTest, org.apache.commons.lang.builder.ToStringStyleTest, org.apache.commons.lang.enum.EnumTest, org.apache.commons.lang.enum.EnumTest, org.apache.commons.lang.enum.EnumUtilsTest, org.apache.commons.lang.enum.EnumUtilsTest, org.apache.commons.lang.enum.ValuedEnumTest, org.apache.commons.lang.enum.ValuedEnumTest, org.apache.commons.lang.enums.EnumEqualsTest, org.apache.commons.lang.enums.EnumEqualsTest, org.apache.commons.lang.enums.EnumTest, org.apache.commons.lang.enums.EnumTest, org.apache.commons.lang.enums.EnumUtilsTest, org.apache.commons.lang.enums.EnumUtilsTest, org.apache.commons.lang.enums.ValuedEnumTest, org.apache.commons.lang.enums.ValuedEnumTest, org.apache.commons.lang.exception.ExceptionUtilsTestCase, org.apache.commons.lang.exception.ExceptionUtilsTestCase, org.apache.commons.lang.exception.NestableDelegateTestCase, org.apache.commons.lang.exception.NestableDelegateTestCase, org.apache.commons.lang.exception.NestableErrorTestCase, org.apache.commons.lang.exception.NestableErrorTestCase, org.apache.commons.lang.exception.NestableExceptionTestCase, org.apache.commons.lang.exception.NestableExceptionTestCase, org.apache.commons.lang.exception.NestableRuntimeExceptionTestCase, org.apache.commons.lang.exception.NestableRuntimeExceptionTestCase, org.apache.commons.lang.math.DoubleRangeTest, org.apache.commons.lang.math.DoubleRangeTest, org.apache.commons.lang.math.FloatRangeTest, org.apache.commons.lang.math.FloatRangeTest, org.apache.commons.lang.math.FractionTest, org.apache.commons.lang.math.FractionTest, org.apache.commons.lang.math.IEEE754rUtilsTest, org.apache.commons.lang.math.IEEE754rUtilsTest, org.apache.commons.lang.math.IntRangeTest, org.apache.commons.lang.math.IntRangeTest, org.apache.commons.lang.math.LongRangeTest, org.apache.commons.lang.math.LongRangeTest, org.apache.commons.lang.math.NumberRangeTest, org.apache.commons.lang.math.NumberRangeTest, org.apache.commons.lang.math.NumberUtilsTest, org.apache.commons.lang.math.NumberUtilsTest, org.apache.commons.lang.math.RandomUtilsTest, org.apache.commons.lang.math.RandomUtilsTest, org.apache.commons.lang.math.RangeTest, org.apache.commons.lang.math.RangeTest, org.apache.commons.lang.mutable.MutableBooleanTest, org.apache.commons.lang.mutable.MutableBooleanTest, org.apache.commons.lang.mutable.MutableByteTest, org.apache.commons.lang.mutable.MutableByteTest, org.apache.commons.lang.mutable.MutableDoubleTest, org.apache.commons.lang.mutable.MutableDoubleTest, org.apache.commons.lang.mutable.MutableFloatTest, org.apache.commons.lang.mutable.MutableFloatTest, org.apache.commons.lang.mutable.MutableIntTest, org.apache.commons.lang.mutable.MutableIntTest, org.apache.commons.lang.mutable.MutableLongTest, org.apache.commons.lang.mutable.MutableLongTest, org.apache.commons.lang.mutable.MutableObjectTest, org.apache.commons.lang.mutable.MutableObjectTest, org.apache.commons.lang.mutable.MutableShortTest, org.apache.commons.lang.mutable.MutableShortTest, org.apache.commons.lang.reflect.ConstructorUtilsTest, org.apache.commons.lang.reflect.ConstructorUtilsTest, org.apache.commons.lang.reflect.FieldUtilsTest, org.apache.commons.lang.reflect.FieldUtilsTest, org.apache.commons.lang.reflect.MethodUtilsTest, org.apache.commons.lang.reflect.MethodUtilsTest, org.apache.commons.lang.text.CompositeFormatTest, org.apache.commons.lang.text.CompositeFormatTest, org.apache.commons.lang.text.ExtendedMessageFormatTest, org.apache.commons.lang.text.ExtendedMessageFormatTest, org.apache.commons.lang.text.StrBuilderAppendInsertTest, org.apache.commons.lang.text.StrBuilderAppendInsertTest, org.apache.commons.lang.text.StrBuilderTest, org.apache.commons.lang.text.StrBuilderTest, org.apache.commons.lang.text.StrLookupTest, org.apache.commons.lang.text.StrLookupTest, org.apache.commons.lang.text.StrMatcherTest, org.apache.commons.lang.text.StrMatcherTest, org.apache.commons.lang.text.StrSubstitutorTest, org.apache.commons.lang.text.StrSubstitutorTest, org.apache.commons.lang.text.StrTokenizerTest, org.apache.commons.lang.text.StrTokenizerTest, org.apache.commons.lang.time.DateFormatUtilsTest, org.apache.commons.lang.time.DateFormatUtilsTest, org.apache.commons.lang.time.DateUtilsFragmentTest, org.apache.commons.lang.time.DateUtilsFragmentTest, org.apache.commons.lang.time.DateUtilsTest, org.apache.commons.lang.time.DateUtilsTest, org.apache.commons.lang.time.DurationFormatUtilsTest, org.apache.commons.lang.time.DurationFormatUtilsTest, org.apache.commons.lang.time.FastDateFormatTest, org.apache.commons.lang.time.FastDateFormatTest, org.apache.commons.lang.time.StopWatchTest, org.apache.commons.lang.time.StopWatchTest]
09:52:47.517 [main] INFO  fr.inria.lille.repair.nopol.NoPol - Config: Config{synthesisDepth=3, collectStaticMethods=true, collectStaticFields=false, collectLiterals=false, onlyOneSynthesisResult=true, sortExpressions=true, maxLineInvocationPerTest=250, timeoutMethodInvocation=2000, dataCollectionTimeoutInSecondForSynthesis=900, addWeight=0.19478, subWeight=0.04554, mulWeight=0.0102, divWeight=0.00613, andWeight=0.10597, orWeight=0.05708, eqWeight=0.22798, nEqWeight=0.0, lessEqWeight=0.0255, lessWeight=0.0947, methodCallWeight=0.1, fieldAccessWeight=0.08099, constantWeight=0.14232, variableWeight=0.05195, mode=REPAIR, type=PRE_THEN_COND, synthesis=DYNAMOTH, oracle=ANGELIC, solver=Z3, solverPath='/home/tdurieux/defects4j4repair/script/../libs/z3/build/z3', projectSources=[src/java], projectClasspath='[Ljava.net.URL;@2ff4f00f', projectTests=[org.apache.commons.lang.ArrayUtilsAddTest, org.apache.commons.lang.ArrayUtilsAddTest, org.apache.commons.lang.ArrayUtilsRemoveTest, org.apache.commons.lang.ArrayUtilsRemoveTest, org.apache.commons.lang.ArrayUtilsTest, org.apache.commons.lang.ArrayUtilsTest, org.apache.commons.lang.BitFieldTest, org.apache.commons.lang.BitFieldTest, org.apache.commons.lang.BooleanUtilsTest, org.apache.commons.lang.BooleanUtilsTest, org.apache.commons.lang.CharEncodingTest, org.apache.commons.lang.CharEncodingTest, org.apache.commons.lang.CharRangeTest, org.apache.commons.lang.CharRangeTest, org.apache.commons.lang.CharSetTest, org.apache.commons.lang.CharSetTest, org.apache.commons.lang.CharSetUtilsTest, org.apache.commons.lang.CharSetUtilsTest, org.apache.commons.lang.CharUtilsTest, org.apache.commons.lang.CharUtilsTest, org.apache.commons.lang.ClassUtilsTest, org.apache.commons.lang.ClassUtilsTest, org.apache.commons.lang.EntitiesPerformanceTest, org.apache.commons.lang.EntitiesPerformanceTest, org.apache.commons.lang.EntitiesTest, org.apache.commons.lang.EntitiesTest, org.apache.commons.lang.IllegalClassExceptionTest, org.apache.commons.lang.IllegalClassExceptionTest, org.apache.commons.lang.IncompleteArgumentExceptionTest, org.apache.commons.lang.IncompleteArgumentExceptionTest, org.apache.commons.lang.IntHashMapTest, org.apache.commons.lang.IntHashMapTest, org.apache.commons.lang.LocaleUtilsTest, org.apache.commons.lang.LocaleUtilsTest, org.apache.commons.lang.NotImplementedExceptionTest, org.apache.commons.lang.NotImplementedExceptionTest, org.apache.commons.lang.NullArgumentExceptionTest, org.apache.commons.lang.NullArgumentExceptionTest, org.apache.commons.lang.NumberRangeTest, org.apache.commons.lang.NumberRangeTest, org.apache.commons.lang.NumberUtilsTest, org.apache.commons.lang.NumberUtilsTest, org.apache.commons.lang.ObjectUtilsTest, org.apache.commons.lang.ObjectUtilsTest, org.apache.commons.lang.RandomStringUtilsTest, org.apache.commons.lang.RandomStringUtilsTest, org.apache.commons.lang.SerializationUtilsTest, org.apache.commons.lang.SerializationUtilsTest, org.apache.commons.lang.StringEscapeUtilsTest, org.apache.commons.lang.StringEscapeUtilsTest, org.apache.commons.lang.StringUtilsEqualsIndexOfTest, org.apache.commons.lang.StringUtilsEqualsIndexOfTest, org.apache.commons.lang.StringUtilsIsTest, org.apache.commons.lang.StringUtilsIsTest, org.apache.commons.lang.StringUtilsStartsEndsWithTest, org.apache.commons.lang.StringUtilsStartsEndsWithTest, org.apache.commons.lang.StringUtilsSubstringTest, org.apache.commons.lang.StringUtilsSubstringTest, org.apache.commons.lang.StringUtilsTest, org.apache.commons.lang.StringUtilsTest, org.apache.commons.lang.StringUtilsTrimEmptyTest, org.apache.commons.lang.StringUtilsTrimEmptyTest, org.apache.commons.lang.SystemUtilsTest, org.apache.commons.lang.SystemUtilsTest, org.apache.commons.lang.UnhandledExceptionTest, org.apache.commons.lang.UnhandledExceptionTest, org.apache.commons.lang.ValidateTest, org.apache.commons.lang.ValidateTest, org.apache.commons.lang.WordUtilsTest, org.apache.commons.lang.WordUtilsTest, org.apache.commons.lang.builder.CompareToBuilderTest, org.apache.commons.lang.builder.CompareToBuilderTest, org.apache.commons.lang.builder.DefaultToStringStyleTest, org.apache.commons.lang.builder.DefaultToStringStyleTest, org.apache.commons.lang.builder.EqualsBuilderTest, org.apache.commons.lang.builder.EqualsBuilderTest, org.apache.commons.lang.builder.HashCodeBuilderAndEqualsBuilderTest, org.apache.commons.lang.builder.HashCodeBuilderAndEqualsBuilderTest, org.apache.commons.lang.builder.HashCodeBuilderTest, org.apache.commons.lang.builder.HashCodeBuilderTest, org.apache.commons.lang.builder.MultiLineToStringStyleTest, org.apache.commons.lang.builder.MultiLineToStringStyleTest, org.apache.commons.lang.builder.NoFieldNamesToStringStyleTest, org.apache.commons.lang.builder.NoFieldNamesToStringStyleTest, org.apache.commons.lang.builder.ReflectionToStringBuilderExcludeTest, org.apache.commons.lang.builder.ReflectionToStringBuilderExcludeTest, org.apache.commons.lang.builder.ShortPrefixToStringStyleTest, org.apache.commons.lang.builder.ShortPrefixToStringStyleTest, org.apache.commons.lang.builder.SimpleToStringStyleTest, org.apache.commons.lang.builder.SimpleToStringStyleTest, org.apache.commons.lang.builder.StandardToStringStyleTest, org.apache.commons.lang.builder.StandardToStringStyleTest, org.apache.commons.lang.builder.ToStringBuilderTest, org.apache.commons.lang.builder.ToStringBuilderTest, org.apache.commons.lang.builder.ToStringStyleTest, org.apache.commons.lang.builder.ToStringStyleTest, org.apache.commons.lang.enum.EnumTest, org.apache.commons.lang.enum.EnumTest, org.apache.commons.lang.enum.EnumUtilsTest, org.apache.commons.lang.enum.EnumUtilsTest, org.apache.commons.lang.enum.ValuedEnumTest, org.apache.commons.lang.enum.ValuedEnumTest, org.apache.commons.lang.enums.EnumEqualsTest, org.apache.commons.lang.enums.EnumEqualsTest, org.apache.commons.lang.enums.EnumTest, org.apache.commons.lang.enums.EnumTest, org.apache.commons.lang.enums.EnumUtilsTest, org.apache.commons.lang.enums.EnumUtilsTest, org.apache.commons.lang.enums.ValuedEnumTest, org.apache.commons.lang.enums.ValuedEnumTest, org.apache.commons.lang.exception.ExceptionUtilsTestCase, org.apache.commons.lang.exception.ExceptionUtilsTestCase, org.apache.commons.lang.exception.NestableDelegateTestCase, org.apache.commons.lang.exception.NestableDelegateTestCase, org.apache.commons.lang.exception.NestableErrorTestCase, org.apache.commons.lang.exception.NestableErrorTestCase, org.apache.commons.lang.exception.NestableExceptionTestCase, org.apache.commons.lang.exception.NestableExceptionTestCase, org.apache.commons.lang.exception.NestableRuntimeExceptionTestCase, org.apache.commons.lang.exception.NestableRuntimeExceptionTestCase, org.apache.commons.lang.math.DoubleRangeTest, org.apache.commons.lang.math.DoubleRangeTest, org.apache.commons.lang.math.FloatRangeTest, org.apache.commons.lang.math.FloatRangeTest, org.apache.commons.lang.math.FractionTest, org.apache.commons.lang.math.FractionTest, org.apache.commons.lang.math.IEEE754rUtilsTest, org.apache.commons.lang.math.IEEE754rUtilsTest, org.apache.commons.lang.math.IntRangeTest, org.apache.commons.lang.math.IntRangeTest, org.apache.commons.lang.math.LongRangeTest, org.apache.commons.lang.math.LongRangeTest, org.apache.commons.lang.math.NumberRangeTest, org.apache.commons.lang.math.NumberRangeTest, org.apache.commons.lang.math.NumberUtilsTest, org.apache.commons.lang.math.NumberUtilsTest, org.apache.commons.lang.math.RandomUtilsTest, org.apache.commons.lang.math.RandomUtilsTest, org.apache.commons.lang.math.RangeTest, org.apache.commons.lang.math.RangeTest, org.apache.commons.lang.mutable.MutableBooleanTest, org.apache.commons.lang.mutable.MutableBooleanTest, org.apache.commons.lang.mutable.MutableByteTest, org.apache.commons.lang.mutable.MutableByteTest, org.apache.commons.lang.mutable.MutableDoubleTest, org.apache.commons.lang.mutable.MutableDoubleTest, org.apache.commons.lang.mutable.MutableFloatTest, org.apache.commons.lang.mutable.MutableFloatTest, org.apache.commons.lang.mutable.MutableIntTest, org.apache.commons.lang.mutable.MutableIntTest, org.apache.commons.lang.mutable.MutableLongTest, org.apache.commons.lang.mutable.MutableLongTest, org.apache.commons.lang.mutable.MutableObjectTest, org.apache.commons.lang.mutable.MutableObjectTest, org.apache.commons.lang.mutable.MutableShortTest, org.apache.commons.lang.mutable.MutableShortTest, org.apache.commons.lang.reflect.ConstructorUtilsTest, org.apache.commons.lang.reflect.ConstructorUtilsTest, org.apache.commons.lang.reflect.FieldUtilsTest, org.apache.commons.lang.reflect.FieldUtilsTest, org.apache.commons.lang.reflect.MethodUtilsTest, org.apache.commons.lang.reflect.MethodUtilsTest, org.apache.commons.lang.text.CompositeFormatTest, org.apache.commons.lang.text.CompositeFormatTest, org.apache.commons.lang.text.ExtendedMessageFormatTest, org.apache.commons.lang.text.ExtendedMessageFormatTest, org.apache.commons.lang.text.StrBuilderAppendInsertTest, org.apache.commons.lang.text.StrBuilderAppendInsertTest, org.apache.commons.lang.text.StrBuilderTest, org.apache.commons.lang.text.StrBuilderTest, org.apache.commons.lang.text.StrLookupTest, org.apache.commons.lang.text.StrLookupTest, org.apache.commons.lang.text.StrMatcherTest, org.apache.commons.lang.text.StrMatcherTest, org.apache.commons.lang.text.StrSubstitutorTest, org.apache.commons.lang.text.StrSubstitutorTest, org.apache.commons.lang.text.StrTokenizerTest, org.apache.commons.lang.text.StrTokenizerTest, org.apache.commons.lang.time.DateFormatUtilsTest, org.apache.commons.lang.time.DateFormatUtilsTest, org.apache.commons.lang.time.DateUtilsFragmentTest, org.apache.commons.lang.time.DateUtilsFragmentTest, org.apache.commons.lang.time.DateUtilsTest, org.apache.commons.lang.time.DateUtilsTest, org.apache.commons.lang.time.DurationFormatUtilsTest, org.apache.commons.lang.time.DurationFormatUtilsTest, org.apache.commons.lang.time.FastDateFormatTest, org.apache.commons.lang.time.FastDateFormatTest, org.apache.commons.lang.time.StopWatchTest, org.apache.commons.lang.time.StopWatchTest], complianceLevel=3, outputFolder=., json=true}
09:52:47.518 [main] INFO  fr.inria.lille.repair.nopol.NoPol - Available processors (cores): 4
09:52:47.530 [main] INFO  fr.inria.lille.repair.nopol.NoPol - Free memory: 953 MB
09:52:47.531 [main] INFO  fr.inria.lille.repair.nopol.NoPol - Maximum memory: 3 GB
09:52:47.531 [main] INFO  fr.inria.lille.repair.nopol.NoPol - Total memory available to JVM: 990 MB
09:52:47.531 [main] INFO  fr.inria.lille.repair.nopol.NoPol - Java version: 1.8.0_181
09:52:47.532 [main] INFO  fr.inria.lille.repair.nopol.NoPol - JAVA_HOME: /usr/lib/jvm/java-1.8.0-openjdk-amd64/bin/
09:52:47.532 [main] INFO  fr.inria.lille.repair.nopol.NoPol - PATH: /usr/lib/jvm/java-1.8.0-openjdk-amd64/bin/:/usr/lib/oar/oardodo:/usr/lib/oar/oardodo:/usr/local/bin:/usr/bin:/bin:/usr/games
09:53:10.585 [pool-2-thread-1] DEBUG fr.inria.lille.repair.nopol.NoPol - statement #1
09:53:10.586 [pool-2-thread-1] DEBUG fr.inria.lille.repair.nopol.NoPol - Analysing SourceLocation org.apache.commons.lang.WordUtils:641 which is executed by 1 tests
-1410117720
09:53:10.875 [pool-2-thread-1] DEBUG fr.inria.lille.repair.nopol.NoPol - statement #2
09:53:10.875 [pool-2-thread-1] DEBUG fr.inria.lille.repair.nopol.NoPol - Analysing SourceLocation org.apache.commons.lang.WordUtils:639 which is executed by 1 tests
-1410117720
09:53:10.973 [pool-2-thread-1] DEBUG fr.inria.lille.repair.nopol.NoPol - looking with class fr.inria.lille.repair.nopol.spoon.smt.ConditionalAdder
java.lang.StringIndexOutOfBoundsException: String index out of range: 15
    at java.lang.String.substring(String.java:1963)
    at org.apache.commons.lang.WordUtils.abbreviate(WordUtils.java:629)
    at org.apache.commons.lang.WordUtilsTest.testAbbreviate(WordUtilsTest.java:390)
    at sun.reflect.NativeMethodAccessorImpl.invoke0(Native Method)
    at sun.reflect.NativeMethodAccessorImpl.invoke(NativeMethodAccessorImpl.java:62)
    at sun.reflect.DelegatingMethodAccessorImpl.invoke(DelegatingMethodAccessorImpl.java:43)
09:53:11.014 [pool-4-thread-1] INFO  xxl.java.junit.TestCasesListener - Tests run finished (16 ms)
<> Total tests run: 13
<> Ignored tests: 0
<> Failed tests: 1
~ testAbbreviate(org.apache.commons.lang.WordUtilsTest)
[String index out of range: 15]
java.lang.StringIndexOutOfBoundsException: String index out of range: 15    at java.lang.String.substring(String.java:1963)
    at org.apache.commons.lang.WordUtils.abbreviate(WordUtils.java:629)
    at org.apache.commons.lang.WordUtilsTest.testAbbreviate(WordUtilsTest.java:390)
    at sun.reflect.NativeMethodAccessorImpl.invoke0(Native Method)
    at sun.reflect.NativeMethodAccessorImpl.invoke(NativeMethodAccessorImpl.java:62)
    at sun.reflect.DelegatingMethodAccessorImpl.invoke(DelegatingMethodAccessorImpl.java:43)

09:53:11.955 [pool-2-thread-1] DEBUG fr.inria.lille.repair.nopol.NoPol - statement #3
09:53:11.955 [pool-2-thread-1] DEBUG fr.inria.lille.repair.nopol.NoPol - Analysing SourceLocation org.apache.commons.lang.WordUtils:638 which is executed by 1 tests
-1410117720
09:53:12.047 [pool-2-thread-1] DEBUG fr.inria.lille.repair.nopol.NoPol - looking with class fr.inria.lille.repair.nopol.spoon.smt.ConditionalAdder
java.lang.StringIndexOutOfBoundsException: String index out of range: 15
    at java.lang.String.substring(String.java:1963)
    at org.apache.commons.lang.WordUtils.abbreviate(WordUtils.java:629)
    at org.apache.commons.lang.WordUtilsTest.testAbbreviate(WordUtilsTest.java:390)
    at sun.reflect.NativeMethodAccessorImpl.invoke0(Native Method)
    at sun.reflect.NativeMethodAccessorImpl.invoke(NativeMethodAccessorImpl.java:62)
    at sun.reflect.DelegatingMethodAccessorImpl.invoke(DelegatingMethodAccessorImpl.java:43)
09:53:12.063 [pool-8-thread-1] INFO  xxl.java.junit.TestCasesListener - Tests run finished (9 ms)
<> Total tests run: 13
<> Ignored tests: 0
<> Failed tests: 1
~ testAbbreviate(org.apache.commons.lang.WordUtilsTest)
[String index out of range: 15]
java.lang.StringIndexOutOfBoundsException: String index out of range: 15    at java.lang.String.substring(String.java:1963)
    at org.apache.commons.lang.WordUtils.abbreviate(WordUtils.java:629)
    at org.apache.commons.lang.WordUtilsTest.testAbbreviate(WordUtilsTest.java:390)
    at sun.reflect.NativeMethodAccessorImpl.invoke0(Native Method)
    at sun.reflect.NativeMethodAccessorImpl.invoke(NativeMethodAccessorImpl.java:62)
    at sun.reflect.DelegatingMethodAccessorImpl.invoke(DelegatingMethodAccessorImpl.java:43)

09:53:12.248 [pool-2-thread-1] DEBUG fr.inria.lille.repair.nopol.NoPol - statement #4
09:53:12.248 [pool-2-thread-1] DEBUG fr.inria.lille.repair.nopol.NoPol - Analysing SourceLocation org.apache.commons.lang.WordUtils:636 which is executed by 1 tests
-1410117720
09:53:12.332 [pool-2-thread-1] DEBUG fr.inria.lille.repair.nopol.NoPol - looking with class fr.inria.lille.repair.nopol.spoon.smt.ConditionalAdder
java.lang.StringIndexOutOfBoundsException: String index out of range: 15
    at java.lang.String.substring(String.java:1963)
    at org.apache.commons.lang.WordUtils.abbreviate(WordUtils.java:629)
    at org.apache.commons.lang.WordUtilsTest.testAbbreviate(WordUtilsTest.java:390)
    at sun.reflect.NativeMethodAccessorImpl.invoke0(Native Method)
    at sun.reflect.NativeMethodAccessorImpl.invoke(NativeMethodAccessorImpl.java:62)
    at sun.reflect.DelegatingMethodAccessorImpl.invoke(DelegatingMethodAccessorImpl.java:43)
09:53:12.343 [pool-12-thread-1] INFO  xxl.java.junit.TestCasesListener - Tests run finished (8 ms)
<> Total tests run: 13
<> Ignored tests: 0
<> Failed tests: 1
~ testAbbreviate(org.apache.commons.lang.WordUtilsTest)
[String index out of range: 15]
java.lang.StringIndexOutOfBoundsException: String index out of range: 15    at java.lang.String.substring(String.java:1963)
    at org.apache.commons.lang.WordUtils.abbreviate(WordUtils.java:629)
    at org.apache.commons.lang.WordUtilsTest.testAbbreviate(WordUtilsTest.java:390)
    at sun.reflect.NativeMethodAccessorImpl.invoke0(Native Method)
    at sun.reflect.NativeMethodAccessorImpl.invoke(NativeMethodAccessorImpl.java:62)
    at sun.reflect.DelegatingMethodAccessorImpl.invoke(DelegatingMethodAccessorImpl.java:43)

09:53:12.521 [pool-2-thread-1] DEBUG fr.inria.lille.repair.nopol.NoPol - statement #5
09:53:12.521 [pool-2-thread-1] DEBUG fr.inria.lille.repair.nopol.NoPol - Analysing SourceLocation org.apache.commons.lang.WordUtils:635 which is executed by 1 tests
-1410117720
09:53:12.604 [pool-2-thread-1] DEBUG fr.inria.lille.repair.nopol.NoPol - looking with class fr.inria.lille.repair.nopol.spoon.smt.ConditionalAdder
java.lang.StringIndexOutOfBoundsException: String index out of range: 15
    at java.lang.String.substring(String.java:1963)
    at org.apache.commons.lang.WordUtils.abbreviate(WordUtils.java:629)
    at org.apache.commons.lang.WordUtilsTest.testAbbreviate(WordUtilsTest.java:390)
    at sun.reflect.NativeMethodAccessorImpl.invoke0(Native Method)
    at sun.reflect.NativeMethodAccessorImpl.invoke(NativeMethodAccessorImpl.java:62)
    at sun.reflect.DelegatingMethodAccessorImpl.invoke(DelegatingMethodAccessorImpl.java:43)
09:53:12.617 [pool-16-thread-1] INFO  xxl.java.junit.TestCasesListener - Tests run finished (8 ms)
<> Total tests run: 13
<> Ignored tests: 0
<> Failed tests: 1
~ testAbbreviate(org.apache.commons.lang.WordUtilsTest)
[String index out of range: 15]
java.lang.StringIndexOutOfBoundsException: String index out of range: 15    at java.lang.String.substring(String.java:1963)
    at org.apache.commons.lang.WordUtils.abbreviate(WordUtils.java:629)
    at org.apache.commons.lang.WordUtilsTest.testAbbreviate(WordUtilsTest.java:390)
    at sun.reflect.NativeMethodAccessorImpl.invoke0(Native Method)
    at sun.reflect.NativeMethodAccessorImpl.invoke(NativeMethodAccessorImpl.java:62)
    at sun.reflect.DelegatingMethodAccessorImpl.invoke(DelegatingMethodAccessorImpl.java:43)

09:53:12.773 [pool-2-thread-1] DEBUG fr.inria.lille.repair.nopol.NoPol - statement #6
09:53:12.773 [pool-2-thread-1] DEBUG fr.inria.lille.repair.nopol.NoPol - Analysing SourceLocation org.apache.commons.lang.WordUtils:634 which is executed by 1 tests
-1410117720
09:53:12.855 [pool-2-thread-1] DEBUG fr.inria.lille.repair.nopol.NoPol - looking with class fr.inria.lille.repair.nopol.spoon.smt.ConditionalAdder
java.lang.StringIndexOutOfBoundsException: String index out of range: 15
    at java.lang.String.substring(String.java:1963)
    at org.apache.commons.lang.WordUtils.abbreviate(WordUtils.java:629)
    at org.apache.commons.lang.WordUtilsTest.testAbbreviate(WordUtilsTest.java:390)
    at sun.reflect.NativeMethodAccessorImpl.invoke0(Native Method)
    at sun.reflect.NativeMethodAccessorImpl.invoke(NativeMethodAccessorImpl.java:62)
    at sun.reflect.DelegatingMethodAccessorImpl.invoke(DelegatingMethodAccessorImpl.java:43)
09:53:12.884 [pool-20-thread-1] INFO  xxl.java.junit.TestCasesListener - Tests run finished (8 ms)
<> Total tests run: 13
<> Ignored tests: 0
<> Failed tests: 1
~ testAbbreviate(org.apache.commons.lang.WordUtilsTest)
[String index out of range: 15]
java.lang.StringIndexOutOfBoundsException: String index out of range: 15    at java.lang.String.substring(String.java:1963)
    at org.apache.commons.lang.WordUtils.abbreviate(WordUtils.java:629)
    at org.apache.commons.lang.WordUtilsTest.testAbbreviate(WordUtilsTest.java:390)
    at sun.reflect.NativeMethodAccessorImpl.invoke0(Native Method)
    at sun.reflect.NativeMethodAccessorImpl.invoke(NativeMethodAccessorImpl.java:62)
    at sun.reflect.DelegatingMethodAccessorImpl.invoke(DelegatingMethodAccessorImpl.java:43)

09:53:13.091 [pool-2-thread-1] DEBUG fr.inria.lille.repair.nopol.NoPol - looking with class fr.inria.lille.repair.nopol.spoon.smt.ConditionalReplacer
java.lang.StringIndexOutOfBoundsException: String index out of range: 15
    at java.lang.String.substring(String.java:1963)
    at org.apache.commons.lang.WordUtils.abbreviate(WordUtils.java:629)
    at org.apache.commons.lang.WordUtilsTest.testAbbreviate(WordUtilsTest.java:390)
    at sun.reflect.NativeMethodAccessorImpl.invoke0(Native Method)
    at sun.reflect.NativeMethodAccessorImpl.invoke(NativeMethodAccessorImpl.java:62)
    at sun.reflect.DelegatingMethodAccessorImpl.invoke(DelegatingMethodAccessorImpl.java:43)
09:53:13.101 [pool-24-thread-1] INFO  xxl.java.junit.TestCasesListener - Tests run finished (7 ms)
<> Total tests run: 13
<> Ignored tests: 0
<> Failed tests: 1
~ testAbbreviate(org.apache.commons.lang.WordUtilsTest)
[String index out of range: 15]
java.lang.StringIndexOutOfBoundsException: String index out of range: 15    at java.lang.String.substring(String.java:1963)
    at org.apache.commons.lang.WordUtils.abbreviate(WordUtils.java:629)
    at org.apache.commons.lang.WordUtilsTest.testAbbreviate(WordUtilsTest.java:390)
    at sun.reflect.NativeMethodAccessorImpl.invoke0(Native Method)
    at sun.reflect.NativeMethodAccessorImpl.invoke(NativeMethodAccessorImpl.java:62)
    at sun.reflect.DelegatingMethodAccessorImpl.invoke(DelegatingMethodAccessorImpl.java:43)

09:53:13.256 [pool-2-thread-1] DEBUG fr.inria.lille.repair.nopol.NoPol - statement #7
09:53:13.256 [pool-2-thread-1] DEBUG fr.inria.lille.repair.nopol.NoPol - Analysing SourceLocation org.apache.commons.lang.WordUtils:632 which is executed by 1 tests
-1410117720
09:53:13.336 [pool-2-thread-1] DEBUG fr.inria.lille.repair.nopol.NoPol - looking with class fr.inria.lille.repair.nopol.spoon.smt.ConditionalAdder
java.lang.StringIndexOutOfBoundsException: String index out of range: 15
    at java.lang.String.substring(String.java:1963)
    at org.apache.commons.lang.WordUtils.abbreviate(WordUtils.java:629)
    at org.apache.commons.lang.WordUtilsTest.testAbbreviate(WordUtilsTest.java:390)
    at sun.reflect.NativeMethodAccessorImpl.invoke0(Native Method)
    at sun.reflect.NativeMethodAccessorImpl.invoke(NativeMethodAccessorImpl.java:62)
    at sun.reflect.DelegatingMethodAccessorImpl.invoke(DelegatingMethodAccessorImpl.java:43)
09:53:13.348 [pool-28-thread-1] INFO  xxl.java.junit.TestCasesListener - Tests run finished (7 ms)
<> Total tests run: 13
<> Ignored tests: 0
<> Failed tests: 1
~ testAbbreviate(org.apache.commons.lang.WordUtilsTest)
[String index out of range: 15]
java.lang.StringIndexOutOfBoundsException: String index out of range: 15    at java.lang.String.substring(String.java:1963)
    at org.apache.commons.lang.WordUtils.abbreviate(WordUtils.java:629)
    at org.apache.commons.lang.WordUtilsTest.testAbbreviate(WordUtilsTest.java:390)
    at sun.reflect.NativeMethodAccessorImpl.invoke0(Native Method)
    at sun.reflect.NativeMethodAccessorImpl.invoke(NativeMethodAccessorImpl.java:62)
    at sun.reflect.DelegatingMethodAccessorImpl.invoke(DelegatingMethodAccessorImpl.java:43)

09:53:13.487 [pool-2-thread-1] DEBUG fr.inria.lille.repair.nopol.NoPol - statement #8
09:53:13.487 [pool-2-thread-1] DEBUG fr.inria.lille.repair.nopol.NoPol - Analysing SourceLocation org.apache.commons.lang.WordUtils:631 which is executed by 1 tests
-1410117720
09:53:13.567 [pool-2-thread-1] DEBUG fr.inria.lille.repair.nopol.NoPol - looking with class fr.inria.lille.repair.nopol.spoon.smt.ConditionalAdder
java.lang.StringIndexOutOfBoundsException: String index out of range: 15
    at java.lang.String.substring(String.java:1963)
    at org.apache.commons.lang.WordUtils.abbreviate(WordUtils.java:629)
    at org.apache.commons.lang.WordUtilsTest.testAbbreviate(WordUtilsTest.java:390)
    at sun.reflect.NativeMethodAccessorImpl.invoke0(Native Method)
    at sun.reflect.NativeMethodAccessorImpl.invoke(NativeMethodAccessorImpl.java:62)
    at sun.reflect.DelegatingMethodAccessorImpl.invoke(DelegatingMethodAccessorImpl.java:43)
09:53:13.577 [pool-32-thread-1] INFO  xxl.java.junit.TestCasesListener - Tests run finished (7 ms)
<> Total tests run: 13
<> Ignored tests: 0
<> Failed tests: 1
~ testAbbreviate(org.apache.commons.lang.WordUtilsTest)
[String index out of range: 15]
java.lang.StringIndexOutOfBoundsException: String index out of range: 15    at java.lang.String.substring(String.java:1963)
    at org.apache.commons.lang.WordUtils.abbreviate(WordUtils.java:629)
    at org.apache.commons.lang.WordUtilsTest.testAbbreviate(WordUtilsTest.java:390)
    at sun.reflect.NativeMethodAccessorImpl.invoke0(Native Method)
    at sun.reflect.NativeMethodAccessorImpl.invoke(NativeMethodAccessorImpl.java:62)
    at sun.reflect.DelegatingMethodAccessorImpl.invoke(DelegatingMethodAccessorImpl.java:43)

09:53:13.716 [pool-2-thread-1] DEBUG fr.inria.lille.repair.nopol.NoPol - looking with class fr.inria.lille.repair.nopol.spoon.smt.ConditionalReplacer
java.lang.StringIndexOutOfBoundsException: String index out of range: 15
    at java.lang.String.substring(String.java:1963)
    at org.apache.commons.lang.WordUtils.abbreviate(WordUtils.java:629)
    at org.apache.commons.lang.WordUtilsTest.testAbbreviate(WordUtilsTest.java:390)
    at sun.reflect.NativeMethodAccessorImpl.invoke0(Native Method)
    at sun.reflect.NativeMethodAccessorImpl.invoke(NativeMethodAccessorImpl.java:62)
    at sun.reflect.DelegatingMethodAccessorImpl.invoke(DelegatingMethodAccessorImpl.java:43)
09:53:13.726 [pool-36-thread-1] INFO  xxl.java.junit.TestCasesListener - Tests run finished (7 ms)
<> Total tests run: 13
<> Ignored tests: 0
<> Failed tests: 1
~ testAbbreviate(org.apache.commons.lang.WordUtilsTest)
[String index out of range: 15]
java.lang.StringIndexOutOfBoundsException: String index out of range: 15    at java.lang.String.substring(String.java:1963)
    at org.apache.commons.lang.WordUtils.abbreviate(WordUtils.java:629)
    at org.apache.commons.lang.WordUtilsTest.testAbbreviate(WordUtilsTest.java:390)
    at sun.reflect.NativeMethodAccessorImpl.invoke0(Native Method)
    at sun.reflect.NativeMethodAccessorImpl.invoke(NativeMethodAccessorImpl.java:62)
    at sun.reflect.DelegatingMethodAccessorImpl.invoke(DelegatingMethodAccessorImpl.java:43)

09:53:13.872 [pool-2-thread-1] DEBUG fr.inria.lille.repair.nopol.NoPol - statement #9
09:53:13.872 [pool-2-thread-1] DEBUG fr.inria.lille.repair.nopol.NoPol - Analysing SourceLocation org.apache.commons.lang.WordUtils:629 which is executed by 1 tests
-1410117720
09:53:13.952 [pool-2-thread-1] DEBUG fr.inria.lille.repair.nopol.NoPol - looking with class fr.inria.lille.repair.nopol.spoon.smt.ConditionalAdder
java.lang.StringIndexOutOfBoundsException: String index out of range: 15
    at java.lang.String.substring(String.java:1963)
    at org.apache.commons.lang.WordUtils.abbreviate(WordUtils.java:629)
    at org.apache.commons.lang.WordUtilsTest.testAbbreviate(WordUtilsTest.java:390)
    at sun.reflect.NativeMethodAccessorImpl.invoke0(Native Method)
    at sun.reflect.NativeMethodAccessorImpl.invoke(NativeMethodAccessorImpl.java:62)
    at sun.reflect.DelegatingMethodAccessorImpl.invoke(DelegatingMethodAccessorImpl.java:43)
09:53:13.963 [pool-40-thread-1] INFO  xxl.java.junit.TestCasesListener - Tests run finished (8 ms)
<> Total tests run: 13
<> Ignored tests: 0
<> Failed tests: 1
~ testAbbreviate(org.apache.commons.lang.WordUtilsTest)
[String index out of range: 15]
java.lang.StringIndexOutOfBoundsException: String index out of range: 15    at java.lang.String.substring(String.java:1963)
    at org.apache.commons.lang.WordUtils.abbreviate(WordUtils.java:629)
    at org.apache.commons.lang.WordUtilsTest.testAbbreviate(WordUtilsTest.java:390)
    at sun.reflect.NativeMethodAccessorImpl.invoke0(Native Method)
    at sun.reflect.NativeMethodAccessorImpl.invoke(NativeMethodAccessorImpl.java:62)
    at sun.reflect.DelegatingMethodAccessorImpl.invoke(DelegatingMethodAccessorImpl.java:43)

09:53:14.128 [pool-2-thread-1] DEBUG fr.inria.lille.repair.nopol.NoPol - statement #10
09:53:14.128 [pool-2-thread-1] DEBUG fr.inria.lille.repair.nopol.NoPol - Analysing SourceLocation org.apache.commons.lang.WordUtils:628 which is executed by 1 tests
-1410117720
09:53:14.206 [pool-2-thread-1] DEBUG fr.inria.lille.repair.nopol.NoPol - looking with class fr.inria.lille.repair.nopol.spoon.smt.ConditionalAdder
java.lang.StringIndexOutOfBoundsException: String index out of range: 15
    at java.lang.String.substring(String.java:1963)
    at org.apache.commons.lang.WordUtils.abbreviate(WordUtils.java:629)
    at org.apache.commons.lang.WordUtilsTest.testAbbreviate(WordUtilsTest.java:390)
    at sun.reflect.NativeMethodAccessorImpl.invoke0(Native Method)
    at sun.reflect.NativeMethodAccessorImpl.invoke(NativeMethodAccessorImpl.java:62)
    at sun.reflect.DelegatingMethodAccessorImpl.invoke(DelegatingMethodAccessorImpl.java:43)
09:53:14.227 [pool-44-thread-1] INFO  xxl.java.junit.TestCasesListener - Tests run finished (7 ms)
<> Total tests run: 13
<> Ignored tests: 0
<> Failed tests: 1
~ testAbbreviate(org.apache.commons.lang.WordUtilsTest)
[String index out of range: 15]
java.lang.StringIndexOutOfBoundsException: String index out of range: 15    at java.lang.String.substring(String.java:1963)
    at org.apache.commons.lang.WordUtils.abbreviate(WordUtils.java:629)
    at org.apache.commons.lang.WordUtilsTest.testAbbreviate(WordUtilsTest.java:390)
    at sun.reflect.NativeMethodAccessorImpl.invoke0(Native Method)
    at sun.reflect.NativeMethodAccessorImpl.invoke(NativeMethodAccessorImpl.java:62)
    at sun.reflect.DelegatingMethodAccessorImpl.invoke(DelegatingMethodAccessorImpl.java:43)

09:53:14.363 [pool-2-thread-1] DEBUG fr.inria.lille.repair.nopol.NoPol - looking with class fr.inria.lille.repair.nopol.spoon.smt.ConditionalReplacer
java.lang.StringIndexOutOfBoundsException: String index out of range: 15
    at java.lang.String.substring(String.java:1963)
    at org.apache.commons.lang.WordUtils.abbreviate(WordUtils.java:629)
    at org.apache.commons.lang.WordUtilsTest.testAbbreviate(WordUtilsTest.java:390)
    at sun.reflect.NativeMethodAccessorImpl.invoke0(Native Method)
    at sun.reflect.NativeMethodAccessorImpl.invoke(NativeMethodAccessorImpl.java:62)
    at sun.reflect.DelegatingMethodAccessorImpl.invoke(DelegatingMethodAccessorImpl.java:43)
09:53:14.372 [pool-48-thread-1] INFO  xxl.java.junit.TestCasesListener - Tests run finished (6 ms)
<> Total tests run: 13
<> Ignored tests: 0
<> Failed tests: 1
~ testAbbreviate(org.apache.commons.lang.WordUtilsTest)
[String index out of range: 15]
java.lang.StringIndexOutOfBoundsException: String index out of range: 15    at java.lang.String.substring(String.java:1963)
    at org.apache.commons.lang.WordUtils.abbreviate(WordUtils.java:629)
    at org.apache.commons.lang.WordUtilsTest.testAbbreviate(WordUtilsTest.java:390)
    at sun.reflect.NativeMethodAccessorImpl.invoke0(Native Method)
    at sun.reflect.NativeMethodAccessorImpl.invoke(NativeMethodAccessorImpl.java:62)
    at sun.reflect.DelegatingMethodAccessorImpl.invoke(DelegatingMethodAccessorImpl.java:43)

09:53:14.506 [pool-2-thread-1] DEBUG fr.inria.lille.repair.nopol.NoPol - statement #11
09:53:14.506 [pool-2-thread-1] DEBUG fr.inria.lille.repair.nopol.NoPol - Analysing SourceLocation org.apache.commons.lang.WordUtils:627 which is executed by 1 tests
-1410117720
09:53:14.584 [pool-2-thread-1] DEBUG fr.inria.lille.repair.nopol.NoPol - statement #12
09:53:14.585 [pool-2-thread-1] DEBUG fr.inria.lille.repair.nopol.NoPol - Analysing SourceLocation org.apache.commons.lang.WordUtils:626 which is executed by 1 tests
-1410117720
09:53:14.662 [pool-2-thread-1] DEBUG fr.inria.lille.repair.nopol.NoPol - statement #13
09:53:14.662 [pool-2-thread-1] DEBUG fr.inria.lille.repair.nopol.NoPol - Analysing SourceLocation org.apache.commons.lang.WordUtils:623 which is executed by 1 tests
-1410117720
09:53:14.740 [pool-2-thread-1] DEBUG fr.inria.lille.repair.nopol.NoPol - looking with class fr.inria.lille.repair.nopol.spoon.smt.ConditionalAdder
java.lang.StringIndexOutOfBoundsException: String index out of range: 15
    at java.lang.String.substring(String.java:1963)
    at org.apache.commons.lang.WordUtils.abbreviate(WordUtils.java:629)
    at org.apache.commons.lang.WordUtilsTest.testAbbreviate(WordUtilsTest.java:390)
    at sun.reflect.NativeMethodAccessorImpl.invoke0(Native Method)
    at sun.reflect.NativeMethodAccessorImpl.invoke(NativeMethodAccessorImpl.java:62)
    at sun.reflect.DelegatingMethodAccessorImpl.invoke(DelegatingMethodAccessorImpl.java:43)
09:53:14.750 [pool-52-thread-1] INFO  xxl.java.junit.TestCasesListener - Tests run finished (7 ms)
<> Total tests run: 13
<> Ignored tests: 0
<> Failed tests: 1
~ testAbbreviate(org.apache.commons.lang.WordUtilsTest)
[String index out of range: 15]
java.lang.StringIndexOutOfBoundsException: String index out of range: 15    at java.lang.String.substring(String.java:1963)
    at org.apache.commons.lang.WordUtils.abbreviate(WordUtils.java:629)
    at org.apache.commons.lang.WordUtilsTest.testAbbreviate(WordUtilsTest.java:390)
    at sun.reflect.NativeMethodAccessorImpl.invoke0(Native Method)
    at sun.reflect.NativeMethodAccessorImpl.invoke(NativeMethodAccessorImpl.java:62)
    at sun.reflect.DelegatingMethodAccessorImpl.invoke(DelegatingMethodAccessorImpl.java:43)

09:53:14.885 [pool-2-thread-1] DEBUG fr.inria.lille.repair.nopol.NoPol - statement #14
09:53:14.885 [pool-2-thread-1] DEBUG fr.inria.lille.repair.nopol.NoPol - Analysing SourceLocation org.apache.commons.lang.WordUtils:622 which is executed by 1 tests
-1410117720
09:53:14.962 [pool-2-thread-1] DEBUG fr.inria.lille.repair.nopol.NoPol - looking with class fr.inria.lille.repair.nopol.spoon.smt.ConditionalAdder
java.lang.StringIndexOutOfBoundsException: String index out of range: 15
    at java.lang.String.substring(String.java:1963)
    at org.apache.commons.lang.WordUtils.abbreviate(WordUtils.java:629)
    at org.apache.commons.lang.WordUtilsTest.testAbbreviate(WordUtilsTest.java:390)
    at sun.reflect.NativeMethodAccessorImpl.invoke0(Native Method)
    at sun.reflect.NativeMethodAccessorImpl.invoke(NativeMethodAccessorImpl.java:62)
    at sun.reflect.DelegatingMethodAccessorImpl.invoke(DelegatingMethodAccessorImpl.java:43)
09:53:14.972 [pool-56-thread-1] INFO  xxl.java.junit.TestCasesListener - Tests run finished (7 ms)
<> Total tests run: 13
<> Ignored tests: 0
<> Failed tests: 1
~ testAbbreviate(org.apache.commons.lang.WordUtilsTest)
[String index out of range: 15]
java.lang.StringIndexOutOfBoundsException: String index out of range: 15    at java.lang.String.substring(String.java:1963)
    at org.apache.commons.lang.WordUtils.abbreviate(WordUtils.java:629)
    at org.apache.commons.lang.WordUtilsTest.testAbbreviate(WordUtilsTest.java:390)
    at sun.reflect.NativeMethodAccessorImpl.invoke0(Native Method)
    at sun.reflect.NativeMethodAccessorImpl.invoke(NativeMethodAccessorImpl.java:62)
    at sun.reflect.DelegatingMethodAccessorImpl.invoke(DelegatingMethodAccessorImpl.java:43)

09:53:15.124 [pool-2-thread-1] DEBUG fr.inria.lille.repair.nopol.NoPol - looking with class fr.inria.lille.repair.nopol.spoon.smt.ConditionalReplacer
java.lang.StringIndexOutOfBoundsException: String index out of range: 15
    at java.lang.String.substring(String.java:1963)
    at org.apache.commons.lang.WordUtils.abbreviate(WordUtils.java:629)
    at org.apache.commons.lang.WordUtilsTest.testAbbreviate(WordUtilsTest.java:390)
    at sun.reflect.NativeMethodAccessorImpl.invoke0(Native Method)
    at sun.reflect.NativeMethodAccessorImpl.invoke(NativeMethodAccessorImpl.java:62)
    at sun.reflect.DelegatingMethodAccessorImpl.invoke(DelegatingMethodAccessorImpl.java:43)
09:53:15.137 [pool-60-thread-1] INFO  xxl.java.junit.TestCasesListener - Tests run finished (7 ms)
<> Total tests run: 13
<> Ignored tests: 0
<> Failed tests: 1
~ testAbbreviate(org.apache.commons.lang.WordUtilsTest)
[String index out of range: 15]
java.lang.StringIndexOutOfBoundsException: String index out of range: 15    at java.lang.String.substring(String.java:1963)
    at org.apache.commons.lang.WordUtils.abbreviate(WordUtils.java:629)
    at org.apache.commons.lang.WordUtilsTest.testAbbreviate(WordUtilsTest.java:390)
    at sun.reflect.NativeMethodAccessorImpl.invoke0(Native Method)
    at sun.reflect.NativeMethodAccessorImpl.invoke(NativeMethodAccessorImpl.java:62)
    at sun.reflect.DelegatingMethodAccessorImpl.invoke(DelegatingMethodAccessorImpl.java:43)

09:53:15.271 [pool-2-thread-1] DEBUG fr.inria.lille.repair.nopol.NoPol - statement #15
09:53:15.271 [pool-2-thread-1] DEBUG fr.inria.lille.repair.nopol.NoPol - Analysing SourceLocation org.apache.commons.lang.WordUtils:619 which is executed by 1 tests
-1410117720
09:53:15.349 [pool-2-thread-1] DEBUG fr.inria.lille.repair.nopol.NoPol - looking with class fr.inria.lille.repair.nopol.spoon.smt.ConditionalAdder
java.lang.StringIndexOutOfBoundsException: String index out of range: 15
    at java.lang.String.substring(String.java:1963)
    at org.apache.commons.lang.WordUtils.abbreviate(WordUtils.java:629)
    at org.apache.commons.lang.WordUtilsTest.testAbbreviate(WordUtilsTest.java:390)
    at sun.reflect.NativeMethodAccessorImpl.invoke0(Native Method)
    at sun.reflect.NativeMethodAccessorImpl.invoke(NativeMethodAccessorImpl.java:62)
    at sun.reflect.DelegatingMethodAccessorImpl.invoke(DelegatingMethodAccessorImpl.java:43)
09:53:15.359 [pool-64-thread-1] INFO  xxl.java.junit.TestCasesListener - Tests run finished (7 ms)
<> Total tests run: 13
<> Ignored tests: 0
<> Failed tests: 1
~ testAbbreviate(org.apache.commons.lang.WordUtilsTest)
[String index out of range: 15]
java.lang.StringIndexOutOfBoundsException: String index out of range: 15    at java.lang.String.substring(String.java:1963)
    at org.apache.commons.lang.WordUtils.abbreviate(WordUtils.java:629)
    at org.apache.commons.lang.WordUtilsTest.testAbbreviate(WordUtilsTest.java:390)
    at sun.reflect.NativeMethodAccessorImpl.invoke0(Native Method)
    at sun.reflect.NativeMethodAccessorImpl.invoke(NativeMethodAccessorImpl.java:62)
    at sun.reflect.DelegatingMethodAccessorImpl.invoke(DelegatingMethodAccessorImpl.java:43)

09:53:15.495 [pool-2-thread-1] DEBUG fr.inria.lille.repair.nopol.NoPol - statement #16
09:53:15.495 [pool-2-thread-1] DEBUG fr.inria.lille.repair.nopol.NoPol - Analysing SourceLocation org.apache.commons.lang.WordUtils:618 which is executed by 1 tests
-1410117720
09:53:15.574 [pool-2-thread-1] DEBUG fr.inria.lille.repair.nopol.NoPol - looking with class fr.inria.lille.repair.nopol.spoon.smt.ConditionalAdder
java.lang.StringIndexOutOfBoundsException: String index out of range: 15
    at java.lang.String.substring(String.java:1963)
    at org.apache.commons.lang.WordUtils.abbreviate(WordUtils.java:629)
    at org.apache.commons.lang.WordUtilsTest.testAbbreviate(WordUtilsTest.java:390)
    at sun.reflect.NativeMethodAccessorImpl.invoke0(Native Method)
    at sun.reflect.NativeMethodAccessorImpl.invoke(NativeMethodAccessorImpl.java:62)
    at sun.reflect.DelegatingMethodAccessorImpl.invoke(DelegatingMethodAccessorImpl.java:43)
09:53:15.585 [pool-68-thread-1] INFO  xxl.java.junit.TestCasesListener - Tests run finished (7 ms)
<> Total tests run: 13
<> Ignored tests: 0
<> Failed tests: 1
~ testAbbreviate(org.apache.commons.lang.WordUtilsTest)
[String index out of range: 15]
java.lang.StringIndexOutOfBoundsException: String index out of range: 15    at java.lang.String.substring(String.java:1963)
    at org.apache.commons.lang.WordUtils.abbreviate(WordUtils.java:629)
    at org.apache.commons.lang.WordUtilsTest.testAbbreviate(WordUtilsTest.java:390)
    at sun.reflect.NativeMethodAccessorImpl.invoke0(Native Method)
    at sun.reflect.NativeMethodAccessorImpl.invoke(NativeMethodAccessorImpl.java:62)
    at sun.reflect.DelegatingMethodAccessorImpl.invoke(DelegatingMethodAccessorImpl.java:43)

09:53:15.711 [pool-2-thread-1] DEBUG fr.inria.lille.repair.nopol.NoPol - looking with class fr.inria.lille.repair.nopol.spoon.smt.ConditionalReplacer
java.lang.StringIndexOutOfBoundsException: String index out of range: 15
    at java.lang.String.substring(String.java:1963)
    at org.apache.commons.lang.WordUtils.abbreviate(WordUtils.java:629)
    at org.apache.commons.lang.WordUtilsTest.testAbbreviate(WordUtilsTest.java:390)
    at sun.reflect.NativeMethodAccessorImpl.invoke0(Native Method)
    at sun.reflect.NativeMethodAccessorImpl.invoke(NativeMethodAccessorImpl.java:62)
    at sun.reflect.DelegatingMethodAccessorImpl.invoke(DelegatingMethodAccessorImpl.java:43)
09:53:15.721 [pool-72-thread-1] INFO  xxl.java.junit.TestCasesListener - Tests run finished (7 ms)
<> Total tests run: 13
<> Ignored tests: 0
<> Failed tests: 1
~ testAbbreviate(org.apache.commons.lang.WordUtilsTest)
[String index out of range: 15]
java.lang.StringIndexOutOfBoundsException: String index out of range: 15    at java.lang.String.substring(String.java:1963)
    at org.apache.commons.lang.WordUtils.abbreviate(WordUtils.java:629)
    at org.apache.commons.lang.WordUtilsTest.testAbbreviate(WordUtilsTest.java:390)
    at sun.reflect.NativeMethodAccessorImpl.invoke0(Native Method)
    at sun.reflect.NativeMethodAccessorImpl.invoke(NativeMethodAccessorImpl.java:62)
    at sun.reflect.DelegatingMethodAccessorImpl.invoke(DelegatingMethodAccessorImpl.java:43)

09:53:15.848 [pool-2-thread-1] DEBUG fr.inria.lille.repair.nopol.NoPol - statement #17
09:53:15.849 [pool-2-thread-1] DEBUG fr.inria.lille.repair.nopol.NoPol - Analysing SourceLocation org.apache.commons.lang.WordUtils:611 which is executed by 1 tests
-1410117720
09:53:15.925 [pool-2-thread-1] DEBUG fr.inria.lille.repair.nopol.NoPol - looking with class fr.inria.lille.repair.nopol.spoon.smt.ConditionalAdder
java.lang.StringIndexOutOfBoundsException: String index out of range: 15
    at java.lang.String.substring(String.java:1963)
    at org.apache.commons.lang.WordUtils.abbreviate(WordUtils.java:629)
    at org.apache.commons.lang.WordUtilsTest.testAbbreviate(WordUtilsTest.java:390)
    at sun.reflect.NativeMethodAccessorImpl.invoke0(Native Method)
    at sun.reflect.NativeMethodAccessorImpl.invoke(NativeMethodAccessorImpl.java:62)
    at sun.reflect.DelegatingMethodAccessorImpl.invoke(DelegatingMethodAccessorImpl.java:43)
09:53:15.935 [pool-76-thread-1] INFO  xxl.java.junit.TestCasesListener - Tests run finished (7 ms)
<> Total tests run: 13
<> Ignored tests: 0
<> Failed tests: 1
~ testAbbreviate(org.apache.commons.lang.WordUtilsTest)
[String index out of range: 15]
java.lang.StringIndexOutOfBoundsException: String index out of range: 15    at java.lang.String.substring(String.java:1963)
    at org.apache.commons.lang.WordUtils.abbreviate(WordUtils.java:629)
    at org.apache.commons.lang.WordUtilsTest.testAbbreviate(WordUtilsTest.java:390)
    at sun.reflect.NativeMethodAccessorImpl.invoke0(Native Method)
    at sun.reflect.NativeMethodAccessorImpl.invoke(NativeMethodAccessorImpl.java:62)
    at sun.reflect.DelegatingMethodAccessorImpl.invoke(DelegatingMethodAccessorImpl.java:43)

09:53:16.060 [pool-2-thread-1] DEBUG fr.inria.lille.repair.nopol.NoPol - statement #18
09:53:16.061 [pool-2-thread-1] DEBUG fr.inria.lille.repair.nopol.NoPol - Analysing SourceLocation org.apache.commons.lang.WordUtils:610 which is executed by 1 tests
-1410117720
09:53:16.157 [pool-2-thread-1] DEBUG fr.inria.lille.repair.nopol.NoPol - looking with class fr.inria.lille.repair.nopol.spoon.smt.ConditionalAdder
java.lang.StringIndexOutOfBoundsException: String index out of range: 15
    at java.lang.String.substring(String.java:1963)
    at org.apache.commons.lang.WordUtils.abbreviate(WordUtils.java:629)
    at org.apache.commons.lang.WordUtilsTest.testAbbreviate(WordUtilsTest.java:390)
    at sun.reflect.NativeMethodAccessorImpl.invoke0(Native Method)
    at sun.reflect.NativeMethodAccessorImpl.invoke(NativeMethodAccessorImpl.java:62)
    at sun.reflect.DelegatingMethodAccessorImpl.invoke(DelegatingMethodAccessorImpl.java:43)
09:53:16.166 [pool-80-thread-1] INFO  xxl.java.junit.TestCasesListener - Tests run finished (6 ms)
<> Total tests run: 13
<> Ignored tests: 0
<> Failed tests: 1
~ testAbbreviate(org.apache.commons.lang.WordUtilsTest)
[String index out of range: 15]
java.lang.StringIndexOutOfBoundsException: String index out of range: 15    at java.lang.String.substring(String.java:1963)
    at org.apache.commons.lang.WordUtils.abbreviate(WordUtils.java:629)
    at org.apache.commons.lang.WordUtilsTest.testAbbreviate(WordUtilsTest.java:390)
    at sun.reflect.NativeMethodAccessorImpl.invoke0(Native Method)
    at sun.reflect.NativeMethodAccessorImpl.invoke(NativeMethodAccessorImpl.java:62)
    at sun.reflect.DelegatingMethodAccessorImpl.invoke(DelegatingMethodAccessorImpl.java:43)

09:53:16.285 [pool-2-thread-1] DEBUG fr.inria.lille.repair.nopol.NoPol - looking with class fr.inria.lille.repair.nopol.spoon.smt.ConditionalReplacer
java.lang.StringIndexOutOfBoundsException: String index out of range: 15
    at java.lang.String.substring(String.java:1963)
    at org.apache.commons.lang.WordUtils.abbreviate(WordUtils.java:629)
    at org.apache.commons.lang.WordUtilsTest.testAbbreviate(WordUtilsTest.java:390)
    at sun.reflect.NativeMethodAccessorImpl.invoke0(Native Method)
    at sun.reflect.NativeMethodAccessorImpl.invoke(NativeMethodAccessorImpl.java:62)
    at sun.reflect.DelegatingMethodAccessorImpl.invoke(DelegatingMethodAccessorImpl.java:43)
09:53:16.294 [pool-84-thread-1] INFO  xxl.java.junit.TestCasesListener - Tests run finished (6 ms)
<> Total tests run: 13
<> Ignored tests: 0
<> Failed tests: 1
~ testAbbreviate(org.apache.commons.lang.WordUtilsTest)
[String index out of range: 15]
java.lang.StringIndexOutOfBoundsException: String index out of range: 15    at java.lang.String.substring(String.java:1963)
    at org.apache.commons.lang.WordUtils.abbreviate(WordUtils.java:629)
    at org.apache.commons.lang.WordUtilsTest.testAbbreviate(WordUtilsTest.java:390)
    at sun.reflect.NativeMethodAccessorImpl.invoke0(Native Method)
    at sun.reflect.NativeMethodAccessorImpl.invoke(NativeMethodAccessorImpl.java:62)
    at sun.reflect.DelegatingMethodAccessorImpl.invoke(DelegatingMethodAccessorImpl.java:43)

09:53:16.416 [pool-2-thread-1] DEBUG fr.inria.lille.repair.nopol.NoPol - statement #19
09:53:16.416 [pool-2-thread-1] DEBUG fr.inria.lille.repair.nopol.NoPol - Analysing SourceLocation org.apache.commons.lang.WordUtils:608 which is executed by 1 tests
-1410117720
09:53:16.493 [pool-2-thread-1] DEBUG fr.inria.lille.repair.nopol.NoPol - looking with class fr.inria.lille.repair.nopol.spoon.smt.ConditionalAdder
java.lang.StringIndexOutOfBoundsException: String index out of range: 15
    at java.lang.String.substring(String.java:1963)
    at org.apache.commons.lang.WordUtils.abbreviate(WordUtils.java:629)
    at org.apache.commons.lang.WordUtilsTest.testAbbreviate(WordUtilsTest.java:390)
    at sun.reflect.NativeMethodAccessorImpl.invoke0(Native Method)
    at sun.reflect.NativeMethodAccessorImpl.invoke(NativeMethodAccessorImpl.java:62)
    at sun.reflect.DelegatingMethodAccessorImpl.invoke(DelegatingMethodAccessorImpl.java:43)
09:53:16.503 [pool-88-thread-1] INFO  xxl.java.junit.TestCasesListener - Tests run finished (7 ms)
<> Total tests run: 13
<> Ignored tests: 0
<> Failed tests: 1
~ testAbbreviate(org.apache.commons.lang.WordUtilsTest)
[String index out of range: 15]
java.lang.StringIndexOutOfBoundsException: String index out of range: 15    at java.lang.String.substring(String.java:1963)
    at org.apache.commons.lang.WordUtils.abbreviate(WordUtils.java:629)
    at org.apache.commons.lang.WordUtilsTest.testAbbreviate(WordUtilsTest.java:390)
    at sun.reflect.NativeMethodAccessorImpl.invoke0(Native Method)
    at sun.reflect.NativeMethodAccessorImpl.invoke(NativeMethodAccessorImpl.java:62)
    at sun.reflect.DelegatingMethodAccessorImpl.invoke(DelegatingMethodAccessorImpl.java:43)

09:53:16.624 [pool-2-thread-1] DEBUG fr.inria.lille.repair.nopol.NoPol - statement #20
09:53:16.624 [pool-2-thread-1] DEBUG fr.inria.lille.repair.nopol.NoPol - Analysing SourceLocation org.apache.commons.lang.WordUtils:607 which is executed by 1 tests
-1410117720
09:53:16.701 [pool-2-thread-1] DEBUG fr.inria.lille.repair.nopol.NoPol - looking with class fr.inria.lille.repair.nopol.spoon.smt.ConditionalAdder
java.lang.StringIndexOutOfBoundsException: String index out of range: 15
    at java.lang.String.substring(String.java:1963)
    at org.apache.commons.lang.WordUtils.abbreviate(WordUtils.java:629)
    at org.apache.commons.lang.WordUtilsTest.testAbbreviate(WordUtilsTest.java:390)
    at sun.reflect.NativeMethodAccessorImpl.invoke0(Native Method)
    at sun.reflect.NativeMethodAccessorImpl.invoke(NativeMethodAccessorImpl.java:62)
    at sun.reflect.DelegatingMethodAccessorImpl.invoke(DelegatingMethodAccessorImpl.java:43)
09:53:16.711 [pool-92-thread-1] INFO  xxl.java.junit.TestCasesListener - Tests run finished (7 ms)
<> Total tests run: 13
<> Ignored tests: 0
<> Failed tests: 1
~ testAbbreviate(org.apache.commons.lang.WordUtilsTest)
[String index out of range: 15]
java.lang.StringIndexOutOfBoundsException: String index out of range: 15    at java.lang.String.substring(String.java:1963)
    at org.apache.commons.lang.WordUtils.abbreviate(WordUtils.java:629)
    at org.apache.commons.lang.WordUtilsTest.testAbbreviate(WordUtilsTest.java:390)
    at sun.reflect.NativeMethodAccessorImpl.invoke0(Native Method)
    at sun.reflect.NativeMethodAccessorImpl.invoke(NativeMethodAccessorImpl.java:62)
    at sun.reflect.DelegatingMethodAccessorImpl.invoke(DelegatingMethodAccessorImpl.java:43)

09:53:16.826 [pool-2-thread-1] DEBUG fr.inria.lille.repair.nopol.NoPol - looking with class fr.inria.lille.repair.nopol.spoon.smt.ConditionalReplacer
java.lang.StringIndexOutOfBoundsException: String index out of range: 15
    at java.lang.String.substring(String.java:1963)
    at org.apache.commons.lang.WordUtils.abbreviate(WordUtils.java:629)
    at org.apache.commons.lang.WordUtilsTest.testAbbreviate(WordUtilsTest.java:390)
    at sun.reflect.NativeMethodAccessorImpl.invoke0(Native Method)
    at sun.reflect.NativeMethodAccessorImpl.invoke(NativeMethodAccessorImpl.java:62)
    at sun.reflect.DelegatingMethodAccessorImpl.invoke(DelegatingMethodAccessorImpl.java:43)
09:53:16.836 [pool-96-thread-1] INFO  xxl.java.junit.TestCasesListener - Tests run finished (7 ms)
<> Total tests run: 13
<> Ignored tests: 0
<> Failed tests: 1
~ testAbbreviate(org.apache.commons.lang.WordUtilsTest)
[String index out of range: 15]
java.lang.StringIndexOutOfBoundsException: String index out of range: 15    at java.lang.String.substring(String.java:1963)
    at org.apache.commons.lang.WordUtils.abbreviate(WordUtils.java:629)
    at org.apache.commons.lang.WordUtilsTest.testAbbreviate(WordUtilsTest.java:390)
    at sun.reflect.NativeMethodAccessorImpl.invoke0(Native Method)
    at sun.reflect.NativeMethodAccessorImpl.invoke(NativeMethodAccessorImpl.java:62)
    at sun.reflect.DelegatingMethodAccessorImpl.invoke(DelegatingMethodAccessorImpl.java:43)

09:53:16.949 [pool-2-thread-1] DEBUG fr.inria.lille.repair.nopol.NoPol - statement #21
09:53:16.950 [pool-2-thread-1] DEBUG fr.inria.lille.repair.nopol.NoPol - Analysing SourceLocation org.apache.commons.lang.StringUtils:858 which is executed by 2 tests
148294401
09:53:17.143 [pool-2-thread-1] DEBUG fr.inria.lille.repair.nopol.NoPol - statement #22
09:53:17.143 [pool-2-thread-1] DEBUG fr.inria.lille.repair.nopol.NoPol - Analysing SourceLocation org.apache.commons.lang.StringUtils:855 which is executed by 2 tests
148294401
09:53:17.296 [pool-2-thread-1] DEBUG fr.inria.lille.repair.nopol.NoPol - looking with class fr.inria.lille.repair.nopol.spoon.smt.ConditionalAdder
java.lang.StringIndexOutOfBoundsException: String index out of range: 15
    at java.lang.String.substring(String.java:1963)
    at org.apache.commons.lang.WordUtils.abbreviate(WordUtils.java:629)
    at org.apache.commons.lang.WordUtilsTest.testAbbreviate(WordUtilsTest.java:390)
    at sun.reflect.NativeMethodAccessorImpl.invoke0(Native Method)
    at sun.reflect.NativeMethodAccessorImpl.invoke(NativeMethodAccessorImpl.java:62)
    at sun.reflect.DelegatingMethodAccessorImpl.invoke(DelegatingMethodAccessorImpl.java:43)
09:53:17.306 [pool-100-thread-1] INFO  xxl.java.junit.TestCasesListener - Tests run finished (7 ms)
<> Total tests run: 13
<> Ignored tests: 0
<> Failed tests: 1
~ testAbbreviate(org.apache.commons.lang.WordUtilsTest)
[String index out of range: 15]
java.lang.StringIndexOutOfBoundsException: String index out of range: 15    at java.lang.String.substring(String.java:1963)
    at org.apache.commons.lang.WordUtils.abbreviate(WordUtils.java:629)
    at org.apache.commons.lang.WordUtilsTest.testAbbreviate(WordUtilsTest.java:390)
    at sun.reflect.NativeMethodAccessorImpl.invoke0(Native Method)
    at sun.reflect.NativeMethodAccessorImpl.invoke(NativeMethodAccessorImpl.java:62)
    at sun.reflect.DelegatingMethodAccessorImpl.invoke(DelegatingMethodAccessorImpl.java:43)

09:53:17.704 [pool-2-thread-1] DEBUG fr.inria.lille.repair.nopol.NoPol - looking with class fr.inria.lille.repair.nopol.spoon.smt.ConditionalReplacer
java.lang.StringIndexOutOfBoundsException: String index out of range: 15
    at java.lang.String.substring(String.java:1963)
    at org.apache.commons.lang.WordUtils.abbreviate(WordUtils.java:629)
    at org.apache.commons.lang.WordUtilsTest.testAbbreviate(WordUtilsTest.java:390)
    at sun.reflect.NativeMethodAccessorImpl.invoke0(Native Method)
    at sun.reflect.NativeMethodAccessorImpl.invoke(NativeMethodAccessorImpl.java:62)
    at sun.reflect.DelegatingMethodAccessorImpl.invoke(DelegatingMethodAccessorImpl.java:43)
09:53:17.714 [pool-104-thread-1] INFO  xxl.java.junit.TestCasesListener - Tests run finished (6 ms)
<> Total tests run: 13
<> Ignored tests: 0
<> Failed tests: 1
~ testAbbreviate(org.apache.commons.lang.WordUtilsTest)
[String index out of range: 15]
java.lang.StringIndexOutOfBoundsException: String index out of range: 15    at java.lang.String.substring(String.java:1963)
    at org.apache.commons.lang.WordUtils.abbreviate(WordUtils.java:629)
    at org.apache.commons.lang.WordUtilsTest.testAbbreviate(WordUtilsTest.java:390)
    at sun.reflect.NativeMethodAccessorImpl.invoke0(Native Method)
    at sun.reflect.NativeMethodAccessorImpl.invoke(NativeMethodAccessorImpl.java:62)
    at sun.reflect.DelegatingMethodAccessorImpl.invoke(DelegatingMethodAccessorImpl.java:43)

09:53:18.020 [pool-2-thread-1] DEBUG fr.inria.lille.repair.nopol.NoPol - statement #23
09:53:18.020 [pool-2-thread-1] DEBUG fr.inria.lille.repair.nopol.NoPol - Analysing SourceLocation org.apache.commons.lang.StringUtils:851 which is executed by 2 tests
148294401
09:53:18.205 [pool-2-thread-1] DEBUG fr.inria.lille.repair.nopol.NoPol - looking with class fr.inria.lille.repair.nopol.spoon.smt.ConditionalAdder
java.lang.StringIndexOutOfBoundsException: String index out of range: 15
    at java.lang.String.substring(String.java:1963)
    at org.apache.commons.lang.WordUtils.abbreviate(WordUtils.java:629)
    at org.apache.commons.lang.WordUtilsTest.testAbbreviate(WordUtilsTest.java:390)
    at sun.reflect.NativeMethodAccessorImpl.invoke0(Native Method)
    at sun.reflect.NativeMethodAccessorImpl.invoke(NativeMethodAccessorImpl.java:62)
    at sun.reflect.DelegatingMethodAccessorImpl.invoke(DelegatingMethodAccessorImpl.java:43)
09:53:18.223 [pool-108-thread-1] INFO  xxl.java.junit.TestCasesListener - Tests run finished (13 ms)
<> Total tests run: 13
<> Ignored tests: 0
<> Failed tests: 1
~ testAbbreviate(org.apache.commons.lang.WordUtilsTest)
[String index out of range: 15]
java.lang.StringIndexOutOfBoundsException: String index out of range: 15    at java.lang.String.substring(String.java:1963)
    at org.apache.commons.lang.WordUtils.abbreviate(WordUtils.java:629)
    at org.apache.commons.lang.WordUtilsTest.testAbbreviate(WordUtilsTest.java:390)
    at sun.reflect.NativeMethodAccessorImpl.invoke0(Native Method)
    at sun.reflect.NativeMethodAccessorImpl.invoke(NativeMethodAccessorImpl.java:62)
    at sun.reflect.DelegatingMethodAccessorImpl.invoke(DelegatingMethodAccessorImpl.java:43)

09:53:18.547 [pool-2-thread-1] DEBUG fr.inria.lille.repair.nopol.NoPol - looking with class fr.inria.lille.repair.nopol.spoon.smt.ConditionalReplacer
java.lang.StringIndexOutOfBoundsException: String index out of range: 15
    at java.lang.String.substring(String.java:1963)
    at org.apache.commons.lang.WordUtils.abbreviate(WordUtils.java:629)
    at org.apache.commons.lang.WordUtilsTest.testAbbreviate(WordUtilsTest.java:390)
    at sun.reflect.NativeMethodAccessorImpl.invoke0(Native Method)
    at sun.reflect.NativeMethodAccessorImpl.invoke(NativeMethodAccessorImpl.java:62)
    at sun.reflect.DelegatingMethodAccessorImpl.invoke(DelegatingMethodAccessorImpl.java:43)
09:53:18.557 [pool-112-thread-1] INFO  xxl.java.junit.TestCasesListener - Tests run finished (7 ms)
<> Total tests run: 13
<> Ignored tests: 0
<> Failed tests: 1
~ testAbbreviate(org.apache.commons.lang.WordUtilsTest)
[String index out of range: 15]
java.lang.StringIndexOutOfBoundsException: String index out of range: 15    at java.lang.String.substring(String.java:1963)
    at org.apache.commons.lang.WordUtils.abbreviate(WordUtils.java:629)
    at org.apache.commons.lang.WordUtilsTest.testAbbreviate(WordUtilsTest.java:390)
    at sun.reflect.NativeMethodAccessorImpl.invoke0(Native Method)
    at sun.reflect.NativeMethodAccessorImpl.invoke(NativeMethodAccessorImpl.java:62)
    at sun.reflect.DelegatingMethodAccessorImpl.invoke(DelegatingMethodAccessorImpl.java:43)

09:53:18.839 [pool-2-thread-1] DEBUG fr.inria.lille.repair.nopol.NoPol - statement #24
09:53:18.839 [pool-2-thread-1] DEBUG fr.inria.lille.repair.nopol.NoPol - Analysing SourceLocation org.apache.commons.lang.StringUtils:5279 which is executed by 4 tests
148294401
09:53:19.009 [pool-2-thread-1] INFO  fr.inria.lille.repair.nopol.NoPol - ----INFORMATION----
09:53:19.158 [pool-2-thread-1] INFO  fr.inria.lille.repair.nopol.NoPol - Nb classes : 84
09:53:19.158 [pool-2-thread-1] INFO  fr.inria.lille.repair.nopol.NoPol - Nb methods : 1885
09:53:19.158 [pool-2-thread-1] INFO  fr.inria.lille.repair.nopol.NoPol - Nb Statements Analyzed : 28
09:53:19.158 [pool-2-thread-1] INFO  fr.inria.lille.repair.nopol.NoPol - Nb Statements with Angelic Value Found : 0
09:53:19.158 [pool-2-thread-1] INFO  fr.inria.lille.repair.nopol.NoPol - NoPol Execution time : 31500ms
09:53:19.159 [pool-2-thread-1] INFO  fr.inria.lille.repair.nopol.NoPol - 
NO_ANGELIC_VALUE
Command exited with non-zero status 255
63.39user 2.73system 0:33.02elapsed 200%CPU (0avgtext+0avgdata 764156maxresident)k
59384inputs+5336outputs (8major+381851minor)pagefaults 0swaps


Node: graphene-5.nancy.grid5000.fr



Date: Sat Dec  1 09:53:19 EST 2018

