cd /tmp/Nopol_Bug_dot_jar_Commons-Math_dd6cefb0;
export JAVA_TOOL_OPTIONS="-Dfile.encoding=UTF8 -Duser.language=en-US -Duser.country=US -Duser.language=en";
TZ="America/New_York"; export TZ;
export PATH="/usr/lib/jvm/java-1.8.0-openjdk-amd64/bin/:$PATH";
export JAVA_HOME="/usr/lib/jvm/java-1.8.0-openjdk-amd64/bin/";
time java -Xmx4g -Xms1g -cp /home/tdurieux/defects4j4repair/script/../repair_tools/nopol.jar:/usr/lib/jvm/java-1.8.0-openjdk-amd64/bin//../lib/tools.jar fr.inria.lille.repair.Main \
	--mode repair \
	--type pre_then_cond \
	--oracle angelic \
	--synthesis smt \
	--flocal gzoltar \
	--json \
	--solver z3 \
	--solver-path /home/tdurieux/defects4j4repair/script/../libs/z3/build/z3 \
	--complianceLevel 7 \
	--source src/main/java \
	--classpath "target/classes:target/test-classes:/home/tdurieux/.m2/repository/junit/junit/4.10/junit-4.10.jar:/home/tdurieux/.m2/repository/org/hamcrest/hamcrest-core/1.1/hamcrest-core-1.1.jar:/home/tdurieux/defects4j4repair/script/../repair_tools/nopol.jar";
	echo "\n\nNode: `hostname`\n";
	echo "\n\nDate: `date`\n";
Picked up JAVA_TOOL_OPTIONS: -Dfile.encoding=UTF8 -Duser.language=en-US -Duser.country=US -Duser.language=en
08:56:51.591 [main] INFO  fr.inria.lille.repair.nopol.NoPol - Source files: [src/main/java]
08:56:51.612 [main] INFO  fr.inria.lille.repair.nopol.NoPol - Classpath: [file:/tmp/Nopol_Bug_dot_jar_Commons-Math_dd6cefb0/target/classes/, file:/tmp/Nopol_Bug_dot_jar_Commons-Math_dd6cefb0/target/test-classes/, file:/home/tdurieux/.m2/repository/junit/junit/4.10/junit-4.10.jar, file:/home/tdurieux/.m2/repository/org/hamcrest/hamcrest-core/1.1/hamcrest-core-1.1.jar, file:/home/tdurieux/defects4j4repair/script/../repair_tools/nopol.jar]
08:56:51.612 [main] INFO  fr.inria.lille.repair.nopol.NoPol - Statement type: PRE_THEN_COND
08:56:51.612 [main] INFO  fr.inria.lille.repair.nopol.NoPol - Args: [org.apache.commons.math3.RetryRunnerTest, org.apache.commons.math3.analysis.FunctionUtilsTest, org.apache.commons.math3.analysis.function.GaussianTest, org.apache.commons.math3.analysis.function.HarmonicOscillatorTest, org.apache.commons.math3.analysis.function.LogisticTest, org.apache.commons.math3.analysis.function.LogitTest, org.apache.commons.math3.analysis.function.SigmoidTest, org.apache.commons.math3.analysis.function.SincTest, org.apache.commons.math3.analysis.function.SqrtTest, org.apache.commons.math3.analysis.function.StepFunctionTest, org.apache.commons.math3.analysis.integration.LegendreGaussIntegratorTest, org.apache.commons.math3.analysis.integration.RombergIntegratorTest, org.apache.commons.math3.analysis.integration.SimpsonIntegratorTest, org.apache.commons.math3.analysis.integration.TrapezoidIntegratorTest, org.apache.commons.math3.analysis.interpolation.BicubicSplineInterpolatingFunctionTest, org.apache.commons.math3.analysis.interpolation.BicubicSplineInterpolatorTest, org.apache.commons.math3.analysis.interpolation.DividedDifferenceInterpolatorTest, org.apache.commons.math3.analysis.interpolation.LinearInterpolatorTest, org.apache.commons.math3.analysis.interpolation.LoessInterpolatorTest, org.apache.commons.math3.analysis.interpolation.MicrosphereInterpolatorTest, org.apache.commons.math3.analysis.interpolation.NevilleInterpolatorTest, org.apache.commons.math3.analysis.interpolation.SmoothingPolynomialBicubicSplineInterpolatorTest, org.apache.commons.math3.analysis.interpolation.SplineInterpolatorTest, org.apache.commons.math3.analysis.interpolation.TricubicSplineInterpolatingFunctionTest, org.apache.commons.math3.analysis.interpolation.TricubicSplineInterpolatorTest, org.apache.commons.math3.analysis.interpolation.UnivariatePeriodicInterpolatorTest, org.apache.commons.math3.analysis.polynomials.PolynomialFunctionLagrangeFormTest, org.apache.commons.math3.analysis.polynomials.PolynomialFunctionNewtonFormTest, org.apache.commons.math3.analysis.polynomials.PolynomialFunctionTest, org.apache.commons.math3.analysis.polynomials.PolynomialSplineFunctionTest, org.apache.commons.math3.analysis.polynomials.PolynomialsUtilsTest, org.apache.commons.math3.analysis.solvers.BisectionSolverTest, org.apache.commons.math3.analysis.solvers.BracketingNthOrderBrentSolverTest, org.apache.commons.math3.analysis.solvers.BrentSolverTest, org.apache.commons.math3.analysis.solvers.IllinoisSolverTest, org.apache.commons.math3.analysis.solvers.LaguerreSolverTest, org.apache.commons.math3.analysis.solvers.MullerSolver2Test, org.apache.commons.math3.analysis.solvers.MullerSolverTest, org.apache.commons.math3.analysis.solvers.NewtonSolverTest, org.apache.commons.math3.analysis.solvers.PegasusSolverTest, org.apache.commons.math3.analysis.solvers.RegulaFalsiSolverTest, org.apache.commons.math3.analysis.solvers.RiddersSolverTest, org.apache.commons.math3.analysis.solvers.SecantSolverTest, org.apache.commons.math3.analysis.solvers.UnivariateSolverUtilsTest, org.apache.commons.math3.complex.ComplexFieldTest, org.apache.commons.math3.complex.ComplexFormatTest, org.apache.commons.math3.complex.ComplexTest, org.apache.commons.math3.complex.ComplexUtilsTest, org.apache.commons.math3.complex.FrenchComplexFormatTest, org.apache.commons.math3.complex.RootsOfUnityTest, org.apache.commons.math3.dfp.BracketingNthOrderBrentSolverDFPTest, org.apache.commons.math3.dfp.DfpDecTest, org.apache.commons.math3.dfp.DfpMathTest, org.apache.commons.math3.dfp.DfpTest, org.apache.commons.math3.distribution.AbstractRealDistributionTest, org.apache.commons.math3.distribution.AbtractIntegerDistributionTest, org.apache.commons.math3.distribution.BetaDistributionTest, org.apache.commons.math3.distribution.BinomialDistributionTest, org.apache.commons.math3.distribution.CauchyDistributionTest, org.apache.commons.math3.distribution.ChiSquaredDistributionTest, org.apache.commons.math3.distribution.ExponentialDistributionTest, org.apache.commons.math3.distribution.FDistributionTest, org.apache.commons.math3.distribution.GammaDistributionTest, org.apache.commons.math3.distribution.HypergeometricDistributionTest, org.apache.commons.math3.distribution.KolmogorovSmirnovDistributionTest, org.apache.commons.math3.distribution.LogNormalDistributionTest, org.apache.commons.math3.distribution.NormalDistributionTest, org.apache.commons.math3.distribution.PascalDistributionTest, org.apache.commons.math3.distribution.PoissonDistributionTest, org.apache.commons.math3.distribution.TDistributionTest, org.apache.commons.math3.distribution.TriangularDistributionTest, org.apache.commons.math3.distribution.UniformIntegerDistributionTest, org.apache.commons.math3.distribution.UniformRealDistributionTest, org.apache.commons.math3.distribution.WeibullDistributionTest, org.apache.commons.math3.distribution.ZipfDistributionTest, org.apache.commons.math3.exception.DimensionMismatchExceptionTest, org.apache.commons.math3.exception.MaxCountExceededExceptionTest, org.apache.commons.math3.exception.NonMonotonicSequenceExceptionTest, org.apache.commons.math3.exception.NotPositiveExceptionTest, org.apache.commons.math3.exception.NotStrictlyPositiveExceptionTest, org.apache.commons.math3.exception.NumberIsTooLargeExceptionTest, org.apache.commons.math3.exception.NumberIsTooSmallExceptionTest, org.apache.commons.math3.exception.OutOfRangeExceptionTest, org.apache.commons.math3.exception.TooManyEvaluationsExceptionTest, org.apache.commons.math3.exception.util.ArgUtilsTest, org.apache.commons.math3.exception.util.ExceptionContextTest, org.apache.commons.math3.exception.util.LocalizedFormatsTest, org.apache.commons.math3.filter.KalmanFilterTest, org.apache.commons.math3.fraction.BigFractionFieldTest, org.apache.commons.math3.fraction.BigFractionFormatTest, org.apache.commons.math3.fraction.BigFractionTest, org.apache.commons.math3.fraction.FractionFieldTest, org.apache.commons.math3.fraction.FractionFormatTest, org.apache.commons.math3.fraction.FractionTest, org.apache.commons.math3.genetics.BinaryChromosomeTest, org.apache.commons.math3.genetics.BinaryMutationTest, org.apache.commons.math3.genetics.ChromosomeTest, org.apache.commons.math3.genetics.ElitisticListPopulationTest, org.apache.commons.math3.genetics.FitnessCachingTest, org.apache.commons.math3.genetics.FixedElapsedTimeTest, org.apache.commons.math3.genetics.FixedGenerationCountTest, org.apache.commons.math3.genetics.GeneticAlgorithmTestBinary, org.apache.commons.math3.genetics.GeneticAlgorithmTestPermutations, org.apache.commons.math3.genetics.ListPopulationTest, org.apache.commons.math3.genetics.OnePointCrossoverTest, org.apache.commons.math3.genetics.RandomKeyMutationTest, org.apache.commons.math3.genetics.RandomKeyTest, org.apache.commons.math3.genetics.TournamentSelectionTest, org.apache.commons.math3.geometry.euclidean.oned.IntervalsSetTest, org.apache.commons.math3.geometry.euclidean.threed.FrenchVector3DFormatTest, org.apache.commons.math3.geometry.euclidean.threed.LineTest, org.apache.commons.math3.geometry.euclidean.threed.PlaneTest, org.apache.commons.math3.geometry.euclidean.threed.PolyhedronsSetTest, org.apache.commons.math3.geometry.euclidean.threed.RotationOrderTest, org.apache.commons.math3.geometry.euclidean.threed.RotationTest, org.apache.commons.math3.geometry.euclidean.threed.SubLineTest, org.apache.commons.math3.geometry.euclidean.threed.Vector3DFormatTest, org.apache.commons.math3.geometry.euclidean.threed.Vector3DTest, org.apache.commons.math3.geometry.euclidean.twod.LineTest, org.apache.commons.math3.geometry.euclidean.twod.PolygonsSetTest, org.apache.commons.math3.geometry.euclidean.twod.SubLineTest, org.apache.commons.math3.geometry.partitioning.utilities.AVLTreeTest, org.apache.commons.math3.linear.Array2DRowRealMatrixTest, org.apache.commons.math3.linear.ArrayFieldVectorTest, org.apache.commons.math3.linear.ArrayRealVectorTest, org.apache.commons.math3.linear.BiDiagonalTransformerTest, org.apache.commons.math3.linear.BlockFieldMatrixTest, org.apache.commons.math3.linear.BlockRealMatrixTest, org.apache.commons.math3.linear.CholeskyDecompositionTest, org.apache.commons.math3.linear.CholeskySolverTest, org.apache.commons.math3.linear.ConjugateGradientTest, org.apache.commons.math3.linear.EigenDecompositionTest, org.apache.commons.math3.linear.EigenSolverTest, org.apache.commons.math3.linear.FieldLUDecompositionTest, org.apache.commons.math3.linear.FieldLUSolverTest, org.apache.commons.math3.linear.FieldMatrixImplTest, org.apache.commons.math3.linear.FrenchRealVectorFormatTest, org.apache.commons.math3.linear.HessenbergTransformerTest, org.apache.commons.math3.linear.LUDecompositionTest, org.apache.commons.math3.linear.LUSolverTest, org.apache.commons.math3.linear.MatrixDimensionMismatchExceptionTest, org.apache.commons.math3.linear.MatrixUtilsTest, org.apache.commons.math3.linear.OpenMapRealMatrixTest, org.apache.commons.math3.linear.QRDecompositionTest, org.apache.commons.math3.linear.QRSolverTest, org.apache.commons.math3.linear.RealVectorFormatTest, org.apache.commons.math3.linear.RealVectorTest, org.apache.commons.math3.linear.SchurTransformerTest, org.apache.commons.math3.linear.SingularValueDecompositionTest, org.apache.commons.math3.linear.SingularValueSolverTest, org.apache.commons.math3.linear.SparseFieldMatrixTest, org.apache.commons.math3.linear.SparseFieldVectorTest, org.apache.commons.math3.linear.SparseRealMatrixTest, org.apache.commons.math3.linear.SparseRealVectorTest, org.apache.commons.math3.linear.SymmLQTest, org.apache.commons.math3.linear.TriDiagonalTransformerTest, org.apache.commons.math3.linear.UnmodifiableArrayRealVectorTest, org.apache.commons.math3.linear.UnmodifiableOpenMapRealVectorTest, org.apache.commons.math3.ode.ContinuousOutputModelTest, org.apache.commons.math3.ode.FirstOrderConverterTest, org.apache.commons.math3.ode.JacobianMatricesTest, org.apache.commons.math3.ode.events.EventStateTest, org.apache.commons.math3.ode.events.OverlappingEventsTest, org.apache.commons.math3.ode.events.ReappearingEventTest, org.apache.commons.math3.ode.nonstiff.AdamsBashforthIntegratorTest, org.apache.commons.math3.ode.nonstiff.AdamsMoultonIntegratorTest, org.apache.commons.math3.ode.nonstiff.ClassicalRungeKuttaIntegratorTest, org.apache.commons.math3.ode.nonstiff.ClassicalRungeKuttaStepInterpolatorTest, org.apache.commons.math3.ode.nonstiff.DormandPrince54IntegratorTest, org.apache.commons.math3.ode.nonstiff.DormandPrince54StepInterpolatorTest, org.apache.commons.math3.ode.nonstiff.DormandPrince853IntegratorTest, org.apache.commons.math3.ode.nonstiff.DormandPrince853StepInterpolatorTest, org.apache.commons.math3.ode.nonstiff.EulerIntegratorTest, org.apache.commons.math3.ode.nonstiff.EulerStepInterpolatorTest, org.apache.commons.math3.ode.nonstiff.GillIntegratorTest, org.apache.commons.math3.ode.nonstiff.GillStepInterpolatorTest, org.apache.commons.math3.ode.nonstiff.GraggBulirschStoerIntegratorTest, org.apache.commons.math3.ode.nonstiff.GraggBulirschStoerStepInterpolatorTest, org.apache.commons.math3.ode.nonstiff.HighamHall54IntegratorTest, org.apache.commons.math3.ode.nonstiff.HighamHall54StepInterpolatorTest, org.apache.commons.math3.ode.nonstiff.MidpointIntegratorTest, org.apache.commons.math3.ode.nonstiff.MidpointStepInterpolatorTest, org.apache.commons.math3.ode.nonstiff.ThreeEighthesIntegratorTest, org.apache.commons.math3.ode.nonstiff.ThreeEighthesStepInterpolatorTest, org.apache.commons.math3.ode.sampling.DummyStepInterpolatorTest, org.apache.commons.math3.ode.sampling.NordsieckStepInterpolatorTest, org.apache.commons.math3.ode.sampling.StepNormalizerOutputOverlapTest, org.apache.commons.math3.ode.sampling.StepNormalizerOutputTest, org.apache.commons.math3.ode.sampling.StepNormalizerTest, org.apache.commons.math3.optimization.DifferentiableMultivariateMultiStartOptimizerTest, org.apache.commons.math3.optimization.DifferentiableMultivariateVectorMultiStartOptimizerTest, org.apache.commons.math3.optimization.MultivariateMultiStartOptimizerTest, org.apache.commons.math3.optimization.PointValuePairTest, org.apache.commons.math3.optimization.PointVectorValuePairTest, org.apache.commons.math3.optimization.direct.BOBYQAOptimizerTest, org.apache.commons.math3.optimization.direct.CMAESOptimizerTest, org.apache.commons.math3.optimization.direct.MultivariateFunctionMappingAdapterTest, org.apache.commons.math3.optimization.direct.MultivariateFunctionPenaltyAdapterTest, org.apache.commons.math3.optimization.direct.PowellOptimizerTest, org.apache.commons.math3.optimization.direct.SimplexOptimizerMultiDirectionalTest, org.apache.commons.math3.optimization.direct.SimplexOptimizerNelderMeadTest, org.apache.commons.math3.optimization.fitting.CurveFitterTest, org.apache.commons.math3.optimization.fitting.GaussianFitterTest, org.apache.commons.math3.optimization.fitting.HarmonicFitterTest, org.apache.commons.math3.optimization.fitting.PolynomialFitterTest, org.apache.commons.math3.optimization.general.AbstractLeastSquaresOptimizerTest, org.apache.commons.math3.optimization.general.GaussNewtonOptimizerTest, org.apache.commons.math3.optimization.general.LevenbergMarquardtOptimizerTest, org.apache.commons.math3.optimization.general.MinpackTest, org.apache.commons.math3.optimization.general.NonLinearConjugateGradientOptimizerTest, org.apache.commons.math3.optimization.linear.SimplexSolverTest, org.apache.commons.math3.optimization.linear.SimplexTableauTest, org.apache.commons.math3.optimization.univariate.BracketFinderTest, org.apache.commons.math3.optimization.univariate.BrentOptimizerTest, org.apache.commons.math3.optimization.univariate.UnivariateMultiStartOptimizerTest, org.apache.commons.math3.random.AbstractRandomGeneratorTest, org.apache.commons.math3.random.BitsStreamGeneratorTest, org.apache.commons.math3.random.CorrelatedRandomVectorGeneratorTest, org.apache.commons.math3.random.EmpiricalDistributionTest, org.apache.commons.math3.random.GaussianRandomGeneratorTest, org.apache.commons.math3.random.ISAACTest, org.apache.commons.math3.random.MersenneTwisterTest, org.apache.commons.math3.random.RandomAdaptorTest, org.apache.commons.math3.random.RandomDataTest, org.apache.commons.math3.random.RandomGeneratorAbstractTest, org.apache.commons.math3.random.StableRandomGeneratorTest, org.apache.commons.math3.random.UncorrelatedRandomVectorGeneratorTest, org.apache.commons.math3.random.UniformRandomGeneratorTest, org.apache.commons.math3.random.ValueServerTest, org.apache.commons.math3.random.Well1024aTest, org.apache.commons.math3.random.Well19937aTest, org.apache.commons.math3.random.Well19937cTest, org.apache.commons.math3.random.Well44497aTest, org.apache.commons.math3.random.Well44497bTest, org.apache.commons.math3.random.Well512aTest, org.apache.commons.math3.special.BetaTest, org.apache.commons.math3.special.ErfTest, org.apache.commons.math3.special.GammaTest, org.apache.commons.math3.stat.CertifiedDataTest, org.apache.commons.math3.stat.FrequencyTest, org.apache.commons.math3.stat.StatUtilsTest, org.apache.commons.math3.stat.clustering.EuclideanIntegerPointTest, org.apache.commons.math3.stat.clustering.KMeansPlusPlusClustererTest, org.apache.commons.math3.stat.correlation.CovarianceTest, org.apache.commons.math3.stat.correlation.PearsonsCorrelationTest, org.apache.commons.math3.stat.correlation.SpearmansRankCorrelationTest, org.apache.commons.math3.stat.correlation.StorelessCovarianceTest, org.apache.commons.math3.stat.data.LewTest, org.apache.commons.math3.stat.data.LotteryTest, org.apache.commons.math3.stat.descriptive.AbstractUnivariateStatisticTest, org.apache.commons.math3.stat.descriptive.AggregateSummaryStatisticsTest, org.apache.commons.math3.stat.descriptive.DescriptiveStatisticsTest, org.apache.commons.math3.stat.descriptive.ListUnivariateImplTest, org.apache.commons.math3.stat.descriptive.MixedListUnivariateImplTest, org.apache.commons.math3.stat.descriptive.MultivariateSummaryStatisticsTest, org.apache.commons.math3.stat.descriptive.StatisticalSummaryValuesTest, org.apache.commons.math3.stat.descriptive.SummaryStatisticsTest, org.apache.commons.math3.stat.descriptive.SynchronizedDescriptiveStatisticsTest, org.apache.commons.math3.stat.descriptive.SynchronizedMultivariateSummaryStatisticsTest, org.apache.commons.math3.stat.descriptive.SynchronizedSummaryStatisticsTest, org.apache.commons.math3.stat.descriptive.moment.FirstMomentTest, org.apache.commons.math3.stat.descriptive.moment.FourthMomentTest, org.apache.commons.math3.stat.descriptive.moment.GeometricMeanTest, org.apache.commons.math3.stat.descriptive.moment.InteractionTest, org.apache.commons.math3.stat.descriptive.moment.KurtosisTest, org.apache.commons.math3.stat.descriptive.moment.MeanTest, org.apache.commons.math3.stat.descriptive.moment.SecondMomentTest, org.apache.commons.math3.stat.descriptive.moment.SemiVarianceTest, org.apache.commons.math3.stat.descriptive.moment.SkewnessTest, org.apache.commons.math3.stat.descriptive.moment.StandardDeviationTest, org.apache.commons.math3.stat.descriptive.moment.ThirdMomentTest, org.apache.commons.math3.stat.descriptive.moment.VarianceTest, org.apache.commons.math3.stat.descriptive.moment.VectorialCovarianceTest, org.apache.commons.math3.stat.descriptive.moment.VectorialMeanTest, org.apache.commons.math3.stat.descriptive.rank.MaxTest, org.apache.commons.math3.stat.descriptive.rank.MedianTest, org.apache.commons.math3.stat.descriptive.rank.MinTest, org.apache.commons.math3.stat.descriptive.rank.PercentileTest, org.apache.commons.math3.stat.descriptive.summary.ProductTest, org.apache.commons.math3.stat.descriptive.summary.SumLogTest, org.apache.commons.math3.stat.descriptive.summary.SumSqTest, org.apache.commons.math3.stat.descriptive.summary.SumTest, org.apache.commons.math3.stat.inference.ChiSquareTestTest, org.apache.commons.math3.stat.inference.MannWhitneyUTestTest, org.apache.commons.math3.stat.inference.OneWayAnovaTest, org.apache.commons.math3.stat.inference.TTestTest, org.apache.commons.math3.stat.inference.TestUtilsTest, org.apache.commons.math3.stat.inference.WilcoxonSignedRankTestTest, org.apache.commons.math3.stat.ranking.NaturalRankingTest, org.apache.commons.math3.stat.regression.GLSMultipleLinearRegressionTest, org.apache.commons.math3.stat.regression.MillerUpdatingRegressionTest, org.apache.commons.math3.stat.regression.OLSMultipleLinearRegressionTest, org.apache.commons.math3.stat.regression.SimpleRegressionTest, org.apache.commons.math3.transform.FastCosineTransformerTest, org.apache.commons.math3.transform.FastFourierTransformerTest, org.apache.commons.math3.transform.FastHadamardTransformerTest, org.apache.commons.math3.transform.FastSineTransformerTest, org.apache.commons.math3.util.ArithmeticUtilsTest, org.apache.commons.math3.util.BigRealFieldTest, org.apache.commons.math3.util.BigRealTest, org.apache.commons.math3.util.ContinuedFractionTest, org.apache.commons.math3.util.Decimal64Test, org.apache.commons.math3.util.DefaultTransformerTest, org.apache.commons.math3.util.FastMathStrictComparisonTest, org.apache.commons.math3.util.FastMathTest, org.apache.commons.math3.util.FastMathTestPerformance, org.apache.commons.math3.util.IncrementorTest, org.apache.commons.math3.util.MathArraysTest, org.apache.commons.math3.util.MathUtilsTest, org.apache.commons.math3.util.MultidimensionalCounterTest, org.apache.commons.math3.util.OpenIntToDoubleHashMapTest, org.apache.commons.math3.util.OpenIntToFieldTest, org.apache.commons.math3.util.PairTest, org.apache.commons.math3.util.PrecisionTest, org.apache.commons.math3.util.ResizableDoubleArrayTest, org.apache.commons.math3.util.TransformerMapTest]
08:56:51.615 [main] INFO  fr.inria.lille.repair.nopol.NoPol - Config: Config{synthesisDepth=3, collectStaticMethods=true, collectStaticFields=false, collectLiterals=false, onlyOneSynthesisResult=true, sortExpressions=true, maxLineInvocationPerTest=250, timeoutMethodInvocation=2000, dataCollectionTimeoutInSecondForSynthesis=900, addWeight=0.19478, subWeight=0.04554, mulWeight=0.0102, divWeight=0.00613, andWeight=0.10597, orWeight=0.05708, eqWeight=0.22798, nEqWeight=0.0, lessEqWeight=0.0255, lessWeight=0.0947, methodCallWeight=0.1, fieldAccessWeight=0.08099, constantWeight=0.14232, variableWeight=0.05195, mode=REPAIR, type=PRE_THEN_COND, synthesis=SMT, oracle=ANGELIC, solver=Z3, solverPath='/home/tdurieux/defects4j4repair/script/../libs/z3/build/z3', projectSources=[src/main/java], projectClasspath='[Ljava.net.URL;@66d33a', projectTests=[org.apache.commons.math3.RetryRunnerTest, org.apache.commons.math3.analysis.FunctionUtilsTest, org.apache.commons.math3.analysis.function.GaussianTest, org.apache.commons.math3.analysis.function.HarmonicOscillatorTest, org.apache.commons.math3.analysis.function.LogisticTest, org.apache.commons.math3.analysis.function.LogitTest, org.apache.commons.math3.analysis.function.SigmoidTest, org.apache.commons.math3.analysis.function.SincTest, org.apache.commons.math3.analysis.function.SqrtTest, org.apache.commons.math3.analysis.function.StepFunctionTest, org.apache.commons.math3.analysis.integration.LegendreGaussIntegratorTest, org.apache.commons.math3.analysis.integration.RombergIntegratorTest, org.apache.commons.math3.analysis.integration.SimpsonIntegratorTest, org.apache.commons.math3.analysis.integration.TrapezoidIntegratorTest, org.apache.commons.math3.analysis.interpolation.BicubicSplineInterpolatingFunctionTest, org.apache.commons.math3.analysis.interpolation.BicubicSplineInterpolatorTest, org.apache.commons.math3.analysis.interpolation.DividedDifferenceInterpolatorTest, org.apache.commons.math3.analysis.interpolation.LinearInterpolatorTest, org.apache.commons.math3.analysis.interpolation.LoessInterpolatorTest, org.apache.commons.math3.analysis.interpolation.MicrosphereInterpolatorTest, org.apache.commons.math3.analysis.interpolation.NevilleInterpolatorTest, org.apache.commons.math3.analysis.interpolation.SmoothingPolynomialBicubicSplineInterpolatorTest, org.apache.commons.math3.analysis.interpolation.SplineInterpolatorTest, org.apache.commons.math3.analysis.interpolation.TricubicSplineInterpolatingFunctionTest, org.apache.commons.math3.analysis.interpolation.TricubicSplineInterpolatorTest, org.apache.commons.math3.analysis.interpolation.UnivariatePeriodicInterpolatorTest, org.apache.commons.math3.analysis.polynomials.PolynomialFunctionLagrangeFormTest, org.apache.commons.math3.analysis.polynomials.PolynomialFunctionNewtonFormTest, org.apache.commons.math3.analysis.polynomials.PolynomialFunctionTest, org.apache.commons.math3.analysis.polynomials.PolynomialSplineFunctionTest, org.apache.commons.math3.analysis.polynomials.PolynomialsUtilsTest, org.apache.commons.math3.analysis.solvers.BisectionSolverTest, org.apache.commons.math3.analysis.solvers.BracketingNthOrderBrentSolverTest, org.apache.commons.math3.analysis.solvers.BrentSolverTest, org.apache.commons.math3.analysis.solvers.IllinoisSolverTest, org.apache.commons.math3.analysis.solvers.LaguerreSolverTest, org.apache.commons.math3.analysis.solvers.MullerSolver2Test, org.apache.commons.math3.analysis.solvers.MullerSolverTest, org.apache.commons.math3.analysis.solvers.NewtonSolverTest, org.apache.commons.math3.analysis.solvers.PegasusSolverTest, org.apache.commons.math3.analysis.solvers.RegulaFalsiSolverTest, org.apache.commons.math3.analysis.solvers.RiddersSolverTest, org.apache.commons.math3.analysis.solvers.SecantSolverTest, org.apache.commons.math3.analysis.solvers.UnivariateSolverUtilsTest, org.apache.commons.math3.complex.ComplexFieldTest, org.apache.commons.math3.complex.ComplexFormatTest, org.apache.commons.math3.complex.ComplexTest, org.apache.commons.math3.complex.ComplexUtilsTest, org.apache.commons.math3.complex.FrenchComplexFormatTest, org.apache.commons.math3.complex.RootsOfUnityTest, org.apache.commons.math3.dfp.BracketingNthOrderBrentSolverDFPTest, org.apache.commons.math3.dfp.DfpDecTest, org.apache.commons.math3.dfp.DfpMathTest, org.apache.commons.math3.dfp.DfpTest, org.apache.commons.math3.distribution.AbstractRealDistributionTest, org.apache.commons.math3.distribution.AbtractIntegerDistributionTest, org.apache.commons.math3.distribution.BetaDistributionTest, org.apache.commons.math3.distribution.BinomialDistributionTest, org.apache.commons.math3.distribution.CauchyDistributionTest, org.apache.commons.math3.distribution.ChiSquaredDistributionTest, org.apache.commons.math3.distribution.ExponentialDistributionTest, org.apache.commons.math3.distribution.FDistributionTest, org.apache.commons.math3.distribution.GammaDistributionTest, org.apache.commons.math3.distribution.HypergeometricDistributionTest, org.apache.commons.math3.distribution.KolmogorovSmirnovDistributionTest, org.apache.commons.math3.distribution.LogNormalDistributionTest, org.apache.commons.math3.distribution.NormalDistributionTest, org.apache.commons.math3.distribution.PascalDistributionTest, org.apache.commons.math3.distribution.PoissonDistributionTest, org.apache.commons.math3.distribution.TDistributionTest, org.apache.commons.math3.distribution.TriangularDistributionTest, org.apache.commons.math3.distribution.UniformIntegerDistributionTest, org.apache.commons.math3.distribution.UniformRealDistributionTest, org.apache.commons.math3.distribution.WeibullDistributionTest, org.apache.commons.math3.distribution.ZipfDistributionTest, org.apache.commons.math3.exception.DimensionMismatchExceptionTest, org.apache.commons.math3.exception.MaxCountExceededExceptionTest, org.apache.commons.math3.exception.NonMonotonicSequenceExceptionTest, org.apache.commons.math3.exception.NotPositiveExceptionTest, org.apache.commons.math3.exception.NotStrictlyPositiveExceptionTest, org.apache.commons.math3.exception.NumberIsTooLargeExceptionTest, org.apache.commons.math3.exception.NumberIsTooSmallExceptionTest, org.apache.commons.math3.exception.OutOfRangeExceptionTest, org.apache.commons.math3.exception.TooManyEvaluationsExceptionTest, org.apache.commons.math3.exception.util.ArgUtilsTest, org.apache.commons.math3.exception.util.ExceptionContextTest, org.apache.commons.math3.exception.util.LocalizedFormatsTest, org.apache.commons.math3.filter.KalmanFilterTest, org.apache.commons.math3.fraction.BigFractionFieldTest, org.apache.commons.math3.fraction.BigFractionFormatTest, org.apache.commons.math3.fraction.BigFractionTest, org.apache.commons.math3.fraction.FractionFieldTest, org.apache.commons.math3.fraction.FractionFormatTest, org.apache.commons.math3.fraction.FractionTest, org.apache.commons.math3.genetics.BinaryChromosomeTest, org.apache.commons.math3.genetics.BinaryMutationTest, org.apache.commons.math3.genetics.ChromosomeTest, org.apache.commons.math3.genetics.ElitisticListPopulationTest, org.apache.commons.math3.genetics.FitnessCachingTest, org.apache.commons.math3.genetics.FixedElapsedTimeTest, org.apache.commons.math3.genetics.FixedGenerationCountTest, org.apache.commons.math3.genetics.GeneticAlgorithmTestBinary, org.apache.commons.math3.genetics.GeneticAlgorithmTestPermutations, org.apache.commons.math3.genetics.ListPopulationTest, org.apache.commons.math3.genetics.OnePointCrossoverTest, org.apache.commons.math3.genetics.RandomKeyMutationTest, org.apache.commons.math3.genetics.RandomKeyTest, org.apache.commons.math3.genetics.TournamentSelectionTest, org.apache.commons.math3.geometry.euclidean.oned.IntervalsSetTest, org.apache.commons.math3.geometry.euclidean.threed.FrenchVector3DFormatTest, org.apache.commons.math3.geometry.euclidean.threed.LineTest, org.apache.commons.math3.geometry.euclidean.threed.PlaneTest, org.apache.commons.math3.geometry.euclidean.threed.PolyhedronsSetTest, org.apache.commons.math3.geometry.euclidean.threed.RotationOrderTest, org.apache.commons.math3.geometry.euclidean.threed.RotationTest, org.apache.commons.math3.geometry.euclidean.threed.SubLineTest, org.apache.commons.math3.geometry.euclidean.threed.Vector3DFormatTest, org.apache.commons.math3.geometry.euclidean.threed.Vector3DTest, org.apache.commons.math3.geometry.euclidean.twod.LineTest, org.apache.commons.math3.geometry.euclidean.twod.PolygonsSetTest, org.apache.commons.math3.geometry.euclidean.twod.SubLineTest, org.apache.commons.math3.geometry.partitioning.utilities.AVLTreeTest, org.apache.commons.math3.linear.Array2DRowRealMatrixTest, org.apache.commons.math3.linear.ArrayFieldVectorTest, org.apache.commons.math3.linear.ArrayRealVectorTest, org.apache.commons.math3.linear.BiDiagonalTransformerTest, org.apache.commons.math3.linear.BlockFieldMatrixTest, org.apache.commons.math3.linear.BlockRealMatrixTest, org.apache.commons.math3.linear.CholeskyDecompositionTest, org.apache.commons.math3.linear.CholeskySolverTest, org.apache.commons.math3.linear.ConjugateGradientTest, org.apache.commons.math3.linear.EigenDecompositionTest, org.apache.commons.math3.linear.EigenSolverTest, org.apache.commons.math3.linear.FieldLUDecompositionTest, org.apache.commons.math3.linear.FieldLUSolverTest, org.apache.commons.math3.linear.FieldMatrixImplTest, org.apache.commons.math3.linear.FrenchRealVectorFormatTest, org.apache.commons.math3.linear.HessenbergTransformerTest, org.apache.commons.math3.linear.LUDecompositionTest, org.apache.commons.math3.linear.LUSolverTest, org.apache.commons.math3.linear.MatrixDimensionMismatchExceptionTest, org.apache.commons.math3.linear.MatrixUtilsTest, org.apache.commons.math3.linear.OpenMapRealMatrixTest, org.apache.commons.math3.linear.QRDecompositionTest, org.apache.commons.math3.linear.QRSolverTest, org.apache.commons.math3.linear.RealVectorFormatTest, org.apache.commons.math3.linear.RealVectorTest, org.apache.commons.math3.linear.SchurTransformerTest, org.apache.commons.math3.linear.SingularValueDecompositionTest, org.apache.commons.math3.linear.SingularValueSolverTest, org.apache.commons.math3.linear.SparseFieldMatrixTest, org.apache.commons.math3.linear.SparseFieldVectorTest, org.apache.commons.math3.linear.SparseRealMatrixTest, org.apache.commons.math3.linear.SparseRealVectorTest, org.apache.commons.math3.linear.SymmLQTest, org.apache.commons.math3.linear.TriDiagonalTransformerTest, org.apache.commons.math3.linear.UnmodifiableArrayRealVectorTest, org.apache.commons.math3.linear.UnmodifiableOpenMapRealVectorTest, org.apache.commons.math3.ode.ContinuousOutputModelTest, org.apache.commons.math3.ode.FirstOrderConverterTest, org.apache.commons.math3.ode.JacobianMatricesTest, org.apache.commons.math3.ode.events.EventStateTest, org.apache.commons.math3.ode.events.OverlappingEventsTest, org.apache.commons.math3.ode.events.ReappearingEventTest, org.apache.commons.math3.ode.nonstiff.AdamsBashforthIntegratorTest, org.apache.commons.math3.ode.nonstiff.AdamsMoultonIntegratorTest, org.apache.commons.math3.ode.nonstiff.ClassicalRungeKuttaIntegratorTest, org.apache.commons.math3.ode.nonstiff.ClassicalRungeKuttaStepInterpolatorTest, org.apache.commons.math3.ode.nonstiff.DormandPrince54IntegratorTest, org.apache.commons.math3.ode.nonstiff.DormandPrince54StepInterpolatorTest, org.apache.commons.math3.ode.nonstiff.DormandPrince853IntegratorTest, org.apache.commons.math3.ode.nonstiff.DormandPrince853StepInterpolatorTest, org.apache.commons.math3.ode.nonstiff.EulerIntegratorTest, org.apache.commons.math3.ode.nonstiff.EulerStepInterpolatorTest, org.apache.commons.math3.ode.nonstiff.GillIntegratorTest, org.apache.commons.math3.ode.nonstiff.GillStepInterpolatorTest, org.apache.commons.math3.ode.nonstiff.GraggBulirschStoerIntegratorTest, org.apache.commons.math3.ode.nonstiff.GraggBulirschStoerStepInterpolatorTest, org.apache.commons.math3.ode.nonstiff.HighamHall54IntegratorTest, org.apache.commons.math3.ode.nonstiff.HighamHall54StepInterpolatorTest, org.apache.commons.math3.ode.nonstiff.MidpointIntegratorTest, org.apache.commons.math3.ode.nonstiff.MidpointStepInterpolatorTest, org.apache.commons.math3.ode.nonstiff.ThreeEighthesIntegratorTest, org.apache.commons.math3.ode.nonstiff.ThreeEighthesStepInterpolatorTest, org.apache.commons.math3.ode.sampling.DummyStepInterpolatorTest, org.apache.commons.math3.ode.sampling.NordsieckStepInterpolatorTest, org.apache.commons.math3.ode.sampling.StepNormalizerOutputOverlapTest, org.apache.commons.math3.ode.sampling.StepNormalizerOutputTest, org.apache.commons.math3.ode.sampling.StepNormalizerTest, org.apache.commons.math3.optimization.DifferentiableMultivariateMultiStartOptimizerTest, org.apache.commons.math3.optimization.DifferentiableMultivariateVectorMultiStartOptimizerTest, org.apache.commons.math3.optimization.MultivariateMultiStartOptimizerTest, org.apache.commons.math3.optimization.PointValuePairTest, org.apache.commons.math3.optimization.PointVectorValuePairTest, org.apache.commons.math3.optimization.direct.BOBYQAOptimizerTest, org.apache.commons.math3.optimization.direct.CMAESOptimizerTest, org.apache.commons.math3.optimization.direct.MultivariateFunctionMappingAdapterTest, org.apache.commons.math3.optimization.direct.MultivariateFunctionPenaltyAdapterTest, org.apache.commons.math3.optimization.direct.PowellOptimizerTest, org.apache.commons.math3.optimization.direct.SimplexOptimizerMultiDirectionalTest, org.apache.commons.math3.optimization.direct.SimplexOptimizerNelderMeadTest, org.apache.commons.math3.optimization.fitting.CurveFitterTest, org.apache.commons.math3.optimization.fitting.GaussianFitterTest, org.apache.commons.math3.optimization.fitting.HarmonicFitterTest, org.apache.commons.math3.optimization.fitting.PolynomialFitterTest, org.apache.commons.math3.optimization.general.AbstractLeastSquaresOptimizerTest, org.apache.commons.math3.optimization.general.GaussNewtonOptimizerTest, org.apache.commons.math3.optimization.general.LevenbergMarquardtOptimizerTest, org.apache.commons.math3.optimization.general.MinpackTest, org.apache.commons.math3.optimization.general.NonLinearConjugateGradientOptimizerTest, org.apache.commons.math3.optimization.linear.SimplexSolverTest, org.apache.commons.math3.optimization.linear.SimplexTableauTest, org.apache.commons.math3.optimization.univariate.BracketFinderTest, org.apache.commons.math3.optimization.univariate.BrentOptimizerTest, org.apache.commons.math3.optimization.univariate.UnivariateMultiStartOptimizerTest, org.apache.commons.math3.random.AbstractRandomGeneratorTest, org.apache.commons.math3.random.BitsStreamGeneratorTest, org.apache.commons.math3.random.CorrelatedRandomVectorGeneratorTest, org.apache.commons.math3.random.EmpiricalDistributionTest, org.apache.commons.math3.random.GaussianRandomGeneratorTest, org.apache.commons.math3.random.ISAACTest, org.apache.commons.math3.random.MersenneTwisterTest, org.apache.commons.math3.random.RandomAdaptorTest, org.apache.commons.math3.random.RandomDataTest, org.apache.commons.math3.random.RandomGeneratorAbstractTest, org.apache.commons.math3.random.StableRandomGeneratorTest, org.apache.commons.math3.random.UncorrelatedRandomVectorGeneratorTest, org.apache.commons.math3.random.UniformRandomGeneratorTest, org.apache.commons.math3.random.ValueServerTest, org.apache.commons.math3.random.Well1024aTest, org.apache.commons.math3.random.Well19937aTest, org.apache.commons.math3.random.Well19937cTest, org.apache.commons.math3.random.Well44497aTest, org.apache.commons.math3.random.Well44497bTest, org.apache.commons.math3.random.Well512aTest, org.apache.commons.math3.special.BetaTest, org.apache.commons.math3.special.ErfTest, org.apache.commons.math3.special.GammaTest, org.apache.commons.math3.stat.CertifiedDataTest, org.apache.commons.math3.stat.FrequencyTest, org.apache.commons.math3.stat.StatUtilsTest, org.apache.commons.math3.stat.clustering.EuclideanIntegerPointTest, org.apache.commons.math3.stat.clustering.KMeansPlusPlusClustererTest, org.apache.commons.math3.stat.correlation.CovarianceTest, org.apache.commons.math3.stat.correlation.PearsonsCorrelationTest, org.apache.commons.math3.stat.correlation.SpearmansRankCorrelationTest, org.apache.commons.math3.stat.correlation.StorelessCovarianceTest, org.apache.commons.math3.stat.data.LewTest, org.apache.commons.math3.stat.data.LotteryTest, org.apache.commons.math3.stat.descriptive.AbstractUnivariateStatisticTest, org.apache.commons.math3.stat.descriptive.AggregateSummaryStatisticsTest, org.apache.commons.math3.stat.descriptive.DescriptiveStatisticsTest, org.apache.commons.math3.stat.descriptive.ListUnivariateImplTest, org.apache.commons.math3.stat.descriptive.MixedListUnivariateImplTest, org.apache.commons.math3.stat.descriptive.MultivariateSummaryStatisticsTest, org.apache.commons.math3.stat.descriptive.StatisticalSummaryValuesTest, org.apache.commons.math3.stat.descriptive.SummaryStatisticsTest, org.apache.commons.math3.stat.descriptive.SynchronizedDescriptiveStatisticsTest, org.apache.commons.math3.stat.descriptive.SynchronizedMultivariateSummaryStatisticsTest, org.apache.commons.math3.stat.descriptive.SynchronizedSummaryStatisticsTest, org.apache.commons.math3.stat.descriptive.moment.FirstMomentTest, org.apache.commons.math3.stat.descriptive.moment.FourthMomentTest, org.apache.commons.math3.stat.descriptive.moment.GeometricMeanTest, org.apache.commons.math3.stat.descriptive.moment.InteractionTest, org.apache.commons.math3.stat.descriptive.moment.KurtosisTest, org.apache.commons.math3.stat.descriptive.moment.MeanTest, org.apache.commons.math3.stat.descriptive.moment.SecondMomentTest, org.apache.commons.math3.stat.descriptive.moment.SemiVarianceTest, org.apache.commons.math3.stat.descriptive.moment.SkewnessTest, org.apache.commons.math3.stat.descriptive.moment.StandardDeviationTest, org.apache.commons.math3.stat.descriptive.moment.ThirdMomentTest, org.apache.commons.math3.stat.descriptive.moment.VarianceTest, org.apache.commons.math3.stat.descriptive.moment.VectorialCovarianceTest, org.apache.commons.math3.stat.descriptive.moment.VectorialMeanTest, org.apache.commons.math3.stat.descriptive.rank.MaxTest, org.apache.commons.math3.stat.descriptive.rank.MedianTest, org.apache.commons.math3.stat.descriptive.rank.MinTest, org.apache.commons.math3.stat.descriptive.rank.PercentileTest, org.apache.commons.math3.stat.descriptive.summary.ProductTest, org.apache.commons.math3.stat.descriptive.summary.SumLogTest, org.apache.commons.math3.stat.descriptive.summary.SumSqTest, org.apache.commons.math3.stat.descriptive.summary.SumTest, org.apache.commons.math3.stat.inference.ChiSquareTestTest, org.apache.commons.math3.stat.inference.MannWhitneyUTestTest, org.apache.commons.math3.stat.inference.OneWayAnovaTest, org.apache.commons.math3.stat.inference.TTestTest, org.apache.commons.math3.stat.inference.TestUtilsTest, org.apache.commons.math3.stat.inference.WilcoxonSignedRankTestTest, org.apache.commons.math3.stat.ranking.NaturalRankingTest, org.apache.commons.math3.stat.regression.GLSMultipleLinearRegressionTest, org.apache.commons.math3.stat.regression.MillerUpdatingRegressionTest, org.apache.commons.math3.stat.regression.OLSMultipleLinearRegressionTest, org.apache.commons.math3.stat.regression.SimpleRegressionTest, org.apache.commons.math3.transform.FastCosineTransformerTest, org.apache.commons.math3.transform.FastFourierTransformerTest, org.apache.commons.math3.transform.FastHadamardTransformerTest, org.apache.commons.math3.transform.FastSineTransformerTest, org.apache.commons.math3.util.ArithmeticUtilsTest, org.apache.commons.math3.util.BigRealFieldTest, org.apache.commons.math3.util.BigRealTest, org.apache.commons.math3.util.ContinuedFractionTest, org.apache.commons.math3.util.Decimal64Test, org.apache.commons.math3.util.DefaultTransformerTest, org.apache.commons.math3.util.FastMathStrictComparisonTest, org.apache.commons.math3.util.FastMathTest, org.apache.commons.math3.util.FastMathTestPerformance, org.apache.commons.math3.util.IncrementorTest, org.apache.commons.math3.util.MathArraysTest, org.apache.commons.math3.util.MathUtilsTest, org.apache.commons.math3.util.MultidimensionalCounterTest, org.apache.commons.math3.util.OpenIntToDoubleHashMapTest, org.apache.commons.math3.util.OpenIntToFieldTest, org.apache.commons.math3.util.PairTest, org.apache.commons.math3.util.PrecisionTest, org.apache.commons.math3.util.ResizableDoubleArrayTest, org.apache.commons.math3.util.TransformerMapTest], complianceLevel=7, outputFolder=., json=true}
08:56:51.615 [main] INFO  fr.inria.lille.repair.nopol.NoPol - Available processors (cores): 4
08:56:51.621 [main] INFO  fr.inria.lille.repair.nopol.NoPol - Free memory: 920 MB
08:56:51.622 [main] INFO  fr.inria.lille.repair.nopol.NoPol - Maximum memory: 3 GB
08:56:51.622 [main] INFO  fr.inria.lille.repair.nopol.NoPol - Total memory available to JVM: 981 MB
08:56:51.622 [main] INFO  fr.inria.lille.repair.nopol.NoPol - Java version: 1.8.0_181
08:56:51.623 [main] INFO  fr.inria.lille.repair.nopol.NoPol - JAVA_HOME: /usr/lib/jvm/java-1.8.0-openjdk-amd64/bin/
08:56:51.623 [main] INFO  fr.inria.lille.repair.nopol.NoPol - PATH: /usr/lib/jvm/java-1.8.0-openjdk-amd64/bin/:/usr/lib/oar/oardodo:/usr/lib/oar/oardodo:/usr/local/bin:/usr/bin:/bin:/usr/games
09:05:03.652 [pool-2-thread-1] DEBUG fr.inria.lille.repair.nopol.NoPol - statement #1
09:05:03.653 [pool-2-thread-1] DEBUG fr.inria.lille.repair.nopol.NoPol - Analysing SourceLocation org.apache.commons.math3.optimization.direct.BOBYQAOptimizer:1164 which is executed by 4 tests
283261218
09:05:04.068 [pool-2-thread-1] DEBUG fr.inria.lille.repair.nopol.NoPol - looking with class fr.inria.lille.repair.nopol.spoon.smt.ConditionalAdder
java.lang.AssertionError: expected:<0.0> but was:<1.047765607609108E-8>
    at org.junit.Assert.fail(Assert.java:88)
    at org.junit.Assert.failNotEquals(Assert.java:743)
    at org.junit.Assert.assertEquals(Assert.java:494)
    at org.apache.commons.math3.optimization.direct.BOBYQAOptimizerTest.doTest(BOBYQAOptimizerTest.java:326)
    at org.apache.commons.math3.optimization.direct.BOBYQAOptimizerTest.doTest(BOBYQAOptimizerTest.java:276)
    at org.apache.commons.math3.optimization.direct.BOBYQAOptimizerTest.testAckley(BOBYQAOptimizerTest.java:205)
org.apache.commons.math3.exception.TooManyEvaluationsException: illegal state: maximal count (12,000) exceeded: evaluations
    at org.apache.commons.math3.optimization.direct.BaseAbstractMultivariateOptimizer.computeObjectiveValue(BaseAbstractMultivariateOptimizer.java:96)
    at org.apache.commons.math3.optimization.direct.BOBYQAOptimizer.bobyqb(BOBYQAOptimizer.java:827)
    at org.apache.commons.math3.optimization.direct.BOBYQAOptimizer.bobyqa(BOBYQAOptimizer.java:333)
    at org.apache.commons.math3.optimization.direct.BOBYQAOptimizer.doOptimize(BOBYQAOptimizer.java:245)
    at org.apache.commons.math3.optimization.direct.BaseAbstractMultivariateOptimizer.optimize(BaseAbstractMultivariateOptimizer.java:125)
    at org.apache.commons.math3.optimization.direct.BaseAbstractMultivariateSimpleBoundsOptimizer.optimize(BaseAbstractMultivariateSimpleBoundsOptimizer.java:138)
java.lang.AssertionError: expected:<0.0> but was:<1.047765607609108E-8>
    at org.junit.Assert.fail(Assert.java:88)
    at org.junit.Assert.failNotEquals(Assert.java:743)
    at org.junit.Assert.assertEquals(Assert.java:494)
    at org.apache.commons.math3.optimization.direct.BOBYQAOptimizerTest.doTest(BOBYQAOptimizerTest.java:326)
    at org.apache.commons.math3.optimization.direct.BOBYQAOptimizerTest.doTest(BOBYQAOptimizerTest.java:276)
    at org.apache.commons.math3.optimization.direct.BOBYQAOptimizerTest.testAckley(BOBYQAOptimizerTest.java:205)
org.apache.commons.math3.exception.TooManyEvaluationsException: illegal state: maximal count (12,000) exceeded: evaluations
    at org.apache.commons.math3.optimization.direct.BaseAbstractMultivariateOptimizer.computeObjectiveValue(BaseAbstractMultivariateOptimizer.java:96)
    at org.apache.commons.math3.optimization.direct.BOBYQAOptimizer.bobyqb(BOBYQAOptimizer.java:827)
    at org.apache.commons.math3.optimization.direct.BOBYQAOptimizer.bobyqa(BOBYQAOptimizer.java:333)
    at org.apache.commons.math3.optimization.direct.BOBYQAOptimizer.doOptimize(BOBYQAOptimizer.java:245)
    at org.apache.commons.math3.optimization.direct.BaseAbstractMultivariateOptimizer.optimize(BaseAbstractMultivariateOptimizer.java:125)
    at org.apache.commons.math3.optimization.direct.BaseAbstractMultivariateSimpleBoundsOptimizer.optimize(BaseAbstractMultivariateSimpleBoundsOptimizer.java:138)
09:05:45.353 [pool-4-thread-1] INFO  xxl.java.junit.TestCasesListener - Tests run finished (41260 ms)
<> Total tests run: 38
<> Ignored tests: 0
<> Failed tests: 4
~ testAckley(org.apache.commons.math3.optimization.direct.BOBYQAOptimizerTest)
[expected:<0.0> but was:<1.047765607609108E-8>]
java.lang.AssertionError: expected:<0.0> but was:<1.047765607609108E-8>    at org.junit.Assert.fail(Assert.java:88)
    at org.junit.Assert.failNotEquals(Assert.java:743)
    at org.junit.Assert.assertEquals(Assert.java:494)
    at org.apache.commons.math3.optimization.direct.BOBYQAOptimizerTest.doTest(BOBYQAOptimizerTest.java:326)
    at org.apache.commons.math3.optimization.direct.BOBYQAOptimizerTest.doTest(BOBYQAOptimizerTest.java:276)
    at org.apache.commons.math3.optimization.direct.BOBYQAOptimizerTest.testAckley(BOBYQAOptimizerTest.java:205)
~ testDiffPow(org.apache.commons.math3.optimization.direct.BOBYQAOptimizerTest)
[illegal state: maximal count (12,000) exceeded: evaluations]
org.apache.commons.math3.exception.TooManyEvaluationsException: illegal state: maximal count (12,000) exceeded: evaluations    at org.apache.commons.math3.optimization.direct.BaseAbstractMultivariateOptimizer.computeObjectiveValue(BaseAbstractMultivariateOptimizer.java:96)
    at org.apache.commons.math3.optimization.direct.BOBYQAOptimizer.bobyqb(BOBYQAOptimizer.java:827)
    at org.apache.commons.math3.optimization.direct.BOBYQAOptimizer.bobyqa(BOBYQAOptimizer.java:333)
    at org.apache.commons.math3.optimization.direct.BOBYQAOptimizer.doOptimize(BOBYQAOptimizer.java:245)
    at org.apache.commons.math3.optimization.direct.BaseAbstractMultivariateOptimizer.optimize(BaseAbstractMultivariateOptimizer.java:125)
    at org.apache.commons.math3.optimization.direct.BaseAbstractMultivariateSimpleBoundsOptimizer.optimize(BaseAbstractMultivariateSimpleBoundsOptimizer.java:138)
~ testAckley(org.apache.commons.math3.optimization.direct.BOBYQAOptimizerTest)
[expected:<0.0> but was:<1.047765607609108E-8>]
java.lang.AssertionError: expected:<0.0> but was:<1.047765607609108E-8>    at org.junit.Assert.fail(Assert.java:88)
    at org.junit.Assert.failNotEquals(Assert.java:743)
    at org.junit.Assert.assertEquals(Assert.java:494)
    at org.apache.commons.math3.optimization.direct.BOBYQAOptimizerTest.doTest(BOBYQAOptimizerTest.java:326)
    at org.apache.commons.math3.optimization.direct.BOBYQAOptimizerTest.doTest(BOBYQAOptimizerTest.java:276)
    at org.apache.commons.math3.optimization.direct.BOBYQAOptimizerTest.testAckley(BOBYQAOptimizerTest.java:205)
~ testDiffPow(org.apache.commons.math3.optimization.direct.BOBYQAOptimizerTest)
[illegal state: maximal count (12,000) exceeded: evaluations]
org.apache.commons.math3.exception.TooManyEvaluationsException: illegal state: maximal count (12,000) exceeded: evaluations    at org.apache.commons.math3.optimization.direct.BaseAbstractMultivariateOptimizer.computeObjectiveValue(BaseAbstractMultivariateOptimizer.java:96)
    at org.apache.commons.math3.optimization.direct.BOBYQAOptimizer.bobyqb(BOBYQAOptimizer.java:827)
    at org.apache.commons.math3.optimization.direct.BOBYQAOptimizer.bobyqa(BOBYQAOptimizer.java:333)
    at org.apache.commons.math3.optimization.direct.BOBYQAOptimizer.doOptimize(BOBYQAOptimizer.java:245)
    at org.apache.commons.math3.optimization.direct.BaseAbstractMultivariateOptimizer.optimize(BaseAbstractMultivariateOptimizer.java:125)
    at org.apache.commons.math3.optimization.direct.BaseAbstractMultivariateSimpleBoundsOptimizer.optimize(BaseAbstractMultivariateSimpleBoundsOptimizer.java:138)

org.apache.commons.math3.exception.MathIllegalStateException: trust region step has failed to reduce Q
    at org.apache.commons.math3.optimization.direct.BOBYQAOptimizer.bobyqb(BOBYQAOptimizer.java:498)
    at org.apache.commons.math3.optimization.direct.BOBYQAOptimizer.bobyqa(BOBYQAOptimizer.java:132)
    at org.apache.commons.math3.optimization.direct.BOBYQAOptimizer.doOptimize(BOBYQAOptimizer.java:94)
    at org.apache.commons.math3.optimization.direct.BaseAbstractMultivariateOptimizer.optimize(BaseAbstractMultivariateOptimizer.java:125)
    at org.apache.commons.math3.optimization.direct.BaseAbstractMultivariateSimpleBoundsOptimizer.optimize(BaseAbstractMultivariateSimpleBoundsOptimizer.java:138)
    at org.apache.commons.math3.optimization.direct.BOBYQAOptimizerTest.doTest(BOBYQAOptimizerTest.java:321)
09:05:47.757 [pool-5-thread-1] INFO  f.i.l.c.t.SpecificationTestCasesListener - Tests run finished (207 ms)
<> Total tests run: 1
<> Ignored tests: 0
<> Failed tests: 1
~ testAckley(org.apache.commons.math3.optimization.direct.BOBYQAOptimizerTest)
[trust region step has failed to reduce Q]
org.apache.commons.math3.exception.MathIllegalStateException: trust region step has failed to reduce Q    at org.apache.commons.math3.optimization.direct.BOBYQAOptimizer.bobyqb(BOBYQAOptimizer.java:498)
    at org.apache.commons.math3.optimization.direct.BOBYQAOptimizer.bobyqa(BOBYQAOptimizer.java:132)
    at org.apache.commons.math3.optimization.direct.BOBYQAOptimizer.doOptimize(BOBYQAOptimizer.java:94)
    at org.apache.commons.math3.optimization.direct.BaseAbstractMultivariateOptimizer.optimize(BaseAbstractMultivariateOptimizer.java:125)
    at org.apache.commons.math3.optimization.direct.BaseAbstractMultivariateSimpleBoundsOptimizer.optimize(BaseAbstractMultivariateSimpleBoundsOptimizer.java:138)
    at org.apache.commons.math3.optimization.direct.BOBYQAOptimizerTest.doTest(BOBYQAOptimizerTest.java:321)

org.apache.commons.math3.exception.MathIllegalStateException: trust region step has failed to reduce Q
    at org.apache.commons.math3.optimization.direct.BOBYQAOptimizer.bobyqb(BOBYQAOptimizer.java:498)
    at org.apache.commons.math3.optimization.direct.BOBYQAOptimizer.bobyqa(BOBYQAOptimizer.java:132)
    at org.apache.commons.math3.optimization.direct.BOBYQAOptimizer.doOptimize(BOBYQAOptimizer.java:94)
    at org.apache.commons.math3.optimization.direct.BaseAbstractMultivariateOptimizer.optimize(BaseAbstractMultivariateOptimizer.java:125)
    at org.apache.commons.math3.optimization.direct.BaseAbstractMultivariateSimpleBoundsOptimizer.optimize(BaseAbstractMultivariateSimpleBoundsOptimizer.java:138)
    at org.apache.commons.math3.optimization.direct.BOBYQAOptimizerTest.doTest(BOBYQAOptimizerTest.java:321)
09:05:47.771 [pool-6-thread-1] INFO  f.i.l.c.t.SpecificationTestCasesListener - Tests run finished (4 ms)
<> Total tests run: 1
<> Ignored tests: 0
<> Failed tests: 1
~ testDiffPow(org.apache.commons.math3.optimization.direct.BOBYQAOptimizerTest)
[trust region step has failed to reduce Q]
org.apache.commons.math3.exception.MathIllegalStateException: trust region step has failed to reduce Q    at org.apache.commons.math3.optimization.direct.BOBYQAOptimizer.bobyqb(BOBYQAOptimizer.java:498)
    at org.apache.commons.math3.optimization.direct.BOBYQAOptimizer.bobyqa(BOBYQAOptimizer.java:132)
    at org.apache.commons.math3.optimization.direct.BOBYQAOptimizer.doOptimize(BOBYQAOptimizer.java:94)
    at org.apache.commons.math3.optimization.direct.BaseAbstractMultivariateOptimizer.optimize(BaseAbstractMultivariateOptimizer.java:125)
    at org.apache.commons.math3.optimization.direct.BaseAbstractMultivariateSimpleBoundsOptimizer.optimize(BaseAbstractMultivariateSimpleBoundsOptimizer.java:138)
    at org.apache.commons.math3.optimization.direct.BOBYQAOptimizerTest.doTest(BOBYQAOptimizerTest.java:321)

java.lang.AssertionError: expected:<0.0> but was:<1.047765607609108E-8>
    at org.junit.Assert.fail(Assert.java:88)
    at org.junit.Assert.failNotEquals(Assert.java:743)
    at org.junit.Assert.assertEquals(Assert.java:494)
    at org.apache.commons.math3.optimization.direct.BOBYQAOptimizerTest.doTest(BOBYQAOptimizerTest.java:326)
    at org.apache.commons.math3.optimization.direct.BOBYQAOptimizerTest.doTest(BOBYQAOptimizerTest.java:276)
    at org.apache.commons.math3.optimization.direct.BOBYQAOptimizerTest.testAckley(BOBYQAOptimizerTest.java:205)
09:05:48.318 [pool-7-thread-1] INFO  f.i.l.c.t.SpecificationTestCasesListener - Tests run finished (537 ms)
<> Total tests run: 1
<> Ignored tests: 0
<> Failed tests: 1
~ testAckley(org.apache.commons.math3.optimization.direct.BOBYQAOptimizerTest)
[expected:<0.0> but was:<1.047765607609108E-8>]
java.lang.AssertionError: expected:<0.0> but was:<1.047765607609108E-8>    at org.junit.Assert.fail(Assert.java:88)
    at org.junit.Assert.failNotEquals(Assert.java:743)
    at org.junit.Assert.assertEquals(Assert.java:494)
    at org.apache.commons.math3.optimization.direct.BOBYQAOptimizerTest.doTest(BOBYQAOptimizerTest.java:326)
    at org.apache.commons.math3.optimization.direct.BOBYQAOptimizerTest.doTest(BOBYQAOptimizerTest.java:276)
    at org.apache.commons.math3.optimization.direct.BOBYQAOptimizerTest.testAckley(BOBYQAOptimizerTest.java:205)

org.apache.commons.math3.exception.TooManyEvaluationsException: illegal state: maximal count (12,000) exceeded: evaluations
    at org.apache.commons.math3.optimization.direct.BaseAbstractMultivariateOptimizer.computeObjectiveValue(BaseAbstractMultivariateOptimizer.java:96)
    at org.apache.commons.math3.optimization.direct.BOBYQAOptimizer.bobyqb(BOBYQAOptimizer.java:461)
    at org.apache.commons.math3.optimization.direct.BOBYQAOptimizer.bobyqa(BOBYQAOptimizer.java:132)
    at org.apache.commons.math3.optimization.direct.BOBYQAOptimizer.doOptimize(BOBYQAOptimizer.java:94)
    at org.apache.commons.math3.optimization.direct.BaseAbstractMultivariateOptimizer.optimize(BaseAbstractMultivariateOptimizer.java:125)
    at org.apache.commons.math3.optimization.direct.BaseAbstractMultivariateSimpleBoundsOptimizer.optimize(BaseAbstractMultivariateSimpleBoundsOptimizer.java:138)
09:05:51.237 [pool-8-thread-1] INFO  f.i.l.c.t.SpecificationTestCasesListener - Tests run finished (2910 ms)
<> Total tests run: 1
<> Ignored tests: 0
<> Failed tests: 1
~ testDiffPow(org.apache.commons.math3.optimization.direct.BOBYQAOptimizerTest)
[illegal state: maximal count (12,000) exceeded: evaluations]
org.apache.commons.math3.exception.TooManyEvaluationsException: illegal state: maximal count (12,000) exceeded: evaluations    at org.apache.commons.math3.optimization.direct.BaseAbstractMultivariateOptimizer.computeObjectiveValue(BaseAbstractMultivariateOptimizer.java:96)
    at org.apache.commons.math3.optimization.direct.BOBYQAOptimizer.bobyqb(BOBYQAOptimizer.java:461)
    at org.apache.commons.math3.optimization.direct.BOBYQAOptimizer.bobyqa(BOBYQAOptimizer.java:132)
    at org.apache.commons.math3.optimization.direct.BOBYQAOptimizer.doOptimize(BOBYQAOptimizer.java:94)
    at org.apache.commons.math3.optimization.direct.BaseAbstractMultivariateOptimizer.optimize(BaseAbstractMultivariateOptimizer.java:125)
    at org.apache.commons.math3.optimization.direct.BaseAbstractMultivariateSimpleBoundsOptimizer.optimize(BaseAbstractMultivariateSimpleBoundsOptimizer.java:138)

09:05:51.239 [pool-3-thread-1] DEBUG tests.output - Failing tests with false: 
[testAckley(org.apache.commons.math3.optimization.direct.BOBYQAOptimizerTest): trust region step has failed to reduce Q, testDiffPow(org.apache.commons.math3.optimization.direct.BOBYQAOptimizerTest): trust region step has failed to reduce Q]
09:05:51.240 [pool-3-thread-1] DEBUG tests.output - Failing tests with true: 
[testAckley(org.apache.commons.math3.optimization.direct.BOBYQAOptimizerTest): expected:<0.0> but was:<1.047765607609108E-8>, testDiffPow(org.apache.commons.math3.optimization.direct.BOBYQAOptimizerTest): illegal state: maximal count (12,000) exceeded: evaluations]
09:05:51.240 [pool-3-thread-1] INFO  f.i.l.r.n.synth.SMTNopolSynthesizer - Not enough specifications: 0. A trivial patch is "true" or "false", please write new tests specifying SourceLocation org.apache.commons.math3.optimization.direct.BOBYQAOptimizer:1164.
09:05:51.240 [pool-2-thread-1] DEBUG fr.inria.lille.repair.nopol.NoPol - statement #2
09:05:51.240 [pool-2-thread-1] DEBUG fr.inria.lille.repair.nopol.NoPol - Analysing SourceLocation org.apache.commons.math3.geometry.euclidean.twod.PolygonsSet:328 which is executed by 1 tests
636246794
09:05:51.385 [pool-2-thread-1] DEBUG fr.inria.lille.repair.nopol.NoPol - looking with class fr.inria.lille.repair.nopol.spoon.smt.ConditionalAdder
java.lang.ClassCastException: org.apache.commons.math3.geometry.partitioning.BoundaryAttribute cannot be cast to java.lang.Boolean
    at org.apache.commons.math3.geometry.euclidean.twod.PolygonsSet.computeGeometricalProperties(PolygonsSet.java:135)
    at org.apache.commons.math3.geometry.partitioning.AbstractRegion.getSize(AbstractRegion.java:381)
    at org.apache.commons.math3.geometry.euclidean.threed.PolyhedronsSet$FacetsContributionVisitor.addContribution(PolyhedronsSet.java:171)
    at org.apache.commons.math3.geometry.euclidean.threed.PolyhedronsSet$FacetsContributionVisitor.visitInternalNode(PolyhedronsSet.java:153)
    at org.apache.commons.math3.geometry.partitioning.BSPTree.visit(BSPTree.java:263)
    at org.apache.commons.math3.geometry.partitioning.BSPTree.visit(BSPTree.java:262)
09:05:51.462 [pool-10-thread-1] INFO  xxl.java.junit.TestCasesListener - Tests run finished (72 ms)
<> Total tests run: 6
<> Ignored tests: 0
<> Failed tests: 1
~ testIssue780(org.apache.commons.math3.geometry.euclidean.threed.PolyhedronsSetTest)
[org.apache.commons.math3.geometry.partitioning.BoundaryAttribute cannot be cast to java.lang.Boolean]
java.lang.ClassCastException: org.apache.commons.math3.geometry.partitioning.BoundaryAttribute cannot be cast to java.lang.Boolean    at org.apache.commons.math3.geometry.euclidean.twod.PolygonsSet.computeGeometricalProperties(PolygonsSet.java:135)
    at org.apache.commons.math3.geometry.partitioning.AbstractRegion.getSize(AbstractRegion.java:381)
    at org.apache.commons.math3.geometry.euclidean.threed.PolyhedronsSet$FacetsContributionVisitor.addContribution(PolyhedronsSet.java:171)
    at org.apache.commons.math3.geometry.euclidean.threed.PolyhedronsSet$FacetsContributionVisitor.visitInternalNode(PolyhedronsSet.java:153)
    at org.apache.commons.math3.geometry.partitioning.BSPTree.visit(BSPTree.java:263)
    at org.apache.commons.math3.geometry.partitioning.BSPTree.visit(BSPTree.java:262)

java.lang.NullPointerException
    at org.apache.commons.math3.geometry.euclidean.twod.PolygonsSet.followLoop(PolygonsSet.java:188)
    at org.apache.commons.math3.geometry.euclidean.twod.PolygonsSet.getVertices(PolygonsSet.java:89)
    at org.apache.commons.math3.geometry.euclidean.twod.PolygonsSet.computeGeometricalProperties(PolygonsSet.java:36)
    at org.apache.commons.math3.geometry.partitioning.AbstractRegion.getSize(AbstractRegion.java:381)
    at org.apache.commons.math3.geometry.euclidean.threed.PolyhedronsSet$FacetsContributionVisitor.addContribution(PolyhedronsSet.java:171)
    at org.apache.commons.math3.geometry.euclidean.threed.PolyhedronsSet$FacetsContributionVisitor.visitInternalNode(PolyhedronsSet.java:153)
09:05:52.098 [pool-11-thread-1] INFO  f.i.l.c.t.SpecificationTestCasesListener - Tests run finished (48 ms)
<> Total tests run: 1
<> Ignored tests: 0
<> Failed tests: 1
~ testIssue780(org.apache.commons.math3.geometry.euclidean.threed.PolyhedronsSetTest)
[null]
java.lang.NullPointerException    at org.apache.commons.math3.geometry.euclidean.twod.PolygonsSet.followLoop(PolygonsSet.java:188)
    at org.apache.commons.math3.geometry.euclidean.twod.PolygonsSet.getVertices(PolygonsSet.java:89)
    at org.apache.commons.math3.geometry.euclidean.twod.PolygonsSet.computeGeometricalProperties(PolygonsSet.java:36)
    at org.apache.commons.math3.geometry.partitioning.AbstractRegion.getSize(AbstractRegion.java:381)
    at org.apache.commons.math3.geometry.euclidean.threed.PolyhedronsSet$FacetsContributionVisitor.addContribution(PolyhedronsSet.java:171)
    at org.apache.commons.math3.geometry.euclidean.threed.PolyhedronsSet$FacetsContributionVisitor.visitInternalNode(PolyhedronsSet.java:153)

java.lang.ClassCastException: org.apache.commons.math3.geometry.partitioning.BoundaryAttribute cannot be cast to java.lang.Boolean
    at org.apache.commons.math3.geometry.euclidean.twod.PolygonsSet.computeGeometricalProperties(PolygonsSet.java:38)
    at org.apache.commons.math3.geometry.partitioning.AbstractRegion.getSize(AbstractRegion.java:381)
    at org.apache.commons.math3.geometry.euclidean.threed.PolyhedronsSet$FacetsContributionVisitor.addContribution(PolyhedronsSet.java:171)
    at org.apache.commons.math3.geometry.euclidean.threed.PolyhedronsSet$FacetsContributionVisitor.visitInternalNode(PolyhedronsSet.java:153)
    at org.apache.commons.math3.geometry.partitioning.BSPTree.visit(BSPTree.java:263)
    at org.apache.commons.math3.geometry.partitioning.BSPTree.visit(BSPTree.java:262)
09:05:52.108 [pool-12-thread-1] INFO  f.i.l.c.t.SpecificationTestCasesListener - Tests run finished (8 ms)
<> Total tests run: 1
<> Ignored tests: 0
<> Failed tests: 1
~ testIssue780(org.apache.commons.math3.geometry.euclidean.threed.PolyhedronsSetTest)
[org.apache.commons.math3.geometry.partitioning.BoundaryAttribute cannot be cast to java.lang.Boolean]
java.lang.ClassCastException: org.apache.commons.math3.geometry.partitioning.BoundaryAttribute cannot be cast to java.lang.Boolean    at org.apache.commons.math3.geometry.euclidean.twod.PolygonsSet.computeGeometricalProperties(PolygonsSet.java:38)
    at org.apache.commons.math3.geometry.partitioning.AbstractRegion.getSize(AbstractRegion.java:381)
    at org.apache.commons.math3.geometry.euclidean.threed.PolyhedronsSet$FacetsContributionVisitor.addContribution(PolyhedronsSet.java:171)
    at org.apache.commons.math3.geometry.euclidean.threed.PolyhedronsSet$FacetsContributionVisitor.visitInternalNode(PolyhedronsSet.java:153)
    at org.apache.commons.math3.geometry.partitioning.BSPTree.visit(BSPTree.java:263)
    at org.apache.commons.math3.geometry.partitioning.BSPTree.visit(BSPTree.java:262)

09:05:52.108 [pool-9-thread-1] DEBUG tests.output - Failing tests with false: 
[testIssue780(org.apache.commons.math3.geometry.euclidean.threed.PolyhedronsSetTest): null]
09:05:52.108 [pool-9-thread-1] DEBUG tests.output - Failing tests with true: 
[testIssue780(org.apache.commons.math3.geometry.euclidean.threed.PolyhedronsSetTest): org.apache.commons.math3.geometry.partitioning.BoundaryAttribute cannot be cast to java.lang.Boolean]
09:05:52.108 [pool-9-thread-1] INFO  f.i.l.r.n.synth.SMTNopolSynthesizer - Not enough specifications: 0. A trivial patch is "true" or "false", please write new tests specifying SourceLocation org.apache.commons.math3.geometry.euclidean.twod.PolygonsSet:328.
09:05:52.108 [pool-2-thread-1] DEBUG fr.inria.lille.repair.nopol.NoPol - statement #3
09:05:52.109 [pool-2-thread-1] DEBUG fr.inria.lille.repair.nopol.NoPol - Analysing SourceLocation org.apache.commons.math3.geometry.euclidean.twod.PolygonsSet:135 which is executed by 1 tests
636246794
09:05:52.232 [pool-2-thread-1] DEBUG fr.inria.lille.repair.nopol.NoPol - looking with class fr.inria.lille.repair.nopol.spoon.smt.ConditionalAdder
java.lang.ClassCastException: org.apache.commons.math3.geometry.partitioning.BoundaryAttribute cannot be cast to java.lang.Boolean
    at org.apache.commons.math3.geometry.euclidean.twod.PolygonsSet.computeGeometricalProperties(PolygonsSet.java:135)
    at org.apache.commons.math3.geometry.partitioning.AbstractRegion.getSize(AbstractRegion.java:381)
    at org.apache.commons.math3.geometry.euclidean.threed.PolyhedronsSet$FacetsContributionVisitor.addContribution(PolyhedronsSet.java:171)
    at org.apache.commons.math3.geometry.euclidean.threed.PolyhedronsSet$FacetsContributionVisitor.visitInternalNode(PolyhedronsSet.java:153)
    at org.apache.commons.math3.geometry.partitioning.BSPTree.visit(BSPTree.java:263)
    at org.apache.commons.math3.geometry.partitioning.BSPTree.visit(BSPTree.java:262)
09:05:52.306 [pool-14-thread-1] INFO  xxl.java.junit.TestCasesListener - Tests run finished (70 ms)
<> Total tests run: 6
<> Ignored tests: 0
<> Failed tests: 1
~ testIssue780(org.apache.commons.math3.geometry.euclidean.threed.PolyhedronsSetTest)
[org.apache.commons.math3.geometry.partitioning.BoundaryAttribute cannot be cast to java.lang.Boolean]
java.lang.ClassCastException: org.apache.commons.math3.geometry.partitioning.BoundaryAttribute cannot be cast to java.lang.Boolean    at org.apache.commons.math3.geometry.euclidean.twod.PolygonsSet.computeGeometricalProperties(PolygonsSet.java:135)
    at org.apache.commons.math3.geometry.partitioning.AbstractRegion.getSize(AbstractRegion.java:381)
    at org.apache.commons.math3.geometry.euclidean.threed.PolyhedronsSet$FacetsContributionVisitor.addContribution(PolyhedronsSet.java:171)
    at org.apache.commons.math3.geometry.euclidean.threed.PolyhedronsSet$FacetsContributionVisitor.visitInternalNode(PolyhedronsSet.java:153)
    at org.apache.commons.math3.geometry.partitioning.BSPTree.visit(BSPTree.java:263)
    at org.apache.commons.math3.geometry.partitioning.BSPTree.visit(BSPTree.java:262)

java.lang.NullPointerException
    at org.apache.commons.math3.geometry.euclidean.threed.Plane.toSpace(Plane.java:236)
    at org.apache.commons.math3.geometry.euclidean.threed.PolyhedronsSet$FacetsContributionVisitor.addContribution(PolyhedronsSet.java:179)
    at org.apache.commons.math3.geometry.euclidean.threed.PolyhedronsSet$FacetsContributionVisitor.visitInternalNode(PolyhedronsSet.java:153)
    at org.apache.commons.math3.geometry.partitioning.BSPTree.visit(BSPTree.java:263)
    at org.apache.commons.math3.geometry.partitioning.BSPTree.visit(BSPTree.java:262)
    at org.apache.commons.math3.geometry.partitioning.BSPTree.visit(BSPTree.java:262)
09:05:52.710 [pool-15-thread-1] INFO  f.i.l.c.t.SpecificationTestCasesListener - Tests run finished (41 ms)
<> Total tests run: 1
<> Ignored tests: 0
<> Failed tests: 1
~ testIssue780(org.apache.commons.math3.geometry.euclidean.threed.PolyhedronsSetTest)
[null]
java.lang.NullPointerException    at org.apache.commons.math3.geometry.euclidean.threed.Plane.toSpace(Plane.java:236)
    at org.apache.commons.math3.geometry.euclidean.threed.PolyhedronsSet$FacetsContributionVisitor.addContribution(PolyhedronsSet.java:179)
    at org.apache.commons.math3.geometry.euclidean.threed.PolyhedronsSet$FacetsContributionVisitor.visitInternalNode(PolyhedronsSet.java:153)
    at org.apache.commons.math3.geometry.partitioning.BSPTree.visit(BSPTree.java:263)
    at org.apache.commons.math3.geometry.partitioning.BSPTree.visit(BSPTree.java:262)
    at org.apache.commons.math3.geometry.partitioning.BSPTree.visit(BSPTree.java:262)

java.lang.ClassCastException: org.apache.commons.math3.geometry.partitioning.BoundaryAttribute cannot be cast to java.lang.Boolean
    at org.apache.commons.math3.geometry.euclidean.twod.PolygonsSet.computeGeometricalProperties(PolygonsSet.java:51)
    at org.apache.commons.math3.geometry.partitioning.AbstractRegion.getSize(AbstractRegion.java:381)
    at org.apache.commons.math3.geometry.euclidean.threed.PolyhedronsSet$FacetsContributionVisitor.addContribution(PolyhedronsSet.java:171)
    at org.apache.commons.math3.geometry.euclidean.threed.PolyhedronsSet$FacetsContributionVisitor.visitInternalNode(PolyhedronsSet.java:153)
    at org.apache.commons.math3.geometry.partitioning.BSPTree.visit(BSPTree.java:263)
    at org.apache.commons.math3.geometry.partitioning.BSPTree.visit(BSPTree.java:262)
09:05:52.724 [pool-16-thread-1] INFO  f.i.l.c.t.SpecificationTestCasesListener - Tests run finished (9 ms)
<> Total tests run: 1
<> Ignored tests: 0
<> Failed tests: 1
~ testIssue780(org.apache.commons.math3.geometry.euclidean.threed.PolyhedronsSetTest)
[org.apache.commons.math3.geometry.partitioning.BoundaryAttribute cannot be cast to java.lang.Boolean]
java.lang.ClassCastException: org.apache.commons.math3.geometry.partitioning.BoundaryAttribute cannot be cast to java.lang.Boolean    at org.apache.commons.math3.geometry.euclidean.twod.PolygonsSet.computeGeometricalProperties(PolygonsSet.java:51)
    at org.apache.commons.math3.geometry.partitioning.AbstractRegion.getSize(AbstractRegion.java:381)
    at org.apache.commons.math3.geometry.euclidean.threed.PolyhedronsSet$FacetsContributionVisitor.addContribution(PolyhedronsSet.java:171)
    at org.apache.commons.math3.geometry.euclidean.threed.PolyhedronsSet$FacetsContributionVisitor.visitInternalNode(PolyhedronsSet.java:153)
    at org.apache.commons.math3.geometry.partitioning.BSPTree.visit(BSPTree.java:263)
    at org.apache.commons.math3.geometry.partitioning.BSPTree.visit(BSPTree.java:262)

09:05:52.726 [pool-13-thread-1] DEBUG tests.output - Failing tests with false: 
[testIssue780(org.apache.commons.math3.geometry.euclidean.threed.PolyhedronsSetTest): null]
09:05:52.726 [pool-13-thread-1] DEBUG tests.output - Failing tests with true: 
[testIssue780(org.apache.commons.math3.geometry.euclidean.threed.PolyhedronsSetTest): org.apache.commons.math3.geometry.partitioning.BoundaryAttribute cannot be cast to java.lang.Boolean]
09:05:52.726 [pool-13-thread-1] INFO  f.i.l.r.n.synth.SMTNopolSynthesizer - Not enough specifications: 0. A trivial patch is "true" or "false", please write new tests specifying SourceLocation org.apache.commons.math3.geometry.euclidean.twod.PolygonsSet:135.
09:05:52.727 [pool-2-thread-1] DEBUG fr.inria.lille.repair.nopol.NoPol - looking with class fr.inria.lille.repair.nopol.spoon.smt.ConditionalReplacer
java.lang.ClassCastException: org.apache.commons.math3.geometry.partitioning.BoundaryAttribute cannot be cast to java.lang.Boolean
    at org.apache.commons.math3.geometry.euclidean.twod.PolygonsSet.computeGeometricalProperties(PolygonsSet.java:135)
    at org.apache.commons.math3.geometry.partitioning.AbstractRegion.getSize(AbstractRegion.java:381)
    at org.apache.commons.math3.geometry.euclidean.threed.PolyhedronsSet$FacetsContributionVisitor.addContribution(PolyhedronsSet.java:171)
    at org.apache.commons.math3.geometry.euclidean.threed.PolyhedronsSet$FacetsContributionVisitor.visitInternalNode(PolyhedronsSet.java:153)
    at org.apache.commons.math3.geometry.partitioning.BSPTree.visit(BSPTree.java:263)
    at org.apache.commons.math3.geometry.partitioning.BSPTree.visit(BSPTree.java:262)
09:05:52.807 [pool-18-thread-1] INFO  xxl.java.junit.TestCasesListener - Tests run finished (69 ms)
<> Total tests run: 6
<> Ignored tests: 0
<> Failed tests: 1
~ testIssue780(org.apache.commons.math3.geometry.euclidean.threed.PolyhedronsSetTest)
[org.apache.commons.math3.geometry.partitioning.BoundaryAttribute cannot be cast to java.lang.Boolean]
java.lang.ClassCastException: org.apache.commons.math3.geometry.partitioning.BoundaryAttribute cannot be cast to java.lang.Boolean    at org.apache.commons.math3.geometry.euclidean.twod.PolygonsSet.computeGeometricalProperties(PolygonsSet.java:135)
    at org.apache.commons.math3.geometry.partitioning.AbstractRegion.getSize(AbstractRegion.java:381)
    at org.apache.commons.math3.geometry.euclidean.threed.PolyhedronsSet$FacetsContributionVisitor.addContribution(PolyhedronsSet.java:171)
    at org.apache.commons.math3.geometry.euclidean.threed.PolyhedronsSet$FacetsContributionVisitor.visitInternalNode(PolyhedronsSet.java:153)
    at org.apache.commons.math3.geometry.partitioning.BSPTree.visit(BSPTree.java:263)
    at org.apache.commons.math3.geometry.partitioning.BSPTree.visit(BSPTree.java:262)

09:05:53.151 [pool-19-thread-1] INFO  f.i.l.c.t.SpecificationTestCasesListener - Tests run finished (43 ms)
<> Total tests run: 1
<> Ignored tests: 0
<> Failed tests: 0

java.lang.AssertionError: expected:<8.0> but was:<Infinity>
    at org.junit.Assert.fail(Assert.java:88)
    at org.junit.Assert.failNotEquals(Assert.java:743)
    at org.junit.Assert.assertEquals(Assert.java:494)
    at org.junit.Assert.assertEquals(Assert.java:592)
    at org.apache.commons.math3.geometry.euclidean.threed.PolyhedronsSetTest.testIssue780(PolyhedronsSetTest.java:281)
    at sun.reflect.NativeMethodAccessorImpl.invoke0(Native Method)
09:05:53.161 [pool-20-thread-1] INFO  f.i.l.c.t.SpecificationTestCasesListener - Tests run finished (9 ms)
<> Total tests run: 1
<> Ignored tests: 0
<> Failed tests: 1
~ testIssue780(org.apache.commons.math3.geometry.euclidean.threed.PolyhedronsSetTest)
[expected:<8.0> but was:<Infinity>]
java.lang.AssertionError: expected:<8.0> but was:<Infinity>    at org.junit.Assert.fail(Assert.java:88)
    at org.junit.Assert.failNotEquals(Assert.java:743)
    at org.junit.Assert.assertEquals(Assert.java:494)
    at org.junit.Assert.assertEquals(Assert.java:592)
    at org.apache.commons.math3.geometry.euclidean.threed.PolyhedronsSetTest.testIssue780(PolyhedronsSetTest.java:281)
    at sun.reflect.NativeMethodAccessorImpl.invoke0(Native Method)

09:05:53.169 [pool-21-thread-1] INFO  f.i.l.r.n.s.ConstraintModelBuilder$1PassingListener - Tests run finished (6 ms)
<> Total tests run: 1
<> Ignored tests: 0
<> Failed tests: 0

java.lang.AssertionError: expected:<8.0> but was:<Infinity>
    at org.junit.Assert.fail(Assert.java:88)
    at org.junit.Assert.failNotEquals(Assert.java:743)
    at org.junit.Assert.assertEquals(Assert.java:494)
    at org.junit.Assert.assertEquals(Assert.java:592)
    at org.apache.commons.math3.geometry.euclidean.threed.PolyhedronsSetTest.testIssue780(PolyhedronsSetTest.java:281)
    at sun.reflect.NativeMethodAccessorImpl.invoke0(Native Method)
09:05:53.177 [pool-22-thread-1] INFO  f.i.l.r.n.s.ConstraintModelBuilder$1PassingListener - Tests run finished (6 ms)
<> Total tests run: 1
<> Ignored tests: 0
<> Failed tests: 1
~ testIssue780(org.apache.commons.math3.geometry.euclidean.threed.PolyhedronsSetTest)
[expected:<8.0> but was:<Infinity>]
java.lang.AssertionError: expected:<8.0> but was:<Infinity>    at org.junit.Assert.fail(Assert.java:88)
    at org.junit.Assert.failNotEquals(Assert.java:743)
    at org.junit.Assert.assertEquals(Assert.java:494)
    at org.junit.Assert.assertEquals(Assert.java:592)
    at org.apache.commons.math3.geometry.euclidean.threed.PolyhedronsSetTest.testIssue780(PolyhedronsSetTest.java:281)
    at sun.reflect.NativeMethodAccessorImpl.invoke0(Native Method)

09:05:53.177 [pool-17-thread-1] INFO  f.i.l.r.n.synth.SMTNopolSynthesizer - Not enough specifications: 1. A trivial patch is "true" or "false", please write new tests specifying SourceLocation org.apache.commons.math3.geometry.euclidean.twod.PolygonsSet:135.
09:05:53.178 [pool-2-thread-1] DEBUG fr.inria.lille.repair.nopol.NoPol - statement #4
09:05:53.178 [pool-2-thread-1] DEBUG fr.inria.lille.repair.nopol.NoPol - Analysing SourceLocation org.apache.commons.math3.geometry.partitioning.utilities.AVLTree:167 which is executed by 1 tests
93106934
09:05:53.330 [pool-2-thread-1] DEBUG fr.inria.lille.repair.nopol.NoPol - statement #5
09:05:53.331 [pool-2-thread-1] DEBUG fr.inria.lille.repair.nopol.NoPol - Analysing SourceLocation org.apache.commons.math3.geometry.euclidean.threed.Plane:34 which is executed by 12 tests
77195837
09:05:53.474 [pool-2-thread-1] DEBUG fr.inria.lille.repair.nopol.NoPol - statement #6
09:05:53.474 [pool-2-thread-1] DEBUG fr.inria.lille.repair.nopol.NoPol - Analysing SourceLocation org.apache.commons.math3.optimization.direct.BOBYQAOptimizer:2066 which is executed by 5 tests
283261218
09:05:53.707 [pool-2-thread-1] DEBUG fr.inria.lille.repair.nopol.NoPol - looking with class fr.inria.lille.repair.nopol.spoon.smt.ConditionalAdder
java.lang.AssertionError: expected:<0.0> but was:<1.047765607609108E-8>
    at org.junit.Assert.fail(Assert.java:88)
    at org.junit.Assert.failNotEquals(Assert.java:743)
    at org.junit.Assert.assertEquals(Assert.java:494)
    at org.apache.commons.math3.optimization.direct.BOBYQAOptimizerTest.doTest(BOBYQAOptimizerTest.java:326)
    at org.apache.commons.math3.optimization.direct.BOBYQAOptimizerTest.doTest(BOBYQAOptimizerTest.java:276)
    at org.apache.commons.math3.optimization.direct.BOBYQAOptimizerTest.testAckley(BOBYQAOptimizerTest.java:205)
org.apache.commons.math3.exception.TooManyEvaluationsException: illegal state: maximal count (12,000) exceeded: evaluations
    at org.apache.commons.math3.optimization.direct.BaseAbstractMultivariateOptimizer.computeObjectiveValue(BaseAbstractMultivariateOptimizer.java:96)
    at org.apache.commons.math3.optimization.direct.BOBYQAOptimizer.bobyqb(BOBYQAOptimizer.java:827)
    at org.apache.commons.math3.optimization.direct.BOBYQAOptimizer.bobyqa(BOBYQAOptimizer.java:333)
    at org.apache.commons.math3.optimization.direct.BOBYQAOptimizer.doOptimize(BOBYQAOptimizer.java:245)
    at org.apache.commons.math3.optimization.direct.BaseAbstractMultivariateOptimizer.optimize(BaseAbstractMultivariateOptimizer.java:125)
    at org.apache.commons.math3.optimization.direct.BaseAbstractMultivariateSimpleBoundsOptimizer.optimize(BaseAbstractMultivariateSimpleBoundsOptimizer.java:138)
java.lang.AssertionError: expected:<0.0> but was:<1.047765607609108E-8>
    at org.junit.Assert.fail(Assert.java:88)
    at org.junit.Assert.failNotEquals(Assert.java:743)
    at org.junit.Assert.assertEquals(Assert.java:494)
    at org.apache.commons.math3.optimization.direct.BOBYQAOptimizerTest.doTest(BOBYQAOptimizerTest.java:326)
    at org.apache.commons.math3.optimization.direct.BOBYQAOptimizerTest.doTest(BOBYQAOptimizerTest.java:276)
    at org.apache.commons.math3.optimization.direct.BOBYQAOptimizerTest.testAckley(BOBYQAOptimizerTest.java:205)
org.apache.commons.math3.exception.TooManyEvaluationsException: illegal state: maximal count (12,000) exceeded: evaluations
    at org.apache.commons.math3.optimization.direct.BaseAbstractMultivariateOptimizer.computeObjectiveValue(BaseAbstractMultivariateOptimizer.java:96)
    at org.apache.commons.math3.optimization.direct.BOBYQAOptimizer.bobyqb(BOBYQAOptimizer.java:827)
    at org.apache.commons.math3.optimization.direct.BOBYQAOptimizer.bobyqa(BOBYQAOptimizer.java:333)
    at org.apache.commons.math3.optimization.direct.BOBYQAOptimizer.doOptimize(BOBYQAOptimizer.java:245)
    at org.apache.commons.math3.optimization.direct.BaseAbstractMultivariateOptimizer.optimize(BaseAbstractMultivariateOptimizer.java:125)
    at org.apache.commons.math3.optimization.direct.BaseAbstractMultivariateSimpleBoundsOptimizer.optimize(BaseAbstractMultivariateSimpleBoundsOptimizer.java:138)
09:06:38.644 [pool-24-thread-1] INFO  xxl.java.junit.TestCasesListener - Tests run finished (44931 ms)
<> Total tests run: 38
<> Ignored tests: 0
<> Failed tests: 4
~ testAckley(org.apache.commons.math3.optimization.direct.BOBYQAOptimizerTest)
[expected:<0.0> but was:<1.047765607609108E-8>]
java.lang.AssertionError: expected:<0.0> but was:<1.047765607609108E-8>    at org.junit.Assert.fail(Assert.java:88)
    at org.junit.Assert.failNotEquals(Assert.java:743)
    at org.junit.Assert.assertEquals(Assert.java:494)
    at org.apache.commons.math3.optimization.direct.BOBYQAOptimizerTest.doTest(BOBYQAOptimizerTest.java:326)
    at org.apache.commons.math3.optimization.direct.BOBYQAOptimizerTest.doTest(BOBYQAOptimizerTest.java:276)
    at org.apache.commons.math3.optimization.direct.BOBYQAOptimizerTest.testAckley(BOBYQAOptimizerTest.java:205)
~ testDiffPow(org.apache.commons.math3.optimization.direct.BOBYQAOptimizerTest)
[illegal state: maximal count (12,000) exceeded: evaluations]
org.apache.commons.math3.exception.TooManyEvaluationsException: illegal state: maximal count (12,000) exceeded: evaluations    at org.apache.commons.math3.optimization.direct.BaseAbstractMultivariateOptimizer.computeObjectiveValue(BaseAbstractMultivariateOptimizer.java:96)
    at org.apache.commons.math3.optimization.direct.BOBYQAOptimizer.bobyqb(BOBYQAOptimizer.java:827)
    at org.apache.commons.math3.optimization.direct.BOBYQAOptimizer.bobyqa(BOBYQAOptimizer.java:333)
    at org.apache.commons.math3.optimization.direct.BOBYQAOptimizer.doOptimize(BOBYQAOptimizer.java:245)
    at org.apache.commons.math3.optimization.direct.BaseAbstractMultivariateOptimizer.optimize(BaseAbstractMultivariateOptimizer.java:125)
    at org.apache.commons.math3.optimization.direct.BaseAbstractMultivariateSimpleBoundsOptimizer.optimize(BaseAbstractMultivariateSimpleBoundsOptimizer.java:138)
~ testAckley(org.apache.commons.math3.optimization.direct.BOBYQAOptimizerTest)
[expected:<0.0> but was:<1.047765607609108E-8>]
java.lang.AssertionError: expected:<0.0> but was:<1.047765607609108E-8>    at org.junit.Assert.fail(Assert.java:88)
    at org.junit.Assert.failNotEquals(Assert.java:743)
    at org.junit.Assert.assertEquals(Assert.java:494)
    at org.apache.commons.math3.optimization.direct.BOBYQAOptimizerTest.doTest(BOBYQAOptimizerTest.java:326)
    at org.apache.commons.math3.optimization.direct.BOBYQAOptimizerTest.doTest(BOBYQAOptimizerTest.java:276)
    at org.apache.commons.math3.optimization.direct.BOBYQAOptimizerTest.testAckley(BOBYQAOptimizerTest.java:205)
~ testDiffPow(org.apache.commons.math3.optimization.direct.BOBYQAOptimizerTest)
[illegal state: maximal count (12,000) exceeded: evaluations]
org.apache.commons.math3.exception.TooManyEvaluationsException: illegal state: maximal count (12,000) exceeded: evaluations    at org.apache.commons.math3.optimization.direct.BaseAbstractMultivariateOptimizer.computeObjectiveValue(BaseAbstractMultivariateOptimizer.java:96)
    at org.apache.commons.math3.optimization.direct.BOBYQAOptimizer.bobyqb(BOBYQAOptimizer.java:827)
    at org.apache.commons.math3.optimization.direct.BOBYQAOptimizer.bobyqa(BOBYQAOptimizer.java:333)
    at org.apache.commons.math3.optimization.direct.BOBYQAOptimizer.doOptimize(BOBYQAOptimizer.java:245)
    at org.apache.commons.math3.optimization.direct.BaseAbstractMultivariateOptimizer.optimize(BaseAbstractMultivariateOptimizer.java:125)
    at org.apache.commons.math3.optimization.direct.BaseAbstractMultivariateSimpleBoundsOptimizer.optimize(BaseAbstractMultivariateSimpleBoundsOptimizer.java:138)

java.lang.OutOfMemoryError: GC overhead limit exceeded
    at java.lang.Double.valueOf(Double.java:519)
    at fr.inria.lille.commons.trace.RuntimeValues.collectInput(RuntimeValues.java:73)
    at org.apache.commons.math3.optimization.direct.BOBYQAOptimizer.trsbox(BOBYQAOptimizer.java:1429)
    at org.apache.commons.math3.optimization.direct.BOBYQAOptimizer.bobyqb(BOBYQAOptimizer.java:216)
    at org.apache.commons.math3.optimization.direct.BOBYQAOptimizer.bobyqa(BOBYQAOptimizer.java:132)
    at org.apache.commons.math3.optimization.direct.BOBYQAOptimizer.doOptimize(BOBYQAOptimizer.java:94)
09:08:49.797 [pool-25-thread-1] INFO  f.i.l.c.t.SpecificationTestCasesListener - Tests run finished (130287 ms)
<> Total tests run: 1
<> Ignored tests: 0
<> Failed tests: 1
~ testAckley(org.apache.commons.math3.optimization.direct.BOBYQAOptimizerTest)
[GC overhead limit exceeded]
java.lang.OutOfMemoryError: GC overhead limit exceeded    at java.lang.Double.valueOf(Double.java:519)
    at fr.inria.lille.commons.trace.RuntimeValues.collectInput(RuntimeValues.java:73)
    at org.apache.commons.math3.optimization.direct.BOBYQAOptimizer.trsbox(BOBYQAOptimizer.java:1429)
    at org.apache.commons.math3.optimization.direct.BOBYQAOptimizer.bobyqb(BOBYQAOptimizer.java:216)
    at org.apache.commons.math3.optimization.direct.BOBYQAOptimizer.bobyqa(BOBYQAOptimizer.java:132)
    at org.apache.commons.math3.optimization.direct.BOBYQAOptimizer.doOptimize(BOBYQAOptimizer.java:94)

09:12:09.798 [pool-23-thread-1] DEBUG xxl.java.junit.TestSuiteExecution - Timeout after 200 seconds. Infinite loop?
09:12:09.799 [pool-2-thread-1] ERROR fr.inria.lille.repair.nopol.NoPol - Error ExecutionException java.util.concurrent.ExecutionException: java.lang.RuntimeException: java.util.concurrent.TimeoutException
09:12:09.799 [pool-2-thread-1] DEBUG fr.inria.lille.repair.nopol.NoPol - statement #7
09:12:09.799 [pool-2-thread-1] DEBUG fr.inria.lille.repair.nopol.NoPol - Analysing SourceLocation org.apache.commons.math3.optimization.direct.BOBYQAOptimizer:880 which is executed by 7 tests
283261218
09:12:10.005 [pool-2-thread-1] DEBUG fr.inria.lille.repair.nopol.NoPol - looking with class fr.inria.lille.repair.nopol.spoon.smt.ConditionalAdder
java.lang.AssertionError: expected:<0.0> but was:<1.047765607609108E-8>
    at org.junit.Assert.fail(Assert.java:88)
    at org.junit.Assert.failNotEquals(Assert.java:743)
    at org.junit.Assert.assertEquals(Assert.java:494)
    at org.apache.commons.math3.optimization.direct.BOBYQAOptimizerTest.doTest(BOBYQAOptimizerTest.java:326)
    at org.apache.commons.math3.optimization.direct.BOBYQAOptimizerTest.doTest(BOBYQAOptimizerTest.java:276)
    at org.apache.commons.math3.optimization.direct.BOBYQAOptimizerTest.testAckley(BOBYQAOptimizerTest.java:205)
org.apache.commons.math3.exception.TooManyEvaluationsException: illegal state: maximal count (12,000) exceeded: evaluations
    at org.apache.commons.math3.optimization.direct.BaseAbstractMultivariateOptimizer.computeObjectiveValue(BaseAbstractMultivariateOptimizer.java:96)
    at org.apache.commons.math3.optimization.direct.BOBYQAOptimizer.bobyqb(BOBYQAOptimizer.java:827)
    at org.apache.commons.math3.optimization.direct.BOBYQAOptimizer.bobyqa(BOBYQAOptimizer.java:333)
    at org.apache.commons.math3.optimization.direct.BOBYQAOptimizer.doOptimize(BOBYQAOptimizer.java:245)
    at org.apache.commons.math3.optimization.direct.BaseAbstractMultivariateOptimizer.optimize(BaseAbstractMultivariateOptimizer.java:125)
    at org.apache.commons.math3.optimization.direct.BaseAbstractMultivariateSimpleBoundsOptimizer.optimize(BaseAbstractMultivariateSimpleBoundsOptimizer.java:138)
java.lang.AssertionError: expected:<0.0> but was:<1.047765607609108E-8>
    at org.junit.Assert.fail(Assert.java:88)
    at org.junit.Assert.failNotEquals(Assert.java:743)
    at org.junit.Assert.assertEquals(Assert.java:494)
    at org.apache.commons.math3.optimization.direct.BOBYQAOptimizerTest.doTest(BOBYQAOptimizerTest.java:326)
    at org.apache.commons.math3.optimization.direct.BOBYQAOptimizerTest.doTest(BOBYQAOptimizerTest.java:276)
    at org.apache.commons.math3.optimization.direct.BOBYQAOptimizerTest.testAckley(BOBYQAOptimizerTest.java:205)
org.apache.commons.math3.exception.TooManyEvaluationsException: illegal state: maximal count (12,000) exceeded: evaluations
    at org.apache.commons.math3.optimization.direct.BaseAbstractMultivariateOptimizer.computeObjectiveValue(BaseAbstractMultivariateOptimizer.java:96)
    at org.apache.commons.math3.optimization.direct.BOBYQAOptimizer.bobyqb(BOBYQAOptimizer.java:827)
    at org.apache.commons.math3.optimization.direct.BOBYQAOptimizer.bobyqa(BOBYQAOptimizer.java:333)
    at org.apache.commons.math3.optimization.direct.BOBYQAOptimizer.doOptimize(BOBYQAOptimizer.java:245)
    at org.apache.commons.math3.optimization.direct.BaseAbstractMultivariateOptimizer.optimize(BaseAbstractMultivariateOptimizer.java:125)
    at org.apache.commons.math3.optimization.direct.BaseAbstractMultivariateSimpleBoundsOptimizer.optimize(BaseAbstractMultivariateSimpleBoundsOptimizer.java:138)
09:12:52.428 [pool-28-thread-1] INFO  xxl.java.junit.TestCasesListener - Tests run finished (42401 ms)
<> Total tests run: 38
<> Ignored tests: 0
<> Failed tests: 4
~ testAckley(org.apache.commons.math3.optimization.direct.BOBYQAOptimizerTest)
[expected:<0.0> but was:<1.047765607609108E-8>]
java.lang.AssertionError: expected:<0.0> but was:<1.047765607609108E-8>    at org.junit.Assert.fail(Assert.java:88)
    at org.junit.Assert.failNotEquals(Assert.java:743)
    at org.junit.Assert.assertEquals(Assert.java:494)
    at org.apache.commons.math3.optimization.direct.BOBYQAOptimizerTest.doTest(BOBYQAOptimizerTest.java:326)
    at org.apache.commons.math3.optimization.direct.BOBYQAOptimizerTest.doTest(BOBYQAOptimizerTest.java:276)
    at org.apache.commons.math3.optimization.direct.BOBYQAOptimizerTest.testAckley(BOBYQAOptimizerTest.java:205)
~ testDiffPow(org.apache.commons.math3.optimization.direct.BOBYQAOptimizerTest)
[illegal state: maximal count (12,000) exceeded: evaluations]
org.apache.commons.math3.exception.TooManyEvaluationsException: illegal state: maximal count (12,000) exceeded: evaluations    at org.apache.commons.math3.optimization.direct.BaseAbstractMultivariateOptimizer.computeObjectiveValue(BaseAbstractMultivariateOptimizer.java:96)
    at org.apache.commons.math3.optimization.direct.BOBYQAOptimizer.bobyqb(BOBYQAOptimizer.java:827)
    at org.apache.commons.math3.optimization.direct.BOBYQAOptimizer.bobyqa(BOBYQAOptimizer.java:333)
    at org.apache.commons.math3.optimization.direct.BOBYQAOptimizer.doOptimize(BOBYQAOptimizer.java:245)
    at org.apache.commons.math3.optimization.direct.BaseAbstractMultivariateOptimizer.optimize(BaseAbstractMultivariateOptimizer.java:125)
    at org.apache.commons.math3.optimization.direct.BaseAbstractMultivariateSimpleBoundsOptimizer.optimize(BaseAbstractMultivariateSimpleBoundsOptimizer.java:138)
~ testAckley(org.apache.commons.math3.optimization.direct.BOBYQAOptimizerTest)
[expected:<0.0> but was:<1.047765607609108E-8>]
java.lang.AssertionError: expected:<0.0> but was:<1.047765607609108E-8>    at org.junit.Assert.fail(Assert.java:88)
    at org.junit.Assert.failNotEquals(Assert.java:743)
    at org.junit.Assert.assertEquals(Assert.java:494)
    at org.apache.commons.math3.optimization.direct.BOBYQAOptimizerTest.doTest(BOBYQAOptimizerTest.java:326)
    at org.apache.commons.math3.optimization.direct.BOBYQAOptimizerTest.doTest(BOBYQAOptimizerTest.java:276)
    at org.apache.commons.math3.optimization.direct.BOBYQAOptimizerTest.testAckley(BOBYQAOptimizerTest.java:205)
~ testDiffPow(org.apache.commons.math3.optimization.direct.BOBYQAOptimizerTest)
[illegal state: maximal count (12,000) exceeded: evaluations]
org.apache.commons.math3.exception.TooManyEvaluationsException: illegal state: maximal count (12,000) exceeded: evaluations    at org.apache.commons.math3.optimization.direct.BaseAbstractMultivariateOptimizer.computeObjectiveValue(BaseAbstractMultivariateOptimizer.java:96)
    at org.apache.commons.math3.optimization.direct.BOBYQAOptimizer.bobyqb(BOBYQAOptimizer.java:827)
    at org.apache.commons.math3.optimization.direct.BOBYQAOptimizer.bobyqa(BOBYQAOptimizer.java:333)
    at org.apache.commons.math3.optimization.direct.BOBYQAOptimizer.doOptimize(BOBYQAOptimizer.java:245)
    at org.apache.commons.math3.optimization.direct.BaseAbstractMultivariateOptimizer.optimize(BaseAbstractMultivariateOptimizer.java:125)
    at org.apache.commons.math3.optimization.direct.BaseAbstractMultivariateSimpleBoundsOptimizer.optimize(BaseAbstractMultivariateSimpleBoundsOptimizer.java:138)

09:12:53.592 [pool-29-thread-1] INFO  f.i.l.c.t.SpecificationTestCasesListener - Tests run finished (651 ms)
<> Total tests run: 1
<> Ignored tests: 0
<> Failed tests: 0

09:12:55.784 [pool-30-thread-1] INFO  f.i.l.c.t.SpecificationTestCasesListener - Tests run finished (2185 ms)
<> Total tests run: 1
<> Ignored tests: 0
<> Failed tests: 0

java.lang.AssertionError: expected:<0.0> but was:<1.047765607609108E-8>
    at org.junit.Assert.fail(Assert.java:88)
    at org.junit.Assert.failNotEquals(Assert.java:743)
    at org.junit.Assert.assertEquals(Assert.java:494)
    at org.apache.commons.math3.optimization.direct.BOBYQAOptimizerTest.doTest(BOBYQAOptimizerTest.java:326)
    at org.apache.commons.math3.optimization.direct.BOBYQAOptimizerTest.doTest(BOBYQAOptimizerTest.java:276)
    at org.apache.commons.math3.optimization.direct.BOBYQAOptimizerTest.testAckley(BOBYQAOptimizerTest.java:205)
09:12:56.109 [pool-31-thread-1] INFO  f.i.l.c.t.SpecificationTestCasesListener - Tests run finished (324 ms)
<> Total tests run: 1
<> Ignored tests: 0
<> Failed tests: 1
~ testAckley(org.apache.commons.math3.optimization.direct.BOBYQAOptimizerTest)
[expected:<0.0> but was:<1.047765607609108E-8>]
java.lang.AssertionError: expected:<0.0> but was:<1.047765607609108E-8>    at org.junit.Assert.fail(Assert.java:88)
    at org.junit.Assert.failNotEquals(Assert.java:743)
    at org.junit.Assert.assertEquals(Assert.java:494)
    at org.apache.commons.math3.optimization.direct.BOBYQAOptimizerTest.doTest(BOBYQAOptimizerTest.java:326)
    at org.apache.commons.math3.optimization.direct.BOBYQAOptimizerTest.doTest(BOBYQAOptimizerTest.java:276)
    at org.apache.commons.math3.optimization.direct.BOBYQAOptimizerTest.testAckley(BOBYQAOptimizerTest.java:205)

org.apache.commons.math3.exception.TooManyEvaluationsException: illegal state: maximal count (12,000) exceeded: evaluations
    at org.apache.commons.math3.optimization.direct.BaseAbstractMultivariateOptimizer.computeObjectiveValue(BaseAbstractMultivariateOptimizer.java:96)
    at org.apache.commons.math3.optimization.direct.BOBYQAOptimizer.bobyqb(BOBYQAOptimizer.java:461)
    at org.apache.commons.math3.optimization.direct.BOBYQAOptimizer.bobyqa(BOBYQAOptimizer.java:132)
    at org.apache.commons.math3.optimization.direct.BOBYQAOptimizer.doOptimize(BOBYQAOptimizer.java:94)
    at org.apache.commons.math3.optimization.direct.BaseAbstractMultivariateOptimizer.optimize(BaseAbstractMultivariateOptimizer.java:125)
    at org.apache.commons.math3.optimization.direct.BaseAbstractMultivariateSimpleBoundsOptimizer.optimize(BaseAbstractMultivariateSimpleBoundsOptimizer.java:138)
09:12:58.932 [pool-32-thread-1] INFO  f.i.l.c.t.SpecificationTestCasesListener - Tests run finished (2813 ms)
<> Total tests run: 1
<> Ignored tests: 0
<> Failed tests: 1
~ testDiffPow(org.apache.commons.math3.optimization.direct.BOBYQAOptimizerTest)
[illegal state: maximal count (12,000) exceeded: evaluations]
org.apache.commons.math3.exception.TooManyEvaluationsException: illegal state: maximal count (12,000) exceeded: evaluations    at org.apache.commons.math3.optimization.direct.BaseAbstractMultivariateOptimizer.computeObjectiveValue(BaseAbstractMultivariateOptimizer.java:96)
    at org.apache.commons.math3.optimization.direct.BOBYQAOptimizer.bobyqb(BOBYQAOptimizer.java:461)
    at org.apache.commons.math3.optimization.direct.BOBYQAOptimizer.bobyqa(BOBYQAOptimizer.java:132)
    at org.apache.commons.math3.optimization.direct.BOBYQAOptimizer.doOptimize(BOBYQAOptimizer.java:94)
    at org.apache.commons.math3.optimization.direct.BaseAbstractMultivariateOptimizer.optimize(BaseAbstractMultivariateOptimizer.java:125)
    at org.apache.commons.math3.optimization.direct.BaseAbstractMultivariateSimpleBoundsOptimizer.optimize(BaseAbstractMultivariateSimpleBoundsOptimizer.java:138)

09:13:00.094 [pool-33-thread-1] INFO  f.i.l.r.n.s.ConstraintModelBuilder$1PassingListener - Tests run finished (1160 ms)
<> Total tests run: 1
<> Ignored tests: 0
<> Failed tests: 0

09:13:06.281 [pool-34-thread-1] INFO  f.i.l.r.n.s.ConstraintModelBuilder$1PassingListener - Tests run finished (6183 ms)
<> Total tests run: 1
<> Ignored tests: 0
<> Failed tests: 0

09:13:07.402 [pool-35-thread-1] INFO  f.i.l.r.n.s.ConstraintModelBuilder$1PassingListener - Tests run finished (1104 ms)
<> Total tests run: 1
<> Ignored tests: 0
<> Failed tests: 0

09:13:08.672 [pool-36-thread-1] INFO  f.i.l.r.n.s.ConstraintModelBuilder$1PassingListener - Tests run finished (1268 ms)
<> Total tests run: 1
<> Ignored tests: 0
<> Failed tests: 0

09:13:08.967 [pool-37-thread-1] INFO  f.i.l.r.n.s.ConstraintModelBuilder$1PassingListener - Tests run finished (289 ms)
<> Total tests run: 1
<> Ignored tests: 0
<> Failed tests: 0

09:13:49.483 [pool-38-thread-1] INFO  f.i.l.r.n.s.ConstraintModelBuilder$1PassingListener - Tests run finished (40510 ms)
<> Total tests run: 1
<> Ignored tests: 0
<> Failed tests: 0

09:13:49.679 [pool-39-thread-1] INFO  f.i.l.r.n.s.ConstraintModelBuilder$1PassingListener - Tests run finished (194 ms)
<> Total tests run: 1
<> Ignored tests: 0
<> Failed tests: 0

09:13:49.834 [pool-40-thread-1] INFO  f.i.l.r.n.s.ConstraintModelBuilder$1PassingListener - Tests run finished (154 ms)
<> Total tests run: 1
<> Ignored tests: 0
<> Failed tests: 0

09:13:50.723 [pool-41-thread-1] INFO  f.i.l.r.n.s.ConstraintModelBuilder$1PassingListener - Tests run finished (887 ms)
<> Total tests run: 1
<> Ignored tests: 0
<> Failed tests: 0

09:13:50.879 [pool-42-thread-1] INFO  f.i.l.r.n.s.ConstraintModelBuilder$1PassingListener - Tests run finished (152 ms)
<> Total tests run: 1
<> Ignored tests: 0
<> Failed tests: 0

09:13:51.048 [pool-43-thread-1] INFO  f.i.l.r.n.s.ConstraintModelBuilder$1PassingListener - Tests run finished (169 ms)
<> Total tests run: 1
<> Ignored tests: 0
<> Failed tests: 0

java.lang.AssertionError: expected:<0.0> but was:<1.047765607609108E-8>
    at org.junit.Assert.fail(Assert.java:88)
    at org.junit.Assert.failNotEquals(Assert.java:743)
    at org.junit.Assert.assertEquals(Assert.java:494)
    at org.apache.commons.math3.optimization.direct.BOBYQAOptimizerTest.doTest(BOBYQAOptimizerTest.java:326)
    at org.apache.commons.math3.optimization.direct.BOBYQAOptimizerTest.doTest(BOBYQAOptimizerTest.java:276)
    at org.apache.commons.math3.optimization.direct.BOBYQAOptimizerTest.testAckley(BOBYQAOptimizerTest.java:205)
09:13:51.092 [pool-44-thread-1] INFO  f.i.l.r.n.s.ConstraintModelBuilder$1PassingListener - Tests run finished (43 ms)
<> Total tests run: 1
<> Ignored tests: 0
<> Failed tests: 1
~ testAckley(org.apache.commons.math3.optimization.direct.BOBYQAOptimizerTest)
[expected:<0.0> but was:<1.047765607609108E-8>]
java.lang.AssertionError: expected:<0.0> but was:<1.047765607609108E-8>    at org.junit.Assert.fail(Assert.java:88)
    at org.junit.Assert.failNotEquals(Assert.java:743)
    at org.junit.Assert.assertEquals(Assert.java:494)
    at org.apache.commons.math3.optimization.direct.BOBYQAOptimizerTest.doTest(BOBYQAOptimizerTest.java:326)
    at org.apache.commons.math3.optimization.direct.BOBYQAOptimizerTest.doTest(BOBYQAOptimizerTest.java:276)
    at org.apache.commons.math3.optimization.direct.BOBYQAOptimizerTest.testAckley(BOBYQAOptimizerTest.java:205)

09:14:15.563 [pool-45-thread-1] INFO  f.i.l.r.n.s.ConstraintModelBuilder$1PassingListener - Tests run finished (24470 ms)
<> Total tests run: 1
<> Ignored tests: 0
<> Failed tests: 0

org.apache.commons.math3.exception.TooManyEvaluationsException: illegal state: maximal count (12,000) exceeded: evaluations
    at org.apache.commons.math3.optimization.direct.BaseAbstractMultivariateOptimizer.computeObjectiveValue(BaseAbstractMultivariateOptimizer.java:96)
    at org.apache.commons.math3.optimization.direct.BOBYQAOptimizer.bobyqb(BOBYQAOptimizer.java:461)
    at org.apache.commons.math3.optimization.direct.BOBYQAOptimizer.bobyqa(BOBYQAOptimizer.java:132)
    at org.apache.commons.math3.optimization.direct.BOBYQAOptimizer.doOptimize(BOBYQAOptimizer.java:94)
    at org.apache.commons.math3.optimization.direct.BaseAbstractMultivariateOptimizer.optimize(BaseAbstractMultivariateOptimizer.java:125)
    at org.apache.commons.math3.optimization.direct.BaseAbstractMultivariateSimpleBoundsOptimizer.optimize(BaseAbstractMultivariateSimpleBoundsOptimizer.java:138)
09:14:15.942 [pool-46-thread-1] INFO  f.i.l.r.n.s.ConstraintModelBuilder$1PassingListener - Tests run finished (377 ms)
<> Total tests run: 1
<> Ignored tests: 0
<> Failed tests: 1
~ testDiffPow(org.apache.commons.math3.optimization.direct.BOBYQAOptimizerTest)
[illegal state: maximal count (12,000) exceeded: evaluations]
org.apache.commons.math3.exception.TooManyEvaluationsException: illegal state: maximal count (12,000) exceeded: evaluations    at org.apache.commons.math3.optimization.direct.BaseAbstractMultivariateOptimizer.computeObjectiveValue(BaseAbstractMultivariateOptimizer.java:96)
    at org.apache.commons.math3.optimization.direct.BOBYQAOptimizer.bobyqb(BOBYQAOptimizer.java:461)
    at org.apache.commons.math3.optimization.direct.BOBYQAOptimizer.bobyqa(BOBYQAOptimizer.java:132)
    at org.apache.commons.math3.optimization.direct.BOBYQAOptimizer.doOptimize(BOBYQAOptimizer.java:94)
    at org.apache.commons.math3.optimization.direct.BaseAbstractMultivariateOptimizer.optimize(BaseAbstractMultivariateOptimizer.java:125)
    at org.apache.commons.math3.optimization.direct.BaseAbstractMultivariateSimpleBoundsOptimizer.optimize(BaseAbstractMultivariateSimpleBoundsOptimizer.java:138)

09:14:16.406 [pool-27-thread-1] DEBUG f.i.l.c.s.ConstraintBasedSynthesis - Operators:
09:14:18.501 [pool-27-thread-1] DEBUG f.i.l.c.s.ConstraintBasedSynthesis - Operators:
== of arity: 2
!= of arity: 2
< of arity: 2
<= of arity: 2
09:17:10.988 [pool-27-thread-1] DEBUG f.i.l.c.s.ConstraintBasedSynthesis - Successful code synthesis: itest == biglsq
09:17:10.989 [pool-27-thread-1] INFO  f.i.l.repair.nopol.patch.TestPatch - Applying patch: org.apache.commons.math3.optimization.direct.BOBYQAOptimizer:880: PRECONDITION itest == biglsq
09:17:11.477 [pool-27-thread-1] INFO  f.i.l.repair.nopol.patch.TestPatch - Running test suite to check the patch "itest == biglsq" is working
09:17:37.216 [pool-2-thread-1] INFO  fr.inria.lille.repair.nopol.NoPol - ----INFORMATION----
09:17:37.470 [pool-2-thread-1] INFO  fr.inria.lille.repair.nopol.NoPol - Nb classes : 576
09:17:37.470 [pool-2-thread-1] INFO  fr.inria.lille.repair.nopol.NoPol - Nb methods : 3767
09:17:37.470 [pool-2-thread-1] INFO  fr.inria.lille.repair.nopol.NoPol - Nb Statements Analyzed : 6
09:17:37.470 [pool-2-thread-1] INFO  fr.inria.lille.repair.nopol.NoPol - Nb Statements with Angelic Value Found : 1
09:17:37.470 [pool-2-thread-1] INFO  fr.inria.lille.repair.nopol.NoPol - Nb inputs in SMT : 1934
09:17:37.470 [pool-2-thread-1] INFO  fr.inria.lille.repair.nopol.NoPol - Nb SMT level: 2
09:17:37.470 [pool-2-thread-1] INFO  fr.inria.lille.repair.nopol.NoPol - Nb SMT components: [4] [== of arity: 2, != of arity: 2, < of arity: 2, <= of arity: 2]
09:17:37.471 [pool-2-thread-1] INFO  fr.inria.lille.repair.nopol.NoPol -                   class java.lang.Boolean: 4
09:17:37.471 [pool-2-thread-1] INFO  fr.inria.lille.repair.nopol.NoPol - Nb variables in SMT : 107
09:17:37.471 [pool-2-thread-1] INFO  fr.inria.lille.repair.nopol.NoPol - NoPol Execution time : 1245628ms
09:17:37.471 [pool-2-thread-1] INFO  fr.inria.lille.repair.nopol.NoPol - 
09:17:37.471 [pool-2-thread-1] INFO  fr.inria.lille.repair.nopol.NoPol - ----PATCH FOUND----
09:17:37.471 [pool-2-thread-1] INFO  fr.inria.lille.repair.nopol.NoPol - itest == biglsq
09:17:37.566 [pool-2-thread-1] INFO  fr.inria.lille.repair.nopol.NoPol - Nb test that executes the patch: 7
09:17:37.566 [pool-2-thread-1] INFO  fr.inria.lille.repair.nopol.NoPol - org.apache.commons.math3.optimization.direct.BOBYQAOptimizer:880: PRECONDITION
09:17:37.615 [pool-2-thread-1] INFO  fr.inria.lille.repair.nopol.NoPol - --- a/src/main/java/org/apache/commons/math3/optimization/direct/BOBYQAOptimizer.java
+++ b/src/main/java/org/apache/commons/math3/optimization/direct/BOBYQAOptimizer.java
@@ -879,3 +879,5 @@
                     // Computing MAX
-                    delta = Math.max(hDelta, dnorm);
+                    if (itest == biglsq) {
+                        delta = Math.max(hDelta, dnorm);
+                    }
                 } else {

PATCH
2158.99user 6.39system 20:47.84elapsed 173%CPU (0avgtext+0avgdata 4648980maxresident)k
56976inputs+15672outputs (24major+2069381minor)pagefaults 0swaps


Node: graphene-126.nancy.grid5000.fr



Date: Sat Dec 29 09:17:38 EST 2018

