cd /tmp/Nopol_Bug_dot_jar_Commons-Math_a7363a2a;
export JAVA_TOOL_OPTIONS="-Dfile.encoding=UTF8 -Duser.language=en-US -Duser.country=US -Duser.language=en";
TZ="America/New_York"; export TZ;
export PATH="/usr/lib/jvm/java-1.8.0-openjdk-amd64/bin/:$PATH";
export JAVA_HOME="/usr/lib/jvm/java-1.8.0-openjdk-amd64/bin/";
time java -Xmx4g -Xms1g -cp /home/tdurieux/defects4j4repair/script/../repair_tools/nopol.jar:/usr/lib/jvm/java-1.8.0-openjdk-amd64/bin//../lib/tools.jar fr.inria.lille.repair.Main \
	--mode repair \
	--type pre_then_cond \
	--oracle angelic \
	--synthesis smt \
	--flocal gzoltar \
	--json \
	--solver z3 \
	--solver-path /home/tdurieux/defects4j4repair/script/../libs/z3/build/z3 \
	--complianceLevel 7 \
	--source src/main/java \
	--classpath "target/classes:target/test-classes:/home/tdurieux/.m2/repository/junit/junit/4.11/junit-4.11.jar:/home/tdurieux/.m2/repository/org/hamcrest/hamcrest-core/1.3/hamcrest-core-1.3.jar:/home/tdurieux/defects4j4repair/script/../repair_tools/nopol.jar";
	echo "\n\nNode: `hostname`\n";
	echo "\n\nDate: `date`\n";
Picked up JAVA_TOOL_OPTIONS: -Dfile.encoding=UTF8 -Duser.language=en-US -Duser.country=US -Duser.language=en
08:36:47.683 [main] INFO  fr.inria.lille.repair.nopol.NoPol - Source files: [src/main/java]
08:36:47.695 [main] INFO  fr.inria.lille.repair.nopol.NoPol - Classpath: [file:/tmp/Nopol_Bug_dot_jar_Commons-Math_a7363a2a/target/classes/, file:/tmp/Nopol_Bug_dot_jar_Commons-Math_a7363a2a/target/test-classes/, file:/home/tdurieux/.m2/repository/junit/junit/4.11/junit-4.11.jar, file:/home/tdurieux/.m2/repository/org/hamcrest/hamcrest-core/1.3/hamcrest-core-1.3.jar, file:/home/tdurieux/defects4j4repair/script/../repair_tools/nopol.jar]
08:36:47.695 [main] INFO  fr.inria.lille.repair.nopol.NoPol - Statement type: PRE_THEN_COND
08:36:47.695 [main] INFO  fr.inria.lille.repair.nopol.NoPol - Args: [org.apache.commons.math3.RetryRunnerTest, org.apache.commons.math3.analysis.FunctionUtilsTest, org.apache.commons.math3.analysis.differentiation.DSCompilerTest, org.apache.commons.math3.analysis.differentiation.DerivativeStructureTest, org.apache.commons.math3.analysis.differentiation.FiniteDifferencesDifferentiatorTest, org.apache.commons.math3.analysis.differentiation.GradientFunctionTest, org.apache.commons.math3.analysis.differentiation.JacobianFunctionTest, org.apache.commons.math3.analysis.differentiation.SparseGradientTest, org.apache.commons.math3.analysis.function.GaussianTest, org.apache.commons.math3.analysis.function.HarmonicOscillatorTest, org.apache.commons.math3.analysis.function.LogisticTest, org.apache.commons.math3.analysis.function.LogitTest, org.apache.commons.math3.analysis.function.SigmoidTest, org.apache.commons.math3.analysis.function.SincTest, org.apache.commons.math3.analysis.function.SqrtTest, org.apache.commons.math3.analysis.function.StepFunctionTest, org.apache.commons.math3.analysis.integration.IterativeLegendreGaussIntegratorTest, org.apache.commons.math3.analysis.integration.LegendreGaussIntegratorTest, org.apache.commons.math3.analysis.integration.MidPointIntegratorTest, org.apache.commons.math3.analysis.integration.RombergIntegratorTest, org.apache.commons.math3.analysis.integration.SimpsonIntegratorTest, org.apache.commons.math3.analysis.integration.TrapezoidIntegratorTest, org.apache.commons.math3.analysis.integration.gauss.BaseRuleFactoryTest, org.apache.commons.math3.analysis.integration.gauss.GaussIntegratorTest, org.apache.commons.math3.analysis.integration.gauss.HermiteParametricTest, org.apache.commons.math3.analysis.integration.gauss.HermiteTest, org.apache.commons.math3.analysis.integration.gauss.LegendreHighPrecisionParametricTest, org.apache.commons.math3.analysis.integration.gauss.LegendreHighPrecisionTest, org.apache.commons.math3.analysis.integration.gauss.LegendreParametricTest, org.apache.commons.math3.analysis.integration.gauss.LegendreTest, org.apache.commons.math3.analysis.interpolation.BicubicSplineInterpolatingFunctionTest, org.apache.commons.math3.analysis.interpolation.BicubicSplineInterpolatorTest, org.apache.commons.math3.analysis.interpolation.DividedDifferenceInterpolatorTest, org.apache.commons.math3.analysis.interpolation.FieldHermiteInterpolatorTest, org.apache.commons.math3.analysis.interpolation.HermiteInterpolatorTest, org.apache.commons.math3.analysis.interpolation.LinearInterpolatorTest, org.apache.commons.math3.analysis.interpolation.LoessInterpolatorTest, org.apache.commons.math3.analysis.interpolation.MicrosphereInterpolatorTest, org.apache.commons.math3.analysis.interpolation.NevilleInterpolatorTest, org.apache.commons.math3.analysis.interpolation.SmoothingPolynomialBicubicSplineInterpolatorTest, org.apache.commons.math3.analysis.interpolation.SplineInterpolatorTest, org.apache.commons.math3.analysis.interpolation.TricubicSplineInterpolatingFunctionTest, org.apache.commons.math3.analysis.interpolation.TricubicSplineInterpolatorTest, org.apache.commons.math3.analysis.interpolation.UnivariatePeriodicInterpolatorTest, org.apache.commons.math3.analysis.polynomials.PolynomialFunctionLagrangeFormTest, org.apache.commons.math3.analysis.polynomials.PolynomialFunctionNewtonFormTest, org.apache.commons.math3.analysis.polynomials.PolynomialFunctionTest, org.apache.commons.math3.analysis.polynomials.PolynomialSplineFunctionTest, org.apache.commons.math3.analysis.polynomials.PolynomialsUtilsTest, org.apache.commons.math3.analysis.solvers.BisectionSolverTest, org.apache.commons.math3.analysis.solvers.BracketingNthOrderBrentSolverTest, org.apache.commons.math3.analysis.solvers.BrentSolverTest, org.apache.commons.math3.analysis.solvers.IllinoisSolverTest, org.apache.commons.math3.analysis.solvers.LaguerreSolverTest, org.apache.commons.math3.analysis.solvers.MullerSolver2Test, org.apache.commons.math3.analysis.solvers.MullerSolverTest, org.apache.commons.math3.analysis.solvers.NewtonRaphsonSolverTest, org.apache.commons.math3.analysis.solvers.NewtonSolverTest, org.apache.commons.math3.analysis.solvers.PegasusSolverTest, org.apache.commons.math3.analysis.solvers.RegulaFalsiSolverTest, org.apache.commons.math3.analysis.solvers.RiddersSolverTest, org.apache.commons.math3.analysis.solvers.SecantSolverTest, org.apache.commons.math3.analysis.solvers.UnivariateSolverUtilsTest, org.apache.commons.math3.complex.ComplexFieldTest, org.apache.commons.math3.complex.ComplexFormatTest, org.apache.commons.math3.complex.ComplexTest, org.apache.commons.math3.complex.ComplexUtilsTest, org.apache.commons.math3.complex.FrenchComplexFormatTest, org.apache.commons.math3.complex.QuaternionTest, org.apache.commons.math3.complex.RootsOfUnityTest, org.apache.commons.math3.dfp.BracketingNthOrderBrentSolverDFPTest, org.apache.commons.math3.dfp.DfpDecTest, org.apache.commons.math3.dfp.DfpMathTest, org.apache.commons.math3.dfp.DfpTest, org.apache.commons.math3.distribution.AbstractIntegerDistributionTest, org.apache.commons.math3.distribution.AbstractRealDistributionTest, org.apache.commons.math3.distribution.BetaDistributionTest, org.apache.commons.math3.distribution.BinomialDistributionTest, org.apache.commons.math3.distribution.CauchyDistributionTest, org.apache.commons.math3.distribution.ChiSquaredDistributionTest, org.apache.commons.math3.distribution.ConstantRealDistributionTest, org.apache.commons.math3.distribution.EnumeratedIntegerDistributionTest, org.apache.commons.math3.distribution.EnumeratedRealDistributionTest, org.apache.commons.math3.distribution.ExponentialDistributionTest, org.apache.commons.math3.distribution.FDistributionTest, org.apache.commons.math3.distribution.GammaDistributionTest, org.apache.commons.math3.distribution.GeometricDistributionTest, org.apache.commons.math3.distribution.HypergeometricDistributionTest, org.apache.commons.math3.distribution.KolmogorovSmirnovDistributionTest, org.apache.commons.math3.distribution.LevyDistributionTest, org.apache.commons.math3.distribution.LogNormalDistributionTest, org.apache.commons.math3.distribution.MultivariateNormalDistributionTest, org.apache.commons.math3.distribution.MultivariateNormalMixtureModelDistributionTest, org.apache.commons.math3.distribution.NormalDistributionTest, org.apache.commons.math3.distribution.ParetoDistributionTest, org.apache.commons.math3.distribution.PascalDistributionTest, org.apache.commons.math3.distribution.PoissonDistributionTest, org.apache.commons.math3.distribution.TDistributionTest, org.apache.commons.math3.distribution.TriangularDistributionTest, org.apache.commons.math3.distribution.UniformIntegerDistributionTest, org.apache.commons.math3.distribution.UniformRealDistributionTest, org.apache.commons.math3.distribution.WeibullDistributionTest, org.apache.commons.math3.distribution.ZipfDistributionTest, org.apache.commons.math3.distribution.fitting.MultivariateNormalMixtureExpectationMaximizationTest, org.apache.commons.math3.exception.DimensionMismatchExceptionTest, org.apache.commons.math3.exception.MaxCountExceededExceptionTest, org.apache.commons.math3.exception.NonMonotonicSequenceExceptionTest, org.apache.commons.math3.exception.NotPositiveExceptionTest, org.apache.commons.math3.exception.NotStrictlyPositiveExceptionTest, org.apache.commons.math3.exception.NumberIsTooLargeExceptionTest, org.apache.commons.math3.exception.NumberIsTooSmallExceptionTest, org.apache.commons.math3.exception.OutOfRangeExceptionTest, org.apache.commons.math3.exception.TooManyEvaluationsExceptionTest, org.apache.commons.math3.exception.util.ArgUtilsTest, org.apache.commons.math3.exception.util.ExceptionContextTest, org.apache.commons.math3.exception.util.LocalizedFormatsTest, org.apache.commons.math3.filter.KalmanFilterTest, org.apache.commons.math3.fitting.CurveFitterTest, org.apache.commons.math3.fitting.GaussianCurveFitterTest, org.apache.commons.math3.fitting.GaussianFitterTest, org.apache.commons.math3.fitting.HarmonicCurveFitterTest, org.apache.commons.math3.fitting.HarmonicFitterTest, org.apache.commons.math3.fitting.PolynomialCurveFitterTest, org.apache.commons.math3.fitting.PolynomialFitterTest, org.apache.commons.math3.fitting.WeightedObservedPointsTest, org.apache.commons.math3.fitting.leastsquares.EvaluationRmsCheckerTest, org.apache.commons.math3.fitting.leastsquares.EvaluationTest, org.apache.commons.math3.fitting.leastsquares.EvaluationTestValidation, org.apache.commons.math3.fitting.leastsquares.GaussNewtonOptimizerWithCholeskyTest, org.apache.commons.math3.fitting.leastsquares.GaussNewtonOptimizerWithLUTest, org.apache.commons.math3.fitting.leastsquares.GaussNewtonOptimizerWithQRTest, org.apache.commons.math3.fitting.leastsquares.GaussNewtonOptimizerWithSVDTest, org.apache.commons.math3.fitting.leastsquares.LevenbergMarquardtOptimizerTest, org.apache.commons.math3.fitting.leastsquares.MinpackTest, org.apache.commons.math3.fraction.BigFractionFieldTest, org.apache.commons.math3.fraction.BigFractionFormatTest, org.apache.commons.math3.fraction.BigFractionTest, org.apache.commons.math3.fraction.FractionFieldTest, org.apache.commons.math3.fraction.FractionFormatTest, org.apache.commons.math3.fraction.FractionTest, org.apache.commons.math3.genetics.BinaryChromosomeTest, org.apache.commons.math3.genetics.BinaryMutationTest, org.apache.commons.math3.genetics.ChromosomeTest, org.apache.commons.math3.genetics.CycleCrossoverTest, org.apache.commons.math3.genetics.ElitisticListPopulationTest, org.apache.commons.math3.genetics.FitnessCachingTest, org.apache.commons.math3.genetics.FixedElapsedTimeTest, org.apache.commons.math3.genetics.FixedGenerationCountTest, org.apache.commons.math3.genetics.GeneticAlgorithmTestBinary, org.apache.commons.math3.genetics.GeneticAlgorithmTestPermutations, org.apache.commons.math3.genetics.ListPopulationTest, org.apache.commons.math3.genetics.NPointCrossoverTest, org.apache.commons.math3.genetics.OnePointCrossoverTest, org.apache.commons.math3.genetics.OrderedCrossoverTest, org.apache.commons.math3.genetics.RandomKeyMutationTest, org.apache.commons.math3.genetics.RandomKeyTest, org.apache.commons.math3.genetics.TournamentSelectionTest, org.apache.commons.math3.genetics.UniformCrossoverTest, org.apache.commons.math3.geometry.enclosing.WelzlEncloser2DTest, org.apache.commons.math3.geometry.enclosing.WelzlEncloser3DTest, org.apache.commons.math3.geometry.euclidean.oned.Euclidean1DTest, org.apache.commons.math3.geometry.euclidean.oned.FrenchVector1DFormatTest, org.apache.commons.math3.geometry.euclidean.oned.IntervalTest, org.apache.commons.math3.geometry.euclidean.oned.IntervalsSetTest, org.apache.commons.math3.geometry.euclidean.oned.Vector1DFormatTest, org.apache.commons.math3.geometry.euclidean.oned.Vector1DTest, org.apache.commons.math3.geometry.euclidean.threed.Euclidean3DTest, org.apache.commons.math3.geometry.euclidean.threed.FieldRotationDSTest, org.apache.commons.math3.geometry.euclidean.threed.FieldRotationDfpTest, org.apache.commons.math3.geometry.euclidean.threed.FieldVector3DTest, org.apache.commons.math3.geometry.euclidean.threed.FrenchVector3DFormatTest, org.apache.commons.math3.geometry.euclidean.threed.LineTest, org.apache.commons.math3.geometry.euclidean.threed.PlaneTest, org.apache.commons.math3.geometry.euclidean.threed.PolyhedronsSetTest, org.apache.commons.math3.geometry.euclidean.threed.RotationOrderTest, org.apache.commons.math3.geometry.euclidean.threed.RotationTest, org.apache.commons.math3.geometry.euclidean.threed.SphereGeneratorTest, org.apache.commons.math3.geometry.euclidean.threed.SphericalCoordinatesTest, org.apache.commons.math3.geometry.euclidean.threed.SubLineTest, org.apache.commons.math3.geometry.euclidean.threed.Vector3DFormatTest, org.apache.commons.math3.geometry.euclidean.threed.Vector3DTest, org.apache.commons.math3.geometry.euclidean.twod.DiskGeneratorTest, org.apache.commons.math3.geometry.euclidean.twod.Euclidean2DTest, org.apache.commons.math3.geometry.euclidean.twod.FrenchVector2DFormatTest, org.apache.commons.math3.geometry.euclidean.twod.LineTest, org.apache.commons.math3.geometry.euclidean.twod.PolygonsSetTest, org.apache.commons.math3.geometry.euclidean.twod.SegmentTest, org.apache.commons.math3.geometry.euclidean.twod.SubLineTest, org.apache.commons.math3.geometry.euclidean.twod.Vector2DFormatTest, org.apache.commons.math3.geometry.euclidean.twod.Vector2DTest, org.apache.commons.math3.geometry.euclidean.twod.hull.AklToussaintHeuristicTest, org.apache.commons.math3.geometry.euclidean.twod.hull.MonotoneChainTest, org.apache.commons.math3.geometry.partitioning.utilities.AVLTreeTest, org.apache.commons.math3.geometry.spherical.oned.ArcTest, org.apache.commons.math3.geometry.spherical.oned.ArcsSetTest, org.apache.commons.math3.geometry.spherical.oned.LimitAngleTest, org.apache.commons.math3.geometry.spherical.oned.S1PointTest, org.apache.commons.math3.geometry.spherical.oned.Sphere1Test, org.apache.commons.math3.geometry.spherical.twod.CircleTest, org.apache.commons.math3.geometry.spherical.twod.S2PointTest, org.apache.commons.math3.geometry.spherical.twod.SphericalPolygonsSetTest, org.apache.commons.math3.geometry.spherical.twod.SubCircleTest, org.apache.commons.math3.linear.Array2DRowRealMatrixTest, org.apache.commons.math3.linear.ArrayFieldVectorTest, org.apache.commons.math3.linear.ArrayRealVectorTest, org.apache.commons.math3.linear.BiDiagonalTransformerTest, org.apache.commons.math3.linear.BlockFieldMatrixTest, org.apache.commons.math3.linear.BlockRealMatrixTest, org.apache.commons.math3.linear.CholeskyDecompositionTest, org.apache.commons.math3.linear.CholeskySolverTest, org.apache.commons.math3.linear.ConjugateGradientTest, org.apache.commons.math3.linear.DiagonalMatrixTest, org.apache.commons.math3.linear.EigenDecompositionTest, org.apache.commons.math3.linear.EigenSolverTest, org.apache.commons.math3.linear.FieldLUDecompositionTest, org.apache.commons.math3.linear.FieldLUSolverTest, org.apache.commons.math3.linear.FieldMatrixImplTest, org.apache.commons.math3.linear.FrenchRealVectorFormatTest, org.apache.commons.math3.linear.HessenbergTransformerTest, org.apache.commons.math3.linear.LUDecompositionTest, org.apache.commons.math3.linear.LUSolverTest, org.apache.commons.math3.linear.MatrixDimensionMismatchExceptionTest, org.apache.commons.math3.linear.MatrixUtilsTest, org.apache.commons.math3.linear.OpenMapRealMatrixTest, org.apache.commons.math3.linear.QRDecompositionTest, org.apache.commons.math3.linear.QRSolverTest, org.apache.commons.math3.linear.RRQRDecompositionTest, org.apache.commons.math3.linear.RRQRSolverTest, org.apache.commons.math3.linear.RealMatrixFormatTest, org.apache.commons.math3.linear.RealVectorFormatTest, org.apache.commons.math3.linear.RealVectorTest, org.apache.commons.math3.linear.RectangularCholeskyDecompositionTest, org.apache.commons.math3.linear.SchurTransformerTest, org.apache.commons.math3.linear.SingularValueDecompositionTest, org.apache.commons.math3.linear.SingularValueSolverTest, org.apache.commons.math3.linear.SparseFieldMatrixTest, org.apache.commons.math3.linear.SparseFieldVectorTest, org.apache.commons.math3.linear.SparseRealMatrixTest, org.apache.commons.math3.linear.SparseRealVectorTest, org.apache.commons.math3.linear.SymmLQTest, org.apache.commons.math3.linear.TriDiagonalTransformerTest, org.apache.commons.math3.linear.UnmodifiableArrayRealVectorTest, org.apache.commons.math3.linear.UnmodifiableOpenMapRealVectorTest, org.apache.commons.math3.ml.clustering.DBSCANClustererTest, org.apache.commons.math3.ml.clustering.FuzzyKMeansClustererTest, org.apache.commons.math3.ml.clustering.KMeansPlusPlusClustererTest, org.apache.commons.math3.ml.clustering.MultiKMeansPlusPlusClustererTest, org.apache.commons.math3.ml.clustering.evaluation.SumOfClusterVariancesTest, org.apache.commons.math3.ml.distance.CanberraDistanceTest, org.apache.commons.math3.ml.distance.ChebyshevDistanceTest, org.apache.commons.math3.ml.distance.EarthMoversDistanceTest, org.apache.commons.math3.ml.distance.EuclideanDistanceTest, org.apache.commons.math3.ml.distance.ManhattanDistanceTest, org.apache.commons.math3.ml.neuralnet.MapUtilsTest, org.apache.commons.math3.ml.neuralnet.NetworkTest, org.apache.commons.math3.ml.neuralnet.NeuronTest, org.apache.commons.math3.ml.neuralnet.oned.NeuronStringTest, org.apache.commons.math3.ml.neuralnet.sofm.KohonenTrainingTaskTest, org.apache.commons.math3.ml.neuralnet.sofm.KohonenUpdateActionTest, org.apache.commons.math3.ml.neuralnet.sofm.LearningFactorFunctionFactoryTest, org.apache.commons.math3.ml.neuralnet.sofm.NeighbourhoodSizeFunctionFactoryTest, org.apache.commons.math3.ml.neuralnet.sofm.util.ExponentialDecayFunctionTest, org.apache.commons.math3.ml.neuralnet.sofm.util.QuasiSigmoidDecayFunctionTest, org.apache.commons.math3.ml.neuralnet.twod.NeuronSquareMesh2DTest, org.apache.commons.math3.ode.ContinuousOutputModelTest, org.apache.commons.math3.ode.FirstOrderConverterTest, org.apache.commons.math3.ode.JacobianMatricesTest, org.apache.commons.math3.ode.events.EventFilterTest, org.apache.commons.math3.ode.events.EventStateTest, org.apache.commons.math3.ode.events.OverlappingEventsTest, org.apache.commons.math3.ode.events.ReappearingEventTest, org.apache.commons.math3.ode.nonstiff.AdamsBashforthIntegratorTest, org.apache.commons.math3.ode.nonstiff.AdamsMoultonIntegratorTest, org.apache.commons.math3.ode.nonstiff.ClassicalRungeKuttaIntegratorTest, org.apache.commons.math3.ode.nonstiff.ClassicalRungeKuttaStepInterpolatorTest, org.apache.commons.math3.ode.nonstiff.DormandPrince54IntegratorTest, org.apache.commons.math3.ode.nonstiff.DormandPrince54StepInterpolatorTest, org.apache.commons.math3.ode.nonstiff.DormandPrince853IntegratorTest, org.apache.commons.math3.ode.nonstiff.DormandPrince853StepInterpolatorTest, org.apache.commons.math3.ode.nonstiff.EulerIntegratorTest, org.apache.commons.math3.ode.nonstiff.EulerStepInterpolatorTest, org.apache.commons.math3.ode.nonstiff.GillIntegratorTest, org.apache.commons.math3.ode.nonstiff.GillStepInterpolatorTest, org.apache.commons.math3.ode.nonstiff.GraggBulirschStoerIntegratorTest, org.apache.commons.math3.ode.nonstiff.GraggBulirschStoerStepInterpolatorTest, org.apache.commons.math3.ode.nonstiff.HighamHall54IntegratorTest, org.apache.commons.math3.ode.nonstiff.HighamHall54StepInterpolatorTest, org.apache.commons.math3.ode.nonstiff.LutherIntegratorTest, org.apache.commons.math3.ode.nonstiff.LutherStepInterpolatorTest, org.apache.commons.math3.ode.nonstiff.MidpointIntegratorTest, org.apache.commons.math3.ode.nonstiff.MidpointStepInterpolatorTest, org.apache.commons.math3.ode.nonstiff.ThreeEighthesIntegratorTest, org.apache.commons.math3.ode.nonstiff.ThreeEighthesStepInterpolatorTest, org.apache.commons.math3.ode.sampling.DummyStepInterpolatorTest, org.apache.commons.math3.ode.sampling.NordsieckStepInterpolatorTest, org.apache.commons.math3.ode.sampling.StepNormalizerOutputOverlapTest, org.apache.commons.math3.ode.sampling.StepNormalizerOutputTest, org.apache.commons.math3.ode.sampling.StepNormalizerTest, org.apache.commons.math3.optim.PointValuePairTest, org.apache.commons.math3.optim.PointVectorValuePairTest, org.apache.commons.math3.optim.SimplePointCheckerTest, org.apache.commons.math3.optim.SimpleValueCheckerTest, org.apache.commons.math3.optim.SimpleVectorValueCheckerTest, org.apache.commons.math3.optim.linear.SimplexSolverTest, org.apache.commons.math3.optim.linear.SimplexTableauTest, org.apache.commons.math3.optim.nonlinear.scalar.MultiStartMultivariateOptimizerTest, org.apache.commons.math3.optim.nonlinear.scalar.MultivariateFunctionMappingAdapterTest, org.apache.commons.math3.optim.nonlinear.scalar.MultivariateFunctionPenaltyAdapterTest, org.apache.commons.math3.optim.nonlinear.scalar.gradient.NonLinearConjugateGradientOptimizerTest, org.apache.commons.math3.optim.nonlinear.scalar.noderiv.BOBYQAOptimizerTest, org.apache.commons.math3.optim.nonlinear.scalar.noderiv.CMAESOptimizerTest, org.apache.commons.math3.optim.nonlinear.scalar.noderiv.PowellOptimizerTest, org.apache.commons.math3.optim.nonlinear.scalar.noderiv.SimplexOptimizerMultiDirectionalTest, org.apache.commons.math3.optim.nonlinear.scalar.noderiv.SimplexOptimizerNelderMeadTest, org.apache.commons.math3.optim.nonlinear.vector.MultiStartMultivariateVectorOptimizerTest, org.apache.commons.math3.optim.nonlinear.vector.jacobian.AbstractLeastSquaresOptimizerTest, org.apache.commons.math3.optim.nonlinear.vector.jacobian.AbstractLeastSquaresOptimizerTestValidation, org.apache.commons.math3.optim.nonlinear.vector.jacobian.GaussNewtonOptimizerTest, org.apache.commons.math3.optim.nonlinear.vector.jacobian.LevenbergMarquardtOptimizerTest, org.apache.commons.math3.optim.nonlinear.vector.jacobian.MinpackTest, org.apache.commons.math3.optim.univariate.BracketFinderTest, org.apache.commons.math3.optim.univariate.BrentOptimizerTest, org.apache.commons.math3.optim.univariate.MultiStartUnivariateOptimizerTest, org.apache.commons.math3.optim.univariate.SimpleUnivariateValueCheckerTest, org.apache.commons.math3.optimization.MultivariateDifferentiableMultiStartOptimizerTest, org.apache.commons.math3.optimization.MultivariateDifferentiableVectorMultiStartOptimizerTest, org.apache.commons.math3.optimization.MultivariateMultiStartOptimizerTest, org.apache.commons.math3.optimization.PointValuePairTest, org.apache.commons.math3.optimization.PointVectorValuePairTest, org.apache.commons.math3.optimization.SimplePointCheckerTest, org.apache.commons.math3.optimization.SimpleValueCheckerTest, org.apache.commons.math3.optimization.SimpleVectorValueCheckerTest, org.apache.commons.math3.optimization.direct.BOBYQAOptimizerTest, org.apache.commons.math3.optimization.direct.CMAESOptimizerTest, org.apache.commons.math3.optimization.direct.MultivariateFunctionMappingAdapterTest, org.apache.commons.math3.optimization.direct.MultivariateFunctionPenaltyAdapterTest, org.apache.commons.math3.optimization.direct.PowellOptimizerTest, org.apache.commons.math3.optimization.direct.SimplexOptimizerMultiDirectionalTest, org.apache.commons.math3.optimization.direct.SimplexOptimizerNelderMeadTest, org.apache.commons.math3.optimization.fitting.CurveFitterTest, org.apache.commons.math3.optimization.fitting.GaussianFitterTest, org.apache.commons.math3.optimization.fitting.HarmonicFitterTest, org.apache.commons.math3.optimization.fitting.PolynomialFitterTest, org.apache.commons.math3.optimization.general.AbstractLeastSquaresOptimizerTest, org.apache.commons.math3.optimization.general.AbstractLeastSquaresOptimizerTestValidation, org.apache.commons.math3.optimization.general.GaussNewtonOptimizerTest, org.apache.commons.math3.optimization.general.LevenbergMarquardtOptimizerTest, org.apache.commons.math3.optimization.general.MinpackTest, org.apache.commons.math3.optimization.general.NonLinearConjugateGradientOptimizerTest, org.apache.commons.math3.optimization.linear.SimplexSolverTest, org.apache.commons.math3.optimization.linear.SimplexTableauTest, org.apache.commons.math3.optimization.univariate.BracketFinderTest, org.apache.commons.math3.optimization.univariate.BrentOptimizerTest, org.apache.commons.math3.optimization.univariate.SimpleUnivariateValueCheckerTest, org.apache.commons.math3.optimization.univariate.UnivariateMultiStartOptimizerTest, org.apache.commons.math3.primes.PrimesTest, org.apache.commons.math3.random.AbstractRandomGeneratorTest, org.apache.commons.math3.random.BitsStreamGeneratorTest, org.apache.commons.math3.random.CorrelatedRandomVectorGeneratorTest, org.apache.commons.math3.random.EmpiricalDistributionTest, org.apache.commons.math3.random.GaussianRandomGeneratorTest, org.apache.commons.math3.random.HaltonSequenceGeneratorTest, org.apache.commons.math3.random.ISAACTest, org.apache.commons.math3.random.MersenneTwisterTest, org.apache.commons.math3.random.RandomAdaptorTest, org.apache.commons.math3.random.RandomDataGeneratorTest, org.apache.commons.math3.random.RandomGeneratorAbstractTest, org.apache.commons.math3.random.RandomGeneratorFactoryTest, org.apache.commons.math3.random.SobolSequenceGeneratorTest, org.apache.commons.math3.random.StableRandomGeneratorTest, org.apache.commons.math3.random.SynchronizedRandomGeneratorTest, org.apache.commons.math3.random.UncorrelatedRandomVectorGeneratorTest, org.apache.commons.math3.random.UniformRandomGeneratorTest, org.apache.commons.math3.random.UnitSphereRandomVectorGeneratorTest, org.apache.commons.math3.random.ValueServerTest, org.apache.commons.math3.random.Well1024aTest, org.apache.commons.math3.random.Well19937aTest, org.apache.commons.math3.random.Well19937cTest, org.apache.commons.math3.random.Well44497aTest, org.apache.commons.math3.random.Well44497bTest, org.apache.commons.math3.random.Well512aTest, org.apache.commons.math3.special.BetaTest, org.apache.commons.math3.special.ErfTest, org.apache.commons.math3.special.GammaTest, org.apache.commons.math3.stat.CertifiedDataTest, org.apache.commons.math3.stat.FrequencyTest, org.apache.commons.math3.stat.StatUtilsTest, org.apache.commons.math3.stat.clustering.DBSCANClustererTest, org.apache.commons.math3.stat.clustering.EuclideanDoublePointTest, org.apache.commons.math3.stat.clustering.EuclideanIntegerPointTest, org.apache.commons.math3.stat.clustering.KMeansPlusPlusClustererTest, org.apache.commons.math3.stat.correlation.CovarianceTest, org.apache.commons.math3.stat.correlation.KendallsCorrelationTest, org.apache.commons.math3.stat.correlation.PearsonsCorrelationTest, org.apache.commons.math3.stat.correlation.SpearmansRankCorrelationTest, org.apache.commons.math3.stat.correlation.StorelessCovarianceTest, org.apache.commons.math3.stat.data.LewTest, org.apache.commons.math3.stat.data.LotteryTest, org.apache.commons.math3.stat.descriptive.AbstractUnivariateStatisticTest, org.apache.commons.math3.stat.descriptive.AggregateSummaryStatisticsTest, org.apache.commons.math3.stat.descriptive.DescriptiveStatisticsTest, org.apache.commons.math3.stat.descriptive.ListUnivariateImplTest, org.apache.commons.math3.stat.descriptive.MixedListUnivariateImplTest, org.apache.commons.math3.stat.descriptive.MultivariateSummaryStatisticsTest, org.apache.commons.math3.stat.descriptive.StatisticalSummaryValuesTest, org.apache.commons.math3.stat.descriptive.SummaryStatisticsTest, org.apache.commons.math3.stat.descriptive.SynchronizedDescriptiveStatisticsTest, org.apache.commons.math3.stat.descriptive.SynchronizedMultivariateSummaryStatisticsTest, org.apache.commons.math3.stat.descriptive.SynchronizedSummaryStatisticsTest, org.apache.commons.math3.stat.descriptive.moment.FirstMomentTest, org.apache.commons.math3.stat.descriptive.moment.FourthMomentTest, org.apache.commons.math3.stat.descriptive.moment.GeometricMeanTest, org.apache.commons.math3.stat.descriptive.moment.InteractionTest, org.apache.commons.math3.stat.descriptive.moment.KurtosisTest, org.apache.commons.math3.stat.descriptive.moment.MeanTest, org.apache.commons.math3.stat.descriptive.moment.SecondMomentTest, org.apache.commons.math3.stat.descriptive.moment.SemiVarianceTest, org.apache.commons.math3.stat.descriptive.moment.SkewnessTest, org.apache.commons.math3.stat.descriptive.moment.StandardDeviationTest, org.apache.commons.math3.stat.descriptive.moment.ThirdMomentTest, org.apache.commons.math3.stat.descriptive.moment.VarianceTest, org.apache.commons.math3.stat.descriptive.moment.VectorialCovarianceTest, org.apache.commons.math3.stat.descriptive.moment.VectorialMeanTest, org.apache.commons.math3.stat.descriptive.rank.MaxTest, org.apache.commons.math3.stat.descriptive.rank.MedianTest, org.apache.commons.math3.stat.descriptive.rank.MinTest, org.apache.commons.math3.stat.descriptive.rank.PSquarePercentileTest, org.apache.commons.math3.stat.descriptive.rank.PercentileTest, org.apache.commons.math3.stat.descriptive.summary.ProductTest, org.apache.commons.math3.stat.descriptive.summary.SumLogTest, org.apache.commons.math3.stat.descriptive.summary.SumSqTest, org.apache.commons.math3.stat.descriptive.summary.SumTest, org.apache.commons.math3.stat.inference.BinomialTestTest, org.apache.commons.math3.stat.inference.ChiSquareTestTest, org.apache.commons.math3.stat.inference.GTestTest, org.apache.commons.math3.stat.inference.KolmogorovSmirnovTestTest, org.apache.commons.math3.stat.inference.MannWhitneyUTestTest, org.apache.commons.math3.stat.inference.OneWayAnovaTest, org.apache.commons.math3.stat.inference.TTestTest, org.apache.commons.math3.stat.inference.TestUtilsTest, org.apache.commons.math3.stat.inference.WilcoxonSignedRankTestTest, org.apache.commons.math3.stat.interval.AgrestiCoullIntervalTest, org.apache.commons.math3.stat.interval.ClopperPearsonIntervalTest, org.apache.commons.math3.stat.interval.IntervalUtilsTest, org.apache.commons.math3.stat.interval.NormalApproximationIntervalTest, org.apache.commons.math3.stat.interval.WilsonScoreIntervalTest, org.apache.commons.math3.stat.ranking.NaturalRankingTest, org.apache.commons.math3.stat.regression.GLSMultipleLinearRegressionTest, org.apache.commons.math3.stat.regression.MillerUpdatingRegressionTest, org.apache.commons.math3.stat.regression.OLSMultipleLinearRegressionTest, org.apache.commons.math3.stat.regression.SimpleRegressionTest, org.apache.commons.math3.transform.FastCosineTransformerTest, org.apache.commons.math3.transform.FastFourierTransformerTest, org.apache.commons.math3.transform.FastHadamardTransformerTest, org.apache.commons.math3.transform.FastSineTransformerTest, org.apache.commons.math3.util.ArithmeticUtilsTest, org.apache.commons.math3.util.BigRealFieldTest, org.apache.commons.math3.util.BigRealTest, org.apache.commons.math3.util.CombinationsTest, org.apache.commons.math3.util.CombinatoricsUtilsTest, org.apache.commons.math3.util.ContinuedFractionTest, org.apache.commons.math3.util.Decimal64Test, org.apache.commons.math3.util.DefaultTransformerTest, org.apache.commons.math3.util.FastMathStrictComparisonTest, org.apache.commons.math3.util.FastMathTest, org.apache.commons.math3.util.FastMathTestPerformance, org.apache.commons.math3.util.IncrementorTest, org.apache.commons.math3.util.MathArraysTest, org.apache.commons.math3.util.MathUtilsTest, org.apache.commons.math3.util.MultidimensionalCounterTest, org.apache.commons.math3.util.OpenIntToDoubleHashMapTest, org.apache.commons.math3.util.OpenIntToFieldTest, org.apache.commons.math3.util.PairTest, org.apache.commons.math3.util.PrecisionTest, org.apache.commons.math3.util.ResizableDoubleArrayTest, org.apache.commons.math3.util.TransformerMapTest]
08:36:47.698 [main] INFO  fr.inria.lille.repair.nopol.NoPol - Config: Config{synthesisDepth=3, collectStaticMethods=true, collectStaticFields=false, collectLiterals=false, onlyOneSynthesisResult=true, sortExpressions=true, maxLineInvocationPerTest=250, timeoutMethodInvocation=2000, dataCollectionTimeoutInSecondForSynthesis=900, addWeight=0.19478, subWeight=0.04554, mulWeight=0.0102, divWeight=0.00613, andWeight=0.10597, orWeight=0.05708, eqWeight=0.22798, nEqWeight=0.0, lessEqWeight=0.0255, lessWeight=0.0947, methodCallWeight=0.1, fieldAccessWeight=0.08099, constantWeight=0.14232, variableWeight=0.05195, mode=REPAIR, type=PRE_THEN_COND, synthesis=SMT, oracle=ANGELIC, solver=Z3, solverPath='/home/tdurieux/defects4j4repair/script/../libs/z3/build/z3', projectSources=[src/main/java], projectClasspath='[Ljava.net.URL;@66d33a', projectTests=[org.apache.commons.math3.RetryRunnerTest, org.apache.commons.math3.analysis.FunctionUtilsTest, org.apache.commons.math3.analysis.differentiation.DSCompilerTest, org.apache.commons.math3.analysis.differentiation.DerivativeStructureTest, org.apache.commons.math3.analysis.differentiation.FiniteDifferencesDifferentiatorTest, org.apache.commons.math3.analysis.differentiation.GradientFunctionTest, org.apache.commons.math3.analysis.differentiation.JacobianFunctionTest, org.apache.commons.math3.analysis.differentiation.SparseGradientTest, org.apache.commons.math3.analysis.function.GaussianTest, org.apache.commons.math3.analysis.function.HarmonicOscillatorTest, org.apache.commons.math3.analysis.function.LogisticTest, org.apache.commons.math3.analysis.function.LogitTest, org.apache.commons.math3.analysis.function.SigmoidTest, org.apache.commons.math3.analysis.function.SincTest, org.apache.commons.math3.analysis.function.SqrtTest, org.apache.commons.math3.analysis.function.StepFunctionTest, org.apache.commons.math3.analysis.integration.IterativeLegendreGaussIntegratorTest, org.apache.commons.math3.analysis.integration.LegendreGaussIntegratorTest, org.apache.commons.math3.analysis.integration.MidPointIntegratorTest, org.apache.commons.math3.analysis.integration.RombergIntegratorTest, org.apache.commons.math3.analysis.integration.SimpsonIntegratorTest, org.apache.commons.math3.analysis.integration.TrapezoidIntegratorTest, org.apache.commons.math3.analysis.integration.gauss.BaseRuleFactoryTest, org.apache.commons.math3.analysis.integration.gauss.GaussIntegratorTest, org.apache.commons.math3.analysis.integration.gauss.HermiteParametricTest, org.apache.commons.math3.analysis.integration.gauss.HermiteTest, org.apache.commons.math3.analysis.integration.gauss.LegendreHighPrecisionParametricTest, org.apache.commons.math3.analysis.integration.gauss.LegendreHighPrecisionTest, org.apache.commons.math3.analysis.integration.gauss.LegendreParametricTest, org.apache.commons.math3.analysis.integration.gauss.LegendreTest, org.apache.commons.math3.analysis.interpolation.BicubicSplineInterpolatingFunctionTest, org.apache.commons.math3.analysis.interpolation.BicubicSplineInterpolatorTest, org.apache.commons.math3.analysis.interpolation.DividedDifferenceInterpolatorTest, org.apache.commons.math3.analysis.interpolation.FieldHermiteInterpolatorTest, org.apache.commons.math3.analysis.interpolation.HermiteInterpolatorTest, org.apache.commons.math3.analysis.interpolation.LinearInterpolatorTest, org.apache.commons.math3.analysis.interpolation.LoessInterpolatorTest, org.apache.commons.math3.analysis.interpolation.MicrosphereInterpolatorTest, org.apache.commons.math3.analysis.interpolation.NevilleInterpolatorTest, org.apache.commons.math3.analysis.interpolation.SmoothingPolynomialBicubicSplineInterpolatorTest, org.apache.commons.math3.analysis.interpolation.SplineInterpolatorTest, org.apache.commons.math3.analysis.interpolation.TricubicSplineInterpolatingFunctionTest, org.apache.commons.math3.analysis.interpolation.TricubicSplineInterpolatorTest, org.apache.commons.math3.analysis.interpolation.UnivariatePeriodicInterpolatorTest, org.apache.commons.math3.analysis.polynomials.PolynomialFunctionLagrangeFormTest, org.apache.commons.math3.analysis.polynomials.PolynomialFunctionNewtonFormTest, org.apache.commons.math3.analysis.polynomials.PolynomialFunctionTest, org.apache.commons.math3.analysis.polynomials.PolynomialSplineFunctionTest, org.apache.commons.math3.analysis.polynomials.PolynomialsUtilsTest, org.apache.commons.math3.analysis.solvers.BisectionSolverTest, org.apache.commons.math3.analysis.solvers.BracketingNthOrderBrentSolverTest, org.apache.commons.math3.analysis.solvers.BrentSolverTest, org.apache.commons.math3.analysis.solvers.IllinoisSolverTest, org.apache.commons.math3.analysis.solvers.LaguerreSolverTest, org.apache.commons.math3.analysis.solvers.MullerSolver2Test, org.apache.commons.math3.analysis.solvers.MullerSolverTest, org.apache.commons.math3.analysis.solvers.NewtonRaphsonSolverTest, org.apache.commons.math3.analysis.solvers.NewtonSolverTest, org.apache.commons.math3.analysis.solvers.PegasusSolverTest, org.apache.commons.math3.analysis.solvers.RegulaFalsiSolverTest, org.apache.commons.math3.analysis.solvers.RiddersSolverTest, org.apache.commons.math3.analysis.solvers.SecantSolverTest, org.apache.commons.math3.analysis.solvers.UnivariateSolverUtilsTest, org.apache.commons.math3.complex.ComplexFieldTest, org.apache.commons.math3.complex.ComplexFormatTest, org.apache.commons.math3.complex.ComplexTest, org.apache.commons.math3.complex.ComplexUtilsTest, org.apache.commons.math3.complex.FrenchComplexFormatTest, org.apache.commons.math3.complex.QuaternionTest, org.apache.commons.math3.complex.RootsOfUnityTest, org.apache.commons.math3.dfp.BracketingNthOrderBrentSolverDFPTest, org.apache.commons.math3.dfp.DfpDecTest, org.apache.commons.math3.dfp.DfpMathTest, org.apache.commons.math3.dfp.DfpTest, org.apache.commons.math3.distribution.AbstractIntegerDistributionTest, org.apache.commons.math3.distribution.AbstractRealDistributionTest, org.apache.commons.math3.distribution.BetaDistributionTest, org.apache.commons.math3.distribution.BinomialDistributionTest, org.apache.commons.math3.distribution.CauchyDistributionTest, org.apache.commons.math3.distribution.ChiSquaredDistributionTest, org.apache.commons.math3.distribution.ConstantRealDistributionTest, org.apache.commons.math3.distribution.EnumeratedIntegerDistributionTest, org.apache.commons.math3.distribution.EnumeratedRealDistributionTest, org.apache.commons.math3.distribution.ExponentialDistributionTest, org.apache.commons.math3.distribution.FDistributionTest, org.apache.commons.math3.distribution.GammaDistributionTest, org.apache.commons.math3.distribution.GeometricDistributionTest, org.apache.commons.math3.distribution.HypergeometricDistributionTest, org.apache.commons.math3.distribution.KolmogorovSmirnovDistributionTest, org.apache.commons.math3.distribution.LevyDistributionTest, org.apache.commons.math3.distribution.LogNormalDistributionTest, org.apache.commons.math3.distribution.MultivariateNormalDistributionTest, org.apache.commons.math3.distribution.MultivariateNormalMixtureModelDistributionTest, org.apache.commons.math3.distribution.NormalDistributionTest, org.apache.commons.math3.distribution.ParetoDistributionTest, org.apache.commons.math3.distribution.PascalDistributionTest, org.apache.commons.math3.distribution.PoissonDistributionTest, org.apache.commons.math3.distribution.TDistributionTest, org.apache.commons.math3.distribution.TriangularDistributionTest, org.apache.commons.math3.distribution.UniformIntegerDistributionTest, org.apache.commons.math3.distribution.UniformRealDistributionTest, org.apache.commons.math3.distribution.WeibullDistributionTest, org.apache.commons.math3.distribution.ZipfDistributionTest, org.apache.commons.math3.distribution.fitting.MultivariateNormalMixtureExpectationMaximizationTest, org.apache.commons.math3.exception.DimensionMismatchExceptionTest, org.apache.commons.math3.exception.MaxCountExceededExceptionTest, org.apache.commons.math3.exception.NonMonotonicSequenceExceptionTest, org.apache.commons.math3.exception.NotPositiveExceptionTest, org.apache.commons.math3.exception.NotStrictlyPositiveExceptionTest, org.apache.commons.math3.exception.NumberIsTooLargeExceptionTest, org.apache.commons.math3.exception.NumberIsTooSmallExceptionTest, org.apache.commons.math3.exception.OutOfRangeExceptionTest, org.apache.commons.math3.exception.TooManyEvaluationsExceptionTest, org.apache.commons.math3.exception.util.ArgUtilsTest, org.apache.commons.math3.exception.util.ExceptionContextTest, org.apache.commons.math3.exception.util.LocalizedFormatsTest, org.apache.commons.math3.filter.KalmanFilterTest, org.apache.commons.math3.fitting.CurveFitterTest, org.apache.commons.math3.fitting.GaussianCurveFitterTest, org.apache.commons.math3.fitting.GaussianFitterTest, org.apache.commons.math3.fitting.HarmonicCurveFitterTest, org.apache.commons.math3.fitting.HarmonicFitterTest, org.apache.commons.math3.fitting.PolynomialCurveFitterTest, org.apache.commons.math3.fitting.PolynomialFitterTest, org.apache.commons.math3.fitting.WeightedObservedPointsTest, org.apache.commons.math3.fitting.leastsquares.EvaluationRmsCheckerTest, org.apache.commons.math3.fitting.leastsquares.EvaluationTest, org.apache.commons.math3.fitting.leastsquares.EvaluationTestValidation, org.apache.commons.math3.fitting.leastsquares.GaussNewtonOptimizerWithCholeskyTest, org.apache.commons.math3.fitting.leastsquares.GaussNewtonOptimizerWithLUTest, org.apache.commons.math3.fitting.leastsquares.GaussNewtonOptimizerWithQRTest, org.apache.commons.math3.fitting.leastsquares.GaussNewtonOptimizerWithSVDTest, org.apache.commons.math3.fitting.leastsquares.LevenbergMarquardtOptimizerTest, org.apache.commons.math3.fitting.leastsquares.MinpackTest, org.apache.commons.math3.fraction.BigFractionFieldTest, org.apache.commons.math3.fraction.BigFractionFormatTest, org.apache.commons.math3.fraction.BigFractionTest, org.apache.commons.math3.fraction.FractionFieldTest, org.apache.commons.math3.fraction.FractionFormatTest, org.apache.commons.math3.fraction.FractionTest, org.apache.commons.math3.genetics.BinaryChromosomeTest, org.apache.commons.math3.genetics.BinaryMutationTest, org.apache.commons.math3.genetics.ChromosomeTest, org.apache.commons.math3.genetics.CycleCrossoverTest, org.apache.commons.math3.genetics.ElitisticListPopulationTest, org.apache.commons.math3.genetics.FitnessCachingTest, org.apache.commons.math3.genetics.FixedElapsedTimeTest, org.apache.commons.math3.genetics.FixedGenerationCountTest, org.apache.commons.math3.genetics.GeneticAlgorithmTestBinary, org.apache.commons.math3.genetics.GeneticAlgorithmTestPermutations, org.apache.commons.math3.genetics.ListPopulationTest, org.apache.commons.math3.genetics.NPointCrossoverTest, org.apache.commons.math3.genetics.OnePointCrossoverTest, org.apache.commons.math3.genetics.OrderedCrossoverTest, org.apache.commons.math3.genetics.RandomKeyMutationTest, org.apache.commons.math3.genetics.RandomKeyTest, org.apache.commons.math3.genetics.TournamentSelectionTest, org.apache.commons.math3.genetics.UniformCrossoverTest, org.apache.commons.math3.geometry.enclosing.WelzlEncloser2DTest, org.apache.commons.math3.geometry.enclosing.WelzlEncloser3DTest, org.apache.commons.math3.geometry.euclidean.oned.Euclidean1DTest, org.apache.commons.math3.geometry.euclidean.oned.FrenchVector1DFormatTest, org.apache.commons.math3.geometry.euclidean.oned.IntervalTest, org.apache.commons.math3.geometry.euclidean.oned.IntervalsSetTest, org.apache.commons.math3.geometry.euclidean.oned.Vector1DFormatTest, org.apache.commons.math3.geometry.euclidean.oned.Vector1DTest, org.apache.commons.math3.geometry.euclidean.threed.Euclidean3DTest, org.apache.commons.math3.geometry.euclidean.threed.FieldRotationDSTest, org.apache.commons.math3.geometry.euclidean.threed.FieldRotationDfpTest, org.apache.commons.math3.geometry.euclidean.threed.FieldVector3DTest, org.apache.commons.math3.geometry.euclidean.threed.FrenchVector3DFormatTest, org.apache.commons.math3.geometry.euclidean.threed.LineTest, org.apache.commons.math3.geometry.euclidean.threed.PlaneTest, org.apache.commons.math3.geometry.euclidean.threed.PolyhedronsSetTest, org.apache.commons.math3.geometry.euclidean.threed.RotationOrderTest, org.apache.commons.math3.geometry.euclidean.threed.RotationTest, org.apache.commons.math3.geometry.euclidean.threed.SphereGeneratorTest, org.apache.commons.math3.geometry.euclidean.threed.SphericalCoordinatesTest, org.apache.commons.math3.geometry.euclidean.threed.SubLineTest, org.apache.commons.math3.geometry.euclidean.threed.Vector3DFormatTest, org.apache.commons.math3.geometry.euclidean.threed.Vector3DTest, org.apache.commons.math3.geometry.euclidean.twod.DiskGeneratorTest, org.apache.commons.math3.geometry.euclidean.twod.Euclidean2DTest, org.apache.commons.math3.geometry.euclidean.twod.FrenchVector2DFormatTest, org.apache.commons.math3.geometry.euclidean.twod.LineTest, org.apache.commons.math3.geometry.euclidean.twod.PolygonsSetTest, org.apache.commons.math3.geometry.euclidean.twod.SegmentTest, org.apache.commons.math3.geometry.euclidean.twod.SubLineTest, org.apache.commons.math3.geometry.euclidean.twod.Vector2DFormatTest, org.apache.commons.math3.geometry.euclidean.twod.Vector2DTest, org.apache.commons.math3.geometry.euclidean.twod.hull.AklToussaintHeuristicTest, org.apache.commons.math3.geometry.euclidean.twod.hull.MonotoneChainTest, org.apache.commons.math3.geometry.partitioning.utilities.AVLTreeTest, org.apache.commons.math3.geometry.spherical.oned.ArcTest, org.apache.commons.math3.geometry.spherical.oned.ArcsSetTest, org.apache.commons.math3.geometry.spherical.oned.LimitAngleTest, org.apache.commons.math3.geometry.spherical.oned.S1PointTest, org.apache.commons.math3.geometry.spherical.oned.Sphere1Test, org.apache.commons.math3.geometry.spherical.twod.CircleTest, org.apache.commons.math3.geometry.spherical.twod.S2PointTest, org.apache.commons.math3.geometry.spherical.twod.SphericalPolygonsSetTest, org.apache.commons.math3.geometry.spherical.twod.SubCircleTest, org.apache.commons.math3.linear.Array2DRowRealMatrixTest, org.apache.commons.math3.linear.ArrayFieldVectorTest, org.apache.commons.math3.linear.ArrayRealVectorTest, org.apache.commons.math3.linear.BiDiagonalTransformerTest, org.apache.commons.math3.linear.BlockFieldMatrixTest, org.apache.commons.math3.linear.BlockRealMatrixTest, org.apache.commons.math3.linear.CholeskyDecompositionTest, org.apache.commons.math3.linear.CholeskySolverTest, org.apache.commons.math3.linear.ConjugateGradientTest, org.apache.commons.math3.linear.DiagonalMatrixTest, org.apache.commons.math3.linear.EigenDecompositionTest, org.apache.commons.math3.linear.EigenSolverTest, org.apache.commons.math3.linear.FieldLUDecompositionTest, org.apache.commons.math3.linear.FieldLUSolverTest, org.apache.commons.math3.linear.FieldMatrixImplTest, org.apache.commons.math3.linear.FrenchRealVectorFormatTest, org.apache.commons.math3.linear.HessenbergTransformerTest, org.apache.commons.math3.linear.LUDecompositionTest, org.apache.commons.math3.linear.LUSolverTest, org.apache.commons.math3.linear.MatrixDimensionMismatchExceptionTest, org.apache.commons.math3.linear.MatrixUtilsTest, org.apache.commons.math3.linear.OpenMapRealMatrixTest, org.apache.commons.math3.linear.QRDecompositionTest, org.apache.commons.math3.linear.QRSolverTest, org.apache.commons.math3.linear.RRQRDecompositionTest, org.apache.commons.math3.linear.RRQRSolverTest, org.apache.commons.math3.linear.RealMatrixFormatTest, org.apache.commons.math3.linear.RealVectorFormatTest, org.apache.commons.math3.linear.RealVectorTest, org.apache.commons.math3.linear.RectangularCholeskyDecompositionTest, org.apache.commons.math3.linear.SchurTransformerTest, org.apache.commons.math3.linear.SingularValueDecompositionTest, org.apache.commons.math3.linear.SingularValueSolverTest, org.apache.commons.math3.linear.SparseFieldMatrixTest, org.apache.commons.math3.linear.SparseFieldVectorTest, org.apache.commons.math3.linear.SparseRealMatrixTest, org.apache.commons.math3.linear.SparseRealVectorTest, org.apache.commons.math3.linear.SymmLQTest, org.apache.commons.math3.linear.TriDiagonalTransformerTest, org.apache.commons.math3.linear.UnmodifiableArrayRealVectorTest, org.apache.commons.math3.linear.UnmodifiableOpenMapRealVectorTest, org.apache.commons.math3.ml.clustering.DBSCANClustererTest, org.apache.commons.math3.ml.clustering.FuzzyKMeansClustererTest, org.apache.commons.math3.ml.clustering.KMeansPlusPlusClustererTest, org.apache.commons.math3.ml.clustering.MultiKMeansPlusPlusClustererTest, org.apache.commons.math3.ml.clustering.evaluation.SumOfClusterVariancesTest, org.apache.commons.math3.ml.distance.CanberraDistanceTest, org.apache.commons.math3.ml.distance.ChebyshevDistanceTest, org.apache.commons.math3.ml.distance.EarthMoversDistanceTest, org.apache.commons.math3.ml.distance.EuclideanDistanceTest, org.apache.commons.math3.ml.distance.ManhattanDistanceTest, org.apache.commons.math3.ml.neuralnet.MapUtilsTest, org.apache.commons.math3.ml.neuralnet.NetworkTest, org.apache.commons.math3.ml.neuralnet.NeuronTest, org.apache.commons.math3.ml.neuralnet.oned.NeuronStringTest, org.apache.commons.math3.ml.neuralnet.sofm.KohonenTrainingTaskTest, org.apache.commons.math3.ml.neuralnet.sofm.KohonenUpdateActionTest, org.apache.commons.math3.ml.neuralnet.sofm.LearningFactorFunctionFactoryTest, org.apache.commons.math3.ml.neuralnet.sofm.NeighbourhoodSizeFunctionFactoryTest, org.apache.commons.math3.ml.neuralnet.sofm.util.ExponentialDecayFunctionTest, org.apache.commons.math3.ml.neuralnet.sofm.util.QuasiSigmoidDecayFunctionTest, org.apache.commons.math3.ml.neuralnet.twod.NeuronSquareMesh2DTest, org.apache.commons.math3.ode.ContinuousOutputModelTest, org.apache.commons.math3.ode.FirstOrderConverterTest, org.apache.commons.math3.ode.JacobianMatricesTest, org.apache.commons.math3.ode.events.EventFilterTest, org.apache.commons.math3.ode.events.EventStateTest, org.apache.commons.math3.ode.events.OverlappingEventsTest, org.apache.commons.math3.ode.events.ReappearingEventTest, org.apache.commons.math3.ode.nonstiff.AdamsBashforthIntegratorTest, org.apache.commons.math3.ode.nonstiff.AdamsMoultonIntegratorTest, org.apache.commons.math3.ode.nonstiff.ClassicalRungeKuttaIntegratorTest, org.apache.commons.math3.ode.nonstiff.ClassicalRungeKuttaStepInterpolatorTest, org.apache.commons.math3.ode.nonstiff.DormandPrince54IntegratorTest, org.apache.commons.math3.ode.nonstiff.DormandPrince54StepInterpolatorTest, org.apache.commons.math3.ode.nonstiff.DormandPrince853IntegratorTest, org.apache.commons.math3.ode.nonstiff.DormandPrince853StepInterpolatorTest, org.apache.commons.math3.ode.nonstiff.EulerIntegratorTest, org.apache.commons.math3.ode.nonstiff.EulerStepInterpolatorTest, org.apache.commons.math3.ode.nonstiff.GillIntegratorTest, org.apache.commons.math3.ode.nonstiff.GillStepInterpolatorTest, org.apache.commons.math3.ode.nonstiff.GraggBulirschStoerIntegratorTest, org.apache.commons.math3.ode.nonstiff.GraggBulirschStoerStepInterpolatorTest, org.apache.commons.math3.ode.nonstiff.HighamHall54IntegratorTest, org.apache.commons.math3.ode.nonstiff.HighamHall54StepInterpolatorTest, org.apache.commons.math3.ode.nonstiff.LutherIntegratorTest, org.apache.commons.math3.ode.nonstiff.LutherStepInterpolatorTest, org.apache.commons.math3.ode.nonstiff.MidpointIntegratorTest, org.apache.commons.math3.ode.nonstiff.MidpointStepInterpolatorTest, org.apache.commons.math3.ode.nonstiff.ThreeEighthesIntegratorTest, org.apache.commons.math3.ode.nonstiff.ThreeEighthesStepInterpolatorTest, org.apache.commons.math3.ode.sampling.DummyStepInterpolatorTest, org.apache.commons.math3.ode.sampling.NordsieckStepInterpolatorTest, org.apache.commons.math3.ode.sampling.StepNormalizerOutputOverlapTest, org.apache.commons.math3.ode.sampling.StepNormalizerOutputTest, org.apache.commons.math3.ode.sampling.StepNormalizerTest, org.apache.commons.math3.optim.PointValuePairTest, org.apache.commons.math3.optim.PointVectorValuePairTest, org.apache.commons.math3.optim.SimplePointCheckerTest, org.apache.commons.math3.optim.SimpleValueCheckerTest, org.apache.commons.math3.optim.SimpleVectorValueCheckerTest, org.apache.commons.math3.optim.linear.SimplexSolverTest, org.apache.commons.math3.optim.linear.SimplexTableauTest, org.apache.commons.math3.optim.nonlinear.scalar.MultiStartMultivariateOptimizerTest, org.apache.commons.math3.optim.nonlinear.scalar.MultivariateFunctionMappingAdapterTest, org.apache.commons.math3.optim.nonlinear.scalar.MultivariateFunctionPenaltyAdapterTest, org.apache.commons.math3.optim.nonlinear.scalar.gradient.NonLinearConjugateGradientOptimizerTest, org.apache.commons.math3.optim.nonlinear.scalar.noderiv.BOBYQAOptimizerTest, org.apache.commons.math3.optim.nonlinear.scalar.noderiv.CMAESOptimizerTest, org.apache.commons.math3.optim.nonlinear.scalar.noderiv.PowellOptimizerTest, org.apache.commons.math3.optim.nonlinear.scalar.noderiv.SimplexOptimizerMultiDirectionalTest, org.apache.commons.math3.optim.nonlinear.scalar.noderiv.SimplexOptimizerNelderMeadTest, org.apache.commons.math3.optim.nonlinear.vector.MultiStartMultivariateVectorOptimizerTest, org.apache.commons.math3.optim.nonlinear.vector.jacobian.AbstractLeastSquaresOptimizerTest, org.apache.commons.math3.optim.nonlinear.vector.jacobian.AbstractLeastSquaresOptimizerTestValidation, org.apache.commons.math3.optim.nonlinear.vector.jacobian.GaussNewtonOptimizerTest, org.apache.commons.math3.optim.nonlinear.vector.jacobian.LevenbergMarquardtOptimizerTest, org.apache.commons.math3.optim.nonlinear.vector.jacobian.MinpackTest, org.apache.commons.math3.optim.univariate.BracketFinderTest, org.apache.commons.math3.optim.univariate.BrentOptimizerTest, org.apache.commons.math3.optim.univariate.MultiStartUnivariateOptimizerTest, org.apache.commons.math3.optim.univariate.SimpleUnivariateValueCheckerTest, org.apache.commons.math3.optimization.MultivariateDifferentiableMultiStartOptimizerTest, org.apache.commons.math3.optimization.MultivariateDifferentiableVectorMultiStartOptimizerTest, org.apache.commons.math3.optimization.MultivariateMultiStartOptimizerTest, org.apache.commons.math3.optimization.PointValuePairTest, org.apache.commons.math3.optimization.PointVectorValuePairTest, org.apache.commons.math3.optimization.SimplePointCheckerTest, org.apache.commons.math3.optimization.SimpleValueCheckerTest, org.apache.commons.math3.optimization.SimpleVectorValueCheckerTest, org.apache.commons.math3.optimization.direct.BOBYQAOptimizerTest, org.apache.commons.math3.optimization.direct.CMAESOptimizerTest, org.apache.commons.math3.optimization.direct.MultivariateFunctionMappingAdapterTest, org.apache.commons.math3.optimization.direct.MultivariateFunctionPenaltyAdapterTest, org.apache.commons.math3.optimization.direct.PowellOptimizerTest, org.apache.commons.math3.optimization.direct.SimplexOptimizerMultiDirectionalTest, org.apache.commons.math3.optimization.direct.SimplexOptimizerNelderMeadTest, org.apache.commons.math3.optimization.fitting.CurveFitterTest, org.apache.commons.math3.optimization.fitting.GaussianFitterTest, org.apache.commons.math3.optimization.fitting.HarmonicFitterTest, org.apache.commons.math3.optimization.fitting.PolynomialFitterTest, org.apache.commons.math3.optimization.general.AbstractLeastSquaresOptimizerTest, org.apache.commons.math3.optimization.general.AbstractLeastSquaresOptimizerTestValidation, org.apache.commons.math3.optimization.general.GaussNewtonOptimizerTest, org.apache.commons.math3.optimization.general.LevenbergMarquardtOptimizerTest, org.apache.commons.math3.optimization.general.MinpackTest, org.apache.commons.math3.optimization.general.NonLinearConjugateGradientOptimizerTest, org.apache.commons.math3.optimization.linear.SimplexSolverTest, org.apache.commons.math3.optimization.linear.SimplexTableauTest, org.apache.commons.math3.optimization.univariate.BracketFinderTest, org.apache.commons.math3.optimization.univariate.BrentOptimizerTest, org.apache.commons.math3.optimization.univariate.SimpleUnivariateValueCheckerTest, org.apache.commons.math3.optimization.univariate.UnivariateMultiStartOptimizerTest, org.apache.commons.math3.primes.PrimesTest, org.apache.commons.math3.random.AbstractRandomGeneratorTest, org.apache.commons.math3.random.BitsStreamGeneratorTest, org.apache.commons.math3.random.CorrelatedRandomVectorGeneratorTest, org.apache.commons.math3.random.EmpiricalDistributionTest, org.apache.commons.math3.random.GaussianRandomGeneratorTest, org.apache.commons.math3.random.HaltonSequenceGeneratorTest, org.apache.commons.math3.random.ISAACTest, org.apache.commons.math3.random.MersenneTwisterTest, org.apache.commons.math3.random.RandomAdaptorTest, org.apache.commons.math3.random.RandomDataGeneratorTest, org.apache.commons.math3.random.RandomGeneratorAbstractTest, org.apache.commons.math3.random.RandomGeneratorFactoryTest, org.apache.commons.math3.random.SobolSequenceGeneratorTest, org.apache.commons.math3.random.StableRandomGeneratorTest, org.apache.commons.math3.random.SynchronizedRandomGeneratorTest, org.apache.commons.math3.random.UncorrelatedRandomVectorGeneratorTest, org.apache.commons.math3.random.UniformRandomGeneratorTest, org.apache.commons.math3.random.UnitSphereRandomVectorGeneratorTest, org.apache.commons.math3.random.ValueServerTest, org.apache.commons.math3.random.Well1024aTest, org.apache.commons.math3.random.Well19937aTest, org.apache.commons.math3.random.Well19937cTest, org.apache.commons.math3.random.Well44497aTest, org.apache.commons.math3.random.Well44497bTest, org.apache.commons.math3.random.Well512aTest, org.apache.commons.math3.special.BetaTest, org.apache.commons.math3.special.ErfTest, org.apache.commons.math3.special.GammaTest, org.apache.commons.math3.stat.CertifiedDataTest, org.apache.commons.math3.stat.FrequencyTest, org.apache.commons.math3.stat.StatUtilsTest, org.apache.commons.math3.stat.clustering.DBSCANClustererTest, org.apache.commons.math3.stat.clustering.EuclideanDoublePointTest, org.apache.commons.math3.stat.clustering.EuclideanIntegerPointTest, org.apache.commons.math3.stat.clustering.KMeansPlusPlusClustererTest, org.apache.commons.math3.stat.correlation.CovarianceTest, org.apache.commons.math3.stat.correlation.KendallsCorrelationTest, org.apache.commons.math3.stat.correlation.PearsonsCorrelationTest, org.apache.commons.math3.stat.correlation.SpearmansRankCorrelationTest, org.apache.commons.math3.stat.correlation.StorelessCovarianceTest, org.apache.commons.math3.stat.data.LewTest, org.apache.commons.math3.stat.data.LotteryTest, org.apache.commons.math3.stat.descriptive.AbstractUnivariateStatisticTest, org.apache.commons.math3.stat.descriptive.AggregateSummaryStatisticsTest, org.apache.commons.math3.stat.descriptive.DescriptiveStatisticsTest, org.apache.commons.math3.stat.descriptive.ListUnivariateImplTest, org.apache.commons.math3.stat.descriptive.MixedListUnivariateImplTest, org.apache.commons.math3.stat.descriptive.MultivariateSummaryStatisticsTest, org.apache.commons.math3.stat.descriptive.StatisticalSummaryValuesTest, org.apache.commons.math3.stat.descriptive.SummaryStatisticsTest, org.apache.commons.math3.stat.descriptive.SynchronizedDescriptiveStatisticsTest, org.apache.commons.math3.stat.descriptive.SynchronizedMultivariateSummaryStatisticsTest, org.apache.commons.math3.stat.descriptive.SynchronizedSummaryStatisticsTest, org.apache.commons.math3.stat.descriptive.moment.FirstMomentTest, org.apache.commons.math3.stat.descriptive.moment.FourthMomentTest, org.apache.commons.math3.stat.descriptive.moment.GeometricMeanTest, org.apache.commons.math3.stat.descriptive.moment.InteractionTest, org.apache.commons.math3.stat.descriptive.moment.KurtosisTest, org.apache.commons.math3.stat.descriptive.moment.MeanTest, org.apache.commons.math3.stat.descriptive.moment.SecondMomentTest, org.apache.commons.math3.stat.descriptive.moment.SemiVarianceTest, org.apache.commons.math3.stat.descriptive.moment.SkewnessTest, org.apache.commons.math3.stat.descriptive.moment.StandardDeviationTest, org.apache.commons.math3.stat.descriptive.moment.ThirdMomentTest, org.apache.commons.math3.stat.descriptive.moment.VarianceTest, org.apache.commons.math3.stat.descriptive.moment.VectorialCovarianceTest, org.apache.commons.math3.stat.descriptive.moment.VectorialMeanTest, org.apache.commons.math3.stat.descriptive.rank.MaxTest, org.apache.commons.math3.stat.descriptive.rank.MedianTest, org.apache.commons.math3.stat.descriptive.rank.MinTest, org.apache.commons.math3.stat.descriptive.rank.PSquarePercentileTest, org.apache.commons.math3.stat.descriptive.rank.PercentileTest, org.apache.commons.math3.stat.descriptive.summary.ProductTest, org.apache.commons.math3.stat.descriptive.summary.SumLogTest, org.apache.commons.math3.stat.descriptive.summary.SumSqTest, org.apache.commons.math3.stat.descriptive.summary.SumTest, org.apache.commons.math3.stat.inference.BinomialTestTest, org.apache.commons.math3.stat.inference.ChiSquareTestTest, org.apache.commons.math3.stat.inference.GTestTest, org.apache.commons.math3.stat.inference.KolmogorovSmirnovTestTest, org.apache.commons.math3.stat.inference.MannWhitneyUTestTest, org.apache.commons.math3.stat.inference.OneWayAnovaTest, org.apache.commons.math3.stat.inference.TTestTest, org.apache.commons.math3.stat.inference.TestUtilsTest, org.apache.commons.math3.stat.inference.WilcoxonSignedRankTestTest, org.apache.commons.math3.stat.interval.AgrestiCoullIntervalTest, org.apache.commons.math3.stat.interval.ClopperPearsonIntervalTest, org.apache.commons.math3.stat.interval.IntervalUtilsTest, org.apache.commons.math3.stat.interval.NormalApproximationIntervalTest, org.apache.commons.math3.stat.interval.WilsonScoreIntervalTest, org.apache.commons.math3.stat.ranking.NaturalRankingTest, org.apache.commons.math3.stat.regression.GLSMultipleLinearRegressionTest, org.apache.commons.math3.stat.regression.MillerUpdatingRegressionTest, org.apache.commons.math3.stat.regression.OLSMultipleLinearRegressionTest, org.apache.commons.math3.stat.regression.SimpleRegressionTest, org.apache.commons.math3.transform.FastCosineTransformerTest, org.apache.commons.math3.transform.FastFourierTransformerTest, org.apache.commons.math3.transform.FastHadamardTransformerTest, org.apache.commons.math3.transform.FastSineTransformerTest, org.apache.commons.math3.util.ArithmeticUtilsTest, org.apache.commons.math3.util.BigRealFieldTest, org.apache.commons.math3.util.BigRealTest, org.apache.commons.math3.util.CombinationsTest, org.apache.commons.math3.util.CombinatoricsUtilsTest, org.apache.commons.math3.util.ContinuedFractionTest, org.apache.commons.math3.util.Decimal64Test, org.apache.commons.math3.util.DefaultTransformerTest, org.apache.commons.math3.util.FastMathStrictComparisonTest, org.apache.commons.math3.util.FastMathTest, org.apache.commons.math3.util.FastMathTestPerformance, org.apache.commons.math3.util.IncrementorTest, org.apache.commons.math3.util.MathArraysTest, org.apache.commons.math3.util.MathUtilsTest, org.apache.commons.math3.util.MultidimensionalCounterTest, org.apache.commons.math3.util.OpenIntToDoubleHashMapTest, org.apache.commons.math3.util.OpenIntToFieldTest, org.apache.commons.math3.util.PairTest, org.apache.commons.math3.util.PrecisionTest, org.apache.commons.math3.util.ResizableDoubleArrayTest, org.apache.commons.math3.util.TransformerMapTest], complianceLevel=7, outputFolder=., json=true}
08:36:47.699 [main] INFO  fr.inria.lille.repair.nopol.NoPol - Available processors (cores): 4
08:36:47.705 [main] INFO  fr.inria.lille.repair.nopol.NoPol - Free memory: 894 MB
08:36:47.705 [main] INFO  fr.inria.lille.repair.nopol.NoPol - Maximum memory: 3 GB
08:36:47.705 [main] INFO  fr.inria.lille.repair.nopol.NoPol - Total memory available to JVM: 981 MB
08:36:47.705 [main] INFO  fr.inria.lille.repair.nopol.NoPol - Java version: 1.8.0_181
08:36:47.706 [main] INFO  fr.inria.lille.repair.nopol.NoPol - JAVA_HOME: /usr/lib/jvm/java-1.8.0-openjdk-amd64/bin/
08:36:47.706 [main] INFO  fr.inria.lille.repair.nopol.NoPol - PATH: /usr/lib/jvm/java-1.8.0-openjdk-amd64/bin/:/usr/lib/oar/oardodo:/usr/lib/oar/oardodo:/usr/local/bin:/usr/bin:/bin:/usr/games
08:42:57.511 [pool-2-thread-1] DEBUG fr.inria.lille.repair.nopol.NoPol - statement #1
08:42:57.511 [pool-2-thread-1] DEBUG fr.inria.lille.repair.nopol.NoPol - Analysing SourceLocation org.apache.commons.math3.geometry.euclidean.twod.hull.ConvexHullGenerator2DAbstractTest:223 which is executed by 2 tests
08:42:57.512 [pool-2-thread-1] DEBUG fr.inria.lille.repair.nopol.NoPol - cannot spoon SourceLocation org.apache.commons.math3.geometry.euclidean.twod.hull.ConvexHullGenerator2DAbstractTest:223
08:42:57.512 [pool-2-thread-1] DEBUG fr.inria.lille.repair.nopol.NoPol - statement #2
08:42:57.512 [pool-2-thread-1] DEBUG fr.inria.lille.repair.nopol.NoPol - Analysing SourceLocation org.apache.commons.math3.geometry.euclidean.twod.hull.ConvexHullGenerator2DAbstractTest:221 which is executed by 2 tests
08:42:57.512 [pool-2-thread-1] DEBUG fr.inria.lille.repair.nopol.NoPol - cannot spoon SourceLocation org.apache.commons.math3.geometry.euclidean.twod.hull.ConvexHullGenerator2DAbstractTest:221
08:42:57.512 [pool-2-thread-1] DEBUG fr.inria.lille.repair.nopol.NoPol - statement #3
08:42:57.512 [pool-2-thread-1] DEBUG fr.inria.lille.repair.nopol.NoPol - Analysing SourceLocation org.apache.commons.math3.geometry.euclidean.twod.hull.ConvexHullGenerator2DAbstractTest:220 which is executed by 2 tests
08:42:57.512 [pool-2-thread-1] DEBUG fr.inria.lille.repair.nopol.NoPol - cannot spoon SourceLocation org.apache.commons.math3.geometry.euclidean.twod.hull.ConvexHullGenerator2DAbstractTest:220
08:42:57.513 [pool-2-thread-1] DEBUG fr.inria.lille.repair.nopol.NoPol - statement #4
08:42:57.513 [pool-2-thread-1] DEBUG fr.inria.lille.repair.nopol.NoPol - Analysing SourceLocation org.apache.commons.math3.geometry.euclidean.twod.hull.ConvexHullGenerator2DAbstractTest:219 which is executed by 2 tests
08:42:57.513 [pool-2-thread-1] DEBUG fr.inria.lille.repair.nopol.NoPol - cannot spoon SourceLocation org.apache.commons.math3.geometry.euclidean.twod.hull.ConvexHullGenerator2DAbstractTest:219
08:42:57.513 [pool-2-thread-1] DEBUG fr.inria.lille.repair.nopol.NoPol - statement #5
08:42:57.513 [pool-2-thread-1] DEBUG fr.inria.lille.repair.nopol.NoPol - Analysing SourceLocation org.apache.commons.math3.geometry.euclidean.twod.hull.ConvexHullGenerator2DAbstractTest:218 which is executed by 2 tests
08:42:57.513 [pool-2-thread-1] DEBUG fr.inria.lille.repair.nopol.NoPol - cannot spoon SourceLocation org.apache.commons.math3.geometry.euclidean.twod.hull.ConvexHullGenerator2DAbstractTest:218
08:42:57.513 [pool-2-thread-1] DEBUG fr.inria.lille.repair.nopol.NoPol - statement #6
08:42:57.513 [pool-2-thread-1] DEBUG fr.inria.lille.repair.nopol.NoPol - Analysing SourceLocation org.apache.commons.math3.geometry.euclidean.twod.hull.ConvexHullGenerator2DAbstractTest:217 which is executed by 2 tests
08:42:57.513 [pool-2-thread-1] DEBUG fr.inria.lille.repair.nopol.NoPol - cannot spoon SourceLocation org.apache.commons.math3.geometry.euclidean.twod.hull.ConvexHullGenerator2DAbstractTest:217
08:42:57.514 [pool-2-thread-1] DEBUG fr.inria.lille.repair.nopol.NoPol - statement #7
08:42:57.514 [pool-2-thread-1] DEBUG fr.inria.lille.repair.nopol.NoPol - Analysing SourceLocation org.apache.commons.math3.geometry.euclidean.twod.hull.ConvexHullGenerator2DAbstractTest:216 which is executed by 2 tests
08:42:57.514 [pool-2-thread-1] DEBUG fr.inria.lille.repair.nopol.NoPol - cannot spoon SourceLocation org.apache.commons.math3.geometry.euclidean.twod.hull.ConvexHullGenerator2DAbstractTest:216
08:42:57.514 [pool-2-thread-1] DEBUG fr.inria.lille.repair.nopol.NoPol - statement #8
08:42:57.514 [pool-2-thread-1] DEBUG fr.inria.lille.repair.nopol.NoPol - Analysing SourceLocation org.apache.commons.math3.geometry.euclidean.twod.hull.ConvexHullGenerator2DAbstractTest:215 which is executed by 2 tests
08:42:57.514 [pool-2-thread-1] DEBUG fr.inria.lille.repair.nopol.NoPol - cannot spoon SourceLocation org.apache.commons.math3.geometry.euclidean.twod.hull.ConvexHullGenerator2DAbstractTest:215
08:42:57.514 [pool-2-thread-1] DEBUG fr.inria.lille.repair.nopol.NoPol - statement #9
08:42:57.514 [pool-2-thread-1] DEBUG fr.inria.lille.repair.nopol.NoPol - Analysing SourceLocation org.apache.commons.math3.geometry.euclidean.twod.hull.ConvexHullGenerator2DAbstractTest:214 which is executed by 2 tests
08:42:57.515 [pool-2-thread-1] DEBUG fr.inria.lille.repair.nopol.NoPol - cannot spoon SourceLocation org.apache.commons.math3.geometry.euclidean.twod.hull.ConvexHullGenerator2DAbstractTest:214
08:42:57.515 [pool-2-thread-1] DEBUG fr.inria.lille.repair.nopol.NoPol - statement #10
08:42:57.515 [pool-2-thread-1] DEBUG fr.inria.lille.repair.nopol.NoPol - Analysing SourceLocation org.apache.commons.math3.geometry.euclidean.twod.hull.ConvexHullGenerator2DAbstractTest:213 which is executed by 2 tests
08:42:57.515 [pool-2-thread-1] DEBUG fr.inria.lille.repair.nopol.NoPol - cannot spoon SourceLocation org.apache.commons.math3.geometry.euclidean.twod.hull.ConvexHullGenerator2DAbstractTest:213
08:42:57.515 [pool-2-thread-1] DEBUG fr.inria.lille.repair.nopol.NoPol - statement #11
08:42:57.515 [pool-2-thread-1] DEBUG fr.inria.lille.repair.nopol.NoPol - Analysing SourceLocation org.apache.commons.math3.geometry.euclidean.twod.hull.ConvexHullGenerator2DAbstractTest:212 which is executed by 2 tests
08:42:57.515 [pool-2-thread-1] DEBUG fr.inria.lille.repair.nopol.NoPol - cannot spoon SourceLocation org.apache.commons.math3.geometry.euclidean.twod.hull.ConvexHullGenerator2DAbstractTest:212
08:42:57.515 [pool-2-thread-1] DEBUG fr.inria.lille.repair.nopol.NoPol - statement #12
08:42:57.515 [pool-2-thread-1] DEBUG fr.inria.lille.repair.nopol.NoPol - Analysing SourceLocation org.apache.commons.math3.geometry.euclidean.twod.hull.ConvexHullGenerator2DAbstractTest:211 which is executed by 2 tests
08:42:57.516 [pool-2-thread-1] DEBUG fr.inria.lille.repair.nopol.NoPol - cannot spoon SourceLocation org.apache.commons.math3.geometry.euclidean.twod.hull.ConvexHullGenerator2DAbstractTest:211
08:42:57.516 [pool-2-thread-1] DEBUG fr.inria.lille.repair.nopol.NoPol - statement #13
08:42:57.516 [pool-2-thread-1] DEBUG fr.inria.lille.repair.nopol.NoPol - Analysing SourceLocation org.apache.commons.math3.exception.MathIllegalStateException:80 which is executed by 2 tests
-614386291
08:42:59.255 [pool-2-thread-1] DEBUG fr.inria.lille.repair.nopol.NoPol - statement #14
08:42:59.255 [pool-2-thread-1] DEBUG fr.inria.lille.repair.nopol.NoPol - Analysing SourceLocation org.apache.commons.math3.geometry.euclidean.twod.hull.ConvexHull2D:98 which is executed by 3 tests
721709127
08:42:59.415 [pool-2-thread-1] DEBUG fr.inria.lille.repair.nopol.NoPol - looking with class fr.inria.lille.repair.nopol.spoon.smt.ConditionalAdder
org.apache.commons.math3.exception.ConvergenceException: illegal state: convergence failed
    at org.apache.commons.math3.geometry.euclidean.twod.hull.AbstractConvexHullGenerator2D.generate(AbstractConvexHullGenerator2D.java:106)
    at org.apache.commons.math3.geometry.euclidean.twod.hull.MonotoneChain.generate(MonotoneChain.java:50)
    at org.apache.commons.math3.geometry.euclidean.twod.hull.ConvexHullGenerator2DAbstractTest.testCollinearPointOnExistingBoundary(ConvexHullGenerator2DAbstractTest.java:223)
    at sun.reflect.NativeMethodAccessorImpl.invoke0(Native Method)
    at sun.reflect.NativeMethodAccessorImpl.invoke(NativeMethodAccessorImpl.java:62)
    at sun.reflect.DelegatingMethodAccessorImpl.invoke(DelegatingMethodAccessorImpl.java:43)
org.apache.commons.math3.exception.ConvergenceException: illegal state: convergence failed
    at org.apache.commons.math3.geometry.euclidean.twod.hull.AbstractConvexHullGenerator2D.generate(AbstractConvexHullGenerator2D.java:106)
    at org.apache.commons.math3.geometry.euclidean.twod.hull.MonotoneChain.generate(MonotoneChain.java:50)
    at org.apache.commons.math3.geometry.euclidean.twod.hull.ConvexHullGenerator2DAbstractTest.testCollinearPointOnExistingBoundary(ConvexHullGenerator2DAbstractTest.java:223)
    at sun.reflect.NativeMethodAccessorImpl.invoke0(Native Method)
    at sun.reflect.NativeMethodAccessorImpl.invoke(NativeMethodAccessorImpl.java:62)
    at sun.reflect.DelegatingMethodAccessorImpl.invoke(DelegatingMethodAccessorImpl.java:43)
08:42:59.557 [pool-4-thread-1] INFO  xxl.java.junit.TestCasesListener - Tests run finished (115 ms)
<> Total tests run: 31
<> Ignored tests: 0
<> Failed tests: 2
~ testCollinearPointOnExistingBoundary(org.apache.commons.math3.geometry.euclidean.twod.hull.AklToussaintHeuristicTest)
[illegal state: convergence failed]
org.apache.commons.math3.exception.ConvergenceException: illegal state: convergence failed    at org.apache.commons.math3.geometry.euclidean.twod.hull.AbstractConvexHullGenerator2D.generate(AbstractConvexHullGenerator2D.java:106)
    at org.apache.commons.math3.geometry.euclidean.twod.hull.MonotoneChain.generate(MonotoneChain.java:50)
    at org.apache.commons.math3.geometry.euclidean.twod.hull.ConvexHullGenerator2DAbstractTest.testCollinearPointOnExistingBoundary(ConvexHullGenerator2DAbstractTest.java:223)
    at sun.reflect.NativeMethodAccessorImpl.invoke0(Native Method)
    at sun.reflect.NativeMethodAccessorImpl.invoke(NativeMethodAccessorImpl.java:62)
    at sun.reflect.DelegatingMethodAccessorImpl.invoke(DelegatingMethodAccessorImpl.java:43)
~ testCollinearPointOnExistingBoundary(org.apache.commons.math3.geometry.euclidean.twod.hull.MonotoneChainTest)
[illegal state: convergence failed]
org.apache.commons.math3.exception.ConvergenceException: illegal state: convergence failed    at org.apache.commons.math3.geometry.euclidean.twod.hull.AbstractConvexHullGenerator2D.generate(AbstractConvexHullGenerator2D.java:106)
    at org.apache.commons.math3.geometry.euclidean.twod.hull.MonotoneChain.generate(MonotoneChain.java:50)
    at org.apache.commons.math3.geometry.euclidean.twod.hull.ConvexHullGenerator2DAbstractTest.testCollinearPointOnExistingBoundary(ConvexHullGenerator2DAbstractTest.java:223)
    at sun.reflect.NativeMethodAccessorImpl.invoke0(Native Method)
    at sun.reflect.NativeMethodAccessorImpl.invoke(NativeMethodAccessorImpl.java:62)
    at sun.reflect.DelegatingMethodAccessorImpl.invoke(DelegatingMethodAccessorImpl.java:43)

java.lang.AssertionError
    at org.junit.Assert.fail(Assert.java:86)
    at org.junit.Assert.assertTrue(Assert.java:41)
    at org.junit.Assert.assertTrue(Assert.java:52)
    at org.apache.commons.math3.geometry.euclidean.twod.hull.ConvexHullGenerator2DAbstractTest.checkConvexHull(ConvexHullGenerator2DAbstractTest.java:342)
    at org.apache.commons.math3.geometry.euclidean.twod.hull.ConvexHullGenerator2DAbstractTest.checkConvexHull(ConvexHullGenerator2DAbstractTest.java:336)
    at org.apache.commons.math3.geometry.euclidean.twod.hull.ConvexHullGenerator2DAbstractTest.testCollinearPointOnExistingBoundary(ConvexHullGenerator2DAbstractTest.java:224)
08:43:00.232 [pool-5-thread-1] INFO  f.i.l.c.t.SpecificationTestCasesListener - Tests run finished (17 ms)
<> Total tests run: 1
<> Ignored tests: 0
<> Failed tests: 1
~ testCollinearPointOnExistingBoundary(org.apache.commons.math3.geometry.euclidean.twod.hull.AklToussaintHeuristicTest)
[null]
java.lang.AssertionError    at org.junit.Assert.fail(Assert.java:86)
    at org.junit.Assert.assertTrue(Assert.java:41)
    at org.junit.Assert.assertTrue(Assert.java:52)
    at org.apache.commons.math3.geometry.euclidean.twod.hull.ConvexHullGenerator2DAbstractTest.checkConvexHull(ConvexHullGenerator2DAbstractTest.java:342)
    at org.apache.commons.math3.geometry.euclidean.twod.hull.ConvexHullGenerator2DAbstractTest.checkConvexHull(ConvexHullGenerator2DAbstractTest.java:336)
    at org.apache.commons.math3.geometry.euclidean.twod.hull.ConvexHullGenerator2DAbstractTest.testCollinearPointOnExistingBoundary(ConvexHullGenerator2DAbstractTest.java:224)

java.lang.AssertionError
    at org.junit.Assert.fail(Assert.java:86)
    at org.junit.Assert.assertTrue(Assert.java:41)
    at org.junit.Assert.assertTrue(Assert.java:52)
    at org.apache.commons.math3.geometry.euclidean.twod.hull.ConvexHullGenerator2DAbstractTest.checkConvexHull(ConvexHullGenerator2DAbstractTest.java:342)
    at org.apache.commons.math3.geometry.euclidean.twod.hull.ConvexHullGenerator2DAbstractTest.checkConvexHull(ConvexHullGenerator2DAbstractTest.java:336)
    at org.apache.commons.math3.geometry.euclidean.twod.hull.ConvexHullGenerator2DAbstractTest.testCollinearPointOnExistingBoundary(ConvexHullGenerator2DAbstractTest.java:224)
08:43:00.235 [pool-6-thread-1] INFO  f.i.l.c.t.SpecificationTestCasesListener - Tests run finished (1 ms)
<> Total tests run: 1
<> Ignored tests: 0
<> Failed tests: 1
~ testCollinearPointOnExistingBoundary(org.apache.commons.math3.geometry.euclidean.twod.hull.MonotoneChainTest)
[null]
java.lang.AssertionError    at org.junit.Assert.fail(Assert.java:86)
    at org.junit.Assert.assertTrue(Assert.java:41)
    at org.junit.Assert.assertTrue(Assert.java:52)
    at org.apache.commons.math3.geometry.euclidean.twod.hull.ConvexHullGenerator2DAbstractTest.checkConvexHull(ConvexHullGenerator2DAbstractTest.java:342)
    at org.apache.commons.math3.geometry.euclidean.twod.hull.ConvexHullGenerator2DAbstractTest.checkConvexHull(ConvexHullGenerator2DAbstractTest.java:336)
    at org.apache.commons.math3.geometry.euclidean.twod.hull.ConvexHullGenerator2DAbstractTest.testCollinearPointOnExistingBoundary(ConvexHullGenerator2DAbstractTest.java:224)

org.apache.commons.math3.exception.ConvergenceException: illegal state: convergence failed
    at org.apache.commons.math3.geometry.euclidean.twod.hull.AbstractConvexHullGenerator2D.generate(AbstractConvexHullGenerator2D.java:106)
    at org.apache.commons.math3.geometry.euclidean.twod.hull.MonotoneChain.generate(MonotoneChain.java:50)
    at org.apache.commons.math3.geometry.euclidean.twod.hull.ConvexHullGenerator2DAbstractTest.testCollinearPointOnExistingBoundary(ConvexHullGenerator2DAbstractTest.java:223)
    at sun.reflect.NativeMethodAccessorImpl.invoke0(Native Method)
    at sun.reflect.NativeMethodAccessorImpl.invoke(NativeMethodAccessorImpl.java:62)
    at sun.reflect.DelegatingMethodAccessorImpl.invoke(DelegatingMethodAccessorImpl.java:43)
08:43:00.252 [pool-7-thread-1] INFO  f.i.l.c.t.SpecificationTestCasesListener - Tests run finished (13 ms)
<> Total tests run: 1
<> Ignored tests: 0
<> Failed tests: 1
~ testCollinearPointOnExistingBoundary(org.apache.commons.math3.geometry.euclidean.twod.hull.AklToussaintHeuristicTest)
[illegal state: convergence failed]
org.apache.commons.math3.exception.ConvergenceException: illegal state: convergence failed    at org.apache.commons.math3.geometry.euclidean.twod.hull.AbstractConvexHullGenerator2D.generate(AbstractConvexHullGenerator2D.java:106)
    at org.apache.commons.math3.geometry.euclidean.twod.hull.MonotoneChain.generate(MonotoneChain.java:50)
    at org.apache.commons.math3.geometry.euclidean.twod.hull.ConvexHullGenerator2DAbstractTest.testCollinearPointOnExistingBoundary(ConvexHullGenerator2DAbstractTest.java:223)
    at sun.reflect.NativeMethodAccessorImpl.invoke0(Native Method)
    at sun.reflect.NativeMethodAccessorImpl.invoke(NativeMethodAccessorImpl.java:62)
    at sun.reflect.DelegatingMethodAccessorImpl.invoke(DelegatingMethodAccessorImpl.java:43)

org.apache.commons.math3.exception.ConvergenceException: illegal state: convergence failed
    at org.apache.commons.math3.geometry.euclidean.twod.hull.AbstractConvexHullGenerator2D.generate(AbstractConvexHullGenerator2D.java:106)
    at org.apache.commons.math3.geometry.euclidean.twod.hull.MonotoneChain.generate(MonotoneChain.java:50)
    at org.apache.commons.math3.geometry.euclidean.twod.hull.ConvexHullGenerator2DAbstractTest.testCollinearPointOnExistingBoundary(ConvexHullGenerator2DAbstractTest.java:223)
    at sun.reflect.NativeMethodAccessorImpl.invoke0(Native Method)
    at sun.reflect.NativeMethodAccessorImpl.invoke(NativeMethodAccessorImpl.java:62)
    at sun.reflect.DelegatingMethodAccessorImpl.invoke(DelegatingMethodAccessorImpl.java:43)
08:43:00.255 [pool-8-thread-1] INFO  f.i.l.c.t.SpecificationTestCasesListener - Tests run finished (1 ms)
<> Total tests run: 1
<> Ignored tests: 0
<> Failed tests: 1
~ testCollinearPointOnExistingBoundary(org.apache.commons.math3.geometry.euclidean.twod.hull.MonotoneChainTest)
[illegal state: convergence failed]
org.apache.commons.math3.exception.ConvergenceException: illegal state: convergence failed    at org.apache.commons.math3.geometry.euclidean.twod.hull.AbstractConvexHullGenerator2D.generate(AbstractConvexHullGenerator2D.java:106)
    at org.apache.commons.math3.geometry.euclidean.twod.hull.MonotoneChain.generate(MonotoneChain.java:50)
    at org.apache.commons.math3.geometry.euclidean.twod.hull.ConvexHullGenerator2DAbstractTest.testCollinearPointOnExistingBoundary(ConvexHullGenerator2DAbstractTest.java:223)
    at sun.reflect.NativeMethodAccessorImpl.invoke0(Native Method)
    at sun.reflect.NativeMethodAccessorImpl.invoke(NativeMethodAccessorImpl.java:62)
    at sun.reflect.DelegatingMethodAccessorImpl.invoke(DelegatingMethodAccessorImpl.java:43)

08:43:00.256 [pool-3-thread-1] DEBUG tests.output - Failing tests with false: 
[testCollinearPointOnExistingBoundary(org.apache.commons.math3.geometry.euclidean.twod.hull.AklToussaintHeuristicTest): null, testCollinearPointOnExistingBoundary(org.apache.commons.math3.geometry.euclidean.twod.hull.MonotoneChainTest): null]
08:43:00.256 [pool-3-thread-1] DEBUG tests.output - Failing tests with true: 
[testCollinearPointOnExistingBoundary(org.apache.commons.math3.geometry.euclidean.twod.hull.AklToussaintHeuristicTest): illegal state: convergence failed, testCollinearPointOnExistingBoundary(org.apache.commons.math3.geometry.euclidean.twod.hull.MonotoneChainTest): illegal state: convergence failed]
08:43:00.257 [pool-3-thread-1] INFO  f.i.l.r.n.synth.SMTNopolSynthesizer - Not enough specifications: 0. A trivial patch is "true" or "false", please write new tests specifying SourceLocation org.apache.commons.math3.geometry.euclidean.twod.hull.ConvexHull2D:98.
08:43:00.257 [pool-2-thread-1] DEBUG fr.inria.lille.repair.nopol.NoPol - statement #15
08:43:00.257 [pool-2-thread-1] DEBUG fr.inria.lille.repair.nopol.NoPol - Analysing SourceLocation org.apache.commons.math3.geometry.euclidean.twod.hull.AbstractConvexHullGenerator2D:106 which is executed by 3 tests
2125707728
08:43:00.391 [pool-2-thread-1] DEBUG fr.inria.lille.repair.nopol.NoPol - looking with class fr.inria.lille.repair.nopol.spoon.smt.ConditionalAdder
org.apache.commons.math3.exception.ConvergenceException: illegal state: convergence failed
    at org.apache.commons.math3.geometry.euclidean.twod.hull.AbstractConvexHullGenerator2D.generate(AbstractConvexHullGenerator2D.java:106)
    at org.apache.commons.math3.geometry.euclidean.twod.hull.MonotoneChain.generate(MonotoneChain.java:50)
    at org.apache.commons.math3.geometry.euclidean.twod.hull.ConvexHullGenerator2DAbstractTest.testCollinearPointOnExistingBoundary(ConvexHullGenerator2DAbstractTest.java:223)
    at sun.reflect.NativeMethodAccessorImpl.invoke0(Native Method)
    at sun.reflect.NativeMethodAccessorImpl.invoke(NativeMethodAccessorImpl.java:62)
    at sun.reflect.DelegatingMethodAccessorImpl.invoke(DelegatingMethodAccessorImpl.java:43)
org.apache.commons.math3.exception.ConvergenceException: illegal state: convergence failed
    at org.apache.commons.math3.geometry.euclidean.twod.hull.AbstractConvexHullGenerator2D.generate(AbstractConvexHullGenerator2D.java:106)
    at org.apache.commons.math3.geometry.euclidean.twod.hull.MonotoneChain.generate(MonotoneChain.java:50)
    at org.apache.commons.math3.geometry.euclidean.twod.hull.ConvexHullGenerator2DAbstractTest.testCollinearPointOnExistingBoundary(ConvexHullGenerator2DAbstractTest.java:223)
    at sun.reflect.NativeMethodAccessorImpl.invoke0(Native Method)
    at sun.reflect.NativeMethodAccessorImpl.invoke(NativeMethodAccessorImpl.java:62)
    at sun.reflect.DelegatingMethodAccessorImpl.invoke(DelegatingMethodAccessorImpl.java:43)
08:43:00.528 [pool-10-thread-1] INFO  xxl.java.junit.TestCasesListener - Tests run finished (128 ms)
<> Total tests run: 31
<> Ignored tests: 0
<> Failed tests: 2
~ testCollinearPointOnExistingBoundary(org.apache.commons.math3.geometry.euclidean.twod.hull.AklToussaintHeuristicTest)
[illegal state: convergence failed]
org.apache.commons.math3.exception.ConvergenceException: illegal state: convergence failed    at org.apache.commons.math3.geometry.euclidean.twod.hull.AbstractConvexHullGenerator2D.generate(AbstractConvexHullGenerator2D.java:106)
    at org.apache.commons.math3.geometry.euclidean.twod.hull.MonotoneChain.generate(MonotoneChain.java:50)
    at org.apache.commons.math3.geometry.euclidean.twod.hull.ConvexHullGenerator2DAbstractTest.testCollinearPointOnExistingBoundary(ConvexHullGenerator2DAbstractTest.java:223)
    at sun.reflect.NativeMethodAccessorImpl.invoke0(Native Method)
    at sun.reflect.NativeMethodAccessorImpl.invoke(NativeMethodAccessorImpl.java:62)
    at sun.reflect.DelegatingMethodAccessorImpl.invoke(DelegatingMethodAccessorImpl.java:43)
~ testCollinearPointOnExistingBoundary(org.apache.commons.math3.geometry.euclidean.twod.hull.MonotoneChainTest)
[illegal state: convergence failed]
org.apache.commons.math3.exception.ConvergenceException: illegal state: convergence failed    at org.apache.commons.math3.geometry.euclidean.twod.hull.AbstractConvexHullGenerator2D.generate(AbstractConvexHullGenerator2D.java:106)
    at org.apache.commons.math3.geometry.euclidean.twod.hull.MonotoneChain.generate(MonotoneChain.java:50)
    at org.apache.commons.math3.geometry.euclidean.twod.hull.ConvexHullGenerator2DAbstractTest.testCollinearPointOnExistingBoundary(ConvexHullGenerator2DAbstractTest.java:223)
    at sun.reflect.NativeMethodAccessorImpl.invoke0(Native Method)
    at sun.reflect.NativeMethodAccessorImpl.invoke(NativeMethodAccessorImpl.java:62)
    at sun.reflect.DelegatingMethodAccessorImpl.invoke(DelegatingMethodAccessorImpl.java:43)

08:43:00.746 [pool-9-thread-1] ERROR x.java.compiler.DynamicClassCompiler - [Compilation errors]
AbstractConvexHullGenerator2D.java:57: error: missing return statement
    }
    ^
08:43:00.748 [pool-9-thread-1] ERROR f.i.l.r.n.s.ConstraintModelBuilder - Unable to compile the change: 
abstract class AbstractConvexHullGenerator2D implements org.apache.commons.math3.geometry.euclidean.twod.hull.ConvexHullGenerator2D {
    private static final double DEFAULT_TOLERANCE = 1.0E-10;

    private final double tolerance;

    private final boolean includeCollinearPoints;

    protected AbstractConvexHullGenerator2D(final boolean includeCollinearPoints) {
        this(includeCollinearPoints, org.apache.commons.math3.geometry.euclidean.twod.hull.AbstractConvexHullGenerator2D.DEFAULT_TOLERANCE);
    }

    protected AbstractConvexHullGenerator2D(final boolean includeCollinearPoints, final double tolerance) {
        this.includeCollinearPoints = includeCollinearPoints;
        this.tolerance = tolerance;
    }

    public double getTolerance() {
        return tolerance;
    }

    public boolean isIncludeCollinearPoints() {
        return includeCollinearPoints;
    }

    public org.apache.commons.math3.geometry.euclidean.twod.hull.ConvexHull2D generate(final java.util.Collection<org.apache.commons.math3.geometry.euclidean.twod.Vector2D> points) throws org.apache.commons.math3.exception.ConvergenceException, org.apache.commons.math3.exception.NullArgumentException {
        org.apache.commons.math3.util.MathUtils.checkNotNull(points);
        java.util.Collection<org.apache.commons.math3.geometry.euclidean.twod.Vector2D> hullVertices = null;
        if ((points.size()) < 2) {
            hullVertices = points;
        }else {
            hullVertices = findHullVertices(points);
        }
        try {
            return new org.apache.commons.math3.geometry.euclidean.twod.hull.ConvexHull2D(hullVertices.toArray(new org.apache.commons.math3.geometry.euclidean.twod.Vector2D[hullVertices.size()]), tolerance);
        } catch (org.apache.commons.math3.exception.MathIllegalArgumentException e) {
            boolean spoonDefaultValue = false;
            try {
                spoonDefaultValue = true;
            } catch (java.lang.Exception __NopolProcessorException) {
            }
            boolean runtimeAngelicValue = fr.inria.lille.repair.nopol.synth.AngelicExecution.angelicValue(spoonDefaultValue);
            if (fr.inria.lille.commons.trace.RuntimeValues.instance(1).isEnabled()) {
                fr.inria.lille.commons.trace.RuntimeValues.instance(1).collectionStarts();
                try{fr.inria.lille.commons.trace.RuntimeValues.instance(1).collectInput("org.apache.commons.math3.geometry.euclidean.twod.hull.AbstractConvexHullGenerator2D.this.tolerance",org.apache.commons.math3.geometry.euclidean.twod.hull.AbstractConvexHullGenerator2D.this.tolerance);} catch (Exception ex1) {ex1.printStackTrace();};
                try{fr.inria.lille.commons.trace.RuntimeValues.instance(1).collectInput("org.apache.commons.math3.geometry.euclidean.twod.hull.AbstractConvexHullGenerator2D.this.includeCollinearPoints",org.apache.commons.math3.geometry.euclidean.twod.hull.AbstractConvexHullGenerator2D.this.includeCollinearPoints);} catch (Exception ex1) {ex1.printStackTrace();};
                try{fr.inria.lille.commons.trace.RuntimeValues.instance(1).collectInput("org.apache.commons.math3.geometry.euclidean.twod.hull.AbstractConvexHullGenerator2D.DEFAULT_TOLERANCE",org.apache.commons.math3.geometry.euclidean.twod.hull.AbstractConvexHullGenerator2D.DEFAULT_TOLERANCE);} catch (Exception ex1) {ex1.printStackTrace();};
                try{fr.inria.lille.commons.trace.RuntimeValues.instance(1).collectInput("hullVertices",hullVertices);} catch (Exception ex1) {ex1.printStackTrace();};
                try{fr.inria.lille.commons.trace.RuntimeValues.instance(1).collectInput("points",points);} catch (Exception ex1) {ex1.printStackTrace();};
                fr.inria.lille.commons.trace.RuntimeValues.instance(1).collectOutput(runtimeAngelicValue);
                fr.inria.lille.commons.trace.RuntimeValues.instance(1).collectionEnds();
            }
            if (runtimeAngelicValue)
                throw new org.apache.commons.math3.exception.ConvergenceException();

        }
    }

    protected abstract java.util.Collection<org.apache.commons.math3.geometry.euclidean.twod.Vector2D> findHullVertices(java.util.Collection<org.apache.commons.math3.geometry.euclidean.twod.Vector2D> points);
}
08:43:00.749 [pool-2-thread-1] ERROR fr.inria.lille.repair.nopol.NoPol - Error ExecutionException java.util.concurrent.ExecutionException: xxl.java.compiler.DynamicCompilationException: Aborting: dynamic compilation failed
08:43:00.749 [pool-2-thread-1] DEBUG fr.inria.lille.repair.nopol.NoPol - statement #16
08:43:00.749 [pool-2-thread-1] DEBUG fr.inria.lille.repair.nopol.NoPol - Analysing SourceLocation org.apache.commons.math3.geometry.euclidean.twod.hull.AbstractConvexHullGenerator2D:104 which is executed by 3 tests
2125707728
08:43:00.883 [pool-2-thread-1] DEBUG fr.inria.lille.repair.nopol.NoPol - statement #17
08:43:00.883 [pool-2-thread-1] DEBUG fr.inria.lille.repair.nopol.NoPol - Analysing SourceLocation org.apache.commons.math3.exception.util.ExceptionContext:137 which is executed by 3 tests
-310961535
08:43:01.029 [pool-2-thread-1] DEBUG fr.inria.lille.repair.nopol.NoPol - statement #18
08:43:01.029 [pool-2-thread-1] DEBUG fr.inria.lille.repair.nopol.NoPol - Analysing SourceLocation org.apache.commons.math3.exception.MathIllegalStateException:86 which is executed by 3 tests
-614386291
08:43:01.162 [pool-2-thread-1] DEBUG fr.inria.lille.repair.nopol.NoPol - statement #19
08:43:01.162 [pool-2-thread-1] DEBUG fr.inria.lille.repair.nopol.NoPol - Analysing SourceLocation org.apache.commons.math3.exception.util.ExceptionContext:182 which is executed by 4 tests
-310961535
08:43:01.303 [pool-2-thread-1] DEBUG fr.inria.lille.repair.nopol.NoPol - looking with class fr.inria.lille.repair.nopol.spoon.smt.ConditionalAdder
org.apache.commons.math3.exception.ConvergenceException: illegal state: convergence failed
    at org.apache.commons.math3.geometry.euclidean.twod.hull.AbstractConvexHullGenerator2D.generate(AbstractConvexHullGenerator2D.java:106)
    at org.apache.commons.math3.geometry.euclidean.twod.hull.MonotoneChain.generate(MonotoneChain.java:50)
    at org.apache.commons.math3.geometry.euclidean.twod.hull.ConvexHullGenerator2DAbstractTest.testCollinearPointOnExistingBoundary(ConvexHullGenerator2DAbstractTest.java:223)
    at sun.reflect.NativeMethodAccessorImpl.invoke0(Native Method)
    at sun.reflect.NativeMethodAccessorImpl.invoke(NativeMethodAccessorImpl.java:62)
    at sun.reflect.DelegatingMethodAccessorImpl.invoke(DelegatingMethodAccessorImpl.java:43)
org.apache.commons.math3.exception.ConvergenceException: illegal state: convergence failed
    at org.apache.commons.math3.geometry.euclidean.twod.hull.AbstractConvexHullGenerator2D.generate(AbstractConvexHullGenerator2D.java:106)
    at org.apache.commons.math3.geometry.euclidean.twod.hull.MonotoneChain.generate(MonotoneChain.java:50)
    at org.apache.commons.math3.geometry.euclidean.twod.hull.ConvexHullGenerator2DAbstractTest.testCollinearPointOnExistingBoundary(ConvexHullGenerator2DAbstractTest.java:223)
    at sun.reflect.NativeMethodAccessorImpl.invoke0(Native Method)
    at sun.reflect.NativeMethodAccessorImpl.invoke(NativeMethodAccessorImpl.java:62)
    at sun.reflect.DelegatingMethodAccessorImpl.invoke(DelegatingMethodAccessorImpl.java:43)
08:43:01.418 [pool-12-thread-1] INFO  xxl.java.junit.TestCasesListener - Tests run finished (107 ms)
<> Total tests run: 31
<> Ignored tests: 0
<> Failed tests: 2
~ testCollinearPointOnExistingBoundary(org.apache.commons.math3.geometry.euclidean.twod.hull.AklToussaintHeuristicTest)
[illegal state: convergence failed]
org.apache.commons.math3.exception.ConvergenceException: illegal state: convergence failed    at org.apache.commons.math3.geometry.euclidean.twod.hull.AbstractConvexHullGenerator2D.generate(AbstractConvexHullGenerator2D.java:106)
    at org.apache.commons.math3.geometry.euclidean.twod.hull.MonotoneChain.generate(MonotoneChain.java:50)
    at org.apache.commons.math3.geometry.euclidean.twod.hull.ConvexHullGenerator2DAbstractTest.testCollinearPointOnExistingBoundary(ConvexHullGenerator2DAbstractTest.java:223)
    at sun.reflect.NativeMethodAccessorImpl.invoke0(Native Method)
    at sun.reflect.NativeMethodAccessorImpl.invoke(NativeMethodAccessorImpl.java:62)
    at sun.reflect.DelegatingMethodAccessorImpl.invoke(DelegatingMethodAccessorImpl.java:43)
~ testCollinearPointOnExistingBoundary(org.apache.commons.math3.geometry.euclidean.twod.hull.MonotoneChainTest)
[illegal state: convergence failed]
org.apache.commons.math3.exception.ConvergenceException: illegal state: convergence failed    at org.apache.commons.math3.geometry.euclidean.twod.hull.AbstractConvexHullGenerator2D.generate(AbstractConvexHullGenerator2D.java:106)
    at org.apache.commons.math3.geometry.euclidean.twod.hull.MonotoneChain.generate(MonotoneChain.java:50)
    at org.apache.commons.math3.geometry.euclidean.twod.hull.ConvexHullGenerator2DAbstractTest.testCollinearPointOnExistingBoundary(ConvexHullGenerator2DAbstractTest.java:223)
    at sun.reflect.NativeMethodAccessorImpl.invoke0(Native Method)
    at sun.reflect.NativeMethodAccessorImpl.invoke(NativeMethodAccessorImpl.java:62)
    at sun.reflect.DelegatingMethodAccessorImpl.invoke(DelegatingMethodAccessorImpl.java:43)

org.apache.commons.math3.exception.ConvergenceException: illegal stateconvergence failed
    at org.apache.commons.math3.geometry.euclidean.twod.hull.AbstractConvexHullGenerator2D.generate(AbstractConvexHullGenerator2D.java:106)
    at org.apache.commons.math3.geometry.euclidean.twod.hull.MonotoneChain.generate(MonotoneChain.java:50)
    at org.apache.commons.math3.geometry.euclidean.twod.hull.ConvexHullGenerator2DAbstractTest.testCollinearPointOnExistingBoundary(ConvexHullGenerator2DAbstractTest.java:223)
    at sun.reflect.NativeMethodAccessorImpl.invoke0(Native Method)
    at sun.reflect.NativeMethodAccessorImpl.invoke(NativeMethodAccessorImpl.java:62)
    at sun.reflect.DelegatingMethodAccessorImpl.invoke(DelegatingMethodAccessorImpl.java:43)
08:43:01.731 [pool-13-thread-1] INFO  f.i.l.c.t.SpecificationTestCasesListener - Tests run finished (24 ms)
<> Total tests run: 1
<> Ignored tests: 0
<> Failed tests: 1
~ testCollinearPointOnExistingBoundary(org.apache.commons.math3.geometry.euclidean.twod.hull.AklToussaintHeuristicTest)
[illegal stateconvergence failed]
org.apache.commons.math3.exception.ConvergenceException: illegal stateconvergence failed    at org.apache.commons.math3.geometry.euclidean.twod.hull.AbstractConvexHullGenerator2D.generate(AbstractConvexHullGenerator2D.java:106)
    at org.apache.commons.math3.geometry.euclidean.twod.hull.MonotoneChain.generate(MonotoneChain.java:50)
    at org.apache.commons.math3.geometry.euclidean.twod.hull.ConvexHullGenerator2DAbstractTest.testCollinearPointOnExistingBoundary(ConvexHullGenerator2DAbstractTest.java:223)
    at sun.reflect.NativeMethodAccessorImpl.invoke0(Native Method)
    at sun.reflect.NativeMethodAccessorImpl.invoke(NativeMethodAccessorImpl.java:62)
    at sun.reflect.DelegatingMethodAccessorImpl.invoke(DelegatingMethodAccessorImpl.java:43)

org.apache.commons.math3.exception.ConvergenceException: illegal stateconvergence failed
    at org.apache.commons.math3.geometry.euclidean.twod.hull.AbstractConvexHullGenerator2D.generate(AbstractConvexHullGenerator2D.java:106)
    at org.apache.commons.math3.geometry.euclidean.twod.hull.MonotoneChain.generate(MonotoneChain.java:50)
    at org.apache.commons.math3.geometry.euclidean.twod.hull.ConvexHullGenerator2DAbstractTest.testCollinearPointOnExistingBoundary(ConvexHullGenerator2DAbstractTest.java:223)
    at sun.reflect.NativeMethodAccessorImpl.invoke0(Native Method)
    at sun.reflect.NativeMethodAccessorImpl.invoke(NativeMethodAccessorImpl.java:62)
    at sun.reflect.DelegatingMethodAccessorImpl.invoke(DelegatingMethodAccessorImpl.java:43)
08:43:01.741 [pool-14-thread-1] INFO  f.i.l.c.t.SpecificationTestCasesListener - Tests run finished (2 ms)
<> Total tests run: 1
<> Ignored tests: 0
<> Failed tests: 1
~ testCollinearPointOnExistingBoundary(org.apache.commons.math3.geometry.euclidean.twod.hull.MonotoneChainTest)
[illegal stateconvergence failed]
org.apache.commons.math3.exception.ConvergenceException: illegal stateconvergence failed    at org.apache.commons.math3.geometry.euclidean.twod.hull.AbstractConvexHullGenerator2D.generate(AbstractConvexHullGenerator2D.java:106)
    at org.apache.commons.math3.geometry.euclidean.twod.hull.MonotoneChain.generate(MonotoneChain.java:50)
    at org.apache.commons.math3.geometry.euclidean.twod.hull.ConvexHullGenerator2DAbstractTest.testCollinearPointOnExistingBoundary(ConvexHullGenerator2DAbstractTest.java:223)
    at sun.reflect.NativeMethodAccessorImpl.invoke0(Native Method)
    at sun.reflect.NativeMethodAccessorImpl.invoke(NativeMethodAccessorImpl.java:62)
    at sun.reflect.DelegatingMethodAccessorImpl.invoke(DelegatingMethodAccessorImpl.java:43)

org.apache.commons.math3.exception.ConvergenceException: illegal state: convergence failed
    at org.apache.commons.math3.geometry.euclidean.twod.hull.AbstractConvexHullGenerator2D.generate(AbstractConvexHullGenerator2D.java:106)
    at org.apache.commons.math3.geometry.euclidean.twod.hull.MonotoneChain.generate(MonotoneChain.java:50)
    at org.apache.commons.math3.geometry.euclidean.twod.hull.ConvexHullGenerator2DAbstractTest.testCollinearPointOnExistingBoundary(ConvexHullGenerator2DAbstractTest.java:223)
    at sun.reflect.NativeMethodAccessorImpl.invoke0(Native Method)
    at sun.reflect.NativeMethodAccessorImpl.invoke(NativeMethodAccessorImpl.java:62)
    at sun.reflect.DelegatingMethodAccessorImpl.invoke(DelegatingMethodAccessorImpl.java:43)
08:43:01.748 [pool-15-thread-1] INFO  f.i.l.c.t.SpecificationTestCasesListener - Tests run finished (1 ms)
<> Total tests run: 1
<> Ignored tests: 0
<> Failed tests: 1
~ testCollinearPointOnExistingBoundary(org.apache.commons.math3.geometry.euclidean.twod.hull.AklToussaintHeuristicTest)
[illegal state: convergence failed]
org.apache.commons.math3.exception.ConvergenceException: illegal state: convergence failed    at org.apache.commons.math3.geometry.euclidean.twod.hull.AbstractConvexHullGenerator2D.generate(AbstractConvexHullGenerator2D.java:106)
    at org.apache.commons.math3.geometry.euclidean.twod.hull.MonotoneChain.generate(MonotoneChain.java:50)
    at org.apache.commons.math3.geometry.euclidean.twod.hull.ConvexHullGenerator2DAbstractTest.testCollinearPointOnExistingBoundary(ConvexHullGenerator2DAbstractTest.java:223)
    at sun.reflect.NativeMethodAccessorImpl.invoke0(Native Method)
    at sun.reflect.NativeMethodAccessorImpl.invoke(NativeMethodAccessorImpl.java:62)
    at sun.reflect.DelegatingMethodAccessorImpl.invoke(DelegatingMethodAccessorImpl.java:43)

org.apache.commons.math3.exception.ConvergenceException: illegal state: convergence failed
    at org.apache.commons.math3.geometry.euclidean.twod.hull.AbstractConvexHullGenerator2D.generate(AbstractConvexHullGenerator2D.java:106)
    at org.apache.commons.math3.geometry.euclidean.twod.hull.MonotoneChain.generate(MonotoneChain.java:50)
    at org.apache.commons.math3.geometry.euclidean.twod.hull.ConvexHullGenerator2DAbstractTest.testCollinearPointOnExistingBoundary(ConvexHullGenerator2DAbstractTest.java:223)
    at sun.reflect.NativeMethodAccessorImpl.invoke0(Native Method)
    at sun.reflect.NativeMethodAccessorImpl.invoke(NativeMethodAccessorImpl.java:62)
    at sun.reflect.DelegatingMethodAccessorImpl.invoke(DelegatingMethodAccessorImpl.java:43)
08:43:01.750 [pool-16-thread-1] INFO  f.i.l.c.t.SpecificationTestCasesListener - Tests run finished (1 ms)
<> Total tests run: 1
<> Ignored tests: 0
<> Failed tests: 1
~ testCollinearPointOnExistingBoundary(org.apache.commons.math3.geometry.euclidean.twod.hull.MonotoneChainTest)
[illegal state: convergence failed]
org.apache.commons.math3.exception.ConvergenceException: illegal state: convergence failed    at org.apache.commons.math3.geometry.euclidean.twod.hull.AbstractConvexHullGenerator2D.generate(AbstractConvexHullGenerator2D.java:106)
    at org.apache.commons.math3.geometry.euclidean.twod.hull.MonotoneChain.generate(MonotoneChain.java:50)
    at org.apache.commons.math3.geometry.euclidean.twod.hull.ConvexHullGenerator2DAbstractTest.testCollinearPointOnExistingBoundary(ConvexHullGenerator2DAbstractTest.java:223)
    at sun.reflect.NativeMethodAccessorImpl.invoke0(Native Method)
    at sun.reflect.NativeMethodAccessorImpl.invoke(NativeMethodAccessorImpl.java:62)
    at sun.reflect.DelegatingMethodAccessorImpl.invoke(DelegatingMethodAccessorImpl.java:43)

08:43:01.751 [pool-11-thread-1] DEBUG tests.output - Failing tests with false: 
[testCollinearPointOnExistingBoundary(org.apache.commons.math3.geometry.euclidean.twod.hull.AklToussaintHeuristicTest): illegal state: convergence failed, testCollinearPointOnExistingBoundary(org.apache.commons.math3.geometry.euclidean.twod.hull.MonotoneChainTest): illegal state: convergence failed]
08:43:01.751 [pool-11-thread-1] DEBUG tests.output - Failing tests with true: 
[testCollinearPointOnExistingBoundary(org.apache.commons.math3.geometry.euclidean.twod.hull.AklToussaintHeuristicTest): illegal state: convergence failed, testCollinearPointOnExistingBoundary(org.apache.commons.math3.geometry.euclidean.twod.hull.MonotoneChainTest): illegal state: convergence failed]
08:43:01.752 [pool-11-thread-1] INFO  f.i.l.r.n.synth.SMTNopolSynthesizer - Not enough specifications: 0. A trivial patch is "true" or "false", please write new tests specifying SourceLocation org.apache.commons.math3.exception.util.ExceptionContext:182.
08:43:01.752 [pool-2-thread-1] DEBUG fr.inria.lille.repair.nopol.NoPol - statement #20
08:43:01.752 [pool-2-thread-1] DEBUG fr.inria.lille.repair.nopol.NoPol - Analysing SourceLocation org.apache.commons.math3.exception.util.ExceptionContext:128 which is executed by 7 tests
-310961535
08:43:01.893 [pool-2-thread-1] DEBUG fr.inria.lille.repair.nopol.NoPol - statement #21
08:43:01.894 [pool-2-thread-1] DEBUG fr.inria.lille.repair.nopol.NoPol - Analysing SourceLocation org.apache.commons.math3.exception.util.ExceptionContext:147 which is executed by 8 tests
-310961535
08:43:02.042 [pool-2-thread-1] DEBUG fr.inria.lille.repair.nopol.NoPol - statement #22
08:43:02.042 [pool-2-thread-1] DEBUG fr.inria.lille.repair.nopol.NoPol - Analysing SourceLocation org.apache.commons.math3.exception.util.ExceptionContext:186 which is executed by 9 tests
-310961535
08:43:02.211 [pool-2-thread-1] DEBUG fr.inria.lille.repair.nopol.NoPol - statement #23
08:43:02.211 [pool-2-thread-1] DEBUG fr.inria.lille.repair.nopol.NoPol - Analysing SourceLocation org.apache.commons.math3.exception.util.ExceptionContext:180 which is executed by 9 tests
-310961535
08:43:02.383 [pool-2-thread-1] DEBUG fr.inria.lille.repair.nopol.NoPol - looking with class fr.inria.lille.repair.nopol.spoon.smt.ConditionalAdder
org.apache.commons.math3.exception.ConvergenceException: illegal state: convergence failed
    at org.apache.commons.math3.geometry.euclidean.twod.hull.AbstractConvexHullGenerator2D.generate(AbstractConvexHullGenerator2D.java:106)
    at org.apache.commons.math3.geometry.euclidean.twod.hull.MonotoneChain.generate(MonotoneChain.java:50)
    at org.apache.commons.math3.geometry.euclidean.twod.hull.ConvexHullGenerator2DAbstractTest.testCollinearPointOnExistingBoundary(ConvexHullGenerator2DAbstractTest.java:223)
    at sun.reflect.NativeMethodAccessorImpl.invoke0(Native Method)
    at sun.reflect.NativeMethodAccessorImpl.invoke(NativeMethodAccessorImpl.java:62)
    at sun.reflect.DelegatingMethodAccessorImpl.invoke(DelegatingMethodAccessorImpl.java:43)
org.apache.commons.math3.exception.ConvergenceException: illegal state: convergence failed
    at org.apache.commons.math3.geometry.euclidean.twod.hull.AbstractConvexHullGenerator2D.generate(AbstractConvexHullGenerator2D.java:106)
    at org.apache.commons.math3.geometry.euclidean.twod.hull.MonotoneChain.generate(MonotoneChain.java:50)
    at org.apache.commons.math3.geometry.euclidean.twod.hull.ConvexHullGenerator2DAbstractTest.testCollinearPointOnExistingBoundary(ConvexHullGenerator2DAbstractTest.java:223)
    at sun.reflect.NativeMethodAccessorImpl.invoke0(Native Method)
    at sun.reflect.NativeMethodAccessorImpl.invoke(NativeMethodAccessorImpl.java:62)
    at sun.reflect.DelegatingMethodAccessorImpl.invoke(DelegatingMethodAccessorImpl.java:43)
08:43:02.512 [pool-18-thread-1] INFO  xxl.java.junit.TestCasesListener - Tests run finished (121 ms)
<> Total tests run: 31
<> Ignored tests: 0
<> Failed tests: 2
~ testCollinearPointOnExistingBoundary(org.apache.commons.math3.geometry.euclidean.twod.hull.AklToussaintHeuristicTest)
[illegal state: convergence failed]
org.apache.commons.math3.exception.ConvergenceException: illegal state: convergence failed    at org.apache.commons.math3.geometry.euclidean.twod.hull.AbstractConvexHullGenerator2D.generate(AbstractConvexHullGenerator2D.java:106)
    at org.apache.commons.math3.geometry.euclidean.twod.hull.MonotoneChain.generate(MonotoneChain.java:50)
    at org.apache.commons.math3.geometry.euclidean.twod.hull.ConvexHullGenerator2DAbstractTest.testCollinearPointOnExistingBoundary(ConvexHullGenerator2DAbstractTest.java:223)
    at sun.reflect.NativeMethodAccessorImpl.invoke0(Native Method)
    at sun.reflect.NativeMethodAccessorImpl.invoke(NativeMethodAccessorImpl.java:62)
    at sun.reflect.DelegatingMethodAccessorImpl.invoke(DelegatingMethodAccessorImpl.java:43)
~ testCollinearPointOnExistingBoundary(org.apache.commons.math3.geometry.euclidean.twod.hull.MonotoneChainTest)
[illegal state: convergence failed]
org.apache.commons.math3.exception.ConvergenceException: illegal state: convergence failed    at org.apache.commons.math3.geometry.euclidean.twod.hull.AbstractConvexHullGenerator2D.generate(AbstractConvexHullGenerator2D.java:106)
    at org.apache.commons.math3.geometry.euclidean.twod.hull.MonotoneChain.generate(MonotoneChain.java:50)
    at org.apache.commons.math3.geometry.euclidean.twod.hull.ConvexHullGenerator2DAbstractTest.testCollinearPointOnExistingBoundary(ConvexHullGenerator2DAbstractTest.java:223)
    at sun.reflect.NativeMethodAccessorImpl.invoke0(Native Method)
    at sun.reflect.NativeMethodAccessorImpl.invoke(NativeMethodAccessorImpl.java:62)
    at sun.reflect.DelegatingMethodAccessorImpl.invoke(DelegatingMethodAccessorImpl.java:43)

org.apache.commons.math3.exception.ConvergenceException: illegal stateconvergence failed
    at org.apache.commons.math3.geometry.euclidean.twod.hull.AbstractConvexHullGenerator2D.generate(AbstractConvexHullGenerator2D.java:106)
    at org.apache.commons.math3.geometry.euclidean.twod.hull.MonotoneChain.generate(MonotoneChain.java:50)
    at org.apache.commons.math3.geometry.euclidean.twod.hull.ConvexHullGenerator2DAbstractTest.testCollinearPointOnExistingBoundary(ConvexHullGenerator2DAbstractTest.java:223)
    at sun.reflect.NativeMethodAccessorImpl.invoke0(Native Method)
    at sun.reflect.NativeMethodAccessorImpl.invoke(NativeMethodAccessorImpl.java:62)
    at sun.reflect.DelegatingMethodAccessorImpl.invoke(DelegatingMethodAccessorImpl.java:43)
08:43:02.885 [pool-19-thread-1] INFO  f.i.l.c.t.SpecificationTestCasesListener - Tests run finished (24 ms)
<> Total tests run: 1
<> Ignored tests: 0
<> Failed tests: 1
~ testCollinearPointOnExistingBoundary(org.apache.commons.math3.geometry.euclidean.twod.hull.AklToussaintHeuristicTest)
[illegal stateconvergence failed]
org.apache.commons.math3.exception.ConvergenceException: illegal stateconvergence failed    at org.apache.commons.math3.geometry.euclidean.twod.hull.AbstractConvexHullGenerator2D.generate(AbstractConvexHullGenerator2D.java:106)
    at org.apache.commons.math3.geometry.euclidean.twod.hull.MonotoneChain.generate(MonotoneChain.java:50)
    at org.apache.commons.math3.geometry.euclidean.twod.hull.ConvexHullGenerator2DAbstractTest.testCollinearPointOnExistingBoundary(ConvexHullGenerator2DAbstractTest.java:223)
    at sun.reflect.NativeMethodAccessorImpl.invoke0(Native Method)
    at sun.reflect.NativeMethodAccessorImpl.invoke(NativeMethodAccessorImpl.java:62)
    at sun.reflect.DelegatingMethodAccessorImpl.invoke(DelegatingMethodAccessorImpl.java:43)

org.apache.commons.math3.exception.ConvergenceException: illegal stateconvergence failed
    at org.apache.commons.math3.geometry.euclidean.twod.hull.AbstractConvexHullGenerator2D.generate(AbstractConvexHullGenerator2D.java:106)
    at org.apache.commons.math3.geometry.euclidean.twod.hull.MonotoneChain.generate(MonotoneChain.java:50)
    at org.apache.commons.math3.geometry.euclidean.twod.hull.ConvexHullGenerator2DAbstractTest.testCollinearPointOnExistingBoundary(ConvexHullGenerator2DAbstractTest.java:223)
    at sun.reflect.NativeMethodAccessorImpl.invoke0(Native Method)
    at sun.reflect.NativeMethodAccessorImpl.invoke(NativeMethodAccessorImpl.java:62)
    at sun.reflect.DelegatingMethodAccessorImpl.invoke(DelegatingMethodAccessorImpl.java:43)
08:43:02.891 [pool-20-thread-1] INFO  f.i.l.c.t.SpecificationTestCasesListener - Tests run finished (1 ms)
<> Total tests run: 1
<> Ignored tests: 0
<> Failed tests: 1
~ testCollinearPointOnExistingBoundary(org.apache.commons.math3.geometry.euclidean.twod.hull.MonotoneChainTest)
[illegal stateconvergence failed]
org.apache.commons.math3.exception.ConvergenceException: illegal stateconvergence failed    at org.apache.commons.math3.geometry.euclidean.twod.hull.AbstractConvexHullGenerator2D.generate(AbstractConvexHullGenerator2D.java:106)
    at org.apache.commons.math3.geometry.euclidean.twod.hull.MonotoneChain.generate(MonotoneChain.java:50)
    at org.apache.commons.math3.geometry.euclidean.twod.hull.ConvexHullGenerator2DAbstractTest.testCollinearPointOnExistingBoundary(ConvexHullGenerator2DAbstractTest.java:223)
    at sun.reflect.NativeMethodAccessorImpl.invoke0(Native Method)
    at sun.reflect.NativeMethodAccessorImpl.invoke(NativeMethodAccessorImpl.java:62)
    at sun.reflect.DelegatingMethodAccessorImpl.invoke(DelegatingMethodAccessorImpl.java:43)

org.apache.commons.math3.exception.ConvergenceException: illegal stateconvergence failed
    at org.apache.commons.math3.geometry.euclidean.twod.hull.AbstractConvexHullGenerator2D.generate(AbstractConvexHullGenerator2D.java:106)
    at org.apache.commons.math3.geometry.euclidean.twod.hull.MonotoneChain.generate(MonotoneChain.java:50)
    at org.apache.commons.math3.geometry.euclidean.twod.hull.ConvexHullGenerator2DAbstractTest.testCollinearPointOnExistingBoundary(ConvexHullGenerator2DAbstractTest.java:223)
    at sun.reflect.NativeMethodAccessorImpl.invoke0(Native Method)
    at sun.reflect.NativeMethodAccessorImpl.invoke(NativeMethodAccessorImpl.java:62)
    at sun.reflect.DelegatingMethodAccessorImpl.invoke(DelegatingMethodAccessorImpl.java:43)
08:43:02.905 [pool-21-thread-1] INFO  f.i.l.c.t.SpecificationTestCasesListener - Tests run finished (3 ms)
<> Total tests run: 1
<> Ignored tests: 0
<> Failed tests: 1
~ testCollinearPointOnExistingBoundary(org.apache.commons.math3.geometry.euclidean.twod.hull.AklToussaintHeuristicTest)
[illegal stateconvergence failed]
org.apache.commons.math3.exception.ConvergenceException: illegal stateconvergence failed    at org.apache.commons.math3.geometry.euclidean.twod.hull.AbstractConvexHullGenerator2D.generate(AbstractConvexHullGenerator2D.java:106)
    at org.apache.commons.math3.geometry.euclidean.twod.hull.MonotoneChain.generate(MonotoneChain.java:50)
    at org.apache.commons.math3.geometry.euclidean.twod.hull.ConvexHullGenerator2DAbstractTest.testCollinearPointOnExistingBoundary(ConvexHullGenerator2DAbstractTest.java:223)
    at sun.reflect.NativeMethodAccessorImpl.invoke0(Native Method)
    at sun.reflect.NativeMethodAccessorImpl.invoke(NativeMethodAccessorImpl.java:62)
    at sun.reflect.DelegatingMethodAccessorImpl.invoke(DelegatingMethodAccessorImpl.java:43)

org.apache.commons.math3.exception.ConvergenceException: illegal stateconvergence failed
    at org.apache.commons.math3.geometry.euclidean.twod.hull.AbstractConvexHullGenerator2D.generate(AbstractConvexHullGenerator2D.java:106)
    at org.apache.commons.math3.geometry.euclidean.twod.hull.MonotoneChain.generate(MonotoneChain.java:50)
    at org.apache.commons.math3.geometry.euclidean.twod.hull.ConvexHullGenerator2DAbstractTest.testCollinearPointOnExistingBoundary(ConvexHullGenerator2DAbstractTest.java:223)
    at sun.reflect.NativeMethodAccessorImpl.invoke0(Native Method)
    at sun.reflect.NativeMethodAccessorImpl.invoke(NativeMethodAccessorImpl.java:62)
    at sun.reflect.DelegatingMethodAccessorImpl.invoke(DelegatingMethodAccessorImpl.java:43)
08:43:02.919 [pool-22-thread-1] INFO  f.i.l.c.t.SpecificationTestCasesListener - Tests run finished (1 ms)
<> Total tests run: 1
<> Ignored tests: 0
<> Failed tests: 1
~ testCollinearPointOnExistingBoundary(org.apache.commons.math3.geometry.euclidean.twod.hull.MonotoneChainTest)
[illegal stateconvergence failed]
org.apache.commons.math3.exception.ConvergenceException: illegal stateconvergence failed    at org.apache.commons.math3.geometry.euclidean.twod.hull.AbstractConvexHullGenerator2D.generate(AbstractConvexHullGenerator2D.java:106)
    at org.apache.commons.math3.geometry.euclidean.twod.hull.MonotoneChain.generate(MonotoneChain.java:50)
    at org.apache.commons.math3.geometry.euclidean.twod.hull.ConvexHullGenerator2DAbstractTest.testCollinearPointOnExistingBoundary(ConvexHullGenerator2DAbstractTest.java:223)
    at sun.reflect.NativeMethodAccessorImpl.invoke0(Native Method)
    at sun.reflect.NativeMethodAccessorImpl.invoke(NativeMethodAccessorImpl.java:62)
    at sun.reflect.DelegatingMethodAccessorImpl.invoke(DelegatingMethodAccessorImpl.java:43)

08:43:02.922 [pool-17-thread-1] DEBUG tests.output - Failing tests with false: 
[testCollinearPointOnExistingBoundary(org.apache.commons.math3.geometry.euclidean.twod.hull.AklToussaintHeuristicTest): illegal state: convergence failed, testCollinearPointOnExistingBoundary(org.apache.commons.math3.geometry.euclidean.twod.hull.MonotoneChainTest): illegal state: convergence failed]
08:43:02.923 [pool-17-thread-1] DEBUG tests.output - Failing tests with true: 
[testCollinearPointOnExistingBoundary(org.apache.commons.math3.geometry.euclidean.twod.hull.AklToussaintHeuristicTest): illegal state: convergence failed, testCollinearPointOnExistingBoundary(org.apache.commons.math3.geometry.euclidean.twod.hull.MonotoneChainTest): illegal state: convergence failed]
08:43:02.923 [pool-17-thread-1] INFO  f.i.l.r.n.synth.SMTNopolSynthesizer - Not enough specifications: 0. A trivial patch is "true" or "false", please write new tests specifying SourceLocation org.apache.commons.math3.exception.util.ExceptionContext:180.
08:43:02.923 [pool-2-thread-1] DEBUG fr.inria.lille.repair.nopol.NoPol - looking with class fr.inria.lille.repair.nopol.spoon.smt.ConditionalReplacer
org.apache.commons.math3.exception.ConvergenceException: illegal state: convergence failed
    at org.apache.commons.math3.geometry.euclidean.twod.hull.AbstractConvexHullGenerator2D.generate(AbstractConvexHullGenerator2D.java:106)
    at org.apache.commons.math3.geometry.euclidean.twod.hull.MonotoneChain.generate(MonotoneChain.java:50)
    at org.apache.commons.math3.geometry.euclidean.twod.hull.ConvexHullGenerator2DAbstractTest.testCollinearPointOnExistingBoundary(ConvexHullGenerator2DAbstractTest.java:223)
    at sun.reflect.NativeMethodAccessorImpl.invoke0(Native Method)
    at sun.reflect.NativeMethodAccessorImpl.invoke(NativeMethodAccessorImpl.java:62)
    at sun.reflect.DelegatingMethodAccessorImpl.invoke(DelegatingMethodAccessorImpl.java:43)
org.apache.commons.math3.exception.ConvergenceException: illegal state: convergence failed
    at org.apache.commons.math3.geometry.euclidean.twod.hull.AbstractConvexHullGenerator2D.generate(AbstractConvexHullGenerator2D.java:106)
    at org.apache.commons.math3.geometry.euclidean.twod.hull.MonotoneChain.generate(MonotoneChain.java:50)
    at org.apache.commons.math3.geometry.euclidean.twod.hull.ConvexHullGenerator2DAbstractTest.testCollinearPointOnExistingBoundary(ConvexHullGenerator2DAbstractTest.java:223)
    at sun.reflect.NativeMethodAccessorImpl.invoke0(Native Method)
    at sun.reflect.NativeMethodAccessorImpl.invoke(NativeMethodAccessorImpl.java:62)
    at sun.reflect.DelegatingMethodAccessorImpl.invoke(DelegatingMethodAccessorImpl.java:43)
08:43:03.050 [pool-24-thread-1] INFO  xxl.java.junit.TestCasesListener - Tests run finished (118 ms)
<> Total tests run: 31
<> Ignored tests: 0
<> Failed tests: 2
~ testCollinearPointOnExistingBoundary(org.apache.commons.math3.geometry.euclidean.twod.hull.AklToussaintHeuristicTest)
[illegal state: convergence failed]
org.apache.commons.math3.exception.ConvergenceException: illegal state: convergence failed    at org.apache.commons.math3.geometry.euclidean.twod.hull.AbstractConvexHullGenerator2D.generate(AbstractConvexHullGenerator2D.java:106)
    at org.apache.commons.math3.geometry.euclidean.twod.hull.MonotoneChain.generate(MonotoneChain.java:50)
    at org.apache.commons.math3.geometry.euclidean.twod.hull.ConvexHullGenerator2DAbstractTest.testCollinearPointOnExistingBoundary(ConvexHullGenerator2DAbstractTest.java:223)
    at sun.reflect.NativeMethodAccessorImpl.invoke0(Native Method)
    at sun.reflect.NativeMethodAccessorImpl.invoke(NativeMethodAccessorImpl.java:62)
    at sun.reflect.DelegatingMethodAccessorImpl.invoke(DelegatingMethodAccessorImpl.java:43)
~ testCollinearPointOnExistingBoundary(org.apache.commons.math3.geometry.euclidean.twod.hull.MonotoneChainTest)
[illegal state: convergence failed]
org.apache.commons.math3.exception.ConvergenceException: illegal state: convergence failed    at org.apache.commons.math3.geometry.euclidean.twod.hull.AbstractConvexHullGenerator2D.generate(AbstractConvexHullGenerator2D.java:106)
    at org.apache.commons.math3.geometry.euclidean.twod.hull.MonotoneChain.generate(MonotoneChain.java:50)
    at org.apache.commons.math3.geometry.euclidean.twod.hull.ConvexHullGenerator2DAbstractTest.testCollinearPointOnExistingBoundary(ConvexHullGenerator2DAbstractTest.java:223)
    at sun.reflect.NativeMethodAccessorImpl.invoke0(Native Method)
    at sun.reflect.NativeMethodAccessorImpl.invoke(NativeMethodAccessorImpl.java:62)
    at sun.reflect.DelegatingMethodAccessorImpl.invoke(DelegatingMethodAccessorImpl.java:43)

org.apache.commons.math3.exception.ConvergenceException: illegal stateconvergence failed
    at org.apache.commons.math3.geometry.euclidean.twod.hull.AbstractConvexHullGenerator2D.generate(AbstractConvexHullGenerator2D.java:106)
    at org.apache.commons.math3.geometry.euclidean.twod.hull.MonotoneChain.generate(MonotoneChain.java:50)
    at org.apache.commons.math3.geometry.euclidean.twod.hull.ConvexHullGenerator2DAbstractTest.testCollinearPointOnExistingBoundary(ConvexHullGenerator2DAbstractTest.java:223)
    at sun.reflect.NativeMethodAccessorImpl.invoke0(Native Method)
    at sun.reflect.NativeMethodAccessorImpl.invoke(NativeMethodAccessorImpl.java:62)
    at sun.reflect.DelegatingMethodAccessorImpl.invoke(DelegatingMethodAccessorImpl.java:43)
08:43:03.323 [pool-25-thread-1] INFO  f.i.l.c.t.SpecificationTestCasesListener - Tests run finished (23 ms)
<> Total tests run: 1
<> Ignored tests: 0
<> Failed tests: 1
~ testCollinearPointOnExistingBoundary(org.apache.commons.math3.geometry.euclidean.twod.hull.AklToussaintHeuristicTest)
[illegal stateconvergence failed]
org.apache.commons.math3.exception.ConvergenceException: illegal stateconvergence failed    at org.apache.commons.math3.geometry.euclidean.twod.hull.AbstractConvexHullGenerator2D.generate(AbstractConvexHullGenerator2D.java:106)
    at org.apache.commons.math3.geometry.euclidean.twod.hull.MonotoneChain.generate(MonotoneChain.java:50)
    at org.apache.commons.math3.geometry.euclidean.twod.hull.ConvexHullGenerator2DAbstractTest.testCollinearPointOnExistingBoundary(ConvexHullGenerator2DAbstractTest.java:223)
    at sun.reflect.NativeMethodAccessorImpl.invoke0(Native Method)
    at sun.reflect.NativeMethodAccessorImpl.invoke(NativeMethodAccessorImpl.java:62)
    at sun.reflect.DelegatingMethodAccessorImpl.invoke(DelegatingMethodAccessorImpl.java:43)

org.apache.commons.math3.exception.ConvergenceException: illegal stateconvergence failed
    at org.apache.commons.math3.geometry.euclidean.twod.hull.AbstractConvexHullGenerator2D.generate(AbstractConvexHullGenerator2D.java:106)
    at org.apache.commons.math3.geometry.euclidean.twod.hull.MonotoneChain.generate(MonotoneChain.java:50)
    at org.apache.commons.math3.geometry.euclidean.twod.hull.ConvexHullGenerator2DAbstractTest.testCollinearPointOnExistingBoundary(ConvexHullGenerator2DAbstractTest.java:223)
    at sun.reflect.NativeMethodAccessorImpl.invoke0(Native Method)
    at sun.reflect.NativeMethodAccessorImpl.invoke(NativeMethodAccessorImpl.java:62)
    at sun.reflect.DelegatingMethodAccessorImpl.invoke(DelegatingMethodAccessorImpl.java:43)
08:43:03.335 [pool-26-thread-1] INFO  f.i.l.c.t.SpecificationTestCasesListener - Tests run finished (1 ms)
<> Total tests run: 1
<> Ignored tests: 0
<> Failed tests: 1
~ testCollinearPointOnExistingBoundary(org.apache.commons.math3.geometry.euclidean.twod.hull.MonotoneChainTest)
[illegal stateconvergence failed]
org.apache.commons.math3.exception.ConvergenceException: illegal stateconvergence failed    at org.apache.commons.math3.geometry.euclidean.twod.hull.AbstractConvexHullGenerator2D.generate(AbstractConvexHullGenerator2D.java:106)
    at org.apache.commons.math3.geometry.euclidean.twod.hull.MonotoneChain.generate(MonotoneChain.java:50)
    at org.apache.commons.math3.geometry.euclidean.twod.hull.ConvexHullGenerator2DAbstractTest.testCollinearPointOnExistingBoundary(ConvexHullGenerator2DAbstractTest.java:223)
    at sun.reflect.NativeMethodAccessorImpl.invoke0(Native Method)
    at sun.reflect.NativeMethodAccessorImpl.invoke(NativeMethodAccessorImpl.java:62)
    at sun.reflect.DelegatingMethodAccessorImpl.invoke(DelegatingMethodAccessorImpl.java:43)

org.apache.commons.math3.exception.ConvergenceException: illegal state: convergence failed: 
    at org.apache.commons.math3.geometry.euclidean.twod.hull.AbstractConvexHullGenerator2D.generate(AbstractConvexHullGenerator2D.java:106)
    at org.apache.commons.math3.geometry.euclidean.twod.hull.MonotoneChain.generate(MonotoneChain.java:50)
    at org.apache.commons.math3.geometry.euclidean.twod.hull.ConvexHullGenerator2DAbstractTest.testCollinearPointOnExistingBoundary(ConvexHullGenerator2DAbstractTest.java:223)
    at sun.reflect.NativeMethodAccessorImpl.invoke0(Native Method)
    at sun.reflect.NativeMethodAccessorImpl.invoke(NativeMethodAccessorImpl.java:62)
    at sun.reflect.DelegatingMethodAccessorImpl.invoke(DelegatingMethodAccessorImpl.java:43)
08:43:03.348 [pool-27-thread-1] INFO  f.i.l.c.t.SpecificationTestCasesListener - Tests run finished (1 ms)
<> Total tests run: 1
<> Ignored tests: 0
<> Failed tests: 1
~ testCollinearPointOnExistingBoundary(org.apache.commons.math3.geometry.euclidean.twod.hull.AklToussaintHeuristicTest)
[illegal state: convergence failed: ]
org.apache.commons.math3.exception.ConvergenceException: illegal state: convergence failed:     at org.apache.commons.math3.geometry.euclidean.twod.hull.AbstractConvexHullGenerator2D.generate(AbstractConvexHullGenerator2D.java:106)
    at org.apache.commons.math3.geometry.euclidean.twod.hull.MonotoneChain.generate(MonotoneChain.java:50)
    at org.apache.commons.math3.geometry.euclidean.twod.hull.ConvexHullGenerator2DAbstractTest.testCollinearPointOnExistingBoundary(ConvexHullGenerator2DAbstractTest.java:223)
    at sun.reflect.NativeMethodAccessorImpl.invoke0(Native Method)
    at sun.reflect.NativeMethodAccessorImpl.invoke(NativeMethodAccessorImpl.java:62)
    at sun.reflect.DelegatingMethodAccessorImpl.invoke(DelegatingMethodAccessorImpl.java:43)

org.apache.commons.math3.exception.ConvergenceException: illegal state: convergence failed: 
    at org.apache.commons.math3.geometry.euclidean.twod.hull.AbstractConvexHullGenerator2D.generate(AbstractConvexHullGenerator2D.java:106)
    at org.apache.commons.math3.geometry.euclidean.twod.hull.MonotoneChain.generate(MonotoneChain.java:50)
    at org.apache.commons.math3.geometry.euclidean.twod.hull.ConvexHullGenerator2DAbstractTest.testCollinearPointOnExistingBoundary(ConvexHullGenerator2DAbstractTest.java:223)
    at sun.reflect.NativeMethodAccessorImpl.invoke0(Native Method)
    at sun.reflect.NativeMethodAccessorImpl.invoke(NativeMethodAccessorImpl.java:62)
    at sun.reflect.DelegatingMethodAccessorImpl.invoke(DelegatingMethodAccessorImpl.java:43)
08:43:03.351 [pool-28-thread-1] INFO  f.i.l.c.t.SpecificationTestCasesListener - Tests run finished (1 ms)
<> Total tests run: 1
<> Ignored tests: 0
<> Failed tests: 1
~ testCollinearPointOnExistingBoundary(org.apache.commons.math3.geometry.euclidean.twod.hull.MonotoneChainTest)
[illegal state: convergence failed: ]
org.apache.commons.math3.exception.ConvergenceException: illegal state: convergence failed:     at org.apache.commons.math3.geometry.euclidean.twod.hull.AbstractConvexHullGenerator2D.generate(AbstractConvexHullGenerator2D.java:106)
    at org.apache.commons.math3.geometry.euclidean.twod.hull.MonotoneChain.generate(MonotoneChain.java:50)
    at org.apache.commons.math3.geometry.euclidean.twod.hull.ConvexHullGenerator2DAbstractTest.testCollinearPointOnExistingBoundary(ConvexHullGenerator2DAbstractTest.java:223)
    at sun.reflect.NativeMethodAccessorImpl.invoke0(Native Method)
    at sun.reflect.NativeMethodAccessorImpl.invoke(NativeMethodAccessorImpl.java:62)
    at sun.reflect.DelegatingMethodAccessorImpl.invoke(DelegatingMethodAccessorImpl.java:43)

08:43:03.351 [pool-23-thread-1] DEBUG tests.output - Failing tests with false: 
[testCollinearPointOnExistingBoundary(org.apache.commons.math3.geometry.euclidean.twod.hull.AklToussaintHeuristicTest): illegal state: convergence failed, testCollinearPointOnExistingBoundary(org.apache.commons.math3.geometry.euclidean.twod.hull.MonotoneChainTest): illegal state: convergence failed]
08:43:03.352 [pool-23-thread-1] DEBUG tests.output - Failing tests with true: 
[testCollinearPointOnExistingBoundary(org.apache.commons.math3.geometry.euclidean.twod.hull.AklToussaintHeuristicTest): illegal state: convergence failed, testCollinearPointOnExistingBoundary(org.apache.commons.math3.geometry.euclidean.twod.hull.MonotoneChainTest): illegal state: convergence failed]
08:43:03.352 [pool-23-thread-1] INFO  f.i.l.r.n.synth.SMTNopolSynthesizer - Not enough specifications: 0. A trivial patch is "true" or "false", please write new tests specifying SourceLocation org.apache.commons.math3.exception.util.ExceptionContext:180.
08:43:03.352 [pool-2-thread-1] DEBUG fr.inria.lille.repair.nopol.NoPol - statement #24
08:43:03.352 [pool-2-thread-1] DEBUG fr.inria.lille.repair.nopol.NoPol - Analysing SourceLocation org.apache.commons.math3.exception.util.ExceptionContext:179 which is executed by 9 tests
-310961535
08:43:03.500 [pool-2-thread-1] DEBUG fr.inria.lille.repair.nopol.NoPol - looking with class fr.inria.lille.repair.nopol.spoon.smt.ConditionalAdder
org.apache.commons.math3.exception.ConvergenceException: illegal state: convergence failed
    at org.apache.commons.math3.geometry.euclidean.twod.hull.AbstractConvexHullGenerator2D.generate(AbstractConvexHullGenerator2D.java:106)
    at org.apache.commons.math3.geometry.euclidean.twod.hull.MonotoneChain.generate(MonotoneChain.java:50)
    at org.apache.commons.math3.geometry.euclidean.twod.hull.ConvexHullGenerator2DAbstractTest.testCollinearPointOnExistingBoundary(ConvexHullGenerator2DAbstractTest.java:223)
    at sun.reflect.NativeMethodAccessorImpl.invoke0(Native Method)
    at sun.reflect.NativeMethodAccessorImpl.invoke(NativeMethodAccessorImpl.java:62)
    at sun.reflect.DelegatingMethodAccessorImpl.invoke(DelegatingMethodAccessorImpl.java:43)
org.apache.commons.math3.exception.ConvergenceException: illegal state: convergence failed
    at org.apache.commons.math3.geometry.euclidean.twod.hull.AbstractConvexHullGenerator2D.generate(AbstractConvexHullGenerator2D.java:106)
    at org.apache.commons.math3.geometry.euclidean.twod.hull.MonotoneChain.generate(MonotoneChain.java:50)
    at org.apache.commons.math3.geometry.euclidean.twod.hull.ConvexHullGenerator2DAbstractTest.testCollinearPointOnExistingBoundary(ConvexHullGenerator2DAbstractTest.java:223)
    at sun.reflect.NativeMethodAccessorImpl.invoke0(Native Method)
    at sun.reflect.NativeMethodAccessorImpl.invoke(NativeMethodAccessorImpl.java:62)
    at sun.reflect.DelegatingMethodAccessorImpl.invoke(DelegatingMethodAccessorImpl.java:43)
08:43:03.630 [pool-30-thread-1] INFO  xxl.java.junit.TestCasesListener - Tests run finished (124 ms)
<> Total tests run: 31
<> Ignored tests: 0
<> Failed tests: 2
~ testCollinearPointOnExistingBoundary(org.apache.commons.math3.geometry.euclidean.twod.hull.AklToussaintHeuristicTest)
[illegal state: convergence failed]
org.apache.commons.math3.exception.ConvergenceException: illegal state: convergence failed    at org.apache.commons.math3.geometry.euclidean.twod.hull.AbstractConvexHullGenerator2D.generate(AbstractConvexHullGenerator2D.java:106)
    at org.apache.commons.math3.geometry.euclidean.twod.hull.MonotoneChain.generate(MonotoneChain.java:50)
    at org.apache.commons.math3.geometry.euclidean.twod.hull.ConvexHullGenerator2DAbstractTest.testCollinearPointOnExistingBoundary(ConvexHullGenerator2DAbstractTest.java:223)
    at sun.reflect.NativeMethodAccessorImpl.invoke0(Native Method)
    at sun.reflect.NativeMethodAccessorImpl.invoke(NativeMethodAccessorImpl.java:62)
    at sun.reflect.DelegatingMethodAccessorImpl.invoke(DelegatingMethodAccessorImpl.java:43)
~ testCollinearPointOnExistingBoundary(org.apache.commons.math3.geometry.euclidean.twod.hull.MonotoneChainTest)
[illegal state: convergence failed]
org.apache.commons.math3.exception.ConvergenceException: illegal state: convergence failed    at org.apache.commons.math3.geometry.euclidean.twod.hull.AbstractConvexHullGenerator2D.generate(AbstractConvexHullGenerator2D.java:106)
    at org.apache.commons.math3.geometry.euclidean.twod.hull.MonotoneChain.generate(MonotoneChain.java:50)
    at org.apache.commons.math3.geometry.euclidean.twod.hull.ConvexHullGenerator2DAbstractTest.testCollinearPointOnExistingBoundary(ConvexHullGenerator2DAbstractTest.java:223)
    at sun.reflect.NativeMethodAccessorImpl.invoke0(Native Method)
    at sun.reflect.NativeMethodAccessorImpl.invoke(NativeMethodAccessorImpl.java:62)
    at sun.reflect.DelegatingMethodAccessorImpl.invoke(DelegatingMethodAccessorImpl.java:43)

org.apache.commons.math3.exception.ConvergenceException: : 
    at org.apache.commons.math3.geometry.euclidean.twod.hull.AbstractConvexHullGenerator2D.generate(AbstractConvexHullGenerator2D.java:106)
    at org.apache.commons.math3.geometry.euclidean.twod.hull.MonotoneChain.generate(MonotoneChain.java:50)
    at org.apache.commons.math3.geometry.euclidean.twod.hull.ConvexHullGenerator2DAbstractTest.testCollinearPointOnExistingBoundary(ConvexHullGenerator2DAbstractTest.java:223)
    at sun.reflect.NativeMethodAccessorImpl.invoke0(Native Method)
    at sun.reflect.NativeMethodAccessorImpl.invoke(NativeMethodAccessorImpl.java:62)
    at sun.reflect.DelegatingMethodAccessorImpl.invoke(DelegatingMethodAccessorImpl.java:43)
08:43:03.894 [pool-31-thread-1] INFO  f.i.l.c.t.SpecificationTestCasesListener - Tests run finished (24 ms)
<> Total tests run: 1
<> Ignored tests: 0
<> Failed tests: 1
~ testCollinearPointOnExistingBoundary(org.apache.commons.math3.geometry.euclidean.twod.hull.AklToussaintHeuristicTest)
[: ]
org.apache.commons.math3.exception.ConvergenceException: :     at org.apache.commons.math3.geometry.euclidean.twod.hull.AbstractConvexHullGenerator2D.generate(AbstractConvexHullGenerator2D.java:106)
    at org.apache.commons.math3.geometry.euclidean.twod.hull.MonotoneChain.generate(MonotoneChain.java:50)
    at org.apache.commons.math3.geometry.euclidean.twod.hull.ConvexHullGenerator2DAbstractTest.testCollinearPointOnExistingBoundary(ConvexHullGenerator2DAbstractTest.java:223)
    at sun.reflect.NativeMethodAccessorImpl.invoke0(Native Method)
    at sun.reflect.NativeMethodAccessorImpl.invoke(NativeMethodAccessorImpl.java:62)
    at sun.reflect.DelegatingMethodAccessorImpl.invoke(DelegatingMethodAccessorImpl.java:43)

org.apache.commons.math3.exception.ConvergenceException: : 
    at org.apache.commons.math3.geometry.euclidean.twod.hull.AbstractConvexHullGenerator2D.generate(AbstractConvexHullGenerator2D.java:106)
    at org.apache.commons.math3.geometry.euclidean.twod.hull.MonotoneChain.generate(MonotoneChain.java:50)
    at org.apache.commons.math3.geometry.euclidean.twod.hull.ConvexHullGenerator2DAbstractTest.testCollinearPointOnExistingBoundary(ConvexHullGenerator2DAbstractTest.java:223)
    at sun.reflect.NativeMethodAccessorImpl.invoke0(Native Method)
    at sun.reflect.NativeMethodAccessorImpl.invoke(NativeMethodAccessorImpl.java:62)
    at sun.reflect.DelegatingMethodAccessorImpl.invoke(DelegatingMethodAccessorImpl.java:43)
08:43:03.900 [pool-32-thread-1] INFO  f.i.l.c.t.SpecificationTestCasesListener - Tests run finished (1 ms)
<> Total tests run: 1
<> Ignored tests: 0
<> Failed tests: 1
~ testCollinearPointOnExistingBoundary(org.apache.commons.math3.geometry.euclidean.twod.hull.MonotoneChainTest)
[: ]
org.apache.commons.math3.exception.ConvergenceException: :     at org.apache.commons.math3.geometry.euclidean.twod.hull.AbstractConvexHullGenerator2D.generate(AbstractConvexHullGenerator2D.java:106)
    at org.apache.commons.math3.geometry.euclidean.twod.hull.MonotoneChain.generate(MonotoneChain.java:50)
    at org.apache.commons.math3.geometry.euclidean.twod.hull.ConvexHullGenerator2DAbstractTest.testCollinearPointOnExistingBoundary(ConvexHullGenerator2DAbstractTest.java:223)
    at sun.reflect.NativeMethodAccessorImpl.invoke0(Native Method)
    at sun.reflect.NativeMethodAccessorImpl.invoke(NativeMethodAccessorImpl.java:62)
    at sun.reflect.DelegatingMethodAccessorImpl.invoke(DelegatingMethodAccessorImpl.java:43)

org.apache.commons.math3.exception.ConvergenceException: illegal state: convergence failed
    at org.apache.commons.math3.geometry.euclidean.twod.hull.AbstractConvexHullGenerator2D.generate(AbstractConvexHullGenerator2D.java:106)
    at org.apache.commons.math3.geometry.euclidean.twod.hull.MonotoneChain.generate(MonotoneChain.java:50)
    at org.apache.commons.math3.geometry.euclidean.twod.hull.ConvexHullGenerator2DAbstractTest.testCollinearPointOnExistingBoundary(ConvexHullGenerator2DAbstractTest.java:223)
    at sun.reflect.NativeMethodAccessorImpl.invoke0(Native Method)
    at sun.reflect.NativeMethodAccessorImpl.invoke(NativeMethodAccessorImpl.java:62)
    at sun.reflect.DelegatingMethodAccessorImpl.invoke(DelegatingMethodAccessorImpl.java:43)
08:43:03.902 [pool-33-thread-1] INFO  f.i.l.c.t.SpecificationTestCasesListener - Tests run finished (1 ms)
<> Total tests run: 1
<> Ignored tests: 0
<> Failed tests: 1
~ testCollinearPointOnExistingBoundary(org.apache.commons.math3.geometry.euclidean.twod.hull.AklToussaintHeuristicTest)
[illegal state: convergence failed]
org.apache.commons.math3.exception.ConvergenceException: illegal state: convergence failed    at org.apache.commons.math3.geometry.euclidean.twod.hull.AbstractConvexHullGenerator2D.generate(AbstractConvexHullGenerator2D.java:106)
    at org.apache.commons.math3.geometry.euclidean.twod.hull.MonotoneChain.generate(MonotoneChain.java:50)
    at org.apache.commons.math3.geometry.euclidean.twod.hull.ConvexHullGenerator2DAbstractTest.testCollinearPointOnExistingBoundary(ConvexHullGenerator2DAbstractTest.java:223)
    at sun.reflect.NativeMethodAccessorImpl.invoke0(Native Method)
    at sun.reflect.NativeMethodAccessorImpl.invoke(NativeMethodAccessorImpl.java:62)
    at sun.reflect.DelegatingMethodAccessorImpl.invoke(DelegatingMethodAccessorImpl.java:43)

org.apache.commons.math3.exception.ConvergenceException: illegal state: convergence failed
    at org.apache.commons.math3.geometry.euclidean.twod.hull.AbstractConvexHullGenerator2D.generate(AbstractConvexHullGenerator2D.java:106)
    at org.apache.commons.math3.geometry.euclidean.twod.hull.MonotoneChain.generate(MonotoneChain.java:50)
    at org.apache.commons.math3.geometry.euclidean.twod.hull.ConvexHullGenerator2DAbstractTest.testCollinearPointOnExistingBoundary(ConvexHullGenerator2DAbstractTest.java:223)
    at sun.reflect.NativeMethodAccessorImpl.invoke0(Native Method)
    at sun.reflect.NativeMethodAccessorImpl.invoke(NativeMethodAccessorImpl.java:62)
    at sun.reflect.DelegatingMethodAccessorImpl.invoke(DelegatingMethodAccessorImpl.java:43)
08:43:03.911 [pool-34-thread-1] INFO  f.i.l.c.t.SpecificationTestCasesListener - Tests run finished (1 ms)
<> Total tests run: 1
<> Ignored tests: 0
<> Failed tests: 1
~ testCollinearPointOnExistingBoundary(org.apache.commons.math3.geometry.euclidean.twod.hull.MonotoneChainTest)
[illegal state: convergence failed]
org.apache.commons.math3.exception.ConvergenceException: illegal state: convergence failed    at org.apache.commons.math3.geometry.euclidean.twod.hull.AbstractConvexHullGenerator2D.generate(AbstractConvexHullGenerator2D.java:106)
    at org.apache.commons.math3.geometry.euclidean.twod.hull.MonotoneChain.generate(MonotoneChain.java:50)
    at org.apache.commons.math3.geometry.euclidean.twod.hull.ConvexHullGenerator2DAbstractTest.testCollinearPointOnExistingBoundary(ConvexHullGenerator2DAbstractTest.java:223)
    at sun.reflect.NativeMethodAccessorImpl.invoke0(Native Method)
    at sun.reflect.NativeMethodAccessorImpl.invoke(NativeMethodAccessorImpl.java:62)
    at sun.reflect.DelegatingMethodAccessorImpl.invoke(DelegatingMethodAccessorImpl.java:43)

08:43:03.911 [pool-29-thread-1] DEBUG tests.output - Failing tests with false: 
[testCollinearPointOnExistingBoundary(org.apache.commons.math3.geometry.euclidean.twod.hull.AklToussaintHeuristicTest): illegal state: convergence failed, testCollinearPointOnExistingBoundary(org.apache.commons.math3.geometry.euclidean.twod.hull.MonotoneChainTest): illegal state: convergence failed]
08:43:03.912 [pool-29-thread-1] DEBUG tests.output - Failing tests with true: 
[testCollinearPointOnExistingBoundary(org.apache.commons.math3.geometry.euclidean.twod.hull.AklToussaintHeuristicTest): illegal state: convergence failed, testCollinearPointOnExistingBoundary(org.apache.commons.math3.geometry.euclidean.twod.hull.MonotoneChainTest): illegal state: convergence failed]
08:43:03.912 [pool-29-thread-1] INFO  f.i.l.r.n.synth.SMTNopolSynthesizer - Not enough specifications: 0. A trivial patch is "true" or "false", please write new tests specifying SourceLocation org.apache.commons.math3.exception.util.ExceptionContext:179.
08:43:03.912 [pool-2-thread-1] DEBUG fr.inria.lille.repair.nopol.NoPol - statement #25
08:43:03.912 [pool-2-thread-1] DEBUG fr.inria.lille.repair.nopol.NoPol - Analysing SourceLocation org.apache.commons.math3.exception.util.ExceptionContext:177 which is executed by 9 tests
-310961535
08:43:04.053 [pool-2-thread-1] DEBUG fr.inria.lille.repair.nopol.NoPol - statement #26
08:43:04.054 [pool-2-thread-1] DEBUG fr.inria.lille.repair.nopol.NoPol - Analysing SourceLocation org.apache.commons.math3.exception.util.ExceptionContext:176 which is executed by 9 tests
-310961535
08:43:04.191 [pool-2-thread-1] DEBUG fr.inria.lille.repair.nopol.NoPol - statement #27
08:43:04.191 [pool-2-thread-1] DEBUG fr.inria.lille.repair.nopol.NoPol - Analysing SourceLocation org.apache.commons.math3.exception.util.ExceptionContext:175 which is executed by 9 tests
-310961535
08:43:04.328 [pool-2-thread-1] DEBUG fr.inria.lille.repair.nopol.NoPol - statement #28
08:43:04.328 [pool-2-thread-1] DEBUG fr.inria.lille.repair.nopol.NoPol - Analysing SourceLocation org.apache.commons.math3.exception.util.ExceptionContext:174 which is executed by 9 tests
-310961535
08:43:04.467 [pool-2-thread-1] DEBUG fr.inria.lille.repair.nopol.NoPol - looking with class fr.inria.lille.repair.nopol.spoon.smt.ConditionalAdder
org.apache.commons.math3.exception.ConvergenceException: illegal state: convergence failed
    at org.apache.commons.math3.geometry.euclidean.twod.hull.AbstractConvexHullGenerator2D.generate(AbstractConvexHullGenerator2D.java:106)
    at org.apache.commons.math3.geometry.euclidean.twod.hull.MonotoneChain.generate(MonotoneChain.java:50)
    at org.apache.commons.math3.geometry.euclidean.twod.hull.ConvexHullGenerator2DAbstractTest.testCollinearPointOnExistingBoundary(ConvexHullGenerator2DAbstractTest.java:223)
    at sun.reflect.NativeMethodAccessorImpl.invoke0(Native Method)
    at sun.reflect.NativeMethodAccessorImpl.invoke(NativeMethodAccessorImpl.java:62)
    at sun.reflect.DelegatingMethodAccessorImpl.invoke(DelegatingMethodAccessorImpl.java:43)
org.apache.commons.math3.exception.ConvergenceException: illegal state: convergence failed
    at org.apache.commons.math3.geometry.euclidean.twod.hull.AbstractConvexHullGenerator2D.generate(AbstractConvexHullGenerator2D.java:106)
    at org.apache.commons.math3.geometry.euclidean.twod.hull.MonotoneChain.generate(MonotoneChain.java:50)
    at org.apache.commons.math3.geometry.euclidean.twod.hull.ConvexHullGenerator2DAbstractTest.testCollinearPointOnExistingBoundary(ConvexHullGenerator2DAbstractTest.java:223)
    at sun.reflect.NativeMethodAccessorImpl.invoke0(Native Method)
    at sun.reflect.NativeMethodAccessorImpl.invoke(NativeMethodAccessorImpl.java:62)
    at sun.reflect.DelegatingMethodAccessorImpl.invoke(DelegatingMethodAccessorImpl.java:43)
08:43:04.593 [pool-36-thread-1] INFO  xxl.java.junit.TestCasesListener - Tests run finished (118 ms)
<> Total tests run: 31
<> Ignored tests: 0
<> Failed tests: 2
~ testCollinearPointOnExistingBoundary(org.apache.commons.math3.geometry.euclidean.twod.hull.AklToussaintHeuristicTest)
[illegal state: convergence failed]
org.apache.commons.math3.exception.ConvergenceException: illegal state: convergence failed    at org.apache.commons.math3.geometry.euclidean.twod.hull.AbstractConvexHullGenerator2D.generate(AbstractConvexHullGenerator2D.java:106)
    at org.apache.commons.math3.geometry.euclidean.twod.hull.MonotoneChain.generate(MonotoneChain.java:50)
    at org.apache.commons.math3.geometry.euclidean.twod.hull.ConvexHullGenerator2DAbstractTest.testCollinearPointOnExistingBoundary(ConvexHullGenerator2DAbstractTest.java:223)
    at sun.reflect.NativeMethodAccessorImpl.invoke0(Native Method)
    at sun.reflect.NativeMethodAccessorImpl.invoke(NativeMethodAccessorImpl.java:62)
    at sun.reflect.DelegatingMethodAccessorImpl.invoke(DelegatingMethodAccessorImpl.java:43)
~ testCollinearPointOnExistingBoundary(org.apache.commons.math3.geometry.euclidean.twod.hull.MonotoneChainTest)
[illegal state: convergence failed]
org.apache.commons.math3.exception.ConvergenceException: illegal state: convergence failed    at org.apache.commons.math3.geometry.euclidean.twod.hull.AbstractConvexHullGenerator2D.generate(AbstractConvexHullGenerator2D.java:106)
    at org.apache.commons.math3.geometry.euclidean.twod.hull.MonotoneChain.generate(MonotoneChain.java:50)
    at org.apache.commons.math3.geometry.euclidean.twod.hull.ConvexHullGenerator2DAbstractTest.testCollinearPointOnExistingBoundary(ConvexHullGenerator2DAbstractTest.java:223)
    at sun.reflect.NativeMethodAccessorImpl.invoke0(Native Method)
    at sun.reflect.NativeMethodAccessorImpl.invoke(NativeMethodAccessorImpl.java:62)
    at sun.reflect.DelegatingMethodAccessorImpl.invoke(DelegatingMethodAccessorImpl.java:43)

org.apache.commons.math3.exception.ConvergenceException: 
    at org.apache.commons.math3.geometry.euclidean.twod.hull.AbstractConvexHullGenerator2D.generate(AbstractConvexHullGenerator2D.java:106)
    at org.apache.commons.math3.geometry.euclidean.twod.hull.MonotoneChain.generate(MonotoneChain.java:50)
    at org.apache.commons.math3.geometry.euclidean.twod.hull.ConvexHullGenerator2DAbstractTest.testCollinearPointOnExistingBoundary(ConvexHullGenerator2DAbstractTest.java:223)
    at sun.reflect.NativeMethodAccessorImpl.invoke0(Native Method)
    at sun.reflect.NativeMethodAccessorImpl.invoke(NativeMethodAccessorImpl.java:62)
    at sun.reflect.DelegatingMethodAccessorImpl.invoke(DelegatingMethodAccessorImpl.java:43)
08:43:04.842 [pool-37-thread-1] INFO  f.i.l.c.t.SpecificationTestCasesListener - Tests run finished (21 ms)
<> Total tests run: 1
<> Ignored tests: 0
<> Failed tests: 1
~ testCollinearPointOnExistingBoundary(org.apache.commons.math3.geometry.euclidean.twod.hull.AklToussaintHeuristicTest)
[]
org.apache.commons.math3.exception.ConvergenceException:     at org.apache.commons.math3.geometry.euclidean.twod.hull.AbstractConvexHullGenerator2D.generate(AbstractConvexHullGenerator2D.java:106)
    at org.apache.commons.math3.geometry.euclidean.twod.hull.MonotoneChain.generate(MonotoneChain.java:50)
    at org.apache.commons.math3.geometry.euclidean.twod.hull.ConvexHullGenerator2DAbstractTest.testCollinearPointOnExistingBoundary(ConvexHullGenerator2DAbstractTest.java:223)
    at sun.reflect.NativeMethodAccessorImpl.invoke0(Native Method)
    at sun.reflect.NativeMethodAccessorImpl.invoke(NativeMethodAccessorImpl.java:62)
    at sun.reflect.DelegatingMethodAccessorImpl.invoke(DelegatingMethodAccessorImpl.java:43)

org.apache.commons.math3.exception.ConvergenceException: 
    at org.apache.commons.math3.geometry.euclidean.twod.hull.AbstractConvexHullGenerator2D.generate(AbstractConvexHullGenerator2D.java:106)
    at org.apache.commons.math3.geometry.euclidean.twod.hull.MonotoneChain.generate(MonotoneChain.java:50)
    at org.apache.commons.math3.geometry.euclidean.twod.hull.ConvexHullGenerator2DAbstractTest.testCollinearPointOnExistingBoundary(ConvexHullGenerator2DAbstractTest.java:223)
    at sun.reflect.NativeMethodAccessorImpl.invoke0(Native Method)
    at sun.reflect.NativeMethodAccessorImpl.invoke(NativeMethodAccessorImpl.java:62)
    at sun.reflect.DelegatingMethodAccessorImpl.invoke(DelegatingMethodAccessorImpl.java:43)
08:43:04.844 [pool-38-thread-1] INFO  f.i.l.c.t.SpecificationTestCasesListener - Tests run finished (1 ms)
<> Total tests run: 1
<> Ignored tests: 0
<> Failed tests: 1
~ testCollinearPointOnExistingBoundary(org.apache.commons.math3.geometry.euclidean.twod.hull.MonotoneChainTest)
[]
org.apache.commons.math3.exception.ConvergenceException:     at org.apache.commons.math3.geometry.euclidean.twod.hull.AbstractConvexHullGenerator2D.generate(AbstractConvexHullGenerator2D.java:106)
    at org.apache.commons.math3.geometry.euclidean.twod.hull.MonotoneChain.generate(MonotoneChain.java:50)
    at org.apache.commons.math3.geometry.euclidean.twod.hull.ConvexHullGenerator2DAbstractTest.testCollinearPointOnExistingBoundary(ConvexHullGenerator2DAbstractTest.java:223)
    at sun.reflect.NativeMethodAccessorImpl.invoke0(Native Method)
    at sun.reflect.NativeMethodAccessorImpl.invoke(NativeMethodAccessorImpl.java:62)
    at sun.reflect.DelegatingMethodAccessorImpl.invoke(DelegatingMethodAccessorImpl.java:43)

org.apache.commons.math3.exception.ConvergenceException: illegal state: convergence failed
    at org.apache.commons.math3.geometry.euclidean.twod.hull.AbstractConvexHullGenerator2D.generate(AbstractConvexHullGenerator2D.java:106)
    at org.apache.commons.math3.geometry.euclidean.twod.hull.MonotoneChain.generate(MonotoneChain.java:50)
    at org.apache.commons.math3.geometry.euclidean.twod.hull.ConvexHullGenerator2DAbstractTest.testCollinearPointOnExistingBoundary(ConvexHullGenerator2DAbstractTest.java:223)
    at sun.reflect.NativeMethodAccessorImpl.invoke0(Native Method)
    at sun.reflect.NativeMethodAccessorImpl.invoke(NativeMethodAccessorImpl.java:62)
    at sun.reflect.DelegatingMethodAccessorImpl.invoke(DelegatingMethodAccessorImpl.java:43)
08:43:04.858 [pool-39-thread-1] INFO  f.i.l.c.t.SpecificationTestCasesListener - Tests run finished (7 ms)
<> Total tests run: 1
<> Ignored tests: 0
<> Failed tests: 1
~ testCollinearPointOnExistingBoundary(org.apache.commons.math3.geometry.euclidean.twod.hull.AklToussaintHeuristicTest)
[illegal state: convergence failed]
org.apache.commons.math3.exception.ConvergenceException: illegal state: convergence failed    at org.apache.commons.math3.geometry.euclidean.twod.hull.AbstractConvexHullGenerator2D.generate(AbstractConvexHullGenerator2D.java:106)
    at org.apache.commons.math3.geometry.euclidean.twod.hull.MonotoneChain.generate(MonotoneChain.java:50)
    at org.apache.commons.math3.geometry.euclidean.twod.hull.ConvexHullGenerator2DAbstractTest.testCollinearPointOnExistingBoundary(ConvexHullGenerator2DAbstractTest.java:223)
    at sun.reflect.NativeMethodAccessorImpl.invoke0(Native Method)
    at sun.reflect.NativeMethodAccessorImpl.invoke(NativeMethodAccessorImpl.java:62)
    at sun.reflect.DelegatingMethodAccessorImpl.invoke(DelegatingMethodAccessorImpl.java:43)

org.apache.commons.math3.exception.ConvergenceException: illegal state: convergence failed
    at org.apache.commons.math3.geometry.euclidean.twod.hull.AbstractConvexHullGenerator2D.generate(AbstractConvexHullGenerator2D.java:106)
    at org.apache.commons.math3.geometry.euclidean.twod.hull.MonotoneChain.generate(MonotoneChain.java:50)
    at org.apache.commons.math3.geometry.euclidean.twod.hull.ConvexHullGenerator2DAbstractTest.testCollinearPointOnExistingBoundary(ConvexHullGenerator2DAbstractTest.java:223)
    at sun.reflect.NativeMethodAccessorImpl.invoke0(Native Method)
    at sun.reflect.NativeMethodAccessorImpl.invoke(NativeMethodAccessorImpl.java:62)
    at sun.reflect.DelegatingMethodAccessorImpl.invoke(DelegatingMethodAccessorImpl.java:43)
08:43:04.860 [pool-40-thread-1] INFO  f.i.l.c.t.SpecificationTestCasesListener - Tests run finished (1 ms)
<> Total tests run: 1
<> Ignored tests: 0
<> Failed tests: 1
~ testCollinearPointOnExistingBoundary(org.apache.commons.math3.geometry.euclidean.twod.hull.MonotoneChainTest)
[illegal state: convergence failed]
org.apache.commons.math3.exception.ConvergenceException: illegal state: convergence failed    at org.apache.commons.math3.geometry.euclidean.twod.hull.AbstractConvexHullGenerator2D.generate(AbstractConvexHullGenerator2D.java:106)
    at org.apache.commons.math3.geometry.euclidean.twod.hull.MonotoneChain.generate(MonotoneChain.java:50)
    at org.apache.commons.math3.geometry.euclidean.twod.hull.ConvexHullGenerator2DAbstractTest.testCollinearPointOnExistingBoundary(ConvexHullGenerator2DAbstractTest.java:223)
    at sun.reflect.NativeMethodAccessorImpl.invoke0(Native Method)
    at sun.reflect.NativeMethodAccessorImpl.invoke(NativeMethodAccessorImpl.java:62)
    at sun.reflect.DelegatingMethodAccessorImpl.invoke(DelegatingMethodAccessorImpl.java:43)

08:43:04.861 [pool-35-thread-1] DEBUG tests.output - Failing tests with false: 
[testCollinearPointOnExistingBoundary(org.apache.commons.math3.geometry.euclidean.twod.hull.AklToussaintHeuristicTest): illegal state: convergence failed, testCollinearPointOnExistingBoundary(org.apache.commons.math3.geometry.euclidean.twod.hull.MonotoneChainTest): illegal state: convergence failed]
08:43:04.861 [pool-35-thread-1] DEBUG tests.output - Failing tests with true: 
[testCollinearPointOnExistingBoundary(org.apache.commons.math3.geometry.euclidean.twod.hull.AklToussaintHeuristicTest): illegal state: convergence failed, testCollinearPointOnExistingBoundary(org.apache.commons.math3.geometry.euclidean.twod.hull.MonotoneChainTest): illegal state: convergence failed]
08:43:04.861 [pool-35-thread-1] INFO  f.i.l.r.n.synth.SMTNopolSynthesizer - Not enough specifications: 0. A trivial patch is "true" or "false", please write new tests specifying SourceLocation org.apache.commons.math3.exception.util.ExceptionContext:174.
08:43:04.861 [pool-2-thread-1] DEBUG fr.inria.lille.repair.nopol.NoPol - statement #29
08:43:04.861 [pool-2-thread-1] DEBUG fr.inria.lille.repair.nopol.NoPol - Analysing SourceLocation org.apache.commons.math3.exception.util.ExceptionContext:173 which is executed by 9 tests
-310961535
08:43:04.998 [pool-2-thread-1] DEBUG fr.inria.lille.repair.nopol.NoPol - statement #30
08:43:04.998 [pool-2-thread-1] DEBUG fr.inria.lille.repair.nopol.NoPol - Analysing SourceLocation org.apache.commons.math3.exception.util.ExceptionContext:172 which is executed by 9 tests
-310961535
08:43:05.134 [pool-2-thread-1] DEBUG fr.inria.lille.repair.nopol.NoPol - statement #31
08:43:05.134 [pool-2-thread-1] DEBUG fr.inria.lille.repair.nopol.NoPol - Analysing SourceLocation org.apache.commons.math3.exception.util.ExceptionContext:171 which is executed by 9 tests
-310961535
08:43:05.270 [pool-2-thread-1] DEBUG fr.inria.lille.repair.nopol.NoPol - statement #32
08:43:05.270 [pool-2-thread-1] DEBUG fr.inria.lille.repair.nopol.NoPol - Analysing SourceLocation org.apache.commons.math3.geometry.euclidean.twod.hull.MonotoneChain:164 which is executed by 10 tests
-1638328115
08:43:05.408 [pool-2-thread-1] DEBUG fr.inria.lille.repair.nopol.NoPol - looking with class fr.inria.lille.repair.nopol.spoon.smt.ConditionalAdder
org.apache.commons.math3.exception.ConvergenceException: illegal state: convergence failed
    at org.apache.commons.math3.geometry.euclidean.twod.hull.AbstractConvexHullGenerator2D.generate(AbstractConvexHullGenerator2D.java:106)
    at org.apache.commons.math3.geometry.euclidean.twod.hull.MonotoneChain.generate(MonotoneChain.java:50)
    at org.apache.commons.math3.geometry.euclidean.twod.hull.ConvexHullGenerator2DAbstractTest.testCollinearPointOnExistingBoundary(ConvexHullGenerator2DAbstractTest.java:223)
    at sun.reflect.NativeMethodAccessorImpl.invoke0(Native Method)
    at sun.reflect.NativeMethodAccessorImpl.invoke(NativeMethodAccessorImpl.java:62)
    at sun.reflect.DelegatingMethodAccessorImpl.invoke(DelegatingMethodAccessorImpl.java:43)
org.apache.commons.math3.exception.ConvergenceException: illegal state: convergence failed
    at org.apache.commons.math3.geometry.euclidean.twod.hull.AbstractConvexHullGenerator2D.generate(AbstractConvexHullGenerator2D.java:106)
    at org.apache.commons.math3.geometry.euclidean.twod.hull.MonotoneChain.generate(MonotoneChain.java:50)
    at org.apache.commons.math3.geometry.euclidean.twod.hull.ConvexHullGenerator2DAbstractTest.testCollinearPointOnExistingBoundary(ConvexHullGenerator2DAbstractTest.java:223)
    at sun.reflect.NativeMethodAccessorImpl.invoke0(Native Method)
    at sun.reflect.NativeMethodAccessorImpl.invoke(NativeMethodAccessorImpl.java:62)
    at sun.reflect.DelegatingMethodAccessorImpl.invoke(DelegatingMethodAccessorImpl.java:43)
08:43:05.527 [pool-42-thread-1] INFO  xxl.java.junit.TestCasesListener - Tests run finished (113 ms)
<> Total tests run: 31
<> Ignored tests: 0
<> Failed tests: 2
~ testCollinearPointOnExistingBoundary(org.apache.commons.math3.geometry.euclidean.twod.hull.AklToussaintHeuristicTest)
[illegal state: convergence failed]
org.apache.commons.math3.exception.ConvergenceException: illegal state: convergence failed    at org.apache.commons.math3.geometry.euclidean.twod.hull.AbstractConvexHullGenerator2D.generate(AbstractConvexHullGenerator2D.java:106)
    at org.apache.commons.math3.geometry.euclidean.twod.hull.MonotoneChain.generate(MonotoneChain.java:50)
    at org.apache.commons.math3.geometry.euclidean.twod.hull.ConvexHullGenerator2DAbstractTest.testCollinearPointOnExistingBoundary(ConvexHullGenerator2DAbstractTest.java:223)
    at sun.reflect.NativeMethodAccessorImpl.invoke0(Native Method)
    at sun.reflect.NativeMethodAccessorImpl.invoke(NativeMethodAccessorImpl.java:62)
    at sun.reflect.DelegatingMethodAccessorImpl.invoke(DelegatingMethodAccessorImpl.java:43)
~ testCollinearPointOnExistingBoundary(org.apache.commons.math3.geometry.euclidean.twod.hull.MonotoneChainTest)
[illegal state: convergence failed]
org.apache.commons.math3.exception.ConvergenceException: illegal state: convergence failed    at org.apache.commons.math3.geometry.euclidean.twod.hull.AbstractConvexHullGenerator2D.generate(AbstractConvexHullGenerator2D.java:106)
    at org.apache.commons.math3.geometry.euclidean.twod.hull.MonotoneChain.generate(MonotoneChain.java:50)
    at org.apache.commons.math3.geometry.euclidean.twod.hull.ConvexHullGenerator2DAbstractTest.testCollinearPointOnExistingBoundary(ConvexHullGenerator2DAbstractTest.java:223)
    at sun.reflect.NativeMethodAccessorImpl.invoke0(Native Method)
    at sun.reflect.NativeMethodAccessorImpl.invoke(NativeMethodAccessorImpl.java:62)
    at sun.reflect.DelegatingMethodAccessorImpl.invoke(DelegatingMethodAccessorImpl.java:43)

org.apache.commons.math3.exception.InsufficientDataException: insufficient data
    at org.apache.commons.math3.geometry.euclidean.twod.hull.ConvexHull2D.createRegion(ConvexHull2D.java:161)
    at org.apache.commons.math3.geometry.euclidean.twod.hull.ConvexHullGenerator2DAbstractTest.checkPointsInsideHullRegion(ConvexHullGenerator2DAbstractTest.java:385)
    at org.apache.commons.math3.geometry.euclidean.twod.hull.ConvexHullGenerator2DAbstractTest.checkConvexHull(ConvexHullGenerator2DAbstractTest.java:343)
    at org.apache.commons.math3.geometry.euclidean.twod.hull.ConvexHullGenerator2DAbstractTest.checkConvexHull(ConvexHullGenerator2DAbstractTest.java:336)
    at org.apache.commons.math3.geometry.euclidean.twod.hull.ConvexHullGenerator2DAbstractTest.testCollinearPointOnExistingBoundary(ConvexHullGenerator2DAbstractTest.java:224)
    at sun.reflect.NativeMethodAccessorImpl.invoke0(Native Method)
08:43:05.779 [pool-43-thread-1] INFO  f.i.l.c.t.SpecificationTestCasesListener - Tests run finished (21 ms)
<> Total tests run: 1
<> Ignored tests: 0
<> Failed tests: 1
~ testCollinearPointOnExistingBoundary(org.apache.commons.math3.geometry.euclidean.twod.hull.AklToussaintHeuristicTest)
[insufficient data]
org.apache.commons.math3.exception.InsufficientDataException: insufficient data    at org.apache.commons.math3.geometry.euclidean.twod.hull.ConvexHull2D.createRegion(ConvexHull2D.java:161)
    at org.apache.commons.math3.geometry.euclidean.twod.hull.ConvexHullGenerator2DAbstractTest.checkPointsInsideHullRegion(ConvexHullGenerator2DAbstractTest.java:385)
    at org.apache.commons.math3.geometry.euclidean.twod.hull.ConvexHullGenerator2DAbstractTest.checkConvexHull(ConvexHullGenerator2DAbstractTest.java:343)
    at org.apache.commons.math3.geometry.euclidean.twod.hull.ConvexHullGenerator2DAbstractTest.checkConvexHull(ConvexHullGenerator2DAbstractTest.java:336)
    at org.apache.commons.math3.geometry.euclidean.twod.hull.ConvexHullGenerator2DAbstractTest.testCollinearPointOnExistingBoundary(ConvexHullGenerator2DAbstractTest.java:224)
    at sun.reflect.NativeMethodAccessorImpl.invoke0(Native Method)

org.apache.commons.math3.exception.InsufficientDataException: insufficient data
    at org.apache.commons.math3.geometry.euclidean.twod.hull.ConvexHull2D.createRegion(ConvexHull2D.java:161)
    at org.apache.commons.math3.geometry.euclidean.twod.hull.ConvexHullGenerator2DAbstractTest.checkPointsInsideHullRegion(ConvexHullGenerator2DAbstractTest.java:385)
    at org.apache.commons.math3.geometry.euclidean.twod.hull.ConvexHullGenerator2DAbstractTest.checkConvexHull(ConvexHullGenerator2DAbstractTest.java:343)
    at org.apache.commons.math3.geometry.euclidean.twod.hull.ConvexHullGenerator2DAbstractTest.checkConvexHull(ConvexHullGenerator2DAbstractTest.java:336)
    at org.apache.commons.math3.geometry.euclidean.twod.hull.ConvexHullGenerator2DAbstractTest.testCollinearPointOnExistingBoundary(ConvexHullGenerator2DAbstractTest.java:224)
    at sun.reflect.NativeMethodAccessorImpl.invoke0(Native Method)
08:43:05.781 [pool-44-thread-1] INFO  f.i.l.c.t.SpecificationTestCasesListener - Tests run finished (1 ms)
<> Total tests run: 1
<> Ignored tests: 0
<> Failed tests: 1
~ testCollinearPointOnExistingBoundary(org.apache.commons.math3.geometry.euclidean.twod.hull.MonotoneChainTest)
[insufficient data]
org.apache.commons.math3.exception.InsufficientDataException: insufficient data    at org.apache.commons.math3.geometry.euclidean.twod.hull.ConvexHull2D.createRegion(ConvexHull2D.java:161)
    at org.apache.commons.math3.geometry.euclidean.twod.hull.ConvexHullGenerator2DAbstractTest.checkPointsInsideHullRegion(ConvexHullGenerator2DAbstractTest.java:385)
    at org.apache.commons.math3.geometry.euclidean.twod.hull.ConvexHullGenerator2DAbstractTest.checkConvexHull(ConvexHullGenerator2DAbstractTest.java:343)
    at org.apache.commons.math3.geometry.euclidean.twod.hull.ConvexHullGenerator2DAbstractTest.checkConvexHull(ConvexHullGenerator2DAbstractTest.java:336)
    at org.apache.commons.math3.geometry.euclidean.twod.hull.ConvexHullGenerator2DAbstractTest.testCollinearPointOnExistingBoundary(ConvexHullGenerator2DAbstractTest.java:224)
    at sun.reflect.NativeMethodAccessorImpl.invoke0(Native Method)

org.apache.commons.math3.exception.ConvergenceException: illegal state: convergence failed
    at org.apache.commons.math3.geometry.euclidean.twod.hull.AbstractConvexHullGenerator2D.generate(AbstractConvexHullGenerator2D.java:106)
    at org.apache.commons.math3.geometry.euclidean.twod.hull.MonotoneChain.generate(MonotoneChain.java:2)
    at org.apache.commons.math3.geometry.euclidean.twod.hull.ConvexHullGenerator2DAbstractTest.testCollinearPointOnExistingBoundary(ConvexHullGenerator2DAbstractTest.java:223)
    at sun.reflect.NativeMethodAccessorImpl.invoke0(Native Method)
    at sun.reflect.NativeMethodAccessorImpl.invoke(NativeMethodAccessorImpl.java:62)
    at sun.reflect.DelegatingMethodAccessorImpl.invoke(DelegatingMethodAccessorImpl.java:43)
08:43:05.786 [pool-45-thread-1] INFO  f.i.l.c.t.SpecificationTestCasesListener - Tests run finished (4 ms)
<> Total tests run: 1
<> Ignored tests: 0
<> Failed tests: 1
~ testCollinearPointOnExistingBoundary(org.apache.commons.math3.geometry.euclidean.twod.hull.AklToussaintHeuristicTest)
[illegal state: convergence failed]
org.apache.commons.math3.exception.ConvergenceException: illegal state: convergence failed    at org.apache.commons.math3.geometry.euclidean.twod.hull.AbstractConvexHullGenerator2D.generate(AbstractConvexHullGenerator2D.java:106)
    at org.apache.commons.math3.geometry.euclidean.twod.hull.MonotoneChain.generate(MonotoneChain.java:2)
    at org.apache.commons.math3.geometry.euclidean.twod.hull.ConvexHullGenerator2DAbstractTest.testCollinearPointOnExistingBoundary(ConvexHullGenerator2DAbstractTest.java:223)
    at sun.reflect.NativeMethodAccessorImpl.invoke0(Native Method)
    at sun.reflect.NativeMethodAccessorImpl.invoke(NativeMethodAccessorImpl.java:62)
    at sun.reflect.DelegatingMethodAccessorImpl.invoke(DelegatingMethodAccessorImpl.java:43)

org.apache.commons.math3.exception.ConvergenceException: illegal state: convergence failed
    at org.apache.commons.math3.geometry.euclidean.twod.hull.AbstractConvexHullGenerator2D.generate(AbstractConvexHullGenerator2D.java:106)
    at org.apache.commons.math3.geometry.euclidean.twod.hull.MonotoneChain.generate(MonotoneChain.java:2)
    at org.apache.commons.math3.geometry.euclidean.twod.hull.ConvexHullGenerator2DAbstractTest.testCollinearPointOnExistingBoundary(ConvexHullGenerator2DAbstractTest.java:223)
    at sun.reflect.NativeMethodAccessorImpl.invoke0(Native Method)
    at sun.reflect.NativeMethodAccessorImpl.invoke(NativeMethodAccessorImpl.java:62)
    at sun.reflect.DelegatingMethodAccessorImpl.invoke(DelegatingMethodAccessorImpl.java:43)
08:43:05.788 [pool-46-thread-1] INFO  f.i.l.c.t.SpecificationTestCasesListener - Tests run finished (0 ms)
<> Total tests run: 1
<> Ignored tests: 0
<> Failed tests: 1
~ testCollinearPointOnExistingBoundary(org.apache.commons.math3.geometry.euclidean.twod.hull.MonotoneChainTest)
[illegal state: convergence failed]
org.apache.commons.math3.exception.ConvergenceException: illegal state: convergence failed    at org.apache.commons.math3.geometry.euclidean.twod.hull.AbstractConvexHullGenerator2D.generate(AbstractConvexHullGenerator2D.java:106)
    at org.apache.commons.math3.geometry.euclidean.twod.hull.MonotoneChain.generate(MonotoneChain.java:2)
    at org.apache.commons.math3.geometry.euclidean.twod.hull.ConvexHullGenerator2DAbstractTest.testCollinearPointOnExistingBoundary(ConvexHullGenerator2DAbstractTest.java:223)
    at sun.reflect.NativeMethodAccessorImpl.invoke0(Native Method)
    at sun.reflect.NativeMethodAccessorImpl.invoke(NativeMethodAccessorImpl.java:62)
    at sun.reflect.DelegatingMethodAccessorImpl.invoke(DelegatingMethodAccessorImpl.java:43)

08:43:05.788 [pool-41-thread-1] DEBUG tests.output - Failing tests with false: 
[testCollinearPointOnExistingBoundary(org.apache.commons.math3.geometry.euclidean.twod.hull.AklToussaintHeuristicTest): insufficient data, testCollinearPointOnExistingBoundary(org.apache.commons.math3.geometry.euclidean.twod.hull.MonotoneChainTest): insufficient data]
08:43:05.788 [pool-41-thread-1] DEBUG tests.output - Failing tests with true: 
[testCollinearPointOnExistingBoundary(org.apache.commons.math3.geometry.euclidean.twod.hull.AklToussaintHeuristicTest): illegal state: convergence failed, testCollinearPointOnExistingBoundary(org.apache.commons.math3.geometry.euclidean.twod.hull.MonotoneChainTest): illegal state: convergence failed]
08:43:05.788 [pool-41-thread-1] INFO  f.i.l.r.n.synth.SMTNopolSynthesizer - Not enough specifications: 0. A trivial patch is "true" or "false", please write new tests specifying SourceLocation org.apache.commons.math3.geometry.euclidean.twod.hull.MonotoneChain:164.
08:43:05.789 [pool-2-thread-1] DEBUG fr.inria.lille.repair.nopol.NoPol - statement #33
08:43:05.789 [pool-2-thread-1] DEBUG fr.inria.lille.repair.nopol.NoPol - Analysing SourceLocation org.apache.commons.math3.geometry.euclidean.twod.hull.MonotoneChain:162 which is executed by 10 tests
-1638328115
08:43:05.925 [pool-2-thread-1] DEBUG fr.inria.lille.repair.nopol.NoPol - looking with class fr.inria.lille.repair.nopol.spoon.smt.ConditionalAdder
org.apache.commons.math3.exception.ConvergenceException: illegal state: convergence failed
    at org.apache.commons.math3.geometry.euclidean.twod.hull.AbstractConvexHullGenerator2D.generate(AbstractConvexHullGenerator2D.java:106)
    at org.apache.commons.math3.geometry.euclidean.twod.hull.MonotoneChain.generate(MonotoneChain.java:50)
    at org.apache.commons.math3.geometry.euclidean.twod.hull.ConvexHullGenerator2DAbstractTest.testCollinearPointOnExistingBoundary(ConvexHullGenerator2DAbstractTest.java:223)
    at sun.reflect.NativeMethodAccessorImpl.invoke0(Native Method)
    at sun.reflect.NativeMethodAccessorImpl.invoke(NativeMethodAccessorImpl.java:62)
    at sun.reflect.DelegatingMethodAccessorImpl.invoke(DelegatingMethodAccessorImpl.java:43)
org.apache.commons.math3.exception.ConvergenceException: illegal state: convergence failed
    at org.apache.commons.math3.geometry.euclidean.twod.hull.AbstractConvexHullGenerator2D.generate(AbstractConvexHullGenerator2D.java:106)
    at org.apache.commons.math3.geometry.euclidean.twod.hull.MonotoneChain.generate(MonotoneChain.java:50)
    at org.apache.commons.math3.geometry.euclidean.twod.hull.ConvexHullGenerator2DAbstractTest.testCollinearPointOnExistingBoundary(ConvexHullGenerator2DAbstractTest.java:223)
    at sun.reflect.NativeMethodAccessorImpl.invoke0(Native Method)
    at sun.reflect.NativeMethodAccessorImpl.invoke(NativeMethodAccessorImpl.java:62)
    at sun.reflect.DelegatingMethodAccessorImpl.invoke(DelegatingMethodAccessorImpl.java:43)
08:43:06.055 [pool-48-thread-1] INFO  xxl.java.junit.TestCasesListener - Tests run finished (124 ms)
<> Total tests run: 31
<> Ignored tests: 0
<> Failed tests: 2
~ testCollinearPointOnExistingBoundary(org.apache.commons.math3.geometry.euclidean.twod.hull.AklToussaintHeuristicTest)
[illegal state: convergence failed]
org.apache.commons.math3.exception.ConvergenceException: illegal state: convergence failed    at org.apache.commons.math3.geometry.euclidean.twod.hull.AbstractConvexHullGenerator2D.generate(AbstractConvexHullGenerator2D.java:106)
    at org.apache.commons.math3.geometry.euclidean.twod.hull.MonotoneChain.generate(MonotoneChain.java:50)
    at org.apache.commons.math3.geometry.euclidean.twod.hull.ConvexHullGenerator2DAbstractTest.testCollinearPointOnExistingBoundary(ConvexHullGenerator2DAbstractTest.java:223)
    at sun.reflect.NativeMethodAccessorImpl.invoke0(Native Method)
    at sun.reflect.NativeMethodAccessorImpl.invoke(NativeMethodAccessorImpl.java:62)
    at sun.reflect.DelegatingMethodAccessorImpl.invoke(DelegatingMethodAccessorImpl.java:43)
~ testCollinearPointOnExistingBoundary(org.apache.commons.math3.geometry.euclidean.twod.hull.MonotoneChainTest)
[illegal state: convergence failed]
org.apache.commons.math3.exception.ConvergenceException: illegal state: convergence failed    at org.apache.commons.math3.geometry.euclidean.twod.hull.AbstractConvexHullGenerator2D.generate(AbstractConvexHullGenerator2D.java:106)
    at org.apache.commons.math3.geometry.euclidean.twod.hull.MonotoneChain.generate(MonotoneChain.java:50)
    at org.apache.commons.math3.geometry.euclidean.twod.hull.ConvexHullGenerator2DAbstractTest.testCollinearPointOnExistingBoundary(ConvexHullGenerator2DAbstractTest.java:223)
    at sun.reflect.NativeMethodAccessorImpl.invoke0(Native Method)
    at sun.reflect.NativeMethodAccessorImpl.invoke(NativeMethodAccessorImpl.java:62)
    at sun.reflect.DelegatingMethodAccessorImpl.invoke(DelegatingMethodAccessorImpl.java:43)

org.apache.commons.math3.exception.ConvergenceException: illegal state: convergence failed
    at org.apache.commons.math3.geometry.euclidean.twod.hull.AbstractConvexHullGenerator2D.generate(AbstractConvexHullGenerator2D.java:106)
    at org.apache.commons.math3.geometry.euclidean.twod.hull.MonotoneChain.generate(MonotoneChain.java:2)
    at org.apache.commons.math3.geometry.euclidean.twod.hull.ConvexHullGenerator2DAbstractTest.testCollinearPointOnExistingBoundary(ConvexHullGenerator2DAbstractTest.java:223)
    at sun.reflect.NativeMethodAccessorImpl.invoke0(Native Method)
    at sun.reflect.NativeMethodAccessorImpl.invoke(NativeMethodAccessorImpl.java:62)
    at sun.reflect.DelegatingMethodAccessorImpl.invoke(DelegatingMethodAccessorImpl.java:43)
08:43:06.286 [pool-49-thread-1] INFO  f.i.l.c.t.SpecificationTestCasesListener - Tests run finished (23 ms)
<> Total tests run: 1
<> Ignored tests: 0
<> Failed tests: 1
~ testCollinearPointOnExistingBoundary(org.apache.commons.math3.geometry.euclidean.twod.hull.AklToussaintHeuristicTest)
[illegal state: convergence failed]
org.apache.commons.math3.exception.ConvergenceException: illegal state: convergence failed    at org.apache.commons.math3.geometry.euclidean.twod.hull.AbstractConvexHullGenerator2D.generate(AbstractConvexHullGenerator2D.java:106)
    at org.apache.commons.math3.geometry.euclidean.twod.hull.MonotoneChain.generate(MonotoneChain.java:2)
    at org.apache.commons.math3.geometry.euclidean.twod.hull.ConvexHullGenerator2DAbstractTest.testCollinearPointOnExistingBoundary(ConvexHullGenerator2DAbstractTest.java:223)
    at sun.reflect.NativeMethodAccessorImpl.invoke0(Native Method)
    at sun.reflect.NativeMethodAccessorImpl.invoke(NativeMethodAccessorImpl.java:62)
    at sun.reflect.DelegatingMethodAccessorImpl.invoke(DelegatingMethodAccessorImpl.java:43)

org.apache.commons.math3.exception.ConvergenceException: illegal state: convergence failed
    at org.apache.commons.math3.geometry.euclidean.twod.hull.AbstractConvexHullGenerator2D.generate(AbstractConvexHullGenerator2D.java:106)
    at org.apache.commons.math3.geometry.euclidean.twod.hull.MonotoneChain.generate(MonotoneChain.java:2)
    at org.apache.commons.math3.geometry.euclidean.twod.hull.ConvexHullGenerator2DAbstractTest.testCollinearPointOnExistingBoundary(ConvexHullGenerator2DAbstractTest.java:223)
    at sun.reflect.NativeMethodAccessorImpl.invoke0(Native Method)
    at sun.reflect.NativeMethodAccessorImpl.invoke(NativeMethodAccessorImpl.java:62)
    at sun.reflect.DelegatingMethodAccessorImpl.invoke(DelegatingMethodAccessorImpl.java:43)
08:43:06.288 [pool-50-thread-1] INFO  f.i.l.c.t.SpecificationTestCasesListener - Tests run finished (1 ms)
<> Total tests run: 1
<> Ignored tests: 0
<> Failed tests: 1
~ testCollinearPointOnExistingBoundary(org.apache.commons.math3.geometry.euclidean.twod.hull.MonotoneChainTest)
[illegal state: convergence failed]
org.apache.commons.math3.exception.ConvergenceException: illegal state: convergence failed    at org.apache.commons.math3.geometry.euclidean.twod.hull.AbstractConvexHullGenerator2D.generate(AbstractConvexHullGenerator2D.java:106)
    at org.apache.commons.math3.geometry.euclidean.twod.hull.MonotoneChain.generate(MonotoneChain.java:2)
    at org.apache.commons.math3.geometry.euclidean.twod.hull.ConvexHullGenerator2DAbstractTest.testCollinearPointOnExistingBoundary(ConvexHullGenerator2DAbstractTest.java:223)
    at sun.reflect.NativeMethodAccessorImpl.invoke0(Native Method)
    at sun.reflect.NativeMethodAccessorImpl.invoke(NativeMethodAccessorImpl.java:62)
    at sun.reflect.DelegatingMethodAccessorImpl.invoke(DelegatingMethodAccessorImpl.java:43)

org.apache.commons.math3.exception.ConvergenceException: illegal state: convergence failed
    at org.apache.commons.math3.geometry.euclidean.twod.hull.AbstractConvexHullGenerator2D.generate(AbstractConvexHullGenerator2D.java:106)
    at org.apache.commons.math3.geometry.euclidean.twod.hull.MonotoneChain.generate(MonotoneChain.java:2)
    at org.apache.commons.math3.geometry.euclidean.twod.hull.ConvexHullGenerator2DAbstractTest.testCollinearPointOnExistingBoundary(ConvexHullGenerator2DAbstractTest.java:223)
    at sun.reflect.NativeMethodAccessorImpl.invoke0(Native Method)
    at sun.reflect.NativeMethodAccessorImpl.invoke(NativeMethodAccessorImpl.java:62)
    at sun.reflect.DelegatingMethodAccessorImpl.invoke(DelegatingMethodAccessorImpl.java:43)
08:43:06.290 [pool-51-thread-1] INFO  f.i.l.c.t.SpecificationTestCasesListener - Tests run finished (1 ms)
<> Total tests run: 1
<> Ignored tests: 0
<> Failed tests: 1
~ testCollinearPointOnExistingBoundary(org.apache.commons.math3.geometry.euclidean.twod.hull.AklToussaintHeuristicTest)
[illegal state: convergence failed]
org.apache.commons.math3.exception.ConvergenceException: illegal state: convergence failed    at org.apache.commons.math3.geometry.euclidean.twod.hull.AbstractConvexHullGenerator2D.generate(AbstractConvexHullGenerator2D.java:106)
    at org.apache.commons.math3.geometry.euclidean.twod.hull.MonotoneChain.generate(MonotoneChain.java:2)
    at org.apache.commons.math3.geometry.euclidean.twod.hull.ConvexHullGenerator2DAbstractTest.testCollinearPointOnExistingBoundary(ConvexHullGenerator2DAbstractTest.java:223)
    at sun.reflect.NativeMethodAccessorImpl.invoke0(Native Method)
    at sun.reflect.NativeMethodAccessorImpl.invoke(NativeMethodAccessorImpl.java:62)
    at sun.reflect.DelegatingMethodAccessorImpl.invoke(DelegatingMethodAccessorImpl.java:43)

org.apache.commons.math3.exception.ConvergenceException: illegal state: convergence failed
    at org.apache.commons.math3.geometry.euclidean.twod.hull.AbstractConvexHullGenerator2D.generate(AbstractConvexHullGenerator2D.java:106)
    at org.apache.commons.math3.geometry.euclidean.twod.hull.MonotoneChain.generate(MonotoneChain.java:2)
    at org.apache.commons.math3.geometry.euclidean.twod.hull.ConvexHullGenerator2DAbstractTest.testCollinearPointOnExistingBoundary(ConvexHullGenerator2DAbstractTest.java:223)
    at sun.reflect.NativeMethodAccessorImpl.invoke0(Native Method)
    at sun.reflect.NativeMethodAccessorImpl.invoke(NativeMethodAccessorImpl.java:62)
    at sun.reflect.DelegatingMethodAccessorImpl.invoke(DelegatingMethodAccessorImpl.java:43)
08:43:06.291 [pool-52-thread-1] INFO  f.i.l.c.t.SpecificationTestCasesListener - Tests run finished (1 ms)
<> Total tests run: 1
<> Ignored tests: 0
<> Failed tests: 1
~ testCollinearPointOnExistingBoundary(org.apache.commons.math3.geometry.euclidean.twod.hull.MonotoneChainTest)
[illegal state: convergence failed]
org.apache.commons.math3.exception.ConvergenceException: illegal state: convergence failed    at org.apache.commons.math3.geometry.euclidean.twod.hull.AbstractConvexHullGenerator2D.generate(AbstractConvexHullGenerator2D.java:106)
    at org.apache.commons.math3.geometry.euclidean.twod.hull.MonotoneChain.generate(MonotoneChain.java:2)
    at org.apache.commons.math3.geometry.euclidean.twod.hull.ConvexHullGenerator2DAbstractTest.testCollinearPointOnExistingBoundary(ConvexHullGenerator2DAbstractTest.java:223)
    at sun.reflect.NativeMethodAccessorImpl.invoke0(Native Method)
    at sun.reflect.NativeMethodAccessorImpl.invoke(NativeMethodAccessorImpl.java:62)
    at sun.reflect.DelegatingMethodAccessorImpl.invoke(DelegatingMethodAccessorImpl.java:43)

08:43:06.292 [pool-47-thread-1] DEBUG tests.output - Failing tests with false: 
[testCollinearPointOnExistingBoundary(org.apache.commons.math3.geometry.euclidean.twod.hull.AklToussaintHeuristicTest): illegal state: convergence failed, testCollinearPointOnExistingBoundary(org.apache.commons.math3.geometry.euclidean.twod.hull.MonotoneChainTest): illegal state: convergence failed]
08:43:06.292 [pool-47-thread-1] DEBUG tests.output - Failing tests with true: 
[testCollinearPointOnExistingBoundary(org.apache.commons.math3.geometry.euclidean.twod.hull.AklToussaintHeuristicTest): illegal state: convergence failed, testCollinearPointOnExistingBoundary(org.apache.commons.math3.geometry.euclidean.twod.hull.MonotoneChainTest): illegal state: convergence failed]
08:43:06.292 [pool-47-thread-1] INFO  f.i.l.r.n.synth.SMTNopolSynthesizer - Not enough specifications: 0. A trivial patch is "true" or "false", please write new tests specifying SourceLocation org.apache.commons.math3.geometry.euclidean.twod.hull.MonotoneChain:162.
08:43:06.292 [pool-2-thread-1] DEBUG fr.inria.lille.repair.nopol.NoPol - statement #34
08:43:06.293 [pool-2-thread-1] DEBUG fr.inria.lille.repair.nopol.NoPol - Analysing SourceLocation org.apache.commons.math3.geometry.euclidean.twod.hull.MonotoneChain:161 which is executed by 10 tests
-1638328115
08:43:06.431 [pool-2-thread-1] DEBUG fr.inria.lille.repair.nopol.NoPol - looking with class fr.inria.lille.repair.nopol.spoon.smt.ConditionalAdder
org.apache.commons.math3.exception.ConvergenceException: illegal state: convergence failed
    at org.apache.commons.math3.geometry.euclidean.twod.hull.AbstractConvexHullGenerator2D.generate(AbstractConvexHullGenerator2D.java:106)
    at org.apache.commons.math3.geometry.euclidean.twod.hull.MonotoneChain.generate(MonotoneChain.java:50)
    at org.apache.commons.math3.geometry.euclidean.twod.hull.ConvexHullGenerator2DAbstractTest.testCollinearPointOnExistingBoundary(ConvexHullGenerator2DAbstractTest.java:223)
    at sun.reflect.NativeMethodAccessorImpl.invoke0(Native Method)
    at sun.reflect.NativeMethodAccessorImpl.invoke(NativeMethodAccessorImpl.java:62)
    at sun.reflect.DelegatingMethodAccessorImpl.invoke(DelegatingMethodAccessorImpl.java:43)
org.apache.commons.math3.exception.ConvergenceException: illegal state: convergence failed
    at org.apache.commons.math3.geometry.euclidean.twod.hull.AbstractConvexHullGenerator2D.generate(AbstractConvexHullGenerator2D.java:106)
    at org.apache.commons.math3.geometry.euclidean.twod.hull.MonotoneChain.generate(MonotoneChain.java:50)
    at org.apache.commons.math3.geometry.euclidean.twod.hull.ConvexHullGenerator2DAbstractTest.testCollinearPointOnExistingBoundary(ConvexHullGenerator2DAbstractTest.java:223)
    at sun.reflect.NativeMethodAccessorImpl.invoke0(Native Method)
    at sun.reflect.NativeMethodAccessorImpl.invoke(NativeMethodAccessorImpl.java:62)
    at sun.reflect.DelegatingMethodAccessorImpl.invoke(DelegatingMethodAccessorImpl.java:43)
08:43:06.551 [pool-54-thread-1] INFO  xxl.java.junit.TestCasesListener - Tests run finished (113 ms)
<> Total tests run: 31
<> Ignored tests: 0
<> Failed tests: 2
~ testCollinearPointOnExistingBoundary(org.apache.commons.math3.geometry.euclidean.twod.hull.AklToussaintHeuristicTest)
[illegal state: convergence failed]
org.apache.commons.math3.exception.ConvergenceException: illegal state: convergence failed    at org.apache.commons.math3.geometry.euclidean.twod.hull.AbstractConvexHullGenerator2D.generate(AbstractConvexHullGenerator2D.java:106)
    at org.apache.commons.math3.geometry.euclidean.twod.hull.MonotoneChain.generate(MonotoneChain.java:50)
    at org.apache.commons.math3.geometry.euclidean.twod.hull.ConvexHullGenerator2DAbstractTest.testCollinearPointOnExistingBoundary(ConvexHullGenerator2DAbstractTest.java:223)
    at sun.reflect.NativeMethodAccessorImpl.invoke0(Native Method)
    at sun.reflect.NativeMethodAccessorImpl.invoke(NativeMethodAccessorImpl.java:62)
    at sun.reflect.DelegatingMethodAccessorImpl.invoke(DelegatingMethodAccessorImpl.java:43)
~ testCollinearPointOnExistingBoundary(org.apache.commons.math3.geometry.euclidean.twod.hull.MonotoneChainTest)
[illegal state: convergence failed]
org.apache.commons.math3.exception.ConvergenceException: illegal state: convergence failed    at org.apache.commons.math3.geometry.euclidean.twod.hull.AbstractConvexHullGenerator2D.generate(AbstractConvexHullGenerator2D.java:106)
    at org.apache.commons.math3.geometry.euclidean.twod.hull.MonotoneChain.generate(MonotoneChain.java:50)
    at org.apache.commons.math3.geometry.euclidean.twod.hull.ConvexHullGenerator2DAbstractTest.testCollinearPointOnExistingBoundary(ConvexHullGenerator2DAbstractTest.java:223)
    at sun.reflect.NativeMethodAccessorImpl.invoke0(Native Method)
    at sun.reflect.NativeMethodAccessorImpl.invoke(NativeMethodAccessorImpl.java:62)
    at sun.reflect.DelegatingMethodAccessorImpl.invoke(DelegatingMethodAccessorImpl.java:43)

org.apache.commons.math3.exception.ConvergenceException: illegal state: convergence failed
    at org.apache.commons.math3.geometry.euclidean.twod.hull.AbstractConvexHullGenerator2D.generate(AbstractConvexHullGenerator2D.java:106)
    at org.apache.commons.math3.geometry.euclidean.twod.hull.MonotoneChain.generate(MonotoneChain.java:2)
    at org.apache.commons.math3.geometry.euclidean.twod.hull.ConvexHullGenerator2DAbstractTest.testCollinearPointOnExistingBoundary(ConvexHullGenerator2DAbstractTest.java:223)
    at sun.reflect.NativeMethodAccessorImpl.invoke0(Native Method)
    at sun.reflect.NativeMethodAccessorImpl.invoke(NativeMethodAccessorImpl.java:62)
    at sun.reflect.DelegatingMethodAccessorImpl.invoke(DelegatingMethodAccessorImpl.java:43)
08:43:06.781 [pool-55-thread-1] INFO  f.i.l.c.t.SpecificationTestCasesListener - Tests run finished (24 ms)
<> Total tests run: 1
<> Ignored tests: 0
<> Failed tests: 1
~ testCollinearPointOnExistingBoundary(org.apache.commons.math3.geometry.euclidean.twod.hull.AklToussaintHeuristicTest)
[illegal state: convergence failed]
org.apache.commons.math3.exception.ConvergenceException: illegal state: convergence failed    at org.apache.commons.math3.geometry.euclidean.twod.hull.AbstractConvexHullGenerator2D.generate(AbstractConvexHullGenerator2D.java:106)
    at org.apache.commons.math3.geometry.euclidean.twod.hull.MonotoneChain.generate(MonotoneChain.java:2)
    at org.apache.commons.math3.geometry.euclidean.twod.hull.ConvexHullGenerator2DAbstractTest.testCollinearPointOnExistingBoundary(ConvexHullGenerator2DAbstractTest.java:223)
    at sun.reflect.NativeMethodAccessorImpl.invoke0(Native Method)
    at sun.reflect.NativeMethodAccessorImpl.invoke(NativeMethodAccessorImpl.java:62)
    at sun.reflect.DelegatingMethodAccessorImpl.invoke(DelegatingMethodAccessorImpl.java:43)

org.apache.commons.math3.exception.ConvergenceException: illegal state: convergence failed
    at org.apache.commons.math3.geometry.euclidean.twod.hull.AbstractConvexHullGenerator2D.generate(AbstractConvexHullGenerator2D.java:106)
    at org.apache.commons.math3.geometry.euclidean.twod.hull.MonotoneChain.generate(MonotoneChain.java:2)
    at org.apache.commons.math3.geometry.euclidean.twod.hull.ConvexHullGenerator2DAbstractTest.testCollinearPointOnExistingBoundary(ConvexHullGenerator2DAbstractTest.java:223)
    at sun.reflect.NativeMethodAccessorImpl.invoke0(Native Method)
    at sun.reflect.NativeMethodAccessorImpl.invoke(NativeMethodAccessorImpl.java:62)
    at sun.reflect.DelegatingMethodAccessorImpl.invoke(DelegatingMethodAccessorImpl.java:43)
08:43:06.783 [pool-56-thread-1] INFO  f.i.l.c.t.SpecificationTestCasesListener - Tests run finished (1 ms)
<> Total tests run: 1
<> Ignored tests: 0
<> Failed tests: 1
~ testCollinearPointOnExistingBoundary(org.apache.commons.math3.geometry.euclidean.twod.hull.MonotoneChainTest)
[illegal state: convergence failed]
org.apache.commons.math3.exception.ConvergenceException: illegal state: convergence failed    at org.apache.commons.math3.geometry.euclidean.twod.hull.AbstractConvexHullGenerator2D.generate(AbstractConvexHullGenerator2D.java:106)
    at org.apache.commons.math3.geometry.euclidean.twod.hull.MonotoneChain.generate(MonotoneChain.java:2)
    at org.apache.commons.math3.geometry.euclidean.twod.hull.ConvexHullGenerator2DAbstractTest.testCollinearPointOnExistingBoundary(ConvexHullGenerator2DAbstractTest.java:223)
    at sun.reflect.NativeMethodAccessorImpl.invoke0(Native Method)
    at sun.reflect.NativeMethodAccessorImpl.invoke(NativeMethodAccessorImpl.java:62)
    at sun.reflect.DelegatingMethodAccessorImpl.invoke(DelegatingMethodAccessorImpl.java:43)

org.apache.commons.math3.exception.ConvergenceException: illegal state: convergence failed
    at org.apache.commons.math3.geometry.euclidean.twod.hull.AbstractConvexHullGenerator2D.generate(AbstractConvexHullGenerator2D.java:106)
    at org.apache.commons.math3.geometry.euclidean.twod.hull.MonotoneChain.generate(MonotoneChain.java:2)
    at org.apache.commons.math3.geometry.euclidean.twod.hull.ConvexHullGenerator2DAbstractTest.testCollinearPointOnExistingBoundary(ConvexHullGenerator2DAbstractTest.java:223)
    at sun.reflect.NativeMethodAccessorImpl.invoke0(Native Method)
    at sun.reflect.NativeMethodAccessorImpl.invoke(NativeMethodAccessorImpl.java:62)
    at sun.reflect.DelegatingMethodAccessorImpl.invoke(DelegatingMethodAccessorImpl.java:43)
08:43:06.802 [pool-57-thread-1] INFO  f.i.l.c.t.SpecificationTestCasesListener - Tests run finished (1 ms)
<> Total tests run: 1
<> Ignored tests: 0
<> Failed tests: 1
~ testCollinearPointOnExistingBoundary(org.apache.commons.math3.geometry.euclidean.twod.hull.AklToussaintHeuristicTest)
[illegal state: convergence failed]
org.apache.commons.math3.exception.ConvergenceException: illegal state: convergence failed    at org.apache.commons.math3.geometry.euclidean.twod.hull.AbstractConvexHullGenerator2D.generate(AbstractConvexHullGenerator2D.java:106)
    at org.apache.commons.math3.geometry.euclidean.twod.hull.MonotoneChain.generate(MonotoneChain.java:2)
    at org.apache.commons.math3.geometry.euclidean.twod.hull.ConvexHullGenerator2DAbstractTest.testCollinearPointOnExistingBoundary(ConvexHullGenerator2DAbstractTest.java:223)
    at sun.reflect.NativeMethodAccessorImpl.invoke0(Native Method)
    at sun.reflect.NativeMethodAccessorImpl.invoke(NativeMethodAccessorImpl.java:62)
    at sun.reflect.DelegatingMethodAccessorImpl.invoke(DelegatingMethodAccessorImpl.java:43)

org.apache.commons.math3.exception.ConvergenceException: illegal state: convergence failed
    at org.apache.commons.math3.geometry.euclidean.twod.hull.AbstractConvexHullGenerator2D.generate(AbstractConvexHullGenerator2D.java:106)
    at org.apache.commons.math3.geometry.euclidean.twod.hull.MonotoneChain.generate(MonotoneChain.java:2)
    at org.apache.commons.math3.geometry.euclidean.twod.hull.ConvexHullGenerator2DAbstractTest.testCollinearPointOnExistingBoundary(ConvexHullGenerator2DAbstractTest.java:223)
    at sun.reflect.NativeMethodAccessorImpl.invoke0(Native Method)
    at sun.reflect.NativeMethodAccessorImpl.invoke(NativeMethodAccessorImpl.java:62)
    at sun.reflect.DelegatingMethodAccessorImpl.invoke(DelegatingMethodAccessorImpl.java:43)
08:43:06.804 [pool-58-thread-1] INFO  f.i.l.c.t.SpecificationTestCasesListener - Tests run finished (1 ms)
<> Total tests run: 1
<> Ignored tests: 0
<> Failed tests: 1
~ testCollinearPointOnExistingBoundary(org.apache.commons.math3.geometry.euclidean.twod.hull.MonotoneChainTest)
[illegal state: convergence failed]
org.apache.commons.math3.exception.ConvergenceException: illegal state: convergence failed    at org.apache.commons.math3.geometry.euclidean.twod.hull.AbstractConvexHullGenerator2D.generate(AbstractConvexHullGenerator2D.java:106)
    at org.apache.commons.math3.geometry.euclidean.twod.hull.MonotoneChain.generate(MonotoneChain.java:2)
    at org.apache.commons.math3.geometry.euclidean.twod.hull.ConvexHullGenerator2DAbstractTest.testCollinearPointOnExistingBoundary(ConvexHullGenerator2DAbstractTest.java:223)
    at sun.reflect.NativeMethodAccessorImpl.invoke0(Native Method)
    at sun.reflect.NativeMethodAccessorImpl.invoke(NativeMethodAccessorImpl.java:62)
    at sun.reflect.DelegatingMethodAccessorImpl.invoke(DelegatingMethodAccessorImpl.java:43)

08:43:06.805 [pool-53-thread-1] DEBUG tests.output - Failing tests with false: 
[testCollinearPointOnExistingBoundary(org.apache.commons.math3.geometry.euclidean.twod.hull.AklToussaintHeuristicTest): illegal state: convergence failed, testCollinearPointOnExistingBoundary(org.apache.commons.math3.geometry.euclidean.twod.hull.MonotoneChainTest): illegal state: convergence failed]
08:43:06.805 [pool-53-thread-1] DEBUG tests.output - Failing tests with true: 
[testCollinearPointOnExistingBoundary(org.apache.commons.math3.geometry.euclidean.twod.hull.AklToussaintHeuristicTest): illegal state: convergence failed, testCollinearPointOnExistingBoundary(org.apache.commons.math3.geometry.euclidean.twod.hull.MonotoneChainTest): illegal state: convergence failed]
08:43:06.805 [pool-53-thread-1] INFO  f.i.l.r.n.synth.SMTNopolSynthesizer - Not enough specifications: 0. A trivial patch is "true" or "false", please write new tests specifying SourceLocation org.apache.commons.math3.geometry.euclidean.twod.hull.MonotoneChain:161.
08:43:06.805 [pool-2-thread-1] DEBUG fr.inria.lille.repair.nopol.NoPol - looking with class fr.inria.lille.repair.nopol.spoon.smt.ConditionalReplacer
org.apache.commons.math3.exception.ConvergenceException: illegal state: convergence failed
    at org.apache.commons.math3.geometry.euclidean.twod.hull.AbstractConvexHullGenerator2D.generate(AbstractConvexHullGenerator2D.java:106)
    at org.apache.commons.math3.geometry.euclidean.twod.hull.MonotoneChain.generate(MonotoneChain.java:50)
    at org.apache.commons.math3.geometry.euclidean.twod.hull.ConvexHullGenerator2DAbstractTest.testCollinearPointOnExistingBoundary(ConvexHullGenerator2DAbstractTest.java:223)
    at sun.reflect.NativeMethodAccessorImpl.invoke0(Native Method)
    at sun.reflect.NativeMethodAccessorImpl.invoke(NativeMethodAccessorImpl.java:62)
    at sun.reflect.DelegatingMethodAccessorImpl.invoke(DelegatingMethodAccessorImpl.java:43)
org.apache.commons.math3.exception.ConvergenceException: illegal state: convergence failed
    at org.apache.commons.math3.geometry.euclidean.twod.hull.AbstractConvexHullGenerator2D.generate(AbstractConvexHullGenerator2D.java:106)
    at org.apache.commons.math3.geometry.euclidean.twod.hull.MonotoneChain.generate(MonotoneChain.java:50)
    at org.apache.commons.math3.geometry.euclidean.twod.hull.ConvexHullGenerator2DAbstractTest.testCollinearPointOnExistingBoundary(ConvexHullGenerator2DAbstractTest.java:223)
    at sun.reflect.NativeMethodAccessorImpl.invoke0(Native Method)
    at sun.reflect.NativeMethodAccessorImpl.invoke(NativeMethodAccessorImpl.java:62)
    at sun.reflect.DelegatingMethodAccessorImpl.invoke(DelegatingMethodAccessorImpl.java:43)
08:43:06.935 [pool-60-thread-1] INFO  xxl.java.junit.TestCasesListener - Tests run finished (123 ms)
<> Total tests run: 31
<> Ignored tests: 0
<> Failed tests: 2
~ testCollinearPointOnExistingBoundary(org.apache.commons.math3.geometry.euclidean.twod.hull.AklToussaintHeuristicTest)
[illegal state: convergence failed]
org.apache.commons.math3.exception.ConvergenceException: illegal state: convergence failed    at org.apache.commons.math3.geometry.euclidean.twod.hull.AbstractConvexHullGenerator2D.generate(AbstractConvexHullGenerator2D.java:106)
    at org.apache.commons.math3.geometry.euclidean.twod.hull.MonotoneChain.generate(MonotoneChain.java:50)
    at org.apache.commons.math3.geometry.euclidean.twod.hull.ConvexHullGenerator2DAbstractTest.testCollinearPointOnExistingBoundary(ConvexHullGenerator2DAbstractTest.java:223)
    at sun.reflect.NativeMethodAccessorImpl.invoke0(Native Method)
    at sun.reflect.NativeMethodAccessorImpl.invoke(NativeMethodAccessorImpl.java:62)
    at sun.reflect.DelegatingMethodAccessorImpl.invoke(DelegatingMethodAccessorImpl.java:43)
~ testCollinearPointOnExistingBoundary(org.apache.commons.math3.geometry.euclidean.twod.hull.MonotoneChainTest)
[illegal state: convergence failed]
org.apache.commons.math3.exception.ConvergenceException: illegal state: convergence failed    at org.apache.commons.math3.geometry.euclidean.twod.hull.AbstractConvexHullGenerator2D.generate(AbstractConvexHullGenerator2D.java:106)
    at org.apache.commons.math3.geometry.euclidean.twod.hull.MonotoneChain.generate(MonotoneChain.java:50)
    at org.apache.commons.math3.geometry.euclidean.twod.hull.ConvexHullGenerator2DAbstractTest.testCollinearPointOnExistingBoundary(ConvexHullGenerator2DAbstractTest.java:223)
    at sun.reflect.NativeMethodAccessorImpl.invoke0(Native Method)
    at sun.reflect.NativeMethodAccessorImpl.invoke(NativeMethodAccessorImpl.java:62)
    at sun.reflect.DelegatingMethodAccessorImpl.invoke(DelegatingMethodAccessorImpl.java:43)

org.apache.commons.math3.exception.ConvergenceException: illegal state: convergence failed
    at org.apache.commons.math3.geometry.euclidean.twod.hull.AbstractConvexHullGenerator2D.generate(AbstractConvexHullGenerator2D.java:106)
    at org.apache.commons.math3.geometry.euclidean.twod.hull.MonotoneChain.generate(MonotoneChain.java:2)
    at org.apache.commons.math3.geometry.euclidean.twod.hull.ConvexHullGenerator2DAbstractTest.testCollinearPointOnExistingBoundary(ConvexHullGenerator2DAbstractTest.java:223)
    at sun.reflect.NativeMethodAccessorImpl.invoke0(Native Method)
    at sun.reflect.NativeMethodAccessorImpl.invoke(NativeMethodAccessorImpl.java:62)
    at sun.reflect.DelegatingMethodAccessorImpl.invoke(DelegatingMethodAccessorImpl.java:43)
08:43:07.162 [pool-61-thread-1] INFO  f.i.l.c.t.SpecificationTestCasesListener - Tests run finished (23 ms)
<> Total tests run: 1
<> Ignored tests: 0
<> Failed tests: 1
~ testCollinearPointOnExistingBoundary(org.apache.commons.math3.geometry.euclidean.twod.hull.AklToussaintHeuristicTest)
[illegal state: convergence failed]
org.apache.commons.math3.exception.ConvergenceException: illegal state: convergence failed    at org.apache.commons.math3.geometry.euclidean.twod.hull.AbstractConvexHullGenerator2D.generate(AbstractConvexHullGenerator2D.java:106)
    at org.apache.commons.math3.geometry.euclidean.twod.hull.MonotoneChain.generate(MonotoneChain.java:2)
    at org.apache.commons.math3.geometry.euclidean.twod.hull.ConvexHullGenerator2DAbstractTest.testCollinearPointOnExistingBoundary(ConvexHullGenerator2DAbstractTest.java:223)
    at sun.reflect.NativeMethodAccessorImpl.invoke0(Native Method)
    at sun.reflect.NativeMethodAccessorImpl.invoke(NativeMethodAccessorImpl.java:62)
    at sun.reflect.DelegatingMethodAccessorImpl.invoke(DelegatingMethodAccessorImpl.java:43)

org.apache.commons.math3.exception.ConvergenceException: illegal state: convergence failed
    at org.apache.commons.math3.geometry.euclidean.twod.hull.AbstractConvexHullGenerator2D.generate(AbstractConvexHullGenerator2D.java:106)
    at org.apache.commons.math3.geometry.euclidean.twod.hull.MonotoneChain.generate(MonotoneChain.java:2)
    at org.apache.commons.math3.geometry.euclidean.twod.hull.ConvexHullGenerator2DAbstractTest.testCollinearPointOnExistingBoundary(ConvexHullGenerator2DAbstractTest.java:223)
    at sun.reflect.NativeMethodAccessorImpl.invoke0(Native Method)
    at sun.reflect.NativeMethodAccessorImpl.invoke(NativeMethodAccessorImpl.java:62)
    at sun.reflect.DelegatingMethodAccessorImpl.invoke(DelegatingMethodAccessorImpl.java:43)
08:43:07.165 [pool-62-thread-1] INFO  f.i.l.c.t.SpecificationTestCasesListener - Tests run finished (1 ms)
<> Total tests run: 1
<> Ignored tests: 0
<> Failed tests: 1
~ testCollinearPointOnExistingBoundary(org.apache.commons.math3.geometry.euclidean.twod.hull.MonotoneChainTest)
[illegal state: convergence failed]
org.apache.commons.math3.exception.ConvergenceException: illegal state: convergence failed    at org.apache.commons.math3.geometry.euclidean.twod.hull.AbstractConvexHullGenerator2D.generate(AbstractConvexHullGenerator2D.java:106)
    at org.apache.commons.math3.geometry.euclidean.twod.hull.MonotoneChain.generate(MonotoneChain.java:2)
    at org.apache.commons.math3.geometry.euclidean.twod.hull.ConvexHullGenerator2DAbstractTest.testCollinearPointOnExistingBoundary(ConvexHullGenerator2DAbstractTest.java:223)
    at sun.reflect.NativeMethodAccessorImpl.invoke0(Native Method)
    at sun.reflect.NativeMethodAccessorImpl.invoke(NativeMethodAccessorImpl.java:62)
    at sun.reflect.DelegatingMethodAccessorImpl.invoke(DelegatingMethodAccessorImpl.java:43)

08:43:07.176 [pool-63-thread-1] INFO  f.i.l.c.t.SpecificationTestCasesListener - Tests run finished (10 ms)
<> Total tests run: 1
<> Ignored tests: 0
<> Failed tests: 0

08:43:07.179 [pool-64-thread-1] INFO  f.i.l.c.t.SpecificationTestCasesListener - Tests run finished (1 ms)
<> Total tests run: 1
<> Ignored tests: 0
<> Failed tests: 0

java.lang.AssertionError
    at org.junit.Assert.fail(Assert.java:86)
    at org.junit.Assert.assertTrue(Assert.java:41)
    at org.junit.Assert.assertTrue(Assert.java:52)
    at org.apache.commons.math3.geometry.euclidean.twod.hull.ConvexHullGenerator2DAbstractTest.checkConvexHull(ConvexHullGenerator2DAbstractTest.java:342)
    at org.apache.commons.math3.geometry.euclidean.twod.hull.ConvexHullGenerator2DAbstractTest.checkConvexHull(ConvexHullGenerator2DAbstractTest.java:336)
    at org.apache.commons.math3.geometry.euclidean.twod.hull.ConvexHullGenerator2DAbstractTest.testCollinearPoints(ConvexHullGenerator2DAbstractTest.java:126)
08:43:07.182 [pool-65-thread-1] INFO  f.i.l.r.n.s.ConstraintModelBuilder$1PassingListener - Tests run finished (0 ms)
<> Total tests run: 1
<> Ignored tests: 0
<> Failed tests: 1
~ testCollinearPoints(org.apache.commons.math3.geometry.euclidean.twod.hull.AklToussaintHeuristicTest)
[null]
java.lang.AssertionError    at org.junit.Assert.fail(Assert.java:86)
    at org.junit.Assert.assertTrue(Assert.java:41)
    at org.junit.Assert.assertTrue(Assert.java:52)
    at org.apache.commons.math3.geometry.euclidean.twod.hull.ConvexHullGenerator2DAbstractTest.checkConvexHull(ConvexHullGenerator2DAbstractTest.java:342)
    at org.apache.commons.math3.geometry.euclidean.twod.hull.ConvexHullGenerator2DAbstractTest.checkConvexHull(ConvexHullGenerator2DAbstractTest.java:336)
    at org.apache.commons.math3.geometry.euclidean.twod.hull.ConvexHullGenerator2DAbstractTest.testCollinearPoints(ConvexHullGenerator2DAbstractTest.java:126)

org.apache.commons.math3.exception.ConvergenceException: illegal state: convergence failed
    at org.apache.commons.math3.geometry.euclidean.twod.hull.AbstractConvexHullGenerator2D.generate(AbstractConvexHullGenerator2D.java:106)
    at org.apache.commons.math3.geometry.euclidean.twod.hull.MonotoneChain.generate(MonotoneChain.java:2)
    at org.apache.commons.math3.geometry.euclidean.twod.hull.ConvexHullGenerator2DAbstractTest.testCollinearPointOnExistingBoundary(ConvexHullGenerator2DAbstractTest.java:223)
    at sun.reflect.NativeMethodAccessorImpl.invoke0(Native Method)
    at sun.reflect.NativeMethodAccessorImpl.invoke(NativeMethodAccessorImpl.java:62)
    at sun.reflect.DelegatingMethodAccessorImpl.invoke(DelegatingMethodAccessorImpl.java:43)
08:43:07.185 [pool-66-thread-1] INFO  f.i.l.r.n.s.ConstraintModelBuilder$1PassingListener - Tests run finished (1 ms)
<> Total tests run: 1
<> Ignored tests: 0
<> Failed tests: 1
~ testCollinearPointOnExistingBoundary(org.apache.commons.math3.geometry.euclidean.twod.hull.AklToussaintHeuristicTest)
[illegal state: convergence failed]
org.apache.commons.math3.exception.ConvergenceException: illegal state: convergence failed    at org.apache.commons.math3.geometry.euclidean.twod.hull.AbstractConvexHullGenerator2D.generate(AbstractConvexHullGenerator2D.java:106)
    at org.apache.commons.math3.geometry.euclidean.twod.hull.MonotoneChain.generate(MonotoneChain.java:2)
    at org.apache.commons.math3.geometry.euclidean.twod.hull.ConvexHullGenerator2DAbstractTest.testCollinearPointOnExistingBoundary(ConvexHullGenerator2DAbstractTest.java:223)
    at sun.reflect.NativeMethodAccessorImpl.invoke0(Native Method)
    at sun.reflect.NativeMethodAccessorImpl.invoke(NativeMethodAccessorImpl.java:62)
    at sun.reflect.DelegatingMethodAccessorImpl.invoke(DelegatingMethodAccessorImpl.java:43)

java.lang.AssertionError
    at org.junit.Assert.fail(Assert.java:86)
    at org.junit.Assert.assertTrue(Assert.java:41)
    at org.junit.Assert.assertTrue(Assert.java:52)
    at org.apache.commons.math3.geometry.euclidean.twod.hull.ConvexHullGenerator2DAbstractTest.checkConvexHull(ConvexHullGenerator2DAbstractTest.java:342)
    at org.apache.commons.math3.geometry.euclidean.twod.hull.ConvexHullGenerator2DAbstractTest.checkConvexHull(ConvexHullGenerator2DAbstractTest.java:336)
    at org.apache.commons.math3.geometry.euclidean.twod.hull.ConvexHullGenerator2DAbstractTest.testClosePoints(ConvexHullGenerator2DAbstractTest.java:204)
08:43:07.187 [pool-67-thread-1] INFO  f.i.l.r.n.s.ConstraintModelBuilder$1PassingListener - Tests run finished (1 ms)
<> Total tests run: 1
<> Ignored tests: 0
<> Failed tests: 1
~ testClosePoints(org.apache.commons.math3.geometry.euclidean.twod.hull.AklToussaintHeuristicTest)
[null]
java.lang.AssertionError    at org.junit.Assert.fail(Assert.java:86)
    at org.junit.Assert.assertTrue(Assert.java:41)
    at org.junit.Assert.assertTrue(Assert.java:52)
    at org.apache.commons.math3.geometry.euclidean.twod.hull.ConvexHullGenerator2DAbstractTest.checkConvexHull(ConvexHullGenerator2DAbstractTest.java:342)
    at org.apache.commons.math3.geometry.euclidean.twod.hull.ConvexHullGenerator2DAbstractTest.checkConvexHull(ConvexHullGenerator2DAbstractTest.java:336)
    at org.apache.commons.math3.geometry.euclidean.twod.hull.ConvexHullGenerator2DAbstractTest.testClosePoints(ConvexHullGenerator2DAbstractTest.java:204)

08:43:07.213 [pool-68-thread-1] INFO  f.i.l.r.n.s.ConstraintModelBuilder$1PassingListener - Tests run finished (22 ms)
<> Total tests run: 1
<> Ignored tests: 0
<> Failed tests: 0

java.lang.AssertionError
    at org.junit.Assert.fail(Assert.java:86)
    at org.junit.Assert.assertTrue(Assert.java:41)
    at org.junit.Assert.assertTrue(Assert.java:52)
    at org.apache.commons.math3.geometry.euclidean.twod.hull.ConvexHullGenerator2DAbstractTest.checkConvexHull(ConvexHullGenerator2DAbstractTest.java:342)
    at org.apache.commons.math3.geometry.euclidean.twod.hull.ConvexHullGenerator2DAbstractTest.checkConvexHull(ConvexHullGenerator2DAbstractTest.java:336)
    at org.apache.commons.math3.geometry.euclidean.twod.hull.ConvexHullGenerator2DAbstractTest.testCollinearPointsReverse(ConvexHullGenerator2DAbstractTest.java:139)
08:43:07.215 [pool-69-thread-1] INFO  f.i.l.r.n.s.ConstraintModelBuilder$1PassingListener - Tests run finished (0 ms)
<> Total tests run: 1
<> Ignored tests: 0
<> Failed tests: 1
~ testCollinearPointsReverse(org.apache.commons.math3.geometry.euclidean.twod.hull.AklToussaintHeuristicTest)
[null]
java.lang.AssertionError    at org.junit.Assert.fail(Assert.java:86)
    at org.junit.Assert.assertTrue(Assert.java:41)
    at org.junit.Assert.assertTrue(Assert.java:52)
    at org.apache.commons.math3.geometry.euclidean.twod.hull.ConvexHullGenerator2DAbstractTest.checkConvexHull(ConvexHullGenerator2DAbstractTest.java:342)
    at org.apache.commons.math3.geometry.euclidean.twod.hull.ConvexHullGenerator2DAbstractTest.checkConvexHull(ConvexHullGenerator2DAbstractTest.java:336)
    at org.apache.commons.math3.geometry.euclidean.twod.hull.ConvexHullGenerator2DAbstractTest.testCollinearPointsReverse(ConvexHullGenerator2DAbstractTest.java:139)

java.lang.AssertionError
    at org.junit.Assert.fail(Assert.java:86)
    at org.junit.Assert.assertTrue(Assert.java:41)
    at org.junit.Assert.assertTrue(Assert.java:52)
    at org.apache.commons.math3.geometry.euclidean.twod.hull.ConvexHullGenerator2DAbstractTest.checkConvexHull(ConvexHullGenerator2DAbstractTest.java:342)
    at org.apache.commons.math3.geometry.euclidean.twod.hull.ConvexHullGenerator2DAbstractTest.checkConvexHull(ConvexHullGenerator2DAbstractTest.java:336)
    at org.apache.commons.math3.geometry.euclidean.twod.hull.ConvexHullGenerator2DAbstractTest.testCollinearPoints(ConvexHullGenerator2DAbstractTest.java:126)
08:43:07.216 [pool-70-thread-1] INFO  f.i.l.r.n.s.ConstraintModelBuilder$1PassingListener - Tests run finished (1 ms)
<> Total tests run: 1
<> Ignored tests: 0
<> Failed tests: 1
~ testCollinearPoints(org.apache.commons.math3.geometry.euclidean.twod.hull.MonotoneChainTest)
[null]
java.lang.AssertionError    at org.junit.Assert.fail(Assert.java:86)
    at org.junit.Assert.assertTrue(Assert.java:41)
    at org.junit.Assert.assertTrue(Assert.java:52)
    at org.apache.commons.math3.geometry.euclidean.twod.hull.ConvexHullGenerator2DAbstractTest.checkConvexHull(ConvexHullGenerator2DAbstractTest.java:342)
    at org.apache.commons.math3.geometry.euclidean.twod.hull.ConvexHullGenerator2DAbstractTest.checkConvexHull(ConvexHullGenerator2DAbstractTest.java:336)
    at org.apache.commons.math3.geometry.euclidean.twod.hull.ConvexHullGenerator2DAbstractTest.testCollinearPoints(ConvexHullGenerator2DAbstractTest.java:126)

org.apache.commons.math3.exception.ConvergenceException: illegal state: convergence failed
    at org.apache.commons.math3.geometry.euclidean.twod.hull.AbstractConvexHullGenerator2D.generate(AbstractConvexHullGenerator2D.java:106)
    at org.apache.commons.math3.geometry.euclidean.twod.hull.MonotoneChain.generate(MonotoneChain.java:2)
    at org.apache.commons.math3.geometry.euclidean.twod.hull.ConvexHullGenerator2DAbstractTest.testCollinearPointOnExistingBoundary(ConvexHullGenerator2DAbstractTest.java:223)
    at sun.reflect.NativeMethodAccessorImpl.invoke0(Native Method)
    at sun.reflect.NativeMethodAccessorImpl.invoke(NativeMethodAccessorImpl.java:62)
    at sun.reflect.DelegatingMethodAccessorImpl.invoke(DelegatingMethodAccessorImpl.java:43)
08:43:07.217 [pool-71-thread-1] INFO  f.i.l.r.n.s.ConstraintModelBuilder$1PassingListener - Tests run finished (1 ms)
<> Total tests run: 1
<> Ignored tests: 0
<> Failed tests: 1
~ testCollinearPointOnExistingBoundary(org.apache.commons.math3.geometry.euclidean.twod.hull.MonotoneChainTest)
[illegal state: convergence failed]
org.apache.commons.math3.exception.ConvergenceException: illegal state: convergence failed    at org.apache.commons.math3.geometry.euclidean.twod.hull.AbstractConvexHullGenerator2D.generate(AbstractConvexHullGenerator2D.java:106)
    at org.apache.commons.math3.geometry.euclidean.twod.hull.MonotoneChain.generate(MonotoneChain.java:2)
    at org.apache.commons.math3.geometry.euclidean.twod.hull.ConvexHullGenerator2DAbstractTest.testCollinearPointOnExistingBoundary(ConvexHullGenerator2DAbstractTest.java:223)
    at sun.reflect.NativeMethodAccessorImpl.invoke0(Native Method)
    at sun.reflect.NativeMethodAccessorImpl.invoke(NativeMethodAccessorImpl.java:62)
    at sun.reflect.DelegatingMethodAccessorImpl.invoke(DelegatingMethodAccessorImpl.java:43)

java.lang.AssertionError
    at org.junit.Assert.fail(Assert.java:86)
    at org.junit.Assert.assertTrue(Assert.java:41)
    at org.junit.Assert.assertTrue(Assert.java:52)
    at org.apache.commons.math3.geometry.euclidean.twod.hull.ConvexHullGenerator2DAbstractTest.checkConvexHull(ConvexHullGenerator2DAbstractTest.java:342)
    at org.apache.commons.math3.geometry.euclidean.twod.hull.ConvexHullGenerator2DAbstractTest.checkConvexHull(ConvexHullGenerator2DAbstractTest.java:336)
    at org.apache.commons.math3.geometry.euclidean.twod.hull.ConvexHullGenerator2DAbstractTest.testClosePoints(ConvexHullGenerator2DAbstractTest.java:204)
08:43:07.218 [pool-72-thread-1] INFO  f.i.l.r.n.s.ConstraintModelBuilder$1PassingListener - Tests run finished (1 ms)
<> Total tests run: 1
<> Ignored tests: 0
<> Failed tests: 1
~ testClosePoints(org.apache.commons.math3.geometry.euclidean.twod.hull.MonotoneChainTest)
[null]
java.lang.AssertionError    at org.junit.Assert.fail(Assert.java:86)
    at org.junit.Assert.assertTrue(Assert.java:41)
    at org.junit.Assert.assertTrue(Assert.java:52)
    at org.apache.commons.math3.geometry.euclidean.twod.hull.ConvexHullGenerator2DAbstractTest.checkConvexHull(ConvexHullGenerator2DAbstractTest.java:342)
    at org.apache.commons.math3.geometry.euclidean.twod.hull.ConvexHullGenerator2DAbstractTest.checkConvexHull(ConvexHullGenerator2DAbstractTest.java:336)
    at org.apache.commons.math3.geometry.euclidean.twod.hull.ConvexHullGenerator2DAbstractTest.testClosePoints(ConvexHullGenerator2DAbstractTest.java:204)

08:43:07.225 [pool-73-thread-1] INFO  f.i.l.r.n.s.ConstraintModelBuilder$1PassingListener - Tests run finished (6 ms)
<> Total tests run: 1
<> Ignored tests: 0
<> Failed tests: 0

java.lang.AssertionError
    at org.junit.Assert.fail(Assert.java:86)
    at org.junit.Assert.assertTrue(Assert.java:41)
    at org.junit.Assert.assertTrue(Assert.java:52)
    at org.apache.commons.math3.geometry.euclidean.twod.hull.ConvexHullGenerator2DAbstractTest.checkConvexHull(ConvexHullGenerator2DAbstractTest.java:342)
    at org.apache.commons.math3.geometry.euclidean.twod.hull.ConvexHullGenerator2DAbstractTest.checkConvexHull(ConvexHullGenerator2DAbstractTest.java:336)
    at org.apache.commons.math3.geometry.euclidean.twod.hull.ConvexHullGenerator2DAbstractTest.testCollinearPointsReverse(ConvexHullGenerator2DAbstractTest.java:139)
08:43:07.226 [pool-74-thread-1] INFO  f.i.l.r.n.s.ConstraintModelBuilder$1PassingListener - Tests run finished (0 ms)
<> Total tests run: 1
<> Ignored tests: 0
<> Failed tests: 1
~ testCollinearPointsReverse(org.apache.commons.math3.geometry.euclidean.twod.hull.MonotoneChainTest)
[null]
java.lang.AssertionError    at org.junit.Assert.fail(Assert.java:86)
    at org.junit.Assert.assertTrue(Assert.java:41)
    at org.junit.Assert.assertTrue(Assert.java:52)
    at org.apache.commons.math3.geometry.euclidean.twod.hull.ConvexHullGenerator2DAbstractTest.checkConvexHull(ConvexHullGenerator2DAbstractTest.java:342)
    at org.apache.commons.math3.geometry.euclidean.twod.hull.ConvexHullGenerator2DAbstractTest.checkConvexHull(ConvexHullGenerator2DAbstractTest.java:336)
    at org.apache.commons.math3.geometry.euclidean.twod.hull.ConvexHullGenerator2DAbstractTest.testCollinearPointsReverse(ConvexHullGenerator2DAbstractTest.java:139)

08:43:07.227 [pool-75-thread-1] INFO  f.i.l.r.n.s.ConstraintModelBuilder$1PassingListener - Tests run finished (0 ms)
<> Total tests run: 1
<> Ignored tests: 0
<> Failed tests: 0

08:43:07.229 [pool-76-thread-1] INFO  f.i.l.r.n.s.ConstraintModelBuilder$1PassingListener - Tests run finished (1 ms)
<> Total tests run: 1
<> Ignored tests: 0
<> Failed tests: 0

08:43:07.230 [pool-77-thread-1] INFO  f.i.l.r.n.s.ConstraintModelBuilder$1PassingListener - Tests run finished (1 ms)
<> Total tests run: 1
<> Ignored tests: 0
<> Failed tests: 0

08:43:07.235 [pool-78-thread-1] INFO  f.i.l.r.n.s.ConstraintModelBuilder$1PassingListener - Tests run finished (5 ms)
<> Total tests run: 1
<> Ignored tests: 0
<> Failed tests: 0

08:43:07.236 [pool-79-thread-1] INFO  f.i.l.r.n.s.ConstraintModelBuilder$1PassingListener - Tests run finished (0 ms)
<> Total tests run: 1
<> Ignored tests: 0
<> Failed tests: 0

08:43:07.237 [pool-80-thread-1] INFO  f.i.l.r.n.s.ConstraintModelBuilder$1PassingListener - Tests run finished (0 ms)
<> Total tests run: 1
<> Ignored tests: 0
<> Failed tests: 0

08:43:07.238 [pool-81-thread-1] INFO  f.i.l.r.n.s.ConstraintModelBuilder$1PassingListener - Tests run finished (0 ms)
<> Total tests run: 1
<> Ignored tests: 0
<> Failed tests: 0

08:43:07.239 [pool-82-thread-1] INFO  f.i.l.r.n.s.ConstraintModelBuilder$1PassingListener - Tests run finished (0 ms)
<> Total tests run: 1
<> Ignored tests: 0
<> Failed tests: 0

08:43:07.244 [pool-83-thread-1] INFO  f.i.l.r.n.s.ConstraintModelBuilder$1PassingListener - Tests run finished (4 ms)
<> Total tests run: 1
<> Ignored tests: 0
<> Failed tests: 0

08:43:07.245 [pool-84-thread-1] INFO  f.i.l.r.n.s.ConstraintModelBuilder$1PassingListener - Tests run finished (1 ms)
<> Total tests run: 1
<> Ignored tests: 0
<> Failed tests: 0

08:43:07.246 [pool-85-thread-1] INFO  f.i.l.c.t.SpecificationTestCasesListener - Tests run finished (0 ms)
<> Total tests run: 1
<> Ignored tests: 0
<> Failed tests: 0

08:43:07.247 [pool-86-thread-1] INFO  f.i.l.c.t.SpecificationTestCasesListener - Tests run finished (0 ms)
<> Total tests run: 1
<> Ignored tests: 0
<> Failed tests: 0

08:43:07.248 [pool-87-thread-1] INFO  f.i.l.c.t.SpecificationTestCasesListener - Tests run finished (0 ms)
<> Total tests run: 1
<> Ignored tests: 0
<> Failed tests: 0

08:43:07.249 [pool-88-thread-1] INFO  f.i.l.c.t.SpecificationTestCasesListener - Tests run finished (0 ms)
<> Total tests run: 1
<> Ignored tests: 0
<> Failed tests: 0

08:43:07.250 [pool-89-thread-1] INFO  f.i.l.c.t.SpecificationTestCasesListener - Tests run finished (0 ms)
<> Total tests run: 1
<> Ignored tests: 0
<> Failed tests: 0

08:43:07.251 [pool-90-thread-1] INFO  f.i.l.c.t.SpecificationTestCasesListener - Tests run finished (1 ms)
<> Total tests run: 1
<> Ignored tests: 0
<> Failed tests: 0

08:43:07.537 [pool-59-thread-1] DEBUG f.i.l.c.s.ConstraintBasedSynthesis - Operators:
08:43:07.664 [pool-59-thread-1] DEBUG f.i.l.c.s.ConstraintBasedSynthesis - Successful code synthesis: hull!=null
08:43:07.665 [pool-59-thread-1] INFO  f.i.l.repair.nopol.patch.TestPatch - Applying patch: org.apache.commons.math3.geometry.euclidean.twod.hull.MonotoneChain:161: CONDITIONAL hull!=null
08:43:07.836 [pool-59-thread-1] INFO  f.i.l.repair.nopol.patch.TestPatch - Running test suite to check the patch "hull!=null" is working
08:43:07.900 [pool-2-thread-1] INFO  fr.inria.lille.repair.nopol.NoPol - ----INFORMATION----
08:43:08.371 [pool-2-thread-1] INFO  fr.inria.lille.repair.nopol.NoPol - Nb classes : 830
08:43:08.372 [pool-2-thread-1] INFO  fr.inria.lille.repair.nopol.NoPol - Nb methods : 5520
08:43:08.372 [pool-2-thread-1] INFO  fr.inria.lille.repair.nopol.NoPol - Nb Statements Analyzed : 11
08:43:08.372 [pool-2-thread-1] INFO  fr.inria.lille.repair.nopol.NoPol - Nb Statements with Angelic Value Found : 1
08:43:08.372 [pool-2-thread-1] INFO  fr.inria.lille.repair.nopol.NoPol - Nb inputs in SMT : 8
08:43:08.372 [pool-2-thread-1] INFO  fr.inria.lille.repair.nopol.NoPol - Nb SMT level: 1
08:43:08.372 [pool-2-thread-1] INFO  fr.inria.lille.repair.nopol.NoPol - Nb SMT components: [0] []
08:43:08.372 [pool-2-thread-1] INFO  fr.inria.lille.repair.nopol.NoPol - Nb variables in SMT : 17
08:43:08.372 [pool-2-thread-1] INFO  fr.inria.lille.repair.nopol.NoPol - NoPol Execution time : 380220ms
08:43:08.372 [pool-2-thread-1] INFO  fr.inria.lille.repair.nopol.NoPol - 
08:43:08.372 [pool-2-thread-1] INFO  fr.inria.lille.repair.nopol.NoPol - ----PATCH FOUND----
08:43:08.372 [pool-2-thread-1] INFO  fr.inria.lille.repair.nopol.NoPol - hull!=null
08:43:08.576 [pool-2-thread-1] INFO  fr.inria.lille.repair.nopol.NoPol - Nb test that executes the patch: 10
08:43:08.576 [pool-2-thread-1] INFO  fr.inria.lille.repair.nopol.NoPol - org.apache.commons.math3.geometry.euclidean.twod.hull.MonotoneChain:161: CONDITIONAL
08:43:08.590 [pool-2-thread-1] INFO  fr.inria.lille.repair.nopol.NoPol - --- a/src/main/java/org/apache/commons/math3/geometry/euclidean/twod/hull/MonotoneChain.java
+++ b/src/main/java/org/apache/commons/math3/geometry/euclidean/twod/hull/MonotoneChain.java
@@ -160,3 +160,3 @@
                 } else {
-                    if (distanceToCurrent > distanceToLast) {
+                    if (hull!=null) {
                         hull.remove(size - 1);

PATCH
556.08user 5.17system 6:23.02elapsed 146%CPU (0avgtext+0avgdata 1488536maxresident)k
56352inputs+7024outputs (24major+780628minor)pagefaults 0swaps


Node: graphene-103.nancy.grid5000.fr



Date: Sat Dec 29 08:43:09 EST 2018

