cd /tmp/DynaMoth_Bugs.jar_Accumulo_2fd7633f;
export JAVA_TOOL_OPTIONS="-Dfile.encoding=UTF8 -Duser.language=en-US -Duser.country=US -Duser.language=en";
TZ="America/New_York"; export TZ;
export PATH="/usr/lib/jvm/java-1.8.0-openjdk-amd64/bin/:$PATH";
export JAVA_HOME="/usr/lib/jvm/java-1.8.0-openjdk-amd64/bin/";
time java -Xmx4g -Xms1g -cp /home/tdurieux/defects4j4repair/script/../repair_tools/nopol.jar:/usr/lib/jvm/java-1.8.0-openjdk-amd64/bin//../lib/tools.jar fr.inria.lille.repair.Main \
	--mode repair \
	--type pre_then_cond \
	--oracle angelic \
	--synthesis dynamoth \
	--flocal gzoltar \
	--json \
	--solver z3 \
	--solver-path /home/tdurieux/defects4j4repair/script/../libs/z3/build/z3 \
	--complianceLevel 7 \
	--source core/src/main/java \
	--classpath "core/target/classes:core/target/test-classes:/tmp/DynaMoth_Bugs.jar_Accumulo_2fd7633f/trace/target/classes:/tmp/DynaMoth_Bugs.jar_Accumulo_2fd7633f/fate/target/classes:/tmp/DynaMoth_Bugs.jar_Accumulo_2fd7633f/start/target/classes:/tmp/DynaMoth_Bugs.jar_Accumulo_2fd7633f/server/target/classes:/tmp/DynaMoth_Bugs.jar_Accumulo_2fd7633f/examples/simple/target/classes:/tmp/DynaMoth_Bugs.jar_Accumulo_2fd7633f/minicluster/target/classes:/tmp/DynaMoth_Bugs.jar_Accumulo_2fd7633f/test/target/classes:/tmp/DynaMoth_Bugs.jar_Accumulo_2fd7633f/proxy/target/classes:/home/tdurieux/.m2/repository/org/powermock/powermock-api-support/1.5/powermock-api-support-1.5.jar:/home/tdurieux/.m2/repository/com/sun/jersey/jersey-server/1.0/jersey-server-1.0.jar:/home/tdurieux/.m2/repository/xmlenc/xmlenc/0.52/xmlenc-0.52.jar:/home/tdurieux/.m2/repository/hsqldb/hsqldb/1.8.0.10/hsqldb-1.8.0.10.jar:/home/tdurieux/.m2/repository/org/mortbay/jetty/jetty-util/6.1.26/jetty-util-6.1.26.jar:/home/tdurieux/.m2/repository/stax/stax-api/1.0.1/stax-api-1.0.1.jar:/home/tdurieux/.m2/repository/regexp/regexp/1.3/regexp-1.3.jar:/home/tdurieux/.m2/repository/org/codehaus/jettison/jettison/1.1/jettison-1.1.jar:/home/tdurieux/.m2/repository/jline/jline/1.0/jline-1.0.jar:/home/tdurieux/.m2/repository/com/sun/xml/bind/jaxb-impl/2.2.3-1/jaxb-impl-2.2.3-1.jar:/home/tdurieux/.m2/repository/org/apache/commons/commons-vfs2/2.0/commons-vfs2-2.0.jar:/home/tdurieux/.m2/repository/com/sun/jersey/jersey-json/1.8/jersey-json-1.8.jar:/home/tdurieux/.m2/repository/com/sun/jersey/jersey-server/1.8/jersey-server-1.8.jar:/home/tdurieux/.m2/repository/com/google/code/gson/gson/2.2.2/gson-2.2.2.jar:/home/tdurieux/.m2/repository/javax/servlet/servlet-api/2.5/servlet-api-2.5.jar:/home/tdurieux/.m2/repository/commons-io/commons-io/2.1/commons-io-2.1.jar:/home/tdurieux/.m2/repository/org/apache/accumulo/accumulo-core/1.5.2-SNAPSHOT/accumulo-core-1.5.2-SNAPSHOT.jar:/home/tdurieux/.m2/repository/org/codehaus/jackson/jackson-xc/1.7.1/jackson-xc-1.7.1.jar:/home/tdurieux/.m2/repository/org/apache/ftpserver/ftpserver-deprecated/1.0.0-M2/ftpserver-deprecated-1.0.0-M2.jar:/home/tdurieux/.m2/repository/asm/asm/3.1/asm-3.1.jar:/home/tdurieux/.m2/repository/commons-el/commons-el/1.0/commons-el-1.0.jar:/home/tdurieux/.m2/repository/com/beust/jcommander/1.30/jcommander-1.30.jar:/home/tdurieux/.m2/repository/org/powermock/powermock-module-junit4/1.5/powermock-module-junit4-1.5.jar:/home/tdurieux/.m2/repository/cglib/cglib-nodep/2.2.2/cglib-nodep-2.2.2.jar:/home/tdurieux/.m2/repository/org/easymock/easymock/3.1/easymock-3.1.jar:/home/tdurieux/.m2/repository/javax/activation/activation/1.1/activation-1.1.jar:/home/tdurieux/.m2/repository/org/codehaus/jackson/jackson-jaxrs/1.7.1/jackson-jaxrs-1.7.1.jar:/home/tdurieux/.m2/repository/org/powermock/powermock-api-easymock/1.5/powermock-api-easymock-1.5.jar:/home/tdurieux/.m2/repository/log4j/log4j/1.2.16/log4j-1.2.16.jar:/home/tdurieux/.m2/repository/org/apache/accumulo/accumulo-start/1.5.2-SNAPSHOT/accumulo-start-1.5.2-SNAPSHOT.jar:/home/tdurieux/.m2/repository/org/apache/accumulo/accumulo-test/1.5.2-SNAPSHOT/accumulo-test-1.5.2-SNAPSHOT.jar:/home/tdurieux/.m2/repository/commons-httpclient/commons-httpclient/3.0.1/commons-httpclient-3.0.1.jar:/home/tdurieux/.m2/repository/com/google/guava/guava/14.0.1/guava-14.0.1.jar:/home/tdurieux/.m2/repository/commons-logging/commons-logging/1.1.1/commons-logging-1.1.1.jar:/home/tdurieux/.m2/repository/org/apache/maven/scm/maven-scm-api/1.4/maven-scm-api-1.4.jar:/home/tdurieux/.m2/repository/org/apache/accumulo/accumulo-trace/1.5.2-SNAPSHOT/accumulo-trace-1.5.2-SNAPSHOT.jar:/home/tdurieux/.m2/repository/org/apache/zookeeper/zookeeper/3.3.6/zookeeper-3.3.6.jar:/home/tdurieux/.m2/repository/org/apache/accumulo/accumulo-examples-simple/1.5.2-SNAPSHOT/accumulo-examples-simple-1.5.2-SNAPSHOT.jar:/home/tdurieux/.m2/repository/org/objenesis/objenesis/1.2/objenesis-1.2.jar:/home/tdurieux/.m2/repository/commons-beanutils/commons-beanutils-core/1.8.0/commons-beanutils-core-1.8.0.jar:/home/tdurieux/.m2/repository/javax/ws/rs/jsr311-api/1.1.1/jsr311-api-1.1.1.jar:/home/tdurieux/.m2/repository/org/apache/accumulo/accumulo-fate/1.5.2-SNAPSHOT/accumulo-fate-1.5.2-SNAPSHOT.jar:/home/tdurieux/.m2/repository/org/slf4j/slf4j-api/1.4.3/slf4j-api-1.4.3.jar:/home/tdurieux/.m2/repository/commons-cli/commons-cli/1.2/commons-cli-1.2.jar:/home/tdurieux/.m2/repository/org/apache/thrift/libthrift/0.9.0/libthrift-0.9.0.jar:/home/tdurieux/.m2/repository/org/javassist/javassist/3.17.1-GA/javassist-3.17.1-GA.jar:/home/tdurieux/.m2/repository/org/apache/hadoop/hadoop-core/1.2.1/hadoop-core-1.2.1.jar:/home/tdurieux/.m2/repository/org/mortbay/jetty/jetty/6.1.26/jetty-6.1.26.jar:/home/tdurieux/.m2/repository/org/apache/hadoop/hadoop-client/1.2.1/hadoop-client-1.2.1.jar:/home/tdurieux/.m2/repository/org/apache/ftpserver/ftplet-api/1.0.0/ftplet-api-1.0.0.jar:/home/tdurieux/.m2/repository/org/apache/maven/scm/maven-scm-provider-svnexe/1.4/maven-scm-provider-svnexe-1.4.jar:/home/tdurieux/.m2/repository/org/hamcrest/hamcrest-core/1.3/hamcrest-core-1.3.jar:/home/tdurieux/.m2/repository/org/mortbay/jetty/servlet-api/2.5-20081211/servlet-api-2.5-20081211.jar:/home/tdurieux/.m2/repository/org/powermock/powermock-reflect/1.5/powermock-reflect-1.5.jar:/home/tdurieux/.m2/repository/org/apache/hadoop/hadoop-tools/1.2.1/hadoop-tools-1.2.1.jar:/home/tdurieux/.m2/repository/org/apache/mina/mina-core/2.0.0-M5/mina-core-2.0.0-M5.jar:/home/tdurieux/.m2/repository/org/apache/ftpserver/ftpserver-core/1.0.0/ftpserver-core-1.0.0.jar:/home/tdurieux/.m2/repository/com/sun/jersey/jersey-core/1.8/jersey-core-1.8.jar:/home/tdurieux/.m2/repository/javax/xml/stream/stax-api/1.0-2/stax-api-1.0-2.jar:/home/tdurieux/.m2/repository/commons-net/commons-net/1.4.1/commons-net-1.4.1.jar:/home/tdurieux/.m2/repository/junit/junit/4.11/junit-4.11.jar:/home/tdurieux/.m2/repository/commons-configuration/commons-configuration/1.6/commons-configuration-1.6.jar:/home/tdurieux/.m2/repository/org/powermock/powermock-core/1.5/powermock-core-1.5.jar:/home/tdurieux/.m2/repository/org/codehaus/jackson/jackson-core-asl/1.7.1/jackson-core-asl-1.7.1.jar:/home/tdurieux/.m2/repository/org/apache/hadoop/hadoop-test/1.2.1/hadoop-test-1.2.1.jar:/home/tdurieux/.m2/repository/commons-digester/commons-digester/1.8/commons-digester-1.8.jar:/home/tdurieux/.m2/repository/org/codehaus/jackson/jackson-mapper-asl/1.8.8/jackson-mapper-asl-1.8.8.jar:/home/tdurieux/.m2/repository/org/apache/hadoop/hadoop-minicluster/1.2.1/hadoop-minicluster-1.2.1.jar:/home/tdurieux/.m2/repository/org/slf4j/slf4j-log4j12/1.4.3/slf4j-log4j12-1.4.3.jar:/home/tdurieux/.m2/repository/oro/oro/2.0.8/oro-2.0.8.jar:/home/tdurieux/.m2/repository/commons-lang/commons-lang/2.4/commons-lang-2.4.jar:/home/tdurieux/.m2/repository/org/apache/accumulo/accumulo-minicluster/1.5.2-SNAPSHOT/accumulo-minicluster-1.5.2-SNAPSHOT.jar:/home/tdurieux/.m2/repository/org/apache/accumulo/accumulo-server/1.5.2-SNAPSHOT/accumulo-server-1.5.2-SNAPSHOT.jar:/home/tdurieux/.m2/repository/org/codehaus/plexus/plexus-utils/1.5.6/plexus-utils-1.5.6.jar:/home/tdurieux/.m2/repository/javax/xml/bind/jaxb-api/2.2.2/jaxb-api-2.2.2.jar:/home/tdurieux/.m2/repository/org/apache/maven/scm/maven-scm-provider-svn-commons/1.4/maven-scm-provider-svn-commons-1.4.jar:/home/tdurieux/.m2/repository/org/apache/accumulo/accumulo-proxy/1.5.2-SNAPSHOT/accumulo-proxy-1.5.2-SNAPSHOT.jar:/home/tdurieux/.m2/repository/commons-codec/commons-codec/1.4/commons-codec-1.4.jar:/home/tdurieux/.m2/repository/org/apache/commons/commons-math/2.1/commons-math-2.1.jar:/home/tdurieux/.m2/repository/org/powermock/powermock-module-junit4-common/1.5/powermock-module-junit4-common-1.5.jar:/home/tdurieux/.m2/repository/commons-beanutils/commons-beanutils/1.7.0/commons-beanutils-1.7.0.jar:/home/tdurieux/.m2/repository/commons-collections/commons-collections/3.2.1/commons-collections-3.2.1.jar:/home/tdurieux/defects4j4repair/script/../repair_tools/nopol.jar";
	echo "\n\nNode: `hostname`\n";
	echo "\n\nDate: `date`\n";
Picked up JAVA_TOOL_OPTIONS: -Dfile.encoding=UTF8 -Duser.language=en-US -Duser.country=US -Duser.language=en
16:53:41.618 [main] INFO  fr.inria.lille.repair.nopol.NoPol - Source files: [core/src/main/java]
16:53:41.713 [main] INFO  fr.inria.lille.repair.nopol.NoPol - Classpath: [file:/tmp/DynaMoth_Bugs.jar_Accumulo_2fd7633f/core/target/classes/, file:/tmp/DynaMoth_Bugs.jar_Accumulo_2fd7633f/core/target/test-classes/, file:/tmp/DynaMoth_Bugs.jar_Accumulo_2fd7633f/trace/target/classes/, file:/tmp/DynaMoth_Bugs.jar_Accumulo_2fd7633f/fate/target/classes/, file:/tmp/DynaMoth_Bugs.jar_Accumulo_2fd7633f/start/target/classes/, file:/tmp/DynaMoth_Bugs.jar_Accumulo_2fd7633f/server/target/classes/, file:/tmp/DynaMoth_Bugs.jar_Accumulo_2fd7633f/examples/simple/target/classes/, file:/tmp/DynaMoth_Bugs.jar_Accumulo_2fd7633f/minicluster/target/classes/, file:/tmp/DynaMoth_Bugs.jar_Accumulo_2fd7633f/test/target/classes/, file:/tmp/DynaMoth_Bugs.jar_Accumulo_2fd7633f/proxy/target/classes/, file:/home/tdurieux/.m2/repository/org/powermock/powermock-api-support/1.5/powermock-api-support-1.5.jar, file:/home/tdurieux/.m2/repository/com/sun/jersey/jersey-server/1.0/jersey-server-1.0.jar, file:/home/tdurieux/.m2/repository/xmlenc/xmlenc/0.52/xmlenc-0.52.jar, file:/home/tdurieux/.m2/repository/hsqldb/hsqldb/1.8.0.10/hsqldb-1.8.0.10.jar, file:/home/tdurieux/.m2/repository/org/mortbay/jetty/jetty-util/6.1.26/jetty-util-6.1.26.jar, file:/home/tdurieux/.m2/repository/stax/stax-api/1.0.1/stax-api-1.0.1.jar, file:/home/tdurieux/.m2/repository/regexp/regexp/1.3/regexp-1.3.jar, file:/home/tdurieux/.m2/repository/org/codehaus/jettison/jettison/1.1/jettison-1.1.jar, file:/home/tdurieux/.m2/repository/jline/jline/1.0/jline-1.0.jar, file:/home/tdurieux/.m2/repository/com/sun/xml/bind/jaxb-impl/2.2.3-1/jaxb-impl-2.2.3-1.jar, file:/home/tdurieux/.m2/repository/org/apache/commons/commons-vfs2/2.0/commons-vfs2-2.0.jar, file:/home/tdurieux/.m2/repository/com/sun/jersey/jersey-json/1.8/jersey-json-1.8.jar, file:/home/tdurieux/.m2/repository/com/sun/jersey/jersey-server/1.8/jersey-server-1.8.jar, file:/home/tdurieux/.m2/repository/com/google/code/gson/gson/2.2.2/gson-2.2.2.jar, file:/home/tdurieux/.m2/repository/javax/servlet/servlet-api/2.5/servlet-api-2.5.jar, file:/home/tdurieux/.m2/repository/commons-io/commons-io/2.1/commons-io-2.1.jar, file:/home/tdurieux/.m2/repository/org/apache/accumulo/accumulo-core/1.5.2-SNAPSHOT/accumulo-core-1.5.2-SNAPSHOT.jar, file:/home/tdurieux/.m2/repository/org/codehaus/jackson/jackson-xc/1.7.1/jackson-xc-1.7.1.jar, file:/home/tdurieux/.m2/repository/org/apache/ftpserver/ftpserver-deprecated/1.0.0-M2/ftpserver-deprecated-1.0.0-M2.jar, file:/home/tdurieux/.m2/repository/asm/asm/3.1/asm-3.1.jar, file:/home/tdurieux/.m2/repository/commons-el/commons-el/1.0/commons-el-1.0.jar, file:/home/tdurieux/.m2/repository/com/beust/jcommander/1.30/jcommander-1.30.jar, file:/home/tdurieux/.m2/repository/org/powermock/powermock-module-junit4/1.5/powermock-module-junit4-1.5.jar, file:/home/tdurieux/.m2/repository/cglib/cglib-nodep/2.2.2/cglib-nodep-2.2.2.jar, file:/home/tdurieux/.m2/repository/org/easymock/easymock/3.1/easymock-3.1.jar, file:/home/tdurieux/.m2/repository/javax/activation/activation/1.1/activation-1.1.jar, file:/home/tdurieux/.m2/repository/org/codehaus/jackson/jackson-jaxrs/1.7.1/jackson-jaxrs-1.7.1.jar, file:/home/tdurieux/.m2/repository/org/powermock/powermock-api-easymock/1.5/powermock-api-easymock-1.5.jar, file:/home/tdurieux/.m2/repository/log4j/log4j/1.2.16/log4j-1.2.16.jar, file:/home/tdurieux/.m2/repository/org/apache/accumulo/accumulo-start/1.5.2-SNAPSHOT/accumulo-start-1.5.2-SNAPSHOT.jar, file:/home/tdurieux/.m2/repository/org/apache/accumulo/accumulo-test/1.5.2-SNAPSHOT/accumulo-test-1.5.2-SNAPSHOT.jar, file:/home/tdurieux/.m2/repository/commons-httpclient/commons-httpclient/3.0.1/commons-httpclient-3.0.1.jar, file:/home/tdurieux/.m2/repository/com/google/guava/guava/14.0.1/guava-14.0.1.jar, file:/home/tdurieux/.m2/repository/commons-logging/commons-logging/1.1.1/commons-logging-1.1.1.jar, file:/home/tdurieux/.m2/repository/org/apache/maven/scm/maven-scm-api/1.4/maven-scm-api-1.4.jar, file:/home/tdurieux/.m2/repository/org/apache/accumulo/accumulo-trace/1.5.2-SNAPSHOT/accumulo-trace-1.5.2-SNAPSHOT.jar, file:/home/tdurieux/.m2/repository/org/apache/zookeeper/zookeeper/3.3.6/zookeeper-3.3.6.jar, file:/home/tdurieux/.m2/repository/org/apache/accumulo/accumulo-examples-simple/1.5.2-SNAPSHOT/accumulo-examples-simple-1.5.2-SNAPSHOT.jar, file:/home/tdurieux/.m2/repository/org/objenesis/objenesis/1.2/objenesis-1.2.jar, file:/home/tdurieux/.m2/repository/commons-beanutils/commons-beanutils-core/1.8.0/commons-beanutils-core-1.8.0.jar, file:/home/tdurieux/.m2/repository/javax/ws/rs/jsr311-api/1.1.1/jsr311-api-1.1.1.jar, file:/home/tdurieux/.m2/repository/org/apache/accumulo/accumulo-fate/1.5.2-SNAPSHOT/accumulo-fate-1.5.2-SNAPSHOT.jar, file:/home/tdurieux/.m2/repository/org/slf4j/slf4j-api/1.4.3/slf4j-api-1.4.3.jar, file:/home/tdurieux/.m2/repository/commons-cli/commons-cli/1.2/commons-cli-1.2.jar, file:/home/tdurieux/.m2/repository/org/apache/thrift/libthrift/0.9.0/libthrift-0.9.0.jar, file:/home/tdurieux/.m2/repository/org/javassist/javassist/3.17.1-GA/javassist-3.17.1-GA.jar, file:/home/tdurieux/.m2/repository/org/apache/hadoop/hadoop-core/1.2.1/hadoop-core-1.2.1.jar, file:/home/tdurieux/.m2/repository/org/mortbay/jetty/jetty/6.1.26/jetty-6.1.26.jar, file:/home/tdurieux/.m2/repository/org/apache/hadoop/hadoop-client/1.2.1/hadoop-client-1.2.1.jar, file:/home/tdurieux/.m2/repository/org/apache/ftpserver/ftplet-api/1.0.0/ftplet-api-1.0.0.jar, file:/home/tdurieux/.m2/repository/org/apache/maven/scm/maven-scm-provider-svnexe/1.4/maven-scm-provider-svnexe-1.4.jar, file:/home/tdurieux/.m2/repository/org/hamcrest/hamcrest-core/1.3/hamcrest-core-1.3.jar, file:/home/tdurieux/.m2/repository/org/mortbay/jetty/servlet-api/2.5-20081211/servlet-api-2.5-20081211.jar, file:/home/tdurieux/.m2/repository/org/powermock/powermock-reflect/1.5/powermock-reflect-1.5.jar, file:/home/tdurieux/.m2/repository/org/apache/hadoop/hadoop-tools/1.2.1/hadoop-tools-1.2.1.jar, file:/home/tdurieux/.m2/repository/org/apache/mina/mina-core/2.0.0-M5/mina-core-2.0.0-M5.jar, file:/home/tdurieux/.m2/repository/org/apache/ftpserver/ftpserver-core/1.0.0/ftpserver-core-1.0.0.jar, file:/home/tdurieux/.m2/repository/com/sun/jersey/jersey-core/1.8/jersey-core-1.8.jar, file:/home/tdurieux/.m2/repository/javax/xml/stream/stax-api/1.0-2/stax-api-1.0-2.jar, file:/home/tdurieux/.m2/repository/commons-net/commons-net/1.4.1/commons-net-1.4.1.jar, file:/home/tdurieux/.m2/repository/junit/junit/4.11/junit-4.11.jar, file:/home/tdurieux/.m2/repository/commons-configuration/commons-configuration/1.6/commons-configuration-1.6.jar, file:/home/tdurieux/.m2/repository/org/powermock/powermock-core/1.5/powermock-core-1.5.jar, file:/home/tdurieux/.m2/repository/org/codehaus/jackson/jackson-core-asl/1.7.1/jackson-core-asl-1.7.1.jar, file:/home/tdurieux/.m2/repository/org/apache/hadoop/hadoop-test/1.2.1/hadoop-test-1.2.1.jar, file:/home/tdurieux/.m2/repository/commons-digester/commons-digester/1.8/commons-digester-1.8.jar, file:/home/tdurieux/.m2/repository/org/codehaus/jackson/jackson-mapper-asl/1.8.8/jackson-mapper-asl-1.8.8.jar, file:/home/tdurieux/.m2/repository/org/apache/hadoop/hadoop-minicluster/1.2.1/hadoop-minicluster-1.2.1.jar, file:/home/tdurieux/.m2/repository/org/slf4j/slf4j-log4j12/1.4.3/slf4j-log4j12-1.4.3.jar, file:/home/tdurieux/.m2/repository/oro/oro/2.0.8/oro-2.0.8.jar, file:/home/tdurieux/.m2/repository/commons-lang/commons-lang/2.4/commons-lang-2.4.jar, file:/home/tdurieux/.m2/repository/org/apache/accumulo/accumulo-minicluster/1.5.2-SNAPSHOT/accumulo-minicluster-1.5.2-SNAPSHOT.jar, file:/home/tdurieux/.m2/repository/org/apache/accumulo/accumulo-server/1.5.2-SNAPSHOT/accumulo-server-1.5.2-SNAPSHOT.jar, file:/home/tdurieux/.m2/repository/org/codehaus/plexus/plexus-utils/1.5.6/plexus-utils-1.5.6.jar, file:/home/tdurieux/.m2/repository/javax/xml/bind/jaxb-api/2.2.2/jaxb-api-2.2.2.jar, file:/home/tdurieux/.m2/repository/org/apache/maven/scm/maven-scm-provider-svn-commons/1.4/maven-scm-provider-svn-commons-1.4.jar, file:/home/tdurieux/.m2/repository/org/apache/accumulo/accumulo-proxy/1.5.2-SNAPSHOT/accumulo-proxy-1.5.2-SNAPSHOT.jar, file:/home/tdurieux/.m2/repository/commons-codec/commons-codec/1.4/commons-codec-1.4.jar, file:/home/tdurieux/.m2/repository/org/apache/commons/commons-math/2.1/commons-math-2.1.jar, file:/home/tdurieux/.m2/repository/org/powermock/powermock-module-junit4-common/1.5/powermock-module-junit4-common-1.5.jar, file:/home/tdurieux/.m2/repository/commons-beanutils/commons-beanutils/1.7.0/commons-beanutils-1.7.0.jar, file:/home/tdurieux/.m2/repository/commons-collections/commons-collections/3.2.1/commons-collections-3.2.1.jar, file:/home/tdurieux/defects4j4repair/script/../repair_tools/nopol.jar]
16:53:41.713 [main] INFO  fr.inria.lille.repair.nopol.NoPol - Statement type: PRE_THEN_COND
16:53:41.713 [main] INFO  fr.inria.lille.repair.nopol.NoPol - Args: [org.apache.accumulo.core.cli.TestClientOpts, org.apache.accumulo.core.cli.TestHelp, org.apache.accumulo.core.client.BatchWriterConfigTest, org.apache.accumulo.core.client.ClientSideIteratorTest, org.apache.accumulo.core.client.IteratorSettingTest, org.apache.accumulo.core.client.RowIteratorTest, org.apache.accumulo.core.client.TestThrift1474, org.apache.accumulo.core.client.admin.FindMaxTest, org.apache.accumulo.core.client.admin.TableOperationsHelperTest, org.apache.accumulo.core.client.impl.ScannerOptionsTest, org.apache.accumulo.core.client.impl.TabletLocatorImplTest, org.apache.accumulo.core.client.mapred.AccumuloFileOutputFormatTest, org.apache.accumulo.core.client.mapred.AccumuloInputFormatTest, org.apache.accumulo.core.client.mapred.AccumuloOutputFormatTest, org.apache.accumulo.core.client.mapred.AccumuloRowInputFormatTest, org.apache.accumulo.core.client.mapred.RangeInputSplitTest, org.apache.accumulo.core.client.mapreduce.AccumuloFileOutputFormatTest, org.apache.accumulo.core.client.mapreduce.AccumuloInputFormatTest, org.apache.accumulo.core.client.mapreduce.AccumuloOutputFormatTest, org.apache.accumulo.core.client.mapreduce.AccumuloRowInputFormatTest, org.apache.accumulo.core.client.mapreduce.RangeInputSplitTest, org.apache.accumulo.core.client.mapreduce.lib.partition.RangePartitionerTest, org.apache.accumulo.core.client.mock.MockConnectorTest, org.apache.accumulo.core.client.mock.MockTableOperationsTest, org.apache.accumulo.core.client.mock.TestBatchScanner821, org.apache.accumulo.core.client.security.SecurityErrorCodeTest, org.apache.accumulo.core.client.security.tokens.PasswordTokenTest, org.apache.accumulo.core.conf.AccumuloConfigurationTest, org.apache.accumulo.core.conf.PropertyTest, org.apache.accumulo.core.data.ColumnTest, org.apache.accumulo.core.data.KeyExtentTest, org.apache.accumulo.core.data.KeyTest, org.apache.accumulo.core.data.MutationTest, org.apache.accumulo.core.data.RangeTest, org.apache.accumulo.core.file.FileOperationsTest, org.apache.accumulo.core.file.blockfile.cache.TestCachedBlockQueue, org.apache.accumulo.core.file.blockfile.cache.TestLruBlockCache, org.apache.accumulo.core.file.rfile.BlockIndexTest, org.apache.accumulo.core.file.rfile.MultiLevelIndexTest, org.apache.accumulo.core.file.rfile.RFileTest, org.apache.accumulo.core.file.rfile.RelativeKeyTest, org.apache.accumulo.core.iterators.AggregatingIteratorTest, org.apache.accumulo.core.iterators.FirstEntryInRowIteratorTest, org.apache.accumulo.core.iterators.FirstEntryInRowTest, org.apache.accumulo.core.iterators.IterUtilTest, org.apache.accumulo.core.iterators.aggregation.NumSummationTest, org.apache.accumulo.core.iterators.aggregation.conf.AggregatorConfigurationTest, org.apache.accumulo.core.iterators.system.ColumnFamilySkippingIteratorTest, org.apache.accumulo.core.iterators.system.ColumnFilterTest, org.apache.accumulo.core.iterators.system.DeletingIteratorTest, org.apache.accumulo.core.iterators.system.MultiIteratorTest, org.apache.accumulo.core.iterators.system.SourceSwitchingIteratorTest, org.apache.accumulo.core.iterators.system.TimeSettingIteratorTest, org.apache.accumulo.core.iterators.system.VisibilityFilterTest, org.apache.accumulo.core.iterators.user.BigDecimalCombinerTest, org.apache.accumulo.core.iterators.user.ColumnSliceFilterTest, org.apache.accumulo.core.iterators.user.CombinerTest, org.apache.accumulo.core.iterators.user.FilterTest, org.apache.accumulo.core.iterators.user.GrepIteratorTest, org.apache.accumulo.core.iterators.user.IndexedDocIteratorTest, org.apache.accumulo.core.iterators.user.IntersectingIteratorTest, org.apache.accumulo.core.iterators.user.LargeRowFilterTest, org.apache.accumulo.core.iterators.user.RegExFilterTest, org.apache.accumulo.core.iterators.user.RowDeletingIteratorTest, org.apache.accumulo.core.iterators.user.RowFilterTest, org.apache.accumulo.core.iterators.user.TransformingIteratorTest, org.apache.accumulo.core.iterators.user.VersioningIteratorTest, org.apache.accumulo.core.iterators.user.VisibilityFilterTest, org.apache.accumulo.core.iterators.user.WholeRowIteratorTest, org.apache.accumulo.core.security.AuthorizationsTest, org.apache.accumulo.core.security.ColumnVisibilityTest, org.apache.accumulo.core.security.VisibilityEvaluatorTest, org.apache.accumulo.core.util.AddressUtilTest, org.apache.accumulo.core.util.LocalityGroupUtilTest, org.apache.accumulo.core.util.MergeTest, org.apache.accumulo.core.util.MetadataTableTest, org.apache.accumulo.core.util.StatTest, org.apache.accumulo.core.util.TestStringUtil, org.apache.accumulo.core.util.TestVersion, org.apache.accumulo.core.util.TextUtilTest, org.apache.accumulo.core.util.shell.ShellTest, org.apache.accumulo.core.util.shell.TableDiskUsageTest, org.apache.accumulo.core.util.shell.command.FormatterCommandTest]
16:53:41.715 [main] INFO  fr.inria.lille.repair.nopol.NoPol - Config: Config{synthesisDepth=3, collectStaticMethods=true, collectStaticFields=false, collectLiterals=false, onlyOneSynthesisResult=true, sortExpressions=true, maxLineInvocationPerTest=250, timeoutMethodInvocation=2000, dataCollectionTimeoutInSecondForSynthesis=900, addWeight=0.19478, subWeight=0.04554, mulWeight=0.0102, divWeight=0.00613, andWeight=0.10597, orWeight=0.05708, eqWeight=0.22798, nEqWeight=0.0, lessEqWeight=0.0255, lessWeight=0.0947, methodCallWeight=0.1, fieldAccessWeight=0.08099, constantWeight=0.14232, variableWeight=0.05195, mode=REPAIR, type=PRE_THEN_COND, synthesis=DYNAMOTH, oracle=ANGELIC, solver=Z3, solverPath='/home/tdurieux/defects4j4repair/script/../libs/z3/build/z3', projectSources=[core/src/main/java], projectClasspath='[Ljava.net.URL;@2ff4f00f', projectTests=[org.apache.accumulo.core.cli.TestClientOpts, org.apache.accumulo.core.cli.TestHelp, org.apache.accumulo.core.client.BatchWriterConfigTest, org.apache.accumulo.core.client.ClientSideIteratorTest, org.apache.accumulo.core.client.IteratorSettingTest, org.apache.accumulo.core.client.RowIteratorTest, org.apache.accumulo.core.client.TestThrift1474, org.apache.accumulo.core.client.admin.FindMaxTest, org.apache.accumulo.core.client.admin.TableOperationsHelperTest, org.apache.accumulo.core.client.impl.ScannerOptionsTest, org.apache.accumulo.core.client.impl.TabletLocatorImplTest, org.apache.accumulo.core.client.mapred.AccumuloFileOutputFormatTest, org.apache.accumulo.core.client.mapred.AccumuloInputFormatTest, org.apache.accumulo.core.client.mapred.AccumuloOutputFormatTest, org.apache.accumulo.core.client.mapred.AccumuloRowInputFormatTest, org.apache.accumulo.core.client.mapred.RangeInputSplitTest, org.apache.accumulo.core.client.mapreduce.AccumuloFileOutputFormatTest, org.apache.accumulo.core.client.mapreduce.AccumuloInputFormatTest, org.apache.accumulo.core.client.mapreduce.AccumuloOutputFormatTest, org.apache.accumulo.core.client.mapreduce.AccumuloRowInputFormatTest, org.apache.accumulo.core.client.mapreduce.RangeInputSplitTest, org.apache.accumulo.core.client.mapreduce.lib.partition.RangePartitionerTest, org.apache.accumulo.core.client.mock.MockConnectorTest, org.apache.accumulo.core.client.mock.MockTableOperationsTest, org.apache.accumulo.core.client.mock.TestBatchScanner821, org.apache.accumulo.core.client.security.SecurityErrorCodeTest, org.apache.accumulo.core.client.security.tokens.PasswordTokenTest, org.apache.accumulo.core.conf.AccumuloConfigurationTest, org.apache.accumulo.core.conf.PropertyTest, org.apache.accumulo.core.data.ColumnTest, org.apache.accumulo.core.data.KeyExtentTest, org.apache.accumulo.core.data.KeyTest, org.apache.accumulo.core.data.MutationTest, org.apache.accumulo.core.data.RangeTest, org.apache.accumulo.core.file.FileOperationsTest, org.apache.accumulo.core.file.blockfile.cache.TestCachedBlockQueue, org.apache.accumulo.core.file.blockfile.cache.TestLruBlockCache, org.apache.accumulo.core.file.rfile.BlockIndexTest, org.apache.accumulo.core.file.rfile.MultiLevelIndexTest, org.apache.accumulo.core.file.rfile.RFileTest, org.apache.accumulo.core.file.rfile.RelativeKeyTest, org.apache.accumulo.core.iterators.AggregatingIteratorTest, org.apache.accumulo.core.iterators.FirstEntryInRowIteratorTest, org.apache.accumulo.core.iterators.FirstEntryInRowTest, org.apache.accumulo.core.iterators.IterUtilTest, org.apache.accumulo.core.iterators.aggregation.NumSummationTest, org.apache.accumulo.core.iterators.aggregation.conf.AggregatorConfigurationTest, org.apache.accumulo.core.iterators.system.ColumnFamilySkippingIteratorTest, org.apache.accumulo.core.iterators.system.ColumnFilterTest, org.apache.accumulo.core.iterators.system.DeletingIteratorTest, org.apache.accumulo.core.iterators.system.MultiIteratorTest, org.apache.accumulo.core.iterators.system.SourceSwitchingIteratorTest, org.apache.accumulo.core.iterators.system.TimeSettingIteratorTest, org.apache.accumulo.core.iterators.system.VisibilityFilterTest, org.apache.accumulo.core.iterators.user.BigDecimalCombinerTest, org.apache.accumulo.core.iterators.user.ColumnSliceFilterTest, org.apache.accumulo.core.iterators.user.CombinerTest, org.apache.accumulo.core.iterators.user.FilterTest, org.apache.accumulo.core.iterators.user.GrepIteratorTest, org.apache.accumulo.core.iterators.user.IndexedDocIteratorTest, org.apache.accumulo.core.iterators.user.IntersectingIteratorTest, org.apache.accumulo.core.iterators.user.LargeRowFilterTest, org.apache.accumulo.core.iterators.user.RegExFilterTest, org.apache.accumulo.core.iterators.user.RowDeletingIteratorTest, org.apache.accumulo.core.iterators.user.RowFilterTest, org.apache.accumulo.core.iterators.user.TransformingIteratorTest, org.apache.accumulo.core.iterators.user.VersioningIteratorTest, org.apache.accumulo.core.iterators.user.VisibilityFilterTest, org.apache.accumulo.core.iterators.user.WholeRowIteratorTest, org.apache.accumulo.core.security.AuthorizationsTest, org.apache.accumulo.core.security.ColumnVisibilityTest, org.apache.accumulo.core.security.VisibilityEvaluatorTest, org.apache.accumulo.core.util.AddressUtilTest, org.apache.accumulo.core.util.LocalityGroupUtilTest, org.apache.accumulo.core.util.MergeTest, org.apache.accumulo.core.util.MetadataTableTest, org.apache.accumulo.core.util.StatTest, org.apache.accumulo.core.util.TestStringUtil, org.apache.accumulo.core.util.TestVersion, org.apache.accumulo.core.util.TextUtilTest, org.apache.accumulo.core.util.shell.ShellTest, org.apache.accumulo.core.util.shell.TableDiskUsageTest, org.apache.accumulo.core.util.shell.command.FormatterCommandTest], complianceLevel=7, outputFolder=., json=true}
16:53:41.716 [main] INFO  fr.inria.lille.repair.nopol.NoPol - Available processors (cores): 4
16:53:41.722 [main] INFO  fr.inria.lille.repair.nopol.NoPol - Free memory: 868 MB
16:53:41.723 [main] INFO  fr.inria.lille.repair.nopol.NoPol - Maximum memory: 3 GB
16:53:41.723 [main] INFO  fr.inria.lille.repair.nopol.NoPol - Total memory available to JVM: 981 MB
16:53:41.723 [main] INFO  fr.inria.lille.repair.nopol.NoPol - Java version: 1.8.0_181
16:53:41.724 [main] INFO  fr.inria.lille.repair.nopol.NoPol - JAVA_HOME: /usr/lib/jvm/java-1.8.0-openjdk-amd64/bin/
16:53:41.724 [main] INFO  fr.inria.lille.repair.nopol.NoPol - PATH: /usr/lib/jvm/java-1.8.0-openjdk-amd64/bin/:/usr/lib/oar/oardodo:/usr/lib/oar/oardodo:/usr/local/bin:/usr/bin:/bin:/usr/games
16:54:21.042 [pool-2-thread-1] DEBUG fr.inria.lille.repair.nopol.NoPol - statement #1
16:54:21.042 [pool-2-thread-1] DEBUG fr.inria.lille.repair.nopol.NoPol - Analysing SourceLocation org.apache.accumulo.core.client.IteratorSetting:319 which is executed by 2 tests
5676515
16:54:21.594 [pool-2-thread-1] DEBUG fr.inria.lille.repair.nopol.NoPol - statement #2
16:54:21.595 [pool-2-thread-1] DEBUG fr.inria.lille.repair.nopol.NoPol - Analysing SourceLocation org.apache.accumulo.core.client.IteratorSetting:318 which is executed by 2 tests
5676515
16:54:21.886 [pool-2-thread-1] DEBUG fr.inria.lille.repair.nopol.NoPol - looking with class fr.inria.lille.repair.nopol.spoon.smt.ConditionalAdder
java.lang.AssertionError: expected:<[name:SummingCombiner, priority:50, class:org.apache.accumulo.core.iterators.user.SummingCombiner, properties:{foo=bar}, name:WholeRowIterator, priority:100, class:org.apache.accumulo.core.iterators.user.WholeRowIterator, properties:{bar=foo}]> but was:<null>
    at org.junit.Assert.fail(Assert.java:88)
    at org.junit.Assert.failNotEquals(Assert.java:743)
    at org.junit.Assert.assertEquals(Assert.java:118)
    at org.junit.Assert.assertEquals(Assert.java:144)
    at org.apache.accumulo.core.client.mapreduce.RangeInputSplitTest.testAllFieldsWritable(RangeInputSplitTest.java:117)
    at sun.reflect.NativeMethodAccessorImpl.invoke0(Native Method)
java.lang.AssertionError: expected:<[name:SummingCombiner, priority:50, class:org.apache.accumulo.core.iterators.user.SummingCombiner, properties:{foo=bar}, name:WholeRowIterator, priority:100, class:org.apache.accumulo.core.iterators.user.WholeRowIterator, properties:{bar=foo}]> but was:<null>
    at org.junit.Assert.fail(Assert.java:88)
    at org.junit.Assert.failNotEquals(Assert.java:743)
    at org.junit.Assert.assertEquals(Assert.java:118)
    at org.junit.Assert.assertEquals(Assert.java:144)
    at org.apache.accumulo.core.client.mapred.RangeInputSplitTest.testAllFieldsWritable(RangeInputSplitTest.java:117)
    at sun.reflect.NativeMethodAccessorImpl.invoke0(Native Method)
16:54:22.002 [pool-4-thread-1] INFO  xxl.java.junit.TestCasesListener - Tests run finished (83 ms)
<> Total tests run: 4
<> Ignored tests: 0
<> Failed tests: 2
~ testAllFieldsWritable(org.apache.accumulo.core.client.mapreduce.RangeInputSplitTest)
[expected:<[name:SummingCombiner, priority:50, class:org.apache.accumulo.core.iterators.user.SummingCombiner, properties:{foo=bar}, name:WholeRowIterator, priority:100, class:org.apache.accumulo.core.iterators.user.WholeRowIterator, properties:{bar=foo}]> but was:<null>]
java.lang.AssertionError: expected:<[name:SummingCombiner, priority:50, class:org.apache.accumulo.core.iterators.user.SummingCombiner, properties:{foo=bar}, name:WholeRowIterator, priority:100, class:org.apache.accumulo.core.iterators.user.WholeRowIterator, properties:{bar=foo}]> but was:<null>    at org.junit.Assert.fail(Assert.java:88)
    at org.junit.Assert.failNotEquals(Assert.java:743)
    at org.junit.Assert.assertEquals(Assert.java:118)
    at org.junit.Assert.assertEquals(Assert.java:144)
    at org.apache.accumulo.core.client.mapreduce.RangeInputSplitTest.testAllFieldsWritable(RangeInputSplitTest.java:117)
    at sun.reflect.NativeMethodAccessorImpl.invoke0(Native Method)
~ testAllFieldsWritable(org.apache.accumulo.core.client.mapred.RangeInputSplitTest)
[expected:<[name:SummingCombiner, priority:50, class:org.apache.accumulo.core.iterators.user.SummingCombiner, properties:{foo=bar}, name:WholeRowIterator, priority:100, class:org.apache.accumulo.core.iterators.user.WholeRowIterator, properties:{bar=foo}]> but was:<null>]
java.lang.AssertionError: expected:<[name:SummingCombiner, priority:50, class:org.apache.accumulo.core.iterators.user.SummingCombiner, properties:{foo=bar}, name:WholeRowIterator, priority:100, class:org.apache.accumulo.core.iterators.user.WholeRowIterator, properties:{bar=foo}]> but was:<null>    at org.junit.Assert.fail(Assert.java:88)
    at org.junit.Assert.failNotEquals(Assert.java:743)
    at org.junit.Assert.assertEquals(Assert.java:118)
    at org.junit.Assert.assertEquals(Assert.java:144)
    at org.apache.accumulo.core.client.mapred.RangeInputSplitTest.testAllFieldsWritable(RangeInputSplitTest.java:117)
    at sun.reflect.NativeMethodAccessorImpl.invoke0(Native Method)

16:54:23.015 [pool-2-thread-1] DEBUG fr.inria.lille.repair.nopol.NoPol - statement #3
16:54:23.015 [pool-2-thread-1] DEBUG fr.inria.lille.repair.nopol.NoPol - Analysing SourceLocation org.apache.accumulo.core.client.IteratorSetting:317 which is executed by 2 tests
5676515
16:54:23.294 [pool-2-thread-1] DEBUG fr.inria.lille.repair.nopol.NoPol - looking with class fr.inria.lille.repair.nopol.spoon.smt.ConditionalAdder
java.lang.AssertionError: expected:<[name:SummingCombiner, priority:50, class:org.apache.accumulo.core.iterators.user.SummingCombiner, properties:{foo=bar}, name:WholeRowIterator, priority:100, class:org.apache.accumulo.core.iterators.user.WholeRowIterator, properties:{bar=foo}]> but was:<null>
    at org.junit.Assert.fail(Assert.java:88)
    at org.junit.Assert.failNotEquals(Assert.java:743)
    at org.junit.Assert.assertEquals(Assert.java:118)
    at org.junit.Assert.assertEquals(Assert.java:144)
    at org.apache.accumulo.core.client.mapreduce.RangeInputSplitTest.testAllFieldsWritable(RangeInputSplitTest.java:117)
    at sun.reflect.NativeMethodAccessorImpl.invoke0(Native Method)
java.lang.AssertionError: expected:<[name:SummingCombiner, priority:50, class:org.apache.accumulo.core.iterators.user.SummingCombiner, properties:{foo=bar}, name:WholeRowIterator, priority:100, class:org.apache.accumulo.core.iterators.user.WholeRowIterator, properties:{bar=foo}]> but was:<null>
    at org.junit.Assert.fail(Assert.java:88)
    at org.junit.Assert.failNotEquals(Assert.java:743)
    at org.junit.Assert.assertEquals(Assert.java:118)
    at org.junit.Assert.assertEquals(Assert.java:144)
    at org.apache.accumulo.core.client.mapred.RangeInputSplitTest.testAllFieldsWritable(RangeInputSplitTest.java:117)
    at sun.reflect.NativeMethodAccessorImpl.invoke0(Native Method)
16:54:23.387 [pool-10-thread-1] INFO  xxl.java.junit.TestCasesListener - Tests run finished (79 ms)
<> Total tests run: 4
<> Ignored tests: 0
<> Failed tests: 2
~ testAllFieldsWritable(org.apache.accumulo.core.client.mapreduce.RangeInputSplitTest)
[expected:<[name:SummingCombiner, priority:50, class:org.apache.accumulo.core.iterators.user.SummingCombiner, properties:{foo=bar}, name:WholeRowIterator, priority:100, class:org.apache.accumulo.core.iterators.user.WholeRowIterator, properties:{bar=foo}]> but was:<null>]
java.lang.AssertionError: expected:<[name:SummingCombiner, priority:50, class:org.apache.accumulo.core.iterators.user.SummingCombiner, properties:{foo=bar}, name:WholeRowIterator, priority:100, class:org.apache.accumulo.core.iterators.user.WholeRowIterator, properties:{bar=foo}]> but was:<null>    at org.junit.Assert.fail(Assert.java:88)
    at org.junit.Assert.failNotEquals(Assert.java:743)
    at org.junit.Assert.assertEquals(Assert.java:118)
    at org.junit.Assert.assertEquals(Assert.java:144)
    at org.apache.accumulo.core.client.mapreduce.RangeInputSplitTest.testAllFieldsWritable(RangeInputSplitTest.java:117)
    at sun.reflect.NativeMethodAccessorImpl.invoke0(Native Method)
~ testAllFieldsWritable(org.apache.accumulo.core.client.mapred.RangeInputSplitTest)
[expected:<[name:SummingCombiner, priority:50, class:org.apache.accumulo.core.iterators.user.SummingCombiner, properties:{foo=bar}, name:WholeRowIterator, priority:100, class:org.apache.accumulo.core.iterators.user.WholeRowIterator, properties:{bar=foo}]> but was:<null>]
java.lang.AssertionError: expected:<[name:SummingCombiner, priority:50, class:org.apache.accumulo.core.iterators.user.SummingCombiner, properties:{foo=bar}, name:WholeRowIterator, priority:100, class:org.apache.accumulo.core.iterators.user.WholeRowIterator, properties:{bar=foo}]> but was:<null>    at org.junit.Assert.fail(Assert.java:88)
    at org.junit.Assert.failNotEquals(Assert.java:743)
    at org.junit.Assert.assertEquals(Assert.java:118)
    at org.junit.Assert.assertEquals(Assert.java:144)
    at org.apache.accumulo.core.client.mapred.RangeInputSplitTest.testAllFieldsWritable(RangeInputSplitTest.java:117)
    at sun.reflect.NativeMethodAccessorImpl.invoke0(Native Method)

16:54:23.970 [pool-2-thread-1] DEBUG fr.inria.lille.repair.nopol.NoPol - statement #4
16:54:23.971 [pool-2-thread-1] DEBUG fr.inria.lille.repair.nopol.NoPol - Analysing SourceLocation org.apache.accumulo.core.client.IteratorSetting:316 which is executed by 2 tests
5676515
16:54:24.272 [pool-2-thread-1] DEBUG fr.inria.lille.repair.nopol.NoPol - looking with class fr.inria.lille.repair.nopol.spoon.smt.ConditionalAdder
java.lang.AssertionError: expected:<[name:SummingCombiner, priority:50, class:org.apache.accumulo.core.iterators.user.SummingCombiner, properties:{foo=bar}, name:WholeRowIterator, priority:100, class:org.apache.accumulo.core.iterators.user.WholeRowIterator, properties:{bar=foo}]> but was:<null>
    at org.junit.Assert.fail(Assert.java:88)
    at org.junit.Assert.failNotEquals(Assert.java:743)
    at org.junit.Assert.assertEquals(Assert.java:118)
    at org.junit.Assert.assertEquals(Assert.java:144)
    at org.apache.accumulo.core.client.mapreduce.RangeInputSplitTest.testAllFieldsWritable(RangeInputSplitTest.java:117)
    at sun.reflect.NativeMethodAccessorImpl.invoke0(Native Method)
java.lang.AssertionError: expected:<[name:SummingCombiner, priority:50, class:org.apache.accumulo.core.iterators.user.SummingCombiner, properties:{foo=bar}, name:WholeRowIterator, priority:100, class:org.apache.accumulo.core.iterators.user.WholeRowIterator, properties:{bar=foo}]> but was:<null>
    at org.junit.Assert.fail(Assert.java:88)
    at org.junit.Assert.failNotEquals(Assert.java:743)
    at org.junit.Assert.assertEquals(Assert.java:118)
    at org.junit.Assert.assertEquals(Assert.java:144)
    at org.apache.accumulo.core.client.mapred.RangeInputSplitTest.testAllFieldsWritable(RangeInputSplitTest.java:117)
    at sun.reflect.NativeMethodAccessorImpl.invoke0(Native Method)
16:54:24.425 [pool-16-thread-1] INFO  xxl.java.junit.TestCasesListener - Tests run finished (140 ms)
<> Total tests run: 4
<> Ignored tests: 0
<> Failed tests: 2
~ testAllFieldsWritable(org.apache.accumulo.core.client.mapreduce.RangeInputSplitTest)
[expected:<[name:SummingCombiner, priority:50, class:org.apache.accumulo.core.iterators.user.SummingCombiner, properties:{foo=bar}, name:WholeRowIterator, priority:100, class:org.apache.accumulo.core.iterators.user.WholeRowIterator, properties:{bar=foo}]> but was:<null>]
java.lang.AssertionError: expected:<[name:SummingCombiner, priority:50, class:org.apache.accumulo.core.iterators.user.SummingCombiner, properties:{foo=bar}, name:WholeRowIterator, priority:100, class:org.apache.accumulo.core.iterators.user.WholeRowIterator, properties:{bar=foo}]> but was:<null>    at org.junit.Assert.fail(Assert.java:88)
    at org.junit.Assert.failNotEquals(Assert.java:743)
    at org.junit.Assert.assertEquals(Assert.java:118)
    at org.junit.Assert.assertEquals(Assert.java:144)
    at org.apache.accumulo.core.client.mapreduce.RangeInputSplitTest.testAllFieldsWritable(RangeInputSplitTest.java:117)
    at sun.reflect.NativeMethodAccessorImpl.invoke0(Native Method)
~ testAllFieldsWritable(org.apache.accumulo.core.client.mapred.RangeInputSplitTest)
[expected:<[name:SummingCombiner, priority:50, class:org.apache.accumulo.core.iterators.user.SummingCombiner, properties:{foo=bar}, name:WholeRowIterator, priority:100, class:org.apache.accumulo.core.iterators.user.WholeRowIterator, properties:{bar=foo}]> but was:<null>]
java.lang.AssertionError: expected:<[name:SummingCombiner, priority:50, class:org.apache.accumulo.core.iterators.user.SummingCombiner, properties:{foo=bar}, name:WholeRowIterator, priority:100, class:org.apache.accumulo.core.iterators.user.WholeRowIterator, properties:{bar=foo}]> but was:<null>    at org.junit.Assert.fail(Assert.java:88)
    at org.junit.Assert.failNotEquals(Assert.java:743)
    at org.junit.Assert.assertEquals(Assert.java:118)
    at org.junit.Assert.assertEquals(Assert.java:144)
    at org.apache.accumulo.core.client.mapred.RangeInputSplitTest.testAllFieldsWritable(RangeInputSplitTest.java:117)
    at sun.reflect.NativeMethodAccessorImpl.invoke0(Native Method)

16:54:24.893 [pool-2-thread-1] DEBUG fr.inria.lille.repair.nopol.NoPol - statement #5
16:54:24.893 [pool-2-thread-1] DEBUG fr.inria.lille.repair.nopol.NoPol - Analysing SourceLocation org.apache.accumulo.core.client.IteratorSetting:315 which is executed by 2 tests
5676515
16:54:25.136 [pool-2-thread-1] DEBUG fr.inria.lille.repair.nopol.NoPol - looking with class fr.inria.lille.repair.nopol.spoon.smt.ConditionalAdder
java.lang.AssertionError: expected:<[name:SummingCombiner, priority:50, class:org.apache.accumulo.core.iterators.user.SummingCombiner, properties:{foo=bar}, name:WholeRowIterator, priority:100, class:org.apache.accumulo.core.iterators.user.WholeRowIterator, properties:{bar=foo}]> but was:<null>
    at org.junit.Assert.fail(Assert.java:88)
    at org.junit.Assert.failNotEquals(Assert.java:743)
    at org.junit.Assert.assertEquals(Assert.java:118)
    at org.junit.Assert.assertEquals(Assert.java:144)
    at org.apache.accumulo.core.client.mapreduce.RangeInputSplitTest.testAllFieldsWritable(RangeInputSplitTest.java:117)
    at sun.reflect.NativeMethodAccessorImpl.invoke0(Native Method)
java.lang.AssertionError: expected:<[name:SummingCombiner, priority:50, class:org.apache.accumulo.core.iterators.user.SummingCombiner, properties:{foo=bar}, name:WholeRowIterator, priority:100, class:org.apache.accumulo.core.iterators.user.WholeRowIterator, properties:{bar=foo}]> but was:<null>
    at org.junit.Assert.fail(Assert.java:88)
    at org.junit.Assert.failNotEquals(Assert.java:743)
    at org.junit.Assert.assertEquals(Assert.java:118)
    at org.junit.Assert.assertEquals(Assert.java:144)
    at org.apache.accumulo.core.client.mapred.RangeInputSplitTest.testAllFieldsWritable(RangeInputSplitTest.java:117)
    at sun.reflect.NativeMethodAccessorImpl.invoke0(Native Method)
16:54:25.227 [pool-22-thread-1] INFO  xxl.java.junit.TestCasesListener - Tests run finished (70 ms)
<> Total tests run: 4
<> Ignored tests: 0
<> Failed tests: 2
~ testAllFieldsWritable(org.apache.accumulo.core.client.mapreduce.RangeInputSplitTest)
[expected:<[name:SummingCombiner, priority:50, class:org.apache.accumulo.core.iterators.user.SummingCombiner, properties:{foo=bar}, name:WholeRowIterator, priority:100, class:org.apache.accumulo.core.iterators.user.WholeRowIterator, properties:{bar=foo}]> but was:<null>]
java.lang.AssertionError: expected:<[name:SummingCombiner, priority:50, class:org.apache.accumulo.core.iterators.user.SummingCombiner, properties:{foo=bar}, name:WholeRowIterator, priority:100, class:org.apache.accumulo.core.iterators.user.WholeRowIterator, properties:{bar=foo}]> but was:<null>    at org.junit.Assert.fail(Assert.java:88)
    at org.junit.Assert.failNotEquals(Assert.java:743)
    at org.junit.Assert.assertEquals(Assert.java:118)
    at org.junit.Assert.assertEquals(Assert.java:144)
    at org.apache.accumulo.core.client.mapreduce.RangeInputSplitTest.testAllFieldsWritable(RangeInputSplitTest.java:117)
    at sun.reflect.NativeMethodAccessorImpl.invoke0(Native Method)
~ testAllFieldsWritable(org.apache.accumulo.core.client.mapred.RangeInputSplitTest)
[expected:<[name:SummingCombiner, priority:50, class:org.apache.accumulo.core.iterators.user.SummingCombiner, properties:{foo=bar}, name:WholeRowIterator, priority:100, class:org.apache.accumulo.core.iterators.user.WholeRowIterator, properties:{bar=foo}]> but was:<null>]
java.lang.AssertionError: expected:<[name:SummingCombiner, priority:50, class:org.apache.accumulo.core.iterators.user.SummingCombiner, properties:{foo=bar}, name:WholeRowIterator, priority:100, class:org.apache.accumulo.core.iterators.user.WholeRowIterator, properties:{bar=foo}]> but was:<null>    at org.junit.Assert.fail(Assert.java:88)
    at org.junit.Assert.failNotEquals(Assert.java:743)
    at org.junit.Assert.assertEquals(Assert.java:118)
    at org.junit.Assert.assertEquals(Assert.java:144)
    at org.apache.accumulo.core.client.mapred.RangeInputSplitTest.testAllFieldsWritable(RangeInputSplitTest.java:117)
    at sun.reflect.NativeMethodAccessorImpl.invoke0(Native Method)

16:54:25.711 [pool-2-thread-1] DEBUG fr.inria.lille.repair.nopol.NoPol - statement #6
16:54:25.711 [pool-2-thread-1] DEBUG fr.inria.lille.repair.nopol.NoPol - Analysing SourceLocation org.apache.accumulo.core.client.IteratorSetting:314 which is executed by 2 tests
5676515
16:54:25.978 [pool-2-thread-1] DEBUG fr.inria.lille.repair.nopol.NoPol - looking with class fr.inria.lille.repair.nopol.spoon.smt.ConditionalAdder
java.lang.AssertionError: expected:<[name:SummingCombiner, priority:50, class:org.apache.accumulo.core.iterators.user.SummingCombiner, properties:{foo=bar}, name:WholeRowIterator, priority:100, class:org.apache.accumulo.core.iterators.user.WholeRowIterator, properties:{bar=foo}]> but was:<null>
    at org.junit.Assert.fail(Assert.java:88)
    at org.junit.Assert.failNotEquals(Assert.java:743)
    at org.junit.Assert.assertEquals(Assert.java:118)
    at org.junit.Assert.assertEquals(Assert.java:144)
    at org.apache.accumulo.core.client.mapreduce.RangeInputSplitTest.testAllFieldsWritable(RangeInputSplitTest.java:117)
    at sun.reflect.NativeMethodAccessorImpl.invoke0(Native Method)
java.lang.AssertionError: expected:<[name:SummingCombiner, priority:50, class:org.apache.accumulo.core.iterators.user.SummingCombiner, properties:{foo=bar}, name:WholeRowIterator, priority:100, class:org.apache.accumulo.core.iterators.user.WholeRowIterator, properties:{bar=foo}]> but was:<null>
    at org.junit.Assert.fail(Assert.java:88)
    at org.junit.Assert.failNotEquals(Assert.java:743)
    at org.junit.Assert.assertEquals(Assert.java:118)
    at org.junit.Assert.assertEquals(Assert.java:144)
    at org.apache.accumulo.core.client.mapred.RangeInputSplitTest.testAllFieldsWritable(RangeInputSplitTest.java:117)
    at sun.reflect.NativeMethodAccessorImpl.invoke0(Native Method)
16:54:26.060 [pool-28-thread-1] INFO  xxl.java.junit.TestCasesListener - Tests run finished (71 ms)
<> Total tests run: 4
<> Ignored tests: 0
<> Failed tests: 2
~ testAllFieldsWritable(org.apache.accumulo.core.client.mapreduce.RangeInputSplitTest)
[expected:<[name:SummingCombiner, priority:50, class:org.apache.accumulo.core.iterators.user.SummingCombiner, properties:{foo=bar}, name:WholeRowIterator, priority:100, class:org.apache.accumulo.core.iterators.user.WholeRowIterator, properties:{bar=foo}]> but was:<null>]
java.lang.AssertionError: expected:<[name:SummingCombiner, priority:50, class:org.apache.accumulo.core.iterators.user.SummingCombiner, properties:{foo=bar}, name:WholeRowIterator, priority:100, class:org.apache.accumulo.core.iterators.user.WholeRowIterator, properties:{bar=foo}]> but was:<null>    at org.junit.Assert.fail(Assert.java:88)
    at org.junit.Assert.failNotEquals(Assert.java:743)
    at org.junit.Assert.assertEquals(Assert.java:118)
    at org.junit.Assert.assertEquals(Assert.java:144)
    at org.apache.accumulo.core.client.mapreduce.RangeInputSplitTest.testAllFieldsWritable(RangeInputSplitTest.java:117)
    at sun.reflect.NativeMethodAccessorImpl.invoke0(Native Method)
~ testAllFieldsWritable(org.apache.accumulo.core.client.mapred.RangeInputSplitTest)
[expected:<[name:SummingCombiner, priority:50, class:org.apache.accumulo.core.iterators.user.SummingCombiner, properties:{foo=bar}, name:WholeRowIterator, priority:100, class:org.apache.accumulo.core.iterators.user.WholeRowIterator, properties:{bar=foo}]> but was:<null>]
java.lang.AssertionError: expected:<[name:SummingCombiner, priority:50, class:org.apache.accumulo.core.iterators.user.SummingCombiner, properties:{foo=bar}, name:WholeRowIterator, priority:100, class:org.apache.accumulo.core.iterators.user.WholeRowIterator, properties:{bar=foo}]> but was:<null>    at org.junit.Assert.fail(Assert.java:88)
    at org.junit.Assert.failNotEquals(Assert.java:743)
    at org.junit.Assert.assertEquals(Assert.java:118)
    at org.junit.Assert.assertEquals(Assert.java:144)
    at org.apache.accumulo.core.client.mapred.RangeInputSplitTest.testAllFieldsWritable(RangeInputSplitTest.java:117)
    at sun.reflect.NativeMethodAccessorImpl.invoke0(Native Method)

16:54:26.526 [pool-2-thread-1] DEBUG fr.inria.lille.repair.nopol.NoPol - statement #7
16:54:26.526 [pool-2-thread-1] DEBUG fr.inria.lille.repair.nopol.NoPol - Analysing SourceLocation org.apache.accumulo.core.client.IteratorSetting:313 which is executed by 2 tests
5676515
16:54:26.769 [pool-2-thread-1] DEBUG fr.inria.lille.repair.nopol.NoPol - looking with class fr.inria.lille.repair.nopol.spoon.smt.ConditionalAdder
java.lang.AssertionError: expected:<[name:SummingCombiner, priority:50, class:org.apache.accumulo.core.iterators.user.SummingCombiner, properties:{foo=bar}, name:WholeRowIterator, priority:100, class:org.apache.accumulo.core.iterators.user.WholeRowIterator, properties:{bar=foo}]> but was:<null>
    at org.junit.Assert.fail(Assert.java:88)
    at org.junit.Assert.failNotEquals(Assert.java:743)
    at org.junit.Assert.assertEquals(Assert.java:118)
    at org.junit.Assert.assertEquals(Assert.java:144)
    at org.apache.accumulo.core.client.mapreduce.RangeInputSplitTest.testAllFieldsWritable(RangeInputSplitTest.java:117)
    at sun.reflect.NativeMethodAccessorImpl.invoke0(Native Method)
java.lang.AssertionError: expected:<[name:SummingCombiner, priority:50, class:org.apache.accumulo.core.iterators.user.SummingCombiner, properties:{foo=bar}, name:WholeRowIterator, priority:100, class:org.apache.accumulo.core.iterators.user.WholeRowIterator, properties:{bar=foo}]> but was:<null>
    at org.junit.Assert.fail(Assert.java:88)
    at org.junit.Assert.failNotEquals(Assert.java:743)
    at org.junit.Assert.assertEquals(Assert.java:118)
    at org.junit.Assert.assertEquals(Assert.java:144)
    at org.apache.accumulo.core.client.mapred.RangeInputSplitTest.testAllFieldsWritable(RangeInputSplitTest.java:117)
    at sun.reflect.NativeMethodAccessorImpl.invoke0(Native Method)
16:54:26.844 [pool-34-thread-1] INFO  xxl.java.junit.TestCasesListener - Tests run finished (66 ms)
<> Total tests run: 4
<> Ignored tests: 0
<> Failed tests: 2
~ testAllFieldsWritable(org.apache.accumulo.core.client.mapreduce.RangeInputSplitTest)
[expected:<[name:SummingCombiner, priority:50, class:org.apache.accumulo.core.iterators.user.SummingCombiner, properties:{foo=bar}, name:WholeRowIterator, priority:100, class:org.apache.accumulo.core.iterators.user.WholeRowIterator, properties:{bar=foo}]> but was:<null>]
java.lang.AssertionError: expected:<[name:SummingCombiner, priority:50, class:org.apache.accumulo.core.iterators.user.SummingCombiner, properties:{foo=bar}, name:WholeRowIterator, priority:100, class:org.apache.accumulo.core.iterators.user.WholeRowIterator, properties:{bar=foo}]> but was:<null>    at org.junit.Assert.fail(Assert.java:88)
    at org.junit.Assert.failNotEquals(Assert.java:743)
    at org.junit.Assert.assertEquals(Assert.java:118)
    at org.junit.Assert.assertEquals(Assert.java:144)
    at org.apache.accumulo.core.client.mapreduce.RangeInputSplitTest.testAllFieldsWritable(RangeInputSplitTest.java:117)
    at sun.reflect.NativeMethodAccessorImpl.invoke0(Native Method)
~ testAllFieldsWritable(org.apache.accumulo.core.client.mapred.RangeInputSplitTest)
[expected:<[name:SummingCombiner, priority:50, class:org.apache.accumulo.core.iterators.user.SummingCombiner, properties:{foo=bar}, name:WholeRowIterator, priority:100, class:org.apache.accumulo.core.iterators.user.WholeRowIterator, properties:{bar=foo}]> but was:<null>]
java.lang.AssertionError: expected:<[name:SummingCombiner, priority:50, class:org.apache.accumulo.core.iterators.user.SummingCombiner, properties:{foo=bar}, name:WholeRowIterator, priority:100, class:org.apache.accumulo.core.iterators.user.WholeRowIterator, properties:{bar=foo}]> but was:<null>    at org.junit.Assert.fail(Assert.java:88)
    at org.junit.Assert.failNotEquals(Assert.java:743)
    at org.junit.Assert.assertEquals(Assert.java:118)
    at org.junit.Assert.assertEquals(Assert.java:144)
    at org.apache.accumulo.core.client.mapred.RangeInputSplitTest.testAllFieldsWritable(RangeInputSplitTest.java:117)
    at sun.reflect.NativeMethodAccessorImpl.invoke0(Native Method)

16:54:27.289 [pool-2-thread-1] DEBUG fr.inria.lille.repair.nopol.NoPol - statement #8
16:54:27.289 [pool-2-thread-1] DEBUG fr.inria.lille.repair.nopol.NoPol - Analysing SourceLocation org.apache.accumulo.core.client.IteratorSetting:312 which is executed by 2 tests
5676515
16:54:27.564 [pool-2-thread-1] DEBUG fr.inria.lille.repair.nopol.NoPol - looking with class fr.inria.lille.repair.nopol.spoon.smt.ConditionalAdder
java.lang.AssertionError: expected:<[name:SummingCombiner, priority:50, class:org.apache.accumulo.core.iterators.user.SummingCombiner, properties:{foo=bar}, name:WholeRowIterator, priority:100, class:org.apache.accumulo.core.iterators.user.WholeRowIterator, properties:{bar=foo}]> but was:<null>
    at org.junit.Assert.fail(Assert.java:88)
    at org.junit.Assert.failNotEquals(Assert.java:743)
    at org.junit.Assert.assertEquals(Assert.java:118)
    at org.junit.Assert.assertEquals(Assert.java:144)
    at org.apache.accumulo.core.client.mapreduce.RangeInputSplitTest.testAllFieldsWritable(RangeInputSplitTest.java:117)
    at sun.reflect.NativeMethodAccessorImpl.invoke0(Native Method)
java.lang.AssertionError: expected:<[name:SummingCombiner, priority:50, class:org.apache.accumulo.core.iterators.user.SummingCombiner, properties:{foo=bar}, name:WholeRowIterator, priority:100, class:org.apache.accumulo.core.iterators.user.WholeRowIterator, properties:{bar=foo}]> but was:<null>
    at org.junit.Assert.fail(Assert.java:88)
    at org.junit.Assert.failNotEquals(Assert.java:743)
    at org.junit.Assert.assertEquals(Assert.java:118)
    at org.junit.Assert.assertEquals(Assert.java:144)
    at org.apache.accumulo.core.client.mapred.RangeInputSplitTest.testAllFieldsWritable(RangeInputSplitTest.java:117)
    at sun.reflect.NativeMethodAccessorImpl.invoke0(Native Method)
16:54:27.645 [pool-40-thread-1] INFO  xxl.java.junit.TestCasesListener - Tests run finished (70 ms)
<> Total tests run: 4
<> Ignored tests: 0
<> Failed tests: 2
~ testAllFieldsWritable(org.apache.accumulo.core.client.mapreduce.RangeInputSplitTest)
[expected:<[name:SummingCombiner, priority:50, class:org.apache.accumulo.core.iterators.user.SummingCombiner, properties:{foo=bar}, name:WholeRowIterator, priority:100, class:org.apache.accumulo.core.iterators.user.WholeRowIterator, properties:{bar=foo}]> but was:<null>]
java.lang.AssertionError: expected:<[name:SummingCombiner, priority:50, class:org.apache.accumulo.core.iterators.user.SummingCombiner, properties:{foo=bar}, name:WholeRowIterator, priority:100, class:org.apache.accumulo.core.iterators.user.WholeRowIterator, properties:{bar=foo}]> but was:<null>    at org.junit.Assert.fail(Assert.java:88)
    at org.junit.Assert.failNotEquals(Assert.java:743)
    at org.junit.Assert.assertEquals(Assert.java:118)
    at org.junit.Assert.assertEquals(Assert.java:144)
    at org.apache.accumulo.core.client.mapreduce.RangeInputSplitTest.testAllFieldsWritable(RangeInputSplitTest.java:117)
    at sun.reflect.NativeMethodAccessorImpl.invoke0(Native Method)
~ testAllFieldsWritable(org.apache.accumulo.core.client.mapred.RangeInputSplitTest)
[expected:<[name:SummingCombiner, priority:50, class:org.apache.accumulo.core.iterators.user.SummingCombiner, properties:{foo=bar}, name:WholeRowIterator, priority:100, class:org.apache.accumulo.core.iterators.user.WholeRowIterator, properties:{bar=foo}]> but was:<null>]
java.lang.AssertionError: expected:<[name:SummingCombiner, priority:50, class:org.apache.accumulo.core.iterators.user.SummingCombiner, properties:{foo=bar}, name:WholeRowIterator, priority:100, class:org.apache.accumulo.core.iterators.user.WholeRowIterator, properties:{bar=foo}]> but was:<null>    at org.junit.Assert.fail(Assert.java:88)
    at org.junit.Assert.failNotEquals(Assert.java:743)
    at org.junit.Assert.assertEquals(Assert.java:118)
    at org.junit.Assert.assertEquals(Assert.java:144)
    at org.apache.accumulo.core.client.mapred.RangeInputSplitTest.testAllFieldsWritable(RangeInputSplitTest.java:117)
    at sun.reflect.NativeMethodAccessorImpl.invoke0(Native Method)

16:54:28.165 [pool-2-thread-1] DEBUG fr.inria.lille.repair.nopol.NoPol - statement #9
16:54:28.165 [pool-2-thread-1] DEBUG fr.inria.lille.repair.nopol.NoPol - Analysing SourceLocation org.apache.accumulo.core.client.IteratorSetting:311 which is executed by 2 tests
5676515
16:54:28.427 [pool-2-thread-1] DEBUG fr.inria.lille.repair.nopol.NoPol - looking with class fr.inria.lille.repair.nopol.spoon.smt.ConditionalAdder
java.lang.AssertionError: expected:<[name:SummingCombiner, priority:50, class:org.apache.accumulo.core.iterators.user.SummingCombiner, properties:{foo=bar}, name:WholeRowIterator, priority:100, class:org.apache.accumulo.core.iterators.user.WholeRowIterator, properties:{bar=foo}]> but was:<null>
    at org.junit.Assert.fail(Assert.java:88)
    at org.junit.Assert.failNotEquals(Assert.java:743)
    at org.junit.Assert.assertEquals(Assert.java:118)
    at org.junit.Assert.assertEquals(Assert.java:144)
    at org.apache.accumulo.core.client.mapreduce.RangeInputSplitTest.testAllFieldsWritable(RangeInputSplitTest.java:117)
    at sun.reflect.NativeMethodAccessorImpl.invoke0(Native Method)
java.lang.AssertionError: expected:<[name:SummingCombiner, priority:50, class:org.apache.accumulo.core.iterators.user.SummingCombiner, properties:{foo=bar}, name:WholeRowIterator, priority:100, class:org.apache.accumulo.core.iterators.user.WholeRowIterator, properties:{bar=foo}]> but was:<null>
    at org.junit.Assert.fail(Assert.java:88)
    at org.junit.Assert.failNotEquals(Assert.java:743)
    at org.junit.Assert.assertEquals(Assert.java:118)
    at org.junit.Assert.assertEquals(Assert.java:144)
    at org.apache.accumulo.core.client.mapred.RangeInputSplitTest.testAllFieldsWritable(RangeInputSplitTest.java:117)
    at sun.reflect.NativeMethodAccessorImpl.invoke0(Native Method)
16:54:28.506 [pool-46-thread-1] INFO  xxl.java.junit.TestCasesListener - Tests run finished (71 ms)
<> Total tests run: 4
<> Ignored tests: 0
<> Failed tests: 2
~ testAllFieldsWritable(org.apache.accumulo.core.client.mapreduce.RangeInputSplitTest)
[expected:<[name:SummingCombiner, priority:50, class:org.apache.accumulo.core.iterators.user.SummingCombiner, properties:{foo=bar}, name:WholeRowIterator, priority:100, class:org.apache.accumulo.core.iterators.user.WholeRowIterator, properties:{bar=foo}]> but was:<null>]
java.lang.AssertionError: expected:<[name:SummingCombiner, priority:50, class:org.apache.accumulo.core.iterators.user.SummingCombiner, properties:{foo=bar}, name:WholeRowIterator, priority:100, class:org.apache.accumulo.core.iterators.user.WholeRowIterator, properties:{bar=foo}]> but was:<null>    at org.junit.Assert.fail(Assert.java:88)
    at org.junit.Assert.failNotEquals(Assert.java:743)
    at org.junit.Assert.assertEquals(Assert.java:118)
    at org.junit.Assert.assertEquals(Assert.java:144)
    at org.apache.accumulo.core.client.mapreduce.RangeInputSplitTest.testAllFieldsWritable(RangeInputSplitTest.java:117)
    at sun.reflect.NativeMethodAccessorImpl.invoke0(Native Method)
~ testAllFieldsWritable(org.apache.accumulo.core.client.mapred.RangeInputSplitTest)
[expected:<[name:SummingCombiner, priority:50, class:org.apache.accumulo.core.iterators.user.SummingCombiner, properties:{foo=bar}, name:WholeRowIterator, priority:100, class:org.apache.accumulo.core.iterators.user.WholeRowIterator, properties:{bar=foo}]> but was:<null>]
java.lang.AssertionError: expected:<[name:SummingCombiner, priority:50, class:org.apache.accumulo.core.iterators.user.SummingCombiner, properties:{foo=bar}, name:WholeRowIterator, priority:100, class:org.apache.accumulo.core.iterators.user.WholeRowIterator, properties:{bar=foo}]> but was:<null>    at org.junit.Assert.fail(Assert.java:88)
    at org.junit.Assert.failNotEquals(Assert.java:743)
    at org.junit.Assert.assertEquals(Assert.java:118)
    at org.junit.Assert.assertEquals(Assert.java:144)
    at org.apache.accumulo.core.client.mapred.RangeInputSplitTest.testAllFieldsWritable(RangeInputSplitTest.java:117)
    at sun.reflect.NativeMethodAccessorImpl.invoke0(Native Method)

16:54:28.937 [pool-2-thread-1] DEBUG fr.inria.lille.repair.nopol.NoPol - statement #10
16:54:28.938 [pool-2-thread-1] DEBUG fr.inria.lille.repair.nopol.NoPol - Analysing SourceLocation org.apache.accumulo.core.client.IteratorSetting:310 which is executed by 2 tests
5676515
16:54:29.186 [pool-2-thread-1] DEBUG fr.inria.lille.repair.nopol.NoPol - statement #11
16:54:29.187 [pool-2-thread-1] DEBUG fr.inria.lille.repair.nopol.NoPol - Analysing SourceLocation org.apache.accumulo.core.client.mapreduce.RangeInputSplit:338 which is executed by 2 tests
2032158318
16:54:29.437 [pool-2-thread-1] DEBUG fr.inria.lille.repair.nopol.NoPol - statement #12
16:54:29.438 [pool-2-thread-1] DEBUG fr.inria.lille.repair.nopol.NoPol - Analysing SourceLocation org.apache.accumulo.core.client.mapreduce.RangeInputSplit:244 which is executed by 2 tests
2032158318
16:54:29.690 [pool-2-thread-1] DEBUG fr.inria.lille.repair.nopol.NoPol - looking with class fr.inria.lille.repair.nopol.spoon.smt.ConditionalAdder
java.lang.AssertionError: expected:<[name:SummingCombiner, priority:50, class:org.apache.accumulo.core.iterators.user.SummingCombiner, properties:{foo=bar}, name:WholeRowIterator, priority:100, class:org.apache.accumulo.core.iterators.user.WholeRowIterator, properties:{bar=foo}]> but was:<null>
    at org.junit.Assert.fail(Assert.java:88)
    at org.junit.Assert.failNotEquals(Assert.java:743)
    at org.junit.Assert.assertEquals(Assert.java:118)
    at org.junit.Assert.assertEquals(Assert.java:144)
    at org.apache.accumulo.core.client.mapreduce.RangeInputSplitTest.testAllFieldsWritable(RangeInputSplitTest.java:117)
    at sun.reflect.NativeMethodAccessorImpl.invoke0(Native Method)
java.lang.AssertionError: expected:<[name:SummingCombiner, priority:50, class:org.apache.accumulo.core.iterators.user.SummingCombiner, properties:{foo=bar}, name:WholeRowIterator, priority:100, class:org.apache.accumulo.core.iterators.user.WholeRowIterator, properties:{bar=foo}]> but was:<null>
    at org.junit.Assert.fail(Assert.java:88)
    at org.junit.Assert.failNotEquals(Assert.java:743)
    at org.junit.Assert.assertEquals(Assert.java:118)
    at org.junit.Assert.assertEquals(Assert.java:144)
    at org.apache.accumulo.core.client.mapred.RangeInputSplitTest.testAllFieldsWritable(RangeInputSplitTest.java:117)
    at sun.reflect.NativeMethodAccessorImpl.invoke0(Native Method)
16:54:29.766 [pool-52-thread-1] INFO  xxl.java.junit.TestCasesListener - Tests run finished (68 ms)
<> Total tests run: 4
<> Ignored tests: 0
<> Failed tests: 2
~ testAllFieldsWritable(org.apache.accumulo.core.client.mapreduce.RangeInputSplitTest)
[expected:<[name:SummingCombiner, priority:50, class:org.apache.accumulo.core.iterators.user.SummingCombiner, properties:{foo=bar}, name:WholeRowIterator, priority:100, class:org.apache.accumulo.core.iterators.user.WholeRowIterator, properties:{bar=foo}]> but was:<null>]
java.lang.AssertionError: expected:<[name:SummingCombiner, priority:50, class:org.apache.accumulo.core.iterators.user.SummingCombiner, properties:{foo=bar}, name:WholeRowIterator, priority:100, class:org.apache.accumulo.core.iterators.user.WholeRowIterator, properties:{bar=foo}]> but was:<null>    at org.junit.Assert.fail(Assert.java:88)
    at org.junit.Assert.failNotEquals(Assert.java:743)
    at org.junit.Assert.assertEquals(Assert.java:118)
    at org.junit.Assert.assertEquals(Assert.java:144)
    at org.apache.accumulo.core.client.mapreduce.RangeInputSplitTest.testAllFieldsWritable(RangeInputSplitTest.java:117)
    at sun.reflect.NativeMethodAccessorImpl.invoke0(Native Method)
~ testAllFieldsWritable(org.apache.accumulo.core.client.mapred.RangeInputSplitTest)
[expected:<[name:SummingCombiner, priority:50, class:org.apache.accumulo.core.iterators.user.SummingCombiner, properties:{foo=bar}, name:WholeRowIterator, priority:100, class:org.apache.accumulo.core.iterators.user.WholeRowIterator, properties:{bar=foo}]> but was:<null>]
java.lang.AssertionError: expected:<[name:SummingCombiner, priority:50, class:org.apache.accumulo.core.iterators.user.SummingCombiner, properties:{foo=bar}, name:WholeRowIterator, priority:100, class:org.apache.accumulo.core.iterators.user.WholeRowIterator, properties:{bar=foo}]> but was:<null>    at org.junit.Assert.fail(Assert.java:88)
    at org.junit.Assert.failNotEquals(Assert.java:743)
    at org.junit.Assert.assertEquals(Assert.java:118)
    at org.junit.Assert.assertEquals(Assert.java:144)
    at org.apache.accumulo.core.client.mapred.RangeInputSplitTest.testAllFieldsWritable(RangeInputSplitTest.java:117)
    at sun.reflect.NativeMethodAccessorImpl.invoke0(Native Method)

16:54:30.238 [pool-2-thread-1] DEBUG fr.inria.lille.repair.nopol.NoPol - statement #13
16:54:30.238 [pool-2-thread-1] DEBUG fr.inria.lille.repair.nopol.NoPol - Analysing SourceLocation org.apache.accumulo.core.client.mapreduce.RangeInputSplit:172 which is executed by 2 tests
2032158318
16:54:30.492 [pool-2-thread-1] DEBUG fr.inria.lille.repair.nopol.NoPol - looking with class fr.inria.lille.repair.nopol.spoon.smt.ConditionalAdder
java.lang.AssertionError: expected:<[name:SummingCombiner, priority:50, class:org.apache.accumulo.core.iterators.user.SummingCombiner, properties:{foo=bar}, name:WholeRowIterator, priority:100, class:org.apache.accumulo.core.iterators.user.WholeRowIterator, properties:{bar=foo}]> but was:<null>
    at org.junit.Assert.fail(Assert.java:88)
    at org.junit.Assert.failNotEquals(Assert.java:743)
    at org.junit.Assert.assertEquals(Assert.java:118)
    at org.junit.Assert.assertEquals(Assert.java:144)
    at org.apache.accumulo.core.client.mapreduce.RangeInputSplitTest.testAllFieldsWritable(RangeInputSplitTest.java:117)
    at sun.reflect.NativeMethodAccessorImpl.invoke0(Native Method)
java.lang.AssertionError: expected:<[name:SummingCombiner, priority:50, class:org.apache.accumulo.core.iterators.user.SummingCombiner, properties:{foo=bar}, name:WholeRowIterator, priority:100, class:org.apache.accumulo.core.iterators.user.WholeRowIterator, properties:{bar=foo}]> but was:<null>
    at org.junit.Assert.fail(Assert.java:88)
    at org.junit.Assert.failNotEquals(Assert.java:743)
    at org.junit.Assert.assertEquals(Assert.java:118)
    at org.junit.Assert.assertEquals(Assert.java:144)
    at org.apache.accumulo.core.client.mapred.RangeInputSplitTest.testAllFieldsWritable(RangeInputSplitTest.java:117)
    at sun.reflect.NativeMethodAccessorImpl.invoke0(Native Method)
16:54:30.577 [pool-58-thread-1] INFO  xxl.java.junit.TestCasesListener - Tests run finished (66 ms)
<> Total tests run: 4
<> Ignored tests: 0
<> Failed tests: 2
~ testAllFieldsWritable(org.apache.accumulo.core.client.mapreduce.RangeInputSplitTest)
[expected:<[name:SummingCombiner, priority:50, class:org.apache.accumulo.core.iterators.user.SummingCombiner, properties:{foo=bar}, name:WholeRowIterator, priority:100, class:org.apache.accumulo.core.iterators.user.WholeRowIterator, properties:{bar=foo}]> but was:<null>]
java.lang.AssertionError: expected:<[name:SummingCombiner, priority:50, class:org.apache.accumulo.core.iterators.user.SummingCombiner, properties:{foo=bar}, name:WholeRowIterator, priority:100, class:org.apache.accumulo.core.iterators.user.WholeRowIterator, properties:{bar=foo}]> but was:<null>    at org.junit.Assert.fail(Assert.java:88)
    at org.junit.Assert.failNotEquals(Assert.java:743)
    at org.junit.Assert.assertEquals(Assert.java:118)
    at org.junit.Assert.assertEquals(Assert.java:144)
    at org.apache.accumulo.core.client.mapreduce.RangeInputSplitTest.testAllFieldsWritable(RangeInputSplitTest.java:117)
    at sun.reflect.NativeMethodAccessorImpl.invoke0(Native Method)
~ testAllFieldsWritable(org.apache.accumulo.core.client.mapred.RangeInputSplitTest)
[expected:<[name:SummingCombiner, priority:50, class:org.apache.accumulo.core.iterators.user.SummingCombiner, properties:{foo=bar}, name:WholeRowIterator, priority:100, class:org.apache.accumulo.core.iterators.user.WholeRowIterator, properties:{bar=foo}]> but was:<null>]
java.lang.AssertionError: expected:<[name:SummingCombiner, priority:50, class:org.apache.accumulo.core.iterators.user.SummingCombiner, properties:{foo=bar}, name:WholeRowIterator, priority:100, class:org.apache.accumulo.core.iterators.user.WholeRowIterator, properties:{bar=foo}]> but was:<null>    at org.junit.Assert.fail(Assert.java:88)
    at org.junit.Assert.failNotEquals(Assert.java:743)
    at org.junit.Assert.assertEquals(Assert.java:118)
    at org.junit.Assert.assertEquals(Assert.java:144)
    at org.apache.accumulo.core.client.mapred.RangeInputSplitTest.testAllFieldsWritable(RangeInputSplitTest.java:117)
    at sun.reflect.NativeMethodAccessorImpl.invoke0(Native Method)

16:54:31.030 [pool-2-thread-1] DEBUG fr.inria.lille.repair.nopol.NoPol - statement #14
16:54:31.030 [pool-2-thread-1] DEBUG fr.inria.lille.repair.nopol.NoPol - Analysing SourceLocation org.apache.log4j.Level:140 which is executed by 4 tests
16:54:31.030 [pool-2-thread-1] DEBUG fr.inria.lille.repair.nopol.NoPol - cannot spoon SourceLocation org.apache.log4j.Level:140
16:54:31.030 [pool-2-thread-1] DEBUG fr.inria.lille.repair.nopol.NoPol - statement #15
16:54:31.030 [pool-2-thread-1] DEBUG fr.inria.lille.repair.nopol.NoPol - Analysing SourceLocation jline.History:171 which is executed by 1 tests
16:54:31.031 [pool-2-thread-1] DEBUG fr.inria.lille.repair.nopol.NoPol - cannot spoon SourceLocation jline.History:171
16:54:31.031 [pool-2-thread-1] DEBUG fr.inria.lille.repair.nopol.NoPol - statement #16
16:54:31.031 [pool-2-thread-1] DEBUG fr.inria.lille.repair.nopol.NoPol - Analysing SourceLocation jline.History:165 which is executed by 1 tests
16:54:31.031 [pool-2-thread-1] DEBUG fr.inria.lille.repair.nopol.NoPol - cannot spoon SourceLocation jline.History:165
16:54:31.031 [pool-2-thread-1] DEBUG fr.inria.lille.repair.nopol.NoPol - statement #17
16:54:31.031 [pool-2-thread-1] DEBUG fr.inria.lille.repair.nopol.NoPol - Analysing SourceLocation jline.History:164 which is executed by 1 tests
16:54:31.031 [pool-2-thread-1] DEBUG fr.inria.lille.repair.nopol.NoPol - cannot spoon SourceLocation jline.History:164
16:54:31.031 [pool-2-thread-1] DEBUG fr.inria.lille.repair.nopol.NoPol - statement #18
16:54:31.031 [pool-2-thread-1] DEBUG fr.inria.lille.repair.nopol.NoPol - Analysing SourceLocation jline.History:156 which is executed by 1 tests
16:54:31.031 [pool-2-thread-1] DEBUG fr.inria.lille.repair.nopol.NoPol - cannot spoon SourceLocation jline.History:156
16:54:31.031 [pool-2-thread-1] DEBUG fr.inria.lille.repair.nopol.NoPol - statement #19
16:54:31.031 [pool-2-thread-1] DEBUG fr.inria.lille.repair.nopol.NoPol - Analysing SourceLocation jline.History:118 which is executed by 1 tests
16:54:31.031 [pool-2-thread-1] DEBUG fr.inria.lille.repair.nopol.NoPol - cannot spoon SourceLocation jline.History:118
16:54:31.032 [pool-2-thread-1] DEBUG fr.inria.lille.repair.nopol.NoPol - statement #20
16:54:31.032 [pool-2-thread-1] DEBUG fr.inria.lille.repair.nopol.NoPol - Analysing SourceLocation jline.History:116 which is executed by 1 tests
16:54:31.032 [pool-2-thread-1] DEBUG fr.inria.lille.repair.nopol.NoPol - cannot spoon SourceLocation jline.History:116
16:54:31.032 [pool-2-thread-1] DEBUG fr.inria.lille.repair.nopol.NoPol - statement #21
16:54:31.032 [pool-2-thread-1] DEBUG fr.inria.lille.repair.nopol.NoPol - Analysing SourceLocation jline.History:112 which is executed by 1 tests
16:54:31.032 [pool-2-thread-1] DEBUG fr.inria.lille.repair.nopol.NoPol - cannot spoon SourceLocation jline.History:112
16:54:31.032 [pool-2-thread-1] DEBUG fr.inria.lille.repair.nopol.NoPol - statement #22
16:54:31.032 [pool-2-thread-1] DEBUG fr.inria.lille.repair.nopol.NoPol - Analysing SourceLocation jline.History:111 which is executed by 1 tests
16:54:31.032 [pool-2-thread-1] DEBUG fr.inria.lille.repair.nopol.NoPol - cannot spoon SourceLocation jline.History:111
16:54:31.032 [pool-2-thread-1] DEBUG fr.inria.lille.repair.nopol.NoPol - statement #23
16:54:31.032 [pool-2-thread-1] DEBUG fr.inria.lille.repair.nopol.NoPol - Analysing SourceLocation jline.History:105 which is executed by 1 tests
16:54:31.032 [pool-2-thread-1] DEBUG fr.inria.lille.repair.nopol.NoPol - cannot spoon SourceLocation jline.History:105
16:54:31.033 [pool-2-thread-1] DEBUG fr.inria.lille.repair.nopol.NoPol - statement #24
16:54:31.033 [pool-2-thread-1] DEBUG fr.inria.lille.repair.nopol.NoPol - Analysing SourceLocation jline.History:101 which is executed by 1 tests
16:54:31.033 [pool-2-thread-1] DEBUG fr.inria.lille.repair.nopol.NoPol - cannot spoon SourceLocation jline.History:101
16:54:31.033 [pool-2-thread-1] DEBUG fr.inria.lille.repair.nopol.NoPol - statement #25
16:54:31.033 [pool-2-thread-1] DEBUG fr.inria.lille.repair.nopol.NoPol - Analysing SourceLocation jline.History:99 which is executed by 1 tests
16:54:31.033 [pool-2-thread-1] DEBUG fr.inria.lille.repair.nopol.NoPol - cannot spoon SourceLocation jline.History:99
16:54:31.033 [pool-2-thread-1] DEBUG fr.inria.lille.repair.nopol.NoPol - statement #26
16:54:31.033 [pool-2-thread-1] DEBUG fr.inria.lille.repair.nopol.NoPol - Analysing SourceLocation jline.History:95 which is executed by 1 tests
16:54:31.033 [pool-2-thread-1] DEBUG fr.inria.lille.repair.nopol.NoPol - cannot spoon SourceLocation jline.History:95
16:54:31.033 [pool-2-thread-1] DEBUG fr.inria.lille.repair.nopol.NoPol - statement #27
16:54:31.033 [pool-2-thread-1] DEBUG fr.inria.lille.repair.nopol.NoPol - Analysing SourceLocation jline.History:93 which is executed by 1 tests
16:54:31.033 [pool-2-thread-1] DEBUG fr.inria.lille.repair.nopol.NoPol - cannot spoon SourceLocation jline.History:93
16:54:31.033 [pool-2-thread-1] DEBUG fr.inria.lille.repair.nopol.NoPol - statement #28
16:54:31.034 [pool-2-thread-1] DEBUG fr.inria.lille.repair.nopol.NoPol - Analysing SourceLocation jline.History:89 which is executed by 1 tests
16:54:31.034 [pool-2-thread-1] DEBUG fr.inria.lille.repair.nopol.NoPol - cannot spoon SourceLocation jline.History:89
16:54:31.034 [pool-2-thread-1] DEBUG fr.inria.lille.repair.nopol.NoPol - statement #29
16:54:31.034 [pool-2-thread-1] DEBUG fr.inria.lille.repair.nopol.NoPol - Analysing SourceLocation jline.History:69 which is executed by 1 tests
16:54:31.034 [pool-2-thread-1] DEBUG fr.inria.lille.repair.nopol.NoPol - cannot spoon SourceLocation jline.History:69
16:54:31.034 [pool-2-thread-1] DEBUG fr.inria.lille.repair.nopol.NoPol - statement #30
16:54:31.034 [pool-2-thread-1] DEBUG fr.inria.lille.repair.nopol.NoPol - Analysing SourceLocation jline.History:67 which is executed by 1 tests
16:54:31.034 [pool-2-thread-1] DEBUG fr.inria.lille.repair.nopol.NoPol - cannot spoon SourceLocation jline.History:67
16:54:31.034 [pool-2-thread-1] DEBUG fr.inria.lille.repair.nopol.NoPol - statement #31
16:54:31.034 [pool-2-thread-1] DEBUG fr.inria.lille.repair.nopol.NoPol - Analysing SourceLocation jline.History:66 which is executed by 1 tests
16:54:31.034 [pool-2-thread-1] DEBUG fr.inria.lille.repair.nopol.NoPol - cannot spoon SourceLocation jline.History:66
16:54:31.034 [pool-2-thread-1] DEBUG fr.inria.lille.repair.nopol.NoPol - statement #32
16:54:31.034 [pool-2-thread-1] DEBUG fr.inria.lille.repair.nopol.NoPol - Analysing SourceLocation jline.History:63 which is executed by 1 tests
16:54:31.035 [pool-2-thread-1] DEBUG fr.inria.lille.repair.nopol.NoPol - cannot spoon SourceLocation jline.History:63
16:54:31.035 [pool-2-thread-1] DEBUG fr.inria.lille.repair.nopol.NoPol - statement #33
16:54:31.035 [pool-2-thread-1] DEBUG fr.inria.lille.repair.nopol.NoPol - Analysing SourceLocation jline.History:62 which is executed by 1 tests
16:54:31.035 [pool-2-thread-1] DEBUG fr.inria.lille.repair.nopol.NoPol - cannot spoon SourceLocation jline.History:62
16:54:31.035 [pool-2-thread-1] DEBUG fr.inria.lille.repair.nopol.NoPol - statement #34
16:54:31.035 [pool-2-thread-1] DEBUG fr.inria.lille.repair.nopol.NoPol - Analysing SourceLocation jline.History:59 which is executed by 1 tests
16:54:31.035 [pool-2-thread-1] DEBUG fr.inria.lille.repair.nopol.NoPol - cannot spoon SourceLocation jline.History:59
16:54:31.035 [pool-2-thread-1] DEBUG fr.inria.lille.repair.nopol.NoPol - statement #35
16:54:31.035 [pool-2-thread-1] DEBUG fr.inria.lille.repair.nopol.NoPol - Analysing SourceLocation jline.History:58 which is executed by 1 tests
16:54:31.035 [pool-2-thread-1] DEBUG fr.inria.lille.repair.nopol.NoPol - cannot spoon SourceLocation jline.History:58
16:54:31.035 [pool-2-thread-1] DEBUG fr.inria.lille.repair.nopol.NoPol - statement #36
16:54:31.035 [pool-2-thread-1] DEBUG fr.inria.lille.repair.nopol.NoPol - Analysing SourceLocation jline.History:52 which is executed by 1 tests
16:54:31.035 [pool-2-thread-1] DEBUG fr.inria.lille.repair.nopol.NoPol - cannot spoon SourceLocation jline.History:52
16:54:31.036 [pool-2-thread-1] DEBUG fr.inria.lille.repair.nopol.NoPol - statement #37
16:54:31.036 [pool-2-thread-1] DEBUG fr.inria.lille.repair.nopol.NoPol - Analysing SourceLocation jline.History:51 which is executed by 1 tests
16:54:31.036 [pool-2-thread-1] DEBUG fr.inria.lille.repair.nopol.NoPol - cannot spoon SourceLocation jline.History:51
16:54:31.036 [pool-2-thread-1] DEBUG fr.inria.lille.repair.nopol.NoPol - statement #38
16:54:31.036 [pool-2-thread-1] DEBUG fr.inria.lille.repair.nopol.NoPol - Analysing SourceLocation jline.History:45 which is executed by 1 tests
16:54:31.036 [pool-2-thread-1] DEBUG fr.inria.lille.repair.nopol.NoPol - cannot spoon SourceLocation jline.History:45
16:54:31.036 [pool-2-thread-1] DEBUG fr.inria.lille.repair.nopol.NoPol - statement #39
16:54:31.036 [pool-2-thread-1] DEBUG fr.inria.lille.repair.nopol.NoPol - Analysing SourceLocation jline.History:44 which is executed by 1 tests
16:54:31.036 [pool-2-thread-1] DEBUG fr.inria.lille.repair.nopol.NoPol - cannot spoon SourceLocation jline.History:44
16:54:31.036 [pool-2-thread-1] DEBUG fr.inria.lille.repair.nopol.NoPol - statement #40
16:54:31.036 [pool-2-thread-1] DEBUG fr.inria.lille.repair.nopol.NoPol - Analysing SourceLocation jline.History:43 which is executed by 1 tests
16:54:31.037 [pool-2-thread-1] DEBUG fr.inria.lille.repair.nopol.NoPol - cannot spoon SourceLocation jline.History:43
16:54:31.037 [pool-2-thread-1] DEBUG fr.inria.lille.repair.nopol.NoPol - statement #41
16:54:31.037 [pool-2-thread-1] DEBUG fr.inria.lille.repair.nopol.NoPol - Analysing SourceLocation jline.History:40 which is executed by 1 tests
16:54:31.037 [pool-2-thread-1] DEBUG fr.inria.lille.repair.nopol.NoPol - cannot spoon SourceLocation jline.History:40
16:54:31.037 [pool-2-thread-1] DEBUG fr.inria.lille.repair.nopol.NoPol - statement #42
16:54:31.037 [pool-2-thread-1] DEBUG fr.inria.lille.repair.nopol.NoPol - Analysing SourceLocation jline.History:39 which is executed by 1 tests
16:54:31.037 [pool-2-thread-1] DEBUG fr.inria.lille.repair.nopol.NoPol - cannot spoon SourceLocation jline.History:39
16:54:31.037 [pool-2-thread-1] DEBUG fr.inria.lille.repair.nopol.NoPol - statement #43
16:54:31.037 [pool-2-thread-1] DEBUG fr.inria.lille.repair.nopol.NoPol - Analysing SourceLocation jline.ConsoleReader:1672 which is executed by 1 tests
16:54:31.037 [pool-2-thread-1] DEBUG fr.inria.lille.repair.nopol.NoPol - cannot spoon SourceLocation jline.ConsoleReader:1672
16:54:31.037 [pool-2-thread-1] DEBUG fr.inria.lille.repair.nopol.NoPol - statement #44
16:54:31.037 [pool-2-thread-1] DEBUG fr.inria.lille.repair.nopol.NoPol - Analysing SourceLocation jline.ConsoleReader:1671 which is executed by 1 tests
16:54:31.037 [pool-2-thread-1] DEBUG fr.inria.lille.repair.nopol.NoPol - cannot spoon SourceLocation jline.ConsoleReader:1671
16:54:31.037 [pool-2-thread-1] DEBUG fr.inria.lille.repair.nopol.NoPol - statement #45
16:54:31.038 [pool-2-thread-1] DEBUG fr.inria.lille.repair.nopol.NoPol - Analysing SourceLocation org.apache.accumulo.core.util.shell.Shell:441 which is executed by 1 tests
79851025
16:54:31.384 [pool-2-thread-1] DEBUG fr.inria.lille.repair.nopol.NoPol - statement #46
16:54:31.385 [pool-2-thread-1] DEBUG fr.inria.lille.repair.nopol.NoPol - Analysing SourceLocation org.apache.accumulo.core.util.shell.Shell:440 which is executed by 1 tests
79851025
16:54:31.728 [pool-2-thread-1] DEBUG fr.inria.lille.repair.nopol.NoPol - looking with class fr.inria.lille.repair.nopol.spoon.smt.ConditionalAdder
[pool-64-thread-1} WARN  org.apache.accumulo.start.classloader.vfs.AccumuloVFSClassLoader  - ignoring classpath entry file:///lib/ext/[^.].*.jar
java.io.FileNotFoundException: src/test/resources/shelltest.txt (No such file or directory)
    at java.io.FileInputStream.open0(Native Method)
    at java.io.FileInputStream.open(FileInputStream.java:195)
    at java.io.FileInputStream.<init>(FileInputStream.java:138)
    at java.util.Scanner.<init>(Scanner.java:635)
    at java.util.Scanner.<init>(Scanner.java:629)
    at org.apache.accumulo.core.util.shell.Shell.start(Shell.java:441)
16:54:32.261 [pool-64-thread-1] INFO  xxl.java.junit.TestCasesListener - Tests run finished (528 ms)
<> Total tests run: 10
<> Ignored tests: 0
<> Failed tests: 1
~ execFileTest(org.apache.accumulo.core.util.shell.ShellTest)
[src/test/resources/shelltest.txt (No such file or directory)]
java.io.FileNotFoundException: src/test/resources/shelltest.txt (No such file or directory)    at java.io.FileInputStream.open0(Native Method)
    at java.io.FileInputStream.open(FileInputStream.java:195)
    at java.io.FileInputStream.<init>(FileInputStream.java:138)
    at java.util.Scanner.<init>(Scanner.java:635)
    at java.util.Scanner.<init>(Scanner.java:629)
    at org.apache.accumulo.core.util.shell.Shell.start(Shell.java:441)

16:54:34.138 [pool-63-thread-1] INFO  f.i.l.repair.nopol.patch.TestPatch - Applying patch: org.apache.accumulo.core.util.shell.Shell:440: PRECONDITION false
16:54:35.537 [pool-63-thread-1] INFO  f.i.l.repair.nopol.patch.TestPatch - Running test suite to check the patch "false" is working
16:54:37.505 [pool-2-thread-1] INFO  fr.inria.lille.repair.nopol.NoPol - ----INFORMATION----
16:54:37.933 [pool-2-thread-1] INFO  fr.inria.lille.repair.nopol.NoPol - Nb classes : 491
16:54:37.933 [pool-2-thread-1] INFO  fr.inria.lille.repair.nopol.NoPol - Nb methods : 4185
16:54:37.933 [pool-2-thread-1] INFO  fr.inria.lille.repair.nopol.NoPol - Nb Statements Analyzed : 11
16:54:37.933 [pool-2-thread-1] INFO  fr.inria.lille.repair.nopol.NoPol - Nb Statements with Angelic Value Found : 1
16:54:37.933 [pool-2-thread-1] INFO  fr.inria.lille.repair.nopol.NoPol - NoPol Execution time : 55889ms
16:54:37.933 [pool-2-thread-1] INFO  fr.inria.lille.repair.nopol.NoPol - 
16:54:37.934 [pool-2-thread-1] INFO  fr.inria.lille.repair.nopol.NoPol - ----PATCH FOUND----
16:54:37.934 [pool-2-thread-1] INFO  fr.inria.lille.repair.nopol.NoPol - false
16:54:37.976 [pool-2-thread-1] INFO  fr.inria.lille.repair.nopol.NoPol - Nb test that executes the patch: 1
16:54:37.977 [pool-2-thread-1] INFO  fr.inria.lille.repair.nopol.NoPol - org.apache.accumulo.core.util.shell.Shell:440: PRECONDITION
16:54:38.004 [pool-2-thread-1] INFO  fr.inria.lille.repair.nopol.NoPol - --- a/core/src/main/java/org/apache/accumulo/core/util/shell/Shell.java
+++ b/core/src/main/java/org/apache/accumulo/core/util/shell/Shell.java
@@ -439,16 +439,18 @@
     
-    if (execFile != null) {
-      java.util.Scanner scanner = new java.util.Scanner(new File(execFile), Constants.UTF8.name());
-      try {
-        while (scanner.hasNextLine() && !hasExited()) {
-          execCommand(scanner.nextLine(), true, isVerbose());
+    if (false) {
+      if (execFile != null) {
+        java.util.Scanner scanner = new java.util.Scanner(new File(execFile), Constants.UTF8.name());
+        try {
+          while (scanner.hasNextLine() && !hasExited()) {
+            execCommand(scanner.nextLine(), true, isVerbose());
+          }
+        } finally {
+          scanner.close();
         }
-      } finally {
-        scanner.close();
+      } else if (execCommand != null) {
+        for (String command : execCommand.split("\n")) {
+          execCommand(command, true, isVerbose());
+        }
+        return exitCode;
       }
-    } else if (execCommand != null) {
-      for (String command : execCommand.split("\n")) {
-        execCommand(command, true, isVerbose());
-      }
-      return exitCode;
     }

PATCH
123.91user 5.88system 0:58.98elapsed 220%CPU (0avgtext+0avgdata 1767748maxresident)k
50976inputs+7920outputs (4major+726911minor)pagefaults 0swaps


Node: graphene-71.nancy.grid5000.fr



Date: Wed Feb 13 16:54:38 EST 2019

