cd /tmp/NPEFix_QuixBugs_DEPTH_FIRST_SEARCH_;
export JAVA_TOOL_OPTIONS="-Dfile.encoding=UTF8 -Duser.language=en-US -Duser.country=US -Duser.language=en";
TZ="America/New_York"; export TZ;
export PATH="/usr/lib/jvm/java-1.8.0-openjdk-amd64/bin/:$PATH";
export JAVA_HOME="/usr/lib/jvm/java-1.8.0-openjdk-amd64/bin/";
time java -Xmx4g -Xms1g -cp /home/tdurieux/defects4j4repair/script/../repair_tools/npefix.jar fr.inria.spirals.npefix.main.run.Main \
    --test java_testcases.junit.DEPTH_FIRST_SEARCH_Test \
    --iteration 100 \
	--complianceLevel 8 \
	--workingdirectory . \
	--source src/main/java \
	--classpath target/classes:target/test-classes:/home/tdurieux/.m2/repository/junit/junit/4.11/junit-4.11.jar:/home/tdurieux/.m2/repository/org/hamcrest/hamcrest-core/1.3/hamcrest-core-1.3.jar;
	echo "\n\nNode: `hostname`\n";
	echo "\n\nDate: `date`\n";
Picked up JAVA_TOOL_OPTIONS: -Dfile.encoding=UTF8 -Duser.language=en-US -Duser.country=US -Duser.language=en
TernarySplitter  in 3ms
CheckNotNull  in 4ms
ForceNullInit in 1ms
AddImplicitCastChecker --> 0 in 4ms
BeforeDeref --> 3 (failed:0) in 23ms
target--> 4 (failed:0) in 48ms
TryRegister # Try: 0 in 2ms
Assign --> 25 (failed: 0) in 30ms
VarInit --> 2 in 3ms
MethodEncapsulation # Method: 10 in 40ms
ConstructorEncapsulation # Constructor: 7 in 56ms
VariableFor in 1ms
spoon.compiler.ModelBuildingException: Local variable nodesvisited defined in an enclosing scope must be final or effectively final at /tmp/NPEFix_QuixBugs_DEPTH_FIRST_SEARCH_/DEPTH_FIRST_SEARCH.java:27
	at spoon.support.compiler.jdt.JDTBasedSpoonCompiler.report(JDTBasedSpoonCompiler.java:581)
	at spoon.support.compiler.jdt.JDTBasedSpoonCompiler.reportProblems(JDTBasedSpoonCompiler.java:562)
	at spoon.support.compiler.jdt.JDTBasedSpoonCompiler.compile(JDTBasedSpoonCompiler.java:157)
	at fr.inria.spirals.npefix.main.all.Launcher.instrument(Launcher.java:109)
	at fr.inria.spirals.npefix.main.run.Main.run(Main.java:61)
	at fr.inria.spirals.npefix.main.run.Main.main(Main.java:48)
Exception in thread "main" spoon.compiler.ModelBuildingException: Local variable nodesvisited defined in an enclosing scope must be final or effectively final at /tmp/NPEFix_QuixBugs_DEPTH_FIRST_SEARCH_/DEPTH_FIRST_SEARCH.java:27
	at spoon.support.compiler.jdt.JDTBasedSpoonCompiler.report(JDTBasedSpoonCompiler.java:581)
	at spoon.support.compiler.jdt.JDTBasedSpoonCompiler.reportProblems(JDTBasedSpoonCompiler.java:562)
	at spoon.support.compiler.jdt.JDTBasedSpoonCompiler.compile(JDTBasedSpoonCompiler.java:157)
	at fr.inria.spirals.npefix.main.all.Launcher.instrument(Launcher.java:109)
	at fr.inria.spirals.npefix.main.run.Main.run(Main.java:61)
	at fr.inria.spirals.npefix.main.run.Main.main(Main.java:48)
Command exited with non-zero status 1
3.51user 0.15system 0:02.10elapsed 173%CPU (0avgtext+0avgdata 179468maxresident)k
18656inputs+136outputs (1major+44383minor)pagefaults 0swaps


Node: graphene-69.nancy.grid5000.fr



Date: Sun Dec  2 05:27:35 EST 2018

