cd /tmp/Nopol_Defects4J_Math_78;
export JAVA_TOOL_OPTIONS=-Dfile.encoding=UTF8;
TZ="America/New_York"; export TZ;
export PATH="/usr/lib/jvm/java-1.8.0-openjdk-amd64/bin/:$PATH";
export JAVA_HOME="/usr/lib/jvm/java-1.8.0-openjdk-amd64/bin/";
time java -Xmx4048m -cp /home/tdurieux/defects4j4repair/script/../repair_tools/nopol.jar:/usr/lib/jvm/java-1.8.0-openjdk-amd64/bin//../lib/tools.jar fr.inria.lille.repair.Main \
	--mode repair \
	--type pre_then_cond \
	--oracle angelic \
	--synthesis smt \
	--flocal gzoltar \
	--json \
	--solver z3 \
	--solver-path /home/tdurieux/defects4j4repair/script/../libs/z3/build/z3 \
	--complianceLevel 5 \
	--source src/main/java/ \
	--classpath "target/classes/:target/test-classes/:/tmp/Nopol_Defects4J_Math_78/target/classes/:/tmp/Nopol_Defects4J_Math_78/target/test-classes/:/home/tdurieux/defects4j4repair/script/../benchmarks/defects4j/framework/projects/Math/lib/commons-discovery-0.5.jar:/home/tdurieux/defects4j4repair/script/../repair_tools/nopol.jar";
	echo "\n\nNode: `hostname`\n";
	echo "\n\nDate: `date`\n";
Picked up JAVA_TOOL_OPTIONS: -Dfile.encoding=UTF8
22:25:48.063 [main] INFO  fr.inria.lille.repair.nopol.NoPol - Source files: [src/main/java]
22:25:48.068 [main] INFO  fr.inria.lille.repair.nopol.NoPol - Classpath: [file:/tmp/Nopol_Defects4J_Math_78/target/classes/, file:/tmp/Nopol_Defects4J_Math_78/target/test-classes/, file:/tmp/Nopol_Defects4J_Math_78/target/classes/, file:/tmp/Nopol_Defects4J_Math_78/target/test-classes/, file:/home/tdurieux/defects4j4repair/script/../benchmarks/defects4j/framework/projects/Math/lib/commons-discovery-0.5.jar, file:/home/tdurieux/defects4j4repair/script/../repair_tools/nopol.jar]
22:25:48.068 [main] INFO  fr.inria.lille.repair.nopol.NoPol - Statement type: PRE_THEN_COND
22:25:48.069 [main] INFO  fr.inria.lille.repair.nopol.NoPol - Args: [org.apache.commons.math.ArgumentOutsideDomainExceptionTest, org.apache.commons.math.ArgumentOutsideDomainExceptionTest, org.apache.commons.math.ConvergenceExceptionTest, org.apache.commons.math.ConvergenceExceptionTest, org.apache.commons.math.DuplicateSampleAbscissaExceptionTest, org.apache.commons.math.DuplicateSampleAbscissaExceptionTest, org.apache.commons.math.FunctionEvaluationExceptionTest, org.apache.commons.math.FunctionEvaluationExceptionTest, org.apache.commons.math.MathConfigurationExceptionTest, org.apache.commons.math.MathConfigurationExceptionTest, org.apache.commons.math.MathExceptionTest, org.apache.commons.math.MathExceptionTest, org.apache.commons.math.MaxIterationsExceededExceptionTest, org.apache.commons.math.MaxIterationsExceededExceptionTest, org.apache.commons.math.analysis.integration.LegendreGaussIntegratorTest, org.apache.commons.math.analysis.integration.LegendreGaussIntegratorTest, org.apache.commons.math.analysis.integration.RombergIntegratorTest, org.apache.commons.math.analysis.integration.RombergIntegratorTest, org.apache.commons.math.analysis.integration.SimpsonIntegratorTest, org.apache.commons.math.analysis.integration.SimpsonIntegratorTest, org.apache.commons.math.analysis.integration.TrapezoidIntegratorTest, org.apache.commons.math.analysis.integration.TrapezoidIntegratorTest, org.apache.commons.math.analysis.interpolation.DividedDifferenceInterpolatorTest, org.apache.commons.math.analysis.interpolation.DividedDifferenceInterpolatorTest, org.apache.commons.math.analysis.interpolation.LoessInterpolatorTest, org.apache.commons.math.analysis.interpolation.LoessInterpolatorTest, org.apache.commons.math.analysis.interpolation.MicrosphereInterpolatorTest, org.apache.commons.math.analysis.interpolation.MicrosphereInterpolatorTest, org.apache.commons.math.analysis.interpolation.NevilleInterpolatorTest, org.apache.commons.math.analysis.interpolation.NevilleInterpolatorTest, org.apache.commons.math.analysis.interpolation.SplineInterpolatorTest, org.apache.commons.math.analysis.interpolation.SplineInterpolatorTest, org.apache.commons.math.analysis.polynomials.PolynomialFunctionLagrangeFormTest, org.apache.commons.math.analysis.polynomials.PolynomialFunctionLagrangeFormTest, org.apache.commons.math.analysis.polynomials.PolynomialFunctionNewtonFormTest, org.apache.commons.math.analysis.polynomials.PolynomialFunctionNewtonFormTest, org.apache.commons.math.analysis.polynomials.PolynomialFunctionTest, org.apache.commons.math.analysis.polynomials.PolynomialFunctionTest, org.apache.commons.math.analysis.polynomials.PolynomialSplineFunctionTest, org.apache.commons.math.analysis.polynomials.PolynomialSplineFunctionTest, org.apache.commons.math.analysis.polynomials.PolynomialsUtilsTest, org.apache.commons.math.analysis.polynomials.PolynomialsUtilsTest, org.apache.commons.math.analysis.solvers.BisectionSolverTest, org.apache.commons.math.analysis.solvers.BisectionSolverTest, org.apache.commons.math.analysis.solvers.BrentSolverTest, org.apache.commons.math.analysis.solvers.BrentSolverTest, org.apache.commons.math.analysis.solvers.LaguerreSolverTest, org.apache.commons.math.analysis.solvers.LaguerreSolverTest, org.apache.commons.math.analysis.solvers.MullerSolverTest, org.apache.commons.math.analysis.solvers.MullerSolverTest, org.apache.commons.math.analysis.solvers.NewtonSolverTest, org.apache.commons.math.analysis.solvers.NewtonSolverTest, org.apache.commons.math.analysis.solvers.RiddersSolverTest, org.apache.commons.math.analysis.solvers.RiddersSolverTest, org.apache.commons.math.analysis.solvers.UnivariateRealSolverFactoryImplTest, org.apache.commons.math.analysis.solvers.UnivariateRealSolverFactoryImplTest, org.apache.commons.math.analysis.solvers.UnivariateRealSolverUtilsTest, org.apache.commons.math.analysis.solvers.UnivariateRealSolverUtilsTest, org.apache.commons.math.complex.ComplexFieldTest, org.apache.commons.math.complex.ComplexFieldTest, org.apache.commons.math.complex.ComplexFormatTest, org.apache.commons.math.complex.ComplexFormatTest, org.apache.commons.math.complex.ComplexTest, org.apache.commons.math.complex.ComplexTest, org.apache.commons.math.complex.ComplexUtilsTest, org.apache.commons.math.complex.ComplexUtilsTest, org.apache.commons.math.complex.FrenchComplexFormatTest, org.apache.commons.math.complex.FrenchComplexFormatTest, org.apache.commons.math.distribution.BetaDistributionTest, org.apache.commons.math.distribution.BetaDistributionTest, org.apache.commons.math.distribution.BinomialDistributionTest, org.apache.commons.math.distribution.BinomialDistributionTest, org.apache.commons.math.distribution.CauchyDistributionTest, org.apache.commons.math.distribution.CauchyDistributionTest, org.apache.commons.math.distribution.ChiSquareDistributionTest, org.apache.commons.math.distribution.ChiSquareDistributionTest, org.apache.commons.math.distribution.ExponentialDistributionTest, org.apache.commons.math.distribution.ExponentialDistributionTest, org.apache.commons.math.distribution.FDistributionTest, org.apache.commons.math.distribution.FDistributionTest, org.apache.commons.math.distribution.GammaDistributionTest, org.apache.commons.math.distribution.GammaDistributionTest, org.apache.commons.math.distribution.HypergeometricDistributionTest, org.apache.commons.math.distribution.HypergeometricDistributionTest, org.apache.commons.math.distribution.NormalDistributionTest, org.apache.commons.math.distribution.NormalDistributionTest, org.apache.commons.math.distribution.PascalDistributionTest, org.apache.commons.math.distribution.PascalDistributionTest, org.apache.commons.math.distribution.PoissonDistributionTest, org.apache.commons.math.distribution.PoissonDistributionTest, org.apache.commons.math.distribution.TDistributionTest, org.apache.commons.math.distribution.TDistributionTest, org.apache.commons.math.distribution.WeibullDistributionTest, org.apache.commons.math.distribution.WeibullDistributionTest, org.apache.commons.math.distribution.ZipfDistributionTest, org.apache.commons.math.distribution.ZipfDistributionTest, org.apache.commons.math.estimation.EstimatedParameterTest, org.apache.commons.math.estimation.EstimatedParameterTest, org.apache.commons.math.estimation.GaussNewtonEstimatorTest, org.apache.commons.math.estimation.GaussNewtonEstimatorTest, org.apache.commons.math.estimation.LevenbergMarquardtEstimatorTest, org.apache.commons.math.estimation.LevenbergMarquardtEstimatorTest, org.apache.commons.math.estimation.MinpackTest, org.apache.commons.math.estimation.MinpackTest, org.apache.commons.math.estimation.WeightedMeasurementTest, org.apache.commons.math.estimation.WeightedMeasurementTest, org.apache.commons.math.fraction.BigFractionFieldTest, org.apache.commons.math.fraction.BigFractionFieldTest, org.apache.commons.math.fraction.BigFractionFormatTest, org.apache.commons.math.fraction.BigFractionFormatTest, org.apache.commons.math.fraction.BigFractionTest, org.apache.commons.math.fraction.BigFractionTest, org.apache.commons.math.fraction.FractionFieldTest, org.apache.commons.math.fraction.FractionFieldTest, org.apache.commons.math.fraction.FractionFormatTest, org.apache.commons.math.fraction.FractionFormatTest, org.apache.commons.math.fraction.FractionTest, org.apache.commons.math.fraction.FractionTest, org.apache.commons.math.genetics.BinaryChromosomeTest, org.apache.commons.math.genetics.BinaryChromosomeTest, org.apache.commons.math.genetics.BinaryMutationTest, org.apache.commons.math.genetics.BinaryMutationTest, org.apache.commons.math.genetics.ChromosomeTest, org.apache.commons.math.genetics.ChromosomeTest, org.apache.commons.math.genetics.ElitisticListPopulationTest, org.apache.commons.math.genetics.ElitisticListPopulationTest, org.apache.commons.math.genetics.FitnessCachingTest, org.apache.commons.math.genetics.FitnessCachingTest, org.apache.commons.math.genetics.FixedGenerationCountTest, org.apache.commons.math.genetics.FixedGenerationCountTest, org.apache.commons.math.genetics.GeneticAlgorithmTestBinary, org.apache.commons.math.genetics.GeneticAlgorithmTestBinary, org.apache.commons.math.genetics.GeneticAlgorithmTestPermutations, org.apache.commons.math.genetics.GeneticAlgorithmTestPermutations, org.apache.commons.math.genetics.ListPopulationTest, org.apache.commons.math.genetics.ListPopulationTest, org.apache.commons.math.genetics.OnePointCrossoverTest, org.apache.commons.math.genetics.OnePointCrossoverTest, org.apache.commons.math.genetics.RandomKeyMutationTest, org.apache.commons.math.genetics.RandomKeyMutationTest, org.apache.commons.math.genetics.RandomKeyTest, org.apache.commons.math.genetics.RandomKeyTest, org.apache.commons.math.genetics.TournamentSelectionTest, org.apache.commons.math.genetics.TournamentSelectionTest, org.apache.commons.math.geometry.FrenchVector3DFormatTest, org.apache.commons.math.geometry.FrenchVector3DFormatTest, org.apache.commons.math.geometry.RotationOrderTest, org.apache.commons.math.geometry.RotationOrderTest, org.apache.commons.math.geometry.RotationTest, org.apache.commons.math.geometry.RotationTest, org.apache.commons.math.geometry.Vector3DFormatTest, org.apache.commons.math.geometry.Vector3DFormatTest, org.apache.commons.math.geometry.Vector3DTest, org.apache.commons.math.geometry.Vector3DTest, org.apache.commons.math.linear.Array2DRowRealMatrixTest, org.apache.commons.math.linear.Array2DRowRealMatrixTest, org.apache.commons.math.linear.ArrayFieldVectorTest, org.apache.commons.math.linear.ArrayFieldVectorTest, org.apache.commons.math.linear.ArrayRealVectorTest, org.apache.commons.math.linear.ArrayRealVectorTest, org.apache.commons.math.linear.BiDiagonalTransformerTest, org.apache.commons.math.linear.BiDiagonalTransformerTest, org.apache.commons.math.linear.BigMatrixImplTest, org.apache.commons.math.linear.BigMatrixImplTest, org.apache.commons.math.linear.BlockFieldMatrixTest, org.apache.commons.math.linear.BlockFieldMatrixTest, org.apache.commons.math.linear.BlockRealMatrixTest, org.apache.commons.math.linear.BlockRealMatrixTest, org.apache.commons.math.linear.CholeskyDecompositionImplTest, org.apache.commons.math.linear.CholeskyDecompositionImplTest, org.apache.commons.math.linear.CholeskySolverTest, org.apache.commons.math.linear.CholeskySolverTest, org.apache.commons.math.linear.EigenDecompositionImplTest, org.apache.commons.math.linear.EigenDecompositionImplTest, org.apache.commons.math.linear.EigenSolverTest, org.apache.commons.math.linear.EigenSolverTest, org.apache.commons.math.linear.FieldLUDecompositionImplTest, org.apache.commons.math.linear.FieldLUDecompositionImplTest, org.apache.commons.math.linear.FieldMatrixImplTest, org.apache.commons.math.linear.FieldMatrixImplTest, org.apache.commons.math.linear.FrenchRealVectorFormatTest, org.apache.commons.math.linear.FrenchRealVectorFormatTest, org.apache.commons.math.linear.InvalidMatrixExceptionTest, org.apache.commons.math.linear.InvalidMatrixExceptionTest, org.apache.commons.math.linear.LUDecompositionImplTest, org.apache.commons.math.linear.LUDecompositionImplTest, org.apache.commons.math.linear.LUSolverTest, org.apache.commons.math.linear.LUSolverTest, org.apache.commons.math.linear.MatrixIndexExceptionTest, org.apache.commons.math.linear.MatrixIndexExceptionTest, org.apache.commons.math.linear.MatrixUtilsTest, org.apache.commons.math.linear.MatrixUtilsTest, org.apache.commons.math.linear.QRDecompositionImplTest, org.apache.commons.math.linear.QRDecompositionImplTest, org.apache.commons.math.linear.QRSolverTest, org.apache.commons.math.linear.QRSolverTest, org.apache.commons.math.linear.RealMatrixImplTest, org.apache.commons.math.linear.RealMatrixImplTest, org.apache.commons.math.linear.RealVectorFormatTest, org.apache.commons.math.linear.RealVectorFormatTest, org.apache.commons.math.linear.SingularValueDecompositionImplTest, org.apache.commons.math.linear.SingularValueDecompositionImplTest, org.apache.commons.math.linear.SingularValueSolverTest, org.apache.commons.math.linear.SingularValueSolverTest, org.apache.commons.math.linear.SparseFieldMatrixTest, org.apache.commons.math.linear.SparseFieldMatrixTest, org.apache.commons.math.linear.SparseFieldVectorTest, org.apache.commons.math.linear.SparseFieldVectorTest, org.apache.commons.math.linear.SparseRealMatrixTest, org.apache.commons.math.linear.SparseRealMatrixTest, org.apache.commons.math.linear.SparseRealVectorTest, org.apache.commons.math.linear.SparseRealVectorTest, org.apache.commons.math.linear.TriDiagonalTransformerTest, org.apache.commons.math.linear.TriDiagonalTransformerTest, org.apache.commons.math.ode.ContinuousOutputModelTest, org.apache.commons.math.ode.ContinuousOutputModelTest, org.apache.commons.math.ode.FirstOrderConverterTest, org.apache.commons.math.ode.FirstOrderConverterTest, org.apache.commons.math.ode.events.EventStateTest, org.apache.commons.math.ode.events.EventStateTest, org.apache.commons.math.ode.nonstiff.AdamsBashforthIntegratorTest, org.apache.commons.math.ode.nonstiff.AdamsBashforthIntegratorTest, org.apache.commons.math.ode.nonstiff.AdamsMoultonIntegratorTest, org.apache.commons.math.ode.nonstiff.AdamsMoultonIntegratorTest, org.apache.commons.math.ode.nonstiff.ClassicalRungeKuttaIntegratorTest, org.apache.commons.math.ode.nonstiff.ClassicalRungeKuttaIntegratorTest, org.apache.commons.math.ode.nonstiff.ClassicalRungeKuttaStepInterpolatorTest, org.apache.commons.math.ode.nonstiff.ClassicalRungeKuttaStepInterpolatorTest, org.apache.commons.math.ode.nonstiff.DormandPrince54IntegratorTest, org.apache.commons.math.ode.nonstiff.DormandPrince54IntegratorTest, org.apache.commons.math.ode.nonstiff.DormandPrince54StepInterpolatorTest, org.apache.commons.math.ode.nonstiff.DormandPrince54StepInterpolatorTest, org.apache.commons.math.ode.nonstiff.DormandPrince853IntegratorTest, org.apache.commons.math.ode.nonstiff.DormandPrince853IntegratorTest, org.apache.commons.math.ode.nonstiff.DormandPrince853StepInterpolatorTest, org.apache.commons.math.ode.nonstiff.DormandPrince853StepInterpolatorTest, org.apache.commons.math.ode.nonstiff.EulerIntegratorTest, org.apache.commons.math.ode.nonstiff.EulerIntegratorTest, org.apache.commons.math.ode.nonstiff.EulerStepInterpolatorTest, org.apache.commons.math.ode.nonstiff.EulerStepInterpolatorTest, org.apache.commons.math.ode.nonstiff.GillIntegratorTest, org.apache.commons.math.ode.nonstiff.GillIntegratorTest, org.apache.commons.math.ode.nonstiff.GillStepInterpolatorTest, org.apache.commons.math.ode.nonstiff.GillStepInterpolatorTest, org.apache.commons.math.ode.nonstiff.GraggBulirschStoerIntegratorTest, org.apache.commons.math.ode.nonstiff.GraggBulirschStoerIntegratorTest, org.apache.commons.math.ode.nonstiff.GraggBulirschStoerStepInterpolatorTest, org.apache.commons.math.ode.nonstiff.GraggBulirschStoerStepInterpolatorTest, org.apache.commons.math.ode.nonstiff.HighamHall54IntegratorTest, org.apache.commons.math.ode.nonstiff.HighamHall54IntegratorTest, org.apache.commons.math.ode.nonstiff.HighamHall54StepInterpolatorTest, org.apache.commons.math.ode.nonstiff.HighamHall54StepInterpolatorTest, org.apache.commons.math.ode.nonstiff.MidpointIntegratorTest, org.apache.commons.math.ode.nonstiff.MidpointIntegratorTest, org.apache.commons.math.ode.nonstiff.MidpointStepInterpolatorTest, org.apache.commons.math.ode.nonstiff.MidpointStepInterpolatorTest, org.apache.commons.math.ode.nonstiff.ThreeEighthesIntegratorTest, org.apache.commons.math.ode.nonstiff.ThreeEighthesIntegratorTest, org.apache.commons.math.ode.nonstiff.ThreeEighthesStepInterpolatorTest, org.apache.commons.math.ode.nonstiff.ThreeEighthesStepInterpolatorTest, org.apache.commons.math.ode.sampling.DummyStepInterpolatorTest, org.apache.commons.math.ode.sampling.DummyStepInterpolatorTest, org.apache.commons.math.ode.sampling.NordsieckStepInterpolatorTest, org.apache.commons.math.ode.sampling.NordsieckStepInterpolatorTest, org.apache.commons.math.ode.sampling.StepNormalizerTest, org.apache.commons.math.ode.sampling.StepNormalizerTest, org.apache.commons.math.optimization.MultiStartDifferentiableMultivariateRealOptimizerTest, org.apache.commons.math.optimization.MultiStartDifferentiableMultivariateRealOptimizerTest, org.apache.commons.math.optimization.MultiStartDifferentiableMultivariateVectorialOptimizerTest, org.apache.commons.math.optimization.MultiStartDifferentiableMultivariateVectorialOptimizerTest, org.apache.commons.math.optimization.MultiStartMultivariateRealOptimizerTest, org.apache.commons.math.optimization.MultiStartMultivariateRealOptimizerTest, org.apache.commons.math.optimization.MultiStartUnivariateRealOptimizerTest, org.apache.commons.math.optimization.MultiStartUnivariateRealOptimizerTest, org.apache.commons.math.optimization.direct.MultiDirectionalTest, org.apache.commons.math.optimization.direct.MultiDirectionalTest, org.apache.commons.math.optimization.direct.NelderMeadTest, org.apache.commons.math.optimization.direct.NelderMeadTest, org.apache.commons.math.optimization.fitting.HarmonicFitterTest, org.apache.commons.math.optimization.fitting.HarmonicFitterTest, org.apache.commons.math.optimization.fitting.PolynomialFitterTest, org.apache.commons.math.optimization.fitting.PolynomialFitterTest, org.apache.commons.math.optimization.general.GaussNewtonOptimizerTest, org.apache.commons.math.optimization.general.GaussNewtonOptimizerTest, org.apache.commons.math.optimization.general.LevenbergMarquardtOptimizerTest, org.apache.commons.math.optimization.general.LevenbergMarquardtOptimizerTest, org.apache.commons.math.optimization.general.MinpackTest, org.apache.commons.math.optimization.general.MinpackTest, org.apache.commons.math.optimization.general.NonLinearConjugateGradientOptimizerTest, org.apache.commons.math.optimization.general.NonLinearConjugateGradientOptimizerTest, org.apache.commons.math.optimization.linear.SimplexSolverTest, org.apache.commons.math.optimization.linear.SimplexSolverTest, org.apache.commons.math.optimization.linear.SimplexTableauTest, org.apache.commons.math.optimization.linear.SimplexTableauTest, org.apache.commons.math.optimization.univariate.BrentMinimizerTest, org.apache.commons.math.optimization.univariate.BrentMinimizerTest, org.apache.commons.math.random.AbstractRandomGeneratorTest, org.apache.commons.math.random.AbstractRandomGeneratorTest, org.apache.commons.math.random.CorrelatedRandomVectorGeneratorTest, org.apache.commons.math.random.CorrelatedRandomVectorGeneratorTest, org.apache.commons.math.random.EmpiricalDistributionTest, org.apache.commons.math.random.EmpiricalDistributionTest, org.apache.commons.math.random.GaussianRandomGeneratorTest, org.apache.commons.math.random.GaussianRandomGeneratorTest, org.apache.commons.math.random.MersenneTwisterTest, org.apache.commons.math.random.MersenneTwisterTest, org.apache.commons.math.random.RandomAdaptorTest, org.apache.commons.math.random.RandomAdaptorTest, org.apache.commons.math.random.RandomDataTest, org.apache.commons.math.random.RandomDataTest, org.apache.commons.math.random.UncorrelatedRandomVectorGeneratorTest, org.apache.commons.math.random.UncorrelatedRandomVectorGeneratorTest, org.apache.commons.math.random.UniformRandomGeneratorTest, org.apache.commons.math.random.UniformRandomGeneratorTest, org.apache.commons.math.random.ValueServerTest, org.apache.commons.math.random.ValueServerTest, org.apache.commons.math.special.BetaTest, org.apache.commons.math.special.BetaTest, org.apache.commons.math.special.ErfTest, org.apache.commons.math.special.ErfTest, org.apache.commons.math.special.GammaTest, org.apache.commons.math.special.GammaTest, org.apache.commons.math.stat.CertifiedDataTest, org.apache.commons.math.stat.CertifiedDataTest, org.apache.commons.math.stat.FrequencyTest, org.apache.commons.math.stat.FrequencyTest, org.apache.commons.math.stat.StatUtilsTest, org.apache.commons.math.stat.StatUtilsTest, org.apache.commons.math.stat.clustering.EuclideanIntegerPointTest, org.apache.commons.math.stat.clustering.EuclideanIntegerPointTest, org.apache.commons.math.stat.clustering.KMeansPlusPlusClustererTest, org.apache.commons.math.stat.clustering.KMeansPlusPlusClustererTest, org.apache.commons.math.stat.correlation.CovarianceTest, org.apache.commons.math.stat.correlation.CovarianceTest, org.apache.commons.math.stat.correlation.PearsonsCorrelationTest, org.apache.commons.math.stat.correlation.PearsonsCorrelationTest, org.apache.commons.math.stat.correlation.SpearmansRankCorrelationTest, org.apache.commons.math.stat.correlation.SpearmansRankCorrelationTest, org.apache.commons.math.stat.data.LewTest, org.apache.commons.math.stat.data.LewTest, org.apache.commons.math.stat.data.LotteryTest, org.apache.commons.math.stat.data.LotteryTest, org.apache.commons.math.stat.descriptive.AbstractUnivariateStatisticTest, org.apache.commons.math.stat.descriptive.AbstractUnivariateStatisticTest, org.apache.commons.math.stat.descriptive.AggregateSummaryStatisticsTest, org.apache.commons.math.stat.descriptive.AggregateSummaryStatisticsTest, org.apache.commons.math.stat.descriptive.DescriptiveStatisticsTest, org.apache.commons.math.stat.descriptive.DescriptiveStatisticsTest, org.apache.commons.math.stat.descriptive.InteractionTest, org.apache.commons.math.stat.descriptive.InteractionTest, org.apache.commons.math.stat.descriptive.ListUnivariateImplTest, org.apache.commons.math.stat.descriptive.ListUnivariateImplTest, org.apache.commons.math.stat.descriptive.MixedListUnivariateImplTest, org.apache.commons.math.stat.descriptive.MixedListUnivariateImplTest, org.apache.commons.math.stat.descriptive.MultivariateSummaryStatisticsTest, org.apache.commons.math.stat.descriptive.MultivariateSummaryStatisticsTest, org.apache.commons.math.stat.descriptive.StatisticalSummaryValuesTest, org.apache.commons.math.stat.descriptive.StatisticalSummaryValuesTest, org.apache.commons.math.stat.descriptive.SummaryStatisticsTest, org.apache.commons.math.stat.descriptive.SummaryStatisticsTest, org.apache.commons.math.stat.descriptive.SynchronizedDescriptiveStatisticsTest, org.apache.commons.math.stat.descriptive.SynchronizedDescriptiveStatisticsTest, org.apache.commons.math.stat.descriptive.SynchronizedMultivariateSummaryStatisticsTest, org.apache.commons.math.stat.descriptive.SynchronizedMultivariateSummaryStatisticsTest, org.apache.commons.math.stat.descriptive.SynchronizedSummaryStatisticsTest, org.apache.commons.math.stat.descriptive.SynchronizedSummaryStatisticsTest, org.apache.commons.math.stat.descriptive.moment.FirstMomentTest, org.apache.commons.math.stat.descriptive.moment.FirstMomentTest, org.apache.commons.math.stat.descriptive.moment.FourthMomentTest, org.apache.commons.math.stat.descriptive.moment.FourthMomentTest, org.apache.commons.math.stat.descriptive.moment.GeometricMeanTest, org.apache.commons.math.stat.descriptive.moment.GeometricMeanTest, org.apache.commons.math.stat.descriptive.moment.KurtosisTest, org.apache.commons.math.stat.descriptive.moment.KurtosisTest, org.apache.commons.math.stat.descriptive.moment.MeanTest, org.apache.commons.math.stat.descriptive.moment.MeanTest, org.apache.commons.math.stat.descriptive.moment.SecondMomentTest, org.apache.commons.math.stat.descriptive.moment.SecondMomentTest, org.apache.commons.math.stat.descriptive.moment.SkewnessTest, org.apache.commons.math.stat.descriptive.moment.SkewnessTest, org.apache.commons.math.stat.descriptive.moment.StandardDeviationTest, org.apache.commons.math.stat.descriptive.moment.StandardDeviationTest, org.apache.commons.math.stat.descriptive.moment.ThirdMomentTest, org.apache.commons.math.stat.descriptive.moment.ThirdMomentTest, org.apache.commons.math.stat.descriptive.moment.VarianceTest, org.apache.commons.math.stat.descriptive.moment.VarianceTest, org.apache.commons.math.stat.descriptive.moment.VectorialCovarianceTest, org.apache.commons.math.stat.descriptive.moment.VectorialCovarianceTest, org.apache.commons.math.stat.descriptive.moment.VectorialMeanTest, org.apache.commons.math.stat.descriptive.moment.VectorialMeanTest, org.apache.commons.math.stat.descriptive.rank.MaxTest, org.apache.commons.math.stat.descriptive.rank.MaxTest, org.apache.commons.math.stat.descriptive.rank.MedianTest, org.apache.commons.math.stat.descriptive.rank.MedianTest, org.apache.commons.math.stat.descriptive.rank.MinTest, org.apache.commons.math.stat.descriptive.rank.MinTest, org.apache.commons.math.stat.descriptive.rank.PercentileTest, org.apache.commons.math.stat.descriptive.rank.PercentileTest, org.apache.commons.math.stat.descriptive.summary.ProductTest, org.apache.commons.math.stat.descriptive.summary.ProductTest, org.apache.commons.math.stat.descriptive.summary.SumLogTest, org.apache.commons.math.stat.descriptive.summary.SumLogTest, org.apache.commons.math.stat.descriptive.summary.SumSqTest, org.apache.commons.math.stat.descriptive.summary.SumSqTest, org.apache.commons.math.stat.descriptive.summary.SumTest, org.apache.commons.math.stat.descriptive.summary.SumTest, org.apache.commons.math.stat.inference.ChiSquareFactoryTest, org.apache.commons.math.stat.inference.ChiSquareFactoryTest, org.apache.commons.math.stat.inference.ChiSquareTestTest, org.apache.commons.math.stat.inference.ChiSquareTestTest, org.apache.commons.math.stat.inference.OneWayAnovaTest, org.apache.commons.math.stat.inference.OneWayAnovaTest, org.apache.commons.math.stat.inference.TTestFactoryTest, org.apache.commons.math.stat.inference.TTestFactoryTest, org.apache.commons.math.stat.inference.TTestTest, org.apache.commons.math.stat.inference.TTestTest, org.apache.commons.math.stat.inference.TestUtilsTest, org.apache.commons.math.stat.inference.TestUtilsTest, org.apache.commons.math.stat.ranking.NaturalRankingTest, org.apache.commons.math.stat.ranking.NaturalRankingTest, org.apache.commons.math.stat.regression.GLSMultipleLinearRegressionTest, org.apache.commons.math.stat.regression.GLSMultipleLinearRegressionTest, org.apache.commons.math.stat.regression.OLSMultipleLinearRegressionTest, org.apache.commons.math.stat.regression.OLSMultipleLinearRegressionTest, org.apache.commons.math.stat.regression.SimpleRegressionTest, org.apache.commons.math.stat.regression.SimpleRegressionTest, org.apache.commons.math.transform.FastCosineTransformerTest, org.apache.commons.math.transform.FastCosineTransformerTest, org.apache.commons.math.transform.FastFourierTransformerTest, org.apache.commons.math.transform.FastFourierTransformerTest, org.apache.commons.math.transform.FastHadamardTransformerTest, org.apache.commons.math.transform.FastHadamardTransformerTest, org.apache.commons.math.transform.FastSineTransformerTest, org.apache.commons.math.transform.FastSineTransformerTest, org.apache.commons.math.util.BigRealFieldTest, org.apache.commons.math.util.BigRealFieldTest, org.apache.commons.math.util.BigRealTest, org.apache.commons.math.util.BigRealTest, org.apache.commons.math.util.ContinuedFractionTest, org.apache.commons.math.util.ContinuedFractionTest, org.apache.commons.math.util.DefaultTransformerTest, org.apache.commons.math.util.DefaultTransformerTest, org.apache.commons.math.util.MathUtilsTest, org.apache.commons.math.util.MathUtilsTest, org.apache.commons.math.util.OpenIntToDoubleHashMapTest, org.apache.commons.math.util.OpenIntToDoubleHashMapTest, org.apache.commons.math.util.OpenIntToFieldTest, org.apache.commons.math.util.OpenIntToFieldTest, org.apache.commons.math.util.ResizableDoubleArrayTest, org.apache.commons.math.util.ResizableDoubleArrayTest, org.apache.commons.math.util.TransformerMapTest, org.apache.commons.math.util.TransformerMapTest]
22:25:48.073 [main] INFO  fr.inria.lille.repair.nopol.NoPol - Config: Config{synthesisDepth=3, collectStaticMethods=true, collectStaticFields=false, collectLiterals=false, onlyOneSynthesisResult=true, sortExpressions=true, maxLineInvocationPerTest=250, timeoutMethodInvocation=2000, dataCollectionTimeoutInSecondForSynthesis=900, addWeight=0.19478, subWeight=0.04554, mulWeight=0.0102, divWeight=0.00613, andWeight=0.10597, orWeight=0.05708, eqWeight=0.22798, nEqWeight=0.0, lessEqWeight=0.0255, lessWeight=0.0947, methodCallWeight=0.1, fieldAccessWeight=0.08099, constantWeight=0.14232, variableWeight=0.05195, mode=REPAIR, type=PRE_THEN_COND, synthesis=SMT, oracle=ANGELIC, solver=Z3, solverPath='/home/tdurieux/defects4j4repair/script/../libs/z3/build/z3', projectSources=[src/main/java], projectClasspath='[Ljava.net.URL;@66d33a', projectTests=[org.apache.commons.math.ArgumentOutsideDomainExceptionTest, org.apache.commons.math.ArgumentOutsideDomainExceptionTest, org.apache.commons.math.ConvergenceExceptionTest, org.apache.commons.math.ConvergenceExceptionTest, org.apache.commons.math.DuplicateSampleAbscissaExceptionTest, org.apache.commons.math.DuplicateSampleAbscissaExceptionTest, org.apache.commons.math.FunctionEvaluationExceptionTest, org.apache.commons.math.FunctionEvaluationExceptionTest, org.apache.commons.math.MathConfigurationExceptionTest, org.apache.commons.math.MathConfigurationExceptionTest, org.apache.commons.math.MathExceptionTest, org.apache.commons.math.MathExceptionTest, org.apache.commons.math.MaxIterationsExceededExceptionTest, org.apache.commons.math.MaxIterationsExceededExceptionTest, org.apache.commons.math.analysis.integration.LegendreGaussIntegratorTest, org.apache.commons.math.analysis.integration.LegendreGaussIntegratorTest, org.apache.commons.math.analysis.integration.RombergIntegratorTest, org.apache.commons.math.analysis.integration.RombergIntegratorTest, org.apache.commons.math.analysis.integration.SimpsonIntegratorTest, org.apache.commons.math.analysis.integration.SimpsonIntegratorTest, org.apache.commons.math.analysis.integration.TrapezoidIntegratorTest, org.apache.commons.math.analysis.integration.TrapezoidIntegratorTest, org.apache.commons.math.analysis.interpolation.DividedDifferenceInterpolatorTest, org.apache.commons.math.analysis.interpolation.DividedDifferenceInterpolatorTest, org.apache.commons.math.analysis.interpolation.LoessInterpolatorTest, org.apache.commons.math.analysis.interpolation.LoessInterpolatorTest, org.apache.commons.math.analysis.interpolation.MicrosphereInterpolatorTest, org.apache.commons.math.analysis.interpolation.MicrosphereInterpolatorTest, org.apache.commons.math.analysis.interpolation.NevilleInterpolatorTest, org.apache.commons.math.analysis.interpolation.NevilleInterpolatorTest, org.apache.commons.math.analysis.interpolation.SplineInterpolatorTest, org.apache.commons.math.analysis.interpolation.SplineInterpolatorTest, org.apache.commons.math.analysis.polynomials.PolynomialFunctionLagrangeFormTest, org.apache.commons.math.analysis.polynomials.PolynomialFunctionLagrangeFormTest, org.apache.commons.math.analysis.polynomials.PolynomialFunctionNewtonFormTest, org.apache.commons.math.analysis.polynomials.PolynomialFunctionNewtonFormTest, org.apache.commons.math.analysis.polynomials.PolynomialFunctionTest, org.apache.commons.math.analysis.polynomials.PolynomialFunctionTest, org.apache.commons.math.analysis.polynomials.PolynomialSplineFunctionTest, org.apache.commons.math.analysis.polynomials.PolynomialSplineFunctionTest, org.apache.commons.math.analysis.polynomials.PolynomialsUtilsTest, org.apache.commons.math.analysis.polynomials.PolynomialsUtilsTest, org.apache.commons.math.analysis.solvers.BisectionSolverTest, org.apache.commons.math.analysis.solvers.BisectionSolverTest, org.apache.commons.math.analysis.solvers.BrentSolverTest, org.apache.commons.math.analysis.solvers.BrentSolverTest, org.apache.commons.math.analysis.solvers.LaguerreSolverTest, org.apache.commons.math.analysis.solvers.LaguerreSolverTest, org.apache.commons.math.analysis.solvers.MullerSolverTest, org.apache.commons.math.analysis.solvers.MullerSolverTest, org.apache.commons.math.analysis.solvers.NewtonSolverTest, org.apache.commons.math.analysis.solvers.NewtonSolverTest, org.apache.commons.math.analysis.solvers.RiddersSolverTest, org.apache.commons.math.analysis.solvers.RiddersSolverTest, org.apache.commons.math.analysis.solvers.UnivariateRealSolverFactoryImplTest, org.apache.commons.math.analysis.solvers.UnivariateRealSolverFactoryImplTest, org.apache.commons.math.analysis.solvers.UnivariateRealSolverUtilsTest, org.apache.commons.math.analysis.solvers.UnivariateRealSolverUtilsTest, org.apache.commons.math.complex.ComplexFieldTest, org.apache.commons.math.complex.ComplexFieldTest, org.apache.commons.math.complex.ComplexFormatTest, org.apache.commons.math.complex.ComplexFormatTest, org.apache.commons.math.complex.ComplexTest, org.apache.commons.math.complex.ComplexTest, org.apache.commons.math.complex.ComplexUtilsTest, org.apache.commons.math.complex.ComplexUtilsTest, org.apache.commons.math.complex.FrenchComplexFormatTest, org.apache.commons.math.complex.FrenchComplexFormatTest, org.apache.commons.math.distribution.BetaDistributionTest, org.apache.commons.math.distribution.BetaDistributionTest, org.apache.commons.math.distribution.BinomialDistributionTest, org.apache.commons.math.distribution.BinomialDistributionTest, org.apache.commons.math.distribution.CauchyDistributionTest, org.apache.commons.math.distribution.CauchyDistributionTest, org.apache.commons.math.distribution.ChiSquareDistributionTest, org.apache.commons.math.distribution.ChiSquareDistributionTest, org.apache.commons.math.distribution.ExponentialDistributionTest, org.apache.commons.math.distribution.ExponentialDistributionTest, org.apache.commons.math.distribution.FDistributionTest, org.apache.commons.math.distribution.FDistributionTest, org.apache.commons.math.distribution.GammaDistributionTest, org.apache.commons.math.distribution.GammaDistributionTest, org.apache.commons.math.distribution.HypergeometricDistributionTest, org.apache.commons.math.distribution.HypergeometricDistributionTest, org.apache.commons.math.distribution.NormalDistributionTest, org.apache.commons.math.distribution.NormalDistributionTest, org.apache.commons.math.distribution.PascalDistributionTest, org.apache.commons.math.distribution.PascalDistributionTest, org.apache.commons.math.distribution.PoissonDistributionTest, org.apache.commons.math.distribution.PoissonDistributionTest, org.apache.commons.math.distribution.TDistributionTest, org.apache.commons.math.distribution.TDistributionTest, org.apache.commons.math.distribution.WeibullDistributionTest, org.apache.commons.math.distribution.WeibullDistributionTest, org.apache.commons.math.distribution.ZipfDistributionTest, org.apache.commons.math.distribution.ZipfDistributionTest, org.apache.commons.math.estimation.EstimatedParameterTest, org.apache.commons.math.estimation.EstimatedParameterTest, org.apache.commons.math.estimation.GaussNewtonEstimatorTest, org.apache.commons.math.estimation.GaussNewtonEstimatorTest, org.apache.commons.math.estimation.LevenbergMarquardtEstimatorTest, org.apache.commons.math.estimation.LevenbergMarquardtEstimatorTest, org.apache.commons.math.estimation.MinpackTest, org.apache.commons.math.estimation.MinpackTest, org.apache.commons.math.estimation.WeightedMeasurementTest, org.apache.commons.math.estimation.WeightedMeasurementTest, org.apache.commons.math.fraction.BigFractionFieldTest, org.apache.commons.math.fraction.BigFractionFieldTest, org.apache.commons.math.fraction.BigFractionFormatTest, org.apache.commons.math.fraction.BigFractionFormatTest, org.apache.commons.math.fraction.BigFractionTest, org.apache.commons.math.fraction.BigFractionTest, org.apache.commons.math.fraction.FractionFieldTest, org.apache.commons.math.fraction.FractionFieldTest, org.apache.commons.math.fraction.FractionFormatTest, org.apache.commons.math.fraction.FractionFormatTest, org.apache.commons.math.fraction.FractionTest, org.apache.commons.math.fraction.FractionTest, org.apache.commons.math.genetics.BinaryChromosomeTest, org.apache.commons.math.genetics.BinaryChromosomeTest, org.apache.commons.math.genetics.BinaryMutationTest, org.apache.commons.math.genetics.BinaryMutationTest, org.apache.commons.math.genetics.ChromosomeTest, org.apache.commons.math.genetics.ChromosomeTest, org.apache.commons.math.genetics.ElitisticListPopulationTest, org.apache.commons.math.genetics.ElitisticListPopulationTest, org.apache.commons.math.genetics.FitnessCachingTest, org.apache.commons.math.genetics.FitnessCachingTest, org.apache.commons.math.genetics.FixedGenerationCountTest, org.apache.commons.math.genetics.FixedGenerationCountTest, org.apache.commons.math.genetics.GeneticAlgorithmTestBinary, org.apache.commons.math.genetics.GeneticAlgorithmTestBinary, org.apache.commons.math.genetics.GeneticAlgorithmTestPermutations, org.apache.commons.math.genetics.GeneticAlgorithmTestPermutations, org.apache.commons.math.genetics.ListPopulationTest, org.apache.commons.math.genetics.ListPopulationTest, org.apache.commons.math.genetics.OnePointCrossoverTest, org.apache.commons.math.genetics.OnePointCrossoverTest, org.apache.commons.math.genetics.RandomKeyMutationTest, org.apache.commons.math.genetics.RandomKeyMutationTest, org.apache.commons.math.genetics.RandomKeyTest, org.apache.commons.math.genetics.RandomKeyTest, org.apache.commons.math.genetics.TournamentSelectionTest, org.apache.commons.math.genetics.TournamentSelectionTest, org.apache.commons.math.geometry.FrenchVector3DFormatTest, org.apache.commons.math.geometry.FrenchVector3DFormatTest, org.apache.commons.math.geometry.RotationOrderTest, org.apache.commons.math.geometry.RotationOrderTest, org.apache.commons.math.geometry.RotationTest, org.apache.commons.math.geometry.RotationTest, org.apache.commons.math.geometry.Vector3DFormatTest, org.apache.commons.math.geometry.Vector3DFormatTest, org.apache.commons.math.geometry.Vector3DTest, org.apache.commons.math.geometry.Vector3DTest, org.apache.commons.math.linear.Array2DRowRealMatrixTest, org.apache.commons.math.linear.Array2DRowRealMatrixTest, org.apache.commons.math.linear.ArrayFieldVectorTest, org.apache.commons.math.linear.ArrayFieldVectorTest, org.apache.commons.math.linear.ArrayRealVectorTest, org.apache.commons.math.linear.ArrayRealVectorTest, org.apache.commons.math.linear.BiDiagonalTransformerTest, org.apache.commons.math.linear.BiDiagonalTransformerTest, org.apache.commons.math.linear.BigMatrixImplTest, org.apache.commons.math.linear.BigMatrixImplTest, org.apache.commons.math.linear.BlockFieldMatrixTest, org.apache.commons.math.linear.BlockFieldMatrixTest, org.apache.commons.math.linear.BlockRealMatrixTest, org.apache.commons.math.linear.BlockRealMatrixTest, org.apache.commons.math.linear.CholeskyDecompositionImplTest, org.apache.commons.math.linear.CholeskyDecompositionImplTest, org.apache.commons.math.linear.CholeskySolverTest, org.apache.commons.math.linear.CholeskySolverTest, org.apache.commons.math.linear.EigenDecompositionImplTest, org.apache.commons.math.linear.EigenDecompositionImplTest, org.apache.commons.math.linear.EigenSolverTest, org.apache.commons.math.linear.EigenSolverTest, org.apache.commons.math.linear.FieldLUDecompositionImplTest, org.apache.commons.math.linear.FieldLUDecompositionImplTest, org.apache.commons.math.linear.FieldMatrixImplTest, org.apache.commons.math.linear.FieldMatrixImplTest, org.apache.commons.math.linear.FrenchRealVectorFormatTest, org.apache.commons.math.linear.FrenchRealVectorFormatTest, org.apache.commons.math.linear.InvalidMatrixExceptionTest, org.apache.commons.math.linear.InvalidMatrixExceptionTest, org.apache.commons.math.linear.LUDecompositionImplTest, org.apache.commons.math.linear.LUDecompositionImplTest, org.apache.commons.math.linear.LUSolverTest, org.apache.commons.math.linear.LUSolverTest, org.apache.commons.math.linear.MatrixIndexExceptionTest, org.apache.commons.math.linear.MatrixIndexExceptionTest, org.apache.commons.math.linear.MatrixUtilsTest, org.apache.commons.math.linear.MatrixUtilsTest, org.apache.commons.math.linear.QRDecompositionImplTest, org.apache.commons.math.linear.QRDecompositionImplTest, org.apache.commons.math.linear.QRSolverTest, org.apache.commons.math.linear.QRSolverTest, org.apache.commons.math.linear.RealMatrixImplTest, org.apache.commons.math.linear.RealMatrixImplTest, org.apache.commons.math.linear.RealVectorFormatTest, org.apache.commons.math.linear.RealVectorFormatTest, org.apache.commons.math.linear.SingularValueDecompositionImplTest, org.apache.commons.math.linear.SingularValueDecompositionImplTest, org.apache.commons.math.linear.SingularValueSolverTest, org.apache.commons.math.linear.SingularValueSolverTest, org.apache.commons.math.linear.SparseFieldMatrixTest, org.apache.commons.math.linear.SparseFieldMatrixTest, org.apache.commons.math.linear.SparseFieldVectorTest, org.apache.commons.math.linear.SparseFieldVectorTest, org.apache.commons.math.linear.SparseRealMatrixTest, org.apache.commons.math.linear.SparseRealMatrixTest, org.apache.commons.math.linear.SparseRealVectorTest, org.apache.commons.math.linear.SparseRealVectorTest, org.apache.commons.math.linear.TriDiagonalTransformerTest, org.apache.commons.math.linear.TriDiagonalTransformerTest, org.apache.commons.math.ode.ContinuousOutputModelTest, org.apache.commons.math.ode.ContinuousOutputModelTest, org.apache.commons.math.ode.FirstOrderConverterTest, org.apache.commons.math.ode.FirstOrderConverterTest, org.apache.commons.math.ode.events.EventStateTest, org.apache.commons.math.ode.events.EventStateTest, org.apache.commons.math.ode.nonstiff.AdamsBashforthIntegratorTest, org.apache.commons.math.ode.nonstiff.AdamsBashforthIntegratorTest, org.apache.commons.math.ode.nonstiff.AdamsMoultonIntegratorTest, org.apache.commons.math.ode.nonstiff.AdamsMoultonIntegratorTest, org.apache.commons.math.ode.nonstiff.ClassicalRungeKuttaIntegratorTest, org.apache.commons.math.ode.nonstiff.ClassicalRungeKuttaIntegratorTest, org.apache.commons.math.ode.nonstiff.ClassicalRungeKuttaStepInterpolatorTest, org.apache.commons.math.ode.nonstiff.ClassicalRungeKuttaStepInterpolatorTest, org.apache.commons.math.ode.nonstiff.DormandPrince54IntegratorTest, org.apache.commons.math.ode.nonstiff.DormandPrince54IntegratorTest, org.apache.commons.math.ode.nonstiff.DormandPrince54StepInterpolatorTest, org.apache.commons.math.ode.nonstiff.DormandPrince54StepInterpolatorTest, org.apache.commons.math.ode.nonstiff.DormandPrince853IntegratorTest, org.apache.commons.math.ode.nonstiff.DormandPrince853IntegratorTest, org.apache.commons.math.ode.nonstiff.DormandPrince853StepInterpolatorTest, org.apache.commons.math.ode.nonstiff.DormandPrince853StepInterpolatorTest, org.apache.commons.math.ode.nonstiff.EulerIntegratorTest, org.apache.commons.math.ode.nonstiff.EulerIntegratorTest, org.apache.commons.math.ode.nonstiff.EulerStepInterpolatorTest, org.apache.commons.math.ode.nonstiff.EulerStepInterpolatorTest, org.apache.commons.math.ode.nonstiff.GillIntegratorTest, org.apache.commons.math.ode.nonstiff.GillIntegratorTest, org.apache.commons.math.ode.nonstiff.GillStepInterpolatorTest, org.apache.commons.math.ode.nonstiff.GillStepInterpolatorTest, org.apache.commons.math.ode.nonstiff.GraggBulirschStoerIntegratorTest, org.apache.commons.math.ode.nonstiff.GraggBulirschStoerIntegratorTest, org.apache.commons.math.ode.nonstiff.GraggBulirschStoerStepInterpolatorTest, org.apache.commons.math.ode.nonstiff.GraggBulirschStoerStepInterpolatorTest, org.apache.commons.math.ode.nonstiff.HighamHall54IntegratorTest, org.apache.commons.math.ode.nonstiff.HighamHall54IntegratorTest, org.apache.commons.math.ode.nonstiff.HighamHall54StepInterpolatorTest, org.apache.commons.math.ode.nonstiff.HighamHall54StepInterpolatorTest, org.apache.commons.math.ode.nonstiff.MidpointIntegratorTest, org.apache.commons.math.ode.nonstiff.MidpointIntegratorTest, org.apache.commons.math.ode.nonstiff.MidpointStepInterpolatorTest, org.apache.commons.math.ode.nonstiff.MidpointStepInterpolatorTest, org.apache.commons.math.ode.nonstiff.ThreeEighthesIntegratorTest, org.apache.commons.math.ode.nonstiff.ThreeEighthesIntegratorTest, org.apache.commons.math.ode.nonstiff.ThreeEighthesStepInterpolatorTest, org.apache.commons.math.ode.nonstiff.ThreeEighthesStepInterpolatorTest, org.apache.commons.math.ode.sampling.DummyStepInterpolatorTest, org.apache.commons.math.ode.sampling.DummyStepInterpolatorTest, org.apache.commons.math.ode.sampling.NordsieckStepInterpolatorTest, org.apache.commons.math.ode.sampling.NordsieckStepInterpolatorTest, org.apache.commons.math.ode.sampling.StepNormalizerTest, org.apache.commons.math.ode.sampling.StepNormalizerTest, org.apache.commons.math.optimization.MultiStartDifferentiableMultivariateRealOptimizerTest, org.apache.commons.math.optimization.MultiStartDifferentiableMultivariateRealOptimizerTest, org.apache.commons.math.optimization.MultiStartDifferentiableMultivariateVectorialOptimizerTest, org.apache.commons.math.optimization.MultiStartDifferentiableMultivariateVectorialOptimizerTest, org.apache.commons.math.optimization.MultiStartMultivariateRealOptimizerTest, org.apache.commons.math.optimization.MultiStartMultivariateRealOptimizerTest, org.apache.commons.math.optimization.MultiStartUnivariateRealOptimizerTest, org.apache.commons.math.optimization.MultiStartUnivariateRealOptimizerTest, org.apache.commons.math.optimization.direct.MultiDirectionalTest, org.apache.commons.math.optimization.direct.MultiDirectionalTest, org.apache.commons.math.optimization.direct.NelderMeadTest, org.apache.commons.math.optimization.direct.NelderMeadTest, org.apache.commons.math.optimization.fitting.HarmonicFitterTest, org.apache.commons.math.optimization.fitting.HarmonicFitterTest, org.apache.commons.math.optimization.fitting.PolynomialFitterTest, org.apache.commons.math.optimization.fitting.PolynomialFitterTest, org.apache.commons.math.optimization.general.GaussNewtonOptimizerTest, org.apache.commons.math.optimization.general.GaussNewtonOptimizerTest, org.apache.commons.math.optimization.general.LevenbergMarquardtOptimizerTest, org.apache.commons.math.optimization.general.LevenbergMarquardtOptimizerTest, org.apache.commons.math.optimization.general.MinpackTest, org.apache.commons.math.optimization.general.MinpackTest, org.apache.commons.math.optimization.general.NonLinearConjugateGradientOptimizerTest, org.apache.commons.math.optimization.general.NonLinearConjugateGradientOptimizerTest, org.apache.commons.math.optimization.linear.SimplexSolverTest, org.apache.commons.math.optimization.linear.SimplexSolverTest, org.apache.commons.math.optimization.linear.SimplexTableauTest, org.apache.commons.math.optimization.linear.SimplexTableauTest, org.apache.commons.math.optimization.univariate.BrentMinimizerTest, org.apache.commons.math.optimization.univariate.BrentMinimizerTest, org.apache.commons.math.random.AbstractRandomGeneratorTest, org.apache.commons.math.random.AbstractRandomGeneratorTest, org.apache.commons.math.random.CorrelatedRandomVectorGeneratorTest, org.apache.commons.math.random.CorrelatedRandomVectorGeneratorTest, org.apache.commons.math.random.EmpiricalDistributionTest, org.apache.commons.math.random.EmpiricalDistributionTest, org.apache.commons.math.random.GaussianRandomGeneratorTest, org.apache.commons.math.random.GaussianRandomGeneratorTest, org.apache.commons.math.random.MersenneTwisterTest, org.apache.commons.math.random.MersenneTwisterTest, org.apache.commons.math.random.RandomAdaptorTest, org.apache.commons.math.random.RandomAdaptorTest, org.apache.commons.math.random.RandomDataTest, org.apache.commons.math.random.RandomDataTest, org.apache.commons.math.random.UncorrelatedRandomVectorGeneratorTest, org.apache.commons.math.random.UncorrelatedRandomVectorGeneratorTest, org.apache.commons.math.random.UniformRandomGeneratorTest, org.apache.commons.math.random.UniformRandomGeneratorTest, org.apache.commons.math.random.ValueServerTest, org.apache.commons.math.random.ValueServerTest, org.apache.commons.math.special.BetaTest, org.apache.commons.math.special.BetaTest, org.apache.commons.math.special.ErfTest, org.apache.commons.math.special.ErfTest, org.apache.commons.math.special.GammaTest, org.apache.commons.math.special.GammaTest, org.apache.commons.math.stat.CertifiedDataTest, org.apache.commons.math.stat.CertifiedDataTest, org.apache.commons.math.stat.FrequencyTest, org.apache.commons.math.stat.FrequencyTest, org.apache.commons.math.stat.StatUtilsTest, org.apache.commons.math.stat.StatUtilsTest, org.apache.commons.math.stat.clustering.EuclideanIntegerPointTest, org.apache.commons.math.stat.clustering.EuclideanIntegerPointTest, org.apache.commons.math.stat.clustering.KMeansPlusPlusClustererTest, org.apache.commons.math.stat.clustering.KMeansPlusPlusClustererTest, org.apache.commons.math.stat.correlation.CovarianceTest, org.apache.commons.math.stat.correlation.CovarianceTest, org.apache.commons.math.stat.correlation.PearsonsCorrelationTest, org.apache.commons.math.stat.correlation.PearsonsCorrelationTest, org.apache.commons.math.stat.correlation.SpearmansRankCorrelationTest, org.apache.commons.math.stat.correlation.SpearmansRankCorrelationTest, org.apache.commons.math.stat.data.LewTest, org.apache.commons.math.stat.data.LewTest, org.apache.commons.math.stat.data.LotteryTest, org.apache.commons.math.stat.data.LotteryTest, org.apache.commons.math.stat.descriptive.AbstractUnivariateStatisticTest, org.apache.commons.math.stat.descriptive.AbstractUnivariateStatisticTest, org.apache.commons.math.stat.descriptive.AggregateSummaryStatisticsTest, org.apache.commons.math.stat.descriptive.AggregateSummaryStatisticsTest, org.apache.commons.math.stat.descriptive.DescriptiveStatisticsTest, org.apache.commons.math.stat.descriptive.DescriptiveStatisticsTest, org.apache.commons.math.stat.descriptive.InteractionTest, org.apache.commons.math.stat.descriptive.InteractionTest, org.apache.commons.math.stat.descriptive.ListUnivariateImplTest, org.apache.commons.math.stat.descriptive.ListUnivariateImplTest, org.apache.commons.math.stat.descriptive.MixedListUnivariateImplTest, org.apache.commons.math.stat.descriptive.MixedListUnivariateImplTest, org.apache.commons.math.stat.descriptive.MultivariateSummaryStatisticsTest, org.apache.commons.math.stat.descriptive.MultivariateSummaryStatisticsTest, org.apache.commons.math.stat.descriptive.StatisticalSummaryValuesTest, org.apache.commons.math.stat.descriptive.StatisticalSummaryValuesTest, org.apache.commons.math.stat.descriptive.SummaryStatisticsTest, org.apache.commons.math.stat.descriptive.SummaryStatisticsTest, org.apache.commons.math.stat.descriptive.SynchronizedDescriptiveStatisticsTest, org.apache.commons.math.stat.descriptive.SynchronizedDescriptiveStatisticsTest, org.apache.commons.math.stat.descriptive.SynchronizedMultivariateSummaryStatisticsTest, org.apache.commons.math.stat.descriptive.SynchronizedMultivariateSummaryStatisticsTest, org.apache.commons.math.stat.descriptive.SynchronizedSummaryStatisticsTest, org.apache.commons.math.stat.descriptive.SynchronizedSummaryStatisticsTest, org.apache.commons.math.stat.descriptive.moment.FirstMomentTest, org.apache.commons.math.stat.descriptive.moment.FirstMomentTest, org.apache.commons.math.stat.descriptive.moment.FourthMomentTest, org.apache.commons.math.stat.descriptive.moment.FourthMomentTest, org.apache.commons.math.stat.descriptive.moment.GeometricMeanTest, org.apache.commons.math.stat.descriptive.moment.GeometricMeanTest, org.apache.commons.math.stat.descriptive.moment.KurtosisTest, org.apache.commons.math.stat.descriptive.moment.KurtosisTest, org.apache.commons.math.stat.descriptive.moment.MeanTest, org.apache.commons.math.stat.descriptive.moment.MeanTest, org.apache.commons.math.stat.descriptive.moment.SecondMomentTest, org.apache.commons.math.stat.descriptive.moment.SecondMomentTest, org.apache.commons.math.stat.descriptive.moment.SkewnessTest, org.apache.commons.math.stat.descriptive.moment.SkewnessTest, org.apache.commons.math.stat.descriptive.moment.StandardDeviationTest, org.apache.commons.math.stat.descriptive.moment.StandardDeviationTest, org.apache.commons.math.stat.descriptive.moment.ThirdMomentTest, org.apache.commons.math.stat.descriptive.moment.ThirdMomentTest, org.apache.commons.math.stat.descriptive.moment.VarianceTest, org.apache.commons.math.stat.descriptive.moment.VarianceTest, org.apache.commons.math.stat.descriptive.moment.VectorialCovarianceTest, org.apache.commons.math.stat.descriptive.moment.VectorialCovarianceTest, org.apache.commons.math.stat.descriptive.moment.VectorialMeanTest, org.apache.commons.math.stat.descriptive.moment.VectorialMeanTest, org.apache.commons.math.stat.descriptive.rank.MaxTest, org.apache.commons.math.stat.descriptive.rank.MaxTest, org.apache.commons.math.stat.descriptive.rank.MedianTest, org.apache.commons.math.stat.descriptive.rank.MedianTest, org.apache.commons.math.stat.descriptive.rank.MinTest, org.apache.commons.math.stat.descriptive.rank.MinTest, org.apache.commons.math.stat.descriptive.rank.PercentileTest, org.apache.commons.math.stat.descriptive.rank.PercentileTest, org.apache.commons.math.stat.descriptive.summary.ProductTest, org.apache.commons.math.stat.descriptive.summary.ProductTest, org.apache.commons.math.stat.descriptive.summary.SumLogTest, org.apache.commons.math.stat.descriptive.summary.SumLogTest, org.apache.commons.math.stat.descriptive.summary.SumSqTest, org.apache.commons.math.stat.descriptive.summary.SumSqTest, org.apache.commons.math.stat.descriptive.summary.SumTest, org.apache.commons.math.stat.descriptive.summary.SumTest, org.apache.commons.math.stat.inference.ChiSquareFactoryTest, org.apache.commons.math.stat.inference.ChiSquareFactoryTest, org.apache.commons.math.stat.inference.ChiSquareTestTest, org.apache.commons.math.stat.inference.ChiSquareTestTest, org.apache.commons.math.stat.inference.OneWayAnovaTest, org.apache.commons.math.stat.inference.OneWayAnovaTest, org.apache.commons.math.stat.inference.TTestFactoryTest, org.apache.commons.math.stat.inference.TTestFactoryTest, org.apache.commons.math.stat.inference.TTestTest, org.apache.commons.math.stat.inference.TTestTest, org.apache.commons.math.stat.inference.TestUtilsTest, org.apache.commons.math.stat.inference.TestUtilsTest, org.apache.commons.math.stat.ranking.NaturalRankingTest, org.apache.commons.math.stat.ranking.NaturalRankingTest, org.apache.commons.math.stat.regression.GLSMultipleLinearRegressionTest, org.apache.commons.math.stat.regression.GLSMultipleLinearRegressionTest, org.apache.commons.math.stat.regression.OLSMultipleLinearRegressionTest, org.apache.commons.math.stat.regression.OLSMultipleLinearRegressionTest, org.apache.commons.math.stat.regression.SimpleRegressionTest, org.apache.commons.math.stat.regression.SimpleRegressionTest, org.apache.commons.math.transform.FastCosineTransformerTest, org.apache.commons.math.transform.FastCosineTransformerTest, org.apache.commons.math.transform.FastFourierTransformerTest, org.apache.commons.math.transform.FastFourierTransformerTest, org.apache.commons.math.transform.FastHadamardTransformerTest, org.apache.commons.math.transform.FastHadamardTransformerTest, org.apache.commons.math.transform.FastSineTransformerTest, org.apache.commons.math.transform.FastSineTransformerTest, org.apache.commons.math.util.BigRealFieldTest, org.apache.commons.math.util.BigRealFieldTest, org.apache.commons.math.util.BigRealTest, org.apache.commons.math.util.BigRealTest, org.apache.commons.math.util.ContinuedFractionTest, org.apache.commons.math.util.ContinuedFractionTest, org.apache.commons.math.util.DefaultTransformerTest, org.apache.commons.math.util.DefaultTransformerTest, org.apache.commons.math.util.MathUtilsTest, org.apache.commons.math.util.MathUtilsTest, org.apache.commons.math.util.OpenIntToDoubleHashMapTest, org.apache.commons.math.util.OpenIntToDoubleHashMapTest, org.apache.commons.math.util.OpenIntToFieldTest, org.apache.commons.math.util.OpenIntToFieldTest, org.apache.commons.math.util.ResizableDoubleArrayTest, org.apache.commons.math.util.ResizableDoubleArrayTest, org.apache.commons.math.util.TransformerMapTest, org.apache.commons.math.util.TransformerMapTest], complianceLevel=5, outputFolder=., json=true}
22:25:48.074 [main] INFO  fr.inria.lille.repair.nopol.NoPol - Available processors (cores): 8
22:25:48.085 [main] INFO  fr.inria.lille.repair.nopol.NoPol - Free memory: 189 MB
22:25:48.085 [main] INFO  fr.inria.lille.repair.nopol.NoPol - Maximum memory: 3 GB
22:25:48.086 [main] INFO  fr.inria.lille.repair.nopol.NoPol - Total memory available to JVM: 241 MB
22:25:48.086 [main] INFO  fr.inria.lille.repair.nopol.NoPol - Java version: 1.8.0_181
22:25:48.087 [main] INFO  fr.inria.lille.repair.nopol.NoPol - JAVA_HOME: /usr/lib/jvm/java-1.8.0-openjdk-amd64/bin/
22:25:48.087 [main] INFO  fr.inria.lille.repair.nopol.NoPol - PATH: /usr/lib/jvm/java-1.8.0-openjdk-amd64/bin/:/usr/lib/oar/oardodo:/usr/lib/oar/oardodo:/usr/local/bin:/usr/bin:/bin:/usr/games
22:26:15.328 [pool-2-thread-1] DEBUG fr.inria.lille.repair.nopol.NoPol - statement #1
22:26:15.329 [pool-2-thread-1] DEBUG fr.inria.lille.repair.nopol.NoPol - Analysing SourceLocation org.apache.commons.math.MathRuntimeException$4:319 which is executed by 1 tests
-1593974112
22:26:15.797 [pool-2-thread-1] DEBUG fr.inria.lille.repair.nopol.NoPol - statement #2
22:26:15.798 [pool-2-thread-1] DEBUG fr.inria.lille.repair.nopol.NoPol - Analysing SourceLocation org.apache.commons.math.MathRuntimeException$4:313 which is executed by 1 tests
-1593974112
22:26:16.123 [pool-2-thread-1] DEBUG fr.inria.lille.repair.nopol.NoPol - statement #3
22:26:16.124 [pool-2-thread-1] DEBUG fr.inria.lille.repair.nopol.NoPol - Analysing SourceLocation org.apache.commons.math.MathRuntimeException:37 which is executed by 1 tests
-1593974112
22:26:16.321 [pool-2-thread-1] DEBUG fr.inria.lille.repair.nopol.NoPol - statement #4
22:26:16.321 [pool-2-thread-1] DEBUG fr.inria.lille.repair.nopol.NoPol - Analysing SourceLocation org.apache.commons.math.analysis.solvers.BrentSolver:178 which is executed by 3 tests
-642797969
22:26:16.506 [pool-2-thread-1] DEBUG fr.inria.lille.repair.nopol.NoPol - looking with class fr.inria.lille.repair.nopol.spoon.smt.ConditionalAdder
org.apache.commons.math.MathRuntimeException$4: function values at endpoints do not have different signs.  Endpoints: [89.999, 153.1], Values: [-0.066, -1,142.11]
    at org.apache.commons.math.MathRuntimeException.createIllegalArgumentException(MathRuntimeException.java:305)
    at org.apache.commons.math.analysis.solvers.BrentSolver.solve(BrentSolver.java:178)
    at org.apache.commons.math.ode.events.EventState.evaluateStep(EventState.java:218)
    at org.apache.commons.math.ode.events.EventStateTest.closeEvents(EventStateTest.java:66)
    at sun.reflect.NativeMethodAccessorImpl.invoke0(Native Method)
    at sun.reflect.NativeMethodAccessorImpl.invoke(NativeMethodAccessorImpl.java:62)
22:26:16.560 [pool-4-thread-1] INFO  xxl.java.junit.TestCasesListener - Tests run finished (18 ms)
<> Total tests run: 1
<> Ignored tests: 0
<> Failed tests: 1
~ closeEvents(org.apache.commons.math.ode.events.EventStateTest)
[function values at endpoints do not have different signs.  Endpoints: [89.999, 153.1], Values: [-0.066, -1,142.11]]
org.apache.commons.math.MathRuntimeException$4: function values at endpoints do not have different signs.  Endpoints: [89.999, 153.1], Values: [-0.066, -1,142.11]    at org.apache.commons.math.MathRuntimeException.createIllegalArgumentException(MathRuntimeException.java:305)
    at org.apache.commons.math.analysis.solvers.BrentSolver.solve(BrentSolver.java:178)
    at org.apache.commons.math.ode.events.EventState.evaluateStep(EventState.java:218)
    at org.apache.commons.math.ode.events.EventStateTest.closeEvents(EventStateTest.java:66)
    at sun.reflect.NativeMethodAccessorImpl.invoke0(Native Method)
    at sun.reflect.NativeMethodAccessorImpl.invoke(NativeMethodAccessorImpl.java:62)

junit.framework.AssertionFailedError
    at junit.framework.Assert.fail(Assert.java:55)
    at junit.framework.Assert.assertTrue(Assert.java:22)
    at junit.framework.Assert.assertTrue(Assert.java:31)
    at org.apache.commons.math.ode.events.EventStateTest.closeEvents(EventStateTest.java:66)
    at sun.reflect.NativeMethodAccessorImpl.invoke0(Native Method)
    at sun.reflect.NativeMethodAccessorImpl.invoke(NativeMethodAccessorImpl.java:62)
22:26:17.699 [pool-5-thread-1] INFO  f.i.l.c.t.SpecificationTestCasesListener - Tests run finished (10 ms)
<> Total tests run: 1
<> Ignored tests: 0
<> Failed tests: 1
~ closeEvents(org.apache.commons.math.ode.events.EventStateTest)
[null]
junit.framework.AssertionFailedError    at junit.framework.Assert.fail(Assert.java:55)
    at junit.framework.Assert.assertTrue(Assert.java:22)
    at junit.framework.Assert.assertTrue(Assert.java:31)
    at org.apache.commons.math.ode.events.EventStateTest.closeEvents(EventStateTest.java:66)
    at sun.reflect.NativeMethodAccessorImpl.invoke0(Native Method)
    at sun.reflect.NativeMethodAccessorImpl.invoke(NativeMethodAccessorImpl.java:62)

org.apache.commons.math.MathRuntimeException$4: function values at endpoints do not have different signs.  Endpoints: [89.999, 153.1], Values: [-0.066, -1,142.11]
    at org.apache.commons.math.MathRuntimeException.createIllegalArgumentException(MathRuntimeException.java:305)
    at org.apache.commons.math.analysis.solvers.BrentSolver.solve(BrentSolver.java:86)
    at org.apache.commons.math.ode.events.EventState.evaluateStep(EventState.java:218)
    at org.apache.commons.math.ode.events.EventStateTest.closeEvents(EventStateTest.java:66)
    at sun.reflect.NativeMethodAccessorImpl.invoke0(Native Method)
    at sun.reflect.NativeMethodAccessorImpl.invoke(NativeMethodAccessorImpl.java:62)
22:26:17.710 [pool-6-thread-1] INFO  f.i.l.c.t.SpecificationTestCasesListener - Tests run finished (8 ms)
<> Total tests run: 1
<> Ignored tests: 0
<> Failed tests: 1
~ closeEvents(org.apache.commons.math.ode.events.EventStateTest)
[function values at endpoints do not have different signs.  Endpoints: [89.999, 153.1], Values: [-0.066, -1,142.11]]
org.apache.commons.math.MathRuntimeException$4: function values at endpoints do not have different signs.  Endpoints: [89.999, 153.1], Values: [-0.066, -1,142.11]    at org.apache.commons.math.MathRuntimeException.createIllegalArgumentException(MathRuntimeException.java:305)
    at org.apache.commons.math.analysis.solvers.BrentSolver.solve(BrentSolver.java:86)
    at org.apache.commons.math.ode.events.EventState.evaluateStep(EventState.java:218)
    at org.apache.commons.math.ode.events.EventStateTest.closeEvents(EventStateTest.java:66)
    at sun.reflect.NativeMethodAccessorImpl.invoke0(Native Method)
    at sun.reflect.NativeMethodAccessorImpl.invoke(NativeMethodAccessorImpl.java:62)

22:26:17.711 [pool-3-thread-1] DEBUG tests.output - Failing tests with false: 
[closeEvents(org.apache.commons.math.ode.events.EventStateTest): null]
22:26:17.712 [pool-3-thread-1] DEBUG tests.output - Failing tests with true: 
[closeEvents(org.apache.commons.math.ode.events.EventStateTest): function values at endpoints do not have different signs.  Endpoints: [89.999, 153.1], Values: [-0.066, -1,142.11]]
22:26:17.712 [pool-3-thread-1] INFO  f.i.l.r.n.synth.SMTNopolSynthesizer - Not enough specifications: 0. A trivial patch is "true" or "false", please write new tests specifying SourceLocation org.apache.commons.math.analysis.solvers.BrentSolver:178.
22:26:17.712 [pool-2-thread-1] DEBUG fr.inria.lille.repair.nopol.NoPol - statement #5
22:26:17.713 [pool-2-thread-1] DEBUG fr.inria.lille.repair.nopol.NoPol - Analysing SourceLocation org.apache.commons.math.MathRuntimeException:128 which is executed by 3 tests
-1593974112
22:26:17.909 [pool-2-thread-1] DEBUG fr.inria.lille.repair.nopol.NoPol - statement #6
22:26:17.909 [pool-2-thread-1] DEBUG fr.inria.lille.repair.nopol.NoPol - Analysing SourceLocation org.apache.commons.math.MathRuntimeException:115 which is executed by 3 tests
-1593974112
22:26:18.104 [pool-2-thread-1] DEBUG fr.inria.lille.repair.nopol.NoPol - statement #7
22:26:18.104 [pool-2-thread-1] DEBUG fr.inria.lille.repair.nopol.NoPol - Analysing SourceLocation org.apache.commons.math.MathRuntimeException:102 which is executed by 3 tests
-1593974112
22:26:18.300 [pool-2-thread-1] DEBUG fr.inria.lille.repair.nopol.NoPol - statement #8
22:26:18.300 [pool-2-thread-1] DEBUG fr.inria.lille.repair.nopol.NoPol - Analysing SourceLocation org.apache.commons.math.analysis.solvers.BrentSolver:173 which is executed by 4 tests
-642797969
22:26:18.924 [pool-2-thread-1] DEBUG fr.inria.lille.repair.nopol.NoPol - looking with class fr.inria.lille.repair.nopol.spoon.smt.ConditionalAdder
org.apache.commons.math.MathRuntimeException$4: function values at endpoints do not have different signs.  Endpoints: [89.999, 153.1], Values: [-0.066, -1,142.11]
    at org.apache.commons.math.MathRuntimeException.createIllegalArgumentException(MathRuntimeException.java:305)
    at org.apache.commons.math.analysis.solvers.BrentSolver.solve(BrentSolver.java:178)
    at org.apache.commons.math.ode.events.EventState.evaluateStep(EventState.java:218)
    at org.apache.commons.math.ode.events.EventStateTest.closeEvents(EventStateTest.java:66)
    at sun.reflect.NativeMethodAccessorImpl.invoke0(Native Method)
    at sun.reflect.NativeMethodAccessorImpl.invoke(NativeMethodAccessorImpl.java:62)
22:26:18.940 [pool-8-thread-1] INFO  xxl.java.junit.TestCasesListener - Tests run finished (10 ms)
<> Total tests run: 1
<> Ignored tests: 0
<> Failed tests: 1
~ closeEvents(org.apache.commons.math.ode.events.EventStateTest)
[function values at endpoints do not have different signs.  Endpoints: [89.999, 153.1], Values: [-0.066, -1,142.11]]
org.apache.commons.math.MathRuntimeException$4: function values at endpoints do not have different signs.  Endpoints: [89.999, 153.1], Values: [-0.066, -1,142.11]    at org.apache.commons.math.MathRuntimeException.createIllegalArgumentException(MathRuntimeException.java:305)
    at org.apache.commons.math.analysis.solvers.BrentSolver.solve(BrentSolver.java:178)
    at org.apache.commons.math.ode.events.EventState.evaluateStep(EventState.java:218)
    at org.apache.commons.math.ode.events.EventStateTest.closeEvents(EventStateTest.java:66)
    at sun.reflect.NativeMethodAccessorImpl.invoke0(Native Method)
    at sun.reflect.NativeMethodAccessorImpl.invoke(NativeMethodAccessorImpl.java:62)

junit.framework.AssertionFailedError
    at junit.framework.Assert.fail(Assert.java:55)
    at junit.framework.Assert.assertTrue(Assert.java:22)
    at junit.framework.Assert.assertTrue(Assert.java:31)
    at org.apache.commons.math.ode.events.EventStateTest.closeEvents(EventStateTest.java:66)
    at sun.reflect.NativeMethodAccessorImpl.invoke0(Native Method)
    at sun.reflect.NativeMethodAccessorImpl.invoke(NativeMethodAccessorImpl.java:62)
22:26:19.269 [pool-9-thread-1] INFO  f.i.l.c.t.SpecificationTestCasesListener - Tests run finished (6 ms)
<> Total tests run: 1
<> Ignored tests: 0
<> Failed tests: 1
~ closeEvents(org.apache.commons.math.ode.events.EventStateTest)
[null]
junit.framework.AssertionFailedError    at junit.framework.Assert.fail(Assert.java:55)
    at junit.framework.Assert.assertTrue(Assert.java:22)
    at junit.framework.Assert.assertTrue(Assert.java:31)
    at org.apache.commons.math.ode.events.EventStateTest.closeEvents(EventStateTest.java:66)
    at sun.reflect.NativeMethodAccessorImpl.invoke0(Native Method)
    at sun.reflect.NativeMethodAccessorImpl.invoke(NativeMethodAccessorImpl.java:62)

org.apache.commons.math.MathRuntimeException$4: function values at endpoints do not have different signs.  Endpoints: [89.999, 153.1], Values: [-0.066, -1,142.11]
    at org.apache.commons.math.MathRuntimeException.createIllegalArgumentException(MathRuntimeException.java:305)
    at org.apache.commons.math.analysis.solvers.BrentSolver.solve(BrentSolver.java:85)
    at org.apache.commons.math.ode.events.EventState.evaluateStep(EventState.java:218)
    at org.apache.commons.math.ode.events.EventStateTest.closeEvents(EventStateTest.java:66)
    at sun.reflect.NativeMethodAccessorImpl.invoke0(Native Method)
    at sun.reflect.NativeMethodAccessorImpl.invoke(NativeMethodAccessorImpl.java:62)
22:26:19.277 [pool-10-thread-1] INFO  f.i.l.c.t.SpecificationTestCasesListener - Tests run finished (5 ms)
<> Total tests run: 1
<> Ignored tests: 0
<> Failed tests: 1
~ closeEvents(org.apache.commons.math.ode.events.EventStateTest)
[function values at endpoints do not have different signs.  Endpoints: [89.999, 153.1], Values: [-0.066, -1,142.11]]
org.apache.commons.math.MathRuntimeException$4: function values at endpoints do not have different signs.  Endpoints: [89.999, 153.1], Values: [-0.066, -1,142.11]    at org.apache.commons.math.MathRuntimeException.createIllegalArgumentException(MathRuntimeException.java:305)
    at org.apache.commons.math.analysis.solvers.BrentSolver.solve(BrentSolver.java:85)
    at org.apache.commons.math.ode.events.EventState.evaluateStep(EventState.java:218)
    at org.apache.commons.math.ode.events.EventStateTest.closeEvents(EventStateTest.java:66)
    at sun.reflect.NativeMethodAccessorImpl.invoke0(Native Method)
    at sun.reflect.NativeMethodAccessorImpl.invoke(NativeMethodAccessorImpl.java:62)

22:26:19.278 [pool-7-thread-1] DEBUG tests.output - Failing tests with false: 
[closeEvents(org.apache.commons.math.ode.events.EventStateTest): null]
22:26:19.279 [pool-7-thread-1] DEBUG tests.output - Failing tests with true: 
[closeEvents(org.apache.commons.math.ode.events.EventStateTest): function values at endpoints do not have different signs.  Endpoints: [89.999, 153.1], Values: [-0.066, -1,142.11]]
22:26:19.279 [pool-7-thread-1] INFO  f.i.l.r.n.synth.SMTNopolSynthesizer - Not enough specifications: 0. A trivial patch is "true" or "false", please write new tests specifying SourceLocation org.apache.commons.math.analysis.solvers.BrentSolver:173.
22:26:19.281 [pool-2-thread-1] DEBUG fr.inria.lille.repair.nopol.NoPol - looking with class fr.inria.lille.repair.nopol.spoon.smt.ConditionalReplacer
org.apache.commons.math.MathRuntimeException$4: function values at endpoints do not have different signs.  Endpoints: [89.999, 153.1], Values: [-0.066, -1,142.11]
    at org.apache.commons.math.MathRuntimeException.createIllegalArgumentException(MathRuntimeException.java:305)
    at org.apache.commons.math.analysis.solvers.BrentSolver.solve(BrentSolver.java:178)
    at org.apache.commons.math.ode.events.EventState.evaluateStep(EventState.java:218)
    at org.apache.commons.math.ode.events.EventStateTest.closeEvents(EventStateTest.java:66)
    at sun.reflect.NativeMethodAccessorImpl.invoke0(Native Method)
    at sun.reflect.NativeMethodAccessorImpl.invoke(NativeMethodAccessorImpl.java:62)
22:26:19.296 [pool-12-thread-1] INFO  xxl.java.junit.TestCasesListener - Tests run finished (10 ms)
<> Total tests run: 1
<> Ignored tests: 0
<> Failed tests: 1
~ closeEvents(org.apache.commons.math.ode.events.EventStateTest)
[function values at endpoints do not have different signs.  Endpoints: [89.999, 153.1], Values: [-0.066, -1,142.11]]
org.apache.commons.math.MathRuntimeException$4: function values at endpoints do not have different signs.  Endpoints: [89.999, 153.1], Values: [-0.066, -1,142.11]    at org.apache.commons.math.MathRuntimeException.createIllegalArgumentException(MathRuntimeException.java:305)
    at org.apache.commons.math.analysis.solvers.BrentSolver.solve(BrentSolver.java:178)
    at org.apache.commons.math.ode.events.EventState.evaluateStep(EventState.java:218)
    at org.apache.commons.math.ode.events.EventStateTest.closeEvents(EventStateTest.java:66)
    at sun.reflect.NativeMethodAccessorImpl.invoke0(Native Method)
    at sun.reflect.NativeMethodAccessorImpl.invoke(NativeMethodAccessorImpl.java:62)

org.apache.commons.math.MathRuntimeException$4: function values at endpoints do not have different signs.  Endpoints: [89.999, 153.1], Values: [-0.066, -1,142.11]
    at org.apache.commons.math.MathRuntimeException.createIllegalArgumentException(MathRuntimeException.java:305)
    at org.apache.commons.math.analysis.solvers.BrentSolver.solve(BrentSolver.java:85)
    at org.apache.commons.math.ode.events.EventState.evaluateStep(EventState.java:218)
    at org.apache.commons.math.ode.events.EventStateTest.closeEvents(EventStateTest.java:66)
    at sun.reflect.NativeMethodAccessorImpl.invoke0(Native Method)
    at sun.reflect.NativeMethodAccessorImpl.invoke(NativeMethodAccessorImpl.java:62)
22:26:19.602 [pool-13-thread-1] INFO  f.i.l.c.t.SpecificationTestCasesListener - Tests run finished (10 ms)
<> Total tests run: 1
<> Ignored tests: 0
<> Failed tests: 1
~ closeEvents(org.apache.commons.math.ode.events.EventStateTest)
[function values at endpoints do not have different signs.  Endpoints: [89.999, 153.1], Values: [-0.066, -1,142.11]]
org.apache.commons.math.MathRuntimeException$4: function values at endpoints do not have different signs.  Endpoints: [89.999, 153.1], Values: [-0.066, -1,142.11]    at org.apache.commons.math.MathRuntimeException.createIllegalArgumentException(MathRuntimeException.java:305)
    at org.apache.commons.math.analysis.solvers.BrentSolver.solve(BrentSolver.java:85)
    at org.apache.commons.math.ode.events.EventState.evaluateStep(EventState.java:218)
    at org.apache.commons.math.ode.events.EventStateTest.closeEvents(EventStateTest.java:66)
    at sun.reflect.NativeMethodAccessorImpl.invoke0(Native Method)
    at sun.reflect.NativeMethodAccessorImpl.invoke(NativeMethodAccessorImpl.java:62)

junit.framework.AssertionFailedError
    at junit.framework.Assert.fail(Assert.java:55)
    at junit.framework.Assert.assertTrue(Assert.java:22)
    at junit.framework.Assert.assertTrue(Assert.java:31)
    at org.apache.commons.math.ode.events.EventStateTest.closeEvents(EventStateTest.java:66)
    at sun.reflect.NativeMethodAccessorImpl.invoke0(Native Method)
    at sun.reflect.NativeMethodAccessorImpl.invoke(NativeMethodAccessorImpl.java:62)
22:26:19.607 [pool-14-thread-1] INFO  f.i.l.c.t.SpecificationTestCasesListener - Tests run finished (1 ms)
<> Total tests run: 1
<> Ignored tests: 0
<> Failed tests: 1
~ closeEvents(org.apache.commons.math.ode.events.EventStateTest)
[null]
junit.framework.AssertionFailedError    at junit.framework.Assert.fail(Assert.java:55)
    at junit.framework.Assert.assertTrue(Assert.java:22)
    at junit.framework.Assert.assertTrue(Assert.java:31)
    at org.apache.commons.math.ode.events.EventStateTest.closeEvents(EventStateTest.java:66)
    at sun.reflect.NativeMethodAccessorImpl.invoke0(Native Method)
    at sun.reflect.NativeMethodAccessorImpl.invoke(NativeMethodAccessorImpl.java:62)

22:26:19.608 [pool-11-thread-1] DEBUG tests.output - Failing tests with false: 
[closeEvents(org.apache.commons.math.ode.events.EventStateTest): function values at endpoints do not have different signs.  Endpoints: [89.999, 153.1], Values: [-0.066, -1,142.11]]
22:26:19.609 [pool-11-thread-1] DEBUG tests.output - Failing tests with true: 
[closeEvents(org.apache.commons.math.ode.events.EventStateTest): null]
22:26:19.609 [pool-11-thread-1] INFO  f.i.l.r.n.synth.SMTNopolSynthesizer - Not enough specifications: 0. A trivial patch is "true" or "false", please write new tests specifying SourceLocation org.apache.commons.math.analysis.solvers.BrentSolver:173.
22:26:19.609 [pool-2-thread-1] DEBUG fr.inria.lille.repair.nopol.NoPol - statement #9
22:26:19.609 [pool-2-thread-1] DEBUG fr.inria.lille.repair.nopol.NoPol - Analysing SourceLocation org.apache.commons.math.analysis.solvers.BrentSolver:170 which is executed by 4 tests
-642797969
22:26:19.797 [pool-2-thread-1] DEBUG fr.inria.lille.repair.nopol.NoPol - looking with class fr.inria.lille.repair.nopol.spoon.smt.ConditionalAdder
org.apache.commons.math.MathRuntimeException$4: function values at endpoints do not have different signs.  Endpoints: [89.999, 153.1], Values: [-0.066, -1,142.11]
    at org.apache.commons.math.MathRuntimeException.createIllegalArgumentException(MathRuntimeException.java:305)
    at org.apache.commons.math.analysis.solvers.BrentSolver.solve(BrentSolver.java:178)
    at org.apache.commons.math.ode.events.EventState.evaluateStep(EventState.java:218)
    at org.apache.commons.math.ode.events.EventStateTest.closeEvents(EventStateTest.java:66)
    at sun.reflect.NativeMethodAccessorImpl.invoke0(Native Method)
    at sun.reflect.NativeMethodAccessorImpl.invoke(NativeMethodAccessorImpl.java:62)
22:26:19.814 [pool-16-thread-1] INFO  xxl.java.junit.TestCasesListener - Tests run finished (11 ms)
<> Total tests run: 1
<> Ignored tests: 0
<> Failed tests: 1
~ closeEvents(org.apache.commons.math.ode.events.EventStateTest)
[function values at endpoints do not have different signs.  Endpoints: [89.999, 153.1], Values: [-0.066, -1,142.11]]
org.apache.commons.math.MathRuntimeException$4: function values at endpoints do not have different signs.  Endpoints: [89.999, 153.1], Values: [-0.066, -1,142.11]    at org.apache.commons.math.MathRuntimeException.createIllegalArgumentException(MathRuntimeException.java:305)
    at org.apache.commons.math.analysis.solvers.BrentSolver.solve(BrentSolver.java:178)
    at org.apache.commons.math.ode.events.EventState.evaluateStep(EventState.java:218)
    at org.apache.commons.math.ode.events.EventStateTest.closeEvents(EventStateTest.java:66)
    at sun.reflect.NativeMethodAccessorImpl.invoke0(Native Method)
    at sun.reflect.NativeMethodAccessorImpl.invoke(NativeMethodAccessorImpl.java:62)

junit.framework.AssertionFailedError
    at junit.framework.Assert.fail(Assert.java:55)
    at junit.framework.Assert.assertTrue(Assert.java:22)
    at junit.framework.Assert.assertTrue(Assert.java:31)
    at org.apache.commons.math.ode.events.EventStateTest.closeEvents(EventStateTest.java:66)
    at sun.reflect.NativeMethodAccessorImpl.invoke0(Native Method)
    at sun.reflect.NativeMethodAccessorImpl.invoke(NativeMethodAccessorImpl.java:62)
22:26:20.099 [pool-17-thread-1] INFO  f.i.l.c.t.SpecificationTestCasesListener - Tests run finished (6 ms)
<> Total tests run: 1
<> Ignored tests: 0
<> Failed tests: 1
~ closeEvents(org.apache.commons.math.ode.events.EventStateTest)
[null]
junit.framework.AssertionFailedError    at junit.framework.Assert.fail(Assert.java:55)
    at junit.framework.Assert.assertTrue(Assert.java:22)
    at junit.framework.Assert.assertTrue(Assert.java:31)
    at org.apache.commons.math.ode.events.EventStateTest.closeEvents(EventStateTest.java:66)
    at sun.reflect.NativeMethodAccessorImpl.invoke0(Native Method)
    at sun.reflect.NativeMethodAccessorImpl.invoke(NativeMethodAccessorImpl.java:62)

org.apache.commons.math.MathRuntimeException$4: function values at endpoints do not have different signs.  Endpoints: [89.999, 153.1], Values: [-0.066, -1,142.11]
    at org.apache.commons.math.MathRuntimeException.createIllegalArgumentException(MathRuntimeException.java:305)
    at org.apache.commons.math.analysis.solvers.BrentSolver.solve(BrentSolver.java:85)
    at org.apache.commons.math.ode.events.EventState.evaluateStep(EventState.java:218)
    at org.apache.commons.math.ode.events.EventStateTest.closeEvents(EventStateTest.java:66)
    at sun.reflect.NativeMethodAccessorImpl.invoke0(Native Method)
    at sun.reflect.NativeMethodAccessorImpl.invoke(NativeMethodAccessorImpl.java:62)
22:26:20.108 [pool-18-thread-1] INFO  f.i.l.c.t.SpecificationTestCasesListener - Tests run finished (7 ms)
<> Total tests run: 1
<> Ignored tests: 0
<> Failed tests: 1
~ closeEvents(org.apache.commons.math.ode.events.EventStateTest)
[function values at endpoints do not have different signs.  Endpoints: [89.999, 153.1], Values: [-0.066, -1,142.11]]
org.apache.commons.math.MathRuntimeException$4: function values at endpoints do not have different signs.  Endpoints: [89.999, 153.1], Values: [-0.066, -1,142.11]    at org.apache.commons.math.MathRuntimeException.createIllegalArgumentException(MathRuntimeException.java:305)
    at org.apache.commons.math.analysis.solvers.BrentSolver.solve(BrentSolver.java:85)
    at org.apache.commons.math.ode.events.EventState.evaluateStep(EventState.java:218)
    at org.apache.commons.math.ode.events.EventStateTest.closeEvents(EventStateTest.java:66)
    at sun.reflect.NativeMethodAccessorImpl.invoke0(Native Method)
    at sun.reflect.NativeMethodAccessorImpl.invoke(NativeMethodAccessorImpl.java:62)

22:26:20.109 [pool-15-thread-1] DEBUG tests.output - Failing tests with false: 
[closeEvents(org.apache.commons.math.ode.events.EventStateTest): null]
22:26:20.109 [pool-15-thread-1] DEBUG tests.output - Failing tests with true: 
[closeEvents(org.apache.commons.math.ode.events.EventStateTest): function values at endpoints do not have different signs.  Endpoints: [89.999, 153.1], Values: [-0.066, -1,142.11]]
22:26:20.109 [pool-15-thread-1] INFO  f.i.l.r.n.synth.SMTNopolSynthesizer - Not enough specifications: 0. A trivial patch is "true" or "false", please write new tests specifying SourceLocation org.apache.commons.math.analysis.solvers.BrentSolver:170.
22:26:20.110 [pool-2-thread-1] DEBUG fr.inria.lille.repair.nopol.NoPol - looking with class fr.inria.lille.repair.nopol.spoon.smt.ConditionalReplacer
org.apache.commons.math.MathRuntimeException$4: function values at endpoints do not have different signs.  Endpoints: [89.999, 153.1], Values: [-0.066, -1,142.11]
    at org.apache.commons.math.MathRuntimeException.createIllegalArgumentException(MathRuntimeException.java:305)
    at org.apache.commons.math.analysis.solvers.BrentSolver.solve(BrentSolver.java:178)
    at org.apache.commons.math.ode.events.EventState.evaluateStep(EventState.java:218)
    at org.apache.commons.math.ode.events.EventStateTest.closeEvents(EventStateTest.java:66)
    at sun.reflect.NativeMethodAccessorImpl.invoke0(Native Method)
    at sun.reflect.NativeMethodAccessorImpl.invoke(NativeMethodAccessorImpl.java:62)
22:26:20.124 [pool-20-thread-1] INFO  xxl.java.junit.TestCasesListener - Tests run finished (9 ms)
<> Total tests run: 1
<> Ignored tests: 0
<> Failed tests: 1
~ closeEvents(org.apache.commons.math.ode.events.EventStateTest)
[function values at endpoints do not have different signs.  Endpoints: [89.999, 153.1], Values: [-0.066, -1,142.11]]
org.apache.commons.math.MathRuntimeException$4: function values at endpoints do not have different signs.  Endpoints: [89.999, 153.1], Values: [-0.066, -1,142.11]    at org.apache.commons.math.MathRuntimeException.createIllegalArgumentException(MathRuntimeException.java:305)
    at org.apache.commons.math.analysis.solvers.BrentSolver.solve(BrentSolver.java:178)
    at org.apache.commons.math.ode.events.EventState.evaluateStep(EventState.java:218)
    at org.apache.commons.math.ode.events.EventStateTest.closeEvents(EventStateTest.java:66)
    at sun.reflect.NativeMethodAccessorImpl.invoke0(Native Method)
    at sun.reflect.NativeMethodAccessorImpl.invoke(NativeMethodAccessorImpl.java:62)

org.apache.commons.math.MathRuntimeException$4: function values at endpoints do not have different signs.  Endpoints: [89.999, 153.1], Values: [-0.066, -1,142.11]
    at org.apache.commons.math.MathRuntimeException.createIllegalArgumentException(MathRuntimeException.java:305)
    at org.apache.commons.math.analysis.solvers.BrentSolver.solve(BrentSolver.java:85)
    at org.apache.commons.math.ode.events.EventState.evaluateStep(EventState.java:218)
    at org.apache.commons.math.ode.events.EventStateTest.closeEvents(EventStateTest.java:66)
    at sun.reflect.NativeMethodAccessorImpl.invoke0(Native Method)
    at sun.reflect.NativeMethodAccessorImpl.invoke(NativeMethodAccessorImpl.java:62)
22:26:20.408 [pool-21-thread-1] INFO  f.i.l.c.t.SpecificationTestCasesListener - Tests run finished (10 ms)
<> Total tests run: 1
<> Ignored tests: 0
<> Failed tests: 1
~ closeEvents(org.apache.commons.math.ode.events.EventStateTest)
[function values at endpoints do not have different signs.  Endpoints: [89.999, 153.1], Values: [-0.066, -1,142.11]]
org.apache.commons.math.MathRuntimeException$4: function values at endpoints do not have different signs.  Endpoints: [89.999, 153.1], Values: [-0.066, -1,142.11]    at org.apache.commons.math.MathRuntimeException.createIllegalArgumentException(MathRuntimeException.java:305)
    at org.apache.commons.math.analysis.solvers.BrentSolver.solve(BrentSolver.java:85)
    at org.apache.commons.math.ode.events.EventState.evaluateStep(EventState.java:218)
    at org.apache.commons.math.ode.events.EventStateTest.closeEvents(EventStateTest.java:66)
    at sun.reflect.NativeMethodAccessorImpl.invoke0(Native Method)
    at sun.reflect.NativeMethodAccessorImpl.invoke(NativeMethodAccessorImpl.java:62)

junit.framework.AssertionFailedError
    at junit.framework.Assert.fail(Assert.java:55)
    at junit.framework.Assert.assertTrue(Assert.java:22)
    at junit.framework.Assert.assertTrue(Assert.java:31)
    at org.apache.commons.math.ode.events.EventStateTest.closeEvents(EventStateTest.java:66)
    at sun.reflect.NativeMethodAccessorImpl.invoke0(Native Method)
    at sun.reflect.NativeMethodAccessorImpl.invoke(NativeMethodAccessorImpl.java:62)
22:26:20.411 [pool-22-thread-1] INFO  f.i.l.c.t.SpecificationTestCasesListener - Tests run finished (1 ms)
<> Total tests run: 1
<> Ignored tests: 0
<> Failed tests: 1
~ closeEvents(org.apache.commons.math.ode.events.EventStateTest)
[null]
junit.framework.AssertionFailedError    at junit.framework.Assert.fail(Assert.java:55)
    at junit.framework.Assert.assertTrue(Assert.java:22)
    at junit.framework.Assert.assertTrue(Assert.java:31)
    at org.apache.commons.math.ode.events.EventStateTest.closeEvents(EventStateTest.java:66)
    at sun.reflect.NativeMethodAccessorImpl.invoke0(Native Method)
    at sun.reflect.NativeMethodAccessorImpl.invoke(NativeMethodAccessorImpl.java:62)

22:26:20.412 [pool-19-thread-1] DEBUG tests.output - Failing tests with false: 
[closeEvents(org.apache.commons.math.ode.events.EventStateTest): function values at endpoints do not have different signs.  Endpoints: [89.999, 153.1], Values: [-0.066, -1,142.11]]
22:26:20.412 [pool-19-thread-1] DEBUG tests.output - Failing tests with true: 
[closeEvents(org.apache.commons.math.ode.events.EventStateTest): null]
22:26:20.413 [pool-19-thread-1] INFO  f.i.l.r.n.synth.SMTNopolSynthesizer - Not enough specifications: 0. A trivial patch is "true" or "false", please write new tests specifying SourceLocation org.apache.commons.math.analysis.solvers.BrentSolver:170.
22:26:20.413 [pool-2-thread-1] DEBUG fr.inria.lille.repair.nopol.NoPol - statement #10
22:26:20.413 [pool-2-thread-1] DEBUG fr.inria.lille.repair.nopol.NoPol - Analysing SourceLocation org.apache.commons.math.analysis.solvers.BrentSolver:283 which is executed by 11 tests
-642797969
22:26:20.582 [pool-2-thread-1] DEBUG fr.inria.lille.repair.nopol.NoPol - looking with class fr.inria.lille.repair.nopol.spoon.smt.ConditionalAdder
org.apache.commons.math.MathRuntimeException$4: function values at endpoints do not have different signs.  Endpoints: [89.999, 153.1], Values: [-0.066, -1,142.11]
    at org.apache.commons.math.MathRuntimeException.createIllegalArgumentException(MathRuntimeException.java:305)
    at org.apache.commons.math.analysis.solvers.BrentSolver.solve(BrentSolver.java:178)
    at org.apache.commons.math.ode.events.EventState.evaluateStep(EventState.java:218)
    at org.apache.commons.math.ode.events.EventStateTest.closeEvents(EventStateTest.java:66)
    at sun.reflect.NativeMethodAccessorImpl.invoke0(Native Method)
    at sun.reflect.NativeMethodAccessorImpl.invoke(NativeMethodAccessorImpl.java:62)
22:26:20.597 [pool-24-thread-1] INFO  xxl.java.junit.TestCasesListener - Tests run finished (9 ms)
<> Total tests run: 1
<> Ignored tests: 0
<> Failed tests: 1
~ closeEvents(org.apache.commons.math.ode.events.EventStateTest)
[function values at endpoints do not have different signs.  Endpoints: [89.999, 153.1], Values: [-0.066, -1,142.11]]
org.apache.commons.math.MathRuntimeException$4: function values at endpoints do not have different signs.  Endpoints: [89.999, 153.1], Values: [-0.066, -1,142.11]    at org.apache.commons.math.MathRuntimeException.createIllegalArgumentException(MathRuntimeException.java:305)
    at org.apache.commons.math.analysis.solvers.BrentSolver.solve(BrentSolver.java:178)
    at org.apache.commons.math.ode.events.EventState.evaluateStep(EventState.java:218)
    at org.apache.commons.math.ode.events.EventStateTest.closeEvents(EventStateTest.java:66)
    at sun.reflect.NativeMethodAccessorImpl.invoke0(Native Method)
    at sun.reflect.NativeMethodAccessorImpl.invoke(NativeMethodAccessorImpl.java:62)

org.apache.commons.math.MathRuntimeException$4: function values at endpoints do not have different signs.  Endpoints: [89.999, 153.1], Values: [-0.066, -1,142.11]
    at org.apache.commons.math.MathRuntimeException.createIllegalArgumentException(MathRuntimeException.java:305)
    at org.apache.commons.math.analysis.solvers.BrentSolver.solve(BrentSolver.java:67)
    at org.apache.commons.math.ode.events.EventState.evaluateStep(EventState.java:218)
    at org.apache.commons.math.ode.events.EventStateTest.closeEvents(EventStateTest.java:66)
    at sun.reflect.NativeMethodAccessorImpl.invoke0(Native Method)
    at sun.reflect.NativeMethodAccessorImpl.invoke(NativeMethodAccessorImpl.java:62)
22:26:20.936 [pool-25-thread-1] INFO  f.i.l.c.t.SpecificationTestCasesListener - Tests run finished (11 ms)
<> Total tests run: 1
<> Ignored tests: 0
<> Failed tests: 1
~ closeEvents(org.apache.commons.math.ode.events.EventStateTest)
[function values at endpoints do not have different signs.  Endpoints: [89.999, 153.1], Values: [-0.066, -1,142.11]]
org.apache.commons.math.MathRuntimeException$4: function values at endpoints do not have different signs.  Endpoints: [89.999, 153.1], Values: [-0.066, -1,142.11]    at org.apache.commons.math.MathRuntimeException.createIllegalArgumentException(MathRuntimeException.java:305)
    at org.apache.commons.math.analysis.solvers.BrentSolver.solve(BrentSolver.java:67)
    at org.apache.commons.math.ode.events.EventState.evaluateStep(EventState.java:218)
    at org.apache.commons.math.ode.events.EventStateTest.closeEvents(EventStateTest.java:66)
    at sun.reflect.NativeMethodAccessorImpl.invoke0(Native Method)
    at sun.reflect.NativeMethodAccessorImpl.invoke(NativeMethodAccessorImpl.java:62)

org.apache.commons.math.MathRuntimeException$4: function values at endpoints do not have different signs.  Endpoints: [89.999, 153.1], Values: [-0.066, -1,142.11]
    at org.apache.commons.math.MathRuntimeException.createIllegalArgumentException(MathRuntimeException.java:305)
    at org.apache.commons.math.analysis.solvers.BrentSolver.solve(BrentSolver.java:67)
    at org.apache.commons.math.ode.events.EventState.evaluateStep(EventState.java:218)
    at org.apache.commons.math.ode.events.EventStateTest.closeEvents(EventStateTest.java:66)
    at sun.reflect.NativeMethodAccessorImpl.invoke0(Native Method)
    at sun.reflect.NativeMethodAccessorImpl.invoke(NativeMethodAccessorImpl.java:62)
22:26:20.946 [pool-26-thread-1] INFO  f.i.l.c.t.SpecificationTestCasesListener - Tests run finished (1 ms)
<> Total tests run: 1
<> Ignored tests: 0
<> Failed tests: 1
~ closeEvents(org.apache.commons.math.ode.events.EventStateTest)
[function values at endpoints do not have different signs.  Endpoints: [89.999, 153.1], Values: [-0.066, -1,142.11]]
org.apache.commons.math.MathRuntimeException$4: function values at endpoints do not have different signs.  Endpoints: [89.999, 153.1], Values: [-0.066, -1,142.11]    at org.apache.commons.math.MathRuntimeException.createIllegalArgumentException(MathRuntimeException.java:305)
    at org.apache.commons.math.analysis.solvers.BrentSolver.solve(BrentSolver.java:67)
    at org.apache.commons.math.ode.events.EventState.evaluateStep(EventState.java:218)
    at org.apache.commons.math.ode.events.EventStateTest.closeEvents(EventStateTest.java:66)
    at sun.reflect.NativeMethodAccessorImpl.invoke0(Native Method)
    at sun.reflect.NativeMethodAccessorImpl.invoke(NativeMethodAccessorImpl.java:62)

22:26:20.948 [pool-23-thread-1] DEBUG tests.output - Failing tests with false: 
[closeEvents(org.apache.commons.math.ode.events.EventStateTest): function values at endpoints do not have different signs.  Endpoints: [89.999, 153.1], Values: [-0.066, -1,142.11]]
22:26:20.949 [pool-23-thread-1] DEBUG tests.output - Failing tests with true: 
[closeEvents(org.apache.commons.math.ode.events.EventStateTest): function values at endpoints do not have different signs.  Endpoints: [89.999, 153.1], Values: [-0.066, -1,142.11]]
22:26:20.949 [pool-23-thread-1] INFO  f.i.l.r.n.synth.SMTNopolSynthesizer - Not enough specifications: 0. A trivial patch is "true" or "false", please write new tests specifying SourceLocation org.apache.commons.math.analysis.solvers.BrentSolver:283.
22:26:20.949 [pool-2-thread-1] DEBUG fr.inria.lille.repair.nopol.NoPol - statement #11
22:26:20.949 [pool-2-thread-1] DEBUG fr.inria.lille.repair.nopol.NoPol - Analysing SourceLocation org.apache.commons.math.analysis.solvers.BrentSolver:282 which is executed by 11 tests
-642797969
22:26:21.122 [pool-2-thread-1] DEBUG fr.inria.lille.repair.nopol.NoPol - looking with class fr.inria.lille.repair.nopol.spoon.smt.ConditionalAdder
org.apache.commons.math.MathRuntimeException$4: function values at endpoints do not have different signs.  Endpoints: [89.999, 153.1], Values: [-0.066, -1,142.11]
    at org.apache.commons.math.MathRuntimeException.createIllegalArgumentException(MathRuntimeException.java:305)
    at org.apache.commons.math.analysis.solvers.BrentSolver.solve(BrentSolver.java:178)
    at org.apache.commons.math.ode.events.EventState.evaluateStep(EventState.java:218)
    at org.apache.commons.math.ode.events.EventStateTest.closeEvents(EventStateTest.java:66)
    at sun.reflect.NativeMethodAccessorImpl.invoke0(Native Method)
    at sun.reflect.NativeMethodAccessorImpl.invoke(NativeMethodAccessorImpl.java:62)
22:26:21.137 [pool-28-thread-1] INFO  xxl.java.junit.TestCasesListener - Tests run finished (10 ms)
<> Total tests run: 1
<> Ignored tests: 0
<> Failed tests: 1
~ closeEvents(org.apache.commons.math.ode.events.EventStateTest)
[function values at endpoints do not have different signs.  Endpoints: [89.999, 153.1], Values: [-0.066, -1,142.11]]
org.apache.commons.math.MathRuntimeException$4: function values at endpoints do not have different signs.  Endpoints: [89.999, 153.1], Values: [-0.066, -1,142.11]    at org.apache.commons.math.MathRuntimeException.createIllegalArgumentException(MathRuntimeException.java:305)
    at org.apache.commons.math.analysis.solvers.BrentSolver.solve(BrentSolver.java:178)
    at org.apache.commons.math.ode.events.EventState.evaluateStep(EventState.java:218)
    at org.apache.commons.math.ode.events.EventStateTest.closeEvents(EventStateTest.java:66)
    at sun.reflect.NativeMethodAccessorImpl.invoke0(Native Method)
    at sun.reflect.NativeMethodAccessorImpl.invoke(NativeMethodAccessorImpl.java:62)

22:26:21.440 [pool-29-thread-1] INFO  f.i.l.c.t.SpecificationTestCasesListener - Tests run finished (5 ms)
<> Total tests run: 1
<> Ignored tests: 0
<> Failed tests: 0

org.apache.commons.math.MathRuntimeException$4: function values at endpoints do not have different signs.  Endpoints: [89.999, 153.1], Values: [-0.066, -1,142.11]
    at org.apache.commons.math.MathRuntimeException.createIllegalArgumentException(MathRuntimeException.java:305)
    at org.apache.commons.math.analysis.solvers.BrentSolver.solve(BrentSolver.java:67)
    at org.apache.commons.math.ode.events.EventState.evaluateStep(EventState.java:218)
    at org.apache.commons.math.ode.events.EventStateTest.closeEvents(EventStateTest.java:66)
    at sun.reflect.NativeMethodAccessorImpl.invoke0(Native Method)
    at sun.reflect.NativeMethodAccessorImpl.invoke(NativeMethodAccessorImpl.java:62)
22:26:21.452 [pool-30-thread-1] INFO  f.i.l.c.t.SpecificationTestCasesListener - Tests run finished (9 ms)
<> Total tests run: 1
<> Ignored tests: 0
<> Failed tests: 1
~ closeEvents(org.apache.commons.math.ode.events.EventStateTest)
[function values at endpoints do not have different signs.  Endpoints: [89.999, 153.1], Values: [-0.066, -1,142.11]]
org.apache.commons.math.MathRuntimeException$4: function values at endpoints do not have different signs.  Endpoints: [89.999, 153.1], Values: [-0.066, -1,142.11]    at org.apache.commons.math.MathRuntimeException.createIllegalArgumentException(MathRuntimeException.java:305)
    at org.apache.commons.math.analysis.solvers.BrentSolver.solve(BrentSolver.java:67)
    at org.apache.commons.math.ode.events.EventState.evaluateStep(EventState.java:218)
    at org.apache.commons.math.ode.events.EventStateTest.closeEvents(EventStateTest.java:66)
    at sun.reflect.NativeMethodAccessorImpl.invoke0(Native Method)
    at sun.reflect.NativeMethodAccessorImpl.invoke(NativeMethodAccessorImpl.java:62)

22:26:21.466 [pool-31-thread-1] INFO  f.i.l.r.n.s.ConstraintModelBuilder$1PassingListener - Tests run finished (6 ms)
<> Total tests run: 1
<> Ignored tests: 0
<> Failed tests: 0

22:26:21.474 [pool-32-thread-1] INFO  f.i.l.r.n.s.ConstraintModelBuilder$1PassingListener - Tests run finished (5 ms)
<> Total tests run: 1
<> Ignored tests: 0
<> Failed tests: 0

22:26:21.480 [pool-33-thread-1] INFO  f.i.l.r.n.s.ConstraintModelBuilder$1PassingListener - Tests run finished (3 ms)
<> Total tests run: 1
<> Ignored tests: 0
<> Failed tests: 0

22:26:21.484 [pool-34-thread-1] INFO  f.i.l.r.n.s.ConstraintModelBuilder$1PassingListener - Tests run finished (1 ms)
<> Total tests run: 1
<> Ignored tests: 0
<> Failed tests: 0

org.apache.commons.math.MaxIterationsExceededException: Maximal number of iterations (100) exceeded
    at org.apache.commons.math.analysis.solvers.BrentSolver.solve(BrentSolver.java:184)
    at org.apache.commons.math.analysis.solvers.BrentSolver.solve(BrentSolver.java:72)
    at org.apache.commons.math.analysis.solvers.UnivariateRealSolverUtils.solve(UnivariateRealSolverUtils.java:59)
    at org.apache.commons.math.distribution.AbstractContinuousDistribution.inverseCumulativeProbability(AbstractContinuousDistribution.java:108)
    at org.apache.commons.math.distribution.BetaDistributionImpl.inverseCumulativeProbability(BetaDistributionImpl.java:124)
    at org.apache.commons.math.distribution.BetaDistributionTest.checkCumulative(BetaDistributionTest.java:149)
22:26:21.499 [pool-35-thread-1] INFO  f.i.l.r.n.s.ConstraintModelBuilder$1PassingListener - Tests run finished (8 ms)
<> Total tests run: 1
<> Ignored tests: 0
<> Failed tests: 1
~ testCumulative(org.apache.commons.math.distribution.BetaDistributionTest)
[Maximal number of iterations (100) exceeded]
org.apache.commons.math.MaxIterationsExceededException: Maximal number of iterations (100) exceeded    at org.apache.commons.math.analysis.solvers.BrentSolver.solve(BrentSolver.java:184)
    at org.apache.commons.math.analysis.solvers.BrentSolver.solve(BrentSolver.java:72)
    at org.apache.commons.math.analysis.solvers.UnivariateRealSolverUtils.solve(UnivariateRealSolverUtils.java:59)
    at org.apache.commons.math.distribution.AbstractContinuousDistribution.inverseCumulativeProbability(AbstractContinuousDistribution.java:108)
    at org.apache.commons.math.distribution.BetaDistributionImpl.inverseCumulativeProbability(BetaDistributionImpl.java:124)
    at org.apache.commons.math.distribution.BetaDistributionTest.checkCumulative(BetaDistributionTest.java:149)

22:26:21.516 [pool-36-thread-1] INFO  f.i.l.r.n.s.ConstraintModelBuilder$1PassingListener - Tests run finished (13 ms)
<> Total tests run: 1
<> Ignored tests: 0
<> Failed tests: 0

22:26:21.518 [pool-37-thread-1] INFO  f.i.l.r.n.s.ConstraintModelBuilder$1PassingListener - Tests run finished (1 ms)
<> Total tests run: 1
<> Ignored tests: 0
<> Failed tests: 0

junit.framework.AssertionFailedError
    at junit.framework.Assert.fail(Assert.java:55)
    at junit.framework.Assert.assertTrue(Assert.java:22)
    at junit.framework.Assert.assertTrue(Assert.java:31)
    at junit.framework.TestCase.assertTrue(TestCase.java:201)
    at org.apache.commons.math.analysis.solvers.BrentSolverTest.testQuinticZero(BrentSolverTest.java:203)
    at sun.reflect.NativeMethodAccessorImpl.invoke0(Native Method)
22:26:21.522 [pool-38-thread-1] INFO  f.i.l.r.n.s.ConstraintModelBuilder$1PassingListener - Tests run finished (2 ms)
<> Total tests run: 1
<> Ignored tests: 0
<> Failed tests: 1
~ testQuinticZero(org.apache.commons.math.analysis.solvers.BrentSolverTest)
[null]
junit.framework.AssertionFailedError    at junit.framework.Assert.fail(Assert.java:55)
    at junit.framework.Assert.assertTrue(Assert.java:22)
    at junit.framework.Assert.assertTrue(Assert.java:31)
    at junit.framework.TestCase.assertTrue(TestCase.java:201)
    at org.apache.commons.math.analysis.solvers.BrentSolverTest.testQuinticZero(BrentSolverTest.java:203)
    at sun.reflect.NativeMethodAccessorImpl.invoke0(Native Method)

org.apache.commons.math.optimization.OptimizationException: 
    at org.apache.commons.math.optimization.general.NonLinearConjugateGradientOptimizer.doOptimize(NonLinearConjugateGradientOptimizer.java:211)
    at org.apache.commons.math.optimization.general.AbstractScalarDifferentiableOptimizer.optimize(AbstractScalarDifferentiableOptimizer.java:187)
    at org.apache.commons.math.optimization.general.NonLinearConjugateGradientOptimizerTest.testIllConditioned(NonLinearConjugateGradientOptimizerTest.java:262)
    at sun.reflect.NativeMethodAccessorImpl.invoke0(Native Method)
    at sun.reflect.NativeMethodAccessorImpl.invoke(NativeMethodAccessorImpl.java:62)
    at sun.reflect.DelegatingMethodAccessorImpl.invoke(DelegatingMethodAccessorImpl.java:43)
22:26:21.539 [pool-39-thread-1] INFO  f.i.l.r.n.s.ConstraintModelBuilder$1PassingListener - Tests run finished (13 ms)
<> Total tests run: 1
<> Ignored tests: 0
<> Failed tests: 1
~ testIllConditioned(org.apache.commons.math.optimization.general.NonLinearConjugateGradientOptimizerTest)
[]
org.apache.commons.math.optimization.OptimizationException:     at org.apache.commons.math.optimization.general.NonLinearConjugateGradientOptimizer.doOptimize(NonLinearConjugateGradientOptimizer.java:211)
    at org.apache.commons.math.optimization.general.AbstractScalarDifferentiableOptimizer.optimize(AbstractScalarDifferentiableOptimizer.java:187)
    at org.apache.commons.math.optimization.general.NonLinearConjugateGradientOptimizerTest.testIllConditioned(NonLinearConjugateGradientOptimizerTest.java:262)
    at sun.reflect.NativeMethodAccessorImpl.invoke0(Native Method)
    at sun.reflect.NativeMethodAccessorImpl.invoke(NativeMethodAccessorImpl.java:62)
    at sun.reflect.DelegatingMethodAccessorImpl.invoke(DelegatingMethodAccessorImpl.java:43)

22:26:21.543 [pool-40-thread-1] INFO  f.i.l.r.n.s.ConstraintModelBuilder$1PassingListener - Tests run finished (2 ms)
<> Total tests run: 1
<> Ignored tests: 0
<> Failed tests: 0

22:26:21.546 [pool-41-thread-1] INFO  f.i.l.r.n.s.ConstraintModelBuilder$1PassingListener - Tests run finished (1 ms)
<> Total tests run: 1
<> Ignored tests: 0
<> Failed tests: 0

22:26:21.548 [pool-42-thread-1] INFO  f.i.l.r.n.s.ConstraintModelBuilder$1PassingListener - Tests run finished (0 ms)
<> Total tests run: 1
<> Ignored tests: 0
<> Failed tests: 0

22:26:21.550 [pool-43-thread-1] INFO  f.i.l.r.n.s.ConstraintModelBuilder$1PassingListener - Tests run finished (1 ms)
<> Total tests run: 1
<> Ignored tests: 0
<> Failed tests: 0

22:26:21.552 [pool-44-thread-1] INFO  f.i.l.r.n.s.ConstraintModelBuilder$1PassingListener - Tests run finished (0 ms)
<> Total tests run: 1
<> Ignored tests: 0
<> Failed tests: 0

22:26:21.555 [pool-45-thread-1] INFO  f.i.l.r.n.s.ConstraintModelBuilder$1PassingListener - Tests run finished (1 ms)
<> Total tests run: 1
<> Ignored tests: 0
<> Failed tests: 0

22:26:21.564 [pool-46-thread-1] INFO  f.i.l.r.n.s.ConstraintModelBuilder$1PassingListener - Tests run finished (8 ms)
<> Total tests run: 1
<> Ignored tests: 0
<> Failed tests: 0

22:26:21.568 [pool-47-thread-1] INFO  f.i.l.r.n.s.ConstraintModelBuilder$1PassingListener - Tests run finished (2 ms)
<> Total tests run: 1
<> Ignored tests: 0
<> Failed tests: 0

org.apache.commons.math.MathRuntimeException$4: function values at endpoints do not have different signs.  Endpoints: [89.999, 153.1], Values: [-0.066, -1,142.11]
    at org.apache.commons.math.MathRuntimeException.createIllegalArgumentException(MathRuntimeException.java:305)
    at org.apache.commons.math.analysis.solvers.BrentSolver.solve(BrentSolver.java:67)
    at org.apache.commons.math.ode.events.EventState.evaluateStep(EventState.java:218)
    at org.apache.commons.math.ode.events.EventStateTest.closeEvents(EventStateTest.java:66)
    at sun.reflect.NativeMethodAccessorImpl.invoke0(Native Method)
    at sun.reflect.NativeMethodAccessorImpl.invoke(NativeMethodAccessorImpl.java:62)
22:26:21.571 [pool-48-thread-1] INFO  f.i.l.r.n.s.ConstraintModelBuilder$1PassingListener - Tests run finished (1 ms)
<> Total tests run: 1
<> Ignored tests: 0
<> Failed tests: 1
~ closeEvents(org.apache.commons.math.ode.events.EventStateTest)
[function values at endpoints do not have different signs.  Endpoints: [89.999, 153.1], Values: [-0.066, -1,142.11]]
org.apache.commons.math.MathRuntimeException$4: function values at endpoints do not have different signs.  Endpoints: [89.999, 153.1], Values: [-0.066, -1,142.11]    at org.apache.commons.math.MathRuntimeException.createIllegalArgumentException(MathRuntimeException.java:305)
    at org.apache.commons.math.analysis.solvers.BrentSolver.solve(BrentSolver.java:67)
    at org.apache.commons.math.ode.events.EventState.evaluateStep(EventState.java:218)
    at org.apache.commons.math.ode.events.EventStateTest.closeEvents(EventStateTest.java:66)
    at sun.reflect.NativeMethodAccessorImpl.invoke0(Native Method)
    at sun.reflect.NativeMethodAccessorImpl.invoke(NativeMethodAccessorImpl.java:62)

22:26:21.573 [pool-49-thread-1] INFO  f.i.l.r.n.s.ConstraintModelBuilder$1PassingListener - Tests run finished (1 ms)
<> Total tests run: 1
<> Ignored tests: 0
<> Failed tests: 0

22:26:21.578 [pool-50-thread-1] INFO  f.i.l.r.n.s.ConstraintModelBuilder$1PassingListener - Tests run finished (3 ms)
<> Total tests run: 1
<> Ignored tests: 0
<> Failed tests: 0

22:26:21.581 [pool-51-thread-1] INFO  f.i.l.r.n.s.ConstraintModelBuilder$1PassingListener - Tests run finished (1 ms)
<> Total tests run: 1
<> Ignored tests: 0
<> Failed tests: 0

22:26:21.584 [pool-52-thread-1] INFO  f.i.l.r.n.s.ConstraintModelBuilder$1PassingListener - Tests run finished (1 ms)
<> Total tests run: 1
<> Ignored tests: 0
<> Failed tests: 0

22:26:21.616 [pool-53-thread-1] INFO  f.i.l.c.t.SpecificationTestCasesListener - Tests run finished (30 ms)
<> Total tests run: 1
<> Ignored tests: 0
<> Failed tests: 0

22:26:21.621 [pool-54-thread-1] INFO  f.i.l.c.t.SpecificationTestCasesListener - Tests run finished (2 ms)
<> Total tests run: 1
<> Ignored tests: 0
<> Failed tests: 0

22:26:21.624 [pool-55-thread-1] INFO  f.i.l.c.t.SpecificationTestCasesListener - Tests run finished (2 ms)
<> Total tests run: 1
<> Ignored tests: 0
<> Failed tests: 0

22:26:21.969 [pool-27-thread-1] DEBUG f.i.l.c.s.ConstraintBasedSynthesis - Operators:
22:26:22.298 [pool-27-thread-1] DEBUG f.i.l.c.s.ConstraintBasedSynthesis - Operators:
== of arity: 2
!= of arity: 2
< of arity: 2
<= of arity: 2
22:26:28.728 [pool-27-thread-1] DEBUG f.i.l.c.s.ConstraintBasedSynthesis - Successful code synthesis: y0 < 1
22:26:28.730 [pool-27-thread-1] INFO  f.i.l.repair.nopol.patch.TestPatch - Applying patch: org.apache.commons.math.analysis.solvers.BrentSolver:282: PRECONDITION y0 < 1
22:26:28.974 [pool-27-thread-1] INFO  f.i.l.repair.nopol.patch.TestPatch - Running test suite to check the patch "y0 < 1" is working
22:26:29.059 [pool-2-thread-1] INFO  fr.inria.lille.repair.nopol.NoPol - ----INFORMATION----
22:26:29.270 [pool-2-thread-1] INFO  fr.inria.lille.repair.nopol.NoPol - Nb classes : 393
22:26:29.270 [pool-2-thread-1] INFO  fr.inria.lille.repair.nopol.NoPol - Nb methods : 2901
22:26:29.270 [pool-2-thread-1] INFO  fr.inria.lille.repair.nopol.NoPol - Nb Statements Analyzed : 7
22:26:29.271 [pool-2-thread-1] INFO  fr.inria.lille.repair.nopol.NoPol - Nb Statements with Angelic Value Found : 1
22:26:29.271 [pool-2-thread-1] INFO  fr.inria.lille.repair.nopol.NoPol - Nb inputs in SMT : 273
22:26:29.271 [pool-2-thread-1] INFO  fr.inria.lille.repair.nopol.NoPol - Nb SMT level: 2
22:26:29.271 [pool-2-thread-1] INFO  fr.inria.lille.repair.nopol.NoPol - Nb SMT components: [4] [== of arity: 2, != of arity: 2, < of arity: 2, <= of arity: 2]
22:26:29.271 [pool-2-thread-1] INFO  fr.inria.lille.repair.nopol.NoPol -                   class java.lang.Boolean: 4
22:26:29.271 [pool-2-thread-1] INFO  fr.inria.lille.repair.nopol.NoPol - Nb variables in SMT : 19
22:26:29.271 [pool-2-thread-1] INFO  fr.inria.lille.repair.nopol.NoPol - NoPol Execution time : 41000ms
22:26:29.271 [pool-2-thread-1] INFO  fr.inria.lille.repair.nopol.NoPol - 
22:26:29.271 [pool-2-thread-1] INFO  fr.inria.lille.repair.nopol.NoPol - ----PATCH FOUND----
22:26:29.271 [pool-2-thread-1] INFO  fr.inria.lille.repair.nopol.NoPol - y0 < 1
22:26:29.326 [pool-2-thread-1] INFO  fr.inria.lille.repair.nopol.NoPol - Nb test that executes the patch: 11
22:26:29.326 [pool-2-thread-1] INFO  fr.inria.lille.repair.nopol.NoPol - org.apache.commons.math.analysis.solvers.BrentSolver:282: PRECONDITION
22:26:29.354 [pool-2-thread-1] INFO  fr.inria.lille.repair.nopol.NoPol - --- a/src/main/java/org/apache/commons/math/analysis/solvers/BrentSolver.java
+++ b/src/main/java/org/apache/commons/math/analysis/solvers/BrentSolver.java
@@ -281,3 +281,5 @@
                     // Fall back to bisection.
-                    delta = 0.5 * dx;
+                    if (y0 < 1) {
+                        delta = 0.5 * dx;
+                    }
                     oldDelta = delta;

PATCH
124.68user 4.17system 0:43.33elapsed 297%CPU (0avgtext+0avgdata 672744maxresident)k
67976inputs+6040outputs (25major+364763minor)pagefaults 0swaps


Node: granduc-15.luxembourg.grid5000.fr



Date: Wed Nov 28 22:26:29 EST 2018

