cd /tmp/Nopol_QuixBugs_FIND_IN_SORTED_;
export JAVA_TOOL_OPTIONS="-Dfile.encoding=UTF8 -Duser.language=en-US -Duser.country=US -Duser.language=en";
TZ="America/New_York"; export TZ;
export PATH="/usr/lib/jvm/java-1.8.0-openjdk-amd64/bin/:$PATH";
export JAVA_HOME="/usr/lib/jvm/java-1.8.0-openjdk-amd64/bin/";
time java -Xmx4g -Xms1g -cp /home/tdurieux/defects4j4repair/script/../repair_tools/nopol.jar:/usr/lib/jvm/java-1.8.0-openjdk-amd64/bin//../lib/tools.jar fr.inria.lille.repair.Main \
	--mode repair \
	--type pre_then_cond \
	--oracle angelic \
	--synthesis smt \
	--flocal gzoltar \
	--json \
	--solver z3 \
	--solver-path /home/tdurieux/defects4j4repair/script/../libs/z3/build/z3 \
	--complianceLevel 8 \
	--source src/main/java \
	--classpath "target/classes:target/test-classes:/home/tdurieux/.m2/repository/junit/junit/4.11/junit-4.11.jar:/home/tdurieux/.m2/repository/org/hamcrest/hamcrest-core/1.3/hamcrest-core-1.3.jar:/home/tdurieux/defects4j4repair/script/../repair_tools/nopol.jar";
	echo "\n\nNode: `hostname`\n";
	echo "\n\nDate: `date`\n";
Picked up JAVA_TOOL_OPTIONS: -Dfile.encoding=UTF8 -Duser.language=en-US -Duser.country=US -Duser.language=en
14:48:04.664 [main] INFO  fr.inria.lille.repair.nopol.NoPol - Source files: [src/main/java]
14:48:04.667 [main] INFO  fr.inria.lille.repair.nopol.NoPol - Classpath: [file:/tmp/Nopol_QuixBugs_FIND_IN_SORTED_/target/classes/, file:/tmp/Nopol_QuixBugs_FIND_IN_SORTED_/target/test-classes/, file:/home/tdurieux/.m2/repository/junit/junit/4.11/junit-4.11.jar, file:/home/tdurieux/.m2/repository/org/hamcrest/hamcrest-core/1.3/hamcrest-core-1.3.jar, file:/home/tdurieux/defects4j4repair/script/../repair_tools/nopol.jar]
14:48:04.667 [main] INFO  fr.inria.lille.repair.nopol.NoPol - Statement type: PRE_THEN_COND
14:48:04.667 [main] INFO  fr.inria.lille.repair.nopol.NoPol - Args: [java_testcases.junit.FIND_IN_SORTED_Test]
14:48:04.668 [main] INFO  fr.inria.lille.repair.nopol.NoPol - Config: Config{synthesisDepth=3, collectStaticMethods=true, collectStaticFields=false, collectLiterals=false, onlyOneSynthesisResult=true, sortExpressions=true, maxLineInvocationPerTest=250, timeoutMethodInvocation=2000, dataCollectionTimeoutInSecondForSynthesis=900, addWeight=0.19478, subWeight=0.04554, mulWeight=0.0102, divWeight=0.00613, andWeight=0.10597, orWeight=0.05708, eqWeight=0.22798, nEqWeight=0.0, lessEqWeight=0.0255, lessWeight=0.0947, methodCallWeight=0.1, fieldAccessWeight=0.08099, constantWeight=0.14232, variableWeight=0.05195, mode=REPAIR, type=PRE_THEN_COND, synthesis=SMT, oracle=ANGELIC, solver=Z3, solverPath='/home/tdurieux/defects4j4repair/script/../libs/z3/build/z3', projectSources=[src/main/java], projectClasspath='[Ljava.net.URL;@66d33a', projectTests=[java_testcases.junit.FIND_IN_SORTED_Test], complianceLevel=8, outputFolder=., json=true}
14:48:04.668 [main] INFO  fr.inria.lille.repair.nopol.NoPol - Available processors (cores): 32
14:48:04.673 [main] INFO  fr.inria.lille.repair.nopol.NoPol - Free memory: 940 MB
14:48:04.673 [main] INFO  fr.inria.lille.repair.nopol.NoPol - Maximum memory: 3 GB
14:48:04.673 [main] INFO  fr.inria.lille.repair.nopol.NoPol - Total memory available to JVM: 981 MB
14:48:04.673 [main] INFO  fr.inria.lille.repair.nopol.NoPol - Java version: 1.8.0_181
14:48:04.674 [main] INFO  fr.inria.lille.repair.nopol.NoPol - JAVA_HOME: /usr/lib/jvm/java-1.8.0-openjdk-amd64/bin/
14:48:04.674 [main] INFO  fr.inria.lille.repair.nopol.NoPol - PATH: /usr/lib/jvm/java-1.8.0-openjdk-amd64/bin/:/usr/lib/oar/oardodo:/usr/lib/oar/oardodo:/usr/local/bin:/usr/bin:/bin:/usr/games
14:48:06.972 [pool-2-thread-1] DEBUG fr.inria.lille.repair.nopol.NoPol - statement #1
14:48:06.973 [pool-2-thread-1] DEBUG fr.inria.lille.repair.nopol.NoPol - Analysing SourceLocation java_programs.FIND_IN_SORTED:20 which is executed by 3 tests
1943284754
14:48:07.142 [pool-2-thread-1] DEBUG fr.inria.lille.repair.nopol.NoPol - looking with class fr.inria.lille.repair.nopol.spoon.smt.ConditionalAdder
java.lang.StackOverflowError
    at java_programs.FIND_IN_SORTED.binsearch(FIND_IN_SORTED.java:20)
    at java_programs.FIND_IN_SORTED.binsearch(FIND_IN_SORTED.java:20)
    at java_programs.FIND_IN_SORTED.binsearch(FIND_IN_SORTED.java:20)
    at java_programs.FIND_IN_SORTED.binsearch(FIND_IN_SORTED.java:20)
    at java_programs.FIND_IN_SORTED.binsearch(FIND_IN_SORTED.java:20)
    at java_programs.FIND_IN_SORTED.binsearch(FIND_IN_SORTED.java:20)
java.lang.StackOverflowError
    at java_programs.FIND_IN_SORTED.binsearch(FIND_IN_SORTED.java:20)
    at java_programs.FIND_IN_SORTED.binsearch(FIND_IN_SORTED.java:20)
    at java_programs.FIND_IN_SORTED.binsearch(FIND_IN_SORTED.java:20)
    at java_programs.FIND_IN_SORTED.binsearch(FIND_IN_SORTED.java:20)
    at java_programs.FIND_IN_SORTED.binsearch(FIND_IN_SORTED.java:20)
    at java_programs.FIND_IN_SORTED.binsearch(FIND_IN_SORTED.java:20)
java.lang.StackOverflowError
    at java_programs.FIND_IN_SORTED.binsearch(FIND_IN_SORTED.java:20)
    at java_programs.FIND_IN_SORTED.binsearch(FIND_IN_SORTED.java:20)
    at java_programs.FIND_IN_SORTED.binsearch(FIND_IN_SORTED.java:20)
    at java_programs.FIND_IN_SORTED.binsearch(FIND_IN_SORTED.java:20)
    at java_programs.FIND_IN_SORTED.binsearch(FIND_IN_SORTED.java:20)
    at java_programs.FIND_IN_SORTED.binsearch(FIND_IN_SORTED.java:20)
java.lang.StackOverflowError
    at java_programs.FIND_IN_SORTED.binsearch(FIND_IN_SORTED.java:20)
    at java_programs.FIND_IN_SORTED.binsearch(FIND_IN_SORTED.java:20)
    at java_programs.FIND_IN_SORTED.binsearch(FIND_IN_SORTED.java:20)
    at java_programs.FIND_IN_SORTED.binsearch(FIND_IN_SORTED.java:20)
    at java_programs.FIND_IN_SORTED.binsearch(FIND_IN_SORTED.java:20)
    at java_programs.FIND_IN_SORTED.binsearch(FIND_IN_SORTED.java:20)
14:48:07.183 [pool-4-thread-1] INFO  xxl.java.junit.TestCasesListener - Tests run finished (21 ms)
<> Total tests run: 14
<> Ignored tests: 0
<> Failed tests: 4
~ test_1(java_testcases.junit.FIND_IN_SORTED_Test)
[null]
java.lang.StackOverflowError    at java_programs.FIND_IN_SORTED.binsearch(FIND_IN_SORTED.java:20)
    at java_programs.FIND_IN_SORTED.binsearch(FIND_IN_SORTED.java:20)
    at java_programs.FIND_IN_SORTED.binsearch(FIND_IN_SORTED.java:20)
    at java_programs.FIND_IN_SORTED.binsearch(FIND_IN_SORTED.java:20)
    at java_programs.FIND_IN_SORTED.binsearch(FIND_IN_SORTED.java:20)
    at java_programs.FIND_IN_SORTED.binsearch(FIND_IN_SORTED.java:20)
~ test_6(java_testcases.junit.FIND_IN_SORTED_Test)
[null]
java.lang.StackOverflowError    at java_programs.FIND_IN_SORTED.binsearch(FIND_IN_SORTED.java:20)
    at java_programs.FIND_IN_SORTED.binsearch(FIND_IN_SORTED.java:20)
    at java_programs.FIND_IN_SORTED.binsearch(FIND_IN_SORTED.java:20)
    at java_programs.FIND_IN_SORTED.binsearch(FIND_IN_SORTED.java:20)
    at java_programs.FIND_IN_SORTED.binsearch(FIND_IN_SORTED.java:20)
    at java_programs.FIND_IN_SORTED.binsearch(FIND_IN_SORTED.java:20)
~ test_1(java_testcases.junit.FIND_IN_SORTED_Test)
[null]
java.lang.StackOverflowError    at java_programs.FIND_IN_SORTED.binsearch(FIND_IN_SORTED.java:20)
    at java_programs.FIND_IN_SORTED.binsearch(FIND_IN_SORTED.java:20)
    at java_programs.FIND_IN_SORTED.binsearch(FIND_IN_SORTED.java:20)
    at java_programs.FIND_IN_SORTED.binsearch(FIND_IN_SORTED.java:20)
    at java_programs.FIND_IN_SORTED.binsearch(FIND_IN_SORTED.java:20)
    at java_programs.FIND_IN_SORTED.binsearch(FIND_IN_SORTED.java:20)
~ test_6(java_testcases.junit.FIND_IN_SORTED_Test)
[null]
java.lang.StackOverflowError    at java_programs.FIND_IN_SORTED.binsearch(FIND_IN_SORTED.java:20)
    at java_programs.FIND_IN_SORTED.binsearch(FIND_IN_SORTED.java:20)
    at java_programs.FIND_IN_SORTED.binsearch(FIND_IN_SORTED.java:20)
    at java_programs.FIND_IN_SORTED.binsearch(FIND_IN_SORTED.java:20)
    at java_programs.FIND_IN_SORTED.binsearch(FIND_IN_SORTED.java:20)
    at java_programs.FIND_IN_SORTED.binsearch(FIND_IN_SORTED.java:20)

14:48:07.534 [pool-3-thread-1] ERROR x.java.compiler.DynamicClassCompiler - [Compilation errors]
FIND_IN_SORTED.java:35: error: missing return statement
    }
    ^
14:48:07.536 [pool-3-thread-1] ERROR f.i.l.r.n.s.ConstraintModelBuilder - Unable to compile the change: 
public class FIND_IN_SORTED {
    public static int binsearch(int[] arr, int x, int start, int end) {
        if (start == end) {
            return -1;
        }
        int mid = start + ((end - start) / 2);
        if (x < (arr[mid])) {
            return java_programs.FIND_IN_SORTED.binsearch(arr, x, start, mid);
        }else
            if (x > (arr[mid])) {
                boolean spoonDefaultValue = false;
                try {
                    spoonDefaultValue = true;
                } catch (java.lang.Exception __NopolProcessorException) {
                }
                boolean runtimeAngelicValue = fr.inria.lille.repair.nopol.synth.AngelicExecution.angelicValue(spoonDefaultValue);
                if (fr.inria.lille.commons.trace.RuntimeValues.instance(0).isEnabled()) {
                    fr.inria.lille.commons.trace.RuntimeValues.instance(0).collectionStarts();
                    try{fr.inria.lille.commons.trace.RuntimeValues.instance(0).collectInput("x",x);} catch (Exception ex1) {ex1.printStackTrace();};
                    try{fr.inria.lille.commons.trace.RuntimeValues.instance(0).collectInput("start",start);} catch (Exception ex1) {ex1.printStackTrace();};
                    try{fr.inria.lille.commons.trace.RuntimeValues.instance(0).collectInput("arr",arr);} catch (Exception ex1) {ex1.printStackTrace();};
                    try{fr.inria.lille.commons.trace.RuntimeValues.instance(0).collectInput("mid",mid);} catch (Exception ex1) {ex1.printStackTrace();};
                    try{fr.inria.lille.commons.trace.RuntimeValues.instance(0).collectInput("end",end);} catch (Exception ex1) {ex1.printStackTrace();};
                    fr.inria.lille.commons.trace.RuntimeValues.instance(0).collectOutput(runtimeAngelicValue);
                    fr.inria.lille.commons.trace.RuntimeValues.instance(0).collectionEnds();
                }
                if (runtimeAngelicValue)
                    return java_programs.FIND_IN_SORTED.binsearch(arr, x, mid, end);

            }else {
                return mid;
            }

    }

    public static int find_in_sorted(int[] arr, int x) {
        return java_programs.FIND_IN_SORTED.binsearch(arr, x, 0, arr.length);
    }
}
14:48:07.536 [pool-2-thread-1] ERROR fr.inria.lille.repair.nopol.NoPol - Error ExecutionException java.util.concurrent.ExecutionException: xxl.java.compiler.DynamicCompilationException: Aborting: dynamic compilation failed
14:48:07.536 [pool-2-thread-1] DEBUG fr.inria.lille.repair.nopol.NoPol - statement #2
14:48:07.536 [pool-2-thread-1] DEBUG fr.inria.lille.repair.nopol.NoPol - Analysing SourceLocation java_programs.FIND_IN_SORTED:19 which is executed by 6 tests
1943284754
14:48:07.569 [pool-2-thread-1] DEBUG fr.inria.lille.repair.nopol.NoPol - looking with class fr.inria.lille.repair.nopol.spoon.smt.ConditionalAdder
java.lang.StackOverflowError
    at java_programs.FIND_IN_SORTED.binsearch(FIND_IN_SORTED.java:20)
    at java_programs.FIND_IN_SORTED.binsearch(FIND_IN_SORTED.java:20)
    at java_programs.FIND_IN_SORTED.binsearch(FIND_IN_SORTED.java:20)
    at java_programs.FIND_IN_SORTED.binsearch(FIND_IN_SORTED.java:20)
    at java_programs.FIND_IN_SORTED.binsearch(FIND_IN_SORTED.java:20)
    at java_programs.FIND_IN_SORTED.binsearch(FIND_IN_SORTED.java:20)
java.lang.StackOverflowError
    at java_programs.FIND_IN_SORTED.binsearch(FIND_IN_SORTED.java:20)
    at java_programs.FIND_IN_SORTED.binsearch(FIND_IN_SORTED.java:20)
    at java_programs.FIND_IN_SORTED.binsearch(FIND_IN_SORTED.java:20)
    at java_programs.FIND_IN_SORTED.binsearch(FIND_IN_SORTED.java:20)
    at java_programs.FIND_IN_SORTED.binsearch(FIND_IN_SORTED.java:20)
    at java_programs.FIND_IN_SORTED.binsearch(FIND_IN_SORTED.java:20)
java.lang.StackOverflowError
    at java_programs.FIND_IN_SORTED.binsearch(FIND_IN_SORTED.java:20)
    at java_programs.FIND_IN_SORTED.binsearch(FIND_IN_SORTED.java:20)
    at java_programs.FIND_IN_SORTED.binsearch(FIND_IN_SORTED.java:20)
    at java_programs.FIND_IN_SORTED.binsearch(FIND_IN_SORTED.java:20)
    at java_programs.FIND_IN_SORTED.binsearch(FIND_IN_SORTED.java:20)
    at java_programs.FIND_IN_SORTED.binsearch(FIND_IN_SORTED.java:20)
java.lang.StackOverflowError
    at java_programs.FIND_IN_SORTED.binsearch(FIND_IN_SORTED.java:20)
    at java_programs.FIND_IN_SORTED.binsearch(FIND_IN_SORTED.java:20)
    at java_programs.FIND_IN_SORTED.binsearch(FIND_IN_SORTED.java:20)
    at java_programs.FIND_IN_SORTED.binsearch(FIND_IN_SORTED.java:20)
    at java_programs.FIND_IN_SORTED.binsearch(FIND_IN_SORTED.java:20)
    at java_programs.FIND_IN_SORTED.binsearch(FIND_IN_SORTED.java:20)
14:48:07.589 [pool-6-thread-1] INFO  xxl.java.junit.TestCasesListener - Tests run finished (17 ms)
<> Total tests run: 14
<> Ignored tests: 0
<> Failed tests: 4
~ test_1(java_testcases.junit.FIND_IN_SORTED_Test)
[null]
java.lang.StackOverflowError    at java_programs.FIND_IN_SORTED.binsearch(FIND_IN_SORTED.java:20)
    at java_programs.FIND_IN_SORTED.binsearch(FIND_IN_SORTED.java:20)
    at java_programs.FIND_IN_SORTED.binsearch(FIND_IN_SORTED.java:20)
    at java_programs.FIND_IN_SORTED.binsearch(FIND_IN_SORTED.java:20)
    at java_programs.FIND_IN_SORTED.binsearch(FIND_IN_SORTED.java:20)
    at java_programs.FIND_IN_SORTED.binsearch(FIND_IN_SORTED.java:20)
~ test_6(java_testcases.junit.FIND_IN_SORTED_Test)
[null]
java.lang.StackOverflowError    at java_programs.FIND_IN_SORTED.binsearch(FIND_IN_SORTED.java:20)
    at java_programs.FIND_IN_SORTED.binsearch(FIND_IN_SORTED.java:20)
    at java_programs.FIND_IN_SORTED.binsearch(FIND_IN_SORTED.java:20)
    at java_programs.FIND_IN_SORTED.binsearch(FIND_IN_SORTED.java:20)
    at java_programs.FIND_IN_SORTED.binsearch(FIND_IN_SORTED.java:20)
    at java_programs.FIND_IN_SORTED.binsearch(FIND_IN_SORTED.java:20)
~ test_1(java_testcases.junit.FIND_IN_SORTED_Test)
[null]
java.lang.StackOverflowError    at java_programs.FIND_IN_SORTED.binsearch(FIND_IN_SORTED.java:20)
    at java_programs.FIND_IN_SORTED.binsearch(FIND_IN_SORTED.java:20)
    at java_programs.FIND_IN_SORTED.binsearch(FIND_IN_SORTED.java:20)
    at java_programs.FIND_IN_SORTED.binsearch(FIND_IN_SORTED.java:20)
    at java_programs.FIND_IN_SORTED.binsearch(FIND_IN_SORTED.java:20)
    at java_programs.FIND_IN_SORTED.binsearch(FIND_IN_SORTED.java:20)
~ test_6(java_testcases.junit.FIND_IN_SORTED_Test)
[null]
java.lang.StackOverflowError    at java_programs.FIND_IN_SORTED.binsearch(FIND_IN_SORTED.java:20)
    at java_programs.FIND_IN_SORTED.binsearch(FIND_IN_SORTED.java:20)
    at java_programs.FIND_IN_SORTED.binsearch(FIND_IN_SORTED.java:20)
    at java_programs.FIND_IN_SORTED.binsearch(FIND_IN_SORTED.java:20)
    at java_programs.FIND_IN_SORTED.binsearch(FIND_IN_SORTED.java:20)
    at java_programs.FIND_IN_SORTED.binsearch(FIND_IN_SORTED.java:20)

14:48:07.663 [pool-5-thread-1] ERROR x.java.compiler.DynamicClassCompiler - [Compilation errors]
FIND_IN_SORTED.java:35: error: missing return statement
    }
    ^
14:48:07.664 [pool-5-thread-1] ERROR f.i.l.r.n.s.ConstraintModelBuilder - Unable to compile the change: 
public class FIND_IN_SORTED {
    public static int binsearch(int[] arr, int x, int start, int end) {
        if (start == end) {
            return -1;
        }
        int mid = start + ((end - start) / 2);
        if (x < (arr[mid])) {
            return java_programs.FIND_IN_SORTED.binsearch(arr, x, start, mid);
        }else {
            boolean spoonDefaultValue = false;
            try {
                spoonDefaultValue = true;
            } catch (java.lang.Exception __NopolProcessorException) {
            }
            boolean runtimeAngelicValue = fr.inria.lille.repair.nopol.synth.AngelicExecution.angelicValue(spoonDefaultValue);
            if (fr.inria.lille.commons.trace.RuntimeValues.instance(1).isEnabled()) {
                fr.inria.lille.commons.trace.RuntimeValues.instance(1).collectionStarts();
                try{fr.inria.lille.commons.trace.RuntimeValues.instance(1).collectInput("arr",arr);} catch (Exception ex1) {ex1.printStackTrace();};
                try{fr.inria.lille.commons.trace.RuntimeValues.instance(1).collectInput("x",x);} catch (Exception ex1) {ex1.printStackTrace();};
                try{fr.inria.lille.commons.trace.RuntimeValues.instance(1).collectInput("start",start);} catch (Exception ex1) {ex1.printStackTrace();};
                try{fr.inria.lille.commons.trace.RuntimeValues.instance(1).collectInput("mid",mid);} catch (Exception ex1) {ex1.printStackTrace();};
                try{fr.inria.lille.commons.trace.RuntimeValues.instance(1).collectInput("end",end);} catch (Exception ex1) {ex1.printStackTrace();};
                try{fr.inria.lille.commons.trace.RuntimeValues.instance(1).collectInput("(arr[mid])",(arr[mid]));} catch (Exception ex1) {ex1.printStackTrace();};
                try{fr.inria.lille.commons.trace.RuntimeValues.instance(1).collectInput("x > (arr[mid])",x > (arr[mid]));} catch (Exception ex1) {ex1.printStackTrace();};
                fr.inria.lille.commons.trace.RuntimeValues.instance(1).collectOutput(runtimeAngelicValue);
                fr.inria.lille.commons.trace.RuntimeValues.instance(1).collectionEnds();
            }
            if (runtimeAngelicValue) if (x > (arr[mid])) {
                return java_programs.FIND_IN_SORTED.binsearch(arr, x, mid, end);
            }else {
                return mid;
            }
        }
    }

    public static int find_in_sorted(int[] arr, int x) {
        return java_programs.FIND_IN_SORTED.binsearch(arr, x, 0, arr.length);
    }
}
14:48:07.665 [pool-2-thread-1] ERROR fr.inria.lille.repair.nopol.NoPol - Error ExecutionException java.util.concurrent.ExecutionException: xxl.java.compiler.DynamicCompilationException: Aborting: dynamic compilation failed
14:48:07.665 [pool-2-thread-1] DEBUG fr.inria.lille.repair.nopol.NoPol - looking with class fr.inria.lille.repair.nopol.spoon.smt.ConditionalReplacer
java.lang.StackOverflowError
    at java_programs.FIND_IN_SORTED.binsearch(FIND_IN_SORTED.java:20)
    at java_programs.FIND_IN_SORTED.binsearch(FIND_IN_SORTED.java:20)
    at java_programs.FIND_IN_SORTED.binsearch(FIND_IN_SORTED.java:20)
    at java_programs.FIND_IN_SORTED.binsearch(FIND_IN_SORTED.java:20)
    at java_programs.FIND_IN_SORTED.binsearch(FIND_IN_SORTED.java:20)
    at java_programs.FIND_IN_SORTED.binsearch(FIND_IN_SORTED.java:20)
java.lang.StackOverflowError
    at java_programs.FIND_IN_SORTED.binsearch(FIND_IN_SORTED.java:20)
    at java_programs.FIND_IN_SORTED.binsearch(FIND_IN_SORTED.java:20)
    at java_programs.FIND_IN_SORTED.binsearch(FIND_IN_SORTED.java:20)
    at java_programs.FIND_IN_SORTED.binsearch(FIND_IN_SORTED.java:20)
    at java_programs.FIND_IN_SORTED.binsearch(FIND_IN_SORTED.java:20)
    at java_programs.FIND_IN_SORTED.binsearch(FIND_IN_SORTED.java:20)
java.lang.StackOverflowError
    at java_programs.FIND_IN_SORTED.binsearch(FIND_IN_SORTED.java:20)
    at java_programs.FIND_IN_SORTED.binsearch(FIND_IN_SORTED.java:20)
    at java_programs.FIND_IN_SORTED.binsearch(FIND_IN_SORTED.java:20)
    at java_programs.FIND_IN_SORTED.binsearch(FIND_IN_SORTED.java:20)
    at java_programs.FIND_IN_SORTED.binsearch(FIND_IN_SORTED.java:20)
    at java_programs.FIND_IN_SORTED.binsearch(FIND_IN_SORTED.java:20)
java.lang.StackOverflowError
    at java_programs.FIND_IN_SORTED.binsearch(FIND_IN_SORTED.java:20)
    at java_programs.FIND_IN_SORTED.binsearch(FIND_IN_SORTED.java:20)
    at java_programs.FIND_IN_SORTED.binsearch(FIND_IN_SORTED.java:20)
    at java_programs.FIND_IN_SORTED.binsearch(FIND_IN_SORTED.java:20)
    at java_programs.FIND_IN_SORTED.binsearch(FIND_IN_SORTED.java:20)
    at java_programs.FIND_IN_SORTED.binsearch(FIND_IN_SORTED.java:20)
14:48:07.684 [pool-8-thread-1] INFO  xxl.java.junit.TestCasesListener - Tests run finished (17 ms)
<> Total tests run: 14
<> Ignored tests: 0
<> Failed tests: 4
~ test_1(java_testcases.junit.FIND_IN_SORTED_Test)
[null]
java.lang.StackOverflowError    at java_programs.FIND_IN_SORTED.binsearch(FIND_IN_SORTED.java:20)
    at java_programs.FIND_IN_SORTED.binsearch(FIND_IN_SORTED.java:20)
    at java_programs.FIND_IN_SORTED.binsearch(FIND_IN_SORTED.java:20)
    at java_programs.FIND_IN_SORTED.binsearch(FIND_IN_SORTED.java:20)
    at java_programs.FIND_IN_SORTED.binsearch(FIND_IN_SORTED.java:20)
    at java_programs.FIND_IN_SORTED.binsearch(FIND_IN_SORTED.java:20)
~ test_6(java_testcases.junit.FIND_IN_SORTED_Test)
[null]
java.lang.StackOverflowError    at java_programs.FIND_IN_SORTED.binsearch(FIND_IN_SORTED.java:20)
    at java_programs.FIND_IN_SORTED.binsearch(FIND_IN_SORTED.java:20)
    at java_programs.FIND_IN_SORTED.binsearch(FIND_IN_SORTED.java:20)
    at java_programs.FIND_IN_SORTED.binsearch(FIND_IN_SORTED.java:20)
    at java_programs.FIND_IN_SORTED.binsearch(FIND_IN_SORTED.java:20)
    at java_programs.FIND_IN_SORTED.binsearch(FIND_IN_SORTED.java:20)
~ test_1(java_testcases.junit.FIND_IN_SORTED_Test)
[null]
java.lang.StackOverflowError    at java_programs.FIND_IN_SORTED.binsearch(FIND_IN_SORTED.java:20)
    at java_programs.FIND_IN_SORTED.binsearch(FIND_IN_SORTED.java:20)
    at java_programs.FIND_IN_SORTED.binsearch(FIND_IN_SORTED.java:20)
    at java_programs.FIND_IN_SORTED.binsearch(FIND_IN_SORTED.java:20)
    at java_programs.FIND_IN_SORTED.binsearch(FIND_IN_SORTED.java:20)
    at java_programs.FIND_IN_SORTED.binsearch(FIND_IN_SORTED.java:20)
~ test_6(java_testcases.junit.FIND_IN_SORTED_Test)
[null]
java.lang.StackOverflowError    at java_programs.FIND_IN_SORTED.binsearch(FIND_IN_SORTED.java:20)
    at java_programs.FIND_IN_SORTED.binsearch(FIND_IN_SORTED.java:20)
    at java_programs.FIND_IN_SORTED.binsearch(FIND_IN_SORTED.java:20)
    at java_programs.FIND_IN_SORTED.binsearch(FIND_IN_SORTED.java:20)
    at java_programs.FIND_IN_SORTED.binsearch(FIND_IN_SORTED.java:20)
    at java_programs.FIND_IN_SORTED.binsearch(FIND_IN_SORTED.java:20)

java.lang.AssertionError: expected:<-1> but was:<3>
    at org.junit.Assert.fail(Assert.java:88)
    at org.junit.Assert.failNotEquals(Assert.java:743)
    at org.junit.Assert.assertEquals(Assert.java:118)
    at org.junit.Assert.assertEquals(Assert.java:555)
    at org.junit.Assert.assertEquals(Assert.java:542)
    at java_testcases.junit.FIND_IN_SORTED_Test.test_1(FIND_IN_SORTED_Test.java:14)
14:48:07.781 [pool-9-thread-1] INFO  f.i.l.c.t.SpecificationTestCasesListener - Tests run finished (3 ms)
<> Total tests run: 1
<> Ignored tests: 0
<> Failed tests: 1
~ test_1(java_testcases.junit.FIND_IN_SORTED_Test)
[expected:<-1> but was:<3>]
java.lang.AssertionError: expected:<-1> but was:<3>    at org.junit.Assert.fail(Assert.java:88)
    at org.junit.Assert.failNotEquals(Assert.java:743)
    at org.junit.Assert.assertEquals(Assert.java:118)
    at org.junit.Assert.assertEquals(Assert.java:555)
    at org.junit.Assert.assertEquals(Assert.java:542)
    at java_testcases.junit.FIND_IN_SORTED_Test.test_1(FIND_IN_SORTED_Test.java:14)

java.lang.AssertionError: expected:<-1> but was:<2>
    at org.junit.Assert.fail(Assert.java:88)
    at org.junit.Assert.failNotEquals(Assert.java:743)
    at org.junit.Assert.assertEquals(Assert.java:118)
    at org.junit.Assert.assertEquals(Assert.java:555)
    at org.junit.Assert.assertEquals(Assert.java:542)
    at java_testcases.junit.FIND_IN_SORTED_Test.test_6(FIND_IN_SORTED_Test.java:44)
14:48:07.783 [pool-10-thread-1] INFO  f.i.l.c.t.SpecificationTestCasesListener - Tests run finished (1 ms)
<> Total tests run: 1
<> Ignored tests: 0
<> Failed tests: 1
~ test_6(java_testcases.junit.FIND_IN_SORTED_Test)
[expected:<-1> but was:<2>]
java.lang.AssertionError: expected:<-1> but was:<2>    at org.junit.Assert.fail(Assert.java:88)
    at org.junit.Assert.failNotEquals(Assert.java:743)
    at org.junit.Assert.assertEquals(Assert.java:118)
    at org.junit.Assert.assertEquals(Assert.java:555)
    at org.junit.Assert.assertEquals(Assert.java:542)
    at java_testcases.junit.FIND_IN_SORTED_Test.test_6(FIND_IN_SORTED_Test.java:44)

java.lang.StackOverflowError
    at fr.inria.lille.repair.nopol.synth.AngelicExecution.angelicValue(AngelicExecution.java:16)
    at java_programs.FIND_IN_SORTED.binsearch(FIND_IN_SORTED.java:16)
    at java_programs.FIND_IN_SORTED.binsearch(FIND_IN_SORTED.java:30)
    at java_programs.FIND_IN_SORTED.binsearch(FIND_IN_SORTED.java:30)
    at java_programs.FIND_IN_SORTED.binsearch(FIND_IN_SORTED.java:30)
    at java_programs.FIND_IN_SORTED.binsearch(FIND_IN_SORTED.java:30)
14:48:07.800 [pool-11-thread-1] INFO  f.i.l.c.t.SpecificationTestCasesListener - Tests run finished (16 ms)
<> Total tests run: 1
<> Ignored tests: 0
<> Failed tests: 1
~ test_1(java_testcases.junit.FIND_IN_SORTED_Test)
[null]
java.lang.StackOverflowError    at fr.inria.lille.repair.nopol.synth.AngelicExecution.angelicValue(AngelicExecution.java:16)
    at java_programs.FIND_IN_SORTED.binsearch(FIND_IN_SORTED.java:16)
    at java_programs.FIND_IN_SORTED.binsearch(FIND_IN_SORTED.java:30)
    at java_programs.FIND_IN_SORTED.binsearch(FIND_IN_SORTED.java:30)
    at java_programs.FIND_IN_SORTED.binsearch(FIND_IN_SORTED.java:30)
    at java_programs.FIND_IN_SORTED.binsearch(FIND_IN_SORTED.java:30)

java.lang.StackOverflowError
    at fr.inria.lille.commons.trace.collector.ValueCollector.handlesClassOf(ValueCollector.java:41)
    at fr.inria.lille.commons.trace.collector.ValueCollector.collectWith(ValueCollector.java:28)
    at fr.inria.lille.commons.trace.collector.ValueCollector.collectFrom(ValueCollector.java:17)
    at fr.inria.lille.commons.trace.RuntimeValues.collectInput(RuntimeValues.java:89)
    at java_programs.FIND_IN_SORTED.binsearch(FIND_IN_SORTED.java:19)
    at java_programs.FIND_IN_SORTED.binsearch(FIND_IN_SORTED.java:30)
14:48:07.809 [pool-12-thread-1] INFO  f.i.l.c.t.SpecificationTestCasesListener - Tests run finished (8 ms)
<> Total tests run: 1
<> Ignored tests: 0
<> Failed tests: 1
~ test_6(java_testcases.junit.FIND_IN_SORTED_Test)
[null]
java.lang.StackOverflowError    at fr.inria.lille.commons.trace.collector.ValueCollector.handlesClassOf(ValueCollector.java:41)
    at fr.inria.lille.commons.trace.collector.ValueCollector.collectWith(ValueCollector.java:28)
    at fr.inria.lille.commons.trace.collector.ValueCollector.collectFrom(ValueCollector.java:17)
    at fr.inria.lille.commons.trace.RuntimeValues.collectInput(RuntimeValues.java:89)
    at java_programs.FIND_IN_SORTED.binsearch(FIND_IN_SORTED.java:19)
    at java_programs.FIND_IN_SORTED.binsearch(FIND_IN_SORTED.java:30)

14:48:07.810 [pool-7-thread-1] DEBUG tests.output - Failing tests with false: 
[test_1(java_testcases.junit.FIND_IN_SORTED_Test): expected:<-1> but was:<3>, test_6(java_testcases.junit.FIND_IN_SORTED_Test): expected:<-1> but was:<2>]
14:48:07.810 [pool-7-thread-1] DEBUG tests.output - Failing tests with true: 
[test_1(java_testcases.junit.FIND_IN_SORTED_Test): null, test_6(java_testcases.junit.FIND_IN_SORTED_Test): null]
14:48:07.810 [pool-7-thread-1] INFO  f.i.l.r.n.synth.SMTNopolSynthesizer - Not enough specifications: 0. A trivial patch is "true" or "false", please write new tests specifying SourceLocation java_programs.FIND_IN_SORTED:19.
14:48:07.810 [pool-2-thread-1] DEBUG fr.inria.lille.repair.nopol.NoPol - statement #3
14:48:07.810 [pool-2-thread-1] DEBUG fr.inria.lille.repair.nopol.NoPol - Analysing SourceLocation java_programs.FIND_IN_SORTED:27 which is executed by 7 tests
1943284754
14:48:07.852 [pool-2-thread-1] DEBUG fr.inria.lille.repair.nopol.NoPol - statement #4
14:48:07.852 [pool-2-thread-1] DEBUG fr.inria.lille.repair.nopol.NoPol - Analysing SourceLocation java_programs.FIND_IN_SORTED:17 which is executed by 7 tests
1943284754
14:48:07.899 [pool-2-thread-1] DEBUG fr.inria.lille.repair.nopol.NoPol - looking with class fr.inria.lille.repair.nopol.spoon.smt.ConditionalReplacer
java.lang.StackOverflowError
    at java_programs.FIND_IN_SORTED.binsearch(FIND_IN_SORTED.java:20)
    at java_programs.FIND_IN_SORTED.binsearch(FIND_IN_SORTED.java:20)
    at java_programs.FIND_IN_SORTED.binsearch(FIND_IN_SORTED.java:20)
    at java_programs.FIND_IN_SORTED.binsearch(FIND_IN_SORTED.java:20)
    at java_programs.FIND_IN_SORTED.binsearch(FIND_IN_SORTED.java:20)
    at java_programs.FIND_IN_SORTED.binsearch(FIND_IN_SORTED.java:20)
java.lang.StackOverflowError
    at java_programs.FIND_IN_SORTED.binsearch(FIND_IN_SORTED.java:20)
    at java_programs.FIND_IN_SORTED.binsearch(FIND_IN_SORTED.java:20)
    at java_programs.FIND_IN_SORTED.binsearch(FIND_IN_SORTED.java:20)
    at java_programs.FIND_IN_SORTED.binsearch(FIND_IN_SORTED.java:20)
    at java_programs.FIND_IN_SORTED.binsearch(FIND_IN_SORTED.java:20)
    at java_programs.FIND_IN_SORTED.binsearch(FIND_IN_SORTED.java:20)
java.lang.StackOverflowError
    at java_programs.FIND_IN_SORTED.binsearch(FIND_IN_SORTED.java:20)
    at java_programs.FIND_IN_SORTED.binsearch(FIND_IN_SORTED.java:20)
    at java_programs.FIND_IN_SORTED.binsearch(FIND_IN_SORTED.java:20)
    at java_programs.FIND_IN_SORTED.binsearch(FIND_IN_SORTED.java:20)
    at java_programs.FIND_IN_SORTED.binsearch(FIND_IN_SORTED.java:20)
    at java_programs.FIND_IN_SORTED.binsearch(FIND_IN_SORTED.java:20)
java.lang.StackOverflowError
    at java_programs.FIND_IN_SORTED.binsearch(FIND_IN_SORTED.java:20)
    at java_programs.FIND_IN_SORTED.binsearch(FIND_IN_SORTED.java:20)
    at java_programs.FIND_IN_SORTED.binsearch(FIND_IN_SORTED.java:20)
    at java_programs.FIND_IN_SORTED.binsearch(FIND_IN_SORTED.java:20)
    at java_programs.FIND_IN_SORTED.binsearch(FIND_IN_SORTED.java:20)
    at java_programs.FIND_IN_SORTED.binsearch(FIND_IN_SORTED.java:20)
14:48:07.916 [pool-14-thread-1] INFO  xxl.java.junit.TestCasesListener - Tests run finished (15 ms)
<> Total tests run: 14
<> Ignored tests: 0
<> Failed tests: 4
~ test_1(java_testcases.junit.FIND_IN_SORTED_Test)
[null]
java.lang.StackOverflowError    at java_programs.FIND_IN_SORTED.binsearch(FIND_IN_SORTED.java:20)
    at java_programs.FIND_IN_SORTED.binsearch(FIND_IN_SORTED.java:20)
    at java_programs.FIND_IN_SORTED.binsearch(FIND_IN_SORTED.java:20)
    at java_programs.FIND_IN_SORTED.binsearch(FIND_IN_SORTED.java:20)
    at java_programs.FIND_IN_SORTED.binsearch(FIND_IN_SORTED.java:20)
    at java_programs.FIND_IN_SORTED.binsearch(FIND_IN_SORTED.java:20)
~ test_6(java_testcases.junit.FIND_IN_SORTED_Test)
[null]
java.lang.StackOverflowError    at java_programs.FIND_IN_SORTED.binsearch(FIND_IN_SORTED.java:20)
    at java_programs.FIND_IN_SORTED.binsearch(FIND_IN_SORTED.java:20)
    at java_programs.FIND_IN_SORTED.binsearch(FIND_IN_SORTED.java:20)
    at java_programs.FIND_IN_SORTED.binsearch(FIND_IN_SORTED.java:20)
    at java_programs.FIND_IN_SORTED.binsearch(FIND_IN_SORTED.java:20)
    at java_programs.FIND_IN_SORTED.binsearch(FIND_IN_SORTED.java:20)
~ test_1(java_testcases.junit.FIND_IN_SORTED_Test)
[null]
java.lang.StackOverflowError    at java_programs.FIND_IN_SORTED.binsearch(FIND_IN_SORTED.java:20)
    at java_programs.FIND_IN_SORTED.binsearch(FIND_IN_SORTED.java:20)
    at java_programs.FIND_IN_SORTED.binsearch(FIND_IN_SORTED.java:20)
    at java_programs.FIND_IN_SORTED.binsearch(FIND_IN_SORTED.java:20)
    at java_programs.FIND_IN_SORTED.binsearch(FIND_IN_SORTED.java:20)
    at java_programs.FIND_IN_SORTED.binsearch(FIND_IN_SORTED.java:20)
~ test_6(java_testcases.junit.FIND_IN_SORTED_Test)
[null]
java.lang.StackOverflowError    at java_programs.FIND_IN_SORTED.binsearch(FIND_IN_SORTED.java:20)
    at java_programs.FIND_IN_SORTED.binsearch(FIND_IN_SORTED.java:20)
    at java_programs.FIND_IN_SORTED.binsearch(FIND_IN_SORTED.java:20)
    at java_programs.FIND_IN_SORTED.binsearch(FIND_IN_SORTED.java:20)
    at java_programs.FIND_IN_SORTED.binsearch(FIND_IN_SORTED.java:20)
    at java_programs.FIND_IN_SORTED.binsearch(FIND_IN_SORTED.java:20)

java.lang.AssertionError: expected:<-1> but was:<5>
    at org.junit.Assert.fail(Assert.java:88)
    at org.junit.Assert.failNotEquals(Assert.java:743)
    at org.junit.Assert.assertEquals(Assert.java:118)
    at org.junit.Assert.assertEquals(Assert.java:555)
    at org.junit.Assert.assertEquals(Assert.java:542)
    at java_testcases.junit.FIND_IN_SORTED_Test.test_1(FIND_IN_SORTED_Test.java:14)
14:48:07.986 [pool-15-thread-1] INFO  f.i.l.c.t.SpecificationTestCasesListener - Tests run finished (1 ms)
<> Total tests run: 1
<> Ignored tests: 0
<> Failed tests: 1
~ test_1(java_testcases.junit.FIND_IN_SORTED_Test)
[expected:<-1> but was:<5>]
java.lang.AssertionError: expected:<-1> but was:<5>    at org.junit.Assert.fail(Assert.java:88)
    at org.junit.Assert.failNotEquals(Assert.java:743)
    at org.junit.Assert.assertEquals(Assert.java:118)
    at org.junit.Assert.assertEquals(Assert.java:555)
    at org.junit.Assert.assertEquals(Assert.java:542)
    at java_testcases.junit.FIND_IN_SORTED_Test.test_1(FIND_IN_SORTED_Test.java:14)

java.lang.StackOverflowError
    at fr.inria.lille.commons.trace.collector.ValueCollector.collectWith(ValueCollector.java:28)
    at fr.inria.lille.commons.trace.collector.ValueCollector.collectFrom(ValueCollector.java:17)
    at fr.inria.lille.commons.trace.RuntimeValues.collectInput(RuntimeValues.java:89)
    at java_programs.FIND_IN_SORTED.binsearch(FIND_IN_SORTED.java:16)
    at java_programs.FIND_IN_SORTED.binsearch(FIND_IN_SORTED.java:30)
    at java_programs.FIND_IN_SORTED.binsearch(FIND_IN_SORTED.java:30)
14:48:07.996 [pool-16-thread-1] INFO  f.i.l.c.t.SpecificationTestCasesListener - Tests run finished (10 ms)
<> Total tests run: 1
<> Ignored tests: 0
<> Failed tests: 1
~ test_6(java_testcases.junit.FIND_IN_SORTED_Test)
[null]
java.lang.StackOverflowError    at fr.inria.lille.commons.trace.collector.ValueCollector.collectWith(ValueCollector.java:28)
    at fr.inria.lille.commons.trace.collector.ValueCollector.collectFrom(ValueCollector.java:17)
    at fr.inria.lille.commons.trace.RuntimeValues.collectInput(RuntimeValues.java:89)
    at java_programs.FIND_IN_SORTED.binsearch(FIND_IN_SORTED.java:16)
    at java_programs.FIND_IN_SORTED.binsearch(FIND_IN_SORTED.java:30)
    at java_programs.FIND_IN_SORTED.binsearch(FIND_IN_SORTED.java:30)

java.lang.Exception: test timed out after 3000 milliseconds
    at xxl.java.support.Lockable.acquire(Lockable.java:13)
    at xxl.java.support.GlobalToggle.acquireToggle(GlobalToggle.java:67)
    at fr.inria.lille.commons.trace.RuntimeValues.collectionStarts(RuntimeValues.java:55)
    at java_programs.FIND_IN_SORTED.binsearch(FIND_IN_SORTED.java:15)
    at java_programs.FIND_IN_SORTED.find_in_sorted(FIND_IN_SORTED.java:38)
    at java_testcases.junit.FIND_IN_SORTED_Test.test_1(FIND_IN_SORTED_Test.java:13)
14:48:10.998 [pool-17-thread-1] INFO  f.i.l.c.t.SpecificationTestCasesListener - Tests run finished (3001 ms)
<> Total tests run: 1
<> Ignored tests: 0
<> Failed tests: 1
~ test_1(java_testcases.junit.FIND_IN_SORTED_Test)
[test timed out after 3000 milliseconds]
java.lang.Exception: test timed out after 3000 milliseconds    at xxl.java.support.Lockable.acquire(Lockable.java:13)
    at xxl.java.support.GlobalToggle.acquireToggle(GlobalToggle.java:67)
    at fr.inria.lille.commons.trace.RuntimeValues.collectionStarts(RuntimeValues.java:55)
    at java_programs.FIND_IN_SORTED.binsearch(FIND_IN_SORTED.java:15)
    at java_programs.FIND_IN_SORTED.find_in_sorted(FIND_IN_SORTED.java:38)
    at java_testcases.junit.FIND_IN_SORTED_Test.test_1(FIND_IN_SORTED_Test.java:13)

java.lang.Exception: test timed out after 3000 milliseconds
    at xxl.java.support.Lockable.acquiresLock(Lockable.java:21)
    at xxl.java.support.Lockable.acquire(Lockable.java:13)
    at xxl.java.support.GlobalToggle.acquireToggle(GlobalToggle.java:67)
    at fr.inria.lille.commons.trace.RuntimeValues.collectionStarts(RuntimeValues.java:55)
    at java_programs.FIND_IN_SORTED.binsearch(FIND_IN_SORTED.java:15)
    at java_programs.FIND_IN_SORTED.find_in_sorted(FIND_IN_SORTED.java:38)
14:48:13.999 [pool-18-thread-1] INFO  f.i.l.c.t.SpecificationTestCasesListener - Tests run finished (3000 ms)
<> Total tests run: 1
<> Ignored tests: 0
<> Failed tests: 1
~ test_6(java_testcases.junit.FIND_IN_SORTED_Test)
[test timed out after 3000 milliseconds]
java.lang.Exception: test timed out after 3000 milliseconds    at xxl.java.support.Lockable.acquiresLock(Lockable.java:21)
    at xxl.java.support.Lockable.acquire(Lockable.java:13)
    at xxl.java.support.GlobalToggle.acquireToggle(GlobalToggle.java:67)
    at fr.inria.lille.commons.trace.RuntimeValues.collectionStarts(RuntimeValues.java:55)
    at java_programs.FIND_IN_SORTED.binsearch(FIND_IN_SORTED.java:15)
    at java_programs.FIND_IN_SORTED.find_in_sorted(FIND_IN_SORTED.java:38)

14:48:14.000 [pool-13-thread-1] DEBUG tests.output - Failing tests with false: 
[test_1(java_testcases.junit.FIND_IN_SORTED_Test): expected:<-1> but was:<5>, test_6(java_testcases.junit.FIND_IN_SORTED_Test): null]
14:48:14.000 [pool-13-thread-1] DEBUG tests.output - Failing tests with true: 
[test_1(java_testcases.junit.FIND_IN_SORTED_Test): test timed out after 3000 milliseconds, test_6(java_testcases.junit.FIND_IN_SORTED_Test): test timed out after 3000 milliseconds]
14:48:14.000 [pool-13-thread-1] INFO  f.i.l.r.n.synth.SMTNopolSynthesizer - Not enough specifications: 0. A trivial patch is "true" or "false", please write new tests specifying SourceLocation java_programs.FIND_IN_SORTED:17.
14:48:14.000 [pool-2-thread-1] DEBUG fr.inria.lille.repair.nopol.NoPol - statement #5
14:48:14.000 [pool-2-thread-1] DEBUG fr.inria.lille.repair.nopol.NoPol - Analysing SourceLocation java_programs.FIND_IN_SORTED:16 which is executed by 7 tests
1943284754
14:48:14.032 [pool-2-thread-1] DEBUG fr.inria.lille.repair.nopol.NoPol - statement #6
14:48:14.032 [pool-2-thread-1] DEBUG fr.inria.lille.repair.nopol.NoPol - Analysing SourceLocation java_programs.FIND_IN_SORTED:13 which is executed by 7 tests
1943284754
14:48:14.062 [pool-2-thread-1] DEBUG fr.inria.lille.repair.nopol.NoPol - looking with class fr.inria.lille.repair.nopol.spoon.smt.ConditionalAdder
java.lang.StackOverflowError
    at java_programs.FIND_IN_SORTED.binsearch(FIND_IN_SORTED.java:20)
    at java_programs.FIND_IN_SORTED.binsearch(FIND_IN_SORTED.java:20)
    at java_programs.FIND_IN_SORTED.binsearch(FIND_IN_SORTED.java:20)
    at java_programs.FIND_IN_SORTED.binsearch(FIND_IN_SORTED.java:20)
    at java_programs.FIND_IN_SORTED.binsearch(FIND_IN_SORTED.java:20)
    at java_programs.FIND_IN_SORTED.binsearch(FIND_IN_SORTED.java:20)
java.lang.StackOverflowError
    at java_programs.FIND_IN_SORTED.binsearch(FIND_IN_SORTED.java:20)
    at java_programs.FIND_IN_SORTED.binsearch(FIND_IN_SORTED.java:20)
    at java_programs.FIND_IN_SORTED.binsearch(FIND_IN_SORTED.java:20)
    at java_programs.FIND_IN_SORTED.binsearch(FIND_IN_SORTED.java:20)
    at java_programs.FIND_IN_SORTED.binsearch(FIND_IN_SORTED.java:20)
    at java_programs.FIND_IN_SORTED.binsearch(FIND_IN_SORTED.java:20)
java.lang.StackOverflowError
    at java_programs.FIND_IN_SORTED.binsearch(FIND_IN_SORTED.java:20)
    at java_programs.FIND_IN_SORTED.binsearch(FIND_IN_SORTED.java:20)
    at java_programs.FIND_IN_SORTED.binsearch(FIND_IN_SORTED.java:20)
    at java_programs.FIND_IN_SORTED.binsearch(FIND_IN_SORTED.java:20)
    at java_programs.FIND_IN_SORTED.binsearch(FIND_IN_SORTED.java:20)
    at java_programs.FIND_IN_SORTED.binsearch(FIND_IN_SORTED.java:20)
java.lang.StackOverflowError
    at java_programs.FIND_IN_SORTED.binsearch(FIND_IN_SORTED.java:20)
    at java_programs.FIND_IN_SORTED.binsearch(FIND_IN_SORTED.java:20)
    at java_programs.FIND_IN_SORTED.binsearch(FIND_IN_SORTED.java:20)
    at java_programs.FIND_IN_SORTED.binsearch(FIND_IN_SORTED.java:20)
    at java_programs.FIND_IN_SORTED.binsearch(FIND_IN_SORTED.java:20)
    at java_programs.FIND_IN_SORTED.binsearch(FIND_IN_SORTED.java:20)
14:48:14.079 [pool-20-thread-1] INFO  xxl.java.junit.TestCasesListener - Tests run finished (15 ms)
<> Total tests run: 14
<> Ignored tests: 0
<> Failed tests: 4
~ test_1(java_testcases.junit.FIND_IN_SORTED_Test)
[null]
java.lang.StackOverflowError    at java_programs.FIND_IN_SORTED.binsearch(FIND_IN_SORTED.java:20)
    at java_programs.FIND_IN_SORTED.binsearch(FIND_IN_SORTED.java:20)
    at java_programs.FIND_IN_SORTED.binsearch(FIND_IN_SORTED.java:20)
    at java_programs.FIND_IN_SORTED.binsearch(FIND_IN_SORTED.java:20)
    at java_programs.FIND_IN_SORTED.binsearch(FIND_IN_SORTED.java:20)
    at java_programs.FIND_IN_SORTED.binsearch(FIND_IN_SORTED.java:20)
~ test_6(java_testcases.junit.FIND_IN_SORTED_Test)
[null]
java.lang.StackOverflowError    at java_programs.FIND_IN_SORTED.binsearch(FIND_IN_SORTED.java:20)
    at java_programs.FIND_IN_SORTED.binsearch(FIND_IN_SORTED.java:20)
    at java_programs.FIND_IN_SORTED.binsearch(FIND_IN_SORTED.java:20)
    at java_programs.FIND_IN_SORTED.binsearch(FIND_IN_SORTED.java:20)
    at java_programs.FIND_IN_SORTED.binsearch(FIND_IN_SORTED.java:20)
    at java_programs.FIND_IN_SORTED.binsearch(FIND_IN_SORTED.java:20)
~ test_1(java_testcases.junit.FIND_IN_SORTED_Test)
[null]
java.lang.StackOverflowError    at java_programs.FIND_IN_SORTED.binsearch(FIND_IN_SORTED.java:20)
    at java_programs.FIND_IN_SORTED.binsearch(FIND_IN_SORTED.java:20)
    at java_programs.FIND_IN_SORTED.binsearch(FIND_IN_SORTED.java:20)
    at java_programs.FIND_IN_SORTED.binsearch(FIND_IN_SORTED.java:20)
    at java_programs.FIND_IN_SORTED.binsearch(FIND_IN_SORTED.java:20)
    at java_programs.FIND_IN_SORTED.binsearch(FIND_IN_SORTED.java:20)
~ test_6(java_testcases.junit.FIND_IN_SORTED_Test)
[null]
java.lang.StackOverflowError    at java_programs.FIND_IN_SORTED.binsearch(FIND_IN_SORTED.java:20)
    at java_programs.FIND_IN_SORTED.binsearch(FIND_IN_SORTED.java:20)
    at java_programs.FIND_IN_SORTED.binsearch(FIND_IN_SORTED.java:20)
    at java_programs.FIND_IN_SORTED.binsearch(FIND_IN_SORTED.java:20)
    at java_programs.FIND_IN_SORTED.binsearch(FIND_IN_SORTED.java:20)
    at java_programs.FIND_IN_SORTED.binsearch(FIND_IN_SORTED.java:20)

java.lang.StackOverflowError
    at fr.inria.lille.commons.trace.collector.ValueCollector.collectWith(ValueCollector.java:28)
    at fr.inria.lille.commons.trace.collector.ValueCollector.collectFrom(ValueCollector.java:17)
    at fr.inria.lille.commons.trace.RuntimeValues.collectInput(RuntimeValues.java:81)
    at java_programs.FIND_IN_SORTED.binsearch(FIND_IN_SORTED.java:12)
    at java_programs.FIND_IN_SORTED.binsearch(FIND_IN_SORTED.java:28)
    at java_programs.FIND_IN_SORTED.binsearch(FIND_IN_SORTED.java:28)
14:48:14.150 [pool-21-thread-1] INFO  f.i.l.c.t.SpecificationTestCasesListener - Tests run finished (9 ms)
<> Total tests run: 1
<> Ignored tests: 0
<> Failed tests: 1
~ test_1(java_testcases.junit.FIND_IN_SORTED_Test)
[null]
java.lang.StackOverflowError    at fr.inria.lille.commons.trace.collector.ValueCollector.collectWith(ValueCollector.java:28)
    at fr.inria.lille.commons.trace.collector.ValueCollector.collectFrom(ValueCollector.java:17)
    at fr.inria.lille.commons.trace.RuntimeValues.collectInput(RuntimeValues.java:81)
    at java_programs.FIND_IN_SORTED.binsearch(FIND_IN_SORTED.java:12)
    at java_programs.FIND_IN_SORTED.binsearch(FIND_IN_SORTED.java:28)
    at java_programs.FIND_IN_SORTED.binsearch(FIND_IN_SORTED.java:28)

java.lang.Exception: test timed out after 3000 milliseconds
    at xxl.java.support.Lockable.acquire(Lockable.java:13)
    at xxl.java.support.GlobalToggle.acquireToggle(GlobalToggle.java:67)
    at fr.inria.lille.commons.trace.RuntimeValues.collectionStarts(RuntimeValues.java:55)
    at java_programs.FIND_IN_SORTED.binsearch(FIND_IN_SORTED.java:11)
    at java_programs.FIND_IN_SORTED.find_in_sorted(FIND_IN_SORTED.java:36)
    at java_testcases.junit.FIND_IN_SORTED_Test.test_6(FIND_IN_SORTED_Test.java:43)
14:48:17.151 [pool-22-thread-1] INFO  f.i.l.c.t.SpecificationTestCasesListener - Tests run finished (3000 ms)
<> Total tests run: 1
<> Ignored tests: 0
<> Failed tests: 1
~ test_6(java_testcases.junit.FIND_IN_SORTED_Test)
[test timed out after 3000 milliseconds]
java.lang.Exception: test timed out after 3000 milliseconds    at xxl.java.support.Lockable.acquire(Lockable.java:13)
    at xxl.java.support.GlobalToggle.acquireToggle(GlobalToggle.java:67)
    at fr.inria.lille.commons.trace.RuntimeValues.collectionStarts(RuntimeValues.java:55)
    at java_programs.FIND_IN_SORTED.binsearch(FIND_IN_SORTED.java:11)
    at java_programs.FIND_IN_SORTED.find_in_sorted(FIND_IN_SORTED.java:36)
    at java_testcases.junit.FIND_IN_SORTED_Test.test_6(FIND_IN_SORTED_Test.java:43)

java.lang.Exception: test timed out after 3000 milliseconds
    at xxl.java.support.Lockable.acquire(Lockable.java:13)
    at xxl.java.support.GlobalToggle.acquireToggle(GlobalToggle.java:67)
    at fr.inria.lille.commons.trace.RuntimeValues.collectionStarts(RuntimeValues.java:55)
    at java_programs.FIND_IN_SORTED.binsearch(FIND_IN_SORTED.java:11)
    at java_programs.FIND_IN_SORTED.find_in_sorted(FIND_IN_SORTED.java:36)
    at java_testcases.junit.FIND_IN_SORTED_Test.test_1(FIND_IN_SORTED_Test.java:13)
14:48:20.153 [pool-23-thread-1] INFO  f.i.l.c.t.SpecificationTestCasesListener - Tests run finished (3001 ms)
<> Total tests run: 1
<> Ignored tests: 0
<> Failed tests: 1
~ test_1(java_testcases.junit.FIND_IN_SORTED_Test)
[test timed out after 3000 milliseconds]
java.lang.Exception: test timed out after 3000 milliseconds    at xxl.java.support.Lockable.acquire(Lockable.java:13)
    at xxl.java.support.GlobalToggle.acquireToggle(GlobalToggle.java:67)
    at fr.inria.lille.commons.trace.RuntimeValues.collectionStarts(RuntimeValues.java:55)
    at java_programs.FIND_IN_SORTED.binsearch(FIND_IN_SORTED.java:11)
    at java_programs.FIND_IN_SORTED.find_in_sorted(FIND_IN_SORTED.java:36)
    at java_testcases.junit.FIND_IN_SORTED_Test.test_1(FIND_IN_SORTED_Test.java:13)

java.lang.Exception: test timed out after 3000 milliseconds
    at xxl.java.support.Lockable.acquiresLock(Lockable.java:21)
    at xxl.java.support.Lockable.acquire(Lockable.java:13)
    at xxl.java.support.GlobalToggle.acquireToggle(GlobalToggle.java:67)
    at fr.inria.lille.commons.trace.RuntimeValues.collectionStarts(RuntimeValues.java:55)
    at java_programs.FIND_IN_SORTED.binsearch(FIND_IN_SORTED.java:11)
    at java_programs.FIND_IN_SORTED.find_in_sorted(FIND_IN_SORTED.java:36)
14:48:23.154 [pool-24-thread-1] INFO  f.i.l.c.t.SpecificationTestCasesListener - Tests run finished (3001 ms)
<> Total tests run: 1
<> Ignored tests: 0
<> Failed tests: 1
~ test_6(java_testcases.junit.FIND_IN_SORTED_Test)
[test timed out after 3000 milliseconds]
java.lang.Exception: test timed out after 3000 milliseconds    at xxl.java.support.Lockable.acquiresLock(Lockable.java:21)
    at xxl.java.support.Lockable.acquire(Lockable.java:13)
    at xxl.java.support.GlobalToggle.acquireToggle(GlobalToggle.java:67)
    at fr.inria.lille.commons.trace.RuntimeValues.collectionStarts(RuntimeValues.java:55)
    at java_programs.FIND_IN_SORTED.binsearch(FIND_IN_SORTED.java:11)
    at java_programs.FIND_IN_SORTED.find_in_sorted(FIND_IN_SORTED.java:36)

14:48:23.155 [pool-19-thread-1] DEBUG tests.output - Failing tests with false: 
[test_1(java_testcases.junit.FIND_IN_SORTED_Test): null, test_6(java_testcases.junit.FIND_IN_SORTED_Test): test timed out after 3000 milliseconds]
14:48:23.155 [pool-19-thread-1] DEBUG tests.output - Failing tests with true: 
[test_1(java_testcases.junit.FIND_IN_SORTED_Test): test timed out after 3000 milliseconds, test_6(java_testcases.junit.FIND_IN_SORTED_Test): test timed out after 3000 milliseconds]
14:48:23.155 [pool-19-thread-1] INFO  f.i.l.r.n.synth.SMTNopolSynthesizer - Not enough specifications: 0. A trivial patch is "true" or "false", please write new tests specifying SourceLocation java_programs.FIND_IN_SORTED:13.
14:48:23.155 [pool-2-thread-1] DEBUG fr.inria.lille.repair.nopol.NoPol - looking with class fr.inria.lille.repair.nopol.spoon.smt.ConditionalReplacer
java.lang.StackOverflowError
    at java_programs.FIND_IN_SORTED.binsearch(FIND_IN_SORTED.java:20)
    at java_programs.FIND_IN_SORTED.binsearch(FIND_IN_SORTED.java:20)
    at java_programs.FIND_IN_SORTED.binsearch(FIND_IN_SORTED.java:20)
    at java_programs.FIND_IN_SORTED.binsearch(FIND_IN_SORTED.java:20)
    at java_programs.FIND_IN_SORTED.binsearch(FIND_IN_SORTED.java:20)
    at java_programs.FIND_IN_SORTED.binsearch(FIND_IN_SORTED.java:20)
java.lang.StackOverflowError
    at java_programs.FIND_IN_SORTED.binsearch(FIND_IN_SORTED.java:20)
    at java_programs.FIND_IN_SORTED.binsearch(FIND_IN_SORTED.java:20)
    at java_programs.FIND_IN_SORTED.binsearch(FIND_IN_SORTED.java:20)
    at java_programs.FIND_IN_SORTED.binsearch(FIND_IN_SORTED.java:20)
    at java_programs.FIND_IN_SORTED.binsearch(FIND_IN_SORTED.java:20)
    at java_programs.FIND_IN_SORTED.binsearch(FIND_IN_SORTED.java:20)
java.lang.StackOverflowError
    at java_programs.FIND_IN_SORTED.binsearch(FIND_IN_SORTED.java:20)
    at java_programs.FIND_IN_SORTED.binsearch(FIND_IN_SORTED.java:20)
    at java_programs.FIND_IN_SORTED.binsearch(FIND_IN_SORTED.java:20)
    at java_programs.FIND_IN_SORTED.binsearch(FIND_IN_SORTED.java:20)
    at java_programs.FIND_IN_SORTED.binsearch(FIND_IN_SORTED.java:20)
    at java_programs.FIND_IN_SORTED.binsearch(FIND_IN_SORTED.java:20)
java.lang.StackOverflowError
    at java_programs.FIND_IN_SORTED.binsearch(FIND_IN_SORTED.java:20)
    at java_programs.FIND_IN_SORTED.binsearch(FIND_IN_SORTED.java:20)
    at java_programs.FIND_IN_SORTED.binsearch(FIND_IN_SORTED.java:20)
    at java_programs.FIND_IN_SORTED.binsearch(FIND_IN_SORTED.java:20)
    at java_programs.FIND_IN_SORTED.binsearch(FIND_IN_SORTED.java:20)
    at java_programs.FIND_IN_SORTED.binsearch(FIND_IN_SORTED.java:20)
14:48:23.174 [pool-26-thread-1] INFO  xxl.java.junit.TestCasesListener - Tests run finished (17 ms)
<> Total tests run: 14
<> Ignored tests: 0
<> Failed tests: 4
~ test_1(java_testcases.junit.FIND_IN_SORTED_Test)
[null]
java.lang.StackOverflowError    at java_programs.FIND_IN_SORTED.binsearch(FIND_IN_SORTED.java:20)
    at java_programs.FIND_IN_SORTED.binsearch(FIND_IN_SORTED.java:20)
    at java_programs.FIND_IN_SORTED.binsearch(FIND_IN_SORTED.java:20)
    at java_programs.FIND_IN_SORTED.binsearch(FIND_IN_SORTED.java:20)
    at java_programs.FIND_IN_SORTED.binsearch(FIND_IN_SORTED.java:20)
    at java_programs.FIND_IN_SORTED.binsearch(FIND_IN_SORTED.java:20)
~ test_6(java_testcases.junit.FIND_IN_SORTED_Test)
[null]
java.lang.StackOverflowError    at java_programs.FIND_IN_SORTED.binsearch(FIND_IN_SORTED.java:20)
    at java_programs.FIND_IN_SORTED.binsearch(FIND_IN_SORTED.java:20)
    at java_programs.FIND_IN_SORTED.binsearch(FIND_IN_SORTED.java:20)
    at java_programs.FIND_IN_SORTED.binsearch(FIND_IN_SORTED.java:20)
    at java_programs.FIND_IN_SORTED.binsearch(FIND_IN_SORTED.java:20)
    at java_programs.FIND_IN_SORTED.binsearch(FIND_IN_SORTED.java:20)
~ test_1(java_testcases.junit.FIND_IN_SORTED_Test)
[null]
java.lang.StackOverflowError    at java_programs.FIND_IN_SORTED.binsearch(FIND_IN_SORTED.java:20)
    at java_programs.FIND_IN_SORTED.binsearch(FIND_IN_SORTED.java:20)
    at java_programs.FIND_IN_SORTED.binsearch(FIND_IN_SORTED.java:20)
    at java_programs.FIND_IN_SORTED.binsearch(FIND_IN_SORTED.java:20)
    at java_programs.FIND_IN_SORTED.binsearch(FIND_IN_SORTED.java:20)
    at java_programs.FIND_IN_SORTED.binsearch(FIND_IN_SORTED.java:20)
~ test_6(java_testcases.junit.FIND_IN_SORTED_Test)
[null]
java.lang.StackOverflowError    at java_programs.FIND_IN_SORTED.binsearch(FIND_IN_SORTED.java:20)
    at java_programs.FIND_IN_SORTED.binsearch(FIND_IN_SORTED.java:20)
    at java_programs.FIND_IN_SORTED.binsearch(FIND_IN_SORTED.java:20)
    at java_programs.FIND_IN_SORTED.binsearch(FIND_IN_SORTED.java:20)
    at java_programs.FIND_IN_SORTED.binsearch(FIND_IN_SORTED.java:20)
    at java_programs.FIND_IN_SORTED.binsearch(FIND_IN_SORTED.java:20)

java.lang.StackOverflowError
    at fr.inria.lille.commons.trace.collector.ValueCollector.collectWith(ValueCollector.java:28)
    at fr.inria.lille.commons.trace.collector.ValueCollector.collectFrom(ValueCollector.java:17)
    at fr.inria.lille.commons.trace.RuntimeValues.collectInput(RuntimeValues.java:81)
    at java_programs.FIND_IN_SORTED.binsearch(FIND_IN_SORTED.java:12)
    at java_programs.FIND_IN_SORTED.binsearch(FIND_IN_SORTED.java:28)
    at java_programs.FIND_IN_SORTED.binsearch(FIND_IN_SORTED.java:28)
14:48:23.240 [pool-27-thread-1] INFO  f.i.l.c.t.SpecificationTestCasesListener - Tests run finished (8 ms)
<> Total tests run: 1
<> Ignored tests: 0
<> Failed tests: 1
~ test_1(java_testcases.junit.FIND_IN_SORTED_Test)
[null]
java.lang.StackOverflowError    at fr.inria.lille.commons.trace.collector.ValueCollector.collectWith(ValueCollector.java:28)
    at fr.inria.lille.commons.trace.collector.ValueCollector.collectFrom(ValueCollector.java:17)
    at fr.inria.lille.commons.trace.RuntimeValues.collectInput(RuntimeValues.java:81)
    at java_programs.FIND_IN_SORTED.binsearch(FIND_IN_SORTED.java:12)
    at java_programs.FIND_IN_SORTED.binsearch(FIND_IN_SORTED.java:28)
    at java_programs.FIND_IN_SORTED.binsearch(FIND_IN_SORTED.java:28)

java.lang.Exception: test timed out after 3000 milliseconds
    at xxl.java.support.Lockable.acquire(Lockable.java:13)
    at xxl.java.support.GlobalToggle.acquireToggle(GlobalToggle.java:67)
    at fr.inria.lille.commons.trace.RuntimeValues.collectionStarts(RuntimeValues.java:55)
    at java_programs.FIND_IN_SORTED.binsearch(FIND_IN_SORTED.java:11)
    at java_programs.FIND_IN_SORTED.find_in_sorted(FIND_IN_SORTED.java:36)
    at java_testcases.junit.FIND_IN_SORTED_Test.test_6(FIND_IN_SORTED_Test.java:43)
14:48:26.242 [pool-28-thread-1] INFO  f.i.l.c.t.SpecificationTestCasesListener - Tests run finished (3001 ms)
<> Total tests run: 1
<> Ignored tests: 0
<> Failed tests: 1
~ test_6(java_testcases.junit.FIND_IN_SORTED_Test)
[test timed out after 3000 milliseconds]
java.lang.Exception: test timed out after 3000 milliseconds    at xxl.java.support.Lockable.acquire(Lockable.java:13)
    at xxl.java.support.GlobalToggle.acquireToggle(GlobalToggle.java:67)
    at fr.inria.lille.commons.trace.RuntimeValues.collectionStarts(RuntimeValues.java:55)
    at java_programs.FIND_IN_SORTED.binsearch(FIND_IN_SORTED.java:11)
    at java_programs.FIND_IN_SORTED.find_in_sorted(FIND_IN_SORTED.java:36)
    at java_testcases.junit.FIND_IN_SORTED_Test.test_6(FIND_IN_SORTED_Test.java:43)

java.lang.Exception: test timed out after 3000 milliseconds
    at xxl.java.support.Lockable.acquiresLock(Lockable.java:21)
    at xxl.java.support.Lockable.acquire(Lockable.java:13)
    at xxl.java.support.GlobalToggle.acquireToggle(GlobalToggle.java:67)
    at fr.inria.lille.commons.trace.RuntimeValues.collectionStarts(RuntimeValues.java:55)
    at java_programs.FIND_IN_SORTED.binsearch(FIND_IN_SORTED.java:11)
    at java_programs.FIND_IN_SORTED.find_in_sorted(FIND_IN_SORTED.java:36)
14:48:29.244 [pool-29-thread-1] INFO  f.i.l.c.t.SpecificationTestCasesListener - Tests run finished (3001 ms)
<> Total tests run: 1
<> Ignored tests: 0
<> Failed tests: 1
~ test_1(java_testcases.junit.FIND_IN_SORTED_Test)
[test timed out after 3000 milliseconds]
java.lang.Exception: test timed out after 3000 milliseconds    at xxl.java.support.Lockable.acquiresLock(Lockable.java:21)
    at xxl.java.support.Lockable.acquire(Lockable.java:13)
    at xxl.java.support.GlobalToggle.acquireToggle(GlobalToggle.java:67)
    at fr.inria.lille.commons.trace.RuntimeValues.collectionStarts(RuntimeValues.java:55)
    at java_programs.FIND_IN_SORTED.binsearch(FIND_IN_SORTED.java:11)
    at java_programs.FIND_IN_SORTED.find_in_sorted(FIND_IN_SORTED.java:36)

java.lang.Exception: test timed out after 3000 milliseconds
    at xxl.java.support.Lockable.acquiresLock(Lockable.java:21)
    at xxl.java.support.Lockable.acquire(Lockable.java:13)
    at xxl.java.support.GlobalToggle.acquireToggle(GlobalToggle.java:67)
    at fr.inria.lille.commons.trace.RuntimeValues.collectionStarts(RuntimeValues.java:55)
    at java_programs.FIND_IN_SORTED.binsearch(FIND_IN_SORTED.java:11)
    at java_programs.FIND_IN_SORTED.find_in_sorted(FIND_IN_SORTED.java:36)
14:48:32.245 [pool-30-thread-1] INFO  f.i.l.c.t.SpecificationTestCasesListener - Tests run finished (3000 ms)
<> Total tests run: 1
<> Ignored tests: 0
<> Failed tests: 1
~ test_6(java_testcases.junit.FIND_IN_SORTED_Test)
[test timed out after 3000 milliseconds]
java.lang.Exception: test timed out after 3000 milliseconds    at xxl.java.support.Lockable.acquiresLock(Lockable.java:21)
    at xxl.java.support.Lockable.acquire(Lockable.java:13)
    at xxl.java.support.GlobalToggle.acquireToggle(GlobalToggle.java:67)
    at fr.inria.lille.commons.trace.RuntimeValues.collectionStarts(RuntimeValues.java:55)
    at java_programs.FIND_IN_SORTED.binsearch(FIND_IN_SORTED.java:11)
    at java_programs.FIND_IN_SORTED.find_in_sorted(FIND_IN_SORTED.java:36)

14:48:32.246 [pool-25-thread-1] DEBUG tests.output - Failing tests with false: 
[test_1(java_testcases.junit.FIND_IN_SORTED_Test): null, test_6(java_testcases.junit.FIND_IN_SORTED_Test): test timed out after 3000 milliseconds]
14:48:32.246 [pool-25-thread-1] DEBUG tests.output - Failing tests with true: 
[test_1(java_testcases.junit.FIND_IN_SORTED_Test): test timed out after 3000 milliseconds, test_6(java_testcases.junit.FIND_IN_SORTED_Test): test timed out after 3000 milliseconds]
14:48:32.246 [pool-25-thread-1] INFO  f.i.l.r.n.synth.SMTNopolSynthesizer - Not enough specifications: 0. A trivial patch is "true" or "false", please write new tests specifying SourceLocation java_programs.FIND_IN_SORTED:13.
14:48:32.246 [pool-2-thread-1] DEBUG fr.inria.lille.repair.nopol.NoPol - statement #7
14:48:32.246 [pool-2-thread-1] DEBUG fr.inria.lille.repair.nopol.NoPol - Analysing SourceLocation java_programs.FIND_IN_SORTED:18 which is executed by 2 tests
1943284754
14:48:32.289 [pool-2-thread-1] DEBUG fr.inria.lille.repair.nopol.NoPol - looking with class fr.inria.lille.repair.nopol.spoon.smt.ConditionalAdder
java.lang.StackOverflowError
    at java_programs.FIND_IN_SORTED.binsearch(FIND_IN_SORTED.java:20)
    at java_programs.FIND_IN_SORTED.binsearch(FIND_IN_SORTED.java:20)
    at java_programs.FIND_IN_SORTED.binsearch(FIND_IN_SORTED.java:20)
    at java_programs.FIND_IN_SORTED.binsearch(FIND_IN_SORTED.java:20)
    at java_programs.FIND_IN_SORTED.binsearch(FIND_IN_SORTED.java:20)
    at java_programs.FIND_IN_SORTED.binsearch(FIND_IN_SORTED.java:20)
java.lang.StackOverflowError
    at java_programs.FIND_IN_SORTED.binsearch(FIND_IN_SORTED.java:20)
    at java_programs.FIND_IN_SORTED.binsearch(FIND_IN_SORTED.java:20)
    at java_programs.FIND_IN_SORTED.binsearch(FIND_IN_SORTED.java:20)
    at java_programs.FIND_IN_SORTED.binsearch(FIND_IN_SORTED.java:20)
    at java_programs.FIND_IN_SORTED.binsearch(FIND_IN_SORTED.java:20)
    at java_programs.FIND_IN_SORTED.binsearch(FIND_IN_SORTED.java:20)
14:48:32.300 [pool-32-thread-1] INFO  xxl.java.junit.TestCasesListener - Tests run finished (8 ms)
<> Total tests run: 7
<> Ignored tests: 0
<> Failed tests: 2
~ test_1(java_testcases.junit.FIND_IN_SORTED_Test)
[null]
java.lang.StackOverflowError    at java_programs.FIND_IN_SORTED.binsearch(FIND_IN_SORTED.java:20)
    at java_programs.FIND_IN_SORTED.binsearch(FIND_IN_SORTED.java:20)
    at java_programs.FIND_IN_SORTED.binsearch(FIND_IN_SORTED.java:20)
    at java_programs.FIND_IN_SORTED.binsearch(FIND_IN_SORTED.java:20)
    at java_programs.FIND_IN_SORTED.binsearch(FIND_IN_SORTED.java:20)
    at java_programs.FIND_IN_SORTED.binsearch(FIND_IN_SORTED.java:20)
~ test_6(java_testcases.junit.FIND_IN_SORTED_Test)
[null]
java.lang.StackOverflowError    at java_programs.FIND_IN_SORTED.binsearch(FIND_IN_SORTED.java:20)
    at java_programs.FIND_IN_SORTED.binsearch(FIND_IN_SORTED.java:20)
    at java_programs.FIND_IN_SORTED.binsearch(FIND_IN_SORTED.java:20)
    at java_programs.FIND_IN_SORTED.binsearch(FIND_IN_SORTED.java:20)
    at java_programs.FIND_IN_SORTED.binsearch(FIND_IN_SORTED.java:20)
    at java_programs.FIND_IN_SORTED.binsearch(FIND_IN_SORTED.java:20)

14:48:32.353 [pool-31-thread-1] ERROR x.java.compiler.DynamicClassCompiler - [Compilation errors]
FIND_IN_SORTED.java:35: error: missing return statement
    }
    ^
14:48:32.354 [pool-31-thread-1] ERROR f.i.l.r.n.s.ConstraintModelBuilder - Unable to compile the change: 
public class FIND_IN_SORTED {
    public static int binsearch(int[] arr, int x, int start, int end) {
        if (start == end) {
            return -1;
        }
        int mid = start + ((end - start) / 2);
        if (x < (arr[mid])) {
            boolean spoonDefaultValue = false;
            try {
                spoonDefaultValue = true;
            } catch (java.lang.Exception __NopolProcessorException) {
            }
            boolean runtimeAngelicValue = fr.inria.lille.repair.nopol.synth.AngelicExecution.angelicValue(spoonDefaultValue);
            if (fr.inria.lille.commons.trace.RuntimeValues.instance(6).isEnabled()) {
                fr.inria.lille.commons.trace.RuntimeValues.instance(6).collectionStarts();
                try{fr.inria.lille.commons.trace.RuntimeValues.instance(6).collectInput("x",x);} catch (Exception ex1) {ex1.printStackTrace();};
                try{fr.inria.lille.commons.trace.RuntimeValues.instance(6).collectInput("start",start);} catch (Exception ex1) {ex1.printStackTrace();};
                try{fr.inria.lille.commons.trace.RuntimeValues.instance(6).collectInput("arr",arr);} catch (Exception ex1) {ex1.printStackTrace();};
                try{fr.inria.lille.commons.trace.RuntimeValues.instance(6).collectInput("mid",mid);} catch (Exception ex1) {ex1.printStackTrace();};
                try{fr.inria.lille.commons.trace.RuntimeValues.instance(6).collectInput("end",end);} catch (Exception ex1) {ex1.printStackTrace();};
                fr.inria.lille.commons.trace.RuntimeValues.instance(6).collectOutput(runtimeAngelicValue);
                fr.inria.lille.commons.trace.RuntimeValues.instance(6).collectionEnds();
            }
            if (runtimeAngelicValue)
                return java_programs.FIND_IN_SORTED.binsearch(arr, x, start, mid);

        }else
            if (x > (arr[mid])) {
                return java_programs.FIND_IN_SORTED.binsearch(arr, x, mid, end);
            }else {
                return mid;
            }

    }

    public static int find_in_sorted(int[] arr, int x) {
        return java_programs.FIND_IN_SORTED.binsearch(arr, x, 0, arr.length);
    }
}
14:48:32.355 [pool-2-thread-1] ERROR fr.inria.lille.repair.nopol.NoPol - Error ExecutionException java.util.concurrent.ExecutionException: xxl.java.compiler.DynamicCompilationException: Aborting: dynamic compilation failed
14:48:32.355 [pool-2-thread-1] INFO  fr.inria.lille.repair.nopol.NoPol - ----INFORMATION----
14:48:32.359 [pool-2-thread-1] INFO  fr.inria.lille.repair.nopol.NoPol - Nb classes : 3
14:48:32.359 [pool-2-thread-1] INFO  fr.inria.lille.repair.nopol.NoPol - Nb methods : 10
14:48:32.359 [pool-2-thread-1] INFO  fr.inria.lille.repair.nopol.NoPol - Nb Statements Analyzed : 7
14:48:32.359 [pool-2-thread-1] INFO  fr.inria.lille.repair.nopol.NoPol - Nb Statements with Angelic Value Found : 0
14:48:32.359 [pool-2-thread-1] INFO  fr.inria.lille.repair.nopol.NoPol - Nb inputs in SMT : 0
14:48:32.361 [pool-2-thread-1] INFO  fr.inria.lille.repair.nopol.NoPol - Nb SMT level: 0
14:48:32.361 [pool-2-thread-1] INFO  fr.inria.lille.repair.nopol.NoPol - Nb variables in SMT : 0
14:48:32.361 [pool-2-thread-1] INFO  fr.inria.lille.repair.nopol.NoPol - NoPol Execution time : 27693ms
14:48:32.361 [pool-2-thread-1] INFO  fr.inria.lille.repair.nopol.NoPol - 
NO_ANGELIC_VALUE
Command exited with non-zero status 255
99.02user 11.59system 0:28.59elapsed 386%CPU (0avgtext+0avgdata 430280maxresident)k
45560inputs+5408outputs (3major+149461minor)pagefaults 0swaps


Node: grisou-28.nancy.grid5000.fr



Date: Sun Dec  2 14:48:32 EST 2018

