cd /tmp/Nopol_Defects4J_Lang_65;
export JAVA_TOOL_OPTIONS=-Dfile.encoding=UTF8;
TZ="America/New_York"; export TZ;
export PATH="/usr/lib/jvm/java-1.8.0-openjdk-amd64/bin/:$PATH";
export JAVA_HOME="/usr/lib/jvm/java-1.8.0-openjdk-amd64/bin/";
time java -Xmx4048m -cp /home/tdurieux/defects4j4repair/script/../repair_tools/nopol.jar:/usr/lib/jvm/java-1.8.0-openjdk-amd64/bin//../lib/tools.jar fr.inria.lille.repair.Main \
	--mode repair \
	--type pre_then_cond \
	--oracle angelic \
	--synthesis smt \
	--flocal gzoltar \
	--json \
	--solver z3 \
	--solver-path /home/tdurieux/defects4j4repair/script/../libs/z3/build/z3 \
	--complianceLevel 3 \
	--source src/java/ \
	--classpath "target/classes/:target/tests/:/tmp/Nopol_Defects4J_Lang_65/target/classes/:/tmp/Nopol_Defects4J_Lang_65/target/tests/:/home/tdurieux/defects4j4repair/script/../benchmarks/defects4j/framework/projects/Lang/lib/asm.jar:/home/tdurieux/defects4j4repair/script/../benchmarks/defects4j/framework/projects/Lang/lib/cglib.jar:/home/tdurieux/defects4j4repair/script/../benchmarks/defects4j/framework/projects/Lang/lib/commons-io.jar:/home/tdurieux/defects4j4repair/script/../benchmarks/defects4j/framework/projects/Lang/lib/easymock.jar:/home/tdurieux/defects4j4repair/script/../repair_tools/nopol.jar";
	echo "\n\nNode: `hostname`\n";
	echo "\n\nDate: `date`\n";
Picked up JAVA_TOOL_OPTIONS: -Dfile.encoding=UTF8
18:25:16.652 [main] INFO  fr.inria.lille.repair.nopol.NoPol - Source files: [src/java]
18:25:16.656 [main] INFO  fr.inria.lille.repair.nopol.NoPol - Classpath: [file:/tmp/Nopol_Defects4J_Lang_65/target/classes/, file:/tmp/Nopol_Defects4J_Lang_65/target/tests/, file:/tmp/Nopol_Defects4J_Lang_65/target/classes/, file:/tmp/Nopol_Defects4J_Lang_65/target/tests/, file:/home/tdurieux/defects4j4repair/script/../benchmarks/defects4j/framework/projects/Lang/lib/asm.jar, file:/home/tdurieux/defects4j4repair/script/../benchmarks/defects4j/framework/projects/Lang/lib/cglib.jar, file:/home/tdurieux/defects4j4repair/script/../benchmarks/defects4j/framework/projects/Lang/lib/commons-io.jar, file:/home/tdurieux/defects4j4repair/script/../benchmarks/defects4j/framework/projects/Lang/lib/easymock.jar, file:/home/tdurieux/defects4j4repair/script/../repair_tools/nopol.jar]
18:25:16.657 [main] INFO  fr.inria.lille.repair.nopol.NoPol - Statement type: PRE_THEN_COND
18:25:16.657 [main] INFO  fr.inria.lille.repair.nopol.NoPol - Args: [org.apache.commons.lang.ArrayUtilsAddTest, org.apache.commons.lang.ArrayUtilsAddTest, org.apache.commons.lang.ArrayUtilsRemoveTest, org.apache.commons.lang.ArrayUtilsRemoveTest, org.apache.commons.lang.ArrayUtilsTest, org.apache.commons.lang.ArrayUtilsTest, org.apache.commons.lang.BitFieldTest, org.apache.commons.lang.BitFieldTest, org.apache.commons.lang.BooleanUtilsTest, org.apache.commons.lang.BooleanUtilsTest, org.apache.commons.lang.CharEncodingTest, org.apache.commons.lang.CharEncodingTest, org.apache.commons.lang.CharRangeTest, org.apache.commons.lang.CharRangeTest, org.apache.commons.lang.CharSetTest, org.apache.commons.lang.CharSetTest, org.apache.commons.lang.CharSetUtilsTest, org.apache.commons.lang.CharSetUtilsTest, org.apache.commons.lang.CharUtilsTest, org.apache.commons.lang.CharUtilsTest, org.apache.commons.lang.ClassUtilsTest, org.apache.commons.lang.ClassUtilsTest, org.apache.commons.lang.EntitiesPerformanceTest, org.apache.commons.lang.EntitiesPerformanceTest, org.apache.commons.lang.EntitiesTest, org.apache.commons.lang.EntitiesTest, org.apache.commons.lang.IllegalClassExceptionTest, org.apache.commons.lang.IllegalClassExceptionTest, org.apache.commons.lang.IncompleteArgumentExceptionTest, org.apache.commons.lang.IncompleteArgumentExceptionTest, org.apache.commons.lang.IntHashMapTest, org.apache.commons.lang.IntHashMapTest, org.apache.commons.lang.LocaleUtilsTest, org.apache.commons.lang.LocaleUtilsTest, org.apache.commons.lang.NotImplementedExceptionTest, org.apache.commons.lang.NotImplementedExceptionTest, org.apache.commons.lang.NullArgumentExceptionTest, org.apache.commons.lang.NullArgumentExceptionTest, org.apache.commons.lang.NumberRangeTest, org.apache.commons.lang.NumberRangeTest, org.apache.commons.lang.NumberUtilsTest, org.apache.commons.lang.NumberUtilsTest, org.apache.commons.lang.ObjectUtilsTest, org.apache.commons.lang.ObjectUtilsTest, org.apache.commons.lang.RandomStringUtilsTest, org.apache.commons.lang.RandomStringUtilsTest, org.apache.commons.lang.SerializationUtilsTest, org.apache.commons.lang.SerializationUtilsTest, org.apache.commons.lang.StringEscapeUtilsTest, org.apache.commons.lang.StringEscapeUtilsTest, org.apache.commons.lang.StringUtilsEqualsIndexOfTest, org.apache.commons.lang.StringUtilsEqualsIndexOfTest, org.apache.commons.lang.StringUtilsIsTest, org.apache.commons.lang.StringUtilsIsTest, org.apache.commons.lang.StringUtilsSubstringTest, org.apache.commons.lang.StringUtilsSubstringTest, org.apache.commons.lang.StringUtilsTest, org.apache.commons.lang.StringUtilsTest, org.apache.commons.lang.StringUtilsTrimEmptyTest, org.apache.commons.lang.StringUtilsTrimEmptyTest, org.apache.commons.lang.SystemUtilsTest, org.apache.commons.lang.SystemUtilsTest, org.apache.commons.lang.UnhandledExceptionTest, org.apache.commons.lang.UnhandledExceptionTest, org.apache.commons.lang.ValidateTest, org.apache.commons.lang.ValidateTest, org.apache.commons.lang.WordUtilsTest, org.apache.commons.lang.WordUtilsTest, org.apache.commons.lang.builder.CompareToBuilderTest, org.apache.commons.lang.builder.CompareToBuilderTest, org.apache.commons.lang.builder.DefaultToStringStyleTest, org.apache.commons.lang.builder.DefaultToStringStyleTest, org.apache.commons.lang.builder.EqualsBuilderTest, org.apache.commons.lang.builder.EqualsBuilderTest, org.apache.commons.lang.builder.HashCodeBuilderAndEqualsBuilderTest, org.apache.commons.lang.builder.HashCodeBuilderAndEqualsBuilderTest, org.apache.commons.lang.builder.HashCodeBuilderTest, org.apache.commons.lang.builder.HashCodeBuilderTest, org.apache.commons.lang.builder.MultiLineToStringStyleTest, org.apache.commons.lang.builder.MultiLineToStringStyleTest, org.apache.commons.lang.builder.NoFieldNamesToStringStyleTest, org.apache.commons.lang.builder.NoFieldNamesToStringStyleTest, org.apache.commons.lang.builder.ReflectionToStringBuilderExcludeTest, org.apache.commons.lang.builder.ReflectionToStringBuilderExcludeTest, org.apache.commons.lang.builder.ShortPrefixToStringStyleTest, org.apache.commons.lang.builder.ShortPrefixToStringStyleTest, org.apache.commons.lang.builder.SimpleToStringStyleTest, org.apache.commons.lang.builder.SimpleToStringStyleTest, org.apache.commons.lang.builder.StandardToStringStyleTest, org.apache.commons.lang.builder.StandardToStringStyleTest, org.apache.commons.lang.builder.ToStringBuilderTest, org.apache.commons.lang.builder.ToStringBuilderTest, org.apache.commons.lang.builder.ToStringStyleTest, org.apache.commons.lang.builder.ToStringStyleTest, org.apache.commons.lang.enum.EnumTest, org.apache.commons.lang.enum.EnumTest, org.apache.commons.lang.enum.EnumUtilsTest, org.apache.commons.lang.enum.EnumUtilsTest, org.apache.commons.lang.enum.ValuedEnumTest, org.apache.commons.lang.enum.ValuedEnumTest, org.apache.commons.lang.enums.EnumEqualsTest, org.apache.commons.lang.enums.EnumEqualsTest, org.apache.commons.lang.enums.EnumTest, org.apache.commons.lang.enums.EnumTest, org.apache.commons.lang.enums.EnumUtilsTest, org.apache.commons.lang.enums.EnumUtilsTest, org.apache.commons.lang.enums.ValuedEnumTest, org.apache.commons.lang.enums.ValuedEnumTest, org.apache.commons.lang.exception.ExceptionUtilsTestCase, org.apache.commons.lang.exception.ExceptionUtilsTestCase, org.apache.commons.lang.exception.NestableDelegateTestCase, org.apache.commons.lang.exception.NestableDelegateTestCase, org.apache.commons.lang.exception.NestableErrorTestCase, org.apache.commons.lang.exception.NestableErrorTestCase, org.apache.commons.lang.exception.NestableExceptionTestCase, org.apache.commons.lang.exception.NestableExceptionTestCase, org.apache.commons.lang.exception.NestableRuntimeExceptionTestCase, org.apache.commons.lang.exception.NestableRuntimeExceptionTestCase, org.apache.commons.lang.math.DoubleRangeTest, org.apache.commons.lang.math.DoubleRangeTest, org.apache.commons.lang.math.FloatRangeTest, org.apache.commons.lang.math.FloatRangeTest, org.apache.commons.lang.math.FractionTest, org.apache.commons.lang.math.FractionTest, org.apache.commons.lang.math.IntRangeTest, org.apache.commons.lang.math.IntRangeTest, org.apache.commons.lang.math.LongRangeTest, org.apache.commons.lang.math.LongRangeTest, org.apache.commons.lang.math.NumberRangeTest, org.apache.commons.lang.math.NumberRangeTest, org.apache.commons.lang.math.NumberUtilsTest, org.apache.commons.lang.math.NumberUtilsTest, org.apache.commons.lang.math.RandomUtilsTest, org.apache.commons.lang.math.RandomUtilsTest, org.apache.commons.lang.math.RangeTest, org.apache.commons.lang.math.RangeTest, org.apache.commons.lang.mutable.MutableBooleanTest, org.apache.commons.lang.mutable.MutableBooleanTest, org.apache.commons.lang.mutable.MutableByteTest, org.apache.commons.lang.mutable.MutableByteTest, org.apache.commons.lang.mutable.MutableDoubleTest, org.apache.commons.lang.mutable.MutableDoubleTest, org.apache.commons.lang.mutable.MutableFloatTest, org.apache.commons.lang.mutable.MutableFloatTest, org.apache.commons.lang.mutable.MutableIntTest, org.apache.commons.lang.mutable.MutableIntTest, org.apache.commons.lang.mutable.MutableLongTest, org.apache.commons.lang.mutable.MutableLongTest, org.apache.commons.lang.mutable.MutableObjectTest, org.apache.commons.lang.mutable.MutableObjectTest, org.apache.commons.lang.mutable.MutableShortTest, org.apache.commons.lang.mutable.MutableShortTest, org.apache.commons.lang.text.CompositeFormatTest, org.apache.commons.lang.text.CompositeFormatTest, org.apache.commons.lang.text.StrBuilderAppendInsertTest, org.apache.commons.lang.text.StrBuilderAppendInsertTest, org.apache.commons.lang.text.StrBuilderTest, org.apache.commons.lang.text.StrBuilderTest, org.apache.commons.lang.text.StrMatcherTest, org.apache.commons.lang.text.StrMatcherTest, org.apache.commons.lang.text.StrTokenizerTest, org.apache.commons.lang.text.StrTokenizerTest, org.apache.commons.lang.text.VariableFormatterTest, org.apache.commons.lang.text.VariableFormatterTest, org.apache.commons.lang.time.DateFormatUtilsTest, org.apache.commons.lang.time.DateFormatUtilsTest, org.apache.commons.lang.time.DateUtilsTest, org.apache.commons.lang.time.DateUtilsTest, org.apache.commons.lang.time.DurationFormatUtilsTest, org.apache.commons.lang.time.DurationFormatUtilsTest, org.apache.commons.lang.time.FastDateFormatTest, org.apache.commons.lang.time.FastDateFormatTest, org.apache.commons.lang.time.StopWatchTest, org.apache.commons.lang.time.StopWatchTest]
18:25:16.660 [main] INFO  fr.inria.lille.repair.nopol.NoPol - Config: Config{synthesisDepth=3, collectStaticMethods=true, collectStaticFields=false, collectLiterals=false, onlyOneSynthesisResult=true, sortExpressions=true, maxLineInvocationPerTest=250, timeoutMethodInvocation=2000, dataCollectionTimeoutInSecondForSynthesis=900, addWeight=0.19478, subWeight=0.04554, mulWeight=0.0102, divWeight=0.00613, andWeight=0.10597, orWeight=0.05708, eqWeight=0.22798, nEqWeight=0.0, lessEqWeight=0.0255, lessWeight=0.0947, methodCallWeight=0.1, fieldAccessWeight=0.08099, constantWeight=0.14232, variableWeight=0.05195, mode=REPAIR, type=PRE_THEN_COND, synthesis=SMT, oracle=ANGELIC, solver=Z3, solverPath='/home/tdurieux/defects4j4repair/script/../libs/z3/build/z3', projectSources=[src/java], projectClasspath='[Ljava.net.URL;@66d33a', projectTests=[org.apache.commons.lang.ArrayUtilsAddTest, org.apache.commons.lang.ArrayUtilsAddTest, org.apache.commons.lang.ArrayUtilsRemoveTest, org.apache.commons.lang.ArrayUtilsRemoveTest, org.apache.commons.lang.ArrayUtilsTest, org.apache.commons.lang.ArrayUtilsTest, org.apache.commons.lang.BitFieldTest, org.apache.commons.lang.BitFieldTest, org.apache.commons.lang.BooleanUtilsTest, org.apache.commons.lang.BooleanUtilsTest, org.apache.commons.lang.CharEncodingTest, org.apache.commons.lang.CharEncodingTest, org.apache.commons.lang.CharRangeTest, org.apache.commons.lang.CharRangeTest, org.apache.commons.lang.CharSetTest, org.apache.commons.lang.CharSetTest, org.apache.commons.lang.CharSetUtilsTest, org.apache.commons.lang.CharSetUtilsTest, org.apache.commons.lang.CharUtilsTest, org.apache.commons.lang.CharUtilsTest, org.apache.commons.lang.ClassUtilsTest, org.apache.commons.lang.ClassUtilsTest, org.apache.commons.lang.EntitiesPerformanceTest, org.apache.commons.lang.EntitiesPerformanceTest, org.apache.commons.lang.EntitiesTest, org.apache.commons.lang.EntitiesTest, org.apache.commons.lang.IllegalClassExceptionTest, org.apache.commons.lang.IllegalClassExceptionTest, org.apache.commons.lang.IncompleteArgumentExceptionTest, org.apache.commons.lang.IncompleteArgumentExceptionTest, org.apache.commons.lang.IntHashMapTest, org.apache.commons.lang.IntHashMapTest, org.apache.commons.lang.LocaleUtilsTest, org.apache.commons.lang.LocaleUtilsTest, org.apache.commons.lang.NotImplementedExceptionTest, org.apache.commons.lang.NotImplementedExceptionTest, org.apache.commons.lang.NullArgumentExceptionTest, org.apache.commons.lang.NullArgumentExceptionTest, org.apache.commons.lang.NumberRangeTest, org.apache.commons.lang.NumberRangeTest, org.apache.commons.lang.NumberUtilsTest, org.apache.commons.lang.NumberUtilsTest, org.apache.commons.lang.ObjectUtilsTest, org.apache.commons.lang.ObjectUtilsTest, org.apache.commons.lang.RandomStringUtilsTest, org.apache.commons.lang.RandomStringUtilsTest, org.apache.commons.lang.SerializationUtilsTest, org.apache.commons.lang.SerializationUtilsTest, org.apache.commons.lang.StringEscapeUtilsTest, org.apache.commons.lang.StringEscapeUtilsTest, org.apache.commons.lang.StringUtilsEqualsIndexOfTest, org.apache.commons.lang.StringUtilsEqualsIndexOfTest, org.apache.commons.lang.StringUtilsIsTest, org.apache.commons.lang.StringUtilsIsTest, org.apache.commons.lang.StringUtilsSubstringTest, org.apache.commons.lang.StringUtilsSubstringTest, org.apache.commons.lang.StringUtilsTest, org.apache.commons.lang.StringUtilsTest, org.apache.commons.lang.StringUtilsTrimEmptyTest, org.apache.commons.lang.StringUtilsTrimEmptyTest, org.apache.commons.lang.SystemUtilsTest, org.apache.commons.lang.SystemUtilsTest, org.apache.commons.lang.UnhandledExceptionTest, org.apache.commons.lang.UnhandledExceptionTest, org.apache.commons.lang.ValidateTest, org.apache.commons.lang.ValidateTest, org.apache.commons.lang.WordUtilsTest, org.apache.commons.lang.WordUtilsTest, org.apache.commons.lang.builder.CompareToBuilderTest, org.apache.commons.lang.builder.CompareToBuilderTest, org.apache.commons.lang.builder.DefaultToStringStyleTest, org.apache.commons.lang.builder.DefaultToStringStyleTest, org.apache.commons.lang.builder.EqualsBuilderTest, org.apache.commons.lang.builder.EqualsBuilderTest, org.apache.commons.lang.builder.HashCodeBuilderAndEqualsBuilderTest, org.apache.commons.lang.builder.HashCodeBuilderAndEqualsBuilderTest, org.apache.commons.lang.builder.HashCodeBuilderTest, org.apache.commons.lang.builder.HashCodeBuilderTest, org.apache.commons.lang.builder.MultiLineToStringStyleTest, org.apache.commons.lang.builder.MultiLineToStringStyleTest, org.apache.commons.lang.builder.NoFieldNamesToStringStyleTest, org.apache.commons.lang.builder.NoFieldNamesToStringStyleTest, org.apache.commons.lang.builder.ReflectionToStringBuilderExcludeTest, org.apache.commons.lang.builder.ReflectionToStringBuilderExcludeTest, org.apache.commons.lang.builder.ShortPrefixToStringStyleTest, org.apache.commons.lang.builder.ShortPrefixToStringStyleTest, org.apache.commons.lang.builder.SimpleToStringStyleTest, org.apache.commons.lang.builder.SimpleToStringStyleTest, org.apache.commons.lang.builder.StandardToStringStyleTest, org.apache.commons.lang.builder.StandardToStringStyleTest, org.apache.commons.lang.builder.ToStringBuilderTest, org.apache.commons.lang.builder.ToStringBuilderTest, org.apache.commons.lang.builder.ToStringStyleTest, org.apache.commons.lang.builder.ToStringStyleTest, org.apache.commons.lang.enum.EnumTest, org.apache.commons.lang.enum.EnumTest, org.apache.commons.lang.enum.EnumUtilsTest, org.apache.commons.lang.enum.EnumUtilsTest, org.apache.commons.lang.enum.ValuedEnumTest, org.apache.commons.lang.enum.ValuedEnumTest, org.apache.commons.lang.enums.EnumEqualsTest, org.apache.commons.lang.enums.EnumEqualsTest, org.apache.commons.lang.enums.EnumTest, org.apache.commons.lang.enums.EnumTest, org.apache.commons.lang.enums.EnumUtilsTest, org.apache.commons.lang.enums.EnumUtilsTest, org.apache.commons.lang.enums.ValuedEnumTest, org.apache.commons.lang.enums.ValuedEnumTest, org.apache.commons.lang.exception.ExceptionUtilsTestCase, org.apache.commons.lang.exception.ExceptionUtilsTestCase, org.apache.commons.lang.exception.NestableDelegateTestCase, org.apache.commons.lang.exception.NestableDelegateTestCase, org.apache.commons.lang.exception.NestableErrorTestCase, org.apache.commons.lang.exception.NestableErrorTestCase, org.apache.commons.lang.exception.NestableExceptionTestCase, org.apache.commons.lang.exception.NestableExceptionTestCase, org.apache.commons.lang.exception.NestableRuntimeExceptionTestCase, org.apache.commons.lang.exception.NestableRuntimeExceptionTestCase, org.apache.commons.lang.math.DoubleRangeTest, org.apache.commons.lang.math.DoubleRangeTest, org.apache.commons.lang.math.FloatRangeTest, org.apache.commons.lang.math.FloatRangeTest, org.apache.commons.lang.math.FractionTest, org.apache.commons.lang.math.FractionTest, org.apache.commons.lang.math.IntRangeTest, org.apache.commons.lang.math.IntRangeTest, org.apache.commons.lang.math.LongRangeTest, org.apache.commons.lang.math.LongRangeTest, org.apache.commons.lang.math.NumberRangeTest, org.apache.commons.lang.math.NumberRangeTest, org.apache.commons.lang.math.NumberUtilsTest, org.apache.commons.lang.math.NumberUtilsTest, org.apache.commons.lang.math.RandomUtilsTest, org.apache.commons.lang.math.RandomUtilsTest, org.apache.commons.lang.math.RangeTest, org.apache.commons.lang.math.RangeTest, org.apache.commons.lang.mutable.MutableBooleanTest, org.apache.commons.lang.mutable.MutableBooleanTest, org.apache.commons.lang.mutable.MutableByteTest, org.apache.commons.lang.mutable.MutableByteTest, org.apache.commons.lang.mutable.MutableDoubleTest, org.apache.commons.lang.mutable.MutableDoubleTest, org.apache.commons.lang.mutable.MutableFloatTest, org.apache.commons.lang.mutable.MutableFloatTest, org.apache.commons.lang.mutable.MutableIntTest, org.apache.commons.lang.mutable.MutableIntTest, org.apache.commons.lang.mutable.MutableLongTest, org.apache.commons.lang.mutable.MutableLongTest, org.apache.commons.lang.mutable.MutableObjectTest, org.apache.commons.lang.mutable.MutableObjectTest, org.apache.commons.lang.mutable.MutableShortTest, org.apache.commons.lang.mutable.MutableShortTest, org.apache.commons.lang.text.CompositeFormatTest, org.apache.commons.lang.text.CompositeFormatTest, org.apache.commons.lang.text.StrBuilderAppendInsertTest, org.apache.commons.lang.text.StrBuilderAppendInsertTest, org.apache.commons.lang.text.StrBuilderTest, org.apache.commons.lang.text.StrBuilderTest, org.apache.commons.lang.text.StrMatcherTest, org.apache.commons.lang.text.StrMatcherTest, org.apache.commons.lang.text.StrTokenizerTest, org.apache.commons.lang.text.StrTokenizerTest, org.apache.commons.lang.text.VariableFormatterTest, org.apache.commons.lang.text.VariableFormatterTest, org.apache.commons.lang.time.DateFormatUtilsTest, org.apache.commons.lang.time.DateFormatUtilsTest, org.apache.commons.lang.time.DateUtilsTest, org.apache.commons.lang.time.DateUtilsTest, org.apache.commons.lang.time.DurationFormatUtilsTest, org.apache.commons.lang.time.DurationFormatUtilsTest, org.apache.commons.lang.time.FastDateFormatTest, org.apache.commons.lang.time.FastDateFormatTest, org.apache.commons.lang.time.StopWatchTest, org.apache.commons.lang.time.StopWatchTest], complianceLevel=3, outputFolder=., json=true}
18:25:16.660 [main] INFO  fr.inria.lille.repair.nopol.NoPol - Available processors (cores): 8
18:25:16.674 [main] INFO  fr.inria.lille.repair.nopol.NoPol - Free memory: 214 MB
18:25:16.675 [main] INFO  fr.inria.lille.repair.nopol.NoPol - Maximum memory: 3 GB
18:25:16.675 [main] INFO  fr.inria.lille.repair.nopol.NoPol - Total memory available to JVM: 241 MB
18:25:16.675 [main] INFO  fr.inria.lille.repair.nopol.NoPol - Java version: 1.8.0_181
18:25:16.677 [main] INFO  fr.inria.lille.repair.nopol.NoPol - JAVA_HOME: /usr/lib/jvm/java-1.8.0-openjdk-amd64/bin/
18:25:16.677 [main] INFO  fr.inria.lille.repair.nopol.NoPol - PATH: /usr/lib/jvm/java-1.8.0-openjdk-amd64/bin/:/usr/lib/oar/oardodo:/usr/lib/oar/oardodo:/usr/local/bin:/usr/bin:/bin:/usr/games
18:25:43.938 [pool-2-thread-1] DEBUG fr.inria.lille.repair.nopol.NoPol - statement #1
18:25:43.939 [pool-2-thread-1] DEBUG fr.inria.lille.repair.nopol.NoPol - Analysing SourceLocation org.apache.commons.lang.LocaleUtils:287 which is executed by 1 tests
-723213736
18:25:44.384 [pool-2-thread-1] DEBUG fr.inria.lille.repair.nopol.NoPol - statement #2
18:25:44.384 [pool-2-thread-1] DEBUG fr.inria.lille.repair.nopol.NoPol - Analysing SourceLocation org.apache.commons.lang.LocaleUtils:285 which is executed by 1 tests
-723213736
18:25:44.534 [pool-2-thread-1] DEBUG fr.inria.lille.repair.nopol.NoPol - looking with class fr.inria.lille.repair.nopol.spoon.smt.ConditionalAdder
junit.framework.AssertionFailedError: expected:<4> but was:<5>
    at junit.framework.Assert.fail(Assert.java:57)
    at junit.framework.Assert.failNotEquals(Assert.java:329)
    at junit.framework.Assert.assertEquals(Assert.java:78)
    at junit.framework.Assert.assertEquals(Assert.java:234)
    at junit.framework.Assert.assertEquals(Assert.java:241)
    at junit.framework.TestCase.assertEquals(TestCase.java:409)
18:25:44.613 [pool-4-thread-1] INFO  xxl.java.junit.TestCasesListener - Tests run finished (45 ms)
<> Total tests run: 11
<> Ignored tests: 0
<> Failed tests: 1
~ testCountriesByLanguage(org.apache.commons.lang.LocaleUtilsTest)
[expected:<4> but was:<5>]
junit.framework.AssertionFailedError: expected:<4> but was:<5>    at junit.framework.Assert.fail(Assert.java:57)
    at junit.framework.Assert.failNotEquals(Assert.java:329)
    at junit.framework.Assert.assertEquals(Assert.java:78)
    at junit.framework.Assert.assertEquals(Assert.java:234)
    at junit.framework.Assert.assertEquals(Assert.java:241)
    at junit.framework.TestCase.assertEquals(TestCase.java:409)

junit.framework.AssertionFailedError: expected same:<[de_CH, de_AT, de_LU, de_DE, de_GR]> was not:<[de_CH, de_AT, de_LU, de_DE, de_GR]>
    at junit.framework.Assert.fail(Assert.java:57)
    at junit.framework.Assert.failNotSame(Assert.java:325)
    at junit.framework.Assert.assertSame(Assert.java:288)
    at junit.framework.Assert.assertSame(Assert.java:296)
    at junit.framework.TestCase.assertSame(TestCase.java:465)
    at org.apache.commons.lang.LocaleUtilsTest.assertCountriesByLanguage(LocaleUtilsTest.java:444)
18:25:46.025 [pool-5-thread-1] INFO  f.i.l.c.t.SpecificationTestCasesListener - Tests run finished (8 ms)
<> Total tests run: 1
<> Ignored tests: 0
<> Failed tests: 1
~ testCountriesByLanguage(org.apache.commons.lang.LocaleUtilsTest)
[expected same:<[de_CH, de_AT, de_LU, de_DE, de_GR]> was not:<[de_CH, de_AT, de_LU, de_DE, de_GR]>]
junit.framework.AssertionFailedError: expected same:<[de_CH, de_AT, de_LU, de_DE, de_GR]> was not:<[de_CH, de_AT, de_LU, de_DE, de_GR]>    at junit.framework.Assert.fail(Assert.java:57)
    at junit.framework.Assert.failNotSame(Assert.java:325)
    at junit.framework.Assert.assertSame(Assert.java:288)
    at junit.framework.Assert.assertSame(Assert.java:296)
    at junit.framework.TestCase.assertSame(TestCase.java:465)
    at org.apache.commons.lang.LocaleUtilsTest.assertCountriesByLanguage(LocaleUtilsTest.java:444)

junit.framework.AssertionFailedError: expected:<4> but was:<5>
    at junit.framework.Assert.fail(Assert.java:57)
    at junit.framework.Assert.failNotEquals(Assert.java:329)
    at junit.framework.Assert.assertEquals(Assert.java:78)
    at junit.framework.Assert.assertEquals(Assert.java:234)
    at junit.framework.Assert.assertEquals(Assert.java:241)
    at junit.framework.TestCase.assertEquals(TestCase.java:409)
18:25:46.029 [pool-6-thread-1] INFO  f.i.l.c.t.SpecificationTestCasesListener - Tests run finished (1 ms)
<> Total tests run: 1
<> Ignored tests: 0
<> Failed tests: 1
~ testCountriesByLanguage(org.apache.commons.lang.LocaleUtilsTest)
[expected:<4> but was:<5>]
junit.framework.AssertionFailedError: expected:<4> but was:<5>    at junit.framework.Assert.fail(Assert.java:57)
    at junit.framework.Assert.failNotEquals(Assert.java:329)
    at junit.framework.Assert.assertEquals(Assert.java:78)
    at junit.framework.Assert.assertEquals(Assert.java:234)
    at junit.framework.Assert.assertEquals(Assert.java:241)
    at junit.framework.TestCase.assertEquals(TestCase.java:409)

18:25:46.031 [pool-3-thread-1] DEBUG tests.output - Failing tests with false: 
[testCountriesByLanguage(org.apache.commons.lang.LocaleUtilsTest): expected same:<[de_CH, de_AT, de_LU, de_DE, de_GR]> was not:<[de_CH, de_AT, de_LU, de_DE, de_GR]>]
18:25:46.031 [pool-3-thread-1] DEBUG tests.output - Failing tests with true: 
[testCountriesByLanguage(org.apache.commons.lang.LocaleUtilsTest): expected:<4> but was:<5>]
18:25:46.032 [pool-3-thread-1] INFO  f.i.l.r.n.synth.SMTNopolSynthesizer - Not enough specifications: 0. A trivial patch is "true" or "false", please write new tests specifying SourceLocation org.apache.commons.lang.LocaleUtils:285.
18:25:46.032 [pool-2-thread-1] DEBUG fr.inria.lille.repair.nopol.NoPol - statement #3
18:25:46.033 [pool-2-thread-1] DEBUG fr.inria.lille.repair.nopol.NoPol - Analysing SourceLocation org.apache.commons.lang.LocaleUtils:283 which is executed by 1 tests
-723213736
18:25:46.171 [pool-2-thread-1] DEBUG fr.inria.lille.repair.nopol.NoPol - looking with class fr.inria.lille.repair.nopol.spoon.smt.ConditionalAdder
junit.framework.AssertionFailedError: expected:<4> but was:<5>
    at junit.framework.Assert.fail(Assert.java:57)
    at junit.framework.Assert.failNotEquals(Assert.java:329)
    at junit.framework.Assert.assertEquals(Assert.java:78)
    at junit.framework.Assert.assertEquals(Assert.java:234)
    at junit.framework.Assert.assertEquals(Assert.java:241)
    at junit.framework.TestCase.assertEquals(TestCase.java:409)
18:25:46.188 [pool-8-thread-1] INFO  xxl.java.junit.TestCasesListener - Tests run finished (8 ms)
<> Total tests run: 11
<> Ignored tests: 0
<> Failed tests: 1
~ testCountriesByLanguage(org.apache.commons.lang.LocaleUtilsTest)
[expected:<4> but was:<5>]
junit.framework.AssertionFailedError: expected:<4> but was:<5>    at junit.framework.Assert.fail(Assert.java:57)
    at junit.framework.Assert.failNotEquals(Assert.java:329)
    at junit.framework.Assert.assertEquals(Assert.java:78)
    at junit.framework.Assert.assertEquals(Assert.java:234)
    at junit.framework.Assert.assertEquals(Assert.java:241)
    at junit.framework.TestCase.assertEquals(TestCase.java:409)

junit.framework.AssertionFailedError
    at junit.framework.Assert.fail(Assert.java:55)
    at junit.framework.Assert.assertTrue(Assert.java:22)
    at junit.framework.Assert.assertNotNull(Assert.java:256)
    at junit.framework.Assert.assertNotNull(Assert.java:248)
    at junit.framework.TestCase.assertNotNull(TestCase.java:417)
    at org.apache.commons.lang.LocaleUtilsTest.assertCountriesByLanguage(LocaleUtilsTest.java:443)
18:25:46.567 [pool-9-thread-1] INFO  f.i.l.c.t.SpecificationTestCasesListener - Tests run finished (3 ms)
<> Total tests run: 1
<> Ignored tests: 0
<> Failed tests: 1
~ testCountriesByLanguage(org.apache.commons.lang.LocaleUtilsTest)
[null]
junit.framework.AssertionFailedError    at junit.framework.Assert.fail(Assert.java:55)
    at junit.framework.Assert.assertTrue(Assert.java:22)
    at junit.framework.Assert.assertNotNull(Assert.java:256)
    at junit.framework.Assert.assertNotNull(Assert.java:248)
    at junit.framework.TestCase.assertNotNull(TestCase.java:417)
    at org.apache.commons.lang.LocaleUtilsTest.assertCountriesByLanguage(LocaleUtilsTest.java:443)

junit.framework.AssertionFailedError: expected:<4> but was:<5>
    at junit.framework.Assert.fail(Assert.java:57)
    at junit.framework.Assert.failNotEquals(Assert.java:329)
    at junit.framework.Assert.assertEquals(Assert.java:78)
    at junit.framework.Assert.assertEquals(Assert.java:234)
    at junit.framework.Assert.assertEquals(Assert.java:241)
    at junit.framework.TestCase.assertEquals(TestCase.java:409)
18:25:46.571 [pool-10-thread-1] INFO  f.i.l.c.t.SpecificationTestCasesListener - Tests run finished (2 ms)
<> Total tests run: 1
<> Ignored tests: 0
<> Failed tests: 1
~ testCountriesByLanguage(org.apache.commons.lang.LocaleUtilsTest)
[expected:<4> but was:<5>]
junit.framework.AssertionFailedError: expected:<4> but was:<5>    at junit.framework.Assert.fail(Assert.java:57)
    at junit.framework.Assert.failNotEquals(Assert.java:329)
    at junit.framework.Assert.assertEquals(Assert.java:78)
    at junit.framework.Assert.assertEquals(Assert.java:234)
    at junit.framework.Assert.assertEquals(Assert.java:241)
    at junit.framework.TestCase.assertEquals(TestCase.java:409)

18:25:46.572 [pool-7-thread-1] DEBUG tests.output - Failing tests with false: 
[testCountriesByLanguage(org.apache.commons.lang.LocaleUtilsTest): null]
18:25:46.572 [pool-7-thread-1] DEBUG tests.output - Failing tests with true: 
[testCountriesByLanguage(org.apache.commons.lang.LocaleUtilsTest): expected:<4> but was:<5>]
18:25:46.572 [pool-7-thread-1] INFO  f.i.l.r.n.synth.SMTNopolSynthesizer - Not enough specifications: 0. A trivial patch is "true" or "false", please write new tests specifying SourceLocation org.apache.commons.lang.LocaleUtils:283.
18:25:46.573 [pool-2-thread-1] DEBUG fr.inria.lille.repair.nopol.NoPol - statement #4
18:25:46.573 [pool-2-thread-1] DEBUG fr.inria.lille.repair.nopol.NoPol - Analysing SourceLocation org.apache.commons.lang.LocaleUtils:282 which is executed by 1 tests
-723213736
18:25:46.699 [pool-2-thread-1] DEBUG fr.inria.lille.repair.nopol.NoPol - statement #5
18:25:46.699 [pool-2-thread-1] DEBUG fr.inria.lille.repair.nopol.NoPol - Analysing SourceLocation org.apache.commons.lang.LocaleUtils:281 which is executed by 1 tests
-723213736
18:25:46.822 [pool-2-thread-1] DEBUG fr.inria.lille.repair.nopol.NoPol - looking with class fr.inria.lille.repair.nopol.spoon.smt.ConditionalAdder
junit.framework.AssertionFailedError: expected:<4> but was:<5>
    at junit.framework.Assert.fail(Assert.java:57)
    at junit.framework.Assert.failNotEquals(Assert.java:329)
    at junit.framework.Assert.assertEquals(Assert.java:78)
    at junit.framework.Assert.assertEquals(Assert.java:234)
    at junit.framework.Assert.assertEquals(Assert.java:241)
    at junit.framework.TestCase.assertEquals(TestCase.java:409)
18:25:46.835 [pool-12-thread-1] INFO  xxl.java.junit.TestCasesListener - Tests run finished (8 ms)
<> Total tests run: 11
<> Ignored tests: 0
<> Failed tests: 1
~ testCountriesByLanguage(org.apache.commons.lang.LocaleUtilsTest)
[expected:<4> but was:<5>]
junit.framework.AssertionFailedError: expected:<4> but was:<5>    at junit.framework.Assert.fail(Assert.java:57)
    at junit.framework.Assert.failNotEquals(Assert.java:329)
    at junit.framework.Assert.assertEquals(Assert.java:78)
    at junit.framework.Assert.assertEquals(Assert.java:234)
    at junit.framework.Assert.assertEquals(Assert.java:241)
    at junit.framework.TestCase.assertEquals(TestCase.java:409)

junit.framework.AssertionFailedError: expected:<4> but was:<5>
    at junit.framework.Assert.fail(Assert.java:57)
    at junit.framework.Assert.failNotEquals(Assert.java:329)
    at junit.framework.Assert.assertEquals(Assert.java:78)
    at junit.framework.Assert.assertEquals(Assert.java:234)
    at junit.framework.Assert.assertEquals(Assert.java:241)
    at junit.framework.TestCase.assertEquals(TestCase.java:409)
18:25:47.097 [pool-13-thread-1] INFO  f.i.l.c.t.SpecificationTestCasesListener - Tests run finished (3 ms)
<> Total tests run: 1
<> Ignored tests: 0
<> Failed tests: 1
~ testCountriesByLanguage(org.apache.commons.lang.LocaleUtilsTest)
[expected:<4> but was:<5>]
junit.framework.AssertionFailedError: expected:<4> but was:<5>    at junit.framework.Assert.fail(Assert.java:57)
    at junit.framework.Assert.failNotEquals(Assert.java:329)
    at junit.framework.Assert.assertEquals(Assert.java:78)
    at junit.framework.Assert.assertEquals(Assert.java:234)
    at junit.framework.Assert.assertEquals(Assert.java:241)
    at junit.framework.TestCase.assertEquals(TestCase.java:409)

junit.framework.AssertionFailedError: expected:<4> but was:<5>
    at junit.framework.Assert.fail(Assert.java:57)
    at junit.framework.Assert.failNotEquals(Assert.java:329)
    at junit.framework.Assert.assertEquals(Assert.java:78)
    at junit.framework.Assert.assertEquals(Assert.java:234)
    at junit.framework.Assert.assertEquals(Assert.java:241)
    at junit.framework.TestCase.assertEquals(TestCase.java:409)
18:25:47.100 [pool-14-thread-1] INFO  f.i.l.c.t.SpecificationTestCasesListener - Tests run finished (1 ms)
<> Total tests run: 1
<> Ignored tests: 0
<> Failed tests: 1
~ testCountriesByLanguage(org.apache.commons.lang.LocaleUtilsTest)
[expected:<4> but was:<5>]
junit.framework.AssertionFailedError: expected:<4> but was:<5>    at junit.framework.Assert.fail(Assert.java:57)
    at junit.framework.Assert.failNotEquals(Assert.java:329)
    at junit.framework.Assert.assertEquals(Assert.java:78)
    at junit.framework.Assert.assertEquals(Assert.java:234)
    at junit.framework.Assert.assertEquals(Assert.java:241)
    at junit.framework.TestCase.assertEquals(TestCase.java:409)

18:25:47.101 [pool-11-thread-1] DEBUG tests.output - Failing tests with false: 
[testCountriesByLanguage(org.apache.commons.lang.LocaleUtilsTest): expected:<4> but was:<5>]
18:25:47.101 [pool-11-thread-1] DEBUG tests.output - Failing tests with true: 
[testCountriesByLanguage(org.apache.commons.lang.LocaleUtilsTest): expected:<4> but was:<5>]
18:25:47.101 [pool-11-thread-1] INFO  f.i.l.r.n.synth.SMTNopolSynthesizer - Not enough specifications: 0. A trivial patch is "true" or "false", please write new tests specifying SourceLocation org.apache.commons.lang.LocaleUtils:281.
18:25:47.101 [pool-2-thread-1] DEBUG fr.inria.lille.repair.nopol.NoPol - statement #6
18:25:47.102 [pool-2-thread-1] DEBUG fr.inria.lille.repair.nopol.NoPol - Analysing SourceLocation org.apache.commons.lang.LocaleUtils:278 which is executed by 1 tests
-723213736
18:25:47.229 [pool-2-thread-1] DEBUG fr.inria.lille.repair.nopol.NoPol - looking with class fr.inria.lille.repair.nopol.spoon.smt.ConditionalAdder
junit.framework.AssertionFailedError: expected:<4> but was:<5>
    at junit.framework.Assert.fail(Assert.java:57)
    at junit.framework.Assert.failNotEquals(Assert.java:329)
    at junit.framework.Assert.assertEquals(Assert.java:78)
    at junit.framework.Assert.assertEquals(Assert.java:234)
    at junit.framework.Assert.assertEquals(Assert.java:241)
    at junit.framework.TestCase.assertEquals(TestCase.java:409)
18:25:47.241 [pool-16-thread-1] INFO  xxl.java.junit.TestCasesListener - Tests run finished (7 ms)
<> Total tests run: 11
<> Ignored tests: 0
<> Failed tests: 1
~ testCountriesByLanguage(org.apache.commons.lang.LocaleUtilsTest)
[expected:<4> but was:<5>]
junit.framework.AssertionFailedError: expected:<4> but was:<5>    at junit.framework.Assert.fail(Assert.java:57)
    at junit.framework.Assert.failNotEquals(Assert.java:329)
    at junit.framework.Assert.assertEquals(Assert.java:78)
    at junit.framework.Assert.assertEquals(Assert.java:234)
    at junit.framework.Assert.assertEquals(Assert.java:241)
    at junit.framework.TestCase.assertEquals(TestCase.java:409)

junit.framework.AssertionFailedError: expected:<4> but was:<0>
    at junit.framework.Assert.fail(Assert.java:57)
    at junit.framework.Assert.failNotEquals(Assert.java:329)
    at junit.framework.Assert.assertEquals(Assert.java:78)
    at junit.framework.Assert.assertEquals(Assert.java:234)
    at junit.framework.Assert.assertEquals(Assert.java:241)
    at junit.framework.TestCase.assertEquals(TestCase.java:409)
18:25:47.559 [pool-17-thread-1] INFO  f.i.l.c.t.SpecificationTestCasesListener - Tests run finished (2 ms)
<> Total tests run: 1
<> Ignored tests: 0
<> Failed tests: 1
~ testCountriesByLanguage(org.apache.commons.lang.LocaleUtilsTest)
[expected:<4> but was:<0>]
junit.framework.AssertionFailedError: expected:<4> but was:<0>    at junit.framework.Assert.fail(Assert.java:57)
    at junit.framework.Assert.failNotEquals(Assert.java:329)
    at junit.framework.Assert.assertEquals(Assert.java:78)
    at junit.framework.Assert.assertEquals(Assert.java:234)
    at junit.framework.Assert.assertEquals(Assert.java:241)
    at junit.framework.TestCase.assertEquals(TestCase.java:409)

junit.framework.AssertionFailedError: expected:<4> but was:<0>
    at junit.framework.Assert.fail(Assert.java:57)
    at junit.framework.Assert.failNotEquals(Assert.java:329)
    at junit.framework.Assert.assertEquals(Assert.java:78)
    at junit.framework.Assert.assertEquals(Assert.java:234)
    at junit.framework.Assert.assertEquals(Assert.java:241)
    at junit.framework.TestCase.assertEquals(TestCase.java:409)
18:25:47.562 [pool-18-thread-1] INFO  f.i.l.c.t.SpecificationTestCasesListener - Tests run finished (1 ms)
<> Total tests run: 1
<> Ignored tests: 0
<> Failed tests: 1
~ testCountriesByLanguage(org.apache.commons.lang.LocaleUtilsTest)
[expected:<4> but was:<0>]
junit.framework.AssertionFailedError: expected:<4> but was:<0>    at junit.framework.Assert.fail(Assert.java:57)
    at junit.framework.Assert.failNotEquals(Assert.java:329)
    at junit.framework.Assert.assertEquals(Assert.java:78)
    at junit.framework.Assert.assertEquals(Assert.java:234)
    at junit.framework.Assert.assertEquals(Assert.java:241)
    at junit.framework.TestCase.assertEquals(TestCase.java:409)

18:25:47.562 [pool-15-thread-1] DEBUG tests.output - Failing tests with false: 
[testCountriesByLanguage(org.apache.commons.lang.LocaleUtilsTest): expected:<4> but was:<0>]
18:25:47.563 [pool-15-thread-1] DEBUG tests.output - Failing tests with true: 
[testCountriesByLanguage(org.apache.commons.lang.LocaleUtilsTest): expected:<4> but was:<0>]
18:25:47.563 [pool-15-thread-1] INFO  f.i.l.r.n.synth.SMTNopolSynthesizer - Not enough specifications: 0. A trivial patch is "true" or "false", please write new tests specifying SourceLocation org.apache.commons.lang.LocaleUtils:278.
18:25:47.563 [pool-2-thread-1] DEBUG fr.inria.lille.repair.nopol.NoPol - statement #7
18:25:47.563 [pool-2-thread-1] DEBUG fr.inria.lille.repair.nopol.NoPol - Analysing SourceLocation org.apache.commons.lang.LocaleUtils:275 which is executed by 1 tests
-723213736
18:25:47.684 [pool-2-thread-1] DEBUG fr.inria.lille.repair.nopol.NoPol - looking with class fr.inria.lille.repair.nopol.spoon.smt.ConditionalAdder
junit.framework.AssertionFailedError: expected:<4> but was:<5>
    at junit.framework.Assert.fail(Assert.java:57)
    at junit.framework.Assert.failNotEquals(Assert.java:329)
    at junit.framework.Assert.assertEquals(Assert.java:78)
    at junit.framework.Assert.assertEquals(Assert.java:234)
    at junit.framework.Assert.assertEquals(Assert.java:241)
    at junit.framework.TestCase.assertEquals(TestCase.java:409)
18:25:47.695 [pool-20-thread-1] INFO  xxl.java.junit.TestCasesListener - Tests run finished (7 ms)
<> Total tests run: 11
<> Ignored tests: 0
<> Failed tests: 1
~ testCountriesByLanguage(org.apache.commons.lang.LocaleUtilsTest)
[expected:<4> but was:<5>]
junit.framework.AssertionFailedError: expected:<4> but was:<5>    at junit.framework.Assert.fail(Assert.java:57)
    at junit.framework.Assert.failNotEquals(Assert.java:329)
    at junit.framework.Assert.assertEquals(Assert.java:78)
    at junit.framework.Assert.assertEquals(Assert.java:234)
    at junit.framework.Assert.assertEquals(Assert.java:241)
    at junit.framework.TestCase.assertEquals(TestCase.java:409)

junit.framework.AssertionFailedError: expected:<4> but was:<0>
    at junit.framework.Assert.fail(Assert.java:57)
    at junit.framework.Assert.failNotEquals(Assert.java:329)
    at junit.framework.Assert.assertEquals(Assert.java:78)
    at junit.framework.Assert.assertEquals(Assert.java:234)
    at junit.framework.Assert.assertEquals(Assert.java:241)
    at junit.framework.TestCase.assertEquals(TestCase.java:409)
18:25:47.955 [pool-21-thread-1] INFO  f.i.l.c.t.SpecificationTestCasesListener - Tests run finished (17 ms)
<> Total tests run: 1
<> Ignored tests: 0
<> Failed tests: 1
~ testCountriesByLanguage(org.apache.commons.lang.LocaleUtilsTest)
[expected:<4> but was:<0>]
junit.framework.AssertionFailedError: expected:<4> but was:<0>    at junit.framework.Assert.fail(Assert.java:57)
    at junit.framework.Assert.failNotEquals(Assert.java:329)
    at junit.framework.Assert.assertEquals(Assert.java:78)
    at junit.framework.Assert.assertEquals(Assert.java:234)
    at junit.framework.Assert.assertEquals(Assert.java:241)
    at junit.framework.TestCase.assertEquals(TestCase.java:409)

junit.framework.AssertionFailedError: expected:<4> but was:<0>
    at junit.framework.Assert.fail(Assert.java:57)
    at junit.framework.Assert.failNotEquals(Assert.java:329)
    at junit.framework.Assert.assertEquals(Assert.java:78)
    at junit.framework.Assert.assertEquals(Assert.java:234)
    at junit.framework.Assert.assertEquals(Assert.java:241)
    at junit.framework.TestCase.assertEquals(TestCase.java:409)
18:25:47.958 [pool-22-thread-1] INFO  f.i.l.c.t.SpecificationTestCasesListener - Tests run finished (0 ms)
<> Total tests run: 1
<> Ignored tests: 0
<> Failed tests: 1
~ testCountriesByLanguage(org.apache.commons.lang.LocaleUtilsTest)
[expected:<4> but was:<0>]
junit.framework.AssertionFailedError: expected:<4> but was:<0>    at junit.framework.Assert.fail(Assert.java:57)
    at junit.framework.Assert.failNotEquals(Assert.java:329)
    at junit.framework.Assert.assertEquals(Assert.java:78)
    at junit.framework.Assert.assertEquals(Assert.java:234)
    at junit.framework.Assert.assertEquals(Assert.java:241)
    at junit.framework.TestCase.assertEquals(TestCase.java:409)

18:25:47.959 [pool-19-thread-1] DEBUG tests.output - Failing tests with false: 
[testCountriesByLanguage(org.apache.commons.lang.LocaleUtilsTest): expected:<4> but was:<0>]
18:25:47.960 [pool-19-thread-1] DEBUG tests.output - Failing tests with true: 
[testCountriesByLanguage(org.apache.commons.lang.LocaleUtilsTest): expected:<4> but was:<0>]
18:25:47.960 [pool-19-thread-1] INFO  f.i.l.r.n.synth.SMTNopolSynthesizer - Not enough specifications: 0. A trivial patch is "true" or "false", please write new tests specifying SourceLocation org.apache.commons.lang.LocaleUtils:275.
18:25:47.960 [pool-2-thread-1] DEBUG fr.inria.lille.repair.nopol.NoPol - looking with class fr.inria.lille.repair.nopol.spoon.smt.ConditionalReplacer
junit.framework.AssertionFailedError: expected:<4> but was:<5>
    at junit.framework.Assert.fail(Assert.java:57)
    at junit.framework.Assert.failNotEquals(Assert.java:329)
    at junit.framework.Assert.assertEquals(Assert.java:78)
    at junit.framework.Assert.assertEquals(Assert.java:234)
    at junit.framework.Assert.assertEquals(Assert.java:241)
    at junit.framework.TestCase.assertEquals(TestCase.java:409)
18:25:47.972 [pool-24-thread-1] INFO  xxl.java.junit.TestCasesListener - Tests run finished (7 ms)
<> Total tests run: 11
<> Ignored tests: 0
<> Failed tests: 1
~ testCountriesByLanguage(org.apache.commons.lang.LocaleUtilsTest)
[expected:<4> but was:<5>]
junit.framework.AssertionFailedError: expected:<4> but was:<5>    at junit.framework.Assert.fail(Assert.java:57)
    at junit.framework.Assert.failNotEquals(Assert.java:329)
    at junit.framework.Assert.assertEquals(Assert.java:78)
    at junit.framework.Assert.assertEquals(Assert.java:234)
    at junit.framework.Assert.assertEquals(Assert.java:241)
    at junit.framework.TestCase.assertEquals(TestCase.java:409)

junit.framework.AssertionFailedError: expected:<4> but was:<0>
    at junit.framework.Assert.fail(Assert.java:57)
    at junit.framework.Assert.failNotEquals(Assert.java:329)
    at junit.framework.Assert.assertEquals(Assert.java:78)
    at junit.framework.Assert.assertEquals(Assert.java:234)
    at junit.framework.Assert.assertEquals(Assert.java:241)
    at junit.framework.TestCase.assertEquals(TestCase.java:409)
18:25:48.214 [pool-25-thread-1] INFO  f.i.l.c.t.SpecificationTestCasesListener - Tests run finished (11 ms)
<> Total tests run: 1
<> Ignored tests: 0
<> Failed tests: 1
~ testCountriesByLanguage(org.apache.commons.lang.LocaleUtilsTest)
[expected:<4> but was:<0>]
junit.framework.AssertionFailedError: expected:<4> but was:<0>    at junit.framework.Assert.fail(Assert.java:57)
    at junit.framework.Assert.failNotEquals(Assert.java:329)
    at junit.framework.Assert.assertEquals(Assert.java:78)
    at junit.framework.Assert.assertEquals(Assert.java:234)
    at junit.framework.Assert.assertEquals(Assert.java:241)
    at junit.framework.TestCase.assertEquals(TestCase.java:409)

junit.framework.AssertionFailedError: expected:<4> but was:<0>
    at junit.framework.Assert.fail(Assert.java:57)
    at junit.framework.Assert.failNotEquals(Assert.java:329)
    at junit.framework.Assert.assertEquals(Assert.java:78)
    at junit.framework.Assert.assertEquals(Assert.java:234)
    at junit.framework.Assert.assertEquals(Assert.java:241)
    at junit.framework.TestCase.assertEquals(TestCase.java:409)
18:25:48.218 [pool-26-thread-1] INFO  f.i.l.c.t.SpecificationTestCasesListener - Tests run finished (1 ms)
<> Total tests run: 1
<> Ignored tests: 0
<> Failed tests: 1
~ testCountriesByLanguage(org.apache.commons.lang.LocaleUtilsTest)
[expected:<4> but was:<0>]
junit.framework.AssertionFailedError: expected:<4> but was:<0>    at junit.framework.Assert.fail(Assert.java:57)
    at junit.framework.Assert.failNotEquals(Assert.java:329)
    at junit.framework.Assert.assertEquals(Assert.java:78)
    at junit.framework.Assert.assertEquals(Assert.java:234)
    at junit.framework.Assert.assertEquals(Assert.java:241)
    at junit.framework.TestCase.assertEquals(TestCase.java:409)

18:25:48.218 [pool-23-thread-1] DEBUG tests.output - Failing tests with false: 
[testCountriesByLanguage(org.apache.commons.lang.LocaleUtilsTest): expected:<4> but was:<0>]
18:25:48.219 [pool-23-thread-1] DEBUG tests.output - Failing tests with true: 
[testCountriesByLanguage(org.apache.commons.lang.LocaleUtilsTest): expected:<4> but was:<0>]
18:25:48.219 [pool-23-thread-1] INFO  f.i.l.r.n.synth.SMTNopolSynthesizer - Not enough specifications: 0. A trivial patch is "true" or "false", please write new tests specifying SourceLocation org.apache.commons.lang.LocaleUtils:275.
18:25:48.219 [pool-2-thread-1] DEBUG fr.inria.lille.repair.nopol.NoPol - statement #8
18:25:48.219 [pool-2-thread-1] DEBUG fr.inria.lille.repair.nopol.NoPol - Analysing SourceLocation org.apache.commons.lang.LocaleUtils:274 which is executed by 1 tests
-723213736
18:25:48.339 [pool-2-thread-1] DEBUG fr.inria.lille.repair.nopol.NoPol - statement #9
18:25:48.339 [pool-2-thread-1] DEBUG fr.inria.lille.repair.nopol.NoPol - Analysing SourceLocation org.apache.commons.lang.LocaleUtils:273 which is executed by 1 tests
-723213736
18:25:48.467 [pool-2-thread-1] DEBUG fr.inria.lille.repair.nopol.NoPol - looking with class fr.inria.lille.repair.nopol.spoon.smt.ConditionalAdder
junit.framework.AssertionFailedError: expected:<4> but was:<5>
    at junit.framework.Assert.fail(Assert.java:57)
    at junit.framework.Assert.failNotEquals(Assert.java:329)
    at junit.framework.Assert.assertEquals(Assert.java:78)
    at junit.framework.Assert.assertEquals(Assert.java:234)
    at junit.framework.Assert.assertEquals(Assert.java:241)
    at junit.framework.TestCase.assertEquals(TestCase.java:409)
18:25:48.478 [pool-28-thread-1] INFO  xxl.java.junit.TestCasesListener - Tests run finished (6 ms)
<> Total tests run: 11
<> Ignored tests: 0
<> Failed tests: 1
~ testCountriesByLanguage(org.apache.commons.lang.LocaleUtilsTest)
[expected:<4> but was:<5>]
junit.framework.AssertionFailedError: expected:<4> but was:<5>    at junit.framework.Assert.fail(Assert.java:57)
    at junit.framework.Assert.failNotEquals(Assert.java:329)
    at junit.framework.Assert.assertEquals(Assert.java:78)
    at junit.framework.Assert.assertEquals(Assert.java:234)
    at junit.framework.Assert.assertEquals(Assert.java:241)
    at junit.framework.TestCase.assertEquals(TestCase.java:409)

junit.framework.AssertionFailedError: expected:<4> but was:<0>
    at junit.framework.Assert.fail(Assert.java:57)
    at junit.framework.Assert.failNotEquals(Assert.java:329)
    at junit.framework.Assert.assertEquals(Assert.java:78)
    at junit.framework.Assert.assertEquals(Assert.java:234)
    at junit.framework.Assert.assertEquals(Assert.java:241)
    at junit.framework.TestCase.assertEquals(TestCase.java:409)
18:25:48.749 [pool-29-thread-1] INFO  f.i.l.c.t.SpecificationTestCasesListener - Tests run finished (2 ms)
<> Total tests run: 1
<> Ignored tests: 0
<> Failed tests: 1
~ testCountriesByLanguage(org.apache.commons.lang.LocaleUtilsTest)
[expected:<4> but was:<0>]
junit.framework.AssertionFailedError: expected:<4> but was:<0>    at junit.framework.Assert.fail(Assert.java:57)
    at junit.framework.Assert.failNotEquals(Assert.java:329)
    at junit.framework.Assert.assertEquals(Assert.java:78)
    at junit.framework.Assert.assertEquals(Assert.java:234)
    at junit.framework.Assert.assertEquals(Assert.java:241)
    at junit.framework.TestCase.assertEquals(TestCase.java:409)

junit.framework.AssertionFailedError: expected:<4> but was:<0>
    at junit.framework.Assert.fail(Assert.java:57)
    at junit.framework.Assert.failNotEquals(Assert.java:329)
    at junit.framework.Assert.assertEquals(Assert.java:78)
    at junit.framework.Assert.assertEquals(Assert.java:234)
    at junit.framework.Assert.assertEquals(Assert.java:241)
    at junit.framework.TestCase.assertEquals(TestCase.java:409)
18:25:48.753 [pool-30-thread-1] INFO  f.i.l.c.t.SpecificationTestCasesListener - Tests run finished (0 ms)
<> Total tests run: 1
<> Ignored tests: 0
<> Failed tests: 1
~ testCountriesByLanguage(org.apache.commons.lang.LocaleUtilsTest)
[expected:<4> but was:<0>]
junit.framework.AssertionFailedError: expected:<4> but was:<0>    at junit.framework.Assert.fail(Assert.java:57)
    at junit.framework.Assert.failNotEquals(Assert.java:329)
    at junit.framework.Assert.assertEquals(Assert.java:78)
    at junit.framework.Assert.assertEquals(Assert.java:234)
    at junit.framework.Assert.assertEquals(Assert.java:241)
    at junit.framework.TestCase.assertEquals(TestCase.java:409)

18:25:48.754 [pool-27-thread-1] DEBUG tests.output - Failing tests with false: 
[testCountriesByLanguage(org.apache.commons.lang.LocaleUtilsTest): expected:<4> but was:<0>]
18:25:48.754 [pool-27-thread-1] DEBUG tests.output - Failing tests with true: 
[testCountriesByLanguage(org.apache.commons.lang.LocaleUtilsTest): expected:<4> but was:<0>]
18:25:48.754 [pool-27-thread-1] INFO  f.i.l.r.n.synth.SMTNopolSynthesizer - Not enough specifications: 0. A trivial patch is "true" or "false", please write new tests specifying SourceLocation org.apache.commons.lang.LocaleUtils:273.
18:25:48.754 [pool-2-thread-1] DEBUG fr.inria.lille.repair.nopol.NoPol - statement #10
18:25:48.755 [pool-2-thread-1] DEBUG fr.inria.lille.repair.nopol.NoPol - Analysing SourceLocation org.apache.commons.lang.LocaleUtils:272 which is executed by 1 tests
-723213736
18:25:48.871 [pool-2-thread-1] DEBUG fr.inria.lille.repair.nopol.NoPol - statement #11
18:25:48.871 [pool-2-thread-1] DEBUG fr.inria.lille.repair.nopol.NoPol - Analysing SourceLocation org.apache.commons.lang.LocaleUtils:271 which is executed by 1 tests
-723213736
18:25:48.988 [pool-2-thread-1] DEBUG fr.inria.lille.repair.nopol.NoPol - looking with class fr.inria.lille.repair.nopol.spoon.smt.ConditionalAdder
junit.framework.AssertionFailedError: expected:<4> but was:<5>
    at junit.framework.Assert.fail(Assert.java:57)
    at junit.framework.Assert.failNotEquals(Assert.java:329)
    at junit.framework.Assert.assertEquals(Assert.java:78)
    at junit.framework.Assert.assertEquals(Assert.java:234)
    at junit.framework.Assert.assertEquals(Assert.java:241)
    at junit.framework.TestCase.assertEquals(TestCase.java:409)
18:25:49.012 [pool-32-thread-1] INFO  xxl.java.junit.TestCasesListener - Tests run finished (17 ms)
<> Total tests run: 11
<> Ignored tests: 0
<> Failed tests: 1
~ testCountriesByLanguage(org.apache.commons.lang.LocaleUtilsTest)
[expected:<4> but was:<5>]
junit.framework.AssertionFailedError: expected:<4> but was:<5>    at junit.framework.Assert.fail(Assert.java:57)
    at junit.framework.Assert.failNotEquals(Assert.java:329)
    at junit.framework.Assert.assertEquals(Assert.java:78)
    at junit.framework.Assert.assertEquals(Assert.java:234)
    at junit.framework.Assert.assertEquals(Assert.java:241)
    at junit.framework.TestCase.assertEquals(TestCase.java:409)

java.lang.NullPointerException
    at org.apache.commons.lang.LocaleUtils.countriesByLanguage(LocaleUtils.java:143)
    at org.apache.commons.lang.LocaleUtilsTest.assertCountriesByLanguage(LocaleUtilsTest.java:441)
    at org.apache.commons.lang.LocaleUtilsTest.testCountriesByLanguage(LocaleUtilsTest.java:475)
    at sun.reflect.NativeMethodAccessorImpl.invoke0(Native Method)
    at sun.reflect.NativeMethodAccessorImpl.invoke(NativeMethodAccessorImpl.java:62)
    at sun.reflect.DelegatingMethodAccessorImpl.invoke(DelegatingMethodAccessorImpl.java:43)
18:25:49.226 [pool-33-thread-1] INFO  f.i.l.c.t.SpecificationTestCasesListener - Tests run finished (2 ms)
<> Total tests run: 1
<> Ignored tests: 0
<> Failed tests: 1
~ testCountriesByLanguage(org.apache.commons.lang.LocaleUtilsTest)
[null]
java.lang.NullPointerException    at org.apache.commons.lang.LocaleUtils.countriesByLanguage(LocaleUtils.java:143)
    at org.apache.commons.lang.LocaleUtilsTest.assertCountriesByLanguage(LocaleUtilsTest.java:441)
    at org.apache.commons.lang.LocaleUtilsTest.testCountriesByLanguage(LocaleUtilsTest.java:475)
    at sun.reflect.NativeMethodAccessorImpl.invoke0(Native Method)
    at sun.reflect.NativeMethodAccessorImpl.invoke(NativeMethodAccessorImpl.java:62)
    at sun.reflect.DelegatingMethodAccessorImpl.invoke(DelegatingMethodAccessorImpl.java:43)

junit.framework.AssertionFailedError: expected:<4> but was:<5>
    at junit.framework.Assert.fail(Assert.java:57)
    at junit.framework.Assert.failNotEquals(Assert.java:329)
    at junit.framework.Assert.assertEquals(Assert.java:78)
    at junit.framework.Assert.assertEquals(Assert.java:234)
    at junit.framework.Assert.assertEquals(Assert.java:241)
    at junit.framework.TestCase.assertEquals(TestCase.java:409)
18:25:49.230 [pool-34-thread-1] INFO  f.i.l.c.t.SpecificationTestCasesListener - Tests run finished (1 ms)
<> Total tests run: 1
<> Ignored tests: 0
<> Failed tests: 1
~ testCountriesByLanguage(org.apache.commons.lang.LocaleUtilsTest)
[expected:<4> but was:<5>]
junit.framework.AssertionFailedError: expected:<4> but was:<5>    at junit.framework.Assert.fail(Assert.java:57)
    at junit.framework.Assert.failNotEquals(Assert.java:329)
    at junit.framework.Assert.assertEquals(Assert.java:78)
    at junit.framework.Assert.assertEquals(Assert.java:234)
    at junit.framework.Assert.assertEquals(Assert.java:241)
    at junit.framework.TestCase.assertEquals(TestCase.java:409)

18:25:49.231 [pool-31-thread-1] DEBUG tests.output - Failing tests with false: 
[testCountriesByLanguage(org.apache.commons.lang.LocaleUtilsTest): null]
18:25:49.231 [pool-31-thread-1] DEBUG tests.output - Failing tests with true: 
[testCountriesByLanguage(org.apache.commons.lang.LocaleUtilsTest): expected:<4> but was:<5>]
18:25:49.231 [pool-31-thread-1] INFO  f.i.l.r.n.synth.SMTNopolSynthesizer - Not enough specifications: 0. A trivial patch is "true" or "false", please write new tests specifying SourceLocation org.apache.commons.lang.LocaleUtils:271.
18:25:49.231 [pool-2-thread-1] DEBUG fr.inria.lille.repair.nopol.NoPol - statement #12
18:25:49.231 [pool-2-thread-1] DEBUG fr.inria.lille.repair.nopol.NoPol - Analysing SourceLocation org.apache.commons.lang.LocaleUtils:270 which is executed by 1 tests
-723213736
18:25:49.347 [pool-2-thread-1] DEBUG fr.inria.lille.repair.nopol.NoPol - looking with class fr.inria.lille.repair.nopol.spoon.smt.ConditionalAdder
junit.framework.AssertionFailedError: expected:<4> but was:<5>
    at junit.framework.Assert.fail(Assert.java:57)
    at junit.framework.Assert.failNotEquals(Assert.java:329)
    at junit.framework.Assert.assertEquals(Assert.java:78)
    at junit.framework.Assert.assertEquals(Assert.java:234)
    at junit.framework.Assert.assertEquals(Assert.java:241)
    at junit.framework.TestCase.assertEquals(TestCase.java:409)
18:25:49.359 [pool-36-thread-1] INFO  xxl.java.junit.TestCasesListener - Tests run finished (6 ms)
<> Total tests run: 11
<> Ignored tests: 0
<> Failed tests: 1
~ testCountriesByLanguage(org.apache.commons.lang.LocaleUtilsTest)
[expected:<4> but was:<5>]
junit.framework.AssertionFailedError: expected:<4> but was:<5>    at junit.framework.Assert.fail(Assert.java:57)
    at junit.framework.Assert.failNotEquals(Assert.java:329)
    at junit.framework.Assert.assertEquals(Assert.java:78)
    at junit.framework.Assert.assertEquals(Assert.java:234)
    at junit.framework.Assert.assertEquals(Assert.java:241)
    at junit.framework.TestCase.assertEquals(TestCase.java:409)

junit.framework.AssertionFailedError
    at junit.framework.Assert.fail(Assert.java:55)
    at junit.framework.Assert.assertTrue(Assert.java:22)
    at junit.framework.Assert.assertNotNull(Assert.java:256)
    at junit.framework.Assert.assertNotNull(Assert.java:248)
    at junit.framework.TestCase.assertNotNull(TestCase.java:417)
    at org.apache.commons.lang.LocaleUtilsTest.assertCountriesByLanguage(LocaleUtilsTest.java:443)
18:25:49.564 [pool-37-thread-1] INFO  f.i.l.c.t.SpecificationTestCasesListener - Tests run finished (2 ms)
<> Total tests run: 1
<> Ignored tests: 0
<> Failed tests: 1
~ testCountriesByLanguage(org.apache.commons.lang.LocaleUtilsTest)
[null]
junit.framework.AssertionFailedError    at junit.framework.Assert.fail(Assert.java:55)
    at junit.framework.Assert.assertTrue(Assert.java:22)
    at junit.framework.Assert.assertNotNull(Assert.java:256)
    at junit.framework.Assert.assertNotNull(Assert.java:248)
    at junit.framework.TestCase.assertNotNull(TestCase.java:417)
    at org.apache.commons.lang.LocaleUtilsTest.assertCountriesByLanguage(LocaleUtilsTest.java:443)

junit.framework.AssertionFailedError: expected:<4> but was:<5>
    at junit.framework.Assert.fail(Assert.java:57)
    at junit.framework.Assert.failNotEquals(Assert.java:329)
    at junit.framework.Assert.assertEquals(Assert.java:78)
    at junit.framework.Assert.assertEquals(Assert.java:234)
    at junit.framework.Assert.assertEquals(Assert.java:241)
    at junit.framework.TestCase.assertEquals(TestCase.java:409)
18:25:49.568 [pool-38-thread-1] INFO  f.i.l.c.t.SpecificationTestCasesListener - Tests run finished (1 ms)
<> Total tests run: 1
<> Ignored tests: 0
<> Failed tests: 1
~ testCountriesByLanguage(org.apache.commons.lang.LocaleUtilsTest)
[expected:<4> but was:<5>]
junit.framework.AssertionFailedError: expected:<4> but was:<5>    at junit.framework.Assert.fail(Assert.java:57)
    at junit.framework.Assert.failNotEquals(Assert.java:329)
    at junit.framework.Assert.assertEquals(Assert.java:78)
    at junit.framework.Assert.assertEquals(Assert.java:234)
    at junit.framework.Assert.assertEquals(Assert.java:241)
    at junit.framework.TestCase.assertEquals(TestCase.java:409)

18:25:49.570 [pool-35-thread-1] DEBUG tests.output - Failing tests with false: 
[testCountriesByLanguage(org.apache.commons.lang.LocaleUtilsTest): null]
18:25:49.570 [pool-35-thread-1] DEBUG tests.output - Failing tests with true: 
[testCountriesByLanguage(org.apache.commons.lang.LocaleUtilsTest): expected:<4> but was:<5>]
18:25:49.570 [pool-35-thread-1] INFO  f.i.l.r.n.synth.SMTNopolSynthesizer - Not enough specifications: 0. A trivial patch is "true" or "false", please write new tests specifying SourceLocation org.apache.commons.lang.LocaleUtils:270.
18:25:49.571 [pool-2-thread-1] DEBUG fr.inria.lille.repair.nopol.NoPol - looking with class fr.inria.lille.repair.nopol.spoon.smt.ConditionalReplacer
junit.framework.AssertionFailedError: expected:<4> but was:<5>
    at junit.framework.Assert.fail(Assert.java:57)
    at junit.framework.Assert.failNotEquals(Assert.java:329)
    at junit.framework.Assert.assertEquals(Assert.java:78)
    at junit.framework.Assert.assertEquals(Assert.java:234)
    at junit.framework.Assert.assertEquals(Assert.java:241)
    at junit.framework.TestCase.assertEquals(TestCase.java:409)
18:25:49.581 [pool-40-thread-1] INFO  xxl.java.junit.TestCasesListener - Tests run finished (6 ms)
<> Total tests run: 11
<> Ignored tests: 0
<> Failed tests: 1
~ testCountriesByLanguage(org.apache.commons.lang.LocaleUtilsTest)
[expected:<4> but was:<5>]
junit.framework.AssertionFailedError: expected:<4> but was:<5>    at junit.framework.Assert.fail(Assert.java:57)
    at junit.framework.Assert.failNotEquals(Assert.java:329)
    at junit.framework.Assert.assertEquals(Assert.java:78)
    at junit.framework.Assert.assertEquals(Assert.java:234)
    at junit.framework.Assert.assertEquals(Assert.java:241)
    at junit.framework.TestCase.assertEquals(TestCase.java:409)

junit.framework.AssertionFailedError: expected:<4> but was:<0>
    at junit.framework.Assert.fail(Assert.java:57)
    at junit.framework.Assert.failNotEquals(Assert.java:329)
    at junit.framework.Assert.assertEquals(Assert.java:78)
    at junit.framework.Assert.assertEquals(Assert.java:234)
    at junit.framework.Assert.assertEquals(Assert.java:241)
    at junit.framework.TestCase.assertEquals(TestCase.java:409)
18:25:49.804 [pool-41-thread-1] INFO  f.i.l.c.t.SpecificationTestCasesListener - Tests run finished (2 ms)
<> Total tests run: 1
<> Ignored tests: 0
<> Failed tests: 1
~ testCountriesByLanguage(org.apache.commons.lang.LocaleUtilsTest)
[expected:<4> but was:<0>]
junit.framework.AssertionFailedError: expected:<4> but was:<0>    at junit.framework.Assert.fail(Assert.java:57)
    at junit.framework.Assert.failNotEquals(Assert.java:329)
    at junit.framework.Assert.assertEquals(Assert.java:78)
    at junit.framework.Assert.assertEquals(Assert.java:234)
    at junit.framework.Assert.assertEquals(Assert.java:241)
    at junit.framework.TestCase.assertEquals(TestCase.java:409)

junit.framework.AssertionFailedError: expected:<4> but was:<0>
    at junit.framework.Assert.fail(Assert.java:57)
    at junit.framework.Assert.failNotEquals(Assert.java:329)
    at junit.framework.Assert.assertEquals(Assert.java:78)
    at junit.framework.Assert.assertEquals(Assert.java:234)
    at junit.framework.Assert.assertEquals(Assert.java:241)
    at junit.framework.TestCase.assertEquals(TestCase.java:409)
18:25:49.807 [pool-42-thread-1] INFO  f.i.l.c.t.SpecificationTestCasesListener - Tests run finished (1 ms)
<> Total tests run: 1
<> Ignored tests: 0
<> Failed tests: 1
~ testCountriesByLanguage(org.apache.commons.lang.LocaleUtilsTest)
[expected:<4> but was:<0>]
junit.framework.AssertionFailedError: expected:<4> but was:<0>    at junit.framework.Assert.fail(Assert.java:57)
    at junit.framework.Assert.failNotEquals(Assert.java:329)
    at junit.framework.Assert.assertEquals(Assert.java:78)
    at junit.framework.Assert.assertEquals(Assert.java:234)
    at junit.framework.Assert.assertEquals(Assert.java:241)
    at junit.framework.TestCase.assertEquals(TestCase.java:409)

18:25:49.808 [pool-39-thread-1] DEBUG tests.output - Failing tests with false: 
[testCountriesByLanguage(org.apache.commons.lang.LocaleUtilsTest): expected:<4> but was:<0>]
18:25:49.808 [pool-39-thread-1] DEBUG tests.output - Failing tests with true: 
[testCountriesByLanguage(org.apache.commons.lang.LocaleUtilsTest): expected:<4> but was:<0>]
18:25:49.808 [pool-39-thread-1] INFO  f.i.l.r.n.synth.SMTNopolSynthesizer - Not enough specifications: 0. A trivial patch is "true" or "false", please write new tests specifying SourceLocation org.apache.commons.lang.LocaleUtils:270.
18:25:49.808 [pool-2-thread-1] DEBUG fr.inria.lille.repair.nopol.NoPol - statement #13
18:25:49.808 [pool-2-thread-1] DEBUG fr.inria.lille.repair.nopol.NoPol - Analysing SourceLocation org.apache.commons.lang.LocaleUtils:269 which is executed by 1 tests
-723213736
18:25:49.922 [pool-2-thread-1] DEBUG fr.inria.lille.repair.nopol.NoPol - looking with class fr.inria.lille.repair.nopol.spoon.smt.ConditionalAdder
junit.framework.AssertionFailedError: expected:<4> but was:<5>
    at junit.framework.Assert.fail(Assert.java:57)
    at junit.framework.Assert.failNotEquals(Assert.java:329)
    at junit.framework.Assert.assertEquals(Assert.java:78)
    at junit.framework.Assert.assertEquals(Assert.java:234)
    at junit.framework.Assert.assertEquals(Assert.java:241)
    at junit.framework.TestCase.assertEquals(TestCase.java:409)
18:25:49.933 [pool-44-thread-1] INFO  xxl.java.junit.TestCasesListener - Tests run finished (6 ms)
<> Total tests run: 11
<> Ignored tests: 0
<> Failed tests: 1
~ testCountriesByLanguage(org.apache.commons.lang.LocaleUtilsTest)
[expected:<4> but was:<5>]
junit.framework.AssertionFailedError: expected:<4> but was:<5>    at junit.framework.Assert.fail(Assert.java:57)
    at junit.framework.Assert.failNotEquals(Assert.java:329)
    at junit.framework.Assert.assertEquals(Assert.java:78)
    at junit.framework.Assert.assertEquals(Assert.java:234)
    at junit.framework.Assert.assertEquals(Assert.java:241)
    at junit.framework.TestCase.assertEquals(TestCase.java:409)

junit.framework.AssertionFailedError
    at junit.framework.Assert.fail(Assert.java:55)
    at junit.framework.Assert.assertTrue(Assert.java:22)
    at junit.framework.Assert.assertNotNull(Assert.java:256)
    at junit.framework.Assert.assertNotNull(Assert.java:248)
    at junit.framework.TestCase.assertNotNull(TestCase.java:417)
    at org.apache.commons.lang.LocaleUtilsTest.assertCountriesByLanguage(LocaleUtilsTest.java:443)
18:25:50.132 [pool-45-thread-1] INFO  f.i.l.c.t.SpecificationTestCasesListener - Tests run finished (2 ms)
<> Total tests run: 1
<> Ignored tests: 0
<> Failed tests: 1
~ testCountriesByLanguage(org.apache.commons.lang.LocaleUtilsTest)
[null]
junit.framework.AssertionFailedError    at junit.framework.Assert.fail(Assert.java:55)
    at junit.framework.Assert.assertTrue(Assert.java:22)
    at junit.framework.Assert.assertNotNull(Assert.java:256)
    at junit.framework.Assert.assertNotNull(Assert.java:248)
    at junit.framework.TestCase.assertNotNull(TestCase.java:417)
    at org.apache.commons.lang.LocaleUtilsTest.assertCountriesByLanguage(LocaleUtilsTest.java:443)

junit.framework.AssertionFailedError: expected:<4> but was:<5>
    at junit.framework.Assert.fail(Assert.java:57)
    at junit.framework.Assert.failNotEquals(Assert.java:329)
    at junit.framework.Assert.assertEquals(Assert.java:78)
    at junit.framework.Assert.assertEquals(Assert.java:234)
    at junit.framework.Assert.assertEquals(Assert.java:241)
    at junit.framework.TestCase.assertEquals(TestCase.java:409)
18:25:50.136 [pool-46-thread-1] INFO  f.i.l.c.t.SpecificationTestCasesListener - Tests run finished (2 ms)
<> Total tests run: 1
<> Ignored tests: 0
<> Failed tests: 1
~ testCountriesByLanguage(org.apache.commons.lang.LocaleUtilsTest)
[expected:<4> but was:<5>]
junit.framework.AssertionFailedError: expected:<4> but was:<5>    at junit.framework.Assert.fail(Assert.java:57)
    at junit.framework.Assert.failNotEquals(Assert.java:329)
    at junit.framework.Assert.assertEquals(Assert.java:78)
    at junit.framework.Assert.assertEquals(Assert.java:234)
    at junit.framework.Assert.assertEquals(Assert.java:241)
    at junit.framework.TestCase.assertEquals(TestCase.java:409)

18:25:50.145 [pool-43-thread-1] DEBUG tests.output - Failing tests with false: 
[testCountriesByLanguage(org.apache.commons.lang.LocaleUtilsTest): null]
18:25:50.145 [pool-43-thread-1] DEBUG tests.output - Failing tests with true: 
[testCountriesByLanguage(org.apache.commons.lang.LocaleUtilsTest): expected:<4> but was:<5>]
18:25:50.145 [pool-43-thread-1] INFO  f.i.l.r.n.synth.SMTNopolSynthesizer - Not enough specifications: 0. A trivial patch is "true" or "false", please write new tests specifying SourceLocation org.apache.commons.lang.LocaleUtils:269.
18:25:50.145 [pool-2-thread-1] DEBUG fr.inria.lille.repair.nopol.NoPol - looking with class fr.inria.lille.repair.nopol.spoon.smt.ConditionalReplacer
junit.framework.AssertionFailedError: expected:<4> but was:<5>
    at junit.framework.Assert.fail(Assert.java:57)
    at junit.framework.Assert.failNotEquals(Assert.java:329)
    at junit.framework.Assert.assertEquals(Assert.java:78)
    at junit.framework.Assert.assertEquals(Assert.java:234)
    at junit.framework.Assert.assertEquals(Assert.java:241)
    at junit.framework.TestCase.assertEquals(TestCase.java:409)
18:25:50.155 [pool-48-thread-1] INFO  xxl.java.junit.TestCasesListener - Tests run finished (6 ms)
<> Total tests run: 11
<> Ignored tests: 0
<> Failed tests: 1
~ testCountriesByLanguage(org.apache.commons.lang.LocaleUtilsTest)
[expected:<4> but was:<5>]
junit.framework.AssertionFailedError: expected:<4> but was:<5>    at junit.framework.Assert.fail(Assert.java:57)
    at junit.framework.Assert.failNotEquals(Assert.java:329)
    at junit.framework.Assert.assertEquals(Assert.java:78)
    at junit.framework.Assert.assertEquals(Assert.java:234)
    at junit.framework.Assert.assertEquals(Assert.java:241)
    at junit.framework.TestCase.assertEquals(TestCase.java:409)

junit.framework.AssertionFailedError
    at junit.framework.Assert.fail(Assert.java:55)
    at junit.framework.Assert.assertTrue(Assert.java:22)
    at junit.framework.Assert.assertNotNull(Assert.java:256)
    at junit.framework.Assert.assertNotNull(Assert.java:248)
    at junit.framework.TestCase.assertNotNull(TestCase.java:417)
    at org.apache.commons.lang.LocaleUtilsTest.assertCountriesByLanguage(LocaleUtilsTest.java:443)
18:25:50.355 [pool-49-thread-1] INFO  f.i.l.c.t.SpecificationTestCasesListener - Tests run finished (2 ms)
<> Total tests run: 1
<> Ignored tests: 0
<> Failed tests: 1
~ testCountriesByLanguage(org.apache.commons.lang.LocaleUtilsTest)
[null]
junit.framework.AssertionFailedError    at junit.framework.Assert.fail(Assert.java:55)
    at junit.framework.Assert.assertTrue(Assert.java:22)
    at junit.framework.Assert.assertNotNull(Assert.java:256)
    at junit.framework.Assert.assertNotNull(Assert.java:248)
    at junit.framework.TestCase.assertNotNull(TestCase.java:417)
    at org.apache.commons.lang.LocaleUtilsTest.assertCountriesByLanguage(LocaleUtilsTest.java:443)

junit.framework.AssertionFailedError: expected same:<[de_CH, de_AT, de_LU, de_DE, de_GR]> was not:<[de_CH, de_AT, de_LU, de_DE, de_GR]>
    at junit.framework.Assert.fail(Assert.java:57)
    at junit.framework.Assert.failNotSame(Assert.java:325)
    at junit.framework.Assert.assertSame(Assert.java:288)
    at junit.framework.Assert.assertSame(Assert.java:296)
    at junit.framework.TestCase.assertSame(TestCase.java:465)
    at org.apache.commons.lang.LocaleUtilsTest.assertCountriesByLanguage(LocaleUtilsTest.java:444)
18:25:50.358 [pool-50-thread-1] INFO  f.i.l.c.t.SpecificationTestCasesListener - Tests run finished (1 ms)
<> Total tests run: 1
<> Ignored tests: 0
<> Failed tests: 1
~ testCountriesByLanguage(org.apache.commons.lang.LocaleUtilsTest)
[expected same:<[de_CH, de_AT, de_LU, de_DE, de_GR]> was not:<[de_CH, de_AT, de_LU, de_DE, de_GR]>]
junit.framework.AssertionFailedError: expected same:<[de_CH, de_AT, de_LU, de_DE, de_GR]> was not:<[de_CH, de_AT, de_LU, de_DE, de_GR]>    at junit.framework.Assert.fail(Assert.java:57)
    at junit.framework.Assert.failNotSame(Assert.java:325)
    at junit.framework.Assert.assertSame(Assert.java:288)
    at junit.framework.Assert.assertSame(Assert.java:296)
    at junit.framework.TestCase.assertSame(TestCase.java:465)
    at org.apache.commons.lang.LocaleUtilsTest.assertCountriesByLanguage(LocaleUtilsTest.java:444)

18:25:50.359 [pool-47-thread-1] DEBUG tests.output - Failing tests with false: 
[testCountriesByLanguage(org.apache.commons.lang.LocaleUtilsTest): null]
18:25:50.359 [pool-47-thread-1] DEBUG tests.output - Failing tests with true: 
[testCountriesByLanguage(org.apache.commons.lang.LocaleUtilsTest): expected same:<[de_CH, de_AT, de_LU, de_DE, de_GR]> was not:<[de_CH, de_AT, de_LU, de_DE, de_GR]>]
18:25:50.359 [pool-47-thread-1] INFO  f.i.l.r.n.synth.SMTNopolSynthesizer - Not enough specifications: 0. A trivial patch is "true" or "false", please write new tests specifying SourceLocation org.apache.commons.lang.LocaleUtils:269.
18:25:50.359 [pool-2-thread-1] DEBUG fr.inria.lille.repair.nopol.NoPol - statement #14
18:25:50.359 [pool-2-thread-1] DEBUG fr.inria.lille.repair.nopol.NoPol - Analysing SourceLocation org.apache.commons.lang.LocaleUtils:268 which is executed by 1 tests
-723213736
18:25:50.473 [pool-2-thread-1] DEBUG fr.inria.lille.repair.nopol.NoPol - statement #15
18:25:50.473 [pool-2-thread-1] DEBUG fr.inria.lille.repair.nopol.NoPol - Analysing SourceLocation org.apache.commons.lang.time.DateUtils:549 which is executed by 2 tests
1745874308
18:25:50.607 [pool-2-thread-1] DEBUG fr.inria.lille.repair.nopol.NoPol - statement #16
18:25:50.608 [pool-2-thread-1] DEBUG fr.inria.lille.repair.nopol.NoPol - Analysing SourceLocation org.apache.commons.lang.time.DateUtils:548 which is executed by 2 tests
1745874308
18:25:50.741 [pool-2-thread-1] DEBUG fr.inria.lille.repair.nopol.NoPol - looking with class fr.inria.lille.repair.nopol.spoon.smt.ConditionalAdder
junit.framework.AssertionFailedError: Truncate Calendar.SECOND expected:<Sun Oct 31 01:02:03 MDT 2004> but was:<Sun Oct 31 01:02:03 MST 2004>
    at junit.framework.Assert.fail(Assert.java:57)
    at junit.framework.Assert.failNotEquals(Assert.java:329)
    at junit.framework.Assert.assertEquals(Assert.java:78)
    at junit.framework.TestCase.assertEquals(TestCase.java:244)
    at org.apache.commons.lang.time.DateUtilsTest.testTruncateLang59(DateUtilsTest.java:927)
    at sun.reflect.NativeMethodAccessorImpl.invoke0(Native Method)
18:25:51.160 [pool-52-thread-1] INFO  xxl.java.junit.TestCasesListener - Tests run finished (410 ms)
<> Total tests run: 22
<> Ignored tests: 0
<> Failed tests: 1
~ testTruncateLang59(org.apache.commons.lang.time.DateUtilsTest)
[Truncate Calendar.SECOND expected:<Sun Oct 31 01:02:03 MDT 2004> but was:<Sun Oct 31 01:02:03 MST 2004>]
junit.framework.AssertionFailedError: Truncate Calendar.SECOND expected:<Sun Oct 31 01:02:03 MDT 2004> but was:<Sun Oct 31 01:02:03 MST 2004>    at junit.framework.Assert.fail(Assert.java:57)
    at junit.framework.Assert.failNotEquals(Assert.java:329)
    at junit.framework.Assert.assertEquals(Assert.java:78)
    at junit.framework.TestCase.assertEquals(TestCase.java:244)
    at org.apache.commons.lang.time.DateUtilsTest.testTruncateLang59(DateUtilsTest.java:927)
    at sun.reflect.NativeMethodAccessorImpl.invoke0(Native Method)

junit.framework.AssertionFailedError: Truncate Calendar.SECOND expected:<Sun Oct 31 01:02:03 MDT 2004> but was:<Sun Oct 31 01:02:03 MDT 2004>
    at junit.framework.Assert.fail(Assert.java:57)
    at junit.framework.Assert.failNotEquals(Assert.java:329)
    at junit.framework.Assert.assertEquals(Assert.java:78)
    at junit.framework.TestCase.assertEquals(TestCase.java:244)
    at org.apache.commons.lang.time.DateUtilsTest.testTruncateLang59(DateUtilsTest.java:927)
    at sun.reflect.NativeMethodAccessorImpl.invoke0(Native Method)
18:25:51.525 [pool-53-thread-1] INFO  f.i.l.c.t.SpecificationTestCasesListener - Tests run finished (6 ms)
<> Total tests run: 1
<> Ignored tests: 0
<> Failed tests: 1
~ testTruncateLang59(org.apache.commons.lang.time.DateUtilsTest)
[Truncate Calendar.SECOND expected:<Sun Oct 31 01:02:03 MDT 2004> but was:<Sun Oct 31 01:02:03 MDT 2004>]
junit.framework.AssertionFailedError: Truncate Calendar.SECOND expected:<Sun Oct 31 01:02:03 MDT 2004> but was:<Sun Oct 31 01:02:03 MDT 2004>    at junit.framework.Assert.fail(Assert.java:57)
    at junit.framework.Assert.failNotEquals(Assert.java:329)
    at junit.framework.Assert.assertEquals(Assert.java:78)
    at junit.framework.TestCase.assertEquals(TestCase.java:244)
    at org.apache.commons.lang.time.DateUtilsTest.testTruncateLang59(DateUtilsTest.java:927)
    at sun.reflect.NativeMethodAccessorImpl.invoke0(Native Method)

junit.framework.AssertionFailedError: Truncate Calendar.SECOND expected:<Sun Oct 31 01:02:03 MDT 2004> but was:<Sun Oct 31 01:02:03 MST 2004>
    at junit.framework.Assert.fail(Assert.java:57)
    at junit.framework.Assert.failNotEquals(Assert.java:329)
    at junit.framework.Assert.assertEquals(Assert.java:78)
    at junit.framework.TestCase.assertEquals(TestCase.java:244)
    at org.apache.commons.lang.time.DateUtilsTest.testTruncateLang59(DateUtilsTest.java:927)
    at sun.reflect.NativeMethodAccessorImpl.invoke0(Native Method)
18:25:51.530 [pool-54-thread-1] INFO  f.i.l.c.t.SpecificationTestCasesListener - Tests run finished (3 ms)
<> Total tests run: 1
<> Ignored tests: 0
<> Failed tests: 1
~ testTruncateLang59(org.apache.commons.lang.time.DateUtilsTest)
[Truncate Calendar.SECOND expected:<Sun Oct 31 01:02:03 MDT 2004> but was:<Sun Oct 31 01:02:03 MST 2004>]
junit.framework.AssertionFailedError: Truncate Calendar.SECOND expected:<Sun Oct 31 01:02:03 MDT 2004> but was:<Sun Oct 31 01:02:03 MST 2004>    at junit.framework.Assert.fail(Assert.java:57)
    at junit.framework.Assert.failNotEquals(Assert.java:329)
    at junit.framework.Assert.assertEquals(Assert.java:78)
    at junit.framework.TestCase.assertEquals(TestCase.java:244)
    at org.apache.commons.lang.time.DateUtilsTest.testTruncateLang59(DateUtilsTest.java:927)
    at sun.reflect.NativeMethodAccessorImpl.invoke0(Native Method)

18:25:51.531 [pool-51-thread-1] DEBUG tests.output - Failing tests with false: 
[testTruncateLang59(org.apache.commons.lang.time.DateUtilsTest): Truncate Calendar.SECOND expected:<Sun Oct 31 01:02:03 MDT 2004> but was:<Sun Oct 31 01:02:03 MDT 2004>]
18:25:51.532 [pool-51-thread-1] DEBUG tests.output - Failing tests with true: 
[testTruncateLang59(org.apache.commons.lang.time.DateUtilsTest): Truncate Calendar.SECOND expected:<Sun Oct 31 01:02:03 MDT 2004> but was:<Sun Oct 31 01:02:03 MST 2004>]
18:25:51.532 [pool-51-thread-1] INFO  f.i.l.r.n.synth.SMTNopolSynthesizer - Not enough specifications: 0. A trivial patch is "true" or "false", please write new tests specifying SourceLocation org.apache.commons.lang.time.DateUtils:548.
18:25:51.532 [pool-2-thread-1] DEBUG fr.inria.lille.repair.nopol.NoPol - statement #17
18:25:51.532 [pool-2-thread-1] DEBUG fr.inria.lille.repair.nopol.NoPol - Analysing SourceLocation org.apache.commons.lang.time.DateUtils:547 which is executed by 2 tests
1745874308
18:25:51.661 [pool-2-thread-1] DEBUG fr.inria.lille.repair.nopol.NoPol - looking with class fr.inria.lille.repair.nopol.spoon.smt.ConditionalAdder
junit.framework.AssertionFailedError: Truncate Calendar.SECOND expected:<Sun Oct 31 01:02:03 MDT 2004> but was:<Sun Oct 31 01:02:03 MST 2004>
    at junit.framework.Assert.fail(Assert.java:57)
    at junit.framework.Assert.failNotEquals(Assert.java:329)
    at junit.framework.Assert.assertEquals(Assert.java:78)
    at junit.framework.TestCase.assertEquals(TestCase.java:244)
    at org.apache.commons.lang.time.DateUtilsTest.testTruncateLang59(DateUtilsTest.java:927)
    at sun.reflect.NativeMethodAccessorImpl.invoke0(Native Method)
18:25:51.735 [pool-56-thread-1] INFO  xxl.java.junit.TestCasesListener - Tests run finished (66 ms)
<> Total tests run: 22
<> Ignored tests: 0
<> Failed tests: 1
~ testTruncateLang59(org.apache.commons.lang.time.DateUtilsTest)
[Truncate Calendar.SECOND expected:<Sun Oct 31 01:02:03 MDT 2004> but was:<Sun Oct 31 01:02:03 MST 2004>]
junit.framework.AssertionFailedError: Truncate Calendar.SECOND expected:<Sun Oct 31 01:02:03 MDT 2004> but was:<Sun Oct 31 01:02:03 MST 2004>    at junit.framework.Assert.fail(Assert.java:57)
    at junit.framework.Assert.failNotEquals(Assert.java:329)
    at junit.framework.Assert.assertEquals(Assert.java:78)
    at junit.framework.TestCase.assertEquals(TestCase.java:244)
    at org.apache.commons.lang.time.DateUtilsTest.testTruncateLang59(DateUtilsTest.java:927)
    at sun.reflect.NativeMethodAccessorImpl.invoke0(Native Method)

junit.framework.AssertionFailedError: Truncate Calendar.MILLISECOND expected:<Sun Oct 31 01:02:03 MDT 2004> but was:<Wed Nov 28 16:25:52 MST 2018>
    at junit.framework.Assert.fail(Assert.java:57)
    at junit.framework.Assert.failNotEquals(Assert.java:329)
    at junit.framework.Assert.assertEquals(Assert.java:78)
    at junit.framework.TestCase.assertEquals(TestCase.java:244)
    at org.apache.commons.lang.time.DateUtilsTest.testTruncateLang59(DateUtilsTest.java:924)
    at sun.reflect.NativeMethodAccessorImpl.invoke0(Native Method)
18:25:52.016 [pool-57-thread-1] INFO  f.i.l.c.t.SpecificationTestCasesListener - Tests run finished (4 ms)
<> Total tests run: 1
<> Ignored tests: 0
<> Failed tests: 1
~ testTruncateLang59(org.apache.commons.lang.time.DateUtilsTest)
[Truncate Calendar.MILLISECOND expected:<Sun Oct 31 01:02:03 MDT 2004> but was:<Wed Nov 28 16:25:52 MST 2018>]
junit.framework.AssertionFailedError: Truncate Calendar.MILLISECOND expected:<Sun Oct 31 01:02:03 MDT 2004> but was:<Wed Nov 28 16:25:52 MST 2018>    at junit.framework.Assert.fail(Assert.java:57)
    at junit.framework.Assert.failNotEquals(Assert.java:329)
    at junit.framework.Assert.assertEquals(Assert.java:78)
    at junit.framework.TestCase.assertEquals(TestCase.java:244)
    at org.apache.commons.lang.time.DateUtilsTest.testTruncateLang59(DateUtilsTest.java:924)
    at sun.reflect.NativeMethodAccessorImpl.invoke0(Native Method)

junit.framework.AssertionFailedError: Truncate Calendar.SECOND expected:<Sun Oct 31 01:02:03 MDT 2004> but was:<Sun Oct 31 01:02:03 MST 2004>
    at junit.framework.Assert.fail(Assert.java:57)
    at junit.framework.Assert.failNotEquals(Assert.java:329)
    at junit.framework.Assert.assertEquals(Assert.java:78)
    at junit.framework.TestCase.assertEquals(TestCase.java:244)
    at org.apache.commons.lang.time.DateUtilsTest.testTruncateLang59(DateUtilsTest.java:927)
    at sun.reflect.NativeMethodAccessorImpl.invoke0(Native Method)
18:25:52.019 [pool-58-thread-1] INFO  f.i.l.c.t.SpecificationTestCasesListener - Tests run finished (2 ms)
<> Total tests run: 1
<> Ignored tests: 0
<> Failed tests: 1
~ testTruncateLang59(org.apache.commons.lang.time.DateUtilsTest)
[Truncate Calendar.SECOND expected:<Sun Oct 31 01:02:03 MDT 2004> but was:<Sun Oct 31 01:02:03 MST 2004>]
junit.framework.AssertionFailedError: Truncate Calendar.SECOND expected:<Sun Oct 31 01:02:03 MDT 2004> but was:<Sun Oct 31 01:02:03 MST 2004>    at junit.framework.Assert.fail(Assert.java:57)
    at junit.framework.Assert.failNotEquals(Assert.java:329)
    at junit.framework.Assert.assertEquals(Assert.java:78)
    at junit.framework.TestCase.assertEquals(TestCase.java:244)
    at org.apache.commons.lang.time.DateUtilsTest.testTruncateLang59(DateUtilsTest.java:927)
    at sun.reflect.NativeMethodAccessorImpl.invoke0(Native Method)

18:25:52.020 [pool-55-thread-1] DEBUG tests.output - Failing tests with false: 
[testTruncateLang59(org.apache.commons.lang.time.DateUtilsTest): Truncate Calendar.MILLISECOND expected:<Sun Oct 31 01:02:03 MDT 2004> but was:<Wed Nov 28 16:25:52 MST 2018>]
18:25:52.020 [pool-55-thread-1] DEBUG tests.output - Failing tests with true: 
[testTruncateLang59(org.apache.commons.lang.time.DateUtilsTest): Truncate Calendar.SECOND expected:<Sun Oct 31 01:02:03 MDT 2004> but was:<Sun Oct 31 01:02:03 MST 2004>]
18:25:52.020 [pool-55-thread-1] INFO  f.i.l.r.n.synth.SMTNopolSynthesizer - Not enough specifications: 0. A trivial patch is "true" or "false", please write new tests specifying SourceLocation org.apache.commons.lang.time.DateUtils:547.
18:25:52.020 [pool-2-thread-1] DEBUG fr.inria.lille.repair.nopol.NoPol - statement #18
18:25:52.021 [pool-2-thread-1] DEBUG fr.inria.lille.repair.nopol.NoPol - Analysing SourceLocation org.apache.commons.lang.time.DateUtils:546 which is executed by 2 tests
1745874308
18:25:52.151 [pool-2-thread-1] DEBUG fr.inria.lille.repair.nopol.NoPol - statement #19
18:25:52.152 [pool-2-thread-1] DEBUG fr.inria.lille.repair.nopol.NoPol - Analysing SourceLocation org.apache.commons.lang.time.DateUtils:543 which is executed by 2 tests
1745874308
18:25:52.278 [pool-2-thread-1] DEBUG fr.inria.lille.repair.nopol.NoPol - looking with class fr.inria.lille.repair.nopol.spoon.smt.ConditionalAdder
junit.framework.AssertionFailedError: Truncate Calendar.SECOND expected:<Sun Oct 31 01:02:03 MDT 2004> but was:<Sun Oct 31 01:02:03 MST 2004>
    at junit.framework.Assert.fail(Assert.java:57)
    at junit.framework.Assert.failNotEquals(Assert.java:329)
    at junit.framework.Assert.assertEquals(Assert.java:78)
    at junit.framework.TestCase.assertEquals(TestCase.java:244)
    at org.apache.commons.lang.time.DateUtilsTest.testTruncateLang59(DateUtilsTest.java:927)
    at sun.reflect.NativeMethodAccessorImpl.invoke0(Native Method)
18:25:52.333 [pool-60-thread-1] INFO  xxl.java.junit.TestCasesListener - Tests run finished (47 ms)
<> Total tests run: 22
<> Ignored tests: 0
<> Failed tests: 1
~ testTruncateLang59(org.apache.commons.lang.time.DateUtilsTest)
[Truncate Calendar.SECOND expected:<Sun Oct 31 01:02:03 MDT 2004> but was:<Sun Oct 31 01:02:03 MST 2004>]
junit.framework.AssertionFailedError: Truncate Calendar.SECOND expected:<Sun Oct 31 01:02:03 MDT 2004> but was:<Sun Oct 31 01:02:03 MST 2004>    at junit.framework.Assert.fail(Assert.java:57)
    at junit.framework.Assert.failNotEquals(Assert.java:329)
    at junit.framework.Assert.assertEquals(Assert.java:78)
    at junit.framework.TestCase.assertEquals(TestCase.java:244)
    at org.apache.commons.lang.time.DateUtilsTest.testTruncateLang59(DateUtilsTest.java:927)
    at sun.reflect.NativeMethodAccessorImpl.invoke0(Native Method)

junit.framework.AssertionFailedError: Truncate Calendar.SECOND expected:<Sun Oct 31 01:02:03 MDT 2004> but was:<Sun Oct 31 01:02:03 MST 2004>
    at junit.framework.Assert.fail(Assert.java:57)
    at junit.framework.Assert.failNotEquals(Assert.java:329)
    at junit.framework.Assert.assertEquals(Assert.java:78)
    at junit.framework.TestCase.assertEquals(TestCase.java:244)
    at org.apache.commons.lang.time.DateUtilsTest.testTruncateLang59(DateUtilsTest.java:927)
    at sun.reflect.NativeMethodAccessorImpl.invoke0(Native Method)
18:25:52.605 [pool-61-thread-1] INFO  f.i.l.c.t.SpecificationTestCasesListener - Tests run finished (4 ms)
<> Total tests run: 1
<> Ignored tests: 0
<> Failed tests: 1
~ testTruncateLang59(org.apache.commons.lang.time.DateUtilsTest)
[Truncate Calendar.SECOND expected:<Sun Oct 31 01:02:03 MDT 2004> but was:<Sun Oct 31 01:02:03 MST 2004>]
junit.framework.AssertionFailedError: Truncate Calendar.SECOND expected:<Sun Oct 31 01:02:03 MDT 2004> but was:<Sun Oct 31 01:02:03 MST 2004>    at junit.framework.Assert.fail(Assert.java:57)
    at junit.framework.Assert.failNotEquals(Assert.java:329)
    at junit.framework.Assert.assertEquals(Assert.java:78)
    at junit.framework.TestCase.assertEquals(TestCase.java:244)
    at org.apache.commons.lang.time.DateUtilsTest.testTruncateLang59(DateUtilsTest.java:927)
    at sun.reflect.NativeMethodAccessorImpl.invoke0(Native Method)

junit.framework.AssertionFailedError: Truncate Calendar.SECOND expected:<Sun Oct 31 01:02:03 MDT 2004> but was:<Sun Oct 31 01:02:03 MST 2004>
    at junit.framework.Assert.fail(Assert.java:57)
    at junit.framework.Assert.failNotEquals(Assert.java:329)
    at junit.framework.Assert.assertEquals(Assert.java:78)
    at junit.framework.TestCase.assertEquals(TestCase.java:244)
    at org.apache.commons.lang.time.DateUtilsTest.testTruncateLang59(DateUtilsTest.java:927)
    at sun.reflect.NativeMethodAccessorImpl.invoke0(Native Method)
18:25:52.609 [pool-62-thread-1] INFO  f.i.l.c.t.SpecificationTestCasesListener - Tests run finished (2 ms)
<> Total tests run: 1
<> Ignored tests: 0
<> Failed tests: 1
~ testTruncateLang59(org.apache.commons.lang.time.DateUtilsTest)
[Truncate Calendar.SECOND expected:<Sun Oct 31 01:02:03 MDT 2004> but was:<Sun Oct 31 01:02:03 MST 2004>]
junit.framework.AssertionFailedError: Truncate Calendar.SECOND expected:<Sun Oct 31 01:02:03 MDT 2004> but was:<Sun Oct 31 01:02:03 MST 2004>    at junit.framework.Assert.fail(Assert.java:57)
    at junit.framework.Assert.failNotEquals(Assert.java:329)
    at junit.framework.Assert.assertEquals(Assert.java:78)
    at junit.framework.TestCase.assertEquals(TestCase.java:244)
    at org.apache.commons.lang.time.DateUtilsTest.testTruncateLang59(DateUtilsTest.java:927)
    at sun.reflect.NativeMethodAccessorImpl.invoke0(Native Method)

18:25:52.610 [pool-59-thread-1] DEBUG tests.output - Failing tests with false: 
[testTruncateLang59(org.apache.commons.lang.time.DateUtilsTest): Truncate Calendar.SECOND expected:<Sun Oct 31 01:02:03 MDT 2004> but was:<Sun Oct 31 01:02:03 MST 2004>]
18:25:52.610 [pool-59-thread-1] DEBUG tests.output - Failing tests with true: 
[testTruncateLang59(org.apache.commons.lang.time.DateUtilsTest): Truncate Calendar.SECOND expected:<Sun Oct 31 01:02:03 MDT 2004> but was:<Sun Oct 31 01:02:03 MST 2004>]
18:25:52.610 [pool-59-thread-1] INFO  f.i.l.r.n.synth.SMTNopolSynthesizer - Not enough specifications: 0. A trivial patch is "true" or "false", please write new tests specifying SourceLocation org.apache.commons.lang.time.DateUtils:543.
18:25:52.610 [pool-2-thread-1] DEBUG fr.inria.lille.repair.nopol.NoPol - looking with class fr.inria.lille.repair.nopol.spoon.smt.ConditionalReplacer
junit.framework.AssertionFailedError: Truncate Calendar.SECOND expected:<Sun Oct 31 01:02:03 MDT 2004> but was:<Sun Oct 31 01:02:03 MST 2004>
    at junit.framework.Assert.fail(Assert.java:57)
    at junit.framework.Assert.failNotEquals(Assert.java:329)
    at junit.framework.Assert.assertEquals(Assert.java:78)
    at junit.framework.TestCase.assertEquals(TestCase.java:244)
    at org.apache.commons.lang.time.DateUtilsTest.testTruncateLang59(DateUtilsTest.java:927)
    at sun.reflect.NativeMethodAccessorImpl.invoke0(Native Method)
18:25:52.659 [pool-64-thread-1] INFO  xxl.java.junit.TestCasesListener - Tests run finished (40 ms)
<> Total tests run: 22
<> Ignored tests: 0
<> Failed tests: 1
~ testTruncateLang59(org.apache.commons.lang.time.DateUtilsTest)
[Truncate Calendar.SECOND expected:<Sun Oct 31 01:02:03 MDT 2004> but was:<Sun Oct 31 01:02:03 MST 2004>]
junit.framework.AssertionFailedError: Truncate Calendar.SECOND expected:<Sun Oct 31 01:02:03 MDT 2004> but was:<Sun Oct 31 01:02:03 MST 2004>    at junit.framework.Assert.fail(Assert.java:57)
    at junit.framework.Assert.failNotEquals(Assert.java:329)
    at junit.framework.Assert.assertEquals(Assert.java:78)
    at junit.framework.TestCase.assertEquals(TestCase.java:244)
    at org.apache.commons.lang.time.DateUtilsTest.testTruncateLang59(DateUtilsTest.java:927)
    at sun.reflect.NativeMethodAccessorImpl.invoke0(Native Method)

junit.framework.AssertionFailedError: Truncate Calendar.SECOND expected:<Sun Oct 31 01:02:03 MDT 2004> but was:<Sun Oct 31 01:02:03 MST 2004>
    at junit.framework.Assert.fail(Assert.java:57)
    at junit.framework.Assert.failNotEquals(Assert.java:329)
    at junit.framework.Assert.assertEquals(Assert.java:78)
    at junit.framework.TestCase.assertEquals(TestCase.java:244)
    at org.apache.commons.lang.time.DateUtilsTest.testTruncateLang59(DateUtilsTest.java:927)
    at sun.reflect.NativeMethodAccessorImpl.invoke0(Native Method)
18:25:52.955 [pool-65-thread-1] INFO  f.i.l.c.t.SpecificationTestCasesListener - Tests run finished (4 ms)
<> Total tests run: 1
<> Ignored tests: 0
<> Failed tests: 1
~ testTruncateLang59(org.apache.commons.lang.time.DateUtilsTest)
[Truncate Calendar.SECOND expected:<Sun Oct 31 01:02:03 MDT 2004> but was:<Sun Oct 31 01:02:03 MST 2004>]
junit.framework.AssertionFailedError: Truncate Calendar.SECOND expected:<Sun Oct 31 01:02:03 MDT 2004> but was:<Sun Oct 31 01:02:03 MST 2004>    at junit.framework.Assert.fail(Assert.java:57)
    at junit.framework.Assert.failNotEquals(Assert.java:329)
    at junit.framework.Assert.assertEquals(Assert.java:78)
    at junit.framework.TestCase.assertEquals(TestCase.java:244)
    at org.apache.commons.lang.time.DateUtilsTest.testTruncateLang59(DateUtilsTest.java:927)
    at sun.reflect.NativeMethodAccessorImpl.invoke0(Native Method)

java.lang.IllegalArgumentException: The date must not be null
    at org.apache.commons.lang.time.DateUtils.truncate(DateUtils.java:203)
    at org.apache.commons.lang.time.DateUtilsTest.testTruncateLang59(DateUtilsTest.java:924)
    at sun.reflect.NativeMethodAccessorImpl.invoke0(Native Method)
    at sun.reflect.NativeMethodAccessorImpl.invoke(NativeMethodAccessorImpl.java:62)
    at sun.reflect.DelegatingMethodAccessorImpl.invoke(DelegatingMethodAccessorImpl.java:43)
    at java.lang.reflect.Method.invoke(Method.java:498)
18:25:52.959 [pool-66-thread-1] INFO  f.i.l.c.t.SpecificationTestCasesListener - Tests run finished (1 ms)
<> Total tests run: 1
<> Ignored tests: 0
<> Failed tests: 1
~ testTruncateLang59(org.apache.commons.lang.time.DateUtilsTest)
[The date must not be null]
java.lang.IllegalArgumentException: The date must not be null    at org.apache.commons.lang.time.DateUtils.truncate(DateUtils.java:203)
    at org.apache.commons.lang.time.DateUtilsTest.testTruncateLang59(DateUtilsTest.java:924)
    at sun.reflect.NativeMethodAccessorImpl.invoke0(Native Method)
    at sun.reflect.NativeMethodAccessorImpl.invoke(NativeMethodAccessorImpl.java:62)
    at sun.reflect.DelegatingMethodAccessorImpl.invoke(DelegatingMethodAccessorImpl.java:43)
    at java.lang.reflect.Method.invoke(Method.java:498)

18:25:52.959 [pool-63-thread-1] DEBUG tests.output - Failing tests with false: 
[testTruncateLang59(org.apache.commons.lang.time.DateUtilsTest): Truncate Calendar.SECOND expected:<Sun Oct 31 01:02:03 MDT 2004> but was:<Sun Oct 31 01:02:03 MST 2004>]
18:25:52.959 [pool-63-thread-1] DEBUG tests.output - Failing tests with true: 
[testTruncateLang59(org.apache.commons.lang.time.DateUtilsTest): The date must not be null]
18:25:52.959 [pool-63-thread-1] INFO  f.i.l.r.n.synth.SMTNopolSynthesizer - Not enough specifications: 0. A trivial patch is "true" or "false", please write new tests specifying SourceLocation org.apache.commons.lang.time.DateUtils:543.
18:25:52.960 [pool-2-thread-1] DEBUG fr.inria.lille.repair.nopol.NoPol - statement #20
18:25:52.960 [pool-2-thread-1] DEBUG fr.inria.lille.repair.nopol.NoPol - Analysing SourceLocation org.apache.commons.lang.LocaleUtils:191 which is executed by 3 tests
-723213736
18:25:53.096 [pool-2-thread-1] DEBUG fr.inria.lille.repair.nopol.NoPol - statement #21
18:25:53.097 [pool-2-thread-1] DEBUG fr.inria.lille.repair.nopol.NoPol - Analysing SourceLocation org.apache.commons.lang.time.DateUtils:709 which is executed by 5 tests
1745874308
18:25:53.218 [pool-2-thread-1] DEBUG fr.inria.lille.repair.nopol.NoPol - looking with class fr.inria.lille.repair.nopol.spoon.smt.ConditionalAdder
junit.framework.AssertionFailedError: Truncate Calendar.SECOND expected:<Sun Oct 31 01:02:03 MDT 2004> but was:<Sun Oct 31 01:02:03 MST 2004>
    at junit.framework.Assert.fail(Assert.java:57)
    at junit.framework.Assert.failNotEquals(Assert.java:329)
    at junit.framework.Assert.assertEquals(Assert.java:78)
    at junit.framework.TestCase.assertEquals(TestCase.java:244)
    at org.apache.commons.lang.time.DateUtilsTest.testTruncateLang59(DateUtilsTest.java:927)
    at sun.reflect.NativeMethodAccessorImpl.invoke0(Native Method)
18:25:53.262 [pool-68-thread-1] INFO  xxl.java.junit.TestCasesListener - Tests run finished (36 ms)
<> Total tests run: 22
<> Ignored tests: 0
<> Failed tests: 1
~ testTruncateLang59(org.apache.commons.lang.time.DateUtilsTest)
[Truncate Calendar.SECOND expected:<Sun Oct 31 01:02:03 MDT 2004> but was:<Sun Oct 31 01:02:03 MST 2004>]
junit.framework.AssertionFailedError: Truncate Calendar.SECOND expected:<Sun Oct 31 01:02:03 MDT 2004> but was:<Sun Oct 31 01:02:03 MST 2004>    at junit.framework.Assert.fail(Assert.java:57)
    at junit.framework.Assert.failNotEquals(Assert.java:329)
    at junit.framework.Assert.assertEquals(Assert.java:78)
    at junit.framework.TestCase.assertEquals(TestCase.java:244)
    at org.apache.commons.lang.time.DateUtilsTest.testTruncateLang59(DateUtilsTest.java:927)
    at sun.reflect.NativeMethodAccessorImpl.invoke0(Native Method)

junit.framework.AssertionFailedError: Truncate Calendar.SECOND expected:<Sun Oct 31 01:02:03 MDT 2004> but was:<Sun Oct 31 01:02:03 MDT 2004>
    at junit.framework.Assert.fail(Assert.java:57)
    at junit.framework.Assert.failNotEquals(Assert.java:329)
    at junit.framework.Assert.assertEquals(Assert.java:78)
    at junit.framework.TestCase.assertEquals(TestCase.java:244)
    at org.apache.commons.lang.time.DateUtilsTest.testTruncateLang59(DateUtilsTest.java:927)
    at sun.reflect.NativeMethodAccessorImpl.invoke0(Native Method)
18:25:53.533 [pool-69-thread-1] INFO  f.i.l.c.t.SpecificationTestCasesListener - Tests run finished (4 ms)
<> Total tests run: 1
<> Ignored tests: 0
<> Failed tests: 1
~ testTruncateLang59(org.apache.commons.lang.time.DateUtilsTest)
[Truncate Calendar.SECOND expected:<Sun Oct 31 01:02:03 MDT 2004> but was:<Sun Oct 31 01:02:03 MDT 2004>]
junit.framework.AssertionFailedError: Truncate Calendar.SECOND expected:<Sun Oct 31 01:02:03 MDT 2004> but was:<Sun Oct 31 01:02:03 MDT 2004>    at junit.framework.Assert.fail(Assert.java:57)
    at junit.framework.Assert.failNotEquals(Assert.java:329)
    at junit.framework.Assert.assertEquals(Assert.java:78)
    at junit.framework.TestCase.assertEquals(TestCase.java:244)
    at org.apache.commons.lang.time.DateUtilsTest.testTruncateLang59(DateUtilsTest.java:927)
    at sun.reflect.NativeMethodAccessorImpl.invoke0(Native Method)

junit.framework.AssertionFailedError: Truncate Calendar.SECOND expected:<Sun Oct 31 01:02:03 MDT 2004> but was:<Sun Oct 31 01:02:03 MST 2004>
    at junit.framework.Assert.fail(Assert.java:57)
    at junit.framework.Assert.failNotEquals(Assert.java:329)
    at junit.framework.Assert.assertEquals(Assert.java:78)
    at junit.framework.TestCase.assertEquals(TestCase.java:244)
    at org.apache.commons.lang.time.DateUtilsTest.testTruncateLang59(DateUtilsTest.java:927)
    at sun.reflect.NativeMethodAccessorImpl.invoke0(Native Method)
18:25:53.537 [pool-70-thread-1] INFO  f.i.l.c.t.SpecificationTestCasesListener - Tests run finished (2 ms)
<> Total tests run: 1
<> Ignored tests: 0
<> Failed tests: 1
~ testTruncateLang59(org.apache.commons.lang.time.DateUtilsTest)
[Truncate Calendar.SECOND expected:<Sun Oct 31 01:02:03 MDT 2004> but was:<Sun Oct 31 01:02:03 MST 2004>]
junit.framework.AssertionFailedError: Truncate Calendar.SECOND expected:<Sun Oct 31 01:02:03 MDT 2004> but was:<Sun Oct 31 01:02:03 MST 2004>    at junit.framework.Assert.fail(Assert.java:57)
    at junit.framework.Assert.failNotEquals(Assert.java:329)
    at junit.framework.Assert.assertEquals(Assert.java:78)
    at junit.framework.TestCase.assertEquals(TestCase.java:244)
    at org.apache.commons.lang.time.DateUtilsTest.testTruncateLang59(DateUtilsTest.java:927)
    at sun.reflect.NativeMethodAccessorImpl.invoke0(Native Method)

18:25:53.537 [pool-67-thread-1] DEBUG tests.output - Failing tests with false: 
[testTruncateLang59(org.apache.commons.lang.time.DateUtilsTest): Truncate Calendar.SECOND expected:<Sun Oct 31 01:02:03 MDT 2004> but was:<Sun Oct 31 01:02:03 MDT 2004>]
18:25:53.538 [pool-67-thread-1] DEBUG tests.output - Failing tests with true: 
[testTruncateLang59(org.apache.commons.lang.time.DateUtilsTest): Truncate Calendar.SECOND expected:<Sun Oct 31 01:02:03 MDT 2004> but was:<Sun Oct 31 01:02:03 MST 2004>]
18:25:53.538 [pool-67-thread-1] INFO  f.i.l.r.n.synth.SMTNopolSynthesizer - Not enough specifications: 0. A trivial patch is "true" or "false", please write new tests specifying SourceLocation org.apache.commons.lang.time.DateUtils:709.
18:25:53.538 [pool-2-thread-1] DEBUG fr.inria.lille.repair.nopol.NoPol - statement #22
18:25:53.538 [pool-2-thread-1] DEBUG fr.inria.lille.repair.nopol.NoPol - Analysing SourceLocation org.apache.commons.lang.time.DateUtils:706 which is executed by 5 tests
1745874308
18:25:53.660 [pool-2-thread-1] DEBUG fr.inria.lille.repair.nopol.NoPol - looking with class fr.inria.lille.repair.nopol.spoon.smt.ConditionalAdder
junit.framework.AssertionFailedError: Truncate Calendar.SECOND expected:<Sun Oct 31 01:02:03 MDT 2004> but was:<Sun Oct 31 01:02:03 MST 2004>
    at junit.framework.Assert.fail(Assert.java:57)
    at junit.framework.Assert.failNotEquals(Assert.java:329)
    at junit.framework.Assert.assertEquals(Assert.java:78)
    at junit.framework.TestCase.assertEquals(TestCase.java:244)
    at org.apache.commons.lang.time.DateUtilsTest.testTruncateLang59(DateUtilsTest.java:927)
    at sun.reflect.NativeMethodAccessorImpl.invoke0(Native Method)
18:25:53.698 [pool-72-thread-1] INFO  xxl.java.junit.TestCasesListener - Tests run finished (30 ms)
<> Total tests run: 22
<> Ignored tests: 0
<> Failed tests: 1
~ testTruncateLang59(org.apache.commons.lang.time.DateUtilsTest)
[Truncate Calendar.SECOND expected:<Sun Oct 31 01:02:03 MDT 2004> but was:<Sun Oct 31 01:02:03 MST 2004>]
junit.framework.AssertionFailedError: Truncate Calendar.SECOND expected:<Sun Oct 31 01:02:03 MDT 2004> but was:<Sun Oct 31 01:02:03 MST 2004>    at junit.framework.Assert.fail(Assert.java:57)
    at junit.framework.Assert.failNotEquals(Assert.java:329)
    at junit.framework.Assert.assertEquals(Assert.java:78)
    at junit.framework.TestCase.assertEquals(TestCase.java:244)
    at org.apache.commons.lang.time.DateUtilsTest.testTruncateLang59(DateUtilsTest.java:927)
    at sun.reflect.NativeMethodAccessorImpl.invoke0(Native Method)

junit.framework.AssertionFailedError: Truncate Calendar.SECOND expected:<Sun Oct 31 01:02:03 MDT 2004> but was:<Sun Oct 31 01:02:03 MST 2004>
    at junit.framework.Assert.fail(Assert.java:57)
    at junit.framework.Assert.failNotEquals(Assert.java:329)
    at junit.framework.Assert.assertEquals(Assert.java:78)
    at junit.framework.TestCase.assertEquals(TestCase.java:244)
    at org.apache.commons.lang.time.DateUtilsTest.testTruncateLang59(DateUtilsTest.java:927)
    at sun.reflect.NativeMethodAccessorImpl.invoke0(Native Method)
18:25:53.971 [pool-73-thread-1] INFO  f.i.l.c.t.SpecificationTestCasesListener - Tests run finished (5 ms)
<> Total tests run: 1
<> Ignored tests: 0
<> Failed tests: 1
~ testTruncateLang59(org.apache.commons.lang.time.DateUtilsTest)
[Truncate Calendar.SECOND expected:<Sun Oct 31 01:02:03 MDT 2004> but was:<Sun Oct 31 01:02:03 MST 2004>]
junit.framework.AssertionFailedError: Truncate Calendar.SECOND expected:<Sun Oct 31 01:02:03 MDT 2004> but was:<Sun Oct 31 01:02:03 MST 2004>    at junit.framework.Assert.fail(Assert.java:57)
    at junit.framework.Assert.failNotEquals(Assert.java:329)
    at junit.framework.Assert.assertEquals(Assert.java:78)
    at junit.framework.TestCase.assertEquals(TestCase.java:244)
    at org.apache.commons.lang.time.DateUtilsTest.testTruncateLang59(DateUtilsTest.java:927)
    at sun.reflect.NativeMethodAccessorImpl.invoke0(Native Method)

junit.framework.AssertionFailedError: Truncate Calendar.SECOND expected:<Sun Oct 31 01:02:03 MDT 2004> but was:<Sun Oct 31 01:02:03 MST 2004>
    at junit.framework.Assert.fail(Assert.java:57)
    at junit.framework.Assert.failNotEquals(Assert.java:329)
    at junit.framework.Assert.assertEquals(Assert.java:78)
    at junit.framework.TestCase.assertEquals(TestCase.java:244)
    at org.apache.commons.lang.time.DateUtilsTest.testTruncateLang59(DateUtilsTest.java:927)
    at sun.reflect.NativeMethodAccessorImpl.invoke0(Native Method)
18:25:53.975 [pool-74-thread-1] INFO  f.i.l.c.t.SpecificationTestCasesListener - Tests run finished (2 ms)
<> Total tests run: 1
<> Ignored tests: 0
<> Failed tests: 1
~ testTruncateLang59(org.apache.commons.lang.time.DateUtilsTest)
[Truncate Calendar.SECOND expected:<Sun Oct 31 01:02:03 MDT 2004> but was:<Sun Oct 31 01:02:03 MST 2004>]
junit.framework.AssertionFailedError: Truncate Calendar.SECOND expected:<Sun Oct 31 01:02:03 MDT 2004> but was:<Sun Oct 31 01:02:03 MST 2004>    at junit.framework.Assert.fail(Assert.java:57)
    at junit.framework.Assert.failNotEquals(Assert.java:329)
    at junit.framework.Assert.assertEquals(Assert.java:78)
    at junit.framework.TestCase.assertEquals(TestCase.java:244)
    at org.apache.commons.lang.time.DateUtilsTest.testTruncateLang59(DateUtilsTest.java:927)
    at sun.reflect.NativeMethodAccessorImpl.invoke0(Native Method)

18:25:53.976 [pool-71-thread-1] DEBUG tests.output - Failing tests with false: 
[testTruncateLang59(org.apache.commons.lang.time.DateUtilsTest): Truncate Calendar.SECOND expected:<Sun Oct 31 01:02:03 MDT 2004> but was:<Sun Oct 31 01:02:03 MST 2004>]
18:25:53.976 [pool-71-thread-1] DEBUG tests.output - Failing tests with true: 
[testTruncateLang59(org.apache.commons.lang.time.DateUtilsTest): Truncate Calendar.SECOND expected:<Sun Oct 31 01:02:03 MDT 2004> but was:<Sun Oct 31 01:02:03 MST 2004>]
18:25:53.976 [pool-71-thread-1] INFO  f.i.l.r.n.synth.SMTNopolSynthesizer - Not enough specifications: 0. A trivial patch is "true" or "false", please write new tests specifying SourceLocation org.apache.commons.lang.time.DateUtils:706.
18:25:53.976 [pool-2-thread-1] DEBUG fr.inria.lille.repair.nopol.NoPol - statement #23
18:25:53.976 [pool-2-thread-1] DEBUG fr.inria.lille.repair.nopol.NoPol - Analysing SourceLocation org.apache.commons.lang.time.DateUtils:704 which is executed by 5 tests
1745874308
18:25:54.101 [pool-2-thread-1] DEBUG fr.inria.lille.repair.nopol.NoPol - looking with class fr.inria.lille.repair.nopol.spoon.smt.ConditionalAdder
junit.framework.AssertionFailedError: Truncate Calendar.SECOND expected:<Sun Oct 31 01:02:03 MDT 2004> but was:<Sun Oct 31 01:02:03 MST 2004>
    at junit.framework.Assert.fail(Assert.java:57)
    at junit.framework.Assert.failNotEquals(Assert.java:329)
    at junit.framework.Assert.assertEquals(Assert.java:78)
    at junit.framework.TestCase.assertEquals(TestCase.java:244)
    at org.apache.commons.lang.time.DateUtilsTest.testTruncateLang59(DateUtilsTest.java:927)
    at sun.reflect.NativeMethodAccessorImpl.invoke0(Native Method)
18:25:54.141 [pool-76-thread-1] INFO  xxl.java.junit.TestCasesListener - Tests run finished (32 ms)
<> Total tests run: 22
<> Ignored tests: 0
<> Failed tests: 1
~ testTruncateLang59(org.apache.commons.lang.time.DateUtilsTest)
[Truncate Calendar.SECOND expected:<Sun Oct 31 01:02:03 MDT 2004> but was:<Sun Oct 31 01:02:03 MST 2004>]
junit.framework.AssertionFailedError: Truncate Calendar.SECOND expected:<Sun Oct 31 01:02:03 MDT 2004> but was:<Sun Oct 31 01:02:03 MST 2004>    at junit.framework.Assert.fail(Assert.java:57)
    at junit.framework.Assert.failNotEquals(Assert.java:329)
    at junit.framework.Assert.assertEquals(Assert.java:78)
    at junit.framework.TestCase.assertEquals(TestCase.java:244)
    at org.apache.commons.lang.time.DateUtilsTest.testTruncateLang59(DateUtilsTest.java:927)
    at sun.reflect.NativeMethodAccessorImpl.invoke0(Native Method)

junit.framework.AssertionFailedError: Truncate Calendar.SECOND expected:<Sun Oct 31 01:02:03 MDT 2004> but was:<Sun Oct 31 01:02:03 MST 2004>
    at junit.framework.Assert.fail(Assert.java:57)
    at junit.framework.Assert.failNotEquals(Assert.java:329)
    at junit.framework.Assert.assertEquals(Assert.java:78)
    at junit.framework.TestCase.assertEquals(TestCase.java:244)
    at org.apache.commons.lang.time.DateUtilsTest.testTruncateLang59(DateUtilsTest.java:927)
    at sun.reflect.NativeMethodAccessorImpl.invoke0(Native Method)
18:25:54.407 [pool-77-thread-1] INFO  f.i.l.c.t.SpecificationTestCasesListener - Tests run finished (3 ms)
<> Total tests run: 1
<> Ignored tests: 0
<> Failed tests: 1
~ testTruncateLang59(org.apache.commons.lang.time.DateUtilsTest)
[Truncate Calendar.SECOND expected:<Sun Oct 31 01:02:03 MDT 2004> but was:<Sun Oct 31 01:02:03 MST 2004>]
junit.framework.AssertionFailedError: Truncate Calendar.SECOND expected:<Sun Oct 31 01:02:03 MDT 2004> but was:<Sun Oct 31 01:02:03 MST 2004>    at junit.framework.Assert.fail(Assert.java:57)
    at junit.framework.Assert.failNotEquals(Assert.java:329)
    at junit.framework.Assert.assertEquals(Assert.java:78)
    at junit.framework.TestCase.assertEquals(TestCase.java:244)
    at org.apache.commons.lang.time.DateUtilsTest.testTruncateLang59(DateUtilsTest.java:927)
    at sun.reflect.NativeMethodAccessorImpl.invoke0(Native Method)

junit.framework.AssertionFailedError: Truncate Calendar.SECOND expected:<Sun Oct 31 01:02:03 MDT 2004> but was:<Sun Oct 31 01:02:03 MST 2004>
    at junit.framework.Assert.fail(Assert.java:57)
    at junit.framework.Assert.failNotEquals(Assert.java:329)
    at junit.framework.Assert.assertEquals(Assert.java:78)
    at junit.framework.TestCase.assertEquals(TestCase.java:244)
    at org.apache.commons.lang.time.DateUtilsTest.testTruncateLang59(DateUtilsTest.java:927)
    at sun.reflect.NativeMethodAccessorImpl.invoke0(Native Method)
18:25:54.411 [pool-78-thread-1] INFO  f.i.l.c.t.SpecificationTestCasesListener - Tests run finished (2 ms)
<> Total tests run: 1
<> Ignored tests: 0
<> Failed tests: 1
~ testTruncateLang59(org.apache.commons.lang.time.DateUtilsTest)
[Truncate Calendar.SECOND expected:<Sun Oct 31 01:02:03 MDT 2004> but was:<Sun Oct 31 01:02:03 MST 2004>]
junit.framework.AssertionFailedError: Truncate Calendar.SECOND expected:<Sun Oct 31 01:02:03 MDT 2004> but was:<Sun Oct 31 01:02:03 MST 2004>    at junit.framework.Assert.fail(Assert.java:57)
    at junit.framework.Assert.failNotEquals(Assert.java:329)
    at junit.framework.Assert.assertEquals(Assert.java:78)
    at junit.framework.TestCase.assertEquals(TestCase.java:244)
    at org.apache.commons.lang.time.DateUtilsTest.testTruncateLang59(DateUtilsTest.java:927)
    at sun.reflect.NativeMethodAccessorImpl.invoke0(Native Method)

18:25:54.412 [pool-75-thread-1] DEBUG tests.output - Failing tests with false: 
[testTruncateLang59(org.apache.commons.lang.time.DateUtilsTest): Truncate Calendar.SECOND expected:<Sun Oct 31 01:02:03 MDT 2004> but was:<Sun Oct 31 01:02:03 MST 2004>]
18:25:54.412 [pool-75-thread-1] DEBUG tests.output - Failing tests with true: 
[testTruncateLang59(org.apache.commons.lang.time.DateUtilsTest): Truncate Calendar.SECOND expected:<Sun Oct 31 01:02:03 MDT 2004> but was:<Sun Oct 31 01:02:03 MST 2004>]
18:25:54.412 [pool-75-thread-1] INFO  f.i.l.r.n.synth.SMTNopolSynthesizer - Not enough specifications: 0. A trivial patch is "true" or "false", please write new tests specifying SourceLocation org.apache.commons.lang.time.DateUtils:704.
18:25:54.413 [pool-2-thread-1] DEBUG fr.inria.lille.repair.nopol.NoPol - statement #24
18:25:54.413 [pool-2-thread-1] DEBUG fr.inria.lille.repair.nopol.NoPol - Analysing SourceLocation org.apache.commons.lang.time.DateUtils:702 which is executed by 5 tests
1745874308
18:25:54.535 [pool-2-thread-1] DEBUG fr.inria.lille.repair.nopol.NoPol - statement #25
18:25:54.536 [pool-2-thread-1] DEBUG fr.inria.lille.repair.nopol.NoPol - Analysing SourceLocation org.apache.commons.lang.time.DateUtils:701 which is executed by 5 tests
1745874308
18:25:54.683 [pool-2-thread-1] DEBUG fr.inria.lille.repair.nopol.NoPol - statement #26
18:25:54.684 [pool-2-thread-1] DEBUG fr.inria.lille.repair.nopol.NoPol - Analysing SourceLocation org.apache.commons.lang.time.DateUtils:700 which is executed by 5 tests
1745874308
18:25:54.834 [pool-2-thread-1] DEBUG fr.inria.lille.repair.nopol.NoPol - looking with class fr.inria.lille.repair.nopol.spoon.smt.ConditionalAdder
junit.framework.AssertionFailedError: Truncate Calendar.SECOND expected:<Sun Oct 31 01:02:03 MDT 2004> but was:<Sun Oct 31 01:02:03 MST 2004>
    at junit.framework.Assert.fail(Assert.java:57)
    at junit.framework.Assert.failNotEquals(Assert.java:329)
    at junit.framework.Assert.assertEquals(Assert.java:78)
    at junit.framework.TestCase.assertEquals(TestCase.java:244)
    at org.apache.commons.lang.time.DateUtilsTest.testTruncateLang59(DateUtilsTest.java:927)
    at sun.reflect.NativeMethodAccessorImpl.invoke0(Native Method)
18:25:54.878 [pool-80-thread-1] INFO  xxl.java.junit.TestCasesListener - Tests run finished (36 ms)
<> Total tests run: 22
<> Ignored tests: 0
<> Failed tests: 1
~ testTruncateLang59(org.apache.commons.lang.time.DateUtilsTest)
[Truncate Calendar.SECOND expected:<Sun Oct 31 01:02:03 MDT 2004> but was:<Sun Oct 31 01:02:03 MST 2004>]
junit.framework.AssertionFailedError: Truncate Calendar.SECOND expected:<Sun Oct 31 01:02:03 MDT 2004> but was:<Sun Oct 31 01:02:03 MST 2004>    at junit.framework.Assert.fail(Assert.java:57)
    at junit.framework.Assert.failNotEquals(Assert.java:329)
    at junit.framework.Assert.assertEquals(Assert.java:78)
    at junit.framework.TestCase.assertEquals(TestCase.java:244)
    at org.apache.commons.lang.time.DateUtilsTest.testTruncateLang59(DateUtilsTest.java:927)
    at sun.reflect.NativeMethodAccessorImpl.invoke0(Native Method)

junit.framework.AssertionFailedError: Truncate Calendar.SECOND expected:<Sun Oct 31 01:02:03 MDT 2004> but was:<Sun Oct 31 01:02:03 MST 2004>
    at junit.framework.Assert.fail(Assert.java:57)
    at junit.framework.Assert.failNotEquals(Assert.java:329)
    at junit.framework.Assert.assertEquals(Assert.java:78)
    at junit.framework.TestCase.assertEquals(TestCase.java:244)
    at org.apache.commons.lang.time.DateUtilsTest.testTruncateLang59(DateUtilsTest.java:927)
    at sun.reflect.NativeMethodAccessorImpl.invoke0(Native Method)
18:25:55.190 [pool-81-thread-1] INFO  f.i.l.c.t.SpecificationTestCasesListener - Tests run finished (4 ms)
<> Total tests run: 1
<> Ignored tests: 0
<> Failed tests: 1
~ testTruncateLang59(org.apache.commons.lang.time.DateUtilsTest)
[Truncate Calendar.SECOND expected:<Sun Oct 31 01:02:03 MDT 2004> but was:<Sun Oct 31 01:02:03 MST 2004>]
junit.framework.AssertionFailedError: Truncate Calendar.SECOND expected:<Sun Oct 31 01:02:03 MDT 2004> but was:<Sun Oct 31 01:02:03 MST 2004>    at junit.framework.Assert.fail(Assert.java:57)
    at junit.framework.Assert.failNotEquals(Assert.java:329)
    at junit.framework.Assert.assertEquals(Assert.java:78)
    at junit.framework.TestCase.assertEquals(TestCase.java:244)
    at org.apache.commons.lang.time.DateUtilsTest.testTruncateLang59(DateUtilsTest.java:927)
    at sun.reflect.NativeMethodAccessorImpl.invoke0(Native Method)

junit.framework.AssertionFailedError: Truncate Calendar.SECOND expected:<Sun Oct 31 01:02:03 MDT 2004> but was:<Sun Oct 31 01:02:03 MST 2004>
    at junit.framework.Assert.fail(Assert.java:57)
    at junit.framework.Assert.failNotEquals(Assert.java:329)
    at junit.framework.Assert.assertEquals(Assert.java:78)
    at junit.framework.TestCase.assertEquals(TestCase.java:244)
    at org.apache.commons.lang.time.DateUtilsTest.testTruncateLang59(DateUtilsTest.java:927)
    at sun.reflect.NativeMethodAccessorImpl.invoke0(Native Method)
18:25:55.193 [pool-82-thread-1] INFO  f.i.l.c.t.SpecificationTestCasesListener - Tests run finished (1 ms)
<> Total tests run: 1
<> Ignored tests: 0
<> Failed tests: 1
~ testTruncateLang59(org.apache.commons.lang.time.DateUtilsTest)
[Truncate Calendar.SECOND expected:<Sun Oct 31 01:02:03 MDT 2004> but was:<Sun Oct 31 01:02:03 MST 2004>]
junit.framework.AssertionFailedError: Truncate Calendar.SECOND expected:<Sun Oct 31 01:02:03 MDT 2004> but was:<Sun Oct 31 01:02:03 MST 2004>    at junit.framework.Assert.fail(Assert.java:57)
    at junit.framework.Assert.failNotEquals(Assert.java:329)
    at junit.framework.Assert.assertEquals(Assert.java:78)
    at junit.framework.TestCase.assertEquals(TestCase.java:244)
    at org.apache.commons.lang.time.DateUtilsTest.testTruncateLang59(DateUtilsTest.java:927)
    at sun.reflect.NativeMethodAccessorImpl.invoke0(Native Method)

18:25:55.198 [pool-79-thread-1] DEBUG tests.output - Failing tests with false: 
[testTruncateLang59(org.apache.commons.lang.time.DateUtilsTest): Truncate Calendar.SECOND expected:<Sun Oct 31 01:02:03 MDT 2004> but was:<Sun Oct 31 01:02:03 MST 2004>]
18:25:55.198 [pool-79-thread-1] DEBUG tests.output - Failing tests with true: 
[testTruncateLang59(org.apache.commons.lang.time.DateUtilsTest): Truncate Calendar.SECOND expected:<Sun Oct 31 01:02:03 MDT 2004> but was:<Sun Oct 31 01:02:03 MST 2004>]
18:25:55.198 [pool-79-thread-1] INFO  f.i.l.r.n.synth.SMTNopolSynthesizer - Not enough specifications: 0. A trivial patch is "true" or "false", please write new tests specifying SourceLocation org.apache.commons.lang.time.DateUtils:700.
18:25:55.198 [pool-2-thread-1] DEBUG fr.inria.lille.repair.nopol.NoPol - looking with class fr.inria.lille.repair.nopol.spoon.smt.ConditionalReplacer
junit.framework.AssertionFailedError: Truncate Calendar.SECOND expected:<Sun Oct 31 01:02:03 MDT 2004> but was:<Sun Oct 31 01:02:03 MST 2004>
    at junit.framework.Assert.fail(Assert.java:57)
    at junit.framework.Assert.failNotEquals(Assert.java:329)
    at junit.framework.Assert.assertEquals(Assert.java:78)
    at junit.framework.TestCase.assertEquals(TestCase.java:244)
    at org.apache.commons.lang.time.DateUtilsTest.testTruncateLang59(DateUtilsTest.java:927)
    at sun.reflect.NativeMethodAccessorImpl.invoke0(Native Method)
18:25:55.232 [pool-84-thread-1] INFO  xxl.java.junit.TestCasesListener - Tests run finished (27 ms)
<> Total tests run: 22
<> Ignored tests: 0
<> Failed tests: 1
~ testTruncateLang59(org.apache.commons.lang.time.DateUtilsTest)
[Truncate Calendar.SECOND expected:<Sun Oct 31 01:02:03 MDT 2004> but was:<Sun Oct 31 01:02:03 MST 2004>]
junit.framework.AssertionFailedError: Truncate Calendar.SECOND expected:<Sun Oct 31 01:02:03 MDT 2004> but was:<Sun Oct 31 01:02:03 MST 2004>    at junit.framework.Assert.fail(Assert.java:57)
    at junit.framework.Assert.failNotEquals(Assert.java:329)
    at junit.framework.Assert.assertEquals(Assert.java:78)
    at junit.framework.TestCase.assertEquals(TestCase.java:244)
    at org.apache.commons.lang.time.DateUtilsTest.testTruncateLang59(DateUtilsTest.java:927)
    at sun.reflect.NativeMethodAccessorImpl.invoke0(Native Method)

junit.framework.AssertionFailedError: Truncate Calendar.SECOND expected:<Sun Oct 31 01:02:03 MDT 2004> but was:<Sun Oct 31 01:02:03 MST 2004>
    at junit.framework.Assert.fail(Assert.java:57)
    at junit.framework.Assert.failNotEquals(Assert.java:329)
    at junit.framework.Assert.assertEquals(Assert.java:78)
    at junit.framework.TestCase.assertEquals(TestCase.java:244)
    at org.apache.commons.lang.time.DateUtilsTest.testTruncateLang59(DateUtilsTest.java:927)
    at sun.reflect.NativeMethodAccessorImpl.invoke0(Native Method)
18:25:55.495 [pool-85-thread-1] INFO  f.i.l.c.t.SpecificationTestCasesListener - Tests run finished (3 ms)
<> Total tests run: 1
<> Ignored tests: 0
<> Failed tests: 1
~ testTruncateLang59(org.apache.commons.lang.time.DateUtilsTest)
[Truncate Calendar.SECOND expected:<Sun Oct 31 01:02:03 MDT 2004> but was:<Sun Oct 31 01:02:03 MST 2004>]
junit.framework.AssertionFailedError: Truncate Calendar.SECOND expected:<Sun Oct 31 01:02:03 MDT 2004> but was:<Sun Oct 31 01:02:03 MST 2004>    at junit.framework.Assert.fail(Assert.java:57)
    at junit.framework.Assert.failNotEquals(Assert.java:329)
    at junit.framework.Assert.assertEquals(Assert.java:78)
    at junit.framework.TestCase.assertEquals(TestCase.java:244)
    at org.apache.commons.lang.time.DateUtilsTest.testTruncateLang59(DateUtilsTest.java:927)
    at sun.reflect.NativeMethodAccessorImpl.invoke0(Native Method)

junit.framework.AssertionFailedError: Truncate Calendar.SECOND expected:<Sun Oct 31 01:02:03 MDT 2004> but was:<Sun Oct 31 01:02:03 MST 2004>
    at junit.framework.Assert.fail(Assert.java:57)
    at junit.framework.Assert.failNotEquals(Assert.java:329)
    at junit.framework.Assert.assertEquals(Assert.java:78)
    at junit.framework.TestCase.assertEquals(TestCase.java:244)
    at org.apache.commons.lang.time.DateUtilsTest.testTruncateLang59(DateUtilsTest.java:927)
    at sun.reflect.NativeMethodAccessorImpl.invoke0(Native Method)
18:25:55.498 [pool-86-thread-1] INFO  f.i.l.c.t.SpecificationTestCasesListener - Tests run finished (1 ms)
<> Total tests run: 1
<> Ignored tests: 0
<> Failed tests: 1
~ testTruncateLang59(org.apache.commons.lang.time.DateUtilsTest)
[Truncate Calendar.SECOND expected:<Sun Oct 31 01:02:03 MDT 2004> but was:<Sun Oct 31 01:02:03 MST 2004>]
junit.framework.AssertionFailedError: Truncate Calendar.SECOND expected:<Sun Oct 31 01:02:03 MDT 2004> but was:<Sun Oct 31 01:02:03 MST 2004>    at junit.framework.Assert.fail(Assert.java:57)
    at junit.framework.Assert.failNotEquals(Assert.java:329)
    at junit.framework.Assert.assertEquals(Assert.java:78)
    at junit.framework.TestCase.assertEquals(TestCase.java:244)
    at org.apache.commons.lang.time.DateUtilsTest.testTruncateLang59(DateUtilsTest.java:927)
    at sun.reflect.NativeMethodAccessorImpl.invoke0(Native Method)

18:25:55.499 [pool-83-thread-1] DEBUG tests.output - Failing tests with false: 
[testTruncateLang59(org.apache.commons.lang.time.DateUtilsTest): Truncate Calendar.SECOND expected:<Sun Oct 31 01:02:03 MDT 2004> but was:<Sun Oct 31 01:02:03 MST 2004>]
18:25:55.499 [pool-83-thread-1] DEBUG tests.output - Failing tests with true: 
[testTruncateLang59(org.apache.commons.lang.time.DateUtilsTest): Truncate Calendar.SECOND expected:<Sun Oct 31 01:02:03 MDT 2004> but was:<Sun Oct 31 01:02:03 MST 2004>]
18:25:55.499 [pool-83-thread-1] INFO  f.i.l.r.n.synth.SMTNopolSynthesizer - Not enough specifications: 0. A trivial patch is "true" or "false", please write new tests specifying SourceLocation org.apache.commons.lang.time.DateUtils:700.
18:25:55.499 [pool-2-thread-1] DEBUG fr.inria.lille.repair.nopol.NoPol - statement #27
18:25:55.499 [pool-2-thread-1] DEBUG fr.inria.lille.repair.nopol.NoPol - Analysing SourceLocation org.apache.commons.lang.time.DateUtils:670 which is executed by 5 tests
1745874308
18:25:55.620 [pool-2-thread-1] DEBUG fr.inria.lille.repair.nopol.NoPol - looking with class fr.inria.lille.repair.nopol.spoon.smt.ConditionalAdder
junit.framework.AssertionFailedError: Truncate Calendar.SECOND expected:<Sun Oct 31 01:02:03 MDT 2004> but was:<Sun Oct 31 01:02:03 MST 2004>
    at junit.framework.Assert.fail(Assert.java:57)
    at junit.framework.Assert.failNotEquals(Assert.java:329)
    at junit.framework.Assert.assertEquals(Assert.java:78)
    at junit.framework.TestCase.assertEquals(TestCase.java:244)
    at org.apache.commons.lang.time.DateUtilsTest.testTruncateLang59(DateUtilsTest.java:927)
    at sun.reflect.NativeMethodAccessorImpl.invoke0(Native Method)
18:25:55.658 [pool-88-thread-1] INFO  xxl.java.junit.TestCasesListener - Tests run finished (30 ms)
<> Total tests run: 22
<> Ignored tests: 0
<> Failed tests: 1
~ testTruncateLang59(org.apache.commons.lang.time.DateUtilsTest)
[Truncate Calendar.SECOND expected:<Sun Oct 31 01:02:03 MDT 2004> but was:<Sun Oct 31 01:02:03 MST 2004>]
junit.framework.AssertionFailedError: Truncate Calendar.SECOND expected:<Sun Oct 31 01:02:03 MDT 2004> but was:<Sun Oct 31 01:02:03 MST 2004>    at junit.framework.Assert.fail(Assert.java:57)
    at junit.framework.Assert.failNotEquals(Assert.java:329)
    at junit.framework.Assert.assertEquals(Assert.java:78)
    at junit.framework.TestCase.assertEquals(TestCase.java:244)
    at org.apache.commons.lang.time.DateUtilsTest.testTruncateLang59(DateUtilsTest.java:927)
    at sun.reflect.NativeMethodAccessorImpl.invoke0(Native Method)

junit.framework.AssertionFailedError: Truncate Calendar.SECOND expected:<Sun Oct 31 01:02:03 MDT 2004> but was:<Sun Oct 31 01:02:03 MST 2004>
    at junit.framework.Assert.fail(Assert.java:57)
    at junit.framework.Assert.failNotEquals(Assert.java:329)
    at junit.framework.Assert.assertEquals(Assert.java:78)
    at junit.framework.TestCase.assertEquals(TestCase.java:244)
    at org.apache.commons.lang.time.DateUtilsTest.testTruncateLang59(DateUtilsTest.java:927)
    at sun.reflect.NativeMethodAccessorImpl.invoke0(Native Method)
18:25:55.904 [pool-89-thread-1] INFO  f.i.l.c.t.SpecificationTestCasesListener - Tests run finished (4 ms)
<> Total tests run: 1
<> Ignored tests: 0
<> Failed tests: 1
~ testTruncateLang59(org.apache.commons.lang.time.DateUtilsTest)
[Truncate Calendar.SECOND expected:<Sun Oct 31 01:02:03 MDT 2004> but was:<Sun Oct 31 01:02:03 MST 2004>]
junit.framework.AssertionFailedError: Truncate Calendar.SECOND expected:<Sun Oct 31 01:02:03 MDT 2004> but was:<Sun Oct 31 01:02:03 MST 2004>    at junit.framework.Assert.fail(Assert.java:57)
    at junit.framework.Assert.failNotEquals(Assert.java:329)
    at junit.framework.Assert.assertEquals(Assert.java:78)
    at junit.framework.TestCase.assertEquals(TestCase.java:244)
    at org.apache.commons.lang.time.DateUtilsTest.testTruncateLang59(DateUtilsTest.java:927)
    at sun.reflect.NativeMethodAccessorImpl.invoke0(Native Method)

junit.framework.AssertionFailedError: Truncate Calendar.SECOND expected:<Sun Oct 31 01:02:03 MDT 2004> but was:<Sun Oct 31 01:02:03 MST 2004>
    at junit.framework.Assert.fail(Assert.java:57)
    at junit.framework.Assert.failNotEquals(Assert.java:329)
    at junit.framework.Assert.assertEquals(Assert.java:78)
    at junit.framework.TestCase.assertEquals(TestCase.java:244)
    at org.apache.commons.lang.time.DateUtilsTest.testTruncateLang59(DateUtilsTest.java:927)
    at sun.reflect.NativeMethodAccessorImpl.invoke0(Native Method)
18:25:55.907 [pool-90-thread-1] INFO  f.i.l.c.t.SpecificationTestCasesListener - Tests run finished (1 ms)
<> Total tests run: 1
<> Ignored tests: 0
<> Failed tests: 1
~ testTruncateLang59(org.apache.commons.lang.time.DateUtilsTest)
[Truncate Calendar.SECOND expected:<Sun Oct 31 01:02:03 MDT 2004> but was:<Sun Oct 31 01:02:03 MST 2004>]
junit.framework.AssertionFailedError: Truncate Calendar.SECOND expected:<Sun Oct 31 01:02:03 MDT 2004> but was:<Sun Oct 31 01:02:03 MST 2004>    at junit.framework.Assert.fail(Assert.java:57)
    at junit.framework.Assert.failNotEquals(Assert.java:329)
    at junit.framework.Assert.assertEquals(Assert.java:78)
    at junit.framework.TestCase.assertEquals(TestCase.java:244)
    at org.apache.commons.lang.time.DateUtilsTest.testTruncateLang59(DateUtilsTest.java:927)
    at sun.reflect.NativeMethodAccessorImpl.invoke0(Native Method)

18:25:55.907 [pool-87-thread-1] DEBUG tests.output - Failing tests with false: 
[testTruncateLang59(org.apache.commons.lang.time.DateUtilsTest): Truncate Calendar.SECOND expected:<Sun Oct 31 01:02:03 MDT 2004> but was:<Sun Oct 31 01:02:03 MST 2004>]
18:25:55.907 [pool-87-thread-1] DEBUG tests.output - Failing tests with true: 
[testTruncateLang59(org.apache.commons.lang.time.DateUtilsTest): Truncate Calendar.SECOND expected:<Sun Oct 31 01:02:03 MDT 2004> but was:<Sun Oct 31 01:02:03 MST 2004>]
18:25:55.907 [pool-87-thread-1] INFO  f.i.l.r.n.synth.SMTNopolSynthesizer - Not enough specifications: 0. A trivial patch is "true" or "false", please write new tests specifying SourceLocation org.apache.commons.lang.time.DateUtils:670.
18:25:55.907 [pool-2-thread-1] DEBUG fr.inria.lille.repair.nopol.NoPol - statement #28
18:25:55.908 [pool-2-thread-1] DEBUG fr.inria.lille.repair.nopol.NoPol - Analysing SourceLocation org.apache.commons.lang.time.DateUtils:668 which is executed by 5 tests
1745874308
18:25:56.026 [pool-2-thread-1] DEBUG fr.inria.lille.repair.nopol.NoPol - statement #29
18:25:56.026 [pool-2-thread-1] DEBUG fr.inria.lille.repair.nopol.NoPol - Analysing SourceLocation org.apache.commons.lang.time.DateUtils:667 which is executed by 5 tests
1745874308
18:25:56.144 [pool-2-thread-1] DEBUG fr.inria.lille.repair.nopol.NoPol - statement #30
18:25:56.144 [pool-2-thread-1] DEBUG fr.inria.lille.repair.nopol.NoPol - Analysing SourceLocation org.apache.commons.lang.time.DateUtils:663 which is executed by 5 tests
1745874308
18:25:56.262 [pool-2-thread-1] DEBUG fr.inria.lille.repair.nopol.NoPol - looking with class fr.inria.lille.repair.nopol.spoon.smt.ConditionalAdder
junit.framework.AssertionFailedError: Truncate Calendar.SECOND expected:<Sun Oct 31 01:02:03 MDT 2004> but was:<Sun Oct 31 01:02:03 MST 2004>
    at junit.framework.Assert.fail(Assert.java:57)
    at junit.framework.Assert.failNotEquals(Assert.java:329)
    at junit.framework.Assert.assertEquals(Assert.java:78)
    at junit.framework.TestCase.assertEquals(TestCase.java:244)
    at org.apache.commons.lang.time.DateUtilsTest.testTruncateLang59(DateUtilsTest.java:927)
    at sun.reflect.NativeMethodAccessorImpl.invoke0(Native Method)
18:25:56.294 [pool-92-thread-1] INFO  xxl.java.junit.TestCasesListener - Tests run finished (23 ms)
<> Total tests run: 22
<> Ignored tests: 0
<> Failed tests: 1
~ testTruncateLang59(org.apache.commons.lang.time.DateUtilsTest)
[Truncate Calendar.SECOND expected:<Sun Oct 31 01:02:03 MDT 2004> but was:<Sun Oct 31 01:02:03 MST 2004>]
junit.framework.AssertionFailedError: Truncate Calendar.SECOND expected:<Sun Oct 31 01:02:03 MDT 2004> but was:<Sun Oct 31 01:02:03 MST 2004>    at junit.framework.Assert.fail(Assert.java:57)
    at junit.framework.Assert.failNotEquals(Assert.java:329)
    at junit.framework.Assert.assertEquals(Assert.java:78)
    at junit.framework.TestCase.assertEquals(TestCase.java:244)
    at org.apache.commons.lang.time.DateUtilsTest.testTruncateLang59(DateUtilsTest.java:927)
    at sun.reflect.NativeMethodAccessorImpl.invoke0(Native Method)

java.lang.IllegalArgumentException: The field 14 is not supported
    at org.apache.commons.lang.time.DateUtils.modify(DateUtils.java:292)
    at org.apache.commons.lang.time.DateUtils.truncate(DateUtils.java:175)
    at org.apache.commons.lang.time.DateUtilsTest.testTruncateLang59(DateUtilsTest.java:924)
    at sun.reflect.NativeMethodAccessorImpl.invoke0(Native Method)
    at sun.reflect.NativeMethodAccessorImpl.invoke(NativeMethodAccessorImpl.java:62)
    at sun.reflect.DelegatingMethodAccessorImpl.invoke(DelegatingMethodAccessorImpl.java:43)
18:25:56.537 [pool-93-thread-1] INFO  f.i.l.c.t.SpecificationTestCasesListener - Tests run finished (3 ms)
<> Total tests run: 1
<> Ignored tests: 0
<> Failed tests: 1
~ testTruncateLang59(org.apache.commons.lang.time.DateUtilsTest)
[The field 14 is not supported]
java.lang.IllegalArgumentException: The field 14 is not supported    at org.apache.commons.lang.time.DateUtils.modify(DateUtils.java:292)
    at org.apache.commons.lang.time.DateUtils.truncate(DateUtils.java:175)
    at org.apache.commons.lang.time.DateUtilsTest.testTruncateLang59(DateUtilsTest.java:924)
    at sun.reflect.NativeMethodAccessorImpl.invoke0(Native Method)
    at sun.reflect.NativeMethodAccessorImpl.invoke(NativeMethodAccessorImpl.java:62)
    at sun.reflect.DelegatingMethodAccessorImpl.invoke(DelegatingMethodAccessorImpl.java:43)

junit.framework.AssertionFailedError: Truncate Calendar.SECOND expected:<Sun Oct 31 01:02:03 MDT 2004> but was:<Sun Oct 31 01:02:03 MST 2004>
    at junit.framework.Assert.fail(Assert.java:57)
    at junit.framework.Assert.failNotEquals(Assert.java:329)
    at junit.framework.Assert.assertEquals(Assert.java:78)
    at junit.framework.TestCase.assertEquals(TestCase.java:244)
    at org.apache.commons.lang.time.DateUtilsTest.testTruncateLang59(DateUtilsTest.java:927)
    at sun.reflect.NativeMethodAccessorImpl.invoke0(Native Method)
18:25:56.540 [pool-94-thread-1] INFO  f.i.l.c.t.SpecificationTestCasesListener - Tests run finished (1 ms)
<> Total tests run: 1
<> Ignored tests: 0
<> Failed tests: 1
~ testTruncateLang59(org.apache.commons.lang.time.DateUtilsTest)
[Truncate Calendar.SECOND expected:<Sun Oct 31 01:02:03 MDT 2004> but was:<Sun Oct 31 01:02:03 MST 2004>]
junit.framework.AssertionFailedError: Truncate Calendar.SECOND expected:<Sun Oct 31 01:02:03 MDT 2004> but was:<Sun Oct 31 01:02:03 MST 2004>    at junit.framework.Assert.fail(Assert.java:57)
    at junit.framework.Assert.failNotEquals(Assert.java:329)
    at junit.framework.Assert.assertEquals(Assert.java:78)
    at junit.framework.TestCase.assertEquals(TestCase.java:244)
    at org.apache.commons.lang.time.DateUtilsTest.testTruncateLang59(DateUtilsTest.java:927)
    at sun.reflect.NativeMethodAccessorImpl.invoke0(Native Method)

18:25:56.541 [pool-91-thread-1] DEBUG tests.output - Failing tests with false: 
[testTruncateLang59(org.apache.commons.lang.time.DateUtilsTest): The field 14 is not supported]
18:25:56.541 [pool-91-thread-1] DEBUG tests.output - Failing tests with true: 
[testTruncateLang59(org.apache.commons.lang.time.DateUtilsTest): Truncate Calendar.SECOND expected:<Sun Oct 31 01:02:03 MDT 2004> but was:<Sun Oct 31 01:02:03 MST 2004>]
18:25:56.541 [pool-91-thread-1] INFO  f.i.l.r.n.synth.SMTNopolSynthesizer - Not enough specifications: 0. A trivial patch is "true" or "false", please write new tests specifying SourceLocation org.apache.commons.lang.time.DateUtils:663.
18:25:56.541 [pool-2-thread-1] DEBUG fr.inria.lille.repair.nopol.NoPol - statement #31
18:25:56.541 [pool-2-thread-1] DEBUG fr.inria.lille.repair.nopol.NoPol - Analysing SourceLocation org.apache.commons.lang.time.DateUtils:646 which is executed by 5 tests
1745874308
18:25:56.662 [pool-2-thread-1] DEBUG fr.inria.lille.repair.nopol.NoPol - looking with class fr.inria.lille.repair.nopol.spoon.smt.ConditionalAdder
junit.framework.AssertionFailedError: Truncate Calendar.SECOND expected:<Sun Oct 31 01:02:03 MDT 2004> but was:<Sun Oct 31 01:02:03 MST 2004>
    at junit.framework.Assert.fail(Assert.java:57)
    at junit.framework.Assert.failNotEquals(Assert.java:329)
    at junit.framework.Assert.assertEquals(Assert.java:78)
    at junit.framework.TestCase.assertEquals(TestCase.java:244)
    at org.apache.commons.lang.time.DateUtilsTest.testTruncateLang59(DateUtilsTest.java:927)
    at sun.reflect.NativeMethodAccessorImpl.invoke0(Native Method)
18:25:56.693 [pool-96-thread-1] INFO  xxl.java.junit.TestCasesListener - Tests run finished (24 ms)
<> Total tests run: 22
<> Ignored tests: 0
<> Failed tests: 1
~ testTruncateLang59(org.apache.commons.lang.time.DateUtilsTest)
[Truncate Calendar.SECOND expected:<Sun Oct 31 01:02:03 MDT 2004> but was:<Sun Oct 31 01:02:03 MST 2004>]
junit.framework.AssertionFailedError: Truncate Calendar.SECOND expected:<Sun Oct 31 01:02:03 MDT 2004> but was:<Sun Oct 31 01:02:03 MST 2004>    at junit.framework.Assert.fail(Assert.java:57)
    at junit.framework.Assert.failNotEquals(Assert.java:329)
    at junit.framework.Assert.assertEquals(Assert.java:78)
    at junit.framework.TestCase.assertEquals(TestCase.java:244)
    at org.apache.commons.lang.time.DateUtilsTest.testTruncateLang59(DateUtilsTest.java:927)
    at sun.reflect.NativeMethodAccessorImpl.invoke0(Native Method)

junit.framework.AssertionFailedError: Truncate Calendar.SECOND expected:<Sun Oct 31 01:02:03 MDT 2004> but was:<Sun Oct 31 01:02:03 MST 2004>
    at junit.framework.Assert.fail(Assert.java:57)
    at junit.framework.Assert.failNotEquals(Assert.java:329)
    at junit.framework.Assert.assertEquals(Assert.java:78)
    at junit.framework.TestCase.assertEquals(TestCase.java:244)
    at org.apache.commons.lang.time.DateUtilsTest.testTruncateLang59(DateUtilsTest.java:927)
    at sun.reflect.NativeMethodAccessorImpl.invoke0(Native Method)
18:25:56.955 [pool-97-thread-1] INFO  f.i.l.c.t.SpecificationTestCasesListener - Tests run finished (4 ms)
<> Total tests run: 1
<> Ignored tests: 0
<> Failed tests: 1
~ testTruncateLang59(org.apache.commons.lang.time.DateUtilsTest)
[Truncate Calendar.SECOND expected:<Sun Oct 31 01:02:03 MDT 2004> but was:<Sun Oct 31 01:02:03 MST 2004>]
junit.framework.AssertionFailedError: Truncate Calendar.SECOND expected:<Sun Oct 31 01:02:03 MDT 2004> but was:<Sun Oct 31 01:02:03 MST 2004>    at junit.framework.Assert.fail(Assert.java:57)
    at junit.framework.Assert.failNotEquals(Assert.java:329)
    at junit.framework.Assert.assertEquals(Assert.java:78)
    at junit.framework.TestCase.assertEquals(TestCase.java:244)
    at org.apache.commons.lang.time.DateUtilsTest.testTruncateLang59(DateUtilsTest.java:927)
    at sun.reflect.NativeMethodAccessorImpl.invoke0(Native Method)

junit.framework.AssertionFailedError: Truncate Calendar.SECOND expected:<Sun Oct 31 01:02:03 MDT 2004> but was:<Sun Oct 31 01:02:03 MST 2004>
    at junit.framework.Assert.fail(Assert.java:57)
    at junit.framework.Assert.failNotEquals(Assert.java:329)
    at junit.framework.Assert.assertEquals(Assert.java:78)
    at junit.framework.TestCase.assertEquals(TestCase.java:244)
    at org.apache.commons.lang.time.DateUtilsTest.testTruncateLang59(DateUtilsTest.java:927)
    at sun.reflect.NativeMethodAccessorImpl.invoke0(Native Method)
18:25:56.958 [pool-98-thread-1] INFO  f.i.l.c.t.SpecificationTestCasesListener - Tests run finished (2 ms)
<> Total tests run: 1
<> Ignored tests: 0
<> Failed tests: 1
~ testTruncateLang59(org.apache.commons.lang.time.DateUtilsTest)
[Truncate Calendar.SECOND expected:<Sun Oct 31 01:02:03 MDT 2004> but was:<Sun Oct 31 01:02:03 MST 2004>]
junit.framework.AssertionFailedError: Truncate Calendar.SECOND expected:<Sun Oct 31 01:02:03 MDT 2004> but was:<Sun Oct 31 01:02:03 MST 2004>    at junit.framework.Assert.fail(Assert.java:57)
    at junit.framework.Assert.failNotEquals(Assert.java:329)
    at junit.framework.Assert.assertEquals(Assert.java:78)
    at junit.framework.TestCase.assertEquals(TestCase.java:244)
    at org.apache.commons.lang.time.DateUtilsTest.testTruncateLang59(DateUtilsTest.java:927)
    at sun.reflect.NativeMethodAccessorImpl.invoke0(Native Method)

18:25:56.958 [pool-95-thread-1] DEBUG tests.output - Failing tests with false: 
[testTruncateLang59(org.apache.commons.lang.time.DateUtilsTest): Truncate Calendar.SECOND expected:<Sun Oct 31 01:02:03 MDT 2004> but was:<Sun Oct 31 01:02:03 MST 2004>]
18:25:56.958 [pool-95-thread-1] DEBUG tests.output - Failing tests with true: 
[testTruncateLang59(org.apache.commons.lang.time.DateUtilsTest): Truncate Calendar.SECOND expected:<Sun Oct 31 01:02:03 MDT 2004> but was:<Sun Oct 31 01:02:03 MST 2004>]
18:25:56.959 [pool-95-thread-1] INFO  f.i.l.r.n.synth.SMTNopolSynthesizer - Not enough specifications: 0. A trivial patch is "true" or "false", please write new tests specifying SourceLocation org.apache.commons.lang.time.DateUtils:646.
18:25:56.959 [pool-2-thread-1] DEBUG fr.inria.lille.repair.nopol.NoPol - looking with class fr.inria.lille.repair.nopol.spoon.smt.ConditionalReplacer
junit.framework.AssertionFailedError: Truncate Calendar.SECOND expected:<Sun Oct 31 01:02:03 MDT 2004> but was:<Sun Oct 31 01:02:03 MST 2004>
    at junit.framework.Assert.fail(Assert.java:57)
    at junit.framework.Assert.failNotEquals(Assert.java:329)
    at junit.framework.Assert.assertEquals(Assert.java:78)
    at junit.framework.TestCase.assertEquals(TestCase.java:244)
    at org.apache.commons.lang.time.DateUtilsTest.testTruncateLang59(DateUtilsTest.java:927)
    at sun.reflect.NativeMethodAccessorImpl.invoke0(Native Method)
18:25:56.991 [pool-100-thread-1] INFO  xxl.java.junit.TestCasesListener - Tests run finished (25 ms)
<> Total tests run: 22
<> Ignored tests: 0
<> Failed tests: 1
~ testTruncateLang59(org.apache.commons.lang.time.DateUtilsTest)
[Truncate Calendar.SECOND expected:<Sun Oct 31 01:02:03 MDT 2004> but was:<Sun Oct 31 01:02:03 MST 2004>]
junit.framework.AssertionFailedError: Truncate Calendar.SECOND expected:<Sun Oct 31 01:02:03 MDT 2004> but was:<Sun Oct 31 01:02:03 MST 2004>    at junit.framework.Assert.fail(Assert.java:57)
    at junit.framework.Assert.failNotEquals(Assert.java:329)
    at junit.framework.Assert.assertEquals(Assert.java:78)
    at junit.framework.TestCase.assertEquals(TestCase.java:244)
    at org.apache.commons.lang.time.DateUtilsTest.testTruncateLang59(DateUtilsTest.java:927)
    at sun.reflect.NativeMethodAccessorImpl.invoke0(Native Method)

junit.framework.AssertionFailedError: Truncate Calendar.SECOND expected:<Sun Oct 31 01:02:03 MDT 2004> but was:<Sun Oct 31 01:02:03 MST 2004>
    at junit.framework.Assert.fail(Assert.java:57)
    at junit.framework.Assert.failNotEquals(Assert.java:329)
    at junit.framework.Assert.assertEquals(Assert.java:78)
    at junit.framework.TestCase.assertEquals(TestCase.java:244)
    at org.apache.commons.lang.time.DateUtilsTest.testTruncateLang59(DateUtilsTest.java:927)
    at sun.reflect.NativeMethodAccessorImpl.invoke0(Native Method)
18:25:57.232 [pool-101-thread-1] INFO  f.i.l.c.t.SpecificationTestCasesListener - Tests run finished (4 ms)
<> Total tests run: 1
<> Ignored tests: 0
<> Failed tests: 1
~ testTruncateLang59(org.apache.commons.lang.time.DateUtilsTest)
[Truncate Calendar.SECOND expected:<Sun Oct 31 01:02:03 MDT 2004> but was:<Sun Oct 31 01:02:03 MST 2004>]
junit.framework.AssertionFailedError: Truncate Calendar.SECOND expected:<Sun Oct 31 01:02:03 MDT 2004> but was:<Sun Oct 31 01:02:03 MST 2004>    at junit.framework.Assert.fail(Assert.java:57)
    at junit.framework.Assert.failNotEquals(Assert.java:329)
    at junit.framework.Assert.assertEquals(Assert.java:78)
    at junit.framework.TestCase.assertEquals(TestCase.java:244)
    at org.apache.commons.lang.time.DateUtilsTest.testTruncateLang59(DateUtilsTest.java:927)
    at sun.reflect.NativeMethodAccessorImpl.invoke0(Native Method)

junit.framework.AssertionFailedError: Truncate Calendar.MILLISECOND expected:<Sun Oct 31 01:02:03 MDT 2004> but was:<Sun Oct 31 01:02:03 MDT 2004>
    at junit.framework.Assert.fail(Assert.java:57)
    at junit.framework.Assert.failNotEquals(Assert.java:329)
    at junit.framework.Assert.assertEquals(Assert.java:78)
    at junit.framework.TestCase.assertEquals(TestCase.java:244)
    at org.apache.commons.lang.time.DateUtilsTest.testTruncateLang59(DateUtilsTest.java:924)
    at sun.reflect.NativeMethodAccessorImpl.invoke0(Native Method)
18:25:57.235 [pool-102-thread-1] INFO  f.i.l.c.t.SpecificationTestCasesListener - Tests run finished (2 ms)
<> Total tests run: 1
<> Ignored tests: 0
<> Failed tests: 1
~ testTruncateLang59(org.apache.commons.lang.time.DateUtilsTest)
[Truncate Calendar.MILLISECOND expected:<Sun Oct 31 01:02:03 MDT 2004> but was:<Sun Oct 31 01:02:03 MDT 2004>]
junit.framework.AssertionFailedError: Truncate Calendar.MILLISECOND expected:<Sun Oct 31 01:02:03 MDT 2004> but was:<Sun Oct 31 01:02:03 MDT 2004>    at junit.framework.Assert.fail(Assert.java:57)
    at junit.framework.Assert.failNotEquals(Assert.java:329)
    at junit.framework.Assert.assertEquals(Assert.java:78)
    at junit.framework.TestCase.assertEquals(TestCase.java:244)
    at org.apache.commons.lang.time.DateUtilsTest.testTruncateLang59(DateUtilsTest.java:924)
    at sun.reflect.NativeMethodAccessorImpl.invoke0(Native Method)

18:25:57.235 [pool-99-thread-1] DEBUG tests.output - Failing tests with false: 
[testTruncateLang59(org.apache.commons.lang.time.DateUtilsTest): Truncate Calendar.SECOND expected:<Sun Oct 31 01:02:03 MDT 2004> but was:<Sun Oct 31 01:02:03 MST 2004>]
18:25:57.235 [pool-99-thread-1] DEBUG tests.output - Failing tests with true: 
[testTruncateLang59(org.apache.commons.lang.time.DateUtilsTest): Truncate Calendar.MILLISECOND expected:<Sun Oct 31 01:02:03 MDT 2004> but was:<Sun Oct 31 01:02:03 MDT 2004>]
18:25:57.235 [pool-99-thread-1] INFO  f.i.l.r.n.synth.SMTNopolSynthesizer - Not enough specifications: 0. A trivial patch is "true" or "false", please write new tests specifying SourceLocation org.apache.commons.lang.time.DateUtils:646.
18:25:57.235 [pool-2-thread-1] DEBUG fr.inria.lille.repair.nopol.NoPol - statement #32
18:25:57.236 [pool-2-thread-1] DEBUG fr.inria.lille.repair.nopol.NoPol - Analysing SourceLocation org.apache.commons.lang.time.DateUtils:644 which is executed by 5 tests
1745874308
18:25:57.357 [pool-2-thread-1] DEBUG fr.inria.lille.repair.nopol.NoPol - looking with class fr.inria.lille.repair.nopol.spoon.smt.ConditionalAdder
junit.framework.AssertionFailedError: Truncate Calendar.SECOND expected:<Sun Oct 31 01:02:03 MDT 2004> but was:<Sun Oct 31 01:02:03 MST 2004>
    at junit.framework.Assert.fail(Assert.java:57)
    at junit.framework.Assert.failNotEquals(Assert.java:329)
    at junit.framework.Assert.assertEquals(Assert.java:78)
    at junit.framework.TestCase.assertEquals(TestCase.java:244)
    at org.apache.commons.lang.time.DateUtilsTest.testTruncateLang59(DateUtilsTest.java:927)
    at sun.reflect.NativeMethodAccessorImpl.invoke0(Native Method)
18:25:57.390 [pool-104-thread-1] INFO  xxl.java.junit.TestCasesListener - Tests run finished (26 ms)
<> Total tests run: 22
<> Ignored tests: 0
<> Failed tests: 1
~ testTruncateLang59(org.apache.commons.lang.time.DateUtilsTest)
[Truncate Calendar.SECOND expected:<Sun Oct 31 01:02:03 MDT 2004> but was:<Sun Oct 31 01:02:03 MST 2004>]
junit.framework.AssertionFailedError: Truncate Calendar.SECOND expected:<Sun Oct 31 01:02:03 MDT 2004> but was:<Sun Oct 31 01:02:03 MST 2004>    at junit.framework.Assert.fail(Assert.java:57)
    at junit.framework.Assert.failNotEquals(Assert.java:329)
    at junit.framework.Assert.assertEquals(Assert.java:78)
    at junit.framework.TestCase.assertEquals(TestCase.java:244)
    at org.apache.commons.lang.time.DateUtilsTest.testTruncateLang59(DateUtilsTest.java:927)
    at sun.reflect.NativeMethodAccessorImpl.invoke0(Native Method)

java.lang.IllegalArgumentException: The field 14 is not supported
    at org.apache.commons.lang.time.DateUtils.modify(DateUtils.java:292)
    at org.apache.commons.lang.time.DateUtils.truncate(DateUtils.java:175)
    at org.apache.commons.lang.time.DateUtilsTest.testTruncateLang59(DateUtilsTest.java:924)
    at sun.reflect.NativeMethodAccessorImpl.invoke0(Native Method)
    at sun.reflect.NativeMethodAccessorImpl.invoke(NativeMethodAccessorImpl.java:62)
    at sun.reflect.DelegatingMethodAccessorImpl.invoke(DelegatingMethodAccessorImpl.java:43)
18:25:57.631 [pool-105-thread-1] INFO  f.i.l.c.t.SpecificationTestCasesListener - Tests run finished (4 ms)
<> Total tests run: 1
<> Ignored tests: 0
<> Failed tests: 1
~ testTruncateLang59(org.apache.commons.lang.time.DateUtilsTest)
[The field 14 is not supported]
java.lang.IllegalArgumentException: The field 14 is not supported    at org.apache.commons.lang.time.DateUtils.modify(DateUtils.java:292)
    at org.apache.commons.lang.time.DateUtils.truncate(DateUtils.java:175)
    at org.apache.commons.lang.time.DateUtilsTest.testTruncateLang59(DateUtilsTest.java:924)
    at sun.reflect.NativeMethodAccessorImpl.invoke0(Native Method)
    at sun.reflect.NativeMethodAccessorImpl.invoke(NativeMethodAccessorImpl.java:62)
    at sun.reflect.DelegatingMethodAccessorImpl.invoke(DelegatingMethodAccessorImpl.java:43)

junit.framework.AssertionFailedError: Truncate Calendar.SECOND expected:<Sun Oct 31 01:02:03 MDT 2004> but was:<Sun Oct 31 01:02:03 MST 2004>
    at junit.framework.Assert.fail(Assert.java:57)
    at junit.framework.Assert.failNotEquals(Assert.java:329)
    at junit.framework.Assert.assertEquals(Assert.java:78)
    at junit.framework.TestCase.assertEquals(TestCase.java:244)
    at org.apache.commons.lang.time.DateUtilsTest.testTruncateLang59(DateUtilsTest.java:927)
    at sun.reflect.NativeMethodAccessorImpl.invoke0(Native Method)
18:25:57.634 [pool-106-thread-1] INFO  f.i.l.c.t.SpecificationTestCasesListener - Tests run finished (2 ms)
<> Total tests run: 1
<> Ignored tests: 0
<> Failed tests: 1
~ testTruncateLang59(org.apache.commons.lang.time.DateUtilsTest)
[Truncate Calendar.SECOND expected:<Sun Oct 31 01:02:03 MDT 2004> but was:<Sun Oct 31 01:02:03 MST 2004>]
junit.framework.AssertionFailedError: Truncate Calendar.SECOND expected:<Sun Oct 31 01:02:03 MDT 2004> but was:<Sun Oct 31 01:02:03 MST 2004>    at junit.framework.Assert.fail(Assert.java:57)
    at junit.framework.Assert.failNotEquals(Assert.java:329)
    at junit.framework.Assert.assertEquals(Assert.java:78)
    at junit.framework.TestCase.assertEquals(TestCase.java:244)
    at org.apache.commons.lang.time.DateUtilsTest.testTruncateLang59(DateUtilsTest.java:927)
    at sun.reflect.NativeMethodAccessorImpl.invoke0(Native Method)

18:25:57.635 [pool-103-thread-1] DEBUG tests.output - Failing tests with false: 
[testTruncateLang59(org.apache.commons.lang.time.DateUtilsTest): The field 14 is not supported]
18:25:57.635 [pool-103-thread-1] DEBUG tests.output - Failing tests with true: 
[testTruncateLang59(org.apache.commons.lang.time.DateUtilsTest): Truncate Calendar.SECOND expected:<Sun Oct 31 01:02:03 MDT 2004> but was:<Sun Oct 31 01:02:03 MST 2004>]
18:25:57.635 [pool-103-thread-1] INFO  f.i.l.r.n.synth.SMTNopolSynthesizer - Not enough specifications: 0. A trivial patch is "true" or "false", please write new tests specifying SourceLocation org.apache.commons.lang.time.DateUtils:644.
18:25:57.635 [pool-2-thread-1] DEBUG fr.inria.lille.repair.nopol.NoPol - looking with class fr.inria.lille.repair.nopol.spoon.smt.ConditionalReplacer
junit.framework.AssertionFailedError: Truncate Calendar.SECOND expected:<Sun Oct 31 01:02:03 MDT 2004> but was:<Sun Oct 31 01:02:03 MST 2004>
    at junit.framework.Assert.fail(Assert.java:57)
    at junit.framework.Assert.failNotEquals(Assert.java:329)
    at junit.framework.Assert.assertEquals(Assert.java:78)
    at junit.framework.TestCase.assertEquals(TestCase.java:244)
    at org.apache.commons.lang.time.DateUtilsTest.testTruncateLang59(DateUtilsTest.java:927)
    at sun.reflect.NativeMethodAccessorImpl.invoke0(Native Method)
18:25:57.667 [pool-108-thread-1] INFO  xxl.java.junit.TestCasesListener - Tests run finished (24 ms)
<> Total tests run: 22
<> Ignored tests: 0
<> Failed tests: 1
~ testTruncateLang59(org.apache.commons.lang.time.DateUtilsTest)
[Truncate Calendar.SECOND expected:<Sun Oct 31 01:02:03 MDT 2004> but was:<Sun Oct 31 01:02:03 MST 2004>]
junit.framework.AssertionFailedError: Truncate Calendar.SECOND expected:<Sun Oct 31 01:02:03 MDT 2004> but was:<Sun Oct 31 01:02:03 MST 2004>    at junit.framework.Assert.fail(Assert.java:57)
    at junit.framework.Assert.failNotEquals(Assert.java:329)
    at junit.framework.Assert.assertEquals(Assert.java:78)
    at junit.framework.TestCase.assertEquals(TestCase.java:244)
    at org.apache.commons.lang.time.DateUtilsTest.testTruncateLang59(DateUtilsTest.java:927)
    at sun.reflect.NativeMethodAccessorImpl.invoke0(Native Method)

java.lang.IllegalArgumentException: The field 14 is not supported
    at org.apache.commons.lang.time.DateUtils.modify(DateUtils.java:292)
    at org.apache.commons.lang.time.DateUtils.truncate(DateUtils.java:175)
    at org.apache.commons.lang.time.DateUtilsTest.testTruncateLang59(DateUtilsTest.java:924)
    at sun.reflect.NativeMethodAccessorImpl.invoke0(Native Method)
    at sun.reflect.NativeMethodAccessorImpl.invoke(NativeMethodAccessorImpl.java:62)
    at sun.reflect.DelegatingMethodAccessorImpl.invoke(DelegatingMethodAccessorImpl.java:43)
18:25:57.907 [pool-109-thread-1] INFO  f.i.l.c.t.SpecificationTestCasesListener - Tests run finished (4 ms)
<> Total tests run: 1
<> Ignored tests: 0
<> Failed tests: 1
~ testTruncateLang59(org.apache.commons.lang.time.DateUtilsTest)
[The field 14 is not supported]
java.lang.IllegalArgumentException: The field 14 is not supported    at org.apache.commons.lang.time.DateUtils.modify(DateUtils.java:292)
    at org.apache.commons.lang.time.DateUtils.truncate(DateUtils.java:175)
    at org.apache.commons.lang.time.DateUtilsTest.testTruncateLang59(DateUtilsTest.java:924)
    at sun.reflect.NativeMethodAccessorImpl.invoke0(Native Method)
    at sun.reflect.NativeMethodAccessorImpl.invoke(NativeMethodAccessorImpl.java:62)
    at sun.reflect.DelegatingMethodAccessorImpl.invoke(DelegatingMethodAccessorImpl.java:43)

junit.framework.AssertionFailedError: Truncate Calendar.SECOND expected:<Sun Oct 31 01:02:03 MDT 2004> but was:<Sun Oct 31 01:02:03 MDT 2004>
    at junit.framework.Assert.fail(Assert.java:57)
    at junit.framework.Assert.failNotEquals(Assert.java:329)
    at junit.framework.Assert.assertEquals(Assert.java:78)
    at junit.framework.TestCase.assertEquals(TestCase.java:244)
    at org.apache.commons.lang.time.DateUtilsTest.testTruncateLang59(DateUtilsTest.java:927)
    at sun.reflect.NativeMethodAccessorImpl.invoke0(Native Method)
18:25:57.909 [pool-110-thread-1] INFO  f.i.l.c.t.SpecificationTestCasesListener - Tests run finished (1 ms)
<> Total tests run: 1
<> Ignored tests: 0
<> Failed tests: 1
~ testTruncateLang59(org.apache.commons.lang.time.DateUtilsTest)
[Truncate Calendar.SECOND expected:<Sun Oct 31 01:02:03 MDT 2004> but was:<Sun Oct 31 01:02:03 MDT 2004>]
junit.framework.AssertionFailedError: Truncate Calendar.SECOND expected:<Sun Oct 31 01:02:03 MDT 2004> but was:<Sun Oct 31 01:02:03 MDT 2004>    at junit.framework.Assert.fail(Assert.java:57)
    at junit.framework.Assert.failNotEquals(Assert.java:329)
    at junit.framework.Assert.assertEquals(Assert.java:78)
    at junit.framework.TestCase.assertEquals(TestCase.java:244)
    at org.apache.commons.lang.time.DateUtilsTest.testTruncateLang59(DateUtilsTest.java:927)
    at sun.reflect.NativeMethodAccessorImpl.invoke0(Native Method)

18:25:57.909 [pool-107-thread-1] DEBUG tests.output - Failing tests with false: 
[testTruncateLang59(org.apache.commons.lang.time.DateUtilsTest): The field 14 is not supported]
18:25:57.909 [pool-107-thread-1] DEBUG tests.output - Failing tests with true: 
[testTruncateLang59(org.apache.commons.lang.time.DateUtilsTest): Truncate Calendar.SECOND expected:<Sun Oct 31 01:02:03 MDT 2004> but was:<Sun Oct 31 01:02:03 MDT 2004>]
18:25:57.909 [pool-107-thread-1] INFO  f.i.l.r.n.synth.SMTNopolSynthesizer - Not enough specifications: 0. A trivial patch is "true" or "false", please write new tests specifying SourceLocation org.apache.commons.lang.time.DateUtils:644.
18:25:57.910 [pool-2-thread-1] DEBUG fr.inria.lille.repair.nopol.NoPol - statement #33
18:25:57.910 [pool-2-thread-1] DEBUG fr.inria.lille.repair.nopol.NoPol - Analysing SourceLocation org.apache.commons.lang.time.DateUtils:643 which is executed by 5 tests
1745874308
18:25:58.027 [pool-2-thread-1] DEBUG fr.inria.lille.repair.nopol.NoPol - looking with class fr.inria.lille.repair.nopol.spoon.smt.ConditionalAdder
junit.framework.AssertionFailedError: Truncate Calendar.SECOND expected:<Sun Oct 31 01:02:03 MDT 2004> but was:<Sun Oct 31 01:02:03 MST 2004>
    at junit.framework.Assert.fail(Assert.java:57)
    at junit.framework.Assert.failNotEquals(Assert.java:329)
    at junit.framework.Assert.assertEquals(Assert.java:78)
    at junit.framework.TestCase.assertEquals(TestCase.java:244)
    at org.apache.commons.lang.time.DateUtilsTest.testTruncateLang59(DateUtilsTest.java:927)
    at sun.reflect.NativeMethodAccessorImpl.invoke0(Native Method)
18:25:58.058 [pool-112-thread-1] INFO  xxl.java.junit.TestCasesListener - Tests run finished (23 ms)
<> Total tests run: 22
<> Ignored tests: 0
<> Failed tests: 1
~ testTruncateLang59(org.apache.commons.lang.time.DateUtilsTest)
[Truncate Calendar.SECOND expected:<Sun Oct 31 01:02:03 MDT 2004> but was:<Sun Oct 31 01:02:03 MST 2004>]
junit.framework.AssertionFailedError: Truncate Calendar.SECOND expected:<Sun Oct 31 01:02:03 MDT 2004> but was:<Sun Oct 31 01:02:03 MST 2004>    at junit.framework.Assert.fail(Assert.java:57)
    at junit.framework.Assert.failNotEquals(Assert.java:329)
    at junit.framework.Assert.assertEquals(Assert.java:78)
    at junit.framework.TestCase.assertEquals(TestCase.java:244)
    at org.apache.commons.lang.time.DateUtilsTest.testTruncateLang59(DateUtilsTest.java:927)
    at sun.reflect.NativeMethodAccessorImpl.invoke0(Native Method)

java.lang.IllegalArgumentException: The field 14 is not supported
    at org.apache.commons.lang.time.DateUtils.modify(DateUtils.java:292)
    at org.apache.commons.lang.time.DateUtils.truncate(DateUtils.java:175)
    at org.apache.commons.lang.time.DateUtilsTest.testTruncateLang59(DateUtilsTest.java:924)
    at sun.reflect.NativeMethodAccessorImpl.invoke0(Native Method)
    at sun.reflect.NativeMethodAccessorImpl.invoke(NativeMethodAccessorImpl.java:62)
    at sun.reflect.DelegatingMethodAccessorImpl.invoke(DelegatingMethodAccessorImpl.java:43)
18:25:58.293 [pool-113-thread-1] INFO  f.i.l.c.t.SpecificationTestCasesListener - Tests run finished (3 ms)
<> Total tests run: 1
<> Ignored tests: 0
<> Failed tests: 1
~ testTruncateLang59(org.apache.commons.lang.time.DateUtilsTest)
[The field 14 is not supported]
java.lang.IllegalArgumentException: The field 14 is not supported    at org.apache.commons.lang.time.DateUtils.modify(DateUtils.java:292)
    at org.apache.commons.lang.time.DateUtils.truncate(DateUtils.java:175)
    at org.apache.commons.lang.time.DateUtilsTest.testTruncateLang59(DateUtilsTest.java:924)
    at sun.reflect.NativeMethodAccessorImpl.invoke0(Native Method)
    at sun.reflect.NativeMethodAccessorImpl.invoke(NativeMethodAccessorImpl.java:62)
    at sun.reflect.DelegatingMethodAccessorImpl.invoke(DelegatingMethodAccessorImpl.java:43)

junit.framework.AssertionFailedError: Truncate Calendar.SECOND expected:<Sun Oct 31 01:02:03 MDT 2004> but was:<Sun Oct 31 01:02:03 MST 2004>
    at junit.framework.Assert.fail(Assert.java:57)
    at junit.framework.Assert.failNotEquals(Assert.java:329)
    at junit.framework.Assert.assertEquals(Assert.java:78)
    at junit.framework.TestCase.assertEquals(TestCase.java:244)
    at org.apache.commons.lang.time.DateUtilsTest.testTruncateLang59(DateUtilsTest.java:927)
    at sun.reflect.NativeMethodAccessorImpl.invoke0(Native Method)
18:25:58.296 [pool-114-thread-1] INFO  f.i.l.c.t.SpecificationTestCasesListener - Tests run finished (1 ms)
<> Total tests run: 1
<> Ignored tests: 0
<> Failed tests: 1
~ testTruncateLang59(org.apache.commons.lang.time.DateUtilsTest)
[Truncate Calendar.SECOND expected:<Sun Oct 31 01:02:03 MDT 2004> but was:<Sun Oct 31 01:02:03 MST 2004>]
junit.framework.AssertionFailedError: Truncate Calendar.SECOND expected:<Sun Oct 31 01:02:03 MDT 2004> but was:<Sun Oct 31 01:02:03 MST 2004>    at junit.framework.Assert.fail(Assert.java:57)
    at junit.framework.Assert.failNotEquals(Assert.java:329)
    at junit.framework.Assert.assertEquals(Assert.java:78)
    at junit.framework.TestCase.assertEquals(TestCase.java:244)
    at org.apache.commons.lang.time.DateUtilsTest.testTruncateLang59(DateUtilsTest.java:927)
    at sun.reflect.NativeMethodAccessorImpl.invoke0(Native Method)

18:25:58.296 [pool-111-thread-1] DEBUG tests.output - Failing tests with false: 
[testTruncateLang59(org.apache.commons.lang.time.DateUtilsTest): The field 14 is not supported]
18:25:58.297 [pool-111-thread-1] DEBUG tests.output - Failing tests with true: 
[testTruncateLang59(org.apache.commons.lang.time.DateUtilsTest): Truncate Calendar.SECOND expected:<Sun Oct 31 01:02:03 MDT 2004> but was:<Sun Oct 31 01:02:03 MST 2004>]
18:25:58.297 [pool-111-thread-1] INFO  f.i.l.r.n.synth.SMTNopolSynthesizer - Not enough specifications: 0. A trivial patch is "true" or "false", please write new tests specifying SourceLocation org.apache.commons.lang.time.DateUtils:643.
18:25:58.297 [pool-2-thread-1] DEBUG fr.inria.lille.repair.nopol.NoPol - statement #34
18:25:58.297 [pool-2-thread-1] DEBUG fr.inria.lille.repair.nopol.NoPol - Analysing SourceLocation org.apache.commons.lang.time.DateUtils:642 which is executed by 5 tests
1745874308
18:25:58.418 [pool-2-thread-1] DEBUG fr.inria.lille.repair.nopol.NoPol - looking with class fr.inria.lille.repair.nopol.spoon.smt.ConditionalAdder
junit.framework.AssertionFailedError: Truncate Calendar.SECOND expected:<Sun Oct 31 01:02:03 MDT 2004> but was:<Sun Oct 31 01:02:03 MST 2004>
    at junit.framework.Assert.fail(Assert.java:57)
    at junit.framework.Assert.failNotEquals(Assert.java:329)
    at junit.framework.Assert.assertEquals(Assert.java:78)
    at junit.framework.TestCase.assertEquals(TestCase.java:244)
    at org.apache.commons.lang.time.DateUtilsTest.testTruncateLang59(DateUtilsTest.java:927)
    at sun.reflect.NativeMethodAccessorImpl.invoke0(Native Method)
18:25:58.448 [pool-116-thread-1] INFO  xxl.java.junit.TestCasesListener - Tests run finished (22 ms)
<> Total tests run: 22
<> Ignored tests: 0
<> Failed tests: 1
~ testTruncateLang59(org.apache.commons.lang.time.DateUtilsTest)
[Truncate Calendar.SECOND expected:<Sun Oct 31 01:02:03 MDT 2004> but was:<Sun Oct 31 01:02:03 MST 2004>]
junit.framework.AssertionFailedError: Truncate Calendar.SECOND expected:<Sun Oct 31 01:02:03 MDT 2004> but was:<Sun Oct 31 01:02:03 MST 2004>    at junit.framework.Assert.fail(Assert.java:57)
    at junit.framework.Assert.failNotEquals(Assert.java:329)
    at junit.framework.Assert.assertEquals(Assert.java:78)
    at junit.framework.TestCase.assertEquals(TestCase.java:244)
    at org.apache.commons.lang.time.DateUtilsTest.testTruncateLang59(DateUtilsTest.java:927)
    at sun.reflect.NativeMethodAccessorImpl.invoke0(Native Method)

java.lang.IllegalArgumentException: The field 14 is not supported
    at org.apache.commons.lang.time.DateUtils.modify(DateUtils.java:292)
    at org.apache.commons.lang.time.DateUtils.truncate(DateUtils.java:175)
    at org.apache.commons.lang.time.DateUtilsTest.testTruncateLang59(DateUtilsTest.java:924)
    at sun.reflect.NativeMethodAccessorImpl.invoke0(Native Method)
    at sun.reflect.NativeMethodAccessorImpl.invoke(NativeMethodAccessorImpl.java:62)
    at sun.reflect.DelegatingMethodAccessorImpl.invoke(DelegatingMethodAccessorImpl.java:43)
18:25:58.708 [pool-117-thread-1] INFO  f.i.l.c.t.SpecificationTestCasesListener - Tests run finished (4 ms)
<> Total tests run: 1
<> Ignored tests: 0
<> Failed tests: 1
~ testTruncateLang59(org.apache.commons.lang.time.DateUtilsTest)
[The field 14 is not supported]
java.lang.IllegalArgumentException: The field 14 is not supported    at org.apache.commons.lang.time.DateUtils.modify(DateUtils.java:292)
    at org.apache.commons.lang.time.DateUtils.truncate(DateUtils.java:175)
    at org.apache.commons.lang.time.DateUtilsTest.testTruncateLang59(DateUtilsTest.java:924)
    at sun.reflect.NativeMethodAccessorImpl.invoke0(Native Method)
    at sun.reflect.NativeMethodAccessorImpl.invoke(NativeMethodAccessorImpl.java:62)
    at sun.reflect.DelegatingMethodAccessorImpl.invoke(DelegatingMethodAccessorImpl.java:43)

junit.framework.AssertionFailedError: Truncate Calendar.SECOND expected:<Sun Oct 31 01:02:03 MDT 2004> but was:<Sun Oct 31 01:02:03 MST 2004>
    at junit.framework.Assert.fail(Assert.java:57)
    at junit.framework.Assert.failNotEquals(Assert.java:329)
    at junit.framework.Assert.assertEquals(Assert.java:78)
    at junit.framework.TestCase.assertEquals(TestCase.java:244)
    at org.apache.commons.lang.time.DateUtilsTest.testTruncateLang59(DateUtilsTest.java:927)
    at sun.reflect.NativeMethodAccessorImpl.invoke0(Native Method)
18:25:58.712 [pool-118-thread-1] INFO  f.i.l.c.t.SpecificationTestCasesListener - Tests run finished (2 ms)
<> Total tests run: 1
<> Ignored tests: 0
<> Failed tests: 1
~ testTruncateLang59(org.apache.commons.lang.time.DateUtilsTest)
[Truncate Calendar.SECOND expected:<Sun Oct 31 01:02:03 MDT 2004> but was:<Sun Oct 31 01:02:03 MST 2004>]
junit.framework.AssertionFailedError: Truncate Calendar.SECOND expected:<Sun Oct 31 01:02:03 MDT 2004> but was:<Sun Oct 31 01:02:03 MST 2004>    at junit.framework.Assert.fail(Assert.java:57)
    at junit.framework.Assert.failNotEquals(Assert.java:329)
    at junit.framework.Assert.assertEquals(Assert.java:78)
    at junit.framework.TestCase.assertEquals(TestCase.java:244)
    at org.apache.commons.lang.time.DateUtilsTest.testTruncateLang59(DateUtilsTest.java:927)
    at sun.reflect.NativeMethodAccessorImpl.invoke0(Native Method)

18:25:58.712 [pool-115-thread-1] DEBUG tests.output - Failing tests with false: 
[testTruncateLang59(org.apache.commons.lang.time.DateUtilsTest): The field 14 is not supported]
18:25:58.712 [pool-115-thread-1] DEBUG tests.output - Failing tests with true: 
[testTruncateLang59(org.apache.commons.lang.time.DateUtilsTest): Truncate Calendar.SECOND expected:<Sun Oct 31 01:02:03 MDT 2004> but was:<Sun Oct 31 01:02:03 MST 2004>]
18:25:58.713 [pool-115-thread-1] INFO  f.i.l.r.n.synth.SMTNopolSynthesizer - Not enough specifications: 0. A trivial patch is "true" or "false", please write new tests specifying SourceLocation org.apache.commons.lang.time.DateUtils:642.
18:25:58.713 [pool-2-thread-1] DEBUG fr.inria.lille.repair.nopol.NoPol - statement #35
18:25:58.713 [pool-2-thread-1] DEBUG fr.inria.lille.repair.nopol.NoPol - Analysing SourceLocation org.apache.commons.lang.time.DateUtils:641 which is executed by 5 tests
1745874308
18:25:58.860 [pool-2-thread-1] DEBUG fr.inria.lille.repair.nopol.NoPol - statement #36
18:25:58.860 [pool-2-thread-1] DEBUG fr.inria.lille.repair.nopol.NoPol - Analysing SourceLocation org.apache.commons.lang.time.DateUtils:620 which is executed by 5 tests
1745874308
18:25:59.010 [pool-2-thread-1] DEBUG fr.inria.lille.repair.nopol.NoPol - looking with class fr.inria.lille.repair.nopol.spoon.smt.ConditionalAdder
junit.framework.AssertionFailedError: Truncate Calendar.SECOND expected:<Sun Oct 31 01:02:03 MDT 2004> but was:<Sun Oct 31 01:02:03 MST 2004>
    at junit.framework.Assert.fail(Assert.java:57)
    at junit.framework.Assert.failNotEquals(Assert.java:329)
    at junit.framework.Assert.assertEquals(Assert.java:78)
    at junit.framework.TestCase.assertEquals(TestCase.java:244)
    at org.apache.commons.lang.time.DateUtilsTest.testTruncateLang59(DateUtilsTest.java:927)
    at sun.reflect.NativeMethodAccessorImpl.invoke0(Native Method)
18:25:59.048 [pool-120-thread-1] INFO  xxl.java.junit.TestCasesListener - Tests run finished (30 ms)
<> Total tests run: 22
<> Ignored tests: 0
<> Failed tests: 1
~ testTruncateLang59(org.apache.commons.lang.time.DateUtilsTest)
[Truncate Calendar.SECOND expected:<Sun Oct 31 01:02:03 MDT 2004> but was:<Sun Oct 31 01:02:03 MST 2004>]
junit.framework.AssertionFailedError: Truncate Calendar.SECOND expected:<Sun Oct 31 01:02:03 MDT 2004> but was:<Sun Oct 31 01:02:03 MST 2004>    at junit.framework.Assert.fail(Assert.java:57)
    at junit.framework.Assert.failNotEquals(Assert.java:329)
    at junit.framework.Assert.assertEquals(Assert.java:78)
    at junit.framework.TestCase.assertEquals(TestCase.java:244)
    at org.apache.commons.lang.time.DateUtilsTest.testTruncateLang59(DateUtilsTest.java:927)
    at sun.reflect.NativeMethodAccessorImpl.invoke0(Native Method)

junit.framework.AssertionFailedError: Truncate Calendar.SECOND expected:<Sun Oct 31 01:02:03 MDT 2004> but was:<Sun Oct 31 01:02:03 MST 2004>
    at junit.framework.Assert.fail(Assert.java:57)
    at junit.framework.Assert.failNotEquals(Assert.java:329)
    at junit.framework.Assert.assertEquals(Assert.java:78)
    at junit.framework.TestCase.assertEquals(TestCase.java:244)
    at org.apache.commons.lang.time.DateUtilsTest.testTruncateLang59(DateUtilsTest.java:927)
    at sun.reflect.NativeMethodAccessorImpl.invoke0(Native Method)
18:25:59.331 [pool-121-thread-1] INFO  f.i.l.c.t.SpecificationTestCasesListener - Tests run finished (3 ms)
<> Total tests run: 1
<> Ignored tests: 0
<> Failed tests: 1
~ testTruncateLang59(org.apache.commons.lang.time.DateUtilsTest)
[Truncate Calendar.SECOND expected:<Sun Oct 31 01:02:03 MDT 2004> but was:<Sun Oct 31 01:02:03 MST 2004>]
junit.framework.AssertionFailedError: Truncate Calendar.SECOND expected:<Sun Oct 31 01:02:03 MDT 2004> but was:<Sun Oct 31 01:02:03 MST 2004>    at junit.framework.Assert.fail(Assert.java:57)
    at junit.framework.Assert.failNotEquals(Assert.java:329)
    at junit.framework.Assert.assertEquals(Assert.java:78)
    at junit.framework.TestCase.assertEquals(TestCase.java:244)
    at org.apache.commons.lang.time.DateUtilsTest.testTruncateLang59(DateUtilsTest.java:927)
    at sun.reflect.NativeMethodAccessorImpl.invoke0(Native Method)

junit.framework.AssertionFailedError: Truncate Calendar.SECOND expected:<Sun Oct 31 01:02:03 MDT 2004> but was:<Sun Oct 31 01:02:03 MST 2004>
    at junit.framework.Assert.fail(Assert.java:57)
    at junit.framework.Assert.failNotEquals(Assert.java:329)
    at junit.framework.Assert.assertEquals(Assert.java:78)
    at junit.framework.TestCase.assertEquals(TestCase.java:244)
    at org.apache.commons.lang.time.DateUtilsTest.testTruncateLang59(DateUtilsTest.java:927)
    at sun.reflect.NativeMethodAccessorImpl.invoke0(Native Method)
18:25:59.334 [pool-122-thread-1] INFO  f.i.l.c.t.SpecificationTestCasesListener - Tests run finished (1 ms)
<> Total tests run: 1
<> Ignored tests: 0
<> Failed tests: 1
~ testTruncateLang59(org.apache.commons.lang.time.DateUtilsTest)
[Truncate Calendar.SECOND expected:<Sun Oct 31 01:02:03 MDT 2004> but was:<Sun Oct 31 01:02:03 MST 2004>]
junit.framework.AssertionFailedError: Truncate Calendar.SECOND expected:<Sun Oct 31 01:02:03 MDT 2004> but was:<Sun Oct 31 01:02:03 MST 2004>    at junit.framework.Assert.fail(Assert.java:57)
    at junit.framework.Assert.failNotEquals(Assert.java:329)
    at junit.framework.Assert.assertEquals(Assert.java:78)
    at junit.framework.TestCase.assertEquals(TestCase.java:244)
    at org.apache.commons.lang.time.DateUtilsTest.testTruncateLang59(DateUtilsTest.java:927)
    at sun.reflect.NativeMethodAccessorImpl.invoke0(Native Method)

18:25:59.335 [pool-119-thread-1] DEBUG tests.output - Failing tests with false: 
[testTruncateLang59(org.apache.commons.lang.time.DateUtilsTest): Truncate Calendar.SECOND expected:<Sun Oct 31 01:02:03 MDT 2004> but was:<Sun Oct 31 01:02:03 MST 2004>]
18:25:59.335 [pool-119-thread-1] DEBUG tests.output - Failing tests with true: 
[testTruncateLang59(org.apache.commons.lang.time.DateUtilsTest): Truncate Calendar.SECOND expected:<Sun Oct 31 01:02:03 MDT 2004> but was:<Sun Oct 31 01:02:03 MST 2004>]
18:25:59.335 [pool-119-thread-1] INFO  f.i.l.r.n.synth.SMTNopolSynthesizer - Not enough specifications: 0. A trivial patch is "true" or "false", please write new tests specifying SourceLocation org.apache.commons.lang.time.DateUtils:620.
18:25:59.335 [pool-2-thread-1] DEBUG fr.inria.lille.repair.nopol.NoPol - looking with class fr.inria.lille.repair.nopol.spoon.smt.ConditionalReplacer
junit.framework.AssertionFailedError: Truncate Calendar.SECOND expected:<Sun Oct 31 01:02:03 MDT 2004> but was:<Sun Oct 31 01:02:03 MST 2004>
    at junit.framework.Assert.fail(Assert.java:57)
    at junit.framework.Assert.failNotEquals(Assert.java:329)
    at junit.framework.Assert.assertEquals(Assert.java:78)
    at junit.framework.TestCase.assertEquals(TestCase.java:244)
    at org.apache.commons.lang.time.DateUtilsTest.testTruncateLang59(DateUtilsTest.java:927)
    at sun.reflect.NativeMethodAccessorImpl.invoke0(Native Method)
18:25:59.364 [pool-124-thread-1] INFO  xxl.java.junit.TestCasesListener - Tests run finished (22 ms)
<> Total tests run: 22
<> Ignored tests: 0
<> Failed tests: 1
~ testTruncateLang59(org.apache.commons.lang.time.DateUtilsTest)
[Truncate Calendar.SECOND expected:<Sun Oct 31 01:02:03 MDT 2004> but was:<Sun Oct 31 01:02:03 MST 2004>]
junit.framework.AssertionFailedError: Truncate Calendar.SECOND expected:<Sun Oct 31 01:02:03 MDT 2004> but was:<Sun Oct 31 01:02:03 MST 2004>    at junit.framework.Assert.fail(Assert.java:57)
    at junit.framework.Assert.failNotEquals(Assert.java:329)
    at junit.framework.Assert.assertEquals(Assert.java:78)
    at junit.framework.TestCase.assertEquals(TestCase.java:244)
    at org.apache.commons.lang.time.DateUtilsTest.testTruncateLang59(DateUtilsTest.java:927)
    at sun.reflect.NativeMethodAccessorImpl.invoke0(Native Method)

junit.framework.AssertionFailedError: Truncate Calendar.SECOND expected:<Sun Oct 31 01:02:03 MDT 2004> but was:<Sun Oct 31 01:02:03 MST 2004>
    at junit.framework.Assert.fail(Assert.java:57)
    at junit.framework.Assert.failNotEquals(Assert.java:329)
    at junit.framework.Assert.assertEquals(Assert.java:78)
    at junit.framework.TestCase.assertEquals(TestCase.java:244)
    at org.apache.commons.lang.time.DateUtilsTest.testTruncateLang59(DateUtilsTest.java:927)
    at sun.reflect.NativeMethodAccessorImpl.invoke0(Native Method)
18:25:59.600 [pool-125-thread-1] INFO  f.i.l.c.t.SpecificationTestCasesListener - Tests run finished (4 ms)
<> Total tests run: 1
<> Ignored tests: 0
<> Failed tests: 1
~ testTruncateLang59(org.apache.commons.lang.time.DateUtilsTest)
[Truncate Calendar.SECOND expected:<Sun Oct 31 01:02:03 MDT 2004> but was:<Sun Oct 31 01:02:03 MST 2004>]
junit.framework.AssertionFailedError: Truncate Calendar.SECOND expected:<Sun Oct 31 01:02:03 MDT 2004> but was:<Sun Oct 31 01:02:03 MST 2004>    at junit.framework.Assert.fail(Assert.java:57)
    at junit.framework.Assert.failNotEquals(Assert.java:329)
    at junit.framework.Assert.assertEquals(Assert.java:78)
    at junit.framework.TestCase.assertEquals(TestCase.java:244)
    at org.apache.commons.lang.time.DateUtilsTest.testTruncateLang59(DateUtilsTest.java:927)
    at sun.reflect.NativeMethodAccessorImpl.invoke0(Native Method)

java.lang.ArithmeticException: Calendar value too large for accurate calculations
    at org.apache.commons.lang.time.DateUtils.modify(DateUtils.java:237)
    at org.apache.commons.lang.time.DateUtils.truncate(DateUtils.java:175)
    at org.apache.commons.lang.time.DateUtilsTest.testTruncateLang59(DateUtilsTest.java:924)
    at sun.reflect.NativeMethodAccessorImpl.invoke0(Native Method)
    at sun.reflect.NativeMethodAccessorImpl.invoke(NativeMethodAccessorImpl.java:62)
    at sun.reflect.DelegatingMethodAccessorImpl.invoke(DelegatingMethodAccessorImpl.java:43)
18:25:59.603 [pool-126-thread-1] INFO  f.i.l.c.t.SpecificationTestCasesListener - Tests run finished (1 ms)
<> Total tests run: 1
<> Ignored tests: 0
<> Failed tests: 1
~ testTruncateLang59(org.apache.commons.lang.time.DateUtilsTest)
[Calendar value too large for accurate calculations]
java.lang.ArithmeticException: Calendar value too large for accurate calculations    at org.apache.commons.lang.time.DateUtils.modify(DateUtils.java:237)
    at org.apache.commons.lang.time.DateUtils.truncate(DateUtils.java:175)
    at org.apache.commons.lang.time.DateUtilsTest.testTruncateLang59(DateUtilsTest.java:924)
    at sun.reflect.NativeMethodAccessorImpl.invoke0(Native Method)
    at sun.reflect.NativeMethodAccessorImpl.invoke(NativeMethodAccessorImpl.java:62)
    at sun.reflect.DelegatingMethodAccessorImpl.invoke(DelegatingMethodAccessorImpl.java:43)

18:25:59.603 [pool-123-thread-1] DEBUG tests.output - Failing tests with false: 
[testTruncateLang59(org.apache.commons.lang.time.DateUtilsTest): Truncate Calendar.SECOND expected:<Sun Oct 31 01:02:03 MDT 2004> but was:<Sun Oct 31 01:02:03 MST 2004>]
18:25:59.604 [pool-123-thread-1] DEBUG tests.output - Failing tests with true: 
[testTruncateLang59(org.apache.commons.lang.time.DateUtilsTest): Calendar value too large for accurate calculations]
18:25:59.604 [pool-123-thread-1] INFO  f.i.l.r.n.synth.SMTNopolSynthesizer - Not enough specifications: 0. A trivial patch is "true" or "false", please write new tests specifying SourceLocation org.apache.commons.lang.time.DateUtils:620.
18:25:59.610 [pool-2-thread-1] INFO  fr.inria.lille.repair.nopol.NoPol - ----INFORMATION----
18:25:59.702 [pool-2-thread-1] INFO  fr.inria.lille.repair.nopol.NoPol - Nb classes : 76
18:25:59.702 [pool-2-thread-1] INFO  fr.inria.lille.repair.nopol.NoPol - Nb methods : 1661
18:25:59.702 [pool-2-thread-1] INFO  fr.inria.lille.repair.nopol.NoPol - Nb Statements Analyzed : 31
18:25:59.702 [pool-2-thread-1] INFO  fr.inria.lille.repair.nopol.NoPol - Nb Statements with Angelic Value Found : 0
18:25:59.702 [pool-2-thread-1] INFO  fr.inria.lille.repair.nopol.NoPol - Nb inputs in SMT : 0
18:25:59.706 [pool-2-thread-1] INFO  fr.inria.lille.repair.nopol.NoPol - Nb SMT level: 0
18:25:59.707 [pool-2-thread-1] INFO  fr.inria.lille.repair.nopol.NoPol - Nb variables in SMT : 0
18:25:59.707 [pool-2-thread-1] INFO  fr.inria.lille.repair.nopol.NoPol - NoPol Execution time : 42963ms
18:25:59.707 [pool-2-thread-1] INFO  fr.inria.lille.repair.nopol.NoPol - 
NO_ANGELIC_VALUE
Command exited with non-zero status 255
100.16user 4.60system 0:44.99elapsed 232%CPU (0avgtext+0avgdata 799852maxresident)k
56952inputs+5768outputs (7major+377027minor)pagefaults 0swaps


Node: granduc-21.luxembourg.grid5000.fr



Date: Wed Nov 28 18:26:00 EST 2018

