cd /tmp/Nopol_Bug_dot_jar_Commons-Math_97b440fc;
export JAVA_TOOL_OPTIONS="-Dfile.encoding=UTF8 -Duser.language=en-US -Duser.country=US -Duser.language=en";
TZ="America/New_York"; export TZ;
export PATH="/usr/lib/jvm/java-1.8.0-openjdk-amd64/bin/:$PATH";
export JAVA_HOME="/usr/lib/jvm/java-1.8.0-openjdk-amd64/bin/";
time java -Xmx4g -Xms1g -cp /home/tdurieux/defects4j4repair/script/../repair_tools/nopol.jar:/usr/lib/jvm/java-1.8.0-openjdk-amd64/bin//../lib/tools.jar fr.inria.lille.repair.Main \
	--mode repair \
	--type pre_then_cond \
	--oracle angelic \
	--synthesis smt \
	--flocal gzoltar \
	--json \
	--solver z3 \
	--solver-path /home/tdurieux/defects4j4repair/script/../libs/z3/build/z3 \
	--complianceLevel 7 \
	--source src/main/java \
	--classpath "target/classes:target/test-classes:/home/tdurieux/.m2/repository/junit/junit/4.8.2/junit-4.8.2.jar:/home/tdurieux/defects4j4repair/script/../repair_tools/nopol.jar";
	echo "\n\nNode: `hostname`\n";
	echo "\n\nDate: `date`\n";
Picked up JAVA_TOOL_OPTIONS: -Dfile.encoding=UTF8 -Duser.language=en-US -Duser.country=US -Duser.language=en
09:49:07.004 [main] INFO  fr.inria.lille.repair.nopol.NoPol - Source files: [src/main/java]
09:49:07.017 [main] INFO  fr.inria.lille.repair.nopol.NoPol - Classpath: [file:/tmp/Nopol_Bug_dot_jar_Commons-Math_97b440fc/target/classes/, file:/tmp/Nopol_Bug_dot_jar_Commons-Math_97b440fc/target/test-classes/, file:/home/tdurieux/.m2/repository/junit/junit/4.8.2/junit-4.8.2.jar, file:/home/tdurieux/defects4j4repair/script/../repair_tools/nopol.jar]
09:49:07.017 [main] INFO  fr.inria.lille.repair.nopol.NoPol - Statement type: PRE_THEN_COND
09:49:07.018 [main] INFO  fr.inria.lille.repair.nopol.NoPol - Args: [org.apache.commons.math.ConvergenceExceptionTest, org.apache.commons.math.MathConfigurationExceptionTest, org.apache.commons.math.MathExceptionTest, org.apache.commons.math.RetryRunnerTest, org.apache.commons.math.analysis.FunctionUtilsTest, org.apache.commons.math.analysis.function.GaussianTest, org.apache.commons.math.analysis.function.HarmonicOscillatorTest, org.apache.commons.math.analysis.function.LogisticTest, org.apache.commons.math.analysis.function.LogitTest, org.apache.commons.math.analysis.function.SigmoidTest, org.apache.commons.math.analysis.function.StepFunctionTest, org.apache.commons.math.analysis.integration.LegendreGaussIntegratorTest, org.apache.commons.math.analysis.integration.RombergIntegratorTest, org.apache.commons.math.analysis.integration.SimpsonIntegratorTest, org.apache.commons.math.analysis.integration.TrapezoidIntegratorTest, org.apache.commons.math.analysis.interpolation.BicubicSplineInterpolatingFunctionTest, org.apache.commons.math.analysis.interpolation.BicubicSplineInterpolatorTest, org.apache.commons.math.analysis.interpolation.DividedDifferenceInterpolatorTest, org.apache.commons.math.analysis.interpolation.LinearInterpolatorTest, org.apache.commons.math.analysis.interpolation.LoessInterpolatorTest, org.apache.commons.math.analysis.interpolation.MicrosphereInterpolatorTest, org.apache.commons.math.analysis.interpolation.NevilleInterpolatorTest, org.apache.commons.math.analysis.interpolation.SmoothingPolynomialBicubicSplineInterpolatorTest, org.apache.commons.math.analysis.interpolation.SplineInterpolatorTest, org.apache.commons.math.analysis.interpolation.TricubicSplineInterpolatingFunctionTest, org.apache.commons.math.analysis.interpolation.TricubicSplineInterpolatorTest, org.apache.commons.math.analysis.interpolation.UnivariateRealPeriodicInterpolatorTest, org.apache.commons.math.analysis.polynomials.PolynomialFunctionLagrangeFormTest, org.apache.commons.math.analysis.polynomials.PolynomialFunctionNewtonFormTest, org.apache.commons.math.analysis.polynomials.PolynomialFunctionTest, org.apache.commons.math.analysis.polynomials.PolynomialSplineFunctionTest, org.apache.commons.math.analysis.polynomials.PolynomialsUtilsTest, org.apache.commons.math.analysis.solvers.BisectionSolverTest, org.apache.commons.math.analysis.solvers.BracketingNthOrderBrentSolverTest, org.apache.commons.math.analysis.solvers.BrentSolverTest, org.apache.commons.math.analysis.solvers.IllinoisSolverTest, org.apache.commons.math.analysis.solvers.LaguerreSolverTest, org.apache.commons.math.analysis.solvers.MullerSolver2Test, org.apache.commons.math.analysis.solvers.MullerSolverTest, org.apache.commons.math.analysis.solvers.NewtonSolverTest, org.apache.commons.math.analysis.solvers.PegasusSolverTest, org.apache.commons.math.analysis.solvers.RegulaFalsiSolverTest, org.apache.commons.math.analysis.solvers.RiddersSolverTest, org.apache.commons.math.analysis.solvers.SecantSolverTest, org.apache.commons.math.analysis.solvers.UnivariateRealSolverUtilsTest, org.apache.commons.math.complex.ComplexFieldTest, org.apache.commons.math.complex.ComplexFormatTest, org.apache.commons.math.complex.ComplexTest, org.apache.commons.math.complex.ComplexUtilsTest, org.apache.commons.math.complex.FrenchComplexFormatTest, org.apache.commons.math.dfp.BracketingNthOrderBrentSolverDFPTest, org.apache.commons.math.dfp.DfpDecTest, org.apache.commons.math.dfp.DfpMathTest, org.apache.commons.math.dfp.DfpTest, org.apache.commons.math.distribution.AbtractIntegerDistributionTest, org.apache.commons.math.distribution.BetaDistributionTest, org.apache.commons.math.distribution.BinomialDistributionTest, org.apache.commons.math.distribution.CauchyDistributionTest, org.apache.commons.math.distribution.ChiSquareDistributionTest, org.apache.commons.math.distribution.ExponentialDistributionTest, org.apache.commons.math.distribution.FDistributionTest, org.apache.commons.math.distribution.GammaDistributionTest, org.apache.commons.math.distribution.HypergeometricDistributionTest, org.apache.commons.math.distribution.KolmogorovSmirnovDistributionTest, org.apache.commons.math.distribution.NormalDistributionTest, org.apache.commons.math.distribution.PascalDistributionTest, org.apache.commons.math.distribution.PoissonDistributionTest, org.apache.commons.math.distribution.TDistributionTest, org.apache.commons.math.distribution.WeibullDistributionTest, org.apache.commons.math.distribution.ZipfDistributionTest, org.apache.commons.math.exception.DimensionMismatchExceptionTest, org.apache.commons.math.exception.MaxCountExceededExceptionTest, org.apache.commons.math.exception.NonMonotonousSequenceExceptionTest, org.apache.commons.math.exception.NotPositiveExceptionTest, org.apache.commons.math.exception.NotStrictlyPositiveExceptionTest, org.apache.commons.math.exception.NumberIsTooLargeExceptionTest, org.apache.commons.math.exception.NumberIsTooSmallExceptionTest, org.apache.commons.math.exception.OutOfRangeExceptionTest, org.apache.commons.math.exception.TooManyEvaluationsExceptionTest, org.apache.commons.math.exception.util.ArgUtilsTest, org.apache.commons.math.exception.util.ExceptionContextTest, org.apache.commons.math.filter.KalmanFilterTest, org.apache.commons.math.fraction.BigFractionFieldTest, org.apache.commons.math.fraction.BigFractionFormatTest, org.apache.commons.math.fraction.BigFractionTest, org.apache.commons.math.fraction.FractionFieldTest, org.apache.commons.math.fraction.FractionFormatTest, org.apache.commons.math.fraction.FractionTest, org.apache.commons.math.genetics.BinaryChromosomeTest, org.apache.commons.math.genetics.BinaryMutationTest, org.apache.commons.math.genetics.ChromosomeTest, org.apache.commons.math.genetics.ElitisticListPopulationTest, org.apache.commons.math.genetics.FitnessCachingTest, org.apache.commons.math.genetics.FixedGenerationCountTest, org.apache.commons.math.genetics.GeneticAlgorithmTestBinary, org.apache.commons.math.genetics.GeneticAlgorithmTestPermutations, org.apache.commons.math.genetics.ListPopulationTest, org.apache.commons.math.genetics.OnePointCrossoverTest, org.apache.commons.math.genetics.RandomKeyMutationTest, org.apache.commons.math.genetics.RandomKeyTest, org.apache.commons.math.genetics.TournamentSelectionTest, org.apache.commons.math.geometry.euclidean.oned.IntervalsSetTest, org.apache.commons.math.geometry.euclidean.threed.FrenchVector3DFormatTest, org.apache.commons.math.geometry.euclidean.threed.LineTest, org.apache.commons.math.geometry.euclidean.threed.PlaneTest, org.apache.commons.math.geometry.euclidean.threed.PolyhedronsSetTest, org.apache.commons.math.geometry.euclidean.threed.RotationOrderTest, org.apache.commons.math.geometry.euclidean.threed.RotationTest, org.apache.commons.math.geometry.euclidean.threed.SubLineTest, org.apache.commons.math.geometry.euclidean.threed.Vector3DFormatTest, org.apache.commons.math.geometry.euclidean.threed.Vector3DTest, org.apache.commons.math.geometry.euclidean.twod.LineTest, org.apache.commons.math.geometry.euclidean.twod.PolygonsSetTest, org.apache.commons.math.geometry.euclidean.twod.SubLineTest, org.apache.commons.math.geometry.partitioning.utilities.AVLTreeTest, org.apache.commons.math.linear.Array2DRowRealMatrixTest, org.apache.commons.math.linear.ArrayFieldVectorTest, org.apache.commons.math.linear.ArrayRealVectorTest, org.apache.commons.math.linear.BiDiagonalTransformerTest, org.apache.commons.math.linear.BlockFieldMatrixTest, org.apache.commons.math.linear.BlockRealMatrixTest, org.apache.commons.math.linear.CholeskyDecompositionImplTest, org.apache.commons.math.linear.CholeskySolverTest, org.apache.commons.math.linear.EigenDecompositionImplTest, org.apache.commons.math.linear.EigenSolverTest, org.apache.commons.math.linear.FieldLUDecompositionImplTest, org.apache.commons.math.linear.FieldMatrixImplTest, org.apache.commons.math.linear.FrenchRealVectorFormatTest, org.apache.commons.math.linear.LUDecompositionImplTest, org.apache.commons.math.linear.LUSolverTest, org.apache.commons.math.linear.MatrixDimensionMismatchExceptionTest, org.apache.commons.math.linear.MatrixUtilsTest, org.apache.commons.math.linear.QRDecompositionImplTest, org.apache.commons.math.linear.QRSolverTest, org.apache.commons.math.linear.RealVectorFormatTest, org.apache.commons.math.linear.RealVectorTest, org.apache.commons.math.linear.SingularValueDecompositionImplTest, org.apache.commons.math.linear.SingularValueSolverTest, org.apache.commons.math.linear.SparseFieldMatrixTest, org.apache.commons.math.linear.SparseFieldVectorTest, org.apache.commons.math.linear.SparseRealMatrixTest, org.apache.commons.math.linear.SparseRealVectorTest, org.apache.commons.math.linear.TriDiagonalTransformerTest, org.apache.commons.math.linear.UnmodifiableArrayRealVectorTest, org.apache.commons.math.linear.UnmodifiableOpenMapRealVectorTest, org.apache.commons.math.ode.ContinuousOutputModelTest, org.apache.commons.math.ode.FirstOrderConverterTest, org.apache.commons.math.ode.events.EventStateTest, org.apache.commons.math.ode.events.OverlappingEventsTest, org.apache.commons.math.ode.nonstiff.AdamsBashforthIntegratorTest, org.apache.commons.math.ode.nonstiff.AdamsMoultonIntegratorTest, org.apache.commons.math.ode.nonstiff.ClassicalRungeKuttaIntegratorTest, org.apache.commons.math.ode.nonstiff.ClassicalRungeKuttaStepInterpolatorTest, org.apache.commons.math.ode.nonstiff.DormandPrince54IntegratorTest, org.apache.commons.math.ode.nonstiff.DormandPrince54StepInterpolatorTest, org.apache.commons.math.ode.nonstiff.DormandPrince853IntegratorTest, org.apache.commons.math.ode.nonstiff.DormandPrince853StepInterpolatorTest, org.apache.commons.math.ode.nonstiff.EulerIntegratorTest, org.apache.commons.math.ode.nonstiff.EulerStepInterpolatorTest, org.apache.commons.math.ode.nonstiff.GillIntegratorTest, org.apache.commons.math.ode.nonstiff.GillStepInterpolatorTest, org.apache.commons.math.ode.nonstiff.GraggBulirschStoerIntegratorTest, org.apache.commons.math.ode.nonstiff.GraggBulirschStoerStepInterpolatorTest, org.apache.commons.math.ode.nonstiff.HighamHall54IntegratorTest, org.apache.commons.math.ode.nonstiff.HighamHall54StepInterpolatorTest, org.apache.commons.math.ode.nonstiff.MidpointIntegratorTest, org.apache.commons.math.ode.nonstiff.MidpointStepInterpolatorTest, org.apache.commons.math.ode.nonstiff.ThreeEighthesIntegratorTest, org.apache.commons.math.ode.nonstiff.ThreeEighthesStepInterpolatorTest, org.apache.commons.math.ode.sampling.DummyStepInterpolatorTest, org.apache.commons.math.ode.sampling.NordsieckStepInterpolatorTest, org.apache.commons.math.ode.sampling.StepNormalizerOutputOverlapTest, org.apache.commons.math.ode.sampling.StepNormalizerOutputTest, org.apache.commons.math.ode.sampling.StepNormalizerTest, org.apache.commons.math.optimization.MultiStartDifferentiableMultivariateRealOptimizerTest, org.apache.commons.math.optimization.MultiStartDifferentiableMultivariateVectorialOptimizerTest, org.apache.commons.math.optimization.MultiStartMultivariateRealOptimizerTest, org.apache.commons.math.optimization.direct.BOBYQAOptimizerTest, org.apache.commons.math.optimization.direct.CMAESOptimizerTest, org.apache.commons.math.optimization.direct.PowellOptimizerTest, org.apache.commons.math.optimization.direct.SimplexOptimizerMultiDirectionalTest, org.apache.commons.math.optimization.direct.SimplexOptimizerNelderMeadTest, org.apache.commons.math.optimization.fitting.CurveFitterTest, org.apache.commons.math.optimization.fitting.GaussianFitterTest, org.apache.commons.math.optimization.fitting.HarmonicFitterTest, org.apache.commons.math.optimization.fitting.PolynomialFitterTest, org.apache.commons.math.optimization.general.GaussNewtonOptimizerTest, org.apache.commons.math.optimization.general.LevenbergMarquardtOptimizerTest, org.apache.commons.math.optimization.general.MinpackTest, org.apache.commons.math.optimization.general.NonLinearConjugateGradientOptimizerTest, org.apache.commons.math.optimization.linear.SimplexSolverTest, org.apache.commons.math.optimization.linear.SimplexTableauTest, org.apache.commons.math.optimization.univariate.BracketFinderTest, org.apache.commons.math.optimization.univariate.BrentOptimizerTest, org.apache.commons.math.optimization.univariate.MultiStartUnivariateRealOptimizerTest, org.apache.commons.math.random.AbstractRandomGeneratorTest, org.apache.commons.math.random.BitsStreamGeneratorTest, org.apache.commons.math.random.CorrelatedRandomVectorGeneratorTest, org.apache.commons.math.random.EmpiricalDistributionTest, org.apache.commons.math.random.GaussianRandomGeneratorTest, org.apache.commons.math.random.MersenneTwisterTest, org.apache.commons.math.random.RandomAdaptorTest, org.apache.commons.math.random.RandomDataTest, org.apache.commons.math.random.RandomGeneratorAbstractTest, org.apache.commons.math.random.UncorrelatedRandomVectorGeneratorTest, org.apache.commons.math.random.UniformRandomGeneratorTest, org.apache.commons.math.random.ValueServerTest, org.apache.commons.math.random.Well1024aTest, org.apache.commons.math.random.Well19937aTest, org.apache.commons.math.random.Well19937cTest, org.apache.commons.math.random.Well44497aTest, org.apache.commons.math.random.Well44497bTest, org.apache.commons.math.random.Well512aTest, org.apache.commons.math.special.BetaTest, org.apache.commons.math.special.ErfTest, org.apache.commons.math.special.GammaTest, org.apache.commons.math.stat.CertifiedDataTest, org.apache.commons.math.stat.FrequencyTest, org.apache.commons.math.stat.StatUtilsTest, org.apache.commons.math.stat.clustering.EuclideanIntegerPointTest, org.apache.commons.math.stat.clustering.KMeansPlusPlusClustererTest, org.apache.commons.math.stat.correlation.CovarianceTest, org.apache.commons.math.stat.correlation.PearsonsCorrelationTest, org.apache.commons.math.stat.correlation.SpearmansRankCorrelationTest, org.apache.commons.math.stat.correlation.StorelessCovarianceTest, org.apache.commons.math.stat.data.LewTest, org.apache.commons.math.stat.data.LotteryTest, org.apache.commons.math.stat.descriptive.AbstractUnivariateStatisticTest, org.apache.commons.math.stat.descriptive.AggregateSummaryStatisticsTest, org.apache.commons.math.stat.descriptive.DescriptiveStatisticsTest, org.apache.commons.math.stat.descriptive.InteractionTest, org.apache.commons.math.stat.descriptive.ListUnivariateImplTest, org.apache.commons.math.stat.descriptive.MixedListUnivariateImplTest, org.apache.commons.math.stat.descriptive.MultivariateSummaryStatisticsTest, org.apache.commons.math.stat.descriptive.StatisticalSummaryValuesTest, org.apache.commons.math.stat.descriptive.SummaryStatisticsTest, org.apache.commons.math.stat.descriptive.SynchronizedDescriptiveStatisticsTest, org.apache.commons.math.stat.descriptive.SynchronizedMultivariateSummaryStatisticsTest, org.apache.commons.math.stat.descriptive.SynchronizedSummaryStatisticsTest, org.apache.commons.math.stat.descriptive.moment.FirstMomentTest, org.apache.commons.math.stat.descriptive.moment.FourthMomentTest, org.apache.commons.math.stat.descriptive.moment.GeometricMeanTest, org.apache.commons.math.stat.descriptive.moment.KurtosisTest, org.apache.commons.math.stat.descriptive.moment.MeanTest, org.apache.commons.math.stat.descriptive.moment.SecondMomentTest, org.apache.commons.math.stat.descriptive.moment.SemiVarianceTest, org.apache.commons.math.stat.descriptive.moment.SkewnessTest, org.apache.commons.math.stat.descriptive.moment.StandardDeviationTest, org.apache.commons.math.stat.descriptive.moment.ThirdMomentTest, org.apache.commons.math.stat.descriptive.moment.VarianceTest, org.apache.commons.math.stat.descriptive.moment.VectorialCovarianceTest, org.apache.commons.math.stat.descriptive.moment.VectorialMeanTest, org.apache.commons.math.stat.descriptive.rank.MaxTest, org.apache.commons.math.stat.descriptive.rank.MedianTest, org.apache.commons.math.stat.descriptive.rank.MinTest, org.apache.commons.math.stat.descriptive.rank.PercentileTest, org.apache.commons.math.stat.descriptive.summary.ProductTest, org.apache.commons.math.stat.descriptive.summary.SumLogTest, org.apache.commons.math.stat.descriptive.summary.SumSqTest, org.apache.commons.math.stat.descriptive.summary.SumTest, org.apache.commons.math.stat.inference.ChiSquareTestTest, org.apache.commons.math.stat.inference.MannWhitneyUTestTest, org.apache.commons.math.stat.inference.OneWayAnovaTest, org.apache.commons.math.stat.inference.TTestTest, org.apache.commons.math.stat.inference.TestUtilsTest, org.apache.commons.math.stat.inference.WilcoxonSignedRankTestTest, org.apache.commons.math.stat.ranking.NaturalRankingTest, org.apache.commons.math.stat.regression.GLSMultipleLinearRegressionTest, org.apache.commons.math.stat.regression.MillerUpdatingRegressionTest, org.apache.commons.math.stat.regression.OLSMultipleLinearRegressionTest, org.apache.commons.math.stat.regression.SimpleRegressionTest, org.apache.commons.math.transform.FastCosineTransformerTest, org.apache.commons.math.transform.FastFourierTransformerTest, org.apache.commons.math.transform.FastHadamardTransformerTest, org.apache.commons.math.transform.FastSineTransformerTest, org.apache.commons.math.util.BigRealFieldTest, org.apache.commons.math.util.BigRealTest, org.apache.commons.math.util.ContinuedFractionTest, org.apache.commons.math.util.DefaultTransformerTest, org.apache.commons.math.util.FastMathStrictComparisonTest, org.apache.commons.math.util.FastMathTest, org.apache.commons.math.util.FastMathTestPerformance, org.apache.commons.math.util.IncrementorTest, org.apache.commons.math.util.MathUtilsTest, org.apache.commons.math.util.MultidimensionalCounterTest, org.apache.commons.math.util.OpenIntToDoubleHashMapTest, org.apache.commons.math.util.OpenIntToFieldTest, org.apache.commons.math.util.PairTest, org.apache.commons.math.util.ResizableDoubleArrayTest, org.apache.commons.math.util.TransformerMapTest]
09:49:07.020 [main] INFO  fr.inria.lille.repair.nopol.NoPol - Config: Config{synthesisDepth=3, collectStaticMethods=true, collectStaticFields=false, collectLiterals=false, onlyOneSynthesisResult=true, sortExpressions=true, maxLineInvocationPerTest=250, timeoutMethodInvocation=2000, dataCollectionTimeoutInSecondForSynthesis=900, addWeight=0.19478, subWeight=0.04554, mulWeight=0.0102, divWeight=0.00613, andWeight=0.10597, orWeight=0.05708, eqWeight=0.22798, nEqWeight=0.0, lessEqWeight=0.0255, lessWeight=0.0947, methodCallWeight=0.1, fieldAccessWeight=0.08099, constantWeight=0.14232, variableWeight=0.05195, mode=REPAIR, type=PRE_THEN_COND, synthesis=SMT, oracle=ANGELIC, solver=Z3, solverPath='/home/tdurieux/defects4j4repair/script/../libs/z3/build/z3', projectSources=[src/main/java], projectClasspath='[Ljava.net.URL;@66d33a', projectTests=[org.apache.commons.math.ConvergenceExceptionTest, org.apache.commons.math.MathConfigurationExceptionTest, org.apache.commons.math.MathExceptionTest, org.apache.commons.math.RetryRunnerTest, org.apache.commons.math.analysis.FunctionUtilsTest, org.apache.commons.math.analysis.function.GaussianTest, org.apache.commons.math.analysis.function.HarmonicOscillatorTest, org.apache.commons.math.analysis.function.LogisticTest, org.apache.commons.math.analysis.function.LogitTest, org.apache.commons.math.analysis.function.SigmoidTest, org.apache.commons.math.analysis.function.StepFunctionTest, org.apache.commons.math.analysis.integration.LegendreGaussIntegratorTest, org.apache.commons.math.analysis.integration.RombergIntegratorTest, org.apache.commons.math.analysis.integration.SimpsonIntegratorTest, org.apache.commons.math.analysis.integration.TrapezoidIntegratorTest, org.apache.commons.math.analysis.interpolation.BicubicSplineInterpolatingFunctionTest, org.apache.commons.math.analysis.interpolation.BicubicSplineInterpolatorTest, org.apache.commons.math.analysis.interpolation.DividedDifferenceInterpolatorTest, org.apache.commons.math.analysis.interpolation.LinearInterpolatorTest, org.apache.commons.math.analysis.interpolation.LoessInterpolatorTest, org.apache.commons.math.analysis.interpolation.MicrosphereInterpolatorTest, org.apache.commons.math.analysis.interpolation.NevilleInterpolatorTest, org.apache.commons.math.analysis.interpolation.SmoothingPolynomialBicubicSplineInterpolatorTest, org.apache.commons.math.analysis.interpolation.SplineInterpolatorTest, org.apache.commons.math.analysis.interpolation.TricubicSplineInterpolatingFunctionTest, org.apache.commons.math.analysis.interpolation.TricubicSplineInterpolatorTest, org.apache.commons.math.analysis.interpolation.UnivariateRealPeriodicInterpolatorTest, org.apache.commons.math.analysis.polynomials.PolynomialFunctionLagrangeFormTest, org.apache.commons.math.analysis.polynomials.PolynomialFunctionNewtonFormTest, org.apache.commons.math.analysis.polynomials.PolynomialFunctionTest, org.apache.commons.math.analysis.polynomials.PolynomialSplineFunctionTest, org.apache.commons.math.analysis.polynomials.PolynomialsUtilsTest, org.apache.commons.math.analysis.solvers.BisectionSolverTest, org.apache.commons.math.analysis.solvers.BracketingNthOrderBrentSolverTest, org.apache.commons.math.analysis.solvers.BrentSolverTest, org.apache.commons.math.analysis.solvers.IllinoisSolverTest, org.apache.commons.math.analysis.solvers.LaguerreSolverTest, org.apache.commons.math.analysis.solvers.MullerSolver2Test, org.apache.commons.math.analysis.solvers.MullerSolverTest, org.apache.commons.math.analysis.solvers.NewtonSolverTest, org.apache.commons.math.analysis.solvers.PegasusSolverTest, org.apache.commons.math.analysis.solvers.RegulaFalsiSolverTest, org.apache.commons.math.analysis.solvers.RiddersSolverTest, org.apache.commons.math.analysis.solvers.SecantSolverTest, org.apache.commons.math.analysis.solvers.UnivariateRealSolverUtilsTest, org.apache.commons.math.complex.ComplexFieldTest, org.apache.commons.math.complex.ComplexFormatTest, org.apache.commons.math.complex.ComplexTest, org.apache.commons.math.complex.ComplexUtilsTest, org.apache.commons.math.complex.FrenchComplexFormatTest, org.apache.commons.math.dfp.BracketingNthOrderBrentSolverDFPTest, org.apache.commons.math.dfp.DfpDecTest, org.apache.commons.math.dfp.DfpMathTest, org.apache.commons.math.dfp.DfpTest, org.apache.commons.math.distribution.AbtractIntegerDistributionTest, org.apache.commons.math.distribution.BetaDistributionTest, org.apache.commons.math.distribution.BinomialDistributionTest, org.apache.commons.math.distribution.CauchyDistributionTest, org.apache.commons.math.distribution.ChiSquareDistributionTest, org.apache.commons.math.distribution.ExponentialDistributionTest, org.apache.commons.math.distribution.FDistributionTest, org.apache.commons.math.distribution.GammaDistributionTest, org.apache.commons.math.distribution.HypergeometricDistributionTest, org.apache.commons.math.distribution.KolmogorovSmirnovDistributionTest, org.apache.commons.math.distribution.NormalDistributionTest, org.apache.commons.math.distribution.PascalDistributionTest, org.apache.commons.math.distribution.PoissonDistributionTest, org.apache.commons.math.distribution.TDistributionTest, org.apache.commons.math.distribution.WeibullDistributionTest, org.apache.commons.math.distribution.ZipfDistributionTest, org.apache.commons.math.exception.DimensionMismatchExceptionTest, org.apache.commons.math.exception.MaxCountExceededExceptionTest, org.apache.commons.math.exception.NonMonotonousSequenceExceptionTest, org.apache.commons.math.exception.NotPositiveExceptionTest, org.apache.commons.math.exception.NotStrictlyPositiveExceptionTest, org.apache.commons.math.exception.NumberIsTooLargeExceptionTest, org.apache.commons.math.exception.NumberIsTooSmallExceptionTest, org.apache.commons.math.exception.OutOfRangeExceptionTest, org.apache.commons.math.exception.TooManyEvaluationsExceptionTest, org.apache.commons.math.exception.util.ArgUtilsTest, org.apache.commons.math.exception.util.ExceptionContextTest, org.apache.commons.math.filter.KalmanFilterTest, org.apache.commons.math.fraction.BigFractionFieldTest, org.apache.commons.math.fraction.BigFractionFormatTest, org.apache.commons.math.fraction.BigFractionTest, org.apache.commons.math.fraction.FractionFieldTest, org.apache.commons.math.fraction.FractionFormatTest, org.apache.commons.math.fraction.FractionTest, org.apache.commons.math.genetics.BinaryChromosomeTest, org.apache.commons.math.genetics.BinaryMutationTest, org.apache.commons.math.genetics.ChromosomeTest, org.apache.commons.math.genetics.ElitisticListPopulationTest, org.apache.commons.math.genetics.FitnessCachingTest, org.apache.commons.math.genetics.FixedGenerationCountTest, org.apache.commons.math.genetics.GeneticAlgorithmTestBinary, org.apache.commons.math.genetics.GeneticAlgorithmTestPermutations, org.apache.commons.math.genetics.ListPopulationTest, org.apache.commons.math.genetics.OnePointCrossoverTest, org.apache.commons.math.genetics.RandomKeyMutationTest, org.apache.commons.math.genetics.RandomKeyTest, org.apache.commons.math.genetics.TournamentSelectionTest, org.apache.commons.math.geometry.euclidean.oned.IntervalsSetTest, org.apache.commons.math.geometry.euclidean.threed.FrenchVector3DFormatTest, org.apache.commons.math.geometry.euclidean.threed.LineTest, org.apache.commons.math.geometry.euclidean.threed.PlaneTest, org.apache.commons.math.geometry.euclidean.threed.PolyhedronsSetTest, org.apache.commons.math.geometry.euclidean.threed.RotationOrderTest, org.apache.commons.math.geometry.euclidean.threed.RotationTest, org.apache.commons.math.geometry.euclidean.threed.SubLineTest, org.apache.commons.math.geometry.euclidean.threed.Vector3DFormatTest, org.apache.commons.math.geometry.euclidean.threed.Vector3DTest, org.apache.commons.math.geometry.euclidean.twod.LineTest, org.apache.commons.math.geometry.euclidean.twod.PolygonsSetTest, org.apache.commons.math.geometry.euclidean.twod.SubLineTest, org.apache.commons.math.geometry.partitioning.utilities.AVLTreeTest, org.apache.commons.math.linear.Array2DRowRealMatrixTest, org.apache.commons.math.linear.ArrayFieldVectorTest, org.apache.commons.math.linear.ArrayRealVectorTest, org.apache.commons.math.linear.BiDiagonalTransformerTest, org.apache.commons.math.linear.BlockFieldMatrixTest, org.apache.commons.math.linear.BlockRealMatrixTest, org.apache.commons.math.linear.CholeskyDecompositionImplTest, org.apache.commons.math.linear.CholeskySolverTest, org.apache.commons.math.linear.EigenDecompositionImplTest, org.apache.commons.math.linear.EigenSolverTest, org.apache.commons.math.linear.FieldLUDecompositionImplTest, org.apache.commons.math.linear.FieldMatrixImplTest, org.apache.commons.math.linear.FrenchRealVectorFormatTest, org.apache.commons.math.linear.LUDecompositionImplTest, org.apache.commons.math.linear.LUSolverTest, org.apache.commons.math.linear.MatrixDimensionMismatchExceptionTest, org.apache.commons.math.linear.MatrixUtilsTest, org.apache.commons.math.linear.QRDecompositionImplTest, org.apache.commons.math.linear.QRSolverTest, org.apache.commons.math.linear.RealVectorFormatTest, org.apache.commons.math.linear.RealVectorTest, org.apache.commons.math.linear.SingularValueDecompositionImplTest, org.apache.commons.math.linear.SingularValueSolverTest, org.apache.commons.math.linear.SparseFieldMatrixTest, org.apache.commons.math.linear.SparseFieldVectorTest, org.apache.commons.math.linear.SparseRealMatrixTest, org.apache.commons.math.linear.SparseRealVectorTest, org.apache.commons.math.linear.TriDiagonalTransformerTest, org.apache.commons.math.linear.UnmodifiableArrayRealVectorTest, org.apache.commons.math.linear.UnmodifiableOpenMapRealVectorTest, org.apache.commons.math.ode.ContinuousOutputModelTest, org.apache.commons.math.ode.FirstOrderConverterTest, org.apache.commons.math.ode.events.EventStateTest, org.apache.commons.math.ode.events.OverlappingEventsTest, org.apache.commons.math.ode.nonstiff.AdamsBashforthIntegratorTest, org.apache.commons.math.ode.nonstiff.AdamsMoultonIntegratorTest, org.apache.commons.math.ode.nonstiff.ClassicalRungeKuttaIntegratorTest, org.apache.commons.math.ode.nonstiff.ClassicalRungeKuttaStepInterpolatorTest, org.apache.commons.math.ode.nonstiff.DormandPrince54IntegratorTest, org.apache.commons.math.ode.nonstiff.DormandPrince54StepInterpolatorTest, org.apache.commons.math.ode.nonstiff.DormandPrince853IntegratorTest, org.apache.commons.math.ode.nonstiff.DormandPrince853StepInterpolatorTest, org.apache.commons.math.ode.nonstiff.EulerIntegratorTest, org.apache.commons.math.ode.nonstiff.EulerStepInterpolatorTest, org.apache.commons.math.ode.nonstiff.GillIntegratorTest, org.apache.commons.math.ode.nonstiff.GillStepInterpolatorTest, org.apache.commons.math.ode.nonstiff.GraggBulirschStoerIntegratorTest, org.apache.commons.math.ode.nonstiff.GraggBulirschStoerStepInterpolatorTest, org.apache.commons.math.ode.nonstiff.HighamHall54IntegratorTest, org.apache.commons.math.ode.nonstiff.HighamHall54StepInterpolatorTest, org.apache.commons.math.ode.nonstiff.MidpointIntegratorTest, org.apache.commons.math.ode.nonstiff.MidpointStepInterpolatorTest, org.apache.commons.math.ode.nonstiff.ThreeEighthesIntegratorTest, org.apache.commons.math.ode.nonstiff.ThreeEighthesStepInterpolatorTest, org.apache.commons.math.ode.sampling.DummyStepInterpolatorTest, org.apache.commons.math.ode.sampling.NordsieckStepInterpolatorTest, org.apache.commons.math.ode.sampling.StepNormalizerOutputOverlapTest, org.apache.commons.math.ode.sampling.StepNormalizerOutputTest, org.apache.commons.math.ode.sampling.StepNormalizerTest, org.apache.commons.math.optimization.MultiStartDifferentiableMultivariateRealOptimizerTest, org.apache.commons.math.optimization.MultiStartDifferentiableMultivariateVectorialOptimizerTest, org.apache.commons.math.optimization.MultiStartMultivariateRealOptimizerTest, org.apache.commons.math.optimization.direct.BOBYQAOptimizerTest, org.apache.commons.math.optimization.direct.CMAESOptimizerTest, org.apache.commons.math.optimization.direct.PowellOptimizerTest, org.apache.commons.math.optimization.direct.SimplexOptimizerMultiDirectionalTest, org.apache.commons.math.optimization.direct.SimplexOptimizerNelderMeadTest, org.apache.commons.math.optimization.fitting.CurveFitterTest, org.apache.commons.math.optimization.fitting.GaussianFitterTest, org.apache.commons.math.optimization.fitting.HarmonicFitterTest, org.apache.commons.math.optimization.fitting.PolynomialFitterTest, org.apache.commons.math.optimization.general.GaussNewtonOptimizerTest, org.apache.commons.math.optimization.general.LevenbergMarquardtOptimizerTest, org.apache.commons.math.optimization.general.MinpackTest, org.apache.commons.math.optimization.general.NonLinearConjugateGradientOptimizerTest, org.apache.commons.math.optimization.linear.SimplexSolverTest, org.apache.commons.math.optimization.linear.SimplexTableauTest, org.apache.commons.math.optimization.univariate.BracketFinderTest, org.apache.commons.math.optimization.univariate.BrentOptimizerTest, org.apache.commons.math.optimization.univariate.MultiStartUnivariateRealOptimizerTest, org.apache.commons.math.random.AbstractRandomGeneratorTest, org.apache.commons.math.random.BitsStreamGeneratorTest, org.apache.commons.math.random.CorrelatedRandomVectorGeneratorTest, org.apache.commons.math.random.EmpiricalDistributionTest, org.apache.commons.math.random.GaussianRandomGeneratorTest, org.apache.commons.math.random.MersenneTwisterTest, org.apache.commons.math.random.RandomAdaptorTest, org.apache.commons.math.random.RandomDataTest, org.apache.commons.math.random.RandomGeneratorAbstractTest, org.apache.commons.math.random.UncorrelatedRandomVectorGeneratorTest, org.apache.commons.math.random.UniformRandomGeneratorTest, org.apache.commons.math.random.ValueServerTest, org.apache.commons.math.random.Well1024aTest, org.apache.commons.math.random.Well19937aTest, org.apache.commons.math.random.Well19937cTest, org.apache.commons.math.random.Well44497aTest, org.apache.commons.math.random.Well44497bTest, org.apache.commons.math.random.Well512aTest, org.apache.commons.math.special.BetaTest, org.apache.commons.math.special.ErfTest, org.apache.commons.math.special.GammaTest, org.apache.commons.math.stat.CertifiedDataTest, org.apache.commons.math.stat.FrequencyTest, org.apache.commons.math.stat.StatUtilsTest, org.apache.commons.math.stat.clustering.EuclideanIntegerPointTest, org.apache.commons.math.stat.clustering.KMeansPlusPlusClustererTest, org.apache.commons.math.stat.correlation.CovarianceTest, org.apache.commons.math.stat.correlation.PearsonsCorrelationTest, org.apache.commons.math.stat.correlation.SpearmansRankCorrelationTest, org.apache.commons.math.stat.correlation.StorelessCovarianceTest, org.apache.commons.math.stat.data.LewTest, org.apache.commons.math.stat.data.LotteryTest, org.apache.commons.math.stat.descriptive.AbstractUnivariateStatisticTest, org.apache.commons.math.stat.descriptive.AggregateSummaryStatisticsTest, org.apache.commons.math.stat.descriptive.DescriptiveStatisticsTest, org.apache.commons.math.stat.descriptive.InteractionTest, org.apache.commons.math.stat.descriptive.ListUnivariateImplTest, org.apache.commons.math.stat.descriptive.MixedListUnivariateImplTest, org.apache.commons.math.stat.descriptive.MultivariateSummaryStatisticsTest, org.apache.commons.math.stat.descriptive.StatisticalSummaryValuesTest, org.apache.commons.math.stat.descriptive.SummaryStatisticsTest, org.apache.commons.math.stat.descriptive.SynchronizedDescriptiveStatisticsTest, org.apache.commons.math.stat.descriptive.SynchronizedMultivariateSummaryStatisticsTest, org.apache.commons.math.stat.descriptive.SynchronizedSummaryStatisticsTest, org.apache.commons.math.stat.descriptive.moment.FirstMomentTest, org.apache.commons.math.stat.descriptive.moment.FourthMomentTest, org.apache.commons.math.stat.descriptive.moment.GeometricMeanTest, org.apache.commons.math.stat.descriptive.moment.KurtosisTest, org.apache.commons.math.stat.descriptive.moment.MeanTest, org.apache.commons.math.stat.descriptive.moment.SecondMomentTest, org.apache.commons.math.stat.descriptive.moment.SemiVarianceTest, org.apache.commons.math.stat.descriptive.moment.SkewnessTest, org.apache.commons.math.stat.descriptive.moment.StandardDeviationTest, org.apache.commons.math.stat.descriptive.moment.ThirdMomentTest, org.apache.commons.math.stat.descriptive.moment.VarianceTest, org.apache.commons.math.stat.descriptive.moment.VectorialCovarianceTest, org.apache.commons.math.stat.descriptive.moment.VectorialMeanTest, org.apache.commons.math.stat.descriptive.rank.MaxTest, org.apache.commons.math.stat.descriptive.rank.MedianTest, org.apache.commons.math.stat.descriptive.rank.MinTest, org.apache.commons.math.stat.descriptive.rank.PercentileTest, org.apache.commons.math.stat.descriptive.summary.ProductTest, org.apache.commons.math.stat.descriptive.summary.SumLogTest, org.apache.commons.math.stat.descriptive.summary.SumSqTest, org.apache.commons.math.stat.descriptive.summary.SumTest, org.apache.commons.math.stat.inference.ChiSquareTestTest, org.apache.commons.math.stat.inference.MannWhitneyUTestTest, org.apache.commons.math.stat.inference.OneWayAnovaTest, org.apache.commons.math.stat.inference.TTestTest, org.apache.commons.math.stat.inference.TestUtilsTest, org.apache.commons.math.stat.inference.WilcoxonSignedRankTestTest, org.apache.commons.math.stat.ranking.NaturalRankingTest, org.apache.commons.math.stat.regression.GLSMultipleLinearRegressionTest, org.apache.commons.math.stat.regression.MillerUpdatingRegressionTest, org.apache.commons.math.stat.regression.OLSMultipleLinearRegressionTest, org.apache.commons.math.stat.regression.SimpleRegressionTest, org.apache.commons.math.transform.FastCosineTransformerTest, org.apache.commons.math.transform.FastFourierTransformerTest, org.apache.commons.math.transform.FastHadamardTransformerTest, org.apache.commons.math.transform.FastSineTransformerTest, org.apache.commons.math.util.BigRealFieldTest, org.apache.commons.math.util.BigRealTest, org.apache.commons.math.util.ContinuedFractionTest, org.apache.commons.math.util.DefaultTransformerTest, org.apache.commons.math.util.FastMathStrictComparisonTest, org.apache.commons.math.util.FastMathTest, org.apache.commons.math.util.FastMathTestPerformance, org.apache.commons.math.util.IncrementorTest, org.apache.commons.math.util.MathUtilsTest, org.apache.commons.math.util.MultidimensionalCounterTest, org.apache.commons.math.util.OpenIntToDoubleHashMapTest, org.apache.commons.math.util.OpenIntToFieldTest, org.apache.commons.math.util.PairTest, org.apache.commons.math.util.ResizableDoubleArrayTest, org.apache.commons.math.util.TransformerMapTest], complianceLevel=7, outputFolder=., json=true}
09:49:07.021 [main] INFO  fr.inria.lille.repair.nopol.NoPol - Available processors (cores): 4
09:49:07.027 [main] INFO  fr.inria.lille.repair.nopol.NoPol - Free memory: 920 MB
09:49:07.027 [main] INFO  fr.inria.lille.repair.nopol.NoPol - Maximum memory: 3 GB
09:49:07.027 [main] INFO  fr.inria.lille.repair.nopol.NoPol - Total memory available to JVM: 981 MB
09:49:07.027 [main] INFO  fr.inria.lille.repair.nopol.NoPol - Java version: 1.8.0_181
09:49:07.028 [main] INFO  fr.inria.lille.repair.nopol.NoPol - JAVA_HOME: /usr/lib/jvm/java-1.8.0-openjdk-amd64/bin/
09:49:07.028 [main] INFO  fr.inria.lille.repair.nopol.NoPol - PATH: /usr/lib/jvm/java-1.8.0-openjdk-amd64/bin/:/usr/lib/oar/oardodo:/usr/lib/oar/oardodo:/usr/local/bin:/usr/bin:/bin:/usr/games
09:52:21.879 [pool-2-thread-1] DEBUG fr.inria.lille.repair.nopol.NoPol - statement #1
09:52:21.880 [pool-2-thread-1] DEBUG fr.inria.lille.repair.nopol.NoPol - Analysing SourceLocation org.apache.commons.math.exception.MathIllegalStateException:83 which is executed by 1 tests
-614386291
09:52:22.199 [pool-2-thread-1] DEBUG fr.inria.lille.repair.nopol.NoPol - statement #2
09:52:22.199 [pool-2-thread-1] DEBUG fr.inria.lille.repair.nopol.NoPol - Analysing SourceLocation org.apache.commons.math.optimization.direct.BOBYQAOptimizer:1185 which is executed by 4 tests
283261218
09:52:22.408 [pool-2-thread-1] DEBUG fr.inria.lille.repair.nopol.NoPol - looking with class fr.inria.lille.repair.nopol.spoon.smt.ConditionalAdder
org.apache.commons.math.optimization.direct.BOBYQAOptimizerTest$Rosen BEGIN
org.apache.commons.math.optimization.direct.BOBYQAOptimizerTest$Rosen END
org.apache.commons.math.optimization.direct.BOBYQAOptimizerTest$ElliRotated BEGIN
org.apache.commons.math.optimization.direct.BOBYQAOptimizerTest$ElliRotated END
org.apache.commons.math.optimization.direct.BOBYQAOptimizerTest$Elli BEGIN
org.apache.commons.math.optimization.direct.BOBYQAOptimizerTest$Elli END
org.apache.commons.math.optimization.direct.BOBYQAOptimizerTest$Rosen BEGIN
org.apache.commons.math.optimization.direct.BOBYQAOptimizerTest$TwoAxes BEGIN
org.apache.commons.math.optimization.direct.BOBYQAOptimizerTest$TwoAxes END
org.apache.commons.math.optimization.direct.BOBYQAOptimizerTest$Rosen BEGIN
org.apache.commons.math.optimization.direct.BOBYQAOptimizerTest$Cigar BEGIN
org.apache.commons.math.optimization.direct.BOBYQAOptimizerTest$Cigar END
org.apache.commons.math.optimization.direct.BOBYQAOptimizerTest$Rosen BEGIN
org.apache.commons.math.optimization.direct.BOBYQAOptimizerTest$Rosen END
org.apache.commons.math.optimization.direct.BOBYQAOptimizerTest$Rastrigin BEGIN
org.apache.commons.math.optimization.direct.BOBYQAOptimizerTest$Rastrigin END
org.apache.commons.math.optimization.direct.BOBYQAOptimizerTest$SsDiffPow BEGIN
org.apache.commons.math.optimization.direct.BOBYQAOptimizerTest$SsDiffPow END
org.apache.commons.math.optimization.direct.BOBYQAOptimizerTest$MinusElli BEGIN
org.apache.commons.math.optimization.direct.BOBYQAOptimizerTest$MinusElli END
org.apache.commons.math.optimization.direct.BOBYQAOptimizerTest$MinusElli BEGIN
org.apache.commons.math.optimization.direct.BOBYQAOptimizerTest$MinusElli END
org.apache.commons.math.optimization.direct.BOBYQAOptimizerTest$Ackley BEGIN
java.lang.AssertionError: expected:<0.0> but was:<1.047765607609108E-8>
    at org.junit.Assert.fail(Assert.java:88)
    at org.junit.Assert.failNotEquals(Assert.java:743)
    at org.junit.Assert.assertEquals(Assert.java:494)
    at org.junit.Assert.assertEquals(Assert.java:592)
    at org.apache.commons.math.optimization.direct.BOBYQAOptimizerTest.doTest(BOBYQAOptimizerTest.java:271)
    at org.apache.commons.math.optimization.direct.BOBYQAOptimizerTest.testAckley(BOBYQAOptimizerTest.java:208)
org.apache.commons.math.optimization.direct.BOBYQAOptimizerTest$CigTab BEGIN
org.apache.commons.math.optimization.direct.BOBYQAOptimizerTest$CigTab END
org.apache.commons.math.optimization.direct.BOBYQAOptimizerTest$DiffPow BEGIN
org.apache.commons.math.exception.TooManyEvaluationsException: illegal state: maximal count (12,000) exceeded: evaluations
    at org.apache.commons.math.optimization.direct.BaseAbstractScalarOptimizer.computeObjectiveValue(BaseAbstractScalarOptimizer.java:103)
    at org.apache.commons.math.optimization.direct.BOBYQAOptimizer.bobyqb(BOBYQAOptimizer.java:833)
    at org.apache.commons.math.optimization.direct.BOBYQAOptimizer.bobyqa(BOBYQAOptimizer.java:286)
    at org.apache.commons.math.optimization.direct.BOBYQAOptimizer.doOptimize(BOBYQAOptimizer.java:177)
    at org.apache.commons.math.optimization.direct.BaseAbstractScalarOptimizer.optimize(BaseAbstractScalarOptimizer.java:132)
    at org.apache.commons.math.optimization.direct.BOBYQAOptimizerTest.doTest(BOBYQAOptimizerTest.java:266)
org.apache.commons.math.optimization.direct.BOBYQAOptimizerTest$Rosen BEGIN
org.apache.commons.math.optimization.direct.BOBYQAOptimizerTest$Sphere BEGIN
org.apache.commons.math.optimization.direct.BOBYQAOptimizerTest$Sphere END
org.apache.commons.math.optimization.direct.BOBYQAOptimizerTest$Tablet BEGIN
org.apache.commons.math.optimization.direct.BOBYQAOptimizerTest$Tablet END
org.apache.commons.math.optimization.direct.BOBYQAOptimizerTest$Rosen BEGIN
org.apache.commons.math.optimization.direct.BOBYQAOptimizerTest$Rosen BEGIN
org.apache.commons.math.optimization.direct.BOBYQAOptimizerTest$Rosen END
org.apache.commons.math.optimization.direct.BOBYQAOptimizerTest$ElliRotated BEGIN
org.apache.commons.math.optimization.direct.BOBYQAOptimizerTest$ElliRotated END
org.apache.commons.math.optimization.direct.BOBYQAOptimizerTest$Elli BEGIN
org.apache.commons.math.optimization.direct.BOBYQAOptimizerTest$Elli END
org.apache.commons.math.optimization.direct.BOBYQAOptimizerTest$Rosen BEGIN
org.apache.commons.math.optimization.direct.BOBYQAOptimizerTest$TwoAxes BEGIN
org.apache.commons.math.optimization.direct.BOBYQAOptimizerTest$TwoAxes END
org.apache.commons.math.optimization.direct.BOBYQAOptimizerTest$Rosen BEGIN
org.apache.commons.math.optimization.direct.BOBYQAOptimizerTest$Cigar BEGIN
org.apache.commons.math.optimization.direct.BOBYQAOptimizerTest$Cigar END
org.apache.commons.math.optimization.direct.BOBYQAOptimizerTest$Rosen BEGIN
org.apache.commons.math.optimization.direct.BOBYQAOptimizerTest$Rosen END
org.apache.commons.math.optimization.direct.BOBYQAOptimizerTest$Rastrigin BEGIN
org.apache.commons.math.optimization.direct.BOBYQAOptimizerTest$Rastrigin END
org.apache.commons.math.optimization.direct.BOBYQAOptimizerTest$SsDiffPow BEGIN
org.apache.commons.math.optimization.direct.BOBYQAOptimizerTest$SsDiffPow END
org.apache.commons.math.optimization.direct.BOBYQAOptimizerTest$MinusElli BEGIN
org.apache.commons.math.optimization.direct.BOBYQAOptimizerTest$MinusElli END
org.apache.commons.math.optimization.direct.BOBYQAOptimizerTest$MinusElli BEGIN
org.apache.commons.math.optimization.direct.BOBYQAOptimizerTest$MinusElli END
org.apache.commons.math.optimization.direct.BOBYQAOptimizerTest$Ackley BEGIN
java.lang.AssertionError: expected:<0.0> but was:<1.047765607609108E-8>
    at org.junit.Assert.fail(Assert.java:88)
    at org.junit.Assert.failNotEquals(Assert.java:743)
    at org.junit.Assert.assertEquals(Assert.java:494)
    at org.junit.Assert.assertEquals(Assert.java:592)
    at org.apache.commons.math.optimization.direct.BOBYQAOptimizerTest.doTest(BOBYQAOptimizerTest.java:271)
    at org.apache.commons.math.optimization.direct.BOBYQAOptimizerTest.testAckley(BOBYQAOptimizerTest.java:208)
org.apache.commons.math.optimization.direct.BOBYQAOptimizerTest$CigTab BEGIN
org.apache.commons.math.optimization.direct.BOBYQAOptimizerTest$CigTab END
org.apache.commons.math.optimization.direct.BOBYQAOptimizerTest$DiffPow BEGIN
org.apache.commons.math.exception.TooManyEvaluationsException: illegal state: maximal count (12,000) exceeded: evaluations
    at org.apache.commons.math.optimization.direct.BaseAbstractScalarOptimizer.computeObjectiveValue(BaseAbstractScalarOptimizer.java:103)
    at org.apache.commons.math.optimization.direct.BOBYQAOptimizer.bobyqb(BOBYQAOptimizer.java:833)
    at org.apache.commons.math.optimization.direct.BOBYQAOptimizer.bobyqa(BOBYQAOptimizer.java:286)
    at org.apache.commons.math.optimization.direct.BOBYQAOptimizer.doOptimize(BOBYQAOptimizer.java:177)
    at org.apache.commons.math.optimization.direct.BaseAbstractScalarOptimizer.optimize(BaseAbstractScalarOptimizer.java:132)
    at org.apache.commons.math.optimization.direct.BOBYQAOptimizerTest.doTest(BOBYQAOptimizerTest.java:266)
org.apache.commons.math.optimization.direct.BOBYQAOptimizerTest$Rosen BEGIN
org.apache.commons.math.optimization.direct.BOBYQAOptimizerTest$Sphere BEGIN
org.apache.commons.math.optimization.direct.BOBYQAOptimizerTest$Sphere END
org.apache.commons.math.optimization.direct.BOBYQAOptimizerTest$Tablet BEGIN
org.apache.commons.math.optimization.direct.BOBYQAOptimizerTest$Tablet END
org.apache.commons.math.optimization.direct.BOBYQAOptimizerTest$Rosen BEGIN
09:52:37.018 [pool-4-thread-1] INFO  xxl.java.junit.TestCasesListener - Tests run finished (14581 ms)
<> Total tests run: 36
<> Ignored tests: 0
<> Failed tests: 4
~ testAckley(org.apache.commons.math.optimization.direct.BOBYQAOptimizerTest)
[expected:<0.0> but was:<1.047765607609108E-8>]
java.lang.AssertionError: expected:<0.0> but was:<1.047765607609108E-8>    at org.junit.Assert.fail(Assert.java:88)
    at org.junit.Assert.failNotEquals(Assert.java:743)
    at org.junit.Assert.assertEquals(Assert.java:494)
    at org.junit.Assert.assertEquals(Assert.java:592)
    at org.apache.commons.math.optimization.direct.BOBYQAOptimizerTest.doTest(BOBYQAOptimizerTest.java:271)
    at org.apache.commons.math.optimization.direct.BOBYQAOptimizerTest.testAckley(BOBYQAOptimizerTest.java:208)
~ testDiffPow(org.apache.commons.math.optimization.direct.BOBYQAOptimizerTest)
[illegal state: maximal count (12,000) exceeded: evaluations]
org.apache.commons.math.exception.TooManyEvaluationsException: illegal state: maximal count (12,000) exceeded: evaluations    at org.apache.commons.math.optimization.direct.BaseAbstractScalarOptimizer.computeObjectiveValue(BaseAbstractScalarOptimizer.java:103)
    at org.apache.commons.math.optimization.direct.BOBYQAOptimizer.bobyqb(BOBYQAOptimizer.java:833)
    at org.apache.commons.math.optimization.direct.BOBYQAOptimizer.bobyqa(BOBYQAOptimizer.java:286)
    at org.apache.commons.math.optimization.direct.BOBYQAOptimizer.doOptimize(BOBYQAOptimizer.java:177)
    at org.apache.commons.math.optimization.direct.BaseAbstractScalarOptimizer.optimize(BaseAbstractScalarOptimizer.java:132)
    at org.apache.commons.math.optimization.direct.BOBYQAOptimizerTest.doTest(BOBYQAOptimizerTest.java:266)
~ testAckley(org.apache.commons.math.optimization.direct.BOBYQAOptimizerTest)
[expected:<0.0> but was:<1.047765607609108E-8>]
java.lang.AssertionError: expected:<0.0> but was:<1.047765607609108E-8>    at org.junit.Assert.fail(Assert.java:88)
    at org.junit.Assert.failNotEquals(Assert.java:743)
    at org.junit.Assert.assertEquals(Assert.java:494)
    at org.junit.Assert.assertEquals(Assert.java:592)
    at org.apache.commons.math.optimization.direct.BOBYQAOptimizerTest.doTest(BOBYQAOptimizerTest.java:271)
    at org.apache.commons.math.optimization.direct.BOBYQAOptimizerTest.testAckley(BOBYQAOptimizerTest.java:208)
~ testDiffPow(org.apache.commons.math.optimization.direct.BOBYQAOptimizerTest)
[illegal state: maximal count (12,000) exceeded: evaluations]
org.apache.commons.math.exception.TooManyEvaluationsException: illegal state: maximal count (12,000) exceeded: evaluations    at org.apache.commons.math.optimization.direct.BaseAbstractScalarOptimizer.computeObjectiveValue(BaseAbstractScalarOptimizer.java:103)
    at org.apache.commons.math.optimization.direct.BOBYQAOptimizer.bobyqb(BOBYQAOptimizer.java:833)
    at org.apache.commons.math.optimization.direct.BOBYQAOptimizer.bobyqa(BOBYQAOptimizer.java:286)
    at org.apache.commons.math.optimization.direct.BOBYQAOptimizer.doOptimize(BOBYQAOptimizer.java:177)
    at org.apache.commons.math.optimization.direct.BaseAbstractScalarOptimizer.optimize(BaseAbstractScalarOptimizer.java:132)
    at org.apache.commons.math.optimization.direct.BOBYQAOptimizerTest.doTest(BOBYQAOptimizerTest.java:266)

org.apache.commons.math.optimization.direct.BOBYQAOptimizerTest$DiffPow BEGIN
org.apache.commons.math.exception.MathIllegalStateException: trust region step has failed to reduce Q
    at org.apache.commons.math.optimization.direct.BOBYQAOptimizer.bobyqb(BOBYQAOptimizer.java:534)
    at org.apache.commons.math.optimization.direct.BOBYQAOptimizer.bobyqa(BOBYQAOptimizer.java:127)
    at org.apache.commons.math.optimization.direct.BOBYQAOptimizer.doOptimize(BOBYQAOptimizer.java:72)
    at org.apache.commons.math.optimization.direct.BaseAbstractScalarOptimizer.optimize(BaseAbstractScalarOptimizer.java:132)
    at org.apache.commons.math.optimization.direct.BOBYQAOptimizerTest.doTest(BOBYQAOptimizerTest.java:266)
    at org.apache.commons.math.optimization.direct.BOBYQAOptimizerTest.testDiffPow(BOBYQAOptimizerTest.java:186)
09:52:40.212 [pool-5-thread-1] INFO  f.i.l.c.t.SpecificationTestCasesListener - Tests run finished (37 ms)
<> Total tests run: 1
<> Ignored tests: 0
<> Failed tests: 1
~ testDiffPow(org.apache.commons.math.optimization.direct.BOBYQAOptimizerTest)
[trust region step has failed to reduce Q]
org.apache.commons.math.exception.MathIllegalStateException: trust region step has failed to reduce Q    at org.apache.commons.math.optimization.direct.BOBYQAOptimizer.bobyqb(BOBYQAOptimizer.java:534)
    at org.apache.commons.math.optimization.direct.BOBYQAOptimizer.bobyqa(BOBYQAOptimizer.java:127)
    at org.apache.commons.math.optimization.direct.BOBYQAOptimizer.doOptimize(BOBYQAOptimizer.java:72)
    at org.apache.commons.math.optimization.direct.BaseAbstractScalarOptimizer.optimize(BaseAbstractScalarOptimizer.java:132)
    at org.apache.commons.math.optimization.direct.BOBYQAOptimizerTest.doTest(BOBYQAOptimizerTest.java:266)
    at org.apache.commons.math.optimization.direct.BOBYQAOptimizerTest.testDiffPow(BOBYQAOptimizerTest.java:186)

org.apache.commons.math.optimization.direct.BOBYQAOptimizerTest$Ackley BEGIN
org.apache.commons.math.exception.MathIllegalStateException: trust region step has failed to reduce Q
    at org.apache.commons.math.optimization.direct.BOBYQAOptimizer.bobyqb(BOBYQAOptimizer.java:534)
    at org.apache.commons.math.optimization.direct.BOBYQAOptimizer.bobyqa(BOBYQAOptimizer.java:127)
    at org.apache.commons.math.optimization.direct.BOBYQAOptimizer.doOptimize(BOBYQAOptimizer.java:72)
    at org.apache.commons.math.optimization.direct.BaseAbstractScalarOptimizer.optimize(BaseAbstractScalarOptimizer.java:132)
    at org.apache.commons.math.optimization.direct.BOBYQAOptimizerTest.doTest(BOBYQAOptimizerTest.java:266)
    at org.apache.commons.math.optimization.direct.BOBYQAOptimizerTest.testAckley(BOBYQAOptimizerTest.java:208)
09:52:40.397 [pool-6-thread-1] INFO  f.i.l.c.t.SpecificationTestCasesListener - Tests run finished (183 ms)
<> Total tests run: 1
<> Ignored tests: 0
<> Failed tests: 1
~ testAckley(org.apache.commons.math.optimization.direct.BOBYQAOptimizerTest)
[trust region step has failed to reduce Q]
org.apache.commons.math.exception.MathIllegalStateException: trust region step has failed to reduce Q    at org.apache.commons.math.optimization.direct.BOBYQAOptimizer.bobyqb(BOBYQAOptimizer.java:534)
    at org.apache.commons.math.optimization.direct.BOBYQAOptimizer.bobyqa(BOBYQAOptimizer.java:127)
    at org.apache.commons.math.optimization.direct.BOBYQAOptimizer.doOptimize(BOBYQAOptimizer.java:72)
    at org.apache.commons.math.optimization.direct.BaseAbstractScalarOptimizer.optimize(BaseAbstractScalarOptimizer.java:132)
    at org.apache.commons.math.optimization.direct.BOBYQAOptimizerTest.doTest(BOBYQAOptimizerTest.java:266)
    at org.apache.commons.math.optimization.direct.BOBYQAOptimizerTest.testAckley(BOBYQAOptimizerTest.java:208)

org.apache.commons.math.optimization.direct.BOBYQAOptimizerTest$DiffPow BEGIN
org.apache.commons.math.exception.TooManyEvaluationsException: illegal state: maximal count (12,000) exceeded: evaluations
    at org.apache.commons.math.optimization.direct.BaseAbstractScalarOptimizer.computeObjectiveValue(BaseAbstractScalarOptimizer.java:103)
    at org.apache.commons.math.optimization.direct.BOBYQAOptimizer.bobyqb(BOBYQAOptimizer.java:497)
    at org.apache.commons.math.optimization.direct.BOBYQAOptimizer.bobyqa(BOBYQAOptimizer.java:127)
    at org.apache.commons.math.optimization.direct.BOBYQAOptimizer.doOptimize(BOBYQAOptimizer.java:72)
    at org.apache.commons.math.optimization.direct.BaseAbstractScalarOptimizer.optimize(BaseAbstractScalarOptimizer.java:132)
    at org.apache.commons.math.optimization.direct.BOBYQAOptimizerTest.doTest(BOBYQAOptimizerTest.java:266)
09:52:42.030 [pool-7-thread-1] INFO  f.i.l.c.t.SpecificationTestCasesListener - Tests run finished (1627 ms)
<> Total tests run: 1
<> Ignored tests: 0
<> Failed tests: 1
~ testDiffPow(org.apache.commons.math.optimization.direct.BOBYQAOptimizerTest)
[illegal state: maximal count (12,000) exceeded: evaluations]
org.apache.commons.math.exception.TooManyEvaluationsException: illegal state: maximal count (12,000) exceeded: evaluations    at org.apache.commons.math.optimization.direct.BaseAbstractScalarOptimizer.computeObjectiveValue(BaseAbstractScalarOptimizer.java:103)
    at org.apache.commons.math.optimization.direct.BOBYQAOptimizer.bobyqb(BOBYQAOptimizer.java:497)
    at org.apache.commons.math.optimization.direct.BOBYQAOptimizer.bobyqa(BOBYQAOptimizer.java:127)
    at org.apache.commons.math.optimization.direct.BOBYQAOptimizer.doOptimize(BOBYQAOptimizer.java:72)
    at org.apache.commons.math.optimization.direct.BaseAbstractScalarOptimizer.optimize(BaseAbstractScalarOptimizer.java:132)
    at org.apache.commons.math.optimization.direct.BOBYQAOptimizerTest.doTest(BOBYQAOptimizerTest.java:266)

org.apache.commons.math.optimization.direct.BOBYQAOptimizerTest$Ackley BEGIN
java.lang.AssertionError: expected:<0.0> but was:<1.047765607609108E-8>
    at org.junit.Assert.fail(Assert.java:88)
    at org.junit.Assert.failNotEquals(Assert.java:743)
    at org.junit.Assert.assertEquals(Assert.java:494)
    at org.junit.Assert.assertEquals(Assert.java:592)
    at org.apache.commons.math.optimization.direct.BOBYQAOptimizerTest.doTest(BOBYQAOptimizerTest.java:271)
    at org.apache.commons.math.optimization.direct.BOBYQAOptimizerTest.testAckley(BOBYQAOptimizerTest.java:208)
09:52:42.216 [pool-8-thread-1] INFO  f.i.l.c.t.SpecificationTestCasesListener - Tests run finished (178 ms)
<> Total tests run: 1
<> Ignored tests: 0
<> Failed tests: 1
~ testAckley(org.apache.commons.math.optimization.direct.BOBYQAOptimizerTest)
[expected:<0.0> but was:<1.047765607609108E-8>]
java.lang.AssertionError: expected:<0.0> but was:<1.047765607609108E-8>    at org.junit.Assert.fail(Assert.java:88)
    at org.junit.Assert.failNotEquals(Assert.java:743)
    at org.junit.Assert.assertEquals(Assert.java:494)
    at org.junit.Assert.assertEquals(Assert.java:592)
    at org.apache.commons.math.optimization.direct.BOBYQAOptimizerTest.doTest(BOBYQAOptimizerTest.java:271)
    at org.apache.commons.math.optimization.direct.BOBYQAOptimizerTest.testAckley(BOBYQAOptimizerTest.java:208)

09:52:42.217 [pool-3-thread-1] DEBUG tests.output - Failing tests with false: 
[testDiffPow(org.apache.commons.math.optimization.direct.BOBYQAOptimizerTest): trust region step has failed to reduce Q, testAckley(org.apache.commons.math.optimization.direct.BOBYQAOptimizerTest): trust region step has failed to reduce Q]
09:52:42.217 [pool-3-thread-1] DEBUG tests.output - Failing tests with true: 
[testDiffPow(org.apache.commons.math.optimization.direct.BOBYQAOptimizerTest): illegal state: maximal count (12,000) exceeded: evaluations, testAckley(org.apache.commons.math.optimization.direct.BOBYQAOptimizerTest): expected:<0.0> but was:<1.047765607609108E-8>]
09:52:42.217 [pool-3-thread-1] INFO  f.i.l.r.n.synth.SMTNopolSynthesizer - Not enough specifications: 0. A trivial patch is "true" or "false", please write new tests specifying SourceLocation org.apache.commons.math.optimization.direct.BOBYQAOptimizer:1185.
09:52:42.218 [pool-2-thread-1] DEBUG fr.inria.lille.repair.nopol.NoPol - statement #3
09:52:42.218 [pool-2-thread-1] DEBUG fr.inria.lille.repair.nopol.NoPol - Analysing SourceLocation org.apache.commons.math.complex.Complex:1181 which is executed by 1 tests
-1679819631
09:52:42.346 [pool-2-thread-1] DEBUG fr.inria.lille.repair.nopol.NoPol - statement #4
09:52:42.346 [pool-2-thread-1] DEBUG fr.inria.lille.repair.nopol.NoPol - Analysing SourceLocation org.apache.commons.math.complex.Complex:259 which is executed by 4 tests
-1679819631
09:52:42.461 [pool-2-thread-1] DEBUG fr.inria.lille.repair.nopol.NoPol - looking with class fr.inria.lille.repair.nopol.spoon.smt.ConditionalAdder
java.lang.AssertionError
    at org.junit.Assert.fail(Assert.java:86)
    at org.junit.Assert.assertTrue(Assert.java:41)
    at org.junit.Assert.assertTrue(Assert.java:52)
    at org.apache.commons.math.complex.ComplexTest.testAtanI(ComplexTest.java:577)
    at sun.reflect.NativeMethodAccessorImpl.invoke0(Native Method)
    at sun.reflect.NativeMethodAccessorImpl.invoke(NativeMethodAccessorImpl.java:62)
java.lang.AssertionError: expected:<(Infinity, Infinity)> but was:<(NaN, NaN)>
    at org.junit.Assert.fail(Assert.java:88)
    at org.junit.Assert.failNotEquals(Assert.java:743)
    at org.junit.Assert.assertEquals(Assert.java:118)
    at org.junit.Assert.assertEquals(Assert.java:144)
    at org.apache.commons.math.complex.ComplexTest.testDivideZero(ComplexTest.java:233)
    at sun.reflect.NativeMethodAccessorImpl.invoke0(Native Method)
java.lang.AssertionError
    at org.junit.Assert.fail(Assert.java:86)
    at org.junit.Assert.assertTrue(Assert.java:41)
    at org.junit.Assert.assertTrue(Assert.java:52)
    at org.apache.commons.math.complex.ComplexTest.testAtanI(ComplexTest.java:577)
    at sun.reflect.NativeMethodAccessorImpl.invoke0(Native Method)
    at sun.reflect.NativeMethodAccessorImpl.invoke(NativeMethodAccessorImpl.java:62)
java.lang.AssertionError: expected:<(Infinity, Infinity)> but was:<(NaN, NaN)>
    at org.junit.Assert.fail(Assert.java:88)
    at org.junit.Assert.failNotEquals(Assert.java:743)
    at org.junit.Assert.assertEquals(Assert.java:118)
    at org.junit.Assert.assertEquals(Assert.java:144)
    at org.apache.commons.math.complex.ComplexTest.testDivideZero(ComplexTest.java:233)
    at sun.reflect.NativeMethodAccessorImpl.invoke0(Native Method)
09:52:42.548 [pool-10-thread-1] INFO  xxl.java.junit.TestCasesListener - Tests run finished (73 ms)
<> Total tests run: 232
<> Ignored tests: 0
<> Failed tests: 4
~ testAtanI(org.apache.commons.math.complex.ComplexTest)
[null]
java.lang.AssertionError    at org.junit.Assert.fail(Assert.java:86)
    at org.junit.Assert.assertTrue(Assert.java:41)
    at org.junit.Assert.assertTrue(Assert.java:52)
    at org.apache.commons.math.complex.ComplexTest.testAtanI(ComplexTest.java:577)
    at sun.reflect.NativeMethodAccessorImpl.invoke0(Native Method)
    at sun.reflect.NativeMethodAccessorImpl.invoke(NativeMethodAccessorImpl.java:62)
~ testDivideZero(org.apache.commons.math.complex.ComplexTest)
[expected:<(Infinity, Infinity)> but was:<(NaN, NaN)>]
java.lang.AssertionError: expected:<(Infinity, Infinity)> but was:<(NaN, NaN)>    at org.junit.Assert.fail(Assert.java:88)
    at org.junit.Assert.failNotEquals(Assert.java:743)
    at org.junit.Assert.assertEquals(Assert.java:118)
    at org.junit.Assert.assertEquals(Assert.java:144)
    at org.apache.commons.math.complex.ComplexTest.testDivideZero(ComplexTest.java:233)
    at sun.reflect.NativeMethodAccessorImpl.invoke0(Native Method)
~ testAtanI(org.apache.commons.math.complex.ComplexTest)
[null]
java.lang.AssertionError    at org.junit.Assert.fail(Assert.java:86)
    at org.junit.Assert.assertTrue(Assert.java:41)
    at org.junit.Assert.assertTrue(Assert.java:52)
    at org.apache.commons.math.complex.ComplexTest.testAtanI(ComplexTest.java:577)
    at sun.reflect.NativeMethodAccessorImpl.invoke0(Native Method)
    at sun.reflect.NativeMethodAccessorImpl.invoke(NativeMethodAccessorImpl.java:62)
~ testDivideZero(org.apache.commons.math.complex.ComplexTest)
[expected:<(Infinity, Infinity)> but was:<(NaN, NaN)>]
java.lang.AssertionError: expected:<(Infinity, Infinity)> but was:<(NaN, NaN)>    at org.junit.Assert.fail(Assert.java:88)
    at org.junit.Assert.failNotEquals(Assert.java:743)
    at org.junit.Assert.assertEquals(Assert.java:118)
    at org.junit.Assert.assertEquals(Assert.java:144)
    at org.apache.commons.math.complex.ComplexTest.testDivideZero(ComplexTest.java:233)
    at sun.reflect.NativeMethodAccessorImpl.invoke0(Native Method)

09:52:42.937 [pool-11-thread-1] INFO  f.i.l.c.t.SpecificationTestCasesListener - Tests run finished (32 ms)
<> Total tests run: 1
<> Ignored tests: 0
<> Failed tests: 0

09:52:42.941 [pool-12-thread-1] INFO  f.i.l.c.t.SpecificationTestCasesListener - Tests run finished (0 ms)
<> Total tests run: 1
<> Ignored tests: 0
<> Failed tests: 0

java.lang.AssertionError
    at org.junit.Assert.fail(Assert.java:86)
    at org.junit.Assert.assertTrue(Assert.java:41)
    at org.junit.Assert.assertTrue(Assert.java:52)
    at org.apache.commons.math.complex.ComplexTest.testAtanI(ComplexTest.java:577)
    at sun.reflect.NativeMethodAccessorImpl.invoke0(Native Method)
    at sun.reflect.NativeMethodAccessorImpl.invoke(NativeMethodAccessorImpl.java:62)
09:52:42.948 [pool-13-thread-1] INFO  f.i.l.c.t.SpecificationTestCasesListener - Tests run finished (1 ms)
<> Total tests run: 1
<> Ignored tests: 0
<> Failed tests: 1
~ testAtanI(org.apache.commons.math.complex.ComplexTest)
[null]
java.lang.AssertionError    at org.junit.Assert.fail(Assert.java:86)
    at org.junit.Assert.assertTrue(Assert.java:41)
    at org.junit.Assert.assertTrue(Assert.java:52)
    at org.apache.commons.math.complex.ComplexTest.testAtanI(ComplexTest.java:577)
    at sun.reflect.NativeMethodAccessorImpl.invoke0(Native Method)
    at sun.reflect.NativeMethodAccessorImpl.invoke(NativeMethodAccessorImpl.java:62)

java.lang.AssertionError: expected:<(Infinity, Infinity)> but was:<(NaN, NaN)>
    at org.junit.Assert.fail(Assert.java:88)
    at org.junit.Assert.failNotEquals(Assert.java:743)
    at org.junit.Assert.assertEquals(Assert.java:118)
    at org.junit.Assert.assertEquals(Assert.java:144)
    at org.apache.commons.math.complex.ComplexTest.testDivideZero(ComplexTest.java:233)
    at sun.reflect.NativeMethodAccessorImpl.invoke0(Native Method)
09:52:42.963 [pool-14-thread-1] INFO  f.i.l.c.t.SpecificationTestCasesListener - Tests run finished (0 ms)
<> Total tests run: 1
<> Ignored tests: 0
<> Failed tests: 1
~ testDivideZero(org.apache.commons.math.complex.ComplexTest)
[expected:<(Infinity, Infinity)> but was:<(NaN, NaN)>]
java.lang.AssertionError: expected:<(Infinity, Infinity)> but was:<(NaN, NaN)>    at org.junit.Assert.fail(Assert.java:88)
    at org.junit.Assert.failNotEquals(Assert.java:743)
    at org.junit.Assert.assertEquals(Assert.java:118)
    at org.junit.Assert.assertEquals(Assert.java:144)
    at org.apache.commons.math.complex.ComplexTest.testDivideZero(ComplexTest.java:233)
    at sun.reflect.NativeMethodAccessorImpl.invoke0(Native Method)

09:52:42.967 [pool-15-thread-1] INFO  f.i.l.r.n.s.ConstraintModelBuilder$1PassingListener - Tests run finished (1 ms)
<> Total tests run: 1
<> Ignored tests: 0
<> Failed tests: 0

java.lang.AssertionError: expected:<NaN> but was:<Infinity>
    at org.junit.Assert.fail(Assert.java:88)
    at org.junit.Assert.failNotEquals(Assert.java:743)
    at org.junit.Assert.assertEquals(Assert.java:494)
    at org.junit.Assert.assertEquals(Assert.java:592)
    at org.apache.commons.math.TestUtils.assertEquals(TestUtils.java:94)
    at org.apache.commons.math.complex.ComplexTest.testScalarDivideZero(ComplexTest.java:299)
09:52:42.971 [pool-16-thread-1] INFO  f.i.l.r.n.s.ConstraintModelBuilder$1PassingListener - Tests run finished (2 ms)
<> Total tests run: 1
<> Ignored tests: 0
<> Failed tests: 1
~ testScalarDivideZero(org.apache.commons.math.complex.ComplexTest)
[expected:<NaN> but was:<Infinity>]
java.lang.AssertionError: expected:<NaN> but was:<Infinity>    at org.junit.Assert.fail(Assert.java:88)
    at org.junit.Assert.failNotEquals(Assert.java:743)
    at org.junit.Assert.assertEquals(Assert.java:494)
    at org.junit.Assert.assertEquals(Assert.java:592)
    at org.apache.commons.math.TestUtils.assertEquals(TestUtils.java:94)
    at org.apache.commons.math.complex.ComplexTest.testScalarDivideZero(ComplexTest.java:299)

09:52:42.973 [pool-17-thread-1] INFO  f.i.l.r.n.s.ConstraintModelBuilder$1PassingListener - Tests run finished (0 ms)
<> Total tests run: 1
<> Ignored tests: 0
<> Failed tests: 0

09:52:42.976 [pool-18-thread-1] INFO  f.i.l.r.n.s.ConstraintModelBuilder$1PassingListener - Tests run finished (0 ms)
<> Total tests run: 1
<> Ignored tests: 0
<> Failed tests: 0

java.lang.AssertionError
    at org.junit.Assert.fail(Assert.java:86)
    at org.junit.Assert.assertTrue(Assert.java:41)
    at org.junit.Assert.assertTrue(Assert.java:52)
    at org.apache.commons.math.complex.ComplexTest.testAtanI(ComplexTest.java:577)
    at sun.reflect.NativeMethodAccessorImpl.invoke0(Native Method)
    at sun.reflect.NativeMethodAccessorImpl.invoke(NativeMethodAccessorImpl.java:62)
09:52:42.979 [pool-19-thread-1] INFO  f.i.l.r.n.s.ConstraintModelBuilder$1PassingListener - Tests run finished (1 ms)
<> Total tests run: 1
<> Ignored tests: 0
<> Failed tests: 1
~ testAtanI(org.apache.commons.math.complex.ComplexTest)
[null]
java.lang.AssertionError    at org.junit.Assert.fail(Assert.java:86)
    at org.junit.Assert.assertTrue(Assert.java:41)
    at org.junit.Assert.assertTrue(Assert.java:52)
    at org.apache.commons.math.complex.ComplexTest.testAtanI(ComplexTest.java:577)
    at sun.reflect.NativeMethodAccessorImpl.invoke0(Native Method)
    at sun.reflect.NativeMethodAccessorImpl.invoke(NativeMethodAccessorImpl.java:62)

09:52:42.987 [pool-20-thread-1] INFO  f.i.l.r.n.s.ConstraintModelBuilder$1PassingListener - Tests run finished (0 ms)
<> Total tests run: 1
<> Ignored tests: 0
<> Failed tests: 0

java.lang.AssertionError: expected:<(Infinity, Infinity)> but was:<(NaN, NaN)>
    at org.junit.Assert.fail(Assert.java:88)
    at org.junit.Assert.failNotEquals(Assert.java:743)
    at org.junit.Assert.assertEquals(Assert.java:118)
    at org.junit.Assert.assertEquals(Assert.java:144)
    at org.apache.commons.math.complex.ComplexTest.testDivideZero(ComplexTest.java:233)
    at sun.reflect.NativeMethodAccessorImpl.invoke0(Native Method)
09:52:42.990 [pool-21-thread-1] INFO  f.i.l.r.n.s.ConstraintModelBuilder$1PassingListener - Tests run finished (1 ms)
<> Total tests run: 1
<> Ignored tests: 0
<> Failed tests: 1
~ testDivideZero(org.apache.commons.math.complex.ComplexTest)
[expected:<(Infinity, Infinity)> but was:<(NaN, NaN)>]
java.lang.AssertionError: expected:<(Infinity, Infinity)> but was:<(NaN, NaN)>    at org.junit.Assert.fail(Assert.java:88)
    at org.junit.Assert.failNotEquals(Assert.java:743)
    at org.junit.Assert.assertEquals(Assert.java:118)
    at org.junit.Assert.assertEquals(Assert.java:144)
    at org.apache.commons.math.complex.ComplexTest.testDivideZero(ComplexTest.java:233)
    at sun.reflect.NativeMethodAccessorImpl.invoke0(Native Method)

09:52:42.999 [pool-22-thread-1] INFO  f.i.l.r.n.s.ConstraintModelBuilder$1PassingListener - Tests run finished (0 ms)
<> Total tests run: 1
<> Ignored tests: 0
<> Failed tests: 0

09:52:43.002 [pool-23-thread-1] INFO  f.i.l.c.t.SpecificationTestCasesListener - Tests run finished (0 ms)
<> Total tests run: 1
<> Ignored tests: 0
<> Failed tests: 0

09:52:43.255 [pool-9-thread-1] DEBUG f.i.l.c.s.ConstraintBasedSynthesis - Operators:
09:52:43.386 [pool-9-thread-1] DEBUG f.i.l.c.s.ConstraintBasedSynthesis - Operators:
== of arity: 2
!= of arity: 2
< of arity: 2
<= of arity: 2
09:52:43.441 [pool-9-thread-1] DEBUG f.i.l.c.s.ConstraintBasedSynthesis - Operators:
== of arity: 2
!= of arity: 2
< of arity: 2
<= of arity: 2
! of arity: 1
|| of arity: 2
&& of arity: 2
09:52:43.504 [pool-9-thread-1] DEBUG f.i.l.c.s.ConstraintBasedSynthesis - Operators:
== of arity: 2
!= of arity: 2
< of arity: 2
<= of arity: 2
! of arity: 1
|| of arity: 2
&& of arity: 2
== of arity: 2
!= of arity: 2
< of arity: 2
<= of arity: 2
09:52:43.564 [pool-9-thread-1] DEBUG f.i.l.c.s.ConstraintBasedSynthesis - Operators:
== of arity: 2
!= of arity: 2
< of arity: 2
<= of arity: 2
! of arity: 1
|| of arity: 2
&& of arity: 2
== of arity: 2
!= of arity: 2
< of arity: 2
<= of arity: 2
! of arity: 1
|| of arity: 2
&& of arity: 2
09:52:43.617 [pool-9-thread-1] DEBUG f.i.l.c.s.ConstraintBasedSynthesis - Failed code synthesis, returning NullCodeGenesis
09:52:43.620 [pool-2-thread-1] DEBUG fr.inria.lille.repair.nopol.NoPol - statement #5
09:52:43.620 [pool-2-thread-1] DEBUG fr.inria.lille.repair.nopol.NoPol - Analysing SourceLocation org.apache.commons.math.optimization.direct.BOBYQAOptimizer:2140 which is executed by 5 tests
283261218
09:52:43.792 [pool-2-thread-1] DEBUG fr.inria.lille.repair.nopol.NoPol - looking with class fr.inria.lille.repair.nopol.spoon.smt.ConditionalAdder
org.apache.commons.math.optimization.direct.BOBYQAOptimizerTest$Rosen BEGIN
org.apache.commons.math.optimization.direct.BOBYQAOptimizerTest$Rosen END
org.apache.commons.math.optimization.direct.BOBYQAOptimizerTest$ElliRotated BEGIN
org.apache.commons.math.optimization.direct.BOBYQAOptimizerTest$ElliRotated END
org.apache.commons.math.optimization.direct.BOBYQAOptimizerTest$Elli BEGIN
org.apache.commons.math.optimization.direct.BOBYQAOptimizerTest$Elli END
org.apache.commons.math.optimization.direct.BOBYQAOptimizerTest$Rosen BEGIN
org.apache.commons.math.optimization.direct.BOBYQAOptimizerTest$TwoAxes BEGIN
org.apache.commons.math.optimization.direct.BOBYQAOptimizerTest$TwoAxes END
org.apache.commons.math.optimization.direct.BOBYQAOptimizerTest$Rosen BEGIN
org.apache.commons.math.optimization.direct.BOBYQAOptimizerTest$Cigar BEGIN
org.apache.commons.math.optimization.direct.BOBYQAOptimizerTest$Cigar END
org.apache.commons.math.optimization.direct.BOBYQAOptimizerTest$Rosen BEGIN
org.apache.commons.math.optimization.direct.BOBYQAOptimizerTest$Rosen END
org.apache.commons.math.optimization.direct.BOBYQAOptimizerTest$Rastrigin BEGIN
org.apache.commons.math.optimization.direct.BOBYQAOptimizerTest$Rastrigin END
org.apache.commons.math.optimization.direct.BOBYQAOptimizerTest$SsDiffPow BEGIN
org.apache.commons.math.optimization.direct.BOBYQAOptimizerTest$SsDiffPow END
org.apache.commons.math.optimization.direct.BOBYQAOptimizerTest$MinusElli BEGIN
org.apache.commons.math.optimization.direct.BOBYQAOptimizerTest$MinusElli END
org.apache.commons.math.optimization.direct.BOBYQAOptimizerTest$MinusElli BEGIN
org.apache.commons.math.optimization.direct.BOBYQAOptimizerTest$MinusElli END
org.apache.commons.math.optimization.direct.BOBYQAOptimizerTest$Ackley BEGIN
java.lang.AssertionError: expected:<0.0> but was:<1.047765607609108E-8>
    at org.junit.Assert.fail(Assert.java:88)
    at org.junit.Assert.failNotEquals(Assert.java:743)
    at org.junit.Assert.assertEquals(Assert.java:494)
    at org.junit.Assert.assertEquals(Assert.java:592)
    at org.apache.commons.math.optimization.direct.BOBYQAOptimizerTest.doTest(BOBYQAOptimizerTest.java:271)
    at org.apache.commons.math.optimization.direct.BOBYQAOptimizerTest.testAckley(BOBYQAOptimizerTest.java:208)
org.apache.commons.math.optimization.direct.BOBYQAOptimizerTest$CigTab BEGIN
org.apache.commons.math.optimization.direct.BOBYQAOptimizerTest$CigTab END
org.apache.commons.math.optimization.direct.BOBYQAOptimizerTest$DiffPow BEGIN
org.apache.commons.math.exception.TooManyEvaluationsException: illegal state: maximal count (12,000) exceeded: evaluations
    at org.apache.commons.math.optimization.direct.BaseAbstractScalarOptimizer.computeObjectiveValue(BaseAbstractScalarOptimizer.java:103)
    at org.apache.commons.math.optimization.direct.BOBYQAOptimizer.bobyqb(BOBYQAOptimizer.java:833)
    at org.apache.commons.math.optimization.direct.BOBYQAOptimizer.bobyqa(BOBYQAOptimizer.java:286)
    at org.apache.commons.math.optimization.direct.BOBYQAOptimizer.doOptimize(BOBYQAOptimizer.java:177)
    at org.apache.commons.math.optimization.direct.BaseAbstractScalarOptimizer.optimize(BaseAbstractScalarOptimizer.java:132)
    at org.apache.commons.math.optimization.direct.BOBYQAOptimizerTest.doTest(BOBYQAOptimizerTest.java:266)
org.apache.commons.math.optimization.direct.BOBYQAOptimizerTest$Rosen BEGIN
org.apache.commons.math.optimization.direct.BOBYQAOptimizerTest$Sphere BEGIN
org.apache.commons.math.optimization.direct.BOBYQAOptimizerTest$Sphere END
org.apache.commons.math.optimization.direct.BOBYQAOptimizerTest$Tablet BEGIN
org.apache.commons.math.optimization.direct.BOBYQAOptimizerTest$Tablet END
org.apache.commons.math.optimization.direct.BOBYQAOptimizerTest$Rosen BEGIN
org.apache.commons.math.optimization.direct.BOBYQAOptimizerTest$Rosen BEGIN
org.apache.commons.math.optimization.direct.BOBYQAOptimizerTest$Rosen END
org.apache.commons.math.optimization.direct.BOBYQAOptimizerTest$ElliRotated BEGIN
org.apache.commons.math.optimization.direct.BOBYQAOptimizerTest$ElliRotated END
org.apache.commons.math.optimization.direct.BOBYQAOptimizerTest$Elli BEGIN
org.apache.commons.math.optimization.direct.BOBYQAOptimizerTest$Elli END
org.apache.commons.math.optimization.direct.BOBYQAOptimizerTest$Rosen BEGIN
org.apache.commons.math.optimization.direct.BOBYQAOptimizerTest$TwoAxes BEGIN
org.apache.commons.math.optimization.direct.BOBYQAOptimizerTest$TwoAxes END
org.apache.commons.math.optimization.direct.BOBYQAOptimizerTest$Rosen BEGIN
org.apache.commons.math.optimization.direct.BOBYQAOptimizerTest$Cigar BEGIN
org.apache.commons.math.optimization.direct.BOBYQAOptimizerTest$Cigar END
org.apache.commons.math.optimization.direct.BOBYQAOptimizerTest$Rosen BEGIN
org.apache.commons.math.optimization.direct.BOBYQAOptimizerTest$Rosen END
org.apache.commons.math.optimization.direct.BOBYQAOptimizerTest$Rastrigin BEGIN
org.apache.commons.math.optimization.direct.BOBYQAOptimizerTest$Rastrigin END
org.apache.commons.math.optimization.direct.BOBYQAOptimizerTest$SsDiffPow BEGIN
org.apache.commons.math.optimization.direct.BOBYQAOptimizerTest$SsDiffPow END
org.apache.commons.math.optimization.direct.BOBYQAOptimizerTest$MinusElli BEGIN
org.apache.commons.math.optimization.direct.BOBYQAOptimizerTest$MinusElli END
org.apache.commons.math.optimization.direct.BOBYQAOptimizerTest$MinusElli BEGIN
org.apache.commons.math.optimization.direct.BOBYQAOptimizerTest$MinusElli END
org.apache.commons.math.optimization.direct.BOBYQAOptimizerTest$Ackley BEGIN
java.lang.AssertionError: expected:<0.0> but was:<1.047765607609108E-8>
    at org.junit.Assert.fail(Assert.java:88)
    at org.junit.Assert.failNotEquals(Assert.java:743)
    at org.junit.Assert.assertEquals(Assert.java:494)
    at org.junit.Assert.assertEquals(Assert.java:592)
    at org.apache.commons.math.optimization.direct.BOBYQAOptimizerTest.doTest(BOBYQAOptimizerTest.java:271)
    at org.apache.commons.math.optimization.direct.BOBYQAOptimizerTest.testAckley(BOBYQAOptimizerTest.java:208)
org.apache.commons.math.optimization.direct.BOBYQAOptimizerTest$CigTab BEGIN
org.apache.commons.math.optimization.direct.BOBYQAOptimizerTest$CigTab END
org.apache.commons.math.optimization.direct.BOBYQAOptimizerTest$DiffPow BEGIN
org.apache.commons.math.exception.TooManyEvaluationsException: illegal state: maximal count (12,000) exceeded: evaluations
    at org.apache.commons.math.optimization.direct.BaseAbstractScalarOptimizer.computeObjectiveValue(BaseAbstractScalarOptimizer.java:103)
    at org.apache.commons.math.optimization.direct.BOBYQAOptimizer.bobyqb(BOBYQAOptimizer.java:833)
    at org.apache.commons.math.optimization.direct.BOBYQAOptimizer.bobyqa(BOBYQAOptimizer.java:286)
    at org.apache.commons.math.optimization.direct.BOBYQAOptimizer.doOptimize(BOBYQAOptimizer.java:177)
    at org.apache.commons.math.optimization.direct.BaseAbstractScalarOptimizer.optimize(BaseAbstractScalarOptimizer.java:132)
    at org.apache.commons.math.optimization.direct.BOBYQAOptimizerTest.doTest(BOBYQAOptimizerTest.java:266)
org.apache.commons.math.optimization.direct.BOBYQAOptimizerTest$Rosen BEGIN
org.apache.commons.math.optimization.direct.BOBYQAOptimizerTest$Sphere BEGIN
org.apache.commons.math.optimization.direct.BOBYQAOptimizerTest$Sphere END
org.apache.commons.math.optimization.direct.BOBYQAOptimizerTest$Tablet BEGIN
org.apache.commons.math.optimization.direct.BOBYQAOptimizerTest$Tablet END
org.apache.commons.math.optimization.direct.BOBYQAOptimizerTest$Rosen BEGIN
09:52:56.453 [pool-25-thread-1] INFO  xxl.java.junit.TestCasesListener - Tests run finished (12654 ms)
<> Total tests run: 36
<> Ignored tests: 0
<> Failed tests: 4
~ testAckley(org.apache.commons.math.optimization.direct.BOBYQAOptimizerTest)
[expected:<0.0> but was:<1.047765607609108E-8>]
java.lang.AssertionError: expected:<0.0> but was:<1.047765607609108E-8>    at org.junit.Assert.fail(Assert.java:88)
    at org.junit.Assert.failNotEquals(Assert.java:743)
    at org.junit.Assert.assertEquals(Assert.java:494)
    at org.junit.Assert.assertEquals(Assert.java:592)
    at org.apache.commons.math.optimization.direct.BOBYQAOptimizerTest.doTest(BOBYQAOptimizerTest.java:271)
    at org.apache.commons.math.optimization.direct.BOBYQAOptimizerTest.testAckley(BOBYQAOptimizerTest.java:208)
~ testDiffPow(org.apache.commons.math.optimization.direct.BOBYQAOptimizerTest)
[illegal state: maximal count (12,000) exceeded: evaluations]
org.apache.commons.math.exception.TooManyEvaluationsException: illegal state: maximal count (12,000) exceeded: evaluations    at org.apache.commons.math.optimization.direct.BaseAbstractScalarOptimizer.computeObjectiveValue(BaseAbstractScalarOptimizer.java:103)
    at org.apache.commons.math.optimization.direct.BOBYQAOptimizer.bobyqb(BOBYQAOptimizer.java:833)
    at org.apache.commons.math.optimization.direct.BOBYQAOptimizer.bobyqa(BOBYQAOptimizer.java:286)
    at org.apache.commons.math.optimization.direct.BOBYQAOptimizer.doOptimize(BOBYQAOptimizer.java:177)
    at org.apache.commons.math.optimization.direct.BaseAbstractScalarOptimizer.optimize(BaseAbstractScalarOptimizer.java:132)
    at org.apache.commons.math.optimization.direct.BOBYQAOptimizerTest.doTest(BOBYQAOptimizerTest.java:266)
~ testAckley(org.apache.commons.math.optimization.direct.BOBYQAOptimizerTest)
[expected:<0.0> but was:<1.047765607609108E-8>]
java.lang.AssertionError: expected:<0.0> but was:<1.047765607609108E-8>    at org.junit.Assert.fail(Assert.java:88)
    at org.junit.Assert.failNotEquals(Assert.java:743)
    at org.junit.Assert.assertEquals(Assert.java:494)
    at org.junit.Assert.assertEquals(Assert.java:592)
    at org.apache.commons.math.optimization.direct.BOBYQAOptimizerTest.doTest(BOBYQAOptimizerTest.java:271)
    at org.apache.commons.math.optimization.direct.BOBYQAOptimizerTest.testAckley(BOBYQAOptimizerTest.java:208)
~ testDiffPow(org.apache.commons.math.optimization.direct.BOBYQAOptimizerTest)
[illegal state: maximal count (12,000) exceeded: evaluations]
org.apache.commons.math.exception.TooManyEvaluationsException: illegal state: maximal count (12,000) exceeded: evaluations    at org.apache.commons.math.optimization.direct.BaseAbstractScalarOptimizer.computeObjectiveValue(BaseAbstractScalarOptimizer.java:103)
    at org.apache.commons.math.optimization.direct.BOBYQAOptimizer.bobyqb(BOBYQAOptimizer.java:833)
    at org.apache.commons.math.optimization.direct.BOBYQAOptimizer.bobyqa(BOBYQAOptimizer.java:286)
    at org.apache.commons.math.optimization.direct.BOBYQAOptimizer.doOptimize(BOBYQAOptimizer.java:177)
    at org.apache.commons.math.optimization.direct.BaseAbstractScalarOptimizer.optimize(BaseAbstractScalarOptimizer.java:132)
    at org.apache.commons.math.optimization.direct.BOBYQAOptimizerTest.doTest(BOBYQAOptimizerTest.java:266)

org.apache.commons.math.optimization.direct.BOBYQAOptimizerTest$DiffPow BEGIN
09:57:16.981 [pool-24-thread-1] DEBUG xxl.java.junit.TestSuiteExecution - Timeout after 200 seconds. Infinite loop?
09:58:39.507 [pool-2-thread-1] ERROR fr.inria.lille.repair.nopol.NoPol - Error ExecutionException java.util.concurrent.ExecutionException: java.lang.RuntimeException: java.util.concurrent.TimeoutException
09:59:15.033 [pool-2-thread-1] DEBUG fr.inria.lille.repair.nopol.NoPol - statement #6
09:59:15.034 [pool-2-thread-1] DEBUG fr.inria.lille.repair.nopol.NoPol - Analysing SourceLocation org.apache.commons.math.optimization.direct.BOBYQAOptimizer:887 which is executed by 6 tests
java.lang.OutOfMemoryError: Java heap space
    at java.util.AbstractList.iterator(AbstractList.java:288)
    at fr.inria.lille.commons.trace.collector.ValueCollector.collectWith(ValueCollector.java:30)
    at fr.inria.lille.commons.trace.collector.ValueCollector.collectFrom(ValueCollector.java:17)
    at fr.inria.lille.commons.trace.RuntimeValues.collectInput(RuntimeValues.java:73)
    at org.apache.commons.math.optimization.direct.BOBYQAOptimizer.trsbox(BOBYQAOptimizer.java:1516)
    at org.apache.commons.math.optimization.direct.BOBYQAOptimizer.bobyqb(BOBYQAOptimizer.java:252)
java.util.concurrent.ExecutionException: java.lang.OutOfMemoryError: Java heap space
	at java.util.concurrent.FutureTask.report(FutureTask.java:122)
	at java.util.concurrent.FutureTask.get(FutureTask.java:206)
	at fr.inria.lille.repair.Main.main(Main.java:106)
Caused by: java.lang.OutOfMemoryError: Java heap space
	at sun.nio.cs.UTF_8.newDecoder(UTF_8.java:68)
	at java.lang.StringCoding$StringDecoder.<init>(StringCoding.java:131)
	at java.lang.StringCoding$StringDecoder.<init>(StringCoding.java:122)
	at java.lang.StringCoding.decode(StringCoding.java:187)
	at java.lang.String.<init>(String.java:426)
	at java.lang.String.<init>(String.java:491)
	at java.io.UnixFileSystem.canonicalize0(Native Method)
	at java.io.UnixFileSystem.canonicalize(UnixFileSystem.java:172)
	at java.io.File.getCanonicalPath(File.java:618)
	at java.io.File.getCanonicalFile(File.java:643)
	at spoon.support.compiler.FileSystemFile.<init>(FileSystemFile.java:43)
	at spoon.support.compiler.FileSystemFolder.getFiles(FileSystemFolder.java:63)
	at spoon.support.compiler.FileSystemFolder.getAllJavaFiles(FileSystemFolder.java:108)
	at spoon.support.compiler.FileSystemFolder.getAllJavaFiles(FileSystemFolder.java:114)
	at spoon.support.compiler.FileSystemFolder.getAllJavaFiles(FileSystemFolder.java:114)
	at spoon.support.compiler.FileSystemFolder.getAllJavaFiles(FileSystemFolder.java:114)10:19:29.579 [pool-26-thread-1] INFO  f.i.l.c.t.SpecificationTestCasesListener - Tests run finished (1592401 ms)
<> Total tests run: 1
<> Ignored tests: 0
<> Failed tests: 1
~ testDiffPow(org.apache.commons.math.optimization.direct.BOBYQAOptimizerTest)
[Java heap space]
java.lang.OutOfMemoryError: Java heap space    at java.util.AbstractList.iterator(AbstractList.java:288)
    at fr.inria.lille.commons.trace.collector.ValueCollector.collectWith(ValueCollector.java:30)
    at fr.inria.lille.commons.trace.collector.ValueCollector.collectFrom(ValueCollector.java:17)
    at fr.inria.lille.commons.trace.RuntimeValues.collectInput(RuntimeValues.java:73)
    at org.apache.commons.math.optimization.direct.BOBYQAOptimizer.trsbox(BOBYQAOptimizer.java:1516)
    at org.apache.commons.math.optimization.direct.BOBYQAOptimizer.bobyqb(BOBYQAOptimizer.java:252)


	at spoon.support.compiler.FileSystemFolder.getAllJavaFiles(FileSystemFolder.java:114)
	at spoon.support.compiler.FileSystemFolder.getAllJavaFiles(FileSystemFolder.java:114)
	at spoon.support.compiler.FileSystemFolder.getAllJavaFiles(FileSystemFolder.java:114)
	at spoon.support.StandardEnvironment.verifySourceClasspath(StandardEnvironment.java:444)
	at spoon.support.StandardEnvironment.setSourceClasspath(StandardEnvironment.java:428)
	at spoon.support.compiler.jdt.JDTBasedSpoonCompiler.setSourceClasspath(JDTBasedSpoonCompiler.java:321)
	at fr.inria.lille.commons.spoon.util.SpoonModelLibrary.modelFor(SpoonModelLibrary.java:47)
	at fr.inria.lille.commons.spoon.SpoonedFile.<init>(SpoonedFile.java:61)
	at fr.inria.lille.commons.spoon.SpoonedClass.<init>(SpoonedClass.java:14)
	at fr.inria.lille.commons.spoon.SpoonedProject.forked(SpoonedProject.java:47)
	at fr.inria.lille.repair.nopol.NoPol.runOnStatement(NoPol.java:222)
	at fr.inria.lille.repair.nopol.NoPol.solveWithMultipleBuild(NoPol.java:213)
	at fr.inria.lille.repair.nopol.NoPol.build(NoPol.java:154)
	at fr.inria.lille.repair.Main$1.call(Main.java:101)
	at java.util.concurrent.FutureTask.run(FutureTask.java:266)
	at java.util.concurrent.ThreadPoolExecutor.runWorker(ThreadPoolExecutor.java:1149)

Usage: java -jar nopol.jar
                          [(-m|--mode) <repair|ranking>] (-e|--type) <condition|precondition|pre_then_cond|loop|arithmetic> [(-o|--oracle) <angelic|symbolic>] [(-y|--synthesis) <smt|dynamoth>] [(-l|--solver) <z3|cvc4>] [(-p|--solver-path) <solverPath>] (-s|--source) source1:source2:...:sourceN  (-c|--classpath) <classpath> [(-t|--test) test1:test2:...:testN ] [--complianceLevel <complianceLevel>] [--maxTime <maxTime>] [--maxTimeType <maxTimeType>] [(-z|--flocal) < cocospoon|dumb|gzoltar>] [--output <outputFolder>] [--json[:<outputJson>]]

  [(-m|--mode) <repair|ranking>]
        Define the mode of execution. (default: repair)

  (-e|--type) <condition|precondition|pre_then_cond|loop|arithmetic>
        The repair type (example fixing only conditions, or adding
        precondition). REQUIRED OPTION (default: condition)

  [(-o|--oracle) <angelic|symbolic>]
        Define the oracle (only used with repair mode). (default: angelic)

  [(-y|--synthesis) <smt|dynamoth>]
        Define the patch synthesis. (default: smt)

  [(-l|--solver) <z3|cvc4>]
        Define the solver (only used with smt synthesis). (default: z3)

  [(-p|--solver-path) <solverPath>]
        Define the solver binary path (only used with smt synthesis).

  (-s|--source) source1:source2:...:sourceN 
        Define the path to the source code of the project.

  (-c|--classpath) <classpath>
        Define the classpath of the project.

  [(-t|--test) test1:test2:...:testN ]
        Define the tests of the project (both failing and passing),
        fully-qualified, separated with ':' (even if the classpath contains
        other tests, only those are considered.

  [--complianceLevel <complianceLevel>]
        The compliance level of the project. (default: 7)

  [--maxTime <maxTime>]
        The maximum time execution in minute for the whole execution of
        Nopol.(default: 10)

  [--maxTimeType <maxTimeType>]
        The maximum time execution in minute for one type of patch. (default: 5)

  [(-z|--flocal) < cocospoon|dumb|gzoltar>]
        Define the fault localizer to be used. (default: gzoltar)

  [--output <outputFolder>]
        Define the location where the patches will be saved. (default: .)

  [--json[:<outputJson>]]
        Output a json file in the current working directory.

Command exited with non-zero status 255
6591.23user 7.14system 30:24.72elapsed 361%CPU (0avgtext+0avgdata 4578224maxresident)k
55232inputs+8008outputs (22major+1359132minor)pagefaults 0swaps


Node: graphene-80.nancy.grid5000.fr



Date: Sat Dec 29 10:19:30 EST 2018

