cd /tmp/DynaMoth_Bug_dot_jar_Commons-Math_2b852d79;
export JAVA_TOOL_OPTIONS="-Dfile.encoding=UTF8 -Duser.language=en-US -Duser.country=US -Duser.language=en";
TZ="America/New_York"; export TZ;
export PATH="/usr/lib/jvm/java-1.8.0-openjdk-amd64/bin/:$PATH";
export JAVA_HOME="/usr/lib/jvm/java-1.8.0-openjdk-amd64/bin/";
time java -Xmx4048m -cp /home/tdurieux/defects4j4repair/script/../repair_tools/nopol.jar:/usr/lib/jvm/java-1.8.0-openjdk-amd64/bin//../lib/tools.jar fr.inria.lille.repair.Main \
	--mode repair \
	--type pre_then_cond \
	--oracle angelic \
	--synthesis dynamoth \
	--flocal gzoltar \
	--json \
	--solver z3 \
	--solver-path /home/tdurieux/defects4j4repair/script/../libs/z3/build/z3 \
	--complianceLevel 7 \
	--source src/main/java \
	--classpath "target/classes:target/test-classes:/home/tdurieux/.m2/repository/junit/junit/4.10/junit-4.10.jar:/home/tdurieux/.m2/repository/org/hamcrest/hamcrest-core/1.1/hamcrest-core-1.1.jar:/home/tdurieux/defects4j4repair/script/../repair_tools/nopol.jar";
	echo "\n\nNode: `hostname`\n";
	echo "\n\nDate: `date`\n";
Picked up JAVA_TOOL_OPTIONS: -Dfile.encoding=UTF8 -Duser.language=en-US -Duser.country=US -Duser.language=en
15:10:27.485 [main] INFO  fr.inria.lille.repair.nopol.NoPol - Source files: [src/main/java]
15:10:27.504 [main] INFO  fr.inria.lille.repair.nopol.NoPol - Classpath: [file:/tmp/DynaMoth_Bug_dot_jar_Commons-Math_2b852d79/target/classes/, file:/tmp/DynaMoth_Bug_dot_jar_Commons-Math_2b852d79/target/test-classes/, file:/home/tdurieux/.m2/repository/junit/junit/4.10/junit-4.10.jar, file:/home/tdurieux/.m2/repository/org/hamcrest/hamcrest-core/1.1/hamcrest-core-1.1.jar, file:/home/tdurieux/defects4j4repair/script/../repair_tools/nopol.jar]
15:10:27.504 [main] INFO  fr.inria.lille.repair.nopol.NoPol - Statement type: PRE_THEN_COND
15:10:27.504 [main] INFO  fr.inria.lille.repair.nopol.NoPol - Args: [org.apache.commons.math3.RetryRunnerTest, org.apache.commons.math3.analysis.FunctionUtilsTest, org.apache.commons.math3.analysis.differentiation.DSCompilerTest, org.apache.commons.math3.analysis.differentiation.DerivativeStructureTest, org.apache.commons.math3.analysis.differentiation.FiniteDifferencesDifferentiatorTest, org.apache.commons.math3.analysis.differentiation.GradientFunctionTest, org.apache.commons.math3.analysis.differentiation.JacobianFunctionTest, org.apache.commons.math3.analysis.function.GaussianTest, org.apache.commons.math3.analysis.function.HarmonicOscillatorTest, org.apache.commons.math3.analysis.function.LogisticTest, org.apache.commons.math3.analysis.function.LogitTest, org.apache.commons.math3.analysis.function.SigmoidTest, org.apache.commons.math3.analysis.function.SincTest, org.apache.commons.math3.analysis.function.SqrtTest, org.apache.commons.math3.analysis.function.StepFunctionTest, org.apache.commons.math3.analysis.integration.IterativeLegendreGaussIntegratorTest, org.apache.commons.math3.analysis.integration.LegendreGaussIntegratorTest, org.apache.commons.math3.analysis.integration.RombergIntegratorTest, org.apache.commons.math3.analysis.integration.SimpsonIntegratorTest, org.apache.commons.math3.analysis.integration.TrapezoidIntegratorTest, org.apache.commons.math3.analysis.integration.gauss.BaseRuleFactoryTest, org.apache.commons.math3.analysis.integration.gauss.LegendreHighPrecisionParametricTest, org.apache.commons.math3.analysis.integration.gauss.LegendreHighPrecisionTest, org.apache.commons.math3.analysis.integration.gauss.LegendreParametricTest, org.apache.commons.math3.analysis.integration.gauss.LegendreTest, org.apache.commons.math3.analysis.interpolation.BicubicSplineInterpolatingFunctionTest, org.apache.commons.math3.analysis.interpolation.BicubicSplineInterpolatorTest, org.apache.commons.math3.analysis.interpolation.DividedDifferenceInterpolatorTest, org.apache.commons.math3.analysis.interpolation.FieldHermiteInterpolatorTest, org.apache.commons.math3.analysis.interpolation.HermiteInterpolatorTest, org.apache.commons.math3.analysis.interpolation.LinearInterpolatorTest, org.apache.commons.math3.analysis.interpolation.LoessInterpolatorTest, org.apache.commons.math3.analysis.interpolation.MicrosphereInterpolatorTest, org.apache.commons.math3.analysis.interpolation.NevilleInterpolatorTest, org.apache.commons.math3.analysis.interpolation.SmoothingPolynomialBicubicSplineInterpolatorTest, org.apache.commons.math3.analysis.interpolation.SplineInterpolatorTest, org.apache.commons.math3.analysis.interpolation.TricubicSplineInterpolatingFunctionTest, org.apache.commons.math3.analysis.interpolation.TricubicSplineInterpolatorTest, org.apache.commons.math3.analysis.interpolation.UnivariatePeriodicInterpolatorTest, org.apache.commons.math3.analysis.polynomials.PolynomialFunctionLagrangeFormTest, org.apache.commons.math3.analysis.polynomials.PolynomialFunctionNewtonFormTest, org.apache.commons.math3.analysis.polynomials.PolynomialFunctionTest, org.apache.commons.math3.analysis.polynomials.PolynomialSplineFunctionTest, org.apache.commons.math3.analysis.polynomials.PolynomialsUtilsTest, org.apache.commons.math3.analysis.solvers.BisectionSolverTest, org.apache.commons.math3.analysis.solvers.BracketingNthOrderBrentSolverTest, org.apache.commons.math3.analysis.solvers.BrentSolverTest, org.apache.commons.math3.analysis.solvers.IllinoisSolverTest, org.apache.commons.math3.analysis.solvers.LaguerreSolverTest, org.apache.commons.math3.analysis.solvers.MullerSolver2Test, org.apache.commons.math3.analysis.solvers.MullerSolverTest, org.apache.commons.math3.analysis.solvers.NewtonRaphsonSolverTest, org.apache.commons.math3.analysis.solvers.NewtonSolverTest, org.apache.commons.math3.analysis.solvers.PegasusSolverTest, org.apache.commons.math3.analysis.solvers.RegulaFalsiSolverTest, org.apache.commons.math3.analysis.solvers.RiddersSolverTest, org.apache.commons.math3.analysis.solvers.SecantSolverTest, org.apache.commons.math3.analysis.solvers.UnivariateSolverUtilsTest, org.apache.commons.math3.complex.ComplexFieldTest, org.apache.commons.math3.complex.ComplexFormatTest, org.apache.commons.math3.complex.ComplexTest, org.apache.commons.math3.complex.ComplexUtilsTest, org.apache.commons.math3.complex.FrenchComplexFormatTest, org.apache.commons.math3.complex.QuaternionTest, org.apache.commons.math3.complex.RootsOfUnityTest, org.apache.commons.math3.dfp.BracketingNthOrderBrentSolverDFPTest, org.apache.commons.math3.dfp.DfpDecTest, org.apache.commons.math3.dfp.DfpMathTest, org.apache.commons.math3.dfp.DfpTest, org.apache.commons.math3.distribution.AbstractIntegerDistributionTest, org.apache.commons.math3.distribution.AbstractRealDistributionTest, org.apache.commons.math3.distribution.BetaDistributionTest, org.apache.commons.math3.distribution.BinomialDistributionTest, org.apache.commons.math3.distribution.CauchyDistributionTest, org.apache.commons.math3.distribution.ChiSquaredDistributionTest, org.apache.commons.math3.distribution.EnumeratedIntegerDistributionTest, org.apache.commons.math3.distribution.EnumeratedRealDistributionTest, org.apache.commons.math3.distribution.ExponentialDistributionTest, org.apache.commons.math3.distribution.FDistributionTest, org.apache.commons.math3.distribution.GammaDistributionTest, org.apache.commons.math3.distribution.HypergeometricDistributionTest, org.apache.commons.math3.distribution.KolmogorovSmirnovDistributionTest, org.apache.commons.math3.distribution.LevyDistributionTest, org.apache.commons.math3.distribution.LogNormalDistributionTest, org.apache.commons.math3.distribution.MultivariateNormalDistributionTest, org.apache.commons.math3.distribution.MultivariateNormalMixtureModelDistributionTest, org.apache.commons.math3.distribution.NormalDistributionTest, org.apache.commons.math3.distribution.PascalDistributionTest, org.apache.commons.math3.distribution.PoissonDistributionTest, org.apache.commons.math3.distribution.TDistributionTest, org.apache.commons.math3.distribution.TriangularDistributionTest, org.apache.commons.math3.distribution.UniformIntegerDistributionTest, org.apache.commons.math3.distribution.UniformRealDistributionTest, org.apache.commons.math3.distribution.WeibullDistributionTest, org.apache.commons.math3.distribution.ZipfDistributionTest, org.apache.commons.math3.distribution.fitting.MultivariateNormalMixtureExpectationMaximizationTest, org.apache.commons.math3.exception.DimensionMismatchExceptionTest, org.apache.commons.math3.exception.MaxCountExceededExceptionTest, org.apache.commons.math3.exception.NonMonotonicSequenceExceptionTest, org.apache.commons.math3.exception.NotPositiveExceptionTest, org.apache.commons.math3.exception.NotStrictlyPositiveExceptionTest, org.apache.commons.math3.exception.NumberIsTooLargeExceptionTest, org.apache.commons.math3.exception.NumberIsTooSmallExceptionTest, org.apache.commons.math3.exception.OutOfRangeExceptionTest, org.apache.commons.math3.exception.TooManyEvaluationsExceptionTest, org.apache.commons.math3.exception.util.ArgUtilsTest, org.apache.commons.math3.exception.util.ExceptionContextTest, org.apache.commons.math3.exception.util.LocalizedFormatsTest, org.apache.commons.math3.filter.KalmanFilterTest, org.apache.commons.math3.fitting.CurveFitterTest, org.apache.commons.math3.fitting.GaussianFitterTest, org.apache.commons.math3.fitting.HarmonicFitterTest, org.apache.commons.math3.fitting.PolynomialFitterTest, org.apache.commons.math3.fraction.BigFractionFieldTest, org.apache.commons.math3.fraction.BigFractionFormatTest, org.apache.commons.math3.fraction.BigFractionTest, org.apache.commons.math3.fraction.FractionFieldTest, org.apache.commons.math3.fraction.FractionFormatTest, org.apache.commons.math3.fraction.FractionTest, org.apache.commons.math3.genetics.BinaryChromosomeTest, org.apache.commons.math3.genetics.BinaryMutationTest, org.apache.commons.math3.genetics.ChromosomeTest, org.apache.commons.math3.genetics.CycleCrossoverTest, org.apache.commons.math3.genetics.ElitisticListPopulationTest, org.apache.commons.math3.genetics.FitnessCachingTest, org.apache.commons.math3.genetics.FixedElapsedTimeTest, org.apache.commons.math3.genetics.FixedGenerationCountTest, org.apache.commons.math3.genetics.GeneticAlgorithmTestBinary, org.apache.commons.math3.genetics.GeneticAlgorithmTestPermutations, org.apache.commons.math3.genetics.ListPopulationTest, org.apache.commons.math3.genetics.NPointCrossoverTest, org.apache.commons.math3.genetics.OnePointCrossoverTest, org.apache.commons.math3.genetics.OrderedCrossoverTest, org.apache.commons.math3.genetics.RandomKeyMutationTest, org.apache.commons.math3.genetics.RandomKeyTest, org.apache.commons.math3.genetics.TournamentSelectionTest, org.apache.commons.math3.genetics.UniformCrossoverTest, org.apache.commons.math3.geometry.euclidean.oned.IntervalTest, org.apache.commons.math3.geometry.euclidean.oned.IntervalsSetTest, org.apache.commons.math3.geometry.euclidean.threed.FieldRotationDSTest, org.apache.commons.math3.geometry.euclidean.threed.FieldRotationDfpTest, org.apache.commons.math3.geometry.euclidean.threed.FieldVector3DTest, org.apache.commons.math3.geometry.euclidean.threed.FrenchVector3DFormatTest, org.apache.commons.math3.geometry.euclidean.threed.LineTest, org.apache.commons.math3.geometry.euclidean.threed.PlaneTest, org.apache.commons.math3.geometry.euclidean.threed.PolyhedronsSetTest, org.apache.commons.math3.geometry.euclidean.threed.RotationOrderTest, org.apache.commons.math3.geometry.euclidean.threed.RotationTest, org.apache.commons.math3.geometry.euclidean.threed.SphericalCoordinatesTest, org.apache.commons.math3.geometry.euclidean.threed.SubLineTest, org.apache.commons.math3.geometry.euclidean.threed.Vector3DFormatTest, org.apache.commons.math3.geometry.euclidean.threed.Vector3DTest, org.apache.commons.math3.geometry.euclidean.twod.LineTest, org.apache.commons.math3.geometry.euclidean.twod.PolygonsSetTest, org.apache.commons.math3.geometry.euclidean.twod.SegmentTest, org.apache.commons.math3.geometry.euclidean.twod.SubLineTest, org.apache.commons.math3.geometry.partitioning.utilities.AVLTreeTest, org.apache.commons.math3.linear.Array2DRowRealMatrixTest, org.apache.commons.math3.linear.ArrayFieldVectorTest, org.apache.commons.math3.linear.ArrayRealVectorTest, org.apache.commons.math3.linear.BiDiagonalTransformerTest, org.apache.commons.math3.linear.BlockFieldMatrixTest, org.apache.commons.math3.linear.BlockRealMatrixTest, org.apache.commons.math3.linear.CholeskyDecompositionTest, org.apache.commons.math3.linear.CholeskySolverTest, org.apache.commons.math3.linear.ConjugateGradientTest, org.apache.commons.math3.linear.DiagonalMatrixTest, org.apache.commons.math3.linear.EigenDecompositionTest, org.apache.commons.math3.linear.EigenSolverTest, org.apache.commons.math3.linear.FieldLUDecompositionTest, org.apache.commons.math3.linear.FieldLUSolverTest, org.apache.commons.math3.linear.FieldMatrixImplTest, org.apache.commons.math3.linear.FrenchRealVectorFormatTest, org.apache.commons.math3.linear.HessenbergTransformerTest, org.apache.commons.math3.linear.LUDecompositionTest, org.apache.commons.math3.linear.LUSolverTest, org.apache.commons.math3.linear.MatrixDimensionMismatchExceptionTest, org.apache.commons.math3.linear.MatrixUtilsTest, org.apache.commons.math3.linear.OpenMapRealMatrixTest, org.apache.commons.math3.linear.QRDecompositionTest, org.apache.commons.math3.linear.QRSolverTest, org.apache.commons.math3.linear.RRQRDecompositionTest, org.apache.commons.math3.linear.RRQRSolverTest, org.apache.commons.math3.linear.RealMatrixFormatTest, org.apache.commons.math3.linear.RealVectorFormatTest, org.apache.commons.math3.linear.RealVectorTest, org.apache.commons.math3.linear.RectangularCholeskyDecompositionTest, org.apache.commons.math3.linear.SchurTransformerTest, org.apache.commons.math3.linear.SingularValueDecompositionTest, org.apache.commons.math3.linear.SingularValueSolverTest, org.apache.commons.math3.linear.SparseFieldMatrixTest, org.apache.commons.math3.linear.SparseFieldVectorTest, org.apache.commons.math3.linear.SparseRealMatrixTest, org.apache.commons.math3.linear.SparseRealVectorTest, org.apache.commons.math3.linear.SymmLQTest, org.apache.commons.math3.linear.TriDiagonalTransformerTest, org.apache.commons.math3.linear.UnmodifiableArrayRealVectorTest, org.apache.commons.math3.linear.UnmodifiableOpenMapRealVectorTest, org.apache.commons.math3.ode.ContinuousOutputModelTest, org.apache.commons.math3.ode.FirstOrderConverterTest, org.apache.commons.math3.ode.JacobianMatricesTest, org.apache.commons.math3.ode.events.EventFilterTest, org.apache.commons.math3.ode.events.EventStateTest, org.apache.commons.math3.ode.events.OverlappingEventsTest, org.apache.commons.math3.ode.events.ReappearingEventTest, org.apache.commons.math3.ode.nonstiff.AdamsBashforthIntegratorTest, org.apache.commons.math3.ode.nonstiff.AdamsMoultonIntegratorTest, org.apache.commons.math3.ode.nonstiff.ClassicalRungeKuttaIntegratorTest, org.apache.commons.math3.ode.nonstiff.ClassicalRungeKuttaStepInterpolatorTest, org.apache.commons.math3.ode.nonstiff.DormandPrince54IntegratorTest, org.apache.commons.math3.ode.nonstiff.DormandPrince54StepInterpolatorTest, org.apache.commons.math3.ode.nonstiff.DormandPrince853IntegratorTest, org.apache.commons.math3.ode.nonstiff.DormandPrince853StepInterpolatorTest, org.apache.commons.math3.ode.nonstiff.EulerIntegratorTest, org.apache.commons.math3.ode.nonstiff.EulerStepInterpolatorTest, org.apache.commons.math3.ode.nonstiff.GillIntegratorTest, org.apache.commons.math3.ode.nonstiff.GillStepInterpolatorTest, org.apache.commons.math3.ode.nonstiff.GraggBulirschStoerIntegratorTest, org.apache.commons.math3.ode.nonstiff.GraggBulirschStoerStepInterpolatorTest, org.apache.commons.math3.ode.nonstiff.HighamHall54IntegratorTest, org.apache.commons.math3.ode.nonstiff.HighamHall54StepInterpolatorTest, org.apache.commons.math3.ode.nonstiff.MidpointIntegratorTest, org.apache.commons.math3.ode.nonstiff.MidpointStepInterpolatorTest, org.apache.commons.math3.ode.nonstiff.ThreeEighthesIntegratorTest, org.apache.commons.math3.ode.nonstiff.ThreeEighthesStepInterpolatorTest, org.apache.commons.math3.ode.sampling.DummyStepInterpolatorTest, org.apache.commons.math3.ode.sampling.NordsieckStepInterpolatorTest, org.apache.commons.math3.ode.sampling.StepNormalizerOutputOverlapTest, org.apache.commons.math3.ode.sampling.StepNormalizerOutputTest, org.apache.commons.math3.ode.sampling.StepNormalizerTest, org.apache.commons.math3.optim.PointValuePairTest, org.apache.commons.math3.optim.PointVectorValuePairTest, org.apache.commons.math3.optim.SimplePointCheckerTest, org.apache.commons.math3.optim.SimpleValueCheckerTest, org.apache.commons.math3.optim.SimpleVectorValueCheckerTest, org.apache.commons.math3.optim.linear.SimplexSolverTest, org.apache.commons.math3.optim.linear.SimplexTableauTest, org.apache.commons.math3.optim.nonlinear.scalar.MultiStartMultivariateOptimizerTest, org.apache.commons.math3.optim.nonlinear.scalar.MultivariateFunctionMappingAdapterTest, org.apache.commons.math3.optim.nonlinear.scalar.MultivariateFunctionPenaltyAdapterTest, org.apache.commons.math3.optim.nonlinear.scalar.gradient.NonLinearConjugateGradientOptimizerTest, org.apache.commons.math3.optim.nonlinear.scalar.noderiv.BOBYQAOptimizerTest, org.apache.commons.math3.optim.nonlinear.scalar.noderiv.CMAESOptimizerTest, org.apache.commons.math3.optim.nonlinear.scalar.noderiv.PowellOptimizerTest, org.apache.commons.math3.optim.nonlinear.scalar.noderiv.SimplexOptimizerMultiDirectionalTest, org.apache.commons.math3.optim.nonlinear.scalar.noderiv.SimplexOptimizerNelderMeadTest, org.apache.commons.math3.optim.nonlinear.vector.MultiStartMultivariateVectorOptimizerTest, org.apache.commons.math3.optim.nonlinear.vector.jacobian.AbstractLeastSquaresOptimizerTest, org.apache.commons.math3.optim.nonlinear.vector.jacobian.AbstractLeastSquaresOptimizerTestValidation, org.apache.commons.math3.optim.nonlinear.vector.jacobian.GaussNewtonOptimizerTest, org.apache.commons.math3.optim.nonlinear.vector.jacobian.LevenbergMarquardtOptimizerTest, org.apache.commons.math3.optim.nonlinear.vector.jacobian.MinpackTest, org.apache.commons.math3.optim.univariate.BracketFinderTest, org.apache.commons.math3.optim.univariate.BrentOptimizerTest, org.apache.commons.math3.optim.univariate.MultiStartUnivariateOptimizerTest, org.apache.commons.math3.optim.univariate.SimpleUnivariateValueCheckerTest, org.apache.commons.math3.optimization.MultivariateDifferentiableMultiStartOptimizerTest, org.apache.commons.math3.optimization.MultivariateDifferentiableVectorMultiStartOptimizerTest, org.apache.commons.math3.optimization.MultivariateMultiStartOptimizerTest, org.apache.commons.math3.optimization.PointValuePairTest, org.apache.commons.math3.optimization.PointVectorValuePairTest, org.apache.commons.math3.optimization.SimplePointCheckerTest, org.apache.commons.math3.optimization.SimpleValueCheckerTest, org.apache.commons.math3.optimization.SimpleVectorValueCheckerTest, org.apache.commons.math3.optimization.direct.BOBYQAOptimizerTest, org.apache.commons.math3.optimization.direct.CMAESOptimizerTest, org.apache.commons.math3.optimization.direct.MultivariateFunctionMappingAdapterTest, org.apache.commons.math3.optimization.direct.MultivariateFunctionPenaltyAdapterTest, org.apache.commons.math3.optimization.direct.PowellOptimizerTest, org.apache.commons.math3.optimization.direct.SimplexOptimizerMultiDirectionalTest, org.apache.commons.math3.optimization.direct.SimplexOptimizerNelderMeadTest, org.apache.commons.math3.optimization.fitting.CurveFitterTest, org.apache.commons.math3.optimization.fitting.GaussianFitterTest, org.apache.commons.math3.optimization.fitting.HarmonicFitterTest, org.apache.commons.math3.optimization.fitting.PolynomialFitterTest, org.apache.commons.math3.optimization.general.AbstractLeastSquaresOptimizerTest, org.apache.commons.math3.optimization.general.AbstractLeastSquaresOptimizerTestValidation, org.apache.commons.math3.optimization.general.GaussNewtonOptimizerTest, org.apache.commons.math3.optimization.general.LevenbergMarquardtOptimizerTest, org.apache.commons.math3.optimization.general.MinpackTest, org.apache.commons.math3.optimization.general.NonLinearConjugateGradientOptimizerTest, org.apache.commons.math3.optimization.linear.SimplexSolverTest, org.apache.commons.math3.optimization.linear.SimplexTableauTest, org.apache.commons.math3.optimization.univariate.BracketFinderTest, org.apache.commons.math3.optimization.univariate.BrentOptimizerTest, org.apache.commons.math3.optimization.univariate.SimpleUnivariateValueCheckerTest, org.apache.commons.math3.optimization.univariate.UnivariateMultiStartOptimizerTest, org.apache.commons.math3.primes.PrimesTest, org.apache.commons.math3.random.AbstractRandomGeneratorTest, org.apache.commons.math3.random.BitsStreamGeneratorTest, org.apache.commons.math3.random.CorrelatedRandomVectorGeneratorTest, org.apache.commons.math3.random.EmpiricalDistributionTest, org.apache.commons.math3.random.GaussianRandomGeneratorTest, org.apache.commons.math3.random.ISAACTest, org.apache.commons.math3.random.MersenneTwisterTest, org.apache.commons.math3.random.RandomAdaptorTest, org.apache.commons.math3.random.RandomDataGeneratorTest, org.apache.commons.math3.random.RandomGeneratorAbstractTest, org.apache.commons.math3.random.StableRandomGeneratorTest, org.apache.commons.math3.random.SynchronizedRandomGeneratorTest, org.apache.commons.math3.random.UncorrelatedRandomVectorGeneratorTest, org.apache.commons.math3.random.UniformRandomGeneratorTest, org.apache.commons.math3.random.UnitSphereRandomVectorGeneratorTest, org.apache.commons.math3.random.ValueServerTest, org.apache.commons.math3.random.Well1024aTest, org.apache.commons.math3.random.Well19937aTest, org.apache.commons.math3.random.Well19937cTest, org.apache.commons.math3.random.Well44497aTest, org.apache.commons.math3.random.Well44497bTest, org.apache.commons.math3.random.Well512aTest, org.apache.commons.math3.special.BetaTest, org.apache.commons.math3.special.ErfTest, org.apache.commons.math3.special.GammaTest, org.apache.commons.math3.stat.CertifiedDataTest, org.apache.commons.math3.stat.FrequencyTest, org.apache.commons.math3.stat.StatUtilsTest, org.apache.commons.math3.stat.clustering.DBSCANClustererTest, org.apache.commons.math3.stat.clustering.EuclideanDoublePointTest, org.apache.commons.math3.stat.clustering.EuclideanIntegerPointTest, org.apache.commons.math3.stat.clustering.KMeansPlusPlusClustererTest, org.apache.commons.math3.stat.correlation.CovarianceTest, org.apache.commons.math3.stat.correlation.PearsonsCorrelationTest, org.apache.commons.math3.stat.correlation.SpearmansRankCorrelationTest, org.apache.commons.math3.stat.correlation.StorelessCovarianceTest, org.apache.commons.math3.stat.data.LewTest, org.apache.commons.math3.stat.data.LotteryTest, org.apache.commons.math3.stat.descriptive.AbstractUnivariateStatisticTest, org.apache.commons.math3.stat.descriptive.AggregateSummaryStatisticsTest, org.apache.commons.math3.stat.descriptive.DescriptiveStatisticsTest, org.apache.commons.math3.stat.descriptive.ListUnivariateImplTest, org.apache.commons.math3.stat.descriptive.MixedListUnivariateImplTest, org.apache.commons.math3.stat.descriptive.MultivariateSummaryStatisticsTest, org.apache.commons.math3.stat.descriptive.StatisticalSummaryValuesTest, org.apache.commons.math3.stat.descriptive.SummaryStatisticsTest, org.apache.commons.math3.stat.descriptive.SynchronizedDescriptiveStatisticsTest, org.apache.commons.math3.stat.descriptive.SynchronizedMultivariateSummaryStatisticsTest, org.apache.commons.math3.stat.descriptive.SynchronizedSummaryStatisticsTest, org.apache.commons.math3.stat.descriptive.moment.FirstMomentTest, org.apache.commons.math3.stat.descriptive.moment.FourthMomentTest, org.apache.commons.math3.stat.descriptive.moment.GeometricMeanTest, org.apache.commons.math3.stat.descriptive.moment.InteractionTest, org.apache.commons.math3.stat.descriptive.moment.KurtosisTest, org.apache.commons.math3.stat.descriptive.moment.MeanTest, org.apache.commons.math3.stat.descriptive.moment.SecondMomentTest, org.apache.commons.math3.stat.descriptive.moment.SemiVarianceTest, org.apache.commons.math3.stat.descriptive.moment.SkewnessTest, org.apache.commons.math3.stat.descriptive.moment.StandardDeviationTest, org.apache.commons.math3.stat.descriptive.moment.ThirdMomentTest, org.apache.commons.math3.stat.descriptive.moment.VarianceTest, org.apache.commons.math3.stat.descriptive.moment.VectorialCovarianceTest, org.apache.commons.math3.stat.descriptive.moment.VectorialMeanTest, org.apache.commons.math3.stat.descriptive.rank.MaxTest, org.apache.commons.math3.stat.descriptive.rank.MedianTest, org.apache.commons.math3.stat.descriptive.rank.MinTest, org.apache.commons.math3.stat.descriptive.rank.PercentileTest, org.apache.commons.math3.stat.descriptive.summary.ProductTest, org.apache.commons.math3.stat.descriptive.summary.SumLogTest, org.apache.commons.math3.stat.descriptive.summary.SumSqTest, org.apache.commons.math3.stat.descriptive.summary.SumTest, org.apache.commons.math3.stat.inference.ChiSquareTestTest, org.apache.commons.math3.stat.inference.GTestTest, org.apache.commons.math3.stat.inference.MannWhitneyUTestTest, org.apache.commons.math3.stat.inference.OneWayAnovaTest, org.apache.commons.math3.stat.inference.TTestTest, org.apache.commons.math3.stat.inference.TestUtilsTest, org.apache.commons.math3.stat.inference.WilcoxonSignedRankTestTest, org.apache.commons.math3.stat.ranking.NaturalRankingTest, org.apache.commons.math3.stat.regression.GLSMultipleLinearRegressionTest, org.apache.commons.math3.stat.regression.MillerUpdatingRegressionTest, org.apache.commons.math3.stat.regression.OLSMultipleLinearRegressionTest, org.apache.commons.math3.stat.regression.SimpleRegressionTest, org.apache.commons.math3.transform.FastCosineTransformerTest, org.apache.commons.math3.transform.FastFourierTransformerTest, org.apache.commons.math3.transform.FastHadamardTransformerTest, org.apache.commons.math3.transform.FastSineTransformerTest, org.apache.commons.math3.util.ArithmeticUtilsTest, org.apache.commons.math3.util.BigRealFieldTest, org.apache.commons.math3.util.BigRealTest, org.apache.commons.math3.util.ContinuedFractionTest, org.apache.commons.math3.util.Decimal64Test, org.apache.commons.math3.util.DefaultTransformerTest, org.apache.commons.math3.util.FastMathStrictComparisonTest, org.apache.commons.math3.util.FastMathTest, org.apache.commons.math3.util.FastMathTestPerformance, org.apache.commons.math3.util.IncrementorTest, org.apache.commons.math3.util.MathArraysTest, org.apache.commons.math3.util.MathUtilsTest, org.apache.commons.math3.util.MultidimensionalCounterTest, org.apache.commons.math3.util.OpenIntToDoubleHashMapTest, org.apache.commons.math3.util.OpenIntToFieldTest, org.apache.commons.math3.util.PairTest, org.apache.commons.math3.util.PrecisionTest, org.apache.commons.math3.util.ResizableDoubleArrayTest, org.apache.commons.math3.util.TransformerMapTest]
15:10:27.507 [main] INFO  fr.inria.lille.repair.nopol.NoPol - Config: Config{synthesisDepth=3, collectStaticMethods=true, collectStaticFields=false, collectLiterals=false, onlyOneSynthesisResult=true, sortExpressions=true, maxLineInvocationPerTest=250, timeoutMethodInvocation=2000, dataCollectionTimeoutInSecondForSynthesis=900, addWeight=0.19478, subWeight=0.04554, mulWeight=0.0102, divWeight=0.00613, andWeight=0.10597, orWeight=0.05708, eqWeight=0.22798, nEqWeight=0.0, lessEqWeight=0.0255, lessWeight=0.0947, methodCallWeight=0.1, fieldAccessWeight=0.08099, constantWeight=0.14232, variableWeight=0.05195, mode=REPAIR, type=PRE_THEN_COND, synthesis=DYNAMOTH, oracle=ANGELIC, solver=Z3, solverPath='/home/tdurieux/defects4j4repair/script/../libs/z3/build/z3', projectSources=[src/main/java], projectClasspath='[Ljava.net.URL;@2ff4f00f', projectTests=[org.apache.commons.math3.RetryRunnerTest, org.apache.commons.math3.analysis.FunctionUtilsTest, org.apache.commons.math3.analysis.differentiation.DSCompilerTest, org.apache.commons.math3.analysis.differentiation.DerivativeStructureTest, org.apache.commons.math3.analysis.differentiation.FiniteDifferencesDifferentiatorTest, org.apache.commons.math3.analysis.differentiation.GradientFunctionTest, org.apache.commons.math3.analysis.differentiation.JacobianFunctionTest, org.apache.commons.math3.analysis.function.GaussianTest, org.apache.commons.math3.analysis.function.HarmonicOscillatorTest, org.apache.commons.math3.analysis.function.LogisticTest, org.apache.commons.math3.analysis.function.LogitTest, org.apache.commons.math3.analysis.function.SigmoidTest, org.apache.commons.math3.analysis.function.SincTest, org.apache.commons.math3.analysis.function.SqrtTest, org.apache.commons.math3.analysis.function.StepFunctionTest, org.apache.commons.math3.analysis.integration.IterativeLegendreGaussIntegratorTest, org.apache.commons.math3.analysis.integration.LegendreGaussIntegratorTest, org.apache.commons.math3.analysis.integration.RombergIntegratorTest, org.apache.commons.math3.analysis.integration.SimpsonIntegratorTest, org.apache.commons.math3.analysis.integration.TrapezoidIntegratorTest, org.apache.commons.math3.analysis.integration.gauss.BaseRuleFactoryTest, org.apache.commons.math3.analysis.integration.gauss.LegendreHighPrecisionParametricTest, org.apache.commons.math3.analysis.integration.gauss.LegendreHighPrecisionTest, org.apache.commons.math3.analysis.integration.gauss.LegendreParametricTest, org.apache.commons.math3.analysis.integration.gauss.LegendreTest, org.apache.commons.math3.analysis.interpolation.BicubicSplineInterpolatingFunctionTest, org.apache.commons.math3.analysis.interpolation.BicubicSplineInterpolatorTest, org.apache.commons.math3.analysis.interpolation.DividedDifferenceInterpolatorTest, org.apache.commons.math3.analysis.interpolation.FieldHermiteInterpolatorTest, org.apache.commons.math3.analysis.interpolation.HermiteInterpolatorTest, org.apache.commons.math3.analysis.interpolation.LinearInterpolatorTest, org.apache.commons.math3.analysis.interpolation.LoessInterpolatorTest, org.apache.commons.math3.analysis.interpolation.MicrosphereInterpolatorTest, org.apache.commons.math3.analysis.interpolation.NevilleInterpolatorTest, org.apache.commons.math3.analysis.interpolation.SmoothingPolynomialBicubicSplineInterpolatorTest, org.apache.commons.math3.analysis.interpolation.SplineInterpolatorTest, org.apache.commons.math3.analysis.interpolation.TricubicSplineInterpolatingFunctionTest, org.apache.commons.math3.analysis.interpolation.TricubicSplineInterpolatorTest, org.apache.commons.math3.analysis.interpolation.UnivariatePeriodicInterpolatorTest, org.apache.commons.math3.analysis.polynomials.PolynomialFunctionLagrangeFormTest, org.apache.commons.math3.analysis.polynomials.PolynomialFunctionNewtonFormTest, org.apache.commons.math3.analysis.polynomials.PolynomialFunctionTest, org.apache.commons.math3.analysis.polynomials.PolynomialSplineFunctionTest, org.apache.commons.math3.analysis.polynomials.PolynomialsUtilsTest, org.apache.commons.math3.analysis.solvers.BisectionSolverTest, org.apache.commons.math3.analysis.solvers.BracketingNthOrderBrentSolverTest, org.apache.commons.math3.analysis.solvers.BrentSolverTest, org.apache.commons.math3.analysis.solvers.IllinoisSolverTest, org.apache.commons.math3.analysis.solvers.LaguerreSolverTest, org.apache.commons.math3.analysis.solvers.MullerSolver2Test, org.apache.commons.math3.analysis.solvers.MullerSolverTest, org.apache.commons.math3.analysis.solvers.NewtonRaphsonSolverTest, org.apache.commons.math3.analysis.solvers.NewtonSolverTest, org.apache.commons.math3.analysis.solvers.PegasusSolverTest, org.apache.commons.math3.analysis.solvers.RegulaFalsiSolverTest, org.apache.commons.math3.analysis.solvers.RiddersSolverTest, org.apache.commons.math3.analysis.solvers.SecantSolverTest, org.apache.commons.math3.analysis.solvers.UnivariateSolverUtilsTest, org.apache.commons.math3.complex.ComplexFieldTest, org.apache.commons.math3.complex.ComplexFormatTest, org.apache.commons.math3.complex.ComplexTest, org.apache.commons.math3.complex.ComplexUtilsTest, org.apache.commons.math3.complex.FrenchComplexFormatTest, org.apache.commons.math3.complex.QuaternionTest, org.apache.commons.math3.complex.RootsOfUnityTest, org.apache.commons.math3.dfp.BracketingNthOrderBrentSolverDFPTest, org.apache.commons.math3.dfp.DfpDecTest, org.apache.commons.math3.dfp.DfpMathTest, org.apache.commons.math3.dfp.DfpTest, org.apache.commons.math3.distribution.AbstractIntegerDistributionTest, org.apache.commons.math3.distribution.AbstractRealDistributionTest, org.apache.commons.math3.distribution.BetaDistributionTest, org.apache.commons.math3.distribution.BinomialDistributionTest, org.apache.commons.math3.distribution.CauchyDistributionTest, org.apache.commons.math3.distribution.ChiSquaredDistributionTest, org.apache.commons.math3.distribution.EnumeratedIntegerDistributionTest, org.apache.commons.math3.distribution.EnumeratedRealDistributionTest, org.apache.commons.math3.distribution.ExponentialDistributionTest, org.apache.commons.math3.distribution.FDistributionTest, org.apache.commons.math3.distribution.GammaDistributionTest, org.apache.commons.math3.distribution.HypergeometricDistributionTest, org.apache.commons.math3.distribution.KolmogorovSmirnovDistributionTest, org.apache.commons.math3.distribution.LevyDistributionTest, org.apache.commons.math3.distribution.LogNormalDistributionTest, org.apache.commons.math3.distribution.MultivariateNormalDistributionTest, org.apache.commons.math3.distribution.MultivariateNormalMixtureModelDistributionTest, org.apache.commons.math3.distribution.NormalDistributionTest, org.apache.commons.math3.distribution.PascalDistributionTest, org.apache.commons.math3.distribution.PoissonDistributionTest, org.apache.commons.math3.distribution.TDistributionTest, org.apache.commons.math3.distribution.TriangularDistributionTest, org.apache.commons.math3.distribution.UniformIntegerDistributionTest, org.apache.commons.math3.distribution.UniformRealDistributionTest, org.apache.commons.math3.distribution.WeibullDistributionTest, org.apache.commons.math3.distribution.ZipfDistributionTest, org.apache.commons.math3.distribution.fitting.MultivariateNormalMixtureExpectationMaximizationTest, org.apache.commons.math3.exception.DimensionMismatchExceptionTest, org.apache.commons.math3.exception.MaxCountExceededExceptionTest, org.apache.commons.math3.exception.NonMonotonicSequenceExceptionTest, org.apache.commons.math3.exception.NotPositiveExceptionTest, org.apache.commons.math3.exception.NotStrictlyPositiveExceptionTest, org.apache.commons.math3.exception.NumberIsTooLargeExceptionTest, org.apache.commons.math3.exception.NumberIsTooSmallExceptionTest, org.apache.commons.math3.exception.OutOfRangeExceptionTest, org.apache.commons.math3.exception.TooManyEvaluationsExceptionTest, org.apache.commons.math3.exception.util.ArgUtilsTest, org.apache.commons.math3.exception.util.ExceptionContextTest, org.apache.commons.math3.exception.util.LocalizedFormatsTest, org.apache.commons.math3.filter.KalmanFilterTest, org.apache.commons.math3.fitting.CurveFitterTest, org.apache.commons.math3.fitting.GaussianFitterTest, org.apache.commons.math3.fitting.HarmonicFitterTest, org.apache.commons.math3.fitting.PolynomialFitterTest, org.apache.commons.math3.fraction.BigFractionFieldTest, org.apache.commons.math3.fraction.BigFractionFormatTest, org.apache.commons.math3.fraction.BigFractionTest, org.apache.commons.math3.fraction.FractionFieldTest, org.apache.commons.math3.fraction.FractionFormatTest, org.apache.commons.math3.fraction.FractionTest, org.apache.commons.math3.genetics.BinaryChromosomeTest, org.apache.commons.math3.genetics.BinaryMutationTest, org.apache.commons.math3.genetics.ChromosomeTest, org.apache.commons.math3.genetics.CycleCrossoverTest, org.apache.commons.math3.genetics.ElitisticListPopulationTest, org.apache.commons.math3.genetics.FitnessCachingTest, org.apache.commons.math3.genetics.FixedElapsedTimeTest, org.apache.commons.math3.genetics.FixedGenerationCountTest, org.apache.commons.math3.genetics.GeneticAlgorithmTestBinary, org.apache.commons.math3.genetics.GeneticAlgorithmTestPermutations, org.apache.commons.math3.genetics.ListPopulationTest, org.apache.commons.math3.genetics.NPointCrossoverTest, org.apache.commons.math3.genetics.OnePointCrossoverTest, org.apache.commons.math3.genetics.OrderedCrossoverTest, org.apache.commons.math3.genetics.RandomKeyMutationTest, org.apache.commons.math3.genetics.RandomKeyTest, org.apache.commons.math3.genetics.TournamentSelectionTest, org.apache.commons.math3.genetics.UniformCrossoverTest, org.apache.commons.math3.geometry.euclidean.oned.IntervalTest, org.apache.commons.math3.geometry.euclidean.oned.IntervalsSetTest, org.apache.commons.math3.geometry.euclidean.threed.FieldRotationDSTest, org.apache.commons.math3.geometry.euclidean.threed.FieldRotationDfpTest, org.apache.commons.math3.geometry.euclidean.threed.FieldVector3DTest, org.apache.commons.math3.geometry.euclidean.threed.FrenchVector3DFormatTest, org.apache.commons.math3.geometry.euclidean.threed.LineTest, org.apache.commons.math3.geometry.euclidean.threed.PlaneTest, org.apache.commons.math3.geometry.euclidean.threed.PolyhedronsSetTest, org.apache.commons.math3.geometry.euclidean.threed.RotationOrderTest, org.apache.commons.math3.geometry.euclidean.threed.RotationTest, org.apache.commons.math3.geometry.euclidean.threed.SphericalCoordinatesTest, org.apache.commons.math3.geometry.euclidean.threed.SubLineTest, org.apache.commons.math3.geometry.euclidean.threed.Vector3DFormatTest, org.apache.commons.math3.geometry.euclidean.threed.Vector3DTest, org.apache.commons.math3.geometry.euclidean.twod.LineTest, org.apache.commons.math3.geometry.euclidean.twod.PolygonsSetTest, org.apache.commons.math3.geometry.euclidean.twod.SegmentTest, org.apache.commons.math3.geometry.euclidean.twod.SubLineTest, org.apache.commons.math3.geometry.partitioning.utilities.AVLTreeTest, org.apache.commons.math3.linear.Array2DRowRealMatrixTest, org.apache.commons.math3.linear.ArrayFieldVectorTest, org.apache.commons.math3.linear.ArrayRealVectorTest, org.apache.commons.math3.linear.BiDiagonalTransformerTest, org.apache.commons.math3.linear.BlockFieldMatrixTest, org.apache.commons.math3.linear.BlockRealMatrixTest, org.apache.commons.math3.linear.CholeskyDecompositionTest, org.apache.commons.math3.linear.CholeskySolverTest, org.apache.commons.math3.linear.ConjugateGradientTest, org.apache.commons.math3.linear.DiagonalMatrixTest, org.apache.commons.math3.linear.EigenDecompositionTest, org.apache.commons.math3.linear.EigenSolverTest, org.apache.commons.math3.linear.FieldLUDecompositionTest, org.apache.commons.math3.linear.FieldLUSolverTest, org.apache.commons.math3.linear.FieldMatrixImplTest, org.apache.commons.math3.linear.FrenchRealVectorFormatTest, org.apache.commons.math3.linear.HessenbergTransformerTest, org.apache.commons.math3.linear.LUDecompositionTest, org.apache.commons.math3.linear.LUSolverTest, org.apache.commons.math3.linear.MatrixDimensionMismatchExceptionTest, org.apache.commons.math3.linear.MatrixUtilsTest, org.apache.commons.math3.linear.OpenMapRealMatrixTest, org.apache.commons.math3.linear.QRDecompositionTest, org.apache.commons.math3.linear.QRSolverTest, org.apache.commons.math3.linear.RRQRDecompositionTest, org.apache.commons.math3.linear.RRQRSolverTest, org.apache.commons.math3.linear.RealMatrixFormatTest, org.apache.commons.math3.linear.RealVectorFormatTest, org.apache.commons.math3.linear.RealVectorTest, org.apache.commons.math3.linear.RectangularCholeskyDecompositionTest, org.apache.commons.math3.linear.SchurTransformerTest, org.apache.commons.math3.linear.SingularValueDecompositionTest, org.apache.commons.math3.linear.SingularValueSolverTest, org.apache.commons.math3.linear.SparseFieldMatrixTest, org.apache.commons.math3.linear.SparseFieldVectorTest, org.apache.commons.math3.linear.SparseRealMatrixTest, org.apache.commons.math3.linear.SparseRealVectorTest, org.apache.commons.math3.linear.SymmLQTest, org.apache.commons.math3.linear.TriDiagonalTransformerTest, org.apache.commons.math3.linear.UnmodifiableArrayRealVectorTest, org.apache.commons.math3.linear.UnmodifiableOpenMapRealVectorTest, org.apache.commons.math3.ode.ContinuousOutputModelTest, org.apache.commons.math3.ode.FirstOrderConverterTest, org.apache.commons.math3.ode.JacobianMatricesTest, org.apache.commons.math3.ode.events.EventFilterTest, org.apache.commons.math3.ode.events.EventStateTest, org.apache.commons.math3.ode.events.OverlappingEventsTest, org.apache.commons.math3.ode.events.ReappearingEventTest, org.apache.commons.math3.ode.nonstiff.AdamsBashforthIntegratorTest, org.apache.commons.math3.ode.nonstiff.AdamsMoultonIntegratorTest, org.apache.commons.math3.ode.nonstiff.ClassicalRungeKuttaIntegratorTest, org.apache.commons.math3.ode.nonstiff.ClassicalRungeKuttaStepInterpolatorTest, org.apache.commons.math3.ode.nonstiff.DormandPrince54IntegratorTest, org.apache.commons.math3.ode.nonstiff.DormandPrince54StepInterpolatorTest, org.apache.commons.math3.ode.nonstiff.DormandPrince853IntegratorTest, org.apache.commons.math3.ode.nonstiff.DormandPrince853StepInterpolatorTest, org.apache.commons.math3.ode.nonstiff.EulerIntegratorTest, org.apache.commons.math3.ode.nonstiff.EulerStepInterpolatorTest, org.apache.commons.math3.ode.nonstiff.GillIntegratorTest, org.apache.commons.math3.ode.nonstiff.GillStepInterpolatorTest, org.apache.commons.math3.ode.nonstiff.GraggBulirschStoerIntegratorTest, org.apache.commons.math3.ode.nonstiff.GraggBulirschStoerStepInterpolatorTest, org.apache.commons.math3.ode.nonstiff.HighamHall54IntegratorTest, org.apache.commons.math3.ode.nonstiff.HighamHall54StepInterpolatorTest, org.apache.commons.math3.ode.nonstiff.MidpointIntegratorTest, org.apache.commons.math3.ode.nonstiff.MidpointStepInterpolatorTest, org.apache.commons.math3.ode.nonstiff.ThreeEighthesIntegratorTest, org.apache.commons.math3.ode.nonstiff.ThreeEighthesStepInterpolatorTest, org.apache.commons.math3.ode.sampling.DummyStepInterpolatorTest, org.apache.commons.math3.ode.sampling.NordsieckStepInterpolatorTest, org.apache.commons.math3.ode.sampling.StepNormalizerOutputOverlapTest, org.apache.commons.math3.ode.sampling.StepNormalizerOutputTest, org.apache.commons.math3.ode.sampling.StepNormalizerTest, org.apache.commons.math3.optim.PointValuePairTest, org.apache.commons.math3.optim.PointVectorValuePairTest, org.apache.commons.math3.optim.SimplePointCheckerTest, org.apache.commons.math3.optim.SimpleValueCheckerTest, org.apache.commons.math3.optim.SimpleVectorValueCheckerTest, org.apache.commons.math3.optim.linear.SimplexSolverTest, org.apache.commons.math3.optim.linear.SimplexTableauTest, org.apache.commons.math3.optim.nonlinear.scalar.MultiStartMultivariateOptimizerTest, org.apache.commons.math3.optim.nonlinear.scalar.MultivariateFunctionMappingAdapterTest, org.apache.commons.math3.optim.nonlinear.scalar.MultivariateFunctionPenaltyAdapterTest, org.apache.commons.math3.optim.nonlinear.scalar.gradient.NonLinearConjugateGradientOptimizerTest, org.apache.commons.math3.optim.nonlinear.scalar.noderiv.BOBYQAOptimizerTest, org.apache.commons.math3.optim.nonlinear.scalar.noderiv.CMAESOptimizerTest, org.apache.commons.math3.optim.nonlinear.scalar.noderiv.PowellOptimizerTest, org.apache.commons.math3.optim.nonlinear.scalar.noderiv.SimplexOptimizerMultiDirectionalTest, org.apache.commons.math3.optim.nonlinear.scalar.noderiv.SimplexOptimizerNelderMeadTest, org.apache.commons.math3.optim.nonlinear.vector.MultiStartMultivariateVectorOptimizerTest, org.apache.commons.math3.optim.nonlinear.vector.jacobian.AbstractLeastSquaresOptimizerTest, org.apache.commons.math3.optim.nonlinear.vector.jacobian.AbstractLeastSquaresOptimizerTestValidation, org.apache.commons.math3.optim.nonlinear.vector.jacobian.GaussNewtonOptimizerTest, org.apache.commons.math3.optim.nonlinear.vector.jacobian.LevenbergMarquardtOptimizerTest, org.apache.commons.math3.optim.nonlinear.vector.jacobian.MinpackTest, org.apache.commons.math3.optim.univariate.BracketFinderTest, org.apache.commons.math3.optim.univariate.BrentOptimizerTest, org.apache.commons.math3.optim.univariate.MultiStartUnivariateOptimizerTest, org.apache.commons.math3.optim.univariate.SimpleUnivariateValueCheckerTest, org.apache.commons.math3.optimization.MultivariateDifferentiableMultiStartOptimizerTest, org.apache.commons.math3.optimization.MultivariateDifferentiableVectorMultiStartOptimizerTest, org.apache.commons.math3.optimization.MultivariateMultiStartOptimizerTest, org.apache.commons.math3.optimization.PointValuePairTest, org.apache.commons.math3.optimization.PointVectorValuePairTest, org.apache.commons.math3.optimization.SimplePointCheckerTest, org.apache.commons.math3.optimization.SimpleValueCheckerTest, org.apache.commons.math3.optimization.SimpleVectorValueCheckerTest, org.apache.commons.math3.optimization.direct.BOBYQAOptimizerTest, org.apache.commons.math3.optimization.direct.CMAESOptimizerTest, org.apache.commons.math3.optimization.direct.MultivariateFunctionMappingAdapterTest, org.apache.commons.math3.optimization.direct.MultivariateFunctionPenaltyAdapterTest, org.apache.commons.math3.optimization.direct.PowellOptimizerTest, org.apache.commons.math3.optimization.direct.SimplexOptimizerMultiDirectionalTest, org.apache.commons.math3.optimization.direct.SimplexOptimizerNelderMeadTest, org.apache.commons.math3.optimization.fitting.CurveFitterTest, org.apache.commons.math3.optimization.fitting.GaussianFitterTest, org.apache.commons.math3.optimization.fitting.HarmonicFitterTest, org.apache.commons.math3.optimization.fitting.PolynomialFitterTest, org.apache.commons.math3.optimization.general.AbstractLeastSquaresOptimizerTest, org.apache.commons.math3.optimization.general.AbstractLeastSquaresOptimizerTestValidation, org.apache.commons.math3.optimization.general.GaussNewtonOptimizerTest, org.apache.commons.math3.optimization.general.LevenbergMarquardtOptimizerTest, org.apache.commons.math3.optimization.general.MinpackTest, org.apache.commons.math3.optimization.general.NonLinearConjugateGradientOptimizerTest, org.apache.commons.math3.optimization.linear.SimplexSolverTest, org.apache.commons.math3.optimization.linear.SimplexTableauTest, org.apache.commons.math3.optimization.univariate.BracketFinderTest, org.apache.commons.math3.optimization.univariate.BrentOptimizerTest, org.apache.commons.math3.optimization.univariate.SimpleUnivariateValueCheckerTest, org.apache.commons.math3.optimization.univariate.UnivariateMultiStartOptimizerTest, org.apache.commons.math3.primes.PrimesTest, org.apache.commons.math3.random.AbstractRandomGeneratorTest, org.apache.commons.math3.random.BitsStreamGeneratorTest, org.apache.commons.math3.random.CorrelatedRandomVectorGeneratorTest, org.apache.commons.math3.random.EmpiricalDistributionTest, org.apache.commons.math3.random.GaussianRandomGeneratorTest, org.apache.commons.math3.random.ISAACTest, org.apache.commons.math3.random.MersenneTwisterTest, org.apache.commons.math3.random.RandomAdaptorTest, org.apache.commons.math3.random.RandomDataGeneratorTest, org.apache.commons.math3.random.RandomGeneratorAbstractTest, org.apache.commons.math3.random.StableRandomGeneratorTest, org.apache.commons.math3.random.SynchronizedRandomGeneratorTest, org.apache.commons.math3.random.UncorrelatedRandomVectorGeneratorTest, org.apache.commons.math3.random.UniformRandomGeneratorTest, org.apache.commons.math3.random.UnitSphereRandomVectorGeneratorTest, org.apache.commons.math3.random.ValueServerTest, org.apache.commons.math3.random.Well1024aTest, org.apache.commons.math3.random.Well19937aTest, org.apache.commons.math3.random.Well19937cTest, org.apache.commons.math3.random.Well44497aTest, org.apache.commons.math3.random.Well44497bTest, org.apache.commons.math3.random.Well512aTest, org.apache.commons.math3.special.BetaTest, org.apache.commons.math3.special.ErfTest, org.apache.commons.math3.special.GammaTest, org.apache.commons.math3.stat.CertifiedDataTest, org.apache.commons.math3.stat.FrequencyTest, org.apache.commons.math3.stat.StatUtilsTest, org.apache.commons.math3.stat.clustering.DBSCANClustererTest, org.apache.commons.math3.stat.clustering.EuclideanDoublePointTest, org.apache.commons.math3.stat.clustering.EuclideanIntegerPointTest, org.apache.commons.math3.stat.clustering.KMeansPlusPlusClustererTest, org.apache.commons.math3.stat.correlation.CovarianceTest, org.apache.commons.math3.stat.correlation.PearsonsCorrelationTest, org.apache.commons.math3.stat.correlation.SpearmansRankCorrelationTest, org.apache.commons.math3.stat.correlation.StorelessCovarianceTest, org.apache.commons.math3.stat.data.LewTest, org.apache.commons.math3.stat.data.LotteryTest, org.apache.commons.math3.stat.descriptive.AbstractUnivariateStatisticTest, org.apache.commons.math3.stat.descriptive.AggregateSummaryStatisticsTest, org.apache.commons.math3.stat.descriptive.DescriptiveStatisticsTest, org.apache.commons.math3.stat.descriptive.ListUnivariateImplTest, org.apache.commons.math3.stat.descriptive.MixedListUnivariateImplTest, org.apache.commons.math3.stat.descriptive.MultivariateSummaryStatisticsTest, org.apache.commons.math3.stat.descriptive.StatisticalSummaryValuesTest, org.apache.commons.math3.stat.descriptive.SummaryStatisticsTest, org.apache.commons.math3.stat.descriptive.SynchronizedDescriptiveStatisticsTest, org.apache.commons.math3.stat.descriptive.SynchronizedMultivariateSummaryStatisticsTest, org.apache.commons.math3.stat.descriptive.SynchronizedSummaryStatisticsTest, org.apache.commons.math3.stat.descriptive.moment.FirstMomentTest, org.apache.commons.math3.stat.descriptive.moment.FourthMomentTest, org.apache.commons.math3.stat.descriptive.moment.GeometricMeanTest, org.apache.commons.math3.stat.descriptive.moment.InteractionTest, org.apache.commons.math3.stat.descriptive.moment.KurtosisTest, org.apache.commons.math3.stat.descriptive.moment.MeanTest, org.apache.commons.math3.stat.descriptive.moment.SecondMomentTest, org.apache.commons.math3.stat.descriptive.moment.SemiVarianceTest, org.apache.commons.math3.stat.descriptive.moment.SkewnessTest, org.apache.commons.math3.stat.descriptive.moment.StandardDeviationTest, org.apache.commons.math3.stat.descriptive.moment.ThirdMomentTest, org.apache.commons.math3.stat.descriptive.moment.VarianceTest, org.apache.commons.math3.stat.descriptive.moment.VectorialCovarianceTest, org.apache.commons.math3.stat.descriptive.moment.VectorialMeanTest, org.apache.commons.math3.stat.descriptive.rank.MaxTest, org.apache.commons.math3.stat.descriptive.rank.MedianTest, org.apache.commons.math3.stat.descriptive.rank.MinTest, org.apache.commons.math3.stat.descriptive.rank.PercentileTest, org.apache.commons.math3.stat.descriptive.summary.ProductTest, org.apache.commons.math3.stat.descriptive.summary.SumLogTest, org.apache.commons.math3.stat.descriptive.summary.SumSqTest, org.apache.commons.math3.stat.descriptive.summary.SumTest, org.apache.commons.math3.stat.inference.ChiSquareTestTest, org.apache.commons.math3.stat.inference.GTestTest, org.apache.commons.math3.stat.inference.MannWhitneyUTestTest, org.apache.commons.math3.stat.inference.OneWayAnovaTest, org.apache.commons.math3.stat.inference.TTestTest, org.apache.commons.math3.stat.inference.TestUtilsTest, org.apache.commons.math3.stat.inference.WilcoxonSignedRankTestTest, org.apache.commons.math3.stat.ranking.NaturalRankingTest, org.apache.commons.math3.stat.regression.GLSMultipleLinearRegressionTest, org.apache.commons.math3.stat.regression.MillerUpdatingRegressionTest, org.apache.commons.math3.stat.regression.OLSMultipleLinearRegressionTest, org.apache.commons.math3.stat.regression.SimpleRegressionTest, org.apache.commons.math3.transform.FastCosineTransformerTest, org.apache.commons.math3.transform.FastFourierTransformerTest, org.apache.commons.math3.transform.FastHadamardTransformerTest, org.apache.commons.math3.transform.FastSineTransformerTest, org.apache.commons.math3.util.ArithmeticUtilsTest, org.apache.commons.math3.util.BigRealFieldTest, org.apache.commons.math3.util.BigRealTest, org.apache.commons.math3.util.ContinuedFractionTest, org.apache.commons.math3.util.Decimal64Test, org.apache.commons.math3.util.DefaultTransformerTest, org.apache.commons.math3.util.FastMathStrictComparisonTest, org.apache.commons.math3.util.FastMathTest, org.apache.commons.math3.util.FastMathTestPerformance, org.apache.commons.math3.util.IncrementorTest, org.apache.commons.math3.util.MathArraysTest, org.apache.commons.math3.util.MathUtilsTest, org.apache.commons.math3.util.MultidimensionalCounterTest, org.apache.commons.math3.util.OpenIntToDoubleHashMapTest, org.apache.commons.math3.util.OpenIntToFieldTest, org.apache.commons.math3.util.PairTest, org.apache.commons.math3.util.PrecisionTest, org.apache.commons.math3.util.ResizableDoubleArrayTest, org.apache.commons.math3.util.TransformerMapTest], complianceLevel=7, outputFolder=., json=true}
15:10:27.508 [main] INFO  fr.inria.lille.repair.nopol.NoPol - Available processors (cores): 24
15:10:27.514 [main] INFO  fr.inria.lille.repair.nopol.NoPol - Free memory: 402 MB
15:10:27.514 [main] INFO  fr.inria.lille.repair.nopol.NoPol - Maximum memory: 3 GB
15:10:27.514 [main] INFO  fr.inria.lille.repair.nopol.NoPol - Total memory available to JVM: 483 MB
15:10:27.514 [main] INFO  fr.inria.lille.repair.nopol.NoPol - Java version: 1.8.0_181
15:10:27.515 [main] INFO  fr.inria.lille.repair.nopol.NoPol - JAVA_HOME: /usr/lib/jvm/java-1.8.0-openjdk-amd64/bin/
15:10:27.515 [main] INFO  fr.inria.lille.repair.nopol.NoPol - PATH: /usr/lib/jvm/java-1.8.0-openjdk-amd64/bin/:/usr/lib/oar/oardodo:/usr/lib/oar/oardodo:/usr/local/bin:/usr/bin:/bin:/usr/games
15:23:55.506 [pool-2-thread-1] DEBUG fr.inria.lille.repair.nopol.NoPol - statement #1
15:23:55.507 [pool-2-thread-1] DEBUG fr.inria.lille.repair.nopol.NoPol - Analysing SourceLocation org.apache.commons.math3.exception.util.ExceptionContext:137 which is executed by 4 tests
-310961535
15:23:55.873 [pool-2-thread-1] DEBUG fr.inria.lille.repair.nopol.NoPol - statement #2
15:23:55.873 [pool-2-thread-1] DEBUG fr.inria.lille.repair.nopol.NoPol - Analysing SourceLocation org.apache.commons.math3.exception.MathIllegalStateException:80 which is executed by 2 tests
-614386291
15:23:56.003 [pool-2-thread-1] DEBUG fr.inria.lille.repair.nopol.NoPol - statement #3
15:23:56.003 [pool-2-thread-1] DEBUG fr.inria.lille.repair.nopol.NoPol - Analysing SourceLocation org.apache.commons.math3.stat.ranking.NaturalRanking:314 which is executed by 3 tests
560220142
15:23:56.691 [pool-2-thread-1] DEBUG fr.inria.lille.repair.nopol.NoPol - looking with class fr.inria.lille.repair.nopol.spoon.smt.ConditionalAdder
java.lang.AssertionError: expected:<0.5> but was:<0.1054092553389458>
    at org.junit.Assert.fail(Assert.java:88)
    at org.junit.Assert.failNotEquals(Assert.java:743)
    at org.junit.Assert.assertEquals(Assert.java:494)
    at org.junit.Assert.assertEquals(Assert.java:592)
    at org.apache.commons.math3.stat.correlation.SpearmansRankCorrelationTest.testMath891Array(SpearmansRankCorrelationTest.java:132)
    at sun.reflect.NativeMethodAccessorImpl.invoke0(Native Method)
org.apache.commons.math3.linear.MatrixDimensionMismatchException: got 4x1 but expected 5x1
    at org.apache.commons.math3.linear.AbstractRealMatrix.setColumn(AbstractRealMatrix.java:587)
    at org.apache.commons.math3.stat.correlation.SpearmansCorrelation.rankTransform(SpearmansCorrelation.java:175)
    at org.apache.commons.math3.stat.correlation.SpearmansCorrelation.<init>(SpearmansCorrelation.java:92)
    at org.apache.commons.math3.stat.correlation.SpearmansRankCorrelationTest.testMath891Matrix(SpearmansRankCorrelationTest.java:148)
    at sun.reflect.NativeMethodAccessorImpl.invoke0(Native Method)
    at sun.reflect.NativeMethodAccessorImpl.invoke(NativeMethodAccessorImpl.java:62)
java.lang.AssertionError: expected:<0.5> but was:<0.1054092553389458>
    at org.junit.Assert.fail(Assert.java:88)
    at org.junit.Assert.failNotEquals(Assert.java:743)
    at org.junit.Assert.assertEquals(Assert.java:494)
    at org.junit.Assert.assertEquals(Assert.java:592)
    at org.apache.commons.math3.stat.correlation.SpearmansRankCorrelationTest.testMath891Array(SpearmansRankCorrelationTest.java:132)
    at sun.reflect.NativeMethodAccessorImpl.invoke0(Native Method)
org.apache.commons.math3.linear.MatrixDimensionMismatchException: got 4x1 but expected 5x1
    at org.apache.commons.math3.linear.AbstractRealMatrix.setColumn(AbstractRealMatrix.java:587)
    at org.apache.commons.math3.stat.correlation.SpearmansCorrelation.rankTransform(SpearmansCorrelation.java:175)
    at org.apache.commons.math3.stat.correlation.SpearmansCorrelation.<init>(SpearmansCorrelation.java:92)
    at org.apache.commons.math3.stat.correlation.SpearmansRankCorrelationTest.testMath891Matrix(SpearmansRankCorrelationTest.java:148)
    at sun.reflect.NativeMethodAccessorImpl.invoke0(Native Method)
    at sun.reflect.NativeMethodAccessorImpl.invoke(NativeMethodAccessorImpl.java:62)
15:23:56.811 [pool-4-thread-1] INFO  xxl.java.junit.TestCasesListener - Tests run finished (84 ms)
<> Total tests run: 22
<> Ignored tests: 0
<> Failed tests: 4
~ testMath891Array(org.apache.commons.math3.stat.correlation.SpearmansRankCorrelationTest)
[expected:<0.5> but was:<0.1054092553389458>]
java.lang.AssertionError: expected:<0.5> but was:<0.1054092553389458>    at org.junit.Assert.fail(Assert.java:88)
    at org.junit.Assert.failNotEquals(Assert.java:743)
    at org.junit.Assert.assertEquals(Assert.java:494)
    at org.junit.Assert.assertEquals(Assert.java:592)
    at org.apache.commons.math3.stat.correlation.SpearmansRankCorrelationTest.testMath891Array(SpearmansRankCorrelationTest.java:132)
    at sun.reflect.NativeMethodAccessorImpl.invoke0(Native Method)
~ testMath891Matrix(org.apache.commons.math3.stat.correlation.SpearmansRankCorrelationTest)
[got 4x1 but expected 5x1]
org.apache.commons.math3.linear.MatrixDimensionMismatchException: got 4x1 but expected 5x1    at org.apache.commons.math3.linear.AbstractRealMatrix.setColumn(AbstractRealMatrix.java:587)
    at org.apache.commons.math3.stat.correlation.SpearmansCorrelation.rankTransform(SpearmansCorrelation.java:175)
    at org.apache.commons.math3.stat.correlation.SpearmansCorrelation.<init>(SpearmansCorrelation.java:92)
    at org.apache.commons.math3.stat.correlation.SpearmansRankCorrelationTest.testMath891Matrix(SpearmansRankCorrelationTest.java:148)
    at sun.reflect.NativeMethodAccessorImpl.invoke0(Native Method)
    at sun.reflect.NativeMethodAccessorImpl.invoke(NativeMethodAccessorImpl.java:62)
~ testMath891Array(org.apache.commons.math3.stat.correlation.SpearmansRankCorrelationTest)
[expected:<0.5> but was:<0.1054092553389458>]
java.lang.AssertionError: expected:<0.5> but was:<0.1054092553389458>    at org.junit.Assert.fail(Assert.java:88)
    at org.junit.Assert.failNotEquals(Assert.java:743)
    at org.junit.Assert.assertEquals(Assert.java:494)
    at org.junit.Assert.assertEquals(Assert.java:592)
    at org.apache.commons.math3.stat.correlation.SpearmansRankCorrelationTest.testMath891Array(SpearmansRankCorrelationTest.java:132)
    at sun.reflect.NativeMethodAccessorImpl.invoke0(Native Method)
~ testMath891Matrix(org.apache.commons.math3.stat.correlation.SpearmansRankCorrelationTest)
[got 4x1 but expected 5x1]
org.apache.commons.math3.linear.MatrixDimensionMismatchException: got 4x1 but expected 5x1    at org.apache.commons.math3.linear.AbstractRealMatrix.setColumn(AbstractRealMatrix.java:587)
    at org.apache.commons.math3.stat.correlation.SpearmansCorrelation.rankTransform(SpearmansCorrelation.java:175)
    at org.apache.commons.math3.stat.correlation.SpearmansCorrelation.<init>(SpearmansCorrelation.java:92)
    at org.apache.commons.math3.stat.correlation.SpearmansRankCorrelationTest.testMath891Matrix(SpearmansRankCorrelationTest.java:148)
    at sun.reflect.NativeMethodAccessorImpl.invoke0(Native Method)
    at sun.reflect.NativeMethodAccessorImpl.invoke(NativeMethodAccessorImpl.java:62)

15:23:57.748 [pool-2-thread-1] DEBUG fr.inria.lille.repair.nopol.NoPol - statement #4
15:23:57.749 [pool-2-thread-1] DEBUG fr.inria.lille.repair.nopol.NoPol - Analysing SourceLocation org.apache.commons.math3.stat.ranking.NaturalRanking:313 which is executed by 3 tests
560220142
15:23:57.891 [pool-2-thread-1] DEBUG fr.inria.lille.repair.nopol.NoPol - looking with class fr.inria.lille.repair.nopol.spoon.smt.ConditionalAdder
java.lang.AssertionError: expected:<0.5> but was:<0.1054092553389458>
    at org.junit.Assert.fail(Assert.java:88)
    at org.junit.Assert.failNotEquals(Assert.java:743)
    at org.junit.Assert.assertEquals(Assert.java:494)
    at org.junit.Assert.assertEquals(Assert.java:592)
    at org.apache.commons.math3.stat.correlation.SpearmansRankCorrelationTest.testMath891Array(SpearmansRankCorrelationTest.java:132)
    at sun.reflect.NativeMethodAccessorImpl.invoke0(Native Method)
org.apache.commons.math3.linear.MatrixDimensionMismatchException: got 4x1 but expected 5x1
    at org.apache.commons.math3.linear.AbstractRealMatrix.setColumn(AbstractRealMatrix.java:587)
    at org.apache.commons.math3.stat.correlation.SpearmansCorrelation.rankTransform(SpearmansCorrelation.java:175)
    at org.apache.commons.math3.stat.correlation.SpearmansCorrelation.<init>(SpearmansCorrelation.java:92)
    at org.apache.commons.math3.stat.correlation.SpearmansRankCorrelationTest.testMath891Matrix(SpearmansRankCorrelationTest.java:148)
    at sun.reflect.NativeMethodAccessorImpl.invoke0(Native Method)
    at sun.reflect.NativeMethodAccessorImpl.invoke(NativeMethodAccessorImpl.java:62)
java.lang.AssertionError: expected:<0.5> but was:<0.1054092553389458>
    at org.junit.Assert.fail(Assert.java:88)
    at org.junit.Assert.failNotEquals(Assert.java:743)
    at org.junit.Assert.assertEquals(Assert.java:494)
    at org.junit.Assert.assertEquals(Assert.java:592)
    at org.apache.commons.math3.stat.correlation.SpearmansRankCorrelationTest.testMath891Array(SpearmansRankCorrelationTest.java:132)
    at sun.reflect.NativeMethodAccessorImpl.invoke0(Native Method)
org.apache.commons.math3.linear.MatrixDimensionMismatchException: got 4x1 but expected 5x1
    at org.apache.commons.math3.linear.AbstractRealMatrix.setColumn(AbstractRealMatrix.java:587)
    at org.apache.commons.math3.stat.correlation.SpearmansCorrelation.rankTransform(SpearmansCorrelation.java:175)
    at org.apache.commons.math3.stat.correlation.SpearmansCorrelation.<init>(SpearmansCorrelation.java:92)
    at org.apache.commons.math3.stat.correlation.SpearmansRankCorrelationTest.testMath891Matrix(SpearmansRankCorrelationTest.java:148)
    at sun.reflect.NativeMethodAccessorImpl.invoke0(Native Method)
    at sun.reflect.NativeMethodAccessorImpl.invoke(NativeMethodAccessorImpl.java:62)
15:23:57.977 [pool-10-thread-1] INFO  xxl.java.junit.TestCasesListener - Tests run finished (76 ms)
<> Total tests run: 22
<> Ignored tests: 0
<> Failed tests: 4
~ testMath891Array(org.apache.commons.math3.stat.correlation.SpearmansRankCorrelationTest)
[expected:<0.5> but was:<0.1054092553389458>]
java.lang.AssertionError: expected:<0.5> but was:<0.1054092553389458>    at org.junit.Assert.fail(Assert.java:88)
    at org.junit.Assert.failNotEquals(Assert.java:743)
    at org.junit.Assert.assertEquals(Assert.java:494)
    at org.junit.Assert.assertEquals(Assert.java:592)
    at org.apache.commons.math3.stat.correlation.SpearmansRankCorrelationTest.testMath891Array(SpearmansRankCorrelationTest.java:132)
    at sun.reflect.NativeMethodAccessorImpl.invoke0(Native Method)
~ testMath891Matrix(org.apache.commons.math3.stat.correlation.SpearmansRankCorrelationTest)
[got 4x1 but expected 5x1]
org.apache.commons.math3.linear.MatrixDimensionMismatchException: got 4x1 but expected 5x1    at org.apache.commons.math3.linear.AbstractRealMatrix.setColumn(AbstractRealMatrix.java:587)
    at org.apache.commons.math3.stat.correlation.SpearmansCorrelation.rankTransform(SpearmansCorrelation.java:175)
    at org.apache.commons.math3.stat.correlation.SpearmansCorrelation.<init>(SpearmansCorrelation.java:92)
    at org.apache.commons.math3.stat.correlation.SpearmansRankCorrelationTest.testMath891Matrix(SpearmansRankCorrelationTest.java:148)
    at sun.reflect.NativeMethodAccessorImpl.invoke0(Native Method)
    at sun.reflect.NativeMethodAccessorImpl.invoke(NativeMethodAccessorImpl.java:62)
~ testMath891Array(org.apache.commons.math3.stat.correlation.SpearmansRankCorrelationTest)
[expected:<0.5> but was:<0.1054092553389458>]
java.lang.AssertionError: expected:<0.5> but was:<0.1054092553389458>    at org.junit.Assert.fail(Assert.java:88)
    at org.junit.Assert.failNotEquals(Assert.java:743)
    at org.junit.Assert.assertEquals(Assert.java:494)
    at org.junit.Assert.assertEquals(Assert.java:592)
    at org.apache.commons.math3.stat.correlation.SpearmansRankCorrelationTest.testMath891Array(SpearmansRankCorrelationTest.java:132)
    at sun.reflect.NativeMethodAccessorImpl.invoke0(Native Method)
~ testMath891Matrix(org.apache.commons.math3.stat.correlation.SpearmansRankCorrelationTest)
[got 4x1 but expected 5x1]
org.apache.commons.math3.linear.MatrixDimensionMismatchException: got 4x1 but expected 5x1    at org.apache.commons.math3.linear.AbstractRealMatrix.setColumn(AbstractRealMatrix.java:587)
    at org.apache.commons.math3.stat.correlation.SpearmansCorrelation.rankTransform(SpearmansCorrelation.java:175)
    at org.apache.commons.math3.stat.correlation.SpearmansCorrelation.<init>(SpearmansCorrelation.java:92)
    at org.apache.commons.math3.stat.correlation.SpearmansRankCorrelationTest.testMath891Matrix(SpearmansRankCorrelationTest.java:148)
    at sun.reflect.NativeMethodAccessorImpl.invoke0(Native Method)
    at sun.reflect.NativeMethodAccessorImpl.invoke(NativeMethodAccessorImpl.java:62)

15:23:58.291 [pool-2-thread-1] DEBUG fr.inria.lille.repair.nopol.NoPol - looking with class fr.inria.lille.repair.nopol.spoon.smt.ConditionalReplacer
java.lang.AssertionError: expected:<0.5> but was:<0.1054092553389458>
    at org.junit.Assert.fail(Assert.java:88)
    at org.junit.Assert.failNotEquals(Assert.java:743)
    at org.junit.Assert.assertEquals(Assert.java:494)
    at org.junit.Assert.assertEquals(Assert.java:592)
    at org.apache.commons.math3.stat.correlation.SpearmansRankCorrelationTest.testMath891Array(SpearmansRankCorrelationTest.java:132)
    at sun.reflect.NativeMethodAccessorImpl.invoke0(Native Method)
org.apache.commons.math3.linear.MatrixDimensionMismatchException: got 4x1 but expected 5x1
    at org.apache.commons.math3.linear.AbstractRealMatrix.setColumn(AbstractRealMatrix.java:587)
    at org.apache.commons.math3.stat.correlation.SpearmansCorrelation.rankTransform(SpearmansCorrelation.java:175)
    at org.apache.commons.math3.stat.correlation.SpearmansCorrelation.<init>(SpearmansCorrelation.java:92)
    at org.apache.commons.math3.stat.correlation.SpearmansRankCorrelationTest.testMath891Matrix(SpearmansRankCorrelationTest.java:148)
    at sun.reflect.NativeMethodAccessorImpl.invoke0(Native Method)
    at sun.reflect.NativeMethodAccessorImpl.invoke(NativeMethodAccessorImpl.java:62)
java.lang.AssertionError: expected:<0.5> but was:<0.1054092553389458>
    at org.junit.Assert.fail(Assert.java:88)
    at org.junit.Assert.failNotEquals(Assert.java:743)
    at org.junit.Assert.assertEquals(Assert.java:494)
    at org.junit.Assert.assertEquals(Assert.java:592)
    at org.apache.commons.math3.stat.correlation.SpearmansRankCorrelationTest.testMath891Array(SpearmansRankCorrelationTest.java:132)
    at sun.reflect.NativeMethodAccessorImpl.invoke0(Native Method)
org.apache.commons.math3.linear.MatrixDimensionMismatchException: got 4x1 but expected 5x1
    at org.apache.commons.math3.linear.AbstractRealMatrix.setColumn(AbstractRealMatrix.java:587)
    at org.apache.commons.math3.stat.correlation.SpearmansCorrelation.rankTransform(SpearmansCorrelation.java:175)
    at org.apache.commons.math3.stat.correlation.SpearmansCorrelation.<init>(SpearmansCorrelation.java:92)
    at org.apache.commons.math3.stat.correlation.SpearmansRankCorrelationTest.testMath891Matrix(SpearmansRankCorrelationTest.java:148)
    at sun.reflect.NativeMethodAccessorImpl.invoke0(Native Method)
    at sun.reflect.NativeMethodAccessorImpl.invoke(NativeMethodAccessorImpl.java:62)
15:23:58.353 [pool-16-thread-1] INFO  xxl.java.junit.TestCasesListener - Tests run finished (57 ms)
<> Total tests run: 22
<> Ignored tests: 0
<> Failed tests: 4
~ testMath891Array(org.apache.commons.math3.stat.correlation.SpearmansRankCorrelationTest)
[expected:<0.5> but was:<0.1054092553389458>]
java.lang.AssertionError: expected:<0.5> but was:<0.1054092553389458>    at org.junit.Assert.fail(Assert.java:88)
    at org.junit.Assert.failNotEquals(Assert.java:743)
    at org.junit.Assert.assertEquals(Assert.java:494)
    at org.junit.Assert.assertEquals(Assert.java:592)
    at org.apache.commons.math3.stat.correlation.SpearmansRankCorrelationTest.testMath891Array(SpearmansRankCorrelationTest.java:132)
    at sun.reflect.NativeMethodAccessorImpl.invoke0(Native Method)
~ testMath891Matrix(org.apache.commons.math3.stat.correlation.SpearmansRankCorrelationTest)
[got 4x1 but expected 5x1]
org.apache.commons.math3.linear.MatrixDimensionMismatchException: got 4x1 but expected 5x1    at org.apache.commons.math3.linear.AbstractRealMatrix.setColumn(AbstractRealMatrix.java:587)
    at org.apache.commons.math3.stat.correlation.SpearmansCorrelation.rankTransform(SpearmansCorrelation.java:175)
    at org.apache.commons.math3.stat.correlation.SpearmansCorrelation.<init>(SpearmansCorrelation.java:92)
    at org.apache.commons.math3.stat.correlation.SpearmansRankCorrelationTest.testMath891Matrix(SpearmansRankCorrelationTest.java:148)
    at sun.reflect.NativeMethodAccessorImpl.invoke0(Native Method)
    at sun.reflect.NativeMethodAccessorImpl.invoke(NativeMethodAccessorImpl.java:62)
~ testMath891Array(org.apache.commons.math3.stat.correlation.SpearmansRankCorrelationTest)
[expected:<0.5> but was:<0.1054092553389458>]
java.lang.AssertionError: expected:<0.5> but was:<0.1054092553389458>    at org.junit.Assert.fail(Assert.java:88)
    at org.junit.Assert.failNotEquals(Assert.java:743)
    at org.junit.Assert.assertEquals(Assert.java:494)
    at org.junit.Assert.assertEquals(Assert.java:592)
    at org.apache.commons.math3.stat.correlation.SpearmansRankCorrelationTest.testMath891Array(SpearmansRankCorrelationTest.java:132)
    at sun.reflect.NativeMethodAccessorImpl.invoke0(Native Method)
~ testMath891Matrix(org.apache.commons.math3.stat.correlation.SpearmansRankCorrelationTest)
[got 4x1 but expected 5x1]
org.apache.commons.math3.linear.MatrixDimensionMismatchException: got 4x1 but expected 5x1    at org.apache.commons.math3.linear.AbstractRealMatrix.setColumn(AbstractRealMatrix.java:587)
    at org.apache.commons.math3.stat.correlation.SpearmansCorrelation.rankTransform(SpearmansCorrelation.java:175)
    at org.apache.commons.math3.stat.correlation.SpearmansCorrelation.<init>(SpearmansCorrelation.java:92)
    at org.apache.commons.math3.stat.correlation.SpearmansRankCorrelationTest.testMath891Matrix(SpearmansRankCorrelationTest.java:148)
    at sun.reflect.NativeMethodAccessorImpl.invoke0(Native Method)
    at sun.reflect.NativeMethodAccessorImpl.invoke(NativeMethodAccessorImpl.java:62)

15:23:58.680 [pool-2-thread-1] DEBUG fr.inria.lille.repair.nopol.NoPol - statement #5
15:23:58.680 [pool-2-thread-1] DEBUG fr.inria.lille.repair.nopol.NoPol - Analysing SourceLocation org.apache.commons.math3.stat.ranking.NaturalRanking:312 which is executed by 3 tests
560220142
15:23:58.796 [pool-2-thread-1] DEBUG fr.inria.lille.repair.nopol.NoPol - looking with class fr.inria.lille.repair.nopol.spoon.smt.ConditionalAdder
java.lang.AssertionError: expected:<0.5> but was:<0.1054092553389458>
    at org.junit.Assert.fail(Assert.java:88)
    at org.junit.Assert.failNotEquals(Assert.java:743)
    at org.junit.Assert.assertEquals(Assert.java:494)
    at org.junit.Assert.assertEquals(Assert.java:592)
    at org.apache.commons.math3.stat.correlation.SpearmansRankCorrelationTest.testMath891Array(SpearmansRankCorrelationTest.java:132)
    at sun.reflect.NativeMethodAccessorImpl.invoke0(Native Method)
org.apache.commons.math3.linear.MatrixDimensionMismatchException: got 4x1 but expected 5x1
    at org.apache.commons.math3.linear.AbstractRealMatrix.setColumn(AbstractRealMatrix.java:587)
    at org.apache.commons.math3.stat.correlation.SpearmansCorrelation.rankTransform(SpearmansCorrelation.java:175)
    at org.apache.commons.math3.stat.correlation.SpearmansCorrelation.<init>(SpearmansCorrelation.java:92)
    at org.apache.commons.math3.stat.correlation.SpearmansRankCorrelationTest.testMath891Matrix(SpearmansRankCorrelationTest.java:148)
    at sun.reflect.NativeMethodAccessorImpl.invoke0(Native Method)
    at sun.reflect.NativeMethodAccessorImpl.invoke(NativeMethodAccessorImpl.java:62)
java.lang.AssertionError: expected:<0.5> but was:<0.1054092553389458>
    at org.junit.Assert.fail(Assert.java:88)
    at org.junit.Assert.failNotEquals(Assert.java:743)
    at org.junit.Assert.assertEquals(Assert.java:494)
    at org.junit.Assert.assertEquals(Assert.java:592)
    at org.apache.commons.math3.stat.correlation.SpearmansRankCorrelationTest.testMath891Array(SpearmansRankCorrelationTest.java:132)
    at sun.reflect.NativeMethodAccessorImpl.invoke0(Native Method)
org.apache.commons.math3.linear.MatrixDimensionMismatchException: got 4x1 but expected 5x1
    at org.apache.commons.math3.linear.AbstractRealMatrix.setColumn(AbstractRealMatrix.java:587)
    at org.apache.commons.math3.stat.correlation.SpearmansCorrelation.rankTransform(SpearmansCorrelation.java:175)
    at org.apache.commons.math3.stat.correlation.SpearmansCorrelation.<init>(SpearmansCorrelation.java:92)
    at org.apache.commons.math3.stat.correlation.SpearmansRankCorrelationTest.testMath891Matrix(SpearmansRankCorrelationTest.java:148)
    at sun.reflect.NativeMethodAccessorImpl.invoke0(Native Method)
    at sun.reflect.NativeMethodAccessorImpl.invoke(NativeMethodAccessorImpl.java:62)
15:23:58.858 [pool-22-thread-1] INFO  xxl.java.junit.TestCasesListener - Tests run finished (56 ms)
<> Total tests run: 22
<> Ignored tests: 0
<> Failed tests: 4
~ testMath891Array(org.apache.commons.math3.stat.correlation.SpearmansRankCorrelationTest)
[expected:<0.5> but was:<0.1054092553389458>]
java.lang.AssertionError: expected:<0.5> but was:<0.1054092553389458>    at org.junit.Assert.fail(Assert.java:88)
    at org.junit.Assert.failNotEquals(Assert.java:743)
    at org.junit.Assert.assertEquals(Assert.java:494)
    at org.junit.Assert.assertEquals(Assert.java:592)
    at org.apache.commons.math3.stat.correlation.SpearmansRankCorrelationTest.testMath891Array(SpearmansRankCorrelationTest.java:132)
    at sun.reflect.NativeMethodAccessorImpl.invoke0(Native Method)
~ testMath891Matrix(org.apache.commons.math3.stat.correlation.SpearmansRankCorrelationTest)
[got 4x1 but expected 5x1]
org.apache.commons.math3.linear.MatrixDimensionMismatchException: got 4x1 but expected 5x1    at org.apache.commons.math3.linear.AbstractRealMatrix.setColumn(AbstractRealMatrix.java:587)
    at org.apache.commons.math3.stat.correlation.SpearmansCorrelation.rankTransform(SpearmansCorrelation.java:175)
    at org.apache.commons.math3.stat.correlation.SpearmansCorrelation.<init>(SpearmansCorrelation.java:92)
    at org.apache.commons.math3.stat.correlation.SpearmansRankCorrelationTest.testMath891Matrix(SpearmansRankCorrelationTest.java:148)
    at sun.reflect.NativeMethodAccessorImpl.invoke0(Native Method)
    at sun.reflect.NativeMethodAccessorImpl.invoke(NativeMethodAccessorImpl.java:62)
~ testMath891Array(org.apache.commons.math3.stat.correlation.SpearmansRankCorrelationTest)
[expected:<0.5> but was:<0.1054092553389458>]
java.lang.AssertionError: expected:<0.5> but was:<0.1054092553389458>    at org.junit.Assert.fail(Assert.java:88)
    at org.junit.Assert.failNotEquals(Assert.java:743)
    at org.junit.Assert.assertEquals(Assert.java:494)
    at org.junit.Assert.assertEquals(Assert.java:592)
    at org.apache.commons.math3.stat.correlation.SpearmansRankCorrelationTest.testMath891Array(SpearmansRankCorrelationTest.java:132)
    at sun.reflect.NativeMethodAccessorImpl.invoke0(Native Method)
~ testMath891Matrix(org.apache.commons.math3.stat.correlation.SpearmansRankCorrelationTest)
[got 4x1 but expected 5x1]
org.apache.commons.math3.linear.MatrixDimensionMismatchException: got 4x1 but expected 5x1    at org.apache.commons.math3.linear.AbstractRealMatrix.setColumn(AbstractRealMatrix.java:587)
    at org.apache.commons.math3.stat.correlation.SpearmansCorrelation.rankTransform(SpearmansCorrelation.java:175)
    at org.apache.commons.math3.stat.correlation.SpearmansCorrelation.<init>(SpearmansCorrelation.java:92)
    at org.apache.commons.math3.stat.correlation.SpearmansRankCorrelationTest.testMath891Matrix(SpearmansRankCorrelationTest.java:148)
    at sun.reflect.NativeMethodAccessorImpl.invoke0(Native Method)
    at sun.reflect.NativeMethodAccessorImpl.invoke(NativeMethodAccessorImpl.java:62)

15:23:59.123 [pool-2-thread-1] DEBUG fr.inria.lille.repair.nopol.NoPol - statement #6
15:23:59.123 [pool-2-thread-1] DEBUG fr.inria.lille.repair.nopol.NoPol - Analysing SourceLocation org.apache.commons.math3.stat.ranking.NaturalRanking:287 which is executed by 3 tests
560220142
15:23:59.235 [pool-2-thread-1] DEBUG fr.inria.lille.repair.nopol.NoPol - statement #7
15:23:59.236 [pool-2-thread-1] DEBUG fr.inria.lille.repair.nopol.NoPol - Analysing SourceLocation org.apache.commons.math3.stat.ranking.NaturalRanking:286 which is executed by 3 tests
560220142
15:23:59.348 [pool-2-thread-1] DEBUG fr.inria.lille.repair.nopol.NoPol - looking with class fr.inria.lille.repair.nopol.spoon.smt.ConditionalAdder
java.lang.AssertionError: expected:<0.5> but was:<0.1054092553389458>
    at org.junit.Assert.fail(Assert.java:88)
    at org.junit.Assert.failNotEquals(Assert.java:743)
    at org.junit.Assert.assertEquals(Assert.java:494)
    at org.junit.Assert.assertEquals(Assert.java:592)
    at org.apache.commons.math3.stat.correlation.SpearmansRankCorrelationTest.testMath891Array(SpearmansRankCorrelationTest.java:132)
    at sun.reflect.NativeMethodAccessorImpl.invoke0(Native Method)
org.apache.commons.math3.linear.MatrixDimensionMismatchException: got 4x1 but expected 5x1
    at org.apache.commons.math3.linear.AbstractRealMatrix.setColumn(AbstractRealMatrix.java:587)
    at org.apache.commons.math3.stat.correlation.SpearmansCorrelation.rankTransform(SpearmansCorrelation.java:175)
    at org.apache.commons.math3.stat.correlation.SpearmansCorrelation.<init>(SpearmansCorrelation.java:92)
    at org.apache.commons.math3.stat.correlation.SpearmansRankCorrelationTest.testMath891Matrix(SpearmansRankCorrelationTest.java:148)
    at sun.reflect.NativeMethodAccessorImpl.invoke0(Native Method)
    at sun.reflect.NativeMethodAccessorImpl.invoke(NativeMethodAccessorImpl.java:62)
java.lang.AssertionError: expected:<0.5> but was:<0.1054092553389458>
    at org.junit.Assert.fail(Assert.java:88)
    at org.junit.Assert.failNotEquals(Assert.java:743)
    at org.junit.Assert.assertEquals(Assert.java:494)
    at org.junit.Assert.assertEquals(Assert.java:592)
    at org.apache.commons.math3.stat.correlation.SpearmansRankCorrelationTest.testMath891Array(SpearmansRankCorrelationTest.java:132)
    at sun.reflect.NativeMethodAccessorImpl.invoke0(Native Method)
org.apache.commons.math3.linear.MatrixDimensionMismatchException: got 4x1 but expected 5x1
    at org.apache.commons.math3.linear.AbstractRealMatrix.setColumn(AbstractRealMatrix.java:587)
    at org.apache.commons.math3.stat.correlation.SpearmansCorrelation.rankTransform(SpearmansCorrelation.java:175)
    at org.apache.commons.math3.stat.correlation.SpearmansCorrelation.<init>(SpearmansCorrelation.java:92)
    at org.apache.commons.math3.stat.correlation.SpearmansRankCorrelationTest.testMath891Matrix(SpearmansRankCorrelationTest.java:148)
    at sun.reflect.NativeMethodAccessorImpl.invoke0(Native Method)
    at sun.reflect.NativeMethodAccessorImpl.invoke(NativeMethodAccessorImpl.java:62)
15:23:59.411 [pool-28-thread-1] INFO  xxl.java.junit.TestCasesListener - Tests run finished (58 ms)
<> Total tests run: 22
<> Ignored tests: 0
<> Failed tests: 4
~ testMath891Array(org.apache.commons.math3.stat.correlation.SpearmansRankCorrelationTest)
[expected:<0.5> but was:<0.1054092553389458>]
java.lang.AssertionError: expected:<0.5> but was:<0.1054092553389458>    at org.junit.Assert.fail(Assert.java:88)
    at org.junit.Assert.failNotEquals(Assert.java:743)
    at org.junit.Assert.assertEquals(Assert.java:494)
    at org.junit.Assert.assertEquals(Assert.java:592)
    at org.apache.commons.math3.stat.correlation.SpearmansRankCorrelationTest.testMath891Array(SpearmansRankCorrelationTest.java:132)
    at sun.reflect.NativeMethodAccessorImpl.invoke0(Native Method)
~ testMath891Matrix(org.apache.commons.math3.stat.correlation.SpearmansRankCorrelationTest)
[got 4x1 but expected 5x1]
org.apache.commons.math3.linear.MatrixDimensionMismatchException: got 4x1 but expected 5x1    at org.apache.commons.math3.linear.AbstractRealMatrix.setColumn(AbstractRealMatrix.java:587)
    at org.apache.commons.math3.stat.correlation.SpearmansCorrelation.rankTransform(SpearmansCorrelation.java:175)
    at org.apache.commons.math3.stat.correlation.SpearmansCorrelation.<init>(SpearmansCorrelation.java:92)
    at org.apache.commons.math3.stat.correlation.SpearmansRankCorrelationTest.testMath891Matrix(SpearmansRankCorrelationTest.java:148)
    at sun.reflect.NativeMethodAccessorImpl.invoke0(Native Method)
    at sun.reflect.NativeMethodAccessorImpl.invoke(NativeMethodAccessorImpl.java:62)
~ testMath891Array(org.apache.commons.math3.stat.correlation.SpearmansRankCorrelationTest)
[expected:<0.5> but was:<0.1054092553389458>]
java.lang.AssertionError: expected:<0.5> but was:<0.1054092553389458>    at org.junit.Assert.fail(Assert.java:88)
    at org.junit.Assert.failNotEquals(Assert.java:743)
    at org.junit.Assert.assertEquals(Assert.java:494)
    at org.junit.Assert.assertEquals(Assert.java:592)
    at org.apache.commons.math3.stat.correlation.SpearmansRankCorrelationTest.testMath891Array(SpearmansRankCorrelationTest.java:132)
    at sun.reflect.NativeMethodAccessorImpl.invoke0(Native Method)
~ testMath891Matrix(org.apache.commons.math3.stat.correlation.SpearmansRankCorrelationTest)
[got 4x1 but expected 5x1]
org.apache.commons.math3.linear.MatrixDimensionMismatchException: got 4x1 but expected 5x1    at org.apache.commons.math3.linear.AbstractRealMatrix.setColumn(AbstractRealMatrix.java:587)
    at org.apache.commons.math3.stat.correlation.SpearmansCorrelation.rankTransform(SpearmansCorrelation.java:175)
    at org.apache.commons.math3.stat.correlation.SpearmansCorrelation.<init>(SpearmansCorrelation.java:92)
    at org.apache.commons.math3.stat.correlation.SpearmansRankCorrelationTest.testMath891Matrix(SpearmansRankCorrelationTest.java:148)
    at sun.reflect.NativeMethodAccessorImpl.invoke0(Native Method)
    at sun.reflect.NativeMethodAccessorImpl.invoke(NativeMethodAccessorImpl.java:62)

15:23:59.708 [pool-2-thread-1] DEBUG fr.inria.lille.repair.nopol.NoPol - statement #8
15:23:59.709 [pool-2-thread-1] DEBUG fr.inria.lille.repair.nopol.NoPol - Analysing SourceLocation org.apache.commons.math3.stat.ranking.NaturalRanking:285 which is executed by 3 tests
560220142
15:23:59.876 [pool-2-thread-1] DEBUG fr.inria.lille.repair.nopol.NoPol - statement #9
15:23:59.877 [pool-2-thread-1] DEBUG fr.inria.lille.repair.nopol.NoPol - Analysing SourceLocation org.apache.commons.math3.stat.ranking.NaturalRanking:282 which is executed by 3 tests
560220142
15:24:00.005 [pool-2-thread-1] DEBUG fr.inria.lille.repair.nopol.NoPol - looking with class fr.inria.lille.repair.nopol.spoon.smt.ConditionalAdder
java.lang.AssertionError: expected:<0.5> but was:<0.1054092553389458>
    at org.junit.Assert.fail(Assert.java:88)
    at org.junit.Assert.failNotEquals(Assert.java:743)
    at org.junit.Assert.assertEquals(Assert.java:494)
    at org.junit.Assert.assertEquals(Assert.java:592)
    at org.apache.commons.math3.stat.correlation.SpearmansRankCorrelationTest.testMath891Array(SpearmansRankCorrelationTest.java:132)
    at sun.reflect.NativeMethodAccessorImpl.invoke0(Native Method)
org.apache.commons.math3.linear.MatrixDimensionMismatchException: got 4x1 but expected 5x1
    at org.apache.commons.math3.linear.AbstractRealMatrix.setColumn(AbstractRealMatrix.java:587)
    at org.apache.commons.math3.stat.correlation.SpearmansCorrelation.rankTransform(SpearmansCorrelation.java:175)
    at org.apache.commons.math3.stat.correlation.SpearmansCorrelation.<init>(SpearmansCorrelation.java:92)
    at org.apache.commons.math3.stat.correlation.SpearmansRankCorrelationTest.testMath891Matrix(SpearmansRankCorrelationTest.java:148)
    at sun.reflect.NativeMethodAccessorImpl.invoke0(Native Method)
    at sun.reflect.NativeMethodAccessorImpl.invoke(NativeMethodAccessorImpl.java:62)
java.lang.AssertionError: expected:<0.5> but was:<0.1054092553389458>
    at org.junit.Assert.fail(Assert.java:88)
    at org.junit.Assert.failNotEquals(Assert.java:743)
    at org.junit.Assert.assertEquals(Assert.java:494)
    at org.junit.Assert.assertEquals(Assert.java:592)
    at org.apache.commons.math3.stat.correlation.SpearmansRankCorrelationTest.testMath891Array(SpearmansRankCorrelationTest.java:132)
    at sun.reflect.NativeMethodAccessorImpl.invoke0(Native Method)
org.apache.commons.math3.linear.MatrixDimensionMismatchException: got 4x1 but expected 5x1
    at org.apache.commons.math3.linear.AbstractRealMatrix.setColumn(AbstractRealMatrix.java:587)
    at org.apache.commons.math3.stat.correlation.SpearmansCorrelation.rankTransform(SpearmansCorrelation.java:175)
    at org.apache.commons.math3.stat.correlation.SpearmansCorrelation.<init>(SpearmansCorrelation.java:92)
    at org.apache.commons.math3.stat.correlation.SpearmansRankCorrelationTest.testMath891Matrix(SpearmansRankCorrelationTest.java:148)
    at sun.reflect.NativeMethodAccessorImpl.invoke0(Native Method)
    at sun.reflect.NativeMethodAccessorImpl.invoke(NativeMethodAccessorImpl.java:62)
15:24:00.075 [pool-34-thread-1] INFO  xxl.java.junit.TestCasesListener - Tests run finished (63 ms)
<> Total tests run: 22
<> Ignored tests: 0
<> Failed tests: 4
~ testMath891Array(org.apache.commons.math3.stat.correlation.SpearmansRankCorrelationTest)
[expected:<0.5> but was:<0.1054092553389458>]
java.lang.AssertionError: expected:<0.5> but was:<0.1054092553389458>    at org.junit.Assert.fail(Assert.java:88)
    at org.junit.Assert.failNotEquals(Assert.java:743)
    at org.junit.Assert.assertEquals(Assert.java:494)
    at org.junit.Assert.assertEquals(Assert.java:592)
    at org.apache.commons.math3.stat.correlation.SpearmansRankCorrelationTest.testMath891Array(SpearmansRankCorrelationTest.java:132)
    at sun.reflect.NativeMethodAccessorImpl.invoke0(Native Method)
~ testMath891Matrix(org.apache.commons.math3.stat.correlation.SpearmansRankCorrelationTest)
[got 4x1 but expected 5x1]
org.apache.commons.math3.linear.MatrixDimensionMismatchException: got 4x1 but expected 5x1    at org.apache.commons.math3.linear.AbstractRealMatrix.setColumn(AbstractRealMatrix.java:587)
    at org.apache.commons.math3.stat.correlation.SpearmansCorrelation.rankTransform(SpearmansCorrelation.java:175)
    at org.apache.commons.math3.stat.correlation.SpearmansCorrelation.<init>(SpearmansCorrelation.java:92)
    at org.apache.commons.math3.stat.correlation.SpearmansRankCorrelationTest.testMath891Matrix(SpearmansRankCorrelationTest.java:148)
    at sun.reflect.NativeMethodAccessorImpl.invoke0(Native Method)
    at sun.reflect.NativeMethodAccessorImpl.invoke(NativeMethodAccessorImpl.java:62)
~ testMath891Array(org.apache.commons.math3.stat.correlation.SpearmansRankCorrelationTest)
[expected:<0.5> but was:<0.1054092553389458>]
java.lang.AssertionError: expected:<0.5> but was:<0.1054092553389458>    at org.junit.Assert.fail(Assert.java:88)
    at org.junit.Assert.failNotEquals(Assert.java:743)
    at org.junit.Assert.assertEquals(Assert.java:494)
    at org.junit.Assert.assertEquals(Assert.java:592)
    at org.apache.commons.math3.stat.correlation.SpearmansRankCorrelationTest.testMath891Array(SpearmansRankCorrelationTest.java:132)
    at sun.reflect.NativeMethodAccessorImpl.invoke0(Native Method)
~ testMath891Matrix(org.apache.commons.math3.stat.correlation.SpearmansRankCorrelationTest)
[got 4x1 but expected 5x1]
org.apache.commons.math3.linear.MatrixDimensionMismatchException: got 4x1 but expected 5x1    at org.apache.commons.math3.linear.AbstractRealMatrix.setColumn(AbstractRealMatrix.java:587)
    at org.apache.commons.math3.stat.correlation.SpearmansCorrelation.rankTransform(SpearmansCorrelation.java:175)
    at org.apache.commons.math3.stat.correlation.SpearmansCorrelation.<init>(SpearmansCorrelation.java:92)
    at org.apache.commons.math3.stat.correlation.SpearmansRankCorrelationTest.testMath891Matrix(SpearmansRankCorrelationTest.java:148)
    at sun.reflect.NativeMethodAccessorImpl.invoke0(Native Method)
    at sun.reflect.NativeMethodAccessorImpl.invoke(NativeMethodAccessorImpl.java:62)

15:24:00.328 [pool-2-thread-1] DEBUG fr.inria.lille.repair.nopol.NoPol - statement #10
15:24:00.328 [pool-2-thread-1] DEBUG fr.inria.lille.repair.nopol.NoPol - Analysing SourceLocation org.apache.commons.math3.stat.ranking.NaturalRanking:281 which is executed by 3 tests
560220142
15:24:00.441 [pool-2-thread-1] DEBUG fr.inria.lille.repair.nopol.NoPol - statement #11
15:24:00.441 [pool-2-thread-1] DEBUG fr.inria.lille.repair.nopol.NoPol - Analysing SourceLocation org.apache.commons.math3.stat.ranking.NaturalRanking:280 which is executed by 3 tests
560220142
15:24:00.558 [pool-2-thread-1] DEBUG fr.inria.lille.repair.nopol.NoPol - looking with class fr.inria.lille.repair.nopol.spoon.smt.ConditionalAdder
java.lang.AssertionError: expected:<0.5> but was:<0.1054092553389458>
    at org.junit.Assert.fail(Assert.java:88)
    at org.junit.Assert.failNotEquals(Assert.java:743)
    at org.junit.Assert.assertEquals(Assert.java:494)
    at org.junit.Assert.assertEquals(Assert.java:592)
    at org.apache.commons.math3.stat.correlation.SpearmansRankCorrelationTest.testMath891Array(SpearmansRankCorrelationTest.java:132)
    at sun.reflect.NativeMethodAccessorImpl.invoke0(Native Method)
org.apache.commons.math3.linear.MatrixDimensionMismatchException: got 4x1 but expected 5x1
    at org.apache.commons.math3.linear.AbstractRealMatrix.setColumn(AbstractRealMatrix.java:587)
    at org.apache.commons.math3.stat.correlation.SpearmansCorrelation.rankTransform(SpearmansCorrelation.java:175)
    at org.apache.commons.math3.stat.correlation.SpearmansCorrelation.<init>(SpearmansCorrelation.java:92)
    at org.apache.commons.math3.stat.correlation.SpearmansRankCorrelationTest.testMath891Matrix(SpearmansRankCorrelationTest.java:148)
    at sun.reflect.NativeMethodAccessorImpl.invoke0(Native Method)
    at sun.reflect.NativeMethodAccessorImpl.invoke(NativeMethodAccessorImpl.java:62)
java.lang.AssertionError: expected:<0.5> but was:<0.1054092553389458>
    at org.junit.Assert.fail(Assert.java:88)
    at org.junit.Assert.failNotEquals(Assert.java:743)
    at org.junit.Assert.assertEquals(Assert.java:494)
    at org.junit.Assert.assertEquals(Assert.java:592)
    at org.apache.commons.math3.stat.correlation.SpearmansRankCorrelationTest.testMath891Array(SpearmansRankCorrelationTest.java:132)
    at sun.reflect.NativeMethodAccessorImpl.invoke0(Native Method)
org.apache.commons.math3.linear.MatrixDimensionMismatchException: got 4x1 but expected 5x1
    at org.apache.commons.math3.linear.AbstractRealMatrix.setColumn(AbstractRealMatrix.java:587)
    at org.apache.commons.math3.stat.correlation.SpearmansCorrelation.rankTransform(SpearmansCorrelation.java:175)
    at org.apache.commons.math3.stat.correlation.SpearmansCorrelation.<init>(SpearmansCorrelation.java:92)
    at org.apache.commons.math3.stat.correlation.SpearmansRankCorrelationTest.testMath891Matrix(SpearmansRankCorrelationTest.java:148)
    at sun.reflect.NativeMethodAccessorImpl.invoke0(Native Method)
    at sun.reflect.NativeMethodAccessorImpl.invoke(NativeMethodAccessorImpl.java:62)
15:24:00.618 [pool-40-thread-1] INFO  xxl.java.junit.TestCasesListener - Tests run finished (55 ms)
<> Total tests run: 22
<> Ignored tests: 0
<> Failed tests: 4
~ testMath891Array(org.apache.commons.math3.stat.correlation.SpearmansRankCorrelationTest)
[expected:<0.5> but was:<0.1054092553389458>]
java.lang.AssertionError: expected:<0.5> but was:<0.1054092553389458>    at org.junit.Assert.fail(Assert.java:88)
    at org.junit.Assert.failNotEquals(Assert.java:743)
    at org.junit.Assert.assertEquals(Assert.java:494)
    at org.junit.Assert.assertEquals(Assert.java:592)
    at org.apache.commons.math3.stat.correlation.SpearmansRankCorrelationTest.testMath891Array(SpearmansRankCorrelationTest.java:132)
    at sun.reflect.NativeMethodAccessorImpl.invoke0(Native Method)
~ testMath891Matrix(org.apache.commons.math3.stat.correlation.SpearmansRankCorrelationTest)
[got 4x1 but expected 5x1]
org.apache.commons.math3.linear.MatrixDimensionMismatchException: got 4x1 but expected 5x1    at org.apache.commons.math3.linear.AbstractRealMatrix.setColumn(AbstractRealMatrix.java:587)
    at org.apache.commons.math3.stat.correlation.SpearmansCorrelation.rankTransform(SpearmansCorrelation.java:175)
    at org.apache.commons.math3.stat.correlation.SpearmansCorrelation.<init>(SpearmansCorrelation.java:92)
    at org.apache.commons.math3.stat.correlation.SpearmansRankCorrelationTest.testMath891Matrix(SpearmansRankCorrelationTest.java:148)
    at sun.reflect.NativeMethodAccessorImpl.invoke0(Native Method)
    at sun.reflect.NativeMethodAccessorImpl.invoke(NativeMethodAccessorImpl.java:62)
~ testMath891Array(org.apache.commons.math3.stat.correlation.SpearmansRankCorrelationTest)
[expected:<0.5> but was:<0.1054092553389458>]
java.lang.AssertionError: expected:<0.5> but was:<0.1054092553389458>    at org.junit.Assert.fail(Assert.java:88)
    at org.junit.Assert.failNotEquals(Assert.java:743)
    at org.junit.Assert.assertEquals(Assert.java:494)
    at org.junit.Assert.assertEquals(Assert.java:592)
    at org.apache.commons.math3.stat.correlation.SpearmansRankCorrelationTest.testMath891Array(SpearmansRankCorrelationTest.java:132)
    at sun.reflect.NativeMethodAccessorImpl.invoke0(Native Method)
~ testMath891Matrix(org.apache.commons.math3.stat.correlation.SpearmansRankCorrelationTest)
[got 4x1 but expected 5x1]
org.apache.commons.math3.linear.MatrixDimensionMismatchException: got 4x1 but expected 5x1    at org.apache.commons.math3.linear.AbstractRealMatrix.setColumn(AbstractRealMatrix.java:587)
    at org.apache.commons.math3.stat.correlation.SpearmansCorrelation.rankTransform(SpearmansCorrelation.java:175)
    at org.apache.commons.math3.stat.correlation.SpearmansCorrelation.<init>(SpearmansCorrelation.java:92)
    at org.apache.commons.math3.stat.correlation.SpearmansRankCorrelationTest.testMath891Matrix(SpearmansRankCorrelationTest.java:148)
    at sun.reflect.NativeMethodAccessorImpl.invoke0(Native Method)
    at sun.reflect.NativeMethodAccessorImpl.invoke(NativeMethodAccessorImpl.java:62)

15:24:00.884 [pool-2-thread-1] DEBUG fr.inria.lille.repair.nopol.NoPol - statement #12
15:24:00.884 [pool-2-thread-1] DEBUG fr.inria.lille.repair.nopol.NoPol - Analysing SourceLocation org.apache.commons.math3.stat.ranking.NaturalRanking:277 which is executed by 3 tests
560220142
15:24:00.997 [pool-2-thread-1] DEBUG fr.inria.lille.repair.nopol.NoPol - statement #13
15:24:00.997 [pool-2-thread-1] DEBUG fr.inria.lille.repair.nopol.NoPol - Analysing SourceLocation org.apache.commons.math3.stat.ranking.NaturalRanking:276 which is executed by 3 tests
560220142
15:24:01.112 [pool-2-thread-1] DEBUG fr.inria.lille.repair.nopol.NoPol - looking with class fr.inria.lille.repair.nopol.spoon.smt.ConditionalAdder
java.lang.AssertionError: expected:<0.5> but was:<0.1054092553389458>
    at org.junit.Assert.fail(Assert.java:88)
    at org.junit.Assert.failNotEquals(Assert.java:743)
    at org.junit.Assert.assertEquals(Assert.java:494)
    at org.junit.Assert.assertEquals(Assert.java:592)
    at org.apache.commons.math3.stat.correlation.SpearmansRankCorrelationTest.testMath891Array(SpearmansRankCorrelationTest.java:132)
    at sun.reflect.NativeMethodAccessorImpl.invoke0(Native Method)
org.apache.commons.math3.linear.MatrixDimensionMismatchException: got 4x1 but expected 5x1
    at org.apache.commons.math3.linear.AbstractRealMatrix.setColumn(AbstractRealMatrix.java:587)
    at org.apache.commons.math3.stat.correlation.SpearmansCorrelation.rankTransform(SpearmansCorrelation.java:175)
    at org.apache.commons.math3.stat.correlation.SpearmansCorrelation.<init>(SpearmansCorrelation.java:92)
    at org.apache.commons.math3.stat.correlation.SpearmansRankCorrelationTest.testMath891Matrix(SpearmansRankCorrelationTest.java:148)
    at sun.reflect.NativeMethodAccessorImpl.invoke0(Native Method)
    at sun.reflect.NativeMethodAccessorImpl.invoke(NativeMethodAccessorImpl.java:62)
java.lang.AssertionError: expected:<0.5> but was:<0.1054092553389458>
    at org.junit.Assert.fail(Assert.java:88)
    at org.junit.Assert.failNotEquals(Assert.java:743)
    at org.junit.Assert.assertEquals(Assert.java:494)
    at org.junit.Assert.assertEquals(Assert.java:592)
    at org.apache.commons.math3.stat.correlation.SpearmansRankCorrelationTest.testMath891Array(SpearmansRankCorrelationTest.java:132)
    at sun.reflect.NativeMethodAccessorImpl.invoke0(Native Method)
org.apache.commons.math3.linear.MatrixDimensionMismatchException: got 4x1 but expected 5x1
    at org.apache.commons.math3.linear.AbstractRealMatrix.setColumn(AbstractRealMatrix.java:587)
    at org.apache.commons.math3.stat.correlation.SpearmansCorrelation.rankTransform(SpearmansCorrelation.java:175)
    at org.apache.commons.math3.stat.correlation.SpearmansCorrelation.<init>(SpearmansCorrelation.java:92)
    at org.apache.commons.math3.stat.correlation.SpearmansRankCorrelationTest.testMath891Matrix(SpearmansRankCorrelationTest.java:148)
    at sun.reflect.NativeMethodAccessorImpl.invoke0(Native Method)
    at sun.reflect.NativeMethodAccessorImpl.invoke(NativeMethodAccessorImpl.java:62)
15:24:01.172 [pool-46-thread-1] INFO  xxl.java.junit.TestCasesListener - Tests run finished (55 ms)
<> Total tests run: 22
<> Ignored tests: 0
<> Failed tests: 4
~ testMath891Array(org.apache.commons.math3.stat.correlation.SpearmansRankCorrelationTest)
[expected:<0.5> but was:<0.1054092553389458>]
java.lang.AssertionError: expected:<0.5> but was:<0.1054092553389458>    at org.junit.Assert.fail(Assert.java:88)
    at org.junit.Assert.failNotEquals(Assert.java:743)
    at org.junit.Assert.assertEquals(Assert.java:494)
    at org.junit.Assert.assertEquals(Assert.java:592)
    at org.apache.commons.math3.stat.correlation.SpearmansRankCorrelationTest.testMath891Array(SpearmansRankCorrelationTest.java:132)
    at sun.reflect.NativeMethodAccessorImpl.invoke0(Native Method)
~ testMath891Matrix(org.apache.commons.math3.stat.correlation.SpearmansRankCorrelationTest)
[got 4x1 but expected 5x1]
org.apache.commons.math3.linear.MatrixDimensionMismatchException: got 4x1 but expected 5x1    at org.apache.commons.math3.linear.AbstractRealMatrix.setColumn(AbstractRealMatrix.java:587)
    at org.apache.commons.math3.stat.correlation.SpearmansCorrelation.rankTransform(SpearmansCorrelation.java:175)
    at org.apache.commons.math3.stat.correlation.SpearmansCorrelation.<init>(SpearmansCorrelation.java:92)
    at org.apache.commons.math3.stat.correlation.SpearmansRankCorrelationTest.testMath891Matrix(SpearmansRankCorrelationTest.java:148)
    at sun.reflect.NativeMethodAccessorImpl.invoke0(Native Method)
    at sun.reflect.NativeMethodAccessorImpl.invoke(NativeMethodAccessorImpl.java:62)
~ testMath891Array(org.apache.commons.math3.stat.correlation.SpearmansRankCorrelationTest)
[expected:<0.5> but was:<0.1054092553389458>]
java.lang.AssertionError: expected:<0.5> but was:<0.1054092553389458>    at org.junit.Assert.fail(Assert.java:88)
    at org.junit.Assert.failNotEquals(Assert.java:743)
    at org.junit.Assert.assertEquals(Assert.java:494)
    at org.junit.Assert.assertEquals(Assert.java:592)
    at org.apache.commons.math3.stat.correlation.SpearmansRankCorrelationTest.testMath891Array(SpearmansRankCorrelationTest.java:132)
    at sun.reflect.NativeMethodAccessorImpl.invoke0(Native Method)
~ testMath891Matrix(org.apache.commons.math3.stat.correlation.SpearmansRankCorrelationTest)
[got 4x1 but expected 5x1]
org.apache.commons.math3.linear.MatrixDimensionMismatchException: got 4x1 but expected 5x1    at org.apache.commons.math3.linear.AbstractRealMatrix.setColumn(AbstractRealMatrix.java:587)
    at org.apache.commons.math3.stat.correlation.SpearmansCorrelation.rankTransform(SpearmansCorrelation.java:175)
    at org.apache.commons.math3.stat.correlation.SpearmansCorrelation.<init>(SpearmansCorrelation.java:92)
    at org.apache.commons.math3.stat.correlation.SpearmansRankCorrelationTest.testMath891Matrix(SpearmansRankCorrelationTest.java:148)
    at sun.reflect.NativeMethodAccessorImpl.invoke0(Native Method)
    at sun.reflect.NativeMethodAccessorImpl.invoke(NativeMethodAccessorImpl.java:62)

15:24:01.422 [pool-2-thread-1] DEBUG fr.inria.lille.repair.nopol.NoPol - statement #14
15:24:01.423 [pool-2-thread-1] DEBUG fr.inria.lille.repair.nopol.NoPol - Analysing SourceLocation org.apache.commons.math3.stat.ranking.NaturalRanking:275 which is executed by 3 tests
560220142
15:24:01.538 [pool-2-thread-1] DEBUG fr.inria.lille.repair.nopol.NoPol - looking with class fr.inria.lille.repair.nopol.spoon.smt.ConditionalAdder
java.lang.AssertionError: expected:<0.5> but was:<0.1054092553389458>
    at org.junit.Assert.fail(Assert.java:88)
    at org.junit.Assert.failNotEquals(Assert.java:743)
    at org.junit.Assert.assertEquals(Assert.java:494)
    at org.junit.Assert.assertEquals(Assert.java:592)
    at org.apache.commons.math3.stat.correlation.SpearmansRankCorrelationTest.testMath891Array(SpearmansRankCorrelationTest.java:132)
    at sun.reflect.NativeMethodAccessorImpl.invoke0(Native Method)
org.apache.commons.math3.linear.MatrixDimensionMismatchException: got 4x1 but expected 5x1
    at org.apache.commons.math3.linear.AbstractRealMatrix.setColumn(AbstractRealMatrix.java:587)
    at org.apache.commons.math3.stat.correlation.SpearmansCorrelation.rankTransform(SpearmansCorrelation.java:175)
    at org.apache.commons.math3.stat.correlation.SpearmansCorrelation.<init>(SpearmansCorrelation.java:92)
    at org.apache.commons.math3.stat.correlation.SpearmansRankCorrelationTest.testMath891Matrix(SpearmansRankCorrelationTest.java:148)
    at sun.reflect.NativeMethodAccessorImpl.invoke0(Native Method)
    at sun.reflect.NativeMethodAccessorImpl.invoke(NativeMethodAccessorImpl.java:62)
java.lang.AssertionError: expected:<0.5> but was:<0.1054092553389458>
    at org.junit.Assert.fail(Assert.java:88)
    at org.junit.Assert.failNotEquals(Assert.java:743)
    at org.junit.Assert.assertEquals(Assert.java:494)
    at org.junit.Assert.assertEquals(Assert.java:592)
    at org.apache.commons.math3.stat.correlation.SpearmansRankCorrelationTest.testMath891Array(SpearmansRankCorrelationTest.java:132)
    at sun.reflect.NativeMethodAccessorImpl.invoke0(Native Method)
org.apache.commons.math3.linear.MatrixDimensionMismatchException: got 4x1 but expected 5x1
    at org.apache.commons.math3.linear.AbstractRealMatrix.setColumn(AbstractRealMatrix.java:587)
    at org.apache.commons.math3.stat.correlation.SpearmansCorrelation.rankTransform(SpearmansCorrelation.java:175)
    at org.apache.commons.math3.stat.correlation.SpearmansCorrelation.<init>(SpearmansCorrelation.java:92)
    at org.apache.commons.math3.stat.correlation.SpearmansRankCorrelationTest.testMath891Matrix(SpearmansRankCorrelationTest.java:148)
    at sun.reflect.NativeMethodAccessorImpl.invoke0(Native Method)
    at sun.reflect.NativeMethodAccessorImpl.invoke(NativeMethodAccessorImpl.java:62)
15:24:01.599 [pool-52-thread-1] INFO  xxl.java.junit.TestCasesListener - Tests run finished (56 ms)
<> Total tests run: 22
<> Ignored tests: 0
<> Failed tests: 4
~ testMath891Array(org.apache.commons.math3.stat.correlation.SpearmansRankCorrelationTest)
[expected:<0.5> but was:<0.1054092553389458>]
java.lang.AssertionError: expected:<0.5> but was:<0.1054092553389458>    at org.junit.Assert.fail(Assert.java:88)
    at org.junit.Assert.failNotEquals(Assert.java:743)
    at org.junit.Assert.assertEquals(Assert.java:494)
    at org.junit.Assert.assertEquals(Assert.java:592)
    at org.apache.commons.math3.stat.correlation.SpearmansRankCorrelationTest.testMath891Array(SpearmansRankCorrelationTest.java:132)
    at sun.reflect.NativeMethodAccessorImpl.invoke0(Native Method)
~ testMath891Matrix(org.apache.commons.math3.stat.correlation.SpearmansRankCorrelationTest)
[got 4x1 but expected 5x1]
org.apache.commons.math3.linear.MatrixDimensionMismatchException: got 4x1 but expected 5x1    at org.apache.commons.math3.linear.AbstractRealMatrix.setColumn(AbstractRealMatrix.java:587)
    at org.apache.commons.math3.stat.correlation.SpearmansCorrelation.rankTransform(SpearmansCorrelation.java:175)
    at org.apache.commons.math3.stat.correlation.SpearmansCorrelation.<init>(SpearmansCorrelation.java:92)
    at org.apache.commons.math3.stat.correlation.SpearmansRankCorrelationTest.testMath891Matrix(SpearmansRankCorrelationTest.java:148)
    at sun.reflect.NativeMethodAccessorImpl.invoke0(Native Method)
    at sun.reflect.NativeMethodAccessorImpl.invoke(NativeMethodAccessorImpl.java:62)
~ testMath891Array(org.apache.commons.math3.stat.correlation.SpearmansRankCorrelationTest)
[expected:<0.5> but was:<0.1054092553389458>]
java.lang.AssertionError: expected:<0.5> but was:<0.1054092553389458>    at org.junit.Assert.fail(Assert.java:88)
    at org.junit.Assert.failNotEquals(Assert.java:743)
    at org.junit.Assert.assertEquals(Assert.java:494)
    at org.junit.Assert.assertEquals(Assert.java:592)
    at org.apache.commons.math3.stat.correlation.SpearmansRankCorrelationTest.testMath891Array(SpearmansRankCorrelationTest.java:132)
    at sun.reflect.NativeMethodAccessorImpl.invoke0(Native Method)
~ testMath891Matrix(org.apache.commons.math3.stat.correlation.SpearmansRankCorrelationTest)
[got 4x1 but expected 5x1]
org.apache.commons.math3.linear.MatrixDimensionMismatchException: got 4x1 but expected 5x1    at org.apache.commons.math3.linear.AbstractRealMatrix.setColumn(AbstractRealMatrix.java:587)
    at org.apache.commons.math3.stat.correlation.SpearmansCorrelation.rankTransform(SpearmansCorrelation.java:175)
    at org.apache.commons.math3.stat.correlation.SpearmansCorrelation.<init>(SpearmansCorrelation.java:92)
    at org.apache.commons.math3.stat.correlation.SpearmansRankCorrelationTest.testMath891Matrix(SpearmansRankCorrelationTest.java:148)
    at sun.reflect.NativeMethodAccessorImpl.invoke0(Native Method)
    at sun.reflect.NativeMethodAccessorImpl.invoke(NativeMethodAccessorImpl.java:62)

15:24:01.832 [pool-2-thread-1] DEBUG fr.inria.lille.repair.nopol.NoPol - statement #15
15:24:01.833 [pool-2-thread-1] DEBUG fr.inria.lille.repair.nopol.NoPol - Analysing SourceLocation org.apache.commons.math3.stat.ranking.NaturalRanking:273 which is executed by 3 tests
560220142
15:24:01.953 [pool-2-thread-1] DEBUG fr.inria.lille.repair.nopol.NoPol - looking with class fr.inria.lille.repair.nopol.spoon.smt.ConditionalAdder
java.lang.AssertionError: expected:<0.5> but was:<0.1054092553389458>
    at org.junit.Assert.fail(Assert.java:88)
    at org.junit.Assert.failNotEquals(Assert.java:743)
    at org.junit.Assert.assertEquals(Assert.java:494)
    at org.junit.Assert.assertEquals(Assert.java:592)
    at org.apache.commons.math3.stat.correlation.SpearmansRankCorrelationTest.testMath891Array(SpearmansRankCorrelationTest.java:132)
    at sun.reflect.NativeMethodAccessorImpl.invoke0(Native Method)
org.apache.commons.math3.linear.MatrixDimensionMismatchException: got 4x1 but expected 5x1
    at org.apache.commons.math3.linear.AbstractRealMatrix.setColumn(AbstractRealMatrix.java:587)
    at org.apache.commons.math3.stat.correlation.SpearmansCorrelation.rankTransform(SpearmansCorrelation.java:175)
    at org.apache.commons.math3.stat.correlation.SpearmansCorrelation.<init>(SpearmansCorrelation.java:92)
    at org.apache.commons.math3.stat.correlation.SpearmansRankCorrelationTest.testMath891Matrix(SpearmansRankCorrelationTest.java:148)
    at sun.reflect.NativeMethodAccessorImpl.invoke0(Native Method)
    at sun.reflect.NativeMethodAccessorImpl.invoke(NativeMethodAccessorImpl.java:62)
java.lang.AssertionError: expected:<0.5> but was:<0.1054092553389458>
    at org.junit.Assert.fail(Assert.java:88)
    at org.junit.Assert.failNotEquals(Assert.java:743)
    at org.junit.Assert.assertEquals(Assert.java:494)
    at org.junit.Assert.assertEquals(Assert.java:592)
    at org.apache.commons.math3.stat.correlation.SpearmansRankCorrelationTest.testMath891Array(SpearmansRankCorrelationTest.java:132)
    at sun.reflect.NativeMethodAccessorImpl.invoke0(Native Method)
org.apache.commons.math3.linear.MatrixDimensionMismatchException: got 4x1 but expected 5x1
    at org.apache.commons.math3.linear.AbstractRealMatrix.setColumn(AbstractRealMatrix.java:587)
    at org.apache.commons.math3.stat.correlation.SpearmansCorrelation.rankTransform(SpearmansCorrelation.java:175)
    at org.apache.commons.math3.stat.correlation.SpearmansCorrelation.<init>(SpearmansCorrelation.java:92)
    at org.apache.commons.math3.stat.correlation.SpearmansRankCorrelationTest.testMath891Matrix(SpearmansRankCorrelationTest.java:148)
    at sun.reflect.NativeMethodAccessorImpl.invoke0(Native Method)
    at sun.reflect.NativeMethodAccessorImpl.invoke(NativeMethodAccessorImpl.java:62)
15:24:03.025 [pool-58-thread-1] INFO  xxl.java.junit.TestCasesListener - Tests run finished (1067 ms)
<> Total tests run: 22
<> Ignored tests: 0
<> Failed tests: 4
~ testMath891Array(org.apache.commons.math3.stat.correlation.SpearmansRankCorrelationTest)
[expected:<0.5> but was:<0.1054092553389458>]
java.lang.AssertionError: expected:<0.5> but was:<0.1054092553389458>    at org.junit.Assert.fail(Assert.java:88)
    at org.junit.Assert.failNotEquals(Assert.java:743)
    at org.junit.Assert.assertEquals(Assert.java:494)
    at org.junit.Assert.assertEquals(Assert.java:592)
    at org.apache.commons.math3.stat.correlation.SpearmansRankCorrelationTest.testMath891Array(SpearmansRankCorrelationTest.java:132)
    at sun.reflect.NativeMethodAccessorImpl.invoke0(Native Method)
~ testMath891Matrix(org.apache.commons.math3.stat.correlation.SpearmansRankCorrelationTest)
[got 4x1 but expected 5x1]
org.apache.commons.math3.linear.MatrixDimensionMismatchException: got 4x1 but expected 5x1    at org.apache.commons.math3.linear.AbstractRealMatrix.setColumn(AbstractRealMatrix.java:587)
    at org.apache.commons.math3.stat.correlation.SpearmansCorrelation.rankTransform(SpearmansCorrelation.java:175)
    at org.apache.commons.math3.stat.correlation.SpearmansCorrelation.<init>(SpearmansCorrelation.java:92)
    at org.apache.commons.math3.stat.correlation.SpearmansRankCorrelationTest.testMath891Matrix(SpearmansRankCorrelationTest.java:148)
    at sun.reflect.NativeMethodAccessorImpl.invoke0(Native Method)
    at sun.reflect.NativeMethodAccessorImpl.invoke(NativeMethodAccessorImpl.java:62)
~ testMath891Array(org.apache.commons.math3.stat.correlation.SpearmansRankCorrelationTest)
[expected:<0.5> but was:<0.1054092553389458>]
java.lang.AssertionError: expected:<0.5> but was:<0.1054092553389458>    at org.junit.Assert.fail(Assert.java:88)
    at org.junit.Assert.failNotEquals(Assert.java:743)
    at org.junit.Assert.assertEquals(Assert.java:494)
    at org.junit.Assert.assertEquals(Assert.java:592)
    at org.apache.commons.math3.stat.correlation.SpearmansRankCorrelationTest.testMath891Array(SpearmansRankCorrelationTest.java:132)
    at sun.reflect.NativeMethodAccessorImpl.invoke0(Native Method)
~ testMath891Matrix(org.apache.commons.math3.stat.correlation.SpearmansRankCorrelationTest)
[got 4x1 but expected 5x1]
org.apache.commons.math3.linear.MatrixDimensionMismatchException: got 4x1 but expected 5x1    at org.apache.commons.math3.linear.AbstractRealMatrix.setColumn(AbstractRealMatrix.java:587)
    at org.apache.commons.math3.stat.correlation.SpearmansCorrelation.rankTransform(SpearmansCorrelation.java:175)
    at org.apache.commons.math3.stat.correlation.SpearmansCorrelation.<init>(SpearmansCorrelation.java:92)
    at org.apache.commons.math3.stat.correlation.SpearmansRankCorrelationTest.testMath891Matrix(SpearmansRankCorrelationTest.java:148)
    at sun.reflect.NativeMethodAccessorImpl.invoke0(Native Method)
    at sun.reflect.NativeMethodAccessorImpl.invoke(NativeMethodAccessorImpl.java:62)

15:24:03.279 [pool-2-thread-1] DEBUG fr.inria.lille.repair.nopol.NoPol - looking with class fr.inria.lille.repair.nopol.spoon.smt.ConditionalReplacer
java.lang.AssertionError: expected:<0.5> but was:<0.1054092553389458>
    at org.junit.Assert.fail(Assert.java:88)
    at org.junit.Assert.failNotEquals(Assert.java:743)
    at org.junit.Assert.assertEquals(Assert.java:494)
    at org.junit.Assert.assertEquals(Assert.java:592)
    at org.apache.commons.math3.stat.correlation.SpearmansRankCorrelationTest.testMath891Array(SpearmansRankCorrelationTest.java:132)
    at sun.reflect.NativeMethodAccessorImpl.invoke0(Native Method)
org.apache.commons.math3.linear.MatrixDimensionMismatchException: got 4x1 but expected 5x1
    at org.apache.commons.math3.linear.AbstractRealMatrix.setColumn(AbstractRealMatrix.java:587)
    at org.apache.commons.math3.stat.correlation.SpearmansCorrelation.rankTransform(SpearmansCorrelation.java:175)
    at org.apache.commons.math3.stat.correlation.SpearmansCorrelation.<init>(SpearmansCorrelation.java:92)
    at org.apache.commons.math3.stat.correlation.SpearmansRankCorrelationTest.testMath891Matrix(SpearmansRankCorrelationTest.java:148)
    at sun.reflect.NativeMethodAccessorImpl.invoke0(Native Method)
    at sun.reflect.NativeMethodAccessorImpl.invoke(NativeMethodAccessorImpl.java:62)
java.lang.AssertionError: expected:<0.5> but was:<0.1054092553389458>
    at org.junit.Assert.fail(Assert.java:88)
    at org.junit.Assert.failNotEquals(Assert.java:743)
    at org.junit.Assert.assertEquals(Assert.java:494)
    at org.junit.Assert.assertEquals(Assert.java:592)
    at org.apache.commons.math3.stat.correlation.SpearmansRankCorrelationTest.testMath891Array(SpearmansRankCorrelationTest.java:132)
    at sun.reflect.NativeMethodAccessorImpl.invoke0(Native Method)
org.apache.commons.math3.linear.MatrixDimensionMismatchException: got 4x1 but expected 5x1
    at org.apache.commons.math3.linear.AbstractRealMatrix.setColumn(AbstractRealMatrix.java:587)
    at org.apache.commons.math3.stat.correlation.SpearmansCorrelation.rankTransform(SpearmansCorrelation.java:175)
    at org.apache.commons.math3.stat.correlation.SpearmansCorrelation.<init>(SpearmansCorrelation.java:92)
    at org.apache.commons.math3.stat.correlation.SpearmansRankCorrelationTest.testMath891Matrix(SpearmansRankCorrelationTest.java:148)
    at sun.reflect.NativeMethodAccessorImpl.invoke0(Native Method)
    at sun.reflect.NativeMethodAccessorImpl.invoke(NativeMethodAccessorImpl.java:62)
15:24:03.336 [pool-64-thread-1] INFO  xxl.java.junit.TestCasesListener - Tests run finished (53 ms)
<> Total tests run: 22
<> Ignored tests: 0
<> Failed tests: 4
~ testMath891Array(org.apache.commons.math3.stat.correlation.SpearmansRankCorrelationTest)
[expected:<0.5> but was:<0.1054092553389458>]
java.lang.AssertionError: expected:<0.5> but was:<0.1054092553389458>    at org.junit.Assert.fail(Assert.java:88)
    at org.junit.Assert.failNotEquals(Assert.java:743)
    at org.junit.Assert.assertEquals(Assert.java:494)
    at org.junit.Assert.assertEquals(Assert.java:592)
    at org.apache.commons.math3.stat.correlation.SpearmansRankCorrelationTest.testMath891Array(SpearmansRankCorrelationTest.java:132)
    at sun.reflect.NativeMethodAccessorImpl.invoke0(Native Method)
~ testMath891Matrix(org.apache.commons.math3.stat.correlation.SpearmansRankCorrelationTest)
[got 4x1 but expected 5x1]
org.apache.commons.math3.linear.MatrixDimensionMismatchException: got 4x1 but expected 5x1    at org.apache.commons.math3.linear.AbstractRealMatrix.setColumn(AbstractRealMatrix.java:587)
    at org.apache.commons.math3.stat.correlation.SpearmansCorrelation.rankTransform(SpearmansCorrelation.java:175)
    at org.apache.commons.math3.stat.correlation.SpearmansCorrelation.<init>(SpearmansCorrelation.java:92)
    at org.apache.commons.math3.stat.correlation.SpearmansRankCorrelationTest.testMath891Matrix(SpearmansRankCorrelationTest.java:148)
    at sun.reflect.NativeMethodAccessorImpl.invoke0(Native Method)
    at sun.reflect.NativeMethodAccessorImpl.invoke(NativeMethodAccessorImpl.java:62)
~ testMath891Array(org.apache.commons.math3.stat.correlation.SpearmansRankCorrelationTest)
[expected:<0.5> but was:<0.1054092553389458>]
java.lang.AssertionError: expected:<0.5> but was:<0.1054092553389458>    at org.junit.Assert.fail(Assert.java:88)
    at org.junit.Assert.failNotEquals(Assert.java:743)
    at org.junit.Assert.assertEquals(Assert.java:494)
    at org.junit.Assert.assertEquals(Assert.java:592)
    at org.apache.commons.math3.stat.correlation.SpearmansRankCorrelationTest.testMath891Array(SpearmansRankCorrelationTest.java:132)
    at sun.reflect.NativeMethodAccessorImpl.invoke0(Native Method)
~ testMath891Matrix(org.apache.commons.math3.stat.correlation.SpearmansRankCorrelationTest)
[got 4x1 but expected 5x1]
org.apache.commons.math3.linear.MatrixDimensionMismatchException: got 4x1 but expected 5x1    at org.apache.commons.math3.linear.AbstractRealMatrix.setColumn(AbstractRealMatrix.java:587)
    at org.apache.commons.math3.stat.correlation.SpearmansCorrelation.rankTransform(SpearmansCorrelation.java:175)
    at org.apache.commons.math3.stat.correlation.SpearmansCorrelation.<init>(SpearmansCorrelation.java:92)
    at org.apache.commons.math3.stat.correlation.SpearmansRankCorrelationTest.testMath891Matrix(SpearmansRankCorrelationTest.java:148)
    at sun.reflect.NativeMethodAccessorImpl.invoke0(Native Method)
    at sun.reflect.NativeMethodAccessorImpl.invoke(NativeMethodAccessorImpl.java:62)

15:24:03.570 [pool-2-thread-1] DEBUG fr.inria.lille.repair.nopol.NoPol - statement #16
15:24:03.570 [pool-2-thread-1] DEBUG fr.inria.lille.repair.nopol.NoPol - Analysing SourceLocation org.apache.commons.math3.stat.ranking.NaturalRanking:272 which is executed by 3 tests
560220142
15:24:03.686 [pool-2-thread-1] DEBUG fr.inria.lille.repair.nopol.NoPol - looking with class fr.inria.lille.repair.nopol.spoon.smt.ConditionalAdder
java.lang.AssertionError: expected:<0.5> but was:<0.1054092553389458>
    at org.junit.Assert.fail(Assert.java:88)
    at org.junit.Assert.failNotEquals(Assert.java:743)
    at org.junit.Assert.assertEquals(Assert.java:494)
    at org.junit.Assert.assertEquals(Assert.java:592)
    at org.apache.commons.math3.stat.correlation.SpearmansRankCorrelationTest.testMath891Array(SpearmansRankCorrelationTest.java:132)
    at sun.reflect.NativeMethodAccessorImpl.invoke0(Native Method)
org.apache.commons.math3.linear.MatrixDimensionMismatchException: got 4x1 but expected 5x1
    at org.apache.commons.math3.linear.AbstractRealMatrix.setColumn(AbstractRealMatrix.java:587)
    at org.apache.commons.math3.stat.correlation.SpearmansCorrelation.rankTransform(SpearmansCorrelation.java:175)
    at org.apache.commons.math3.stat.correlation.SpearmansCorrelation.<init>(SpearmansCorrelation.java:92)
    at org.apache.commons.math3.stat.correlation.SpearmansRankCorrelationTest.testMath891Matrix(SpearmansRankCorrelationTest.java:148)
    at sun.reflect.NativeMethodAccessorImpl.invoke0(Native Method)
    at sun.reflect.NativeMethodAccessorImpl.invoke(NativeMethodAccessorImpl.java:62)
java.lang.AssertionError: expected:<0.5> but was:<0.1054092553389458>
    at org.junit.Assert.fail(Assert.java:88)
    at org.junit.Assert.failNotEquals(Assert.java:743)
    at org.junit.Assert.assertEquals(Assert.java:494)
    at org.junit.Assert.assertEquals(Assert.java:592)
    at org.apache.commons.math3.stat.correlation.SpearmansRankCorrelationTest.testMath891Array(SpearmansRankCorrelationTest.java:132)
    at sun.reflect.NativeMethodAccessorImpl.invoke0(Native Method)
org.apache.commons.math3.linear.MatrixDimensionMismatchException: got 4x1 but expected 5x1
    at org.apache.commons.math3.linear.AbstractRealMatrix.setColumn(AbstractRealMatrix.java:587)
    at org.apache.commons.math3.stat.correlation.SpearmansCorrelation.rankTransform(SpearmansCorrelation.java:175)
    at org.apache.commons.math3.stat.correlation.SpearmansCorrelation.<init>(SpearmansCorrelation.java:92)
    at org.apache.commons.math3.stat.correlation.SpearmansRankCorrelationTest.testMath891Matrix(SpearmansRankCorrelationTest.java:148)
    at sun.reflect.NativeMethodAccessorImpl.invoke0(Native Method)
    at sun.reflect.NativeMethodAccessorImpl.invoke(NativeMethodAccessorImpl.java:62)
15:24:03.746 [pool-70-thread-1] INFO  xxl.java.junit.TestCasesListener - Tests run finished (55 ms)
<> Total tests run: 22
<> Ignored tests: 0
<> Failed tests: 4
~ testMath891Array(org.apache.commons.math3.stat.correlation.SpearmansRankCorrelationTest)
[expected:<0.5> but was:<0.1054092553389458>]
java.lang.AssertionError: expected:<0.5> but was:<0.1054092553389458>    at org.junit.Assert.fail(Assert.java:88)
    at org.junit.Assert.failNotEquals(Assert.java:743)
    at org.junit.Assert.assertEquals(Assert.java:494)
    at org.junit.Assert.assertEquals(Assert.java:592)
    at org.apache.commons.math3.stat.correlation.SpearmansRankCorrelationTest.testMath891Array(SpearmansRankCorrelationTest.java:132)
    at sun.reflect.NativeMethodAccessorImpl.invoke0(Native Method)
~ testMath891Matrix(org.apache.commons.math3.stat.correlation.SpearmansRankCorrelationTest)
[got 4x1 but expected 5x1]
org.apache.commons.math3.linear.MatrixDimensionMismatchException: got 4x1 but expected 5x1    at org.apache.commons.math3.linear.AbstractRealMatrix.setColumn(AbstractRealMatrix.java:587)
    at org.apache.commons.math3.stat.correlation.SpearmansCorrelation.rankTransform(SpearmansCorrelation.java:175)
    at org.apache.commons.math3.stat.correlation.SpearmansCorrelation.<init>(SpearmansCorrelation.java:92)
    at org.apache.commons.math3.stat.correlation.SpearmansRankCorrelationTest.testMath891Matrix(SpearmansRankCorrelationTest.java:148)
    at sun.reflect.NativeMethodAccessorImpl.invoke0(Native Method)
    at sun.reflect.NativeMethodAccessorImpl.invoke(NativeMethodAccessorImpl.java:62)
~ testMath891Array(org.apache.commons.math3.stat.correlation.SpearmansRankCorrelationTest)
[expected:<0.5> but was:<0.1054092553389458>]
java.lang.AssertionError: expected:<0.5> but was:<0.1054092553389458>    at org.junit.Assert.fail(Assert.java:88)
    at org.junit.Assert.failNotEquals(Assert.java:743)
    at org.junit.Assert.assertEquals(Assert.java:494)
    at org.junit.Assert.assertEquals(Assert.java:592)
    at org.apache.commons.math3.stat.correlation.SpearmansRankCorrelationTest.testMath891Array(SpearmansRankCorrelationTest.java:132)
    at sun.reflect.NativeMethodAccessorImpl.invoke0(Native Method)
~ testMath891Matrix(org.apache.commons.math3.stat.correlation.SpearmansRankCorrelationTest)
[got 4x1 but expected 5x1]
org.apache.commons.math3.linear.MatrixDimensionMismatchException: got 4x1 but expected 5x1    at org.apache.commons.math3.linear.AbstractRealMatrix.setColumn(AbstractRealMatrix.java:587)
    at org.apache.commons.math3.stat.correlation.SpearmansCorrelation.rankTransform(SpearmansCorrelation.java:175)
    at org.apache.commons.math3.stat.correlation.SpearmansCorrelation.<init>(SpearmansCorrelation.java:92)
    at org.apache.commons.math3.stat.correlation.SpearmansRankCorrelationTest.testMath891Matrix(SpearmansRankCorrelationTest.java:148)
    at sun.reflect.NativeMethodAccessorImpl.invoke0(Native Method)
    at sun.reflect.NativeMethodAccessorImpl.invoke(NativeMethodAccessorImpl.java:62)

15:24:03.998 [pool-2-thread-1] DEBUG fr.inria.lille.repair.nopol.NoPol - statement #17
15:24:03.998 [pool-2-thread-1] DEBUG fr.inria.lille.repair.nopol.NoPol - Analysing SourceLocation org.apache.commons.math3.stat.ranking.NaturalRanking:271 which is executed by 3 tests
560220142
15:24:04.109 [pool-2-thread-1] DEBUG fr.inria.lille.repair.nopol.NoPol - statement #18
15:24:04.109 [pool-2-thread-1] DEBUG fr.inria.lille.repair.nopol.NoPol - Analysing SourceLocation org.apache.commons.math3.stat.ranking.NaturalRanking:270 which is executed by 3 tests
560220142
15:24:04.222 [pool-2-thread-1] DEBUG fr.inria.lille.repair.nopol.NoPol - statement #19
15:24:04.223 [pool-2-thread-1] DEBUG fr.inria.lille.repair.nopol.NoPol - Analysing SourceLocation org.apache.commons.math3.stat.ranking.NaturalRanking:267 which is executed by 3 tests
560220142
15:24:04.333 [pool-2-thread-1] DEBUG fr.inria.lille.repair.nopol.NoPol - looking with class fr.inria.lille.repair.nopol.spoon.smt.ConditionalAdder
java.lang.AssertionError: expected:<0.5> but was:<0.1054092553389458>
    at org.junit.Assert.fail(Assert.java:88)
    at org.junit.Assert.failNotEquals(Assert.java:743)
    at org.junit.Assert.assertEquals(Assert.java:494)
    at org.junit.Assert.assertEquals(Assert.java:592)
    at org.apache.commons.math3.stat.correlation.SpearmansRankCorrelationTest.testMath891Array(SpearmansRankCorrelationTest.java:132)
    at sun.reflect.NativeMethodAccessorImpl.invoke0(Native Method)
org.apache.commons.math3.linear.MatrixDimensionMismatchException: got 4x1 but expected 5x1
    at org.apache.commons.math3.linear.AbstractRealMatrix.setColumn(AbstractRealMatrix.java:587)
    at org.apache.commons.math3.stat.correlation.SpearmansCorrelation.rankTransform(SpearmansCorrelation.java:175)
    at org.apache.commons.math3.stat.correlation.SpearmansCorrelation.<init>(SpearmansCorrelation.java:92)
    at org.apache.commons.math3.stat.correlation.SpearmansRankCorrelationTest.testMath891Matrix(SpearmansRankCorrelationTest.java:148)
    at sun.reflect.NativeMethodAccessorImpl.invoke0(Native Method)
    at sun.reflect.NativeMethodAccessorImpl.invoke(NativeMethodAccessorImpl.java:62)
java.lang.AssertionError: expected:<0.5> but was:<0.1054092553389458>
    at org.junit.Assert.fail(Assert.java:88)
    at org.junit.Assert.failNotEquals(Assert.java:743)
    at org.junit.Assert.assertEquals(Assert.java:494)
    at org.junit.Assert.assertEquals(Assert.java:592)
    at org.apache.commons.math3.stat.correlation.SpearmansRankCorrelationTest.testMath891Array(SpearmansRankCorrelationTest.java:132)
    at sun.reflect.NativeMethodAccessorImpl.invoke0(Native Method)
org.apache.commons.math3.linear.MatrixDimensionMismatchException: got 4x1 but expected 5x1
    at org.apache.commons.math3.linear.AbstractRealMatrix.setColumn(AbstractRealMatrix.java:587)
    at org.apache.commons.math3.stat.correlation.SpearmansCorrelation.rankTransform(SpearmansCorrelation.java:175)
    at org.apache.commons.math3.stat.correlation.SpearmansCorrelation.<init>(SpearmansCorrelation.java:92)
    at org.apache.commons.math3.stat.correlation.SpearmansRankCorrelationTest.testMath891Matrix(SpearmansRankCorrelationTest.java:148)
    at sun.reflect.NativeMethodAccessorImpl.invoke0(Native Method)
    at sun.reflect.NativeMethodAccessorImpl.invoke(NativeMethodAccessorImpl.java:62)
15:24:04.390 [pool-76-thread-1] INFO  xxl.java.junit.TestCasesListener - Tests run finished (52 ms)
<> Total tests run: 22
<> Ignored tests: 0
<> Failed tests: 4
~ testMath891Array(org.apache.commons.math3.stat.correlation.SpearmansRankCorrelationTest)
[expected:<0.5> but was:<0.1054092553389458>]
java.lang.AssertionError: expected:<0.5> but was:<0.1054092553389458>    at org.junit.Assert.fail(Assert.java:88)
    at org.junit.Assert.failNotEquals(Assert.java:743)
    at org.junit.Assert.assertEquals(Assert.java:494)
    at org.junit.Assert.assertEquals(Assert.java:592)
    at org.apache.commons.math3.stat.correlation.SpearmansRankCorrelationTest.testMath891Array(SpearmansRankCorrelationTest.java:132)
    at sun.reflect.NativeMethodAccessorImpl.invoke0(Native Method)
~ testMath891Matrix(org.apache.commons.math3.stat.correlation.SpearmansRankCorrelationTest)
[got 4x1 but expected 5x1]
org.apache.commons.math3.linear.MatrixDimensionMismatchException: got 4x1 but expected 5x1    at org.apache.commons.math3.linear.AbstractRealMatrix.setColumn(AbstractRealMatrix.java:587)
    at org.apache.commons.math3.stat.correlation.SpearmansCorrelation.rankTransform(SpearmansCorrelation.java:175)
    at org.apache.commons.math3.stat.correlation.SpearmansCorrelation.<init>(SpearmansCorrelation.java:92)
    at org.apache.commons.math3.stat.correlation.SpearmansRankCorrelationTest.testMath891Matrix(SpearmansRankCorrelationTest.java:148)
    at sun.reflect.NativeMethodAccessorImpl.invoke0(Native Method)
    at sun.reflect.NativeMethodAccessorImpl.invoke(NativeMethodAccessorImpl.java:62)
~ testMath891Array(org.apache.commons.math3.stat.correlation.SpearmansRankCorrelationTest)
[expected:<0.5> but was:<0.1054092553389458>]
java.lang.AssertionError: expected:<0.5> but was:<0.1054092553389458>    at org.junit.Assert.fail(Assert.java:88)
    at org.junit.Assert.failNotEquals(Assert.java:743)
    at org.junit.Assert.assertEquals(Assert.java:494)
    at org.junit.Assert.assertEquals(Assert.java:592)
    at org.apache.commons.math3.stat.correlation.SpearmansRankCorrelationTest.testMath891Array(SpearmansRankCorrelationTest.java:132)
    at sun.reflect.NativeMethodAccessorImpl.invoke0(Native Method)
~ testMath891Matrix(org.apache.commons.math3.stat.correlation.SpearmansRankCorrelationTest)
[got 4x1 but expected 5x1]
org.apache.commons.math3.linear.MatrixDimensionMismatchException: got 4x1 but expected 5x1    at org.apache.commons.math3.linear.AbstractRealMatrix.setColumn(AbstractRealMatrix.java:587)
    at org.apache.commons.math3.stat.correlation.SpearmansCorrelation.rankTransform(SpearmansCorrelation.java:175)
    at org.apache.commons.math3.stat.correlation.SpearmansCorrelation.<init>(SpearmansCorrelation.java:92)
    at org.apache.commons.math3.stat.correlation.SpearmansRankCorrelationTest.testMath891Matrix(SpearmansRankCorrelationTest.java:148)
    at sun.reflect.NativeMethodAccessorImpl.invoke0(Native Method)
    at sun.reflect.NativeMethodAccessorImpl.invoke(NativeMethodAccessorImpl.java:62)

15:24:04.621 [pool-2-thread-1] DEBUG fr.inria.lille.repair.nopol.NoPol - looking with class fr.inria.lille.repair.nopol.spoon.smt.ConditionalReplacer
java.lang.AssertionError: expected:<0.5> but was:<0.1054092553389458>
    at org.junit.Assert.fail(Assert.java:88)
    at org.junit.Assert.failNotEquals(Assert.java:743)
    at org.junit.Assert.assertEquals(Assert.java:494)
    at org.junit.Assert.assertEquals(Assert.java:592)
    at org.apache.commons.math3.stat.correlation.SpearmansRankCorrelationTest.testMath891Array(SpearmansRankCorrelationTest.java:132)
    at sun.reflect.NativeMethodAccessorImpl.invoke0(Native Method)
org.apache.commons.math3.linear.MatrixDimensionMismatchException: got 4x1 but expected 5x1
    at org.apache.commons.math3.linear.AbstractRealMatrix.setColumn(AbstractRealMatrix.java:587)
    at org.apache.commons.math3.stat.correlation.SpearmansCorrelation.rankTransform(SpearmansCorrelation.java:175)
    at org.apache.commons.math3.stat.correlation.SpearmansCorrelation.<init>(SpearmansCorrelation.java:92)
    at org.apache.commons.math3.stat.correlation.SpearmansRankCorrelationTest.testMath891Matrix(SpearmansRankCorrelationTest.java:148)
    at sun.reflect.NativeMethodAccessorImpl.invoke0(Native Method)
    at sun.reflect.NativeMethodAccessorImpl.invoke(NativeMethodAccessorImpl.java:62)
java.lang.AssertionError: expected:<0.5> but was:<0.1054092553389458>
    at org.junit.Assert.fail(Assert.java:88)
    at org.junit.Assert.failNotEquals(Assert.java:743)
    at org.junit.Assert.assertEquals(Assert.java:494)
    at org.junit.Assert.assertEquals(Assert.java:592)
    at org.apache.commons.math3.stat.correlation.SpearmansRankCorrelationTest.testMath891Array(SpearmansRankCorrelationTest.java:132)
    at sun.reflect.NativeMethodAccessorImpl.invoke0(Native Method)
org.apache.commons.math3.linear.MatrixDimensionMismatchException: got 4x1 but expected 5x1
    at org.apache.commons.math3.linear.AbstractRealMatrix.setColumn(AbstractRealMatrix.java:587)
    at org.apache.commons.math3.stat.correlation.SpearmansCorrelation.rankTransform(SpearmansCorrelation.java:175)
    at org.apache.commons.math3.stat.correlation.SpearmansCorrelation.<init>(SpearmansCorrelation.java:92)
    at org.apache.commons.math3.stat.correlation.SpearmansRankCorrelationTest.testMath891Matrix(SpearmansRankCorrelationTest.java:148)
    at sun.reflect.NativeMethodAccessorImpl.invoke0(Native Method)
    at sun.reflect.NativeMethodAccessorImpl.invoke(NativeMethodAccessorImpl.java:62)
15:24:04.682 [pool-82-thread-1] INFO  xxl.java.junit.TestCasesListener - Tests run finished (56 ms)
<> Total tests run: 22
<> Ignored tests: 0
<> Failed tests: 4
~ testMath891Array(org.apache.commons.math3.stat.correlation.SpearmansRankCorrelationTest)
[expected:<0.5> but was:<0.1054092553389458>]
java.lang.AssertionError: expected:<0.5> but was:<0.1054092553389458>    at org.junit.Assert.fail(Assert.java:88)
    at org.junit.Assert.failNotEquals(Assert.java:743)
    at org.junit.Assert.assertEquals(Assert.java:494)
    at org.junit.Assert.assertEquals(Assert.java:592)
    at org.apache.commons.math3.stat.correlation.SpearmansRankCorrelationTest.testMath891Array(SpearmansRankCorrelationTest.java:132)
    at sun.reflect.NativeMethodAccessorImpl.invoke0(Native Method)
~ testMath891Matrix(org.apache.commons.math3.stat.correlation.SpearmansRankCorrelationTest)
[got 4x1 but expected 5x1]
org.apache.commons.math3.linear.MatrixDimensionMismatchException: got 4x1 but expected 5x1    at org.apache.commons.math3.linear.AbstractRealMatrix.setColumn(AbstractRealMatrix.java:587)
    at org.apache.commons.math3.stat.correlation.SpearmansCorrelation.rankTransform(SpearmansCorrelation.java:175)
    at org.apache.commons.math3.stat.correlation.SpearmansCorrelation.<init>(SpearmansCorrelation.java:92)
    at org.apache.commons.math3.stat.correlation.SpearmansRankCorrelationTest.testMath891Matrix(SpearmansRankCorrelationTest.java:148)
    at sun.reflect.NativeMethodAccessorImpl.invoke0(Native Method)
    at sun.reflect.NativeMethodAccessorImpl.invoke(NativeMethodAccessorImpl.java:62)
~ testMath891Array(org.apache.commons.math3.stat.correlation.SpearmansRankCorrelationTest)
[expected:<0.5> but was:<0.1054092553389458>]
java.lang.AssertionError: expected:<0.5> but was:<0.1054092553389458>    at org.junit.Assert.fail(Assert.java:88)
    at org.junit.Assert.failNotEquals(Assert.java:743)
    at org.junit.Assert.assertEquals(Assert.java:494)
    at org.junit.Assert.assertEquals(Assert.java:592)
    at org.apache.commons.math3.stat.correlation.SpearmansRankCorrelationTest.testMath891Array(SpearmansRankCorrelationTest.java:132)
    at sun.reflect.NativeMethodAccessorImpl.invoke0(Native Method)
~ testMath891Matrix(org.apache.commons.math3.stat.correlation.SpearmansRankCorrelationTest)
[got 4x1 but expected 5x1]
org.apache.commons.math3.linear.MatrixDimensionMismatchException: got 4x1 but expected 5x1    at org.apache.commons.math3.linear.AbstractRealMatrix.setColumn(AbstractRealMatrix.java:587)
    at org.apache.commons.math3.stat.correlation.SpearmansCorrelation.rankTransform(SpearmansCorrelation.java:175)
    at org.apache.commons.math3.stat.correlation.SpearmansCorrelation.<init>(SpearmansCorrelation.java:92)
    at org.apache.commons.math3.stat.correlation.SpearmansRankCorrelationTest.testMath891Matrix(SpearmansRankCorrelationTest.java:148)
    at sun.reflect.NativeMethodAccessorImpl.invoke0(Native Method)
    at sun.reflect.NativeMethodAccessorImpl.invoke(NativeMethodAccessorImpl.java:62)

15:24:04.914 [pool-2-thread-1] DEBUG fr.inria.lille.repair.nopol.NoPol - statement #20
15:24:04.914 [pool-2-thread-1] DEBUG fr.inria.lille.repair.nopol.NoPol - Analysing SourceLocation org.apache.commons.math3.stat.ranking.NaturalRanking:211 which is executed by 3 tests
560220142
15:24:05.025 [pool-2-thread-1] DEBUG fr.inria.lille.repair.nopol.NoPol - looking with class fr.inria.lille.repair.nopol.spoon.smt.ConditionalAdder
java.lang.AssertionError: expected:<0.5> but was:<0.1054092553389458>
    at org.junit.Assert.fail(Assert.java:88)
    at org.junit.Assert.failNotEquals(Assert.java:743)
    at org.junit.Assert.assertEquals(Assert.java:494)
    at org.junit.Assert.assertEquals(Assert.java:592)
    at org.apache.commons.math3.stat.correlation.SpearmansRankCorrelationTest.testMath891Array(SpearmansRankCorrelationTest.java:132)
    at sun.reflect.NativeMethodAccessorImpl.invoke0(Native Method)
org.apache.commons.math3.linear.MatrixDimensionMismatchException: got 4x1 but expected 5x1
    at org.apache.commons.math3.linear.AbstractRealMatrix.setColumn(AbstractRealMatrix.java:587)
    at org.apache.commons.math3.stat.correlation.SpearmansCorrelation.rankTransform(SpearmansCorrelation.java:175)
    at org.apache.commons.math3.stat.correlation.SpearmansCorrelation.<init>(SpearmansCorrelation.java:92)
    at org.apache.commons.math3.stat.correlation.SpearmansRankCorrelationTest.testMath891Matrix(SpearmansRankCorrelationTest.java:148)
    at sun.reflect.NativeMethodAccessorImpl.invoke0(Native Method)
    at sun.reflect.NativeMethodAccessorImpl.invoke(NativeMethodAccessorImpl.java:62)
java.lang.AssertionError: expected:<0.5> but was:<0.1054092553389458>
    at org.junit.Assert.fail(Assert.java:88)
    at org.junit.Assert.failNotEquals(Assert.java:743)
    at org.junit.Assert.assertEquals(Assert.java:494)
    at org.junit.Assert.assertEquals(Assert.java:592)
    at org.apache.commons.math3.stat.correlation.SpearmansRankCorrelationTest.testMath891Array(SpearmansRankCorrelationTest.java:132)
    at sun.reflect.NativeMethodAccessorImpl.invoke0(Native Method)
org.apache.commons.math3.linear.MatrixDimensionMismatchException: got 4x1 but expected 5x1
    at org.apache.commons.math3.linear.AbstractRealMatrix.setColumn(AbstractRealMatrix.java:587)
    at org.apache.commons.math3.stat.correlation.SpearmansCorrelation.rankTransform(SpearmansCorrelation.java:175)
    at org.apache.commons.math3.stat.correlation.SpearmansCorrelation.<init>(SpearmansCorrelation.java:92)
    at org.apache.commons.math3.stat.correlation.SpearmansRankCorrelationTest.testMath891Matrix(SpearmansRankCorrelationTest.java:148)
    at sun.reflect.NativeMethodAccessorImpl.invoke0(Native Method)
    at sun.reflect.NativeMethodAccessorImpl.invoke(NativeMethodAccessorImpl.java:62)
15:24:05.083 [pool-88-thread-1] INFO  xxl.java.junit.TestCasesListener - Tests run finished (53 ms)
<> Total tests run: 22
<> Ignored tests: 0
<> Failed tests: 4
~ testMath891Array(org.apache.commons.math3.stat.correlation.SpearmansRankCorrelationTest)
[expected:<0.5> but was:<0.1054092553389458>]
java.lang.AssertionError: expected:<0.5> but was:<0.1054092553389458>    at org.junit.Assert.fail(Assert.java:88)
    at org.junit.Assert.failNotEquals(Assert.java:743)
    at org.junit.Assert.assertEquals(Assert.java:494)
    at org.junit.Assert.assertEquals(Assert.java:592)
    at org.apache.commons.math3.stat.correlation.SpearmansRankCorrelationTest.testMath891Array(SpearmansRankCorrelationTest.java:132)
    at sun.reflect.NativeMethodAccessorImpl.invoke0(Native Method)
~ testMath891Matrix(org.apache.commons.math3.stat.correlation.SpearmansRankCorrelationTest)
[got 4x1 but expected 5x1]
org.apache.commons.math3.linear.MatrixDimensionMismatchException: got 4x1 but expected 5x1    at org.apache.commons.math3.linear.AbstractRealMatrix.setColumn(AbstractRealMatrix.java:587)
    at org.apache.commons.math3.stat.correlation.SpearmansCorrelation.rankTransform(SpearmansCorrelation.java:175)
    at org.apache.commons.math3.stat.correlation.SpearmansCorrelation.<init>(SpearmansCorrelation.java:92)
    at org.apache.commons.math3.stat.correlation.SpearmansRankCorrelationTest.testMath891Matrix(SpearmansRankCorrelationTest.java:148)
    at sun.reflect.NativeMethodAccessorImpl.invoke0(Native Method)
    at sun.reflect.NativeMethodAccessorImpl.invoke(NativeMethodAccessorImpl.java:62)
~ testMath891Array(org.apache.commons.math3.stat.correlation.SpearmansRankCorrelationTest)
[expected:<0.5> but was:<0.1054092553389458>]
java.lang.AssertionError: expected:<0.5> but was:<0.1054092553389458>    at org.junit.Assert.fail(Assert.java:88)
    at org.junit.Assert.failNotEquals(Assert.java:743)
    at org.junit.Assert.assertEquals(Assert.java:494)
    at org.junit.Assert.assertEquals(Assert.java:592)
    at org.apache.commons.math3.stat.correlation.SpearmansRankCorrelationTest.testMath891Array(SpearmansRankCorrelationTest.java:132)
    at sun.reflect.NativeMethodAccessorImpl.invoke0(Native Method)
~ testMath891Matrix(org.apache.commons.math3.stat.correlation.SpearmansRankCorrelationTest)
[got 4x1 but expected 5x1]
org.apache.commons.math3.linear.MatrixDimensionMismatchException: got 4x1 but expected 5x1    at org.apache.commons.math3.linear.AbstractRealMatrix.setColumn(AbstractRealMatrix.java:587)
    at org.apache.commons.math3.stat.correlation.SpearmansCorrelation.rankTransform(SpearmansCorrelation.java:175)
    at org.apache.commons.math3.stat.correlation.SpearmansCorrelation.<init>(SpearmansCorrelation.java:92)
    at org.apache.commons.math3.stat.correlation.SpearmansRankCorrelationTest.testMath891Matrix(SpearmansRankCorrelationTest.java:148)
    at sun.reflect.NativeMethodAccessorImpl.invoke0(Native Method)
    at sun.reflect.NativeMethodAccessorImpl.invoke(NativeMethodAccessorImpl.java:62)

15:24:05.316 [pool-2-thread-1] DEBUG fr.inria.lille.repair.nopol.NoPol - statement #21
15:24:05.317 [pool-2-thread-1] DEBUG fr.inria.lille.repair.nopol.NoPol - Analysing SourceLocation org.apache.commons.math3.stat.ranking.NaturalRanking:210 which is executed by 3 tests
560220142
15:24:05.427 [pool-2-thread-1] DEBUG fr.inria.lille.repair.nopol.NoPol - looking with class fr.inria.lille.repair.nopol.spoon.smt.ConditionalAdder
java.lang.AssertionError: expected:<0.5> but was:<0.1054092553389458>
    at org.junit.Assert.fail(Assert.java:88)
    at org.junit.Assert.failNotEquals(Assert.java:743)
    at org.junit.Assert.assertEquals(Assert.java:494)
    at org.junit.Assert.assertEquals(Assert.java:592)
    at org.apache.commons.math3.stat.correlation.SpearmansRankCorrelationTest.testMath891Array(SpearmansRankCorrelationTest.java:132)
    at sun.reflect.NativeMethodAccessorImpl.invoke0(Native Method)
org.apache.commons.math3.linear.MatrixDimensionMismatchException: got 4x1 but expected 5x1
    at org.apache.commons.math3.linear.AbstractRealMatrix.setColumn(AbstractRealMatrix.java:587)
    at org.apache.commons.math3.stat.correlation.SpearmansCorrelation.rankTransform(SpearmansCorrelation.java:175)
    at org.apache.commons.math3.stat.correlation.SpearmansCorrelation.<init>(SpearmansCorrelation.java:92)
    at org.apache.commons.math3.stat.correlation.SpearmansRankCorrelationTest.testMath891Matrix(SpearmansRankCorrelationTest.java:148)
    at sun.reflect.NativeMethodAccessorImpl.invoke0(Native Method)
    at sun.reflect.NativeMethodAccessorImpl.invoke(NativeMethodAccessorImpl.java:62)
java.lang.AssertionError: expected:<0.5> but was:<0.1054092553389458>
    at org.junit.Assert.fail(Assert.java:88)
    at org.junit.Assert.failNotEquals(Assert.java:743)
    at org.junit.Assert.assertEquals(Assert.java:494)
    at org.junit.Assert.assertEquals(Assert.java:592)
    at org.apache.commons.math3.stat.correlation.SpearmansRankCorrelationTest.testMath891Array(SpearmansRankCorrelationTest.java:132)
    at sun.reflect.NativeMethodAccessorImpl.invoke0(Native Method)
org.apache.commons.math3.linear.MatrixDimensionMismatchException: got 4x1 but expected 5x1
    at org.apache.commons.math3.linear.AbstractRealMatrix.setColumn(AbstractRealMatrix.java:587)
    at org.apache.commons.math3.stat.correlation.SpearmansCorrelation.rankTransform(SpearmansCorrelation.java:175)
    at org.apache.commons.math3.stat.correlation.SpearmansCorrelation.<init>(SpearmansCorrelation.java:92)
    at org.apache.commons.math3.stat.correlation.SpearmansRankCorrelationTest.testMath891Matrix(SpearmansRankCorrelationTest.java:148)
    at sun.reflect.NativeMethodAccessorImpl.invoke0(Native Method)
    at sun.reflect.NativeMethodAccessorImpl.invoke(NativeMethodAccessorImpl.java:62)
15:24:05.489 [pool-94-thread-1] INFO  xxl.java.junit.TestCasesListener - Tests run finished (56 ms)
<> Total tests run: 22
<> Ignored tests: 0
<> Failed tests: 4
~ testMath891Array(org.apache.commons.math3.stat.correlation.SpearmansRankCorrelationTest)
[expected:<0.5> but was:<0.1054092553389458>]
java.lang.AssertionError: expected:<0.5> but was:<0.1054092553389458>    at org.junit.Assert.fail(Assert.java:88)
    at org.junit.Assert.failNotEquals(Assert.java:743)
    at org.junit.Assert.assertEquals(Assert.java:494)
    at org.junit.Assert.assertEquals(Assert.java:592)
    at org.apache.commons.math3.stat.correlation.SpearmansRankCorrelationTest.testMath891Array(SpearmansRankCorrelationTest.java:132)
    at sun.reflect.NativeMethodAccessorImpl.invoke0(Native Method)
~ testMath891Matrix(org.apache.commons.math3.stat.correlation.SpearmansRankCorrelationTest)
[got 4x1 but expected 5x1]
org.apache.commons.math3.linear.MatrixDimensionMismatchException: got 4x1 but expected 5x1    at org.apache.commons.math3.linear.AbstractRealMatrix.setColumn(AbstractRealMatrix.java:587)
    at org.apache.commons.math3.stat.correlation.SpearmansCorrelation.rankTransform(SpearmansCorrelation.java:175)
    at org.apache.commons.math3.stat.correlation.SpearmansCorrelation.<init>(SpearmansCorrelation.java:92)
    at org.apache.commons.math3.stat.correlation.SpearmansRankCorrelationTest.testMath891Matrix(SpearmansRankCorrelationTest.java:148)
    at sun.reflect.NativeMethodAccessorImpl.invoke0(Native Method)
    at sun.reflect.NativeMethodAccessorImpl.invoke(NativeMethodAccessorImpl.java:62)
~ testMath891Array(org.apache.commons.math3.stat.correlation.SpearmansRankCorrelationTest)
[expected:<0.5> but was:<0.1054092553389458>]
java.lang.AssertionError: expected:<0.5> but was:<0.1054092553389458>    at org.junit.Assert.fail(Assert.java:88)
    at org.junit.Assert.failNotEquals(Assert.java:743)
    at org.junit.Assert.assertEquals(Assert.java:494)
    at org.junit.Assert.assertEquals(Assert.java:592)
    at org.apache.commons.math3.stat.correlation.SpearmansRankCorrelationTest.testMath891Array(SpearmansRankCorrelationTest.java:132)
    at sun.reflect.NativeMethodAccessorImpl.invoke0(Native Method)
~ testMath891Matrix(org.apache.commons.math3.stat.correlation.SpearmansRankCorrelationTest)
[got 4x1 but expected 5x1]
org.apache.commons.math3.linear.MatrixDimensionMismatchException: got 4x1 but expected 5x1    at org.apache.commons.math3.linear.AbstractRealMatrix.setColumn(AbstractRealMatrix.java:587)
    at org.apache.commons.math3.stat.correlation.SpearmansCorrelation.rankTransform(SpearmansCorrelation.java:175)
    at org.apache.commons.math3.stat.correlation.SpearmansCorrelation.<init>(SpearmansCorrelation.java:92)
    at org.apache.commons.math3.stat.correlation.SpearmansRankCorrelationTest.testMath891Matrix(SpearmansRankCorrelationTest.java:148)
    at sun.reflect.NativeMethodAccessorImpl.invoke0(Native Method)
    at sun.reflect.NativeMethodAccessorImpl.invoke(NativeMethodAccessorImpl.java:62)

15:24:05.747 [pool-2-thread-1] DEBUG fr.inria.lille.repair.nopol.NoPol - statement #22
15:24:05.747 [pool-2-thread-1] DEBUG fr.inria.lille.repair.nopol.NoPol - Analysing SourceLocation org.apache.commons.math3.exception.MathIllegalStateException:86 which is executed by 3 tests
-614386291
15:24:05.868 [pool-2-thread-1] DEBUG fr.inria.lille.repair.nopol.NoPol - statement #23
15:24:05.868 [pool-2-thread-1] DEBUG fr.inria.lille.repair.nopol.NoPol - Analysing SourceLocation org.apache.commons.math3.exception.util.ExceptionContext:128 which is executed by 8 tests
-310961535
15:24:06.000 [pool-2-thread-1] DEBUG fr.inria.lille.repair.nopol.NoPol - statement #24
15:24:06.000 [pool-2-thread-1] DEBUG fr.inria.lille.repair.nopol.NoPol - Analysing SourceLocation org.apache.commons.math3.exception.MathIllegalArgumentException:63 which is executed by 1 tests
32654469
15:24:06.104 [pool-2-thread-1] DEBUG fr.inria.lille.repair.nopol.NoPol - statement #25
15:24:06.104 [pool-2-thread-1] DEBUG fr.inria.lille.repair.nopol.NoPol - Analysing SourceLocation org.apache.commons.math3.linear.Array2DRowRealMatrix:325 which is executed by 1 tests
-1875222545
15:24:06.225 [pool-2-thread-1] DEBUG fr.inria.lille.repair.nopol.NoPol - statement #26
15:24:06.225 [pool-2-thread-1] DEBUG fr.inria.lille.repair.nopol.NoPol - Analysing SourceLocation org.apache.commons.math3.linear.Array2DRowRealMatrix:324 which is executed by 1 tests
-1875222545
15:24:06.351 [pool-2-thread-1] DEBUG fr.inria.lille.repair.nopol.NoPol - looking with class fr.inria.lille.repair.nopol.spoon.smt.ConditionalAdder
java.lang.AssertionError: expected:<0.5> but was:<0.1054092553389458>
    at org.junit.Assert.fail(Assert.java:88)
    at org.junit.Assert.failNotEquals(Assert.java:743)
    at org.junit.Assert.assertEquals(Assert.java:494)
    at org.junit.Assert.assertEquals(Assert.java:592)
    at org.apache.commons.math3.stat.correlation.SpearmansRankCorrelationTest.testMath891Array(SpearmansRankCorrelationTest.java:132)
    at sun.reflect.NativeMethodAccessorImpl.invoke0(Native Method)
org.apache.commons.math3.linear.MatrixDimensionMismatchException: got 4x1 but expected 5x1
    at org.apache.commons.math3.linear.AbstractRealMatrix.setColumn(AbstractRealMatrix.java:587)
    at org.apache.commons.math3.stat.correlation.SpearmansCorrelation.rankTransform(SpearmansCorrelation.java:175)
    at org.apache.commons.math3.stat.correlation.SpearmansCorrelation.<init>(SpearmansCorrelation.java:92)
    at org.apache.commons.math3.stat.correlation.SpearmansRankCorrelationTest.testMath891Matrix(SpearmansRankCorrelationTest.java:148)
    at sun.reflect.NativeMethodAccessorImpl.invoke0(Native Method)
    at sun.reflect.NativeMethodAccessorImpl.invoke(NativeMethodAccessorImpl.java:62)
15:24:06.409 [pool-100-thread-1] INFO  xxl.java.junit.TestCasesListener - Tests run finished (54 ms)
<> Total tests run: 11
<> Ignored tests: 0
<> Failed tests: 2
~ testMath891Array(org.apache.commons.math3.stat.correlation.SpearmansRankCorrelationTest)
[expected:<0.5> but was:<0.1054092553389458>]
java.lang.AssertionError: expected:<0.5> but was:<0.1054092553389458>    at org.junit.Assert.fail(Assert.java:88)
    at org.junit.Assert.failNotEquals(Assert.java:743)
    at org.junit.Assert.assertEquals(Assert.java:494)
    at org.junit.Assert.assertEquals(Assert.java:592)
    at org.apache.commons.math3.stat.correlation.SpearmansRankCorrelationTest.testMath891Array(SpearmansRankCorrelationTest.java:132)
    at sun.reflect.NativeMethodAccessorImpl.invoke0(Native Method)
~ testMath891Matrix(org.apache.commons.math3.stat.correlation.SpearmansRankCorrelationTest)
[got 4x1 but expected 5x1]
org.apache.commons.math3.linear.MatrixDimensionMismatchException: got 4x1 but expected 5x1    at org.apache.commons.math3.linear.AbstractRealMatrix.setColumn(AbstractRealMatrix.java:587)
    at org.apache.commons.math3.stat.correlation.SpearmansCorrelation.rankTransform(SpearmansCorrelation.java:175)
    at org.apache.commons.math3.stat.correlation.SpearmansCorrelation.<init>(SpearmansCorrelation.java:92)
    at org.apache.commons.math3.stat.correlation.SpearmansRankCorrelationTest.testMath891Matrix(SpearmansRankCorrelationTest.java:148)
    at sun.reflect.NativeMethodAccessorImpl.invoke0(Native Method)
    at sun.reflect.NativeMethodAccessorImpl.invoke(NativeMethodAccessorImpl.java:62)

15:24:06.644 [pool-2-thread-1] DEBUG fr.inria.lille.repair.nopol.NoPol - statement #27
15:24:06.645 [pool-2-thread-1] DEBUG fr.inria.lille.repair.nopol.NoPol - Analysing SourceLocation org.apache.commons.math3.linear.Array2DRowRealMatrix:323 which is executed by 1 tests
-1875222545
15:24:06.760 [pool-2-thread-1] DEBUG fr.inria.lille.repair.nopol.NoPol - looking with class fr.inria.lille.repair.nopol.spoon.smt.ConditionalAdder
java.lang.AssertionError: expected:<0.5> but was:<0.1054092553389458>
    at org.junit.Assert.fail(Assert.java:88)
    at org.junit.Assert.failNotEquals(Assert.java:743)
    at org.junit.Assert.assertEquals(Assert.java:494)
    at org.junit.Assert.assertEquals(Assert.java:592)
    at org.apache.commons.math3.stat.correlation.SpearmansRankCorrelationTest.testMath891Array(SpearmansRankCorrelationTest.java:132)
    at sun.reflect.NativeMethodAccessorImpl.invoke0(Native Method)
org.apache.commons.math3.linear.MatrixDimensionMismatchException: got 4x1 but expected 5x1
    at org.apache.commons.math3.linear.AbstractRealMatrix.setColumn(AbstractRealMatrix.java:587)
    at org.apache.commons.math3.stat.correlation.SpearmansCorrelation.rankTransform(SpearmansCorrelation.java:175)
    at org.apache.commons.math3.stat.correlation.SpearmansCorrelation.<init>(SpearmansCorrelation.java:92)
    at org.apache.commons.math3.stat.correlation.SpearmansRankCorrelationTest.testMath891Matrix(SpearmansRankCorrelationTest.java:148)
    at sun.reflect.NativeMethodAccessorImpl.invoke0(Native Method)
    at sun.reflect.NativeMethodAccessorImpl.invoke(NativeMethodAccessorImpl.java:62)
15:24:06.812 [pool-106-thread-1] INFO  xxl.java.junit.TestCasesListener - Tests run finished (48 ms)
<> Total tests run: 11
<> Ignored tests: 0
<> Failed tests: 2
~ testMath891Array(org.apache.commons.math3.stat.correlation.SpearmansRankCorrelationTest)
[expected:<0.5> but was:<0.1054092553389458>]
java.lang.AssertionError: expected:<0.5> but was:<0.1054092553389458>    at org.junit.Assert.fail(Assert.java:88)
    at org.junit.Assert.failNotEquals(Assert.java:743)
    at org.junit.Assert.assertEquals(Assert.java:494)
    at org.junit.Assert.assertEquals(Assert.java:592)
    at org.apache.commons.math3.stat.correlation.SpearmansRankCorrelationTest.testMath891Array(SpearmansRankCorrelationTest.java:132)
    at sun.reflect.NativeMethodAccessorImpl.invoke0(Native Method)
~ testMath891Matrix(org.apache.commons.math3.stat.correlation.SpearmansRankCorrelationTest)
[got 4x1 but expected 5x1]
org.apache.commons.math3.linear.MatrixDimensionMismatchException: got 4x1 but expected 5x1    at org.apache.commons.math3.linear.AbstractRealMatrix.setColumn(AbstractRealMatrix.java:587)
    at org.apache.commons.math3.stat.correlation.SpearmansCorrelation.rankTransform(SpearmansCorrelation.java:175)
    at org.apache.commons.math3.stat.correlation.SpearmansCorrelation.<init>(SpearmansCorrelation.java:92)
    at org.apache.commons.math3.stat.correlation.SpearmansRankCorrelationTest.testMath891Matrix(SpearmansRankCorrelationTest.java:148)
    at sun.reflect.NativeMethodAccessorImpl.invoke0(Native Method)
    at sun.reflect.NativeMethodAccessorImpl.invoke(NativeMethodAccessorImpl.java:62)

15:24:07.058 [pool-2-thread-1] DEBUG fr.inria.lille.repair.nopol.NoPol - statement #28
15:24:07.058 [pool-2-thread-1] DEBUG fr.inria.lille.repair.nopol.NoPol - Analysing SourceLocation org.apache.commons.math3.optimization.direct.BOBYQAOptimizer:1167 which is executed by 4 tests
283261218
15:24:07.221 [pool-2-thread-1] DEBUG fr.inria.lille.repair.nopol.NoPol - looking with class fr.inria.lille.repair.nopol.spoon.smt.ConditionalAdder
java.lang.AssertionError: expected:<0.0> but was:<1.047765607609108E-8>
    at org.junit.Assert.fail(Assert.java:88)
    at org.junit.Assert.failNotEquals(Assert.java:743)
    at org.junit.Assert.assertEquals(Assert.java:494)
    at org.apache.commons.math3.optimization.direct.BOBYQAOptimizerTest.doTest(BOBYQAOptimizerTest.java:333)
    at org.apache.commons.math3.optimization.direct.BOBYQAOptimizerTest.doTest(BOBYQAOptimizerTest.java:278)
    at org.apache.commons.math3.optimization.direct.BOBYQAOptimizerTest.testAckley(BOBYQAOptimizerTest.java:207)
org.apache.commons.math3.exception.TooManyEvaluationsException: illegal state: maximal count (12,000) exceeded: evaluations
    at org.apache.commons.math3.optimization.direct.BaseAbstractMultivariateOptimizer.computeObjectiveValue(BaseAbstractMultivariateOptimizer.java:108)
    at org.apache.commons.math3.optimization.direct.BOBYQAOptimizer.bobyqb(BOBYQAOptimizer.java:830)
    at org.apache.commons.math3.optimization.direct.BOBYQAOptimizer.bobyqa(BOBYQAOptimizer.java:336)
    at org.apache.commons.math3.optimization.direct.BOBYQAOptimizer.doOptimize(BOBYQAOptimizer.java:248)
    at org.apache.commons.math3.optimization.direct.BaseAbstractMultivariateOptimizer.optimizeInternal(BaseAbstractMultivariateOptimizer.java:206)
    at org.apache.commons.math3.optimization.direct.BaseAbstractMultivariateOptimizer.optimize(BaseAbstractMultivariateOptimizer.java:145)
java.lang.AssertionError: expected:<0.0> but was:<1.047765607609108E-8>
    at org.junit.Assert.fail(Assert.java:88)
    at org.junit.Assert.failNotEquals(Assert.java:743)
    at org.junit.Assert.assertEquals(Assert.java:494)
    at org.apache.commons.math3.optimization.direct.BOBYQAOptimizerTest.doTest(BOBYQAOptimizerTest.java:333)
    at org.apache.commons.math3.optimization.direct.BOBYQAOptimizerTest.doTest(BOBYQAOptimizerTest.java:278)
    at org.apache.commons.math3.optimization.direct.BOBYQAOptimizerTest.testAckley(BOBYQAOptimizerTest.java:207)
org.apache.commons.math3.exception.TooManyEvaluationsException: illegal state: maximal count (12,000) exceeded: evaluations
    at org.apache.commons.math3.optimization.direct.BaseAbstractMultivariateOptimizer.computeObjectiveValue(BaseAbstractMultivariateOptimizer.java:108)
    at org.apache.commons.math3.optimization.direct.BOBYQAOptimizer.bobyqb(BOBYQAOptimizer.java:830)
    at org.apache.commons.math3.optimization.direct.BOBYQAOptimizer.bobyqa(BOBYQAOptimizer.java:336)
    at org.apache.commons.math3.optimization.direct.BOBYQAOptimizer.doOptimize(BOBYQAOptimizer.java:248)
    at org.apache.commons.math3.optimization.direct.BaseAbstractMultivariateOptimizer.optimizeInternal(BaseAbstractMultivariateOptimizer.java:206)
    at org.apache.commons.math3.optimization.direct.BaseAbstractMultivariateOptimizer.optimize(BaseAbstractMultivariateOptimizer.java:145)
15:24:51.172 [pool-112-thread-1] INFO  xxl.java.junit.TestCasesListener - Tests run finished (43945 ms)
<> Total tests run: 38
<> Ignored tests: 0
<> Failed tests: 4
~ testAckley(org.apache.commons.math3.optimization.direct.BOBYQAOptimizerTest)
[expected:<0.0> but was:<1.047765607609108E-8>]
java.lang.AssertionError: expected:<0.0> but was:<1.047765607609108E-8>    at org.junit.Assert.fail(Assert.java:88)
    at org.junit.Assert.failNotEquals(Assert.java:743)
    at org.junit.Assert.assertEquals(Assert.java:494)
    at org.apache.commons.math3.optimization.direct.BOBYQAOptimizerTest.doTest(BOBYQAOptimizerTest.java:333)
    at org.apache.commons.math3.optimization.direct.BOBYQAOptimizerTest.doTest(BOBYQAOptimizerTest.java:278)
    at org.apache.commons.math3.optimization.direct.BOBYQAOptimizerTest.testAckley(BOBYQAOptimizerTest.java:207)
~ testDiffPow(org.apache.commons.math3.optimization.direct.BOBYQAOptimizerTest)
[illegal state: maximal count (12,000) exceeded: evaluations]
org.apache.commons.math3.exception.TooManyEvaluationsException: illegal state: maximal count (12,000) exceeded: evaluations    at org.apache.commons.math3.optimization.direct.BaseAbstractMultivariateOptimizer.computeObjectiveValue(BaseAbstractMultivariateOptimizer.java:108)
    at org.apache.commons.math3.optimization.direct.BOBYQAOptimizer.bobyqb(BOBYQAOptimizer.java:830)
    at org.apache.commons.math3.optimization.direct.BOBYQAOptimizer.bobyqa(BOBYQAOptimizer.java:336)
    at org.apache.commons.math3.optimization.direct.BOBYQAOptimizer.doOptimize(BOBYQAOptimizer.java:248)
    at org.apache.commons.math3.optimization.direct.BaseAbstractMultivariateOptimizer.optimizeInternal(BaseAbstractMultivariateOptimizer.java:206)
    at org.apache.commons.math3.optimization.direct.BaseAbstractMultivariateOptimizer.optimize(BaseAbstractMultivariateOptimizer.java:145)
~ testAckley(org.apache.commons.math3.optimization.direct.BOBYQAOptimizerTest)
[expected:<0.0> but was:<1.047765607609108E-8>]
java.lang.AssertionError: expected:<0.0> but was:<1.047765607609108E-8>    at org.junit.Assert.fail(Assert.java:88)
    at org.junit.Assert.failNotEquals(Assert.java:743)
    at org.junit.Assert.assertEquals(Assert.java:494)
    at org.apache.commons.math3.optimization.direct.BOBYQAOptimizerTest.doTest(BOBYQAOptimizerTest.java:333)
    at org.apache.commons.math3.optimization.direct.BOBYQAOptimizerTest.doTest(BOBYQAOptimizerTest.java:278)
    at org.apache.commons.math3.optimization.direct.BOBYQAOptimizerTest.testAckley(BOBYQAOptimizerTest.java:207)
~ testDiffPow(org.apache.commons.math3.optimization.direct.BOBYQAOptimizerTest)
[illegal state: maximal count (12,000) exceeded: evaluations]
org.apache.commons.math3.exception.TooManyEvaluationsException: illegal state: maximal count (12,000) exceeded: evaluations    at org.apache.commons.math3.optimization.direct.BaseAbstractMultivariateOptimizer.computeObjectiveValue(BaseAbstractMultivariateOptimizer.java:108)
    at org.apache.commons.math3.optimization.direct.BOBYQAOptimizer.bobyqb(BOBYQAOptimizer.java:830)
    at org.apache.commons.math3.optimization.direct.BOBYQAOptimizer.bobyqa(BOBYQAOptimizer.java:336)
    at org.apache.commons.math3.optimization.direct.BOBYQAOptimizer.doOptimize(BOBYQAOptimizer.java:248)
    at org.apache.commons.math3.optimization.direct.BaseAbstractMultivariateOptimizer.optimizeInternal(BaseAbstractMultivariateOptimizer.java:206)
    at org.apache.commons.math3.optimization.direct.BaseAbstractMultivariateOptimizer.optimize(BaseAbstractMultivariateOptimizer.java:145)

15:24:54.334 [pool-2-thread-1] DEBUG fr.inria.lille.repair.nopol.NoPol - statement #29
15:24:54.334 [pool-2-thread-1] DEBUG fr.inria.lille.repair.nopol.NoPol - Analysing SourceLocation org.apache.commons.math3.optim.nonlinear.scalar.noderiv.BOBYQAOptimizer:1161 which is executed by 4 tests
283261218
15:24:54.519 [pool-2-thread-1] DEBUG fr.inria.lille.repair.nopol.NoPol - looking with class fr.inria.lille.repair.nopol.spoon.smt.ConditionalAdder
java.lang.AssertionError: expected:<0.0> but was:<1.047765607609108E-8>
    at org.junit.Assert.fail(Assert.java:88)
    at org.junit.Assert.failNotEquals(Assert.java:743)
    at org.junit.Assert.assertEquals(Assert.java:494)
    at org.apache.commons.math3.optim.nonlinear.scalar.noderiv.BOBYQAOptimizerTest.doTest(BOBYQAOptimizerTest.java:335)
    at org.apache.commons.math3.optim.nonlinear.scalar.noderiv.BOBYQAOptimizerTest.doTest(BOBYQAOptimizerTest.java:279)
    at org.apache.commons.math3.optim.nonlinear.scalar.noderiv.BOBYQAOptimizerTest.testAckley(BOBYQAOptimizerTest.java:208)
org.apache.commons.math3.exception.TooManyEvaluationsException: illegal state: maximal count (12,000) exceeded: evaluations
    at org.apache.commons.math3.optim.BaseOptimizer$MaxEvalCallback.trigger(BaseOptimizer.java:213)
    at org.apache.commons.math3.util.Incrementor.incrementCount(Incrementor.java:156)
    at org.apache.commons.math3.optim.BaseOptimizer.incrementEvaluationCount(BaseOptimizer.java:162)
    at org.apache.commons.math3.optim.nonlinear.scalar.MultivariateOptimizer.computeObjectiveValue(MultivariateOptimizer.java:115)
    at org.apache.commons.math3.optim.nonlinear.scalar.noderiv.BOBYQAOptimizer.bobyqb(BOBYQAOptimizer.java:824)
    at org.apache.commons.math3.optim.nonlinear.scalar.noderiv.BOBYQAOptimizer.bobyqa(BOBYQAOptimizer.java:330)
java.lang.AssertionError: expected:<0.0> but was:<1.047765607609108E-8>
    at org.junit.Assert.fail(Assert.java:88)
    at org.junit.Assert.failNotEquals(Assert.java:743)
    at org.junit.Assert.assertEquals(Assert.java:494)
    at org.apache.commons.math3.optim.nonlinear.scalar.noderiv.BOBYQAOptimizerTest.doTest(BOBYQAOptimizerTest.java:335)
    at org.apache.commons.math3.optim.nonlinear.scalar.noderiv.BOBYQAOptimizerTest.doTest(BOBYQAOptimizerTest.java:279)
    at org.apache.commons.math3.optim.nonlinear.scalar.noderiv.BOBYQAOptimizerTest.testAckley(BOBYQAOptimizerTest.java:208)
org.apache.commons.math3.exception.TooManyEvaluationsException: illegal state: maximal count (12,000) exceeded: evaluations
    at org.apache.commons.math3.optim.BaseOptimizer$MaxEvalCallback.trigger(BaseOptimizer.java:213)
    at org.apache.commons.math3.util.Incrementor.incrementCount(Incrementor.java:156)
    at org.apache.commons.math3.optim.BaseOptimizer.incrementEvaluationCount(BaseOptimizer.java:162)
    at org.apache.commons.math3.optim.nonlinear.scalar.MultivariateOptimizer.computeObjectiveValue(MultivariateOptimizer.java:115)
    at org.apache.commons.math3.optim.nonlinear.scalar.noderiv.BOBYQAOptimizer.bobyqb(BOBYQAOptimizer.java:824)
    at org.apache.commons.math3.optim.nonlinear.scalar.noderiv.BOBYQAOptimizer.bobyqa(BOBYQAOptimizer.java:330)
15:25:39.018 [pool-118-thread-1] INFO  xxl.java.junit.TestCasesListener - Tests run finished (44492 ms)
<> Total tests run: 38
<> Ignored tests: 0
<> Failed tests: 4
~ testAckley(org.apache.commons.math3.optim.nonlinear.scalar.noderiv.BOBYQAOptimizerTest)
[expected:<0.0> but was:<1.047765607609108E-8>]
java.lang.AssertionError: expected:<0.0> but was:<1.047765607609108E-8>    at org.junit.Assert.fail(Assert.java:88)
    at org.junit.Assert.failNotEquals(Assert.java:743)
    at org.junit.Assert.assertEquals(Assert.java:494)
    at org.apache.commons.math3.optim.nonlinear.scalar.noderiv.BOBYQAOptimizerTest.doTest(BOBYQAOptimizerTest.java:335)
    at org.apache.commons.math3.optim.nonlinear.scalar.noderiv.BOBYQAOptimizerTest.doTest(BOBYQAOptimizerTest.java:279)
    at org.apache.commons.math3.optim.nonlinear.scalar.noderiv.BOBYQAOptimizerTest.testAckley(BOBYQAOptimizerTest.java:208)
~ testDiffPow(org.apache.commons.math3.optim.nonlinear.scalar.noderiv.BOBYQAOptimizerTest)
[illegal state: maximal count (12,000) exceeded: evaluations]
org.apache.commons.math3.exception.TooManyEvaluationsException: illegal state: maximal count (12,000) exceeded: evaluations    at org.apache.commons.math3.optim.BaseOptimizer$MaxEvalCallback.trigger(BaseOptimizer.java:213)
    at org.apache.commons.math3.util.Incrementor.incrementCount(Incrementor.java:156)
    at org.apache.commons.math3.optim.BaseOptimizer.incrementEvaluationCount(BaseOptimizer.java:162)
    at org.apache.commons.math3.optim.nonlinear.scalar.MultivariateOptimizer.computeObjectiveValue(MultivariateOptimizer.java:115)
    at org.apache.commons.math3.optim.nonlinear.scalar.noderiv.BOBYQAOptimizer.bobyqb(BOBYQAOptimizer.java:824)
    at org.apache.commons.math3.optim.nonlinear.scalar.noderiv.BOBYQAOptimizer.bobyqa(BOBYQAOptimizer.java:330)
~ testAckley(org.apache.commons.math3.optim.nonlinear.scalar.noderiv.BOBYQAOptimizerTest)
[expected:<0.0> but was:<1.047765607609108E-8>]
java.lang.AssertionError: expected:<0.0> but was:<1.047765607609108E-8>    at org.junit.Assert.fail(Assert.java:88)
    at org.junit.Assert.failNotEquals(Assert.java:743)
    at org.junit.Assert.assertEquals(Assert.java:494)
    at org.apache.commons.math3.optim.nonlinear.scalar.noderiv.BOBYQAOptimizerTest.doTest(BOBYQAOptimizerTest.java:335)
    at org.apache.commons.math3.optim.nonlinear.scalar.noderiv.BOBYQAOptimizerTest.doTest(BOBYQAOptimizerTest.java:279)
    at org.apache.commons.math3.optim.nonlinear.scalar.noderiv.BOBYQAOptimizerTest.testAckley(BOBYQAOptimizerTest.java:208)
~ testDiffPow(org.apache.commons.math3.optim.nonlinear.scalar.noderiv.BOBYQAOptimizerTest)
[illegal state: maximal count (12,000) exceeded: evaluations]
org.apache.commons.math3.exception.TooManyEvaluationsException: illegal state: maximal count (12,000) exceeded: evaluations    at org.apache.commons.math3.optim.BaseOptimizer$MaxEvalCallback.trigger(BaseOptimizer.java:213)
    at org.apache.commons.math3.util.Incrementor.incrementCount(Incrementor.java:156)
    at org.apache.commons.math3.optim.BaseOptimizer.incrementEvaluationCount(BaseOptimizer.java:162)
    at org.apache.commons.math3.optim.nonlinear.scalar.MultivariateOptimizer.computeObjectiveValue(MultivariateOptimizer.java:115)
    at org.apache.commons.math3.optim.nonlinear.scalar.noderiv.BOBYQAOptimizer.bobyqb(BOBYQAOptimizer.java:824)
    at org.apache.commons.math3.optim.nonlinear.scalar.noderiv.BOBYQAOptimizer.bobyqa(BOBYQAOptimizer.java:330)

15:25:43.488 [pool-2-thread-1] DEBUG fr.inria.lille.repair.nopol.NoPol - statement #30
15:25:43.489 [pool-2-thread-1] DEBUG fr.inria.lille.repair.nopol.NoPol - Analysing SourceLocation org.apache.commons.math3.exception.util.ExceptionContext:182 which is executed by 4 tests
-310961535
15:25:43.598 [pool-2-thread-1] DEBUG fr.inria.lille.repair.nopol.NoPol - looking with class fr.inria.lille.repair.nopol.spoon.smt.ConditionalAdder
java.lang.AssertionError: expected:<0.0> but was:<1.047765607609108E-8>
    at org.junit.Assert.fail(Assert.java:88)
    at org.junit.Assert.failNotEquals(Assert.java:743)
    at org.junit.Assert.assertEquals(Assert.java:494)
    at org.apache.commons.math3.optim.nonlinear.scalar.noderiv.BOBYQAOptimizerTest.doTest(BOBYQAOptimizerTest.java:335)
    at org.apache.commons.math3.optim.nonlinear.scalar.noderiv.BOBYQAOptimizerTest.doTest(BOBYQAOptimizerTest.java:279)
    at org.apache.commons.math3.optim.nonlinear.scalar.noderiv.BOBYQAOptimizerTest.testAckley(BOBYQAOptimizerTest.java:208)
org.apache.commons.math3.exception.TooManyEvaluationsException: illegal state: maximal count (12,000) exceeded: evaluations
    at org.apache.commons.math3.optim.BaseOptimizer$MaxEvalCallback.trigger(BaseOptimizer.java:213)
    at org.apache.commons.math3.util.Incrementor.incrementCount(Incrementor.java:156)
    at org.apache.commons.math3.optim.BaseOptimizer.incrementEvaluationCount(BaseOptimizer.java:162)
    at org.apache.commons.math3.optim.nonlinear.scalar.MultivariateOptimizer.computeObjectiveValue(MultivariateOptimizer.java:115)
    at org.apache.commons.math3.optim.nonlinear.scalar.noderiv.BOBYQAOptimizer.bobyqb(BOBYQAOptimizer.java:824)
    at org.apache.commons.math3.optim.nonlinear.scalar.noderiv.BOBYQAOptimizer.bobyqa(BOBYQAOptimizer.java:330)
java.lang.AssertionError: expected:<0.0> but was:<1.047765607609108E-8>
    at org.junit.Assert.fail(Assert.java:88)
    at org.junit.Assert.failNotEquals(Assert.java:743)
    at org.junit.Assert.assertEquals(Assert.java:494)
    at org.apache.commons.math3.optimization.direct.BOBYQAOptimizerTest.doTest(BOBYQAOptimizerTest.java:333)
    at org.apache.commons.math3.optimization.direct.BOBYQAOptimizerTest.doTest(BOBYQAOptimizerTest.java:278)
    at org.apache.commons.math3.optimization.direct.BOBYQAOptimizerTest.testAckley(BOBYQAOptimizerTest.java:207)
org.apache.commons.math3.exception.TooManyEvaluationsException: illegal state: maximal count (12,000) exceeded: evaluations
    at org.apache.commons.math3.optimization.direct.BaseAbstractMultivariateOptimizer.computeObjectiveValue(BaseAbstractMultivariateOptimizer.java:108)
    at org.apache.commons.math3.optimization.direct.BOBYQAOptimizer.bobyqb(BOBYQAOptimizer.java:830)
    at org.apache.commons.math3.optimization.direct.BOBYQAOptimizer.bobyqa(BOBYQAOptimizer.java:336)
    at org.apache.commons.math3.optimization.direct.BOBYQAOptimizer.doOptimize(BOBYQAOptimizer.java:248)
    at org.apache.commons.math3.optimization.direct.BaseAbstractMultivariateOptimizer.optimizeInternal(BaseAbstractMultivariateOptimizer.java:206)
    at org.apache.commons.math3.optimization.direct.BaseAbstractMultivariateOptimizer.optimize(BaseAbstractMultivariateOptimizer.java:145)
15:26:30.845 [pool-124-thread-1] INFO  xxl.java.junit.TestCasesListener - Tests run finished (47240 ms)
<> Total tests run: 38
<> Ignored tests: 0
<> Failed tests: 4
~ testAckley(org.apache.commons.math3.optim.nonlinear.scalar.noderiv.BOBYQAOptimizerTest)
[expected:<0.0> but was:<1.047765607609108E-8>]
java.lang.AssertionError: expected:<0.0> but was:<1.047765607609108E-8>    at org.junit.Assert.fail(Assert.java:88)
    at org.junit.Assert.failNotEquals(Assert.java:743)
    at org.junit.Assert.assertEquals(Assert.java:494)
    at org.apache.commons.math3.optim.nonlinear.scalar.noderiv.BOBYQAOptimizerTest.doTest(BOBYQAOptimizerTest.java:335)
    at org.apache.commons.math3.optim.nonlinear.scalar.noderiv.BOBYQAOptimizerTest.doTest(BOBYQAOptimizerTest.java:279)
    at org.apache.commons.math3.optim.nonlinear.scalar.noderiv.BOBYQAOptimizerTest.testAckley(BOBYQAOptimizerTest.java:208)
~ testDiffPow(org.apache.commons.math3.optim.nonlinear.scalar.noderiv.BOBYQAOptimizerTest)
[illegal state: maximal count (12,000) exceeded: evaluations]
org.apache.commons.math3.exception.TooManyEvaluationsException: illegal state: maximal count (12,000) exceeded: evaluations    at org.apache.commons.math3.optim.BaseOptimizer$MaxEvalCallback.trigger(BaseOptimizer.java:213)
    at org.apache.commons.math3.util.Incrementor.incrementCount(Incrementor.java:156)
    at org.apache.commons.math3.optim.BaseOptimizer.incrementEvaluationCount(BaseOptimizer.java:162)
    at org.apache.commons.math3.optim.nonlinear.scalar.MultivariateOptimizer.computeObjectiveValue(MultivariateOptimizer.java:115)
    at org.apache.commons.math3.optim.nonlinear.scalar.noderiv.BOBYQAOptimizer.bobyqb(BOBYQAOptimizer.java:824)
    at org.apache.commons.math3.optim.nonlinear.scalar.noderiv.BOBYQAOptimizer.bobyqa(BOBYQAOptimizer.java:330)
~ testAckley(org.apache.commons.math3.optimization.direct.BOBYQAOptimizerTest)
[expected:<0.0> but was:<1.047765607609108E-8>]
java.lang.AssertionError: expected:<0.0> but was:<1.047765607609108E-8>    at org.junit.Assert.fail(Assert.java:88)
    at org.junit.Assert.failNotEquals(Assert.java:743)
    at org.junit.Assert.assertEquals(Assert.java:494)
    at org.apache.commons.math3.optimization.direct.BOBYQAOptimizerTest.doTest(BOBYQAOptimizerTest.java:333)
    at org.apache.commons.math3.optimization.direct.BOBYQAOptimizerTest.doTest(BOBYQAOptimizerTest.java:278)
    at org.apache.commons.math3.optimization.direct.BOBYQAOptimizerTest.testAckley(BOBYQAOptimizerTest.java:207)
~ testDiffPow(org.apache.commons.math3.optimization.direct.BOBYQAOptimizerTest)
[illegal state: maximal count (12,000) exceeded: evaluations]
org.apache.commons.math3.exception.TooManyEvaluationsException: illegal state: maximal count (12,000) exceeded: evaluations    at org.apache.commons.math3.optimization.direct.BaseAbstractMultivariateOptimizer.computeObjectiveValue(BaseAbstractMultivariateOptimizer.java:108)
    at org.apache.commons.math3.optimization.direct.BOBYQAOptimizer.bobyqb(BOBYQAOptimizer.java:830)
    at org.apache.commons.math3.optimization.direct.BOBYQAOptimizer.bobyqa(BOBYQAOptimizer.java:336)
    at org.apache.commons.math3.optimization.direct.BOBYQAOptimizer.doOptimize(BOBYQAOptimizer.java:248)
    at org.apache.commons.math3.optimization.direct.BaseAbstractMultivariateOptimizer.optimizeInternal(BaseAbstractMultivariateOptimizer.java:206)
    at org.apache.commons.math3.optimization.direct.BaseAbstractMultivariateOptimizer.optimize(BaseAbstractMultivariateOptimizer.java:145)

15:26:36.474 [pool-2-thread-1] DEBUG fr.inria.lille.repair.nopol.NoPol - statement #31
15:26:36.475 [pool-2-thread-1] DEBUG fr.inria.lille.repair.nopol.NoPol - Analysing SourceLocation org.apache.commons.math3.exception.util.ExceptionContext:147 which is executed by 9 tests
-310961535
15:26:36.585 [pool-2-thread-1] DEBUG fr.inria.lille.repair.nopol.NoPol - statement #32
15:26:36.586 [pool-2-thread-1] DEBUG fr.inria.lille.repair.nopol.NoPol - Analysing SourceLocation org.apache.commons.math3.exception.util.ExceptionContext:186 which is executed by 10 tests
-310961535
15:26:36.695 [pool-2-thread-1] DEBUG fr.inria.lille.repair.nopol.NoPol - statement #33
15:26:36.696 [pool-2-thread-1] DEBUG fr.inria.lille.repair.nopol.NoPol - Analysing SourceLocation org.apache.commons.math3.exception.util.ExceptionContext:180 which is executed by 10 tests
-310961535
15:26:36.805 [pool-2-thread-1] DEBUG fr.inria.lille.repair.nopol.NoPol - looking with class fr.inria.lille.repair.nopol.spoon.smt.ConditionalAdder
java.lang.AssertionError: expected:<0.0> but was:<1.047765607609108E-8>
    at org.junit.Assert.fail(Assert.java:88)
    at org.junit.Assert.failNotEquals(Assert.java:743)
    at org.junit.Assert.assertEquals(Assert.java:494)
    at org.apache.commons.math3.optim.nonlinear.scalar.noderiv.BOBYQAOptimizerTest.doTest(BOBYQAOptimizerTest.java:335)
    at org.apache.commons.math3.optim.nonlinear.scalar.noderiv.BOBYQAOptimizerTest.doTest(BOBYQAOptimizerTest.java:279)
    at org.apache.commons.math3.optim.nonlinear.scalar.noderiv.BOBYQAOptimizerTest.testAckley(BOBYQAOptimizerTest.java:208)
org.apache.commons.math3.exception.TooManyEvaluationsException: illegal state: maximal count (12,000) exceeded: evaluations
    at org.apache.commons.math3.optim.BaseOptimizer$MaxEvalCallback.trigger(BaseOptimizer.java:213)
    at org.apache.commons.math3.util.Incrementor.incrementCount(Incrementor.java:156)
    at org.apache.commons.math3.optim.BaseOptimizer.incrementEvaluationCount(BaseOptimizer.java:162)
    at org.apache.commons.math3.optim.nonlinear.scalar.MultivariateOptimizer.computeObjectiveValue(MultivariateOptimizer.java:115)
    at org.apache.commons.math3.optim.nonlinear.scalar.noderiv.BOBYQAOptimizer.bobyqb(BOBYQAOptimizer.java:824)
    at org.apache.commons.math3.optim.nonlinear.scalar.noderiv.BOBYQAOptimizer.bobyqa(BOBYQAOptimizer.java:330)
java.lang.AssertionError: expected:<0.0> but was:<1.047765607609108E-8>
    at org.junit.Assert.fail(Assert.java:88)
    at org.junit.Assert.failNotEquals(Assert.java:743)
    at org.junit.Assert.assertEquals(Assert.java:494)
    at org.apache.commons.math3.optimization.direct.BOBYQAOptimizerTest.doTest(BOBYQAOptimizerTest.java:333)
    at org.apache.commons.math3.optimization.direct.BOBYQAOptimizerTest.doTest(BOBYQAOptimizerTest.java:278)
    at org.apache.commons.math3.optimization.direct.BOBYQAOptimizerTest.testAckley(BOBYQAOptimizerTest.java:207)
org.apache.commons.math3.exception.TooManyEvaluationsException: illegal state: maximal count (12,000) exceeded: evaluations
    at org.apache.commons.math3.optimization.direct.BaseAbstractMultivariateOptimizer.computeObjectiveValue(BaseAbstractMultivariateOptimizer.java:108)
    at org.apache.commons.math3.optimization.direct.BOBYQAOptimizer.bobyqb(BOBYQAOptimizer.java:830)
    at org.apache.commons.math3.optimization.direct.BOBYQAOptimizer.bobyqa(BOBYQAOptimizer.java:336)
    at org.apache.commons.math3.optimization.direct.BOBYQAOptimizer.doOptimize(BOBYQAOptimizer.java:248)
    at org.apache.commons.math3.optimization.direct.BaseAbstractMultivariateOptimizer.optimizeInternal(BaseAbstractMultivariateOptimizer.java:206)
    at org.apache.commons.math3.optimization.direct.BaseAbstractMultivariateOptimizer.optimize(BaseAbstractMultivariateOptimizer.java:145)
java.lang.AssertionError: expected:<0.5> but was:<0.1054092553389458>
    at org.junit.Assert.fail(Assert.java:88)
    at org.junit.Assert.failNotEquals(Assert.java:743)
    at org.junit.Assert.assertEquals(Assert.java:494)
    at org.junit.Assert.assertEquals(Assert.java:592)
    at org.apache.commons.math3.stat.correlation.SpearmansRankCorrelationTest.testMath891Array(SpearmansRankCorrelationTest.java:132)
    at sun.reflect.NativeMethodAccessorImpl.invoke0(Native Method)
org.apache.commons.math3.linear.MatrixDimensionMismatchException: got 4x1 but expected 5x1
    at org.apache.commons.math3.linear.AbstractRealMatrix.setColumn(AbstractRealMatrix.java:587)
    at org.apache.commons.math3.stat.correlation.SpearmansCorrelation.rankTransform(SpearmansCorrelation.java:175)
    at org.apache.commons.math3.stat.correlation.SpearmansCorrelation.<init>(SpearmansCorrelation.java:92)
    at org.apache.commons.math3.stat.correlation.SpearmansRankCorrelationTest.testMath891Matrix(SpearmansRankCorrelationTest.java:148)
    at sun.reflect.NativeMethodAccessorImpl.invoke0(Native Method)
    at sun.reflect.NativeMethodAccessorImpl.invoke(NativeMethodAccessorImpl.java:62)
15:27:23.884 [pool-134-thread-1] INFO  xxl.java.junit.TestCasesListener - Tests run finished (47069 ms)
<> Total tests run: 49
<> Ignored tests: 0
<> Failed tests: 6
~ testAckley(org.apache.commons.math3.optim.nonlinear.scalar.noderiv.BOBYQAOptimizerTest)
[expected:<0.0> but was:<1.047765607609108E-8>]
java.lang.AssertionError: expected:<0.0> but was:<1.047765607609108E-8>    at org.junit.Assert.fail(Assert.java:88)
    at org.junit.Assert.failNotEquals(Assert.java:743)
    at org.junit.Assert.assertEquals(Assert.java:494)
    at org.apache.commons.math3.optim.nonlinear.scalar.noderiv.BOBYQAOptimizerTest.doTest(BOBYQAOptimizerTest.java:335)
    at org.apache.commons.math3.optim.nonlinear.scalar.noderiv.BOBYQAOptimizerTest.doTest(BOBYQAOptimizerTest.java:279)
    at org.apache.commons.math3.optim.nonlinear.scalar.noderiv.BOBYQAOptimizerTest.testAckley(BOBYQAOptimizerTest.java:208)
~ testDiffPow(org.apache.commons.math3.optim.nonlinear.scalar.noderiv.BOBYQAOptimizerTest)
[illegal state: maximal count (12,000) exceeded: evaluations]
org.apache.commons.math3.exception.TooManyEvaluationsException: illegal state: maximal count (12,000) exceeded: evaluations    at org.apache.commons.math3.optim.BaseOptimizer$MaxEvalCallback.trigger(BaseOptimizer.java:213)
    at org.apache.commons.math3.util.Incrementor.incrementCount(Incrementor.java:156)
    at org.apache.commons.math3.optim.BaseOptimizer.incrementEvaluationCount(BaseOptimizer.java:162)
    at org.apache.commons.math3.optim.nonlinear.scalar.MultivariateOptimizer.computeObjectiveValue(MultivariateOptimizer.java:115)
    at org.apache.commons.math3.optim.nonlinear.scalar.noderiv.BOBYQAOptimizer.bobyqb(BOBYQAOptimizer.java:824)
    at org.apache.commons.math3.optim.nonlinear.scalar.noderiv.BOBYQAOptimizer.bobyqa(BOBYQAOptimizer.java:330)
~ testAckley(org.apache.commons.math3.optimization.direct.BOBYQAOptimizerTest)
[expected:<0.0> but was:<1.047765607609108E-8>]
java.lang.AssertionError: expected:<0.0> but was:<1.047765607609108E-8>    at org.junit.Assert.fail(Assert.java:88)
    at org.junit.Assert.failNotEquals(Assert.java:743)
    at org.junit.Assert.assertEquals(Assert.java:494)
    at org.apache.commons.math3.optimization.direct.BOBYQAOptimizerTest.doTest(BOBYQAOptimizerTest.java:333)
    at org.apache.commons.math3.optimization.direct.BOBYQAOptimizerTest.doTest(BOBYQAOptimizerTest.java:278)
    at org.apache.commons.math3.optimization.direct.BOBYQAOptimizerTest.testAckley(BOBYQAOptimizerTest.java:207)
~ testDiffPow(org.apache.commons.math3.optimization.direct.BOBYQAOptimizerTest)
[illegal state: maximal count (12,000) exceeded: evaluations]
org.apache.commons.math3.exception.TooManyEvaluationsException: illegal state: maximal count (12,000) exceeded: evaluations    at org.apache.commons.math3.optimization.direct.BaseAbstractMultivariateOptimizer.computeObjectiveValue(BaseAbstractMultivariateOptimizer.java:108)
    at org.apache.commons.math3.optimization.direct.BOBYQAOptimizer.bobyqb(BOBYQAOptimizer.java:830)
    at org.apache.commons.math3.optimization.direct.BOBYQAOptimizer.bobyqa(BOBYQAOptimizer.java:336)
    at org.apache.commons.math3.optimization.direct.BOBYQAOptimizer.doOptimize(BOBYQAOptimizer.java:248)
    at org.apache.commons.math3.optimization.direct.BaseAbstractMultivariateOptimizer.optimizeInternal(BaseAbstractMultivariateOptimizer.java:206)
    at org.apache.commons.math3.optimization.direct.BaseAbstractMultivariateOptimizer.optimize(BaseAbstractMultivariateOptimizer.java:145)
~ testMath891Array(org.apache.commons.math3.stat.correlation.SpearmansRankCorrelationTest)
[expected:<0.5> but was:<0.1054092553389458>]
java.lang.AssertionError: expected:<0.5> but was:<0.1054092553389458>    at org.junit.Assert.fail(Assert.java:88)
    at org.junit.Assert.failNotEquals(Assert.java:743)
    at org.junit.Assert.assertEquals(Assert.java:494)
    at org.junit.Assert.assertEquals(Assert.java:592)
    at org.apache.commons.math3.stat.correlation.SpearmansRankCorrelationTest.testMath891Array(SpearmansRankCorrelationTest.java:132)
    at sun.reflect.NativeMethodAccessorImpl.invoke0(Native Method)
~ testMath891Matrix(org.apache.commons.math3.stat.correlation.SpearmansRankCorrelationTest)
[got 4x1 but expected 5x1]
org.apache.commons.math3.linear.MatrixDimensionMismatchException: got 4x1 but expected 5x1    at org.apache.commons.math3.linear.AbstractRealMatrix.setColumn(AbstractRealMatrix.java:587)
    at org.apache.commons.math3.stat.correlation.SpearmansCorrelation.rankTransform(SpearmansCorrelation.java:175)
    at org.apache.commons.math3.stat.correlation.SpearmansCorrelation.<init>(SpearmansCorrelation.java:92)
    at org.apache.commons.math3.stat.correlation.SpearmansRankCorrelationTest.testMath891Matrix(SpearmansRankCorrelationTest.java:148)
    at sun.reflect.NativeMethodAccessorImpl.invoke0(Native Method)
    at sun.reflect.NativeMethodAccessorImpl.invoke(NativeMethodAccessorImpl.java:62)

15:27:29.841 [pool-2-thread-1] DEBUG fr.inria.lille.repair.nopol.NoPol - looking with class fr.inria.lille.repair.nopol.spoon.smt.ConditionalReplacer
java.lang.AssertionError: expected:<0.0> but was:<1.047765607609108E-8>
    at org.junit.Assert.fail(Assert.java:88)
    at org.junit.Assert.failNotEquals(Assert.java:743)
    at org.junit.Assert.assertEquals(Assert.java:494)
    at org.apache.commons.math3.optim.nonlinear.scalar.noderiv.BOBYQAOptimizerTest.doTest(BOBYQAOptimizerTest.java:335)
    at org.apache.commons.math3.optim.nonlinear.scalar.noderiv.BOBYQAOptimizerTest.doTest(BOBYQAOptimizerTest.java:279)
    at org.apache.commons.math3.optim.nonlinear.scalar.noderiv.BOBYQAOptimizerTest.testAckley(BOBYQAOptimizerTest.java:208)
org.apache.commons.math3.exception.TooManyEvaluationsException: illegal state: maximal count (12,000) exceeded: evaluations
    at org.apache.commons.math3.optim.BaseOptimizer$MaxEvalCallback.trigger(BaseOptimizer.java:213)
    at org.apache.commons.math3.util.Incrementor.incrementCount(Incrementor.java:156)
    at org.apache.commons.math3.optim.BaseOptimizer.incrementEvaluationCount(BaseOptimizer.java:162)
    at org.apache.commons.math3.optim.nonlinear.scalar.MultivariateOptimizer.computeObjectiveValue(MultivariateOptimizer.java:115)
    at org.apache.commons.math3.optim.nonlinear.scalar.noderiv.BOBYQAOptimizer.bobyqb(BOBYQAOptimizer.java:824)
    at org.apache.commons.math3.optim.nonlinear.scalar.noderiv.BOBYQAOptimizer.bobyqa(BOBYQAOptimizer.java:330)
java.lang.AssertionError: expected:<0.0> but was:<1.047765607609108E-8>
    at org.junit.Assert.fail(Assert.java:88)
    at org.junit.Assert.failNotEquals(Assert.java:743)
    at org.junit.Assert.assertEquals(Assert.java:494)
    at org.apache.commons.math3.optimization.direct.BOBYQAOptimizerTest.doTest(BOBYQAOptimizerTest.java:333)
    at org.apache.commons.math3.optimization.direct.BOBYQAOptimizerTest.doTest(BOBYQAOptimizerTest.java:278)
    at org.apache.commons.math3.optimization.direct.BOBYQAOptimizerTest.testAckley(BOBYQAOptimizerTest.java:207)
org.apache.commons.math3.exception.TooManyEvaluationsException: illegal state: maximal count (12,000) exceeded: evaluations
    at org.apache.commons.math3.optimization.direct.BaseAbstractMultivariateOptimizer.computeObjectiveValue(BaseAbstractMultivariateOptimizer.java:108)
    at org.apache.commons.math3.optimization.direct.BOBYQAOptimizer.bobyqb(BOBYQAOptimizer.java:830)
    at org.apache.commons.math3.optimization.direct.BOBYQAOptimizer.bobyqa(BOBYQAOptimizer.java:336)
    at org.apache.commons.math3.optimization.direct.BOBYQAOptimizer.doOptimize(BOBYQAOptimizer.java:248)
    at org.apache.commons.math3.optimization.direct.BaseAbstractMultivariateOptimizer.optimizeInternal(BaseAbstractMultivariateOptimizer.java:206)
    at org.apache.commons.math3.optimization.direct.BaseAbstractMultivariateOptimizer.optimize(BaseAbstractMultivariateOptimizer.java:145)
java.lang.AssertionError: expected:<0.5> but was:<0.1054092553389458>
    at org.junit.Assert.fail(Assert.java:88)
    at org.junit.Assert.failNotEquals(Assert.java:743)
    at org.junit.Assert.assertEquals(Assert.java:494)
    at org.junit.Assert.assertEquals(Assert.java:592)
    at org.apache.commons.math3.stat.correlation.SpearmansRankCorrelationTest.testMath891Array(SpearmansRankCorrelationTest.java:132)
    at sun.reflect.NativeMethodAccessorImpl.invoke0(Native Method)
org.apache.commons.math3.linear.MatrixDimensionMismatchException: got 4x1 but expected 5x1
    at org.apache.commons.math3.linear.AbstractRealMatrix.setColumn(AbstractRealMatrix.java:587)
    at org.apache.commons.math3.stat.correlation.SpearmansCorrelation.rankTransform(SpearmansCorrelation.java:175)
    at org.apache.commons.math3.stat.correlation.SpearmansCorrelation.<init>(SpearmansCorrelation.java:92)
    at org.apache.commons.math3.stat.correlation.SpearmansRankCorrelationTest.testMath891Matrix(SpearmansRankCorrelationTest.java:148)
    at sun.reflect.NativeMethodAccessorImpl.invoke0(Native Method)
    at sun.reflect.NativeMethodAccessorImpl.invoke(NativeMethodAccessorImpl.java:62)
15:28:18.571 [pool-148-thread-1] INFO  xxl.java.junit.TestCasesListener - Tests run finished (48720 ms)
<> Total tests run: 49
<> Ignored tests: 0
<> Failed tests: 6
~ testAckley(org.apache.commons.math3.optim.nonlinear.scalar.noderiv.BOBYQAOptimizerTest)
[expected:<0.0> but was:<1.047765607609108E-8>]
java.lang.AssertionError: expected:<0.0> but was:<1.047765607609108E-8>    at org.junit.Assert.fail(Assert.java:88)
    at org.junit.Assert.failNotEquals(Assert.java:743)
    at org.junit.Assert.assertEquals(Assert.java:494)
    at org.apache.commons.math3.optim.nonlinear.scalar.noderiv.BOBYQAOptimizerTest.doTest(BOBYQAOptimizerTest.java:335)
    at org.apache.commons.math3.optim.nonlinear.scalar.noderiv.BOBYQAOptimizerTest.doTest(BOBYQAOptimizerTest.java:279)
    at org.apache.commons.math3.optim.nonlinear.scalar.noderiv.BOBYQAOptimizerTest.testAckley(BOBYQAOptimizerTest.java:208)
~ testDiffPow(org.apache.commons.math3.optim.nonlinear.scalar.noderiv.BOBYQAOptimizerTest)
[illegal state: maximal count (12,000) exceeded: evaluations]
org.apache.commons.math3.exception.TooManyEvaluationsException: illegal state: maximal count (12,000) exceeded: evaluations    at org.apache.commons.math3.optim.BaseOptimizer$MaxEvalCallback.trigger(BaseOptimizer.java:213)
    at org.apache.commons.math3.util.Incrementor.incrementCount(Incrementor.java:156)
    at org.apache.commons.math3.optim.BaseOptimizer.incrementEvaluationCount(BaseOptimizer.java:162)
    at org.apache.commons.math3.optim.nonlinear.scalar.MultivariateOptimizer.computeObjectiveValue(MultivariateOptimizer.java:115)
    at org.apache.commons.math3.optim.nonlinear.scalar.noderiv.BOBYQAOptimizer.bobyqb(BOBYQAOptimizer.java:824)
    at org.apache.commons.math3.optim.nonlinear.scalar.noderiv.BOBYQAOptimizer.bobyqa(BOBYQAOptimizer.java:330)
~ testAckley(org.apache.commons.math3.optimization.direct.BOBYQAOptimizerTest)
[expected:<0.0> but was:<1.047765607609108E-8>]
java.lang.AssertionError: expected:<0.0> but was:<1.047765607609108E-8>    at org.junit.Assert.fail(Assert.java:88)
    at org.junit.Assert.failNotEquals(Assert.java:743)
    at org.junit.Assert.assertEquals(Assert.java:494)
    at org.apache.commons.math3.optimization.direct.BOBYQAOptimizerTest.doTest(BOBYQAOptimizerTest.java:333)
    at org.apache.commons.math3.optimization.direct.BOBYQAOptimizerTest.doTest(BOBYQAOptimizerTest.java:278)
    at org.apache.commons.math3.optimization.direct.BOBYQAOptimizerTest.testAckley(BOBYQAOptimizerTest.java:207)
~ testDiffPow(org.apache.commons.math3.optimization.direct.BOBYQAOptimizerTest)
[illegal state: maximal count (12,000) exceeded: evaluations]
org.apache.commons.math3.exception.TooManyEvaluationsException: illegal state: maximal count (12,000) exceeded: evaluations    at org.apache.commons.math3.optimization.direct.BaseAbstractMultivariateOptimizer.computeObjectiveValue(BaseAbstractMultivariateOptimizer.java:108)
    at org.apache.commons.math3.optimization.direct.BOBYQAOptimizer.bobyqb(BOBYQAOptimizer.java:830)
    at org.apache.commons.math3.optimization.direct.BOBYQAOptimizer.bobyqa(BOBYQAOptimizer.java:336)
    at org.apache.commons.math3.optimization.direct.BOBYQAOptimizer.doOptimize(BOBYQAOptimizer.java:248)
    at org.apache.commons.math3.optimization.direct.BaseAbstractMultivariateOptimizer.optimizeInternal(BaseAbstractMultivariateOptimizer.java:206)
    at org.apache.commons.math3.optimization.direct.BaseAbstractMultivariateOptimizer.optimize(BaseAbstractMultivariateOptimizer.java:145)
~ testMath891Array(org.apache.commons.math3.stat.correlation.SpearmansRankCorrelationTest)
[expected:<0.5> but was:<0.1054092553389458>]
java.lang.AssertionError: expected:<0.5> but was:<0.1054092553389458>    at org.junit.Assert.fail(Assert.java:88)
    at org.junit.Assert.failNotEquals(Assert.java:743)
    at org.junit.Assert.assertEquals(Assert.java:494)
    at org.junit.Assert.assertEquals(Assert.java:592)
    at org.apache.commons.math3.stat.correlation.SpearmansRankCorrelationTest.testMath891Array(SpearmansRankCorrelationTest.java:132)
    at sun.reflect.NativeMethodAccessorImpl.invoke0(Native Method)
~ testMath891Matrix(org.apache.commons.math3.stat.correlation.SpearmansRankCorrelationTest)
[got 4x1 but expected 5x1]
org.apache.commons.math3.linear.MatrixDimensionMismatchException: got 4x1 but expected 5x1    at org.apache.commons.math3.linear.AbstractRealMatrix.setColumn(AbstractRealMatrix.java:587)
    at org.apache.commons.math3.stat.correlation.SpearmansCorrelation.rankTransform(SpearmansCorrelation.java:175)
    at org.apache.commons.math3.stat.correlation.SpearmansCorrelation.<init>(SpearmansCorrelation.java:92)
    at org.apache.commons.math3.stat.correlation.SpearmansRankCorrelationTest.testMath891Matrix(SpearmansRankCorrelationTest.java:148)
    at sun.reflect.NativeMethodAccessorImpl.invoke0(Native Method)
    at sun.reflect.NativeMethodAccessorImpl.invoke(NativeMethodAccessorImpl.java:62)

15:28:22.608 [pool-2-thread-1] DEBUG fr.inria.lille.repair.nopol.NoPol - statement #34
15:28:22.608 [pool-2-thread-1] DEBUG fr.inria.lille.repair.nopol.NoPol - Analysing SourceLocation org.apache.commons.math3.exception.util.ExceptionContext:179 which is executed by 10 tests
-310961535
15:28:22.719 [pool-2-thread-1] DEBUG fr.inria.lille.repair.nopol.NoPol - looking with class fr.inria.lille.repair.nopol.spoon.smt.ConditionalAdder
java.lang.AssertionError: expected:<0.0> but was:<1.047765607609108E-8>
    at org.junit.Assert.fail(Assert.java:88)
    at org.junit.Assert.failNotEquals(Assert.java:743)
    at org.junit.Assert.assertEquals(Assert.java:494)
    at org.apache.commons.math3.optim.nonlinear.scalar.noderiv.BOBYQAOptimizerTest.doTest(BOBYQAOptimizerTest.java:335)
    at org.apache.commons.math3.optim.nonlinear.scalar.noderiv.BOBYQAOptimizerTest.doTest(BOBYQAOptimizerTest.java:279)
    at org.apache.commons.math3.optim.nonlinear.scalar.noderiv.BOBYQAOptimizerTest.testAckley(BOBYQAOptimizerTest.java:208)
org.apache.commons.math3.exception.TooManyEvaluationsException: illegal state: maximal count (12,000) exceeded: evaluations
    at org.apache.commons.math3.optim.BaseOptimizer$MaxEvalCallback.trigger(BaseOptimizer.java:213)
    at org.apache.commons.math3.util.Incrementor.incrementCount(Incrementor.java:156)
    at org.apache.commons.math3.optim.BaseOptimizer.incrementEvaluationCount(BaseOptimizer.java:162)
    at org.apache.commons.math3.optim.nonlinear.scalar.MultivariateOptimizer.computeObjectiveValue(MultivariateOptimizer.java:115)
    at org.apache.commons.math3.optim.nonlinear.scalar.noderiv.BOBYQAOptimizer.bobyqb(BOBYQAOptimizer.java:824)
    at org.apache.commons.math3.optim.nonlinear.scalar.noderiv.BOBYQAOptimizer.bobyqa(BOBYQAOptimizer.java:330)
java.lang.AssertionError: expected:<0.0> but was:<1.047765607609108E-8>
    at org.junit.Assert.fail(Assert.java:88)
    at org.junit.Assert.failNotEquals(Assert.java:743)
    at org.junit.Assert.assertEquals(Assert.java:494)
    at org.apache.commons.math3.optimization.direct.BOBYQAOptimizerTest.doTest(BOBYQAOptimizerTest.java:333)
    at org.apache.commons.math3.optimization.direct.BOBYQAOptimizerTest.doTest(BOBYQAOptimizerTest.java:278)
    at org.apache.commons.math3.optimization.direct.BOBYQAOptimizerTest.testAckley(BOBYQAOptimizerTest.java:207)
org.apache.commons.math3.exception.TooManyEvaluationsException: illegal state: maximal count (12,000) exceeded: evaluations
    at org.apache.commons.math3.optimization.direct.BaseAbstractMultivariateOptimizer.computeObjectiveValue(BaseAbstractMultivariateOptimizer.java:108)
    at org.apache.commons.math3.optimization.direct.BOBYQAOptimizer.bobyqb(BOBYQAOptimizer.java:830)
    at org.apache.commons.math3.optimization.direct.BOBYQAOptimizer.bobyqa(BOBYQAOptimizer.java:336)
    at org.apache.commons.math3.optimization.direct.BOBYQAOptimizer.doOptimize(BOBYQAOptimizer.java:248)
    at org.apache.commons.math3.optimization.direct.BaseAbstractMultivariateOptimizer.optimizeInternal(BaseAbstractMultivariateOptimizer.java:206)
    at org.apache.commons.math3.optimization.direct.BaseAbstractMultivariateOptimizer.optimize(BaseAbstractMultivariateOptimizer.java:145)
java.lang.AssertionError: expected:<0.5> but was:<0.1054092553389458>
    at org.junit.Assert.fail(Assert.java:88)
    at org.junit.Assert.failNotEquals(Assert.java:743)
    at org.junit.Assert.assertEquals(Assert.java:494)
    at org.junit.Assert.assertEquals(Assert.java:592)
    at org.apache.commons.math3.stat.correlation.SpearmansRankCorrelationTest.testMath891Array(SpearmansRankCorrelationTest.java:132)
    at sun.reflect.NativeMethodAccessorImpl.invoke0(Native Method)
org.apache.commons.math3.linear.MatrixDimensionMismatchException: got 4x1 but expected 5x1
    at org.apache.commons.math3.linear.AbstractRealMatrix.setColumn(AbstractRealMatrix.java:587)
    at org.apache.commons.math3.stat.correlation.SpearmansCorrelation.rankTransform(SpearmansCorrelation.java:175)
    at org.apache.commons.math3.stat.correlation.SpearmansCorrelation.<init>(SpearmansCorrelation.java:92)
    at org.apache.commons.math3.stat.correlation.SpearmansRankCorrelationTest.testMath891Matrix(SpearmansRankCorrelationTest.java:148)
    at sun.reflect.NativeMethodAccessorImpl.invoke0(Native Method)
    at sun.reflect.NativeMethodAccessorImpl.invoke(NativeMethodAccessorImpl.java:62)
15:29:11.210 [pool-162-thread-1] INFO  xxl.java.junit.TestCasesListener - Tests run finished (48481 ms)
<> Total tests run: 49
<> Ignored tests: 0
<> Failed tests: 6
~ testAckley(org.apache.commons.math3.optim.nonlinear.scalar.noderiv.BOBYQAOptimizerTest)
[expected:<0.0> but was:<1.047765607609108E-8>]
java.lang.AssertionError: expected:<0.0> but was:<1.047765607609108E-8>    at org.junit.Assert.fail(Assert.java:88)
    at org.junit.Assert.failNotEquals(Assert.java:743)
    at org.junit.Assert.assertEquals(Assert.java:494)
    at org.apache.commons.math3.optim.nonlinear.scalar.noderiv.BOBYQAOptimizerTest.doTest(BOBYQAOptimizerTest.java:335)
    at org.apache.commons.math3.optim.nonlinear.scalar.noderiv.BOBYQAOptimizerTest.doTest(BOBYQAOptimizerTest.java:279)
    at org.apache.commons.math3.optim.nonlinear.scalar.noderiv.BOBYQAOptimizerTest.testAckley(BOBYQAOptimizerTest.java:208)
~ testDiffPow(org.apache.commons.math3.optim.nonlinear.scalar.noderiv.BOBYQAOptimizerTest)
[illegal state: maximal count (12,000) exceeded: evaluations]
org.apache.commons.math3.exception.TooManyEvaluationsException: illegal state: maximal count (12,000) exceeded: evaluations    at org.apache.commons.math3.optim.BaseOptimizer$MaxEvalCallback.trigger(BaseOptimizer.java:213)
    at org.apache.commons.math3.util.Incrementor.incrementCount(Incrementor.java:156)
    at org.apache.commons.math3.optim.BaseOptimizer.incrementEvaluationCount(BaseOptimizer.java:162)
    at org.apache.commons.math3.optim.nonlinear.scalar.MultivariateOptimizer.computeObjectiveValue(MultivariateOptimizer.java:115)
    at org.apache.commons.math3.optim.nonlinear.scalar.noderiv.BOBYQAOptimizer.bobyqb(BOBYQAOptimizer.java:824)
    at org.apache.commons.math3.optim.nonlinear.scalar.noderiv.BOBYQAOptimizer.bobyqa(BOBYQAOptimizer.java:330)
~ testAckley(org.apache.commons.math3.optimization.direct.BOBYQAOptimizerTest)
[expected:<0.0> but was:<1.047765607609108E-8>]
java.lang.AssertionError: expected:<0.0> but was:<1.047765607609108E-8>    at org.junit.Assert.fail(Assert.java:88)
    at org.junit.Assert.failNotEquals(Assert.java:743)
    at org.junit.Assert.assertEquals(Assert.java:494)
    at org.apache.commons.math3.optimization.direct.BOBYQAOptimizerTest.doTest(BOBYQAOptimizerTest.java:333)
    at org.apache.commons.math3.optimization.direct.BOBYQAOptimizerTest.doTest(BOBYQAOptimizerTest.java:278)
    at org.apache.commons.math3.optimization.direct.BOBYQAOptimizerTest.testAckley(BOBYQAOptimizerTest.java:207)
~ testDiffPow(org.apache.commons.math3.optimization.direct.BOBYQAOptimizerTest)
[illegal state: maximal count (12,000) exceeded: evaluations]
org.apache.commons.math3.exception.TooManyEvaluationsException: illegal state: maximal count (12,000) exceeded: evaluations    at org.apache.commons.math3.optimization.direct.BaseAbstractMultivariateOptimizer.computeObjectiveValue(BaseAbstractMultivariateOptimizer.java:108)
    at org.apache.commons.math3.optimization.direct.BOBYQAOptimizer.bobyqb(BOBYQAOptimizer.java:830)
    at org.apache.commons.math3.optimization.direct.BOBYQAOptimizer.bobyqa(BOBYQAOptimizer.java:336)
    at org.apache.commons.math3.optimization.direct.BOBYQAOptimizer.doOptimize(BOBYQAOptimizer.java:248)
    at org.apache.commons.math3.optimization.direct.BaseAbstractMultivariateOptimizer.optimizeInternal(BaseAbstractMultivariateOptimizer.java:206)
    at org.apache.commons.math3.optimization.direct.BaseAbstractMultivariateOptimizer.optimize(BaseAbstractMultivariateOptimizer.java:145)
~ testMath891Array(org.apache.commons.math3.stat.correlation.SpearmansRankCorrelationTest)
[expected:<0.5> but was:<0.1054092553389458>]
java.lang.AssertionError: expected:<0.5> but was:<0.1054092553389458>    at org.junit.Assert.fail(Assert.java:88)
    at org.junit.Assert.failNotEquals(Assert.java:743)
    at org.junit.Assert.assertEquals(Assert.java:494)
    at org.junit.Assert.assertEquals(Assert.java:592)
    at org.apache.commons.math3.stat.correlation.SpearmansRankCorrelationTest.testMath891Array(SpearmansRankCorrelationTest.java:132)
    at sun.reflect.NativeMethodAccessorImpl.invoke0(Native Method)
~ testMath891Matrix(org.apache.commons.math3.stat.correlation.SpearmansRankCorrelationTest)
[got 4x1 but expected 5x1]
org.apache.commons.math3.linear.MatrixDimensionMismatchException: got 4x1 but expected 5x1    at org.apache.commons.math3.linear.AbstractRealMatrix.setColumn(AbstractRealMatrix.java:587)
    at org.apache.commons.math3.stat.correlation.SpearmansCorrelation.rankTransform(SpearmansCorrelation.java:175)
    at org.apache.commons.math3.stat.correlation.SpearmansCorrelation.<init>(SpearmansCorrelation.java:92)
    at org.apache.commons.math3.stat.correlation.SpearmansRankCorrelationTest.testMath891Matrix(SpearmansRankCorrelationTest.java:148)
    at sun.reflect.NativeMethodAccessorImpl.invoke0(Native Method)
    at sun.reflect.NativeMethodAccessorImpl.invoke(NativeMethodAccessorImpl.java:62)

15:29:16.164 [pool-2-thread-1] DEBUG fr.inria.lille.repair.nopol.NoPol - statement #35
15:29:16.164 [pool-2-thread-1] DEBUG fr.inria.lille.repair.nopol.NoPol - Analysing SourceLocation org.apache.commons.math3.exception.util.ExceptionContext:177 which is executed by 10 tests
-310961535
15:29:16.274 [pool-2-thread-1] DEBUG fr.inria.lille.repair.nopol.NoPol - statement #36
15:29:16.274 [pool-2-thread-1] DEBUG fr.inria.lille.repair.nopol.NoPol - Analysing SourceLocation org.apache.commons.math3.exception.util.ExceptionContext:176 which is executed by 10 tests
-310961535
15:29:16.384 [pool-2-thread-1] DEBUG fr.inria.lille.repair.nopol.NoPol - statement #37
15:29:16.384 [pool-2-thread-1] DEBUG fr.inria.lille.repair.nopol.NoPol - Analysing SourceLocation org.apache.commons.math3.exception.util.ExceptionContext:175 which is executed by 10 tests
-310961535
15:29:16.494 [pool-2-thread-1] DEBUG fr.inria.lille.repair.nopol.NoPol - statement #38
15:29:16.494 [pool-2-thread-1] DEBUG fr.inria.lille.repair.nopol.NoPol - Analysing SourceLocation org.apache.commons.math3.exception.util.ExceptionContext:174 which is executed by 10 tests
-310961535
15:29:16.604 [pool-2-thread-1] DEBUG fr.inria.lille.repair.nopol.NoPol - looking with class fr.inria.lille.repair.nopol.spoon.smt.ConditionalAdder
java.lang.AssertionError: expected:<0.0> but was:<1.047765607609108E-8>
    at org.junit.Assert.fail(Assert.java:88)
    at org.junit.Assert.failNotEquals(Assert.java:743)
    at org.junit.Assert.assertEquals(Assert.java:494)
    at org.apache.commons.math3.optim.nonlinear.scalar.noderiv.BOBYQAOptimizerTest.doTest(BOBYQAOptimizerTest.java:335)
    at org.apache.commons.math3.optim.nonlinear.scalar.noderiv.BOBYQAOptimizerTest.doTest(BOBYQAOptimizerTest.java:279)
    at org.apache.commons.math3.optim.nonlinear.scalar.noderiv.BOBYQAOptimizerTest.testAckley(BOBYQAOptimizerTest.java:208)
org.apache.commons.math3.exception.TooManyEvaluationsException: illegal state: maximal count (12,000) exceeded: evaluations
    at org.apache.commons.math3.optim.BaseOptimizer$MaxEvalCallback.trigger(BaseOptimizer.java:213)
    at org.apache.commons.math3.util.Incrementor.incrementCount(Incrementor.java:156)
    at org.apache.commons.math3.optim.BaseOptimizer.incrementEvaluationCount(BaseOptimizer.java:162)
    at org.apache.commons.math3.optim.nonlinear.scalar.MultivariateOptimizer.computeObjectiveValue(MultivariateOptimizer.java:115)
    at org.apache.commons.math3.optim.nonlinear.scalar.noderiv.BOBYQAOptimizer.bobyqb(BOBYQAOptimizer.java:824)
    at org.apache.commons.math3.optim.nonlinear.scalar.noderiv.BOBYQAOptimizer.bobyqa(BOBYQAOptimizer.java:330)
java.lang.AssertionError: expected:<0.0> but was:<1.047765607609108E-8>
    at org.junit.Assert.fail(Assert.java:88)
    at org.junit.Assert.failNotEquals(Assert.java:743)
    at org.junit.Assert.assertEquals(Assert.java:494)
    at org.apache.commons.math3.optimization.direct.BOBYQAOptimizerTest.doTest(BOBYQAOptimizerTest.java:333)
    at org.apache.commons.math3.optimization.direct.BOBYQAOptimizerTest.doTest(BOBYQAOptimizerTest.java:278)
    at org.apache.commons.math3.optimization.direct.BOBYQAOptimizerTest.testAckley(BOBYQAOptimizerTest.java:207)
org.apache.commons.math3.exception.TooManyEvaluationsException: illegal state: maximal count (12,000) exceeded: evaluations
    at org.apache.commons.math3.optimization.direct.BaseAbstractMultivariateOptimizer.computeObjectiveValue(BaseAbstractMultivariateOptimizer.java:108)
    at org.apache.commons.math3.optimization.direct.BOBYQAOptimizer.bobyqb(BOBYQAOptimizer.java:830)
    at org.apache.commons.math3.optimization.direct.BOBYQAOptimizer.bobyqa(BOBYQAOptimizer.java:336)
    at org.apache.commons.math3.optimization.direct.BOBYQAOptimizer.doOptimize(BOBYQAOptimizer.java:248)
    at org.apache.commons.math3.optimization.direct.BaseAbstractMultivariateOptimizer.optimizeInternal(BaseAbstractMultivariateOptimizer.java:206)
    at org.apache.commons.math3.optimization.direct.BaseAbstractMultivariateOptimizer.optimize(BaseAbstractMultivariateOptimizer.java:145)
java.lang.AssertionError: expected:<0.5> but was:<0.1054092553389458>
    at org.junit.Assert.fail(Assert.java:88)
    at org.junit.Assert.failNotEquals(Assert.java:743)
    at org.junit.Assert.assertEquals(Assert.java:494)
    at org.junit.Assert.assertEquals(Assert.java:592)
    at org.apache.commons.math3.stat.correlation.SpearmansRankCorrelationTest.testMath891Array(SpearmansRankCorrelationTest.java:132)
    at sun.reflect.NativeMethodAccessorImpl.invoke0(Native Method)
org.apache.commons.math3.linear.MatrixDimensionMismatchException: got 4x1 but expected 5x1
    at org.apache.commons.math3.linear.AbstractRealMatrix.setColumn(AbstractRealMatrix.java:587)
    at org.apache.commons.math3.stat.correlation.SpearmansCorrelation.rankTransform(SpearmansCorrelation.java:175)
    at org.apache.commons.math3.stat.correlation.SpearmansCorrelation.<init>(SpearmansCorrelation.java:92)
    at org.apache.commons.math3.stat.correlation.SpearmansRankCorrelationTest.testMath891Matrix(SpearmansRankCorrelationTest.java:148)
    at sun.reflect.NativeMethodAccessorImpl.invoke0(Native Method)
    at sun.reflect.NativeMethodAccessorImpl.invoke(NativeMethodAccessorImpl.java:62)
15:30:05.049 [pool-176-thread-1] INFO  xxl.java.junit.TestCasesListener - Tests run finished (48436 ms)
<> Total tests run: 49
<> Ignored tests: 0
<> Failed tests: 6
~ testAckley(org.apache.commons.math3.optim.nonlinear.scalar.noderiv.BOBYQAOptimizerTest)
[expected:<0.0> but was:<1.047765607609108E-8>]
java.lang.AssertionError: expected:<0.0> but was:<1.047765607609108E-8>    at org.junit.Assert.fail(Assert.java:88)
    at org.junit.Assert.failNotEquals(Assert.java:743)
    at org.junit.Assert.assertEquals(Assert.java:494)
    at org.apache.commons.math3.optim.nonlinear.scalar.noderiv.BOBYQAOptimizerTest.doTest(BOBYQAOptimizerTest.java:335)
    at org.apache.commons.math3.optim.nonlinear.scalar.noderiv.BOBYQAOptimizerTest.doTest(BOBYQAOptimizerTest.java:279)
    at org.apache.commons.math3.optim.nonlinear.scalar.noderiv.BOBYQAOptimizerTest.testAckley(BOBYQAOptimizerTest.java:208)
~ testDiffPow(org.apache.commons.math3.optim.nonlinear.scalar.noderiv.BOBYQAOptimizerTest)
[illegal state: maximal count (12,000) exceeded: evaluations]
org.apache.commons.math3.exception.TooManyEvaluationsException: illegal state: maximal count (12,000) exceeded: evaluations    at org.apache.commons.math3.optim.BaseOptimizer$MaxEvalCallback.trigger(BaseOptimizer.java:213)
    at org.apache.commons.math3.util.Incrementor.incrementCount(Incrementor.java:156)
    at org.apache.commons.math3.optim.BaseOptimizer.incrementEvaluationCount(BaseOptimizer.java:162)
    at org.apache.commons.math3.optim.nonlinear.scalar.MultivariateOptimizer.computeObjectiveValue(MultivariateOptimizer.java:115)
    at org.apache.commons.math3.optim.nonlinear.scalar.noderiv.BOBYQAOptimizer.bobyqb(BOBYQAOptimizer.java:824)
    at org.apache.commons.math3.optim.nonlinear.scalar.noderiv.BOBYQAOptimizer.bobyqa(BOBYQAOptimizer.java:330)
~ testAckley(org.apache.commons.math3.optimization.direct.BOBYQAOptimizerTest)
[expected:<0.0> but was:<1.047765607609108E-8>]
java.lang.AssertionError: expected:<0.0> but was:<1.047765607609108E-8>    at org.junit.Assert.fail(Assert.java:88)
    at org.junit.Assert.failNotEquals(Assert.java:743)
    at org.junit.Assert.assertEquals(Assert.java:494)
    at org.apache.commons.math3.optimization.direct.BOBYQAOptimizerTest.doTest(BOBYQAOptimizerTest.java:333)
    at org.apache.commons.math3.optimization.direct.BOBYQAOptimizerTest.doTest(BOBYQAOptimizerTest.java:278)
    at org.apache.commons.math3.optimization.direct.BOBYQAOptimizerTest.testAckley(BOBYQAOptimizerTest.java:207)
~ testDiffPow(org.apache.commons.math3.optimization.direct.BOBYQAOptimizerTest)
[illegal state: maximal count (12,000) exceeded: evaluations]
org.apache.commons.math3.exception.TooManyEvaluationsException: illegal state: maximal count (12,000) exceeded: evaluations    at org.apache.commons.math3.optimization.direct.BaseAbstractMultivariateOptimizer.computeObjectiveValue(BaseAbstractMultivariateOptimizer.java:108)
    at org.apache.commons.math3.optimization.direct.BOBYQAOptimizer.bobyqb(BOBYQAOptimizer.java:830)
    at org.apache.commons.math3.optimization.direct.BOBYQAOptimizer.bobyqa(BOBYQAOptimizer.java:336)
    at org.apache.commons.math3.optimization.direct.BOBYQAOptimizer.doOptimize(BOBYQAOptimizer.java:248)
    at org.apache.commons.math3.optimization.direct.BaseAbstractMultivariateOptimizer.optimizeInternal(BaseAbstractMultivariateOptimizer.java:206)
    at org.apache.commons.math3.optimization.direct.BaseAbstractMultivariateOptimizer.optimize(BaseAbstractMultivariateOptimizer.java:145)
~ testMath891Array(org.apache.commons.math3.stat.correlation.SpearmansRankCorrelationTest)
[expected:<0.5> but was:<0.1054092553389458>]
java.lang.AssertionError: expected:<0.5> but was:<0.1054092553389458>    at org.junit.Assert.fail(Assert.java:88)
    at org.junit.Assert.failNotEquals(Assert.java:743)
    at org.junit.Assert.assertEquals(Assert.java:494)
    at org.junit.Assert.assertEquals(Assert.java:592)
    at org.apache.commons.math3.stat.correlation.SpearmansRankCorrelationTest.testMath891Array(SpearmansRankCorrelationTest.java:132)
    at sun.reflect.NativeMethodAccessorImpl.invoke0(Native Method)
~ testMath891Matrix(org.apache.commons.math3.stat.correlation.SpearmansRankCorrelationTest)
[got 4x1 but expected 5x1]
org.apache.commons.math3.linear.MatrixDimensionMismatchException: got 4x1 but expected 5x1    at org.apache.commons.math3.linear.AbstractRealMatrix.setColumn(AbstractRealMatrix.java:587)
    at org.apache.commons.math3.stat.correlation.SpearmansCorrelation.rankTransform(SpearmansCorrelation.java:175)
    at org.apache.commons.math3.stat.correlation.SpearmansCorrelation.<init>(SpearmansCorrelation.java:92)
    at org.apache.commons.math3.stat.correlation.SpearmansRankCorrelationTest.testMath891Matrix(SpearmansRankCorrelationTest.java:148)
    at sun.reflect.NativeMethodAccessorImpl.invoke0(Native Method)
    at sun.reflect.NativeMethodAccessorImpl.invoke(NativeMethodAccessorImpl.java:62)

15:30:08.842 [pool-2-thread-1] DEBUG fr.inria.lille.repair.nopol.NoPol - statement #39
15:30:08.842 [pool-2-thread-1] DEBUG fr.inria.lille.repair.nopol.NoPol - Analysing SourceLocation org.apache.commons.math3.exception.util.ExceptionContext:173 which is executed by 10 tests
-310961535
15:30:08.952 [pool-2-thread-1] DEBUG fr.inria.lille.repair.nopol.NoPol - statement #40
15:30:08.952 [pool-2-thread-1] DEBUG fr.inria.lille.repair.nopol.NoPol - Analysing SourceLocation org.apache.commons.math3.exception.util.ExceptionContext:172 which is executed by 10 tests
-310961535
15:30:09.074 [pool-2-thread-1] DEBUG fr.inria.lille.repair.nopol.NoPol - statement #41
15:30:09.074 [pool-2-thread-1] DEBUG fr.inria.lille.repair.nopol.NoPol - Analysing SourceLocation org.apache.commons.math3.exception.util.ExceptionContext:171 which is executed by 10 tests
-310961535
15:30:09.183 [pool-2-thread-1] DEBUG fr.inria.lille.repair.nopol.NoPol - statement #42
15:30:09.183 [pool-2-thread-1] DEBUG fr.inria.lille.repair.nopol.NoPol - Analysing SourceLocation org.apache.commons.math3.exception.util.LocalizedFormats:396 which is executed by 11 tests
-1352183934
15:30:09.322 [pool-2-thread-1] DEBUG fr.inria.lille.repair.nopol.NoPol - statement #43
15:30:09.322 [pool-2-thread-1] DEBUG fr.inria.lille.repair.nopol.NoPol - Analysing SourceLocation org.apache.commons.math3.optimization.direct.BOBYQAOptimizer:2069 which is executed by 5 tests
283261218
15:30:09.480 [pool-2-thread-1] DEBUG fr.inria.lille.repair.nopol.NoPol - looking with class fr.inria.lille.repair.nopol.spoon.smt.ConditionalAdder
java.lang.AssertionError: expected:<0.0> but was:<1.047765607609108E-8>
    at org.junit.Assert.fail(Assert.java:88)
    at org.junit.Assert.failNotEquals(Assert.java:743)
    at org.junit.Assert.assertEquals(Assert.java:494)
    at org.apache.commons.math3.optimization.direct.BOBYQAOptimizerTest.doTest(BOBYQAOptimizerTest.java:333)
    at org.apache.commons.math3.optimization.direct.BOBYQAOptimizerTest.doTest(BOBYQAOptimizerTest.java:278)
    at org.apache.commons.math3.optimization.direct.BOBYQAOptimizerTest.testAckley(BOBYQAOptimizerTest.java:207)
org.apache.commons.math3.exception.TooManyEvaluationsException: illegal state: maximal count (12,000) exceeded: evaluations
    at org.apache.commons.math3.optimization.direct.BaseAbstractMultivariateOptimizer.computeObjectiveValue(BaseAbstractMultivariateOptimizer.java:108)
    at org.apache.commons.math3.optimization.direct.BOBYQAOptimizer.bobyqb(BOBYQAOptimizer.java:830)
    at org.apache.commons.math3.optimization.direct.BOBYQAOptimizer.bobyqa(BOBYQAOptimizer.java:336)
    at org.apache.commons.math3.optimization.direct.BOBYQAOptimizer.doOptimize(BOBYQAOptimizer.java:248)
    at org.apache.commons.math3.optimization.direct.BaseAbstractMultivariateOptimizer.optimizeInternal(BaseAbstractMultivariateOptimizer.java:206)
    at org.apache.commons.math3.optimization.direct.BaseAbstractMultivariateOptimizer.optimize(BaseAbstractMultivariateOptimizer.java:145)
java.lang.AssertionError: expected:<0.0> but was:<1.047765607609108E-8>
    at org.junit.Assert.fail(Assert.java:88)
    at org.junit.Assert.failNotEquals(Assert.java:743)
    at org.junit.Assert.assertEquals(Assert.java:494)
    at org.apache.commons.math3.optimization.direct.BOBYQAOptimizerTest.doTest(BOBYQAOptimizerTest.java:333)
    at org.apache.commons.math3.optimization.direct.BOBYQAOptimizerTest.doTest(BOBYQAOptimizerTest.java:278)
    at org.apache.commons.math3.optimization.direct.BOBYQAOptimizerTest.testAckley(BOBYQAOptimizerTest.java:207)
org.apache.commons.math3.exception.TooManyEvaluationsException: illegal state: maximal count (12,000) exceeded: evaluations
    at org.apache.commons.math3.optimization.direct.BaseAbstractMultivariateOptimizer.computeObjectiveValue(BaseAbstractMultivariateOptimizer.java:108)
    at org.apache.commons.math3.optimization.direct.BOBYQAOptimizer.bobyqb(BOBYQAOptimizer.java:830)
    at org.apache.commons.math3.optimization.direct.BOBYQAOptimizer.bobyqa(BOBYQAOptimizer.java:336)
    at org.apache.commons.math3.optimization.direct.BOBYQAOptimizer.doOptimize(BOBYQAOptimizer.java:248)
    at org.apache.commons.math3.optimization.direct.BaseAbstractMultivariateOptimizer.optimizeInternal(BaseAbstractMultivariateOptimizer.java:206)
    at org.apache.commons.math3.optimization.direct.BaseAbstractMultivariateOptimizer.optimize(BaseAbstractMultivariateOptimizer.java:145)
15:30:55.181 [pool-190-thread-1] INFO  xxl.java.junit.TestCasesListener - Tests run finished (45697 ms)
<> Total tests run: 38
<> Ignored tests: 0
<> Failed tests: 4
~ testAckley(org.apache.commons.math3.optimization.direct.BOBYQAOptimizerTest)
[expected:<0.0> but was:<1.047765607609108E-8>]
java.lang.AssertionError: expected:<0.0> but was:<1.047765607609108E-8>    at org.junit.Assert.fail(Assert.java:88)
    at org.junit.Assert.failNotEquals(Assert.java:743)
    at org.junit.Assert.assertEquals(Assert.java:494)
    at org.apache.commons.math3.optimization.direct.BOBYQAOptimizerTest.doTest(BOBYQAOptimizerTest.java:333)
    at org.apache.commons.math3.optimization.direct.BOBYQAOptimizerTest.doTest(BOBYQAOptimizerTest.java:278)
    at org.apache.commons.math3.optimization.direct.BOBYQAOptimizerTest.testAckley(BOBYQAOptimizerTest.java:207)
~ testDiffPow(org.apache.commons.math3.optimization.direct.BOBYQAOptimizerTest)
[illegal state: maximal count (12,000) exceeded: evaluations]
org.apache.commons.math3.exception.TooManyEvaluationsException: illegal state: maximal count (12,000) exceeded: evaluations    at org.apache.commons.math3.optimization.direct.BaseAbstractMultivariateOptimizer.computeObjectiveValue(BaseAbstractMultivariateOptimizer.java:108)
    at org.apache.commons.math3.optimization.direct.BOBYQAOptimizer.bobyqb(BOBYQAOptimizer.java:830)
    at org.apache.commons.math3.optimization.direct.BOBYQAOptimizer.bobyqa(BOBYQAOptimizer.java:336)
    at org.apache.commons.math3.optimization.direct.BOBYQAOptimizer.doOptimize(BOBYQAOptimizer.java:248)
    at org.apache.commons.math3.optimization.direct.BaseAbstractMultivariateOptimizer.optimizeInternal(BaseAbstractMultivariateOptimizer.java:206)
    at org.apache.commons.math3.optimization.direct.BaseAbstractMultivariateOptimizer.optimize(BaseAbstractMultivariateOptimizer.java:145)
~ testAckley(org.apache.commons.math3.optimization.direct.BOBYQAOptimizerTest)
[expected:<0.0> but was:<1.047765607609108E-8>]
java.lang.AssertionError: expected:<0.0> but was:<1.047765607609108E-8>    at org.junit.Assert.fail(Assert.java:88)
    at org.junit.Assert.failNotEquals(Assert.java:743)
    at org.junit.Assert.assertEquals(Assert.java:494)
    at org.apache.commons.math3.optimization.direct.BOBYQAOptimizerTest.doTest(BOBYQAOptimizerTest.java:333)
    at org.apache.commons.math3.optimization.direct.BOBYQAOptimizerTest.doTest(BOBYQAOptimizerTest.java:278)
    at org.apache.commons.math3.optimization.direct.BOBYQAOptimizerTest.testAckley(BOBYQAOptimizerTest.java:207)
~ testDiffPow(org.apache.commons.math3.optimization.direct.BOBYQAOptimizerTest)
[illegal state: maximal count (12,000) exceeded: evaluations]
org.apache.commons.math3.exception.TooManyEvaluationsException: illegal state: maximal count (12,000) exceeded: evaluations    at org.apache.commons.math3.optimization.direct.BaseAbstractMultivariateOptimizer.computeObjectiveValue(BaseAbstractMultivariateOptimizer.java:108)
    at org.apache.commons.math3.optimization.direct.BOBYQAOptimizer.bobyqb(BOBYQAOptimizer.java:830)
    at org.apache.commons.math3.optimization.direct.BOBYQAOptimizer.bobyqa(BOBYQAOptimizer.java:336)
    at org.apache.commons.math3.optimization.direct.BOBYQAOptimizer.doOptimize(BOBYQAOptimizer.java:248)
    at org.apache.commons.math3.optimization.direct.BaseAbstractMultivariateOptimizer.optimizeInternal(BaseAbstractMultivariateOptimizer.java:206)
    at org.apache.commons.math3.optimization.direct.BaseAbstractMultivariateOptimizer.optimize(BaseAbstractMultivariateOptimizer.java:145)

15:32:41.342 [pool-2-thread-1] DEBUG fr.inria.lille.repair.nopol.NoPol - statement #44
15:32:41.343 [pool-2-thread-1] DEBUG fr.inria.lille.repair.nopol.NoPol - Analysing SourceLocation org.apache.commons.math3.optim.nonlinear.scalar.noderiv.BOBYQAOptimizer:2063 which is executed by 5 tests
283261218
15:32:41.518 [pool-2-thread-1] DEBUG fr.inria.lille.repair.nopol.NoPol - looking with class fr.inria.lille.repair.nopol.spoon.smt.ConditionalAdder
java.lang.AssertionError: expected:<0.0> but was:<1.047765607609108E-8>
    at org.junit.Assert.fail(Assert.java:88)
    at org.junit.Assert.failNotEquals(Assert.java:743)
    at org.junit.Assert.assertEquals(Assert.java:494)
    at org.apache.commons.math3.optim.nonlinear.scalar.noderiv.BOBYQAOptimizerTest.doTest(BOBYQAOptimizerTest.java:335)
    at org.apache.commons.math3.optim.nonlinear.scalar.noderiv.BOBYQAOptimizerTest.doTest(BOBYQAOptimizerTest.java:279)
    at org.apache.commons.math3.optim.nonlinear.scalar.noderiv.BOBYQAOptimizerTest.testAckley(BOBYQAOptimizerTest.java:208)
org.apache.commons.math3.exception.TooManyEvaluationsException: illegal state: maximal count (12,000) exceeded: evaluations
    at org.apache.commons.math3.optim.BaseOptimizer$MaxEvalCallback.trigger(BaseOptimizer.java:213)
    at org.apache.commons.math3.util.Incrementor.incrementCount(Incrementor.java:156)
    at org.apache.commons.math3.optim.BaseOptimizer.incrementEvaluationCount(BaseOptimizer.java:162)
    at org.apache.commons.math3.optim.nonlinear.scalar.MultivariateOptimizer.computeObjectiveValue(MultivariateOptimizer.java:115)
    at org.apache.commons.math3.optim.nonlinear.scalar.noderiv.BOBYQAOptimizer.bobyqb(BOBYQAOptimizer.java:824)
    at org.apache.commons.math3.optim.nonlinear.scalar.noderiv.BOBYQAOptimizer.bobyqa(BOBYQAOptimizer.java:330)
java.lang.AssertionError: expected:<0.0> but was:<1.047765607609108E-8>
    at org.junit.Assert.fail(Assert.java:88)
    at org.junit.Assert.failNotEquals(Assert.java:743)
    at org.junit.Assert.assertEquals(Assert.java:494)
    at org.apache.commons.math3.optim.nonlinear.scalar.noderiv.BOBYQAOptimizerTest.doTest(BOBYQAOptimizerTest.java:335)
    at org.apache.commons.math3.optim.nonlinear.scalar.noderiv.BOBYQAOptimizerTest.doTest(BOBYQAOptimizerTest.java:279)
    at org.apache.commons.math3.optim.nonlinear.scalar.noderiv.BOBYQAOptimizerTest.testAckley(BOBYQAOptimizerTest.java:208)
org.apache.commons.math3.exception.TooManyEvaluationsException: illegal state: maximal count (12,000) exceeded: evaluations
    at org.apache.commons.math3.optim.BaseOptimizer$MaxEvalCallback.trigger(BaseOptimizer.java:213)
    at org.apache.commons.math3.util.Incrementor.incrementCount(Incrementor.java:156)
    at org.apache.commons.math3.optim.BaseOptimizer.incrementEvaluationCount(BaseOptimizer.java:162)
    at org.apache.commons.math3.optim.nonlinear.scalar.MultivariateOptimizer.computeObjectiveValue(MultivariateOptimizer.java:115)
    at org.apache.commons.math3.optim.nonlinear.scalar.noderiv.BOBYQAOptimizer.bobyqb(BOBYQAOptimizer.java:824)
    at org.apache.commons.math3.optim.nonlinear.scalar.noderiv.BOBYQAOptimizer.bobyqa(BOBYQAOptimizer.java:330)
15:33:28.778 [pool-196-thread-1] INFO  xxl.java.junit.TestCasesListener - Tests run finished (47254 ms)
<> Total tests run: 38
<> Ignored tests: 0
<> Failed tests: 4
~ testAckley(org.apache.commons.math3.optim.nonlinear.scalar.noderiv.BOBYQAOptimizerTest)
[expected:<0.0> but was:<1.047765607609108E-8>]
java.lang.AssertionError: expected:<0.0> but was:<1.047765607609108E-8>    at org.junit.Assert.fail(Assert.java:88)
    at org.junit.Assert.failNotEquals(Assert.java:743)
    at org.junit.Assert.assertEquals(Assert.java:494)
    at org.apache.commons.math3.optim.nonlinear.scalar.noderiv.BOBYQAOptimizerTest.doTest(BOBYQAOptimizerTest.java:335)
    at org.apache.commons.math3.optim.nonlinear.scalar.noderiv.BOBYQAOptimizerTest.doTest(BOBYQAOptimizerTest.java:279)
    at org.apache.commons.math3.optim.nonlinear.scalar.noderiv.BOBYQAOptimizerTest.testAckley(BOBYQAOptimizerTest.java:208)
~ testDiffPow(org.apache.commons.math3.optim.nonlinear.scalar.noderiv.BOBYQAOptimizerTest)
[illegal state: maximal count (12,000) exceeded: evaluations]
org.apache.commons.math3.exception.TooManyEvaluationsException: illegal state: maximal count (12,000) exceeded: evaluations    at org.apache.commons.math3.optim.BaseOptimizer$MaxEvalCallback.trigger(BaseOptimizer.java:213)
    at org.apache.commons.math3.util.Incrementor.incrementCount(Incrementor.java:156)
    at org.apache.commons.math3.optim.BaseOptimizer.incrementEvaluationCount(BaseOptimizer.java:162)
    at org.apache.commons.math3.optim.nonlinear.scalar.MultivariateOptimizer.computeObjectiveValue(MultivariateOptimizer.java:115)
    at org.apache.commons.math3.optim.nonlinear.scalar.noderiv.BOBYQAOptimizer.bobyqb(BOBYQAOptimizer.java:824)
    at org.apache.commons.math3.optim.nonlinear.scalar.noderiv.BOBYQAOptimizer.bobyqa(BOBYQAOptimizer.java:330)
~ testAckley(org.apache.commons.math3.optim.nonlinear.scalar.noderiv.BOBYQAOptimizerTest)
[expected:<0.0> but was:<1.047765607609108E-8>]
java.lang.AssertionError: expected:<0.0> but was:<1.047765607609108E-8>    at org.junit.Assert.fail(Assert.java:88)
    at org.junit.Assert.failNotEquals(Assert.java:743)
    at org.junit.Assert.assertEquals(Assert.java:494)
    at org.apache.commons.math3.optim.nonlinear.scalar.noderiv.BOBYQAOptimizerTest.doTest(BOBYQAOptimizerTest.java:335)
    at org.apache.commons.math3.optim.nonlinear.scalar.noderiv.BOBYQAOptimizerTest.doTest(BOBYQAOptimizerTest.java:279)
    at org.apache.commons.math3.optim.nonlinear.scalar.noderiv.BOBYQAOptimizerTest.testAckley(BOBYQAOptimizerTest.java:208)
~ testDiffPow(org.apache.commons.math3.optim.nonlinear.scalar.noderiv.BOBYQAOptimizerTest)
[illegal state: maximal count (12,000) exceeded: evaluations]
org.apache.commons.math3.exception.TooManyEvaluationsException: illegal state: maximal count (12,000) exceeded: evaluations    at org.apache.commons.math3.optim.BaseOptimizer$MaxEvalCallback.trigger(BaseOptimizer.java:213)
    at org.apache.commons.math3.util.Incrementor.incrementCount(Incrementor.java:156)
    at org.apache.commons.math3.optim.BaseOptimizer.incrementEvaluationCount(BaseOptimizer.java:162)
    at org.apache.commons.math3.optim.nonlinear.scalar.MultivariateOptimizer.computeObjectiveValue(MultivariateOptimizer.java:115)
    at org.apache.commons.math3.optim.nonlinear.scalar.noderiv.BOBYQAOptimizer.bobyqb(BOBYQAOptimizer.java:824)
    at org.apache.commons.math3.optim.nonlinear.scalar.noderiv.BOBYQAOptimizer.bobyqa(BOBYQAOptimizer.java:330)

15:34:31.550 [pool-2-thread-1] DEBUG fr.inria.lille.repair.nopol.NoPol - statement #45
15:34:31.550 [pool-2-thread-1] DEBUG fr.inria.lille.repair.nopol.NoPol - Analysing SourceLocation org.apache.commons.math3.exception.util.LocalizedFormats:384 which is executed by 13 tests
-1352183934
15:34:31.700 [pool-2-thread-1] DEBUG fr.inria.lille.repair.nopol.NoPol - statement #46
15:34:31.700 [pool-2-thread-1] DEBUG fr.inria.lille.repair.nopol.NoPol - Analysing SourceLocation org.apache.commons.math3.exception.util.LocalizedFormats:383 which is executed by 13 tests
-1352183934
15:34:31.839 [pool-2-thread-1] DEBUG fr.inria.lille.repair.nopol.NoPol - statement #47
15:34:31.839 [pool-2-thread-1] DEBUG fr.inria.lille.repair.nopol.NoPol - Analysing SourceLocation org.apache.commons.math3.exception.util.LocalizedFormats:382 which is executed by 13 tests
-1352183934
15:34:31.981 [pool-2-thread-1] DEBUG fr.inria.lille.repair.nopol.NoPol - statement #48
15:34:31.982 [pool-2-thread-1] DEBUG fr.inria.lille.repair.nopol.NoPol - Analysing SourceLocation org.apache.commons.math3.optimization.direct.BOBYQAOptimizer:883 which is executed by 7 tests
283261218
15:34:32.136 [pool-2-thread-1] DEBUG fr.inria.lille.repair.nopol.NoPol - looking with class fr.inria.lille.repair.nopol.spoon.smt.ConditionalAdder
java.lang.AssertionError: expected:<0.0> but was:<1.047765607609108E-8>
    at org.junit.Assert.fail(Assert.java:88)
    at org.junit.Assert.failNotEquals(Assert.java:743)
    at org.junit.Assert.assertEquals(Assert.java:494)
    at org.apache.commons.math3.optimization.direct.BOBYQAOptimizerTest.doTest(BOBYQAOptimizerTest.java:333)
    at org.apache.commons.math3.optimization.direct.BOBYQAOptimizerTest.doTest(BOBYQAOptimizerTest.java:278)
    at org.apache.commons.math3.optimization.direct.BOBYQAOptimizerTest.testAckley(BOBYQAOptimizerTest.java:207)
org.apache.commons.math3.exception.TooManyEvaluationsException: illegal state: maximal count (12,000) exceeded: evaluations
    at org.apache.commons.math3.optimization.direct.BaseAbstractMultivariateOptimizer.computeObjectiveValue(BaseAbstractMultivariateOptimizer.java:108)
    at org.apache.commons.math3.optimization.direct.BOBYQAOptimizer.bobyqb(BOBYQAOptimizer.java:830)
    at org.apache.commons.math3.optimization.direct.BOBYQAOptimizer.bobyqa(BOBYQAOptimizer.java:336)
    at org.apache.commons.math3.optimization.direct.BOBYQAOptimizer.doOptimize(BOBYQAOptimizer.java:248)
    at org.apache.commons.math3.optimization.direct.BaseAbstractMultivariateOptimizer.optimizeInternal(BaseAbstractMultivariateOptimizer.java:206)
    at org.apache.commons.math3.optimization.direct.BaseAbstractMultivariateOptimizer.optimize(BaseAbstractMultivariateOptimizer.java:145)
java.lang.AssertionError: expected:<0.0> but was:<1.047765607609108E-8>
    at org.junit.Assert.fail(Assert.java:88)
    at org.junit.Assert.failNotEquals(Assert.java:743)
    at org.junit.Assert.assertEquals(Assert.java:494)
    at org.apache.commons.math3.optimization.direct.BOBYQAOptimizerTest.doTest(BOBYQAOptimizerTest.java:333)
    at org.apache.commons.math3.optimization.direct.BOBYQAOptimizerTest.doTest(BOBYQAOptimizerTest.java:278)
    at org.apache.commons.math3.optimization.direct.BOBYQAOptimizerTest.testAckley(BOBYQAOptimizerTest.java:207)
org.apache.commons.math3.exception.TooManyEvaluationsException: illegal state: maximal count (12,000) exceeded: evaluations
    at org.apache.commons.math3.optimization.direct.BaseAbstractMultivariateOptimizer.computeObjectiveValue(BaseAbstractMultivariateOptimizer.java:108)
    at org.apache.commons.math3.optimization.direct.BOBYQAOptimizer.bobyqb(BOBYQAOptimizer.java:830)
    at org.apache.commons.math3.optimization.direct.BOBYQAOptimizer.bobyqa(BOBYQAOptimizer.java:336)
    at org.apache.commons.math3.optimization.direct.BOBYQAOptimizer.doOptimize(BOBYQAOptimizer.java:248)
    at org.apache.commons.math3.optimization.direct.BaseAbstractMultivariateOptimizer.optimizeInternal(BaseAbstractMultivariateOptimizer.java:206)
    at org.apache.commons.math3.optimization.direct.BaseAbstractMultivariateOptimizer.optimize(BaseAbstractMultivariateOptimizer.java:145)
15:35:14.303 [pool-202-thread-1] INFO  xxl.java.junit.TestCasesListener - Tests run finished (42161 ms)
<> Total tests run: 38
<> Ignored tests: 0
<> Failed tests: 4
~ testAckley(org.apache.commons.math3.optimization.direct.BOBYQAOptimizerTest)
[expected:<0.0> but was:<1.047765607609108E-8>]
java.lang.AssertionError: expected:<0.0> but was:<1.047765607609108E-8>    at org.junit.Assert.fail(Assert.java:88)
    at org.junit.Assert.failNotEquals(Assert.java:743)
    at org.junit.Assert.assertEquals(Assert.java:494)
    at org.apache.commons.math3.optimization.direct.BOBYQAOptimizerTest.doTest(BOBYQAOptimizerTest.java:333)
    at org.apache.commons.math3.optimization.direct.BOBYQAOptimizerTest.doTest(BOBYQAOptimizerTest.java:278)
    at org.apache.commons.math3.optimization.direct.BOBYQAOptimizerTest.testAckley(BOBYQAOptimizerTest.java:207)
~ testDiffPow(org.apache.commons.math3.optimization.direct.BOBYQAOptimizerTest)
[illegal state: maximal count (12,000) exceeded: evaluations]
org.apache.commons.math3.exception.TooManyEvaluationsException: illegal state: maximal count (12,000) exceeded: evaluations    at org.apache.commons.math3.optimization.direct.BaseAbstractMultivariateOptimizer.computeObjectiveValue(BaseAbstractMultivariateOptimizer.java:108)
    at org.apache.commons.math3.optimization.direct.BOBYQAOptimizer.bobyqb(BOBYQAOptimizer.java:830)
    at org.apache.commons.math3.optimization.direct.BOBYQAOptimizer.bobyqa(BOBYQAOptimizer.java:336)
    at org.apache.commons.math3.optimization.direct.BOBYQAOptimizer.doOptimize(BOBYQAOptimizer.java:248)
    at org.apache.commons.math3.optimization.direct.BaseAbstractMultivariateOptimizer.optimizeInternal(BaseAbstractMultivariateOptimizer.java:206)
    at org.apache.commons.math3.optimization.direct.BaseAbstractMultivariateOptimizer.optimize(BaseAbstractMultivariateOptimizer.java:145)
~ testAckley(org.apache.commons.math3.optimization.direct.BOBYQAOptimizerTest)
[expected:<0.0> but was:<1.047765607609108E-8>]
java.lang.AssertionError: expected:<0.0> but was:<1.047765607609108E-8>    at org.junit.Assert.fail(Assert.java:88)
    at org.junit.Assert.failNotEquals(Assert.java:743)
    at org.junit.Assert.assertEquals(Assert.java:494)
    at org.apache.commons.math3.optimization.direct.BOBYQAOptimizerTest.doTest(BOBYQAOptimizerTest.java:333)
    at org.apache.commons.math3.optimization.direct.BOBYQAOptimizerTest.doTest(BOBYQAOptimizerTest.java:278)
    at org.apache.commons.math3.optimization.direct.BOBYQAOptimizerTest.testAckley(BOBYQAOptimizerTest.java:207)
~ testDiffPow(org.apache.commons.math3.optimization.direct.BOBYQAOptimizerTest)
[illegal state: maximal count (12,000) exceeded: evaluations]
org.apache.commons.math3.exception.TooManyEvaluationsException: illegal state: maximal count (12,000) exceeded: evaluations    at org.apache.commons.math3.optimization.direct.BaseAbstractMultivariateOptimizer.computeObjectiveValue(BaseAbstractMultivariateOptimizer.java:108)
    at org.apache.commons.math3.optimization.direct.BOBYQAOptimizer.bobyqb(BOBYQAOptimizer.java:830)
    at org.apache.commons.math3.optimization.direct.BOBYQAOptimizer.bobyqa(BOBYQAOptimizer.java:336)
    at org.apache.commons.math3.optimization.direct.BOBYQAOptimizer.doOptimize(BOBYQAOptimizer.java:248)
    at org.apache.commons.math3.optimization.direct.BaseAbstractMultivariateOptimizer.optimizeInternal(BaseAbstractMultivariateOptimizer.java:206)
    at org.apache.commons.math3.optimization.direct.BaseAbstractMultivariateOptimizer.optimize(BaseAbstractMultivariateOptimizer.java:145)

15:35:43.787 [pool-201-thread-1] DEBUG f.i.l.r.n.s.d.DynamothSynthesizer - Ignore the test org.apache.commons.math3.optimization.direct.BOBYQAOptimizerTest#testConstrainedRosen
15:35:44.493 [pool-201-thread-1] DEBUG f.i.l.r.n.s.d.DynamothSynthesizer - Ignore the test org.apache.commons.math3.optimization.direct.BOBYQAOptimizerTest#testElliRotated
15:35:44.648 [pool-201-thread-1] DEBUG f.i.l.r.n.s.d.DynamothSynthesizer - Ignore the test org.apache.commons.math3.optimization.direct.BOBYQAOptimizerTest#testSsDiffPow
15:36:02.697 [pool-201-thread-1] DEBUG f.i.l.r.n.s.d.DynamothSynthesizer - Ignore the test org.apache.commons.math3.optimization.direct.BOBYQAOptimizerTest#testConstrainedRosenWithMoreInterpolationPoints
15:36:02.812 [pool-201-thread-1] DEBUG f.i.l.r.n.s.d.DynamothSynthesizer - Ignore the test org.apache.commons.math3.optimization.direct.BOBYQAOptimizerTest#testRosen
15:36:02.853 [pool-201-thread-1] INFO  f.i.l.repair.nopol.patch.TestPatch - Applying patch: org.apache.commons.math3.optimization.direct.BOBYQAOptimizer:883: PRECONDITION false
15:36:03.271 [pool-201-thread-1] INFO  f.i.l.repair.nopol.patch.TestPatch - Running test suite to check the patch "false" is working
15:36:28.196 [pool-2-thread-1] INFO  fr.inria.lille.repair.nopol.NoPol - ----INFORMATION----
15:36:28.533 [pool-2-thread-1] INFO  fr.inria.lille.repair.nopol.NoPol - Nb classes : 714
15:36:28.534 [pool-2-thread-1] INFO  fr.inria.lille.repair.nopol.NoPol - Nb methods : 4789
15:36:28.534 [pool-2-thread-1] INFO  fr.inria.lille.repair.nopol.NoPol - Nb Statements Analyzed : 28
15:36:28.534 [pool-2-thread-1] INFO  fr.inria.lille.repair.nopol.NoPol - Nb Statements with Angelic Value Found : 1
15:36:28.534 [pool-2-thread-1] INFO  fr.inria.lille.repair.nopol.NoPol - NoPol Execution time : 1560713ms
15:36:28.534 [pool-2-thread-1] INFO  fr.inria.lille.repair.nopol.NoPol - 
15:36:28.534 [pool-2-thread-1] INFO  fr.inria.lille.repair.nopol.NoPol - ----PATCH FOUND----
15:36:28.534 [pool-2-thread-1] INFO  fr.inria.lille.repair.nopol.NoPol - false
15:36:28.722 [pool-2-thread-1] INFO  fr.inria.lille.repair.nopol.NoPol - Nb test that executes the patch: 7
15:36:28.723 [pool-2-thread-1] INFO  fr.inria.lille.repair.nopol.NoPol - org.apache.commons.math3.optimization.direct.BOBYQAOptimizer:883: PRECONDITION
15:36:28.777 [pool-2-thread-1] INFO  fr.inria.lille.repair.nopol.NoPol - --- a/src/main/java/org/apache/commons/math3/optimization/direct/BOBYQAOptimizer.java
+++ b/src/main/java/org/apache/commons/math3/optimization/direct/BOBYQAOptimizer.java
@@ -882,3 +882,5 @@
                     // Computing MAX
-                    delta = Math.max(hDelta, dnorm);
+                    if (false) {
+                        delta = Math.max(hDelta, dnorm);
+                    }
                 } else {

PATCH
3151.88user 16.74system 26:03.43elapsed 202%CPU (0avgtext+0avgdata 4407152maxresident)k
39872inputs+8976outputs (3major+2017323minor)pagefaults 0swaps


Node: petitprince-5.luxembourg.grid5000.fr



Date: Sun Dec 30 15:36:29 EST 2018

