cd /tmp/DynaMoth_Defects4J_Math_91;
export JAVA_TOOL_OPTIONS="-Dfile.encoding=UTF8 -Duser.language=en-US -Duser.country=US -Duser.language=en";
TZ="America/New_York"; export TZ;
export PATH="/usr/lib/jvm/java-1.8.0-openjdk-amd64/bin/:$PATH";
export JAVA_HOME="/usr/lib/jvm/java-1.8.0-openjdk-amd64/bin/";
time java -d64 -Xmx4g -Xms1g -XX:MaxPermSize=1024m -XX:+UseConcMarkSweepGC -XX:+CMSClassUnloadingEnabled -XX:+CMSClassUnloadingEnabled -cp /home/tdurieux/defects4j4repair/script/../repair_tools/nopol.jar:/usr/lib/jvm/java-1.8.0-openjdk-amd64/bin//../lib/tools.jar fr.inria.lille.repair.Main \
	--mode repair \
	--type pre_then_cond \
	--oracle angelic \
	--synthesis dynamoth \
	--flocal gzoltar \
	--json \
	--solver z3 \
	--solver-path /home/tdurieux/defects4j4repair/script/../libs/z3/build/z3 \
	--complianceLevel 5 \
	--source src/java/ \
	--classpath "target/classes/:target/test-classes/:/tmp/DynaMoth_Defects4J_Math_91/target/classes/:/tmp/DynaMoth_Defects4J_Math_91/target/test-classes/:/home/tdurieux/defects4j4repair/script/../benchmarks/defects4j/framework/projects/lib/junit-4.11.jar:/home/tdurieux/defects4j4repair/script/../repair_tools/nopol.jar";
	echo "\n\nNode: `hostname`\n";
	echo "\n\nDate: `date`\n";
Picked up JAVA_TOOL_OPTIONS: -Dfile.encoding=UTF8 -Duser.language=en-US -Duser.country=US -Duser.language=en
OpenJDK 64-Bit Server VM warning: ignoring option MaxPermSize=1024m; support was removed in 8.0
10:12:38.057 [main] INFO  fr.inria.lille.repair.nopol.NoPol - Source files: [src/java]
10:12:38.083 [main] INFO  fr.inria.lille.repair.nopol.NoPol - Classpath: [file:/tmp/DynaMoth_Defects4J_Math_91/target/classes/, file:/tmp/DynaMoth_Defects4J_Math_91/target/test-classes/, file:/tmp/DynaMoth_Defects4J_Math_91/target/classes/, file:/tmp/DynaMoth_Defects4J_Math_91/target/test-classes/, file:/home/tdurieux/defects4j4repair/script/../benchmarks/defects4j/framework/projects/lib/junit-4.11.jar, file:/home/tdurieux/defects4j4repair/script/../repair_tools/nopol.jar]
10:12:38.083 [main] INFO  fr.inria.lille.repair.nopol.NoPol - Statement type: PRE_THEN_COND
10:12:38.083 [main] INFO  fr.inria.lille.repair.nopol.NoPol - Args: [org.apache.commons.math.ArgumentOutsideDomainExceptionTest, org.apache.commons.math.ArgumentOutsideDomainExceptionTest, org.apache.commons.math.ConvergenceExceptionTest, org.apache.commons.math.ConvergenceExceptionTest, org.apache.commons.math.DuplicateSampleAbscissaExceptionTest, org.apache.commons.math.DuplicateSampleAbscissaExceptionTest, org.apache.commons.math.FunctionEvaluationExceptionTest, org.apache.commons.math.FunctionEvaluationExceptionTest, org.apache.commons.math.MathConfigurationExceptionTest, org.apache.commons.math.MathConfigurationExceptionTest, org.apache.commons.math.MathExceptionTest, org.apache.commons.math.MathExceptionTest, org.apache.commons.math.MaxIterationsExceededExceptionTest, org.apache.commons.math.MaxIterationsExceededExceptionTest, org.apache.commons.math.analysis.integration.LegendreGaussIntegratorTest, org.apache.commons.math.analysis.integration.LegendreGaussIntegratorTest, org.apache.commons.math.analysis.integration.RombergIntegratorTest, org.apache.commons.math.analysis.integration.RombergIntegratorTest, org.apache.commons.math.analysis.integration.SimpsonIntegratorTest, org.apache.commons.math.analysis.integration.SimpsonIntegratorTest, org.apache.commons.math.analysis.integration.TrapezoidIntegratorTest, org.apache.commons.math.analysis.integration.TrapezoidIntegratorTest, org.apache.commons.math.analysis.interpolation.DividedDifferenceInterpolatorTest, org.apache.commons.math.analysis.interpolation.DividedDifferenceInterpolatorTest, org.apache.commons.math.analysis.interpolation.NevilleInterpolatorTest, org.apache.commons.math.analysis.interpolation.NevilleInterpolatorTest, org.apache.commons.math.analysis.interpolation.SplineInterpolatorTest, org.apache.commons.math.analysis.interpolation.SplineInterpolatorTest, org.apache.commons.math.analysis.polynomials.PolynomialFunctionLagrangeFormTest, org.apache.commons.math.analysis.polynomials.PolynomialFunctionLagrangeFormTest, org.apache.commons.math.analysis.polynomials.PolynomialFunctionNewtonFormTest, org.apache.commons.math.analysis.polynomials.PolynomialFunctionNewtonFormTest, org.apache.commons.math.analysis.polynomials.PolynomialFunctionTest, org.apache.commons.math.analysis.polynomials.PolynomialFunctionTest, org.apache.commons.math.analysis.polynomials.PolynomialSplineFunctionTest, org.apache.commons.math.analysis.polynomials.PolynomialSplineFunctionTest, org.apache.commons.math.analysis.polynomials.PolynomialsUtilsTest, org.apache.commons.math.analysis.polynomials.PolynomialsUtilsTest, org.apache.commons.math.analysis.solvers.BisectionSolverTest, org.apache.commons.math.analysis.solvers.BisectionSolverTest, org.apache.commons.math.analysis.solvers.BrentSolverTest, org.apache.commons.math.analysis.solvers.BrentSolverTest, org.apache.commons.math.analysis.solvers.LaguerreSolverTest, org.apache.commons.math.analysis.solvers.LaguerreSolverTest, org.apache.commons.math.analysis.solvers.MullerSolverTest, org.apache.commons.math.analysis.solvers.MullerSolverTest, org.apache.commons.math.analysis.solvers.NewtonSolverTest, org.apache.commons.math.analysis.solvers.NewtonSolverTest, org.apache.commons.math.analysis.solvers.RiddersSolverTest, org.apache.commons.math.analysis.solvers.RiddersSolverTest, org.apache.commons.math.analysis.solvers.UnivariateRealSolverFactoryImplTest, org.apache.commons.math.analysis.solvers.UnivariateRealSolverFactoryImplTest, org.apache.commons.math.analysis.solvers.UnivariateRealSolverUtilsTest, org.apache.commons.math.analysis.solvers.UnivariateRealSolverUtilsTest, org.apache.commons.math.complex.ComplexFormatTest, org.apache.commons.math.complex.ComplexFormatTest, org.apache.commons.math.complex.ComplexTest, org.apache.commons.math.complex.ComplexTest, org.apache.commons.math.complex.ComplexUtilsTest, org.apache.commons.math.complex.ComplexUtilsTest, org.apache.commons.math.complex.FrenchComplexFormatTest, org.apache.commons.math.complex.FrenchComplexFormatTest, org.apache.commons.math.distribution.BetaDistributionTest, org.apache.commons.math.distribution.BetaDistributionTest, org.apache.commons.math.distribution.BinomialDistributionTest, org.apache.commons.math.distribution.BinomialDistributionTest, org.apache.commons.math.distribution.CauchyDistributionTest, org.apache.commons.math.distribution.CauchyDistributionTest, org.apache.commons.math.distribution.ChiSquareDistributionTest, org.apache.commons.math.distribution.ChiSquareDistributionTest, org.apache.commons.math.distribution.ExponentialDistributionTest, org.apache.commons.math.distribution.ExponentialDistributionTest, org.apache.commons.math.distribution.FDistributionTest, org.apache.commons.math.distribution.FDistributionTest, org.apache.commons.math.distribution.GammaDistributionTest, org.apache.commons.math.distribution.GammaDistributionTest, org.apache.commons.math.distribution.HypergeometricDistributionTest, org.apache.commons.math.distribution.HypergeometricDistributionTest, org.apache.commons.math.distribution.NormalDistributionTest, org.apache.commons.math.distribution.NormalDistributionTest, org.apache.commons.math.distribution.PascalDistributionTest, org.apache.commons.math.distribution.PascalDistributionTest, org.apache.commons.math.distribution.PoissonDistributionTest, org.apache.commons.math.distribution.PoissonDistributionTest, org.apache.commons.math.distribution.TDistributionTest, org.apache.commons.math.distribution.TDistributionTest, org.apache.commons.math.distribution.WeibullDistributionTest, org.apache.commons.math.distribution.WeibullDistributionTest, org.apache.commons.math.distribution.ZipfDistributionTest, org.apache.commons.math.distribution.ZipfDistributionTest, org.apache.commons.math.estimation.EstimatedParameterTest, org.apache.commons.math.estimation.EstimatedParameterTest, org.apache.commons.math.estimation.GaussNewtonEstimatorTest, org.apache.commons.math.estimation.GaussNewtonEstimatorTest, org.apache.commons.math.estimation.LevenbergMarquardtEstimatorTest, org.apache.commons.math.estimation.LevenbergMarquardtEstimatorTest, org.apache.commons.math.estimation.MinpackTest, org.apache.commons.math.estimation.MinpackTest, org.apache.commons.math.estimation.WeightedMeasurementTest, org.apache.commons.math.estimation.WeightedMeasurementTest, org.apache.commons.math.fraction.BigFractionFormatTest, org.apache.commons.math.fraction.BigFractionFormatTest, org.apache.commons.math.fraction.BigFractionTest, org.apache.commons.math.fraction.BigFractionTest, org.apache.commons.math.fraction.FractionFormatTest, org.apache.commons.math.fraction.FractionFormatTest, org.apache.commons.math.fraction.FractionTest, org.apache.commons.math.fraction.FractionTest, org.apache.commons.math.geometry.FrenchVector3DFormatTest, org.apache.commons.math.geometry.FrenchVector3DFormatTest, org.apache.commons.math.geometry.RotationOrderTest, org.apache.commons.math.geometry.RotationOrderTest, org.apache.commons.math.geometry.RotationTest, org.apache.commons.math.geometry.RotationTest, org.apache.commons.math.geometry.Vector3DFormatTest, org.apache.commons.math.geometry.Vector3DFormatTest, org.apache.commons.math.geometry.Vector3DTest, org.apache.commons.math.geometry.Vector3DTest, org.apache.commons.math.linear.BigMatrixImplTest, org.apache.commons.math.linear.BigMatrixImplTest, org.apache.commons.math.linear.DenseRealMatrixTest, org.apache.commons.math.linear.DenseRealMatrixTest, org.apache.commons.math.linear.FrenchRealVectorFormatTest, org.apache.commons.math.linear.FrenchRealVectorFormatTest, org.apache.commons.math.linear.InvalidMatrixExceptionTest, org.apache.commons.math.linear.InvalidMatrixExceptionTest, org.apache.commons.math.linear.MatrixIndexExceptionTest, org.apache.commons.math.linear.MatrixIndexExceptionTest, org.apache.commons.math.linear.MatrixUtilsTest, org.apache.commons.math.linear.MatrixUtilsTest, org.apache.commons.math.linear.RealMatrixImplTest, org.apache.commons.math.linear.RealMatrixImplTest, org.apache.commons.math.linear.RealVectorFormatTest, org.apache.commons.math.linear.RealVectorFormatTest, org.apache.commons.math.linear.RealVectorImplTest, org.apache.commons.math.linear.RealVectorImplTest, org.apache.commons.math.linear.SparseRealMatrixTest, org.apache.commons.math.linear.SparseRealMatrixTest, org.apache.commons.math.linear.SparseRealVectorTest, org.apache.commons.math.linear.SparseRealVectorTest, org.apache.commons.math.linear.decomposition.BiDiagonalTransformerTest, org.apache.commons.math.linear.decomposition.BiDiagonalTransformerTest, org.apache.commons.math.linear.decomposition.CholeskyDecompositionImplTest, org.apache.commons.math.linear.decomposition.CholeskyDecompositionImplTest, org.apache.commons.math.linear.decomposition.CholeskySolverTest, org.apache.commons.math.linear.decomposition.CholeskySolverTest, org.apache.commons.math.linear.decomposition.EigenDecompositionImplTest, org.apache.commons.math.linear.decomposition.EigenDecompositionImplTest, org.apache.commons.math.linear.decomposition.EigenSolverTest, org.apache.commons.math.linear.decomposition.EigenSolverTest, org.apache.commons.math.linear.decomposition.LUDecompositionImplTest, org.apache.commons.math.linear.decomposition.LUDecompositionImplTest, org.apache.commons.math.linear.decomposition.LUSolverTest, org.apache.commons.math.linear.decomposition.LUSolverTest, org.apache.commons.math.linear.decomposition.QRDecompositionImplTest, org.apache.commons.math.linear.decomposition.QRDecompositionImplTest, org.apache.commons.math.linear.decomposition.QRSolverTest, org.apache.commons.math.linear.decomposition.QRSolverTest, org.apache.commons.math.linear.decomposition.SingularValueDecompositionImplTest, org.apache.commons.math.linear.decomposition.SingularValueDecompositionImplTest, org.apache.commons.math.linear.decomposition.SingularValueSolverTest, org.apache.commons.math.linear.decomposition.SingularValueSolverTest, org.apache.commons.math.linear.decomposition.TriDiagonalTransformerTest, org.apache.commons.math.linear.decomposition.TriDiagonalTransformerTest, org.apache.commons.math.ode.ContinuousOutputModelTest, org.apache.commons.math.ode.ContinuousOutputModelTest, org.apache.commons.math.ode.FirstOrderConverterTest, org.apache.commons.math.ode.FirstOrderConverterTest, org.apache.commons.math.ode.nonstiff.AdamsBashforthIntegratorTest, org.apache.commons.math.ode.nonstiff.AdamsBashforthIntegratorTest, org.apache.commons.math.ode.nonstiff.AdamsMoultonIntegratorTest, org.apache.commons.math.ode.nonstiff.AdamsMoultonIntegratorTest, org.apache.commons.math.ode.nonstiff.ClassicalRungeKuttaIntegratorTest, org.apache.commons.math.ode.nonstiff.ClassicalRungeKuttaIntegratorTest, org.apache.commons.math.ode.nonstiff.ClassicalRungeKuttaStepInterpolatorTest, org.apache.commons.math.ode.nonstiff.ClassicalRungeKuttaStepInterpolatorTest, org.apache.commons.math.ode.nonstiff.DormandPrince54IntegratorTest, org.apache.commons.math.ode.nonstiff.DormandPrince54IntegratorTest, org.apache.commons.math.ode.nonstiff.DormandPrince54StepInterpolatorTest, org.apache.commons.math.ode.nonstiff.DormandPrince54StepInterpolatorTest, org.apache.commons.math.ode.nonstiff.DormandPrince853IntegratorTest, org.apache.commons.math.ode.nonstiff.DormandPrince853IntegratorTest, org.apache.commons.math.ode.nonstiff.DormandPrince853StepInterpolatorTest, org.apache.commons.math.ode.nonstiff.DormandPrince853StepInterpolatorTest, org.apache.commons.math.ode.nonstiff.EulerIntegratorTest, org.apache.commons.math.ode.nonstiff.EulerIntegratorTest, org.apache.commons.math.ode.nonstiff.EulerStepInterpolatorTest, org.apache.commons.math.ode.nonstiff.EulerStepInterpolatorTest, org.apache.commons.math.ode.nonstiff.GillIntegratorTest, org.apache.commons.math.ode.nonstiff.GillIntegratorTest, org.apache.commons.math.ode.nonstiff.GillStepInterpolatorTest, org.apache.commons.math.ode.nonstiff.GillStepInterpolatorTest, org.apache.commons.math.ode.nonstiff.GraggBulirschStoerIntegratorTest, org.apache.commons.math.ode.nonstiff.GraggBulirschStoerIntegratorTest, org.apache.commons.math.ode.nonstiff.GraggBulirschStoerStepInterpolatorTest, org.apache.commons.math.ode.nonstiff.GraggBulirschStoerStepInterpolatorTest, org.apache.commons.math.ode.nonstiff.HighamHall54IntegratorTest, org.apache.commons.math.ode.nonstiff.HighamHall54IntegratorTest, org.apache.commons.math.ode.nonstiff.HighamHall54StepInterpolatorTest, org.apache.commons.math.ode.nonstiff.HighamHall54StepInterpolatorTest, org.apache.commons.math.ode.nonstiff.MidpointIntegratorTest, org.apache.commons.math.ode.nonstiff.MidpointIntegratorTest, org.apache.commons.math.ode.nonstiff.MidpointStepInterpolatorTest, org.apache.commons.math.ode.nonstiff.MidpointStepInterpolatorTest, org.apache.commons.math.ode.nonstiff.StepInterpolatorAbstractTest, org.apache.commons.math.ode.nonstiff.StepInterpolatorAbstractTest, org.apache.commons.math.ode.nonstiff.ThreeEighthesIntegratorTest, org.apache.commons.math.ode.nonstiff.ThreeEighthesIntegratorTest, org.apache.commons.math.ode.nonstiff.ThreeEighthesStepInterpolatorTest, org.apache.commons.math.ode.nonstiff.ThreeEighthesStepInterpolatorTest, org.apache.commons.math.ode.sampling.DummyStepInterpolatorTest, org.apache.commons.math.ode.sampling.DummyStepInterpolatorTest, org.apache.commons.math.ode.sampling.StepNormalizerTest, org.apache.commons.math.ode.sampling.StepNormalizerTest, org.apache.commons.math.optimization.direct.MultiDirectionalTest, org.apache.commons.math.optimization.direct.MultiDirectionalTest, org.apache.commons.math.optimization.direct.NelderMeadTest, org.apache.commons.math.optimization.direct.NelderMeadTest, org.apache.commons.math.optimization.general.GaussNewtonOptimizerTest, org.apache.commons.math.optimization.general.GaussNewtonOptimizerTest, org.apache.commons.math.optimization.general.LevenbergMarquardtOptimizerTest, org.apache.commons.math.optimization.general.LevenbergMarquardtOptimizerTest, org.apache.commons.math.optimization.general.MinpackTest, org.apache.commons.math.optimization.general.MinpackTest, org.apache.commons.math.optimization.general.NonLinearConjugateGradientOptimizerTest, org.apache.commons.math.optimization.general.NonLinearConjugateGradientOptimizerTest, org.apache.commons.math.optimization.linear.SimplexSolverTest, org.apache.commons.math.optimization.linear.SimplexSolverTest, org.apache.commons.math.optimization.linear.SimplexTableauTest, org.apache.commons.math.optimization.linear.SimplexTableauTest, org.apache.commons.math.optimization.univariate.BrentMinimizerTest, org.apache.commons.math.optimization.univariate.BrentMinimizerTest, org.apache.commons.math.random.AbstractRandomGeneratorTest, org.apache.commons.math.random.AbstractRandomGeneratorTest, org.apache.commons.math.random.CorrelatedRandomVectorGeneratorTest, org.apache.commons.math.random.CorrelatedRandomVectorGeneratorTest, org.apache.commons.math.random.EmpiricalDistributionTest, org.apache.commons.math.random.EmpiricalDistributionTest, org.apache.commons.math.random.GaussianRandomGeneratorTest, org.apache.commons.math.random.GaussianRandomGeneratorTest, org.apache.commons.math.random.RandomAdaptorTest, org.apache.commons.math.random.RandomAdaptorTest, org.apache.commons.math.random.RandomDataTest, org.apache.commons.math.random.RandomDataTest, org.apache.commons.math.random.UncorrelatedRandomVectorGeneratorTest, org.apache.commons.math.random.UncorrelatedRandomVectorGeneratorTest, org.apache.commons.math.random.UniformRandomGeneratorTest, org.apache.commons.math.random.UniformRandomGeneratorTest, org.apache.commons.math.random.ValueServerTest, org.apache.commons.math.random.ValueServerTest, org.apache.commons.math.special.BetaTest, org.apache.commons.math.special.BetaTest, org.apache.commons.math.special.ErfTest, org.apache.commons.math.special.ErfTest, org.apache.commons.math.special.GammaTest, org.apache.commons.math.special.GammaTest, org.apache.commons.math.stat.CertifiedDataTest, org.apache.commons.math.stat.CertifiedDataTest, org.apache.commons.math.stat.FrequencyTest, org.apache.commons.math.stat.FrequencyTest, org.apache.commons.math.stat.StatUtilsTest, org.apache.commons.math.stat.StatUtilsTest, org.apache.commons.math.stat.correlation.CovarianceTest, org.apache.commons.math.stat.correlation.CovarianceTest, org.apache.commons.math.stat.correlation.PearsonsCorrelationTest, org.apache.commons.math.stat.correlation.PearsonsCorrelationTest, org.apache.commons.math.stat.data.LewTest, org.apache.commons.math.stat.data.LewTest, org.apache.commons.math.stat.data.LotteryTest, org.apache.commons.math.stat.data.LotteryTest, org.apache.commons.math.stat.descriptive.AbstractUnivariateStatisticTest, org.apache.commons.math.stat.descriptive.AbstractUnivariateStatisticTest, org.apache.commons.math.stat.descriptive.DescriptiveStatisticsTest, org.apache.commons.math.stat.descriptive.DescriptiveStatisticsTest, org.apache.commons.math.stat.descriptive.InteractionTest, org.apache.commons.math.stat.descriptive.InteractionTest, org.apache.commons.math.stat.descriptive.ListUnivariateImplTest, org.apache.commons.math.stat.descriptive.ListUnivariateImplTest, org.apache.commons.math.stat.descriptive.MixedListUnivariateImplTest, org.apache.commons.math.stat.descriptive.MixedListUnivariateImplTest, org.apache.commons.math.stat.descriptive.MultivariateSummaryStatisticsTest, org.apache.commons.math.stat.descriptive.MultivariateSummaryStatisticsTest, org.apache.commons.math.stat.descriptive.StatisticalSummaryValuesTest, org.apache.commons.math.stat.descriptive.StatisticalSummaryValuesTest, org.apache.commons.math.stat.descriptive.SummaryStatisticsTest, org.apache.commons.math.stat.descriptive.SummaryStatisticsTest, org.apache.commons.math.stat.descriptive.SynchronizedDescriptiveStatisticsTest, org.apache.commons.math.stat.descriptive.SynchronizedDescriptiveStatisticsTest, org.apache.commons.math.stat.descriptive.SynchronizedSummaryStatisticsTest, org.apache.commons.math.stat.descriptive.SynchronizedSummaryStatisticsTest, org.apache.commons.math.stat.descriptive.moment.FirstMomentTest, org.apache.commons.math.stat.descriptive.moment.FirstMomentTest, org.apache.commons.math.stat.descriptive.moment.FourthMomentTest, org.apache.commons.math.stat.descriptive.moment.FourthMomentTest, org.apache.commons.math.stat.descriptive.moment.GeometricMeanTest, org.apache.commons.math.stat.descriptive.moment.GeometricMeanTest, org.apache.commons.math.stat.descriptive.moment.KurtosisTest, org.apache.commons.math.stat.descriptive.moment.KurtosisTest, org.apache.commons.math.stat.descriptive.moment.MeanTest, org.apache.commons.math.stat.descriptive.moment.MeanTest, org.apache.commons.math.stat.descriptive.moment.SecondMomentTest, org.apache.commons.math.stat.descriptive.moment.SecondMomentTest, org.apache.commons.math.stat.descriptive.moment.SkewnessTest, org.apache.commons.math.stat.descriptive.moment.SkewnessTest, org.apache.commons.math.stat.descriptive.moment.StandardDeviationTest, org.apache.commons.math.stat.descriptive.moment.StandardDeviationTest, org.apache.commons.math.stat.descriptive.moment.ThirdMomentTest, org.apache.commons.math.stat.descriptive.moment.ThirdMomentTest, org.apache.commons.math.stat.descriptive.moment.VarianceTest, org.apache.commons.math.stat.descriptive.moment.VarianceTest, org.apache.commons.math.stat.descriptive.moment.VectorialCovarianceTest, org.apache.commons.math.stat.descriptive.moment.VectorialCovarianceTest, org.apache.commons.math.stat.descriptive.moment.VectorialMeanTest, org.apache.commons.math.stat.descriptive.moment.VectorialMeanTest, org.apache.commons.math.stat.descriptive.rank.MaxTest, org.apache.commons.math.stat.descriptive.rank.MaxTest, org.apache.commons.math.stat.descriptive.rank.MedianTest, org.apache.commons.math.stat.descriptive.rank.MedianTest, org.apache.commons.math.stat.descriptive.rank.MinTest, org.apache.commons.math.stat.descriptive.rank.MinTest, org.apache.commons.math.stat.descriptive.rank.PercentileTest, org.apache.commons.math.stat.descriptive.rank.PercentileTest, org.apache.commons.math.stat.descriptive.summary.ProductTest, org.apache.commons.math.stat.descriptive.summary.ProductTest, org.apache.commons.math.stat.descriptive.summary.SumLogTest, org.apache.commons.math.stat.descriptive.summary.SumLogTest, org.apache.commons.math.stat.descriptive.summary.SumSqTest, org.apache.commons.math.stat.descriptive.summary.SumSqTest, org.apache.commons.math.stat.descriptive.summary.SumTest, org.apache.commons.math.stat.descriptive.summary.SumTest, org.apache.commons.math.stat.inference.ChiSquareFactoryTest, org.apache.commons.math.stat.inference.ChiSquareFactoryTest, org.apache.commons.math.stat.inference.ChiSquareTestTest, org.apache.commons.math.stat.inference.ChiSquareTestTest, org.apache.commons.math.stat.inference.OneWayAnovaTest, org.apache.commons.math.stat.inference.OneWayAnovaTest, org.apache.commons.math.stat.inference.TTestFactoryTest, org.apache.commons.math.stat.inference.TTestFactoryTest, org.apache.commons.math.stat.inference.TTestTest, org.apache.commons.math.stat.inference.TTestTest, org.apache.commons.math.stat.inference.TestUtilsTest, org.apache.commons.math.stat.inference.TestUtilsTest, org.apache.commons.math.stat.regression.GLSMultipleLinearRegressionTest, org.apache.commons.math.stat.regression.GLSMultipleLinearRegressionTest, org.apache.commons.math.stat.regression.OLSMultipleLinearRegressionTest, org.apache.commons.math.stat.regression.OLSMultipleLinearRegressionTest, org.apache.commons.math.stat.regression.SimpleRegressionTest, org.apache.commons.math.stat.regression.SimpleRegressionTest, org.apache.commons.math.transform.FastCosineTransformerTest, org.apache.commons.math.transform.FastCosineTransformerTest, org.apache.commons.math.transform.FastFourierTransformerTest, org.apache.commons.math.transform.FastFourierTransformerTest, org.apache.commons.math.transform.FastHadamardTransformerTest, org.apache.commons.math.transform.FastHadamardTransformerTest, org.apache.commons.math.transform.FastSineTransformerTest, org.apache.commons.math.transform.FastSineTransformerTest, org.apache.commons.math.util.ContinuedFractionTest, org.apache.commons.math.util.ContinuedFractionTest, org.apache.commons.math.util.DefaultTransformerTest, org.apache.commons.math.util.DefaultTransformerTest, org.apache.commons.math.util.MathUtilsTest, org.apache.commons.math.util.MathUtilsTest, org.apache.commons.math.util.OpenIntToDoubleHashMapTest, org.apache.commons.math.util.OpenIntToDoubleHashMapTest, org.apache.commons.math.util.ResizableDoubleArrayTest, org.apache.commons.math.util.ResizableDoubleArrayTest, org.apache.commons.math.util.TransformerMapTest, org.apache.commons.math.util.TransformerMapTest]
10:12:38.085 [main] INFO  fr.inria.lille.repair.nopol.NoPol - Config: Config{synthesisDepth=3, collectStaticMethods=true, collectStaticFields=false, collectLiterals=false, onlyOneSynthesisResult=true, sortExpressions=true, maxLineInvocationPerTest=250, timeoutMethodInvocation=2000, dataCollectionTimeoutInSecondForSynthesis=900, addWeight=0.19478, subWeight=0.04554, mulWeight=0.0102, divWeight=0.00613, andWeight=0.10597, orWeight=0.05708, eqWeight=0.22798, nEqWeight=0.0, lessEqWeight=0.0255, lessWeight=0.0947, methodCallWeight=0.1, fieldAccessWeight=0.08099, constantWeight=0.14232, variableWeight=0.05195, mode=REPAIR, type=PRE_THEN_COND, synthesis=DYNAMOTH, oracle=ANGELIC, solver=Z3, solverPath='/home/tdurieux/defects4j4repair/script/../libs/z3/build/z3', projectSources=[src/java], projectClasspath='[Ljava.net.URL;@2ff4f00f', projectTests=[org.apache.commons.math.ArgumentOutsideDomainExceptionTest, org.apache.commons.math.ArgumentOutsideDomainExceptionTest, org.apache.commons.math.ConvergenceExceptionTest, org.apache.commons.math.ConvergenceExceptionTest, org.apache.commons.math.DuplicateSampleAbscissaExceptionTest, org.apache.commons.math.DuplicateSampleAbscissaExceptionTest, org.apache.commons.math.FunctionEvaluationExceptionTest, org.apache.commons.math.FunctionEvaluationExceptionTest, org.apache.commons.math.MathConfigurationExceptionTest, org.apache.commons.math.MathConfigurationExceptionTest, org.apache.commons.math.MathExceptionTest, org.apache.commons.math.MathExceptionTest, org.apache.commons.math.MaxIterationsExceededExceptionTest, org.apache.commons.math.MaxIterationsExceededExceptionTest, org.apache.commons.math.analysis.integration.LegendreGaussIntegratorTest, org.apache.commons.math.analysis.integration.LegendreGaussIntegratorTest, org.apache.commons.math.analysis.integration.RombergIntegratorTest, org.apache.commons.math.analysis.integration.RombergIntegratorTest, org.apache.commons.math.analysis.integration.SimpsonIntegratorTest, org.apache.commons.math.analysis.integration.SimpsonIntegratorTest, org.apache.commons.math.analysis.integration.TrapezoidIntegratorTest, org.apache.commons.math.analysis.integration.TrapezoidIntegratorTest, org.apache.commons.math.analysis.interpolation.DividedDifferenceInterpolatorTest, org.apache.commons.math.analysis.interpolation.DividedDifferenceInterpolatorTest, org.apache.commons.math.analysis.interpolation.NevilleInterpolatorTest, org.apache.commons.math.analysis.interpolation.NevilleInterpolatorTest, org.apache.commons.math.analysis.interpolation.SplineInterpolatorTest, org.apache.commons.math.analysis.interpolation.SplineInterpolatorTest, org.apache.commons.math.analysis.polynomials.PolynomialFunctionLagrangeFormTest, org.apache.commons.math.analysis.polynomials.PolynomialFunctionLagrangeFormTest, org.apache.commons.math.analysis.polynomials.PolynomialFunctionNewtonFormTest, org.apache.commons.math.analysis.polynomials.PolynomialFunctionNewtonFormTest, org.apache.commons.math.analysis.polynomials.PolynomialFunctionTest, org.apache.commons.math.analysis.polynomials.PolynomialFunctionTest, org.apache.commons.math.analysis.polynomials.PolynomialSplineFunctionTest, org.apache.commons.math.analysis.polynomials.PolynomialSplineFunctionTest, org.apache.commons.math.analysis.polynomials.PolynomialsUtilsTest, org.apache.commons.math.analysis.polynomials.PolynomialsUtilsTest, org.apache.commons.math.analysis.solvers.BisectionSolverTest, org.apache.commons.math.analysis.solvers.BisectionSolverTest, org.apache.commons.math.analysis.solvers.BrentSolverTest, org.apache.commons.math.analysis.solvers.BrentSolverTest, org.apache.commons.math.analysis.solvers.LaguerreSolverTest, org.apache.commons.math.analysis.solvers.LaguerreSolverTest, org.apache.commons.math.analysis.solvers.MullerSolverTest, org.apache.commons.math.analysis.solvers.MullerSolverTest, org.apache.commons.math.analysis.solvers.NewtonSolverTest, org.apache.commons.math.analysis.solvers.NewtonSolverTest, org.apache.commons.math.analysis.solvers.RiddersSolverTest, org.apache.commons.math.analysis.solvers.RiddersSolverTest, org.apache.commons.math.analysis.solvers.UnivariateRealSolverFactoryImplTest, org.apache.commons.math.analysis.solvers.UnivariateRealSolverFactoryImplTest, org.apache.commons.math.analysis.solvers.UnivariateRealSolverUtilsTest, org.apache.commons.math.analysis.solvers.UnivariateRealSolverUtilsTest, org.apache.commons.math.complex.ComplexFormatTest, org.apache.commons.math.complex.ComplexFormatTest, org.apache.commons.math.complex.ComplexTest, org.apache.commons.math.complex.ComplexTest, org.apache.commons.math.complex.ComplexUtilsTest, org.apache.commons.math.complex.ComplexUtilsTest, org.apache.commons.math.complex.FrenchComplexFormatTest, org.apache.commons.math.complex.FrenchComplexFormatTest, org.apache.commons.math.distribution.BetaDistributionTest, org.apache.commons.math.distribution.BetaDistributionTest, org.apache.commons.math.distribution.BinomialDistributionTest, org.apache.commons.math.distribution.BinomialDistributionTest, org.apache.commons.math.distribution.CauchyDistributionTest, org.apache.commons.math.distribution.CauchyDistributionTest, org.apache.commons.math.distribution.ChiSquareDistributionTest, org.apache.commons.math.distribution.ChiSquareDistributionTest, org.apache.commons.math.distribution.ExponentialDistributionTest, org.apache.commons.math.distribution.ExponentialDistributionTest, org.apache.commons.math.distribution.FDistributionTest, org.apache.commons.math.distribution.FDistributionTest, org.apache.commons.math.distribution.GammaDistributionTest, org.apache.commons.math.distribution.GammaDistributionTest, org.apache.commons.math.distribution.HypergeometricDistributionTest, org.apache.commons.math.distribution.HypergeometricDistributionTest, org.apache.commons.math.distribution.NormalDistributionTest, org.apache.commons.math.distribution.NormalDistributionTest, org.apache.commons.math.distribution.PascalDistributionTest, org.apache.commons.math.distribution.PascalDistributionTest, org.apache.commons.math.distribution.PoissonDistributionTest, org.apache.commons.math.distribution.PoissonDistributionTest, org.apache.commons.math.distribution.TDistributionTest, org.apache.commons.math.distribution.TDistributionTest, org.apache.commons.math.distribution.WeibullDistributionTest, org.apache.commons.math.distribution.WeibullDistributionTest, org.apache.commons.math.distribution.ZipfDistributionTest, org.apache.commons.math.distribution.ZipfDistributionTest, org.apache.commons.math.estimation.EstimatedParameterTest, org.apache.commons.math.estimation.EstimatedParameterTest, org.apache.commons.math.estimation.GaussNewtonEstimatorTest, org.apache.commons.math.estimation.GaussNewtonEstimatorTest, org.apache.commons.math.estimation.LevenbergMarquardtEstimatorTest, org.apache.commons.math.estimation.LevenbergMarquardtEstimatorTest, org.apache.commons.math.estimation.MinpackTest, org.apache.commons.math.estimation.MinpackTest, org.apache.commons.math.estimation.WeightedMeasurementTest, org.apache.commons.math.estimation.WeightedMeasurementTest, org.apache.commons.math.fraction.BigFractionFormatTest, org.apache.commons.math.fraction.BigFractionFormatTest, org.apache.commons.math.fraction.BigFractionTest, org.apache.commons.math.fraction.BigFractionTest, org.apache.commons.math.fraction.FractionFormatTest, org.apache.commons.math.fraction.FractionFormatTest, org.apache.commons.math.fraction.FractionTest, org.apache.commons.math.fraction.FractionTest, org.apache.commons.math.geometry.FrenchVector3DFormatTest, org.apache.commons.math.geometry.FrenchVector3DFormatTest, org.apache.commons.math.geometry.RotationOrderTest, org.apache.commons.math.geometry.RotationOrderTest, org.apache.commons.math.geometry.RotationTest, org.apache.commons.math.geometry.RotationTest, org.apache.commons.math.geometry.Vector3DFormatTest, org.apache.commons.math.geometry.Vector3DFormatTest, org.apache.commons.math.geometry.Vector3DTest, org.apache.commons.math.geometry.Vector3DTest, org.apache.commons.math.linear.BigMatrixImplTest, org.apache.commons.math.linear.BigMatrixImplTest, org.apache.commons.math.linear.DenseRealMatrixTest, org.apache.commons.math.linear.DenseRealMatrixTest, org.apache.commons.math.linear.FrenchRealVectorFormatTest, org.apache.commons.math.linear.FrenchRealVectorFormatTest, org.apache.commons.math.linear.InvalidMatrixExceptionTest, org.apache.commons.math.linear.InvalidMatrixExceptionTest, org.apache.commons.math.linear.MatrixIndexExceptionTest, org.apache.commons.math.linear.MatrixIndexExceptionTest, org.apache.commons.math.linear.MatrixUtilsTest, org.apache.commons.math.linear.MatrixUtilsTest, org.apache.commons.math.linear.RealMatrixImplTest, org.apache.commons.math.linear.RealMatrixImplTest, org.apache.commons.math.linear.RealVectorFormatTest, org.apache.commons.math.linear.RealVectorFormatTest, org.apache.commons.math.linear.RealVectorImplTest, org.apache.commons.math.linear.RealVectorImplTest, org.apache.commons.math.linear.SparseRealMatrixTest, org.apache.commons.math.linear.SparseRealMatrixTest, org.apache.commons.math.linear.SparseRealVectorTest, org.apache.commons.math.linear.SparseRealVectorTest, org.apache.commons.math.linear.decomposition.BiDiagonalTransformerTest, org.apache.commons.math.linear.decomposition.BiDiagonalTransformerTest, org.apache.commons.math.linear.decomposition.CholeskyDecompositionImplTest, org.apache.commons.math.linear.decomposition.CholeskyDecompositionImplTest, org.apache.commons.math.linear.decomposition.CholeskySolverTest, org.apache.commons.math.linear.decomposition.CholeskySolverTest, org.apache.commons.math.linear.decomposition.EigenDecompositionImplTest, org.apache.commons.math.linear.decomposition.EigenDecompositionImplTest, org.apache.commons.math.linear.decomposition.EigenSolverTest, org.apache.commons.math.linear.decomposition.EigenSolverTest, org.apache.commons.math.linear.decomposition.LUDecompositionImplTest, org.apache.commons.math.linear.decomposition.LUDecompositionImplTest, org.apache.commons.math.linear.decomposition.LUSolverTest, org.apache.commons.math.linear.decomposition.LUSolverTest, org.apache.commons.math.linear.decomposition.QRDecompositionImplTest, org.apache.commons.math.linear.decomposition.QRDecompositionImplTest, org.apache.commons.math.linear.decomposition.QRSolverTest, org.apache.commons.math.linear.decomposition.QRSolverTest, org.apache.commons.math.linear.decomposition.SingularValueDecompositionImplTest, org.apache.commons.math.linear.decomposition.SingularValueDecompositionImplTest, org.apache.commons.math.linear.decomposition.SingularValueSolverTest, org.apache.commons.math.linear.decomposition.SingularValueSolverTest, org.apache.commons.math.linear.decomposition.TriDiagonalTransformerTest, org.apache.commons.math.linear.decomposition.TriDiagonalTransformerTest, org.apache.commons.math.ode.ContinuousOutputModelTest, org.apache.commons.math.ode.ContinuousOutputModelTest, org.apache.commons.math.ode.FirstOrderConverterTest, org.apache.commons.math.ode.FirstOrderConverterTest, org.apache.commons.math.ode.nonstiff.AdamsBashforthIntegratorTest, org.apache.commons.math.ode.nonstiff.AdamsBashforthIntegratorTest, org.apache.commons.math.ode.nonstiff.AdamsMoultonIntegratorTest, org.apache.commons.math.ode.nonstiff.AdamsMoultonIntegratorTest, org.apache.commons.math.ode.nonstiff.ClassicalRungeKuttaIntegratorTest, org.apache.commons.math.ode.nonstiff.ClassicalRungeKuttaIntegratorTest, org.apache.commons.math.ode.nonstiff.ClassicalRungeKuttaStepInterpolatorTest, org.apache.commons.math.ode.nonstiff.ClassicalRungeKuttaStepInterpolatorTest, org.apache.commons.math.ode.nonstiff.DormandPrince54IntegratorTest, org.apache.commons.math.ode.nonstiff.DormandPrince54IntegratorTest, org.apache.commons.math.ode.nonstiff.DormandPrince54StepInterpolatorTest, org.apache.commons.math.ode.nonstiff.DormandPrince54StepInterpolatorTest, org.apache.commons.math.ode.nonstiff.DormandPrince853IntegratorTest, org.apache.commons.math.ode.nonstiff.DormandPrince853IntegratorTest, org.apache.commons.math.ode.nonstiff.DormandPrince853StepInterpolatorTest, org.apache.commons.math.ode.nonstiff.DormandPrince853StepInterpolatorTest, org.apache.commons.math.ode.nonstiff.EulerIntegratorTest, org.apache.commons.math.ode.nonstiff.EulerIntegratorTest, org.apache.commons.math.ode.nonstiff.EulerStepInterpolatorTest, org.apache.commons.math.ode.nonstiff.EulerStepInterpolatorTest, org.apache.commons.math.ode.nonstiff.GillIntegratorTest, org.apache.commons.math.ode.nonstiff.GillIntegratorTest, org.apache.commons.math.ode.nonstiff.GillStepInterpolatorTest, org.apache.commons.math.ode.nonstiff.GillStepInterpolatorTest, org.apache.commons.math.ode.nonstiff.GraggBulirschStoerIntegratorTest, org.apache.commons.math.ode.nonstiff.GraggBulirschStoerIntegratorTest, org.apache.commons.math.ode.nonstiff.GraggBulirschStoerStepInterpolatorTest, org.apache.commons.math.ode.nonstiff.GraggBulirschStoerStepInterpolatorTest, org.apache.commons.math.ode.nonstiff.HighamHall54IntegratorTest, org.apache.commons.math.ode.nonstiff.HighamHall54IntegratorTest, org.apache.commons.math.ode.nonstiff.HighamHall54StepInterpolatorTest, org.apache.commons.math.ode.nonstiff.HighamHall54StepInterpolatorTest, org.apache.commons.math.ode.nonstiff.MidpointIntegratorTest, org.apache.commons.math.ode.nonstiff.MidpointIntegratorTest, org.apache.commons.math.ode.nonstiff.MidpointStepInterpolatorTest, org.apache.commons.math.ode.nonstiff.MidpointStepInterpolatorTest, org.apache.commons.math.ode.nonstiff.StepInterpolatorAbstractTest, org.apache.commons.math.ode.nonstiff.StepInterpolatorAbstractTest, org.apache.commons.math.ode.nonstiff.ThreeEighthesIntegratorTest, org.apache.commons.math.ode.nonstiff.ThreeEighthesIntegratorTest, org.apache.commons.math.ode.nonstiff.ThreeEighthesStepInterpolatorTest, org.apache.commons.math.ode.nonstiff.ThreeEighthesStepInterpolatorTest, org.apache.commons.math.ode.sampling.DummyStepInterpolatorTest, org.apache.commons.math.ode.sampling.DummyStepInterpolatorTest, org.apache.commons.math.ode.sampling.StepNormalizerTest, org.apache.commons.math.ode.sampling.StepNormalizerTest, org.apache.commons.math.optimization.direct.MultiDirectionalTest, org.apache.commons.math.optimization.direct.MultiDirectionalTest, org.apache.commons.math.optimization.direct.NelderMeadTest, org.apache.commons.math.optimization.direct.NelderMeadTest, org.apache.commons.math.optimization.general.GaussNewtonOptimizerTest, org.apache.commons.math.optimization.general.GaussNewtonOptimizerTest, org.apache.commons.math.optimization.general.LevenbergMarquardtOptimizerTest, org.apache.commons.math.optimization.general.LevenbergMarquardtOptimizerTest, org.apache.commons.math.optimization.general.MinpackTest, org.apache.commons.math.optimization.general.MinpackTest, org.apache.commons.math.optimization.general.NonLinearConjugateGradientOptimizerTest, org.apache.commons.math.optimization.general.NonLinearConjugateGradientOptimizerTest, org.apache.commons.math.optimization.linear.SimplexSolverTest, org.apache.commons.math.optimization.linear.SimplexSolverTest, org.apache.commons.math.optimization.linear.SimplexTableauTest, org.apache.commons.math.optimization.linear.SimplexTableauTest, org.apache.commons.math.optimization.univariate.BrentMinimizerTest, org.apache.commons.math.optimization.univariate.BrentMinimizerTest, org.apache.commons.math.random.AbstractRandomGeneratorTest, org.apache.commons.math.random.AbstractRandomGeneratorTest, org.apache.commons.math.random.CorrelatedRandomVectorGeneratorTest, org.apache.commons.math.random.CorrelatedRandomVectorGeneratorTest, org.apache.commons.math.random.EmpiricalDistributionTest, org.apache.commons.math.random.EmpiricalDistributionTest, org.apache.commons.math.random.GaussianRandomGeneratorTest, org.apache.commons.math.random.GaussianRandomGeneratorTest, org.apache.commons.math.random.RandomAdaptorTest, org.apache.commons.math.random.RandomAdaptorTest, org.apache.commons.math.random.RandomDataTest, org.apache.commons.math.random.RandomDataTest, org.apache.commons.math.random.UncorrelatedRandomVectorGeneratorTest, org.apache.commons.math.random.UncorrelatedRandomVectorGeneratorTest, org.apache.commons.math.random.UniformRandomGeneratorTest, org.apache.commons.math.random.UniformRandomGeneratorTest, org.apache.commons.math.random.ValueServerTest, org.apache.commons.math.random.ValueServerTest, org.apache.commons.math.special.BetaTest, org.apache.commons.math.special.BetaTest, org.apache.commons.math.special.ErfTest, org.apache.commons.math.special.ErfTest, org.apache.commons.math.special.GammaTest, org.apache.commons.math.special.GammaTest, org.apache.commons.math.stat.CertifiedDataTest, org.apache.commons.math.stat.CertifiedDataTest, org.apache.commons.math.stat.FrequencyTest, org.apache.commons.math.stat.FrequencyTest, org.apache.commons.math.stat.StatUtilsTest, org.apache.commons.math.stat.StatUtilsTest, org.apache.commons.math.stat.correlation.CovarianceTest, org.apache.commons.math.stat.correlation.CovarianceTest, org.apache.commons.math.stat.correlation.PearsonsCorrelationTest, org.apache.commons.math.stat.correlation.PearsonsCorrelationTest, org.apache.commons.math.stat.data.LewTest, org.apache.commons.math.stat.data.LewTest, org.apache.commons.math.stat.data.LotteryTest, org.apache.commons.math.stat.data.LotteryTest, org.apache.commons.math.stat.descriptive.AbstractUnivariateStatisticTest, org.apache.commons.math.stat.descriptive.AbstractUnivariateStatisticTest, org.apache.commons.math.stat.descriptive.DescriptiveStatisticsTest, org.apache.commons.math.stat.descriptive.DescriptiveStatisticsTest, org.apache.commons.math.stat.descriptive.InteractionTest, org.apache.commons.math.stat.descriptive.InteractionTest, org.apache.commons.math.stat.descriptive.ListUnivariateImplTest, org.apache.commons.math.stat.descriptive.ListUnivariateImplTest, org.apache.commons.math.stat.descriptive.MixedListUnivariateImplTest, org.apache.commons.math.stat.descriptive.MixedListUnivariateImplTest, org.apache.commons.math.stat.descriptive.MultivariateSummaryStatisticsTest, org.apache.commons.math.stat.descriptive.MultivariateSummaryStatisticsTest, org.apache.commons.math.stat.descriptive.StatisticalSummaryValuesTest, org.apache.commons.math.stat.descriptive.StatisticalSummaryValuesTest, org.apache.commons.math.stat.descriptive.SummaryStatisticsTest, org.apache.commons.math.stat.descriptive.SummaryStatisticsTest, org.apache.commons.math.stat.descriptive.SynchronizedDescriptiveStatisticsTest, org.apache.commons.math.stat.descriptive.SynchronizedDescriptiveStatisticsTest, org.apache.commons.math.stat.descriptive.SynchronizedSummaryStatisticsTest, org.apache.commons.math.stat.descriptive.SynchronizedSummaryStatisticsTest, org.apache.commons.math.stat.descriptive.moment.FirstMomentTest, org.apache.commons.math.stat.descriptive.moment.FirstMomentTest, org.apache.commons.math.stat.descriptive.moment.FourthMomentTest, org.apache.commons.math.stat.descriptive.moment.FourthMomentTest, org.apache.commons.math.stat.descriptive.moment.GeometricMeanTest, org.apache.commons.math.stat.descriptive.moment.GeometricMeanTest, org.apache.commons.math.stat.descriptive.moment.KurtosisTest, org.apache.commons.math.stat.descriptive.moment.KurtosisTest, org.apache.commons.math.stat.descriptive.moment.MeanTest, org.apache.commons.math.stat.descriptive.moment.MeanTest, org.apache.commons.math.stat.descriptive.moment.SecondMomentTest, org.apache.commons.math.stat.descriptive.moment.SecondMomentTest, org.apache.commons.math.stat.descriptive.moment.SkewnessTest, org.apache.commons.math.stat.descriptive.moment.SkewnessTest, org.apache.commons.math.stat.descriptive.moment.StandardDeviationTest, org.apache.commons.math.stat.descriptive.moment.StandardDeviationTest, org.apache.commons.math.stat.descriptive.moment.ThirdMomentTest, org.apache.commons.math.stat.descriptive.moment.ThirdMomentTest, org.apache.commons.math.stat.descriptive.moment.VarianceTest, org.apache.commons.math.stat.descriptive.moment.VarianceTest, org.apache.commons.math.stat.descriptive.moment.VectorialCovarianceTest, org.apache.commons.math.stat.descriptive.moment.VectorialCovarianceTest, org.apache.commons.math.stat.descriptive.moment.VectorialMeanTest, org.apache.commons.math.stat.descriptive.moment.VectorialMeanTest, org.apache.commons.math.stat.descriptive.rank.MaxTest, org.apache.commons.math.stat.descriptive.rank.MaxTest, org.apache.commons.math.stat.descriptive.rank.MedianTest, org.apache.commons.math.stat.descriptive.rank.MedianTest, org.apache.commons.math.stat.descriptive.rank.MinTest, org.apache.commons.math.stat.descriptive.rank.MinTest, org.apache.commons.math.stat.descriptive.rank.PercentileTest, org.apache.commons.math.stat.descriptive.rank.PercentileTest, org.apache.commons.math.stat.descriptive.summary.ProductTest, org.apache.commons.math.stat.descriptive.summary.ProductTest, org.apache.commons.math.stat.descriptive.summary.SumLogTest, org.apache.commons.math.stat.descriptive.summary.SumLogTest, org.apache.commons.math.stat.descriptive.summary.SumSqTest, org.apache.commons.math.stat.descriptive.summary.SumSqTest, org.apache.commons.math.stat.descriptive.summary.SumTest, org.apache.commons.math.stat.descriptive.summary.SumTest, org.apache.commons.math.stat.inference.ChiSquareFactoryTest, org.apache.commons.math.stat.inference.ChiSquareFactoryTest, org.apache.commons.math.stat.inference.ChiSquareTestTest, org.apache.commons.math.stat.inference.ChiSquareTestTest, org.apache.commons.math.stat.inference.OneWayAnovaTest, org.apache.commons.math.stat.inference.OneWayAnovaTest, org.apache.commons.math.stat.inference.TTestFactoryTest, org.apache.commons.math.stat.inference.TTestFactoryTest, org.apache.commons.math.stat.inference.TTestTest, org.apache.commons.math.stat.inference.TTestTest, org.apache.commons.math.stat.inference.TestUtilsTest, org.apache.commons.math.stat.inference.TestUtilsTest, org.apache.commons.math.stat.regression.GLSMultipleLinearRegressionTest, org.apache.commons.math.stat.regression.GLSMultipleLinearRegressionTest, org.apache.commons.math.stat.regression.OLSMultipleLinearRegressionTest, org.apache.commons.math.stat.regression.OLSMultipleLinearRegressionTest, org.apache.commons.math.stat.regression.SimpleRegressionTest, org.apache.commons.math.stat.regression.SimpleRegressionTest, org.apache.commons.math.transform.FastCosineTransformerTest, org.apache.commons.math.transform.FastCosineTransformerTest, org.apache.commons.math.transform.FastFourierTransformerTest, org.apache.commons.math.transform.FastFourierTransformerTest, org.apache.commons.math.transform.FastHadamardTransformerTest, org.apache.commons.math.transform.FastHadamardTransformerTest, org.apache.commons.math.transform.FastSineTransformerTest, org.apache.commons.math.transform.FastSineTransformerTest, org.apache.commons.math.util.ContinuedFractionTest, org.apache.commons.math.util.ContinuedFractionTest, org.apache.commons.math.util.DefaultTransformerTest, org.apache.commons.math.util.DefaultTransformerTest, org.apache.commons.math.util.MathUtilsTest, org.apache.commons.math.util.MathUtilsTest, org.apache.commons.math.util.OpenIntToDoubleHashMapTest, org.apache.commons.math.util.OpenIntToDoubleHashMapTest, org.apache.commons.math.util.ResizableDoubleArrayTest, org.apache.commons.math.util.ResizableDoubleArrayTest, org.apache.commons.math.util.TransformerMapTest, org.apache.commons.math.util.TransformerMapTest], complianceLevel=5, outputFolder=., json=true}
10:12:38.086 [main] INFO  fr.inria.lille.repair.nopol.NoPol - Available processors (cores): 4
10:12:38.111 [main] INFO  fr.inria.lille.repair.nopol.NoPol - Free memory: 937 MB
10:12:38.112 [main] INFO  fr.inria.lille.repair.nopol.NoPol - Maximum memory: 3 GB
10:12:38.112 [main] INFO  fr.inria.lille.repair.nopol.NoPol - Total memory available to JVM: 990 MB
10:12:38.112 [main] INFO  fr.inria.lille.repair.nopol.NoPol - Java version: 1.8.0_181
10:12:38.113 [main] INFO  fr.inria.lille.repair.nopol.NoPol - JAVA_HOME: /usr/lib/jvm/java-1.8.0-openjdk-amd64/bin/
10:12:38.113 [main] INFO  fr.inria.lille.repair.nopol.NoPol - PATH: /usr/lib/jvm/java-1.8.0-openjdk-amd64/bin/:/usr/lib/oar/oardodo:/usr/lib/oar/oardodo:/usr/local/bin:/usr/bin:/bin:/usr/games
10:12:52.224 [pool-2-thread-1] DEBUG fr.inria.lille.repair.nopol.NoPol - statement #1
10:12:52.225 [pool-2-thread-1] DEBUG fr.inria.lille.repair.nopol.NoPol - Analysing SourceLocation org.apache.commons.math.fraction.Fraction:261 which is executed by 1 tests
-1589107165
10:12:52.550 [pool-2-thread-1] DEBUG fr.inria.lille.repair.nopol.NoPol - statement #2
10:12:52.551 [pool-2-thread-1] DEBUG fr.inria.lille.repair.nopol.NoPol - Analysing SourceLocation org.apache.commons.math.fraction.Fraction:260 which is executed by 1 tests
-1589107165
10:12:52.674 [pool-2-thread-1] DEBUG fr.inria.lille.repair.nopol.NoPol - statement #3
10:12:52.674 [pool-2-thread-1] DEBUG fr.inria.lille.repair.nopol.NoPol - Analysing SourceLocation org.apache.commons.math.fraction.Fraction:259 which is executed by 1 tests
-1589107165
10:12:52.790 [pool-2-thread-1] DEBUG fr.inria.lille.repair.nopol.NoPol - statement #4
10:12:52.790 [pool-2-thread-1] DEBUG fr.inria.lille.repair.nopol.NoPol - Analysing SourceLocation org.apache.commons.math.fraction.Fraction:270 which is executed by 27 tests
-1589107165
10:12:52.918 [pool-2-thread-1] DEBUG fr.inria.lille.repair.nopol.NoPol - statement #5
10:12:52.918 [pool-2-thread-1] DEBUG fr.inria.lille.repair.nopol.NoPol - Analysing SourceLocation org.apache.commons.math.util.MathUtils:608 which is executed by 39 tests
-1550426518
10:12:53.050 [pool-2-thread-1] DEBUG fr.inria.lille.repair.nopol.NoPol - looking with class fr.inria.lille.repair.nopol.spoon.smt.ConditionalAdder
junit.framework.AssertionFailedError: expected:<-1> but was:<0>
    at junit.framework.Assert.fail(Assert.java:57)
    at junit.framework.Assert.failNotEquals(Assert.java:329)
    at junit.framework.Assert.assertEquals(Assert.java:78)
    at junit.framework.Assert.assertEquals(Assert.java:234)
    at junit.framework.Assert.assertEquals(Assert.java:241)
    at junit.framework.TestCase.assertEquals(TestCase.java:409)
10:12:53.095 [pool-4-thread-1] INFO  xxl.java.junit.TestCasesListener - Tests run finished (19 ms)
<> Total tests run: 21
<> Ignored tests: 0
<> Failed tests: 1
~ testCompareTo(org.apache.commons.math.fraction.FractionTest)
[expected:<-1> but was:<0>]
junit.framework.AssertionFailedError: expected:<-1> but was:<0>    at junit.framework.Assert.fail(Assert.java:57)
    at junit.framework.Assert.failNotEquals(Assert.java:329)
    at junit.framework.Assert.assertEquals(Assert.java:78)
    at junit.framework.Assert.assertEquals(Assert.java:234)
    at junit.framework.Assert.assertEquals(Assert.java:241)
    at junit.framework.TestCase.assertEquals(TestCase.java:409)

10:13:22.740 [pool-2-thread-1] DEBUG fr.inria.lille.repair.nopol.NoPol - statement #6
10:13:22.741 [pool-2-thread-1] DEBUG fr.inria.lille.repair.nopol.NoPol - Analysing SourceLocation org.apache.commons.math.util.MathUtils:604 which is executed by 42 tests
-1550426518
10:13:22.884 [pool-2-thread-1] DEBUG fr.inria.lille.repair.nopol.NoPol - looking with class fr.inria.lille.repair.nopol.spoon.smt.ConditionalAdder
junit.framework.AssertionFailedError: expected:<-1> but was:<0>
    at junit.framework.Assert.fail(Assert.java:57)
    at junit.framework.Assert.failNotEquals(Assert.java:329)
    at junit.framework.Assert.assertEquals(Assert.java:78)
    at junit.framework.Assert.assertEquals(Assert.java:234)
    at junit.framework.Assert.assertEquals(Assert.java:241)
    at junit.framework.TestCase.assertEquals(TestCase.java:409)
10:13:22.901 [pool-8-thread-1] INFO  xxl.java.junit.TestCasesListener - Tests run finished (12 ms)
<> Total tests run: 21
<> Ignored tests: 0
<> Failed tests: 1
~ testCompareTo(org.apache.commons.math.fraction.FractionTest)
[expected:<-1> but was:<0>]
junit.framework.AssertionFailedError: expected:<-1> but was:<0>    at junit.framework.Assert.fail(Assert.java:57)
    at junit.framework.Assert.failNotEquals(Assert.java:329)
    at junit.framework.Assert.assertEquals(Assert.java:78)
    at junit.framework.Assert.assertEquals(Assert.java:234)
    at junit.framework.Assert.assertEquals(Assert.java:241)
    at junit.framework.TestCase.assertEquals(TestCase.java:409)

10:13:49.354 [pool-2-thread-1] DEBUG fr.inria.lille.repair.nopol.NoPol - statement #7
10:13:49.355 [pool-2-thread-1] DEBUG fr.inria.lille.repair.nopol.NoPol - Analysing SourceLocation org.apache.commons.math.util.MathUtils:577 which is executed by 43 tests
-1550426518
10:13:49.487 [pool-2-thread-1] DEBUG fr.inria.lille.repair.nopol.NoPol - looking with class fr.inria.lille.repair.nopol.spoon.smt.ConditionalAdder
junit.framework.AssertionFailedError: expected:<-1> but was:<0>
    at junit.framework.Assert.fail(Assert.java:57)
    at junit.framework.Assert.failNotEquals(Assert.java:329)
    at junit.framework.Assert.assertEquals(Assert.java:78)
    at junit.framework.Assert.assertEquals(Assert.java:234)
    at junit.framework.Assert.assertEquals(Assert.java:241)
    at junit.framework.TestCase.assertEquals(TestCase.java:409)
10:13:49.508 [pool-12-thread-1] INFO  xxl.java.junit.TestCasesListener - Tests run finished (11 ms)
<> Total tests run: 21
<> Ignored tests: 0
<> Failed tests: 1
~ testCompareTo(org.apache.commons.math.fraction.FractionTest)
[expected:<-1> but was:<0>]
junit.framework.AssertionFailedError: expected:<-1> but was:<0>    at junit.framework.Assert.fail(Assert.java:57)
    at junit.framework.Assert.failNotEquals(Assert.java:329)
    at junit.framework.Assert.assertEquals(Assert.java:78)
    at junit.framework.Assert.assertEquals(Assert.java:234)
    at junit.framework.Assert.assertEquals(Assert.java:241)
    at junit.framework.TestCase.assertEquals(TestCase.java:409)

10:17:09.766 [pool-11-thread-1] DEBUG xxl.java.junit.TestSuiteExecution - Timeout after 200 seconds. Infinite loop?
10:17:09.767 [pool-2-thread-1] ERROR fr.inria.lille.repair.nopol.NoPol - Error ExecutionException java.util.concurrent.ExecutionException: java.lang.RuntimeException: java.util.concurrent.TimeoutException
10:17:09.767 [pool-2-thread-1] DEBUG fr.inria.lille.repair.nopol.NoPol - statement #8
10:17:09.767 [pool-2-thread-1] DEBUG fr.inria.lille.repair.nopol.NoPol - Analysing SourceLocation org.apache.commons.math.util.MathUtils:610 which is executed by 46 tests
-1550426518
10:17:09.926 [pool-2-thread-1] DEBUG fr.inria.lille.repair.nopol.NoPol - looking with class fr.inria.lille.repair.nopol.spoon.smt.ConditionalAdder
junit.framework.AssertionFailedError: expected:<-1> but was:<0>
    at junit.framework.Assert.fail(Assert.java:57)
    at junit.framework.Assert.failNotEquals(Assert.java:329)
    at junit.framework.Assert.assertEquals(Assert.java:78)
    at junit.framework.Assert.assertEquals(Assert.java:234)
    at junit.framework.Assert.assertEquals(Assert.java:241)
    at junit.framework.TestCase.assertEquals(TestCase.java:409)
10:17:09.957 [pool-15-thread-1] INFO  xxl.java.junit.TestCasesListener - Tests run finished (14 ms)
<> Total tests run: 21
<> Ignored tests: 0
<> Failed tests: 1
~ testCompareTo(org.apache.commons.math.fraction.FractionTest)
[expected:<-1> but was:<0>]
junit.framework.AssertionFailedError: expected:<-1> but was:<0>    at junit.framework.Assert.fail(Assert.java:57)
    at junit.framework.Assert.failNotEquals(Assert.java:329)
    at junit.framework.Assert.assertEquals(Assert.java:78)
    at junit.framework.Assert.assertEquals(Assert.java:234)
    at junit.framework.Assert.assertEquals(Assert.java:241)
    at junit.framework.TestCase.assertEquals(TestCase.java:409)

10:17:36.155 [pool-2-thread-1] DEBUG fr.inria.lille.repair.nopol.NoPol - statement #9
10:17:36.156 [pool-2-thread-1] DEBUG fr.inria.lille.repair.nopol.NoPol - Analysing SourceLocation org.apache.commons.math.util.MathUtils:617 which is executed by 47 tests
-1550426518
10:17:36.289 [pool-2-thread-1] DEBUG fr.inria.lille.repair.nopol.NoPol - statement #10
10:17:36.290 [pool-2-thread-1] DEBUG fr.inria.lille.repair.nopol.NoPol - Analysing SourceLocation org.apache.commons.math.util.MathUtils:616 which is executed by 47 tests
-1550426518
10:17:36.441 [pool-2-thread-1] DEBUG fr.inria.lille.repair.nopol.NoPol - statement #11
10:17:36.442 [pool-2-thread-1] DEBUG fr.inria.lille.repair.nopol.NoPol - Analysing SourceLocation org.apache.commons.math.util.MathUtils:613 which is executed by 47 tests
-1550426518
10:17:36.572 [pool-2-thread-1] DEBUG fr.inria.lille.repair.nopol.NoPol - looking with class fr.inria.lille.repair.nopol.spoon.smt.ConditionalAdder
junit.framework.AssertionFailedError: expected:<-1> but was:<0>
    at junit.framework.Assert.fail(Assert.java:57)
    at junit.framework.Assert.failNotEquals(Assert.java:329)
    at junit.framework.Assert.assertEquals(Assert.java:78)
    at junit.framework.Assert.assertEquals(Assert.java:234)
    at junit.framework.Assert.assertEquals(Assert.java:241)
    at junit.framework.TestCase.assertEquals(TestCase.java:409)
10:17:36.599 [pool-19-thread-1] INFO  xxl.java.junit.TestCasesListener - Tests run finished (22 ms)
<> Total tests run: 21
<> Ignored tests: 0
<> Failed tests: 1
~ testCompareTo(org.apache.commons.math.fraction.FractionTest)
[expected:<-1> but was:<0>]
junit.framework.AssertionFailedError: expected:<-1> but was:<0>    at junit.framework.Assert.fail(Assert.java:57)
    at junit.framework.Assert.failNotEquals(Assert.java:329)
    at junit.framework.Assert.assertEquals(Assert.java:78)
    at junit.framework.Assert.assertEquals(Assert.java:234)
    at junit.framework.Assert.assertEquals(Assert.java:241)
    at junit.framework.TestCase.assertEquals(TestCase.java:409)

10:18:01.643 [pool-2-thread-1] DEBUG fr.inria.lille.repair.nopol.NoPol - statement #12
10:18:01.643 [pool-2-thread-1] DEBUG fr.inria.lille.repair.nopol.NoPol - Analysing SourceLocation org.apache.commons.math.util.MathUtils:607 which is executed by 47 tests
-1550426518
10:18:01.773 [pool-2-thread-1] DEBUG fr.inria.lille.repair.nopol.NoPol - looking with class fr.inria.lille.repair.nopol.spoon.smt.ConditionalAdder
junit.framework.AssertionFailedError: expected:<-1> but was:<0>
    at junit.framework.Assert.fail(Assert.java:57)
    at junit.framework.Assert.failNotEquals(Assert.java:329)
    at junit.framework.Assert.assertEquals(Assert.java:78)
    at junit.framework.Assert.assertEquals(Assert.java:234)
    at junit.framework.Assert.assertEquals(Assert.java:241)
    at junit.framework.TestCase.assertEquals(TestCase.java:409)
10:18:01.787 [pool-23-thread-1] INFO  xxl.java.junit.TestCasesListener - Tests run finished (10 ms)
<> Total tests run: 21
<> Ignored tests: 0
<> Failed tests: 1
~ testCompareTo(org.apache.commons.math.fraction.FractionTest)
[expected:<-1> but was:<0>]
junit.framework.AssertionFailedError: expected:<-1> but was:<0>    at junit.framework.Assert.fail(Assert.java:57)
    at junit.framework.Assert.failNotEquals(Assert.java:329)
    at junit.framework.Assert.assertEquals(Assert.java:78)
    at junit.framework.Assert.assertEquals(Assert.java:234)
    at junit.framework.Assert.assertEquals(Assert.java:241)
    at junit.framework.TestCase.assertEquals(TestCase.java:409)

10:18:26.860 [pool-2-thread-1] DEBUG fr.inria.lille.repair.nopol.NoPol - looking with class fr.inria.lille.repair.nopol.spoon.smt.ConditionalReplacer
junit.framework.AssertionFailedError: expected:<-1> but was:<0>
    at junit.framework.Assert.fail(Assert.java:57)
    at junit.framework.Assert.failNotEquals(Assert.java:329)
    at junit.framework.Assert.assertEquals(Assert.java:78)
    at junit.framework.Assert.assertEquals(Assert.java:234)
    at junit.framework.Assert.assertEquals(Assert.java:241)
    at junit.framework.TestCase.assertEquals(TestCase.java:409)
10:18:26.876 [pool-27-thread-1] INFO  xxl.java.junit.TestCasesListener - Tests run finished (13 ms)
<> Total tests run: 21
<> Ignored tests: 0
<> Failed tests: 1
~ testCompareTo(org.apache.commons.math.fraction.FractionTest)
[expected:<-1> but was:<0>]
junit.framework.AssertionFailedError: expected:<-1> but was:<0>    at junit.framework.Assert.fail(Assert.java:57)
    at junit.framework.Assert.failNotEquals(Assert.java:329)
    at junit.framework.Assert.assertEquals(Assert.java:78)
    at junit.framework.Assert.assertEquals(Assert.java:234)
    at junit.framework.Assert.assertEquals(Assert.java:241)
    at junit.framework.TestCase.assertEquals(TestCase.java:409)

10:18:53.575 [pool-2-thread-1] DEBUG fr.inria.lille.repair.nopol.NoPol - statement #13
10:18:53.575 [pool-2-thread-1] DEBUG fr.inria.lille.repair.nopol.NoPol - Analysing SourceLocation org.apache.commons.math.util.MathUtils:603 which is executed by 47 tests
-1550426518
10:18:53.701 [pool-2-thread-1] DEBUG fr.inria.lille.repair.nopol.NoPol - looking with class fr.inria.lille.repair.nopol.spoon.smt.ConditionalAdder
junit.framework.AssertionFailedError: expected:<-1> but was:<0>
    at junit.framework.Assert.fail(Assert.java:57)
    at junit.framework.Assert.failNotEquals(Assert.java:329)
    at junit.framework.Assert.assertEquals(Assert.java:78)
    at junit.framework.Assert.assertEquals(Assert.java:234)
    at junit.framework.Assert.assertEquals(Assert.java:241)
    at junit.framework.TestCase.assertEquals(TestCase.java:409)
10:18:53.714 [pool-31-thread-1] INFO  xxl.java.junit.TestCasesListener - Tests run finished (9 ms)
<> Total tests run: 21
<> Ignored tests: 0
<> Failed tests: 1
~ testCompareTo(org.apache.commons.math.fraction.FractionTest)
[expected:<-1> but was:<0>]
junit.framework.AssertionFailedError: expected:<-1> but was:<0>    at junit.framework.Assert.fail(Assert.java:57)
    at junit.framework.Assert.failNotEquals(Assert.java:329)
    at junit.framework.Assert.assertEquals(Assert.java:78)
    at junit.framework.Assert.assertEquals(Assert.java:234)
    at junit.framework.Assert.assertEquals(Assert.java:241)
    at junit.framework.TestCase.assertEquals(TestCase.java:409)

10:18:53.987 [pool-2-thread-1] DEBUG fr.inria.lille.repair.nopol.NoPol - statement #14
10:18:53.987 [pool-2-thread-1] DEBUG fr.inria.lille.repair.nopol.NoPol - Analysing SourceLocation org.apache.commons.math.util.MathUtils:597 which is executed by 47 tests
-1550426518
10:18:54.101 [pool-2-thread-1] DEBUG fr.inria.lille.repair.nopol.NoPol - statement #15
10:18:54.101 [pool-2-thread-1] DEBUG fr.inria.lille.repair.nopol.NoPol - Analysing SourceLocation org.apache.commons.math.util.MathUtils:590 which is executed by 47 tests
-1550426518
10:18:54.217 [pool-2-thread-1] DEBUG fr.inria.lille.repair.nopol.NoPol - looking with class fr.inria.lille.repair.nopol.spoon.smt.ConditionalAdder
junit.framework.AssertionFailedError: expected:<-1> but was:<0>
    at junit.framework.Assert.fail(Assert.java:57)
    at junit.framework.Assert.failNotEquals(Assert.java:329)
    at junit.framework.Assert.assertEquals(Assert.java:78)
    at junit.framework.Assert.assertEquals(Assert.java:234)
    at junit.framework.Assert.assertEquals(Assert.java:241)
    at junit.framework.TestCase.assertEquals(TestCase.java:409)
10:18:54.262 [pool-35-thread-1] INFO  xxl.java.junit.TestCasesListener - Tests run finished (20 ms)
<> Total tests run: 21
<> Ignored tests: 0
<> Failed tests: 1
~ testCompareTo(org.apache.commons.math.fraction.FractionTest)
[expected:<-1> but was:<0>]
junit.framework.AssertionFailedError: expected:<-1> but was:<0>    at junit.framework.Assert.fail(Assert.java:57)
    at junit.framework.Assert.failNotEquals(Assert.java:329)
    at junit.framework.Assert.assertEquals(Assert.java:78)
    at junit.framework.Assert.assertEquals(Assert.java:234)
    at junit.framework.Assert.assertEquals(Assert.java:241)
    at junit.framework.TestCase.assertEquals(TestCase.java:409)

10:18:54.471 [pool-2-thread-1] DEBUG fr.inria.lille.repair.nopol.NoPol - looking with class fr.inria.lille.repair.nopol.spoon.smt.ConditionalReplacer
junit.framework.AssertionFailedError: expected:<-1> but was:<0>
    at junit.framework.Assert.fail(Assert.java:57)
    at junit.framework.Assert.failNotEquals(Assert.java:329)
    at junit.framework.Assert.assertEquals(Assert.java:78)
    at junit.framework.Assert.assertEquals(Assert.java:234)
    at junit.framework.Assert.assertEquals(Assert.java:241)
    at junit.framework.TestCase.assertEquals(TestCase.java:409)
10:18:54.491 [pool-39-thread-1] INFO  xxl.java.junit.TestCasesListener - Tests run finished (9 ms)
<> Total tests run: 21
<> Ignored tests: 0
<> Failed tests: 1
~ testCompareTo(org.apache.commons.math.fraction.FractionTest)
[expected:<-1> but was:<0>]
junit.framework.AssertionFailedError: expected:<-1> but was:<0>    at junit.framework.Assert.fail(Assert.java:57)
    at junit.framework.Assert.failNotEquals(Assert.java:329)
    at junit.framework.Assert.assertEquals(Assert.java:78)
    at junit.framework.Assert.assertEquals(Assert.java:234)
    at junit.framework.Assert.assertEquals(Assert.java:241)
    at junit.framework.TestCase.assertEquals(TestCase.java:409)

10:18:54.739 [pool-2-thread-1] DEBUG fr.inria.lille.repair.nopol.NoPol - statement #16
10:18:54.739 [pool-2-thread-1] DEBUG fr.inria.lille.repair.nopol.NoPol - Analysing SourceLocation org.apache.commons.math.util.MathUtils:584 which is executed by 47 tests
-1550426518
10:18:54.870 [pool-2-thread-1] DEBUG fr.inria.lille.repair.nopol.NoPol - looking with class fr.inria.lille.repair.nopol.spoon.smt.ConditionalAdder
junit.framework.AssertionFailedError: expected:<-1> but was:<0>
    at junit.framework.Assert.fail(Assert.java:57)
    at junit.framework.Assert.failNotEquals(Assert.java:329)
    at junit.framework.Assert.assertEquals(Assert.java:78)
    at junit.framework.Assert.assertEquals(Assert.java:234)
    at junit.framework.Assert.assertEquals(Assert.java:241)
    at junit.framework.TestCase.assertEquals(TestCase.java:409)
10:18:54.903 [pool-43-thread-1] INFO  xxl.java.junit.TestCasesListener - Tests run finished (17 ms)
<> Total tests run: 21
<> Ignored tests: 0
<> Failed tests: 1
~ testCompareTo(org.apache.commons.math.fraction.FractionTest)
[expected:<-1> but was:<0>]
junit.framework.AssertionFailedError: expected:<-1> but was:<0>    at junit.framework.Assert.fail(Assert.java:57)
    at junit.framework.Assert.failNotEquals(Assert.java:329)
    at junit.framework.Assert.assertEquals(Assert.java:78)
    at junit.framework.Assert.assertEquals(Assert.java:234)
    at junit.framework.Assert.assertEquals(Assert.java:241)
    at junit.framework.TestCase.assertEquals(TestCase.java:409)

10:18:58.284 [pool-2-thread-1] DEBUG fr.inria.lille.repair.nopol.NoPol - statement #17
10:18:58.284 [pool-2-thread-1] DEBUG fr.inria.lille.repair.nopol.NoPol - Analysing SourceLocation org.apache.commons.math.util.MathUtils:583 which is executed by 47 tests
-1550426518
10:18:58.398 [pool-2-thread-1] DEBUG fr.inria.lille.repair.nopol.NoPol - statement #18
10:18:58.398 [pool-2-thread-1] DEBUG fr.inria.lille.repair.nopol.NoPol - Analysing SourceLocation org.apache.commons.math.util.MathUtils:580 which is executed by 47 tests
-1550426518
10:18:58.510 [pool-2-thread-1] DEBUG fr.inria.lille.repair.nopol.NoPol - looking with class fr.inria.lille.repair.nopol.spoon.smt.ConditionalAdder
junit.framework.AssertionFailedError: expected:<-1> but was:<0>
    at junit.framework.Assert.fail(Assert.java:57)
    at junit.framework.Assert.failNotEquals(Assert.java:329)
    at junit.framework.Assert.assertEquals(Assert.java:78)
    at junit.framework.Assert.assertEquals(Assert.java:234)
    at junit.framework.Assert.assertEquals(Assert.java:241)
    at junit.framework.TestCase.assertEquals(TestCase.java:409)
10:18:58.556 [pool-47-thread-1] INFO  xxl.java.junit.TestCasesListener - Tests run finished (18 ms)
<> Total tests run: 21
<> Ignored tests: 0
<> Failed tests: 1
~ testCompareTo(org.apache.commons.math.fraction.FractionTest)
[expected:<-1> but was:<0>]
junit.framework.AssertionFailedError: expected:<-1> but was:<0>    at junit.framework.Assert.fail(Assert.java:57)
    at junit.framework.Assert.failNotEquals(Assert.java:329)
    at junit.framework.Assert.assertEquals(Assert.java:78)
    at junit.framework.Assert.assertEquals(Assert.java:234)
    at junit.framework.Assert.assertEquals(Assert.java:241)
    at junit.framework.TestCase.assertEquals(TestCase.java:409)

10:22:18.737 [pool-46-thread-1] DEBUG xxl.java.junit.TestSuiteExecution - Timeout after 200 seconds. Infinite loop?
10:22:18.738 [pool-2-thread-1] ERROR fr.inria.lille.repair.nopol.NoPol - Error ExecutionException java.util.concurrent.ExecutionException: java.lang.RuntimeException: java.util.concurrent.TimeoutException
10:22:18.738 [pool-2-thread-1] DEBUG fr.inria.lille.repair.nopol.NoPol - statement #19
10:22:18.738 [pool-2-thread-1] DEBUG fr.inria.lille.repair.nopol.NoPol - Analysing SourceLocation org.apache.commons.math.util.MathUtils:579 which is executed by 47 tests
-1550426518
10:22:18.983 [pool-2-thread-1] DEBUG fr.inria.lille.repair.nopol.NoPol - looking with class fr.inria.lille.repair.nopol.spoon.smt.ConditionalAdder
junit.framework.AssertionFailedError: expected:<-1> but was:<0>
    at junit.framework.Assert.fail(Assert.java:57)
    at junit.framework.Assert.failNotEquals(Assert.java:329)
    at junit.framework.Assert.assertEquals(Assert.java:78)
    at junit.framework.Assert.assertEquals(Assert.java:234)
    at junit.framework.Assert.assertEquals(Assert.java:241)
    at junit.framework.TestCase.assertEquals(TestCase.java:409)
10:22:19.387 [pool-50-thread-1] INFO  xxl.java.junit.TestCasesListener - Tests run finished (31 ms)
<> Total tests run: 21
<> Ignored tests: 0
<> Failed tests: 1
~ testCompareTo(org.apache.commons.math.fraction.FractionTest)
[expected:<-1> but was:<0>]
junit.framework.AssertionFailedError: expected:<-1> but was:<0>    at junit.framework.Assert.fail(Assert.java:57)
    at junit.framework.Assert.failNotEquals(Assert.java:329)
    at junit.framework.Assert.assertEquals(Assert.java:78)
    at junit.framework.Assert.assertEquals(Assert.java:234)
    at junit.framework.Assert.assertEquals(Assert.java:241)
    at junit.framework.TestCase.assertEquals(TestCase.java:409)

10:25:39.607 [pool-49-thread-1] DEBUG xxl.java.junit.TestSuiteExecution - Timeout after 200 seconds. Infinite loop?
10:25:39.607 [pool-2-thread-1] ERROR fr.inria.lille.repair.nopol.NoPol - Error ExecutionException java.util.concurrent.ExecutionException: java.lang.RuntimeException: java.util.concurrent.TimeoutException
10:25:39.607 [pool-2-thread-1] DEBUG fr.inria.lille.repair.nopol.NoPol - looking with class fr.inria.lille.repair.nopol.spoon.smt.ConditionalReplacer
junit.framework.AssertionFailedError: expected:<-1> but was:<0>
    at junit.framework.Assert.fail(Assert.java:57)
    at junit.framework.Assert.failNotEquals(Assert.java:329)
    at junit.framework.Assert.assertEquals(Assert.java:78)
    at junit.framework.Assert.assertEquals(Assert.java:234)
    at junit.framework.Assert.assertEquals(Assert.java:241)
    at junit.framework.TestCase.assertEquals(TestCase.java:409)
10:25:41.127 [pool-53-thread-1] INFO  xxl.java.junit.TestCasesListener - Tests run finished (25 ms)
<> Total tests run: 21
<> Ignored tests: 0
<> Failed tests: 1
~ testCompareTo(org.apache.commons.math.fraction.FractionTest)
[expected:<-1> but was:<0>]
junit.framework.AssertionFailedError: expected:<-1> but was:<0>    at junit.framework.Assert.fail(Assert.java:57)
    at junit.framework.Assert.failNotEquals(Assert.java:329)
    at junit.framework.Assert.assertEquals(Assert.java:78)
    at junit.framework.Assert.assertEquals(Assert.java:234)
    at junit.framework.Assert.assertEquals(Assert.java:241)
    at junit.framework.TestCase.assertEquals(TestCase.java:409)

10:29:01.447 [pool-52-thread-1] DEBUG xxl.java.junit.TestSuiteExecution - Timeout after 200 seconds. Infinite loop?
10:29:01.455 [pool-2-thread-1] ERROR fr.inria.lille.repair.nopol.NoPol - Error ExecutionException java.util.concurrent.ExecutionException: java.lang.RuntimeException: java.util.concurrent.TimeoutException
10:29:01.455 [pool-2-thread-1] DEBUG fr.inria.lille.repair.nopol.NoPol - statement #20
10:29:01.455 [pool-2-thread-1] DEBUG fr.inria.lille.repair.nopol.NoPol - Analysing SourceLocation org.apache.commons.math.util.MathUtils:576 which is executed by 47 tests
-1550426518
10:29:05.087 [pool-2-thread-1] DEBUG fr.inria.lille.repair.nopol.NoPol - looking with class fr.inria.lille.repair.nopol.spoon.smt.ConditionalAdder
junit.framework.AssertionFailedError: expected:<-1> but was:<0>
    at junit.framework.Assert.fail(Assert.java:57)
    at junit.framework.Assert.failNotEquals(Assert.java:329)
    at junit.framework.Assert.assertEquals(Assert.java:78)
    at junit.framework.Assert.assertEquals(Assert.java:234)
    at junit.framework.Assert.assertEquals(Assert.java:241)
    at junit.framework.TestCase.assertEquals(TestCase.java:409)
10:29:05.192 [pool-56-thread-1] INFO  xxl.java.junit.TestCasesListener - Tests run finished (28 ms)
<> Total tests run: 21
<> Ignored tests: 0
<> Failed tests: 1
~ testCompareTo(org.apache.commons.math.fraction.FractionTest)
[expected:<-1> but was:<0>]
junit.framework.AssertionFailedError: expected:<-1> but was:<0>    at junit.framework.Assert.fail(Assert.java:57)
    at junit.framework.Assert.failNotEquals(Assert.java:329)
    at junit.framework.Assert.assertEquals(Assert.java:78)
    at junit.framework.Assert.assertEquals(Assert.java:234)
    at junit.framework.Assert.assertEquals(Assert.java:241)
    at junit.framework.TestCase.assertEquals(TestCase.java:409)

10:32:25.575 [pool-55-thread-1] DEBUG xxl.java.junit.TestSuiteExecution - Timeout after 200 seconds. Infinite loop?
10:32:25.579 [pool-2-thread-1] ERROR fr.inria.lille.repair.nopol.NoPol - Error ExecutionException java.util.concurrent.ExecutionException: java.lang.RuntimeException: java.util.concurrent.TimeoutException
10:32:25.579 [pool-2-thread-1] DEBUG fr.inria.lille.repair.nopol.NoPol - looking with class fr.inria.lille.repair.nopol.spoon.smt.ConditionalReplacer
junit.framework.AssertionFailedError: expected:<-1> but was:<0>
    at junit.framework.Assert.fail(Assert.java:57)
    at junit.framework.Assert.failNotEquals(Assert.java:329)
    at junit.framework.Assert.assertEquals(Assert.java:78)
    at junit.framework.Assert.assertEquals(Assert.java:234)
    at junit.framework.Assert.assertEquals(Assert.java:241)
    at junit.framework.TestCase.assertEquals(TestCase.java:409)
10:32:25.635 [pool-59-thread-1] INFO  xxl.java.junit.TestCasesListener - Tests run finished (23 ms)
<> Total tests run: 21
<> Ignored tests: 0
<> Failed tests: 1
~ testCompareTo(org.apache.commons.math.fraction.FractionTest)
[expected:<-1> but was:<0>]
junit.framework.AssertionFailedError: expected:<-1> but was:<0>    at junit.framework.Assert.fail(Assert.java:57)
    at junit.framework.Assert.failNotEquals(Assert.java:329)
    at junit.framework.Assert.assertEquals(Assert.java:78)
    at junit.framework.Assert.assertEquals(Assert.java:234)
    at junit.framework.Assert.assertEquals(Assert.java:241)
    at junit.framework.TestCase.assertEquals(TestCase.java:409)

10:35:45.968 [pool-58-thread-1] DEBUG xxl.java.junit.TestSuiteExecution - Timeout after 200 seconds. Infinite loop?
10:35:45.971 [pool-2-thread-1] ERROR fr.inria.lille.repair.nopol.NoPol - Error ExecutionException java.util.concurrent.ExecutionException: java.lang.RuntimeException: java.util.concurrent.TimeoutException
10:35:45.971 [pool-2-thread-1] DEBUG fr.inria.lille.repair.nopol.NoPol - statement #21
10:35:45.971 [pool-2-thread-1] DEBUG fr.inria.lille.repair.nopol.NoPol - Analysing SourceLocation org.apache.commons.math.util.MathUtils:563 which is executed by 48 tests
-1550426518
10:35:46.154 [pool-2-thread-1] DEBUG fr.inria.lille.repair.nopol.NoPol - looking with class fr.inria.lille.repair.nopol.spoon.smt.ConditionalAdder
junit.framework.AssertionFailedError: expected:<-1> but was:<0>
    at junit.framework.Assert.fail(Assert.java:57)
    at junit.framework.Assert.failNotEquals(Assert.java:329)
    at junit.framework.Assert.assertEquals(Assert.java:78)
    at junit.framework.Assert.assertEquals(Assert.java:234)
    at junit.framework.Assert.assertEquals(Assert.java:241)
    at junit.framework.TestCase.assertEquals(TestCase.java:409)
10:35:46.237 [pool-62-thread-1] INFO  xxl.java.junit.TestCasesListener - Tests run finished (39 ms)
<> Total tests run: 21
<> Ignored tests: 0
<> Failed tests: 1
~ testCompareTo(org.apache.commons.math.fraction.FractionTest)
[expected:<-1> but was:<0>]
junit.framework.AssertionFailedError: expected:<-1> but was:<0>    at junit.framework.Assert.fail(Assert.java:57)
    at junit.framework.Assert.failNotEquals(Assert.java:329)
    at junit.framework.Assert.assertEquals(Assert.java:78)
    at junit.framework.Assert.assertEquals(Assert.java:234)
    at junit.framework.Assert.assertEquals(Assert.java:241)
    at junit.framework.TestCase.assertEquals(TestCase.java:409)

10:39:06.731 [pool-61-thread-1] DEBUG xxl.java.junit.TestSuiteExecution - Timeout after 200 seconds. Infinite loop?
10:39:06.731 [pool-2-thread-1] ERROR fr.inria.lille.repair.nopol.NoPol - Error ExecutionException java.util.concurrent.ExecutionException: java.lang.RuntimeException: java.util.concurrent.TimeoutException
10:39:06.731 [pool-2-thread-1] DEBUG fr.inria.lille.repair.nopol.NoPol - looking with class fr.inria.lille.repair.nopol.spoon.smt.ConditionalReplacer
junit.framework.AssertionFailedError: expected:<-1> but was:<0>
    at junit.framework.Assert.fail(Assert.java:57)
    at junit.framework.Assert.failNotEquals(Assert.java:329)
    at junit.framework.Assert.assertEquals(Assert.java:78)
    at junit.framework.Assert.assertEquals(Assert.java:234)
    at junit.framework.Assert.assertEquals(Assert.java:241)
    at junit.framework.TestCase.assertEquals(TestCase.java:409)
10:39:06.792 [pool-65-thread-1] INFO  xxl.java.junit.TestCasesListener - Tests run finished (50 ms)
<> Total tests run: 21
<> Ignored tests: 0
<> Failed tests: 1
~ testCompareTo(org.apache.commons.math.fraction.FractionTest)
[expected:<-1> but was:<0>]
junit.framework.AssertionFailedError: expected:<-1> but was:<0>    at junit.framework.Assert.fail(Assert.java:57)
    at junit.framework.Assert.failNotEquals(Assert.java:329)
    at junit.framework.Assert.assertEquals(Assert.java:78)
    at junit.framework.Assert.assertEquals(Assert.java:234)
    at junit.framework.Assert.assertEquals(Assert.java:241)
    at junit.framework.TestCase.assertEquals(TestCase.java:409)

10:42:27.239 [pool-64-thread-1] DEBUG xxl.java.junit.TestSuiteExecution - Timeout after 200 seconds. Infinite loop?
10:42:27.239 [pool-2-thread-1] ERROR fr.inria.lille.repair.nopol.NoPol - Error ExecutionException java.util.concurrent.ExecutionException: java.lang.RuntimeException: java.util.concurrent.TimeoutException
10:42:27.239 [pool-2-thread-1] DEBUG fr.inria.lille.repair.nopol.NoPol - statement #22
10:42:27.239 [pool-2-thread-1] DEBUG fr.inria.lille.repair.nopol.NoPol - Analysing SourceLocation org.apache.commons.math.util.MathUtils:562 which is executed by 48 tests
-1550426518
10:42:27.578 [pool-2-thread-1] DEBUG fr.inria.lille.repair.nopol.NoPol - statement #23
10:42:27.578 [pool-2-thread-1] DEBUG fr.inria.lille.repair.nopol.NoPol - Analysing SourceLocation org.apache.commons.math.util.MathUtils:561 which is executed by 48 tests
-1550426518
10:42:27.915 [pool-2-thread-1] INFO  fr.inria.lille.repair.nopol.NoPol - ----INFORMATION----
10:42:28.423 [pool-2-thread-1] INFO  fr.inria.lille.repair.nopol.NoPol - Nb classes : 328
10:42:28.423 [pool-2-thread-1] INFO  fr.inria.lille.repair.nopol.NoPol - Nb methods : 2299
10:42:28.423 [pool-2-thread-1] INFO  fr.inria.lille.repair.nopol.NoPol - Nb Statements Analyzed : 18
10:42:28.425 [pool-2-thread-1] INFO  fr.inria.lille.repair.nopol.NoPol - Nb Statements with Angelic Value Found : 0
10:42:28.425 [pool-2-thread-1] INFO  fr.inria.lille.repair.nopol.NoPol - NoPol Execution time : 1789861ms
10:42:28.425 [pool-2-thread-1] INFO  fr.inria.lille.repair.nopol.NoPol - 
NO_ANGELIC_VALUE
Command exited with non-zero status 255
5800.84user 4.72system 29:51.93elapsed 323%CPU (0avgtext+0avgdata 4215692maxresident)k
51552inputs+7128outputs (4major+1185522minor)pagefaults 0swaps


Node: graphene-71.nancy.grid5000.fr



Date: Sat Dec  1 10:42:28 EST 2018

