cd /tmp/Nopol_Bug_dot_jar_Commons-Math_3a15d8ce;
export JAVA_TOOL_OPTIONS="-Dfile.encoding=UTF8 -Duser.language=en-US -Duser.country=US -Duser.language=en";
TZ="America/New_York"; export TZ;
export PATH="/usr/lib/jvm/java-1.8.0-openjdk-amd64/bin/:$PATH";
export JAVA_HOME="/usr/lib/jvm/java-1.8.0-openjdk-amd64/bin/";
time java -Xmx4g -Xms1g -cp /home/tdurieux/defects4j4repair/script/../repair_tools/nopol.jar:/usr/lib/jvm/java-1.8.0-openjdk-amd64/bin//../lib/tools.jar fr.inria.lille.repair.Main \
	--mode repair \
	--type pre_then_cond \
	--oracle angelic \
	--synthesis smt \
	--flocal gzoltar \
	--json \
	--solver z3 \
	--solver-path /home/tdurieux/defects4j4repair/script/../libs/z3/build/z3 \
	--complianceLevel 7 \
	--source src/main/java \
	--classpath "target/classes:target/test-classes:/home/tdurieux/.m2/repository/junit/junit/4.4/junit-4.4.jar:/home/tdurieux/defects4j4repair/script/../repair_tools/nopol.jar";
	echo "\n\nNode: `hostname`\n";
	echo "\n\nDate: `date`\n";
Picked up JAVA_TOOL_OPTIONS: -Dfile.encoding=UTF8 -Duser.language=en-US -Duser.country=US -Duser.language=en
09:28:59.867 [main] INFO  fr.inria.lille.repair.nopol.NoPol - Source files: [src/main/java]
09:28:59.906 [main] INFO  fr.inria.lille.repair.nopol.NoPol - Classpath: [file:/tmp/Nopol_Bug_dot_jar_Commons-Math_3a15d8ce/target/classes/, file:/tmp/Nopol_Bug_dot_jar_Commons-Math_3a15d8ce/target/test-classes/, file:/home/tdurieux/.m2/repository/junit/junit/4.4/junit-4.4.jar, file:/home/tdurieux/defects4j4repair/script/../repair_tools/nopol.jar]
09:28:59.906 [main] INFO  fr.inria.lille.repair.nopol.NoPol - Statement type: PRE_THEN_COND
09:28:59.907 [main] INFO  fr.inria.lille.repair.nopol.NoPol - Args: [org.apache.commons.math.ArgumentOutsideDomainExceptionTest, org.apache.commons.math.ConvergenceExceptionTest, org.apache.commons.math.DuplicateSampleAbscissaExceptionTest, org.apache.commons.math.FunctionEvaluationExceptionTest, org.apache.commons.math.MathConfigurationExceptionTest, org.apache.commons.math.MathExceptionTest, org.apache.commons.math.MaxIterationsExceededExceptionTest, org.apache.commons.math.analysis.BinaryFunctionTest, org.apache.commons.math.analysis.ComposableFunctionTest, org.apache.commons.math.analysis.integration.LegendreGaussIntegratorTest, org.apache.commons.math.analysis.integration.RombergIntegratorTest, org.apache.commons.math.analysis.integration.SimpsonIntegratorTest, org.apache.commons.math.analysis.integration.TrapezoidIntegratorTest, org.apache.commons.math.analysis.interpolation.BicubicSplineInterpolatingFunctionTest, org.apache.commons.math.analysis.interpolation.BicubicSplineInterpolatorTest, org.apache.commons.math.analysis.interpolation.DividedDifferenceInterpolatorTest, org.apache.commons.math.analysis.interpolation.LoessInterpolatorTest, org.apache.commons.math.analysis.interpolation.MicrosphereInterpolatorTest, org.apache.commons.math.analysis.interpolation.NevilleInterpolatorTest, org.apache.commons.math.analysis.interpolation.SmoothingBicubicSplineInterpolatorTest, org.apache.commons.math.analysis.interpolation.SmoothingPolynomialBicubicSplineInterpolatorTest, org.apache.commons.math.analysis.interpolation.SplineInterpolatorTest, org.apache.commons.math.analysis.interpolation.TricubicSplineInterpolatingFunctionTest, org.apache.commons.math.analysis.interpolation.TricubicSplineInterpolatorTest, org.apache.commons.math.analysis.polynomials.PolynomialFunctionLagrangeFormTest, org.apache.commons.math.analysis.polynomials.PolynomialFunctionNewtonFormTest, org.apache.commons.math.analysis.polynomials.PolynomialFunctionTest, org.apache.commons.math.analysis.polynomials.PolynomialSplineFunctionTest, org.apache.commons.math.analysis.polynomials.PolynomialsUtilsTest, org.apache.commons.math.analysis.solvers.BisectionSolverTest, org.apache.commons.math.analysis.solvers.BrentSolverTest, org.apache.commons.math.analysis.solvers.LaguerreSolverTest, org.apache.commons.math.analysis.solvers.MullerSolverTest, org.apache.commons.math.analysis.solvers.NewtonSolverTest, org.apache.commons.math.analysis.solvers.RiddersSolverTest, org.apache.commons.math.analysis.solvers.UnivariateRealSolverFactoryImplTest, org.apache.commons.math.analysis.solvers.UnivariateRealSolverUtilsTest, org.apache.commons.math.complex.ComplexFieldTest, org.apache.commons.math.complex.ComplexFormatTest, org.apache.commons.math.complex.ComplexTest, org.apache.commons.math.complex.ComplexUtilsTest, org.apache.commons.math.complex.FrenchComplexFormatTest, org.apache.commons.math.distribution.BetaDistributionTest, org.apache.commons.math.distribution.BinomialDistributionTest, org.apache.commons.math.distribution.CauchyDistributionTest, org.apache.commons.math.distribution.ChiSquareDistributionTest, org.apache.commons.math.distribution.ExponentialDistributionTest, org.apache.commons.math.distribution.FDistributionTest, org.apache.commons.math.distribution.GammaDistributionTest, org.apache.commons.math.distribution.HypergeometricDistributionTest, org.apache.commons.math.distribution.NormalDistributionTest, org.apache.commons.math.distribution.PascalDistributionTest, org.apache.commons.math.distribution.PoissonDistributionTest, org.apache.commons.math.distribution.TDistributionTest, org.apache.commons.math.distribution.WeibullDistributionTest, org.apache.commons.math.distribution.ZipfDistributionTest, org.apache.commons.math.estimation.EstimatedParameterTest, org.apache.commons.math.estimation.GaussNewtonEstimatorTest, org.apache.commons.math.estimation.LevenbergMarquardtEstimatorTest, org.apache.commons.math.estimation.MinpackTest, org.apache.commons.math.estimation.WeightedMeasurementTest, org.apache.commons.math.fraction.BigFractionFieldTest, org.apache.commons.math.fraction.BigFractionFormatTest, org.apache.commons.math.fraction.BigFractionTest, org.apache.commons.math.fraction.FractionFieldTest, org.apache.commons.math.fraction.FractionFormatTest, org.apache.commons.math.fraction.FractionTest, org.apache.commons.math.genetics.BinaryChromosomeTest, org.apache.commons.math.genetics.BinaryMutationTest, org.apache.commons.math.genetics.ChromosomeTest, org.apache.commons.math.genetics.ElitisticListPopulationTest, org.apache.commons.math.genetics.FitnessCachingTest, org.apache.commons.math.genetics.FixedGenerationCountTest, org.apache.commons.math.genetics.GeneticAlgorithmTestBinary, org.apache.commons.math.genetics.GeneticAlgorithmTestPermutations, org.apache.commons.math.genetics.ListPopulationTest, org.apache.commons.math.genetics.OnePointCrossoverTest, org.apache.commons.math.genetics.RandomKeyMutationTest, org.apache.commons.math.genetics.RandomKeyTest, org.apache.commons.math.genetics.TournamentSelectionTest, org.apache.commons.math.geometry.FrenchVector3DFormatTest, org.apache.commons.math.geometry.RotationOrderTest, org.apache.commons.math.geometry.RotationTest, org.apache.commons.math.geometry.Vector3DFormatTest, org.apache.commons.math.geometry.Vector3DTest, org.apache.commons.math.linear.AbstractRealVectorTest, org.apache.commons.math.linear.Array2DRowRealMatrixTest, org.apache.commons.math.linear.ArrayFieldVectorTest, org.apache.commons.math.linear.ArrayRealVectorTest, org.apache.commons.math.linear.BiDiagonalTransformerTest, org.apache.commons.math.linear.BigMatrixImplTest, org.apache.commons.math.linear.BlockFieldMatrixTest, org.apache.commons.math.linear.BlockRealMatrixTest, org.apache.commons.math.linear.CholeskyDecompositionImplTest, org.apache.commons.math.linear.CholeskySolverTest, org.apache.commons.math.linear.EigenDecompositionImplTest, org.apache.commons.math.linear.EigenSolverTest, org.apache.commons.math.linear.FieldLUDecompositionImplTest, org.apache.commons.math.linear.FieldMatrixImplTest, org.apache.commons.math.linear.FrenchRealVectorFormatTest, org.apache.commons.math.linear.InvalidMatrixExceptionTest, org.apache.commons.math.linear.LUDecompositionImplTest, org.apache.commons.math.linear.LUSolverTest, org.apache.commons.math.linear.MatrixIndexExceptionTest, org.apache.commons.math.linear.MatrixUtilsTest, org.apache.commons.math.linear.QRDecompositionImplTest, org.apache.commons.math.linear.QRSolverTest, org.apache.commons.math.linear.RealMatrixImplTest, org.apache.commons.math.linear.RealVectorFormatTest, org.apache.commons.math.linear.SingularValueDecompositionImplTest, org.apache.commons.math.linear.SingularValueSolverTest, org.apache.commons.math.linear.SparseFieldMatrixTest, org.apache.commons.math.linear.SparseFieldVectorTest, org.apache.commons.math.linear.SparseRealMatrixTest, org.apache.commons.math.linear.SparseRealVectorTest, org.apache.commons.math.linear.TriDiagonalTransformerTest, org.apache.commons.math.ode.ContinuousOutputModelTest, org.apache.commons.math.ode.FirstOrderConverterTest, org.apache.commons.math.ode.events.EventStateTest, org.apache.commons.math.ode.jacobians.FirstOrderIntegratorWithJacobiansTest, org.apache.commons.math.ode.nonstiff.AdamsBashforthIntegratorTest, org.apache.commons.math.ode.nonstiff.AdamsMoultonIntegratorTest, org.apache.commons.math.ode.nonstiff.ClassicalRungeKuttaIntegratorTest, org.apache.commons.math.ode.nonstiff.ClassicalRungeKuttaStepInterpolatorTest, org.apache.commons.math.ode.nonstiff.DormandPrince54IntegratorTest, org.apache.commons.math.ode.nonstiff.DormandPrince54StepInterpolatorTest, org.apache.commons.math.ode.nonstiff.DormandPrince853IntegratorTest, org.apache.commons.math.ode.nonstiff.DormandPrince853StepInterpolatorTest, org.apache.commons.math.ode.nonstiff.EulerIntegratorTest, org.apache.commons.math.ode.nonstiff.EulerStepInterpolatorTest, org.apache.commons.math.ode.nonstiff.GillIntegratorTest, org.apache.commons.math.ode.nonstiff.GillStepInterpolatorTest, org.apache.commons.math.ode.nonstiff.GraggBulirschStoerIntegratorTest, org.apache.commons.math.ode.nonstiff.GraggBulirschStoerStepInterpolatorTest, org.apache.commons.math.ode.nonstiff.HighamHall54IntegratorTest, org.apache.commons.math.ode.nonstiff.HighamHall54StepInterpolatorTest, org.apache.commons.math.ode.nonstiff.MidpointIntegratorTest, org.apache.commons.math.ode.nonstiff.MidpointStepInterpolatorTest, org.apache.commons.math.ode.nonstiff.ThreeEighthesIntegratorTest, org.apache.commons.math.ode.nonstiff.ThreeEighthesStepInterpolatorTest, org.apache.commons.math.ode.sampling.DummyStepInterpolatorTest, org.apache.commons.math.ode.sampling.NordsieckStepInterpolatorTest, org.apache.commons.math.ode.sampling.StepNormalizerTest, org.apache.commons.math.optimization.MultiStartDifferentiableMultivariateRealOptimizerTest, org.apache.commons.math.optimization.MultiStartDifferentiableMultivariateVectorialOptimizerTest, org.apache.commons.math.optimization.MultiStartMultivariateRealOptimizerTest, org.apache.commons.math.optimization.MultiStartUnivariateRealOptimizerTest, org.apache.commons.math.optimization.direct.MultiDirectionalTest, org.apache.commons.math.optimization.direct.NelderMeadTest, org.apache.commons.math.optimization.fitting.CurveFitterTest, org.apache.commons.math.optimization.fitting.HarmonicFitterTest, org.apache.commons.math.optimization.fitting.PolynomialFitterTest, org.apache.commons.math.optimization.general.GaussNewtonOptimizerTest, org.apache.commons.math.optimization.general.LevenbergMarquardtOptimizerTest, org.apache.commons.math.optimization.general.MinpackTest, org.apache.commons.math.optimization.general.NonLinearConjugateGradientOptimizerTest, org.apache.commons.math.optimization.linear.SimplexSolverTest, org.apache.commons.math.optimization.linear.SimplexTableauTest, org.apache.commons.math.optimization.univariate.BrentMinimizerTest, org.apache.commons.math.random.AbstractRandomGeneratorTest, org.apache.commons.math.random.CorrelatedRandomVectorGeneratorTest, org.apache.commons.math.random.EmpiricalDistributionTest, org.apache.commons.math.random.GaussianRandomGeneratorTest, org.apache.commons.math.random.MersenneTwisterTest, org.apache.commons.math.random.RandomAdaptorTest, org.apache.commons.math.random.RandomDataTest, org.apache.commons.math.random.UncorrelatedRandomVectorGeneratorTest, org.apache.commons.math.random.UniformRandomGeneratorTest, org.apache.commons.math.random.ValueServerTest, org.apache.commons.math.special.BetaTest, org.apache.commons.math.special.ErfTest, org.apache.commons.math.special.GammaTest, org.apache.commons.math.stat.CertifiedDataTest, org.apache.commons.math.stat.FrequencyTest, org.apache.commons.math.stat.StatUtilsTest, org.apache.commons.math.stat.clustering.EuclideanIntegerPointTest, org.apache.commons.math.stat.clustering.KMeansPlusPlusClustererTest, org.apache.commons.math.stat.correlation.CovarianceTest, org.apache.commons.math.stat.correlation.PearsonsCorrelationTest, org.apache.commons.math.stat.correlation.SpearmansRankCorrelationTest, org.apache.commons.math.stat.data.LewTest, org.apache.commons.math.stat.data.LotteryTest, org.apache.commons.math.stat.descriptive.AbstractUnivariateStatisticTest, org.apache.commons.math.stat.descriptive.AggregateSummaryStatisticsTest, org.apache.commons.math.stat.descriptive.DescriptiveStatisticsTest, org.apache.commons.math.stat.descriptive.InteractionTest, org.apache.commons.math.stat.descriptive.ListUnivariateImplTest, org.apache.commons.math.stat.descriptive.MixedListUnivariateImplTest, org.apache.commons.math.stat.descriptive.MultivariateSummaryStatisticsTest, org.apache.commons.math.stat.descriptive.StatisticalSummaryValuesTest, org.apache.commons.math.stat.descriptive.SummaryStatisticsTest, org.apache.commons.math.stat.descriptive.SynchronizedDescriptiveStatisticsTest, org.apache.commons.math.stat.descriptive.SynchronizedMultivariateSummaryStatisticsTest, org.apache.commons.math.stat.descriptive.SynchronizedSummaryStatisticsTest, org.apache.commons.math.stat.descriptive.moment.FirstMomentTest, org.apache.commons.math.stat.descriptive.moment.FourthMomentTest, org.apache.commons.math.stat.descriptive.moment.GeometricMeanTest, org.apache.commons.math.stat.descriptive.moment.KurtosisTest, org.apache.commons.math.stat.descriptive.moment.MeanTest, org.apache.commons.math.stat.descriptive.moment.SecondMomentTest, org.apache.commons.math.stat.descriptive.moment.SemiVarianceTest, org.apache.commons.math.stat.descriptive.moment.SkewnessTest, org.apache.commons.math.stat.descriptive.moment.StandardDeviationTest, org.apache.commons.math.stat.descriptive.moment.ThirdMomentTest, org.apache.commons.math.stat.descriptive.moment.VarianceTest, org.apache.commons.math.stat.descriptive.moment.VectorialCovarianceTest, org.apache.commons.math.stat.descriptive.moment.VectorialMeanTest, org.apache.commons.math.stat.descriptive.rank.MaxTest, org.apache.commons.math.stat.descriptive.rank.MedianTest, org.apache.commons.math.stat.descriptive.rank.MinTest, org.apache.commons.math.stat.descriptive.rank.PercentileTest, org.apache.commons.math.stat.descriptive.summary.ProductTest, org.apache.commons.math.stat.descriptive.summary.SumLogTest, org.apache.commons.math.stat.descriptive.summary.SumSqTest, org.apache.commons.math.stat.descriptive.summary.SumTest, org.apache.commons.math.stat.inference.ChiSquareFactoryTest, org.apache.commons.math.stat.inference.ChiSquareTestTest, org.apache.commons.math.stat.inference.OneWayAnovaTest, org.apache.commons.math.stat.inference.TTestFactoryTest, org.apache.commons.math.stat.inference.TTestTest, org.apache.commons.math.stat.inference.TestUtilsTest, org.apache.commons.math.stat.ranking.NaturalRankingTest, org.apache.commons.math.stat.regression.GLSMultipleLinearRegressionTest, org.apache.commons.math.stat.regression.OLSMultipleLinearRegressionTest, org.apache.commons.math.stat.regression.SimpleRegressionTest, org.apache.commons.math.transform.FastCosineTransformerTest, org.apache.commons.math.transform.FastFourierTransformerTest, org.apache.commons.math.transform.FastHadamardTransformerTest, org.apache.commons.math.transform.FastSineTransformerTest, org.apache.commons.math.util.BigRealFieldTest, org.apache.commons.math.util.BigRealTest, org.apache.commons.math.util.ContinuedFractionTest, org.apache.commons.math.util.DefaultTransformerTest, org.apache.commons.math.util.MathUtilsTest, org.apache.commons.math.util.OpenIntToDoubleHashMapTest, org.apache.commons.math.util.OpenIntToFieldTest, org.apache.commons.math.util.ResizableDoubleArrayTest, org.apache.commons.math.util.TransformerMapTest]
09:28:59.909 [main] INFO  fr.inria.lille.repair.nopol.NoPol - Config: Config{synthesisDepth=3, collectStaticMethods=true, collectStaticFields=false, collectLiterals=false, onlyOneSynthesisResult=true, sortExpressions=true, maxLineInvocationPerTest=250, timeoutMethodInvocation=2000, dataCollectionTimeoutInSecondForSynthesis=900, addWeight=0.19478, subWeight=0.04554, mulWeight=0.0102, divWeight=0.00613, andWeight=0.10597, orWeight=0.05708, eqWeight=0.22798, nEqWeight=0.0, lessEqWeight=0.0255, lessWeight=0.0947, methodCallWeight=0.1, fieldAccessWeight=0.08099, constantWeight=0.14232, variableWeight=0.05195, mode=REPAIR, type=PRE_THEN_COND, synthesis=SMT, oracle=ANGELIC, solver=Z3, solverPath='/home/tdurieux/defects4j4repair/script/../libs/z3/build/z3', projectSources=[src/main/java], projectClasspath='[Ljava.net.URL;@66d33a', projectTests=[org.apache.commons.math.ArgumentOutsideDomainExceptionTest, org.apache.commons.math.ConvergenceExceptionTest, org.apache.commons.math.DuplicateSampleAbscissaExceptionTest, org.apache.commons.math.FunctionEvaluationExceptionTest, org.apache.commons.math.MathConfigurationExceptionTest, org.apache.commons.math.MathExceptionTest, org.apache.commons.math.MaxIterationsExceededExceptionTest, org.apache.commons.math.analysis.BinaryFunctionTest, org.apache.commons.math.analysis.ComposableFunctionTest, org.apache.commons.math.analysis.integration.LegendreGaussIntegratorTest, org.apache.commons.math.analysis.integration.RombergIntegratorTest, org.apache.commons.math.analysis.integration.SimpsonIntegratorTest, org.apache.commons.math.analysis.integration.TrapezoidIntegratorTest, org.apache.commons.math.analysis.interpolation.BicubicSplineInterpolatingFunctionTest, org.apache.commons.math.analysis.interpolation.BicubicSplineInterpolatorTest, org.apache.commons.math.analysis.interpolation.DividedDifferenceInterpolatorTest, org.apache.commons.math.analysis.interpolation.LoessInterpolatorTest, org.apache.commons.math.analysis.interpolation.MicrosphereInterpolatorTest, org.apache.commons.math.analysis.interpolation.NevilleInterpolatorTest, org.apache.commons.math.analysis.interpolation.SmoothingBicubicSplineInterpolatorTest, org.apache.commons.math.analysis.interpolation.SmoothingPolynomialBicubicSplineInterpolatorTest, org.apache.commons.math.analysis.interpolation.SplineInterpolatorTest, org.apache.commons.math.analysis.interpolation.TricubicSplineInterpolatingFunctionTest, org.apache.commons.math.analysis.interpolation.TricubicSplineInterpolatorTest, org.apache.commons.math.analysis.polynomials.PolynomialFunctionLagrangeFormTest, org.apache.commons.math.analysis.polynomials.PolynomialFunctionNewtonFormTest, org.apache.commons.math.analysis.polynomials.PolynomialFunctionTest, org.apache.commons.math.analysis.polynomials.PolynomialSplineFunctionTest, org.apache.commons.math.analysis.polynomials.PolynomialsUtilsTest, org.apache.commons.math.analysis.solvers.BisectionSolverTest, org.apache.commons.math.analysis.solvers.BrentSolverTest, org.apache.commons.math.analysis.solvers.LaguerreSolverTest, org.apache.commons.math.analysis.solvers.MullerSolverTest, org.apache.commons.math.analysis.solvers.NewtonSolverTest, org.apache.commons.math.analysis.solvers.RiddersSolverTest, org.apache.commons.math.analysis.solvers.UnivariateRealSolverFactoryImplTest, org.apache.commons.math.analysis.solvers.UnivariateRealSolverUtilsTest, org.apache.commons.math.complex.ComplexFieldTest, org.apache.commons.math.complex.ComplexFormatTest, org.apache.commons.math.complex.ComplexTest, org.apache.commons.math.complex.ComplexUtilsTest, org.apache.commons.math.complex.FrenchComplexFormatTest, org.apache.commons.math.distribution.BetaDistributionTest, org.apache.commons.math.distribution.BinomialDistributionTest, org.apache.commons.math.distribution.CauchyDistributionTest, org.apache.commons.math.distribution.ChiSquareDistributionTest, org.apache.commons.math.distribution.ExponentialDistributionTest, org.apache.commons.math.distribution.FDistributionTest, org.apache.commons.math.distribution.GammaDistributionTest, org.apache.commons.math.distribution.HypergeometricDistributionTest, org.apache.commons.math.distribution.NormalDistributionTest, org.apache.commons.math.distribution.PascalDistributionTest, org.apache.commons.math.distribution.PoissonDistributionTest, org.apache.commons.math.distribution.TDistributionTest, org.apache.commons.math.distribution.WeibullDistributionTest, org.apache.commons.math.distribution.ZipfDistributionTest, org.apache.commons.math.estimation.EstimatedParameterTest, org.apache.commons.math.estimation.GaussNewtonEstimatorTest, org.apache.commons.math.estimation.LevenbergMarquardtEstimatorTest, org.apache.commons.math.estimation.MinpackTest, org.apache.commons.math.estimation.WeightedMeasurementTest, org.apache.commons.math.fraction.BigFractionFieldTest, org.apache.commons.math.fraction.BigFractionFormatTest, org.apache.commons.math.fraction.BigFractionTest, org.apache.commons.math.fraction.FractionFieldTest, org.apache.commons.math.fraction.FractionFormatTest, org.apache.commons.math.fraction.FractionTest, org.apache.commons.math.genetics.BinaryChromosomeTest, org.apache.commons.math.genetics.BinaryMutationTest, org.apache.commons.math.genetics.ChromosomeTest, org.apache.commons.math.genetics.ElitisticListPopulationTest, org.apache.commons.math.genetics.FitnessCachingTest, org.apache.commons.math.genetics.FixedGenerationCountTest, org.apache.commons.math.genetics.GeneticAlgorithmTestBinary, org.apache.commons.math.genetics.GeneticAlgorithmTestPermutations, org.apache.commons.math.genetics.ListPopulationTest, org.apache.commons.math.genetics.OnePointCrossoverTest, org.apache.commons.math.genetics.RandomKeyMutationTest, org.apache.commons.math.genetics.RandomKeyTest, org.apache.commons.math.genetics.TournamentSelectionTest, org.apache.commons.math.geometry.FrenchVector3DFormatTest, org.apache.commons.math.geometry.RotationOrderTest, org.apache.commons.math.geometry.RotationTest, org.apache.commons.math.geometry.Vector3DFormatTest, org.apache.commons.math.geometry.Vector3DTest, org.apache.commons.math.linear.AbstractRealVectorTest, org.apache.commons.math.linear.Array2DRowRealMatrixTest, org.apache.commons.math.linear.ArrayFieldVectorTest, org.apache.commons.math.linear.ArrayRealVectorTest, org.apache.commons.math.linear.BiDiagonalTransformerTest, org.apache.commons.math.linear.BigMatrixImplTest, org.apache.commons.math.linear.BlockFieldMatrixTest, org.apache.commons.math.linear.BlockRealMatrixTest, org.apache.commons.math.linear.CholeskyDecompositionImplTest, org.apache.commons.math.linear.CholeskySolverTest, org.apache.commons.math.linear.EigenDecompositionImplTest, org.apache.commons.math.linear.EigenSolverTest, org.apache.commons.math.linear.FieldLUDecompositionImplTest, org.apache.commons.math.linear.FieldMatrixImplTest, org.apache.commons.math.linear.FrenchRealVectorFormatTest, org.apache.commons.math.linear.InvalidMatrixExceptionTest, org.apache.commons.math.linear.LUDecompositionImplTest, org.apache.commons.math.linear.LUSolverTest, org.apache.commons.math.linear.MatrixIndexExceptionTest, org.apache.commons.math.linear.MatrixUtilsTest, org.apache.commons.math.linear.QRDecompositionImplTest, org.apache.commons.math.linear.QRSolverTest, org.apache.commons.math.linear.RealMatrixImplTest, org.apache.commons.math.linear.RealVectorFormatTest, org.apache.commons.math.linear.SingularValueDecompositionImplTest, org.apache.commons.math.linear.SingularValueSolverTest, org.apache.commons.math.linear.SparseFieldMatrixTest, org.apache.commons.math.linear.SparseFieldVectorTest, org.apache.commons.math.linear.SparseRealMatrixTest, org.apache.commons.math.linear.SparseRealVectorTest, org.apache.commons.math.linear.TriDiagonalTransformerTest, org.apache.commons.math.ode.ContinuousOutputModelTest, org.apache.commons.math.ode.FirstOrderConverterTest, org.apache.commons.math.ode.events.EventStateTest, org.apache.commons.math.ode.jacobians.FirstOrderIntegratorWithJacobiansTest, org.apache.commons.math.ode.nonstiff.AdamsBashforthIntegratorTest, org.apache.commons.math.ode.nonstiff.AdamsMoultonIntegratorTest, org.apache.commons.math.ode.nonstiff.ClassicalRungeKuttaIntegratorTest, org.apache.commons.math.ode.nonstiff.ClassicalRungeKuttaStepInterpolatorTest, org.apache.commons.math.ode.nonstiff.DormandPrince54IntegratorTest, org.apache.commons.math.ode.nonstiff.DormandPrince54StepInterpolatorTest, org.apache.commons.math.ode.nonstiff.DormandPrince853IntegratorTest, org.apache.commons.math.ode.nonstiff.DormandPrince853StepInterpolatorTest, org.apache.commons.math.ode.nonstiff.EulerIntegratorTest, org.apache.commons.math.ode.nonstiff.EulerStepInterpolatorTest, org.apache.commons.math.ode.nonstiff.GillIntegratorTest, org.apache.commons.math.ode.nonstiff.GillStepInterpolatorTest, org.apache.commons.math.ode.nonstiff.GraggBulirschStoerIntegratorTest, org.apache.commons.math.ode.nonstiff.GraggBulirschStoerStepInterpolatorTest, org.apache.commons.math.ode.nonstiff.HighamHall54IntegratorTest, org.apache.commons.math.ode.nonstiff.HighamHall54StepInterpolatorTest, org.apache.commons.math.ode.nonstiff.MidpointIntegratorTest, org.apache.commons.math.ode.nonstiff.MidpointStepInterpolatorTest, org.apache.commons.math.ode.nonstiff.ThreeEighthesIntegratorTest, org.apache.commons.math.ode.nonstiff.ThreeEighthesStepInterpolatorTest, org.apache.commons.math.ode.sampling.DummyStepInterpolatorTest, org.apache.commons.math.ode.sampling.NordsieckStepInterpolatorTest, org.apache.commons.math.ode.sampling.StepNormalizerTest, org.apache.commons.math.optimization.MultiStartDifferentiableMultivariateRealOptimizerTest, org.apache.commons.math.optimization.MultiStartDifferentiableMultivariateVectorialOptimizerTest, org.apache.commons.math.optimization.MultiStartMultivariateRealOptimizerTest, org.apache.commons.math.optimization.MultiStartUnivariateRealOptimizerTest, org.apache.commons.math.optimization.direct.MultiDirectionalTest, org.apache.commons.math.optimization.direct.NelderMeadTest, org.apache.commons.math.optimization.fitting.CurveFitterTest, org.apache.commons.math.optimization.fitting.HarmonicFitterTest, org.apache.commons.math.optimization.fitting.PolynomialFitterTest, org.apache.commons.math.optimization.general.GaussNewtonOptimizerTest, org.apache.commons.math.optimization.general.LevenbergMarquardtOptimizerTest, org.apache.commons.math.optimization.general.MinpackTest, org.apache.commons.math.optimization.general.NonLinearConjugateGradientOptimizerTest, org.apache.commons.math.optimization.linear.SimplexSolverTest, org.apache.commons.math.optimization.linear.SimplexTableauTest, org.apache.commons.math.optimization.univariate.BrentMinimizerTest, org.apache.commons.math.random.AbstractRandomGeneratorTest, org.apache.commons.math.random.CorrelatedRandomVectorGeneratorTest, org.apache.commons.math.random.EmpiricalDistributionTest, org.apache.commons.math.random.GaussianRandomGeneratorTest, org.apache.commons.math.random.MersenneTwisterTest, org.apache.commons.math.random.RandomAdaptorTest, org.apache.commons.math.random.RandomDataTest, org.apache.commons.math.random.UncorrelatedRandomVectorGeneratorTest, org.apache.commons.math.random.UniformRandomGeneratorTest, org.apache.commons.math.random.ValueServerTest, org.apache.commons.math.special.BetaTest, org.apache.commons.math.special.ErfTest, org.apache.commons.math.special.GammaTest, org.apache.commons.math.stat.CertifiedDataTest, org.apache.commons.math.stat.FrequencyTest, org.apache.commons.math.stat.StatUtilsTest, org.apache.commons.math.stat.clustering.EuclideanIntegerPointTest, org.apache.commons.math.stat.clustering.KMeansPlusPlusClustererTest, org.apache.commons.math.stat.correlation.CovarianceTest, org.apache.commons.math.stat.correlation.PearsonsCorrelationTest, org.apache.commons.math.stat.correlation.SpearmansRankCorrelationTest, org.apache.commons.math.stat.data.LewTest, org.apache.commons.math.stat.data.LotteryTest, org.apache.commons.math.stat.descriptive.AbstractUnivariateStatisticTest, org.apache.commons.math.stat.descriptive.AggregateSummaryStatisticsTest, org.apache.commons.math.stat.descriptive.DescriptiveStatisticsTest, org.apache.commons.math.stat.descriptive.InteractionTest, org.apache.commons.math.stat.descriptive.ListUnivariateImplTest, org.apache.commons.math.stat.descriptive.MixedListUnivariateImplTest, org.apache.commons.math.stat.descriptive.MultivariateSummaryStatisticsTest, org.apache.commons.math.stat.descriptive.StatisticalSummaryValuesTest, org.apache.commons.math.stat.descriptive.SummaryStatisticsTest, org.apache.commons.math.stat.descriptive.SynchronizedDescriptiveStatisticsTest, org.apache.commons.math.stat.descriptive.SynchronizedMultivariateSummaryStatisticsTest, org.apache.commons.math.stat.descriptive.SynchronizedSummaryStatisticsTest, org.apache.commons.math.stat.descriptive.moment.FirstMomentTest, org.apache.commons.math.stat.descriptive.moment.FourthMomentTest, org.apache.commons.math.stat.descriptive.moment.GeometricMeanTest, org.apache.commons.math.stat.descriptive.moment.KurtosisTest, org.apache.commons.math.stat.descriptive.moment.MeanTest, org.apache.commons.math.stat.descriptive.moment.SecondMomentTest, org.apache.commons.math.stat.descriptive.moment.SemiVarianceTest, org.apache.commons.math.stat.descriptive.moment.SkewnessTest, org.apache.commons.math.stat.descriptive.moment.StandardDeviationTest, org.apache.commons.math.stat.descriptive.moment.ThirdMomentTest, org.apache.commons.math.stat.descriptive.moment.VarianceTest, org.apache.commons.math.stat.descriptive.moment.VectorialCovarianceTest, org.apache.commons.math.stat.descriptive.moment.VectorialMeanTest, org.apache.commons.math.stat.descriptive.rank.MaxTest, org.apache.commons.math.stat.descriptive.rank.MedianTest, org.apache.commons.math.stat.descriptive.rank.MinTest, org.apache.commons.math.stat.descriptive.rank.PercentileTest, org.apache.commons.math.stat.descriptive.summary.ProductTest, org.apache.commons.math.stat.descriptive.summary.SumLogTest, org.apache.commons.math.stat.descriptive.summary.SumSqTest, org.apache.commons.math.stat.descriptive.summary.SumTest, org.apache.commons.math.stat.inference.ChiSquareFactoryTest, org.apache.commons.math.stat.inference.ChiSquareTestTest, org.apache.commons.math.stat.inference.OneWayAnovaTest, org.apache.commons.math.stat.inference.TTestFactoryTest, org.apache.commons.math.stat.inference.TTestTest, org.apache.commons.math.stat.inference.TestUtilsTest, org.apache.commons.math.stat.ranking.NaturalRankingTest, org.apache.commons.math.stat.regression.GLSMultipleLinearRegressionTest, org.apache.commons.math.stat.regression.OLSMultipleLinearRegressionTest, org.apache.commons.math.stat.regression.SimpleRegressionTest, org.apache.commons.math.transform.FastCosineTransformerTest, org.apache.commons.math.transform.FastFourierTransformerTest, org.apache.commons.math.transform.FastHadamardTransformerTest, org.apache.commons.math.transform.FastSineTransformerTest, org.apache.commons.math.util.BigRealFieldTest, org.apache.commons.math.util.BigRealTest, org.apache.commons.math.util.ContinuedFractionTest, org.apache.commons.math.util.DefaultTransformerTest, org.apache.commons.math.util.MathUtilsTest, org.apache.commons.math.util.OpenIntToDoubleHashMapTest, org.apache.commons.math.util.OpenIntToFieldTest, org.apache.commons.math.util.ResizableDoubleArrayTest, org.apache.commons.math.util.TransformerMapTest], complianceLevel=7, outputFolder=., json=true}
09:28:59.909 [main] INFO  fr.inria.lille.repair.nopol.NoPol - Available processors (cores): 4
09:28:59.915 [main] INFO  fr.inria.lille.repair.nopol.NoPol - Free memory: 925 MB
09:28:59.915 [main] INFO  fr.inria.lille.repair.nopol.NoPol - Maximum memory: 3 GB
09:28:59.916 [main] INFO  fr.inria.lille.repair.nopol.NoPol - Total memory available to JVM: 981 MB
09:28:59.916 [main] INFO  fr.inria.lille.repair.nopol.NoPol - Java version: 1.8.0_181
09:28:59.917 [main] INFO  fr.inria.lille.repair.nopol.NoPol - JAVA_HOME: /usr/lib/jvm/java-1.8.0-openjdk-amd64/bin/
09:28:59.917 [main] INFO  fr.inria.lille.repair.nopol.NoPol - PATH: /usr/lib/jvm/java-1.8.0-openjdk-amd64/bin/:/usr/lib/oar/oardodo:/usr/lib/oar/oardodo:/usr/local/bin:/usr/bin:/bin:/usr/games
09:29:21.824 [pool-2-thread-1] DEBUG fr.inria.lille.repair.nopol.NoPol - statement #1
09:29:21.825 [pool-2-thread-1] DEBUG fr.inria.lille.repair.nopol.NoPol - Analysing SourceLocation org.apache.commons.math.ode.jacobians.FirstOrderIntegratorWithJacobians$FiniteDifferencesWrapper:528 which is executed by 1 tests
-1927872958
09:29:22.191 [pool-2-thread-1] DEBUG fr.inria.lille.repair.nopol.NoPol - statement #2
09:29:22.192 [pool-2-thread-1] DEBUG fr.inria.lille.repair.nopol.NoPol - Analysing SourceLocation org.apache.commons.math.ode.jacobians.FirstOrderIntegratorWithJacobians$FiniteDifferencesWrapper:525 which is executed by 1 tests
-1927872958
09:29:22.339 [pool-2-thread-1] DEBUG fr.inria.lille.repair.nopol.NoPol - looking with class fr.inria.lille.repair.nopol.spoon.smt.ConditionalAdder
java.lang.AssertionError
    at org.junit.Assert.fail(Assert.java:86)
    at org.junit.Assert.assertTrue(Assert.java:41)
    at org.junit.Assert.assertTrue(Assert.java:52)
    at org.apache.commons.math.ode.jacobians.FirstOrderIntegratorWithJacobiansTest.testInternalDifferentiation(FirstOrderIntegratorWithJacobiansTest.java:119)
    at sun.reflect.NativeMethodAccessorImpl.invoke0(Native Method)
    at sun.reflect.NativeMethodAccessorImpl.invoke(NativeMethodAccessorImpl.java:62)
09:29:22.806 [pool-4-thread-1] INFO  xxl.java.junit.TestCasesListener - Tests run finished (440 ms)
<> Total tests run: 7
<> Ignored tests: 0
<> Failed tests: 1
~ testInternalDifferentiation(org.apache.commons.math.ode.jacobians.FirstOrderIntegratorWithJacobiansTest)
[null]
java.lang.AssertionError    at org.junit.Assert.fail(Assert.java:86)
    at org.junit.Assert.assertTrue(Assert.java:41)
    at org.junit.Assert.assertTrue(Assert.java:52)
    at org.apache.commons.math.ode.jacobians.FirstOrderIntegratorWithJacobiansTest.testInternalDifferentiation(FirstOrderIntegratorWithJacobiansTest.java:119)
    at sun.reflect.NativeMethodAccessorImpl.invoke0(Native Method)
    at sun.reflect.NativeMethodAccessorImpl.invoke(NativeMethodAccessorImpl.java:62)

java.lang.AssertionError
    at org.junit.Assert.fail(Assert.java:86)
    at org.junit.Assert.assertTrue(Assert.java:41)
    at org.junit.Assert.assertTrue(Assert.java:52)
    at org.apache.commons.math.ode.jacobians.FirstOrderIntegratorWithJacobiansTest.testInternalDifferentiation(FirstOrderIntegratorWithJacobiansTest.java:112)
    at sun.reflect.NativeMethodAccessorImpl.invoke0(Native Method)
    at sun.reflect.NativeMethodAccessorImpl.invoke(NativeMethodAccessorImpl.java:62)
09:29:24.727 [pool-5-thread-1] INFO  f.i.l.c.t.SpecificationTestCasesListener - Tests run finished (115 ms)
<> Total tests run: 1
<> Ignored tests: 0
<> Failed tests: 1
~ testInternalDifferentiation(org.apache.commons.math.ode.jacobians.FirstOrderIntegratorWithJacobiansTest)
[null]
java.lang.AssertionError    at org.junit.Assert.fail(Assert.java:86)
    at org.junit.Assert.assertTrue(Assert.java:41)
    at org.junit.Assert.assertTrue(Assert.java:52)
    at org.apache.commons.math.ode.jacobians.FirstOrderIntegratorWithJacobiansTest.testInternalDifferentiation(FirstOrderIntegratorWithJacobiansTest.java:112)
    at sun.reflect.NativeMethodAccessorImpl.invoke0(Native Method)
    at sun.reflect.NativeMethodAccessorImpl.invoke(NativeMethodAccessorImpl.java:62)

java.lang.AssertionError
    at org.junit.Assert.fail(Assert.java:86)
    at org.junit.Assert.assertTrue(Assert.java:41)
    at org.junit.Assert.assertTrue(Assert.java:52)
    at org.apache.commons.math.ode.jacobians.FirstOrderIntegratorWithJacobiansTest.testInternalDifferentiation(FirstOrderIntegratorWithJacobiansTest.java:119)
    at sun.reflect.NativeMethodAccessorImpl.invoke0(Native Method)
    at sun.reflect.NativeMethodAccessorImpl.invoke(NativeMethodAccessorImpl.java:62)
09:29:26.360 [pool-6-thread-1] INFO  f.i.l.c.t.SpecificationTestCasesListener - Tests run finished (1631 ms)
<> Total tests run: 1
<> Ignored tests: 0
<> Failed tests: 1
~ testInternalDifferentiation(org.apache.commons.math.ode.jacobians.FirstOrderIntegratorWithJacobiansTest)
[null]
java.lang.AssertionError    at org.junit.Assert.fail(Assert.java:86)
    at org.junit.Assert.assertTrue(Assert.java:41)
    at org.junit.Assert.assertTrue(Assert.java:52)
    at org.apache.commons.math.ode.jacobians.FirstOrderIntegratorWithJacobiansTest.testInternalDifferentiation(FirstOrderIntegratorWithJacobiansTest.java:119)
    at sun.reflect.NativeMethodAccessorImpl.invoke0(Native Method)
    at sun.reflect.NativeMethodAccessorImpl.invoke(NativeMethodAccessorImpl.java:62)

09:29:26.361 [pool-3-thread-1] DEBUG tests.output - Failing tests with false: 
[testInternalDifferentiation(org.apache.commons.math.ode.jacobians.FirstOrderIntegratorWithJacobiansTest): null]
09:29:26.361 [pool-3-thread-1] DEBUG tests.output - Failing tests with true: 
[testInternalDifferentiation(org.apache.commons.math.ode.jacobians.FirstOrderIntegratorWithJacobiansTest): null]
09:29:26.361 [pool-3-thread-1] INFO  f.i.l.r.n.synth.SMTNopolSynthesizer - Not enough specifications: 0. A trivial patch is "true" or "false", please write new tests specifying SourceLocation org.apache.commons.math.ode.jacobians.FirstOrderIntegratorWithJacobians$FiniteDifferencesWrapper:525.
09:29:26.361 [pool-2-thread-1] DEBUG fr.inria.lille.repair.nopol.NoPol - statement #3
09:29:26.361 [pool-2-thread-1] DEBUG fr.inria.lille.repair.nopol.NoPol - Analysing SourceLocation org.apache.commons.math.ode.jacobians.FirstOrderIntegratorWithJacobians$FiniteDifferencesWrapper:523 which is executed by 1 tests
-1927872958
09:29:26.486 [pool-2-thread-1] DEBUG fr.inria.lille.repair.nopol.NoPol - looking with class fr.inria.lille.repair.nopol.spoon.smt.ConditionalAdder
java.lang.AssertionError
    at org.junit.Assert.fail(Assert.java:86)
    at org.junit.Assert.assertTrue(Assert.java:41)
    at org.junit.Assert.assertTrue(Assert.java:52)
    at org.apache.commons.math.ode.jacobians.FirstOrderIntegratorWithJacobiansTest.testInternalDifferentiation(FirstOrderIntegratorWithJacobiansTest.java:119)
    at sun.reflect.NativeMethodAccessorImpl.invoke0(Native Method)
    at sun.reflect.NativeMethodAccessorImpl.invoke(NativeMethodAccessorImpl.java:62)
09:29:27.027 [pool-8-thread-1] INFO  xxl.java.junit.TestCasesListener - Tests run finished (536 ms)
<> Total tests run: 7
<> Ignored tests: 0
<> Failed tests: 1
~ testInternalDifferentiation(org.apache.commons.math.ode.jacobians.FirstOrderIntegratorWithJacobiansTest)
[null]
java.lang.AssertionError    at org.junit.Assert.fail(Assert.java:86)
    at org.junit.Assert.assertTrue(Assert.java:41)
    at org.junit.Assert.assertTrue(Assert.java:52)
    at org.apache.commons.math.ode.jacobians.FirstOrderIntegratorWithJacobiansTest.testInternalDifferentiation(FirstOrderIntegratorWithJacobiansTest.java:119)
    at sun.reflect.NativeMethodAccessorImpl.invoke0(Native Method)
    at sun.reflect.NativeMethodAccessorImpl.invoke(NativeMethodAccessorImpl.java:62)

java.lang.AssertionError
    at org.junit.Assert.fail(Assert.java:86)
    at org.junit.Assert.assertTrue(Assert.java:41)
    at org.junit.Assert.assertTrue(Assert.java:52)
    at org.apache.commons.math.ode.jacobians.FirstOrderIntegratorWithJacobiansTest.testInternalDifferentiation(FirstOrderIntegratorWithJacobiansTest.java:112)
    at sun.reflect.NativeMethodAccessorImpl.invoke0(Native Method)
    at sun.reflect.NativeMethodAccessorImpl.invoke(NativeMethodAccessorImpl.java:62)
09:29:27.732 [pool-9-thread-1] INFO  f.i.l.c.t.SpecificationTestCasesListener - Tests run finished (38 ms)
<> Total tests run: 1
<> Ignored tests: 0
<> Failed tests: 1
~ testInternalDifferentiation(org.apache.commons.math.ode.jacobians.FirstOrderIntegratorWithJacobiansTest)
[null]
java.lang.AssertionError    at org.junit.Assert.fail(Assert.java:86)
    at org.junit.Assert.assertTrue(Assert.java:41)
    at org.junit.Assert.assertTrue(Assert.java:52)
    at org.apache.commons.math.ode.jacobians.FirstOrderIntegratorWithJacobiansTest.testInternalDifferentiation(FirstOrderIntegratorWithJacobiansTest.java:112)
    at sun.reflect.NativeMethodAccessorImpl.invoke0(Native Method)
    at sun.reflect.NativeMethodAccessorImpl.invoke(NativeMethodAccessorImpl.java:62)

java.lang.AssertionError
    at org.junit.Assert.fail(Assert.java:86)
    at org.junit.Assert.assertTrue(Assert.java:41)
    at org.junit.Assert.assertTrue(Assert.java:52)
    at org.apache.commons.math.ode.jacobians.FirstOrderIntegratorWithJacobiansTest.testInternalDifferentiation(FirstOrderIntegratorWithJacobiansTest.java:119)
    at sun.reflect.NativeMethodAccessorImpl.invoke0(Native Method)
    at sun.reflect.NativeMethodAccessorImpl.invoke(NativeMethodAccessorImpl.java:62)
09:29:32.861 [pool-10-thread-1] INFO  f.i.l.c.t.SpecificationTestCasesListener - Tests run finished (5128 ms)
<> Total tests run: 1
<> Ignored tests: 0
<> Failed tests: 1
~ testInternalDifferentiation(org.apache.commons.math.ode.jacobians.FirstOrderIntegratorWithJacobiansTest)
[null]
java.lang.AssertionError    at org.junit.Assert.fail(Assert.java:86)
    at org.junit.Assert.assertTrue(Assert.java:41)
    at org.junit.Assert.assertTrue(Assert.java:52)
    at org.apache.commons.math.ode.jacobians.FirstOrderIntegratorWithJacobiansTest.testInternalDifferentiation(FirstOrderIntegratorWithJacobiansTest.java:119)
    at sun.reflect.NativeMethodAccessorImpl.invoke0(Native Method)
    at sun.reflect.NativeMethodAccessorImpl.invoke(NativeMethodAccessorImpl.java:62)

09:29:32.862 [pool-7-thread-1] DEBUG tests.output - Failing tests with false: 
[testInternalDifferentiation(org.apache.commons.math.ode.jacobians.FirstOrderIntegratorWithJacobiansTest): null]
09:29:32.863 [pool-7-thread-1] DEBUG tests.output - Failing tests with true: 
[testInternalDifferentiation(org.apache.commons.math.ode.jacobians.FirstOrderIntegratorWithJacobiansTest): null]
09:29:32.863 [pool-7-thread-1] INFO  f.i.l.r.n.synth.SMTNopolSynthesizer - Not enough specifications: 0. A trivial patch is "true" or "false", please write new tests specifying SourceLocation org.apache.commons.math.ode.jacobians.FirstOrderIntegratorWithJacobians$FiniteDifferencesWrapper:523.
09:29:32.863 [pool-2-thread-1] DEBUG fr.inria.lille.repair.nopol.NoPol - statement #4
09:29:32.863 [pool-2-thread-1] DEBUG fr.inria.lille.repair.nopol.NoPol - Analysing SourceLocation org.apache.commons.math.ode.jacobians.FirstOrderIntegratorWithJacobians$FiniteDifferencesWrapper:522 which is executed by 1 tests
-1927872958
09:29:32.991 [pool-2-thread-1] DEBUG fr.inria.lille.repair.nopol.NoPol - looking with class fr.inria.lille.repair.nopol.spoon.smt.ConditionalAdder
java.lang.AssertionError
    at org.junit.Assert.fail(Assert.java:86)
    at org.junit.Assert.assertTrue(Assert.java:41)
    at org.junit.Assert.assertTrue(Assert.java:52)
    at org.apache.commons.math.ode.jacobians.FirstOrderIntegratorWithJacobiansTest.testInternalDifferentiation(FirstOrderIntegratorWithJacobiansTest.java:119)
    at sun.reflect.NativeMethodAccessorImpl.invoke0(Native Method)
    at sun.reflect.NativeMethodAccessorImpl.invoke(NativeMethodAccessorImpl.java:62)
09:29:33.550 [pool-12-thread-1] INFO  xxl.java.junit.TestCasesListener - Tests run finished (554 ms)
<> Total tests run: 7
<> Ignored tests: 0
<> Failed tests: 1
~ testInternalDifferentiation(org.apache.commons.math.ode.jacobians.FirstOrderIntegratorWithJacobiansTest)
[null]
java.lang.AssertionError    at org.junit.Assert.fail(Assert.java:86)
    at org.junit.Assert.assertTrue(Assert.java:41)
    at org.junit.Assert.assertTrue(Assert.java:52)
    at org.apache.commons.math.ode.jacobians.FirstOrderIntegratorWithJacobiansTest.testInternalDifferentiation(FirstOrderIntegratorWithJacobiansTest.java:119)
    at sun.reflect.NativeMethodAccessorImpl.invoke0(Native Method)
    at sun.reflect.NativeMethodAccessorImpl.invoke(NativeMethodAccessorImpl.java:62)

java.lang.AssertionError
    at org.junit.Assert.fail(Assert.java:86)
    at org.junit.Assert.assertTrue(Assert.java:41)
    at org.junit.Assert.assertTrue(Assert.java:52)
    at org.apache.commons.math.ode.jacobians.FirstOrderIntegratorWithJacobiansTest.testInternalDifferentiation(FirstOrderIntegratorWithJacobiansTest.java:112)
    at sun.reflect.NativeMethodAccessorImpl.invoke0(Native Method)
    at sun.reflect.NativeMethodAccessorImpl.invoke(NativeMethodAccessorImpl.java:62)
09:29:34.169 [pool-13-thread-1] INFO  f.i.l.c.t.SpecificationTestCasesListener - Tests run finished (25 ms)
<> Total tests run: 1
<> Ignored tests: 0
<> Failed tests: 1
~ testInternalDifferentiation(org.apache.commons.math.ode.jacobians.FirstOrderIntegratorWithJacobiansTest)
[null]
java.lang.AssertionError    at org.junit.Assert.fail(Assert.java:86)
    at org.junit.Assert.assertTrue(Assert.java:41)
    at org.junit.Assert.assertTrue(Assert.java:52)
    at org.apache.commons.math.ode.jacobians.FirstOrderIntegratorWithJacobiansTest.testInternalDifferentiation(FirstOrderIntegratorWithJacobiansTest.java:112)
    at sun.reflect.NativeMethodAccessorImpl.invoke0(Native Method)
    at sun.reflect.NativeMethodAccessorImpl.invoke(NativeMethodAccessorImpl.java:62)

java.lang.AssertionError
    at org.junit.Assert.fail(Assert.java:86)
    at org.junit.Assert.assertTrue(Assert.java:41)
    at org.junit.Assert.assertTrue(Assert.java:52)
    at org.apache.commons.math.ode.jacobians.FirstOrderIntegratorWithJacobiansTest.testInternalDifferentiation(FirstOrderIntegratorWithJacobiansTest.java:119)
    at sun.reflect.NativeMethodAccessorImpl.invoke0(Native Method)
    at sun.reflect.NativeMethodAccessorImpl.invoke(NativeMethodAccessorImpl.java:62)
09:29:35.761 [pool-14-thread-1] INFO  f.i.l.c.t.SpecificationTestCasesListener - Tests run finished (1579 ms)
<> Total tests run: 1
<> Ignored tests: 0
<> Failed tests: 1
~ testInternalDifferentiation(org.apache.commons.math.ode.jacobians.FirstOrderIntegratorWithJacobiansTest)
[null]
java.lang.AssertionError    at org.junit.Assert.fail(Assert.java:86)
    at org.junit.Assert.assertTrue(Assert.java:41)
    at org.junit.Assert.assertTrue(Assert.java:52)
    at org.apache.commons.math.ode.jacobians.FirstOrderIntegratorWithJacobiansTest.testInternalDifferentiation(FirstOrderIntegratorWithJacobiansTest.java:119)
    at sun.reflect.NativeMethodAccessorImpl.invoke0(Native Method)
    at sun.reflect.NativeMethodAccessorImpl.invoke(NativeMethodAccessorImpl.java:62)

09:29:35.762 [pool-11-thread-1] DEBUG tests.output - Failing tests with false: 
[testInternalDifferentiation(org.apache.commons.math.ode.jacobians.FirstOrderIntegratorWithJacobiansTest): null]
09:29:35.762 [pool-11-thread-1] DEBUG tests.output - Failing tests with true: 
[testInternalDifferentiation(org.apache.commons.math.ode.jacobians.FirstOrderIntegratorWithJacobiansTest): null]
09:29:35.762 [pool-11-thread-1] INFO  f.i.l.r.n.synth.SMTNopolSynthesizer - Not enough specifications: 0. A trivial patch is "true" or "false", please write new tests specifying SourceLocation org.apache.commons.math.ode.jacobians.FirstOrderIntegratorWithJacobians$FiniteDifferencesWrapper:522.
09:29:35.762 [pool-2-thread-1] DEBUG fr.inria.lille.repair.nopol.NoPol - statement #5
09:29:35.762 [pool-2-thread-1] DEBUG fr.inria.lille.repair.nopol.NoPol - Analysing SourceLocation org.apache.commons.math.ode.jacobians.FirstOrderIntegratorWithJacobians$FiniteDifferencesWrapper:521 which is executed by 1 tests
-1927872958
09:29:36.200 [pool-2-thread-1] DEBUG fr.inria.lille.repair.nopol.NoPol - looking with class fr.inria.lille.repair.nopol.spoon.smt.ConditionalAdder
java.lang.AssertionError
    at org.junit.Assert.fail(Assert.java:86)
    at org.junit.Assert.assertTrue(Assert.java:41)
    at org.junit.Assert.assertTrue(Assert.java:52)
    at org.apache.commons.math.ode.jacobians.FirstOrderIntegratorWithJacobiansTest.testInternalDifferentiation(FirstOrderIntegratorWithJacobiansTest.java:119)
    at sun.reflect.NativeMethodAccessorImpl.invoke0(Native Method)
    at sun.reflect.NativeMethodAccessorImpl.invoke(NativeMethodAccessorImpl.java:62)
09:29:36.792 [pool-16-thread-1] INFO  xxl.java.junit.TestCasesListener - Tests run finished (582 ms)
<> Total tests run: 7
<> Ignored tests: 0
<> Failed tests: 1
~ testInternalDifferentiation(org.apache.commons.math.ode.jacobians.FirstOrderIntegratorWithJacobiansTest)
[null]
java.lang.AssertionError    at org.junit.Assert.fail(Assert.java:86)
    at org.junit.Assert.assertTrue(Assert.java:41)
    at org.junit.Assert.assertTrue(Assert.java:52)
    at org.apache.commons.math.ode.jacobians.FirstOrderIntegratorWithJacobiansTest.testInternalDifferentiation(FirstOrderIntegratorWithJacobiansTest.java:119)
    at sun.reflect.NativeMethodAccessorImpl.invoke0(Native Method)
    at sun.reflect.NativeMethodAccessorImpl.invoke(NativeMethodAccessorImpl.java:62)

java.lang.AssertionError
    at org.junit.Assert.fail(Assert.java:86)
    at org.junit.Assert.assertTrue(Assert.java:41)
    at org.junit.Assert.assertTrue(Assert.java:52)
    at org.apache.commons.math.ode.jacobians.FirstOrderIntegratorWithJacobiansTest.testInternalDifferentiation(FirstOrderIntegratorWithJacobiansTest.java:112)
    at sun.reflect.NativeMethodAccessorImpl.invoke0(Native Method)
    at sun.reflect.NativeMethodAccessorImpl.invoke(NativeMethodAccessorImpl.java:62)
09:29:37.567 [pool-17-thread-1] INFO  f.i.l.c.t.SpecificationTestCasesListener - Tests run finished (222 ms)
<> Total tests run: 1
<> Ignored tests: 0
<> Failed tests: 1
~ testInternalDifferentiation(org.apache.commons.math.ode.jacobians.FirstOrderIntegratorWithJacobiansTest)
[null]
java.lang.AssertionError    at org.junit.Assert.fail(Assert.java:86)
    at org.junit.Assert.assertTrue(Assert.java:41)
    at org.junit.Assert.assertTrue(Assert.java:52)
    at org.apache.commons.math.ode.jacobians.FirstOrderIntegratorWithJacobiansTest.testInternalDifferentiation(FirstOrderIntegratorWithJacobiansTest.java:112)
    at sun.reflect.NativeMethodAccessorImpl.invoke0(Native Method)
    at sun.reflect.NativeMethodAccessorImpl.invoke(NativeMethodAccessorImpl.java:62)

java.lang.AssertionError
    at org.junit.Assert.fail(Assert.java:86)
    at org.junit.Assert.assertTrue(Assert.java:41)
    at org.junit.Assert.assertTrue(Assert.java:52)
    at org.apache.commons.math.ode.jacobians.FirstOrderIntegratorWithJacobiansTest.testInternalDifferentiation(FirstOrderIntegratorWithJacobiansTest.java:119)
    at sun.reflect.NativeMethodAccessorImpl.invoke0(Native Method)
    at sun.reflect.NativeMethodAccessorImpl.invoke(NativeMethodAccessorImpl.java:62)
09:29:41.093 [pool-18-thread-1] INFO  f.i.l.c.t.SpecificationTestCasesListener - Tests run finished (3525 ms)
<> Total tests run: 1
<> Ignored tests: 0
<> Failed tests: 1
~ testInternalDifferentiation(org.apache.commons.math.ode.jacobians.FirstOrderIntegratorWithJacobiansTest)
[null]
java.lang.AssertionError    at org.junit.Assert.fail(Assert.java:86)
    at org.junit.Assert.assertTrue(Assert.java:41)
    at org.junit.Assert.assertTrue(Assert.java:52)
    at org.apache.commons.math.ode.jacobians.FirstOrderIntegratorWithJacobiansTest.testInternalDifferentiation(FirstOrderIntegratorWithJacobiansTest.java:119)
    at sun.reflect.NativeMethodAccessorImpl.invoke0(Native Method)
    at sun.reflect.NativeMethodAccessorImpl.invoke(NativeMethodAccessorImpl.java:62)

09:29:41.093 [pool-15-thread-1] DEBUG tests.output - Failing tests with false: 
[testInternalDifferentiation(org.apache.commons.math.ode.jacobians.FirstOrderIntegratorWithJacobiansTest): null]
09:29:41.094 [pool-15-thread-1] DEBUG tests.output - Failing tests with true: 
[testInternalDifferentiation(org.apache.commons.math.ode.jacobians.FirstOrderIntegratorWithJacobiansTest): null]
09:29:41.094 [pool-15-thread-1] INFO  f.i.l.r.n.synth.SMTNopolSynthesizer - Not enough specifications: 0. A trivial patch is "true" or "false", please write new tests specifying SourceLocation org.apache.commons.math.ode.jacobians.FirstOrderIntegratorWithJacobians$FiniteDifferencesWrapper:521.
09:29:41.094 [pool-2-thread-1] DEBUG fr.inria.lille.repair.nopol.NoPol - statement #6
09:29:41.094 [pool-2-thread-1] DEBUG fr.inria.lille.repair.nopol.NoPol - Analysing SourceLocation org.apache.commons.math.ode.jacobians.FirstOrderIntegratorWithJacobians$FiniteDifferencesWrapper:520 which is executed by 1 tests
-1927872958
09:29:41.214 [pool-2-thread-1] DEBUG fr.inria.lille.repair.nopol.NoPol - looking with class fr.inria.lille.repair.nopol.spoon.smt.ConditionalAdder
java.lang.AssertionError
    at org.junit.Assert.fail(Assert.java:86)
    at org.junit.Assert.assertTrue(Assert.java:41)
    at org.junit.Assert.assertTrue(Assert.java:52)
    at org.apache.commons.math.ode.jacobians.FirstOrderIntegratorWithJacobiansTest.testInternalDifferentiation(FirstOrderIntegratorWithJacobiansTest.java:119)
    at sun.reflect.NativeMethodAccessorImpl.invoke0(Native Method)
    at sun.reflect.NativeMethodAccessorImpl.invoke(NativeMethodAccessorImpl.java:62)
09:29:41.683 [pool-20-thread-1] INFO  xxl.java.junit.TestCasesListener - Tests run finished (465 ms)
<> Total tests run: 7
<> Ignored tests: 0
<> Failed tests: 1
~ testInternalDifferentiation(org.apache.commons.math.ode.jacobians.FirstOrderIntegratorWithJacobiansTest)
[null]
java.lang.AssertionError    at org.junit.Assert.fail(Assert.java:86)
    at org.junit.Assert.assertTrue(Assert.java:41)
    at org.junit.Assert.assertTrue(Assert.java:52)
    at org.apache.commons.math.ode.jacobians.FirstOrderIntegratorWithJacobiansTest.testInternalDifferentiation(FirstOrderIntegratorWithJacobiansTest.java:119)
    at sun.reflect.NativeMethodAccessorImpl.invoke0(Native Method)
    at sun.reflect.NativeMethodAccessorImpl.invoke(NativeMethodAccessorImpl.java:62)

java.lang.AssertionError
    at org.junit.Assert.fail(Assert.java:86)
    at org.junit.Assert.assertTrue(Assert.java:41)
    at org.junit.Assert.assertTrue(Assert.java:52)
    at org.apache.commons.math.ode.jacobians.FirstOrderIntegratorWithJacobiansTest.testInternalDifferentiation(FirstOrderIntegratorWithJacobiansTest.java:112)
    at sun.reflect.NativeMethodAccessorImpl.invoke0(Native Method)
    at sun.reflect.NativeMethodAccessorImpl.invoke(NativeMethodAccessorImpl.java:62)
09:29:42.241 [pool-21-thread-1] INFO  f.i.l.c.t.SpecificationTestCasesListener - Tests run finished (26 ms)
<> Total tests run: 1
<> Ignored tests: 0
<> Failed tests: 1
~ testInternalDifferentiation(org.apache.commons.math.ode.jacobians.FirstOrderIntegratorWithJacobiansTest)
[null]
java.lang.AssertionError    at org.junit.Assert.fail(Assert.java:86)
    at org.junit.Assert.assertTrue(Assert.java:41)
    at org.junit.Assert.assertTrue(Assert.java:52)
    at org.apache.commons.math.ode.jacobians.FirstOrderIntegratorWithJacobiansTest.testInternalDifferentiation(FirstOrderIntegratorWithJacobiansTest.java:112)
    at sun.reflect.NativeMethodAccessorImpl.invoke0(Native Method)
    at sun.reflect.NativeMethodAccessorImpl.invoke(NativeMethodAccessorImpl.java:62)

java.lang.AssertionError
    at org.junit.Assert.fail(Assert.java:86)
    at org.junit.Assert.assertTrue(Assert.java:41)
    at org.junit.Assert.assertTrue(Assert.java:52)
    at org.apache.commons.math.ode.jacobians.FirstOrderIntegratorWithJacobiansTest.testInternalDifferentiation(FirstOrderIntegratorWithJacobiansTest.java:119)
    at sun.reflect.NativeMethodAccessorImpl.invoke0(Native Method)
    at sun.reflect.NativeMethodAccessorImpl.invoke(NativeMethodAccessorImpl.java:62)
09:29:43.931 [pool-22-thread-1] INFO  f.i.l.c.t.SpecificationTestCasesListener - Tests run finished (1689 ms)
<> Total tests run: 1
<> Ignored tests: 0
<> Failed tests: 1
~ testInternalDifferentiation(org.apache.commons.math.ode.jacobians.FirstOrderIntegratorWithJacobiansTest)
[null]
java.lang.AssertionError    at org.junit.Assert.fail(Assert.java:86)
    at org.junit.Assert.assertTrue(Assert.java:41)
    at org.junit.Assert.assertTrue(Assert.java:52)
    at org.apache.commons.math.ode.jacobians.FirstOrderIntegratorWithJacobiansTest.testInternalDifferentiation(FirstOrderIntegratorWithJacobiansTest.java:119)
    at sun.reflect.NativeMethodAccessorImpl.invoke0(Native Method)
    at sun.reflect.NativeMethodAccessorImpl.invoke(NativeMethodAccessorImpl.java:62)

09:29:43.932 [pool-19-thread-1] DEBUG tests.output - Failing tests with false: 
[testInternalDifferentiation(org.apache.commons.math.ode.jacobians.FirstOrderIntegratorWithJacobiansTest): null]
09:29:43.932 [pool-19-thread-1] DEBUG tests.output - Failing tests with true: 
[testInternalDifferentiation(org.apache.commons.math.ode.jacobians.FirstOrderIntegratorWithJacobiansTest): null]
09:29:43.932 [pool-19-thread-1] INFO  f.i.l.r.n.synth.SMTNopolSynthesizer - Not enough specifications: 0. A trivial patch is "true" or "false", please write new tests specifying SourceLocation org.apache.commons.math.ode.jacobians.FirstOrderIntegratorWithJacobians$FiniteDifferencesWrapper:520.
09:29:43.932 [pool-2-thread-1] DEBUG fr.inria.lille.repair.nopol.NoPol - statement #7
09:29:43.932 [pool-2-thread-1] DEBUG fr.inria.lille.repair.nopol.NoPol - Analysing SourceLocation org.apache.commons.math.ode.jacobians.FirstOrderIntegratorWithJacobians$FiniteDifferencesWrapper:519 which is executed by 1 tests
-1927872958
09:29:44.048 [pool-2-thread-1] DEBUG fr.inria.lille.repair.nopol.NoPol - looking with class fr.inria.lille.repair.nopol.spoon.smt.ConditionalAdder
java.lang.AssertionError
    at org.junit.Assert.fail(Assert.java:86)
    at org.junit.Assert.assertTrue(Assert.java:41)
    at org.junit.Assert.assertTrue(Assert.java:52)
    at org.apache.commons.math.ode.jacobians.FirstOrderIntegratorWithJacobiansTest.testInternalDifferentiation(FirstOrderIntegratorWithJacobiansTest.java:119)
    at sun.reflect.NativeMethodAccessorImpl.invoke0(Native Method)
    at sun.reflect.NativeMethodAccessorImpl.invoke(NativeMethodAccessorImpl.java:62)
09:29:44.513 [pool-24-thread-1] INFO  xxl.java.junit.TestCasesListener - Tests run finished (462 ms)
<> Total tests run: 7
<> Ignored tests: 0
<> Failed tests: 1
~ testInternalDifferentiation(org.apache.commons.math.ode.jacobians.FirstOrderIntegratorWithJacobiansTest)
[null]
java.lang.AssertionError    at org.junit.Assert.fail(Assert.java:86)
    at org.junit.Assert.assertTrue(Assert.java:41)
    at org.junit.Assert.assertTrue(Assert.java:52)
    at org.apache.commons.math.ode.jacobians.FirstOrderIntegratorWithJacobiansTest.testInternalDifferentiation(FirstOrderIntegratorWithJacobiansTest.java:119)
    at sun.reflect.NativeMethodAccessorImpl.invoke0(Native Method)
    at sun.reflect.NativeMethodAccessorImpl.invoke(NativeMethodAccessorImpl.java:62)

java.lang.AssertionError
    at org.junit.Assert.fail(Assert.java:86)
    at org.junit.Assert.assertTrue(Assert.java:41)
    at org.junit.Assert.assertTrue(Assert.java:52)
    at org.apache.commons.math.ode.jacobians.FirstOrderIntegratorWithJacobiansTest.testInternalDifferentiation(FirstOrderIntegratorWithJacobiansTest.java:112)
    at sun.reflect.NativeMethodAccessorImpl.invoke0(Native Method)
    at sun.reflect.NativeMethodAccessorImpl.invoke(NativeMethodAccessorImpl.java:62)
09:29:45.032 [pool-25-thread-1] INFO  f.i.l.c.t.SpecificationTestCasesListener - Tests run finished (24 ms)
<> Total tests run: 1
<> Ignored tests: 0
<> Failed tests: 1
~ testInternalDifferentiation(org.apache.commons.math.ode.jacobians.FirstOrderIntegratorWithJacobiansTest)
[null]
java.lang.AssertionError    at org.junit.Assert.fail(Assert.java:86)
    at org.junit.Assert.assertTrue(Assert.java:41)
    at org.junit.Assert.assertTrue(Assert.java:52)
    at org.apache.commons.math.ode.jacobians.FirstOrderIntegratorWithJacobiansTest.testInternalDifferentiation(FirstOrderIntegratorWithJacobiansTest.java:112)
    at sun.reflect.NativeMethodAccessorImpl.invoke0(Native Method)
    at sun.reflect.NativeMethodAccessorImpl.invoke(NativeMethodAccessorImpl.java:62)

java.lang.AssertionError
    at org.junit.Assert.fail(Assert.java:86)
    at org.junit.Assert.assertTrue(Assert.java:41)
    at org.junit.Assert.assertTrue(Assert.java:52)
    at org.apache.commons.math.ode.jacobians.FirstOrderIntegratorWithJacobiansTest.testInternalDifferentiation(FirstOrderIntegratorWithJacobiansTest.java:119)
    at sun.reflect.NativeMethodAccessorImpl.invoke0(Native Method)
    at sun.reflect.NativeMethodAccessorImpl.invoke(NativeMethodAccessorImpl.java:62)
09:29:46.887 [pool-26-thread-1] INFO  f.i.l.c.t.SpecificationTestCasesListener - Tests run finished (1828 ms)
<> Total tests run: 1
<> Ignored tests: 0
<> Failed tests: 1
~ testInternalDifferentiation(org.apache.commons.math.ode.jacobians.FirstOrderIntegratorWithJacobiansTest)
[null]
java.lang.AssertionError    at org.junit.Assert.fail(Assert.java:86)
    at org.junit.Assert.assertTrue(Assert.java:41)
    at org.junit.Assert.assertTrue(Assert.java:52)
    at org.apache.commons.math.ode.jacobians.FirstOrderIntegratorWithJacobiansTest.testInternalDifferentiation(FirstOrderIntegratorWithJacobiansTest.java:119)
    at sun.reflect.NativeMethodAccessorImpl.invoke0(Native Method)
    at sun.reflect.NativeMethodAccessorImpl.invoke(NativeMethodAccessorImpl.java:62)

09:29:46.887 [pool-23-thread-1] DEBUG tests.output - Failing tests with false: 
[testInternalDifferentiation(org.apache.commons.math.ode.jacobians.FirstOrderIntegratorWithJacobiansTest): null]
09:29:46.887 [pool-23-thread-1] DEBUG tests.output - Failing tests with true: 
[testInternalDifferentiation(org.apache.commons.math.ode.jacobians.FirstOrderIntegratorWithJacobiansTest): null]
09:29:46.887 [pool-23-thread-1] INFO  f.i.l.r.n.synth.SMTNopolSynthesizer - Not enough specifications: 0. A trivial patch is "true" or "false", please write new tests specifying SourceLocation org.apache.commons.math.ode.jacobians.FirstOrderIntegratorWithJacobians$FiniteDifferencesWrapper:519.
09:29:46.888 [pool-2-thread-1] DEBUG fr.inria.lille.repair.nopol.NoPol - statement #8
09:29:46.888 [pool-2-thread-1] DEBUG fr.inria.lille.repair.nopol.NoPol - Analysing SourceLocation org.apache.commons.math.ode.jacobians.FirstOrderIntegratorWithJacobians$FiniteDifferencesWrapper:515 which is executed by 1 tests
-1927872958
09:29:46.993 [pool-2-thread-1] DEBUG fr.inria.lille.repair.nopol.NoPol - looking with class fr.inria.lille.repair.nopol.spoon.smt.ConditionalAdder
java.lang.AssertionError
    at org.junit.Assert.fail(Assert.java:86)
    at org.junit.Assert.assertTrue(Assert.java:41)
    at org.junit.Assert.assertTrue(Assert.java:52)
    at org.apache.commons.math.ode.jacobians.FirstOrderIntegratorWithJacobiansTest.testInternalDifferentiation(FirstOrderIntegratorWithJacobiansTest.java:119)
    at sun.reflect.NativeMethodAccessorImpl.invoke0(Native Method)
    at sun.reflect.NativeMethodAccessorImpl.invoke(NativeMethodAccessorImpl.java:62)
09:29:47.485 [pool-28-thread-1] INFO  xxl.java.junit.TestCasesListener - Tests run finished (486 ms)
<> Total tests run: 7
<> Ignored tests: 0
<> Failed tests: 1
~ testInternalDifferentiation(org.apache.commons.math.ode.jacobians.FirstOrderIntegratorWithJacobiansTest)
[null]
java.lang.AssertionError    at org.junit.Assert.fail(Assert.java:86)
    at org.junit.Assert.assertTrue(Assert.java:41)
    at org.junit.Assert.assertTrue(Assert.java:52)
    at org.apache.commons.math.ode.jacobians.FirstOrderIntegratorWithJacobiansTest.testInternalDifferentiation(FirstOrderIntegratorWithJacobiansTest.java:119)
    at sun.reflect.NativeMethodAccessorImpl.invoke0(Native Method)
    at sun.reflect.NativeMethodAccessorImpl.invoke(NativeMethodAccessorImpl.java:62)

java.lang.AssertionError
    at org.junit.Assert.fail(Assert.java:86)
    at org.junit.Assert.assertTrue(Assert.java:41)
    at org.junit.Assert.assertTrue(Assert.java:52)
    at org.apache.commons.math.ode.jacobians.FirstOrderIntegratorWithJacobiansTest.testInternalDifferentiation(FirstOrderIntegratorWithJacobiansTest.java:112)
    at sun.reflect.NativeMethodAccessorImpl.invoke0(Native Method)
    at sun.reflect.NativeMethodAccessorImpl.invoke(NativeMethodAccessorImpl.java:62)
09:29:47.997 [pool-29-thread-1] INFO  f.i.l.c.t.SpecificationTestCasesListener - Tests run finished (29 ms)
<> Total tests run: 1
<> Ignored tests: 0
<> Failed tests: 1
~ testInternalDifferentiation(org.apache.commons.math.ode.jacobians.FirstOrderIntegratorWithJacobiansTest)
[null]
java.lang.AssertionError    at org.junit.Assert.fail(Assert.java:86)
    at org.junit.Assert.assertTrue(Assert.java:41)
    at org.junit.Assert.assertTrue(Assert.java:52)
    at org.apache.commons.math.ode.jacobians.FirstOrderIntegratorWithJacobiansTest.testInternalDifferentiation(FirstOrderIntegratorWithJacobiansTest.java:112)
    at sun.reflect.NativeMethodAccessorImpl.invoke0(Native Method)
    at sun.reflect.NativeMethodAccessorImpl.invoke(NativeMethodAccessorImpl.java:62)

java.lang.AssertionError
    at org.junit.Assert.fail(Assert.java:86)
    at org.junit.Assert.assertTrue(Assert.java:41)
    at org.junit.Assert.assertTrue(Assert.java:52)
    at org.apache.commons.math.ode.jacobians.FirstOrderIntegratorWithJacobiansTest.testInternalDifferentiation(FirstOrderIntegratorWithJacobiansTest.java:119)
    at sun.reflect.NativeMethodAccessorImpl.invoke0(Native Method)
    at sun.reflect.NativeMethodAccessorImpl.invoke(NativeMethodAccessorImpl.java:62)
09:30:08.034 [pool-30-thread-1] INFO  f.i.l.c.t.SpecificationTestCasesListener - Tests run finished (20032 ms)
<> Total tests run: 1
<> Ignored tests: 0
<> Failed tests: 1
~ testInternalDifferentiation(org.apache.commons.math.ode.jacobians.FirstOrderIntegratorWithJacobiansTest)
[null]
java.lang.AssertionError    at org.junit.Assert.fail(Assert.java:86)
    at org.junit.Assert.assertTrue(Assert.java:41)
    at org.junit.Assert.assertTrue(Assert.java:52)
    at org.apache.commons.math.ode.jacobians.FirstOrderIntegratorWithJacobiansTest.testInternalDifferentiation(FirstOrderIntegratorWithJacobiansTest.java:119)
    at sun.reflect.NativeMethodAccessorImpl.invoke0(Native Method)
    at sun.reflect.NativeMethodAccessorImpl.invoke(NativeMethodAccessorImpl.java:62)

09:30:08.035 [pool-27-thread-1] DEBUG tests.output - Failing tests with false: 
[testInternalDifferentiation(org.apache.commons.math.ode.jacobians.FirstOrderIntegratorWithJacobiansTest): null]
09:30:08.035 [pool-27-thread-1] DEBUG tests.output - Failing tests with true: 
[testInternalDifferentiation(org.apache.commons.math.ode.jacobians.FirstOrderIntegratorWithJacobiansTest): null]
09:30:08.035 [pool-27-thread-1] INFO  f.i.l.r.n.synth.SMTNopolSynthesizer - Not enough specifications: 0. A trivial patch is "true" or "false", please write new tests specifying SourceLocation org.apache.commons.math.ode.jacobians.FirstOrderIntegratorWithJacobians$FiniteDifferencesWrapper:515.
09:30:08.036 [pool-2-thread-1] DEBUG fr.inria.lille.repair.nopol.NoPol - statement #9
09:30:08.036 [pool-2-thread-1] DEBUG fr.inria.lille.repair.nopol.NoPol - Analysing SourceLocation org.apache.commons.math.ode.jacobians.FirstOrderIntegratorWithJacobians$FiniteDifferencesWrapper:513 which is executed by 1 tests
-1927872958
09:30:11.998 [pool-2-thread-1] DEBUG fr.inria.lille.repair.nopol.NoPol - looking with class fr.inria.lille.repair.nopol.spoon.smt.ConditionalAdder
java.lang.AssertionError
    at org.junit.Assert.fail(Assert.java:86)
    at org.junit.Assert.assertTrue(Assert.java:41)
    at org.junit.Assert.assertTrue(Assert.java:52)
    at org.apache.commons.math.ode.jacobians.FirstOrderIntegratorWithJacobiansTest.testInternalDifferentiation(FirstOrderIntegratorWithJacobiansTest.java:119)
    at sun.reflect.NativeMethodAccessorImpl.invoke0(Native Method)
    at sun.reflect.NativeMethodAccessorImpl.invoke(NativeMethodAccessorImpl.java:62)
09:30:16.546 [pool-32-thread-1] INFO  xxl.java.junit.TestCasesListener - Tests run finished (4544 ms)
<> Total tests run: 7
<> Ignored tests: 0
<> Failed tests: 1
~ testInternalDifferentiation(org.apache.commons.math.ode.jacobians.FirstOrderIntegratorWithJacobiansTest)
[null]
java.lang.AssertionError    at org.junit.Assert.fail(Assert.java:86)
    at org.junit.Assert.assertTrue(Assert.java:41)
    at org.junit.Assert.assertTrue(Assert.java:52)
    at org.apache.commons.math.ode.jacobians.FirstOrderIntegratorWithJacobiansTest.testInternalDifferentiation(FirstOrderIntegratorWithJacobiansTest.java:119)
    at sun.reflect.NativeMethodAccessorImpl.invoke0(Native Method)
    at sun.reflect.NativeMethodAccessorImpl.invoke(NativeMethodAccessorImpl.java:62)

java.lang.AssertionError
    at org.junit.Assert.fail(Assert.java:86)
    at org.junit.Assert.assertTrue(Assert.java:41)
    at org.junit.Assert.assertTrue(Assert.java:52)
    at org.apache.commons.math.ode.jacobians.FirstOrderIntegratorWithJacobiansTest.testInternalDifferentiation(FirstOrderIntegratorWithJacobiansTest.java:112)
    at sun.reflect.NativeMethodAccessorImpl.invoke0(Native Method)
    at sun.reflect.NativeMethodAccessorImpl.invoke(NativeMethodAccessorImpl.java:62)
09:30:37.338 [pool-33-thread-1] INFO  f.i.l.c.t.SpecificationTestCasesListener - Tests run finished (38 ms)
<> Total tests run: 1
<> Ignored tests: 0
<> Failed tests: 1
~ testInternalDifferentiation(org.apache.commons.math.ode.jacobians.FirstOrderIntegratorWithJacobiansTest)
[null]
java.lang.AssertionError    at org.junit.Assert.fail(Assert.java:86)
    at org.junit.Assert.assertTrue(Assert.java:41)
    at org.junit.Assert.assertTrue(Assert.java:52)
    at org.apache.commons.math.ode.jacobians.FirstOrderIntegratorWithJacobiansTest.testInternalDifferentiation(FirstOrderIntegratorWithJacobiansTest.java:112)
    at sun.reflect.NativeMethodAccessorImpl.invoke0(Native Method)
    at sun.reflect.NativeMethodAccessorImpl.invoke(NativeMethodAccessorImpl.java:62)

09:34:31.341 [pool-31-thread-1] DEBUG xxl.java.junit.TestSuiteExecution - Timeout after 200 seconds. Infinite loop?
09:35:34.602 [pool-2-thread-1] ERROR fr.inria.lille.repair.nopol.NoPol - Error ExecutionException java.util.concurrent.ExecutionException: java.lang.RuntimeException: java.util.concurrent.TimeoutException
09:36:05.044 [pool-2-thread-1] DEBUG fr.inria.lille.repair.nopol.NoPol - statement #10
09:36:05.044 [pool-2-thread-1] DEBUG fr.inria.lille.repair.nopol.NoPol - Analysing SourceLocation org.apache.commons.math.ode.jacobians.FirstOrderIntegratorWithJacobians$FiniteDifferencesWrapper:512 which is executed by 1 tests
java.lang.OutOfMemoryError: Java heap space
java.util.concurrent.ExecutionException: java.lang.OutOfMemoryError: Java heap space    at java.util.AbstractList.iterator(AbstractList.java:288)

    at fr.inria.lille.commons.trace.collector.ValueCollector.collectWith(ValueCollector.java:30)
    at fr.inria.lille.commons.trace.collector.ValueCollector.collectFrom(ValueCollector.java:21)	at java.util.concurrent.FutureTask.report(FutureTask.java:122)

    at fr.inria.lille.commons.trace.RuntimeValues.collectInput(RuntimeValues.java:89)	at java.util.concurrent.FutureTask.get(FutureTask.java:206)

	at fr.inria.lille.repair.Main.main(Main.java:106)    at org.apache.commons.math.ode.jacobians.FirstOrderIntegratorWithJacobians$FiniteDifferencesWrapper.computeJacobians(FirstOrderIntegratorWithJacobians.java:248)

    at org.apache.commons.math.ode.jacobians.FirstOrderIntegratorWithJacobians$MappingWrapper.computeDerivatives(FirstOrderIntegratorWithJacobians.java:162)
Caused by: java.lang.OutOfMemoryError: Java heap space
	at java.lang.StringCoding.decode(StringCoding.java:187)
	at java.lang.String.<init>(String.java:426)
	at java.lang.String.<init>(String.java:491)
	at java.io.UnixFileSystem.canonicalize0(Native Method)
	at java.io.UnixFileSystem.canonicalize(UnixFileSystem.java:172)
	at java.io.File.getCanonicalPath(File.java:618)
	at java.io.File.getCanonicalFile(File.java:643)
	at spoon.support.compiler.FileSystemFile.<init>(FileSystemFile.java:43)
	at spoon.support.compiler.FileSystemFolder.getFiles(FileSystemFolder.java:63)
	at spoon.support.compiler.FileSystemFolder.getAllJavaFiles(FileSystemFolder.java:108)
	at spoon.support.compiler.FileSystemFolder.getAllJavaFiles(FileSystemFolder.java:114)
	at spoon.support.compiler.FileSystemFolder.getAllJavaFiles(FileSystemFolder.java:114)
09:52:36.295 [pool-34-thread-1] INFO  f.i.l.c.t.SpecificationTestCasesListener - Tests run finished (1316890 ms)
<> Total tests run: 1
<> Ignored tests: 0
<> Failed tests: 1
~ testInternalDifferentiation(org.apache.commons.math.ode.jacobians.FirstOrderIntegratorWithJacobiansTest)
[Java heap space]
java.lang.OutOfMemoryError: Java heap space    at java.util.AbstractList.iterator(AbstractList.java:288)
    at fr.inria.lille.commons.trace.collector.ValueCollector.collectWith(ValueCollector.java:30)
    at fr.inria.lille.commons.trace.collector.ValueCollector.collectFrom(ValueCollector.java:21)
    at fr.inria.lille.commons.trace.RuntimeValues.collectInput(RuntimeValues.java:89)
    at org.apache.commons.math.ode.jacobians.FirstOrderIntegratorWithJacobians$FiniteDifferencesWrapper.computeJacobians(FirstOrderIntegratorWithJacobians.java:248)
    at org.apache.commons.math.ode.jacobians.FirstOrderIntegratorWithJacobians$MappingWrapper.computeDerivatives(FirstOrderIntegratorWithJacobians.java:162)

	at spoon.support.compiler.FileSystemFolder.getAllJavaFiles(FileSystemFolder.java:114)
	at spoon.support.compiler.FileSystemFolder.getAllJavaFiles(FileSystemFolder.java:114)
	at spoon.support.compiler.FileSystemFolder.getAllJavaFiles(FileSystemFolder.java:114)
	at spoon.support.compiler.FileSystemFolder.getAllJavaFiles(FileSystemFolder.java:114)
	at spoon.support.StandardEnvironment.verifySourceClasspath(StandardEnvironment.java:444)
	at spoon.support.StandardEnvironment.setSourceClasspath(StandardEnvironment.java:428)
	at spoon.support.compiler.jdt.JDTBasedSpoonCompiler.setSourceClasspath(JDTBasedSpoonCompiler.java:321)
	at fr.inria.lille.commons.spoon.util.SpoonModelLibrary.modelFor(SpoonModelLibrary.java:47)
	at fr.inria.lille.commons.spoon.SpoonedFile.<init>(SpoonedFile.java:61)
	at fr.inria.lille.commons.spoon.SpoonedClass.<init>(SpoonedClass.java:14)
	at fr.inria.lille.commons.spoon.SpoonedProject.forked(SpoonedProject.java:47)
	at fr.inria.lille.repair.nopol.NoPol.runOnStatement(NoPol.java:222)
	at fr.inria.lille.repair.nopol.NoPol.solveWithMultipleBuild(NoPol.java:213)
	at fr.inria.lille.repair.nopol.NoPol.build(NoPol.java:154)
	at fr.inria.lille.repair.Main$1.call(Main.java:101)
	at java.util.concurrent.FutureTask.run(FutureTask.java:266)
	at java.util.concurrent.ThreadPoolExecutor.runWorker(ThreadPoolExecutor.java:1149)
	at java.util.concurrent.ThreadPoolExecutor$Worker.run(ThreadPoolExecutor.java:624)
	at java.lang.Thread.run(Thread.java:748)

Usage: java -jar nopol.jar
                          [(-m|--mode) <repair|ranking>] (-e|--type) <condition|precondition|pre_then_cond|loop|arithmetic> [(-o|--oracle) <angelic|symbolic>] [(-y|--synthesis) <smt|dynamoth>] [(-l|--solver) <z3|cvc4>] [(-p|--solver-path) <solverPath>] (-s|--source) source1:source2:...:sourceN  (-c|--classpath) <classpath> [(-t|--test) test1:test2:...:testN ] [--complianceLevel <complianceLevel>] [--maxTime <maxTime>] [--maxTimeType <maxTimeType>] [(-z|--flocal) < cocospoon|dumb|gzoltar>] [--output <outputFolder>] [--json[:<outputJson>]]

  [(-m|--mode) <repair|ranking>]
        Define the mode of execution. (default: repair)

  (-e|--type) <condition|precondition|pre_then_cond|loop|arithmetic>
        The repair type (example fixing only conditions, or adding
        precondition). REQUIRED OPTION (default: condition)

  [(-o|--oracle) <angelic|symbolic>]
        Define the oracle (only used with repair mode). (default: angelic)

  [(-y|--synthesis) <smt|dynamoth>]
        Define the patch synthesis. (default: smt)

  [(-l|--solver) <z3|cvc4>]
        Define the solver (only used with smt synthesis). (default: z3)

  [(-p|--solver-path) <solverPath>]
        Define the solver binary path (only used with smt synthesis).

  (-s|--source) source1:source2:...:sourceN 
        Define the path to the source code of the project.

  (-c|--classpath) <classpath>
        Define the classpath of the project.

  [(-t|--test) test1:test2:...:testN ]
        Define the tests of the project (both failing and passing),
        fully-qualified, separated with ':' (even if the classpath contains
        other tests, only those are considered.

  [--complianceLevel <complianceLevel>]
        The compliance level of the project. (default: 7)

  [--maxTime <maxTime>]
        The maximum time execution in minute for the whole execution of
        Nopol.(default: 10)

  [--maxTimeType <maxTimeType>]
        The maximum time execution in minute for one type of patch. (default: 5)

  [(-z|--flocal) < cocospoon|dumb|gzoltar>]
        Define the fault localizer to be used. (default: gzoltar)

  [--output <outputFolder>]
        Define the location where the patches will be saved. (default: .)

  [--json[:<outputJson>]]
        Output a json file in the current working directory.

Command exited with non-zero status 255
5503.11user 7.10system 23:38.62elapsed 388%CPU (0avgtext+0avgdata 4493268maxresident)k
44680inputs+7192outputs (3major+1340511minor)pagefaults 0swaps


Node: graphene-70.nancy.grid5000.fr



Date: Sat Dec 29 09:52:36 EST 2018

