cd /tmp/Nopol_IntroClassJava_digits_f2997e14a460c6df0ed10aa9f6e792666e37d5c06a9a81445f14509e4a0113f59f5589ef37774dfea1f7d0ae9bb6c388e6eeb44e745e35f8511bbd4b82709d9a_000;
export JAVA_TOOL_OPTIONS="-Dfile.encoding=UTF8 -Duser.language=en-US -Duser.country=US -Duser.language=en";
TZ="America/New_York"; export TZ;
export PATH="/usr/lib/jvm/java-1.8.0-openjdk-amd64/bin/:$PATH";
export JAVA_HOME="/usr/lib/jvm/java-1.8.0-openjdk-amd64/bin/";
time java -Xmx4048m -cp /home/tdurieux/RepairThemAll/script/../repair_tools/nopol.jar:/usr/lib/jvm/java-1.8.0-openjdk-amd64/bin//../lib/tools.jar fr.inria.lille.repair.Main \
	--mode repair \
	--type pre_then_cond \
	--oracle angelic \
	--synthesis smt \
	--flocal gzoltar \
	--json \
	--solver z3 \
	--solver-path /home/tdurieux/RepairThemAll/script/../libs/z3/build/z3 \
	--complianceLevel 7 \
	--source src/main/java \
	--classpath "target/classes:target/test-classes:/home/tdurieux/.m2/repository/junit/junit/4.11/junit-4.11.jar:/home/tdurieux/.m2/repository/org/hamcrest/hamcrest-core/1.3/hamcrest-core-1.3.jar:/home/tdurieux/RepairThemAll/script/../repair_tools/nopol.jar";
	echo "\n\nNode: `hostname`\n";
	echo "\n\nDate: `date`\n";
Picked up JAVA_TOOL_OPTIONS: -Dfile.encoding=UTF8 -Duser.language=en-US -Duser.country=US -Duser.language=en
16:13:25.171 [main] INFO  fr.inria.lille.repair.nopol.NoPol - Source files: [src/main/java]
16:13:25.185 [main] INFO  fr.inria.lille.repair.nopol.NoPol - Classpath: [file:/tmp/Nopol_IntroClassJava_digits_f2997e14a460c6df0ed10aa9f6e792666e37d5c06a9a81445f14509e4a0113f59f5589ef37774dfea1f7d0ae9bb6c388e6eeb44e745e35f8511bbd4b82709d9a_000/target/classes/, file:/tmp/Nopol_IntroClassJava_digits_f2997e14a460c6df0ed10aa9f6e792666e37d5c06a9a81445f14509e4a0113f59f5589ef37774dfea1f7d0ae9bb6c388e6eeb44e745e35f8511bbd4b82709d9a_000/target/test-classes/, file:/home/tdurieux/.m2/repository/junit/junit/4.11/junit-4.11.jar, file:/home/tdurieux/.m2/repository/org/hamcrest/hamcrest-core/1.3/hamcrest-core-1.3.jar, file:/home/tdurieux/RepairThemAll/script/../repair_tools/nopol.jar]
16:13:25.185 [main] INFO  fr.inria.lille.repair.nopol.NoPol - Statement type: PRE_THEN_COND
16:13:25.185 [main] INFO  fr.inria.lille.repair.nopol.NoPol - Args: [introclassJava.digits_f2997e14_000BlackboxTest, introclassJava.digits_f2997e14_000WhiteboxTest]
16:13:25.187 [main] INFO  fr.inria.lille.repair.nopol.NoPol - Config: Config{synthesisDepth=3, collectStaticMethods=true, collectStaticFields=false, collectLiterals=false, onlyOneSynthesisResult=true, sortExpressions=true, maxLineInvocationPerTest=250, timeoutMethodInvocation=2000, dataCollectionTimeoutInSecondForSynthesis=900, addWeight=0.19478, subWeight=0.04554, mulWeight=0.0102, divWeight=0.00613, andWeight=0.10597, orWeight=0.05708, eqWeight=0.22798, nEqWeight=0.0, lessEqWeight=0.0255, lessWeight=0.0947, methodCallWeight=0.1, fieldAccessWeight=0.08099, constantWeight=0.14232, variableWeight=0.05195, mode=REPAIR, type=PRE_THEN_COND, synthesis=SMT, oracle=ANGELIC, solver=Z3, solverPath='/home/tdurieux/RepairThemAll/script/../libs/z3/build/z3', projectSources=[src/main/java], projectClasspath='[Ljava.net.URL;@66d33a', projectTests=[introclassJava.digits_f2997e14_000BlackboxTest, introclassJava.digits_f2997e14_000WhiteboxTest], complianceLevel=7, outputFolder=., json=true}
16:13:25.188 [main] INFO  fr.inria.lille.repair.nopol.NoPol - Available processors (cores): 24
16:13:25.195 [main] INFO  fr.inria.lille.repair.nopol.NoPol - Free memory: 1 GB
16:13:25.195 [main] INFO  fr.inria.lille.repair.nopol.NoPol - Maximum memory: 3 GB
16:13:25.195 [main] INFO  fr.inria.lille.repair.nopol.NoPol - Total memory available to JVM: 1 GB
16:13:25.195 [main] INFO  fr.inria.lille.repair.nopol.NoPol - Java version: 1.8.0_181
16:13:25.196 [main] INFO  fr.inria.lille.repair.nopol.NoPol - JAVA_HOME: /usr/lib/jvm/java-1.8.0-openjdk-amd64/bin/
16:13:25.196 [main] INFO  fr.inria.lille.repair.nopol.NoPol - PATH: /usr/lib/jvm/java-1.8.0-openjdk-amd64/bin/:/usr/lib/oar/oardodo:/usr/lib/oar/oardodo:/usr/local/bin:/usr/bin:/bin:/usr/games
16:13:27.962 [pool-2-thread-1] DEBUG fr.inria.lille.repair.nopol.NoPol - statement #1
16:13:27.962 [pool-2-thread-1] DEBUG fr.inria.lille.repair.nopol.NoPol - Analysing SourceLocation introclassJava.digits_f2997e14_000:68 which is executed by 2 tests
-1272757752
16:13:28.224 [pool-2-thread-1] DEBUG fr.inria.lille.repair.nopol.NoPol - looking with class fr.inria.lille.repair.nopol.spoon.smt.ConditionalAdder
org.junit.ComparisonFailure: expected:<Enteraninteger>[67]8-9That'sall,haveani...> but was:<Enteraninteger>[-6-7-]8-9That'sall,haveani...>
    at org.junit.Assert.assertEquals(Assert.java:115)
    at org.junit.Assert.assertEquals(Assert.java:144)
    at introclassJava.digits_f2997e14_000BlackboxTest.test2(digits_f2997e14_000BlackboxTest.java:23)
    at sun.reflect.NativeMethodAccessorImpl.invoke0(Native Method)
    at sun.reflect.NativeMethodAccessorImpl.invoke(NativeMethodAccessorImpl.java:62)
    at sun.reflect.DelegatingMethodAccessorImpl.invoke(DelegatingMethodAccessorImpl.java:43)
org.junit.ComparisonFailure: expected:<Enteraninteger>8[]That'sall,haveaniced...> but was:<Enteraninteger>8[0]That'sall,haveaniced...>
    at org.junit.Assert.assertEquals(Assert.java:115)
    at org.junit.Assert.assertEquals(Assert.java:144)
    at introclassJava.digits_f2997e14_000BlackboxTest.test4(digits_f2997e14_000BlackboxTest.java:40)
    at sun.reflect.NativeMethodAccessorImpl.invoke0(Native Method)
    at sun.reflect.NativeMethodAccessorImpl.invoke(NativeMethodAccessorImpl.java:62)
    at sun.reflect.DelegatingMethodAccessorImpl.invoke(DelegatingMethodAccessorImpl.java:43)
16:13:28.265 [pool-4-thread-1] INFO  xxl.java.junit.TestCasesListener - Tests run finished (20 ms)
<> Total tests run: 6
<> Ignored tests: 0
<> Failed tests: 2
~ test2(introclassJava.digits_f2997e14_000BlackboxTest)
[expected:<Enteraninteger>[67]8-9That'sall,haveani...> but was:<Enteraninteger>[-6-7-]8-9That'sall,haveani...>]
org.junit.ComparisonFailure: expected:<Enteraninteger>[67]8-9That'sall,haveani...> but was:<Enteraninteger>[-6-7-]8-9That'sall,haveani...>    at org.junit.Assert.assertEquals(Assert.java:115)
    at org.junit.Assert.assertEquals(Assert.java:144)
    at introclassJava.digits_f2997e14_000BlackboxTest.test2(digits_f2997e14_000BlackboxTest.java:23)
    at sun.reflect.NativeMethodAccessorImpl.invoke0(Native Method)
    at sun.reflect.NativeMethodAccessorImpl.invoke(NativeMethodAccessorImpl.java:62)
    at sun.reflect.DelegatingMethodAccessorImpl.invoke(DelegatingMethodAccessorImpl.java:43)
~ test4(introclassJava.digits_f2997e14_000BlackboxTest)
[expected:<Enteraninteger>8[]That'sall,haveaniced...> but was:<Enteraninteger>8[0]That'sall,haveaniced...>]
org.junit.ComparisonFailure: expected:<Enteraninteger>8[]That'sall,haveaniced...> but was:<Enteraninteger>8[0]That'sall,haveaniced...>    at org.junit.Assert.assertEquals(Assert.java:115)
    at org.junit.Assert.assertEquals(Assert.java:144)
    at introclassJava.digits_f2997e14_000BlackboxTest.test4(digits_f2997e14_000BlackboxTest.java:40)
    at sun.reflect.NativeMethodAccessorImpl.invoke0(Native Method)
    at sun.reflect.NativeMethodAccessorImpl.invoke(NativeMethodAccessorImpl.java:62)
    at sun.reflect.DelegatingMethodAccessorImpl.invoke(DelegatingMethodAccessorImpl.java:43)

org.junit.ComparisonFailure: expected:<Enteraninteger>[67]8-9That'sall,haveani...> but was:<Enteraninteger>[-6-7-]8-9That'sall,haveani...>
    at org.junit.Assert.assertEquals(Assert.java:115)
    at org.junit.Assert.assertEquals(Assert.java:144)
    at introclassJava.digits_f2997e14_000BlackboxTest.test2(digits_f2997e14_000BlackboxTest.java:23)
    at sun.reflect.NativeMethodAccessorImpl.invoke0(Native Method)
    at sun.reflect.NativeMethodAccessorImpl.invoke(NativeMethodAccessorImpl.java:62)
    at sun.reflect.DelegatingMethodAccessorImpl.invoke(DelegatingMethodAccessorImpl.java:43)
16:13:28.775 [pool-5-thread-1] INFO  f.i.l.c.t.SpecificationTestCasesListener - Tests run finished (3 ms)
<> Total tests run: 1
<> Ignored tests: 0
<> Failed tests: 1
~ test2(introclassJava.digits_f2997e14_000BlackboxTest)
[expected:<Enteraninteger>[67]8-9That'sall,haveani...> but was:<Enteraninteger>[-6-7-]8-9That'sall,haveani...>]
org.junit.ComparisonFailure: expected:<Enteraninteger>[67]8-9That'sall,haveani...> but was:<Enteraninteger>[-6-7-]8-9That'sall,haveani...>    at org.junit.Assert.assertEquals(Assert.java:115)
    at org.junit.Assert.assertEquals(Assert.java:144)
    at introclassJava.digits_f2997e14_000BlackboxTest.test2(digits_f2997e14_000BlackboxTest.java:23)
    at sun.reflect.NativeMethodAccessorImpl.invoke0(Native Method)
    at sun.reflect.NativeMethodAccessorImpl.invoke(NativeMethodAccessorImpl.java:62)
    at sun.reflect.DelegatingMethodAccessorImpl.invoke(DelegatingMethodAccessorImpl.java:43)

java.lang.Exception: test timed out after 1000 milliseconds
    at introclassJava.digits_f2997e14_000.exec(digits_f2997e14_000.java:28)
    at introclassJava.digits_f2997e14_000BlackboxTest.test4(digits_f2997e14_000BlackboxTest.java:38)
    at sun.reflect.NativeMethodAccessorImpl.invoke0(Native Method)
    at sun.reflect.NativeMethodAccessorImpl.invoke(NativeMethodAccessorImpl.java:62)
    at sun.reflect.DelegatingMethodAccessorImpl.invoke(DelegatingMethodAccessorImpl.java:43)
    at java.lang.reflect.Method.invoke(Method.java:498)
16:13:29.777 [pool-6-thread-1] INFO  f.i.l.c.t.SpecificationTestCasesListener - Tests run finished (1001 ms)
<> Total tests run: 1
<> Ignored tests: 0
<> Failed tests: 1
~ test4(introclassJava.digits_f2997e14_000BlackboxTest)
[test timed out after 1000 milliseconds]
java.lang.Exception: test timed out after 1000 milliseconds    at introclassJava.digits_f2997e14_000.exec(digits_f2997e14_000.java:28)
    at introclassJava.digits_f2997e14_000BlackboxTest.test4(digits_f2997e14_000BlackboxTest.java:38)
    at sun.reflect.NativeMethodAccessorImpl.invoke0(Native Method)
    at sun.reflect.NativeMethodAccessorImpl.invoke(NativeMethodAccessorImpl.java:62)
    at sun.reflect.DelegatingMethodAccessorImpl.invoke(DelegatingMethodAccessorImpl.java:43)
    at java.lang.reflect.Method.invoke(Method.java:498)

org.junit.ComparisonFailure: expected:<Enteraninteger>[67]8-9That'sall,haveani...> but was:<Enteraninteger>[-6-7-]8-9That'sall,haveani...>
    at org.junit.Assert.assertEquals(Assert.java:115)
    at org.junit.Assert.assertEquals(Assert.java:144)
    at introclassJava.digits_f2997e14_000BlackboxTest.test2(digits_f2997e14_000BlackboxTest.java:23)
    at sun.reflect.NativeMethodAccessorImpl.invoke0(Native Method)
    at sun.reflect.NativeMethodAccessorImpl.invoke(NativeMethodAccessorImpl.java:62)
    at sun.reflect.DelegatingMethodAccessorImpl.invoke(DelegatingMethodAccessorImpl.java:43)
16:13:29.785 [pool-7-thread-1] INFO  f.i.l.c.t.SpecificationTestCasesListener - Tests run finished (6 ms)
<> Total tests run: 1
<> Ignored tests: 0
<> Failed tests: 1
~ test2(introclassJava.digits_f2997e14_000BlackboxTest)
[expected:<Enteraninteger>[67]8-9That'sall,haveani...> but was:<Enteraninteger>[-6-7-]8-9That'sall,haveani...>]
org.junit.ComparisonFailure: expected:<Enteraninteger>[67]8-9That'sall,haveani...> but was:<Enteraninteger>[-6-7-]8-9That'sall,haveani...>    at org.junit.Assert.assertEquals(Assert.java:115)
    at org.junit.Assert.assertEquals(Assert.java:144)
    at introclassJava.digits_f2997e14_000BlackboxTest.test2(digits_f2997e14_000BlackboxTest.java:23)
    at sun.reflect.NativeMethodAccessorImpl.invoke0(Native Method)
    at sun.reflect.NativeMethodAccessorImpl.invoke(NativeMethodAccessorImpl.java:62)
    at sun.reflect.DelegatingMethodAccessorImpl.invoke(DelegatingMethodAccessorImpl.java:43)

org.junit.ComparisonFailure: expected:<Enteraninteger>8[]That'sall,haveaniced...> but was:<Enteraninteger>8[0]That'sall,haveaniced...>
    at org.junit.Assert.assertEquals(Assert.java:115)
    at org.junit.Assert.assertEquals(Assert.java:144)
    at introclassJava.digits_f2997e14_000BlackboxTest.test4(digits_f2997e14_000BlackboxTest.java:40)
    at sun.reflect.NativeMethodAccessorImpl.invoke0(Native Method)
    at sun.reflect.NativeMethodAccessorImpl.invoke(NativeMethodAccessorImpl.java:62)
    at sun.reflect.DelegatingMethodAccessorImpl.invoke(DelegatingMethodAccessorImpl.java:43)
16:13:29.788 [pool-8-thread-1] INFO  f.i.l.c.t.SpecificationTestCasesListener - Tests run finished (2 ms)
<> Total tests run: 1
<> Ignored tests: 0
<> Failed tests: 1
~ test4(introclassJava.digits_f2997e14_000BlackboxTest)
[expected:<Enteraninteger>8[]That'sall,haveaniced...> but was:<Enteraninteger>8[0]That'sall,haveaniced...>]
org.junit.ComparisonFailure: expected:<Enteraninteger>8[]That'sall,haveaniced...> but was:<Enteraninteger>8[0]That'sall,haveaniced...>    at org.junit.Assert.assertEquals(Assert.java:115)
    at org.junit.Assert.assertEquals(Assert.java:144)
    at introclassJava.digits_f2997e14_000BlackboxTest.test4(digits_f2997e14_000BlackboxTest.java:40)
    at sun.reflect.NativeMethodAccessorImpl.invoke0(Native Method)
    at sun.reflect.NativeMethodAccessorImpl.invoke(NativeMethodAccessorImpl.java:62)
    at sun.reflect.DelegatingMethodAccessorImpl.invoke(DelegatingMethodAccessorImpl.java:43)

16:13:29.789 [pool-3-thread-1] DEBUG tests.output - Failing tests with false: 
[test2(introclassJava.digits_f2997e14_000BlackboxTest): expected:<Enteraninteger>[67]8-9That'sall,haveani...> but was:<Enteraninteger>[-6-7-]8-9That'sall,haveani...>, test4(introclassJava.digits_f2997e14_000BlackboxTest): test timed out after 1000 milliseconds]
16:13:29.789 [pool-3-thread-1] DEBUG tests.output - Failing tests with true: 
[test2(introclassJava.digits_f2997e14_000BlackboxTest): expected:<Enteraninteger>[67]8-9That'sall,haveani...> but was:<Enteraninteger>[-6-7-]8-9That'sall,haveani...>, test4(introclassJava.digits_f2997e14_000BlackboxTest): expected:<Enteraninteger>8[]That'sall,haveaniced...> but was:<Enteraninteger>8[0]That'sall,haveaniced...>]
16:13:29.789 [pool-3-thread-1] INFO  f.i.l.r.n.synth.SMTNopolSynthesizer - Not enough specifications: 0. A trivial patch is "true" or "false", please write new tests specifying SourceLocation introclassJava.digits_f2997e14_000:68.
16:13:29.789 [pool-2-thread-1] DEBUG fr.inria.lille.repair.nopol.NoPol - statement #2
16:13:29.789 [pool-2-thread-1] DEBUG fr.inria.lille.repair.nopol.NoPol - Analysing SourceLocation introclassJava.digits_f2997e14_000:67 which is executed by 2 tests
-1272757752
16:13:29.853 [pool-2-thread-1] DEBUG fr.inria.lille.repair.nopol.NoPol - looking with class fr.inria.lille.repair.nopol.spoon.smt.ConditionalAdder
org.junit.ComparisonFailure: expected:<Enteraninteger>[67]8-9That'sall,haveani...> but was:<Enteraninteger>[-6-7-]8-9That'sall,haveani...>
    at org.junit.Assert.assertEquals(Assert.java:115)
    at org.junit.Assert.assertEquals(Assert.java:144)
    at introclassJava.digits_f2997e14_000BlackboxTest.test2(digits_f2997e14_000BlackboxTest.java:23)
    at sun.reflect.NativeMethodAccessorImpl.invoke0(Native Method)
    at sun.reflect.NativeMethodAccessorImpl.invoke(NativeMethodAccessorImpl.java:62)
    at sun.reflect.DelegatingMethodAccessorImpl.invoke(DelegatingMethodAccessorImpl.java:43)
org.junit.ComparisonFailure: expected:<Enteraninteger>8[]That'sall,haveaniced...> but was:<Enteraninteger>8[0]That'sall,haveaniced...>
    at org.junit.Assert.assertEquals(Assert.java:115)
    at org.junit.Assert.assertEquals(Assert.java:144)
    at introclassJava.digits_f2997e14_000BlackboxTest.test4(digits_f2997e14_000BlackboxTest.java:40)
    at sun.reflect.NativeMethodAccessorImpl.invoke0(Native Method)
    at sun.reflect.NativeMethodAccessorImpl.invoke(NativeMethodAccessorImpl.java:62)
    at sun.reflect.DelegatingMethodAccessorImpl.invoke(DelegatingMethodAccessorImpl.java:43)
16:13:29.865 [pool-10-thread-1] INFO  xxl.java.junit.TestCasesListener - Tests run finished (9 ms)
<> Total tests run: 6
<> Ignored tests: 0
<> Failed tests: 2
~ test2(introclassJava.digits_f2997e14_000BlackboxTest)
[expected:<Enteraninteger>[67]8-9That'sall,haveani...> but was:<Enteraninteger>[-6-7-]8-9That'sall,haveani...>]
org.junit.ComparisonFailure: expected:<Enteraninteger>[67]8-9That'sall,haveani...> but was:<Enteraninteger>[-6-7-]8-9That'sall,haveani...>    at org.junit.Assert.assertEquals(Assert.java:115)
    at org.junit.Assert.assertEquals(Assert.java:144)
    at introclassJava.digits_f2997e14_000BlackboxTest.test2(digits_f2997e14_000BlackboxTest.java:23)
    at sun.reflect.NativeMethodAccessorImpl.invoke0(Native Method)
    at sun.reflect.NativeMethodAccessorImpl.invoke(NativeMethodAccessorImpl.java:62)
    at sun.reflect.DelegatingMethodAccessorImpl.invoke(DelegatingMethodAccessorImpl.java:43)
~ test4(introclassJava.digits_f2997e14_000BlackboxTest)
[expected:<Enteraninteger>8[]That'sall,haveaniced...> but was:<Enteraninteger>8[0]That'sall,haveaniced...>]
org.junit.ComparisonFailure: expected:<Enteraninteger>8[]That'sall,haveaniced...> but was:<Enteraninteger>8[0]That'sall,haveaniced...>    at org.junit.Assert.assertEquals(Assert.java:115)
    at org.junit.Assert.assertEquals(Assert.java:144)
    at introclassJava.digits_f2997e14_000BlackboxTest.test4(digits_f2997e14_000BlackboxTest.java:40)
    at sun.reflect.NativeMethodAccessorImpl.invoke0(Native Method)
    at sun.reflect.NativeMethodAccessorImpl.invoke(NativeMethodAccessorImpl.java:62)
    at sun.reflect.DelegatingMethodAccessorImpl.invoke(DelegatingMethodAccessorImpl.java:43)

org.junit.ComparisonFailure: expected:<Enteraninteger>[67]8-9That'sall,haveani...> but was:<Enteraninteger>[-6-7-]8-9That'sall,haveani...>
    at org.junit.Assert.assertEquals(Assert.java:115)
    at org.junit.Assert.assertEquals(Assert.java:144)
    at introclassJava.digits_f2997e14_000BlackboxTest.test2(digits_f2997e14_000BlackboxTest.java:23)
    at sun.reflect.NativeMethodAccessorImpl.invoke0(Native Method)
    at sun.reflect.NativeMethodAccessorImpl.invoke(NativeMethodAccessorImpl.java:62)
    at sun.reflect.DelegatingMethodAccessorImpl.invoke(DelegatingMethodAccessorImpl.java:43)
16:13:30.007 [pool-11-thread-1] INFO  f.i.l.c.t.SpecificationTestCasesListener - Tests run finished (2 ms)
<> Total tests run: 1
<> Ignored tests: 0
<> Failed tests: 1
~ test2(introclassJava.digits_f2997e14_000BlackboxTest)
[expected:<Enteraninteger>[67]8-9That'sall,haveani...> but was:<Enteraninteger>[-6-7-]8-9That'sall,haveani...>]
org.junit.ComparisonFailure: expected:<Enteraninteger>[67]8-9That'sall,haveani...> but was:<Enteraninteger>[-6-7-]8-9That'sall,haveani...>    at org.junit.Assert.assertEquals(Assert.java:115)
    at org.junit.Assert.assertEquals(Assert.java:144)
    at introclassJava.digits_f2997e14_000BlackboxTest.test2(digits_f2997e14_000BlackboxTest.java:23)
    at sun.reflect.NativeMethodAccessorImpl.invoke0(Native Method)
    at sun.reflect.NativeMethodAccessorImpl.invoke(NativeMethodAccessorImpl.java:62)
    at sun.reflect.DelegatingMethodAccessorImpl.invoke(DelegatingMethodAccessorImpl.java:43)

16:13:30.008 [pool-12-thread-1] INFO  f.i.l.c.t.SpecificationTestCasesListener - Tests run finished (0 ms)
<> Total tests run: 1
<> Ignored tests: 0
<> Failed tests: 0

org.junit.ComparisonFailure: expected:<Enteraninteger>[67]8-9That'sall,haveani...> but was:<Enteraninteger>[-6-7-]8-9That'sall,haveani...>
    at org.junit.Assert.assertEquals(Assert.java:115)
    at org.junit.Assert.assertEquals(Assert.java:144)
    at introclassJava.digits_f2997e14_000BlackboxTest.test2(digits_f2997e14_000BlackboxTest.java:23)
    at sun.reflect.NativeMethodAccessorImpl.invoke0(Native Method)
    at sun.reflect.NativeMethodAccessorImpl.invoke(NativeMethodAccessorImpl.java:62)
    at sun.reflect.DelegatingMethodAccessorImpl.invoke(DelegatingMethodAccessorImpl.java:43)
16:13:30.010 [pool-13-thread-1] INFO  f.i.l.c.t.SpecificationTestCasesListener - Tests run finished (1 ms)
<> Total tests run: 1
<> Ignored tests: 0
<> Failed tests: 1
~ test2(introclassJava.digits_f2997e14_000BlackboxTest)
[expected:<Enteraninteger>[67]8-9That'sall,haveani...> but was:<Enteraninteger>[-6-7-]8-9That'sall,haveani...>]
org.junit.ComparisonFailure: expected:<Enteraninteger>[67]8-9That'sall,haveani...> but was:<Enteraninteger>[-6-7-]8-9That'sall,haveani...>    at org.junit.Assert.assertEquals(Assert.java:115)
    at org.junit.Assert.assertEquals(Assert.java:144)
    at introclassJava.digits_f2997e14_000BlackboxTest.test2(digits_f2997e14_000BlackboxTest.java:23)
    at sun.reflect.NativeMethodAccessorImpl.invoke0(Native Method)
    at sun.reflect.NativeMethodAccessorImpl.invoke(NativeMethodAccessorImpl.java:62)
    at sun.reflect.DelegatingMethodAccessorImpl.invoke(DelegatingMethodAccessorImpl.java:43)

org.junit.ComparisonFailure: expected:<Enteraninteger>8[]That'sall,haveaniced...> but was:<Enteraninteger>8[0]That'sall,haveaniced...>
    at org.junit.Assert.assertEquals(Assert.java:115)
    at org.junit.Assert.assertEquals(Assert.java:144)
    at introclassJava.digits_f2997e14_000BlackboxTest.test4(digits_f2997e14_000BlackboxTest.java:40)
    at sun.reflect.NativeMethodAccessorImpl.invoke0(Native Method)
    at sun.reflect.NativeMethodAccessorImpl.invoke(NativeMethodAccessorImpl.java:62)
    at sun.reflect.DelegatingMethodAccessorImpl.invoke(DelegatingMethodAccessorImpl.java:43)
16:13:30.012 [pool-14-thread-1] INFO  f.i.l.c.t.SpecificationTestCasesListener - Tests run finished (1 ms)
<> Total tests run: 1
<> Ignored tests: 0
<> Failed tests: 1
~ test4(introclassJava.digits_f2997e14_000BlackboxTest)
[expected:<Enteraninteger>8[]That'sall,haveaniced...> but was:<Enteraninteger>8[0]That'sall,haveaniced...>]
org.junit.ComparisonFailure: expected:<Enteraninteger>8[]That'sall,haveaniced...> but was:<Enteraninteger>8[0]That'sall,haveaniced...>    at org.junit.Assert.assertEquals(Assert.java:115)
    at org.junit.Assert.assertEquals(Assert.java:144)
    at introclassJava.digits_f2997e14_000BlackboxTest.test4(digits_f2997e14_000BlackboxTest.java:40)
    at sun.reflect.NativeMethodAccessorImpl.invoke0(Native Method)
    at sun.reflect.NativeMethodAccessorImpl.invoke(NativeMethodAccessorImpl.java:62)
    at sun.reflect.DelegatingMethodAccessorImpl.invoke(DelegatingMethodAccessorImpl.java:43)

16:13:30.013 [pool-9-thread-1] DEBUG tests.output - Failing tests with false: 
[test2(introclassJava.digits_f2997e14_000BlackboxTest): expected:<Enteraninteger>[67]8-9That'sall,haveani...> but was:<Enteraninteger>[-6-7-]8-9That'sall,haveani...>]
16:13:30.013 [pool-9-thread-1] DEBUG tests.output - Failing tests with true: 
[test2(introclassJava.digits_f2997e14_000BlackboxTest): expected:<Enteraninteger>[67]8-9That'sall,haveani...> but was:<Enteraninteger>[-6-7-]8-9That'sall,haveani...>, test4(introclassJava.digits_f2997e14_000BlackboxTest): expected:<Enteraninteger>8[]That'sall,haveaniced...> but was:<Enteraninteger>8[0]That'sall,haveaniced...>]
16:13:30.013 [pool-9-thread-1] INFO  f.i.l.r.n.synth.SMTNopolSynthesizer - Not enough specifications: 0. A trivial patch is "true" or "false", please write new tests specifying SourceLocation introclassJava.digits_f2997e14_000:67.
16:13:30.013 [pool-2-thread-1] DEBUG fr.inria.lille.repair.nopol.NoPol - statement #3
16:13:30.014 [pool-2-thread-1] DEBUG fr.inria.lille.repair.nopol.NoPol - Analysing SourceLocation introclassJava.digits_f2997e14_000:73 which is executed by 15 tests
-1272757752
16:13:30.073 [pool-2-thread-1] DEBUG fr.inria.lille.repair.nopol.NoPol - looking with class fr.inria.lille.repair.nopol.spoon.smt.ConditionalAdder
org.junit.ComparisonFailure: expected:<Enteraninteger>[67]8-9That'sall,haveani...> but was:<Enteraninteger>[-6-7-]8-9That'sall,haveani...>
    at org.junit.Assert.assertEquals(Assert.java:115)
    at org.junit.Assert.assertEquals(Assert.java:144)
    at introclassJava.digits_f2997e14_000BlackboxTest.test2(digits_f2997e14_000BlackboxTest.java:23)
    at sun.reflect.NativeMethodAccessorImpl.invoke0(Native Method)
    at sun.reflect.NativeMethodAccessorImpl.invoke(NativeMethodAccessorImpl.java:62)
    at sun.reflect.DelegatingMethodAccessorImpl.invoke(DelegatingMethodAccessorImpl.java:43)
org.junit.ComparisonFailure: expected:<Enteraninteger>8[]That'sall,haveaniced...> but was:<Enteraninteger>8[0]That'sall,haveaniced...>
    at org.junit.Assert.assertEquals(Assert.java:115)
    at org.junit.Assert.assertEquals(Assert.java:144)
    at introclassJava.digits_f2997e14_000BlackboxTest.test4(digits_f2997e14_000BlackboxTest.java:40)
    at sun.reflect.NativeMethodAccessorImpl.invoke0(Native Method)
    at sun.reflect.NativeMethodAccessorImpl.invoke(NativeMethodAccessorImpl.java:62)
    at sun.reflect.DelegatingMethodAccessorImpl.invoke(DelegatingMethodAccessorImpl.java:43)
org.junit.ComparisonFailure: expected:<Enteraninteger>[67]8-9That'sall,haveani...> but was:<Enteraninteger>[-6-7-]8-9That'sall,haveani...>
    at org.junit.Assert.assertEquals(Assert.java:115)
    at org.junit.Assert.assertEquals(Assert.java:144)
    at introclassJava.digits_f2997e14_000BlackboxTest.test2(digits_f2997e14_000BlackboxTest.java:23)
    at sun.reflect.NativeMethodAccessorImpl.invoke0(Native Method)
    at sun.reflect.NativeMethodAccessorImpl.invoke(NativeMethodAccessorImpl.java:62)
    at sun.reflect.DelegatingMethodAccessorImpl.invoke(DelegatingMethodAccessorImpl.java:43)
org.junit.ComparisonFailure: expected:<Enteraninteger>8[]That'sall,haveaniced...> but was:<Enteraninteger>8[0]That'sall,haveaniced...>
    at org.junit.Assert.assertEquals(Assert.java:115)
    at org.junit.Assert.assertEquals(Assert.java:144)
    at introclassJava.digits_f2997e14_000BlackboxTest.test4(digits_f2997e14_000BlackboxTest.java:40)
    at sun.reflect.NativeMethodAccessorImpl.invoke0(Native Method)
    at sun.reflect.NativeMethodAccessorImpl.invoke(NativeMethodAccessorImpl.java:62)
    at sun.reflect.DelegatingMethodAccessorImpl.invoke(DelegatingMethodAccessorImpl.java:43)
16:13:30.095 [pool-16-thread-1] INFO  xxl.java.junit.TestCasesListener - Tests run finished (20 ms)
<> Total tests run: 12
<> Ignored tests: 0
<> Failed tests: 4
~ test2(introclassJava.digits_f2997e14_000BlackboxTest)
[expected:<Enteraninteger>[67]8-9That'sall,haveani...> but was:<Enteraninteger>[-6-7-]8-9That'sall,haveani...>]
org.junit.ComparisonFailure: expected:<Enteraninteger>[67]8-9That'sall,haveani...> but was:<Enteraninteger>[-6-7-]8-9That'sall,haveani...>    at org.junit.Assert.assertEquals(Assert.java:115)
    at org.junit.Assert.assertEquals(Assert.java:144)
    at introclassJava.digits_f2997e14_000BlackboxTest.test2(digits_f2997e14_000BlackboxTest.java:23)
    at sun.reflect.NativeMethodAccessorImpl.invoke0(Native Method)
    at sun.reflect.NativeMethodAccessorImpl.invoke(NativeMethodAccessorImpl.java:62)
    at sun.reflect.DelegatingMethodAccessorImpl.invoke(DelegatingMethodAccessorImpl.java:43)
~ test4(introclassJava.digits_f2997e14_000BlackboxTest)
[expected:<Enteraninteger>8[]That'sall,haveaniced...> but was:<Enteraninteger>8[0]That'sall,haveaniced...>]
org.junit.ComparisonFailure: expected:<Enteraninteger>8[]That'sall,haveaniced...> but was:<Enteraninteger>8[0]That'sall,haveaniced...>    at org.junit.Assert.assertEquals(Assert.java:115)
    at org.junit.Assert.assertEquals(Assert.java:144)
    at introclassJava.digits_f2997e14_000BlackboxTest.test4(digits_f2997e14_000BlackboxTest.java:40)
    at sun.reflect.NativeMethodAccessorImpl.invoke0(Native Method)
    at sun.reflect.NativeMethodAccessorImpl.invoke(NativeMethodAccessorImpl.java:62)
    at sun.reflect.DelegatingMethodAccessorImpl.invoke(DelegatingMethodAccessorImpl.java:43)
~ test2(introclassJava.digits_f2997e14_000BlackboxTest)
[expected:<Enteraninteger>[67]8-9That'sall,haveani...> but was:<Enteraninteger>[-6-7-]8-9That'sall,haveani...>]
org.junit.ComparisonFailure: expected:<Enteraninteger>[67]8-9That'sall,haveani...> but was:<Enteraninteger>[-6-7-]8-9That'sall,haveani...>    at org.junit.Assert.assertEquals(Assert.java:115)
    at org.junit.Assert.assertEquals(Assert.java:144)
    at introclassJava.digits_f2997e14_000BlackboxTest.test2(digits_f2997e14_000BlackboxTest.java:23)
    at sun.reflect.NativeMethodAccessorImpl.invoke0(Native Method)
    at sun.reflect.NativeMethodAccessorImpl.invoke(NativeMethodAccessorImpl.java:62)
    at sun.reflect.DelegatingMethodAccessorImpl.invoke(DelegatingMethodAccessorImpl.java:43)
~ test4(introclassJava.digits_f2997e14_000BlackboxTest)
[expected:<Enteraninteger>8[]That'sall,haveaniced...> but was:<Enteraninteger>8[0]That'sall,haveaniced...>]
org.junit.ComparisonFailure: expected:<Enteraninteger>8[]That'sall,haveaniced...> but was:<Enteraninteger>8[0]That'sall,haveaniced...>    at org.junit.Assert.assertEquals(Assert.java:115)
    at org.junit.Assert.assertEquals(Assert.java:144)
    at introclassJava.digits_f2997e14_000BlackboxTest.test4(digits_f2997e14_000BlackboxTest.java:40)
    at sun.reflect.NativeMethodAccessorImpl.invoke0(Native Method)
    at sun.reflect.NativeMethodAccessorImpl.invoke(NativeMethodAccessorImpl.java:62)
    at sun.reflect.DelegatingMethodAccessorImpl.invoke(DelegatingMethodAccessorImpl.java:43)

org.junit.ComparisonFailure: expected:<Enteraninteger>[678-9]That'sall,haveaniced...> but was:<Enteraninteger>[-6-7-8-90]That'sall,haveaniced...>
    at org.junit.Assert.assertEquals(Assert.java:115)
    at org.junit.Assert.assertEquals(Assert.java:144)
    at introclassJava.digits_f2997e14_000BlackboxTest.test2(digits_f2997e14_000BlackboxTest.java:23)
    at sun.reflect.NativeMethodAccessorImpl.invoke0(Native Method)
    at sun.reflect.NativeMethodAccessorImpl.invoke(NativeMethodAccessorImpl.java:62)
    at sun.reflect.DelegatingMethodAccessorImpl.invoke(DelegatingMethodAccessorImpl.java:43)
16:13:30.220 [pool-17-thread-1] INFO  f.i.l.c.t.SpecificationTestCasesListener - Tests run finished (3 ms)
<> Total tests run: 1
<> Ignored tests: 0
<> Failed tests: 1
~ test2(introclassJava.digits_f2997e14_000BlackboxTest)
[expected:<Enteraninteger>[678-9]That'sall,haveaniced...> but was:<Enteraninteger>[-6-7-8-90]That'sall,haveaniced...>]
org.junit.ComparisonFailure: expected:<Enteraninteger>[678-9]That'sall,haveaniced...> but was:<Enteraninteger>[-6-7-8-90]That'sall,haveaniced...>    at org.junit.Assert.assertEquals(Assert.java:115)
    at org.junit.Assert.assertEquals(Assert.java:144)
    at introclassJava.digits_f2997e14_000BlackboxTest.test2(digits_f2997e14_000BlackboxTest.java:23)
    at sun.reflect.NativeMethodAccessorImpl.invoke0(Native Method)
    at sun.reflect.NativeMethodAccessorImpl.invoke(NativeMethodAccessorImpl.java:62)
    at sun.reflect.DelegatingMethodAccessorImpl.invoke(DelegatingMethodAccessorImpl.java:43)

org.junit.ComparisonFailure: expected:<Enteraninteger>8[]That'sall,haveaniced...> but was:<Enteraninteger>8[0]That'sall,haveaniced...>
    at org.junit.Assert.assertEquals(Assert.java:115)
    at org.junit.Assert.assertEquals(Assert.java:144)
    at introclassJava.digits_f2997e14_000BlackboxTest.test4(digits_f2997e14_000BlackboxTest.java:40)
    at sun.reflect.NativeMethodAccessorImpl.invoke0(Native Method)
    at sun.reflect.NativeMethodAccessorImpl.invoke(NativeMethodAccessorImpl.java:62)
    at sun.reflect.DelegatingMethodAccessorImpl.invoke(DelegatingMethodAccessorImpl.java:43)
16:13:30.222 [pool-18-thread-1] INFO  f.i.l.c.t.SpecificationTestCasesListener - Tests run finished (1 ms)
<> Total tests run: 1
<> Ignored tests: 0
<> Failed tests: 1
~ test4(introclassJava.digits_f2997e14_000BlackboxTest)
[expected:<Enteraninteger>8[]That'sall,haveaniced...> but was:<Enteraninteger>8[0]That'sall,haveaniced...>]
org.junit.ComparisonFailure: expected:<Enteraninteger>8[]That'sall,haveaniced...> but was:<Enteraninteger>8[0]That'sall,haveaniced...>    at org.junit.Assert.assertEquals(Assert.java:115)
    at org.junit.Assert.assertEquals(Assert.java:144)
    at introclassJava.digits_f2997e14_000BlackboxTest.test4(digits_f2997e14_000BlackboxTest.java:40)
    at sun.reflect.NativeMethodAccessorImpl.invoke0(Native Method)
    at sun.reflect.NativeMethodAccessorImpl.invoke(NativeMethodAccessorImpl.java:62)
    at sun.reflect.DelegatingMethodAccessorImpl.invoke(DelegatingMethodAccessorImpl.java:43)

org.junit.ComparisonFailure: expected:<Enteraninteger>[67]8-9That'sall,haveani...> but was:<Enteraninteger>[-6-7-]8-9That'sall,haveani...>
    at org.junit.Assert.assertEquals(Assert.java:115)
    at org.junit.Assert.assertEquals(Assert.java:144)
    at introclassJava.digits_f2997e14_000BlackboxTest.test2(digits_f2997e14_000BlackboxTest.java:23)
    at sun.reflect.NativeMethodAccessorImpl.invoke0(Native Method)
    at sun.reflect.NativeMethodAccessorImpl.invoke(NativeMethodAccessorImpl.java:62)
    at sun.reflect.DelegatingMethodAccessorImpl.invoke(DelegatingMethodAccessorImpl.java:43)
16:13:30.224 [pool-19-thread-1] INFO  f.i.l.c.t.SpecificationTestCasesListener - Tests run finished (1 ms)
<> Total tests run: 1
<> Ignored tests: 0
<> Failed tests: 1
~ test2(introclassJava.digits_f2997e14_000BlackboxTest)
[expected:<Enteraninteger>[67]8-9That'sall,haveani...> but was:<Enteraninteger>[-6-7-]8-9That'sall,haveani...>]
org.junit.ComparisonFailure: expected:<Enteraninteger>[67]8-9That'sall,haveani...> but was:<Enteraninteger>[-6-7-]8-9That'sall,haveani...>    at org.junit.Assert.assertEquals(Assert.java:115)
    at org.junit.Assert.assertEquals(Assert.java:144)
    at introclassJava.digits_f2997e14_000BlackboxTest.test2(digits_f2997e14_000BlackboxTest.java:23)
    at sun.reflect.NativeMethodAccessorImpl.invoke0(Native Method)
    at sun.reflect.NativeMethodAccessorImpl.invoke(NativeMethodAccessorImpl.java:62)
    at sun.reflect.DelegatingMethodAccessorImpl.invoke(DelegatingMethodAccessorImpl.java:43)

org.junit.ComparisonFailure: expected:<Enteraninteger>8[]That'sall,haveaniced...> but was:<Enteraninteger>8[0]That'sall,haveaniced...>
    at org.junit.Assert.assertEquals(Assert.java:115)
    at org.junit.Assert.assertEquals(Assert.java:144)
    at introclassJava.digits_f2997e14_000BlackboxTest.test4(digits_f2997e14_000BlackboxTest.java:40)
    at sun.reflect.NativeMethodAccessorImpl.invoke0(Native Method)
    at sun.reflect.NativeMethodAccessorImpl.invoke(NativeMethodAccessorImpl.java:62)
    at sun.reflect.DelegatingMethodAccessorImpl.invoke(DelegatingMethodAccessorImpl.java:43)
16:13:30.226 [pool-20-thread-1] INFO  f.i.l.c.t.SpecificationTestCasesListener - Tests run finished (1 ms)
<> Total tests run: 1
<> Ignored tests: 0
<> Failed tests: 1
~ test4(introclassJava.digits_f2997e14_000BlackboxTest)
[expected:<Enteraninteger>8[]That'sall,haveaniced...> but was:<Enteraninteger>8[0]That'sall,haveaniced...>]
org.junit.ComparisonFailure: expected:<Enteraninteger>8[]That'sall,haveaniced...> but was:<Enteraninteger>8[0]That'sall,haveaniced...>    at org.junit.Assert.assertEquals(Assert.java:115)
    at org.junit.Assert.assertEquals(Assert.java:144)
    at introclassJava.digits_f2997e14_000BlackboxTest.test4(digits_f2997e14_000BlackboxTest.java:40)
    at sun.reflect.NativeMethodAccessorImpl.invoke0(Native Method)
    at sun.reflect.NativeMethodAccessorImpl.invoke(NativeMethodAccessorImpl.java:62)
    at sun.reflect.DelegatingMethodAccessorImpl.invoke(DelegatingMethodAccessorImpl.java:43)

16:13:30.226 [pool-15-thread-1] DEBUG tests.output - Failing tests with false: 
[test2(introclassJava.digits_f2997e14_000BlackboxTest): expected:<Enteraninteger>[678-9]That'sall,haveaniced...> but was:<Enteraninteger>[-6-7-8-90]That'sall,haveaniced...>, test4(introclassJava.digits_f2997e14_000BlackboxTest): expected:<Enteraninteger>8[]That'sall,haveaniced...> but was:<Enteraninteger>8[0]That'sall,haveaniced...>]
16:13:30.227 [pool-15-thread-1] DEBUG tests.output - Failing tests with true: 
[test2(introclassJava.digits_f2997e14_000BlackboxTest): expected:<Enteraninteger>[67]8-9That'sall,haveani...> but was:<Enteraninteger>[-6-7-]8-9That'sall,haveani...>, test4(introclassJava.digits_f2997e14_000BlackboxTest): expected:<Enteraninteger>8[]That'sall,haveaniced...> but was:<Enteraninteger>8[0]That'sall,haveaniced...>]
16:13:30.227 [pool-15-thread-1] INFO  f.i.l.r.n.synth.SMTNopolSynthesizer - Not enough specifications: 0. A trivial patch is "true" or "false", please write new tests specifying SourceLocation introclassJava.digits_f2997e14_000:73.
16:13:30.227 [pool-2-thread-1] DEBUG fr.inria.lille.repair.nopol.NoPol - looking with class fr.inria.lille.repair.nopol.spoon.smt.ConditionalReplacer
org.junit.ComparisonFailure: expected:<Enteraninteger>[67]8-9That'sall,haveani...> but was:<Enteraninteger>[-6-7-]8-9That'sall,haveani...>
    at org.junit.Assert.assertEquals(Assert.java:115)
    at org.junit.Assert.assertEquals(Assert.java:144)
    at introclassJava.digits_f2997e14_000BlackboxTest.test2(digits_f2997e14_000BlackboxTest.java:23)
    at sun.reflect.NativeMethodAccessorImpl.invoke0(Native Method)
    at sun.reflect.NativeMethodAccessorImpl.invoke(NativeMethodAccessorImpl.java:62)
    at sun.reflect.DelegatingMethodAccessorImpl.invoke(DelegatingMethodAccessorImpl.java:43)
org.junit.ComparisonFailure: expected:<Enteraninteger>8[]That'sall,haveaniced...> but was:<Enteraninteger>8[0]That'sall,haveaniced...>
    at org.junit.Assert.assertEquals(Assert.java:115)
    at org.junit.Assert.assertEquals(Assert.java:144)
    at introclassJava.digits_f2997e14_000BlackboxTest.test4(digits_f2997e14_000BlackboxTest.java:40)
    at sun.reflect.NativeMethodAccessorImpl.invoke0(Native Method)
    at sun.reflect.NativeMethodAccessorImpl.invoke(NativeMethodAccessorImpl.java:62)
    at sun.reflect.DelegatingMethodAccessorImpl.invoke(DelegatingMethodAccessorImpl.java:43)
org.junit.ComparisonFailure: expected:<Enteraninteger>[67]8-9That'sall,haveani...> but was:<Enteraninteger>[-6-7-]8-9That'sall,haveani...>
    at org.junit.Assert.assertEquals(Assert.java:115)
    at org.junit.Assert.assertEquals(Assert.java:144)
    at introclassJava.digits_f2997e14_000BlackboxTest.test2(digits_f2997e14_000BlackboxTest.java:23)
    at sun.reflect.NativeMethodAccessorImpl.invoke0(Native Method)
    at sun.reflect.NativeMethodAccessorImpl.invoke(NativeMethodAccessorImpl.java:62)
    at sun.reflect.DelegatingMethodAccessorImpl.invoke(DelegatingMethodAccessorImpl.java:43)
org.junit.ComparisonFailure: expected:<Enteraninteger>8[]That'sall,haveaniced...> but was:<Enteraninteger>8[0]That'sall,haveaniced...>
    at org.junit.Assert.assertEquals(Assert.java:115)
    at org.junit.Assert.assertEquals(Assert.java:144)
    at introclassJava.digits_f2997e14_000BlackboxTest.test4(digits_f2997e14_000BlackboxTest.java:40)
    at sun.reflect.NativeMethodAccessorImpl.invoke0(Native Method)
    at sun.reflect.NativeMethodAccessorImpl.invoke(NativeMethodAccessorImpl.java:62)
    at sun.reflect.DelegatingMethodAccessorImpl.invoke(DelegatingMethodAccessorImpl.java:43)
16:13:30.239 [pool-22-thread-1] INFO  xxl.java.junit.TestCasesListener - Tests run finished (10 ms)
<> Total tests run: 12
<> Ignored tests: 0
<> Failed tests: 4
~ test2(introclassJava.digits_f2997e14_000BlackboxTest)
[expected:<Enteraninteger>[67]8-9That'sall,haveani...> but was:<Enteraninteger>[-6-7-]8-9That'sall,haveani...>]
org.junit.ComparisonFailure: expected:<Enteraninteger>[67]8-9That'sall,haveani...> but was:<Enteraninteger>[-6-7-]8-9That'sall,haveani...>    at org.junit.Assert.assertEquals(Assert.java:115)
    at org.junit.Assert.assertEquals(Assert.java:144)
    at introclassJava.digits_f2997e14_000BlackboxTest.test2(digits_f2997e14_000BlackboxTest.java:23)
    at sun.reflect.NativeMethodAccessorImpl.invoke0(Native Method)
    at sun.reflect.NativeMethodAccessorImpl.invoke(NativeMethodAccessorImpl.java:62)
    at sun.reflect.DelegatingMethodAccessorImpl.invoke(DelegatingMethodAccessorImpl.java:43)
~ test4(introclassJava.digits_f2997e14_000BlackboxTest)
[expected:<Enteraninteger>8[]That'sall,haveaniced...> but was:<Enteraninteger>8[0]That'sall,haveaniced...>]
org.junit.ComparisonFailure: expected:<Enteraninteger>8[]That'sall,haveaniced...> but was:<Enteraninteger>8[0]That'sall,haveaniced...>    at org.junit.Assert.assertEquals(Assert.java:115)
    at org.junit.Assert.assertEquals(Assert.java:144)
    at introclassJava.digits_f2997e14_000BlackboxTest.test4(digits_f2997e14_000BlackboxTest.java:40)
    at sun.reflect.NativeMethodAccessorImpl.invoke0(Native Method)
    at sun.reflect.NativeMethodAccessorImpl.invoke(NativeMethodAccessorImpl.java:62)
    at sun.reflect.DelegatingMethodAccessorImpl.invoke(DelegatingMethodAccessorImpl.java:43)
~ test2(introclassJava.digits_f2997e14_000BlackboxTest)
[expected:<Enteraninteger>[67]8-9That'sall,haveani...> but was:<Enteraninteger>[-6-7-]8-9That'sall,haveani...>]
org.junit.ComparisonFailure: expected:<Enteraninteger>[67]8-9That'sall,haveani...> but was:<Enteraninteger>[-6-7-]8-9That'sall,haveani...>    at org.junit.Assert.assertEquals(Assert.java:115)
    at org.junit.Assert.assertEquals(Assert.java:144)
    at introclassJava.digits_f2997e14_000BlackboxTest.test2(digits_f2997e14_000BlackboxTest.java:23)
    at sun.reflect.NativeMethodAccessorImpl.invoke0(Native Method)
    at sun.reflect.NativeMethodAccessorImpl.invoke(NativeMethodAccessorImpl.java:62)
    at sun.reflect.DelegatingMethodAccessorImpl.invoke(DelegatingMethodAccessorImpl.java:43)
~ test4(introclassJava.digits_f2997e14_000BlackboxTest)
[expected:<Enteraninteger>8[]That'sall,haveaniced...> but was:<Enteraninteger>8[0]That'sall,haveaniced...>]
org.junit.ComparisonFailure: expected:<Enteraninteger>8[]That'sall,haveaniced...> but was:<Enteraninteger>8[0]That'sall,haveaniced...>    at org.junit.Assert.assertEquals(Assert.java:115)
    at org.junit.Assert.assertEquals(Assert.java:144)
    at introclassJava.digits_f2997e14_000BlackboxTest.test4(digits_f2997e14_000BlackboxTest.java:40)
    at sun.reflect.NativeMethodAccessorImpl.invoke0(Native Method)
    at sun.reflect.NativeMethodAccessorImpl.invoke(NativeMethodAccessorImpl.java:62)
    at sun.reflect.DelegatingMethodAccessorImpl.invoke(DelegatingMethodAccessorImpl.java:43)

org.junit.ComparisonFailure: expected:<Enteraninteger>[678-9]That'sall,haveaniced...> but was:<Enteraninteger>[-6-7-8-90]That'sall,haveaniced...>
    at org.junit.Assert.assertEquals(Assert.java:115)
    at org.junit.Assert.assertEquals(Assert.java:144)
    at introclassJava.digits_f2997e14_000BlackboxTest.test2(digits_f2997e14_000BlackboxTest.java:23)
    at sun.reflect.NativeMethodAccessorImpl.invoke0(Native Method)
    at sun.reflect.NativeMethodAccessorImpl.invoke(NativeMethodAccessorImpl.java:62)
    at sun.reflect.DelegatingMethodAccessorImpl.invoke(DelegatingMethodAccessorImpl.java:43)
16:13:30.356 [pool-23-thread-1] INFO  f.i.l.c.t.SpecificationTestCasesListener - Tests run finished (3 ms)
<> Total tests run: 1
<> Ignored tests: 0
<> Failed tests: 1
~ test2(introclassJava.digits_f2997e14_000BlackboxTest)
[expected:<Enteraninteger>[678-9]That'sall,haveaniced...> but was:<Enteraninteger>[-6-7-8-90]That'sall,haveaniced...>]
org.junit.ComparisonFailure: expected:<Enteraninteger>[678-9]That'sall,haveaniced...> but was:<Enteraninteger>[-6-7-8-90]That'sall,haveaniced...>    at org.junit.Assert.assertEquals(Assert.java:115)
    at org.junit.Assert.assertEquals(Assert.java:144)
    at introclassJava.digits_f2997e14_000BlackboxTest.test2(digits_f2997e14_000BlackboxTest.java:23)
    at sun.reflect.NativeMethodAccessorImpl.invoke0(Native Method)
    at sun.reflect.NativeMethodAccessorImpl.invoke(NativeMethodAccessorImpl.java:62)
    at sun.reflect.DelegatingMethodAccessorImpl.invoke(DelegatingMethodAccessorImpl.java:43)

org.junit.ComparisonFailure: expected:<Enteraninteger>8[]That'sall,haveaniced...> but was:<Enteraninteger>8[0]That'sall,haveaniced...>
    at org.junit.Assert.assertEquals(Assert.java:115)
    at org.junit.Assert.assertEquals(Assert.java:144)
    at introclassJava.digits_f2997e14_000BlackboxTest.test4(digits_f2997e14_000BlackboxTest.java:40)
    at sun.reflect.NativeMethodAccessorImpl.invoke0(Native Method)
    at sun.reflect.NativeMethodAccessorImpl.invoke(NativeMethodAccessorImpl.java:62)
    at sun.reflect.DelegatingMethodAccessorImpl.invoke(DelegatingMethodAccessorImpl.java:43)
16:13:30.358 [pool-24-thread-1] INFO  f.i.l.c.t.SpecificationTestCasesListener - Tests run finished (1 ms)
<> Total tests run: 1
<> Ignored tests: 0
<> Failed tests: 1
~ test4(introclassJava.digits_f2997e14_000BlackboxTest)
[expected:<Enteraninteger>8[]That'sall,haveaniced...> but was:<Enteraninteger>8[0]That'sall,haveaniced...>]
org.junit.ComparisonFailure: expected:<Enteraninteger>8[]That'sall,haveaniced...> but was:<Enteraninteger>8[0]That'sall,haveaniced...>    at org.junit.Assert.assertEquals(Assert.java:115)
    at org.junit.Assert.assertEquals(Assert.java:144)
    at introclassJava.digits_f2997e14_000BlackboxTest.test4(digits_f2997e14_000BlackboxTest.java:40)
    at sun.reflect.NativeMethodAccessorImpl.invoke0(Native Method)
    at sun.reflect.NativeMethodAccessorImpl.invoke(NativeMethodAccessorImpl.java:62)
    at sun.reflect.DelegatingMethodAccessorImpl.invoke(DelegatingMethodAccessorImpl.java:43)

org.junit.ComparisonFailure: expected:<Enteraninteger>[678-9]That'sall,haveaniced...> but was:<Enteraninteger>[-6-987]That'sall,haveaniced...>
    at org.junit.Assert.assertEquals(Assert.java:115)
    at org.junit.Assert.assertEquals(Assert.java:144)
    at introclassJava.digits_f2997e14_000BlackboxTest.test2(digits_f2997e14_000BlackboxTest.java:23)
    at sun.reflect.NativeMethodAccessorImpl.invoke0(Native Method)
    at sun.reflect.NativeMethodAccessorImpl.invoke(NativeMethodAccessorImpl.java:62)
    at sun.reflect.DelegatingMethodAccessorImpl.invoke(DelegatingMethodAccessorImpl.java:43)
16:13:30.360 [pool-25-thread-1] INFO  f.i.l.c.t.SpecificationTestCasesListener - Tests run finished (1 ms)
<> Total tests run: 1
<> Ignored tests: 0
<> Failed tests: 1
~ test2(introclassJava.digits_f2997e14_000BlackboxTest)
[expected:<Enteraninteger>[678-9]That'sall,haveaniced...> but was:<Enteraninteger>[-6-987]That'sall,haveaniced...>]
org.junit.ComparisonFailure: expected:<Enteraninteger>[678-9]That'sall,haveaniced...> but was:<Enteraninteger>[-6-987]That'sall,haveaniced...>    at org.junit.Assert.assertEquals(Assert.java:115)
    at org.junit.Assert.assertEquals(Assert.java:144)
    at introclassJava.digits_f2997e14_000BlackboxTest.test2(digits_f2997e14_000BlackboxTest.java:23)
    at sun.reflect.NativeMethodAccessorImpl.invoke0(Native Method)
    at sun.reflect.NativeMethodAccessorImpl.invoke(NativeMethodAccessorImpl.java:62)
    at sun.reflect.DelegatingMethodAccessorImpl.invoke(DelegatingMethodAccessorImpl.java:43)

org.junit.ComparisonFailure: expected:<Enteraninteger>8[]That'sall,haveaniced...> but was:<Enteraninteger>8[0]That'sall,haveaniced...>
    at org.junit.Assert.assertEquals(Assert.java:115)
    at org.junit.Assert.assertEquals(Assert.java:144)
    at introclassJava.digits_f2997e14_000BlackboxTest.test4(digits_f2997e14_000BlackboxTest.java:40)
    at sun.reflect.NativeMethodAccessorImpl.invoke0(Native Method)
    at sun.reflect.NativeMethodAccessorImpl.invoke(NativeMethodAccessorImpl.java:62)
    at sun.reflect.DelegatingMethodAccessorImpl.invoke(DelegatingMethodAccessorImpl.java:43)
16:13:30.362 [pool-26-thread-1] INFO  f.i.l.c.t.SpecificationTestCasesListener - Tests run finished (1 ms)
<> Total tests run: 1
<> Ignored tests: 0
<> Failed tests: 1
~ test4(introclassJava.digits_f2997e14_000BlackboxTest)
[expected:<Enteraninteger>8[]That'sall,haveaniced...> but was:<Enteraninteger>8[0]That'sall,haveaniced...>]
org.junit.ComparisonFailure: expected:<Enteraninteger>8[]That'sall,haveaniced...> but was:<Enteraninteger>8[0]That'sall,haveaniced...>    at org.junit.Assert.assertEquals(Assert.java:115)
    at org.junit.Assert.assertEquals(Assert.java:144)
    at introclassJava.digits_f2997e14_000BlackboxTest.test4(digits_f2997e14_000BlackboxTest.java:40)
    at sun.reflect.NativeMethodAccessorImpl.invoke0(Native Method)
    at sun.reflect.NativeMethodAccessorImpl.invoke(NativeMethodAccessorImpl.java:62)
    at sun.reflect.DelegatingMethodAccessorImpl.invoke(DelegatingMethodAccessorImpl.java:43)

16:13:30.362 [pool-21-thread-1] DEBUG tests.output - Failing tests with false: 
[test2(introclassJava.digits_f2997e14_000BlackboxTest): expected:<Enteraninteger>[678-9]That'sall,haveaniced...> but was:<Enteraninteger>[-6-7-8-90]That'sall,haveaniced...>, test4(introclassJava.digits_f2997e14_000BlackboxTest): expected:<Enteraninteger>8[]That'sall,haveaniced...> but was:<Enteraninteger>8[0]That'sall,haveaniced...>]
16:13:30.363 [pool-21-thread-1] DEBUG tests.output - Failing tests with true: 
[test2(introclassJava.digits_f2997e14_000BlackboxTest): expected:<Enteraninteger>[678-9]That'sall,haveaniced...> but was:<Enteraninteger>[-6-987]That'sall,haveaniced...>, test4(introclassJava.digits_f2997e14_000BlackboxTest): expected:<Enteraninteger>8[]That'sall,haveaniced...> but was:<Enteraninteger>8[0]That'sall,haveaniced...>]
16:13:30.363 [pool-21-thread-1] INFO  f.i.l.r.n.synth.SMTNopolSynthesizer - Not enough specifications: 0. A trivial patch is "true" or "false", please write new tests specifying SourceLocation introclassJava.digits_f2997e14_000:73.
16:13:30.363 [pool-2-thread-1] DEBUG fr.inria.lille.repair.nopol.NoPol - statement #4
16:13:30.363 [pool-2-thread-1] DEBUG fr.inria.lille.repair.nopol.NoPol - Analysing SourceLocation introclassJava.digits_f2997e14_000:72 which is executed by 15 tests
-1272757752
16:13:30.408 [pool-2-thread-1] DEBUG fr.inria.lille.repair.nopol.NoPol - looking with class fr.inria.lille.repair.nopol.spoon.smt.ConditionalAdder
org.junit.ComparisonFailure: expected:<Enteraninteger>[67]8-9That'sall,haveani...> but was:<Enteraninteger>[-6-7-]8-9That'sall,haveani...>
    at org.junit.Assert.assertEquals(Assert.java:115)
    at org.junit.Assert.assertEquals(Assert.java:144)
    at introclassJava.digits_f2997e14_000BlackboxTest.test2(digits_f2997e14_000BlackboxTest.java:23)
    at sun.reflect.NativeMethodAccessorImpl.invoke0(Native Method)
    at sun.reflect.NativeMethodAccessorImpl.invoke(NativeMethodAccessorImpl.java:62)
    at sun.reflect.DelegatingMethodAccessorImpl.invoke(DelegatingMethodAccessorImpl.java:43)
org.junit.ComparisonFailure: expected:<Enteraninteger>8[]That'sall,haveaniced...> but was:<Enteraninteger>8[0]That'sall,haveaniced...>
    at org.junit.Assert.assertEquals(Assert.java:115)
    at org.junit.Assert.assertEquals(Assert.java:144)
    at introclassJava.digits_f2997e14_000BlackboxTest.test4(digits_f2997e14_000BlackboxTest.java:40)
    at sun.reflect.NativeMethodAccessorImpl.invoke0(Native Method)
    at sun.reflect.NativeMethodAccessorImpl.invoke(NativeMethodAccessorImpl.java:62)
    at sun.reflect.DelegatingMethodAccessorImpl.invoke(DelegatingMethodAccessorImpl.java:43)
org.junit.ComparisonFailure: expected:<Enteraninteger>[67]8-9That'sall,haveani...> but was:<Enteraninteger>[-6-7-]8-9That'sall,haveani...>
    at org.junit.Assert.assertEquals(Assert.java:115)
    at org.junit.Assert.assertEquals(Assert.java:144)
    at introclassJava.digits_f2997e14_000BlackboxTest.test2(digits_f2997e14_000BlackboxTest.java:23)
    at sun.reflect.NativeMethodAccessorImpl.invoke0(Native Method)
    at sun.reflect.NativeMethodAccessorImpl.invoke(NativeMethodAccessorImpl.java:62)
    at sun.reflect.DelegatingMethodAccessorImpl.invoke(DelegatingMethodAccessorImpl.java:43)
org.junit.ComparisonFailure: expected:<Enteraninteger>8[]That'sall,haveaniced...> but was:<Enteraninteger>8[0]That'sall,haveaniced...>
    at org.junit.Assert.assertEquals(Assert.java:115)
    at org.junit.Assert.assertEquals(Assert.java:144)
    at introclassJava.digits_f2997e14_000BlackboxTest.test4(digits_f2997e14_000BlackboxTest.java:40)
    at sun.reflect.NativeMethodAccessorImpl.invoke0(Native Method)
    at sun.reflect.NativeMethodAccessorImpl.invoke(NativeMethodAccessorImpl.java:62)
    at sun.reflect.DelegatingMethodAccessorImpl.invoke(DelegatingMethodAccessorImpl.java:43)
16:13:30.419 [pool-28-thread-1] INFO  xxl.java.junit.TestCasesListener - Tests run finished (7 ms)
<> Total tests run: 12
<> Ignored tests: 0
<> Failed tests: 4
~ test2(introclassJava.digits_f2997e14_000BlackboxTest)
[expected:<Enteraninteger>[67]8-9That'sall,haveani...> but was:<Enteraninteger>[-6-7-]8-9That'sall,haveani...>]
org.junit.ComparisonFailure: expected:<Enteraninteger>[67]8-9That'sall,haveani...> but was:<Enteraninteger>[-6-7-]8-9That'sall,haveani...>    at org.junit.Assert.assertEquals(Assert.java:115)
    at org.junit.Assert.assertEquals(Assert.java:144)
    at introclassJava.digits_f2997e14_000BlackboxTest.test2(digits_f2997e14_000BlackboxTest.java:23)
    at sun.reflect.NativeMethodAccessorImpl.invoke0(Native Method)
    at sun.reflect.NativeMethodAccessorImpl.invoke(NativeMethodAccessorImpl.java:62)
    at sun.reflect.DelegatingMethodAccessorImpl.invoke(DelegatingMethodAccessorImpl.java:43)
~ test4(introclassJava.digits_f2997e14_000BlackboxTest)
[expected:<Enteraninteger>8[]That'sall,haveaniced...> but was:<Enteraninteger>8[0]That'sall,haveaniced...>]
org.junit.ComparisonFailure: expected:<Enteraninteger>8[]That'sall,haveaniced...> but was:<Enteraninteger>8[0]That'sall,haveaniced...>    at org.junit.Assert.assertEquals(Assert.java:115)
    at org.junit.Assert.assertEquals(Assert.java:144)
    at introclassJava.digits_f2997e14_000BlackboxTest.test4(digits_f2997e14_000BlackboxTest.java:40)
    at sun.reflect.NativeMethodAccessorImpl.invoke0(Native Method)
    at sun.reflect.NativeMethodAccessorImpl.invoke(NativeMethodAccessorImpl.java:62)
    at sun.reflect.DelegatingMethodAccessorImpl.invoke(DelegatingMethodAccessorImpl.java:43)
~ test2(introclassJava.digits_f2997e14_000BlackboxTest)
[expected:<Enteraninteger>[67]8-9That'sall,haveani...> but was:<Enteraninteger>[-6-7-]8-9That'sall,haveani...>]
org.junit.ComparisonFailure: expected:<Enteraninteger>[67]8-9That'sall,haveani...> but was:<Enteraninteger>[-6-7-]8-9That'sall,haveani...>    at org.junit.Assert.assertEquals(Assert.java:115)
    at org.junit.Assert.assertEquals(Assert.java:144)
    at introclassJava.digits_f2997e14_000BlackboxTest.test2(digits_f2997e14_000BlackboxTest.java:23)
    at sun.reflect.NativeMethodAccessorImpl.invoke0(Native Method)
    at sun.reflect.NativeMethodAccessorImpl.invoke(NativeMethodAccessorImpl.java:62)
    at sun.reflect.DelegatingMethodAccessorImpl.invoke(DelegatingMethodAccessorImpl.java:43)
~ test4(introclassJava.digits_f2997e14_000BlackboxTest)
[expected:<Enteraninteger>8[]That'sall,haveaniced...> but was:<Enteraninteger>8[0]That'sall,haveaniced...>]
org.junit.ComparisonFailure: expected:<Enteraninteger>8[]That'sall,haveaniced...> but was:<Enteraninteger>8[0]That'sall,haveaniced...>    at org.junit.Assert.assertEquals(Assert.java:115)
    at org.junit.Assert.assertEquals(Assert.java:144)
    at introclassJava.digits_f2997e14_000BlackboxTest.test4(digits_f2997e14_000BlackboxTest.java:40)
    at sun.reflect.NativeMethodAccessorImpl.invoke0(Native Method)
    at sun.reflect.NativeMethodAccessorImpl.invoke(NativeMethodAccessorImpl.java:62)
    at sun.reflect.DelegatingMethodAccessorImpl.invoke(DelegatingMethodAccessorImpl.java:43)

java.lang.Exception: test timed out after 1000 milliseconds
    at introclassJava.digits_f2997e14_000.exec(digits_f2997e14_000.java:32)
    at introclassJava.digits_f2997e14_000BlackboxTest.test2(digits_f2997e14_000BlackboxTest.java:21)
    at sun.reflect.NativeMethodAccessorImpl.invoke0(Native Method)
    at sun.reflect.NativeMethodAccessorImpl.invoke(NativeMethodAccessorImpl.java:62)
    at sun.reflect.DelegatingMethodAccessorImpl.invoke(DelegatingMethodAccessorImpl.java:43)
    at java.lang.reflect.Method.invoke(Method.java:498)
16:13:31.516 [pool-29-thread-1] INFO  f.i.l.c.t.SpecificationTestCasesListener - Tests run finished (1000 ms)
<> Total tests run: 1
<> Ignored tests: 0
<> Failed tests: 1
~ test2(introclassJava.digits_f2997e14_000BlackboxTest)
[test timed out after 1000 milliseconds]
java.lang.Exception: test timed out after 1000 milliseconds    at introclassJava.digits_f2997e14_000.exec(digits_f2997e14_000.java:32)
    at introclassJava.digits_f2997e14_000BlackboxTest.test2(digits_f2997e14_000BlackboxTest.java:21)
    at sun.reflect.NativeMethodAccessorImpl.invoke0(Native Method)
    at sun.reflect.NativeMethodAccessorImpl.invoke(NativeMethodAccessorImpl.java:62)
    at sun.reflect.DelegatingMethodAccessorImpl.invoke(DelegatingMethodAccessorImpl.java:43)
    at java.lang.reflect.Method.invoke(Method.java:498)

org.junit.ComparisonFailure: expected:<Enteraninteger>8[]That'sall,haveaniced...> but was:<Enteraninteger>8[8]That'sall,haveaniced...>
    at org.junit.Assert.assertEquals(Assert.java:115)
    at org.junit.Assert.assertEquals(Assert.java:144)
    at introclassJava.digits_f2997e14_000BlackboxTest.test4(digits_f2997e14_000BlackboxTest.java:40)
    at sun.reflect.NativeMethodAccessorImpl.invoke0(Native Method)
    at sun.reflect.NativeMethodAccessorImpl.invoke(NativeMethodAccessorImpl.java:62)
    at sun.reflect.DelegatingMethodAccessorImpl.invoke(DelegatingMethodAccessorImpl.java:43)
16:13:31.522 [pool-30-thread-1] INFO  f.i.l.c.t.SpecificationTestCasesListener - Tests run finished (4 ms)
<> Total tests run: 1
<> Ignored tests: 0
<> Failed tests: 1
~ test4(introclassJava.digits_f2997e14_000BlackboxTest)
[expected:<Enteraninteger>8[]That'sall,haveaniced...> but was:<Enteraninteger>8[8]That'sall,haveaniced...>]
org.junit.ComparisonFailure: expected:<Enteraninteger>8[]That'sall,haveaniced...> but was:<Enteraninteger>8[8]That'sall,haveaniced...>    at org.junit.Assert.assertEquals(Assert.java:115)
    at org.junit.Assert.assertEquals(Assert.java:144)
    at introclassJava.digits_f2997e14_000BlackboxTest.test4(digits_f2997e14_000BlackboxTest.java:40)
    at sun.reflect.NativeMethodAccessorImpl.invoke0(Native Method)
    at sun.reflect.NativeMethodAccessorImpl.invoke(NativeMethodAccessorImpl.java:62)
    at sun.reflect.DelegatingMethodAccessorImpl.invoke(DelegatingMethodAccessorImpl.java:43)

org.junit.ComparisonFailure: expected:<Enteraninteger>[67]8-9That'sall,haveani...> but was:<Enteraninteger>[-6-7-]8-9That'sall,haveani...>
    at org.junit.Assert.assertEquals(Assert.java:115)
    at org.junit.Assert.assertEquals(Assert.java:144)
    at introclassJava.digits_f2997e14_000BlackboxTest.test2(digits_f2997e14_000BlackboxTest.java:23)
    at sun.reflect.NativeMethodAccessorImpl.invoke0(Native Method)
    at sun.reflect.NativeMethodAccessorImpl.invoke(NativeMethodAccessorImpl.java:62)
    at sun.reflect.DelegatingMethodAccessorImpl.invoke(DelegatingMethodAccessorImpl.java:43)
16:13:31.523 [pool-31-thread-1] INFO  f.i.l.c.t.SpecificationTestCasesListener - Tests run finished (0 ms)
<> Total tests run: 1
<> Ignored tests: 0
<> Failed tests: 1
~ test2(introclassJava.digits_f2997e14_000BlackboxTest)
[expected:<Enteraninteger>[67]8-9That'sall,haveani...> but was:<Enteraninteger>[-6-7-]8-9That'sall,haveani...>]
org.junit.ComparisonFailure: expected:<Enteraninteger>[67]8-9That'sall,haveani...> but was:<Enteraninteger>[-6-7-]8-9That'sall,haveani...>    at org.junit.Assert.assertEquals(Assert.java:115)
    at org.junit.Assert.assertEquals(Assert.java:144)
    at introclassJava.digits_f2997e14_000BlackboxTest.test2(digits_f2997e14_000BlackboxTest.java:23)
    at sun.reflect.NativeMethodAccessorImpl.invoke0(Native Method)
    at sun.reflect.NativeMethodAccessorImpl.invoke(NativeMethodAccessorImpl.java:62)
    at sun.reflect.DelegatingMethodAccessorImpl.invoke(DelegatingMethodAccessorImpl.java:43)

org.junit.ComparisonFailure: expected:<Enteraninteger>8[]That'sall,haveaniced...> but was:<Enteraninteger>8[0]That'sall,haveaniced...>
    at org.junit.Assert.assertEquals(Assert.java:115)
    at org.junit.Assert.assertEquals(Assert.java:144)
    at introclassJava.digits_f2997e14_000BlackboxTest.test4(digits_f2997e14_000BlackboxTest.java:40)
    at sun.reflect.NativeMethodAccessorImpl.invoke0(Native Method)
    at sun.reflect.NativeMethodAccessorImpl.invoke(NativeMethodAccessorImpl.java:62)
    at sun.reflect.DelegatingMethodAccessorImpl.invoke(DelegatingMethodAccessorImpl.java:43)
16:13:31.525 [pool-32-thread-1] INFO  f.i.l.c.t.SpecificationTestCasesListener - Tests run finished (1 ms)
<> Total tests run: 1
<> Ignored tests: 0
<> Failed tests: 1
~ test4(introclassJava.digits_f2997e14_000BlackboxTest)
[expected:<Enteraninteger>8[]That'sall,haveaniced...> but was:<Enteraninteger>8[0]That'sall,haveaniced...>]
org.junit.ComparisonFailure: expected:<Enteraninteger>8[]That'sall,haveaniced...> but was:<Enteraninteger>8[0]That'sall,haveaniced...>    at org.junit.Assert.assertEquals(Assert.java:115)
    at org.junit.Assert.assertEquals(Assert.java:144)
    at introclassJava.digits_f2997e14_000BlackboxTest.test4(digits_f2997e14_000BlackboxTest.java:40)
    at sun.reflect.NativeMethodAccessorImpl.invoke0(Native Method)
    at sun.reflect.NativeMethodAccessorImpl.invoke(NativeMethodAccessorImpl.java:62)
    at sun.reflect.DelegatingMethodAccessorImpl.invoke(DelegatingMethodAccessorImpl.java:43)

16:13:31.526 [pool-27-thread-1] DEBUG tests.output - Failing tests with false: 
[test2(introclassJava.digits_f2997e14_000BlackboxTest): test timed out after 1000 milliseconds, test4(introclassJava.digits_f2997e14_000BlackboxTest): expected:<Enteraninteger>8[]That'sall,haveaniced...> but was:<Enteraninteger>8[8]That'sall,haveaniced...>]
16:13:31.526 [pool-27-thread-1] DEBUG tests.output - Failing tests with true: 
[test2(introclassJava.digits_f2997e14_000BlackboxTest): expected:<Enteraninteger>[67]8-9That'sall,haveani...> but was:<Enteraninteger>[-6-7-]8-9That'sall,haveani...>, test4(introclassJava.digits_f2997e14_000BlackboxTest): expected:<Enteraninteger>8[]That'sall,haveaniced...> but was:<Enteraninteger>8[0]That'sall,haveaniced...>]
16:13:31.526 [pool-27-thread-1] INFO  f.i.l.r.n.synth.SMTNopolSynthesizer - Not enough specifications: 0. A trivial patch is "true" or "false", please write new tests specifying SourceLocation introclassJava.digits_f2997e14_000:72.
16:13:31.526 [pool-2-thread-1] DEBUG fr.inria.lille.repair.nopol.NoPol - statement #5
16:13:31.526 [pool-2-thread-1] DEBUG fr.inria.lille.repair.nopol.NoPol - Analysing SourceLocation introclassJava.digits_f2997e14_000:70 which is executed by 15 tests
-1272757752
16:13:31.580 [pool-2-thread-1] DEBUG fr.inria.lille.repair.nopol.NoPol - looking with class fr.inria.lille.repair.nopol.spoon.smt.ConditionalAdder
org.junit.ComparisonFailure: expected:<Enteraninteger>[67]8-9That'sall,haveani...> but was:<Enteraninteger>[-6-7-]8-9That'sall,haveani...>
    at org.junit.Assert.assertEquals(Assert.java:115)
    at org.junit.Assert.assertEquals(Assert.java:144)
    at introclassJava.digits_f2997e14_000BlackboxTest.test2(digits_f2997e14_000BlackboxTest.java:23)
    at sun.reflect.NativeMethodAccessorImpl.invoke0(Native Method)
    at sun.reflect.NativeMethodAccessorImpl.invoke(NativeMethodAccessorImpl.java:62)
    at sun.reflect.DelegatingMethodAccessorImpl.invoke(DelegatingMethodAccessorImpl.java:43)
org.junit.ComparisonFailure: expected:<Enteraninteger>8[]That'sall,haveaniced...> but was:<Enteraninteger>8[0]That'sall,haveaniced...>
    at org.junit.Assert.assertEquals(Assert.java:115)
    at org.junit.Assert.assertEquals(Assert.java:144)
    at introclassJava.digits_f2997e14_000BlackboxTest.test4(digits_f2997e14_000BlackboxTest.java:40)
    at sun.reflect.NativeMethodAccessorImpl.invoke0(Native Method)
    at sun.reflect.NativeMethodAccessorImpl.invoke(NativeMethodAccessorImpl.java:62)
    at sun.reflect.DelegatingMethodAccessorImpl.invoke(DelegatingMethodAccessorImpl.java:43)
org.junit.ComparisonFailure: expected:<Enteraninteger>[67]8-9That'sall,haveani...> but was:<Enteraninteger>[-6-7-]8-9That'sall,haveani...>
    at org.junit.Assert.assertEquals(Assert.java:115)
    at org.junit.Assert.assertEquals(Assert.java:144)
    at introclassJava.digits_f2997e14_000BlackboxTest.test2(digits_f2997e14_000BlackboxTest.java:23)
    at sun.reflect.NativeMethodAccessorImpl.invoke0(Native Method)
    at sun.reflect.NativeMethodAccessorImpl.invoke(NativeMethodAccessorImpl.java:62)
    at sun.reflect.DelegatingMethodAccessorImpl.invoke(DelegatingMethodAccessorImpl.java:43)
org.junit.ComparisonFailure: expected:<Enteraninteger>8[]That'sall,haveaniced...> but was:<Enteraninteger>8[0]That'sall,haveaniced...>
    at org.junit.Assert.assertEquals(Assert.java:115)
    at org.junit.Assert.assertEquals(Assert.java:144)
    at introclassJava.digits_f2997e14_000BlackboxTest.test4(digits_f2997e14_000BlackboxTest.java:40)
    at sun.reflect.NativeMethodAccessorImpl.invoke0(Native Method)
    at sun.reflect.NativeMethodAccessorImpl.invoke(NativeMethodAccessorImpl.java:62)
    at sun.reflect.DelegatingMethodAccessorImpl.invoke(DelegatingMethodAccessorImpl.java:43)
16:13:31.591 [pool-34-thread-1] INFO  xxl.java.junit.TestCasesListener - Tests run finished (9 ms)
<> Total tests run: 12
<> Ignored tests: 0
<> Failed tests: 4
~ test2(introclassJava.digits_f2997e14_000BlackboxTest)
[expected:<Enteraninteger>[67]8-9That'sall,haveani...> but was:<Enteraninteger>[-6-7-]8-9That'sall,haveani...>]
org.junit.ComparisonFailure: expected:<Enteraninteger>[67]8-9That'sall,haveani...> but was:<Enteraninteger>[-6-7-]8-9That'sall,haveani...>    at org.junit.Assert.assertEquals(Assert.java:115)
    at org.junit.Assert.assertEquals(Assert.java:144)
    at introclassJava.digits_f2997e14_000BlackboxTest.test2(digits_f2997e14_000BlackboxTest.java:23)
    at sun.reflect.NativeMethodAccessorImpl.invoke0(Native Method)
    at sun.reflect.NativeMethodAccessorImpl.invoke(NativeMethodAccessorImpl.java:62)
    at sun.reflect.DelegatingMethodAccessorImpl.invoke(DelegatingMethodAccessorImpl.java:43)
~ test4(introclassJava.digits_f2997e14_000BlackboxTest)
[expected:<Enteraninteger>8[]That'sall,haveaniced...> but was:<Enteraninteger>8[0]That'sall,haveaniced...>]
org.junit.ComparisonFailure: expected:<Enteraninteger>8[]That'sall,haveaniced...> but was:<Enteraninteger>8[0]That'sall,haveaniced...>    at org.junit.Assert.assertEquals(Assert.java:115)
    at org.junit.Assert.assertEquals(Assert.java:144)
    at introclassJava.digits_f2997e14_000BlackboxTest.test4(digits_f2997e14_000BlackboxTest.java:40)
    at sun.reflect.NativeMethodAccessorImpl.invoke0(Native Method)
    at sun.reflect.NativeMethodAccessorImpl.invoke(NativeMethodAccessorImpl.java:62)
    at sun.reflect.DelegatingMethodAccessorImpl.invoke(DelegatingMethodAccessorImpl.java:43)
~ test2(introclassJava.digits_f2997e14_000BlackboxTest)
[expected:<Enteraninteger>[67]8-9That'sall,haveani...> but was:<Enteraninteger>[-6-7-]8-9That'sall,haveani...>]
org.junit.ComparisonFailure: expected:<Enteraninteger>[67]8-9That'sall,haveani...> but was:<Enteraninteger>[-6-7-]8-9That'sall,haveani...>    at org.junit.Assert.assertEquals(Assert.java:115)
    at org.junit.Assert.assertEquals(Assert.java:144)
    at introclassJava.digits_f2997e14_000BlackboxTest.test2(digits_f2997e14_000BlackboxTest.java:23)
    at sun.reflect.NativeMethodAccessorImpl.invoke0(Native Method)
    at sun.reflect.NativeMethodAccessorImpl.invoke(NativeMethodAccessorImpl.java:62)
    at sun.reflect.DelegatingMethodAccessorImpl.invoke(DelegatingMethodAccessorImpl.java:43)
~ test4(introclassJava.digits_f2997e14_000BlackboxTest)
[expected:<Enteraninteger>8[]That'sall,haveaniced...> but was:<Enteraninteger>8[0]That'sall,haveaniced...>]
org.junit.ComparisonFailure: expected:<Enteraninteger>8[]That'sall,haveaniced...> but was:<Enteraninteger>8[0]That'sall,haveaniced...>    at org.junit.Assert.assertEquals(Assert.java:115)
    at org.junit.Assert.assertEquals(Assert.java:144)
    at introclassJava.digits_f2997e14_000BlackboxTest.test4(digits_f2997e14_000BlackboxTest.java:40)
    at sun.reflect.NativeMethodAccessorImpl.invoke0(Native Method)
    at sun.reflect.NativeMethodAccessorImpl.invoke(NativeMethodAccessorImpl.java:62)
    at sun.reflect.DelegatingMethodAccessorImpl.invoke(DelegatingMethodAccessorImpl.java:43)

org.junit.ComparisonFailure: expected:<Enteraninteger>[678]-9That'sall,haveanic...> but was:<Enteraninteger>[]-9That'sall,haveanic...>
    at org.junit.Assert.assertEquals(Assert.java:115)
    at org.junit.Assert.assertEquals(Assert.java:144)
    at introclassJava.digits_f2997e14_000BlackboxTest.test2(digits_f2997e14_000BlackboxTest.java:23)
    at sun.reflect.NativeMethodAccessorImpl.invoke0(Native Method)
    at sun.reflect.NativeMethodAccessorImpl.invoke(NativeMethodAccessorImpl.java:62)
    at sun.reflect.DelegatingMethodAccessorImpl.invoke(DelegatingMethodAccessorImpl.java:43)
16:13:31.687 [pool-35-thread-1] INFO  f.i.l.c.t.SpecificationTestCasesListener - Tests run finished (2 ms)
<> Total tests run: 1
<> Ignored tests: 0
<> Failed tests: 1
~ test2(introclassJava.digits_f2997e14_000BlackboxTest)
[expected:<Enteraninteger>[678]-9That'sall,haveanic...> but was:<Enteraninteger>[]-9That'sall,haveanic...>]
org.junit.ComparisonFailure: expected:<Enteraninteger>[678]-9That'sall,haveanic...> but was:<Enteraninteger>[]-9That'sall,haveanic...>    at org.junit.Assert.assertEquals(Assert.java:115)
    at org.junit.Assert.assertEquals(Assert.java:144)
    at introclassJava.digits_f2997e14_000BlackboxTest.test2(digits_f2997e14_000BlackboxTest.java:23)
    at sun.reflect.NativeMethodAccessorImpl.invoke0(Native Method)
    at sun.reflect.NativeMethodAccessorImpl.invoke(NativeMethodAccessorImpl.java:62)
    at sun.reflect.DelegatingMethodAccessorImpl.invoke(DelegatingMethodAccessorImpl.java:43)

org.junit.ComparisonFailure: expected:<Enteraninteger>[8]That'sall,haveaniced...> but was:<Enteraninteger>[0]That'sall,haveaniced...>
    at org.junit.Assert.assertEquals(Assert.java:115)
    at org.junit.Assert.assertEquals(Assert.java:144)
    at introclassJava.digits_f2997e14_000BlackboxTest.test4(digits_f2997e14_000BlackboxTest.java:40)
    at sun.reflect.NativeMethodAccessorImpl.invoke0(Native Method)
    at sun.reflect.NativeMethodAccessorImpl.invoke(NativeMethodAccessorImpl.java:62)
    at sun.reflect.DelegatingMethodAccessorImpl.invoke(DelegatingMethodAccessorImpl.java:43)
16:13:31.688 [pool-36-thread-1] INFO  f.i.l.c.t.SpecificationTestCasesListener - Tests run finished (1 ms)
<> Total tests run: 1
<> Ignored tests: 0
<> Failed tests: 1
~ test4(introclassJava.digits_f2997e14_000BlackboxTest)
[expected:<Enteraninteger>[8]That'sall,haveaniced...> but was:<Enteraninteger>[0]That'sall,haveaniced...>]
org.junit.ComparisonFailure: expected:<Enteraninteger>[8]That'sall,haveaniced...> but was:<Enteraninteger>[0]That'sall,haveaniced...>    at org.junit.Assert.assertEquals(Assert.java:115)
    at org.junit.Assert.assertEquals(Assert.java:144)
    at introclassJava.digits_f2997e14_000BlackboxTest.test4(digits_f2997e14_000BlackboxTest.java:40)
    at sun.reflect.NativeMethodAccessorImpl.invoke0(Native Method)
    at sun.reflect.NativeMethodAccessorImpl.invoke(NativeMethodAccessorImpl.java:62)
    at sun.reflect.DelegatingMethodAccessorImpl.invoke(DelegatingMethodAccessorImpl.java:43)

org.junit.ComparisonFailure: expected:<Enteraninteger>[67]8-9That'sall,haveani...> but was:<Enteraninteger>[-6-7-]8-9That'sall,haveani...>
    at org.junit.Assert.assertEquals(Assert.java:115)
    at org.junit.Assert.assertEquals(Assert.java:144)
    at introclassJava.digits_f2997e14_000BlackboxTest.test2(digits_f2997e14_000BlackboxTest.java:23)
    at sun.reflect.NativeMethodAccessorImpl.invoke0(Native Method)
    at sun.reflect.NativeMethodAccessorImpl.invoke(NativeMethodAccessorImpl.java:62)
    at sun.reflect.DelegatingMethodAccessorImpl.invoke(DelegatingMethodAccessorImpl.java:43)
16:13:31.690 [pool-37-thread-1] INFO  f.i.l.c.t.SpecificationTestCasesListener - Tests run finished (1 ms)
<> Total tests run: 1
<> Ignored tests: 0
<> Failed tests: 1
~ test2(introclassJava.digits_f2997e14_000BlackboxTest)
[expected:<Enteraninteger>[67]8-9That'sall,haveani...> but was:<Enteraninteger>[-6-7-]8-9That'sall,haveani...>]
org.junit.ComparisonFailure: expected:<Enteraninteger>[67]8-9That'sall,haveani...> but was:<Enteraninteger>[-6-7-]8-9That'sall,haveani...>    at org.junit.Assert.assertEquals(Assert.java:115)
    at org.junit.Assert.assertEquals(Assert.java:144)
    at introclassJava.digits_f2997e14_000BlackboxTest.test2(digits_f2997e14_000BlackboxTest.java:23)
    at sun.reflect.NativeMethodAccessorImpl.invoke0(Native Method)
    at sun.reflect.NativeMethodAccessorImpl.invoke(NativeMethodAccessorImpl.java:62)
    at sun.reflect.DelegatingMethodAccessorImpl.invoke(DelegatingMethodAccessorImpl.java:43)

org.junit.ComparisonFailure: expected:<Enteraninteger>8[]That'sall,haveaniced...> but was:<Enteraninteger>8[0]That'sall,haveaniced...>
    at org.junit.Assert.assertEquals(Assert.java:115)
    at org.junit.Assert.assertEquals(Assert.java:144)
    at introclassJava.digits_f2997e14_000BlackboxTest.test4(digits_f2997e14_000BlackboxTest.java:40)
    at sun.reflect.NativeMethodAccessorImpl.invoke0(Native Method)
    at sun.reflect.NativeMethodAccessorImpl.invoke(NativeMethodAccessorImpl.java:62)
    at sun.reflect.DelegatingMethodAccessorImpl.invoke(DelegatingMethodAccessorImpl.java:43)
16:13:31.691 [pool-38-thread-1] INFO  f.i.l.c.t.SpecificationTestCasesListener - Tests run finished (1 ms)
<> Total tests run: 1
<> Ignored tests: 0
<> Failed tests: 1
~ test4(introclassJava.digits_f2997e14_000BlackboxTest)
[expected:<Enteraninteger>8[]That'sall,haveaniced...> but was:<Enteraninteger>8[0]That'sall,haveaniced...>]
org.junit.ComparisonFailure: expected:<Enteraninteger>8[]That'sall,haveaniced...> but was:<Enteraninteger>8[0]That'sall,haveaniced...>    at org.junit.Assert.assertEquals(Assert.java:115)
    at org.junit.Assert.assertEquals(Assert.java:144)
    at introclassJava.digits_f2997e14_000BlackboxTest.test4(digits_f2997e14_000BlackboxTest.java:40)
    at sun.reflect.NativeMethodAccessorImpl.invoke0(Native Method)
    at sun.reflect.NativeMethodAccessorImpl.invoke(NativeMethodAccessorImpl.java:62)
    at sun.reflect.DelegatingMethodAccessorImpl.invoke(DelegatingMethodAccessorImpl.java:43)

16:13:31.692 [pool-33-thread-1] DEBUG tests.output - Failing tests with false: 
[test2(introclassJava.digits_f2997e14_000BlackboxTest): expected:<Enteraninteger>[678]-9That'sall,haveanic...> but was:<Enteraninteger>[]-9That'sall,haveanic...>, test4(introclassJava.digits_f2997e14_000BlackboxTest): expected:<Enteraninteger>[8]That'sall,haveaniced...> but was:<Enteraninteger>[0]That'sall,haveaniced...>]
16:13:31.692 [pool-33-thread-1] DEBUG tests.output - Failing tests with true: 
[test2(introclassJava.digits_f2997e14_000BlackboxTest): expected:<Enteraninteger>[67]8-9That'sall,haveani...> but was:<Enteraninteger>[-6-7-]8-9That'sall,haveani...>, test4(introclassJava.digits_f2997e14_000BlackboxTest): expected:<Enteraninteger>8[]That'sall,haveaniced...> but was:<Enteraninteger>8[0]That'sall,haveaniced...>]
16:13:31.692 [pool-33-thread-1] INFO  f.i.l.r.n.synth.SMTNopolSynthesizer - Not enough specifications: 0. A trivial patch is "true" or "false", please write new tests specifying SourceLocation introclassJava.digits_f2997e14_000:70.
16:13:31.692 [pool-2-thread-1] DEBUG fr.inria.lille.repair.nopol.NoPol - statement #6
16:13:31.692 [pool-2-thread-1] DEBUG fr.inria.lille.repair.nopol.NoPol - Analysing SourceLocation introclassJava.digits_f2997e14_000:69 which is executed by 15 tests
-1272757752
16:13:31.736 [pool-2-thread-1] DEBUG fr.inria.lille.repair.nopol.NoPol - looking with class fr.inria.lille.repair.nopol.spoon.smt.ConditionalAdder
org.junit.ComparisonFailure: expected:<Enteraninteger>[67]8-9That'sall,haveani...> but was:<Enteraninteger>[-6-7-]8-9That'sall,haveani...>
    at org.junit.Assert.assertEquals(Assert.java:115)
    at org.junit.Assert.assertEquals(Assert.java:144)
    at introclassJava.digits_f2997e14_000BlackboxTest.test2(digits_f2997e14_000BlackboxTest.java:23)
    at sun.reflect.NativeMethodAccessorImpl.invoke0(Native Method)
    at sun.reflect.NativeMethodAccessorImpl.invoke(NativeMethodAccessorImpl.java:62)
    at sun.reflect.DelegatingMethodAccessorImpl.invoke(DelegatingMethodAccessorImpl.java:43)
org.junit.ComparisonFailure: expected:<Enteraninteger>8[]That'sall,haveaniced...> but was:<Enteraninteger>8[0]That'sall,haveaniced...>
    at org.junit.Assert.assertEquals(Assert.java:115)
    at org.junit.Assert.assertEquals(Assert.java:144)
    at introclassJava.digits_f2997e14_000BlackboxTest.test4(digits_f2997e14_000BlackboxTest.java:40)
    at sun.reflect.NativeMethodAccessorImpl.invoke0(Native Method)
    at sun.reflect.NativeMethodAccessorImpl.invoke(NativeMethodAccessorImpl.java:62)
    at sun.reflect.DelegatingMethodAccessorImpl.invoke(DelegatingMethodAccessorImpl.java:43)
org.junit.ComparisonFailure: expected:<Enteraninteger>[67]8-9That'sall,haveani...> but was:<Enteraninteger>[-6-7-]8-9That'sall,haveani...>
    at org.junit.Assert.assertEquals(Assert.java:115)
    at org.junit.Assert.assertEquals(Assert.java:144)
    at introclassJava.digits_f2997e14_000BlackboxTest.test2(digits_f2997e14_000BlackboxTest.java:23)
    at sun.reflect.NativeMethodAccessorImpl.invoke0(Native Method)
    at sun.reflect.NativeMethodAccessorImpl.invoke(NativeMethodAccessorImpl.java:62)
    at sun.reflect.DelegatingMethodAccessorImpl.invoke(DelegatingMethodAccessorImpl.java:43)
org.junit.ComparisonFailure: expected:<Enteraninteger>8[]That'sall,haveaniced...> but was:<Enteraninteger>8[0]That'sall,haveaniced...>
    at org.junit.Assert.assertEquals(Assert.java:115)
    at org.junit.Assert.assertEquals(Assert.java:144)
    at introclassJava.digits_f2997e14_000BlackboxTest.test4(digits_f2997e14_000BlackboxTest.java:40)
    at sun.reflect.NativeMethodAccessorImpl.invoke0(Native Method)
    at sun.reflect.NativeMethodAccessorImpl.invoke(NativeMethodAccessorImpl.java:62)
    at sun.reflect.DelegatingMethodAccessorImpl.invoke(DelegatingMethodAccessorImpl.java:43)
16:13:31.762 [pool-40-thread-1] INFO  xxl.java.junit.TestCasesListener - Tests run finished (24 ms)
<> Total tests run: 12
<> Ignored tests: 0
<> Failed tests: 4
~ test2(introclassJava.digits_f2997e14_000BlackboxTest)
[expected:<Enteraninteger>[67]8-9That'sall,haveani...> but was:<Enteraninteger>[-6-7-]8-9That'sall,haveani...>]
org.junit.ComparisonFailure: expected:<Enteraninteger>[67]8-9That'sall,haveani...> but was:<Enteraninteger>[-6-7-]8-9That'sall,haveani...>    at org.junit.Assert.assertEquals(Assert.java:115)
    at org.junit.Assert.assertEquals(Assert.java:144)
    at introclassJava.digits_f2997e14_000BlackboxTest.test2(digits_f2997e14_000BlackboxTest.java:23)
    at sun.reflect.NativeMethodAccessorImpl.invoke0(Native Method)
    at sun.reflect.NativeMethodAccessorImpl.invoke(NativeMethodAccessorImpl.java:62)
    at sun.reflect.DelegatingMethodAccessorImpl.invoke(DelegatingMethodAccessorImpl.java:43)
~ test4(introclassJava.digits_f2997e14_000BlackboxTest)
[expected:<Enteraninteger>8[]That'sall,haveaniced...> but was:<Enteraninteger>8[0]That'sall,haveaniced...>]
org.junit.ComparisonFailure: expected:<Enteraninteger>8[]That'sall,haveaniced...> but was:<Enteraninteger>8[0]That'sall,haveaniced...>    at org.junit.Assert.assertEquals(Assert.java:115)
    at org.junit.Assert.assertEquals(Assert.java:144)
    at introclassJava.digits_f2997e14_000BlackboxTest.test4(digits_f2997e14_000BlackboxTest.java:40)
    at sun.reflect.NativeMethodAccessorImpl.invoke0(Native Method)
    at sun.reflect.NativeMethodAccessorImpl.invoke(NativeMethodAccessorImpl.java:62)
    at sun.reflect.DelegatingMethodAccessorImpl.invoke(DelegatingMethodAccessorImpl.java:43)
~ test2(introclassJava.digits_f2997e14_000BlackboxTest)
[expected:<Enteraninteger>[67]8-9That'sall,haveani...> but was:<Enteraninteger>[-6-7-]8-9That'sall,haveani...>]
org.junit.ComparisonFailure: expected:<Enteraninteger>[67]8-9That'sall,haveani...> but was:<Enteraninteger>[-6-7-]8-9That'sall,haveani...>    at org.junit.Assert.assertEquals(Assert.java:115)
    at org.junit.Assert.assertEquals(Assert.java:144)
    at introclassJava.digits_f2997e14_000BlackboxTest.test2(digits_f2997e14_000BlackboxTest.java:23)
    at sun.reflect.NativeMethodAccessorImpl.invoke0(Native Method)
    at sun.reflect.NativeMethodAccessorImpl.invoke(NativeMethodAccessorImpl.java:62)
    at sun.reflect.DelegatingMethodAccessorImpl.invoke(DelegatingMethodAccessorImpl.java:43)
~ test4(introclassJava.digits_f2997e14_000BlackboxTest)
[expected:<Enteraninteger>8[]That'sall,haveaniced...> but was:<Enteraninteger>8[0]That'sall,haveaniced...>]
org.junit.ComparisonFailure: expected:<Enteraninteger>8[]That'sall,haveaniced...> but was:<Enteraninteger>8[0]That'sall,haveaniced...>    at org.junit.Assert.assertEquals(Assert.java:115)
    at org.junit.Assert.assertEquals(Assert.java:144)
    at introclassJava.digits_f2997e14_000BlackboxTest.test4(digits_f2997e14_000BlackboxTest.java:40)
    at sun.reflect.NativeMethodAccessorImpl.invoke0(Native Method)
    at sun.reflect.NativeMethodAccessorImpl.invoke(NativeMethodAccessorImpl.java:62)
    at sun.reflect.DelegatingMethodAccessorImpl.invoke(DelegatingMethodAccessorImpl.java:43)

org.junit.ComparisonFailure: expected:<Enteraninteger>[678]-9That'sall,haveanic...> but was:<Enteraninteger>[]-9That'sall,haveanic...>
    at org.junit.Assert.assertEquals(Assert.java:115)
    at org.junit.Assert.assertEquals(Assert.java:144)
    at introclassJava.digits_f2997e14_000BlackboxTest.test2(digits_f2997e14_000BlackboxTest.java:23)
    at sun.reflect.NativeMethodAccessorImpl.invoke0(Native Method)
    at sun.reflect.NativeMethodAccessorImpl.invoke(NativeMethodAccessorImpl.java:62)
    at sun.reflect.DelegatingMethodAccessorImpl.invoke(DelegatingMethodAccessorImpl.java:43)
16:13:31.876 [pool-41-thread-1] INFO  f.i.l.c.t.SpecificationTestCasesListener - Tests run finished (2 ms)
<> Total tests run: 1
<> Ignored tests: 0
<> Failed tests: 1
~ test2(introclassJava.digits_f2997e14_000BlackboxTest)
[expected:<Enteraninteger>[678]-9That'sall,haveanic...> but was:<Enteraninteger>[]-9That'sall,haveanic...>]
org.junit.ComparisonFailure: expected:<Enteraninteger>[678]-9That'sall,haveanic...> but was:<Enteraninteger>[]-9That'sall,haveanic...>    at org.junit.Assert.assertEquals(Assert.java:115)
    at org.junit.Assert.assertEquals(Assert.java:144)
    at introclassJava.digits_f2997e14_000BlackboxTest.test2(digits_f2997e14_000BlackboxTest.java:23)
    at sun.reflect.NativeMethodAccessorImpl.invoke0(Native Method)
    at sun.reflect.NativeMethodAccessorImpl.invoke(NativeMethodAccessorImpl.java:62)
    at sun.reflect.DelegatingMethodAccessorImpl.invoke(DelegatingMethodAccessorImpl.java:43)

org.junit.ComparisonFailure: expected:<Enteraninteger>[8]That'sall,haveaniced...> but was:<Enteraninteger>[0]That'sall,haveaniced...>
    at org.junit.Assert.assertEquals(Assert.java:115)
    at org.junit.Assert.assertEquals(Assert.java:144)
    at introclassJava.digits_f2997e14_000BlackboxTest.test4(digits_f2997e14_000BlackboxTest.java:40)
    at sun.reflect.NativeMethodAccessorImpl.invoke0(Native Method)
    at sun.reflect.NativeMethodAccessorImpl.invoke(NativeMethodAccessorImpl.java:62)
    at sun.reflect.DelegatingMethodAccessorImpl.invoke(DelegatingMethodAccessorImpl.java:43)
16:13:31.877 [pool-42-thread-1] INFO  f.i.l.c.t.SpecificationTestCasesListener - Tests run finished (1 ms)
<> Total tests run: 1
<> Ignored tests: 0
<> Failed tests: 1
~ test4(introclassJava.digits_f2997e14_000BlackboxTest)
[expected:<Enteraninteger>[8]That'sall,haveaniced...> but was:<Enteraninteger>[0]That'sall,haveaniced...>]
org.junit.ComparisonFailure: expected:<Enteraninteger>[8]That'sall,haveaniced...> but was:<Enteraninteger>[0]That'sall,haveaniced...>    at org.junit.Assert.assertEquals(Assert.java:115)
    at org.junit.Assert.assertEquals(Assert.java:144)
    at introclassJava.digits_f2997e14_000BlackboxTest.test4(digits_f2997e14_000BlackboxTest.java:40)
    at sun.reflect.NativeMethodAccessorImpl.invoke0(Native Method)
    at sun.reflect.NativeMethodAccessorImpl.invoke(NativeMethodAccessorImpl.java:62)
    at sun.reflect.DelegatingMethodAccessorImpl.invoke(DelegatingMethodAccessorImpl.java:43)

org.junit.ComparisonFailure: expected:<Enteraninteger>[67]8-9That'sall,haveani...> but was:<Enteraninteger>[-6-7-]8-9That'sall,haveani...>
    at org.junit.Assert.assertEquals(Assert.java:115)
    at org.junit.Assert.assertEquals(Assert.java:144)
    at introclassJava.digits_f2997e14_000BlackboxTest.test2(digits_f2997e14_000BlackboxTest.java:23)
    at sun.reflect.NativeMethodAccessorImpl.invoke0(Native Method)
    at sun.reflect.NativeMethodAccessorImpl.invoke(NativeMethodAccessorImpl.java:62)
    at sun.reflect.DelegatingMethodAccessorImpl.invoke(DelegatingMethodAccessorImpl.java:43)
16:13:31.878 [pool-43-thread-1] INFO  f.i.l.c.t.SpecificationTestCasesListener - Tests run finished (0 ms)
<> Total tests run: 1
<> Ignored tests: 0
<> Failed tests: 1
~ test2(introclassJava.digits_f2997e14_000BlackboxTest)
[expected:<Enteraninteger>[67]8-9That'sall,haveani...> but was:<Enteraninteger>[-6-7-]8-9That'sall,haveani...>]
org.junit.ComparisonFailure: expected:<Enteraninteger>[67]8-9That'sall,haveani...> but was:<Enteraninteger>[-6-7-]8-9That'sall,haveani...>    at org.junit.Assert.assertEquals(Assert.java:115)
    at org.junit.Assert.assertEquals(Assert.java:144)
    at introclassJava.digits_f2997e14_000BlackboxTest.test2(digits_f2997e14_000BlackboxTest.java:23)
    at sun.reflect.NativeMethodAccessorImpl.invoke0(Native Method)
    at sun.reflect.NativeMethodAccessorImpl.invoke(NativeMethodAccessorImpl.java:62)
    at sun.reflect.DelegatingMethodAccessorImpl.invoke(DelegatingMethodAccessorImpl.java:43)

org.junit.ComparisonFailure: expected:<Enteraninteger>8[]That'sall,haveaniced...> but was:<Enteraninteger>8[0]That'sall,haveaniced...>
    at org.junit.Assert.assertEquals(Assert.java:115)
    at org.junit.Assert.assertEquals(Assert.java:144)
    at introclassJava.digits_f2997e14_000BlackboxTest.test4(digits_f2997e14_000BlackboxTest.java:40)
    at sun.reflect.NativeMethodAccessorImpl.invoke0(Native Method)
    at sun.reflect.NativeMethodAccessorImpl.invoke(NativeMethodAccessorImpl.java:62)
    at sun.reflect.DelegatingMethodAccessorImpl.invoke(DelegatingMethodAccessorImpl.java:43)
16:13:31.879 [pool-44-thread-1] INFO  f.i.l.c.t.SpecificationTestCasesListener - Tests run finished (0 ms)
<> Total tests run: 1
<> Ignored tests: 0
<> Failed tests: 1
~ test4(introclassJava.digits_f2997e14_000BlackboxTest)
[expected:<Enteraninteger>8[]That'sall,haveaniced...> but was:<Enteraninteger>8[0]That'sall,haveaniced...>]
org.junit.ComparisonFailure: expected:<Enteraninteger>8[]That'sall,haveaniced...> but was:<Enteraninteger>8[0]That'sall,haveaniced...>    at org.junit.Assert.assertEquals(Assert.java:115)
    at org.junit.Assert.assertEquals(Assert.java:144)
    at introclassJava.digits_f2997e14_000BlackboxTest.test4(digits_f2997e14_000BlackboxTest.java:40)
    at sun.reflect.NativeMethodAccessorImpl.invoke0(Native Method)
    at sun.reflect.NativeMethodAccessorImpl.invoke(NativeMethodAccessorImpl.java:62)
    at sun.reflect.DelegatingMethodAccessorImpl.invoke(DelegatingMethodAccessorImpl.java:43)

16:13:31.880 [pool-39-thread-1] DEBUG tests.output - Failing tests with false: 
[test2(introclassJava.digits_f2997e14_000BlackboxTest): expected:<Enteraninteger>[678]-9That'sall,haveanic...> but was:<Enteraninteger>[]-9That'sall,haveanic...>, test4(introclassJava.digits_f2997e14_000BlackboxTest): expected:<Enteraninteger>[8]That'sall,haveaniced...> but was:<Enteraninteger>[0]That'sall,haveaniced...>]
16:13:31.880 [pool-39-thread-1] DEBUG tests.output - Failing tests with true: 
[test2(introclassJava.digits_f2997e14_000BlackboxTest): expected:<Enteraninteger>[67]8-9That'sall,haveani...> but was:<Enteraninteger>[-6-7-]8-9That'sall,haveani...>, test4(introclassJava.digits_f2997e14_000BlackboxTest): expected:<Enteraninteger>8[]That'sall,haveaniced...> but was:<Enteraninteger>8[0]That'sall,haveaniced...>]
16:13:31.880 [pool-39-thread-1] INFO  f.i.l.r.n.synth.SMTNopolSynthesizer - Not enough specifications: 0. A trivial patch is "true" or "false", please write new tests specifying SourceLocation introclassJava.digits_f2997e14_000:69.
16:13:31.880 [pool-2-thread-1] DEBUG fr.inria.lille.repair.nopol.NoPol - looking with class fr.inria.lille.repair.nopol.spoon.smt.ConditionalReplacer
org.junit.ComparisonFailure: expected:<Enteraninteger>[67]8-9That'sall,haveani...> but was:<Enteraninteger>[-6-7-]8-9That'sall,haveani...>
    at org.junit.Assert.assertEquals(Assert.java:115)
    at org.junit.Assert.assertEquals(Assert.java:144)
    at introclassJava.digits_f2997e14_000BlackboxTest.test2(digits_f2997e14_000BlackboxTest.java:23)
    at sun.reflect.NativeMethodAccessorImpl.invoke0(Native Method)
    at sun.reflect.NativeMethodAccessorImpl.invoke(NativeMethodAccessorImpl.java:62)
    at sun.reflect.DelegatingMethodAccessorImpl.invoke(DelegatingMethodAccessorImpl.java:43)
org.junit.ComparisonFailure: expected:<Enteraninteger>8[]That'sall,haveaniced...> but was:<Enteraninteger>8[0]That'sall,haveaniced...>
    at org.junit.Assert.assertEquals(Assert.java:115)
    at org.junit.Assert.assertEquals(Assert.java:144)
    at introclassJava.digits_f2997e14_000BlackboxTest.test4(digits_f2997e14_000BlackboxTest.java:40)
    at sun.reflect.NativeMethodAccessorImpl.invoke0(Native Method)
    at sun.reflect.NativeMethodAccessorImpl.invoke(NativeMethodAccessorImpl.java:62)
    at sun.reflect.DelegatingMethodAccessorImpl.invoke(DelegatingMethodAccessorImpl.java:43)
org.junit.ComparisonFailure: expected:<Enteraninteger>[67]8-9That'sall,haveani...> but was:<Enteraninteger>[-6-7-]8-9That'sall,haveani...>
    at org.junit.Assert.assertEquals(Assert.java:115)
    at org.junit.Assert.assertEquals(Assert.java:144)
    at introclassJava.digits_f2997e14_000BlackboxTest.test2(digits_f2997e14_000BlackboxTest.java:23)
    at sun.reflect.NativeMethodAccessorImpl.invoke0(Native Method)
    at sun.reflect.NativeMethodAccessorImpl.invoke(NativeMethodAccessorImpl.java:62)
    at sun.reflect.DelegatingMethodAccessorImpl.invoke(DelegatingMethodAccessorImpl.java:43)
org.junit.ComparisonFailure: expected:<Enteraninteger>8[]That'sall,haveaniced...> but was:<Enteraninteger>8[0]That'sall,haveaniced...>
    at org.junit.Assert.assertEquals(Assert.java:115)
    at org.junit.Assert.assertEquals(Assert.java:144)
    at introclassJava.digits_f2997e14_000BlackboxTest.test4(digits_f2997e14_000BlackboxTest.java:40)
    at sun.reflect.NativeMethodAccessorImpl.invoke0(Native Method)
    at sun.reflect.NativeMethodAccessorImpl.invoke(NativeMethodAccessorImpl.java:62)
    at sun.reflect.DelegatingMethodAccessorImpl.invoke(DelegatingMethodAccessorImpl.java:43)
16:13:31.889 [pool-46-thread-1] INFO  xxl.java.junit.TestCasesListener - Tests run finished (7 ms)
<> Total tests run: 12
<> Ignored tests: 0
<> Failed tests: 4
~ test2(introclassJava.digits_f2997e14_000BlackboxTest)
[expected:<Enteraninteger>[67]8-9That'sall,haveani...> but was:<Enteraninteger>[-6-7-]8-9That'sall,haveani...>]
org.junit.ComparisonFailure: expected:<Enteraninteger>[67]8-9That'sall,haveani...> but was:<Enteraninteger>[-6-7-]8-9That'sall,haveani...>    at org.junit.Assert.assertEquals(Assert.java:115)
    at org.junit.Assert.assertEquals(Assert.java:144)
    at introclassJava.digits_f2997e14_000BlackboxTest.test2(digits_f2997e14_000BlackboxTest.java:23)
    at sun.reflect.NativeMethodAccessorImpl.invoke0(Native Method)
    at sun.reflect.NativeMethodAccessorImpl.invoke(NativeMethodAccessorImpl.java:62)
    at sun.reflect.DelegatingMethodAccessorImpl.invoke(DelegatingMethodAccessorImpl.java:43)
~ test4(introclassJava.digits_f2997e14_000BlackboxTest)
[expected:<Enteraninteger>8[]That'sall,haveaniced...> but was:<Enteraninteger>8[0]That'sall,haveaniced...>]
org.junit.ComparisonFailure: expected:<Enteraninteger>8[]That'sall,haveaniced...> but was:<Enteraninteger>8[0]That'sall,haveaniced...>    at org.junit.Assert.assertEquals(Assert.java:115)
    at org.junit.Assert.assertEquals(Assert.java:144)
    at introclassJava.digits_f2997e14_000BlackboxTest.test4(digits_f2997e14_000BlackboxTest.java:40)
    at sun.reflect.NativeMethodAccessorImpl.invoke0(Native Method)
    at sun.reflect.NativeMethodAccessorImpl.invoke(NativeMethodAccessorImpl.java:62)
    at sun.reflect.DelegatingMethodAccessorImpl.invoke(DelegatingMethodAccessorImpl.java:43)
~ test2(introclassJava.digits_f2997e14_000BlackboxTest)
[expected:<Enteraninteger>[67]8-9That'sall,haveani...> but was:<Enteraninteger>[-6-7-]8-9That'sall,haveani...>]
org.junit.ComparisonFailure: expected:<Enteraninteger>[67]8-9That'sall,haveani...> but was:<Enteraninteger>[-6-7-]8-9That'sall,haveani...>    at org.junit.Assert.assertEquals(Assert.java:115)
    at org.junit.Assert.assertEquals(Assert.java:144)
    at introclassJava.digits_f2997e14_000BlackboxTest.test2(digits_f2997e14_000BlackboxTest.java:23)
    at sun.reflect.NativeMethodAccessorImpl.invoke0(Native Method)
    at sun.reflect.NativeMethodAccessorImpl.invoke(NativeMethodAccessorImpl.java:62)
    at sun.reflect.DelegatingMethodAccessorImpl.invoke(DelegatingMethodAccessorImpl.java:43)
~ test4(introclassJava.digits_f2997e14_000BlackboxTest)
[expected:<Enteraninteger>8[]That'sall,haveaniced...> but was:<Enteraninteger>8[0]That'sall,haveaniced...>]
org.junit.ComparisonFailure: expected:<Enteraninteger>8[]That'sall,haveaniced...> but was:<Enteraninteger>8[0]That'sall,haveaniced...>    at org.junit.Assert.assertEquals(Assert.java:115)
    at org.junit.Assert.assertEquals(Assert.java:144)
    at introclassJava.digits_f2997e14_000BlackboxTest.test4(digits_f2997e14_000BlackboxTest.java:40)
    at sun.reflect.NativeMethodAccessorImpl.invoke0(Native Method)
    at sun.reflect.NativeMethodAccessorImpl.invoke(NativeMethodAccessorImpl.java:62)
    at sun.reflect.DelegatingMethodAccessorImpl.invoke(DelegatingMethodAccessorImpl.java:43)

org.junit.ComparisonFailure: expected:<Enteraninteger>[678]-9That'sall,haveanic...> but was:<Enteraninteger>[]-9That'sall,haveanic...>
    at org.junit.Assert.assertEquals(Assert.java:115)
    at org.junit.Assert.assertEquals(Assert.java:144)
    at introclassJava.digits_f2997e14_000BlackboxTest.test2(digits_f2997e14_000BlackboxTest.java:23)
    at sun.reflect.NativeMethodAccessorImpl.invoke0(Native Method)
    at sun.reflect.NativeMethodAccessorImpl.invoke(NativeMethodAccessorImpl.java:62)
    at sun.reflect.DelegatingMethodAccessorImpl.invoke(DelegatingMethodAccessorImpl.java:43)
16:13:31.979 [pool-47-thread-1] INFO  f.i.l.c.t.SpecificationTestCasesListener - Tests run finished (3 ms)
<> Total tests run: 1
<> Ignored tests: 0
<> Failed tests: 1
~ test2(introclassJava.digits_f2997e14_000BlackboxTest)
[expected:<Enteraninteger>[678]-9That'sall,haveanic...> but was:<Enteraninteger>[]-9That'sall,haveanic...>]
org.junit.ComparisonFailure: expected:<Enteraninteger>[678]-9That'sall,haveanic...> but was:<Enteraninteger>[]-9That'sall,haveanic...>    at org.junit.Assert.assertEquals(Assert.java:115)
    at org.junit.Assert.assertEquals(Assert.java:144)
    at introclassJava.digits_f2997e14_000BlackboxTest.test2(digits_f2997e14_000BlackboxTest.java:23)
    at sun.reflect.NativeMethodAccessorImpl.invoke0(Native Method)
    at sun.reflect.NativeMethodAccessorImpl.invoke(NativeMethodAccessorImpl.java:62)
    at sun.reflect.DelegatingMethodAccessorImpl.invoke(DelegatingMethodAccessorImpl.java:43)

org.junit.ComparisonFailure: expected:<Enteraninteger>[8]That'sall,haveaniced...> but was:<Enteraninteger>[0]That'sall,haveaniced...>
    at org.junit.Assert.assertEquals(Assert.java:115)
    at org.junit.Assert.assertEquals(Assert.java:144)
    at introclassJava.digits_f2997e14_000BlackboxTest.test4(digits_f2997e14_000BlackboxTest.java:40)
    at sun.reflect.NativeMethodAccessorImpl.invoke0(Native Method)
    at sun.reflect.NativeMethodAccessorImpl.invoke(NativeMethodAccessorImpl.java:62)
    at sun.reflect.DelegatingMethodAccessorImpl.invoke(DelegatingMethodAccessorImpl.java:43)
16:13:31.980 [pool-48-thread-1] INFO  f.i.l.c.t.SpecificationTestCasesListener - Tests run finished (1 ms)
<> Total tests run: 1
<> Ignored tests: 0
<> Failed tests: 1
~ test4(introclassJava.digits_f2997e14_000BlackboxTest)
[expected:<Enteraninteger>[8]That'sall,haveaniced...> but was:<Enteraninteger>[0]That'sall,haveaniced...>]
org.junit.ComparisonFailure: expected:<Enteraninteger>[8]That'sall,haveaniced...> but was:<Enteraninteger>[0]That'sall,haveaniced...>    at org.junit.Assert.assertEquals(Assert.java:115)
    at org.junit.Assert.assertEquals(Assert.java:144)
    at introclassJava.digits_f2997e14_000BlackboxTest.test4(digits_f2997e14_000BlackboxTest.java:40)
    at sun.reflect.NativeMethodAccessorImpl.invoke0(Native Method)
    at sun.reflect.NativeMethodAccessorImpl.invoke(NativeMethodAccessorImpl.java:62)
    at sun.reflect.DelegatingMethodAccessorImpl.invoke(DelegatingMethodAccessorImpl.java:43)

org.junit.ComparisonFailure: expected:<Enteraninteger>[67]8-9That'sall,haveani...> but was:<Enteraninteger>[-6-7-]8-9That'sall,haveani...>
    at org.junit.Assert.assertEquals(Assert.java:115)
    at org.junit.Assert.assertEquals(Assert.java:144)
    at introclassJava.digits_f2997e14_000BlackboxTest.test2(digits_f2997e14_000BlackboxTest.java:23)
    at sun.reflect.NativeMethodAccessorImpl.invoke0(Native Method)
    at sun.reflect.NativeMethodAccessorImpl.invoke(NativeMethodAccessorImpl.java:62)
    at sun.reflect.DelegatingMethodAccessorImpl.invoke(DelegatingMethodAccessorImpl.java:43)
16:13:31.981 [pool-49-thread-1] INFO  f.i.l.c.t.SpecificationTestCasesListener - Tests run finished (0 ms)
<> Total tests run: 1
<> Ignored tests: 0
<> Failed tests: 1
~ test2(introclassJava.digits_f2997e14_000BlackboxTest)
[expected:<Enteraninteger>[67]8-9That'sall,haveani...> but was:<Enteraninteger>[-6-7-]8-9That'sall,haveani...>]
org.junit.ComparisonFailure: expected:<Enteraninteger>[67]8-9That'sall,haveani...> but was:<Enteraninteger>[-6-7-]8-9That'sall,haveani...>    at org.junit.Assert.assertEquals(Assert.java:115)
    at org.junit.Assert.assertEquals(Assert.java:144)
    at introclassJava.digits_f2997e14_000BlackboxTest.test2(digits_f2997e14_000BlackboxTest.java:23)
    at sun.reflect.NativeMethodAccessorImpl.invoke0(Native Method)
    at sun.reflect.NativeMethodAccessorImpl.invoke(NativeMethodAccessorImpl.java:62)
    at sun.reflect.DelegatingMethodAccessorImpl.invoke(DelegatingMethodAccessorImpl.java:43)

org.junit.ComparisonFailure: expected:<Enteraninteger>8[]That'sall,haveaniced...> but was:<Enteraninteger>8[0]That'sall,haveaniced...>
    at org.junit.Assert.assertEquals(Assert.java:115)
    at org.junit.Assert.assertEquals(Assert.java:144)
    at introclassJava.digits_f2997e14_000BlackboxTest.test4(digits_f2997e14_000BlackboxTest.java:40)
    at sun.reflect.NativeMethodAccessorImpl.invoke0(Native Method)
    at sun.reflect.NativeMethodAccessorImpl.invoke(NativeMethodAccessorImpl.java:62)
    at sun.reflect.DelegatingMethodAccessorImpl.invoke(DelegatingMethodAccessorImpl.java:43)
16:13:31.982 [pool-50-thread-1] INFO  f.i.l.c.t.SpecificationTestCasesListener - Tests run finished (0 ms)
<> Total tests run: 1
<> Ignored tests: 0
<> Failed tests: 1
~ test4(introclassJava.digits_f2997e14_000BlackboxTest)
[expected:<Enteraninteger>8[]That'sall,haveaniced...> but was:<Enteraninteger>8[0]That'sall,haveaniced...>]
org.junit.ComparisonFailure: expected:<Enteraninteger>8[]That'sall,haveaniced...> but was:<Enteraninteger>8[0]That'sall,haveaniced...>    at org.junit.Assert.assertEquals(Assert.java:115)
    at org.junit.Assert.assertEquals(Assert.java:144)
    at introclassJava.digits_f2997e14_000BlackboxTest.test4(digits_f2997e14_000BlackboxTest.java:40)
    at sun.reflect.NativeMethodAccessorImpl.invoke0(Native Method)
    at sun.reflect.NativeMethodAccessorImpl.invoke(NativeMethodAccessorImpl.java:62)
    at sun.reflect.DelegatingMethodAccessorImpl.invoke(DelegatingMethodAccessorImpl.java:43)

16:13:31.983 [pool-45-thread-1] DEBUG tests.output - Failing tests with false: 
[test2(introclassJava.digits_f2997e14_000BlackboxTest): expected:<Enteraninteger>[678]-9That'sall,haveanic...> but was:<Enteraninteger>[]-9That'sall,haveanic...>, test4(introclassJava.digits_f2997e14_000BlackboxTest): expected:<Enteraninteger>[8]That'sall,haveaniced...> but was:<Enteraninteger>[0]That'sall,haveaniced...>]
16:13:31.983 [pool-45-thread-1] DEBUG tests.output - Failing tests with true: 
[test2(introclassJava.digits_f2997e14_000BlackboxTest): expected:<Enteraninteger>[67]8-9That'sall,haveani...> but was:<Enteraninteger>[-6-7-]8-9That'sall,haveani...>, test4(introclassJava.digits_f2997e14_000BlackboxTest): expected:<Enteraninteger>8[]That'sall,haveaniced...> but was:<Enteraninteger>8[0]That'sall,haveaniced...>]
16:13:31.983 [pool-45-thread-1] INFO  f.i.l.r.n.synth.SMTNopolSynthesizer - Not enough specifications: 0. A trivial patch is "true" or "false", please write new tests specifying SourceLocation introclassJava.digits_f2997e14_000:69.
16:13:31.983 [pool-2-thread-1] DEBUG fr.inria.lille.repair.nopol.NoPol - statement #7
16:13:31.983 [pool-2-thread-1] DEBUG fr.inria.lille.repair.nopol.NoPol - Analysing SourceLocation introclassJava.digits_f2997e14_000:80 which is executed by 16 tests
-1272757752
16:13:32.026 [pool-2-thread-1] DEBUG fr.inria.lille.repair.nopol.NoPol - looking with class fr.inria.lille.repair.nopol.spoon.smt.ConditionalAdder
org.junit.ComparisonFailure: expected:<Enteraninteger>[67]8-9That'sall,haveani...> but was:<Enteraninteger>[-6-7-]8-9That'sall,haveani...>
    at org.junit.Assert.assertEquals(Assert.java:115)
    at org.junit.Assert.assertEquals(Assert.java:144)
    at introclassJava.digits_f2997e14_000BlackboxTest.test2(digits_f2997e14_000BlackboxTest.java:23)
    at sun.reflect.NativeMethodAccessorImpl.invoke0(Native Method)
    at sun.reflect.NativeMethodAccessorImpl.invoke(NativeMethodAccessorImpl.java:62)
    at sun.reflect.DelegatingMethodAccessorImpl.invoke(DelegatingMethodAccessorImpl.java:43)
org.junit.ComparisonFailure: expected:<Enteraninteger>8[]That'sall,haveaniced...> but was:<Enteraninteger>8[0]That'sall,haveaniced...>
    at org.junit.Assert.assertEquals(Assert.java:115)
    at org.junit.Assert.assertEquals(Assert.java:144)
    at introclassJava.digits_f2997e14_000BlackboxTest.test4(digits_f2997e14_000BlackboxTest.java:40)
    at sun.reflect.NativeMethodAccessorImpl.invoke0(Native Method)
    at sun.reflect.NativeMethodAccessorImpl.invoke(NativeMethodAccessorImpl.java:62)
    at sun.reflect.DelegatingMethodAccessorImpl.invoke(DelegatingMethodAccessorImpl.java:43)
org.junit.ComparisonFailure: expected:<Enteraninteger>[67]8-9That'sall,haveani...> but was:<Enteraninteger>[-6-7-]8-9That'sall,haveani...>
    at org.junit.Assert.assertEquals(Assert.java:115)
    at org.junit.Assert.assertEquals(Assert.java:144)
    at introclassJava.digits_f2997e14_000BlackboxTest.test2(digits_f2997e14_000BlackboxTest.java:23)
    at sun.reflect.NativeMethodAccessorImpl.invoke0(Native Method)
    at sun.reflect.NativeMethodAccessorImpl.invoke(NativeMethodAccessorImpl.java:62)
    at sun.reflect.DelegatingMethodAccessorImpl.invoke(DelegatingMethodAccessorImpl.java:43)
org.junit.ComparisonFailure: expected:<Enteraninteger>8[]That'sall,haveaniced...> but was:<Enteraninteger>8[0]That'sall,haveaniced...>
    at org.junit.Assert.assertEquals(Assert.java:115)
    at org.junit.Assert.assertEquals(Assert.java:144)
    at introclassJava.digits_f2997e14_000BlackboxTest.test4(digits_f2997e14_000BlackboxTest.java:40)
    at sun.reflect.NativeMethodAccessorImpl.invoke0(Native Method)
    at sun.reflect.NativeMethodAccessorImpl.invoke(NativeMethodAccessorImpl.java:62)
    at sun.reflect.DelegatingMethodAccessorImpl.invoke(DelegatingMethodAccessorImpl.java:43)
16:13:32.034 [pool-52-thread-1] INFO  xxl.java.junit.TestCasesListener - Tests run finished (6 ms)
<> Total tests run: 12
<> Ignored tests: 0
<> Failed tests: 4
~ test2(introclassJava.digits_f2997e14_000BlackboxTest)
[expected:<Enteraninteger>[67]8-9That'sall,haveani...> but was:<Enteraninteger>[-6-7-]8-9That'sall,haveani...>]
org.junit.ComparisonFailure: expected:<Enteraninteger>[67]8-9That'sall,haveani...> but was:<Enteraninteger>[-6-7-]8-9That'sall,haveani...>    at org.junit.Assert.assertEquals(Assert.java:115)
    at org.junit.Assert.assertEquals(Assert.java:144)
    at introclassJava.digits_f2997e14_000BlackboxTest.test2(digits_f2997e14_000BlackboxTest.java:23)
    at sun.reflect.NativeMethodAccessorImpl.invoke0(Native Method)
    at sun.reflect.NativeMethodAccessorImpl.invoke(NativeMethodAccessorImpl.java:62)
    at sun.reflect.DelegatingMethodAccessorImpl.invoke(DelegatingMethodAccessorImpl.java:43)
~ test4(introclassJava.digits_f2997e14_000BlackboxTest)
[expected:<Enteraninteger>8[]That'sall,haveaniced...> but was:<Enteraninteger>8[0]That'sall,haveaniced...>]
org.junit.ComparisonFailure: expected:<Enteraninteger>8[]That'sall,haveaniced...> but was:<Enteraninteger>8[0]That'sall,haveaniced...>    at org.junit.Assert.assertEquals(Assert.java:115)
    at org.junit.Assert.assertEquals(Assert.java:144)
    at introclassJava.digits_f2997e14_000BlackboxTest.test4(digits_f2997e14_000BlackboxTest.java:40)
    at sun.reflect.NativeMethodAccessorImpl.invoke0(Native Method)
    at sun.reflect.NativeMethodAccessorImpl.invoke(NativeMethodAccessorImpl.java:62)
    at sun.reflect.DelegatingMethodAccessorImpl.invoke(DelegatingMethodAccessorImpl.java:43)
~ test2(introclassJava.digits_f2997e14_000BlackboxTest)
[expected:<Enteraninteger>[67]8-9That'sall,haveani...> but was:<Enteraninteger>[-6-7-]8-9That'sall,haveani...>]
org.junit.ComparisonFailure: expected:<Enteraninteger>[67]8-9That'sall,haveani...> but was:<Enteraninteger>[-6-7-]8-9That'sall,haveani...>    at org.junit.Assert.assertEquals(Assert.java:115)
    at org.junit.Assert.assertEquals(Assert.java:144)
    at introclassJava.digits_f2997e14_000BlackboxTest.test2(digits_f2997e14_000BlackboxTest.java:23)
    at sun.reflect.NativeMethodAccessorImpl.invoke0(Native Method)
    at sun.reflect.NativeMethodAccessorImpl.invoke(NativeMethodAccessorImpl.java:62)
    at sun.reflect.DelegatingMethodAccessorImpl.invoke(DelegatingMethodAccessorImpl.java:43)
~ test4(introclassJava.digits_f2997e14_000BlackboxTest)
[expected:<Enteraninteger>8[]That'sall,haveaniced...> but was:<Enteraninteger>8[0]That'sall,haveaniced...>]
org.junit.ComparisonFailure: expected:<Enteraninteger>8[]That'sall,haveaniced...> but was:<Enteraninteger>8[0]That'sall,haveaniced...>    at org.junit.Assert.assertEquals(Assert.java:115)
    at org.junit.Assert.assertEquals(Assert.java:144)
    at introclassJava.digits_f2997e14_000BlackboxTest.test4(digits_f2997e14_000BlackboxTest.java:40)
    at sun.reflect.NativeMethodAccessorImpl.invoke0(Native Method)
    at sun.reflect.NativeMethodAccessorImpl.invoke(NativeMethodAccessorImpl.java:62)
    at sun.reflect.DelegatingMethodAccessorImpl.invoke(DelegatingMethodAccessorImpl.java:43)

org.junit.ComparisonFailure: expected:<Enteraninteger>[67]8-9That'sall,haveani...> but was:<Enteraninteger>[-6-7-]8-9That'sall,haveani...>
    at org.junit.Assert.assertEquals(Assert.java:115)
    at org.junit.Assert.assertEquals(Assert.java:144)
    at introclassJava.digits_f2997e14_000BlackboxTest.test2(digits_f2997e14_000BlackboxTest.java:23)
    at sun.reflect.NativeMethodAccessorImpl.invoke0(Native Method)
    at sun.reflect.NativeMethodAccessorImpl.invoke(NativeMethodAccessorImpl.java:62)
    at sun.reflect.DelegatingMethodAccessorImpl.invoke(DelegatingMethodAccessorImpl.java:43)
16:13:32.110 [pool-53-thread-1] INFO  f.i.l.c.t.SpecificationTestCasesListener - Tests run finished (2 ms)
<> Total tests run: 1
<> Ignored tests: 0
<> Failed tests: 1
~ test2(introclassJava.digits_f2997e14_000BlackboxTest)
[expected:<Enteraninteger>[67]8-9That'sall,haveani...> but was:<Enteraninteger>[-6-7-]8-9That'sall,haveani...>]
org.junit.ComparisonFailure: expected:<Enteraninteger>[67]8-9That'sall,haveani...> but was:<Enteraninteger>[-6-7-]8-9That'sall,haveani...>    at org.junit.Assert.assertEquals(Assert.java:115)
    at org.junit.Assert.assertEquals(Assert.java:144)
    at introclassJava.digits_f2997e14_000BlackboxTest.test2(digits_f2997e14_000BlackboxTest.java:23)
    at sun.reflect.NativeMethodAccessorImpl.invoke0(Native Method)
    at sun.reflect.NativeMethodAccessorImpl.invoke(NativeMethodAccessorImpl.java:62)
    at sun.reflect.DelegatingMethodAccessorImpl.invoke(DelegatingMethodAccessorImpl.java:43)

org.junit.ComparisonFailure: expected:<Enteraninteger>8[]That'sall,haveaniced...> but was:<Enteraninteger>8[0]That'sall,haveaniced...>
    at org.junit.Assert.assertEquals(Assert.java:115)
    at org.junit.Assert.assertEquals(Assert.java:144)
    at introclassJava.digits_f2997e14_000BlackboxTest.test4(digits_f2997e14_000BlackboxTest.java:40)
    at sun.reflect.NativeMethodAccessorImpl.invoke0(Native Method)
    at sun.reflect.NativeMethodAccessorImpl.invoke(NativeMethodAccessorImpl.java:62)
    at sun.reflect.DelegatingMethodAccessorImpl.invoke(DelegatingMethodAccessorImpl.java:43)
16:13:32.112 [pool-54-thread-1] INFO  f.i.l.c.t.SpecificationTestCasesListener - Tests run finished (0 ms)
<> Total tests run: 1
<> Ignored tests: 0
<> Failed tests: 1
~ test4(introclassJava.digits_f2997e14_000BlackboxTest)
[expected:<Enteraninteger>8[]That'sall,haveaniced...> but was:<Enteraninteger>8[0]That'sall,haveaniced...>]
org.junit.ComparisonFailure: expected:<Enteraninteger>8[]That'sall,haveaniced...> but was:<Enteraninteger>8[0]That'sall,haveaniced...>    at org.junit.Assert.assertEquals(Assert.java:115)
    at org.junit.Assert.assertEquals(Assert.java:144)
    at introclassJava.digits_f2997e14_000BlackboxTest.test4(digits_f2997e14_000BlackboxTest.java:40)
    at sun.reflect.NativeMethodAccessorImpl.invoke0(Native Method)
    at sun.reflect.NativeMethodAccessorImpl.invoke(NativeMethodAccessorImpl.java:62)
    at sun.reflect.DelegatingMethodAccessorImpl.invoke(DelegatingMethodAccessorImpl.java:43)

org.junit.ComparisonFailure: expected:<Enteraninteger>[67]8-9That'sall,haveani...> but was:<Enteraninteger>[-6-7-]8-9That'sall,haveani...>
    at org.junit.Assert.assertEquals(Assert.java:115)
    at org.junit.Assert.assertEquals(Assert.java:144)
    at introclassJava.digits_f2997e14_000BlackboxTest.test2(digits_f2997e14_000BlackboxTest.java:23)
    at sun.reflect.NativeMethodAccessorImpl.invoke0(Native Method)
    at sun.reflect.NativeMethodAccessorImpl.invoke(NativeMethodAccessorImpl.java:62)
    at sun.reflect.DelegatingMethodAccessorImpl.invoke(DelegatingMethodAccessorImpl.java:43)
16:13:32.113 [pool-55-thread-1] INFO  f.i.l.c.t.SpecificationTestCasesListener - Tests run finished (1 ms)
<> Total tests run: 1
<> Ignored tests: 0
<> Failed tests: 1
~ test2(introclassJava.digits_f2997e14_000BlackboxTest)
[expected:<Enteraninteger>[67]8-9That'sall,haveani...> but was:<Enteraninteger>[-6-7-]8-9That'sall,haveani...>]
org.junit.ComparisonFailure: expected:<Enteraninteger>[67]8-9That'sall,haveani...> but was:<Enteraninteger>[-6-7-]8-9That'sall,haveani...>    at org.junit.Assert.assertEquals(Assert.java:115)
    at org.junit.Assert.assertEquals(Assert.java:144)
    at introclassJava.digits_f2997e14_000BlackboxTest.test2(digits_f2997e14_000BlackboxTest.java:23)
    at sun.reflect.NativeMethodAccessorImpl.invoke0(Native Method)
    at sun.reflect.NativeMethodAccessorImpl.invoke(NativeMethodAccessorImpl.java:62)
    at sun.reflect.DelegatingMethodAccessorImpl.invoke(DelegatingMethodAccessorImpl.java:43)

org.junit.ComparisonFailure: expected:<Enteraninteger>8[]That'sall,haveaniced...> but was:<Enteraninteger>8[0]That'sall,haveaniced...>
    at org.junit.Assert.assertEquals(Assert.java:115)
    at org.junit.Assert.assertEquals(Assert.java:144)
    at introclassJava.digits_f2997e14_000BlackboxTest.test4(digits_f2997e14_000BlackboxTest.java:40)
    at sun.reflect.NativeMethodAccessorImpl.invoke0(Native Method)
    at sun.reflect.NativeMethodAccessorImpl.invoke(NativeMethodAccessorImpl.java:62)
    at sun.reflect.DelegatingMethodAccessorImpl.invoke(DelegatingMethodAccessorImpl.java:43)
16:13:32.114 [pool-56-thread-1] INFO  f.i.l.c.t.SpecificationTestCasesListener - Tests run finished (1 ms)
<> Total tests run: 1
<> Ignored tests: 0
<> Failed tests: 1
~ test4(introclassJava.digits_f2997e14_000BlackboxTest)
[expected:<Enteraninteger>8[]That'sall,haveaniced...> but was:<Enteraninteger>8[0]That'sall,haveaniced...>]
org.junit.ComparisonFailure: expected:<Enteraninteger>8[]That'sall,haveaniced...> but was:<Enteraninteger>8[0]That'sall,haveaniced...>    at org.junit.Assert.assertEquals(Assert.java:115)
    at org.junit.Assert.assertEquals(Assert.java:144)
    at introclassJava.digits_f2997e14_000BlackboxTest.test4(digits_f2997e14_000BlackboxTest.java:40)
    at sun.reflect.NativeMethodAccessorImpl.invoke0(Native Method)
    at sun.reflect.NativeMethodAccessorImpl.invoke(NativeMethodAccessorImpl.java:62)
    at sun.reflect.DelegatingMethodAccessorImpl.invoke(DelegatingMethodAccessorImpl.java:43)

16:13:32.114 [pool-51-thread-1] DEBUG tests.output - Failing tests with false: 
[test2(introclassJava.digits_f2997e14_000BlackboxTest): expected:<Enteraninteger>[67]8-9That'sall,haveani...> but was:<Enteraninteger>[-6-7-]8-9That'sall,haveani...>, test4(introclassJava.digits_f2997e14_000BlackboxTest): expected:<Enteraninteger>8[]That'sall,haveaniced...> but was:<Enteraninteger>8[0]That'sall,haveaniced...>]
16:13:32.114 [pool-51-thread-1] DEBUG tests.output - Failing tests with true: 
[test2(introclassJava.digits_f2997e14_000BlackboxTest): expected:<Enteraninteger>[67]8-9That'sall,haveani...> but was:<Enteraninteger>[-6-7-]8-9That'sall,haveani...>, test4(introclassJava.digits_f2997e14_000BlackboxTest): expected:<Enteraninteger>8[]That'sall,haveaniced...> but was:<Enteraninteger>8[0]That'sall,haveaniced...>]
16:13:32.114 [pool-51-thread-1] INFO  f.i.l.r.n.synth.SMTNopolSynthesizer - Not enough specifications: 0. A trivial patch is "true" or "false", please write new tests specifying SourceLocation introclassJava.digits_f2997e14_000:80.
16:13:32.114 [pool-2-thread-1] DEBUG fr.inria.lille.repair.nopol.NoPol - statement #8
16:13:32.115 [pool-2-thread-1] DEBUG fr.inria.lille.repair.nopol.NoPol - Analysing SourceLocation introclassJava.digits_f2997e14_000:78 which is executed by 16 tests
-1272757752
16:13:32.156 [pool-2-thread-1] DEBUG fr.inria.lille.repair.nopol.NoPol - looking with class fr.inria.lille.repair.nopol.spoon.smt.ConditionalAdder
org.junit.ComparisonFailure: expected:<Enteraninteger>[67]8-9That'sall,haveani...> but was:<Enteraninteger>[-6-7-]8-9That'sall,haveani...>
    at org.junit.Assert.assertEquals(Assert.java:115)
    at org.junit.Assert.assertEquals(Assert.java:144)
    at introclassJava.digits_f2997e14_000BlackboxTest.test2(digits_f2997e14_000BlackboxTest.java:23)
    at sun.reflect.NativeMethodAccessorImpl.invoke0(Native Method)
    at sun.reflect.NativeMethodAccessorImpl.invoke(NativeMethodAccessorImpl.java:62)
    at sun.reflect.DelegatingMethodAccessorImpl.invoke(DelegatingMethodAccessorImpl.java:43)
org.junit.ComparisonFailure: expected:<Enteraninteger>8[]That'sall,haveaniced...> but was:<Enteraninteger>8[0]That'sall,haveaniced...>
    at org.junit.Assert.assertEquals(Assert.java:115)
    at org.junit.Assert.assertEquals(Assert.java:144)
    at introclassJava.digits_f2997e14_000BlackboxTest.test4(digits_f2997e14_000BlackboxTest.java:40)
    at sun.reflect.NativeMethodAccessorImpl.invoke0(Native Method)
    at sun.reflect.NativeMethodAccessorImpl.invoke(NativeMethodAccessorImpl.java:62)
    at sun.reflect.DelegatingMethodAccessorImpl.invoke(DelegatingMethodAccessorImpl.java:43)
org.junit.ComparisonFailure: expected:<Enteraninteger>[67]8-9That'sall,haveani...> but was:<Enteraninteger>[-6-7-]8-9That'sall,haveani...>
    at org.junit.Assert.assertEquals(Assert.java:115)
    at org.junit.Assert.assertEquals(Assert.java:144)
    at introclassJava.digits_f2997e14_000BlackboxTest.test2(digits_f2997e14_000BlackboxTest.java:23)
    at sun.reflect.NativeMethodAccessorImpl.invoke0(Native Method)
    at sun.reflect.NativeMethodAccessorImpl.invoke(NativeMethodAccessorImpl.java:62)
    at sun.reflect.DelegatingMethodAccessorImpl.invoke(DelegatingMethodAccessorImpl.java:43)
org.junit.ComparisonFailure: expected:<Enteraninteger>8[]That'sall,haveaniced...> but was:<Enteraninteger>8[0]That'sall,haveaniced...>
    at org.junit.Assert.assertEquals(Assert.java:115)
    at org.junit.Assert.assertEquals(Assert.java:144)
    at introclassJava.digits_f2997e14_000BlackboxTest.test4(digits_f2997e14_000BlackboxTest.java:40)
    at sun.reflect.NativeMethodAccessorImpl.invoke0(Native Method)
    at sun.reflect.NativeMethodAccessorImpl.invoke(NativeMethodAccessorImpl.java:62)
    at sun.reflect.DelegatingMethodAccessorImpl.invoke(DelegatingMethodAccessorImpl.java:43)
16:13:32.165 [pool-58-thread-1] INFO  xxl.java.junit.TestCasesListener - Tests run finished (7 ms)
<> Total tests run: 12
<> Ignored tests: 0
<> Failed tests: 4
~ test2(introclassJava.digits_f2997e14_000BlackboxTest)
[expected:<Enteraninteger>[67]8-9That'sall,haveani...> but was:<Enteraninteger>[-6-7-]8-9That'sall,haveani...>]
org.junit.ComparisonFailure: expected:<Enteraninteger>[67]8-9That'sall,haveani...> but was:<Enteraninteger>[-6-7-]8-9That'sall,haveani...>    at org.junit.Assert.assertEquals(Assert.java:115)
    at org.junit.Assert.assertEquals(Assert.java:144)
    at introclassJava.digits_f2997e14_000BlackboxTest.test2(digits_f2997e14_000BlackboxTest.java:23)
    at sun.reflect.NativeMethodAccessorImpl.invoke0(Native Method)
    at sun.reflect.NativeMethodAccessorImpl.invoke(NativeMethodAccessorImpl.java:62)
    at sun.reflect.DelegatingMethodAccessorImpl.invoke(DelegatingMethodAccessorImpl.java:43)
~ test4(introclassJava.digits_f2997e14_000BlackboxTest)
[expected:<Enteraninteger>8[]That'sall,haveaniced...> but was:<Enteraninteger>8[0]That'sall,haveaniced...>]
org.junit.ComparisonFailure: expected:<Enteraninteger>8[]That'sall,haveaniced...> but was:<Enteraninteger>8[0]That'sall,haveaniced...>    at org.junit.Assert.assertEquals(Assert.java:115)
    at org.junit.Assert.assertEquals(Assert.java:144)
    at introclassJava.digits_f2997e14_000BlackboxTest.test4(digits_f2997e14_000BlackboxTest.java:40)
    at sun.reflect.NativeMethodAccessorImpl.invoke0(Native Method)
    at sun.reflect.NativeMethodAccessorImpl.invoke(NativeMethodAccessorImpl.java:62)
    at sun.reflect.DelegatingMethodAccessorImpl.invoke(DelegatingMethodAccessorImpl.java:43)
~ test2(introclassJava.digits_f2997e14_000BlackboxTest)
[expected:<Enteraninteger>[67]8-9That'sall,haveani...> but was:<Enteraninteger>[-6-7-]8-9That'sall,haveani...>]
org.junit.ComparisonFailure: expected:<Enteraninteger>[67]8-9That'sall,haveani...> but was:<Enteraninteger>[-6-7-]8-9That'sall,haveani...>    at org.junit.Assert.assertEquals(Assert.java:115)
    at org.junit.Assert.assertEquals(Assert.java:144)
    at introclassJava.digits_f2997e14_000BlackboxTest.test2(digits_f2997e14_000BlackboxTest.java:23)
    at sun.reflect.NativeMethodAccessorImpl.invoke0(Native Method)
    at sun.reflect.NativeMethodAccessorImpl.invoke(NativeMethodAccessorImpl.java:62)
    at sun.reflect.DelegatingMethodAccessorImpl.invoke(DelegatingMethodAccessorImpl.java:43)
~ test4(introclassJava.digits_f2997e14_000BlackboxTest)
[expected:<Enteraninteger>8[]That'sall,haveaniced...> but was:<Enteraninteger>8[0]That'sall,haveaniced...>]
org.junit.ComparisonFailure: expected:<Enteraninteger>8[]That'sall,haveaniced...> but was:<Enteraninteger>8[0]That'sall,haveaniced...>    at org.junit.Assert.assertEquals(Assert.java:115)
    at org.junit.Assert.assertEquals(Assert.java:144)
    at introclassJava.digits_f2997e14_000BlackboxTest.test4(digits_f2997e14_000BlackboxTest.java:40)
    at sun.reflect.NativeMethodAccessorImpl.invoke0(Native Method)
    at sun.reflect.NativeMethodAccessorImpl.invoke(NativeMethodAccessorImpl.java:62)
    at sun.reflect.DelegatingMethodAccessorImpl.invoke(DelegatingMethodAccessorImpl.java:43)

org.junit.ComparisonFailure: expected:<Enteraninteger>[678-9That'sall,haveaniceday!]> but was:<Enteraninteger>[-6-7-8-9]>
    at org.junit.Assert.assertEquals(Assert.java:115)
    at org.junit.Assert.assertEquals(Assert.java:144)
    at introclassJava.digits_f2997e14_000BlackboxTest.test2(digits_f2997e14_000BlackboxTest.java:23)
    at sun.reflect.NativeMethodAccessorImpl.invoke0(Native Method)
    at sun.reflect.NativeMethodAccessorImpl.invoke(NativeMethodAccessorImpl.java:62)
    at sun.reflect.DelegatingMethodAccessorImpl.invoke(DelegatingMethodAccessorImpl.java:43)
16:13:32.239 [pool-59-thread-1] INFO  f.i.l.c.t.SpecificationTestCasesListener - Tests run finished (2 ms)
<> Total tests run: 1
<> Ignored tests: 0
<> Failed tests: 1
~ test2(introclassJava.digits_f2997e14_000BlackboxTest)
[expected:<Enteraninteger>[678-9That'sall,haveaniceday!]> but was:<Enteraninteger>[-6-7-8-9]>]
org.junit.ComparisonFailure: expected:<Enteraninteger>[678-9That'sall,haveaniceday!]> but was:<Enteraninteger>[-6-7-8-9]>    at org.junit.Assert.assertEquals(Assert.java:115)
    at org.junit.Assert.assertEquals(Assert.java:144)
    at introclassJava.digits_f2997e14_000BlackboxTest.test2(digits_f2997e14_000BlackboxTest.java:23)
    at sun.reflect.NativeMethodAccessorImpl.invoke0(Native Method)
    at sun.reflect.NativeMethodAccessorImpl.invoke(NativeMethodAccessorImpl.java:62)
    at sun.reflect.DelegatingMethodAccessorImpl.invoke(DelegatingMethodAccessorImpl.java:43)

org.junit.ComparisonFailure: expected:<Enteraninteger>8[That'sall,haveaniceday!]> but was:<Enteraninteger>8[0]>
    at org.junit.Assert.assertEquals(Assert.java:115)
    at org.junit.Assert.assertEquals(Assert.java:144)
    at introclassJava.digits_f2997e14_000BlackboxTest.test4(digits_f2997e14_000BlackboxTest.java:40)
    at sun.reflect.NativeMethodAccessorImpl.invoke0(Native Method)
    at sun.reflect.NativeMethodAccessorImpl.invoke(NativeMethodAccessorImpl.java:62)
    at sun.reflect.DelegatingMethodAccessorImpl.invoke(DelegatingMethodAccessorImpl.java:43)
16:13:32.240 [pool-60-thread-1] INFO  f.i.l.c.t.SpecificationTestCasesListener - Tests run finished (1 ms)
<> Total tests run: 1
<> Ignored tests: 0
<> Failed tests: 1
~ test4(introclassJava.digits_f2997e14_000BlackboxTest)
[expected:<Enteraninteger>8[That'sall,haveaniceday!]> but was:<Enteraninteger>8[0]>]
org.junit.ComparisonFailure: expected:<Enteraninteger>8[That'sall,haveaniceday!]> but was:<Enteraninteger>8[0]>    at org.junit.Assert.assertEquals(Assert.java:115)
    at org.junit.Assert.assertEquals(Assert.java:144)
    at introclassJava.digits_f2997e14_000BlackboxTest.test4(digits_f2997e14_000BlackboxTest.java:40)
    at sun.reflect.NativeMethodAccessorImpl.invoke0(Native Method)
    at sun.reflect.NativeMethodAccessorImpl.invoke(NativeMethodAccessorImpl.java:62)
    at sun.reflect.DelegatingMethodAccessorImpl.invoke(DelegatingMethodAccessorImpl.java:43)

org.junit.ComparisonFailure: expected:<Enteraninteger>[67]8-9That'sall,haveani...> but was:<Enteraninteger>[-6-7-]8-9That'sall,haveani...>
    at org.junit.Assert.assertEquals(Assert.java:115)
    at org.junit.Assert.assertEquals(Assert.java:144)
    at introclassJava.digits_f2997e14_000BlackboxTest.test2(digits_f2997e14_000BlackboxTest.java:23)
    at sun.reflect.NativeMethodAccessorImpl.invoke0(Native Method)
    at sun.reflect.NativeMethodAccessorImpl.invoke(NativeMethodAccessorImpl.java:62)
    at sun.reflect.DelegatingMethodAccessorImpl.invoke(DelegatingMethodAccessorImpl.java:43)
16:13:32.241 [pool-61-thread-1] INFO  f.i.l.c.t.SpecificationTestCasesListener - Tests run finished (1 ms)
<> Total tests run: 1
<> Ignored tests: 0
<> Failed tests: 1
~ test2(introclassJava.digits_f2997e14_000BlackboxTest)
[expected:<Enteraninteger>[67]8-9That'sall,haveani...> but was:<Enteraninteger>[-6-7-]8-9That'sall,haveani...>]
org.junit.ComparisonFailure: expected:<Enteraninteger>[67]8-9That'sall,haveani...> but was:<Enteraninteger>[-6-7-]8-9That'sall,haveani...>    at org.junit.Assert.assertEquals(Assert.java:115)
    at org.junit.Assert.assertEquals(Assert.java:144)
    at introclassJava.digits_f2997e14_000BlackboxTest.test2(digits_f2997e14_000BlackboxTest.java:23)
    at sun.reflect.NativeMethodAccessorImpl.invoke0(Native Method)
    at sun.reflect.NativeMethodAccessorImpl.invoke(NativeMethodAccessorImpl.java:62)
    at sun.reflect.DelegatingMethodAccessorImpl.invoke(DelegatingMethodAccessorImpl.java:43)

org.junit.ComparisonFailure: expected:<Enteraninteger>8[]That'sall,haveaniced...> but was:<Enteraninteger>8[0]That'sall,haveaniced...>
    at org.junit.Assert.assertEquals(Assert.java:115)
    at org.junit.Assert.assertEquals(Assert.java:144)
    at introclassJava.digits_f2997e14_000BlackboxTest.test4(digits_f2997e14_000BlackboxTest.java:40)
    at sun.reflect.NativeMethodAccessorImpl.invoke0(Native Method)
    at sun.reflect.NativeMethodAccessorImpl.invoke(NativeMethodAccessorImpl.java:62)
    at sun.reflect.DelegatingMethodAccessorImpl.invoke(DelegatingMethodAccessorImpl.java:43)
16:13:32.242 [pool-62-thread-1] INFO  f.i.l.c.t.SpecificationTestCasesListener - Tests run finished (0 ms)
<> Total tests run: 1
<> Ignored tests: 0
<> Failed tests: 1
~ test4(introclassJava.digits_f2997e14_000BlackboxTest)
[expected:<Enteraninteger>8[]That'sall,haveaniced...> but was:<Enteraninteger>8[0]That'sall,haveaniced...>]
org.junit.ComparisonFailure: expected:<Enteraninteger>8[]That'sall,haveaniced...> but was:<Enteraninteger>8[0]That'sall,haveaniced...>    at org.junit.Assert.assertEquals(Assert.java:115)
    at org.junit.Assert.assertEquals(Assert.java:144)
    at introclassJava.digits_f2997e14_000BlackboxTest.test4(digits_f2997e14_000BlackboxTest.java:40)
    at sun.reflect.NativeMethodAccessorImpl.invoke0(Native Method)
    at sun.reflect.NativeMethodAccessorImpl.invoke(NativeMethodAccessorImpl.java:62)
    at sun.reflect.DelegatingMethodAccessorImpl.invoke(DelegatingMethodAccessorImpl.java:43)

16:13:32.243 [pool-57-thread-1] DEBUG tests.output - Failing tests with false: 
[test2(introclassJava.digits_f2997e14_000BlackboxTest): expected:<Enteraninteger>[678-9That'sall,haveaniceday!]> but was:<Enteraninteger>[-6-7-8-9]>, test4(introclassJava.digits_f2997e14_000BlackboxTest): expected:<Enteraninteger>8[That'sall,haveaniceday!]> but was:<Enteraninteger>8[0]>]
16:13:32.243 [pool-57-thread-1] DEBUG tests.output - Failing tests with true: 
[test2(introclassJava.digits_f2997e14_000BlackboxTest): expected:<Enteraninteger>[67]8-9That'sall,haveani...> but was:<Enteraninteger>[-6-7-]8-9That'sall,haveani...>, test4(introclassJava.digits_f2997e14_000BlackboxTest): expected:<Enteraninteger>8[]That'sall,haveaniced...> but was:<Enteraninteger>8[0]That'sall,haveaniced...>]
16:13:32.243 [pool-57-thread-1] INFO  f.i.l.r.n.synth.SMTNopolSynthesizer - Not enough specifications: 0. A trivial patch is "true" or "false", please write new tests specifying SourceLocation introclassJava.digits_f2997e14_000:78.
16:13:32.243 [pool-2-thread-1] DEBUG fr.inria.lille.repair.nopol.NoPol - statement #9
16:13:32.243 [pool-2-thread-1] DEBUG fr.inria.lille.repair.nopol.NoPol - Analysing SourceLocation introclassJava.digits_f2997e14_000:66 which is executed by 16 tests
-1272757752
16:13:32.292 [pool-2-thread-1] DEBUG fr.inria.lille.repair.nopol.NoPol - looking with class fr.inria.lille.repair.nopol.spoon.smt.ConditionalAdder
org.junit.ComparisonFailure: expected:<Enteraninteger>[67]8-9That'sall,haveani...> but was:<Enteraninteger>[-6-7-]8-9That'sall,haveani...>
    at org.junit.Assert.assertEquals(Assert.java:115)
    at org.junit.Assert.assertEquals(Assert.java:144)
    at introclassJava.digits_f2997e14_000BlackboxTest.test2(digits_f2997e14_000BlackboxTest.java:23)
    at sun.reflect.NativeMethodAccessorImpl.invoke0(Native Method)
    at sun.reflect.NativeMethodAccessorImpl.invoke(NativeMethodAccessorImpl.java:62)
    at sun.reflect.DelegatingMethodAccessorImpl.invoke(DelegatingMethodAccessorImpl.java:43)
org.junit.ComparisonFailure: expected:<Enteraninteger>8[]That'sall,haveaniced...> but was:<Enteraninteger>8[0]That'sall,haveaniced...>
    at org.junit.Assert.assertEquals(Assert.java:115)
    at org.junit.Assert.assertEquals(Assert.java:144)
    at introclassJava.digits_f2997e14_000BlackboxTest.test4(digits_f2997e14_000BlackboxTest.java:40)
    at sun.reflect.NativeMethodAccessorImpl.invoke0(Native Method)
    at sun.reflect.NativeMethodAccessorImpl.invoke(NativeMethodAccessorImpl.java:62)
    at sun.reflect.DelegatingMethodAccessorImpl.invoke(DelegatingMethodAccessorImpl.java:43)
org.junit.ComparisonFailure: expected:<Enteraninteger>[67]8-9That'sall,haveani...> but was:<Enteraninteger>[-6-7-]8-9That'sall,haveani...>
    at org.junit.Assert.assertEquals(Assert.java:115)
    at org.junit.Assert.assertEquals(Assert.java:144)
    at introclassJava.digits_f2997e14_000BlackboxTest.test2(digits_f2997e14_000BlackboxTest.java:23)
    at sun.reflect.NativeMethodAccessorImpl.invoke0(Native Method)
    at sun.reflect.NativeMethodAccessorImpl.invoke(NativeMethodAccessorImpl.java:62)
    at sun.reflect.DelegatingMethodAccessorImpl.invoke(DelegatingMethodAccessorImpl.java:43)
org.junit.ComparisonFailure: expected:<Enteraninteger>8[]That'sall,haveaniced...> but was:<Enteraninteger>8[0]That'sall,haveaniced...>
    at org.junit.Assert.assertEquals(Assert.java:115)
    at org.junit.Assert.assertEquals(Assert.java:144)
    at introclassJava.digits_f2997e14_000BlackboxTest.test4(digits_f2997e14_000BlackboxTest.java:40)
    at sun.reflect.NativeMethodAccessorImpl.invoke0(Native Method)
    at sun.reflect.NativeMethodAccessorImpl.invoke(NativeMethodAccessorImpl.java:62)
    at sun.reflect.DelegatingMethodAccessorImpl.invoke(DelegatingMethodAccessorImpl.java:43)
16:13:32.301 [pool-64-thread-1] INFO  xxl.java.junit.TestCasesListener - Tests run finished (7 ms)
<> Total tests run: 12
<> Ignored tests: 0
<> Failed tests: 4
~ test2(introclassJava.digits_f2997e14_000BlackboxTest)
[expected:<Enteraninteger>[67]8-9That'sall,haveani...> but was:<Enteraninteger>[-6-7-]8-9That'sall,haveani...>]
org.junit.ComparisonFailure: expected:<Enteraninteger>[67]8-9That'sall,haveani...> but was:<Enteraninteger>[-6-7-]8-9That'sall,haveani...>    at org.junit.Assert.assertEquals(Assert.java:115)
    at org.junit.Assert.assertEquals(Assert.java:144)
    at introclassJava.digits_f2997e14_000BlackboxTest.test2(digits_f2997e14_000BlackboxTest.java:23)
    at sun.reflect.NativeMethodAccessorImpl.invoke0(Native Method)
    at sun.reflect.NativeMethodAccessorImpl.invoke(NativeMethodAccessorImpl.java:62)
    at sun.reflect.DelegatingMethodAccessorImpl.invoke(DelegatingMethodAccessorImpl.java:43)
~ test4(introclassJava.digits_f2997e14_000BlackboxTest)
[expected:<Enteraninteger>8[]That'sall,haveaniced...> but was:<Enteraninteger>8[0]That'sall,haveaniced...>]
org.junit.ComparisonFailure: expected:<Enteraninteger>8[]That'sall,haveaniced...> but was:<Enteraninteger>8[0]That'sall,haveaniced...>    at org.junit.Assert.assertEquals(Assert.java:115)
    at org.junit.Assert.assertEquals(Assert.java:144)
    at introclassJava.digits_f2997e14_000BlackboxTest.test4(digits_f2997e14_000BlackboxTest.java:40)
    at sun.reflect.NativeMethodAccessorImpl.invoke0(Native Method)
    at sun.reflect.NativeMethodAccessorImpl.invoke(NativeMethodAccessorImpl.java:62)
    at sun.reflect.DelegatingMethodAccessorImpl.invoke(DelegatingMethodAccessorImpl.java:43)
~ test2(introclassJava.digits_f2997e14_000BlackboxTest)
[expected:<Enteraninteger>[67]8-9That'sall,haveani...> but was:<Enteraninteger>[-6-7-]8-9That'sall,haveani...>]
org.junit.ComparisonFailure: expected:<Enteraninteger>[67]8-9That'sall,haveani...> but was:<Enteraninteger>[-6-7-]8-9That'sall,haveani...>    at org.junit.Assert.assertEquals(Assert.java:115)
    at org.junit.Assert.assertEquals(Assert.java:144)
    at introclassJava.digits_f2997e14_000BlackboxTest.test2(digits_f2997e14_000BlackboxTest.java:23)
    at sun.reflect.NativeMethodAccessorImpl.invoke0(Native Method)
    at sun.reflect.NativeMethodAccessorImpl.invoke(NativeMethodAccessorImpl.java:62)
    at sun.reflect.DelegatingMethodAccessorImpl.invoke(DelegatingMethodAccessorImpl.java:43)
~ test4(introclassJava.digits_f2997e14_000BlackboxTest)
[expected:<Enteraninteger>8[]That'sall,haveaniced...> but was:<Enteraninteger>8[0]That'sall,haveaniced...>]
org.junit.ComparisonFailure: expected:<Enteraninteger>8[]That'sall,haveaniced...> but was:<Enteraninteger>8[0]That'sall,haveaniced...>    at org.junit.Assert.assertEquals(Assert.java:115)
    at org.junit.Assert.assertEquals(Assert.java:144)
    at introclassJava.digits_f2997e14_000BlackboxTest.test4(digits_f2997e14_000BlackboxTest.java:40)
    at sun.reflect.NativeMethodAccessorImpl.invoke0(Native Method)
    at sun.reflect.NativeMethodAccessorImpl.invoke(NativeMethodAccessorImpl.java:62)
    at sun.reflect.DelegatingMethodAccessorImpl.invoke(DelegatingMethodAccessorImpl.java:43)

org.junit.ComparisonFailure: expected:<Enteraninteger>[678]-9That'sall,haveanic...> but was:<Enteraninteger>[]-9That'sall,haveanic...>
    at org.junit.Assert.assertEquals(Assert.java:115)
    at org.junit.Assert.assertEquals(Assert.java:144)
    at introclassJava.digits_f2997e14_000BlackboxTest.test2(digits_f2997e14_000BlackboxTest.java:23)
    at sun.reflect.NativeMethodAccessorImpl.invoke0(Native Method)
    at sun.reflect.NativeMethodAccessorImpl.invoke(NativeMethodAccessorImpl.java:62)
    at sun.reflect.DelegatingMethodAccessorImpl.invoke(DelegatingMethodAccessorImpl.java:43)
16:13:32.382 [pool-65-thread-1] INFO  f.i.l.c.t.SpecificationTestCasesListener - Tests run finished (1 ms)
<> Total tests run: 1
<> Ignored tests: 0
<> Failed tests: 1
~ test2(introclassJava.digits_f2997e14_000BlackboxTest)
[expected:<Enteraninteger>[678]-9That'sall,haveanic...> but was:<Enteraninteger>[]-9That'sall,haveanic...>]
org.junit.ComparisonFailure: expected:<Enteraninteger>[678]-9That'sall,haveanic...> but was:<Enteraninteger>[]-9That'sall,haveanic...>    at org.junit.Assert.assertEquals(Assert.java:115)
    at org.junit.Assert.assertEquals(Assert.java:144)
    at introclassJava.digits_f2997e14_000BlackboxTest.test2(digits_f2997e14_000BlackboxTest.java:23)
    at sun.reflect.NativeMethodAccessorImpl.invoke0(Native Method)
    at sun.reflect.NativeMethodAccessorImpl.invoke(NativeMethodAccessorImpl.java:62)
    at sun.reflect.DelegatingMethodAccessorImpl.invoke(DelegatingMethodAccessorImpl.java:43)

java.lang.Exception: test timed out after 1000 milliseconds
    at java.lang.String.intern(Native Method)
    at fr.inria.lille.commons.trace.collector.ValueCollector.collectWith(ValueCollector.java:31)
    at fr.inria.lille.commons.trace.collector.ValueCollector.collectFrom(ValueCollector.java:17)
    at fr.inria.lille.commons.trace.RuntimeValues.collectInput(RuntimeValues.java:85)
    at introclassJava.digits_f2997e14_000.exec(digits_f2997e14_000.java:37)
    at introclassJava.digits_f2997e14_000BlackboxTest.test4(digits_f2997e14_000BlackboxTest.java:38)
16:13:33.383 [pool-66-thread-1] INFO  f.i.l.c.t.SpecificationTestCasesListener - Tests run finished (1001 ms)
<> Total tests run: 1
<> Ignored tests: 0
<> Failed tests: 1
~ test4(introclassJava.digits_f2997e14_000BlackboxTest)
[test timed out after 1000 milliseconds]
java.lang.Exception: test timed out after 1000 milliseconds    at java.lang.String.intern(Native Method)
    at fr.inria.lille.commons.trace.collector.ValueCollector.collectWith(ValueCollector.java:31)
    at fr.inria.lille.commons.trace.collector.ValueCollector.collectFrom(ValueCollector.java:17)
    at fr.inria.lille.commons.trace.RuntimeValues.collectInput(RuntimeValues.java:85)
    at introclassJava.digits_f2997e14_000.exec(digits_f2997e14_000.java:37)
    at introclassJava.digits_f2997e14_000BlackboxTest.test4(digits_f2997e14_000BlackboxTest.java:38)

org.junit.ComparisonFailure: expected:<Enteraninteger>[67]8-9That'sall,haveani...> but was:<Enteraninteger>[-6-7-]8-9That'sall,haveani...>
    at org.junit.Assert.assertEquals(Assert.java:115)
    at org.junit.Assert.assertEquals(Assert.java:144)
    at introclassJava.digits_f2997e14_000BlackboxTest.test2(digits_f2997e14_000BlackboxTest.java:23)
    at sun.reflect.NativeMethodAccessorImpl.invoke0(Native Method)
    at sun.reflect.NativeMethodAccessorImpl.invoke(NativeMethodAccessorImpl.java:62)
    at sun.reflect.DelegatingMethodAccessorImpl.invoke(DelegatingMethodAccessorImpl.java:43)
16:13:33.411 [pool-67-thread-1] INFO  f.i.l.c.t.SpecificationTestCasesListener - Tests run finished (27 ms)
<> Total tests run: 1
<> Ignored tests: 0
<> Failed tests: 1
~ test2(introclassJava.digits_f2997e14_000BlackboxTest)
[expected:<Enteraninteger>[67]8-9That'sall,haveani...> but was:<Enteraninteger>[-6-7-]8-9That'sall,haveani...>]
org.junit.ComparisonFailure: expected:<Enteraninteger>[67]8-9That'sall,haveani...> but was:<Enteraninteger>[-6-7-]8-9That'sall,haveani...>    at org.junit.Assert.assertEquals(Assert.java:115)
    at org.junit.Assert.assertEquals(Assert.java:144)
    at introclassJava.digits_f2997e14_000BlackboxTest.test2(digits_f2997e14_000BlackboxTest.java:23)
    at sun.reflect.NativeMethodAccessorImpl.invoke0(Native Method)
    at sun.reflect.NativeMethodAccessorImpl.invoke(NativeMethodAccessorImpl.java:62)
    at sun.reflect.DelegatingMethodAccessorImpl.invoke(DelegatingMethodAccessorImpl.java:43)

org.junit.ComparisonFailure: expected:<Enteraninteger>8[]That'sall,haveaniced...> but was:<Enteraninteger>8[0]That'sall,haveaniced...>
    at org.junit.Assert.assertEquals(Assert.java:115)
    at org.junit.Assert.assertEquals(Assert.java:144)
    at introclassJava.digits_f2997e14_000BlackboxTest.test4(digits_f2997e14_000BlackboxTest.java:40)
    at sun.reflect.NativeMethodAccessorImpl.invoke0(Native Method)
    at sun.reflect.NativeMethodAccessorImpl.invoke(NativeMethodAccessorImpl.java:62)
    at sun.reflect.DelegatingMethodAccessorImpl.invoke(DelegatingMethodAccessorImpl.java:43)
16:13:33.413 [pool-68-thread-1] INFO  f.i.l.c.t.SpecificationTestCasesListener - Tests run finished (1 ms)
<> Total tests run: 1
<> Ignored tests: 0
<> Failed tests: 1
~ test4(introclassJava.digits_f2997e14_000BlackboxTest)
[expected:<Enteraninteger>8[]That'sall,haveaniced...> but was:<Enteraninteger>8[0]That'sall,haveaniced...>]
org.junit.ComparisonFailure: expected:<Enteraninteger>8[]That'sall,haveaniced...> but was:<Enteraninteger>8[0]That'sall,haveaniced...>    at org.junit.Assert.assertEquals(Assert.java:115)
    at org.junit.Assert.assertEquals(Assert.java:144)
    at introclassJava.digits_f2997e14_000BlackboxTest.test4(digits_f2997e14_000BlackboxTest.java:40)
    at sun.reflect.NativeMethodAccessorImpl.invoke0(Native Method)
    at sun.reflect.NativeMethodAccessorImpl.invoke(NativeMethodAccessorImpl.java:62)
    at sun.reflect.DelegatingMethodAccessorImpl.invoke(DelegatingMethodAccessorImpl.java:43)

16:13:33.413 [pool-63-thread-1] DEBUG tests.output - Failing tests with false: 
[test2(introclassJava.digits_f2997e14_000BlackboxTest): expected:<Enteraninteger>[678]-9That'sall,haveanic...> but was:<Enteraninteger>[]-9That'sall,haveanic...>, test4(introclassJava.digits_f2997e14_000BlackboxTest): test timed out after 1000 milliseconds]
16:13:33.414 [pool-63-thread-1] DEBUG tests.output - Failing tests with true: 
[test2(introclassJava.digits_f2997e14_000BlackboxTest): expected:<Enteraninteger>[67]8-9That'sall,haveani...> but was:<Enteraninteger>[-6-7-]8-9That'sall,haveani...>, test4(introclassJava.digits_f2997e14_000BlackboxTest): expected:<Enteraninteger>8[]That'sall,haveaniced...> but was:<Enteraninteger>8[0]That'sall,haveaniced...>]
16:13:33.414 [pool-63-thread-1] INFO  f.i.l.r.n.synth.SMTNopolSynthesizer - Not enough specifications: 0. A trivial patch is "true" or "false", please write new tests specifying SourceLocation introclassJava.digits_f2997e14_000:66.
16:13:33.414 [pool-2-thread-1] DEBUG fr.inria.lille.repair.nopol.NoPol - looking with class fr.inria.lille.repair.nopol.spoon.smt.ConditionalReplacer
org.junit.ComparisonFailure: expected:<Enteraninteger>[67]8-9That'sall,haveani...> but was:<Enteraninteger>[-6-7-]8-9That'sall,haveani...>
    at org.junit.Assert.assertEquals(Assert.java:115)
    at org.junit.Assert.assertEquals(Assert.java:144)
    at introclassJava.digits_f2997e14_000BlackboxTest.test2(digits_f2997e14_000BlackboxTest.java:23)
    at sun.reflect.NativeMethodAccessorImpl.invoke0(Native Method)
    at sun.reflect.NativeMethodAccessorImpl.invoke(NativeMethodAccessorImpl.java:62)
    at sun.reflect.DelegatingMethodAccessorImpl.invoke(DelegatingMethodAccessorImpl.java:43)
org.junit.ComparisonFailure: expected:<Enteraninteger>8[]That'sall,haveaniced...> but was:<Enteraninteger>8[0]That'sall,haveaniced...>
    at org.junit.Assert.assertEquals(Assert.java:115)
    at org.junit.Assert.assertEquals(Assert.java:144)
    at introclassJava.digits_f2997e14_000BlackboxTest.test4(digits_f2997e14_000BlackboxTest.java:40)
    at sun.reflect.NativeMethodAccessorImpl.invoke0(Native Method)
    at sun.reflect.NativeMethodAccessorImpl.invoke(NativeMethodAccessorImpl.java:62)
    at sun.reflect.DelegatingMethodAccessorImpl.invoke(DelegatingMethodAccessorImpl.java:43)
org.junit.ComparisonFailure: expected:<Enteraninteger>[67]8-9That'sall,haveani...> but was:<Enteraninteger>[-6-7-]8-9That'sall,haveani...>
    at org.junit.Assert.assertEquals(Assert.java:115)
    at org.junit.Assert.assertEquals(Assert.java:144)
    at introclassJava.digits_f2997e14_000BlackboxTest.test2(digits_f2997e14_000BlackboxTest.java:23)
    at sun.reflect.NativeMethodAccessorImpl.invoke0(Native Method)
    at sun.reflect.NativeMethodAccessorImpl.invoke(NativeMethodAccessorImpl.java:62)
    at sun.reflect.DelegatingMethodAccessorImpl.invoke(DelegatingMethodAccessorImpl.java:43)
org.junit.ComparisonFailure: expected:<Enteraninteger>8[]That'sall,haveaniced...> but was:<Enteraninteger>8[0]That'sall,haveaniced...>
    at org.junit.Assert.assertEquals(Assert.java:115)
    at org.junit.Assert.assertEquals(Assert.java:144)
    at introclassJava.digits_f2997e14_000BlackboxTest.test4(digits_f2997e14_000BlackboxTest.java:40)
    at sun.reflect.NativeMethodAccessorImpl.invoke0(Native Method)
    at sun.reflect.NativeMethodAccessorImpl.invoke(NativeMethodAccessorImpl.java:62)
    at sun.reflect.DelegatingMethodAccessorImpl.invoke(DelegatingMethodAccessorImpl.java:43)
16:13:33.422 [pool-70-thread-1] INFO  xxl.java.junit.TestCasesListener - Tests run finished (6 ms)
<> Total tests run: 12
<> Ignored tests: 0
<> Failed tests: 4
~ test2(introclassJava.digits_f2997e14_000BlackboxTest)
[expected:<Enteraninteger>[67]8-9That'sall,haveani...> but was:<Enteraninteger>[-6-7-]8-9That'sall,haveani...>]
org.junit.ComparisonFailure: expected:<Enteraninteger>[67]8-9That'sall,haveani...> but was:<Enteraninteger>[-6-7-]8-9That'sall,haveani...>    at org.junit.Assert.assertEquals(Assert.java:115)
    at org.junit.Assert.assertEquals(Assert.java:144)
    at introclassJava.digits_f2997e14_000BlackboxTest.test2(digits_f2997e14_000BlackboxTest.java:23)
    at sun.reflect.NativeMethodAccessorImpl.invoke0(Native Method)
    at sun.reflect.NativeMethodAccessorImpl.invoke(NativeMethodAccessorImpl.java:62)
    at sun.reflect.DelegatingMethodAccessorImpl.invoke(DelegatingMethodAccessorImpl.java:43)
~ test4(introclassJava.digits_f2997e14_000BlackboxTest)
[expected:<Enteraninteger>8[]That'sall,haveaniced...> but was:<Enteraninteger>8[0]That'sall,haveaniced...>]
org.junit.ComparisonFailure: expected:<Enteraninteger>8[]That'sall,haveaniced...> but was:<Enteraninteger>8[0]That'sall,haveaniced...>    at org.junit.Assert.assertEquals(Assert.java:115)
    at org.junit.Assert.assertEquals(Assert.java:144)
    at introclassJava.digits_f2997e14_000BlackboxTest.test4(digits_f2997e14_000BlackboxTest.java:40)
    at sun.reflect.NativeMethodAccessorImpl.invoke0(Native Method)
    at sun.reflect.NativeMethodAccessorImpl.invoke(NativeMethodAccessorImpl.java:62)
    at sun.reflect.DelegatingMethodAccessorImpl.invoke(DelegatingMethodAccessorImpl.java:43)
~ test2(introclassJava.digits_f2997e14_000BlackboxTest)
[expected:<Enteraninteger>[67]8-9That'sall,haveani...> but was:<Enteraninteger>[-6-7-]8-9That'sall,haveani...>]
org.junit.ComparisonFailure: expected:<Enteraninteger>[67]8-9That'sall,haveani...> but was:<Enteraninteger>[-6-7-]8-9That'sall,haveani...>    at org.junit.Assert.assertEquals(Assert.java:115)
    at org.junit.Assert.assertEquals(Assert.java:144)
    at introclassJava.digits_f2997e14_000BlackboxTest.test2(digits_f2997e14_000BlackboxTest.java:23)
    at sun.reflect.NativeMethodAccessorImpl.invoke0(Native Method)
    at sun.reflect.NativeMethodAccessorImpl.invoke(NativeMethodAccessorImpl.java:62)
    at sun.reflect.DelegatingMethodAccessorImpl.invoke(DelegatingMethodAccessorImpl.java:43)
~ test4(introclassJava.digits_f2997e14_000BlackboxTest)
[expected:<Enteraninteger>8[]That'sall,haveaniced...> but was:<Enteraninteger>8[0]That'sall,haveaniced...>]
org.junit.ComparisonFailure: expected:<Enteraninteger>8[]That'sall,haveaniced...> but was:<Enteraninteger>8[0]That'sall,haveaniced...>    at org.junit.Assert.assertEquals(Assert.java:115)
    at org.junit.Assert.assertEquals(Assert.java:144)
    at introclassJava.digits_f2997e14_000BlackboxTest.test4(digits_f2997e14_000BlackboxTest.java:40)
    at sun.reflect.NativeMethodAccessorImpl.invoke0(Native Method)
    at sun.reflect.NativeMethodAccessorImpl.invoke(NativeMethodAccessorImpl.java:62)
    at sun.reflect.DelegatingMethodAccessorImpl.invoke(DelegatingMethodAccessorImpl.java:43)

org.junit.ComparisonFailure: expected:<Enteraninteger>[67]8-9That'sall,haveani...> but was:<Enteraninteger>[-6-7-]8-9That'sall,haveani...>
    at org.junit.Assert.assertEquals(Assert.java:115)
    at org.junit.Assert.assertEquals(Assert.java:144)
    at introclassJava.digits_f2997e14_000BlackboxTest.test2(digits_f2997e14_000BlackboxTest.java:23)
    at sun.reflect.NativeMethodAccessorImpl.invoke0(Native Method)
    at sun.reflect.NativeMethodAccessorImpl.invoke(NativeMethodAccessorImpl.java:62)
    at sun.reflect.DelegatingMethodAccessorImpl.invoke(DelegatingMethodAccessorImpl.java:43)
16:13:33.495 [pool-71-thread-1] INFO  f.i.l.c.t.SpecificationTestCasesListener - Tests run finished (2 ms)
<> Total tests run: 1
<> Ignored tests: 0
<> Failed tests: 1
~ test2(introclassJava.digits_f2997e14_000BlackboxTest)
[expected:<Enteraninteger>[67]8-9That'sall,haveani...> but was:<Enteraninteger>[-6-7-]8-9That'sall,haveani...>]
org.junit.ComparisonFailure: expected:<Enteraninteger>[67]8-9That'sall,haveani...> but was:<Enteraninteger>[-6-7-]8-9That'sall,haveani...>    at org.junit.Assert.assertEquals(Assert.java:115)
    at org.junit.Assert.assertEquals(Assert.java:144)
    at introclassJava.digits_f2997e14_000BlackboxTest.test2(digits_f2997e14_000BlackboxTest.java:23)
    at sun.reflect.NativeMethodAccessorImpl.invoke0(Native Method)
    at sun.reflect.NativeMethodAccessorImpl.invoke(NativeMethodAccessorImpl.java:62)
    at sun.reflect.DelegatingMethodAccessorImpl.invoke(DelegatingMethodAccessorImpl.java:43)

java.lang.Exception: test timed out after 1000 milliseconds
    at introclassJava.digits_f2997e14_000.exec(digits_f2997e14_000.java:49)
    at introclassJava.digits_f2997e14_000BlackboxTest.test4(digits_f2997e14_000BlackboxTest.java:38)
    at sun.reflect.NativeMethodAccessorImpl.invoke0(Native Method)
    at sun.reflect.NativeMethodAccessorImpl.invoke(NativeMethodAccessorImpl.java:62)
    at sun.reflect.DelegatingMethodAccessorImpl.invoke(DelegatingMethodAccessorImpl.java:43)
    at java.lang.reflect.Method.invoke(Method.java:498)
16:13:34.496 [pool-72-thread-1] INFO  f.i.l.c.t.SpecificationTestCasesListener - Tests run finished (1001 ms)
<> Total tests run: 1
<> Ignored tests: 0
<> Failed tests: 1
~ test4(introclassJava.digits_f2997e14_000BlackboxTest)
[test timed out after 1000 milliseconds]
java.lang.Exception: test timed out after 1000 milliseconds    at introclassJava.digits_f2997e14_000.exec(digits_f2997e14_000.java:49)
    at introclassJava.digits_f2997e14_000BlackboxTest.test4(digits_f2997e14_000BlackboxTest.java:38)
    at sun.reflect.NativeMethodAccessorImpl.invoke0(Native Method)
    at sun.reflect.NativeMethodAccessorImpl.invoke(NativeMethodAccessorImpl.java:62)
    at sun.reflect.DelegatingMethodAccessorImpl.invoke(DelegatingMethodAccessorImpl.java:43)
    at java.lang.reflect.Method.invoke(Method.java:498)

org.junit.ComparisonFailure: expected:<Enteraninteger>[678-9]That'sall,haveaniced...> but was:<Enteraninteger>[0]That'sall,haveaniced...>
    at org.junit.Assert.assertEquals(Assert.java:115)
    at org.junit.Assert.assertEquals(Assert.java:144)
    at introclassJava.digits_f2997e14_000BlackboxTest.test2(digits_f2997e14_000BlackboxTest.java:23)
    at sun.reflect.NativeMethodAccessorImpl.invoke0(Native Method)
    at sun.reflect.NativeMethodAccessorImpl.invoke(NativeMethodAccessorImpl.java:62)
    at sun.reflect.DelegatingMethodAccessorImpl.invoke(DelegatingMethodAccessorImpl.java:43)
16:13:34.501 [pool-73-thread-1] INFO  f.i.l.c.t.SpecificationTestCasesListener - Tests run finished (4 ms)
<> Total tests run: 1
<> Ignored tests: 0
<> Failed tests: 1
~ test2(introclassJava.digits_f2997e14_000BlackboxTest)
[expected:<Enteraninteger>[678-9]That'sall,haveaniced...> but was:<Enteraninteger>[0]That'sall,haveaniced...>]
org.junit.ComparisonFailure: expected:<Enteraninteger>[678-9]That'sall,haveaniced...> but was:<Enteraninteger>[0]That'sall,haveaniced...>    at org.junit.Assert.assertEquals(Assert.java:115)
    at org.junit.Assert.assertEquals(Assert.java:144)
    at introclassJava.digits_f2997e14_000BlackboxTest.test2(digits_f2997e14_000BlackboxTest.java:23)
    at sun.reflect.NativeMethodAccessorImpl.invoke0(Native Method)
    at sun.reflect.NativeMethodAccessorImpl.invoke(NativeMethodAccessorImpl.java:62)
    at sun.reflect.DelegatingMethodAccessorImpl.invoke(DelegatingMethodAccessorImpl.java:43)

org.junit.ComparisonFailure: expected:<Enteraninteger>[8]That'sall,haveaniced...> but was:<Enteraninteger>[0]That'sall,haveaniced...>
    at org.junit.Assert.assertEquals(Assert.java:115)
    at org.junit.Assert.assertEquals(Assert.java:144)
    at introclassJava.digits_f2997e14_000BlackboxTest.test4(digits_f2997e14_000BlackboxTest.java:40)
    at sun.reflect.NativeMethodAccessorImpl.invoke0(Native Method)
    at sun.reflect.NativeMethodAccessorImpl.invoke(NativeMethodAccessorImpl.java:62)
    at sun.reflect.DelegatingMethodAccessorImpl.invoke(DelegatingMethodAccessorImpl.java:43)
16:13:34.502 [pool-74-thread-1] INFO  f.i.l.c.t.SpecificationTestCasesListener - Tests run finished (0 ms)
<> Total tests run: 1
<> Ignored tests: 0
<> Failed tests: 1
~ test4(introclassJava.digits_f2997e14_000BlackboxTest)
[expected:<Enteraninteger>[8]That'sall,haveaniced...> but was:<Enteraninteger>[0]That'sall,haveaniced...>]
org.junit.ComparisonFailure: expected:<Enteraninteger>[8]That'sall,haveaniced...> but was:<Enteraninteger>[0]That'sall,haveaniced...>    at org.junit.Assert.assertEquals(Assert.java:115)
    at org.junit.Assert.assertEquals(Assert.java:144)
    at introclassJava.digits_f2997e14_000BlackboxTest.test4(digits_f2997e14_000BlackboxTest.java:40)
    at sun.reflect.NativeMethodAccessorImpl.invoke0(Native Method)
    at sun.reflect.NativeMethodAccessorImpl.invoke(NativeMethodAccessorImpl.java:62)
    at sun.reflect.DelegatingMethodAccessorImpl.invoke(DelegatingMethodAccessorImpl.java:43)

16:13:34.503 [pool-69-thread-1] DEBUG tests.output - Failing tests with false: 
[test2(introclassJava.digits_f2997e14_000BlackboxTest): expected:<Enteraninteger>[67]8-9That'sall,haveani...> but was:<Enteraninteger>[-6-7-]8-9That'sall,haveani...>, test4(introclassJava.digits_f2997e14_000BlackboxTest): test timed out after 1000 milliseconds]
16:13:34.503 [pool-69-thread-1] DEBUG tests.output - Failing tests with true: 
[test2(introclassJava.digits_f2997e14_000BlackboxTest): expected:<Enteraninteger>[678-9]That'sall,haveaniced...> but was:<Enteraninteger>[0]That'sall,haveaniced...>, test4(introclassJava.digits_f2997e14_000BlackboxTest): expected:<Enteraninteger>[8]That'sall,haveaniced...> but was:<Enteraninteger>[0]That'sall,haveaniced...>]
16:13:34.503 [pool-69-thread-1] INFO  f.i.l.r.n.synth.SMTNopolSynthesizer - Not enough specifications: 0. A trivial patch is "true" or "false", please write new tests specifying SourceLocation introclassJava.digits_f2997e14_000:66.
16:13:34.503 [pool-2-thread-1] DEBUG fr.inria.lille.repair.nopol.NoPol - statement #10
16:13:34.503 [pool-2-thread-1] DEBUG fr.inria.lille.repair.nopol.NoPol - Analysing SourceLocation introclassJava.digits_f2997e14_000:65 which is executed by 16 tests
-1272757752
16:13:34.545 [pool-2-thread-1] DEBUG fr.inria.lille.repair.nopol.NoPol - looking with class fr.inria.lille.repair.nopol.spoon.smt.ConditionalAdder
org.junit.ComparisonFailure: expected:<Enteraninteger>[67]8-9That'sall,haveani...> but was:<Enteraninteger>[-6-7-]8-9That'sall,haveani...>
    at org.junit.Assert.assertEquals(Assert.java:115)
    at org.junit.Assert.assertEquals(Assert.java:144)
    at introclassJava.digits_f2997e14_000BlackboxTest.test2(digits_f2997e14_000BlackboxTest.java:23)
    at sun.reflect.NativeMethodAccessorImpl.invoke0(Native Method)
    at sun.reflect.NativeMethodAccessorImpl.invoke(NativeMethodAccessorImpl.java:62)
    at sun.reflect.DelegatingMethodAccessorImpl.invoke(DelegatingMethodAccessorImpl.java:43)
org.junit.ComparisonFailure: expected:<Enteraninteger>8[]That'sall,haveaniced...> but was:<Enteraninteger>8[0]That'sall,haveaniced...>
    at org.junit.Assert.assertEquals(Assert.java:115)
    at org.junit.Assert.assertEquals(Assert.java:144)
    at introclassJava.digits_f2997e14_000BlackboxTest.test4(digits_f2997e14_000BlackboxTest.java:40)
    at sun.reflect.NativeMethodAccessorImpl.invoke0(Native Method)
    at sun.reflect.NativeMethodAccessorImpl.invoke(NativeMethodAccessorImpl.java:62)
    at sun.reflect.DelegatingMethodAccessorImpl.invoke(DelegatingMethodAccessorImpl.java:43)
org.junit.ComparisonFailure: expected:<Enteraninteger>[67]8-9That'sall,haveani...> but was:<Enteraninteger>[-6-7-]8-9That'sall,haveani...>
    at org.junit.Assert.assertEquals(Assert.java:115)
    at org.junit.Assert.assertEquals(Assert.java:144)
    at introclassJava.digits_f2997e14_000BlackboxTest.test2(digits_f2997e14_000BlackboxTest.java:23)
    at sun.reflect.NativeMethodAccessorImpl.invoke0(Native Method)
    at sun.reflect.NativeMethodAccessorImpl.invoke(NativeMethodAccessorImpl.java:62)
    at sun.reflect.DelegatingMethodAccessorImpl.invoke(DelegatingMethodAccessorImpl.java:43)
org.junit.ComparisonFailure: expected:<Enteraninteger>8[]That'sall,haveaniced...> but was:<Enteraninteger>8[0]That'sall,haveaniced...>
    at org.junit.Assert.assertEquals(Assert.java:115)
    at org.junit.Assert.assertEquals(Assert.java:144)
    at introclassJava.digits_f2997e14_000BlackboxTest.test4(digits_f2997e14_000BlackboxTest.java:40)
    at sun.reflect.NativeMethodAccessorImpl.invoke0(Native Method)
    at sun.reflect.NativeMethodAccessorImpl.invoke(NativeMethodAccessorImpl.java:62)
    at sun.reflect.DelegatingMethodAccessorImpl.invoke(DelegatingMethodAccessorImpl.java:43)
16:13:34.556 [pool-76-thread-1] INFO  xxl.java.junit.TestCasesListener - Tests run finished (8 ms)
<> Total tests run: 12
<> Ignored tests: 0
<> Failed tests: 4
~ test2(introclassJava.digits_f2997e14_000BlackboxTest)
[expected:<Enteraninteger>[67]8-9That'sall,haveani...> but was:<Enteraninteger>[-6-7-]8-9That'sall,haveani...>]
org.junit.ComparisonFailure: expected:<Enteraninteger>[67]8-9That'sall,haveani...> but was:<Enteraninteger>[-6-7-]8-9That'sall,haveani...>    at org.junit.Assert.assertEquals(Assert.java:115)
    at org.junit.Assert.assertEquals(Assert.java:144)
    at introclassJava.digits_f2997e14_000BlackboxTest.test2(digits_f2997e14_000BlackboxTest.java:23)
    at sun.reflect.NativeMethodAccessorImpl.invoke0(Native Method)
    at sun.reflect.NativeMethodAccessorImpl.invoke(NativeMethodAccessorImpl.java:62)
    at sun.reflect.DelegatingMethodAccessorImpl.invoke(DelegatingMethodAccessorImpl.java:43)
~ test4(introclassJava.digits_f2997e14_000BlackboxTest)
[expected:<Enteraninteger>8[]That'sall,haveaniced...> but was:<Enteraninteger>8[0]That'sall,haveaniced...>]
org.junit.ComparisonFailure: expected:<Enteraninteger>8[]That'sall,haveaniced...> but was:<Enteraninteger>8[0]That'sall,haveaniced...>    at org.junit.Assert.assertEquals(Assert.java:115)
    at org.junit.Assert.assertEquals(Assert.java:144)
    at introclassJava.digits_f2997e14_000BlackboxTest.test4(digits_f2997e14_000BlackboxTest.java:40)
    at sun.reflect.NativeMethodAccessorImpl.invoke0(Native Method)
    at sun.reflect.NativeMethodAccessorImpl.invoke(NativeMethodAccessorImpl.java:62)
    at sun.reflect.DelegatingMethodAccessorImpl.invoke(DelegatingMethodAccessorImpl.java:43)
~ test2(introclassJava.digits_f2997e14_000BlackboxTest)
[expected:<Enteraninteger>[67]8-9That'sall,haveani...> but was:<Enteraninteger>[-6-7-]8-9That'sall,haveani...>]
org.junit.ComparisonFailure: expected:<Enteraninteger>[67]8-9That'sall,haveani...> but was:<Enteraninteger>[-6-7-]8-9That'sall,haveani...>    at org.junit.Assert.assertEquals(Assert.java:115)
    at org.junit.Assert.assertEquals(Assert.java:144)
    at introclassJava.digits_f2997e14_000BlackboxTest.test2(digits_f2997e14_000BlackboxTest.java:23)
    at sun.reflect.NativeMethodAccessorImpl.invoke0(Native Method)
    at sun.reflect.NativeMethodAccessorImpl.invoke(NativeMethodAccessorImpl.java:62)
    at sun.reflect.DelegatingMethodAccessorImpl.invoke(DelegatingMethodAccessorImpl.java:43)
~ test4(introclassJava.digits_f2997e14_000BlackboxTest)
[expected:<Enteraninteger>8[]That'sall,haveaniced...> but was:<Enteraninteger>8[0]That'sall,haveaniced...>]
org.junit.ComparisonFailure: expected:<Enteraninteger>8[]That'sall,haveaniced...> but was:<Enteraninteger>8[0]That'sall,haveaniced...>    at org.junit.Assert.assertEquals(Assert.java:115)
    at org.junit.Assert.assertEquals(Assert.java:144)
    at introclassJava.digits_f2997e14_000BlackboxTest.test4(digits_f2997e14_000BlackboxTest.java:40)
    at sun.reflect.NativeMethodAccessorImpl.invoke0(Native Method)
    at sun.reflect.NativeMethodAccessorImpl.invoke(NativeMethodAccessorImpl.java:62)
    at sun.reflect.DelegatingMethodAccessorImpl.invoke(DelegatingMethodAccessorImpl.java:43)

org.junit.ComparisonFailure: expected:<Enteraninteger>[678]-9That'sall,haveanic...> but was:<Enteraninteger>[000]-9That'sall,haveanic...>
    at org.junit.Assert.assertEquals(Assert.java:115)
    at org.junit.Assert.assertEquals(Assert.java:144)
    at introclassJava.digits_f2997e14_000BlackboxTest.test2(digits_f2997e14_000BlackboxTest.java:23)
    at sun.reflect.NativeMethodAccessorImpl.invoke0(Native Method)
    at sun.reflect.NativeMethodAccessorImpl.invoke(NativeMethodAccessorImpl.java:62)
    at sun.reflect.DelegatingMethodAccessorImpl.invoke(DelegatingMethodAccessorImpl.java:43)
16:13:34.638 [pool-77-thread-1] INFO  f.i.l.c.t.SpecificationTestCasesListener - Tests run finished (5 ms)
<> Total tests run: 1
<> Ignored tests: 0
<> Failed tests: 1
~ test2(introclassJava.digits_f2997e14_000BlackboxTest)
[expected:<Enteraninteger>[678]-9That'sall,haveanic...> but was:<Enteraninteger>[000]-9That'sall,haveanic...>]
org.junit.ComparisonFailure: expected:<Enteraninteger>[678]-9That'sall,haveanic...> but was:<Enteraninteger>[000]-9That'sall,haveanic...>    at org.junit.Assert.assertEquals(Assert.java:115)
    at org.junit.Assert.assertEquals(Assert.java:144)
    at introclassJava.digits_f2997e14_000BlackboxTest.test2(digits_f2997e14_000BlackboxTest.java:23)
    at sun.reflect.NativeMethodAccessorImpl.invoke0(Native Method)
    at sun.reflect.NativeMethodAccessorImpl.invoke(NativeMethodAccessorImpl.java:62)
    at sun.reflect.DelegatingMethodAccessorImpl.invoke(DelegatingMethodAccessorImpl.java:43)

org.junit.ComparisonFailure: expected:<Enteraninteger>[8]That'sall,haveaniced...> but was:<Enteraninteger>[00]That'sall,haveaniced...>
    at org.junit.Assert.assertEquals(Assert.java:115)
    at org.junit.Assert.assertEquals(Assert.java:144)
    at introclassJava.digits_f2997e14_000BlackboxTest.test4(digits_f2997e14_000BlackboxTest.java:40)
    at sun.reflect.NativeMethodAccessorImpl.invoke0(Native Method)
    at sun.reflect.NativeMethodAccessorImpl.invoke(NativeMethodAccessorImpl.java:62)
    at sun.reflect.DelegatingMethodAccessorImpl.invoke(DelegatingMethodAccessorImpl.java:43)
16:13:34.639 [pool-78-thread-1] INFO  f.i.l.c.t.SpecificationTestCasesListener - Tests run finished (0 ms)
<> Total tests run: 1
<> Ignored tests: 0
<> Failed tests: 1
~ test4(introclassJava.digits_f2997e14_000BlackboxTest)
[expected:<Enteraninteger>[8]That'sall,haveaniced...> but was:<Enteraninteger>[00]That'sall,haveaniced...>]
org.junit.ComparisonFailure: expected:<Enteraninteger>[8]That'sall,haveaniced...> but was:<Enteraninteger>[00]That'sall,haveaniced...>    at org.junit.Assert.assertEquals(Assert.java:115)
    at org.junit.Assert.assertEquals(Assert.java:144)
    at introclassJava.digits_f2997e14_000BlackboxTest.test4(digits_f2997e14_000BlackboxTest.java:40)
    at sun.reflect.NativeMethodAccessorImpl.invoke0(Native Method)
    at sun.reflect.NativeMethodAccessorImpl.invoke(NativeMethodAccessorImpl.java:62)
    at sun.reflect.DelegatingMethodAccessorImpl.invoke(DelegatingMethodAccessorImpl.java:43)

org.junit.ComparisonFailure: expected:<Enteraninteger>[67]8-9That'sall,haveani...> but was:<Enteraninteger>[-6-7-]8-9That'sall,haveani...>
    at org.junit.Assert.assertEquals(Assert.java:115)
    at org.junit.Assert.assertEquals(Assert.java:144)
    at introclassJava.digits_f2997e14_000BlackboxTest.test2(digits_f2997e14_000BlackboxTest.java:23)
    at sun.reflect.NativeMethodAccessorImpl.invoke0(Native Method)
    at sun.reflect.NativeMethodAccessorImpl.invoke(NativeMethodAccessorImpl.java:62)
    at sun.reflect.DelegatingMethodAccessorImpl.invoke(DelegatingMethodAccessorImpl.java:43)
16:13:34.641 [pool-79-thread-1] INFO  f.i.l.c.t.SpecificationTestCasesListener - Tests run finished (0 ms)
<> Total tests run: 1
<> Ignored tests: 0
<> Failed tests: 1
~ test2(introclassJava.digits_f2997e14_000BlackboxTest)
[expected:<Enteraninteger>[67]8-9That'sall,haveani...> but was:<Enteraninteger>[-6-7-]8-9That'sall,haveani...>]
org.junit.ComparisonFailure: expected:<Enteraninteger>[67]8-9That'sall,haveani...> but was:<Enteraninteger>[-6-7-]8-9That'sall,haveani...>    at org.junit.Assert.assertEquals(Assert.java:115)
    at org.junit.Assert.assertEquals(Assert.java:144)
    at introclassJava.digits_f2997e14_000BlackboxTest.test2(digits_f2997e14_000BlackboxTest.java:23)
    at sun.reflect.NativeMethodAccessorImpl.invoke0(Native Method)
    at sun.reflect.NativeMethodAccessorImpl.invoke(NativeMethodAccessorImpl.java:62)
    at sun.reflect.DelegatingMethodAccessorImpl.invoke(DelegatingMethodAccessorImpl.java:43)

org.junit.ComparisonFailure: expected:<Enteraninteger>8[]That'sall,haveaniced...> but was:<Enteraninteger>8[0]That'sall,haveaniced...>
    at org.junit.Assert.assertEquals(Assert.java:115)
    at org.junit.Assert.assertEquals(Assert.java:144)
    at introclassJava.digits_f2997e14_000BlackboxTest.test4(digits_f2997e14_000BlackboxTest.java:40)
    at sun.reflect.NativeMethodAccessorImpl.invoke0(Native Method)
    at sun.reflect.NativeMethodAccessorImpl.invoke(NativeMethodAccessorImpl.java:62)
    at sun.reflect.DelegatingMethodAccessorImpl.invoke(DelegatingMethodAccessorImpl.java:43)
16:13:34.642 [pool-80-thread-1] INFO  f.i.l.c.t.SpecificationTestCasesListener - Tests run finished (1 ms)
<> Total tests run: 1
<> Ignored tests: 0
<> Failed tests: 1
~ test4(introclassJava.digits_f2997e14_000BlackboxTest)
[expected:<Enteraninteger>8[]That'sall,haveaniced...> but was:<Enteraninteger>8[0]That'sall,haveaniced...>]
org.junit.ComparisonFailure: expected:<Enteraninteger>8[]That'sall,haveaniced...> but was:<Enteraninteger>8[0]That'sall,haveaniced...>    at org.junit.Assert.assertEquals(Assert.java:115)
    at org.junit.Assert.assertEquals(Assert.java:144)
    at introclassJava.digits_f2997e14_000BlackboxTest.test4(digits_f2997e14_000BlackboxTest.java:40)
    at sun.reflect.NativeMethodAccessorImpl.invoke0(Native Method)
    at sun.reflect.NativeMethodAccessorImpl.invoke(NativeMethodAccessorImpl.java:62)
    at sun.reflect.DelegatingMethodAccessorImpl.invoke(DelegatingMethodAccessorImpl.java:43)

16:13:34.642 [pool-75-thread-1] DEBUG tests.output - Failing tests with false: 
[test2(introclassJava.digits_f2997e14_000BlackboxTest): expected:<Enteraninteger>[678]-9That'sall,haveanic...> but was:<Enteraninteger>[000]-9That'sall,haveanic...>, test4(introclassJava.digits_f2997e14_000BlackboxTest): expected:<Enteraninteger>[8]That'sall,haveaniced...> but was:<Enteraninteger>[00]That'sall,haveaniced...>]
16:13:34.642 [pool-75-thread-1] DEBUG tests.output - Failing tests with true: 
[test2(introclassJava.digits_f2997e14_000BlackboxTest): expected:<Enteraninteger>[67]8-9That'sall,haveani...> but was:<Enteraninteger>[-6-7-]8-9That'sall,haveani...>, test4(introclassJava.digits_f2997e14_000BlackboxTest): expected:<Enteraninteger>8[]That'sall,haveaniced...> but was:<Enteraninteger>8[0]That'sall,haveaniced...>]
16:13:34.642 [pool-75-thread-1] INFO  f.i.l.r.n.synth.SMTNopolSynthesizer - Not enough specifications: 0. A trivial patch is "true" or "false", please write new tests specifying SourceLocation introclassJava.digits_f2997e14_000:65.
16:13:34.642 [pool-2-thread-1] DEBUG fr.inria.lille.repair.nopol.NoPol - statement #11
16:13:34.642 [pool-2-thread-1] DEBUG fr.inria.lille.repair.nopol.NoPol - Analysing SourceLocation introclassJava.digits_f2997e14_000:63 which is executed by 16 tests
-1272757752
16:13:34.683 [pool-2-thread-1] DEBUG fr.inria.lille.repair.nopol.NoPol - looking with class fr.inria.lille.repair.nopol.spoon.smt.ConditionalAdder
org.junit.ComparisonFailure: expected:<Enteraninteger>[67]8-9That'sall,haveani...> but was:<Enteraninteger>[-6-7-]8-9That'sall,haveani...>
    at org.junit.Assert.assertEquals(Assert.java:115)
    at org.junit.Assert.assertEquals(Assert.java:144)
    at introclassJava.digits_f2997e14_000BlackboxTest.test2(digits_f2997e14_000BlackboxTest.java:23)
    at sun.reflect.NativeMethodAccessorImpl.invoke0(Native Method)
    at sun.reflect.NativeMethodAccessorImpl.invoke(NativeMethodAccessorImpl.java:62)
    at sun.reflect.DelegatingMethodAccessorImpl.invoke(DelegatingMethodAccessorImpl.java:43)
org.junit.ComparisonFailure: expected:<Enteraninteger>8[]That'sall,haveaniced...> but was:<Enteraninteger>8[0]That'sall,haveaniced...>
    at org.junit.Assert.assertEquals(Assert.java:115)
    at org.junit.Assert.assertEquals(Assert.java:144)
    at introclassJava.digits_f2997e14_000BlackboxTest.test4(digits_f2997e14_000BlackboxTest.java:40)
    at sun.reflect.NativeMethodAccessorImpl.invoke0(Native Method)
    at sun.reflect.NativeMethodAccessorImpl.invoke(NativeMethodAccessorImpl.java:62)
    at sun.reflect.DelegatingMethodAccessorImpl.invoke(DelegatingMethodAccessorImpl.java:43)
org.junit.ComparisonFailure: expected:<Enteraninteger>[67]8-9That'sall,haveani...> but was:<Enteraninteger>[-6-7-]8-9That'sall,haveani...>
    at org.junit.Assert.assertEquals(Assert.java:115)
    at org.junit.Assert.assertEquals(Assert.java:144)
    at introclassJava.digits_f2997e14_000BlackboxTest.test2(digits_f2997e14_000BlackboxTest.java:23)
    at sun.reflect.NativeMethodAccessorImpl.invoke0(Native Method)
    at sun.reflect.NativeMethodAccessorImpl.invoke(NativeMethodAccessorImpl.java:62)
    at sun.reflect.DelegatingMethodAccessorImpl.invoke(DelegatingMethodAccessorImpl.java:43)
org.junit.ComparisonFailure: expected:<Enteraninteger>8[]That'sall,haveaniced...> but was:<Enteraninteger>8[0]That'sall,haveaniced...>
    at org.junit.Assert.assertEquals(Assert.java:115)
    at org.junit.Assert.assertEquals(Assert.java:144)
    at introclassJava.digits_f2997e14_000BlackboxTest.test4(digits_f2997e14_000BlackboxTest.java:40)
    at sun.reflect.NativeMethodAccessorImpl.invoke0(Native Method)
    at sun.reflect.NativeMethodAccessorImpl.invoke(NativeMethodAccessorImpl.java:62)
    at sun.reflect.DelegatingMethodAccessorImpl.invoke(DelegatingMethodAccessorImpl.java:43)
16:13:34.691 [pool-82-thread-1] INFO  xxl.java.junit.TestCasesListener - Tests run finished (6 ms)
<> Total tests run: 12
<> Ignored tests: 0
<> Failed tests: 4
~ test2(introclassJava.digits_f2997e14_000BlackboxTest)
[expected:<Enteraninteger>[67]8-9That'sall,haveani...> but was:<Enteraninteger>[-6-7-]8-9That'sall,haveani...>]
org.junit.ComparisonFailure: expected:<Enteraninteger>[67]8-9That'sall,haveani...> but was:<Enteraninteger>[-6-7-]8-9That'sall,haveani...>    at org.junit.Assert.assertEquals(Assert.java:115)
    at org.junit.Assert.assertEquals(Assert.java:144)
    at introclassJava.digits_f2997e14_000BlackboxTest.test2(digits_f2997e14_000BlackboxTest.java:23)
    at sun.reflect.NativeMethodAccessorImpl.invoke0(Native Method)
    at sun.reflect.NativeMethodAccessorImpl.invoke(NativeMethodAccessorImpl.java:62)
    at sun.reflect.DelegatingMethodAccessorImpl.invoke(DelegatingMethodAccessorImpl.java:43)
~ test4(introclassJava.digits_f2997e14_000BlackboxTest)
[expected:<Enteraninteger>8[]That'sall,haveaniced...> but was:<Enteraninteger>8[0]That'sall,haveaniced...>]
org.junit.ComparisonFailure: expected:<Enteraninteger>8[]That'sall,haveaniced...> but was:<Enteraninteger>8[0]That'sall,haveaniced...>    at org.junit.Assert.assertEquals(Assert.java:115)
    at org.junit.Assert.assertEquals(Assert.java:144)
    at introclassJava.digits_f2997e14_000BlackboxTest.test4(digits_f2997e14_000BlackboxTest.java:40)
    at sun.reflect.NativeMethodAccessorImpl.invoke0(Native Method)
    at sun.reflect.NativeMethodAccessorImpl.invoke(NativeMethodAccessorImpl.java:62)
    at sun.reflect.DelegatingMethodAccessorImpl.invoke(DelegatingMethodAccessorImpl.java:43)
~ test2(introclassJava.digits_f2997e14_000BlackboxTest)
[expected:<Enteraninteger>[67]8-9That'sall,haveani...> but was:<Enteraninteger>[-6-7-]8-9That'sall,haveani...>]
org.junit.ComparisonFailure: expected:<Enteraninteger>[67]8-9That'sall,haveani...> but was:<Enteraninteger>[-6-7-]8-9That'sall,haveani...>    at org.junit.Assert.assertEquals(Assert.java:115)
    at org.junit.Assert.assertEquals(Assert.java:144)
    at introclassJava.digits_f2997e14_000BlackboxTest.test2(digits_f2997e14_000BlackboxTest.java:23)
    at sun.reflect.NativeMethodAccessorImpl.invoke0(Native Method)
    at sun.reflect.NativeMethodAccessorImpl.invoke(NativeMethodAccessorImpl.java:62)
    at sun.reflect.DelegatingMethodAccessorImpl.invoke(DelegatingMethodAccessorImpl.java:43)
~ test4(introclassJava.digits_f2997e14_000BlackboxTest)
[expected:<Enteraninteger>8[]That'sall,haveaniced...> but was:<Enteraninteger>8[0]That'sall,haveaniced...>]
org.junit.ComparisonFailure: expected:<Enteraninteger>8[]That'sall,haveaniced...> but was:<Enteraninteger>8[0]That'sall,haveaniced...>    at org.junit.Assert.assertEquals(Assert.java:115)
    at org.junit.Assert.assertEquals(Assert.java:144)
    at introclassJava.digits_f2997e14_000BlackboxTest.test4(digits_f2997e14_000BlackboxTest.java:40)
    at sun.reflect.NativeMethodAccessorImpl.invoke0(Native Method)
    at sun.reflect.NativeMethodAccessorImpl.invoke(NativeMethodAccessorImpl.java:62)
    at sun.reflect.DelegatingMethodAccessorImpl.invoke(DelegatingMethodAccessorImpl.java:43)

org.junit.ComparisonFailure: expected:<Enteraninteger>[67]8-9That'sall,haveani...> but was:<Enteraninteger>[-6-7-]8-9That'sall,haveani...>
    at org.junit.Assert.assertEquals(Assert.java:115)
    at org.junit.Assert.assertEquals(Assert.java:144)
    at introclassJava.digits_f2997e14_000BlackboxTest.test2(digits_f2997e14_000BlackboxTest.java:23)
    at sun.reflect.NativeMethodAccessorImpl.invoke0(Native Method)
    at sun.reflect.NativeMethodAccessorImpl.invoke(NativeMethodAccessorImpl.java:62)
    at sun.reflect.DelegatingMethodAccessorImpl.invoke(DelegatingMethodAccessorImpl.java:43)
16:13:34.762 [pool-83-thread-1] INFO  f.i.l.c.t.SpecificationTestCasesListener - Tests run finished (2 ms)
<> Total tests run: 1
<> Ignored tests: 0
<> Failed tests: 1
~ test2(introclassJava.digits_f2997e14_000BlackboxTest)
[expected:<Enteraninteger>[67]8-9That'sall,haveani...> but was:<Enteraninteger>[-6-7-]8-9That'sall,haveani...>]
org.junit.ComparisonFailure: expected:<Enteraninteger>[67]8-9That'sall,haveani...> but was:<Enteraninteger>[-6-7-]8-9That'sall,haveani...>    at org.junit.Assert.assertEquals(Assert.java:115)
    at org.junit.Assert.assertEquals(Assert.java:144)
    at introclassJava.digits_f2997e14_000BlackboxTest.test2(digits_f2997e14_000BlackboxTest.java:23)
    at sun.reflect.NativeMethodAccessorImpl.invoke0(Native Method)
    at sun.reflect.NativeMethodAccessorImpl.invoke(NativeMethodAccessorImpl.java:62)
    at sun.reflect.DelegatingMethodAccessorImpl.invoke(DelegatingMethodAccessorImpl.java:43)

org.junit.ComparisonFailure: expected:<Enteraninteger>8[]That'sall,haveaniced...> but was:<Enteraninteger>8[0]That'sall,haveaniced...>
    at org.junit.Assert.assertEquals(Assert.java:115)
    at org.junit.Assert.assertEquals(Assert.java:144)
    at introclassJava.digits_f2997e14_000BlackboxTest.test4(digits_f2997e14_000BlackboxTest.java:40)
    at sun.reflect.NativeMethodAccessorImpl.invoke0(Native Method)
    at sun.reflect.NativeMethodAccessorImpl.invoke(NativeMethodAccessorImpl.java:62)
    at sun.reflect.DelegatingMethodAccessorImpl.invoke(DelegatingMethodAccessorImpl.java:43)
16:13:34.763 [pool-84-thread-1] INFO  f.i.l.c.t.SpecificationTestCasesListener - Tests run finished (1 ms)
<> Total tests run: 1
<> Ignored tests: 0
<> Failed tests: 1
~ test4(introclassJava.digits_f2997e14_000BlackboxTest)
[expected:<Enteraninteger>8[]That'sall,haveaniced...> but was:<Enteraninteger>8[0]That'sall,haveaniced...>]
org.junit.ComparisonFailure: expected:<Enteraninteger>8[]That'sall,haveaniced...> but was:<Enteraninteger>8[0]That'sall,haveaniced...>    at org.junit.Assert.assertEquals(Assert.java:115)
    at org.junit.Assert.assertEquals(Assert.java:144)
    at introclassJava.digits_f2997e14_000BlackboxTest.test4(digits_f2997e14_000BlackboxTest.java:40)
    at sun.reflect.NativeMethodAccessorImpl.invoke0(Native Method)
    at sun.reflect.NativeMethodAccessorImpl.invoke(NativeMethodAccessorImpl.java:62)
    at sun.reflect.DelegatingMethodAccessorImpl.invoke(DelegatingMethodAccessorImpl.java:43)

org.junit.ComparisonFailure: expected:<Enteraninteger>[67]8-9That'sall,haveani...> but was:<Enteraninteger>[-6-7-]8-9That'sall,haveani...>
    at org.junit.Assert.assertEquals(Assert.java:115)
    at org.junit.Assert.assertEquals(Assert.java:144)
    at introclassJava.digits_f2997e14_000BlackboxTest.test2(digits_f2997e14_000BlackboxTest.java:23)
    at sun.reflect.NativeMethodAccessorImpl.invoke0(Native Method)
    at sun.reflect.NativeMethodAccessorImpl.invoke(NativeMethodAccessorImpl.java:62)
    at sun.reflect.DelegatingMethodAccessorImpl.invoke(DelegatingMethodAccessorImpl.java:43)
16:13:34.764 [pool-85-thread-1] INFO  f.i.l.c.t.SpecificationTestCasesListener - Tests run finished (1 ms)
<> Total tests run: 1
<> Ignored tests: 0
<> Failed tests: 1
~ test2(introclassJava.digits_f2997e14_000BlackboxTest)
[expected:<Enteraninteger>[67]8-9That'sall,haveani...> but was:<Enteraninteger>[-6-7-]8-9That'sall,haveani...>]
org.junit.ComparisonFailure: expected:<Enteraninteger>[67]8-9That'sall,haveani...> but was:<Enteraninteger>[-6-7-]8-9That'sall,haveani...>    at org.junit.Assert.assertEquals(Assert.java:115)
    at org.junit.Assert.assertEquals(Assert.java:144)
    at introclassJava.digits_f2997e14_000BlackboxTest.test2(digits_f2997e14_000BlackboxTest.java:23)
    at sun.reflect.NativeMethodAccessorImpl.invoke0(Native Method)
    at sun.reflect.NativeMethodAccessorImpl.invoke(NativeMethodAccessorImpl.java:62)
    at sun.reflect.DelegatingMethodAccessorImpl.invoke(DelegatingMethodAccessorImpl.java:43)

org.junit.ComparisonFailure: expected:<Enteraninteger>8[]That'sall,haveaniced...> but was:<Enteraninteger>8[0]That'sall,haveaniced...>
    at org.junit.Assert.assertEquals(Assert.java:115)
    at org.junit.Assert.assertEquals(Assert.java:144)
    at introclassJava.digits_f2997e14_000BlackboxTest.test4(digits_f2997e14_000BlackboxTest.java:40)
    at sun.reflect.NativeMethodAccessorImpl.invoke0(Native Method)
    at sun.reflect.NativeMethodAccessorImpl.invoke(NativeMethodAccessorImpl.java:62)
    at sun.reflect.DelegatingMethodAccessorImpl.invoke(DelegatingMethodAccessorImpl.java:43)
16:13:34.765 [pool-86-thread-1] INFO  f.i.l.c.t.SpecificationTestCasesListener - Tests run finished (0 ms)
<> Total tests run: 1
<> Ignored tests: 0
<> Failed tests: 1
~ test4(introclassJava.digits_f2997e14_000BlackboxTest)
[expected:<Enteraninteger>8[]That'sall,haveaniced...> but was:<Enteraninteger>8[0]That'sall,haveaniced...>]
org.junit.ComparisonFailure: expected:<Enteraninteger>8[]That'sall,haveaniced...> but was:<Enteraninteger>8[0]That'sall,haveaniced...>    at org.junit.Assert.assertEquals(Assert.java:115)
    at org.junit.Assert.assertEquals(Assert.java:144)
    at introclassJava.digits_f2997e14_000BlackboxTest.test4(digits_f2997e14_000BlackboxTest.java:40)
    at sun.reflect.NativeMethodAccessorImpl.invoke0(Native Method)
    at sun.reflect.NativeMethodAccessorImpl.invoke(NativeMethodAccessorImpl.java:62)
    at sun.reflect.DelegatingMethodAccessorImpl.invoke(DelegatingMethodAccessorImpl.java:43)

16:13:34.765 [pool-81-thread-1] DEBUG tests.output - Failing tests with false: 
[test2(introclassJava.digits_f2997e14_000BlackboxTest): expected:<Enteraninteger>[67]8-9That'sall,haveani...> but was:<Enteraninteger>[-6-7-]8-9That'sall,haveani...>, test4(introclassJava.digits_f2997e14_000BlackboxTest): expected:<Enteraninteger>8[]That'sall,haveaniced...> but was:<Enteraninteger>8[0]That'sall,haveaniced...>]
16:13:34.765 [pool-81-thread-1] DEBUG tests.output - Failing tests with true: 
[test2(introclassJava.digits_f2997e14_000BlackboxTest): expected:<Enteraninteger>[67]8-9That'sall,haveani...> but was:<Enteraninteger>[-6-7-]8-9That'sall,haveani...>, test4(introclassJava.digits_f2997e14_000BlackboxTest): expected:<Enteraninteger>8[]That'sall,haveaniced...> but was:<Enteraninteger>8[0]That'sall,haveaniced...>]
16:13:34.765 [pool-81-thread-1] INFO  f.i.l.r.n.synth.SMTNopolSynthesizer - Not enough specifications: 0. A trivial patch is "true" or "false", please write new tests specifying SourceLocation introclassJava.digits_f2997e14_000:63.
16:13:34.765 [pool-2-thread-1] DEBUG fr.inria.lille.repair.nopol.NoPol - statement #12
16:13:34.765 [pool-2-thread-1] DEBUG fr.inria.lille.repair.nopol.NoPol - Analysing SourceLocation introclassJava.digits_f2997e14_000:62 which is executed by 16 tests
-1272757752
16:13:34.804 [pool-2-thread-1] DEBUG fr.inria.lille.repair.nopol.NoPol - looking with class fr.inria.lille.repair.nopol.spoon.smt.ConditionalAdder
org.junit.ComparisonFailure: expected:<Enteraninteger>[67]8-9That'sall,haveani...> but was:<Enteraninteger>[-6-7-]8-9That'sall,haveani...>
    at org.junit.Assert.assertEquals(Assert.java:115)
    at org.junit.Assert.assertEquals(Assert.java:144)
    at introclassJava.digits_f2997e14_000BlackboxTest.test2(digits_f2997e14_000BlackboxTest.java:23)
    at sun.reflect.NativeMethodAccessorImpl.invoke0(Native Method)
    at sun.reflect.NativeMethodAccessorImpl.invoke(NativeMethodAccessorImpl.java:62)
    at sun.reflect.DelegatingMethodAccessorImpl.invoke(DelegatingMethodAccessorImpl.java:43)
org.junit.ComparisonFailure: expected:<Enteraninteger>8[]That'sall,haveaniced...> but was:<Enteraninteger>8[0]That'sall,haveaniced...>
    at org.junit.Assert.assertEquals(Assert.java:115)
    at org.junit.Assert.assertEquals(Assert.java:144)
    at introclassJava.digits_f2997e14_000BlackboxTest.test4(digits_f2997e14_000BlackboxTest.java:40)
    at sun.reflect.NativeMethodAccessorImpl.invoke0(Native Method)
    at sun.reflect.NativeMethodAccessorImpl.invoke(NativeMethodAccessorImpl.java:62)
    at sun.reflect.DelegatingMethodAccessorImpl.invoke(DelegatingMethodAccessorImpl.java:43)
org.junit.ComparisonFailure: expected:<Enteraninteger>[67]8-9That'sall,haveani...> but was:<Enteraninteger>[-6-7-]8-9That'sall,haveani...>
    at org.junit.Assert.assertEquals(Assert.java:115)
    at org.junit.Assert.assertEquals(Assert.java:144)
    at introclassJava.digits_f2997e14_000BlackboxTest.test2(digits_f2997e14_000BlackboxTest.java:23)
    at sun.reflect.NativeMethodAccessorImpl.invoke0(Native Method)
    at sun.reflect.NativeMethodAccessorImpl.invoke(NativeMethodAccessorImpl.java:62)
    at sun.reflect.DelegatingMethodAccessorImpl.invoke(DelegatingMethodAccessorImpl.java:43)
org.junit.ComparisonFailure: expected:<Enteraninteger>8[]That'sall,haveaniced...> but was:<Enteraninteger>8[0]That'sall,haveaniced...>
    at org.junit.Assert.assertEquals(Assert.java:115)
    at org.junit.Assert.assertEquals(Assert.java:144)
    at introclassJava.digits_f2997e14_000BlackboxTest.test4(digits_f2997e14_000BlackboxTest.java:40)
    at sun.reflect.NativeMethodAccessorImpl.invoke0(Native Method)
    at sun.reflect.NativeMethodAccessorImpl.invoke(NativeMethodAccessorImpl.java:62)
    at sun.reflect.DelegatingMethodAccessorImpl.invoke(DelegatingMethodAccessorImpl.java:43)
16:13:34.811 [pool-88-thread-1] INFO  xxl.java.junit.TestCasesListener - Tests run finished (5 ms)
<> Total tests run: 12
<> Ignored tests: 0
<> Failed tests: 4
~ test2(introclassJava.digits_f2997e14_000BlackboxTest)
[expected:<Enteraninteger>[67]8-9That'sall,haveani...> but was:<Enteraninteger>[-6-7-]8-9That'sall,haveani...>]
org.junit.ComparisonFailure: expected:<Enteraninteger>[67]8-9That'sall,haveani...> but was:<Enteraninteger>[-6-7-]8-9That'sall,haveani...>    at org.junit.Assert.assertEquals(Assert.java:115)
    at org.junit.Assert.assertEquals(Assert.java:144)
    at introclassJava.digits_f2997e14_000BlackboxTest.test2(digits_f2997e14_000BlackboxTest.java:23)
    at sun.reflect.NativeMethodAccessorImpl.invoke0(Native Method)
    at sun.reflect.NativeMethodAccessorImpl.invoke(NativeMethodAccessorImpl.java:62)
    at sun.reflect.DelegatingMethodAccessorImpl.invoke(DelegatingMethodAccessorImpl.java:43)
~ test4(introclassJava.digits_f2997e14_000BlackboxTest)
[expected:<Enteraninteger>8[]That'sall,haveaniced...> but was:<Enteraninteger>8[0]That'sall,haveaniced...>]
org.junit.ComparisonFailure: expected:<Enteraninteger>8[]That'sall,haveaniced...> but was:<Enteraninteger>8[0]That'sall,haveaniced...>    at org.junit.Assert.assertEquals(Assert.java:115)
    at org.junit.Assert.assertEquals(Assert.java:144)
    at introclassJava.digits_f2997e14_000BlackboxTest.test4(digits_f2997e14_000BlackboxTest.java:40)
    at sun.reflect.NativeMethodAccessorImpl.invoke0(Native Method)
    at sun.reflect.NativeMethodAccessorImpl.invoke(NativeMethodAccessorImpl.java:62)
    at sun.reflect.DelegatingMethodAccessorImpl.invoke(DelegatingMethodAccessorImpl.java:43)
~ test2(introclassJava.digits_f2997e14_000BlackboxTest)
[expected:<Enteraninteger>[67]8-9That'sall,haveani...> but was:<Enteraninteger>[-6-7-]8-9That'sall,haveani...>]
org.junit.ComparisonFailure: expected:<Enteraninteger>[67]8-9That'sall,haveani...> but was:<Enteraninteger>[-6-7-]8-9That'sall,haveani...>    at org.junit.Assert.assertEquals(Assert.java:115)
    at org.junit.Assert.assertEquals(Assert.java:144)
    at introclassJava.digits_f2997e14_000BlackboxTest.test2(digits_f2997e14_000BlackboxTest.java:23)
    at sun.reflect.NativeMethodAccessorImpl.invoke0(Native Method)
    at sun.reflect.NativeMethodAccessorImpl.invoke(NativeMethodAccessorImpl.java:62)
    at sun.reflect.DelegatingMethodAccessorImpl.invoke(DelegatingMethodAccessorImpl.java:43)
~ test4(introclassJava.digits_f2997e14_000BlackboxTest)
[expected:<Enteraninteger>8[]That'sall,haveaniced...> but was:<Enteraninteger>8[0]That'sall,haveaniced...>]
org.junit.ComparisonFailure: expected:<Enteraninteger>8[]That'sall,haveaniced...> but was:<Enteraninteger>8[0]That'sall,haveaniced...>    at org.junit.Assert.assertEquals(Assert.java:115)
    at org.junit.Assert.assertEquals(Assert.java:144)
    at introclassJava.digits_f2997e14_000BlackboxTest.test4(digits_f2997e14_000BlackboxTest.java:40)
    at sun.reflect.NativeMethodAccessorImpl.invoke0(Native Method)
    at sun.reflect.NativeMethodAccessorImpl.invoke(NativeMethodAccessorImpl.java:62)
    at sun.reflect.DelegatingMethodAccessorImpl.invoke(DelegatingMethodAccessorImpl.java:43)

org.junit.ComparisonFailure: expected:<Enteraninteger>[678-9]That'sall,haveaniced...> but was:<Enteraninteger>[0]That'sall,haveaniced...>
    at org.junit.Assert.assertEquals(Assert.java:115)
    at org.junit.Assert.assertEquals(Assert.java:144)
    at introclassJava.digits_f2997e14_000BlackboxTest.test2(digits_f2997e14_000BlackboxTest.java:23)
    at sun.reflect.NativeMethodAccessorImpl.invoke0(Native Method)
    at sun.reflect.NativeMethodAccessorImpl.invoke(NativeMethodAccessorImpl.java:62)
    at sun.reflect.DelegatingMethodAccessorImpl.invoke(DelegatingMethodAccessorImpl.java:43)
16:13:34.879 [pool-89-thread-1] INFO  f.i.l.c.t.SpecificationTestCasesListener - Tests run finished (2 ms)
<> Total tests run: 1
<> Ignored tests: 0
<> Failed tests: 1
~ test2(introclassJava.digits_f2997e14_000BlackboxTest)
[expected:<Enteraninteger>[678-9]That'sall,haveaniced...> but was:<Enteraninteger>[0]That'sall,haveaniced...>]
org.junit.ComparisonFailure: expected:<Enteraninteger>[678-9]That'sall,haveaniced...> but was:<Enteraninteger>[0]That'sall,haveaniced...>    at org.junit.Assert.assertEquals(Assert.java:115)
    at org.junit.Assert.assertEquals(Assert.java:144)
    at introclassJava.digits_f2997e14_000BlackboxTest.test2(digits_f2997e14_000BlackboxTest.java:23)
    at sun.reflect.NativeMethodAccessorImpl.invoke0(Native Method)
    at sun.reflect.NativeMethodAccessorImpl.invoke(NativeMethodAccessorImpl.java:62)
    at sun.reflect.DelegatingMethodAccessorImpl.invoke(DelegatingMethodAccessorImpl.java:43)

org.junit.ComparisonFailure: expected:<Enteraninteger>[8]That'sall,haveaniced...> but was:<Enteraninteger>[0]That'sall,haveaniced...>
    at org.junit.Assert.assertEquals(Assert.java:115)
    at org.junit.Assert.assertEquals(Assert.java:144)
    at introclassJava.digits_f2997e14_000BlackboxTest.test4(digits_f2997e14_000BlackboxTest.java:40)
    at sun.reflect.NativeMethodAccessorImpl.invoke0(Native Method)
    at sun.reflect.NativeMethodAccessorImpl.invoke(NativeMethodAccessorImpl.java:62)
    at sun.reflect.DelegatingMethodAccessorImpl.invoke(DelegatingMethodAccessorImpl.java:43)
16:13:34.880 [pool-90-thread-1] INFO  f.i.l.c.t.SpecificationTestCasesListener - Tests run finished (1 ms)
<> Total tests run: 1
<> Ignored tests: 0
<> Failed tests: 1
~ test4(introclassJava.digits_f2997e14_000BlackboxTest)
[expected:<Enteraninteger>[8]That'sall,haveaniced...> but was:<Enteraninteger>[0]That'sall,haveaniced...>]
org.junit.ComparisonFailure: expected:<Enteraninteger>[8]That'sall,haveaniced...> but was:<Enteraninteger>[0]That'sall,haveaniced...>    at org.junit.Assert.assertEquals(Assert.java:115)
    at org.junit.Assert.assertEquals(Assert.java:144)
    at introclassJava.digits_f2997e14_000BlackboxTest.test4(digits_f2997e14_000BlackboxTest.java:40)
    at sun.reflect.NativeMethodAccessorImpl.invoke0(Native Method)
    at sun.reflect.NativeMethodAccessorImpl.invoke(NativeMethodAccessorImpl.java:62)
    at sun.reflect.DelegatingMethodAccessorImpl.invoke(DelegatingMethodAccessorImpl.java:43)

org.junit.ComparisonFailure: expected:<Enteraninteger>[67]8-9That'sall,haveani...> but was:<Enteraninteger>[-6-7-]8-9That'sall,haveani...>
    at org.junit.Assert.assertEquals(Assert.java:115)
    at org.junit.Assert.assertEquals(Assert.java:144)
    at introclassJava.digits_f2997e14_000BlackboxTest.test2(digits_f2997e14_000BlackboxTest.java:23)
    at sun.reflect.NativeMethodAccessorImpl.invoke0(Native Method)
    at sun.reflect.NativeMethodAccessorImpl.invoke(NativeMethodAccessorImpl.java:62)
    at sun.reflect.DelegatingMethodAccessorImpl.invoke(DelegatingMethodAccessorImpl.java:43)
16:13:34.881 [pool-91-thread-1] INFO  f.i.l.c.t.SpecificationTestCasesListener - Tests run finished (0 ms)
<> Total tests run: 1
<> Ignored tests: 0
<> Failed tests: 1
~ test2(introclassJava.digits_f2997e14_000BlackboxTest)
[expected:<Enteraninteger>[67]8-9That'sall,haveani...> but was:<Enteraninteger>[-6-7-]8-9That'sall,haveani...>]
org.junit.ComparisonFailure: expected:<Enteraninteger>[67]8-9That'sall,haveani...> but was:<Enteraninteger>[-6-7-]8-9That'sall,haveani...>    at org.junit.Assert.assertEquals(Assert.java:115)
    at org.junit.Assert.assertEquals(Assert.java:144)
    at introclassJava.digits_f2997e14_000BlackboxTest.test2(digits_f2997e14_000BlackboxTest.java:23)
    at sun.reflect.NativeMethodAccessorImpl.invoke0(Native Method)
    at sun.reflect.NativeMethodAccessorImpl.invoke(NativeMethodAccessorImpl.java:62)
    at sun.reflect.DelegatingMethodAccessorImpl.invoke(DelegatingMethodAccessorImpl.java:43)

org.junit.ComparisonFailure: expected:<Enteraninteger>8[]That'sall,haveaniced...> but was:<Enteraninteger>8[0]That'sall,haveaniced...>
    at org.junit.Assert.assertEquals(Assert.java:115)
    at org.junit.Assert.assertEquals(Assert.java:144)
    at introclassJava.digits_f2997e14_000BlackboxTest.test4(digits_f2997e14_000BlackboxTest.java:40)
    at sun.reflect.NativeMethodAccessorImpl.invoke0(Native Method)
    at sun.reflect.NativeMethodAccessorImpl.invoke(NativeMethodAccessorImpl.java:62)
    at sun.reflect.DelegatingMethodAccessorImpl.invoke(DelegatingMethodAccessorImpl.java:43)
16:13:34.882 [pool-92-thread-1] INFO  f.i.l.c.t.SpecificationTestCasesListener - Tests run finished (0 ms)
<> Total tests run: 1
<> Ignored tests: 0
<> Failed tests: 1
~ test4(introclassJava.digits_f2997e14_000BlackboxTest)
[expected:<Enteraninteger>8[]That'sall,haveaniced...> but was:<Enteraninteger>8[0]That'sall,haveaniced...>]
org.junit.ComparisonFailure: expected:<Enteraninteger>8[]That'sall,haveaniced...> but was:<Enteraninteger>8[0]That'sall,haveaniced...>    at org.junit.Assert.assertEquals(Assert.java:115)
    at org.junit.Assert.assertEquals(Assert.java:144)
    at introclassJava.digits_f2997e14_000BlackboxTest.test4(digits_f2997e14_000BlackboxTest.java:40)
    at sun.reflect.NativeMethodAccessorImpl.invoke0(Native Method)
    at sun.reflect.NativeMethodAccessorImpl.invoke(NativeMethodAccessorImpl.java:62)
    at sun.reflect.DelegatingMethodAccessorImpl.invoke(DelegatingMethodAccessorImpl.java:43)

16:13:34.883 [pool-87-thread-1] DEBUG tests.output - Failing tests with false: 
[test2(introclassJava.digits_f2997e14_000BlackboxTest): expected:<Enteraninteger>[678-9]That'sall,haveaniced...> but was:<Enteraninteger>[0]That'sall,haveaniced...>, test4(introclassJava.digits_f2997e14_000BlackboxTest): expected:<Enteraninteger>[8]That'sall,haveaniced...> but was:<Enteraninteger>[0]That'sall,haveaniced...>]
16:13:34.883 [pool-87-thread-1] DEBUG tests.output - Failing tests with true: 
[test2(introclassJava.digits_f2997e14_000BlackboxTest): expected:<Enteraninteger>[67]8-9That'sall,haveani...> but was:<Enteraninteger>[-6-7-]8-9That'sall,haveani...>, test4(introclassJava.digits_f2997e14_000BlackboxTest): expected:<Enteraninteger>8[]That'sall,haveaniced...> but was:<Enteraninteger>8[0]That'sall,haveaniced...>]
16:13:34.883 [pool-87-thread-1] INFO  f.i.l.r.n.synth.SMTNopolSynthesizer - Not enough specifications: 0. A trivial patch is "true" or "false", please write new tests specifying SourceLocation introclassJava.digits_f2997e14_000:62.
16:13:34.883 [pool-2-thread-1] DEBUG fr.inria.lille.repair.nopol.NoPol - statement #13
16:13:34.883 [pool-2-thread-1] DEBUG fr.inria.lille.repair.nopol.NoPol - Analysing SourceLocation introclassJava.digits_f2997e14_000:61 which is executed by 16 tests
-1272757752
16:13:34.922 [pool-2-thread-1] DEBUG fr.inria.lille.repair.nopol.NoPol - looking with class fr.inria.lille.repair.nopol.spoon.smt.ConditionalAdder
org.junit.ComparisonFailure: expected:<Enteraninteger>[67]8-9That'sall,haveani...> but was:<Enteraninteger>[-6-7-]8-9That'sall,haveani...>
    at org.junit.Assert.assertEquals(Assert.java:115)
    at org.junit.Assert.assertEquals(Assert.java:144)
    at introclassJava.digits_f2997e14_000BlackboxTest.test2(digits_f2997e14_000BlackboxTest.java:23)
    at sun.reflect.NativeMethodAccessorImpl.invoke0(Native Method)
    at sun.reflect.NativeMethodAccessorImpl.invoke(NativeMethodAccessorImpl.java:62)
    at sun.reflect.DelegatingMethodAccessorImpl.invoke(DelegatingMethodAccessorImpl.java:43)
org.junit.ComparisonFailure: expected:<Enteraninteger>8[]That'sall,haveaniced...> but was:<Enteraninteger>8[0]That'sall,haveaniced...>
    at org.junit.Assert.assertEquals(Assert.java:115)
    at org.junit.Assert.assertEquals(Assert.java:144)
    at introclassJava.digits_f2997e14_000BlackboxTest.test4(digits_f2997e14_000BlackboxTest.java:40)
    at sun.reflect.NativeMethodAccessorImpl.invoke0(Native Method)
    at sun.reflect.NativeMethodAccessorImpl.invoke(NativeMethodAccessorImpl.java:62)
    at sun.reflect.DelegatingMethodAccessorImpl.invoke(DelegatingMethodAccessorImpl.java:43)
org.junit.ComparisonFailure: expected:<Enteraninteger>[67]8-9That'sall,haveani...> but was:<Enteraninteger>[-6-7-]8-9That'sall,haveani...>
    at org.junit.Assert.assertEquals(Assert.java:115)
    at org.junit.Assert.assertEquals(Assert.java:144)
    at introclassJava.digits_f2997e14_000BlackboxTest.test2(digits_f2997e14_000BlackboxTest.java:23)
    at sun.reflect.NativeMethodAccessorImpl.invoke0(Native Method)
    at sun.reflect.NativeMethodAccessorImpl.invoke(NativeMethodAccessorImpl.java:62)
    at sun.reflect.DelegatingMethodAccessorImpl.invoke(DelegatingMethodAccessorImpl.java:43)
org.junit.ComparisonFailure: expected:<Enteraninteger>8[]That'sall,haveaniced...> but was:<Enteraninteger>8[0]That'sall,haveaniced...>
    at org.junit.Assert.assertEquals(Assert.java:115)
    at org.junit.Assert.assertEquals(Assert.java:144)
    at introclassJava.digits_f2997e14_000BlackboxTest.test4(digits_f2997e14_000BlackboxTest.java:40)
    at sun.reflect.NativeMethodAccessorImpl.invoke0(Native Method)
    at sun.reflect.NativeMethodAccessorImpl.invoke(NativeMethodAccessorImpl.java:62)
    at sun.reflect.DelegatingMethodAccessorImpl.invoke(DelegatingMethodAccessorImpl.java:43)
16:13:34.929 [pool-94-thread-1] INFO  xxl.java.junit.TestCasesListener - Tests run finished (5 ms)
<> Total tests run: 12
<> Ignored tests: 0
<> Failed tests: 4
~ test2(introclassJava.digits_f2997e14_000BlackboxTest)
[expected:<Enteraninteger>[67]8-9That'sall,haveani...> but was:<Enteraninteger>[-6-7-]8-9That'sall,haveani...>]
org.junit.ComparisonFailure: expected:<Enteraninteger>[67]8-9That'sall,haveani...> but was:<Enteraninteger>[-6-7-]8-9That'sall,haveani...>    at org.junit.Assert.assertEquals(Assert.java:115)
    at org.junit.Assert.assertEquals(Assert.java:144)
    at introclassJava.digits_f2997e14_000BlackboxTest.test2(digits_f2997e14_000BlackboxTest.java:23)
    at sun.reflect.NativeMethodAccessorImpl.invoke0(Native Method)
    at sun.reflect.NativeMethodAccessorImpl.invoke(NativeMethodAccessorImpl.java:62)
    at sun.reflect.DelegatingMethodAccessorImpl.invoke(DelegatingMethodAccessorImpl.java:43)
~ test4(introclassJava.digits_f2997e14_000BlackboxTest)
[expected:<Enteraninteger>8[]That'sall,haveaniced...> but was:<Enteraninteger>8[0]That'sall,haveaniced...>]
org.junit.ComparisonFailure: expected:<Enteraninteger>8[]That'sall,haveaniced...> but was:<Enteraninteger>8[0]That'sall,haveaniced...>    at org.junit.Assert.assertEquals(Assert.java:115)
    at org.junit.Assert.assertEquals(Assert.java:144)
    at introclassJava.digits_f2997e14_000BlackboxTest.test4(digits_f2997e14_000BlackboxTest.java:40)
    at sun.reflect.NativeMethodAccessorImpl.invoke0(Native Method)
    at sun.reflect.NativeMethodAccessorImpl.invoke(NativeMethodAccessorImpl.java:62)
    at sun.reflect.DelegatingMethodAccessorImpl.invoke(DelegatingMethodAccessorImpl.java:43)
~ test2(introclassJava.digits_f2997e14_000BlackboxTest)
[expected:<Enteraninteger>[67]8-9That'sall,haveani...> but was:<Enteraninteger>[-6-7-]8-9That'sall,haveani...>]
org.junit.ComparisonFailure: expected:<Enteraninteger>[67]8-9That'sall,haveani...> but was:<Enteraninteger>[-6-7-]8-9That'sall,haveani...>    at org.junit.Assert.assertEquals(Assert.java:115)
    at org.junit.Assert.assertEquals(Assert.java:144)
    at introclassJava.digits_f2997e14_000BlackboxTest.test2(digits_f2997e14_000BlackboxTest.java:23)
    at sun.reflect.NativeMethodAccessorImpl.invoke0(Native Method)
    at sun.reflect.NativeMethodAccessorImpl.invoke(NativeMethodAccessorImpl.java:62)
    at sun.reflect.DelegatingMethodAccessorImpl.invoke(DelegatingMethodAccessorImpl.java:43)
~ test4(introclassJava.digits_f2997e14_000BlackboxTest)
[expected:<Enteraninteger>8[]That'sall,haveaniced...> but was:<Enteraninteger>8[0]That'sall,haveaniced...>]
org.junit.ComparisonFailure: expected:<Enteraninteger>8[]That'sall,haveaniced...> but was:<Enteraninteger>8[0]That'sall,haveaniced...>    at org.junit.Assert.assertEquals(Assert.java:115)
    at org.junit.Assert.assertEquals(Assert.java:144)
    at introclassJava.digits_f2997e14_000BlackboxTest.test4(digits_f2997e14_000BlackboxTest.java:40)
    at sun.reflect.NativeMethodAccessorImpl.invoke0(Native Method)
    at sun.reflect.NativeMethodAccessorImpl.invoke(NativeMethodAccessorImpl.java:62)
    at sun.reflect.DelegatingMethodAccessorImpl.invoke(DelegatingMethodAccessorImpl.java:43)

org.junit.ComparisonFailure: expected:<[Enteraninteger>67]8-9That'sall,haveani...> but was:<[-6-7-]8-9That'sall,haveani...>
    at org.junit.Assert.assertEquals(Assert.java:115)
    at org.junit.Assert.assertEquals(Assert.java:144)
    at introclassJava.digits_f2997e14_000BlackboxTest.test2(digits_f2997e14_000BlackboxTest.java:23)
    at sun.reflect.NativeMethodAccessorImpl.invoke0(Native Method)
    at sun.reflect.NativeMethodAccessorImpl.invoke(NativeMethodAccessorImpl.java:62)
    at sun.reflect.DelegatingMethodAccessorImpl.invoke(DelegatingMethodAccessorImpl.java:43)
16:13:34.999 [pool-95-thread-1] INFO  f.i.l.c.t.SpecificationTestCasesListener - Tests run finished (2 ms)
<> Total tests run: 1
<> Ignored tests: 0
<> Failed tests: 1
~ test2(introclassJava.digits_f2997e14_000BlackboxTest)
[expected:<[Enteraninteger>67]8-9That'sall,haveani...> but was:<[-6-7-]8-9That'sall,haveani...>]
org.junit.ComparisonFailure: expected:<[Enteraninteger>67]8-9That'sall,haveani...> but was:<[-6-7-]8-9That'sall,haveani...>    at org.junit.Assert.assertEquals(Assert.java:115)
    at org.junit.Assert.assertEquals(Assert.java:144)
    at introclassJava.digits_f2997e14_000BlackboxTest.test2(digits_f2997e14_000BlackboxTest.java:23)
    at sun.reflect.NativeMethodAccessorImpl.invoke0(Native Method)
    at sun.reflect.NativeMethodAccessorImpl.invoke(NativeMethodAccessorImpl.java:62)
    at sun.reflect.DelegatingMethodAccessorImpl.invoke(DelegatingMethodAccessorImpl.java:43)

org.junit.ComparisonFailure: expected:<[Enteraninteger>8]That'sall,haveaniced...> but was:<[80]That'sall,haveaniced...>
    at org.junit.Assert.assertEquals(Assert.java:115)
    at org.junit.Assert.assertEquals(Assert.java:144)
    at introclassJava.digits_f2997e14_000BlackboxTest.test4(digits_f2997e14_000BlackboxTest.java:40)
    at sun.reflect.NativeMethodAccessorImpl.invoke0(Native Method)
    at sun.reflect.NativeMethodAccessorImpl.invoke(NativeMethodAccessorImpl.java:62)
    at sun.reflect.DelegatingMethodAccessorImpl.invoke(DelegatingMethodAccessorImpl.java:43)
16:13:35.000 [pool-96-thread-1] INFO  f.i.l.c.t.SpecificationTestCasesListener - Tests run finished (0 ms)
<> Total tests run: 1
<> Ignored tests: 0
<> Failed tests: 1
~ test4(introclassJava.digits_f2997e14_000BlackboxTest)
[expected:<[Enteraninteger>8]That'sall,haveaniced...> but was:<[80]That'sall,haveaniced...>]
org.junit.ComparisonFailure: expected:<[Enteraninteger>8]That'sall,haveaniced...> but was:<[80]That'sall,haveaniced...>    at org.junit.Assert.assertEquals(Assert.java:115)
    at org.junit.Assert.assertEquals(Assert.java:144)
    at introclassJava.digits_f2997e14_000BlackboxTest.test4(digits_f2997e14_000BlackboxTest.java:40)
    at sun.reflect.NativeMethodAccessorImpl.invoke0(Native Method)
    at sun.reflect.NativeMethodAccessorImpl.invoke(NativeMethodAccessorImpl.java:62)
    at sun.reflect.DelegatingMethodAccessorImpl.invoke(DelegatingMethodAccessorImpl.java:43)

org.junit.ComparisonFailure: expected:<Enteraninteger>[67]8-9That'sall,haveani...> but was:<Enteraninteger>[-6-7-]8-9That'sall,haveani...>
    at org.junit.Assert.assertEquals(Assert.java:115)
    at org.junit.Assert.assertEquals(Assert.java:144)
    at introclassJava.digits_f2997e14_000BlackboxTest.test2(digits_f2997e14_000BlackboxTest.java:23)
    at sun.reflect.NativeMethodAccessorImpl.invoke0(Native Method)
    at sun.reflect.NativeMethodAccessorImpl.invoke(NativeMethodAccessorImpl.java:62)
    at sun.reflect.DelegatingMethodAccessorImpl.invoke(DelegatingMethodAccessorImpl.java:43)
16:13:35.001 [pool-97-thread-1] INFO  f.i.l.c.t.SpecificationTestCasesListener - Tests run finished (0 ms)
<> Total tests run: 1
<> Ignored tests: 0
<> Failed tests: 1
~ test2(introclassJava.digits_f2997e14_000BlackboxTest)
[expected:<Enteraninteger>[67]8-9That'sall,haveani...> but was:<Enteraninteger>[-6-7-]8-9That'sall,haveani...>]
org.junit.ComparisonFailure: expected:<Enteraninteger>[67]8-9That'sall,haveani...> but was:<Enteraninteger>[-6-7-]8-9That'sall,haveani...>    at org.junit.Assert.assertEquals(Assert.java:115)
    at org.junit.Assert.assertEquals(Assert.java:144)
    at introclassJava.digits_f2997e14_000BlackboxTest.test2(digits_f2997e14_000BlackboxTest.java:23)
    at sun.reflect.NativeMethodAccessorImpl.invoke0(Native Method)
    at sun.reflect.NativeMethodAccessorImpl.invoke(NativeMethodAccessorImpl.java:62)
    at sun.reflect.DelegatingMethodAccessorImpl.invoke(DelegatingMethodAccessorImpl.java:43)

org.junit.ComparisonFailure: expected:<Enteraninteger>8[]That'sall,haveaniced...> but was:<Enteraninteger>8[0]That'sall,haveaniced...>
    at org.junit.Assert.assertEquals(Assert.java:115)
    at org.junit.Assert.assertEquals(Assert.java:144)
    at introclassJava.digits_f2997e14_000BlackboxTest.test4(digits_f2997e14_000BlackboxTest.java:40)
    at sun.reflect.NativeMethodAccessorImpl.invoke0(Native Method)
    at sun.reflect.NativeMethodAccessorImpl.invoke(NativeMethodAccessorImpl.java:62)
    at sun.reflect.DelegatingMethodAccessorImpl.invoke(DelegatingMethodAccessorImpl.java:43)
16:13:35.002 [pool-98-thread-1] INFO  f.i.l.c.t.SpecificationTestCasesListener - Tests run finished (0 ms)
<> Total tests run: 1
<> Ignored tests: 0
<> Failed tests: 1
~ test4(introclassJava.digits_f2997e14_000BlackboxTest)
[expected:<Enteraninteger>8[]That'sall,haveaniced...> but was:<Enteraninteger>8[0]That'sall,haveaniced...>]
org.junit.ComparisonFailure: expected:<Enteraninteger>8[]That'sall,haveaniced...> but was:<Enteraninteger>8[0]That'sall,haveaniced...>    at org.junit.Assert.assertEquals(Assert.java:115)
    at org.junit.Assert.assertEquals(Assert.java:144)
    at introclassJava.digits_f2997e14_000BlackboxTest.test4(digits_f2997e14_000BlackboxTest.java:40)
    at sun.reflect.NativeMethodAccessorImpl.invoke0(Native Method)
    at sun.reflect.NativeMethodAccessorImpl.invoke(NativeMethodAccessorImpl.java:62)
    at sun.reflect.DelegatingMethodAccessorImpl.invoke(DelegatingMethodAccessorImpl.java:43)

16:13:35.003 [pool-93-thread-1] DEBUG tests.output - Failing tests with false: 
[test2(introclassJava.digits_f2997e14_000BlackboxTest): expected:<[Enteraninteger>67]8-9That'sall,haveani...> but was:<[-6-7-]8-9That'sall,haveani...>, test4(introclassJava.digits_f2997e14_000BlackboxTest): expected:<[Enteraninteger>8]That'sall,haveaniced...> but was:<[80]That'sall,haveaniced...>]
16:13:35.003 [pool-93-thread-1] DEBUG tests.output - Failing tests with true: 
[test2(introclassJava.digits_f2997e14_000BlackboxTest): expected:<Enteraninteger>[67]8-9That'sall,haveani...> but was:<Enteraninteger>[-6-7-]8-9That'sall,haveani...>, test4(introclassJava.digits_f2997e14_000BlackboxTest): expected:<Enteraninteger>8[]That'sall,haveaniced...> but was:<Enteraninteger>8[0]That'sall,haveaniced...>]
16:13:35.003 [pool-93-thread-1] INFO  f.i.l.r.n.synth.SMTNopolSynthesizer - Not enough specifications: 0. A trivial patch is "true" or "false", please write new tests specifying SourceLocation introclassJava.digits_f2997e14_000:61.
16:13:35.003 [pool-2-thread-1] DEBUG fr.inria.lille.repair.nopol.NoPol - statement #14
16:13:35.003 [pool-2-thread-1] DEBUG fr.inria.lille.repair.nopol.NoPol - Analysing SourceLocation introclassJava.digits_f2997e14_000:60 which is executed by 16 tests
-1272757752
16:13:35.041 [pool-2-thread-1] DEBUG fr.inria.lille.repair.nopol.NoPol - statement #15
16:13:35.041 [pool-2-thread-1] DEBUG fr.inria.lille.repair.nopol.NoPol - Analysing SourceLocation introclassJava.digits_f2997e14_000:75 which is executed by 14 tests
-1272757752
16:13:35.080 [pool-2-thread-1] DEBUG fr.inria.lille.repair.nopol.NoPol - looking with class fr.inria.lille.repair.nopol.spoon.smt.ConditionalAdder
org.junit.ComparisonFailure: expected:<Enteraninteger>[67]8-9That'sall,haveani...> but was:<Enteraninteger>[-6-7-]8-9That'sall,haveani...>
    at org.junit.Assert.assertEquals(Assert.java:115)
    at org.junit.Assert.assertEquals(Assert.java:144)
    at introclassJava.digits_f2997e14_000BlackboxTest.test2(digits_f2997e14_000BlackboxTest.java:23)
    at sun.reflect.NativeMethodAccessorImpl.invoke0(Native Method)
    at sun.reflect.NativeMethodAccessorImpl.invoke(NativeMethodAccessorImpl.java:62)
    at sun.reflect.DelegatingMethodAccessorImpl.invoke(DelegatingMethodAccessorImpl.java:43)
org.junit.ComparisonFailure: expected:<Enteraninteger>8[]That'sall,haveaniced...> but was:<Enteraninteger>8[0]That'sall,haveaniced...>
    at org.junit.Assert.assertEquals(Assert.java:115)
    at org.junit.Assert.assertEquals(Assert.java:144)
    at introclassJava.digits_f2997e14_000BlackboxTest.test4(digits_f2997e14_000BlackboxTest.java:40)
    at sun.reflect.NativeMethodAccessorImpl.invoke0(Native Method)
    at sun.reflect.NativeMethodAccessorImpl.invoke(NativeMethodAccessorImpl.java:62)
    at sun.reflect.DelegatingMethodAccessorImpl.invoke(DelegatingMethodAccessorImpl.java:43)
16:13:35.085 [pool-100-thread-1] INFO  xxl.java.junit.TestCasesListener - Tests run finished (3 ms)
<> Total tests run: 6
<> Ignored tests: 0
<> Failed tests: 2
~ test2(introclassJava.digits_f2997e14_000BlackboxTest)
[expected:<Enteraninteger>[67]8-9That'sall,haveani...> but was:<Enteraninteger>[-6-7-]8-9That'sall,haveani...>]
org.junit.ComparisonFailure: expected:<Enteraninteger>[67]8-9That'sall,haveani...> but was:<Enteraninteger>[-6-7-]8-9That'sall,haveani...>    at org.junit.Assert.assertEquals(Assert.java:115)
    at org.junit.Assert.assertEquals(Assert.java:144)
    at introclassJava.digits_f2997e14_000BlackboxTest.test2(digits_f2997e14_000BlackboxTest.java:23)
    at sun.reflect.NativeMethodAccessorImpl.invoke0(Native Method)
    at sun.reflect.NativeMethodAccessorImpl.invoke(NativeMethodAccessorImpl.java:62)
    at sun.reflect.DelegatingMethodAccessorImpl.invoke(DelegatingMethodAccessorImpl.java:43)
~ test4(introclassJava.digits_f2997e14_000BlackboxTest)
[expected:<Enteraninteger>8[]That'sall,haveaniced...> but was:<Enteraninteger>8[0]That'sall,haveaniced...>]
org.junit.ComparisonFailure: expected:<Enteraninteger>8[]That'sall,haveaniced...> but was:<Enteraninteger>8[0]That'sall,haveaniced...>    at org.junit.Assert.assertEquals(Assert.java:115)
    at org.junit.Assert.assertEquals(Assert.java:144)
    at introclassJava.digits_f2997e14_000BlackboxTest.test4(digits_f2997e14_000BlackboxTest.java:40)
    at sun.reflect.NativeMethodAccessorImpl.invoke0(Native Method)
    at sun.reflect.NativeMethodAccessorImpl.invoke(NativeMethodAccessorImpl.java:62)
    at sun.reflect.DelegatingMethodAccessorImpl.invoke(DelegatingMethodAccessorImpl.java:43)

org.junit.ComparisonFailure: expected:<Enteraninteger>[678-9]That'sall,haveaniced...> but was:<Enteraninteger>[-6-7-8-9-90]That'sall,haveaniced...>
    at org.junit.Assert.assertEquals(Assert.java:115)
    at org.junit.Assert.assertEquals(Assert.java:144)
    at introclassJava.digits_f2997e14_000BlackboxTest.test2(digits_f2997e14_000BlackboxTest.java:23)
    at sun.reflect.NativeMethodAccessorImpl.invoke0(Native Method)
    at sun.reflect.NativeMethodAccessorImpl.invoke(NativeMethodAccessorImpl.java:62)
    at sun.reflect.DelegatingMethodAccessorImpl.invoke(DelegatingMethodAccessorImpl.java:43)
16:13:35.152 [pool-101-thread-1] INFO  f.i.l.c.t.SpecificationTestCasesListener - Tests run finished (2 ms)
<> Total tests run: 1
<> Ignored tests: 0
<> Failed tests: 1
~ test2(introclassJava.digits_f2997e14_000BlackboxTest)
[expected:<Enteraninteger>[678-9]That'sall,haveaniced...> but was:<Enteraninteger>[-6-7-8-9-90]That'sall,haveaniced...>]
org.junit.ComparisonFailure: expected:<Enteraninteger>[678-9]That'sall,haveaniced...> but was:<Enteraninteger>[-6-7-8-9-90]That'sall,haveaniced...>    at org.junit.Assert.assertEquals(Assert.java:115)
    at org.junit.Assert.assertEquals(Assert.java:144)
    at introclassJava.digits_f2997e14_000BlackboxTest.test2(digits_f2997e14_000BlackboxTest.java:23)
    at sun.reflect.NativeMethodAccessorImpl.invoke0(Native Method)
    at sun.reflect.NativeMethodAccessorImpl.invoke(NativeMethodAccessorImpl.java:62)
    at sun.reflect.DelegatingMethodAccessorImpl.invoke(DelegatingMethodAccessorImpl.java:43)

org.junit.ComparisonFailure: expected:<Enteraninteger>8[]That'sall,haveaniced...> but was:<Enteraninteger>8[0]That'sall,haveaniced...>
    at org.junit.Assert.assertEquals(Assert.java:115)
    at org.junit.Assert.assertEquals(Assert.java:144)
    at introclassJava.digits_f2997e14_000BlackboxTest.test4(digits_f2997e14_000BlackboxTest.java:40)
    at sun.reflect.NativeMethodAccessorImpl.invoke0(Native Method)
    at sun.reflect.NativeMethodAccessorImpl.invoke(NativeMethodAccessorImpl.java:62)
    at sun.reflect.DelegatingMethodAccessorImpl.invoke(DelegatingMethodAccessorImpl.java:43)
16:13:35.153 [pool-102-thread-1] INFO  f.i.l.c.t.SpecificationTestCasesListener - Tests run finished (0 ms)
<> Total tests run: 1
<> Ignored tests: 0
<> Failed tests: 1
~ test4(introclassJava.digits_f2997e14_000BlackboxTest)
[expected:<Enteraninteger>8[]That'sall,haveaniced...> but was:<Enteraninteger>8[0]That'sall,haveaniced...>]
org.junit.ComparisonFailure: expected:<Enteraninteger>8[]That'sall,haveaniced...> but was:<Enteraninteger>8[0]That'sall,haveaniced...>    at org.junit.Assert.assertEquals(Assert.java:115)
    at org.junit.Assert.assertEquals(Assert.java:144)
    at introclassJava.digits_f2997e14_000BlackboxTest.test4(digits_f2997e14_000BlackboxTest.java:40)
    at sun.reflect.NativeMethodAccessorImpl.invoke0(Native Method)
    at sun.reflect.NativeMethodAccessorImpl.invoke(NativeMethodAccessorImpl.java:62)
    at sun.reflect.DelegatingMethodAccessorImpl.invoke(DelegatingMethodAccessorImpl.java:43)

org.junit.ComparisonFailure: expected:<Enteraninteger>[67]8-9That'sall,haveani...> but was:<Enteraninteger>[-6-7-]8-9That'sall,haveani...>
    at org.junit.Assert.assertEquals(Assert.java:115)
    at org.junit.Assert.assertEquals(Assert.java:144)
    at introclassJava.digits_f2997e14_000BlackboxTest.test2(digits_f2997e14_000BlackboxTest.java:23)
    at sun.reflect.NativeMethodAccessorImpl.invoke0(Native Method)
    at sun.reflect.NativeMethodAccessorImpl.invoke(NativeMethodAccessorImpl.java:62)
    at sun.reflect.DelegatingMethodAccessorImpl.invoke(DelegatingMethodAccessorImpl.java:43)
16:13:35.154 [pool-103-thread-1] INFO  f.i.l.c.t.SpecificationTestCasesListener - Tests run finished (0 ms)
<> Total tests run: 1
<> Ignored tests: 0
<> Failed tests: 1
~ test2(introclassJava.digits_f2997e14_000BlackboxTest)
[expected:<Enteraninteger>[67]8-9That'sall,haveani...> but was:<Enteraninteger>[-6-7-]8-9That'sall,haveani...>]
org.junit.ComparisonFailure: expected:<Enteraninteger>[67]8-9That'sall,haveani...> but was:<Enteraninteger>[-6-7-]8-9That'sall,haveani...>    at org.junit.Assert.assertEquals(Assert.java:115)
    at org.junit.Assert.assertEquals(Assert.java:144)
    at introclassJava.digits_f2997e14_000BlackboxTest.test2(digits_f2997e14_000BlackboxTest.java:23)
    at sun.reflect.NativeMethodAccessorImpl.invoke0(Native Method)
    at sun.reflect.NativeMethodAccessorImpl.invoke(NativeMethodAccessorImpl.java:62)
    at sun.reflect.DelegatingMethodAccessorImpl.invoke(DelegatingMethodAccessorImpl.java:43)

org.junit.ComparisonFailure: expected:<Enteraninteger>8[]That'sall,haveaniced...> but was:<Enteraninteger>8[0]That'sall,haveaniced...>
    at org.junit.Assert.assertEquals(Assert.java:115)
    at org.junit.Assert.assertEquals(Assert.java:144)
    at introclassJava.digits_f2997e14_000BlackboxTest.test4(digits_f2997e14_000BlackboxTest.java:40)
    at sun.reflect.NativeMethodAccessorImpl.invoke0(Native Method)
    at sun.reflect.NativeMethodAccessorImpl.invoke(NativeMethodAccessorImpl.java:62)
    at sun.reflect.DelegatingMethodAccessorImpl.invoke(DelegatingMethodAccessorImpl.java:43)
16:13:35.156 [pool-104-thread-1] INFO  f.i.l.c.t.SpecificationTestCasesListener - Tests run finished (1 ms)
<> Total tests run: 1
<> Ignored tests: 0
<> Failed tests: 1
~ test4(introclassJava.digits_f2997e14_000BlackboxTest)
[expected:<Enteraninteger>8[]That'sall,haveaniced...> but was:<Enteraninteger>8[0]That'sall,haveaniced...>]
org.junit.ComparisonFailure: expected:<Enteraninteger>8[]That'sall,haveaniced...> but was:<Enteraninteger>8[0]That'sall,haveaniced...>    at org.junit.Assert.assertEquals(Assert.java:115)
    at org.junit.Assert.assertEquals(Assert.java:144)
    at introclassJava.digits_f2997e14_000BlackboxTest.test4(digits_f2997e14_000BlackboxTest.java:40)
    at sun.reflect.NativeMethodAccessorImpl.invoke0(Native Method)
    at sun.reflect.NativeMethodAccessorImpl.invoke(NativeMethodAccessorImpl.java:62)
    at sun.reflect.DelegatingMethodAccessorImpl.invoke(DelegatingMethodAccessorImpl.java:43)

16:13:35.156 [pool-99-thread-1] DEBUG tests.output - Failing tests with false: 
[test2(introclassJava.digits_f2997e14_000BlackboxTest): expected:<Enteraninteger>[678-9]That'sall,haveaniced...> but was:<Enteraninteger>[-6-7-8-9-90]That'sall,haveaniced...>, test4(introclassJava.digits_f2997e14_000BlackboxTest): expected:<Enteraninteger>8[]That'sall,haveaniced...> but was:<Enteraninteger>8[0]That'sall,haveaniced...>]
16:13:35.156 [pool-99-thread-1] DEBUG tests.output - Failing tests with true: 
[test2(introclassJava.digits_f2997e14_000BlackboxTest): expected:<Enteraninteger>[67]8-9That'sall,haveani...> but was:<Enteraninteger>[-6-7-]8-9That'sall,haveani...>, test4(introclassJava.digits_f2997e14_000BlackboxTest): expected:<Enteraninteger>8[]That'sall,haveaniced...> but was:<Enteraninteger>8[0]That'sall,haveaniced...>]
16:13:35.156 [pool-99-thread-1] INFO  f.i.l.r.n.synth.SMTNopolSynthesizer - Not enough specifications: 0. A trivial patch is "true" or "false", please write new tests specifying SourceLocation introclassJava.digits_f2997e14_000:75.
16:13:35.156 [pool-2-thread-1] DEBUG fr.inria.lille.repair.nopol.NoPol - statement #16
16:13:35.156 [pool-2-thread-1] DEBUG fr.inria.lille.repair.nopol.NoPol - Analysing SourceLocation introclassJava.digits_f2997e14_000:74 which is executed by 14 tests
-1272757752
16:13:35.195 [pool-2-thread-1] DEBUG fr.inria.lille.repair.nopol.NoPol - looking with class fr.inria.lille.repair.nopol.spoon.smt.ConditionalAdder
org.junit.ComparisonFailure: expected:<Enteraninteger>[67]8-9That'sall,haveani...> but was:<Enteraninteger>[-6-7-]8-9That'sall,haveani...>
    at org.junit.Assert.assertEquals(Assert.java:115)
    at org.junit.Assert.assertEquals(Assert.java:144)
    at introclassJava.digits_f2997e14_000BlackboxTest.test2(digits_f2997e14_000BlackboxTest.java:23)
    at sun.reflect.NativeMethodAccessorImpl.invoke0(Native Method)
    at sun.reflect.NativeMethodAccessorImpl.invoke(NativeMethodAccessorImpl.java:62)
    at sun.reflect.DelegatingMethodAccessorImpl.invoke(DelegatingMethodAccessorImpl.java:43)
org.junit.ComparisonFailure: expected:<Enteraninteger>8[]That'sall,haveaniced...> but was:<Enteraninteger>8[0]That'sall,haveaniced...>
    at org.junit.Assert.assertEquals(Assert.java:115)
    at org.junit.Assert.assertEquals(Assert.java:144)
    at introclassJava.digits_f2997e14_000BlackboxTest.test4(digits_f2997e14_000BlackboxTest.java:40)
    at sun.reflect.NativeMethodAccessorImpl.invoke0(Native Method)
    at sun.reflect.NativeMethodAccessorImpl.invoke(NativeMethodAccessorImpl.java:62)
    at sun.reflect.DelegatingMethodAccessorImpl.invoke(DelegatingMethodAccessorImpl.java:43)
16:13:35.202 [pool-106-thread-1] INFO  xxl.java.junit.TestCasesListener - Tests run finished (5 ms)
<> Total tests run: 6
<> Ignored tests: 0
<> Failed tests: 2
~ test2(introclassJava.digits_f2997e14_000BlackboxTest)
[expected:<Enteraninteger>[67]8-9That'sall,haveani...> but was:<Enteraninteger>[-6-7-]8-9That'sall,haveani...>]
org.junit.ComparisonFailure: expected:<Enteraninteger>[67]8-9That'sall,haveani...> but was:<Enteraninteger>[-6-7-]8-9That'sall,haveani...>    at org.junit.Assert.assertEquals(Assert.java:115)
    at org.junit.Assert.assertEquals(Assert.java:144)
    at introclassJava.digits_f2997e14_000BlackboxTest.test2(digits_f2997e14_000BlackboxTest.java:23)
    at sun.reflect.NativeMethodAccessorImpl.invoke0(Native Method)
    at sun.reflect.NativeMethodAccessorImpl.invoke(NativeMethodAccessorImpl.java:62)
    at sun.reflect.DelegatingMethodAccessorImpl.invoke(DelegatingMethodAccessorImpl.java:43)
~ test4(introclassJava.digits_f2997e14_000BlackboxTest)
[expected:<Enteraninteger>8[]That'sall,haveaniced...> but was:<Enteraninteger>8[0]That'sall,haveaniced...>]
org.junit.ComparisonFailure: expected:<Enteraninteger>8[]That'sall,haveaniced...> but was:<Enteraninteger>8[0]That'sall,haveaniced...>    at org.junit.Assert.assertEquals(Assert.java:115)
    at org.junit.Assert.assertEquals(Assert.java:144)
    at introclassJava.digits_f2997e14_000BlackboxTest.test4(digits_f2997e14_000BlackboxTest.java:40)
    at sun.reflect.NativeMethodAccessorImpl.invoke0(Native Method)
    at sun.reflect.NativeMethodAccessorImpl.invoke(NativeMethodAccessorImpl.java:62)
    at sun.reflect.DelegatingMethodAccessorImpl.invoke(DelegatingMethodAccessorImpl.java:43)

org.junit.ComparisonFailure: expected:<Enteraninteger>[678-9]That'sall,haveaniced...> but was:<Enteraninteger>[-6-7-8]That'sall,haveaniced...>
    at org.junit.Assert.assertEquals(Assert.java:115)
    at org.junit.Assert.assertEquals(Assert.java:144)
    at introclassJava.digits_f2997e14_000BlackboxTest.test2(digits_f2997e14_000BlackboxTest.java:23)
    at sun.reflect.NativeMethodAccessorImpl.invoke0(Native Method)
    at sun.reflect.NativeMethodAccessorImpl.invoke(NativeMethodAccessorImpl.java:62)
    at sun.reflect.DelegatingMethodAccessorImpl.invoke(DelegatingMethodAccessorImpl.java:43)
16:13:35.281 [pool-107-thread-1] INFO  f.i.l.c.t.SpecificationTestCasesListener - Tests run finished (2 ms)
<> Total tests run: 1
<> Ignored tests: 0
<> Failed tests: 1
~ test2(introclassJava.digits_f2997e14_000BlackboxTest)
[expected:<Enteraninteger>[678-9]That'sall,haveaniced...> but was:<Enteraninteger>[-6-7-8]That'sall,haveaniced...>]
org.junit.ComparisonFailure: expected:<Enteraninteger>[678-9]That'sall,haveaniced...> but was:<Enteraninteger>[-6-7-8]That'sall,haveaniced...>    at org.junit.Assert.assertEquals(Assert.java:115)
    at org.junit.Assert.assertEquals(Assert.java:144)
    at introclassJava.digits_f2997e14_000BlackboxTest.test2(digits_f2997e14_000BlackboxTest.java:23)
    at sun.reflect.NativeMethodAccessorImpl.invoke0(Native Method)
    at sun.reflect.NativeMethodAccessorImpl.invoke(NativeMethodAccessorImpl.java:62)
    at sun.reflect.DelegatingMethodAccessorImpl.invoke(DelegatingMethodAccessorImpl.java:43)

org.junit.ComparisonFailure: expected:<Enteraninteger>8[]That'sall,haveaniced...> but was:<Enteraninteger>8[0]That'sall,haveaniced...>
    at org.junit.Assert.assertEquals(Assert.java:115)
    at org.junit.Assert.assertEquals(Assert.java:144)
    at introclassJava.digits_f2997e14_000BlackboxTest.test4(digits_f2997e14_000BlackboxTest.java:40)
    at sun.reflect.NativeMethodAccessorImpl.invoke0(Native Method)
    at sun.reflect.NativeMethodAccessorImpl.invoke(NativeMethodAccessorImpl.java:62)
    at sun.reflect.DelegatingMethodAccessorImpl.invoke(DelegatingMethodAccessorImpl.java:43)
16:13:35.282 [pool-108-thread-1] INFO  f.i.l.c.t.SpecificationTestCasesListener - Tests run finished (0 ms)
<> Total tests run: 1
<> Ignored tests: 0
<> Failed tests: 1
~ test4(introclassJava.digits_f2997e14_000BlackboxTest)
[expected:<Enteraninteger>8[]That'sall,haveaniced...> but was:<Enteraninteger>8[0]That'sall,haveaniced...>]
org.junit.ComparisonFailure: expected:<Enteraninteger>8[]That'sall,haveaniced...> but was:<Enteraninteger>8[0]That'sall,haveaniced...>    at org.junit.Assert.assertEquals(Assert.java:115)
    at org.junit.Assert.assertEquals(Assert.java:144)
    at introclassJava.digits_f2997e14_000BlackboxTest.test4(digits_f2997e14_000BlackboxTest.java:40)
    at sun.reflect.NativeMethodAccessorImpl.invoke0(Native Method)
    at sun.reflect.NativeMethodAccessorImpl.invoke(NativeMethodAccessorImpl.java:62)
    at sun.reflect.DelegatingMethodAccessorImpl.invoke(DelegatingMethodAccessorImpl.java:43)

org.junit.ComparisonFailure: expected:<Enteraninteger>[67]8-9That'sall,haveani...> but was:<Enteraninteger>[-6-7-]8-9That'sall,haveani...>
    at org.junit.Assert.assertEquals(Assert.java:115)
    at org.junit.Assert.assertEquals(Assert.java:144)
    at introclassJava.digits_f2997e14_000BlackboxTest.test2(digits_f2997e14_000BlackboxTest.java:23)
    at sun.reflect.NativeMethodAccessorImpl.invoke0(Native Method)
    at sun.reflect.NativeMethodAccessorImpl.invoke(NativeMethodAccessorImpl.java:62)
    at sun.reflect.DelegatingMethodAccessorImpl.invoke(DelegatingMethodAccessorImpl.java:43)
16:13:35.283 [pool-109-thread-1] INFO  f.i.l.c.t.SpecificationTestCasesListener - Tests run finished (0 ms)
<> Total tests run: 1
<> Ignored tests: 0
<> Failed tests: 1
~ test2(introclassJava.digits_f2997e14_000BlackboxTest)
[expected:<Enteraninteger>[67]8-9That'sall,haveani...> but was:<Enteraninteger>[-6-7-]8-9That'sall,haveani...>]
org.junit.ComparisonFailure: expected:<Enteraninteger>[67]8-9That'sall,haveani...> but was:<Enteraninteger>[-6-7-]8-9That'sall,haveani...>    at org.junit.Assert.assertEquals(Assert.java:115)
    at org.junit.Assert.assertEquals(Assert.java:144)
    at introclassJava.digits_f2997e14_000BlackboxTest.test2(digits_f2997e14_000BlackboxTest.java:23)
    at sun.reflect.NativeMethodAccessorImpl.invoke0(Native Method)
    at sun.reflect.NativeMethodAccessorImpl.invoke(NativeMethodAccessorImpl.java:62)
    at sun.reflect.DelegatingMethodAccessorImpl.invoke(DelegatingMethodAccessorImpl.java:43)

org.junit.ComparisonFailure: expected:<Enteraninteger>8[]That'sall,haveaniced...> but was:<Enteraninteger>8[0]That'sall,haveaniced...>
    at org.junit.Assert.assertEquals(Assert.java:115)
    at org.junit.Assert.assertEquals(Assert.java:144)
    at introclassJava.digits_f2997e14_000BlackboxTest.test4(digits_f2997e14_000BlackboxTest.java:40)
    at sun.reflect.NativeMethodAccessorImpl.invoke0(Native Method)
    at sun.reflect.NativeMethodAccessorImpl.invoke(NativeMethodAccessorImpl.java:62)
    at sun.reflect.DelegatingMethodAccessorImpl.invoke(DelegatingMethodAccessorImpl.java:43)
16:13:35.284 [pool-110-thread-1] INFO  f.i.l.c.t.SpecificationTestCasesListener - Tests run finished (0 ms)
<> Total tests run: 1
<> Ignored tests: 0
<> Failed tests: 1
~ test4(introclassJava.digits_f2997e14_000BlackboxTest)
[expected:<Enteraninteger>8[]That'sall,haveaniced...> but was:<Enteraninteger>8[0]That'sall,haveaniced...>]
org.junit.ComparisonFailure: expected:<Enteraninteger>8[]That'sall,haveaniced...> but was:<Enteraninteger>8[0]That'sall,haveaniced...>    at org.junit.Assert.assertEquals(Assert.java:115)
    at org.junit.Assert.assertEquals(Assert.java:144)
    at introclassJava.digits_f2997e14_000BlackboxTest.test4(digits_f2997e14_000BlackboxTest.java:40)
    at sun.reflect.NativeMethodAccessorImpl.invoke0(Native Method)
    at sun.reflect.NativeMethodAccessorImpl.invoke(NativeMethodAccessorImpl.java:62)
    at sun.reflect.DelegatingMethodAccessorImpl.invoke(DelegatingMethodAccessorImpl.java:43)

16:13:35.285 [pool-105-thread-1] DEBUG tests.output - Failing tests with false: 
[test2(introclassJava.digits_f2997e14_000BlackboxTest): expected:<Enteraninteger>[678-9]That'sall,haveaniced...> but was:<Enteraninteger>[-6-7-8]That'sall,haveaniced...>, test4(introclassJava.digits_f2997e14_000BlackboxTest): expected:<Enteraninteger>8[]That'sall,haveaniced...> but was:<Enteraninteger>8[0]That'sall,haveaniced...>]
16:13:35.285 [pool-105-thread-1] DEBUG tests.output - Failing tests with true: 
[test2(introclassJava.digits_f2997e14_000BlackboxTest): expected:<Enteraninteger>[67]8-9That'sall,haveani...> but was:<Enteraninteger>[-6-7-]8-9That'sall,haveani...>, test4(introclassJava.digits_f2997e14_000BlackboxTest): expected:<Enteraninteger>8[]That'sall,haveaniced...> but was:<Enteraninteger>8[0]That'sall,haveaniced...>]
16:13:35.285 [pool-105-thread-1] INFO  f.i.l.r.n.synth.SMTNopolSynthesizer - Not enough specifications: 0. A trivial patch is "true" or "false", please write new tests specifying SourceLocation introclassJava.digits_f2997e14_000:74.
16:13:35.285 [pool-2-thread-1] INFO  fr.inria.lille.repair.nopol.NoPol - ----INFORMATION----
16:13:35.288 [pool-2-thread-1] INFO  fr.inria.lille.repair.nopol.NoPol - Nb classes : 6
16:13:35.288 [pool-2-thread-1] INFO  fr.inria.lille.repair.nopol.NoPol - Nb methods : 2
16:13:35.288 [pool-2-thread-1] INFO  fr.inria.lille.repair.nopol.NoPol - Nb Statements Analyzed : 18
16:13:35.288 [pool-2-thread-1] INFO  fr.inria.lille.repair.nopol.NoPol - Nb Statements with Angelic Value Found : 0
16:13:35.288 [pool-2-thread-1] INFO  fr.inria.lille.repair.nopol.NoPol - Nb inputs in SMT : 0
16:13:35.292 [pool-2-thread-1] INFO  fr.inria.lille.repair.nopol.NoPol - Nb SMT level: 0
16:13:35.292 [pool-2-thread-1] INFO  fr.inria.lille.repair.nopol.NoPol - Nb variables in SMT : 0
16:13:35.292 [pool-2-thread-1] INFO  fr.inria.lille.repair.nopol.NoPol - NoPol Execution time : 10117ms
16:13:35.292 [pool-2-thread-1] INFO  fr.inria.lille.repair.nopol.NoPol - 
NO_ANGELIC_VALUE
Command exited with non-zero status 255
22.58user 1.65system 0:11.22elapsed 215%CPU (0avgtext+0avgdata 1581368maxresident)k
45824inputs+5808outputs (3major+440022minor)pagefaults 0swaps


Node: uvb-29.sophia.grid5000.fr



Date: Wed Dec  5 16:13:35 EST 2018

