cd /tmp/DynaMoth_QuixBugs_MAX_SUBLIST_SUM_;
export JAVA_TOOL_OPTIONS="-Dfile.encoding=UTF8 -Duser.language=en-US -Duser.country=US -Duser.language=en";
TZ="America/New_York"; export TZ;
export PATH="/usr/lib/jvm/java-1.8.0-openjdk-amd64/bin/:$PATH";
export JAVA_HOME="/usr/lib/jvm/java-1.8.0-openjdk-amd64/bin/";
time java -Xmx4g -Xms1g -cp /home/tdurieux/defects4j4repair/script/../repair_tools/nopol.jar:/usr/lib/jvm/java-1.8.0-openjdk-amd64/bin//../lib/tools.jar fr.inria.lille.repair.Main \
	--mode repair \
	--type pre_then_cond \
	--oracle angelic \
	--synthesis dynamoth \
	--flocal gzoltar \
	--json \
	--solver z3 \
	--solver-path /home/tdurieux/defects4j4repair/script/../libs/z3/build/z3 \
	--complianceLevel 8 \
	--source src/main/java \
	--classpath "target/classes:target/test-classes:/home/tdurieux/.m2/repository/junit/junit/4.11/junit-4.11.jar:/home/tdurieux/.m2/repository/org/hamcrest/hamcrest-core/1.3/hamcrest-core-1.3.jar:/home/tdurieux/defects4j4repair/script/../repair_tools/nopol.jar";
	echo "\n\nNode: `hostname`\n";
	echo "\n\nDate: `date`\n";
Picked up JAVA_TOOL_OPTIONS: -Dfile.encoding=UTF8 -Duser.language=en-US -Duser.country=US -Duser.language=en
12:03:29.784 [main] INFO  fr.inria.lille.repair.nopol.NoPol - Source files: [src/main/java]
12:03:29.786 [main] INFO  fr.inria.lille.repair.nopol.NoPol - Classpath: [file:/tmp/DynaMoth_QuixBugs_MAX_SUBLIST_SUM_/target/classes/, file:/tmp/DynaMoth_QuixBugs_MAX_SUBLIST_SUM_/target/test-classes/, file:/home/tdurieux/.m2/repository/junit/junit/4.11/junit-4.11.jar, file:/home/tdurieux/.m2/repository/org/hamcrest/hamcrest-core/1.3/hamcrest-core-1.3.jar, file:/home/tdurieux/defects4j4repair/script/../repair_tools/nopol.jar]
12:03:29.787 [main] INFO  fr.inria.lille.repair.nopol.NoPol - Statement type: PRE_THEN_COND
12:03:29.787 [main] INFO  fr.inria.lille.repair.nopol.NoPol - Args: [java_testcases.junit.MAX_SUBLIST_SUM_Test]
12:03:29.788 [main] INFO  fr.inria.lille.repair.nopol.NoPol - Config: Config{synthesisDepth=3, collectStaticMethods=true, collectStaticFields=false, collectLiterals=false, onlyOneSynthesisResult=true, sortExpressions=true, maxLineInvocationPerTest=250, timeoutMethodInvocation=2000, dataCollectionTimeoutInSecondForSynthesis=900, addWeight=0.19478, subWeight=0.04554, mulWeight=0.0102, divWeight=0.00613, andWeight=0.10597, orWeight=0.05708, eqWeight=0.22798, nEqWeight=0.0, lessEqWeight=0.0255, lessWeight=0.0947, methodCallWeight=0.1, fieldAccessWeight=0.08099, constantWeight=0.14232, variableWeight=0.05195, mode=REPAIR, type=PRE_THEN_COND, synthesis=DYNAMOTH, oracle=ANGELIC, solver=Z3, solverPath='/home/tdurieux/defects4j4repair/script/../libs/z3/build/z3', projectSources=[src/main/java], projectClasspath='[Ljava.net.URL;@2ff4f00f', projectTests=[java_testcases.junit.MAX_SUBLIST_SUM_Test], complianceLevel=8, outputFolder=., json=true}
12:03:29.788 [main] INFO  fr.inria.lille.repair.nopol.NoPol - Available processors (cores): 32
12:03:29.793 [main] INFO  fr.inria.lille.repair.nopol.NoPol - Free memory: 940 MB
12:03:29.793 [main] INFO  fr.inria.lille.repair.nopol.NoPol - Maximum memory: 3 GB
12:03:29.793 [main] INFO  fr.inria.lille.repair.nopol.NoPol - Total memory available to JVM: 981 MB
12:03:29.793 [main] INFO  fr.inria.lille.repair.nopol.NoPol - Java version: 1.8.0_181
12:03:29.794 [main] INFO  fr.inria.lille.repair.nopol.NoPol - JAVA_HOME: /usr/lib/jvm/java-1.8.0-openjdk-amd64/bin/
12:03:29.794 [main] INFO  fr.inria.lille.repair.nopol.NoPol - PATH: /usr/lib/jvm/java-1.8.0-openjdk-amd64/bin/:/usr/lib/oar/oardodo:/usr/lib/oar/oardodo:/usr/local/bin:/usr/bin:/bin:/usr/games
12:03:31.949 [pool-2-thread-1] DEBUG fr.inria.lille.repair.nopol.NoPol - statement #1
12:03:31.950 [pool-2-thread-1] DEBUG fr.inria.lille.repair.nopol.NoPol - Analysing SourceLocation java_programs.MAX_SUBLIST_SUM:23 which is executed by 6 tests
1398898352
12:03:32.119 [pool-2-thread-1] DEBUG fr.inria.lille.repair.nopol.NoPol - statement #2
12:03:32.120 [pool-2-thread-1] DEBUG fr.inria.lille.repair.nopol.NoPol - Analysing SourceLocation java_programs.MAX_SUBLIST_SUM:20 which is executed by 6 tests
1398898352
12:03:32.156 [pool-2-thread-1] DEBUG fr.inria.lille.repair.nopol.NoPol - looking with class fr.inria.lille.repair.nopol.spoon.smt.ConditionalAdder
java.lang.AssertionError: expected:<5> but was:<4>
    at org.junit.Assert.fail(Assert.java:88)
    at org.junit.Assert.failNotEquals(Assert.java:743)
    at org.junit.Assert.assertEquals(Assert.java:118)
    at org.junit.Assert.assertEquals(Assert.java:555)
    at org.junit.Assert.assertEquals(Assert.java:542)
    at java_testcases.junit.MAX_SUBLIST_SUM_Test.test_0(MAX_SUBLIST_SUM_Test.java:8)
java.lang.AssertionError: expected:<4> but was:<3>
    at org.junit.Assert.fail(Assert.java:88)
    at org.junit.Assert.failNotEquals(Assert.java:743)
    at org.junit.Assert.assertEquals(Assert.java:118)
    at org.junit.Assert.assertEquals(Assert.java:555)
    at org.junit.Assert.assertEquals(Assert.java:542)
    at java_testcases.junit.MAX_SUBLIST_SUM_Test.test_1(MAX_SUBLIST_SUM_Test.java:14)
java.lang.AssertionError: expected:<19> but was:<13>
    at org.junit.Assert.fail(Assert.java:88)
    at org.junit.Assert.failNotEquals(Assert.java:743)
    at org.junit.Assert.assertEquals(Assert.java:118)
    at org.junit.Assert.assertEquals(Assert.java:555)
    at org.junit.Assert.assertEquals(Assert.java:542)
    at java_testcases.junit.MAX_SUBLIST_SUM_Test.test_3(MAX_SUBLIST_SUM_Test.java:26)
java.lang.AssertionError: expected:<6> but was:<2>
    at org.junit.Assert.fail(Assert.java:88)
    at org.junit.Assert.failNotEquals(Assert.java:743)
    at org.junit.Assert.assertEquals(Assert.java:118)
    at org.junit.Assert.assertEquals(Assert.java:555)
    at org.junit.Assert.assertEquals(Assert.java:542)
    at java_testcases.junit.MAX_SUBLIST_SUM_Test.test_5(MAX_SUBLIST_SUM_Test.java:38)
java.lang.AssertionError: expected:<5> but was:<4>
    at org.junit.Assert.fail(Assert.java:88)
    at org.junit.Assert.failNotEquals(Assert.java:743)
    at org.junit.Assert.assertEquals(Assert.java:118)
    at org.junit.Assert.assertEquals(Assert.java:555)
    at org.junit.Assert.assertEquals(Assert.java:542)
    at java_testcases.junit.MAX_SUBLIST_SUM_Test.test_0(MAX_SUBLIST_SUM_Test.java:8)
java.lang.AssertionError: expected:<4> but was:<3>
    at org.junit.Assert.fail(Assert.java:88)
    at org.junit.Assert.failNotEquals(Assert.java:743)
    at org.junit.Assert.assertEquals(Assert.java:118)
    at org.junit.Assert.assertEquals(Assert.java:555)
    at org.junit.Assert.assertEquals(Assert.java:542)
    at java_testcases.junit.MAX_SUBLIST_SUM_Test.test_1(MAX_SUBLIST_SUM_Test.java:14)
java.lang.AssertionError: expected:<19> but was:<13>
    at org.junit.Assert.fail(Assert.java:88)
    at org.junit.Assert.failNotEquals(Assert.java:743)
    at org.junit.Assert.assertEquals(Assert.java:118)
    at org.junit.Assert.assertEquals(Assert.java:555)
    at org.junit.Assert.assertEquals(Assert.java:542)
    at java_testcases.junit.MAX_SUBLIST_SUM_Test.test_3(MAX_SUBLIST_SUM_Test.java:26)
java.lang.AssertionError: expected:<6> but was:<2>
    at org.junit.Assert.fail(Assert.java:88)
    at org.junit.Assert.failNotEquals(Assert.java:743)
    at org.junit.Assert.assertEquals(Assert.java:118)
    at org.junit.Assert.assertEquals(Assert.java:555)
    at org.junit.Assert.assertEquals(Assert.java:542)
    at java_testcases.junit.MAX_SUBLIST_SUM_Test.test_5(MAX_SUBLIST_SUM_Test.java:38)
java.lang.AssertionError: expected:<5> but was:<4>
    at org.junit.Assert.fail(Assert.java:88)
    at org.junit.Assert.failNotEquals(Assert.java:743)
    at org.junit.Assert.assertEquals(Assert.java:118)
    at org.junit.Assert.assertEquals(Assert.java:555)
    at org.junit.Assert.assertEquals(Assert.java:542)
    at java_testcases.junit.MAX_SUBLIST_SUM_Test.test_0(MAX_SUBLIST_SUM_Test.java:8)
java.lang.AssertionError: expected:<4> but was:<3>
    at org.junit.Assert.fail(Assert.java:88)
    at org.junit.Assert.failNotEquals(Assert.java:743)
    at org.junit.Assert.assertEquals(Assert.java:118)
    at org.junit.Assert.assertEquals(Assert.java:555)
    at org.junit.Assert.assertEquals(Assert.java:542)
    at java_testcases.junit.MAX_SUBLIST_SUM_Test.test_1(MAX_SUBLIST_SUM_Test.java:14)
java.lang.AssertionError: expected:<19> but was:<13>
    at org.junit.Assert.fail(Assert.java:88)
    at org.junit.Assert.failNotEquals(Assert.java:743)
    at org.junit.Assert.assertEquals(Assert.java:118)
    at org.junit.Assert.assertEquals(Assert.java:555)
    at org.junit.Assert.assertEquals(Assert.java:542)
    at java_testcases.junit.MAX_SUBLIST_SUM_Test.test_3(MAX_SUBLIST_SUM_Test.java:26)
java.lang.AssertionError: expected:<6> but was:<2>
    at org.junit.Assert.fail(Assert.java:88)
    at org.junit.Assert.failNotEquals(Assert.java:743)
    at org.junit.Assert.assertEquals(Assert.java:118)
    at org.junit.Assert.assertEquals(Assert.java:555)
    at org.junit.Assert.assertEquals(Assert.java:542)
    at java_testcases.junit.MAX_SUBLIST_SUM_Test.test_5(MAX_SUBLIST_SUM_Test.java:38)
java.lang.AssertionError: expected:<5> but was:<4>
    at org.junit.Assert.fail(Assert.java:88)
    at org.junit.Assert.failNotEquals(Assert.java:743)
    at org.junit.Assert.assertEquals(Assert.java:118)
    at org.junit.Assert.assertEquals(Assert.java:555)
    at org.junit.Assert.assertEquals(Assert.java:542)
    at java_testcases.junit.MAX_SUBLIST_SUM_Test.test_0(MAX_SUBLIST_SUM_Test.java:8)
java.lang.AssertionError: expected:<4> but was:<3>
    at org.junit.Assert.fail(Assert.java:88)
    at org.junit.Assert.failNotEquals(Assert.java:743)
    at org.junit.Assert.assertEquals(Assert.java:118)
    at org.junit.Assert.assertEquals(Assert.java:555)
    at org.junit.Assert.assertEquals(Assert.java:542)
    at java_testcases.junit.MAX_SUBLIST_SUM_Test.test_1(MAX_SUBLIST_SUM_Test.java:14)
java.lang.AssertionError: expected:<19> but was:<13>
    at org.junit.Assert.fail(Assert.java:88)
    at org.junit.Assert.failNotEquals(Assert.java:743)
    at org.junit.Assert.assertEquals(Assert.java:118)
    at org.junit.Assert.assertEquals(Assert.java:555)
    at org.junit.Assert.assertEquals(Assert.java:542)
    at java_testcases.junit.MAX_SUBLIST_SUM_Test.test_3(MAX_SUBLIST_SUM_Test.java:26)
java.lang.AssertionError: expected:<6> but was:<2>
    at org.junit.Assert.fail(Assert.java:88)
    at org.junit.Assert.failNotEquals(Assert.java:743)
    at org.junit.Assert.assertEquals(Assert.java:118)
    at org.junit.Assert.assertEquals(Assert.java:555)
    at org.junit.Assert.assertEquals(Assert.java:542)
    at java_testcases.junit.MAX_SUBLIST_SUM_Test.test_5(MAX_SUBLIST_SUM_Test.java:38)
12:03:32.193 [pool-4-thread-1] INFO  xxl.java.junit.TestCasesListener - Tests run finished (17 ms)
<> Total tests run: 24
<> Ignored tests: 0
<> Failed tests: 16
~ test_0(java_testcases.junit.MAX_SUBLIST_SUM_Test)
[expected:<5> but was:<4>]
java.lang.AssertionError: expected:<5> but was:<4>    at org.junit.Assert.fail(Assert.java:88)
    at org.junit.Assert.failNotEquals(Assert.java:743)
    at org.junit.Assert.assertEquals(Assert.java:118)
    at org.junit.Assert.assertEquals(Assert.java:555)
    at org.junit.Assert.assertEquals(Assert.java:542)
    at java_testcases.junit.MAX_SUBLIST_SUM_Test.test_0(MAX_SUBLIST_SUM_Test.java:8)
~ test_1(java_testcases.junit.MAX_SUBLIST_SUM_Test)
[expected:<4> but was:<3>]
java.lang.AssertionError: expected:<4> but was:<3>    at org.junit.Assert.fail(Assert.java:88)
    at org.junit.Assert.failNotEquals(Assert.java:743)
    at org.junit.Assert.assertEquals(Assert.java:118)
    at org.junit.Assert.assertEquals(Assert.java:555)
    at org.junit.Assert.assertEquals(Assert.java:542)
    at java_testcases.junit.MAX_SUBLIST_SUM_Test.test_1(MAX_SUBLIST_SUM_Test.java:14)
~ test_3(java_testcases.junit.MAX_SUBLIST_SUM_Test)
[expected:<19> but was:<13>]
java.lang.AssertionError: expected:<19> but was:<13>    at org.junit.Assert.fail(Assert.java:88)
    at org.junit.Assert.failNotEquals(Assert.java:743)
    at org.junit.Assert.assertEquals(Assert.java:118)
    at org.junit.Assert.assertEquals(Assert.java:555)
    at org.junit.Assert.assertEquals(Assert.java:542)
    at java_testcases.junit.MAX_SUBLIST_SUM_Test.test_3(MAX_SUBLIST_SUM_Test.java:26)
~ test_5(java_testcases.junit.MAX_SUBLIST_SUM_Test)
[expected:<6> but was:<2>]
java.lang.AssertionError: expected:<6> but was:<2>    at org.junit.Assert.fail(Assert.java:88)
    at org.junit.Assert.failNotEquals(Assert.java:743)
    at org.junit.Assert.assertEquals(Assert.java:118)
    at org.junit.Assert.assertEquals(Assert.java:555)
    at org.junit.Assert.assertEquals(Assert.java:542)
    at java_testcases.junit.MAX_SUBLIST_SUM_Test.test_5(MAX_SUBLIST_SUM_Test.java:38)
~ test_0(java_testcases.junit.MAX_SUBLIST_SUM_Test)
[expected:<5> but was:<4>]
java.lang.AssertionError: expected:<5> but was:<4>    at org.junit.Assert.fail(Assert.java:88)
    at org.junit.Assert.failNotEquals(Assert.java:743)
    at org.junit.Assert.assertEquals(Assert.java:118)
    at org.junit.Assert.assertEquals(Assert.java:555)
    at org.junit.Assert.assertEquals(Assert.java:542)
    at java_testcases.junit.MAX_SUBLIST_SUM_Test.test_0(MAX_SUBLIST_SUM_Test.java:8)
~ test_1(java_testcases.junit.MAX_SUBLIST_SUM_Test)
[expected:<4> but was:<3>]
java.lang.AssertionError: expected:<4> but was:<3>    at org.junit.Assert.fail(Assert.java:88)
    at org.junit.Assert.failNotEquals(Assert.java:743)
    at org.junit.Assert.assertEquals(Assert.java:118)
    at org.junit.Assert.assertEquals(Assert.java:555)
    at org.junit.Assert.assertEquals(Assert.java:542)
    at java_testcases.junit.MAX_SUBLIST_SUM_Test.test_1(MAX_SUBLIST_SUM_Test.java:14)
~ test_3(java_testcases.junit.MAX_SUBLIST_SUM_Test)
[expected:<19> but was:<13>]
java.lang.AssertionError: expected:<19> but was:<13>    at org.junit.Assert.fail(Assert.java:88)
    at org.junit.Assert.failNotEquals(Assert.java:743)
    at org.junit.Assert.assertEquals(Assert.java:118)
    at org.junit.Assert.assertEquals(Assert.java:555)
    at org.junit.Assert.assertEquals(Assert.java:542)
    at java_testcases.junit.MAX_SUBLIST_SUM_Test.test_3(MAX_SUBLIST_SUM_Test.java:26)
~ test_5(java_testcases.junit.MAX_SUBLIST_SUM_Test)
[expected:<6> but was:<2>]
java.lang.AssertionError: expected:<6> but was:<2>    at org.junit.Assert.fail(Assert.java:88)
    at org.junit.Assert.failNotEquals(Assert.java:743)
    at org.junit.Assert.assertEquals(Assert.java:118)
    at org.junit.Assert.assertEquals(Assert.java:555)
    at org.junit.Assert.assertEquals(Assert.java:542)
    at java_testcases.junit.MAX_SUBLIST_SUM_Test.test_5(MAX_SUBLIST_SUM_Test.java:38)
~ test_0(java_testcases.junit.MAX_SUBLIST_SUM_Test)
[expected:<5> but was:<4>]
java.lang.AssertionError: expected:<5> but was:<4>    at org.junit.Assert.fail(Assert.java:88)
    at org.junit.Assert.failNotEquals(Assert.java:743)
    at org.junit.Assert.assertEquals(Assert.java:118)
    at org.junit.Assert.assertEquals(Assert.java:555)
    at org.junit.Assert.assertEquals(Assert.java:542)
    at java_testcases.junit.MAX_SUBLIST_SUM_Test.test_0(MAX_SUBLIST_SUM_Test.java:8)
~ test_1(java_testcases.junit.MAX_SUBLIST_SUM_Test)
[expected:<4> but was:<3>]
java.lang.AssertionError: expected:<4> but was:<3>    at org.junit.Assert.fail(Assert.java:88)
    at org.junit.Assert.failNotEquals(Assert.java:743)
    at org.junit.Assert.assertEquals(Assert.java:118)
    at org.junit.Assert.assertEquals(Assert.java:555)
    at org.junit.Assert.assertEquals(Assert.java:542)
    at java_testcases.junit.MAX_SUBLIST_SUM_Test.test_1(MAX_SUBLIST_SUM_Test.java:14)
~ test_3(java_testcases.junit.MAX_SUBLIST_SUM_Test)
[expected:<19> but was:<13>]
java.lang.AssertionError: expected:<19> but was:<13>    at org.junit.Assert.fail(Assert.java:88)
    at org.junit.Assert.failNotEquals(Assert.java:743)
    at org.junit.Assert.assertEquals(Assert.java:118)
    at org.junit.Assert.assertEquals(Assert.java:555)
    at org.junit.Assert.assertEquals(Assert.java:542)
    at java_testcases.junit.MAX_SUBLIST_SUM_Test.test_3(MAX_SUBLIST_SUM_Test.java:26)
~ test_5(java_testcases.junit.MAX_SUBLIST_SUM_Test)
[expected:<6> but was:<2>]
java.lang.AssertionError: expected:<6> but was:<2>    at org.junit.Assert.fail(Assert.java:88)
    at org.junit.Assert.failNotEquals(Assert.java:743)
    at org.junit.Assert.assertEquals(Assert.java:118)
    at org.junit.Assert.assertEquals(Assert.java:555)
    at org.junit.Assert.assertEquals(Assert.java:542)
    at java_testcases.junit.MAX_SUBLIST_SUM_Test.test_5(MAX_SUBLIST_SUM_Test.java:38)
~ test_0(java_testcases.junit.MAX_SUBLIST_SUM_Test)
[expected:<5> but was:<4>]
java.lang.AssertionError: expected:<5> but was:<4>    at org.junit.Assert.fail(Assert.java:88)
    at org.junit.Assert.failNotEquals(Assert.java:743)
    at org.junit.Assert.assertEquals(Assert.java:118)
    at org.junit.Assert.assertEquals(Assert.java:555)
    at org.junit.Assert.assertEquals(Assert.java:542)
    at java_testcases.junit.MAX_SUBLIST_SUM_Test.test_0(MAX_SUBLIST_SUM_Test.java:8)
~ test_1(java_testcases.junit.MAX_SUBLIST_SUM_Test)
[expected:<4> but was:<3>]
java.lang.AssertionError: expected:<4> but was:<3>    at org.junit.Assert.fail(Assert.java:88)
    at org.junit.Assert.failNotEquals(Assert.java:743)
    at org.junit.Assert.assertEquals(Assert.java:118)
    at org.junit.Assert.assertEquals(Assert.java:555)
    at org.junit.Assert.assertEquals(Assert.java:542)
    at java_testcases.junit.MAX_SUBLIST_SUM_Test.test_1(MAX_SUBLIST_SUM_Test.java:14)
~ test_3(java_testcases.junit.MAX_SUBLIST_SUM_Test)
[expected:<19> but was:<13>]
java.lang.AssertionError: expected:<19> but was:<13>    at org.junit.Assert.fail(Assert.java:88)
    at org.junit.Assert.failNotEquals(Assert.java:743)
    at org.junit.Assert.assertEquals(Assert.java:118)
    at org.junit.Assert.assertEquals(Assert.java:555)
    at org.junit.Assert.assertEquals(Assert.java:542)
    at java_testcases.junit.MAX_SUBLIST_SUM_Test.test_3(MAX_SUBLIST_SUM_Test.java:26)
~ test_5(java_testcases.junit.MAX_SUBLIST_SUM_Test)
[expected:<6> but was:<2>]
java.lang.AssertionError: expected:<6> but was:<2>    at org.junit.Assert.fail(Assert.java:88)
    at org.junit.Assert.failNotEquals(Assert.java:743)
    at org.junit.Assert.assertEquals(Assert.java:118)
    at org.junit.Assert.assertEquals(Assert.java:555)
    at org.junit.Assert.assertEquals(Assert.java:542)
    at java_testcases.junit.MAX_SUBLIST_SUM_Test.test_5(MAX_SUBLIST_SUM_Test.java:38)

12:03:32.511 [pool-2-thread-1] DEBUG fr.inria.lille.repair.nopol.NoPol - statement #3
12:03:32.511 [pool-2-thread-1] DEBUG fr.inria.lille.repair.nopol.NoPol - Analysing SourceLocation java_programs.MAX_SUBLIST_SUM:19 which is executed by 6 tests
1398898352
12:03:32.543 [pool-2-thread-1] DEBUG fr.inria.lille.repair.nopol.NoPol - looking with class fr.inria.lille.repair.nopol.spoon.smt.ConditionalAdder
java.lang.AssertionError: expected:<5> but was:<4>
    at org.junit.Assert.fail(Assert.java:88)
    at org.junit.Assert.failNotEquals(Assert.java:743)
    at org.junit.Assert.assertEquals(Assert.java:118)
    at org.junit.Assert.assertEquals(Assert.java:555)
    at org.junit.Assert.assertEquals(Assert.java:542)
    at java_testcases.junit.MAX_SUBLIST_SUM_Test.test_0(MAX_SUBLIST_SUM_Test.java:8)
java.lang.AssertionError: expected:<4> but was:<3>
    at org.junit.Assert.fail(Assert.java:88)
    at org.junit.Assert.failNotEquals(Assert.java:743)
    at org.junit.Assert.assertEquals(Assert.java:118)
    at org.junit.Assert.assertEquals(Assert.java:555)
    at org.junit.Assert.assertEquals(Assert.java:542)
    at java_testcases.junit.MAX_SUBLIST_SUM_Test.test_1(MAX_SUBLIST_SUM_Test.java:14)
java.lang.AssertionError: expected:<19> but was:<13>
    at org.junit.Assert.fail(Assert.java:88)
    at org.junit.Assert.failNotEquals(Assert.java:743)
    at org.junit.Assert.assertEquals(Assert.java:118)
    at org.junit.Assert.assertEquals(Assert.java:555)
    at org.junit.Assert.assertEquals(Assert.java:542)
    at java_testcases.junit.MAX_SUBLIST_SUM_Test.test_3(MAX_SUBLIST_SUM_Test.java:26)
java.lang.AssertionError: expected:<6> but was:<2>
    at org.junit.Assert.fail(Assert.java:88)
    at org.junit.Assert.failNotEquals(Assert.java:743)
    at org.junit.Assert.assertEquals(Assert.java:118)
    at org.junit.Assert.assertEquals(Assert.java:555)
    at org.junit.Assert.assertEquals(Assert.java:542)
    at java_testcases.junit.MAX_SUBLIST_SUM_Test.test_5(MAX_SUBLIST_SUM_Test.java:38)
java.lang.AssertionError: expected:<5> but was:<4>
    at org.junit.Assert.fail(Assert.java:88)
    at org.junit.Assert.failNotEquals(Assert.java:743)
    at org.junit.Assert.assertEquals(Assert.java:118)
    at org.junit.Assert.assertEquals(Assert.java:555)
    at org.junit.Assert.assertEquals(Assert.java:542)
    at java_testcases.junit.MAX_SUBLIST_SUM_Test.test_0(MAX_SUBLIST_SUM_Test.java:8)
java.lang.AssertionError: expected:<4> but was:<3>
    at org.junit.Assert.fail(Assert.java:88)
    at org.junit.Assert.failNotEquals(Assert.java:743)
    at org.junit.Assert.assertEquals(Assert.java:118)
    at org.junit.Assert.assertEquals(Assert.java:555)
    at org.junit.Assert.assertEquals(Assert.java:542)
    at java_testcases.junit.MAX_SUBLIST_SUM_Test.test_1(MAX_SUBLIST_SUM_Test.java:14)
java.lang.AssertionError: expected:<19> but was:<13>
    at org.junit.Assert.fail(Assert.java:88)
    at org.junit.Assert.failNotEquals(Assert.java:743)
    at org.junit.Assert.assertEquals(Assert.java:118)
    at org.junit.Assert.assertEquals(Assert.java:555)
    at org.junit.Assert.assertEquals(Assert.java:542)
    at java_testcases.junit.MAX_SUBLIST_SUM_Test.test_3(MAX_SUBLIST_SUM_Test.java:26)
java.lang.AssertionError: expected:<6> but was:<2>
    at org.junit.Assert.fail(Assert.java:88)
    at org.junit.Assert.failNotEquals(Assert.java:743)
    at org.junit.Assert.assertEquals(Assert.java:118)
    at org.junit.Assert.assertEquals(Assert.java:555)
    at org.junit.Assert.assertEquals(Assert.java:542)
    at java_testcases.junit.MAX_SUBLIST_SUM_Test.test_5(MAX_SUBLIST_SUM_Test.java:38)
java.lang.AssertionError: expected:<5> but was:<4>
    at org.junit.Assert.fail(Assert.java:88)
    at org.junit.Assert.failNotEquals(Assert.java:743)
    at org.junit.Assert.assertEquals(Assert.java:118)
    at org.junit.Assert.assertEquals(Assert.java:555)
    at org.junit.Assert.assertEquals(Assert.java:542)
    at java_testcases.junit.MAX_SUBLIST_SUM_Test.test_0(MAX_SUBLIST_SUM_Test.java:8)
java.lang.AssertionError: expected:<4> but was:<3>
    at org.junit.Assert.fail(Assert.java:88)
    at org.junit.Assert.failNotEquals(Assert.java:743)
    at org.junit.Assert.assertEquals(Assert.java:118)
    at org.junit.Assert.assertEquals(Assert.java:555)
    at org.junit.Assert.assertEquals(Assert.java:542)
    at java_testcases.junit.MAX_SUBLIST_SUM_Test.test_1(MAX_SUBLIST_SUM_Test.java:14)
java.lang.AssertionError: expected:<19> but was:<13>
    at org.junit.Assert.fail(Assert.java:88)
    at org.junit.Assert.failNotEquals(Assert.java:743)
    at org.junit.Assert.assertEquals(Assert.java:118)
    at org.junit.Assert.assertEquals(Assert.java:555)
    at org.junit.Assert.assertEquals(Assert.java:542)
    at java_testcases.junit.MAX_SUBLIST_SUM_Test.test_3(MAX_SUBLIST_SUM_Test.java:26)
java.lang.AssertionError: expected:<6> but was:<2>
    at org.junit.Assert.fail(Assert.java:88)
    at org.junit.Assert.failNotEquals(Assert.java:743)
    at org.junit.Assert.assertEquals(Assert.java:118)
    at org.junit.Assert.assertEquals(Assert.java:555)
    at org.junit.Assert.assertEquals(Assert.java:542)
    at java_testcases.junit.MAX_SUBLIST_SUM_Test.test_5(MAX_SUBLIST_SUM_Test.java:38)
java.lang.AssertionError: expected:<5> but was:<4>
    at org.junit.Assert.fail(Assert.java:88)
    at org.junit.Assert.failNotEquals(Assert.java:743)
    at org.junit.Assert.assertEquals(Assert.java:118)
    at org.junit.Assert.assertEquals(Assert.java:555)
    at org.junit.Assert.assertEquals(Assert.java:542)
    at java_testcases.junit.MAX_SUBLIST_SUM_Test.test_0(MAX_SUBLIST_SUM_Test.java:8)
java.lang.AssertionError: expected:<4> but was:<3>
    at org.junit.Assert.fail(Assert.java:88)
    at org.junit.Assert.failNotEquals(Assert.java:743)
    at org.junit.Assert.assertEquals(Assert.java:118)
    at org.junit.Assert.assertEquals(Assert.java:555)
    at org.junit.Assert.assertEquals(Assert.java:542)
    at java_testcases.junit.MAX_SUBLIST_SUM_Test.test_1(MAX_SUBLIST_SUM_Test.java:14)
java.lang.AssertionError: expected:<19> but was:<13>
    at org.junit.Assert.fail(Assert.java:88)
    at org.junit.Assert.failNotEquals(Assert.java:743)
    at org.junit.Assert.assertEquals(Assert.java:118)
    at org.junit.Assert.assertEquals(Assert.java:555)
    at org.junit.Assert.assertEquals(Assert.java:542)
    at java_testcases.junit.MAX_SUBLIST_SUM_Test.test_3(MAX_SUBLIST_SUM_Test.java:26)
java.lang.AssertionError: expected:<6> but was:<2>
    at org.junit.Assert.fail(Assert.java:88)
    at org.junit.Assert.failNotEquals(Assert.java:743)
    at org.junit.Assert.assertEquals(Assert.java:118)
    at org.junit.Assert.assertEquals(Assert.java:555)
    at org.junit.Assert.assertEquals(Assert.java:542)
    at java_testcases.junit.MAX_SUBLIST_SUM_Test.test_5(MAX_SUBLIST_SUM_Test.java:38)
12:03:32.556 [pool-14-thread-1] INFO  xxl.java.junit.TestCasesListener - Tests run finished (10 ms)
<> Total tests run: 24
<> Ignored tests: 0
<> Failed tests: 16
~ test_0(java_testcases.junit.MAX_SUBLIST_SUM_Test)
[expected:<5> but was:<4>]
java.lang.AssertionError: expected:<5> but was:<4>    at org.junit.Assert.fail(Assert.java:88)
    at org.junit.Assert.failNotEquals(Assert.java:743)
    at org.junit.Assert.assertEquals(Assert.java:118)
    at org.junit.Assert.assertEquals(Assert.java:555)
    at org.junit.Assert.assertEquals(Assert.java:542)
    at java_testcases.junit.MAX_SUBLIST_SUM_Test.test_0(MAX_SUBLIST_SUM_Test.java:8)
~ test_1(java_testcases.junit.MAX_SUBLIST_SUM_Test)
[expected:<4> but was:<3>]
java.lang.AssertionError: expected:<4> but was:<3>    at org.junit.Assert.fail(Assert.java:88)
    at org.junit.Assert.failNotEquals(Assert.java:743)
    at org.junit.Assert.assertEquals(Assert.java:118)
    at org.junit.Assert.assertEquals(Assert.java:555)
    at org.junit.Assert.assertEquals(Assert.java:542)
    at java_testcases.junit.MAX_SUBLIST_SUM_Test.test_1(MAX_SUBLIST_SUM_Test.java:14)
~ test_3(java_testcases.junit.MAX_SUBLIST_SUM_Test)
[expected:<19> but was:<13>]
java.lang.AssertionError: expected:<19> but was:<13>    at org.junit.Assert.fail(Assert.java:88)
    at org.junit.Assert.failNotEquals(Assert.java:743)
    at org.junit.Assert.assertEquals(Assert.java:118)
    at org.junit.Assert.assertEquals(Assert.java:555)
    at org.junit.Assert.assertEquals(Assert.java:542)
    at java_testcases.junit.MAX_SUBLIST_SUM_Test.test_3(MAX_SUBLIST_SUM_Test.java:26)
~ test_5(java_testcases.junit.MAX_SUBLIST_SUM_Test)
[expected:<6> but was:<2>]
java.lang.AssertionError: expected:<6> but was:<2>    at org.junit.Assert.fail(Assert.java:88)
    at org.junit.Assert.failNotEquals(Assert.java:743)
    at org.junit.Assert.assertEquals(Assert.java:118)
    at org.junit.Assert.assertEquals(Assert.java:555)
    at org.junit.Assert.assertEquals(Assert.java:542)
    at java_testcases.junit.MAX_SUBLIST_SUM_Test.test_5(MAX_SUBLIST_SUM_Test.java:38)
~ test_0(java_testcases.junit.MAX_SUBLIST_SUM_Test)
[expected:<5> but was:<4>]
java.lang.AssertionError: expected:<5> but was:<4>    at org.junit.Assert.fail(Assert.java:88)
    at org.junit.Assert.failNotEquals(Assert.java:743)
    at org.junit.Assert.assertEquals(Assert.java:118)
    at org.junit.Assert.assertEquals(Assert.java:555)
    at org.junit.Assert.assertEquals(Assert.java:542)
    at java_testcases.junit.MAX_SUBLIST_SUM_Test.test_0(MAX_SUBLIST_SUM_Test.java:8)
~ test_1(java_testcases.junit.MAX_SUBLIST_SUM_Test)
[expected:<4> but was:<3>]
java.lang.AssertionError: expected:<4> but was:<3>    at org.junit.Assert.fail(Assert.java:88)
    at org.junit.Assert.failNotEquals(Assert.java:743)
    at org.junit.Assert.assertEquals(Assert.java:118)
    at org.junit.Assert.assertEquals(Assert.java:555)
    at org.junit.Assert.assertEquals(Assert.java:542)
    at java_testcases.junit.MAX_SUBLIST_SUM_Test.test_1(MAX_SUBLIST_SUM_Test.java:14)
~ test_3(java_testcases.junit.MAX_SUBLIST_SUM_Test)
[expected:<19> but was:<13>]
java.lang.AssertionError: expected:<19> but was:<13>    at org.junit.Assert.fail(Assert.java:88)
    at org.junit.Assert.failNotEquals(Assert.java:743)
    at org.junit.Assert.assertEquals(Assert.java:118)
    at org.junit.Assert.assertEquals(Assert.java:555)
    at org.junit.Assert.assertEquals(Assert.java:542)
    at java_testcases.junit.MAX_SUBLIST_SUM_Test.test_3(MAX_SUBLIST_SUM_Test.java:26)
~ test_5(java_testcases.junit.MAX_SUBLIST_SUM_Test)
[expected:<6> but was:<2>]
java.lang.AssertionError: expected:<6> but was:<2>    at org.junit.Assert.fail(Assert.java:88)
    at org.junit.Assert.failNotEquals(Assert.java:743)
    at org.junit.Assert.assertEquals(Assert.java:118)
    at org.junit.Assert.assertEquals(Assert.java:555)
    at org.junit.Assert.assertEquals(Assert.java:542)
    at java_testcases.junit.MAX_SUBLIST_SUM_Test.test_5(MAX_SUBLIST_SUM_Test.java:38)
~ test_0(java_testcases.junit.MAX_SUBLIST_SUM_Test)
[expected:<5> but was:<4>]
java.lang.AssertionError: expected:<5> but was:<4>    at org.junit.Assert.fail(Assert.java:88)
    at org.junit.Assert.failNotEquals(Assert.java:743)
    at org.junit.Assert.assertEquals(Assert.java:118)
    at org.junit.Assert.assertEquals(Assert.java:555)
    at org.junit.Assert.assertEquals(Assert.java:542)
    at java_testcases.junit.MAX_SUBLIST_SUM_Test.test_0(MAX_SUBLIST_SUM_Test.java:8)
~ test_1(java_testcases.junit.MAX_SUBLIST_SUM_Test)
[expected:<4> but was:<3>]
java.lang.AssertionError: expected:<4> but was:<3>    at org.junit.Assert.fail(Assert.java:88)
    at org.junit.Assert.failNotEquals(Assert.java:743)
    at org.junit.Assert.assertEquals(Assert.java:118)
    at org.junit.Assert.assertEquals(Assert.java:555)
    at org.junit.Assert.assertEquals(Assert.java:542)
    at java_testcases.junit.MAX_SUBLIST_SUM_Test.test_1(MAX_SUBLIST_SUM_Test.java:14)
~ test_3(java_testcases.junit.MAX_SUBLIST_SUM_Test)
[expected:<19> but was:<13>]
java.lang.AssertionError: expected:<19> but was:<13>    at org.junit.Assert.fail(Assert.java:88)
    at org.junit.Assert.failNotEquals(Assert.java:743)
    at org.junit.Assert.assertEquals(Assert.java:118)
    at org.junit.Assert.assertEquals(Assert.java:555)
    at org.junit.Assert.assertEquals(Assert.java:542)
    at java_testcases.junit.MAX_SUBLIST_SUM_Test.test_3(MAX_SUBLIST_SUM_Test.java:26)
~ test_5(java_testcases.junit.MAX_SUBLIST_SUM_Test)
[expected:<6> but was:<2>]
java.lang.AssertionError: expected:<6> but was:<2>    at org.junit.Assert.fail(Assert.java:88)
    at org.junit.Assert.failNotEquals(Assert.java:743)
    at org.junit.Assert.assertEquals(Assert.java:118)
    at org.junit.Assert.assertEquals(Assert.java:555)
    at org.junit.Assert.assertEquals(Assert.java:542)
    at java_testcases.junit.MAX_SUBLIST_SUM_Test.test_5(MAX_SUBLIST_SUM_Test.java:38)
~ test_0(java_testcases.junit.MAX_SUBLIST_SUM_Test)
[expected:<5> but was:<4>]
java.lang.AssertionError: expected:<5> but was:<4>    at org.junit.Assert.fail(Assert.java:88)
    at org.junit.Assert.failNotEquals(Assert.java:743)
    at org.junit.Assert.assertEquals(Assert.java:118)
    at org.junit.Assert.assertEquals(Assert.java:555)
    at org.junit.Assert.assertEquals(Assert.java:542)
    at java_testcases.junit.MAX_SUBLIST_SUM_Test.test_0(MAX_SUBLIST_SUM_Test.java:8)
~ test_1(java_testcases.junit.MAX_SUBLIST_SUM_Test)
[expected:<4> but was:<3>]
java.lang.AssertionError: expected:<4> but was:<3>    at org.junit.Assert.fail(Assert.java:88)
    at org.junit.Assert.failNotEquals(Assert.java:743)
    at org.junit.Assert.assertEquals(Assert.java:118)
    at org.junit.Assert.assertEquals(Assert.java:555)
    at org.junit.Assert.assertEquals(Assert.java:542)
    at java_testcases.junit.MAX_SUBLIST_SUM_Test.test_1(MAX_SUBLIST_SUM_Test.java:14)
~ test_3(java_testcases.junit.MAX_SUBLIST_SUM_Test)
[expected:<19> but was:<13>]
java.lang.AssertionError: expected:<19> but was:<13>    at org.junit.Assert.fail(Assert.java:88)
    at org.junit.Assert.failNotEquals(Assert.java:743)
    at org.junit.Assert.assertEquals(Assert.java:118)
    at org.junit.Assert.assertEquals(Assert.java:555)
    at org.junit.Assert.assertEquals(Assert.java:542)
    at java_testcases.junit.MAX_SUBLIST_SUM_Test.test_3(MAX_SUBLIST_SUM_Test.java:26)
~ test_5(java_testcases.junit.MAX_SUBLIST_SUM_Test)
[expected:<6> but was:<2>]
java.lang.AssertionError: expected:<6> but was:<2>    at org.junit.Assert.fail(Assert.java:88)
    at org.junit.Assert.failNotEquals(Assert.java:743)
    at org.junit.Assert.assertEquals(Assert.java:118)
    at org.junit.Assert.assertEquals(Assert.java:555)
    at org.junit.Assert.assertEquals(Assert.java:542)
    at java_testcases.junit.MAX_SUBLIST_SUM_Test.test_5(MAX_SUBLIST_SUM_Test.java:38)

12:03:32.627 [pool-2-thread-1] DEBUG fr.inria.lille.repair.nopol.NoPol - statement #4
12:03:32.628 [pool-2-thread-1] DEBUG fr.inria.lille.repair.nopol.NoPol - Analysing SourceLocation java_programs.MAX_SUBLIST_SUM:18 which is executed by 6 tests
1398898352
12:03:32.666 [pool-2-thread-1] DEBUG fr.inria.lille.repair.nopol.NoPol - looking with class fr.inria.lille.repair.nopol.spoon.smt.ConditionalAdder
java.lang.AssertionError: expected:<5> but was:<4>
    at org.junit.Assert.fail(Assert.java:88)
    at org.junit.Assert.failNotEquals(Assert.java:743)
    at org.junit.Assert.assertEquals(Assert.java:118)
    at org.junit.Assert.assertEquals(Assert.java:555)
    at org.junit.Assert.assertEquals(Assert.java:542)
    at java_testcases.junit.MAX_SUBLIST_SUM_Test.test_0(MAX_SUBLIST_SUM_Test.java:8)
java.lang.AssertionError: expected:<4> but was:<3>
    at org.junit.Assert.fail(Assert.java:88)
    at org.junit.Assert.failNotEquals(Assert.java:743)
    at org.junit.Assert.assertEquals(Assert.java:118)
    at org.junit.Assert.assertEquals(Assert.java:555)
    at org.junit.Assert.assertEquals(Assert.java:542)
    at java_testcases.junit.MAX_SUBLIST_SUM_Test.test_1(MAX_SUBLIST_SUM_Test.java:14)
java.lang.AssertionError: expected:<19> but was:<13>
    at org.junit.Assert.fail(Assert.java:88)
    at org.junit.Assert.failNotEquals(Assert.java:743)
    at org.junit.Assert.assertEquals(Assert.java:118)
    at org.junit.Assert.assertEquals(Assert.java:555)
    at org.junit.Assert.assertEquals(Assert.java:542)
    at java_testcases.junit.MAX_SUBLIST_SUM_Test.test_3(MAX_SUBLIST_SUM_Test.java:26)
java.lang.AssertionError: expected:<6> but was:<2>
    at org.junit.Assert.fail(Assert.java:88)
    at org.junit.Assert.failNotEquals(Assert.java:743)
    at org.junit.Assert.assertEquals(Assert.java:118)
    at org.junit.Assert.assertEquals(Assert.java:555)
    at org.junit.Assert.assertEquals(Assert.java:542)
    at java_testcases.junit.MAX_SUBLIST_SUM_Test.test_5(MAX_SUBLIST_SUM_Test.java:38)
java.lang.AssertionError: expected:<5> but was:<4>
    at org.junit.Assert.fail(Assert.java:88)
    at org.junit.Assert.failNotEquals(Assert.java:743)
    at org.junit.Assert.assertEquals(Assert.java:118)
    at org.junit.Assert.assertEquals(Assert.java:555)
    at org.junit.Assert.assertEquals(Assert.java:542)
    at java_testcases.junit.MAX_SUBLIST_SUM_Test.test_0(MAX_SUBLIST_SUM_Test.java:8)
java.lang.AssertionError: expected:<4> but was:<3>
    at org.junit.Assert.fail(Assert.java:88)
    at org.junit.Assert.failNotEquals(Assert.java:743)
    at org.junit.Assert.assertEquals(Assert.java:118)
    at org.junit.Assert.assertEquals(Assert.java:555)
    at org.junit.Assert.assertEquals(Assert.java:542)
    at java_testcases.junit.MAX_SUBLIST_SUM_Test.test_1(MAX_SUBLIST_SUM_Test.java:14)
java.lang.AssertionError: expected:<19> but was:<13>
    at org.junit.Assert.fail(Assert.java:88)
    at org.junit.Assert.failNotEquals(Assert.java:743)
    at org.junit.Assert.assertEquals(Assert.java:118)
    at org.junit.Assert.assertEquals(Assert.java:555)
    at org.junit.Assert.assertEquals(Assert.java:542)
    at java_testcases.junit.MAX_SUBLIST_SUM_Test.test_3(MAX_SUBLIST_SUM_Test.java:26)
java.lang.AssertionError: expected:<6> but was:<2>
    at org.junit.Assert.fail(Assert.java:88)
    at org.junit.Assert.failNotEquals(Assert.java:743)
    at org.junit.Assert.assertEquals(Assert.java:118)
    at org.junit.Assert.assertEquals(Assert.java:555)
    at org.junit.Assert.assertEquals(Assert.java:542)
    at java_testcases.junit.MAX_SUBLIST_SUM_Test.test_5(MAX_SUBLIST_SUM_Test.java:38)
java.lang.AssertionError: expected:<5> but was:<4>
    at org.junit.Assert.fail(Assert.java:88)
    at org.junit.Assert.failNotEquals(Assert.java:743)
    at org.junit.Assert.assertEquals(Assert.java:118)
    at org.junit.Assert.assertEquals(Assert.java:555)
    at org.junit.Assert.assertEquals(Assert.java:542)
    at java_testcases.junit.MAX_SUBLIST_SUM_Test.test_0(MAX_SUBLIST_SUM_Test.java:8)
java.lang.AssertionError: expected:<4> but was:<3>
    at org.junit.Assert.fail(Assert.java:88)
    at org.junit.Assert.failNotEquals(Assert.java:743)
    at org.junit.Assert.assertEquals(Assert.java:118)
    at org.junit.Assert.assertEquals(Assert.java:555)
    at org.junit.Assert.assertEquals(Assert.java:542)
    at java_testcases.junit.MAX_SUBLIST_SUM_Test.test_1(MAX_SUBLIST_SUM_Test.java:14)
java.lang.AssertionError: expected:<19> but was:<13>
    at org.junit.Assert.fail(Assert.java:88)
    at org.junit.Assert.failNotEquals(Assert.java:743)
    at org.junit.Assert.assertEquals(Assert.java:118)
    at org.junit.Assert.assertEquals(Assert.java:555)
    at org.junit.Assert.assertEquals(Assert.java:542)
    at java_testcases.junit.MAX_SUBLIST_SUM_Test.test_3(MAX_SUBLIST_SUM_Test.java:26)
java.lang.AssertionError: expected:<6> but was:<2>
    at org.junit.Assert.fail(Assert.java:88)
    at org.junit.Assert.failNotEquals(Assert.java:743)
    at org.junit.Assert.assertEquals(Assert.java:118)
    at org.junit.Assert.assertEquals(Assert.java:555)
    at org.junit.Assert.assertEquals(Assert.java:542)
    at java_testcases.junit.MAX_SUBLIST_SUM_Test.test_5(MAX_SUBLIST_SUM_Test.java:38)
java.lang.AssertionError: expected:<5> but was:<4>
    at org.junit.Assert.fail(Assert.java:88)
    at org.junit.Assert.failNotEquals(Assert.java:743)
    at org.junit.Assert.assertEquals(Assert.java:118)
    at org.junit.Assert.assertEquals(Assert.java:555)
    at org.junit.Assert.assertEquals(Assert.java:542)
    at java_testcases.junit.MAX_SUBLIST_SUM_Test.test_0(MAX_SUBLIST_SUM_Test.java:8)
java.lang.AssertionError: expected:<4> but was:<3>
    at org.junit.Assert.fail(Assert.java:88)
    at org.junit.Assert.failNotEquals(Assert.java:743)
    at org.junit.Assert.assertEquals(Assert.java:118)
    at org.junit.Assert.assertEquals(Assert.java:555)
    at org.junit.Assert.assertEquals(Assert.java:542)
    at java_testcases.junit.MAX_SUBLIST_SUM_Test.test_1(MAX_SUBLIST_SUM_Test.java:14)
java.lang.AssertionError: expected:<19> but was:<13>
    at org.junit.Assert.fail(Assert.java:88)
    at org.junit.Assert.failNotEquals(Assert.java:743)
    at org.junit.Assert.assertEquals(Assert.java:118)
    at org.junit.Assert.assertEquals(Assert.java:555)
    at org.junit.Assert.assertEquals(Assert.java:542)
    at java_testcases.junit.MAX_SUBLIST_SUM_Test.test_3(MAX_SUBLIST_SUM_Test.java:26)
java.lang.AssertionError: expected:<6> but was:<2>
    at org.junit.Assert.fail(Assert.java:88)
    at org.junit.Assert.failNotEquals(Assert.java:743)
    at org.junit.Assert.assertEquals(Assert.java:118)
    at org.junit.Assert.assertEquals(Assert.java:555)
    at org.junit.Assert.assertEquals(Assert.java:542)
    at java_testcases.junit.MAX_SUBLIST_SUM_Test.test_5(MAX_SUBLIST_SUM_Test.java:38)
12:03:32.683 [pool-24-thread-1] INFO  xxl.java.junit.TestCasesListener - Tests run finished (8 ms)
<> Total tests run: 24
<> Ignored tests: 0
<> Failed tests: 16
~ test_0(java_testcases.junit.MAX_SUBLIST_SUM_Test)
[expected:<5> but was:<4>]
java.lang.AssertionError: expected:<5> but was:<4>    at org.junit.Assert.fail(Assert.java:88)
    at org.junit.Assert.failNotEquals(Assert.java:743)
    at org.junit.Assert.assertEquals(Assert.java:118)
    at org.junit.Assert.assertEquals(Assert.java:555)
    at org.junit.Assert.assertEquals(Assert.java:542)
    at java_testcases.junit.MAX_SUBLIST_SUM_Test.test_0(MAX_SUBLIST_SUM_Test.java:8)
~ test_1(java_testcases.junit.MAX_SUBLIST_SUM_Test)
[expected:<4> but was:<3>]
java.lang.AssertionError: expected:<4> but was:<3>    at org.junit.Assert.fail(Assert.java:88)
    at org.junit.Assert.failNotEquals(Assert.java:743)
    at org.junit.Assert.assertEquals(Assert.java:118)
    at org.junit.Assert.assertEquals(Assert.java:555)
    at org.junit.Assert.assertEquals(Assert.java:542)
    at java_testcases.junit.MAX_SUBLIST_SUM_Test.test_1(MAX_SUBLIST_SUM_Test.java:14)
~ test_3(java_testcases.junit.MAX_SUBLIST_SUM_Test)
[expected:<19> but was:<13>]
java.lang.AssertionError: expected:<19> but was:<13>    at org.junit.Assert.fail(Assert.java:88)
    at org.junit.Assert.failNotEquals(Assert.java:743)
    at org.junit.Assert.assertEquals(Assert.java:118)
    at org.junit.Assert.assertEquals(Assert.java:555)
    at org.junit.Assert.assertEquals(Assert.java:542)
    at java_testcases.junit.MAX_SUBLIST_SUM_Test.test_3(MAX_SUBLIST_SUM_Test.java:26)
~ test_5(java_testcases.junit.MAX_SUBLIST_SUM_Test)
[expected:<6> but was:<2>]
java.lang.AssertionError: expected:<6> but was:<2>    at org.junit.Assert.fail(Assert.java:88)
    at org.junit.Assert.failNotEquals(Assert.java:743)
    at org.junit.Assert.assertEquals(Assert.java:118)
    at org.junit.Assert.assertEquals(Assert.java:555)
    at org.junit.Assert.assertEquals(Assert.java:542)
    at java_testcases.junit.MAX_SUBLIST_SUM_Test.test_5(MAX_SUBLIST_SUM_Test.java:38)
~ test_0(java_testcases.junit.MAX_SUBLIST_SUM_Test)
[expected:<5> but was:<4>]
java.lang.AssertionError: expected:<5> but was:<4>    at org.junit.Assert.fail(Assert.java:88)
    at org.junit.Assert.failNotEquals(Assert.java:743)
    at org.junit.Assert.assertEquals(Assert.java:118)
    at org.junit.Assert.assertEquals(Assert.java:555)
    at org.junit.Assert.assertEquals(Assert.java:542)
    at java_testcases.junit.MAX_SUBLIST_SUM_Test.test_0(MAX_SUBLIST_SUM_Test.java:8)
~ test_1(java_testcases.junit.MAX_SUBLIST_SUM_Test)
[expected:<4> but was:<3>]
java.lang.AssertionError: expected:<4> but was:<3>    at org.junit.Assert.fail(Assert.java:88)
    at org.junit.Assert.failNotEquals(Assert.java:743)
    at org.junit.Assert.assertEquals(Assert.java:118)
    at org.junit.Assert.assertEquals(Assert.java:555)
    at org.junit.Assert.assertEquals(Assert.java:542)
    at java_testcases.junit.MAX_SUBLIST_SUM_Test.test_1(MAX_SUBLIST_SUM_Test.java:14)
~ test_3(java_testcases.junit.MAX_SUBLIST_SUM_Test)
[expected:<19> but was:<13>]
java.lang.AssertionError: expected:<19> but was:<13>    at org.junit.Assert.fail(Assert.java:88)
    at org.junit.Assert.failNotEquals(Assert.java:743)
    at org.junit.Assert.assertEquals(Assert.java:118)
    at org.junit.Assert.assertEquals(Assert.java:555)
    at org.junit.Assert.assertEquals(Assert.java:542)
    at java_testcases.junit.MAX_SUBLIST_SUM_Test.test_3(MAX_SUBLIST_SUM_Test.java:26)
~ test_5(java_testcases.junit.MAX_SUBLIST_SUM_Test)
[expected:<6> but was:<2>]
java.lang.AssertionError: expected:<6> but was:<2>    at org.junit.Assert.fail(Assert.java:88)
    at org.junit.Assert.failNotEquals(Assert.java:743)
    at org.junit.Assert.assertEquals(Assert.java:118)
    at org.junit.Assert.assertEquals(Assert.java:555)
    at org.junit.Assert.assertEquals(Assert.java:542)
    at java_testcases.junit.MAX_SUBLIST_SUM_Test.test_5(MAX_SUBLIST_SUM_Test.java:38)
~ test_0(java_testcases.junit.MAX_SUBLIST_SUM_Test)
[expected:<5> but was:<4>]
java.lang.AssertionError: expected:<5> but was:<4>    at org.junit.Assert.fail(Assert.java:88)
    at org.junit.Assert.failNotEquals(Assert.java:743)
    at org.junit.Assert.assertEquals(Assert.java:118)
    at org.junit.Assert.assertEquals(Assert.java:555)
    at org.junit.Assert.assertEquals(Assert.java:542)
    at java_testcases.junit.MAX_SUBLIST_SUM_Test.test_0(MAX_SUBLIST_SUM_Test.java:8)
~ test_1(java_testcases.junit.MAX_SUBLIST_SUM_Test)
[expected:<4> but was:<3>]
java.lang.AssertionError: expected:<4> but was:<3>    at org.junit.Assert.fail(Assert.java:88)
    at org.junit.Assert.failNotEquals(Assert.java:743)
    at org.junit.Assert.assertEquals(Assert.java:118)
    at org.junit.Assert.assertEquals(Assert.java:555)
    at org.junit.Assert.assertEquals(Assert.java:542)
    at java_testcases.junit.MAX_SUBLIST_SUM_Test.test_1(MAX_SUBLIST_SUM_Test.java:14)
~ test_3(java_testcases.junit.MAX_SUBLIST_SUM_Test)
[expected:<19> but was:<13>]
java.lang.AssertionError: expected:<19> but was:<13>    at org.junit.Assert.fail(Assert.java:88)
    at org.junit.Assert.failNotEquals(Assert.java:743)
    at org.junit.Assert.assertEquals(Assert.java:118)
    at org.junit.Assert.assertEquals(Assert.java:555)
    at org.junit.Assert.assertEquals(Assert.java:542)
    at java_testcases.junit.MAX_SUBLIST_SUM_Test.test_3(MAX_SUBLIST_SUM_Test.java:26)
~ test_5(java_testcases.junit.MAX_SUBLIST_SUM_Test)
[expected:<6> but was:<2>]
java.lang.AssertionError: expected:<6> but was:<2>    at org.junit.Assert.fail(Assert.java:88)
    at org.junit.Assert.failNotEquals(Assert.java:743)
    at org.junit.Assert.assertEquals(Assert.java:118)
    at org.junit.Assert.assertEquals(Assert.java:555)
    at org.junit.Assert.assertEquals(Assert.java:542)
    at java_testcases.junit.MAX_SUBLIST_SUM_Test.test_5(MAX_SUBLIST_SUM_Test.java:38)
~ test_0(java_testcases.junit.MAX_SUBLIST_SUM_Test)
[expected:<5> but was:<4>]
java.lang.AssertionError: expected:<5> but was:<4>    at org.junit.Assert.fail(Assert.java:88)
    at org.junit.Assert.failNotEquals(Assert.java:743)
    at org.junit.Assert.assertEquals(Assert.java:118)
    at org.junit.Assert.assertEquals(Assert.java:555)
    at org.junit.Assert.assertEquals(Assert.java:542)
    at java_testcases.junit.MAX_SUBLIST_SUM_Test.test_0(MAX_SUBLIST_SUM_Test.java:8)
~ test_1(java_testcases.junit.MAX_SUBLIST_SUM_Test)
[expected:<4> but was:<3>]
java.lang.AssertionError: expected:<4> but was:<3>    at org.junit.Assert.fail(Assert.java:88)
    at org.junit.Assert.failNotEquals(Assert.java:743)
    at org.junit.Assert.assertEquals(Assert.java:118)
    at org.junit.Assert.assertEquals(Assert.java:555)
    at org.junit.Assert.assertEquals(Assert.java:542)
    at java_testcases.junit.MAX_SUBLIST_SUM_Test.test_1(MAX_SUBLIST_SUM_Test.java:14)
~ test_3(java_testcases.junit.MAX_SUBLIST_SUM_Test)
[expected:<19> but was:<13>]
java.lang.AssertionError: expected:<19> but was:<13>    at org.junit.Assert.fail(Assert.java:88)
    at org.junit.Assert.failNotEquals(Assert.java:743)
    at org.junit.Assert.assertEquals(Assert.java:118)
    at org.junit.Assert.assertEquals(Assert.java:555)
    at org.junit.Assert.assertEquals(Assert.java:542)
    at java_testcases.junit.MAX_SUBLIST_SUM_Test.test_3(MAX_SUBLIST_SUM_Test.java:26)
~ test_5(java_testcases.junit.MAX_SUBLIST_SUM_Test)
[expected:<6> but was:<2>]
java.lang.AssertionError: expected:<6> but was:<2>    at org.junit.Assert.fail(Assert.java:88)
    at org.junit.Assert.failNotEquals(Assert.java:743)
    at org.junit.Assert.assertEquals(Assert.java:118)
    at org.junit.Assert.assertEquals(Assert.java:555)
    at org.junit.Assert.assertEquals(Assert.java:542)
    at java_testcases.junit.MAX_SUBLIST_SUM_Test.test_5(MAX_SUBLIST_SUM_Test.java:38)

12:03:32.763 [pool-2-thread-1] DEBUG fr.inria.lille.repair.nopol.NoPol - statement #5
12:03:32.763 [pool-2-thread-1] DEBUG fr.inria.lille.repair.nopol.NoPol - Analysing SourceLocation java_programs.MAX_SUBLIST_SUM:16 which is executed by 6 tests
1398898352
12:03:32.794 [pool-2-thread-1] DEBUG fr.inria.lille.repair.nopol.NoPol - statement #6
12:03:32.795 [pool-2-thread-1] DEBUG fr.inria.lille.repair.nopol.NoPol - Analysing SourceLocation java_programs.MAX_SUBLIST_SUM:15 which is executed by 6 tests
1398898352
12:03:32.828 [pool-2-thread-1] INFO  fr.inria.lille.repair.nopol.NoPol - ----INFORMATION----
12:03:32.838 [pool-2-thread-1] INFO  fr.inria.lille.repair.nopol.NoPol - Nb classes : 3
12:03:32.838 [pool-2-thread-1] INFO  fr.inria.lille.repair.nopol.NoPol - Nb methods : 9
12:03:32.838 [pool-2-thread-1] INFO  fr.inria.lille.repair.nopol.NoPol - Nb Statements Analyzed : 3
12:03:32.838 [pool-2-thread-1] INFO  fr.inria.lille.repair.nopol.NoPol - Nb Statements with Angelic Value Found : 0
12:03:32.838 [pool-2-thread-1] INFO  fr.inria.lille.repair.nopol.NoPol - NoPol Execution time : 3047ms
12:03:32.838 [pool-2-thread-1] INFO  fr.inria.lille.repair.nopol.NoPol - 
NO_ANGELIC_VALUE
Command exited with non-zero status 255
5.95user 0.65system 0:03.94elapsed 167%CPU (0avgtext+0avgdata 376948maxresident)k
45392inputs+5232outputs (3major+123988minor)pagefaults 0swaps


Node: grisou-41.nancy.grid5000.fr



Date: Sun Dec  2 12:03:33 EST 2018

