cd /tmp/jKali_Defects4J_Math_101;
export JAVA_TOOL_OPTIONS="-Dfile.encoding=UTF8 -Duser.language=en-US -Duser.country=US -Duser.language=en";
TZ="America/New_York"; export TZ;
export PATH="/usr/lib/jvm/java-1.8.0-openjdk-amd64/bin/:$PATH";
export JAVA_HOME="/usr/lib/jvm/java-1.8.0-openjdk-amd64/bin/";
time java -Xmx4048m -cp /home/tdurieux/RepairThemAll/script/../libs/jtestex7.jar:/home/tdurieux/RepairThemAll/script/../repair_tools/astor.jar fr.inria.main.evolution.AstorMain \
	-mode jkali \
	-location . \
	-id Math-101 \
	-failing org.apache.commons.math.complex.ComplexFormatTest:org.apache.commons.math.complex.FrenchComplexFormatTest \
	-jvm4testexecution /home/tdurieux/openjdk-1.7.0/bin/ \
	-jvm4evosuitetestexecution /home/tdurieux/openjdk-1.7.0/bin/ \
	-maxgen 1000000 \
	-maxtime 120 \
	-stopfirst true \
	-seed 0 \
	-scope local \
	-population 1 \
	-javacompliancelevel 7 \
	-srcjavafolder src/java/ \
	-srctestfolder src/test/ \
	-binjavafolder target/classes/ \
	-bintestfolder target/test-classes/ \
	-parameters x:x \
	-dependencies /tmp/jKali_Defects4J_Math_101/target/classes/:/tmp/jKali_Defects4J_Math_101/target/test-classes/:/home/tdurieux/RepairThemAll/script/../benchmarks/defects4j/framework/projects/lib/junit-4.11.jar;
	echo "\n\nNode: `hostname`\n";
	echo "\n\nDate: `date`\n";
Picked up JAVA_TOOL_OPTIONS: -Dfile.encoding=UTF8 -Duser.language=en-US -Duser.country=US -Duser.language=en
2018-12-06 17:38:54,926 INFO main - command line arguments: [-mode  jkali  -location  .  -id  Math-101  -failing  org.apache.commons.math.complex.ComplexFormatTest:org.apache.commons.math.complex.FrenchComplexFormatTest  -jvm4testexecution  /home/tdurieux/openjdk-1.7.0/bin/  -jvm4evosuitetestexecution  /home/tdurieux/openjdk-1.7.0/bin/  -maxgen  1000000  -maxtime  120  -stopfirst  true  -seed  0  -scope  local  -population  1  -javacompliancelevel  7  -srcjavafolder  src/java/  -srctestfolder  src/test/  -binjavafolder  target/classes/  -bintestfolder  target/test-classes/  -parameters  x:x  -dependencies  /tmp/jKali_Defects4J_Math_101/target/classes/:/tmp/jKali_Defects4J_Math_101/target/test-classes/:/home/tdurieux/RepairThemAll/script/../benchmarks/defects4j/framework/projects/lib/junit-4.11.jar]
2018-12-06 17:38:54,928 INFO fr.inria.main.evolution.AstorMain - Running Astor on a JDK at /usr/lib/jvm/java-8-openjdk-amd64/jre
[INFO ] fr.inria.main.AbstractMain.determineSourceFolders(AbstractMain.java:842) - Source folders: [/tmp/jKali_Defects4J_Math_101/./src/java]
[INFO ] fr.inria.main.AbstractMain.determineSourceFolders(AbstractMain.java:861) - Source Test folders: [/tmp/jKali_Defects4J_Math_101/./src/test]
[INFO ] fr.inria.astor.core.faultlocalization.gzoltar.GZoltarFaultLocalization.calculateSuspicious(GZoltarFaultLocalization.java:75) - -Executing Gzoltar classpath: /tmp/jKali_Defects4J_Math_101/./output_astor/AstorMain-Math-101//bin//default from 290 classes with test cases
[INFO ] fr.inria.astor.core.faultlocalization.gzoltar.GZoltarFaultLocalization.searchSuspicious(GZoltarFaultLocalization.java:149) - Gzoltar fault localization: min susp value parameter: 0.1
[INFO ] fr.inria.astor.core.faultlocalization.gzoltar.GZoltarFaultLocalization.searchSuspicious(GZoltarFaultLocalization.java:169) - -gz-Adding classpath: [/tmp/jKali_Defects4J_Math_101/target/test-classes/, /tmp/jKali_Defects4J_Math_101/./output_astor/AstorMain-Math-101//bin//default, /tmp/jKali_Defects4J_Math_101/target/classes/, /home/tdurieux/RepairThemAll/script/../benchmarks/defects4j/framework/projects/lib/junit-4.11.jar]
[INFO ] fr.inria.astor.core.faultlocalization.gzoltar.GZoltarFaultLocalization.searchSuspicious(GZoltarFaultLocalization.java:206) - Test failt: org.apache.commons.math.optimization.MultiDirectionalTest#testCostExceptions
[INFO ] fr.inria.astor.core.faultlocalization.gzoltar.GZoltarFaultLocalization.searchSuspicious(GZoltarFaultLocalization.java:206) - Test failt: org.apache.commons.math.optimization.MultiDirectionalTest#testRosenbrock
[INFO ] fr.inria.astor.core.faultlocalization.gzoltar.GZoltarFaultLocalization.searchSuspicious(GZoltarFaultLocalization.java:206) - Test failt: org.apache.commons.math.optimization.MultiDirectionalTest#testPowell
[INFO ] fr.inria.astor.core.faultlocalization.gzoltar.GZoltarFaultLocalization.searchSuspicious(GZoltarFaultLocalization.java:206) - Test failt: org.apache.commons.math.complex.ComplexFormatTest#testForgottenImaginaryCharacter
[INFO ] fr.inria.astor.core.faultlocalization.gzoltar.GZoltarFaultLocalization.searchSuspicious(GZoltarFaultLocalization.java:206) - Test failt: org.apache.commons.math.complex.FrenchComplexFormatTest#testForgottenImaginaryCharacter
[INFO ] fr.inria.astor.core.faultlocalization.gzoltar.GZoltarFaultLocalization.searchSuspicious(GZoltarFaultLocalization.java:218) - Gzoltar Test Result Total:1177, fails: 5, GZoltar suspicious 7327, with positive susp 58
[INFO ] fr.inria.astor.core.faultlocalization.gzoltar.GZoltarFaultLocalization.searchSuspicious(GZoltarFaultLocalization.java:226) - nr test results 1177
[INFO ] fr.inria.astor.core.faultlocalization.gzoltar.GZoltarFaultLocalization.searchSuspicious(GZoltarFaultLocalization.java:271) - Gzoltar found: 52 with susp > 0.1, we consider: 52
[INFO ] fr.inria.astor.core.solutionsearch.AstorCoreEngine.initPopulation(AstorCoreEngine.java:689) - 
---- Creating spoon model
[INFO ] fr.inria.astor.core.solutionsearch.AstorCoreEngine.initModel(AstorCoreEngine.java:781) - Creating model,  Code location from working folder: /tmp/jKali_Defects4J_Math_101/./output_astor/AstorMain-Math-101//src//default
[INFO ] fr.inria.astor.core.manipulation.MutationSupporter.buildModel(MutationSupporter.java:65) - building model: /tmp/jKali_Defects4J_Math_101/./output_astor/AstorMain-Math-101//src//default, compliance level: 7
[INFO ] fr.inria.astor.core.manipulation.MutationSupporter.buildModel(MutationSupporter.java:78) - Classpath for building SpoonModel [/tmp/jKali_Defects4J_Math_101/target/classes/, /tmp/jKali_Defects4J_Math_101/target/test-classes/, /home/tdurieux/RepairThemAll/script/../benchmarks/defects4j/framework/projects/lib/junit-4.11.jar]
[ERROR] fr.inria.astor.core.solutionsearch.AstorCoreEngine.initModel(AstorCoreEngine.java:788) - Problem compiling the model with compliance level 7
[ERROR] fr.inria.astor.core.solutionsearch.AstorCoreEngine.initModel(AstorCoreEngine.java:790) - The import org.apache.commons.discovery cannot be resolved at /tmp/jKali_Defects4J_Math_101/output_astor/AstorMain-Math-101/src/default/org/apache/commons/math/analysis/UnivariateRealSolverFactory.java:19
Exception in thread "main" spoon.compiler.ModelBuildingException: The import org.apache.commons.discovery cannot be resolved at /tmp/jKali_Defects4J_Math_101/output_astor/AstorMain-Math-101/src/default/org/apache/commons/math/analysis/UnivariateRealSolverFactory.java:19
	at spoon.support.compiler.jdt.JDTBasedSpoonCompiler.report(JDTBasedSpoonCompiler.java:641)
	at spoon.support.compiler.jdt.JDTBasedSpoonCompiler.reportProblems(JDTBasedSpoonCompiler.java:622)
	at spoon.support.compiler.jdt.JDTBasedSpoonCompiler.build(JDTBasedSpoonCompiler.java:131)
	at spoon.support.compiler.jdt.JDTBasedSpoonCompiler.build(JDTBasedSpoonCompiler.java:113)
	at fr.inria.astor.core.manipulation.MutationSupporter.buildModel(MutationSupporter.java:81)
	at fr.inria.astor.core.solutionsearch.AstorCoreEngine.initModel(AstorCoreEngine.java:785)
	at fr.inria.astor.core.solutionsearch.AstorCoreEngine.initPopulation(AstorCoreEngine.java:691)
	at fr.inria.main.evolution.AstorMain.createEngine(AstorMain.java:127)
	at fr.inria.main.evolution.AstorMain.run(AstorMain.java:179)
	at fr.inria.main.evolution.AstorMain.execute(AstorMain.java:236)
	at fr.inria.main.evolution.AstorMain.main(AstorMain.java:210)
Command exited with non-zero status 1
42.43user 1.32system 0:12.22elapsed 357%CPU (0avgtext+0avgdata 577540maxresident)k
71992inputs+14936outputs (29major+306422minor)pagefaults 0swaps


Node: uvb-10.sophia.grid5000.fr



Date: Thu Dec  6 17:39:06 EST 2018

