cd /tmp/Nopol_Bug_dot_jar_Jackrabbit-Oak_ec961a38;
export JAVA_TOOL_OPTIONS="-Dfile.encoding=UTF8 -Duser.language=en-US -Duser.country=US -Duser.language=en";
TZ="America/New_York"; export TZ;
export PATH="/usr/lib/jvm/java-1.8.0-openjdk-amd64/bin/:$PATH";
export JAVA_HOME="/usr/lib/jvm/java-1.8.0-openjdk-amd64/bin/";
time java -Xmx4g -Xms1g -cp /home/tdurieux/defects4j4repair/script/../repair_tools/nopol.jar:/usr/lib/jvm/java-1.8.0-openjdk-amd64/bin//../lib/tools.jar fr.inria.lille.repair.Main \
	--mode repair \
	--type pre_then_cond \
	--oracle angelic \
	--synthesis smt \
	--flocal gzoltar \
	--json \
	--solver z3 \
	--solver-path /home/tdurieux/defects4j4repair/script/../libs/z3/build/z3 \
	--complianceLevel 7 \
	--source oak-core/src/main/java \
	--classpath "oak-core/target/classes:oak-core/target/test-classes:/tmp/Nopol_Bug_dot_jar_Jackrabbit-Oak_ec961a38/oak-commons/target/classes:/tmp/Nopol_Bug_dot_jar_Jackrabbit-Oak_ec961a38/oak-mk-api/target/classes:/tmp/Nopol_Bug_dot_jar_Jackrabbit-Oak_ec961a38/oak-mk/target/classes:/tmp/Nopol_Bug_dot_jar_Jackrabbit-Oak_ec961a38/oak-mk-remote/target/classes:/tmp/Nopol_Bug_dot_jar_Jackrabbit-Oak_ec961a38/oak-mongomk/target/classes:/tmp/Nopol_Bug_dot_jar_Jackrabbit-Oak_ec961a38/oak-it/mk/target/classes:/tmp/Nopol_Bug_dot_jar_Jackrabbit-Oak_ec961a38/oak-jcr/target/classes:/tmp/Nopol_Bug_dot_jar_Jackrabbit-Oak_ec961a38/oak-sling/target/classes:/tmp/Nopol_Bug_dot_jar_Jackrabbit-Oak_ec961a38/oak-http/target/classes:/tmp/Nopol_Bug_dot_jar_Jackrabbit-Oak_ec961a38/oak-lucene/target/classes:/tmp/Nopol_Bug_dot_jar_Jackrabbit-Oak_ec961a38/oak-run/target/classes:/tmp/Nopol_Bug_dot_jar_Jackrabbit-Oak_ec961a38/oak-it/osgi/target/classes:/tmp/Nopol_Bug_dot_jar_Jackrabbit-Oak_ec961a38/oak-bench/base/target/classes:/tmp/Nopol_Bug_dot_jar_Jackrabbit-Oak_ec961a38/oak-bench/latest/target/classes:/tmp/Nopol_Bug_dot_jar_Jackrabbit-Oak_ec961a38/oak-mk-perf/target/classes:/home/tdurieux/.m2/repository/ch/qos/logback/logback-core/1.0.1/logback-core-1.0.1.jar:/home/tdurieux/.m2/repository/com/google/guava/guava/13.0.1/guava-13.0.1.jar:/home/tdurieux/.m2/repository/org/codehaus/jackson/jackson-core-asl/1.9.2/jackson-core-asl-1.9.2.jar:/home/tdurieux/.m2/repository/org/apache/jackrabbit/oak-http/0.6-SNAPSHOT/oak-http-0.6-SNAPSHOT.jar:/home/tdurieux/.m2/repository/org/ops4j/base/ops4j-base-net/1.3.0/ops4j-base-net-1.3.0.jar:/home/tdurieux/.m2/repository/org/osgi/org.osgi.core/4.2.0/org.osgi.core-4.2.0.jar:/home/tdurieux/.m2/repository/org/sonatype/aether/aether-spi/1.11/aether-spi-1.11.jar:/home/tdurieux/.m2/repository/org/ops4j/pax/swissbox/pax-swissbox-optional-jcl/1.5.0/pax-swissbox-optional-jcl-1.5.0.jar:/home/tdurieux/.m2/repository/org/slf4j/slf4j-api/1.6.4/slf4j-api-1.6.4.jar:/home/tdurieux/.m2/repository/com/cedarsoft/commons/xml-commons/5.0.9/xml-commons-5.0.9.jar:/home/tdurieux/.m2/repository/org/mongodb/mongo-java-driver/2.7.1/mongo-java-driver-2.7.1.jar:/home/tdurieux/.m2/repository/org/ops4j/pax/exam/pax-exam-junit4/2.4.0/pax-exam-junit4-2.4.0.jar:/home/tdurieux/.m2/repository/com/cedarsoft/commons/crypt/5.0.9/crypt-5.0.9.jar:/home/tdurieux/.m2/repository/org/json/json/20090211/json-20090211.jar:/home/tdurieux/.m2/repository/org/apache/xbean/xbean-reflect/3.4/xbean-reflect-3.4.jar:/home/tdurieux/.m2/repository/commons-pool/commons-pool/1.5.4/commons-pool-1.5.4.jar:/home/tdurieux/.m2/repository/org/eclipse/jetty/jetty-io/8.1.2.v20120308/jetty-io-8.1.2.v20120308.jar:/home/tdurieux/.m2/repository/org/ops4j/base/ops4j-base-lang/1.3.0/ops4j-base-lang-1.3.0.jar:/home/tdurieux/.m2/repository/javax/servlet/servlet-api/2.5/servlet-api-2.5.jar:/home/tdurieux/.m2/repository/org/ops4j/pax/exam/pax-exam/2.4.0/pax-exam-2.4.0.jar:/home/tdurieux/.m2/repository/com/googlecode/json-simple/json-simple/1.1/json-simple-1.1.jar:/home/tdurieux/.m2/repository/org/slf4j/slf4j-api/1.5.8/slf4j-api-1.5.8.jar:/home/tdurieux/.m2/repository/org/apache/maven/maven-model-builder/3.0.3/maven-model-builder-3.0.3.jar:/home/tdurieux/.m2/repository/com/google/code/findbugs/jsr305/2.0.0/jsr305-2.0.0.jar:/home/tdurieux/.m2/repository/org/apache/jackrabbit/oak-commons/0.6-SNAPSHOT/oak-commons-0.6-SNAPSHOT.jar:/home/tdurieux/.m2/repository/org/apache/jackrabbit/jackrabbit-spi-commons/2.6-SNAPSHOT/jackrabbit-spi-commons-2.6-SNAPSHOT.jar:/home/tdurieux/.m2/repository/org/mockito/mockito-all/1.9.0-rc1/mockito-all-1.9.0-rc1.jar:/home/tdurieux/.m2/repository/org/sonatype/aether/aether-impl/1.11/aether-impl-1.11.jar:/home/tdurieux/.m2/repository/org/apache/jackrabbit/oak-lucene/0.6-SNAPSHOT/oak-lucene-0.6-SNAPSHOT.jar:/home/tdurieux/.m2/repository/com/ibm/icu/icu4j/2.6.1/icu4j-2.6.1.jar:/home/tdurieux/.m2/repository/commons-io/commons-io/2.2/commons-io-2.2.jar:/home/tdurieux/.m2/repository/org/apache/lucene/lucene-analyzers-common/4.0.0/lucene-analyzers-common-4.0.0.jar:/home/tdurieux/.m2/repository/org/apache/lucene/lucene-core/3.6.0/lucene-core-3.6.0.jar:/home/tdurieux/.m2/repository/org/ops4j/base/ops4j-base-spi/1.3.0/ops4j-base-spi-1.3.0.jar:/home/tdurieux/.m2/repository/org/apache/jackrabbit/oak-jcr/0.6-SNAPSHOT/oak-jcr-0.6-SNAPSHOT.jar:/home/tdurieux/.m2/repository/org/apache/jackrabbit/oak-core/0.6-SNAPSHOT/oak-core-0.6-SNAPSHOT-tests.jar:/home/tdurieux/.m2/repository/org/ops4j/pax/url/pax-url-classpath/1.4.0/pax-url-classpath-1.4.0.jar:/home/tdurieux/.m2/repository/org/ops4j/pax/tinybundles/tinybundles/1.0.0/tinybundles-1.0.0.jar:/home/tdurieux/.m2/repository/org/ops4j/pax/swissbox/pax-swissbox-core/1.5.0/pax-swissbox-core-1.5.0.jar:/home/tdurieux/.m2/repository/org/apache/jackrabbit/oak-mongomk/0.6-SNAPSHOT/oak-mongomk-0.6-SNAPSHOT.jar:/home/tdurieux/.m2/repository/org/apache/sling/org.apache.sling.jcr.api/2.1.0/org.apache.sling.jcr.api-2.1.0.jar:/home/tdurieux/.m2/repository/dom4j/dom4j/1.6.1/dom4j-1.6.1.jar:/home/tdurieux/.m2/repository/org/apache/maven/wagon/wagon-file/1.0-beta-7/wagon-file-1.0-beta-7.jar:/home/tdurieux/.m2/repository/org/apache/maven/wagon/wagon-http-shared/1.0-beta-7/wagon-http-shared-1.0-beta-7.jar:/home/tdurieux/.m2/repository/org/apache/jackrabbit/oak-mk-api/0.6-SNAPSHOT/oak-mk-api-0.6-SNAPSHOT.jar:/home/tdurieux/.m2/repository/com/google/collections/google-collections/1.0/google-collections-1.0.jar:/home/tdurieux/.m2/repository/org/slf4j/slf4j-nop/1.5.8/slf4j-nop-1.5.8.jar:/home/tdurieux/.m2/repository/com/fasterxml/jackson/core/jackson-databind/2.0.0/jackson-databind-2.0.0.jar:/home/tdurieux/.m2/repository/org/ops4j/pax/swissbox/pax-swissbox-framework/1.5.0/pax-swissbox-framework-1.5.0.jar:/home/tdurieux/.m2/repository/org/apache/jackrabbit/jackrabbit-core/2.6-SNAPSHOT/jackrabbit-core-2.6-SNAPSHOT-tests.jar:/home/tdurieux/.m2/repository/com/fasterxml/jackson/dataformat/jackson-dataformat-smile/2.0.2/jackson-dataformat-smile-2.0.2.jar:/home/tdurieux/.m2/repository/com/cedarsoft/commons/test-utils/5.0.9/test-utils-5.0.9.jar:/home/tdurieux/.m2/repository/commons-logging/commons-logging/1.0.4/commons-logging-1.0.4.jar:/home/tdurieux/.m2/repository/org/ops4j/pax/url/pax-url-commons/1.4.0/pax-url-commons-1.4.0.jar:/home/tdurieux/.m2/repository/org/sonatype/aether/aether-connector-wagon/1.11/aether-connector-wagon-1.11.jar:/home/tdurieux/.m2/repository/asm/asm/3.0/asm-3.0.jar:/home/tdurieux/.m2/repository/org/sonatype/aether/aether-api/1.11/aether-api-1.11.jar:/home/tdurieux/.m2/repository/biz/aQute/bndlib/1.50.0/bndlib-1.50.0.jar:/home/tdurieux/.m2/repository/com/fasterxml/jackson/core/jackson-core/2.0.0/jackson-core-2.0.0.jar:/home/tdurieux/.m2/repository/commons-fileupload/commons-fileupload/1.2.1/commons-fileupload-1.2.1.jar:/home/tdurieux/.m2/repository/org/easytesting/fest-reflect/1.2/fest-reflect-1.2.jar:/home/tdurieux/.m2/repository/org/hamcrest/hamcrest-core/1.1/hamcrest-core-1.1.jar:/home/tdurieux/.m2/repository/commons-dbcp/commons-dbcp/1.3/commons-dbcp-1.3.jar:/home/tdurieux/.m2/repository/javax/jcr/jcr/2.0/jcr-2.0.jar:/home/tdurieux/.m2/repository/org/eclipse/jetty/jetty-http/8.1.2.v20120308/jetty-http-8.1.2.v20120308.jar:/home/tdurieux/.m2/repository/xml-apis/xml-apis/1.3.02/xml-apis-1.3.02.jar:/home/tdurieux/.m2/repository/org/apache/geronimo/specs/geronimo-atinject_1.0_spec/1.0/geronimo-atinject_1.0_spec-1.0.jar:/home/tdurieux/.m2/repository/org/ops4j/base/ops4j-base-store/1.3.0/ops4j-base-store-1.3.0.jar:/home/tdurieux/.m2/repository/xerces/xercesImpl/2.6.2/xercesImpl-2.6.2.jar:/home/tdurieux/.m2/repository/org/codehaus/jackson/jackson-mapper-asl/1.9.2/jackson-mapper-asl-1.9.2.jar:/home/tdurieux/.m2/repository/org/apache/maven/wagon/wagon-provider-api/1.0-beta-7/wagon-provider-api-1.0-beta-7.jar:/home/tdurieux/.m2/repository/org/apache/sling/org.apache.sling.commons.osgi/2.1.0/org.apache.sling.commons.osgi-2.1.0.jar:/home/tdurieux/.m2/repository/org/apache/jackrabbit/jackrabbit-api/2.6-SNAPSHOT/jackrabbit-api-2.6-SNAPSHOT.jar:/home/tdurieux/.m2/repository/org/apache/jackrabbit/oak-it-mk/0.6-SNAPSHOT/oak-it-mk-0.6-SNAPSHOT.jar:/home/tdurieux/.m2/repository/commons-codec/commons-codec/1.2/commons-codec-1.2.jar:/home/tdurieux/.m2/repository/org/apache/jackrabbit/jackrabbit-spi/2.6-SNAPSHOT/jackrabbit-spi-2.6-SNAPSHOT.jar:/home/tdurieux/.m2/repository/com/h2database/h2/1.3.158/h2-1.3.158.jar:/home/tdurieux/.m2/repository/jaxen/jaxen/1.1.3/jaxen-1.1.3.jar:/home/tdurieux/.m2/repository/commons-codec/commons-codec/1.5/commons-codec-1.5.jar:/home/tdurieux/.m2/repository/javax/inject/javax.inject/1/javax.inject-1.jar:/home/tdurieux/.m2/repository/org/apache/jackrabbit/oak-mk-remote/0.6-SNAPSHOT/oak-mk-remote-0.6-SNAPSHOT.jar:/home/tdurieux/.m2/repository/org/apache/derby/derby/10.5.3.0_1/derby-10.5.3.0_1.jar:/home/tdurieux/.m2/repository/org/slf4j/jcl-over-slf4j/1.6.4/jcl-over-slf4j-1.6.4.jar:/home/tdurieux/.m2/repository/concurrent/concurrent/1.3.4/concurrent-1.3.4.jar:/home/tdurieux/.m2/repository/org/ops4j/base/ops4j-base-io/1.3.0/ops4j-base-io-1.3.0.jar:/home/tdurieux/.m2/repository/org/apache/jackrabbit/jackrabbit-webdav/2.6-SNAPSHOT/jackrabbit-webdav-2.6-SNAPSHOT.jar:/home/tdurieux/.m2/repository/org/ops4j/pax/url/pax-url-aether/1.3.3/pax-url-aether-1.3.3.jar:/home/tdurieux/.m2/repository/org/eclipse/jetty/orbit/javax.servlet/3.0.0.v201112011016/javax.servlet-3.0.0.v201112011016.jar:/home/tdurieux/.m2/repository/org/apache/maven/maven-model/3.0.3/maven-model-3.0.3.jar:/home/tdurieux/.m2/repository/org/ops4j/pax/swissbox/pax-swissbox-lifecycle/1.5.0/pax-swissbox-lifecycle-1.5.0.jar:/home/tdurieux/.m2/repository/org/ops4j/base/ops4j-base-util-property/1.3.0/ops4j-base-util-property-1.3.0.jar:/home/tdurieux/.m2/repository/org/ops4j/pax/url/pax-url-link/1.4.0/pax-url-link-1.4.0.jar:/home/tdurieux/.m2/repository/commons-io/commons-io/2.0.1/commons-io-2.0.1.jar:/home/tdurieux/.m2/repository/org/eclipse/jetty/jetty-server/8.1.2.v20120308/jetty-server-8.1.2.v20120308.jar:/home/tdurieux/.m2/repository/org/apache/jackrabbit/jackrabbit-jcr-tests/2.6-SNAPSHOT/jackrabbit-jcr-tests-2.6-SNAPSHOT.jar:/home/tdurieux/.m2/repository/org/apache/maven/maven-aether-provider/3.0.3/maven-aether-provider-3.0.3.jar:/home/tdurieux/.m2/repository/com/jamonapi/jamon/2.4/jamon-2.4.jar:/home/tdurieux/.m2/repository/org/apache/felix/org.apache.felix.framework/4.0.2/org.apache.felix.framework-4.0.2.jar:/home/tdurieux/.m2/repository/org/apache/felix/org.apache.felix.scr.annotations/1.7.0/org.apache.felix.scr.annotations-1.7.0.jar:/home/tdurieux/.m2/repository/org/eclipse/jetty/jetty-util/8.1.2.v20120308/jetty-util-8.1.2.v20120308.jar:/home/tdurieux/.m2/repository/org/ops4j/base/ops4j-base-monitors/1.3.0/ops4j-base-monitors-1.3.0.jar:/home/tdurieux/.m2/repository/org/apache/jackrabbit/oak-mk/0.6-SNAPSHOT/oak-mk-0.6-SNAPSHOT.jar:/home/tdurieux/.m2/repository/org/mongodb/mongo-java-driver/2.9.1/mongo-java-driver-2.9.1.jar:/home/tdurieux/.m2/repository/org/sonatype/aether/aether-util/1.11/aether-util-1.11.jar:/home/tdurieux/.m2/repository/org/eclipse/jetty/jetty-servlet/8.1.2.v20120308/jetty-servlet-8.1.2.v20120308.jar:/home/tdurieux/.m2/repository/commons-httpclient/commons-httpclient/3.1/commons-httpclient-3.1.jar:/home/tdurieux/.m2/repository/org/jdom/jdom/1.1.2/jdom-1.1.2.jar:/home/tdurieux/.m2/repository/org/ops4j/base/ops4j-base-exec/1.3.0/ops4j-base-exec-1.3.0.jar:/home/tdurieux/.m2/repository/xerces/xmlParserAPIs/2.6.2/xmlParserAPIs-2.6.2.jar:/home/tdurieux/.m2/repository/org/ops4j/pax/exam/pax-exam-link-assembly/2.4.0/pax-exam-link-assembly-2.4.0.jar:/home/tdurieux/.m2/repository/org/codehaus/plexus/plexus-classworlds/2.4/plexus-classworlds-2.4.jar:/home/tdurieux/.m2/repository/org/osgi/org.osgi.compendium/4.2.0/org.osgi.compendium-4.2.0.jar:/home/tdurieux/.m2/repository/commons-io/commons-io/1.4/commons-io-1.4.jar:/home/tdurieux/.m2/repository/jdom/jdom/1.0/jdom-1.0.jar:/home/tdurieux/.m2/repository/org/codehaus/plexus/plexus-interpolation/1.14/plexus-interpolation-1.14.jar:/home/tdurieux/.m2/repository/org/apache/maven/wagon/wagon-http-lightweight/1.0-beta-7/wagon-http-lightweight-1.0-beta-7.jar:/home/tdurieux/.m2/repository/org/apache/commons/commons-math/2.0/commons-math-2.0.jar:/home/tdurieux/.m2/repository/org/eclipse/jetty/jetty-security/8.1.2.v20120308/jetty-security-8.1.2.v20120308.jar:/home/tdurieux/.m2/repository/org/eclipse/jetty/jetty-continuation/8.1.2.v20120308/jetty-continuation-8.1.2.v20120308.jar:/home/tdurieux/.m2/repository/org/apache/maven/maven-repository-metadata/3.0.3/maven-repository-metadata-3.0.3.jar:/home/tdurieux/.m2/repository/ch/qos/logback/logback-classic/1.0.1/logback-classic-1.0.1.jar:/home/tdurieux/.m2/repository/xmlunit/xmlunit/1.3/xmlunit-1.3.jar:/home/tdurieux/.m2/repository/com/fasterxml/jackson/core/jackson-annotations/2.0.0/jackson-annotations-2.0.0.jar:/home/tdurieux/.m2/repository/org/apache/jackrabbit/oak-core/0.6-SNAPSHOT/oak-core-0.6-SNAPSHOT.jar:/home/tdurieux/.m2/repository/org/codehaus/plexus/plexus-utils/2.0.5/plexus-utils-2.0.5.jar:/home/tdurieux/.m2/repository/org/slf4j/slf4j-simple/1.6.1/slf4j-simple-1.6.1.jar:/home/tdurieux/.m2/repository/org/easytesting/fest-util/1.1.6/fest-util-1.1.6.jar:/home/tdurieux/.m2/repository/org/ops4j/pax/exam/pax-exam-container-native/2.4.0/pax-exam-container-native-2.4.0.jar:/home/tdurieux/.m2/repository/org/ops4j/pax/swissbox/pax-swissbox-property/1.5.0/pax-swissbox-property-1.5.0.jar:/home/tdurieux/.m2/repository/xalan/xalan/2.6.0/xalan-2.6.0.jar:/home/tdurieux/.m2/repository/org/easytesting/fest-assert/1.4/fest-assert-1.4.jar:/home/tdurieux/.m2/repository/org/apache/tika/tika-core/1.0/tika-core-1.0.jar:/home/tdurieux/.m2/repository/org/slf4j/jul-to-slf4j/1.6.4/jul-to-slf4j-1.6.4.jar:/home/tdurieux/.m2/repository/org/codehaus/plexus/plexus-component-annotations/1.5.5/plexus-component-annotations-1.5.5.jar:/home/tdurieux/.m2/repository/junit/junit/4.10/junit-4.10.jar:/home/tdurieux/.m2/repository/org/apache/jackrabbit/jackrabbit-jcr-commons/2.6-SNAPSHOT/jackrabbit-jcr-commons-2.6-SNAPSHOT.jar:/home/tdurieux/.m2/repository/org/ops4j/pax/exam/pax-exam-spi/2.4.0/pax-exam-spi-2.4.0.jar:/home/tdurieux/.m2/repository/org/apache/jackrabbit/oak-bench-base/0.6-SNAPSHOT/oak-bench-base-0.6-SNAPSHOT.jar:/home/tdurieux/.m2/repository/commons-lang/commons-lang/2.6/commons-lang-2.6.jar:/home/tdurieux/.m2/repository/xom/xom/1.0/xom-1.0.jar:/home/tdurieux/.m2/repository/org/apache/tika/tika-core/1.2/tika-core-1.2.jar:/home/tdurieux/.m2/repository/org/apache/lucene/lucene-core/4.0.0/lucene-core-4.0.0.jar:/home/tdurieux/.m2/repository/org/apache/jackrabbit/jackrabbit-jcr-server/2.6-SNAPSHOT/jackrabbit-jcr-server-2.6-SNAPSHOT.jar:/home/tdurieux/.m2/repository/org/apache/tika/tika-core/1.1/tika-core-1.1.jar:/home/tdurieux/.m2/repository/org/codehaus/plexus/plexus-container-default/1.5.4/plexus-container-default-1.5.4.jar:/home/tdurieux/.m2/repository/commons-collections/commons-collections/3.2.1/commons-collections-3.2.1.jar:/home/tdurieux/defects4j4repair/script/../repair_tools/nopol.jar";
	echo "\n\nNode: `hostname`\n";
	echo "\n\nDate: `date`\n";
Picked up JAVA_TOOL_OPTIONS: -Dfile.encoding=UTF8 -Duser.language=en-US -Duser.country=US -Duser.language=en
10:10:21.315 [main] INFO  fr.inria.lille.repair.nopol.NoPol - Source files: [oak-core/src/main/java]
10:10:21.322 [main] INFO  fr.inria.lille.repair.nopol.NoPol - Classpath: [file:/tmp/Nopol_Bug_dot_jar_Jackrabbit-Oak_ec961a38/oak-core/target/classes/, file:/tmp/Nopol_Bug_dot_jar_Jackrabbit-Oak_ec961a38/oak-core/target/test-classes/, file:/tmp/Nopol_Bug_dot_jar_Jackrabbit-Oak_ec961a38/oak-commons/target/classes/, file:/tmp/Nopol_Bug_dot_jar_Jackrabbit-Oak_ec961a38/oak-mk-api/target/classes/, file:/tmp/Nopol_Bug_dot_jar_Jackrabbit-Oak_ec961a38/oak-mk/target/classes/, file:/tmp/Nopol_Bug_dot_jar_Jackrabbit-Oak_ec961a38/oak-mk-remote/target/classes/, file:/tmp/Nopol_Bug_dot_jar_Jackrabbit-Oak_ec961a38/oak-mongomk/target/classes/, file:/tmp/Nopol_Bug_dot_jar_Jackrabbit-Oak_ec961a38/oak-it/mk/target/classes/, file:/tmp/Nopol_Bug_dot_jar_Jackrabbit-Oak_ec961a38/oak-jcr/target/classes/, file:/tmp/Nopol_Bug_dot_jar_Jackrabbit-Oak_ec961a38/oak-sling/target/classes/, file:/tmp/Nopol_Bug_dot_jar_Jackrabbit-Oak_ec961a38/oak-http/target/classes/, file:/tmp/Nopol_Bug_dot_jar_Jackrabbit-Oak_ec961a38/oak-lucene/target/classes/, file:/tmp/Nopol_Bug_dot_jar_Jackrabbit-Oak_ec961a38/oak-run/target/classes/, file:/tmp/Nopol_Bug_dot_jar_Jackrabbit-Oak_ec961a38/oak-it/osgi/target/classes/, file:/tmp/Nopol_Bug_dot_jar_Jackrabbit-Oak_ec961a38/oak-bench/base/target/classes/, file:/tmp/Nopol_Bug_dot_jar_Jackrabbit-Oak_ec961a38/oak-bench/latest/target/classes/, file:/tmp/Nopol_Bug_dot_jar_Jackrabbit-Oak_ec961a38/oak-mk-perf/target/classes/, file:/home/tdurieux/.m2/repository/ch/qos/logback/logback-core/1.0.1/logback-core-1.0.1.jar, file:/home/tdurieux/.m2/repository/com/google/guava/guava/13.0.1/guava-13.0.1.jar, file:/home/tdurieux/.m2/repository/org/codehaus/jackson/jackson-core-asl/1.9.2/jackson-core-asl-1.9.2.jar, file:/home/tdurieux/.m2/repository/org/apache/jackrabbit/oak-http/0.6-SNAPSHOT/oak-http-0.6-SNAPSHOT.jar, file:/home/tdurieux/.m2/repository/org/ops4j/base/ops4j-base-net/1.3.0/ops4j-base-net-1.3.0.jar, file:/home/tdurieux/.m2/repository/org/osgi/org.osgi.core/4.2.0/org.osgi.core-4.2.0.jar, file:/home/tdurieux/.m2/repository/org/sonatype/aether/aether-spi/1.11/aether-spi-1.11.jar, file:/home/tdurieux/.m2/repository/org/ops4j/pax/swissbox/pax-swissbox-optional-jcl/1.5.0/pax-swissbox-optional-jcl-1.5.0.jar, file:/home/tdurieux/.m2/repository/org/slf4j/slf4j-api/1.6.4/slf4j-api-1.6.4.jar, file:/home/tdurieux/.m2/repository/com/cedarsoft/commons/xml-commons/5.0.9/xml-commons-5.0.9.jar, file:/home/tdurieux/.m2/repository/org/mongodb/mongo-java-driver/2.7.1/mongo-java-driver-2.7.1.jar, file:/home/tdurieux/.m2/repository/org/ops4j/pax/exam/pax-exam-junit4/2.4.0/pax-exam-junit4-2.4.0.jar, file:/home/tdurieux/.m2/repository/com/cedarsoft/commons/crypt/5.0.9/crypt-5.0.9.jar, file:/home/tdurieux/.m2/repository/org/json/json/20090211/json-20090211.jar, file:/home/tdurieux/.m2/repository/org/apache/xbean/xbean-reflect/3.4/xbean-reflect-3.4.jar, file:/home/tdurieux/.m2/repository/commons-pool/commons-pool/1.5.4/commons-pool-1.5.4.jar, file:/home/tdurieux/.m2/repository/org/eclipse/jetty/jetty-io/8.1.2.v20120308/jetty-io-8.1.2.v20120308.jar, file:/home/tdurieux/.m2/repository/org/ops4j/base/ops4j-base-lang/1.3.0/ops4j-base-lang-1.3.0.jar, file:/home/tdurieux/.m2/repository/javax/servlet/servlet-api/2.5/servlet-api-2.5.jar, file:/home/tdurieux/.m2/repository/org/ops4j/pax/exam/pax-exam/2.4.0/pax-exam-2.4.0.jar, file:/home/tdurieux/.m2/repository/com/googlecode/json-simple/json-simple/1.1/json-simple-1.1.jar, file:/home/tdurieux/.m2/repository/org/slf4j/slf4j-api/1.5.8/slf4j-api-1.5.8.jar, file:/home/tdurieux/.m2/repository/org/apache/maven/maven-model-builder/3.0.3/maven-model-builder-3.0.3.jar, file:/home/tdurieux/.m2/repository/com/google/code/findbugs/jsr305/2.0.0/jsr305-2.0.0.jar, file:/home/tdurieux/.m2/repository/org/apache/jackrabbit/oak-commons/0.6-SNAPSHOT/oak-commons-0.6-SNAPSHOT.jar, file:/home/tdurieux/.m2/repository/org/apache/jackrabbit/jackrabbit-spi-commons/2.6-SNAPSHOT/jackrabbit-spi-commons-2.6-SNAPSHOT.jar, file:/home/tdurieux/.m2/repository/org/mockito/mockito-all/1.9.0-rc1/mockito-all-1.9.0-rc1.jar, file:/home/tdurieux/.m2/repository/org/sonatype/aether/aether-impl/1.11/aether-impl-1.11.jar, file:/home/tdurieux/.m2/repository/org/apache/jackrabbit/oak-lucene/0.6-SNAPSHOT/oak-lucene-0.6-SNAPSHOT.jar, file:/home/tdurieux/.m2/repository/com/ibm/icu/icu4j/2.6.1/icu4j-2.6.1.jar, file:/home/tdurieux/.m2/repository/commons-io/commons-io/2.2/commons-io-2.2.jar, file:/home/tdurieux/.m2/repository/org/apache/lucene/lucene-analyzers-common/4.0.0/lucene-analyzers-common-4.0.0.jar, file:/home/tdurieux/.m2/repository/org/apache/lucene/lucene-core/3.6.0/lucene-core-3.6.0.jar, file:/home/tdurieux/.m2/repository/org/ops4j/base/ops4j-base-spi/1.3.0/ops4j-base-spi-1.3.0.jar, file:/home/tdurieux/.m2/repository/org/apache/jackrabbit/oak-jcr/0.6-SNAPSHOT/oak-jcr-0.6-SNAPSHOT.jar, file:/home/tdurieux/.m2/repository/org/apache/jackrabbit/oak-core/0.6-SNAPSHOT/oak-core-0.6-SNAPSHOT-tests.jar, file:/home/tdurieux/.m2/repository/org/ops4j/pax/url/pax-url-classpath/1.4.0/pax-url-classpath-1.4.0.jar, file:/home/tdurieux/.m2/repository/org/ops4j/pax/tinybundles/tinybundles/1.0.0/tinybundles-1.0.0.jar, file:/home/tdurieux/.m2/repository/org/ops4j/pax/swissbox/pax-swissbox-core/1.5.0/pax-swissbox-core-1.5.0.jar, file:/home/tdurieux/.m2/repository/org/apache/jackrabbit/oak-mongomk/0.6-SNAPSHOT/oak-mongomk-0.6-SNAPSHOT.jar, file:/home/tdurieux/.m2/repository/org/apache/sling/org.apache.sling.jcr.api/2.1.0/org.apache.sling.jcr.api-2.1.0.jar, file:/home/tdurieux/.m2/repository/dom4j/dom4j/1.6.1/dom4j-1.6.1.jar, file:/home/tdurieux/.m2/repository/org/apache/maven/wagon/wagon-file/1.0-beta-7/wagon-file-1.0-beta-7.jar, file:/home/tdurieux/.m2/repository/org/apache/maven/wagon/wagon-http-shared/1.0-beta-7/wagon-http-shared-1.0-beta-7.jar, file:/home/tdurieux/.m2/repository/org/apache/jackrabbit/oak-mk-api/0.6-SNAPSHOT/oak-mk-api-0.6-SNAPSHOT.jar, file:/home/tdurieux/.m2/repository/com/google/collections/google-collections/1.0/google-collections-1.0.jar, file:/home/tdurieux/.m2/repository/org/slf4j/slf4j-nop/1.5.8/slf4j-nop-1.5.8.jar, file:/home/tdurieux/.m2/repository/com/fasterxml/jackson/core/jackson-databind/2.0.0/jackson-databind-2.0.0.jar, file:/home/tdurieux/.m2/repository/org/ops4j/pax/swissbox/pax-swissbox-framework/1.5.0/pax-swissbox-framework-1.5.0.jar, file:/home/tdurieux/.m2/repository/org/apache/jackrabbit/jackrabbit-core/2.6-SNAPSHOT/jackrabbit-core-2.6-SNAPSHOT-tests.jar, file:/home/tdurieux/.m2/repository/com/fasterxml/jackson/dataformat/jackson-dataformat-smile/2.0.2/jackson-dataformat-smile-2.0.2.jar, file:/home/tdurieux/.m2/repository/com/cedarsoft/commons/test-utils/5.0.9/test-utils-5.0.9.jar, file:/home/tdurieux/.m2/repository/commons-logging/commons-logging/1.0.4/commons-logging-1.0.4.jar, file:/home/tdurieux/.m2/repository/org/ops4j/pax/url/pax-url-commons/1.4.0/pax-url-commons-1.4.0.jar, file:/home/tdurieux/.m2/repository/org/sonatype/aether/aether-connector-wagon/1.11/aether-connector-wagon-1.11.jar, file:/home/tdurieux/.m2/repository/asm/asm/3.0/asm-3.0.jar, file:/home/tdurieux/.m2/repository/org/sonatype/aether/aether-api/1.11/aether-api-1.11.jar, file:/home/tdurieux/.m2/repository/biz/aQute/bndlib/1.50.0/bndlib-1.50.0.jar, file:/home/tdurieux/.m2/repository/com/fasterxml/jackson/core/jackson-core/2.0.0/jackson-core-2.0.0.jar, file:/home/tdurieux/.m2/repository/commons-fileupload/commons-fileupload/1.2.1/commons-fileupload-1.2.1.jar, file:/home/tdurieux/.m2/repository/org/easytesting/fest-reflect/1.2/fest-reflect-1.2.jar, file:/home/tdurieux/.m2/repository/org/hamcrest/hamcrest-core/1.1/hamcrest-core-1.1.jar, file:/home/tdurieux/.m2/repository/commons-dbcp/commons-dbcp/1.3/commons-dbcp-1.3.jar, file:/home/tdurieux/.m2/repository/javax/jcr/jcr/2.0/jcr-2.0.jar, file:/home/tdurieux/.m2/repository/org/eclipse/jetty/jetty-http/8.1.2.v20120308/jetty-http-8.1.2.v20120308.jar, file:/home/tdurieux/.m2/repository/xml-apis/xml-apis/1.3.02/xml-apis-1.3.02.jar, file:/home/tdurieux/.m2/repository/org/apache/geronimo/specs/geronimo-atinject_1.0_spec/1.0/geronimo-atinject_1.0_spec-1.0.jar, file:/home/tdurieux/.m2/repository/org/ops4j/base/ops4j-base-store/1.3.0/ops4j-base-store-1.3.0.jar, file:/home/tdurieux/.m2/repository/xerces/xercesImpl/2.6.2/xercesImpl-2.6.2.jar, file:/home/tdurieux/.m2/repository/org/codehaus/jackson/jackson-mapper-asl/1.9.2/jackson-mapper-asl-1.9.2.jar, file:/home/tdurieux/.m2/repository/org/apache/maven/wagon/wagon-provider-api/1.0-beta-7/wagon-provider-api-1.0-beta-7.jar, file:/home/tdurieux/.m2/repository/org/apache/sling/org.apache.sling.commons.osgi/2.1.0/org.apache.sling.commons.osgi-2.1.0.jar, file:/home/tdurieux/.m2/repository/org/apache/jackrabbit/jackrabbit-api/2.6-SNAPSHOT/jackrabbit-api-2.6-SNAPSHOT.jar, file:/home/tdurieux/.m2/repository/org/apache/jackrabbit/oak-it-mk/0.6-SNAPSHOT/oak-it-mk-0.6-SNAPSHOT.jar, file:/home/tdurieux/.m2/repository/commons-codec/commons-codec/1.2/commons-codec-1.2.jar, file:/home/tdurieux/.m2/repository/org/apache/jackrabbit/jackrabbit-spi/2.6-SNAPSHOT/jackrabbit-spi-2.6-SNAPSHOT.jar, file:/home/tdurieux/.m2/repository/com/h2database/h2/1.3.158/h2-1.3.158.jar, file:/home/tdurieux/.m2/repository/jaxen/jaxen/1.1.3/jaxen-1.1.3.jar, file:/home/tdurieux/.m2/repository/commons-codec/commons-codec/1.5/commons-codec-1.5.jar, file:/home/tdurieux/.m2/repository/javax/inject/javax.inject/1/javax.inject-1.jar, file:/home/tdurieux/.m2/repository/org/apache/jackrabbit/oak-mk-remote/0.6-SNAPSHOT/oak-mk-remote-0.6-SNAPSHOT.jar, file:/home/tdurieux/.m2/repository/org/apache/derby/derby/10.5.3.0_1/derby-10.5.3.0_1.jar, file:/home/tdurieux/.m2/repository/org/slf4j/jcl-over-slf4j/1.6.4/jcl-over-slf4j-1.6.4.jar, file:/home/tdurieux/.m2/repository/concurrent/concurrent/1.3.4/concurrent-1.3.4.jar, file:/home/tdurieux/.m2/repository/org/ops4j/base/ops4j-base-io/1.3.0/ops4j-base-io-1.3.0.jar, file:/home/tdurieux/.m2/repository/org/apache/jackrabbit/jackrabbit-webdav/2.6-SNAPSHOT/jackrabbit-webdav-2.6-SNAPSHOT.jar, file:/home/tdurieux/.m2/repository/org/ops4j/pax/url/pax-url-aether/1.3.3/pax-url-aether-1.3.3.jar, file:/home/tdurieux/.m2/repository/org/eclipse/jetty/orbit/javax.servlet/3.0.0.v201112011016/javax.servlet-3.0.0.v201112011016.jar, file:/home/tdurieux/.m2/repository/org/apache/maven/maven-model/3.0.3/maven-model-3.0.3.jar, file:/home/tdurieux/.m2/repository/org/ops4j/pax/swissbox/pax-swissbox-lifecycle/1.5.0/pax-swissbox-lifecycle-1.5.0.jar, file:/home/tdurieux/.m2/repository/org/ops4j/base/ops4j-base-util-property/1.3.0/ops4j-base-util-property-1.3.0.jar, file:/home/tdurieux/.m2/repository/org/ops4j/pax/url/pax-url-link/1.4.0/pax-url-link-1.4.0.jar, file:/home/tdurieux/.m2/repository/commons-io/commons-io/2.0.1/commons-io-2.0.1.jar, file:/home/tdurieux/.m2/repository/org/eclipse/jetty/jetty-server/8.1.2.v20120308/jetty-server-8.1.2.v20120308.jar, file:/home/tdurieux/.m2/repository/org/apache/jackrabbit/jackrabbit-jcr-tests/2.6-SNAPSHOT/jackrabbit-jcr-tests-2.6-SNAPSHOT.jar, file:/home/tdurieux/.m2/repository/org/apache/maven/maven-aether-provider/3.0.3/maven-aether-provider-3.0.3.jar, file:/home/tdurieux/.m2/repository/com/jamonapi/jamon/2.4/jamon-2.4.jar, file:/home/tdurieux/.m2/repository/org/apache/felix/org.apache.felix.framework/4.0.2/org.apache.felix.framework-4.0.2.jar, file:/home/tdurieux/.m2/repository/org/apache/felix/org.apache.felix.scr.annotations/1.7.0/org.apache.felix.scr.annotations-1.7.0.jar, file:/home/tdurieux/.m2/repository/org/eclipse/jetty/jetty-util/8.1.2.v20120308/jetty-util-8.1.2.v20120308.jar, file:/home/tdurieux/.m2/repository/org/ops4j/base/ops4j-base-monitors/1.3.0/ops4j-base-monitors-1.3.0.jar, file:/home/tdurieux/.m2/repository/org/apache/jackrabbit/oak-mk/0.6-SNAPSHOT/oak-mk-0.6-SNAPSHOT.jar, file:/home/tdurieux/.m2/repository/org/mongodb/mongo-java-driver/2.9.1/mongo-java-driver-2.9.1.jar, file:/home/tdurieux/.m2/repository/org/sonatype/aether/aether-util/1.11/aether-util-1.11.jar, file:/home/tdurieux/.m2/repository/org/eclipse/jetty/jetty-servlet/8.1.2.v20120308/jetty-servlet-8.1.2.v20120308.jar, file:/home/tdurieux/.m2/repository/commons-httpclient/commons-httpclient/3.1/commons-httpclient-3.1.jar, file:/home/tdurieux/.m2/repository/org/jdom/jdom/1.1.2/jdom-1.1.2.jar, file:/home/tdurieux/.m2/repository/org/ops4j/base/ops4j-base-exec/1.3.0/ops4j-base-exec-1.3.0.jar, file:/home/tdurieux/.m2/repository/xerces/xmlParserAPIs/2.6.2/xmlParserAPIs-2.6.2.jar, file:/home/tdurieux/.m2/repository/org/ops4j/pax/exam/pax-exam-link-assembly/2.4.0/pax-exam-link-assembly-2.4.0.jar, file:/home/tdurieux/.m2/repository/org/codehaus/plexus/plexus-classworlds/2.4/plexus-classworlds-2.4.jar, file:/home/tdurieux/.m2/repository/org/osgi/org.osgi.compendium/4.2.0/org.osgi.compendium-4.2.0.jar, file:/home/tdurieux/.m2/repository/commons-io/commons-io/1.4/commons-io-1.4.jar, file:/home/tdurieux/.m2/repository/jdom/jdom/1.0/jdom-1.0.jar, file:/home/tdurieux/.m2/repository/org/codehaus/plexus/plexus-interpolation/1.14/plexus-interpolation-1.14.jar, file:/home/tdurieux/.m2/repository/org/apache/maven/wagon/wagon-http-lightweight/1.0-beta-7/wagon-http-lightweight-1.0-beta-7.jar, file:/home/tdurieux/.m2/repository/org/apache/commons/commons-math/2.0/commons-math-2.0.jar, file:/home/tdurieux/.m2/repository/org/eclipse/jetty/jetty-security/8.1.2.v20120308/jetty-security-8.1.2.v20120308.jar, file:/home/tdurieux/.m2/repository/org/eclipse/jetty/jetty-continuation/8.1.2.v20120308/jetty-continuation-8.1.2.v20120308.jar, file:/home/tdurieux/.m2/repository/org/apache/maven/maven-repository-metadata/3.0.3/maven-repository-metadata-3.0.3.jar, file:/home/tdurieux/.m2/repository/ch/qos/logback/logback-classic/1.0.1/logback-classic-1.0.1.jar, file:/home/tdurieux/.m2/repository/xmlunit/xmlunit/1.3/xmlunit-1.3.jar, file:/home/tdurieux/.m2/repository/com/fasterxml/jackson/core/jackson-annotations/2.0.0/jackson-annotations-2.0.0.jar, file:/home/tdurieux/.m2/repository/org/apache/jackrabbit/oak-core/0.6-SNAPSHOT/oak-core-0.6-SNAPSHOT.jar, file:/home/tdurieux/.m2/repository/org/codehaus/plexus/plexus-utils/2.0.5/plexus-utils-2.0.5.jar, file:/home/tdurieux/.m2/repository/org/slf4j/slf4j-simple/1.6.1/slf4j-simple-1.6.1.jar, file:/home/tdurieux/.m2/repository/org/easytesting/fest-util/1.1.6/fest-util-1.1.6.jar, file:/home/tdurieux/.m2/repository/org/ops4j/pax/exam/pax-exam-container-native/2.4.0/pax-exam-container-native-2.4.0.jar, file:/home/tdurieux/.m2/repository/org/ops4j/pax/swissbox/pax-swissbox-property/1.5.0/pax-swissbox-property-1.5.0.jar, file:/home/tdurieux/.m2/repository/xalan/xalan/2.6.0/xalan-2.6.0.jar, file:/home/tdurieux/.m2/repository/org/easytesting/fest-assert/1.4/fest-assert-1.4.jar, file:/home/tdurieux/.m2/repository/org/apache/tika/tika-core/1.0/tika-core-1.0.jar, file:/home/tdurieux/.m2/repository/org/slf4j/jul-to-slf4j/1.6.4/jul-to-slf4j-1.6.4.jar, file:/home/tdurieux/.m2/repository/org/codehaus/plexus/plexus-component-annotations/1.5.5/plexus-component-annotations-1.5.5.jar, file:/home/tdurieux/.m2/repository/junit/junit/4.10/junit-4.10.jar, file:/home/tdurieux/.m2/repository/org/apache/jackrabbit/jackrabbit-jcr-commons/2.6-SNAPSHOT/jackrabbit-jcr-commons-2.6-SNAPSHOT.jar, file:/home/tdurieux/.m2/repository/org/ops4j/pax/exam/pax-exam-spi/2.4.0/pax-exam-spi-2.4.0.jar, file:/home/tdurieux/.m2/repository/org/apache/jackrabbit/oak-bench-base/0.6-SNAPSHOT/oak-bench-base-0.6-SNAPSHOT.jar, file:/home/tdurieux/.m2/repository/commons-lang/commons-lang/2.6/commons-lang-2.6.jar, file:/home/tdurieux/.m2/repository/xom/xom/1.0/xom-1.0.jar, file:/home/tdurieux/.m2/repository/org/apache/tika/tika-core/1.2/tika-core-1.2.jar, file:/home/tdurieux/.m2/repository/org/apache/lucene/lucene-core/4.0.0/lucene-core-4.0.0.jar, file:/home/tdurieux/.m2/repository/org/apache/jackrabbit/jackrabbit-jcr-server/2.6-SNAPSHOT/jackrabbit-jcr-server-2.6-SNAPSHOT.jar, file:/home/tdurieux/.m2/repository/org/apache/tika/tika-core/1.1/tika-core-1.1.jar, file:/home/tdurieux/.m2/repository/org/codehaus/plexus/plexus-container-default/1.5.4/plexus-container-default-1.5.4.jar, file:/home/tdurieux/.m2/repository/commons-collections/commons-collections/3.2.1/commons-collections-3.2.1.jar, file:/home/tdurieux/defects4j4repair/script/../repair_tools/nopol.jar]
10:10:21.323 [main] INFO  fr.inria.lille.repair.nopol.NoPol - Statement type: PRE_THEN_COND
10:10:21.323 [main] INFO  fr.inria.lille.repair.nopol.NoPol - Args: [org.apache.jackrabbit.mk.test.DataStoreIT, org.apache.jackrabbit.mk.test.MicroKernelIT, org.apache.jackrabbit.oak.api.ContentSessionTest, org.apache.jackrabbit.oak.api.QueryTest, org.apache.jackrabbit.oak.api.RootTest, org.apache.jackrabbit.oak.api.TreeTest, org.apache.jackrabbit.oak.api.UniquePropertyTest, org.apache.jackrabbit.oak.core.DefaultConflictHandlerTest, org.apache.jackrabbit.oak.core.RootImplFuzzIT, org.apache.jackrabbit.oak.core.RootImplTest, org.apache.jackrabbit.oak.core.TreeImplTest, org.apache.jackrabbit.oak.kernel.JsopDiffTest, org.apache.jackrabbit.oak.kernel.KernelNodeBuilderTest, org.apache.jackrabbit.oak.kernel.KernelNodeStateTest, org.apache.jackrabbit.oak.kernel.KernelNodeStoreTest, org.apache.jackrabbit.oak.kernel.LargeKernelNodeStateTest, org.apache.jackrabbit.oak.kernel.TypeCodesTest, org.apache.jackrabbit.oak.namepath.GlobalNameMapperTest, org.apache.jackrabbit.oak.namepath.NamePathMapperImplTest, org.apache.jackrabbit.oak.plugins.index.IndexHookManagerDiffTest, org.apache.jackrabbit.oak.plugins.index.IndexHookManagerTest, org.apache.jackrabbit.oak.plugins.index.nodetype.NodeTypeIndexTest, org.apache.jackrabbit.oak.plugins.index.old.IndexTest, org.apache.jackrabbit.oak.plugins.index.old.PrefixIndexTest, org.apache.jackrabbit.oak.plugins.index.old.PropertyIndexTest, org.apache.jackrabbit.oak.plugins.index.old.QueryTest, org.apache.jackrabbit.oak.plugins.index.old.mk.ConflictingMoveTest, org.apache.jackrabbit.oak.plugins.index.old.mk.EverythingIT, org.apache.jackrabbit.oak.plugins.index.old.mk.LargeObjectTest, org.apache.jackrabbit.oak.plugins.index.old.mk.MoveNodeIT, org.apache.jackrabbit.oak.plugins.index.old.mk.hash.HashTest, org.apache.jackrabbit.oak.plugins.index.old.mk.json.fast.JsopObjectTest, org.apache.jackrabbit.oak.plugins.index.old.mk.large.CreateNodesTraverseTest, org.apache.jackrabbit.oak.plugins.index.old.mk.large.CreateRandomNodesTraverseTest, org.apache.jackrabbit.oak.plugins.index.old.mk.large.DescendantCountTest, org.apache.jackrabbit.oak.plugins.index.old.mk.large.LargeNodeTest, org.apache.jackrabbit.oak.plugins.index.old.mk.large.ManyRevisionsTest, org.apache.jackrabbit.oak.plugins.index.old.mk.mem.MemoryNodeTest, org.apache.jackrabbit.oak.plugins.index.old.mk.simple.AscendingClockTest, org.apache.jackrabbit.oak.plugins.index.old.mk.simple.MoveNodeIT, org.apache.jackrabbit.oak.plugins.index.old.mk.simple.NodeVersionTest, org.apache.jackrabbit.oak.plugins.index.old.mk.simple.SimpleKernelTest, org.apache.jackrabbit.oak.plugins.index.old.mk.wrapper.IndexWrapperTest, org.apache.jackrabbit.oak.plugins.index.old.mk.wrapper.SecurityWrapperTest, org.apache.jackrabbit.oak.plugins.index.old.mk.wrapper.VirtualRepositoryWrapperTest, org.apache.jackrabbit.oak.plugins.index.p2.Property2IndexQueryTest, org.apache.jackrabbit.oak.plugins.index.p2.Property2IndexTest, org.apache.jackrabbit.oak.plugins.index.p2.strategy.ContentMirrorStoreStrategyTest, org.apache.jackrabbit.oak.plugins.index.property.PropertyIndexQueryTest, org.apache.jackrabbit.oak.plugins.index.property.PropertyIndexTest, org.apache.jackrabbit.oak.plugins.memory.MemoryNodeBuilderTest, org.apache.jackrabbit.oak.plugins.memory.MemoryPropertyBuilderTest, org.apache.jackrabbit.oak.plugins.name.NameValidatorTest, org.apache.jackrabbit.oak.plugins.name.ReadWriteNamespaceRegistryTest, org.apache.jackrabbit.oak.query.ast.FullTextTest, org.apache.jackrabbit.oak.query.ast.LikePatternTest, org.apache.jackrabbit.oak.query.index.FilterTest, org.apache.jackrabbit.oak.query.index.TraversingIndexQueryTest, org.apache.jackrabbit.oak.query.index.TraversingIndexTest, org.apache.jackrabbit.oak.security.ConfigurationParametersTest, org.apache.jackrabbit.oak.security.authentication.DefaultLoginModuleTest, org.apache.jackrabbit.oak.security.authentication.GuestDefaultLoginModuleTest, org.apache.jackrabbit.oak.security.authentication.TokenDefaultLoginModuleTest, org.apache.jackrabbit.oak.security.authentication.TokenLoginModuleTest, org.apache.jackrabbit.oak.security.authentication.token.TokenAuthenticationTest, org.apache.jackrabbit.oak.security.authentication.token.TokenInfoTest, org.apache.jackrabbit.oak.security.authentication.token.TokenProviderImplTest, org.apache.jackrabbit.oak.security.authentication.user.UserAuthenticationTest, org.apache.jackrabbit.oak.security.principal.PrincipalProviderImplTest, org.apache.jackrabbit.oak.security.user.UserManagerImplTest, org.apache.jackrabbit.oak.security.user.UserProviderTest, org.apache.jackrabbit.oak.security.user.UserValidatorTest, org.apache.jackrabbit.oak.spi.commit.SubtreeValidatorTest, org.apache.jackrabbit.oak.spi.security.authentication.AbstractLoginModuleTest, org.apache.jackrabbit.oak.spi.security.authentication.GuestLoginModuleTest, org.apache.jackrabbit.oak.spi.security.authentication.external.ExternalLoginModuleTest, org.apache.jackrabbit.oak.spi.security.principal.EveryonePrincipalTest, org.apache.jackrabbit.oak.spi.security.user.action.PasswordValidationActionTest, org.apache.jackrabbit.oak.spi.security.user.util.PasswordUtilityTest, org.apache.jackrabbit.oak.util.ArrayUtilsTest, org.apache.jackrabbit.oak.util.JsopUtilTest]
10:10:21.325 [main] INFO  fr.inria.lille.repair.nopol.NoPol - Config: Config{synthesisDepth=3, collectStaticMethods=true, collectStaticFields=false, collectLiterals=false, onlyOneSynthesisResult=true, sortExpressions=true, maxLineInvocationPerTest=250, timeoutMethodInvocation=2000, dataCollectionTimeoutInSecondForSynthesis=900, addWeight=0.19478, subWeight=0.04554, mulWeight=0.0102, divWeight=0.00613, andWeight=0.10597, orWeight=0.05708, eqWeight=0.22798, nEqWeight=0.0, lessEqWeight=0.0255, lessWeight=0.0947, methodCallWeight=0.1, fieldAccessWeight=0.08099, constantWeight=0.14232, variableWeight=0.05195, mode=REPAIR, type=PRE_THEN_COND, synthesis=SMT, oracle=ANGELIC, solver=Z3, solverPath='/home/tdurieux/defects4j4repair/script/../libs/z3/build/z3', projectSources=[oak-core/src/main/java], projectClasspath='[Ljava.net.URL;@66d33a', projectTests=[org.apache.jackrabbit.mk.test.DataStoreIT, org.apache.jackrabbit.mk.test.MicroKernelIT, org.apache.jackrabbit.oak.api.ContentSessionTest, org.apache.jackrabbit.oak.api.QueryTest, org.apache.jackrabbit.oak.api.RootTest, org.apache.jackrabbit.oak.api.TreeTest, org.apache.jackrabbit.oak.api.UniquePropertyTest, org.apache.jackrabbit.oak.core.DefaultConflictHandlerTest, org.apache.jackrabbit.oak.core.RootImplFuzzIT, org.apache.jackrabbit.oak.core.RootImplTest, org.apache.jackrabbit.oak.core.TreeImplTest, org.apache.jackrabbit.oak.kernel.JsopDiffTest, org.apache.jackrabbit.oak.kernel.KernelNodeBuilderTest, org.apache.jackrabbit.oak.kernel.KernelNodeStateTest, org.apache.jackrabbit.oak.kernel.KernelNodeStoreTest, org.apache.jackrabbit.oak.kernel.LargeKernelNodeStateTest, org.apache.jackrabbit.oak.kernel.TypeCodesTest, org.apache.jackrabbit.oak.namepath.GlobalNameMapperTest, org.apache.jackrabbit.oak.namepath.NamePathMapperImplTest, org.apache.jackrabbit.oak.plugins.index.IndexHookManagerDiffTest, org.apache.jackrabbit.oak.plugins.index.IndexHookManagerTest, org.apache.jackrabbit.oak.plugins.index.nodetype.NodeTypeIndexTest, org.apache.jackrabbit.oak.plugins.index.old.IndexTest, org.apache.jackrabbit.oak.plugins.index.old.PrefixIndexTest, org.apache.jackrabbit.oak.plugins.index.old.PropertyIndexTest, org.apache.jackrabbit.oak.plugins.index.old.QueryTest, org.apache.jackrabbit.oak.plugins.index.old.mk.ConflictingMoveTest, org.apache.jackrabbit.oak.plugins.index.old.mk.EverythingIT, org.apache.jackrabbit.oak.plugins.index.old.mk.LargeObjectTest, org.apache.jackrabbit.oak.plugins.index.old.mk.MoveNodeIT, org.apache.jackrabbit.oak.plugins.index.old.mk.hash.HashTest, org.apache.jackrabbit.oak.plugins.index.old.mk.json.fast.JsopObjectTest, org.apache.jackrabbit.oak.plugins.index.old.mk.large.CreateNodesTraverseTest, org.apache.jackrabbit.oak.plugins.index.old.mk.large.CreateRandomNodesTraverseTest, org.apache.jackrabbit.oak.plugins.index.old.mk.large.DescendantCountTest, org.apache.jackrabbit.oak.plugins.index.old.mk.large.LargeNodeTest, org.apache.jackrabbit.oak.plugins.index.old.mk.large.ManyRevisionsTest, org.apache.jackrabbit.oak.plugins.index.old.mk.mem.MemoryNodeTest, org.apache.jackrabbit.oak.plugins.index.old.mk.simple.AscendingClockTest, org.apache.jackrabbit.oak.plugins.index.old.mk.simple.MoveNodeIT, org.apache.jackrabbit.oak.plugins.index.old.mk.simple.NodeVersionTest, org.apache.jackrabbit.oak.plugins.index.old.mk.simple.SimpleKernelTest, org.apache.jackrabbit.oak.plugins.index.old.mk.wrapper.IndexWrapperTest, org.apache.jackrabbit.oak.plugins.index.old.mk.wrapper.SecurityWrapperTest, org.apache.jackrabbit.oak.plugins.index.old.mk.wrapper.VirtualRepositoryWrapperTest, org.apache.jackrabbit.oak.plugins.index.p2.Property2IndexQueryTest, org.apache.jackrabbit.oak.plugins.index.p2.Property2IndexTest, org.apache.jackrabbit.oak.plugins.index.p2.strategy.ContentMirrorStoreStrategyTest, org.apache.jackrabbit.oak.plugins.index.property.PropertyIndexQueryTest, org.apache.jackrabbit.oak.plugins.index.property.PropertyIndexTest, org.apache.jackrabbit.oak.plugins.memory.MemoryNodeBuilderTest, org.apache.jackrabbit.oak.plugins.memory.MemoryPropertyBuilderTest, org.apache.jackrabbit.oak.plugins.name.NameValidatorTest, org.apache.jackrabbit.oak.plugins.name.ReadWriteNamespaceRegistryTest, org.apache.jackrabbit.oak.query.ast.FullTextTest, org.apache.jackrabbit.oak.query.ast.LikePatternTest, org.apache.jackrabbit.oak.query.index.FilterTest, org.apache.jackrabbit.oak.query.index.TraversingIndexQueryTest, org.apache.jackrabbit.oak.query.index.TraversingIndexTest, org.apache.jackrabbit.oak.security.ConfigurationParametersTest, org.apache.jackrabbit.oak.security.authentication.DefaultLoginModuleTest, org.apache.jackrabbit.oak.security.authentication.GuestDefaultLoginModuleTest, org.apache.jackrabbit.oak.security.authentication.TokenDefaultLoginModuleTest, org.apache.jackrabbit.oak.security.authentication.TokenLoginModuleTest, org.apache.jackrabbit.oak.security.authentication.token.TokenAuthenticationTest, org.apache.jackrabbit.oak.security.authentication.token.TokenInfoTest, org.apache.jackrabbit.oak.security.authentication.token.TokenProviderImplTest, org.apache.jackrabbit.oak.security.authentication.user.UserAuthenticationTest, org.apache.jackrabbit.oak.security.principal.PrincipalProviderImplTest, org.apache.jackrabbit.oak.security.user.UserManagerImplTest, org.apache.jackrabbit.oak.security.user.UserProviderTest, org.apache.jackrabbit.oak.security.user.UserValidatorTest, org.apache.jackrabbit.oak.spi.commit.SubtreeValidatorTest, org.apache.jackrabbit.oak.spi.security.authentication.AbstractLoginModuleTest, org.apache.jackrabbit.oak.spi.security.authentication.GuestLoginModuleTest, org.apache.jackrabbit.oak.spi.security.authentication.external.ExternalLoginModuleTest, org.apache.jackrabbit.oak.spi.security.principal.EveryonePrincipalTest, org.apache.jackrabbit.oak.spi.security.user.action.PasswordValidationActionTest, org.apache.jackrabbit.oak.spi.security.user.util.PasswordUtilityTest, org.apache.jackrabbit.oak.util.ArrayUtilsTest, org.apache.jackrabbit.oak.util.JsopUtilTest], complianceLevel=7, outputFolder=., json=true}
10:10:21.325 [main] INFO  fr.inria.lille.repair.nopol.NoPol - Available processors (cores): 4
10:10:21.331 [main] INFO  fr.inria.lille.repair.nopol.NoPol - Free memory: 894 MB
10:10:21.331 [main] INFO  fr.inria.lille.repair.nopol.NoPol - Maximum memory: 3 GB
10:10:21.331 [main] INFO  fr.inria.lille.repair.nopol.NoPol - Total memory available to JVM: 981 MB
10:10:21.331 [main] INFO  fr.inria.lille.repair.nopol.NoPol - Java version: 1.8.0_181
10:10:21.332 [main] INFO  fr.inria.lille.repair.nopol.NoPol - JAVA_HOME: /usr/lib/jvm/java-1.8.0-openjdk-amd64/bin/
10:10:21.332 [main] INFO  fr.inria.lille.repair.nopol.NoPol - PATH: /usr/lib/jvm/java-1.8.0-openjdk-amd64/bin/:/usr/lib/oar/oardodo:/usr/lib/oar/oardodo:/usr/local/bin:/usr/bin:/bin:/usr/games
10:11:45.829 [pool-2-thread-1] DEBUG fr.inria.lille.repair.nopol.NoPol - statement #1
10:11:45.829 [pool-2-thread-1] DEBUG fr.inria.lille.repair.nopol.NoPol - Analysing SourceLocation org.apache.jackrabbit.mk.test.AbstractMicroKernelIT:66 which is executed by 2 tests
10:11:45.830 [pool-2-thread-1] DEBUG fr.inria.lille.repair.nopol.NoPol - cannot spoon SourceLocation org.apache.jackrabbit.mk.test.AbstractMicroKernelIT:66
10:11:45.830 [pool-2-thread-1] DEBUG fr.inria.lille.repair.nopol.NoPol - statement #2
10:11:45.830 [pool-2-thread-1] DEBUG fr.inria.lille.repair.nopol.NoPol - Analysing SourceLocation org.apache.jackrabbit.mk.test.AbstractMicroKernelIT:60 which is executed by 2 tests
10:11:45.830 [pool-2-thread-1] DEBUG fr.inria.lille.repair.nopol.NoPol - cannot spoon SourceLocation org.apache.jackrabbit.mk.test.AbstractMicroKernelIT:60
10:11:45.830 [pool-2-thread-1] DEBUG fr.inria.lille.repair.nopol.NoPol - statement #3
10:11:45.830 [pool-2-thread-1] DEBUG fr.inria.lille.repair.nopol.NoPol - Analysing SourceLocation org.apache.jackrabbit.mk.test.AbstractMicroKernelIT:59 which is executed by 2 tests
10:11:45.830 [pool-2-thread-1] DEBUG fr.inria.lille.repair.nopol.NoPol - cannot spoon SourceLocation org.apache.jackrabbit.mk.test.AbstractMicroKernelIT:59
10:11:45.830 [pool-2-thread-1] DEBUG fr.inria.lille.repair.nopol.NoPol - statement #4
10:11:45.831 [pool-2-thread-1] DEBUG fr.inria.lille.repair.nopol.NoPol - Analysing SourceLocation org.apache.jackrabbit.mk.test.AbstractMicroKernelIT:58 which is executed by 2 tests
10:11:45.831 [pool-2-thread-1] DEBUG fr.inria.lille.repair.nopol.NoPol - cannot spoon SourceLocation org.apache.jackrabbit.mk.test.AbstractMicroKernelIT:58
10:11:45.831 [pool-2-thread-1] DEBUG fr.inria.lille.repair.nopol.NoPol - statement #5
10:11:45.831 [pool-2-thread-1] DEBUG fr.inria.lille.repair.nopol.NoPol - Analysing SourceLocation org.apache.jackrabbit.mk.test.AbstractMicroKernelIT:57 which is executed by 2 tests
10:11:45.831 [pool-2-thread-1] DEBUG fr.inria.lille.repair.nopol.NoPol - cannot spoon SourceLocation org.apache.jackrabbit.mk.test.AbstractMicroKernelIT:57
10:11:45.831 [pool-2-thread-1] DEBUG fr.inria.lille.repair.nopol.NoPol - statement #6
10:11:45.831 [pool-2-thread-1] DEBUG fr.inria.lille.repair.nopol.NoPol - Analysing SourceLocation org.apache.jackrabbit.mk.test.AbstractMicroKernelIT:55 which is executed by 2 tests
10:11:45.832 [pool-2-thread-1] DEBUG fr.inria.lille.repair.nopol.NoPol - cannot spoon SourceLocation org.apache.jackrabbit.mk.test.AbstractMicroKernelIT:55
10:11:45.832 [pool-2-thread-1] DEBUG fr.inria.lille.repair.nopol.NoPol - statement #7
10:11:45.832 [pool-2-thread-1] DEBUG fr.inria.lille.repair.nopol.NoPol - Analysing SourceLocation org.apache.jackrabbit.oak.plugins.index.p2.strategy.ContentMirrorStoreStrategy:79 which is executed by 1 tests
-1583373091
10:11:46.286 [pool-2-thread-1] DEBUG fr.inria.lille.repair.nopol.NoPol - statement #8
10:11:46.287 [pool-2-thread-1] DEBUG fr.inria.lille.repair.nopol.NoPol - Analysing SourceLocation org.apache.jackrabbit.oak.plugins.index.p2.strategy.ContentMirrorStoreStrategy:76 which is executed by 1 tests
-1583373091
10:11:46.479 [pool-2-thread-1] DEBUG fr.inria.lille.repair.nopol.NoPol - looking with class fr.inria.lille.repair.nopol.spoon.smt.ConditionalAdder
java.lang.AssertionError: Missing child node e on path key/d/e/f
    at org.junit.Assert.fail(Assert.java:88)
    at org.junit.Assert.assertTrue(Assert.java:41)
    at org.apache.jackrabbit.oak.plugins.index.p2.strategy.ContentMirrorStoreStrategyTest.checkPath(ContentMirrorStoreStrategyTest.java:91)
    at org.apache.jackrabbit.oak.plugins.index.p2.strategy.ContentMirrorStoreStrategyTest.testIndexPruning(ContentMirrorStoreStrategyTest.java:67)
    at sun.reflect.NativeMethodAccessorImpl.invoke0(Native Method)
    at sun.reflect.NativeMethodAccessorImpl.invoke(NativeMethodAccessorImpl.java:62)
10:11:46.549 [pool-4-thread-1] INFO  xxl.java.junit.TestCasesListener - Tests run finished (47 ms)
<> Total tests run: 1
<> Ignored tests: 0
<> Failed tests: 1
~ testIndexPruning(org.apache.jackrabbit.oak.plugins.index.p2.strategy.ContentMirrorStoreStrategyTest)
[Missing child node e on path key/d/e/f]
java.lang.AssertionError: Missing child node e on path key/d/e/f    at org.junit.Assert.fail(Assert.java:88)
    at org.junit.Assert.assertTrue(Assert.java:41)
    at org.apache.jackrabbit.oak.plugins.index.p2.strategy.ContentMirrorStoreStrategyTest.checkPath(ContentMirrorStoreStrategyTest.java:91)
    at org.apache.jackrabbit.oak.plugins.index.p2.strategy.ContentMirrorStoreStrategyTest.testIndexPruning(ContentMirrorStoreStrategyTest.java:67)
    at sun.reflect.NativeMethodAccessorImpl.invoke0(Native Method)
    at sun.reflect.NativeMethodAccessorImpl.invoke(NativeMethodAccessorImpl.java:62)

java.lang.AssertionError: Missing child node e on path key/d/e/f
    at org.junit.Assert.fail(Assert.java:88)
    at org.junit.Assert.assertTrue(Assert.java:41)
    at org.apache.jackrabbit.oak.plugins.index.p2.strategy.ContentMirrorStoreStrategyTest.checkPath(ContentMirrorStoreStrategyTest.java:91)
    at org.apache.jackrabbit.oak.plugins.index.p2.strategy.ContentMirrorStoreStrategyTest.testIndexPruning(ContentMirrorStoreStrategyTest.java:67)
    at sun.reflect.NativeMethodAccessorImpl.invoke0(Native Method)
    at sun.reflect.NativeMethodAccessorImpl.invoke(NativeMethodAccessorImpl.java:62)
10:11:48.487 [pool-5-thread-1] INFO  f.i.l.c.t.SpecificationTestCasesListener - Tests run finished (45 ms)
<> Total tests run: 1
<> Ignored tests: 0
<> Failed tests: 1
~ testIndexPruning(org.apache.jackrabbit.oak.plugins.index.p2.strategy.ContentMirrorStoreStrategyTest)
[Missing child node e on path key/d/e/f]
java.lang.AssertionError: Missing child node e on path key/d/e/f    at org.junit.Assert.fail(Assert.java:88)
    at org.junit.Assert.assertTrue(Assert.java:41)
    at org.apache.jackrabbit.oak.plugins.index.p2.strategy.ContentMirrorStoreStrategyTest.checkPath(ContentMirrorStoreStrategyTest.java:91)
    at org.apache.jackrabbit.oak.plugins.index.p2.strategy.ContentMirrorStoreStrategyTest.testIndexPruning(ContentMirrorStoreStrategyTest.java:67)
    at sun.reflect.NativeMethodAccessorImpl.invoke0(Native Method)
    at sun.reflect.NativeMethodAccessorImpl.invoke(NativeMethodAccessorImpl.java:62)

java.lang.AssertionError: Missing child node e on path key/d/e/f
    at org.junit.Assert.fail(Assert.java:88)
    at org.junit.Assert.assertTrue(Assert.java:41)
    at org.apache.jackrabbit.oak.plugins.index.p2.strategy.ContentMirrorStoreStrategyTest.checkPath(ContentMirrorStoreStrategyTest.java:91)
    at org.apache.jackrabbit.oak.plugins.index.p2.strategy.ContentMirrorStoreStrategyTest.testIndexPruning(ContentMirrorStoreStrategyTest.java:67)
    at sun.reflect.NativeMethodAccessorImpl.invoke0(Native Method)
    at sun.reflect.NativeMethodAccessorImpl.invoke(NativeMethodAccessorImpl.java:62)
10:11:48.491 [pool-6-thread-1] INFO  f.i.l.c.t.SpecificationTestCasesListener - Tests run finished (2 ms)
<> Total tests run: 1
<> Ignored tests: 0
<> Failed tests: 1
~ testIndexPruning(org.apache.jackrabbit.oak.plugins.index.p2.strategy.ContentMirrorStoreStrategyTest)
[Missing child node e on path key/d/e/f]
java.lang.AssertionError: Missing child node e on path key/d/e/f    at org.junit.Assert.fail(Assert.java:88)
    at org.junit.Assert.assertTrue(Assert.java:41)
    at org.apache.jackrabbit.oak.plugins.index.p2.strategy.ContentMirrorStoreStrategyTest.checkPath(ContentMirrorStoreStrategyTest.java:91)
    at org.apache.jackrabbit.oak.plugins.index.p2.strategy.ContentMirrorStoreStrategyTest.testIndexPruning(ContentMirrorStoreStrategyTest.java:67)
    at sun.reflect.NativeMethodAccessorImpl.invoke0(Native Method)
    at sun.reflect.NativeMethodAccessorImpl.invoke(NativeMethodAccessorImpl.java:62)

10:11:48.492 [pool-3-thread-1] DEBUG tests.output - Failing tests with false: 
[testIndexPruning(org.apache.jackrabbit.oak.plugins.index.p2.strategy.ContentMirrorStoreStrategyTest): Missing child node e on path key/d/e/f]
10:11:48.492 [pool-3-thread-1] DEBUG tests.output - Failing tests with true: 
[testIndexPruning(org.apache.jackrabbit.oak.plugins.index.p2.strategy.ContentMirrorStoreStrategyTest): Missing child node e on path key/d/e/f]
10:11:48.492 [pool-3-thread-1] INFO  f.i.l.r.n.synth.SMTNopolSynthesizer - Not enough specifications: 0. A trivial patch is "true" or "false", please write new tests specifying SourceLocation org.apache.jackrabbit.oak.plugins.index.p2.strategy.ContentMirrorStoreStrategy:76.
10:11:48.493 [pool-2-thread-1] DEBUG fr.inria.lille.repair.nopol.NoPol - looking with class fr.inria.lille.repair.nopol.spoon.smt.ConditionalReplacer
java.lang.AssertionError: Missing child node e on path key/d/e/f
    at org.junit.Assert.fail(Assert.java:88)
    at org.junit.Assert.assertTrue(Assert.java:41)
    at org.apache.jackrabbit.oak.plugins.index.p2.strategy.ContentMirrorStoreStrategyTest.checkPath(ContentMirrorStoreStrategyTest.java:91)
    at org.apache.jackrabbit.oak.plugins.index.p2.strategy.ContentMirrorStoreStrategyTest.testIndexPruning(ContentMirrorStoreStrategyTest.java:67)
    at sun.reflect.NativeMethodAccessorImpl.invoke0(Native Method)
    at sun.reflect.NativeMethodAccessorImpl.invoke(NativeMethodAccessorImpl.java:62)
10:11:48.536 [pool-8-thread-1] INFO  xxl.java.junit.TestCasesListener - Tests run finished (41 ms)
<> Total tests run: 1
<> Ignored tests: 0
<> Failed tests: 1
~ testIndexPruning(org.apache.jackrabbit.oak.plugins.index.p2.strategy.ContentMirrorStoreStrategyTest)
[Missing child node e on path key/d/e/f]
java.lang.AssertionError: Missing child node e on path key/d/e/f    at org.junit.Assert.fail(Assert.java:88)
    at org.junit.Assert.assertTrue(Assert.java:41)
    at org.apache.jackrabbit.oak.plugins.index.p2.strategy.ContentMirrorStoreStrategyTest.checkPath(ContentMirrorStoreStrategyTest.java:91)
    at org.apache.jackrabbit.oak.plugins.index.p2.strategy.ContentMirrorStoreStrategyTest.testIndexPruning(ContentMirrorStoreStrategyTest.java:67)
    at sun.reflect.NativeMethodAccessorImpl.invoke0(Native Method)
    at sun.reflect.NativeMethodAccessorImpl.invoke(NativeMethodAccessorImpl.java:62)

java.lang.AssertionError: Missing child node e on path key/d/e/f
    at org.junit.Assert.fail(Assert.java:88)
    at org.junit.Assert.assertTrue(Assert.java:41)
    at org.apache.jackrabbit.oak.plugins.index.p2.strategy.ContentMirrorStoreStrategyTest.checkPath(ContentMirrorStoreStrategyTest.java:91)
    at org.apache.jackrabbit.oak.plugins.index.p2.strategy.ContentMirrorStoreStrategyTest.testIndexPruning(ContentMirrorStoreStrategyTest.java:67)
    at sun.reflect.NativeMethodAccessorImpl.invoke0(Native Method)
    at sun.reflect.NativeMethodAccessorImpl.invoke(NativeMethodAccessorImpl.java:62)
10:11:48.975 [pool-9-thread-1] INFO  f.i.l.c.t.SpecificationTestCasesListener - Tests run finished (38 ms)
<> Total tests run: 1
<> Ignored tests: 0
<> Failed tests: 1
~ testIndexPruning(org.apache.jackrabbit.oak.plugins.index.p2.strategy.ContentMirrorStoreStrategyTest)
[Missing child node e on path key/d/e/f]
java.lang.AssertionError: Missing child node e on path key/d/e/f    at org.junit.Assert.fail(Assert.java:88)
    at org.junit.Assert.assertTrue(Assert.java:41)
    at org.apache.jackrabbit.oak.plugins.index.p2.strategy.ContentMirrorStoreStrategyTest.checkPath(ContentMirrorStoreStrategyTest.java:91)
    at org.apache.jackrabbit.oak.plugins.index.p2.strategy.ContentMirrorStoreStrategyTest.testIndexPruning(ContentMirrorStoreStrategyTest.java:67)
    at sun.reflect.NativeMethodAccessorImpl.invoke0(Native Method)
    at sun.reflect.NativeMethodAccessorImpl.invoke(NativeMethodAccessorImpl.java:62)

java.lang.AssertionError: Missing child node key on path key/d/e/f
    at org.junit.Assert.fail(Assert.java:88)
    at org.junit.Assert.assertTrue(Assert.java:41)
    at org.apache.jackrabbit.oak.plugins.index.p2.strategy.ContentMirrorStoreStrategyTest.checkPath(ContentMirrorStoreStrategyTest.java:91)
    at org.apache.jackrabbit.oak.plugins.index.p2.strategy.ContentMirrorStoreStrategyTest.testIndexPruning(ContentMirrorStoreStrategyTest.java:63)
    at sun.reflect.NativeMethodAccessorImpl.invoke0(Native Method)
    at sun.reflect.NativeMethodAccessorImpl.invoke(NativeMethodAccessorImpl.java:62)
10:11:48.977 [pool-10-thread-1] INFO  f.i.l.c.t.SpecificationTestCasesListener - Tests run finished (1 ms)
<> Total tests run: 1
<> Ignored tests: 0
<> Failed tests: 1
~ testIndexPruning(org.apache.jackrabbit.oak.plugins.index.p2.strategy.ContentMirrorStoreStrategyTest)
[Missing child node key on path key/d/e/f]
java.lang.AssertionError: Missing child node key on path key/d/e/f    at org.junit.Assert.fail(Assert.java:88)
    at org.junit.Assert.assertTrue(Assert.java:41)
    at org.apache.jackrabbit.oak.plugins.index.p2.strategy.ContentMirrorStoreStrategyTest.checkPath(ContentMirrorStoreStrategyTest.java:91)
    at org.apache.jackrabbit.oak.plugins.index.p2.strategy.ContentMirrorStoreStrategyTest.testIndexPruning(ContentMirrorStoreStrategyTest.java:63)
    at sun.reflect.NativeMethodAccessorImpl.invoke0(Native Method)
    at sun.reflect.NativeMethodAccessorImpl.invoke(NativeMethodAccessorImpl.java:62)

10:11:48.979 [pool-7-thread-1] DEBUG tests.output - Failing tests with false: 
[testIndexPruning(org.apache.jackrabbit.oak.plugins.index.p2.strategy.ContentMirrorStoreStrategyTest): Missing child node e on path key/d/e/f]
10:11:48.979 [pool-7-thread-1] DEBUG tests.output - Failing tests with true: 
[testIndexPruning(org.apache.jackrabbit.oak.plugins.index.p2.strategy.ContentMirrorStoreStrategyTest): Missing child node key on path key/d/e/f]
10:11:48.980 [pool-7-thread-1] INFO  f.i.l.r.n.synth.SMTNopolSynthesizer - Not enough specifications: 0. A trivial patch is "true" or "false", please write new tests specifying SourceLocation org.apache.jackrabbit.oak.plugins.index.p2.strategy.ContentMirrorStoreStrategy:76.
10:11:48.980 [pool-2-thread-1] DEBUG fr.inria.lille.repair.nopol.NoPol - statement #9
10:11:48.980 [pool-2-thread-1] DEBUG fr.inria.lille.repair.nopol.NoPol - Analysing SourceLocation org.apache.jackrabbit.oak.plugins.index.p2.strategy.ContentMirrorStoreStrategy:61 which is executed by 1 tests
-1583373091
10:11:49.153 [pool-2-thread-1] DEBUG fr.inria.lille.repair.nopol.NoPol - statement #10
10:11:49.153 [pool-2-thread-1] DEBUG fr.inria.lille.repair.nopol.NoPol - Analysing SourceLocation org.apache.jackrabbit.oak.plugins.index.p2.strategy.ContentMirrorStoreStrategy:59 which is executed by 1 tests
-1583373091
10:11:49.327 [pool-2-thread-1] DEBUG fr.inria.lille.repair.nopol.NoPol - statement #11
10:11:49.328 [pool-2-thread-1] DEBUG fr.inria.lille.repair.nopol.NoPol - Analysing SourceLocation org.apache.jackrabbit.oak.plugins.index.p2.strategy.ContentMirrorStoreStrategy:56 which is executed by 1 tests
-1583373091
10:11:49.501 [pool-2-thread-1] DEBUG fr.inria.lille.repair.nopol.NoPol - looking with class fr.inria.lille.repair.nopol.spoon.smt.ConditionalAdder
java.lang.AssertionError: Missing child node e on path key/d/e/f
    at org.junit.Assert.fail(Assert.java:88)
    at org.junit.Assert.assertTrue(Assert.java:41)
    at org.apache.jackrabbit.oak.plugins.index.p2.strategy.ContentMirrorStoreStrategyTest.checkPath(ContentMirrorStoreStrategyTest.java:91)
    at org.apache.jackrabbit.oak.plugins.index.p2.strategy.ContentMirrorStoreStrategyTest.testIndexPruning(ContentMirrorStoreStrategyTest.java:67)
    at sun.reflect.NativeMethodAccessorImpl.invoke0(Native Method)
    at sun.reflect.NativeMethodAccessorImpl.invoke(NativeMethodAccessorImpl.java:62)
10:11:49.544 [pool-12-thread-1] INFO  xxl.java.junit.TestCasesListener - Tests run finished (38 ms)
<> Total tests run: 1
<> Ignored tests: 0
<> Failed tests: 1
~ testIndexPruning(org.apache.jackrabbit.oak.plugins.index.p2.strategy.ContentMirrorStoreStrategyTest)
[Missing child node e on path key/d/e/f]
java.lang.AssertionError: Missing child node e on path key/d/e/f    at org.junit.Assert.fail(Assert.java:88)
    at org.junit.Assert.assertTrue(Assert.java:41)
    at org.apache.jackrabbit.oak.plugins.index.p2.strategy.ContentMirrorStoreStrategyTest.checkPath(ContentMirrorStoreStrategyTest.java:91)
    at org.apache.jackrabbit.oak.plugins.index.p2.strategy.ContentMirrorStoreStrategyTest.testIndexPruning(ContentMirrorStoreStrategyTest.java:67)
    at sun.reflect.NativeMethodAccessorImpl.invoke0(Native Method)
    at sun.reflect.NativeMethodAccessorImpl.invoke(NativeMethodAccessorImpl.java:62)

java.lang.AssertionError
    at org.junit.Assert.fail(Assert.java:86)
    at org.junit.Assert.assertTrue(Assert.java:41)
    at org.junit.Assert.assertFalse(Assert.java:64)
    at org.junit.Assert.assertFalse(Assert.java:74)
    at org.apache.jackrabbit.oak.plugins.index.p2.strategy.ContentMirrorStoreStrategyTest.checkNotPath(ContentMirrorStoreStrategyTest.java:110)
    at org.apache.jackrabbit.oak.plugins.index.p2.strategy.ContentMirrorStoreStrategyTest.testIndexPruning(ContentMirrorStoreStrategyTest.java:71)
10:11:49.967 [pool-13-thread-1] INFO  f.i.l.c.t.SpecificationTestCasesListener - Tests run finished (39 ms)
<> Total tests run: 1
<> Ignored tests: 0
<> Failed tests: 1
~ testIndexPruning(org.apache.jackrabbit.oak.plugins.index.p2.strategy.ContentMirrorStoreStrategyTest)
[null]
java.lang.AssertionError    at org.junit.Assert.fail(Assert.java:86)
    at org.junit.Assert.assertTrue(Assert.java:41)
    at org.junit.Assert.assertFalse(Assert.java:64)
    at org.junit.Assert.assertFalse(Assert.java:74)
    at org.apache.jackrabbit.oak.plugins.index.p2.strategy.ContentMirrorStoreStrategyTest.checkNotPath(ContentMirrorStoreStrategyTest.java:110)
    at org.apache.jackrabbit.oak.plugins.index.p2.strategy.ContentMirrorStoreStrategyTest.testIndexPruning(ContentMirrorStoreStrategyTest.java:71)

java.lang.AssertionError: Missing child node e on path key/d/e/f
    at org.junit.Assert.fail(Assert.java:88)
    at org.junit.Assert.assertTrue(Assert.java:41)
    at org.apache.jackrabbit.oak.plugins.index.p2.strategy.ContentMirrorStoreStrategyTest.checkPath(ContentMirrorStoreStrategyTest.java:91)
    at org.apache.jackrabbit.oak.plugins.index.p2.strategy.ContentMirrorStoreStrategyTest.testIndexPruning(ContentMirrorStoreStrategyTest.java:67)
    at sun.reflect.NativeMethodAccessorImpl.invoke0(Native Method)
    at sun.reflect.NativeMethodAccessorImpl.invoke(NativeMethodAccessorImpl.java:62)
10:11:49.977 [pool-14-thread-1] INFO  f.i.l.c.t.SpecificationTestCasesListener - Tests run finished (3 ms)
<> Total tests run: 1
<> Ignored tests: 0
<> Failed tests: 1
~ testIndexPruning(org.apache.jackrabbit.oak.plugins.index.p2.strategy.ContentMirrorStoreStrategyTest)
[Missing child node e on path key/d/e/f]
java.lang.AssertionError: Missing child node e on path key/d/e/f    at org.junit.Assert.fail(Assert.java:88)
    at org.junit.Assert.assertTrue(Assert.java:41)
    at org.apache.jackrabbit.oak.plugins.index.p2.strategy.ContentMirrorStoreStrategyTest.checkPath(ContentMirrorStoreStrategyTest.java:91)
    at org.apache.jackrabbit.oak.plugins.index.p2.strategy.ContentMirrorStoreStrategyTest.testIndexPruning(ContentMirrorStoreStrategyTest.java:67)
    at sun.reflect.NativeMethodAccessorImpl.invoke0(Native Method)
    at sun.reflect.NativeMethodAccessorImpl.invoke(NativeMethodAccessorImpl.java:62)

10:11:49.983 [pool-11-thread-1] DEBUG tests.output - Failing tests with false: 
[testIndexPruning(org.apache.jackrabbit.oak.plugins.index.p2.strategy.ContentMirrorStoreStrategyTest): null]
10:11:49.983 [pool-11-thread-1] DEBUG tests.output - Failing tests with true: 
[testIndexPruning(org.apache.jackrabbit.oak.plugins.index.p2.strategy.ContentMirrorStoreStrategyTest): Missing child node e on path key/d/e/f]
10:11:49.983 [pool-11-thread-1] INFO  f.i.l.r.n.synth.SMTNopolSynthesizer - Not enough specifications: 0. A trivial patch is "true" or "false", please write new tests specifying SourceLocation org.apache.jackrabbit.oak.plugins.index.p2.strategy.ContentMirrorStoreStrategy:56.
10:11:49.984 [pool-2-thread-1] DEBUG fr.inria.lille.repair.nopol.NoPol - statement #12
10:11:49.984 [pool-2-thread-1] DEBUG fr.inria.lille.repair.nopol.NoPol - Analysing SourceLocation org.apache.jackrabbit.oak.plugins.index.p2.strategy.ContentMirrorStoreStrategy:55 which is executed by 1 tests
-1583373091
10:11:50.154 [pool-2-thread-1] DEBUG fr.inria.lille.repair.nopol.NoPol - looking with class fr.inria.lille.repair.nopol.spoon.smt.ConditionalAdder
java.lang.AssertionError: Missing child node e on path key/d/e/f
    at org.junit.Assert.fail(Assert.java:88)
    at org.junit.Assert.assertTrue(Assert.java:41)
    at org.apache.jackrabbit.oak.plugins.index.p2.strategy.ContentMirrorStoreStrategyTest.checkPath(ContentMirrorStoreStrategyTest.java:91)
    at org.apache.jackrabbit.oak.plugins.index.p2.strategy.ContentMirrorStoreStrategyTest.testIndexPruning(ContentMirrorStoreStrategyTest.java:67)
    at sun.reflect.NativeMethodAccessorImpl.invoke0(Native Method)
    at sun.reflect.NativeMethodAccessorImpl.invoke(NativeMethodAccessorImpl.java:62)
10:11:50.209 [pool-16-thread-1] INFO  xxl.java.junit.TestCasesListener - Tests run finished (39 ms)
<> Total tests run: 1
<> Ignored tests: 0
<> Failed tests: 1
~ testIndexPruning(org.apache.jackrabbit.oak.plugins.index.p2.strategy.ContentMirrorStoreStrategyTest)
[Missing child node e on path key/d/e/f]
java.lang.AssertionError: Missing child node e on path key/d/e/f    at org.junit.Assert.fail(Assert.java:88)
    at org.junit.Assert.assertTrue(Assert.java:41)
    at org.apache.jackrabbit.oak.plugins.index.p2.strategy.ContentMirrorStoreStrategyTest.checkPath(ContentMirrorStoreStrategyTest.java:91)
    at org.apache.jackrabbit.oak.plugins.index.p2.strategy.ContentMirrorStoreStrategyTest.testIndexPruning(ContentMirrorStoreStrategyTest.java:67)
    at sun.reflect.NativeMethodAccessorImpl.invoke0(Native Method)
    at sun.reflect.NativeMethodAccessorImpl.invoke(NativeMethodAccessorImpl.java:62)

java.lang.AssertionError
    at org.junit.Assert.fail(Assert.java:86)
    at org.junit.Assert.assertTrue(Assert.java:41)
    at org.junit.Assert.assertFalse(Assert.java:64)
    at org.junit.Assert.assertFalse(Assert.java:74)
    at org.apache.jackrabbit.oak.plugins.index.p2.strategy.ContentMirrorStoreStrategyTest.checkNotPath(ContentMirrorStoreStrategyTest.java:110)
    at org.apache.jackrabbit.oak.plugins.index.p2.strategy.ContentMirrorStoreStrategyTest.testIndexPruning(ContentMirrorStoreStrategyTest.java:71)
10:11:50.560 [pool-17-thread-1] INFO  f.i.l.c.t.SpecificationTestCasesListener - Tests run finished (38 ms)
<> Total tests run: 1
<> Ignored tests: 0
<> Failed tests: 1
~ testIndexPruning(org.apache.jackrabbit.oak.plugins.index.p2.strategy.ContentMirrorStoreStrategyTest)
[null]
java.lang.AssertionError    at org.junit.Assert.fail(Assert.java:86)
    at org.junit.Assert.assertTrue(Assert.java:41)
    at org.junit.Assert.assertFalse(Assert.java:64)
    at org.junit.Assert.assertFalse(Assert.java:74)
    at org.apache.jackrabbit.oak.plugins.index.p2.strategy.ContentMirrorStoreStrategyTest.checkNotPath(ContentMirrorStoreStrategyTest.java:110)
    at org.apache.jackrabbit.oak.plugins.index.p2.strategy.ContentMirrorStoreStrategyTest.testIndexPruning(ContentMirrorStoreStrategyTest.java:71)

java.lang.AssertionError: Missing child node e on path key/d/e/f
    at org.junit.Assert.fail(Assert.java:88)
    at org.junit.Assert.assertTrue(Assert.java:41)
    at org.apache.jackrabbit.oak.plugins.index.p2.strategy.ContentMirrorStoreStrategyTest.checkPath(ContentMirrorStoreStrategyTest.java:91)
    at org.apache.jackrabbit.oak.plugins.index.p2.strategy.ContentMirrorStoreStrategyTest.testIndexPruning(ContentMirrorStoreStrategyTest.java:67)
    at sun.reflect.NativeMethodAccessorImpl.invoke0(Native Method)
    at sun.reflect.NativeMethodAccessorImpl.invoke(NativeMethodAccessorImpl.java:62)
10:11:50.562 [pool-18-thread-1] INFO  f.i.l.c.t.SpecificationTestCasesListener - Tests run finished (1 ms)
<> Total tests run: 1
<> Ignored tests: 0
<> Failed tests: 1
~ testIndexPruning(org.apache.jackrabbit.oak.plugins.index.p2.strategy.ContentMirrorStoreStrategyTest)
[Missing child node e on path key/d/e/f]
java.lang.AssertionError: Missing child node e on path key/d/e/f    at org.junit.Assert.fail(Assert.java:88)
    at org.junit.Assert.assertTrue(Assert.java:41)
    at org.apache.jackrabbit.oak.plugins.index.p2.strategy.ContentMirrorStoreStrategyTest.checkPath(ContentMirrorStoreStrategyTest.java:91)
    at org.apache.jackrabbit.oak.plugins.index.p2.strategy.ContentMirrorStoreStrategyTest.testIndexPruning(ContentMirrorStoreStrategyTest.java:67)
    at sun.reflect.NativeMethodAccessorImpl.invoke0(Native Method)
    at sun.reflect.NativeMethodAccessorImpl.invoke(NativeMethodAccessorImpl.java:62)

10:11:50.563 [pool-15-thread-1] DEBUG tests.output - Failing tests with false: 
[testIndexPruning(org.apache.jackrabbit.oak.plugins.index.p2.strategy.ContentMirrorStoreStrategyTest): null]
10:11:50.563 [pool-15-thread-1] DEBUG tests.output - Failing tests with true: 
[testIndexPruning(org.apache.jackrabbit.oak.plugins.index.p2.strategy.ContentMirrorStoreStrategyTest): Missing child node e on path key/d/e/f]
10:11:50.563 [pool-15-thread-1] INFO  f.i.l.r.n.synth.SMTNopolSynthesizer - Not enough specifications: 0. A trivial patch is "true" or "false", please write new tests specifying SourceLocation org.apache.jackrabbit.oak.plugins.index.p2.strategy.ContentMirrorStoreStrategy:55.
10:11:50.563 [pool-2-thread-1] DEBUG fr.inria.lille.repair.nopol.NoPol - looking with class fr.inria.lille.repair.nopol.spoon.smt.ConditionalReplacer
java.lang.AssertionError: Missing child node e on path key/d/e/f
    at org.junit.Assert.fail(Assert.java:88)
    at org.junit.Assert.assertTrue(Assert.java:41)
    at org.apache.jackrabbit.oak.plugins.index.p2.strategy.ContentMirrorStoreStrategyTest.checkPath(ContentMirrorStoreStrategyTest.java:91)
    at org.apache.jackrabbit.oak.plugins.index.p2.strategy.ContentMirrorStoreStrategyTest.testIndexPruning(ContentMirrorStoreStrategyTest.java:67)
    at sun.reflect.NativeMethodAccessorImpl.invoke0(Native Method)
    at sun.reflect.NativeMethodAccessorImpl.invoke(NativeMethodAccessorImpl.java:62)
10:11:50.603 [pool-20-thread-1] INFO  xxl.java.junit.TestCasesListener - Tests run finished (38 ms)
<> Total tests run: 1
<> Ignored tests: 0
<> Failed tests: 1
~ testIndexPruning(org.apache.jackrabbit.oak.plugins.index.p2.strategy.ContentMirrorStoreStrategyTest)
[Missing child node e on path key/d/e/f]
java.lang.AssertionError: Missing child node e on path key/d/e/f    at org.junit.Assert.fail(Assert.java:88)
    at org.junit.Assert.assertTrue(Assert.java:41)
    at org.apache.jackrabbit.oak.plugins.index.p2.strategy.ContentMirrorStoreStrategyTest.checkPath(ContentMirrorStoreStrategyTest.java:91)
    at org.apache.jackrabbit.oak.plugins.index.p2.strategy.ContentMirrorStoreStrategyTest.testIndexPruning(ContentMirrorStoreStrategyTest.java:67)
    at sun.reflect.NativeMethodAccessorImpl.invoke0(Native Method)
    at sun.reflect.NativeMethodAccessorImpl.invoke(NativeMethodAccessorImpl.java:62)

java.lang.AssertionError
    at org.junit.Assert.fail(Assert.java:86)
    at org.junit.Assert.assertTrue(Assert.java:41)
    at org.junit.Assert.assertFalse(Assert.java:64)
    at org.junit.Assert.assertFalse(Assert.java:74)
    at org.apache.jackrabbit.oak.plugins.index.p2.strategy.ContentMirrorStoreStrategyTest.checkNotPath(ContentMirrorStoreStrategyTest.java:110)
    at org.apache.jackrabbit.oak.plugins.index.p2.strategy.ContentMirrorStoreStrategyTest.testIndexPruning(ContentMirrorStoreStrategyTest.java:71)
10:11:50.943 [pool-21-thread-1] INFO  f.i.l.c.t.SpecificationTestCasesListener - Tests run finished (39 ms)
<> Total tests run: 1
<> Ignored tests: 0
<> Failed tests: 1
~ testIndexPruning(org.apache.jackrabbit.oak.plugins.index.p2.strategy.ContentMirrorStoreStrategyTest)
[null]
java.lang.AssertionError    at org.junit.Assert.fail(Assert.java:86)
    at org.junit.Assert.assertTrue(Assert.java:41)
    at org.junit.Assert.assertFalse(Assert.java:64)
    at org.junit.Assert.assertFalse(Assert.java:74)
    at org.apache.jackrabbit.oak.plugins.index.p2.strategy.ContentMirrorStoreStrategyTest.checkNotPath(ContentMirrorStoreStrategyTest.java:110)
    at org.apache.jackrabbit.oak.plugins.index.p2.strategy.ContentMirrorStoreStrategyTest.testIndexPruning(ContentMirrorStoreStrategyTest.java:71)

java.lang.AssertionError: Missing child node e on path key/d/e/f
    at org.junit.Assert.fail(Assert.java:88)
    at org.junit.Assert.assertTrue(Assert.java:41)
    at org.apache.jackrabbit.oak.plugins.index.p2.strategy.ContentMirrorStoreStrategyTest.checkPath(ContentMirrorStoreStrategyTest.java:91)
    at org.apache.jackrabbit.oak.plugins.index.p2.strategy.ContentMirrorStoreStrategyTest.testIndexPruning(ContentMirrorStoreStrategyTest.java:67)
    at sun.reflect.NativeMethodAccessorImpl.invoke0(Native Method)
    at sun.reflect.NativeMethodAccessorImpl.invoke(NativeMethodAccessorImpl.java:62)
10:11:50.945 [pool-22-thread-1] INFO  f.i.l.c.t.SpecificationTestCasesListener - Tests run finished (1 ms)
<> Total tests run: 1
<> Ignored tests: 0
<> Failed tests: 1
~ testIndexPruning(org.apache.jackrabbit.oak.plugins.index.p2.strategy.ContentMirrorStoreStrategyTest)
[Missing child node e on path key/d/e/f]
java.lang.AssertionError: Missing child node e on path key/d/e/f    at org.junit.Assert.fail(Assert.java:88)
    at org.junit.Assert.assertTrue(Assert.java:41)
    at org.apache.jackrabbit.oak.plugins.index.p2.strategy.ContentMirrorStoreStrategyTest.checkPath(ContentMirrorStoreStrategyTest.java:91)
    at org.apache.jackrabbit.oak.plugins.index.p2.strategy.ContentMirrorStoreStrategyTest.testIndexPruning(ContentMirrorStoreStrategyTest.java:67)
    at sun.reflect.NativeMethodAccessorImpl.invoke0(Native Method)
    at sun.reflect.NativeMethodAccessorImpl.invoke(NativeMethodAccessorImpl.java:62)

10:11:50.946 [pool-19-thread-1] DEBUG tests.output - Failing tests with false: 
[testIndexPruning(org.apache.jackrabbit.oak.plugins.index.p2.strategy.ContentMirrorStoreStrategyTest): null]
10:11:50.946 [pool-19-thread-1] DEBUG tests.output - Failing tests with true: 
[testIndexPruning(org.apache.jackrabbit.oak.plugins.index.p2.strategy.ContentMirrorStoreStrategyTest): Missing child node e on path key/d/e/f]
10:11:50.946 [pool-19-thread-1] INFO  f.i.l.r.n.synth.SMTNopolSynthesizer - Not enough specifications: 0. A trivial patch is "true" or "false", please write new tests specifying SourceLocation org.apache.jackrabbit.oak.plugins.index.p2.strategy.ContentMirrorStoreStrategy:55.
10:11:50.946 [pool-2-thread-1] DEBUG fr.inria.lille.repair.nopol.NoPol - statement #13
10:11:50.946 [pool-2-thread-1] DEBUG fr.inria.lille.repair.nopol.NoPol - Analysing SourceLocation org.apache.jackrabbit.oak.plugins.index.p2.strategy.ContentMirrorStoreStrategy:52 which is executed by 1 tests
-1583373091
10:11:51.115 [pool-2-thread-1] DEBUG fr.inria.lille.repair.nopol.NoPol - looking with class fr.inria.lille.repair.nopol.spoon.smt.ConditionalAdder
java.lang.AssertionError: Missing child node e on path key/d/e/f
    at org.junit.Assert.fail(Assert.java:88)
    at org.junit.Assert.assertTrue(Assert.java:41)
    at org.apache.jackrabbit.oak.plugins.index.p2.strategy.ContentMirrorStoreStrategyTest.checkPath(ContentMirrorStoreStrategyTest.java:91)
    at org.apache.jackrabbit.oak.plugins.index.p2.strategy.ContentMirrorStoreStrategyTest.testIndexPruning(ContentMirrorStoreStrategyTest.java:67)
    at sun.reflect.NativeMethodAccessorImpl.invoke0(Native Method)
    at sun.reflect.NativeMethodAccessorImpl.invoke(NativeMethodAccessorImpl.java:62)
10:11:51.155 [pool-24-thread-1] INFO  xxl.java.junit.TestCasesListener - Tests run finished (38 ms)
<> Total tests run: 1
<> Ignored tests: 0
<> Failed tests: 1
~ testIndexPruning(org.apache.jackrabbit.oak.plugins.index.p2.strategy.ContentMirrorStoreStrategyTest)
[Missing child node e on path key/d/e/f]
java.lang.AssertionError: Missing child node e on path key/d/e/f    at org.junit.Assert.fail(Assert.java:88)
    at org.junit.Assert.assertTrue(Assert.java:41)
    at org.apache.jackrabbit.oak.plugins.index.p2.strategy.ContentMirrorStoreStrategyTest.checkPath(ContentMirrorStoreStrategyTest.java:91)
    at org.apache.jackrabbit.oak.plugins.index.p2.strategy.ContentMirrorStoreStrategyTest.testIndexPruning(ContentMirrorStoreStrategyTest.java:67)
    at sun.reflect.NativeMethodAccessorImpl.invoke0(Native Method)
    at sun.reflect.NativeMethodAccessorImpl.invoke(NativeMethodAccessorImpl.java:62)

java.lang.AssertionError
    at org.junit.Assert.fail(Assert.java:86)
    at org.junit.Assert.assertTrue(Assert.java:41)
    at org.junit.Assert.assertFalse(Assert.java:64)
    at org.junit.Assert.assertFalse(Assert.java:74)
    at org.apache.jackrabbit.oak.plugins.index.p2.strategy.ContentMirrorStoreStrategyTest.checkNotPath(ContentMirrorStoreStrategyTest.java:110)
    at org.apache.jackrabbit.oak.plugins.index.p2.strategy.ContentMirrorStoreStrategyTest.testIndexPruning(ContentMirrorStoreStrategyTest.java:71)
10:11:51.513 [pool-25-thread-1] INFO  f.i.l.c.t.SpecificationTestCasesListener - Tests run finished (43 ms)
<> Total tests run: 1
<> Ignored tests: 0
<> Failed tests: 1
~ testIndexPruning(org.apache.jackrabbit.oak.plugins.index.p2.strategy.ContentMirrorStoreStrategyTest)
[null]
java.lang.AssertionError    at org.junit.Assert.fail(Assert.java:86)
    at org.junit.Assert.assertTrue(Assert.java:41)
    at org.junit.Assert.assertFalse(Assert.java:64)
    at org.junit.Assert.assertFalse(Assert.java:74)
    at org.apache.jackrabbit.oak.plugins.index.p2.strategy.ContentMirrorStoreStrategyTest.checkNotPath(ContentMirrorStoreStrategyTest.java:110)
    at org.apache.jackrabbit.oak.plugins.index.p2.strategy.ContentMirrorStoreStrategyTest.testIndexPruning(ContentMirrorStoreStrategyTest.java:71)

java.lang.AssertionError: Missing child node e on path key/d/e/f
    at org.junit.Assert.fail(Assert.java:88)
    at org.junit.Assert.assertTrue(Assert.java:41)
    at org.apache.jackrabbit.oak.plugins.index.p2.strategy.ContentMirrorStoreStrategyTest.checkPath(ContentMirrorStoreStrategyTest.java:91)
    at org.apache.jackrabbit.oak.plugins.index.p2.strategy.ContentMirrorStoreStrategyTest.testIndexPruning(ContentMirrorStoreStrategyTest.java:67)
    at sun.reflect.NativeMethodAccessorImpl.invoke0(Native Method)
    at sun.reflect.NativeMethodAccessorImpl.invoke(NativeMethodAccessorImpl.java:62)
10:11:51.517 [pool-26-thread-1] INFO  f.i.l.c.t.SpecificationTestCasesListener - Tests run finished (1 ms)
<> Total tests run: 1
<> Ignored tests: 0
<> Failed tests: 1
~ testIndexPruning(org.apache.jackrabbit.oak.plugins.index.p2.strategy.ContentMirrorStoreStrategyTest)
[Missing child node e on path key/d/e/f]
java.lang.AssertionError: Missing child node e on path key/d/e/f    at org.junit.Assert.fail(Assert.java:88)
    at org.junit.Assert.assertTrue(Assert.java:41)
    at org.apache.jackrabbit.oak.plugins.index.p2.strategy.ContentMirrorStoreStrategyTest.checkPath(ContentMirrorStoreStrategyTest.java:91)
    at org.apache.jackrabbit.oak.plugins.index.p2.strategy.ContentMirrorStoreStrategyTest.testIndexPruning(ContentMirrorStoreStrategyTest.java:67)
    at sun.reflect.NativeMethodAccessorImpl.invoke0(Native Method)
    at sun.reflect.NativeMethodAccessorImpl.invoke(NativeMethodAccessorImpl.java:62)

10:11:51.526 [pool-23-thread-1] DEBUG tests.output - Failing tests with false: 
[testIndexPruning(org.apache.jackrabbit.oak.plugins.index.p2.strategy.ContentMirrorStoreStrategyTest): null]
10:11:51.526 [pool-23-thread-1] DEBUG tests.output - Failing tests with true: 
[testIndexPruning(org.apache.jackrabbit.oak.plugins.index.p2.strategy.ContentMirrorStoreStrategyTest): Missing child node e on path key/d/e/f]
10:11:51.526 [pool-23-thread-1] INFO  f.i.l.r.n.synth.SMTNopolSynthesizer - Not enough specifications: 0. A trivial patch is "true" or "false", please write new tests specifying SourceLocation org.apache.jackrabbit.oak.plugins.index.p2.strategy.ContentMirrorStoreStrategy:52.
10:11:51.526 [pool-2-thread-1] DEBUG fr.inria.lille.repair.nopol.NoPol - statement #14
10:11:51.526 [pool-2-thread-1] DEBUG fr.inria.lille.repair.nopol.NoPol - Analysing SourceLocation org.apache.jackrabbit.oak.plugins.index.p2.strategy.ContentMirrorStoreStrategy:51 which is executed by 1 tests
-1583373091
10:11:51.731 [pool-2-thread-1] DEBUG fr.inria.lille.repair.nopol.NoPol - looking with class fr.inria.lille.repair.nopol.spoon.smt.ConditionalAdder
java.lang.AssertionError: Missing child node e on path key/d/e/f
    at org.junit.Assert.fail(Assert.java:88)
    at org.junit.Assert.assertTrue(Assert.java:41)
    at org.apache.jackrabbit.oak.plugins.index.p2.strategy.ContentMirrorStoreStrategyTest.checkPath(ContentMirrorStoreStrategyTest.java:91)
    at org.apache.jackrabbit.oak.plugins.index.p2.strategy.ContentMirrorStoreStrategyTest.testIndexPruning(ContentMirrorStoreStrategyTest.java:67)
    at sun.reflect.NativeMethodAccessorImpl.invoke0(Native Method)
    at sun.reflect.NativeMethodAccessorImpl.invoke(NativeMethodAccessorImpl.java:62)
10:11:51.776 [pool-28-thread-1] INFO  xxl.java.junit.TestCasesListener - Tests run finished (42 ms)
<> Total tests run: 1
<> Ignored tests: 0
<> Failed tests: 1
~ testIndexPruning(org.apache.jackrabbit.oak.plugins.index.p2.strategy.ContentMirrorStoreStrategyTest)
[Missing child node e on path key/d/e/f]
java.lang.AssertionError: Missing child node e on path key/d/e/f    at org.junit.Assert.fail(Assert.java:88)
    at org.junit.Assert.assertTrue(Assert.java:41)
    at org.apache.jackrabbit.oak.plugins.index.p2.strategy.ContentMirrorStoreStrategyTest.checkPath(ContentMirrorStoreStrategyTest.java:91)
    at org.apache.jackrabbit.oak.plugins.index.p2.strategy.ContentMirrorStoreStrategyTest.testIndexPruning(ContentMirrorStoreStrategyTest.java:67)
    at sun.reflect.NativeMethodAccessorImpl.invoke0(Native Method)
    at sun.reflect.NativeMethodAccessorImpl.invoke(NativeMethodAccessorImpl.java:62)

java.lang.AssertionError: Missing child node e on path key/d/e/f
    at org.junit.Assert.fail(Assert.java:88)
    at org.junit.Assert.assertTrue(Assert.java:41)
    at org.apache.jackrabbit.oak.plugins.index.p2.strategy.ContentMirrorStoreStrategyTest.checkPath(ContentMirrorStoreStrategyTest.java:91)
    at org.apache.jackrabbit.oak.plugins.index.p2.strategy.ContentMirrorStoreStrategyTest.testIndexPruning(ContentMirrorStoreStrategyTest.java:67)
    at sun.reflect.NativeMethodAccessorImpl.invoke0(Native Method)
    at sun.reflect.NativeMethodAccessorImpl.invoke(NativeMethodAccessorImpl.java:62)
10:11:52.258 [pool-29-thread-1] INFO  f.i.l.c.t.SpecificationTestCasesListener - Tests run finished (39 ms)
<> Total tests run: 1
<> Ignored tests: 0
<> Failed tests: 1
~ testIndexPruning(org.apache.jackrabbit.oak.plugins.index.p2.strategy.ContentMirrorStoreStrategyTest)
[Missing child node e on path key/d/e/f]
java.lang.AssertionError: Missing child node e on path key/d/e/f    at org.junit.Assert.fail(Assert.java:88)
    at org.junit.Assert.assertTrue(Assert.java:41)
    at org.apache.jackrabbit.oak.plugins.index.p2.strategy.ContentMirrorStoreStrategyTest.checkPath(ContentMirrorStoreStrategyTest.java:91)
    at org.apache.jackrabbit.oak.plugins.index.p2.strategy.ContentMirrorStoreStrategyTest.testIndexPruning(ContentMirrorStoreStrategyTest.java:67)
    at sun.reflect.NativeMethodAccessorImpl.invoke0(Native Method)
    at sun.reflect.NativeMethodAccessorImpl.invoke(NativeMethodAccessorImpl.java:62)

java.lang.AssertionError: Missing child node e on path key/d/e/f
    at org.junit.Assert.fail(Assert.java:88)
    at org.junit.Assert.assertTrue(Assert.java:41)
    at org.apache.jackrabbit.oak.plugins.index.p2.strategy.ContentMirrorStoreStrategyTest.checkPath(ContentMirrorStoreStrategyTest.java:91)
    at org.apache.jackrabbit.oak.plugins.index.p2.strategy.ContentMirrorStoreStrategyTest.testIndexPruning(ContentMirrorStoreStrategyTest.java:67)
    at sun.reflect.NativeMethodAccessorImpl.invoke0(Native Method)
    at sun.reflect.NativeMethodAccessorImpl.invoke(NativeMethodAccessorImpl.java:62)
10:11:52.266 [pool-30-thread-1] INFO  f.i.l.c.t.SpecificationTestCasesListener - Tests run finished (1 ms)
<> Total tests run: 1
<> Ignored tests: 0
<> Failed tests: 1
~ testIndexPruning(org.apache.jackrabbit.oak.plugins.index.p2.strategy.ContentMirrorStoreStrategyTest)
[Missing child node e on path key/d/e/f]
java.lang.AssertionError: Missing child node e on path key/d/e/f    at org.junit.Assert.fail(Assert.java:88)
    at org.junit.Assert.assertTrue(Assert.java:41)
    at org.apache.jackrabbit.oak.plugins.index.p2.strategy.ContentMirrorStoreStrategyTest.checkPath(ContentMirrorStoreStrategyTest.java:91)
    at org.apache.jackrabbit.oak.plugins.index.p2.strategy.ContentMirrorStoreStrategyTest.testIndexPruning(ContentMirrorStoreStrategyTest.java:67)
    at sun.reflect.NativeMethodAccessorImpl.invoke0(Native Method)
    at sun.reflect.NativeMethodAccessorImpl.invoke(NativeMethodAccessorImpl.java:62)

10:11:52.267 [pool-27-thread-1] DEBUG tests.output - Failing tests with false: 
[testIndexPruning(org.apache.jackrabbit.oak.plugins.index.p2.strategy.ContentMirrorStoreStrategyTest): Missing child node e on path key/d/e/f]
10:11:52.268 [pool-27-thread-1] DEBUG tests.output - Failing tests with true: 
[testIndexPruning(org.apache.jackrabbit.oak.plugins.index.p2.strategy.ContentMirrorStoreStrategyTest): Missing child node e on path key/d/e/f]
10:11:52.268 [pool-27-thread-1] INFO  f.i.l.r.n.synth.SMTNopolSynthesizer - Not enough specifications: 0. A trivial patch is "true" or "false", please write new tests specifying SourceLocation org.apache.jackrabbit.oak.plugins.index.p2.strategy.ContentMirrorStoreStrategy:51.
10:11:52.268 [pool-2-thread-1] DEBUG fr.inria.lille.repair.nopol.NoPol - statement #15
10:11:52.268 [pool-2-thread-1] DEBUG fr.inria.lille.repair.nopol.NoPol - Analysing SourceLocation org.apache.jackrabbit.oak.plugins.index.p2.strategy.ContentMirrorStoreStrategy:50 which is executed by 1 tests
-1583373091
10:11:52.477 [pool-2-thread-1] DEBUG fr.inria.lille.repair.nopol.NoPol - looking with class fr.inria.lille.repair.nopol.spoon.smt.ConditionalAdder
java.lang.AssertionError: Missing child node e on path key/d/e/f
    at org.junit.Assert.fail(Assert.java:88)
    at org.junit.Assert.assertTrue(Assert.java:41)
    at org.apache.jackrabbit.oak.plugins.index.p2.strategy.ContentMirrorStoreStrategyTest.checkPath(ContentMirrorStoreStrategyTest.java:91)
    at org.apache.jackrabbit.oak.plugins.index.p2.strategy.ContentMirrorStoreStrategyTest.testIndexPruning(ContentMirrorStoreStrategyTest.java:67)
    at sun.reflect.NativeMethodAccessorImpl.invoke0(Native Method)
    at sun.reflect.NativeMethodAccessorImpl.invoke(NativeMethodAccessorImpl.java:62)
10:11:52.518 [pool-32-thread-1] INFO  xxl.java.junit.TestCasesListener - Tests run finished (38 ms)
<> Total tests run: 1
<> Ignored tests: 0
<> Failed tests: 1
~ testIndexPruning(org.apache.jackrabbit.oak.plugins.index.p2.strategy.ContentMirrorStoreStrategyTest)
[Missing child node e on path key/d/e/f]
java.lang.AssertionError: Missing child node e on path key/d/e/f    at org.junit.Assert.fail(Assert.java:88)
    at org.junit.Assert.assertTrue(Assert.java:41)
    at org.apache.jackrabbit.oak.plugins.index.p2.strategy.ContentMirrorStoreStrategyTest.checkPath(ContentMirrorStoreStrategyTest.java:91)
    at org.apache.jackrabbit.oak.plugins.index.p2.strategy.ContentMirrorStoreStrategyTest.testIndexPruning(ContentMirrorStoreStrategyTest.java:67)
    at sun.reflect.NativeMethodAccessorImpl.invoke0(Native Method)
    at sun.reflect.NativeMethodAccessorImpl.invoke(NativeMethodAccessorImpl.java:62)

java.lang.AssertionError
    at org.junit.Assert.fail(Assert.java:86)
    at org.junit.Assert.assertTrue(Assert.java:41)
    at org.junit.Assert.assertFalse(Assert.java:64)
    at org.junit.Assert.assertFalse(Assert.java:74)
    at org.apache.jackrabbit.oak.plugins.index.p2.strategy.ContentMirrorStoreStrategyTest.checkNotPath(ContentMirrorStoreStrategyTest.java:110)
    at org.apache.jackrabbit.oak.plugins.index.p2.strategy.ContentMirrorStoreStrategyTest.testIndexPruning(ContentMirrorStoreStrategyTest.java:71)
10:11:52.849 [pool-33-thread-1] INFO  f.i.l.c.t.SpecificationTestCasesListener - Tests run finished (38 ms)
<> Total tests run: 1
<> Ignored tests: 0
<> Failed tests: 1
~ testIndexPruning(org.apache.jackrabbit.oak.plugins.index.p2.strategy.ContentMirrorStoreStrategyTest)
[null]
java.lang.AssertionError    at org.junit.Assert.fail(Assert.java:86)
    at org.junit.Assert.assertTrue(Assert.java:41)
    at org.junit.Assert.assertFalse(Assert.java:64)
    at org.junit.Assert.assertFalse(Assert.java:74)
    at org.apache.jackrabbit.oak.plugins.index.p2.strategy.ContentMirrorStoreStrategyTest.checkNotPath(ContentMirrorStoreStrategyTest.java:110)
    at org.apache.jackrabbit.oak.plugins.index.p2.strategy.ContentMirrorStoreStrategyTest.testIndexPruning(ContentMirrorStoreStrategyTest.java:71)

java.lang.AssertionError: Missing child node e on path key/d/e/f
    at org.junit.Assert.fail(Assert.java:88)
    at org.junit.Assert.assertTrue(Assert.java:41)
    at org.apache.jackrabbit.oak.plugins.index.p2.strategy.ContentMirrorStoreStrategyTest.checkPath(ContentMirrorStoreStrategyTest.java:91)
    at org.apache.jackrabbit.oak.plugins.index.p2.strategy.ContentMirrorStoreStrategyTest.testIndexPruning(ContentMirrorStoreStrategyTest.java:67)
    at sun.reflect.NativeMethodAccessorImpl.invoke0(Native Method)
    at sun.reflect.NativeMethodAccessorImpl.invoke(NativeMethodAccessorImpl.java:62)
10:11:52.852 [pool-34-thread-1] INFO  f.i.l.c.t.SpecificationTestCasesListener - Tests run finished (2 ms)
<> Total tests run: 1
<> Ignored tests: 0
<> Failed tests: 1
~ testIndexPruning(org.apache.jackrabbit.oak.plugins.index.p2.strategy.ContentMirrorStoreStrategyTest)
[Missing child node e on path key/d/e/f]
java.lang.AssertionError: Missing child node e on path key/d/e/f    at org.junit.Assert.fail(Assert.java:88)
    at org.junit.Assert.assertTrue(Assert.java:41)
    at org.apache.jackrabbit.oak.plugins.index.p2.strategy.ContentMirrorStoreStrategyTest.checkPath(ContentMirrorStoreStrategyTest.java:91)
    at org.apache.jackrabbit.oak.plugins.index.p2.strategy.ContentMirrorStoreStrategyTest.testIndexPruning(ContentMirrorStoreStrategyTest.java:67)
    at sun.reflect.NativeMethodAccessorImpl.invoke0(Native Method)
    at sun.reflect.NativeMethodAccessorImpl.invoke(NativeMethodAccessorImpl.java:62)

10:11:52.854 [pool-31-thread-1] DEBUG tests.output - Failing tests with false: 
[testIndexPruning(org.apache.jackrabbit.oak.plugins.index.p2.strategy.ContentMirrorStoreStrategyTest): null]
10:11:52.854 [pool-31-thread-1] DEBUG tests.output - Failing tests with true: 
[testIndexPruning(org.apache.jackrabbit.oak.plugins.index.p2.strategy.ContentMirrorStoreStrategyTest): Missing child node e on path key/d/e/f]
10:11:52.854 [pool-31-thread-1] INFO  f.i.l.r.n.synth.SMTNopolSynthesizer - Not enough specifications: 0. A trivial patch is "true" or "false", please write new tests specifying SourceLocation org.apache.jackrabbit.oak.plugins.index.p2.strategy.ContentMirrorStoreStrategy:50.
10:11:52.854 [pool-2-thread-1] DEBUG fr.inria.lille.repair.nopol.NoPol - looking with class fr.inria.lille.repair.nopol.spoon.smt.ConditionalReplacer
java.lang.AssertionError: Missing child node e on path key/d/e/f
    at org.junit.Assert.fail(Assert.java:88)
    at org.junit.Assert.assertTrue(Assert.java:41)
    at org.apache.jackrabbit.oak.plugins.index.p2.strategy.ContentMirrorStoreStrategyTest.checkPath(ContentMirrorStoreStrategyTest.java:91)
    at org.apache.jackrabbit.oak.plugins.index.p2.strategy.ContentMirrorStoreStrategyTest.testIndexPruning(ContentMirrorStoreStrategyTest.java:67)
    at sun.reflect.NativeMethodAccessorImpl.invoke0(Native Method)
    at sun.reflect.NativeMethodAccessorImpl.invoke(NativeMethodAccessorImpl.java:62)
10:11:52.895 [pool-36-thread-1] INFO  xxl.java.junit.TestCasesListener - Tests run finished (38 ms)
<> Total tests run: 1
<> Ignored tests: 0
<> Failed tests: 1
~ testIndexPruning(org.apache.jackrabbit.oak.plugins.index.p2.strategy.ContentMirrorStoreStrategyTest)
[Missing child node e on path key/d/e/f]
java.lang.AssertionError: Missing child node e on path key/d/e/f    at org.junit.Assert.fail(Assert.java:88)
    at org.junit.Assert.assertTrue(Assert.java:41)
    at org.apache.jackrabbit.oak.plugins.index.p2.strategy.ContentMirrorStoreStrategyTest.checkPath(ContentMirrorStoreStrategyTest.java:91)
    at org.apache.jackrabbit.oak.plugins.index.p2.strategy.ContentMirrorStoreStrategyTest.testIndexPruning(ContentMirrorStoreStrategyTest.java:67)
    at sun.reflect.NativeMethodAccessorImpl.invoke0(Native Method)
    at sun.reflect.NativeMethodAccessorImpl.invoke(NativeMethodAccessorImpl.java:62)

java.lang.AssertionError: Missing child node d on path key/d/e/f
    at org.junit.Assert.fail(Assert.java:88)
    at org.junit.Assert.assertTrue(Assert.java:41)
    at org.apache.jackrabbit.oak.plugins.index.p2.strategy.ContentMirrorStoreStrategyTest.checkPath(ContentMirrorStoreStrategyTest.java:91)
    at org.apache.jackrabbit.oak.plugins.index.p2.strategy.ContentMirrorStoreStrategyTest.testIndexPruning(ContentMirrorStoreStrategyTest.java:67)
    at sun.reflect.NativeMethodAccessorImpl.invoke0(Native Method)
    at sun.reflect.NativeMethodAccessorImpl.invoke(NativeMethodAccessorImpl.java:62)
10:11:53.219 [pool-37-thread-1] INFO  f.i.l.c.t.SpecificationTestCasesListener - Tests run finished (38 ms)
<> Total tests run: 1
<> Ignored tests: 0
<> Failed tests: 1
~ testIndexPruning(org.apache.jackrabbit.oak.plugins.index.p2.strategy.ContentMirrorStoreStrategyTest)
[Missing child node d on path key/d/e/f]
java.lang.AssertionError: Missing child node d on path key/d/e/f    at org.junit.Assert.fail(Assert.java:88)
    at org.junit.Assert.assertTrue(Assert.java:41)
    at org.apache.jackrabbit.oak.plugins.index.p2.strategy.ContentMirrorStoreStrategyTest.checkPath(ContentMirrorStoreStrategyTest.java:91)
    at org.apache.jackrabbit.oak.plugins.index.p2.strategy.ContentMirrorStoreStrategyTest.testIndexPruning(ContentMirrorStoreStrategyTest.java:67)
    at sun.reflect.NativeMethodAccessorImpl.invoke0(Native Method)
    at sun.reflect.NativeMethodAccessorImpl.invoke(NativeMethodAccessorImpl.java:62)

java.lang.AssertionError
    at org.junit.Assert.fail(Assert.java:86)
    at org.junit.Assert.assertTrue(Assert.java:41)
    at org.junit.Assert.assertFalse(Assert.java:64)
    at org.junit.Assert.assertFalse(Assert.java:74)
    at org.apache.jackrabbit.oak.plugins.index.p2.strategy.ContentMirrorStoreStrategyTest.checkNotPath(ContentMirrorStoreStrategyTest.java:110)
    at org.apache.jackrabbit.oak.plugins.index.p2.strategy.ContentMirrorStoreStrategyTest.testIndexPruning(ContentMirrorStoreStrategyTest.java:71)
10:11:53.223 [pool-38-thread-1] INFO  f.i.l.c.t.SpecificationTestCasesListener - Tests run finished (1 ms)
<> Total tests run: 1
<> Ignored tests: 0
<> Failed tests: 1
~ testIndexPruning(org.apache.jackrabbit.oak.plugins.index.p2.strategy.ContentMirrorStoreStrategyTest)
[null]
java.lang.AssertionError    at org.junit.Assert.fail(Assert.java:86)
    at org.junit.Assert.assertTrue(Assert.java:41)
    at org.junit.Assert.assertFalse(Assert.java:64)
    at org.junit.Assert.assertFalse(Assert.java:74)
    at org.apache.jackrabbit.oak.plugins.index.p2.strategy.ContentMirrorStoreStrategyTest.checkNotPath(ContentMirrorStoreStrategyTest.java:110)
    at org.apache.jackrabbit.oak.plugins.index.p2.strategy.ContentMirrorStoreStrategyTest.testIndexPruning(ContentMirrorStoreStrategyTest.java:71)

10:11:53.223 [pool-35-thread-1] DEBUG tests.output - Failing tests with false: 
[testIndexPruning(org.apache.jackrabbit.oak.plugins.index.p2.strategy.ContentMirrorStoreStrategyTest): Missing child node d on path key/d/e/f]
10:11:53.223 [pool-35-thread-1] DEBUG tests.output - Failing tests with true: 
[testIndexPruning(org.apache.jackrabbit.oak.plugins.index.p2.strategy.ContentMirrorStoreStrategyTest): null]
10:11:53.223 [pool-35-thread-1] INFO  f.i.l.r.n.synth.SMTNopolSynthesizer - Not enough specifications: 0. A trivial patch is "true" or "false", please write new tests specifying SourceLocation org.apache.jackrabbit.oak.plugins.index.p2.strategy.ContentMirrorStoreStrategy:50.
10:11:53.223 [pool-2-thread-1] DEBUG fr.inria.lille.repair.nopol.NoPol - statement #16
10:11:53.223 [pool-2-thread-1] DEBUG fr.inria.lille.repair.nopol.NoPol - Analysing SourceLocation org.apache.jackrabbit.oak.plugins.index.p2.strategy.ContentMirrorStoreStrategy:49 which is executed by 1 tests
-1583373091
10:11:53.389 [pool-2-thread-1] DEBUG fr.inria.lille.repair.nopol.NoPol - statement #17
10:11:53.389 [pool-2-thread-1] DEBUG fr.inria.lille.repair.nopol.NoPol - Analysing SourceLocation org.apache.jackrabbit.oak.plugins.index.p2.strategy.ContentMirrorStoreStrategy:48 which is executed by 1 tests
-1583373091
10:11:53.556 [pool-2-thread-1] DEBUG fr.inria.lille.repair.nopol.NoPol - looking with class fr.inria.lille.repair.nopol.spoon.smt.ConditionalAdder
java.lang.AssertionError: Missing child node e on path key/d/e/f
    at org.junit.Assert.fail(Assert.java:88)
    at org.junit.Assert.assertTrue(Assert.java:41)
    at org.apache.jackrabbit.oak.plugins.index.p2.strategy.ContentMirrorStoreStrategyTest.checkPath(ContentMirrorStoreStrategyTest.java:91)
    at org.apache.jackrabbit.oak.plugins.index.p2.strategy.ContentMirrorStoreStrategyTest.testIndexPruning(ContentMirrorStoreStrategyTest.java:67)
    at sun.reflect.NativeMethodAccessorImpl.invoke0(Native Method)
    at sun.reflect.NativeMethodAccessorImpl.invoke(NativeMethodAccessorImpl.java:62)
10:11:53.597 [pool-40-thread-1] INFO  xxl.java.junit.TestCasesListener - Tests run finished (39 ms)
<> Total tests run: 1
<> Ignored tests: 0
<> Failed tests: 1
~ testIndexPruning(org.apache.jackrabbit.oak.plugins.index.p2.strategy.ContentMirrorStoreStrategyTest)
[Missing child node e on path key/d/e/f]
java.lang.AssertionError: Missing child node e on path key/d/e/f    at org.junit.Assert.fail(Assert.java:88)
    at org.junit.Assert.assertTrue(Assert.java:41)
    at org.apache.jackrabbit.oak.plugins.index.p2.strategy.ContentMirrorStoreStrategyTest.checkPath(ContentMirrorStoreStrategyTest.java:91)
    at org.apache.jackrabbit.oak.plugins.index.p2.strategy.ContentMirrorStoreStrategyTest.testIndexPruning(ContentMirrorStoreStrategyTest.java:67)
    at sun.reflect.NativeMethodAccessorImpl.invoke0(Native Method)
    at sun.reflect.NativeMethodAccessorImpl.invoke(NativeMethodAccessorImpl.java:62)

java.lang.AssertionError
    at org.junit.Assert.fail(Assert.java:86)
    at org.junit.Assert.assertTrue(Assert.java:41)
    at org.junit.Assert.assertFalse(Assert.java:64)
    at org.junit.Assert.assertFalse(Assert.java:74)
    at org.apache.jackrabbit.oak.plugins.index.p2.strategy.ContentMirrorStoreStrategyTest.checkNotPath(ContentMirrorStoreStrategyTest.java:110)
    at org.apache.jackrabbit.oak.plugins.index.p2.strategy.ContentMirrorStoreStrategyTest.testIndexPruning(ContentMirrorStoreStrategyTest.java:71)
10:11:53.922 [pool-41-thread-1] INFO  f.i.l.c.t.SpecificationTestCasesListener - Tests run finished (40 ms)
<> Total tests run: 1
<> Ignored tests: 0
<> Failed tests: 1
~ testIndexPruning(org.apache.jackrabbit.oak.plugins.index.p2.strategy.ContentMirrorStoreStrategyTest)
[null]
java.lang.AssertionError    at org.junit.Assert.fail(Assert.java:86)
    at org.junit.Assert.assertTrue(Assert.java:41)
    at org.junit.Assert.assertFalse(Assert.java:64)
    at org.junit.Assert.assertFalse(Assert.java:74)
    at org.apache.jackrabbit.oak.plugins.index.p2.strategy.ContentMirrorStoreStrategyTest.checkNotPath(ContentMirrorStoreStrategyTest.java:110)
    at org.apache.jackrabbit.oak.plugins.index.p2.strategy.ContentMirrorStoreStrategyTest.testIndexPruning(ContentMirrorStoreStrategyTest.java:71)

java.lang.AssertionError: Missing child node e on path key/d/e/f
    at org.junit.Assert.fail(Assert.java:88)
    at org.junit.Assert.assertTrue(Assert.java:41)
    at org.apache.jackrabbit.oak.plugins.index.p2.strategy.ContentMirrorStoreStrategyTest.checkPath(ContentMirrorStoreStrategyTest.java:91)
    at org.apache.jackrabbit.oak.plugins.index.p2.strategy.ContentMirrorStoreStrategyTest.testIndexPruning(ContentMirrorStoreStrategyTest.java:67)
    at sun.reflect.NativeMethodAccessorImpl.invoke0(Native Method)
    at sun.reflect.NativeMethodAccessorImpl.invoke(NativeMethodAccessorImpl.java:62)
10:11:53.924 [pool-42-thread-1] INFO  f.i.l.c.t.SpecificationTestCasesListener - Tests run finished (1 ms)
<> Total tests run: 1
<> Ignored tests: 0
<> Failed tests: 1
~ testIndexPruning(org.apache.jackrabbit.oak.plugins.index.p2.strategy.ContentMirrorStoreStrategyTest)
[Missing child node e on path key/d/e/f]
java.lang.AssertionError: Missing child node e on path key/d/e/f    at org.junit.Assert.fail(Assert.java:88)
    at org.junit.Assert.assertTrue(Assert.java:41)
    at org.apache.jackrabbit.oak.plugins.index.p2.strategy.ContentMirrorStoreStrategyTest.checkPath(ContentMirrorStoreStrategyTest.java:91)
    at org.apache.jackrabbit.oak.plugins.index.p2.strategy.ContentMirrorStoreStrategyTest.testIndexPruning(ContentMirrorStoreStrategyTest.java:67)
    at sun.reflect.NativeMethodAccessorImpl.invoke0(Native Method)
    at sun.reflect.NativeMethodAccessorImpl.invoke(NativeMethodAccessorImpl.java:62)

10:11:53.924 [pool-39-thread-1] DEBUG tests.output - Failing tests with false: 
[testIndexPruning(org.apache.jackrabbit.oak.plugins.index.p2.strategy.ContentMirrorStoreStrategyTest): null]
10:11:53.924 [pool-39-thread-1] DEBUG tests.output - Failing tests with true: 
[testIndexPruning(org.apache.jackrabbit.oak.plugins.index.p2.strategy.ContentMirrorStoreStrategyTest): Missing child node e on path key/d/e/f]
10:11:53.924 [pool-39-thread-1] INFO  f.i.l.r.n.synth.SMTNopolSynthesizer - Not enough specifications: 0. A trivial patch is "true" or "false", please write new tests specifying SourceLocation org.apache.jackrabbit.oak.plugins.index.p2.strategy.ContentMirrorStoreStrategy:48.
10:11:53.924 [pool-2-thread-1] DEBUG fr.inria.lille.repair.nopol.NoPol - statement #18
10:11:53.925 [pool-2-thread-1] DEBUG fr.inria.lille.repair.nopol.NoPol - Analysing SourceLocation org.apache.jackrabbit.oak.plugins.index.p2.strategy.ContentMirrorStoreStrategy:47 which is executed by 1 tests
-1583373091
10:11:54.094 [pool-2-thread-1] DEBUG fr.inria.lille.repair.nopol.NoPol - statement #19
10:11:54.094 [pool-2-thread-1] DEBUG fr.inria.lille.repair.nopol.NoPol - Analysing SourceLocation org.apache.jackrabbit.oak.plugins.index.p2.strategy.ContentMirrorStoreStrategy:46 which is executed by 1 tests
-1583373091
10:11:54.262 [pool-2-thread-1] DEBUG fr.inria.lille.repair.nopol.NoPol - statement #20
10:11:54.262 [pool-2-thread-1] DEBUG fr.inria.lille.repair.nopol.NoPol - Analysing SourceLocation org.apache.jackrabbit.oak.plugins.index.p2.strategy.ContentMirrorStoreStrategy:44 which is executed by 1 tests
-1583373091
10:11:54.477 [pool-2-thread-1] DEBUG fr.inria.lille.repair.nopol.NoPol - looking with class fr.inria.lille.repair.nopol.spoon.smt.ConditionalAdder
java.lang.AssertionError: Missing child node e on path key/d/e/f
    at org.junit.Assert.fail(Assert.java:88)
    at org.junit.Assert.assertTrue(Assert.java:41)
    at org.apache.jackrabbit.oak.plugins.index.p2.strategy.ContentMirrorStoreStrategyTest.checkPath(ContentMirrorStoreStrategyTest.java:91)
    at org.apache.jackrabbit.oak.plugins.index.p2.strategy.ContentMirrorStoreStrategyTest.testIndexPruning(ContentMirrorStoreStrategyTest.java:67)
    at sun.reflect.NativeMethodAccessorImpl.invoke0(Native Method)
    at sun.reflect.NativeMethodAccessorImpl.invoke(NativeMethodAccessorImpl.java:62)
10:11:54.517 [pool-44-thread-1] INFO  xxl.java.junit.TestCasesListener - Tests run finished (38 ms)
<> Total tests run: 1
<> Ignored tests: 0
<> Failed tests: 1
~ testIndexPruning(org.apache.jackrabbit.oak.plugins.index.p2.strategy.ContentMirrorStoreStrategyTest)
[Missing child node e on path key/d/e/f]
java.lang.AssertionError: Missing child node e on path key/d/e/f    at org.junit.Assert.fail(Assert.java:88)
    at org.junit.Assert.assertTrue(Assert.java:41)
    at org.apache.jackrabbit.oak.plugins.index.p2.strategy.ContentMirrorStoreStrategyTest.checkPath(ContentMirrorStoreStrategyTest.java:91)
    at org.apache.jackrabbit.oak.plugins.index.p2.strategy.ContentMirrorStoreStrategyTest.testIndexPruning(ContentMirrorStoreStrategyTest.java:67)
    at sun.reflect.NativeMethodAccessorImpl.invoke0(Native Method)
    at sun.reflect.NativeMethodAccessorImpl.invoke(NativeMethodAccessorImpl.java:62)

java.lang.AssertionError: Missing child node e on path key/d/e/f
    at org.junit.Assert.fail(Assert.java:88)
    at org.junit.Assert.assertTrue(Assert.java:41)
    at org.apache.jackrabbit.oak.plugins.index.p2.strategy.ContentMirrorStoreStrategyTest.checkPath(ContentMirrorStoreStrategyTest.java:91)
    at org.apache.jackrabbit.oak.plugins.index.p2.strategy.ContentMirrorStoreStrategyTest.testIndexPruning(ContentMirrorStoreStrategyTest.java:67)
    at sun.reflect.NativeMethodAccessorImpl.invoke0(Native Method)
    at sun.reflect.NativeMethodAccessorImpl.invoke(NativeMethodAccessorImpl.java:62)
10:11:54.838 [pool-45-thread-1] INFO  f.i.l.c.t.SpecificationTestCasesListener - Tests run finished (39 ms)
<> Total tests run: 1
<> Ignored tests: 0
<> Failed tests: 1
~ testIndexPruning(org.apache.jackrabbit.oak.plugins.index.p2.strategy.ContentMirrorStoreStrategyTest)
[Missing child node e on path key/d/e/f]
java.lang.AssertionError: Missing child node e on path key/d/e/f    at org.junit.Assert.fail(Assert.java:88)
    at org.junit.Assert.assertTrue(Assert.java:41)
    at org.apache.jackrabbit.oak.plugins.index.p2.strategy.ContentMirrorStoreStrategyTest.checkPath(ContentMirrorStoreStrategyTest.java:91)
    at org.apache.jackrabbit.oak.plugins.index.p2.strategy.ContentMirrorStoreStrategyTest.testIndexPruning(ContentMirrorStoreStrategyTest.java:67)
    at sun.reflect.NativeMethodAccessorImpl.invoke0(Native Method)
    at sun.reflect.NativeMethodAccessorImpl.invoke(NativeMethodAccessorImpl.java:62)

java.lang.AssertionError: Missing child node e on path key/d/e/f
    at org.junit.Assert.fail(Assert.java:88)
    at org.junit.Assert.assertTrue(Assert.java:41)
    at org.apache.jackrabbit.oak.plugins.index.p2.strategy.ContentMirrorStoreStrategyTest.checkPath(ContentMirrorStoreStrategyTest.java:91)
    at org.apache.jackrabbit.oak.plugins.index.p2.strategy.ContentMirrorStoreStrategyTest.testIndexPruning(ContentMirrorStoreStrategyTest.java:67)
    at sun.reflect.NativeMethodAccessorImpl.invoke0(Native Method)
    at sun.reflect.NativeMethodAccessorImpl.invoke(NativeMethodAccessorImpl.java:62)
10:11:54.840 [pool-46-thread-1] INFO  f.i.l.c.t.SpecificationTestCasesListener - Tests run finished (1 ms)
<> Total tests run: 1
<> Ignored tests: 0
<> Failed tests: 1
~ testIndexPruning(org.apache.jackrabbit.oak.plugins.index.p2.strategy.ContentMirrorStoreStrategyTest)
[Missing child node e on path key/d/e/f]
java.lang.AssertionError: Missing child node e on path key/d/e/f    at org.junit.Assert.fail(Assert.java:88)
    at org.junit.Assert.assertTrue(Assert.java:41)
    at org.apache.jackrabbit.oak.plugins.index.p2.strategy.ContentMirrorStoreStrategyTest.checkPath(ContentMirrorStoreStrategyTest.java:91)
    at org.apache.jackrabbit.oak.plugins.index.p2.strategy.ContentMirrorStoreStrategyTest.testIndexPruning(ContentMirrorStoreStrategyTest.java:67)
    at sun.reflect.NativeMethodAccessorImpl.invoke0(Native Method)
    at sun.reflect.NativeMethodAccessorImpl.invoke(NativeMethodAccessorImpl.java:62)

10:11:54.840 [pool-43-thread-1] DEBUG tests.output - Failing tests with false: 
[testIndexPruning(org.apache.jackrabbit.oak.plugins.index.p2.strategy.ContentMirrorStoreStrategyTest): Missing child node e on path key/d/e/f]
10:11:54.841 [pool-43-thread-1] DEBUG tests.output - Failing tests with true: 
[testIndexPruning(org.apache.jackrabbit.oak.plugins.index.p2.strategy.ContentMirrorStoreStrategyTest): Missing child node e on path key/d/e/f]
10:11:54.841 [pool-43-thread-1] INFO  f.i.l.r.n.synth.SMTNopolSynthesizer - Not enough specifications: 0. A trivial patch is "true" or "false", please write new tests specifying SourceLocation org.apache.jackrabbit.oak.plugins.index.p2.strategy.ContentMirrorStoreStrategy:44.
10:11:54.841 [pool-2-thread-1] DEBUG fr.inria.lille.repair.nopol.NoPol - statement #21
10:11:54.841 [pool-2-thread-1] DEBUG fr.inria.lille.repair.nopol.NoPol - Analysing SourceLocation org.apache.jackrabbit.oak.plugins.index.p2.strategy.ContentMirrorStoreStrategy:43 which is executed by 1 tests
-1583373091
10:11:55.007 [pool-2-thread-1] DEBUG fr.inria.lille.repair.nopol.NoPol - looking with class fr.inria.lille.repair.nopol.spoon.smt.ConditionalAdder
java.lang.AssertionError: Missing child node e on path key/d/e/f
    at org.junit.Assert.fail(Assert.java:88)
    at org.junit.Assert.assertTrue(Assert.java:41)
    at org.apache.jackrabbit.oak.plugins.index.p2.strategy.ContentMirrorStoreStrategyTest.checkPath(ContentMirrorStoreStrategyTest.java:91)
    at org.apache.jackrabbit.oak.plugins.index.p2.strategy.ContentMirrorStoreStrategyTest.testIndexPruning(ContentMirrorStoreStrategyTest.java:67)
    at sun.reflect.NativeMethodAccessorImpl.invoke0(Native Method)
    at sun.reflect.NativeMethodAccessorImpl.invoke(NativeMethodAccessorImpl.java:62)
10:11:55.048 [pool-48-thread-1] INFO  xxl.java.junit.TestCasesListener - Tests run finished (39 ms)
<> Total tests run: 1
<> Ignored tests: 0
<> Failed tests: 1
~ testIndexPruning(org.apache.jackrabbit.oak.plugins.index.p2.strategy.ContentMirrorStoreStrategyTest)
[Missing child node e on path key/d/e/f]
java.lang.AssertionError: Missing child node e on path key/d/e/f    at org.junit.Assert.fail(Assert.java:88)
    at org.junit.Assert.assertTrue(Assert.java:41)
    at org.apache.jackrabbit.oak.plugins.index.p2.strategy.ContentMirrorStoreStrategyTest.checkPath(ContentMirrorStoreStrategyTest.java:91)
    at org.apache.jackrabbit.oak.plugins.index.p2.strategy.ContentMirrorStoreStrategyTest.testIndexPruning(ContentMirrorStoreStrategyTest.java:67)
    at sun.reflect.NativeMethodAccessorImpl.invoke0(Native Method)
    at sun.reflect.NativeMethodAccessorImpl.invoke(NativeMethodAccessorImpl.java:62)

java.lang.AssertionError
    at org.junit.Assert.fail(Assert.java:86)
    at org.junit.Assert.assertTrue(Assert.java:41)
    at org.junit.Assert.assertFalse(Assert.java:64)
    at org.junit.Assert.assertFalse(Assert.java:74)
    at org.apache.jackrabbit.oak.plugins.index.p2.strategy.ContentMirrorStoreStrategyTest.checkNotPath(ContentMirrorStoreStrategyTest.java:110)
    at org.apache.jackrabbit.oak.plugins.index.p2.strategy.ContentMirrorStoreStrategyTest.testIndexPruning(ContentMirrorStoreStrategyTest.java:71)
10:11:55.357 [pool-49-thread-1] INFO  f.i.l.c.t.SpecificationTestCasesListener - Tests run finished (39 ms)
<> Total tests run: 1
<> Ignored tests: 0
<> Failed tests: 1
~ testIndexPruning(org.apache.jackrabbit.oak.plugins.index.p2.strategy.ContentMirrorStoreStrategyTest)
[null]
java.lang.AssertionError    at org.junit.Assert.fail(Assert.java:86)
    at org.junit.Assert.assertTrue(Assert.java:41)
    at org.junit.Assert.assertFalse(Assert.java:64)
    at org.junit.Assert.assertFalse(Assert.java:74)
    at org.apache.jackrabbit.oak.plugins.index.p2.strategy.ContentMirrorStoreStrategyTest.checkNotPath(ContentMirrorStoreStrategyTest.java:110)
    at org.apache.jackrabbit.oak.plugins.index.p2.strategy.ContentMirrorStoreStrategyTest.testIndexPruning(ContentMirrorStoreStrategyTest.java:71)

java.lang.AssertionError: Missing child node e on path key/d/e/f
    at org.junit.Assert.fail(Assert.java:88)
    at org.junit.Assert.assertTrue(Assert.java:41)
    at org.apache.jackrabbit.oak.plugins.index.p2.strategy.ContentMirrorStoreStrategyTest.checkPath(ContentMirrorStoreStrategyTest.java:91)
    at org.apache.jackrabbit.oak.plugins.index.p2.strategy.ContentMirrorStoreStrategyTest.testIndexPruning(ContentMirrorStoreStrategyTest.java:67)
    at sun.reflect.NativeMethodAccessorImpl.invoke0(Native Method)
    at sun.reflect.NativeMethodAccessorImpl.invoke(NativeMethodAccessorImpl.java:62)
10:11:55.362 [pool-50-thread-1] INFO  f.i.l.c.t.SpecificationTestCasesListener - Tests run finished (1 ms)
<> Total tests run: 1
<> Ignored tests: 0
<> Failed tests: 1
~ testIndexPruning(org.apache.jackrabbit.oak.plugins.index.p2.strategy.ContentMirrorStoreStrategyTest)
[Missing child node e on path key/d/e/f]
java.lang.AssertionError: Missing child node e on path key/d/e/f    at org.junit.Assert.fail(Assert.java:88)
    at org.junit.Assert.assertTrue(Assert.java:41)
    at org.apache.jackrabbit.oak.plugins.index.p2.strategy.ContentMirrorStoreStrategyTest.checkPath(ContentMirrorStoreStrategyTest.java:91)
    at org.apache.jackrabbit.oak.plugins.index.p2.strategy.ContentMirrorStoreStrategyTest.testIndexPruning(ContentMirrorStoreStrategyTest.java:67)
    at sun.reflect.NativeMethodAccessorImpl.invoke0(Native Method)
    at sun.reflect.NativeMethodAccessorImpl.invoke(NativeMethodAccessorImpl.java:62)

10:11:55.363 [pool-47-thread-1] DEBUG tests.output - Failing tests with false: 
[testIndexPruning(org.apache.jackrabbit.oak.plugins.index.p2.strategy.ContentMirrorStoreStrategyTest): null]
10:11:55.363 [pool-47-thread-1] DEBUG tests.output - Failing tests with true: 
[testIndexPruning(org.apache.jackrabbit.oak.plugins.index.p2.strategy.ContentMirrorStoreStrategyTest): Missing child node e on path key/d/e/f]
10:11:55.363 [pool-47-thread-1] INFO  f.i.l.r.n.synth.SMTNopolSynthesizer - Not enough specifications: 0. A trivial patch is "true" or "false", please write new tests specifying SourceLocation org.apache.jackrabbit.oak.plugins.index.p2.strategy.ContentMirrorStoreStrategy:43.
10:11:55.363 [pool-2-thread-1] DEBUG fr.inria.lille.repair.nopol.NoPol - looking with class fr.inria.lille.repair.nopol.spoon.smt.ConditionalReplacer
java.lang.AssertionError: Missing child node e on path key/d/e/f
    at org.junit.Assert.fail(Assert.java:88)
    at org.junit.Assert.assertTrue(Assert.java:41)
    at org.apache.jackrabbit.oak.plugins.index.p2.strategy.ContentMirrorStoreStrategyTest.checkPath(ContentMirrorStoreStrategyTest.java:91)
    at org.apache.jackrabbit.oak.plugins.index.p2.strategy.ContentMirrorStoreStrategyTest.testIndexPruning(ContentMirrorStoreStrategyTest.java:67)
    at sun.reflect.NativeMethodAccessorImpl.invoke0(Native Method)
    at sun.reflect.NativeMethodAccessorImpl.invoke(NativeMethodAccessorImpl.java:62)
10:11:55.402 [pool-52-thread-1] INFO  xxl.java.junit.TestCasesListener - Tests run finished (37 ms)
<> Total tests run: 1
<> Ignored tests: 0
<> Failed tests: 1
~ testIndexPruning(org.apache.jackrabbit.oak.plugins.index.p2.strategy.ContentMirrorStoreStrategyTest)
[Missing child node e on path key/d/e/f]
java.lang.AssertionError: Missing child node e on path key/d/e/f    at org.junit.Assert.fail(Assert.java:88)
    at org.junit.Assert.assertTrue(Assert.java:41)
    at org.apache.jackrabbit.oak.plugins.index.p2.strategy.ContentMirrorStoreStrategyTest.checkPath(ContentMirrorStoreStrategyTest.java:91)
    at org.apache.jackrabbit.oak.plugins.index.p2.strategy.ContentMirrorStoreStrategyTest.testIndexPruning(ContentMirrorStoreStrategyTest.java:67)
    at sun.reflect.NativeMethodAccessorImpl.invoke0(Native Method)
    at sun.reflect.NativeMethodAccessorImpl.invoke(NativeMethodAccessorImpl.java:62)

java.lang.AssertionError: Missing child node e on path key/d/e/f
    at org.junit.Assert.fail(Assert.java:88)
    at org.junit.Assert.assertTrue(Assert.java:41)
    at org.apache.jackrabbit.oak.plugins.index.p2.strategy.ContentMirrorStoreStrategyTest.checkPath(ContentMirrorStoreStrategyTest.java:91)
    at org.apache.jackrabbit.oak.plugins.index.p2.strategy.ContentMirrorStoreStrategyTest.testIndexPruning(ContentMirrorStoreStrategyTest.java:67)
    at sun.reflect.NativeMethodAccessorImpl.invoke0(Native Method)
    at sun.reflect.NativeMethodAccessorImpl.invoke(NativeMethodAccessorImpl.java:62)
10:11:55.712 [pool-53-thread-1] INFO  f.i.l.c.t.SpecificationTestCasesListener - Tests run finished (38 ms)
<> Total tests run: 1
<> Ignored tests: 0
<> Failed tests: 1
~ testIndexPruning(org.apache.jackrabbit.oak.plugins.index.p2.strategy.ContentMirrorStoreStrategyTest)
[Missing child node e on path key/d/e/f]
java.lang.AssertionError: Missing child node e on path key/d/e/f    at org.junit.Assert.fail(Assert.java:88)
    at org.junit.Assert.assertTrue(Assert.java:41)
    at org.apache.jackrabbit.oak.plugins.index.p2.strategy.ContentMirrorStoreStrategyTest.checkPath(ContentMirrorStoreStrategyTest.java:91)
    at org.apache.jackrabbit.oak.plugins.index.p2.strategy.ContentMirrorStoreStrategyTest.testIndexPruning(ContentMirrorStoreStrategyTest.java:67)
    at sun.reflect.NativeMethodAccessorImpl.invoke0(Native Method)
    at sun.reflect.NativeMethodAccessorImpl.invoke(NativeMethodAccessorImpl.java:62)

java.lang.AssertionError
    at org.junit.Assert.fail(Assert.java:86)
    at org.junit.Assert.assertTrue(Assert.java:41)
    at org.junit.Assert.assertFalse(Assert.java:64)
    at org.junit.Assert.assertFalse(Assert.java:74)
    at org.apache.jackrabbit.oak.plugins.index.p2.strategy.ContentMirrorStoreStrategyTest.checkNotPath(ContentMirrorStoreStrategyTest.java:110)
    at org.apache.jackrabbit.oak.plugins.index.p2.strategy.ContentMirrorStoreStrategyTest.testIndexPruning(ContentMirrorStoreStrategyTest.java:71)
10:11:55.714 [pool-54-thread-1] INFO  f.i.l.c.t.SpecificationTestCasesListener - Tests run finished (1 ms)
<> Total tests run: 1
<> Ignored tests: 0
<> Failed tests: 1
~ testIndexPruning(org.apache.jackrabbit.oak.plugins.index.p2.strategy.ContentMirrorStoreStrategyTest)
[null]
java.lang.AssertionError    at org.junit.Assert.fail(Assert.java:86)
    at org.junit.Assert.assertTrue(Assert.java:41)
    at org.junit.Assert.assertFalse(Assert.java:64)
    at org.junit.Assert.assertFalse(Assert.java:74)
    at org.apache.jackrabbit.oak.plugins.index.p2.strategy.ContentMirrorStoreStrategyTest.checkNotPath(ContentMirrorStoreStrategyTest.java:110)
    at org.apache.jackrabbit.oak.plugins.index.p2.strategy.ContentMirrorStoreStrategyTest.testIndexPruning(ContentMirrorStoreStrategyTest.java:71)

10:11:55.715 [pool-51-thread-1] DEBUG tests.output - Failing tests with false: 
[testIndexPruning(org.apache.jackrabbit.oak.plugins.index.p2.strategy.ContentMirrorStoreStrategyTest): Missing child node e on path key/d/e/f]
10:11:55.715 [pool-51-thread-1] DEBUG tests.output - Failing tests with true: 
[testIndexPruning(org.apache.jackrabbit.oak.plugins.index.p2.strategy.ContentMirrorStoreStrategyTest): null]
10:11:55.715 [pool-51-thread-1] INFO  f.i.l.r.n.synth.SMTNopolSynthesizer - Not enough specifications: 0. A trivial patch is "true" or "false", please write new tests specifying SourceLocation org.apache.jackrabbit.oak.plugins.index.p2.strategy.ContentMirrorStoreStrategy:43.
10:11:55.715 [pool-2-thread-1] DEBUG fr.inria.lille.repair.nopol.NoPol - statement #22
10:11:55.715 [pool-2-thread-1] DEBUG fr.inria.lille.repair.nopol.NoPol - Analysing SourceLocation org.apache.jackrabbit.oak.plugins.index.p2.strategy.ContentMirrorStoreStrategy:42 which is executed by 1 tests
-1583373091
10:11:55.882 [pool-2-thread-1] DEBUG fr.inria.lille.repair.nopol.NoPol - looking with class fr.inria.lille.repair.nopol.spoon.smt.ConditionalAdder
java.lang.AssertionError: Missing child node e on path key/d/e/f
    at org.junit.Assert.fail(Assert.java:88)
    at org.junit.Assert.assertTrue(Assert.java:41)
    at org.apache.jackrabbit.oak.plugins.index.p2.strategy.ContentMirrorStoreStrategyTest.checkPath(ContentMirrorStoreStrategyTest.java:91)
    at org.apache.jackrabbit.oak.plugins.index.p2.strategy.ContentMirrorStoreStrategyTest.testIndexPruning(ContentMirrorStoreStrategyTest.java:67)
    at sun.reflect.NativeMethodAccessorImpl.invoke0(Native Method)
    at sun.reflect.NativeMethodAccessorImpl.invoke(NativeMethodAccessorImpl.java:62)
10:11:55.927 [pool-56-thread-1] INFO  xxl.java.junit.TestCasesListener - Tests run finished (38 ms)
<> Total tests run: 1
<> Ignored tests: 0
<> Failed tests: 1
~ testIndexPruning(org.apache.jackrabbit.oak.plugins.index.p2.strategy.ContentMirrorStoreStrategyTest)
[Missing child node e on path key/d/e/f]
java.lang.AssertionError: Missing child node e on path key/d/e/f    at org.junit.Assert.fail(Assert.java:88)
    at org.junit.Assert.assertTrue(Assert.java:41)
    at org.apache.jackrabbit.oak.plugins.index.p2.strategy.ContentMirrorStoreStrategyTest.checkPath(ContentMirrorStoreStrategyTest.java:91)
    at org.apache.jackrabbit.oak.plugins.index.p2.strategy.ContentMirrorStoreStrategyTest.testIndexPruning(ContentMirrorStoreStrategyTest.java:67)
    at sun.reflect.NativeMethodAccessorImpl.invoke0(Native Method)
    at sun.reflect.NativeMethodAccessorImpl.invoke(NativeMethodAccessorImpl.java:62)

java.lang.AssertionError
    at org.junit.Assert.fail(Assert.java:86)
    at org.junit.Assert.assertTrue(Assert.java:41)
    at org.junit.Assert.assertFalse(Assert.java:64)
    at org.junit.Assert.assertFalse(Assert.java:74)
    at org.apache.jackrabbit.oak.plugins.index.p2.strategy.ContentMirrorStoreStrategyTest.checkNotPath(ContentMirrorStoreStrategyTest.java:110)
    at org.apache.jackrabbit.oak.plugins.index.p2.strategy.ContentMirrorStoreStrategyTest.testIndexPruning(ContentMirrorStoreStrategyTest.java:71)
10:11:56.241 [pool-57-thread-1] INFO  f.i.l.c.t.SpecificationTestCasesListener - Tests run finished (37 ms)
<> Total tests run: 1
<> Ignored tests: 0
<> Failed tests: 1
~ testIndexPruning(org.apache.jackrabbit.oak.plugins.index.p2.strategy.ContentMirrorStoreStrategyTest)
[null]
java.lang.AssertionError    at org.junit.Assert.fail(Assert.java:86)
    at org.junit.Assert.assertTrue(Assert.java:41)
    at org.junit.Assert.assertFalse(Assert.java:64)
    at org.junit.Assert.assertFalse(Assert.java:74)
    at org.apache.jackrabbit.oak.plugins.index.p2.strategy.ContentMirrorStoreStrategyTest.checkNotPath(ContentMirrorStoreStrategyTest.java:110)
    at org.apache.jackrabbit.oak.plugins.index.p2.strategy.ContentMirrorStoreStrategyTest.testIndexPruning(ContentMirrorStoreStrategyTest.java:71)

java.lang.AssertionError: Missing child node e on path key/d/e/f
    at org.junit.Assert.fail(Assert.java:88)
    at org.junit.Assert.assertTrue(Assert.java:41)
    at org.apache.jackrabbit.oak.plugins.index.p2.strategy.ContentMirrorStoreStrategyTest.checkPath(ContentMirrorStoreStrategyTest.java:91)
    at org.apache.jackrabbit.oak.plugins.index.p2.strategy.ContentMirrorStoreStrategyTest.testIndexPruning(ContentMirrorStoreStrategyTest.java:67)
    at sun.reflect.NativeMethodAccessorImpl.invoke0(Native Method)
    at sun.reflect.NativeMethodAccessorImpl.invoke(NativeMethodAccessorImpl.java:62)
10:11:56.243 [pool-58-thread-1] INFO  f.i.l.c.t.SpecificationTestCasesListener - Tests run finished (1 ms)
<> Total tests run: 1
<> Ignored tests: 0
<> Failed tests: 1
~ testIndexPruning(org.apache.jackrabbit.oak.plugins.index.p2.strategy.ContentMirrorStoreStrategyTest)
[Missing child node e on path key/d/e/f]
java.lang.AssertionError: Missing child node e on path key/d/e/f    at org.junit.Assert.fail(Assert.java:88)
    at org.junit.Assert.assertTrue(Assert.java:41)
    at org.apache.jackrabbit.oak.plugins.index.p2.strategy.ContentMirrorStoreStrategyTest.checkPath(ContentMirrorStoreStrategyTest.java:91)
    at org.apache.jackrabbit.oak.plugins.index.p2.strategy.ContentMirrorStoreStrategyTest.testIndexPruning(ContentMirrorStoreStrategyTest.java:67)
    at sun.reflect.NativeMethodAccessorImpl.invoke0(Native Method)
    at sun.reflect.NativeMethodAccessorImpl.invoke(NativeMethodAccessorImpl.java:62)

10:11:56.244 [pool-55-thread-1] DEBUG tests.output - Failing tests with false: 
[testIndexPruning(org.apache.jackrabbit.oak.plugins.index.p2.strategy.ContentMirrorStoreStrategyTest): null]
10:11:56.244 [pool-55-thread-1] DEBUG tests.output - Failing tests with true: 
[testIndexPruning(org.apache.jackrabbit.oak.plugins.index.p2.strategy.ContentMirrorStoreStrategyTest): Missing child node e on path key/d/e/f]
10:11:56.244 [pool-55-thread-1] INFO  f.i.l.r.n.synth.SMTNopolSynthesizer - Not enough specifications: 0. A trivial patch is "true" or "false", please write new tests specifying SourceLocation org.apache.jackrabbit.oak.plugins.index.p2.strategy.ContentMirrorStoreStrategy:42.
10:11:56.244 [pool-2-thread-1] DEBUG fr.inria.lille.repair.nopol.NoPol - statement #23
10:11:56.244 [pool-2-thread-1] DEBUG fr.inria.lille.repair.nopol.NoPol - Analysing SourceLocation org.apache.jackrabbit.oak.plugins.index.p2.strategy.ContentMirrorStoreStrategy:41 which is executed by 1 tests
-1583373091
10:11:56.412 [pool-2-thread-1] DEBUG fr.inria.lille.repair.nopol.NoPol - statement #24
10:11:56.412 [pool-2-thread-1] DEBUG fr.inria.lille.repair.nopol.NoPol - Analysing SourceLocation org.apache.jackrabbit.oak.plugins.index.p2.strategy.ContentMirrorStoreStrategy:40 which is executed by 1 tests
-1583373091
10:11:56.611 [pool-2-thread-1] DEBUG fr.inria.lille.repair.nopol.NoPol - statement #25
10:11:56.611 [pool-2-thread-1] DEBUG fr.inria.lille.repair.nopol.NoPol - Analysing SourceLocation org.apache.jackrabbit.oak.plugins.index.p2.strategy.ContentMirrorStoreStrategy:37 which is executed by 1 tests
-1583373091
10:11:56.814 [pool-2-thread-1] DEBUG fr.inria.lille.repair.nopol.NoPol - looking with class fr.inria.lille.repair.nopol.spoon.smt.ConditionalAdder
java.lang.AssertionError: Missing child node e on path key/d/e/f
    at org.junit.Assert.fail(Assert.java:88)
    at org.junit.Assert.assertTrue(Assert.java:41)
    at org.apache.jackrabbit.oak.plugins.index.p2.strategy.ContentMirrorStoreStrategyTest.checkPath(ContentMirrorStoreStrategyTest.java:91)
    at org.apache.jackrabbit.oak.plugins.index.p2.strategy.ContentMirrorStoreStrategyTest.testIndexPruning(ContentMirrorStoreStrategyTest.java:67)
    at sun.reflect.NativeMethodAccessorImpl.invoke0(Native Method)
    at sun.reflect.NativeMethodAccessorImpl.invoke(NativeMethodAccessorImpl.java:62)
10:11:56.858 [pool-60-thread-1] INFO  xxl.java.junit.TestCasesListener - Tests run finished (42 ms)
<> Total tests run: 1
<> Ignored tests: 0
<> Failed tests: 1
~ testIndexPruning(org.apache.jackrabbit.oak.plugins.index.p2.strategy.ContentMirrorStoreStrategyTest)
[Missing child node e on path key/d/e/f]
java.lang.AssertionError: Missing child node e on path key/d/e/f    at org.junit.Assert.fail(Assert.java:88)
    at org.junit.Assert.assertTrue(Assert.java:41)
    at org.apache.jackrabbit.oak.plugins.index.p2.strategy.ContentMirrorStoreStrategyTest.checkPath(ContentMirrorStoreStrategyTest.java:91)
    at org.apache.jackrabbit.oak.plugins.index.p2.strategy.ContentMirrorStoreStrategyTest.testIndexPruning(ContentMirrorStoreStrategyTest.java:67)
    at sun.reflect.NativeMethodAccessorImpl.invoke0(Native Method)
    at sun.reflect.NativeMethodAccessorImpl.invoke(NativeMethodAccessorImpl.java:62)

java.lang.AssertionError: Missing child node e on path key/d/e/f
    at org.junit.Assert.fail(Assert.java:88)
    at org.junit.Assert.assertTrue(Assert.java:41)
    at org.apache.jackrabbit.oak.plugins.index.p2.strategy.ContentMirrorStoreStrategyTest.checkPath(ContentMirrorStoreStrategyTest.java:91)
    at org.apache.jackrabbit.oak.plugins.index.p2.strategy.ContentMirrorStoreStrategyTest.testIndexPruning(ContentMirrorStoreStrategyTest.java:67)
    at sun.reflect.NativeMethodAccessorImpl.invoke0(Native Method)
    at sun.reflect.NativeMethodAccessorImpl.invoke(NativeMethodAccessorImpl.java:62)
10:11:57.215 [pool-61-thread-1] INFO  f.i.l.c.t.SpecificationTestCasesListener - Tests run finished (43 ms)
<> Total tests run: 1
<> Ignored tests: 0
<> Failed tests: 1
~ testIndexPruning(org.apache.jackrabbit.oak.plugins.index.p2.strategy.ContentMirrorStoreStrategyTest)
[Missing child node e on path key/d/e/f]
java.lang.AssertionError: Missing child node e on path key/d/e/f    at org.junit.Assert.fail(Assert.java:88)
    at org.junit.Assert.assertTrue(Assert.java:41)
    at org.apache.jackrabbit.oak.plugins.index.p2.strategy.ContentMirrorStoreStrategyTest.checkPath(ContentMirrorStoreStrategyTest.java:91)
    at org.apache.jackrabbit.oak.plugins.index.p2.strategy.ContentMirrorStoreStrategyTest.testIndexPruning(ContentMirrorStoreStrategyTest.java:67)
    at sun.reflect.NativeMethodAccessorImpl.invoke0(Native Method)
    at sun.reflect.NativeMethodAccessorImpl.invoke(NativeMethodAccessorImpl.java:62)

java.lang.AssertionError: Missing child node e on path key/d/e/f
    at org.junit.Assert.fail(Assert.java:88)
    at org.junit.Assert.assertTrue(Assert.java:41)
    at org.apache.jackrabbit.oak.plugins.index.p2.strategy.ContentMirrorStoreStrategyTest.checkPath(ContentMirrorStoreStrategyTest.java:91)
    at org.apache.jackrabbit.oak.plugins.index.p2.strategy.ContentMirrorStoreStrategyTest.testIndexPruning(ContentMirrorStoreStrategyTest.java:67)
    at sun.reflect.NativeMethodAccessorImpl.invoke0(Native Method)
    at sun.reflect.NativeMethodAccessorImpl.invoke(NativeMethodAccessorImpl.java:62)
10:11:57.222 [pool-62-thread-1] INFO  f.i.l.c.t.SpecificationTestCasesListener - Tests run finished (1 ms)
<> Total tests run: 1
<> Ignored tests: 0
<> Failed tests: 1
~ testIndexPruning(org.apache.jackrabbit.oak.plugins.index.p2.strategy.ContentMirrorStoreStrategyTest)
[Missing child node e on path key/d/e/f]
java.lang.AssertionError: Missing child node e on path key/d/e/f    at org.junit.Assert.fail(Assert.java:88)
    at org.junit.Assert.assertTrue(Assert.java:41)
    at org.apache.jackrabbit.oak.plugins.index.p2.strategy.ContentMirrorStoreStrategyTest.checkPath(ContentMirrorStoreStrategyTest.java:91)
    at org.apache.jackrabbit.oak.plugins.index.p2.strategy.ContentMirrorStoreStrategyTest.testIndexPruning(ContentMirrorStoreStrategyTest.java:67)
    at sun.reflect.NativeMethodAccessorImpl.invoke0(Native Method)
    at sun.reflect.NativeMethodAccessorImpl.invoke(NativeMethodAccessorImpl.java:62)

10:11:57.225 [pool-59-thread-1] DEBUG tests.output - Failing tests with false: 
[testIndexPruning(org.apache.jackrabbit.oak.plugins.index.p2.strategy.ContentMirrorStoreStrategyTest): Missing child node e on path key/d/e/f]
10:11:57.225 [pool-59-thread-1] DEBUG tests.output - Failing tests with true: 
[testIndexPruning(org.apache.jackrabbit.oak.plugins.index.p2.strategy.ContentMirrorStoreStrategyTest): Missing child node e on path key/d/e/f]
10:11:57.225 [pool-59-thread-1] INFO  f.i.l.r.n.synth.SMTNopolSynthesizer - Not enough specifications: 0. A trivial patch is "true" or "false", please write new tests specifying SourceLocation org.apache.jackrabbit.oak.plugins.index.p2.strategy.ContentMirrorStoreStrategy:37.
10:11:57.225 [pool-2-thread-1] DEBUG fr.inria.lille.repair.nopol.NoPol - looking with class fr.inria.lille.repair.nopol.spoon.smt.ConditionalReplacer
java.lang.AssertionError: Missing child node e on path key/d/e/f
    at org.junit.Assert.fail(Assert.java:88)
    at org.junit.Assert.assertTrue(Assert.java:41)
    at org.apache.jackrabbit.oak.plugins.index.p2.strategy.ContentMirrorStoreStrategyTest.checkPath(ContentMirrorStoreStrategyTest.java:91)
    at org.apache.jackrabbit.oak.plugins.index.p2.strategy.ContentMirrorStoreStrategyTest.testIndexPruning(ContentMirrorStoreStrategyTest.java:67)
    at sun.reflect.NativeMethodAccessorImpl.invoke0(Native Method)
    at sun.reflect.NativeMethodAccessorImpl.invoke(NativeMethodAccessorImpl.java:62)
10:11:57.270 [pool-64-thread-1] INFO  xxl.java.junit.TestCasesListener - Tests run finished (42 ms)
<> Total tests run: 1
<> Ignored tests: 0
<> Failed tests: 1
~ testIndexPruning(org.apache.jackrabbit.oak.plugins.index.p2.strategy.ContentMirrorStoreStrategyTest)
[Missing child node e on path key/d/e/f]
java.lang.AssertionError: Missing child node e on path key/d/e/f    at org.junit.Assert.fail(Assert.java:88)
    at org.junit.Assert.assertTrue(Assert.java:41)
    at org.apache.jackrabbit.oak.plugins.index.p2.strategy.ContentMirrorStoreStrategyTest.checkPath(ContentMirrorStoreStrategyTest.java:91)
    at org.apache.jackrabbit.oak.plugins.index.p2.strategy.ContentMirrorStoreStrategyTest.testIndexPruning(ContentMirrorStoreStrategyTest.java:67)
    at sun.reflect.NativeMethodAccessorImpl.invoke0(Native Method)
    at sun.reflect.NativeMethodAccessorImpl.invoke(NativeMethodAccessorImpl.java:62)

java.lang.AssertionError: Missing child node e on path key/d/e/f
    at org.junit.Assert.fail(Assert.java:88)
    at org.junit.Assert.assertTrue(Assert.java:41)
    at org.apache.jackrabbit.oak.plugins.index.p2.strategy.ContentMirrorStoreStrategyTest.checkPath(ContentMirrorStoreStrategyTest.java:91)
    at org.apache.jackrabbit.oak.plugins.index.p2.strategy.ContentMirrorStoreStrategyTest.testIndexPruning(ContentMirrorStoreStrategyTest.java:67)
    at sun.reflect.NativeMethodAccessorImpl.invoke0(Native Method)
    at sun.reflect.NativeMethodAccessorImpl.invoke(NativeMethodAccessorImpl.java:62)
10:11:57.640 [pool-65-thread-1] INFO  f.i.l.c.t.SpecificationTestCasesListener - Tests run finished (42 ms)
<> Total tests run: 1
<> Ignored tests: 0
<> Failed tests: 1
~ testIndexPruning(org.apache.jackrabbit.oak.plugins.index.p2.strategy.ContentMirrorStoreStrategyTest)
[Missing child node e on path key/d/e/f]
java.lang.AssertionError: Missing child node e on path key/d/e/f    at org.junit.Assert.fail(Assert.java:88)
    at org.junit.Assert.assertTrue(Assert.java:41)
    at org.apache.jackrabbit.oak.plugins.index.p2.strategy.ContentMirrorStoreStrategyTest.checkPath(ContentMirrorStoreStrategyTest.java:91)
    at org.apache.jackrabbit.oak.plugins.index.p2.strategy.ContentMirrorStoreStrategyTest.testIndexPruning(ContentMirrorStoreStrategyTest.java:67)
    at sun.reflect.NativeMethodAccessorImpl.invoke0(Native Method)
    at sun.reflect.NativeMethodAccessorImpl.invoke(NativeMethodAccessorImpl.java:62)

java.lang.AssertionError
    at org.junit.Assert.fail(Assert.java:86)
    at org.junit.Assert.assertTrue(Assert.java:41)
    at org.junit.Assert.assertFalse(Assert.java:64)
    at org.junit.Assert.assertFalse(Assert.java:74)
    at org.apache.jackrabbit.oak.plugins.index.p2.strategy.ContentMirrorStoreStrategyTest.checkNotPath(ContentMirrorStoreStrategyTest.java:110)
    at org.apache.jackrabbit.oak.plugins.index.p2.strategy.ContentMirrorStoreStrategyTest.testIndexPruning(ContentMirrorStoreStrategyTest.java:71)
10:11:57.642 [pool-66-thread-1] INFO  f.i.l.c.t.SpecificationTestCasesListener - Tests run finished (1 ms)
<> Total tests run: 1
<> Ignored tests: 0
<> Failed tests: 1
~ testIndexPruning(org.apache.jackrabbit.oak.plugins.index.p2.strategy.ContentMirrorStoreStrategyTest)
[null]
java.lang.AssertionError    at org.junit.Assert.fail(Assert.java:86)
    at org.junit.Assert.assertTrue(Assert.java:41)
    at org.junit.Assert.assertFalse(Assert.java:64)
    at org.junit.Assert.assertFalse(Assert.java:74)
    at org.apache.jackrabbit.oak.plugins.index.p2.strategy.ContentMirrorStoreStrategyTest.checkNotPath(ContentMirrorStoreStrategyTest.java:110)
    at org.apache.jackrabbit.oak.plugins.index.p2.strategy.ContentMirrorStoreStrategyTest.testIndexPruning(ContentMirrorStoreStrategyTest.java:71)

10:11:57.646 [pool-63-thread-1] DEBUG tests.output - Failing tests with false: 
[testIndexPruning(org.apache.jackrabbit.oak.plugins.index.p2.strategy.ContentMirrorStoreStrategyTest): Missing child node e on path key/d/e/f]
10:11:57.646 [pool-63-thread-1] DEBUG tests.output - Failing tests with true: 
[testIndexPruning(org.apache.jackrabbit.oak.plugins.index.p2.strategy.ContentMirrorStoreStrategyTest): null]
10:11:57.646 [pool-63-thread-1] INFO  f.i.l.r.n.synth.SMTNopolSynthesizer - Not enough specifications: 0. A trivial patch is "true" or "false", please write new tests specifying SourceLocation org.apache.jackrabbit.oak.plugins.index.p2.strategy.ContentMirrorStoreStrategy:37.
10:11:57.646 [pool-2-thread-1] DEBUG fr.inria.lille.repair.nopol.NoPol - statement #26
10:11:57.646 [pool-2-thread-1] DEBUG fr.inria.lille.repair.nopol.NoPol - Analysing SourceLocation org.apache.jackrabbit.oak.plugins.memory.MemoryNodeBuilder:422 which is executed by 3 tests
-308272295
10:11:57.917 [pool-2-thread-1] DEBUG fr.inria.lille.repair.nopol.NoPol - looking with class fr.inria.lille.repair.nopol.spoon.smt.ConditionalAdder
java.lang.AssertionError: Missing child node e on path key/d/e/f
    at org.junit.Assert.fail(Assert.java:88)
    at org.junit.Assert.assertTrue(Assert.java:41)
    at org.apache.jackrabbit.oak.plugins.index.p2.strategy.ContentMirrorStoreStrategyTest.checkPath(ContentMirrorStoreStrategyTest.java:91)
    at org.apache.jackrabbit.oak.plugins.index.p2.strategy.ContentMirrorStoreStrategyTest.testIndexPruning(ContentMirrorStoreStrategyTest.java:67)
    at sun.reflect.NativeMethodAccessorImpl.invoke0(Native Method)
    at sun.reflect.NativeMethodAccessorImpl.invoke(NativeMethodAccessorImpl.java:62)
10:11:57.957 [pool-68-thread-1] INFO  xxl.java.junit.TestCasesListener - Tests run finished (38 ms)
<> Total tests run: 1
<> Ignored tests: 0
<> Failed tests: 1
~ testIndexPruning(org.apache.jackrabbit.oak.plugins.index.p2.strategy.ContentMirrorStoreStrategyTest)
[Missing child node e on path key/d/e/f]
java.lang.AssertionError: Missing child node e on path key/d/e/f    at org.junit.Assert.fail(Assert.java:88)
    at org.junit.Assert.assertTrue(Assert.java:41)
    at org.apache.jackrabbit.oak.plugins.index.p2.strategy.ContentMirrorStoreStrategyTest.checkPath(ContentMirrorStoreStrategyTest.java:91)
    at org.apache.jackrabbit.oak.plugins.index.p2.strategy.ContentMirrorStoreStrategyTest.testIndexPruning(ContentMirrorStoreStrategyTest.java:67)
    at sun.reflect.NativeMethodAccessorImpl.invoke0(Native Method)
    at sun.reflect.NativeMethodAccessorImpl.invoke(NativeMethodAccessorImpl.java:62)

java.lang.AssertionError: Missing child node e on path key/d/e/f
    at org.junit.Assert.fail(Assert.java:88)
    at org.junit.Assert.assertTrue(Assert.java:41)
    at org.apache.jackrabbit.oak.plugins.index.p2.strategy.ContentMirrorStoreStrategyTest.checkPath(ContentMirrorStoreStrategyTest.java:91)
    at org.apache.jackrabbit.oak.plugins.index.p2.strategy.ContentMirrorStoreStrategyTest.testIndexPruning(ContentMirrorStoreStrategyTest.java:67)
    at sun.reflect.NativeMethodAccessorImpl.invoke0(Native Method)
    at sun.reflect.NativeMethodAccessorImpl.invoke(NativeMethodAccessorImpl.java:62)
10:11:58.594 [pool-69-thread-1] INFO  f.i.l.c.t.SpecificationTestCasesListener - Tests run finished (38 ms)
<> Total tests run: 1
<> Ignored tests: 0
<> Failed tests: 1
~ testIndexPruning(org.apache.jackrabbit.oak.plugins.index.p2.strategy.ContentMirrorStoreStrategyTest)
[Missing child node e on path key/d/e/f]
java.lang.AssertionError: Missing child node e on path key/d/e/f    at org.junit.Assert.fail(Assert.java:88)
    at org.junit.Assert.assertTrue(Assert.java:41)
    at org.apache.jackrabbit.oak.plugins.index.p2.strategy.ContentMirrorStoreStrategyTest.checkPath(ContentMirrorStoreStrategyTest.java:91)
    at org.apache.jackrabbit.oak.plugins.index.p2.strategy.ContentMirrorStoreStrategyTest.testIndexPruning(ContentMirrorStoreStrategyTest.java:67)
    at sun.reflect.NativeMethodAccessorImpl.invoke0(Native Method)
    at sun.reflect.NativeMethodAccessorImpl.invoke(NativeMethodAccessorImpl.java:62)

java.lang.AssertionError: Missing child node e on path key/d/e/f
    at org.junit.Assert.fail(Assert.java:88)
    at org.junit.Assert.assertTrue(Assert.java:41)
    at org.apache.jackrabbit.oak.plugins.index.p2.strategy.ContentMirrorStoreStrategyTest.checkPath(ContentMirrorStoreStrategyTest.java:91)
    at org.apache.jackrabbit.oak.plugins.index.p2.strategy.ContentMirrorStoreStrategyTest.testIndexPruning(ContentMirrorStoreStrategyTest.java:67)
    at sun.reflect.NativeMethodAccessorImpl.invoke0(Native Method)
    at sun.reflect.NativeMethodAccessorImpl.invoke(NativeMethodAccessorImpl.java:62)
10:11:58.595 [pool-70-thread-1] INFO  f.i.l.c.t.SpecificationTestCasesListener - Tests run finished (0 ms)
<> Total tests run: 1
<> Ignored tests: 0
<> Failed tests: 1
~ testIndexPruning(org.apache.jackrabbit.oak.plugins.index.p2.strategy.ContentMirrorStoreStrategyTest)
[Missing child node e on path key/d/e/f]
java.lang.AssertionError: Missing child node e on path key/d/e/f    at org.junit.Assert.fail(Assert.java:88)
    at org.junit.Assert.assertTrue(Assert.java:41)
    at org.apache.jackrabbit.oak.plugins.index.p2.strategy.ContentMirrorStoreStrategyTest.checkPath(ContentMirrorStoreStrategyTest.java:91)
    at org.apache.jackrabbit.oak.plugins.index.p2.strategy.ContentMirrorStoreStrategyTest.testIndexPruning(ContentMirrorStoreStrategyTest.java:67)
    at sun.reflect.NativeMethodAccessorImpl.invoke0(Native Method)
    at sun.reflect.NativeMethodAccessorImpl.invoke(NativeMethodAccessorImpl.java:62)

10:11:58.596 [pool-67-thread-1] DEBUG tests.output - Failing tests with false: 
[testIndexPruning(org.apache.jackrabbit.oak.plugins.index.p2.strategy.ContentMirrorStoreStrategyTest): Missing child node e on path key/d/e/f]
10:11:58.596 [pool-67-thread-1] DEBUG tests.output - Failing tests with true: 
[testIndexPruning(org.apache.jackrabbit.oak.plugins.index.p2.strategy.ContentMirrorStoreStrategyTest): Missing child node e on path key/d/e/f]
10:11:58.596 [pool-67-thread-1] INFO  f.i.l.r.n.synth.SMTNopolSynthesizer - Not enough specifications: 0. A trivial patch is "true" or "false", please write new tests specifying SourceLocation org.apache.jackrabbit.oak.plugins.memory.MemoryNodeBuilder:422.
10:11:58.596 [pool-2-thread-1] DEBUG fr.inria.lille.repair.nopol.NoPol - statement #27
10:11:58.596 [pool-2-thread-1] DEBUG fr.inria.lille.repair.nopol.NoPol - Analysing SourceLocation org.apache.jackrabbit.oak.plugins.index.old.PrefixIndex:128 which is executed by 3 tests
-1236272831
10:11:58.760 [pool-2-thread-1] DEBUG fr.inria.lille.repair.nopol.NoPol - statement #28
10:11:58.760 [pool-2-thread-1] DEBUG fr.inria.lille.repair.nopol.NoPol - Analysing SourceLocation org.apache.jackrabbit.oak.plugins.index.old.PrefixIndex:62 which is executed by 3 tests
-1236272831
10:11:58.922 [pool-2-thread-1] DEBUG fr.inria.lille.repair.nopol.NoPol - statement #29
10:11:58.923 [pool-2-thread-1] DEBUG fr.inria.lille.repair.nopol.NoPol - Analysing SourceLocation org.apache.jackrabbit.oak.plugins.index.old.PrefixIndex:57 which is executed by 3 tests
-1236272831
10:11:59.085 [pool-2-thread-1] DEBUG fr.inria.lille.repair.nopol.NoPol - looking with class fr.inria.lille.repair.nopol.spoon.smt.ConditionalAdder
SLF4J: Class path contains multiple SLF4J bindings.
SLF4J: Found binding in [jar:file:/home/tdurieux/.m2/repository/org/slf4j/slf4j-nop/1.5.8/slf4j-nop-1.5.8.jar!/org/slf4j/impl/StaticLoggerBinder.class]
SLF4J: Found binding in [jar:file:/home/tdurieux/.m2/repository/ch/qos/logback/logback-classic/1.0.1/logback-classic-1.0.1.jar!/org/slf4j/impl/StaticLoggerBinder.class]
SLF4J: Found binding in [jar:file:/home/tdurieux/.m2/repository/org/slf4j/slf4j-simple/1.6.1/slf4j-simple-1.6.1.jar!/org/slf4j/impl/StaticLoggerBinder.class]
SLF4J: Found binding in [jar:file:/home/tdurieux/defects4j4repair/script/../repair_tools/nopol.jar!/org/slf4j/impl/StaticLoggerBinder.class]
SLF4J: See http://www.slf4j.org/codes.html#multiple_bindings for an explanation.
SLF4J: The requested version 1.5.8 by your slf4j binding is not compatible with [1.6]
SLF4J: See http://www.slf4j.org/codes.html#version_mismatch for further details.
junit.framework.ComparisonFailure: expected:<...:childNodeCount":2,"[prefix@d:":{":childNodeCount":1,":data":{}},":data":{":childNodeCount":0]}}> but was:<...:childNodeCount":2,"[:data":{":childNodeCount":0},"prefix@d:":{":childNodeCount":1,":data":{}]}}>
    at junit.framework.Assert.assertEquals(Assert.java:100)
    at junit.framework.Assert.assertEquals(Assert.java:107)
    at org.apache.jackrabbit.oak.plugins.index.old.PrefixIndexTest.test(PrefixIndexTest.java:42)
    at sun.reflect.NativeMethodAccessorImpl.invoke0(Native Method)
    at sun.reflect.NativeMethodAccessorImpl.invoke(NativeMethodAccessorImpl.java:62)
    at sun.reflect.DelegatingMethodAccessorImpl.invoke(DelegatingMethodAccessorImpl.java:43)
10:11:59.186 [pool-72-thread-1] INFO  xxl.java.junit.TestCasesListener - Tests run finished (99 ms)
<> Total tests run: 1
<> Ignored tests: 0
<> Failed tests: 1
~ test(org.apache.jackrabbit.oak.plugins.index.old.PrefixIndexTest)
[expected:<...:childNodeCount":2,"[prefix@d:":{":childNodeCount":1,":data":{}},":data":{":childNodeCount":0]}}> but was:<...:childNodeCount":2,"[:data":{":childNodeCount":0},"prefix@d:":{":childNodeCount":1,":data":{}]}}>]
junit.framework.ComparisonFailure: expected:<...:childNodeCount":2,"[prefix@d:":{":childNodeCount":1,":data":{}},":data":{":childNodeCount":0]}}> but was:<...:childNodeCount":2,"[:data":{":childNodeCount":0},"prefix@d:":{":childNodeCount":1,":data":{}]}}>    at junit.framework.Assert.assertEquals(Assert.java:100)
    at junit.framework.Assert.assertEquals(Assert.java:107)
    at org.apache.jackrabbit.oak.plugins.index.old.PrefixIndexTest.test(PrefixIndexTest.java:42)
    at sun.reflect.NativeMethodAccessorImpl.invoke0(Native Method)
    at sun.reflect.NativeMethodAccessorImpl.invoke(NativeMethodAccessorImpl.java:62)
    at sun.reflect.DelegatingMethodAccessorImpl.invoke(DelegatingMethodAccessorImpl.java:43)

SLF4J: Class path contains multiple SLF4J bindings.
SLF4J: Found binding in [jar:file:/home/tdurieux/.m2/repository/org/slf4j/slf4j-nop/1.5.8/slf4j-nop-1.5.8.jar!/org/slf4j/impl/StaticLoggerBinder.class]
SLF4J: Found binding in [jar:file:/home/tdurieux/.m2/repository/ch/qos/logback/logback-classic/1.0.1/logback-classic-1.0.1.jar!/org/slf4j/impl/StaticLoggerBinder.class]
SLF4J: Found binding in [jar:file:/home/tdurieux/.m2/repository/org/slf4j/slf4j-simple/1.6.1/slf4j-simple-1.6.1.jar!/org/slf4j/impl/StaticLoggerBinder.class]
SLF4J: Found binding in [jar:file:/home/tdurieux/defects4j4repair/script/../repair_tools/nopol.jar!/org/slf4j/impl/StaticLoggerBinder.class]
SLF4J: See http://www.slf4j.org/codes.html#multiple_bindings for an explanation.
SLF4J: The requested version 1.5.8 by your slf4j binding is not compatible with [1.6]
SLF4J: See http://www.slf4j.org/codes.html#version_mismatch for further details.
junit.framework.ComparisonFailure: expected:<...:childNodeCount":2,"[prefix@d:":{":childNodeCount":1,":data":{}},":data":{":childNodeCount":0]}}> but was:<...:childNodeCount":2,"[:data":{":childNodeCount":0},"prefix@d:":{":childNodeCount":1,":data":{}]}}>
    at junit.framework.Assert.assertEquals(Assert.java:100)
    at junit.framework.Assert.assertEquals(Assert.java:107)
    at org.apache.jackrabbit.oak.plugins.index.old.PrefixIndexTest.test(PrefixIndexTest.java:42)
    at sun.reflect.NativeMethodAccessorImpl.invoke0(Native Method)
    at sun.reflect.NativeMethodAccessorImpl.invoke(NativeMethodAccessorImpl.java:62)
    at sun.reflect.DelegatingMethodAccessorImpl.invoke(DelegatingMethodAccessorImpl.java:43)
10:11:59.582 [pool-73-thread-1] INFO  f.i.l.c.t.SpecificationTestCasesListener - Tests run finished (95 ms)
<> Total tests run: 1
<> Ignored tests: 0
<> Failed tests: 1
~ test(org.apache.jackrabbit.oak.plugins.index.old.PrefixIndexTest)
[expected:<...:childNodeCount":2,"[prefix@d:":{":childNodeCount":1,":data":{}},":data":{":childNodeCount":0]}}> but was:<...:childNodeCount":2,"[:data":{":childNodeCount":0},"prefix@d:":{":childNodeCount":1,":data":{}]}}>]
junit.framework.ComparisonFailure: expected:<...:childNodeCount":2,"[prefix@d:":{":childNodeCount":1,":data":{}},":data":{":childNodeCount":0]}}> but was:<...:childNodeCount":2,"[:data":{":childNodeCount":0},"prefix@d:":{":childNodeCount":1,":data":{}]}}>    at junit.framework.Assert.assertEquals(Assert.java:100)
    at junit.framework.Assert.assertEquals(Assert.java:107)
    at org.apache.jackrabbit.oak.plugins.index.old.PrefixIndexTest.test(PrefixIndexTest.java:42)
    at sun.reflect.NativeMethodAccessorImpl.invoke0(Native Method)
    at sun.reflect.NativeMethodAccessorImpl.invoke(NativeMethodAccessorImpl.java:62)
    at sun.reflect.DelegatingMethodAccessorImpl.invoke(DelegatingMethodAccessorImpl.java:43)

junit.framework.ComparisonFailure: expected:<...:childNodeCount":2,"[prefix@d:":{":childNodeCount":1,":data":{}},":data":{":childNodeCount":0]}}> but was:<...:childNodeCount":2,"[:data":{":childNodeCount":0},"prefix@d:":{":childNodeCount":1,":data":{}]}}>
    at junit.framework.Assert.assertEquals(Assert.java:100)
    at junit.framework.Assert.assertEquals(Assert.java:107)
    at org.apache.jackrabbit.oak.plugins.index.old.PrefixIndexTest.test(PrefixIndexTest.java:42)
    at sun.reflect.NativeMethodAccessorImpl.invoke0(Native Method)
    at sun.reflect.NativeMethodAccessorImpl.invoke(NativeMethodAccessorImpl.java:62)
    at sun.reflect.DelegatingMethodAccessorImpl.invoke(DelegatingMethodAccessorImpl.java:43)
10:11:59.586 [pool-74-thread-1] INFO  f.i.l.c.t.SpecificationTestCasesListener - Tests run finished (2 ms)
<> Total tests run: 1
<> Ignored tests: 0
<> Failed tests: 1
~ test(org.apache.jackrabbit.oak.plugins.index.old.PrefixIndexTest)
[expected:<...:childNodeCount":2,"[prefix@d:":{":childNodeCount":1,":data":{}},":data":{":childNodeCount":0]}}> but was:<...:childNodeCount":2,"[:data":{":childNodeCount":0},"prefix@d:":{":childNodeCount":1,":data":{}]}}>]
junit.framework.ComparisonFailure: expected:<...:childNodeCount":2,"[prefix@d:":{":childNodeCount":1,":data":{}},":data":{":childNodeCount":0]}}> but was:<...:childNodeCount":2,"[:data":{":childNodeCount":0},"prefix@d:":{":childNodeCount":1,":data":{}]}}>    at junit.framework.Assert.assertEquals(Assert.java:100)
    at junit.framework.Assert.assertEquals(Assert.java:107)
    at org.apache.jackrabbit.oak.plugins.index.old.PrefixIndexTest.test(PrefixIndexTest.java:42)
    at sun.reflect.NativeMethodAccessorImpl.invoke0(Native Method)
    at sun.reflect.NativeMethodAccessorImpl.invoke(NativeMethodAccessorImpl.java:62)
    at sun.reflect.DelegatingMethodAccessorImpl.invoke(DelegatingMethodAccessorImpl.java:43)

10:11:59.586 [pool-71-thread-1] DEBUG tests.output - Failing tests with false: 
[test(org.apache.jackrabbit.oak.plugins.index.old.PrefixIndexTest): expected:<...:childNodeCount":2,"[prefix@d:":{":childNodeCount":1,":data":{}},":data":{":childNodeCount":0]}}> but was:<...:childNodeCount":2,"[:data":{":childNodeCount":0},"prefix@d:":{":childNodeCount":1,":data":{}]}}>]
10:11:59.586 [pool-71-thread-1] DEBUG tests.output - Failing tests with true: 
[test(org.apache.jackrabbit.oak.plugins.index.old.PrefixIndexTest): expected:<...:childNodeCount":2,"[prefix@d:":{":childNodeCount":1,":data":{}},":data":{":childNodeCount":0]}}> but was:<...:childNodeCount":2,"[:data":{":childNodeCount":0},"prefix@d:":{":childNodeCount":1,":data":{}]}}>]
10:11:59.586 [pool-71-thread-1] INFO  f.i.l.r.n.synth.SMTNopolSynthesizer - Not enough specifications: 0. A trivial patch is "true" or "false", please write new tests specifying SourceLocation org.apache.jackrabbit.oak.plugins.index.old.PrefixIndex:57.
10:11:59.586 [pool-2-thread-1] DEBUG fr.inria.lille.repair.nopol.NoPol - statement #30
10:11:59.586 [pool-2-thread-1] DEBUG fr.inria.lille.repair.nopol.NoPol - Analysing SourceLocation org.apache.jackrabbit.oak.plugins.index.old.PrefixIndex:56 which is executed by 3 tests
-1236272831
10:11:59.750 [pool-2-thread-1] DEBUG fr.inria.lille.repair.nopol.NoPol - statement #31
10:11:59.750 [pool-2-thread-1] DEBUG fr.inria.lille.repair.nopol.NoPol - Analysing SourceLocation org.apache.jackrabbit.oak.plugins.index.old.PrefixIndex:51 which is executed by 3 tests
-1236272831
10:11:59.914 [pool-2-thread-1] DEBUG fr.inria.lille.repair.nopol.NoPol - statement #32
10:11:59.914 [pool-2-thread-1] DEBUG fr.inria.lille.repair.nopol.NoPol - Analysing SourceLocation org.apache.jackrabbit.oak.plugins.index.old.Indexer:176 which is executed by 3 tests
-687021856
10:12:00.098 [pool-2-thread-1] DEBUG fr.inria.lille.repair.nopol.NoPol - statement #33
10:12:00.098 [pool-2-thread-1] DEBUG fr.inria.lille.repair.nopol.NoPol - Analysing SourceLocation org.apache.jackrabbit.oak.plugins.index.old.Indexer:175 which is executed by 3 tests
-687021856
10:12:00.285 [pool-2-thread-1] DEBUG fr.inria.lille.repair.nopol.NoPol - looking with class fr.inria.lille.repair.nopol.spoon.smt.ConditionalAdder
SLF4J: Class path contains multiple SLF4J bindings.
SLF4J: Found binding in [jar:file:/home/tdurieux/.m2/repository/org/slf4j/slf4j-nop/1.5.8/slf4j-nop-1.5.8.jar!/org/slf4j/impl/StaticLoggerBinder.class]
SLF4J: Found binding in [jar:file:/home/tdurieux/.m2/repository/ch/qos/logback/logback-classic/1.0.1/logback-classic-1.0.1.jar!/org/slf4j/impl/StaticLoggerBinder.class]
SLF4J: Found binding in [jar:file:/home/tdurieux/.m2/repository/org/slf4j/slf4j-simple/1.6.1/slf4j-simple-1.6.1.jar!/org/slf4j/impl/StaticLoggerBinder.class]
SLF4J: Found binding in [jar:file:/home/tdurieux/defects4j4repair/script/../repair_tools/nopol.jar!/org/slf4j/impl/StaticLoggerBinder.class]
SLF4J: See http://www.slf4j.org/codes.html#multiple_bindings for an explanation.
SLF4J: The requested version 1.5.8 by your slf4j binding is not compatible with [1.6]
SLF4J: See http://www.slf4j.org/codes.html#version_mismatch for further details.
junit.framework.ComparisonFailure: expected:<...:childNodeCount":2,"[prefix@d:":{":childNodeCount":1,":data":{}},":data":{":childNodeCount":0]}}> but was:<...:childNodeCount":2,"[:data":{":childNodeCount":0},"prefix@d:":{":childNodeCount":1,":data":{}]}}>
    at junit.framework.Assert.assertEquals(Assert.java:100)
    at junit.framework.Assert.assertEquals(Assert.java:107)
    at org.apache.jackrabbit.oak.plugins.index.old.PrefixIndexTest.test(PrefixIndexTest.java:42)
    at sun.reflect.NativeMethodAccessorImpl.invoke0(Native Method)
    at sun.reflect.NativeMethodAccessorImpl.invoke(NativeMethodAccessorImpl.java:62)
    at sun.reflect.DelegatingMethodAccessorImpl.invoke(DelegatingMethodAccessorImpl.java:43)
10:12:00.384 [pool-76-thread-1] INFO  xxl.java.junit.TestCasesListener - Tests run finished (97 ms)
<> Total tests run: 1
<> Ignored tests: 0
<> Failed tests: 1
~ test(org.apache.jackrabbit.oak.plugins.index.old.PrefixIndexTest)
[expected:<...:childNodeCount":2,"[prefix@d:":{":childNodeCount":1,":data":{}},":data":{":childNodeCount":0]}}> but was:<...:childNodeCount":2,"[:data":{":childNodeCount":0},"prefix@d:":{":childNodeCount":1,":data":{}]}}>]
junit.framework.ComparisonFailure: expected:<...:childNodeCount":2,"[prefix@d:":{":childNodeCount":1,":data":{}},":data":{":childNodeCount":0]}}> but was:<...:childNodeCount":2,"[:data":{":childNodeCount":0},"prefix@d:":{":childNodeCount":1,":data":{}]}}>    at junit.framework.Assert.assertEquals(Assert.java:100)
    at junit.framework.Assert.assertEquals(Assert.java:107)
    at org.apache.jackrabbit.oak.plugins.index.old.PrefixIndexTest.test(PrefixIndexTest.java:42)
    at sun.reflect.NativeMethodAccessorImpl.invoke0(Native Method)
    at sun.reflect.NativeMethodAccessorImpl.invoke(NativeMethodAccessorImpl.java:62)
    at sun.reflect.DelegatingMethodAccessorImpl.invoke(DelegatingMethodAccessorImpl.java:43)

SLF4J: Class path contains multiple SLF4J bindings.
SLF4J: Found binding in [jar:file:/home/tdurieux/.m2/repository/org/slf4j/slf4j-nop/1.5.8/slf4j-nop-1.5.8.jar!/org/slf4j/impl/StaticLoggerBinder.class]
SLF4J: Found binding in [jar:file:/home/tdurieux/.m2/repository/ch/qos/logback/logback-classic/1.0.1/logback-classic-1.0.1.jar!/org/slf4j/impl/StaticLoggerBinder.class]
SLF4J: Found binding in [jar:file:/home/tdurieux/.m2/repository/org/slf4j/slf4j-simple/1.6.1/slf4j-simple-1.6.1.jar!/org/slf4j/impl/StaticLoggerBinder.class]
SLF4J: Found binding in [jar:file:/home/tdurieux/defects4j4repair/script/../repair_tools/nopol.jar!/org/slf4j/impl/StaticLoggerBinder.class]
SLF4J: See http://www.slf4j.org/codes.html#multiple_bindings for an explanation.
SLF4J: The requested version 1.5.8 by your slf4j binding is not compatible with [1.6]
SLF4J: See http://www.slf4j.org/codes.html#version_mismatch for further details.
junit.framework.ComparisonFailure: expected:<...:childNodeCount":2,"[prefix@d:":{":childNodeCount":1,":data":{}},":data":{":childNodeCount":0]}}> but was:<...:childNodeCount":2,"[:data":{":childNodeCount":0},"prefix@d:":{":childNodeCount":1,":data":{}]}}>
    at junit.framework.Assert.assertEquals(Assert.java:100)
    at junit.framework.Assert.assertEquals(Assert.java:107)
    at org.apache.jackrabbit.oak.plugins.index.old.PrefixIndexTest.test(PrefixIndexTest.java:42)
    at sun.reflect.NativeMethodAccessorImpl.invoke0(Native Method)
    at sun.reflect.NativeMethodAccessorImpl.invoke(NativeMethodAccessorImpl.java:62)
    at sun.reflect.DelegatingMethodAccessorImpl.invoke(DelegatingMethodAccessorImpl.java:43)
10:12:00.868 [pool-77-thread-1] INFO  f.i.l.c.t.SpecificationTestCasesListener - Tests run finished (96 ms)
<> Total tests run: 1
<> Ignored tests: 0
<> Failed tests: 1
~ test(org.apache.jackrabbit.oak.plugins.index.old.PrefixIndexTest)
[expected:<...:childNodeCount":2,"[prefix@d:":{":childNodeCount":1,":data":{}},":data":{":childNodeCount":0]}}> but was:<...:childNodeCount":2,"[:data":{":childNodeCount":0},"prefix@d:":{":childNodeCount":1,":data":{}]}}>]
junit.framework.ComparisonFailure: expected:<...:childNodeCount":2,"[prefix@d:":{":childNodeCount":1,":data":{}},":data":{":childNodeCount":0]}}> but was:<...:childNodeCount":2,"[:data":{":childNodeCount":0},"prefix@d:":{":childNodeCount":1,":data":{}]}}>    at junit.framework.Assert.assertEquals(Assert.java:100)
    at junit.framework.Assert.assertEquals(Assert.java:107)
    at org.apache.jackrabbit.oak.plugins.index.old.PrefixIndexTest.test(PrefixIndexTest.java:42)
    at sun.reflect.NativeMethodAccessorImpl.invoke0(Native Method)
    at sun.reflect.NativeMethodAccessorImpl.invoke(NativeMethodAccessorImpl.java:62)
    at sun.reflect.DelegatingMethodAccessorImpl.invoke(DelegatingMethodAccessorImpl.java:43)

junit.framework.ComparisonFailure: expected:<...:childNodeCount":2,"[prefix@d:":{":childNodeCount":1,":data":{}},":data":{":childNodeCount":0]}}> but was:<...:childNodeCount":2,"[:data":{":childNodeCount":0},"prefix@d:":{":childNodeCount":1,":data":{}]}}>
    at junit.framework.Assert.assertEquals(Assert.java:100)
    at junit.framework.Assert.assertEquals(Assert.java:107)
    at org.apache.jackrabbit.oak.plugins.index.old.PrefixIndexTest.test(PrefixIndexTest.java:42)
    at sun.reflect.NativeMethodAccessorImpl.invoke0(Native Method)
    at sun.reflect.NativeMethodAccessorImpl.invoke(NativeMethodAccessorImpl.java:62)
    at sun.reflect.DelegatingMethodAccessorImpl.invoke(DelegatingMethodAccessorImpl.java:43)
10:12:00.872 [pool-78-thread-1] INFO  f.i.l.c.t.SpecificationTestCasesListener - Tests run finished (3 ms)
<> Total tests run: 1
<> Ignored tests: 0
<> Failed tests: 1
~ test(org.apache.jackrabbit.oak.plugins.index.old.PrefixIndexTest)
[expected:<...:childNodeCount":2,"[prefix@d:":{":childNodeCount":1,":data":{}},":data":{":childNodeCount":0]}}> but was:<...:childNodeCount":2,"[:data":{":childNodeCount":0},"prefix@d:":{":childNodeCount":1,":data":{}]}}>]
junit.framework.ComparisonFailure: expected:<...:childNodeCount":2,"[prefix@d:":{":childNodeCount":1,":data":{}},":data":{":childNodeCount":0]}}> but was:<...:childNodeCount":2,"[:data":{":childNodeCount":0},"prefix@d:":{":childNodeCount":1,":data":{}]}}>    at junit.framework.Assert.assertEquals(Assert.java:100)
    at junit.framework.Assert.assertEquals(Assert.java:107)
    at org.apache.jackrabbit.oak.plugins.index.old.PrefixIndexTest.test(PrefixIndexTest.java:42)
    at sun.reflect.NativeMethodAccessorImpl.invoke0(Native Method)
    at sun.reflect.NativeMethodAccessorImpl.invoke(NativeMethodAccessorImpl.java:62)
    at sun.reflect.DelegatingMethodAccessorImpl.invoke(DelegatingMethodAccessorImpl.java:43)

10:12:00.873 [pool-75-thread-1] DEBUG tests.output - Failing tests with false: 
[test(org.apache.jackrabbit.oak.plugins.index.old.PrefixIndexTest): expected:<...:childNodeCount":2,"[prefix@d:":{":childNodeCount":1,":data":{}},":data":{":childNodeCount":0]}}> but was:<...:childNodeCount":2,"[:data":{":childNodeCount":0},"prefix@d:":{":childNodeCount":1,":data":{}]}}>]
10:12:00.873 [pool-75-thread-1] DEBUG tests.output - Failing tests with true: 
[test(org.apache.jackrabbit.oak.plugins.index.old.PrefixIndexTest): expected:<...:childNodeCount":2,"[prefix@d:":{":childNodeCount":1,":data":{}},":data":{":childNodeCount":0]}}> but was:<...:childNodeCount":2,"[:data":{":childNodeCount":0},"prefix@d:":{":childNodeCount":1,":data":{}]}}>]
10:12:00.873 [pool-75-thread-1] INFO  f.i.l.r.n.synth.SMTNopolSynthesizer - Not enough specifications: 0. A trivial patch is "true" or "false", please write new tests specifying SourceLocation org.apache.jackrabbit.oak.plugins.index.old.Indexer:175.
10:12:00.873 [pool-2-thread-1] DEBUG fr.inria.lille.repair.nopol.NoPol - statement #34
10:12:00.873 [pool-2-thread-1] DEBUG fr.inria.lille.repair.nopol.NoPol - Analysing SourceLocation org.apache.jackrabbit.oak.plugins.index.old.Indexer:174 which is executed by 3 tests
-687021856
10:12:01.071 [pool-2-thread-1] DEBUG fr.inria.lille.repair.nopol.NoPol - looking with class fr.inria.lille.repair.nopol.spoon.smt.ConditionalAdder
SLF4J: Class path contains multiple SLF4J bindings.
SLF4J: Found binding in [jar:file:/home/tdurieux/.m2/repository/org/slf4j/slf4j-nop/1.5.8/slf4j-nop-1.5.8.jar!/org/slf4j/impl/StaticLoggerBinder.class]
SLF4J: Found binding in [jar:file:/home/tdurieux/.m2/repository/ch/qos/logback/logback-classic/1.0.1/logback-classic-1.0.1.jar!/org/slf4j/impl/StaticLoggerBinder.class]
SLF4J: Found binding in [jar:file:/home/tdurieux/.m2/repository/org/slf4j/slf4j-simple/1.6.1/slf4j-simple-1.6.1.jar!/org/slf4j/impl/StaticLoggerBinder.class]
SLF4J: Found binding in [jar:file:/home/tdurieux/defects4j4repair/script/../repair_tools/nopol.jar!/org/slf4j/impl/StaticLoggerBinder.class]
SLF4J: See http://www.slf4j.org/codes.html#multiple_bindings for an explanation.
SLF4J: The requested version 1.5.8 by your slf4j binding is not compatible with [1.6]
SLF4J: See http://www.slf4j.org/codes.html#version_mismatch for further details.
junit.framework.ComparisonFailure: expected:<...:childNodeCount":2,"[prefix@d:":{":childNodeCount":1,":data":{}},":data":{":childNodeCount":0]}}> but was:<...:childNodeCount":2,"[:data":{":childNodeCount":0},"prefix@d:":{":childNodeCount":1,":data":{}]}}>
    at junit.framework.Assert.assertEquals(Assert.java:100)
    at junit.framework.Assert.assertEquals(Assert.java:107)
    at org.apache.jackrabbit.oak.plugins.index.old.PrefixIndexTest.test(PrefixIndexTest.java:42)
    at sun.reflect.NativeMethodAccessorImpl.invoke0(Native Method)
    at sun.reflect.NativeMethodAccessorImpl.invoke(NativeMethodAccessorImpl.java:62)
    at sun.reflect.DelegatingMethodAccessorImpl.invoke(DelegatingMethodAccessorImpl.java:43)
10:12:01.170 [pool-80-thread-1] INFO  xxl.java.junit.TestCasesListener - Tests run finished (94 ms)
<> Total tests run: 1
<> Ignored tests: 0
<> Failed tests: 1
~ test(org.apache.jackrabbit.oak.plugins.index.old.PrefixIndexTest)
[expected:<...:childNodeCount":2,"[prefix@d:":{":childNodeCount":1,":data":{}},":data":{":childNodeCount":0]}}> but was:<...:childNodeCount":2,"[:data":{":childNodeCount":0},"prefix@d:":{":childNodeCount":1,":data":{}]}}>]
junit.framework.ComparisonFailure: expected:<...:childNodeCount":2,"[prefix@d:":{":childNodeCount":1,":data":{}},":data":{":childNodeCount":0]}}> but was:<...:childNodeCount":2,"[:data":{":childNodeCount":0},"prefix@d:":{":childNodeCount":1,":data":{}]}}>    at junit.framework.Assert.assertEquals(Assert.java:100)
    at junit.framework.Assert.assertEquals(Assert.java:107)
    at org.apache.jackrabbit.oak.plugins.index.old.PrefixIndexTest.test(PrefixIndexTest.java:42)
    at sun.reflect.NativeMethodAccessorImpl.invoke0(Native Method)
    at sun.reflect.NativeMethodAccessorImpl.invoke(NativeMethodAccessorImpl.java:62)
    at sun.reflect.DelegatingMethodAccessorImpl.invoke(DelegatingMethodAccessorImpl.java:43)

SLF4J: Class path contains multiple SLF4J bindings.
SLF4J: Found binding in [jar:file:/home/tdurieux/.m2/repository/org/slf4j/slf4j-nop/1.5.8/slf4j-nop-1.5.8.jar!/org/slf4j/impl/StaticLoggerBinder.class]
SLF4J: Found binding in [jar:file:/home/tdurieux/.m2/repository/ch/qos/logback/logback-classic/1.0.1/logback-classic-1.0.1.jar!/org/slf4j/impl/StaticLoggerBinder.class]
SLF4J: Found binding in [jar:file:/home/tdurieux/.m2/repository/org/slf4j/slf4j-simple/1.6.1/slf4j-simple-1.6.1.jar!/org/slf4j/impl/StaticLoggerBinder.class]
SLF4J: Found binding in [jar:file:/home/tdurieux/defects4j4repair/script/../repair_tools/nopol.jar!/org/slf4j/impl/StaticLoggerBinder.class]
SLF4J: See http://www.slf4j.org/codes.html#multiple_bindings for an explanation.
SLF4J: The requested version 1.5.8 by your slf4j binding is not compatible with [1.6]
SLF4J: See http://www.slf4j.org/codes.html#version_mismatch for further details.
junit.framework.ComparisonFailure: expected:<...:childNodeCount":2,"[prefix@d:":{":childNodeCount":1,":data":{}},":data":{":childNodeCount":0]}}> but was:<...:childNodeCount":2,"[:data":{":childNodeCount":0},"prefix@d:":{":childNodeCount":1,":data":{}]}}>
    at junit.framework.Assert.assertEquals(Assert.java:100)
    at junit.framework.Assert.assertEquals(Assert.java:107)
    at org.apache.jackrabbit.oak.plugins.index.old.PrefixIndexTest.test(PrefixIndexTest.java:42)
    at sun.reflect.NativeMethodAccessorImpl.invoke0(Native Method)
    at sun.reflect.NativeMethodAccessorImpl.invoke(NativeMethodAccessorImpl.java:62)
    at sun.reflect.DelegatingMethodAccessorImpl.invoke(DelegatingMethodAccessorImpl.java:43)
10:12:02.965 [pool-81-thread-1] INFO  f.i.l.c.t.SpecificationTestCasesListener - Tests run finished (1377 ms)
<> Total tests run: 1
<> Ignored tests: 0
<> Failed tests: 1
~ test(org.apache.jackrabbit.oak.plugins.index.old.PrefixIndexTest)
[expected:<...:childNodeCount":2,"[prefix@d:":{":childNodeCount":1,":data":{}},":data":{":childNodeCount":0]}}> but was:<...:childNodeCount":2,"[:data":{":childNodeCount":0},"prefix@d:":{":childNodeCount":1,":data":{}]}}>]
junit.framework.ComparisonFailure: expected:<...:childNodeCount":2,"[prefix@d:":{":childNodeCount":1,":data":{}},":data":{":childNodeCount":0]}}> but was:<...:childNodeCount":2,"[:data":{":childNodeCount":0},"prefix@d:":{":childNodeCount":1,":data":{}]}}>    at junit.framework.Assert.assertEquals(Assert.java:100)
    at junit.framework.Assert.assertEquals(Assert.java:107)
    at org.apache.jackrabbit.oak.plugins.index.old.PrefixIndexTest.test(PrefixIndexTest.java:42)
    at sun.reflect.NativeMethodAccessorImpl.invoke0(Native Method)
    at sun.reflect.NativeMethodAccessorImpl.invoke(NativeMethodAccessorImpl.java:62)
    at sun.reflect.DelegatingMethodAccessorImpl.invoke(DelegatingMethodAccessorImpl.java:43)

junit.framework.ComparisonFailure: expected:<...:childNodeCount":2,"[prefix@d:":{":childNodeCount":1,":data":{}},":data":{":childNodeCount":0]}}> but was:<...:childNodeCount":2,"[:data":{":childNodeCount":0},"prefix@d:":{":childNodeCount":1,":data":{}]}}>
    at junit.framework.Assert.assertEquals(Assert.java:100)
    at junit.framework.Assert.assertEquals(Assert.java:107)
    at org.apache.jackrabbit.oak.plugins.index.old.PrefixIndexTest.test(PrefixIndexTest.java:42)
    at sun.reflect.NativeMethodAccessorImpl.invoke0(Native Method)
    at sun.reflect.NativeMethodAccessorImpl.invoke(NativeMethodAccessorImpl.java:62)
    at sun.reflect.DelegatingMethodAccessorImpl.invoke(DelegatingMethodAccessorImpl.java:43)
10:12:02.973 [pool-82-thread-1] INFO  f.i.l.c.t.SpecificationTestCasesListener - Tests run finished (8 ms)
<> Total tests run: 1
<> Ignored tests: 0
<> Failed tests: 1
~ test(org.apache.jackrabbit.oak.plugins.index.old.PrefixIndexTest)
[expected:<...:childNodeCount":2,"[prefix@d:":{":childNodeCount":1,":data":{}},":data":{":childNodeCount":0]}}> but was:<...:childNodeCount":2,"[:data":{":childNodeCount":0},"prefix@d:":{":childNodeCount":1,":data":{}]}}>]
junit.framework.ComparisonFailure: expected:<...:childNodeCount":2,"[prefix@d:":{":childNodeCount":1,":data":{}},":data":{":childNodeCount":0]}}> but was:<...:childNodeCount":2,"[:data":{":childNodeCount":0},"prefix@d:":{":childNodeCount":1,":data":{}]}}>    at junit.framework.Assert.assertEquals(Assert.java:100)
    at junit.framework.Assert.assertEquals(Assert.java:107)
    at org.apache.jackrabbit.oak.plugins.index.old.PrefixIndexTest.test(PrefixIndexTest.java:42)
    at sun.reflect.NativeMethodAccessorImpl.invoke0(Native Method)
    at sun.reflect.NativeMethodAccessorImpl.invoke(NativeMethodAccessorImpl.java:62)
    at sun.reflect.DelegatingMethodAccessorImpl.invoke(DelegatingMethodAccessorImpl.java:43)

10:12:02.975 [pool-79-thread-1] DEBUG tests.output - Failing tests with false: 
[test(org.apache.jackrabbit.oak.plugins.index.old.PrefixIndexTest): expected:<...:childNodeCount":2,"[prefix@d:":{":childNodeCount":1,":data":{}},":data":{":childNodeCount":0]}}> but was:<...:childNodeCount":2,"[:data":{":childNodeCount":0},"prefix@d:":{":childNodeCount":1,":data":{}]}}>]
10:12:02.975 [pool-79-thread-1] DEBUG tests.output - Failing tests with true: 
[test(org.apache.jackrabbit.oak.plugins.index.old.PrefixIndexTest): expected:<...:childNodeCount":2,"[prefix@d:":{":childNodeCount":1,":data":{}},":data":{":childNodeCount":0]}}> but was:<...:childNodeCount":2,"[:data":{":childNodeCount":0},"prefix@d:":{":childNodeCount":1,":data":{}]}}>]
10:12:02.975 [pool-79-thread-1] INFO  f.i.l.r.n.synth.SMTNopolSynthesizer - Not enough specifications: 0. A trivial patch is "true" or "false", please write new tests specifying SourceLocation org.apache.jackrabbit.oak.plugins.index.old.Indexer:174.
10:12:02.975 [pool-2-thread-1] DEBUG fr.inria.lille.repair.nopol.NoPol - statement #35
10:12:02.975 [pool-2-thread-1] DEBUG fr.inria.lille.repair.nopol.NoPol - Analysing SourceLocation org.apache.jackrabbit.oak.plugins.index.old.Indexer:173 which is executed by 3 tests
-687021856
10:12:03.169 [pool-2-thread-1] DEBUG fr.inria.lille.repair.nopol.NoPol - looking with class fr.inria.lille.repair.nopol.spoon.smt.ConditionalAdder
SLF4J: Class path contains multiple SLF4J bindings.
SLF4J: Found binding in [jar:file:/home/tdurieux/.m2/repository/org/slf4j/slf4j-nop/1.5.8/slf4j-nop-1.5.8.jar!/org/slf4j/impl/StaticLoggerBinder.class]
SLF4J: Found binding in [jar:file:/home/tdurieux/.m2/repository/ch/qos/logback/logback-classic/1.0.1/logback-classic-1.0.1.jar!/org/slf4j/impl/StaticLoggerBinder.class]
SLF4J: Found binding in [jar:file:/home/tdurieux/.m2/repository/org/slf4j/slf4j-simple/1.6.1/slf4j-simple-1.6.1.jar!/org/slf4j/impl/StaticLoggerBinder.class]
SLF4J: Found binding in [jar:file:/home/tdurieux/defects4j4repair/script/../repair_tools/nopol.jar!/org/slf4j/impl/StaticLoggerBinder.class]
SLF4J: See http://www.slf4j.org/codes.html#multiple_bindings for an explanation.
SLF4J: The requested version 1.5.8 by your slf4j binding is not compatible with [1.6]
SLF4J: See http://www.slf4j.org/codes.html#version_mismatch for further details.
junit.framework.ComparisonFailure: expected:<...:childNodeCount":2,"[prefix@d:":{":childNodeCount":1,":data":{}},":data":{":childNodeCount":0]}}> but was:<...:childNodeCount":2,"[:data":{":childNodeCount":0},"prefix@d:":{":childNodeCount":1,":data":{}]}}>
    at junit.framework.Assert.assertEquals(Assert.java:100)
    at junit.framework.Assert.assertEquals(Assert.java:107)
    at org.apache.jackrabbit.oak.plugins.index.old.PrefixIndexTest.test(PrefixIndexTest.java:42)
    at sun.reflect.NativeMethodAccessorImpl.invoke0(Native Method)
    at sun.reflect.NativeMethodAccessorImpl.invoke(NativeMethodAccessorImpl.java:62)
    at sun.reflect.DelegatingMethodAccessorImpl.invoke(DelegatingMethodAccessorImpl.java:43)
10:12:03.261 [pool-84-thread-1] INFO  xxl.java.junit.TestCasesListener - Tests run finished (90 ms)
<> Total tests run: 1
<> Ignored tests: 0
<> Failed tests: 1
~ test(org.apache.jackrabbit.oak.plugins.index.old.PrefixIndexTest)
[expected:<...:childNodeCount":2,"[prefix@d:":{":childNodeCount":1,":data":{}},":data":{":childNodeCount":0]}}> but was:<...:childNodeCount":2,"[:data":{":childNodeCount":0},"prefix@d:":{":childNodeCount":1,":data":{}]}}>]
junit.framework.ComparisonFailure: expected:<...:childNodeCount":2,"[prefix@d:":{":childNodeCount":1,":data":{}},":data":{":childNodeCount":0]}}> but was:<...:childNodeCount":2,"[:data":{":childNodeCount":0},"prefix@d:":{":childNodeCount":1,":data":{}]}}>    at junit.framework.Assert.assertEquals(Assert.java:100)
    at junit.framework.Assert.assertEquals(Assert.java:107)
    at org.apache.jackrabbit.oak.plugins.index.old.PrefixIndexTest.test(PrefixIndexTest.java:42)
    at sun.reflect.NativeMethodAccessorImpl.invoke0(Native Method)
    at sun.reflect.NativeMethodAccessorImpl.invoke(NativeMethodAccessorImpl.java:62)
    at sun.reflect.DelegatingMethodAccessorImpl.invoke(DelegatingMethodAccessorImpl.java:43)

SLF4J: Class path contains multiple SLF4J bindings.
SLF4J: Found binding in [jar:file:/home/tdurieux/.m2/repository/org/slf4j/slf4j-nop/1.5.8/slf4j-nop-1.5.8.jar!/org/slf4j/impl/StaticLoggerBinder.class]
SLF4J: Found binding in [jar:file:/home/tdurieux/.m2/repository/ch/qos/logback/logback-classic/1.0.1/logback-classic-1.0.1.jar!/org/slf4j/impl/StaticLoggerBinder.class]
SLF4J: Found binding in [jar:file:/home/tdurieux/.m2/repository/org/slf4j/slf4j-simple/1.6.1/slf4j-simple-1.6.1.jar!/org/slf4j/impl/StaticLoggerBinder.class]
SLF4J: Found binding in [jar:file:/home/tdurieux/defects4j4repair/script/../repair_tools/nopol.jar!/org/slf4j/impl/StaticLoggerBinder.class]
SLF4J: See http://www.slf4j.org/codes.html#multiple_bindings for an explanation.
SLF4J: The requested version 1.5.8 by your slf4j binding is not compatible with [1.6]
SLF4J: See http://www.slf4j.org/codes.html#version_mismatch for further details.
junit.framework.ComparisonFailure: expected:<...:childNodeCount":2,"[prefix@d:":{":childNodeCount":1,":data":{}},":data":{":childNodeCount":0]}}> but was:<...:childNodeCount":2,"[:data":{":childNodeCount":0},"prefix@d:":{":childNodeCount":1,":data":{}]}}>
    at junit.framework.Assert.assertEquals(Assert.java:100)
    at junit.framework.Assert.assertEquals(Assert.java:107)
    at org.apache.jackrabbit.oak.plugins.index.old.PrefixIndexTest.test(PrefixIndexTest.java:42)
    at sun.reflect.NativeMethodAccessorImpl.invoke0(Native Method)
    at sun.reflect.NativeMethodAccessorImpl.invoke(NativeMethodAccessorImpl.java:62)
    at sun.reflect.DelegatingMethodAccessorImpl.invoke(DelegatingMethodAccessorImpl.java:43)
10:12:03.711 [pool-85-thread-1] INFO  f.i.l.c.t.SpecificationTestCasesListener - Tests run finished (84 ms)
<> Total tests run: 1
<> Ignored tests: 0
<> Failed tests: 1
~ test(org.apache.jackrabbit.oak.plugins.index.old.PrefixIndexTest)
[expected:<...:childNodeCount":2,"[prefix@d:":{":childNodeCount":1,":data":{}},":data":{":childNodeCount":0]}}> but was:<...:childNodeCount":2,"[:data":{":childNodeCount":0},"prefix@d:":{":childNodeCount":1,":data":{}]}}>]
junit.framework.ComparisonFailure: expected:<...:childNodeCount":2,"[prefix@d:":{":childNodeCount":1,":data":{}},":data":{":childNodeCount":0]}}> but was:<...:childNodeCount":2,"[:data":{":childNodeCount":0},"prefix@d:":{":childNodeCount":1,":data":{}]}}>    at junit.framework.Assert.assertEquals(Assert.java:100)
    at junit.framework.Assert.assertEquals(Assert.java:107)
    at org.apache.jackrabbit.oak.plugins.index.old.PrefixIndexTest.test(PrefixIndexTest.java:42)
    at sun.reflect.NativeMethodAccessorImpl.invoke0(Native Method)
    at sun.reflect.NativeMethodAccessorImpl.invoke(NativeMethodAccessorImpl.java:62)
    at sun.reflect.DelegatingMethodAccessorImpl.invoke(DelegatingMethodAccessorImpl.java:43)

junit.framework.ComparisonFailure: expected:<...:childNodeCount":2,"[prefix@d:":{":childNodeCount":1,":data":{}},":data":{":childNodeCount":0]}}> but was:<...:childNodeCount":2,"[:data":{":childNodeCount":0},"prefix@d:":{":childNodeCount":1,":data":{}]}}>
    at junit.framework.Assert.assertEquals(Assert.java:100)
    at junit.framework.Assert.assertEquals(Assert.java:107)
    at org.apache.jackrabbit.oak.plugins.index.old.PrefixIndexTest.test(PrefixIndexTest.java:42)
    at sun.reflect.NativeMethodAccessorImpl.invoke0(Native Method)
    at sun.reflect.NativeMethodAccessorImpl.invoke(NativeMethodAccessorImpl.java:62)
    at sun.reflect.DelegatingMethodAccessorImpl.invoke(DelegatingMethodAccessorImpl.java:43)
10:12:03.719 [pool-86-thread-1] INFO  f.i.l.c.t.SpecificationTestCasesListener - Tests run finished (7 ms)
<> Total tests run: 1
<> Ignored tests: 0
<> Failed tests: 1
~ test(org.apache.jackrabbit.oak.plugins.index.old.PrefixIndexTest)
[expected:<...:childNodeCount":2,"[prefix@d:":{":childNodeCount":1,":data":{}},":data":{":childNodeCount":0]}}> but was:<...:childNodeCount":2,"[:data":{":childNodeCount":0},"prefix@d:":{":childNodeCount":1,":data":{}]}}>]
junit.framework.ComparisonFailure: expected:<...:childNodeCount":2,"[prefix@d:":{":childNodeCount":1,":data":{}},":data":{":childNodeCount":0]}}> but was:<...:childNodeCount":2,"[:data":{":childNodeCount":0},"prefix@d:":{":childNodeCount":1,":data":{}]}}>    at junit.framework.Assert.assertEquals(Assert.java:100)
    at junit.framework.Assert.assertEquals(Assert.java:107)
    at org.apache.jackrabbit.oak.plugins.index.old.PrefixIndexTest.test(PrefixIndexTest.java:42)
    at sun.reflect.NativeMethodAccessorImpl.invoke0(Native Method)
    at sun.reflect.NativeMethodAccessorImpl.invoke(NativeMethodAccessorImpl.java:62)
    at sun.reflect.DelegatingMethodAccessorImpl.invoke(DelegatingMethodAccessorImpl.java:43)

10:12:03.720 [pool-83-thread-1] DEBUG tests.output - Failing tests with false: 
[test(org.apache.jackrabbit.oak.plugins.index.old.PrefixIndexTest): expected:<...:childNodeCount":2,"[prefix@d:":{":childNodeCount":1,":data":{}},":data":{":childNodeCount":0]}}> but was:<...:childNodeCount":2,"[:data":{":childNodeCount":0},"prefix@d:":{":childNodeCount":1,":data":{}]}}>]
10:12:03.720 [pool-83-thread-1] DEBUG tests.output - Failing tests with true: 
[test(org.apache.jackrabbit.oak.plugins.index.old.PrefixIndexTest): expected:<...:childNodeCount":2,"[prefix@d:":{":childNodeCount":1,":data":{}},":data":{":childNodeCount":0]}}> but was:<...:childNodeCount":2,"[:data":{":childNodeCount":0},"prefix@d:":{":childNodeCount":1,":data":{}]}}>]
10:12:03.720 [pool-83-thread-1] INFO  f.i.l.r.n.synth.SMTNopolSynthesizer - Not enough specifications: 0. A trivial patch is "true" or "false", please write new tests specifying SourceLocation org.apache.jackrabbit.oak.plugins.index.old.Indexer:173.
10:12:03.720 [pool-2-thread-1] DEBUG fr.inria.lille.repair.nopol.NoPol - statement #36
10:12:03.720 [pool-2-thread-1] DEBUG fr.inria.lille.repair.nopol.NoPol - Analysing SourceLocation org.apache.jackrabbit.oak.plugins.index.old.Indexer:172 which is executed by 3 tests
-687021856
10:12:03.901 [pool-2-thread-1] DEBUG fr.inria.lille.repair.nopol.NoPol - statement #37
10:12:03.901 [pool-2-thread-1] DEBUG fr.inria.lille.repair.nopol.NoPol - Analysing SourceLocation org.apache.jackrabbit.oak.plugins.index.old.Indexer:169 which is executed by 3 tests
-687021856
10:12:04.084 [pool-2-thread-1] DEBUG fr.inria.lille.repair.nopol.NoPol - looking with class fr.inria.lille.repair.nopol.spoon.smt.ConditionalAdder
SLF4J: Class path contains multiple SLF4J bindings.
SLF4J: Found binding in [jar:file:/home/tdurieux/.m2/repository/org/slf4j/slf4j-nop/1.5.8/slf4j-nop-1.5.8.jar!/org/slf4j/impl/StaticLoggerBinder.class]
SLF4J: Found binding in [jar:file:/home/tdurieux/.m2/repository/ch/qos/logback/logback-classic/1.0.1/logback-classic-1.0.1.jar!/org/slf4j/impl/StaticLoggerBinder.class]
SLF4J: Found binding in [jar:file:/home/tdurieux/.m2/repository/org/slf4j/slf4j-simple/1.6.1/slf4j-simple-1.6.1.jar!/org/slf4j/impl/StaticLoggerBinder.class]
SLF4J: Found binding in [jar:file:/home/tdurieux/defects4j4repair/script/../repair_tools/nopol.jar!/org/slf4j/impl/StaticLoggerBinder.class]
SLF4J: See http://www.slf4j.org/codes.html#multiple_bindings for an explanation.
SLF4J: The requested version 1.5.8 by your slf4j binding is not compatible with [1.6]
SLF4J: See http://www.slf4j.org/codes.html#version_mismatch for further details.
junit.framework.ComparisonFailure: expected:<...:childNodeCount":2,"[prefix@d:":{":childNodeCount":1,":data":{}},":data":{":childNodeCount":0]}}> but was:<...:childNodeCount":2,"[:data":{":childNodeCount":0},"prefix@d:":{":childNodeCount":1,":data":{}]}}>
    at junit.framework.Assert.assertEquals(Assert.java:100)
    at junit.framework.Assert.assertEquals(Assert.java:107)
    at org.apache.jackrabbit.oak.plugins.index.old.PrefixIndexTest.test(PrefixIndexTest.java:42)
    at sun.reflect.NativeMethodAccessorImpl.invoke0(Native Method)
    at sun.reflect.NativeMethodAccessorImpl.invoke(NativeMethodAccessorImpl.java:62)
    at sun.reflect.DelegatingMethodAccessorImpl.invoke(DelegatingMethodAccessorImpl.java:43)
10:12:04.176 [pool-88-thread-1] INFO  xxl.java.junit.TestCasesListener - Tests run finished (89 ms)
<> Total tests run: 1
<> Ignored tests: 0
<> Failed tests: 1
~ test(org.apache.jackrabbit.oak.plugins.index.old.PrefixIndexTest)
[expected:<...:childNodeCount":2,"[prefix@d:":{":childNodeCount":1,":data":{}},":data":{":childNodeCount":0]}}> but was:<...:childNodeCount":2,"[:data":{":childNodeCount":0},"prefix@d:":{":childNodeCount":1,":data":{}]}}>]
junit.framework.ComparisonFailure: expected:<...:childNodeCount":2,"[prefix@d:":{":childNodeCount":1,":data":{}},":data":{":childNodeCount":0]}}> but was:<...:childNodeCount":2,"[:data":{":childNodeCount":0},"prefix@d:":{":childNodeCount":1,":data":{}]}}>    at junit.framework.Assert.assertEquals(Assert.java:100)
    at junit.framework.Assert.assertEquals(Assert.java:107)
    at org.apache.jackrabbit.oak.plugins.index.old.PrefixIndexTest.test(PrefixIndexTest.java:42)
    at sun.reflect.NativeMethodAccessorImpl.invoke0(Native Method)
    at sun.reflect.NativeMethodAccessorImpl.invoke(NativeMethodAccessorImpl.java:62)
    at sun.reflect.DelegatingMethodAccessorImpl.invoke(DelegatingMethodAccessorImpl.java:43)

SLF4J: Class path contains multiple SLF4J bindings.
SLF4J: Found binding in [jar:file:/home/tdurieux/.m2/repository/org/slf4j/slf4j-nop/1.5.8/slf4j-nop-1.5.8.jar!/org/slf4j/impl/StaticLoggerBinder.class]
SLF4J: Found binding in [jar:file:/home/tdurieux/.m2/repository/ch/qos/logback/logback-classic/1.0.1/logback-classic-1.0.1.jar!/org/slf4j/impl/StaticLoggerBinder.class]
SLF4J: Found binding in [jar:file:/home/tdurieux/.m2/repository/org/slf4j/slf4j-simple/1.6.1/slf4j-simple-1.6.1.jar!/org/slf4j/impl/StaticLoggerBinder.class]
SLF4J: Found binding in [jar:file:/home/tdurieux/defects4j4repair/script/../repair_tools/nopol.jar!/org/slf4j/impl/StaticLoggerBinder.class]
SLF4J: See http://www.slf4j.org/codes.html#multiple_bindings for an explanation.
SLF4J: The requested version 1.5.8 by your slf4j binding is not compatible with [1.6]
SLF4J: See http://www.slf4j.org/codes.html#version_mismatch for further details.
junit.framework.ComparisonFailure: expected:<...:childNodeCount":2,"[prefix@d:":{":childNodeCount":1,":data":{}},":data":{":childNodeCount":0]}}> but was:<...:childNodeCount":2,"[:data":{":childNodeCount":0},"prefix@d:":{":childNodeCount":1,":data":{}]}}>
    at junit.framework.Assert.assertEquals(Assert.java:100)
    at junit.framework.Assert.assertEquals(Assert.java:107)
    at org.apache.jackrabbit.oak.plugins.index.old.PrefixIndexTest.test(PrefixIndexTest.java:42)
    at sun.reflect.NativeMethodAccessorImpl.invoke0(Native Method)
    at sun.reflect.NativeMethodAccessorImpl.invoke(NativeMethodAccessorImpl.java:62)
    at sun.reflect.DelegatingMethodAccessorImpl.invoke(DelegatingMethodAccessorImpl.java:43)
10:12:04.611 [pool-89-thread-1] INFO  f.i.l.c.t.SpecificationTestCasesListener - Tests run finished (89 ms)
<> Total tests run: 1
<> Ignored tests: 0
<> Failed tests: 1
~ test(org.apache.jackrabbit.oak.plugins.index.old.PrefixIndexTest)
[expected:<...:childNodeCount":2,"[prefix@d:":{":childNodeCount":1,":data":{}},":data":{":childNodeCount":0]}}> but was:<...:childNodeCount":2,"[:data":{":childNodeCount":0},"prefix@d:":{":childNodeCount":1,":data":{}]}}>]
junit.framework.ComparisonFailure: expected:<...:childNodeCount":2,"[prefix@d:":{":childNodeCount":1,":data":{}},":data":{":childNodeCount":0]}}> but was:<...:childNodeCount":2,"[:data":{":childNodeCount":0},"prefix@d:":{":childNodeCount":1,":data":{}]}}>    at junit.framework.Assert.assertEquals(Assert.java:100)
    at junit.framework.Assert.assertEquals(Assert.java:107)
    at org.apache.jackrabbit.oak.plugins.index.old.PrefixIndexTest.test(PrefixIndexTest.java:42)
    at sun.reflect.NativeMethodAccessorImpl.invoke0(Native Method)
    at sun.reflect.NativeMethodAccessorImpl.invoke(NativeMethodAccessorImpl.java:62)
    at sun.reflect.DelegatingMethodAccessorImpl.invoke(DelegatingMethodAccessorImpl.java:43)

junit.framework.ComparisonFailure: expected:<...:childNodeCount":2,"[prefix@d:":{":childNodeCount":1,":data":{}},":data":{":childNodeCount":0]}}> but was:<...:childNodeCount":2,"[:data":{":childNodeCount":0},"prefix@d:":{":childNodeCount":1,":data":{}]}}>
    at junit.framework.Assert.assertEquals(Assert.java:100)
    at junit.framework.Assert.assertEquals(Assert.java:107)
    at org.apache.jackrabbit.oak.plugins.index.old.PrefixIndexTest.test(PrefixIndexTest.java:42)
    at sun.reflect.NativeMethodAccessorImpl.invoke0(Native Method)
    at sun.reflect.NativeMethodAccessorImpl.invoke(NativeMethodAccessorImpl.java:62)
    at sun.reflect.DelegatingMethodAccessorImpl.invoke(DelegatingMethodAccessorImpl.java:43)
10:12:04.614 [pool-90-thread-1] INFO  f.i.l.c.t.SpecificationTestCasesListener - Tests run finished (3 ms)
<> Total tests run: 1
<> Ignored tests: 0
<> Failed tests: 1
~ test(org.apache.jackrabbit.oak.plugins.index.old.PrefixIndexTest)
[expected:<...:childNodeCount":2,"[prefix@d:":{":childNodeCount":1,":data":{}},":data":{":childNodeCount":0]}}> but was:<...:childNodeCount":2,"[:data":{":childNodeCount":0},"prefix@d:":{":childNodeCount":1,":data":{}]}}>]
junit.framework.ComparisonFailure: expected:<...:childNodeCount":2,"[prefix@d:":{":childNodeCount":1,":data":{}},":data":{":childNodeCount":0]}}> but was:<...:childNodeCount":2,"[:data":{":childNodeCount":0},"prefix@d:":{":childNodeCount":1,":data":{}]}}>    at junit.framework.Assert.assertEquals(Assert.java:100)
    at junit.framework.Assert.assertEquals(Assert.java:107)
    at org.apache.jackrabbit.oak.plugins.index.old.PrefixIndexTest.test(PrefixIndexTest.java:42)
    at sun.reflect.NativeMethodAccessorImpl.invoke0(Native Method)
    at sun.reflect.NativeMethodAccessorImpl.invoke(NativeMethodAccessorImpl.java:62)
    at sun.reflect.DelegatingMethodAccessorImpl.invoke(DelegatingMethodAccessorImpl.java:43)

10:12:04.614 [pool-87-thread-1] DEBUG tests.output - Failing tests with false: 
[test(org.apache.jackrabbit.oak.plugins.index.old.PrefixIndexTest): expected:<...:childNodeCount":2,"[prefix@d:":{":childNodeCount":1,":data":{}},":data":{":childNodeCount":0]}}> but was:<...:childNodeCount":2,"[:data":{":childNodeCount":0},"prefix@d:":{":childNodeCount":1,":data":{}]}}>]
10:12:04.614 [pool-87-thread-1] DEBUG tests.output - Failing tests with true: 
[test(org.apache.jackrabbit.oak.plugins.index.old.PrefixIndexTest): expected:<...:childNodeCount":2,"[prefix@d:":{":childNodeCount":1,":data":{}},":data":{":childNodeCount":0]}}> but was:<...:childNodeCount":2,"[:data":{":childNodeCount":0},"prefix@d:":{":childNodeCount":1,":data":{}]}}>]
10:12:04.614 [pool-87-thread-1] INFO  f.i.l.r.n.synth.SMTNopolSynthesizer - Not enough specifications: 0. A trivial patch is "true" or "false", please write new tests specifying SourceLocation org.apache.jackrabbit.oak.plugins.index.old.Indexer:169.
10:12:04.614 [pool-2-thread-1] DEBUG fr.inria.lille.repair.nopol.NoPol - looking with class fr.inria.lille.repair.nopol.spoon.smt.ConditionalReplacer
SLF4J: Class path contains multiple SLF4J bindings.
SLF4J: Found binding in [jar:file:/home/tdurieux/.m2/repository/org/slf4j/slf4j-nop/1.5.8/slf4j-nop-1.5.8.jar!/org/slf4j/impl/StaticLoggerBinder.class]
SLF4J: Found binding in [jar:file:/home/tdurieux/.m2/repository/ch/qos/logback/logback-classic/1.0.1/logback-classic-1.0.1.jar!/org/slf4j/impl/StaticLoggerBinder.class]
SLF4J: Found binding in [jar:file:/home/tdurieux/.m2/repository/org/slf4j/slf4j-simple/1.6.1/slf4j-simple-1.6.1.jar!/org/slf4j/impl/StaticLoggerBinder.class]
SLF4J: Found binding in [jar:file:/home/tdurieux/defects4j4repair/script/../repair_tools/nopol.jar!/org/slf4j/impl/StaticLoggerBinder.class]
SLF4J: See http://www.slf4j.org/codes.html#multiple_bindings for an explanation.
SLF4J: The requested version 1.5.8 by your slf4j binding is not compatible with [1.6]
SLF4J: See http://www.slf4j.org/codes.html#version_mismatch for further details.
junit.framework.ComparisonFailure: expected:<...:childNodeCount":2,"[prefix@d:":{":childNodeCount":1,":data":{}},":data":{":childNodeCount":0]}}> but was:<...:childNodeCount":2,"[:data":{":childNodeCount":0},"prefix@d:":{":childNodeCount":1,":data":{}]}}>
    at junit.framework.Assert.assertEquals(Assert.java:100)
    at junit.framework.Assert.assertEquals(Assert.java:107)
    at org.apache.jackrabbit.oak.plugins.index.old.PrefixIndexTest.test(PrefixIndexTest.java:42)
    at sun.reflect.NativeMethodAccessorImpl.invoke0(Native Method)
    at sun.reflect.NativeMethodAccessorImpl.invoke(NativeMethodAccessorImpl.java:62)
    at sun.reflect.DelegatingMethodAccessorImpl.invoke(DelegatingMethodAccessorImpl.java:43)
10:12:04.704 [pool-92-thread-1] INFO  xxl.java.junit.TestCasesListener - Tests run finished (88 ms)
<> Total tests run: 1
<> Ignored tests: 0
<> Failed tests: 1
~ test(org.apache.jackrabbit.oak.plugins.index.old.PrefixIndexTest)
[expected:<...:childNodeCount":2,"[prefix@d:":{":childNodeCount":1,":data":{}},":data":{":childNodeCount":0]}}> but was:<...:childNodeCount":2,"[:data":{":childNodeCount":0},"prefix@d:":{":childNodeCount":1,":data":{}]}}>]
junit.framework.ComparisonFailure: expected:<...:childNodeCount":2,"[prefix@d:":{":childNodeCount":1,":data":{}},":data":{":childNodeCount":0]}}> but was:<...:childNodeCount":2,"[:data":{":childNodeCount":0},"prefix@d:":{":childNodeCount":1,":data":{}]}}>    at junit.framework.Assert.assertEquals(Assert.java:100)
    at junit.framework.Assert.assertEquals(Assert.java:107)
    at org.apache.jackrabbit.oak.plugins.index.old.PrefixIndexTest.test(PrefixIndexTest.java:42)
    at sun.reflect.NativeMethodAccessorImpl.invoke0(Native Method)
    at sun.reflect.NativeMethodAccessorImpl.invoke(NativeMethodAccessorImpl.java:62)
    at sun.reflect.DelegatingMethodAccessorImpl.invoke(DelegatingMethodAccessorImpl.java:43)

SLF4J: Class path contains multiple SLF4J bindings.
SLF4J: Found binding in [jar:file:/home/tdurieux/.m2/repository/org/slf4j/slf4j-nop/1.5.8/slf4j-nop-1.5.8.jar!/org/slf4j/impl/StaticLoggerBinder.class]
SLF4J: Found binding in [jar:file:/home/tdurieux/.m2/repository/ch/qos/logback/logback-classic/1.0.1/logback-classic-1.0.1.jar!/org/slf4j/impl/StaticLoggerBinder.class]
SLF4J: Found binding in [jar:file:/home/tdurieux/.m2/repository/org/slf4j/slf4j-simple/1.6.1/slf4j-simple-1.6.1.jar!/org/slf4j/impl/StaticLoggerBinder.class]
SLF4J: Found binding in [jar:file:/home/tdurieux/defects4j4repair/script/../repair_tools/nopol.jar!/org/slf4j/impl/StaticLoggerBinder.class]
SLF4J: See http://www.slf4j.org/codes.html#multiple_bindings for an explanation.
SLF4J: The requested version 1.5.8 by your slf4j binding is not compatible with [1.6]
SLF4J: See http://www.slf4j.org/codes.html#version_mismatch for further details.
junit.framework.ComparisonFailure: expected:<...:childNodeCount":2,"[prefix@d:":{":childNodeCount":1,":data":{}},":data":{":childNodeCount":0]}}> but was:<...:childNodeCount":2,"[:data":{":childNodeCount":0},"prefix@d:":{":childNodeCount":1,":data":{}]}}>
    at junit.framework.Assert.assertEquals(Assert.java:100)
    at junit.framework.Assert.assertEquals(Assert.java:107)
    at org.apache.jackrabbit.oak.plugins.index.old.PrefixIndexTest.test(PrefixIndexTest.java:42)
    at sun.reflect.NativeMethodAccessorImpl.invoke0(Native Method)
    at sun.reflect.NativeMethodAccessorImpl.invoke(NativeMethodAccessorImpl.java:62)
    at sun.reflect.DelegatingMethodAccessorImpl.invoke(DelegatingMethodAccessorImpl.java:43)
10:12:05.133 [pool-93-thread-1] INFO  f.i.l.c.t.SpecificationTestCasesListener - Tests run finished (87 ms)
<> Total tests run: 1
<> Ignored tests: 0
<> Failed tests: 1
~ test(org.apache.jackrabbit.oak.plugins.index.old.PrefixIndexTest)
[expected:<...:childNodeCount":2,"[prefix@d:":{":childNodeCount":1,":data":{}},":data":{":childNodeCount":0]}}> but was:<...:childNodeCount":2,"[:data":{":childNodeCount":0},"prefix@d:":{":childNodeCount":1,":data":{}]}}>]
junit.framework.ComparisonFailure: expected:<...:childNodeCount":2,"[prefix@d:":{":childNodeCount":1,":data":{}},":data":{":childNodeCount":0]}}> but was:<...:childNodeCount":2,"[:data":{":childNodeCount":0},"prefix@d:":{":childNodeCount":1,":data":{}]}}>    at junit.framework.Assert.assertEquals(Assert.java:100)
    at junit.framework.Assert.assertEquals(Assert.java:107)
    at org.apache.jackrabbit.oak.plugins.index.old.PrefixIndexTest.test(PrefixIndexTest.java:42)
    at sun.reflect.NativeMethodAccessorImpl.invoke0(Native Method)
    at sun.reflect.NativeMethodAccessorImpl.invoke(NativeMethodAccessorImpl.java:62)
    at sun.reflect.DelegatingMethodAccessorImpl.invoke(DelegatingMethodAccessorImpl.java:43)

junit.framework.ComparisonFailure: expected:<{":childNodeCount":[2,"prefix@d:":{":childNodeCount":1,":data":{}}],":data":{":childNod...> but was:<{":childNodeCount":[1],":data":{":childNod...>
    at junit.framework.Assert.assertEquals(Assert.java:100)
    at junit.framework.Assert.assertEquals(Assert.java:107)
    at org.apache.jackrabbit.oak.plugins.index.old.PrefixIndexTest.test(PrefixIndexTest.java:42)
    at sun.reflect.NativeMethodAccessorImpl.invoke0(Native Method)
    at sun.reflect.NativeMethodAccessorImpl.invoke(NativeMethodAccessorImpl.java:62)
    at sun.reflect.DelegatingMethodAccessorImpl.invoke(DelegatingMethodAccessorImpl.java:43)
10:12:05.135 [pool-94-thread-1] INFO  f.i.l.c.t.SpecificationTestCasesListener - Tests run finished (2 ms)
<> Total tests run: 1
<> Ignored tests: 0
<> Failed tests: 1
~ test(org.apache.jackrabbit.oak.plugins.index.old.PrefixIndexTest)
[expected:<{":childNodeCount":[2,"prefix@d:":{":childNodeCount":1,":data":{}}],":data":{":childNod...> but was:<{":childNodeCount":[1],":data":{":childNod...>]
junit.framework.ComparisonFailure: expected:<{":childNodeCount":[2,"prefix@d:":{":childNodeCount":1,":data":{}}],":data":{":childNod...> but was:<{":childNodeCount":[1],":data":{":childNod...>    at junit.framework.Assert.assertEquals(Assert.java:100)
    at junit.framework.Assert.assertEquals(Assert.java:107)
    at org.apache.jackrabbit.oak.plugins.index.old.PrefixIndexTest.test(PrefixIndexTest.java:42)
    at sun.reflect.NativeMethodAccessorImpl.invoke0(Native Method)
    at sun.reflect.NativeMethodAccessorImpl.invoke(NativeMethodAccessorImpl.java:62)
    at sun.reflect.DelegatingMethodAccessorImpl.invoke(DelegatingMethodAccessorImpl.java:43)

10:12:05.140 [pool-91-thread-1] DEBUG tests.output - Failing tests with false: 
[test(org.apache.jackrabbit.oak.plugins.index.old.PrefixIndexTest): expected:<...:childNodeCount":2,"[prefix@d:":{":childNodeCount":1,":data":{}},":data":{":childNodeCount":0]}}> but was:<...:childNodeCount":2,"[:data":{":childNodeCount":0},"prefix@d:":{":childNodeCount":1,":data":{}]}}>]
10:12:05.141 [pool-91-thread-1] DEBUG tests.output - Failing tests with true: 
[test(org.apache.jackrabbit.oak.plugins.index.old.PrefixIndexTest): expected:<{":childNodeCount":[2,"prefix@d:":{":childNodeCount":1,":data":{}}],":data":{":childNod...> but was:<{":childNodeCount":[1],":data":{":childNod...>]
10:12:05.141 [pool-91-thread-1] INFO  f.i.l.r.n.synth.SMTNopolSynthesizer - Not enough specifications: 0. A trivial patch is "true" or "false", please write new tests specifying SourceLocation org.apache.jackrabbit.oak.plugins.index.old.Indexer:169.
10:12:05.141 [pool-2-thread-1] DEBUG fr.inria.lille.repair.nopol.NoPol - statement #38
10:12:05.141 [pool-2-thread-1] DEBUG fr.inria.lille.repair.nopol.NoPol - Analysing SourceLocation org.apache.jackrabbit.oak.plugins.index.old.Indexer:168 which is executed by 3 tests
-687021856
10:12:05.321 [pool-2-thread-1] DEBUG fr.inria.lille.repair.nopol.NoPol - statement #39
10:12:05.321 [pool-2-thread-1] DEBUG fr.inria.lille.repair.nopol.NoPol - Analysing SourceLocation org.apache.jackrabbit.oak.plugins.memory.MemoryNodeBuilder:393 which is executed by 6 tests
-308272295
10:12:05.503 [pool-2-thread-1] DEBUG fr.inria.lille.repair.nopol.NoPol - looking with class fr.inria.lille.repair.nopol.spoon.smt.ConditionalAdder
java.lang.AssertionError: Missing child node e on path key/d/e/f
    at org.junit.Assert.fail(Assert.java:88)
    at org.junit.Assert.assertTrue(Assert.java:41)
    at org.apache.jackrabbit.oak.plugins.index.p2.strategy.ContentMirrorStoreStrategyTest.checkPath(ContentMirrorStoreStrategyTest.java:91)
    at org.apache.jackrabbit.oak.plugins.index.p2.strategy.ContentMirrorStoreStrategyTest.testIndexPruning(ContentMirrorStoreStrategyTest.java:67)
    at sun.reflect.NativeMethodAccessorImpl.invoke0(Native Method)
    at sun.reflect.NativeMethodAccessorImpl.invoke(NativeMethodAccessorImpl.java:62)
10:12:05.541 [pool-96-thread-1] INFO  xxl.java.junit.TestCasesListener - Tests run finished (35 ms)
<> Total tests run: 1
<> Ignored tests: 0
<> Failed tests: 1
~ testIndexPruning(org.apache.jackrabbit.oak.plugins.index.p2.strategy.ContentMirrorStoreStrategyTest)
[Missing child node e on path key/d/e/f]
java.lang.AssertionError: Missing child node e on path key/d/e/f    at org.junit.Assert.fail(Assert.java:88)
    at org.junit.Assert.assertTrue(Assert.java:41)
    at org.apache.jackrabbit.oak.plugins.index.p2.strategy.ContentMirrorStoreStrategyTest.checkPath(ContentMirrorStoreStrategyTest.java:91)
    at org.apache.jackrabbit.oak.plugins.index.p2.strategy.ContentMirrorStoreStrategyTest.testIndexPruning(ContentMirrorStoreStrategyTest.java:67)
    at sun.reflect.NativeMethodAccessorImpl.invoke0(Native Method)
    at sun.reflect.NativeMethodAccessorImpl.invoke(NativeMethodAccessorImpl.java:62)

java.lang.AssertionError
    at org.junit.Assert.fail(Assert.java:86)
    at org.junit.Assert.assertTrue(Assert.java:41)
    at org.junit.Assert.assertFalse(Assert.java:64)
    at org.junit.Assert.assertFalse(Assert.java:74)
    at org.apache.jackrabbit.oak.plugins.index.p2.strategy.ContentMirrorStoreStrategyTest.checkNotPath(ContentMirrorStoreStrategyTest.java:110)
    at org.apache.jackrabbit.oak.plugins.index.p2.strategy.ContentMirrorStoreStrategyTest.testIndexPruning(ContentMirrorStoreStrategyTest.java:71)
10:12:06.043 [pool-97-thread-1] INFO  f.i.l.c.t.SpecificationTestCasesListener - Tests run finished (37 ms)
<> Total tests run: 1
<> Ignored tests: 0
<> Failed tests: 1
~ testIndexPruning(org.apache.jackrabbit.oak.plugins.index.p2.strategy.ContentMirrorStoreStrategyTest)
[null]
java.lang.AssertionError    at org.junit.Assert.fail(Assert.java:86)
    at org.junit.Assert.assertTrue(Assert.java:41)
    at org.junit.Assert.assertFalse(Assert.java:64)
    at org.junit.Assert.assertFalse(Assert.java:74)
    at org.apache.jackrabbit.oak.plugins.index.p2.strategy.ContentMirrorStoreStrategyTest.checkNotPath(ContentMirrorStoreStrategyTest.java:110)
    at org.apache.jackrabbit.oak.plugins.index.p2.strategy.ContentMirrorStoreStrategyTest.testIndexPruning(ContentMirrorStoreStrategyTest.java:71)

java.lang.AssertionError: Missing child node e on path key/d/e/f
    at org.junit.Assert.fail(Assert.java:88)
    at org.junit.Assert.assertTrue(Assert.java:41)
    at org.apache.jackrabbit.oak.plugins.index.p2.strategy.ContentMirrorStoreStrategyTest.checkPath(ContentMirrorStoreStrategyTest.java:91)
    at org.apache.jackrabbit.oak.plugins.index.p2.strategy.ContentMirrorStoreStrategyTest.testIndexPruning(ContentMirrorStoreStrategyTest.java:67)
    at sun.reflect.NativeMethodAccessorImpl.invoke0(Native Method)
    at sun.reflect.NativeMethodAccessorImpl.invoke(NativeMethodAccessorImpl.java:62)
10:12:06.045 [pool-98-thread-1] INFO  f.i.l.c.t.SpecificationTestCasesListener - Tests run finished (1 ms)
<> Total tests run: 1
<> Ignored tests: 0
<> Failed tests: 1
~ testIndexPruning(org.apache.jackrabbit.oak.plugins.index.p2.strategy.ContentMirrorStoreStrategyTest)
[Missing child node e on path key/d/e/f]
java.lang.AssertionError: Missing child node e on path key/d/e/f    at org.junit.Assert.fail(Assert.java:88)
    at org.junit.Assert.assertTrue(Assert.java:41)
    at org.apache.jackrabbit.oak.plugins.index.p2.strategy.ContentMirrorStoreStrategyTest.checkPath(ContentMirrorStoreStrategyTest.java:91)
    at org.apache.jackrabbit.oak.plugins.index.p2.strategy.ContentMirrorStoreStrategyTest.testIndexPruning(ContentMirrorStoreStrategyTest.java:67)
    at sun.reflect.NativeMethodAccessorImpl.invoke0(Native Method)
    at sun.reflect.NativeMethodAccessorImpl.invoke(NativeMethodAccessorImpl.java:62)

10:12:06.046 [pool-95-thread-1] DEBUG tests.output - Failing tests with false: 
[testIndexPruning(org.apache.jackrabbit.oak.plugins.index.p2.strategy.ContentMirrorStoreStrategyTest): null]
10:12:06.047 [pool-95-thread-1] DEBUG tests.output - Failing tests with true: 
[testIndexPruning(org.apache.jackrabbit.oak.plugins.index.p2.strategy.ContentMirrorStoreStrategyTest): Missing child node e on path key/d/e/f]
10:12:06.047 [pool-95-thread-1] INFO  f.i.l.r.n.synth.SMTNopolSynthesizer - Not enough specifications: 0. A trivial patch is "true" or "false", please write new tests specifying SourceLocation org.apache.jackrabbit.oak.plugins.memory.MemoryNodeBuilder:393.
10:12:06.047 [pool-2-thread-1] DEBUG fr.inria.lille.repair.nopol.NoPol - statement #40
10:12:06.047 [pool-2-thread-1] DEBUG fr.inria.lille.repair.nopol.NoPol - Analysing SourceLocation org.apache.jackrabbit.oak.plugins.memory.MemoryNodeBuilder$MutableNodeState:563 which is executed by 7 tests
-308272295
10:12:06.232 [pool-2-thread-1] DEBUG fr.inria.lille.repair.nopol.NoPol - statement #41
10:12:06.232 [pool-2-thread-1] DEBUG fr.inria.lille.repair.nopol.NoPol - Analysing SourceLocation org.apache.jackrabbit.oak.plugins.memory.MemoryNodeState:91 which is executed by 10 tests
1584055183
10:12:06.394 [pool-2-thread-1] DEBUG fr.inria.lille.repair.nopol.NoPol - statement #42
10:12:06.394 [pool-2-thread-1] DEBUG fr.inria.lille.repair.nopol.NoPol - Analysing SourceLocation org.apache.jackrabbit.oak.plugins.index.old.Indexer:634 which is executed by 11 tests
-687021856
10:12:06.593 [pool-2-thread-1] DEBUG fr.inria.lille.repair.nopol.NoPol - statement #43
10:12:06.594 [pool-2-thread-1] DEBUG fr.inria.lille.repair.nopol.NoPol - Analysing SourceLocation org.apache.jackrabbit.oak.plugins.index.old.Indexer:631 which is executed by 11 tests
-687021856
10:12:06.821 [pool-2-thread-1] DEBUG fr.inria.lille.repair.nopol.NoPol - statement #44
10:12:06.821 [pool-2-thread-1] DEBUG fr.inria.lille.repair.nopol.NoPol - Analysing SourceLocation org.apache.jackrabbit.oak.plugins.index.old.Indexer:628 which is executed by 11 tests
-687021856
10:12:07.038 [pool-2-thread-1] DEBUG fr.inria.lille.repair.nopol.NoPol - looking with class fr.inria.lille.repair.nopol.spoon.smt.ConditionalAdder
SLF4J: Class path contains multiple SLF4J bindings.
SLF4J: Found binding in [jar:file:/home/tdurieux/.m2/repository/org/slf4j/slf4j-nop/1.5.8/slf4j-nop-1.5.8.jar!/org/slf4j/impl/StaticLoggerBinder.class]
SLF4J: Found binding in [jar:file:/home/tdurieux/.m2/repository/ch/qos/logback/logback-classic/1.0.1/logback-classic-1.0.1.jar!/org/slf4j/impl/StaticLoggerBinder.class]
SLF4J: Found binding in [jar:file:/home/tdurieux/.m2/repository/org/slf4j/slf4j-simple/1.6.1/slf4j-simple-1.6.1.jar!/org/slf4j/impl/StaticLoggerBinder.class]
SLF4J: Found binding in [jar:file:/home/tdurieux/defects4j4repair/script/../repair_tools/nopol.jar!/org/slf4j/impl/StaticLoggerBinder.class]
SLF4J: See http://www.slf4j.org/codes.html#multiple_bindings for an explanation.
SLF4J: The requested version 1.5.8 by your slf4j binding is not compatible with [1.6]
SLF4J: See http://www.slf4j.org/codes.html#version_mismatch for further details.
junit.framework.ComparisonFailure: expected:<...:childNodeCount":2,"[prefix@d:":{":childNodeCount":1,":data":{}},":data":{":childNodeCount":0]}}> but was:<...:childNodeCount":2,"[:data":{":childNodeCount":0},"prefix@d:":{":childNodeCount":1,":data":{}]}}>
    at junit.framework.Assert.assertEquals(Assert.java:100)
    at junit.framework.Assert.assertEquals(Assert.java:107)
    at org.apache.jackrabbit.oak.plugins.index.old.PrefixIndexTest.test(PrefixIndexTest.java:42)
    at sun.reflect.NativeMethodAccessorImpl.invoke0(Native Method)
    at sun.reflect.NativeMethodAccessorImpl.invoke(NativeMethodAccessorImpl.java:62)
    at sun.reflect.DelegatingMethodAccessorImpl.invoke(DelegatingMethodAccessorImpl.java:43)
10:12:07.126 [pool-100-thread-1] INFO  xxl.java.junit.TestCasesListener - Tests run finished (86 ms)
<> Total tests run: 1
<> Ignored tests: 0
<> Failed tests: 1
~ test(org.apache.jackrabbit.oak.plugins.index.old.PrefixIndexTest)
[expected:<...:childNodeCount":2,"[prefix@d:":{":childNodeCount":1,":data":{}},":data":{":childNodeCount":0]}}> but was:<...:childNodeCount":2,"[:data":{":childNodeCount":0},"prefix@d:":{":childNodeCount":1,":data":{}]}}>]
junit.framework.ComparisonFailure: expected:<...:childNodeCount":2,"[prefix@d:":{":childNodeCount":1,":data":{}},":data":{":childNodeCount":0]}}> but was:<...:childNodeCount":2,"[:data":{":childNodeCount":0},"prefix@d:":{":childNodeCount":1,":data":{}]}}>    at junit.framework.Assert.assertEquals(Assert.java:100)
    at junit.framework.Assert.assertEquals(Assert.java:107)
    at org.apache.jackrabbit.oak.plugins.index.old.PrefixIndexTest.test(PrefixIndexTest.java:42)
    at sun.reflect.NativeMethodAccessorImpl.invoke0(Native Method)
    at sun.reflect.NativeMethodAccessorImpl.invoke(NativeMethodAccessorImpl.java:62)
    at sun.reflect.DelegatingMethodAccessorImpl.invoke(DelegatingMethodAccessorImpl.java:43)

SLF4J: Class path contains multiple SLF4J bindings.
SLF4J: Found binding in [jar:file:/home/tdurieux/.m2/repository/org/slf4j/slf4j-nop/1.5.8/slf4j-nop-1.5.8.jar!/org/slf4j/impl/StaticLoggerBinder.class]
SLF4J: Found binding in [jar:file:/home/tdurieux/.m2/repository/ch/qos/logback/logback-classic/1.0.1/logback-classic-1.0.1.jar!/org/slf4j/impl/StaticLoggerBinder.class]
SLF4J: Found binding in [jar:file:/home/tdurieux/.m2/repository/org/slf4j/slf4j-simple/1.6.1/slf4j-simple-1.6.1.jar!/org/slf4j/impl/StaticLoggerBinder.class]
SLF4J: Found binding in [jar:file:/home/tdurieux/defects4j4repair/script/../repair_tools/nopol.jar!/org/slf4j/impl/StaticLoggerBinder.class]
SLF4J: See http://www.slf4j.org/codes.html#multiple_bindings for an explanation.
SLF4J: The requested version 1.5.8 by your slf4j binding is not compatible with [1.6]
SLF4J: See http://www.slf4j.org/codes.html#version_mismatch for further details.
junit.framework.ComparisonFailure: expected:<...:childNodeCount":2,"[prefix@d:":{":childNodeCount":1,":data":{}},":data":{":childNodeCount":0]}}> but was:<...:childNodeCount":2,"[:data":{":childNodeCount":0},"prefix@d:":{":childNodeCount":1,":data":{}]}}>
    at junit.framework.Assert.assertEquals(Assert.java:100)
    at junit.framework.Assert.assertEquals(Assert.java:107)
    at org.apache.jackrabbit.oak.plugins.index.old.PrefixIndexTest.test(PrefixIndexTest.java:42)
    at sun.reflect.NativeMethodAccessorImpl.invoke0(Native Method)
    at sun.reflect.NativeMethodAccessorImpl.invoke(NativeMethodAccessorImpl.java:62)
    at sun.reflect.DelegatingMethodAccessorImpl.invoke(DelegatingMethodAccessorImpl.java:43)
10:12:07.543 [pool-101-thread-1] INFO  f.i.l.c.t.SpecificationTestCasesListener - Tests run finished (88 ms)
<> Total tests run: 1
<> Ignored tests: 0
<> Failed tests: 1
~ test(org.apache.jackrabbit.oak.plugins.index.old.PrefixIndexTest)
[expected:<...:childNodeCount":2,"[prefix@d:":{":childNodeCount":1,":data":{}},":data":{":childNodeCount":0]}}> but was:<...:childNodeCount":2,"[:data":{":childNodeCount":0},"prefix@d:":{":childNodeCount":1,":data":{}]}}>]
junit.framework.ComparisonFailure: expected:<...:childNodeCount":2,"[prefix@d:":{":childNodeCount":1,":data":{}},":data":{":childNodeCount":0]}}> but was:<...:childNodeCount":2,"[:data":{":childNodeCount":0},"prefix@d:":{":childNodeCount":1,":data":{}]}}>    at junit.framework.Assert.assertEquals(Assert.java:100)
    at junit.framework.Assert.assertEquals(Assert.java:107)
    at org.apache.jackrabbit.oak.plugins.index.old.PrefixIndexTest.test(PrefixIndexTest.java:42)
    at sun.reflect.NativeMethodAccessorImpl.invoke0(Native Method)
    at sun.reflect.NativeMethodAccessorImpl.invoke(NativeMethodAccessorImpl.java:62)
    at sun.reflect.DelegatingMethodAccessorImpl.invoke(DelegatingMethodAccessorImpl.java:43)

junit.framework.ComparisonFailure: expected:<...:childNodeCount":2,"[prefix@d:":{":childNodeCount":1,":data":{}},":data":{":childNodeCount":0]}}> but was:<...:childNodeCount":2,"[:data":{":childNodeCount":0},"prefix@d:":{":childNodeCount":1,":data":{}]}}>
    at junit.framework.Assert.assertEquals(Assert.java:100)
    at junit.framework.Assert.assertEquals(Assert.java:107)
    at org.apache.jackrabbit.oak.plugins.index.old.PrefixIndexTest.test(PrefixIndexTest.java:42)
    at sun.reflect.NativeMethodAccessorImpl.invoke0(Native Method)
    at sun.reflect.NativeMethodAccessorImpl.invoke(NativeMethodAccessorImpl.java:62)
    at sun.reflect.DelegatingMethodAccessorImpl.invoke(DelegatingMethodAccessorImpl.java:43)
10:12:07.546 [pool-102-thread-1] INFO  f.i.l.c.t.SpecificationTestCasesListener - Tests run finished (3 ms)
<> Total tests run: 1
<> Ignored tests: 0
<> Failed tests: 1
~ test(org.apache.jackrabbit.oak.plugins.index.old.PrefixIndexTest)
[expected:<...:childNodeCount":2,"[prefix@d:":{":childNodeCount":1,":data":{}},":data":{":childNodeCount":0]}}> but was:<...:childNodeCount":2,"[:data":{":childNodeCount":0},"prefix@d:":{":childNodeCount":1,":data":{}]}}>]
junit.framework.ComparisonFailure: expected:<...:childNodeCount":2,"[prefix@d:":{":childNodeCount":1,":data":{}},":data":{":childNodeCount":0]}}> but was:<...:childNodeCount":2,"[:data":{":childNodeCount":0},"prefix@d:":{":childNodeCount":1,":data":{}]}}>    at junit.framework.Assert.assertEquals(Assert.java:100)
    at junit.framework.Assert.assertEquals(Assert.java:107)
    at org.apache.jackrabbit.oak.plugins.index.old.PrefixIndexTest.test(PrefixIndexTest.java:42)
    at sun.reflect.NativeMethodAccessorImpl.invoke0(Native Method)
    at sun.reflect.NativeMethodAccessorImpl.invoke(NativeMethodAccessorImpl.java:62)
    at sun.reflect.DelegatingMethodAccessorImpl.invoke(DelegatingMethodAccessorImpl.java:43)

10:12:07.546 [pool-99-thread-1] DEBUG tests.output - Failing tests with false: 
[test(org.apache.jackrabbit.oak.plugins.index.old.PrefixIndexTest): expected:<...:childNodeCount":2,"[prefix@d:":{":childNodeCount":1,":data":{}},":data":{":childNodeCount":0]}}> but was:<...:childNodeCount":2,"[:data":{":childNodeCount":0},"prefix@d:":{":childNodeCount":1,":data":{}]}}>]
10:12:07.546 [pool-99-thread-1] DEBUG tests.output - Failing tests with true: 
[test(org.apache.jackrabbit.oak.plugins.index.old.PrefixIndexTest): expected:<...:childNodeCount":2,"[prefix@d:":{":childNodeCount":1,":data":{}},":data":{":childNodeCount":0]}}> but was:<...:childNodeCount":2,"[:data":{":childNodeCount":0},"prefix@d:":{":childNodeCount":1,":data":{}]}}>]
10:12:07.546 [pool-99-thread-1] INFO  f.i.l.r.n.synth.SMTNopolSynthesizer - Not enough specifications: 0. A trivial patch is "true" or "false", please write new tests specifying SourceLocation org.apache.jackrabbit.oak.plugins.index.old.Indexer:628.
10:12:07.546 [pool-2-thread-1] DEBUG fr.inria.lille.repair.nopol.NoPol - looking with class fr.inria.lille.repair.nopol.spoon.smt.ConditionalReplacer
SLF4J: Class path contains multiple SLF4J bindings.
SLF4J: Found binding in [jar:file:/home/tdurieux/.m2/repository/org/slf4j/slf4j-nop/1.5.8/slf4j-nop-1.5.8.jar!/org/slf4j/impl/StaticLoggerBinder.class]
SLF4J: Found binding in [jar:file:/home/tdurieux/.m2/repository/ch/qos/logback/logback-classic/1.0.1/logback-classic-1.0.1.jar!/org/slf4j/impl/StaticLoggerBinder.class]
SLF4J: Found binding in [jar:file:/home/tdurieux/.m2/repository/org/slf4j/slf4j-simple/1.6.1/slf4j-simple-1.6.1.jar!/org/slf4j/impl/StaticLoggerBinder.class]
SLF4J: Found binding in [jar:file:/home/tdurieux/defects4j4repair/script/../repair_tools/nopol.jar!/org/slf4j/impl/StaticLoggerBinder.class]
SLF4J: See http://www.slf4j.org/codes.html#multiple_bindings for an explanation.
SLF4J: The requested version 1.5.8 by your slf4j binding is not compatible with [1.6]
SLF4J: See http://www.slf4j.org/codes.html#version_mismatch for further details.
junit.framework.ComparisonFailure: expected:<...:childNodeCount":2,"[prefix@d:":{":childNodeCount":1,":data":{}},":data":{":childNodeCount":0]}}> but was:<...:childNodeCount":2,"[:data":{":childNodeCount":0},"prefix@d:":{":childNodeCount":1,":data":{}]}}>
    at junit.framework.Assert.assertEquals(Assert.java:100)
    at junit.framework.Assert.assertEquals(Assert.java:107)
    at org.apache.jackrabbit.oak.plugins.index.old.PrefixIndexTest.test(PrefixIndexTest.java:42)
    at sun.reflect.NativeMethodAccessorImpl.invoke0(Native Method)
    at sun.reflect.NativeMethodAccessorImpl.invoke(NativeMethodAccessorImpl.java:62)
    at sun.reflect.DelegatingMethodAccessorImpl.invoke(DelegatingMethodAccessorImpl.java:43)
10:12:07.634 [pool-104-thread-1] INFO  xxl.java.junit.TestCasesListener - Tests run finished (86 ms)
<> Total tests run: 1
<> Ignored tests: 0
<> Failed tests: 1
~ test(org.apache.jackrabbit.oak.plugins.index.old.PrefixIndexTest)
[expected:<...:childNodeCount":2,"[prefix@d:":{":childNodeCount":1,":data":{}},":data":{":childNodeCount":0]}}> but was:<...:childNodeCount":2,"[:data":{":childNodeCount":0},"prefix@d:":{":childNodeCount":1,":data":{}]}}>]
junit.framework.ComparisonFailure: expected:<...:childNodeCount":2,"[prefix@d:":{":childNodeCount":1,":data":{}},":data":{":childNodeCount":0]}}> but was:<...:childNodeCount":2,"[:data":{":childNodeCount":0},"prefix@d:":{":childNodeCount":1,":data":{}]}}>    at junit.framework.Assert.assertEquals(Assert.java:100)
    at junit.framework.Assert.assertEquals(Assert.java:107)
    at org.apache.jackrabbit.oak.plugins.index.old.PrefixIndexTest.test(PrefixIndexTest.java:42)
    at sun.reflect.NativeMethodAccessorImpl.invoke0(Native Method)
    at sun.reflect.NativeMethodAccessorImpl.invoke(NativeMethodAccessorImpl.java:62)
    at sun.reflect.DelegatingMethodAccessorImpl.invoke(DelegatingMethodAccessorImpl.java:43)

SLF4J: Class path contains multiple SLF4J bindings.
SLF4J: Found binding in [jar:file:/home/tdurieux/.m2/repository/org/slf4j/slf4j-nop/1.5.8/slf4j-nop-1.5.8.jar!/org/slf4j/impl/StaticLoggerBinder.class]
SLF4J: Found binding in [jar:file:/home/tdurieux/.m2/repository/ch/qos/logback/logback-classic/1.0.1/logback-classic-1.0.1.jar!/org/slf4j/impl/StaticLoggerBinder.class]
SLF4J: Found binding in [jar:file:/home/tdurieux/.m2/repository/org/slf4j/slf4j-simple/1.6.1/slf4j-simple-1.6.1.jar!/org/slf4j/impl/StaticLoggerBinder.class]
SLF4J: Found binding in [jar:file:/home/tdurieux/defects4j4repair/script/../repair_tools/nopol.jar!/org/slf4j/impl/StaticLoggerBinder.class]
SLF4J: See http://www.slf4j.org/codes.html#multiple_bindings for an explanation.
SLF4J: The requested version 1.5.8 by your slf4j binding is not compatible with [1.6]
SLF4J: See http://www.slf4j.org/codes.html#version_mismatch for further details.
junit.framework.ComparisonFailure: expected:<...:childNodeCount":2,"[prefix@d:":{":childNodeCount":1,":data":{}},":data":{":childNodeCount":0]}}> but was:<...:childNodeCount":2,"[:data":{":childNodeCount":0},"prefix@d:":{":childNodeCount":1,":data":{}]}}>
    at junit.framework.Assert.assertEquals(Assert.java:100)
    at junit.framework.Assert.assertEquals(Assert.java:107)
    at org.apache.jackrabbit.oak.plugins.index.old.PrefixIndexTest.test(PrefixIndexTest.java:42)
    at sun.reflect.NativeMethodAccessorImpl.invoke0(Native Method)
    at sun.reflect.NativeMethodAccessorImpl.invoke(NativeMethodAccessorImpl.java:62)
    at sun.reflect.DelegatingMethodAccessorImpl.invoke(DelegatingMethodAccessorImpl.java:43)
10:12:08.045 [pool-105-thread-1] INFO  f.i.l.c.t.SpecificationTestCasesListener - Tests run finished (88 ms)
<> Total tests run: 1
<> Ignored tests: 0
<> Failed tests: 1
~ test(org.apache.jackrabbit.oak.plugins.index.old.PrefixIndexTest)
[expected:<...:childNodeCount":2,"[prefix@d:":{":childNodeCount":1,":data":{}},":data":{":childNodeCount":0]}}> but was:<...:childNodeCount":2,"[:data":{":childNodeCount":0},"prefix@d:":{":childNodeCount":1,":data":{}]}}>]
junit.framework.ComparisonFailure: expected:<...:childNodeCount":2,"[prefix@d:":{":childNodeCount":1,":data":{}},":data":{":childNodeCount":0]}}> but was:<...:childNodeCount":2,"[:data":{":childNodeCount":0},"prefix@d:":{":childNodeCount":1,":data":{}]}}>    at junit.framework.Assert.assertEquals(Assert.java:100)
    at junit.framework.Assert.assertEquals(Assert.java:107)
    at org.apache.jackrabbit.oak.plugins.index.old.PrefixIndexTest.test(PrefixIndexTest.java:42)
    at sun.reflect.NativeMethodAccessorImpl.invoke0(Native Method)
    at sun.reflect.NativeMethodAccessorImpl.invoke(NativeMethodAccessorImpl.java:62)
    at sun.reflect.DelegatingMethodAccessorImpl.invoke(DelegatingMethodAccessorImpl.java:43)

junit.framework.ComparisonFailure: expected:<...:childNodeCount":2,"[prefix@d:":{":childNodeCount":1,":data":{}},":data":{":childNodeCount":0]}}> but was:<...:childNodeCount":2,"[:data":{":childNodeCount":0},"prefix@d:":{":childNodeCount":1,":data":{}]}}>
    at junit.framework.Assert.assertEquals(Assert.java:100)
    at junit.framework.Assert.assertEquals(Assert.java:107)
    at org.apache.jackrabbit.oak.plugins.index.old.PrefixIndexTest.test(PrefixIndexTest.java:42)
    at sun.reflect.NativeMethodAccessorImpl.invoke0(Native Method)
    at sun.reflect.NativeMethodAccessorImpl.invoke(NativeMethodAccessorImpl.java:62)
    at sun.reflect.DelegatingMethodAccessorImpl.invoke(DelegatingMethodAccessorImpl.java:43)
10:12:08.048 [pool-106-thread-1] INFO  f.i.l.c.t.SpecificationTestCasesListener - Tests run finished (2 ms)
<> Total tests run: 1
<> Ignored tests: 0
<> Failed tests: 1
~ test(org.apache.jackrabbit.oak.plugins.index.old.PrefixIndexTest)
[expected:<...:childNodeCount":2,"[prefix@d:":{":childNodeCount":1,":data":{}},":data":{":childNodeCount":0]}}> but was:<...:childNodeCount":2,"[:data":{":childNodeCount":0},"prefix@d:":{":childNodeCount":1,":data":{}]}}>]
junit.framework.ComparisonFailure: expected:<...:childNodeCount":2,"[prefix@d:":{":childNodeCount":1,":data":{}},":data":{":childNodeCount":0]}}> but was:<...:childNodeCount":2,"[:data":{":childNodeCount":0},"prefix@d:":{":childNodeCount":1,":data":{}]}}>    at junit.framework.Assert.assertEquals(Assert.java:100)
    at junit.framework.Assert.assertEquals(Assert.java:107)
    at org.apache.jackrabbit.oak.plugins.index.old.PrefixIndexTest.test(PrefixIndexTest.java:42)
    at sun.reflect.NativeMethodAccessorImpl.invoke0(Native Method)
    at sun.reflect.NativeMethodAccessorImpl.invoke(NativeMethodAccessorImpl.java:62)
    at sun.reflect.DelegatingMethodAccessorImpl.invoke(DelegatingMethodAccessorImpl.java:43)

10:12:08.049 [pool-103-thread-1] DEBUG tests.output - Failing tests with false: 
[test(org.apache.jackrabbit.oak.plugins.index.old.PrefixIndexTest): expected:<...:childNodeCount":2,"[prefix@d:":{":childNodeCount":1,":data":{}},":data":{":childNodeCount":0]}}> but was:<...:childNodeCount":2,"[:data":{":childNodeCount":0},"prefix@d:":{":childNodeCount":1,":data":{}]}}>]
10:12:08.049 [pool-103-thread-1] DEBUG tests.output - Failing tests with true: 
[test(org.apache.jackrabbit.oak.plugins.index.old.PrefixIndexTest): expected:<...:childNodeCount":2,"[prefix@d:":{":childNodeCount":1,":data":{}},":data":{":childNodeCount":0]}}> but was:<...:childNodeCount":2,"[:data":{":childNodeCount":0},"prefix@d:":{":childNodeCount":1,":data":{}]}}>]
10:12:08.049 [pool-103-thread-1] INFO  f.i.l.r.n.synth.SMTNopolSynthesizer - Not enough specifications: 0. A trivial patch is "true" or "false", please write new tests specifying SourceLocation org.apache.jackrabbit.oak.plugins.index.old.Indexer:628.
10:12:08.049 [pool-2-thread-1] DEBUG fr.inria.lille.repair.nopol.NoPol - statement #45
10:12:08.049 [pool-2-thread-1] DEBUG fr.inria.lille.repair.nopol.NoPol - Analysing SourceLocation org.apache.jackrabbit.oak.plugins.index.old.Indexer:626 which is executed by 11 tests
-687021856
10:12:08.235 [pool-2-thread-1] DEBUG fr.inria.lille.repair.nopol.NoPol - looking with class fr.inria.lille.repair.nopol.spoon.smt.ConditionalAdder
SLF4J: Class path contains multiple SLF4J bindings.
SLF4J: Found binding in [jar:file:/home/tdurieux/.m2/repository/org/slf4j/slf4j-nop/1.5.8/slf4j-nop-1.5.8.jar!/org/slf4j/impl/StaticLoggerBinder.class]
SLF4J: Found binding in [jar:file:/home/tdurieux/.m2/repository/ch/qos/logback/logback-classic/1.0.1/logback-classic-1.0.1.jar!/org/slf4j/impl/StaticLoggerBinder.class]
SLF4J: Found binding in [jar:file:/home/tdurieux/.m2/repository/org/slf4j/slf4j-simple/1.6.1/slf4j-simple-1.6.1.jar!/org/slf4j/impl/StaticLoggerBinder.class]
SLF4J: Found binding in [jar:file:/home/tdurieux/defects4j4repair/script/../repair_tools/nopol.jar!/org/slf4j/impl/StaticLoggerBinder.class]
SLF4J: See http://www.slf4j.org/codes.html#multiple_bindings for an explanation.
SLF4J: The requested version 1.5.8 by your slf4j binding is not compatible with [1.6]
SLF4J: See http://www.slf4j.org/codes.html#version_mismatch for further details.
junit.framework.ComparisonFailure: expected:<...:childNodeCount":2,"[prefix@d:":{":childNodeCount":1,":data":{}},":data":{":childNodeCount":0]}}> but was:<...:childNodeCount":2,"[:data":{":childNodeCount":0},"prefix@d:":{":childNodeCount":1,":data":{}]}}>
    at junit.framework.Assert.assertEquals(Assert.java:100)
    at junit.framework.Assert.assertEquals(Assert.java:107)
    at org.apache.jackrabbit.oak.plugins.index.old.PrefixIndexTest.test(PrefixIndexTest.java:42)
    at sun.reflect.NativeMethodAccessorImpl.invoke0(Native Method)
    at sun.reflect.NativeMethodAccessorImpl.invoke(NativeMethodAccessorImpl.java:62)
    at sun.reflect.DelegatingMethodAccessorImpl.invoke(DelegatingMethodAccessorImpl.java:43)
10:12:08.329 [pool-108-thread-1] INFO  xxl.java.junit.TestCasesListener - Tests run finished (91 ms)
<> Total tests run: 1
<> Ignored tests: 0
<> Failed tests: 1
~ test(org.apache.jackrabbit.oak.plugins.index.old.PrefixIndexTest)
[expected:<...:childNodeCount":2,"[prefix@d:":{":childNodeCount":1,":data":{}},":data":{":childNodeCount":0]}}> but was:<...:childNodeCount":2,"[:data":{":childNodeCount":0},"prefix@d:":{":childNodeCount":1,":data":{}]}}>]
junit.framework.ComparisonFailure: expected:<...:childNodeCount":2,"[prefix@d:":{":childNodeCount":1,":data":{}},":data":{":childNodeCount":0]}}> but was:<...:childNodeCount":2,"[:data":{":childNodeCount":0},"prefix@d:":{":childNodeCount":1,":data":{}]}}>    at junit.framework.Assert.assertEquals(Assert.java:100)
    at junit.framework.Assert.assertEquals(Assert.java:107)
    at org.apache.jackrabbit.oak.plugins.index.old.PrefixIndexTest.test(PrefixIndexTest.java:42)
    at sun.reflect.NativeMethodAccessorImpl.invoke0(Native Method)
    at sun.reflect.NativeMethodAccessorImpl.invoke(NativeMethodAccessorImpl.java:62)
    at sun.reflect.DelegatingMethodAccessorImpl.invoke(DelegatingMethodAccessorImpl.java:43)

SLF4J: Class path contains multiple SLF4J bindings.
SLF4J: Found binding in [jar:file:/home/tdurieux/.m2/repository/org/slf4j/slf4j-nop/1.5.8/slf4j-nop-1.5.8.jar!/org/slf4j/impl/StaticLoggerBinder.class]
SLF4J: Found binding in [jar:file:/home/tdurieux/.m2/repository/ch/qos/logback/logback-classic/1.0.1/logback-classic-1.0.1.jar!/org/slf4j/impl/StaticLoggerBinder.class]
SLF4J: Found binding in [jar:file:/home/tdurieux/.m2/repository/org/slf4j/slf4j-simple/1.6.1/slf4j-simple-1.6.1.jar!/org/slf4j/impl/StaticLoggerBinder.class]
SLF4J: Found binding in [jar:file:/home/tdurieux/defects4j4repair/script/../repair_tools/nopol.jar!/org/slf4j/impl/StaticLoggerBinder.class]
SLF4J: See http://www.slf4j.org/codes.html#multiple_bindings for an explanation.
SLF4J: The requested version 1.5.8 by your slf4j binding is not compatible with [1.6]
SLF4J: See http://www.slf4j.org/codes.html#version_mismatch for further details.
10:16:07.085 [pool-107-thread-1] DEBUG xxl.java.junit.TestSuiteExecution - Timeout after 200 seconds. Infinite loop?
10:17:18.784 [pool-2-thread-1] ERROR fr.inria.lille.repair.nopol.NoPol - Error ExecutionException java.util.concurrent.ExecutionException: java.lang.RuntimeException: java.util.concurrent.TimeoutException
10:17:43.261 [pool-2-thread-1] DEBUG fr.inria.lille.repair.nopol.NoPol - statement #46
10:17:43.262 [pool-2-thread-1] DEBUG fr.inria.lille.repair.nopol.NoPol - Analysing SourceLocation org.apache.jackrabbit.oak.plugins.index.old.Indexer:625 which is executed by 11 tests
java.lang.OutOfMemoryError: Java heap space
    at fr.inria.lille.commons.trace.collector.CharSequenceCollector.collectedValues(CharSequenceCollector.java:15)
    at fr.inria.lille.commons.trace.collector.ValueCollector.collectWith(ValueCollector.java:29)
    at fr.inria.lille.commons.trace.collector.ValueCollector.collectFrom(ValueCollector.java:21)
    at fr.inria.lille.commons.trace.RuntimeValues.collectInput(RuntimeValues.java:89)
    at org.apache.jackrabbit.oak.plugins.index.old.Indexer.addRecursive(Indexer.java:555)
    at org.apache.jackrabbit.oak.plugins.index.old.Indexer.buildIndex(Indexer.java:518)
java.util.concurrent.ExecutionException: java.lang.OutOfMemoryError: Java heap space
	at java.util.concurrent.FutureTask.report(FutureTask.java:122)
	at java.util.concurrent.FutureTask.get(FutureTask.java:206)
	at fr.inria.lille.repair.Main.main(Main.java:106)
11:04:25.896 [pool-109-thread-1] INFO  f.i.l.c.t.SpecificationTestCasesListener - Tests run finished (3137246 ms)
<> Total tests run: 1
<> Ignored tests: 0
<> Failed tests: 1
~ test(org.apache.jackrabbit.oak.plugins.index.old.PrefixIndexTest)
[Java heap space]
java.lang.OutOfMemoryError: Java heap space    at fr.inria.lille.commons.trace.collector.CharSequenceCollector.collectedValues(CharSequenceCollector.java:15)
    at fr.inria.lille.commons.trace.collector.ValueCollector.collectWith(ValueCollector.java:29)
    at fr.inria.lille.commons.trace.collector.ValueCollector.collectFrom(ValueCollector.java:21)
    at fr.inria.lille.commons.trace.RuntimeValues.collectInput(RuntimeValues.java:89)
    at org.apache.jackrabbit.oak.plugins.index.old.Indexer.addRecursive(Indexer.java:555)
    at org.apache.jackrabbit.oak.plugins.index.old.Indexer.buildIndex(Indexer.java:518)

Caused by: java.lang.OutOfMemoryError: Java heap space
	at java.lang.StringCoding$StringDecoder.decode(StringCoding.java:149)
	at java.lang.StringCoding.decode(StringCoding.java:193)
	at java.lang.String.<init>(String.java:426)
	at java.lang.String.<init>(String.java:491)
	at java.io.UnixFileSystem.canonicalize0(Native Method)
	at java.io.UnixFileSystem.canonicalize(UnixFileSystem.java:172)
	at java.io.File.getCanonicalPath(File.java:618)
	at java.io.File.getCanonicalFile(File.java:643)
	at spoon.support.compiler.FileSystemFile.<init>(FileSystemFile.java:43)
	at spoon.support.compiler.FileSystemFolder.getFiles(FileSystemFolder.java:63)
	at spoon.support.compiler.FileSystemFolder.getAllJavaFiles(FileSystemFolder.java:108)
	at spoon.support.compiler.FileSystemFolder.getAllJavaFiles(FileSystemFolder.java:114)
	at spoon.support.compiler.FileSystemFolder.getAllJavaFiles(FileSystemFolder.java:114)
	at spoon.support.compiler.FileSystemFolder.getAllJavaFiles(FileSystemFolder.java:114)
	at spoon.support.compiler.FileSystemFolder.getAllJavaFiles(FileSystemFolder.java:114)
	at spoon.support.compiler.FileSystemFolder.getAllJavaFiles(FileSystemFolder.java:114)
	at spoon.support.StandardEnvironment.verifySourceClasspath(StandardEnvironment.java:444)
	at spoon.support.StandardEnvironment.setSourceClasspath(StandardEnvironment.java:428)
	at spoon.support.compiler.jdt.JDTBasedSpoonCompiler.setSourceClasspath(JDTBasedSpoonCompiler.java:321)
	at fr.inria.lille.commons.spoon.util.SpoonModelLibrary.modelFor(SpoonModelLibrary.java:47)
	at fr.inria.lille.commons.spoon.SpoonedFile.<init>(SpoonedFile.java:61)
	at fr.inria.lille.commons.spoon.SpoonedClass.<init>(SpoonedClass.java:14)
	at fr.inria.lille.commons.spoon.SpoonedProject.forked(SpoonedProject.java:47)
	at fr.inria.lille.repair.nopol.NoPol.runOnStatement(NoPol.java:222)
	at fr.inria.lille.repair.nopol.NoPol.solveWithMultipleBuild(NoPol.java:213)
	at fr.inria.lille.repair.nopol.NoPol.build(NoPol.java:154)
	at fr.inria.lille.repair.Main$1.call(Main.java:101)
	at java.util.concurrent.FutureTask.run(FutureTask.java:266)
	at java.util.concurrent.ThreadPoolExecutor.runWorker(ThreadPoolExecutor.java:1149)
	at java.util.concurrent.ThreadPoolExecutor$Worker.run(ThreadPoolExecutor.java:624)
	at java.lang.Thread.run(Thread.java:748)

Usage: java -jar nopol.jar
                          [(-m|--mode) <repair|ranking>] (-e|--type) <condition|precondition|pre_then_cond|loop|arithmetic> [(-o|--oracle) <angelic|symbolic>] [(-y|--synthesis) <smt|dynamoth>] [(-l|--solver) <z3|cvc4>] [(-p|--solver-path) <solverPath>] (-s|--source) source1:source2:...:sourceN  (-c|--classpath) <classpath> [(-t|--test) test1:test2:...:testN ] [--complianceLevel <complianceLevel>] [--maxTime <maxTime>] [--maxTimeType <maxTimeType>] [(-z|--flocal) < cocospoon|dumb|gzoltar>] [--output <outputFolder>] [--json[:<outputJson>]]

  [(-m|--mode) <repair|ranking>]
        Define the mode of execution. (default: repair)

  (-e|--type) <condition|precondition|pre_then_cond|loop|arithmetic>
        The repair type (example fixing only conditions, or adding
        precondition). REQUIRED OPTION (default: condition)

  [(-o|--oracle) <angelic|symbolic>]
        Define the oracle (only used with repair mode). (default: angelic)

  [(-y|--synthesis) <smt|dynamoth>]
        Define the patch synthesis. (default: smt)

  [(-l|--solver) <z3|cvc4>]
        Define the solver (only used with smt synthesis). (default: z3)

  [(-p|--solver-path) <solverPath>]
        Define the solver binary path (only used with smt synthesis).

  (-s|--source) source1:source2:...:sourceN 
        Define the path to the source code of the project.

  (-c|--classpath) <classpath>
        Define the classpath of the project.

  [(-t|--test) test1:test2:...:testN ]
        Define the tests of the project (both failing and passing),
        fully-qualified, separated with ':' (even if the classpath contains
        other tests, only those are considered.

  [--complianceLevel <complianceLevel>]
        The compliance level of the project. (default: 7)

  [--maxTime <maxTime>]
        The maximum time execution in minute for the whole execution of
        Nopol.(default: 10)

  [--maxTimeType <maxTimeType>]
        The maximum time execution in minute for one type of patch. (default: 5)

  [(-z|--flocal) < cocospoon|dumb|gzoltar>]
        Define the fault localizer to be used. (default: gzoltar)

  [--output <outputFolder>]
        Define the location where the patches will be saved. (default: .)

  [--json[:<outputJson>]]
        Output a json file in the current working directory.

Command exited with non-zero status 255
12497.65user 15.15system 54:06.51elapsed 385%CPU (0avgtext+0avgdata 4640448maxresident)k
43424inputs+168064outputs (10major+1659636minor)pagefaults 0swaps


Node: graphene-87.nancy.grid5000.fr



Date: Sat Dec 29 11:04:26 EST 2018

