cd /tmp/DynaMoth_QuixBugs_WRAP_;
export JAVA_TOOL_OPTIONS="-Dfile.encoding=UTF8 -Duser.language=en-US -Duser.country=US -Duser.language=en";
TZ="America/New_York"; export TZ;
export PATH="/usr/lib/jvm/java-1.8.0-openjdk-amd64/bin/:$PATH";
export JAVA_HOME="/usr/lib/jvm/java-1.8.0-openjdk-amd64/bin/";
time java -Xmx4g -Xms1g -cp /home/tdurieux/defects4j4repair/script/../repair_tools/nopol.jar:/usr/lib/jvm/java-1.8.0-openjdk-amd64/bin//../lib/tools.jar fr.inria.lille.repair.Main \
	--mode repair \
	--type pre_then_cond \
	--oracle angelic \
	--synthesis dynamoth \
	--flocal gzoltar \
	--json \
	--solver z3 \
	--solver-path /home/tdurieux/defects4j4repair/script/../libs/z3/build/z3 \
	--complianceLevel 8 \
	--source src/main/java \
	--classpath "target/classes:target/test-classes:/home/tdurieux/.m2/repository/junit/junit/4.11/junit-4.11.jar:/home/tdurieux/.m2/repository/org/hamcrest/hamcrest-core/1.3/hamcrest-core-1.3.jar:/home/tdurieux/defects4j4repair/script/../repair_tools/nopol.jar";
	echo "\n\nNode: `hostname`\n";
	echo "\n\nDate: `date`\n";
Picked up JAVA_TOOL_OPTIONS: -Dfile.encoding=UTF8 -Duser.language=en-US -Duser.country=US -Duser.language=en
12:03:11.099 [main] INFO  fr.inria.lille.repair.nopol.NoPol - Source files: [src/main/java]
12:03:11.102 [main] INFO  fr.inria.lille.repair.nopol.NoPol - Classpath: [file:/tmp/DynaMoth_QuixBugs_WRAP_/target/classes/, file:/tmp/DynaMoth_QuixBugs_WRAP_/target/test-classes/, file:/home/tdurieux/.m2/repository/junit/junit/4.11/junit-4.11.jar, file:/home/tdurieux/.m2/repository/org/hamcrest/hamcrest-core/1.3/hamcrest-core-1.3.jar, file:/home/tdurieux/defects4j4repair/script/../repair_tools/nopol.jar]
12:03:11.103 [main] INFO  fr.inria.lille.repair.nopol.NoPol - Statement type: PRE_THEN_COND
12:03:11.103 [main] INFO  fr.inria.lille.repair.nopol.NoPol - Args: [java_testcases.junit.WRAP_Test]
12:03:11.104 [main] INFO  fr.inria.lille.repair.nopol.NoPol - Config: Config{synthesisDepth=3, collectStaticMethods=true, collectStaticFields=false, collectLiterals=false, onlyOneSynthesisResult=true, sortExpressions=true, maxLineInvocationPerTest=250, timeoutMethodInvocation=2000, dataCollectionTimeoutInSecondForSynthesis=900, addWeight=0.19478, subWeight=0.04554, mulWeight=0.0102, divWeight=0.00613, andWeight=0.10597, orWeight=0.05708, eqWeight=0.22798, nEqWeight=0.0, lessEqWeight=0.0255, lessWeight=0.0947, methodCallWeight=0.1, fieldAccessWeight=0.08099, constantWeight=0.14232, variableWeight=0.05195, mode=REPAIR, type=PRE_THEN_COND, synthesis=DYNAMOTH, oracle=ANGELIC, solver=Z3, solverPath='/home/tdurieux/defects4j4repair/script/../libs/z3/build/z3', projectSources=[src/main/java], projectClasspath='[Ljava.net.URL;@2ff4f00f', projectTests=[java_testcases.junit.WRAP_Test], complianceLevel=8, outputFolder=., json=true}
12:03:11.105 [main] INFO  fr.inria.lille.repair.nopol.NoPol - Available processors (cores): 32
12:03:11.136 [main] INFO  fr.inria.lille.repair.nopol.NoPol - Free memory: 940 MB
12:03:11.136 [main] INFO  fr.inria.lille.repair.nopol.NoPol - Maximum memory: 3 GB
12:03:11.136 [main] INFO  fr.inria.lille.repair.nopol.NoPol - Total memory available to JVM: 981 MB
12:03:11.136 [main] INFO  fr.inria.lille.repair.nopol.NoPol - Java version: 1.8.0_181
12:03:11.137 [main] INFO  fr.inria.lille.repair.nopol.NoPol - JAVA_HOME: /usr/lib/jvm/java-1.8.0-openjdk-amd64/bin/
12:03:11.138 [main] INFO  fr.inria.lille.repair.nopol.NoPol - PATH: /usr/lib/jvm/java-1.8.0-openjdk-amd64/bin/:/usr/lib/oar/oardodo:/usr/lib/oar/oardodo:/usr/local/bin:/usr/bin:/bin:/usr/games
12:03:14.051 [pool-2-thread-1] DEBUG fr.inria.lille.repair.nopol.NoPol - statement #1
12:03:14.051 [pool-2-thread-1] DEBUG fr.inria.lille.repair.nopol.NoPol - Analysing SourceLocation java_programs.WRAP:32 which is executed by 5 tests
2672715
12:03:14.265 [pool-2-thread-1] DEBUG fr.inria.lille.repair.nopol.NoPol - statement #2
12:03:14.266 [pool-2-thread-1] DEBUG fr.inria.lille.repair.nopol.NoPol - Analysing SourceLocation java_programs.WRAP:30 which is executed by 5 tests
2672715
12:03:14.316 [pool-2-thread-1] DEBUG fr.inria.lille.repair.nopol.NoPol - statement #3
12:03:14.316 [pool-2-thread-1] DEBUG fr.inria.lille.repair.nopol.NoPol - Analysing SourceLocation java_programs.WRAP:29 which is executed by 5 tests
2672715
12:03:14.372 [pool-2-thread-1] DEBUG fr.inria.lille.repair.nopol.NoPol - looking with class fr.inria.lille.repair.nopol.spoon.smt.ConditionalAdder
org.junit.ComparisonFailure: expected:<...whenweforgetourhuman[,dignityandthehigheraimsofourexistence.]]> but was:<...whenweforgetourhuman[]]>
    at org.junit.Assert.assertEquals(Assert.java:115)
    at org.junit.Assert.assertEquals(Assert.java:144)
    at java_testcases.junit.WRAP_Test.test_0(WRAP_Test.java:9)
    at sun.reflect.NativeMethodAccessorImpl.invoke0(Native Method)
    at sun.reflect.NativeMethodAccessorImpl.invoke(NativeMethodAccessorImpl.java:62)
    at sun.reflect.DelegatingMethodAccessorImpl.invoke(DelegatingMethodAccessorImpl.java:43)
org.junit.ComparisonFailure: expected:<...dthe,higheraimsofour[,existence.]]> but was:<...dthe,higheraimsofour[]]>
    at org.junit.Assert.assertEquals(Assert.java:115)
    at org.junit.Assert.assertEquals(Assert.java:144)
    at java_testcases.junit.WRAP_Test.test_1(WRAP_Test.java:16)
    at sun.reflect.NativeMethodAccessorImpl.invoke0(Native Method)
    at sun.reflect.NativeMethodAccessorImpl.invoke(NativeMethodAccessorImpl.java:62)
    at sun.reflect.DelegatingMethodAccessorImpl.invoke(DelegatingMethodAccessorImpl.java:43)
org.junit.ComparisonFailure: expected:<...nityandthehigheraims[,ofourexistence.]]> but was:<...nityandthehigheraims[]]>
    at org.junit.Assert.assertEquals(Assert.java:115)
    at org.junit.Assert.assertEquals(Assert.java:144)
    at java_testcases.junit.WRAP_Test.test_2(WRAP_Test.java:23)
    at sun.reflect.NativeMethodAccessorImpl.invoke0(Native Method)
    at sun.reflect.NativeMethodAccessorImpl.invoke(NativeMethodAccessorImpl.java:62)
    at sun.reflect.DelegatingMethodAccessorImpl.invoke(DelegatingMethodAccessorImpl.java:43)
org.junit.ComparisonFailure: expected:<...elveswhenweforgetour[,humandignityandthehigheraimsofourexistence.]]> but was:<...elveswhenweforgetour[]]>
    at org.junit.Assert.assertEquals(Assert.java:115)
    at org.junit.Assert.assertEquals(Assert.java:144)
    at java_testcases.junit.WRAP_Test.test_3(WRAP_Test.java:30)
    at sun.reflect.NativeMethodAccessorImpl.invoke0(Native Method)
    at sun.reflect.NativeMethodAccessorImpl.invoke(NativeMethodAccessorImpl.java:62)
    at sun.reflect.DelegatingMethodAccessorImpl.invoke(DelegatingMethodAccessorImpl.java:43)
org.junit.ComparisonFailure: expected:<...ulinthisworldwhenone[,reflects:everythingexceptwhatwethinkordoourselveswhenweforgetourhumandignityandthehigheraimsofourexistence.]]> but was:<...ulinthisworldwhenone[]]>
    at org.junit.Assert.assertEquals(Assert.java:115)
    at org.junit.Assert.assertEquals(Assert.java:144)
    at java_testcases.junit.WRAP_Test.test_4(WRAP_Test.java:37)
    at sun.reflect.NativeMethodAccessorImpl.invoke0(Native Method)
    at sun.reflect.NativeMethodAccessorImpl.invoke(NativeMethodAccessorImpl.java:62)
    at sun.reflect.DelegatingMethodAccessorImpl.invoke(DelegatingMethodAccessorImpl.java:43)
org.junit.ComparisonFailure: expected:<...whenweforgetourhuman[,dignityandthehigheraimsofourexistence.]]> but was:<...whenweforgetourhuman[]]>
    at org.junit.Assert.assertEquals(Assert.java:115)
    at org.junit.Assert.assertEquals(Assert.java:144)
    at java_testcases.junit.WRAP_Test.test_0(WRAP_Test.java:9)
    at sun.reflect.NativeMethodAccessorImpl.invoke0(Native Method)
    at sun.reflect.NativeMethodAccessorImpl.invoke(NativeMethodAccessorImpl.java:62)
    at sun.reflect.DelegatingMethodAccessorImpl.invoke(DelegatingMethodAccessorImpl.java:43)
org.junit.ComparisonFailure: expected:<...dthe,higheraimsofour[,existence.]]> but was:<...dthe,higheraimsofour[]]>
    at org.junit.Assert.assertEquals(Assert.java:115)
    at org.junit.Assert.assertEquals(Assert.java:144)
    at java_testcases.junit.WRAP_Test.test_1(WRAP_Test.java:16)
    at sun.reflect.NativeMethodAccessorImpl.invoke0(Native Method)
    at sun.reflect.NativeMethodAccessorImpl.invoke(NativeMethodAccessorImpl.java:62)
    at sun.reflect.DelegatingMethodAccessorImpl.invoke(DelegatingMethodAccessorImpl.java:43)
org.junit.ComparisonFailure: expected:<...nityandthehigheraims[,ofourexistence.]]> but was:<...nityandthehigheraims[]]>
    at org.junit.Assert.assertEquals(Assert.java:115)
    at org.junit.Assert.assertEquals(Assert.java:144)
    at java_testcases.junit.WRAP_Test.test_2(WRAP_Test.java:23)
    at sun.reflect.NativeMethodAccessorImpl.invoke0(Native Method)
    at sun.reflect.NativeMethodAccessorImpl.invoke(NativeMethodAccessorImpl.java:62)
    at sun.reflect.DelegatingMethodAccessorImpl.invoke(DelegatingMethodAccessorImpl.java:43)
org.junit.ComparisonFailure: expected:<...elveswhenweforgetour[,humandignityandthehigheraimsofourexistence.]]> but was:<...elveswhenweforgetour[]]>
    at org.junit.Assert.assertEquals(Assert.java:115)
    at org.junit.Assert.assertEquals(Assert.java:144)
    at java_testcases.junit.WRAP_Test.test_3(WRAP_Test.java:30)
    at sun.reflect.NativeMethodAccessorImpl.invoke0(Native Method)
    at sun.reflect.NativeMethodAccessorImpl.invoke(NativeMethodAccessorImpl.java:62)
    at sun.reflect.DelegatingMethodAccessorImpl.invoke(DelegatingMethodAccessorImpl.java:43)
org.junit.ComparisonFailure: expected:<...ulinthisworldwhenone[,reflects:everythingexceptwhatwethinkordoourselveswhenweforgetourhumandignityandthehigheraimsofourexistence.]]> but was:<...ulinthisworldwhenone[]]>
    at org.junit.Assert.assertEquals(Assert.java:115)
    at org.junit.Assert.assertEquals(Assert.java:144)
    at java_testcases.junit.WRAP_Test.test_4(WRAP_Test.java:37)
    at sun.reflect.NativeMethodAccessorImpl.invoke0(Native Method)
    at sun.reflect.NativeMethodAccessorImpl.invoke(NativeMethodAccessorImpl.java:62)
    at sun.reflect.DelegatingMethodAccessorImpl.invoke(DelegatingMethodAccessorImpl.java:43)
org.junit.ComparisonFailure: expected:<...whenweforgetourhuman[,dignityandthehigheraimsofourexistence.]]> but was:<...whenweforgetourhuman[]]>
    at org.junit.Assert.assertEquals(Assert.java:115)
    at org.junit.Assert.assertEquals(Assert.java:144)
    at java_testcases.junit.WRAP_Test.test_0(WRAP_Test.java:9)
    at sun.reflect.NativeMethodAccessorImpl.invoke0(Native Method)
    at sun.reflect.NativeMethodAccessorImpl.invoke(NativeMethodAccessorImpl.java:62)
    at sun.reflect.DelegatingMethodAccessorImpl.invoke(DelegatingMethodAccessorImpl.java:43)
org.junit.ComparisonFailure: expected:<...dthe,higheraimsofour[,existence.]]> but was:<...dthe,higheraimsofour[]]>
    at org.junit.Assert.assertEquals(Assert.java:115)
    at org.junit.Assert.assertEquals(Assert.java:144)
    at java_testcases.junit.WRAP_Test.test_1(WRAP_Test.java:16)
    at sun.reflect.NativeMethodAccessorImpl.invoke0(Native Method)
    at sun.reflect.NativeMethodAccessorImpl.invoke(NativeMethodAccessorImpl.java:62)
    at sun.reflect.DelegatingMethodAccessorImpl.invoke(DelegatingMethodAccessorImpl.java:43)
org.junit.ComparisonFailure: expected:<...nityandthehigheraims[,ofourexistence.]]> but was:<...nityandthehigheraims[]]>
    at org.junit.Assert.assertEquals(Assert.java:115)
    at org.junit.Assert.assertEquals(Assert.java:144)
    at java_testcases.junit.WRAP_Test.test_2(WRAP_Test.java:23)
    at sun.reflect.NativeMethodAccessorImpl.invoke0(Native Method)
    at sun.reflect.NativeMethodAccessorImpl.invoke(NativeMethodAccessorImpl.java:62)
    at sun.reflect.DelegatingMethodAccessorImpl.invoke(DelegatingMethodAccessorImpl.java:43)
org.junit.ComparisonFailure: expected:<...elveswhenweforgetour[,humandignityandthehigheraimsofourexistence.]]> but was:<...elveswhenweforgetour[]]>
    at org.junit.Assert.assertEquals(Assert.java:115)
    at org.junit.Assert.assertEquals(Assert.java:144)
    at java_testcases.junit.WRAP_Test.test_3(WRAP_Test.java:30)
    at sun.reflect.NativeMethodAccessorImpl.invoke0(Native Method)
    at sun.reflect.NativeMethodAccessorImpl.invoke(NativeMethodAccessorImpl.java:62)
    at sun.reflect.DelegatingMethodAccessorImpl.invoke(DelegatingMethodAccessorImpl.java:43)
org.junit.ComparisonFailure: expected:<...ulinthisworldwhenone[,reflects:everythingexceptwhatwethinkordoourselveswhenweforgetourhumandignityandthehigheraimsofourexistence.]]> but was:<...ulinthisworldwhenone[]]>
    at org.junit.Assert.assertEquals(Assert.java:115)
    at org.junit.Assert.assertEquals(Assert.java:144)
    at java_testcases.junit.WRAP_Test.test_4(WRAP_Test.java:37)
    at sun.reflect.NativeMethodAccessorImpl.invoke0(Native Method)
    at sun.reflect.NativeMethodAccessorImpl.invoke(NativeMethodAccessorImpl.java:62)
    at sun.reflect.DelegatingMethodAccessorImpl.invoke(DelegatingMethodAccessorImpl.java:43)
org.junit.ComparisonFailure: expected:<...whenweforgetourhuman[,dignityandthehigheraimsofourexistence.]]> but was:<...whenweforgetourhuman[]]>
    at org.junit.Assert.assertEquals(Assert.java:115)
    at org.junit.Assert.assertEquals(Assert.java:144)
    at java_testcases.junit.WRAP_Test.test_0(WRAP_Test.java:9)
    at sun.reflect.NativeMethodAccessorImpl.invoke0(Native Method)
    at sun.reflect.NativeMethodAccessorImpl.invoke(NativeMethodAccessorImpl.java:62)
    at sun.reflect.DelegatingMethodAccessorImpl.invoke(DelegatingMethodAccessorImpl.java:43)
org.junit.ComparisonFailure: expected:<...dthe,higheraimsofour[,existence.]]> but was:<...dthe,higheraimsofour[]]>
    at org.junit.Assert.assertEquals(Assert.java:115)
    at org.junit.Assert.assertEquals(Assert.java:144)
    at java_testcases.junit.WRAP_Test.test_1(WRAP_Test.java:16)
    at sun.reflect.NativeMethodAccessorImpl.invoke0(Native Method)
    at sun.reflect.NativeMethodAccessorImpl.invoke(NativeMethodAccessorImpl.java:62)
    at sun.reflect.DelegatingMethodAccessorImpl.invoke(DelegatingMethodAccessorImpl.java:43)
org.junit.ComparisonFailure: expected:<...nityandthehigheraims[,ofourexistence.]]> but was:<...nityandthehigheraims[]]>
    at org.junit.Assert.assertEquals(Assert.java:115)
    at org.junit.Assert.assertEquals(Assert.java:144)
    at java_testcases.junit.WRAP_Test.test_2(WRAP_Test.java:23)
    at sun.reflect.NativeMethodAccessorImpl.invoke0(Native Method)
    at sun.reflect.NativeMethodAccessorImpl.invoke(NativeMethodAccessorImpl.java:62)
    at sun.reflect.DelegatingMethodAccessorImpl.invoke(DelegatingMethodAccessorImpl.java:43)
org.junit.ComparisonFailure: expected:<...elveswhenweforgetour[,humandignityandthehigheraimsofourexistence.]]> but was:<...elveswhenweforgetour[]]>
    at org.junit.Assert.assertEquals(Assert.java:115)
    at org.junit.Assert.assertEquals(Assert.java:144)
    at java_testcases.junit.WRAP_Test.test_3(WRAP_Test.java:30)
    at sun.reflect.NativeMethodAccessorImpl.invoke0(Native Method)
    at sun.reflect.NativeMethodAccessorImpl.invoke(NativeMethodAccessorImpl.java:62)
    at sun.reflect.DelegatingMethodAccessorImpl.invoke(DelegatingMethodAccessorImpl.java:43)
org.junit.ComparisonFailure: expected:<...ulinthisworldwhenone[,reflects:everythingexceptwhatwethinkordoourselveswhenweforgetourhumandignityandthehigheraimsofourexistence.]]> but was:<...ulinthisworldwhenone[]]>
    at org.junit.Assert.assertEquals(Assert.java:115)
    at org.junit.Assert.assertEquals(Assert.java:144)
    at java_testcases.junit.WRAP_Test.test_4(WRAP_Test.java:37)
    at sun.reflect.NativeMethodAccessorImpl.invoke0(Native Method)
    at sun.reflect.NativeMethodAccessorImpl.invoke(NativeMethodAccessorImpl.java:62)
    at sun.reflect.DelegatingMethodAccessorImpl.invoke(DelegatingMethodAccessorImpl.java:43)
org.junit.ComparisonFailure: expected:<...whenweforgetourhuman[,dignityandthehigheraimsofourexistence.]]> but was:<...whenweforgetourhuman[]]>
    at org.junit.Assert.assertEquals(Assert.java:115)
    at org.junit.Assert.assertEquals(Assert.java:144)
    at java_testcases.junit.WRAP_Test.test_0(WRAP_Test.java:9)
    at sun.reflect.NativeMethodAccessorImpl.invoke0(Native Method)
    at sun.reflect.NativeMethodAccessorImpl.invoke(NativeMethodAccessorImpl.java:62)
    at sun.reflect.DelegatingMethodAccessorImpl.invoke(DelegatingMethodAccessorImpl.java:43)
org.junit.ComparisonFailure: expected:<...dthe,higheraimsofour[,existence.]]> but was:<...dthe,higheraimsofour[]]>
    at org.junit.Assert.assertEquals(Assert.java:115)
    at org.junit.Assert.assertEquals(Assert.java:144)
    at java_testcases.junit.WRAP_Test.test_1(WRAP_Test.java:16)
    at sun.reflect.NativeMethodAccessorImpl.invoke0(Native Method)
    at sun.reflect.NativeMethodAccessorImpl.invoke(NativeMethodAccessorImpl.java:62)
    at sun.reflect.DelegatingMethodAccessorImpl.invoke(DelegatingMethodAccessorImpl.java:43)
org.junit.ComparisonFailure: expected:<...nityandthehigheraims[,ofourexistence.]]> but was:<...nityandthehigheraims[]]>
    at org.junit.Assert.assertEquals(Assert.java:115)
    at org.junit.Assert.assertEquals(Assert.java:144)
    at java_testcases.junit.WRAP_Test.test_2(WRAP_Test.java:23)
    at sun.reflect.NativeMethodAccessorImpl.invoke0(Native Method)
    at sun.reflect.NativeMethodAccessorImpl.invoke(NativeMethodAccessorImpl.java:62)
    at sun.reflect.DelegatingMethodAccessorImpl.invoke(DelegatingMethodAccessorImpl.java:43)
org.junit.ComparisonFailure: expected:<...elveswhenweforgetour[,humandignityandthehigheraimsofourexistence.]]> but was:<...elveswhenweforgetour[]]>
    at org.junit.Assert.assertEquals(Assert.java:115)
    at org.junit.Assert.assertEquals(Assert.java:144)
    at java_testcases.junit.WRAP_Test.test_3(WRAP_Test.java:30)
    at sun.reflect.NativeMethodAccessorImpl.invoke0(Native Method)
    at sun.reflect.NativeMethodAccessorImpl.invoke(NativeMethodAccessorImpl.java:62)
    at sun.reflect.DelegatingMethodAccessorImpl.invoke(DelegatingMethodAccessorImpl.java:43)
org.junit.ComparisonFailure: expected:<...ulinthisworldwhenone[,reflects:everythingexceptwhatwethinkordoourselveswhenweforgetourhumandignityandthehigheraimsofourexistence.]]> but was:<...ulinthisworldwhenone[]]>
    at org.junit.Assert.assertEquals(Assert.java:115)
    at org.junit.Assert.assertEquals(Assert.java:144)
    at java_testcases.junit.WRAP_Test.test_4(WRAP_Test.java:37)
    at sun.reflect.NativeMethodAccessorImpl.invoke0(Native Method)
    at sun.reflect.NativeMethodAccessorImpl.invoke(NativeMethodAccessorImpl.java:62)
    at sun.reflect.DelegatingMethodAccessorImpl.invoke(DelegatingMethodAccessorImpl.java:43)
12:03:14.444 [pool-4-thread-1] INFO  xxl.java.junit.TestCasesListener - Tests run finished (39 ms)
<> Total tests run: 25
<> Ignored tests: 0
<> Failed tests: 25
~ test_0(java_testcases.junit.WRAP_Test)
[expected:<...whenweforgetourhuman[,dignityandthehigheraimsofourexistence.]]> but was:<...whenweforgetourhuman[]]>]
org.junit.ComparisonFailure: expected:<...whenweforgetourhuman[,dignityandthehigheraimsofourexistence.]]> but was:<...whenweforgetourhuman[]]>    at org.junit.Assert.assertEquals(Assert.java:115)
    at org.junit.Assert.assertEquals(Assert.java:144)
    at java_testcases.junit.WRAP_Test.test_0(WRAP_Test.java:9)
    at sun.reflect.NativeMethodAccessorImpl.invoke0(Native Method)
    at sun.reflect.NativeMethodAccessorImpl.invoke(NativeMethodAccessorImpl.java:62)
    at sun.reflect.DelegatingMethodAccessorImpl.invoke(DelegatingMethodAccessorImpl.java:43)
~ test_1(java_testcases.junit.WRAP_Test)
[expected:<...dthe,higheraimsofour[,existence.]]> but was:<...dthe,higheraimsofour[]]>]
org.junit.ComparisonFailure: expected:<...dthe,higheraimsofour[,existence.]]> but was:<...dthe,higheraimsofour[]]>    at org.junit.Assert.assertEquals(Assert.java:115)
    at org.junit.Assert.assertEquals(Assert.java:144)
    at java_testcases.junit.WRAP_Test.test_1(WRAP_Test.java:16)
    at sun.reflect.NativeMethodAccessorImpl.invoke0(Native Method)
    at sun.reflect.NativeMethodAccessorImpl.invoke(NativeMethodAccessorImpl.java:62)
    at sun.reflect.DelegatingMethodAccessorImpl.invoke(DelegatingMethodAccessorImpl.java:43)
~ test_2(java_testcases.junit.WRAP_Test)
[expected:<...nityandthehigheraims[,ofourexistence.]]> but was:<...nityandthehigheraims[]]>]
org.junit.ComparisonFailure: expected:<...nityandthehigheraims[,ofourexistence.]]> but was:<...nityandthehigheraims[]]>    at org.junit.Assert.assertEquals(Assert.java:115)
    at org.junit.Assert.assertEquals(Assert.java:144)
    at java_testcases.junit.WRAP_Test.test_2(WRAP_Test.java:23)
    at sun.reflect.NativeMethodAccessorImpl.invoke0(Native Method)
    at sun.reflect.NativeMethodAccessorImpl.invoke(NativeMethodAccessorImpl.java:62)
    at sun.reflect.DelegatingMethodAccessorImpl.invoke(DelegatingMethodAccessorImpl.java:43)
~ test_3(java_testcases.junit.WRAP_Test)
[expected:<...elveswhenweforgetour[,humandignityandthehigheraimsofourexistence.]]> but was:<...elveswhenweforgetour[]]>]
org.junit.ComparisonFailure: expected:<...elveswhenweforgetour[,humandignityandthehigheraimsofourexistence.]]> but was:<...elveswhenweforgetour[]]>    at org.junit.Assert.assertEquals(Assert.java:115)
    at org.junit.Assert.assertEquals(Assert.java:144)
    at java_testcases.junit.WRAP_Test.test_3(WRAP_Test.java:30)
    at sun.reflect.NativeMethodAccessorImpl.invoke0(Native Method)
    at sun.reflect.NativeMethodAccessorImpl.invoke(NativeMethodAccessorImpl.java:62)
    at sun.reflect.DelegatingMethodAccessorImpl.invoke(DelegatingMethodAccessorImpl.java:43)
~ test_4(java_testcases.junit.WRAP_Test)
[expected:<...ulinthisworldwhenone[,reflects:everythingexceptwhatwethinkordoourselveswhenweforgetourhumandignityandthehigheraimsofourexistence.]]> but was:<...ulinthisworldwhenone[]]>]
org.junit.ComparisonFailure: expected:<...ulinthisworldwhenone[,reflects:everythingexceptwhatwethinkordoourselveswhenweforgetourhumandignityandthehigheraimsofourexistence.]]> but was:<...ulinthisworldwhenone[]]>    at org.junit.Assert.assertEquals(Assert.java:115)
    at org.junit.Assert.assertEquals(Assert.java:144)
    at java_testcases.junit.WRAP_Test.test_4(WRAP_Test.java:37)
    at sun.reflect.NativeMethodAccessorImpl.invoke0(Native Method)
    at sun.reflect.NativeMethodAccessorImpl.invoke(NativeMethodAccessorImpl.java:62)
    at sun.reflect.DelegatingMethodAccessorImpl.invoke(DelegatingMethodAccessorImpl.java:43)
~ test_0(java_testcases.junit.WRAP_Test)
[expected:<...whenweforgetourhuman[,dignityandthehigheraimsofourexistence.]]> but was:<...whenweforgetourhuman[]]>]
org.junit.ComparisonFailure: expected:<...whenweforgetourhuman[,dignityandthehigheraimsofourexistence.]]> but was:<...whenweforgetourhuman[]]>    at org.junit.Assert.assertEquals(Assert.java:115)
    at org.junit.Assert.assertEquals(Assert.java:144)
    at java_testcases.junit.WRAP_Test.test_0(WRAP_Test.java:9)
    at sun.reflect.NativeMethodAccessorImpl.invoke0(Native Method)
    at sun.reflect.NativeMethodAccessorImpl.invoke(NativeMethodAccessorImpl.java:62)
    at sun.reflect.DelegatingMethodAccessorImpl.invoke(DelegatingMethodAccessorImpl.java:43)
~ test_1(java_testcases.junit.WRAP_Test)
[expected:<...dthe,higheraimsofour[,existence.]]> but was:<...dthe,higheraimsofour[]]>]
org.junit.ComparisonFailure: expected:<...dthe,higheraimsofour[,existence.]]> but was:<...dthe,higheraimsofour[]]>    at org.junit.Assert.assertEquals(Assert.java:115)
    at org.junit.Assert.assertEquals(Assert.java:144)
    at java_testcases.junit.WRAP_Test.test_1(WRAP_Test.java:16)
    at sun.reflect.NativeMethodAccessorImpl.invoke0(Native Method)
    at sun.reflect.NativeMethodAccessorImpl.invoke(NativeMethodAccessorImpl.java:62)
    at sun.reflect.DelegatingMethodAccessorImpl.invoke(DelegatingMethodAccessorImpl.java:43)
~ test_2(java_testcases.junit.WRAP_Test)
[expected:<...nityandthehigheraims[,ofourexistence.]]> but was:<...nityandthehigheraims[]]>]
org.junit.ComparisonFailure: expected:<...nityandthehigheraims[,ofourexistence.]]> but was:<...nityandthehigheraims[]]>    at org.junit.Assert.assertEquals(Assert.java:115)
    at org.junit.Assert.assertEquals(Assert.java:144)
    at java_testcases.junit.WRAP_Test.test_2(WRAP_Test.java:23)
    at sun.reflect.NativeMethodAccessorImpl.invoke0(Native Method)
    at sun.reflect.NativeMethodAccessorImpl.invoke(NativeMethodAccessorImpl.java:62)
    at sun.reflect.DelegatingMethodAccessorImpl.invoke(DelegatingMethodAccessorImpl.java:43)
~ test_3(java_testcases.junit.WRAP_Test)
[expected:<...elveswhenweforgetour[,humandignityandthehigheraimsofourexistence.]]> but was:<...elveswhenweforgetour[]]>]
org.junit.ComparisonFailure: expected:<...elveswhenweforgetour[,humandignityandthehigheraimsofourexistence.]]> but was:<...elveswhenweforgetour[]]>    at org.junit.Assert.assertEquals(Assert.java:115)
    at org.junit.Assert.assertEquals(Assert.java:144)
    at java_testcases.junit.WRAP_Test.test_3(WRAP_Test.java:30)
    at sun.reflect.NativeMethodAccessorImpl.invoke0(Native Method)
    at sun.reflect.NativeMethodAccessorImpl.invoke(NativeMethodAccessorImpl.java:62)
    at sun.reflect.DelegatingMethodAccessorImpl.invoke(DelegatingMethodAccessorImpl.java:43)
~ test_4(java_testcases.junit.WRAP_Test)
[expected:<...ulinthisworldwhenone[,reflects:everythingexceptwhatwethinkordoourselveswhenweforgetourhumandignityandthehigheraimsofourexistence.]]> but was:<...ulinthisworldwhenone[]]>]
org.junit.ComparisonFailure: expected:<...ulinthisworldwhenone[,reflects:everythingexceptwhatwethinkordoourselveswhenweforgetourhumandignityandthehigheraimsofourexistence.]]> but was:<...ulinthisworldwhenone[]]>    at org.junit.Assert.assertEquals(Assert.java:115)
    at org.junit.Assert.assertEquals(Assert.java:144)
    at java_testcases.junit.WRAP_Test.test_4(WRAP_Test.java:37)
    at sun.reflect.NativeMethodAccessorImpl.invoke0(Native Method)
    at sun.reflect.NativeMethodAccessorImpl.invoke(NativeMethodAccessorImpl.java:62)
    at sun.reflect.DelegatingMethodAccessorImpl.invoke(DelegatingMethodAccessorImpl.java:43)
~ test_0(java_testcases.junit.WRAP_Test)
[expected:<...whenweforgetourhuman[,dignityandthehigheraimsofourexistence.]]> but was:<...whenweforgetourhuman[]]>]
org.junit.ComparisonFailure: expected:<...whenweforgetourhuman[,dignityandthehigheraimsofourexistence.]]> but was:<...whenweforgetourhuman[]]>    at org.junit.Assert.assertEquals(Assert.java:115)
    at org.junit.Assert.assertEquals(Assert.java:144)
    at java_testcases.junit.WRAP_Test.test_0(WRAP_Test.java:9)
    at sun.reflect.NativeMethodAccessorImpl.invoke0(Native Method)
    at sun.reflect.NativeMethodAccessorImpl.invoke(NativeMethodAccessorImpl.java:62)
    at sun.reflect.DelegatingMethodAccessorImpl.invoke(DelegatingMethodAccessorImpl.java:43)
~ test_1(java_testcases.junit.WRAP_Test)
[expected:<...dthe,higheraimsofour[,existence.]]> but was:<...dthe,higheraimsofour[]]>]
org.junit.ComparisonFailure: expected:<...dthe,higheraimsofour[,existence.]]> but was:<...dthe,higheraimsofour[]]>    at org.junit.Assert.assertEquals(Assert.java:115)
    at org.junit.Assert.assertEquals(Assert.java:144)
    at java_testcases.junit.WRAP_Test.test_1(WRAP_Test.java:16)
    at sun.reflect.NativeMethodAccessorImpl.invoke0(Native Method)
    at sun.reflect.NativeMethodAccessorImpl.invoke(NativeMethodAccessorImpl.java:62)
    at sun.reflect.DelegatingMethodAccessorImpl.invoke(DelegatingMethodAccessorImpl.java:43)
~ test_2(java_testcases.junit.WRAP_Test)
[expected:<...nityandthehigheraims[,ofourexistence.]]> but was:<...nityandthehigheraims[]]>]
org.junit.ComparisonFailure: expected:<...nityandthehigheraims[,ofourexistence.]]> but was:<...nityandthehigheraims[]]>    at org.junit.Assert.assertEquals(Assert.java:115)
    at org.junit.Assert.assertEquals(Assert.java:144)
    at java_testcases.junit.WRAP_Test.test_2(WRAP_Test.java:23)
    at sun.reflect.NativeMethodAccessorImpl.invoke0(Native Method)
    at sun.reflect.NativeMethodAccessorImpl.invoke(NativeMethodAccessorImpl.java:62)
    at sun.reflect.DelegatingMethodAccessorImpl.invoke(DelegatingMethodAccessorImpl.java:43)
~ test_3(java_testcases.junit.WRAP_Test)
[expected:<...elveswhenweforgetour[,humandignityandthehigheraimsofourexistence.]]> but was:<...elveswhenweforgetour[]]>]
org.junit.ComparisonFailure: expected:<...elveswhenweforgetour[,humandignityandthehigheraimsofourexistence.]]> but was:<...elveswhenweforgetour[]]>    at org.junit.Assert.assertEquals(Assert.java:115)
    at org.junit.Assert.assertEquals(Assert.java:144)
    at java_testcases.junit.WRAP_Test.test_3(WRAP_Test.java:30)
    at sun.reflect.NativeMethodAccessorImpl.invoke0(Native Method)
    at sun.reflect.NativeMethodAccessorImpl.invoke(NativeMethodAccessorImpl.java:62)
    at sun.reflect.DelegatingMethodAccessorImpl.invoke(DelegatingMethodAccessorImpl.java:43)
~ test_4(java_testcases.junit.WRAP_Test)
[expected:<...ulinthisworldwhenone[,reflects:everythingexceptwhatwethinkordoourselveswhenweforgetourhumandignityandthehigheraimsofourexistence.]]> but was:<...ulinthisworldwhenone[]]>]
org.junit.ComparisonFailure: expected:<...ulinthisworldwhenone[,reflects:everythingexceptwhatwethinkordoourselveswhenweforgetourhumandignityandthehigheraimsofourexistence.]]> but was:<...ulinthisworldwhenone[]]>    at org.junit.Assert.assertEquals(Assert.java:115)
    at org.junit.Assert.assertEquals(Assert.java:144)
    at java_testcases.junit.WRAP_Test.test_4(WRAP_Test.java:37)
    at sun.reflect.NativeMethodAccessorImpl.invoke0(Native Method)
    at sun.reflect.NativeMethodAccessorImpl.invoke(NativeMethodAccessorImpl.java:62)
    at sun.reflect.DelegatingMethodAccessorImpl.invoke(DelegatingMethodAccessorImpl.java:43)
~ test_0(java_testcases.junit.WRAP_Test)
[expected:<...whenweforgetourhuman[,dignityandthehigheraimsofourexistence.]]> but was:<...whenweforgetourhuman[]]>]
org.junit.ComparisonFailure: expected:<...whenweforgetourhuman[,dignityandthehigheraimsofourexistence.]]> but was:<...whenweforgetourhuman[]]>    at org.junit.Assert.assertEquals(Assert.java:115)
    at org.junit.Assert.assertEquals(Assert.java:144)
    at java_testcases.junit.WRAP_Test.test_0(WRAP_Test.java:9)
    at sun.reflect.NativeMethodAccessorImpl.invoke0(Native Method)
    at sun.reflect.NativeMethodAccessorImpl.invoke(NativeMethodAccessorImpl.java:62)
    at sun.reflect.DelegatingMethodAccessorImpl.invoke(DelegatingMethodAccessorImpl.java:43)
~ test_1(java_testcases.junit.WRAP_Test)
[expected:<...dthe,higheraimsofour[,existence.]]> but was:<...dthe,higheraimsofour[]]>]
org.junit.ComparisonFailure: expected:<...dthe,higheraimsofour[,existence.]]> but was:<...dthe,higheraimsofour[]]>    at org.junit.Assert.assertEquals(Assert.java:115)
    at org.junit.Assert.assertEquals(Assert.java:144)
    at java_testcases.junit.WRAP_Test.test_1(WRAP_Test.java:16)
    at sun.reflect.NativeMethodAccessorImpl.invoke0(Native Method)
    at sun.reflect.NativeMethodAccessorImpl.invoke(NativeMethodAccessorImpl.java:62)
    at sun.reflect.DelegatingMethodAccessorImpl.invoke(DelegatingMethodAccessorImpl.java:43)
~ test_2(java_testcases.junit.WRAP_Test)
[expected:<...nityandthehigheraims[,ofourexistence.]]> but was:<...nityandthehigheraims[]]>]
org.junit.ComparisonFailure: expected:<...nityandthehigheraims[,ofourexistence.]]> but was:<...nityandthehigheraims[]]>    at org.junit.Assert.assertEquals(Assert.java:115)
    at org.junit.Assert.assertEquals(Assert.java:144)
    at java_testcases.junit.WRAP_Test.test_2(WRAP_Test.java:23)
    at sun.reflect.NativeMethodAccessorImpl.invoke0(Native Method)
    at sun.reflect.NativeMethodAccessorImpl.invoke(NativeMethodAccessorImpl.java:62)
    at sun.reflect.DelegatingMethodAccessorImpl.invoke(DelegatingMethodAccessorImpl.java:43)
~ test_3(java_testcases.junit.WRAP_Test)
[expected:<...elveswhenweforgetour[,humandignityandthehigheraimsofourexistence.]]> but was:<...elveswhenweforgetour[]]>]
org.junit.ComparisonFailure: expected:<...elveswhenweforgetour[,humandignityandthehigheraimsofourexistence.]]> but was:<...elveswhenweforgetour[]]>    at org.junit.Assert.assertEquals(Assert.java:115)
    at org.junit.Assert.assertEquals(Assert.java:144)
    at java_testcases.junit.WRAP_Test.test_3(WRAP_Test.java:30)
    at sun.reflect.NativeMethodAccessorImpl.invoke0(Native Method)
    at sun.reflect.NativeMethodAccessorImpl.invoke(NativeMethodAccessorImpl.java:62)
    at sun.reflect.DelegatingMethodAccessorImpl.invoke(DelegatingMethodAccessorImpl.java:43)
~ test_4(java_testcases.junit.WRAP_Test)
[expected:<...ulinthisworldwhenone[,reflects:everythingexceptwhatwethinkordoourselveswhenweforgetourhumandignityandthehigheraimsofourexistence.]]> but was:<...ulinthisworldwhenone[]]>]
org.junit.ComparisonFailure: expected:<...ulinthisworldwhenone[,reflects:everythingexceptwhatwethinkordoourselveswhenweforgetourhumandignityandthehigheraimsofourexistence.]]> but was:<...ulinthisworldwhenone[]]>    at org.junit.Assert.assertEquals(Assert.java:115)
    at org.junit.Assert.assertEquals(Assert.java:144)
    at java_testcases.junit.WRAP_Test.test_4(WRAP_Test.java:37)
    at sun.reflect.NativeMethodAccessorImpl.invoke0(Native Method)
    at sun.reflect.NativeMethodAccessorImpl.invoke(NativeMethodAccessorImpl.java:62)
    at sun.reflect.DelegatingMethodAccessorImpl.invoke(DelegatingMethodAccessorImpl.java:43)
~ test_0(java_testcases.junit.WRAP_Test)
[expected:<...whenweforgetourhuman[,dignityandthehigheraimsofourexistence.]]> but was:<...whenweforgetourhuman[]]>]
org.junit.ComparisonFailure: expected:<...whenweforgetourhuman[,dignityandthehigheraimsofourexistence.]]> but was:<...whenweforgetourhuman[]]>    at org.junit.Assert.assertEquals(Assert.java:115)
    at org.junit.Assert.assertEquals(Assert.java:144)
    at java_testcases.junit.WRAP_Test.test_0(WRAP_Test.java:9)
    at sun.reflect.NativeMethodAccessorImpl.invoke0(Native Method)
    at sun.reflect.NativeMethodAccessorImpl.invoke(NativeMethodAccessorImpl.java:62)
    at sun.reflect.DelegatingMethodAccessorImpl.invoke(DelegatingMethodAccessorImpl.java:43)
~ test_1(java_testcases.junit.WRAP_Test)
[expected:<...dthe,higheraimsofour[,existence.]]> but was:<...dthe,higheraimsofour[]]>]
org.junit.ComparisonFailure: expected:<...dthe,higheraimsofour[,existence.]]> but was:<...dthe,higheraimsofour[]]>    at org.junit.Assert.assertEquals(Assert.java:115)
    at org.junit.Assert.assertEquals(Assert.java:144)
    at java_testcases.junit.WRAP_Test.test_1(WRAP_Test.java:16)
    at sun.reflect.NativeMethodAccessorImpl.invoke0(Native Method)
    at sun.reflect.NativeMethodAccessorImpl.invoke(NativeMethodAccessorImpl.java:62)
    at sun.reflect.DelegatingMethodAccessorImpl.invoke(DelegatingMethodAccessorImpl.java:43)
~ test_2(java_testcases.junit.WRAP_Test)
[expected:<...nityandthehigheraims[,ofourexistence.]]> but was:<...nityandthehigheraims[]]>]
org.junit.ComparisonFailure: expected:<...nityandthehigheraims[,ofourexistence.]]> but was:<...nityandthehigheraims[]]>    at org.junit.Assert.assertEquals(Assert.java:115)
    at org.junit.Assert.assertEquals(Assert.java:144)
    at java_testcases.junit.WRAP_Test.test_2(WRAP_Test.java:23)
    at sun.reflect.NativeMethodAccessorImpl.invoke0(Native Method)
    at sun.reflect.NativeMethodAccessorImpl.invoke(NativeMethodAccessorImpl.java:62)
    at sun.reflect.DelegatingMethodAccessorImpl.invoke(DelegatingMethodAccessorImpl.java:43)
~ test_3(java_testcases.junit.WRAP_Test)
[expected:<...elveswhenweforgetour[,humandignityandthehigheraimsofourexistence.]]> but was:<...elveswhenweforgetour[]]>]
org.junit.ComparisonFailure: expected:<...elveswhenweforgetour[,humandignityandthehigheraimsofourexistence.]]> but was:<...elveswhenweforgetour[]]>    at org.junit.Assert.assertEquals(Assert.java:115)
    at org.junit.Assert.assertEquals(Assert.java:144)
    at java_testcases.junit.WRAP_Test.test_3(WRAP_Test.java:30)
    at sun.reflect.NativeMethodAccessorImpl.invoke0(Native Method)
    at sun.reflect.NativeMethodAccessorImpl.invoke(NativeMethodAccessorImpl.java:62)
    at sun.reflect.DelegatingMethodAccessorImpl.invoke(DelegatingMethodAccessorImpl.java:43)
~ test_4(java_testcases.junit.WRAP_Test)
[expected:<...ulinthisworldwhenone[,reflects:everythingexceptwhatwethinkordoourselveswhenweforgetourhumandignityandthehigheraimsofourexistence.]]> but was:<...ulinthisworldwhenone[]]>]
org.junit.ComparisonFailure: expected:<...ulinthisworldwhenone[,reflects:everythingexceptwhatwethinkordoourselveswhenweforgetourhumandignityandthehigheraimsofourexistence.]]> but was:<...ulinthisworldwhenone[]]>    at org.junit.Assert.assertEquals(Assert.java:115)
    at org.junit.Assert.assertEquals(Assert.java:144)
    at java_testcases.junit.WRAP_Test.test_4(WRAP_Test.java:37)
    at sun.reflect.NativeMethodAccessorImpl.invoke0(Native Method)
    at sun.reflect.NativeMethodAccessorImpl.invoke(NativeMethodAccessorImpl.java:62)
    at sun.reflect.DelegatingMethodAccessorImpl.invoke(DelegatingMethodAccessorImpl.java:43)

12:03:14.940 [pool-2-thread-1] DEBUG fr.inria.lille.repair.nopol.NoPol - statement #4
12:03:14.941 [pool-2-thread-1] DEBUG fr.inria.lille.repair.nopol.NoPol - Analysing SourceLocation java_programs.WRAP:28 which is executed by 5 tests
2672715
12:03:15.001 [pool-2-thread-1] DEBUG fr.inria.lille.repair.nopol.NoPol - looking with class fr.inria.lille.repair.nopol.spoon.smt.ConditionalAdder
org.junit.ComparisonFailure: expected:<...whenweforgetourhuman[,dignityandthehigheraimsofourexistence.]]> but was:<...whenweforgetourhuman[]]>
    at org.junit.Assert.assertEquals(Assert.java:115)
    at org.junit.Assert.assertEquals(Assert.java:144)
    at java_testcases.junit.WRAP_Test.test_0(WRAP_Test.java:9)
    at sun.reflect.NativeMethodAccessorImpl.invoke0(Native Method)
    at sun.reflect.NativeMethodAccessorImpl.invoke(NativeMethodAccessorImpl.java:62)
    at sun.reflect.DelegatingMethodAccessorImpl.invoke(DelegatingMethodAccessorImpl.java:43)
org.junit.ComparisonFailure: expected:<...dthe,higheraimsofour[,existence.]]> but was:<...dthe,higheraimsofour[]]>
    at org.junit.Assert.assertEquals(Assert.java:115)
    at org.junit.Assert.assertEquals(Assert.java:144)
    at java_testcases.junit.WRAP_Test.test_1(WRAP_Test.java:16)
    at sun.reflect.NativeMethodAccessorImpl.invoke0(Native Method)
    at sun.reflect.NativeMethodAccessorImpl.invoke(NativeMethodAccessorImpl.java:62)
    at sun.reflect.DelegatingMethodAccessorImpl.invoke(DelegatingMethodAccessorImpl.java:43)
org.junit.ComparisonFailure: expected:<...nityandthehigheraims[,ofourexistence.]]> but was:<...nityandthehigheraims[]]>
    at org.junit.Assert.assertEquals(Assert.java:115)
    at org.junit.Assert.assertEquals(Assert.java:144)
    at java_testcases.junit.WRAP_Test.test_2(WRAP_Test.java:23)
    at sun.reflect.NativeMethodAccessorImpl.invoke0(Native Method)
    at sun.reflect.NativeMethodAccessorImpl.invoke(NativeMethodAccessorImpl.java:62)
    at sun.reflect.DelegatingMethodAccessorImpl.invoke(DelegatingMethodAccessorImpl.java:43)
org.junit.ComparisonFailure: expected:<...elveswhenweforgetour[,humandignityandthehigheraimsofourexistence.]]> but was:<...elveswhenweforgetour[]]>
    at org.junit.Assert.assertEquals(Assert.java:115)
    at org.junit.Assert.assertEquals(Assert.java:144)
    at java_testcases.junit.WRAP_Test.test_3(WRAP_Test.java:30)
    at sun.reflect.NativeMethodAccessorImpl.invoke0(Native Method)
    at sun.reflect.NativeMethodAccessorImpl.invoke(NativeMethodAccessorImpl.java:62)
    at sun.reflect.DelegatingMethodAccessorImpl.invoke(DelegatingMethodAccessorImpl.java:43)
org.junit.ComparisonFailure: expected:<...ulinthisworldwhenone[,reflects:everythingexceptwhatwethinkordoourselveswhenweforgetourhumandignityandthehigheraimsofourexistence.]]> but was:<...ulinthisworldwhenone[]]>
    at org.junit.Assert.assertEquals(Assert.java:115)
    at org.junit.Assert.assertEquals(Assert.java:144)
    at java_testcases.junit.WRAP_Test.test_4(WRAP_Test.java:37)
    at sun.reflect.NativeMethodAccessorImpl.invoke0(Native Method)
    at sun.reflect.NativeMethodAccessorImpl.invoke(NativeMethodAccessorImpl.java:62)
    at sun.reflect.DelegatingMethodAccessorImpl.invoke(DelegatingMethodAccessorImpl.java:43)
org.junit.ComparisonFailure: expected:<...whenweforgetourhuman[,dignityandthehigheraimsofourexistence.]]> but was:<...whenweforgetourhuman[]]>
    at org.junit.Assert.assertEquals(Assert.java:115)
    at org.junit.Assert.assertEquals(Assert.java:144)
    at java_testcases.junit.WRAP_Test.test_0(WRAP_Test.java:9)
    at sun.reflect.NativeMethodAccessorImpl.invoke0(Native Method)
    at sun.reflect.NativeMethodAccessorImpl.invoke(NativeMethodAccessorImpl.java:62)
    at sun.reflect.DelegatingMethodAccessorImpl.invoke(DelegatingMethodAccessorImpl.java:43)
org.junit.ComparisonFailure: expected:<...dthe,higheraimsofour[,existence.]]> but was:<...dthe,higheraimsofour[]]>
    at org.junit.Assert.assertEquals(Assert.java:115)
    at org.junit.Assert.assertEquals(Assert.java:144)
    at java_testcases.junit.WRAP_Test.test_1(WRAP_Test.java:16)
    at sun.reflect.NativeMethodAccessorImpl.invoke0(Native Method)
    at sun.reflect.NativeMethodAccessorImpl.invoke(NativeMethodAccessorImpl.java:62)
    at sun.reflect.DelegatingMethodAccessorImpl.invoke(DelegatingMethodAccessorImpl.java:43)
org.junit.ComparisonFailure: expected:<...nityandthehigheraims[,ofourexistence.]]> but was:<...nityandthehigheraims[]]>
    at org.junit.Assert.assertEquals(Assert.java:115)
    at org.junit.Assert.assertEquals(Assert.java:144)
    at java_testcases.junit.WRAP_Test.test_2(WRAP_Test.java:23)
    at sun.reflect.NativeMethodAccessorImpl.invoke0(Native Method)
    at sun.reflect.NativeMethodAccessorImpl.invoke(NativeMethodAccessorImpl.java:62)
    at sun.reflect.DelegatingMethodAccessorImpl.invoke(DelegatingMethodAccessorImpl.java:43)
org.junit.ComparisonFailure: expected:<...elveswhenweforgetour[,humandignityandthehigheraimsofourexistence.]]> but was:<...elveswhenweforgetour[]]>
    at org.junit.Assert.assertEquals(Assert.java:115)
    at org.junit.Assert.assertEquals(Assert.java:144)
    at java_testcases.junit.WRAP_Test.test_3(WRAP_Test.java:30)
    at sun.reflect.NativeMethodAccessorImpl.invoke0(Native Method)
    at sun.reflect.NativeMethodAccessorImpl.invoke(NativeMethodAccessorImpl.java:62)
    at sun.reflect.DelegatingMethodAccessorImpl.invoke(DelegatingMethodAccessorImpl.java:43)
org.junit.ComparisonFailure: expected:<...ulinthisworldwhenone[,reflects:everythingexceptwhatwethinkordoourselveswhenweforgetourhumandignityandthehigheraimsofourexistence.]]> but was:<...ulinthisworldwhenone[]]>
    at org.junit.Assert.assertEquals(Assert.java:115)
    at org.junit.Assert.assertEquals(Assert.java:144)
    at java_testcases.junit.WRAP_Test.test_4(WRAP_Test.java:37)
    at sun.reflect.NativeMethodAccessorImpl.invoke0(Native Method)
    at sun.reflect.NativeMethodAccessorImpl.invoke(NativeMethodAccessorImpl.java:62)
    at sun.reflect.DelegatingMethodAccessorImpl.invoke(DelegatingMethodAccessorImpl.java:43)
org.junit.ComparisonFailure: expected:<...whenweforgetourhuman[,dignityandthehigheraimsofourexistence.]]> but was:<...whenweforgetourhuman[]]>
    at org.junit.Assert.assertEquals(Assert.java:115)
    at org.junit.Assert.assertEquals(Assert.java:144)
    at java_testcases.junit.WRAP_Test.test_0(WRAP_Test.java:9)
    at sun.reflect.NativeMethodAccessorImpl.invoke0(Native Method)
    at sun.reflect.NativeMethodAccessorImpl.invoke(NativeMethodAccessorImpl.java:62)
    at sun.reflect.DelegatingMethodAccessorImpl.invoke(DelegatingMethodAccessorImpl.java:43)
org.junit.ComparisonFailure: expected:<...dthe,higheraimsofour[,existence.]]> but was:<...dthe,higheraimsofour[]]>
    at org.junit.Assert.assertEquals(Assert.java:115)
    at org.junit.Assert.assertEquals(Assert.java:144)
    at java_testcases.junit.WRAP_Test.test_1(WRAP_Test.java:16)
    at sun.reflect.NativeMethodAccessorImpl.invoke0(Native Method)
    at sun.reflect.NativeMethodAccessorImpl.invoke(NativeMethodAccessorImpl.java:62)
    at sun.reflect.DelegatingMethodAccessorImpl.invoke(DelegatingMethodAccessorImpl.java:43)
org.junit.ComparisonFailure: expected:<...nityandthehigheraims[,ofourexistence.]]> but was:<...nityandthehigheraims[]]>
    at org.junit.Assert.assertEquals(Assert.java:115)
    at org.junit.Assert.assertEquals(Assert.java:144)
    at java_testcases.junit.WRAP_Test.test_2(WRAP_Test.java:23)
    at sun.reflect.NativeMethodAccessorImpl.invoke0(Native Method)
    at sun.reflect.NativeMethodAccessorImpl.invoke(NativeMethodAccessorImpl.java:62)
    at sun.reflect.DelegatingMethodAccessorImpl.invoke(DelegatingMethodAccessorImpl.java:43)
org.junit.ComparisonFailure: expected:<...elveswhenweforgetour[,humandignityandthehigheraimsofourexistence.]]> but was:<...elveswhenweforgetour[]]>
    at org.junit.Assert.assertEquals(Assert.java:115)
    at org.junit.Assert.assertEquals(Assert.java:144)
    at java_testcases.junit.WRAP_Test.test_3(WRAP_Test.java:30)
    at sun.reflect.NativeMethodAccessorImpl.invoke0(Native Method)
    at sun.reflect.NativeMethodAccessorImpl.invoke(NativeMethodAccessorImpl.java:62)
    at sun.reflect.DelegatingMethodAccessorImpl.invoke(DelegatingMethodAccessorImpl.java:43)
org.junit.ComparisonFailure: expected:<...ulinthisworldwhenone[,reflects:everythingexceptwhatwethinkordoourselveswhenweforgetourhumandignityandthehigheraimsofourexistence.]]> but was:<...ulinthisworldwhenone[]]>
    at org.junit.Assert.assertEquals(Assert.java:115)
    at org.junit.Assert.assertEquals(Assert.java:144)
    at java_testcases.junit.WRAP_Test.test_4(WRAP_Test.java:37)
    at sun.reflect.NativeMethodAccessorImpl.invoke0(Native Method)
    at sun.reflect.NativeMethodAccessorImpl.invoke(NativeMethodAccessorImpl.java:62)
    at sun.reflect.DelegatingMethodAccessorImpl.invoke(DelegatingMethodAccessorImpl.java:43)
org.junit.ComparisonFailure: expected:<...whenweforgetourhuman[,dignityandthehigheraimsofourexistence.]]> but was:<...whenweforgetourhuman[]]>
    at org.junit.Assert.assertEquals(Assert.java:115)
    at org.junit.Assert.assertEquals(Assert.java:144)
    at java_testcases.junit.WRAP_Test.test_0(WRAP_Test.java:9)
    at sun.reflect.NativeMethodAccessorImpl.invoke0(Native Method)
    at sun.reflect.NativeMethodAccessorImpl.invoke(NativeMethodAccessorImpl.java:62)
    at sun.reflect.DelegatingMethodAccessorImpl.invoke(DelegatingMethodAccessorImpl.java:43)
org.junit.ComparisonFailure: expected:<...dthe,higheraimsofour[,existence.]]> but was:<...dthe,higheraimsofour[]]>
    at org.junit.Assert.assertEquals(Assert.java:115)
    at org.junit.Assert.assertEquals(Assert.java:144)
    at java_testcases.junit.WRAP_Test.test_1(WRAP_Test.java:16)
    at sun.reflect.NativeMethodAccessorImpl.invoke0(Native Method)
    at sun.reflect.NativeMethodAccessorImpl.invoke(NativeMethodAccessorImpl.java:62)
    at sun.reflect.DelegatingMethodAccessorImpl.invoke(DelegatingMethodAccessorImpl.java:43)
org.junit.ComparisonFailure: expected:<...nityandthehigheraims[,ofourexistence.]]> but was:<...nityandthehigheraims[]]>
    at org.junit.Assert.assertEquals(Assert.java:115)
    at org.junit.Assert.assertEquals(Assert.java:144)
    at java_testcases.junit.WRAP_Test.test_2(WRAP_Test.java:23)
    at sun.reflect.NativeMethodAccessorImpl.invoke0(Native Method)
    at sun.reflect.NativeMethodAccessorImpl.invoke(NativeMethodAccessorImpl.java:62)
    at sun.reflect.DelegatingMethodAccessorImpl.invoke(DelegatingMethodAccessorImpl.java:43)
org.junit.ComparisonFailure: expected:<...elveswhenweforgetour[,humandignityandthehigheraimsofourexistence.]]> but was:<...elveswhenweforgetour[]]>
    at org.junit.Assert.assertEquals(Assert.java:115)
    at org.junit.Assert.assertEquals(Assert.java:144)
    at java_testcases.junit.WRAP_Test.test_3(WRAP_Test.java:30)
    at sun.reflect.NativeMethodAccessorImpl.invoke0(Native Method)
    at sun.reflect.NativeMethodAccessorImpl.invoke(NativeMethodAccessorImpl.java:62)
    at sun.reflect.DelegatingMethodAccessorImpl.invoke(DelegatingMethodAccessorImpl.java:43)
org.junit.ComparisonFailure: expected:<...ulinthisworldwhenone[,reflects:everythingexceptwhatwethinkordoourselveswhenweforgetourhumandignityandthehigheraimsofourexistence.]]> but was:<...ulinthisworldwhenone[]]>
    at org.junit.Assert.assertEquals(Assert.java:115)
    at org.junit.Assert.assertEquals(Assert.java:144)
    at java_testcases.junit.WRAP_Test.test_4(WRAP_Test.java:37)
    at sun.reflect.NativeMethodAccessorImpl.invoke0(Native Method)
    at sun.reflect.NativeMethodAccessorImpl.invoke(NativeMethodAccessorImpl.java:62)
    at sun.reflect.DelegatingMethodAccessorImpl.invoke(DelegatingMethodAccessorImpl.java:43)
org.junit.ComparisonFailure: expected:<...whenweforgetourhuman[,dignityandthehigheraimsofourexistence.]]> but was:<...whenweforgetourhuman[]]>
    at org.junit.Assert.assertEquals(Assert.java:115)
    at org.junit.Assert.assertEquals(Assert.java:144)
    at java_testcases.junit.WRAP_Test.test_0(WRAP_Test.java:9)
    at sun.reflect.NativeMethodAccessorImpl.invoke0(Native Method)
    at sun.reflect.NativeMethodAccessorImpl.invoke(NativeMethodAccessorImpl.java:62)
    at sun.reflect.DelegatingMethodAccessorImpl.invoke(DelegatingMethodAccessorImpl.java:43)
org.junit.ComparisonFailure: expected:<...dthe,higheraimsofour[,existence.]]> but was:<...dthe,higheraimsofour[]]>
    at org.junit.Assert.assertEquals(Assert.java:115)
    at org.junit.Assert.assertEquals(Assert.java:144)
    at java_testcases.junit.WRAP_Test.test_1(WRAP_Test.java:16)
    at sun.reflect.NativeMethodAccessorImpl.invoke0(Native Method)
    at sun.reflect.NativeMethodAccessorImpl.invoke(NativeMethodAccessorImpl.java:62)
    at sun.reflect.DelegatingMethodAccessorImpl.invoke(DelegatingMethodAccessorImpl.java:43)
org.junit.ComparisonFailure: expected:<...nityandthehigheraims[,ofourexistence.]]> but was:<...nityandthehigheraims[]]>
    at org.junit.Assert.assertEquals(Assert.java:115)
    at org.junit.Assert.assertEquals(Assert.java:144)
    at java_testcases.junit.WRAP_Test.test_2(WRAP_Test.java:23)
    at sun.reflect.NativeMethodAccessorImpl.invoke0(Native Method)
    at sun.reflect.NativeMethodAccessorImpl.invoke(NativeMethodAccessorImpl.java:62)
    at sun.reflect.DelegatingMethodAccessorImpl.invoke(DelegatingMethodAccessorImpl.java:43)
org.junit.ComparisonFailure: expected:<...elveswhenweforgetour[,humandignityandthehigheraimsofourexistence.]]> but was:<...elveswhenweforgetour[]]>
    at org.junit.Assert.assertEquals(Assert.java:115)
    at org.junit.Assert.assertEquals(Assert.java:144)
    at java_testcases.junit.WRAP_Test.test_3(WRAP_Test.java:30)
    at sun.reflect.NativeMethodAccessorImpl.invoke0(Native Method)
    at sun.reflect.NativeMethodAccessorImpl.invoke(NativeMethodAccessorImpl.java:62)
    at sun.reflect.DelegatingMethodAccessorImpl.invoke(DelegatingMethodAccessorImpl.java:43)
org.junit.ComparisonFailure: expected:<...ulinthisworldwhenone[,reflects:everythingexceptwhatwethinkordoourselveswhenweforgetourhumandignityandthehigheraimsofourexistence.]]> but was:<...ulinthisworldwhenone[]]>
    at org.junit.Assert.assertEquals(Assert.java:115)
    at org.junit.Assert.assertEquals(Assert.java:144)
    at java_testcases.junit.WRAP_Test.test_4(WRAP_Test.java:37)
    at sun.reflect.NativeMethodAccessorImpl.invoke0(Native Method)
    at sun.reflect.NativeMethodAccessorImpl.invoke(NativeMethodAccessorImpl.java:62)
    at sun.reflect.DelegatingMethodAccessorImpl.invoke(DelegatingMethodAccessorImpl.java:43)
12:03:15.036 [pool-16-thread-1] INFO  xxl.java.junit.TestCasesListener - Tests run finished (28 ms)
<> Total tests run: 25
<> Ignored tests: 0
<> Failed tests: 25
~ test_0(java_testcases.junit.WRAP_Test)
[expected:<...whenweforgetourhuman[,dignityandthehigheraimsofourexistence.]]> but was:<...whenweforgetourhuman[]]>]
org.junit.ComparisonFailure: expected:<...whenweforgetourhuman[,dignityandthehigheraimsofourexistence.]]> but was:<...whenweforgetourhuman[]]>    at org.junit.Assert.assertEquals(Assert.java:115)
    at org.junit.Assert.assertEquals(Assert.java:144)
    at java_testcases.junit.WRAP_Test.test_0(WRAP_Test.java:9)
    at sun.reflect.NativeMethodAccessorImpl.invoke0(Native Method)
    at sun.reflect.NativeMethodAccessorImpl.invoke(NativeMethodAccessorImpl.java:62)
    at sun.reflect.DelegatingMethodAccessorImpl.invoke(DelegatingMethodAccessorImpl.java:43)
~ test_1(java_testcases.junit.WRAP_Test)
[expected:<...dthe,higheraimsofour[,existence.]]> but was:<...dthe,higheraimsofour[]]>]
org.junit.ComparisonFailure: expected:<...dthe,higheraimsofour[,existence.]]> but was:<...dthe,higheraimsofour[]]>    at org.junit.Assert.assertEquals(Assert.java:115)
    at org.junit.Assert.assertEquals(Assert.java:144)
    at java_testcases.junit.WRAP_Test.test_1(WRAP_Test.java:16)
    at sun.reflect.NativeMethodAccessorImpl.invoke0(Native Method)
    at sun.reflect.NativeMethodAccessorImpl.invoke(NativeMethodAccessorImpl.java:62)
    at sun.reflect.DelegatingMethodAccessorImpl.invoke(DelegatingMethodAccessorImpl.java:43)
~ test_2(java_testcases.junit.WRAP_Test)
[expected:<...nityandthehigheraims[,ofourexistence.]]> but was:<...nityandthehigheraims[]]>]
org.junit.ComparisonFailure: expected:<...nityandthehigheraims[,ofourexistence.]]> but was:<...nityandthehigheraims[]]>    at org.junit.Assert.assertEquals(Assert.java:115)
    at org.junit.Assert.assertEquals(Assert.java:144)
    at java_testcases.junit.WRAP_Test.test_2(WRAP_Test.java:23)
    at sun.reflect.NativeMethodAccessorImpl.invoke0(Native Method)
    at sun.reflect.NativeMethodAccessorImpl.invoke(NativeMethodAccessorImpl.java:62)
    at sun.reflect.DelegatingMethodAccessorImpl.invoke(DelegatingMethodAccessorImpl.java:43)
~ test_3(java_testcases.junit.WRAP_Test)
[expected:<...elveswhenweforgetour[,humandignityandthehigheraimsofourexistence.]]> but was:<...elveswhenweforgetour[]]>]
org.junit.ComparisonFailure: expected:<...elveswhenweforgetour[,humandignityandthehigheraimsofourexistence.]]> but was:<...elveswhenweforgetour[]]>    at org.junit.Assert.assertEquals(Assert.java:115)
    at org.junit.Assert.assertEquals(Assert.java:144)
    at java_testcases.junit.WRAP_Test.test_3(WRAP_Test.java:30)
    at sun.reflect.NativeMethodAccessorImpl.invoke0(Native Method)
    at sun.reflect.NativeMethodAccessorImpl.invoke(NativeMethodAccessorImpl.java:62)
    at sun.reflect.DelegatingMethodAccessorImpl.invoke(DelegatingMethodAccessorImpl.java:43)
~ test_4(java_testcases.junit.WRAP_Test)
[expected:<...ulinthisworldwhenone[,reflects:everythingexceptwhatwethinkordoourselveswhenweforgetourhumandignityandthehigheraimsofourexistence.]]> but was:<...ulinthisworldwhenone[]]>]
org.junit.ComparisonFailure: expected:<...ulinthisworldwhenone[,reflects:everythingexceptwhatwethinkordoourselveswhenweforgetourhumandignityandthehigheraimsofourexistence.]]> but was:<...ulinthisworldwhenone[]]>    at org.junit.Assert.assertEquals(Assert.java:115)
    at org.junit.Assert.assertEquals(Assert.java:144)
    at java_testcases.junit.WRAP_Test.test_4(WRAP_Test.java:37)
    at sun.reflect.NativeMethodAccessorImpl.invoke0(Native Method)
    at sun.reflect.NativeMethodAccessorImpl.invoke(NativeMethodAccessorImpl.java:62)
    at sun.reflect.DelegatingMethodAccessorImpl.invoke(DelegatingMethodAccessorImpl.java:43)
~ test_0(java_testcases.junit.WRAP_Test)
[expected:<...whenweforgetourhuman[,dignityandthehigheraimsofourexistence.]]> but was:<...whenweforgetourhuman[]]>]
org.junit.ComparisonFailure: expected:<...whenweforgetourhuman[,dignityandthehigheraimsofourexistence.]]> but was:<...whenweforgetourhuman[]]>    at org.junit.Assert.assertEquals(Assert.java:115)
    at org.junit.Assert.assertEquals(Assert.java:144)
    at java_testcases.junit.WRAP_Test.test_0(WRAP_Test.java:9)
    at sun.reflect.NativeMethodAccessorImpl.invoke0(Native Method)
    at sun.reflect.NativeMethodAccessorImpl.invoke(NativeMethodAccessorImpl.java:62)
    at sun.reflect.DelegatingMethodAccessorImpl.invoke(DelegatingMethodAccessorImpl.java:43)
~ test_1(java_testcases.junit.WRAP_Test)
[expected:<...dthe,higheraimsofour[,existence.]]> but was:<...dthe,higheraimsofour[]]>]
org.junit.ComparisonFailure: expected:<...dthe,higheraimsofour[,existence.]]> but was:<...dthe,higheraimsofour[]]>    at org.junit.Assert.assertEquals(Assert.java:115)
    at org.junit.Assert.assertEquals(Assert.java:144)
    at java_testcases.junit.WRAP_Test.test_1(WRAP_Test.java:16)
    at sun.reflect.NativeMethodAccessorImpl.invoke0(Native Method)
    at sun.reflect.NativeMethodAccessorImpl.invoke(NativeMethodAccessorImpl.java:62)
    at sun.reflect.DelegatingMethodAccessorImpl.invoke(DelegatingMethodAccessorImpl.java:43)
~ test_2(java_testcases.junit.WRAP_Test)
[expected:<...nityandthehigheraims[,ofourexistence.]]> but was:<...nityandthehigheraims[]]>]
org.junit.ComparisonFailure: expected:<...nityandthehigheraims[,ofourexistence.]]> but was:<...nityandthehigheraims[]]>    at org.junit.Assert.assertEquals(Assert.java:115)
    at org.junit.Assert.assertEquals(Assert.java:144)
    at java_testcases.junit.WRAP_Test.test_2(WRAP_Test.java:23)
    at sun.reflect.NativeMethodAccessorImpl.invoke0(Native Method)
    at sun.reflect.NativeMethodAccessorImpl.invoke(NativeMethodAccessorImpl.java:62)
    at sun.reflect.DelegatingMethodAccessorImpl.invoke(DelegatingMethodAccessorImpl.java:43)
~ test_3(java_testcases.junit.WRAP_Test)
[expected:<...elveswhenweforgetour[,humandignityandthehigheraimsofourexistence.]]> but was:<...elveswhenweforgetour[]]>]
org.junit.ComparisonFailure: expected:<...elveswhenweforgetour[,humandignityandthehigheraimsofourexistence.]]> but was:<...elveswhenweforgetour[]]>    at org.junit.Assert.assertEquals(Assert.java:115)
    at org.junit.Assert.assertEquals(Assert.java:144)
    at java_testcases.junit.WRAP_Test.test_3(WRAP_Test.java:30)
    at sun.reflect.NativeMethodAccessorImpl.invoke0(Native Method)
    at sun.reflect.NativeMethodAccessorImpl.invoke(NativeMethodAccessorImpl.java:62)
    at sun.reflect.DelegatingMethodAccessorImpl.invoke(DelegatingMethodAccessorImpl.java:43)
~ test_4(java_testcases.junit.WRAP_Test)
[expected:<...ulinthisworldwhenone[,reflects:everythingexceptwhatwethinkordoourselveswhenweforgetourhumandignityandthehigheraimsofourexistence.]]> but was:<...ulinthisworldwhenone[]]>]
org.junit.ComparisonFailure: expected:<...ulinthisworldwhenone[,reflects:everythingexceptwhatwethinkordoourselveswhenweforgetourhumandignityandthehigheraimsofourexistence.]]> but was:<...ulinthisworldwhenone[]]>    at org.junit.Assert.assertEquals(Assert.java:115)
    at org.junit.Assert.assertEquals(Assert.java:144)
    at java_testcases.junit.WRAP_Test.test_4(WRAP_Test.java:37)
    at sun.reflect.NativeMethodAccessorImpl.invoke0(Native Method)
    at sun.reflect.NativeMethodAccessorImpl.invoke(NativeMethodAccessorImpl.java:62)
    at sun.reflect.DelegatingMethodAccessorImpl.invoke(DelegatingMethodAccessorImpl.java:43)
~ test_0(java_testcases.junit.WRAP_Test)
[expected:<...whenweforgetourhuman[,dignityandthehigheraimsofourexistence.]]> but was:<...whenweforgetourhuman[]]>]
org.junit.ComparisonFailure: expected:<...whenweforgetourhuman[,dignityandthehigheraimsofourexistence.]]> but was:<...whenweforgetourhuman[]]>    at org.junit.Assert.assertEquals(Assert.java:115)
    at org.junit.Assert.assertEquals(Assert.java:144)
    at java_testcases.junit.WRAP_Test.test_0(WRAP_Test.java:9)
    at sun.reflect.NativeMethodAccessorImpl.invoke0(Native Method)
    at sun.reflect.NativeMethodAccessorImpl.invoke(NativeMethodAccessorImpl.java:62)
    at sun.reflect.DelegatingMethodAccessorImpl.invoke(DelegatingMethodAccessorImpl.java:43)
~ test_1(java_testcases.junit.WRAP_Test)
[expected:<...dthe,higheraimsofour[,existence.]]> but was:<...dthe,higheraimsofour[]]>]
org.junit.ComparisonFailure: expected:<...dthe,higheraimsofour[,existence.]]> but was:<...dthe,higheraimsofour[]]>    at org.junit.Assert.assertEquals(Assert.java:115)
    at org.junit.Assert.assertEquals(Assert.java:144)
    at java_testcases.junit.WRAP_Test.test_1(WRAP_Test.java:16)
    at sun.reflect.NativeMethodAccessorImpl.invoke0(Native Method)
    at sun.reflect.NativeMethodAccessorImpl.invoke(NativeMethodAccessorImpl.java:62)
    at sun.reflect.DelegatingMethodAccessorImpl.invoke(DelegatingMethodAccessorImpl.java:43)
~ test_2(java_testcases.junit.WRAP_Test)
[expected:<...nityandthehigheraims[,ofourexistence.]]> but was:<...nityandthehigheraims[]]>]
org.junit.ComparisonFailure: expected:<...nityandthehigheraims[,ofourexistence.]]> but was:<...nityandthehigheraims[]]>    at org.junit.Assert.assertEquals(Assert.java:115)
    at org.junit.Assert.assertEquals(Assert.java:144)
    at java_testcases.junit.WRAP_Test.test_2(WRAP_Test.java:23)
    at sun.reflect.NativeMethodAccessorImpl.invoke0(Native Method)
    at sun.reflect.NativeMethodAccessorImpl.invoke(NativeMethodAccessorImpl.java:62)
    at sun.reflect.DelegatingMethodAccessorImpl.invoke(DelegatingMethodAccessorImpl.java:43)
~ test_3(java_testcases.junit.WRAP_Test)
[expected:<...elveswhenweforgetour[,humandignityandthehigheraimsofourexistence.]]> but was:<...elveswhenweforgetour[]]>]
org.junit.ComparisonFailure: expected:<...elveswhenweforgetour[,humandignityandthehigheraimsofourexistence.]]> but was:<...elveswhenweforgetour[]]>    at org.junit.Assert.assertEquals(Assert.java:115)
    at org.junit.Assert.assertEquals(Assert.java:144)
    at java_testcases.junit.WRAP_Test.test_3(WRAP_Test.java:30)
    at sun.reflect.NativeMethodAccessorImpl.invoke0(Native Method)
    at sun.reflect.NativeMethodAccessorImpl.invoke(NativeMethodAccessorImpl.java:62)
    at sun.reflect.DelegatingMethodAccessorImpl.invoke(DelegatingMethodAccessorImpl.java:43)
~ test_4(java_testcases.junit.WRAP_Test)
[expected:<...ulinthisworldwhenone[,reflects:everythingexceptwhatwethinkordoourselveswhenweforgetourhumandignityandthehigheraimsofourexistence.]]> but was:<...ulinthisworldwhenone[]]>]
org.junit.ComparisonFailure: expected:<...ulinthisworldwhenone[,reflects:everythingexceptwhatwethinkordoourselveswhenweforgetourhumandignityandthehigheraimsofourexistence.]]> but was:<...ulinthisworldwhenone[]]>    at org.junit.Assert.assertEquals(Assert.java:115)
    at org.junit.Assert.assertEquals(Assert.java:144)
    at java_testcases.junit.WRAP_Test.test_4(WRAP_Test.java:37)
    at sun.reflect.NativeMethodAccessorImpl.invoke0(Native Method)
    at sun.reflect.NativeMethodAccessorImpl.invoke(NativeMethodAccessorImpl.java:62)
    at sun.reflect.DelegatingMethodAccessorImpl.invoke(DelegatingMethodAccessorImpl.java:43)
~ test_0(java_testcases.junit.WRAP_Test)
[expected:<...whenweforgetourhuman[,dignityandthehigheraimsofourexistence.]]> but was:<...whenweforgetourhuman[]]>]
org.junit.ComparisonFailure: expected:<...whenweforgetourhuman[,dignityandthehigheraimsofourexistence.]]> but was:<...whenweforgetourhuman[]]>    at org.junit.Assert.assertEquals(Assert.java:115)
    at org.junit.Assert.assertEquals(Assert.java:144)
    at java_testcases.junit.WRAP_Test.test_0(WRAP_Test.java:9)
    at sun.reflect.NativeMethodAccessorImpl.invoke0(Native Method)
    at sun.reflect.NativeMethodAccessorImpl.invoke(NativeMethodAccessorImpl.java:62)
    at sun.reflect.DelegatingMethodAccessorImpl.invoke(DelegatingMethodAccessorImpl.java:43)
~ test_1(java_testcases.junit.WRAP_Test)
[expected:<...dthe,higheraimsofour[,existence.]]> but was:<...dthe,higheraimsofour[]]>]
org.junit.ComparisonFailure: expected:<...dthe,higheraimsofour[,existence.]]> but was:<...dthe,higheraimsofour[]]>    at org.junit.Assert.assertEquals(Assert.java:115)
    at org.junit.Assert.assertEquals(Assert.java:144)
    at java_testcases.junit.WRAP_Test.test_1(WRAP_Test.java:16)
    at sun.reflect.NativeMethodAccessorImpl.invoke0(Native Method)
    at sun.reflect.NativeMethodAccessorImpl.invoke(NativeMethodAccessorImpl.java:62)
    at sun.reflect.DelegatingMethodAccessorImpl.invoke(DelegatingMethodAccessorImpl.java:43)
~ test_2(java_testcases.junit.WRAP_Test)
[expected:<...nityandthehigheraims[,ofourexistence.]]> but was:<...nityandthehigheraims[]]>]
org.junit.ComparisonFailure: expected:<...nityandthehigheraims[,ofourexistence.]]> but was:<...nityandthehigheraims[]]>    at org.junit.Assert.assertEquals(Assert.java:115)
    at org.junit.Assert.assertEquals(Assert.java:144)
    at java_testcases.junit.WRAP_Test.test_2(WRAP_Test.java:23)
    at sun.reflect.NativeMethodAccessorImpl.invoke0(Native Method)
    at sun.reflect.NativeMethodAccessorImpl.invoke(NativeMethodAccessorImpl.java:62)
    at sun.reflect.DelegatingMethodAccessorImpl.invoke(DelegatingMethodAccessorImpl.java:43)
~ test_3(java_testcases.junit.WRAP_Test)
[expected:<...elveswhenweforgetour[,humandignityandthehigheraimsofourexistence.]]> but was:<...elveswhenweforgetour[]]>]
org.junit.ComparisonFailure: expected:<...elveswhenweforgetour[,humandignityandthehigheraimsofourexistence.]]> but was:<...elveswhenweforgetour[]]>    at org.junit.Assert.assertEquals(Assert.java:115)
    at org.junit.Assert.assertEquals(Assert.java:144)
    at java_testcases.junit.WRAP_Test.test_3(WRAP_Test.java:30)
    at sun.reflect.NativeMethodAccessorImpl.invoke0(Native Method)
    at sun.reflect.NativeMethodAccessorImpl.invoke(NativeMethodAccessorImpl.java:62)
    at sun.reflect.DelegatingMethodAccessorImpl.invoke(DelegatingMethodAccessorImpl.java:43)
~ test_4(java_testcases.junit.WRAP_Test)
[expected:<...ulinthisworldwhenone[,reflects:everythingexceptwhatwethinkordoourselveswhenweforgetourhumandignityandthehigheraimsofourexistence.]]> but was:<...ulinthisworldwhenone[]]>]
org.junit.ComparisonFailure: expected:<...ulinthisworldwhenone[,reflects:everythingexceptwhatwethinkordoourselveswhenweforgetourhumandignityandthehigheraimsofourexistence.]]> but was:<...ulinthisworldwhenone[]]>    at org.junit.Assert.assertEquals(Assert.java:115)
    at org.junit.Assert.assertEquals(Assert.java:144)
    at java_testcases.junit.WRAP_Test.test_4(WRAP_Test.java:37)
    at sun.reflect.NativeMethodAccessorImpl.invoke0(Native Method)
    at sun.reflect.NativeMethodAccessorImpl.invoke(NativeMethodAccessorImpl.java:62)
    at sun.reflect.DelegatingMethodAccessorImpl.invoke(DelegatingMethodAccessorImpl.java:43)
~ test_0(java_testcases.junit.WRAP_Test)
[expected:<...whenweforgetourhuman[,dignityandthehigheraimsofourexistence.]]> but was:<...whenweforgetourhuman[]]>]
org.junit.ComparisonFailure: expected:<...whenweforgetourhuman[,dignityandthehigheraimsofourexistence.]]> but was:<...whenweforgetourhuman[]]>    at org.junit.Assert.assertEquals(Assert.java:115)
    at org.junit.Assert.assertEquals(Assert.java:144)
    at java_testcases.junit.WRAP_Test.test_0(WRAP_Test.java:9)
    at sun.reflect.NativeMethodAccessorImpl.invoke0(Native Method)
    at sun.reflect.NativeMethodAccessorImpl.invoke(NativeMethodAccessorImpl.java:62)
    at sun.reflect.DelegatingMethodAccessorImpl.invoke(DelegatingMethodAccessorImpl.java:43)
~ test_1(java_testcases.junit.WRAP_Test)
[expected:<...dthe,higheraimsofour[,existence.]]> but was:<...dthe,higheraimsofour[]]>]
org.junit.ComparisonFailure: expected:<...dthe,higheraimsofour[,existence.]]> but was:<...dthe,higheraimsofour[]]>    at org.junit.Assert.assertEquals(Assert.java:115)
    at org.junit.Assert.assertEquals(Assert.java:144)
    at java_testcases.junit.WRAP_Test.test_1(WRAP_Test.java:16)
    at sun.reflect.NativeMethodAccessorImpl.invoke0(Native Method)
    at sun.reflect.NativeMethodAccessorImpl.invoke(NativeMethodAccessorImpl.java:62)
    at sun.reflect.DelegatingMethodAccessorImpl.invoke(DelegatingMethodAccessorImpl.java:43)
~ test_2(java_testcases.junit.WRAP_Test)
[expected:<...nityandthehigheraims[,ofourexistence.]]> but was:<...nityandthehigheraims[]]>]
org.junit.ComparisonFailure: expected:<...nityandthehigheraims[,ofourexistence.]]> but was:<...nityandthehigheraims[]]>    at org.junit.Assert.assertEquals(Assert.java:115)
    at org.junit.Assert.assertEquals(Assert.java:144)
    at java_testcases.junit.WRAP_Test.test_2(WRAP_Test.java:23)
    at sun.reflect.NativeMethodAccessorImpl.invoke0(Native Method)
    at sun.reflect.NativeMethodAccessorImpl.invoke(NativeMethodAccessorImpl.java:62)
    at sun.reflect.DelegatingMethodAccessorImpl.invoke(DelegatingMethodAccessorImpl.java:43)
~ test_3(java_testcases.junit.WRAP_Test)
[expected:<...elveswhenweforgetour[,humandignityandthehigheraimsofourexistence.]]> but was:<...elveswhenweforgetour[]]>]
org.junit.ComparisonFailure: expected:<...elveswhenweforgetour[,humandignityandthehigheraimsofourexistence.]]> but was:<...elveswhenweforgetour[]]>    at org.junit.Assert.assertEquals(Assert.java:115)
    at org.junit.Assert.assertEquals(Assert.java:144)
    at java_testcases.junit.WRAP_Test.test_3(WRAP_Test.java:30)
    at sun.reflect.NativeMethodAccessorImpl.invoke0(Native Method)
    at sun.reflect.NativeMethodAccessorImpl.invoke(NativeMethodAccessorImpl.java:62)
    at sun.reflect.DelegatingMethodAccessorImpl.invoke(DelegatingMethodAccessorImpl.java:43)
~ test_4(java_testcases.junit.WRAP_Test)
[expected:<...ulinthisworldwhenone[,reflects:everythingexceptwhatwethinkordoourselveswhenweforgetourhumandignityandthehigheraimsofourexistence.]]> but was:<...ulinthisworldwhenone[]]>]
org.junit.ComparisonFailure: expected:<...ulinthisworldwhenone[,reflects:everythingexceptwhatwethinkordoourselveswhenweforgetourhumandignityandthehigheraimsofourexistence.]]> but was:<...ulinthisworldwhenone[]]>    at org.junit.Assert.assertEquals(Assert.java:115)
    at org.junit.Assert.assertEquals(Assert.java:144)
    at java_testcases.junit.WRAP_Test.test_4(WRAP_Test.java:37)
    at sun.reflect.NativeMethodAccessorImpl.invoke0(Native Method)
    at sun.reflect.NativeMethodAccessorImpl.invoke(NativeMethodAccessorImpl.java:62)
    at sun.reflect.DelegatingMethodAccessorImpl.invoke(DelegatingMethodAccessorImpl.java:43)

12:04:06.050 [pool-2-thread-1] DEBUG fr.inria.lille.repair.nopol.NoPol - statement #5
12:04:06.051 [pool-2-thread-1] DEBUG fr.inria.lille.repair.nopol.NoPol - Analysing SourceLocation java_programs.WRAP:27 which is executed by 5 tests
2672715
12:05:39.964 [pool-2-thread-1] DEBUG fr.inria.lille.repair.nopol.NoPol - looking with class fr.inria.lille.repair.nopol.spoon.smt.ConditionalAdder
java.lang.Exception: test timed out after 3000 milliseconds
    at java.lang.Throwable.fillInStackTrace(Native Method)
    at java.lang.Throwable.fillInStackTrace(Throwable.java:783)
    at java.lang.Throwable.<init>(Throwable.java:265)
    at java.lang.Exception.<init>(Exception.java:66)
    at java.lang.RuntimeException.<init>(RuntimeException.java:62)
    at java.lang.IllegalArgumentException.<init>(IllegalArgumentException.java:52)
org.junit.ComparisonFailure: expected:<...dthe,higheraimsofour[,existence.]]> but was:<...dthe,higheraimsofour[]]>
    at org.junit.Assert.assertEquals(Assert.java:115)
    at org.junit.Assert.assertEquals(Assert.java:144)
    at java_testcases.junit.WRAP_Test.test_1(WRAP_Test.java:16)
    at sun.reflect.NativeMethodAccessorImpl.invoke0(Native Method)
    at sun.reflect.NativeMethodAccessorImpl.invoke(NativeMethodAccessorImpl.java:62)
    at sun.reflect.DelegatingMethodAccessorImpl.invoke(DelegatingMethodAccessorImpl.java:43)
org.junit.ComparisonFailure: expected:<...nityandthehigheraims[,ofourexistence.]]> but was:<...nityandthehigheraims[]]>
    at org.junit.Assert.assertEquals(Assert.java:115)
    at org.junit.Assert.assertEquals(Assert.java:144)
    at java_testcases.junit.WRAP_Test.test_2(WRAP_Test.java:23)
    at sun.reflect.NativeMethodAccessorImpl.invoke0(Native Method)
    at sun.reflect.NativeMethodAccessorImpl.invoke(NativeMethodAccessorImpl.java:62)
    at sun.reflect.DelegatingMethodAccessorImpl.invoke(DelegatingMethodAccessorImpl.java:43)
org.junit.ComparisonFailure: expected:<...elveswhenweforgetour[,humandignityandthehigheraimsofourexistence.]]> but was:<...elveswhenweforgetour[]]>
    at org.junit.Assert.assertEquals(Assert.java:115)
    at org.junit.Assert.assertEquals(Assert.java:144)
    at java_testcases.junit.WRAP_Test.test_3(WRAP_Test.java:30)
    at sun.reflect.NativeMethodAccessorImpl.invoke0(Native Method)
    at sun.reflect.NativeMethodAccessorImpl.invoke(NativeMethodAccessorImpl.java:62)
    at sun.reflect.DelegatingMethodAccessorImpl.invoke(DelegatingMethodAccessorImpl.java:43)
org.junit.ComparisonFailure: expected:<...ulinthisworldwhenone[,reflects:everythingexceptwhatwethinkordoourselveswhenweforgetourhumandignityandthehigheraimsofourexistence.]]> but was:<...ulinthisworldwhenone[]]>
    at org.junit.Assert.assertEquals(Assert.java:115)
    at org.junit.Assert.assertEquals(Assert.java:144)
    at java_testcases.junit.WRAP_Test.test_4(WRAP_Test.java:37)
    at sun.reflect.NativeMethodAccessorImpl.invoke0(Native Method)
    at sun.reflect.NativeMethodAccessorImpl.invoke(NativeMethodAccessorImpl.java:62)
    at sun.reflect.DelegatingMethodAccessorImpl.invoke(DelegatingMethodAccessorImpl.java:43)
org.junit.ComparisonFailure: expected:<...whenweforgetourhuman[,dignityandthehigheraimsofourexistence.]]> but was:<...whenweforgetourhuman[]]>
    at org.junit.Assert.assertEquals(Assert.java:115)
    at org.junit.Assert.assertEquals(Assert.java:144)
    at java_testcases.junit.WRAP_Test.test_0(WRAP_Test.java:9)
    at sun.reflect.NativeMethodAccessorImpl.invoke0(Native Method)
    at sun.reflect.NativeMethodAccessorImpl.invoke(NativeMethodAccessorImpl.java:62)
    at sun.reflect.DelegatingMethodAccessorImpl.invoke(DelegatingMethodAccessorImpl.java:43)
org.junit.ComparisonFailure: expected:<...dthe,higheraimsofour[,existence.]]> but was:<...dthe,higheraimsofour[]]>
    at org.junit.Assert.assertEquals(Assert.java:115)
    at org.junit.Assert.assertEquals(Assert.java:144)
    at java_testcases.junit.WRAP_Test.test_1(WRAP_Test.java:16)
    at sun.reflect.NativeMethodAccessorImpl.invoke0(Native Method)
    at sun.reflect.NativeMethodAccessorImpl.invoke(NativeMethodAccessorImpl.java:62)
    at sun.reflect.DelegatingMethodAccessorImpl.invoke(DelegatingMethodAccessorImpl.java:43)
org.junit.ComparisonFailure: expected:<...nityandthehigheraims[,ofourexistence.]]> but was:<...nityandthehigheraims[]]>
    at org.junit.Assert.assertEquals(Assert.java:115)
    at org.junit.Assert.assertEquals(Assert.java:144)
    at java_testcases.junit.WRAP_Test.test_2(WRAP_Test.java:23)
    at sun.reflect.NativeMethodAccessorImpl.invoke0(Native Method)
    at sun.reflect.NativeMethodAccessorImpl.invoke(NativeMethodAccessorImpl.java:62)
    at sun.reflect.DelegatingMethodAccessorImpl.invoke(DelegatingMethodAccessorImpl.java:43)
org.junit.ComparisonFailure: expected:<...elveswhenweforgetour[,humandignityandthehigheraimsofourexistence.]]> but was:<...elveswhenweforgetour[]]>
    at org.junit.Assert.assertEquals(Assert.java:115)
    at org.junit.Assert.assertEquals(Assert.java:144)
    at java_testcases.junit.WRAP_Test.test_3(WRAP_Test.java:30)
    at sun.reflect.NativeMethodAccessorImpl.invoke0(Native Method)
    at sun.reflect.NativeMethodAccessorImpl.invoke(NativeMethodAccessorImpl.java:62)
    at sun.reflect.DelegatingMethodAccessorImpl.invoke(DelegatingMethodAccessorImpl.java:43)
org.junit.ComparisonFailure: expected:<...ulinthisworldwhenone[,reflects:everythingexceptwhatwethinkordoourselveswhenweforgetourhumandignityandthehigheraimsofourexistence.]]> but was:<...ulinthisworldwhenone[]]>
    at org.junit.Assert.assertEquals(Assert.java:115)
    at org.junit.Assert.assertEquals(Assert.java:144)
    at java_testcases.junit.WRAP_Test.test_4(WRAP_Test.java:37)
    at sun.reflect.NativeMethodAccessorImpl.invoke0(Native Method)
    at sun.reflect.NativeMethodAccessorImpl.invoke(NativeMethodAccessorImpl.java:62)
    at sun.reflect.DelegatingMethodAccessorImpl.invoke(DelegatingMethodAccessorImpl.java:43)
org.junit.ComparisonFailure: expected:<...whenweforgetourhuman[,dignityandthehigheraimsofourexistence.]]> but was:<...whenweforgetourhuman[]]>
    at org.junit.Assert.assertEquals(Assert.java:115)
    at org.junit.Assert.assertEquals(Assert.java:144)
    at java_testcases.junit.WRAP_Test.test_0(WRAP_Test.java:9)
    at sun.reflect.NativeMethodAccessorImpl.invoke0(Native Method)
    at sun.reflect.NativeMethodAccessorImpl.invoke(NativeMethodAccessorImpl.java:62)
    at sun.reflect.DelegatingMethodAccessorImpl.invoke(DelegatingMethodAccessorImpl.java:43)
java.lang.Exception: test timed out after 3000 milliseconds
    at java.lang.Throwable.fillInStackTrace(Native Method)
    at java.lang.Throwable.fillInStackTrace(Throwable.java:783)
    at java.lang.Throwable.<init>(Throwable.java:310)
    at java.lang.Exception.<init>(Exception.java:102)
    at java.lang.ReflectiveOperationException.<init>(ReflectiveOperationException.java:89)
    at java.lang.reflect.InvocationTargetException.<init>(InvocationTargetException.java:72)
org.junit.ComparisonFailure: expected:<...nityandthehigheraims[,ofourexistence.]]> but was:<...nityandthehigheraims[]]>
    at org.junit.Assert.assertEquals(Assert.java:115)
    at org.junit.Assert.assertEquals(Assert.java:144)
    at java_testcases.junit.WRAP_Test.test_2(WRAP_Test.java:23)
    at sun.reflect.NativeMethodAccessorImpl.invoke0(Native Method)
    at sun.reflect.NativeMethodAccessorImpl.invoke(NativeMethodAccessorImpl.java:62)
    at sun.reflect.DelegatingMethodAccessorImpl.invoke(DelegatingMethodAccessorImpl.java:43)
org.junit.ComparisonFailure: expected:<...elveswhenweforgetour[,humandignityandthehigheraimsofourexistence.]]> but was:<...elveswhenweforgetour[]]>
    at org.junit.Assert.assertEquals(Assert.java:115)
    at org.junit.Assert.assertEquals(Assert.java:144)
    at java_testcases.junit.WRAP_Test.test_3(WRAP_Test.java:30)
    at sun.reflect.NativeMethodAccessorImpl.invoke0(Native Method)
    at sun.reflect.NativeMethodAccessorImpl.invoke(NativeMethodAccessorImpl.java:62)
    at sun.reflect.DelegatingMethodAccessorImpl.invoke(DelegatingMethodAccessorImpl.java:43)
org.junit.ComparisonFailure: expected:<...ulinthisworldwhenone[,reflects:everythingexceptwhatwethinkordoourselveswhenweforgetourhumandignityandthehigheraimsofourexistence.]]> but was:<...ulinthisworldwhenone[]]>
    at org.junit.Assert.assertEquals(Assert.java:115)
    at org.junit.Assert.assertEquals(Assert.java:144)
    at java_testcases.junit.WRAP_Test.test_4(WRAP_Test.java:37)
    at sun.reflect.NativeMethodAccessorImpl.invoke0(Native Method)
    at sun.reflect.NativeMethodAccessorImpl.invoke(NativeMethodAccessorImpl.java:62)
    at sun.reflect.DelegatingMethodAccessorImpl.invoke(DelegatingMethodAccessorImpl.java:43)
java.lang.Exception: test timed out after 3000 milliseconds
    at java.lang.String.replace(String.java:2240)
    at java_testcases.junit.QuixFixOracleHelper.removeSymbols(QuixFixOracleHelper.java:21)
    at java_testcases.junit.QuixFixOracleHelper.format(QuixFixOracleHelper.java:15)
    at java_testcases.junit.WRAP_Test.test_0(WRAP_Test.java:8)
    at sun.reflect.NativeMethodAccessorImpl.invoke0(Native Method)
    at sun.reflect.NativeMethodAccessorImpl.invoke(NativeMethodAccessorImpl.java:62)
org.junit.ComparisonFailure: expected:<...dthe,higheraimsofour[,existence.]]> but was:<...dthe,higheraimsofour[]]>
    at org.junit.Assert.assertEquals(Assert.java:115)
    at org.junit.Assert.assertEquals(Assert.java:144)
    at java_testcases.junit.WRAP_Test.test_1(WRAP_Test.java:16)
    at sun.reflect.NativeMethodAccessorImpl.invoke0(Native Method)
    at sun.reflect.NativeMethodAccessorImpl.invoke(NativeMethodAccessorImpl.java:62)
    at sun.reflect.DelegatingMethodAccessorImpl.invoke(DelegatingMethodAccessorImpl.java:43)
org.junit.ComparisonFailure: expected:<...nityandthehigheraims[,ofourexistence.]]> but was:<...nityandthehigheraims[]]>
    at org.junit.Assert.assertEquals(Assert.java:115)
    at org.junit.Assert.assertEquals(Assert.java:144)
    at java_testcases.junit.WRAP_Test.test_2(WRAP_Test.java:23)
    at sun.reflect.NativeMethodAccessorImpl.invoke0(Native Method)
    at sun.reflect.NativeMethodAccessorImpl.invoke(NativeMethodAccessorImpl.java:62)
    at sun.reflect.DelegatingMethodAccessorImpl.invoke(DelegatingMethodAccessorImpl.java:43)
org.junit.ComparisonFailure: expected:<...elveswhenweforgetour[,humandignityandthehigheraimsofourexistence.]]> but was:<...elveswhenweforgetour[]]>
    at org.junit.Assert.assertEquals(Assert.java:115)
    at org.junit.Assert.assertEquals(Assert.java:144)
    at java_testcases.junit.WRAP_Test.test_3(WRAP_Test.java:30)
    at sun.reflect.NativeMethodAccessorImpl.invoke0(Native Method)
    at sun.reflect.NativeMethodAccessorImpl.invoke(NativeMethodAccessorImpl.java:62)
    at sun.reflect.DelegatingMethodAccessorImpl.invoke(DelegatingMethodAccessorImpl.java:43)
org.junit.ComparisonFailure: expected:<...ulinthisworldwhenone[,reflects:everythingexceptwhatwethinkordoourselveswhenweforgetourhumandignityandthehigheraimsofourexistence.]]> but was:<...ulinthisworldwhenone[]]>
    at org.junit.Assert.assertEquals(Assert.java:115)
    at org.junit.Assert.assertEquals(Assert.java:144)
    at java_testcases.junit.WRAP_Test.test_4(WRAP_Test.java:37)
    at sun.reflect.NativeMethodAccessorImpl.invoke0(Native Method)
    at sun.reflect.NativeMethodAccessorImpl.invoke(NativeMethodAccessorImpl.java:62)
    at sun.reflect.DelegatingMethodAccessorImpl.invoke(DelegatingMethodAccessorImpl.java:43)
java.lang.Exception: test timed out after 3000 milliseconds
    at java.lang.Throwable.fillInStackTrace(Native Method)
    at java.lang.Throwable.fillInStackTrace(Throwable.java:783)
    at java.lang.Throwable.<init>(Throwable.java:265)
    at java.lang.Exception.<init>(Exception.java:66)
    at java.lang.RuntimeException.<init>(RuntimeException.java:62)
    at java.lang.IllegalArgumentException.<init>(IllegalArgumentException.java:52)
org.junit.ComparisonFailure: expected:<...dthe,higheraimsofour[,existence.]]> but was:<...dthe,higheraimsofour[]]>
    at org.junit.Assert.assertEquals(Assert.java:115)
    at org.junit.Assert.assertEquals(Assert.java:144)
    at java_testcases.junit.WRAP_Test.test_1(WRAP_Test.java:16)
    at sun.reflect.NativeMethodAccessorImpl.invoke0(Native Method)
    at sun.reflect.NativeMethodAccessorImpl.invoke(NativeMethodAccessorImpl.java:62)
    at sun.reflect.DelegatingMethodAccessorImpl.invoke(DelegatingMethodAccessorImpl.java:43)
org.junit.ComparisonFailure: expected:<...nityandthehigheraims[,ofourexistence.]]> but was:<...nityandthehigheraims[]]>
    at org.junit.Assert.assertEquals(Assert.java:115)
    at org.junit.Assert.assertEquals(Assert.java:144)
    at java_testcases.junit.WRAP_Test.test_2(WRAP_Test.java:23)
    at sun.reflect.NativeMethodAccessorImpl.invoke0(Native Method)
    at sun.reflect.NativeMethodAccessorImpl.invoke(NativeMethodAccessorImpl.java:62)
    at sun.reflect.DelegatingMethodAccessorImpl.invoke(DelegatingMethodAccessorImpl.java:43)
org.junit.ComparisonFailure: expected:<...elveswhenweforgetour[,humandignityandthehigheraimsofourexistence.]]> but was:<...elveswhenweforgetour[]]>
    at org.junit.Assert.assertEquals(Assert.java:115)
    at org.junit.Assert.assertEquals(Assert.java:144)
    at java_testcases.junit.WRAP_Test.test_3(WRAP_Test.java:30)
    at sun.reflect.NativeMethodAccessorImpl.invoke0(Native Method)
    at sun.reflect.NativeMethodAccessorImpl.invoke(NativeMethodAccessorImpl.java:62)
    at sun.reflect.DelegatingMethodAccessorImpl.invoke(DelegatingMethodAccessorImpl.java:43)
org.junit.ComparisonFailure: expected:<...ulinthisworldwhenone[,reflects:everythingexceptwhatwethinkordoourselveswhenweforgetourhumandignityandthehigheraimsofourexistence.]]> but was:<...ulinthisworldwhenone[]]>
    at org.junit.Assert.assertEquals(Assert.java:115)
    at org.junit.Assert.assertEquals(Assert.java:144)
    at java_testcases.junit.WRAP_Test.test_4(WRAP_Test.java:37)
    at sun.reflect.NativeMethodAccessorImpl.invoke0(Native Method)
    at sun.reflect.NativeMethodAccessorImpl.invoke(NativeMethodAccessorImpl.java:62)
    at sun.reflect.DelegatingMethodAccessorImpl.invoke(DelegatingMethodAccessorImpl.java:43)
12:06:32.546 [pool-28-thread-1] INFO  xxl.java.junit.TestCasesListener - Tests run finished (44751 ms)
<> Total tests run: 25
<> Ignored tests: 0
<> Failed tests: 25
~ test_0(java_testcases.junit.WRAP_Test)
[test timed out after 3000 milliseconds]
java.lang.Exception: test timed out after 3000 milliseconds    at java.lang.Throwable.fillInStackTrace(Native Method)
    at java.lang.Throwable.fillInStackTrace(Throwable.java:783)
    at java.lang.Throwable.<init>(Throwable.java:265)
    at java.lang.Exception.<init>(Exception.java:66)
    at java.lang.RuntimeException.<init>(RuntimeException.java:62)
    at java.lang.IllegalArgumentException.<init>(IllegalArgumentException.java:52)
~ test_1(java_testcases.junit.WRAP_Test)
[expected:<...dthe,higheraimsofour[,existence.]]> but was:<...dthe,higheraimsofour[]]>]
org.junit.ComparisonFailure: expected:<...dthe,higheraimsofour[,existence.]]> but was:<...dthe,higheraimsofour[]]>    at org.junit.Assert.assertEquals(Assert.java:115)
    at org.junit.Assert.assertEquals(Assert.java:144)
    at java_testcases.junit.WRAP_Test.test_1(WRAP_Test.java:16)
    at sun.reflect.NativeMethodAccessorImpl.invoke0(Native Method)
    at sun.reflect.NativeMethodAccessorImpl.invoke(NativeMethodAccessorImpl.java:62)
    at sun.reflect.DelegatingMethodAccessorImpl.invoke(DelegatingMethodAccessorImpl.java:43)
~ test_2(java_testcases.junit.WRAP_Test)
[expected:<...nityandthehigheraims[,ofourexistence.]]> but was:<...nityandthehigheraims[]]>]
org.junit.ComparisonFailure: expected:<...nityandthehigheraims[,ofourexistence.]]> but was:<...nityandthehigheraims[]]>    at org.junit.Assert.assertEquals(Assert.java:115)
    at org.junit.Assert.assertEquals(Assert.java:144)
    at java_testcases.junit.WRAP_Test.test_2(WRAP_Test.java:23)
    at sun.reflect.NativeMethodAccessorImpl.invoke0(Native Method)
    at sun.reflect.NativeMethodAccessorImpl.invoke(NativeMethodAccessorImpl.java:62)
    at sun.reflect.DelegatingMethodAccessorImpl.invoke(DelegatingMethodAccessorImpl.java:43)
~ test_3(java_testcases.junit.WRAP_Test)
[expected:<...elveswhenweforgetour[,humandignityandthehigheraimsofourexistence.]]> but was:<...elveswhenweforgetour[]]>]
org.junit.ComparisonFailure: expected:<...elveswhenweforgetour[,humandignityandthehigheraimsofourexistence.]]> but was:<...elveswhenweforgetour[]]>    at org.junit.Assert.assertEquals(Assert.java:115)
    at org.junit.Assert.assertEquals(Assert.java:144)
    at java_testcases.junit.WRAP_Test.test_3(WRAP_Test.java:30)
    at sun.reflect.NativeMethodAccessorImpl.invoke0(Native Method)
    at sun.reflect.NativeMethodAccessorImpl.invoke(NativeMethodAccessorImpl.java:62)
    at sun.reflect.DelegatingMethodAccessorImpl.invoke(DelegatingMethodAccessorImpl.java:43)
~ test_4(java_testcases.junit.WRAP_Test)
[expected:<...ulinthisworldwhenone[,reflects:everythingexceptwhatwethinkordoourselveswhenweforgetourhumandignityandthehigheraimsofourexistence.]]> but was:<...ulinthisworldwhenone[]]>]
org.junit.ComparisonFailure: expected:<...ulinthisworldwhenone[,reflects:everythingexceptwhatwethinkordoourselveswhenweforgetourhumandignityandthehigheraimsofourexistence.]]> but was:<...ulinthisworldwhenone[]]>    at org.junit.Assert.assertEquals(Assert.java:115)
    at org.junit.Assert.assertEquals(Assert.java:144)
    at java_testcases.junit.WRAP_Test.test_4(WRAP_Test.java:37)
    at sun.reflect.NativeMethodAccessorImpl.invoke0(Native Method)
    at sun.reflect.NativeMethodAccessorImpl.invoke(NativeMethodAccessorImpl.java:62)
    at sun.reflect.DelegatingMethodAccessorImpl.invoke(DelegatingMethodAccessorImpl.java:43)
~ test_0(java_testcases.junit.WRAP_Test)
[expected:<...whenweforgetourhuman[,dignityandthehigheraimsofourexistence.]]> but was:<...whenweforgetourhuman[]]>]
org.junit.ComparisonFailure: expected:<...whenweforgetourhuman[,dignityandthehigheraimsofourexistence.]]> but was:<...whenweforgetourhuman[]]>    at org.junit.Assert.assertEquals(Assert.java:115)
    at org.junit.Assert.assertEquals(Assert.java:144)
    at java_testcases.junit.WRAP_Test.test_0(WRAP_Test.java:9)
    at sun.reflect.NativeMethodAccessorImpl.invoke0(Native Method)
    at sun.reflect.NativeMethodAccessorImpl.invoke(NativeMethodAccessorImpl.java:62)
    at sun.reflect.DelegatingMethodAccessorImpl.invoke(DelegatingMethodAccessorImpl.java:43)
~ test_1(java_testcases.junit.WRAP_Test)
[expected:<...dthe,higheraimsofour[,existence.]]> but was:<...dthe,higheraimsofour[]]>]
org.junit.ComparisonFailure: expected:<...dthe,higheraimsofour[,existence.]]> but was:<...dthe,higheraimsofour[]]>    at org.junit.Assert.assertEquals(Assert.java:115)
    at org.junit.Assert.assertEquals(Assert.java:144)
    at java_testcases.junit.WRAP_Test.test_1(WRAP_Test.java:16)
    at sun.reflect.NativeMethodAccessorImpl.invoke0(Native Method)
    at sun.reflect.NativeMethodAccessorImpl.invoke(NativeMethodAccessorImpl.java:62)
    at sun.reflect.DelegatingMethodAccessorImpl.invoke(DelegatingMethodAccessorImpl.java:43)
~ test_2(java_testcases.junit.WRAP_Test)
[expected:<...nityandthehigheraims[,ofourexistence.]]> but was:<...nityandthehigheraims[]]>]
org.junit.ComparisonFailure: expected:<...nityandthehigheraims[,ofourexistence.]]> but was:<...nityandthehigheraims[]]>    at org.junit.Assert.assertEquals(Assert.java:115)
    at org.junit.Assert.assertEquals(Assert.java:144)
    at java_testcases.junit.WRAP_Test.test_2(WRAP_Test.java:23)
    at sun.reflect.NativeMethodAccessorImpl.invoke0(Native Method)
    at sun.reflect.NativeMethodAccessorImpl.invoke(NativeMethodAccessorImpl.java:62)
    at sun.reflect.DelegatingMethodAccessorImpl.invoke(DelegatingMethodAccessorImpl.java:43)
~ test_3(java_testcases.junit.WRAP_Test)
[expected:<...elveswhenweforgetour[,humandignityandthehigheraimsofourexistence.]]> but was:<...elveswhenweforgetour[]]>]
org.junit.ComparisonFailure: expected:<...elveswhenweforgetour[,humandignityandthehigheraimsofourexistence.]]> but was:<...elveswhenweforgetour[]]>    at org.junit.Assert.assertEquals(Assert.java:115)
    at org.junit.Assert.assertEquals(Assert.java:144)
    at java_testcases.junit.WRAP_Test.test_3(WRAP_Test.java:30)
    at sun.reflect.NativeMethodAccessorImpl.invoke0(Native Method)
    at sun.reflect.NativeMethodAccessorImpl.invoke(NativeMethodAccessorImpl.java:62)
    at sun.reflect.DelegatingMethodAccessorImpl.invoke(DelegatingMethodAccessorImpl.java:43)
~ test_4(java_testcases.junit.WRAP_Test)
[expected:<...ulinthisworldwhenone[,reflects:everythingexceptwhatwethinkordoourselveswhenweforgetourhumandignityandthehigheraimsofourexistence.]]> but was:<...ulinthisworldwhenone[]]>]
org.junit.ComparisonFailure: expected:<...ulinthisworldwhenone[,reflects:everythingexceptwhatwethinkordoourselveswhenweforgetourhumandignityandthehigheraimsofourexistence.]]> but was:<...ulinthisworldwhenone[]]>    at org.junit.Assert.assertEquals(Assert.java:115)
    at org.junit.Assert.assertEquals(Assert.java:144)
    at java_testcases.junit.WRAP_Test.test_4(WRAP_Test.java:37)
    at sun.reflect.NativeMethodAccessorImpl.invoke0(Native Method)
    at sun.reflect.NativeMethodAccessorImpl.invoke(NativeMethodAccessorImpl.java:62)
    at sun.reflect.DelegatingMethodAccessorImpl.invoke(DelegatingMethodAccessorImpl.java:43)
~ test_0(java_testcases.junit.WRAP_Test)
[expected:<...whenweforgetourhuman[,dignityandthehigheraimsofourexistence.]]> but was:<...whenweforgetourhuman[]]>]
org.junit.ComparisonFailure: expected:<...whenweforgetourhuman[,dignityandthehigheraimsofourexistence.]]> but was:<...whenweforgetourhuman[]]>    at org.junit.Assert.assertEquals(Assert.java:115)
    at org.junit.Assert.assertEquals(Assert.java:144)
    at java_testcases.junit.WRAP_Test.test_0(WRAP_Test.java:9)
    at sun.reflect.NativeMethodAccessorImpl.invoke0(Native Method)
    at sun.reflect.NativeMethodAccessorImpl.invoke(NativeMethodAccessorImpl.java:62)
    at sun.reflect.DelegatingMethodAccessorImpl.invoke(DelegatingMethodAccessorImpl.java:43)
~ test_1(java_testcases.junit.WRAP_Test)
[test timed out after 3000 milliseconds]
java.lang.Exception: test timed out after 3000 milliseconds    at java.lang.Throwable.fillInStackTrace(Native Method)
    at java.lang.Throwable.fillInStackTrace(Throwable.java:783)
    at java.lang.Throwable.<init>(Throwable.java:310)
    at java.lang.Exception.<init>(Exception.java:102)
    at java.lang.ReflectiveOperationException.<init>(ReflectiveOperationException.java:89)
    at java.lang.reflect.InvocationTargetException.<init>(InvocationTargetException.java:72)
~ test_2(java_testcases.junit.WRAP_Test)
[expected:<...nityandthehigheraims[,ofourexistence.]]> but was:<...nityandthehigheraims[]]>]
org.junit.ComparisonFailure: expected:<...nityandthehigheraims[,ofourexistence.]]> but was:<...nityandthehigheraims[]]>    at org.junit.Assert.assertEquals(Assert.java:115)
    at org.junit.Assert.assertEquals(Assert.java:144)
    at java_testcases.junit.WRAP_Test.test_2(WRAP_Test.java:23)
    at sun.reflect.NativeMethodAccessorImpl.invoke0(Native Method)
    at sun.reflect.NativeMethodAccessorImpl.invoke(NativeMethodAccessorImpl.java:62)
    at sun.reflect.DelegatingMethodAccessorImpl.invoke(DelegatingMethodAccessorImpl.java:43)
~ test_3(java_testcases.junit.WRAP_Test)
[expected:<...elveswhenweforgetour[,humandignityandthehigheraimsofourexistence.]]> but was:<...elveswhenweforgetour[]]>]
org.junit.ComparisonFailure: expected:<...elveswhenweforgetour[,humandignityandthehigheraimsofourexistence.]]> but was:<...elveswhenweforgetour[]]>    at org.junit.Assert.assertEquals(Assert.java:115)
    at org.junit.Assert.assertEquals(Assert.java:144)
    at java_testcases.junit.WRAP_Test.test_3(WRAP_Test.java:30)
    at sun.reflect.NativeMethodAccessorImpl.invoke0(Native Method)
    at sun.reflect.NativeMethodAccessorImpl.invoke(NativeMethodAccessorImpl.java:62)
    at sun.reflect.DelegatingMethodAccessorImpl.invoke(DelegatingMethodAccessorImpl.java:43)
~ test_4(java_testcases.junit.WRAP_Test)
[expected:<...ulinthisworldwhenone[,reflects:everythingexceptwhatwethinkordoourselveswhenweforgetourhumandignityandthehigheraimsofourexistence.]]> but was:<...ulinthisworldwhenone[]]>]
org.junit.ComparisonFailure: expected:<...ulinthisworldwhenone[,reflects:everythingexceptwhatwethinkordoourselveswhenweforgetourhumandignityandthehigheraimsofourexistence.]]> but was:<...ulinthisworldwhenone[]]>    at org.junit.Assert.assertEquals(Assert.java:115)
    at org.junit.Assert.assertEquals(Assert.java:144)
    at java_testcases.junit.WRAP_Test.test_4(WRAP_Test.java:37)
    at sun.reflect.NativeMethodAccessorImpl.invoke0(Native Method)
    at sun.reflect.NativeMethodAccessorImpl.invoke(NativeMethodAccessorImpl.java:62)
    at sun.reflect.DelegatingMethodAccessorImpl.invoke(DelegatingMethodAccessorImpl.java:43)
~ test_0(java_testcases.junit.WRAP_Test)
[test timed out after 3000 milliseconds]
java.lang.Exception: test timed out after 3000 milliseconds    at java.lang.String.replace(String.java:2240)
    at java_testcases.junit.QuixFixOracleHelper.removeSymbols(QuixFixOracleHelper.java:21)
    at java_testcases.junit.QuixFixOracleHelper.format(QuixFixOracleHelper.java:15)
    at java_testcases.junit.WRAP_Test.test_0(WRAP_Test.java:8)
    at sun.reflect.NativeMethodAccessorImpl.invoke0(Native Method)
    at sun.reflect.NativeMethodAccessorImpl.invoke(NativeMethodAccessorImpl.java:62)
~ test_1(java_testcases.junit.WRAP_Test)
[expected:<...dthe,higheraimsofour[,existence.]]> but was:<...dthe,higheraimsofour[]]>]
org.junit.ComparisonFailure: expected:<...dthe,higheraimsofour[,existence.]]> but was:<...dthe,higheraimsofour[]]>    at org.junit.Assert.assertEquals(Assert.java:115)
    at org.junit.Assert.assertEquals(Assert.java:144)
    at java_testcases.junit.WRAP_Test.test_1(WRAP_Test.java:16)
    at sun.reflect.NativeMethodAccessorImpl.invoke0(Native Method)
    at sun.reflect.NativeMethodAccessorImpl.invoke(NativeMethodAccessorImpl.java:62)
    at sun.reflect.DelegatingMethodAccessorImpl.invoke(DelegatingMethodAccessorImpl.java:43)
~ test_2(java_testcases.junit.WRAP_Test)
[expected:<...nityandthehigheraims[,ofourexistence.]]> but was:<...nityandthehigheraims[]]>]
org.junit.ComparisonFailure: expected:<...nityandthehigheraims[,ofourexistence.]]> but was:<...nityandthehigheraims[]]>    at org.junit.Assert.assertEquals(Assert.java:115)
    at org.junit.Assert.assertEquals(Assert.java:144)
    at java_testcases.junit.WRAP_Test.test_2(WRAP_Test.java:23)
    at sun.reflect.NativeMethodAccessorImpl.invoke0(Native Method)
    at sun.reflect.NativeMethodAccessorImpl.invoke(NativeMethodAccessorImpl.java:62)
    at sun.reflect.DelegatingMethodAccessorImpl.invoke(DelegatingMethodAccessorImpl.java:43)
~ test_3(java_testcases.junit.WRAP_Test)
[expected:<...elveswhenweforgetour[,humandignityandthehigheraimsofourexistence.]]> but was:<...elveswhenweforgetour[]]>]
org.junit.ComparisonFailure: expected:<...elveswhenweforgetour[,humandignityandthehigheraimsofourexistence.]]> but was:<...elveswhenweforgetour[]]>    at org.junit.Assert.assertEquals(Assert.java:115)
    at org.junit.Assert.assertEquals(Assert.java:144)
    at java_testcases.junit.WRAP_Test.test_3(WRAP_Test.java:30)
    at sun.reflect.NativeMethodAccessorImpl.invoke0(Native Method)
    at sun.reflect.NativeMethodAccessorImpl.invoke(NativeMethodAccessorImpl.java:62)
    at sun.reflect.DelegatingMethodAccessorImpl.invoke(DelegatingMethodAccessorImpl.java:43)
~ test_4(java_testcases.junit.WRAP_Test)
[expected:<...ulinthisworldwhenone[,reflects:everythingexceptwhatwethinkordoourselveswhenweforgetourhumandignityandthehigheraimsofourexistence.]]> but was:<...ulinthisworldwhenone[]]>]
org.junit.ComparisonFailure: expected:<...ulinthisworldwhenone[,reflects:everythingexceptwhatwethinkordoourselveswhenweforgetourhumandignityandthehigheraimsofourexistence.]]> but was:<...ulinthisworldwhenone[]]>    at org.junit.Assert.assertEquals(Assert.java:115)
    at org.junit.Assert.assertEquals(Assert.java:144)
    at java_testcases.junit.WRAP_Test.test_4(WRAP_Test.java:37)
    at sun.reflect.NativeMethodAccessorImpl.invoke0(Native Method)
    at sun.reflect.NativeMethodAccessorImpl.invoke(NativeMethodAccessorImpl.java:62)
    at sun.reflect.DelegatingMethodAccessorImpl.invoke(DelegatingMethodAccessorImpl.java:43)
~ test_0(java_testcases.junit.WRAP_Test)
[test timed out after 3000 milliseconds]
java.lang.Exception: test timed out after 3000 milliseconds    at java.lang.Throwable.fillInStackTrace(Native Method)
    at java.lang.Throwable.fillInStackTrace(Throwable.java:783)
    at java.lang.Throwable.<init>(Throwable.java:265)
    at java.lang.Exception.<init>(Exception.java:66)
    at java.lang.RuntimeException.<init>(RuntimeException.java:62)
    at java.lang.IllegalArgumentException.<init>(IllegalArgumentException.java:52)
~ test_1(java_testcases.junit.WRAP_Test)
[expected:<...dthe,higheraimsofour[,existence.]]> but was:<...dthe,higheraimsofour[]]>]
org.junit.ComparisonFailure: expected:<...dthe,higheraimsofour[,existence.]]> but was:<...dthe,higheraimsofour[]]>    at org.junit.Assert.assertEquals(Assert.java:115)
    at org.junit.Assert.assertEquals(Assert.java:144)
    at java_testcases.junit.WRAP_Test.test_1(WRAP_Test.java:16)
    at sun.reflect.NativeMethodAccessorImpl.invoke0(Native Method)
    at sun.reflect.NativeMethodAccessorImpl.invoke(NativeMethodAccessorImpl.java:62)
    at sun.reflect.DelegatingMethodAccessorImpl.invoke(DelegatingMethodAccessorImpl.java:43)
~ test_2(java_testcases.junit.WRAP_Test)
[expected:<...nityandthehigheraims[,ofourexistence.]]> but was:<...nityandthehigheraims[]]>]
org.junit.ComparisonFailure: expected:<...nityandthehigheraims[,ofourexistence.]]> but was:<...nityandthehigheraims[]]>    at org.junit.Assert.assertEquals(Assert.java:115)
    at org.junit.Assert.assertEquals(Assert.java:144)
    at java_testcases.junit.WRAP_Test.test_2(WRAP_Test.java:23)
    at sun.reflect.NativeMethodAccessorImpl.invoke0(Native Method)
    at sun.reflect.NativeMethodAccessorImpl.invoke(NativeMethodAccessorImpl.java:62)
    at sun.reflect.DelegatingMethodAccessorImpl.invoke(DelegatingMethodAccessorImpl.java:43)
~ test_3(java_testcases.junit.WRAP_Test)
[expected:<...elveswhenweforgetour[,humandignityandthehigheraimsofourexistence.]]> but was:<...elveswhenweforgetour[]]>]
org.junit.ComparisonFailure: expected:<...elveswhenweforgetour[,humandignityandthehigheraimsofourexistence.]]> but was:<...elveswhenweforgetour[]]>    at org.junit.Assert.assertEquals(Assert.java:115)
    at org.junit.Assert.assertEquals(Assert.java:144)
    at java_testcases.junit.WRAP_Test.test_3(WRAP_Test.java:30)
    at sun.reflect.NativeMethodAccessorImpl.invoke0(Native Method)
    at sun.reflect.NativeMethodAccessorImpl.invoke(NativeMethodAccessorImpl.java:62)
    at sun.reflect.DelegatingMethodAccessorImpl.invoke(DelegatingMethodAccessorImpl.java:43)
~ test_4(java_testcases.junit.WRAP_Test)
[expected:<...ulinthisworldwhenone[,reflects:everythingexceptwhatwethinkordoourselveswhenweforgetourhumandignityandthehigheraimsofourexistence.]]> but was:<...ulinthisworldwhenone[]]>]
org.junit.ComparisonFailure: expected:<...ulinthisworldwhenone[,reflects:everythingexceptwhatwethinkordoourselveswhenweforgetourhumandignityandthehigheraimsofourexistence.]]> but was:<...ulinthisworldwhenone[]]>    at org.junit.Assert.assertEquals(Assert.java:115)
    at org.junit.Assert.assertEquals(Assert.java:144)
    at java_testcases.junit.WRAP_Test.test_4(WRAP_Test.java:37)
    at sun.reflect.NativeMethodAccessorImpl.invoke0(Native Method)
    at sun.reflect.NativeMethodAccessorImpl.invoke(NativeMethodAccessorImpl.java:62)
    at sun.reflect.DelegatingMethodAccessorImpl.invoke(DelegatingMethodAccessorImpl.java:43)

12:09:53.631 [pool-27-thread-1] ERROR x.java.compiler.DynamicClassCompiler - [Compilation errors]
WRAP.java:25: error: variable line might not have been initialized
            lines.add(line);
                      ^
xxl.java.compiler.DynamicCompilationException: Aborting: dynamic compilation failed
	at xxl.java.compiler.DynamicClassCompiler.runCompilationTask(DynamicClassCompiler.java:99)
	at xxl.java.compiler.DynamicClassCompiler.javaBytecodeFor(DynamicClassCompiler.java:67)
	at fr.inria.lille.commons.spoon.SpoonedFile.compilationFor(SpoonedFile.java:203)
	at fr.inria.lille.commons.spoon.SpoonedFile.compileModelledClasses(SpoonedFile.java:177)
	at fr.inria.lille.commons.spoon.SpoonedFile.dumpedToClassLoader(SpoonedFile.java:130)
	at fr.inria.lille.commons.spoon.SpoonedFile.processedAndDumpedToClassLoader(SpoonedFile.java:140)
	at fr.inria.lille.commons.spoon.SpoonedFile.processedAndDumpedToClassLoader(SpoonedFile.java:135)
	at fr.inria.lille.repair.nopol.synth.dynamoth.DynamothSynthesizer.findAngelicValuesAndBuildPatch(DynamothSynthesizer.java:69)
	at fr.inria.lille.repair.nopol.NoPol.runNopolProcessor(NoPol.java:295)
	at fr.inria.lille.repair.nopol.NoPol.access$000(NoPol.java:81)
	at fr.inria.lille.repair.nopol.NoPol$1.call(NoPol.java:260)
	at java.util.concurrent.FutureTask.run(FutureTask.java:266)
	at java.util.concurrent.ThreadPoolExecutor.runWorker(ThreadPoolExecutor.java:1149)
	at java.util.concurrent.ThreadPoolExecutor$Worker.run(ThreadPoolExecutor.java:624)
	at java.lang.Thread.run(Thread.java:748)
12:09:53.633 [pool-2-thread-1] DEBUG fr.inria.lille.repair.nopol.NoPol - statement #6
12:09:53.634 [pool-2-thread-1] DEBUG fr.inria.lille.repair.nopol.NoPol - Analysing SourceLocation java_programs.WRAP:24 which is executed by 5 tests
2672715
12:11:10.460 [pool-2-thread-1] DEBUG fr.inria.lille.repair.nopol.NoPol - looking with class fr.inria.lille.repair.nopol.spoon.smt.ConditionalAdder
java.lang.Exception: test timed out after 3000 milliseconds
    at java_testcases.junit.WRAP_Test.test_0(WRAP_Test.java:8)
    at sun.reflect.NativeMethodAccessorImpl.invoke0(Native Method)
    at sun.reflect.NativeMethodAccessorImpl.invoke(NativeMethodAccessorImpl.java:62)
    at sun.reflect.DelegatingMethodAccessorImpl.invoke(DelegatingMethodAccessorImpl.java:43)
    at java.lang.reflect.Method.invoke(Method.java:498)
    at org.junit.runners.model.FrameworkMethod$1.runReflectiveCall(FrameworkMethod.java:47)
org.junit.ComparisonFailure: expected:<...dthe,higheraimsofour[,existence.]]> but was:<...dthe,higheraimsofour[]]>
    at org.junit.Assert.assertEquals(Assert.java:115)
    at org.junit.Assert.assertEquals(Assert.java:144)
    at java_testcases.junit.WRAP_Test.test_1(WRAP_Test.java:16)
    at sun.reflect.NativeMethodAccessorImpl.invoke0(Native Method)
    at sun.reflect.NativeMethodAccessorImpl.invoke(NativeMethodAccessorImpl.java:62)
    at sun.reflect.DelegatingMethodAccessorImpl.invoke(DelegatingMethodAccessorImpl.java:43)
org.junit.ComparisonFailure: expected:<...nityandthehigheraims[,ofourexistence.]]> but was:<...nityandthehigheraims[]]>
    at org.junit.Assert.assertEquals(Assert.java:115)
    at org.junit.Assert.assertEquals(Assert.java:144)
    at java_testcases.junit.WRAP_Test.test_2(WRAP_Test.java:23)
    at sun.reflect.NativeMethodAccessorImpl.invoke0(Native Method)
    at sun.reflect.NativeMethodAccessorImpl.invoke(NativeMethodAccessorImpl.java:62)
    at sun.reflect.DelegatingMethodAccessorImpl.invoke(DelegatingMethodAccessorImpl.java:43)
org.junit.ComparisonFailure: expected:<...elveswhenweforgetour[,humandignityandthehigheraimsofourexistence.]]> but was:<...elveswhenweforgetour[]]>
    at org.junit.Assert.assertEquals(Assert.java:115)
    at org.junit.Assert.assertEquals(Assert.java:144)
    at java_testcases.junit.WRAP_Test.test_3(WRAP_Test.java:30)
    at sun.reflect.NativeMethodAccessorImpl.invoke0(Native Method)
    at sun.reflect.NativeMethodAccessorImpl.invoke(NativeMethodAccessorImpl.java:62)
    at sun.reflect.DelegatingMethodAccessorImpl.invoke(DelegatingMethodAccessorImpl.java:43)
org.junit.ComparisonFailure: expected:<...ulinthisworldwhenone[,reflects:everythingexceptwhatwethinkordoourselveswhenweforgetourhumandignityandthehigheraimsofourexistence.]]> but was:<...ulinthisworldwhenone[]]>
    at org.junit.Assert.assertEquals(Assert.java:115)
    at org.junit.Assert.assertEquals(Assert.java:144)
    at java_testcases.junit.WRAP_Test.test_4(WRAP_Test.java:37)
    at sun.reflect.NativeMethodAccessorImpl.invoke0(Native Method)
    at sun.reflect.NativeMethodAccessorImpl.invoke(NativeMethodAccessorImpl.java:62)
    at sun.reflect.DelegatingMethodAccessorImpl.invoke(DelegatingMethodAccessorImpl.java:43)
org.junit.ComparisonFailure: expected:<...whenweforgetourhuman[,dignityandthehigheraimsofourexistence.]]> but was:<...whenweforgetourhuman[]]>
    at org.junit.Assert.assertEquals(Assert.java:115)
    at org.junit.Assert.assertEquals(Assert.java:144)
    at java_testcases.junit.WRAP_Test.test_0(WRAP_Test.java:9)
    at sun.reflect.NativeMethodAccessorImpl.invoke0(Native Method)
    at sun.reflect.NativeMethodAccessorImpl.invoke(NativeMethodAccessorImpl.java:62)
    at sun.reflect.DelegatingMethodAccessorImpl.invoke(DelegatingMethodAccessorImpl.java:43)
org.junit.ComparisonFailure: expected:<...dthe,higheraimsofour[,existence.]]> but was:<...dthe,higheraimsofour[]]>
    at org.junit.Assert.assertEquals(Assert.java:115)
    at org.junit.Assert.assertEquals(Assert.java:144)
    at java_testcases.junit.WRAP_Test.test_1(WRAP_Test.java:16)
    at sun.reflect.NativeMethodAccessorImpl.invoke0(Native Method)
    at sun.reflect.NativeMethodAccessorImpl.invoke(NativeMethodAccessorImpl.java:62)
    at sun.reflect.DelegatingMethodAccessorImpl.invoke(DelegatingMethodAccessorImpl.java:43)
org.junit.ComparisonFailure: expected:<...nityandthehigheraims[,ofourexistence.]]> but was:<...nityandthehigheraims[]]>
    at org.junit.Assert.assertEquals(Assert.java:115)
    at org.junit.Assert.assertEquals(Assert.java:144)
    at java_testcases.junit.WRAP_Test.test_2(WRAP_Test.java:23)
    at sun.reflect.NativeMethodAccessorImpl.invoke0(Native Method)
    at sun.reflect.NativeMethodAccessorImpl.invoke(NativeMethodAccessorImpl.java:62)
    at sun.reflect.DelegatingMethodAccessorImpl.invoke(DelegatingMethodAccessorImpl.java:43)
org.junit.ComparisonFailure: expected:<...elveswhenweforgetour[,humandignityandthehigheraimsofourexistence.]]> but was:<...elveswhenweforgetour[]]>
    at org.junit.Assert.assertEquals(Assert.java:115)
    at org.junit.Assert.assertEquals(Assert.java:144)
    at java_testcases.junit.WRAP_Test.test_3(WRAP_Test.java:30)
    at sun.reflect.NativeMethodAccessorImpl.invoke0(Native Method)
    at sun.reflect.NativeMethodAccessorImpl.invoke(NativeMethodAccessorImpl.java:62)
    at sun.reflect.DelegatingMethodAccessorImpl.invoke(DelegatingMethodAccessorImpl.java:43)
org.junit.ComparisonFailure: expected:<...ulinthisworldwhenone[,reflects:everythingexceptwhatwethinkordoourselveswhenweforgetourhumandignityandthehigheraimsofourexistence.]]> but was:<...ulinthisworldwhenone[]]>
    at org.junit.Assert.assertEquals(Assert.java:115)
    at org.junit.Assert.assertEquals(Assert.java:144)
    at java_testcases.junit.WRAP_Test.test_4(WRAP_Test.java:37)
    at sun.reflect.NativeMethodAccessorImpl.invoke0(Native Method)
    at sun.reflect.NativeMethodAccessorImpl.invoke(NativeMethodAccessorImpl.java:62)
    at sun.reflect.DelegatingMethodAccessorImpl.invoke(DelegatingMethodAccessorImpl.java:43)
org.junit.ComparisonFailure: expected:<...whenweforgetourhuman[,dignityandthehigheraimsofourexistence.]]> but was:<...whenweforgetourhuman[]]>
    at org.junit.Assert.assertEquals(Assert.java:115)
    at org.junit.Assert.assertEquals(Assert.java:144)
    at java_testcases.junit.WRAP_Test.test_0(WRAP_Test.java:9)
    at sun.reflect.NativeMethodAccessorImpl.invoke0(Native Method)
    at sun.reflect.NativeMethodAccessorImpl.invoke(NativeMethodAccessorImpl.java:62)
    at sun.reflect.DelegatingMethodAccessorImpl.invoke(DelegatingMethodAccessorImpl.java:43)
java.lang.Exception: test timed out after 3000 milliseconds
    at java.lang.Throwable.fillInStackTrace(Native Method)
    at java.lang.Throwable.fillInStackTrace(Throwable.java:783)
    at java.lang.Throwable.<init>(Throwable.java:265)
    at java.lang.Exception.<init>(Exception.java:66)
    at java.lang.RuntimeException.<init>(RuntimeException.java:62)
    at java.lang.IllegalArgumentException.<init>(IllegalArgumentException.java:52)
org.junit.ComparisonFailure: expected:<...nityandthehigheraims[,ofourexistence.]]> but was:<...nityandthehigheraims[]]>
    at org.junit.Assert.assertEquals(Assert.java:115)
    at org.junit.Assert.assertEquals(Assert.java:144)
    at java_testcases.junit.WRAP_Test.test_2(WRAP_Test.java:23)
    at sun.reflect.NativeMethodAccessorImpl.invoke0(Native Method)
    at sun.reflect.NativeMethodAccessorImpl.invoke(NativeMethodAccessorImpl.java:62)
    at sun.reflect.DelegatingMethodAccessorImpl.invoke(DelegatingMethodAccessorImpl.java:43)
org.junit.ComparisonFailure: expected:<...elveswhenweforgetour[,humandignityandthehigheraimsofourexistence.]]> but was:<...elveswhenweforgetour[]]>
    at org.junit.Assert.assertEquals(Assert.java:115)
    at org.junit.Assert.assertEquals(Assert.java:144)
    at java_testcases.junit.WRAP_Test.test_3(WRAP_Test.java:30)
    at sun.reflect.NativeMethodAccessorImpl.invoke0(Native Method)
    at sun.reflect.NativeMethodAccessorImpl.invoke(NativeMethodAccessorImpl.java:62)
    at sun.reflect.DelegatingMethodAccessorImpl.invoke(DelegatingMethodAccessorImpl.java:43)
org.junit.ComparisonFailure: expected:<...ulinthisworldwhenone[,reflects:everythingexceptwhatwethinkordoourselveswhenweforgetourhumandignityandthehigheraimsofourexistence.]]> but was:<...ulinthisworldwhenone[]]>
    at org.junit.Assert.assertEquals(Assert.java:115)
    at org.junit.Assert.assertEquals(Assert.java:144)
    at java_testcases.junit.WRAP_Test.test_4(WRAP_Test.java:37)
    at sun.reflect.NativeMethodAccessorImpl.invoke0(Native Method)
    at sun.reflect.NativeMethodAccessorImpl.invoke(NativeMethodAccessorImpl.java:62)
    at sun.reflect.DelegatingMethodAccessorImpl.invoke(DelegatingMethodAccessorImpl.java:43)
org.junit.ComparisonFailure: expected:<...whenweforgetourhuman[,dignityandthehigheraimsofourexistence.]]> but was:<...whenweforgetourhuman[]]>
    at org.junit.Assert.assertEquals(Assert.java:115)
    at org.junit.Assert.assertEquals(Assert.java:144)
    at java_testcases.junit.WRAP_Test.test_0(WRAP_Test.java:9)
    at sun.reflect.NativeMethodAccessorImpl.invoke0(Native Method)
    at sun.reflect.NativeMethodAccessorImpl.invoke(NativeMethodAccessorImpl.java:62)
    at sun.reflect.DelegatingMethodAccessorImpl.invoke(DelegatingMethodAccessorImpl.java:43)
org.junit.ComparisonFailure: expected:<...dthe,higheraimsofour[,existence.]]> but was:<...dthe,higheraimsofour[]]>
    at org.junit.Assert.assertEquals(Assert.java:115)
    at org.junit.Assert.assertEquals(Assert.java:144)
    at java_testcases.junit.WRAP_Test.test_1(WRAP_Test.java:16)
    at sun.reflect.NativeMethodAccessorImpl.invoke0(Native Method)
    at sun.reflect.NativeMethodAccessorImpl.invoke(NativeMethodAccessorImpl.java:62)
    at sun.reflect.DelegatingMethodAccessorImpl.invoke(DelegatingMethodAccessorImpl.java:43)
java.lang.Exception: test timed out after 3000 milliseconds
    at java.lang.Throwable.fillInStackTrace(Native Method)
    at java.lang.Throwable.fillInStackTrace(Throwable.java:783)
    at java.lang.Throwable.<init>(Throwable.java:265)
    at java.lang.Exception.<init>(Exception.java:66)
    at java.lang.RuntimeException.<init>(RuntimeException.java:62)
    at java.lang.IllegalArgumentException.<init>(IllegalArgumentException.java:52)
org.junit.ComparisonFailure: expected:<...elveswhenweforgetour[,humandignityandthehigheraimsofourexistence.]]> but was:<...elveswhenweforgetour[]]>
    at org.junit.Assert.assertEquals(Assert.java:115)
    at org.junit.Assert.assertEquals(Assert.java:144)
    at java_testcases.junit.WRAP_Test.test_3(WRAP_Test.java:30)
    at sun.reflect.NativeMethodAccessorImpl.invoke0(Native Method)
    at sun.reflect.NativeMethodAccessorImpl.invoke(NativeMethodAccessorImpl.java:62)
    at sun.reflect.DelegatingMethodAccessorImpl.invoke(DelegatingMethodAccessorImpl.java:43)
org.junit.ComparisonFailure: expected:<...ulinthisworldwhenone[,reflects:everythingexceptwhatwethinkordoourselveswhenweforgetourhumandignityandthehigheraimsofourexistence.]]> but was:<...ulinthisworldwhenone[]]>
    at org.junit.Assert.assertEquals(Assert.java:115)
    at org.junit.Assert.assertEquals(Assert.java:144)
    at java_testcases.junit.WRAP_Test.test_4(WRAP_Test.java:37)
    at sun.reflect.NativeMethodAccessorImpl.invoke0(Native Method)
    at sun.reflect.NativeMethodAccessorImpl.invoke(NativeMethodAccessorImpl.java:62)
    at sun.reflect.DelegatingMethodAccessorImpl.invoke(DelegatingMethodAccessorImpl.java:43)
org.junit.ComparisonFailure: expected:<...whenweforgetourhuman[,dignityandthehigheraimsofourexistence.]]> but was:<...whenweforgetourhuman[]]>
    at org.junit.Assert.assertEquals(Assert.java:115)
    at org.junit.Assert.assertEquals(Assert.java:144)
    at java_testcases.junit.WRAP_Test.test_0(WRAP_Test.java:9)
    at sun.reflect.NativeMethodAccessorImpl.invoke0(Native Method)
    at sun.reflect.NativeMethodAccessorImpl.invoke(NativeMethodAccessorImpl.java:62)
    at sun.reflect.DelegatingMethodAccessorImpl.invoke(DelegatingMethodAccessorImpl.java:43)
org.junit.ComparisonFailure: expected:<...dthe,higheraimsofour[,existence.]]> but was:<...dthe,higheraimsofour[]]>
    at org.junit.Assert.assertEquals(Assert.java:115)
    at org.junit.Assert.assertEquals(Assert.java:144)
    at java_testcases.junit.WRAP_Test.test_1(WRAP_Test.java:16)
    at sun.reflect.NativeMethodAccessorImpl.invoke0(Native Method)
    at sun.reflect.NativeMethodAccessorImpl.invoke(NativeMethodAccessorImpl.java:62)
    at sun.reflect.DelegatingMethodAccessorImpl.invoke(DelegatingMethodAccessorImpl.java:43)
org.junit.ComparisonFailure: expected:<...nityandthehigheraims[,ofourexistence.]]> but was:<...nityandthehigheraims[]]>
    at org.junit.Assert.assertEquals(Assert.java:115)
    at org.junit.Assert.assertEquals(Assert.java:144)
    at java_testcases.junit.WRAP_Test.test_2(WRAP_Test.java:23)
    at sun.reflect.NativeMethodAccessorImpl.invoke0(Native Method)
    at sun.reflect.NativeMethodAccessorImpl.invoke(NativeMethodAccessorImpl.java:62)
    at sun.reflect.DelegatingMethodAccessorImpl.invoke(DelegatingMethodAccessorImpl.java:43)
org.junit.ComparisonFailure: expected:<...elveswhenweforgetour[,humandignityandthehigheraimsofourexistence.]]> but was:<...elveswhenweforgetour[]]>
    at org.junit.Assert.assertEquals(Assert.java:115)
    at org.junit.Assert.assertEquals(Assert.java:144)
    at java_testcases.junit.WRAP_Test.test_3(WRAP_Test.java:30)
    at sun.reflect.NativeMethodAccessorImpl.invoke0(Native Method)
    at sun.reflect.NativeMethodAccessorImpl.invoke(NativeMethodAccessorImpl.java:62)
    at sun.reflect.DelegatingMethodAccessorImpl.invoke(DelegatingMethodAccessorImpl.java:43)
org.junit.ComparisonFailure: expected:<...ulinthisworldwhenone[,reflects:everythingexceptwhatwethinkordoourselveswhenweforgetourhumandignityandthehigheraimsofourexistence.]]> but was:<...ulinthisworldwhenone[]]>
    at org.junit.Assert.assertEquals(Assert.java:115)
    at org.junit.Assert.assertEquals(Assert.java:144)
    at java_testcases.junit.WRAP_Test.test_4(WRAP_Test.java:37)
    at sun.reflect.NativeMethodAccessorImpl.invoke0(Native Method)
    at sun.reflect.NativeMethodAccessorImpl.invoke(NativeMethodAccessorImpl.java:62)
    at sun.reflect.DelegatingMethodAccessorImpl.invoke(DelegatingMethodAccessorImpl.java:43)
12:11:53.371 [pool-30-thread-1] INFO  xxl.java.junit.TestCasesListener - Tests run finished (36871 ms)
<> Total tests run: 25
<> Ignored tests: 0
<> Failed tests: 25
~ test_0(java_testcases.junit.WRAP_Test)
[test timed out after 3000 milliseconds]
java.lang.Exception: test timed out after 3000 milliseconds    at java_testcases.junit.WRAP_Test.test_0(WRAP_Test.java:8)
    at sun.reflect.NativeMethodAccessorImpl.invoke0(Native Method)
    at sun.reflect.NativeMethodAccessorImpl.invoke(NativeMethodAccessorImpl.java:62)
    at sun.reflect.DelegatingMethodAccessorImpl.invoke(DelegatingMethodAccessorImpl.java:43)
    at java.lang.reflect.Method.invoke(Method.java:498)
    at org.junit.runners.model.FrameworkMethod$1.runReflectiveCall(FrameworkMethod.java:47)
~ test_1(java_testcases.junit.WRAP_Test)
[expected:<...dthe,higheraimsofour[,existence.]]> but was:<...dthe,higheraimsofour[]]>]
org.junit.ComparisonFailure: expected:<...dthe,higheraimsofour[,existence.]]> but was:<...dthe,higheraimsofour[]]>    at org.junit.Assert.assertEquals(Assert.java:115)
    at org.junit.Assert.assertEquals(Assert.java:144)
    at java_testcases.junit.WRAP_Test.test_1(WRAP_Test.java:16)
    at sun.reflect.NativeMethodAccessorImpl.invoke0(Native Method)
    at sun.reflect.NativeMethodAccessorImpl.invoke(NativeMethodAccessorImpl.java:62)
    at sun.reflect.DelegatingMethodAccessorImpl.invoke(DelegatingMethodAccessorImpl.java:43)
~ test_2(java_testcases.junit.WRAP_Test)
[expected:<...nityandthehigheraims[,ofourexistence.]]> but was:<...nityandthehigheraims[]]>]
org.junit.ComparisonFailure: expected:<...nityandthehigheraims[,ofourexistence.]]> but was:<...nityandthehigheraims[]]>    at org.junit.Assert.assertEquals(Assert.java:115)
    at org.junit.Assert.assertEquals(Assert.java:144)
    at java_testcases.junit.WRAP_Test.test_2(WRAP_Test.java:23)
    at sun.reflect.NativeMethodAccessorImpl.invoke0(Native Method)
    at sun.reflect.NativeMethodAccessorImpl.invoke(NativeMethodAccessorImpl.java:62)
    at sun.reflect.DelegatingMethodAccessorImpl.invoke(DelegatingMethodAccessorImpl.java:43)
~ test_3(java_testcases.junit.WRAP_Test)
[expected:<...elveswhenweforgetour[,humandignityandthehigheraimsofourexistence.]]> but was:<...elveswhenweforgetour[]]>]
org.junit.ComparisonFailure: expected:<...elveswhenweforgetour[,humandignityandthehigheraimsofourexistence.]]> but was:<...elveswhenweforgetour[]]>    at org.junit.Assert.assertEquals(Assert.java:115)
    at org.junit.Assert.assertEquals(Assert.java:144)
    at java_testcases.junit.WRAP_Test.test_3(WRAP_Test.java:30)
    at sun.reflect.NativeMethodAccessorImpl.invoke0(Native Method)
    at sun.reflect.NativeMethodAccessorImpl.invoke(NativeMethodAccessorImpl.java:62)
    at sun.reflect.DelegatingMethodAccessorImpl.invoke(DelegatingMethodAccessorImpl.java:43)
~ test_4(java_testcases.junit.WRAP_Test)
[expected:<...ulinthisworldwhenone[,reflects:everythingexceptwhatwethinkordoourselveswhenweforgetourhumandignityandthehigheraimsofourexistence.]]> but was:<...ulinthisworldwhenone[]]>]
org.junit.ComparisonFailure: expected:<...ulinthisworldwhenone[,reflects:everythingexceptwhatwethinkordoourselveswhenweforgetourhumandignityandthehigheraimsofourexistence.]]> but was:<...ulinthisworldwhenone[]]>    at org.junit.Assert.assertEquals(Assert.java:115)
    at org.junit.Assert.assertEquals(Assert.java:144)
    at java_testcases.junit.WRAP_Test.test_4(WRAP_Test.java:37)
    at sun.reflect.NativeMethodAccessorImpl.invoke0(Native Method)
    at sun.reflect.NativeMethodAccessorImpl.invoke(NativeMethodAccessorImpl.java:62)
    at sun.reflect.DelegatingMethodAccessorImpl.invoke(DelegatingMethodAccessorImpl.java:43)
~ test_0(java_testcases.junit.WRAP_Test)
[expected:<...whenweforgetourhuman[,dignityandthehigheraimsofourexistence.]]> but was:<...whenweforgetourhuman[]]>]
org.junit.ComparisonFailure: expected:<...whenweforgetourhuman[,dignityandthehigheraimsofourexistence.]]> but was:<...whenweforgetourhuman[]]>    at org.junit.Assert.assertEquals(Assert.java:115)
    at org.junit.Assert.assertEquals(Assert.java:144)
    at java_testcases.junit.WRAP_Test.test_0(WRAP_Test.java:9)
    at sun.reflect.NativeMethodAccessorImpl.invoke0(Native Method)
    at sun.reflect.NativeMethodAccessorImpl.invoke(NativeMethodAccessorImpl.java:62)
    at sun.reflect.DelegatingMethodAccessorImpl.invoke(DelegatingMethodAccessorImpl.java:43)
~ test_1(java_testcases.junit.WRAP_Test)
[expected:<...dthe,higheraimsofour[,existence.]]> but was:<...dthe,higheraimsofour[]]>]
org.junit.ComparisonFailure: expected:<...dthe,higheraimsofour[,existence.]]> but was:<...dthe,higheraimsofour[]]>    at org.junit.Assert.assertEquals(Assert.java:115)
    at org.junit.Assert.assertEquals(Assert.java:144)
    at java_testcases.junit.WRAP_Test.test_1(WRAP_Test.java:16)
    at sun.reflect.NativeMethodAccessorImpl.invoke0(Native Method)
    at sun.reflect.NativeMethodAccessorImpl.invoke(NativeMethodAccessorImpl.java:62)
    at sun.reflect.DelegatingMethodAccessorImpl.invoke(DelegatingMethodAccessorImpl.java:43)
~ test_2(java_testcases.junit.WRAP_Test)
[expected:<...nityandthehigheraims[,ofourexistence.]]> but was:<...nityandthehigheraims[]]>]
org.junit.ComparisonFailure: expected:<...nityandthehigheraims[,ofourexistence.]]> but was:<...nityandthehigheraims[]]>    at org.junit.Assert.assertEquals(Assert.java:115)
    at org.junit.Assert.assertEquals(Assert.java:144)
    at java_testcases.junit.WRAP_Test.test_2(WRAP_Test.java:23)
    at sun.reflect.NativeMethodAccessorImpl.invoke0(Native Method)
    at sun.reflect.NativeMethodAccessorImpl.invoke(NativeMethodAccessorImpl.java:62)
    at sun.reflect.DelegatingMethodAccessorImpl.invoke(DelegatingMethodAccessorImpl.java:43)
~ test_3(java_testcases.junit.WRAP_Test)
[expected:<...elveswhenweforgetour[,humandignityandthehigheraimsofourexistence.]]> but was:<...elveswhenweforgetour[]]>]
org.junit.ComparisonFailure: expected:<...elveswhenweforgetour[,humandignityandthehigheraimsofourexistence.]]> but was:<...elveswhenweforgetour[]]>    at org.junit.Assert.assertEquals(Assert.java:115)
    at org.junit.Assert.assertEquals(Assert.java:144)
    at java_testcases.junit.WRAP_Test.test_3(WRAP_Test.java:30)
    at sun.reflect.NativeMethodAccessorImpl.invoke0(Native Method)
    at sun.reflect.NativeMethodAccessorImpl.invoke(NativeMethodAccessorImpl.java:62)
    at sun.reflect.DelegatingMethodAccessorImpl.invoke(DelegatingMethodAccessorImpl.java:43)
~ test_4(java_testcases.junit.WRAP_Test)
[expected:<...ulinthisworldwhenone[,reflects:everythingexceptwhatwethinkordoourselveswhenweforgetourhumandignityandthehigheraimsofourexistence.]]> but was:<...ulinthisworldwhenone[]]>]
org.junit.ComparisonFailure: expected:<...ulinthisworldwhenone[,reflects:everythingexceptwhatwethinkordoourselveswhenweforgetourhumandignityandthehigheraimsofourexistence.]]> but was:<...ulinthisworldwhenone[]]>    at org.junit.Assert.assertEquals(Assert.java:115)
    at org.junit.Assert.assertEquals(Assert.java:144)
    at java_testcases.junit.WRAP_Test.test_4(WRAP_Test.java:37)
    at sun.reflect.NativeMethodAccessorImpl.invoke0(Native Method)
    at sun.reflect.NativeMethodAccessorImpl.invoke(NativeMethodAccessorImpl.java:62)
    at sun.reflect.DelegatingMethodAccessorImpl.invoke(DelegatingMethodAccessorImpl.java:43)
~ test_0(java_testcases.junit.WRAP_Test)
[expected:<...whenweforgetourhuman[,dignityandthehigheraimsofourexistence.]]> but was:<...whenweforgetourhuman[]]>]
org.junit.ComparisonFailure: expected:<...whenweforgetourhuman[,dignityandthehigheraimsofourexistence.]]> but was:<...whenweforgetourhuman[]]>    at org.junit.Assert.assertEquals(Assert.java:115)
    at org.junit.Assert.assertEquals(Assert.java:144)
    at java_testcases.junit.WRAP_Test.test_0(WRAP_Test.java:9)
    at sun.reflect.NativeMethodAccessorImpl.invoke0(Native Method)
    at sun.reflect.NativeMethodAccessorImpl.invoke(NativeMethodAccessorImpl.java:62)
    at sun.reflect.DelegatingMethodAccessorImpl.invoke(DelegatingMethodAccessorImpl.java:43)
~ test_1(java_testcases.junit.WRAP_Test)
[test timed out after 3000 milliseconds]
java.lang.Exception: test timed out after 3000 milliseconds    at java.lang.Throwable.fillInStackTrace(Native Method)
    at java.lang.Throwable.fillInStackTrace(Throwable.java:783)
    at java.lang.Throwable.<init>(Throwable.java:265)
    at java.lang.Exception.<init>(Exception.java:66)
    at java.lang.RuntimeException.<init>(RuntimeException.java:62)
    at java.lang.IllegalArgumentException.<init>(IllegalArgumentException.java:52)
~ test_2(java_testcases.junit.WRAP_Test)
[expected:<...nityandthehigheraims[,ofourexistence.]]> but was:<...nityandthehigheraims[]]>]
org.junit.ComparisonFailure: expected:<...nityandthehigheraims[,ofourexistence.]]> but was:<...nityandthehigheraims[]]>    at org.junit.Assert.assertEquals(Assert.java:115)
    at org.junit.Assert.assertEquals(Assert.java:144)
    at java_testcases.junit.WRAP_Test.test_2(WRAP_Test.java:23)
    at sun.reflect.NativeMethodAccessorImpl.invoke0(Native Method)
    at sun.reflect.NativeMethodAccessorImpl.invoke(NativeMethodAccessorImpl.java:62)
    at sun.reflect.DelegatingMethodAccessorImpl.invoke(DelegatingMethodAccessorImpl.java:43)
~ test_3(java_testcases.junit.WRAP_Test)
[expected:<...elveswhenweforgetour[,humandignityandthehigheraimsofourexistence.]]> but was:<...elveswhenweforgetour[]]>]
org.junit.ComparisonFailure: expected:<...elveswhenweforgetour[,humandignityandthehigheraimsofourexistence.]]> but was:<...elveswhenweforgetour[]]>    at org.junit.Assert.assertEquals(Assert.java:115)
    at org.junit.Assert.assertEquals(Assert.java:144)
    at java_testcases.junit.WRAP_Test.test_3(WRAP_Test.java:30)
    at sun.reflect.NativeMethodAccessorImpl.invoke0(Native Method)
    at sun.reflect.NativeMethodAccessorImpl.invoke(NativeMethodAccessorImpl.java:62)
    at sun.reflect.DelegatingMethodAccessorImpl.invoke(DelegatingMethodAccessorImpl.java:43)
~ test_4(java_testcases.junit.WRAP_Test)
[expected:<...ulinthisworldwhenone[,reflects:everythingexceptwhatwethinkordoourselveswhenweforgetourhumandignityandthehigheraimsofourexistence.]]> but was:<...ulinthisworldwhenone[]]>]
org.junit.ComparisonFailure: expected:<...ulinthisworldwhenone[,reflects:everythingexceptwhatwethinkordoourselveswhenweforgetourhumandignityandthehigheraimsofourexistence.]]> but was:<...ulinthisworldwhenone[]]>    at org.junit.Assert.assertEquals(Assert.java:115)
    at org.junit.Assert.assertEquals(Assert.java:144)
    at java_testcases.junit.WRAP_Test.test_4(WRAP_Test.java:37)
    at sun.reflect.NativeMethodAccessorImpl.invoke0(Native Method)
    at sun.reflect.NativeMethodAccessorImpl.invoke(NativeMethodAccessorImpl.java:62)
    at sun.reflect.DelegatingMethodAccessorImpl.invoke(DelegatingMethodAccessorImpl.java:43)
~ test_0(java_testcases.junit.WRAP_Test)
[expected:<...whenweforgetourhuman[,dignityandthehigheraimsofourexistence.]]> but was:<...whenweforgetourhuman[]]>]
org.junit.ComparisonFailure: expected:<...whenweforgetourhuman[,dignityandthehigheraimsofourexistence.]]> but was:<...whenweforgetourhuman[]]>    at org.junit.Assert.assertEquals(Assert.java:115)
    at org.junit.Assert.assertEquals(Assert.java:144)
    at java_testcases.junit.WRAP_Test.test_0(WRAP_Test.java:9)
    at sun.reflect.NativeMethodAccessorImpl.invoke0(Native Method)
    at sun.reflect.NativeMethodAccessorImpl.invoke(NativeMethodAccessorImpl.java:62)
    at sun.reflect.DelegatingMethodAccessorImpl.invoke(DelegatingMethodAccessorImpl.java:43)
~ test_1(java_testcases.junit.WRAP_Test)
[expected:<...dthe,higheraimsofour[,existence.]]> but was:<...dthe,higheraimsofour[]]>]
org.junit.ComparisonFailure: expected:<...dthe,higheraimsofour[,existence.]]> but was:<...dthe,higheraimsofour[]]>    at org.junit.Assert.assertEquals(Assert.java:115)
    at org.junit.Assert.assertEquals(Assert.java:144)
    at java_testcases.junit.WRAP_Test.test_1(WRAP_Test.java:16)
    at sun.reflect.NativeMethodAccessorImpl.invoke0(Native Method)
    at sun.reflect.NativeMethodAccessorImpl.invoke(NativeMethodAccessorImpl.java:62)
    at sun.reflect.DelegatingMethodAccessorImpl.invoke(DelegatingMethodAccessorImpl.java:43)
~ test_2(java_testcases.junit.WRAP_Test)
[test timed out after 3000 milliseconds]
java.lang.Exception: test timed out after 3000 milliseconds    at java.lang.Throwable.fillInStackTrace(Native Method)
    at java.lang.Throwable.fillInStackTrace(Throwable.java:783)
    at java.lang.Throwable.<init>(Throwable.java:265)
    at java.lang.Exception.<init>(Exception.java:66)
    at java.lang.RuntimeException.<init>(RuntimeException.java:62)
    at java.lang.IllegalArgumentException.<init>(IllegalArgumentException.java:52)
~ test_3(java_testcases.junit.WRAP_Test)
[expected:<...elveswhenweforgetour[,humandignityandthehigheraimsofourexistence.]]> but was:<...elveswhenweforgetour[]]>]
org.junit.ComparisonFailure: expected:<...elveswhenweforgetour[,humandignityandthehigheraimsofourexistence.]]> but was:<...elveswhenweforgetour[]]>    at org.junit.Assert.assertEquals(Assert.java:115)
    at org.junit.Assert.assertEquals(Assert.java:144)
    at java_testcases.junit.WRAP_Test.test_3(WRAP_Test.java:30)
    at sun.reflect.NativeMethodAccessorImpl.invoke0(Native Method)
    at sun.reflect.NativeMethodAccessorImpl.invoke(NativeMethodAccessorImpl.java:62)
    at sun.reflect.DelegatingMethodAccessorImpl.invoke(DelegatingMethodAccessorImpl.java:43)
~ test_4(java_testcases.junit.WRAP_Test)
[expected:<...ulinthisworldwhenone[,reflects:everythingexceptwhatwethinkordoourselveswhenweforgetourhumandignityandthehigheraimsofourexistence.]]> but was:<...ulinthisworldwhenone[]]>]
org.junit.ComparisonFailure: expected:<...ulinthisworldwhenone[,reflects:everythingexceptwhatwethinkordoourselveswhenweforgetourhumandignityandthehigheraimsofourexistence.]]> but was:<...ulinthisworldwhenone[]]>    at org.junit.Assert.assertEquals(Assert.java:115)
    at org.junit.Assert.assertEquals(Assert.java:144)
    at java_testcases.junit.WRAP_Test.test_4(WRAP_Test.java:37)
    at sun.reflect.NativeMethodAccessorImpl.invoke0(Native Method)
    at sun.reflect.NativeMethodAccessorImpl.invoke(NativeMethodAccessorImpl.java:62)
    at sun.reflect.DelegatingMethodAccessorImpl.invoke(DelegatingMethodAccessorImpl.java:43)
~ test_0(java_testcases.junit.WRAP_Test)
[expected:<...whenweforgetourhuman[,dignityandthehigheraimsofourexistence.]]> but was:<...whenweforgetourhuman[]]>]
org.junit.ComparisonFailure: expected:<...whenweforgetourhuman[,dignityandthehigheraimsofourexistence.]]> but was:<...whenweforgetourhuman[]]>    at org.junit.Assert.assertEquals(Assert.java:115)
    at org.junit.Assert.assertEquals(Assert.java:144)
    at java_testcases.junit.WRAP_Test.test_0(WRAP_Test.java:9)
    at sun.reflect.NativeMethodAccessorImpl.invoke0(Native Method)
    at sun.reflect.NativeMethodAccessorImpl.invoke(NativeMethodAccessorImpl.java:62)
    at sun.reflect.DelegatingMethodAccessorImpl.invoke(DelegatingMethodAccessorImpl.java:43)
~ test_1(java_testcases.junit.WRAP_Test)
[expected:<...dthe,higheraimsofour[,existence.]]> but was:<...dthe,higheraimsofour[]]>]
org.junit.ComparisonFailure: expected:<...dthe,higheraimsofour[,existence.]]> but was:<...dthe,higheraimsofour[]]>    at org.junit.Assert.assertEquals(Assert.java:115)
    at org.junit.Assert.assertEquals(Assert.java:144)
    at java_testcases.junit.WRAP_Test.test_1(WRAP_Test.java:16)
    at sun.reflect.NativeMethodAccessorImpl.invoke0(Native Method)
    at sun.reflect.NativeMethodAccessorImpl.invoke(NativeMethodAccessorImpl.java:62)
    at sun.reflect.DelegatingMethodAccessorImpl.invoke(DelegatingMethodAccessorImpl.java:43)
~ test_2(java_testcases.junit.WRAP_Test)
[expected:<...nityandthehigheraims[,ofourexistence.]]> but was:<...nityandthehigheraims[]]>]
org.junit.ComparisonFailure: expected:<...nityandthehigheraims[,ofourexistence.]]> but was:<...nityandthehigheraims[]]>    at org.junit.Assert.assertEquals(Assert.java:115)
    at org.junit.Assert.assertEquals(Assert.java:144)
    at java_testcases.junit.WRAP_Test.test_2(WRAP_Test.java:23)
    at sun.reflect.NativeMethodAccessorImpl.invoke0(Native Method)
    at sun.reflect.NativeMethodAccessorImpl.invoke(NativeMethodAccessorImpl.java:62)
    at sun.reflect.DelegatingMethodAccessorImpl.invoke(DelegatingMethodAccessorImpl.java:43)
~ test_3(java_testcases.junit.WRAP_Test)
[expected:<...elveswhenweforgetour[,humandignityandthehigheraimsofourexistence.]]> but was:<...elveswhenweforgetour[]]>]
org.junit.ComparisonFailure: expected:<...elveswhenweforgetour[,humandignityandthehigheraimsofourexistence.]]> but was:<...elveswhenweforgetour[]]>    at org.junit.Assert.assertEquals(Assert.java:115)
    at org.junit.Assert.assertEquals(Assert.java:144)
    at java_testcases.junit.WRAP_Test.test_3(WRAP_Test.java:30)
    at sun.reflect.NativeMethodAccessorImpl.invoke0(Native Method)
    at sun.reflect.NativeMethodAccessorImpl.invoke(NativeMethodAccessorImpl.java:62)
    at sun.reflect.DelegatingMethodAccessorImpl.invoke(DelegatingMethodAccessorImpl.java:43)
~ test_4(java_testcases.junit.WRAP_Test)
[expected:<...ulinthisworldwhenone[,reflects:everythingexceptwhatwethinkordoourselveswhenweforgetourhumandignityandthehigheraimsofourexistence.]]> but was:<...ulinthisworldwhenone[]]>]
org.junit.ComparisonFailure: expected:<...ulinthisworldwhenone[,reflects:everythingexceptwhatwethinkordoourselveswhenweforgetourhumandignityandthehigheraimsofourexistence.]]> but was:<...ulinthisworldwhenone[]]>    at org.junit.Assert.assertEquals(Assert.java:115)
    at org.junit.Assert.assertEquals(Assert.java:144)
    at java_testcases.junit.WRAP_Test.test_4(WRAP_Test.java:37)
    at sun.reflect.NativeMethodAccessorImpl.invoke0(Native Method)
    at sun.reflect.NativeMethodAccessorImpl.invoke(NativeMethodAccessorImpl.java:62)
    at sun.reflect.DelegatingMethodAccessorImpl.invoke(DelegatingMethodAccessorImpl.java:43)

12:14:34.117 [pool-2-thread-1] DEBUG fr.inria.lille.repair.nopol.NoPol - looking with class fr.inria.lille.repair.nopol.spoon.smt.ConditionalReplacer
org.junit.ComparisonFailure: expected:<...whenweforgetourhuman[,dignityandthehigheraimsofourexistence.]]> but was:<...whenweforgetourhuman[]]>
    at org.junit.Assert.assertEquals(Assert.java:115)
    at org.junit.Assert.assertEquals(Assert.java:144)
    at java_testcases.junit.WRAP_Test.test_0(WRAP_Test.java:9)
    at sun.reflect.NativeMethodAccessorImpl.invoke0(Native Method)
    at sun.reflect.NativeMethodAccessorImpl.invoke(NativeMethodAccessorImpl.java:62)
    at sun.reflect.DelegatingMethodAccessorImpl.invoke(DelegatingMethodAccessorImpl.java:43)
java.lang.Exception: test timed out after 3000 milliseconds
    at java.lang.Throwable.fillInStackTrace(Native Method)
    at java.lang.Throwable.fillInStackTrace(Throwable.java:783)
    at java.lang.Throwable.<init>(Throwable.java:265)
    at java.lang.Exception.<init>(Exception.java:66)
    at java.lang.RuntimeException.<init>(RuntimeException.java:62)
    at java.lang.IllegalArgumentException.<init>(IllegalArgumentException.java:52)
org.junit.ComparisonFailure: expected:<...nityandthehigheraims[,ofourexistence.]]> but was:<...nityandthehigheraims[]]>
    at org.junit.Assert.assertEquals(Assert.java:115)
    at org.junit.Assert.assertEquals(Assert.java:144)
    at java_testcases.junit.WRAP_Test.test_2(WRAP_Test.java:23)
    at sun.reflect.NativeMethodAccessorImpl.invoke0(Native Method)
    at sun.reflect.NativeMethodAccessorImpl.invoke(NativeMethodAccessorImpl.java:62)
    at sun.reflect.DelegatingMethodAccessorImpl.invoke(DelegatingMethodAccessorImpl.java:43)
org.junit.ComparisonFailure: expected:<...elveswhenweforgetour[,humandignityandthehigheraimsofourexistence.]]> but was:<...elveswhenweforgetour[]]>
    at org.junit.Assert.assertEquals(Assert.java:115)
    at org.junit.Assert.assertEquals(Assert.java:144)
    at java_testcases.junit.WRAP_Test.test_3(WRAP_Test.java:30)
    at sun.reflect.NativeMethodAccessorImpl.invoke0(Native Method)
    at sun.reflect.NativeMethodAccessorImpl.invoke(NativeMethodAccessorImpl.java:62)
    at sun.reflect.DelegatingMethodAccessorImpl.invoke(DelegatingMethodAccessorImpl.java:43)
org.junit.ComparisonFailure: expected:<...ulinthisworldwhenone[,reflects:everythingexceptwhatwethinkordoourselveswhenweforgetourhumandignityandthehigheraimsofourexistence.]]> but was:<...ulinthisworldwhenone[]]>
    at org.junit.Assert.assertEquals(Assert.java:115)
    at org.junit.Assert.assertEquals(Assert.java:144)
    at java_testcases.junit.WRAP_Test.test_4(WRAP_Test.java:37)
    at sun.reflect.NativeMethodAccessorImpl.invoke0(Native Method)
    at sun.reflect.NativeMethodAccessorImpl.invoke(NativeMethodAccessorImpl.java:62)
    at sun.reflect.DelegatingMethodAccessorImpl.invoke(DelegatingMethodAccessorImpl.java:43)
org.junit.ComparisonFailure: expected:<...whenweforgetourhuman[,dignityandthehigheraimsofourexistence.]]> but was:<...whenweforgetourhuman[]]>
    at org.junit.Assert.assertEquals(Assert.java:115)
    at org.junit.Assert.assertEquals(Assert.java:144)
    at java_testcases.junit.WRAP_Test.test_0(WRAP_Test.java:9)
    at sun.reflect.NativeMethodAccessorImpl.invoke0(Native Method)
    at sun.reflect.NativeMethodAccessorImpl.invoke(NativeMethodAccessorImpl.java:62)
    at sun.reflect.DelegatingMethodAccessorImpl.invoke(DelegatingMethodAccessorImpl.java:43)
org.junit.ComparisonFailure: expected:<...dthe,higheraimsofour[,existence.]]> but was:<...dthe,higheraimsofour[]]>
    at org.junit.Assert.assertEquals(Assert.java:115)
    at org.junit.Assert.assertEquals(Assert.java:144)
    at java_testcases.junit.WRAP_Test.test_1(WRAP_Test.java:16)
    at sun.reflect.NativeMethodAccessorImpl.invoke0(Native Method)
    at sun.reflect.NativeMethodAccessorImpl.invoke(NativeMethodAccessorImpl.java:62)
    at sun.reflect.DelegatingMethodAccessorImpl.invoke(DelegatingMethodAccessorImpl.java:43)
org.junit.ComparisonFailure: expected:<...nityandthehigheraims[,ofourexistence.]]> but was:<...nityandthehigheraims[]]>
    at org.junit.Assert.assertEquals(Assert.java:115)
    at org.junit.Assert.assertEquals(Assert.java:144)
    at java_testcases.junit.WRAP_Test.test_2(WRAP_Test.java:23)
    at sun.reflect.NativeMethodAccessorImpl.invoke0(Native Method)
    at sun.reflect.NativeMethodAccessorImpl.invoke(NativeMethodAccessorImpl.java:62)
    at sun.reflect.DelegatingMethodAccessorImpl.invoke(DelegatingMethodAccessorImpl.java:43)
org.junit.ComparisonFailure: expected:<...elveswhenweforgetour[,humandignityandthehigheraimsofourexistence.]]> but was:<...elveswhenweforgetour[]]>
    at org.junit.Assert.assertEquals(Assert.java:115)
    at org.junit.Assert.assertEquals(Assert.java:144)
    at java_testcases.junit.WRAP_Test.test_3(WRAP_Test.java:30)
    at sun.reflect.NativeMethodAccessorImpl.invoke0(Native Method)
    at sun.reflect.NativeMethodAccessorImpl.invoke(NativeMethodAccessorImpl.java:62)
    at sun.reflect.DelegatingMethodAccessorImpl.invoke(DelegatingMethodAccessorImpl.java:43)
org.junit.ComparisonFailure: expected:<...ulinthisworldwhenone[,reflects:everythingexceptwhatwethinkordoourselveswhenweforgetourhumandignityandthehigheraimsofourexistence.]]> but was:<...ulinthisworldwhenone[]]>
    at org.junit.Assert.assertEquals(Assert.java:115)
    at org.junit.Assert.assertEquals(Assert.java:144)
    at java_testcases.junit.WRAP_Test.test_4(WRAP_Test.java:37)
    at sun.reflect.NativeMethodAccessorImpl.invoke0(Native Method)
    at sun.reflect.NativeMethodAccessorImpl.invoke(NativeMethodAccessorImpl.java:62)
    at sun.reflect.DelegatingMethodAccessorImpl.invoke(DelegatingMethodAccessorImpl.java:43)
org.junit.ComparisonFailure: expected:<...whenweforgetourhuman[,dignityandthehigheraimsofourexistence.]]> but was:<...whenweforgetourhuman[]]>
    at org.junit.Assert.assertEquals(Assert.java:115)
    at org.junit.Assert.assertEquals(Assert.java:144)
    at java_testcases.junit.WRAP_Test.test_0(WRAP_Test.java:9)
    at sun.reflect.NativeMethodAccessorImpl.invoke0(Native Method)
    at sun.reflect.NativeMethodAccessorImpl.invoke(NativeMethodAccessorImpl.java:62)
    at sun.reflect.DelegatingMethodAccessorImpl.invoke(DelegatingMethodAccessorImpl.java:43)
org.junit.ComparisonFailure: expected:<...dthe,higheraimsofour[,existence.]]> but was:<...dthe,higheraimsofour[]]>
    at org.junit.Assert.assertEquals(Assert.java:115)
    at org.junit.Assert.assertEquals(Assert.java:144)
    at java_testcases.junit.WRAP_Test.test_1(WRAP_Test.java:16)
    at sun.reflect.NativeMethodAccessorImpl.invoke0(Native Method)
    at sun.reflect.NativeMethodAccessorImpl.invoke(NativeMethodAccessorImpl.java:62)
    at sun.reflect.DelegatingMethodAccessorImpl.invoke(DelegatingMethodAccessorImpl.java:43)
org.junit.ComparisonFailure: expected:<...nityandthehigheraims[,ofourexistence.]]> but was:<...nityandthehigheraims[]]>
    at org.junit.Assert.assertEquals(Assert.java:115)
    at org.junit.Assert.assertEquals(Assert.java:144)
    at java_testcases.junit.WRAP_Test.test_2(WRAP_Test.java:23)
    at sun.reflect.NativeMethodAccessorImpl.invoke0(Native Method)
    at sun.reflect.NativeMethodAccessorImpl.invoke(NativeMethodAccessorImpl.java:62)
    at sun.reflect.DelegatingMethodAccessorImpl.invoke(DelegatingMethodAccessorImpl.java:43)
org.junit.ComparisonFailure: expected:<...elveswhenweforgetour[,humandignityandthehigheraimsofourexistence.]]> but was:<...elveswhenweforgetour[]]>
    at org.junit.Assert.assertEquals(Assert.java:115)
    at org.junit.Assert.assertEquals(Assert.java:144)
    at java_testcases.junit.WRAP_Test.test_3(WRAP_Test.java:30)
    at sun.reflect.NativeMethodAccessorImpl.invoke0(Native Method)
    at sun.reflect.NativeMethodAccessorImpl.invoke(NativeMethodAccessorImpl.java:62)
    at sun.reflect.DelegatingMethodAccessorImpl.invoke(DelegatingMethodAccessorImpl.java:43)
org.junit.ComparisonFailure: expected:<...ulinthisworldwhenone[,reflects:everythingexceptwhatwethinkordoourselveswhenweforgetourhumandignityandthehigheraimsofourexistence.]]> but was:<...ulinthisworldwhenone[]]>
    at org.junit.Assert.assertEquals(Assert.java:115)
    at org.junit.Assert.assertEquals(Assert.java:144)
    at java_testcases.junit.WRAP_Test.test_4(WRAP_Test.java:37)
    at sun.reflect.NativeMethodAccessorImpl.invoke0(Native Method)
    at sun.reflect.NativeMethodAccessorImpl.invoke(NativeMethodAccessorImpl.java:62)
    at sun.reflect.DelegatingMethodAccessorImpl.invoke(DelegatingMethodAccessorImpl.java:43)
org.junit.ComparisonFailure: expected:<...whenweforgetourhuman[,dignityandthehigheraimsofourexistence.]]> but was:<...whenweforgetourhuman[]]>
    at org.junit.Assert.assertEquals(Assert.java:115)
    at org.junit.Assert.assertEquals(Assert.java:144)
    at java_testcases.junit.WRAP_Test.test_0(WRAP_Test.java:9)
    at sun.reflect.NativeMethodAccessorImpl.invoke0(Native Method)
    at sun.reflect.NativeMethodAccessorImpl.invoke(NativeMethodAccessorImpl.java:62)
    at sun.reflect.DelegatingMethodAccessorImpl.invoke(DelegatingMethodAccessorImpl.java:43)
org.junit.ComparisonFailure: expected:<...dthe,higheraimsofour[,existence.]]> but was:<...dthe,higheraimsofour[]]>
    at org.junit.Assert.assertEquals(Assert.java:115)
    at org.junit.Assert.assertEquals(Assert.java:144)
    at java_testcases.junit.WRAP_Test.test_1(WRAP_Test.java:16)
    at sun.reflect.NativeMethodAccessorImpl.invoke0(Native Method)
    at sun.reflect.NativeMethodAccessorImpl.invoke(NativeMethodAccessorImpl.java:62)
    at sun.reflect.DelegatingMethodAccessorImpl.invoke(DelegatingMethodAccessorImpl.java:43)
org.junit.ComparisonFailure: expected:<...nityandthehigheraims[,ofourexistence.]]> but was:<...nityandthehigheraims[]]>
    at org.junit.Assert.assertEquals(Assert.java:115)
    at org.junit.Assert.assertEquals(Assert.java:144)
    at java_testcases.junit.WRAP_Test.test_2(WRAP_Test.java:23)
    at sun.reflect.NativeMethodAccessorImpl.invoke0(Native Method)
    at sun.reflect.NativeMethodAccessorImpl.invoke(NativeMethodAccessorImpl.java:62)
    at sun.reflect.DelegatingMethodAccessorImpl.invoke(DelegatingMethodAccessorImpl.java:43)
org.junit.ComparisonFailure: expected:<...elveswhenweforgetour[,humandignityandthehigheraimsofourexistence.]]> but was:<...elveswhenweforgetour[]]>
    at org.junit.Assert.assertEquals(Assert.java:115)
    at org.junit.Assert.assertEquals(Assert.java:144)
    at java_testcases.junit.WRAP_Test.test_3(WRAP_Test.java:30)
    at sun.reflect.NativeMethodAccessorImpl.invoke0(Native Method)
    at sun.reflect.NativeMethodAccessorImpl.invoke(NativeMethodAccessorImpl.java:62)
    at sun.reflect.DelegatingMethodAccessorImpl.invoke(DelegatingMethodAccessorImpl.java:43)
org.junit.ComparisonFailure: expected:<...ulinthisworldwhenone[,reflects:everythingexceptwhatwethinkordoourselveswhenweforgetourhumandignityandthehigheraimsofourexistence.]]> but was:<...ulinthisworldwhenone[]]>
    at org.junit.Assert.assertEquals(Assert.java:115)
    at org.junit.Assert.assertEquals(Assert.java:144)
    at java_testcases.junit.WRAP_Test.test_4(WRAP_Test.java:37)
    at sun.reflect.NativeMethodAccessorImpl.invoke0(Native Method)
    at sun.reflect.NativeMethodAccessorImpl.invoke(NativeMethodAccessorImpl.java:62)
    at sun.reflect.DelegatingMethodAccessorImpl.invoke(DelegatingMethodAccessorImpl.java:43)
org.junit.ComparisonFailure: expected:<...whenweforgetourhuman[,dignityandthehigheraimsofourexistence.]]> but was:<...whenweforgetourhuman[]]>
    at org.junit.Assert.assertEquals(Assert.java:115)
    at org.junit.Assert.assertEquals(Assert.java:144)
    at java_testcases.junit.WRAP_Test.test_0(WRAP_Test.java:9)
    at sun.reflect.NativeMethodAccessorImpl.invoke0(Native Method)
    at sun.reflect.NativeMethodAccessorImpl.invoke(NativeMethodAccessorImpl.java:62)
    at sun.reflect.DelegatingMethodAccessorImpl.invoke(DelegatingMethodAccessorImpl.java:43)
org.junit.ComparisonFailure: expected:<...dthe,higheraimsofour[,existence.]]> but was:<...dthe,higheraimsofour[]]>
    at org.junit.Assert.assertEquals(Assert.java:115)
    at org.junit.Assert.assertEquals(Assert.java:144)
    at java_testcases.junit.WRAP_Test.test_1(WRAP_Test.java:16)
    at sun.reflect.NativeMethodAccessorImpl.invoke0(Native Method)
    at sun.reflect.NativeMethodAccessorImpl.invoke(NativeMethodAccessorImpl.java:62)
    at sun.reflect.DelegatingMethodAccessorImpl.invoke(DelegatingMethodAccessorImpl.java:43)
org.junit.ComparisonFailure: expected:<...nityandthehigheraims[,ofourexistence.]]> but was:<...nityandthehigheraims[]]>
    at org.junit.Assert.assertEquals(Assert.java:115)
    at org.junit.Assert.assertEquals(Assert.java:144)
    at java_testcases.junit.WRAP_Test.test_2(WRAP_Test.java:23)
    at sun.reflect.NativeMethodAccessorImpl.invoke0(Native Method)
    at sun.reflect.NativeMethodAccessorImpl.invoke(NativeMethodAccessorImpl.java:62)
    at sun.reflect.DelegatingMethodAccessorImpl.invoke(DelegatingMethodAccessorImpl.java:43)
org.junit.ComparisonFailure: expected:<...elveswhenweforgetour[,humandignityandthehigheraimsofourexistence.]]> but was:<...elveswhenweforgetour[]]>
    at org.junit.Assert.assertEquals(Assert.java:115)
    at org.junit.Assert.assertEquals(Assert.java:144)
    at java_testcases.junit.WRAP_Test.test_3(WRAP_Test.java:30)
    at sun.reflect.NativeMethodAccessorImpl.invoke0(Native Method)
    at sun.reflect.NativeMethodAccessorImpl.invoke(NativeMethodAccessorImpl.java:62)
    at sun.reflect.DelegatingMethodAccessorImpl.invoke(DelegatingMethodAccessorImpl.java:43)
org.junit.ComparisonFailure: expected:<...ulinthisworldwhenone[,reflects:everythingexceptwhatwethinkordoourselveswhenweforgetourhumandignityandthehigheraimsofourexistence.]]> but was:<...ulinthisworldwhenone[]]>
    at org.junit.Assert.assertEquals(Assert.java:115)
    at org.junit.Assert.assertEquals(Assert.java:144)
    at java_testcases.junit.WRAP_Test.test_4(WRAP_Test.java:37)
    at sun.reflect.NativeMethodAccessorImpl.invoke0(Native Method)
    at sun.reflect.NativeMethodAccessorImpl.invoke(NativeMethodAccessorImpl.java:62)
    at sun.reflect.DelegatingMethodAccessorImpl.invoke(DelegatingMethodAccessorImpl.java:43)
12:15:04.817 [pool-42-thread-1] INFO  xxl.java.junit.TestCasesListener - Tests run finished (24556 ms)
<> Total tests run: 25
<> Ignored tests: 0
<> Failed tests: 25
~ test_0(java_testcases.junit.WRAP_Test)
[expected:<...whenweforgetourhuman[,dignityandthehigheraimsofourexistence.]]> but was:<...whenweforgetourhuman[]]>]
org.junit.ComparisonFailure: expected:<...whenweforgetourhuman[,dignityandthehigheraimsofourexistence.]]> but was:<...whenweforgetourhuman[]]>    at org.junit.Assert.assertEquals(Assert.java:115)
    at org.junit.Assert.assertEquals(Assert.java:144)
    at java_testcases.junit.WRAP_Test.test_0(WRAP_Test.java:9)
    at sun.reflect.NativeMethodAccessorImpl.invoke0(Native Method)
    at sun.reflect.NativeMethodAccessorImpl.invoke(NativeMethodAccessorImpl.java:62)
    at sun.reflect.DelegatingMethodAccessorImpl.invoke(DelegatingMethodAccessorImpl.java:43)
~ test_1(java_testcases.junit.WRAP_Test)
[test timed out after 3000 milliseconds]
java.lang.Exception: test timed out after 3000 milliseconds    at java.lang.Throwable.fillInStackTrace(Native Method)
    at java.lang.Throwable.fillInStackTrace(Throwable.java:783)
    at java.lang.Throwable.<init>(Throwable.java:265)
    at java.lang.Exception.<init>(Exception.java:66)
    at java.lang.RuntimeException.<init>(RuntimeException.java:62)
    at java.lang.IllegalArgumentException.<init>(IllegalArgumentException.java:52)
~ test_2(java_testcases.junit.WRAP_Test)
[expected:<...nityandthehigheraims[,ofourexistence.]]> but was:<...nityandthehigheraims[]]>]
org.junit.ComparisonFailure: expected:<...nityandthehigheraims[,ofourexistence.]]> but was:<...nityandthehigheraims[]]>    at org.junit.Assert.assertEquals(Assert.java:115)
    at org.junit.Assert.assertEquals(Assert.java:144)
    at java_testcases.junit.WRAP_Test.test_2(WRAP_Test.java:23)
    at sun.reflect.NativeMethodAccessorImpl.invoke0(Native Method)
    at sun.reflect.NativeMethodAccessorImpl.invoke(NativeMethodAccessorImpl.java:62)
    at sun.reflect.DelegatingMethodAccessorImpl.invoke(DelegatingMethodAccessorImpl.java:43)
~ test_3(java_testcases.junit.WRAP_Test)
[expected:<...elveswhenweforgetour[,humandignityandthehigheraimsofourexistence.]]> but was:<...elveswhenweforgetour[]]>]
org.junit.ComparisonFailure: expected:<...elveswhenweforgetour[,humandignityandthehigheraimsofourexistence.]]> but was:<...elveswhenweforgetour[]]>    at org.junit.Assert.assertEquals(Assert.java:115)
    at org.junit.Assert.assertEquals(Assert.java:144)
    at java_testcases.junit.WRAP_Test.test_3(WRAP_Test.java:30)
    at sun.reflect.NativeMethodAccessorImpl.invoke0(Native Method)
    at sun.reflect.NativeMethodAccessorImpl.invoke(NativeMethodAccessorImpl.java:62)
    at sun.reflect.DelegatingMethodAccessorImpl.invoke(DelegatingMethodAccessorImpl.java:43)
~ test_4(java_testcases.junit.WRAP_Test)
[expected:<...ulinthisworldwhenone[,reflects:everythingexceptwhatwethinkordoourselveswhenweforgetourhumandignityandthehigheraimsofourexistence.]]> but was:<...ulinthisworldwhenone[]]>]
org.junit.ComparisonFailure: expected:<...ulinthisworldwhenone[,reflects:everythingexceptwhatwethinkordoourselveswhenweforgetourhumandignityandthehigheraimsofourexistence.]]> but was:<...ulinthisworldwhenone[]]>    at org.junit.Assert.assertEquals(Assert.java:115)
    at org.junit.Assert.assertEquals(Assert.java:144)
    at java_testcases.junit.WRAP_Test.test_4(WRAP_Test.java:37)
    at sun.reflect.NativeMethodAccessorImpl.invoke0(Native Method)
    at sun.reflect.NativeMethodAccessorImpl.invoke(NativeMethodAccessorImpl.java:62)
    at sun.reflect.DelegatingMethodAccessorImpl.invoke(DelegatingMethodAccessorImpl.java:43)
~ test_0(java_testcases.junit.WRAP_Test)
[expected:<...whenweforgetourhuman[,dignityandthehigheraimsofourexistence.]]> but was:<...whenweforgetourhuman[]]>]
org.junit.ComparisonFailure: expected:<...whenweforgetourhuman[,dignityandthehigheraimsofourexistence.]]> but was:<...whenweforgetourhuman[]]>    at org.junit.Assert.assertEquals(Assert.java:115)
    at org.junit.Assert.assertEquals(Assert.java:144)
    at java_testcases.junit.WRAP_Test.test_0(WRAP_Test.java:9)
    at sun.reflect.NativeMethodAccessorImpl.invoke0(Native Method)
    at sun.reflect.NativeMethodAccessorImpl.invoke(NativeMethodAccessorImpl.java:62)
    at sun.reflect.DelegatingMethodAccessorImpl.invoke(DelegatingMethodAccessorImpl.java:43)
~ test_1(java_testcases.junit.WRAP_Test)
[expected:<...dthe,higheraimsofour[,existence.]]> but was:<...dthe,higheraimsofour[]]>]
org.junit.ComparisonFailure: expected:<...dthe,higheraimsofour[,existence.]]> but was:<...dthe,higheraimsofour[]]>    at org.junit.Assert.assertEquals(Assert.java:115)
    at org.junit.Assert.assertEquals(Assert.java:144)
    at java_testcases.junit.WRAP_Test.test_1(WRAP_Test.java:16)
    at sun.reflect.NativeMethodAccessorImpl.invoke0(Native Method)
    at sun.reflect.NativeMethodAccessorImpl.invoke(NativeMethodAccessorImpl.java:62)
    at sun.reflect.DelegatingMethodAccessorImpl.invoke(DelegatingMethodAccessorImpl.java:43)
~ test_2(java_testcases.junit.WRAP_Test)
[expected:<...nityandthehigheraims[,ofourexistence.]]> but was:<...nityandthehigheraims[]]>]
org.junit.ComparisonFailure: expected:<...nityandthehigheraims[,ofourexistence.]]> but was:<...nityandthehigheraims[]]>    at org.junit.Assert.assertEquals(Assert.java:115)
    at org.junit.Assert.assertEquals(Assert.java:144)
    at java_testcases.junit.WRAP_Test.test_2(WRAP_Test.java:23)
    at sun.reflect.NativeMethodAccessorImpl.invoke0(Native Method)
    at sun.reflect.NativeMethodAccessorImpl.invoke(NativeMethodAccessorImpl.java:62)
    at sun.reflect.DelegatingMethodAccessorImpl.invoke(DelegatingMethodAccessorImpl.java:43)
~ test_3(java_testcases.junit.WRAP_Test)
[expected:<...elveswhenweforgetour[,humandignityandthehigheraimsofourexistence.]]> but was:<...elveswhenweforgetour[]]>]
org.junit.ComparisonFailure: expected:<...elveswhenweforgetour[,humandignityandthehigheraimsofourexistence.]]> but was:<...elveswhenweforgetour[]]>    at org.junit.Assert.assertEquals(Assert.java:115)
    at org.junit.Assert.assertEquals(Assert.java:144)
    at java_testcases.junit.WRAP_Test.test_3(WRAP_Test.java:30)
    at sun.reflect.NativeMethodAccessorImpl.invoke0(Native Method)
    at sun.reflect.NativeMethodAccessorImpl.invoke(NativeMethodAccessorImpl.java:62)
    at sun.reflect.DelegatingMethodAccessorImpl.invoke(DelegatingMethodAccessorImpl.java:43)
~ test_4(java_testcases.junit.WRAP_Test)
[expected:<...ulinthisworldwhenone[,reflects:everythingexceptwhatwethinkordoourselveswhenweforgetourhumandignityandthehigheraimsofourexistence.]]> but was:<...ulinthisworldwhenone[]]>]
org.junit.ComparisonFailure: expected:<...ulinthisworldwhenone[,reflects:everythingexceptwhatwethinkordoourselveswhenweforgetourhumandignityandthehigheraimsofourexistence.]]> but was:<...ulinthisworldwhenone[]]>    at org.junit.Assert.assertEquals(Assert.java:115)
    at org.junit.Assert.assertEquals(Assert.java:144)
    at java_testcases.junit.WRAP_Test.test_4(WRAP_Test.java:37)
    at sun.reflect.NativeMethodAccessorImpl.invoke0(Native Method)
    at sun.reflect.NativeMethodAccessorImpl.invoke(NativeMethodAccessorImpl.java:62)
    at sun.reflect.DelegatingMethodAccessorImpl.invoke(DelegatingMethodAccessorImpl.java:43)
~ test_0(java_testcases.junit.WRAP_Test)
[expected:<...whenweforgetourhuman[,dignityandthehigheraimsofourexistence.]]> but was:<...whenweforgetourhuman[]]>]
org.junit.ComparisonFailure: expected:<...whenweforgetourhuman[,dignityandthehigheraimsofourexistence.]]> but was:<...whenweforgetourhuman[]]>    at org.junit.Assert.assertEquals(Assert.java:115)
    at org.junit.Assert.assertEquals(Assert.java:144)
    at java_testcases.junit.WRAP_Test.test_0(WRAP_Test.java:9)
    at sun.reflect.NativeMethodAccessorImpl.invoke0(Native Method)
    at sun.reflect.NativeMethodAccessorImpl.invoke(NativeMethodAccessorImpl.java:62)
    at sun.reflect.DelegatingMethodAccessorImpl.invoke(DelegatingMethodAccessorImpl.java:43)
~ test_1(java_testcases.junit.WRAP_Test)
[expected:<...dthe,higheraimsofour[,existence.]]> but was:<...dthe,higheraimsofour[]]>]
org.junit.ComparisonFailure: expected:<...dthe,higheraimsofour[,existence.]]> but was:<...dthe,higheraimsofour[]]>    at org.junit.Assert.assertEquals(Assert.java:115)
    at org.junit.Assert.assertEquals(Assert.java:144)
    at java_testcases.junit.WRAP_Test.test_1(WRAP_Test.java:16)
    at sun.reflect.NativeMethodAccessorImpl.invoke0(Native Method)
    at sun.reflect.NativeMethodAccessorImpl.invoke(NativeMethodAccessorImpl.java:62)
    at sun.reflect.DelegatingMethodAccessorImpl.invoke(DelegatingMethodAccessorImpl.java:43)
~ test_2(java_testcases.junit.WRAP_Test)
[expected:<...nityandthehigheraims[,ofourexistence.]]> but was:<...nityandthehigheraims[]]>]
org.junit.ComparisonFailure: expected:<...nityandthehigheraims[,ofourexistence.]]> but was:<...nityandthehigheraims[]]>    at org.junit.Assert.assertEquals(Assert.java:115)
    at org.junit.Assert.assertEquals(Assert.java:144)
    at java_testcases.junit.WRAP_Test.test_2(WRAP_Test.java:23)
    at sun.reflect.NativeMethodAccessorImpl.invoke0(Native Method)
    at sun.reflect.NativeMethodAccessorImpl.invoke(NativeMethodAccessorImpl.java:62)
    at sun.reflect.DelegatingMethodAccessorImpl.invoke(DelegatingMethodAccessorImpl.java:43)
~ test_3(java_testcases.junit.WRAP_Test)
[expected:<...elveswhenweforgetour[,humandignityandthehigheraimsofourexistence.]]> but was:<...elveswhenweforgetour[]]>]
org.junit.ComparisonFailure: expected:<...elveswhenweforgetour[,humandignityandthehigheraimsofourexistence.]]> but was:<...elveswhenweforgetour[]]>    at org.junit.Assert.assertEquals(Assert.java:115)
    at org.junit.Assert.assertEquals(Assert.java:144)
    at java_testcases.junit.WRAP_Test.test_3(WRAP_Test.java:30)
    at sun.reflect.NativeMethodAccessorImpl.invoke0(Native Method)
    at sun.reflect.NativeMethodAccessorImpl.invoke(NativeMethodAccessorImpl.java:62)
    at sun.reflect.DelegatingMethodAccessorImpl.invoke(DelegatingMethodAccessorImpl.java:43)
~ test_4(java_testcases.junit.WRAP_Test)
[expected:<...ulinthisworldwhenone[,reflects:everythingexceptwhatwethinkordoourselveswhenweforgetourhumandignityandthehigheraimsofourexistence.]]> but was:<...ulinthisworldwhenone[]]>]
org.junit.ComparisonFailure: expected:<...ulinthisworldwhenone[,reflects:everythingexceptwhatwethinkordoourselveswhenweforgetourhumandignityandthehigheraimsofourexistence.]]> but was:<...ulinthisworldwhenone[]]>    at org.junit.Assert.assertEquals(Assert.java:115)
    at org.junit.Assert.assertEquals(Assert.java:144)
    at java_testcases.junit.WRAP_Test.test_4(WRAP_Test.java:37)
    at sun.reflect.NativeMethodAccessorImpl.invoke0(Native Method)
    at sun.reflect.NativeMethodAccessorImpl.invoke(NativeMethodAccessorImpl.java:62)
    at sun.reflect.DelegatingMethodAccessorImpl.invoke(DelegatingMethodAccessorImpl.java:43)
~ test_0(java_testcases.junit.WRAP_Test)
[expected:<...whenweforgetourhuman[,dignityandthehigheraimsofourexistence.]]> but was:<...whenweforgetourhuman[]]>]
org.junit.ComparisonFailure: expected:<...whenweforgetourhuman[,dignityandthehigheraimsofourexistence.]]> but was:<...whenweforgetourhuman[]]>    at org.junit.Assert.assertEquals(Assert.java:115)
    at org.junit.Assert.assertEquals(Assert.java:144)
    at java_testcases.junit.WRAP_Test.test_0(WRAP_Test.java:9)
    at sun.reflect.NativeMethodAccessorImpl.invoke0(Native Method)
    at sun.reflect.NativeMethodAccessorImpl.invoke(NativeMethodAccessorImpl.java:62)
    at sun.reflect.DelegatingMethodAccessorImpl.invoke(DelegatingMethodAccessorImpl.java:43)
~ test_1(java_testcases.junit.WRAP_Test)
[expected:<...dthe,higheraimsofour[,existence.]]> but was:<...dthe,higheraimsofour[]]>]
org.junit.ComparisonFailure: expected:<...dthe,higheraimsofour[,existence.]]> but was:<...dthe,higheraimsofour[]]>    at org.junit.Assert.assertEquals(Assert.java:115)
    at org.junit.Assert.assertEquals(Assert.java:144)
    at java_testcases.junit.WRAP_Test.test_1(WRAP_Test.java:16)
    at sun.reflect.NativeMethodAccessorImpl.invoke0(Native Method)
    at sun.reflect.NativeMethodAccessorImpl.invoke(NativeMethodAccessorImpl.java:62)
    at sun.reflect.DelegatingMethodAccessorImpl.invoke(DelegatingMethodAccessorImpl.java:43)
~ test_2(java_testcases.junit.WRAP_Test)
[expected:<...nityandthehigheraims[,ofourexistence.]]> but was:<...nityandthehigheraims[]]>]
org.junit.ComparisonFailure: expected:<...nityandthehigheraims[,ofourexistence.]]> but was:<...nityandthehigheraims[]]>    at org.junit.Assert.assertEquals(Assert.java:115)
    at org.junit.Assert.assertEquals(Assert.java:144)
    at java_testcases.junit.WRAP_Test.test_2(WRAP_Test.java:23)
    at sun.reflect.NativeMethodAccessorImpl.invoke0(Native Method)
    at sun.reflect.NativeMethodAccessorImpl.invoke(NativeMethodAccessorImpl.java:62)
    at sun.reflect.DelegatingMethodAccessorImpl.invoke(DelegatingMethodAccessorImpl.java:43)
~ test_3(java_testcases.junit.WRAP_Test)
[expected:<...elveswhenweforgetour[,humandignityandthehigheraimsofourexistence.]]> but was:<...elveswhenweforgetour[]]>]
org.junit.ComparisonFailure: expected:<...elveswhenweforgetour[,humandignityandthehigheraimsofourexistence.]]> but was:<...elveswhenweforgetour[]]>    at org.junit.Assert.assertEquals(Assert.java:115)
    at org.junit.Assert.assertEquals(Assert.java:144)
    at java_testcases.junit.WRAP_Test.test_3(WRAP_Test.java:30)
    at sun.reflect.NativeMethodAccessorImpl.invoke0(Native Method)
    at sun.reflect.NativeMethodAccessorImpl.invoke(NativeMethodAccessorImpl.java:62)
    at sun.reflect.DelegatingMethodAccessorImpl.invoke(DelegatingMethodAccessorImpl.java:43)
~ test_4(java_testcases.junit.WRAP_Test)
[expected:<...ulinthisworldwhenone[,reflects:everythingexceptwhatwethinkordoourselveswhenweforgetourhumandignityandthehigheraimsofourexistence.]]> but was:<...ulinthisworldwhenone[]]>]
org.junit.ComparisonFailure: expected:<...ulinthisworldwhenone[,reflects:everythingexceptwhatwethinkordoourselveswhenweforgetourhumandignityandthehigheraimsofourexistence.]]> but was:<...ulinthisworldwhenone[]]>    at org.junit.Assert.assertEquals(Assert.java:115)
    at org.junit.Assert.assertEquals(Assert.java:144)
    at java_testcases.junit.WRAP_Test.test_4(WRAP_Test.java:37)
    at sun.reflect.NativeMethodAccessorImpl.invoke0(Native Method)
    at sun.reflect.NativeMethodAccessorImpl.invoke(NativeMethodAccessorImpl.java:62)
    at sun.reflect.DelegatingMethodAccessorImpl.invoke(DelegatingMethodAccessorImpl.java:43)
~ test_0(java_testcases.junit.WRAP_Test)
[expected:<...whenweforgetourhuman[,dignityandthehigheraimsofourexistence.]]> but was:<...whenweforgetourhuman[]]>]
org.junit.ComparisonFailure: expected:<...whenweforgetourhuman[,dignityandthehigheraimsofourexistence.]]> but was:<...whenweforgetourhuman[]]>    at org.junit.Assert.assertEquals(Assert.java:115)
    at org.junit.Assert.assertEquals(Assert.java:144)
    at java_testcases.junit.WRAP_Test.test_0(WRAP_Test.java:9)
    at sun.reflect.NativeMethodAccessorImpl.invoke0(Native Method)
    at sun.reflect.NativeMethodAccessorImpl.invoke(NativeMethodAccessorImpl.java:62)
    at sun.reflect.DelegatingMethodAccessorImpl.invoke(DelegatingMethodAccessorImpl.java:43)
~ test_1(java_testcases.junit.WRAP_Test)
[expected:<...dthe,higheraimsofour[,existence.]]> but was:<...dthe,higheraimsofour[]]>]
org.junit.ComparisonFailure: expected:<...dthe,higheraimsofour[,existence.]]> but was:<...dthe,higheraimsofour[]]>    at org.junit.Assert.assertEquals(Assert.java:115)
    at org.junit.Assert.assertEquals(Assert.java:144)
    at java_testcases.junit.WRAP_Test.test_1(WRAP_Test.java:16)
    at sun.reflect.NativeMethodAccessorImpl.invoke0(Native Method)
    at sun.reflect.NativeMethodAccessorImpl.invoke(NativeMethodAccessorImpl.java:62)
    at sun.reflect.DelegatingMethodAccessorImpl.invoke(DelegatingMethodAccessorImpl.java:43)
~ test_2(java_testcases.junit.WRAP_Test)
[expected:<...nityandthehigheraims[,ofourexistence.]]> but was:<...nityandthehigheraims[]]>]
org.junit.ComparisonFailure: expected:<...nityandthehigheraims[,ofourexistence.]]> but was:<...nityandthehigheraims[]]>    at org.junit.Assert.assertEquals(Assert.java:115)
    at org.junit.Assert.assertEquals(Assert.java:144)
    at java_testcases.junit.WRAP_Test.test_2(WRAP_Test.java:23)
    at sun.reflect.NativeMethodAccessorImpl.invoke0(Native Method)
    at sun.reflect.NativeMethodAccessorImpl.invoke(NativeMethodAccessorImpl.java:62)
    at sun.reflect.DelegatingMethodAccessorImpl.invoke(DelegatingMethodAccessorImpl.java:43)
~ test_3(java_testcases.junit.WRAP_Test)
[expected:<...elveswhenweforgetour[,humandignityandthehigheraimsofourexistence.]]> but was:<...elveswhenweforgetour[]]>]
org.junit.ComparisonFailure: expected:<...elveswhenweforgetour[,humandignityandthehigheraimsofourexistence.]]> but was:<...elveswhenweforgetour[]]>    at org.junit.Assert.assertEquals(Assert.java:115)
    at org.junit.Assert.assertEquals(Assert.java:144)
    at java_testcases.junit.WRAP_Test.test_3(WRAP_Test.java:30)
    at sun.reflect.NativeMethodAccessorImpl.invoke0(Native Method)
    at sun.reflect.NativeMethodAccessorImpl.invoke(NativeMethodAccessorImpl.java:62)
    at sun.reflect.DelegatingMethodAccessorImpl.invoke(DelegatingMethodAccessorImpl.java:43)
~ test_4(java_testcases.junit.WRAP_Test)
[expected:<...ulinthisworldwhenone[,reflects:everythingexceptwhatwethinkordoourselveswhenweforgetourhumandignityandthehigheraimsofourexistence.]]> but was:<...ulinthisworldwhenone[]]>]
org.junit.ComparisonFailure: expected:<...ulinthisworldwhenone[,reflects:everythingexceptwhatwethinkordoourselveswhenweforgetourhumandignityandthehigheraimsofourexistence.]]> but was:<...ulinthisworldwhenone[]]>    at org.junit.Assert.assertEquals(Assert.java:115)
    at org.junit.Assert.assertEquals(Assert.java:144)
    at java_testcases.junit.WRAP_Test.test_4(WRAP_Test.java:37)
    at sun.reflect.NativeMethodAccessorImpl.invoke0(Native Method)
    at sun.reflect.NativeMethodAccessorImpl.invoke(NativeMethodAccessorImpl.java:62)
    at sun.reflect.DelegatingMethodAccessorImpl.invoke(DelegatingMethodAccessorImpl.java:43)

12:18:19.958 [pool-2-thread-1] DEBUG fr.inria.lille.repair.nopol.NoPol - statement #7
12:18:19.958 [pool-2-thread-1] DEBUG fr.inria.lille.repair.nopol.NoPol - Analysing SourceLocation java_programs.WRAP:23 which is executed by 5 tests
2672715
12:20:00.935 [pool-2-thread-1] DEBUG fr.inria.lille.repair.nopol.NoPol - statement #8
12:20:08.750 [pool-2-thread-1] DEBUG fr.inria.lille.repair.nopol.NoPol - Analysing SourceLocation java_programs.WRAP:22 which is executed by 5 tests
2672715
12:21:55.481 [pool-2-thread-1] DEBUG fr.inria.lille.repair.nopol.NoPol - looking with class fr.inria.lille.repair.nopol.spoon.smt.ConditionalAdder
org.junit.ComparisonFailure: expected:<...whenweforgetourhuman[,dignityandthehigheraimsofourexistence.]]> but was:<...whenweforgetourhuman[]]>
    at org.junit.Assert.assertEquals(Assert.java:115)
    at org.junit.Assert.assertEquals(Assert.java:144)
    at java_testcases.junit.WRAP_Test.test_0(WRAP_Test.java:9)
    at sun.reflect.NativeMethodAccessorImpl.invoke0(Native Method)
    at sun.reflect.NativeMethodAccessorImpl.invoke(NativeMethodAccessorImpl.java:62)
    at sun.reflect.DelegatingMethodAccessorImpl.invoke(DelegatingMethodAccessorImpl.java:43)
org.junit.ComparisonFailure: expected:<...dthe,higheraimsofour[,existence.]]> but was:<...dthe,higheraimsofour[]]>
    at org.junit.Assert.assertEquals(Assert.java:115)
    at org.junit.Assert.assertEquals(Assert.java:144)
    at java_testcases.junit.WRAP_Test.test_1(WRAP_Test.java:16)
    at sun.reflect.NativeMethodAccessorImpl.invoke0(Native Method)
    at sun.reflect.NativeMethodAccessorImpl.invoke(NativeMethodAccessorImpl.java:62)
    at sun.reflect.DelegatingMethodAccessorImpl.invoke(DelegatingMethodAccessorImpl.java:43)
org.junit.ComparisonFailure: expected:<...nityandthehigheraims[,ofourexistence.]]> but was:<...nityandthehigheraims[]]>
    at org.junit.Assert.assertEquals(Assert.java:115)
    at org.junit.Assert.assertEquals(Assert.java:144)
    at java_testcases.junit.WRAP_Test.test_2(WRAP_Test.java:23)
    at sun.reflect.NativeMethodAccessorImpl.invoke0(Native Method)
    at sun.reflect.NativeMethodAccessorImpl.invoke(NativeMethodAccessorImpl.java:62)
    at sun.reflect.DelegatingMethodAccessorImpl.invoke(DelegatingMethodAccessorImpl.java:43)
org.junit.ComparisonFailure: expected:<...elveswhenweforgetour[,humandignityandthehigheraimsofourexistence.]]> but was:<...elveswhenweforgetour[]]>
    at org.junit.Assert.assertEquals(Assert.java:115)
    at org.junit.Assert.assertEquals(Assert.java:144)
    at java_testcases.junit.WRAP_Test.test_3(WRAP_Test.java:30)
    at sun.reflect.NativeMethodAccessorImpl.invoke0(Native Method)
    at sun.reflect.NativeMethodAccessorImpl.invoke(NativeMethodAccessorImpl.java:62)
    at sun.reflect.DelegatingMethodAccessorImpl.invoke(DelegatingMethodAccessorImpl.java:43)
org.junit.ComparisonFailure: expected:<...ulinthisworldwhenone[,reflects:everythingexceptwhatwethinkordoourselveswhenweforgetourhumandignityandthehigheraimsofourexistence.]]> but was:<...ulinthisworldwhenone[]]>
    at org.junit.Assert.assertEquals(Assert.java:115)
    at org.junit.Assert.assertEquals(Assert.java:144)
    at java_testcases.junit.WRAP_Test.test_4(WRAP_Test.java:37)
    at sun.reflect.NativeMethodAccessorImpl.invoke0(Native Method)
    at sun.reflect.NativeMethodAccessorImpl.invoke(NativeMethodAccessorImpl.java:62)
    at sun.reflect.DelegatingMethodAccessorImpl.invoke(DelegatingMethodAccessorImpl.java:43)
org.junit.ComparisonFailure: expected:<...whenweforgetourhuman[,dignityandthehigheraimsofourexistence.]]> but was:<...whenweforgetourhuman[]]>
    at org.junit.Assert.assertEquals(Assert.java:115)
    at org.junit.Assert.assertEquals(Assert.java:144)
    at java_testcases.junit.WRAP_Test.test_0(WRAP_Test.java:9)
    at sun.reflect.NativeMethodAccessorImpl.invoke0(Native Method)
    at sun.reflect.NativeMethodAccessorImpl.invoke(NativeMethodAccessorImpl.java:62)
    at sun.reflect.DelegatingMethodAccessorImpl.invoke(DelegatingMethodAccessorImpl.java:43)
org.junit.ComparisonFailure: expected:<...dthe,higheraimsofour[,existence.]]> but was:<...dthe,higheraimsofour[]]>
    at org.junit.Assert.assertEquals(Assert.java:115)
    at org.junit.Assert.assertEquals(Assert.java:144)
    at java_testcases.junit.WRAP_Test.test_1(WRAP_Test.java:16)
    at sun.reflect.NativeMethodAccessorImpl.invoke0(Native Method)
    at sun.reflect.NativeMethodAccessorImpl.invoke(NativeMethodAccessorImpl.java:62)
    at sun.reflect.DelegatingMethodAccessorImpl.invoke(DelegatingMethodAccessorImpl.java:43)
org.junit.ComparisonFailure: expected:<...nityandthehigheraims[,ofourexistence.]]> but was:<...nityandthehigheraims[]]>
    at org.junit.Assert.assertEquals(Assert.java:115)
    at org.junit.Assert.assertEquals(Assert.java:144)
    at java_testcases.junit.WRAP_Test.test_2(WRAP_Test.java:23)
    at sun.reflect.NativeMethodAccessorImpl.invoke0(Native Method)
    at sun.reflect.NativeMethodAccessorImpl.invoke(NativeMethodAccessorImpl.java:62)
    at sun.reflect.DelegatingMethodAccessorImpl.invoke(DelegatingMethodAccessorImpl.java:43)
org.junit.ComparisonFailure: expected:<...elveswhenweforgetour[,humandignityandthehigheraimsofourexistence.]]> but was:<...elveswhenweforgetour[]]>
    at org.junit.Assert.assertEquals(Assert.java:115)
    at org.junit.Assert.assertEquals(Assert.java:144)
    at java_testcases.junit.WRAP_Test.test_3(WRAP_Test.java:30)
    at sun.reflect.NativeMethodAccessorImpl.invoke0(Native Method)
    at sun.reflect.NativeMethodAccessorImpl.invoke(NativeMethodAccessorImpl.java:62)
    at sun.reflect.DelegatingMethodAccessorImpl.invoke(DelegatingMethodAccessorImpl.java:43)
org.junit.ComparisonFailure: expected:<...ulinthisworldwhenone[,reflects:everythingexceptwhatwethinkordoourselveswhenweforgetourhumandignityandthehigheraimsofourexistence.]]> but was:<...ulinthisworldwhenone[]]>
    at org.junit.Assert.assertEquals(Assert.java:115)
    at org.junit.Assert.assertEquals(Assert.java:144)
    at java_testcases.junit.WRAP_Test.test_4(WRAP_Test.java:37)
    at sun.reflect.NativeMethodAccessorImpl.invoke0(Native Method)
    at sun.reflect.NativeMethodAccessorImpl.invoke(NativeMethodAccessorImpl.java:62)
    at sun.reflect.DelegatingMethodAccessorImpl.invoke(DelegatingMethodAccessorImpl.java:43)
org.junit.ComparisonFailure: expected:<...whenweforgetourhuman[,dignityandthehigheraimsofourexistence.]]> but was:<...whenweforgetourhuman[]]>
    at org.junit.Assert.assertEquals(Assert.java:115)
    at org.junit.Assert.assertEquals(Assert.java:144)
    at java_testcases.junit.WRAP_Test.test_0(WRAP_Test.java:9)
    at sun.reflect.NativeMethodAccessorImpl.invoke0(Native Method)
    at sun.reflect.NativeMethodAccessorImpl.invoke(NativeMethodAccessorImpl.java:62)
    at sun.reflect.DelegatingMethodAccessorImpl.invoke(DelegatingMethodAccessorImpl.java:43)
org.junit.ComparisonFailure: expected:<...dthe,higheraimsofour[,existence.]]> but was:<...dthe,higheraimsofour[]]>
    at org.junit.Assert.assertEquals(Assert.java:115)
    at org.junit.Assert.assertEquals(Assert.java:144)
    at java_testcases.junit.WRAP_Test.test_1(WRAP_Test.java:16)
    at sun.reflect.NativeMethodAccessorImpl.invoke0(Native Method)
    at sun.reflect.NativeMethodAccessorImpl.invoke(NativeMethodAccessorImpl.java:62)
    at sun.reflect.DelegatingMethodAccessorImpl.invoke(DelegatingMethodAccessorImpl.java:43)
org.junit.ComparisonFailure: expected:<...nityandthehigheraims[,ofourexistence.]]> but was:<...nityandthehigheraims[]]>
    at org.junit.Assert.assertEquals(Assert.java:115)
    at org.junit.Assert.assertEquals(Assert.java:144)
    at java_testcases.junit.WRAP_Test.test_2(WRAP_Test.java:23)
    at sun.reflect.NativeMethodAccessorImpl.invoke0(Native Method)
    at sun.reflect.NativeMethodAccessorImpl.invoke(NativeMethodAccessorImpl.java:62)
    at sun.reflect.DelegatingMethodAccessorImpl.invoke(DelegatingMethodAccessorImpl.java:43)
org.junit.ComparisonFailure: expected:<...elveswhenweforgetour[,humandignityandthehigheraimsofourexistence.]]> but was:<...elveswhenweforgetour[]]>
    at org.junit.Assert.assertEquals(Assert.java:115)
    at org.junit.Assert.assertEquals(Assert.java:144)
    at java_testcases.junit.WRAP_Test.test_3(WRAP_Test.java:30)
    at sun.reflect.NativeMethodAccessorImpl.invoke0(Native Method)
    at sun.reflect.NativeMethodAccessorImpl.invoke(NativeMethodAccessorImpl.java:62)
    at sun.reflect.DelegatingMethodAccessorImpl.invoke(DelegatingMethodAccessorImpl.java:43)
org.junit.ComparisonFailure: expected:<...ulinthisworldwhenone[,reflects:everythingexceptwhatwethinkordoourselveswhenweforgetourhumandignityandthehigheraimsofourexistence.]]> but was:<...ulinthisworldwhenone[]]>
    at org.junit.Assert.assertEquals(Assert.java:115)
    at org.junit.Assert.assertEquals(Assert.java:144)
    at java_testcases.junit.WRAP_Test.test_4(WRAP_Test.java:37)
    at sun.reflect.NativeMethodAccessorImpl.invoke0(Native Method)
    at sun.reflect.NativeMethodAccessorImpl.invoke(NativeMethodAccessorImpl.java:62)
    at sun.reflect.DelegatingMethodAccessorImpl.invoke(DelegatingMethodAccessorImpl.java:43)
org.junit.ComparisonFailure: expected:<...whenweforgetourhuman[,dignityandthehigheraimsofourexistence.]]> but was:<...whenweforgetourhuman[]]>
    at org.junit.Assert.assertEquals(Assert.java:115)
    at org.junit.Assert.assertEquals(Assert.java:144)
    at java_testcases.junit.WRAP_Test.test_0(WRAP_Test.java:9)
    at sun.reflect.NativeMethodAccessorImpl.invoke0(Native Method)
    at sun.reflect.NativeMethodAccessorImpl.invoke(NativeMethodAccessorImpl.java:62)
    at sun.reflect.DelegatingMethodAccessorImpl.invoke(DelegatingMethodAccessorImpl.java:43)
org.junit.ComparisonFailure: expected:<...dthe,higheraimsofour[,existence.]]> but was:<...dthe,higheraimsofour[]]>
    at org.junit.Assert.assertEquals(Assert.java:115)
    at org.junit.Assert.assertEquals(Assert.java:144)
    at java_testcases.junit.WRAP_Test.test_1(WRAP_Test.java:16)
    at sun.reflect.NativeMethodAccessorImpl.invoke0(Native Method)
    at sun.reflect.NativeMethodAccessorImpl.invoke(NativeMethodAccessorImpl.java:62)
    at sun.reflect.DelegatingMethodAccessorImpl.invoke(DelegatingMethodAccessorImpl.java:43)
org.junit.ComparisonFailure: expected:<...nityandthehigheraims[,ofourexistence.]]> but was:<...nityandthehigheraims[]]>
    at org.junit.Assert.assertEquals(Assert.java:115)
    at org.junit.Assert.assertEquals(Assert.java:144)
    at java_testcases.junit.WRAP_Test.test_2(WRAP_Test.java:23)
    at sun.reflect.NativeMethodAccessorImpl.invoke0(Native Method)
    at sun.reflect.NativeMethodAccessorImpl.invoke(NativeMethodAccessorImpl.java:62)
    at sun.reflect.DelegatingMethodAccessorImpl.invoke(DelegatingMethodAccessorImpl.java:43)
org.junit.ComparisonFailure: expected:<...elveswhenweforgetour[,humandignityandthehigheraimsofourexistence.]]> but was:<...elveswhenweforgetour[]]>
    at org.junit.Assert.assertEquals(Assert.java:115)
    at org.junit.Assert.assertEquals(Assert.java:144)
    at java_testcases.junit.WRAP_Test.test_3(WRAP_Test.java:30)
    at sun.reflect.NativeMethodAccessorImpl.invoke0(Native Method)
    at sun.reflect.NativeMethodAccessorImpl.invoke(NativeMethodAccessorImpl.java:62)
    at sun.reflect.DelegatingMethodAccessorImpl.invoke(DelegatingMethodAccessorImpl.java:43)
org.junit.ComparisonFailure: expected:<...ulinthisworldwhenone[,reflects:everythingexceptwhatwethinkordoourselveswhenweforgetourhumandignityandthehigheraimsofourexistence.]]> but was:<...ulinthisworldwhenone[]]>
    at org.junit.Assert.assertEquals(Assert.java:115)
    at org.junit.Assert.assertEquals(Assert.java:144)
    at java_testcases.junit.WRAP_Test.test_4(WRAP_Test.java:37)
    at sun.reflect.NativeMethodAccessorImpl.invoke0(Native Method)
    at sun.reflect.NativeMethodAccessorImpl.invoke(NativeMethodAccessorImpl.java:62)
    at sun.reflect.DelegatingMethodAccessorImpl.invoke(DelegatingMethodAccessorImpl.java:43)
org.junit.ComparisonFailure: expected:<...whenweforgetourhuman[,dignityandthehigheraimsofourexistence.]]> but was:<...whenweforgetourhuman[]]>
    at org.junit.Assert.assertEquals(Assert.java:115)
    at org.junit.Assert.assertEquals(Assert.java:144)
    at java_testcases.junit.WRAP_Test.test_0(WRAP_Test.java:9)
    at sun.reflect.NativeMethodAccessorImpl.invoke0(Native Method)
    at sun.reflect.NativeMethodAccessorImpl.invoke(NativeMethodAccessorImpl.java:62)
    at sun.reflect.DelegatingMethodAccessorImpl.invoke(DelegatingMethodAccessorImpl.java:43)
org.junit.ComparisonFailure: expected:<...dthe,higheraimsofour[,existence.]]> but was:<...dthe,higheraimsofour[]]>
    at org.junit.Assert.assertEquals(Assert.java:115)
    at org.junit.Assert.assertEquals(Assert.java:144)
    at java_testcases.junit.WRAP_Test.test_1(WRAP_Test.java:16)
    at sun.reflect.NativeMethodAccessorImpl.invoke0(Native Method)
    at sun.reflect.NativeMethodAccessorImpl.invoke(NativeMethodAccessorImpl.java:62)
    at sun.reflect.DelegatingMethodAccessorImpl.invoke(DelegatingMethodAccessorImpl.java:43)
org.junit.ComparisonFailure: expected:<...nityandthehigheraims[,ofourexistence.]]> but was:<...nityandthehigheraims[]]>
    at org.junit.Assert.assertEquals(Assert.java:115)
    at org.junit.Assert.assertEquals(Assert.java:144)
    at java_testcases.junit.WRAP_Test.test_2(WRAP_Test.java:23)
    at sun.reflect.NativeMethodAccessorImpl.invoke0(Native Method)
    at sun.reflect.NativeMethodAccessorImpl.invoke(NativeMethodAccessorImpl.java:62)
    at sun.reflect.DelegatingMethodAccessorImpl.invoke(DelegatingMethodAccessorImpl.java:43)
org.junit.ComparisonFailure: expected:<...elveswhenweforgetour[,humandignityandthehigheraimsofourexistence.]]> but was:<...elveswhenweforgetour[]]>
    at org.junit.Assert.assertEquals(Assert.java:115)
    at org.junit.Assert.assertEquals(Assert.java:144)
    at java_testcases.junit.WRAP_Test.test_3(WRAP_Test.java:30)
    at sun.reflect.NativeMethodAccessorImpl.invoke0(Native Method)
    at sun.reflect.NativeMethodAccessorImpl.invoke(NativeMethodAccessorImpl.java:62)
    at sun.reflect.DelegatingMethodAccessorImpl.invoke(DelegatingMethodAccessorImpl.java:43)
org.junit.ComparisonFailure: expected:<...ulinthisworldwhenone[,reflects:everythingexceptwhatwethinkordoourselveswhenweforgetourhumandignityandthehigheraimsofourexistence.]]> but was:<...ulinthisworldwhenone[]]>
    at org.junit.Assert.assertEquals(Assert.java:115)
    at org.junit.Assert.assertEquals(Assert.java:144)
    at java_testcases.junit.WRAP_Test.test_4(WRAP_Test.java:37)
    at sun.reflect.NativeMethodAccessorImpl.invoke0(Native Method)
    at sun.reflect.NativeMethodAccessorImpl.invoke(NativeMethodAccessorImpl.java:62)
    at sun.reflect.DelegatingMethodAccessorImpl.invoke(DelegatingMethodAccessorImpl.java:43)
12:22:26.232 [pool-54-thread-1] INFO  xxl.java.junit.TestCasesListener - Tests run finished (24636 ms)
<> Total tests run: 25
<> Ignored tests: 0
<> Failed tests: 25
~ test_0(java_testcases.junit.WRAP_Test)
[expected:<...whenweforgetourhuman[,dignityandthehigheraimsofourexistence.]]> but was:<...whenweforgetourhuman[]]>]
org.junit.ComparisonFailure: expected:<...whenweforgetourhuman[,dignityandthehigheraimsofourexistence.]]> but was:<...whenweforgetourhuman[]]>    at org.junit.Assert.assertEquals(Assert.java:115)
    at org.junit.Assert.assertEquals(Assert.java:144)
    at java_testcases.junit.WRAP_Test.test_0(WRAP_Test.java:9)
    at sun.reflect.NativeMethodAccessorImpl.invoke0(Native Method)
    at sun.reflect.NativeMethodAccessorImpl.invoke(NativeMethodAccessorImpl.java:62)
    at sun.reflect.DelegatingMethodAccessorImpl.invoke(DelegatingMethodAccessorImpl.java:43)
~ test_1(java_testcases.junit.WRAP_Test)
[expected:<...dthe,higheraimsofour[,existence.]]> but was:<...dthe,higheraimsofour[]]>]
org.junit.ComparisonFailure: expected:<...dthe,higheraimsofour[,existence.]]> but was:<...dthe,higheraimsofour[]]>    at org.junit.Assert.assertEquals(Assert.java:115)
    at org.junit.Assert.assertEquals(Assert.java:144)
    at java_testcases.junit.WRAP_Test.test_1(WRAP_Test.java:16)
    at sun.reflect.NativeMethodAccessorImpl.invoke0(Native Method)
    at sun.reflect.NativeMethodAccessorImpl.invoke(NativeMethodAccessorImpl.java:62)
    at sun.reflect.DelegatingMethodAccessorImpl.invoke(DelegatingMethodAccessorImpl.java:43)
~ test_2(java_testcases.junit.WRAP_Test)
[expected:<...nityandthehigheraims[,ofourexistence.]]> but was:<...nityandthehigheraims[]]>]
org.junit.ComparisonFailure: expected:<...nityandthehigheraims[,ofourexistence.]]> but was:<...nityandthehigheraims[]]>    at org.junit.Assert.assertEquals(Assert.java:115)
    at org.junit.Assert.assertEquals(Assert.java:144)
    at java_testcases.junit.WRAP_Test.test_2(WRAP_Test.java:23)
    at sun.reflect.NativeMethodAccessorImpl.invoke0(Native Method)
    at sun.reflect.NativeMethodAccessorImpl.invoke(NativeMethodAccessorImpl.java:62)
    at sun.reflect.DelegatingMethodAccessorImpl.invoke(DelegatingMethodAccessorImpl.java:43)
~ test_3(java_testcases.junit.WRAP_Test)
[expected:<...elveswhenweforgetour[,humandignityandthehigheraimsofourexistence.]]> but was:<...elveswhenweforgetour[]]>]
org.junit.ComparisonFailure: expected:<...elveswhenweforgetour[,humandignityandthehigheraimsofourexistence.]]> but was:<...elveswhenweforgetour[]]>    at org.junit.Assert.assertEquals(Assert.java:115)
    at org.junit.Assert.assertEquals(Assert.java:144)
    at java_testcases.junit.WRAP_Test.test_3(WRAP_Test.java:30)
    at sun.reflect.NativeMethodAccessorImpl.invoke0(Native Method)
    at sun.reflect.NativeMethodAccessorImpl.invoke(NativeMethodAccessorImpl.java:62)
    at sun.reflect.DelegatingMethodAccessorImpl.invoke(DelegatingMethodAccessorImpl.java:43)
~ test_4(java_testcases.junit.WRAP_Test)
[expected:<...ulinthisworldwhenone[,reflects:everythingexceptwhatwethinkordoourselveswhenweforgetourhumandignityandthehigheraimsofourexistence.]]> but was:<...ulinthisworldwhenone[]]>]
org.junit.ComparisonFailure: expected:<...ulinthisworldwhenone[,reflects:everythingexceptwhatwethinkordoourselveswhenweforgetourhumandignityandthehigheraimsofourexistence.]]> but was:<...ulinthisworldwhenone[]]>    at org.junit.Assert.assertEquals(Assert.java:115)
    at org.junit.Assert.assertEquals(Assert.java:144)
    at java_testcases.junit.WRAP_Test.test_4(WRAP_Test.java:37)
    at sun.reflect.NativeMethodAccessorImpl.invoke0(Native Method)
    at sun.reflect.NativeMethodAccessorImpl.invoke(NativeMethodAccessorImpl.java:62)
    at sun.reflect.DelegatingMethodAccessorImpl.invoke(DelegatingMethodAccessorImpl.java:43)
~ test_0(java_testcases.junit.WRAP_Test)
[expected:<...whenweforgetourhuman[,dignityandthehigheraimsofourexistence.]]> but was:<...whenweforgetourhuman[]]>]
org.junit.ComparisonFailure: expected:<...whenweforgetourhuman[,dignityandthehigheraimsofourexistence.]]> but was:<...whenweforgetourhuman[]]>    at org.junit.Assert.assertEquals(Assert.java:115)
    at org.junit.Assert.assertEquals(Assert.java:144)
    at java_testcases.junit.WRAP_Test.test_0(WRAP_Test.java:9)
    at sun.reflect.NativeMethodAccessorImpl.invoke0(Native Method)
    at sun.reflect.NativeMethodAccessorImpl.invoke(NativeMethodAccessorImpl.java:62)
    at sun.reflect.DelegatingMethodAccessorImpl.invoke(DelegatingMethodAccessorImpl.java:43)
~ test_1(java_testcases.junit.WRAP_Test)
[expected:<...dthe,higheraimsofour[,existence.]]> but was:<...dthe,higheraimsofour[]]>]
org.junit.ComparisonFailure: expected:<...dthe,higheraimsofour[,existence.]]> but was:<...dthe,higheraimsofour[]]>    at org.junit.Assert.assertEquals(Assert.java:115)
    at org.junit.Assert.assertEquals(Assert.java:144)
    at java_testcases.junit.WRAP_Test.test_1(WRAP_Test.java:16)
    at sun.reflect.NativeMethodAccessorImpl.invoke0(Native Method)
    at sun.reflect.NativeMethodAccessorImpl.invoke(NativeMethodAccessorImpl.java:62)
    at sun.reflect.DelegatingMethodAccessorImpl.invoke(DelegatingMethodAccessorImpl.java:43)
~ test_2(java_testcases.junit.WRAP_Test)
[expected:<...nityandthehigheraims[,ofourexistence.]]> but was:<...nityandthehigheraims[]]>]
org.junit.ComparisonFailure: expected:<...nityandthehigheraims[,ofourexistence.]]> but was:<...nityandthehigheraims[]]>    at org.junit.Assert.assertEquals(Assert.java:115)
    at org.junit.Assert.assertEquals(Assert.java:144)
    at java_testcases.junit.WRAP_Test.test_2(WRAP_Test.java:23)
    at sun.reflect.NativeMethodAccessorImpl.invoke0(Native Method)
    at sun.reflect.NativeMethodAccessorImpl.invoke(NativeMethodAccessorImpl.java:62)
    at sun.reflect.DelegatingMethodAccessorImpl.invoke(DelegatingMethodAccessorImpl.java:43)
~ test_3(java_testcases.junit.WRAP_Test)
[expected:<...elveswhenweforgetour[,humandignityandthehigheraimsofourexistence.]]> but was:<...elveswhenweforgetour[]]>]
org.junit.ComparisonFailure: expected:<...elveswhenweforgetour[,humandignityandthehigheraimsofourexistence.]]> but was:<...elveswhenweforgetour[]]>    at org.junit.Assert.assertEquals(Assert.java:115)
    at org.junit.Assert.assertEquals(Assert.java:144)
    at java_testcases.junit.WRAP_Test.test_3(WRAP_Test.java:30)
    at sun.reflect.NativeMethodAccessorImpl.invoke0(Native Method)
    at sun.reflect.NativeMethodAccessorImpl.invoke(NativeMethodAccessorImpl.java:62)
    at sun.reflect.DelegatingMethodAccessorImpl.invoke(DelegatingMethodAccessorImpl.java:43)
~ test_4(java_testcases.junit.WRAP_Test)
[expected:<...ulinthisworldwhenone[,reflects:everythingexceptwhatwethinkordoourselveswhenweforgetourhumandignityandthehigheraimsofourexistence.]]> but was:<...ulinthisworldwhenone[]]>]
org.junit.ComparisonFailure: expected:<...ulinthisworldwhenone[,reflects:everythingexceptwhatwethinkordoourselveswhenweforgetourhumandignityandthehigheraimsofourexistence.]]> but was:<...ulinthisworldwhenone[]]>    at org.junit.Assert.assertEquals(Assert.java:115)
    at org.junit.Assert.assertEquals(Assert.java:144)
    at java_testcases.junit.WRAP_Test.test_4(WRAP_Test.java:37)
    at sun.reflect.NativeMethodAccessorImpl.invoke0(Native Method)
    at sun.reflect.NativeMethodAccessorImpl.invoke(NativeMethodAccessorImpl.java:62)
    at sun.reflect.DelegatingMethodAccessorImpl.invoke(DelegatingMethodAccessorImpl.java:43)
~ test_0(java_testcases.junit.WRAP_Test)
[expected:<...whenweforgetourhuman[,dignityandthehigheraimsofourexistence.]]> but was:<...whenweforgetourhuman[]]>]
org.junit.ComparisonFailure: expected:<...whenweforgetourhuman[,dignityandthehigheraimsofourexistence.]]> but was:<...whenweforgetourhuman[]]>    at org.junit.Assert.assertEquals(Assert.java:115)
    at org.junit.Assert.assertEquals(Assert.java:144)
    at java_testcases.junit.WRAP_Test.test_0(WRAP_Test.java:9)
    at sun.reflect.NativeMethodAccessorImpl.invoke0(Native Method)
    at sun.reflect.NativeMethodAccessorImpl.invoke(NativeMethodAccessorImpl.java:62)
    at sun.reflect.DelegatingMethodAccessorImpl.invoke(DelegatingMethodAccessorImpl.java:43)
~ test_1(java_testcases.junit.WRAP_Test)
[expected:<...dthe,higheraimsofour[,existence.]]> but was:<...dthe,higheraimsofour[]]>]
org.junit.ComparisonFailure: expected:<...dthe,higheraimsofour[,existence.]]> but was:<...dthe,higheraimsofour[]]>    at org.junit.Assert.assertEquals(Assert.java:115)
    at org.junit.Assert.assertEquals(Assert.java:144)
    at java_testcases.junit.WRAP_Test.test_1(WRAP_Test.java:16)
    at sun.reflect.NativeMethodAccessorImpl.invoke0(Native Method)
    at sun.reflect.NativeMethodAccessorImpl.invoke(NativeMethodAccessorImpl.java:62)
    at sun.reflect.DelegatingMethodAccessorImpl.invoke(DelegatingMethodAccessorImpl.java:43)
~ test_2(java_testcases.junit.WRAP_Test)
[expected:<...nityandthehigheraims[,ofourexistence.]]> but was:<...nityandthehigheraims[]]>]
org.junit.ComparisonFailure: expected:<...nityandthehigheraims[,ofourexistence.]]> but was:<...nityandthehigheraims[]]>    at org.junit.Assert.assertEquals(Assert.java:115)
    at org.junit.Assert.assertEquals(Assert.java:144)
    at java_testcases.junit.WRAP_Test.test_2(WRAP_Test.java:23)
    at sun.reflect.NativeMethodAccessorImpl.invoke0(Native Method)
    at sun.reflect.NativeMethodAccessorImpl.invoke(NativeMethodAccessorImpl.java:62)
    at sun.reflect.DelegatingMethodAccessorImpl.invoke(DelegatingMethodAccessorImpl.java:43)
~ test_3(java_testcases.junit.WRAP_Test)
[expected:<...elveswhenweforgetour[,humandignityandthehigheraimsofourexistence.]]> but was:<...elveswhenweforgetour[]]>]
org.junit.ComparisonFailure: expected:<...elveswhenweforgetour[,humandignityandthehigheraimsofourexistence.]]> but was:<...elveswhenweforgetour[]]>    at org.junit.Assert.assertEquals(Assert.java:115)
    at org.junit.Assert.assertEquals(Assert.java:144)
    at java_testcases.junit.WRAP_Test.test_3(WRAP_Test.java:30)
    at sun.reflect.NativeMethodAccessorImpl.invoke0(Native Method)
    at sun.reflect.NativeMethodAccessorImpl.invoke(NativeMethodAccessorImpl.java:62)
    at sun.reflect.DelegatingMethodAccessorImpl.invoke(DelegatingMethodAccessorImpl.java:43)
~ test_4(java_testcases.junit.WRAP_Test)
[expected:<...ulinthisworldwhenone[,reflects:everythingexceptwhatwethinkordoourselveswhenweforgetourhumandignityandthehigheraimsofourexistence.]]> but was:<...ulinthisworldwhenone[]]>]
org.junit.ComparisonFailure: expected:<...ulinthisworldwhenone[,reflects:everythingexceptwhatwethinkordoourselveswhenweforgetourhumandignityandthehigheraimsofourexistence.]]> but was:<...ulinthisworldwhenone[]]>    at org.junit.Assert.assertEquals(Assert.java:115)
    at org.junit.Assert.assertEquals(Assert.java:144)
    at java_testcases.junit.WRAP_Test.test_4(WRAP_Test.java:37)
    at sun.reflect.NativeMethodAccessorImpl.invoke0(Native Method)
    at sun.reflect.NativeMethodAccessorImpl.invoke(NativeMethodAccessorImpl.java:62)
    at sun.reflect.DelegatingMethodAccessorImpl.invoke(DelegatingMethodAccessorImpl.java:43)
~ test_0(java_testcases.junit.WRAP_Test)
[expected:<...whenweforgetourhuman[,dignityandthehigheraimsofourexistence.]]> but was:<...whenweforgetourhuman[]]>]
org.junit.ComparisonFailure: expected:<...whenweforgetourhuman[,dignityandthehigheraimsofourexistence.]]> but was:<...whenweforgetourhuman[]]>    at org.junit.Assert.assertEquals(Assert.java:115)
    at org.junit.Assert.assertEquals(Assert.java:144)
    at java_testcases.junit.WRAP_Test.test_0(WRAP_Test.java:9)
    at sun.reflect.NativeMethodAccessorImpl.invoke0(Native Method)
    at sun.reflect.NativeMethodAccessorImpl.invoke(NativeMethodAccessorImpl.java:62)
    at sun.reflect.DelegatingMethodAccessorImpl.invoke(DelegatingMethodAccessorImpl.java:43)
~ test_1(java_testcases.junit.WRAP_Test)
[expected:<...dthe,higheraimsofour[,existence.]]> but was:<...dthe,higheraimsofour[]]>]
org.junit.ComparisonFailure: expected:<...dthe,higheraimsofour[,existence.]]> but was:<...dthe,higheraimsofour[]]>    at org.junit.Assert.assertEquals(Assert.java:115)
    at org.junit.Assert.assertEquals(Assert.java:144)
    at java_testcases.junit.WRAP_Test.test_1(WRAP_Test.java:16)
    at sun.reflect.NativeMethodAccessorImpl.invoke0(Native Method)
    at sun.reflect.NativeMethodAccessorImpl.invoke(NativeMethodAccessorImpl.java:62)
    at sun.reflect.DelegatingMethodAccessorImpl.invoke(DelegatingMethodAccessorImpl.java:43)
~ test_2(java_testcases.junit.WRAP_Test)
[expected:<...nityandthehigheraims[,ofourexistence.]]> but was:<...nityandthehigheraims[]]>]
org.junit.ComparisonFailure: expected:<...nityandthehigheraims[,ofourexistence.]]> but was:<...nityandthehigheraims[]]>    at org.junit.Assert.assertEquals(Assert.java:115)
    at org.junit.Assert.assertEquals(Assert.java:144)
    at java_testcases.junit.WRAP_Test.test_2(WRAP_Test.java:23)
    at sun.reflect.NativeMethodAccessorImpl.invoke0(Native Method)
    at sun.reflect.NativeMethodAccessorImpl.invoke(NativeMethodAccessorImpl.java:62)
    at sun.reflect.DelegatingMethodAccessorImpl.invoke(DelegatingMethodAccessorImpl.java:43)
~ test_3(java_testcases.junit.WRAP_Test)
[expected:<...elveswhenweforgetour[,humandignityandthehigheraimsofourexistence.]]> but was:<...elveswhenweforgetour[]]>]
org.junit.ComparisonFailure: expected:<...elveswhenweforgetour[,humandignityandthehigheraimsofourexistence.]]> but was:<...elveswhenweforgetour[]]>    at org.junit.Assert.assertEquals(Assert.java:115)
    at org.junit.Assert.assertEquals(Assert.java:144)
    at java_testcases.junit.WRAP_Test.test_3(WRAP_Test.java:30)
    at sun.reflect.NativeMethodAccessorImpl.invoke0(Native Method)
    at sun.reflect.NativeMethodAccessorImpl.invoke(NativeMethodAccessorImpl.java:62)
    at sun.reflect.DelegatingMethodAccessorImpl.invoke(DelegatingMethodAccessorImpl.java:43)
~ test_4(java_testcases.junit.WRAP_Test)
[expected:<...ulinthisworldwhenone[,reflects:everythingexceptwhatwethinkordoourselveswhenweforgetourhumandignityandthehigheraimsofourexistence.]]> but was:<...ulinthisworldwhenone[]]>]
org.junit.ComparisonFailure: expected:<...ulinthisworldwhenone[,reflects:everythingexceptwhatwethinkordoourselveswhenweforgetourhumandignityandthehigheraimsofourexistence.]]> but was:<...ulinthisworldwhenone[]]>    at org.junit.Assert.assertEquals(Assert.java:115)
    at org.junit.Assert.assertEquals(Assert.java:144)
    at java_testcases.junit.WRAP_Test.test_4(WRAP_Test.java:37)
    at sun.reflect.NativeMethodAccessorImpl.invoke0(Native Method)
    at sun.reflect.NativeMethodAccessorImpl.invoke(NativeMethodAccessorImpl.java:62)
    at sun.reflect.DelegatingMethodAccessorImpl.invoke(DelegatingMethodAccessorImpl.java:43)
~ test_0(java_testcases.junit.WRAP_Test)
[expected:<...whenweforgetourhuman[,dignityandthehigheraimsofourexistence.]]> but was:<...whenweforgetourhuman[]]>]
org.junit.ComparisonFailure: expected:<...whenweforgetourhuman[,dignityandthehigheraimsofourexistence.]]> but was:<...whenweforgetourhuman[]]>    at org.junit.Assert.assertEquals(Assert.java:115)
    at org.junit.Assert.assertEquals(Assert.java:144)
    at java_testcases.junit.WRAP_Test.test_0(WRAP_Test.java:9)
    at sun.reflect.NativeMethodAccessorImpl.invoke0(Native Method)
    at sun.reflect.NativeMethodAccessorImpl.invoke(NativeMethodAccessorImpl.java:62)
    at sun.reflect.DelegatingMethodAccessorImpl.invoke(DelegatingMethodAccessorImpl.java:43)
~ test_1(java_testcases.junit.WRAP_Test)
[expected:<...dthe,higheraimsofour[,existence.]]> but was:<...dthe,higheraimsofour[]]>]
org.junit.ComparisonFailure: expected:<...dthe,higheraimsofour[,existence.]]> but was:<...dthe,higheraimsofour[]]>    at org.junit.Assert.assertEquals(Assert.java:115)
    at org.junit.Assert.assertEquals(Assert.java:144)
    at java_testcases.junit.WRAP_Test.test_1(WRAP_Test.java:16)
    at sun.reflect.NativeMethodAccessorImpl.invoke0(Native Method)
    at sun.reflect.NativeMethodAccessorImpl.invoke(NativeMethodAccessorImpl.java:62)
    at sun.reflect.DelegatingMethodAccessorImpl.invoke(DelegatingMethodAccessorImpl.java:43)
~ test_2(java_testcases.junit.WRAP_Test)
[expected:<...nityandthehigheraims[,ofourexistence.]]> but was:<...nityandthehigheraims[]]>]
org.junit.ComparisonFailure: expected:<...nityandthehigheraims[,ofourexistence.]]> but was:<...nityandthehigheraims[]]>    at org.junit.Assert.assertEquals(Assert.java:115)
    at org.junit.Assert.assertEquals(Assert.java:144)
    at java_testcases.junit.WRAP_Test.test_2(WRAP_Test.java:23)
    at sun.reflect.NativeMethodAccessorImpl.invoke0(Native Method)
    at sun.reflect.NativeMethodAccessorImpl.invoke(NativeMethodAccessorImpl.java:62)
    at sun.reflect.DelegatingMethodAccessorImpl.invoke(DelegatingMethodAccessorImpl.java:43)
~ test_3(java_testcases.junit.WRAP_Test)
[expected:<...elveswhenweforgetour[,humandignityandthehigheraimsofourexistence.]]> but was:<...elveswhenweforgetour[]]>]
org.junit.ComparisonFailure: expected:<...elveswhenweforgetour[,humandignityandthehigheraimsofourexistence.]]> but was:<...elveswhenweforgetour[]]>    at org.junit.Assert.assertEquals(Assert.java:115)
    at org.junit.Assert.assertEquals(Assert.java:144)
    at java_testcases.junit.WRAP_Test.test_3(WRAP_Test.java:30)
    at sun.reflect.NativeMethodAccessorImpl.invoke0(Native Method)
    at sun.reflect.NativeMethodAccessorImpl.invoke(NativeMethodAccessorImpl.java:62)
    at sun.reflect.DelegatingMethodAccessorImpl.invoke(DelegatingMethodAccessorImpl.java:43)
~ test_4(java_testcases.junit.WRAP_Test)
[expected:<...ulinthisworldwhenone[,reflects:everythingexceptwhatwethinkordoourselveswhenweforgetourhumandignityandthehigheraimsofourexistence.]]> but was:<...ulinthisworldwhenone[]]>]
org.junit.ComparisonFailure: expected:<...ulinthisworldwhenone[,reflects:everythingexceptwhatwethinkordoourselveswhenweforgetourhumandignityandthehigheraimsofourexistence.]]> but was:<...ulinthisworldwhenone[]]>    at org.junit.Assert.assertEquals(Assert.java:115)
    at org.junit.Assert.assertEquals(Assert.java:144)
    at java_testcases.junit.WRAP_Test.test_4(WRAP_Test.java:37)
    at sun.reflect.NativeMethodAccessorImpl.invoke0(Native Method)
    at sun.reflect.NativeMethodAccessorImpl.invoke(NativeMethodAccessorImpl.java:62)
    at sun.reflect.DelegatingMethodAccessorImpl.invoke(DelegatingMethodAccessorImpl.java:43)

12:25:17.192 [pool-2-thread-1] DEBUG fr.inria.lille.repair.nopol.NoPol - statement #9
12:25:17.193 [pool-2-thread-1] DEBUG fr.inria.lille.repair.nopol.NoPol - Analysing SourceLocation java_programs.WRAP:19 which is executed by 5 tests
2672715
12:26:34.799 [pool-2-thread-1] DEBUG fr.inria.lille.repair.nopol.NoPol - statement #10
12:26:34.800 [pool-2-thread-1] DEBUG fr.inria.lille.repair.nopol.NoPol - Analysing SourceLocation java_testcases.junit.QuixFixOracleHelper:57 which is executed by 5 tests
12:26:34.800 [pool-2-thread-1] DEBUG fr.inria.lille.repair.nopol.NoPol - cannot spoon SourceLocation java_testcases.junit.QuixFixOracleHelper:57
12:26:34.800 [pool-2-thread-1] DEBUG fr.inria.lille.repair.nopol.NoPol - statement #11
12:26:34.800 [pool-2-thread-1] DEBUG fr.inria.lille.repair.nopol.NoPol - Analysing SourceLocation java_testcases.junit.QuixFixOracleHelper:52 which is executed by 5 tests
12:26:34.800 [pool-2-thread-1] DEBUG fr.inria.lille.repair.nopol.NoPol - cannot spoon SourceLocation java_testcases.junit.QuixFixOracleHelper:52
12:26:34.800 [pool-2-thread-1] DEBUG fr.inria.lille.repair.nopol.NoPol - statement #12
12:26:34.800 [pool-2-thread-1] DEBUG fr.inria.lille.repair.nopol.NoPol - Analysing SourceLocation java_testcases.junit.QuixFixOracleHelper:50 which is executed by 5 tests
12:26:34.801 [pool-2-thread-1] DEBUG fr.inria.lille.repair.nopol.NoPol - cannot spoon SourceLocation java_testcases.junit.QuixFixOracleHelper:50
12:26:34.801 [pool-2-thread-1] DEBUG fr.inria.lille.repair.nopol.NoPol - statement #13
12:26:34.801 [pool-2-thread-1] DEBUG fr.inria.lille.repair.nopol.NoPol - Analysing SourceLocation java_testcases.junit.QuixFixOracleHelper:44 which is executed by 5 tests
12:26:34.801 [pool-2-thread-1] DEBUG fr.inria.lille.repair.nopol.NoPol - cannot spoon SourceLocation java_testcases.junit.QuixFixOracleHelper:44
12:26:34.801 [pool-2-thread-1] DEBUG fr.inria.lille.repair.nopol.NoPol - statement #14
12:26:34.801 [pool-2-thread-1] DEBUG fr.inria.lille.repair.nopol.NoPol - Analysing SourceLocation java_testcases.junit.QuixFixOracleHelper:39 which is executed by 5 tests
12:26:34.801 [pool-2-thread-1] DEBUG fr.inria.lille.repair.nopol.NoPol - cannot spoon SourceLocation java_testcases.junit.QuixFixOracleHelper:39
12:26:34.801 [pool-2-thread-1] DEBUG fr.inria.lille.repair.nopol.NoPol - statement #15
12:26:34.802 [pool-2-thread-1] DEBUG fr.inria.lille.repair.nopol.NoPol - Analysing SourceLocation java_testcases.junit.QuixFixOracleHelper:38 which is executed by 5 tests
12:26:34.802 [pool-2-thread-1] DEBUG fr.inria.lille.repair.nopol.NoPol - cannot spoon SourceLocation java_testcases.junit.QuixFixOracleHelper:38
12:26:34.802 [pool-2-thread-1] DEBUG fr.inria.lille.repair.nopol.NoPol - statement #16
12:26:34.802 [pool-2-thread-1] DEBUG fr.inria.lille.repair.nopol.NoPol - Analysing SourceLocation java_testcases.junit.QuixFixOracleHelper:37 which is executed by 5 tests
12:26:34.802 [pool-2-thread-1] DEBUG fr.inria.lille.repair.nopol.NoPol - cannot spoon SourceLocation java_testcases.junit.QuixFixOracleHelper:37
12:26:34.802 [pool-2-thread-1] DEBUG fr.inria.lille.repair.nopol.NoPol - statement #17
12:26:34.802 [pool-2-thread-1] DEBUG fr.inria.lille.repair.nopol.NoPol - Analysing SourceLocation java_testcases.junit.QuixFixOracleHelper:35 which is executed by 5 tests
12:26:34.802 [pool-2-thread-1] DEBUG fr.inria.lille.repair.nopol.NoPol - cannot spoon SourceLocation java_testcases.junit.QuixFixOracleHelper:35
12:26:34.803 [pool-2-thread-1] DEBUG fr.inria.lille.repair.nopol.NoPol - statement #18
12:26:40.971 [pool-2-thread-1] DEBUG fr.inria.lille.repair.nopol.NoPol - Analysing SourceLocation java_testcases.junit.QuixFixOracleHelper:32 which is executed by 5 tests
12:26:40.971 [pool-2-thread-1] DEBUG fr.inria.lille.repair.nopol.NoPol - cannot spoon SourceLocation java_testcases.junit.QuixFixOracleHelper:32
12:26:40.972 [pool-2-thread-1] DEBUG fr.inria.lille.repair.nopol.NoPol - statement #19
12:26:40.972 [pool-2-thread-1] DEBUG fr.inria.lille.repair.nopol.NoPol - Analysing SourceLocation java_testcases.junit.QuixFixOracleHelper:31 which is executed by 5 tests
12:26:40.972 [pool-2-thread-1] DEBUG fr.inria.lille.repair.nopol.NoPol - cannot spoon SourceLocation java_testcases.junit.QuixFixOracleHelper:31
12:26:40.972 [pool-2-thread-1] DEBUG fr.inria.lille.repair.nopol.NoPol - statement #20
12:26:40.972 [pool-2-thread-1] DEBUG fr.inria.lille.repair.nopol.NoPol - Analysing SourceLocation java_testcases.junit.QuixFixOracleHelper:30 which is executed by 5 tests
12:26:40.972 [pool-2-thread-1] DEBUG fr.inria.lille.repair.nopol.NoPol - cannot spoon SourceLocation java_testcases.junit.QuixFixOracleHelper:30
12:26:40.973 [pool-2-thread-1] DEBUG fr.inria.lille.repair.nopol.NoPol - statement #21
12:26:40.973 [pool-2-thread-1] DEBUG fr.inria.lille.repair.nopol.NoPol - Analysing SourceLocation java_testcases.junit.QuixFixOracleHelper:29 which is executed by 5 tests
12:26:40.973 [pool-2-thread-1] DEBUG fr.inria.lille.repair.nopol.NoPol - cannot spoon SourceLocation java_testcases.junit.QuixFixOracleHelper:29
12:26:40.973 [pool-2-thread-1] DEBUG fr.inria.lille.repair.nopol.NoPol - statement #22
12:26:40.973 [pool-2-thread-1] DEBUG fr.inria.lille.repair.nopol.NoPol - Analysing SourceLocation java_testcases.junit.QuixFixOracleHelper:28 which is executed by 5 tests
12:26:40.973 [pool-2-thread-1] DEBUG fr.inria.lille.repair.nopol.NoPol - cannot spoon SourceLocation java_testcases.junit.QuixFixOracleHelper:28
12:26:40.973 [pool-2-thread-1] DEBUG fr.inria.lille.repair.nopol.NoPol - statement #23
12:26:40.973 [pool-2-thread-1] DEBUG fr.inria.lille.repair.nopol.NoPol - Analysing SourceLocation java_testcases.junit.QuixFixOracleHelper:27 which is executed by 5 tests
12:26:40.974 [pool-2-thread-1] DEBUG fr.inria.lille.repair.nopol.NoPol - cannot spoon SourceLocation java_testcases.junit.QuixFixOracleHelper:27
12:26:40.974 [pool-2-thread-1] DEBUG fr.inria.lille.repair.nopol.NoPol - statement #24
12:26:40.974 [pool-2-thread-1] DEBUG fr.inria.lille.repair.nopol.NoPol - Analysing SourceLocation java_testcases.junit.QuixFixOracleHelper:26 which is executed by 5 tests
12:26:40.974 [pool-2-thread-1] DEBUG fr.inria.lille.repair.nopol.NoPol - cannot spoon SourceLocation java_testcases.junit.QuixFixOracleHelper:26
12:26:40.974 [pool-2-thread-1] DEBUG fr.inria.lille.repair.nopol.NoPol - statement #25
12:26:40.974 [pool-2-thread-1] DEBUG fr.inria.lille.repair.nopol.NoPol - Analysing SourceLocation java_testcases.junit.QuixFixOracleHelper:22 which is executed by 5 tests
12:26:40.975 [pool-2-thread-1] DEBUG fr.inria.lille.repair.nopol.NoPol - cannot spoon SourceLocation java_testcases.junit.QuixFixOracleHelper:22
12:26:40.975 [pool-2-thread-1] DEBUG fr.inria.lille.repair.nopol.NoPol - statement #26
12:26:40.975 [pool-2-thread-1] DEBUG fr.inria.lille.repair.nopol.NoPol - Analysing SourceLocation java_testcases.junit.QuixFixOracleHelper:21 which is executed by 5 tests
12:26:40.975 [pool-2-thread-1] DEBUG fr.inria.lille.repair.nopol.NoPol - cannot spoon SourceLocation java_testcases.junit.QuixFixOracleHelper:21
12:26:40.975 [pool-2-thread-1] DEBUG fr.inria.lille.repair.nopol.NoPol - statement #27
12:26:40.975 [pool-2-thread-1] DEBUG fr.inria.lille.repair.nopol.NoPol - Analysing SourceLocation java_testcases.junit.QuixFixOracleHelper:16 which is executed by 5 tests
12:26:40.975 [pool-2-thread-1] DEBUG fr.inria.lille.repair.nopol.NoPol - cannot spoon SourceLocation java_testcases.junit.QuixFixOracleHelper:16
12:26:40.976 [pool-2-thread-1] DEBUG fr.inria.lille.repair.nopol.NoPol - statement #28
12:26:40.976 [pool-2-thread-1] DEBUG fr.inria.lille.repair.nopol.NoPol - Analysing SourceLocation java_testcases.junit.QuixFixOracleHelper:15 which is executed by 5 tests
12:26:40.976 [pool-2-thread-1] DEBUG fr.inria.lille.repair.nopol.NoPol - cannot spoon SourceLocation java_testcases.junit.QuixFixOracleHelper:15
12:26:40.976 [pool-2-thread-1] DEBUG fr.inria.lille.repair.nopol.NoPol - statement #29
12:26:40.976 [pool-2-thread-1] DEBUG fr.inria.lille.repair.nopol.NoPol - Analysing SourceLocation java_testcases.junit.QuixFixOracleHelper:14 which is executed by 5 tests
12:26:40.976 [pool-2-thread-1] DEBUG fr.inria.lille.repair.nopol.NoPol - cannot spoon SourceLocation java_testcases.junit.QuixFixOracleHelper:14
12:26:40.976 [pool-2-thread-1] INFO  fr.inria.lille.repair.nopol.NoPol - ----INFORMATION----
12:27:00.668 [pool-2-thread-1] INFO  fr.inria.lille.repair.nopol.NoPol - Nb classes : 3
12:27:00.668 [pool-2-thread-1] INFO  fr.inria.lille.repair.nopol.NoPol - Nb methods : 10
12:27:00.669 [pool-2-thread-1] INFO  fr.inria.lille.repair.nopol.NoPol - Nb Statements Analyzed : 6
12:27:00.670 [pool-2-thread-1] INFO  fr.inria.lille.repair.nopol.NoPol - Nb Statements with Angelic Value Found : 0
12:27:08.373 [pool-2-thread-1] INFO  fr.inria.lille.repair.nopol.NoPol - NoPol Execution time : 1409880ms
12:27:08.373 [pool-2-thread-1] INFO  fr.inria.lille.repair.nopol.NoPol - 
NO_ANGELIC_VALUE
Command exited with non-zero status 255
32835.26user 12.94system 24:14.35elapsed 2258%CPU (0avgtext+0avgdata 4551124maxresident)k
45752inputs+14688outputs (3major+1220793minor)pagefaults 0swaps


Node: graphite-2.nancy.grid5000.fr



Date: Sun Dec  2 12:27:24 EST 2018

