cd /tmp/Nopol_Defects4J_Math_100;
export JAVA_TOOL_OPTIONS=-Dfile.encoding=UTF8;
TZ="America/New_York"; export TZ;
export PATH="/usr/lib/jvm/java-1.8.0-openjdk-amd64/bin/:$PATH";
export JAVA_HOME="/usr/lib/jvm/java-1.8.0-openjdk-amd64/bin/";
time java -Xmx4048m -cp /home/tdurieux/defects4j4repair/script/../repair_tools/nopol.jar:/usr/lib/jvm/java-1.8.0-openjdk-amd64/bin//../lib/tools.jar fr.inria.lille.repair.Main \
	--mode repair \
	--type pre_then_cond \
	--oracle angelic \
	--synthesis smt \
	--flocal gzoltar \
	--json \
	--solver z3 \
	--solver-path /home/tdurieux/defects4j4repair/script/../libs/z3/build/z3 \
	--complianceLevel 7 \
	--source src/java/ \
	--classpath "target/classes/:target/test-classes/:/tmp/Nopol_Defects4J_Math_100/target/classes/:/tmp/Nopol_Defects4J_Math_100/target/test-classes/:/home/tdurieux/defects4j4repair/script/../benchmarks/defects4j/framework/projects/Math/lib/commons-discovery-0.5.jar:/home/tdurieux/defects4j4repair/script/../repair_tools/nopol.jar";
	echo "\n\nNode: `hostname`\n";
	echo "\n\nDate: `date`\n";
Picked up JAVA_TOOL_OPTIONS: -Dfile.encoding=UTF8
21:57:35.768 [main] INFO  fr.inria.lille.repair.nopol.NoPol - Source files: [src/java]
21:57:35.780 [main] INFO  fr.inria.lille.repair.nopol.NoPol - Classpath: [file:/tmp/Nopol_Defects4J_Math_100/target/classes/, file:/tmp/Nopol_Defects4J_Math_100/target/test-classes/, file:/tmp/Nopol_Defects4J_Math_100/target/classes/, file:/tmp/Nopol_Defects4J_Math_100/target/test-classes/, file:/home/tdurieux/defects4j4repair/script/../benchmarks/defects4j/framework/projects/Math/lib/commons-discovery-0.5.jar, file:/home/tdurieux/defects4j4repair/script/../repair_tools/nopol.jar]
21:57:35.780 [main] INFO  fr.inria.lille.repair.nopol.NoPol - Statement type: PRE_THEN_COND
21:57:35.780 [main] INFO  fr.inria.lille.repair.nopol.NoPol - Args: [org.apache.commons.math.ArgumentOutsideDomainExceptionTest, org.apache.commons.math.ArgumentOutsideDomainExceptionTest, org.apache.commons.math.ConvergenceExceptionTest, org.apache.commons.math.ConvergenceExceptionTest, org.apache.commons.math.DuplicateSampleAbscissaExceptionTest, org.apache.commons.math.DuplicateSampleAbscissaExceptionTest, org.apache.commons.math.FunctionEvaluationExceptionTest, org.apache.commons.math.FunctionEvaluationExceptionTest, org.apache.commons.math.MathConfigurationExceptionTest, org.apache.commons.math.MathConfigurationExceptionTest, org.apache.commons.math.MathExceptionTest, org.apache.commons.math.MathExceptionTest, org.apache.commons.math.MaxIterationsExceededExceptionTest, org.apache.commons.math.MaxIterationsExceededExceptionTest, org.apache.commons.math.analysis.BisectionSolverTest, org.apache.commons.math.analysis.BisectionSolverTest, org.apache.commons.math.analysis.BrentSolverTest, org.apache.commons.math.analysis.BrentSolverTest, org.apache.commons.math.analysis.DividedDifferenceInterpolatorTest, org.apache.commons.math.analysis.DividedDifferenceInterpolatorTest, org.apache.commons.math.analysis.LaguerreSolverTest, org.apache.commons.math.analysis.LaguerreSolverTest, org.apache.commons.math.analysis.MullerSolverTest, org.apache.commons.math.analysis.MullerSolverTest, org.apache.commons.math.analysis.NevilleInterpolatorTest, org.apache.commons.math.analysis.NevilleInterpolatorTest, org.apache.commons.math.analysis.NewtonSolverTest, org.apache.commons.math.analysis.NewtonSolverTest, org.apache.commons.math.analysis.PolynomialFunctionLagrangeFormTest, org.apache.commons.math.analysis.PolynomialFunctionLagrangeFormTest, org.apache.commons.math.analysis.PolynomialFunctionNewtonFormTest, org.apache.commons.math.analysis.PolynomialFunctionNewtonFormTest, org.apache.commons.math.analysis.PolynomialFunctionTest, org.apache.commons.math.analysis.PolynomialFunctionTest, org.apache.commons.math.analysis.PolynomialSplineFunctionTest, org.apache.commons.math.analysis.PolynomialSplineFunctionTest, org.apache.commons.math.analysis.RiddersSolverTest, org.apache.commons.math.analysis.RiddersSolverTest, org.apache.commons.math.analysis.RombergIntegratorTest, org.apache.commons.math.analysis.RombergIntegratorTest, org.apache.commons.math.analysis.SimpsonIntegratorTest, org.apache.commons.math.analysis.SimpsonIntegratorTest, org.apache.commons.math.analysis.SplineInterpolatorTest, org.apache.commons.math.analysis.SplineInterpolatorTest, org.apache.commons.math.analysis.TrapezoidIntegratorTest, org.apache.commons.math.analysis.TrapezoidIntegratorTest, org.apache.commons.math.analysis.UnivariateRealSolverFactoryImplTest, org.apache.commons.math.analysis.UnivariateRealSolverFactoryImplTest, org.apache.commons.math.analysis.UnivariateRealSolverUtilsTest, org.apache.commons.math.analysis.UnivariateRealSolverUtilsTest, org.apache.commons.math.complex.ComplexFormatTest, org.apache.commons.math.complex.ComplexFormatTest, org.apache.commons.math.complex.ComplexTest, org.apache.commons.math.complex.ComplexTest, org.apache.commons.math.complex.ComplexUtilsTest, org.apache.commons.math.complex.ComplexUtilsTest, org.apache.commons.math.complex.FrenchComplexFormatTest, org.apache.commons.math.complex.FrenchComplexFormatTest, org.apache.commons.math.distribution.BinomialDistributionTest, org.apache.commons.math.distribution.BinomialDistributionTest, org.apache.commons.math.distribution.CauchyDistributionTest, org.apache.commons.math.distribution.CauchyDistributionTest, org.apache.commons.math.distribution.ChiSquareDistributionTest, org.apache.commons.math.distribution.ChiSquareDistributionTest, org.apache.commons.math.distribution.ExponentialDistributionTest, org.apache.commons.math.distribution.ExponentialDistributionTest, org.apache.commons.math.distribution.FDistributionTest, org.apache.commons.math.distribution.FDistributionTest, org.apache.commons.math.distribution.GammaDistributionTest, org.apache.commons.math.distribution.GammaDistributionTest, org.apache.commons.math.distribution.HypergeometricDistributionTest, org.apache.commons.math.distribution.HypergeometricDistributionTest, org.apache.commons.math.distribution.NormalDistributionTest, org.apache.commons.math.distribution.NormalDistributionTest, org.apache.commons.math.distribution.PascalDistributionTest, org.apache.commons.math.distribution.PascalDistributionTest, org.apache.commons.math.distribution.PoissonDistributionTest, org.apache.commons.math.distribution.PoissonDistributionTest, org.apache.commons.math.distribution.TDistributionTest, org.apache.commons.math.distribution.TDistributionTest, org.apache.commons.math.distribution.WeibullDistributionTest, org.apache.commons.math.distribution.WeibullDistributionTest, org.apache.commons.math.estimation.EstimatedParameterTest, org.apache.commons.math.estimation.EstimatedParameterTest, org.apache.commons.math.estimation.GaussNewtonEstimatorTest, org.apache.commons.math.estimation.GaussNewtonEstimatorTest, org.apache.commons.math.estimation.LevenbergMarquardtEstimatorTest, org.apache.commons.math.estimation.LevenbergMarquardtEstimatorTest, org.apache.commons.math.estimation.MinpackTest, org.apache.commons.math.estimation.MinpackTest, org.apache.commons.math.estimation.WeightedMeasurementTest, org.apache.commons.math.estimation.WeightedMeasurementTest, org.apache.commons.math.fraction.FractionFormatTest, org.apache.commons.math.fraction.FractionFormatTest, org.apache.commons.math.fraction.FractionTest, org.apache.commons.math.fraction.FractionTest, org.apache.commons.math.geometry.RotationOrderTest, org.apache.commons.math.geometry.RotationOrderTest, org.apache.commons.math.geometry.RotationTest, org.apache.commons.math.geometry.RotationTest, org.apache.commons.math.geometry.Vector3DTest, org.apache.commons.math.geometry.Vector3DTest, org.apache.commons.math.linear.BigMatrixImplTest, org.apache.commons.math.linear.BigMatrixImplTest, org.apache.commons.math.linear.InvalidMatrixExceptionTest, org.apache.commons.math.linear.InvalidMatrixExceptionTest, org.apache.commons.math.linear.MatrixIndexExceptionTest, org.apache.commons.math.linear.MatrixIndexExceptionTest, org.apache.commons.math.linear.MatrixUtilsTest, org.apache.commons.math.linear.MatrixUtilsTest, org.apache.commons.math.linear.QRDecompositionImplTest, org.apache.commons.math.linear.QRDecompositionImplTest, org.apache.commons.math.linear.RealMatrixImplTest, org.apache.commons.math.linear.RealMatrixImplTest, org.apache.commons.math.ode.ClassicalRungeKuttaIntegratorTest, org.apache.commons.math.ode.ClassicalRungeKuttaIntegratorTest, org.apache.commons.math.ode.ClassicalRungeKuttaStepInterpolatorTest, org.apache.commons.math.ode.ClassicalRungeKuttaStepInterpolatorTest, org.apache.commons.math.ode.ContinuousOutputModelTest, org.apache.commons.math.ode.ContinuousOutputModelTest, org.apache.commons.math.ode.DormandPrince54IntegratorTest, org.apache.commons.math.ode.DormandPrince54IntegratorTest, org.apache.commons.math.ode.DormandPrince54StepInterpolatorTest, org.apache.commons.math.ode.DormandPrince54StepInterpolatorTest, org.apache.commons.math.ode.DormandPrince853IntegratorTest, org.apache.commons.math.ode.DormandPrince853IntegratorTest, org.apache.commons.math.ode.DormandPrince853StepInterpolatorTest, org.apache.commons.math.ode.DormandPrince853StepInterpolatorTest, org.apache.commons.math.ode.DummyStepInterpolatorTest, org.apache.commons.math.ode.DummyStepInterpolatorTest, org.apache.commons.math.ode.EulerIntegratorTest, org.apache.commons.math.ode.EulerIntegratorTest, org.apache.commons.math.ode.EulerStepInterpolatorTest, org.apache.commons.math.ode.EulerStepInterpolatorTest, org.apache.commons.math.ode.FirstOrderConverterTest, org.apache.commons.math.ode.FirstOrderConverterTest, org.apache.commons.math.ode.GillIntegratorTest, org.apache.commons.math.ode.GillIntegratorTest, org.apache.commons.math.ode.GillStepInterpolatorTest, org.apache.commons.math.ode.GillStepInterpolatorTest, org.apache.commons.math.ode.GraggBulirschStoerIntegratorTest, org.apache.commons.math.ode.GraggBulirschStoerIntegratorTest, org.apache.commons.math.ode.GraggBulirschStoerStepInterpolatorTest, org.apache.commons.math.ode.GraggBulirschStoerStepInterpolatorTest, org.apache.commons.math.ode.HighamHall54IntegratorTest, org.apache.commons.math.ode.HighamHall54IntegratorTest, org.apache.commons.math.ode.HighamHall54StepInterpolatorTest, org.apache.commons.math.ode.HighamHall54StepInterpolatorTest, org.apache.commons.math.ode.MidpointIntegratorTest, org.apache.commons.math.ode.MidpointIntegratorTest, org.apache.commons.math.ode.MidpointStepInterpolatorTest, org.apache.commons.math.ode.MidpointStepInterpolatorTest, org.apache.commons.math.ode.StepNormalizerTest, org.apache.commons.math.ode.StepNormalizerTest, org.apache.commons.math.ode.ThreeEighthesIntegratorTest, org.apache.commons.math.ode.ThreeEighthesIntegratorTest, org.apache.commons.math.ode.ThreeEighthesStepInterpolatorTest, org.apache.commons.math.ode.ThreeEighthesStepInterpolatorTest, org.apache.commons.math.optimization.MultiDirectionalTest, org.apache.commons.math.optimization.MultiDirectionalTest, org.apache.commons.math.optimization.NelderMeadTest, org.apache.commons.math.optimization.NelderMeadTest, org.apache.commons.math.random.AbstractRandomGeneratorTest, org.apache.commons.math.random.AbstractRandomGeneratorTest, org.apache.commons.math.random.CorrelatedRandomVectorGeneratorTest, org.apache.commons.math.random.CorrelatedRandomVectorGeneratorTest, org.apache.commons.math.random.EmpiricalDistributionTest, org.apache.commons.math.random.EmpiricalDistributionTest, org.apache.commons.math.random.GaussianRandomGeneratorTest, org.apache.commons.math.random.GaussianRandomGeneratorTest, org.apache.commons.math.random.RandomAdaptorTest, org.apache.commons.math.random.RandomAdaptorTest, org.apache.commons.math.random.RandomDataTest, org.apache.commons.math.random.RandomDataTest, org.apache.commons.math.random.UncorrelatedRandomVectorGeneratorTest, org.apache.commons.math.random.UncorrelatedRandomVectorGeneratorTest, org.apache.commons.math.random.UniformRandomGeneratorTest, org.apache.commons.math.random.UniformRandomGeneratorTest, org.apache.commons.math.random.ValueServerTest, org.apache.commons.math.random.ValueServerTest, org.apache.commons.math.special.BetaTest, org.apache.commons.math.special.BetaTest, org.apache.commons.math.special.ErfTest, org.apache.commons.math.special.ErfTest, org.apache.commons.math.special.GammaTest, org.apache.commons.math.special.GammaTest, org.apache.commons.math.stat.CertifiedDataTest, org.apache.commons.math.stat.CertifiedDataTest, org.apache.commons.math.stat.FrequencyTest, org.apache.commons.math.stat.FrequencyTest, org.apache.commons.math.stat.StatUtilsTest, org.apache.commons.math.stat.StatUtilsTest, org.apache.commons.math.stat.data.LewTest, org.apache.commons.math.stat.data.LewTest, org.apache.commons.math.stat.data.LotteryTest, org.apache.commons.math.stat.data.LotteryTest, org.apache.commons.math.stat.descriptive.AbstractUnivariateStatisticTest, org.apache.commons.math.stat.descriptive.AbstractUnivariateStatisticTest, org.apache.commons.math.stat.descriptive.DescriptiveStatisticsImplTest, org.apache.commons.math.stat.descriptive.DescriptiveStatisticsImplTest, org.apache.commons.math.stat.descriptive.DescriptiveStatisticsTest, org.apache.commons.math.stat.descriptive.DescriptiveStatisticsTest, org.apache.commons.math.stat.descriptive.InteractionTest, org.apache.commons.math.stat.descriptive.InteractionTest, org.apache.commons.math.stat.descriptive.ListUnivariateImplTest, org.apache.commons.math.stat.descriptive.ListUnivariateImplTest, org.apache.commons.math.stat.descriptive.MixedListUnivariateImplTest, org.apache.commons.math.stat.descriptive.MixedListUnivariateImplTest, org.apache.commons.math.stat.descriptive.MultivariateSummaryStatisticsTest, org.apache.commons.math.stat.descriptive.MultivariateSummaryStatisticsTest, org.apache.commons.math.stat.descriptive.StatisticalSummaryValuesTest, org.apache.commons.math.stat.descriptive.StatisticalSummaryValuesTest, org.apache.commons.math.stat.descriptive.SummaryStatisticsImplTest, org.apache.commons.math.stat.descriptive.SummaryStatisticsImplTest, org.apache.commons.math.stat.descriptive.SummaryStatisticsTest, org.apache.commons.math.stat.descriptive.SummaryStatisticsTest, org.apache.commons.math.stat.descriptive.SynchronizedDescriptiveStatisticsTest, org.apache.commons.math.stat.descriptive.SynchronizedDescriptiveStatisticsTest, org.apache.commons.math.stat.descriptive.SynchronizedSummaryStatisticsTest, org.apache.commons.math.stat.descriptive.SynchronizedSummaryStatisticsTest, org.apache.commons.math.stat.descriptive.moment.FirstMomentTest, org.apache.commons.math.stat.descriptive.moment.FirstMomentTest, org.apache.commons.math.stat.descriptive.moment.FourthMomentTest, org.apache.commons.math.stat.descriptive.moment.FourthMomentTest, org.apache.commons.math.stat.descriptive.moment.GeometricMeanTest, org.apache.commons.math.stat.descriptive.moment.GeometricMeanTest, org.apache.commons.math.stat.descriptive.moment.KurtosisTest, org.apache.commons.math.stat.descriptive.moment.KurtosisTest, org.apache.commons.math.stat.descriptive.moment.MeanTest, org.apache.commons.math.stat.descriptive.moment.MeanTest, org.apache.commons.math.stat.descriptive.moment.SecondMomentTest, org.apache.commons.math.stat.descriptive.moment.SecondMomentTest, org.apache.commons.math.stat.descriptive.moment.SkewnessTest, org.apache.commons.math.stat.descriptive.moment.SkewnessTest, org.apache.commons.math.stat.descriptive.moment.StandardDeviationTest, org.apache.commons.math.stat.descriptive.moment.StandardDeviationTest, org.apache.commons.math.stat.descriptive.moment.ThirdMomentTest, org.apache.commons.math.stat.descriptive.moment.ThirdMomentTest, org.apache.commons.math.stat.descriptive.moment.VarianceTest, org.apache.commons.math.stat.descriptive.moment.VarianceTest, org.apache.commons.math.stat.descriptive.moment.VectorialCovarianceTest, org.apache.commons.math.stat.descriptive.moment.VectorialCovarianceTest, org.apache.commons.math.stat.descriptive.moment.VectorialMeanTest, org.apache.commons.math.stat.descriptive.moment.VectorialMeanTest, org.apache.commons.math.stat.descriptive.rank.MaxTest, org.apache.commons.math.stat.descriptive.rank.MaxTest, org.apache.commons.math.stat.descriptive.rank.MedianTest, org.apache.commons.math.stat.descriptive.rank.MedianTest, org.apache.commons.math.stat.descriptive.rank.MinTest, org.apache.commons.math.stat.descriptive.rank.MinTest, org.apache.commons.math.stat.descriptive.rank.PercentileTest, org.apache.commons.math.stat.descriptive.rank.PercentileTest, org.apache.commons.math.stat.descriptive.summary.ProductTest, org.apache.commons.math.stat.descriptive.summary.ProductTest, org.apache.commons.math.stat.descriptive.summary.SumLogTest, org.apache.commons.math.stat.descriptive.summary.SumLogTest, org.apache.commons.math.stat.descriptive.summary.SumSqTest, org.apache.commons.math.stat.descriptive.summary.SumSqTest, org.apache.commons.math.stat.descriptive.summary.SumTest, org.apache.commons.math.stat.descriptive.summary.SumTest, org.apache.commons.math.stat.inference.ChiSquareFactoryTest, org.apache.commons.math.stat.inference.ChiSquareFactoryTest, org.apache.commons.math.stat.inference.ChiSquareTestTest, org.apache.commons.math.stat.inference.ChiSquareTestTest, org.apache.commons.math.stat.inference.OneWayAnovaTest, org.apache.commons.math.stat.inference.OneWayAnovaTest, org.apache.commons.math.stat.inference.TTestFactoryTest, org.apache.commons.math.stat.inference.TTestFactoryTest, org.apache.commons.math.stat.inference.TTestTest, org.apache.commons.math.stat.inference.TTestTest, org.apache.commons.math.stat.inference.TestUtilsTest, org.apache.commons.math.stat.inference.TestUtilsTest, org.apache.commons.math.stat.regression.SimpleRegressionTest, org.apache.commons.math.stat.regression.SimpleRegressionTest, org.apache.commons.math.transform.FastCosineTransformerTest, org.apache.commons.math.transform.FastCosineTransformerTest, org.apache.commons.math.transform.FastFourierTransformerTest, org.apache.commons.math.transform.FastFourierTransformerTest, org.apache.commons.math.transform.FastSineTransformerTest, org.apache.commons.math.transform.FastSineTransformerTest, org.apache.commons.math.util.ContinuedFractionTest, org.apache.commons.math.util.ContinuedFractionTest, org.apache.commons.math.util.DefaultTransformerTest, org.apache.commons.math.util.DefaultTransformerTest, org.apache.commons.math.util.MathUtilsTest, org.apache.commons.math.util.MathUtilsTest, org.apache.commons.math.util.ResizableDoubleArrayTest, org.apache.commons.math.util.ResizableDoubleArrayTest, org.apache.commons.math.util.TransformerMapTest, org.apache.commons.math.util.TransformerMapTest]
21:57:35.783 [main] INFO  fr.inria.lille.repair.nopol.NoPol - Config: Config{synthesisDepth=3, collectStaticMethods=true, collectStaticFields=false, collectLiterals=false, onlyOneSynthesisResult=true, sortExpressions=true, maxLineInvocationPerTest=250, timeoutMethodInvocation=2000, dataCollectionTimeoutInSecondForSynthesis=900, addWeight=0.19478, subWeight=0.04554, mulWeight=0.0102, divWeight=0.00613, andWeight=0.10597, orWeight=0.05708, eqWeight=0.22798, nEqWeight=0.0, lessEqWeight=0.0255, lessWeight=0.0947, methodCallWeight=0.1, fieldAccessWeight=0.08099, constantWeight=0.14232, variableWeight=0.05195, mode=REPAIR, type=PRE_THEN_COND, synthesis=SMT, oracle=ANGELIC, solver=Z3, solverPath='/home/tdurieux/defects4j4repair/script/../libs/z3/build/z3', projectSources=[src/java], projectClasspath='[Ljava.net.URL;@66d33a', projectTests=[org.apache.commons.math.ArgumentOutsideDomainExceptionTest, org.apache.commons.math.ArgumentOutsideDomainExceptionTest, org.apache.commons.math.ConvergenceExceptionTest, org.apache.commons.math.ConvergenceExceptionTest, org.apache.commons.math.DuplicateSampleAbscissaExceptionTest, org.apache.commons.math.DuplicateSampleAbscissaExceptionTest, org.apache.commons.math.FunctionEvaluationExceptionTest, org.apache.commons.math.FunctionEvaluationExceptionTest, org.apache.commons.math.MathConfigurationExceptionTest, org.apache.commons.math.MathConfigurationExceptionTest, org.apache.commons.math.MathExceptionTest, org.apache.commons.math.MathExceptionTest, org.apache.commons.math.MaxIterationsExceededExceptionTest, org.apache.commons.math.MaxIterationsExceededExceptionTest, org.apache.commons.math.analysis.BisectionSolverTest, org.apache.commons.math.analysis.BisectionSolverTest, org.apache.commons.math.analysis.BrentSolverTest, org.apache.commons.math.analysis.BrentSolverTest, org.apache.commons.math.analysis.DividedDifferenceInterpolatorTest, org.apache.commons.math.analysis.DividedDifferenceInterpolatorTest, org.apache.commons.math.analysis.LaguerreSolverTest, org.apache.commons.math.analysis.LaguerreSolverTest, org.apache.commons.math.analysis.MullerSolverTest, org.apache.commons.math.analysis.MullerSolverTest, org.apache.commons.math.analysis.NevilleInterpolatorTest, org.apache.commons.math.analysis.NevilleInterpolatorTest, org.apache.commons.math.analysis.NewtonSolverTest, org.apache.commons.math.analysis.NewtonSolverTest, org.apache.commons.math.analysis.PolynomialFunctionLagrangeFormTest, org.apache.commons.math.analysis.PolynomialFunctionLagrangeFormTest, org.apache.commons.math.analysis.PolynomialFunctionNewtonFormTest, org.apache.commons.math.analysis.PolynomialFunctionNewtonFormTest, org.apache.commons.math.analysis.PolynomialFunctionTest, org.apache.commons.math.analysis.PolynomialFunctionTest, org.apache.commons.math.analysis.PolynomialSplineFunctionTest, org.apache.commons.math.analysis.PolynomialSplineFunctionTest, org.apache.commons.math.analysis.RiddersSolverTest, org.apache.commons.math.analysis.RiddersSolverTest, org.apache.commons.math.analysis.RombergIntegratorTest, org.apache.commons.math.analysis.RombergIntegratorTest, org.apache.commons.math.analysis.SimpsonIntegratorTest, org.apache.commons.math.analysis.SimpsonIntegratorTest, org.apache.commons.math.analysis.SplineInterpolatorTest, org.apache.commons.math.analysis.SplineInterpolatorTest, org.apache.commons.math.analysis.TrapezoidIntegratorTest, org.apache.commons.math.analysis.TrapezoidIntegratorTest, org.apache.commons.math.analysis.UnivariateRealSolverFactoryImplTest, org.apache.commons.math.analysis.UnivariateRealSolverFactoryImplTest, org.apache.commons.math.analysis.UnivariateRealSolverUtilsTest, org.apache.commons.math.analysis.UnivariateRealSolverUtilsTest, org.apache.commons.math.complex.ComplexFormatTest, org.apache.commons.math.complex.ComplexFormatTest, org.apache.commons.math.complex.ComplexTest, org.apache.commons.math.complex.ComplexTest, org.apache.commons.math.complex.ComplexUtilsTest, org.apache.commons.math.complex.ComplexUtilsTest, org.apache.commons.math.complex.FrenchComplexFormatTest, org.apache.commons.math.complex.FrenchComplexFormatTest, org.apache.commons.math.distribution.BinomialDistributionTest, org.apache.commons.math.distribution.BinomialDistributionTest, org.apache.commons.math.distribution.CauchyDistributionTest, org.apache.commons.math.distribution.CauchyDistributionTest, org.apache.commons.math.distribution.ChiSquareDistributionTest, org.apache.commons.math.distribution.ChiSquareDistributionTest, org.apache.commons.math.distribution.ExponentialDistributionTest, org.apache.commons.math.distribution.ExponentialDistributionTest, org.apache.commons.math.distribution.FDistributionTest, org.apache.commons.math.distribution.FDistributionTest, org.apache.commons.math.distribution.GammaDistributionTest, org.apache.commons.math.distribution.GammaDistributionTest, org.apache.commons.math.distribution.HypergeometricDistributionTest, org.apache.commons.math.distribution.HypergeometricDistributionTest, org.apache.commons.math.distribution.NormalDistributionTest, org.apache.commons.math.distribution.NormalDistributionTest, org.apache.commons.math.distribution.PascalDistributionTest, org.apache.commons.math.distribution.PascalDistributionTest, org.apache.commons.math.distribution.PoissonDistributionTest, org.apache.commons.math.distribution.PoissonDistributionTest, org.apache.commons.math.distribution.TDistributionTest, org.apache.commons.math.distribution.TDistributionTest, org.apache.commons.math.distribution.WeibullDistributionTest, org.apache.commons.math.distribution.WeibullDistributionTest, org.apache.commons.math.estimation.EstimatedParameterTest, org.apache.commons.math.estimation.EstimatedParameterTest, org.apache.commons.math.estimation.GaussNewtonEstimatorTest, org.apache.commons.math.estimation.GaussNewtonEstimatorTest, org.apache.commons.math.estimation.LevenbergMarquardtEstimatorTest, org.apache.commons.math.estimation.LevenbergMarquardtEstimatorTest, org.apache.commons.math.estimation.MinpackTest, org.apache.commons.math.estimation.MinpackTest, org.apache.commons.math.estimation.WeightedMeasurementTest, org.apache.commons.math.estimation.WeightedMeasurementTest, org.apache.commons.math.fraction.FractionFormatTest, org.apache.commons.math.fraction.FractionFormatTest, org.apache.commons.math.fraction.FractionTest, org.apache.commons.math.fraction.FractionTest, org.apache.commons.math.geometry.RotationOrderTest, org.apache.commons.math.geometry.RotationOrderTest, org.apache.commons.math.geometry.RotationTest, org.apache.commons.math.geometry.RotationTest, org.apache.commons.math.geometry.Vector3DTest, org.apache.commons.math.geometry.Vector3DTest, org.apache.commons.math.linear.BigMatrixImplTest, org.apache.commons.math.linear.BigMatrixImplTest, org.apache.commons.math.linear.InvalidMatrixExceptionTest, org.apache.commons.math.linear.InvalidMatrixExceptionTest, org.apache.commons.math.linear.MatrixIndexExceptionTest, org.apache.commons.math.linear.MatrixIndexExceptionTest, org.apache.commons.math.linear.MatrixUtilsTest, org.apache.commons.math.linear.MatrixUtilsTest, org.apache.commons.math.linear.QRDecompositionImplTest, org.apache.commons.math.linear.QRDecompositionImplTest, org.apache.commons.math.linear.RealMatrixImplTest, org.apache.commons.math.linear.RealMatrixImplTest, org.apache.commons.math.ode.ClassicalRungeKuttaIntegratorTest, org.apache.commons.math.ode.ClassicalRungeKuttaIntegratorTest, org.apache.commons.math.ode.ClassicalRungeKuttaStepInterpolatorTest, org.apache.commons.math.ode.ClassicalRungeKuttaStepInterpolatorTest, org.apache.commons.math.ode.ContinuousOutputModelTest, org.apache.commons.math.ode.ContinuousOutputModelTest, org.apache.commons.math.ode.DormandPrince54IntegratorTest, org.apache.commons.math.ode.DormandPrince54IntegratorTest, org.apache.commons.math.ode.DormandPrince54StepInterpolatorTest, org.apache.commons.math.ode.DormandPrince54StepInterpolatorTest, org.apache.commons.math.ode.DormandPrince853IntegratorTest, org.apache.commons.math.ode.DormandPrince853IntegratorTest, org.apache.commons.math.ode.DormandPrince853StepInterpolatorTest, org.apache.commons.math.ode.DormandPrince853StepInterpolatorTest, org.apache.commons.math.ode.DummyStepInterpolatorTest, org.apache.commons.math.ode.DummyStepInterpolatorTest, org.apache.commons.math.ode.EulerIntegratorTest, org.apache.commons.math.ode.EulerIntegratorTest, org.apache.commons.math.ode.EulerStepInterpolatorTest, org.apache.commons.math.ode.EulerStepInterpolatorTest, org.apache.commons.math.ode.FirstOrderConverterTest, org.apache.commons.math.ode.FirstOrderConverterTest, org.apache.commons.math.ode.GillIntegratorTest, org.apache.commons.math.ode.GillIntegratorTest, org.apache.commons.math.ode.GillStepInterpolatorTest, org.apache.commons.math.ode.GillStepInterpolatorTest, org.apache.commons.math.ode.GraggBulirschStoerIntegratorTest, org.apache.commons.math.ode.GraggBulirschStoerIntegratorTest, org.apache.commons.math.ode.GraggBulirschStoerStepInterpolatorTest, org.apache.commons.math.ode.GraggBulirschStoerStepInterpolatorTest, org.apache.commons.math.ode.HighamHall54IntegratorTest, org.apache.commons.math.ode.HighamHall54IntegratorTest, org.apache.commons.math.ode.HighamHall54StepInterpolatorTest, org.apache.commons.math.ode.HighamHall54StepInterpolatorTest, org.apache.commons.math.ode.MidpointIntegratorTest, org.apache.commons.math.ode.MidpointIntegratorTest, org.apache.commons.math.ode.MidpointStepInterpolatorTest, org.apache.commons.math.ode.MidpointStepInterpolatorTest, org.apache.commons.math.ode.StepNormalizerTest, org.apache.commons.math.ode.StepNormalizerTest, org.apache.commons.math.ode.ThreeEighthesIntegratorTest, org.apache.commons.math.ode.ThreeEighthesIntegratorTest, org.apache.commons.math.ode.ThreeEighthesStepInterpolatorTest, org.apache.commons.math.ode.ThreeEighthesStepInterpolatorTest, org.apache.commons.math.optimization.MultiDirectionalTest, org.apache.commons.math.optimization.MultiDirectionalTest, org.apache.commons.math.optimization.NelderMeadTest, org.apache.commons.math.optimization.NelderMeadTest, org.apache.commons.math.random.AbstractRandomGeneratorTest, org.apache.commons.math.random.AbstractRandomGeneratorTest, org.apache.commons.math.random.CorrelatedRandomVectorGeneratorTest, org.apache.commons.math.random.CorrelatedRandomVectorGeneratorTest, org.apache.commons.math.random.EmpiricalDistributionTest, org.apache.commons.math.random.EmpiricalDistributionTest, org.apache.commons.math.random.GaussianRandomGeneratorTest, org.apache.commons.math.random.GaussianRandomGeneratorTest, org.apache.commons.math.random.RandomAdaptorTest, org.apache.commons.math.random.RandomAdaptorTest, org.apache.commons.math.random.RandomDataTest, org.apache.commons.math.random.RandomDataTest, org.apache.commons.math.random.UncorrelatedRandomVectorGeneratorTest, org.apache.commons.math.random.UncorrelatedRandomVectorGeneratorTest, org.apache.commons.math.random.UniformRandomGeneratorTest, org.apache.commons.math.random.UniformRandomGeneratorTest, org.apache.commons.math.random.ValueServerTest, org.apache.commons.math.random.ValueServerTest, org.apache.commons.math.special.BetaTest, org.apache.commons.math.special.BetaTest, org.apache.commons.math.special.ErfTest, org.apache.commons.math.special.ErfTest, org.apache.commons.math.special.GammaTest, org.apache.commons.math.special.GammaTest, org.apache.commons.math.stat.CertifiedDataTest, org.apache.commons.math.stat.CertifiedDataTest, org.apache.commons.math.stat.FrequencyTest, org.apache.commons.math.stat.FrequencyTest, org.apache.commons.math.stat.StatUtilsTest, org.apache.commons.math.stat.StatUtilsTest, org.apache.commons.math.stat.data.LewTest, org.apache.commons.math.stat.data.LewTest, org.apache.commons.math.stat.data.LotteryTest, org.apache.commons.math.stat.data.LotteryTest, org.apache.commons.math.stat.descriptive.AbstractUnivariateStatisticTest, org.apache.commons.math.stat.descriptive.AbstractUnivariateStatisticTest, org.apache.commons.math.stat.descriptive.DescriptiveStatisticsImplTest, org.apache.commons.math.stat.descriptive.DescriptiveStatisticsImplTest, org.apache.commons.math.stat.descriptive.DescriptiveStatisticsTest, org.apache.commons.math.stat.descriptive.DescriptiveStatisticsTest, org.apache.commons.math.stat.descriptive.InteractionTest, org.apache.commons.math.stat.descriptive.InteractionTest, org.apache.commons.math.stat.descriptive.ListUnivariateImplTest, org.apache.commons.math.stat.descriptive.ListUnivariateImplTest, org.apache.commons.math.stat.descriptive.MixedListUnivariateImplTest, org.apache.commons.math.stat.descriptive.MixedListUnivariateImplTest, org.apache.commons.math.stat.descriptive.MultivariateSummaryStatisticsTest, org.apache.commons.math.stat.descriptive.MultivariateSummaryStatisticsTest, org.apache.commons.math.stat.descriptive.StatisticalSummaryValuesTest, org.apache.commons.math.stat.descriptive.StatisticalSummaryValuesTest, org.apache.commons.math.stat.descriptive.SummaryStatisticsImplTest, org.apache.commons.math.stat.descriptive.SummaryStatisticsImplTest, org.apache.commons.math.stat.descriptive.SummaryStatisticsTest, org.apache.commons.math.stat.descriptive.SummaryStatisticsTest, org.apache.commons.math.stat.descriptive.SynchronizedDescriptiveStatisticsTest, org.apache.commons.math.stat.descriptive.SynchronizedDescriptiveStatisticsTest, org.apache.commons.math.stat.descriptive.SynchronizedSummaryStatisticsTest, org.apache.commons.math.stat.descriptive.SynchronizedSummaryStatisticsTest, org.apache.commons.math.stat.descriptive.moment.FirstMomentTest, org.apache.commons.math.stat.descriptive.moment.FirstMomentTest, org.apache.commons.math.stat.descriptive.moment.FourthMomentTest, org.apache.commons.math.stat.descriptive.moment.FourthMomentTest, org.apache.commons.math.stat.descriptive.moment.GeometricMeanTest, org.apache.commons.math.stat.descriptive.moment.GeometricMeanTest, org.apache.commons.math.stat.descriptive.moment.KurtosisTest, org.apache.commons.math.stat.descriptive.moment.KurtosisTest, org.apache.commons.math.stat.descriptive.moment.MeanTest, org.apache.commons.math.stat.descriptive.moment.MeanTest, org.apache.commons.math.stat.descriptive.moment.SecondMomentTest, org.apache.commons.math.stat.descriptive.moment.SecondMomentTest, org.apache.commons.math.stat.descriptive.moment.SkewnessTest, org.apache.commons.math.stat.descriptive.moment.SkewnessTest, org.apache.commons.math.stat.descriptive.moment.StandardDeviationTest, org.apache.commons.math.stat.descriptive.moment.StandardDeviationTest, org.apache.commons.math.stat.descriptive.moment.ThirdMomentTest, org.apache.commons.math.stat.descriptive.moment.ThirdMomentTest, org.apache.commons.math.stat.descriptive.moment.VarianceTest, org.apache.commons.math.stat.descriptive.moment.VarianceTest, org.apache.commons.math.stat.descriptive.moment.VectorialCovarianceTest, org.apache.commons.math.stat.descriptive.moment.VectorialCovarianceTest, org.apache.commons.math.stat.descriptive.moment.VectorialMeanTest, org.apache.commons.math.stat.descriptive.moment.VectorialMeanTest, org.apache.commons.math.stat.descriptive.rank.MaxTest, org.apache.commons.math.stat.descriptive.rank.MaxTest, org.apache.commons.math.stat.descriptive.rank.MedianTest, org.apache.commons.math.stat.descriptive.rank.MedianTest, org.apache.commons.math.stat.descriptive.rank.MinTest, org.apache.commons.math.stat.descriptive.rank.MinTest, org.apache.commons.math.stat.descriptive.rank.PercentileTest, org.apache.commons.math.stat.descriptive.rank.PercentileTest, org.apache.commons.math.stat.descriptive.summary.ProductTest, org.apache.commons.math.stat.descriptive.summary.ProductTest, org.apache.commons.math.stat.descriptive.summary.SumLogTest, org.apache.commons.math.stat.descriptive.summary.SumLogTest, org.apache.commons.math.stat.descriptive.summary.SumSqTest, org.apache.commons.math.stat.descriptive.summary.SumSqTest, org.apache.commons.math.stat.descriptive.summary.SumTest, org.apache.commons.math.stat.descriptive.summary.SumTest, org.apache.commons.math.stat.inference.ChiSquareFactoryTest, org.apache.commons.math.stat.inference.ChiSquareFactoryTest, org.apache.commons.math.stat.inference.ChiSquareTestTest, org.apache.commons.math.stat.inference.ChiSquareTestTest, org.apache.commons.math.stat.inference.OneWayAnovaTest, org.apache.commons.math.stat.inference.OneWayAnovaTest, org.apache.commons.math.stat.inference.TTestFactoryTest, org.apache.commons.math.stat.inference.TTestFactoryTest, org.apache.commons.math.stat.inference.TTestTest, org.apache.commons.math.stat.inference.TTestTest, org.apache.commons.math.stat.inference.TestUtilsTest, org.apache.commons.math.stat.inference.TestUtilsTest, org.apache.commons.math.stat.regression.SimpleRegressionTest, org.apache.commons.math.stat.regression.SimpleRegressionTest, org.apache.commons.math.transform.FastCosineTransformerTest, org.apache.commons.math.transform.FastCosineTransformerTest, org.apache.commons.math.transform.FastFourierTransformerTest, org.apache.commons.math.transform.FastFourierTransformerTest, org.apache.commons.math.transform.FastSineTransformerTest, org.apache.commons.math.transform.FastSineTransformerTest, org.apache.commons.math.util.ContinuedFractionTest, org.apache.commons.math.util.ContinuedFractionTest, org.apache.commons.math.util.DefaultTransformerTest, org.apache.commons.math.util.DefaultTransformerTest, org.apache.commons.math.util.MathUtilsTest, org.apache.commons.math.util.MathUtilsTest, org.apache.commons.math.util.ResizableDoubleArrayTest, org.apache.commons.math.util.ResizableDoubleArrayTest, org.apache.commons.math.util.TransformerMapTest, org.apache.commons.math.util.TransformerMapTest], complianceLevel=7, outputFolder=., json=true}
21:57:35.783 [main] INFO  fr.inria.lille.repair.nopol.NoPol - Available processors (cores): 24
21:57:35.790 [main] INFO  fr.inria.lille.repair.nopol.NoPol - Free memory: 440 MB
21:57:35.790 [main] INFO  fr.inria.lille.repair.nopol.NoPol - Maximum memory: 3 GB
21:57:35.790 [main] INFO  fr.inria.lille.repair.nopol.NoPol - Total memory available to JVM: 483 MB
21:57:35.790 [main] INFO  fr.inria.lille.repair.nopol.NoPol - Java version: 1.8.0_181
21:57:35.791 [main] INFO  fr.inria.lille.repair.nopol.NoPol - JAVA_HOME: /usr/lib/jvm/java-1.8.0-openjdk-amd64/bin/
21:57:35.791 [main] INFO  fr.inria.lille.repair.nopol.NoPol - PATH: /usr/lib/jvm/java-1.8.0-openjdk-amd64/bin/:/usr/lib/oar/oardodo:/usr/lib/oar/oardodo:/usr/local/bin:/usr/bin:/bin:/usr/games
21:57:49.541 [pool-2-thread-1] DEBUG fr.inria.lille.repair.nopol.NoPol - statement #1
21:57:49.541 [pool-2-thread-1] DEBUG fr.inria.lille.repair.nopol.NoPol - Analysing SourceLocation org.apache.commons.math.fraction.FractionFormat:157 which is executed by 16 tests
1013737658
21:57:49.835 [pool-2-thread-1] DEBUG fr.inria.lille.repair.nopol.NoPol - statement #2
21:57:49.835 [pool-2-thread-1] DEBUG fr.inria.lille.repair.nopol.NoPol - Analysing SourceLocation org.apache.commons.math.fraction.FractionFormat:156 which is executed by 16 tests
1013737658
21:57:49.947 [pool-2-thread-1] DEBUG fr.inria.lille.repair.nopol.NoPol - looking with class fr.inria.lille.repair.nopol.spoon.smt.ConditionalAdder
21:57:50.041 [pool-4-thread-1] INFO  xxl.java.junit.TestCasesListener - Tests run finished (48 ms)
<> Total tests run: 160
<> Ignored tests: 0
<> Failed tests: 0

21:57:50.041 [pool-2-thread-1] ERROR fr.inria.lille.repair.nopol.NoPol - Error ExecutionException java.util.concurrent.ExecutionException: java.lang.RuntimeException: failingTestCasesValidated: nothing to repair, no failing test cases
21:57:50.042 [pool-2-thread-1] DEBUG fr.inria.lille.repair.nopol.NoPol - statement #3
21:57:50.042 [pool-2-thread-1] DEBUG fr.inria.lille.repair.nopol.NoPol - Analysing SourceLocation org.apache.commons.math.fraction.FractionFormat:155 which is executed by 16 tests
1013737658
21:57:50.128 [pool-2-thread-1] DEBUG fr.inria.lille.repair.nopol.NoPol - looking with class fr.inria.lille.repair.nopol.spoon.smt.ConditionalAdder
21:57:50.174 [pool-6-thread-1] INFO  xxl.java.junit.TestCasesListener - Tests run finished (35 ms)
<> Total tests run: 160
<> Ignored tests: 0
<> Failed tests: 0

21:57:50.175 [pool-2-thread-1] ERROR fr.inria.lille.repair.nopol.NoPol - Error ExecutionException java.util.concurrent.ExecutionException: java.lang.RuntimeException: failingTestCasesValidated: nothing to repair, no failing test cases
21:57:50.175 [pool-2-thread-1] DEBUG fr.inria.lille.repair.nopol.NoPol - statement #4
21:57:50.176 [pool-2-thread-1] DEBUG fr.inria.lille.repair.nopol.NoPol - Analysing SourceLocation org.apache.commons.math.fraction.FractionFormat:154 which is executed by 16 tests
1013737658
21:57:50.284 [pool-2-thread-1] DEBUG fr.inria.lille.repair.nopol.NoPol - statement #5
21:57:50.285 [pool-2-thread-1] DEBUG fr.inria.lille.repair.nopol.NoPol - Analysing SourceLocation org.apache.commons.math.fraction.FractionFormat:133 which is executed by 16 tests
1013737658
21:57:50.375 [pool-2-thread-1] DEBUG fr.inria.lille.repair.nopol.NoPol - statement #6
21:57:50.375 [pool-2-thread-1] DEBUG fr.inria.lille.repair.nopol.NoPol - Analysing SourceLocation org.apache.commons.math.fraction.FractionFormat:132 which is executed by 16 tests
1013737658
21:57:50.484 [pool-2-thread-1] DEBUG fr.inria.lille.repair.nopol.NoPol - statement #7
21:57:50.484 [pool-2-thread-1] DEBUG fr.inria.lille.repair.nopol.NoPol - Analysing SourceLocation org.apache.commons.math.fraction.FractionFormat:115 which is executed by 16 tests
1013737658
21:57:50.568 [pool-2-thread-1] DEBUG fr.inria.lille.repair.nopol.NoPol - statement #8
21:57:50.568 [pool-2-thread-1] DEBUG fr.inria.lille.repair.nopol.NoPol - Analysing SourceLocation org.apache.commons.math.fraction.FractionFormat:114 which is executed by 16 tests
1013737658
21:57:50.652 [pool-2-thread-1] DEBUG fr.inria.lille.repair.nopol.NoPol - statement #9
21:57:50.652 [pool-2-thread-1] DEBUG fr.inria.lille.repair.nopol.NoPol - Analysing SourceLocation org.apache.commons.math.fraction.ProperFractionFormat:229 which is executed by 16 tests
-1129122774
21:57:50.734 [pool-2-thread-1] DEBUG fr.inria.lille.repair.nopol.NoPol - statement #10
21:57:50.734 [pool-2-thread-1] DEBUG fr.inria.lille.repair.nopol.NoPol - Analysing SourceLocation org.apache.commons.math.fraction.ProperFractionFormat:228 which is executed by 16 tests
-1129122774
21:57:50.837 [pool-2-thread-1] DEBUG fr.inria.lille.repair.nopol.NoPol - looking with class fr.inria.lille.repair.nopol.spoon.smt.ConditionalAdder
21:57:50.885 [pool-8-thread-1] INFO  xxl.java.junit.TestCasesListener - Tests run finished (34 ms)
<> Total tests run: 160
<> Ignored tests: 0
<> Failed tests: 0

21:57:50.885 [pool-2-thread-1] ERROR fr.inria.lille.repair.nopol.NoPol - Error ExecutionException java.util.concurrent.ExecutionException: java.lang.RuntimeException: failingTestCasesValidated: nothing to repair, no failing test cases
21:57:50.886 [pool-2-thread-1] DEBUG fr.inria.lille.repair.nopol.NoPol - statement #11
21:57:50.886 [pool-2-thread-1] DEBUG fr.inria.lille.repair.nopol.NoPol - Analysing SourceLocation org.apache.commons.math.fraction.ProperFractionFormat:224 which is executed by 16 tests
-1129122774
21:57:50.971 [pool-2-thread-1] DEBUG fr.inria.lille.repair.nopol.NoPol - looking with class fr.inria.lille.repair.nopol.spoon.smt.ConditionalAdder
21:57:50.997 [pool-10-thread-1] INFO  xxl.java.junit.TestCasesListener - Tests run finished (18 ms)
<> Total tests run: 160
<> Ignored tests: 0
<> Failed tests: 0

21:57:50.998 [pool-2-thread-1] ERROR fr.inria.lille.repair.nopol.NoPol - Error ExecutionException java.util.concurrent.ExecutionException: java.lang.RuntimeException: failingTestCasesValidated: nothing to repair, no failing test cases
21:57:50.998 [pool-2-thread-1] DEBUG fr.inria.lille.repair.nopol.NoPol - looking with class fr.inria.lille.repair.nopol.spoon.smt.ConditionalReplacer
21:57:51.023 [pool-12-thread-1] INFO  xxl.java.junit.TestCasesListener - Tests run finished (18 ms)
<> Total tests run: 160
<> Ignored tests: 0
<> Failed tests: 0

21:57:51.024 [pool-2-thread-1] ERROR fr.inria.lille.repair.nopol.NoPol - Error ExecutionException java.util.concurrent.ExecutionException: java.lang.RuntimeException: failingTestCasesValidated: nothing to repair, no failing test cases
21:57:51.024 [pool-2-thread-1] DEBUG fr.inria.lille.repair.nopol.NoPol - statement #12
21:57:51.024 [pool-2-thread-1] DEBUG fr.inria.lille.repair.nopol.NoPol - Analysing SourceLocation org.apache.commons.math.fraction.FractionFormat:383 which is executed by 7 tests
1013737658
21:57:51.127 [pool-2-thread-1] DEBUG fr.inria.lille.repair.nopol.NoPol - looking with class fr.inria.lille.repair.nopol.spoon.smt.ConditionalAdder
21:57:51.145 [pool-14-thread-1] INFO  xxl.java.junit.TestCasesListener - Tests run finished (13 ms)
<> Total tests run: 80
<> Ignored tests: 0
<> Failed tests: 0

21:57:51.145 [pool-2-thread-1] ERROR fr.inria.lille.repair.nopol.NoPol - Error ExecutionException java.util.concurrent.ExecutionException: java.lang.RuntimeException: failingTestCasesValidated: nothing to repair, no failing test cases
21:57:51.146 [pool-2-thread-1] DEBUG fr.inria.lille.repair.nopol.NoPol - statement #13
21:57:51.146 [pool-2-thread-1] DEBUG fr.inria.lille.repair.nopol.NoPol - Analysing SourceLocation org.apache.commons.math.fraction.FractionFormat:279 which is executed by 7 tests
1013737658
21:57:51.230 [pool-2-thread-1] DEBUG fr.inria.lille.repair.nopol.NoPol - looking with class fr.inria.lille.repair.nopol.spoon.smt.ConditionalAdder
21:57:51.245 [pool-16-thread-1] INFO  xxl.java.junit.TestCasesListener - Tests run finished (10 ms)
<> Total tests run: 80
<> Ignored tests: 0
<> Failed tests: 0

21:57:51.245 [pool-2-thread-1] ERROR fr.inria.lille.repair.nopol.NoPol - Error ExecutionException java.util.concurrent.ExecutionException: java.lang.RuntimeException: failingTestCasesValidated: nothing to repair, no failing test cases
21:57:51.245 [pool-2-thread-1] DEBUG fr.inria.lille.repair.nopol.NoPol - statement #14
21:57:51.245 [pool-2-thread-1] DEBUG fr.inria.lille.repair.nopol.NoPol - Analysing SourceLocation org.apache.commons.math.fraction.FractionFormat:278 which is executed by 7 tests
1013737658
21:57:51.345 [pool-2-thread-1] DEBUG fr.inria.lille.repair.nopol.NoPol - statement #15
21:57:51.346 [pool-2-thread-1] DEBUG fr.inria.lille.repair.nopol.NoPol - Analysing SourceLocation org.apache.commons.math.fraction.FractionFormat:277 which is executed by 7 tests
1013737658
21:57:51.427 [pool-2-thread-1] DEBUG fr.inria.lille.repair.nopol.NoPol - statement #16
21:57:51.427 [pool-2-thread-1] DEBUG fr.inria.lille.repair.nopol.NoPol - Analysing SourceLocation org.apache.commons.math.fraction.FractionFormat:387 which is executed by 8 tests
1013737658
21:57:51.509 [pool-2-thread-1] DEBUG fr.inria.lille.repair.nopol.NoPol - statement #17
21:57:51.510 [pool-2-thread-1] DEBUG fr.inria.lille.repair.nopol.NoPol - Analysing SourceLocation org.apache.commons.math.fraction.FractionFormat:382 which is executed by 8 tests
1013737658
21:57:51.593 [pool-2-thread-1] DEBUG fr.inria.lille.repair.nopol.NoPol - looking with class fr.inria.lille.repair.nopol.spoon.smt.ConditionalAdder
21:57:51.608 [pool-18-thread-1] INFO  xxl.java.junit.TestCasesListener - Tests run finished (9 ms)
<> Total tests run: 80
<> Ignored tests: 0
<> Failed tests: 0

21:57:51.608 [pool-2-thread-1] ERROR fr.inria.lille.repair.nopol.NoPol - Error ExecutionException java.util.concurrent.ExecutionException: java.lang.RuntimeException: failingTestCasesValidated: nothing to repair, no failing test cases
21:57:51.608 [pool-2-thread-1] DEBUG fr.inria.lille.repair.nopol.NoPol - looking with class fr.inria.lille.repair.nopol.spoon.smt.ConditionalReplacer
21:57:51.622 [pool-20-thread-1] INFO  xxl.java.junit.TestCasesListener - Tests run finished (10 ms)
<> Total tests run: 80
<> Ignored tests: 0
<> Failed tests: 0

21:57:51.622 [pool-2-thread-1] ERROR fr.inria.lille.repair.nopol.NoPol - Error ExecutionException java.util.concurrent.ExecutionException: java.lang.RuntimeException: failingTestCasesValidated: nothing to repair, no failing test cases
21:57:51.622 [pool-2-thread-1] DEBUG fr.inria.lille.repair.nopol.NoPol - statement #18
21:57:51.622 [pool-2-thread-1] DEBUG fr.inria.lille.repair.nopol.NoPol - Analysing SourceLocation org.apache.commons.math.fraction.FractionFormat:380 which is executed by 8 tests
1013737658
21:57:51.705 [pool-2-thread-1] DEBUG fr.inria.lille.repair.nopol.NoPol - looking with class fr.inria.lille.repair.nopol.spoon.smt.ConditionalAdder
21:57:51.719 [pool-22-thread-1] INFO  xxl.java.junit.TestCasesListener - Tests run finished (9 ms)
<> Total tests run: 80
<> Ignored tests: 0
<> Failed tests: 0

21:57:51.720 [pool-2-thread-1] ERROR fr.inria.lille.repair.nopol.NoPol - Error ExecutionException java.util.concurrent.ExecutionException: java.lang.RuntimeException: failingTestCasesValidated: nothing to repair, no failing test cases
21:57:51.720 [pool-2-thread-1] DEBUG fr.inria.lille.repair.nopol.NoPol - statement #19
21:57:51.720 [pool-2-thread-1] DEBUG fr.inria.lille.repair.nopol.NoPol - Analysing SourceLocation org.apache.commons.math.fraction.FractionFormat:379 which is executed by 8 tests
1013737658
21:57:51.810 [pool-2-thread-1] DEBUG fr.inria.lille.repair.nopol.NoPol - statement #20
21:57:51.810 [pool-2-thread-1] DEBUG fr.inria.lille.repair.nopol.NoPol - Analysing SourceLocation org.apache.commons.math.fraction.FractionFormat:378 which is executed by 8 tests
1013737658
21:57:51.914 [pool-2-thread-1] DEBUG fr.inria.lille.repair.nopol.NoPol - looking with class fr.inria.lille.repair.nopol.spoon.smt.ConditionalAdder
21:57:51.929 [pool-24-thread-1] INFO  xxl.java.junit.TestCasesListener - Tests run finished (11 ms)
<> Total tests run: 80
<> Ignored tests: 0
<> Failed tests: 0

21:57:51.930 [pool-2-thread-1] ERROR fr.inria.lille.repair.nopol.NoPol - Error ExecutionException java.util.concurrent.ExecutionException: java.lang.RuntimeException: failingTestCasesValidated: nothing to repair, no failing test cases
21:57:51.930 [pool-2-thread-1] DEBUG fr.inria.lille.repair.nopol.NoPol - statement #21
21:57:51.930 [pool-2-thread-1] DEBUG fr.inria.lille.repair.nopol.NoPol - Analysing SourceLocation org.apache.commons.math.fraction.FractionFormat:375 which is executed by 8 tests
1013737658
21:57:52.011 [pool-2-thread-1] DEBUG fr.inria.lille.repair.nopol.NoPol - looking with class fr.inria.lille.repair.nopol.spoon.smt.ConditionalAdder
21:57:52.025 [pool-26-thread-1] INFO  xxl.java.junit.TestCasesListener - Tests run finished (9 ms)
<> Total tests run: 80
<> Ignored tests: 0
<> Failed tests: 0

21:57:52.026 [pool-2-thread-1] ERROR fr.inria.lille.repair.nopol.NoPol - Error ExecutionException java.util.concurrent.ExecutionException: java.lang.RuntimeException: failingTestCasesValidated: nothing to repair, no failing test cases
21:57:52.026 [pool-2-thread-1] DEBUG fr.inria.lille.repair.nopol.NoPol - looking with class fr.inria.lille.repair.nopol.spoon.smt.ConditionalReplacer
21:57:52.039 [pool-28-thread-1] INFO  xxl.java.junit.TestCasesListener - Tests run finished (9 ms)
<> Total tests run: 80
<> Ignored tests: 0
<> Failed tests: 0

21:57:52.040 [pool-2-thread-1] ERROR fr.inria.lille.repair.nopol.NoPol - Error ExecutionException java.util.concurrent.ExecutionException: java.lang.RuntimeException: failingTestCasesValidated: nothing to repair, no failing test cases
21:57:52.040 [pool-2-thread-1] DEBUG fr.inria.lille.repair.nopol.NoPol - statement #22
21:57:52.040 [pool-2-thread-1] DEBUG fr.inria.lille.repair.nopol.NoPol - Analysing SourceLocation org.apache.commons.math.fraction.FractionFormat:373 which is executed by 8 tests
1013737658
21:57:52.121 [pool-2-thread-1] DEBUG fr.inria.lille.repair.nopol.NoPol - statement #23
21:57:52.121 [pool-2-thread-1] DEBUG fr.inria.lille.repair.nopol.NoPol - Analysing SourceLocation org.apache.commons.math.fraction.FractionFormat:372 which is executed by 8 tests
1013737658
21:57:52.201 [pool-2-thread-1] DEBUG fr.inria.lille.repair.nopol.NoPol - statement #24
21:57:52.201 [pool-2-thread-1] DEBUG fr.inria.lille.repair.nopol.NoPol - Analysing SourceLocation org.apache.commons.math.fraction.FractionFormat:371 which is executed by 8 tests
1013737658
21:57:52.280 [pool-2-thread-1] DEBUG fr.inria.lille.repair.nopol.NoPol - statement #25
21:57:52.280 [pool-2-thread-1] DEBUG fr.inria.lille.repair.nopol.NoPol - Analysing SourceLocation org.apache.commons.math.fraction.FractionFormat:362 which is executed by 8 tests
1013737658
21:57:52.360 [pool-2-thread-1] DEBUG fr.inria.lille.repair.nopol.NoPol - statement #26
21:57:52.360 [pool-2-thread-1] DEBUG fr.inria.lille.repair.nopol.NoPol - Analysing SourceLocation org.apache.commons.math.fraction.FractionFormat:361 which is executed by 8 tests
1013737658
21:57:52.440 [pool-2-thread-1] DEBUG fr.inria.lille.repair.nopol.NoPol - looking with class fr.inria.lille.repair.nopol.spoon.smt.ConditionalAdder
21:57:52.453 [pool-30-thread-1] INFO  xxl.java.junit.TestCasesListener - Tests run finished (9 ms)
<> Total tests run: 80
<> Ignored tests: 0
<> Failed tests: 0

21:57:52.454 [pool-2-thread-1] ERROR fr.inria.lille.repair.nopol.NoPol - Error ExecutionException java.util.concurrent.ExecutionException: java.lang.RuntimeException: failingTestCasesValidated: nothing to repair, no failing test cases
21:57:52.454 [pool-2-thread-1] DEBUG fr.inria.lille.repair.nopol.NoPol - statement #27
21:57:52.454 [pool-2-thread-1] DEBUG fr.inria.lille.repair.nopol.NoPol - Analysing SourceLocation org.apache.commons.math.fraction.FractionFormat:360 which is executed by 8 tests
1013737658
21:57:52.535 [pool-2-thread-1] DEBUG fr.inria.lille.repair.nopol.NoPol - looking with class fr.inria.lille.repair.nopol.spoon.smt.ConditionalAdder
21:57:52.548 [pool-32-thread-1] INFO  xxl.java.junit.TestCasesListener - Tests run finished (9 ms)
<> Total tests run: 80
<> Ignored tests: 0
<> Failed tests: 0

21:57:52.549 [pool-2-thread-1] ERROR fr.inria.lille.repair.nopol.NoPol - Error ExecutionException java.util.concurrent.ExecutionException: java.lang.RuntimeException: failingTestCasesValidated: nothing to repair, no failing test cases
21:57:52.549 [pool-2-thread-1] DEBUG fr.inria.lille.repair.nopol.NoPol - statement #28
21:57:52.549 [pool-2-thread-1] DEBUG fr.inria.lille.repair.nopol.NoPol - Analysing SourceLocation org.apache.commons.math.fraction.FractionFormat:268 which is executed by 8 tests
1013737658
21:57:52.640 [pool-2-thread-1] DEBUG fr.inria.lille.repair.nopol.NoPol - looking with class fr.inria.lille.repair.nopol.spoon.smt.ConditionalAdder
21:57:52.654 [pool-34-thread-1] INFO  xxl.java.junit.TestCasesListener - Tests run finished (10 ms)
<> Total tests run: 80
<> Ignored tests: 0
<> Failed tests: 0

21:57:52.654 [pool-2-thread-1] ERROR fr.inria.lille.repair.nopol.NoPol - Error ExecutionException java.util.concurrent.ExecutionException: java.lang.RuntimeException: failingTestCasesValidated: nothing to repair, no failing test cases
21:57:52.654 [pool-2-thread-1] DEBUG fr.inria.lille.repair.nopol.NoPol - looking with class fr.inria.lille.repair.nopol.spoon.smt.ConditionalReplacer
21:57:52.666 [pool-36-thread-1] INFO  xxl.java.junit.TestCasesListener - Tests run finished (8 ms)
<> Total tests run: 80
<> Ignored tests: 0
<> Failed tests: 0

21:57:52.666 [pool-2-thread-1] ERROR fr.inria.lille.repair.nopol.NoPol - Error ExecutionException java.util.concurrent.ExecutionException: java.lang.RuntimeException: failingTestCasesValidated: nothing to repair, no failing test cases
21:57:52.667 [pool-2-thread-1] DEBUG fr.inria.lille.repair.nopol.NoPol - statement #29
21:57:52.667 [pool-2-thread-1] DEBUG fr.inria.lille.repair.nopol.NoPol - Analysing SourceLocation org.apache.commons.math.fraction.FractionFormat:267 which is executed by 8 tests
1013737658
21:57:52.748 [pool-2-thread-1] DEBUG fr.inria.lille.repair.nopol.NoPol - statement #30
21:57:52.748 [pool-2-thread-1] DEBUG fr.inria.lille.repair.nopol.NoPol - Analysing SourceLocation org.apache.commons.math.fraction.FractionFormat:264 which is executed by 8 tests
1013737658
21:57:52.827 [pool-2-thread-1] DEBUG fr.inria.lille.repair.nopol.NoPol - looking with class fr.inria.lille.repair.nopol.spoon.smt.ConditionalAdder
21:57:52.840 [pool-38-thread-1] INFO  xxl.java.junit.TestCasesListener - Tests run finished (9 ms)
<> Total tests run: 80
<> Ignored tests: 0
<> Failed tests: 0

21:57:52.840 [pool-2-thread-1] ERROR fr.inria.lille.repair.nopol.NoPol - Error ExecutionException java.util.concurrent.ExecutionException: java.lang.RuntimeException: failingTestCasesValidated: nothing to repair, no failing test cases
21:57:52.840 [pool-2-thread-1] DEBUG fr.inria.lille.repair.nopol.NoPol - statement #31
21:57:52.840 [pool-2-thread-1] DEBUG fr.inria.lille.repair.nopol.NoPol - Analysing SourceLocation org.apache.commons.math.fraction.FractionFormat:261 which is executed by 8 tests
1013737658
21:57:52.920 [pool-2-thread-1] DEBUG fr.inria.lille.repair.nopol.NoPol - statement #32
21:57:52.920 [pool-2-thread-1] DEBUG fr.inria.lille.repair.nopol.NoPol - Analysing SourceLocation org.apache.commons.math.fraction.FractionFormat:245 which is executed by 8 tests
1013737658
21:57:53.000 [pool-2-thread-1] DEBUG fr.inria.lille.repair.nopol.NoPol - statement #33
21:57:53.000 [pool-2-thread-1] DEBUG fr.inria.lille.repair.nopol.NoPol - Analysing SourceLocation org.apache.commons.math.fraction.FractionFormat:244 which is executed by 8 tests
1013737658
21:57:53.080 [pool-2-thread-1] DEBUG fr.inria.lille.repair.nopol.NoPol - statement #34
21:57:53.080 [pool-2-thread-1] DEBUG fr.inria.lille.repair.nopol.NoPol - Analysing SourceLocation org.apache.commons.math.fraction.ProperFractionFormat:133 which is executed by 8 tests
-1129122774
21:57:53.156 [pool-2-thread-1] DEBUG fr.inria.lille.repair.nopol.NoPol - statement #35
21:57:53.156 [pool-2-thread-1] DEBUG fr.inria.lille.repair.nopol.NoPol - Analysing SourceLocation org.apache.commons.math.fraction.FractionFormat:233 which is executed by 9 tests
1013737658
21:57:53.248 [pool-2-thread-1] DEBUG fr.inria.lille.repair.nopol.NoPol - statement #36
21:57:53.248 [pool-2-thread-1] DEBUG fr.inria.lille.repair.nopol.NoPol - Analysing SourceLocation org.apache.commons.math.fraction.FractionFormat:225 which is executed by 7 tests
1013737658
21:57:53.328 [pool-2-thread-1] DEBUG fr.inria.lille.repair.nopol.NoPol - statement #37
21:57:53.328 [pool-2-thread-1] DEBUG fr.inria.lille.repair.nopol.NoPol - Analysing SourceLocation org.apache.commons.math.fraction.FractionFormat:309 which is executed by 2 tests
1013737658
21:57:53.406 [pool-2-thread-1] DEBUG fr.inria.lille.repair.nopol.NoPol - statement #38
21:57:53.407 [pool-2-thread-1] DEBUG fr.inria.lille.repair.nopol.NoPol - Analysing SourceLocation org.apache.commons.math.fraction.ProperFractionFormat:214 which is executed by 2 tests
-1129122774
21:57:53.492 [pool-2-thread-1] DEBUG fr.inria.lille.repair.nopol.NoPol - statement #39
21:57:53.492 [pool-2-thread-1] DEBUG fr.inria.lille.repair.nopol.NoPol - Analysing SourceLocation org.apache.commons.math.fraction.ProperFractionFormat:213 which is executed by 2 tests
-1129122774
21:57:53.574 [pool-2-thread-1] DEBUG fr.inria.lille.repair.nopol.NoPol - statement #40
21:57:53.574 [pool-2-thread-1] DEBUG fr.inria.lille.repair.nopol.NoPol - Analysing SourceLocation org.apache.commons.math.fraction.ProperFractionFormat:212 which is executed by 2 tests
-1129122774
21:57:53.685 [pool-2-thread-1] DEBUG fr.inria.lille.repair.nopol.NoPol - statement #41
21:57:53.686 [pool-2-thread-1] DEBUG fr.inria.lille.repair.nopol.NoPol - Analysing SourceLocation org.apache.commons.math.fraction.ProperFractionFormat:211 which is executed by 2 tests
-1129122774
21:57:53.761 [pool-2-thread-1] DEBUG fr.inria.lille.repair.nopol.NoPol - statement #42
21:57:53.761 [pool-2-thread-1] DEBUG fr.inria.lille.repair.nopol.NoPol - Analysing SourceLocation org.apache.commons.math.fraction.FractionFormat:301 which is executed by 3 tests
1013737658
21:57:53.841 [pool-2-thread-1] DEBUG fr.inria.lille.repair.nopol.NoPol - looking with class fr.inria.lille.repair.nopol.spoon.smt.ConditionalAdder
21:57:53.850 [pool-40-thread-1] INFO  xxl.java.junit.TestCasesListener - Tests run finished (6 ms)
<> Total tests run: 32
<> Ignored tests: 0
<> Failed tests: 0

21:57:53.851 [pool-2-thread-1] ERROR fr.inria.lille.repair.nopol.NoPol - Error ExecutionException java.util.concurrent.ExecutionException: java.lang.RuntimeException: failingTestCasesValidated: nothing to repair, no failing test cases
21:57:53.851 [pool-2-thread-1] DEBUG fr.inria.lille.repair.nopol.NoPol - looking with class fr.inria.lille.repair.nopol.spoon.smt.ConditionalReplacer
21:57:53.859 [pool-42-thread-1] INFO  xxl.java.junit.TestCasesListener - Tests run finished (6 ms)
<> Total tests run: 32
<> Ignored tests: 0
<> Failed tests: 0

21:57:53.859 [pool-2-thread-1] ERROR fr.inria.lille.repair.nopol.NoPol - Error ExecutionException java.util.concurrent.ExecutionException: java.lang.RuntimeException: failingTestCasesValidated: nothing to repair, no failing test cases
21:57:53.859 [pool-2-thread-1] DEBUG fr.inria.lille.repair.nopol.NoPol - statement #43
21:57:53.859 [pool-2-thread-1] DEBUG fr.inria.lille.repair.nopol.NoPol - Analysing SourceLocation org.apache.commons.math.fraction.FractionFormat:300 which is executed by 3 tests
1013737658
21:57:53.959 [pool-2-thread-1] DEBUG fr.inria.lille.repair.nopol.NoPol - statement #44
21:57:53.959 [pool-2-thread-1] DEBUG fr.inria.lille.repair.nopol.NoPol - Analysing SourceLocation org.apache.commons.math.fraction.FractionFormat:297 which is executed by 3 tests
1013737658
21:57:54.038 [pool-2-thread-1] DEBUG fr.inria.lille.repair.nopol.NoPol - looking with class fr.inria.lille.repair.nopol.spoon.smt.ConditionalAdder
21:57:54.051 [pool-44-thread-1] INFO  xxl.java.junit.TestCasesListener - Tests run finished (6 ms)
<> Total tests run: 32
<> Ignored tests: 0
<> Failed tests: 0

21:57:54.051 [pool-2-thread-1] ERROR fr.inria.lille.repair.nopol.NoPol - Error ExecutionException java.util.concurrent.ExecutionException: java.lang.RuntimeException: failingTestCasesValidated: nothing to repair, no failing test cases
21:57:54.051 [pool-2-thread-1] DEBUG fr.inria.lille.repair.nopol.NoPol - statement #45
21:57:54.051 [pool-2-thread-1] DEBUG fr.inria.lille.repair.nopol.NoPol - Analysing SourceLocation org.apache.commons.math.fraction.FractionFormat:286 which is executed by 3 tests
1013737658
21:57:54.130 [pool-2-thread-1] DEBUG fr.inria.lille.repair.nopol.NoPol - looking with class fr.inria.lille.repair.nopol.spoon.smt.ConditionalAdder
21:57:54.138 [pool-46-thread-1] INFO  xxl.java.junit.TestCasesListener - Tests run finished (5 ms)
<> Total tests run: 32
<> Ignored tests: 0
<> Failed tests: 0

21:57:54.138 [pool-2-thread-1] ERROR fr.inria.lille.repair.nopol.NoPol - Error ExecutionException java.util.concurrent.ExecutionException: java.lang.RuntimeException: failingTestCasesValidated: nothing to repair, no failing test cases
21:57:54.139 [pool-2-thread-1] DEBUG fr.inria.lille.repair.nopol.NoPol - statement #46
21:57:54.139 [pool-2-thread-1] DEBUG fr.inria.lille.repair.nopol.NoPol - Analysing SourceLocation org.apache.commons.math.fraction.FractionFormat:293 which is executed by 3 tests
1013737658
21:57:54.217 [pool-2-thread-1] DEBUG fr.inria.lille.repair.nopol.NoPol - statement #47
21:57:54.217 [pool-2-thread-1] DEBUG fr.inria.lille.repair.nopol.NoPol - Analysing SourceLocation org.apache.commons.math.fraction.FractionFormat:292 which is executed by 3 tests
1013737658
21:57:54.295 [pool-2-thread-1] DEBUG fr.inria.lille.repair.nopol.NoPol - looking with class fr.inria.lille.repair.nopol.spoon.smt.ConditionalAdder
21:57:54.304 [pool-48-thread-1] INFO  xxl.java.junit.TestCasesListener - Tests run finished (6 ms)
<> Total tests run: 32
<> Ignored tests: 0
<> Failed tests: 0

21:57:54.304 [pool-2-thread-1] ERROR fr.inria.lille.repair.nopol.NoPol - Error ExecutionException java.util.concurrent.ExecutionException: java.lang.RuntimeException: failingTestCasesValidated: nothing to repair, no failing test cases
21:57:54.304 [pool-2-thread-1] DEBUG fr.inria.lille.repair.nopol.NoPol - statement #48
21:57:54.304 [pool-2-thread-1] DEBUG fr.inria.lille.repair.nopol.NoPol - Analysing SourceLocation org.apache.commons.math.fraction.FractionFormat:291 which is executed by 3 tests
1013737658
21:57:54.383 [pool-2-thread-1] DEBUG fr.inria.lille.repair.nopol.NoPol - looking with class fr.inria.lille.repair.nopol.spoon.smt.ConditionalAdder
21:57:54.392 [pool-50-thread-1] INFO  xxl.java.junit.TestCasesListener - Tests run finished (6 ms)
<> Total tests run: 32
<> Ignored tests: 0
<> Failed tests: 0

21:57:54.392 [pool-2-thread-1] ERROR fr.inria.lille.repair.nopol.NoPol - Error ExecutionException java.util.concurrent.ExecutionException: java.lang.RuntimeException: failingTestCasesValidated: nothing to repair, no failing test cases
21:57:54.392 [pool-2-thread-1] DEBUG fr.inria.lille.repair.nopol.NoPol - statement #49
21:57:54.392 [pool-2-thread-1] DEBUG fr.inria.lille.repair.nopol.NoPol - Analysing SourceLocation org.apache.commons.math.fraction.ProperFractionFormat:205 which is executed by 3 tests
-1129122774
21:57:54.468 [pool-2-thread-1] DEBUG fr.inria.lille.repair.nopol.NoPol - looking with class fr.inria.lille.repair.nopol.spoon.smt.ConditionalAdder
21:57:54.476 [pool-52-thread-1] INFO  xxl.java.junit.TestCasesListener - Tests run finished (5 ms)
<> Total tests run: 32
<> Ignored tests: 0
<> Failed tests: 0

21:57:54.476 [pool-2-thread-1] ERROR fr.inria.lille.repair.nopol.NoPol - Error ExecutionException java.util.concurrent.ExecutionException: java.lang.RuntimeException: failingTestCasesValidated: nothing to repair, no failing test cases
21:57:54.476 [pool-2-thread-1] DEBUG fr.inria.lille.repair.nopol.NoPol - looking with class fr.inria.lille.repair.nopol.spoon.smt.ConditionalReplacer
21:57:54.485 [pool-54-thread-1] INFO  xxl.java.junit.TestCasesListener - Tests run finished (5 ms)
<> Total tests run: 32
<> Ignored tests: 0
<> Failed tests: 0

21:57:54.486 [pool-2-thread-1] ERROR fr.inria.lille.repair.nopol.NoPol - Error ExecutionException java.util.concurrent.ExecutionException: java.lang.RuntimeException: failingTestCasesValidated: nothing to repair, no failing test cases
21:57:54.486 [pool-2-thread-1] DEBUG fr.inria.lille.repair.nopol.NoPol - statement #50
21:57:54.486 [pool-2-thread-1] DEBUG fr.inria.lille.repair.nopol.NoPol - Analysing SourceLocation org.apache.commons.math.fraction.ProperFractionFormat:197 which is executed by 3 tests
-1129122774
21:57:54.561 [pool-2-thread-1] DEBUG fr.inria.lille.repair.nopol.NoPol - looking with class fr.inria.lille.repair.nopol.spoon.smt.ConditionalAdder
21:57:54.570 [pool-56-thread-1] INFO  xxl.java.junit.TestCasesListener - Tests run finished (5 ms)
<> Total tests run: 32
<> Ignored tests: 0
<> Failed tests: 0

21:57:54.571 [pool-2-thread-1] ERROR fr.inria.lille.repair.nopol.NoPol - Error ExecutionException java.util.concurrent.ExecutionException: java.lang.RuntimeException: failingTestCasesValidated: nothing to repair, no failing test cases
21:57:54.571 [pool-2-thread-1] DEBUG fr.inria.lille.repair.nopol.NoPol - looking with class fr.inria.lille.repair.nopol.spoon.smt.ConditionalReplacer
21:57:54.579 [pool-58-thread-1] INFO  xxl.java.junit.TestCasesListener - Tests run finished (6 ms)
<> Total tests run: 32
<> Ignored tests: 0
<> Failed tests: 0

21:57:54.579 [pool-2-thread-1] ERROR fr.inria.lille.repair.nopol.NoPol - Error ExecutionException java.util.concurrent.ExecutionException: java.lang.RuntimeException: failingTestCasesValidated: nothing to repair, no failing test cases
21:57:54.580 [pool-2-thread-1] DEBUG fr.inria.lille.repair.nopol.NoPol - statement #51
21:57:54.580 [pool-2-thread-1] DEBUG fr.inria.lille.repair.nopol.NoPol - Analysing SourceLocation org.apache.commons.math.fraction.ProperFractionFormat:196 which is executed by 3 tests
-1129122774
21:57:54.655 [pool-2-thread-1] DEBUG fr.inria.lille.repair.nopol.NoPol - statement #52
21:57:54.655 [pool-2-thread-1] DEBUG fr.inria.lille.repair.nopol.NoPol - Analysing SourceLocation org.apache.commons.math.fraction.ProperFractionFormat:193 which is executed by 3 tests
-1129122774
21:57:54.740 [pool-2-thread-1] DEBUG fr.inria.lille.repair.nopol.NoPol - looking with class fr.inria.lille.repair.nopol.spoon.smt.ConditionalAdder
21:57:54.749 [pool-60-thread-1] INFO  xxl.java.junit.TestCasesListener - Tests run finished (5 ms)
<> Total tests run: 32
<> Ignored tests: 0
<> Failed tests: 0

21:57:54.749 [pool-2-thread-1] ERROR fr.inria.lille.repair.nopol.NoPol - Error ExecutionException java.util.concurrent.ExecutionException: java.lang.RuntimeException: failingTestCasesValidated: nothing to repair, no failing test cases
21:57:54.750 [pool-2-thread-1] DEBUG fr.inria.lille.repair.nopol.NoPol - statement #53
21:57:54.750 [pool-2-thread-1] DEBUG fr.inria.lille.repair.nopol.NoPol - Analysing SourceLocation org.apache.commons.math.fraction.ProperFractionFormat:182 which is executed by 3 tests
-1129122774
21:57:54.825 [pool-2-thread-1] DEBUG fr.inria.lille.repair.nopol.NoPol - looking with class fr.inria.lille.repair.nopol.spoon.smt.ConditionalAdder
21:57:54.833 [pool-62-thread-1] INFO  xxl.java.junit.TestCasesListener - Tests run finished (5 ms)
<> Total tests run: 32
<> Ignored tests: 0
<> Failed tests: 0

21:57:54.833 [pool-2-thread-1] ERROR fr.inria.lille.repair.nopol.NoPol - Error ExecutionException java.util.concurrent.ExecutionException: java.lang.RuntimeException: failingTestCasesValidated: nothing to repair, no failing test cases
21:57:54.833 [pool-2-thread-1] DEBUG fr.inria.lille.repair.nopol.NoPol - statement #54
21:57:54.833 [pool-2-thread-1] DEBUG fr.inria.lille.repair.nopol.NoPol - Analysing SourceLocation org.apache.commons.math.fraction.ProperFractionFormat:175 which is executed by 3 tests
-1129122774
21:57:54.908 [pool-2-thread-1] DEBUG fr.inria.lille.repair.nopol.NoPol - looking with class fr.inria.lille.repair.nopol.spoon.smt.ConditionalAdder
21:57:54.917 [pool-64-thread-1] INFO  xxl.java.junit.TestCasesListener - Tests run finished (6 ms)
<> Total tests run: 32
<> Ignored tests: 0
<> Failed tests: 0

21:57:54.917 [pool-2-thread-1] ERROR fr.inria.lille.repair.nopol.NoPol - Error ExecutionException java.util.concurrent.ExecutionException: java.lang.RuntimeException: failingTestCasesValidated: nothing to repair, no failing test cases
21:57:54.917 [pool-2-thread-1] DEBUG fr.inria.lille.repair.nopol.NoPol - statement #55
21:57:54.917 [pool-2-thread-1] DEBUG fr.inria.lille.repair.nopol.NoPol - Analysing SourceLocation org.apache.commons.math.fraction.ProperFractionFormat:174 which is executed by 3 tests
-1129122774
21:57:54.994 [pool-2-thread-1] DEBUG fr.inria.lille.repair.nopol.NoPol - statement #56
21:57:54.994 [pool-2-thread-1] DEBUG fr.inria.lille.repair.nopol.NoPol - Analysing SourceLocation org.apache.commons.math.fraction.ProperFractionFormat:173 which is executed by 3 tests
-1129122774
21:57:55.070 [pool-2-thread-1] DEBUG fr.inria.lille.repair.nopol.NoPol - statement #57
21:57:55.070 [pool-2-thread-1] DEBUG fr.inria.lille.repair.nopol.NoPol - Analysing SourceLocation org.apache.commons.math.fraction.ProperFractionFormat:166 which is executed by 3 tests
-1129122774
21:57:55.146 [pool-2-thread-1] DEBUG fr.inria.lille.repair.nopol.NoPol - looking with class fr.inria.lille.repair.nopol.spoon.smt.ConditionalAdder
21:57:55.154 [pool-66-thread-1] INFO  xxl.java.junit.TestCasesListener - Tests run finished (5 ms)
<> Total tests run: 32
<> Ignored tests: 0
<> Failed tests: 0

21:57:55.155 [pool-2-thread-1] ERROR fr.inria.lille.repair.nopol.NoPol - Error ExecutionException java.util.concurrent.ExecutionException: java.lang.RuntimeException: failingTestCasesValidated: nothing to repair, no failing test cases
21:57:55.155 [pool-2-thread-1] DEBUG fr.inria.lille.repair.nopol.NoPol - looking with class fr.inria.lille.repair.nopol.spoon.smt.ConditionalReplacer
21:57:55.162 [pool-68-thread-1] INFO  xxl.java.junit.TestCasesListener - Tests run finished (5 ms)
<> Total tests run: 32
<> Ignored tests: 0
<> Failed tests: 0

21:57:55.162 [pool-2-thread-1] ERROR fr.inria.lille.repair.nopol.NoPol - Error ExecutionException java.util.concurrent.ExecutionException: java.lang.RuntimeException: failingTestCasesValidated: nothing to repair, no failing test cases
21:57:55.162 [pool-2-thread-1] DEBUG fr.inria.lille.repair.nopol.NoPol - statement #58
21:57:55.162 [pool-2-thread-1] DEBUG fr.inria.lille.repair.nopol.NoPol - Analysing SourceLocation org.apache.commons.math.fraction.FractionFormat:283 which is executed by 1 tests
1013737658
21:57:55.241 [pool-2-thread-1] DEBUG fr.inria.lille.repair.nopol.NoPol - statement #59
21:57:55.241 [pool-2-thread-1] DEBUG fr.inria.lille.repair.nopol.NoPol - Analysing SourceLocation org.apache.commons.math.fraction.ProperFractionFormat:158 which is executed by 4 tests
-1129122774
21:57:55.316 [pool-2-thread-1] DEBUG fr.inria.lille.repair.nopol.NoPol - looking with class fr.inria.lille.repair.nopol.spoon.smt.ConditionalAdder
21:57:55.325 [pool-70-thread-1] INFO  xxl.java.junit.TestCasesListener - Tests run finished (5 ms)
<> Total tests run: 32
<> Ignored tests: 0
<> Failed tests: 0

21:57:55.325 [pool-2-thread-1] ERROR fr.inria.lille.repair.nopol.NoPol - Error ExecutionException java.util.concurrent.ExecutionException: java.lang.RuntimeException: failingTestCasesValidated: nothing to repair, no failing test cases
21:57:55.325 [pool-2-thread-1] DEBUG fr.inria.lille.repair.nopol.NoPol - looking with class fr.inria.lille.repair.nopol.spoon.smt.ConditionalReplacer
21:57:55.333 [pool-72-thread-1] INFO  xxl.java.junit.TestCasesListener - Tests run finished (5 ms)
<> Total tests run: 32
<> Ignored tests: 0
<> Failed tests: 0

21:57:55.333 [pool-2-thread-1] ERROR fr.inria.lille.repair.nopol.NoPol - Error ExecutionException java.util.concurrent.ExecutionException: java.lang.RuntimeException: failingTestCasesValidated: nothing to repair, no failing test cases
21:57:55.333 [pool-2-thread-1] DEBUG fr.inria.lille.repair.nopol.NoPol - statement #60
21:57:55.334 [pool-2-thread-1] DEBUG fr.inria.lille.repair.nopol.NoPol - Analysing SourceLocation org.apache.commons.math.fraction.ProperFractionFormat:157 which is executed by 4 tests
-1129122774
21:57:55.409 [pool-2-thread-1] DEBUG fr.inria.lille.repair.nopol.NoPol - statement #61
21:57:55.409 [pool-2-thread-1] DEBUG fr.inria.lille.repair.nopol.NoPol - Analysing SourceLocation org.apache.commons.math.fraction.ProperFractionFormat:154 which is executed by 4 tests
-1129122774
21:57:55.484 [pool-2-thread-1] DEBUG fr.inria.lille.repair.nopol.NoPol - looking with class fr.inria.lille.repair.nopol.spoon.smt.ConditionalAdder
21:57:55.492 [pool-74-thread-1] INFO  xxl.java.junit.TestCasesListener - Tests run finished (5 ms)
<> Total tests run: 32
<> Ignored tests: 0
<> Failed tests: 0

21:57:55.493 [pool-2-thread-1] ERROR fr.inria.lille.repair.nopol.NoPol - Error ExecutionException java.util.concurrent.ExecutionException: java.lang.RuntimeException: failingTestCasesValidated: nothing to repair, no failing test cases
21:57:55.493 [pool-2-thread-1] DEBUG fr.inria.lille.repair.nopol.NoPol - statement #62
21:57:55.493 [pool-2-thread-1] DEBUG fr.inria.lille.repair.nopol.NoPol - Analysing SourceLocation org.apache.commons.math.fraction.ProperFractionFormat:145 which is executed by 5 tests
-1129122774
21:57:55.568 [pool-2-thread-1] DEBUG fr.inria.lille.repair.nopol.NoPol - looking with class fr.inria.lille.repair.nopol.spoon.smt.ConditionalAdder
21:57:55.576 [pool-76-thread-1] INFO  xxl.java.junit.TestCasesListener - Tests run finished (5 ms)
<> Total tests run: 32
<> Ignored tests: 0
<> Failed tests: 0

21:57:55.576 [pool-2-thread-1] ERROR fr.inria.lille.repair.nopol.NoPol - Error ExecutionException java.util.concurrent.ExecutionException: java.lang.RuntimeException: failingTestCasesValidated: nothing to repair, no failing test cases
21:57:55.576 [pool-2-thread-1] DEBUG fr.inria.lille.repair.nopol.NoPol - looking with class fr.inria.lille.repair.nopol.spoon.smt.ConditionalReplacer
21:57:55.584 [pool-78-thread-1] INFO  xxl.java.junit.TestCasesListener - Tests run finished (5 ms)
<> Total tests run: 32
<> Ignored tests: 0
<> Failed tests: 0

21:57:55.584 [pool-2-thread-1] ERROR fr.inria.lille.repair.nopol.NoPol - Error ExecutionException java.util.concurrent.ExecutionException: java.lang.RuntimeException: failingTestCasesValidated: nothing to repair, no failing test cases
21:57:55.584 [pool-2-thread-1] DEBUG fr.inria.lille.repair.nopol.NoPol - statement #63
21:57:55.584 [pool-2-thread-1] DEBUG fr.inria.lille.repair.nopol.NoPol - Analysing SourceLocation org.apache.commons.math.fraction.ProperFractionFormat:144 which is executed by 5 tests
-1129122774
21:57:55.660 [pool-2-thread-1] DEBUG fr.inria.lille.repair.nopol.NoPol - statement #64
21:57:55.660 [pool-2-thread-1] DEBUG fr.inria.lille.repair.nopol.NoPol - Analysing SourceLocation org.apache.commons.math.fraction.ProperFractionFormat:141 which is executed by 5 tests
-1129122774
21:57:55.735 [pool-2-thread-1] DEBUG fr.inria.lille.repair.nopol.NoPol - looking with class fr.inria.lille.repair.nopol.spoon.smt.ConditionalAdder
21:57:55.743 [pool-80-thread-1] INFO  xxl.java.junit.TestCasesListener - Tests run finished (5 ms)
<> Total tests run: 32
<> Ignored tests: 0
<> Failed tests: 0

21:57:55.744 [pool-2-thread-1] ERROR fr.inria.lille.repair.nopol.NoPol - Error ExecutionException java.util.concurrent.ExecutionException: java.lang.RuntimeException: failingTestCasesValidated: nothing to repair, no failing test cases
21:57:55.744 [pool-2-thread-1] DEBUG fr.inria.lille.repair.nopol.NoPol - statement #65
21:57:55.744 [pool-2-thread-1] DEBUG fr.inria.lille.repair.nopol.NoPol - Analysing SourceLocation org.apache.commons.math.fraction.ProperFractionFormat:138 which is executed by 5 tests
-1129122774
21:57:55.823 [pool-2-thread-1] DEBUG fr.inria.lille.repair.nopol.NoPol - statement #66
21:57:55.823 [pool-2-thread-1] DEBUG fr.inria.lille.repair.nopol.NoPol - Analysing SourceLocation org.apache.commons.math.fraction.ProperFractionFormat:134 which is executed by 5 tests
-1129122774
21:57:55.911 [pool-2-thread-1] DEBUG fr.inria.lille.repair.nopol.NoPol - looking with class fr.inria.lille.repair.nopol.spoon.smt.ConditionalAdder
21:57:55.934 [pool-82-thread-1] INFO  xxl.java.junit.TestCasesListener - Tests run finished (5 ms)
<> Total tests run: 32
<> Ignored tests: 0
<> Failed tests: 0

21:57:55.934 [pool-2-thread-1] ERROR fr.inria.lille.repair.nopol.NoPol - Error ExecutionException java.util.concurrent.ExecutionException: java.lang.RuntimeException: failingTestCasesValidated: nothing to repair, no failing test cases
21:57:55.934 [pool-2-thread-1] DEBUG fr.inria.lille.repair.nopol.NoPol - looking with class fr.inria.lille.repair.nopol.spoon.smt.ConditionalReplacer
21:57:55.942 [pool-84-thread-1] INFO  xxl.java.junit.TestCasesListener - Tests run finished (5 ms)
<> Total tests run: 32
<> Ignored tests: 0
<> Failed tests: 0

21:57:55.942 [pool-2-thread-1] ERROR fr.inria.lille.repair.nopol.NoPol - Error ExecutionException java.util.concurrent.ExecutionException: java.lang.RuntimeException: failingTestCasesValidated: nothing to repair, no failing test cases
21:57:55.942 [pool-2-thread-1] DEBUG fr.inria.lille.repair.nopol.NoPol - statement #67
21:57:55.942 [pool-2-thread-1] DEBUG fr.inria.lille.repair.nopol.NoPol - Analysing SourceLocation org.apache.commons.math.fraction.ProperFractionFormat:116 which is executed by 6 tests
-1129122774
21:57:56.017 [pool-2-thread-1] DEBUG fr.inria.lille.repair.nopol.NoPol - statement #68
21:57:56.018 [pool-2-thread-1] DEBUG fr.inria.lille.repair.nopol.NoPol - Analysing SourceLocation org.apache.commons.math.estimation.SimpleEstimationProblem:58 which is executed by 2 tests
218886243
21:57:56.093 [pool-2-thread-1] DEBUG fr.inria.lille.repair.nopol.NoPol - statement #69
21:57:56.093 [pool-2-thread-1] DEBUG fr.inria.lille.repair.nopol.NoPol - Analysing SourceLocation org.apache.commons.math.estimation.AbstractEstimator:173 which is executed by 3 tests
1135605599
21:57:56.174 [pool-2-thread-1] DEBUG fr.inria.lille.repair.nopol.NoPol - looking with class fr.inria.lille.repair.nopol.spoon.smt.ConditionalAdder
java.lang.ArrayIndexOutOfBoundsException: 6
    at org.apache.commons.math.estimation.AbstractEstimator.getCovariances(AbstractEstimator.java:173)
    at org.apache.commons.math.estimation.GaussNewtonEstimatorTest.testBoundParameters(GaussNewtonEstimatorTest.java:472)
    at sun.reflect.NativeMethodAccessorImpl.invoke0(Native Method)
    at sun.reflect.NativeMethodAccessorImpl.invoke(NativeMethodAccessorImpl.java:62)
    at sun.reflect.DelegatingMethodAccessorImpl.invoke(DelegatingMethodAccessorImpl.java:43)
    at java.lang.reflect.Method.invoke(Method.java:498)
21:57:56.197 [pool-86-thread-1] INFO  xxl.java.junit.TestCasesListener - Tests run finished (19 ms)
<> Total tests run: 15
<> Ignored tests: 0
<> Failed tests: 1
~ testBoundParameters(org.apache.commons.math.estimation.GaussNewtonEstimatorTest)
[6]
java.lang.ArrayIndexOutOfBoundsException: 6    at org.apache.commons.math.estimation.AbstractEstimator.getCovariances(AbstractEstimator.java:173)
    at org.apache.commons.math.estimation.GaussNewtonEstimatorTest.testBoundParameters(GaussNewtonEstimatorTest.java:472)
    at sun.reflect.NativeMethodAccessorImpl.invoke0(Native Method)
    at sun.reflect.NativeMethodAccessorImpl.invoke(NativeMethodAccessorImpl.java:62)
    at sun.reflect.DelegatingMethodAccessorImpl.invoke(DelegatingMethodAccessorImpl.java:43)
    at java.lang.reflect.Method.invoke(Method.java:498)

org.apache.commons.math.estimation.EstimationException: unable to compute covariances: singular problem
    at org.apache.commons.math.estimation.AbstractEstimator.getCovariances(AbstractEstimator.java:116)
    at org.apache.commons.math.estimation.GaussNewtonEstimatorTest.testBoundParameters(GaussNewtonEstimatorTest.java:472)
    at sun.reflect.NativeMethodAccessorImpl.invoke0(Native Method)
    at sun.reflect.NativeMethodAccessorImpl.invoke(NativeMethodAccessorImpl.java:62)
    at sun.reflect.DelegatingMethodAccessorImpl.invoke(DelegatingMethodAccessorImpl.java:43)
    at java.lang.reflect.Method.invoke(Method.java:498)
21:57:57.058 [pool-87-thread-1] INFO  f.i.l.c.t.SpecificationTestCasesListener - Tests run finished (14 ms)
<> Total tests run: 1
<> Ignored tests: 0
<> Failed tests: 1
~ testBoundParameters(org.apache.commons.math.estimation.GaussNewtonEstimatorTest)
[unable to compute covariances: singular problem]
org.apache.commons.math.estimation.EstimationException: unable to compute covariances: singular problem    at org.apache.commons.math.estimation.AbstractEstimator.getCovariances(AbstractEstimator.java:116)
    at org.apache.commons.math.estimation.GaussNewtonEstimatorTest.testBoundParameters(GaussNewtonEstimatorTest.java:472)
    at sun.reflect.NativeMethodAccessorImpl.invoke0(Native Method)
    at sun.reflect.NativeMethodAccessorImpl.invoke(NativeMethodAccessorImpl.java:62)
    at sun.reflect.DelegatingMethodAccessorImpl.invoke(DelegatingMethodAccessorImpl.java:43)
    at java.lang.reflect.Method.invoke(Method.java:498)

java.lang.ArrayIndexOutOfBoundsException: 6
    at org.apache.commons.math.estimation.AbstractEstimator.getCovariances(AbstractEstimator.java:106)
    at org.apache.commons.math.estimation.GaussNewtonEstimatorTest.testBoundParameters(GaussNewtonEstimatorTest.java:472)
    at sun.reflect.NativeMethodAccessorImpl.invoke0(Native Method)
    at sun.reflect.NativeMethodAccessorImpl.invoke(NativeMethodAccessorImpl.java:62)
    at sun.reflect.DelegatingMethodAccessorImpl.invoke(DelegatingMethodAccessorImpl.java:43)
    at java.lang.reflect.Method.invoke(Method.java:498)
21:57:57.060 [pool-88-thread-1] INFO  f.i.l.c.t.SpecificationTestCasesListener - Tests run finished (1 ms)
<> Total tests run: 1
<> Ignored tests: 0
<> Failed tests: 1
~ testBoundParameters(org.apache.commons.math.estimation.GaussNewtonEstimatorTest)
[6]
java.lang.ArrayIndexOutOfBoundsException: 6    at org.apache.commons.math.estimation.AbstractEstimator.getCovariances(AbstractEstimator.java:106)
    at org.apache.commons.math.estimation.GaussNewtonEstimatorTest.testBoundParameters(GaussNewtonEstimatorTest.java:472)
    at sun.reflect.NativeMethodAccessorImpl.invoke0(Native Method)
    at sun.reflect.NativeMethodAccessorImpl.invoke(NativeMethodAccessorImpl.java:62)
    at sun.reflect.DelegatingMethodAccessorImpl.invoke(DelegatingMethodAccessorImpl.java:43)
    at java.lang.reflect.Method.invoke(Method.java:498)

21:57:57.061 [pool-85-thread-1] DEBUG tests.output - Failing tests with false: 
[testBoundParameters(org.apache.commons.math.estimation.GaussNewtonEstimatorTest): unable to compute covariances: singular problem]
21:57:57.061 [pool-85-thread-1] DEBUG tests.output - Failing tests with true: 
[testBoundParameters(org.apache.commons.math.estimation.GaussNewtonEstimatorTest): 6]
21:57:57.061 [pool-85-thread-1] INFO  f.i.l.r.n.synth.SMTNopolSynthesizer - Not enough specifications: 0. A trivial patch is "true" or "false", please write new tests specifying SourceLocation org.apache.commons.math.estimation.AbstractEstimator:173.
21:57:57.061 [pool-2-thread-1] DEBUG fr.inria.lille.repair.nopol.NoPol - statement #70
21:57:57.061 [pool-2-thread-1] DEBUG fr.inria.lille.repair.nopol.NoPol - Analysing SourceLocation org.apache.commons.math.estimation.AbstractEstimator:172 which is executed by 3 tests
1135605599
21:57:57.150 [pool-2-thread-1] DEBUG fr.inria.lille.repair.nopol.NoPol - looking with class fr.inria.lille.repair.nopol.spoon.smt.ConditionalAdder
java.lang.ArrayIndexOutOfBoundsException: 6
    at org.apache.commons.math.estimation.AbstractEstimator.getCovariances(AbstractEstimator.java:173)
    at org.apache.commons.math.estimation.GaussNewtonEstimatorTest.testBoundParameters(GaussNewtonEstimatorTest.java:472)
    at sun.reflect.NativeMethodAccessorImpl.invoke0(Native Method)
    at sun.reflect.NativeMethodAccessorImpl.invoke(NativeMethodAccessorImpl.java:62)
    at sun.reflect.DelegatingMethodAccessorImpl.invoke(DelegatingMethodAccessorImpl.java:43)
    at java.lang.reflect.Method.invoke(Method.java:498)
21:57:57.171 [pool-90-thread-1] INFO  xxl.java.junit.TestCasesListener - Tests run finished (18 ms)
<> Total tests run: 15
<> Ignored tests: 0
<> Failed tests: 1
~ testBoundParameters(org.apache.commons.math.estimation.GaussNewtonEstimatorTest)
[6]
java.lang.ArrayIndexOutOfBoundsException: 6    at org.apache.commons.math.estimation.AbstractEstimator.getCovariances(AbstractEstimator.java:173)
    at org.apache.commons.math.estimation.GaussNewtonEstimatorTest.testBoundParameters(GaussNewtonEstimatorTest.java:472)
    at sun.reflect.NativeMethodAccessorImpl.invoke0(Native Method)
    at sun.reflect.NativeMethodAccessorImpl.invoke(NativeMethodAccessorImpl.java:62)
    at sun.reflect.DelegatingMethodAccessorImpl.invoke(DelegatingMethodAccessorImpl.java:43)
    at java.lang.reflect.Method.invoke(Method.java:498)

org.apache.commons.math.estimation.EstimationException: unable to compute covariances: singular problem
    at org.apache.commons.math.estimation.AbstractEstimator.getCovariances(AbstractEstimator.java:116)
    at org.apache.commons.math.estimation.GaussNewtonEstimatorTest.testBoundParameters(GaussNewtonEstimatorTest.java:472)
    at sun.reflect.NativeMethodAccessorImpl.invoke0(Native Method)
    at sun.reflect.NativeMethodAccessorImpl.invoke(NativeMethodAccessorImpl.java:62)
    at sun.reflect.DelegatingMethodAccessorImpl.invoke(DelegatingMethodAccessorImpl.java:43)
    at java.lang.reflect.Method.invoke(Method.java:498)
21:57:57.385 [pool-91-thread-1] INFO  f.i.l.c.t.SpecificationTestCasesListener - Tests run finished (7 ms)
<> Total tests run: 1
<> Ignored tests: 0
<> Failed tests: 1
~ testBoundParameters(org.apache.commons.math.estimation.GaussNewtonEstimatorTest)
[unable to compute covariances: singular problem]
org.apache.commons.math.estimation.EstimationException: unable to compute covariances: singular problem    at org.apache.commons.math.estimation.AbstractEstimator.getCovariances(AbstractEstimator.java:116)
    at org.apache.commons.math.estimation.GaussNewtonEstimatorTest.testBoundParameters(GaussNewtonEstimatorTest.java:472)
    at sun.reflect.NativeMethodAccessorImpl.invoke0(Native Method)
    at sun.reflect.NativeMethodAccessorImpl.invoke(NativeMethodAccessorImpl.java:62)
    at sun.reflect.DelegatingMethodAccessorImpl.invoke(DelegatingMethodAccessorImpl.java:43)
    at java.lang.reflect.Method.invoke(Method.java:498)

java.lang.ArrayIndexOutOfBoundsException: 6
    at org.apache.commons.math.estimation.AbstractEstimator.getCovariances(AbstractEstimator.java:106)
    at org.apache.commons.math.estimation.GaussNewtonEstimatorTest.testBoundParameters(GaussNewtonEstimatorTest.java:472)
    at sun.reflect.NativeMethodAccessorImpl.invoke0(Native Method)
    at sun.reflect.NativeMethodAccessorImpl.invoke(NativeMethodAccessorImpl.java:62)
    at sun.reflect.DelegatingMethodAccessorImpl.invoke(DelegatingMethodAccessorImpl.java:43)
    at java.lang.reflect.Method.invoke(Method.java:498)
21:57:57.387 [pool-92-thread-1] INFO  f.i.l.c.t.SpecificationTestCasesListener - Tests run finished (1 ms)
<> Total tests run: 1
<> Ignored tests: 0
<> Failed tests: 1
~ testBoundParameters(org.apache.commons.math.estimation.GaussNewtonEstimatorTest)
[6]
java.lang.ArrayIndexOutOfBoundsException: 6    at org.apache.commons.math.estimation.AbstractEstimator.getCovariances(AbstractEstimator.java:106)
    at org.apache.commons.math.estimation.GaussNewtonEstimatorTest.testBoundParameters(GaussNewtonEstimatorTest.java:472)
    at sun.reflect.NativeMethodAccessorImpl.invoke0(Native Method)
    at sun.reflect.NativeMethodAccessorImpl.invoke(NativeMethodAccessorImpl.java:62)
    at sun.reflect.DelegatingMethodAccessorImpl.invoke(DelegatingMethodAccessorImpl.java:43)
    at java.lang.reflect.Method.invoke(Method.java:498)

21:57:57.388 [pool-89-thread-1] DEBUG tests.output - Failing tests with false: 
[testBoundParameters(org.apache.commons.math.estimation.GaussNewtonEstimatorTest): unable to compute covariances: singular problem]
21:57:57.388 [pool-89-thread-1] DEBUG tests.output - Failing tests with true: 
[testBoundParameters(org.apache.commons.math.estimation.GaussNewtonEstimatorTest): 6]
21:57:57.388 [pool-89-thread-1] INFO  f.i.l.r.n.synth.SMTNopolSynthesizer - Not enough specifications: 0. A trivial patch is "true" or "false", please write new tests specifying SourceLocation org.apache.commons.math.estimation.AbstractEstimator:172.
21:57:57.388 [pool-2-thread-1] DEBUG fr.inria.lille.repair.nopol.NoPol - statement #71
21:57:57.388 [pool-2-thread-1] DEBUG fr.inria.lille.repair.nopol.NoPol - Analysing SourceLocation org.apache.commons.math.estimation.AbstractEstimator:171 which is executed by 3 tests
1135605599
21:57:57.466 [pool-2-thread-1] DEBUG fr.inria.lille.repair.nopol.NoPol - statement #72
21:57:57.466 [pool-2-thread-1] DEBUG fr.inria.lille.repair.nopol.NoPol - Analysing SourceLocation org.apache.commons.math.estimation.AbstractEstimator:170 which is executed by 3 tests
1135605599
21:57:57.545 [pool-2-thread-1] DEBUG fr.inria.lille.repair.nopol.NoPol - looking with class fr.inria.lille.repair.nopol.spoon.smt.ConditionalAdder
java.lang.ArrayIndexOutOfBoundsException: 6
    at org.apache.commons.math.estimation.AbstractEstimator.getCovariances(AbstractEstimator.java:173)
    at org.apache.commons.math.estimation.GaussNewtonEstimatorTest.testBoundParameters(GaussNewtonEstimatorTest.java:472)
    at sun.reflect.NativeMethodAccessorImpl.invoke0(Native Method)
    at sun.reflect.NativeMethodAccessorImpl.invoke(NativeMethodAccessorImpl.java:62)
    at sun.reflect.DelegatingMethodAccessorImpl.invoke(DelegatingMethodAccessorImpl.java:43)
    at java.lang.reflect.Method.invoke(Method.java:498)
21:57:57.565 [pool-94-thread-1] INFO  xxl.java.junit.TestCasesListener - Tests run finished (17 ms)
<> Total tests run: 15
<> Ignored tests: 0
<> Failed tests: 1
~ testBoundParameters(org.apache.commons.math.estimation.GaussNewtonEstimatorTest)
[6]
java.lang.ArrayIndexOutOfBoundsException: 6    at org.apache.commons.math.estimation.AbstractEstimator.getCovariances(AbstractEstimator.java:173)
    at org.apache.commons.math.estimation.GaussNewtonEstimatorTest.testBoundParameters(GaussNewtonEstimatorTest.java:472)
    at sun.reflect.NativeMethodAccessorImpl.invoke0(Native Method)
    at sun.reflect.NativeMethodAccessorImpl.invoke(NativeMethodAccessorImpl.java:62)
    at sun.reflect.DelegatingMethodAccessorImpl.invoke(DelegatingMethodAccessorImpl.java:43)
    at java.lang.reflect.Method.invoke(Method.java:498)

org.apache.commons.math.estimation.EstimationException: unable to compute covariances: singular problem
    at org.apache.commons.math.estimation.AbstractEstimator.getCovariances(AbstractEstimator.java:115)
    at org.apache.commons.math.estimation.GaussNewtonEstimatorTest.testBoundParameters(GaussNewtonEstimatorTest.java:472)
    at sun.reflect.NativeMethodAccessorImpl.invoke0(Native Method)
    at sun.reflect.NativeMethodAccessorImpl.invoke(NativeMethodAccessorImpl.java:62)
    at sun.reflect.DelegatingMethodAccessorImpl.invoke(DelegatingMethodAccessorImpl.java:43)
    at java.lang.reflect.Method.invoke(Method.java:498)
21:57:57.744 [pool-95-thread-1] INFO  f.i.l.c.t.SpecificationTestCasesListener - Tests run finished (7 ms)
<> Total tests run: 1
<> Ignored tests: 0
<> Failed tests: 1
~ testBoundParameters(org.apache.commons.math.estimation.GaussNewtonEstimatorTest)
[unable to compute covariances: singular problem]
org.apache.commons.math.estimation.EstimationException: unable to compute covariances: singular problem    at org.apache.commons.math.estimation.AbstractEstimator.getCovariances(AbstractEstimator.java:115)
    at org.apache.commons.math.estimation.GaussNewtonEstimatorTest.testBoundParameters(GaussNewtonEstimatorTest.java:472)
    at sun.reflect.NativeMethodAccessorImpl.invoke0(Native Method)
    at sun.reflect.NativeMethodAccessorImpl.invoke(NativeMethodAccessorImpl.java:62)
    at sun.reflect.DelegatingMethodAccessorImpl.invoke(DelegatingMethodAccessorImpl.java:43)
    at java.lang.reflect.Method.invoke(Method.java:498)

java.lang.ArrayIndexOutOfBoundsException: 6
    at org.apache.commons.math.estimation.AbstractEstimator.getCovariances(AbstractEstimator.java:105)
    at org.apache.commons.math.estimation.GaussNewtonEstimatorTest.testBoundParameters(GaussNewtonEstimatorTest.java:472)
    at sun.reflect.NativeMethodAccessorImpl.invoke0(Native Method)
    at sun.reflect.NativeMethodAccessorImpl.invoke(NativeMethodAccessorImpl.java:62)
    at sun.reflect.DelegatingMethodAccessorImpl.invoke(DelegatingMethodAccessorImpl.java:43)
    at java.lang.reflect.Method.invoke(Method.java:498)
21:57:57.746 [pool-96-thread-1] INFO  f.i.l.c.t.SpecificationTestCasesListener - Tests run finished (1 ms)
<> Total tests run: 1
<> Ignored tests: 0
<> Failed tests: 1
~ testBoundParameters(org.apache.commons.math.estimation.GaussNewtonEstimatorTest)
[6]
java.lang.ArrayIndexOutOfBoundsException: 6    at org.apache.commons.math.estimation.AbstractEstimator.getCovariances(AbstractEstimator.java:105)
    at org.apache.commons.math.estimation.GaussNewtonEstimatorTest.testBoundParameters(GaussNewtonEstimatorTest.java:472)
    at sun.reflect.NativeMethodAccessorImpl.invoke0(Native Method)
    at sun.reflect.NativeMethodAccessorImpl.invoke(NativeMethodAccessorImpl.java:62)
    at sun.reflect.DelegatingMethodAccessorImpl.invoke(DelegatingMethodAccessorImpl.java:43)
    at java.lang.reflect.Method.invoke(Method.java:498)

21:57:57.747 [pool-93-thread-1] DEBUG tests.output - Failing tests with false: 
[testBoundParameters(org.apache.commons.math.estimation.GaussNewtonEstimatorTest): unable to compute covariances: singular problem]
21:57:57.747 [pool-93-thread-1] DEBUG tests.output - Failing tests with true: 
[testBoundParameters(org.apache.commons.math.estimation.GaussNewtonEstimatorTest): 6]
21:57:57.747 [pool-93-thread-1] INFO  f.i.l.r.n.synth.SMTNopolSynthesizer - Not enough specifications: 0. A trivial patch is "true" or "false", please write new tests specifying SourceLocation org.apache.commons.math.estimation.AbstractEstimator:170.
21:57:57.747 [pool-2-thread-1] DEBUG fr.inria.lille.repair.nopol.NoPol - statement #73
21:57:57.747 [pool-2-thread-1] DEBUG fr.inria.lille.repair.nopol.NoPol - Analysing SourceLocation org.apache.commons.math.estimation.AbstractEstimator:169 which is executed by 3 tests
1135605599
21:57:57.849 [pool-2-thread-1] DEBUG fr.inria.lille.repair.nopol.NoPol - looking with class fr.inria.lille.repair.nopol.spoon.smt.ConditionalAdder
java.lang.ArrayIndexOutOfBoundsException: 6
    at org.apache.commons.math.estimation.AbstractEstimator.getCovariances(AbstractEstimator.java:173)
    at org.apache.commons.math.estimation.GaussNewtonEstimatorTest.testBoundParameters(GaussNewtonEstimatorTest.java:472)
    at sun.reflect.NativeMethodAccessorImpl.invoke0(Native Method)
    at sun.reflect.NativeMethodAccessorImpl.invoke(NativeMethodAccessorImpl.java:62)
    at sun.reflect.DelegatingMethodAccessorImpl.invoke(DelegatingMethodAccessorImpl.java:43)
    at java.lang.reflect.Method.invoke(Method.java:498)
21:57:57.870 [pool-98-thread-1] INFO  xxl.java.junit.TestCasesListener - Tests run finished (18 ms)
<> Total tests run: 15
<> Ignored tests: 0
<> Failed tests: 1
~ testBoundParameters(org.apache.commons.math.estimation.GaussNewtonEstimatorTest)
[6]
java.lang.ArrayIndexOutOfBoundsException: 6    at org.apache.commons.math.estimation.AbstractEstimator.getCovariances(AbstractEstimator.java:173)
    at org.apache.commons.math.estimation.GaussNewtonEstimatorTest.testBoundParameters(GaussNewtonEstimatorTest.java:472)
    at sun.reflect.NativeMethodAccessorImpl.invoke0(Native Method)
    at sun.reflect.NativeMethodAccessorImpl.invoke(NativeMethodAccessorImpl.java:62)
    at sun.reflect.DelegatingMethodAccessorImpl.invoke(DelegatingMethodAccessorImpl.java:43)
    at java.lang.reflect.Method.invoke(Method.java:498)

org.apache.commons.math.estimation.EstimationException: unable to compute covariances: singular problem
    at org.apache.commons.math.estimation.AbstractEstimator.getCovariances(AbstractEstimator.java:115)
    at org.apache.commons.math.estimation.GaussNewtonEstimatorTest.testBoundParameters(GaussNewtonEstimatorTest.java:472)
    at sun.reflect.NativeMethodAccessorImpl.invoke0(Native Method)
    at sun.reflect.NativeMethodAccessorImpl.invoke(NativeMethodAccessorImpl.java:62)
    at sun.reflect.DelegatingMethodAccessorImpl.invoke(DelegatingMethodAccessorImpl.java:43)
    at java.lang.reflect.Method.invoke(Method.java:498)
21:57:58.050 [pool-99-thread-1] INFO  f.i.l.c.t.SpecificationTestCasesListener - Tests run finished (7 ms)
<> Total tests run: 1
<> Ignored tests: 0
<> Failed tests: 1
~ testBoundParameters(org.apache.commons.math.estimation.GaussNewtonEstimatorTest)
[unable to compute covariances: singular problem]
org.apache.commons.math.estimation.EstimationException: unable to compute covariances: singular problem    at org.apache.commons.math.estimation.AbstractEstimator.getCovariances(AbstractEstimator.java:115)
    at org.apache.commons.math.estimation.GaussNewtonEstimatorTest.testBoundParameters(GaussNewtonEstimatorTest.java:472)
    at sun.reflect.NativeMethodAccessorImpl.invoke0(Native Method)
    at sun.reflect.NativeMethodAccessorImpl.invoke(NativeMethodAccessorImpl.java:62)
    at sun.reflect.DelegatingMethodAccessorImpl.invoke(DelegatingMethodAccessorImpl.java:43)
    at java.lang.reflect.Method.invoke(Method.java:498)

java.lang.ArrayIndexOutOfBoundsException: 6
    at org.apache.commons.math.estimation.AbstractEstimator.getCovariances(AbstractEstimator.java:105)
    at org.apache.commons.math.estimation.GaussNewtonEstimatorTest.testBoundParameters(GaussNewtonEstimatorTest.java:472)
    at sun.reflect.NativeMethodAccessorImpl.invoke0(Native Method)
    at sun.reflect.NativeMethodAccessorImpl.invoke(NativeMethodAccessorImpl.java:62)
    at sun.reflect.DelegatingMethodAccessorImpl.invoke(DelegatingMethodAccessorImpl.java:43)
    at java.lang.reflect.Method.invoke(Method.java:498)
21:57:58.052 [pool-100-thread-1] INFO  f.i.l.c.t.SpecificationTestCasesListener - Tests run finished (0 ms)
<> Total tests run: 1
<> Ignored tests: 0
<> Failed tests: 1
~ testBoundParameters(org.apache.commons.math.estimation.GaussNewtonEstimatorTest)
[6]
java.lang.ArrayIndexOutOfBoundsException: 6    at org.apache.commons.math.estimation.AbstractEstimator.getCovariances(AbstractEstimator.java:105)
    at org.apache.commons.math.estimation.GaussNewtonEstimatorTest.testBoundParameters(GaussNewtonEstimatorTest.java:472)
    at sun.reflect.NativeMethodAccessorImpl.invoke0(Native Method)
    at sun.reflect.NativeMethodAccessorImpl.invoke(NativeMethodAccessorImpl.java:62)
    at sun.reflect.DelegatingMethodAccessorImpl.invoke(DelegatingMethodAccessorImpl.java:43)
    at java.lang.reflect.Method.invoke(Method.java:498)

21:57:58.053 [pool-97-thread-1] DEBUG tests.output - Failing tests with false: 
[testBoundParameters(org.apache.commons.math.estimation.GaussNewtonEstimatorTest): unable to compute covariances: singular problem]
21:57:58.053 [pool-97-thread-1] DEBUG tests.output - Failing tests with true: 
[testBoundParameters(org.apache.commons.math.estimation.GaussNewtonEstimatorTest): 6]
21:57:58.053 [pool-97-thread-1] INFO  f.i.l.r.n.synth.SMTNopolSynthesizer - Not enough specifications: 0. A trivial patch is "true" or "false", please write new tests specifying SourceLocation org.apache.commons.math.estimation.AbstractEstimator:169.
21:57:58.053 [pool-2-thread-1] DEBUG fr.inria.lille.repair.nopol.NoPol - statement #74
21:57:58.053 [pool-2-thread-1] DEBUG fr.inria.lille.repair.nopol.NoPol - Analysing SourceLocation org.apache.commons.math.estimation.AbstractEstimator:168 which is executed by 3 tests
1135605599
21:57:58.132 [pool-2-thread-1] DEBUG fr.inria.lille.repair.nopol.NoPol - statement #75
21:57:58.132 [pool-2-thread-1] DEBUG fr.inria.lille.repair.nopol.NoPol - Analysing SourceLocation org.apache.commons.math.estimation.AbstractEstimator:167 which is executed by 3 tests
1135605599
21:57:58.214 [pool-2-thread-1] DEBUG fr.inria.lille.repair.nopol.NoPol - statement #76
21:57:58.214 [pool-2-thread-1] DEBUG fr.inria.lille.repair.nopol.NoPol - Analysing SourceLocation org.apache.commons.math.estimation.AbstractEstimator:166 which is executed by 3 tests
1135605599
21:57:58.306 [pool-2-thread-1] DEBUG fr.inria.lille.repair.nopol.NoPol - statement #77
21:57:58.306 [pool-2-thread-1] DEBUG fr.inria.lille.repair.nopol.NoPol - Analysing SourceLocation org.apache.commons.math.estimation.AbstractEstimator:165 which is executed by 3 tests
1135605599
21:57:58.385 [pool-2-thread-1] DEBUG fr.inria.lille.repair.nopol.NoPol - statement #78
21:57:58.385 [pool-2-thread-1] DEBUG fr.inria.lille.repair.nopol.NoPol - Analysing SourceLocation org.apache.commons.math.estimation.AbstractEstimator:162 which is executed by 3 tests
1135605599
21:57:58.463 [pool-2-thread-1] DEBUG fr.inria.lille.repair.nopol.NoPol - looking with class fr.inria.lille.repair.nopol.spoon.smt.ConditionalAdder
java.lang.ArrayIndexOutOfBoundsException: 6
    at org.apache.commons.math.estimation.AbstractEstimator.getCovariances(AbstractEstimator.java:173)
    at org.apache.commons.math.estimation.GaussNewtonEstimatorTest.testBoundParameters(GaussNewtonEstimatorTest.java:472)
    at sun.reflect.NativeMethodAccessorImpl.invoke0(Native Method)
    at sun.reflect.NativeMethodAccessorImpl.invoke(NativeMethodAccessorImpl.java:62)
    at sun.reflect.DelegatingMethodAccessorImpl.invoke(DelegatingMethodAccessorImpl.java:43)
    at java.lang.reflect.Method.invoke(Method.java:498)
21:57:58.484 [pool-102-thread-1] INFO  xxl.java.junit.TestCasesListener - Tests run finished (18 ms)
<> Total tests run: 15
<> Ignored tests: 0
<> Failed tests: 1
~ testBoundParameters(org.apache.commons.math.estimation.GaussNewtonEstimatorTest)
[6]
java.lang.ArrayIndexOutOfBoundsException: 6    at org.apache.commons.math.estimation.AbstractEstimator.getCovariances(AbstractEstimator.java:173)
    at org.apache.commons.math.estimation.GaussNewtonEstimatorTest.testBoundParameters(GaussNewtonEstimatorTest.java:472)
    at sun.reflect.NativeMethodAccessorImpl.invoke0(Native Method)
    at sun.reflect.NativeMethodAccessorImpl.invoke(NativeMethodAccessorImpl.java:62)
    at sun.reflect.DelegatingMethodAccessorImpl.invoke(DelegatingMethodAccessorImpl.java:43)
    at java.lang.reflect.Method.invoke(Method.java:498)

java.lang.ArrayIndexOutOfBoundsException: 6
    at org.apache.commons.math.estimation.AbstractEstimator.getCovariances(AbstractEstimator.java:102)
    at org.apache.commons.math.estimation.GaussNewtonEstimatorTest.testBoundParameters(GaussNewtonEstimatorTest.java:472)
    at sun.reflect.NativeMethodAccessorImpl.invoke0(Native Method)
    at sun.reflect.NativeMethodAccessorImpl.invoke(NativeMethodAccessorImpl.java:62)
    at sun.reflect.DelegatingMethodAccessorImpl.invoke(DelegatingMethodAccessorImpl.java:43)
    at java.lang.reflect.Method.invoke(Method.java:498)
21:57:58.642 [pool-103-thread-1] INFO  f.i.l.c.t.SpecificationTestCasesListener - Tests run finished (5 ms)
<> Total tests run: 1
<> Ignored tests: 0
<> Failed tests: 1
~ testBoundParameters(org.apache.commons.math.estimation.GaussNewtonEstimatorTest)
[6]
java.lang.ArrayIndexOutOfBoundsException: 6    at org.apache.commons.math.estimation.AbstractEstimator.getCovariances(AbstractEstimator.java:102)
    at org.apache.commons.math.estimation.GaussNewtonEstimatorTest.testBoundParameters(GaussNewtonEstimatorTest.java:472)
    at sun.reflect.NativeMethodAccessorImpl.invoke0(Native Method)
    at sun.reflect.NativeMethodAccessorImpl.invoke(NativeMethodAccessorImpl.java:62)
    at sun.reflect.DelegatingMethodAccessorImpl.invoke(DelegatingMethodAccessorImpl.java:43)
    at java.lang.reflect.Method.invoke(Method.java:498)

java.lang.ArrayIndexOutOfBoundsException: 6
    at org.apache.commons.math.estimation.AbstractEstimator.getCovariances(AbstractEstimator.java:102)
    at org.apache.commons.math.estimation.GaussNewtonEstimatorTest.testBoundParameters(GaussNewtonEstimatorTest.java:472)
    at sun.reflect.NativeMethodAccessorImpl.invoke0(Native Method)
    at sun.reflect.NativeMethodAccessorImpl.invoke(NativeMethodAccessorImpl.java:62)
    at sun.reflect.DelegatingMethodAccessorImpl.invoke(DelegatingMethodAccessorImpl.java:43)
    at java.lang.reflect.Method.invoke(Method.java:498)
21:57:58.644 [pool-104-thread-1] INFO  f.i.l.c.t.SpecificationTestCasesListener - Tests run finished (1 ms)
<> Total tests run: 1
<> Ignored tests: 0
<> Failed tests: 1
~ testBoundParameters(org.apache.commons.math.estimation.GaussNewtonEstimatorTest)
[6]
java.lang.ArrayIndexOutOfBoundsException: 6    at org.apache.commons.math.estimation.AbstractEstimator.getCovariances(AbstractEstimator.java:102)
    at org.apache.commons.math.estimation.GaussNewtonEstimatorTest.testBoundParameters(GaussNewtonEstimatorTest.java:472)
    at sun.reflect.NativeMethodAccessorImpl.invoke0(Native Method)
    at sun.reflect.NativeMethodAccessorImpl.invoke(NativeMethodAccessorImpl.java:62)
    at sun.reflect.DelegatingMethodAccessorImpl.invoke(DelegatingMethodAccessorImpl.java:43)
    at java.lang.reflect.Method.invoke(Method.java:498)

21:57:58.645 [pool-101-thread-1] DEBUG tests.output - Failing tests with false: 
[testBoundParameters(org.apache.commons.math.estimation.GaussNewtonEstimatorTest): 6]
21:57:58.645 [pool-101-thread-1] DEBUG tests.output - Failing tests with true: 
[testBoundParameters(org.apache.commons.math.estimation.GaussNewtonEstimatorTest): 6]
21:57:58.645 [pool-101-thread-1] INFO  f.i.l.r.n.synth.SMTNopolSynthesizer - Not enough specifications: 0. A trivial patch is "true" or "false", please write new tests specifying SourceLocation org.apache.commons.math.estimation.AbstractEstimator:162.
21:57:58.645 [pool-2-thread-1] DEBUG fr.inria.lille.repair.nopol.NoPol - statement #79
21:57:58.645 [pool-2-thread-1] DEBUG fr.inria.lille.repair.nopol.NoPol - Analysing SourceLocation org.apache.commons.math.estimation.GaussNewtonEstimator:172 which is executed by 10 tests
1152637747
21:57:58.730 [pool-2-thread-1] DEBUG fr.inria.lille.repair.nopol.NoPol - statement #80
21:57:58.730 [pool-2-thread-1] DEBUG fr.inria.lille.repair.nopol.NoPol - Analysing SourceLocation org.apache.commons.math.estimation.GaussNewtonEstimator:168 which is executed by 12 tests
1152637747
21:57:58.809 [pool-2-thread-1] DEBUG fr.inria.lille.repair.nopol.NoPol - statement #81
21:57:58.810 [pool-2-thread-1] DEBUG fr.inria.lille.repair.nopol.NoPol - Analysing SourceLocation org.apache.commons.math.estimation.GaussNewtonEstimator:166 which is executed by 12 tests
1152637747
21:57:58.902 [pool-2-thread-1] DEBUG fr.inria.lille.repair.nopol.NoPol - looking with class fr.inria.lille.repair.nopol.spoon.smt.ConditionalAdder
java.lang.ArrayIndexOutOfBoundsException: 6
    at org.apache.commons.math.estimation.AbstractEstimator.getCovariances(AbstractEstimator.java:173)
    at org.apache.commons.math.estimation.GaussNewtonEstimatorTest.testBoundParameters(GaussNewtonEstimatorTest.java:472)
    at sun.reflect.NativeMethodAccessorImpl.invoke0(Native Method)
    at sun.reflect.NativeMethodAccessorImpl.invoke(NativeMethodAccessorImpl.java:62)
    at sun.reflect.DelegatingMethodAccessorImpl.invoke(DelegatingMethodAccessorImpl.java:43)
    at java.lang.reflect.Method.invoke(Method.java:498)
21:57:58.926 [pool-106-thread-1] INFO  xxl.java.junit.TestCasesListener - Tests run finished (20 ms)
<> Total tests run: 15
<> Ignored tests: 0
<> Failed tests: 1
~ testBoundParameters(org.apache.commons.math.estimation.GaussNewtonEstimatorTest)
[6]
java.lang.ArrayIndexOutOfBoundsException: 6    at org.apache.commons.math.estimation.AbstractEstimator.getCovariances(AbstractEstimator.java:173)
    at org.apache.commons.math.estimation.GaussNewtonEstimatorTest.testBoundParameters(GaussNewtonEstimatorTest.java:472)
    at sun.reflect.NativeMethodAccessorImpl.invoke0(Native Method)
    at sun.reflect.NativeMethodAccessorImpl.invoke(NativeMethodAccessorImpl.java:62)
    at sun.reflect.DelegatingMethodAccessorImpl.invoke(DelegatingMethodAccessorImpl.java:43)
    at java.lang.reflect.Method.invoke(Method.java:498)

java.lang.OutOfMemoryError: GC overhead limit exceeded
22:02:50.457 [pool-105-thread-1] DEBUG xxl.java.junit.TestSuiteExecution - Timeout after 200 seconds. Infinite loop?
    at java.util.HashMap.newNode(HashMap.java:1747)
    at java.util.HashMap.putVal(HashMap.java:642)
    at java.util.HashMap.put(HashMap.java:612)
    at fr.inria.lille.commons.trace.collector.ValueCollector.collectFrom(ValueCollector.java:19)
    at fr.inria.lille.commons.trace.RuntimeValues.collectInput(RuntimeValues.java:89)
    at org.apache.commons.math.estimation.GaussNewtonEstimator.estimate(GaussNewtonEstimator.java:67)
22:02:50.458 [pool-2-thread-1] ERROR fr.inria.lille.repair.nopol.NoPol - Error ExecutionException java.util.concurrent.ExecutionException: java.lang.RuntimeException: java.util.concurrent.TimeoutException
22:03:11.190 [pool-107-thread-1] INFO  f.i.l.c.t.SpecificationTestCasesListener - Tests run finished (291377 ms)
<> Total tests run: 1
<> Ignored tests: 0
<> Failed tests: 1
~ testBoundParameters(org.apache.commons.math.estimation.GaussNewtonEstimatorTest)
[GC overhead limit exceeded]
java.lang.OutOfMemoryError: GC overhead limit exceeded    at java.util.HashMap.newNode(HashMap.java:1747)
    at java.util.HashMap.putVal(HashMap.java:642)
    at java.util.HashMap.put(HashMap.java:612)
    at fr.inria.lille.commons.trace.collector.ValueCollector.collectFrom(ValueCollector.java:19)
    at fr.inria.lille.commons.trace.RuntimeValues.collectInput(RuntimeValues.java:89)
    at org.apache.commons.math.estimation.GaussNewtonEstimator.estimate(GaussNewtonEstimator.java:67)

22:03:19.592 [pool-2-thread-1] DEBUG fr.inria.lille.repair.nopol.NoPol - statement #82
22:03:19.593 [pool-2-thread-1] DEBUG fr.inria.lille.repair.nopol.NoPol - Analysing SourceLocation org.apache.commons.math.estimation.GaussNewtonEstimator:165 which is executed by 12 tests
java.util.concurrent.ExecutionException: java.lang.OutOfMemoryError: GC overhead limit exceeded
	at java.util.concurrent.FutureTask.report(FutureTask.java:122)
	at java.util.concurrent.FutureTask.get(FutureTask.java:206)
	at fr.inria.lille.repair.Main.main(Main.java:106)
Caused by: java.lang.OutOfMemoryError: GC overhead limit exceeded
	at java.util.Arrays.copyOfRange(Arrays.java:3664)
	at java.lang.String.<init>(String.java:207)
	at java.util.zip.ZipCoder.toString(ZipCoder.java:59)
	at java.util.zip.ZipFile.getZipEntry(ZipFile.java:583)
	at java.util.zip.ZipFile.access$900(ZipFile.java:60)
	at java.util.zip.ZipFile$ZipEntryIterator.next(ZipFile.java:539)
	at java.util.zip.ZipFile$ZipEntryIterator.nextElement(ZipFile.java:514)
	at java.util.zip.ZipFile$ZipEntryIterator.nextElement(ZipFile.java:495)
	at org.eclipse.jdt.internal.compiler.batch.ClasspathJar.getModulesDeclaringPackage(ClasspathJar.java:234)
	at org.eclipse.jdt.internal.compiler.batch.ClasspathLocation.isPackage(ClasspathLocation.java:177)
	at org.eclipse.jdt.internal.compiler.batch.ClasspathJar.findClass(ClasspathJar.java:111)
	at org.eclipse.jdt.internal.compiler.batch.FileSystem.internalFindClass(FileSystem.java:443)
	at org.eclipse.jdt.internal.compiler.batch.FileSystem.findClass(FileSystem.java:385)
	at org.eclipse.jdt.internal.compiler.batch.FileSystem.findType(FileSystem.java:529)
	at org.eclipse.jdt.internal.compiler.env.IModuleAwareNameEnvironment.findType(IModuleAwareNameEnvironment.java:94)
	at org.eclipse.jdt.internal.compiler.lookup.LookupEnvironment.createPackage(LookupEnvironment.java:1094)
	at org.eclipse.jdt.internal.compiler.lookup.CompilationUnitScope.buildTypeBindings(CompilationUnitScope.java:129)
	at org.eclipse.jdt.internal.compiler.lookup.LookupEnvironment.buildTypeBindings(LookupEnvironment.java:457)
	at org.eclipse.jdt.internal.compiler.Compiler.internalBeginToCompile(Compiler.java:838)
	at org.eclipse.jdt.internal.compiler.Compiler.beginToCompile(Compiler.java:387)
	at spoon.support.compiler.jdt.TreeBuilderCompiler.buildUnits(TreeBuilderCompiler.java:73)
	at spoon.support.compiler.jdt.JDTBatchCompiler.getUnits(JDTBatchCompiler.java:266)
	at spoon.support.compiler.jdt.JDTBasedSpoonCompiler.buildUnits(JDTBasedSpoonCompiler.java:444)
	at spoon.support.compiler.jdt.JDTBasedSpoonCompiler.buildUnitsAndModel(JDTBasedSpoonCompiler.java:388)
	at spoon.support.compiler.jdt.JDTBasedSpoonCompiler.buildSources(JDTBasedSpoonCompiler.java:340)
	at spoon.support.compiler.jdt.JDTBasedSpoonCompiler.build(JDTBasedSpoonCompiler.java:129)
	at spoon.support.compiler.jdt.JDTBasedSpoonCompiler.build(JDTBasedSpoonCompiler.java:113)
	at fr.inria.lille.commons.spoon.util.SpoonModelLibrary.modelFor(SpoonModelLibrary.java:53)
	at fr.inria.lille.commons.spoon.SpoonedFile.<init>(SpoonedFile.java:61)
	at fr.inria.lille.commons.spoon.SpoonedClass.<init>(SpoonedClass.java:14)
	at fr.inria.lille.commons.spoon.SpoonedProject.forked(SpoonedProject.java:47)
	at fr.inria.lille.repair.nopol.NoPol.runOnStatement(NoPol.java:222)

Usage: java -jar nopol.jar
                          [(-m|--mode) <repair|ranking>] (-e|--type) <condition|precondition|pre_then_cond|loop|arithmetic> [(-o|--oracle) <angelic|symbolic>] [(-y|--synthesis) <smt|dynamoth>] [(-l|--solver) <z3|cvc4>] [(-p|--solver-path) <solverPath>] (-s|--source) source1:source2:...:sourceN  (-c|--classpath) <classpath> [(-t|--test) test1:test2:...:testN ] [--complianceLevel <complianceLevel>] [--maxTime <maxTime>] [--maxTimeType <maxTimeType>] [(-z|--flocal) < cocospoon|dumb|gzoltar>] [--output <outputFolder>] [--json[:<outputJson>]]

  [(-m|--mode) <repair|ranking>]
        Define the mode of execution. (default: repair)

  (-e|--type) <condition|precondition|pre_then_cond|loop|arithmetic>
        The repair type (example fixing only conditions, or adding
        precondition). REQUIRED OPTION (default: condition)

  [(-o|--oracle) <angelic|symbolic>]
        Define the oracle (only used with repair mode). (default: angelic)

  [(-y|--synthesis) <smt|dynamoth>]
        Define the patch synthesis. (default: smt)

  [(-l|--solver) <z3|cvc4>]
        Define the solver (only used with smt synthesis). (default: z3)

  [(-p|--solver-path) <solverPath>]
        Define the solver binary path (only used with smt synthesis).

  (-s|--source) source1:source2:...:sourceN 
        Define the path to the source code of the project.

  (-c|--classpath) <classpath>
        Define the classpath of the project.

  [(-t|--test) test1:test2:...:testN ]
        Define the tests of the project (both failing and passing),
        fully-qualified, separated with ':' (even if the classpath contains
        other tests, only those are considered.

  [--complianceLevel <complianceLevel>]
        The compliance level of the project. (default: 7)

  [--maxTime <maxTime>]
        The maximum time execution in minute for the whole execution of
        Nopol.(default: 10)

  [--maxTimeType <maxTimeType>]
        The maximum time execution in minute for one type of patch. (default: 5)

  [(-z|--flocal) < cocospoon|dumb|gzoltar>]
        Define the fault localizer to be used. (default: gzoltar)

  [--output <outputFolder>]
        Define the location where the patches will be saved. (default: .)

  [--json[:<outputJson>]]
        Output a json file in the current working directory.

Command exited with non-zero status 255
5853.95user 10.55system 6:12.58elapsed 1574%CPU (0avgtext+0avgdata 4585844maxresident)k
50592inputs+5968outputs (3major+1326979minor)pagefaults 0swaps


Node: petitprince-9.luxembourg.grid5000.fr



Date: Wed Nov 28 22:03:47 EST 2018

