cd /tmp/DynaMoth_Defects4J_Chart_12;
export JAVA_TOOL_OPTIONS="-Dfile.encoding=UTF8 -Duser.language=en-US -Duser.country=US -Duser.language=en";
TZ="America/New_York"; export TZ;
export PATH="/usr/lib/jvm/java-1.8.0-openjdk-amd64/bin/:$PATH";
export JAVA_HOME="/usr/lib/jvm/java-1.8.0-openjdk-amd64/bin/";
time java -d64 -Xmx4g -Xms1g -XX:MaxPermSize=1024m -XX:+UseConcMarkSweepGC -XX:+CMSClassUnloadingEnabled -XX:+CMSClassUnloadingEnabled -cp /home/tdurieux/defects4j4repair/script/../repair_tools/nopol.jar:/usr/lib/jvm/java-1.8.0-openjdk-amd64/bin//../lib/tools.jar fr.inria.lille.repair.Main \
	--mode repair \
	--type pre_then_cond \
	--oracle angelic \
	--synthesis dynamoth \
	--flocal gzoltar \
	--json \
	--solver z3 \
	--solver-path /home/tdurieux/defects4j4repair/script/../libs/z3/build/z3 \
	--complianceLevel 4 \
	--source source/ \
	--classpath "build/:build-tests/:/tmp/DynaMoth_Defects4J_Chart_12/build/:/tmp/DynaMoth_Defects4J_Chart_12/build-tests/:/tmp/DynaMoth_Defects4J_Chart_12/lib/itext-2.0.6.jar:/tmp/DynaMoth_Defects4J_Chart_12/lib/junit.jar:/tmp/DynaMoth_Defects4J_Chart_12/lib/servlet.jar:/home/tdurieux/defects4j4repair/script/../benchmarks/defects4j/framework/projects/lib/junit-4.11.jar:/home/tdurieux/defects4j4repair/script/../repair_tools/nopol.jar";
	echo "\n\nNode: `hostname`\n";
	echo "\n\nDate: `date`\n";
Picked up JAVA_TOOL_OPTIONS: -Dfile.encoding=UTF8 -Duser.language=en-US -Duser.country=US -Duser.language=en
OpenJDK 64-Bit Server VM warning: ignoring option MaxPermSize=1024m; support was removed in 8.0
16:19:20.046 [main] INFO  fr.inria.lille.repair.nopol.NoPol - Source files: [source]
16:19:20.052 [main] INFO  fr.inria.lille.repair.nopol.NoPol - Classpath: [file:/tmp/DynaMoth_Defects4J_Chart_12/build/, file:/tmp/DynaMoth_Defects4J_Chart_12/build-tests/, file:/tmp/DynaMoth_Defects4J_Chart_12/build/, file:/tmp/DynaMoth_Defects4J_Chart_12/build-tests/, file:/tmp/DynaMoth_Defects4J_Chart_12/lib/itext-2.0.6.jar, file:/tmp/DynaMoth_Defects4J_Chart_12/lib/junit.jar, file:/tmp/DynaMoth_Defects4J_Chart_12/lib/servlet.jar, file:/home/tdurieux/defects4j4repair/script/../benchmarks/defects4j/framework/projects/lib/junit-4.11.jar, file:/home/tdurieux/defects4j4repair/script/../repair_tools/nopol.jar]
16:19:20.052 [main] INFO  fr.inria.lille.repair.nopol.NoPol - Statement type: PRE_THEN_COND
16:19:20.053 [main] INFO  fr.inria.lille.repair.nopol.NoPol - Args: [org.jfree.chart.annotations.junit.AnnotationsPackageTests, org.jfree.chart.annotations.junit.AnnotationsPackageTests, org.jfree.chart.annotations.junit.CategoryLineAnnotationTests, org.jfree.chart.annotations.junit.CategoryLineAnnotationTests, org.jfree.chart.annotations.junit.CategoryPointerAnnotationTests, org.jfree.chart.annotations.junit.CategoryPointerAnnotationTests, org.jfree.chart.annotations.junit.CategoryTextAnnotationTests, org.jfree.chart.annotations.junit.CategoryTextAnnotationTests, org.jfree.chart.annotations.junit.TextAnnotationTests, org.jfree.chart.annotations.junit.TextAnnotationTests, org.jfree.chart.annotations.junit.XYBoxAnnotationTests, org.jfree.chart.annotations.junit.XYBoxAnnotationTests, org.jfree.chart.annotations.junit.XYDrawableAnnotationTests, org.jfree.chart.annotations.junit.XYDrawableAnnotationTests, org.jfree.chart.annotations.junit.XYImageAnnotationTests, org.jfree.chart.annotations.junit.XYImageAnnotationTests, org.jfree.chart.annotations.junit.XYLineAnnotationTests, org.jfree.chart.annotations.junit.XYLineAnnotationTests, org.jfree.chart.annotations.junit.XYPointerAnnotationTests, org.jfree.chart.annotations.junit.XYPointerAnnotationTests, org.jfree.chart.annotations.junit.XYPolygonAnnotationTests, org.jfree.chart.annotations.junit.XYPolygonAnnotationTests, org.jfree.chart.annotations.junit.XYShapeAnnotationTests, org.jfree.chart.annotations.junit.XYShapeAnnotationTests, org.jfree.chart.annotations.junit.XYTextAnnotationTests, org.jfree.chart.annotations.junit.XYTextAnnotationTests, org.jfree.chart.axis.junit.AxisLocationTests, org.jfree.chart.axis.junit.AxisLocationTests, org.jfree.chart.axis.junit.AxisPackageTests, org.jfree.chart.axis.junit.AxisPackageTests, org.jfree.chart.axis.junit.AxisSpaceTests, org.jfree.chart.axis.junit.AxisSpaceTests, org.jfree.chart.axis.junit.AxisTests, org.jfree.chart.axis.junit.AxisTests, org.jfree.chart.axis.junit.CategoryAnchorTests, org.jfree.chart.axis.junit.CategoryAnchorTests, org.jfree.chart.axis.junit.CategoryAxis3DTests, org.jfree.chart.axis.junit.CategoryAxis3DTests, org.jfree.chart.axis.junit.CategoryAxisTests, org.jfree.chart.axis.junit.CategoryAxisTests, org.jfree.chart.axis.junit.CategoryLabelPositionTests, org.jfree.chart.axis.junit.CategoryLabelPositionTests, org.jfree.chart.axis.junit.CategoryLabelPositionsTests, org.jfree.chart.axis.junit.CategoryLabelPositionsTests, org.jfree.chart.axis.junit.CategoryLabelWidthTypeTests, org.jfree.chart.axis.junit.CategoryLabelWidthTypeTests, org.jfree.chart.axis.junit.CategoryTickTests, org.jfree.chart.axis.junit.CategoryTickTests, org.jfree.chart.axis.junit.CyclicNumberAxisTests, org.jfree.chart.axis.junit.CyclicNumberAxisTests, org.jfree.chart.axis.junit.DateAxisTests, org.jfree.chart.axis.junit.DateAxisTests, org.jfree.chart.axis.junit.DateTickMarkPositionTests, org.jfree.chart.axis.junit.DateTickMarkPositionTests, org.jfree.chart.axis.junit.DateTickTests, org.jfree.chart.axis.junit.DateTickTests, org.jfree.chart.axis.junit.DateTickUnitTests, org.jfree.chart.axis.junit.DateTickUnitTests, org.jfree.chart.axis.junit.ExtendedCategoryAxisTests, org.jfree.chart.axis.junit.ExtendedCategoryAxisTests, org.jfree.chart.axis.junit.LogAxisTests, org.jfree.chart.axis.junit.LogAxisTests, org.jfree.chart.axis.junit.LogarithmicAxisTests, org.jfree.chart.axis.junit.LogarithmicAxisTests, org.jfree.chart.axis.junit.MarkerAxisBandTests, org.jfree.chart.axis.junit.MarkerAxisBandTests, org.jfree.chart.axis.junit.MonthDateFormatTests, org.jfree.chart.axis.junit.MonthDateFormatTests, org.jfree.chart.axis.junit.NumberAxis3DTests, org.jfree.chart.axis.junit.NumberAxis3DTests, org.jfree.chart.axis.junit.NumberAxisTests, org.jfree.chart.axis.junit.NumberAxisTests, org.jfree.chart.axis.junit.NumberTickUnitTests, org.jfree.chart.axis.junit.NumberTickUnitTests, org.jfree.chart.axis.junit.PeriodAxisLabelInfoTests, org.jfree.chart.axis.junit.PeriodAxisLabelInfoTests, org.jfree.chart.axis.junit.PeriodAxisTests, org.jfree.chart.axis.junit.PeriodAxisTests, org.jfree.chart.axis.junit.QuarterDateFormatTests, org.jfree.chart.axis.junit.QuarterDateFormatTests, org.jfree.chart.axis.junit.SegmentedTimelineTests, org.jfree.chart.axis.junit.SegmentedTimelineTests, org.jfree.chart.axis.junit.SegmentedTimelineTests2, org.jfree.chart.axis.junit.SegmentedTimelineTests2, org.jfree.chart.axis.junit.StandardTickUnitSourceTests, org.jfree.chart.axis.junit.StandardTickUnitSourceTests, org.jfree.chart.axis.junit.SubCategoryAxisTests, org.jfree.chart.axis.junit.SubCategoryAxisTests, org.jfree.chart.axis.junit.SymbolAxisTests, org.jfree.chart.axis.junit.SymbolAxisTests, org.jfree.chart.axis.junit.TickUnitsTests, org.jfree.chart.axis.junit.TickUnitsTests, org.jfree.chart.axis.junit.ValueAxisTests, org.jfree.chart.axis.junit.ValueAxisTests, org.jfree.chart.block.junit.AbstractBlockTests, org.jfree.chart.block.junit.AbstractBlockTests, org.jfree.chart.block.junit.BlockBorderTests, org.jfree.chart.block.junit.BlockBorderTests, org.jfree.chart.block.junit.BlockContainerTests, org.jfree.chart.block.junit.BlockContainerTests, org.jfree.chart.block.junit.BlockPackageTests, org.jfree.chart.block.junit.BlockPackageTests, org.jfree.chart.block.junit.BorderArrangementTests, org.jfree.chart.block.junit.BorderArrangementTests, org.jfree.chart.block.junit.ColorBlockTests, org.jfree.chart.block.junit.ColorBlockTests, org.jfree.chart.block.junit.ColumnArrangementTests, org.jfree.chart.block.junit.ColumnArrangementTests, org.jfree.chart.block.junit.EmptyBlockTests, org.jfree.chart.block.junit.EmptyBlockTests, org.jfree.chart.block.junit.FlowArrangementTests, org.jfree.chart.block.junit.FlowArrangementTests, org.jfree.chart.block.junit.GridArrangementTests, org.jfree.chart.block.junit.GridArrangementTests, org.jfree.chart.block.junit.LabelBlockTests, org.jfree.chart.block.junit.LabelBlockTests, org.jfree.chart.block.junit.LineBorderTests, org.jfree.chart.block.junit.LineBorderTests, org.jfree.chart.block.junit.RectangleConstraintTests, org.jfree.chart.block.junit.RectangleConstraintTests, org.jfree.chart.entity.junit.CategoryItemEntityTests, org.jfree.chart.entity.junit.CategoryItemEntityTests, org.jfree.chart.entity.junit.EntityPackageTests, org.jfree.chart.entity.junit.EntityPackageTests, org.jfree.chart.entity.junit.LegendItemEntityTests, org.jfree.chart.entity.junit.LegendItemEntityTests, org.jfree.chart.entity.junit.PieSectionEntityTests, org.jfree.chart.entity.junit.PieSectionEntityTests, org.jfree.chart.entity.junit.StandardEntityCollectionTests, org.jfree.chart.entity.junit.StandardEntityCollectionTests, org.jfree.chart.entity.junit.TickLabelEntityTests, org.jfree.chart.entity.junit.TickLabelEntityTests, org.jfree.chart.entity.junit.XYItemEntityTests, org.jfree.chart.entity.junit.XYItemEntityTests, org.jfree.chart.junit.AreaChartTests, org.jfree.chart.junit.AreaChartTests, org.jfree.chart.junit.BarChart3DTests, org.jfree.chart.junit.BarChart3DTests, org.jfree.chart.junit.BarChartTests, org.jfree.chart.junit.BarChartTests, org.jfree.chart.junit.ChartPackageTests, org.jfree.chart.junit.ChartPackageTests, org.jfree.chart.junit.ChartPanelTests, org.jfree.chart.junit.ChartPanelTests, org.jfree.chart.junit.ChartRenderingInfoTests, org.jfree.chart.junit.ChartRenderingInfoTests, org.jfree.chart.junit.GanttChartTests, org.jfree.chart.junit.GanttChartTests, org.jfree.chart.junit.JFreeChartTests, org.jfree.chart.junit.JFreeChartTests, org.jfree.chart.junit.LegendItemCollectionTests, org.jfree.chart.junit.LegendItemCollectionTests, org.jfree.chart.junit.LegendItemTests, org.jfree.chart.junit.LegendItemTests, org.jfree.chart.junit.LineChart3DTests, org.jfree.chart.junit.LineChart3DTests, org.jfree.chart.junit.LineChartTests, org.jfree.chart.junit.LineChartTests, org.jfree.chart.junit.MeterChartTests, org.jfree.chart.junit.MeterChartTests, org.jfree.chart.junit.PaintMapTests, org.jfree.chart.junit.PaintMapTests, org.jfree.chart.junit.PieChart3DTests, org.jfree.chart.junit.PieChart3DTests, org.jfree.chart.junit.PieChartTests, org.jfree.chart.junit.PieChartTests, org.jfree.chart.junit.ScatterPlotTests, org.jfree.chart.junit.ScatterPlotTests, org.jfree.chart.junit.StackedAreaChartTests, org.jfree.chart.junit.StackedAreaChartTests, org.jfree.chart.junit.StackedBarChart3DTests, org.jfree.chart.junit.StackedBarChart3DTests, org.jfree.chart.junit.StackedBarChartTests, org.jfree.chart.junit.StackedBarChartTests, org.jfree.chart.junit.StrokeMapTests, org.jfree.chart.junit.StrokeMapTests, org.jfree.chart.junit.TimeSeriesChartTests, org.jfree.chart.junit.TimeSeriesChartTests, org.jfree.chart.junit.WaterfallChartTests, org.jfree.chart.junit.WaterfallChartTests, org.jfree.chart.junit.XYAreaChartTests, org.jfree.chart.junit.XYAreaChartTests, org.jfree.chart.junit.XYBarChartTests, org.jfree.chart.junit.XYBarChartTests, org.jfree.chart.junit.XYLineChartTests, org.jfree.chart.junit.XYLineChartTests, org.jfree.chart.junit.XYStepAreaChartTests, org.jfree.chart.junit.XYStepAreaChartTests, org.jfree.chart.junit.XYStepChartTests, org.jfree.chart.junit.XYStepChartTests, org.jfree.chart.labels.junit.BoxAndWhiskerToolTipGeneratorTests, org.jfree.chart.labels.junit.BoxAndWhiskerToolTipGeneratorTests, org.jfree.chart.labels.junit.BoxAndWhiskerXYToolTipGeneratorTests, org.jfree.chart.labels.junit.BoxAndWhiskerXYToolTipGeneratorTests, org.jfree.chart.labels.junit.BubbleXYItemLabelGeneratorTests, org.jfree.chart.labels.junit.BubbleXYItemLabelGeneratorTests, org.jfree.chart.labels.junit.CustomXYItemLabelGeneratorTests, org.jfree.chart.labels.junit.CustomXYItemLabelGeneratorTests, org.jfree.chart.labels.junit.HighLowItemLabelGeneratorTests, org.jfree.chart.labels.junit.HighLowItemLabelGeneratorTests, org.jfree.chart.labels.junit.IntervalCategoryLabelGeneratorTests, org.jfree.chart.labels.junit.IntervalCategoryLabelGeneratorTests, org.jfree.chart.labels.junit.ItemLabelAnchorTests, org.jfree.chart.labels.junit.ItemLabelAnchorTests, org.jfree.chart.labels.junit.ItemLabelPositionTests, org.jfree.chart.labels.junit.ItemLabelPositionTests, org.jfree.chart.labels.junit.LabelsPackageTests, org.jfree.chart.labels.junit.LabelsPackageTests, org.jfree.chart.labels.junit.MultipleXYSeriesLabelGeneratorTests, org.jfree.chart.labels.junit.MultipleXYSeriesLabelGeneratorTests, org.jfree.chart.labels.junit.StandardCategoryItemLabelGeneratorTests, org.jfree.chart.labels.junit.StandardCategoryItemLabelGeneratorTests, org.jfree.chart.labels.junit.StandardCategorySeriesLabelGeneratorTests, org.jfree.chart.labels.junit.StandardCategorySeriesLabelGeneratorTests, org.jfree.chart.labels.junit.StandardCategoryToolTipGeneratorTests, org.jfree.chart.labels.junit.StandardCategoryToolTipGeneratorTests, org.jfree.chart.labels.junit.StandardPieSectionLabelGeneratorTests, org.jfree.chart.labels.junit.StandardPieSectionLabelGeneratorTests, org.jfree.chart.labels.junit.StandardPieToolTipGeneratorTests, org.jfree.chart.labels.junit.StandardPieToolTipGeneratorTests, org.jfree.chart.labels.junit.StandardXYItemLabelGeneratorTests, org.jfree.chart.labels.junit.StandardXYItemLabelGeneratorTests, org.jfree.chart.labels.junit.StandardXYSeriesLabelGeneratorTests, org.jfree.chart.labels.junit.StandardXYSeriesLabelGeneratorTests, org.jfree.chart.labels.junit.StandardXYToolTipGeneratorTests, org.jfree.chart.labels.junit.StandardXYToolTipGeneratorTests, org.jfree.chart.labels.junit.StandardXYZToolTipGeneratorTests, org.jfree.chart.labels.junit.StandardXYZToolTipGeneratorTests, org.jfree.chart.labels.junit.SymbolicXYItemLabelGeneratorTests, org.jfree.chart.labels.junit.SymbolicXYItemLabelGeneratorTests, org.jfree.chart.needle.junit.ArrowNeedleTests, org.jfree.chart.needle.junit.ArrowNeedleTests, org.jfree.chart.needle.junit.LineNeedleTests, org.jfree.chart.needle.junit.LineNeedleTests, org.jfree.chart.needle.junit.LongNeedleTests, org.jfree.chart.needle.junit.LongNeedleTests, org.jfree.chart.needle.junit.MeterNeedleTests, org.jfree.chart.needle.junit.MeterNeedleTests, org.jfree.chart.needle.junit.MiddlePinNeedleTests, org.jfree.chart.needle.junit.MiddlePinNeedleTests, org.jfree.chart.needle.junit.NeedlePackageTests, org.jfree.chart.needle.junit.NeedlePackageTests, org.jfree.chart.needle.junit.PinNeedleTests, org.jfree.chart.needle.junit.PinNeedleTests, org.jfree.chart.needle.junit.PlumNeedleTests, org.jfree.chart.needle.junit.PlumNeedleTests, org.jfree.chart.needle.junit.PointerNeedleTests, org.jfree.chart.needle.junit.PointerNeedleTests, org.jfree.chart.needle.junit.ShipNeedleTests, org.jfree.chart.needle.junit.ShipNeedleTests, org.jfree.chart.needle.junit.WindNeedleTests, org.jfree.chart.needle.junit.WindNeedleTests, org.jfree.chart.plot.dial.junit.AbstractDialLayerTests, org.jfree.chart.plot.dial.junit.AbstractDialLayerTests, org.jfree.chart.plot.dial.junit.ArcDialFrameTests, org.jfree.chart.plot.dial.junit.ArcDialFrameTests, org.jfree.chart.plot.dial.junit.DialBackgroundTests, org.jfree.chart.plot.dial.junit.DialBackgroundTests, org.jfree.chart.plot.dial.junit.DialCapTests, org.jfree.chart.plot.dial.junit.DialCapTests, org.jfree.chart.plot.dial.junit.DialPackageTests, org.jfree.chart.plot.dial.junit.DialPackageTests, org.jfree.chart.plot.dial.junit.DialPlotTests, org.jfree.chart.plot.dial.junit.DialPlotTests, org.jfree.chart.plot.dial.junit.DialPointerTests, org.jfree.chart.plot.dial.junit.DialPointerTests, org.jfree.chart.plot.dial.junit.DialTextAnnotationTests, org.jfree.chart.plot.dial.junit.DialTextAnnotationTests, org.jfree.chart.plot.dial.junit.DialValueIndicatorTests, org.jfree.chart.plot.dial.junit.DialValueIndicatorTests, org.jfree.chart.plot.dial.junit.StandardDialFrameTests, org.jfree.chart.plot.dial.junit.StandardDialFrameTests, org.jfree.chart.plot.dial.junit.StandardDialRangeTests, org.jfree.chart.plot.dial.junit.StandardDialRangeTests, org.jfree.chart.plot.dial.junit.StandardDialScaleTests, org.jfree.chart.plot.dial.junit.StandardDialScaleTests, org.jfree.chart.plot.junit.CategoryMarkerTests, org.jfree.chart.plot.junit.CategoryMarkerTests, org.jfree.chart.plot.junit.CategoryPlotTests, org.jfree.chart.plot.junit.CategoryPlotTests, org.jfree.chart.plot.junit.CombinedDomainCategoryPlotTests, org.jfree.chart.plot.junit.CombinedDomainCategoryPlotTests, org.jfree.chart.plot.junit.CombinedDomainXYPlotTests, org.jfree.chart.plot.junit.CombinedDomainXYPlotTests, org.jfree.chart.plot.junit.CombinedRangeCategoryPlotTests, org.jfree.chart.plot.junit.CombinedRangeCategoryPlotTests, org.jfree.chart.plot.junit.CombinedRangeXYPlotTests, org.jfree.chart.plot.junit.CombinedRangeXYPlotTests, org.jfree.chart.plot.junit.CompassPlotTests, org.jfree.chart.plot.junit.CompassPlotTests, org.jfree.chart.plot.junit.DefaultDrawingSupplierTests, org.jfree.chart.plot.junit.DefaultDrawingSupplierTests, org.jfree.chart.plot.junit.FastScatterPlotTests, org.jfree.chart.plot.junit.FastScatterPlotTests, org.jfree.chart.plot.junit.IntervalMarkerTests, org.jfree.chart.plot.junit.IntervalMarkerTests, org.jfree.chart.plot.junit.MarkerTests, org.jfree.chart.plot.junit.MarkerTests, org.jfree.chart.plot.junit.MeterIntervalTests, org.jfree.chart.plot.junit.MeterIntervalTests, org.jfree.chart.plot.junit.MeterPlotTests, org.jfree.chart.plot.junit.MeterPlotTests, org.jfree.chart.plot.junit.MultiplePiePlotTests, org.jfree.chart.plot.junit.MultiplePiePlotTests, org.jfree.chart.plot.junit.PieLabelRecordTests, org.jfree.chart.plot.junit.PieLabelRecordTests, org.jfree.chart.plot.junit.PiePlot3DTests, org.jfree.chart.plot.junit.PiePlot3DTests, org.jfree.chart.plot.junit.PiePlotTests, org.jfree.chart.plot.junit.PiePlotTests, org.jfree.chart.plot.junit.PlotOrientationTests, org.jfree.chart.plot.junit.PlotOrientationTests, org.jfree.chart.plot.junit.PlotPackageTests, org.jfree.chart.plot.junit.PlotPackageTests, org.jfree.chart.plot.junit.PlotRenderingInfoTests, org.jfree.chart.plot.junit.PlotRenderingInfoTests, org.jfree.chart.plot.junit.PlotTests, org.jfree.chart.plot.junit.PlotTests, org.jfree.chart.plot.junit.PolarPlotTests, org.jfree.chart.plot.junit.PolarPlotTests, org.jfree.chart.plot.junit.RingPlotTests, org.jfree.chart.plot.junit.RingPlotTests, org.jfree.chart.plot.junit.SpiderWebPlotTests, org.jfree.chart.plot.junit.SpiderWebPlotTests, org.jfree.chart.plot.junit.ThermometerPlotTests, org.jfree.chart.plot.junit.ThermometerPlotTests, org.jfree.chart.plot.junit.ValueMarkerTests, org.jfree.chart.plot.junit.ValueMarkerTests, org.jfree.chart.plot.junit.XYPlotTests, org.jfree.chart.plot.junit.XYPlotTests, org.jfree.chart.renderer.category.junit.AbstractCategoryItemRendererTests, org.jfree.chart.renderer.category.junit.AbstractCategoryItemRendererTests, org.jfree.chart.renderer.category.junit.AreaRendererTests, org.jfree.chart.renderer.category.junit.AreaRendererTests, org.jfree.chart.renderer.category.junit.BarRenderer3DTests, org.jfree.chart.renderer.category.junit.BarRenderer3DTests, org.jfree.chart.renderer.category.junit.BarRendererTests, org.jfree.chart.renderer.category.junit.BarRendererTests, org.jfree.chart.renderer.category.junit.BoxAndWhiskerRendererTests, org.jfree.chart.renderer.category.junit.BoxAndWhiskerRendererTests, org.jfree.chart.renderer.category.junit.CategoryStepRendererTests, org.jfree.chart.renderer.category.junit.CategoryStepRendererTests, org.jfree.chart.renderer.category.junit.DefaultCategoryItemRendererTests, org.jfree.chart.renderer.category.junit.DefaultCategoryItemRendererTests, org.jfree.chart.renderer.category.junit.GanttRendererTests, org.jfree.chart.renderer.category.junit.GanttRendererTests, org.jfree.chart.renderer.category.junit.GroupedStackedBarRendererTests, org.jfree.chart.renderer.category.junit.GroupedStackedBarRendererTests, org.jfree.chart.renderer.category.junit.IntervalBarRendererTests, org.jfree.chart.renderer.category.junit.IntervalBarRendererTests, org.jfree.chart.renderer.category.junit.LayeredBarRendererTests, org.jfree.chart.renderer.category.junit.LayeredBarRendererTests, org.jfree.chart.renderer.category.junit.LevelRendererTests, org.jfree.chart.renderer.category.junit.LevelRendererTests, org.jfree.chart.renderer.category.junit.LineAndShapeRendererTests, org.jfree.chart.renderer.category.junit.LineAndShapeRendererTests, org.jfree.chart.renderer.category.junit.LineRenderer3DTests, org.jfree.chart.renderer.category.junit.LineRenderer3DTests, org.jfree.chart.renderer.category.junit.MinMaxCategoryRendererTests, org.jfree.chart.renderer.category.junit.MinMaxCategoryRendererTests, org.jfree.chart.renderer.category.junit.RendererCategoryPackageTests, org.jfree.chart.renderer.category.junit.RendererCategoryPackageTests, org.jfree.chart.renderer.category.junit.ScatterRendererTests, org.jfree.chart.renderer.category.junit.ScatterRendererTests, org.jfree.chart.renderer.category.junit.StackedAreaRendererTests, org.jfree.chart.renderer.category.junit.StackedAreaRendererTests, org.jfree.chart.renderer.category.junit.StackedBarRenderer3DTests, org.jfree.chart.renderer.category.junit.StackedBarRenderer3DTests, org.jfree.chart.renderer.category.junit.StackedBarRendererTests, org.jfree.chart.renderer.category.junit.StackedBarRendererTests, org.jfree.chart.renderer.category.junit.StatisticalBarRendererTests, org.jfree.chart.renderer.category.junit.StatisticalBarRendererTests, org.jfree.chart.renderer.category.junit.StatisticalLineAndShapeRendererTests, org.jfree.chart.renderer.category.junit.StatisticalLineAndShapeRendererTests, org.jfree.chart.renderer.category.junit.WaterfallBarRendererTests, org.jfree.chart.renderer.category.junit.WaterfallBarRendererTests, org.jfree.chart.renderer.junit.AbstractRendererTests, org.jfree.chart.renderer.junit.AbstractRendererTests, org.jfree.chart.renderer.junit.AreaRendererEndTypeTests, org.jfree.chart.renderer.junit.AreaRendererEndTypeTests, org.jfree.chart.renderer.junit.DefaultPolarItemRendererTests, org.jfree.chart.renderer.junit.DefaultPolarItemRendererTests, org.jfree.chart.renderer.junit.GrayPaintScaleTests, org.jfree.chart.renderer.junit.GrayPaintScaleTests, org.jfree.chart.renderer.junit.LookupPaintScaleTests, org.jfree.chart.renderer.junit.LookupPaintScaleTests, org.jfree.chart.renderer.junit.OutlierTests, org.jfree.chart.renderer.junit.OutlierTests, org.jfree.chart.renderer.junit.RendererPackageTests, org.jfree.chart.renderer.junit.RendererPackageTests, org.jfree.chart.renderer.junit.RendererUtilitiesTests, org.jfree.chart.renderer.junit.RendererUtilitiesTests, org.jfree.chart.renderer.xy.junit.AbstractXYItemRendererTests, org.jfree.chart.renderer.xy.junit.AbstractXYItemRendererTests, org.jfree.chart.renderer.xy.junit.CandlestickRendererTests, org.jfree.chart.renderer.xy.junit.CandlestickRendererTests, org.jfree.chart.renderer.xy.junit.ClusteredXYBarRendererTests, org.jfree.chart.renderer.xy.junit.ClusteredXYBarRendererTests, org.jfree.chart.renderer.xy.junit.DeviationRendererTests, org.jfree.chart.renderer.xy.junit.DeviationRendererTests, org.jfree.chart.renderer.xy.junit.HighLowRendererTests, org.jfree.chart.renderer.xy.junit.HighLowRendererTests, org.jfree.chart.renderer.xy.junit.RendererXYPackageTests, org.jfree.chart.renderer.xy.junit.RendererXYPackageTests, org.jfree.chart.renderer.xy.junit.StackedXYAreaRenderer2Tests, org.jfree.chart.renderer.xy.junit.StackedXYAreaRenderer2Tests, org.jfree.chart.renderer.xy.junit.StackedXYAreaRendererTests, org.jfree.chart.renderer.xy.junit.StackedXYAreaRendererTests, org.jfree.chart.renderer.xy.junit.StackedXYBarRendererTests, org.jfree.chart.renderer.xy.junit.StackedXYBarRendererTests, org.jfree.chart.renderer.xy.junit.StandardXYItemRendererTests, org.jfree.chart.renderer.xy.junit.StandardXYItemRendererTests, org.jfree.chart.renderer.xy.junit.VectorRendererTests, org.jfree.chart.renderer.xy.junit.VectorRendererTests, org.jfree.chart.renderer.xy.junit.WindItemRendererTests, org.jfree.chart.renderer.xy.junit.WindItemRendererTests, org.jfree.chart.renderer.xy.junit.XYAreaRenderer2Tests, org.jfree.chart.renderer.xy.junit.XYAreaRenderer2Tests, org.jfree.chart.renderer.xy.junit.XYAreaRendererTests, org.jfree.chart.renderer.xy.junit.XYAreaRendererTests, org.jfree.chart.renderer.xy.junit.XYBarRendererTests, org.jfree.chart.renderer.xy.junit.XYBarRendererTests, org.jfree.chart.renderer.xy.junit.XYBlockRendererTests, org.jfree.chart.renderer.xy.junit.XYBlockRendererTests, org.jfree.chart.renderer.xy.junit.XYBoxAndWhiskerRendererTests, org.jfree.chart.renderer.xy.junit.XYBoxAndWhiskerRendererTests, org.jfree.chart.renderer.xy.junit.XYBubbleRendererTests, org.jfree.chart.renderer.xy.junit.XYBubbleRendererTests, org.jfree.chart.renderer.xy.junit.XYDifferenceRendererTests, org.jfree.chart.renderer.xy.junit.XYDifferenceRendererTests, org.jfree.chart.renderer.xy.junit.XYDotRendererTests, org.jfree.chart.renderer.xy.junit.XYDotRendererTests, org.jfree.chart.renderer.xy.junit.XYErrorRendererTests, org.jfree.chart.renderer.xy.junit.XYErrorRendererTests, org.jfree.chart.renderer.xy.junit.XYLine3DRendererTests, org.jfree.chart.renderer.xy.junit.XYLine3DRendererTests, org.jfree.chart.renderer.xy.junit.XYLineAndShapeRendererTests, org.jfree.chart.renderer.xy.junit.XYLineAndShapeRendererTests, org.jfree.chart.renderer.xy.junit.XYSplineAndShapeRendererTests, org.jfree.chart.renderer.xy.junit.XYSplineAndShapeRendererTests, org.jfree.chart.renderer.xy.junit.XYStepAreaRendererTests, org.jfree.chart.renderer.xy.junit.XYStepAreaRendererTests, org.jfree.chart.renderer.xy.junit.XYStepRendererTests, org.jfree.chart.renderer.xy.junit.XYStepRendererTests, org.jfree.chart.renderer.xy.junit.YIntervalRendererTests, org.jfree.chart.renderer.xy.junit.YIntervalRendererTests, org.jfree.chart.title.junit.CompositeTitleTests, org.jfree.chart.title.junit.CompositeTitleTests, org.jfree.chart.title.junit.DateTitleTests, org.jfree.chart.title.junit.DateTitleTests, org.jfree.chart.title.junit.ImageTitleTests, org.jfree.chart.title.junit.ImageTitleTests, org.jfree.chart.title.junit.LegendGraphicTests, org.jfree.chart.title.junit.LegendGraphicTests, org.jfree.chart.title.junit.LegendTitleTests, org.jfree.chart.title.junit.LegendTitleTests, org.jfree.chart.title.junit.PaintScaleLegendTests, org.jfree.chart.title.junit.PaintScaleLegendTests, org.jfree.chart.title.junit.TextTitleTests, org.jfree.chart.title.junit.TextTitleTests, org.jfree.chart.title.junit.TitlePackageTests, org.jfree.chart.title.junit.TitlePackageTests, org.jfree.chart.title.junit.TitleTests, org.jfree.chart.title.junit.TitleTests, org.jfree.chart.urls.junit.CustomPieURLGeneratorTests, org.jfree.chart.urls.junit.CustomPieURLGeneratorTests, org.jfree.chart.urls.junit.CustomXYURLGeneratorTests, org.jfree.chart.urls.junit.CustomXYURLGeneratorTests, org.jfree.chart.urls.junit.StandardCategoryURLGeneratorTests, org.jfree.chart.urls.junit.StandardCategoryURLGeneratorTests, org.jfree.chart.urls.junit.StandardPieURLGeneratorTests, org.jfree.chart.urls.junit.StandardPieURLGeneratorTests, org.jfree.chart.urls.junit.StandardXYURLGeneratorTests, org.jfree.chart.urls.junit.StandardXYURLGeneratorTests, org.jfree.chart.urls.junit.TimeSeriesURLGeneratorTests, org.jfree.chart.urls.junit.TimeSeriesURLGeneratorTests, org.jfree.chart.urls.junit.UrlsPackageTests, org.jfree.chart.urls.junit.UrlsPackageTests, org.jfree.chart.util.junit.BooleanListTests, org.jfree.chart.util.junit.BooleanListTests, org.jfree.chart.util.junit.HashUtilitiesTests, org.jfree.chart.util.junit.HashUtilitiesTests, org.jfree.chart.util.junit.LogFormatTests, org.jfree.chart.util.junit.LogFormatTests, org.jfree.chart.util.junit.PaintListTests, org.jfree.chart.util.junit.PaintListTests, org.jfree.chart.util.junit.RelativeDateFormatTests, org.jfree.chart.util.junit.RelativeDateFormatTests, org.jfree.chart.util.junit.StrokeListTests, org.jfree.chart.util.junit.StrokeListTests, org.jfree.chart.util.junit.UtilPackageTests, org.jfree.chart.util.junit.UtilPackageTests, org.jfree.data.category.junit.CategoryToPieDatasetTests, org.jfree.data.category.junit.CategoryToPieDatasetTests, org.jfree.data.category.junit.DataCategoryPackageTests, org.jfree.data.category.junit.DataCategoryPackageTests, org.jfree.data.category.junit.DefaultCategoryDatasetTests, org.jfree.data.category.junit.DefaultCategoryDatasetTests, org.jfree.data.category.junit.DefaultIntervalCategoryDatasetTests, org.jfree.data.category.junit.DefaultIntervalCategoryDatasetTests, org.jfree.data.gantt.junit.DataGanttPackageTests, org.jfree.data.gantt.junit.DataGanttPackageTests, org.jfree.data.gantt.junit.TaskSeriesCollectionTests, org.jfree.data.gantt.junit.TaskSeriesCollectionTests, org.jfree.data.gantt.junit.TaskSeriesTests, org.jfree.data.gantt.junit.TaskSeriesTests, org.jfree.data.gantt.junit.TaskTests, org.jfree.data.gantt.junit.TaskTests, org.jfree.data.general.junit.DataGeneralPackageTests, org.jfree.data.general.junit.DataGeneralPackageTests, org.jfree.data.general.junit.DatasetGroupTests, org.jfree.data.general.junit.DatasetGroupTests, org.jfree.data.general.junit.DatasetUtilitiesTests, org.jfree.data.general.junit.DatasetUtilitiesTests, org.jfree.data.general.junit.DefaultKeyedValueDatasetTests, org.jfree.data.general.junit.DefaultKeyedValueDatasetTests, org.jfree.data.general.junit.DefaultKeyedValues2DDatasetTests, org.jfree.data.general.junit.DefaultKeyedValues2DDatasetTests, org.jfree.data.general.junit.DefaultKeyedValuesDatasetTests, org.jfree.data.general.junit.DefaultKeyedValuesDatasetTests, org.jfree.data.general.junit.DefaultPieDatasetTests, org.jfree.data.general.junit.DefaultPieDatasetTests, org.jfree.data.junit.ComparableObjectItemTests, org.jfree.data.junit.ComparableObjectItemTests, org.jfree.data.junit.ComparableObjectSeriesTests, org.jfree.data.junit.ComparableObjectSeriesTests, org.jfree.data.junit.DataPackageTests, org.jfree.data.junit.DataPackageTests, org.jfree.data.junit.DataUtilitiesTests, org.jfree.data.junit.DataUtilitiesTests, org.jfree.data.junit.DefaultKeyedValueTests, org.jfree.data.junit.DefaultKeyedValueTests, org.jfree.data.junit.DefaultKeyedValues2DTests, org.jfree.data.junit.DefaultKeyedValues2DTests, org.jfree.data.junit.DefaultKeyedValuesTests, org.jfree.data.junit.DefaultKeyedValuesTests, org.jfree.data.junit.DomainOrderTests, org.jfree.data.junit.DomainOrderTests, org.jfree.data.junit.KeyToGroupMapTests, org.jfree.data.junit.KeyToGroupMapTests, org.jfree.data.junit.KeyedObjectTests, org.jfree.data.junit.KeyedObjectTests, org.jfree.data.junit.KeyedObjects2DTests, org.jfree.data.junit.KeyedObjects2DTests, org.jfree.data.junit.KeyedObjectsTests, org.jfree.data.junit.KeyedObjectsTests, org.jfree.data.junit.RangeTests, org.jfree.data.junit.RangeTests, org.jfree.data.junit.RangeTypeTests, org.jfree.data.junit.RangeTypeTests, org.jfree.data.statistics.junit.BoxAndWhiskerCalculatorTests, org.jfree.data.statistics.junit.BoxAndWhiskerCalculatorTests, org.jfree.data.statistics.junit.BoxAndWhiskerItemTests, org.jfree.data.statistics.junit.BoxAndWhiskerItemTests, org.jfree.data.statistics.junit.DataStatisticsPackageTests, org.jfree.data.statistics.junit.DataStatisticsPackageTests, org.jfree.data.statistics.junit.DefaultBoxAndWhiskerCategoryDatasetTests, org.jfree.data.statistics.junit.DefaultBoxAndWhiskerCategoryDatasetTests, org.jfree.data.statistics.junit.DefaultMultiValueCategoryDatasetTests, org.jfree.data.statistics.junit.DefaultMultiValueCategoryDatasetTests, org.jfree.data.statistics.junit.DefaultStatisticalCategoryDatasetTests, org.jfree.data.statistics.junit.DefaultStatisticalCategoryDatasetTests, org.jfree.data.statistics.junit.HistogramBinTests, org.jfree.data.statistics.junit.HistogramBinTests, org.jfree.data.statistics.junit.HistogramDatasetTests, org.jfree.data.statistics.junit.HistogramDatasetTests, org.jfree.data.statistics.junit.MeanAndStandardDeviationTests, org.jfree.data.statistics.junit.MeanAndStandardDeviationTests, org.jfree.data.statistics.junit.RegressionTests, org.jfree.data.statistics.junit.RegressionTests, org.jfree.data.statistics.junit.SimpleHistogramBinTests, org.jfree.data.statistics.junit.SimpleHistogramBinTests, org.jfree.data.statistics.junit.SimpleHistogramDatasetTests, org.jfree.data.statistics.junit.SimpleHistogramDatasetTests, org.jfree.data.statistics.junit.StatisticsTests, org.jfree.data.statistics.junit.StatisticsTests, org.jfree.data.time.junit.DataTimePackageTests, org.jfree.data.time.junit.DataTimePackageTests, org.jfree.data.time.junit.DateRangeTests, org.jfree.data.time.junit.DateRangeTests, org.jfree.data.time.junit.DayTests, org.jfree.data.time.junit.DayTests, org.jfree.data.time.junit.FixedMillisecondTests, org.jfree.data.time.junit.FixedMillisecondTests, org.jfree.data.time.junit.HourTests, org.jfree.data.time.junit.HourTests, org.jfree.data.time.junit.MillisecondTests, org.jfree.data.time.junit.MillisecondTests, org.jfree.data.time.junit.MinuteTests, org.jfree.data.time.junit.MinuteTests, org.jfree.data.time.junit.MonthTests, org.jfree.data.time.junit.MonthTests, org.jfree.data.time.junit.MovingAverageTests, org.jfree.data.time.junit.MovingAverageTests, org.jfree.data.time.junit.QuarterTests, org.jfree.data.time.junit.QuarterTests, org.jfree.data.time.junit.SecondTests, org.jfree.data.time.junit.SecondTests, org.jfree.data.time.junit.SimpleTimePeriodTests, org.jfree.data.time.junit.SimpleTimePeriodTests, org.jfree.data.time.junit.TimePeriodAnchorTests, org.jfree.data.time.junit.TimePeriodAnchorTests, org.jfree.data.time.junit.TimePeriodValueTests, org.jfree.data.time.junit.TimePeriodValueTests, org.jfree.data.time.junit.TimePeriodValuesCollectionTests, org.jfree.data.time.junit.TimePeriodValuesCollectionTests, org.jfree.data.time.junit.TimePeriodValuesTests, org.jfree.data.time.junit.TimePeriodValuesTests, org.jfree.data.time.junit.TimeSeriesCollectionTests, org.jfree.data.time.junit.TimeSeriesCollectionTests, org.jfree.data.time.junit.TimeSeriesDataItemTests, org.jfree.data.time.junit.TimeSeriesDataItemTests, org.jfree.data.time.junit.TimeSeriesTests, org.jfree.data.time.junit.TimeSeriesTests, org.jfree.data.time.junit.TimeTableXYDatasetTests, org.jfree.data.time.junit.TimeTableXYDatasetTests, org.jfree.data.time.junit.WeekTests, org.jfree.data.time.junit.WeekTests, org.jfree.data.time.junit.YearTests, org.jfree.data.time.junit.YearTests, org.jfree.data.time.ohlc.junit.OHLCItemTests, org.jfree.data.time.ohlc.junit.OHLCItemTests, org.jfree.data.time.ohlc.junit.OHLCPackageTests, org.jfree.data.time.ohlc.junit.OHLCPackageTests, org.jfree.data.time.ohlc.junit.OHLCSeriesCollectionTests, org.jfree.data.time.ohlc.junit.OHLCSeriesCollectionTests, org.jfree.data.time.ohlc.junit.OHLCSeriesTests, org.jfree.data.time.ohlc.junit.OHLCSeriesTests, org.jfree.data.time.ohlc.junit.OHLCTests, org.jfree.data.time.ohlc.junit.OHLCTests, org.jfree.data.xy.junit.CategoryTableXYDatasetTests, org.jfree.data.xy.junit.CategoryTableXYDatasetTests, org.jfree.data.xy.junit.DataXYPackageTests, org.jfree.data.xy.junit.DataXYPackageTests, org.jfree.data.xy.junit.DefaultHighLowDatasetTests, org.jfree.data.xy.junit.DefaultHighLowDatasetTests, org.jfree.data.xy.junit.DefaultIntervalXYDatasetTests, org.jfree.data.xy.junit.DefaultIntervalXYDatasetTests, org.jfree.data.xy.junit.DefaultOHLCDatasetTests, org.jfree.data.xy.junit.DefaultOHLCDatasetTests, org.jfree.data.xy.junit.DefaultTableXYDatasetTests, org.jfree.data.xy.junit.DefaultTableXYDatasetTests, org.jfree.data.xy.junit.DefaultWindDatasetTests, org.jfree.data.xy.junit.DefaultWindDatasetTests, org.jfree.data.xy.junit.DefaultXYDatasetTests, org.jfree.data.xy.junit.DefaultXYDatasetTests, org.jfree.data.xy.junit.DefaultXYZDatasetTests, org.jfree.data.xy.junit.DefaultXYZDatasetTests, org.jfree.data.xy.junit.IntervalXYDelegateTests, org.jfree.data.xy.junit.IntervalXYDelegateTests, org.jfree.data.xy.junit.MatrixSeriesCollectionTests, org.jfree.data.xy.junit.MatrixSeriesCollectionTests, org.jfree.data.xy.junit.MatrixSeriesTests, org.jfree.data.xy.junit.MatrixSeriesTests, org.jfree.data.xy.junit.OHLCDataItemTests, org.jfree.data.xy.junit.OHLCDataItemTests, org.jfree.data.xy.junit.TableXYDatasetTests, org.jfree.data.xy.junit.TableXYDatasetTests, org.jfree.data.xy.junit.VectorDataItemTests, org.jfree.data.xy.junit.VectorDataItemTests, org.jfree.data.xy.junit.VectorSeriesCollectionTests, org.jfree.data.xy.junit.VectorSeriesCollectionTests, org.jfree.data.xy.junit.VectorSeriesTests, org.jfree.data.xy.junit.VectorSeriesTests, org.jfree.data.xy.junit.VectorTests, org.jfree.data.xy.junit.VectorTests, org.jfree.data.xy.junit.XIntervalDataItemTests, org.jfree.data.xy.junit.XIntervalDataItemTests, org.jfree.data.xy.junit.XIntervalSeriesCollectionTests, org.jfree.data.xy.junit.XIntervalSeriesCollectionTests, org.jfree.data.xy.junit.XIntervalSeriesTests, org.jfree.data.xy.junit.XIntervalSeriesTests, org.jfree.data.xy.junit.XYBarDatasetTests, org.jfree.data.xy.junit.XYBarDatasetTests, org.jfree.data.xy.junit.XYCoordinateTests, org.jfree.data.xy.junit.XYCoordinateTests, org.jfree.data.xy.junit.XYDataItemTests, org.jfree.data.xy.junit.XYDataItemTests, org.jfree.data.xy.junit.XYIntervalDataItemTests, org.jfree.data.xy.junit.XYIntervalDataItemTests, org.jfree.data.xy.junit.XYIntervalSeriesCollectionTests, org.jfree.data.xy.junit.XYIntervalSeriesCollectionTests, org.jfree.data.xy.junit.XYIntervalSeriesTests, org.jfree.data.xy.junit.XYIntervalSeriesTests, org.jfree.data.xy.junit.XYIntervalTests, org.jfree.data.xy.junit.XYIntervalTests, org.jfree.data.xy.junit.XYSeriesCollectionTests, org.jfree.data.xy.junit.XYSeriesCollectionTests, org.jfree.data.xy.junit.XYSeriesTests, org.jfree.data.xy.junit.XYSeriesTests, org.jfree.data.xy.junit.YIntervalDataItemTests, org.jfree.data.xy.junit.YIntervalDataItemTests, org.jfree.data.xy.junit.YIntervalSeriesCollectionTests, org.jfree.data.xy.junit.YIntervalSeriesCollectionTests, org.jfree.data.xy.junit.YIntervalSeriesTests, org.jfree.data.xy.junit.YIntervalSeriesTests, org.jfree.data.xy.junit.YIntervalTests, org.jfree.data.xy.junit.YIntervalTests, org.jfree.data.xy.junit.YWithXIntervalTests, org.jfree.data.xy.junit.YWithXIntervalTests]
16:19:20.055 [main] INFO  fr.inria.lille.repair.nopol.NoPol - Config: Config{synthesisDepth=3, collectStaticMethods=true, collectStaticFields=false, collectLiterals=false, onlyOneSynthesisResult=true, sortExpressions=true, maxLineInvocationPerTest=250, timeoutMethodInvocation=2000, dataCollectionTimeoutInSecondForSynthesis=900, addWeight=0.19478, subWeight=0.04554, mulWeight=0.0102, divWeight=0.00613, andWeight=0.10597, orWeight=0.05708, eqWeight=0.22798, nEqWeight=0.0, lessEqWeight=0.0255, lessWeight=0.0947, methodCallWeight=0.1, fieldAccessWeight=0.08099, constantWeight=0.14232, variableWeight=0.05195, mode=REPAIR, type=PRE_THEN_COND, synthesis=DYNAMOTH, oracle=ANGELIC, solver=Z3, solverPath='/home/tdurieux/defects4j4repair/script/../libs/z3/build/z3', projectSources=[source], projectClasspath='[Ljava.net.URL;@2ff4f00f', projectTests=[org.jfree.chart.annotations.junit.AnnotationsPackageTests, org.jfree.chart.annotations.junit.AnnotationsPackageTests, org.jfree.chart.annotations.junit.CategoryLineAnnotationTests, org.jfree.chart.annotations.junit.CategoryLineAnnotationTests, org.jfree.chart.annotations.junit.CategoryPointerAnnotationTests, org.jfree.chart.annotations.junit.CategoryPointerAnnotationTests, org.jfree.chart.annotations.junit.CategoryTextAnnotationTests, org.jfree.chart.annotations.junit.CategoryTextAnnotationTests, org.jfree.chart.annotations.junit.TextAnnotationTests, org.jfree.chart.annotations.junit.TextAnnotationTests, org.jfree.chart.annotations.junit.XYBoxAnnotationTests, org.jfree.chart.annotations.junit.XYBoxAnnotationTests, org.jfree.chart.annotations.junit.XYDrawableAnnotationTests, org.jfree.chart.annotations.junit.XYDrawableAnnotationTests, org.jfree.chart.annotations.junit.XYImageAnnotationTests, org.jfree.chart.annotations.junit.XYImageAnnotationTests, org.jfree.chart.annotations.junit.XYLineAnnotationTests, org.jfree.chart.annotations.junit.XYLineAnnotationTests, org.jfree.chart.annotations.junit.XYPointerAnnotationTests, org.jfree.chart.annotations.junit.XYPointerAnnotationTests, org.jfree.chart.annotations.junit.XYPolygonAnnotationTests, org.jfree.chart.annotations.junit.XYPolygonAnnotationTests, org.jfree.chart.annotations.junit.XYShapeAnnotationTests, org.jfree.chart.annotations.junit.XYShapeAnnotationTests, org.jfree.chart.annotations.junit.XYTextAnnotationTests, org.jfree.chart.annotations.junit.XYTextAnnotationTests, org.jfree.chart.axis.junit.AxisLocationTests, org.jfree.chart.axis.junit.AxisLocationTests, org.jfree.chart.axis.junit.AxisPackageTests, org.jfree.chart.axis.junit.AxisPackageTests, org.jfree.chart.axis.junit.AxisSpaceTests, org.jfree.chart.axis.junit.AxisSpaceTests, org.jfree.chart.axis.junit.AxisTests, org.jfree.chart.axis.junit.AxisTests, org.jfree.chart.axis.junit.CategoryAnchorTests, org.jfree.chart.axis.junit.CategoryAnchorTests, org.jfree.chart.axis.junit.CategoryAxis3DTests, org.jfree.chart.axis.junit.CategoryAxis3DTests, org.jfree.chart.axis.junit.CategoryAxisTests, org.jfree.chart.axis.junit.CategoryAxisTests, org.jfree.chart.axis.junit.CategoryLabelPositionTests, org.jfree.chart.axis.junit.CategoryLabelPositionTests, org.jfree.chart.axis.junit.CategoryLabelPositionsTests, org.jfree.chart.axis.junit.CategoryLabelPositionsTests, org.jfree.chart.axis.junit.CategoryLabelWidthTypeTests, org.jfree.chart.axis.junit.CategoryLabelWidthTypeTests, org.jfree.chart.axis.junit.CategoryTickTests, org.jfree.chart.axis.junit.CategoryTickTests, org.jfree.chart.axis.junit.CyclicNumberAxisTests, org.jfree.chart.axis.junit.CyclicNumberAxisTests, org.jfree.chart.axis.junit.DateAxisTests, org.jfree.chart.axis.junit.DateAxisTests, org.jfree.chart.axis.junit.DateTickMarkPositionTests, org.jfree.chart.axis.junit.DateTickMarkPositionTests, org.jfree.chart.axis.junit.DateTickTests, org.jfree.chart.axis.junit.DateTickTests, org.jfree.chart.axis.junit.DateTickUnitTests, org.jfree.chart.axis.junit.DateTickUnitTests, org.jfree.chart.axis.junit.ExtendedCategoryAxisTests, org.jfree.chart.axis.junit.ExtendedCategoryAxisTests, org.jfree.chart.axis.junit.LogAxisTests, org.jfree.chart.axis.junit.LogAxisTests, org.jfree.chart.axis.junit.LogarithmicAxisTests, org.jfree.chart.axis.junit.LogarithmicAxisTests, org.jfree.chart.axis.junit.MarkerAxisBandTests, org.jfree.chart.axis.junit.MarkerAxisBandTests, org.jfree.chart.axis.junit.MonthDateFormatTests, org.jfree.chart.axis.junit.MonthDateFormatTests, org.jfree.chart.axis.junit.NumberAxis3DTests, org.jfree.chart.axis.junit.NumberAxis3DTests, org.jfree.chart.axis.junit.NumberAxisTests, org.jfree.chart.axis.junit.NumberAxisTests, org.jfree.chart.axis.junit.NumberTickUnitTests, org.jfree.chart.axis.junit.NumberTickUnitTests, org.jfree.chart.axis.junit.PeriodAxisLabelInfoTests, org.jfree.chart.axis.junit.PeriodAxisLabelInfoTests, org.jfree.chart.axis.junit.PeriodAxisTests, org.jfree.chart.axis.junit.PeriodAxisTests, org.jfree.chart.axis.junit.QuarterDateFormatTests, org.jfree.chart.axis.junit.QuarterDateFormatTests, org.jfree.chart.axis.junit.SegmentedTimelineTests, org.jfree.chart.axis.junit.SegmentedTimelineTests, org.jfree.chart.axis.junit.SegmentedTimelineTests2, org.jfree.chart.axis.junit.SegmentedTimelineTests2, org.jfree.chart.axis.junit.StandardTickUnitSourceTests, org.jfree.chart.axis.junit.StandardTickUnitSourceTests, org.jfree.chart.axis.junit.SubCategoryAxisTests, org.jfree.chart.axis.junit.SubCategoryAxisTests, org.jfree.chart.axis.junit.SymbolAxisTests, org.jfree.chart.axis.junit.SymbolAxisTests, org.jfree.chart.axis.junit.TickUnitsTests, org.jfree.chart.axis.junit.TickUnitsTests, org.jfree.chart.axis.junit.ValueAxisTests, org.jfree.chart.axis.junit.ValueAxisTests, org.jfree.chart.block.junit.AbstractBlockTests, org.jfree.chart.block.junit.AbstractBlockTests, org.jfree.chart.block.junit.BlockBorderTests, org.jfree.chart.block.junit.BlockBorderTests, org.jfree.chart.block.junit.BlockContainerTests, org.jfree.chart.block.junit.BlockContainerTests, org.jfree.chart.block.junit.BlockPackageTests, org.jfree.chart.block.junit.BlockPackageTests, org.jfree.chart.block.junit.BorderArrangementTests, org.jfree.chart.block.junit.BorderArrangementTests, org.jfree.chart.block.junit.ColorBlockTests, org.jfree.chart.block.junit.ColorBlockTests, org.jfree.chart.block.junit.ColumnArrangementTests, org.jfree.chart.block.junit.ColumnArrangementTests, org.jfree.chart.block.junit.EmptyBlockTests, org.jfree.chart.block.junit.EmptyBlockTests, org.jfree.chart.block.junit.FlowArrangementTests, org.jfree.chart.block.junit.FlowArrangementTests, org.jfree.chart.block.junit.GridArrangementTests, org.jfree.chart.block.junit.GridArrangementTests, org.jfree.chart.block.junit.LabelBlockTests, org.jfree.chart.block.junit.LabelBlockTests, org.jfree.chart.block.junit.LineBorderTests, org.jfree.chart.block.junit.LineBorderTests, org.jfree.chart.block.junit.RectangleConstraintTests, org.jfree.chart.block.junit.RectangleConstraintTests, org.jfree.chart.entity.junit.CategoryItemEntityTests, org.jfree.chart.entity.junit.CategoryItemEntityTests, org.jfree.chart.entity.junit.EntityPackageTests, org.jfree.chart.entity.junit.EntityPackageTests, org.jfree.chart.entity.junit.LegendItemEntityTests, org.jfree.chart.entity.junit.LegendItemEntityTests, org.jfree.chart.entity.junit.PieSectionEntityTests, org.jfree.chart.entity.junit.PieSectionEntityTests, org.jfree.chart.entity.junit.StandardEntityCollectionTests, org.jfree.chart.entity.junit.StandardEntityCollectionTests, org.jfree.chart.entity.junit.TickLabelEntityTests, org.jfree.chart.entity.junit.TickLabelEntityTests, org.jfree.chart.entity.junit.XYItemEntityTests, org.jfree.chart.entity.junit.XYItemEntityTests, org.jfree.chart.junit.AreaChartTests, org.jfree.chart.junit.AreaChartTests, org.jfree.chart.junit.BarChart3DTests, org.jfree.chart.junit.BarChart3DTests, org.jfree.chart.junit.BarChartTests, org.jfree.chart.junit.BarChartTests, org.jfree.chart.junit.ChartPackageTests, org.jfree.chart.junit.ChartPackageTests, org.jfree.chart.junit.ChartPanelTests, org.jfree.chart.junit.ChartPanelTests, org.jfree.chart.junit.ChartRenderingInfoTests, org.jfree.chart.junit.ChartRenderingInfoTests, org.jfree.chart.junit.GanttChartTests, org.jfree.chart.junit.GanttChartTests, org.jfree.chart.junit.JFreeChartTests, org.jfree.chart.junit.JFreeChartTests, org.jfree.chart.junit.LegendItemCollectionTests, org.jfree.chart.junit.LegendItemCollectionTests, org.jfree.chart.junit.LegendItemTests, org.jfree.chart.junit.LegendItemTests, org.jfree.chart.junit.LineChart3DTests, org.jfree.chart.junit.LineChart3DTests, org.jfree.chart.junit.LineChartTests, org.jfree.chart.junit.LineChartTests, org.jfree.chart.junit.MeterChartTests, org.jfree.chart.junit.MeterChartTests, org.jfree.chart.junit.PaintMapTests, org.jfree.chart.junit.PaintMapTests, org.jfree.chart.junit.PieChart3DTests, org.jfree.chart.junit.PieChart3DTests, org.jfree.chart.junit.PieChartTests, org.jfree.chart.junit.PieChartTests, org.jfree.chart.junit.ScatterPlotTests, org.jfree.chart.junit.ScatterPlotTests, org.jfree.chart.junit.StackedAreaChartTests, org.jfree.chart.junit.StackedAreaChartTests, org.jfree.chart.junit.StackedBarChart3DTests, org.jfree.chart.junit.StackedBarChart3DTests, org.jfree.chart.junit.StackedBarChartTests, org.jfree.chart.junit.StackedBarChartTests, org.jfree.chart.junit.StrokeMapTests, org.jfree.chart.junit.StrokeMapTests, org.jfree.chart.junit.TimeSeriesChartTests, org.jfree.chart.junit.TimeSeriesChartTests, org.jfree.chart.junit.WaterfallChartTests, org.jfree.chart.junit.WaterfallChartTests, org.jfree.chart.junit.XYAreaChartTests, org.jfree.chart.junit.XYAreaChartTests, org.jfree.chart.junit.XYBarChartTests, org.jfree.chart.junit.XYBarChartTests, org.jfree.chart.junit.XYLineChartTests, org.jfree.chart.junit.XYLineChartTests, org.jfree.chart.junit.XYStepAreaChartTests, org.jfree.chart.junit.XYStepAreaChartTests, org.jfree.chart.junit.XYStepChartTests, org.jfree.chart.junit.XYStepChartTests, org.jfree.chart.labels.junit.BoxAndWhiskerToolTipGeneratorTests, org.jfree.chart.labels.junit.BoxAndWhiskerToolTipGeneratorTests, org.jfree.chart.labels.junit.BoxAndWhiskerXYToolTipGeneratorTests, org.jfree.chart.labels.junit.BoxAndWhiskerXYToolTipGeneratorTests, org.jfree.chart.labels.junit.BubbleXYItemLabelGeneratorTests, org.jfree.chart.labels.junit.BubbleXYItemLabelGeneratorTests, org.jfree.chart.labels.junit.CustomXYItemLabelGeneratorTests, org.jfree.chart.labels.junit.CustomXYItemLabelGeneratorTests, org.jfree.chart.labels.junit.HighLowItemLabelGeneratorTests, org.jfree.chart.labels.junit.HighLowItemLabelGeneratorTests, org.jfree.chart.labels.junit.IntervalCategoryLabelGeneratorTests, org.jfree.chart.labels.junit.IntervalCategoryLabelGeneratorTests, org.jfree.chart.labels.junit.ItemLabelAnchorTests, org.jfree.chart.labels.junit.ItemLabelAnchorTests, org.jfree.chart.labels.junit.ItemLabelPositionTests, org.jfree.chart.labels.junit.ItemLabelPositionTests, org.jfree.chart.labels.junit.LabelsPackageTests, org.jfree.chart.labels.junit.LabelsPackageTests, org.jfree.chart.labels.junit.MultipleXYSeriesLabelGeneratorTests, org.jfree.chart.labels.junit.MultipleXYSeriesLabelGeneratorTests, org.jfree.chart.labels.junit.StandardCategoryItemLabelGeneratorTests, org.jfree.chart.labels.junit.StandardCategoryItemLabelGeneratorTests, org.jfree.chart.labels.junit.StandardCategorySeriesLabelGeneratorTests, org.jfree.chart.labels.junit.StandardCategorySeriesLabelGeneratorTests, org.jfree.chart.labels.junit.StandardCategoryToolTipGeneratorTests, org.jfree.chart.labels.junit.StandardCategoryToolTipGeneratorTests, org.jfree.chart.labels.junit.StandardPieSectionLabelGeneratorTests, org.jfree.chart.labels.junit.StandardPieSectionLabelGeneratorTests, org.jfree.chart.labels.junit.StandardPieToolTipGeneratorTests, org.jfree.chart.labels.junit.StandardPieToolTipGeneratorTests, org.jfree.chart.labels.junit.StandardXYItemLabelGeneratorTests, org.jfree.chart.labels.junit.StandardXYItemLabelGeneratorTests, org.jfree.chart.labels.junit.StandardXYSeriesLabelGeneratorTests, org.jfree.chart.labels.junit.StandardXYSeriesLabelGeneratorTests, org.jfree.chart.labels.junit.StandardXYToolTipGeneratorTests, org.jfree.chart.labels.junit.StandardXYToolTipGeneratorTests, org.jfree.chart.labels.junit.StandardXYZToolTipGeneratorTests, org.jfree.chart.labels.junit.StandardXYZToolTipGeneratorTests, org.jfree.chart.labels.junit.SymbolicXYItemLabelGeneratorTests, org.jfree.chart.labels.junit.SymbolicXYItemLabelGeneratorTests, org.jfree.chart.needle.junit.ArrowNeedleTests, org.jfree.chart.needle.junit.ArrowNeedleTests, org.jfree.chart.needle.junit.LineNeedleTests, org.jfree.chart.needle.junit.LineNeedleTests, org.jfree.chart.needle.junit.LongNeedleTests, org.jfree.chart.needle.junit.LongNeedleTests, org.jfree.chart.needle.junit.MeterNeedleTests, org.jfree.chart.needle.junit.MeterNeedleTests, org.jfree.chart.needle.junit.MiddlePinNeedleTests, org.jfree.chart.needle.junit.MiddlePinNeedleTests, org.jfree.chart.needle.junit.NeedlePackageTests, org.jfree.chart.needle.junit.NeedlePackageTests, org.jfree.chart.needle.junit.PinNeedleTests, org.jfree.chart.needle.junit.PinNeedleTests, org.jfree.chart.needle.junit.PlumNeedleTests, org.jfree.chart.needle.junit.PlumNeedleTests, org.jfree.chart.needle.junit.PointerNeedleTests, org.jfree.chart.needle.junit.PointerNeedleTests, org.jfree.chart.needle.junit.ShipNeedleTests, org.jfree.chart.needle.junit.ShipNeedleTests, org.jfree.chart.needle.junit.WindNeedleTests, org.jfree.chart.needle.junit.WindNeedleTests, org.jfree.chart.plot.dial.junit.AbstractDialLayerTests, org.jfree.chart.plot.dial.junit.AbstractDialLayerTests, org.jfree.chart.plot.dial.junit.ArcDialFrameTests, org.jfree.chart.plot.dial.junit.ArcDialFrameTests, org.jfree.chart.plot.dial.junit.DialBackgroundTests, org.jfree.chart.plot.dial.junit.DialBackgroundTests, org.jfree.chart.plot.dial.junit.DialCapTests, org.jfree.chart.plot.dial.junit.DialCapTests, org.jfree.chart.plot.dial.junit.DialPackageTests, org.jfree.chart.plot.dial.junit.DialPackageTests, org.jfree.chart.plot.dial.junit.DialPlotTests, org.jfree.chart.plot.dial.junit.DialPlotTests, org.jfree.chart.plot.dial.junit.DialPointerTests, org.jfree.chart.plot.dial.junit.DialPointerTests, org.jfree.chart.plot.dial.junit.DialTextAnnotationTests, org.jfree.chart.plot.dial.junit.DialTextAnnotationTests, org.jfree.chart.plot.dial.junit.DialValueIndicatorTests, org.jfree.chart.plot.dial.junit.DialValueIndicatorTests, org.jfree.chart.plot.dial.junit.StandardDialFrameTests, org.jfree.chart.plot.dial.junit.StandardDialFrameTests, org.jfree.chart.plot.dial.junit.StandardDialRangeTests, org.jfree.chart.plot.dial.junit.StandardDialRangeTests, org.jfree.chart.plot.dial.junit.StandardDialScaleTests, org.jfree.chart.plot.dial.junit.StandardDialScaleTests, org.jfree.chart.plot.junit.CategoryMarkerTests, org.jfree.chart.plot.junit.CategoryMarkerTests, org.jfree.chart.plot.junit.CategoryPlotTests, org.jfree.chart.plot.junit.CategoryPlotTests, org.jfree.chart.plot.junit.CombinedDomainCategoryPlotTests, org.jfree.chart.plot.junit.CombinedDomainCategoryPlotTests, org.jfree.chart.plot.junit.CombinedDomainXYPlotTests, org.jfree.chart.plot.junit.CombinedDomainXYPlotTests, org.jfree.chart.plot.junit.CombinedRangeCategoryPlotTests, org.jfree.chart.plot.junit.CombinedRangeCategoryPlotTests, org.jfree.chart.plot.junit.CombinedRangeXYPlotTests, org.jfree.chart.plot.junit.CombinedRangeXYPlotTests, org.jfree.chart.plot.junit.CompassPlotTests, org.jfree.chart.plot.junit.CompassPlotTests, org.jfree.chart.plot.junit.DefaultDrawingSupplierTests, org.jfree.chart.plot.junit.DefaultDrawingSupplierTests, org.jfree.chart.plot.junit.FastScatterPlotTests, org.jfree.chart.plot.junit.FastScatterPlotTests, org.jfree.chart.plot.junit.IntervalMarkerTests, org.jfree.chart.plot.junit.IntervalMarkerTests, org.jfree.chart.plot.junit.MarkerTests, org.jfree.chart.plot.junit.MarkerTests, org.jfree.chart.plot.junit.MeterIntervalTests, org.jfree.chart.plot.junit.MeterIntervalTests, org.jfree.chart.plot.junit.MeterPlotTests, org.jfree.chart.plot.junit.MeterPlotTests, org.jfree.chart.plot.junit.MultiplePiePlotTests, org.jfree.chart.plot.junit.MultiplePiePlotTests, org.jfree.chart.plot.junit.PieLabelRecordTests, org.jfree.chart.plot.junit.PieLabelRecordTests, org.jfree.chart.plot.junit.PiePlot3DTests, org.jfree.chart.plot.junit.PiePlot3DTests, org.jfree.chart.plot.junit.PiePlotTests, org.jfree.chart.plot.junit.PiePlotTests, org.jfree.chart.plot.junit.PlotOrientationTests, org.jfree.chart.plot.junit.PlotOrientationTests, org.jfree.chart.plot.junit.PlotPackageTests, org.jfree.chart.plot.junit.PlotPackageTests, org.jfree.chart.plot.junit.PlotRenderingInfoTests, org.jfree.chart.plot.junit.PlotRenderingInfoTests, org.jfree.chart.plot.junit.PlotTests, org.jfree.chart.plot.junit.PlotTests, org.jfree.chart.plot.junit.PolarPlotTests, org.jfree.chart.plot.junit.PolarPlotTests, org.jfree.chart.plot.junit.RingPlotTests, org.jfree.chart.plot.junit.RingPlotTests, org.jfree.chart.plot.junit.SpiderWebPlotTests, org.jfree.chart.plot.junit.SpiderWebPlotTests, org.jfree.chart.plot.junit.ThermometerPlotTests, org.jfree.chart.plot.junit.ThermometerPlotTests, org.jfree.chart.plot.junit.ValueMarkerTests, org.jfree.chart.plot.junit.ValueMarkerTests, org.jfree.chart.plot.junit.XYPlotTests, org.jfree.chart.plot.junit.XYPlotTests, org.jfree.chart.renderer.category.junit.AbstractCategoryItemRendererTests, org.jfree.chart.renderer.category.junit.AbstractCategoryItemRendererTests, org.jfree.chart.renderer.category.junit.AreaRendererTests, org.jfree.chart.renderer.category.junit.AreaRendererTests, org.jfree.chart.renderer.category.junit.BarRenderer3DTests, org.jfree.chart.renderer.category.junit.BarRenderer3DTests, org.jfree.chart.renderer.category.junit.BarRendererTests, org.jfree.chart.renderer.category.junit.BarRendererTests, org.jfree.chart.renderer.category.junit.BoxAndWhiskerRendererTests, org.jfree.chart.renderer.category.junit.BoxAndWhiskerRendererTests, org.jfree.chart.renderer.category.junit.CategoryStepRendererTests, org.jfree.chart.renderer.category.junit.CategoryStepRendererTests, org.jfree.chart.renderer.category.junit.DefaultCategoryItemRendererTests, org.jfree.chart.renderer.category.junit.DefaultCategoryItemRendererTests, org.jfree.chart.renderer.category.junit.GanttRendererTests, org.jfree.chart.renderer.category.junit.GanttRendererTests, org.jfree.chart.renderer.category.junit.GroupedStackedBarRendererTests, org.jfree.chart.renderer.category.junit.GroupedStackedBarRendererTests, org.jfree.chart.renderer.category.junit.IntervalBarRendererTests, org.jfree.chart.renderer.category.junit.IntervalBarRendererTests, org.jfree.chart.renderer.category.junit.LayeredBarRendererTests, org.jfree.chart.renderer.category.junit.LayeredBarRendererTests, org.jfree.chart.renderer.category.junit.LevelRendererTests, org.jfree.chart.renderer.category.junit.LevelRendererTests, org.jfree.chart.renderer.category.junit.LineAndShapeRendererTests, org.jfree.chart.renderer.category.junit.LineAndShapeRendererTests, org.jfree.chart.renderer.category.junit.LineRenderer3DTests, org.jfree.chart.renderer.category.junit.LineRenderer3DTests, org.jfree.chart.renderer.category.junit.MinMaxCategoryRendererTests, org.jfree.chart.renderer.category.junit.MinMaxCategoryRendererTests, org.jfree.chart.renderer.category.junit.RendererCategoryPackageTests, org.jfree.chart.renderer.category.junit.RendererCategoryPackageTests, org.jfree.chart.renderer.category.junit.ScatterRendererTests, org.jfree.chart.renderer.category.junit.ScatterRendererTests, org.jfree.chart.renderer.category.junit.StackedAreaRendererTests, org.jfree.chart.renderer.category.junit.StackedAreaRendererTests, org.jfree.chart.renderer.category.junit.StackedBarRenderer3DTests, org.jfree.chart.renderer.category.junit.StackedBarRenderer3DTests, org.jfree.chart.renderer.category.junit.StackedBarRendererTests, org.jfree.chart.renderer.category.junit.StackedBarRendererTests, org.jfree.chart.renderer.category.junit.StatisticalBarRendererTests, org.jfree.chart.renderer.category.junit.StatisticalBarRendererTests, org.jfree.chart.renderer.category.junit.StatisticalLineAndShapeRendererTests, org.jfree.chart.renderer.category.junit.StatisticalLineAndShapeRendererTests, org.jfree.chart.renderer.category.junit.WaterfallBarRendererTests, org.jfree.chart.renderer.category.junit.WaterfallBarRendererTests, org.jfree.chart.renderer.junit.AbstractRendererTests, org.jfree.chart.renderer.junit.AbstractRendererTests, org.jfree.chart.renderer.junit.AreaRendererEndTypeTests, org.jfree.chart.renderer.junit.AreaRendererEndTypeTests, org.jfree.chart.renderer.junit.DefaultPolarItemRendererTests, org.jfree.chart.renderer.junit.DefaultPolarItemRendererTests, org.jfree.chart.renderer.junit.GrayPaintScaleTests, org.jfree.chart.renderer.junit.GrayPaintScaleTests, org.jfree.chart.renderer.junit.LookupPaintScaleTests, org.jfree.chart.renderer.junit.LookupPaintScaleTests, org.jfree.chart.renderer.junit.OutlierTests, org.jfree.chart.renderer.junit.OutlierTests, org.jfree.chart.renderer.junit.RendererPackageTests, org.jfree.chart.renderer.junit.RendererPackageTests, org.jfree.chart.renderer.junit.RendererUtilitiesTests, org.jfree.chart.renderer.junit.RendererUtilitiesTests, org.jfree.chart.renderer.xy.junit.AbstractXYItemRendererTests, org.jfree.chart.renderer.xy.junit.AbstractXYItemRendererTests, org.jfree.chart.renderer.xy.junit.CandlestickRendererTests, org.jfree.chart.renderer.xy.junit.CandlestickRendererTests, org.jfree.chart.renderer.xy.junit.ClusteredXYBarRendererTests, org.jfree.chart.renderer.xy.junit.ClusteredXYBarRendererTests, org.jfree.chart.renderer.xy.junit.DeviationRendererTests, org.jfree.chart.renderer.xy.junit.DeviationRendererTests, org.jfree.chart.renderer.xy.junit.HighLowRendererTests, org.jfree.chart.renderer.xy.junit.HighLowRendererTests, org.jfree.chart.renderer.xy.junit.RendererXYPackageTests, org.jfree.chart.renderer.xy.junit.RendererXYPackageTests, org.jfree.chart.renderer.xy.junit.StackedXYAreaRenderer2Tests, org.jfree.chart.renderer.xy.junit.StackedXYAreaRenderer2Tests, org.jfree.chart.renderer.xy.junit.StackedXYAreaRendererTests, org.jfree.chart.renderer.xy.junit.StackedXYAreaRendererTests, org.jfree.chart.renderer.xy.junit.StackedXYBarRendererTests, org.jfree.chart.renderer.xy.junit.StackedXYBarRendererTests, org.jfree.chart.renderer.xy.junit.StandardXYItemRendererTests, org.jfree.chart.renderer.xy.junit.StandardXYItemRendererTests, org.jfree.chart.renderer.xy.junit.VectorRendererTests, org.jfree.chart.renderer.xy.junit.VectorRendererTests, org.jfree.chart.renderer.xy.junit.WindItemRendererTests, org.jfree.chart.renderer.xy.junit.WindItemRendererTests, org.jfree.chart.renderer.xy.junit.XYAreaRenderer2Tests, org.jfree.chart.renderer.xy.junit.XYAreaRenderer2Tests, org.jfree.chart.renderer.xy.junit.XYAreaRendererTests, org.jfree.chart.renderer.xy.junit.XYAreaRendererTests, org.jfree.chart.renderer.xy.junit.XYBarRendererTests, org.jfree.chart.renderer.xy.junit.XYBarRendererTests, org.jfree.chart.renderer.xy.junit.XYBlockRendererTests, org.jfree.chart.renderer.xy.junit.XYBlockRendererTests, org.jfree.chart.renderer.xy.junit.XYBoxAndWhiskerRendererTests, org.jfree.chart.renderer.xy.junit.XYBoxAndWhiskerRendererTests, org.jfree.chart.renderer.xy.junit.XYBubbleRendererTests, org.jfree.chart.renderer.xy.junit.XYBubbleRendererTests, org.jfree.chart.renderer.xy.junit.XYDifferenceRendererTests, org.jfree.chart.renderer.xy.junit.XYDifferenceRendererTests, org.jfree.chart.renderer.xy.junit.XYDotRendererTests, org.jfree.chart.renderer.xy.junit.XYDotRendererTests, org.jfree.chart.renderer.xy.junit.XYErrorRendererTests, org.jfree.chart.renderer.xy.junit.XYErrorRendererTests, org.jfree.chart.renderer.xy.junit.XYLine3DRendererTests, org.jfree.chart.renderer.xy.junit.XYLine3DRendererTests, org.jfree.chart.renderer.xy.junit.XYLineAndShapeRendererTests, org.jfree.chart.renderer.xy.junit.XYLineAndShapeRendererTests, org.jfree.chart.renderer.xy.junit.XYSplineAndShapeRendererTests, org.jfree.chart.renderer.xy.junit.XYSplineAndShapeRendererTests, org.jfree.chart.renderer.xy.junit.XYStepAreaRendererTests, org.jfree.chart.renderer.xy.junit.XYStepAreaRendererTests, org.jfree.chart.renderer.xy.junit.XYStepRendererTests, org.jfree.chart.renderer.xy.junit.XYStepRendererTests, org.jfree.chart.renderer.xy.junit.YIntervalRendererTests, org.jfree.chart.renderer.xy.junit.YIntervalRendererTests, org.jfree.chart.title.junit.CompositeTitleTests, org.jfree.chart.title.junit.CompositeTitleTests, org.jfree.chart.title.junit.DateTitleTests, org.jfree.chart.title.junit.DateTitleTests, org.jfree.chart.title.junit.ImageTitleTests, org.jfree.chart.title.junit.ImageTitleTests, org.jfree.chart.title.junit.LegendGraphicTests, org.jfree.chart.title.junit.LegendGraphicTests, org.jfree.chart.title.junit.LegendTitleTests, org.jfree.chart.title.junit.LegendTitleTests, org.jfree.chart.title.junit.PaintScaleLegendTests, org.jfree.chart.title.junit.PaintScaleLegendTests, org.jfree.chart.title.junit.TextTitleTests, org.jfree.chart.title.junit.TextTitleTests, org.jfree.chart.title.junit.TitlePackageTests, org.jfree.chart.title.junit.TitlePackageTests, org.jfree.chart.title.junit.TitleTests, org.jfree.chart.title.junit.TitleTests, org.jfree.chart.urls.junit.CustomPieURLGeneratorTests, org.jfree.chart.urls.junit.CustomPieURLGeneratorTests, org.jfree.chart.urls.junit.CustomXYURLGeneratorTests, org.jfree.chart.urls.junit.CustomXYURLGeneratorTests, org.jfree.chart.urls.junit.StandardCategoryURLGeneratorTests, org.jfree.chart.urls.junit.StandardCategoryURLGeneratorTests, org.jfree.chart.urls.junit.StandardPieURLGeneratorTests, org.jfree.chart.urls.junit.StandardPieURLGeneratorTests, org.jfree.chart.urls.junit.StandardXYURLGeneratorTests, org.jfree.chart.urls.junit.StandardXYURLGeneratorTests, org.jfree.chart.urls.junit.TimeSeriesURLGeneratorTests, org.jfree.chart.urls.junit.TimeSeriesURLGeneratorTests, org.jfree.chart.urls.junit.UrlsPackageTests, org.jfree.chart.urls.junit.UrlsPackageTests, org.jfree.chart.util.junit.BooleanListTests, org.jfree.chart.util.junit.BooleanListTests, org.jfree.chart.util.junit.HashUtilitiesTests, org.jfree.chart.util.junit.HashUtilitiesTests, org.jfree.chart.util.junit.LogFormatTests, org.jfree.chart.util.junit.LogFormatTests, org.jfree.chart.util.junit.PaintListTests, org.jfree.chart.util.junit.PaintListTests, org.jfree.chart.util.junit.RelativeDateFormatTests, org.jfree.chart.util.junit.RelativeDateFormatTests, org.jfree.chart.util.junit.StrokeListTests, org.jfree.chart.util.junit.StrokeListTests, org.jfree.chart.util.junit.UtilPackageTests, org.jfree.chart.util.junit.UtilPackageTests, org.jfree.data.category.junit.CategoryToPieDatasetTests, org.jfree.data.category.junit.CategoryToPieDatasetTests, org.jfree.data.category.junit.DataCategoryPackageTests, org.jfree.data.category.junit.DataCategoryPackageTests, org.jfree.data.category.junit.DefaultCategoryDatasetTests, org.jfree.data.category.junit.DefaultCategoryDatasetTests, org.jfree.data.category.junit.DefaultIntervalCategoryDatasetTests, org.jfree.data.category.junit.DefaultIntervalCategoryDatasetTests, org.jfree.data.gantt.junit.DataGanttPackageTests, org.jfree.data.gantt.junit.DataGanttPackageTests, org.jfree.data.gantt.junit.TaskSeriesCollectionTests, org.jfree.data.gantt.junit.TaskSeriesCollectionTests, org.jfree.data.gantt.junit.TaskSeriesTests, org.jfree.data.gantt.junit.TaskSeriesTests, org.jfree.data.gantt.junit.TaskTests, org.jfree.data.gantt.junit.TaskTests, org.jfree.data.general.junit.DataGeneralPackageTests, org.jfree.data.general.junit.DataGeneralPackageTests, org.jfree.data.general.junit.DatasetGroupTests, org.jfree.data.general.junit.DatasetGroupTests, org.jfree.data.general.junit.DatasetUtilitiesTests, org.jfree.data.general.junit.DatasetUtilitiesTests, org.jfree.data.general.junit.DefaultKeyedValueDatasetTests, org.jfree.data.general.junit.DefaultKeyedValueDatasetTests, org.jfree.data.general.junit.DefaultKeyedValues2DDatasetTests, org.jfree.data.general.junit.DefaultKeyedValues2DDatasetTests, org.jfree.data.general.junit.DefaultKeyedValuesDatasetTests, org.jfree.data.general.junit.DefaultKeyedValuesDatasetTests, org.jfree.data.general.junit.DefaultPieDatasetTests, org.jfree.data.general.junit.DefaultPieDatasetTests, org.jfree.data.junit.ComparableObjectItemTests, org.jfree.data.junit.ComparableObjectItemTests, org.jfree.data.junit.ComparableObjectSeriesTests, org.jfree.data.junit.ComparableObjectSeriesTests, org.jfree.data.junit.DataPackageTests, org.jfree.data.junit.DataPackageTests, org.jfree.data.junit.DataUtilitiesTests, org.jfree.data.junit.DataUtilitiesTests, org.jfree.data.junit.DefaultKeyedValueTests, org.jfree.data.junit.DefaultKeyedValueTests, org.jfree.data.junit.DefaultKeyedValues2DTests, org.jfree.data.junit.DefaultKeyedValues2DTests, org.jfree.data.junit.DefaultKeyedValuesTests, org.jfree.data.junit.DefaultKeyedValuesTests, org.jfree.data.junit.DomainOrderTests, org.jfree.data.junit.DomainOrderTests, org.jfree.data.junit.KeyToGroupMapTests, org.jfree.data.junit.KeyToGroupMapTests, org.jfree.data.junit.KeyedObjectTests, org.jfree.data.junit.KeyedObjectTests, org.jfree.data.junit.KeyedObjects2DTests, org.jfree.data.junit.KeyedObjects2DTests, org.jfree.data.junit.KeyedObjectsTests, org.jfree.data.junit.KeyedObjectsTests, org.jfree.data.junit.RangeTests, org.jfree.data.junit.RangeTests, org.jfree.data.junit.RangeTypeTests, org.jfree.data.junit.RangeTypeTests, org.jfree.data.statistics.junit.BoxAndWhiskerCalculatorTests, org.jfree.data.statistics.junit.BoxAndWhiskerCalculatorTests, org.jfree.data.statistics.junit.BoxAndWhiskerItemTests, org.jfree.data.statistics.junit.BoxAndWhiskerItemTests, org.jfree.data.statistics.junit.DataStatisticsPackageTests, org.jfree.data.statistics.junit.DataStatisticsPackageTests, org.jfree.data.statistics.junit.DefaultBoxAndWhiskerCategoryDatasetTests, org.jfree.data.statistics.junit.DefaultBoxAndWhiskerCategoryDatasetTests, org.jfree.data.statistics.junit.DefaultMultiValueCategoryDatasetTests, org.jfree.data.statistics.junit.DefaultMultiValueCategoryDatasetTests, org.jfree.data.statistics.junit.DefaultStatisticalCategoryDatasetTests, org.jfree.data.statistics.junit.DefaultStatisticalCategoryDatasetTests, org.jfree.data.statistics.junit.HistogramBinTests, org.jfree.data.statistics.junit.HistogramBinTests, org.jfree.data.statistics.junit.HistogramDatasetTests, org.jfree.data.statistics.junit.HistogramDatasetTests, org.jfree.data.statistics.junit.MeanAndStandardDeviationTests, org.jfree.data.statistics.junit.MeanAndStandardDeviationTests, org.jfree.data.statistics.junit.RegressionTests, org.jfree.data.statistics.junit.RegressionTests, org.jfree.data.statistics.junit.SimpleHistogramBinTests, org.jfree.data.statistics.junit.SimpleHistogramBinTests, org.jfree.data.statistics.junit.SimpleHistogramDatasetTests, org.jfree.data.statistics.junit.SimpleHistogramDatasetTests, org.jfree.data.statistics.junit.StatisticsTests, org.jfree.data.statistics.junit.StatisticsTests, org.jfree.data.time.junit.DataTimePackageTests, org.jfree.data.time.junit.DataTimePackageTests, org.jfree.data.time.junit.DateRangeTests, org.jfree.data.time.junit.DateRangeTests, org.jfree.data.time.junit.DayTests, org.jfree.data.time.junit.DayTests, org.jfree.data.time.junit.FixedMillisecondTests, org.jfree.data.time.junit.FixedMillisecondTests, org.jfree.data.time.junit.HourTests, org.jfree.data.time.junit.HourTests, org.jfree.data.time.junit.MillisecondTests, org.jfree.data.time.junit.MillisecondTests, org.jfree.data.time.junit.MinuteTests, org.jfree.data.time.junit.MinuteTests, org.jfree.data.time.junit.MonthTests, org.jfree.data.time.junit.MonthTests, org.jfree.data.time.junit.MovingAverageTests, org.jfree.data.time.junit.MovingAverageTests, org.jfree.data.time.junit.QuarterTests, org.jfree.data.time.junit.QuarterTests, org.jfree.data.time.junit.SecondTests, org.jfree.data.time.junit.SecondTests, org.jfree.data.time.junit.SimpleTimePeriodTests, org.jfree.data.time.junit.SimpleTimePeriodTests, org.jfree.data.time.junit.TimePeriodAnchorTests, org.jfree.data.time.junit.TimePeriodAnchorTests, org.jfree.data.time.junit.TimePeriodValueTests, org.jfree.data.time.junit.TimePeriodValueTests, org.jfree.data.time.junit.TimePeriodValuesCollectionTests, org.jfree.data.time.junit.TimePeriodValuesCollectionTests, org.jfree.data.time.junit.TimePeriodValuesTests, org.jfree.data.time.junit.TimePeriodValuesTests, org.jfree.data.time.junit.TimeSeriesCollectionTests, org.jfree.data.time.junit.TimeSeriesCollectionTests, org.jfree.data.time.junit.TimeSeriesDataItemTests, org.jfree.data.time.junit.TimeSeriesDataItemTests, org.jfree.data.time.junit.TimeSeriesTests, org.jfree.data.time.junit.TimeSeriesTests, org.jfree.data.time.junit.TimeTableXYDatasetTests, org.jfree.data.time.junit.TimeTableXYDatasetTests, org.jfree.data.time.junit.WeekTests, org.jfree.data.time.junit.WeekTests, org.jfree.data.time.junit.YearTests, org.jfree.data.time.junit.YearTests, org.jfree.data.time.ohlc.junit.OHLCItemTests, org.jfree.data.time.ohlc.junit.OHLCItemTests, org.jfree.data.time.ohlc.junit.OHLCPackageTests, org.jfree.data.time.ohlc.junit.OHLCPackageTests, org.jfree.data.time.ohlc.junit.OHLCSeriesCollectionTests, org.jfree.data.time.ohlc.junit.OHLCSeriesCollectionTests, org.jfree.data.time.ohlc.junit.OHLCSeriesTests, org.jfree.data.time.ohlc.junit.OHLCSeriesTests, org.jfree.data.time.ohlc.junit.OHLCTests, org.jfree.data.time.ohlc.junit.OHLCTests, org.jfree.data.xy.junit.CategoryTableXYDatasetTests, org.jfree.data.xy.junit.CategoryTableXYDatasetTests, org.jfree.data.xy.junit.DataXYPackageTests, org.jfree.data.xy.junit.DataXYPackageTests, org.jfree.data.xy.junit.DefaultHighLowDatasetTests, org.jfree.data.xy.junit.DefaultHighLowDatasetTests, org.jfree.data.xy.junit.DefaultIntervalXYDatasetTests, org.jfree.data.xy.junit.DefaultIntervalXYDatasetTests, org.jfree.data.xy.junit.DefaultOHLCDatasetTests, org.jfree.data.xy.junit.DefaultOHLCDatasetTests, org.jfree.data.xy.junit.DefaultTableXYDatasetTests, org.jfree.data.xy.junit.DefaultTableXYDatasetTests, org.jfree.data.xy.junit.DefaultWindDatasetTests, org.jfree.data.xy.junit.DefaultWindDatasetTests, org.jfree.data.xy.junit.DefaultXYDatasetTests, org.jfree.data.xy.junit.DefaultXYDatasetTests, org.jfree.data.xy.junit.DefaultXYZDatasetTests, org.jfree.data.xy.junit.DefaultXYZDatasetTests, org.jfree.data.xy.junit.IntervalXYDelegateTests, org.jfree.data.xy.junit.IntervalXYDelegateTests, org.jfree.data.xy.junit.MatrixSeriesCollectionTests, org.jfree.data.xy.junit.MatrixSeriesCollectionTests, org.jfree.data.xy.junit.MatrixSeriesTests, org.jfree.data.xy.junit.MatrixSeriesTests, org.jfree.data.xy.junit.OHLCDataItemTests, org.jfree.data.xy.junit.OHLCDataItemTests, org.jfree.data.xy.junit.TableXYDatasetTests, org.jfree.data.xy.junit.TableXYDatasetTests, org.jfree.data.xy.junit.VectorDataItemTests, org.jfree.data.xy.junit.VectorDataItemTests, org.jfree.data.xy.junit.VectorSeriesCollectionTests, org.jfree.data.xy.junit.VectorSeriesCollectionTests, org.jfree.data.xy.junit.VectorSeriesTests, org.jfree.data.xy.junit.VectorSeriesTests, org.jfree.data.xy.junit.VectorTests, org.jfree.data.xy.junit.VectorTests, org.jfree.data.xy.junit.XIntervalDataItemTests, org.jfree.data.xy.junit.XIntervalDataItemTests, org.jfree.data.xy.junit.XIntervalSeriesCollectionTests, org.jfree.data.xy.junit.XIntervalSeriesCollectionTests, org.jfree.data.xy.junit.XIntervalSeriesTests, org.jfree.data.xy.junit.XIntervalSeriesTests, org.jfree.data.xy.junit.XYBarDatasetTests, org.jfree.data.xy.junit.XYBarDatasetTests, org.jfree.data.xy.junit.XYCoordinateTests, org.jfree.data.xy.junit.XYCoordinateTests, org.jfree.data.xy.junit.XYDataItemTests, org.jfree.data.xy.junit.XYDataItemTests, org.jfree.data.xy.junit.XYIntervalDataItemTests, org.jfree.data.xy.junit.XYIntervalDataItemTests, org.jfree.data.xy.junit.XYIntervalSeriesCollectionTests, org.jfree.data.xy.junit.XYIntervalSeriesCollectionTests, org.jfree.data.xy.junit.XYIntervalSeriesTests, org.jfree.data.xy.junit.XYIntervalSeriesTests, org.jfree.data.xy.junit.XYIntervalTests, org.jfree.data.xy.junit.XYIntervalTests, org.jfree.data.xy.junit.XYSeriesCollectionTests, org.jfree.data.xy.junit.XYSeriesCollectionTests, org.jfree.data.xy.junit.XYSeriesTests, org.jfree.data.xy.junit.XYSeriesTests, org.jfree.data.xy.junit.YIntervalDataItemTests, org.jfree.data.xy.junit.YIntervalDataItemTests, org.jfree.data.xy.junit.YIntervalSeriesCollectionTests, org.jfree.data.xy.junit.YIntervalSeriesCollectionTests, org.jfree.data.xy.junit.YIntervalSeriesTests, org.jfree.data.xy.junit.YIntervalSeriesTests, org.jfree.data.xy.junit.YIntervalTests, org.jfree.data.xy.junit.YIntervalTests, org.jfree.data.xy.junit.YWithXIntervalTests, org.jfree.data.xy.junit.YWithXIntervalTests], complianceLevel=4, outputFolder=., json=true}
16:19:20.056 [main] INFO  fr.inria.lille.repair.nopol.NoPol - Available processors (cores): 32
16:19:20.061 [main] INFO  fr.inria.lille.repair.nopol.NoPol - Free memory: 885 MB
16:19:20.062 [main] INFO  fr.inria.lille.repair.nopol.NoPol - Maximum memory: 3 GB
16:19:20.062 [main] INFO  fr.inria.lille.repair.nopol.NoPol - Total memory available to JVM: 989 MB
16:19:20.062 [main] INFO  fr.inria.lille.repair.nopol.NoPol - Java version: 1.8.0_181
16:19:20.063 [main] INFO  fr.inria.lille.repair.nopol.NoPol - JAVA_HOME: /usr/lib/jvm/java-1.8.0-openjdk-amd64/bin/
16:19:20.063 [main] INFO  fr.inria.lille.repair.nopol.NoPol - PATH: /usr/lib/jvm/java-1.8.0-openjdk-amd64/bin/:/usr/lib/oar/oardodo:/usr/lib/oar/oardodo:/usr/local/bin:/usr/bin:/bin:/usr/games
16:19:39.971 [pool-2-thread-1] DEBUG fr.inria.lille.repair.nopol.NoPol - statement #1
16:19:39.972 [pool-2-thread-1] DEBUG fr.inria.lille.repair.nopol.NoPol - Analysing SourceLocation org.jfree.chart.plot.MultiplePiePlot:166 which is executed by 2 tests
412795966
16:19:40.201 [pool-2-thread-1] DEBUG fr.inria.lille.repair.nopol.NoPol - statement #2
16:19:40.201 [pool-2-thread-1] DEBUG fr.inria.lille.repair.nopol.NoPol - Analysing SourceLocation org.jfree.data.general.AbstractDataset:161 which is executed by 6 tests
-396293673
16:19:40.281 [pool-2-thread-1] DEBUG fr.inria.lille.repair.nopol.NoPol - statement #3
16:19:40.281 [pool-2-thread-1] DEBUG fr.inria.lille.repair.nopol.NoPol - Analysing SourceLocation org.jfree.data.general.AbstractDataset:160 which is executed by 6 tests
-396293673
16:19:40.526 [pool-2-thread-1] DEBUG fr.inria.lille.repair.nopol.NoPol - statement #4
16:19:40.526 [pool-2-thread-1] DEBUG fr.inria.lille.repair.nopol.NoPol - Analysing SourceLocation org.jfree.chart.title.LegendTitle:542 which is executed by 8 tests
-1566484948
16:19:40.624 [pool-2-thread-1] DEBUG fr.inria.lille.repair.nopol.NoPol - looking with class fr.inria.lille.repair.nopol.spoon.smt.ConditionalAdder
junit.framework.AssertionFailedError
    at junit.framework.Assert.fail(Assert.java:55)
    at junit.framework.Assert.assertTrue(Assert.java:22)
    at junit.framework.Assert.assertTrue(Assert.java:31)
    at junit.framework.TestCase.assertTrue(TestCase.java:201)
    at org.jfree.chart.plot.junit.MultiplePiePlotTests.testConstructor(MultiplePiePlotTests.java:112)
    at sun.reflect.NativeMethodAccessorImpl.invoke0(Native Method)
junit.framework.AssertionFailedError
    at junit.framework.Assert.fail(Assert.java:55)
    at junit.framework.Assert.assertTrue(Assert.java:22)
    at junit.framework.Assert.assertTrue(Assert.java:31)
    at junit.framework.TestCase.assertTrue(TestCase.java:201)
    at org.jfree.chart.plot.junit.MultiplePiePlotTests.testConstructor(MultiplePiePlotTests.java:112)
    at sun.reflect.NativeMethodAccessorImpl.invoke0(Native Method)
16:19:40.792 [pool-4-thread-1] INFO  xxl.java.junit.TestCasesListener - Tests run finished (136 ms)
<> Total tests run: 8
<> Ignored tests: 0
<> Failed tests: 2
~ testConstructor(org.jfree.chart.plot.junit.MultiplePiePlotTests)
[null]
junit.framework.AssertionFailedError    at junit.framework.Assert.fail(Assert.java:55)
    at junit.framework.Assert.assertTrue(Assert.java:22)
    at junit.framework.Assert.assertTrue(Assert.java:31)
    at junit.framework.TestCase.assertTrue(TestCase.java:201)
    at org.jfree.chart.plot.junit.MultiplePiePlotTests.testConstructor(MultiplePiePlotTests.java:112)
    at sun.reflect.NativeMethodAccessorImpl.invoke0(Native Method)
~ testConstructor(org.jfree.chart.plot.junit.MultiplePiePlotTests)
[null]
junit.framework.AssertionFailedError    at junit.framework.Assert.fail(Assert.java:55)
    at junit.framework.Assert.assertTrue(Assert.java:22)
    at junit.framework.Assert.assertTrue(Assert.java:31)
    at junit.framework.TestCase.assertTrue(TestCase.java:201)
    at org.jfree.chart.plot.junit.MultiplePiePlotTests.testConstructor(MultiplePiePlotTests.java:112)
    at sun.reflect.NativeMethodAccessorImpl.invoke0(Native Method)

16:19:41.583 [pool-2-thread-1] DEBUG fr.inria.lille.repair.nopol.NoPol - statement #5
16:19:41.583 [pool-2-thread-1] DEBUG fr.inria.lille.repair.nopol.NoPol - Analysing SourceLocation org.jfree.chart.JFreeChart:797 which is executed by 8 tests
-112801879
16:19:41.694 [pool-2-thread-1] DEBUG fr.inria.lille.repair.nopol.NoPol - statement #6
16:19:41.694 [pool-2-thread-1] DEBUG fr.inria.lille.repair.nopol.NoPol - Analysing SourceLocation org.jfree.chart.JFreeChart:796 which is executed by 8 tests
-112801879
16:19:41.793 [pool-2-thread-1] DEBUG fr.inria.lille.repair.nopol.NoPol - looking with class fr.inria.lille.repair.nopol.spoon.smt.ConditionalAdder
junit.framework.AssertionFailedError
    at junit.framework.Assert.fail(Assert.java:55)
    at junit.framework.Assert.assertTrue(Assert.java:22)
    at junit.framework.Assert.assertTrue(Assert.java:31)
    at junit.framework.TestCase.assertTrue(TestCase.java:201)
    at org.jfree.chart.plot.junit.MultiplePiePlotTests.testConstructor(MultiplePiePlotTests.java:112)
    at sun.reflect.NativeMethodAccessorImpl.invoke0(Native Method)
junit.framework.AssertionFailedError
    at junit.framework.Assert.fail(Assert.java:55)
    at junit.framework.Assert.assertTrue(Assert.java:22)
    at junit.framework.Assert.assertTrue(Assert.java:31)
    at junit.framework.TestCase.assertTrue(TestCase.java:201)
    at org.jfree.chart.plot.junit.MultiplePiePlotTests.testConstructor(MultiplePiePlotTests.java:112)
    at sun.reflect.NativeMethodAccessorImpl.invoke0(Native Method)
16:19:41.864 [pool-8-thread-1] INFO  xxl.java.junit.TestCasesListener - Tests run finished (67 ms)
<> Total tests run: 8
<> Ignored tests: 0
<> Failed tests: 2
~ testConstructor(org.jfree.chart.plot.junit.MultiplePiePlotTests)
[null]
junit.framework.AssertionFailedError    at junit.framework.Assert.fail(Assert.java:55)
    at junit.framework.Assert.assertTrue(Assert.java:22)
    at junit.framework.Assert.assertTrue(Assert.java:31)
    at junit.framework.TestCase.assertTrue(TestCase.java:201)
    at org.jfree.chart.plot.junit.MultiplePiePlotTests.testConstructor(MultiplePiePlotTests.java:112)
    at sun.reflect.NativeMethodAccessorImpl.invoke0(Native Method)
~ testConstructor(org.jfree.chart.plot.junit.MultiplePiePlotTests)
[null]
junit.framework.AssertionFailedError    at junit.framework.Assert.fail(Assert.java:55)
    at junit.framework.Assert.assertTrue(Assert.java:22)
    at junit.framework.Assert.assertTrue(Assert.java:31)
    at junit.framework.TestCase.assertTrue(TestCase.java:201)
    at org.jfree.chart.plot.junit.MultiplePiePlotTests.testConstructor(MultiplePiePlotTests.java:112)
    at sun.reflect.NativeMethodAccessorImpl.invoke0(Native Method)

16:19:42.282 [pool-2-thread-1] DEBUG fr.inria.lille.repair.nopol.NoPol - statement #7
16:19:42.282 [pool-2-thread-1] DEBUG fr.inria.lille.repair.nopol.NoPol - Analysing SourceLocation org.jfree.chart.JFreeChart:795 which is executed by 8 tests
-112801879
16:19:42.383 [pool-2-thread-1] DEBUG fr.inria.lille.repair.nopol.NoPol - looking with class fr.inria.lille.repair.nopol.spoon.smt.ConditionalAdder
junit.framework.AssertionFailedError
    at junit.framework.Assert.fail(Assert.java:55)
    at junit.framework.Assert.assertTrue(Assert.java:22)
    at junit.framework.Assert.assertTrue(Assert.java:31)
    at junit.framework.TestCase.assertTrue(TestCase.java:201)
    at org.jfree.chart.plot.junit.MultiplePiePlotTests.testConstructor(MultiplePiePlotTests.java:112)
    at sun.reflect.NativeMethodAccessorImpl.invoke0(Native Method)
junit.framework.AssertionFailedError
    at junit.framework.Assert.fail(Assert.java:55)
    at junit.framework.Assert.assertTrue(Assert.java:22)
    at junit.framework.Assert.assertTrue(Assert.java:31)
    at junit.framework.TestCase.assertTrue(TestCase.java:201)
    at org.jfree.chart.plot.junit.MultiplePiePlotTests.testConstructor(MultiplePiePlotTests.java:112)
    at sun.reflect.NativeMethodAccessorImpl.invoke0(Native Method)
16:19:42.448 [pool-12-thread-1] INFO  xxl.java.junit.TestCasesListener - Tests run finished (62 ms)
<> Total tests run: 8
<> Ignored tests: 0
<> Failed tests: 2
~ testConstructor(org.jfree.chart.plot.junit.MultiplePiePlotTests)
[null]
junit.framework.AssertionFailedError    at junit.framework.Assert.fail(Assert.java:55)
    at junit.framework.Assert.assertTrue(Assert.java:22)
    at junit.framework.Assert.assertTrue(Assert.java:31)
    at junit.framework.TestCase.assertTrue(TestCase.java:201)
    at org.jfree.chart.plot.junit.MultiplePiePlotTests.testConstructor(MultiplePiePlotTests.java:112)
    at sun.reflect.NativeMethodAccessorImpl.invoke0(Native Method)
~ testConstructor(org.jfree.chart.plot.junit.MultiplePiePlotTests)
[null]
junit.framework.AssertionFailedError    at junit.framework.Assert.fail(Assert.java:55)
    at junit.framework.Assert.assertTrue(Assert.java:22)
    at junit.framework.Assert.assertTrue(Assert.java:31)
    at junit.framework.TestCase.assertTrue(TestCase.java:201)
    at org.jfree.chart.plot.junit.MultiplePiePlotTests.testConstructor(MultiplePiePlotTests.java:112)
    at sun.reflect.NativeMethodAccessorImpl.invoke0(Native Method)

16:19:42.696 [pool-2-thread-1] DEBUG fr.inria.lille.repair.nopol.NoPol - statement #8
16:19:42.696 [pool-2-thread-1] DEBUG fr.inria.lille.repair.nopol.NoPol - Analysing SourceLocation org.jfree.chart.JFreeChart:665 which is executed by 8 tests
-112801879
16:19:42.795 [pool-2-thread-1] DEBUG fr.inria.lille.repair.nopol.NoPol - statement #9
16:19:42.795 [pool-2-thread-1] DEBUG fr.inria.lille.repair.nopol.NoPol - Analysing SourceLocation org.jfree.chart.JFreeChart:664 which is executed by 8 tests
-112801879
16:19:42.890 [pool-2-thread-1] DEBUG fr.inria.lille.repair.nopol.NoPol - looking with class fr.inria.lille.repair.nopol.spoon.smt.ConditionalAdder
junit.framework.AssertionFailedError
    at junit.framework.Assert.fail(Assert.java:55)
    at junit.framework.Assert.assertTrue(Assert.java:22)
    at junit.framework.Assert.assertTrue(Assert.java:31)
    at junit.framework.TestCase.assertTrue(TestCase.java:201)
    at org.jfree.chart.plot.junit.MultiplePiePlotTests.testConstructor(MultiplePiePlotTests.java:112)
    at sun.reflect.NativeMethodAccessorImpl.invoke0(Native Method)
junit.framework.AssertionFailedError
    at junit.framework.Assert.fail(Assert.java:55)
    at junit.framework.Assert.assertTrue(Assert.java:22)
    at junit.framework.Assert.assertTrue(Assert.java:31)
    at junit.framework.TestCase.assertTrue(TestCase.java:201)
    at org.jfree.chart.plot.junit.MultiplePiePlotTests.testConstructor(MultiplePiePlotTests.java:112)
    at sun.reflect.NativeMethodAccessorImpl.invoke0(Native Method)
16:19:42.952 [pool-16-thread-1] INFO  xxl.java.junit.TestCasesListener - Tests run finished (59 ms)
<> Total tests run: 8
<> Ignored tests: 0
<> Failed tests: 2
~ testConstructor(org.jfree.chart.plot.junit.MultiplePiePlotTests)
[null]
junit.framework.AssertionFailedError    at junit.framework.Assert.fail(Assert.java:55)
    at junit.framework.Assert.assertTrue(Assert.java:22)
    at junit.framework.Assert.assertTrue(Assert.java:31)
    at junit.framework.TestCase.assertTrue(TestCase.java:201)
    at org.jfree.chart.plot.junit.MultiplePiePlotTests.testConstructor(MultiplePiePlotTests.java:112)
    at sun.reflect.NativeMethodAccessorImpl.invoke0(Native Method)
~ testConstructor(org.jfree.chart.plot.junit.MultiplePiePlotTests)
[null]
junit.framework.AssertionFailedError    at junit.framework.Assert.fail(Assert.java:55)
    at junit.framework.Assert.assertTrue(Assert.java:22)
    at junit.framework.Assert.assertTrue(Assert.java:31)
    at junit.framework.TestCase.assertTrue(TestCase.java:201)
    at org.jfree.chart.plot.junit.MultiplePiePlotTests.testConstructor(MultiplePiePlotTests.java:112)
    at sun.reflect.NativeMethodAccessorImpl.invoke0(Native Method)

16:19:43.173 [pool-2-thread-1] DEBUG fr.inria.lille.repair.nopol.NoPol - statement #10
16:19:43.173 [pool-2-thread-1] DEBUG fr.inria.lille.repair.nopol.NoPol - Analysing SourceLocation org.jfree.chart.JFreeChartInfo:1855 which is executed by 2 tests
-470971273
16:19:43.284 [pool-2-thread-1] DEBUG fr.inria.lille.repair.nopol.NoPol - statement #11
16:19:43.284 [pool-2-thread-1] DEBUG fr.inria.lille.repair.nopol.NoPol - Analysing SourceLocation org.jfree.chart.JFreeChartInfo:1854 which is executed by 2 tests
-470971273
16:19:43.380 [pool-2-thread-1] DEBUG fr.inria.lille.repair.nopol.NoPol - looking with class fr.inria.lille.repair.nopol.spoon.smt.ConditionalAdder
16:19:43.426 [pool-20-thread-1] INFO  xxl.java.junit.TestCasesListener - Tests run finished (44 ms)
<> Total tests run: 3
<> Ignored tests: 0
<> Failed tests: 0

16:19:43.426 [pool-2-thread-1] ERROR fr.inria.lille.repair.nopol.NoPol - Error ExecutionException java.util.concurrent.ExecutionException: java.lang.RuntimeException: failingTestCasesValidated: nothing to repair, no failing test cases
16:19:43.426 [pool-2-thread-1] DEBUG fr.inria.lille.repair.nopol.NoPol - looking with class fr.inria.lille.repair.nopol.spoon.smt.ConditionalReplacer
16:19:43.436 [pool-22-thread-1] INFO  xxl.java.junit.TestCasesListener - Tests run finished (8 ms)
<> Total tests run: 3
<> Ignored tests: 0
<> Failed tests: 0

16:19:43.437 [pool-2-thread-1] ERROR fr.inria.lille.repair.nopol.NoPol - Error ExecutionException java.util.concurrent.ExecutionException: java.lang.RuntimeException: failingTestCasesValidated: nothing to repair, no failing test cases
16:19:43.437 [pool-2-thread-1] DEBUG fr.inria.lille.repair.nopol.NoPol - statement #12
16:19:43.437 [pool-2-thread-1] DEBUG fr.inria.lille.repair.nopol.NoPol - Analysing SourceLocation org.jfree.chart.JFreeChartInfo:1852 which is executed by 2 tests
-470971273
16:19:43.531 [pool-2-thread-1] DEBUG fr.inria.lille.repair.nopol.NoPol - statement #13
16:19:43.531 [pool-2-thread-1] DEBUG fr.inria.lille.repair.nopol.NoPol - Analysing SourceLocation org.jfree.chart.JFreeChart:972 which is executed by 10 tests
-112801879
16:19:43.627 [pool-2-thread-1] DEBUG fr.inria.lille.repair.nopol.NoPol - statement #14
16:19:43.627 [pool-2-thread-1] DEBUG fr.inria.lille.repair.nopol.NoPol - Analysing SourceLocation org.jfree.chart.JFreeChart:962 which is executed by 10 tests
-112801879
16:19:43.729 [pool-2-thread-1] DEBUG fr.inria.lille.repair.nopol.NoPol - looking with class fr.inria.lille.repair.nopol.spoon.smt.ConditionalAdder
junit.framework.AssertionFailedError
    at junit.framework.Assert.fail(Assert.java:55)
    at junit.framework.Assert.assertTrue(Assert.java:22)
    at junit.framework.Assert.assertTrue(Assert.java:31)
    at junit.framework.TestCase.assertTrue(TestCase.java:201)
    at org.jfree.chart.plot.junit.MultiplePiePlotTests.testConstructor(MultiplePiePlotTests.java:112)
    at sun.reflect.NativeMethodAccessorImpl.invoke0(Native Method)
junit.framework.AssertionFailedError
    at junit.framework.Assert.fail(Assert.java:55)
    at junit.framework.Assert.assertTrue(Assert.java:22)
    at junit.framework.Assert.assertTrue(Assert.java:31)
    at junit.framework.TestCase.assertTrue(TestCase.java:201)
    at org.jfree.chart.plot.junit.MultiplePiePlotTests.testConstructor(MultiplePiePlotTests.java:112)
    at sun.reflect.NativeMethodAccessorImpl.invoke0(Native Method)
16:19:43.788 [pool-24-thread-1] INFO  xxl.java.junit.TestCasesListener - Tests run finished (56 ms)
<> Total tests run: 8
<> Ignored tests: 0
<> Failed tests: 2
~ testConstructor(org.jfree.chart.plot.junit.MultiplePiePlotTests)
[null]
junit.framework.AssertionFailedError    at junit.framework.Assert.fail(Assert.java:55)
    at junit.framework.Assert.assertTrue(Assert.java:22)
    at junit.framework.Assert.assertTrue(Assert.java:31)
    at junit.framework.TestCase.assertTrue(TestCase.java:201)
    at org.jfree.chart.plot.junit.MultiplePiePlotTests.testConstructor(MultiplePiePlotTests.java:112)
    at sun.reflect.NativeMethodAccessorImpl.invoke0(Native Method)
~ testConstructor(org.jfree.chart.plot.junit.MultiplePiePlotTests)
[null]
junit.framework.AssertionFailedError    at junit.framework.Assert.fail(Assert.java:55)
    at junit.framework.Assert.assertTrue(Assert.java:22)
    at junit.framework.Assert.assertTrue(Assert.java:31)
    at junit.framework.TestCase.assertTrue(TestCase.java:201)
    at org.jfree.chart.plot.junit.MultiplePiePlotTests.testConstructor(MultiplePiePlotTests.java:112)
    at sun.reflect.NativeMethodAccessorImpl.invoke0(Native Method)

16:19:44.029 [pool-2-thread-1] DEBUG fr.inria.lille.repair.nopol.NoPol - statement #15
16:19:44.029 [pool-2-thread-1] DEBUG fr.inria.lille.repair.nopol.NoPol - Analysing SourceLocation org.jfree.chart.JFreeChart:961 which is executed by 10 tests
-112801879
16:19:44.142 [pool-2-thread-1] DEBUG fr.inria.lille.repair.nopol.NoPol - looking with class fr.inria.lille.repair.nopol.spoon.smt.ConditionalAdder
junit.framework.AssertionFailedError
    at junit.framework.Assert.fail(Assert.java:55)
    at junit.framework.Assert.assertTrue(Assert.java:22)
    at junit.framework.Assert.assertTrue(Assert.java:31)
    at junit.framework.TestCase.assertTrue(TestCase.java:201)
    at org.jfree.chart.plot.junit.MultiplePiePlotTests.testConstructor(MultiplePiePlotTests.java:112)
    at sun.reflect.NativeMethodAccessorImpl.invoke0(Native Method)
junit.framework.AssertionFailedError
    at junit.framework.Assert.fail(Assert.java:55)
    at junit.framework.Assert.assertTrue(Assert.java:22)
    at junit.framework.Assert.assertTrue(Assert.java:31)
    at junit.framework.TestCase.assertTrue(TestCase.java:201)
    at org.jfree.chart.plot.junit.MultiplePiePlotTests.testConstructor(MultiplePiePlotTests.java:112)
    at sun.reflect.NativeMethodAccessorImpl.invoke0(Native Method)
16:19:44.204 [pool-28-thread-1] INFO  xxl.java.junit.TestCasesListener - Tests run finished (58 ms)
<> Total tests run: 8
<> Ignored tests: 0
<> Failed tests: 2
~ testConstructor(org.jfree.chart.plot.junit.MultiplePiePlotTests)
[null]
junit.framework.AssertionFailedError    at junit.framework.Assert.fail(Assert.java:55)
    at junit.framework.Assert.assertTrue(Assert.java:22)
    at junit.framework.Assert.assertTrue(Assert.java:31)
    at junit.framework.TestCase.assertTrue(TestCase.java:201)
    at org.jfree.chart.plot.junit.MultiplePiePlotTests.testConstructor(MultiplePiePlotTests.java:112)
    at sun.reflect.NativeMethodAccessorImpl.invoke0(Native Method)
~ testConstructor(org.jfree.chart.plot.junit.MultiplePiePlotTests)
[null]
junit.framework.AssertionFailedError    at junit.framework.Assert.fail(Assert.java:55)
    at junit.framework.Assert.assertTrue(Assert.java:22)
    at junit.framework.Assert.assertTrue(Assert.java:31)
    at junit.framework.TestCase.assertTrue(TestCase.java:201)
    at org.jfree.chart.plot.junit.MultiplePiePlotTests.testConstructor(MultiplePiePlotTests.java:112)
    at sun.reflect.NativeMethodAccessorImpl.invoke0(Native Method)

16:19:44.411 [pool-2-thread-1] DEBUG fr.inria.lille.repair.nopol.NoPol - statement #16
16:19:44.411 [pool-2-thread-1] DEBUG fr.inria.lille.repair.nopol.NoPol - Analysing SourceLocation org.jfree.chart.JFreeChart:960 which is executed by 10 tests
-112801879
16:19:44.504 [pool-2-thread-1] DEBUG fr.inria.lille.repair.nopol.NoPol - looking with class fr.inria.lille.repair.nopol.spoon.smt.ConditionalAdder
junit.framework.AssertionFailedError
    at junit.framework.Assert.fail(Assert.java:55)
    at junit.framework.Assert.assertTrue(Assert.java:22)
    at junit.framework.Assert.assertTrue(Assert.java:31)
    at junit.framework.TestCase.assertTrue(TestCase.java:201)
    at org.jfree.chart.plot.junit.MultiplePiePlotTests.testConstructor(MultiplePiePlotTests.java:112)
    at sun.reflect.NativeMethodAccessorImpl.invoke0(Native Method)
junit.framework.AssertionFailedError
    at junit.framework.Assert.fail(Assert.java:55)
    at junit.framework.Assert.assertTrue(Assert.java:22)
    at junit.framework.Assert.assertTrue(Assert.java:31)
    at junit.framework.TestCase.assertTrue(TestCase.java:201)
    at org.jfree.chart.plot.junit.MultiplePiePlotTests.testConstructor(MultiplePiePlotTests.java:112)
    at sun.reflect.NativeMethodAccessorImpl.invoke0(Native Method)
16:19:44.576 [pool-32-thread-1] INFO  xxl.java.junit.TestCasesListener - Tests run finished (68 ms)
<> Total tests run: 8
<> Ignored tests: 0
<> Failed tests: 2
~ testConstructor(org.jfree.chart.plot.junit.MultiplePiePlotTests)
[null]
junit.framework.AssertionFailedError    at junit.framework.Assert.fail(Assert.java:55)
    at junit.framework.Assert.assertTrue(Assert.java:22)
    at junit.framework.Assert.assertTrue(Assert.java:31)
    at junit.framework.TestCase.assertTrue(TestCase.java:201)
    at org.jfree.chart.plot.junit.MultiplePiePlotTests.testConstructor(MultiplePiePlotTests.java:112)
    at sun.reflect.NativeMethodAccessorImpl.invoke0(Native Method)
~ testConstructor(org.jfree.chart.plot.junit.MultiplePiePlotTests)
[null]
junit.framework.AssertionFailedError    at junit.framework.Assert.fail(Assert.java:55)
    at junit.framework.Assert.assertTrue(Assert.java:22)
    at junit.framework.Assert.assertTrue(Assert.java:31)
    at junit.framework.TestCase.assertTrue(TestCase.java:201)
    at org.jfree.chart.plot.junit.MultiplePiePlotTests.testConstructor(MultiplePiePlotTests.java:112)
    at sun.reflect.NativeMethodAccessorImpl.invoke0(Native Method)

16:19:44.796 [pool-2-thread-1] DEBUG fr.inria.lille.repair.nopol.NoPol - looking with class fr.inria.lille.repair.nopol.spoon.smt.ConditionalReplacer
junit.framework.AssertionFailedError
    at junit.framework.Assert.fail(Assert.java:55)
    at junit.framework.Assert.assertTrue(Assert.java:22)
    at junit.framework.Assert.assertTrue(Assert.java:31)
    at junit.framework.TestCase.assertTrue(TestCase.java:201)
    at org.jfree.chart.plot.junit.MultiplePiePlotTests.testConstructor(MultiplePiePlotTests.java:112)
    at sun.reflect.NativeMethodAccessorImpl.invoke0(Native Method)
junit.framework.AssertionFailedError
    at junit.framework.Assert.fail(Assert.java:55)
    at junit.framework.Assert.assertTrue(Assert.java:22)
    at junit.framework.Assert.assertTrue(Assert.java:31)
    at junit.framework.TestCase.assertTrue(TestCase.java:201)
    at org.jfree.chart.plot.junit.MultiplePiePlotTests.testConstructor(MultiplePiePlotTests.java:112)
    at sun.reflect.NativeMethodAccessorImpl.invoke0(Native Method)
16:19:44.858 [pool-36-thread-1] INFO  xxl.java.junit.TestCasesListener - Tests run finished (59 ms)
<> Total tests run: 8
<> Ignored tests: 0
<> Failed tests: 2
~ testConstructor(org.jfree.chart.plot.junit.MultiplePiePlotTests)
[null]
junit.framework.AssertionFailedError    at junit.framework.Assert.fail(Assert.java:55)
    at junit.framework.Assert.assertTrue(Assert.java:22)
    at junit.framework.Assert.assertTrue(Assert.java:31)
    at junit.framework.TestCase.assertTrue(TestCase.java:201)
    at org.jfree.chart.plot.junit.MultiplePiePlotTests.testConstructor(MultiplePiePlotTests.java:112)
    at sun.reflect.NativeMethodAccessorImpl.invoke0(Native Method)
~ testConstructor(org.jfree.chart.plot.junit.MultiplePiePlotTests)
[null]
junit.framework.AssertionFailedError    at junit.framework.Assert.fail(Assert.java:55)
    at junit.framework.Assert.assertTrue(Assert.java:22)
    at junit.framework.Assert.assertTrue(Assert.java:31)
    at junit.framework.TestCase.assertTrue(TestCase.java:201)
    at org.jfree.chart.plot.junit.MultiplePiePlotTests.testConstructor(MultiplePiePlotTests.java:112)
    at sun.reflect.NativeMethodAccessorImpl.invoke0(Native Method)

16:19:45.055 [pool-2-thread-1] DEBUG fr.inria.lille.repair.nopol.NoPol - statement #17
16:19:45.056 [pool-2-thread-1] DEBUG fr.inria.lille.repair.nopol.NoPol - Analysing SourceLocation org.jfree.chart.JFreeChart:959 which is executed by 10 tests
-112801879
16:19:45.149 [pool-2-thread-1] DEBUG fr.inria.lille.repair.nopol.NoPol - looking with class fr.inria.lille.repair.nopol.spoon.smt.ConditionalAdder
junit.framework.AssertionFailedError
    at junit.framework.Assert.fail(Assert.java:55)
    at junit.framework.Assert.assertTrue(Assert.java:22)
    at junit.framework.Assert.assertTrue(Assert.java:31)
    at junit.framework.TestCase.assertTrue(TestCase.java:201)
    at org.jfree.chart.plot.junit.MultiplePiePlotTests.testConstructor(MultiplePiePlotTests.java:112)
    at sun.reflect.NativeMethodAccessorImpl.invoke0(Native Method)
junit.framework.AssertionFailedError
    at junit.framework.Assert.fail(Assert.java:55)
    at junit.framework.Assert.assertTrue(Assert.java:22)
    at junit.framework.Assert.assertTrue(Assert.java:31)
    at junit.framework.TestCase.assertTrue(TestCase.java:201)
    at org.jfree.chart.plot.junit.MultiplePiePlotTests.testConstructor(MultiplePiePlotTests.java:112)
    at sun.reflect.NativeMethodAccessorImpl.invoke0(Native Method)
16:19:45.204 [pool-40-thread-1] INFO  xxl.java.junit.TestCasesListener - Tests run finished (52 ms)
<> Total tests run: 8
<> Ignored tests: 0
<> Failed tests: 2
~ testConstructor(org.jfree.chart.plot.junit.MultiplePiePlotTests)
[null]
junit.framework.AssertionFailedError    at junit.framework.Assert.fail(Assert.java:55)
    at junit.framework.Assert.assertTrue(Assert.java:22)
    at junit.framework.Assert.assertTrue(Assert.java:31)
    at junit.framework.TestCase.assertTrue(TestCase.java:201)
    at org.jfree.chart.plot.junit.MultiplePiePlotTests.testConstructor(MultiplePiePlotTests.java:112)
    at sun.reflect.NativeMethodAccessorImpl.invoke0(Native Method)
~ testConstructor(org.jfree.chart.plot.junit.MultiplePiePlotTests)
[null]
junit.framework.AssertionFailedError    at junit.framework.Assert.fail(Assert.java:55)
    at junit.framework.Assert.assertTrue(Assert.java:22)
    at junit.framework.Assert.assertTrue(Assert.java:31)
    at junit.framework.TestCase.assertTrue(TestCase.java:201)
    at org.jfree.chart.plot.junit.MultiplePiePlotTests.testConstructor(MultiplePiePlotTests.java:112)
    at sun.reflect.NativeMethodAccessorImpl.invoke0(Native Method)

16:19:45.400 [pool-2-thread-1] DEBUG fr.inria.lille.repair.nopol.NoPol - looking with class fr.inria.lille.repair.nopol.spoon.smt.ConditionalReplacer
junit.framework.AssertionFailedError
    at junit.framework.Assert.fail(Assert.java:55)
    at junit.framework.Assert.assertTrue(Assert.java:22)
    at junit.framework.Assert.assertTrue(Assert.java:31)
    at junit.framework.TestCase.assertTrue(TestCase.java:201)
    at org.jfree.chart.plot.junit.MultiplePiePlotTests.testConstructor(MultiplePiePlotTests.java:112)
    at sun.reflect.NativeMethodAccessorImpl.invoke0(Native Method)
junit.framework.AssertionFailedError
    at junit.framework.Assert.fail(Assert.java:55)
    at junit.framework.Assert.assertTrue(Assert.java:22)
    at junit.framework.Assert.assertTrue(Assert.java:31)
    at junit.framework.TestCase.assertTrue(TestCase.java:201)
    at org.jfree.chart.plot.junit.MultiplePiePlotTests.testConstructor(MultiplePiePlotTests.java:112)
    at sun.reflect.NativeMethodAccessorImpl.invoke0(Native Method)
16:19:45.469 [pool-44-thread-1] INFO  xxl.java.junit.TestCasesListener - Tests run finished (67 ms)
<> Total tests run: 8
<> Ignored tests: 0
<> Failed tests: 2
~ testConstructor(org.jfree.chart.plot.junit.MultiplePiePlotTests)
[null]
junit.framework.AssertionFailedError    at junit.framework.Assert.fail(Assert.java:55)
    at junit.framework.Assert.assertTrue(Assert.java:22)
    at junit.framework.Assert.assertTrue(Assert.java:31)
    at junit.framework.TestCase.assertTrue(TestCase.java:201)
    at org.jfree.chart.plot.junit.MultiplePiePlotTests.testConstructor(MultiplePiePlotTests.java:112)
    at sun.reflect.NativeMethodAccessorImpl.invoke0(Native Method)
~ testConstructor(org.jfree.chart.plot.junit.MultiplePiePlotTests)
[null]
junit.framework.AssertionFailedError    at junit.framework.Assert.fail(Assert.java:55)
    at junit.framework.Assert.assertTrue(Assert.java:22)
    at junit.framework.Assert.assertTrue(Assert.java:31)
    at junit.framework.TestCase.assertTrue(TestCase.java:201)
    at org.jfree.chart.plot.junit.MultiplePiePlotTests.testConstructor(MultiplePiePlotTests.java:112)
    at sun.reflect.NativeMethodAccessorImpl.invoke0(Native Method)

16:19:45.641 [pool-2-thread-1] DEBUG fr.inria.lille.repair.nopol.NoPol - statement #18
16:19:45.641 [pool-2-thread-1] DEBUG fr.inria.lille.repair.nopol.NoPol - Analysing SourceLocation org.jfree.chart.JFreeChart:579 which is executed by 10 tests
-112801879
16:19:45.736 [pool-2-thread-1] DEBUG fr.inria.lille.repair.nopol.NoPol - statement #19
16:19:45.737 [pool-2-thread-1] DEBUG fr.inria.lille.repair.nopol.NoPol - Analysing SourceLocation org.jfree.chart.JFreeChart:578 which is executed by 10 tests
-112801879
16:19:45.830 [pool-2-thread-1] DEBUG fr.inria.lille.repair.nopol.NoPol - looking with class fr.inria.lille.repair.nopol.spoon.smt.ConditionalAdder
junit.framework.AssertionFailedError
    at junit.framework.Assert.fail(Assert.java:55)
    at junit.framework.Assert.assertTrue(Assert.java:22)
    at junit.framework.Assert.assertTrue(Assert.java:31)
    at junit.framework.TestCase.assertTrue(TestCase.java:201)
    at org.jfree.chart.plot.junit.MultiplePiePlotTests.testConstructor(MultiplePiePlotTests.java:112)
    at sun.reflect.NativeMethodAccessorImpl.invoke0(Native Method)
junit.framework.AssertionFailedError
    at junit.framework.Assert.fail(Assert.java:55)
    at junit.framework.Assert.assertTrue(Assert.java:22)
    at junit.framework.Assert.assertTrue(Assert.java:31)
    at junit.framework.TestCase.assertTrue(TestCase.java:201)
    at org.jfree.chart.plot.junit.MultiplePiePlotTests.testConstructor(MultiplePiePlotTests.java:112)
    at sun.reflect.NativeMethodAccessorImpl.invoke0(Native Method)
16:19:45.884 [pool-48-thread-1] INFO  xxl.java.junit.TestCasesListener - Tests run finished (51 ms)
<> Total tests run: 8
<> Ignored tests: 0
<> Failed tests: 2
~ testConstructor(org.jfree.chart.plot.junit.MultiplePiePlotTests)
[null]
junit.framework.AssertionFailedError    at junit.framework.Assert.fail(Assert.java:55)
    at junit.framework.Assert.assertTrue(Assert.java:22)
    at junit.framework.Assert.assertTrue(Assert.java:31)
    at junit.framework.TestCase.assertTrue(TestCase.java:201)
    at org.jfree.chart.plot.junit.MultiplePiePlotTests.testConstructor(MultiplePiePlotTests.java:112)
    at sun.reflect.NativeMethodAccessorImpl.invoke0(Native Method)
~ testConstructor(org.jfree.chart.plot.junit.MultiplePiePlotTests)
[null]
junit.framework.AssertionFailedError    at junit.framework.Assert.fail(Assert.java:55)
    at junit.framework.Assert.assertTrue(Assert.java:22)
    at junit.framework.Assert.assertTrue(Assert.java:31)
    at junit.framework.TestCase.assertTrue(TestCase.java:201)
    at org.jfree.chart.plot.junit.MultiplePiePlotTests.testConstructor(MultiplePiePlotTests.java:112)
    at sun.reflect.NativeMethodAccessorImpl.invoke0(Native Method)

16:19:46.048 [pool-2-thread-1] DEBUG fr.inria.lille.repair.nopol.NoPol - statement #20
16:19:46.048 [pool-2-thread-1] DEBUG fr.inria.lille.repair.nopol.NoPol - Analysing SourceLocation org.jfree.chart.JFreeChart:576 which is executed by 10 tests
-112801879
16:19:46.147 [pool-2-thread-1] DEBUG fr.inria.lille.repair.nopol.NoPol - looking with class fr.inria.lille.repair.nopol.spoon.smt.ConditionalAdder
junit.framework.AssertionFailedError
    at junit.framework.Assert.fail(Assert.java:55)
    at junit.framework.Assert.assertTrue(Assert.java:22)
    at junit.framework.Assert.assertTrue(Assert.java:31)
    at junit.framework.TestCase.assertTrue(TestCase.java:201)
    at org.jfree.chart.plot.junit.MultiplePiePlotTests.testConstructor(MultiplePiePlotTests.java:112)
    at sun.reflect.NativeMethodAccessorImpl.invoke0(Native Method)
junit.framework.AssertionFailedError
    at junit.framework.Assert.fail(Assert.java:55)
    at junit.framework.Assert.assertTrue(Assert.java:22)
    at junit.framework.Assert.assertTrue(Assert.java:31)
    at junit.framework.TestCase.assertTrue(TestCase.java:201)
    at org.jfree.chart.plot.junit.MultiplePiePlotTests.testConstructor(MultiplePiePlotTests.java:112)
    at sun.reflect.NativeMethodAccessorImpl.invoke0(Native Method)
16:19:46.199 [pool-52-thread-1] INFO  xxl.java.junit.TestCasesListener - Tests run finished (49 ms)
<> Total tests run: 8
<> Ignored tests: 0
<> Failed tests: 2
~ testConstructor(org.jfree.chart.plot.junit.MultiplePiePlotTests)
[null]
junit.framework.AssertionFailedError    at junit.framework.Assert.fail(Assert.java:55)
    at junit.framework.Assert.assertTrue(Assert.java:22)
    at junit.framework.Assert.assertTrue(Assert.java:31)
    at junit.framework.TestCase.assertTrue(TestCase.java:201)
    at org.jfree.chart.plot.junit.MultiplePiePlotTests.testConstructor(MultiplePiePlotTests.java:112)
    at sun.reflect.NativeMethodAccessorImpl.invoke0(Native Method)
~ testConstructor(org.jfree.chart.plot.junit.MultiplePiePlotTests)
[null]
junit.framework.AssertionFailedError    at junit.framework.Assert.fail(Assert.java:55)
    at junit.framework.Assert.assertTrue(Assert.java:22)
    at junit.framework.Assert.assertTrue(Assert.java:31)
    at junit.framework.TestCase.assertTrue(TestCase.java:201)
    at org.jfree.chart.plot.junit.MultiplePiePlotTests.testConstructor(MultiplePiePlotTests.java:112)
    at sun.reflect.NativeMethodAccessorImpl.invoke0(Native Method)

16:19:46.360 [pool-2-thread-1] DEBUG fr.inria.lille.repair.nopol.NoPol - statement #21
16:19:46.360 [pool-2-thread-1] DEBUG fr.inria.lille.repair.nopol.NoPol - Analysing SourceLocation org.jfree.chart.JFreeChart:575 which is executed by 10 tests
-112801879
16:19:46.463 [pool-2-thread-1] DEBUG fr.inria.lille.repair.nopol.NoPol - looking with class fr.inria.lille.repair.nopol.spoon.smt.ConditionalAdder
junit.framework.AssertionFailedError
    at junit.framework.Assert.fail(Assert.java:55)
    at junit.framework.Assert.assertTrue(Assert.java:22)
    at junit.framework.Assert.assertTrue(Assert.java:31)
    at junit.framework.TestCase.assertTrue(TestCase.java:201)
    at org.jfree.chart.plot.junit.MultiplePiePlotTests.testConstructor(MultiplePiePlotTests.java:112)
    at sun.reflect.NativeMethodAccessorImpl.invoke0(Native Method)
junit.framework.AssertionFailedError
    at junit.framework.Assert.fail(Assert.java:55)
    at junit.framework.Assert.assertTrue(Assert.java:22)
    at junit.framework.Assert.assertTrue(Assert.java:31)
    at junit.framework.TestCase.assertTrue(TestCase.java:201)
    at org.jfree.chart.plot.junit.MultiplePiePlotTests.testConstructor(MultiplePiePlotTests.java:112)
    at sun.reflect.NativeMethodAccessorImpl.invoke0(Native Method)
16:19:46.517 [pool-56-thread-1] INFO  xxl.java.junit.TestCasesListener - Tests run finished (52 ms)
<> Total tests run: 8
<> Ignored tests: 0
<> Failed tests: 2
~ testConstructor(org.jfree.chart.plot.junit.MultiplePiePlotTests)
[null]
junit.framework.AssertionFailedError    at junit.framework.Assert.fail(Assert.java:55)
    at junit.framework.Assert.assertTrue(Assert.java:22)
    at junit.framework.Assert.assertTrue(Assert.java:31)
    at junit.framework.TestCase.assertTrue(TestCase.java:201)
    at org.jfree.chart.plot.junit.MultiplePiePlotTests.testConstructor(MultiplePiePlotTests.java:112)
    at sun.reflect.NativeMethodAccessorImpl.invoke0(Native Method)
~ testConstructor(org.jfree.chart.plot.junit.MultiplePiePlotTests)
[null]
junit.framework.AssertionFailedError    at junit.framework.Assert.fail(Assert.java:55)
    at junit.framework.Assert.assertTrue(Assert.java:22)
    at junit.framework.Assert.assertTrue(Assert.java:31)
    at junit.framework.TestCase.assertTrue(TestCase.java:201)
    at org.jfree.chart.plot.junit.MultiplePiePlotTests.testConstructor(MultiplePiePlotTests.java:112)
    at sun.reflect.NativeMethodAccessorImpl.invoke0(Native Method)

16:19:46.683 [pool-2-thread-1] DEBUG fr.inria.lille.repair.nopol.NoPol - looking with class fr.inria.lille.repair.nopol.spoon.smt.ConditionalReplacer
junit.framework.AssertionFailedError
    at junit.framework.Assert.fail(Assert.java:55)
    at junit.framework.Assert.assertTrue(Assert.java:22)
    at junit.framework.Assert.assertTrue(Assert.java:31)
    at junit.framework.TestCase.assertTrue(TestCase.java:201)
    at org.jfree.chart.plot.junit.MultiplePiePlotTests.testConstructor(MultiplePiePlotTests.java:112)
    at sun.reflect.NativeMethodAccessorImpl.invoke0(Native Method)
junit.framework.AssertionFailedError
    at junit.framework.Assert.fail(Assert.java:55)
    at junit.framework.Assert.assertTrue(Assert.java:22)
    at junit.framework.Assert.assertTrue(Assert.java:31)
    at junit.framework.TestCase.assertTrue(TestCase.java:201)
    at org.jfree.chart.plot.junit.MultiplePiePlotTests.testConstructor(MultiplePiePlotTests.java:112)
    at sun.reflect.NativeMethodAccessorImpl.invoke0(Native Method)
16:19:46.739 [pool-60-thread-1] INFO  xxl.java.junit.TestCasesListener - Tests run finished (51 ms)
<> Total tests run: 8
<> Ignored tests: 0
<> Failed tests: 2
~ testConstructor(org.jfree.chart.plot.junit.MultiplePiePlotTests)
[null]
junit.framework.AssertionFailedError    at junit.framework.Assert.fail(Assert.java:55)
    at junit.framework.Assert.assertTrue(Assert.java:22)
    at junit.framework.Assert.assertTrue(Assert.java:31)
    at junit.framework.TestCase.assertTrue(TestCase.java:201)
    at org.jfree.chart.plot.junit.MultiplePiePlotTests.testConstructor(MultiplePiePlotTests.java:112)
    at sun.reflect.NativeMethodAccessorImpl.invoke0(Native Method)
~ testConstructor(org.jfree.chart.plot.junit.MultiplePiePlotTests)
[null]
junit.framework.AssertionFailedError    at junit.framework.Assert.fail(Assert.java:55)
    at junit.framework.Assert.assertTrue(Assert.java:22)
    at junit.framework.Assert.assertTrue(Assert.java:31)
    at junit.framework.TestCase.assertTrue(TestCase.java:201)
    at org.jfree.chart.plot.junit.MultiplePiePlotTests.testConstructor(MultiplePiePlotTests.java:112)
    at sun.reflect.NativeMethodAccessorImpl.invoke0(Native Method)

16:19:46.916 [pool-2-thread-1] DEBUG fr.inria.lille.repair.nopol.NoPol - statement #22
16:19:46.916 [pool-2-thread-1] DEBUG fr.inria.lille.repair.nopol.NoPol - Analysing SourceLocation org.jfree.chart.JFreeChart:574 which is executed by 10 tests
-112801879
16:19:47.023 [pool-2-thread-1] DEBUG fr.inria.lille.repair.nopol.NoPol - looking with class fr.inria.lille.repair.nopol.spoon.smt.ConditionalAdder
junit.framework.AssertionFailedError
    at junit.framework.Assert.fail(Assert.java:55)
    at junit.framework.Assert.assertTrue(Assert.java:22)
    at junit.framework.Assert.assertTrue(Assert.java:31)
    at junit.framework.TestCase.assertTrue(TestCase.java:201)
    at org.jfree.chart.plot.junit.MultiplePiePlotTests.testConstructor(MultiplePiePlotTests.java:112)
    at sun.reflect.NativeMethodAccessorImpl.invoke0(Native Method)
junit.framework.AssertionFailedError
    at junit.framework.Assert.fail(Assert.java:55)
    at junit.framework.Assert.assertTrue(Assert.java:22)
    at junit.framework.Assert.assertTrue(Assert.java:31)
    at junit.framework.TestCase.assertTrue(TestCase.java:201)
    at org.jfree.chart.plot.junit.MultiplePiePlotTests.testConstructor(MultiplePiePlotTests.java:112)
    at sun.reflect.NativeMethodAccessorImpl.invoke0(Native Method)
16:19:47.073 [pool-64-thread-1] INFO  xxl.java.junit.TestCasesListener - Tests run finished (47 ms)
<> Total tests run: 8
<> Ignored tests: 0
<> Failed tests: 2
~ testConstructor(org.jfree.chart.plot.junit.MultiplePiePlotTests)
[null]
junit.framework.AssertionFailedError    at junit.framework.Assert.fail(Assert.java:55)
    at junit.framework.Assert.assertTrue(Assert.java:22)
    at junit.framework.Assert.assertTrue(Assert.java:31)
    at junit.framework.TestCase.assertTrue(TestCase.java:201)
    at org.jfree.chart.plot.junit.MultiplePiePlotTests.testConstructor(MultiplePiePlotTests.java:112)
    at sun.reflect.NativeMethodAccessorImpl.invoke0(Native Method)
~ testConstructor(org.jfree.chart.plot.junit.MultiplePiePlotTests)
[null]
junit.framework.AssertionFailedError    at junit.framework.Assert.fail(Assert.java:55)
    at junit.framework.Assert.assertTrue(Assert.java:22)
    at junit.framework.Assert.assertTrue(Assert.java:31)
    at junit.framework.TestCase.assertTrue(TestCase.java:201)
    at org.jfree.chart.plot.junit.MultiplePiePlotTests.testConstructor(MultiplePiePlotTests.java:112)
    at sun.reflect.NativeMethodAccessorImpl.invoke0(Native Method)

16:19:47.235 [pool-2-thread-1] DEBUG fr.inria.lille.repair.nopol.NoPol - statement #23
16:19:47.235 [pool-2-thread-1] DEBUG fr.inria.lille.repair.nopol.NoPol - Analysing SourceLocation org.jfree.chart.JFreeChart:571 which is executed by 10 tests
-112801879
16:19:47.326 [pool-2-thread-1] DEBUG fr.inria.lille.repair.nopol.NoPol - looking with class fr.inria.lille.repair.nopol.spoon.smt.ConditionalAdder
junit.framework.AssertionFailedError
    at junit.framework.Assert.fail(Assert.java:55)
    at junit.framework.Assert.assertTrue(Assert.java:22)
    at junit.framework.Assert.assertTrue(Assert.java:31)
    at junit.framework.TestCase.assertTrue(TestCase.java:201)
    at org.jfree.chart.plot.junit.MultiplePiePlotTests.testConstructor(MultiplePiePlotTests.java:112)
    at sun.reflect.NativeMethodAccessorImpl.invoke0(Native Method)
junit.framework.AssertionFailedError
    at junit.framework.Assert.fail(Assert.java:55)
    at junit.framework.Assert.assertTrue(Assert.java:22)
    at junit.framework.Assert.assertTrue(Assert.java:31)
    at junit.framework.TestCase.assertTrue(TestCase.java:201)
    at org.jfree.chart.plot.junit.MultiplePiePlotTests.testConstructor(MultiplePiePlotTests.java:112)
    at sun.reflect.NativeMethodAccessorImpl.invoke0(Native Method)
16:19:47.377 [pool-68-thread-1] INFO  xxl.java.junit.TestCasesListener - Tests run finished (48 ms)
<> Total tests run: 8
<> Ignored tests: 0
<> Failed tests: 2
~ testConstructor(org.jfree.chart.plot.junit.MultiplePiePlotTests)
[null]
junit.framework.AssertionFailedError    at junit.framework.Assert.fail(Assert.java:55)
    at junit.framework.Assert.assertTrue(Assert.java:22)
    at junit.framework.Assert.assertTrue(Assert.java:31)
    at junit.framework.TestCase.assertTrue(TestCase.java:201)
    at org.jfree.chart.plot.junit.MultiplePiePlotTests.testConstructor(MultiplePiePlotTests.java:112)
    at sun.reflect.NativeMethodAccessorImpl.invoke0(Native Method)
~ testConstructor(org.jfree.chart.plot.junit.MultiplePiePlotTests)
[null]
junit.framework.AssertionFailedError    at junit.framework.Assert.fail(Assert.java:55)
    at junit.framework.Assert.assertTrue(Assert.java:22)
    at junit.framework.Assert.assertTrue(Assert.java:31)
    at junit.framework.TestCase.assertTrue(TestCase.java:201)
    at org.jfree.chart.plot.junit.MultiplePiePlotTests.testConstructor(MultiplePiePlotTests.java:112)
    at sun.reflect.NativeMethodAccessorImpl.invoke0(Native Method)

16:19:47.536 [pool-2-thread-1] DEBUG fr.inria.lille.repair.nopol.NoPol - looking with class fr.inria.lille.repair.nopol.spoon.smt.ConditionalReplacer
junit.framework.AssertionFailedError
    at junit.framework.Assert.fail(Assert.java:55)
    at junit.framework.Assert.assertTrue(Assert.java:22)
    at junit.framework.Assert.assertTrue(Assert.java:31)
    at junit.framework.TestCase.assertTrue(TestCase.java:201)
    at org.jfree.chart.plot.junit.MultiplePiePlotTests.testConstructor(MultiplePiePlotTests.java:112)
    at sun.reflect.NativeMethodAccessorImpl.invoke0(Native Method)
junit.framework.AssertionFailedError
    at junit.framework.Assert.fail(Assert.java:55)
    at junit.framework.Assert.assertTrue(Assert.java:22)
    at junit.framework.Assert.assertTrue(Assert.java:31)
    at junit.framework.TestCase.assertTrue(TestCase.java:201)
    at org.jfree.chart.plot.junit.MultiplePiePlotTests.testConstructor(MultiplePiePlotTests.java:112)
    at sun.reflect.NativeMethodAccessorImpl.invoke0(Native Method)
16:19:47.584 [pool-72-thread-1] INFO  xxl.java.junit.TestCasesListener - Tests run finished (46 ms)
<> Total tests run: 8
<> Ignored tests: 0
<> Failed tests: 2
~ testConstructor(org.jfree.chart.plot.junit.MultiplePiePlotTests)
[null]
junit.framework.AssertionFailedError    at junit.framework.Assert.fail(Assert.java:55)
    at junit.framework.Assert.assertTrue(Assert.java:22)
    at junit.framework.Assert.assertTrue(Assert.java:31)
    at junit.framework.TestCase.assertTrue(TestCase.java:201)
    at org.jfree.chart.plot.junit.MultiplePiePlotTests.testConstructor(MultiplePiePlotTests.java:112)
    at sun.reflect.NativeMethodAccessorImpl.invoke0(Native Method)
~ testConstructor(org.jfree.chart.plot.junit.MultiplePiePlotTests)
[null]
junit.framework.AssertionFailedError    at junit.framework.Assert.fail(Assert.java:55)
    at junit.framework.Assert.assertTrue(Assert.java:22)
    at junit.framework.Assert.assertTrue(Assert.java:31)
    at junit.framework.TestCase.assertTrue(TestCase.java:201)
    at org.jfree.chart.plot.junit.MultiplePiePlotTests.testConstructor(MultiplePiePlotTests.java:112)
    at sun.reflect.NativeMethodAccessorImpl.invoke0(Native Method)

16:19:47.743 [pool-2-thread-1] DEBUG fr.inria.lille.repair.nopol.NoPol - statement #24
16:19:47.744 [pool-2-thread-1] DEBUG fr.inria.lille.repair.nopol.NoPol - Analysing SourceLocation org.jfree.chart.JFreeChart:647 which is executed by 12 tests
-112801879
16:19:47.835 [pool-2-thread-1] DEBUG fr.inria.lille.repair.nopol.NoPol - looking with class fr.inria.lille.repair.nopol.spoon.smt.ConditionalAdder
junit.framework.AssertionFailedError
    at junit.framework.Assert.fail(Assert.java:55)
    at junit.framework.Assert.assertTrue(Assert.java:22)
    at junit.framework.Assert.assertTrue(Assert.java:31)
    at junit.framework.TestCase.assertTrue(TestCase.java:201)
    at org.jfree.chart.plot.junit.MultiplePiePlotTests.testConstructor(MultiplePiePlotTests.java:112)
    at sun.reflect.NativeMethodAccessorImpl.invoke0(Native Method)
junit.framework.AssertionFailedError
    at junit.framework.Assert.fail(Assert.java:55)
    at junit.framework.Assert.assertTrue(Assert.java:22)
    at junit.framework.Assert.assertTrue(Assert.java:31)
    at junit.framework.TestCase.assertTrue(TestCase.java:201)
    at org.jfree.chart.plot.junit.MultiplePiePlotTests.testConstructor(MultiplePiePlotTests.java:112)
    at sun.reflect.NativeMethodAccessorImpl.invoke0(Native Method)
16:19:47.889 [pool-76-thread-1] INFO  xxl.java.junit.TestCasesListener - Tests run finished (51 ms)
<> Total tests run: 8
<> Ignored tests: 0
<> Failed tests: 2
~ testConstructor(org.jfree.chart.plot.junit.MultiplePiePlotTests)
[null]
junit.framework.AssertionFailedError    at junit.framework.Assert.fail(Assert.java:55)
    at junit.framework.Assert.assertTrue(Assert.java:22)
    at junit.framework.Assert.assertTrue(Assert.java:31)
    at junit.framework.TestCase.assertTrue(TestCase.java:201)
    at org.jfree.chart.plot.junit.MultiplePiePlotTests.testConstructor(MultiplePiePlotTests.java:112)
    at sun.reflect.NativeMethodAccessorImpl.invoke0(Native Method)
~ testConstructor(org.jfree.chart.plot.junit.MultiplePiePlotTests)
[null]
junit.framework.AssertionFailedError    at junit.framework.Assert.fail(Assert.java:55)
    at junit.framework.Assert.assertTrue(Assert.java:22)
    at junit.framework.Assert.assertTrue(Assert.java:31)
    at junit.framework.TestCase.assertTrue(TestCase.java:201)
    at org.jfree.chart.plot.junit.MultiplePiePlotTests.testConstructor(MultiplePiePlotTests.java:112)
    at sun.reflect.NativeMethodAccessorImpl.invoke0(Native Method)

16:19:48.056 [pool-2-thread-1] DEBUG fr.inria.lille.repair.nopol.NoPol - statement #25
16:19:48.057 [pool-2-thread-1] DEBUG fr.inria.lille.repair.nopol.NoPol - Analysing SourceLocation org.jfree.chart.JFreeChart:646 which is executed by 12 tests
-112801879
16:19:48.148 [pool-2-thread-1] DEBUG fr.inria.lille.repair.nopol.NoPol - looking with class fr.inria.lille.repair.nopol.spoon.smt.ConditionalAdder
junit.framework.AssertionFailedError
    at junit.framework.Assert.fail(Assert.java:55)
    at junit.framework.Assert.assertTrue(Assert.java:22)
    at junit.framework.Assert.assertTrue(Assert.java:31)
    at junit.framework.TestCase.assertTrue(TestCase.java:201)
    at org.jfree.chart.plot.junit.MultiplePiePlotTests.testConstructor(MultiplePiePlotTests.java:112)
    at sun.reflect.NativeMethodAccessorImpl.invoke0(Native Method)
junit.framework.AssertionFailedError
    at junit.framework.Assert.fail(Assert.java:55)
    at junit.framework.Assert.assertTrue(Assert.java:22)
    at junit.framework.Assert.assertTrue(Assert.java:31)
    at junit.framework.TestCase.assertTrue(TestCase.java:201)
    at org.jfree.chart.plot.junit.MultiplePiePlotTests.testConstructor(MultiplePiePlotTests.java:112)
    at sun.reflect.NativeMethodAccessorImpl.invoke0(Native Method)
16:19:48.199 [pool-80-thread-1] INFO  xxl.java.junit.TestCasesListener - Tests run finished (49 ms)
<> Total tests run: 8
<> Ignored tests: 0
<> Failed tests: 2
~ testConstructor(org.jfree.chart.plot.junit.MultiplePiePlotTests)
[null]
junit.framework.AssertionFailedError    at junit.framework.Assert.fail(Assert.java:55)
    at junit.framework.Assert.assertTrue(Assert.java:22)
    at junit.framework.Assert.assertTrue(Assert.java:31)
    at junit.framework.TestCase.assertTrue(TestCase.java:201)
    at org.jfree.chart.plot.junit.MultiplePiePlotTests.testConstructor(MultiplePiePlotTests.java:112)
    at sun.reflect.NativeMethodAccessorImpl.invoke0(Native Method)
~ testConstructor(org.jfree.chart.plot.junit.MultiplePiePlotTests)
[null]
junit.framework.AssertionFailedError    at junit.framework.Assert.fail(Assert.java:55)
    at junit.framework.Assert.assertTrue(Assert.java:22)
    at junit.framework.Assert.assertTrue(Assert.java:31)
    at junit.framework.TestCase.assertTrue(TestCase.java:201)
    at org.jfree.chart.plot.junit.MultiplePiePlotTests.testConstructor(MultiplePiePlotTests.java:112)
    at sun.reflect.NativeMethodAccessorImpl.invoke0(Native Method)

16:19:48.355 [pool-2-thread-1] DEBUG fr.inria.lille.repair.nopol.NoPol - looking with class fr.inria.lille.repair.nopol.spoon.smt.ConditionalReplacer
junit.framework.AssertionFailedError
    at junit.framework.Assert.fail(Assert.java:55)
    at junit.framework.Assert.assertTrue(Assert.java:22)
    at junit.framework.Assert.assertTrue(Assert.java:31)
    at junit.framework.TestCase.assertTrue(TestCase.java:201)
    at org.jfree.chart.plot.junit.MultiplePiePlotTests.testConstructor(MultiplePiePlotTests.java:112)
    at sun.reflect.NativeMethodAccessorImpl.invoke0(Native Method)
junit.framework.AssertionFailedError
    at junit.framework.Assert.fail(Assert.java:55)
    at junit.framework.Assert.assertTrue(Assert.java:22)
    at junit.framework.Assert.assertTrue(Assert.java:31)
    at junit.framework.TestCase.assertTrue(TestCase.java:201)
    at org.jfree.chart.plot.junit.MultiplePiePlotTests.testConstructor(MultiplePiePlotTests.java:112)
    at sun.reflect.NativeMethodAccessorImpl.invoke0(Native Method)
16:19:48.404 [pool-84-thread-1] INFO  xxl.java.junit.TestCasesListener - Tests run finished (47 ms)
<> Total tests run: 8
<> Ignored tests: 0
<> Failed tests: 2
~ testConstructor(org.jfree.chart.plot.junit.MultiplePiePlotTests)
[null]
junit.framework.AssertionFailedError    at junit.framework.Assert.fail(Assert.java:55)
    at junit.framework.Assert.assertTrue(Assert.java:22)
    at junit.framework.Assert.assertTrue(Assert.java:31)
    at junit.framework.TestCase.assertTrue(TestCase.java:201)
    at org.jfree.chart.plot.junit.MultiplePiePlotTests.testConstructor(MultiplePiePlotTests.java:112)
    at sun.reflect.NativeMethodAccessorImpl.invoke0(Native Method)
~ testConstructor(org.jfree.chart.plot.junit.MultiplePiePlotTests)
[null]
junit.framework.AssertionFailedError    at junit.framework.Assert.fail(Assert.java:55)
    at junit.framework.Assert.assertTrue(Assert.java:22)
    at junit.framework.Assert.assertTrue(Assert.java:31)
    at junit.framework.TestCase.assertTrue(TestCase.java:201)
    at org.jfree.chart.plot.junit.MultiplePiePlotTests.testConstructor(MultiplePiePlotTests.java:112)
    at sun.reflect.NativeMethodAccessorImpl.invoke0(Native Method)

16:19:48.559 [pool-2-thread-1] DEBUG fr.inria.lille.repair.nopol.NoPol - statement #26
16:19:48.559 [pool-2-thread-1] DEBUG fr.inria.lille.repair.nopol.NoPol - Analysing SourceLocation org.jfree.chart.JFreeChart:645 which is executed by 12 tests
-112801879
16:19:48.650 [pool-2-thread-1] DEBUG fr.inria.lille.repair.nopol.NoPol - looking with class fr.inria.lille.repair.nopol.spoon.smt.ConditionalAdder
junit.framework.AssertionFailedError
    at junit.framework.Assert.fail(Assert.java:55)
    at junit.framework.Assert.assertTrue(Assert.java:22)
    at junit.framework.Assert.assertTrue(Assert.java:31)
    at junit.framework.TestCase.assertTrue(TestCase.java:201)
    at org.jfree.chart.plot.junit.MultiplePiePlotTests.testConstructor(MultiplePiePlotTests.java:112)
    at sun.reflect.NativeMethodAccessorImpl.invoke0(Native Method)
junit.framework.AssertionFailedError
    at junit.framework.Assert.fail(Assert.java:55)
    at junit.framework.Assert.assertTrue(Assert.java:22)
    at junit.framework.Assert.assertTrue(Assert.java:31)
    at junit.framework.TestCase.assertTrue(TestCase.java:201)
    at org.jfree.chart.plot.junit.MultiplePiePlotTests.testConstructor(MultiplePiePlotTests.java:112)
    at sun.reflect.NativeMethodAccessorImpl.invoke0(Native Method)
16:19:48.699 [pool-88-thread-1] INFO  xxl.java.junit.TestCasesListener - Tests run finished (47 ms)
<> Total tests run: 8
<> Ignored tests: 0
<> Failed tests: 2
~ testConstructor(org.jfree.chart.plot.junit.MultiplePiePlotTests)
[null]
junit.framework.AssertionFailedError    at junit.framework.Assert.fail(Assert.java:55)
    at junit.framework.Assert.assertTrue(Assert.java:22)
    at junit.framework.Assert.assertTrue(Assert.java:31)
    at junit.framework.TestCase.assertTrue(TestCase.java:201)
    at org.jfree.chart.plot.junit.MultiplePiePlotTests.testConstructor(MultiplePiePlotTests.java:112)
    at sun.reflect.NativeMethodAccessorImpl.invoke0(Native Method)
~ testConstructor(org.jfree.chart.plot.junit.MultiplePiePlotTests)
[null]
junit.framework.AssertionFailedError    at junit.framework.Assert.fail(Assert.java:55)
    at junit.framework.Assert.assertTrue(Assert.java:22)
    at junit.framework.Assert.assertTrue(Assert.java:31)
    at junit.framework.TestCase.assertTrue(TestCase.java:201)
    at org.jfree.chart.plot.junit.MultiplePiePlotTests.testConstructor(MultiplePiePlotTests.java:112)
    at sun.reflect.NativeMethodAccessorImpl.invoke0(Native Method)

16:19:48.871 [pool-2-thread-1] DEBUG fr.inria.lille.repair.nopol.NoPol - looking with class fr.inria.lille.repair.nopol.spoon.smt.ConditionalReplacer
junit.framework.AssertionFailedError
    at junit.framework.Assert.fail(Assert.java:55)
    at junit.framework.Assert.assertTrue(Assert.java:22)
    at junit.framework.Assert.assertTrue(Assert.java:31)
    at junit.framework.TestCase.assertTrue(TestCase.java:201)
    at org.jfree.chart.plot.junit.MultiplePiePlotTests.testConstructor(MultiplePiePlotTests.java:112)
    at sun.reflect.NativeMethodAccessorImpl.invoke0(Native Method)
junit.framework.AssertionFailedError
    at junit.framework.Assert.fail(Assert.java:55)
    at junit.framework.Assert.assertTrue(Assert.java:22)
    at junit.framework.Assert.assertTrue(Assert.java:31)
    at junit.framework.TestCase.assertTrue(TestCase.java:201)
    at org.jfree.chart.plot.junit.MultiplePiePlotTests.testConstructor(MultiplePiePlotTests.java:112)
    at sun.reflect.NativeMethodAccessorImpl.invoke0(Native Method)
16:19:48.920 [pool-92-thread-1] INFO  xxl.java.junit.TestCasesListener - Tests run finished (47 ms)
<> Total tests run: 8
<> Ignored tests: 0
<> Failed tests: 2
~ testConstructor(org.jfree.chart.plot.junit.MultiplePiePlotTests)
[null]
junit.framework.AssertionFailedError    at junit.framework.Assert.fail(Assert.java:55)
    at junit.framework.Assert.assertTrue(Assert.java:22)
    at junit.framework.Assert.assertTrue(Assert.java:31)
    at junit.framework.TestCase.assertTrue(TestCase.java:201)
    at org.jfree.chart.plot.junit.MultiplePiePlotTests.testConstructor(MultiplePiePlotTests.java:112)
    at sun.reflect.NativeMethodAccessorImpl.invoke0(Native Method)
~ testConstructor(org.jfree.chart.plot.junit.MultiplePiePlotTests)
[null]
junit.framework.AssertionFailedError    at junit.framework.Assert.fail(Assert.java:55)
    at junit.framework.Assert.assertTrue(Assert.java:22)
    at junit.framework.Assert.assertTrue(Assert.java:31)
    at junit.framework.TestCase.assertTrue(TestCase.java:201)
    at org.jfree.chart.plot.junit.MultiplePiePlotTests.testConstructor(MultiplePiePlotTests.java:112)
    at sun.reflect.NativeMethodAccessorImpl.invoke0(Native Method)

16:19:49.074 [pool-2-thread-1] DEBUG fr.inria.lille.repair.nopol.NoPol - statement #27
16:19:49.074 [pool-2-thread-1] DEBUG fr.inria.lille.repair.nopol.NoPol - Analysing SourceLocation org.jfree.chart.JFreeChart:644 which is executed by 12 tests
-112801879
16:19:49.166 [pool-2-thread-1] DEBUG fr.inria.lille.repair.nopol.NoPol - statement #28
16:19:49.166 [pool-2-thread-1] DEBUG fr.inria.lille.repair.nopol.NoPol - Analysing SourceLocation org.jfree.chart.JFreeChart:643 which is executed by 12 tests
-112801879
16:19:49.260 [pool-2-thread-1] DEBUG fr.inria.lille.repair.nopol.NoPol - looking with class fr.inria.lille.repair.nopol.spoon.smt.ConditionalAdder
junit.framework.AssertionFailedError
    at junit.framework.Assert.fail(Assert.java:55)
    at junit.framework.Assert.assertTrue(Assert.java:22)
    at junit.framework.Assert.assertTrue(Assert.java:31)
    at junit.framework.TestCase.assertTrue(TestCase.java:201)
    at org.jfree.chart.plot.junit.MultiplePiePlotTests.testConstructor(MultiplePiePlotTests.java:112)
    at sun.reflect.NativeMethodAccessorImpl.invoke0(Native Method)
junit.framework.AssertionFailedError
    at junit.framework.Assert.fail(Assert.java:55)
    at junit.framework.Assert.assertTrue(Assert.java:22)
    at junit.framework.Assert.assertTrue(Assert.java:31)
    at junit.framework.TestCase.assertTrue(TestCase.java:201)
    at org.jfree.chart.plot.junit.MultiplePiePlotTests.testConstructor(MultiplePiePlotTests.java:112)
    at sun.reflect.NativeMethodAccessorImpl.invoke0(Native Method)
16:19:49.309 [pool-96-thread-1] INFO  xxl.java.junit.TestCasesListener - Tests run finished (46 ms)
<> Total tests run: 8
<> Ignored tests: 0
<> Failed tests: 2
~ testConstructor(org.jfree.chart.plot.junit.MultiplePiePlotTests)
[null]
junit.framework.AssertionFailedError    at junit.framework.Assert.fail(Assert.java:55)
    at junit.framework.Assert.assertTrue(Assert.java:22)
    at junit.framework.Assert.assertTrue(Assert.java:31)
    at junit.framework.TestCase.assertTrue(TestCase.java:201)
    at org.jfree.chart.plot.junit.MultiplePiePlotTests.testConstructor(MultiplePiePlotTests.java:112)
    at sun.reflect.NativeMethodAccessorImpl.invoke0(Native Method)
~ testConstructor(org.jfree.chart.plot.junit.MultiplePiePlotTests)
[null]
junit.framework.AssertionFailedError    at junit.framework.Assert.fail(Assert.java:55)
    at junit.framework.Assert.assertTrue(Assert.java:22)
    at junit.framework.Assert.assertTrue(Assert.java:31)
    at junit.framework.TestCase.assertTrue(TestCase.java:201)
    at org.jfree.chart.plot.junit.MultiplePiePlotTests.testConstructor(MultiplePiePlotTests.java:112)
    at sun.reflect.NativeMethodAccessorImpl.invoke0(Native Method)

16:19:49.466 [pool-2-thread-1] DEBUG fr.inria.lille.repair.nopol.NoPol - statement #29
16:19:49.466 [pool-2-thread-1] DEBUG fr.inria.lille.repair.nopol.NoPol - Analysing SourceLocation org.jfree.chart.JFreeChart:642 which is executed by 12 tests
-112801879
16:19:49.587 [pool-2-thread-1] DEBUG fr.inria.lille.repair.nopol.NoPol - statement #30
16:19:49.587 [pool-2-thread-1] DEBUG fr.inria.lille.repair.nopol.NoPol - Analysing SourceLocation org.jfree.chart.JFreeChart:641 which is executed by 12 tests
-112801879
16:19:49.678 [pool-2-thread-1] DEBUG fr.inria.lille.repair.nopol.NoPol - statement #31
16:19:49.678 [pool-2-thread-1] DEBUG fr.inria.lille.repair.nopol.NoPol - Analysing SourceLocation org.jfree.chart.JFreeChart:628 which is executed by 12 tests
-112801879
16:19:49.771 [pool-2-thread-1] DEBUG fr.inria.lille.repair.nopol.NoPol - statement #32
16:19:49.771 [pool-2-thread-1] DEBUG fr.inria.lille.repair.nopol.NoPol - Analysing SourceLocation org.jfree.chart.JFreeChart:1488 which is executed by 14 tests
-112801879
16:19:49.864 [pool-2-thread-1] DEBUG fr.inria.lille.repair.nopol.NoPol - statement #33
16:19:49.865 [pool-2-thread-1] DEBUG fr.inria.lille.repair.nopol.NoPol - Analysing SourceLocation org.jfree.chart.JFreeChart:1487 which is executed by 14 tests
-112801879
16:19:49.957 [pool-2-thread-1] DEBUG fr.inria.lille.repair.nopol.NoPol - looking with class fr.inria.lille.repair.nopol.spoon.smt.ConditionalAdder
junit.framework.AssertionFailedError
    at junit.framework.Assert.fail(Assert.java:55)
    at junit.framework.Assert.assertTrue(Assert.java:22)
    at junit.framework.Assert.assertTrue(Assert.java:31)
    at junit.framework.TestCase.assertTrue(TestCase.java:201)
    at org.jfree.chart.plot.junit.MultiplePiePlotTests.testConstructor(MultiplePiePlotTests.java:112)
    at sun.reflect.NativeMethodAccessorImpl.invoke0(Native Method)
junit.framework.AssertionFailedError
    at junit.framework.Assert.fail(Assert.java:55)
    at junit.framework.Assert.assertTrue(Assert.java:22)
    at junit.framework.Assert.assertTrue(Assert.java:31)
    at junit.framework.TestCase.assertTrue(TestCase.java:201)
    at org.jfree.chart.plot.junit.MultiplePiePlotTests.testConstructor(MultiplePiePlotTests.java:112)
    at sun.reflect.NativeMethodAccessorImpl.invoke0(Native Method)
16:19:50.009 [pool-100-thread-1] INFO  xxl.java.junit.TestCasesListener - Tests run finished (49 ms)
<> Total tests run: 8
<> Ignored tests: 0
<> Failed tests: 2
~ testConstructor(org.jfree.chart.plot.junit.MultiplePiePlotTests)
[null]
junit.framework.AssertionFailedError    at junit.framework.Assert.fail(Assert.java:55)
    at junit.framework.Assert.assertTrue(Assert.java:22)
    at junit.framework.Assert.assertTrue(Assert.java:31)
    at junit.framework.TestCase.assertTrue(TestCase.java:201)
    at org.jfree.chart.plot.junit.MultiplePiePlotTests.testConstructor(MultiplePiePlotTests.java:112)
    at sun.reflect.NativeMethodAccessorImpl.invoke0(Native Method)
~ testConstructor(org.jfree.chart.plot.junit.MultiplePiePlotTests)
[null]
junit.framework.AssertionFailedError    at junit.framework.Assert.fail(Assert.java:55)
    at junit.framework.Assert.assertTrue(Assert.java:22)
    at junit.framework.Assert.assertTrue(Assert.java:31)
    at junit.framework.TestCase.assertTrue(TestCase.java:201)
    at org.jfree.chart.plot.junit.MultiplePiePlotTests.testConstructor(MultiplePiePlotTests.java:112)
    at sun.reflect.NativeMethodAccessorImpl.invoke0(Native Method)

16:19:50.166 [pool-2-thread-1] DEBUG fr.inria.lille.repair.nopol.NoPol - statement #34
16:19:50.166 [pool-2-thread-1] DEBUG fr.inria.lille.repair.nopol.NoPol - Analysing SourceLocation org.jfree.chart.JFreeChart:1486 which is executed by 14 tests
-112801879
16:19:50.259 [pool-2-thread-1] DEBUG fr.inria.lille.repair.nopol.NoPol - statement #35
16:19:50.259 [pool-2-thread-1] DEBUG fr.inria.lille.repair.nopol.NoPol - Analysing SourceLocation org.jfree.chart.title.LegendTitle:541 which is executed by 32 tests
-1566484948
16:19:50.350 [pool-2-thread-1] DEBUG fr.inria.lille.repair.nopol.NoPol - looking with class fr.inria.lille.repair.nopol.spoon.smt.ConditionalAdder
junit.framework.AssertionFailedError
    at junit.framework.Assert.fail(Assert.java:55)
    at junit.framework.Assert.assertTrue(Assert.java:22)
    at junit.framework.Assert.assertTrue(Assert.java:31)
    at junit.framework.TestCase.assertTrue(TestCase.java:201)
    at org.jfree.chart.plot.junit.MultiplePiePlotTests.testConstructor(MultiplePiePlotTests.java:112)
    at sun.reflect.NativeMethodAccessorImpl.invoke0(Native Method)
junit.framework.AssertionFailedError
    at junit.framework.Assert.fail(Assert.java:55)
    at junit.framework.Assert.assertTrue(Assert.java:22)
    at junit.framework.Assert.assertTrue(Assert.java:31)
    at junit.framework.TestCase.assertTrue(TestCase.java:201)
    at org.jfree.chart.plot.junit.MultiplePiePlotTests.testConstructor(MultiplePiePlotTests.java:112)
    at sun.reflect.NativeMethodAccessorImpl.invoke0(Native Method)
16:19:50.400 [pool-104-thread-1] INFO  xxl.java.junit.TestCasesListener - Tests run finished (47 ms)
<> Total tests run: 8
<> Ignored tests: 0
<> Failed tests: 2
~ testConstructor(org.jfree.chart.plot.junit.MultiplePiePlotTests)
[null]
junit.framework.AssertionFailedError    at junit.framework.Assert.fail(Assert.java:55)
    at junit.framework.Assert.assertTrue(Assert.java:22)
    at junit.framework.Assert.assertTrue(Assert.java:31)
    at junit.framework.TestCase.assertTrue(TestCase.java:201)
    at org.jfree.chart.plot.junit.MultiplePiePlotTests.testConstructor(MultiplePiePlotTests.java:112)
    at sun.reflect.NativeMethodAccessorImpl.invoke0(Native Method)
~ testConstructor(org.jfree.chart.plot.junit.MultiplePiePlotTests)
[null]
junit.framework.AssertionFailedError    at junit.framework.Assert.fail(Assert.java:55)
    at junit.framework.Assert.assertTrue(Assert.java:22)
    at junit.framework.Assert.assertTrue(Assert.java:31)
    at junit.framework.TestCase.assertTrue(TestCase.java:201)
    at org.jfree.chart.plot.junit.MultiplePiePlotTests.testConstructor(MultiplePiePlotTests.java:112)
    at sun.reflect.NativeMethodAccessorImpl.invoke0(Native Method)

16:19:50.522 [pool-2-thread-1] DEBUG fr.inria.lille.repair.nopol.NoPol - looking with class fr.inria.lille.repair.nopol.spoon.smt.ConditionalReplacer
junit.framework.AssertionFailedError
    at junit.framework.Assert.fail(Assert.java:55)
    at junit.framework.Assert.assertTrue(Assert.java:22)
    at junit.framework.Assert.assertTrue(Assert.java:31)
    at junit.framework.TestCase.assertTrue(TestCase.java:201)
    at org.jfree.chart.plot.junit.MultiplePiePlotTests.testConstructor(MultiplePiePlotTests.java:112)
    at sun.reflect.NativeMethodAccessorImpl.invoke0(Native Method)
junit.framework.AssertionFailedError
    at junit.framework.Assert.fail(Assert.java:55)
    at junit.framework.Assert.assertTrue(Assert.java:22)
    at junit.framework.Assert.assertTrue(Assert.java:31)
    at junit.framework.TestCase.assertTrue(TestCase.java:201)
    at org.jfree.chart.plot.junit.MultiplePiePlotTests.testConstructor(MultiplePiePlotTests.java:112)
    at sun.reflect.NativeMethodAccessorImpl.invoke0(Native Method)
16:19:50.572 [pool-108-thread-1] INFO  xxl.java.junit.TestCasesListener - Tests run finished (48 ms)
<> Total tests run: 8
<> Ignored tests: 0
<> Failed tests: 2
~ testConstructor(org.jfree.chart.plot.junit.MultiplePiePlotTests)
[null]
junit.framework.AssertionFailedError    at junit.framework.Assert.fail(Assert.java:55)
    at junit.framework.Assert.assertTrue(Assert.java:22)
    at junit.framework.Assert.assertTrue(Assert.java:31)
    at junit.framework.TestCase.assertTrue(TestCase.java:201)
    at org.jfree.chart.plot.junit.MultiplePiePlotTests.testConstructor(MultiplePiePlotTests.java:112)
    at sun.reflect.NativeMethodAccessorImpl.invoke0(Native Method)
~ testConstructor(org.jfree.chart.plot.junit.MultiplePiePlotTests)
[null]
junit.framework.AssertionFailedError    at junit.framework.Assert.fail(Assert.java:55)
    at junit.framework.Assert.assertTrue(Assert.java:22)
    at junit.framework.Assert.assertTrue(Assert.java:31)
    at junit.framework.TestCase.assertTrue(TestCase.java:201)
    at org.jfree.chart.plot.junit.MultiplePiePlotTests.testConstructor(MultiplePiePlotTests.java:112)
    at sun.reflect.NativeMethodAccessorImpl.invoke0(Native Method)

16:19:50.693 [pool-2-thread-1] DEBUG fr.inria.lille.repair.nopol.NoPol - statement #36
16:19:50.693 [pool-2-thread-1] DEBUG fr.inria.lille.repair.nopol.NoPol - Analysing SourceLocation org.jfree.chart.JFreeChartInfo:1851 which is executed by 18 tests
-470971273
16:19:50.784 [pool-2-thread-1] DEBUG fr.inria.lille.repair.nopol.NoPol - looking with class fr.inria.lille.repair.nopol.spoon.smt.ConditionalAdder
16:19:50.795 [pool-112-thread-1] INFO  xxl.java.junit.TestCasesListener - Tests run finished (9 ms)
<> Total tests run: 3
<> Ignored tests: 0
<> Failed tests: 0

16:19:50.795 [pool-2-thread-1] ERROR fr.inria.lille.repair.nopol.NoPol - Error ExecutionException java.util.concurrent.ExecutionException: java.lang.RuntimeException: failingTestCasesValidated: nothing to repair, no failing test cases
16:19:50.795 [pool-2-thread-1] DEBUG fr.inria.lille.repair.nopol.NoPol - looking with class fr.inria.lille.repair.nopol.spoon.smt.ConditionalReplacer
16:19:50.804 [pool-114-thread-1] INFO  xxl.java.junit.TestCasesListener - Tests run finished (8 ms)
<> Total tests run: 3
<> Ignored tests: 0
<> Failed tests: 0

16:19:50.805 [pool-2-thread-1] ERROR fr.inria.lille.repair.nopol.NoPol - Error ExecutionException java.util.concurrent.ExecutionException: java.lang.RuntimeException: failingTestCasesValidated: nothing to repair, no failing test cases
16:19:50.805 [pool-2-thread-1] DEBUG fr.inria.lille.repair.nopol.NoPol - statement #37
16:19:50.805 [pool-2-thread-1] DEBUG fr.inria.lille.repair.nopol.NoPol - Analysing SourceLocation org.jfree.chart.JFreeChartInfo:1850 which is executed by 18 tests
-470971273
16:19:50.895 [pool-2-thread-1] DEBUG fr.inria.lille.repair.nopol.NoPol - statement #38
16:19:50.895 [pool-2-thread-1] DEBUG fr.inria.lille.repair.nopol.NoPol - Analysing SourceLocation org.jfree.chart.ui.ProjectInfo:102 which is executed by 18 tests
727684936
16:19:50.966 [pool-2-thread-1] DEBUG fr.inria.lille.repair.nopol.NoPol - statement #39
16:19:50.967 [pool-2-thread-1] DEBUG fr.inria.lille.repair.nopol.NoPol - Analysing SourceLocation org.jfree.chart.JFreeChart:1506 which is executed by 160 tests
-112801879
16:19:51.059 [pool-2-thread-1] DEBUG fr.inria.lille.repair.nopol.NoPol - statement #40
16:19:51.059 [pool-2-thread-1] DEBUG fr.inria.lille.repair.nopol.NoPol - Analysing SourceLocation org.jfree.chart.JFreeChart:1499 which is executed by 160 tests
-112801879
16:19:51.160 [pool-2-thread-1] DEBUG fr.inria.lille.repair.nopol.NoPol - looking with class fr.inria.lille.repair.nopol.spoon.smt.ConditionalAdder
junit.framework.AssertionFailedError
    at junit.framework.Assert.fail(Assert.java:55)
    at junit.framework.Assert.assertTrue(Assert.java:22)
    at junit.framework.Assert.assertTrue(Assert.java:31)
    at junit.framework.TestCase.assertTrue(TestCase.java:201)
    at org.jfree.chart.plot.junit.MultiplePiePlotTests.testConstructor(MultiplePiePlotTests.java:112)
    at sun.reflect.NativeMethodAccessorImpl.invoke0(Native Method)
junit.framework.AssertionFailedError
    at junit.framework.Assert.fail(Assert.java:55)
    at junit.framework.Assert.assertTrue(Assert.java:22)
    at junit.framework.Assert.assertTrue(Assert.java:31)
    at junit.framework.TestCase.assertTrue(TestCase.java:201)
    at org.jfree.chart.plot.junit.MultiplePiePlotTests.testConstructor(MultiplePiePlotTests.java:112)
    at sun.reflect.NativeMethodAccessorImpl.invoke0(Native Method)
16:19:51.210 [pool-116-thread-1] INFO  xxl.java.junit.TestCasesListener - Tests run finished (47 ms)
<> Total tests run: 8
<> Ignored tests: 0
<> Failed tests: 2
~ testConstructor(org.jfree.chart.plot.junit.MultiplePiePlotTests)
[null]
junit.framework.AssertionFailedError    at junit.framework.Assert.fail(Assert.java:55)
    at junit.framework.Assert.assertTrue(Assert.java:22)
    at junit.framework.Assert.assertTrue(Assert.java:31)
    at junit.framework.TestCase.assertTrue(TestCase.java:201)
    at org.jfree.chart.plot.junit.MultiplePiePlotTests.testConstructor(MultiplePiePlotTests.java:112)
    at sun.reflect.NativeMethodAccessorImpl.invoke0(Native Method)
~ testConstructor(org.jfree.chart.plot.junit.MultiplePiePlotTests)
[null]
junit.framework.AssertionFailedError    at junit.framework.Assert.fail(Assert.java:55)
    at junit.framework.Assert.assertTrue(Assert.java:22)
    at junit.framework.Assert.assertTrue(Assert.java:31)
    at junit.framework.TestCase.assertTrue(TestCase.java:201)
    at org.jfree.chart.plot.junit.MultiplePiePlotTests.testConstructor(MultiplePiePlotTests.java:112)
    at sun.reflect.NativeMethodAccessorImpl.invoke0(Native Method)

16:19:51.367 [pool-2-thread-1] DEBUG fr.inria.lille.repair.nopol.NoPol - statement #41
16:19:51.367 [pool-2-thread-1] DEBUG fr.inria.lille.repair.nopol.NoPol - Analysing SourceLocation org.jfree.chart.JFreeChart:1498 which is executed by 160 tests
-112801879
16:19:51.460 [pool-2-thread-1] DEBUG fr.inria.lille.repair.nopol.NoPol - statement #42
16:19:51.460 [pool-2-thread-1] DEBUG fr.inria.lille.repair.nopol.NoPol - Analysing SourceLocation org.jfree.chart.JFreeChart:1497 which is executed by 160 tests
-112801879
16:19:51.552 [pool-2-thread-1] DEBUG fr.inria.lille.repair.nopol.NoPol - looking with class fr.inria.lille.repair.nopol.spoon.smt.ConditionalAdder
junit.framework.AssertionFailedError
    at junit.framework.Assert.fail(Assert.java:55)
    at junit.framework.Assert.assertTrue(Assert.java:22)
    at junit.framework.Assert.assertTrue(Assert.java:31)
    at junit.framework.TestCase.assertTrue(TestCase.java:201)
    at org.jfree.chart.plot.junit.MultiplePiePlotTests.testConstructor(MultiplePiePlotTests.java:112)
    at sun.reflect.NativeMethodAccessorImpl.invoke0(Native Method)
junit.framework.AssertionFailedError
    at junit.framework.Assert.fail(Assert.java:55)
    at junit.framework.Assert.assertTrue(Assert.java:22)
    at junit.framework.Assert.assertTrue(Assert.java:31)
    at junit.framework.TestCase.assertTrue(TestCase.java:201)
    at org.jfree.chart.plot.junit.MultiplePiePlotTests.testConstructor(MultiplePiePlotTests.java:112)
    at sun.reflect.NativeMethodAccessorImpl.invoke0(Native Method)
16:19:51.602 [pool-120-thread-1] INFO  xxl.java.junit.TestCasesListener - Tests run finished (47 ms)
<> Total tests run: 8
<> Ignored tests: 0
<> Failed tests: 2
~ testConstructor(org.jfree.chart.plot.junit.MultiplePiePlotTests)
[null]
junit.framework.AssertionFailedError    at junit.framework.Assert.fail(Assert.java:55)
    at junit.framework.Assert.assertTrue(Assert.java:22)
    at junit.framework.Assert.assertTrue(Assert.java:31)
    at junit.framework.TestCase.assertTrue(TestCase.java:201)
    at org.jfree.chart.plot.junit.MultiplePiePlotTests.testConstructor(MultiplePiePlotTests.java:112)
    at sun.reflect.NativeMethodAccessorImpl.invoke0(Native Method)
~ testConstructor(org.jfree.chart.plot.junit.MultiplePiePlotTests)
[null]
junit.framework.AssertionFailedError    at junit.framework.Assert.fail(Assert.java:55)
    at junit.framework.Assert.assertTrue(Assert.java:22)
    at junit.framework.Assert.assertTrue(Assert.java:31)
    at junit.framework.TestCase.assertTrue(TestCase.java:201)
    at org.jfree.chart.plot.junit.MultiplePiePlotTests.testConstructor(MultiplePiePlotTests.java:112)
    at sun.reflect.NativeMethodAccessorImpl.invoke0(Native Method)

16:19:51.753 [pool-2-thread-1] DEBUG fr.inria.lille.repair.nopol.NoPol - looking with class fr.inria.lille.repair.nopol.spoon.smt.ConditionalReplacer
junit.framework.AssertionFailedError
    at junit.framework.Assert.fail(Assert.java:55)
    at junit.framework.Assert.assertTrue(Assert.java:22)
    at junit.framework.Assert.assertTrue(Assert.java:31)
    at junit.framework.TestCase.assertTrue(TestCase.java:201)
    at org.jfree.chart.plot.junit.MultiplePiePlotTests.testConstructor(MultiplePiePlotTests.java:112)
    at sun.reflect.NativeMethodAccessorImpl.invoke0(Native Method)
junit.framework.AssertionFailedError
    at junit.framework.Assert.fail(Assert.java:55)
    at junit.framework.Assert.assertTrue(Assert.java:22)
    at junit.framework.Assert.assertTrue(Assert.java:31)
    at junit.framework.TestCase.assertTrue(TestCase.java:201)
    at org.jfree.chart.plot.junit.MultiplePiePlotTests.testConstructor(MultiplePiePlotTests.java:112)
    at sun.reflect.NativeMethodAccessorImpl.invoke0(Native Method)
16:19:51.802 [pool-124-thread-1] INFO  xxl.java.junit.TestCasesListener - Tests run finished (46 ms)
<> Total tests run: 8
<> Ignored tests: 0
<> Failed tests: 2
~ testConstructor(org.jfree.chart.plot.junit.MultiplePiePlotTests)
[null]
junit.framework.AssertionFailedError    at junit.framework.Assert.fail(Assert.java:55)
    at junit.framework.Assert.assertTrue(Assert.java:22)
    at junit.framework.Assert.assertTrue(Assert.java:31)
    at junit.framework.TestCase.assertTrue(TestCase.java:201)
    at org.jfree.chart.plot.junit.MultiplePiePlotTests.testConstructor(MultiplePiePlotTests.java:112)
    at sun.reflect.NativeMethodAccessorImpl.invoke0(Native Method)
~ testConstructor(org.jfree.chart.plot.junit.MultiplePiePlotTests)
[null]
junit.framework.AssertionFailedError    at junit.framework.Assert.fail(Assert.java:55)
    at junit.framework.Assert.assertTrue(Assert.java:22)
    at junit.framework.Assert.assertTrue(Assert.java:31)
    at junit.framework.TestCase.assertTrue(TestCase.java:201)
    at org.jfree.chart.plot.junit.MultiplePiePlotTests.testConstructor(MultiplePiePlotTests.java:112)
    at sun.reflect.NativeMethodAccessorImpl.invoke0(Native Method)

16:19:51.964 [pool-2-thread-1] DEBUG fr.inria.lille.repair.nopol.NoPol - statement #43
16:19:51.964 [pool-2-thread-1] DEBUG fr.inria.lille.repair.nopol.NoPol - Analysing SourceLocation org.jfree.chart.title.Title:223 which is executed by 286 tests
80818745
16:19:52.059 [pool-2-thread-1] DEBUG fr.inria.lille.repair.nopol.NoPol - statement #44
16:19:52.060 [pool-2-thread-1] DEBUG fr.inria.lille.repair.nopol.NoPol - Analysing SourceLocation org.jfree.chart.title.Title:221 which is executed by 286 tests
80818745
16:19:52.133 [pool-2-thread-1] DEBUG fr.inria.lille.repair.nopol.NoPol - looking with class fr.inria.lille.repair.nopol.spoon.smt.ConditionalAdder
junit.framework.AssertionFailedError
    at junit.framework.Assert.fail(Assert.java:55)
    at junit.framework.Assert.assertTrue(Assert.java:22)
    at junit.framework.Assert.assertTrue(Assert.java:31)
    at junit.framework.TestCase.assertTrue(TestCase.java:201)
    at org.jfree.chart.plot.junit.MultiplePiePlotTests.testConstructor(MultiplePiePlotTests.java:112)
    at sun.reflect.NativeMethodAccessorImpl.invoke0(Native Method)
junit.framework.AssertionFailedError
    at junit.framework.Assert.fail(Assert.java:55)
    at junit.framework.Assert.assertTrue(Assert.java:22)
    at junit.framework.Assert.assertTrue(Assert.java:31)
    at junit.framework.TestCase.assertTrue(TestCase.java:201)
    at org.jfree.chart.plot.junit.MultiplePiePlotTests.testConstructor(MultiplePiePlotTests.java:112)
    at sun.reflect.NativeMethodAccessorImpl.invoke0(Native Method)
16:19:52.182 [pool-128-thread-1] INFO  xxl.java.junit.TestCasesListener - Tests run finished (46 ms)
<> Total tests run: 8
<> Ignored tests: 0
<> Failed tests: 2
~ testConstructor(org.jfree.chart.plot.junit.MultiplePiePlotTests)
[null]
junit.framework.AssertionFailedError    at junit.framework.Assert.fail(Assert.java:55)
    at junit.framework.Assert.assertTrue(Assert.java:22)
    at junit.framework.Assert.assertTrue(Assert.java:31)
    at junit.framework.TestCase.assertTrue(TestCase.java:201)
    at org.jfree.chart.plot.junit.MultiplePiePlotTests.testConstructor(MultiplePiePlotTests.java:112)
    at sun.reflect.NativeMethodAccessorImpl.invoke0(Native Method)
~ testConstructor(org.jfree.chart.plot.junit.MultiplePiePlotTests)
[null]
junit.framework.AssertionFailedError    at junit.framework.Assert.fail(Assert.java:55)
    at junit.framework.Assert.assertTrue(Assert.java:22)
    at junit.framework.Assert.assertTrue(Assert.java:31)
    at junit.framework.TestCase.assertTrue(TestCase.java:201)
    at org.jfree.chart.plot.junit.MultiplePiePlotTests.testConstructor(MultiplePiePlotTests.java:112)
    at sun.reflect.NativeMethodAccessorImpl.invoke0(Native Method)

16:19:52.296 [pool-2-thread-1] DEBUG fr.inria.lille.repair.nopol.NoPol - statement #45
16:19:52.297 [pool-2-thread-1] DEBUG fr.inria.lille.repair.nopol.NoPol - Analysing SourceLocation org.jfree.chart.title.Title:220 which is executed by 286 tests
80818745
16:19:52.370 [pool-2-thread-1] DEBUG fr.inria.lille.repair.nopol.NoPol - looking with class fr.inria.lille.repair.nopol.spoon.smt.ConditionalAdder
junit.framework.AssertionFailedError
    at junit.framework.Assert.fail(Assert.java:55)
    at junit.framework.Assert.assertTrue(Assert.java:22)
    at junit.framework.Assert.assertTrue(Assert.java:31)
    at junit.framework.TestCase.assertTrue(TestCase.java:201)
    at org.jfree.chart.plot.junit.MultiplePiePlotTests.testConstructor(MultiplePiePlotTests.java:112)
    at sun.reflect.NativeMethodAccessorImpl.invoke0(Native Method)
junit.framework.AssertionFailedError
    at junit.framework.Assert.fail(Assert.java:55)
    at junit.framework.Assert.assertTrue(Assert.java:22)
    at junit.framework.Assert.assertTrue(Assert.java:31)
    at junit.framework.TestCase.assertTrue(TestCase.java:201)
    at org.jfree.chart.plot.junit.MultiplePiePlotTests.testConstructor(MultiplePiePlotTests.java:112)
    at sun.reflect.NativeMethodAccessorImpl.invoke0(Native Method)
16:19:52.419 [pool-132-thread-1] INFO  xxl.java.junit.TestCasesListener - Tests run finished (46 ms)
<> Total tests run: 8
<> Ignored tests: 0
<> Failed tests: 2
~ testConstructor(org.jfree.chart.plot.junit.MultiplePiePlotTests)
[null]
junit.framework.AssertionFailedError    at junit.framework.Assert.fail(Assert.java:55)
    at junit.framework.Assert.assertTrue(Assert.java:22)
    at junit.framework.Assert.assertTrue(Assert.java:31)
    at junit.framework.TestCase.assertTrue(TestCase.java:201)
    at org.jfree.chart.plot.junit.MultiplePiePlotTests.testConstructor(MultiplePiePlotTests.java:112)
    at sun.reflect.NativeMethodAccessorImpl.invoke0(Native Method)
~ testConstructor(org.jfree.chart.plot.junit.MultiplePiePlotTests)
[null]
junit.framework.AssertionFailedError    at junit.framework.Assert.fail(Assert.java:55)
    at junit.framework.Assert.assertTrue(Assert.java:22)
    at junit.framework.Assert.assertTrue(Assert.java:31)
    at junit.framework.TestCase.assertTrue(TestCase.java:201)
    at org.jfree.chart.plot.junit.MultiplePiePlotTests.testConstructor(MultiplePiePlotTests.java:112)
    at sun.reflect.NativeMethodAccessorImpl.invoke0(Native Method)

16:19:52.536 [pool-2-thread-1] DEBUG fr.inria.lille.repair.nopol.NoPol - statement #46
16:19:52.536 [pool-2-thread-1] DEBUG fr.inria.lille.repair.nopol.NoPol - Analysing SourceLocation org.jfree.chart.title.Title:219 which is executed by 286 tests
80818745
16:19:52.609 [pool-2-thread-1] DEBUG fr.inria.lille.repair.nopol.NoPol - looking with class fr.inria.lille.repair.nopol.spoon.smt.ConditionalAdder
junit.framework.AssertionFailedError
    at junit.framework.Assert.fail(Assert.java:55)
    at junit.framework.Assert.assertTrue(Assert.java:22)
    at junit.framework.Assert.assertTrue(Assert.java:31)
    at junit.framework.TestCase.assertTrue(TestCase.java:201)
    at org.jfree.chart.plot.junit.MultiplePiePlotTests.testConstructor(MultiplePiePlotTests.java:112)
    at sun.reflect.NativeMethodAccessorImpl.invoke0(Native Method)
junit.framework.AssertionFailedError
    at junit.framework.Assert.fail(Assert.java:55)
    at junit.framework.Assert.assertTrue(Assert.java:22)
    at junit.framework.Assert.assertTrue(Assert.java:31)
    at junit.framework.TestCase.assertTrue(TestCase.java:201)
    at org.jfree.chart.plot.junit.MultiplePiePlotTests.testConstructor(MultiplePiePlotTests.java:112)
    at sun.reflect.NativeMethodAccessorImpl.invoke0(Native Method)
16:19:52.657 [pool-136-thread-1] INFO  xxl.java.junit.TestCasesListener - Tests run finished (46 ms)
<> Total tests run: 8
<> Ignored tests: 0
<> Failed tests: 2
~ testConstructor(org.jfree.chart.plot.junit.MultiplePiePlotTests)
[null]
junit.framework.AssertionFailedError    at junit.framework.Assert.fail(Assert.java:55)
    at junit.framework.Assert.assertTrue(Assert.java:22)
    at junit.framework.Assert.assertTrue(Assert.java:31)
    at junit.framework.TestCase.assertTrue(TestCase.java:201)
    at org.jfree.chart.plot.junit.MultiplePiePlotTests.testConstructor(MultiplePiePlotTests.java:112)
    at sun.reflect.NativeMethodAccessorImpl.invoke0(Native Method)
~ testConstructor(org.jfree.chart.plot.junit.MultiplePiePlotTests)
[null]
junit.framework.AssertionFailedError    at junit.framework.Assert.fail(Assert.java:55)
    at junit.framework.Assert.assertTrue(Assert.java:22)
    at junit.framework.Assert.assertTrue(Assert.java:31)
    at junit.framework.TestCase.assertTrue(TestCase.java:201)
    at org.jfree.chart.plot.junit.MultiplePiePlotTests.testConstructor(MultiplePiePlotTests.java:112)
    at sun.reflect.NativeMethodAccessorImpl.invoke0(Native Method)

16:19:52.772 [pool-2-thread-1] DEBUG fr.inria.lille.repair.nopol.NoPol - looking with class fr.inria.lille.repair.nopol.spoon.smt.ConditionalReplacer
junit.framework.AssertionFailedError
    at junit.framework.Assert.fail(Assert.java:55)
    at junit.framework.Assert.assertTrue(Assert.java:22)
    at junit.framework.Assert.assertTrue(Assert.java:31)
    at junit.framework.TestCase.assertTrue(TestCase.java:201)
    at org.jfree.chart.plot.junit.MultiplePiePlotTests.testConstructor(MultiplePiePlotTests.java:112)
    at sun.reflect.NativeMethodAccessorImpl.invoke0(Native Method)
junit.framework.AssertionFailedError
    at junit.framework.Assert.fail(Assert.java:55)
    at junit.framework.Assert.assertTrue(Assert.java:22)
    at junit.framework.Assert.assertTrue(Assert.java:31)
    at junit.framework.TestCase.assertTrue(TestCase.java:201)
    at org.jfree.chart.plot.junit.MultiplePiePlotTests.testConstructor(MultiplePiePlotTests.java:112)
    at sun.reflect.NativeMethodAccessorImpl.invoke0(Native Method)
16:19:52.821 [pool-140-thread-1] INFO  xxl.java.junit.TestCasesListener - Tests run finished (47 ms)
<> Total tests run: 8
<> Ignored tests: 0
<> Failed tests: 2
~ testConstructor(org.jfree.chart.plot.junit.MultiplePiePlotTests)
[null]
junit.framework.AssertionFailedError    at junit.framework.Assert.fail(Assert.java:55)
    at junit.framework.Assert.assertTrue(Assert.java:22)
    at junit.framework.Assert.assertTrue(Assert.java:31)
    at junit.framework.TestCase.assertTrue(TestCase.java:201)
    at org.jfree.chart.plot.junit.MultiplePiePlotTests.testConstructor(MultiplePiePlotTests.java:112)
    at sun.reflect.NativeMethodAccessorImpl.invoke0(Native Method)
~ testConstructor(org.jfree.chart.plot.junit.MultiplePiePlotTests)
[null]
junit.framework.AssertionFailedError    at junit.framework.Assert.fail(Assert.java:55)
    at junit.framework.Assert.assertTrue(Assert.java:22)
    at junit.framework.Assert.assertTrue(Assert.java:31)
    at junit.framework.TestCase.assertTrue(TestCase.java:201)
    at org.jfree.chart.plot.junit.MultiplePiePlotTests.testConstructor(MultiplePiePlotTests.java:112)
    at sun.reflect.NativeMethodAccessorImpl.invoke0(Native Method)

16:19:52.946 [pool-2-thread-1] DEBUG fr.inria.lille.repair.nopol.NoPol - statement #47
16:19:52.946 [pool-2-thread-1] DEBUG fr.inria.lille.repair.nopol.NoPol - Analysing SourceLocation org.jfree.chart.title.Title:216 which is executed by 286 tests
80818745
16:19:53.021 [pool-2-thread-1] DEBUG fr.inria.lille.repair.nopol.NoPol - looking with class fr.inria.lille.repair.nopol.spoon.smt.ConditionalAdder
junit.framework.AssertionFailedError
    at junit.framework.Assert.fail(Assert.java:55)
    at junit.framework.Assert.assertTrue(Assert.java:22)
    at junit.framework.Assert.assertTrue(Assert.java:31)
    at junit.framework.TestCase.assertTrue(TestCase.java:201)
    at org.jfree.chart.plot.junit.MultiplePiePlotTests.testConstructor(MultiplePiePlotTests.java:112)
    at sun.reflect.NativeMethodAccessorImpl.invoke0(Native Method)
junit.framework.AssertionFailedError
    at junit.framework.Assert.fail(Assert.java:55)
    at junit.framework.Assert.assertTrue(Assert.java:22)
    at junit.framework.Assert.assertTrue(Assert.java:31)
    at junit.framework.TestCase.assertTrue(TestCase.java:201)
    at org.jfree.chart.plot.junit.MultiplePiePlotTests.testConstructor(MultiplePiePlotTests.java:112)
    at sun.reflect.NativeMethodAccessorImpl.invoke0(Native Method)
16:19:53.071 [pool-144-thread-1] INFO  xxl.java.junit.TestCasesListener - Tests run finished (47 ms)
<> Total tests run: 8
<> Ignored tests: 0
<> Failed tests: 2
~ testConstructor(org.jfree.chart.plot.junit.MultiplePiePlotTests)
[null]
junit.framework.AssertionFailedError    at junit.framework.Assert.fail(Assert.java:55)
    at junit.framework.Assert.assertTrue(Assert.java:22)
    at junit.framework.Assert.assertTrue(Assert.java:31)
    at junit.framework.TestCase.assertTrue(TestCase.java:201)
    at org.jfree.chart.plot.junit.MultiplePiePlotTests.testConstructor(MultiplePiePlotTests.java:112)
    at sun.reflect.NativeMethodAccessorImpl.invoke0(Native Method)
~ testConstructor(org.jfree.chart.plot.junit.MultiplePiePlotTests)
[null]
junit.framework.AssertionFailedError    at junit.framework.Assert.fail(Assert.java:55)
    at junit.framework.Assert.assertTrue(Assert.java:22)
    at junit.framework.Assert.assertTrue(Assert.java:31)
    at junit.framework.TestCase.assertTrue(TestCase.java:201)
    at org.jfree.chart.plot.junit.MultiplePiePlotTests.testConstructor(MultiplePiePlotTests.java:112)
    at sun.reflect.NativeMethodAccessorImpl.invoke0(Native Method)

16:19:53.185 [pool-2-thread-1] DEBUG fr.inria.lille.repair.nopol.NoPol - looking with class fr.inria.lille.repair.nopol.spoon.smt.ConditionalReplacer
junit.framework.AssertionFailedError
    at junit.framework.Assert.fail(Assert.java:55)
    at junit.framework.Assert.assertTrue(Assert.java:22)
    at junit.framework.Assert.assertTrue(Assert.java:31)
    at junit.framework.TestCase.assertTrue(TestCase.java:201)
    at org.jfree.chart.plot.junit.MultiplePiePlotTests.testConstructor(MultiplePiePlotTests.java:112)
    at sun.reflect.NativeMethodAccessorImpl.invoke0(Native Method)
junit.framework.AssertionFailedError
    at junit.framework.Assert.fail(Assert.java:55)
    at junit.framework.Assert.assertTrue(Assert.java:22)
    at junit.framework.Assert.assertTrue(Assert.java:31)
    at junit.framework.TestCase.assertTrue(TestCase.java:201)
    at org.jfree.chart.plot.junit.MultiplePiePlotTests.testConstructor(MultiplePiePlotTests.java:112)
    at sun.reflect.NativeMethodAccessorImpl.invoke0(Native Method)
16:19:53.234 [pool-148-thread-1] INFO  xxl.java.junit.TestCasesListener - Tests run finished (47 ms)
<> Total tests run: 8
<> Ignored tests: 0
<> Failed tests: 2
~ testConstructor(org.jfree.chart.plot.junit.MultiplePiePlotTests)
[null]
junit.framework.AssertionFailedError    at junit.framework.Assert.fail(Assert.java:55)
    at junit.framework.Assert.assertTrue(Assert.java:22)
    at junit.framework.Assert.assertTrue(Assert.java:31)
    at junit.framework.TestCase.assertTrue(TestCase.java:201)
    at org.jfree.chart.plot.junit.MultiplePiePlotTests.testConstructor(MultiplePiePlotTests.java:112)
    at sun.reflect.NativeMethodAccessorImpl.invoke0(Native Method)
~ testConstructor(org.jfree.chart.plot.junit.MultiplePiePlotTests)
[null]
junit.framework.AssertionFailedError    at junit.framework.Assert.fail(Assert.java:55)
    at junit.framework.Assert.assertTrue(Assert.java:22)
    at junit.framework.Assert.assertTrue(Assert.java:31)
    at junit.framework.TestCase.assertTrue(TestCase.java:201)
    at org.jfree.chart.plot.junit.MultiplePiePlotTests.testConstructor(MultiplePiePlotTests.java:112)
    at sun.reflect.NativeMethodAccessorImpl.invoke0(Native Method)

16:19:53.349 [pool-2-thread-1] DEBUG fr.inria.lille.repair.nopol.NoPol - statement #48
16:19:53.349 [pool-2-thread-1] DEBUG fr.inria.lille.repair.nopol.NoPol - Analysing SourceLocation org.jfree.chart.title.LegendTitle:231 which is executed by 288 tests
-1566484948
16:19:53.426 [pool-2-thread-1] DEBUG fr.inria.lille.repair.nopol.NoPol - statement #49
16:19:53.427 [pool-2-thread-1] DEBUG fr.inria.lille.repair.nopol.NoPol - Analysing SourceLocation org.jfree.chart.title.LegendTitle:230 which is executed by 288 tests
-1566484948
16:19:53.503 [pool-2-thread-1] DEBUG fr.inria.lille.repair.nopol.NoPol - looking with class fr.inria.lille.repair.nopol.spoon.smt.ConditionalAdder
junit.framework.AssertionFailedError
    at junit.framework.Assert.fail(Assert.java:55)
    at junit.framework.Assert.assertTrue(Assert.java:22)
    at junit.framework.Assert.assertTrue(Assert.java:31)
    at junit.framework.TestCase.assertTrue(TestCase.java:201)
    at org.jfree.chart.plot.junit.MultiplePiePlotTests.testConstructor(MultiplePiePlotTests.java:112)
    at sun.reflect.NativeMethodAccessorImpl.invoke0(Native Method)
junit.framework.AssertionFailedError
    at junit.framework.Assert.fail(Assert.java:55)
    at junit.framework.Assert.assertTrue(Assert.java:22)
    at junit.framework.Assert.assertTrue(Assert.java:31)
    at junit.framework.TestCase.assertTrue(TestCase.java:201)
    at org.jfree.chart.plot.junit.MultiplePiePlotTests.testConstructor(MultiplePiePlotTests.java:112)
    at sun.reflect.NativeMethodAccessorImpl.invoke0(Native Method)
16:19:53.553 [pool-152-thread-1] INFO  xxl.java.junit.TestCasesListener - Tests run finished (47 ms)
<> Total tests run: 8
<> Ignored tests: 0
<> Failed tests: 2
~ testConstructor(org.jfree.chart.plot.junit.MultiplePiePlotTests)
[null]
junit.framework.AssertionFailedError    at junit.framework.Assert.fail(Assert.java:55)
    at junit.framework.Assert.assertTrue(Assert.java:22)
    at junit.framework.Assert.assertTrue(Assert.java:31)
    at junit.framework.TestCase.assertTrue(TestCase.java:201)
    at org.jfree.chart.plot.junit.MultiplePiePlotTests.testConstructor(MultiplePiePlotTests.java:112)
    at sun.reflect.NativeMethodAccessorImpl.invoke0(Native Method)
~ testConstructor(org.jfree.chart.plot.junit.MultiplePiePlotTests)
[null]
junit.framework.AssertionFailedError    at junit.framework.Assert.fail(Assert.java:55)
    at junit.framework.Assert.assertTrue(Assert.java:22)
    at junit.framework.Assert.assertTrue(Assert.java:31)
    at junit.framework.TestCase.assertTrue(TestCase.java:201)
    at org.jfree.chart.plot.junit.MultiplePiePlotTests.testConstructor(MultiplePiePlotTests.java:112)
    at sun.reflect.NativeMethodAccessorImpl.invoke0(Native Method)

16:19:53.673 [pool-2-thread-1] DEBUG fr.inria.lille.repair.nopol.NoPol - statement #50
16:19:53.674 [pool-2-thread-1] DEBUG fr.inria.lille.repair.nopol.NoPol - Analysing SourceLocation org.jfree.chart.title.LegendTitle:229 which is executed by 288 tests
-1566484948
16:19:53.750 [pool-2-thread-1] DEBUG fr.inria.lille.repair.nopol.NoPol - looking with class fr.inria.lille.repair.nopol.spoon.smt.ConditionalAdder
junit.framework.AssertionFailedError
    at junit.framework.Assert.fail(Assert.java:55)
    at junit.framework.Assert.assertTrue(Assert.java:22)
    at junit.framework.Assert.assertTrue(Assert.java:31)
    at junit.framework.TestCase.assertTrue(TestCase.java:201)
    at org.jfree.chart.plot.junit.MultiplePiePlotTests.testConstructor(MultiplePiePlotTests.java:112)
    at sun.reflect.NativeMethodAccessorImpl.invoke0(Native Method)
junit.framework.AssertionFailedError
    at junit.framework.Assert.fail(Assert.java:55)
    at junit.framework.Assert.assertTrue(Assert.java:22)
    at junit.framework.Assert.assertTrue(Assert.java:31)
    at junit.framework.TestCase.assertTrue(TestCase.java:201)
    at org.jfree.chart.plot.junit.MultiplePiePlotTests.testConstructor(MultiplePiePlotTests.java:112)
    at sun.reflect.NativeMethodAccessorImpl.invoke0(Native Method)
16:19:53.799 [pool-156-thread-1] INFO  xxl.java.junit.TestCasesListener - Tests run finished (46 ms)
<> Total tests run: 8
<> Ignored tests: 0
<> Failed tests: 2
~ testConstructor(org.jfree.chart.plot.junit.MultiplePiePlotTests)
[null]
junit.framework.AssertionFailedError    at junit.framework.Assert.fail(Assert.java:55)
    at junit.framework.Assert.assertTrue(Assert.java:22)
    at junit.framework.Assert.assertTrue(Assert.java:31)
    at junit.framework.TestCase.assertTrue(TestCase.java:201)
    at org.jfree.chart.plot.junit.MultiplePiePlotTests.testConstructor(MultiplePiePlotTests.java:112)
    at sun.reflect.NativeMethodAccessorImpl.invoke0(Native Method)
~ testConstructor(org.jfree.chart.plot.junit.MultiplePiePlotTests)
[null]
junit.framework.AssertionFailedError    at junit.framework.Assert.fail(Assert.java:55)
    at junit.framework.Assert.assertTrue(Assert.java:22)
    at junit.framework.Assert.assertTrue(Assert.java:31)
    at junit.framework.TestCase.assertTrue(TestCase.java:201)
    at org.jfree.chart.plot.junit.MultiplePiePlotTests.testConstructor(MultiplePiePlotTests.java:112)
    at sun.reflect.NativeMethodAccessorImpl.invoke0(Native Method)

16:19:53.930 [pool-2-thread-1] DEBUG fr.inria.lille.repair.nopol.NoPol - statement #51
16:19:53.930 [pool-2-thread-1] DEBUG fr.inria.lille.repair.nopol.NoPol - Analysing SourceLocation org.jfree.chart.block.AbstractBlock:255 which is executed by 288 tests
-1226516116
16:19:54.005 [pool-2-thread-1] DEBUG fr.inria.lille.repair.nopol.NoPol - statement #52
16:19:54.006 [pool-2-thread-1] DEBUG fr.inria.lille.repair.nopol.NoPol - Analysing SourceLocation org.jfree.chart.block.AbstractBlock:254 which is executed by 288 tests
-1226516116
16:19:54.081 [pool-2-thread-1] DEBUG fr.inria.lille.repair.nopol.NoPol - looking with class fr.inria.lille.repair.nopol.spoon.smt.ConditionalAdder
junit.framework.AssertionFailedError
    at junit.framework.Assert.fail(Assert.java:55)
    at junit.framework.Assert.assertTrue(Assert.java:22)
    at junit.framework.Assert.assertTrue(Assert.java:31)
    at junit.framework.TestCase.assertTrue(TestCase.java:201)
    at org.jfree.chart.plot.junit.MultiplePiePlotTests.testConstructor(MultiplePiePlotTests.java:112)
    at sun.reflect.NativeMethodAccessorImpl.invoke0(Native Method)
junit.framework.AssertionFailedError
    at junit.framework.Assert.fail(Assert.java:55)
    at junit.framework.Assert.assertTrue(Assert.java:22)
    at junit.framework.Assert.assertTrue(Assert.java:31)
    at junit.framework.TestCase.assertTrue(TestCase.java:201)
    at org.jfree.chart.plot.junit.MultiplePiePlotTests.testConstructor(MultiplePiePlotTests.java:112)
    at sun.reflect.NativeMethodAccessorImpl.invoke0(Native Method)
16:19:54.132 [pool-160-thread-1] INFO  xxl.java.junit.TestCasesListener - Tests run finished (49 ms)
<> Total tests run: 8
<> Ignored tests: 0
<> Failed tests: 2
~ testConstructor(org.jfree.chart.plot.junit.MultiplePiePlotTests)
[null]
junit.framework.AssertionFailedError    at junit.framework.Assert.fail(Assert.java:55)
    at junit.framework.Assert.assertTrue(Assert.java:22)
    at junit.framework.Assert.assertTrue(Assert.java:31)
    at junit.framework.TestCase.assertTrue(TestCase.java:201)
    at org.jfree.chart.plot.junit.MultiplePiePlotTests.testConstructor(MultiplePiePlotTests.java:112)
    at sun.reflect.NativeMethodAccessorImpl.invoke0(Native Method)
~ testConstructor(org.jfree.chart.plot.junit.MultiplePiePlotTests)
[null]
junit.framework.AssertionFailedError    at junit.framework.Assert.fail(Assert.java:55)
    at junit.framework.Assert.assertTrue(Assert.java:22)
    at junit.framework.Assert.assertTrue(Assert.java:31)
    at junit.framework.TestCase.assertTrue(TestCase.java:201)
    at org.jfree.chart.plot.junit.MultiplePiePlotTests.testConstructor(MultiplePiePlotTests.java:112)
    at sun.reflect.NativeMethodAccessorImpl.invoke0(Native Method)

16:19:54.251 [pool-2-thread-1] DEBUG fr.inria.lille.repair.nopol.NoPol - statement #53
16:19:54.251 [pool-2-thread-1] DEBUG fr.inria.lille.repair.nopol.NoPol - Analysing SourceLocation org.jfree.chart.block.AbstractBlock:251 which is executed by 288 tests
-1226516116
16:19:54.325 [pool-2-thread-1] DEBUG fr.inria.lille.repair.nopol.NoPol - looking with class fr.inria.lille.repair.nopol.spoon.smt.ConditionalAdder
junit.framework.AssertionFailedError
    at junit.framework.Assert.fail(Assert.java:55)
    at junit.framework.Assert.assertTrue(Assert.java:22)
    at junit.framework.Assert.assertTrue(Assert.java:31)
    at junit.framework.TestCase.assertTrue(TestCase.java:201)
    at org.jfree.chart.plot.junit.MultiplePiePlotTests.testConstructor(MultiplePiePlotTests.java:112)
    at sun.reflect.NativeMethodAccessorImpl.invoke0(Native Method)
junit.framework.AssertionFailedError
    at junit.framework.Assert.fail(Assert.java:55)
    at junit.framework.Assert.assertTrue(Assert.java:22)
    at junit.framework.Assert.assertTrue(Assert.java:31)
    at junit.framework.TestCase.assertTrue(TestCase.java:201)
    at org.jfree.chart.plot.junit.MultiplePiePlotTests.testConstructor(MultiplePiePlotTests.java:112)
    at sun.reflect.NativeMethodAccessorImpl.invoke0(Native Method)
16:19:54.375 [pool-164-thread-1] INFO  xxl.java.junit.TestCasesListener - Tests run finished (47 ms)
<> Total tests run: 8
<> Ignored tests: 0
<> Failed tests: 2
~ testConstructor(org.jfree.chart.plot.junit.MultiplePiePlotTests)
[null]
junit.framework.AssertionFailedError    at junit.framework.Assert.fail(Assert.java:55)
    at junit.framework.Assert.assertTrue(Assert.java:22)
    at junit.framework.Assert.assertTrue(Assert.java:31)
    at junit.framework.TestCase.assertTrue(TestCase.java:201)
    at org.jfree.chart.plot.junit.MultiplePiePlotTests.testConstructor(MultiplePiePlotTests.java:112)
    at sun.reflect.NativeMethodAccessorImpl.invoke0(Native Method)
~ testConstructor(org.jfree.chart.plot.junit.MultiplePiePlotTests)
[null]
junit.framework.AssertionFailedError    at junit.framework.Assert.fail(Assert.java:55)
    at junit.framework.Assert.assertTrue(Assert.java:22)
    at junit.framework.Assert.assertTrue(Assert.java:31)
    at junit.framework.TestCase.assertTrue(TestCase.java:201)
    at org.jfree.chart.plot.junit.MultiplePiePlotTests.testConstructor(MultiplePiePlotTests.java:112)
    at sun.reflect.NativeMethodAccessorImpl.invoke0(Native Method)

16:19:54.493 [pool-2-thread-1] DEBUG fr.inria.lille.repair.nopol.NoPol - looking with class fr.inria.lille.repair.nopol.spoon.smt.ConditionalReplacer
junit.framework.AssertionFailedError
    at junit.framework.Assert.fail(Assert.java:55)
    at junit.framework.Assert.assertTrue(Assert.java:22)
    at junit.framework.Assert.assertTrue(Assert.java:31)
    at junit.framework.TestCase.assertTrue(TestCase.java:201)
    at org.jfree.chart.plot.junit.MultiplePiePlotTests.testConstructor(MultiplePiePlotTests.java:112)
    at sun.reflect.NativeMethodAccessorImpl.invoke0(Native Method)
junit.framework.AssertionFailedError
    at junit.framework.Assert.fail(Assert.java:55)
    at junit.framework.Assert.assertTrue(Assert.java:22)
    at junit.framework.Assert.assertTrue(Assert.java:31)
    at junit.framework.TestCase.assertTrue(TestCase.java:201)
    at org.jfree.chart.plot.junit.MultiplePiePlotTests.testConstructor(MultiplePiePlotTests.java:112)
    at sun.reflect.NativeMethodAccessorImpl.invoke0(Native Method)
16:19:54.543 [pool-168-thread-1] INFO  xxl.java.junit.TestCasesListener - Tests run finished (48 ms)
<> Total tests run: 8
<> Ignored tests: 0
<> Failed tests: 2
~ testConstructor(org.jfree.chart.plot.junit.MultiplePiePlotTests)
[null]
junit.framework.AssertionFailedError    at junit.framework.Assert.fail(Assert.java:55)
    at junit.framework.Assert.assertTrue(Assert.java:22)
    at junit.framework.Assert.assertTrue(Assert.java:31)
    at junit.framework.TestCase.assertTrue(TestCase.java:201)
    at org.jfree.chart.plot.junit.MultiplePiePlotTests.testConstructor(MultiplePiePlotTests.java:112)
    at sun.reflect.NativeMethodAccessorImpl.invoke0(Native Method)
~ testConstructor(org.jfree.chart.plot.junit.MultiplePiePlotTests)
[null]
junit.framework.AssertionFailedError    at junit.framework.Assert.fail(Assert.java:55)
    at junit.framework.Assert.assertTrue(Assert.java:22)
    at junit.framework.Assert.assertTrue(Assert.java:31)
    at junit.framework.TestCase.assertTrue(TestCase.java:201)
    at org.jfree.chart.plot.junit.MultiplePiePlotTests.testConstructor(MultiplePiePlotTests.java:112)
    at sun.reflect.NativeMethodAccessorImpl.invoke0(Native Method)

16:19:54.662 [pool-2-thread-1] DEBUG fr.inria.lille.repair.nopol.NoPol - statement #54
16:19:54.662 [pool-2-thread-1] DEBUG fr.inria.lille.repair.nopol.NoPol - Analysing SourceLocation org.jfree.chart.block.AbstractBlock:213 which is executed by 288 tests
-1226516116
16:19:54.745 [pool-2-thread-1] DEBUG fr.inria.lille.repair.nopol.NoPol - statement #55
16:19:54.746 [pool-2-thread-1] DEBUG fr.inria.lille.repair.nopol.NoPol - Analysing SourceLocation org.jfree.chart.block.AbstractBlock:212 which is executed by 288 tests
-1226516116
16:19:54.821 [pool-2-thread-1] DEBUG fr.inria.lille.repair.nopol.NoPol - looking with class fr.inria.lille.repair.nopol.spoon.smt.ConditionalAdder
junit.framework.AssertionFailedError
    at junit.framework.Assert.fail(Assert.java:55)
    at junit.framework.Assert.assertTrue(Assert.java:22)
    at junit.framework.Assert.assertTrue(Assert.java:31)
    at junit.framework.TestCase.assertTrue(TestCase.java:201)
    at org.jfree.chart.plot.junit.MultiplePiePlotTests.testConstructor(MultiplePiePlotTests.java:112)
    at sun.reflect.NativeMethodAccessorImpl.invoke0(Native Method)
junit.framework.AssertionFailedError
    at junit.framework.Assert.fail(Assert.java:55)
    at junit.framework.Assert.assertTrue(Assert.java:22)
    at junit.framework.Assert.assertTrue(Assert.java:31)
    at junit.framework.TestCase.assertTrue(TestCase.java:201)
    at org.jfree.chart.plot.junit.MultiplePiePlotTests.testConstructor(MultiplePiePlotTests.java:112)
    at sun.reflect.NativeMethodAccessorImpl.invoke0(Native Method)
16:19:54.881 [pool-172-thread-1] INFO  xxl.java.junit.TestCasesListener - Tests run finished (58 ms)
<> Total tests run: 8
<> Ignored tests: 0
<> Failed tests: 2
~ testConstructor(org.jfree.chart.plot.junit.MultiplePiePlotTests)
[null]
junit.framework.AssertionFailedError    at junit.framework.Assert.fail(Assert.java:55)
    at junit.framework.Assert.assertTrue(Assert.java:22)
    at junit.framework.Assert.assertTrue(Assert.java:31)
    at junit.framework.TestCase.assertTrue(TestCase.java:201)
    at org.jfree.chart.plot.junit.MultiplePiePlotTests.testConstructor(MultiplePiePlotTests.java:112)
    at sun.reflect.NativeMethodAccessorImpl.invoke0(Native Method)
~ testConstructor(org.jfree.chart.plot.junit.MultiplePiePlotTests)
[null]
junit.framework.AssertionFailedError    at junit.framework.Assert.fail(Assert.java:55)
    at junit.framework.Assert.assertTrue(Assert.java:22)
    at junit.framework.Assert.assertTrue(Assert.java:31)
    at junit.framework.TestCase.assertTrue(TestCase.java:201)
    at org.jfree.chart.plot.junit.MultiplePiePlotTests.testConstructor(MultiplePiePlotTests.java:112)
    at sun.reflect.NativeMethodAccessorImpl.invoke0(Native Method)

16:19:54.999 [pool-2-thread-1] DEBUG fr.inria.lille.repair.nopol.NoPol - statement #56
16:19:54.999 [pool-2-thread-1] DEBUG fr.inria.lille.repair.nopol.NoPol - Analysing SourceLocation org.jfree.chart.block.AbstractBlock:209 which is executed by 288 tests
-1226516116
16:19:55.074 [pool-2-thread-1] DEBUG fr.inria.lille.repair.nopol.NoPol - looking with class fr.inria.lille.repair.nopol.spoon.smt.ConditionalAdder
junit.framework.AssertionFailedError
    at junit.framework.Assert.fail(Assert.java:55)
    at junit.framework.Assert.assertTrue(Assert.java:22)
    at junit.framework.Assert.assertTrue(Assert.java:31)
    at junit.framework.TestCase.assertTrue(TestCase.java:201)
    at org.jfree.chart.plot.junit.MultiplePiePlotTests.testConstructor(MultiplePiePlotTests.java:112)
    at sun.reflect.NativeMethodAccessorImpl.invoke0(Native Method)
junit.framework.AssertionFailedError
    at junit.framework.Assert.fail(Assert.java:55)
    at junit.framework.Assert.assertTrue(Assert.java:22)
    at junit.framework.Assert.assertTrue(Assert.java:31)
    at junit.framework.TestCase.assertTrue(TestCase.java:201)
    at org.jfree.chart.plot.junit.MultiplePiePlotTests.testConstructor(MultiplePiePlotTests.java:112)
    at sun.reflect.NativeMethodAccessorImpl.invoke0(Native Method)
16:19:55.123 [pool-176-thread-1] INFO  xxl.java.junit.TestCasesListener - Tests run finished (47 ms)
<> Total tests run: 8
<> Ignored tests: 0
<> Failed tests: 2
~ testConstructor(org.jfree.chart.plot.junit.MultiplePiePlotTests)
[null]
junit.framework.AssertionFailedError    at junit.framework.Assert.fail(Assert.java:55)
    at junit.framework.Assert.assertTrue(Assert.java:22)
    at junit.framework.Assert.assertTrue(Assert.java:31)
    at junit.framework.TestCase.assertTrue(TestCase.java:201)
    at org.jfree.chart.plot.junit.MultiplePiePlotTests.testConstructor(MultiplePiePlotTests.java:112)
    at sun.reflect.NativeMethodAccessorImpl.invoke0(Native Method)
~ testConstructor(org.jfree.chart.plot.junit.MultiplePiePlotTests)
[null]
junit.framework.AssertionFailedError    at junit.framework.Assert.fail(Assert.java:55)
    at junit.framework.Assert.assertTrue(Assert.java:22)
    at junit.framework.Assert.assertTrue(Assert.java:31)
    at junit.framework.TestCase.assertTrue(TestCase.java:201)
    at org.jfree.chart.plot.junit.MultiplePiePlotTests.testConstructor(MultiplePiePlotTests.java:112)
    at sun.reflect.NativeMethodAccessorImpl.invoke0(Native Method)

16:19:55.241 [pool-2-thread-1] DEBUG fr.inria.lille.repair.nopol.NoPol - looking with class fr.inria.lille.repair.nopol.spoon.smt.ConditionalReplacer
junit.framework.AssertionFailedError
    at junit.framework.Assert.fail(Assert.java:55)
    at junit.framework.Assert.assertTrue(Assert.java:22)
    at junit.framework.Assert.assertTrue(Assert.java:31)
    at junit.framework.TestCase.assertTrue(TestCase.java:201)
    at org.jfree.chart.plot.junit.MultiplePiePlotTests.testConstructor(MultiplePiePlotTests.java:112)
    at sun.reflect.NativeMethodAccessorImpl.invoke0(Native Method)
junit.framework.AssertionFailedError
    at junit.framework.Assert.fail(Assert.java:55)
    at junit.framework.Assert.assertTrue(Assert.java:22)
    at junit.framework.Assert.assertTrue(Assert.java:31)
    at junit.framework.TestCase.assertTrue(TestCase.java:201)
    at org.jfree.chart.plot.junit.MultiplePiePlotTests.testConstructor(MultiplePiePlotTests.java:112)
    at sun.reflect.NativeMethodAccessorImpl.invoke0(Native Method)
16:19:55.322 [pool-180-thread-1] INFO  xxl.java.junit.TestCasesListener - Tests run finished (79 ms)
<> Total tests run: 8
<> Ignored tests: 0
<> Failed tests: 2
~ testConstructor(org.jfree.chart.plot.junit.MultiplePiePlotTests)
[null]
junit.framework.AssertionFailedError    at junit.framework.Assert.fail(Assert.java:55)
    at junit.framework.Assert.assertTrue(Assert.java:22)
    at junit.framework.Assert.assertTrue(Assert.java:31)
    at junit.framework.TestCase.assertTrue(TestCase.java:201)
    at org.jfree.chart.plot.junit.MultiplePiePlotTests.testConstructor(MultiplePiePlotTests.java:112)
    at sun.reflect.NativeMethodAccessorImpl.invoke0(Native Method)
~ testConstructor(org.jfree.chart.plot.junit.MultiplePiePlotTests)
[null]
junit.framework.AssertionFailedError    at junit.framework.Assert.fail(Assert.java:55)
    at junit.framework.Assert.assertTrue(Assert.java:22)
    at junit.framework.Assert.assertTrue(Assert.java:31)
    at junit.framework.TestCase.assertTrue(TestCase.java:201)
    at org.jfree.chart.plot.junit.MultiplePiePlotTests.testConstructor(MultiplePiePlotTests.java:112)
    at sun.reflect.NativeMethodAccessorImpl.invoke0(Native Method)

16:19:55.439 [pool-2-thread-1] DEBUG fr.inria.lille.repair.nopol.NoPol - statement #57
16:19:55.439 [pool-2-thread-1] DEBUG fr.inria.lille.repair.nopol.NoPol - Analysing SourceLocation org.jfree.chart.title.Title:366 which is executed by 296 tests
80818745
16:19:55.513 [pool-2-thread-1] DEBUG fr.inria.lille.repair.nopol.NoPol - statement #58
16:19:55.513 [pool-2-thread-1] DEBUG fr.inria.lille.repair.nopol.NoPol - Analysing SourceLocation org.jfree.chart.title.Title:359 which is executed by 296 tests
80818745
16:19:55.587 [pool-2-thread-1] DEBUG fr.inria.lille.repair.nopol.NoPol - looking with class fr.inria.lille.repair.nopol.spoon.smt.ConditionalAdder
junit.framework.AssertionFailedError
    at junit.framework.Assert.fail(Assert.java:55)
    at junit.framework.Assert.assertTrue(Assert.java:22)
    at junit.framework.Assert.assertTrue(Assert.java:31)
    at junit.framework.TestCase.assertTrue(TestCase.java:201)
    at org.jfree.chart.plot.junit.MultiplePiePlotTests.testConstructor(MultiplePiePlotTests.java:112)
    at sun.reflect.NativeMethodAccessorImpl.invoke0(Native Method)
junit.framework.AssertionFailedError
    at junit.framework.Assert.fail(Assert.java:55)
    at junit.framework.Assert.assertTrue(Assert.java:22)
    at junit.framework.Assert.assertTrue(Assert.java:31)
    at junit.framework.TestCase.assertTrue(TestCase.java:201)
    at org.jfree.chart.plot.junit.MultiplePiePlotTests.testConstructor(MultiplePiePlotTests.java:112)
    at sun.reflect.NativeMethodAccessorImpl.invoke0(Native Method)
16:19:55.636 [pool-184-thread-1] INFO  xxl.java.junit.TestCasesListener - Tests run finished (47 ms)
<> Total tests run: 8
<> Ignored tests: 0
<> Failed tests: 2
~ testConstructor(org.jfree.chart.plot.junit.MultiplePiePlotTests)
[null]
junit.framework.AssertionFailedError    at junit.framework.Assert.fail(Assert.java:55)
    at junit.framework.Assert.assertTrue(Assert.java:22)
    at junit.framework.Assert.assertTrue(Assert.java:31)
    at junit.framework.TestCase.assertTrue(TestCase.java:201)
    at org.jfree.chart.plot.junit.MultiplePiePlotTests.testConstructor(MultiplePiePlotTests.java:112)
    at sun.reflect.NativeMethodAccessorImpl.invoke0(Native Method)
~ testConstructor(org.jfree.chart.plot.junit.MultiplePiePlotTests)
[null]
junit.framework.AssertionFailedError    at junit.framework.Assert.fail(Assert.java:55)
    at junit.framework.Assert.assertTrue(Assert.java:22)
    at junit.framework.Assert.assertTrue(Assert.java:31)
    at junit.framework.TestCase.assertTrue(TestCase.java:201)
    at org.jfree.chart.plot.junit.MultiplePiePlotTests.testConstructor(MultiplePiePlotTests.java:112)
    at sun.reflect.NativeMethodAccessorImpl.invoke0(Native Method)

16:19:55.765 [pool-2-thread-1] DEBUG fr.inria.lille.repair.nopol.NoPol - statement #59
16:19:55.765 [pool-2-thread-1] DEBUG fr.inria.lille.repair.nopol.NoPol - Analysing SourceLocation org.jfree.chart.title.Title:358 which is executed by 296 tests
80818745
16:19:55.838 [pool-2-thread-1] DEBUG fr.inria.lille.repair.nopol.NoPol - statement #60
16:19:55.838 [pool-2-thread-1] DEBUG fr.inria.lille.repair.nopol.NoPol - Analysing SourceLocation org.jfree.chart.title.Title:357 which is executed by 296 tests
80818745
16:19:55.912 [pool-2-thread-1] DEBUG fr.inria.lille.repair.nopol.NoPol - looking with class fr.inria.lille.repair.nopol.spoon.smt.ConditionalAdder
junit.framework.AssertionFailedError
    at junit.framework.Assert.fail(Assert.java:55)
    at junit.framework.Assert.assertTrue(Assert.java:22)
    at junit.framework.Assert.assertTrue(Assert.java:31)
    at junit.framework.TestCase.assertTrue(TestCase.java:201)
    at org.jfree.chart.plot.junit.MultiplePiePlotTests.testConstructor(MultiplePiePlotTests.java:112)
    at sun.reflect.NativeMethodAccessorImpl.invoke0(Native Method)
junit.framework.AssertionFailedError
    at junit.framework.Assert.fail(Assert.java:55)
    at junit.framework.Assert.assertTrue(Assert.java:22)
    at junit.framework.Assert.assertTrue(Assert.java:31)
    at junit.framework.TestCase.assertTrue(TestCase.java:201)
    at org.jfree.chart.plot.junit.MultiplePiePlotTests.testConstructor(MultiplePiePlotTests.java:112)
    at sun.reflect.NativeMethodAccessorImpl.invoke0(Native Method)
16:19:55.963 [pool-188-thread-1] INFO  xxl.java.junit.TestCasesListener - Tests run finished (48 ms)
<> Total tests run: 8
<> Ignored tests: 0
<> Failed tests: 2
~ testConstructor(org.jfree.chart.plot.junit.MultiplePiePlotTests)
[null]
junit.framework.AssertionFailedError    at junit.framework.Assert.fail(Assert.java:55)
    at junit.framework.Assert.assertTrue(Assert.java:22)
    at junit.framework.Assert.assertTrue(Assert.java:31)
    at junit.framework.TestCase.assertTrue(TestCase.java:201)
    at org.jfree.chart.plot.junit.MultiplePiePlotTests.testConstructor(MultiplePiePlotTests.java:112)
    at sun.reflect.NativeMethodAccessorImpl.invoke0(Native Method)
~ testConstructor(org.jfree.chart.plot.junit.MultiplePiePlotTests)
[null]
junit.framework.AssertionFailedError    at junit.framework.Assert.fail(Assert.java:55)
    at junit.framework.Assert.assertTrue(Assert.java:22)
    at junit.framework.Assert.assertTrue(Assert.java:31)
    at junit.framework.TestCase.assertTrue(TestCase.java:201)
    at org.jfree.chart.plot.junit.MultiplePiePlotTests.testConstructor(MultiplePiePlotTests.java:112)
    at sun.reflect.NativeMethodAccessorImpl.invoke0(Native Method)

16:19:56.077 [pool-2-thread-1] DEBUG fr.inria.lille.repair.nopol.NoPol - looking with class fr.inria.lille.repair.nopol.spoon.smt.ConditionalReplacer
junit.framework.AssertionFailedError
    at junit.framework.Assert.fail(Assert.java:55)
    at junit.framework.Assert.assertTrue(Assert.java:22)
    at junit.framework.Assert.assertTrue(Assert.java:31)
    at junit.framework.TestCase.assertTrue(TestCase.java:201)
    at org.jfree.chart.plot.junit.MultiplePiePlotTests.testConstructor(MultiplePiePlotTests.java:112)
    at sun.reflect.NativeMethodAccessorImpl.invoke0(Native Method)
junit.framework.AssertionFailedError
    at junit.framework.Assert.fail(Assert.java:55)
    at junit.framework.Assert.assertTrue(Assert.java:22)
    at junit.framework.Assert.assertTrue(Assert.java:31)
    at junit.framework.TestCase.assertTrue(TestCase.java:201)
    at org.jfree.chart.plot.junit.MultiplePiePlotTests.testConstructor(MultiplePiePlotTests.java:112)
    at sun.reflect.NativeMethodAccessorImpl.invoke0(Native Method)
16:19:56.127 [pool-192-thread-1] INFO  xxl.java.junit.TestCasesListener - Tests run finished (48 ms)
<> Total tests run: 8
<> Ignored tests: 0
<> Failed tests: 2
~ testConstructor(org.jfree.chart.plot.junit.MultiplePiePlotTests)
[null]
junit.framework.AssertionFailedError    at junit.framework.Assert.fail(Assert.java:55)
    at junit.framework.Assert.assertTrue(Assert.java:22)
    at junit.framework.Assert.assertTrue(Assert.java:31)
    at junit.framework.TestCase.assertTrue(TestCase.java:201)
    at org.jfree.chart.plot.junit.MultiplePiePlotTests.testConstructor(MultiplePiePlotTests.java:112)
    at sun.reflect.NativeMethodAccessorImpl.invoke0(Native Method)
~ testConstructor(org.jfree.chart.plot.junit.MultiplePiePlotTests)
[null]
junit.framework.AssertionFailedError    at junit.framework.Assert.fail(Assert.java:55)
    at junit.framework.Assert.assertTrue(Assert.java:22)
    at junit.framework.Assert.assertTrue(Assert.java:31)
    at junit.framework.TestCase.assertTrue(TestCase.java:201)
    at org.jfree.chart.plot.junit.MultiplePiePlotTests.testConstructor(MultiplePiePlotTests.java:112)
    at sun.reflect.NativeMethodAccessorImpl.invoke0(Native Method)

16:19:56.242 [pool-2-thread-1] DEBUG fr.inria.lille.repair.nopol.NoPol - statement #61
16:19:56.242 [pool-2-thread-1] DEBUG fr.inria.lille.repair.nopol.NoPol - Analysing SourceLocation org.jfree.chart.title.Title:338 which is executed by 322 tests
80818745
16:19:56.315 [pool-2-thread-1] DEBUG fr.inria.lille.repair.nopol.NoPol - statement #62
16:19:56.315 [pool-2-thread-1] DEBUG fr.inria.lille.repair.nopol.NoPol - Analysing SourceLocation org.jfree.chart.title.Title:337 which is executed by 323 tests
80818745
16:19:56.391 [pool-2-thread-1] DEBUG fr.inria.lille.repair.nopol.NoPol - looking with class fr.inria.lille.repair.nopol.spoon.smt.ConditionalAdder
junit.framework.AssertionFailedError
    at junit.framework.Assert.fail(Assert.java:55)
    at junit.framework.Assert.assertTrue(Assert.java:22)
    at junit.framework.Assert.assertTrue(Assert.java:31)
    at junit.framework.TestCase.assertTrue(TestCase.java:201)
    at org.jfree.chart.plot.junit.MultiplePiePlotTests.testConstructor(MultiplePiePlotTests.java:112)
    at sun.reflect.NativeMethodAccessorImpl.invoke0(Native Method)
junit.framework.AssertionFailedError
    at junit.framework.Assert.fail(Assert.java:55)
    at junit.framework.Assert.assertTrue(Assert.java:22)
    at junit.framework.Assert.assertTrue(Assert.java:31)
    at junit.framework.TestCase.assertTrue(TestCase.java:201)
    at org.jfree.chart.plot.junit.MultiplePiePlotTests.testConstructor(MultiplePiePlotTests.java:112)
    at sun.reflect.NativeMethodAccessorImpl.invoke0(Native Method)
16:19:56.439 [pool-196-thread-1] INFO  xxl.java.junit.TestCasesListener - Tests run finished (45 ms)
<> Total tests run: 8
<> Ignored tests: 0
<> Failed tests: 2
~ testConstructor(org.jfree.chart.plot.junit.MultiplePiePlotTests)
[null]
junit.framework.AssertionFailedError    at junit.framework.Assert.fail(Assert.java:55)
    at junit.framework.Assert.assertTrue(Assert.java:22)
    at junit.framework.Assert.assertTrue(Assert.java:31)
    at junit.framework.TestCase.assertTrue(TestCase.java:201)
    at org.jfree.chart.plot.junit.MultiplePiePlotTests.testConstructor(MultiplePiePlotTests.java:112)
    at sun.reflect.NativeMethodAccessorImpl.invoke0(Native Method)
~ testConstructor(org.jfree.chart.plot.junit.MultiplePiePlotTests)
[null]
junit.framework.AssertionFailedError    at junit.framework.Assert.fail(Assert.java:55)
    at junit.framework.Assert.assertTrue(Assert.java:22)
    at junit.framework.Assert.assertTrue(Assert.java:31)
    at junit.framework.TestCase.assertTrue(TestCase.java:201)
    at org.jfree.chart.plot.junit.MultiplePiePlotTests.testConstructor(MultiplePiePlotTests.java:112)
    at sun.reflect.NativeMethodAccessorImpl.invoke0(Native Method)

16:19:56.552 [pool-2-thread-1] DEBUG fr.inria.lille.repair.nopol.NoPol - statement #63
16:19:56.553 [pool-2-thread-1] DEBUG fr.inria.lille.repair.nopol.NoPol - Analysing SourceLocation org.jfree.chart.plot.Plot:869 which is executed by 368 tests
2490626
16:19:56.665 [pool-2-thread-1] DEBUG fr.inria.lille.repair.nopol.NoPol - statement #64
16:19:56.665 [pool-2-thread-1] DEBUG fr.inria.lille.repair.nopol.NoPol - Analysing SourceLocation org.jfree.chart.plot.Plot:868 which is executed by 369 tests
2490626
16:19:56.746 [pool-2-thread-1] DEBUG fr.inria.lille.repair.nopol.NoPol - looking with class fr.inria.lille.repair.nopol.spoon.smt.ConditionalAdder
junit.framework.AssertionFailedError
    at junit.framework.Assert.fail(Assert.java:55)
    at junit.framework.Assert.assertTrue(Assert.java:22)
    at junit.framework.Assert.assertTrue(Assert.java:31)
    at junit.framework.TestCase.assertTrue(TestCase.java:201)
    at org.jfree.chart.plot.junit.MultiplePiePlotTests.testConstructor(MultiplePiePlotTests.java:112)
    at sun.reflect.NativeMethodAccessorImpl.invoke0(Native Method)
junit.framework.AssertionFailedError
    at junit.framework.Assert.fail(Assert.java:55)
    at junit.framework.Assert.assertTrue(Assert.java:22)
    at junit.framework.Assert.assertTrue(Assert.java:31)
    at junit.framework.TestCase.assertTrue(TestCase.java:201)
    at org.jfree.chart.plot.junit.MultiplePiePlotTests.testConstructor(MultiplePiePlotTests.java:112)
    at sun.reflect.NativeMethodAccessorImpl.invoke0(Native Method)
16:19:56.795 [pool-200-thread-1] INFO  xxl.java.junit.TestCasesListener - Tests run finished (46 ms)
<> Total tests run: 8
<> Ignored tests: 0
<> Failed tests: 2
~ testConstructor(org.jfree.chart.plot.junit.MultiplePiePlotTests)
[null]
junit.framework.AssertionFailedError    at junit.framework.Assert.fail(Assert.java:55)
    at junit.framework.Assert.assertTrue(Assert.java:22)
    at junit.framework.Assert.assertTrue(Assert.java:31)
    at junit.framework.TestCase.assertTrue(TestCase.java:201)
    at org.jfree.chart.plot.junit.MultiplePiePlotTests.testConstructor(MultiplePiePlotTests.java:112)
    at sun.reflect.NativeMethodAccessorImpl.invoke0(Native Method)
~ testConstructor(org.jfree.chart.plot.junit.MultiplePiePlotTests)
[null]
junit.framework.AssertionFailedError    at junit.framework.Assert.fail(Assert.java:55)
    at junit.framework.Assert.assertTrue(Assert.java:22)
    at junit.framework.Assert.assertTrue(Assert.java:31)
    at junit.framework.TestCase.assertTrue(TestCase.java:201)
    at org.jfree.chart.plot.junit.MultiplePiePlotTests.testConstructor(MultiplePiePlotTests.java:112)
    at sun.reflect.NativeMethodAccessorImpl.invoke0(Native Method)

16:19:56.934 [pool-2-thread-1] DEBUG fr.inria.lille.repair.nopol.NoPol - statement #65
16:19:56.934 [pool-2-thread-1] DEBUG fr.inria.lille.repair.nopol.NoPol - Analysing SourceLocation org.jfree.chart.block.AbstractBlock:281 which is executed by 386 tests
-1226516116
16:19:57.010 [pool-2-thread-1] DEBUG fr.inria.lille.repair.nopol.NoPol - statement #66
16:19:57.010 [pool-2-thread-1] DEBUG fr.inria.lille.repair.nopol.NoPol - Analysing SourceLocation org.jfree.chart.block.AbstractBlock:280 which is executed by 386 tests
-1226516116
16:19:57.103 [pool-2-thread-1] DEBUG fr.inria.lille.repair.nopol.NoPol - looking with class fr.inria.lille.repair.nopol.spoon.smt.ConditionalAdder
junit.framework.AssertionFailedError
    at junit.framework.Assert.fail(Assert.java:55)
    at junit.framework.Assert.assertTrue(Assert.java:22)
    at junit.framework.Assert.assertTrue(Assert.java:31)
    at junit.framework.TestCase.assertTrue(TestCase.java:201)
    at org.jfree.chart.plot.junit.MultiplePiePlotTests.testConstructor(MultiplePiePlotTests.java:112)
    at sun.reflect.NativeMethodAccessorImpl.invoke0(Native Method)
junit.framework.AssertionFailedError
    at junit.framework.Assert.fail(Assert.java:55)
    at junit.framework.Assert.assertTrue(Assert.java:22)
    at junit.framework.Assert.assertTrue(Assert.java:31)
    at junit.framework.TestCase.assertTrue(TestCase.java:201)
    at org.jfree.chart.plot.junit.MultiplePiePlotTests.testConstructor(MultiplePiePlotTests.java:112)
    at sun.reflect.NativeMethodAccessorImpl.invoke0(Native Method)
16:19:57.155 [pool-204-thread-1] INFO  xxl.java.junit.TestCasesListener - Tests run finished (49 ms)
<> Total tests run: 8
<> Ignored tests: 0
<> Failed tests: 2
~ testConstructor(org.jfree.chart.plot.junit.MultiplePiePlotTests)
[null]
junit.framework.AssertionFailedError    at junit.framework.Assert.fail(Assert.java:55)
    at junit.framework.Assert.assertTrue(Assert.java:22)
    at junit.framework.Assert.assertTrue(Assert.java:31)
    at junit.framework.TestCase.assertTrue(TestCase.java:201)
    at org.jfree.chart.plot.junit.MultiplePiePlotTests.testConstructor(MultiplePiePlotTests.java:112)
    at sun.reflect.NativeMethodAccessorImpl.invoke0(Native Method)
~ testConstructor(org.jfree.chart.plot.junit.MultiplePiePlotTests)
[null]
junit.framework.AssertionFailedError    at junit.framework.Assert.fail(Assert.java:55)
    at junit.framework.Assert.assertTrue(Assert.java:22)
    at junit.framework.Assert.assertTrue(Assert.java:31)
    at junit.framework.TestCase.assertTrue(TestCase.java:201)
    at org.jfree.chart.plot.junit.MultiplePiePlotTests.testConstructor(MultiplePiePlotTests.java:112)
    at sun.reflect.NativeMethodAccessorImpl.invoke0(Native Method)

16:19:57.272 [pool-2-thread-1] DEBUG fr.inria.lille.repair.nopol.NoPol - statement #67
16:19:57.272 [pool-2-thread-1] DEBUG fr.inria.lille.repair.nopol.NoPol - Analysing SourceLocation org.jfree.chart.block.AbstractBlock:277 which is executed by 386 tests
-1226516116
16:19:57.347 [pool-2-thread-1] DEBUG fr.inria.lille.repair.nopol.NoPol - looking with class fr.inria.lille.repair.nopol.spoon.smt.ConditionalAdder
junit.framework.AssertionFailedError
    at junit.framework.Assert.fail(Assert.java:55)
    at junit.framework.Assert.assertTrue(Assert.java:22)
    at junit.framework.Assert.assertTrue(Assert.java:31)
    at junit.framework.TestCase.assertTrue(TestCase.java:201)
    at org.jfree.chart.plot.junit.MultiplePiePlotTests.testConstructor(MultiplePiePlotTests.java:112)
    at sun.reflect.NativeMethodAccessorImpl.invoke0(Native Method)
junit.framework.AssertionFailedError
    at junit.framework.Assert.fail(Assert.java:55)
    at junit.framework.Assert.assertTrue(Assert.java:22)
    at junit.framework.Assert.assertTrue(Assert.java:31)
    at junit.framework.TestCase.assertTrue(TestCase.java:201)
    at org.jfree.chart.plot.junit.MultiplePiePlotTests.testConstructor(MultiplePiePlotTests.java:112)
    at sun.reflect.NativeMethodAccessorImpl.invoke0(Native Method)
16:19:57.396 [pool-208-thread-1] INFO  xxl.java.junit.TestCasesListener - Tests run finished (47 ms)
<> Total tests run: 8
<> Ignored tests: 0
<> Failed tests: 2
~ testConstructor(org.jfree.chart.plot.junit.MultiplePiePlotTests)
[null]
junit.framework.AssertionFailedError    at junit.framework.Assert.fail(Assert.java:55)
    at junit.framework.Assert.assertTrue(Assert.java:22)
    at junit.framework.Assert.assertTrue(Assert.java:31)
    at junit.framework.TestCase.assertTrue(TestCase.java:201)
    at org.jfree.chart.plot.junit.MultiplePiePlotTests.testConstructor(MultiplePiePlotTests.java:112)
    at sun.reflect.NativeMethodAccessorImpl.invoke0(Native Method)
~ testConstructor(org.jfree.chart.plot.junit.MultiplePiePlotTests)
[null]
junit.framework.AssertionFailedError    at junit.framework.Assert.fail(Assert.java:55)
    at junit.framework.Assert.assertTrue(Assert.java:22)
    at junit.framework.Assert.assertTrue(Assert.java:31)
    at junit.framework.TestCase.assertTrue(TestCase.java:201)
    at org.jfree.chart.plot.junit.MultiplePiePlotTests.testConstructor(MultiplePiePlotTests.java:112)
    at sun.reflect.NativeMethodAccessorImpl.invoke0(Native Method)

16:19:57.524 [pool-2-thread-1] DEBUG fr.inria.lille.repair.nopol.NoPol - looking with class fr.inria.lille.repair.nopol.spoon.smt.ConditionalReplacer
junit.framework.AssertionFailedError
    at junit.framework.Assert.fail(Assert.java:55)
    at junit.framework.Assert.assertTrue(Assert.java:22)
    at junit.framework.Assert.assertTrue(Assert.java:31)
    at junit.framework.TestCase.assertTrue(TestCase.java:201)
    at org.jfree.chart.plot.junit.MultiplePiePlotTests.testConstructor(MultiplePiePlotTests.java:112)
    at sun.reflect.NativeMethodAccessorImpl.invoke0(Native Method)
junit.framework.AssertionFailedError
    at junit.framework.Assert.fail(Assert.java:55)
    at junit.framework.Assert.assertTrue(Assert.java:22)
    at junit.framework.Assert.assertTrue(Assert.java:31)
    at junit.framework.TestCase.assertTrue(TestCase.java:201)
    at org.jfree.chart.plot.junit.MultiplePiePlotTests.testConstructor(MultiplePiePlotTests.java:112)
    at sun.reflect.NativeMethodAccessorImpl.invoke0(Native Method)
16:19:57.572 [pool-212-thread-1] INFO  xxl.java.junit.TestCasesListener - Tests run finished (46 ms)
<> Total tests run: 8
<> Ignored tests: 0
<> Failed tests: 2
~ testConstructor(org.jfree.chart.plot.junit.MultiplePiePlotTests)
[null]
junit.framework.AssertionFailedError    at junit.framework.Assert.fail(Assert.java:55)
    at junit.framework.Assert.assertTrue(Assert.java:22)
    at junit.framework.Assert.assertTrue(Assert.java:31)
    at junit.framework.TestCase.assertTrue(TestCase.java:201)
    at org.jfree.chart.plot.junit.MultiplePiePlotTests.testConstructor(MultiplePiePlotTests.java:112)
    at sun.reflect.NativeMethodAccessorImpl.invoke0(Native Method)
~ testConstructor(org.jfree.chart.plot.junit.MultiplePiePlotTests)
[null]
junit.framework.AssertionFailedError    at junit.framework.Assert.fail(Assert.java:55)
    at junit.framework.Assert.assertTrue(Assert.java:22)
    at junit.framework.Assert.assertTrue(Assert.java:31)
    at junit.framework.TestCase.assertTrue(TestCase.java:201)
    at org.jfree.chart.plot.junit.MultiplePiePlotTests.testConstructor(MultiplePiePlotTests.java:112)
    at sun.reflect.NativeMethodAccessorImpl.invoke0(Native Method)

16:19:57.696 [pool-2-thread-1] INFO  fr.inria.lille.repair.nopol.NoPol - ----INFORMATION----
16:19:57.940 [pool-2-thread-1] INFO  fr.inria.lille.repair.nopol.NoPol - Nb classes : 580
16:19:57.940 [pool-2-thread-1] INFO  fr.inria.lille.repair.nopol.NoPol - Nb methods : 6289
16:19:57.940 [pool-2-thread-1] INFO  fr.inria.lille.repair.nopol.NoPol - Nb Statements Analyzed : 51
16:19:57.940 [pool-2-thread-1] INFO  fr.inria.lille.repair.nopol.NoPol - Nb Statements with Angelic Value Found : 0
16:19:57.941 [pool-2-thread-1] INFO  fr.inria.lille.repair.nopol.NoPol - NoPol Execution time : 37652ms
16:19:57.941 [pool-2-thread-1] INFO  fr.inria.lille.repair.nopol.NoPol - 
NO_ANGELIC_VALUE
Command exited with non-zero status 255
124.96user 5.83system 0:39.31elapsed 332%CPU (0avgtext+0avgdata 1108348maxresident)k
67784inputs+5944outputs (19major+528074minor)pagefaults 0swaps


Node: grisou-34.nancy.grid5000.fr



Date: Sat Dec  1 16:19:58 EST 2018

