cd /tmp/DynaMoth_Bug_dot_jar_Commons-Math_ebadb558;
export JAVA_TOOL_OPTIONS="-Dfile.encoding=UTF8 -Duser.language=en-US -Duser.country=US -Duser.language=en";
TZ="America/New_York"; export TZ;
export PATH="/usr/lib/jvm/java-1.8.0-openjdk-amd64/bin/:$PATH";
export JAVA_HOME="/usr/lib/jvm/java-1.8.0-openjdk-amd64/bin/";
time java -Xmx4048m -cp /home/tdurieux/defects4j4repair/script/../repair_tools/nopol.jar:/usr/lib/jvm/java-1.8.0-openjdk-amd64/bin//../lib/tools.jar fr.inria.lille.repair.Main \
	--mode repair \
	--type pre_then_cond \
	--oracle angelic \
	--synthesis dynamoth \
	--flocal gzoltar \
	--json \
	--solver z3 \
	--solver-path /home/tdurieux/defects4j4repair/script/../libs/z3/build/z3 \
	--complianceLevel 7 \
	--source src/main/java \
	--classpath "target/classes:target/test-classes:/home/tdurieux/.m2/repository/junit/junit/4.10/junit-4.10.jar:/home/tdurieux/.m2/repository/org/hamcrest/hamcrest-core/1.1/hamcrest-core-1.1.jar:/home/tdurieux/defects4j4repair/script/../repair_tools/nopol.jar";
	echo "\n\nNode: `hostname`\n";
	echo "\n\nDate: `date`\n";
Picked up JAVA_TOOL_OPTIONS: -Dfile.encoding=UTF8 -Duser.language=en-US -Duser.country=US -Duser.language=en
16:58:43.595 [main] INFO  fr.inria.lille.repair.nopol.NoPol - Source files: [src/main/java]
16:58:43.607 [main] INFO  fr.inria.lille.repair.nopol.NoPol - Classpath: [file:/tmp/DynaMoth_Bug_dot_jar_Commons-Math_ebadb558/target/classes/, file:/tmp/DynaMoth_Bug_dot_jar_Commons-Math_ebadb558/target/test-classes/, file:/home/tdurieux/.m2/repository/junit/junit/4.10/junit-4.10.jar, file:/home/tdurieux/.m2/repository/org/hamcrest/hamcrest-core/1.1/hamcrest-core-1.1.jar, file:/home/tdurieux/defects4j4repair/script/../repair_tools/nopol.jar]
16:58:43.607 [main] INFO  fr.inria.lille.repair.nopol.NoPol - Statement type: PRE_THEN_COND
16:58:43.607 [main] INFO  fr.inria.lille.repair.nopol.NoPol - Args: [org.apache.commons.math3.RetryRunnerTest, org.apache.commons.math3.analysis.FunctionUtilsTest, org.apache.commons.math3.analysis.function.GaussianTest, org.apache.commons.math3.analysis.function.HarmonicOscillatorTest, org.apache.commons.math3.analysis.function.LogisticTest, org.apache.commons.math3.analysis.function.LogitTest, org.apache.commons.math3.analysis.function.SigmoidTest, org.apache.commons.math3.analysis.function.SincTest, org.apache.commons.math3.analysis.function.SqrtTest, org.apache.commons.math3.analysis.function.StepFunctionTest, org.apache.commons.math3.analysis.integration.LegendreGaussIntegratorTest, org.apache.commons.math3.analysis.integration.RombergIntegratorTest, org.apache.commons.math3.analysis.integration.SimpsonIntegratorTest, org.apache.commons.math3.analysis.integration.TrapezoidIntegratorTest, org.apache.commons.math3.analysis.interpolation.BicubicSplineInterpolatingFunctionTest, org.apache.commons.math3.analysis.interpolation.BicubicSplineInterpolatorTest, org.apache.commons.math3.analysis.interpolation.DividedDifferenceInterpolatorTest, org.apache.commons.math3.analysis.interpolation.LinearInterpolatorTest, org.apache.commons.math3.analysis.interpolation.LoessInterpolatorTest, org.apache.commons.math3.analysis.interpolation.MicrosphereInterpolatorTest, org.apache.commons.math3.analysis.interpolation.NevilleInterpolatorTest, org.apache.commons.math3.analysis.interpolation.SmoothingPolynomialBicubicSplineInterpolatorTest, org.apache.commons.math3.analysis.interpolation.SplineInterpolatorTest, org.apache.commons.math3.analysis.interpolation.TricubicSplineInterpolatingFunctionTest, org.apache.commons.math3.analysis.interpolation.TricubicSplineInterpolatorTest, org.apache.commons.math3.analysis.interpolation.UnivariatePeriodicInterpolatorTest, org.apache.commons.math3.analysis.polynomials.PolynomialFunctionLagrangeFormTest, org.apache.commons.math3.analysis.polynomials.PolynomialFunctionNewtonFormTest, org.apache.commons.math3.analysis.polynomials.PolynomialFunctionTest, org.apache.commons.math3.analysis.polynomials.PolynomialSplineFunctionTest, org.apache.commons.math3.analysis.polynomials.PolynomialsUtilsTest, org.apache.commons.math3.analysis.solvers.BisectionSolverTest, org.apache.commons.math3.analysis.solvers.BracketingNthOrderBrentSolverTest, org.apache.commons.math3.analysis.solvers.BrentSolverTest, org.apache.commons.math3.analysis.solvers.IllinoisSolverTest, org.apache.commons.math3.analysis.solvers.LaguerreSolverTest, org.apache.commons.math3.analysis.solvers.MullerSolver2Test, org.apache.commons.math3.analysis.solvers.MullerSolverTest, org.apache.commons.math3.analysis.solvers.NewtonSolverTest, org.apache.commons.math3.analysis.solvers.PegasusSolverTest, org.apache.commons.math3.analysis.solvers.RegulaFalsiSolverTest, org.apache.commons.math3.analysis.solvers.RiddersSolverTest, org.apache.commons.math3.analysis.solvers.SecantSolverTest, org.apache.commons.math3.analysis.solvers.UnivariateSolverUtilsTest, org.apache.commons.math3.complex.ComplexFieldTest, org.apache.commons.math3.complex.ComplexFormatTest, org.apache.commons.math3.complex.ComplexTest, org.apache.commons.math3.complex.ComplexUtilsTest, org.apache.commons.math3.complex.FrenchComplexFormatTest, org.apache.commons.math3.complex.RootsOfUnityTest, org.apache.commons.math3.dfp.BracketingNthOrderBrentSolverDFPTest, org.apache.commons.math3.dfp.DfpDecTest, org.apache.commons.math3.dfp.DfpMathTest, org.apache.commons.math3.dfp.DfpTest, org.apache.commons.math3.distribution.AbstractRealDistributionTest, org.apache.commons.math3.distribution.AbtractIntegerDistributionTest, org.apache.commons.math3.distribution.BetaDistributionTest, org.apache.commons.math3.distribution.BinomialDistributionTest, org.apache.commons.math3.distribution.CauchyDistributionTest, org.apache.commons.math3.distribution.ChiSquaredDistributionTest, org.apache.commons.math3.distribution.ExponentialDistributionTest, org.apache.commons.math3.distribution.FDistributionTest, org.apache.commons.math3.distribution.GammaDistributionTest, org.apache.commons.math3.distribution.HypergeometricDistributionTest, org.apache.commons.math3.distribution.KolmogorovSmirnovDistributionTest, org.apache.commons.math3.distribution.LogNormalDistributionTest, org.apache.commons.math3.distribution.NormalDistributionTest, org.apache.commons.math3.distribution.PascalDistributionTest, org.apache.commons.math3.distribution.PoissonDistributionTest, org.apache.commons.math3.distribution.TDistributionTest, org.apache.commons.math3.distribution.TriangularDistributionTest, org.apache.commons.math3.distribution.UniformIntegerDistributionTest, org.apache.commons.math3.distribution.UniformRealDistributionTest, org.apache.commons.math3.distribution.WeibullDistributionTest, org.apache.commons.math3.distribution.ZipfDistributionTest, org.apache.commons.math3.exception.DimensionMismatchExceptionTest, org.apache.commons.math3.exception.MaxCountExceededExceptionTest, org.apache.commons.math3.exception.NonMonotonicSequenceExceptionTest, org.apache.commons.math3.exception.NotPositiveExceptionTest, org.apache.commons.math3.exception.NotStrictlyPositiveExceptionTest, org.apache.commons.math3.exception.NumberIsTooLargeExceptionTest, org.apache.commons.math3.exception.NumberIsTooSmallExceptionTest, org.apache.commons.math3.exception.OutOfRangeExceptionTest, org.apache.commons.math3.exception.TooManyEvaluationsExceptionTest, org.apache.commons.math3.exception.util.ArgUtilsTest, org.apache.commons.math3.exception.util.ExceptionContextTest, org.apache.commons.math3.exception.util.LocalizedFormatsTest, org.apache.commons.math3.filter.KalmanFilterTest, org.apache.commons.math3.fraction.BigFractionFieldTest, org.apache.commons.math3.fraction.BigFractionFormatTest, org.apache.commons.math3.fraction.BigFractionTest, org.apache.commons.math3.fraction.FractionFieldTest, org.apache.commons.math3.fraction.FractionFormatTest, org.apache.commons.math3.fraction.FractionTest, org.apache.commons.math3.genetics.BinaryChromosomeTest, org.apache.commons.math3.genetics.BinaryMutationTest, org.apache.commons.math3.genetics.ChromosomeTest, org.apache.commons.math3.genetics.ElitisticListPopulationTest, org.apache.commons.math3.genetics.FitnessCachingTest, org.apache.commons.math3.genetics.FixedElapsedTimeTest, org.apache.commons.math3.genetics.FixedGenerationCountTest, org.apache.commons.math3.genetics.GeneticAlgorithmTestBinary, org.apache.commons.math3.genetics.GeneticAlgorithmTestPermutations, org.apache.commons.math3.genetics.ListPopulationTest, org.apache.commons.math3.genetics.OnePointCrossoverTest, org.apache.commons.math3.genetics.RandomKeyMutationTest, org.apache.commons.math3.genetics.RandomKeyTest, org.apache.commons.math3.genetics.TournamentSelectionTest, org.apache.commons.math3.geometry.euclidean.oned.IntervalsSetTest, org.apache.commons.math3.geometry.euclidean.threed.FrenchVector3DFormatTest, org.apache.commons.math3.geometry.euclidean.threed.LineTest, org.apache.commons.math3.geometry.euclidean.threed.PlaneTest, org.apache.commons.math3.geometry.euclidean.threed.PolyhedronsSetTest, org.apache.commons.math3.geometry.euclidean.threed.RotationOrderTest, org.apache.commons.math3.geometry.euclidean.threed.RotationTest, org.apache.commons.math3.geometry.euclidean.threed.SubLineTest, org.apache.commons.math3.geometry.euclidean.threed.Vector3DFormatTest, org.apache.commons.math3.geometry.euclidean.threed.Vector3DTest, org.apache.commons.math3.geometry.euclidean.twod.LineTest, org.apache.commons.math3.geometry.euclidean.twod.PolygonsSetTest, org.apache.commons.math3.geometry.euclidean.twod.SubLineTest, org.apache.commons.math3.geometry.partitioning.utilities.AVLTreeTest, org.apache.commons.math3.linear.Array2DRowRealMatrixTest, org.apache.commons.math3.linear.ArrayFieldVectorTest, org.apache.commons.math3.linear.ArrayRealVectorTest, org.apache.commons.math3.linear.BiDiagonalTransformerTest, org.apache.commons.math3.linear.BlockFieldMatrixTest, org.apache.commons.math3.linear.BlockRealMatrixTest, org.apache.commons.math3.linear.CholeskyDecompositionTest, org.apache.commons.math3.linear.CholeskySolverTest, org.apache.commons.math3.linear.ConjugateGradientTest, org.apache.commons.math3.linear.EigenDecompositionTest, org.apache.commons.math3.linear.EigenSolverTest, org.apache.commons.math3.linear.FieldLUDecompositionTest, org.apache.commons.math3.linear.FieldLUSolverTest, org.apache.commons.math3.linear.FieldMatrixImplTest, org.apache.commons.math3.linear.FrenchRealVectorFormatTest, org.apache.commons.math3.linear.LUDecompositionTest, org.apache.commons.math3.linear.LUSolverTest, org.apache.commons.math3.linear.MatrixDimensionMismatchExceptionTest, org.apache.commons.math3.linear.MatrixUtilsTest, org.apache.commons.math3.linear.OpenMapRealMatrixTest, org.apache.commons.math3.linear.QRDecompositionTest, org.apache.commons.math3.linear.QRSolverTest, org.apache.commons.math3.linear.RealVectorFormatTest, org.apache.commons.math3.linear.RealVectorTest, org.apache.commons.math3.linear.SingularValueDecompositionTest, org.apache.commons.math3.linear.SingularValueSolverTest, org.apache.commons.math3.linear.SparseFieldMatrixTest, org.apache.commons.math3.linear.SparseFieldVectorTest, org.apache.commons.math3.linear.SparseRealMatrixTest, org.apache.commons.math3.linear.SparseRealVectorTest, org.apache.commons.math3.linear.SymmLQTest, org.apache.commons.math3.linear.TriDiagonalTransformerTest, org.apache.commons.math3.linear.UnmodifiableArrayRealVectorTest, org.apache.commons.math3.linear.UnmodifiableOpenMapRealVectorTest, org.apache.commons.math3.ode.ContinuousOutputModelTest, org.apache.commons.math3.ode.FirstOrderConverterTest, org.apache.commons.math3.ode.JacobianMatricesTest, org.apache.commons.math3.ode.events.EventStateTest, org.apache.commons.math3.ode.events.OverlappingEventsTest, org.apache.commons.math3.ode.events.ReappearingEventTest, org.apache.commons.math3.ode.nonstiff.AdamsBashforthIntegratorTest, org.apache.commons.math3.ode.nonstiff.AdamsMoultonIntegratorTest, org.apache.commons.math3.ode.nonstiff.ClassicalRungeKuttaIntegratorTest, org.apache.commons.math3.ode.nonstiff.ClassicalRungeKuttaStepInterpolatorTest, org.apache.commons.math3.ode.nonstiff.DormandPrince54IntegratorTest, org.apache.commons.math3.ode.nonstiff.DormandPrince54StepInterpolatorTest, org.apache.commons.math3.ode.nonstiff.DormandPrince853IntegratorTest, org.apache.commons.math3.ode.nonstiff.DormandPrince853StepInterpolatorTest, org.apache.commons.math3.ode.nonstiff.EulerIntegratorTest, org.apache.commons.math3.ode.nonstiff.EulerStepInterpolatorTest, org.apache.commons.math3.ode.nonstiff.GillIntegratorTest, org.apache.commons.math3.ode.nonstiff.GillStepInterpolatorTest, org.apache.commons.math3.ode.nonstiff.GraggBulirschStoerIntegratorTest, org.apache.commons.math3.ode.nonstiff.GraggBulirschStoerStepInterpolatorTest, org.apache.commons.math3.ode.nonstiff.HighamHall54IntegratorTest, org.apache.commons.math3.ode.nonstiff.HighamHall54StepInterpolatorTest, org.apache.commons.math3.ode.nonstiff.MidpointIntegratorTest, org.apache.commons.math3.ode.nonstiff.MidpointStepInterpolatorTest, org.apache.commons.math3.ode.nonstiff.ThreeEighthesIntegratorTest, org.apache.commons.math3.ode.nonstiff.ThreeEighthesStepInterpolatorTest, org.apache.commons.math3.ode.sampling.DummyStepInterpolatorTest, org.apache.commons.math3.ode.sampling.NordsieckStepInterpolatorTest, org.apache.commons.math3.ode.sampling.StepNormalizerOutputOverlapTest, org.apache.commons.math3.ode.sampling.StepNormalizerOutputTest, org.apache.commons.math3.ode.sampling.StepNormalizerTest, org.apache.commons.math3.optimization.DifferentiableMultivariateMultiStartOptimizerTest, org.apache.commons.math3.optimization.DifferentiableMultivariateVectorMultiStartOptimizerTest, org.apache.commons.math3.optimization.MultivariateMultiStartOptimizerTest, org.apache.commons.math3.optimization.direct.BOBYQAOptimizerTest, org.apache.commons.math3.optimization.direct.CMAESOptimizerTest, org.apache.commons.math3.optimization.direct.MultivariateFunctionMappingAdapterTest, org.apache.commons.math3.optimization.direct.MultivariateFunctionPenaltyAdapterTest, org.apache.commons.math3.optimization.direct.PowellOptimizerTest, org.apache.commons.math3.optimization.direct.SimplexOptimizerMultiDirectionalTest, org.apache.commons.math3.optimization.direct.SimplexOptimizerNelderMeadTest, org.apache.commons.math3.optimization.fitting.CurveFitterTest, org.apache.commons.math3.optimization.fitting.GaussianFitterTest, org.apache.commons.math3.optimization.fitting.HarmonicFitterTest, org.apache.commons.math3.optimization.fitting.PolynomialFitterTest, org.apache.commons.math3.optimization.general.GaussNewtonOptimizerTest, org.apache.commons.math3.optimization.general.LevenbergMarquardtOptimizerTest, org.apache.commons.math3.optimization.general.MinpackTest, org.apache.commons.math3.optimization.general.NonLinearConjugateGradientOptimizerTest, org.apache.commons.math3.optimization.linear.SimplexSolverTest, org.apache.commons.math3.optimization.linear.SimplexTableauTest, org.apache.commons.math3.optimization.univariate.BracketFinderTest, org.apache.commons.math3.optimization.univariate.BrentOptimizerTest, org.apache.commons.math3.optimization.univariate.UnivariateMultiStartOptimizerTest, org.apache.commons.math3.random.AbstractRandomGeneratorTest, org.apache.commons.math3.random.BitsStreamGeneratorTest, org.apache.commons.math3.random.CorrelatedRandomVectorGeneratorTest, org.apache.commons.math3.random.EmpiricalDistributionTest, org.apache.commons.math3.random.GaussianRandomGeneratorTest, org.apache.commons.math3.random.ISAACTest, org.apache.commons.math3.random.MersenneTwisterTest, org.apache.commons.math3.random.RandomAdaptorTest, org.apache.commons.math3.random.RandomDataTest, org.apache.commons.math3.random.RandomGeneratorAbstractTest, org.apache.commons.math3.random.StableRandomGeneratorTest, org.apache.commons.math3.random.UncorrelatedRandomVectorGeneratorTest, org.apache.commons.math3.random.UniformRandomGeneratorTest, org.apache.commons.math3.random.ValueServerTest, org.apache.commons.math3.random.Well1024aTest, org.apache.commons.math3.random.Well19937aTest, org.apache.commons.math3.random.Well19937cTest, org.apache.commons.math3.random.Well44497aTest, org.apache.commons.math3.random.Well44497bTest, org.apache.commons.math3.random.Well512aTest, org.apache.commons.math3.special.BetaTest, org.apache.commons.math3.special.ErfTest, org.apache.commons.math3.special.GammaTest, org.apache.commons.math3.stat.CertifiedDataTest, org.apache.commons.math3.stat.FrequencyTest, org.apache.commons.math3.stat.StatUtilsTest, org.apache.commons.math3.stat.clustering.EuclideanIntegerPointTest, org.apache.commons.math3.stat.clustering.KMeansPlusPlusClustererTest, org.apache.commons.math3.stat.correlation.CovarianceTest, org.apache.commons.math3.stat.correlation.PearsonsCorrelationTest, org.apache.commons.math3.stat.correlation.SpearmansRankCorrelationTest, org.apache.commons.math3.stat.correlation.StorelessCovarianceTest, org.apache.commons.math3.stat.data.LewTest, org.apache.commons.math3.stat.data.LotteryTest, org.apache.commons.math3.stat.descriptive.AbstractUnivariateStatisticTest, org.apache.commons.math3.stat.descriptive.AggregateSummaryStatisticsTest, org.apache.commons.math3.stat.descriptive.DescriptiveStatisticsTest, org.apache.commons.math3.stat.descriptive.ListUnivariateImplTest, org.apache.commons.math3.stat.descriptive.MixedListUnivariateImplTest, org.apache.commons.math3.stat.descriptive.MultivariateSummaryStatisticsTest, org.apache.commons.math3.stat.descriptive.StatisticalSummaryValuesTest, org.apache.commons.math3.stat.descriptive.SummaryStatisticsTest, org.apache.commons.math3.stat.descriptive.SynchronizedDescriptiveStatisticsTest, org.apache.commons.math3.stat.descriptive.SynchronizedMultivariateSummaryStatisticsTest, org.apache.commons.math3.stat.descriptive.SynchronizedSummaryStatisticsTest, org.apache.commons.math3.stat.descriptive.moment.FirstMomentTest, org.apache.commons.math3.stat.descriptive.moment.FourthMomentTest, org.apache.commons.math3.stat.descriptive.moment.GeometricMeanTest, org.apache.commons.math3.stat.descriptive.moment.InteractionTest, org.apache.commons.math3.stat.descriptive.moment.KurtosisTest, org.apache.commons.math3.stat.descriptive.moment.MeanTest, org.apache.commons.math3.stat.descriptive.moment.SecondMomentTest, org.apache.commons.math3.stat.descriptive.moment.SemiVarianceTest, org.apache.commons.math3.stat.descriptive.moment.SkewnessTest, org.apache.commons.math3.stat.descriptive.moment.StandardDeviationTest, org.apache.commons.math3.stat.descriptive.moment.ThirdMomentTest, org.apache.commons.math3.stat.descriptive.moment.VarianceTest, org.apache.commons.math3.stat.descriptive.moment.VectorialCovarianceTest, org.apache.commons.math3.stat.descriptive.moment.VectorialMeanTest, org.apache.commons.math3.stat.descriptive.rank.MaxTest, org.apache.commons.math3.stat.descriptive.rank.MedianTest, org.apache.commons.math3.stat.descriptive.rank.MinTest, org.apache.commons.math3.stat.descriptive.rank.PercentileTest, org.apache.commons.math3.stat.descriptive.summary.ProductTest, org.apache.commons.math3.stat.descriptive.summary.SumLogTest, org.apache.commons.math3.stat.descriptive.summary.SumSqTest, org.apache.commons.math3.stat.descriptive.summary.SumTest, org.apache.commons.math3.stat.inference.ChiSquareTestTest, org.apache.commons.math3.stat.inference.MannWhitneyUTestTest, org.apache.commons.math3.stat.inference.OneWayAnovaTest, org.apache.commons.math3.stat.inference.TTestTest, org.apache.commons.math3.stat.inference.TestUtilsTest, org.apache.commons.math3.stat.inference.WilcoxonSignedRankTestTest, org.apache.commons.math3.stat.ranking.NaturalRankingTest, org.apache.commons.math3.stat.regression.GLSMultipleLinearRegressionTest, org.apache.commons.math3.stat.regression.MillerUpdatingRegressionTest, org.apache.commons.math3.stat.regression.OLSMultipleLinearRegressionTest, org.apache.commons.math3.stat.regression.SimpleRegressionTest, org.apache.commons.math3.transform.FastCosineTransformerTest, org.apache.commons.math3.transform.FastFourierTransformerTest, org.apache.commons.math3.transform.FastHadamardTransformerTest, org.apache.commons.math3.transform.FastSineTransformerTest, org.apache.commons.math3.util.ArithmeticUtilsTest, org.apache.commons.math3.util.BigRealFieldTest, org.apache.commons.math3.util.BigRealTest, org.apache.commons.math3.util.ContinuedFractionTest, org.apache.commons.math3.util.Decimal64Test, org.apache.commons.math3.util.DefaultTransformerTest, org.apache.commons.math3.util.FastMathStrictComparisonTest, org.apache.commons.math3.util.FastMathTest, org.apache.commons.math3.util.FastMathTestPerformance, org.apache.commons.math3.util.IncrementorTest, org.apache.commons.math3.util.MathArraysTest, org.apache.commons.math3.util.MathUtilsTest, org.apache.commons.math3.util.MultidimensionalCounterTest, org.apache.commons.math3.util.OpenIntToDoubleHashMapTest, org.apache.commons.math3.util.OpenIntToFieldTest, org.apache.commons.math3.util.PairTest, org.apache.commons.math3.util.PrecisionTest, org.apache.commons.math3.util.ResizableDoubleArrayTest, org.apache.commons.math3.util.TransformerMapTest]
16:58:43.610 [main] INFO  fr.inria.lille.repair.nopol.NoPol - Config: Config{synthesisDepth=3, collectStaticMethods=true, collectStaticFields=false, collectLiterals=false, onlyOneSynthesisResult=true, sortExpressions=true, maxLineInvocationPerTest=250, timeoutMethodInvocation=2000, dataCollectionTimeoutInSecondForSynthesis=900, addWeight=0.19478, subWeight=0.04554, mulWeight=0.0102, divWeight=0.00613, andWeight=0.10597, orWeight=0.05708, eqWeight=0.22798, nEqWeight=0.0, lessEqWeight=0.0255, lessWeight=0.0947, methodCallWeight=0.1, fieldAccessWeight=0.08099, constantWeight=0.14232, variableWeight=0.05195, mode=REPAIR, type=PRE_THEN_COND, synthesis=DYNAMOTH, oracle=ANGELIC, solver=Z3, solverPath='/home/tdurieux/defects4j4repair/script/../libs/z3/build/z3', projectSources=[src/main/java], projectClasspath='[Ljava.net.URL;@2ff4f00f', projectTests=[org.apache.commons.math3.RetryRunnerTest, org.apache.commons.math3.analysis.FunctionUtilsTest, org.apache.commons.math3.analysis.function.GaussianTest, org.apache.commons.math3.analysis.function.HarmonicOscillatorTest, org.apache.commons.math3.analysis.function.LogisticTest, org.apache.commons.math3.analysis.function.LogitTest, org.apache.commons.math3.analysis.function.SigmoidTest, org.apache.commons.math3.analysis.function.SincTest, org.apache.commons.math3.analysis.function.SqrtTest, org.apache.commons.math3.analysis.function.StepFunctionTest, org.apache.commons.math3.analysis.integration.LegendreGaussIntegratorTest, org.apache.commons.math3.analysis.integration.RombergIntegratorTest, org.apache.commons.math3.analysis.integration.SimpsonIntegratorTest, org.apache.commons.math3.analysis.integration.TrapezoidIntegratorTest, org.apache.commons.math3.analysis.interpolation.BicubicSplineInterpolatingFunctionTest, org.apache.commons.math3.analysis.interpolation.BicubicSplineInterpolatorTest, org.apache.commons.math3.analysis.interpolation.DividedDifferenceInterpolatorTest, org.apache.commons.math3.analysis.interpolation.LinearInterpolatorTest, org.apache.commons.math3.analysis.interpolation.LoessInterpolatorTest, org.apache.commons.math3.analysis.interpolation.MicrosphereInterpolatorTest, org.apache.commons.math3.analysis.interpolation.NevilleInterpolatorTest, org.apache.commons.math3.analysis.interpolation.SmoothingPolynomialBicubicSplineInterpolatorTest, org.apache.commons.math3.analysis.interpolation.SplineInterpolatorTest, org.apache.commons.math3.analysis.interpolation.TricubicSplineInterpolatingFunctionTest, org.apache.commons.math3.analysis.interpolation.TricubicSplineInterpolatorTest, org.apache.commons.math3.analysis.interpolation.UnivariatePeriodicInterpolatorTest, org.apache.commons.math3.analysis.polynomials.PolynomialFunctionLagrangeFormTest, org.apache.commons.math3.analysis.polynomials.PolynomialFunctionNewtonFormTest, org.apache.commons.math3.analysis.polynomials.PolynomialFunctionTest, org.apache.commons.math3.analysis.polynomials.PolynomialSplineFunctionTest, org.apache.commons.math3.analysis.polynomials.PolynomialsUtilsTest, org.apache.commons.math3.analysis.solvers.BisectionSolverTest, org.apache.commons.math3.analysis.solvers.BracketingNthOrderBrentSolverTest, org.apache.commons.math3.analysis.solvers.BrentSolverTest, org.apache.commons.math3.analysis.solvers.IllinoisSolverTest, org.apache.commons.math3.analysis.solvers.LaguerreSolverTest, org.apache.commons.math3.analysis.solvers.MullerSolver2Test, org.apache.commons.math3.analysis.solvers.MullerSolverTest, org.apache.commons.math3.analysis.solvers.NewtonSolverTest, org.apache.commons.math3.analysis.solvers.PegasusSolverTest, org.apache.commons.math3.analysis.solvers.RegulaFalsiSolverTest, org.apache.commons.math3.analysis.solvers.RiddersSolverTest, org.apache.commons.math3.analysis.solvers.SecantSolverTest, org.apache.commons.math3.analysis.solvers.UnivariateSolverUtilsTest, org.apache.commons.math3.complex.ComplexFieldTest, org.apache.commons.math3.complex.ComplexFormatTest, org.apache.commons.math3.complex.ComplexTest, org.apache.commons.math3.complex.ComplexUtilsTest, org.apache.commons.math3.complex.FrenchComplexFormatTest, org.apache.commons.math3.complex.RootsOfUnityTest, org.apache.commons.math3.dfp.BracketingNthOrderBrentSolverDFPTest, org.apache.commons.math3.dfp.DfpDecTest, org.apache.commons.math3.dfp.DfpMathTest, org.apache.commons.math3.dfp.DfpTest, org.apache.commons.math3.distribution.AbstractRealDistributionTest, org.apache.commons.math3.distribution.AbtractIntegerDistributionTest, org.apache.commons.math3.distribution.BetaDistributionTest, org.apache.commons.math3.distribution.BinomialDistributionTest, org.apache.commons.math3.distribution.CauchyDistributionTest, org.apache.commons.math3.distribution.ChiSquaredDistributionTest, org.apache.commons.math3.distribution.ExponentialDistributionTest, org.apache.commons.math3.distribution.FDistributionTest, org.apache.commons.math3.distribution.GammaDistributionTest, org.apache.commons.math3.distribution.HypergeometricDistributionTest, org.apache.commons.math3.distribution.KolmogorovSmirnovDistributionTest, org.apache.commons.math3.distribution.LogNormalDistributionTest, org.apache.commons.math3.distribution.NormalDistributionTest, org.apache.commons.math3.distribution.PascalDistributionTest, org.apache.commons.math3.distribution.PoissonDistributionTest, org.apache.commons.math3.distribution.TDistributionTest, org.apache.commons.math3.distribution.TriangularDistributionTest, org.apache.commons.math3.distribution.UniformIntegerDistributionTest, org.apache.commons.math3.distribution.UniformRealDistributionTest, org.apache.commons.math3.distribution.WeibullDistributionTest, org.apache.commons.math3.distribution.ZipfDistributionTest, org.apache.commons.math3.exception.DimensionMismatchExceptionTest, org.apache.commons.math3.exception.MaxCountExceededExceptionTest, org.apache.commons.math3.exception.NonMonotonicSequenceExceptionTest, org.apache.commons.math3.exception.NotPositiveExceptionTest, org.apache.commons.math3.exception.NotStrictlyPositiveExceptionTest, org.apache.commons.math3.exception.NumberIsTooLargeExceptionTest, org.apache.commons.math3.exception.NumberIsTooSmallExceptionTest, org.apache.commons.math3.exception.OutOfRangeExceptionTest, org.apache.commons.math3.exception.TooManyEvaluationsExceptionTest, org.apache.commons.math3.exception.util.ArgUtilsTest, org.apache.commons.math3.exception.util.ExceptionContextTest, org.apache.commons.math3.exception.util.LocalizedFormatsTest, org.apache.commons.math3.filter.KalmanFilterTest, org.apache.commons.math3.fraction.BigFractionFieldTest, org.apache.commons.math3.fraction.BigFractionFormatTest, org.apache.commons.math3.fraction.BigFractionTest, org.apache.commons.math3.fraction.FractionFieldTest, org.apache.commons.math3.fraction.FractionFormatTest, org.apache.commons.math3.fraction.FractionTest, org.apache.commons.math3.genetics.BinaryChromosomeTest, org.apache.commons.math3.genetics.BinaryMutationTest, org.apache.commons.math3.genetics.ChromosomeTest, org.apache.commons.math3.genetics.ElitisticListPopulationTest, org.apache.commons.math3.genetics.FitnessCachingTest, org.apache.commons.math3.genetics.FixedElapsedTimeTest, org.apache.commons.math3.genetics.FixedGenerationCountTest, org.apache.commons.math3.genetics.GeneticAlgorithmTestBinary, org.apache.commons.math3.genetics.GeneticAlgorithmTestPermutations, org.apache.commons.math3.genetics.ListPopulationTest, org.apache.commons.math3.genetics.OnePointCrossoverTest, org.apache.commons.math3.genetics.RandomKeyMutationTest, org.apache.commons.math3.genetics.RandomKeyTest, org.apache.commons.math3.genetics.TournamentSelectionTest, org.apache.commons.math3.geometry.euclidean.oned.IntervalsSetTest, org.apache.commons.math3.geometry.euclidean.threed.FrenchVector3DFormatTest, org.apache.commons.math3.geometry.euclidean.threed.LineTest, org.apache.commons.math3.geometry.euclidean.threed.PlaneTest, org.apache.commons.math3.geometry.euclidean.threed.PolyhedronsSetTest, org.apache.commons.math3.geometry.euclidean.threed.RotationOrderTest, org.apache.commons.math3.geometry.euclidean.threed.RotationTest, org.apache.commons.math3.geometry.euclidean.threed.SubLineTest, org.apache.commons.math3.geometry.euclidean.threed.Vector3DFormatTest, org.apache.commons.math3.geometry.euclidean.threed.Vector3DTest, org.apache.commons.math3.geometry.euclidean.twod.LineTest, org.apache.commons.math3.geometry.euclidean.twod.PolygonsSetTest, org.apache.commons.math3.geometry.euclidean.twod.SubLineTest, org.apache.commons.math3.geometry.partitioning.utilities.AVLTreeTest, org.apache.commons.math3.linear.Array2DRowRealMatrixTest, org.apache.commons.math3.linear.ArrayFieldVectorTest, org.apache.commons.math3.linear.ArrayRealVectorTest, org.apache.commons.math3.linear.BiDiagonalTransformerTest, org.apache.commons.math3.linear.BlockFieldMatrixTest, org.apache.commons.math3.linear.BlockRealMatrixTest, org.apache.commons.math3.linear.CholeskyDecompositionTest, org.apache.commons.math3.linear.CholeskySolverTest, org.apache.commons.math3.linear.ConjugateGradientTest, org.apache.commons.math3.linear.EigenDecompositionTest, org.apache.commons.math3.linear.EigenSolverTest, org.apache.commons.math3.linear.FieldLUDecompositionTest, org.apache.commons.math3.linear.FieldLUSolverTest, org.apache.commons.math3.linear.FieldMatrixImplTest, org.apache.commons.math3.linear.FrenchRealVectorFormatTest, org.apache.commons.math3.linear.LUDecompositionTest, org.apache.commons.math3.linear.LUSolverTest, org.apache.commons.math3.linear.MatrixDimensionMismatchExceptionTest, org.apache.commons.math3.linear.MatrixUtilsTest, org.apache.commons.math3.linear.OpenMapRealMatrixTest, org.apache.commons.math3.linear.QRDecompositionTest, org.apache.commons.math3.linear.QRSolverTest, org.apache.commons.math3.linear.RealVectorFormatTest, org.apache.commons.math3.linear.RealVectorTest, org.apache.commons.math3.linear.SingularValueDecompositionTest, org.apache.commons.math3.linear.SingularValueSolverTest, org.apache.commons.math3.linear.SparseFieldMatrixTest, org.apache.commons.math3.linear.SparseFieldVectorTest, org.apache.commons.math3.linear.SparseRealMatrixTest, org.apache.commons.math3.linear.SparseRealVectorTest, org.apache.commons.math3.linear.SymmLQTest, org.apache.commons.math3.linear.TriDiagonalTransformerTest, org.apache.commons.math3.linear.UnmodifiableArrayRealVectorTest, org.apache.commons.math3.linear.UnmodifiableOpenMapRealVectorTest, org.apache.commons.math3.ode.ContinuousOutputModelTest, org.apache.commons.math3.ode.FirstOrderConverterTest, org.apache.commons.math3.ode.JacobianMatricesTest, org.apache.commons.math3.ode.events.EventStateTest, org.apache.commons.math3.ode.events.OverlappingEventsTest, org.apache.commons.math3.ode.events.ReappearingEventTest, org.apache.commons.math3.ode.nonstiff.AdamsBashforthIntegratorTest, org.apache.commons.math3.ode.nonstiff.AdamsMoultonIntegratorTest, org.apache.commons.math3.ode.nonstiff.ClassicalRungeKuttaIntegratorTest, org.apache.commons.math3.ode.nonstiff.ClassicalRungeKuttaStepInterpolatorTest, org.apache.commons.math3.ode.nonstiff.DormandPrince54IntegratorTest, org.apache.commons.math3.ode.nonstiff.DormandPrince54StepInterpolatorTest, org.apache.commons.math3.ode.nonstiff.DormandPrince853IntegratorTest, org.apache.commons.math3.ode.nonstiff.DormandPrince853StepInterpolatorTest, org.apache.commons.math3.ode.nonstiff.EulerIntegratorTest, org.apache.commons.math3.ode.nonstiff.EulerStepInterpolatorTest, org.apache.commons.math3.ode.nonstiff.GillIntegratorTest, org.apache.commons.math3.ode.nonstiff.GillStepInterpolatorTest, org.apache.commons.math3.ode.nonstiff.GraggBulirschStoerIntegratorTest, org.apache.commons.math3.ode.nonstiff.GraggBulirschStoerStepInterpolatorTest, org.apache.commons.math3.ode.nonstiff.HighamHall54IntegratorTest, org.apache.commons.math3.ode.nonstiff.HighamHall54StepInterpolatorTest, org.apache.commons.math3.ode.nonstiff.MidpointIntegratorTest, org.apache.commons.math3.ode.nonstiff.MidpointStepInterpolatorTest, org.apache.commons.math3.ode.nonstiff.ThreeEighthesIntegratorTest, org.apache.commons.math3.ode.nonstiff.ThreeEighthesStepInterpolatorTest, org.apache.commons.math3.ode.sampling.DummyStepInterpolatorTest, org.apache.commons.math3.ode.sampling.NordsieckStepInterpolatorTest, org.apache.commons.math3.ode.sampling.StepNormalizerOutputOverlapTest, org.apache.commons.math3.ode.sampling.StepNormalizerOutputTest, org.apache.commons.math3.ode.sampling.StepNormalizerTest, org.apache.commons.math3.optimization.DifferentiableMultivariateMultiStartOptimizerTest, org.apache.commons.math3.optimization.DifferentiableMultivariateVectorMultiStartOptimizerTest, org.apache.commons.math3.optimization.MultivariateMultiStartOptimizerTest, org.apache.commons.math3.optimization.direct.BOBYQAOptimizerTest, org.apache.commons.math3.optimization.direct.CMAESOptimizerTest, org.apache.commons.math3.optimization.direct.MultivariateFunctionMappingAdapterTest, org.apache.commons.math3.optimization.direct.MultivariateFunctionPenaltyAdapterTest, org.apache.commons.math3.optimization.direct.PowellOptimizerTest, org.apache.commons.math3.optimization.direct.SimplexOptimizerMultiDirectionalTest, org.apache.commons.math3.optimization.direct.SimplexOptimizerNelderMeadTest, org.apache.commons.math3.optimization.fitting.CurveFitterTest, org.apache.commons.math3.optimization.fitting.GaussianFitterTest, org.apache.commons.math3.optimization.fitting.HarmonicFitterTest, org.apache.commons.math3.optimization.fitting.PolynomialFitterTest, org.apache.commons.math3.optimization.general.GaussNewtonOptimizerTest, org.apache.commons.math3.optimization.general.LevenbergMarquardtOptimizerTest, org.apache.commons.math3.optimization.general.MinpackTest, org.apache.commons.math3.optimization.general.NonLinearConjugateGradientOptimizerTest, org.apache.commons.math3.optimization.linear.SimplexSolverTest, org.apache.commons.math3.optimization.linear.SimplexTableauTest, org.apache.commons.math3.optimization.univariate.BracketFinderTest, org.apache.commons.math3.optimization.univariate.BrentOptimizerTest, org.apache.commons.math3.optimization.univariate.UnivariateMultiStartOptimizerTest, org.apache.commons.math3.random.AbstractRandomGeneratorTest, org.apache.commons.math3.random.BitsStreamGeneratorTest, org.apache.commons.math3.random.CorrelatedRandomVectorGeneratorTest, org.apache.commons.math3.random.EmpiricalDistributionTest, org.apache.commons.math3.random.GaussianRandomGeneratorTest, org.apache.commons.math3.random.ISAACTest, org.apache.commons.math3.random.MersenneTwisterTest, org.apache.commons.math3.random.RandomAdaptorTest, org.apache.commons.math3.random.RandomDataTest, org.apache.commons.math3.random.RandomGeneratorAbstractTest, org.apache.commons.math3.random.StableRandomGeneratorTest, org.apache.commons.math3.random.UncorrelatedRandomVectorGeneratorTest, org.apache.commons.math3.random.UniformRandomGeneratorTest, org.apache.commons.math3.random.ValueServerTest, org.apache.commons.math3.random.Well1024aTest, org.apache.commons.math3.random.Well19937aTest, org.apache.commons.math3.random.Well19937cTest, org.apache.commons.math3.random.Well44497aTest, org.apache.commons.math3.random.Well44497bTest, org.apache.commons.math3.random.Well512aTest, org.apache.commons.math3.special.BetaTest, org.apache.commons.math3.special.ErfTest, org.apache.commons.math3.special.GammaTest, org.apache.commons.math3.stat.CertifiedDataTest, org.apache.commons.math3.stat.FrequencyTest, org.apache.commons.math3.stat.StatUtilsTest, org.apache.commons.math3.stat.clustering.EuclideanIntegerPointTest, org.apache.commons.math3.stat.clustering.KMeansPlusPlusClustererTest, org.apache.commons.math3.stat.correlation.CovarianceTest, org.apache.commons.math3.stat.correlation.PearsonsCorrelationTest, org.apache.commons.math3.stat.correlation.SpearmansRankCorrelationTest, org.apache.commons.math3.stat.correlation.StorelessCovarianceTest, org.apache.commons.math3.stat.data.LewTest, org.apache.commons.math3.stat.data.LotteryTest, org.apache.commons.math3.stat.descriptive.AbstractUnivariateStatisticTest, org.apache.commons.math3.stat.descriptive.AggregateSummaryStatisticsTest, org.apache.commons.math3.stat.descriptive.DescriptiveStatisticsTest, org.apache.commons.math3.stat.descriptive.ListUnivariateImplTest, org.apache.commons.math3.stat.descriptive.MixedListUnivariateImplTest, org.apache.commons.math3.stat.descriptive.MultivariateSummaryStatisticsTest, org.apache.commons.math3.stat.descriptive.StatisticalSummaryValuesTest, org.apache.commons.math3.stat.descriptive.SummaryStatisticsTest, org.apache.commons.math3.stat.descriptive.SynchronizedDescriptiveStatisticsTest, org.apache.commons.math3.stat.descriptive.SynchronizedMultivariateSummaryStatisticsTest, org.apache.commons.math3.stat.descriptive.SynchronizedSummaryStatisticsTest, org.apache.commons.math3.stat.descriptive.moment.FirstMomentTest, org.apache.commons.math3.stat.descriptive.moment.FourthMomentTest, org.apache.commons.math3.stat.descriptive.moment.GeometricMeanTest, org.apache.commons.math3.stat.descriptive.moment.InteractionTest, org.apache.commons.math3.stat.descriptive.moment.KurtosisTest, org.apache.commons.math3.stat.descriptive.moment.MeanTest, org.apache.commons.math3.stat.descriptive.moment.SecondMomentTest, org.apache.commons.math3.stat.descriptive.moment.SemiVarianceTest, org.apache.commons.math3.stat.descriptive.moment.SkewnessTest, org.apache.commons.math3.stat.descriptive.moment.StandardDeviationTest, org.apache.commons.math3.stat.descriptive.moment.ThirdMomentTest, org.apache.commons.math3.stat.descriptive.moment.VarianceTest, org.apache.commons.math3.stat.descriptive.moment.VectorialCovarianceTest, org.apache.commons.math3.stat.descriptive.moment.VectorialMeanTest, org.apache.commons.math3.stat.descriptive.rank.MaxTest, org.apache.commons.math3.stat.descriptive.rank.MedianTest, org.apache.commons.math3.stat.descriptive.rank.MinTest, org.apache.commons.math3.stat.descriptive.rank.PercentileTest, org.apache.commons.math3.stat.descriptive.summary.ProductTest, org.apache.commons.math3.stat.descriptive.summary.SumLogTest, org.apache.commons.math3.stat.descriptive.summary.SumSqTest, org.apache.commons.math3.stat.descriptive.summary.SumTest, org.apache.commons.math3.stat.inference.ChiSquareTestTest, org.apache.commons.math3.stat.inference.MannWhitneyUTestTest, org.apache.commons.math3.stat.inference.OneWayAnovaTest, org.apache.commons.math3.stat.inference.TTestTest, org.apache.commons.math3.stat.inference.TestUtilsTest, org.apache.commons.math3.stat.inference.WilcoxonSignedRankTestTest, org.apache.commons.math3.stat.ranking.NaturalRankingTest, org.apache.commons.math3.stat.regression.GLSMultipleLinearRegressionTest, org.apache.commons.math3.stat.regression.MillerUpdatingRegressionTest, org.apache.commons.math3.stat.regression.OLSMultipleLinearRegressionTest, org.apache.commons.math3.stat.regression.SimpleRegressionTest, org.apache.commons.math3.transform.FastCosineTransformerTest, org.apache.commons.math3.transform.FastFourierTransformerTest, org.apache.commons.math3.transform.FastHadamardTransformerTest, org.apache.commons.math3.transform.FastSineTransformerTest, org.apache.commons.math3.util.ArithmeticUtilsTest, org.apache.commons.math3.util.BigRealFieldTest, org.apache.commons.math3.util.BigRealTest, org.apache.commons.math3.util.ContinuedFractionTest, org.apache.commons.math3.util.Decimal64Test, org.apache.commons.math3.util.DefaultTransformerTest, org.apache.commons.math3.util.FastMathStrictComparisonTest, org.apache.commons.math3.util.FastMathTest, org.apache.commons.math3.util.FastMathTestPerformance, org.apache.commons.math3.util.IncrementorTest, org.apache.commons.math3.util.MathArraysTest, org.apache.commons.math3.util.MathUtilsTest, org.apache.commons.math3.util.MultidimensionalCounterTest, org.apache.commons.math3.util.OpenIntToDoubleHashMapTest, org.apache.commons.math3.util.OpenIntToFieldTest, org.apache.commons.math3.util.PairTest, org.apache.commons.math3.util.PrecisionTest, org.apache.commons.math3.util.ResizableDoubleArrayTest, org.apache.commons.math3.util.TransformerMapTest], complianceLevel=7, outputFolder=., json=true}
16:58:43.610 [main] INFO  fr.inria.lille.repair.nopol.NoPol - Available processors (cores): 24
16:58:43.616 [main] INFO  fr.inria.lille.repair.nopol.NoPol - Free memory: 414 MB
16:58:43.616 [main] INFO  fr.inria.lille.repair.nopol.NoPol - Maximum memory: 3 GB
16:58:43.616 [main] INFO  fr.inria.lille.repair.nopol.NoPol - Total memory available to JVM: 483 MB
16:58:43.617 [main] INFO  fr.inria.lille.repair.nopol.NoPol - Java version: 1.8.0_181
16:58:43.618 [main] INFO  fr.inria.lille.repair.nopol.NoPol - JAVA_HOME: /usr/lib/jvm/java-1.8.0-openjdk-amd64/bin/
16:58:43.618 [main] INFO  fr.inria.lille.repair.nopol.NoPol - PATH: /usr/lib/jvm/java-1.8.0-openjdk-amd64/bin/:/usr/lib/oar/oardodo:/usr/lib/oar/oardodo:/usr/local/bin:/usr/bin:/bin:/usr/games
17:06:50.965 [pool-2-thread-1] DEBUG fr.inria.lille.repair.nopol.NoPol - statement #1
17:06:50.966 [pool-2-thread-1] DEBUG fr.inria.lille.repair.nopol.NoPol - Analysing SourceLocation org.apache.commons.math3.optimization.direct.BOBYQAOptimizer:1164 which is executed by 4 tests
283261218
17:06:51.432 [pool-2-thread-1] DEBUG fr.inria.lille.repair.nopol.NoPol - looking with class fr.inria.lille.repair.nopol.spoon.smt.ConditionalAdder
java.lang.AssertionError: expected:<0.0> but was:<1.047765607609108E-8>
    at org.junit.Assert.fail(Assert.java:88)
    at org.junit.Assert.failNotEquals(Assert.java:743)
    at org.junit.Assert.assertEquals(Assert.java:494)
    at org.apache.commons.math3.optimization.direct.BOBYQAOptimizerTest.doTest(BOBYQAOptimizerTest.java:326)
    at org.apache.commons.math3.optimization.direct.BOBYQAOptimizerTest.doTest(BOBYQAOptimizerTest.java:276)
    at org.apache.commons.math3.optimization.direct.BOBYQAOptimizerTest.testAckley(BOBYQAOptimizerTest.java:205)
org.apache.commons.math3.exception.TooManyEvaluationsException: illegal state: maximal count (12,000) exceeded: evaluations
    at org.apache.commons.math3.optimization.direct.BaseAbstractMultivariateOptimizer.computeObjectiveValue(BaseAbstractMultivariateOptimizer.java:96)
    at org.apache.commons.math3.optimization.direct.BOBYQAOptimizer.bobyqb(BOBYQAOptimizer.java:827)
    at org.apache.commons.math3.optimization.direct.BOBYQAOptimizer.bobyqa(BOBYQAOptimizer.java:333)
    at org.apache.commons.math3.optimization.direct.BOBYQAOptimizer.doOptimize(BOBYQAOptimizer.java:245)
    at org.apache.commons.math3.optimization.direct.BaseAbstractMultivariateOptimizer.optimize(BaseAbstractMultivariateOptimizer.java:125)
    at org.apache.commons.math3.optimization.direct.BaseAbstractMultivariateSimpleBoundsOptimizer.optimize(BaseAbstractMultivariateSimpleBoundsOptimizer.java:138)
java.lang.AssertionError: expected:<0.0> but was:<1.047765607609108E-8>
    at org.junit.Assert.fail(Assert.java:88)
    at org.junit.Assert.failNotEquals(Assert.java:743)
    at org.junit.Assert.assertEquals(Assert.java:494)
    at org.apache.commons.math3.optimization.direct.BOBYQAOptimizerTest.doTest(BOBYQAOptimizerTest.java:326)
    at org.apache.commons.math3.optimization.direct.BOBYQAOptimizerTest.doTest(BOBYQAOptimizerTest.java:276)
    at org.apache.commons.math3.optimization.direct.BOBYQAOptimizerTest.testAckley(BOBYQAOptimizerTest.java:205)
org.apache.commons.math3.exception.TooManyEvaluationsException: illegal state: maximal count (12,000) exceeded: evaluations
    at org.apache.commons.math3.optimization.direct.BaseAbstractMultivariateOptimizer.computeObjectiveValue(BaseAbstractMultivariateOptimizer.java:96)
    at org.apache.commons.math3.optimization.direct.BOBYQAOptimizer.bobyqb(BOBYQAOptimizer.java:827)
    at org.apache.commons.math3.optimization.direct.BOBYQAOptimizer.bobyqa(BOBYQAOptimizer.java:333)
    at org.apache.commons.math3.optimization.direct.BOBYQAOptimizer.doOptimize(BOBYQAOptimizer.java:245)
    at org.apache.commons.math3.optimization.direct.BaseAbstractMultivariateOptimizer.optimize(BaseAbstractMultivariateOptimizer.java:125)
    at org.apache.commons.math3.optimization.direct.BaseAbstractMultivariateSimpleBoundsOptimizer.optimize(BaseAbstractMultivariateSimpleBoundsOptimizer.java:138)
17:07:35.031 [pool-4-thread-1] INFO  xxl.java.junit.TestCasesListener - Tests run finished (43562 ms)
<> Total tests run: 38
<> Ignored tests: 0
<> Failed tests: 4
~ testAckley(org.apache.commons.math3.optimization.direct.BOBYQAOptimizerTest)
[expected:<0.0> but was:<1.047765607609108E-8>]
java.lang.AssertionError: expected:<0.0> but was:<1.047765607609108E-8>    at org.junit.Assert.fail(Assert.java:88)
    at org.junit.Assert.failNotEquals(Assert.java:743)
    at org.junit.Assert.assertEquals(Assert.java:494)
    at org.apache.commons.math3.optimization.direct.BOBYQAOptimizerTest.doTest(BOBYQAOptimizerTest.java:326)
    at org.apache.commons.math3.optimization.direct.BOBYQAOptimizerTest.doTest(BOBYQAOptimizerTest.java:276)
    at org.apache.commons.math3.optimization.direct.BOBYQAOptimizerTest.testAckley(BOBYQAOptimizerTest.java:205)
~ testDiffPow(org.apache.commons.math3.optimization.direct.BOBYQAOptimizerTest)
[illegal state: maximal count (12,000) exceeded: evaluations]
org.apache.commons.math3.exception.TooManyEvaluationsException: illegal state: maximal count (12,000) exceeded: evaluations    at org.apache.commons.math3.optimization.direct.BaseAbstractMultivariateOptimizer.computeObjectiveValue(BaseAbstractMultivariateOptimizer.java:96)
    at org.apache.commons.math3.optimization.direct.BOBYQAOptimizer.bobyqb(BOBYQAOptimizer.java:827)
    at org.apache.commons.math3.optimization.direct.BOBYQAOptimizer.bobyqa(BOBYQAOptimizer.java:333)
    at org.apache.commons.math3.optimization.direct.BOBYQAOptimizer.doOptimize(BOBYQAOptimizer.java:245)
    at org.apache.commons.math3.optimization.direct.BaseAbstractMultivariateOptimizer.optimize(BaseAbstractMultivariateOptimizer.java:125)
    at org.apache.commons.math3.optimization.direct.BaseAbstractMultivariateSimpleBoundsOptimizer.optimize(BaseAbstractMultivariateSimpleBoundsOptimizer.java:138)
~ testAckley(org.apache.commons.math3.optimization.direct.BOBYQAOptimizerTest)
[expected:<0.0> but was:<1.047765607609108E-8>]
java.lang.AssertionError: expected:<0.0> but was:<1.047765607609108E-8>    at org.junit.Assert.fail(Assert.java:88)
    at org.junit.Assert.failNotEquals(Assert.java:743)
    at org.junit.Assert.assertEquals(Assert.java:494)
    at org.apache.commons.math3.optimization.direct.BOBYQAOptimizerTest.doTest(BOBYQAOptimizerTest.java:326)
    at org.apache.commons.math3.optimization.direct.BOBYQAOptimizerTest.doTest(BOBYQAOptimizerTest.java:276)
    at org.apache.commons.math3.optimization.direct.BOBYQAOptimizerTest.testAckley(BOBYQAOptimizerTest.java:205)
~ testDiffPow(org.apache.commons.math3.optimization.direct.BOBYQAOptimizerTest)
[illegal state: maximal count (12,000) exceeded: evaluations]
org.apache.commons.math3.exception.TooManyEvaluationsException: illegal state: maximal count (12,000) exceeded: evaluations    at org.apache.commons.math3.optimization.direct.BaseAbstractMultivariateOptimizer.computeObjectiveValue(BaseAbstractMultivariateOptimizer.java:96)
    at org.apache.commons.math3.optimization.direct.BOBYQAOptimizer.bobyqb(BOBYQAOptimizer.java:827)
    at org.apache.commons.math3.optimization.direct.BOBYQAOptimizer.bobyqa(BOBYQAOptimizer.java:333)
    at org.apache.commons.math3.optimization.direct.BOBYQAOptimizer.doOptimize(BOBYQAOptimizer.java:245)
    at org.apache.commons.math3.optimization.direct.BaseAbstractMultivariateOptimizer.optimize(BaseAbstractMultivariateOptimizer.java:125)
    at org.apache.commons.math3.optimization.direct.BaseAbstractMultivariateSimpleBoundsOptimizer.optimize(BaseAbstractMultivariateSimpleBoundsOptimizer.java:138)

17:07:40.428 [pool-2-thread-1] DEBUG fr.inria.lille.repair.nopol.NoPol - statement #2
17:07:40.428 [pool-2-thread-1] DEBUG fr.inria.lille.repair.nopol.NoPol - Analysing SourceLocation org.apache.commons.math3.optimization.direct.BOBYQAOptimizer:2066 which is executed by 5 tests
283261218
17:07:40.613 [pool-2-thread-1] DEBUG fr.inria.lille.repair.nopol.NoPol - looking with class fr.inria.lille.repair.nopol.spoon.smt.ConditionalAdder
java.lang.AssertionError: expected:<0.0> but was:<1.047765607609108E-8>
    at org.junit.Assert.fail(Assert.java:88)
    at org.junit.Assert.failNotEquals(Assert.java:743)
    at org.junit.Assert.assertEquals(Assert.java:494)
    at org.apache.commons.math3.optimization.direct.BOBYQAOptimizerTest.doTest(BOBYQAOptimizerTest.java:326)
    at org.apache.commons.math3.optimization.direct.BOBYQAOptimizerTest.doTest(BOBYQAOptimizerTest.java:276)
    at org.apache.commons.math3.optimization.direct.BOBYQAOptimizerTest.testAckley(BOBYQAOptimizerTest.java:205)
org.apache.commons.math3.exception.TooManyEvaluationsException: illegal state: maximal count (12,000) exceeded: evaluations
    at org.apache.commons.math3.optimization.direct.BaseAbstractMultivariateOptimizer.computeObjectiveValue(BaseAbstractMultivariateOptimizer.java:96)
    at org.apache.commons.math3.optimization.direct.BOBYQAOptimizer.bobyqb(BOBYQAOptimizer.java:827)
    at org.apache.commons.math3.optimization.direct.BOBYQAOptimizer.bobyqa(BOBYQAOptimizer.java:333)
    at org.apache.commons.math3.optimization.direct.BOBYQAOptimizer.doOptimize(BOBYQAOptimizer.java:245)
    at org.apache.commons.math3.optimization.direct.BaseAbstractMultivariateOptimizer.optimize(BaseAbstractMultivariateOptimizer.java:125)
    at org.apache.commons.math3.optimization.direct.BaseAbstractMultivariateSimpleBoundsOptimizer.optimize(BaseAbstractMultivariateSimpleBoundsOptimizer.java:138)
java.lang.AssertionError: expected:<0.0> but was:<1.047765607609108E-8>
    at org.junit.Assert.fail(Assert.java:88)
    at org.junit.Assert.failNotEquals(Assert.java:743)
    at org.junit.Assert.assertEquals(Assert.java:494)
    at org.apache.commons.math3.optimization.direct.BOBYQAOptimizerTest.doTest(BOBYQAOptimizerTest.java:326)
    at org.apache.commons.math3.optimization.direct.BOBYQAOptimizerTest.doTest(BOBYQAOptimizerTest.java:276)
    at org.apache.commons.math3.optimization.direct.BOBYQAOptimizerTest.testAckley(BOBYQAOptimizerTest.java:205)
org.apache.commons.math3.exception.TooManyEvaluationsException: illegal state: maximal count (12,000) exceeded: evaluations
    at org.apache.commons.math3.optimization.direct.BaseAbstractMultivariateOptimizer.computeObjectiveValue(BaseAbstractMultivariateOptimizer.java:96)
    at org.apache.commons.math3.optimization.direct.BOBYQAOptimizer.bobyqb(BOBYQAOptimizer.java:827)
    at org.apache.commons.math3.optimization.direct.BOBYQAOptimizer.bobyqa(BOBYQAOptimizer.java:333)
    at org.apache.commons.math3.optimization.direct.BOBYQAOptimizer.doOptimize(BOBYQAOptimizer.java:245)
    at org.apache.commons.math3.optimization.direct.BaseAbstractMultivariateOptimizer.optimize(BaseAbstractMultivariateOptimizer.java:125)
    at org.apache.commons.math3.optimization.direct.BaseAbstractMultivariateSimpleBoundsOptimizer.optimize(BaseAbstractMultivariateSimpleBoundsOptimizer.java:138)
17:08:24.109 [pool-10-thread-1] INFO  xxl.java.junit.TestCasesListener - Tests run finished (43487 ms)
<> Total tests run: 38
<> Ignored tests: 0
<> Failed tests: 4
~ testAckley(org.apache.commons.math3.optimization.direct.BOBYQAOptimizerTest)
[expected:<0.0> but was:<1.047765607609108E-8>]
java.lang.AssertionError: expected:<0.0> but was:<1.047765607609108E-8>    at org.junit.Assert.fail(Assert.java:88)
    at org.junit.Assert.failNotEquals(Assert.java:743)
    at org.junit.Assert.assertEquals(Assert.java:494)
    at org.apache.commons.math3.optimization.direct.BOBYQAOptimizerTest.doTest(BOBYQAOptimizerTest.java:326)
    at org.apache.commons.math3.optimization.direct.BOBYQAOptimizerTest.doTest(BOBYQAOptimizerTest.java:276)
    at org.apache.commons.math3.optimization.direct.BOBYQAOptimizerTest.testAckley(BOBYQAOptimizerTest.java:205)
~ testDiffPow(org.apache.commons.math3.optimization.direct.BOBYQAOptimizerTest)
[illegal state: maximal count (12,000) exceeded: evaluations]
org.apache.commons.math3.exception.TooManyEvaluationsException: illegal state: maximal count (12,000) exceeded: evaluations    at org.apache.commons.math3.optimization.direct.BaseAbstractMultivariateOptimizer.computeObjectiveValue(BaseAbstractMultivariateOptimizer.java:96)
    at org.apache.commons.math3.optimization.direct.BOBYQAOptimizer.bobyqb(BOBYQAOptimizer.java:827)
    at org.apache.commons.math3.optimization.direct.BOBYQAOptimizer.bobyqa(BOBYQAOptimizer.java:333)
    at org.apache.commons.math3.optimization.direct.BOBYQAOptimizer.doOptimize(BOBYQAOptimizer.java:245)
    at org.apache.commons.math3.optimization.direct.BaseAbstractMultivariateOptimizer.optimize(BaseAbstractMultivariateOptimizer.java:125)
    at org.apache.commons.math3.optimization.direct.BaseAbstractMultivariateSimpleBoundsOptimizer.optimize(BaseAbstractMultivariateSimpleBoundsOptimizer.java:138)
~ testAckley(org.apache.commons.math3.optimization.direct.BOBYQAOptimizerTest)
[expected:<0.0> but was:<1.047765607609108E-8>]
java.lang.AssertionError: expected:<0.0> but was:<1.047765607609108E-8>    at org.junit.Assert.fail(Assert.java:88)
    at org.junit.Assert.failNotEquals(Assert.java:743)
    at org.junit.Assert.assertEquals(Assert.java:494)
    at org.apache.commons.math3.optimization.direct.BOBYQAOptimizerTest.doTest(BOBYQAOptimizerTest.java:326)
    at org.apache.commons.math3.optimization.direct.BOBYQAOptimizerTest.doTest(BOBYQAOptimizerTest.java:276)
    at org.apache.commons.math3.optimization.direct.BOBYQAOptimizerTest.testAckley(BOBYQAOptimizerTest.java:205)
~ testDiffPow(org.apache.commons.math3.optimization.direct.BOBYQAOptimizerTest)
[illegal state: maximal count (12,000) exceeded: evaluations]
org.apache.commons.math3.exception.TooManyEvaluationsException: illegal state: maximal count (12,000) exceeded: evaluations    at org.apache.commons.math3.optimization.direct.BaseAbstractMultivariateOptimizer.computeObjectiveValue(BaseAbstractMultivariateOptimizer.java:96)
    at org.apache.commons.math3.optimization.direct.BOBYQAOptimizer.bobyqb(BOBYQAOptimizer.java:827)
    at org.apache.commons.math3.optimization.direct.BOBYQAOptimizer.bobyqa(BOBYQAOptimizer.java:333)
    at org.apache.commons.math3.optimization.direct.BOBYQAOptimizer.doOptimize(BOBYQAOptimizer.java:245)
    at org.apache.commons.math3.optimization.direct.BaseAbstractMultivariateOptimizer.optimize(BaseAbstractMultivariateOptimizer.java:125)
    at org.apache.commons.math3.optimization.direct.BaseAbstractMultivariateSimpleBoundsOptimizer.optimize(BaseAbstractMultivariateSimpleBoundsOptimizer.java:138)

17:11:17.205 [pool-2-thread-1] DEBUG fr.inria.lille.repair.nopol.NoPol - statement #3
17:11:17.206 [pool-2-thread-1] DEBUG fr.inria.lille.repair.nopol.NoPol - Analysing SourceLocation org.apache.commons.math3.optimization.direct.BOBYQAOptimizer:880 which is executed by 7 tests
283261218
17:11:17.381 [pool-2-thread-1] DEBUG fr.inria.lille.repair.nopol.NoPol - looking with class fr.inria.lille.repair.nopol.spoon.smt.ConditionalAdder
java.lang.AssertionError: expected:<0.0> but was:<1.047765607609108E-8>
    at org.junit.Assert.fail(Assert.java:88)
    at org.junit.Assert.failNotEquals(Assert.java:743)
    at org.junit.Assert.assertEquals(Assert.java:494)
    at org.apache.commons.math3.optimization.direct.BOBYQAOptimizerTest.doTest(BOBYQAOptimizerTest.java:326)
    at org.apache.commons.math3.optimization.direct.BOBYQAOptimizerTest.doTest(BOBYQAOptimizerTest.java:276)
    at org.apache.commons.math3.optimization.direct.BOBYQAOptimizerTest.testAckley(BOBYQAOptimizerTest.java:205)
org.apache.commons.math3.exception.TooManyEvaluationsException: illegal state: maximal count (12,000) exceeded: evaluations
    at org.apache.commons.math3.optimization.direct.BaseAbstractMultivariateOptimizer.computeObjectiveValue(BaseAbstractMultivariateOptimizer.java:96)
    at org.apache.commons.math3.optimization.direct.BOBYQAOptimizer.bobyqb(BOBYQAOptimizer.java:827)
    at org.apache.commons.math3.optimization.direct.BOBYQAOptimizer.bobyqa(BOBYQAOptimizer.java:333)
    at org.apache.commons.math3.optimization.direct.BOBYQAOptimizer.doOptimize(BOBYQAOptimizer.java:245)
    at org.apache.commons.math3.optimization.direct.BaseAbstractMultivariateOptimizer.optimize(BaseAbstractMultivariateOptimizer.java:125)
    at org.apache.commons.math3.optimization.direct.BaseAbstractMultivariateSimpleBoundsOptimizer.optimize(BaseAbstractMultivariateSimpleBoundsOptimizer.java:138)
java.lang.AssertionError: expected:<0.0> but was:<1.047765607609108E-8>
    at org.junit.Assert.fail(Assert.java:88)
    at org.junit.Assert.failNotEquals(Assert.java:743)
    at org.junit.Assert.assertEquals(Assert.java:494)
    at org.apache.commons.math3.optimization.direct.BOBYQAOptimizerTest.doTest(BOBYQAOptimizerTest.java:326)
    at org.apache.commons.math3.optimization.direct.BOBYQAOptimizerTest.doTest(BOBYQAOptimizerTest.java:276)
    at org.apache.commons.math3.optimization.direct.BOBYQAOptimizerTest.testAckley(BOBYQAOptimizerTest.java:205)
org.apache.commons.math3.exception.TooManyEvaluationsException: illegal state: maximal count (12,000) exceeded: evaluations
    at org.apache.commons.math3.optimization.direct.BaseAbstractMultivariateOptimizer.computeObjectiveValue(BaseAbstractMultivariateOptimizer.java:96)
    at org.apache.commons.math3.optimization.direct.BOBYQAOptimizer.bobyqb(BOBYQAOptimizer.java:827)
    at org.apache.commons.math3.optimization.direct.BOBYQAOptimizer.bobyqa(BOBYQAOptimizer.java:333)
    at org.apache.commons.math3.optimization.direct.BOBYQAOptimizer.doOptimize(BOBYQAOptimizer.java:245)
    at org.apache.commons.math3.optimization.direct.BaseAbstractMultivariateOptimizer.optimize(BaseAbstractMultivariateOptimizer.java:125)
    at org.apache.commons.math3.optimization.direct.BaseAbstractMultivariateSimpleBoundsOptimizer.optimize(BaseAbstractMultivariateSimpleBoundsOptimizer.java:138)
17:12:01.133 [pool-16-thread-1] INFO  xxl.java.junit.TestCasesListener - Tests run finished (43743 ms)
<> Total tests run: 38
<> Ignored tests: 0
<> Failed tests: 4
~ testAckley(org.apache.commons.math3.optimization.direct.BOBYQAOptimizerTest)
[expected:<0.0> but was:<1.047765607609108E-8>]
java.lang.AssertionError: expected:<0.0> but was:<1.047765607609108E-8>    at org.junit.Assert.fail(Assert.java:88)
    at org.junit.Assert.failNotEquals(Assert.java:743)
    at org.junit.Assert.assertEquals(Assert.java:494)
    at org.apache.commons.math3.optimization.direct.BOBYQAOptimizerTest.doTest(BOBYQAOptimizerTest.java:326)
    at org.apache.commons.math3.optimization.direct.BOBYQAOptimizerTest.doTest(BOBYQAOptimizerTest.java:276)
    at org.apache.commons.math3.optimization.direct.BOBYQAOptimizerTest.testAckley(BOBYQAOptimizerTest.java:205)
~ testDiffPow(org.apache.commons.math3.optimization.direct.BOBYQAOptimizerTest)
[illegal state: maximal count (12,000) exceeded: evaluations]
org.apache.commons.math3.exception.TooManyEvaluationsException: illegal state: maximal count (12,000) exceeded: evaluations    at org.apache.commons.math3.optimization.direct.BaseAbstractMultivariateOptimizer.computeObjectiveValue(BaseAbstractMultivariateOptimizer.java:96)
    at org.apache.commons.math3.optimization.direct.BOBYQAOptimizer.bobyqb(BOBYQAOptimizer.java:827)
    at org.apache.commons.math3.optimization.direct.BOBYQAOptimizer.bobyqa(BOBYQAOptimizer.java:333)
    at org.apache.commons.math3.optimization.direct.BOBYQAOptimizer.doOptimize(BOBYQAOptimizer.java:245)
    at org.apache.commons.math3.optimization.direct.BaseAbstractMultivariateOptimizer.optimize(BaseAbstractMultivariateOptimizer.java:125)
    at org.apache.commons.math3.optimization.direct.BaseAbstractMultivariateSimpleBoundsOptimizer.optimize(BaseAbstractMultivariateSimpleBoundsOptimizer.java:138)
~ testAckley(org.apache.commons.math3.optimization.direct.BOBYQAOptimizerTest)
[expected:<0.0> but was:<1.047765607609108E-8>]
java.lang.AssertionError: expected:<0.0> but was:<1.047765607609108E-8>    at org.junit.Assert.fail(Assert.java:88)
    at org.junit.Assert.failNotEquals(Assert.java:743)
    at org.junit.Assert.assertEquals(Assert.java:494)
    at org.apache.commons.math3.optimization.direct.BOBYQAOptimizerTest.doTest(BOBYQAOptimizerTest.java:326)
    at org.apache.commons.math3.optimization.direct.BOBYQAOptimizerTest.doTest(BOBYQAOptimizerTest.java:276)
    at org.apache.commons.math3.optimization.direct.BOBYQAOptimizerTest.testAckley(BOBYQAOptimizerTest.java:205)
~ testDiffPow(org.apache.commons.math3.optimization.direct.BOBYQAOptimizerTest)
[illegal state: maximal count (12,000) exceeded: evaluations]
org.apache.commons.math3.exception.TooManyEvaluationsException: illegal state: maximal count (12,000) exceeded: evaluations    at org.apache.commons.math3.optimization.direct.BaseAbstractMultivariateOptimizer.computeObjectiveValue(BaseAbstractMultivariateOptimizer.java:96)
    at org.apache.commons.math3.optimization.direct.BOBYQAOptimizer.bobyqb(BOBYQAOptimizer.java:827)
    at org.apache.commons.math3.optimization.direct.BOBYQAOptimizer.bobyqa(BOBYQAOptimizer.java:333)
    at org.apache.commons.math3.optimization.direct.BOBYQAOptimizer.doOptimize(BOBYQAOptimizer.java:245)
    at org.apache.commons.math3.optimization.direct.BaseAbstractMultivariateOptimizer.optimize(BaseAbstractMultivariateOptimizer.java:125)
    at org.apache.commons.math3.optimization.direct.BaseAbstractMultivariateSimpleBoundsOptimizer.optimize(BaseAbstractMultivariateSimpleBoundsOptimizer.java:138)

17:12:29.208 [pool-15-thread-1] DEBUG f.i.l.r.n.s.d.DynamothSynthesizer - Ignore the test org.apache.commons.math3.optimization.direct.BOBYQAOptimizerTest#testConstrainedRosen
17:12:29.882 [pool-15-thread-1] DEBUG f.i.l.r.n.s.d.DynamothSynthesizer - Ignore the test org.apache.commons.math3.optimization.direct.BOBYQAOptimizerTest#testElliRotated
17:12:30.034 [pool-15-thread-1] DEBUG f.i.l.r.n.s.d.DynamothSynthesizer - Ignore the test org.apache.commons.math3.optimization.direct.BOBYQAOptimizerTest#testSsDiffPow
17:12:47.630 [pool-15-thread-1] DEBUG f.i.l.r.n.s.d.DynamothSynthesizer - Ignore the test org.apache.commons.math3.optimization.direct.BOBYQAOptimizerTest#testConstrainedRosenWithMoreInterpolationPoints
17:12:47.742 [pool-15-thread-1] DEBUG f.i.l.r.n.s.d.DynamothSynthesizer - Ignore the test org.apache.commons.math3.optimization.direct.BOBYQAOptimizerTest#testRosen
17:12:47.774 [pool-15-thread-1] INFO  f.i.l.repair.nopol.patch.TestPatch - Applying patch: org.apache.commons.math3.optimization.direct.BOBYQAOptimizer:880: PRECONDITION false
17:12:48.264 [pool-15-thread-1] INFO  f.i.l.repair.nopol.patch.TestPatch - Running test suite to check the patch "false" is working
17:13:13.757 [pool-2-thread-1] INFO  fr.inria.lille.repair.nopol.NoPol - ----INFORMATION----
17:13:14.015 [pool-2-thread-1] INFO  fr.inria.lille.repair.nopol.NoPol - Nb classes : 573
17:13:14.015 [pool-2-thread-1] INFO  fr.inria.lille.repair.nopol.NoPol - Nb methods : 3746
17:13:14.015 [pool-2-thread-1] INFO  fr.inria.lille.repair.nopol.NoPol - Nb Statements Analyzed : 3
17:13:14.016 [pool-2-thread-1] INFO  fr.inria.lille.repair.nopol.NoPol - Nb Statements with Angelic Value Found : 1
17:13:14.016 [pool-2-thread-1] INFO  fr.inria.lille.repair.nopol.NoPol - NoPol Execution time : 870165ms
17:13:14.016 [pool-2-thread-1] INFO  fr.inria.lille.repair.nopol.NoPol - 
17:13:14.016 [pool-2-thread-1] INFO  fr.inria.lille.repair.nopol.NoPol - ----PATCH FOUND----
17:13:14.016 [pool-2-thread-1] INFO  fr.inria.lille.repair.nopol.NoPol - false
17:13:14.133 [pool-2-thread-1] INFO  fr.inria.lille.repair.nopol.NoPol - Nb test that executes the patch: 7
17:13:14.133 [pool-2-thread-1] INFO  fr.inria.lille.repair.nopol.NoPol - org.apache.commons.math3.optimization.direct.BOBYQAOptimizer:880: PRECONDITION
17:13:14.186 [pool-2-thread-1] INFO  fr.inria.lille.repair.nopol.NoPol - --- a/src/main/java/org/apache/commons/math3/optimization/direct/BOBYQAOptimizer.java
+++ b/src/main/java/org/apache/commons/math3/optimization/direct/BOBYQAOptimizer.java
@@ -879,3 +879,5 @@
                     // Computing MAX
-                    delta = Math.max(hDelta, dnorm);
+                    if (false) {
+                        delta = Math.max(hDelta, dnorm);
+                    }
                 } else {

PATCH
1617.26user 8.12system 14:32.45elapsed 186%CPU (0avgtext+0avgdata 4399176maxresident)k
39832inputs+7000outputs (3major+1581208minor)pagefaults 0swaps


Node: petitprince-5.luxembourg.grid5000.fr



Date: Sun Dec 30 17:13:14 EST 2018

