cd /tmp/Nopol_Defects4J_Math_83;
export JAVA_TOOL_OPTIONS=-Dfile.encoding=UTF8;
TZ="America/New_York"; export TZ;
export PATH="/usr/lib/jvm/java-1.8.0-openjdk-amd64/bin/:$PATH";
export JAVA_HOME="/usr/lib/jvm/java-1.8.0-openjdk-amd64/bin/";
time java -Xmx4048m -cp /home/tdurieux/defects4j4repair/script/../repair_tools/nopol.jar:/usr/lib/jvm/java-1.8.0-openjdk-amd64/bin//../lib/tools.jar fr.inria.lille.repair.Main \
	--mode repair \
	--type pre_then_cond \
	--oracle angelic \
	--synthesis smt \
	--flocal gzoltar \
	--json \
	--solver z3 \
	--solver-path /home/tdurieux/defects4j4repair/script/../libs/z3/build/z3 \
	--complianceLevel 5 \
	--source src/main/java/ \
	--classpath "target/classes/:target/test-classes/:/tmp/Nopol_Defects4J_Math_83/target/classes/:/tmp/Nopol_Defects4J_Math_83/target/test-classes/:/home/tdurieux/defects4j4repair/script/../benchmarks/defects4j/framework/projects/Math/lib/commons-discovery-0.5.jar:/home/tdurieux/defects4j4repair/script/../repair_tools/nopol.jar";
	echo "\n\nNode: `hostname`\n";
	echo "\n\nDate: `date`\n";
Picked up JAVA_TOOL_OPTIONS: -Dfile.encoding=UTF8
22:19:35.535 [main] INFO  fr.inria.lille.repair.nopol.NoPol - Source files: [src/main/java]
22:19:35.542 [main] INFO  fr.inria.lille.repair.nopol.NoPol - Classpath: [file:/tmp/Nopol_Defects4J_Math_83/target/classes/, file:/tmp/Nopol_Defects4J_Math_83/target/test-classes/, file:/tmp/Nopol_Defects4J_Math_83/target/classes/, file:/tmp/Nopol_Defects4J_Math_83/target/test-classes/, file:/home/tdurieux/defects4j4repair/script/../benchmarks/defects4j/framework/projects/Math/lib/commons-discovery-0.5.jar, file:/home/tdurieux/defects4j4repair/script/../repair_tools/nopol.jar]
22:19:35.543 [main] INFO  fr.inria.lille.repair.nopol.NoPol - Statement type: PRE_THEN_COND
22:19:35.543 [main] INFO  fr.inria.lille.repair.nopol.NoPol - Args: [org.apache.commons.math.ArgumentOutsideDomainExceptionTest, org.apache.commons.math.ArgumentOutsideDomainExceptionTest, org.apache.commons.math.ConvergenceExceptionTest, org.apache.commons.math.ConvergenceExceptionTest, org.apache.commons.math.DuplicateSampleAbscissaExceptionTest, org.apache.commons.math.DuplicateSampleAbscissaExceptionTest, org.apache.commons.math.FunctionEvaluationExceptionTest, org.apache.commons.math.FunctionEvaluationExceptionTest, org.apache.commons.math.MathConfigurationExceptionTest, org.apache.commons.math.MathConfigurationExceptionTest, org.apache.commons.math.MathExceptionTest, org.apache.commons.math.MathExceptionTest, org.apache.commons.math.MaxIterationsExceededExceptionTest, org.apache.commons.math.MaxIterationsExceededExceptionTest, org.apache.commons.math.analysis.integration.LegendreGaussIntegratorTest, org.apache.commons.math.analysis.integration.LegendreGaussIntegratorTest, org.apache.commons.math.analysis.integration.RombergIntegratorTest, org.apache.commons.math.analysis.integration.RombergIntegratorTest, org.apache.commons.math.analysis.integration.SimpsonIntegratorTest, org.apache.commons.math.analysis.integration.SimpsonIntegratorTest, org.apache.commons.math.analysis.integration.TrapezoidIntegratorTest, org.apache.commons.math.analysis.integration.TrapezoidIntegratorTest, org.apache.commons.math.analysis.interpolation.DividedDifferenceInterpolatorTest, org.apache.commons.math.analysis.interpolation.DividedDifferenceInterpolatorTest, org.apache.commons.math.analysis.interpolation.LoessInterpolatorTest, org.apache.commons.math.analysis.interpolation.LoessInterpolatorTest, org.apache.commons.math.analysis.interpolation.NevilleInterpolatorTest, org.apache.commons.math.analysis.interpolation.NevilleInterpolatorTest, org.apache.commons.math.analysis.interpolation.SplineInterpolatorTest, org.apache.commons.math.analysis.interpolation.SplineInterpolatorTest, org.apache.commons.math.analysis.polynomials.PolynomialFunctionLagrangeFormTest, org.apache.commons.math.analysis.polynomials.PolynomialFunctionLagrangeFormTest, org.apache.commons.math.analysis.polynomials.PolynomialFunctionNewtonFormTest, org.apache.commons.math.analysis.polynomials.PolynomialFunctionNewtonFormTest, org.apache.commons.math.analysis.polynomials.PolynomialFunctionTest, org.apache.commons.math.analysis.polynomials.PolynomialFunctionTest, org.apache.commons.math.analysis.polynomials.PolynomialSplineFunctionTest, org.apache.commons.math.analysis.polynomials.PolynomialSplineFunctionTest, org.apache.commons.math.analysis.polynomials.PolynomialsUtilsTest, org.apache.commons.math.analysis.polynomials.PolynomialsUtilsTest, org.apache.commons.math.analysis.solvers.BisectionSolverTest, org.apache.commons.math.analysis.solvers.BisectionSolverTest, org.apache.commons.math.analysis.solvers.BrentSolverTest, org.apache.commons.math.analysis.solvers.BrentSolverTest, org.apache.commons.math.analysis.solvers.LaguerreSolverTest, org.apache.commons.math.analysis.solvers.LaguerreSolverTest, org.apache.commons.math.analysis.solvers.MullerSolverTest, org.apache.commons.math.analysis.solvers.MullerSolverTest, org.apache.commons.math.analysis.solvers.NewtonSolverTest, org.apache.commons.math.analysis.solvers.NewtonSolverTest, org.apache.commons.math.analysis.solvers.RiddersSolverTest, org.apache.commons.math.analysis.solvers.RiddersSolverTest, org.apache.commons.math.analysis.solvers.UnivariateRealSolverFactoryImplTest, org.apache.commons.math.analysis.solvers.UnivariateRealSolverFactoryImplTest, org.apache.commons.math.analysis.solvers.UnivariateRealSolverUtilsTest, org.apache.commons.math.analysis.solvers.UnivariateRealSolverUtilsTest, org.apache.commons.math.complex.ComplexFieldTest, org.apache.commons.math.complex.ComplexFieldTest, org.apache.commons.math.complex.ComplexFormatTest, org.apache.commons.math.complex.ComplexFormatTest, org.apache.commons.math.complex.ComplexTest, org.apache.commons.math.complex.ComplexTest, org.apache.commons.math.complex.ComplexUtilsTest, org.apache.commons.math.complex.ComplexUtilsTest, org.apache.commons.math.complex.FrenchComplexFormatTest, org.apache.commons.math.complex.FrenchComplexFormatTest, org.apache.commons.math.distribution.BetaDistributionTest, org.apache.commons.math.distribution.BetaDistributionTest, org.apache.commons.math.distribution.BinomialDistributionTest, org.apache.commons.math.distribution.BinomialDistributionTest, org.apache.commons.math.distribution.CauchyDistributionTest, org.apache.commons.math.distribution.CauchyDistributionTest, org.apache.commons.math.distribution.ChiSquareDistributionTest, org.apache.commons.math.distribution.ChiSquareDistributionTest, org.apache.commons.math.distribution.ExponentialDistributionTest, org.apache.commons.math.distribution.ExponentialDistributionTest, org.apache.commons.math.distribution.FDistributionTest, org.apache.commons.math.distribution.FDistributionTest, org.apache.commons.math.distribution.GammaDistributionTest, org.apache.commons.math.distribution.GammaDistributionTest, org.apache.commons.math.distribution.HypergeometricDistributionTest, org.apache.commons.math.distribution.HypergeometricDistributionTest, org.apache.commons.math.distribution.NormalDistributionTest, org.apache.commons.math.distribution.NormalDistributionTest, org.apache.commons.math.distribution.PascalDistributionTest, org.apache.commons.math.distribution.PascalDistributionTest, org.apache.commons.math.distribution.PoissonDistributionTest, org.apache.commons.math.distribution.PoissonDistributionTest, org.apache.commons.math.distribution.TDistributionTest, org.apache.commons.math.distribution.TDistributionTest, org.apache.commons.math.distribution.WeibullDistributionTest, org.apache.commons.math.distribution.WeibullDistributionTest, org.apache.commons.math.distribution.ZipfDistributionTest, org.apache.commons.math.distribution.ZipfDistributionTest, org.apache.commons.math.estimation.EstimatedParameterTest, org.apache.commons.math.estimation.EstimatedParameterTest, org.apache.commons.math.estimation.GaussNewtonEstimatorTest, org.apache.commons.math.estimation.GaussNewtonEstimatorTest, org.apache.commons.math.estimation.LevenbergMarquardtEstimatorTest, org.apache.commons.math.estimation.LevenbergMarquardtEstimatorTest, org.apache.commons.math.estimation.MinpackTest, org.apache.commons.math.estimation.MinpackTest, org.apache.commons.math.estimation.WeightedMeasurementTest, org.apache.commons.math.estimation.WeightedMeasurementTest, org.apache.commons.math.fraction.BigFractionFieldTest, org.apache.commons.math.fraction.BigFractionFieldTest, org.apache.commons.math.fraction.BigFractionFormatTest, org.apache.commons.math.fraction.BigFractionFormatTest, org.apache.commons.math.fraction.BigFractionTest, org.apache.commons.math.fraction.BigFractionTest, org.apache.commons.math.fraction.FractionFieldTest, org.apache.commons.math.fraction.FractionFieldTest, org.apache.commons.math.fraction.FractionFormatTest, org.apache.commons.math.fraction.FractionFormatTest, org.apache.commons.math.fraction.FractionTest, org.apache.commons.math.fraction.FractionTest, org.apache.commons.math.genetics.BinaryChromosomeTest, org.apache.commons.math.genetics.BinaryChromosomeTest, org.apache.commons.math.genetics.BinaryMutationTest, org.apache.commons.math.genetics.BinaryMutationTest, org.apache.commons.math.genetics.ChromosomeTest, org.apache.commons.math.genetics.ChromosomeTest, org.apache.commons.math.genetics.ElitisticListPopulationTest, org.apache.commons.math.genetics.ElitisticListPopulationTest, org.apache.commons.math.genetics.FitnessCachingTest, org.apache.commons.math.genetics.FitnessCachingTest, org.apache.commons.math.genetics.FixedGenerationCountTest, org.apache.commons.math.genetics.FixedGenerationCountTest, org.apache.commons.math.genetics.GeneticAlgorithmTestBinary, org.apache.commons.math.genetics.GeneticAlgorithmTestBinary, org.apache.commons.math.genetics.GeneticAlgorithmTestPermutations, org.apache.commons.math.genetics.GeneticAlgorithmTestPermutations, org.apache.commons.math.genetics.ListPopulationTest, org.apache.commons.math.genetics.ListPopulationTest, org.apache.commons.math.genetics.OnePointCrossoverTest, org.apache.commons.math.genetics.OnePointCrossoverTest, org.apache.commons.math.genetics.RandomKeyMutationTest, org.apache.commons.math.genetics.RandomKeyMutationTest, org.apache.commons.math.genetics.RandomKeyTest, org.apache.commons.math.genetics.RandomKeyTest, org.apache.commons.math.genetics.TournamentSelectionTest, org.apache.commons.math.genetics.TournamentSelectionTest, org.apache.commons.math.geometry.FrenchVector3DFormatTest, org.apache.commons.math.geometry.FrenchVector3DFormatTest, org.apache.commons.math.geometry.RotationOrderTest, org.apache.commons.math.geometry.RotationOrderTest, org.apache.commons.math.geometry.RotationTest, org.apache.commons.math.geometry.RotationTest, org.apache.commons.math.geometry.Vector3DFormatTest, org.apache.commons.math.geometry.Vector3DFormatTest, org.apache.commons.math.geometry.Vector3DTest, org.apache.commons.math.geometry.Vector3DTest, org.apache.commons.math.linear.Array2DRowRealMatrixTest, org.apache.commons.math.linear.Array2DRowRealMatrixTest, org.apache.commons.math.linear.ArrayFieldVectorTest, org.apache.commons.math.linear.ArrayFieldVectorTest, org.apache.commons.math.linear.ArrayRealVectorTest, org.apache.commons.math.linear.ArrayRealVectorTest, org.apache.commons.math.linear.BiDiagonalTransformerTest, org.apache.commons.math.linear.BiDiagonalTransformerTest, org.apache.commons.math.linear.BigMatrixImplTest, org.apache.commons.math.linear.BigMatrixImplTest, org.apache.commons.math.linear.BlockFieldMatrixTest, org.apache.commons.math.linear.BlockFieldMatrixTest, org.apache.commons.math.linear.BlockRealMatrixTest, org.apache.commons.math.linear.BlockRealMatrixTest, org.apache.commons.math.linear.CholeskyDecompositionImplTest, org.apache.commons.math.linear.CholeskyDecompositionImplTest, org.apache.commons.math.linear.CholeskySolverTest, org.apache.commons.math.linear.CholeskySolverTest, org.apache.commons.math.linear.EigenDecompositionImplTest, org.apache.commons.math.linear.EigenDecompositionImplTest, org.apache.commons.math.linear.EigenSolverTest, org.apache.commons.math.linear.EigenSolverTest, org.apache.commons.math.linear.FieldLUDecompositionImplTest, org.apache.commons.math.linear.FieldLUDecompositionImplTest, org.apache.commons.math.linear.FieldMatrixImplTest, org.apache.commons.math.linear.FieldMatrixImplTest, org.apache.commons.math.linear.FrenchRealVectorFormatTest, org.apache.commons.math.linear.FrenchRealVectorFormatTest, org.apache.commons.math.linear.InvalidMatrixExceptionTest, org.apache.commons.math.linear.InvalidMatrixExceptionTest, org.apache.commons.math.linear.LUDecompositionImplTest, org.apache.commons.math.linear.LUDecompositionImplTest, org.apache.commons.math.linear.LUSolverTest, org.apache.commons.math.linear.LUSolverTest, org.apache.commons.math.linear.MatrixIndexExceptionTest, org.apache.commons.math.linear.MatrixIndexExceptionTest, org.apache.commons.math.linear.MatrixUtilsTest, org.apache.commons.math.linear.MatrixUtilsTest, org.apache.commons.math.linear.QRDecompositionImplTest, org.apache.commons.math.linear.QRDecompositionImplTest, org.apache.commons.math.linear.QRSolverTest, org.apache.commons.math.linear.QRSolverTest, org.apache.commons.math.linear.RealMatrixImplTest, org.apache.commons.math.linear.RealMatrixImplTest, org.apache.commons.math.linear.RealVectorFormatTest, org.apache.commons.math.linear.RealVectorFormatTest, org.apache.commons.math.linear.SingularValueDecompositionImplTest, org.apache.commons.math.linear.SingularValueDecompositionImplTest, org.apache.commons.math.linear.SingularValueSolverTest, org.apache.commons.math.linear.SingularValueSolverTest, org.apache.commons.math.linear.SparseFieldMatrixTest, org.apache.commons.math.linear.SparseFieldMatrixTest, org.apache.commons.math.linear.SparseFieldVectorTest, org.apache.commons.math.linear.SparseFieldVectorTest, org.apache.commons.math.linear.SparseRealMatrixTest, org.apache.commons.math.linear.SparseRealMatrixTest, org.apache.commons.math.linear.SparseRealVectorTest, org.apache.commons.math.linear.SparseRealVectorTest, org.apache.commons.math.linear.TriDiagonalTransformerTest, org.apache.commons.math.linear.TriDiagonalTransformerTest, org.apache.commons.math.ode.ContinuousOutputModelTest, org.apache.commons.math.ode.ContinuousOutputModelTest, org.apache.commons.math.ode.FirstOrderConverterTest, org.apache.commons.math.ode.FirstOrderConverterTest, org.apache.commons.math.ode.nonstiff.AdamsBashforthIntegratorTest, org.apache.commons.math.ode.nonstiff.AdamsBashforthIntegratorTest, org.apache.commons.math.ode.nonstiff.AdamsMoultonIntegratorTest, org.apache.commons.math.ode.nonstiff.AdamsMoultonIntegratorTest, org.apache.commons.math.ode.nonstiff.ClassicalRungeKuttaIntegratorTest, org.apache.commons.math.ode.nonstiff.ClassicalRungeKuttaIntegratorTest, org.apache.commons.math.ode.nonstiff.ClassicalRungeKuttaStepInterpolatorTest, org.apache.commons.math.ode.nonstiff.ClassicalRungeKuttaStepInterpolatorTest, org.apache.commons.math.ode.nonstiff.DormandPrince54IntegratorTest, org.apache.commons.math.ode.nonstiff.DormandPrince54IntegratorTest, org.apache.commons.math.ode.nonstiff.DormandPrince54StepInterpolatorTest, org.apache.commons.math.ode.nonstiff.DormandPrince54StepInterpolatorTest, org.apache.commons.math.ode.nonstiff.DormandPrince853IntegratorTest, org.apache.commons.math.ode.nonstiff.DormandPrince853IntegratorTest, org.apache.commons.math.ode.nonstiff.DormandPrince853StepInterpolatorTest, org.apache.commons.math.ode.nonstiff.DormandPrince853StepInterpolatorTest, org.apache.commons.math.ode.nonstiff.EulerIntegratorTest, org.apache.commons.math.ode.nonstiff.EulerIntegratorTest, org.apache.commons.math.ode.nonstiff.EulerStepInterpolatorTest, org.apache.commons.math.ode.nonstiff.EulerStepInterpolatorTest, org.apache.commons.math.ode.nonstiff.GillIntegratorTest, org.apache.commons.math.ode.nonstiff.GillIntegratorTest, org.apache.commons.math.ode.nonstiff.GillStepInterpolatorTest, org.apache.commons.math.ode.nonstiff.GillStepInterpolatorTest, org.apache.commons.math.ode.nonstiff.GraggBulirschStoerIntegratorTest, org.apache.commons.math.ode.nonstiff.GraggBulirschStoerIntegratorTest, org.apache.commons.math.ode.nonstiff.GraggBulirschStoerStepInterpolatorTest, org.apache.commons.math.ode.nonstiff.GraggBulirschStoerStepInterpolatorTest, org.apache.commons.math.ode.nonstiff.HighamHall54IntegratorTest, org.apache.commons.math.ode.nonstiff.HighamHall54IntegratorTest, org.apache.commons.math.ode.nonstiff.HighamHall54StepInterpolatorTest, org.apache.commons.math.ode.nonstiff.HighamHall54StepInterpolatorTest, org.apache.commons.math.ode.nonstiff.MidpointIntegratorTest, org.apache.commons.math.ode.nonstiff.MidpointIntegratorTest, org.apache.commons.math.ode.nonstiff.MidpointStepInterpolatorTest, org.apache.commons.math.ode.nonstiff.MidpointStepInterpolatorTest, org.apache.commons.math.ode.nonstiff.ThreeEighthesIntegratorTest, org.apache.commons.math.ode.nonstiff.ThreeEighthesIntegratorTest, org.apache.commons.math.ode.nonstiff.ThreeEighthesStepInterpolatorTest, org.apache.commons.math.ode.nonstiff.ThreeEighthesStepInterpolatorTest, org.apache.commons.math.ode.sampling.DummyStepInterpolatorTest, org.apache.commons.math.ode.sampling.DummyStepInterpolatorTest, org.apache.commons.math.ode.sampling.NordsieckStepInterpolatorTest, org.apache.commons.math.ode.sampling.NordsieckStepInterpolatorTest, org.apache.commons.math.ode.sampling.StepNormalizerTest, org.apache.commons.math.ode.sampling.StepNormalizerTest, org.apache.commons.math.optimization.MultiStartDifferentiableMultivariateRealOptimizerTest, org.apache.commons.math.optimization.MultiStartDifferentiableMultivariateRealOptimizerTest, org.apache.commons.math.optimization.MultiStartDifferentiableMultivariateVectorialOptimizerTest, org.apache.commons.math.optimization.MultiStartDifferentiableMultivariateVectorialOptimizerTest, org.apache.commons.math.optimization.MultiStartMultivariateRealOptimizerTest, org.apache.commons.math.optimization.MultiStartMultivariateRealOptimizerTest, org.apache.commons.math.optimization.MultiStartUnivariateRealOptimizerTest, org.apache.commons.math.optimization.MultiStartUnivariateRealOptimizerTest, org.apache.commons.math.optimization.direct.MultiDirectionalTest, org.apache.commons.math.optimization.direct.MultiDirectionalTest, org.apache.commons.math.optimization.direct.NelderMeadTest, org.apache.commons.math.optimization.direct.NelderMeadTest, org.apache.commons.math.optimization.fitting.HarmonicFitterTest, org.apache.commons.math.optimization.fitting.HarmonicFitterTest, org.apache.commons.math.optimization.fitting.PolynomialFitterTest, org.apache.commons.math.optimization.fitting.PolynomialFitterTest, org.apache.commons.math.optimization.general.GaussNewtonOptimizerTest, org.apache.commons.math.optimization.general.GaussNewtonOptimizerTest, org.apache.commons.math.optimization.general.LevenbergMarquardtOptimizerTest, org.apache.commons.math.optimization.general.LevenbergMarquardtOptimizerTest, org.apache.commons.math.optimization.general.MinpackTest, org.apache.commons.math.optimization.general.MinpackTest, org.apache.commons.math.optimization.general.NonLinearConjugateGradientOptimizerTest, org.apache.commons.math.optimization.general.NonLinearConjugateGradientOptimizerTest, org.apache.commons.math.optimization.linear.SimplexSolverTest, org.apache.commons.math.optimization.linear.SimplexSolverTest, org.apache.commons.math.optimization.linear.SimplexTableauTest, org.apache.commons.math.optimization.linear.SimplexTableauTest, org.apache.commons.math.optimization.univariate.BrentMinimizerTest, org.apache.commons.math.optimization.univariate.BrentMinimizerTest, org.apache.commons.math.random.AbstractRandomGeneratorTest, org.apache.commons.math.random.AbstractRandomGeneratorTest, org.apache.commons.math.random.CorrelatedRandomVectorGeneratorTest, org.apache.commons.math.random.CorrelatedRandomVectorGeneratorTest, org.apache.commons.math.random.EmpiricalDistributionTest, org.apache.commons.math.random.EmpiricalDistributionTest, org.apache.commons.math.random.GaussianRandomGeneratorTest, org.apache.commons.math.random.GaussianRandomGeneratorTest, org.apache.commons.math.random.MersenneTwisterTest, org.apache.commons.math.random.MersenneTwisterTest, org.apache.commons.math.random.RandomAdaptorTest, org.apache.commons.math.random.RandomAdaptorTest, org.apache.commons.math.random.RandomDataTest, org.apache.commons.math.random.RandomDataTest, org.apache.commons.math.random.UncorrelatedRandomVectorGeneratorTest, org.apache.commons.math.random.UncorrelatedRandomVectorGeneratorTest, org.apache.commons.math.random.UniformRandomGeneratorTest, org.apache.commons.math.random.UniformRandomGeneratorTest, org.apache.commons.math.random.ValueServerTest, org.apache.commons.math.random.ValueServerTest, org.apache.commons.math.special.BetaTest, org.apache.commons.math.special.BetaTest, org.apache.commons.math.special.ErfTest, org.apache.commons.math.special.ErfTest, org.apache.commons.math.special.GammaTest, org.apache.commons.math.special.GammaTest, org.apache.commons.math.stat.CertifiedDataTest, org.apache.commons.math.stat.CertifiedDataTest, org.apache.commons.math.stat.FrequencyTest, org.apache.commons.math.stat.FrequencyTest, org.apache.commons.math.stat.StatUtilsTest, org.apache.commons.math.stat.StatUtilsTest, org.apache.commons.math.stat.clustering.EuclideanIntegerPointTest, org.apache.commons.math.stat.clustering.EuclideanIntegerPointTest, org.apache.commons.math.stat.clustering.KMeansPlusPlusClustererTest, org.apache.commons.math.stat.clustering.KMeansPlusPlusClustererTest, org.apache.commons.math.stat.correlation.CovarianceTest, org.apache.commons.math.stat.correlation.CovarianceTest, org.apache.commons.math.stat.correlation.PearsonsCorrelationTest, org.apache.commons.math.stat.correlation.PearsonsCorrelationTest, org.apache.commons.math.stat.correlation.SpearmansRankCorrelationTest, org.apache.commons.math.stat.correlation.SpearmansRankCorrelationTest, org.apache.commons.math.stat.data.LewTest, org.apache.commons.math.stat.data.LewTest, org.apache.commons.math.stat.data.LotteryTest, org.apache.commons.math.stat.data.LotteryTest, org.apache.commons.math.stat.descriptive.AbstractUnivariateStatisticTest, org.apache.commons.math.stat.descriptive.AbstractUnivariateStatisticTest, org.apache.commons.math.stat.descriptive.AggregateSummaryStatisticsTest, org.apache.commons.math.stat.descriptive.AggregateSummaryStatisticsTest, org.apache.commons.math.stat.descriptive.DescriptiveStatisticsTest, org.apache.commons.math.stat.descriptive.DescriptiveStatisticsTest, org.apache.commons.math.stat.descriptive.InteractionTest, org.apache.commons.math.stat.descriptive.InteractionTest, org.apache.commons.math.stat.descriptive.ListUnivariateImplTest, org.apache.commons.math.stat.descriptive.ListUnivariateImplTest, org.apache.commons.math.stat.descriptive.MixedListUnivariateImplTest, org.apache.commons.math.stat.descriptive.MixedListUnivariateImplTest, org.apache.commons.math.stat.descriptive.MultivariateSummaryStatisticsTest, org.apache.commons.math.stat.descriptive.MultivariateSummaryStatisticsTest, org.apache.commons.math.stat.descriptive.StatisticalSummaryValuesTest, org.apache.commons.math.stat.descriptive.StatisticalSummaryValuesTest, org.apache.commons.math.stat.descriptive.SummaryStatisticsTest, org.apache.commons.math.stat.descriptive.SummaryStatisticsTest, org.apache.commons.math.stat.descriptive.SynchronizedDescriptiveStatisticsTest, org.apache.commons.math.stat.descriptive.SynchronizedDescriptiveStatisticsTest, org.apache.commons.math.stat.descriptive.SynchronizedMultivariateSummaryStatisticsTest, org.apache.commons.math.stat.descriptive.SynchronizedMultivariateSummaryStatisticsTest, org.apache.commons.math.stat.descriptive.SynchronizedSummaryStatisticsTest, org.apache.commons.math.stat.descriptive.SynchronizedSummaryStatisticsTest, org.apache.commons.math.stat.descriptive.moment.FirstMomentTest, org.apache.commons.math.stat.descriptive.moment.FirstMomentTest, org.apache.commons.math.stat.descriptive.moment.FourthMomentTest, org.apache.commons.math.stat.descriptive.moment.FourthMomentTest, org.apache.commons.math.stat.descriptive.moment.GeometricMeanTest, org.apache.commons.math.stat.descriptive.moment.GeometricMeanTest, org.apache.commons.math.stat.descriptive.moment.KurtosisTest, org.apache.commons.math.stat.descriptive.moment.KurtosisTest, org.apache.commons.math.stat.descriptive.moment.MeanTest, org.apache.commons.math.stat.descriptive.moment.MeanTest, org.apache.commons.math.stat.descriptive.moment.SecondMomentTest, org.apache.commons.math.stat.descriptive.moment.SecondMomentTest, org.apache.commons.math.stat.descriptive.moment.SkewnessTest, org.apache.commons.math.stat.descriptive.moment.SkewnessTest, org.apache.commons.math.stat.descriptive.moment.StandardDeviationTest, org.apache.commons.math.stat.descriptive.moment.StandardDeviationTest, org.apache.commons.math.stat.descriptive.moment.ThirdMomentTest, org.apache.commons.math.stat.descriptive.moment.ThirdMomentTest, org.apache.commons.math.stat.descriptive.moment.VarianceTest, org.apache.commons.math.stat.descriptive.moment.VarianceTest, org.apache.commons.math.stat.descriptive.moment.VectorialCovarianceTest, org.apache.commons.math.stat.descriptive.moment.VectorialCovarianceTest, org.apache.commons.math.stat.descriptive.moment.VectorialMeanTest, org.apache.commons.math.stat.descriptive.moment.VectorialMeanTest, org.apache.commons.math.stat.descriptive.rank.MaxTest, org.apache.commons.math.stat.descriptive.rank.MaxTest, org.apache.commons.math.stat.descriptive.rank.MedianTest, org.apache.commons.math.stat.descriptive.rank.MedianTest, org.apache.commons.math.stat.descriptive.rank.MinTest, org.apache.commons.math.stat.descriptive.rank.MinTest, org.apache.commons.math.stat.descriptive.rank.PercentileTest, org.apache.commons.math.stat.descriptive.rank.PercentileTest, org.apache.commons.math.stat.descriptive.summary.ProductTest, org.apache.commons.math.stat.descriptive.summary.ProductTest, org.apache.commons.math.stat.descriptive.summary.SumLogTest, org.apache.commons.math.stat.descriptive.summary.SumLogTest, org.apache.commons.math.stat.descriptive.summary.SumSqTest, org.apache.commons.math.stat.descriptive.summary.SumSqTest, org.apache.commons.math.stat.descriptive.summary.SumTest, org.apache.commons.math.stat.descriptive.summary.SumTest, org.apache.commons.math.stat.inference.ChiSquareFactoryTest, org.apache.commons.math.stat.inference.ChiSquareFactoryTest, org.apache.commons.math.stat.inference.ChiSquareTestTest, org.apache.commons.math.stat.inference.ChiSquareTestTest, org.apache.commons.math.stat.inference.OneWayAnovaTest, org.apache.commons.math.stat.inference.OneWayAnovaTest, org.apache.commons.math.stat.inference.TTestFactoryTest, org.apache.commons.math.stat.inference.TTestFactoryTest, org.apache.commons.math.stat.inference.TTestTest, org.apache.commons.math.stat.inference.TTestTest, org.apache.commons.math.stat.inference.TestUtilsTest, org.apache.commons.math.stat.inference.TestUtilsTest, org.apache.commons.math.stat.ranking.NaturalRankingTest, org.apache.commons.math.stat.ranking.NaturalRankingTest, org.apache.commons.math.stat.regression.GLSMultipleLinearRegressionTest, org.apache.commons.math.stat.regression.GLSMultipleLinearRegressionTest, org.apache.commons.math.stat.regression.OLSMultipleLinearRegressionTest, org.apache.commons.math.stat.regression.OLSMultipleLinearRegressionTest, org.apache.commons.math.stat.regression.SimpleRegressionTest, org.apache.commons.math.stat.regression.SimpleRegressionTest, org.apache.commons.math.transform.FastCosineTransformerTest, org.apache.commons.math.transform.FastCosineTransformerTest, org.apache.commons.math.transform.FastFourierTransformerTest, org.apache.commons.math.transform.FastFourierTransformerTest, org.apache.commons.math.transform.FastHadamardTransformerTest, org.apache.commons.math.transform.FastHadamardTransformerTest, org.apache.commons.math.transform.FastSineTransformerTest, org.apache.commons.math.transform.FastSineTransformerTest, org.apache.commons.math.util.BigRealFieldTest, org.apache.commons.math.util.BigRealFieldTest, org.apache.commons.math.util.BigRealTest, org.apache.commons.math.util.BigRealTest, org.apache.commons.math.util.ContinuedFractionTest, org.apache.commons.math.util.ContinuedFractionTest, org.apache.commons.math.util.DefaultTransformerTest, org.apache.commons.math.util.DefaultTransformerTest, org.apache.commons.math.util.MathUtilsTest, org.apache.commons.math.util.MathUtilsTest, org.apache.commons.math.util.OpenIntToDoubleHashMapTest, org.apache.commons.math.util.OpenIntToDoubleHashMapTest, org.apache.commons.math.util.OpenIntToFieldTest, org.apache.commons.math.util.OpenIntToFieldTest, org.apache.commons.math.util.ResizableDoubleArrayTest, org.apache.commons.math.util.ResizableDoubleArrayTest, org.apache.commons.math.util.TransformerMapTest, org.apache.commons.math.util.TransformerMapTest]
22:19:35.547 [main] INFO  fr.inria.lille.repair.nopol.NoPol - Config: Config{synthesisDepth=3, collectStaticMethods=true, collectStaticFields=false, collectLiterals=false, onlyOneSynthesisResult=true, sortExpressions=true, maxLineInvocationPerTest=250, timeoutMethodInvocation=2000, dataCollectionTimeoutInSecondForSynthesis=900, addWeight=0.19478, subWeight=0.04554, mulWeight=0.0102, divWeight=0.00613, andWeight=0.10597, orWeight=0.05708, eqWeight=0.22798, nEqWeight=0.0, lessEqWeight=0.0255, lessWeight=0.0947, methodCallWeight=0.1, fieldAccessWeight=0.08099, constantWeight=0.14232, variableWeight=0.05195, mode=REPAIR, type=PRE_THEN_COND, synthesis=SMT, oracle=ANGELIC, solver=Z3, solverPath='/home/tdurieux/defects4j4repair/script/../libs/z3/build/z3', projectSources=[src/main/java], projectClasspath='[Ljava.net.URL;@66d33a', projectTests=[org.apache.commons.math.ArgumentOutsideDomainExceptionTest, org.apache.commons.math.ArgumentOutsideDomainExceptionTest, org.apache.commons.math.ConvergenceExceptionTest, org.apache.commons.math.ConvergenceExceptionTest, org.apache.commons.math.DuplicateSampleAbscissaExceptionTest, org.apache.commons.math.DuplicateSampleAbscissaExceptionTest, org.apache.commons.math.FunctionEvaluationExceptionTest, org.apache.commons.math.FunctionEvaluationExceptionTest, org.apache.commons.math.MathConfigurationExceptionTest, org.apache.commons.math.MathConfigurationExceptionTest, org.apache.commons.math.MathExceptionTest, org.apache.commons.math.MathExceptionTest, org.apache.commons.math.MaxIterationsExceededExceptionTest, org.apache.commons.math.MaxIterationsExceededExceptionTest, org.apache.commons.math.analysis.integration.LegendreGaussIntegratorTest, org.apache.commons.math.analysis.integration.LegendreGaussIntegratorTest, org.apache.commons.math.analysis.integration.RombergIntegratorTest, org.apache.commons.math.analysis.integration.RombergIntegratorTest, org.apache.commons.math.analysis.integration.SimpsonIntegratorTest, org.apache.commons.math.analysis.integration.SimpsonIntegratorTest, org.apache.commons.math.analysis.integration.TrapezoidIntegratorTest, org.apache.commons.math.analysis.integration.TrapezoidIntegratorTest, org.apache.commons.math.analysis.interpolation.DividedDifferenceInterpolatorTest, org.apache.commons.math.analysis.interpolation.DividedDifferenceInterpolatorTest, org.apache.commons.math.analysis.interpolation.LoessInterpolatorTest, org.apache.commons.math.analysis.interpolation.LoessInterpolatorTest, org.apache.commons.math.analysis.interpolation.NevilleInterpolatorTest, org.apache.commons.math.analysis.interpolation.NevilleInterpolatorTest, org.apache.commons.math.analysis.interpolation.SplineInterpolatorTest, org.apache.commons.math.analysis.interpolation.SplineInterpolatorTest, org.apache.commons.math.analysis.polynomials.PolynomialFunctionLagrangeFormTest, org.apache.commons.math.analysis.polynomials.PolynomialFunctionLagrangeFormTest, org.apache.commons.math.analysis.polynomials.PolynomialFunctionNewtonFormTest, org.apache.commons.math.analysis.polynomials.PolynomialFunctionNewtonFormTest, org.apache.commons.math.analysis.polynomials.PolynomialFunctionTest, org.apache.commons.math.analysis.polynomials.PolynomialFunctionTest, org.apache.commons.math.analysis.polynomials.PolynomialSplineFunctionTest, org.apache.commons.math.analysis.polynomials.PolynomialSplineFunctionTest, org.apache.commons.math.analysis.polynomials.PolynomialsUtilsTest, org.apache.commons.math.analysis.polynomials.PolynomialsUtilsTest, org.apache.commons.math.analysis.solvers.BisectionSolverTest, org.apache.commons.math.analysis.solvers.BisectionSolverTest, org.apache.commons.math.analysis.solvers.BrentSolverTest, org.apache.commons.math.analysis.solvers.BrentSolverTest, org.apache.commons.math.analysis.solvers.LaguerreSolverTest, org.apache.commons.math.analysis.solvers.LaguerreSolverTest, org.apache.commons.math.analysis.solvers.MullerSolverTest, org.apache.commons.math.analysis.solvers.MullerSolverTest, org.apache.commons.math.analysis.solvers.NewtonSolverTest, org.apache.commons.math.analysis.solvers.NewtonSolverTest, org.apache.commons.math.analysis.solvers.RiddersSolverTest, org.apache.commons.math.analysis.solvers.RiddersSolverTest, org.apache.commons.math.analysis.solvers.UnivariateRealSolverFactoryImplTest, org.apache.commons.math.analysis.solvers.UnivariateRealSolverFactoryImplTest, org.apache.commons.math.analysis.solvers.UnivariateRealSolverUtilsTest, org.apache.commons.math.analysis.solvers.UnivariateRealSolverUtilsTest, org.apache.commons.math.complex.ComplexFieldTest, org.apache.commons.math.complex.ComplexFieldTest, org.apache.commons.math.complex.ComplexFormatTest, org.apache.commons.math.complex.ComplexFormatTest, org.apache.commons.math.complex.ComplexTest, org.apache.commons.math.complex.ComplexTest, org.apache.commons.math.complex.ComplexUtilsTest, org.apache.commons.math.complex.ComplexUtilsTest, org.apache.commons.math.complex.FrenchComplexFormatTest, org.apache.commons.math.complex.FrenchComplexFormatTest, org.apache.commons.math.distribution.BetaDistributionTest, org.apache.commons.math.distribution.BetaDistributionTest, org.apache.commons.math.distribution.BinomialDistributionTest, org.apache.commons.math.distribution.BinomialDistributionTest, org.apache.commons.math.distribution.CauchyDistributionTest, org.apache.commons.math.distribution.CauchyDistributionTest, org.apache.commons.math.distribution.ChiSquareDistributionTest, org.apache.commons.math.distribution.ChiSquareDistributionTest, org.apache.commons.math.distribution.ExponentialDistributionTest, org.apache.commons.math.distribution.ExponentialDistributionTest, org.apache.commons.math.distribution.FDistributionTest, org.apache.commons.math.distribution.FDistributionTest, org.apache.commons.math.distribution.GammaDistributionTest, org.apache.commons.math.distribution.GammaDistributionTest, org.apache.commons.math.distribution.HypergeometricDistributionTest, org.apache.commons.math.distribution.HypergeometricDistributionTest, org.apache.commons.math.distribution.NormalDistributionTest, org.apache.commons.math.distribution.NormalDistributionTest, org.apache.commons.math.distribution.PascalDistributionTest, org.apache.commons.math.distribution.PascalDistributionTest, org.apache.commons.math.distribution.PoissonDistributionTest, org.apache.commons.math.distribution.PoissonDistributionTest, org.apache.commons.math.distribution.TDistributionTest, org.apache.commons.math.distribution.TDistributionTest, org.apache.commons.math.distribution.WeibullDistributionTest, org.apache.commons.math.distribution.WeibullDistributionTest, org.apache.commons.math.distribution.ZipfDistributionTest, org.apache.commons.math.distribution.ZipfDistributionTest, org.apache.commons.math.estimation.EstimatedParameterTest, org.apache.commons.math.estimation.EstimatedParameterTest, org.apache.commons.math.estimation.GaussNewtonEstimatorTest, org.apache.commons.math.estimation.GaussNewtonEstimatorTest, org.apache.commons.math.estimation.LevenbergMarquardtEstimatorTest, org.apache.commons.math.estimation.LevenbergMarquardtEstimatorTest, org.apache.commons.math.estimation.MinpackTest, org.apache.commons.math.estimation.MinpackTest, org.apache.commons.math.estimation.WeightedMeasurementTest, org.apache.commons.math.estimation.WeightedMeasurementTest, org.apache.commons.math.fraction.BigFractionFieldTest, org.apache.commons.math.fraction.BigFractionFieldTest, org.apache.commons.math.fraction.BigFractionFormatTest, org.apache.commons.math.fraction.BigFractionFormatTest, org.apache.commons.math.fraction.BigFractionTest, org.apache.commons.math.fraction.BigFractionTest, org.apache.commons.math.fraction.FractionFieldTest, org.apache.commons.math.fraction.FractionFieldTest, org.apache.commons.math.fraction.FractionFormatTest, org.apache.commons.math.fraction.FractionFormatTest, org.apache.commons.math.fraction.FractionTest, org.apache.commons.math.fraction.FractionTest, org.apache.commons.math.genetics.BinaryChromosomeTest, org.apache.commons.math.genetics.BinaryChromosomeTest, org.apache.commons.math.genetics.BinaryMutationTest, org.apache.commons.math.genetics.BinaryMutationTest, org.apache.commons.math.genetics.ChromosomeTest, org.apache.commons.math.genetics.ChromosomeTest, org.apache.commons.math.genetics.ElitisticListPopulationTest, org.apache.commons.math.genetics.ElitisticListPopulationTest, org.apache.commons.math.genetics.FitnessCachingTest, org.apache.commons.math.genetics.FitnessCachingTest, org.apache.commons.math.genetics.FixedGenerationCountTest, org.apache.commons.math.genetics.FixedGenerationCountTest, org.apache.commons.math.genetics.GeneticAlgorithmTestBinary, org.apache.commons.math.genetics.GeneticAlgorithmTestBinary, org.apache.commons.math.genetics.GeneticAlgorithmTestPermutations, org.apache.commons.math.genetics.GeneticAlgorithmTestPermutations, org.apache.commons.math.genetics.ListPopulationTest, org.apache.commons.math.genetics.ListPopulationTest, org.apache.commons.math.genetics.OnePointCrossoverTest, org.apache.commons.math.genetics.OnePointCrossoverTest, org.apache.commons.math.genetics.RandomKeyMutationTest, org.apache.commons.math.genetics.RandomKeyMutationTest, org.apache.commons.math.genetics.RandomKeyTest, org.apache.commons.math.genetics.RandomKeyTest, org.apache.commons.math.genetics.TournamentSelectionTest, org.apache.commons.math.genetics.TournamentSelectionTest, org.apache.commons.math.geometry.FrenchVector3DFormatTest, org.apache.commons.math.geometry.FrenchVector3DFormatTest, org.apache.commons.math.geometry.RotationOrderTest, org.apache.commons.math.geometry.RotationOrderTest, org.apache.commons.math.geometry.RotationTest, org.apache.commons.math.geometry.RotationTest, org.apache.commons.math.geometry.Vector3DFormatTest, org.apache.commons.math.geometry.Vector3DFormatTest, org.apache.commons.math.geometry.Vector3DTest, org.apache.commons.math.geometry.Vector3DTest, org.apache.commons.math.linear.Array2DRowRealMatrixTest, org.apache.commons.math.linear.Array2DRowRealMatrixTest, org.apache.commons.math.linear.ArrayFieldVectorTest, org.apache.commons.math.linear.ArrayFieldVectorTest, org.apache.commons.math.linear.ArrayRealVectorTest, org.apache.commons.math.linear.ArrayRealVectorTest, org.apache.commons.math.linear.BiDiagonalTransformerTest, org.apache.commons.math.linear.BiDiagonalTransformerTest, org.apache.commons.math.linear.BigMatrixImplTest, org.apache.commons.math.linear.BigMatrixImplTest, org.apache.commons.math.linear.BlockFieldMatrixTest, org.apache.commons.math.linear.BlockFieldMatrixTest, org.apache.commons.math.linear.BlockRealMatrixTest, org.apache.commons.math.linear.BlockRealMatrixTest, org.apache.commons.math.linear.CholeskyDecompositionImplTest, org.apache.commons.math.linear.CholeskyDecompositionImplTest, org.apache.commons.math.linear.CholeskySolverTest, org.apache.commons.math.linear.CholeskySolverTest, org.apache.commons.math.linear.EigenDecompositionImplTest, org.apache.commons.math.linear.EigenDecompositionImplTest, org.apache.commons.math.linear.EigenSolverTest, org.apache.commons.math.linear.EigenSolverTest, org.apache.commons.math.linear.FieldLUDecompositionImplTest, org.apache.commons.math.linear.FieldLUDecompositionImplTest, org.apache.commons.math.linear.FieldMatrixImplTest, org.apache.commons.math.linear.FieldMatrixImplTest, org.apache.commons.math.linear.FrenchRealVectorFormatTest, org.apache.commons.math.linear.FrenchRealVectorFormatTest, org.apache.commons.math.linear.InvalidMatrixExceptionTest, org.apache.commons.math.linear.InvalidMatrixExceptionTest, org.apache.commons.math.linear.LUDecompositionImplTest, org.apache.commons.math.linear.LUDecompositionImplTest, org.apache.commons.math.linear.LUSolverTest, org.apache.commons.math.linear.LUSolverTest, org.apache.commons.math.linear.MatrixIndexExceptionTest, org.apache.commons.math.linear.MatrixIndexExceptionTest, org.apache.commons.math.linear.MatrixUtilsTest, org.apache.commons.math.linear.MatrixUtilsTest, org.apache.commons.math.linear.QRDecompositionImplTest, org.apache.commons.math.linear.QRDecompositionImplTest, org.apache.commons.math.linear.QRSolverTest, org.apache.commons.math.linear.QRSolverTest, org.apache.commons.math.linear.RealMatrixImplTest, org.apache.commons.math.linear.RealMatrixImplTest, org.apache.commons.math.linear.RealVectorFormatTest, org.apache.commons.math.linear.RealVectorFormatTest, org.apache.commons.math.linear.SingularValueDecompositionImplTest, org.apache.commons.math.linear.SingularValueDecompositionImplTest, org.apache.commons.math.linear.SingularValueSolverTest, org.apache.commons.math.linear.SingularValueSolverTest, org.apache.commons.math.linear.SparseFieldMatrixTest, org.apache.commons.math.linear.SparseFieldMatrixTest, org.apache.commons.math.linear.SparseFieldVectorTest, org.apache.commons.math.linear.SparseFieldVectorTest, org.apache.commons.math.linear.SparseRealMatrixTest, org.apache.commons.math.linear.SparseRealMatrixTest, org.apache.commons.math.linear.SparseRealVectorTest, org.apache.commons.math.linear.SparseRealVectorTest, org.apache.commons.math.linear.TriDiagonalTransformerTest, org.apache.commons.math.linear.TriDiagonalTransformerTest, org.apache.commons.math.ode.ContinuousOutputModelTest, org.apache.commons.math.ode.ContinuousOutputModelTest, org.apache.commons.math.ode.FirstOrderConverterTest, org.apache.commons.math.ode.FirstOrderConverterTest, org.apache.commons.math.ode.nonstiff.AdamsBashforthIntegratorTest, org.apache.commons.math.ode.nonstiff.AdamsBashforthIntegratorTest, org.apache.commons.math.ode.nonstiff.AdamsMoultonIntegratorTest, org.apache.commons.math.ode.nonstiff.AdamsMoultonIntegratorTest, org.apache.commons.math.ode.nonstiff.ClassicalRungeKuttaIntegratorTest, org.apache.commons.math.ode.nonstiff.ClassicalRungeKuttaIntegratorTest, org.apache.commons.math.ode.nonstiff.ClassicalRungeKuttaStepInterpolatorTest, org.apache.commons.math.ode.nonstiff.ClassicalRungeKuttaStepInterpolatorTest, org.apache.commons.math.ode.nonstiff.DormandPrince54IntegratorTest, org.apache.commons.math.ode.nonstiff.DormandPrince54IntegratorTest, org.apache.commons.math.ode.nonstiff.DormandPrince54StepInterpolatorTest, org.apache.commons.math.ode.nonstiff.DormandPrince54StepInterpolatorTest, org.apache.commons.math.ode.nonstiff.DormandPrince853IntegratorTest, org.apache.commons.math.ode.nonstiff.DormandPrince853IntegratorTest, org.apache.commons.math.ode.nonstiff.DormandPrince853StepInterpolatorTest, org.apache.commons.math.ode.nonstiff.DormandPrince853StepInterpolatorTest, org.apache.commons.math.ode.nonstiff.EulerIntegratorTest, org.apache.commons.math.ode.nonstiff.EulerIntegratorTest, org.apache.commons.math.ode.nonstiff.EulerStepInterpolatorTest, org.apache.commons.math.ode.nonstiff.EulerStepInterpolatorTest, org.apache.commons.math.ode.nonstiff.GillIntegratorTest, org.apache.commons.math.ode.nonstiff.GillIntegratorTest, org.apache.commons.math.ode.nonstiff.GillStepInterpolatorTest, org.apache.commons.math.ode.nonstiff.GillStepInterpolatorTest, org.apache.commons.math.ode.nonstiff.GraggBulirschStoerIntegratorTest, org.apache.commons.math.ode.nonstiff.GraggBulirschStoerIntegratorTest, org.apache.commons.math.ode.nonstiff.GraggBulirschStoerStepInterpolatorTest, org.apache.commons.math.ode.nonstiff.GraggBulirschStoerStepInterpolatorTest, org.apache.commons.math.ode.nonstiff.HighamHall54IntegratorTest, org.apache.commons.math.ode.nonstiff.HighamHall54IntegratorTest, org.apache.commons.math.ode.nonstiff.HighamHall54StepInterpolatorTest, org.apache.commons.math.ode.nonstiff.HighamHall54StepInterpolatorTest, org.apache.commons.math.ode.nonstiff.MidpointIntegratorTest, org.apache.commons.math.ode.nonstiff.MidpointIntegratorTest, org.apache.commons.math.ode.nonstiff.MidpointStepInterpolatorTest, org.apache.commons.math.ode.nonstiff.MidpointStepInterpolatorTest, org.apache.commons.math.ode.nonstiff.ThreeEighthesIntegratorTest, org.apache.commons.math.ode.nonstiff.ThreeEighthesIntegratorTest, org.apache.commons.math.ode.nonstiff.ThreeEighthesStepInterpolatorTest, org.apache.commons.math.ode.nonstiff.ThreeEighthesStepInterpolatorTest, org.apache.commons.math.ode.sampling.DummyStepInterpolatorTest, org.apache.commons.math.ode.sampling.DummyStepInterpolatorTest, org.apache.commons.math.ode.sampling.NordsieckStepInterpolatorTest, org.apache.commons.math.ode.sampling.NordsieckStepInterpolatorTest, org.apache.commons.math.ode.sampling.StepNormalizerTest, org.apache.commons.math.ode.sampling.StepNormalizerTest, org.apache.commons.math.optimization.MultiStartDifferentiableMultivariateRealOptimizerTest, org.apache.commons.math.optimization.MultiStartDifferentiableMultivariateRealOptimizerTest, org.apache.commons.math.optimization.MultiStartDifferentiableMultivariateVectorialOptimizerTest, org.apache.commons.math.optimization.MultiStartDifferentiableMultivariateVectorialOptimizerTest, org.apache.commons.math.optimization.MultiStartMultivariateRealOptimizerTest, org.apache.commons.math.optimization.MultiStartMultivariateRealOptimizerTest, org.apache.commons.math.optimization.MultiStartUnivariateRealOptimizerTest, org.apache.commons.math.optimization.MultiStartUnivariateRealOptimizerTest, org.apache.commons.math.optimization.direct.MultiDirectionalTest, org.apache.commons.math.optimization.direct.MultiDirectionalTest, org.apache.commons.math.optimization.direct.NelderMeadTest, org.apache.commons.math.optimization.direct.NelderMeadTest, org.apache.commons.math.optimization.fitting.HarmonicFitterTest, org.apache.commons.math.optimization.fitting.HarmonicFitterTest, org.apache.commons.math.optimization.fitting.PolynomialFitterTest, org.apache.commons.math.optimization.fitting.PolynomialFitterTest, org.apache.commons.math.optimization.general.GaussNewtonOptimizerTest, org.apache.commons.math.optimization.general.GaussNewtonOptimizerTest, org.apache.commons.math.optimization.general.LevenbergMarquardtOptimizerTest, org.apache.commons.math.optimization.general.LevenbergMarquardtOptimizerTest, org.apache.commons.math.optimization.general.MinpackTest, org.apache.commons.math.optimization.general.MinpackTest, org.apache.commons.math.optimization.general.NonLinearConjugateGradientOptimizerTest, org.apache.commons.math.optimization.general.NonLinearConjugateGradientOptimizerTest, org.apache.commons.math.optimization.linear.SimplexSolverTest, org.apache.commons.math.optimization.linear.SimplexSolverTest, org.apache.commons.math.optimization.linear.SimplexTableauTest, org.apache.commons.math.optimization.linear.SimplexTableauTest, org.apache.commons.math.optimization.univariate.BrentMinimizerTest, org.apache.commons.math.optimization.univariate.BrentMinimizerTest, org.apache.commons.math.random.AbstractRandomGeneratorTest, org.apache.commons.math.random.AbstractRandomGeneratorTest, org.apache.commons.math.random.CorrelatedRandomVectorGeneratorTest, org.apache.commons.math.random.CorrelatedRandomVectorGeneratorTest, org.apache.commons.math.random.EmpiricalDistributionTest, org.apache.commons.math.random.EmpiricalDistributionTest, org.apache.commons.math.random.GaussianRandomGeneratorTest, org.apache.commons.math.random.GaussianRandomGeneratorTest, org.apache.commons.math.random.MersenneTwisterTest, org.apache.commons.math.random.MersenneTwisterTest, org.apache.commons.math.random.RandomAdaptorTest, org.apache.commons.math.random.RandomAdaptorTest, org.apache.commons.math.random.RandomDataTest, org.apache.commons.math.random.RandomDataTest, org.apache.commons.math.random.UncorrelatedRandomVectorGeneratorTest, org.apache.commons.math.random.UncorrelatedRandomVectorGeneratorTest, org.apache.commons.math.random.UniformRandomGeneratorTest, org.apache.commons.math.random.UniformRandomGeneratorTest, org.apache.commons.math.random.ValueServerTest, org.apache.commons.math.random.ValueServerTest, org.apache.commons.math.special.BetaTest, org.apache.commons.math.special.BetaTest, org.apache.commons.math.special.ErfTest, org.apache.commons.math.special.ErfTest, org.apache.commons.math.special.GammaTest, org.apache.commons.math.special.GammaTest, org.apache.commons.math.stat.CertifiedDataTest, org.apache.commons.math.stat.CertifiedDataTest, org.apache.commons.math.stat.FrequencyTest, org.apache.commons.math.stat.FrequencyTest, org.apache.commons.math.stat.StatUtilsTest, org.apache.commons.math.stat.StatUtilsTest, org.apache.commons.math.stat.clustering.EuclideanIntegerPointTest, org.apache.commons.math.stat.clustering.EuclideanIntegerPointTest, org.apache.commons.math.stat.clustering.KMeansPlusPlusClustererTest, org.apache.commons.math.stat.clustering.KMeansPlusPlusClustererTest, org.apache.commons.math.stat.correlation.CovarianceTest, org.apache.commons.math.stat.correlation.CovarianceTest, org.apache.commons.math.stat.correlation.PearsonsCorrelationTest, org.apache.commons.math.stat.correlation.PearsonsCorrelationTest, org.apache.commons.math.stat.correlation.SpearmansRankCorrelationTest, org.apache.commons.math.stat.correlation.SpearmansRankCorrelationTest, org.apache.commons.math.stat.data.LewTest, org.apache.commons.math.stat.data.LewTest, org.apache.commons.math.stat.data.LotteryTest, org.apache.commons.math.stat.data.LotteryTest, org.apache.commons.math.stat.descriptive.AbstractUnivariateStatisticTest, org.apache.commons.math.stat.descriptive.AbstractUnivariateStatisticTest, org.apache.commons.math.stat.descriptive.AggregateSummaryStatisticsTest, org.apache.commons.math.stat.descriptive.AggregateSummaryStatisticsTest, org.apache.commons.math.stat.descriptive.DescriptiveStatisticsTest, org.apache.commons.math.stat.descriptive.DescriptiveStatisticsTest, org.apache.commons.math.stat.descriptive.InteractionTest, org.apache.commons.math.stat.descriptive.InteractionTest, org.apache.commons.math.stat.descriptive.ListUnivariateImplTest, org.apache.commons.math.stat.descriptive.ListUnivariateImplTest, org.apache.commons.math.stat.descriptive.MixedListUnivariateImplTest, org.apache.commons.math.stat.descriptive.MixedListUnivariateImplTest, org.apache.commons.math.stat.descriptive.MultivariateSummaryStatisticsTest, org.apache.commons.math.stat.descriptive.MultivariateSummaryStatisticsTest, org.apache.commons.math.stat.descriptive.StatisticalSummaryValuesTest, org.apache.commons.math.stat.descriptive.StatisticalSummaryValuesTest, org.apache.commons.math.stat.descriptive.SummaryStatisticsTest, org.apache.commons.math.stat.descriptive.SummaryStatisticsTest, org.apache.commons.math.stat.descriptive.SynchronizedDescriptiveStatisticsTest, org.apache.commons.math.stat.descriptive.SynchronizedDescriptiveStatisticsTest, org.apache.commons.math.stat.descriptive.SynchronizedMultivariateSummaryStatisticsTest, org.apache.commons.math.stat.descriptive.SynchronizedMultivariateSummaryStatisticsTest, org.apache.commons.math.stat.descriptive.SynchronizedSummaryStatisticsTest, org.apache.commons.math.stat.descriptive.SynchronizedSummaryStatisticsTest, org.apache.commons.math.stat.descriptive.moment.FirstMomentTest, org.apache.commons.math.stat.descriptive.moment.FirstMomentTest, org.apache.commons.math.stat.descriptive.moment.FourthMomentTest, org.apache.commons.math.stat.descriptive.moment.FourthMomentTest, org.apache.commons.math.stat.descriptive.moment.GeometricMeanTest, org.apache.commons.math.stat.descriptive.moment.GeometricMeanTest, org.apache.commons.math.stat.descriptive.moment.KurtosisTest, org.apache.commons.math.stat.descriptive.moment.KurtosisTest, org.apache.commons.math.stat.descriptive.moment.MeanTest, org.apache.commons.math.stat.descriptive.moment.MeanTest, org.apache.commons.math.stat.descriptive.moment.SecondMomentTest, org.apache.commons.math.stat.descriptive.moment.SecondMomentTest, org.apache.commons.math.stat.descriptive.moment.SkewnessTest, org.apache.commons.math.stat.descriptive.moment.SkewnessTest, org.apache.commons.math.stat.descriptive.moment.StandardDeviationTest, org.apache.commons.math.stat.descriptive.moment.StandardDeviationTest, org.apache.commons.math.stat.descriptive.moment.ThirdMomentTest, org.apache.commons.math.stat.descriptive.moment.ThirdMomentTest, org.apache.commons.math.stat.descriptive.moment.VarianceTest, org.apache.commons.math.stat.descriptive.moment.VarianceTest, org.apache.commons.math.stat.descriptive.moment.VectorialCovarianceTest, org.apache.commons.math.stat.descriptive.moment.VectorialCovarianceTest, org.apache.commons.math.stat.descriptive.moment.VectorialMeanTest, org.apache.commons.math.stat.descriptive.moment.VectorialMeanTest, org.apache.commons.math.stat.descriptive.rank.MaxTest, org.apache.commons.math.stat.descriptive.rank.MaxTest, org.apache.commons.math.stat.descriptive.rank.MedianTest, org.apache.commons.math.stat.descriptive.rank.MedianTest, org.apache.commons.math.stat.descriptive.rank.MinTest, org.apache.commons.math.stat.descriptive.rank.MinTest, org.apache.commons.math.stat.descriptive.rank.PercentileTest, org.apache.commons.math.stat.descriptive.rank.PercentileTest, org.apache.commons.math.stat.descriptive.summary.ProductTest, org.apache.commons.math.stat.descriptive.summary.ProductTest, org.apache.commons.math.stat.descriptive.summary.SumLogTest, org.apache.commons.math.stat.descriptive.summary.SumLogTest, org.apache.commons.math.stat.descriptive.summary.SumSqTest, org.apache.commons.math.stat.descriptive.summary.SumSqTest, org.apache.commons.math.stat.descriptive.summary.SumTest, org.apache.commons.math.stat.descriptive.summary.SumTest, org.apache.commons.math.stat.inference.ChiSquareFactoryTest, org.apache.commons.math.stat.inference.ChiSquareFactoryTest, org.apache.commons.math.stat.inference.ChiSquareTestTest, org.apache.commons.math.stat.inference.ChiSquareTestTest, org.apache.commons.math.stat.inference.OneWayAnovaTest, org.apache.commons.math.stat.inference.OneWayAnovaTest, org.apache.commons.math.stat.inference.TTestFactoryTest, org.apache.commons.math.stat.inference.TTestFactoryTest, org.apache.commons.math.stat.inference.TTestTest, org.apache.commons.math.stat.inference.TTestTest, org.apache.commons.math.stat.inference.TestUtilsTest, org.apache.commons.math.stat.inference.TestUtilsTest, org.apache.commons.math.stat.ranking.NaturalRankingTest, org.apache.commons.math.stat.ranking.NaturalRankingTest, org.apache.commons.math.stat.regression.GLSMultipleLinearRegressionTest, org.apache.commons.math.stat.regression.GLSMultipleLinearRegressionTest, org.apache.commons.math.stat.regression.OLSMultipleLinearRegressionTest, org.apache.commons.math.stat.regression.OLSMultipleLinearRegressionTest, org.apache.commons.math.stat.regression.SimpleRegressionTest, org.apache.commons.math.stat.regression.SimpleRegressionTest, org.apache.commons.math.transform.FastCosineTransformerTest, org.apache.commons.math.transform.FastCosineTransformerTest, org.apache.commons.math.transform.FastFourierTransformerTest, org.apache.commons.math.transform.FastFourierTransformerTest, org.apache.commons.math.transform.FastHadamardTransformerTest, org.apache.commons.math.transform.FastHadamardTransformerTest, org.apache.commons.math.transform.FastSineTransformerTest, org.apache.commons.math.transform.FastSineTransformerTest, org.apache.commons.math.util.BigRealFieldTest, org.apache.commons.math.util.BigRealFieldTest, org.apache.commons.math.util.BigRealTest, org.apache.commons.math.util.BigRealTest, org.apache.commons.math.util.ContinuedFractionTest, org.apache.commons.math.util.ContinuedFractionTest, org.apache.commons.math.util.DefaultTransformerTest, org.apache.commons.math.util.DefaultTransformerTest, org.apache.commons.math.util.MathUtilsTest, org.apache.commons.math.util.MathUtilsTest, org.apache.commons.math.util.OpenIntToDoubleHashMapTest, org.apache.commons.math.util.OpenIntToDoubleHashMapTest, org.apache.commons.math.util.OpenIntToFieldTest, org.apache.commons.math.util.OpenIntToFieldTest, org.apache.commons.math.util.ResizableDoubleArrayTest, org.apache.commons.math.util.ResizableDoubleArrayTest, org.apache.commons.math.util.TransformerMapTest, org.apache.commons.math.util.TransformerMapTest], complianceLevel=5, outputFolder=., json=true}
22:19:35.549 [main] INFO  fr.inria.lille.repair.nopol.NoPol - Available processors (cores): 8
22:19:35.561 [main] INFO  fr.inria.lille.repair.nopol.NoPol - Free memory: 190 MB
22:19:35.561 [main] INFO  fr.inria.lille.repair.nopol.NoPol - Maximum memory: 3 GB
22:19:35.562 [main] INFO  fr.inria.lille.repair.nopol.NoPol - Total memory available to JVM: 241 MB
22:19:35.562 [main] INFO  fr.inria.lille.repair.nopol.NoPol - Java version: 1.8.0_181
22:19:35.563 [main] INFO  fr.inria.lille.repair.nopol.NoPol - JAVA_HOME: /usr/lib/jvm/java-1.8.0-openjdk-amd64/bin/
22:19:35.563 [main] INFO  fr.inria.lille.repair.nopol.NoPol - PATH: /usr/lib/jvm/java-1.8.0-openjdk-amd64/bin/:/usr/lib/oar/oardodo:/usr/lib/oar/oardodo:/usr/local/bin:/usr/bin:/bin:/usr/games
22:19:58.520 [pool-2-thread-1] DEBUG fr.inria.lille.repair.nopol.NoPol - statement #1
22:19:58.521 [pool-2-thread-1] DEBUG fr.inria.lille.repair.nopol.NoPol - Analysing SourceLocation org.apache.commons.math.optimization.linear.SimplexTableau:349 which is executed by 4 tests
-1081517891
22:19:59.101 [pool-2-thread-1] DEBUG fr.inria.lille.repair.nopol.NoPol - looking with class fr.inria.lille.repair.nopol.spoon.smt.ConditionalAdder
java.lang.AssertionError: expected:<6.9> but was:<4.6000000000000005>
    at org.junit.Assert.fail(Assert.java:88)
    at org.junit.Assert.failNotEquals(Assert.java:743)
    at org.junit.Assert.assertEquals(Assert.java:494)
    at org.junit.Assert.assertEquals(Assert.java:592)
    at org.apache.commons.math.optimization.linear.SimplexSolverTest.testMath286(SimplexSolverTest.java:58)
    at sun.reflect.NativeMethodAccessorImpl.invoke0(Native Method)
22:19:59.282 [pool-4-thread-1] INFO  xxl.java.junit.TestCasesListener - Tests run finished (139 ms)
<> Total tests run: 13
<> Ignored tests: 0
<> Failed tests: 1
~ testMath286(org.apache.commons.math.optimization.linear.SimplexSolverTest)
[expected:<6.9> but was:<4.6000000000000005>]
java.lang.AssertionError: expected:<6.9> but was:<4.6000000000000005>    at org.junit.Assert.fail(Assert.java:88)
    at org.junit.Assert.failNotEquals(Assert.java:743)
    at org.junit.Assert.assertEquals(Assert.java:494)
    at org.junit.Assert.assertEquals(Assert.java:592)
    at org.apache.commons.math.optimization.linear.SimplexSolverTest.testMath286(SimplexSolverTest.java:58)
    at sun.reflect.NativeMethodAccessorImpl.invoke0(Native Method)

java.lang.AssertionError: expected:<6.9> but was:<4.6000000000000005>
    at org.junit.Assert.fail(Assert.java:88)
    at org.junit.Assert.failNotEquals(Assert.java:743)
    at org.junit.Assert.assertEquals(Assert.java:494)
    at org.junit.Assert.assertEquals(Assert.java:592)
    at org.apache.commons.math.optimization.linear.SimplexSolverTest.testMath286(SimplexSolverTest.java:58)
    at sun.reflect.NativeMethodAccessorImpl.invoke0(Native Method)
22:20:00.592 [pool-5-thread-1] INFO  f.i.l.c.t.SpecificationTestCasesListener - Tests run finished (23 ms)
<> Total tests run: 1
<> Ignored tests: 0
<> Failed tests: 1
~ testMath286(org.apache.commons.math.optimization.linear.SimplexSolverTest)
[expected:<6.9> but was:<4.6000000000000005>]
java.lang.AssertionError: expected:<6.9> but was:<4.6000000000000005>    at org.junit.Assert.fail(Assert.java:88)
    at org.junit.Assert.failNotEquals(Assert.java:743)
    at org.junit.Assert.assertEquals(Assert.java:494)
    at org.junit.Assert.assertEquals(Assert.java:592)
    at org.apache.commons.math.optimization.linear.SimplexSolverTest.testMath286(SimplexSolverTest.java:58)
    at sun.reflect.NativeMethodAccessorImpl.invoke0(Native Method)

java.lang.AssertionError: expected:<6.9> but was:<4.6000000000000005>
    at org.junit.Assert.fail(Assert.java:88)
    at org.junit.Assert.failNotEquals(Assert.java:743)
    at org.junit.Assert.assertEquals(Assert.java:494)
    at org.junit.Assert.assertEquals(Assert.java:592)
    at org.apache.commons.math.optimization.linear.SimplexSolverTest.testMath286(SimplexSolverTest.java:58)
    at sun.reflect.NativeMethodAccessorImpl.invoke0(Native Method)
22:20:00.596 [pool-6-thread-1] INFO  f.i.l.c.t.SpecificationTestCasesListener - Tests run finished (2 ms)
<> Total tests run: 1
<> Ignored tests: 0
<> Failed tests: 1
~ testMath286(org.apache.commons.math.optimization.linear.SimplexSolverTest)
[expected:<6.9> but was:<4.6000000000000005>]
java.lang.AssertionError: expected:<6.9> but was:<4.6000000000000005>    at org.junit.Assert.fail(Assert.java:88)
    at org.junit.Assert.failNotEquals(Assert.java:743)
    at org.junit.Assert.assertEquals(Assert.java:494)
    at org.junit.Assert.assertEquals(Assert.java:592)
    at org.apache.commons.math.optimization.linear.SimplexSolverTest.testMath286(SimplexSolverTest.java:58)
    at sun.reflect.NativeMethodAccessorImpl.invoke0(Native Method)

22:20:00.597 [pool-3-thread-1] DEBUG tests.output - Failing tests with false: 
[testMath286(org.apache.commons.math.optimization.linear.SimplexSolverTest): expected:<6.9> but was:<4.6000000000000005>]
22:20:00.597 [pool-3-thread-1] DEBUG tests.output - Failing tests with true: 
[testMath286(org.apache.commons.math.optimization.linear.SimplexSolverTest): expected:<6.9> but was:<4.6000000000000005>]
22:20:00.603 [pool-3-thread-1] INFO  f.i.l.r.n.synth.SMTNopolSynthesizer - Not enough specifications: 0. A trivial patch is "true" or "false", please write new tests specifying SourceLocation org.apache.commons.math.optimization.linear.SimplexTableau:349.
22:20:00.604 [pool-2-thread-1] DEBUG fr.inria.lille.repair.nopol.NoPol - statement #2
22:20:00.604 [pool-2-thread-1] DEBUG fr.inria.lille.repair.nopol.NoPol - Analysing SourceLocation org.apache.commons.math.optimization.linear.SimplexSolver:190 which is executed by 8 tests
-1435753318
22:20:00.781 [pool-2-thread-1] DEBUG fr.inria.lille.repair.nopol.NoPol - looking with class fr.inria.lille.repair.nopol.spoon.smt.ConditionalAdder
java.lang.AssertionError: expected:<6.9> but was:<4.6000000000000005>
    at org.junit.Assert.fail(Assert.java:88)
    at org.junit.Assert.failNotEquals(Assert.java:743)
    at org.junit.Assert.assertEquals(Assert.java:494)
    at org.junit.Assert.assertEquals(Assert.java:592)
    at org.apache.commons.math.optimization.linear.SimplexSolverTest.testMath286(SimplexSolverTest.java:58)
    at sun.reflect.NativeMethodAccessorImpl.invoke0(Native Method)
22:20:00.902 [pool-8-thread-1] INFO  xxl.java.junit.TestCasesListener - Tests run finished (113 ms)
<> Total tests run: 13
<> Ignored tests: 0
<> Failed tests: 1
~ testMath286(org.apache.commons.math.optimization.linear.SimplexSolverTest)
[expected:<6.9> but was:<4.6000000000000005>]
java.lang.AssertionError: expected:<6.9> but was:<4.6000000000000005>    at org.junit.Assert.fail(Assert.java:88)
    at org.junit.Assert.failNotEquals(Assert.java:743)
    at org.junit.Assert.assertEquals(Assert.java:494)
    at org.junit.Assert.assertEquals(Assert.java:592)
    at org.apache.commons.math.optimization.linear.SimplexSolverTest.testMath286(SimplexSolverTest.java:58)
    at sun.reflect.NativeMethodAccessorImpl.invoke0(Native Method)

java.lang.OutOfMemoryError: Java heap space
    at java.util.Arrays.copyOf(Arrays.java:3181)
    at java.util.ArrayList.grow(ArrayList.java:265)
    at java.util.ArrayList.ensureExplicitCapacity(ArrayList.java:239)
    at java.util.ArrayList.ensureCapacityInternal(ArrayList.java:231)
    at java.util.ArrayList.add(ArrayList.java:462)
    at fr.inria.lille.repair.nopol.synth.AngelicExecution.angelicValue(AngelicExecution.java:16)
22:22:35.062 [pool-9-thread-1] INFO  f.i.l.c.t.SpecificationTestCasesListener - Tests run finished (153852 ms)
<> Total tests run: 1
<> Ignored tests: 0
<> Failed tests: 1
~ testMath286(org.apache.commons.math.optimization.linear.SimplexSolverTest)
[Java heap space]
java.lang.OutOfMemoryError: Java heap space    at java.util.Arrays.copyOf(Arrays.java:3181)
    at java.util.ArrayList.grow(ArrayList.java:265)
    at java.util.ArrayList.ensureExplicitCapacity(ArrayList.java:239)
    at java.util.ArrayList.ensureCapacityInternal(ArrayList.java:231)
    at java.util.ArrayList.add(ArrayList.java:462)
    at fr.inria.lille.repair.nopol.synth.AngelicExecution.angelicValue(AngelicExecution.java:16)

java.lang.AssertionError: expected:<6.9> but was:<4.6000000000000005>
    at org.junit.Assert.fail(Assert.java:88)
    at org.junit.Assert.failNotEquals(Assert.java:743)
    at org.junit.Assert.assertEquals(Assert.java:494)
    at org.junit.Assert.assertEquals(Assert.java:592)
    at org.apache.commons.math.optimization.linear.SimplexSolverTest.testMath286(SimplexSolverTest.java:58)
    at sun.reflect.NativeMethodAccessorImpl.invoke0(Native Method)
22:23:23.763 [pool-10-thread-1] INFO  f.i.l.c.t.SpecificationTestCasesListener - Tests run finished (1433 ms)
<> Total tests run: 1
<> Ignored tests: 0
<> Failed tests: 1
~ testMath286(org.apache.commons.math.optimization.linear.SimplexSolverTest)
[expected:<6.9> but was:<4.6000000000000005>]
java.lang.AssertionError: expected:<6.9> but was:<4.6000000000000005>    at org.junit.Assert.fail(Assert.java:88)
    at org.junit.Assert.failNotEquals(Assert.java:743)
    at org.junit.Assert.assertEquals(Assert.java:494)
    at org.junit.Assert.assertEquals(Assert.java:592)
    at org.apache.commons.math.optimization.linear.SimplexSolverTest.testMath286(SimplexSolverTest.java:58)
    at sun.reflect.NativeMethodAccessorImpl.invoke0(Native Method)

22:23:23.765 [pool-7-thread-1] DEBUG tests.output - Failing tests with false: 
[testMath286(org.apache.commons.math.optimization.linear.SimplexSolverTest): Java heap space]
22:23:23.767 [pool-7-thread-1] DEBUG tests.output - Failing tests with true: 
[testMath286(org.apache.commons.math.optimization.linear.SimplexSolverTest): expected:<6.9> but was:<4.6000000000000005>]
22:23:23.767 [pool-7-thread-1] INFO  f.i.l.r.n.synth.SMTNopolSynthesizer - Not enough specifications: 0. A trivial patch is "true" or "false", please write new tests specifying SourceLocation org.apache.commons.math.optimization.linear.SimplexSolver:190.
22:23:23.768 [pool-2-thread-1] DEBUG fr.inria.lille.repair.nopol.NoPol - statement #3
22:23:23.768 [pool-2-thread-1] DEBUG fr.inria.lille.repair.nopol.NoPol - Analysing SourceLocation org.apache.commons.math.optimization.linear.SimplexSolver:151 which is executed by 8 tests
-1435753318
22:23:23.964 [pool-2-thread-1] DEBUG fr.inria.lille.repair.nopol.NoPol - looking with class fr.inria.lille.repair.nopol.spoon.smt.ConditionalAdder
java.lang.AssertionError: expected:<6.9> but was:<4.6000000000000005>
    at org.junit.Assert.fail(Assert.java:88)
    at org.junit.Assert.failNotEquals(Assert.java:743)
    at org.junit.Assert.assertEquals(Assert.java:494)
    at org.junit.Assert.assertEquals(Assert.java:592)
    at org.apache.commons.math.optimization.linear.SimplexSolverTest.testMath286(SimplexSolverTest.java:58)
    at sun.reflect.NativeMethodAccessorImpl.invoke0(Native Method)
22:23:24.063 [pool-12-thread-1] INFO  xxl.java.junit.TestCasesListener - Tests run finished (90 ms)
<> Total tests run: 13
<> Ignored tests: 0
<> Failed tests: 1
~ testMath286(org.apache.commons.math.optimization.linear.SimplexSolverTest)
[expected:<6.9> but was:<4.6000000000000005>]
java.lang.AssertionError: expected:<6.9> but was:<4.6000000000000005>    at org.junit.Assert.fail(Assert.java:88)
    at org.junit.Assert.failNotEquals(Assert.java:743)
    at org.junit.Assert.assertEquals(Assert.java:494)
    at org.junit.Assert.assertEquals(Assert.java:592)
    at org.apache.commons.math.optimization.linear.SimplexSolverTest.testMath286(SimplexSolverTest.java:58)
    at sun.reflect.NativeMethodAccessorImpl.invoke0(Native Method)

java.lang.AssertionError: expected:<6.9> but was:<4.6000000000000005>
    at org.junit.Assert.fail(Assert.java:88)
    at org.junit.Assert.failNotEquals(Assert.java:743)
    at org.junit.Assert.assertEquals(Assert.java:494)
    at org.junit.Assert.assertEquals(Assert.java:592)
    at org.apache.commons.math.optimization.linear.SimplexSolverTest.testMath286(SimplexSolverTest.java:58)
    at sun.reflect.NativeMethodAccessorImpl.invoke0(Native Method)
22:23:24.384 [pool-13-thread-1] INFO  f.i.l.c.t.SpecificationTestCasesListener - Tests run finished (17 ms)
<> Total tests run: 1
<> Ignored tests: 0
<> Failed tests: 1
~ testMath286(org.apache.commons.math.optimization.linear.SimplexSolverTest)
[expected:<6.9> but was:<4.6000000000000005>]
java.lang.AssertionError: expected:<6.9> but was:<4.6000000000000005>    at org.junit.Assert.fail(Assert.java:88)
    at org.junit.Assert.failNotEquals(Assert.java:743)
    at org.junit.Assert.assertEquals(Assert.java:494)
    at org.junit.Assert.assertEquals(Assert.java:592)
    at org.apache.commons.math.optimization.linear.SimplexSolverTest.testMath286(SimplexSolverTest.java:58)
    at sun.reflect.NativeMethodAccessorImpl.invoke0(Native Method)

java.lang.AssertionError: expected:<6.9> but was:<4.6000000000000005>
    at org.junit.Assert.fail(Assert.java:88)
    at org.junit.Assert.failNotEquals(Assert.java:743)
    at org.junit.Assert.assertEquals(Assert.java:494)
    at org.junit.Assert.assertEquals(Assert.java:592)
    at org.apache.commons.math.optimization.linear.SimplexSolverTest.testMath286(SimplexSolverTest.java:58)
    at sun.reflect.NativeMethodAccessorImpl.invoke0(Native Method)
22:23:24.386 [pool-14-thread-1] INFO  f.i.l.c.t.SpecificationTestCasesListener - Tests run finished (1 ms)
<> Total tests run: 1
<> Ignored tests: 0
<> Failed tests: 1
~ testMath286(org.apache.commons.math.optimization.linear.SimplexSolverTest)
[expected:<6.9> but was:<4.6000000000000005>]
java.lang.AssertionError: expected:<6.9> but was:<4.6000000000000005>    at org.junit.Assert.fail(Assert.java:88)
    at org.junit.Assert.failNotEquals(Assert.java:743)
    at org.junit.Assert.assertEquals(Assert.java:494)
    at org.junit.Assert.assertEquals(Assert.java:592)
    at org.apache.commons.math.optimization.linear.SimplexSolverTest.testMath286(SimplexSolverTest.java:58)
    at sun.reflect.NativeMethodAccessorImpl.invoke0(Native Method)

22:23:24.387 [pool-11-thread-1] DEBUG tests.output - Failing tests with false: 
[testMath286(org.apache.commons.math.optimization.linear.SimplexSolverTest): expected:<6.9> but was:<4.6000000000000005>]
22:23:24.387 [pool-11-thread-1] DEBUG tests.output - Failing tests with true: 
[testMath286(org.apache.commons.math.optimization.linear.SimplexSolverTest): expected:<6.9> but was:<4.6000000000000005>]
22:23:24.388 [pool-11-thread-1] INFO  f.i.l.r.n.synth.SMTNopolSynthesizer - Not enough specifications: 0. A trivial patch is "true" or "false", please write new tests specifying SourceLocation org.apache.commons.math.optimization.linear.SimplexSolver:151.
22:23:24.388 [pool-2-thread-1] DEBUG fr.inria.lille.repair.nopol.NoPol - statement #4
22:23:24.388 [pool-2-thread-1] DEBUG fr.inria.lille.repair.nopol.NoPol - Analysing SourceLocation org.apache.commons.math.optimization.linear.SimplexTableau:297 which is executed by 10 tests
-1081517891
22:23:24.591 [pool-2-thread-1] DEBUG fr.inria.lille.repair.nopol.NoPol - looking with class fr.inria.lille.repair.nopol.spoon.smt.ConditionalAdder
java.lang.AssertionError: expected:<6.9> but was:<4.6000000000000005>
    at org.junit.Assert.fail(Assert.java:88)
    at org.junit.Assert.failNotEquals(Assert.java:743)
    at org.junit.Assert.assertEquals(Assert.java:494)
    at org.junit.Assert.assertEquals(Assert.java:592)
    at org.apache.commons.math.optimization.linear.SimplexSolverTest.testMath286(SimplexSolverTest.java:58)
    at sun.reflect.NativeMethodAccessorImpl.invoke0(Native Method)
22:23:24.789 [pool-16-thread-1] INFO  xxl.java.junit.TestCasesListener - Tests run finished (191 ms)
<> Total tests run: 13
<> Ignored tests: 0
<> Failed tests: 1
~ testMath286(org.apache.commons.math.optimization.linear.SimplexSolverTest)
[expected:<6.9> but was:<4.6000000000000005>]
java.lang.AssertionError: expected:<6.9> but was:<4.6000000000000005>    at org.junit.Assert.fail(Assert.java:88)
    at org.junit.Assert.failNotEquals(Assert.java:743)
    at org.junit.Assert.assertEquals(Assert.java:494)
    at org.junit.Assert.assertEquals(Assert.java:592)
    at org.apache.commons.math.optimization.linear.SimplexSolverTest.testMath286(SimplexSolverTest.java:58)
    at sun.reflect.NativeMethodAccessorImpl.invoke0(Native Method)

java.lang.AssertionError: expected:<6.9> but was:<4.6000000000000005>
    at org.junit.Assert.fail(Assert.java:88)
    at org.junit.Assert.failNotEquals(Assert.java:743)
    at org.junit.Assert.assertEquals(Assert.java:494)
    at org.junit.Assert.assertEquals(Assert.java:592)
    at org.apache.commons.math.optimization.linear.SimplexSolverTest.testMath286(SimplexSolverTest.java:58)
    at sun.reflect.NativeMethodAccessorImpl.invoke0(Native Method)
22:23:25.202 [pool-17-thread-1] INFO  f.i.l.c.t.SpecificationTestCasesListener - Tests run finished (20 ms)
<> Total tests run: 1
<> Ignored tests: 0
<> Failed tests: 1
~ testMath286(org.apache.commons.math.optimization.linear.SimplexSolverTest)
[expected:<6.9> but was:<4.6000000000000005>]
java.lang.AssertionError: expected:<6.9> but was:<4.6000000000000005>    at org.junit.Assert.fail(Assert.java:88)
    at org.junit.Assert.failNotEquals(Assert.java:743)
    at org.junit.Assert.assertEquals(Assert.java:494)
    at org.junit.Assert.assertEquals(Assert.java:592)
    at org.apache.commons.math.optimization.linear.SimplexSolverTest.testMath286(SimplexSolverTest.java:58)
    at sun.reflect.NativeMethodAccessorImpl.invoke0(Native Method)

java.lang.AssertionError: expected:<6.9> but was:<4.6000000000000005>
    at org.junit.Assert.fail(Assert.java:88)
    at org.junit.Assert.failNotEquals(Assert.java:743)
    at org.junit.Assert.assertEquals(Assert.java:494)
    at org.junit.Assert.assertEquals(Assert.java:592)
    at org.apache.commons.math.optimization.linear.SimplexSolverTest.testMath286(SimplexSolverTest.java:58)
    at sun.reflect.NativeMethodAccessorImpl.invoke0(Native Method)
22:23:25.207 [pool-18-thread-1] INFO  f.i.l.c.t.SpecificationTestCasesListener - Tests run finished (2 ms)
<> Total tests run: 1
<> Ignored tests: 0
<> Failed tests: 1
~ testMath286(org.apache.commons.math.optimization.linear.SimplexSolverTest)
[expected:<6.9> but was:<4.6000000000000005>]
java.lang.AssertionError: expected:<6.9> but was:<4.6000000000000005>    at org.junit.Assert.fail(Assert.java:88)
    at org.junit.Assert.failNotEquals(Assert.java:743)
    at org.junit.Assert.assertEquals(Assert.java:494)
    at org.junit.Assert.assertEquals(Assert.java:592)
    at org.apache.commons.math.optimization.linear.SimplexSolverTest.testMath286(SimplexSolverTest.java:58)
    at sun.reflect.NativeMethodAccessorImpl.invoke0(Native Method)

22:23:25.208 [pool-15-thread-1] DEBUG tests.output - Failing tests with false: 
[testMath286(org.apache.commons.math.optimization.linear.SimplexSolverTest): expected:<6.9> but was:<4.6000000000000005>]
22:23:25.208 [pool-15-thread-1] DEBUG tests.output - Failing tests with true: 
[testMath286(org.apache.commons.math.optimization.linear.SimplexSolverTest): expected:<6.9> but was:<4.6000000000000005>]
22:23:25.208 [pool-15-thread-1] INFO  f.i.l.r.n.synth.SMTNopolSynthesizer - Not enough specifications: 0. A trivial patch is "true" or "false", please write new tests specifying SourceLocation org.apache.commons.math.optimization.linear.SimplexTableau:297.
22:23:25.208 [pool-2-thread-1] DEBUG fr.inria.lille.repair.nopol.NoPol - statement #5
22:23:25.208 [pool-2-thread-1] DEBUG fr.inria.lille.repair.nopol.NoPol - Analysing SourceLocation org.apache.commons.math.optimization.linear.SimplexSolver:179 which is executed by 10 tests
-1435753318
22:23:25.382 [pool-2-thread-1] DEBUG fr.inria.lille.repair.nopol.NoPol - statement #6
22:23:25.382 [pool-2-thread-1] DEBUG fr.inria.lille.repair.nopol.NoPol - Analysing SourceLocation org.apache.commons.math.optimization.linear.LinearObjectiveFunction:92 which is executed by 11 tests
1078222701
22:23:25.554 [pool-2-thread-1] DEBUG fr.inria.lille.repair.nopol.NoPol - statement #7
22:23:25.555 [pool-2-thread-1] DEBUG fr.inria.lille.repair.nopol.NoPol - Analysing SourceLocation org.apache.commons.math.optimization.linear.SimplexTableau:481 which is executed by 11 tests
-1081517891
22:23:25.751 [pool-2-thread-1] DEBUG fr.inria.lille.repair.nopol.NoPol - statement #8
22:23:25.751 [pool-2-thread-1] DEBUG fr.inria.lille.repair.nopol.NoPol - Analysing SourceLocation org.apache.commons.math.optimization.linear.SimplexTableau:458 which is executed by 11 tests
-1081517891
22:23:25.946 [pool-2-thread-1] DEBUG fr.inria.lille.repair.nopol.NoPol - statement #9
22:23:25.947 [pool-2-thread-1] DEBUG fr.inria.lille.repair.nopol.NoPol - Analysing SourceLocation org.apache.commons.math.optimization.linear.SimplexTableau:357 which is executed by 11 tests
-1081517891
22:23:26.140 [pool-2-thread-1] DEBUG fr.inria.lille.repair.nopol.NoPol - statement #10
22:23:26.140 [pool-2-thread-1] DEBUG fr.inria.lille.repair.nopol.NoPol - Analysing SourceLocation org.apache.commons.math.optimization.linear.SimplexTableau:352 which is executed by 11 tests
-1081517891
22:23:26.332 [pool-2-thread-1] DEBUG fr.inria.lille.repair.nopol.NoPol - looking with class fr.inria.lille.repair.nopol.spoon.smt.ConditionalAdder
java.lang.AssertionError: expected:<6.9> but was:<4.6000000000000005>
    at org.junit.Assert.fail(Assert.java:88)
    at org.junit.Assert.failNotEquals(Assert.java:743)
    at org.junit.Assert.assertEquals(Assert.java:494)
    at org.junit.Assert.assertEquals(Assert.java:592)
    at org.apache.commons.math.optimization.linear.SimplexSolverTest.testMath286(SimplexSolverTest.java:58)
    at sun.reflect.NativeMethodAccessorImpl.invoke0(Native Method)
22:23:26.564 [pool-20-thread-1] INFO  xxl.java.junit.TestCasesListener - Tests run finished (224 ms)
<> Total tests run: 13
<> Ignored tests: 0
<> Failed tests: 1
~ testMath286(org.apache.commons.math.optimization.linear.SimplexSolverTest)
[expected:<6.9> but was:<4.6000000000000005>]
java.lang.AssertionError: expected:<6.9> but was:<4.6000000000000005>    at org.junit.Assert.fail(Assert.java:88)
    at org.junit.Assert.failNotEquals(Assert.java:743)
    at org.junit.Assert.assertEquals(Assert.java:494)
    at org.junit.Assert.assertEquals(Assert.java:592)
    at org.apache.commons.math.optimization.linear.SimplexSolverTest.testMath286(SimplexSolverTest.java:58)
    at sun.reflect.NativeMethodAccessorImpl.invoke0(Native Method)

java.lang.AssertionError: expected:<6.9> but was:<0.0>
    at org.junit.Assert.fail(Assert.java:88)
    at org.junit.Assert.failNotEquals(Assert.java:743)
    at org.junit.Assert.assertEquals(Assert.java:494)
    at org.junit.Assert.assertEquals(Assert.java:592)
    at org.apache.commons.math.optimization.linear.SimplexSolverTest.testMath286(SimplexSolverTest.java:58)
    at sun.reflect.NativeMethodAccessorImpl.invoke0(Native Method)
22:23:27.171 [pool-21-thread-1] INFO  f.i.l.c.t.SpecificationTestCasesListener - Tests run finished (17 ms)
<> Total tests run: 1
<> Ignored tests: 0
<> Failed tests: 1
~ testMath286(org.apache.commons.math.optimization.linear.SimplexSolverTest)
[expected:<6.9> but was:<0.0>]
java.lang.AssertionError: expected:<6.9> but was:<0.0>    at org.junit.Assert.fail(Assert.java:88)
    at org.junit.Assert.failNotEquals(Assert.java:743)
    at org.junit.Assert.assertEquals(Assert.java:494)
    at org.junit.Assert.assertEquals(Assert.java:592)
    at org.apache.commons.math.optimization.linear.SimplexSolverTest.testMath286(SimplexSolverTest.java:58)
    at sun.reflect.NativeMethodAccessorImpl.invoke0(Native Method)

java.lang.AssertionError: expected:<6.9> but was:<4.6000000000000005>
    at org.junit.Assert.fail(Assert.java:88)
    at org.junit.Assert.failNotEquals(Assert.java:743)
    at org.junit.Assert.assertEquals(Assert.java:494)
    at org.junit.Assert.assertEquals(Assert.java:592)
    at org.apache.commons.math.optimization.linear.SimplexSolverTest.testMath286(SimplexSolverTest.java:58)
    at sun.reflect.NativeMethodAccessorImpl.invoke0(Native Method)
22:23:27.182 [pool-22-thread-1] INFO  f.i.l.c.t.SpecificationTestCasesListener - Tests run finished (1 ms)
<> Total tests run: 1
<> Ignored tests: 0
<> Failed tests: 1
~ testMath286(org.apache.commons.math.optimization.linear.SimplexSolverTest)
[expected:<6.9> but was:<4.6000000000000005>]
java.lang.AssertionError: expected:<6.9> but was:<4.6000000000000005>    at org.junit.Assert.fail(Assert.java:88)
    at org.junit.Assert.failNotEquals(Assert.java:743)
    at org.junit.Assert.assertEquals(Assert.java:494)
    at org.junit.Assert.assertEquals(Assert.java:592)
    at org.apache.commons.math.optimization.linear.SimplexSolverTest.testMath286(SimplexSolverTest.java:58)
    at sun.reflect.NativeMethodAccessorImpl.invoke0(Native Method)

22:23:27.183 [pool-19-thread-1] DEBUG tests.output - Failing tests with false: 
[testMath286(org.apache.commons.math.optimization.linear.SimplexSolverTest): expected:<6.9> but was:<0.0>]
22:23:27.183 [pool-19-thread-1] DEBUG tests.output - Failing tests with true: 
[testMath286(org.apache.commons.math.optimization.linear.SimplexSolverTest): expected:<6.9> but was:<4.6000000000000005>]
22:23:27.183 [pool-19-thread-1] INFO  f.i.l.r.n.synth.SMTNopolSynthesizer - Not enough specifications: 0. A trivial patch is "true" or "false", please write new tests specifying SourceLocation org.apache.commons.math.optimization.linear.SimplexTableau:352.
22:23:27.184 [pool-2-thread-1] DEBUG fr.inria.lille.repair.nopol.NoPol - statement #11
22:23:27.184 [pool-2-thread-1] DEBUG fr.inria.lille.repair.nopol.NoPol - Analysing SourceLocation org.apache.commons.math.optimization.linear.SimplexTableau:351 which is executed by 11 tests
-1081517891
22:23:27.375 [pool-2-thread-1] DEBUG fr.inria.lille.repair.nopol.NoPol - looking with class fr.inria.lille.repair.nopol.spoon.smt.ConditionalAdder
java.lang.AssertionError: expected:<6.9> but was:<4.6000000000000005>
    at org.junit.Assert.fail(Assert.java:88)
    at org.junit.Assert.failNotEquals(Assert.java:743)
    at org.junit.Assert.assertEquals(Assert.java:494)
    at org.junit.Assert.assertEquals(Assert.java:592)
    at org.apache.commons.math.optimization.linear.SimplexSolverTest.testMath286(SimplexSolverTest.java:58)
    at sun.reflect.NativeMethodAccessorImpl.invoke0(Native Method)
22:23:27.466 [pool-24-thread-1] INFO  xxl.java.junit.TestCasesListener - Tests run finished (84 ms)
<> Total tests run: 13
<> Ignored tests: 0
<> Failed tests: 1
~ testMath286(org.apache.commons.math.optimization.linear.SimplexSolverTest)
[expected:<6.9> but was:<4.6000000000000005>]
java.lang.AssertionError: expected:<6.9> but was:<4.6000000000000005>    at org.junit.Assert.fail(Assert.java:88)
    at org.junit.Assert.failNotEquals(Assert.java:743)
    at org.junit.Assert.assertEquals(Assert.java:494)
    at org.junit.Assert.assertEquals(Assert.java:592)
    at org.apache.commons.math.optimization.linear.SimplexSolverTest.testMath286(SimplexSolverTest.java:58)
    at sun.reflect.NativeMethodAccessorImpl.invoke0(Native Method)

java.lang.AssertionError: expected:<6.9> but was:<11.5>
    at org.junit.Assert.fail(Assert.java:88)
    at org.junit.Assert.failNotEquals(Assert.java:743)
    at org.junit.Assert.assertEquals(Assert.java:494)
    at org.junit.Assert.assertEquals(Assert.java:592)
    at org.apache.commons.math.optimization.linear.SimplexSolverTest.testMath286(SimplexSolverTest.java:58)
    at sun.reflect.NativeMethodAccessorImpl.invoke0(Native Method)
22:23:27.829 [pool-25-thread-1] INFO  f.i.l.c.t.SpecificationTestCasesListener - Tests run finished (18 ms)
<> Total tests run: 1
<> Ignored tests: 0
<> Failed tests: 1
~ testMath286(org.apache.commons.math.optimization.linear.SimplexSolverTest)
[expected:<6.9> but was:<11.5>]
java.lang.AssertionError: expected:<6.9> but was:<11.5>    at org.junit.Assert.fail(Assert.java:88)
    at org.junit.Assert.failNotEquals(Assert.java:743)
    at org.junit.Assert.assertEquals(Assert.java:494)
    at org.junit.Assert.assertEquals(Assert.java:592)
    at org.apache.commons.math.optimization.linear.SimplexSolverTest.testMath286(SimplexSolverTest.java:58)
    at sun.reflect.NativeMethodAccessorImpl.invoke0(Native Method)

java.lang.AssertionError: expected:<6.9> but was:<4.6000000000000005>
    at org.junit.Assert.fail(Assert.java:88)
    at org.junit.Assert.failNotEquals(Assert.java:743)
    at org.junit.Assert.assertEquals(Assert.java:494)
    at org.junit.Assert.assertEquals(Assert.java:592)
    at org.apache.commons.math.optimization.linear.SimplexSolverTest.testMath286(SimplexSolverTest.java:58)
    at sun.reflect.NativeMethodAccessorImpl.invoke0(Native Method)
22:23:27.832 [pool-26-thread-1] INFO  f.i.l.c.t.SpecificationTestCasesListener - Tests run finished (1 ms)
<> Total tests run: 1
<> Ignored tests: 0
<> Failed tests: 1
~ testMath286(org.apache.commons.math.optimization.linear.SimplexSolverTest)
[expected:<6.9> but was:<4.6000000000000005>]
java.lang.AssertionError: expected:<6.9> but was:<4.6000000000000005>    at org.junit.Assert.fail(Assert.java:88)
    at org.junit.Assert.failNotEquals(Assert.java:743)
    at org.junit.Assert.assertEquals(Assert.java:494)
    at org.junit.Assert.assertEquals(Assert.java:592)
    at org.apache.commons.math.optimization.linear.SimplexSolverTest.testMath286(SimplexSolverTest.java:58)
    at sun.reflect.NativeMethodAccessorImpl.invoke0(Native Method)

22:23:27.833 [pool-23-thread-1] DEBUG tests.output - Failing tests with false: 
[testMath286(org.apache.commons.math.optimization.linear.SimplexSolverTest): expected:<6.9> but was:<11.5>]
22:23:27.833 [pool-23-thread-1] DEBUG tests.output - Failing tests with true: 
[testMath286(org.apache.commons.math.optimization.linear.SimplexSolverTest): expected:<6.9> but was:<4.6000000000000005>]
22:23:27.833 [pool-23-thread-1] INFO  f.i.l.r.n.synth.SMTNopolSynthesizer - Not enough specifications: 0. A trivial patch is "true" or "false", please write new tests specifying SourceLocation org.apache.commons.math.optimization.linear.SimplexTableau:351.
22:23:27.833 [pool-2-thread-1] DEBUG fr.inria.lille.repair.nopol.NoPol - statement #12
22:23:27.834 [pool-2-thread-1] DEBUG fr.inria.lille.repair.nopol.NoPol - Analysing SourceLocation org.apache.commons.math.optimization.linear.SimplexTableau:346 which is executed by 11 tests
-1081517891
22:23:28.025 [pool-2-thread-1] DEBUG fr.inria.lille.repair.nopol.NoPol - looking with class fr.inria.lille.repair.nopol.spoon.smt.ConditionalAdder
java.lang.AssertionError: expected:<6.9> but was:<4.6000000000000005>
    at org.junit.Assert.fail(Assert.java:88)
    at org.junit.Assert.failNotEquals(Assert.java:743)
    at org.junit.Assert.assertEquals(Assert.java:494)
    at org.junit.Assert.assertEquals(Assert.java:592)
    at org.apache.commons.math.optimization.linear.SimplexSolverTest.testMath286(SimplexSolverTest.java:58)
    at sun.reflect.NativeMethodAccessorImpl.invoke0(Native Method)
22:23:28.109 [pool-28-thread-1] INFO  xxl.java.junit.TestCasesListener - Tests run finished (77 ms)
<> Total tests run: 13
<> Ignored tests: 0
<> Failed tests: 1
~ testMath286(org.apache.commons.math.optimization.linear.SimplexSolverTest)
[expected:<6.9> but was:<4.6000000000000005>]
java.lang.AssertionError: expected:<6.9> but was:<4.6000000000000005>    at org.junit.Assert.fail(Assert.java:88)
    at org.junit.Assert.failNotEquals(Assert.java:743)
    at org.junit.Assert.assertEquals(Assert.java:494)
    at org.junit.Assert.assertEquals(Assert.java:592)
    at org.apache.commons.math.optimization.linear.SimplexSolverTest.testMath286(SimplexSolverTest.java:58)
    at sun.reflect.NativeMethodAccessorImpl.invoke0(Native Method)

java.lang.AssertionError: expected:<6.9> but was:<0.0>
    at org.junit.Assert.fail(Assert.java:88)
    at org.junit.Assert.failNotEquals(Assert.java:743)
    at org.junit.Assert.assertEquals(Assert.java:494)
    at org.junit.Assert.assertEquals(Assert.java:592)
    at org.apache.commons.math.optimization.linear.SimplexSolverTest.testMath286(SimplexSolverTest.java:58)
    at sun.reflect.NativeMethodAccessorImpl.invoke0(Native Method)
22:23:28.444 [pool-29-thread-1] INFO  f.i.l.c.t.SpecificationTestCasesListener - Tests run finished (19 ms)
<> Total tests run: 1
<> Ignored tests: 0
<> Failed tests: 1
~ testMath286(org.apache.commons.math.optimization.linear.SimplexSolverTest)
[expected:<6.9> but was:<0.0>]
java.lang.AssertionError: expected:<6.9> but was:<0.0>    at org.junit.Assert.fail(Assert.java:88)
    at org.junit.Assert.failNotEquals(Assert.java:743)
    at org.junit.Assert.assertEquals(Assert.java:494)
    at org.junit.Assert.assertEquals(Assert.java:592)
    at org.apache.commons.math.optimization.linear.SimplexSolverTest.testMath286(SimplexSolverTest.java:58)
    at sun.reflect.NativeMethodAccessorImpl.invoke0(Native Method)

java.lang.AssertionError: expected:<6.9> but was:<4.6000000000000005>
    at org.junit.Assert.fail(Assert.java:88)
    at org.junit.Assert.failNotEquals(Assert.java:743)
    at org.junit.Assert.assertEquals(Assert.java:494)
    at org.junit.Assert.assertEquals(Assert.java:592)
    at org.apache.commons.math.optimization.linear.SimplexSolverTest.testMath286(SimplexSolverTest.java:58)
    at sun.reflect.NativeMethodAccessorImpl.invoke0(Native Method)
22:23:28.447 [pool-30-thread-1] INFO  f.i.l.c.t.SpecificationTestCasesListener - Tests run finished (1 ms)
<> Total tests run: 1
<> Ignored tests: 0
<> Failed tests: 1
~ testMath286(org.apache.commons.math.optimization.linear.SimplexSolverTest)
[expected:<6.9> but was:<4.6000000000000005>]
java.lang.AssertionError: expected:<6.9> but was:<4.6000000000000005>    at org.junit.Assert.fail(Assert.java:88)
    at org.junit.Assert.failNotEquals(Assert.java:743)
    at org.junit.Assert.assertEquals(Assert.java:494)
    at org.junit.Assert.assertEquals(Assert.java:592)
    at org.apache.commons.math.optimization.linear.SimplexSolverTest.testMath286(SimplexSolverTest.java:58)
    at sun.reflect.NativeMethodAccessorImpl.invoke0(Native Method)

22:23:28.448 [pool-27-thread-1] DEBUG tests.output - Failing tests with false: 
[testMath286(org.apache.commons.math.optimization.linear.SimplexSolverTest): expected:<6.9> but was:<0.0>]
22:23:28.448 [pool-27-thread-1] DEBUG tests.output - Failing tests with true: 
[testMath286(org.apache.commons.math.optimization.linear.SimplexSolverTest): expected:<6.9> but was:<4.6000000000000005>]
22:23:28.448 [pool-27-thread-1] INFO  f.i.l.r.n.synth.SMTNopolSynthesizer - Not enough specifications: 0. A trivial patch is "true" or "false", please write new tests specifying SourceLocation org.apache.commons.math.optimization.linear.SimplexTableau:346.
22:23:28.448 [pool-2-thread-1] DEBUG fr.inria.lille.repair.nopol.NoPol - looking with class fr.inria.lille.repair.nopol.spoon.smt.ConditionalReplacer
java.lang.AssertionError: expected:<6.9> but was:<4.6000000000000005>
    at org.junit.Assert.fail(Assert.java:88)
    at org.junit.Assert.failNotEquals(Assert.java:743)
    at org.junit.Assert.assertEquals(Assert.java:494)
    at org.junit.Assert.assertEquals(Assert.java:592)
    at org.apache.commons.math.optimization.linear.SimplexSolverTest.testMath286(SimplexSolverTest.java:58)
    at sun.reflect.NativeMethodAccessorImpl.invoke0(Native Method)
22:23:28.538 [pool-32-thread-1] INFO  xxl.java.junit.TestCasesListener - Tests run finished (83 ms)
<> Total tests run: 13
<> Ignored tests: 0
<> Failed tests: 1
~ testMath286(org.apache.commons.math.optimization.linear.SimplexSolverTest)
[expected:<6.9> but was:<4.6000000000000005>]
java.lang.AssertionError: expected:<6.9> but was:<4.6000000000000005>    at org.junit.Assert.fail(Assert.java:88)
    at org.junit.Assert.failNotEquals(Assert.java:743)
    at org.junit.Assert.assertEquals(Assert.java:494)
    at org.junit.Assert.assertEquals(Assert.java:592)
    at org.apache.commons.math.optimization.linear.SimplexSolverTest.testMath286(SimplexSolverTest.java:58)
    at sun.reflect.NativeMethodAccessorImpl.invoke0(Native Method)

java.lang.AssertionError: expected:<6.9> but was:<11.5>
    at org.junit.Assert.fail(Assert.java:88)
    at org.junit.Assert.failNotEquals(Assert.java:743)
    at org.junit.Assert.assertEquals(Assert.java:494)
    at org.junit.Assert.assertEquals(Assert.java:592)
    at org.apache.commons.math.optimization.linear.SimplexSolverTest.testMath286(SimplexSolverTest.java:58)
    at sun.reflect.NativeMethodAccessorImpl.invoke0(Native Method)
22:23:28.861 [pool-33-thread-1] INFO  f.i.l.c.t.SpecificationTestCasesListener - Tests run finished (18 ms)
<> Total tests run: 1
<> Ignored tests: 0
<> Failed tests: 1
~ testMath286(org.apache.commons.math.optimization.linear.SimplexSolverTest)
[expected:<6.9> but was:<11.5>]
java.lang.AssertionError: expected:<6.9> but was:<11.5>    at org.junit.Assert.fail(Assert.java:88)
    at org.junit.Assert.failNotEquals(Assert.java:743)
    at org.junit.Assert.assertEquals(Assert.java:494)
    at org.junit.Assert.assertEquals(Assert.java:592)
    at org.apache.commons.math.optimization.linear.SimplexSolverTest.testMath286(SimplexSolverTest.java:58)
    at sun.reflect.NativeMethodAccessorImpl.invoke0(Native Method)

java.lang.AssertionError: expected:<6.9> but was:<0.0>
    at org.junit.Assert.fail(Assert.java:88)
    at org.junit.Assert.failNotEquals(Assert.java:743)
    at org.junit.Assert.assertEquals(Assert.java:494)
    at org.junit.Assert.assertEquals(Assert.java:592)
    at org.apache.commons.math.optimization.linear.SimplexSolverTest.testMath286(SimplexSolverTest.java:58)
    at sun.reflect.NativeMethodAccessorImpl.invoke0(Native Method)
22:23:28.863 [pool-34-thread-1] INFO  f.i.l.c.t.SpecificationTestCasesListener - Tests run finished (1 ms)
<> Total tests run: 1
<> Ignored tests: 0
<> Failed tests: 1
~ testMath286(org.apache.commons.math.optimization.linear.SimplexSolverTest)
[expected:<6.9> but was:<0.0>]
java.lang.AssertionError: expected:<6.9> but was:<0.0>    at org.junit.Assert.fail(Assert.java:88)
    at org.junit.Assert.failNotEquals(Assert.java:743)
    at org.junit.Assert.assertEquals(Assert.java:494)
    at org.junit.Assert.assertEquals(Assert.java:592)
    at org.apache.commons.math.optimization.linear.SimplexSolverTest.testMath286(SimplexSolverTest.java:58)
    at sun.reflect.NativeMethodAccessorImpl.invoke0(Native Method)

22:23:28.869 [pool-31-thread-1] DEBUG tests.output - Failing tests with false: 
[testMath286(org.apache.commons.math.optimization.linear.SimplexSolverTest): expected:<6.9> but was:<11.5>]
22:23:28.869 [pool-31-thread-1] DEBUG tests.output - Failing tests with true: 
[testMath286(org.apache.commons.math.optimization.linear.SimplexSolverTest): expected:<6.9> but was:<0.0>]
22:23:28.869 [pool-31-thread-1] INFO  f.i.l.r.n.synth.SMTNopolSynthesizer - Not enough specifications: 0. A trivial patch is "true" or "false", please write new tests specifying SourceLocation org.apache.commons.math.optimization.linear.SimplexTableau:346.
22:23:28.870 [pool-2-thread-1] DEBUG fr.inria.lille.repair.nopol.NoPol - statement #13
22:23:28.870 [pool-2-thread-1] DEBUG fr.inria.lille.repair.nopol.NoPol - Analysing SourceLocation org.apache.commons.math.optimization.linear.SimplexTableau:345 which is executed by 11 tests
-1081517891
22:23:29.054 [pool-2-thread-1] DEBUG fr.inria.lille.repair.nopol.NoPol - statement #14
22:23:29.054 [pool-2-thread-1] DEBUG fr.inria.lille.repair.nopol.NoPol - Analysing SourceLocation org.apache.commons.math.optimization.linear.SimplexTableau:344 which is executed by 11 tests
-1081517891
22:23:29.239 [pool-2-thread-1] DEBUG fr.inria.lille.repair.nopol.NoPol - looking with class fr.inria.lille.repair.nopol.spoon.smt.ConditionalAdder
java.lang.AssertionError: expected:<6.9> but was:<4.6000000000000005>
    at org.junit.Assert.fail(Assert.java:88)
    at org.junit.Assert.failNotEquals(Assert.java:743)
    at org.junit.Assert.assertEquals(Assert.java:494)
    at org.junit.Assert.assertEquals(Assert.java:592)
    at org.apache.commons.math.optimization.linear.SimplexSolverTest.testMath286(SimplexSolverTest.java:58)
    at sun.reflect.NativeMethodAccessorImpl.invoke0(Native Method)
22:23:29.349 [pool-36-thread-1] INFO  xxl.java.junit.TestCasesListener - Tests run finished (103 ms)
<> Total tests run: 13
<> Ignored tests: 0
<> Failed tests: 1
~ testMath286(org.apache.commons.math.optimization.linear.SimplexSolverTest)
[expected:<6.9> but was:<4.6000000000000005>]
java.lang.AssertionError: expected:<6.9> but was:<4.6000000000000005>    at org.junit.Assert.fail(Assert.java:88)
    at org.junit.Assert.failNotEquals(Assert.java:743)
    at org.junit.Assert.assertEquals(Assert.java:494)
    at org.junit.Assert.assertEquals(Assert.java:592)
    at org.apache.commons.math.optimization.linear.SimplexSolverTest.testMath286(SimplexSolverTest.java:58)
    at sun.reflect.NativeMethodAccessorImpl.invoke0(Native Method)

java.lang.AssertionError: expected:<6.9> but was:<0.0>
    at org.junit.Assert.fail(Assert.java:88)
    at org.junit.Assert.failNotEquals(Assert.java:743)
    at org.junit.Assert.assertEquals(Assert.java:494)
    at org.junit.Assert.assertEquals(Assert.java:592)
    at org.apache.commons.math.optimization.linear.SimplexSolverTest.testMath286(SimplexSolverTest.java:58)
    at sun.reflect.NativeMethodAccessorImpl.invoke0(Native Method)
22:23:29.663 [pool-37-thread-1] INFO  f.i.l.c.t.SpecificationTestCasesListener - Tests run finished (17 ms)
<> Total tests run: 1
<> Ignored tests: 0
<> Failed tests: 1
~ testMath286(org.apache.commons.math.optimization.linear.SimplexSolverTest)
[expected:<6.9> but was:<0.0>]
java.lang.AssertionError: expected:<6.9> but was:<0.0>    at org.junit.Assert.fail(Assert.java:88)
    at org.junit.Assert.failNotEquals(Assert.java:743)
    at org.junit.Assert.assertEquals(Assert.java:494)
    at org.junit.Assert.assertEquals(Assert.java:592)
    at org.apache.commons.math.optimization.linear.SimplexSolverTest.testMath286(SimplexSolverTest.java:58)
    at sun.reflect.NativeMethodAccessorImpl.invoke0(Native Method)

java.lang.AssertionError: expected:<6.9> but was:<4.6000000000000005>
    at org.junit.Assert.fail(Assert.java:88)
    at org.junit.Assert.failNotEquals(Assert.java:743)
    at org.junit.Assert.assertEquals(Assert.java:494)
    at org.junit.Assert.assertEquals(Assert.java:592)
    at org.apache.commons.math.optimization.linear.SimplexSolverTest.testMath286(SimplexSolverTest.java:58)
    at sun.reflect.NativeMethodAccessorImpl.invoke0(Native Method)
22:23:29.667 [pool-38-thread-1] INFO  f.i.l.c.t.SpecificationTestCasesListener - Tests run finished (0 ms)
<> Total tests run: 1
<> Ignored tests: 0
<> Failed tests: 1
~ testMath286(org.apache.commons.math.optimization.linear.SimplexSolverTest)
[expected:<6.9> but was:<4.6000000000000005>]
java.lang.AssertionError: expected:<6.9> but was:<4.6000000000000005>    at org.junit.Assert.fail(Assert.java:88)
    at org.junit.Assert.failNotEquals(Assert.java:743)
    at org.junit.Assert.assertEquals(Assert.java:494)
    at org.junit.Assert.assertEquals(Assert.java:592)
    at org.apache.commons.math.optimization.linear.SimplexSolverTest.testMath286(SimplexSolverTest.java:58)
    at sun.reflect.NativeMethodAccessorImpl.invoke0(Native Method)

22:23:29.668 [pool-35-thread-1] DEBUG tests.output - Failing tests with false: 
[testMath286(org.apache.commons.math.optimization.linear.SimplexSolverTest): expected:<6.9> but was:<0.0>]
22:23:29.668 [pool-35-thread-1] DEBUG tests.output - Failing tests with true: 
[testMath286(org.apache.commons.math.optimization.linear.SimplexSolverTest): expected:<6.9> but was:<4.6000000000000005>]
22:23:29.668 [pool-35-thread-1] INFO  f.i.l.r.n.synth.SMTNopolSynthesizer - Not enough specifications: 0. A trivial patch is "true" or "false", please write new tests specifying SourceLocation org.apache.commons.math.optimization.linear.SimplexTableau:344.
22:23:29.669 [pool-2-thread-1] DEBUG fr.inria.lille.repair.nopol.NoPol - statement #15
22:23:29.669 [pool-2-thread-1] DEBUG fr.inria.lille.repair.nopol.NoPol - Analysing SourceLocation org.apache.commons.math.optimization.linear.SimplexTableau:343 which is executed by 11 tests
-1081517891
22:23:29.854 [pool-2-thread-1] DEBUG fr.inria.lille.repair.nopol.NoPol - statement #16
22:23:29.854 [pool-2-thread-1] DEBUG fr.inria.lille.repair.nopol.NoPol - Analysing SourceLocation org.apache.commons.math.optimization.linear.SimplexTableau:342 which is executed by 11 tests
-1081517891
22:23:30.293 [pool-2-thread-1] DEBUG fr.inria.lille.repair.nopol.NoPol - statement #17
22:23:30.294 [pool-2-thread-1] DEBUG fr.inria.lille.repair.nopol.NoPol - Analysing SourceLocation org.apache.commons.math.optimization.linear.SimplexTableau:341 which is executed by 11 tests
-1081517891
22:23:30.481 [pool-2-thread-1] DEBUG fr.inria.lille.repair.nopol.NoPol - statement #18
22:23:30.482 [pool-2-thread-1] DEBUG fr.inria.lille.repair.nopol.NoPol - Analysing SourceLocation org.apache.commons.math.optimization.linear.SimplexTableau:340 which is executed by 11 tests
-1081517891
22:23:30.666 [pool-2-thread-1] DEBUG fr.inria.lille.repair.nopol.NoPol - statement #19
22:23:30.667 [pool-2-thread-1] DEBUG fr.inria.lille.repair.nopol.NoPol - Analysing SourceLocation org.apache.commons.math.optimization.linear.SimplexTableau:321 which is executed by 11 tests
-1081517891
22:23:30.852 [pool-2-thread-1] DEBUG fr.inria.lille.repair.nopol.NoPol - statement #20
22:23:30.852 [pool-2-thread-1] DEBUG fr.inria.lille.repair.nopol.NoPol - Analysing SourceLocation org.apache.commons.math.optimization.linear.SimplexTableau:320 which is executed by 11 tests
-1081517891
22:23:31.036 [pool-2-thread-1] DEBUG fr.inria.lille.repair.nopol.NoPol - looking with class fr.inria.lille.repair.nopol.spoon.smt.ConditionalAdder
java.lang.AssertionError: expected:<6.9> but was:<4.6000000000000005>
    at org.junit.Assert.fail(Assert.java:88)
    at org.junit.Assert.failNotEquals(Assert.java:743)
    at org.junit.Assert.assertEquals(Assert.java:494)
    at org.junit.Assert.assertEquals(Assert.java:592)
    at org.apache.commons.math.optimization.linear.SimplexSolverTest.testMath286(SimplexSolverTest.java:58)
    at sun.reflect.NativeMethodAccessorImpl.invoke0(Native Method)
22:23:31.130 [pool-40-thread-1] INFO  xxl.java.junit.TestCasesListener - Tests run finished (87 ms)
<> Total tests run: 13
<> Ignored tests: 0
<> Failed tests: 1
~ testMath286(org.apache.commons.math.optimization.linear.SimplexSolverTest)
[expected:<6.9> but was:<4.6000000000000005>]
java.lang.AssertionError: expected:<6.9> but was:<4.6000000000000005>    at org.junit.Assert.fail(Assert.java:88)
    at org.junit.Assert.failNotEquals(Assert.java:743)
    at org.junit.Assert.assertEquals(Assert.java:494)
    at org.junit.Assert.assertEquals(Assert.java:592)
    at org.apache.commons.math.optimization.linear.SimplexSolverTest.testMath286(SimplexSolverTest.java:58)
    at sun.reflect.NativeMethodAccessorImpl.invoke0(Native Method)

org.apache.commons.math.optimization.linear.UnboundedSolutionException: unbounded solution
    at org.apache.commons.math.optimization.linear.SimplexSolver.doIteration(SimplexSolver.java:107)
    at org.apache.commons.math.optimization.linear.SimplexSolver.doOptimize(SimplexSolver.java:190)
    at org.apache.commons.math.optimization.linear.AbstractLinearOptimizer.optimize(AbstractLinearOptimizer.java:106)
    at org.apache.commons.math.optimization.linear.SimplexSolverTest.testMath286(SimplexSolverTest.java:57)
    at sun.reflect.NativeMethodAccessorImpl.invoke0(Native Method)
    at sun.reflect.NativeMethodAccessorImpl.invoke(NativeMethodAccessorImpl.java:62)
22:23:31.446 [pool-41-thread-1] INFO  f.i.l.c.t.SpecificationTestCasesListener - Tests run finished (21 ms)
<> Total tests run: 1
<> Ignored tests: 0
<> Failed tests: 1
~ testMath286(org.apache.commons.math.optimization.linear.SimplexSolverTest)
[unbounded solution]
org.apache.commons.math.optimization.linear.UnboundedSolutionException: unbounded solution    at org.apache.commons.math.optimization.linear.SimplexSolver.doIteration(SimplexSolver.java:107)
    at org.apache.commons.math.optimization.linear.SimplexSolver.doOptimize(SimplexSolver.java:190)
    at org.apache.commons.math.optimization.linear.AbstractLinearOptimizer.optimize(AbstractLinearOptimizer.java:106)
    at org.apache.commons.math.optimization.linear.SimplexSolverTest.testMath286(SimplexSolverTest.java:57)
    at sun.reflect.NativeMethodAccessorImpl.invoke0(Native Method)
    at sun.reflect.NativeMethodAccessorImpl.invoke(NativeMethodAccessorImpl.java:62)

java.lang.AssertionError: expected:<6.9> but was:<4.6000000000000005>
    at org.junit.Assert.fail(Assert.java:88)
    at org.junit.Assert.failNotEquals(Assert.java:743)
    at org.junit.Assert.assertEquals(Assert.java:494)
    at org.junit.Assert.assertEquals(Assert.java:592)
    at org.apache.commons.math.optimization.linear.SimplexSolverTest.testMath286(SimplexSolverTest.java:58)
    at sun.reflect.NativeMethodAccessorImpl.invoke0(Native Method)
22:23:31.449 [pool-42-thread-1] INFO  f.i.l.c.t.SpecificationTestCasesListener - Tests run finished (2 ms)
<> Total tests run: 1
<> Ignored tests: 0
<> Failed tests: 1
~ testMath286(org.apache.commons.math.optimization.linear.SimplexSolverTest)
[expected:<6.9> but was:<4.6000000000000005>]
java.lang.AssertionError: expected:<6.9> but was:<4.6000000000000005>    at org.junit.Assert.fail(Assert.java:88)
    at org.junit.Assert.failNotEquals(Assert.java:743)
    at org.junit.Assert.assertEquals(Assert.java:494)
    at org.junit.Assert.assertEquals(Assert.java:592)
    at org.apache.commons.math.optimization.linear.SimplexSolverTest.testMath286(SimplexSolverTest.java:58)
    at sun.reflect.NativeMethodAccessorImpl.invoke0(Native Method)

22:23:31.450 [pool-39-thread-1] DEBUG tests.output - Failing tests with false: 
[testMath286(org.apache.commons.math.optimization.linear.SimplexSolverTest): unbounded solution]
22:23:31.450 [pool-39-thread-1] DEBUG tests.output - Failing tests with true: 
[testMath286(org.apache.commons.math.optimization.linear.SimplexSolverTest): expected:<6.9> but was:<4.6000000000000005>]
22:23:31.450 [pool-39-thread-1] INFO  f.i.l.r.n.synth.SMTNopolSynthesizer - Not enough specifications: 0. A trivial patch is "true" or "false", please write new tests specifying SourceLocation org.apache.commons.math.optimization.linear.SimplexTableau:320.
22:23:31.451 [pool-2-thread-1] DEBUG fr.inria.lille.repair.nopol.NoPol - statement #21
22:23:31.451 [pool-2-thread-1] DEBUG fr.inria.lille.repair.nopol.NoPol - Analysing SourceLocation org.apache.commons.math.optimization.linear.SimplexTableau:319 which is executed by 11 tests
-1081517891
22:23:31.639 [pool-2-thread-1] DEBUG fr.inria.lille.repair.nopol.NoPol - looking with class fr.inria.lille.repair.nopol.spoon.smt.ConditionalAdder
java.lang.AssertionError: expected:<6.9> but was:<4.6000000000000005>
    at org.junit.Assert.fail(Assert.java:88)
    at org.junit.Assert.failNotEquals(Assert.java:743)
    at org.junit.Assert.assertEquals(Assert.java:494)
    at org.junit.Assert.assertEquals(Assert.java:592)
    at org.apache.commons.math.optimization.linear.SimplexSolverTest.testMath286(SimplexSolverTest.java:58)
    at sun.reflect.NativeMethodAccessorImpl.invoke0(Native Method)
22:23:31.744 [pool-44-thread-1] INFO  xxl.java.junit.TestCasesListener - Tests run finished (99 ms)
<> Total tests run: 13
<> Ignored tests: 0
<> Failed tests: 1
~ testMath286(org.apache.commons.math.optimization.linear.SimplexSolverTest)
[expected:<6.9> but was:<4.6000000000000005>]
java.lang.AssertionError: expected:<6.9> but was:<4.6000000000000005>    at org.junit.Assert.fail(Assert.java:88)
    at org.junit.Assert.failNotEquals(Assert.java:743)
    at org.junit.Assert.assertEquals(Assert.java:494)
    at org.junit.Assert.assertEquals(Assert.java:592)
    at org.apache.commons.math.optimization.linear.SimplexSolverTest.testMath286(SimplexSolverTest.java:58)
    at sun.reflect.NativeMethodAccessorImpl.invoke0(Native Method)

java.lang.AssertionError: expected:<6.9> but was:<7.819999999999999>
    at org.junit.Assert.fail(Assert.java:88)
    at org.junit.Assert.failNotEquals(Assert.java:743)
    at org.junit.Assert.assertEquals(Assert.java:494)
    at org.junit.Assert.assertEquals(Assert.java:592)
    at org.apache.commons.math.optimization.linear.SimplexSolverTest.testMath286(SimplexSolverTest.java:58)
    at sun.reflect.NativeMethodAccessorImpl.invoke0(Native Method)
22:23:32.059 [pool-45-thread-1] INFO  f.i.l.c.t.SpecificationTestCasesListener - Tests run finished (20 ms)
<> Total tests run: 1
<> Ignored tests: 0
<> Failed tests: 1
~ testMath286(org.apache.commons.math.optimization.linear.SimplexSolverTest)
[expected:<6.9> but was:<7.819999999999999>]
java.lang.AssertionError: expected:<6.9> but was:<7.819999999999999>    at org.junit.Assert.fail(Assert.java:88)
    at org.junit.Assert.failNotEquals(Assert.java:743)
    at org.junit.Assert.assertEquals(Assert.java:494)
    at org.junit.Assert.assertEquals(Assert.java:592)
    at org.apache.commons.math.optimization.linear.SimplexSolverTest.testMath286(SimplexSolverTest.java:58)
    at sun.reflect.NativeMethodAccessorImpl.invoke0(Native Method)

java.lang.AssertionError: expected:<6.9> but was:<4.6000000000000005>
    at org.junit.Assert.fail(Assert.java:88)
    at org.junit.Assert.failNotEquals(Assert.java:743)
    at org.junit.Assert.assertEquals(Assert.java:494)
    at org.junit.Assert.assertEquals(Assert.java:592)
    at org.apache.commons.math.optimization.linear.SimplexSolverTest.testMath286(SimplexSolverTest.java:58)
    at sun.reflect.NativeMethodAccessorImpl.invoke0(Native Method)
22:23:32.063 [pool-46-thread-1] INFO  f.i.l.c.t.SpecificationTestCasesListener - Tests run finished (2 ms)
<> Total tests run: 1
<> Ignored tests: 0
<> Failed tests: 1
~ testMath286(org.apache.commons.math.optimization.linear.SimplexSolverTest)
[expected:<6.9> but was:<4.6000000000000005>]
java.lang.AssertionError: expected:<6.9> but was:<4.6000000000000005>    at org.junit.Assert.fail(Assert.java:88)
    at org.junit.Assert.failNotEquals(Assert.java:743)
    at org.junit.Assert.assertEquals(Assert.java:494)
    at org.junit.Assert.assertEquals(Assert.java:592)
    at org.apache.commons.math.optimization.linear.SimplexSolverTest.testMath286(SimplexSolverTest.java:58)
    at sun.reflect.NativeMethodAccessorImpl.invoke0(Native Method)

22:23:32.064 [pool-43-thread-1] DEBUG tests.output - Failing tests with false: 
[testMath286(org.apache.commons.math.optimization.linear.SimplexSolverTest): expected:<6.9> but was:<7.819999999999999>]
22:23:32.064 [pool-43-thread-1] DEBUG tests.output - Failing tests with true: 
[testMath286(org.apache.commons.math.optimization.linear.SimplexSolverTest): expected:<6.9> but was:<4.6000000000000005>]
22:23:32.064 [pool-43-thread-1] INFO  f.i.l.r.n.synth.SMTNopolSynthesizer - Not enough specifications: 0. A trivial patch is "true" or "false", please write new tests specifying SourceLocation org.apache.commons.math.optimization.linear.SimplexTableau:319.
22:23:32.064 [pool-2-thread-1] DEBUG fr.inria.lille.repair.nopol.NoPol - statement #22
22:23:32.065 [pool-2-thread-1] DEBUG fr.inria.lille.repair.nopol.NoPol - Analysing SourceLocation org.apache.commons.math.optimization.linear.SimplexTableau:317 which is executed by 11 tests
-1081517891
22:23:32.251 [pool-2-thread-1] DEBUG fr.inria.lille.repair.nopol.NoPol - looking with class fr.inria.lille.repair.nopol.spoon.smt.ConditionalAdder
java.lang.AssertionError: expected:<6.9> but was:<4.6000000000000005>
    at org.junit.Assert.fail(Assert.java:88)
    at org.junit.Assert.failNotEquals(Assert.java:743)
    at org.junit.Assert.assertEquals(Assert.java:494)
    at org.junit.Assert.assertEquals(Assert.java:592)
    at org.apache.commons.math.optimization.linear.SimplexSolverTest.testMath286(SimplexSolverTest.java:58)
    at sun.reflect.NativeMethodAccessorImpl.invoke0(Native Method)
22:23:32.343 [pool-48-thread-1] INFO  xxl.java.junit.TestCasesListener - Tests run finished (85 ms)
<> Total tests run: 13
<> Ignored tests: 0
<> Failed tests: 1
~ testMath286(org.apache.commons.math.optimization.linear.SimplexSolverTest)
[expected:<6.9> but was:<4.6000000000000005>]
java.lang.AssertionError: expected:<6.9> but was:<4.6000000000000005>    at org.junit.Assert.fail(Assert.java:88)
    at org.junit.Assert.failNotEquals(Assert.java:743)
    at org.junit.Assert.assertEquals(Assert.java:494)
    at org.junit.Assert.assertEquals(Assert.java:592)
    at org.apache.commons.math.optimization.linear.SimplexSolverTest.testMath286(SimplexSolverTest.java:58)
    at sun.reflect.NativeMethodAccessorImpl.invoke0(Native Method)

java.lang.AssertionError: expected:<6.9> but was:<0.0>
    at org.junit.Assert.fail(Assert.java:88)
    at org.junit.Assert.failNotEquals(Assert.java:743)
    at org.junit.Assert.assertEquals(Assert.java:494)
    at org.junit.Assert.assertEquals(Assert.java:592)
    at org.apache.commons.math.optimization.linear.SimplexSolverTest.testMath286(SimplexSolverTest.java:58)
    at sun.reflect.NativeMethodAccessorImpl.invoke0(Native Method)
22:23:32.645 [pool-49-thread-1] INFO  f.i.l.c.t.SpecificationTestCasesListener - Tests run finished (19 ms)
<> Total tests run: 1
<> Ignored tests: 0
<> Failed tests: 1
~ testMath286(org.apache.commons.math.optimization.linear.SimplexSolverTest)
[expected:<6.9> but was:<0.0>]
java.lang.AssertionError: expected:<6.9> but was:<0.0>    at org.junit.Assert.fail(Assert.java:88)
    at org.junit.Assert.failNotEquals(Assert.java:743)
    at org.junit.Assert.assertEquals(Assert.java:494)
    at org.junit.Assert.assertEquals(Assert.java:592)
    at org.apache.commons.math.optimization.linear.SimplexSolverTest.testMath286(SimplexSolverTest.java:58)
    at sun.reflect.NativeMethodAccessorImpl.invoke0(Native Method)

java.lang.AssertionError: expected:<6.9> but was:<4.6000000000000005>
    at org.junit.Assert.fail(Assert.java:88)
    at org.junit.Assert.failNotEquals(Assert.java:743)
    at org.junit.Assert.assertEquals(Assert.java:494)
    at org.junit.Assert.assertEquals(Assert.java:592)
    at org.apache.commons.math.optimization.linear.SimplexSolverTest.testMath286(SimplexSolverTest.java:58)
    at sun.reflect.NativeMethodAccessorImpl.invoke0(Native Method)
22:23:32.648 [pool-50-thread-1] INFO  f.i.l.c.t.SpecificationTestCasesListener - Tests run finished (1 ms)
<> Total tests run: 1
<> Ignored tests: 0
<> Failed tests: 1
~ testMath286(org.apache.commons.math.optimization.linear.SimplexSolverTest)
[expected:<6.9> but was:<4.6000000000000005>]
java.lang.AssertionError: expected:<6.9> but was:<4.6000000000000005>    at org.junit.Assert.fail(Assert.java:88)
    at org.junit.Assert.failNotEquals(Assert.java:743)
    at org.junit.Assert.assertEquals(Assert.java:494)
    at org.junit.Assert.assertEquals(Assert.java:592)
    at org.apache.commons.math.optimization.linear.SimplexSolverTest.testMath286(SimplexSolverTest.java:58)
    at sun.reflect.NativeMethodAccessorImpl.invoke0(Native Method)

22:23:32.649 [pool-47-thread-1] DEBUG tests.output - Failing tests with false: 
[testMath286(org.apache.commons.math.optimization.linear.SimplexSolverTest): expected:<6.9> but was:<0.0>]
22:23:32.649 [pool-47-thread-1] DEBUG tests.output - Failing tests with true: 
[testMath286(org.apache.commons.math.optimization.linear.SimplexSolverTest): expected:<6.9> but was:<4.6000000000000005>]
22:23:32.649 [pool-47-thread-1] INFO  f.i.l.r.n.synth.SMTNopolSynthesizer - Not enough specifications: 0. A trivial patch is "true" or "false", please write new tests specifying SourceLocation org.apache.commons.math.optimization.linear.SimplexTableau:317.
22:23:32.650 [pool-2-thread-1] DEBUG fr.inria.lille.repair.nopol.NoPol - statement #23
22:23:32.650 [pool-2-thread-1] DEBUG fr.inria.lille.repair.nopol.NoPol - Analysing SourceLocation org.apache.commons.math.optimization.linear.SimplexTableau:315 which is executed by 11 tests
-1081517891
22:23:32.835 [pool-2-thread-1] DEBUG fr.inria.lille.repair.nopol.NoPol - looking with class fr.inria.lille.repair.nopol.spoon.smt.ConditionalAdder
java.lang.AssertionError: expected:<6.9> but was:<4.6000000000000005>
    at org.junit.Assert.fail(Assert.java:88)
    at org.junit.Assert.failNotEquals(Assert.java:743)
    at org.junit.Assert.assertEquals(Assert.java:494)
    at org.junit.Assert.assertEquals(Assert.java:592)
    at org.apache.commons.math.optimization.linear.SimplexSolverTest.testMath286(SimplexSolverTest.java:58)
    at sun.reflect.NativeMethodAccessorImpl.invoke0(Native Method)
22:23:32.941 [pool-52-thread-1] INFO  xxl.java.junit.TestCasesListener - Tests run finished (100 ms)
<> Total tests run: 13
<> Ignored tests: 0
<> Failed tests: 1
~ testMath286(org.apache.commons.math.optimization.linear.SimplexSolverTest)
[expected:<6.9> but was:<4.6000000000000005>]
java.lang.AssertionError: expected:<6.9> but was:<4.6000000000000005>    at org.junit.Assert.fail(Assert.java:88)
    at org.junit.Assert.failNotEquals(Assert.java:743)
    at org.junit.Assert.assertEquals(Assert.java:494)
    at org.junit.Assert.assertEquals(Assert.java:592)
    at org.apache.commons.math.optimization.linear.SimplexSolverTest.testMath286(SimplexSolverTest.java:58)
    at sun.reflect.NativeMethodAccessorImpl.invoke0(Native Method)

java.lang.AssertionError: expected:<6.9> but was:<0.0>
    at org.junit.Assert.fail(Assert.java:88)
    at org.junit.Assert.failNotEquals(Assert.java:743)
    at org.junit.Assert.assertEquals(Assert.java:494)
    at org.junit.Assert.assertEquals(Assert.java:592)
    at org.apache.commons.math.optimization.linear.SimplexSolverTest.testMath286(SimplexSolverTest.java:58)
    at sun.reflect.NativeMethodAccessorImpl.invoke0(Native Method)
22:23:33.240 [pool-53-thread-1] INFO  f.i.l.c.t.SpecificationTestCasesListener - Tests run finished (17 ms)
<> Total tests run: 1
<> Ignored tests: 0
<> Failed tests: 1
~ testMath286(org.apache.commons.math.optimization.linear.SimplexSolverTest)
[expected:<6.9> but was:<0.0>]
java.lang.AssertionError: expected:<6.9> but was:<0.0>    at org.junit.Assert.fail(Assert.java:88)
    at org.junit.Assert.failNotEquals(Assert.java:743)
    at org.junit.Assert.assertEquals(Assert.java:494)
    at org.junit.Assert.assertEquals(Assert.java:592)
    at org.apache.commons.math.optimization.linear.SimplexSolverTest.testMath286(SimplexSolverTest.java:58)
    at sun.reflect.NativeMethodAccessorImpl.invoke0(Native Method)

java.lang.AssertionError: expected:<6.9> but was:<4.6000000000000005>
    at org.junit.Assert.fail(Assert.java:88)
    at org.junit.Assert.failNotEquals(Assert.java:743)
    at org.junit.Assert.assertEquals(Assert.java:494)
    at org.junit.Assert.assertEquals(Assert.java:592)
    at org.apache.commons.math.optimization.linear.SimplexSolverTest.testMath286(SimplexSolverTest.java:58)
    at sun.reflect.NativeMethodAccessorImpl.invoke0(Native Method)
22:23:33.242 [pool-54-thread-1] INFO  f.i.l.c.t.SpecificationTestCasesListener - Tests run finished (1 ms)
<> Total tests run: 1
<> Ignored tests: 0
<> Failed tests: 1
~ testMath286(org.apache.commons.math.optimization.linear.SimplexSolverTest)
[expected:<6.9> but was:<4.6000000000000005>]
java.lang.AssertionError: expected:<6.9> but was:<4.6000000000000005>    at org.junit.Assert.fail(Assert.java:88)
    at org.junit.Assert.failNotEquals(Assert.java:743)
    at org.junit.Assert.assertEquals(Assert.java:494)
    at org.junit.Assert.assertEquals(Assert.java:592)
    at org.apache.commons.math.optimization.linear.SimplexSolverTest.testMath286(SimplexSolverTest.java:58)
    at sun.reflect.NativeMethodAccessorImpl.invoke0(Native Method)

22:23:33.243 [pool-51-thread-1] DEBUG tests.output - Failing tests with false: 
[testMath286(org.apache.commons.math.optimization.linear.SimplexSolverTest): expected:<6.9> but was:<0.0>]
22:23:33.243 [pool-51-thread-1] DEBUG tests.output - Failing tests with true: 
[testMath286(org.apache.commons.math.optimization.linear.SimplexSolverTest): expected:<6.9> but was:<4.6000000000000005>]
22:23:33.243 [pool-51-thread-1] INFO  f.i.l.r.n.synth.SMTNopolSynthesizer - Not enough specifications: 0. A trivial patch is "true" or "false", please write new tests specifying SourceLocation org.apache.commons.math.optimization.linear.SimplexTableau:315.
22:23:33.243 [pool-2-thread-1] DEBUG fr.inria.lille.repair.nopol.NoPol - statement #24
22:23:33.244 [pool-2-thread-1] DEBUG fr.inria.lille.repair.nopol.NoPol - Analysing SourceLocation org.apache.commons.math.optimization.linear.SimplexTableau:314 which is executed by 11 tests
-1081517891
22:23:33.451 [pool-2-thread-1] DEBUG fr.inria.lille.repair.nopol.NoPol - looking with class fr.inria.lille.repair.nopol.spoon.smt.ConditionalAdder
java.lang.AssertionError: expected:<6.9> but was:<4.6000000000000005>
    at org.junit.Assert.fail(Assert.java:88)
    at org.junit.Assert.failNotEquals(Assert.java:743)
    at org.junit.Assert.assertEquals(Assert.java:494)
    at org.junit.Assert.assertEquals(Assert.java:592)
    at org.apache.commons.math.optimization.linear.SimplexSolverTest.testMath286(SimplexSolverTest.java:58)
    at sun.reflect.NativeMethodAccessorImpl.invoke0(Native Method)
22:23:33.588 [pool-56-thread-1] INFO  xxl.java.junit.TestCasesListener - Tests run finished (129 ms)
<> Total tests run: 13
<> Ignored tests: 0
<> Failed tests: 1
~ testMath286(org.apache.commons.math.optimization.linear.SimplexSolverTest)
[expected:<6.9> but was:<4.6000000000000005>]
java.lang.AssertionError: expected:<6.9> but was:<4.6000000000000005>    at org.junit.Assert.fail(Assert.java:88)
    at org.junit.Assert.failNotEquals(Assert.java:743)
    at org.junit.Assert.assertEquals(Assert.java:494)
    at org.junit.Assert.assertEquals(Assert.java:592)
    at org.apache.commons.math.optimization.linear.SimplexSolverTest.testMath286(SimplexSolverTest.java:58)
    at sun.reflect.NativeMethodAccessorImpl.invoke0(Native Method)

java.lang.AssertionError: expected:<6.9> but was:<0.0>
    at org.junit.Assert.fail(Assert.java:88)
    at org.junit.Assert.failNotEquals(Assert.java:743)
    at org.junit.Assert.assertEquals(Assert.java:494)
    at org.junit.Assert.assertEquals(Assert.java:592)
    at org.apache.commons.math.optimization.linear.SimplexSolverTest.testMath286(SimplexSolverTest.java:58)
    at sun.reflect.NativeMethodAccessorImpl.invoke0(Native Method)
22:23:33.883 [pool-57-thread-1] INFO  f.i.l.c.t.SpecificationTestCasesListener - Tests run finished (17 ms)
<> Total tests run: 1
<> Ignored tests: 0
<> Failed tests: 1
~ testMath286(org.apache.commons.math.optimization.linear.SimplexSolverTest)
[expected:<6.9> but was:<0.0>]
java.lang.AssertionError: expected:<6.9> but was:<0.0>    at org.junit.Assert.fail(Assert.java:88)
    at org.junit.Assert.failNotEquals(Assert.java:743)
    at org.junit.Assert.assertEquals(Assert.java:494)
    at org.junit.Assert.assertEquals(Assert.java:592)
    at org.apache.commons.math.optimization.linear.SimplexSolverTest.testMath286(SimplexSolverTest.java:58)
    at sun.reflect.NativeMethodAccessorImpl.invoke0(Native Method)

java.lang.AssertionError: expected:<6.9> but was:<4.6000000000000005>
    at org.junit.Assert.fail(Assert.java:88)
    at org.junit.Assert.failNotEquals(Assert.java:743)
    at org.junit.Assert.assertEquals(Assert.java:494)
    at org.junit.Assert.assertEquals(Assert.java:592)
    at org.apache.commons.math.optimization.linear.SimplexSolverTest.testMath286(SimplexSolverTest.java:58)
    at sun.reflect.NativeMethodAccessorImpl.invoke0(Native Method)
22:23:33.886 [pool-58-thread-1] INFO  f.i.l.c.t.SpecificationTestCasesListener - Tests run finished (1 ms)
<> Total tests run: 1
<> Ignored tests: 0
<> Failed tests: 1
~ testMath286(org.apache.commons.math.optimization.linear.SimplexSolverTest)
[expected:<6.9> but was:<4.6000000000000005>]
java.lang.AssertionError: expected:<6.9> but was:<4.6000000000000005>    at org.junit.Assert.fail(Assert.java:88)
    at org.junit.Assert.failNotEquals(Assert.java:743)
    at org.junit.Assert.assertEquals(Assert.java:494)
    at org.junit.Assert.assertEquals(Assert.java:592)
    at org.apache.commons.math.optimization.linear.SimplexSolverTest.testMath286(SimplexSolverTest.java:58)
    at sun.reflect.NativeMethodAccessorImpl.invoke0(Native Method)

22:23:33.893 [pool-55-thread-1] DEBUG tests.output - Failing tests with false: 
[testMath286(org.apache.commons.math.optimization.linear.SimplexSolverTest): expected:<6.9> but was:<0.0>]
22:23:33.893 [pool-55-thread-1] DEBUG tests.output - Failing tests with true: 
[testMath286(org.apache.commons.math.optimization.linear.SimplexSolverTest): expected:<6.9> but was:<4.6000000000000005>]
22:23:33.893 [pool-55-thread-1] INFO  f.i.l.r.n.synth.SMTNopolSynthesizer - Not enough specifications: 0. A trivial patch is "true" or "false", please write new tests specifying SourceLocation org.apache.commons.math.optimization.linear.SimplexTableau:314.
22:23:33.894 [pool-2-thread-1] DEBUG fr.inria.lille.repair.nopol.NoPol - statement #25
22:23:33.894 [pool-2-thread-1] DEBUG fr.inria.lille.repair.nopol.NoPol - Analysing SourceLocation org.apache.commons.math.optimization.linear.SimplexTableau:313 which is executed by 11 tests
-1081517891
22:23:34.079 [pool-2-thread-1] DEBUG fr.inria.lille.repair.nopol.NoPol - looking with class fr.inria.lille.repair.nopol.spoon.smt.ConditionalAdder
java.lang.AssertionError: expected:<6.9> but was:<4.6000000000000005>
    at org.junit.Assert.fail(Assert.java:88)
    at org.junit.Assert.failNotEquals(Assert.java:743)
    at org.junit.Assert.assertEquals(Assert.java:494)
    at org.junit.Assert.assertEquals(Assert.java:592)
    at org.apache.commons.math.optimization.linear.SimplexSolverTest.testMath286(SimplexSolverTest.java:58)
    at sun.reflect.NativeMethodAccessorImpl.invoke0(Native Method)
22:23:34.160 [pool-60-thread-1] INFO  xxl.java.junit.TestCasesListener - Tests run finished (75 ms)
<> Total tests run: 13
<> Ignored tests: 0
<> Failed tests: 1
~ testMath286(org.apache.commons.math.optimization.linear.SimplexSolverTest)
[expected:<6.9> but was:<4.6000000000000005>]
java.lang.AssertionError: expected:<6.9> but was:<4.6000000000000005>    at org.junit.Assert.fail(Assert.java:88)
    at org.junit.Assert.failNotEquals(Assert.java:743)
    at org.junit.Assert.assertEquals(Assert.java:494)
    at org.junit.Assert.assertEquals(Assert.java:592)
    at org.apache.commons.math.optimization.linear.SimplexSolverTest.testMath286(SimplexSolverTest.java:58)
    at sun.reflect.NativeMethodAccessorImpl.invoke0(Native Method)

java.lang.AssertionError: expected:<6.9> but was:<0.0>
    at org.junit.Assert.fail(Assert.java:88)
    at org.junit.Assert.failNotEquals(Assert.java:743)
    at org.junit.Assert.assertEquals(Assert.java:494)
    at org.junit.Assert.assertEquals(Assert.java:592)
    at org.apache.commons.math.optimization.linear.SimplexSolverTest.testMath286(SimplexSolverTest.java:58)
    at sun.reflect.NativeMethodAccessorImpl.invoke0(Native Method)
22:23:34.449 [pool-61-thread-1] INFO  f.i.l.c.t.SpecificationTestCasesListener - Tests run finished (17 ms)
<> Total tests run: 1
<> Ignored tests: 0
<> Failed tests: 1
~ testMath286(org.apache.commons.math.optimization.linear.SimplexSolverTest)
[expected:<6.9> but was:<0.0>]
java.lang.AssertionError: expected:<6.9> but was:<0.0>    at org.junit.Assert.fail(Assert.java:88)
    at org.junit.Assert.failNotEquals(Assert.java:743)
    at org.junit.Assert.assertEquals(Assert.java:494)
    at org.junit.Assert.assertEquals(Assert.java:592)
    at org.apache.commons.math.optimization.linear.SimplexSolverTest.testMath286(SimplexSolverTest.java:58)
    at sun.reflect.NativeMethodAccessorImpl.invoke0(Native Method)

java.lang.AssertionError: expected:<6.9> but was:<4.6000000000000005>
    at org.junit.Assert.fail(Assert.java:88)
    at org.junit.Assert.failNotEquals(Assert.java:743)
    at org.junit.Assert.assertEquals(Assert.java:494)
    at org.junit.Assert.assertEquals(Assert.java:592)
    at org.apache.commons.math.optimization.linear.SimplexSolverTest.testMath286(SimplexSolverTest.java:58)
    at sun.reflect.NativeMethodAccessorImpl.invoke0(Native Method)
22:23:34.451 [pool-62-thread-1] INFO  f.i.l.c.t.SpecificationTestCasesListener - Tests run finished (1 ms)
<> Total tests run: 1
<> Ignored tests: 0
<> Failed tests: 1
~ testMath286(org.apache.commons.math.optimization.linear.SimplexSolverTest)
[expected:<6.9> but was:<4.6000000000000005>]
java.lang.AssertionError: expected:<6.9> but was:<4.6000000000000005>    at org.junit.Assert.fail(Assert.java:88)
    at org.junit.Assert.failNotEquals(Assert.java:743)
    at org.junit.Assert.assertEquals(Assert.java:494)
    at org.junit.Assert.assertEquals(Assert.java:592)
    at org.apache.commons.math.optimization.linear.SimplexSolverTest.testMath286(SimplexSolverTest.java:58)
    at sun.reflect.NativeMethodAccessorImpl.invoke0(Native Method)

22:23:34.452 [pool-59-thread-1] DEBUG tests.output - Failing tests with false: 
[testMath286(org.apache.commons.math.optimization.linear.SimplexSolverTest): expected:<6.9> but was:<0.0>]
22:23:34.452 [pool-59-thread-1] DEBUG tests.output - Failing tests with true: 
[testMath286(org.apache.commons.math.optimization.linear.SimplexSolverTest): expected:<6.9> but was:<4.6000000000000005>]
22:23:34.452 [pool-59-thread-1] INFO  f.i.l.r.n.synth.SMTNopolSynthesizer - Not enough specifications: 0. A trivial patch is "true" or "false", please write new tests specifying SourceLocation org.apache.commons.math.optimization.linear.SimplexTableau:313.
22:23:34.452 [pool-2-thread-1] DEBUG fr.inria.lille.repair.nopol.NoPol - statement #26
22:23:34.453 [pool-2-thread-1] DEBUG fr.inria.lille.repair.nopol.NoPol - Analysing SourceLocation org.apache.commons.math.optimization.linear.SimplexTableau:312 which is executed by 11 tests
-1081517891
22:23:34.640 [pool-2-thread-1] DEBUG fr.inria.lille.repair.nopol.NoPol - statement #27
22:23:34.640 [pool-2-thread-1] DEBUG fr.inria.lille.repair.nopol.NoPol - Analysing SourceLocation org.apache.commons.math.optimization.linear.SimplexTableau:311 which is executed by 11 tests
-1081517891
22:23:34.826 [pool-2-thread-1] DEBUG fr.inria.lille.repair.nopol.NoPol - statement #28
22:23:34.826 [pool-2-thread-1] DEBUG fr.inria.lille.repair.nopol.NoPol - Analysing SourceLocation org.apache.commons.math.optimization.linear.SimplexTableau:310 which is executed by 11 tests
-1081517891
22:23:35.008 [pool-2-thread-1] DEBUG fr.inria.lille.repair.nopol.NoPol - statement #29
22:23:35.009 [pool-2-thread-1] DEBUG fr.inria.lille.repair.nopol.NoPol - Analysing SourceLocation org.apache.commons.math.optimization.linear.SimplexSolver:192 which is executed by 11 tests
-1435753318
22:23:35.175 [pool-2-thread-1] DEBUG fr.inria.lille.repair.nopol.NoPol - statement #30
22:23:35.176 [pool-2-thread-1] DEBUG fr.inria.lille.repair.nopol.NoPol - Analysing SourceLocation org.apache.commons.math.optimization.linear.SimplexSolver:176 which is executed by 11 tests
-1435753318
22:23:35.343 [pool-2-thread-1] DEBUG fr.inria.lille.repair.nopol.NoPol - looking with class fr.inria.lille.repair.nopol.spoon.smt.ConditionalAdder
java.lang.AssertionError: expected:<6.9> but was:<4.6000000000000005>
    at org.junit.Assert.fail(Assert.java:88)
    at org.junit.Assert.failNotEquals(Assert.java:743)
    at org.junit.Assert.assertEquals(Assert.java:494)
    at org.junit.Assert.assertEquals(Assert.java:592)
    at org.apache.commons.math.optimization.linear.SimplexSolverTest.testMath286(SimplexSolverTest.java:58)
    at sun.reflect.NativeMethodAccessorImpl.invoke0(Native Method)
22:23:35.443 [pool-64-thread-1] INFO  xxl.java.junit.TestCasesListener - Tests run finished (94 ms)
<> Total tests run: 13
<> Ignored tests: 0
<> Failed tests: 1
~ testMath286(org.apache.commons.math.optimization.linear.SimplexSolverTest)
[expected:<6.9> but was:<4.6000000000000005>]
java.lang.AssertionError: expected:<6.9> but was:<4.6000000000000005>    at org.junit.Assert.fail(Assert.java:88)
    at org.junit.Assert.failNotEquals(Assert.java:743)
    at org.junit.Assert.assertEquals(Assert.java:494)
    at org.junit.Assert.assertEquals(Assert.java:592)
    at org.apache.commons.math.optimization.linear.SimplexSolverTest.testMath286(SimplexSolverTest.java:58)
    at sun.reflect.NativeMethodAccessorImpl.invoke0(Native Method)

java.lang.AssertionError: expected:<6.9> but was:<4.6000000000000005>
    at org.junit.Assert.fail(Assert.java:88)
    at org.junit.Assert.failNotEquals(Assert.java:743)
    at org.junit.Assert.assertEquals(Assert.java:494)
    at org.junit.Assert.assertEquals(Assert.java:592)
    at org.apache.commons.math.optimization.linear.SimplexSolverTest.testMath286(SimplexSolverTest.java:58)
    at sun.reflect.NativeMethodAccessorImpl.invoke0(Native Method)
22:23:35.692 [pool-65-thread-1] INFO  f.i.l.c.t.SpecificationTestCasesListener - Tests run finished (19 ms)
<> Total tests run: 1
<> Ignored tests: 0
<> Failed tests: 1
~ testMath286(org.apache.commons.math.optimization.linear.SimplexSolverTest)
[expected:<6.9> but was:<4.6000000000000005>]
java.lang.AssertionError: expected:<6.9> but was:<4.6000000000000005>    at org.junit.Assert.fail(Assert.java:88)
    at org.junit.Assert.failNotEquals(Assert.java:743)
    at org.junit.Assert.assertEquals(Assert.java:494)
    at org.junit.Assert.assertEquals(Assert.java:592)
    at org.apache.commons.math.optimization.linear.SimplexSolverTest.testMath286(SimplexSolverTest.java:58)
    at sun.reflect.NativeMethodAccessorImpl.invoke0(Native Method)

java.lang.AssertionError: expected:<6.9> but was:<4.6000000000000005>
    at org.junit.Assert.fail(Assert.java:88)
    at org.junit.Assert.failNotEquals(Assert.java:743)
    at org.junit.Assert.assertEquals(Assert.java:494)
    at org.junit.Assert.assertEquals(Assert.java:592)
    at org.apache.commons.math.optimization.linear.SimplexSolverTest.testMath286(SimplexSolverTest.java:58)
    at sun.reflect.NativeMethodAccessorImpl.invoke0(Native Method)
22:23:35.694 [pool-66-thread-1] INFO  f.i.l.c.t.SpecificationTestCasesListener - Tests run finished (1 ms)
<> Total tests run: 1
<> Ignored tests: 0
<> Failed tests: 1
~ testMath286(org.apache.commons.math.optimization.linear.SimplexSolverTest)
[expected:<6.9> but was:<4.6000000000000005>]
java.lang.AssertionError: expected:<6.9> but was:<4.6000000000000005>    at org.junit.Assert.fail(Assert.java:88)
    at org.junit.Assert.failNotEquals(Assert.java:743)
    at org.junit.Assert.assertEquals(Assert.java:494)
    at org.junit.Assert.assertEquals(Assert.java:592)
    at org.apache.commons.math.optimization.linear.SimplexSolverTest.testMath286(SimplexSolverTest.java:58)
    at sun.reflect.NativeMethodAccessorImpl.invoke0(Native Method)

22:23:35.695 [pool-63-thread-1] DEBUG tests.output - Failing tests with false: 
[testMath286(org.apache.commons.math.optimization.linear.SimplexSolverTest): expected:<6.9> but was:<4.6000000000000005>]
22:23:35.695 [pool-63-thread-1] DEBUG tests.output - Failing tests with true: 
[testMath286(org.apache.commons.math.optimization.linear.SimplexSolverTest): expected:<6.9> but was:<4.6000000000000005>]
22:23:35.695 [pool-63-thread-1] INFO  f.i.l.r.n.synth.SMTNopolSynthesizer - Not enough specifications: 0. A trivial patch is "true" or "false", please write new tests specifying SourceLocation org.apache.commons.math.optimization.linear.SimplexSolver:176.
22:23:35.696 [pool-2-thread-1] DEBUG fr.inria.lille.repair.nopol.NoPol - looking with class fr.inria.lille.repair.nopol.spoon.smt.ConditionalReplacer
java.lang.AssertionError: expected:<6.9> but was:<4.6000000000000005>
    at org.junit.Assert.fail(Assert.java:88)
    at org.junit.Assert.failNotEquals(Assert.java:743)
    at org.junit.Assert.assertEquals(Assert.java:494)
    at org.junit.Assert.assertEquals(Assert.java:592)
    at org.apache.commons.math.optimization.linear.SimplexSolverTest.testMath286(SimplexSolverTest.java:58)
    at sun.reflect.NativeMethodAccessorImpl.invoke0(Native Method)
22:23:35.786 [pool-68-thread-1] INFO  xxl.java.junit.TestCasesListener - Tests run finished (83 ms)
<> Total tests run: 13
<> Ignored tests: 0
<> Failed tests: 1
~ testMath286(org.apache.commons.math.optimization.linear.SimplexSolverTest)
[expected:<6.9> but was:<4.6000000000000005>]
java.lang.AssertionError: expected:<6.9> but was:<4.6000000000000005>    at org.junit.Assert.fail(Assert.java:88)
    at org.junit.Assert.failNotEquals(Assert.java:743)
    at org.junit.Assert.assertEquals(Assert.java:494)
    at org.junit.Assert.assertEquals(Assert.java:592)
    at org.apache.commons.math.optimization.linear.SimplexSolverTest.testMath286(SimplexSolverTest.java:58)
    at sun.reflect.NativeMethodAccessorImpl.invoke0(Native Method)

java.lang.AssertionError: expected:<6.9> but was:<4.6000000000000005>
    at org.junit.Assert.fail(Assert.java:88)
    at org.junit.Assert.failNotEquals(Assert.java:743)
    at org.junit.Assert.assertEquals(Assert.java:494)
    at org.junit.Assert.assertEquals(Assert.java:592)
    at org.apache.commons.math.optimization.linear.SimplexSolverTest.testMath286(SimplexSolverTest.java:58)
    at sun.reflect.NativeMethodAccessorImpl.invoke0(Native Method)
22:23:36.040 [pool-69-thread-1] INFO  f.i.l.c.t.SpecificationTestCasesListener - Tests run finished (17 ms)
<> Total tests run: 1
<> Ignored tests: 0
<> Failed tests: 1
~ testMath286(org.apache.commons.math.optimization.linear.SimplexSolverTest)
[expected:<6.9> but was:<4.6000000000000005>]
java.lang.AssertionError: expected:<6.9> but was:<4.6000000000000005>    at org.junit.Assert.fail(Assert.java:88)
    at org.junit.Assert.failNotEquals(Assert.java:743)
    at org.junit.Assert.assertEquals(Assert.java:494)
    at org.junit.Assert.assertEquals(Assert.java:592)
    at org.apache.commons.math.optimization.linear.SimplexSolverTest.testMath286(SimplexSolverTest.java:58)
    at sun.reflect.NativeMethodAccessorImpl.invoke0(Native Method)

org.apache.commons.math.optimization.linear.NoFeasibleSolutionException: no feasible solution
    at org.apache.commons.math.optimization.linear.SimplexSolver.solvePhase1(SimplexSolver.java:107)
    at org.apache.commons.math.optimization.linear.SimplexSolver.doOptimize(SimplexSolver.java:114)
    at org.apache.commons.math.optimization.linear.AbstractLinearOptimizer.optimize(AbstractLinearOptimizer.java:106)
    at org.apache.commons.math.optimization.linear.SimplexSolverTest.testMath286(SimplexSolverTest.java:57)
    at sun.reflect.NativeMethodAccessorImpl.invoke0(Native Method)
    at sun.reflect.NativeMethodAccessorImpl.invoke(NativeMethodAccessorImpl.java:62)
22:23:36.044 [pool-70-thread-1] INFO  f.i.l.c.t.SpecificationTestCasesListener - Tests run finished (3 ms)
<> Total tests run: 1
<> Ignored tests: 0
<> Failed tests: 1
~ testMath286(org.apache.commons.math.optimization.linear.SimplexSolverTest)
[no feasible solution]
org.apache.commons.math.optimization.linear.NoFeasibleSolutionException: no feasible solution    at org.apache.commons.math.optimization.linear.SimplexSolver.solvePhase1(SimplexSolver.java:107)
    at org.apache.commons.math.optimization.linear.SimplexSolver.doOptimize(SimplexSolver.java:114)
    at org.apache.commons.math.optimization.linear.AbstractLinearOptimizer.optimize(AbstractLinearOptimizer.java:106)
    at org.apache.commons.math.optimization.linear.SimplexSolverTest.testMath286(SimplexSolverTest.java:57)
    at sun.reflect.NativeMethodAccessorImpl.invoke0(Native Method)
    at sun.reflect.NativeMethodAccessorImpl.invoke(NativeMethodAccessorImpl.java:62)

22:23:36.045 [pool-67-thread-1] DEBUG tests.output - Failing tests with false: 
[testMath286(org.apache.commons.math.optimization.linear.SimplexSolverTest): expected:<6.9> but was:<4.6000000000000005>]
22:23:36.045 [pool-67-thread-1] DEBUG tests.output - Failing tests with true: 
[testMath286(org.apache.commons.math.optimization.linear.SimplexSolverTest): no feasible solution]
22:23:36.045 [pool-67-thread-1] INFO  f.i.l.r.n.synth.SMTNopolSynthesizer - Not enough specifications: 0. A trivial patch is "true" or "false", please write new tests specifying SourceLocation org.apache.commons.math.optimization.linear.SimplexSolver:176.
22:23:36.045 [pool-2-thread-1] DEBUG fr.inria.lille.repair.nopol.NoPol - statement #31
22:23:36.045 [pool-2-thread-1] DEBUG fr.inria.lille.repair.nopol.NoPol - Analysing SourceLocation org.apache.commons.math.optimization.linear.SimplexSolver:172 which is executed by 11 tests
-1435753318
22:23:36.217 [pool-2-thread-1] DEBUG fr.inria.lille.repair.nopol.NoPol - looking with class fr.inria.lille.repair.nopol.spoon.smt.ConditionalAdder
java.lang.AssertionError: expected:<6.9> but was:<4.6000000000000005>
    at org.junit.Assert.fail(Assert.java:88)
    at org.junit.Assert.failNotEquals(Assert.java:743)
    at org.junit.Assert.assertEquals(Assert.java:494)
    at org.junit.Assert.assertEquals(Assert.java:592)
    at org.apache.commons.math.optimization.linear.SimplexSolverTest.testMath286(SimplexSolverTest.java:58)
    at sun.reflect.NativeMethodAccessorImpl.invoke0(Native Method)
22:23:36.411 [pool-72-thread-1] INFO  xxl.java.junit.TestCasesListener - Tests run finished (188 ms)
<> Total tests run: 13
<> Ignored tests: 0
<> Failed tests: 1
~ testMath286(org.apache.commons.math.optimization.linear.SimplexSolverTest)
[expected:<6.9> but was:<4.6000000000000005>]
java.lang.AssertionError: expected:<6.9> but was:<4.6000000000000005>    at org.junit.Assert.fail(Assert.java:88)
    at org.junit.Assert.failNotEquals(Assert.java:743)
    at org.junit.Assert.assertEquals(Assert.java:494)
    at org.junit.Assert.assertEquals(Assert.java:592)
    at org.apache.commons.math.optimization.linear.SimplexSolverTest.testMath286(SimplexSolverTest.java:58)
    at sun.reflect.NativeMethodAccessorImpl.invoke0(Native Method)

22:28:54.298 [pool-71-thread-1] DEBUG xxl.java.junit.TestSuiteExecution - Timeout after 200 seconds. Infinite loop?
java.lang.OutOfMemoryError: GC overhead limit exceeded
    at java.util.HashMap.newNode(HashMap.java:1747)
    at java.util.HashMap.putVal(HashMap.java:631)
    at java.util.HashMap.put(HashMap.java:612)
    at fr.inria.lille.commons.trace.collector.ValueCollector.collectFrom(ValueCollector.java:19)
    at fr.inria.lille.commons.trace.RuntimeValues.collectInput(RuntimeValues.java:89)
    at org.apache.commons.math.optimization.linear.SimplexSolver.solvePhase1(SimplexSolver.java:98)
22:29:47.905 [pool-2-thread-1] ERROR fr.inria.lille.repair.nopol.NoPol - Error ExecutionException java.util.concurrent.ExecutionException: java.lang.RuntimeException: java.util.concurrent.TimeoutException
22:29:47.905 [pool-73-thread-1] INFO  f.i.l.c.t.SpecificationTestCasesListener - Tests run finished (371247 ms)
<> Total tests run: 1
<> Ignored tests: 0
<> Failed tests: 1
~ testMath286(org.apache.commons.math.optimization.linear.SimplexSolverTest)
[GC overhead limit exceeded]
java.lang.OutOfMemoryError: GC overhead limit exceeded    at java.util.HashMap.newNode(HashMap.java:1747)
    at java.util.HashMap.putVal(HashMap.java:631)
    at java.util.HashMap.put(HashMap.java:612)
    at fr.inria.lille.commons.trace.collector.ValueCollector.collectFrom(ValueCollector.java:19)
    at fr.inria.lille.commons.trace.RuntimeValues.collectInput(RuntimeValues.java:89)
    at org.apache.commons.math.optimization.linear.SimplexSolver.solvePhase1(SimplexSolver.java:98)

22:29:47.905 [pool-2-thread-1] DEBUG fr.inria.lille.repair.nopol.NoPol - statement #32
22:29:47.905 [pool-2-thread-1] DEBUG fr.inria.lille.repair.nopol.NoPol - Analysing SourceLocation org.apache.commons.math.optimization.linear.SimplexSolver:171 which is executed by 11 tests
java.util.concurrent.ExecutionException: java.lang.OutOfMemoryError: GC overhead limit exceeded
	at java.util.concurrent.FutureTask.report(FutureTask.java:122)
	at java.util.concurrent.FutureTask.get(FutureTask.java:206)
	at fr.inria.lille.repair.Main.main(Main.java:106)
Caused by: java.lang.OutOfMemoryError: GC overhead limit exceeded
	at java.util.Arrays.copyOf(Arrays.java:3332)
	at java.lang.String.<init>(String.java:166)
	at spoon.support.compiler.jdt.PositionBuilder.buildPositionCtElement(PositionBuilder.java:89)
	at spoon.support.compiler.jdt.ContextBuilder.enter(ContextBuilder.java:100)
	at spoon.support.compiler.jdt.JDTTreeBuilder.visit(JDTTreeBuilder.java:924)
	at org.eclipse.jdt.internal.compiler.ast.Block.traverse(Block.java:136)
	at org.eclipse.jdt.internal.compiler.ast.ForStatement.traverse(ForStatement.java:428)
	at org.eclipse.jdt.internal.compiler.ast.MethodDeclaration.traverse(MethodDeclaration.java:355)
	at org.eclipse.jdt.internal.compiler.ast.TypeDeclaration.traverse(TypeDeclaration.java:1390)
	at org.eclipse.jdt.internal.compiler.ast.CompilationUnitDeclaration.traverse(CompilationUnitDeclaration.java:783)
	at org.eclipse.jdt.internal.compiler.ast.CompilationUnitDeclaration.traverse(CompilationUnitDeclaration.java:744)
	at spoon.support.compiler.jdt.JDTBasedSpoonCompiler.buildModel(JDTBasedSpoonCompiler.java:478)
	at spoon.support.compiler.jdt.JDTBasedSpoonCompiler.buildUnitsAndModel(JDTBasedSpoonCompiler.java:391)
	at spoon.support.compiler.jdt.JDTBasedSpoonCompiler.buildSources(JDTBasedSpoonCompiler.java:340)
	at spoon.support.compiler.jdt.JDTBasedSpoonCompiler.build(JDTBasedSpoonCompiler.java:129)
	at spoon.support.compiler.jdt.JDTBasedSpoonCompiler.build(JDTBasedSpoonCompiler.java:113)
	at fr.inria.lille.commons.spoon.util.SpoonModelLibrary.modelFor(SpoonModelLibrary.java:53)
	at fr.inria.lille.commons.spoon.SpoonedFile.<init>(SpoonedFile.java:61)
	at fr.inria.lille.commons.spoon.SpoonedClass.<init>(SpoonedClass.java:14)
	at fr.inria.lille.commons.spoon.SpoonedProject.forked(SpoonedProject.java:47)
	at fr.inria.lille.repair.nopol.NoPol.runOnStatement(NoPol.java:222)
	at fr.inria.lille.repair.nopol.NoPol.solveWithMultipleBuild(NoPol.java:213)
	at fr.inria.lille.repair.nopol.NoPol.build(NoPol.java:154)
	at fr.inria.lille.repair.Main$1.call(Main.java:101)
	at java.util.concurrent.FutureTask.run(FutureTask.java:266)
	at java.util.concurrent.ThreadPoolExecutor.runWorker(ThreadPoolExecutor.java:1149)
	at java.util.concurrent.ThreadPoolExecutor$Worker.run(ThreadPoolExecutor.java:624)
	at java.lang.Thread.run(Thread.java:748)

Usage: java -jar nopol.jar
                          [(-m|--mode) <repair|ranking>] (-e|--type) <condition|precondition|pre_then_cond|loop|arithmetic> [(-o|--oracle) <angelic|symbolic>] [(-y|--synthesis) <smt|dynamoth>] [(-l|--solver) <z3|cvc4>] [(-p|--solver-path) <solverPath>] (-s|--source) source1:source2:...:sourceN  (-c|--classpath) <classpath> [(-t|--test) test1:test2:...:testN ] [--complianceLevel <complianceLevel>] [--maxTime <maxTime>] [--maxTimeType <maxTimeType>] [(-z|--flocal) < cocospoon|dumb|gzoltar>] [--output <outputFolder>] [--json[:<outputJson>]]

  [(-m|--mode) <repair|ranking>]
        Define the mode of execution. (default: repair)

  (-e|--type) <condition|precondition|pre_then_cond|loop|arithmetic>
        The repair type (example fixing only conditions, or adding
        precondition). REQUIRED OPTION (default: condition)

  [(-o|--oracle) <angelic|symbolic>]
        Define the oracle (only used with repair mode). (default: angelic)

  [(-y|--synthesis) <smt|dynamoth>]
        Define the patch synthesis. (default: smt)

  [(-l|--solver) <z3|cvc4>]
        Define the solver (only used with smt synthesis). (default: z3)

  [(-p|--solver-path) <solverPath>]
        Define the solver binary path (only used with smt synthesis).

  (-s|--source) source1:source2:...:sourceN 
        Define the path to the source code of the project.

  (-c|--classpath) <classpath>
        Define the classpath of the project.

  [(-t|--test) test1:test2:...:testN ]
        Define the tests of the project (both failing and passing),
        fully-qualified, separated with ':' (even if the classpath contains
        other tests, only those are considered.

  [--complianceLevel <complianceLevel>]
        The compliance level of the project. (default: 7)

  [--maxTime <maxTime>]
        The maximum time execution in minute for the whole execution of
        Nopol.(default: 10)

  [--maxTimeType <maxTimeType>]
        The maximum time execution in minute for one type of patch. (default: 5)

  [(-z|--flocal) < cocospoon|dumb|gzoltar>]
        Define the fault localizer to be used. (default: gzoltar)

  [--output <outputFolder>]
        Define the location where the patches will be saved. (default: .)

  [--json[:<outputJson>]]
        Output a json file in the current working directory.

Command exited with non-zero status 255
4816.91user 19.22system 11:25.16elapsed 705%CPU (0avgtext+0avgdata 4350540maxresident)k
51264inputs+6488outputs (4major+1616678minor)pagefaults 0swaps


Node: granduc-21.luxembourg.grid5000.fr



Date: Wed Nov 28 22:30:59 EST 2018

