cd /tmp/Nopol_Bug_dot_jar_Commons-Math_bda25b40;
export JAVA_TOOL_OPTIONS="-Dfile.encoding=UTF8 -Duser.language=en-US -Duser.country=US -Duser.language=en";
TZ="America/New_York"; export TZ;
export PATH="/usr/lib/jvm/java-1.8.0-openjdk-amd64/bin/:$PATH";
export JAVA_HOME="/usr/lib/jvm/java-1.8.0-openjdk-amd64/bin/";
time java -Xmx4g -Xms1g -cp /home/tdurieux/defects4j4repair/script/../repair_tools/nopol.jar:/usr/lib/jvm/java-1.8.0-openjdk-amd64/bin//../lib/tools.jar fr.inria.lille.repair.Main \
	--mode repair \
	--type pre_then_cond \
	--oracle angelic \
	--synthesis smt \
	--flocal gzoltar \
	--json \
	--solver z3 \
	--solver-path /home/tdurieux/defects4j4repair/script/../libs/z3/build/z3 \
	--complianceLevel 7 \
	--source src/main/java \
	--classpath "target/classes:target/test-classes:/home/tdurieux/.m2/repository/junit/junit/4.11/junit-4.11.jar:/home/tdurieux/.m2/repository/org/hamcrest/hamcrest-core/1.3/hamcrest-core-1.3.jar:/home/tdurieux/defects4j4repair/script/../repair_tools/nopol.jar";
	echo "\n\nNode: `hostname`\n";
	echo "\n\nDate: `date`\n";
Picked up JAVA_TOOL_OPTIONS: -Dfile.encoding=UTF8 -Duser.language=en-US -Duser.country=US -Duser.language=en
09:27:18.817 [main] INFO  fr.inria.lille.repair.nopol.NoPol - Source files: [src/main/java]
09:27:18.837 [main] INFO  fr.inria.lille.repair.nopol.NoPol - Classpath: [file:/tmp/Nopol_Bug_dot_jar_Commons-Math_bda25b40/target/classes/, file:/tmp/Nopol_Bug_dot_jar_Commons-Math_bda25b40/target/test-classes/, file:/home/tdurieux/.m2/repository/junit/junit/4.11/junit-4.11.jar, file:/home/tdurieux/.m2/repository/org/hamcrest/hamcrest-core/1.3/hamcrest-core-1.3.jar, file:/home/tdurieux/defects4j4repair/script/../repair_tools/nopol.jar]
09:27:18.838 [main] INFO  fr.inria.lille.repair.nopol.NoPol - Statement type: PRE_THEN_COND
09:27:18.838 [main] INFO  fr.inria.lille.repair.nopol.NoPol - Args: [org.apache.commons.math3.RetryRunnerTest, org.apache.commons.math3.analysis.FunctionUtilsTest, org.apache.commons.math3.analysis.differentiation.DSCompilerTest, org.apache.commons.math3.analysis.differentiation.DerivativeStructureTest, org.apache.commons.math3.analysis.differentiation.FiniteDifferencesDifferentiatorTest, org.apache.commons.math3.analysis.differentiation.GradientFunctionTest, org.apache.commons.math3.analysis.differentiation.JacobianFunctionTest, org.apache.commons.math3.analysis.differentiation.SparseGradientTest, org.apache.commons.math3.analysis.function.GaussianTest, org.apache.commons.math3.analysis.function.HarmonicOscillatorTest, org.apache.commons.math3.analysis.function.LogisticTest, org.apache.commons.math3.analysis.function.LogitTest, org.apache.commons.math3.analysis.function.SigmoidTest, org.apache.commons.math3.analysis.function.SincTest, org.apache.commons.math3.analysis.function.SqrtTest, org.apache.commons.math3.analysis.function.StepFunctionTest, org.apache.commons.math3.analysis.integration.IterativeLegendreGaussIntegratorTest, org.apache.commons.math3.analysis.integration.LegendreGaussIntegratorTest, org.apache.commons.math3.analysis.integration.MidPointIntegratorTest, org.apache.commons.math3.analysis.integration.RombergIntegratorTest, org.apache.commons.math3.analysis.integration.SimpsonIntegratorTest, org.apache.commons.math3.analysis.integration.TrapezoidIntegratorTest, org.apache.commons.math3.analysis.integration.gauss.BaseRuleFactoryTest, org.apache.commons.math3.analysis.integration.gauss.GaussIntegratorTest, org.apache.commons.math3.analysis.integration.gauss.HermiteParametricTest, org.apache.commons.math3.analysis.integration.gauss.HermiteTest, org.apache.commons.math3.analysis.integration.gauss.LegendreHighPrecisionParametricTest, org.apache.commons.math3.analysis.integration.gauss.LegendreHighPrecisionTest, org.apache.commons.math3.analysis.integration.gauss.LegendreParametricTest, org.apache.commons.math3.analysis.integration.gauss.LegendreTest, org.apache.commons.math3.analysis.interpolation.BicubicSplineInterpolatingFunctionTest, org.apache.commons.math3.analysis.interpolation.BicubicSplineInterpolatorTest, org.apache.commons.math3.analysis.interpolation.DividedDifferenceInterpolatorTest, org.apache.commons.math3.analysis.interpolation.FieldHermiteInterpolatorTest, org.apache.commons.math3.analysis.interpolation.HermiteInterpolatorTest, org.apache.commons.math3.analysis.interpolation.LinearInterpolatorTest, org.apache.commons.math3.analysis.interpolation.LoessInterpolatorTest, org.apache.commons.math3.analysis.interpolation.MicrosphereInterpolatorTest, org.apache.commons.math3.analysis.interpolation.NevilleInterpolatorTest, org.apache.commons.math3.analysis.interpolation.SmoothingPolynomialBicubicSplineInterpolatorTest, org.apache.commons.math3.analysis.interpolation.SplineInterpolatorTest, org.apache.commons.math3.analysis.interpolation.TricubicSplineInterpolatingFunctionTest, org.apache.commons.math3.analysis.interpolation.TricubicSplineInterpolatorTest, org.apache.commons.math3.analysis.interpolation.UnivariatePeriodicInterpolatorTest, org.apache.commons.math3.analysis.polynomials.PolynomialFunctionLagrangeFormTest, org.apache.commons.math3.analysis.polynomials.PolynomialFunctionNewtonFormTest, org.apache.commons.math3.analysis.polynomials.PolynomialFunctionTest, org.apache.commons.math3.analysis.polynomials.PolynomialSplineFunctionTest, org.apache.commons.math3.analysis.polynomials.PolynomialsUtilsTest, org.apache.commons.math3.analysis.solvers.BisectionSolverTest, org.apache.commons.math3.analysis.solvers.BracketingNthOrderBrentSolverTest, org.apache.commons.math3.analysis.solvers.BrentSolverTest, org.apache.commons.math3.analysis.solvers.IllinoisSolverTest, org.apache.commons.math3.analysis.solvers.LaguerreSolverTest, org.apache.commons.math3.analysis.solvers.MullerSolver2Test, org.apache.commons.math3.analysis.solvers.MullerSolverTest, org.apache.commons.math3.analysis.solvers.NewtonRaphsonSolverTest, org.apache.commons.math3.analysis.solvers.NewtonSolverTest, org.apache.commons.math3.analysis.solvers.PegasusSolverTest, org.apache.commons.math3.analysis.solvers.RegulaFalsiSolverTest, org.apache.commons.math3.analysis.solvers.RiddersSolverTest, org.apache.commons.math3.analysis.solvers.SecantSolverTest, org.apache.commons.math3.analysis.solvers.UnivariateSolverUtilsTest, org.apache.commons.math3.complex.ComplexFieldTest, org.apache.commons.math3.complex.ComplexFormatTest, org.apache.commons.math3.complex.ComplexTest, org.apache.commons.math3.complex.ComplexUtilsTest, org.apache.commons.math3.complex.FrenchComplexFormatTest, org.apache.commons.math3.complex.QuaternionTest, org.apache.commons.math3.complex.RootsOfUnityTest, org.apache.commons.math3.dfp.BracketingNthOrderBrentSolverDFPTest, org.apache.commons.math3.dfp.DfpDecTest, org.apache.commons.math3.dfp.DfpMathTest, org.apache.commons.math3.dfp.DfpTest, org.apache.commons.math3.distribution.AbstractIntegerDistributionTest, org.apache.commons.math3.distribution.AbstractRealDistributionTest, org.apache.commons.math3.distribution.BetaDistributionTest, org.apache.commons.math3.distribution.BinomialDistributionTest, org.apache.commons.math3.distribution.CauchyDistributionTest, org.apache.commons.math3.distribution.ChiSquaredDistributionTest, org.apache.commons.math3.distribution.EnumeratedIntegerDistributionTest, org.apache.commons.math3.distribution.EnumeratedRealDistributionTest, org.apache.commons.math3.distribution.ExponentialDistributionTest, org.apache.commons.math3.distribution.FDistributionTest, org.apache.commons.math3.distribution.GammaDistributionTest, org.apache.commons.math3.distribution.GeometricDistributionTest, org.apache.commons.math3.distribution.HypergeometricDistributionTest, org.apache.commons.math3.distribution.KolmogorovSmirnovDistributionTest, org.apache.commons.math3.distribution.LevyDistributionTest, org.apache.commons.math3.distribution.LogNormalDistributionTest, org.apache.commons.math3.distribution.MultivariateNormalDistributionTest, org.apache.commons.math3.distribution.MultivariateNormalMixtureModelDistributionTest, org.apache.commons.math3.distribution.NormalDistributionTest, org.apache.commons.math3.distribution.ParetoDistributionTest, org.apache.commons.math3.distribution.PascalDistributionTest, org.apache.commons.math3.distribution.PoissonDistributionTest, org.apache.commons.math3.distribution.TDistributionTest, org.apache.commons.math3.distribution.TriangularDistributionTest, org.apache.commons.math3.distribution.UniformIntegerDistributionTest, org.apache.commons.math3.distribution.UniformRealDistributionTest, org.apache.commons.math3.distribution.WeibullDistributionTest, org.apache.commons.math3.distribution.ZipfDistributionTest, org.apache.commons.math3.distribution.fitting.MultivariateNormalMixtureExpectationMaximizationTest, org.apache.commons.math3.exception.DimensionMismatchExceptionTest, org.apache.commons.math3.exception.MaxCountExceededExceptionTest, org.apache.commons.math3.exception.NonMonotonicSequenceExceptionTest, org.apache.commons.math3.exception.NotPositiveExceptionTest, org.apache.commons.math3.exception.NotStrictlyPositiveExceptionTest, org.apache.commons.math3.exception.NumberIsTooLargeExceptionTest, org.apache.commons.math3.exception.NumberIsTooSmallExceptionTest, org.apache.commons.math3.exception.OutOfRangeExceptionTest, org.apache.commons.math3.exception.TooManyEvaluationsExceptionTest, org.apache.commons.math3.exception.util.ArgUtilsTest, org.apache.commons.math3.exception.util.ExceptionContextTest, org.apache.commons.math3.exception.util.LocalizedFormatsTest, org.apache.commons.math3.filter.KalmanFilterTest, org.apache.commons.math3.fitting.CurveFitterTest, org.apache.commons.math3.fitting.GaussianCurveFitterTest, org.apache.commons.math3.fitting.GaussianFitterTest, org.apache.commons.math3.fitting.HarmonicCurveFitterTest, org.apache.commons.math3.fitting.HarmonicFitterTest, org.apache.commons.math3.fitting.PolynomialFitterTest, org.apache.commons.math3.fitting.WeightedObservedPointsTest, org.apache.commons.math3.fitting.leastsquares.AbstractLeastSquaresOptimizerTest, org.apache.commons.math3.fitting.leastsquares.AbstractLeastSquaresOptimizerTestValidation, org.apache.commons.math3.fitting.leastsquares.GaussNewtonOptimizerTest, org.apache.commons.math3.fitting.leastsquares.LevenbergMarquardtOptimizerTest, org.apache.commons.math3.fitting.leastsquares.MinpackTest, org.apache.commons.math3.fraction.BigFractionFieldTest, org.apache.commons.math3.fraction.BigFractionFormatTest, org.apache.commons.math3.fraction.BigFractionTest, org.apache.commons.math3.fraction.FractionFieldTest, org.apache.commons.math3.fraction.FractionFormatTest, org.apache.commons.math3.fraction.FractionTest, org.apache.commons.math3.genetics.BinaryChromosomeTest, org.apache.commons.math3.genetics.BinaryMutationTest, org.apache.commons.math3.genetics.ChromosomeTest, org.apache.commons.math3.genetics.CycleCrossoverTest, org.apache.commons.math3.genetics.ElitisticListPopulationTest, org.apache.commons.math3.genetics.FitnessCachingTest, org.apache.commons.math3.genetics.FixedElapsedTimeTest, org.apache.commons.math3.genetics.FixedGenerationCountTest, org.apache.commons.math3.genetics.GeneticAlgorithmTestBinary, org.apache.commons.math3.genetics.GeneticAlgorithmTestPermutations, org.apache.commons.math3.genetics.ListPopulationTest, org.apache.commons.math3.genetics.NPointCrossoverTest, org.apache.commons.math3.genetics.OnePointCrossoverTest, org.apache.commons.math3.genetics.OrderedCrossoverTest, org.apache.commons.math3.genetics.RandomKeyMutationTest, org.apache.commons.math3.genetics.RandomKeyTest, org.apache.commons.math3.genetics.TournamentSelectionTest, org.apache.commons.math3.genetics.UniformCrossoverTest, org.apache.commons.math3.geometry.euclidean.oned.IntervalTest, org.apache.commons.math3.geometry.euclidean.oned.IntervalsSetTest, org.apache.commons.math3.geometry.euclidean.threed.FieldRotationDSTest, org.apache.commons.math3.geometry.euclidean.threed.FieldRotationDfpTest, org.apache.commons.math3.geometry.euclidean.threed.FieldVector3DTest, org.apache.commons.math3.geometry.euclidean.threed.FrenchVector3DFormatTest, org.apache.commons.math3.geometry.euclidean.threed.LineTest, org.apache.commons.math3.geometry.euclidean.threed.PlaneTest, org.apache.commons.math3.geometry.euclidean.threed.PolyhedronsSetTest, org.apache.commons.math3.geometry.euclidean.threed.RotationOrderTest, org.apache.commons.math3.geometry.euclidean.threed.RotationTest, org.apache.commons.math3.geometry.euclidean.threed.SphericalCoordinatesTest, org.apache.commons.math3.geometry.euclidean.threed.SubLineTest, org.apache.commons.math3.geometry.euclidean.threed.Vector3DFormatTest, org.apache.commons.math3.geometry.euclidean.threed.Vector3DTest, org.apache.commons.math3.geometry.euclidean.twod.LineTest, org.apache.commons.math3.geometry.euclidean.twod.PolygonsSetTest, org.apache.commons.math3.geometry.euclidean.twod.SegmentTest, org.apache.commons.math3.geometry.euclidean.twod.SubLineTest, org.apache.commons.math3.geometry.partitioning.utilities.AVLTreeTest, org.apache.commons.math3.linear.Array2DRowRealMatrixTest, org.apache.commons.math3.linear.ArrayFieldVectorTest, org.apache.commons.math3.linear.ArrayRealVectorTest, org.apache.commons.math3.linear.BiDiagonalTransformerTest, org.apache.commons.math3.linear.BlockFieldMatrixTest, org.apache.commons.math3.linear.BlockRealMatrixTest, org.apache.commons.math3.linear.CholeskyDecompositionTest, org.apache.commons.math3.linear.CholeskySolverTest, org.apache.commons.math3.linear.ConjugateGradientTest, org.apache.commons.math3.linear.DiagonalMatrixTest, org.apache.commons.math3.linear.EigenDecompositionTest, org.apache.commons.math3.linear.EigenSolverTest, org.apache.commons.math3.linear.FieldLUDecompositionTest, org.apache.commons.math3.linear.FieldLUSolverTest, org.apache.commons.math3.linear.FieldMatrixImplTest, org.apache.commons.math3.linear.FrenchRealVectorFormatTest, org.apache.commons.math3.linear.HessenbergTransformerTest, org.apache.commons.math3.linear.LUDecompositionTest, org.apache.commons.math3.linear.LUSolverTest, org.apache.commons.math3.linear.MatrixDimensionMismatchExceptionTest, org.apache.commons.math3.linear.MatrixUtilsTest, org.apache.commons.math3.linear.OpenMapRealMatrixTest, org.apache.commons.math3.linear.QRDecompositionTest, org.apache.commons.math3.linear.QRSolverTest, org.apache.commons.math3.linear.RRQRDecompositionTest, org.apache.commons.math3.linear.RRQRSolverTest, org.apache.commons.math3.linear.RealMatrixFormatTest, org.apache.commons.math3.linear.RealVectorFormatTest, org.apache.commons.math3.linear.RealVectorTest, org.apache.commons.math3.linear.RectangularCholeskyDecompositionTest, org.apache.commons.math3.linear.SchurTransformerTest, org.apache.commons.math3.linear.SingularValueDecompositionTest, org.apache.commons.math3.linear.SingularValueSolverTest, org.apache.commons.math3.linear.SparseFieldMatrixTest, org.apache.commons.math3.linear.SparseFieldVectorTest, org.apache.commons.math3.linear.SparseRealMatrixTest, org.apache.commons.math3.linear.SparseRealVectorTest, org.apache.commons.math3.linear.SymmLQTest, org.apache.commons.math3.linear.TriDiagonalTransformerTest, org.apache.commons.math3.linear.UnmodifiableArrayRealVectorTest, org.apache.commons.math3.linear.UnmodifiableOpenMapRealVectorTest, org.apache.commons.math3.ml.clustering.DBSCANClustererTest, org.apache.commons.math3.ml.clustering.FuzzyKMeansClustererTest, org.apache.commons.math3.ml.clustering.KMeansPlusPlusClustererTest, org.apache.commons.math3.ml.clustering.MultiKMeansPlusPlusClustererTest, org.apache.commons.math3.ml.distance.CanberraDistanceTest, org.apache.commons.math3.ml.distance.ChebyshevDistanceTest, org.apache.commons.math3.ml.distance.EarthMoversDistanceTest, org.apache.commons.math3.ml.distance.EuclideanDistanceTest, org.apache.commons.math3.ml.distance.ManhattanDistanceTest, org.apache.commons.math3.ode.ContinuousOutputModelTest, org.apache.commons.math3.ode.FirstOrderConverterTest, org.apache.commons.math3.ode.JacobianMatricesTest, org.apache.commons.math3.ode.events.EventFilterTest, org.apache.commons.math3.ode.events.EventStateTest, org.apache.commons.math3.ode.events.OverlappingEventsTest, org.apache.commons.math3.ode.events.ReappearingEventTest, org.apache.commons.math3.ode.nonstiff.AdamsBashforthIntegratorTest, org.apache.commons.math3.ode.nonstiff.AdamsMoultonIntegratorTest, org.apache.commons.math3.ode.nonstiff.ClassicalRungeKuttaIntegratorTest, org.apache.commons.math3.ode.nonstiff.ClassicalRungeKuttaStepInterpolatorTest, org.apache.commons.math3.ode.nonstiff.DormandPrince54IntegratorTest, org.apache.commons.math3.ode.nonstiff.DormandPrince54StepInterpolatorTest, org.apache.commons.math3.ode.nonstiff.DormandPrince853IntegratorTest, org.apache.commons.math3.ode.nonstiff.DormandPrince853StepInterpolatorTest, org.apache.commons.math3.ode.nonstiff.EulerIntegratorTest, org.apache.commons.math3.ode.nonstiff.EulerStepInterpolatorTest, org.apache.commons.math3.ode.nonstiff.GillIntegratorTest, org.apache.commons.math3.ode.nonstiff.GillStepInterpolatorTest, org.apache.commons.math3.ode.nonstiff.GraggBulirschStoerIntegratorTest, org.apache.commons.math3.ode.nonstiff.GraggBulirschStoerStepInterpolatorTest, org.apache.commons.math3.ode.nonstiff.HighamHall54IntegratorTest, org.apache.commons.math3.ode.nonstiff.HighamHall54StepInterpolatorTest, org.apache.commons.math3.ode.nonstiff.MidpointIntegratorTest, org.apache.commons.math3.ode.nonstiff.MidpointStepInterpolatorTest, org.apache.commons.math3.ode.nonstiff.ThreeEighthesIntegratorTest, org.apache.commons.math3.ode.nonstiff.ThreeEighthesStepInterpolatorTest, org.apache.commons.math3.ode.sampling.DummyStepInterpolatorTest, org.apache.commons.math3.ode.sampling.NordsieckStepInterpolatorTest, org.apache.commons.math3.ode.sampling.StepNormalizerOutputOverlapTest, org.apache.commons.math3.ode.sampling.StepNormalizerOutputTest, org.apache.commons.math3.ode.sampling.StepNormalizerTest, org.apache.commons.math3.optim.PointValuePairTest, org.apache.commons.math3.optim.PointVectorValuePairTest, org.apache.commons.math3.optim.SimplePointCheckerTest, org.apache.commons.math3.optim.SimpleValueCheckerTest, org.apache.commons.math3.optim.SimpleVectorValueCheckerTest, org.apache.commons.math3.optim.linear.SimplexSolverTest, org.apache.commons.math3.optim.linear.SimplexTableauTest, org.apache.commons.math3.optim.nonlinear.scalar.MultiStartMultivariateOptimizerTest, org.apache.commons.math3.optim.nonlinear.scalar.MultivariateFunctionMappingAdapterTest, org.apache.commons.math3.optim.nonlinear.scalar.MultivariateFunctionPenaltyAdapterTest, org.apache.commons.math3.optim.nonlinear.scalar.gradient.NonLinearConjugateGradientOptimizerTest, org.apache.commons.math3.optim.nonlinear.scalar.noderiv.BOBYQAOptimizerTest, org.apache.commons.math3.optim.nonlinear.scalar.noderiv.CMAESOptimizerTest, org.apache.commons.math3.optim.nonlinear.scalar.noderiv.PowellOptimizerTest, org.apache.commons.math3.optim.nonlinear.scalar.noderiv.SimplexOptimizerMultiDirectionalTest, org.apache.commons.math3.optim.nonlinear.scalar.noderiv.SimplexOptimizerNelderMeadTest, org.apache.commons.math3.optim.nonlinear.vector.MultiStartMultivariateVectorOptimizerTest, org.apache.commons.math3.optim.nonlinear.vector.jacobian.AbstractLeastSquaresOptimizerTest, org.apache.commons.math3.optim.nonlinear.vector.jacobian.AbstractLeastSquaresOptimizerTestValidation, org.apache.commons.math3.optim.nonlinear.vector.jacobian.GaussNewtonOptimizerTest, org.apache.commons.math3.optim.nonlinear.vector.jacobian.LevenbergMarquardtOptimizerTest, org.apache.commons.math3.optim.nonlinear.vector.jacobian.MinpackTest, org.apache.commons.math3.optim.univariate.BracketFinderTest, org.apache.commons.math3.optim.univariate.BrentOptimizerTest, org.apache.commons.math3.optim.univariate.MultiStartUnivariateOptimizerTest, org.apache.commons.math3.optim.univariate.SimpleUnivariateValueCheckerTest, org.apache.commons.math3.optimization.MultivariateDifferentiableMultiStartOptimizerTest, org.apache.commons.math3.optimization.MultivariateDifferentiableVectorMultiStartOptimizerTest, org.apache.commons.math3.optimization.MultivariateMultiStartOptimizerTest, org.apache.commons.math3.optimization.PointValuePairTest, org.apache.commons.math3.optimization.PointVectorValuePairTest, org.apache.commons.math3.optimization.SimplePointCheckerTest, org.apache.commons.math3.optimization.SimpleValueCheckerTest, org.apache.commons.math3.optimization.SimpleVectorValueCheckerTest, org.apache.commons.math3.optimization.direct.BOBYQAOptimizerTest, org.apache.commons.math3.optimization.direct.CMAESOptimizerTest, org.apache.commons.math3.optimization.direct.MultivariateFunctionMappingAdapterTest, org.apache.commons.math3.optimization.direct.MultivariateFunctionPenaltyAdapterTest, org.apache.commons.math3.optimization.direct.PowellOptimizerTest, org.apache.commons.math3.optimization.direct.SimplexOptimizerMultiDirectionalTest, org.apache.commons.math3.optimization.direct.SimplexOptimizerNelderMeadTest, org.apache.commons.math3.optimization.fitting.CurveFitterTest, org.apache.commons.math3.optimization.fitting.GaussianFitterTest, org.apache.commons.math3.optimization.fitting.HarmonicFitterTest, org.apache.commons.math3.optimization.fitting.PolynomialFitterTest, org.apache.commons.math3.optimization.general.AbstractLeastSquaresOptimizerTest, org.apache.commons.math3.optimization.general.AbstractLeastSquaresOptimizerTestValidation, org.apache.commons.math3.optimization.general.GaussNewtonOptimizerTest, org.apache.commons.math3.optimization.general.LevenbergMarquardtOptimizerTest, org.apache.commons.math3.optimization.general.MinpackTest, org.apache.commons.math3.optimization.general.NonLinearConjugateGradientOptimizerTest, org.apache.commons.math3.optimization.linear.SimplexSolverTest, org.apache.commons.math3.optimization.linear.SimplexTableauTest, org.apache.commons.math3.optimization.univariate.BracketFinderTest, org.apache.commons.math3.optimization.univariate.BrentOptimizerTest, org.apache.commons.math3.optimization.univariate.SimpleUnivariateValueCheckerTest, org.apache.commons.math3.optimization.univariate.UnivariateMultiStartOptimizerTest, org.apache.commons.math3.primes.PrimesTest, org.apache.commons.math3.random.AbstractRandomGeneratorTest, org.apache.commons.math3.random.BitsStreamGeneratorTest, org.apache.commons.math3.random.CorrelatedRandomVectorGeneratorTest, org.apache.commons.math3.random.EmpiricalDistributionTest, org.apache.commons.math3.random.GaussianRandomGeneratorTest, org.apache.commons.math3.random.HaltonSequenceGeneratorTest, org.apache.commons.math3.random.ISAACTest, org.apache.commons.math3.random.MersenneTwisterTest, org.apache.commons.math3.random.RandomAdaptorTest, org.apache.commons.math3.random.RandomDataGeneratorTest, org.apache.commons.math3.random.RandomGeneratorAbstractTest, org.apache.commons.math3.random.RandomGeneratorFactoryTest, org.apache.commons.math3.random.SobolSequenceGeneratorTest, org.apache.commons.math3.random.StableRandomGeneratorTest, org.apache.commons.math3.random.SynchronizedRandomGeneratorTest, org.apache.commons.math3.random.UncorrelatedRandomVectorGeneratorTest, org.apache.commons.math3.random.UniformRandomGeneratorTest, org.apache.commons.math3.random.UnitSphereRandomVectorGeneratorTest, org.apache.commons.math3.random.ValueServerTest, org.apache.commons.math3.random.Well1024aTest, org.apache.commons.math3.random.Well19937aTest, org.apache.commons.math3.random.Well19937cTest, org.apache.commons.math3.random.Well44497aTest, org.apache.commons.math3.random.Well44497bTest, org.apache.commons.math3.random.Well512aTest, org.apache.commons.math3.special.BetaTest, org.apache.commons.math3.special.ErfTest, org.apache.commons.math3.special.GammaTest, org.apache.commons.math3.stat.CertifiedDataTest, org.apache.commons.math3.stat.FrequencyTest, org.apache.commons.math3.stat.StatUtilsTest, org.apache.commons.math3.stat.clustering.DBSCANClustererTest, org.apache.commons.math3.stat.clustering.EuclideanDoublePointTest, org.apache.commons.math3.stat.clustering.EuclideanIntegerPointTest, org.apache.commons.math3.stat.clustering.KMeansPlusPlusClustererTest, org.apache.commons.math3.stat.correlation.CovarianceTest, org.apache.commons.math3.stat.correlation.PearsonsCorrelationTest, org.apache.commons.math3.stat.correlation.SpearmansRankCorrelationTest, org.apache.commons.math3.stat.correlation.StorelessCovarianceTest, org.apache.commons.math3.stat.data.LewTest, org.apache.commons.math3.stat.data.LotteryTest, org.apache.commons.math3.stat.descriptive.AbstractUnivariateStatisticTest, org.apache.commons.math3.stat.descriptive.AggregateSummaryStatisticsTest, org.apache.commons.math3.stat.descriptive.DescriptiveStatisticsTest, org.apache.commons.math3.stat.descriptive.ListUnivariateImplTest, org.apache.commons.math3.stat.descriptive.MixedListUnivariateImplTest, org.apache.commons.math3.stat.descriptive.MultivariateSummaryStatisticsTest, org.apache.commons.math3.stat.descriptive.StatisticalSummaryValuesTest, org.apache.commons.math3.stat.descriptive.SummaryStatisticsTest, org.apache.commons.math3.stat.descriptive.SynchronizedDescriptiveStatisticsTest, org.apache.commons.math3.stat.descriptive.SynchronizedMultivariateSummaryStatisticsTest, org.apache.commons.math3.stat.descriptive.SynchronizedSummaryStatisticsTest, org.apache.commons.math3.stat.descriptive.moment.FirstMomentTest, org.apache.commons.math3.stat.descriptive.moment.FourthMomentTest, org.apache.commons.math3.stat.descriptive.moment.GeometricMeanTest, org.apache.commons.math3.stat.descriptive.moment.InteractionTest, org.apache.commons.math3.stat.descriptive.moment.KurtosisTest, org.apache.commons.math3.stat.descriptive.moment.MeanTest, org.apache.commons.math3.stat.descriptive.moment.SecondMomentTest, org.apache.commons.math3.stat.descriptive.moment.SemiVarianceTest, org.apache.commons.math3.stat.descriptive.moment.SkewnessTest, org.apache.commons.math3.stat.descriptive.moment.StandardDeviationTest, org.apache.commons.math3.stat.descriptive.moment.ThirdMomentTest, org.apache.commons.math3.stat.descriptive.moment.VarianceTest, org.apache.commons.math3.stat.descriptive.moment.VectorialCovarianceTest, org.apache.commons.math3.stat.descriptive.moment.VectorialMeanTest, org.apache.commons.math3.stat.descriptive.rank.MaxTest, org.apache.commons.math3.stat.descriptive.rank.MedianTest, org.apache.commons.math3.stat.descriptive.rank.MinTest, org.apache.commons.math3.stat.descriptive.rank.PercentileTest, org.apache.commons.math3.stat.descriptive.summary.ProductTest, org.apache.commons.math3.stat.descriptive.summary.SumLogTest, org.apache.commons.math3.stat.descriptive.summary.SumSqTest, org.apache.commons.math3.stat.descriptive.summary.SumTest, org.apache.commons.math3.stat.inference.BinomialConfidenceIntervalTest, org.apache.commons.math3.stat.inference.BinomialTestTest, org.apache.commons.math3.stat.inference.ChiSquareTestTest, org.apache.commons.math3.stat.inference.GTestTest, org.apache.commons.math3.stat.inference.MannWhitneyUTestTest, org.apache.commons.math3.stat.inference.OneWayAnovaTest, org.apache.commons.math3.stat.inference.TTestTest, org.apache.commons.math3.stat.inference.TestUtilsTest, org.apache.commons.math3.stat.inference.WilcoxonSignedRankTestTest, org.apache.commons.math3.stat.ranking.NaturalRankingTest, org.apache.commons.math3.stat.regression.GLSMultipleLinearRegressionTest, org.apache.commons.math3.stat.regression.MillerUpdatingRegressionTest, org.apache.commons.math3.stat.regression.OLSMultipleLinearRegressionTest, org.apache.commons.math3.stat.regression.SimpleRegressionTest, org.apache.commons.math3.transform.FastCosineTransformerTest, org.apache.commons.math3.transform.FastFourierTransformerTest, org.apache.commons.math3.transform.FastHadamardTransformerTest, org.apache.commons.math3.transform.FastSineTransformerTest, org.apache.commons.math3.util.ArithmeticUtilsTest, org.apache.commons.math3.util.BigRealFieldTest, org.apache.commons.math3.util.BigRealTest, org.apache.commons.math3.util.CombinationsTest, org.apache.commons.math3.util.CombinatoricsUtilsTest, org.apache.commons.math3.util.ContinuedFractionTest, org.apache.commons.math3.util.Decimal64Test, org.apache.commons.math3.util.DefaultTransformerTest, org.apache.commons.math3.util.FastMathStrictComparisonTest, org.apache.commons.math3.util.FastMathTest, org.apache.commons.math3.util.FastMathTestPerformance, org.apache.commons.math3.util.IncrementorTest, org.apache.commons.math3.util.MathArraysTest, org.apache.commons.math3.util.MathUtilsTest, org.apache.commons.math3.util.MultidimensionalCounterTest, org.apache.commons.math3.util.OpenIntToDoubleHashMapTest, org.apache.commons.math3.util.OpenIntToFieldTest, org.apache.commons.math3.util.PairTest, org.apache.commons.math3.util.PrecisionTest, org.apache.commons.math3.util.ResizableDoubleArrayTest, org.apache.commons.math3.util.TransformerMapTest]
09:27:18.841 [main] INFO  fr.inria.lille.repair.nopol.NoPol - Config: Config{synthesisDepth=3, collectStaticMethods=true, collectStaticFields=false, collectLiterals=false, onlyOneSynthesisResult=true, sortExpressions=true, maxLineInvocationPerTest=250, timeoutMethodInvocation=2000, dataCollectionTimeoutInSecondForSynthesis=900, addWeight=0.19478, subWeight=0.04554, mulWeight=0.0102, divWeight=0.00613, andWeight=0.10597, orWeight=0.05708, eqWeight=0.22798, nEqWeight=0.0, lessEqWeight=0.0255, lessWeight=0.0947, methodCallWeight=0.1, fieldAccessWeight=0.08099, constantWeight=0.14232, variableWeight=0.05195, mode=REPAIR, type=PRE_THEN_COND, synthesis=SMT, oracle=ANGELIC, solver=Z3, solverPath='/home/tdurieux/defects4j4repair/script/../libs/z3/build/z3', projectSources=[src/main/java], projectClasspath='[Ljava.net.URL;@66d33a', projectTests=[org.apache.commons.math3.RetryRunnerTest, org.apache.commons.math3.analysis.FunctionUtilsTest, org.apache.commons.math3.analysis.differentiation.DSCompilerTest, org.apache.commons.math3.analysis.differentiation.DerivativeStructureTest, org.apache.commons.math3.analysis.differentiation.FiniteDifferencesDifferentiatorTest, org.apache.commons.math3.analysis.differentiation.GradientFunctionTest, org.apache.commons.math3.analysis.differentiation.JacobianFunctionTest, org.apache.commons.math3.analysis.differentiation.SparseGradientTest, org.apache.commons.math3.analysis.function.GaussianTest, org.apache.commons.math3.analysis.function.HarmonicOscillatorTest, org.apache.commons.math3.analysis.function.LogisticTest, org.apache.commons.math3.analysis.function.LogitTest, org.apache.commons.math3.analysis.function.SigmoidTest, org.apache.commons.math3.analysis.function.SincTest, org.apache.commons.math3.analysis.function.SqrtTest, org.apache.commons.math3.analysis.function.StepFunctionTest, org.apache.commons.math3.analysis.integration.IterativeLegendreGaussIntegratorTest, org.apache.commons.math3.analysis.integration.LegendreGaussIntegratorTest, org.apache.commons.math3.analysis.integration.MidPointIntegratorTest, org.apache.commons.math3.analysis.integration.RombergIntegratorTest, org.apache.commons.math3.analysis.integration.SimpsonIntegratorTest, org.apache.commons.math3.analysis.integration.TrapezoidIntegratorTest, org.apache.commons.math3.analysis.integration.gauss.BaseRuleFactoryTest, org.apache.commons.math3.analysis.integration.gauss.GaussIntegratorTest, org.apache.commons.math3.analysis.integration.gauss.HermiteParametricTest, org.apache.commons.math3.analysis.integration.gauss.HermiteTest, org.apache.commons.math3.analysis.integration.gauss.LegendreHighPrecisionParametricTest, org.apache.commons.math3.analysis.integration.gauss.LegendreHighPrecisionTest, org.apache.commons.math3.analysis.integration.gauss.LegendreParametricTest, org.apache.commons.math3.analysis.integration.gauss.LegendreTest, org.apache.commons.math3.analysis.interpolation.BicubicSplineInterpolatingFunctionTest, org.apache.commons.math3.analysis.interpolation.BicubicSplineInterpolatorTest, org.apache.commons.math3.analysis.interpolation.DividedDifferenceInterpolatorTest, org.apache.commons.math3.analysis.interpolation.FieldHermiteInterpolatorTest, org.apache.commons.math3.analysis.interpolation.HermiteInterpolatorTest, org.apache.commons.math3.analysis.interpolation.LinearInterpolatorTest, org.apache.commons.math3.analysis.interpolation.LoessInterpolatorTest, org.apache.commons.math3.analysis.interpolation.MicrosphereInterpolatorTest, org.apache.commons.math3.analysis.interpolation.NevilleInterpolatorTest, org.apache.commons.math3.analysis.interpolation.SmoothingPolynomialBicubicSplineInterpolatorTest, org.apache.commons.math3.analysis.interpolation.SplineInterpolatorTest, org.apache.commons.math3.analysis.interpolation.TricubicSplineInterpolatingFunctionTest, org.apache.commons.math3.analysis.interpolation.TricubicSplineInterpolatorTest, org.apache.commons.math3.analysis.interpolation.UnivariatePeriodicInterpolatorTest, org.apache.commons.math3.analysis.polynomials.PolynomialFunctionLagrangeFormTest, org.apache.commons.math3.analysis.polynomials.PolynomialFunctionNewtonFormTest, org.apache.commons.math3.analysis.polynomials.PolynomialFunctionTest, org.apache.commons.math3.analysis.polynomials.PolynomialSplineFunctionTest, org.apache.commons.math3.analysis.polynomials.PolynomialsUtilsTest, org.apache.commons.math3.analysis.solvers.BisectionSolverTest, org.apache.commons.math3.analysis.solvers.BracketingNthOrderBrentSolverTest, org.apache.commons.math3.analysis.solvers.BrentSolverTest, org.apache.commons.math3.analysis.solvers.IllinoisSolverTest, org.apache.commons.math3.analysis.solvers.LaguerreSolverTest, org.apache.commons.math3.analysis.solvers.MullerSolver2Test, org.apache.commons.math3.analysis.solvers.MullerSolverTest, org.apache.commons.math3.analysis.solvers.NewtonRaphsonSolverTest, org.apache.commons.math3.analysis.solvers.NewtonSolverTest, org.apache.commons.math3.analysis.solvers.PegasusSolverTest, org.apache.commons.math3.analysis.solvers.RegulaFalsiSolverTest, org.apache.commons.math3.analysis.solvers.RiddersSolverTest, org.apache.commons.math3.analysis.solvers.SecantSolverTest, org.apache.commons.math3.analysis.solvers.UnivariateSolverUtilsTest, org.apache.commons.math3.complex.ComplexFieldTest, org.apache.commons.math3.complex.ComplexFormatTest, org.apache.commons.math3.complex.ComplexTest, org.apache.commons.math3.complex.ComplexUtilsTest, org.apache.commons.math3.complex.FrenchComplexFormatTest, org.apache.commons.math3.complex.QuaternionTest, org.apache.commons.math3.complex.RootsOfUnityTest, org.apache.commons.math3.dfp.BracketingNthOrderBrentSolverDFPTest, org.apache.commons.math3.dfp.DfpDecTest, org.apache.commons.math3.dfp.DfpMathTest, org.apache.commons.math3.dfp.DfpTest, org.apache.commons.math3.distribution.AbstractIntegerDistributionTest, org.apache.commons.math3.distribution.AbstractRealDistributionTest, org.apache.commons.math3.distribution.BetaDistributionTest, org.apache.commons.math3.distribution.BinomialDistributionTest, org.apache.commons.math3.distribution.CauchyDistributionTest, org.apache.commons.math3.distribution.ChiSquaredDistributionTest, org.apache.commons.math3.distribution.EnumeratedIntegerDistributionTest, org.apache.commons.math3.distribution.EnumeratedRealDistributionTest, org.apache.commons.math3.distribution.ExponentialDistributionTest, org.apache.commons.math3.distribution.FDistributionTest, org.apache.commons.math3.distribution.GammaDistributionTest, org.apache.commons.math3.distribution.GeometricDistributionTest, org.apache.commons.math3.distribution.HypergeometricDistributionTest, org.apache.commons.math3.distribution.KolmogorovSmirnovDistributionTest, org.apache.commons.math3.distribution.LevyDistributionTest, org.apache.commons.math3.distribution.LogNormalDistributionTest, org.apache.commons.math3.distribution.MultivariateNormalDistributionTest, org.apache.commons.math3.distribution.MultivariateNormalMixtureModelDistributionTest, org.apache.commons.math3.distribution.NormalDistributionTest, org.apache.commons.math3.distribution.ParetoDistributionTest, org.apache.commons.math3.distribution.PascalDistributionTest, org.apache.commons.math3.distribution.PoissonDistributionTest, org.apache.commons.math3.distribution.TDistributionTest, org.apache.commons.math3.distribution.TriangularDistributionTest, org.apache.commons.math3.distribution.UniformIntegerDistributionTest, org.apache.commons.math3.distribution.UniformRealDistributionTest, org.apache.commons.math3.distribution.WeibullDistributionTest, org.apache.commons.math3.distribution.ZipfDistributionTest, org.apache.commons.math3.distribution.fitting.MultivariateNormalMixtureExpectationMaximizationTest, org.apache.commons.math3.exception.DimensionMismatchExceptionTest, org.apache.commons.math3.exception.MaxCountExceededExceptionTest, org.apache.commons.math3.exception.NonMonotonicSequenceExceptionTest, org.apache.commons.math3.exception.NotPositiveExceptionTest, org.apache.commons.math3.exception.NotStrictlyPositiveExceptionTest, org.apache.commons.math3.exception.NumberIsTooLargeExceptionTest, org.apache.commons.math3.exception.NumberIsTooSmallExceptionTest, org.apache.commons.math3.exception.OutOfRangeExceptionTest, org.apache.commons.math3.exception.TooManyEvaluationsExceptionTest, org.apache.commons.math3.exception.util.ArgUtilsTest, org.apache.commons.math3.exception.util.ExceptionContextTest, org.apache.commons.math3.exception.util.LocalizedFormatsTest, org.apache.commons.math3.filter.KalmanFilterTest, org.apache.commons.math3.fitting.CurveFitterTest, org.apache.commons.math3.fitting.GaussianCurveFitterTest, org.apache.commons.math3.fitting.GaussianFitterTest, org.apache.commons.math3.fitting.HarmonicCurveFitterTest, org.apache.commons.math3.fitting.HarmonicFitterTest, org.apache.commons.math3.fitting.PolynomialFitterTest, org.apache.commons.math3.fitting.WeightedObservedPointsTest, org.apache.commons.math3.fitting.leastsquares.AbstractLeastSquaresOptimizerTest, org.apache.commons.math3.fitting.leastsquares.AbstractLeastSquaresOptimizerTestValidation, org.apache.commons.math3.fitting.leastsquares.GaussNewtonOptimizerTest, org.apache.commons.math3.fitting.leastsquares.LevenbergMarquardtOptimizerTest, org.apache.commons.math3.fitting.leastsquares.MinpackTest, org.apache.commons.math3.fraction.BigFractionFieldTest, org.apache.commons.math3.fraction.BigFractionFormatTest, org.apache.commons.math3.fraction.BigFractionTest, org.apache.commons.math3.fraction.FractionFieldTest, org.apache.commons.math3.fraction.FractionFormatTest, org.apache.commons.math3.fraction.FractionTest, org.apache.commons.math3.genetics.BinaryChromosomeTest, org.apache.commons.math3.genetics.BinaryMutationTest, org.apache.commons.math3.genetics.ChromosomeTest, org.apache.commons.math3.genetics.CycleCrossoverTest, org.apache.commons.math3.genetics.ElitisticListPopulationTest, org.apache.commons.math3.genetics.FitnessCachingTest, org.apache.commons.math3.genetics.FixedElapsedTimeTest, org.apache.commons.math3.genetics.FixedGenerationCountTest, org.apache.commons.math3.genetics.GeneticAlgorithmTestBinary, org.apache.commons.math3.genetics.GeneticAlgorithmTestPermutations, org.apache.commons.math3.genetics.ListPopulationTest, org.apache.commons.math3.genetics.NPointCrossoverTest, org.apache.commons.math3.genetics.OnePointCrossoverTest, org.apache.commons.math3.genetics.OrderedCrossoverTest, org.apache.commons.math3.genetics.RandomKeyMutationTest, org.apache.commons.math3.genetics.RandomKeyTest, org.apache.commons.math3.genetics.TournamentSelectionTest, org.apache.commons.math3.genetics.UniformCrossoverTest, org.apache.commons.math3.geometry.euclidean.oned.IntervalTest, org.apache.commons.math3.geometry.euclidean.oned.IntervalsSetTest, org.apache.commons.math3.geometry.euclidean.threed.FieldRotationDSTest, org.apache.commons.math3.geometry.euclidean.threed.FieldRotationDfpTest, org.apache.commons.math3.geometry.euclidean.threed.FieldVector3DTest, org.apache.commons.math3.geometry.euclidean.threed.FrenchVector3DFormatTest, org.apache.commons.math3.geometry.euclidean.threed.LineTest, org.apache.commons.math3.geometry.euclidean.threed.PlaneTest, org.apache.commons.math3.geometry.euclidean.threed.PolyhedronsSetTest, org.apache.commons.math3.geometry.euclidean.threed.RotationOrderTest, org.apache.commons.math3.geometry.euclidean.threed.RotationTest, org.apache.commons.math3.geometry.euclidean.threed.SphericalCoordinatesTest, org.apache.commons.math3.geometry.euclidean.threed.SubLineTest, org.apache.commons.math3.geometry.euclidean.threed.Vector3DFormatTest, org.apache.commons.math3.geometry.euclidean.threed.Vector3DTest, org.apache.commons.math3.geometry.euclidean.twod.LineTest, org.apache.commons.math3.geometry.euclidean.twod.PolygonsSetTest, org.apache.commons.math3.geometry.euclidean.twod.SegmentTest, org.apache.commons.math3.geometry.euclidean.twod.SubLineTest, org.apache.commons.math3.geometry.partitioning.utilities.AVLTreeTest, org.apache.commons.math3.linear.Array2DRowRealMatrixTest, org.apache.commons.math3.linear.ArrayFieldVectorTest, org.apache.commons.math3.linear.ArrayRealVectorTest, org.apache.commons.math3.linear.BiDiagonalTransformerTest, org.apache.commons.math3.linear.BlockFieldMatrixTest, org.apache.commons.math3.linear.BlockRealMatrixTest, org.apache.commons.math3.linear.CholeskyDecompositionTest, org.apache.commons.math3.linear.CholeskySolverTest, org.apache.commons.math3.linear.ConjugateGradientTest, org.apache.commons.math3.linear.DiagonalMatrixTest, org.apache.commons.math3.linear.EigenDecompositionTest, org.apache.commons.math3.linear.EigenSolverTest, org.apache.commons.math3.linear.FieldLUDecompositionTest, org.apache.commons.math3.linear.FieldLUSolverTest, org.apache.commons.math3.linear.FieldMatrixImplTest, org.apache.commons.math3.linear.FrenchRealVectorFormatTest, org.apache.commons.math3.linear.HessenbergTransformerTest, org.apache.commons.math3.linear.LUDecompositionTest, org.apache.commons.math3.linear.LUSolverTest, org.apache.commons.math3.linear.MatrixDimensionMismatchExceptionTest, org.apache.commons.math3.linear.MatrixUtilsTest, org.apache.commons.math3.linear.OpenMapRealMatrixTest, org.apache.commons.math3.linear.QRDecompositionTest, org.apache.commons.math3.linear.QRSolverTest, org.apache.commons.math3.linear.RRQRDecompositionTest, org.apache.commons.math3.linear.RRQRSolverTest, org.apache.commons.math3.linear.RealMatrixFormatTest, org.apache.commons.math3.linear.RealVectorFormatTest, org.apache.commons.math3.linear.RealVectorTest, org.apache.commons.math3.linear.RectangularCholeskyDecompositionTest, org.apache.commons.math3.linear.SchurTransformerTest, org.apache.commons.math3.linear.SingularValueDecompositionTest, org.apache.commons.math3.linear.SingularValueSolverTest, org.apache.commons.math3.linear.SparseFieldMatrixTest, org.apache.commons.math3.linear.SparseFieldVectorTest, org.apache.commons.math3.linear.SparseRealMatrixTest, org.apache.commons.math3.linear.SparseRealVectorTest, org.apache.commons.math3.linear.SymmLQTest, org.apache.commons.math3.linear.TriDiagonalTransformerTest, org.apache.commons.math3.linear.UnmodifiableArrayRealVectorTest, org.apache.commons.math3.linear.UnmodifiableOpenMapRealVectorTest, org.apache.commons.math3.ml.clustering.DBSCANClustererTest, org.apache.commons.math3.ml.clustering.FuzzyKMeansClustererTest, org.apache.commons.math3.ml.clustering.KMeansPlusPlusClustererTest, org.apache.commons.math3.ml.clustering.MultiKMeansPlusPlusClustererTest, org.apache.commons.math3.ml.distance.CanberraDistanceTest, org.apache.commons.math3.ml.distance.ChebyshevDistanceTest, org.apache.commons.math3.ml.distance.EarthMoversDistanceTest, org.apache.commons.math3.ml.distance.EuclideanDistanceTest, org.apache.commons.math3.ml.distance.ManhattanDistanceTest, org.apache.commons.math3.ode.ContinuousOutputModelTest, org.apache.commons.math3.ode.FirstOrderConverterTest, org.apache.commons.math3.ode.JacobianMatricesTest, org.apache.commons.math3.ode.events.EventFilterTest, org.apache.commons.math3.ode.events.EventStateTest, org.apache.commons.math3.ode.events.OverlappingEventsTest, org.apache.commons.math3.ode.events.ReappearingEventTest, org.apache.commons.math3.ode.nonstiff.AdamsBashforthIntegratorTest, org.apache.commons.math3.ode.nonstiff.AdamsMoultonIntegratorTest, org.apache.commons.math3.ode.nonstiff.ClassicalRungeKuttaIntegratorTest, org.apache.commons.math3.ode.nonstiff.ClassicalRungeKuttaStepInterpolatorTest, org.apache.commons.math3.ode.nonstiff.DormandPrince54IntegratorTest, org.apache.commons.math3.ode.nonstiff.DormandPrince54StepInterpolatorTest, org.apache.commons.math3.ode.nonstiff.DormandPrince853IntegratorTest, org.apache.commons.math3.ode.nonstiff.DormandPrince853StepInterpolatorTest, org.apache.commons.math3.ode.nonstiff.EulerIntegratorTest, org.apache.commons.math3.ode.nonstiff.EulerStepInterpolatorTest, org.apache.commons.math3.ode.nonstiff.GillIntegratorTest, org.apache.commons.math3.ode.nonstiff.GillStepInterpolatorTest, org.apache.commons.math3.ode.nonstiff.GraggBulirschStoerIntegratorTest, org.apache.commons.math3.ode.nonstiff.GraggBulirschStoerStepInterpolatorTest, org.apache.commons.math3.ode.nonstiff.HighamHall54IntegratorTest, org.apache.commons.math3.ode.nonstiff.HighamHall54StepInterpolatorTest, org.apache.commons.math3.ode.nonstiff.MidpointIntegratorTest, org.apache.commons.math3.ode.nonstiff.MidpointStepInterpolatorTest, org.apache.commons.math3.ode.nonstiff.ThreeEighthesIntegratorTest, org.apache.commons.math3.ode.nonstiff.ThreeEighthesStepInterpolatorTest, org.apache.commons.math3.ode.sampling.DummyStepInterpolatorTest, org.apache.commons.math3.ode.sampling.NordsieckStepInterpolatorTest, org.apache.commons.math3.ode.sampling.StepNormalizerOutputOverlapTest, org.apache.commons.math3.ode.sampling.StepNormalizerOutputTest, org.apache.commons.math3.ode.sampling.StepNormalizerTest, org.apache.commons.math3.optim.PointValuePairTest, org.apache.commons.math3.optim.PointVectorValuePairTest, org.apache.commons.math3.optim.SimplePointCheckerTest, org.apache.commons.math3.optim.SimpleValueCheckerTest, org.apache.commons.math3.optim.SimpleVectorValueCheckerTest, org.apache.commons.math3.optim.linear.SimplexSolverTest, org.apache.commons.math3.optim.linear.SimplexTableauTest, org.apache.commons.math3.optim.nonlinear.scalar.MultiStartMultivariateOptimizerTest, org.apache.commons.math3.optim.nonlinear.scalar.MultivariateFunctionMappingAdapterTest, org.apache.commons.math3.optim.nonlinear.scalar.MultivariateFunctionPenaltyAdapterTest, org.apache.commons.math3.optim.nonlinear.scalar.gradient.NonLinearConjugateGradientOptimizerTest, org.apache.commons.math3.optim.nonlinear.scalar.noderiv.BOBYQAOptimizerTest, org.apache.commons.math3.optim.nonlinear.scalar.noderiv.CMAESOptimizerTest, org.apache.commons.math3.optim.nonlinear.scalar.noderiv.PowellOptimizerTest, org.apache.commons.math3.optim.nonlinear.scalar.noderiv.SimplexOptimizerMultiDirectionalTest, org.apache.commons.math3.optim.nonlinear.scalar.noderiv.SimplexOptimizerNelderMeadTest, org.apache.commons.math3.optim.nonlinear.vector.MultiStartMultivariateVectorOptimizerTest, org.apache.commons.math3.optim.nonlinear.vector.jacobian.AbstractLeastSquaresOptimizerTest, org.apache.commons.math3.optim.nonlinear.vector.jacobian.AbstractLeastSquaresOptimizerTestValidation, org.apache.commons.math3.optim.nonlinear.vector.jacobian.GaussNewtonOptimizerTest, org.apache.commons.math3.optim.nonlinear.vector.jacobian.LevenbergMarquardtOptimizerTest, org.apache.commons.math3.optim.nonlinear.vector.jacobian.MinpackTest, org.apache.commons.math3.optim.univariate.BracketFinderTest, org.apache.commons.math3.optim.univariate.BrentOptimizerTest, org.apache.commons.math3.optim.univariate.MultiStartUnivariateOptimizerTest, org.apache.commons.math3.optim.univariate.SimpleUnivariateValueCheckerTest, org.apache.commons.math3.optimization.MultivariateDifferentiableMultiStartOptimizerTest, org.apache.commons.math3.optimization.MultivariateDifferentiableVectorMultiStartOptimizerTest, org.apache.commons.math3.optimization.MultivariateMultiStartOptimizerTest, org.apache.commons.math3.optimization.PointValuePairTest, org.apache.commons.math3.optimization.PointVectorValuePairTest, org.apache.commons.math3.optimization.SimplePointCheckerTest, org.apache.commons.math3.optimization.SimpleValueCheckerTest, org.apache.commons.math3.optimization.SimpleVectorValueCheckerTest, org.apache.commons.math3.optimization.direct.BOBYQAOptimizerTest, org.apache.commons.math3.optimization.direct.CMAESOptimizerTest, org.apache.commons.math3.optimization.direct.MultivariateFunctionMappingAdapterTest, org.apache.commons.math3.optimization.direct.MultivariateFunctionPenaltyAdapterTest, org.apache.commons.math3.optimization.direct.PowellOptimizerTest, org.apache.commons.math3.optimization.direct.SimplexOptimizerMultiDirectionalTest, org.apache.commons.math3.optimization.direct.SimplexOptimizerNelderMeadTest, org.apache.commons.math3.optimization.fitting.CurveFitterTest, org.apache.commons.math3.optimization.fitting.GaussianFitterTest, org.apache.commons.math3.optimization.fitting.HarmonicFitterTest, org.apache.commons.math3.optimization.fitting.PolynomialFitterTest, org.apache.commons.math3.optimization.general.AbstractLeastSquaresOptimizerTest, org.apache.commons.math3.optimization.general.AbstractLeastSquaresOptimizerTestValidation, org.apache.commons.math3.optimization.general.GaussNewtonOptimizerTest, org.apache.commons.math3.optimization.general.LevenbergMarquardtOptimizerTest, org.apache.commons.math3.optimization.general.MinpackTest, org.apache.commons.math3.optimization.general.NonLinearConjugateGradientOptimizerTest, org.apache.commons.math3.optimization.linear.SimplexSolverTest, org.apache.commons.math3.optimization.linear.SimplexTableauTest, org.apache.commons.math3.optimization.univariate.BracketFinderTest, org.apache.commons.math3.optimization.univariate.BrentOptimizerTest, org.apache.commons.math3.optimization.univariate.SimpleUnivariateValueCheckerTest, org.apache.commons.math3.optimization.univariate.UnivariateMultiStartOptimizerTest, org.apache.commons.math3.primes.PrimesTest, org.apache.commons.math3.random.AbstractRandomGeneratorTest, org.apache.commons.math3.random.BitsStreamGeneratorTest, org.apache.commons.math3.random.CorrelatedRandomVectorGeneratorTest, org.apache.commons.math3.random.EmpiricalDistributionTest, org.apache.commons.math3.random.GaussianRandomGeneratorTest, org.apache.commons.math3.random.HaltonSequenceGeneratorTest, org.apache.commons.math3.random.ISAACTest, org.apache.commons.math3.random.MersenneTwisterTest, org.apache.commons.math3.random.RandomAdaptorTest, org.apache.commons.math3.random.RandomDataGeneratorTest, org.apache.commons.math3.random.RandomGeneratorAbstractTest, org.apache.commons.math3.random.RandomGeneratorFactoryTest, org.apache.commons.math3.random.SobolSequenceGeneratorTest, org.apache.commons.math3.random.StableRandomGeneratorTest, org.apache.commons.math3.random.SynchronizedRandomGeneratorTest, org.apache.commons.math3.random.UncorrelatedRandomVectorGeneratorTest, org.apache.commons.math3.random.UniformRandomGeneratorTest, org.apache.commons.math3.random.UnitSphereRandomVectorGeneratorTest, org.apache.commons.math3.random.ValueServerTest, org.apache.commons.math3.random.Well1024aTest, org.apache.commons.math3.random.Well19937aTest, org.apache.commons.math3.random.Well19937cTest, org.apache.commons.math3.random.Well44497aTest, org.apache.commons.math3.random.Well44497bTest, org.apache.commons.math3.random.Well512aTest, org.apache.commons.math3.special.BetaTest, org.apache.commons.math3.special.ErfTest, org.apache.commons.math3.special.GammaTest, org.apache.commons.math3.stat.CertifiedDataTest, org.apache.commons.math3.stat.FrequencyTest, org.apache.commons.math3.stat.StatUtilsTest, org.apache.commons.math3.stat.clustering.DBSCANClustererTest, org.apache.commons.math3.stat.clustering.EuclideanDoublePointTest, org.apache.commons.math3.stat.clustering.EuclideanIntegerPointTest, org.apache.commons.math3.stat.clustering.KMeansPlusPlusClustererTest, org.apache.commons.math3.stat.correlation.CovarianceTest, org.apache.commons.math3.stat.correlation.PearsonsCorrelationTest, org.apache.commons.math3.stat.correlation.SpearmansRankCorrelationTest, org.apache.commons.math3.stat.correlation.StorelessCovarianceTest, org.apache.commons.math3.stat.data.LewTest, org.apache.commons.math3.stat.data.LotteryTest, org.apache.commons.math3.stat.descriptive.AbstractUnivariateStatisticTest, org.apache.commons.math3.stat.descriptive.AggregateSummaryStatisticsTest, org.apache.commons.math3.stat.descriptive.DescriptiveStatisticsTest, org.apache.commons.math3.stat.descriptive.ListUnivariateImplTest, org.apache.commons.math3.stat.descriptive.MixedListUnivariateImplTest, org.apache.commons.math3.stat.descriptive.MultivariateSummaryStatisticsTest, org.apache.commons.math3.stat.descriptive.StatisticalSummaryValuesTest, org.apache.commons.math3.stat.descriptive.SummaryStatisticsTest, org.apache.commons.math3.stat.descriptive.SynchronizedDescriptiveStatisticsTest, org.apache.commons.math3.stat.descriptive.SynchronizedMultivariateSummaryStatisticsTest, org.apache.commons.math3.stat.descriptive.SynchronizedSummaryStatisticsTest, org.apache.commons.math3.stat.descriptive.moment.FirstMomentTest, org.apache.commons.math3.stat.descriptive.moment.FourthMomentTest, org.apache.commons.math3.stat.descriptive.moment.GeometricMeanTest, org.apache.commons.math3.stat.descriptive.moment.InteractionTest, org.apache.commons.math3.stat.descriptive.moment.KurtosisTest, org.apache.commons.math3.stat.descriptive.moment.MeanTest, org.apache.commons.math3.stat.descriptive.moment.SecondMomentTest, org.apache.commons.math3.stat.descriptive.moment.SemiVarianceTest, org.apache.commons.math3.stat.descriptive.moment.SkewnessTest, org.apache.commons.math3.stat.descriptive.moment.StandardDeviationTest, org.apache.commons.math3.stat.descriptive.moment.ThirdMomentTest, org.apache.commons.math3.stat.descriptive.moment.VarianceTest, org.apache.commons.math3.stat.descriptive.moment.VectorialCovarianceTest, org.apache.commons.math3.stat.descriptive.moment.VectorialMeanTest, org.apache.commons.math3.stat.descriptive.rank.MaxTest, org.apache.commons.math3.stat.descriptive.rank.MedianTest, org.apache.commons.math3.stat.descriptive.rank.MinTest, org.apache.commons.math3.stat.descriptive.rank.PercentileTest, org.apache.commons.math3.stat.descriptive.summary.ProductTest, org.apache.commons.math3.stat.descriptive.summary.SumLogTest, org.apache.commons.math3.stat.descriptive.summary.SumSqTest, org.apache.commons.math3.stat.descriptive.summary.SumTest, org.apache.commons.math3.stat.inference.BinomialConfidenceIntervalTest, org.apache.commons.math3.stat.inference.BinomialTestTest, org.apache.commons.math3.stat.inference.ChiSquareTestTest, org.apache.commons.math3.stat.inference.GTestTest, org.apache.commons.math3.stat.inference.MannWhitneyUTestTest, org.apache.commons.math3.stat.inference.OneWayAnovaTest, org.apache.commons.math3.stat.inference.TTestTest, org.apache.commons.math3.stat.inference.TestUtilsTest, org.apache.commons.math3.stat.inference.WilcoxonSignedRankTestTest, org.apache.commons.math3.stat.ranking.NaturalRankingTest, org.apache.commons.math3.stat.regression.GLSMultipleLinearRegressionTest, org.apache.commons.math3.stat.regression.MillerUpdatingRegressionTest, org.apache.commons.math3.stat.regression.OLSMultipleLinearRegressionTest, org.apache.commons.math3.stat.regression.SimpleRegressionTest, org.apache.commons.math3.transform.FastCosineTransformerTest, org.apache.commons.math3.transform.FastFourierTransformerTest, org.apache.commons.math3.transform.FastHadamardTransformerTest, org.apache.commons.math3.transform.FastSineTransformerTest, org.apache.commons.math3.util.ArithmeticUtilsTest, org.apache.commons.math3.util.BigRealFieldTest, org.apache.commons.math3.util.BigRealTest, org.apache.commons.math3.util.CombinationsTest, org.apache.commons.math3.util.CombinatoricsUtilsTest, org.apache.commons.math3.util.ContinuedFractionTest, org.apache.commons.math3.util.Decimal64Test, org.apache.commons.math3.util.DefaultTransformerTest, org.apache.commons.math3.util.FastMathStrictComparisonTest, org.apache.commons.math3.util.FastMathTest, org.apache.commons.math3.util.FastMathTestPerformance, org.apache.commons.math3.util.IncrementorTest, org.apache.commons.math3.util.MathArraysTest, org.apache.commons.math3.util.MathUtilsTest, org.apache.commons.math3.util.MultidimensionalCounterTest, org.apache.commons.math3.util.OpenIntToDoubleHashMapTest, org.apache.commons.math3.util.OpenIntToFieldTest, org.apache.commons.math3.util.PairTest, org.apache.commons.math3.util.PrecisionTest, org.apache.commons.math3.util.ResizableDoubleArrayTest, org.apache.commons.math3.util.TransformerMapTest], complianceLevel=7, outputFolder=., json=true}
09:27:18.841 [main] INFO  fr.inria.lille.repair.nopol.NoPol - Available processors (cores): 4
09:27:18.847 [main] INFO  fr.inria.lille.repair.nopol.NoPol - Free memory: 894 MB
09:27:18.847 [main] INFO  fr.inria.lille.repair.nopol.NoPol - Maximum memory: 3 GB
09:27:18.847 [main] INFO  fr.inria.lille.repair.nopol.NoPol - Total memory available to JVM: 981 MB
09:27:18.848 [main] INFO  fr.inria.lille.repair.nopol.NoPol - Java version: 1.8.0_181
09:27:18.849 [main] INFO  fr.inria.lille.repair.nopol.NoPol - JAVA_HOME: /usr/lib/jvm/java-1.8.0-openjdk-amd64/bin/
09:27:18.849 [main] INFO  fr.inria.lille.repair.nopol.NoPol - PATH: /usr/lib/jvm/java-1.8.0-openjdk-amd64/bin/:/usr/lib/oar/oardodo:/usr/lib/oar/oardodo:/usr/local/bin:/usr/bin:/bin:/usr/games
09:33:04.580 [pool-2-thread-1] DEBUG fr.inria.lille.repair.nopol.NoPol - statement #1
09:33:04.580 [pool-2-thread-1] DEBUG fr.inria.lille.repair.nopol.NoPol - Analysing SourceLocation org.apache.commons.math3.exception.util.ExceptionContext:137 which is executed by 4 tests
-310961535
09:33:06.067 [pool-2-thread-1] DEBUG fr.inria.lille.repair.nopol.NoPol - statement #2
09:33:06.068 [pool-2-thread-1] DEBUG fr.inria.lille.repair.nopol.NoPol - Analysing SourceLocation org.apache.commons.math3.exception.MathIllegalStateException:86 which is executed by 4 tests
-614386291
09:33:06.216 [pool-2-thread-1] DEBUG fr.inria.lille.repair.nopol.NoPol - statement #3
09:33:06.217 [pool-2-thread-1] DEBUG fr.inria.lille.repair.nopol.NoPol - Analysing SourceLocation org.apache.commons.math3.exception.MathIllegalStateException:80 which is executed by 2 tests
-614386291
09:33:06.347 [pool-2-thread-1] DEBUG fr.inria.lille.repair.nopol.NoPol - statement #4
09:33:06.347 [pool-2-thread-1] DEBUG fr.inria.lille.repair.nopol.NoPol - Analysing SourceLocation org.apache.commons.math3.exception.util.ExceptionContext:182 which is executed by 5 tests
-310961535
09:33:06.494 [pool-2-thread-1] DEBUG fr.inria.lille.repair.nopol.NoPol - looking with class fr.inria.lille.repair.nopol.spoon.smt.ConditionalAdder
java.lang.AssertionError: Failed to create EigenDecomposition for matrix Array2DRowRealMatrix{{0.0,0.0,0.0,0.0,0.0},{0.0,0.0,0.0,0.0,1.0},{0.0,0.0,0.0,1.0,0.0},{1.0,1.0,0.0,0.0,1.0},{1.0,0.0,1.0,0.0,1.0}}, ex=org.apache.commons.math3.exception.MaxCountExceededException: illegal state: convergence failed
    at org.junit.Assert.fail(Assert.java:88)
    at org.apache.commons.math3.linear.EigenDecompositionTest.checkUnsymmetricMatrix(EigenDecompositionTest.java:520)
    at org.apache.commons.math3.linear.EigenDecompositionTest.testMath1051(EigenDecompositionTest.java:457)
    at sun.reflect.NativeMethodAccessorImpl.invoke0(Native Method)
    at sun.reflect.NativeMethodAccessorImpl.invoke(NativeMethodAccessorImpl.java:62)
    at sun.reflect.DelegatingMethodAccessorImpl.invoke(DelegatingMethodAccessorImpl.java:43)
java.lang.AssertionError: expected:<0.0> but was:<1.047765607609108E-8>
    at org.junit.Assert.fail(Assert.java:88)
    at org.junit.Assert.failNotEquals(Assert.java:743)
    at org.junit.Assert.assertEquals(Assert.java:494)
    at org.apache.commons.math3.optim.nonlinear.scalar.noderiv.BOBYQAOptimizerTest.doTest(BOBYQAOptimizerTest.java:338)
    at org.apache.commons.math3.optim.nonlinear.scalar.noderiv.BOBYQAOptimizerTest.doTest(BOBYQAOptimizerTest.java:282)
    at org.apache.commons.math3.optim.nonlinear.scalar.noderiv.BOBYQAOptimizerTest.testAckley(BOBYQAOptimizerTest.java:209)
org.apache.commons.math3.exception.TooManyEvaluationsException: illegal state: maximal count (12,000) exceeded: evaluations
    at org.apache.commons.math3.optim.BaseOptimizer$MaxEvalCallback.trigger(BaseOptimizer.java:243)
    at org.apache.commons.math3.util.Incrementor.incrementCount(Incrementor.java:156)
    at org.apache.commons.math3.optim.BaseOptimizer.incrementEvaluationCount(BaseOptimizer.java:192)
    at org.apache.commons.math3.optim.nonlinear.scalar.MultivariateOptimizer.computeObjectiveValue(MultivariateOptimizer.java:115)
    at org.apache.commons.math3.optim.nonlinear.scalar.noderiv.BOBYQAOptimizer.bobyqb(BOBYQAOptimizer.java:823)
    at org.apache.commons.math3.optim.nonlinear.scalar.noderiv.BOBYQAOptimizer.bobyqa(BOBYQAOptimizer.java:329)
java.lang.AssertionError: expected:<0.0> but was:<1.047765607609108E-8>
    at org.junit.Assert.fail(Assert.java:88)
    at org.junit.Assert.failNotEquals(Assert.java:743)
    at org.junit.Assert.assertEquals(Assert.java:494)
    at org.apache.commons.math3.optimization.direct.BOBYQAOptimizerTest.doTest(BOBYQAOptimizerTest.java:336)
    at org.apache.commons.math3.optimization.direct.BOBYQAOptimizerTest.doTest(BOBYQAOptimizerTest.java:281)
    at org.apache.commons.math3.optimization.direct.BOBYQAOptimizerTest.testAckley(BOBYQAOptimizerTest.java:208)
org.apache.commons.math3.exception.TooManyEvaluationsException: illegal state: maximal count (12,000) exceeded: evaluations
    at org.apache.commons.math3.optimization.direct.BaseAbstractMultivariateOptimizer.computeObjectiveValue(BaseAbstractMultivariateOptimizer.java:108)
    at org.apache.commons.math3.optimization.direct.BOBYQAOptimizer.bobyqb(BOBYQAOptimizer.java:828)
    at org.apache.commons.math3.optimization.direct.BOBYQAOptimizer.bobyqa(BOBYQAOptimizer.java:334)
    at org.apache.commons.math3.optimization.direct.BOBYQAOptimizer.doOptimize(BOBYQAOptimizer.java:246)
    at org.apache.commons.math3.optimization.direct.BaseAbstractMultivariateOptimizer.optimizeInternal(BaseAbstractMultivariateOptimizer.java:206)
    at org.apache.commons.math3.optimization.direct.BaseAbstractMultivariateOptimizer.optimize(BaseAbstractMultivariateOptimizer.java:145)
09:33:18.411 [pool-4-thread-1] INFO  xxl.java.junit.TestCasesListener - Tests run finished (11879 ms)
<> Total tests run: 64
<> Ignored tests: 4
<> Failed tests: 5
~ testMath1051(org.apache.commons.math3.linear.EigenDecompositionTest)
[Failed to create EigenDecomposition for matrix Array2DRowRealMatrix{{0.0,0.0,0.0,0.0,0.0},{0.0,0.0,0.0,0.0,1.0},{0.0,0.0,0.0,1.0,0.0},{1.0,1.0,0.0,0.0,1.0},{1.0,0.0,1.0,0.0,1.0}}, ex=org.apache.commons.math3.exception.MaxCountExceededException: illegal state: convergence failed]
java.lang.AssertionError: Failed to create EigenDecomposition for matrix Array2DRowRealMatrix{{0.0,0.0,0.0,0.0,0.0},{0.0,0.0,0.0,0.0,1.0},{0.0,0.0,0.0,1.0,0.0},{1.0,1.0,0.0,0.0,1.0},{1.0,0.0,1.0,0.0,1.0}}, ex=org.apache.commons.math3.exception.MaxCountExceededException: illegal state: convergence failed    at org.junit.Assert.fail(Assert.java:88)
    at org.apache.commons.math3.linear.EigenDecompositionTest.checkUnsymmetricMatrix(EigenDecompositionTest.java:520)
    at org.apache.commons.math3.linear.EigenDecompositionTest.testMath1051(EigenDecompositionTest.java:457)
    at sun.reflect.NativeMethodAccessorImpl.invoke0(Native Method)
    at sun.reflect.NativeMethodAccessorImpl.invoke(NativeMethodAccessorImpl.java:62)
    at sun.reflect.DelegatingMethodAccessorImpl.invoke(DelegatingMethodAccessorImpl.java:43)
~ testAckley(org.apache.commons.math3.optim.nonlinear.scalar.noderiv.BOBYQAOptimizerTest)
[expected:<0.0> but was:<1.047765607609108E-8>]
java.lang.AssertionError: expected:<0.0> but was:<1.047765607609108E-8>    at org.junit.Assert.fail(Assert.java:88)
    at org.junit.Assert.failNotEquals(Assert.java:743)
    at org.junit.Assert.assertEquals(Assert.java:494)
    at org.apache.commons.math3.optim.nonlinear.scalar.noderiv.BOBYQAOptimizerTest.doTest(BOBYQAOptimizerTest.java:338)
    at org.apache.commons.math3.optim.nonlinear.scalar.noderiv.BOBYQAOptimizerTest.doTest(BOBYQAOptimizerTest.java:282)
    at org.apache.commons.math3.optim.nonlinear.scalar.noderiv.BOBYQAOptimizerTest.testAckley(BOBYQAOptimizerTest.java:209)
~ testDiffPow(org.apache.commons.math3.optim.nonlinear.scalar.noderiv.BOBYQAOptimizerTest)
[illegal state: maximal count (12,000) exceeded: evaluations]
org.apache.commons.math3.exception.TooManyEvaluationsException: illegal state: maximal count (12,000) exceeded: evaluations    at org.apache.commons.math3.optim.BaseOptimizer$MaxEvalCallback.trigger(BaseOptimizer.java:243)
    at org.apache.commons.math3.util.Incrementor.incrementCount(Incrementor.java:156)
    at org.apache.commons.math3.optim.BaseOptimizer.incrementEvaluationCount(BaseOptimizer.java:192)
    at org.apache.commons.math3.optim.nonlinear.scalar.MultivariateOptimizer.computeObjectiveValue(MultivariateOptimizer.java:115)
    at org.apache.commons.math3.optim.nonlinear.scalar.noderiv.BOBYQAOptimizer.bobyqb(BOBYQAOptimizer.java:823)
    at org.apache.commons.math3.optim.nonlinear.scalar.noderiv.BOBYQAOptimizer.bobyqa(BOBYQAOptimizer.java:329)
~ testAckley(org.apache.commons.math3.optimization.direct.BOBYQAOptimizerTest)
[expected:<0.0> but was:<1.047765607609108E-8>]
java.lang.AssertionError: expected:<0.0> but was:<1.047765607609108E-8>    at org.junit.Assert.fail(Assert.java:88)
    at org.junit.Assert.failNotEquals(Assert.java:743)
    at org.junit.Assert.assertEquals(Assert.java:494)
    at org.apache.commons.math3.optimization.direct.BOBYQAOptimizerTest.doTest(BOBYQAOptimizerTest.java:336)
    at org.apache.commons.math3.optimization.direct.BOBYQAOptimizerTest.doTest(BOBYQAOptimizerTest.java:281)
    at org.apache.commons.math3.optimization.direct.BOBYQAOptimizerTest.testAckley(BOBYQAOptimizerTest.java:208)
~ testDiffPow(org.apache.commons.math3.optimization.direct.BOBYQAOptimizerTest)
[illegal state: maximal count (12,000) exceeded: evaluations]
org.apache.commons.math3.exception.TooManyEvaluationsException: illegal state: maximal count (12,000) exceeded: evaluations    at org.apache.commons.math3.optimization.direct.BaseAbstractMultivariateOptimizer.computeObjectiveValue(BaseAbstractMultivariateOptimizer.java:108)
    at org.apache.commons.math3.optimization.direct.BOBYQAOptimizer.bobyqb(BOBYQAOptimizer.java:828)
    at org.apache.commons.math3.optimization.direct.BOBYQAOptimizer.bobyqa(BOBYQAOptimizer.java:334)
    at org.apache.commons.math3.optimization.direct.BOBYQAOptimizer.doOptimize(BOBYQAOptimizer.java:246)
    at org.apache.commons.math3.optimization.direct.BaseAbstractMultivariateOptimizer.optimizeInternal(BaseAbstractMultivariateOptimizer.java:206)
    at org.apache.commons.math3.optimization.direct.BaseAbstractMultivariateOptimizer.optimize(BaseAbstractMultivariateOptimizer.java:145)

java.lang.AssertionError: expected:<0.0> but was:<1.047765607609108E-8>
    at org.junit.Assert.fail(Assert.java:88)
    at org.junit.Assert.failNotEquals(Assert.java:743)
    at org.junit.Assert.assertEquals(Assert.java:494)
    at org.apache.commons.math3.optimization.direct.BOBYQAOptimizerTest.doTest(BOBYQAOptimizerTest.java:336)
    at org.apache.commons.math3.optimization.direct.BOBYQAOptimizerTest.doTest(BOBYQAOptimizerTest.java:281)
    at org.apache.commons.math3.optimization.direct.BOBYQAOptimizerTest.testAckley(BOBYQAOptimizerTest.java:208)
09:33:19.555 [pool-5-thread-1] INFO  f.i.l.c.t.SpecificationTestCasesListener - Tests run finished (413 ms)
<> Total tests run: 1
<> Ignored tests: 0
<> Failed tests: 1
~ testAckley(org.apache.commons.math3.optimization.direct.BOBYQAOptimizerTest)
[expected:<0.0> but was:<1.047765607609108E-8>]
java.lang.AssertionError: expected:<0.0> but was:<1.047765607609108E-8>    at org.junit.Assert.fail(Assert.java:88)
    at org.junit.Assert.failNotEquals(Assert.java:743)
    at org.junit.Assert.assertEquals(Assert.java:494)
    at org.apache.commons.math3.optimization.direct.BOBYQAOptimizerTest.doTest(BOBYQAOptimizerTest.java:336)
    at org.apache.commons.math3.optimization.direct.BOBYQAOptimizerTest.doTest(BOBYQAOptimizerTest.java:281)
    at org.apache.commons.math3.optimization.direct.BOBYQAOptimizerTest.testAckley(BOBYQAOptimizerTest.java:208)

java.lang.AssertionError: expected:<0.0> but was:<1.047765607609108E-8>
    at org.junit.Assert.fail(Assert.java:88)
    at org.junit.Assert.failNotEquals(Assert.java:743)
    at org.junit.Assert.assertEquals(Assert.java:494)
    at org.apache.commons.math3.optim.nonlinear.scalar.noderiv.BOBYQAOptimizerTest.doTest(BOBYQAOptimizerTest.java:338)
    at org.apache.commons.math3.optim.nonlinear.scalar.noderiv.BOBYQAOptimizerTest.doTest(BOBYQAOptimizerTest.java:282)
    at org.apache.commons.math3.optim.nonlinear.scalar.noderiv.BOBYQAOptimizerTest.testAckley(BOBYQAOptimizerTest.java:209)
09:33:19.897 [pool-6-thread-1] INFO  f.i.l.c.t.SpecificationTestCasesListener - Tests run finished (338 ms)
<> Total tests run: 1
<> Ignored tests: 0
<> Failed tests: 1
~ testAckley(org.apache.commons.math3.optim.nonlinear.scalar.noderiv.BOBYQAOptimizerTest)
[expected:<0.0> but was:<1.047765607609108E-8>]
java.lang.AssertionError: expected:<0.0> but was:<1.047765607609108E-8>    at org.junit.Assert.fail(Assert.java:88)
    at org.junit.Assert.failNotEquals(Assert.java:743)
    at org.junit.Assert.assertEquals(Assert.java:494)
    at org.apache.commons.math3.optim.nonlinear.scalar.noderiv.BOBYQAOptimizerTest.doTest(BOBYQAOptimizerTest.java:338)
    at org.apache.commons.math3.optim.nonlinear.scalar.noderiv.BOBYQAOptimizerTest.doTest(BOBYQAOptimizerTest.java:282)
    at org.apache.commons.math3.optim.nonlinear.scalar.noderiv.BOBYQAOptimizerTest.testAckley(BOBYQAOptimizerTest.java:209)

java.lang.AssertionError: Failed to create EigenDecomposition for matrix Array2DRowRealMatrix{{0.0,0.0,0.0,0.0,0.0},{0.0,0.0,0.0,0.0,1.0},{0.0,0.0,0.0,1.0,0.0},{1.0,1.0,0.0,0.0,1.0},{1.0,0.0,1.0,0.0,1.0}}, ex=org.apache.commons.math3.exception.MaxCountExceededException: illegal stateconvergence failed
    at org.junit.Assert.fail(Assert.java:88)
    at org.apache.commons.math3.linear.EigenDecompositionTest.checkUnsymmetricMatrix(EigenDecompositionTest.java:520)
    at org.apache.commons.math3.linear.EigenDecompositionTest.testMath1051(EigenDecompositionTest.java:457)
    at sun.reflect.NativeMethodAccessorImpl.invoke0(Native Method)
    at sun.reflect.NativeMethodAccessorImpl.invoke(NativeMethodAccessorImpl.java:62)
    at sun.reflect.DelegatingMethodAccessorImpl.invoke(DelegatingMethodAccessorImpl.java:43)
09:33:19.924 [pool-7-thread-1] INFO  f.i.l.c.t.SpecificationTestCasesListener - Tests run finished (22 ms)
<> Total tests run: 1
<> Ignored tests: 0
<> Failed tests: 1
~ testMath1051(org.apache.commons.math3.linear.EigenDecompositionTest)
[Failed to create EigenDecomposition for matrix Array2DRowRealMatrix{{0.0,0.0,0.0,0.0,0.0},{0.0,0.0,0.0,0.0,1.0},{0.0,0.0,0.0,1.0,0.0},{1.0,1.0,0.0,0.0,1.0},{1.0,0.0,1.0,0.0,1.0}}, ex=org.apache.commons.math3.exception.MaxCountExceededException: illegal stateconvergence failed]
java.lang.AssertionError: Failed to create EigenDecomposition for matrix Array2DRowRealMatrix{{0.0,0.0,0.0,0.0,0.0},{0.0,0.0,0.0,0.0,1.0},{0.0,0.0,0.0,1.0,0.0},{1.0,1.0,0.0,0.0,1.0},{1.0,0.0,1.0,0.0,1.0}}, ex=org.apache.commons.math3.exception.MaxCountExceededException: illegal stateconvergence failed    at org.junit.Assert.fail(Assert.java:88)
    at org.apache.commons.math3.linear.EigenDecompositionTest.checkUnsymmetricMatrix(EigenDecompositionTest.java:520)
    at org.apache.commons.math3.linear.EigenDecompositionTest.testMath1051(EigenDecompositionTest.java:457)
    at sun.reflect.NativeMethodAccessorImpl.invoke0(Native Method)
    at sun.reflect.NativeMethodAccessorImpl.invoke(NativeMethodAccessorImpl.java:62)
    at sun.reflect.DelegatingMethodAccessorImpl.invoke(DelegatingMethodAccessorImpl.java:43)

org.apache.commons.math3.exception.TooManyEvaluationsException: illegal statemaximal count (12,000) exceededevaluations
    at org.apache.commons.math3.optim.BaseOptimizer$MaxEvalCallback.trigger(BaseOptimizer.java:243)
    at org.apache.commons.math3.util.Incrementor.incrementCount(Incrementor.java:156)
    at org.apache.commons.math3.optim.BaseOptimizer.incrementEvaluationCount(BaseOptimizer.java:192)
    at org.apache.commons.math3.optim.nonlinear.scalar.MultivariateOptimizer.computeObjectiveValue(MultivariateOptimizer.java:115)
    at org.apache.commons.math3.optim.nonlinear.scalar.noderiv.BOBYQAOptimizer.bobyqb(BOBYQAOptimizer.java:823)
    at org.apache.commons.math3.optim.nonlinear.scalar.noderiv.BOBYQAOptimizer.bobyqa(BOBYQAOptimizer.java:329)
09:33:21.343 [pool-8-thread-1] INFO  f.i.l.c.t.SpecificationTestCasesListener - Tests run finished (1416 ms)
<> Total tests run: 1
<> Ignored tests: 0
<> Failed tests: 1
~ testDiffPow(org.apache.commons.math3.optim.nonlinear.scalar.noderiv.BOBYQAOptimizerTest)
[illegal statemaximal count (12,000) exceededevaluations]
org.apache.commons.math3.exception.TooManyEvaluationsException: illegal statemaximal count (12,000) exceededevaluations    at org.apache.commons.math3.optim.BaseOptimizer$MaxEvalCallback.trigger(BaseOptimizer.java:243)
    at org.apache.commons.math3.util.Incrementor.incrementCount(Incrementor.java:156)
    at org.apache.commons.math3.optim.BaseOptimizer.incrementEvaluationCount(BaseOptimizer.java:192)
    at org.apache.commons.math3.optim.nonlinear.scalar.MultivariateOptimizer.computeObjectiveValue(MultivariateOptimizer.java:115)
    at org.apache.commons.math3.optim.nonlinear.scalar.noderiv.BOBYQAOptimizer.bobyqb(BOBYQAOptimizer.java:823)
    at org.apache.commons.math3.optim.nonlinear.scalar.noderiv.BOBYQAOptimizer.bobyqa(BOBYQAOptimizer.java:329)

org.apache.commons.math3.exception.TooManyEvaluationsException: illegal statemaximal count (12,000) exceededevaluations
    at org.apache.commons.math3.optimization.direct.BaseAbstractMultivariateOptimizer.computeObjectiveValue(BaseAbstractMultivariateOptimizer.java:108)
    at org.apache.commons.math3.optimization.direct.BOBYQAOptimizer.bobyqb(BOBYQAOptimizer.java:828)
    at org.apache.commons.math3.optimization.direct.BOBYQAOptimizer.bobyqa(BOBYQAOptimizer.java:334)
    at org.apache.commons.math3.optimization.direct.BOBYQAOptimizer.doOptimize(BOBYQAOptimizer.java:246)
    at org.apache.commons.math3.optimization.direct.BaseAbstractMultivariateOptimizer.optimizeInternal(BaseAbstractMultivariateOptimizer.java:206)
    at org.apache.commons.math3.optimization.direct.BaseAbstractMultivariateOptimizer.optimize(BaseAbstractMultivariateOptimizer.java:145)
09:33:22.932 [pool-9-thread-1] INFO  f.i.l.c.t.SpecificationTestCasesListener - Tests run finished (1581 ms)
<> Total tests run: 1
<> Ignored tests: 0
<> Failed tests: 1
~ testDiffPow(org.apache.commons.math3.optimization.direct.BOBYQAOptimizerTest)
[illegal statemaximal count (12,000) exceededevaluations]
org.apache.commons.math3.exception.TooManyEvaluationsException: illegal statemaximal count (12,000) exceededevaluations    at org.apache.commons.math3.optimization.direct.BaseAbstractMultivariateOptimizer.computeObjectiveValue(BaseAbstractMultivariateOptimizer.java:108)
    at org.apache.commons.math3.optimization.direct.BOBYQAOptimizer.bobyqb(BOBYQAOptimizer.java:828)
    at org.apache.commons.math3.optimization.direct.BOBYQAOptimizer.bobyqa(BOBYQAOptimizer.java:334)
    at org.apache.commons.math3.optimization.direct.BOBYQAOptimizer.doOptimize(BOBYQAOptimizer.java:246)
    at org.apache.commons.math3.optimization.direct.BaseAbstractMultivariateOptimizer.optimizeInternal(BaseAbstractMultivariateOptimizer.java:206)
    at org.apache.commons.math3.optimization.direct.BaseAbstractMultivariateOptimizer.optimize(BaseAbstractMultivariateOptimizer.java:145)

java.lang.AssertionError: expected:<0.0> but was:<1.047765607609108E-8>
    at org.junit.Assert.fail(Assert.java:88)
    at org.junit.Assert.failNotEquals(Assert.java:743)
    at org.junit.Assert.assertEquals(Assert.java:494)
    at org.apache.commons.math3.optimization.direct.BOBYQAOptimizerTest.doTest(BOBYQAOptimizerTest.java:336)
    at org.apache.commons.math3.optimization.direct.BOBYQAOptimizerTest.doTest(BOBYQAOptimizerTest.java:281)
    at org.apache.commons.math3.optimization.direct.BOBYQAOptimizerTest.testAckley(BOBYQAOptimizerTest.java:208)
09:33:23.029 [pool-10-thread-1] INFO  f.i.l.c.t.SpecificationTestCasesListener - Tests run finished (88 ms)
<> Total tests run: 1
<> Ignored tests: 0
<> Failed tests: 1
~ testAckley(org.apache.commons.math3.optimization.direct.BOBYQAOptimizerTest)
[expected:<0.0> but was:<1.047765607609108E-8>]
java.lang.AssertionError: expected:<0.0> but was:<1.047765607609108E-8>    at org.junit.Assert.fail(Assert.java:88)
    at org.junit.Assert.failNotEquals(Assert.java:743)
    at org.junit.Assert.assertEquals(Assert.java:494)
    at org.apache.commons.math3.optimization.direct.BOBYQAOptimizerTest.doTest(BOBYQAOptimizerTest.java:336)
    at org.apache.commons.math3.optimization.direct.BOBYQAOptimizerTest.doTest(BOBYQAOptimizerTest.java:281)
    at org.apache.commons.math3.optimization.direct.BOBYQAOptimizerTest.testAckley(BOBYQAOptimizerTest.java:208)

java.lang.AssertionError: expected:<0.0> but was:<1.047765607609108E-8>
    at org.junit.Assert.fail(Assert.java:88)
    at org.junit.Assert.failNotEquals(Assert.java:743)
    at org.junit.Assert.assertEquals(Assert.java:494)
    at org.apache.commons.math3.optim.nonlinear.scalar.noderiv.BOBYQAOptimizerTest.doTest(BOBYQAOptimizerTest.java:338)
    at org.apache.commons.math3.optim.nonlinear.scalar.noderiv.BOBYQAOptimizerTest.doTest(BOBYQAOptimizerTest.java:282)
    at org.apache.commons.math3.optim.nonlinear.scalar.noderiv.BOBYQAOptimizerTest.testAckley(BOBYQAOptimizerTest.java:209)
09:33:23.103 [pool-11-thread-1] INFO  f.i.l.c.t.SpecificationTestCasesListener - Tests run finished (70 ms)
<> Total tests run: 1
<> Ignored tests: 0
<> Failed tests: 1
~ testAckley(org.apache.commons.math3.optim.nonlinear.scalar.noderiv.BOBYQAOptimizerTest)
[expected:<0.0> but was:<1.047765607609108E-8>]
java.lang.AssertionError: expected:<0.0> but was:<1.047765607609108E-8>    at org.junit.Assert.fail(Assert.java:88)
    at org.junit.Assert.failNotEquals(Assert.java:743)
    at org.junit.Assert.assertEquals(Assert.java:494)
    at org.apache.commons.math3.optim.nonlinear.scalar.noderiv.BOBYQAOptimizerTest.doTest(BOBYQAOptimizerTest.java:338)
    at org.apache.commons.math3.optim.nonlinear.scalar.noderiv.BOBYQAOptimizerTest.doTest(BOBYQAOptimizerTest.java:282)
    at org.apache.commons.math3.optim.nonlinear.scalar.noderiv.BOBYQAOptimizerTest.testAckley(BOBYQAOptimizerTest.java:209)

java.lang.AssertionError: Failed to create EigenDecomposition for matrix Array2DRowRealMatrix{{0.0,0.0,0.0,0.0,0.0},{0.0,0.0,0.0,0.0,1.0},{0.0,0.0,0.0,1.0,0.0},{1.0,1.0,0.0,0.0,1.0},{1.0,0.0,1.0,0.0,1.0}}, ex=org.apache.commons.math3.exception.MaxCountExceededException: illegal state: convergence failed
    at org.junit.Assert.fail(Assert.java:88)
    at org.apache.commons.math3.linear.EigenDecompositionTest.checkUnsymmetricMatrix(EigenDecompositionTest.java:520)
    at org.apache.commons.math3.linear.EigenDecompositionTest.testMath1051(EigenDecompositionTest.java:457)
    at sun.reflect.NativeMethodAccessorImpl.invoke0(Native Method)
    at sun.reflect.NativeMethodAccessorImpl.invoke(NativeMethodAccessorImpl.java:62)
    at sun.reflect.DelegatingMethodAccessorImpl.invoke(DelegatingMethodAccessorImpl.java:43)
09:33:23.114 [pool-12-thread-1] INFO  f.i.l.c.t.SpecificationTestCasesListener - Tests run finished (2 ms)
<> Total tests run: 1
<> Ignored tests: 0
<> Failed tests: 1
~ testMath1051(org.apache.commons.math3.linear.EigenDecompositionTest)
[Failed to create EigenDecomposition for matrix Array2DRowRealMatrix{{0.0,0.0,0.0,0.0,0.0},{0.0,0.0,0.0,0.0,1.0},{0.0,0.0,0.0,1.0,0.0},{1.0,1.0,0.0,0.0,1.0},{1.0,0.0,1.0,0.0,1.0}}, ex=org.apache.commons.math3.exception.MaxCountExceededException: illegal state: convergence failed]
java.lang.AssertionError: Failed to create EigenDecomposition for matrix Array2DRowRealMatrix{{0.0,0.0,0.0,0.0,0.0},{0.0,0.0,0.0,0.0,1.0},{0.0,0.0,0.0,1.0,0.0},{1.0,1.0,0.0,0.0,1.0},{1.0,0.0,1.0,0.0,1.0}}, ex=org.apache.commons.math3.exception.MaxCountExceededException: illegal state: convergence failed    at org.junit.Assert.fail(Assert.java:88)
    at org.apache.commons.math3.linear.EigenDecompositionTest.checkUnsymmetricMatrix(EigenDecompositionTest.java:520)
    at org.apache.commons.math3.linear.EigenDecompositionTest.testMath1051(EigenDecompositionTest.java:457)
    at sun.reflect.NativeMethodAccessorImpl.invoke0(Native Method)
    at sun.reflect.NativeMethodAccessorImpl.invoke(NativeMethodAccessorImpl.java:62)
    at sun.reflect.DelegatingMethodAccessorImpl.invoke(DelegatingMethodAccessorImpl.java:43)

org.apache.commons.math3.exception.TooManyEvaluationsException: illegal state: maximal count (12,000) exceeded: evaluations
    at org.apache.commons.math3.optim.BaseOptimizer$MaxEvalCallback.trigger(BaseOptimizer.java:243)
    at org.apache.commons.math3.util.Incrementor.incrementCount(Incrementor.java:156)
    at org.apache.commons.math3.optim.BaseOptimizer.incrementEvaluationCount(BaseOptimizer.java:192)
    at org.apache.commons.math3.optim.nonlinear.scalar.MultivariateOptimizer.computeObjectiveValue(MultivariateOptimizer.java:115)
    at org.apache.commons.math3.optim.nonlinear.scalar.noderiv.BOBYQAOptimizer.bobyqb(BOBYQAOptimizer.java:823)
    at org.apache.commons.math3.optim.nonlinear.scalar.noderiv.BOBYQAOptimizer.bobyqa(BOBYQAOptimizer.java:329)
09:33:23.686 [pool-13-thread-1] INFO  f.i.l.c.t.SpecificationTestCasesListener - Tests run finished (570 ms)
<> Total tests run: 1
<> Ignored tests: 0
<> Failed tests: 1
~ testDiffPow(org.apache.commons.math3.optim.nonlinear.scalar.noderiv.BOBYQAOptimizerTest)
[illegal state: maximal count (12,000) exceeded: evaluations]
org.apache.commons.math3.exception.TooManyEvaluationsException: illegal state: maximal count (12,000) exceeded: evaluations    at org.apache.commons.math3.optim.BaseOptimizer$MaxEvalCallback.trigger(BaseOptimizer.java:243)
    at org.apache.commons.math3.util.Incrementor.incrementCount(Incrementor.java:156)
    at org.apache.commons.math3.optim.BaseOptimizer.incrementEvaluationCount(BaseOptimizer.java:192)
    at org.apache.commons.math3.optim.nonlinear.scalar.MultivariateOptimizer.computeObjectiveValue(MultivariateOptimizer.java:115)
    at org.apache.commons.math3.optim.nonlinear.scalar.noderiv.BOBYQAOptimizer.bobyqb(BOBYQAOptimizer.java:823)
    at org.apache.commons.math3.optim.nonlinear.scalar.noderiv.BOBYQAOptimizer.bobyqa(BOBYQAOptimizer.java:329)

org.apache.commons.math3.exception.TooManyEvaluationsException: illegal state: maximal count (12,000) exceeded: evaluations
    at org.apache.commons.math3.optimization.direct.BaseAbstractMultivariateOptimizer.computeObjectiveValue(BaseAbstractMultivariateOptimizer.java:108)
    at org.apache.commons.math3.optimization.direct.BOBYQAOptimizer.bobyqb(BOBYQAOptimizer.java:828)
    at org.apache.commons.math3.optimization.direct.BOBYQAOptimizer.bobyqa(BOBYQAOptimizer.java:334)
    at org.apache.commons.math3.optimization.direct.BOBYQAOptimizer.doOptimize(BOBYQAOptimizer.java:246)
    at org.apache.commons.math3.optimization.direct.BaseAbstractMultivariateOptimizer.optimizeInternal(BaseAbstractMultivariateOptimizer.java:206)
    at org.apache.commons.math3.optimization.direct.BaseAbstractMultivariateOptimizer.optimize(BaseAbstractMultivariateOptimizer.java:145)
09:33:24.621 [pool-14-thread-1] INFO  f.i.l.c.t.SpecificationTestCasesListener - Tests run finished (927 ms)
<> Total tests run: 1
<> Ignored tests: 0
<> Failed tests: 1
~ testDiffPow(org.apache.commons.math3.optimization.direct.BOBYQAOptimizerTest)
[illegal state: maximal count (12,000) exceeded: evaluations]
org.apache.commons.math3.exception.TooManyEvaluationsException: illegal state: maximal count (12,000) exceeded: evaluations    at org.apache.commons.math3.optimization.direct.BaseAbstractMultivariateOptimizer.computeObjectiveValue(BaseAbstractMultivariateOptimizer.java:108)
    at org.apache.commons.math3.optimization.direct.BOBYQAOptimizer.bobyqb(BOBYQAOptimizer.java:828)
    at org.apache.commons.math3.optimization.direct.BOBYQAOptimizer.bobyqa(BOBYQAOptimizer.java:334)
    at org.apache.commons.math3.optimization.direct.BOBYQAOptimizer.doOptimize(BOBYQAOptimizer.java:246)
    at org.apache.commons.math3.optimization.direct.BaseAbstractMultivariateOptimizer.optimizeInternal(BaseAbstractMultivariateOptimizer.java:206)
    at org.apache.commons.math3.optimization.direct.BaseAbstractMultivariateOptimizer.optimize(BaseAbstractMultivariateOptimizer.java:145)

09:33:24.628 [pool-3-thread-1] DEBUG tests.output - Failing tests with false: 
[testAckley(org.apache.commons.math3.optimization.direct.BOBYQAOptimizerTest): expected:<0.0> but was:<1.047765607609108E-8>, testAckley(org.apache.commons.math3.optim.nonlinear.scalar.noderiv.BOBYQAOptimizerTest): expected:<0.0> but was:<1.047765607609108E-8>, testMath1051(org.apache.commons.math3.linear.EigenDecompositionTest): Failed to create EigenDecomposition for matrix Array2DRowRealMatrix{{0.0,0.0,0.0,0.0,0.0},{0.0,0.0,0.0,0.0,1.0},{0.0,0.0,0.0,1.0,0.0},{1.0,1.0,0.0,0.0,1.0},{1.0,0.0,1.0,0.0,1.0}}, ex=org.apache.commons.math3.exception.MaxCountExceededException: illegal stateconvergence failed, testDiffPow(org.apache.commons.math3.optim.nonlinear.scalar.noderiv.BOBYQAOptimizerTest): illegal state: maximal count (12,000) exceeded: evaluations, testDiffPow(org.apache.commons.math3.optimization.direct.BOBYQAOptimizerTest): illegal state: maximal count (12,000) exceeded: evaluations]
09:33:24.629 [pool-3-thread-1] DEBUG tests.output - Failing tests with true: 
[testAckley(org.apache.commons.math3.optimization.direct.BOBYQAOptimizerTest): expected:<0.0> but was:<1.047765607609108E-8>, testAckley(org.apache.commons.math3.optim.nonlinear.scalar.noderiv.BOBYQAOptimizerTest): expected:<0.0> but was:<1.047765607609108E-8>, testMath1051(org.apache.commons.math3.linear.EigenDecompositionTest): Failed to create EigenDecomposition for matrix Array2DRowRealMatrix{{0.0,0.0,0.0,0.0,0.0},{0.0,0.0,0.0,0.0,1.0},{0.0,0.0,0.0,1.0,0.0},{1.0,1.0,0.0,0.0,1.0},{1.0,0.0,1.0,0.0,1.0}}, ex=org.apache.commons.math3.exception.MaxCountExceededException: illegal state: convergence failed, testDiffPow(org.apache.commons.math3.optim.nonlinear.scalar.noderiv.BOBYQAOptimizerTest): illegal state: maximal count (12,000) exceeded: evaluations, testDiffPow(org.apache.commons.math3.optimization.direct.BOBYQAOptimizerTest): illegal state: maximal count (12,000) exceeded: evaluations]
09:33:24.629 [pool-3-thread-1] INFO  f.i.l.r.n.synth.SMTNopolSynthesizer - Not enough specifications: 0. A trivial patch is "true" or "false", please write new tests specifying SourceLocation org.apache.commons.math3.exception.util.ExceptionContext:182.
09:33:24.629 [pool-2-thread-1] DEBUG fr.inria.lille.repair.nopol.NoPol - statement #5
09:33:24.629 [pool-2-thread-1] DEBUG fr.inria.lille.repair.nopol.NoPol - Analysing SourceLocation org.apache.commons.math3.optimization.direct.BOBYQAOptimizer:1165 which is executed by 4 tests
283261218
09:33:24.865 [pool-2-thread-1] DEBUG fr.inria.lille.repair.nopol.NoPol - looking with class fr.inria.lille.repair.nopol.spoon.smt.ConditionalAdder
java.lang.AssertionError: expected:<0.0> but was:<1.047765607609108E-8>
    at org.junit.Assert.fail(Assert.java:88)
    at org.junit.Assert.failNotEquals(Assert.java:743)
    at org.junit.Assert.assertEquals(Assert.java:494)
    at org.apache.commons.math3.optimization.direct.BOBYQAOptimizerTest.doTest(BOBYQAOptimizerTest.java:336)
    at org.apache.commons.math3.optimization.direct.BOBYQAOptimizerTest.doTest(BOBYQAOptimizerTest.java:281)
    at org.apache.commons.math3.optimization.direct.BOBYQAOptimizerTest.testAckley(BOBYQAOptimizerTest.java:208)
org.apache.commons.math3.exception.TooManyEvaluationsException: illegal state: maximal count (12,000) exceeded: evaluations
    at org.apache.commons.math3.optimization.direct.BaseAbstractMultivariateOptimizer.computeObjectiveValue(BaseAbstractMultivariateOptimizer.java:108)
    at org.apache.commons.math3.optimization.direct.BOBYQAOptimizer.bobyqb(BOBYQAOptimizer.java:828)
    at org.apache.commons.math3.optimization.direct.BOBYQAOptimizer.bobyqa(BOBYQAOptimizer.java:334)
    at org.apache.commons.math3.optimization.direct.BOBYQAOptimizer.doOptimize(BOBYQAOptimizer.java:246)
    at org.apache.commons.math3.optimization.direct.BaseAbstractMultivariateOptimizer.optimizeInternal(BaseAbstractMultivariateOptimizer.java:206)
    at org.apache.commons.math3.optimization.direct.BaseAbstractMultivariateOptimizer.optimize(BaseAbstractMultivariateOptimizer.java:145)
java.lang.AssertionError: expected:<0.0> but was:<1.047765607609108E-8>
    at org.junit.Assert.fail(Assert.java:88)
    at org.junit.Assert.failNotEquals(Assert.java:743)
    at org.junit.Assert.assertEquals(Assert.java:494)
    at org.apache.commons.math3.optimization.direct.BOBYQAOptimizerTest.doTest(BOBYQAOptimizerTest.java:336)
    at org.apache.commons.math3.optimization.direct.BOBYQAOptimizerTest.doTest(BOBYQAOptimizerTest.java:281)
    at org.apache.commons.math3.optimization.direct.BOBYQAOptimizerTest.testAckley(BOBYQAOptimizerTest.java:208)
org.apache.commons.math3.exception.TooManyEvaluationsException: illegal state: maximal count (12,000) exceeded: evaluations
    at org.apache.commons.math3.optimization.direct.BaseAbstractMultivariateOptimizer.computeObjectiveValue(BaseAbstractMultivariateOptimizer.java:108)
    at org.apache.commons.math3.optimization.direct.BOBYQAOptimizer.bobyqb(BOBYQAOptimizer.java:828)
    at org.apache.commons.math3.optimization.direct.BOBYQAOptimizer.bobyqa(BOBYQAOptimizer.java:334)
    at org.apache.commons.math3.optimization.direct.BOBYQAOptimizer.doOptimize(BOBYQAOptimizer.java:246)
    at org.apache.commons.math3.optimization.direct.BaseAbstractMultivariateOptimizer.optimizeInternal(BaseAbstractMultivariateOptimizer.java:206)
    at org.apache.commons.math3.optimization.direct.BaseAbstractMultivariateOptimizer.optimize(BaseAbstractMultivariateOptimizer.java:145)
09:33:34.431 [pool-16-thread-1] INFO  xxl.java.junit.TestCasesListener - Tests run finished (9559 ms)
<> Total tests run: 36
<> Ignored tests: 2
<> Failed tests: 4
~ testAckley(org.apache.commons.math3.optimization.direct.BOBYQAOptimizerTest)
[expected:<0.0> but was:<1.047765607609108E-8>]
java.lang.AssertionError: expected:<0.0> but was:<1.047765607609108E-8>    at org.junit.Assert.fail(Assert.java:88)
    at org.junit.Assert.failNotEquals(Assert.java:743)
    at org.junit.Assert.assertEquals(Assert.java:494)
    at org.apache.commons.math3.optimization.direct.BOBYQAOptimizerTest.doTest(BOBYQAOptimizerTest.java:336)
    at org.apache.commons.math3.optimization.direct.BOBYQAOptimizerTest.doTest(BOBYQAOptimizerTest.java:281)
    at org.apache.commons.math3.optimization.direct.BOBYQAOptimizerTest.testAckley(BOBYQAOptimizerTest.java:208)
~ testDiffPow(org.apache.commons.math3.optimization.direct.BOBYQAOptimizerTest)
[illegal state: maximal count (12,000) exceeded: evaluations]
org.apache.commons.math3.exception.TooManyEvaluationsException: illegal state: maximal count (12,000) exceeded: evaluations    at org.apache.commons.math3.optimization.direct.BaseAbstractMultivariateOptimizer.computeObjectiveValue(BaseAbstractMultivariateOptimizer.java:108)
    at org.apache.commons.math3.optimization.direct.BOBYQAOptimizer.bobyqb(BOBYQAOptimizer.java:828)
    at org.apache.commons.math3.optimization.direct.BOBYQAOptimizer.bobyqa(BOBYQAOptimizer.java:334)
    at org.apache.commons.math3.optimization.direct.BOBYQAOptimizer.doOptimize(BOBYQAOptimizer.java:246)
    at org.apache.commons.math3.optimization.direct.BaseAbstractMultivariateOptimizer.optimizeInternal(BaseAbstractMultivariateOptimizer.java:206)
    at org.apache.commons.math3.optimization.direct.BaseAbstractMultivariateOptimizer.optimize(BaseAbstractMultivariateOptimizer.java:145)
~ testAckley(org.apache.commons.math3.optimization.direct.BOBYQAOptimizerTest)
[expected:<0.0> but was:<1.047765607609108E-8>]
java.lang.AssertionError: expected:<0.0> but was:<1.047765607609108E-8>    at org.junit.Assert.fail(Assert.java:88)
    at org.junit.Assert.failNotEquals(Assert.java:743)
    at org.junit.Assert.assertEquals(Assert.java:494)
    at org.apache.commons.math3.optimization.direct.BOBYQAOptimizerTest.doTest(BOBYQAOptimizerTest.java:336)
    at org.apache.commons.math3.optimization.direct.BOBYQAOptimizerTest.doTest(BOBYQAOptimizerTest.java:281)
    at org.apache.commons.math3.optimization.direct.BOBYQAOptimizerTest.testAckley(BOBYQAOptimizerTest.java:208)
~ testDiffPow(org.apache.commons.math3.optimization.direct.BOBYQAOptimizerTest)
[illegal state: maximal count (12,000) exceeded: evaluations]
org.apache.commons.math3.exception.TooManyEvaluationsException: illegal state: maximal count (12,000) exceeded: evaluations    at org.apache.commons.math3.optimization.direct.BaseAbstractMultivariateOptimizer.computeObjectiveValue(BaseAbstractMultivariateOptimizer.java:108)
    at org.apache.commons.math3.optimization.direct.BOBYQAOptimizer.bobyqb(BOBYQAOptimizer.java:828)
    at org.apache.commons.math3.optimization.direct.BOBYQAOptimizer.bobyqa(BOBYQAOptimizer.java:334)
    at org.apache.commons.math3.optimization.direct.BOBYQAOptimizer.doOptimize(BOBYQAOptimizer.java:246)
    at org.apache.commons.math3.optimization.direct.BaseAbstractMultivariateOptimizer.optimizeInternal(BaseAbstractMultivariateOptimizer.java:206)
    at org.apache.commons.math3.optimization.direct.BaseAbstractMultivariateOptimizer.optimize(BaseAbstractMultivariateOptimizer.java:145)

org.apache.commons.math3.exception.MathIllegalStateException: trust region step has failed to reduce Q
    at org.apache.commons.math3.optimization.direct.BOBYQAOptimizer.bobyqb(BOBYQAOptimizer.java:500)
    at org.apache.commons.math3.optimization.direct.BOBYQAOptimizer.bobyqa(BOBYQAOptimizer.java:134)
    at org.apache.commons.math3.optimization.direct.BOBYQAOptimizer.doOptimize(BOBYQAOptimizer.java:96)
    at org.apache.commons.math3.optimization.direct.BaseAbstractMultivariateOptimizer.optimizeInternal(BaseAbstractMultivariateOptimizer.java:206)
    at org.apache.commons.math3.optimization.direct.BaseAbstractMultivariateOptimizer.optimize(BaseAbstractMultivariateOptimizer.java:145)
    at org.apache.commons.math3.optimization.direct.BOBYQAOptimizerTest.doTest(BOBYQAOptimizerTest.java:327)
09:33:35.429 [pool-17-thread-1] INFO  f.i.l.c.t.SpecificationTestCasesListener - Tests run finished (229 ms)
<> Total tests run: 1
<> Ignored tests: 0
<> Failed tests: 1
~ testAckley(org.apache.commons.math3.optimization.direct.BOBYQAOptimizerTest)
[trust region step has failed to reduce Q]
org.apache.commons.math3.exception.MathIllegalStateException: trust region step has failed to reduce Q    at org.apache.commons.math3.optimization.direct.BOBYQAOptimizer.bobyqb(BOBYQAOptimizer.java:500)
    at org.apache.commons.math3.optimization.direct.BOBYQAOptimizer.bobyqa(BOBYQAOptimizer.java:134)
    at org.apache.commons.math3.optimization.direct.BOBYQAOptimizer.doOptimize(BOBYQAOptimizer.java:96)
    at org.apache.commons.math3.optimization.direct.BaseAbstractMultivariateOptimizer.optimizeInternal(BaseAbstractMultivariateOptimizer.java:206)
    at org.apache.commons.math3.optimization.direct.BaseAbstractMultivariateOptimizer.optimize(BaseAbstractMultivariateOptimizer.java:145)
    at org.apache.commons.math3.optimization.direct.BOBYQAOptimizerTest.doTest(BOBYQAOptimizerTest.java:327)

org.apache.commons.math3.exception.MathIllegalStateException: trust region step has failed to reduce Q
    at org.apache.commons.math3.optimization.direct.BOBYQAOptimizer.bobyqb(BOBYQAOptimizer.java:500)
    at org.apache.commons.math3.optimization.direct.BOBYQAOptimizer.bobyqa(BOBYQAOptimizer.java:134)
    at org.apache.commons.math3.optimization.direct.BOBYQAOptimizer.doOptimize(BOBYQAOptimizer.java:96)
    at org.apache.commons.math3.optimization.direct.BaseAbstractMultivariateOptimizer.optimizeInternal(BaseAbstractMultivariateOptimizer.java:206)
    at org.apache.commons.math3.optimization.direct.BaseAbstractMultivariateOptimizer.optimize(BaseAbstractMultivariateOptimizer.java:145)
    at org.apache.commons.math3.optimization.direct.BOBYQAOptimizerTest.doTest(BOBYQAOptimizerTest.java:327)
09:33:35.445 [pool-18-thread-1] INFO  f.i.l.c.t.SpecificationTestCasesListener - Tests run finished (4 ms)
<> Total tests run: 1
<> Ignored tests: 0
<> Failed tests: 1
~ testDiffPow(org.apache.commons.math3.optimization.direct.BOBYQAOptimizerTest)
[trust region step has failed to reduce Q]
org.apache.commons.math3.exception.MathIllegalStateException: trust region step has failed to reduce Q    at org.apache.commons.math3.optimization.direct.BOBYQAOptimizer.bobyqb(BOBYQAOptimizer.java:500)
    at org.apache.commons.math3.optimization.direct.BOBYQAOptimizer.bobyqa(BOBYQAOptimizer.java:134)
    at org.apache.commons.math3.optimization.direct.BOBYQAOptimizer.doOptimize(BOBYQAOptimizer.java:96)
    at org.apache.commons.math3.optimization.direct.BaseAbstractMultivariateOptimizer.optimizeInternal(BaseAbstractMultivariateOptimizer.java:206)
    at org.apache.commons.math3.optimization.direct.BaseAbstractMultivariateOptimizer.optimize(BaseAbstractMultivariateOptimizer.java:145)
    at org.apache.commons.math3.optimization.direct.BOBYQAOptimizerTest.doTest(BOBYQAOptimizerTest.java:327)

java.lang.AssertionError: expected:<0.0> but was:<1.047765607609108E-8>
    at org.junit.Assert.fail(Assert.java:88)
    at org.junit.Assert.failNotEquals(Assert.java:743)
    at org.junit.Assert.assertEquals(Assert.java:494)
    at org.apache.commons.math3.optimization.direct.BOBYQAOptimizerTest.doTest(BOBYQAOptimizerTest.java:336)
    at org.apache.commons.math3.optimization.direct.BOBYQAOptimizerTest.doTest(BOBYQAOptimizerTest.java:281)
    at org.apache.commons.math3.optimization.direct.BOBYQAOptimizerTest.testAckley(BOBYQAOptimizerTest.java:208)
09:33:35.927 [pool-19-thread-1] INFO  f.i.l.c.t.SpecificationTestCasesListener - Tests run finished (481 ms)
<> Total tests run: 1
<> Ignored tests: 0
<> Failed tests: 1
~ testAckley(org.apache.commons.math3.optimization.direct.BOBYQAOptimizerTest)
[expected:<0.0> but was:<1.047765607609108E-8>]
java.lang.AssertionError: expected:<0.0> but was:<1.047765607609108E-8>    at org.junit.Assert.fail(Assert.java:88)
    at org.junit.Assert.failNotEquals(Assert.java:743)
    at org.junit.Assert.assertEquals(Assert.java:494)
    at org.apache.commons.math3.optimization.direct.BOBYQAOptimizerTest.doTest(BOBYQAOptimizerTest.java:336)
    at org.apache.commons.math3.optimization.direct.BOBYQAOptimizerTest.doTest(BOBYQAOptimizerTest.java:281)
    at org.apache.commons.math3.optimization.direct.BOBYQAOptimizerTest.testAckley(BOBYQAOptimizerTest.java:208)

org.apache.commons.math3.exception.TooManyEvaluationsException: illegal state: maximal count (12,000) exceeded: evaluations
    at org.apache.commons.math3.optimization.direct.BaseAbstractMultivariateOptimizer.computeObjectiveValue(BaseAbstractMultivariateOptimizer.java:108)
    at org.apache.commons.math3.optimization.direct.BOBYQAOptimizer.bobyqb(BOBYQAOptimizer.java:463)
    at org.apache.commons.math3.optimization.direct.BOBYQAOptimizer.bobyqa(BOBYQAOptimizer.java:134)
    at org.apache.commons.math3.optimization.direct.BOBYQAOptimizer.doOptimize(BOBYQAOptimizer.java:96)
    at org.apache.commons.math3.optimization.direct.BaseAbstractMultivariateOptimizer.optimizeInternal(BaseAbstractMultivariateOptimizer.java:206)
    at org.apache.commons.math3.optimization.direct.BaseAbstractMultivariateOptimizer.optimize(BaseAbstractMultivariateOptimizer.java:145)
09:33:38.825 [pool-20-thread-1] INFO  f.i.l.c.t.SpecificationTestCasesListener - Tests run finished (2891 ms)
<> Total tests run: 1
<> Ignored tests: 0
<> Failed tests: 1
~ testDiffPow(org.apache.commons.math3.optimization.direct.BOBYQAOptimizerTest)
[illegal state: maximal count (12,000) exceeded: evaluations]
org.apache.commons.math3.exception.TooManyEvaluationsException: illegal state: maximal count (12,000) exceeded: evaluations    at org.apache.commons.math3.optimization.direct.BaseAbstractMultivariateOptimizer.computeObjectiveValue(BaseAbstractMultivariateOptimizer.java:108)
    at org.apache.commons.math3.optimization.direct.BOBYQAOptimizer.bobyqb(BOBYQAOptimizer.java:463)
    at org.apache.commons.math3.optimization.direct.BOBYQAOptimizer.bobyqa(BOBYQAOptimizer.java:134)
    at org.apache.commons.math3.optimization.direct.BOBYQAOptimizer.doOptimize(BOBYQAOptimizer.java:96)
    at org.apache.commons.math3.optimization.direct.BaseAbstractMultivariateOptimizer.optimizeInternal(BaseAbstractMultivariateOptimizer.java:206)
    at org.apache.commons.math3.optimization.direct.BaseAbstractMultivariateOptimizer.optimize(BaseAbstractMultivariateOptimizer.java:145)

09:33:38.826 [pool-15-thread-1] DEBUG tests.output - Failing tests with false: 
[testAckley(org.apache.commons.math3.optimization.direct.BOBYQAOptimizerTest): trust region step has failed to reduce Q, testDiffPow(org.apache.commons.math3.optimization.direct.BOBYQAOptimizerTest): trust region step has failed to reduce Q]
09:33:38.827 [pool-15-thread-1] DEBUG tests.output - Failing tests with true: 
[testAckley(org.apache.commons.math3.optimization.direct.BOBYQAOptimizerTest): expected:<0.0> but was:<1.047765607609108E-8>, testDiffPow(org.apache.commons.math3.optimization.direct.BOBYQAOptimizerTest): illegal state: maximal count (12,000) exceeded: evaluations]
09:33:38.827 [pool-15-thread-1] INFO  f.i.l.r.n.synth.SMTNopolSynthesizer - Not enough specifications: 0. A trivial patch is "true" or "false", please write new tests specifying SourceLocation org.apache.commons.math3.optimization.direct.BOBYQAOptimizer:1165.
09:33:38.827 [pool-2-thread-1] DEBUG fr.inria.lille.repair.nopol.NoPol - statement #6
09:33:38.827 [pool-2-thread-1] DEBUG fr.inria.lille.repair.nopol.NoPol - Analysing SourceLocation org.apache.commons.math3.optim.nonlinear.scalar.noderiv.BOBYQAOptimizer:1160 which is executed by 4 tests
283261218
09:33:39.023 [pool-2-thread-1] DEBUG fr.inria.lille.repair.nopol.NoPol - looking with class fr.inria.lille.repair.nopol.spoon.smt.ConditionalAdder
java.lang.AssertionError: expected:<0.0> but was:<1.047765607609108E-8>
    at org.junit.Assert.fail(Assert.java:88)
    at org.junit.Assert.failNotEquals(Assert.java:743)
    at org.junit.Assert.assertEquals(Assert.java:494)
    at org.apache.commons.math3.optim.nonlinear.scalar.noderiv.BOBYQAOptimizerTest.doTest(BOBYQAOptimizerTest.java:338)
    at org.apache.commons.math3.optim.nonlinear.scalar.noderiv.BOBYQAOptimizerTest.doTest(BOBYQAOptimizerTest.java:282)
    at org.apache.commons.math3.optim.nonlinear.scalar.noderiv.BOBYQAOptimizerTest.testAckley(BOBYQAOptimizerTest.java:209)
org.apache.commons.math3.exception.TooManyEvaluationsException: illegal state: maximal count (12,000) exceeded: evaluations
    at org.apache.commons.math3.optim.BaseOptimizer$MaxEvalCallback.trigger(BaseOptimizer.java:243)
    at org.apache.commons.math3.util.Incrementor.incrementCount(Incrementor.java:156)
    at org.apache.commons.math3.optim.BaseOptimizer.incrementEvaluationCount(BaseOptimizer.java:192)
    at org.apache.commons.math3.optim.nonlinear.scalar.MultivariateOptimizer.computeObjectiveValue(MultivariateOptimizer.java:115)
    at org.apache.commons.math3.optim.nonlinear.scalar.noderiv.BOBYQAOptimizer.bobyqb(BOBYQAOptimizer.java:823)
    at org.apache.commons.math3.optim.nonlinear.scalar.noderiv.BOBYQAOptimizer.bobyqa(BOBYQAOptimizer.java:329)
java.lang.AssertionError: expected:<0.0> but was:<1.047765607609108E-8>
    at org.junit.Assert.fail(Assert.java:88)
    at org.junit.Assert.failNotEquals(Assert.java:743)
    at org.junit.Assert.assertEquals(Assert.java:494)
    at org.apache.commons.math3.optim.nonlinear.scalar.noderiv.BOBYQAOptimizerTest.doTest(BOBYQAOptimizerTest.java:338)
    at org.apache.commons.math3.optim.nonlinear.scalar.noderiv.BOBYQAOptimizerTest.doTest(BOBYQAOptimizerTest.java:282)
    at org.apache.commons.math3.optim.nonlinear.scalar.noderiv.BOBYQAOptimizerTest.testAckley(BOBYQAOptimizerTest.java:209)
org.apache.commons.math3.exception.TooManyEvaluationsException: illegal state: maximal count (12,000) exceeded: evaluations
    at org.apache.commons.math3.optim.BaseOptimizer$MaxEvalCallback.trigger(BaseOptimizer.java:243)
    at org.apache.commons.math3.util.Incrementor.incrementCount(Incrementor.java:156)
    at org.apache.commons.math3.optim.BaseOptimizer.incrementEvaluationCount(BaseOptimizer.java:192)
    at org.apache.commons.math3.optim.nonlinear.scalar.MultivariateOptimizer.computeObjectiveValue(MultivariateOptimizer.java:115)
    at org.apache.commons.math3.optim.nonlinear.scalar.noderiv.BOBYQAOptimizer.bobyqb(BOBYQAOptimizer.java:823)
    at org.apache.commons.math3.optim.nonlinear.scalar.noderiv.BOBYQAOptimizer.bobyqa(BOBYQAOptimizer.java:329)
09:33:50.033 [pool-22-thread-1] INFO  xxl.java.junit.TestCasesListener - Tests run finished (11003 ms)
<> Total tests run: 36
<> Ignored tests: 2
<> Failed tests: 4
~ testAckley(org.apache.commons.math3.optim.nonlinear.scalar.noderiv.BOBYQAOptimizerTest)
[expected:<0.0> but was:<1.047765607609108E-8>]
java.lang.AssertionError: expected:<0.0> but was:<1.047765607609108E-8>    at org.junit.Assert.fail(Assert.java:88)
    at org.junit.Assert.failNotEquals(Assert.java:743)
    at org.junit.Assert.assertEquals(Assert.java:494)
    at org.apache.commons.math3.optim.nonlinear.scalar.noderiv.BOBYQAOptimizerTest.doTest(BOBYQAOptimizerTest.java:338)
    at org.apache.commons.math3.optim.nonlinear.scalar.noderiv.BOBYQAOptimizerTest.doTest(BOBYQAOptimizerTest.java:282)
    at org.apache.commons.math3.optim.nonlinear.scalar.noderiv.BOBYQAOptimizerTest.testAckley(BOBYQAOptimizerTest.java:209)
~ testDiffPow(org.apache.commons.math3.optim.nonlinear.scalar.noderiv.BOBYQAOptimizerTest)
[illegal state: maximal count (12,000) exceeded: evaluations]
org.apache.commons.math3.exception.TooManyEvaluationsException: illegal state: maximal count (12,000) exceeded: evaluations    at org.apache.commons.math3.optim.BaseOptimizer$MaxEvalCallback.trigger(BaseOptimizer.java:243)
    at org.apache.commons.math3.util.Incrementor.incrementCount(Incrementor.java:156)
    at org.apache.commons.math3.optim.BaseOptimizer.incrementEvaluationCount(BaseOptimizer.java:192)
    at org.apache.commons.math3.optim.nonlinear.scalar.MultivariateOptimizer.computeObjectiveValue(MultivariateOptimizer.java:115)
    at org.apache.commons.math3.optim.nonlinear.scalar.noderiv.BOBYQAOptimizer.bobyqb(BOBYQAOptimizer.java:823)
    at org.apache.commons.math3.optim.nonlinear.scalar.noderiv.BOBYQAOptimizer.bobyqa(BOBYQAOptimizer.java:329)
~ testAckley(org.apache.commons.math3.optim.nonlinear.scalar.noderiv.BOBYQAOptimizerTest)
[expected:<0.0> but was:<1.047765607609108E-8>]
java.lang.AssertionError: expected:<0.0> but was:<1.047765607609108E-8>    at org.junit.Assert.fail(Assert.java:88)
    at org.junit.Assert.failNotEquals(Assert.java:743)
    at org.junit.Assert.assertEquals(Assert.java:494)
    at org.apache.commons.math3.optim.nonlinear.scalar.noderiv.BOBYQAOptimizerTest.doTest(BOBYQAOptimizerTest.java:338)
    at org.apache.commons.math3.optim.nonlinear.scalar.noderiv.BOBYQAOptimizerTest.doTest(BOBYQAOptimizerTest.java:282)
    at org.apache.commons.math3.optim.nonlinear.scalar.noderiv.BOBYQAOptimizerTest.testAckley(BOBYQAOptimizerTest.java:209)
~ testDiffPow(org.apache.commons.math3.optim.nonlinear.scalar.noderiv.BOBYQAOptimizerTest)
[illegal state: maximal count (12,000) exceeded: evaluations]
org.apache.commons.math3.exception.TooManyEvaluationsException: illegal state: maximal count (12,000) exceeded: evaluations    at org.apache.commons.math3.optim.BaseOptimizer$MaxEvalCallback.trigger(BaseOptimizer.java:243)
    at org.apache.commons.math3.util.Incrementor.incrementCount(Incrementor.java:156)
    at org.apache.commons.math3.optim.BaseOptimizer.incrementEvaluationCount(BaseOptimizer.java:192)
    at org.apache.commons.math3.optim.nonlinear.scalar.MultivariateOptimizer.computeObjectiveValue(MultivariateOptimizer.java:115)
    at org.apache.commons.math3.optim.nonlinear.scalar.noderiv.BOBYQAOptimizer.bobyqb(BOBYQAOptimizer.java:823)
    at org.apache.commons.math3.optim.nonlinear.scalar.noderiv.BOBYQAOptimizer.bobyqa(BOBYQAOptimizer.java:329)

org.apache.commons.math3.exception.MathIllegalStateException: trust region step has failed to reduce Q
    at org.apache.commons.math3.optim.nonlinear.scalar.noderiv.BOBYQAOptimizer.bobyqb(BOBYQAOptimizer.java:499)
    at org.apache.commons.math3.optim.nonlinear.scalar.noderiv.BOBYQAOptimizer.bobyqa(BOBYQAOptimizer.java:133)
    at org.apache.commons.math3.optim.nonlinear.scalar.noderiv.BOBYQAOptimizer.doOptimize(BOBYQAOptimizer.java:95)
    at org.apache.commons.math3.optim.nonlinear.scalar.noderiv.BOBYQAOptimizer.doOptimize(BOBYQAOptimizer.java:2)
    at org.apache.commons.math3.optim.BaseOptimizer.optimize(BaseOptimizer.java:154)
    at org.apache.commons.math3.optim.BaseMultivariateOptimizer.optimize(BaseMultivariateOptimizer.java:66)
09:33:50.846 [pool-23-thread-1] INFO  f.i.l.c.t.SpecificationTestCasesListener - Tests run finished (212 ms)
<> Total tests run: 1
<> Ignored tests: 0
<> Failed tests: 1
~ testAckley(org.apache.commons.math3.optim.nonlinear.scalar.noderiv.BOBYQAOptimizerTest)
[trust region step has failed to reduce Q]
org.apache.commons.math3.exception.MathIllegalStateException: trust region step has failed to reduce Q    at org.apache.commons.math3.optim.nonlinear.scalar.noderiv.BOBYQAOptimizer.bobyqb(BOBYQAOptimizer.java:499)
    at org.apache.commons.math3.optim.nonlinear.scalar.noderiv.BOBYQAOptimizer.bobyqa(BOBYQAOptimizer.java:133)
    at org.apache.commons.math3.optim.nonlinear.scalar.noderiv.BOBYQAOptimizer.doOptimize(BOBYQAOptimizer.java:95)
    at org.apache.commons.math3.optim.nonlinear.scalar.noderiv.BOBYQAOptimizer.doOptimize(BOBYQAOptimizer.java:2)
    at org.apache.commons.math3.optim.BaseOptimizer.optimize(BaseOptimizer.java:154)
    at org.apache.commons.math3.optim.BaseMultivariateOptimizer.optimize(BaseMultivariateOptimizer.java:66)

org.apache.commons.math3.exception.MathIllegalStateException: trust region step has failed to reduce Q
    at org.apache.commons.math3.optim.nonlinear.scalar.noderiv.BOBYQAOptimizer.bobyqb(BOBYQAOptimizer.java:499)
    at org.apache.commons.math3.optim.nonlinear.scalar.noderiv.BOBYQAOptimizer.bobyqa(BOBYQAOptimizer.java:133)
    at org.apache.commons.math3.optim.nonlinear.scalar.noderiv.BOBYQAOptimizer.doOptimize(BOBYQAOptimizer.java:95)
    at org.apache.commons.math3.optim.nonlinear.scalar.noderiv.BOBYQAOptimizer.doOptimize(BOBYQAOptimizer.java:2)
    at org.apache.commons.math3.optim.BaseOptimizer.optimize(BaseOptimizer.java:154)
    at org.apache.commons.math3.optim.BaseMultivariateOptimizer.optimize(BaseMultivariateOptimizer.java:66)
09:33:50.852 [pool-24-thread-1] INFO  f.i.l.c.t.SpecificationTestCasesListener - Tests run finished (4 ms)
<> Total tests run: 1
<> Ignored tests: 0
<> Failed tests: 1
~ testDiffPow(org.apache.commons.math3.optim.nonlinear.scalar.noderiv.BOBYQAOptimizerTest)
[trust region step has failed to reduce Q]
org.apache.commons.math3.exception.MathIllegalStateException: trust region step has failed to reduce Q    at org.apache.commons.math3.optim.nonlinear.scalar.noderiv.BOBYQAOptimizer.bobyqb(BOBYQAOptimizer.java:499)
    at org.apache.commons.math3.optim.nonlinear.scalar.noderiv.BOBYQAOptimizer.bobyqa(BOBYQAOptimizer.java:133)
    at org.apache.commons.math3.optim.nonlinear.scalar.noderiv.BOBYQAOptimizer.doOptimize(BOBYQAOptimizer.java:95)
    at org.apache.commons.math3.optim.nonlinear.scalar.noderiv.BOBYQAOptimizer.doOptimize(BOBYQAOptimizer.java:2)
    at org.apache.commons.math3.optim.BaseOptimizer.optimize(BaseOptimizer.java:154)
    at org.apache.commons.math3.optim.BaseMultivariateOptimizer.optimize(BaseMultivariateOptimizer.java:66)

java.lang.AssertionError: expected:<0.0> but was:<1.047765607609108E-8>
    at org.junit.Assert.fail(Assert.java:88)
    at org.junit.Assert.failNotEquals(Assert.java:743)
    at org.junit.Assert.assertEquals(Assert.java:494)
    at org.apache.commons.math3.optim.nonlinear.scalar.noderiv.BOBYQAOptimizerTest.doTest(BOBYQAOptimizerTest.java:338)
    at org.apache.commons.math3.optim.nonlinear.scalar.noderiv.BOBYQAOptimizerTest.doTest(BOBYQAOptimizerTest.java:282)
    at org.apache.commons.math3.optim.nonlinear.scalar.noderiv.BOBYQAOptimizerTest.testAckley(BOBYQAOptimizerTest.java:209)
09:33:51.349 [pool-25-thread-1] INFO  f.i.l.c.t.SpecificationTestCasesListener - Tests run finished (490 ms)
<> Total tests run: 1
<> Ignored tests: 0
<> Failed tests: 1
~ testAckley(org.apache.commons.math3.optim.nonlinear.scalar.noderiv.BOBYQAOptimizerTest)
[expected:<0.0> but was:<1.047765607609108E-8>]
java.lang.AssertionError: expected:<0.0> but was:<1.047765607609108E-8>    at org.junit.Assert.fail(Assert.java:88)
    at org.junit.Assert.failNotEquals(Assert.java:743)
    at org.junit.Assert.assertEquals(Assert.java:494)
    at org.apache.commons.math3.optim.nonlinear.scalar.noderiv.BOBYQAOptimizerTest.doTest(BOBYQAOptimizerTest.java:338)
    at org.apache.commons.math3.optim.nonlinear.scalar.noderiv.BOBYQAOptimizerTest.doTest(BOBYQAOptimizerTest.java:282)
    at org.apache.commons.math3.optim.nonlinear.scalar.noderiv.BOBYQAOptimizerTest.testAckley(BOBYQAOptimizerTest.java:209)

org.apache.commons.math3.exception.TooManyEvaluationsException: illegal state: maximal count (12,000) exceeded: evaluations
    at org.apache.commons.math3.optim.BaseOptimizer$MaxEvalCallback.trigger(BaseOptimizer.java:243)
    at org.apache.commons.math3.util.Incrementor.incrementCount(Incrementor.java:156)
    at org.apache.commons.math3.optim.BaseOptimizer.incrementEvaluationCount(BaseOptimizer.java:192)
    at org.apache.commons.math3.optim.nonlinear.scalar.MultivariateOptimizer.computeObjectiveValue(MultivariateOptimizer.java:115)
    at org.apache.commons.math3.optim.nonlinear.scalar.noderiv.BOBYQAOptimizer.bobyqb(BOBYQAOptimizer.java:462)
    at org.apache.commons.math3.optim.nonlinear.scalar.noderiv.BOBYQAOptimizer.bobyqa(BOBYQAOptimizer.java:133)
09:33:54.367 [pool-26-thread-1] INFO  f.i.l.c.t.SpecificationTestCasesListener - Tests run finished (3016 ms)
<> Total tests run: 1
<> Ignored tests: 0
<> Failed tests: 1
~ testDiffPow(org.apache.commons.math3.optim.nonlinear.scalar.noderiv.BOBYQAOptimizerTest)
[illegal state: maximal count (12,000) exceeded: evaluations]
org.apache.commons.math3.exception.TooManyEvaluationsException: illegal state: maximal count (12,000) exceeded: evaluations    at org.apache.commons.math3.optim.BaseOptimizer$MaxEvalCallback.trigger(BaseOptimizer.java:243)
    at org.apache.commons.math3.util.Incrementor.incrementCount(Incrementor.java:156)
    at org.apache.commons.math3.optim.BaseOptimizer.incrementEvaluationCount(BaseOptimizer.java:192)
    at org.apache.commons.math3.optim.nonlinear.scalar.MultivariateOptimizer.computeObjectiveValue(MultivariateOptimizer.java:115)
    at org.apache.commons.math3.optim.nonlinear.scalar.noderiv.BOBYQAOptimizer.bobyqb(BOBYQAOptimizer.java:462)
    at org.apache.commons.math3.optim.nonlinear.scalar.noderiv.BOBYQAOptimizer.bobyqa(BOBYQAOptimizer.java:133)

09:33:54.368 [pool-21-thread-1] DEBUG tests.output - Failing tests with false: 
[testAckley(org.apache.commons.math3.optim.nonlinear.scalar.noderiv.BOBYQAOptimizerTest): trust region step has failed to reduce Q, testDiffPow(org.apache.commons.math3.optim.nonlinear.scalar.noderiv.BOBYQAOptimizerTest): trust region step has failed to reduce Q]
09:33:54.368 [pool-21-thread-1] DEBUG tests.output - Failing tests with true: 
[testAckley(org.apache.commons.math3.optim.nonlinear.scalar.noderiv.BOBYQAOptimizerTest): expected:<0.0> but was:<1.047765607609108E-8>, testDiffPow(org.apache.commons.math3.optim.nonlinear.scalar.noderiv.BOBYQAOptimizerTest): illegal state: maximal count (12,000) exceeded: evaluations]
09:33:54.368 [pool-21-thread-1] INFO  f.i.l.r.n.synth.SMTNopolSynthesizer - Not enough specifications: 0. A trivial patch is "true" or "false", please write new tests specifying SourceLocation org.apache.commons.math3.optim.nonlinear.scalar.noderiv.BOBYQAOptimizer:1160.
09:33:54.368 [pool-2-thread-1] DEBUG fr.inria.lille.repair.nopol.NoPol - statement #7
09:33:54.369 [pool-2-thread-1] DEBUG fr.inria.lille.repair.nopol.NoPol - Analysing SourceLocation org.apache.commons.math3.linear.SchurTransformer:207 which is executed by 1 tests
-8945339
09:33:54.539 [pool-2-thread-1] DEBUG fr.inria.lille.repair.nopol.NoPol - statement #8
09:33:54.539 [pool-2-thread-1] DEBUG fr.inria.lille.repair.nopol.NoPol - Analysing SourceLocation org.apache.commons.math3.linear.SchurTransformer:206 which is executed by 1 tests
-8945339
09:33:54.680 [pool-2-thread-1] DEBUG fr.inria.lille.repair.nopol.NoPol - looking with class fr.inria.lille.repair.nopol.spoon.smt.ConditionalAdder
java.lang.AssertionError: Failed to create EigenDecomposition for matrix Array2DRowRealMatrix{{0.0,0.0,0.0,0.0,0.0},{0.0,0.0,0.0,0.0,1.0},{0.0,0.0,0.0,1.0,0.0},{1.0,1.0,0.0,0.0,1.0},{1.0,0.0,1.0,0.0,1.0}}, ex=org.apache.commons.math3.exception.MaxCountExceededException: illegal state: convergence failed
    at org.junit.Assert.fail(Assert.java:88)
    at org.apache.commons.math3.linear.EigenDecompositionTest.checkUnsymmetricMatrix(EigenDecompositionTest.java:520)
    at org.apache.commons.math3.linear.EigenDecompositionTest.testMath1051(EigenDecompositionTest.java:457)
    at sun.reflect.NativeMethodAccessorImpl.invoke0(Native Method)
    at sun.reflect.NativeMethodAccessorImpl.invoke(NativeMethodAccessorImpl.java:62)
    at sun.reflect.DelegatingMethodAccessorImpl.invoke(DelegatingMethodAccessorImpl.java:43)
09:33:55.013 [pool-28-thread-1] INFO  xxl.java.junit.TestCasesListener - Tests run finished (328 ms)
<> Total tests run: 28
<> Ignored tests: 2
<> Failed tests: 1
~ testMath1051(org.apache.commons.math3.linear.EigenDecompositionTest)
[Failed to create EigenDecomposition for matrix Array2DRowRealMatrix{{0.0,0.0,0.0,0.0,0.0},{0.0,0.0,0.0,0.0,1.0},{0.0,0.0,0.0,1.0,0.0},{1.0,1.0,0.0,0.0,1.0},{1.0,0.0,1.0,0.0,1.0}}, ex=org.apache.commons.math3.exception.MaxCountExceededException: illegal state: convergence failed]
java.lang.AssertionError: Failed to create EigenDecomposition for matrix Array2DRowRealMatrix{{0.0,0.0,0.0,0.0,0.0},{0.0,0.0,0.0,0.0,1.0},{0.0,0.0,0.0,1.0,0.0},{1.0,1.0,0.0,0.0,1.0},{1.0,0.0,1.0,0.0,1.0}}, ex=org.apache.commons.math3.exception.MaxCountExceededException: illegal state: convergence failed    at org.junit.Assert.fail(Assert.java:88)
    at org.apache.commons.math3.linear.EigenDecompositionTest.checkUnsymmetricMatrix(EigenDecompositionTest.java:520)
    at org.apache.commons.math3.linear.EigenDecompositionTest.testMath1051(EigenDecompositionTest.java:457)
    at sun.reflect.NativeMethodAccessorImpl.invoke0(Native Method)
    at sun.reflect.NativeMethodAccessorImpl.invoke(NativeMethodAccessorImpl.java:62)
    at sun.reflect.DelegatingMethodAccessorImpl.invoke(DelegatingMethodAccessorImpl.java:43)

09:38:25.037 [pool-27-thread-1] DEBUG xxl.java.junit.TestSuiteExecution - Timeout after 200 seconds. Infinite loop?
09:39:43.485 [pool-2-thread-1] ERROR fr.inria.lille.repair.nopol.NoPol - Error ExecutionException java.util.concurrent.ExecutionException: java.lang.OutOfMemoryError: Java heap space
java.lang.OutOfMemoryError: Java heap space
    at java.util.HashMap.newNode(HashMap.java:1747)
    at java.util.HashMap.putVal(HashMap.java:631)
    at java.util.HashMap.put(HashMap.java:612)
    at fr.inria.lille.commons.trace.collector.ValueCollector.collectFrom(ValueCollector.java:19)
09:40:16.591 [pool-2-thread-1] DEBUG fr.inria.lille.repair.nopol.NoPol - statement #9
    at fr.inria.lille.commons.trace.RuntimeValues.collectInput(RuntimeValues.java:89)
    at org.apache.commons.math3.linear.SchurTransformer.transform(SchurTransformer.java:124)
09:40:27.881 [pool-2-thread-1] DEBUG fr.inria.lille.repair.nopol.NoPol - Analysing SourceLocation org.apache.commons.math3.exception.util.ExceptionContext:147 which is executed by 9 tests
09:40:35.303 [pool-29-thread-1] INFO  f.i.l.c.t.SpecificationTestCasesListener - Tests run finished (390071 ms)
<> Total tests run: 1
<> Ignored tests: 0
<> Failed tests: 1
~ testMath1051(org.apache.commons.math3.linear.EigenDecompositionTest)
[Java heap space]
java.lang.OutOfMemoryError: Java heap space    at java.util.HashMap.newNode(HashMap.java:1747)
    at java.util.HashMap.putVal(HashMap.java:631)
    at java.util.HashMap.put(HashMap.java:612)
    at fr.inria.lille.commons.trace.collector.ValueCollector.collectFrom(ValueCollector.java:19)
    at fr.inria.lille.commons.trace.RuntimeValues.collectInput(RuntimeValues.java:89)
    at org.apache.commons.math3.linear.SchurTransformer.transform(SchurTransformer.java:124)

10:34:34.801 [main] ERROR fr.inria.lille.repair.Main - Timeout: execution time > 60 MINUTES
java.util.concurrent.TimeoutException: null
	at java.util.concurrent.FutureTask.get(FutureTask.java:205) ~[na:1.8.0_181]
	at fr.inria.lille.repair.Main.main(Main.java:106) ~[nopol.jar:na]
TIMEOUT
Command exited with non-zero status 255
15532.62user 12.96system 1:09:50elapsed 370%CPU (0avgtext+0avgdata 4636460maxresident)k
39656inputs+10448outputs (3major+1509535minor)pagefaults 0swaps


Node: graphene-43.nancy.grid5000.fr



Date: Sat Dec 29 10:37:08 EST 2018

