cd /tmp/DynaMoth_Defects4J_Chart_7;
export JAVA_TOOL_OPTIONS="-Dfile.encoding=UTF8 -Duser.language=en-US -Duser.country=US -Duser.language=en";
TZ="America/New_York"; export TZ;
export PATH="/usr/lib/jvm/java-1.8.0-openjdk-amd64/bin/:$PATH";
export JAVA_HOME="/usr/lib/jvm/java-1.8.0-openjdk-amd64/bin/";
time java -d64 -Xmx4g -Xms1g -XX:MaxPermSize=1024m -XX:+UseConcMarkSweepGC -XX:+CMSClassUnloadingEnabled -XX:+CMSClassUnloadingEnabled -cp /home/tdurieux/defects4j4repair/script/../repair_tools/nopol.jar:/usr/lib/jvm/java-1.8.0-openjdk-amd64/bin//../lib/tools.jar fr.inria.lille.repair.Main \
	--mode repair \
	--type pre_then_cond \
	--oracle angelic \
	--synthesis dynamoth \
	--flocal gzoltar \
	--json \
	--solver z3 \
	--solver-path /home/tdurieux/defects4j4repair/script/../libs/z3/build/z3 \
	--complianceLevel 4 \
	--source source/ \
	--classpath "build/:build-tests/:/tmp/DynaMoth_Defects4J_Chart_7/build/:/tmp/DynaMoth_Defects4J_Chart_7/build-tests/:/tmp/DynaMoth_Defects4J_Chart_7/lib/junit.jar:/tmp/DynaMoth_Defects4J_Chart_7/lib/servlet.jar:/tmp/DynaMoth_Defects4J_Chart_7/lib/itext-2.0.6.jar:/home/tdurieux/defects4j4repair/script/../benchmarks/defects4j/framework/projects/lib/junit-4.11.jar:/home/tdurieux/defects4j4repair/script/../repair_tools/nopol.jar";
	echo "\n\nNode: `hostname`\n";
	echo "\n\nDate: `date`\n";
Picked up JAVA_TOOL_OPTIONS: -Dfile.encoding=UTF8 -Duser.language=en-US -Duser.country=US -Duser.language=en
OpenJDK 64-Bit Server VM warning: ignoring option MaxPermSize=1024m; support was removed in 8.0
16:19:01.151 [main] INFO  fr.inria.lille.repair.nopol.NoPol - Source files: [source]
16:19:01.154 [main] INFO  fr.inria.lille.repair.nopol.NoPol - Classpath: [file:/tmp/DynaMoth_Defects4J_Chart_7/build/, file:/tmp/DynaMoth_Defects4J_Chart_7/build-tests/, file:/tmp/DynaMoth_Defects4J_Chart_7/build/, file:/tmp/DynaMoth_Defects4J_Chart_7/build-tests/, file:/tmp/DynaMoth_Defects4J_Chart_7/lib/junit.jar, file:/tmp/DynaMoth_Defects4J_Chart_7/lib/servlet.jar, file:/tmp/DynaMoth_Defects4J_Chart_7/lib/itext-2.0.6.jar, file:/home/tdurieux/defects4j4repair/script/../benchmarks/defects4j/framework/projects/lib/junit-4.11.jar, file:/home/tdurieux/defects4j4repair/script/../repair_tools/nopol.jar]
16:19:01.155 [main] INFO  fr.inria.lille.repair.nopol.NoPol - Statement type: PRE_THEN_COND
16:19:01.155 [main] INFO  fr.inria.lille.repair.nopol.NoPol - Args: [org.jfree.chart.annotations.junit.AnnotationsPackageTests, org.jfree.chart.annotations.junit.AnnotationsPackageTests, org.jfree.chart.annotations.junit.CategoryLineAnnotationTests, org.jfree.chart.annotations.junit.CategoryLineAnnotationTests, org.jfree.chart.annotations.junit.CategoryPointerAnnotationTests, org.jfree.chart.annotations.junit.CategoryPointerAnnotationTests, org.jfree.chart.annotations.junit.CategoryTextAnnotationTests, org.jfree.chart.annotations.junit.CategoryTextAnnotationTests, org.jfree.chart.annotations.junit.TextAnnotationTests, org.jfree.chart.annotations.junit.TextAnnotationTests, org.jfree.chart.annotations.junit.XYBoxAnnotationTests, org.jfree.chart.annotations.junit.XYBoxAnnotationTests, org.jfree.chart.annotations.junit.XYDrawableAnnotationTests, org.jfree.chart.annotations.junit.XYDrawableAnnotationTests, org.jfree.chart.annotations.junit.XYImageAnnotationTests, org.jfree.chart.annotations.junit.XYImageAnnotationTests, org.jfree.chart.annotations.junit.XYLineAnnotationTests, org.jfree.chart.annotations.junit.XYLineAnnotationTests, org.jfree.chart.annotations.junit.XYPointerAnnotationTests, org.jfree.chart.annotations.junit.XYPointerAnnotationTests, org.jfree.chart.annotations.junit.XYPolygonAnnotationTests, org.jfree.chart.annotations.junit.XYPolygonAnnotationTests, org.jfree.chart.annotations.junit.XYShapeAnnotationTests, org.jfree.chart.annotations.junit.XYShapeAnnotationTests, org.jfree.chart.annotations.junit.XYTextAnnotationTests, org.jfree.chart.annotations.junit.XYTextAnnotationTests, org.jfree.chart.axis.junit.AxisLocationTests, org.jfree.chart.axis.junit.AxisLocationTests, org.jfree.chart.axis.junit.AxisPackageTests, org.jfree.chart.axis.junit.AxisPackageTests, org.jfree.chart.axis.junit.AxisSpaceTests, org.jfree.chart.axis.junit.AxisSpaceTests, org.jfree.chart.axis.junit.AxisTests, org.jfree.chart.axis.junit.AxisTests, org.jfree.chart.axis.junit.CategoryAnchorTests, org.jfree.chart.axis.junit.CategoryAnchorTests, org.jfree.chart.axis.junit.CategoryAxis3DTests, org.jfree.chart.axis.junit.CategoryAxis3DTests, org.jfree.chart.axis.junit.CategoryAxisTests, org.jfree.chart.axis.junit.CategoryAxisTests, org.jfree.chart.axis.junit.CategoryLabelPositionTests, org.jfree.chart.axis.junit.CategoryLabelPositionTests, org.jfree.chart.axis.junit.CategoryLabelPositionsTests, org.jfree.chart.axis.junit.CategoryLabelPositionsTests, org.jfree.chart.axis.junit.CategoryLabelWidthTypeTests, org.jfree.chart.axis.junit.CategoryLabelWidthTypeTests, org.jfree.chart.axis.junit.CategoryTickTests, org.jfree.chart.axis.junit.CategoryTickTests, org.jfree.chart.axis.junit.CyclicNumberAxisTests, org.jfree.chart.axis.junit.CyclicNumberAxisTests, org.jfree.chart.axis.junit.DateAxisTests, org.jfree.chart.axis.junit.DateAxisTests, org.jfree.chart.axis.junit.DateTickMarkPositionTests, org.jfree.chart.axis.junit.DateTickMarkPositionTests, org.jfree.chart.axis.junit.DateTickTests, org.jfree.chart.axis.junit.DateTickTests, org.jfree.chart.axis.junit.DateTickUnitTests, org.jfree.chart.axis.junit.DateTickUnitTests, org.jfree.chart.axis.junit.ExtendedCategoryAxisTests, org.jfree.chart.axis.junit.ExtendedCategoryAxisTests, org.jfree.chart.axis.junit.LogAxisTests, org.jfree.chart.axis.junit.LogAxisTests, org.jfree.chart.axis.junit.LogarithmicAxisTests, org.jfree.chart.axis.junit.LogarithmicAxisTests, org.jfree.chart.axis.junit.MarkerAxisBandTests, org.jfree.chart.axis.junit.MarkerAxisBandTests, org.jfree.chart.axis.junit.MonthDateFormatTests, org.jfree.chart.axis.junit.MonthDateFormatTests, org.jfree.chart.axis.junit.NumberAxis3DTests, org.jfree.chart.axis.junit.NumberAxis3DTests, org.jfree.chart.axis.junit.NumberAxisTests, org.jfree.chart.axis.junit.NumberAxisTests, org.jfree.chart.axis.junit.NumberTickUnitTests, org.jfree.chart.axis.junit.NumberTickUnitTests, org.jfree.chart.axis.junit.PeriodAxisLabelInfoTests, org.jfree.chart.axis.junit.PeriodAxisLabelInfoTests, org.jfree.chart.axis.junit.PeriodAxisTests, org.jfree.chart.axis.junit.PeriodAxisTests, org.jfree.chart.axis.junit.QuarterDateFormatTests, org.jfree.chart.axis.junit.QuarterDateFormatTests, org.jfree.chart.axis.junit.SegmentedTimelineTests, org.jfree.chart.axis.junit.SegmentedTimelineTests, org.jfree.chart.axis.junit.SegmentedTimelineTests2, org.jfree.chart.axis.junit.SegmentedTimelineTests2, org.jfree.chart.axis.junit.StandardTickUnitSourceTests, org.jfree.chart.axis.junit.StandardTickUnitSourceTests, org.jfree.chart.axis.junit.SubCategoryAxisTests, org.jfree.chart.axis.junit.SubCategoryAxisTests, org.jfree.chart.axis.junit.SymbolAxisTests, org.jfree.chart.axis.junit.SymbolAxisTests, org.jfree.chart.axis.junit.TickUnitsTests, org.jfree.chart.axis.junit.TickUnitsTests, org.jfree.chart.axis.junit.ValueAxisTests, org.jfree.chart.axis.junit.ValueAxisTests, org.jfree.chart.block.junit.AbstractBlockTests, org.jfree.chart.block.junit.AbstractBlockTests, org.jfree.chart.block.junit.BlockBorderTests, org.jfree.chart.block.junit.BlockBorderTests, org.jfree.chart.block.junit.BlockContainerTests, org.jfree.chart.block.junit.BlockContainerTests, org.jfree.chart.block.junit.BlockPackageTests, org.jfree.chart.block.junit.BlockPackageTests, org.jfree.chart.block.junit.BorderArrangementTests, org.jfree.chart.block.junit.BorderArrangementTests, org.jfree.chart.block.junit.ColorBlockTests, org.jfree.chart.block.junit.ColorBlockTests, org.jfree.chart.block.junit.ColumnArrangementTests, org.jfree.chart.block.junit.ColumnArrangementTests, org.jfree.chart.block.junit.EmptyBlockTests, org.jfree.chart.block.junit.EmptyBlockTests, org.jfree.chart.block.junit.FlowArrangementTests, org.jfree.chart.block.junit.FlowArrangementTests, org.jfree.chart.block.junit.GridArrangementTests, org.jfree.chart.block.junit.GridArrangementTests, org.jfree.chart.block.junit.LabelBlockTests, org.jfree.chart.block.junit.LabelBlockTests, org.jfree.chart.block.junit.LineBorderTests, org.jfree.chart.block.junit.LineBorderTests, org.jfree.chart.block.junit.RectangleConstraintTests, org.jfree.chart.block.junit.RectangleConstraintTests, org.jfree.chart.entity.junit.CategoryItemEntityTests, org.jfree.chart.entity.junit.CategoryItemEntityTests, org.jfree.chart.entity.junit.EntityPackageTests, org.jfree.chart.entity.junit.EntityPackageTests, org.jfree.chart.entity.junit.LegendItemEntityTests, org.jfree.chart.entity.junit.LegendItemEntityTests, org.jfree.chart.entity.junit.PieSectionEntityTests, org.jfree.chart.entity.junit.PieSectionEntityTests, org.jfree.chart.entity.junit.StandardEntityCollectionTests, org.jfree.chart.entity.junit.StandardEntityCollectionTests, org.jfree.chart.entity.junit.TickLabelEntityTests, org.jfree.chart.entity.junit.TickLabelEntityTests, org.jfree.chart.entity.junit.XYItemEntityTests, org.jfree.chart.entity.junit.XYItemEntityTests, org.jfree.chart.imagemap.junit.ImageMapPackageTests, org.jfree.chart.imagemap.junit.ImageMapPackageTests, org.jfree.chart.imagemap.junit.StandardToolTipTagFragmentGeneratorTests, org.jfree.chart.imagemap.junit.StandardToolTipTagFragmentGeneratorTests, org.jfree.chart.imagemap.junit.StandardURLTagFragmentGeneratorTests, org.jfree.chart.imagemap.junit.StandardURLTagFragmentGeneratorTests, org.jfree.chart.junit.AreaChartTests, org.jfree.chart.junit.AreaChartTests, org.jfree.chart.junit.BarChart3DTests, org.jfree.chart.junit.BarChart3DTests, org.jfree.chart.junit.BarChartTests, org.jfree.chart.junit.BarChartTests, org.jfree.chart.junit.ChartPackageTests, org.jfree.chart.junit.ChartPackageTests, org.jfree.chart.junit.ChartPanelTests, org.jfree.chart.junit.ChartPanelTests, org.jfree.chart.junit.ChartRenderingInfoTests, org.jfree.chart.junit.ChartRenderingInfoTests, org.jfree.chart.junit.GanttChartTests, org.jfree.chart.junit.GanttChartTests, org.jfree.chart.junit.JFreeChartTests, org.jfree.chart.junit.JFreeChartTests, org.jfree.chart.junit.LegendItemCollectionTests, org.jfree.chart.junit.LegendItemCollectionTests, org.jfree.chart.junit.LegendItemTests, org.jfree.chart.junit.LegendItemTests, org.jfree.chart.junit.LineChart3DTests, org.jfree.chart.junit.LineChart3DTests, org.jfree.chart.junit.LineChartTests, org.jfree.chart.junit.LineChartTests, org.jfree.chart.junit.MeterChartTests, org.jfree.chart.junit.MeterChartTests, org.jfree.chart.junit.PaintMapTests, org.jfree.chart.junit.PaintMapTests, org.jfree.chart.junit.PieChart3DTests, org.jfree.chart.junit.PieChart3DTests, org.jfree.chart.junit.PieChartTests, org.jfree.chart.junit.PieChartTests, org.jfree.chart.junit.ScatterPlotTests, org.jfree.chart.junit.ScatterPlotTests, org.jfree.chart.junit.StackedAreaChartTests, org.jfree.chart.junit.StackedAreaChartTests, org.jfree.chart.junit.StackedBarChart3DTests, org.jfree.chart.junit.StackedBarChart3DTests, org.jfree.chart.junit.StackedBarChartTests, org.jfree.chart.junit.StackedBarChartTests, org.jfree.chart.junit.StrokeMapTests, org.jfree.chart.junit.StrokeMapTests, org.jfree.chart.junit.TimeSeriesChartTests, org.jfree.chart.junit.TimeSeriesChartTests, org.jfree.chart.junit.WaterfallChartTests, org.jfree.chart.junit.WaterfallChartTests, org.jfree.chart.junit.XYAreaChartTests, org.jfree.chart.junit.XYAreaChartTests, org.jfree.chart.junit.XYBarChartTests, org.jfree.chart.junit.XYBarChartTests, org.jfree.chart.junit.XYLineChartTests, org.jfree.chart.junit.XYLineChartTests, org.jfree.chart.junit.XYStepAreaChartTests, org.jfree.chart.junit.XYStepAreaChartTests, org.jfree.chart.junit.XYStepChartTests, org.jfree.chart.junit.XYStepChartTests, org.jfree.chart.labels.junit.BoxAndWhiskerToolTipGeneratorTests, org.jfree.chart.labels.junit.BoxAndWhiskerToolTipGeneratorTests, org.jfree.chart.labels.junit.BoxAndWhiskerXYToolTipGeneratorTests, org.jfree.chart.labels.junit.BoxAndWhiskerXYToolTipGeneratorTests, org.jfree.chart.labels.junit.BubbleXYItemLabelGeneratorTests, org.jfree.chart.labels.junit.BubbleXYItemLabelGeneratorTests, org.jfree.chart.labels.junit.CustomXYItemLabelGeneratorTests, org.jfree.chart.labels.junit.CustomXYItemLabelGeneratorTests, org.jfree.chart.labels.junit.HighLowItemLabelGeneratorTests, org.jfree.chart.labels.junit.HighLowItemLabelGeneratorTests, org.jfree.chart.labels.junit.IntervalCategoryLabelGeneratorTests, org.jfree.chart.labels.junit.IntervalCategoryLabelGeneratorTests, org.jfree.chart.labels.junit.ItemLabelAnchorTests, org.jfree.chart.labels.junit.ItemLabelAnchorTests, org.jfree.chart.labels.junit.ItemLabelPositionTests, org.jfree.chart.labels.junit.ItemLabelPositionTests, org.jfree.chart.labels.junit.LabelsPackageTests, org.jfree.chart.labels.junit.LabelsPackageTests, org.jfree.chart.labels.junit.MultipleXYSeriesLabelGeneratorTests, org.jfree.chart.labels.junit.MultipleXYSeriesLabelGeneratorTests, org.jfree.chart.labels.junit.StandardCategoryItemLabelGeneratorTests, org.jfree.chart.labels.junit.StandardCategoryItemLabelGeneratorTests, org.jfree.chart.labels.junit.StandardCategorySeriesLabelGeneratorTests, org.jfree.chart.labels.junit.StandardCategorySeriesLabelGeneratorTests, org.jfree.chart.labels.junit.StandardCategoryToolTipGeneratorTests, org.jfree.chart.labels.junit.StandardCategoryToolTipGeneratorTests, org.jfree.chart.labels.junit.StandardPieSectionLabelGeneratorTests, org.jfree.chart.labels.junit.StandardPieSectionLabelGeneratorTests, org.jfree.chart.labels.junit.StandardPieToolTipGeneratorTests, org.jfree.chart.labels.junit.StandardPieToolTipGeneratorTests, org.jfree.chart.labels.junit.StandardXYItemLabelGeneratorTests, org.jfree.chart.labels.junit.StandardXYItemLabelGeneratorTests, org.jfree.chart.labels.junit.StandardXYSeriesLabelGeneratorTests, org.jfree.chart.labels.junit.StandardXYSeriesLabelGeneratorTests, org.jfree.chart.labels.junit.StandardXYToolTipGeneratorTests, org.jfree.chart.labels.junit.StandardXYToolTipGeneratorTests, org.jfree.chart.labels.junit.StandardXYZToolTipGeneratorTests, org.jfree.chart.labels.junit.StandardXYZToolTipGeneratorTests, org.jfree.chart.labels.junit.SymbolicXYItemLabelGeneratorTests, org.jfree.chart.labels.junit.SymbolicXYItemLabelGeneratorTests, org.jfree.chart.needle.junit.ArrowNeedleTests, org.jfree.chart.needle.junit.ArrowNeedleTests, org.jfree.chart.needle.junit.LineNeedleTests, org.jfree.chart.needle.junit.LineNeedleTests, org.jfree.chart.needle.junit.LongNeedleTests, org.jfree.chart.needle.junit.LongNeedleTests, org.jfree.chart.needle.junit.MeterNeedleTests, org.jfree.chart.needle.junit.MeterNeedleTests, org.jfree.chart.needle.junit.MiddlePinNeedleTests, org.jfree.chart.needle.junit.MiddlePinNeedleTests, org.jfree.chart.needle.junit.NeedlePackageTests, org.jfree.chart.needle.junit.NeedlePackageTests, org.jfree.chart.needle.junit.PinNeedleTests, org.jfree.chart.needle.junit.PinNeedleTests, org.jfree.chart.needle.junit.PlumNeedleTests, org.jfree.chart.needle.junit.PlumNeedleTests, org.jfree.chart.needle.junit.PointerNeedleTests, org.jfree.chart.needle.junit.PointerNeedleTests, org.jfree.chart.needle.junit.ShipNeedleTests, org.jfree.chart.needle.junit.ShipNeedleTests, org.jfree.chart.needle.junit.WindNeedleTests, org.jfree.chart.needle.junit.WindNeedleTests, org.jfree.chart.plot.dial.junit.AbstractDialLayerTests, org.jfree.chart.plot.dial.junit.AbstractDialLayerTests, org.jfree.chart.plot.dial.junit.ArcDialFrameTests, org.jfree.chart.plot.dial.junit.ArcDialFrameTests, org.jfree.chart.plot.dial.junit.DialBackgroundTests, org.jfree.chart.plot.dial.junit.DialBackgroundTests, org.jfree.chart.plot.dial.junit.DialCapTests, org.jfree.chart.plot.dial.junit.DialCapTests, org.jfree.chart.plot.dial.junit.DialPackageTests, org.jfree.chart.plot.dial.junit.DialPackageTests, org.jfree.chart.plot.dial.junit.DialPlotTests, org.jfree.chart.plot.dial.junit.DialPlotTests, org.jfree.chart.plot.dial.junit.DialPointerTests, org.jfree.chart.plot.dial.junit.DialPointerTests, org.jfree.chart.plot.dial.junit.DialTextAnnotationTests, org.jfree.chart.plot.dial.junit.DialTextAnnotationTests, org.jfree.chart.plot.dial.junit.DialValueIndicatorTests, org.jfree.chart.plot.dial.junit.DialValueIndicatorTests, org.jfree.chart.plot.dial.junit.StandardDialFrameTests, org.jfree.chart.plot.dial.junit.StandardDialFrameTests, org.jfree.chart.plot.dial.junit.StandardDialRangeTests, org.jfree.chart.plot.dial.junit.StandardDialRangeTests, org.jfree.chart.plot.dial.junit.StandardDialScaleTests, org.jfree.chart.plot.dial.junit.StandardDialScaleTests, org.jfree.chart.plot.junit.CategoryMarkerTests, org.jfree.chart.plot.junit.CategoryMarkerTests, org.jfree.chart.plot.junit.CategoryPlotTests, org.jfree.chart.plot.junit.CategoryPlotTests, org.jfree.chart.plot.junit.CombinedDomainCategoryPlotTests, org.jfree.chart.plot.junit.CombinedDomainCategoryPlotTests, org.jfree.chart.plot.junit.CombinedDomainXYPlotTests, org.jfree.chart.plot.junit.CombinedDomainXYPlotTests, org.jfree.chart.plot.junit.CombinedRangeCategoryPlotTests, org.jfree.chart.plot.junit.CombinedRangeCategoryPlotTests, org.jfree.chart.plot.junit.CombinedRangeXYPlotTests, org.jfree.chart.plot.junit.CombinedRangeXYPlotTests, org.jfree.chart.plot.junit.CompassPlotTests, org.jfree.chart.plot.junit.CompassPlotTests, org.jfree.chart.plot.junit.DefaultDrawingSupplierTests, org.jfree.chart.plot.junit.DefaultDrawingSupplierTests, org.jfree.chart.plot.junit.FastScatterPlotTests, org.jfree.chart.plot.junit.FastScatterPlotTests, org.jfree.chart.plot.junit.IntervalMarkerTests, org.jfree.chart.plot.junit.IntervalMarkerTests, org.jfree.chart.plot.junit.MarkerTests, org.jfree.chart.plot.junit.MarkerTests, org.jfree.chart.plot.junit.MeterIntervalTests, org.jfree.chart.plot.junit.MeterIntervalTests, org.jfree.chart.plot.junit.MeterPlotTests, org.jfree.chart.plot.junit.MeterPlotTests, org.jfree.chart.plot.junit.MultiplePiePlotTests, org.jfree.chart.plot.junit.MultiplePiePlotTests, org.jfree.chart.plot.junit.PieLabelRecordTests, org.jfree.chart.plot.junit.PieLabelRecordTests, org.jfree.chart.plot.junit.PiePlot3DTests, org.jfree.chart.plot.junit.PiePlot3DTests, org.jfree.chart.plot.junit.PiePlotTests, org.jfree.chart.plot.junit.PiePlotTests, org.jfree.chart.plot.junit.PlotOrientationTests, org.jfree.chart.plot.junit.PlotOrientationTests, org.jfree.chart.plot.junit.PlotPackageTests, org.jfree.chart.plot.junit.PlotPackageTests, org.jfree.chart.plot.junit.PlotRenderingInfoTests, org.jfree.chart.plot.junit.PlotRenderingInfoTests, org.jfree.chart.plot.junit.PlotTests, org.jfree.chart.plot.junit.PlotTests, org.jfree.chart.plot.junit.PolarPlotTests, org.jfree.chart.plot.junit.PolarPlotTests, org.jfree.chart.plot.junit.RingPlotTests, org.jfree.chart.plot.junit.RingPlotTests, org.jfree.chart.plot.junit.SpiderWebPlotTests, org.jfree.chart.plot.junit.SpiderWebPlotTests, org.jfree.chart.plot.junit.ThermometerPlotTests, org.jfree.chart.plot.junit.ThermometerPlotTests, org.jfree.chart.plot.junit.ValueMarkerTests, org.jfree.chart.plot.junit.ValueMarkerTests, org.jfree.chart.plot.junit.XYPlotTests, org.jfree.chart.plot.junit.XYPlotTests, org.jfree.chart.renderer.category.junit.AbstractCategoryItemRendererTests, org.jfree.chart.renderer.category.junit.AbstractCategoryItemRendererTests, org.jfree.chart.renderer.category.junit.AreaRendererTests, org.jfree.chart.renderer.category.junit.AreaRendererTests, org.jfree.chart.renderer.category.junit.BarRenderer3DTests, org.jfree.chart.renderer.category.junit.BarRenderer3DTests, org.jfree.chart.renderer.category.junit.BarRendererTests, org.jfree.chart.renderer.category.junit.BarRendererTests, org.jfree.chart.renderer.category.junit.BoxAndWhiskerRendererTests, org.jfree.chart.renderer.category.junit.BoxAndWhiskerRendererTests, org.jfree.chart.renderer.category.junit.CategoryStepRendererTests, org.jfree.chart.renderer.category.junit.CategoryStepRendererTests, org.jfree.chart.renderer.category.junit.DefaultCategoryItemRendererTests, org.jfree.chart.renderer.category.junit.DefaultCategoryItemRendererTests, org.jfree.chart.renderer.category.junit.GanttRendererTests, org.jfree.chart.renderer.category.junit.GanttRendererTests, org.jfree.chart.renderer.category.junit.GroupedStackedBarRendererTests, org.jfree.chart.renderer.category.junit.GroupedStackedBarRendererTests, org.jfree.chart.renderer.category.junit.IntervalBarRendererTests, org.jfree.chart.renderer.category.junit.IntervalBarRendererTests, org.jfree.chart.renderer.category.junit.LayeredBarRendererTests, org.jfree.chart.renderer.category.junit.LayeredBarRendererTests, org.jfree.chart.renderer.category.junit.LevelRendererTests, org.jfree.chart.renderer.category.junit.LevelRendererTests, org.jfree.chart.renderer.category.junit.LineAndShapeRendererTests, org.jfree.chart.renderer.category.junit.LineAndShapeRendererTests, org.jfree.chart.renderer.category.junit.LineRenderer3DTests, org.jfree.chart.renderer.category.junit.LineRenderer3DTests, org.jfree.chart.renderer.category.junit.MinMaxCategoryRendererTests, org.jfree.chart.renderer.category.junit.MinMaxCategoryRendererTests, org.jfree.chart.renderer.category.junit.RendererCategoryPackageTests, org.jfree.chart.renderer.category.junit.RendererCategoryPackageTests, org.jfree.chart.renderer.category.junit.ScatterRendererTests, org.jfree.chart.renderer.category.junit.ScatterRendererTests, org.jfree.chart.renderer.category.junit.StackedAreaRendererTests, org.jfree.chart.renderer.category.junit.StackedAreaRendererTests, org.jfree.chart.renderer.category.junit.StackedBarRenderer3DTests, org.jfree.chart.renderer.category.junit.StackedBarRenderer3DTests, org.jfree.chart.renderer.category.junit.StackedBarRendererTests, org.jfree.chart.renderer.category.junit.StackedBarRendererTests, org.jfree.chart.renderer.category.junit.StatisticalBarRendererTests, org.jfree.chart.renderer.category.junit.StatisticalBarRendererTests, org.jfree.chart.renderer.category.junit.StatisticalLineAndShapeRendererTests, org.jfree.chart.renderer.category.junit.StatisticalLineAndShapeRendererTests, org.jfree.chart.renderer.category.junit.WaterfallBarRendererTests, org.jfree.chart.renderer.category.junit.WaterfallBarRendererTests, org.jfree.chart.renderer.junit.AbstractRendererTests, org.jfree.chart.renderer.junit.AbstractRendererTests, org.jfree.chart.renderer.junit.AreaRendererEndTypeTests, org.jfree.chart.renderer.junit.AreaRendererEndTypeTests, org.jfree.chart.renderer.junit.DefaultPolarItemRendererTests, org.jfree.chart.renderer.junit.DefaultPolarItemRendererTests, org.jfree.chart.renderer.junit.GrayPaintScaleTests, org.jfree.chart.renderer.junit.GrayPaintScaleTests, org.jfree.chart.renderer.junit.LookupPaintScaleTests, org.jfree.chart.renderer.junit.LookupPaintScaleTests, org.jfree.chart.renderer.junit.OutlierTests, org.jfree.chart.renderer.junit.OutlierTests, org.jfree.chart.renderer.junit.RendererPackageTests, org.jfree.chart.renderer.junit.RendererPackageTests, org.jfree.chart.renderer.junit.RendererUtilitiesTests, org.jfree.chart.renderer.junit.RendererUtilitiesTests, org.jfree.chart.renderer.xy.junit.AbstractXYItemRendererTests, org.jfree.chart.renderer.xy.junit.AbstractXYItemRendererTests, org.jfree.chart.renderer.xy.junit.CandlestickRendererTests, org.jfree.chart.renderer.xy.junit.CandlestickRendererTests, org.jfree.chart.renderer.xy.junit.ClusteredXYBarRendererTests, org.jfree.chart.renderer.xy.junit.ClusteredXYBarRendererTests, org.jfree.chart.renderer.xy.junit.DeviationRendererTests, org.jfree.chart.renderer.xy.junit.DeviationRendererTests, org.jfree.chart.renderer.xy.junit.HighLowRendererTests, org.jfree.chart.renderer.xy.junit.HighLowRendererTests, org.jfree.chart.renderer.xy.junit.RendererXYPackageTests, org.jfree.chart.renderer.xy.junit.RendererXYPackageTests, org.jfree.chart.renderer.xy.junit.StackedXYAreaRenderer2Tests, org.jfree.chart.renderer.xy.junit.StackedXYAreaRenderer2Tests, org.jfree.chart.renderer.xy.junit.StackedXYAreaRendererTests, org.jfree.chart.renderer.xy.junit.StackedXYAreaRendererTests, org.jfree.chart.renderer.xy.junit.StackedXYBarRendererTests, org.jfree.chart.renderer.xy.junit.StackedXYBarRendererTests, org.jfree.chart.renderer.xy.junit.StandardXYItemRendererTests, org.jfree.chart.renderer.xy.junit.StandardXYItemRendererTests, org.jfree.chart.renderer.xy.junit.VectorRendererTests, org.jfree.chart.renderer.xy.junit.VectorRendererTests, org.jfree.chart.renderer.xy.junit.WindItemRendererTests, org.jfree.chart.renderer.xy.junit.WindItemRendererTests, org.jfree.chart.renderer.xy.junit.XYAreaRenderer2Tests, org.jfree.chart.renderer.xy.junit.XYAreaRenderer2Tests, org.jfree.chart.renderer.xy.junit.XYAreaRendererTests, org.jfree.chart.renderer.xy.junit.XYAreaRendererTests, org.jfree.chart.renderer.xy.junit.XYBarRendererTests, org.jfree.chart.renderer.xy.junit.XYBarRendererTests, org.jfree.chart.renderer.xy.junit.XYBlockRendererTests, org.jfree.chart.renderer.xy.junit.XYBlockRendererTests, org.jfree.chart.renderer.xy.junit.XYBoxAndWhiskerRendererTests, org.jfree.chart.renderer.xy.junit.XYBoxAndWhiskerRendererTests, org.jfree.chart.renderer.xy.junit.XYBubbleRendererTests, org.jfree.chart.renderer.xy.junit.XYBubbleRendererTests, org.jfree.chart.renderer.xy.junit.XYDifferenceRendererTests, org.jfree.chart.renderer.xy.junit.XYDifferenceRendererTests, org.jfree.chart.renderer.xy.junit.XYDotRendererTests, org.jfree.chart.renderer.xy.junit.XYDotRendererTests, org.jfree.chart.renderer.xy.junit.XYErrorRendererTests, org.jfree.chart.renderer.xy.junit.XYErrorRendererTests, org.jfree.chart.renderer.xy.junit.XYLine3DRendererTests, org.jfree.chart.renderer.xy.junit.XYLine3DRendererTests, org.jfree.chart.renderer.xy.junit.XYLineAndShapeRendererTests, org.jfree.chart.renderer.xy.junit.XYLineAndShapeRendererTests, org.jfree.chart.renderer.xy.junit.XYSplineAndShapeRendererTests, org.jfree.chart.renderer.xy.junit.XYSplineAndShapeRendererTests, org.jfree.chart.renderer.xy.junit.XYStepAreaRendererTests, org.jfree.chart.renderer.xy.junit.XYStepAreaRendererTests, org.jfree.chart.renderer.xy.junit.XYStepRendererTests, org.jfree.chart.renderer.xy.junit.XYStepRendererTests, org.jfree.chart.renderer.xy.junit.YIntervalRendererTests, org.jfree.chart.renderer.xy.junit.YIntervalRendererTests, org.jfree.chart.title.junit.CompositeTitleTests, org.jfree.chart.title.junit.CompositeTitleTests, org.jfree.chart.title.junit.DateTitleTests, org.jfree.chart.title.junit.DateTitleTests, org.jfree.chart.title.junit.ImageTitleTests, org.jfree.chart.title.junit.ImageTitleTests, org.jfree.chart.title.junit.LegendGraphicTests, org.jfree.chart.title.junit.LegendGraphicTests, org.jfree.chart.title.junit.LegendTitleTests, org.jfree.chart.title.junit.LegendTitleTests, org.jfree.chart.title.junit.PaintScaleLegendTests, org.jfree.chart.title.junit.PaintScaleLegendTests, org.jfree.chart.title.junit.TextTitleTests, org.jfree.chart.title.junit.TextTitleTests, org.jfree.chart.title.junit.TitlePackageTests, org.jfree.chart.title.junit.TitlePackageTests, org.jfree.chart.title.junit.TitleTests, org.jfree.chart.title.junit.TitleTests, org.jfree.chart.urls.junit.CustomPieURLGeneratorTests, org.jfree.chart.urls.junit.CustomPieURLGeneratorTests, org.jfree.chart.urls.junit.CustomXYURLGeneratorTests, org.jfree.chart.urls.junit.CustomXYURLGeneratorTests, org.jfree.chart.urls.junit.StandardCategoryURLGeneratorTests, org.jfree.chart.urls.junit.StandardCategoryURLGeneratorTests, org.jfree.chart.urls.junit.StandardPieURLGeneratorTests, org.jfree.chart.urls.junit.StandardPieURLGeneratorTests, org.jfree.chart.urls.junit.StandardXYURLGeneratorTests, org.jfree.chart.urls.junit.StandardXYURLGeneratorTests, org.jfree.chart.urls.junit.TimeSeriesURLGeneratorTests, org.jfree.chart.urls.junit.TimeSeriesURLGeneratorTests, org.jfree.chart.urls.junit.UrlsPackageTests, org.jfree.chart.urls.junit.UrlsPackageTests, org.jfree.chart.util.junit.BooleanListTests, org.jfree.chart.util.junit.BooleanListTests, org.jfree.chart.util.junit.HashUtilitiesTests, org.jfree.chart.util.junit.HashUtilitiesTests, org.jfree.chart.util.junit.LogFormatTests, org.jfree.chart.util.junit.LogFormatTests, org.jfree.chart.util.junit.PaintListTests, org.jfree.chart.util.junit.PaintListTests, org.jfree.chart.util.junit.RelativeDateFormatTests, org.jfree.chart.util.junit.RelativeDateFormatTests, org.jfree.chart.util.junit.ShapeUtilitiesTests, org.jfree.chart.util.junit.ShapeUtilitiesTests, org.jfree.chart.util.junit.StrokeListTests, org.jfree.chart.util.junit.StrokeListTests, org.jfree.chart.util.junit.UtilPackageTests, org.jfree.chart.util.junit.UtilPackageTests, org.jfree.data.category.junit.CategoryToPieDatasetTests, org.jfree.data.category.junit.CategoryToPieDatasetTests, org.jfree.data.category.junit.DataCategoryPackageTests, org.jfree.data.category.junit.DataCategoryPackageTests, org.jfree.data.category.junit.DefaultCategoryDatasetTests, org.jfree.data.category.junit.DefaultCategoryDatasetTests, org.jfree.data.category.junit.DefaultIntervalCategoryDatasetTests, org.jfree.data.category.junit.DefaultIntervalCategoryDatasetTests, org.jfree.data.gantt.junit.DataGanttPackageTests, org.jfree.data.gantt.junit.DataGanttPackageTests, org.jfree.data.gantt.junit.TaskSeriesCollectionTests, org.jfree.data.gantt.junit.TaskSeriesCollectionTests, org.jfree.data.gantt.junit.TaskSeriesTests, org.jfree.data.gantt.junit.TaskSeriesTests, org.jfree.data.gantt.junit.TaskTests, org.jfree.data.gantt.junit.TaskTests, org.jfree.data.general.junit.DataGeneralPackageTests, org.jfree.data.general.junit.DataGeneralPackageTests, org.jfree.data.general.junit.DatasetGroupTests, org.jfree.data.general.junit.DatasetGroupTests, org.jfree.data.general.junit.DatasetUtilitiesTests, org.jfree.data.general.junit.DatasetUtilitiesTests, org.jfree.data.general.junit.DefaultKeyedValueDatasetTests, org.jfree.data.general.junit.DefaultKeyedValueDatasetTests, org.jfree.data.general.junit.DefaultKeyedValues2DDatasetTests, org.jfree.data.general.junit.DefaultKeyedValues2DDatasetTests, org.jfree.data.general.junit.DefaultKeyedValuesDatasetTests, org.jfree.data.general.junit.DefaultKeyedValuesDatasetTests, org.jfree.data.general.junit.DefaultPieDatasetTests, org.jfree.data.general.junit.DefaultPieDatasetTests, org.jfree.data.junit.ComparableObjectItemTests, org.jfree.data.junit.ComparableObjectItemTests, org.jfree.data.junit.ComparableObjectSeriesTests, org.jfree.data.junit.ComparableObjectSeriesTests, org.jfree.data.junit.DataPackageTests, org.jfree.data.junit.DataPackageTests, org.jfree.data.junit.DataUtilitiesTests, org.jfree.data.junit.DataUtilitiesTests, org.jfree.data.junit.DefaultKeyedValueTests, org.jfree.data.junit.DefaultKeyedValueTests, org.jfree.data.junit.DefaultKeyedValues2DTests, org.jfree.data.junit.DefaultKeyedValues2DTests, org.jfree.data.junit.DefaultKeyedValuesTests, org.jfree.data.junit.DefaultKeyedValuesTests, org.jfree.data.junit.DomainOrderTests, org.jfree.data.junit.DomainOrderTests, org.jfree.data.junit.KeyToGroupMapTests, org.jfree.data.junit.KeyToGroupMapTests, org.jfree.data.junit.KeyedObjectTests, org.jfree.data.junit.KeyedObjectTests, org.jfree.data.junit.KeyedObjects2DTests, org.jfree.data.junit.KeyedObjects2DTests, org.jfree.data.junit.KeyedObjectsTests, org.jfree.data.junit.KeyedObjectsTests, org.jfree.data.junit.RangeTests, org.jfree.data.junit.RangeTests, org.jfree.data.junit.RangeTypeTests, org.jfree.data.junit.RangeTypeTests, org.jfree.data.statistics.junit.BoxAndWhiskerCalculatorTests, org.jfree.data.statistics.junit.BoxAndWhiskerCalculatorTests, org.jfree.data.statistics.junit.BoxAndWhiskerItemTests, org.jfree.data.statistics.junit.BoxAndWhiskerItemTests, org.jfree.data.statistics.junit.DataStatisticsPackageTests, org.jfree.data.statistics.junit.DataStatisticsPackageTests, org.jfree.data.statistics.junit.DefaultBoxAndWhiskerCategoryDatasetTests, org.jfree.data.statistics.junit.DefaultBoxAndWhiskerCategoryDatasetTests, org.jfree.data.statistics.junit.DefaultMultiValueCategoryDatasetTests, org.jfree.data.statistics.junit.DefaultMultiValueCategoryDatasetTests, org.jfree.data.statistics.junit.DefaultStatisticalCategoryDatasetTests, org.jfree.data.statistics.junit.DefaultStatisticalCategoryDatasetTests, org.jfree.data.statistics.junit.HistogramBinTests, org.jfree.data.statistics.junit.HistogramBinTests, org.jfree.data.statistics.junit.HistogramDatasetTests, org.jfree.data.statistics.junit.HistogramDatasetTests, org.jfree.data.statistics.junit.MeanAndStandardDeviationTests, org.jfree.data.statistics.junit.MeanAndStandardDeviationTests, org.jfree.data.statistics.junit.RegressionTests, org.jfree.data.statistics.junit.RegressionTests, org.jfree.data.statistics.junit.SimpleHistogramBinTests, org.jfree.data.statistics.junit.SimpleHistogramBinTests, org.jfree.data.statistics.junit.SimpleHistogramDatasetTests, org.jfree.data.statistics.junit.SimpleHistogramDatasetTests, org.jfree.data.statistics.junit.StatisticsTests, org.jfree.data.statistics.junit.StatisticsTests, org.jfree.data.time.junit.DataTimePackageTests, org.jfree.data.time.junit.DataTimePackageTests, org.jfree.data.time.junit.DateRangeTests, org.jfree.data.time.junit.DateRangeTests, org.jfree.data.time.junit.DayTests, org.jfree.data.time.junit.DayTests, org.jfree.data.time.junit.FixedMillisecondTests, org.jfree.data.time.junit.FixedMillisecondTests, org.jfree.data.time.junit.HourTests, org.jfree.data.time.junit.HourTests, org.jfree.data.time.junit.MillisecondTests, org.jfree.data.time.junit.MillisecondTests, org.jfree.data.time.junit.MinuteTests, org.jfree.data.time.junit.MinuteTests, org.jfree.data.time.junit.MonthTests, org.jfree.data.time.junit.MonthTests, org.jfree.data.time.junit.MovingAverageTests, org.jfree.data.time.junit.MovingAverageTests, org.jfree.data.time.junit.QuarterTests, org.jfree.data.time.junit.QuarterTests, org.jfree.data.time.junit.SecondTests, org.jfree.data.time.junit.SecondTests, org.jfree.data.time.junit.SimpleTimePeriodTests, org.jfree.data.time.junit.SimpleTimePeriodTests, org.jfree.data.time.junit.TimePeriodAnchorTests, org.jfree.data.time.junit.TimePeriodAnchorTests, org.jfree.data.time.junit.TimePeriodValueTests, org.jfree.data.time.junit.TimePeriodValueTests, org.jfree.data.time.junit.TimePeriodValuesCollectionTests, org.jfree.data.time.junit.TimePeriodValuesCollectionTests, org.jfree.data.time.junit.TimePeriodValuesTests, org.jfree.data.time.junit.TimePeriodValuesTests, org.jfree.data.time.junit.TimeSeriesCollectionTests, org.jfree.data.time.junit.TimeSeriesCollectionTests, org.jfree.data.time.junit.TimeSeriesDataItemTests, org.jfree.data.time.junit.TimeSeriesDataItemTests, org.jfree.data.time.junit.TimeSeriesTests, org.jfree.data.time.junit.TimeSeriesTests, org.jfree.data.time.junit.TimeTableXYDatasetTests, org.jfree.data.time.junit.TimeTableXYDatasetTests, org.jfree.data.time.junit.WeekTests, org.jfree.data.time.junit.WeekTests, org.jfree.data.time.junit.YearTests, org.jfree.data.time.junit.YearTests, org.jfree.data.time.ohlc.junit.OHLCItemTests, org.jfree.data.time.ohlc.junit.OHLCItemTests, org.jfree.data.time.ohlc.junit.OHLCPackageTests, org.jfree.data.time.ohlc.junit.OHLCPackageTests, org.jfree.data.time.ohlc.junit.OHLCSeriesCollectionTests, org.jfree.data.time.ohlc.junit.OHLCSeriesCollectionTests, org.jfree.data.time.ohlc.junit.OHLCSeriesTests, org.jfree.data.time.ohlc.junit.OHLCSeriesTests, org.jfree.data.time.ohlc.junit.OHLCTests, org.jfree.data.time.ohlc.junit.OHLCTests, org.jfree.data.xy.junit.CategoryTableXYDatasetTests, org.jfree.data.xy.junit.CategoryTableXYDatasetTests, org.jfree.data.xy.junit.DataXYPackageTests, org.jfree.data.xy.junit.DataXYPackageTests, org.jfree.data.xy.junit.DefaultHighLowDatasetTests, org.jfree.data.xy.junit.DefaultHighLowDatasetTests, org.jfree.data.xy.junit.DefaultIntervalXYDatasetTests, org.jfree.data.xy.junit.DefaultIntervalXYDatasetTests, org.jfree.data.xy.junit.DefaultOHLCDatasetTests, org.jfree.data.xy.junit.DefaultOHLCDatasetTests, org.jfree.data.xy.junit.DefaultTableXYDatasetTests, org.jfree.data.xy.junit.DefaultTableXYDatasetTests, org.jfree.data.xy.junit.DefaultWindDatasetTests, org.jfree.data.xy.junit.DefaultWindDatasetTests, org.jfree.data.xy.junit.DefaultXYDatasetTests, org.jfree.data.xy.junit.DefaultXYDatasetTests, org.jfree.data.xy.junit.DefaultXYZDatasetTests, org.jfree.data.xy.junit.DefaultXYZDatasetTests, org.jfree.data.xy.junit.IntervalXYDelegateTests, org.jfree.data.xy.junit.IntervalXYDelegateTests, org.jfree.data.xy.junit.MatrixSeriesCollectionTests, org.jfree.data.xy.junit.MatrixSeriesCollectionTests, org.jfree.data.xy.junit.MatrixSeriesTests, org.jfree.data.xy.junit.MatrixSeriesTests, org.jfree.data.xy.junit.OHLCDataItemTests, org.jfree.data.xy.junit.OHLCDataItemTests, org.jfree.data.xy.junit.TableXYDatasetTests, org.jfree.data.xy.junit.TableXYDatasetTests, org.jfree.data.xy.junit.VectorDataItemTests, org.jfree.data.xy.junit.VectorDataItemTests, org.jfree.data.xy.junit.VectorSeriesCollectionTests, org.jfree.data.xy.junit.VectorSeriesCollectionTests, org.jfree.data.xy.junit.VectorSeriesTests, org.jfree.data.xy.junit.VectorSeriesTests, org.jfree.data.xy.junit.VectorTests, org.jfree.data.xy.junit.VectorTests, org.jfree.data.xy.junit.XIntervalDataItemTests, org.jfree.data.xy.junit.XIntervalDataItemTests, org.jfree.data.xy.junit.XIntervalSeriesCollectionTests, org.jfree.data.xy.junit.XIntervalSeriesCollectionTests, org.jfree.data.xy.junit.XIntervalSeriesTests, org.jfree.data.xy.junit.XIntervalSeriesTests, org.jfree.data.xy.junit.XYBarDatasetTests, org.jfree.data.xy.junit.XYBarDatasetTests, org.jfree.data.xy.junit.XYCoordinateTests, org.jfree.data.xy.junit.XYCoordinateTests, org.jfree.data.xy.junit.XYDataItemTests, org.jfree.data.xy.junit.XYDataItemTests, org.jfree.data.xy.junit.XYIntervalDataItemTests, org.jfree.data.xy.junit.XYIntervalDataItemTests, org.jfree.data.xy.junit.XYIntervalSeriesCollectionTests, org.jfree.data.xy.junit.XYIntervalSeriesCollectionTests, org.jfree.data.xy.junit.XYIntervalSeriesTests, org.jfree.data.xy.junit.XYIntervalSeriesTests, org.jfree.data.xy.junit.XYIntervalTests, org.jfree.data.xy.junit.XYIntervalTests, org.jfree.data.xy.junit.XYSeriesCollectionTests, org.jfree.data.xy.junit.XYSeriesCollectionTests, org.jfree.data.xy.junit.XYSeriesTests, org.jfree.data.xy.junit.XYSeriesTests, org.jfree.data.xy.junit.YIntervalDataItemTests, org.jfree.data.xy.junit.YIntervalDataItemTests, org.jfree.data.xy.junit.YIntervalSeriesCollectionTests, org.jfree.data.xy.junit.YIntervalSeriesCollectionTests, org.jfree.data.xy.junit.YIntervalSeriesTests, org.jfree.data.xy.junit.YIntervalSeriesTests, org.jfree.data.xy.junit.YIntervalTests, org.jfree.data.xy.junit.YIntervalTests, org.jfree.data.xy.junit.YWithXIntervalTests, org.jfree.data.xy.junit.YWithXIntervalTests]
16:19:01.157 [main] INFO  fr.inria.lille.repair.nopol.NoPol - Config: Config{synthesisDepth=3, collectStaticMethods=true, collectStaticFields=false, collectLiterals=false, onlyOneSynthesisResult=true, sortExpressions=true, maxLineInvocationPerTest=250, timeoutMethodInvocation=2000, dataCollectionTimeoutInSecondForSynthesis=900, addWeight=0.19478, subWeight=0.04554, mulWeight=0.0102, divWeight=0.00613, andWeight=0.10597, orWeight=0.05708, eqWeight=0.22798, nEqWeight=0.0, lessEqWeight=0.0255, lessWeight=0.0947, methodCallWeight=0.1, fieldAccessWeight=0.08099, constantWeight=0.14232, variableWeight=0.05195, mode=REPAIR, type=PRE_THEN_COND, synthesis=DYNAMOTH, oracle=ANGELIC, solver=Z3, solverPath='/home/tdurieux/defects4j4repair/script/../libs/z3/build/z3', projectSources=[source], projectClasspath='[Ljava.net.URL;@2ff4f00f', projectTests=[org.jfree.chart.annotations.junit.AnnotationsPackageTests, org.jfree.chart.annotations.junit.AnnotationsPackageTests, org.jfree.chart.annotations.junit.CategoryLineAnnotationTests, org.jfree.chart.annotations.junit.CategoryLineAnnotationTests, org.jfree.chart.annotations.junit.CategoryPointerAnnotationTests, org.jfree.chart.annotations.junit.CategoryPointerAnnotationTests, org.jfree.chart.annotations.junit.CategoryTextAnnotationTests, org.jfree.chart.annotations.junit.CategoryTextAnnotationTests, org.jfree.chart.annotations.junit.TextAnnotationTests, org.jfree.chart.annotations.junit.TextAnnotationTests, org.jfree.chart.annotations.junit.XYBoxAnnotationTests, org.jfree.chart.annotations.junit.XYBoxAnnotationTests, org.jfree.chart.annotations.junit.XYDrawableAnnotationTests, org.jfree.chart.annotations.junit.XYDrawableAnnotationTests, org.jfree.chart.annotations.junit.XYImageAnnotationTests, org.jfree.chart.annotations.junit.XYImageAnnotationTests, org.jfree.chart.annotations.junit.XYLineAnnotationTests, org.jfree.chart.annotations.junit.XYLineAnnotationTests, org.jfree.chart.annotations.junit.XYPointerAnnotationTests, org.jfree.chart.annotations.junit.XYPointerAnnotationTests, org.jfree.chart.annotations.junit.XYPolygonAnnotationTests, org.jfree.chart.annotations.junit.XYPolygonAnnotationTests, org.jfree.chart.annotations.junit.XYShapeAnnotationTests, org.jfree.chart.annotations.junit.XYShapeAnnotationTests, org.jfree.chart.annotations.junit.XYTextAnnotationTests, org.jfree.chart.annotations.junit.XYTextAnnotationTests, org.jfree.chart.axis.junit.AxisLocationTests, org.jfree.chart.axis.junit.AxisLocationTests, org.jfree.chart.axis.junit.AxisPackageTests, org.jfree.chart.axis.junit.AxisPackageTests, org.jfree.chart.axis.junit.AxisSpaceTests, org.jfree.chart.axis.junit.AxisSpaceTests, org.jfree.chart.axis.junit.AxisTests, org.jfree.chart.axis.junit.AxisTests, org.jfree.chart.axis.junit.CategoryAnchorTests, org.jfree.chart.axis.junit.CategoryAnchorTests, org.jfree.chart.axis.junit.CategoryAxis3DTests, org.jfree.chart.axis.junit.CategoryAxis3DTests, org.jfree.chart.axis.junit.CategoryAxisTests, org.jfree.chart.axis.junit.CategoryAxisTests, org.jfree.chart.axis.junit.CategoryLabelPositionTests, org.jfree.chart.axis.junit.CategoryLabelPositionTests, org.jfree.chart.axis.junit.CategoryLabelPositionsTests, org.jfree.chart.axis.junit.CategoryLabelPositionsTests, org.jfree.chart.axis.junit.CategoryLabelWidthTypeTests, org.jfree.chart.axis.junit.CategoryLabelWidthTypeTests, org.jfree.chart.axis.junit.CategoryTickTests, org.jfree.chart.axis.junit.CategoryTickTests, org.jfree.chart.axis.junit.CyclicNumberAxisTests, org.jfree.chart.axis.junit.CyclicNumberAxisTests, org.jfree.chart.axis.junit.DateAxisTests, org.jfree.chart.axis.junit.DateAxisTests, org.jfree.chart.axis.junit.DateTickMarkPositionTests, org.jfree.chart.axis.junit.DateTickMarkPositionTests, org.jfree.chart.axis.junit.DateTickTests, org.jfree.chart.axis.junit.DateTickTests, org.jfree.chart.axis.junit.DateTickUnitTests, org.jfree.chart.axis.junit.DateTickUnitTests, org.jfree.chart.axis.junit.ExtendedCategoryAxisTests, org.jfree.chart.axis.junit.ExtendedCategoryAxisTests, org.jfree.chart.axis.junit.LogAxisTests, org.jfree.chart.axis.junit.LogAxisTests, org.jfree.chart.axis.junit.LogarithmicAxisTests, org.jfree.chart.axis.junit.LogarithmicAxisTests, org.jfree.chart.axis.junit.MarkerAxisBandTests, org.jfree.chart.axis.junit.MarkerAxisBandTests, org.jfree.chart.axis.junit.MonthDateFormatTests, org.jfree.chart.axis.junit.MonthDateFormatTests, org.jfree.chart.axis.junit.NumberAxis3DTests, org.jfree.chart.axis.junit.NumberAxis3DTests, org.jfree.chart.axis.junit.NumberAxisTests, org.jfree.chart.axis.junit.NumberAxisTests, org.jfree.chart.axis.junit.NumberTickUnitTests, org.jfree.chart.axis.junit.NumberTickUnitTests, org.jfree.chart.axis.junit.PeriodAxisLabelInfoTests, org.jfree.chart.axis.junit.PeriodAxisLabelInfoTests, org.jfree.chart.axis.junit.PeriodAxisTests, org.jfree.chart.axis.junit.PeriodAxisTests, org.jfree.chart.axis.junit.QuarterDateFormatTests, org.jfree.chart.axis.junit.QuarterDateFormatTests, org.jfree.chart.axis.junit.SegmentedTimelineTests, org.jfree.chart.axis.junit.SegmentedTimelineTests, org.jfree.chart.axis.junit.SegmentedTimelineTests2, org.jfree.chart.axis.junit.SegmentedTimelineTests2, org.jfree.chart.axis.junit.StandardTickUnitSourceTests, org.jfree.chart.axis.junit.StandardTickUnitSourceTests, org.jfree.chart.axis.junit.SubCategoryAxisTests, org.jfree.chart.axis.junit.SubCategoryAxisTests, org.jfree.chart.axis.junit.SymbolAxisTests, org.jfree.chart.axis.junit.SymbolAxisTests, org.jfree.chart.axis.junit.TickUnitsTests, org.jfree.chart.axis.junit.TickUnitsTests, org.jfree.chart.axis.junit.ValueAxisTests, org.jfree.chart.axis.junit.ValueAxisTests, org.jfree.chart.block.junit.AbstractBlockTests, org.jfree.chart.block.junit.AbstractBlockTests, org.jfree.chart.block.junit.BlockBorderTests, org.jfree.chart.block.junit.BlockBorderTests, org.jfree.chart.block.junit.BlockContainerTests, org.jfree.chart.block.junit.BlockContainerTests, org.jfree.chart.block.junit.BlockPackageTests, org.jfree.chart.block.junit.BlockPackageTests, org.jfree.chart.block.junit.BorderArrangementTests, org.jfree.chart.block.junit.BorderArrangementTests, org.jfree.chart.block.junit.ColorBlockTests, org.jfree.chart.block.junit.ColorBlockTests, org.jfree.chart.block.junit.ColumnArrangementTests, org.jfree.chart.block.junit.ColumnArrangementTests, org.jfree.chart.block.junit.EmptyBlockTests, org.jfree.chart.block.junit.EmptyBlockTests, org.jfree.chart.block.junit.FlowArrangementTests, org.jfree.chart.block.junit.FlowArrangementTests, org.jfree.chart.block.junit.GridArrangementTests, org.jfree.chart.block.junit.GridArrangementTests, org.jfree.chart.block.junit.LabelBlockTests, org.jfree.chart.block.junit.LabelBlockTests, org.jfree.chart.block.junit.LineBorderTests, org.jfree.chart.block.junit.LineBorderTests, org.jfree.chart.block.junit.RectangleConstraintTests, org.jfree.chart.block.junit.RectangleConstraintTests, org.jfree.chart.entity.junit.CategoryItemEntityTests, org.jfree.chart.entity.junit.CategoryItemEntityTests, org.jfree.chart.entity.junit.EntityPackageTests, org.jfree.chart.entity.junit.EntityPackageTests, org.jfree.chart.entity.junit.LegendItemEntityTests, org.jfree.chart.entity.junit.LegendItemEntityTests, org.jfree.chart.entity.junit.PieSectionEntityTests, org.jfree.chart.entity.junit.PieSectionEntityTests, org.jfree.chart.entity.junit.StandardEntityCollectionTests, org.jfree.chart.entity.junit.StandardEntityCollectionTests, org.jfree.chart.entity.junit.TickLabelEntityTests, org.jfree.chart.entity.junit.TickLabelEntityTests, org.jfree.chart.entity.junit.XYItemEntityTests, org.jfree.chart.entity.junit.XYItemEntityTests, org.jfree.chart.imagemap.junit.ImageMapPackageTests, org.jfree.chart.imagemap.junit.ImageMapPackageTests, org.jfree.chart.imagemap.junit.StandardToolTipTagFragmentGeneratorTests, org.jfree.chart.imagemap.junit.StandardToolTipTagFragmentGeneratorTests, org.jfree.chart.imagemap.junit.StandardURLTagFragmentGeneratorTests, org.jfree.chart.imagemap.junit.StandardURLTagFragmentGeneratorTests, org.jfree.chart.junit.AreaChartTests, org.jfree.chart.junit.AreaChartTests, org.jfree.chart.junit.BarChart3DTests, org.jfree.chart.junit.BarChart3DTests, org.jfree.chart.junit.BarChartTests, org.jfree.chart.junit.BarChartTests, org.jfree.chart.junit.ChartPackageTests, org.jfree.chart.junit.ChartPackageTests, org.jfree.chart.junit.ChartPanelTests, org.jfree.chart.junit.ChartPanelTests, org.jfree.chart.junit.ChartRenderingInfoTests, org.jfree.chart.junit.ChartRenderingInfoTests, org.jfree.chart.junit.GanttChartTests, org.jfree.chart.junit.GanttChartTests, org.jfree.chart.junit.JFreeChartTests, org.jfree.chart.junit.JFreeChartTests, org.jfree.chart.junit.LegendItemCollectionTests, org.jfree.chart.junit.LegendItemCollectionTests, org.jfree.chart.junit.LegendItemTests, org.jfree.chart.junit.LegendItemTests, org.jfree.chart.junit.LineChart3DTests, org.jfree.chart.junit.LineChart3DTests, org.jfree.chart.junit.LineChartTests, org.jfree.chart.junit.LineChartTests, org.jfree.chart.junit.MeterChartTests, org.jfree.chart.junit.MeterChartTests, org.jfree.chart.junit.PaintMapTests, org.jfree.chart.junit.PaintMapTests, org.jfree.chart.junit.PieChart3DTests, org.jfree.chart.junit.PieChart3DTests, org.jfree.chart.junit.PieChartTests, org.jfree.chart.junit.PieChartTests, org.jfree.chart.junit.ScatterPlotTests, org.jfree.chart.junit.ScatterPlotTests, org.jfree.chart.junit.StackedAreaChartTests, org.jfree.chart.junit.StackedAreaChartTests, org.jfree.chart.junit.StackedBarChart3DTests, org.jfree.chart.junit.StackedBarChart3DTests, org.jfree.chart.junit.StackedBarChartTests, org.jfree.chart.junit.StackedBarChartTests, org.jfree.chart.junit.StrokeMapTests, org.jfree.chart.junit.StrokeMapTests, org.jfree.chart.junit.TimeSeriesChartTests, org.jfree.chart.junit.TimeSeriesChartTests, org.jfree.chart.junit.WaterfallChartTests, org.jfree.chart.junit.WaterfallChartTests, org.jfree.chart.junit.XYAreaChartTests, org.jfree.chart.junit.XYAreaChartTests, org.jfree.chart.junit.XYBarChartTests, org.jfree.chart.junit.XYBarChartTests, org.jfree.chart.junit.XYLineChartTests, org.jfree.chart.junit.XYLineChartTests, org.jfree.chart.junit.XYStepAreaChartTests, org.jfree.chart.junit.XYStepAreaChartTests, org.jfree.chart.junit.XYStepChartTests, org.jfree.chart.junit.XYStepChartTests, org.jfree.chart.labels.junit.BoxAndWhiskerToolTipGeneratorTests, org.jfree.chart.labels.junit.BoxAndWhiskerToolTipGeneratorTests, org.jfree.chart.labels.junit.BoxAndWhiskerXYToolTipGeneratorTests, org.jfree.chart.labels.junit.BoxAndWhiskerXYToolTipGeneratorTests, org.jfree.chart.labels.junit.BubbleXYItemLabelGeneratorTests, org.jfree.chart.labels.junit.BubbleXYItemLabelGeneratorTests, org.jfree.chart.labels.junit.CustomXYItemLabelGeneratorTests, org.jfree.chart.labels.junit.CustomXYItemLabelGeneratorTests, org.jfree.chart.labels.junit.HighLowItemLabelGeneratorTests, org.jfree.chart.labels.junit.HighLowItemLabelGeneratorTests, org.jfree.chart.labels.junit.IntervalCategoryLabelGeneratorTests, org.jfree.chart.labels.junit.IntervalCategoryLabelGeneratorTests, org.jfree.chart.labels.junit.ItemLabelAnchorTests, org.jfree.chart.labels.junit.ItemLabelAnchorTests, org.jfree.chart.labels.junit.ItemLabelPositionTests, org.jfree.chart.labels.junit.ItemLabelPositionTests, org.jfree.chart.labels.junit.LabelsPackageTests, org.jfree.chart.labels.junit.LabelsPackageTests, org.jfree.chart.labels.junit.MultipleXYSeriesLabelGeneratorTests, org.jfree.chart.labels.junit.MultipleXYSeriesLabelGeneratorTests, org.jfree.chart.labels.junit.StandardCategoryItemLabelGeneratorTests, org.jfree.chart.labels.junit.StandardCategoryItemLabelGeneratorTests, org.jfree.chart.labels.junit.StandardCategorySeriesLabelGeneratorTests, org.jfree.chart.labels.junit.StandardCategorySeriesLabelGeneratorTests, org.jfree.chart.labels.junit.StandardCategoryToolTipGeneratorTests, org.jfree.chart.labels.junit.StandardCategoryToolTipGeneratorTests, org.jfree.chart.labels.junit.StandardPieSectionLabelGeneratorTests, org.jfree.chart.labels.junit.StandardPieSectionLabelGeneratorTests, org.jfree.chart.labels.junit.StandardPieToolTipGeneratorTests, org.jfree.chart.labels.junit.StandardPieToolTipGeneratorTests, org.jfree.chart.labels.junit.StandardXYItemLabelGeneratorTests, org.jfree.chart.labels.junit.StandardXYItemLabelGeneratorTests, org.jfree.chart.labels.junit.StandardXYSeriesLabelGeneratorTests, org.jfree.chart.labels.junit.StandardXYSeriesLabelGeneratorTests, org.jfree.chart.labels.junit.StandardXYToolTipGeneratorTests, org.jfree.chart.labels.junit.StandardXYToolTipGeneratorTests, org.jfree.chart.labels.junit.StandardXYZToolTipGeneratorTests, org.jfree.chart.labels.junit.StandardXYZToolTipGeneratorTests, org.jfree.chart.labels.junit.SymbolicXYItemLabelGeneratorTests, org.jfree.chart.labels.junit.SymbolicXYItemLabelGeneratorTests, org.jfree.chart.needle.junit.ArrowNeedleTests, org.jfree.chart.needle.junit.ArrowNeedleTests, org.jfree.chart.needle.junit.LineNeedleTests, org.jfree.chart.needle.junit.LineNeedleTests, org.jfree.chart.needle.junit.LongNeedleTests, org.jfree.chart.needle.junit.LongNeedleTests, org.jfree.chart.needle.junit.MeterNeedleTests, org.jfree.chart.needle.junit.MeterNeedleTests, org.jfree.chart.needle.junit.MiddlePinNeedleTests, org.jfree.chart.needle.junit.MiddlePinNeedleTests, org.jfree.chart.needle.junit.NeedlePackageTests, org.jfree.chart.needle.junit.NeedlePackageTests, org.jfree.chart.needle.junit.PinNeedleTests, org.jfree.chart.needle.junit.PinNeedleTests, org.jfree.chart.needle.junit.PlumNeedleTests, org.jfree.chart.needle.junit.PlumNeedleTests, org.jfree.chart.needle.junit.PointerNeedleTests, org.jfree.chart.needle.junit.PointerNeedleTests, org.jfree.chart.needle.junit.ShipNeedleTests, org.jfree.chart.needle.junit.ShipNeedleTests, org.jfree.chart.needle.junit.WindNeedleTests, org.jfree.chart.needle.junit.WindNeedleTests, org.jfree.chart.plot.dial.junit.AbstractDialLayerTests, org.jfree.chart.plot.dial.junit.AbstractDialLayerTests, org.jfree.chart.plot.dial.junit.ArcDialFrameTests, org.jfree.chart.plot.dial.junit.ArcDialFrameTests, org.jfree.chart.plot.dial.junit.DialBackgroundTests, org.jfree.chart.plot.dial.junit.DialBackgroundTests, org.jfree.chart.plot.dial.junit.DialCapTests, org.jfree.chart.plot.dial.junit.DialCapTests, org.jfree.chart.plot.dial.junit.DialPackageTests, org.jfree.chart.plot.dial.junit.DialPackageTests, org.jfree.chart.plot.dial.junit.DialPlotTests, org.jfree.chart.plot.dial.junit.DialPlotTests, org.jfree.chart.plot.dial.junit.DialPointerTests, org.jfree.chart.plot.dial.junit.DialPointerTests, org.jfree.chart.plot.dial.junit.DialTextAnnotationTests, org.jfree.chart.plot.dial.junit.DialTextAnnotationTests, org.jfree.chart.plot.dial.junit.DialValueIndicatorTests, org.jfree.chart.plot.dial.junit.DialValueIndicatorTests, org.jfree.chart.plot.dial.junit.StandardDialFrameTests, org.jfree.chart.plot.dial.junit.StandardDialFrameTests, org.jfree.chart.plot.dial.junit.StandardDialRangeTests, org.jfree.chart.plot.dial.junit.StandardDialRangeTests, org.jfree.chart.plot.dial.junit.StandardDialScaleTests, org.jfree.chart.plot.dial.junit.StandardDialScaleTests, org.jfree.chart.plot.junit.CategoryMarkerTests, org.jfree.chart.plot.junit.CategoryMarkerTests, org.jfree.chart.plot.junit.CategoryPlotTests, org.jfree.chart.plot.junit.CategoryPlotTests, org.jfree.chart.plot.junit.CombinedDomainCategoryPlotTests, org.jfree.chart.plot.junit.CombinedDomainCategoryPlotTests, org.jfree.chart.plot.junit.CombinedDomainXYPlotTests, org.jfree.chart.plot.junit.CombinedDomainXYPlotTests, org.jfree.chart.plot.junit.CombinedRangeCategoryPlotTests, org.jfree.chart.plot.junit.CombinedRangeCategoryPlotTests, org.jfree.chart.plot.junit.CombinedRangeXYPlotTests, org.jfree.chart.plot.junit.CombinedRangeXYPlotTests, org.jfree.chart.plot.junit.CompassPlotTests, org.jfree.chart.plot.junit.CompassPlotTests, org.jfree.chart.plot.junit.DefaultDrawingSupplierTests, org.jfree.chart.plot.junit.DefaultDrawingSupplierTests, org.jfree.chart.plot.junit.FastScatterPlotTests, org.jfree.chart.plot.junit.FastScatterPlotTests, org.jfree.chart.plot.junit.IntervalMarkerTests, org.jfree.chart.plot.junit.IntervalMarkerTests, org.jfree.chart.plot.junit.MarkerTests, org.jfree.chart.plot.junit.MarkerTests, org.jfree.chart.plot.junit.MeterIntervalTests, org.jfree.chart.plot.junit.MeterIntervalTests, org.jfree.chart.plot.junit.MeterPlotTests, org.jfree.chart.plot.junit.MeterPlotTests, org.jfree.chart.plot.junit.MultiplePiePlotTests, org.jfree.chart.plot.junit.MultiplePiePlotTests, org.jfree.chart.plot.junit.PieLabelRecordTests, org.jfree.chart.plot.junit.PieLabelRecordTests, org.jfree.chart.plot.junit.PiePlot3DTests, org.jfree.chart.plot.junit.PiePlot3DTests, org.jfree.chart.plot.junit.PiePlotTests, org.jfree.chart.plot.junit.PiePlotTests, org.jfree.chart.plot.junit.PlotOrientationTests, org.jfree.chart.plot.junit.PlotOrientationTests, org.jfree.chart.plot.junit.PlotPackageTests, org.jfree.chart.plot.junit.PlotPackageTests, org.jfree.chart.plot.junit.PlotRenderingInfoTests, org.jfree.chart.plot.junit.PlotRenderingInfoTests, org.jfree.chart.plot.junit.PlotTests, org.jfree.chart.plot.junit.PlotTests, org.jfree.chart.plot.junit.PolarPlotTests, org.jfree.chart.plot.junit.PolarPlotTests, org.jfree.chart.plot.junit.RingPlotTests, org.jfree.chart.plot.junit.RingPlotTests, org.jfree.chart.plot.junit.SpiderWebPlotTests, org.jfree.chart.plot.junit.SpiderWebPlotTests, org.jfree.chart.plot.junit.ThermometerPlotTests, org.jfree.chart.plot.junit.ThermometerPlotTests, org.jfree.chart.plot.junit.ValueMarkerTests, org.jfree.chart.plot.junit.ValueMarkerTests, org.jfree.chart.plot.junit.XYPlotTests, org.jfree.chart.plot.junit.XYPlotTests, org.jfree.chart.renderer.category.junit.AbstractCategoryItemRendererTests, org.jfree.chart.renderer.category.junit.AbstractCategoryItemRendererTests, org.jfree.chart.renderer.category.junit.AreaRendererTests, org.jfree.chart.renderer.category.junit.AreaRendererTests, org.jfree.chart.renderer.category.junit.BarRenderer3DTests, org.jfree.chart.renderer.category.junit.BarRenderer3DTests, org.jfree.chart.renderer.category.junit.BarRendererTests, org.jfree.chart.renderer.category.junit.BarRendererTests, org.jfree.chart.renderer.category.junit.BoxAndWhiskerRendererTests, org.jfree.chart.renderer.category.junit.BoxAndWhiskerRendererTests, org.jfree.chart.renderer.category.junit.CategoryStepRendererTests, org.jfree.chart.renderer.category.junit.CategoryStepRendererTests, org.jfree.chart.renderer.category.junit.DefaultCategoryItemRendererTests, org.jfree.chart.renderer.category.junit.DefaultCategoryItemRendererTests, org.jfree.chart.renderer.category.junit.GanttRendererTests, org.jfree.chart.renderer.category.junit.GanttRendererTests, org.jfree.chart.renderer.category.junit.GroupedStackedBarRendererTests, org.jfree.chart.renderer.category.junit.GroupedStackedBarRendererTests, org.jfree.chart.renderer.category.junit.IntervalBarRendererTests, org.jfree.chart.renderer.category.junit.IntervalBarRendererTests, org.jfree.chart.renderer.category.junit.LayeredBarRendererTests, org.jfree.chart.renderer.category.junit.LayeredBarRendererTests, org.jfree.chart.renderer.category.junit.LevelRendererTests, org.jfree.chart.renderer.category.junit.LevelRendererTests, org.jfree.chart.renderer.category.junit.LineAndShapeRendererTests, org.jfree.chart.renderer.category.junit.LineAndShapeRendererTests, org.jfree.chart.renderer.category.junit.LineRenderer3DTests, org.jfree.chart.renderer.category.junit.LineRenderer3DTests, org.jfree.chart.renderer.category.junit.MinMaxCategoryRendererTests, org.jfree.chart.renderer.category.junit.MinMaxCategoryRendererTests, org.jfree.chart.renderer.category.junit.RendererCategoryPackageTests, org.jfree.chart.renderer.category.junit.RendererCategoryPackageTests, org.jfree.chart.renderer.category.junit.ScatterRendererTests, org.jfree.chart.renderer.category.junit.ScatterRendererTests, org.jfree.chart.renderer.category.junit.StackedAreaRendererTests, org.jfree.chart.renderer.category.junit.StackedAreaRendererTests, org.jfree.chart.renderer.category.junit.StackedBarRenderer3DTests, org.jfree.chart.renderer.category.junit.StackedBarRenderer3DTests, org.jfree.chart.renderer.category.junit.StackedBarRendererTests, org.jfree.chart.renderer.category.junit.StackedBarRendererTests, org.jfree.chart.renderer.category.junit.StatisticalBarRendererTests, org.jfree.chart.renderer.category.junit.StatisticalBarRendererTests, org.jfree.chart.renderer.category.junit.StatisticalLineAndShapeRendererTests, org.jfree.chart.renderer.category.junit.StatisticalLineAndShapeRendererTests, org.jfree.chart.renderer.category.junit.WaterfallBarRendererTests, org.jfree.chart.renderer.category.junit.WaterfallBarRendererTests, org.jfree.chart.renderer.junit.AbstractRendererTests, org.jfree.chart.renderer.junit.AbstractRendererTests, org.jfree.chart.renderer.junit.AreaRendererEndTypeTests, org.jfree.chart.renderer.junit.AreaRendererEndTypeTests, org.jfree.chart.renderer.junit.DefaultPolarItemRendererTests, org.jfree.chart.renderer.junit.DefaultPolarItemRendererTests, org.jfree.chart.renderer.junit.GrayPaintScaleTests, org.jfree.chart.renderer.junit.GrayPaintScaleTests, org.jfree.chart.renderer.junit.LookupPaintScaleTests, org.jfree.chart.renderer.junit.LookupPaintScaleTests, org.jfree.chart.renderer.junit.OutlierTests, org.jfree.chart.renderer.junit.OutlierTests, org.jfree.chart.renderer.junit.RendererPackageTests, org.jfree.chart.renderer.junit.RendererPackageTests, org.jfree.chart.renderer.junit.RendererUtilitiesTests, org.jfree.chart.renderer.junit.RendererUtilitiesTests, org.jfree.chart.renderer.xy.junit.AbstractXYItemRendererTests, org.jfree.chart.renderer.xy.junit.AbstractXYItemRendererTests, org.jfree.chart.renderer.xy.junit.CandlestickRendererTests, org.jfree.chart.renderer.xy.junit.CandlestickRendererTests, org.jfree.chart.renderer.xy.junit.ClusteredXYBarRendererTests, org.jfree.chart.renderer.xy.junit.ClusteredXYBarRendererTests, org.jfree.chart.renderer.xy.junit.DeviationRendererTests, org.jfree.chart.renderer.xy.junit.DeviationRendererTests, org.jfree.chart.renderer.xy.junit.HighLowRendererTests, org.jfree.chart.renderer.xy.junit.HighLowRendererTests, org.jfree.chart.renderer.xy.junit.RendererXYPackageTests, org.jfree.chart.renderer.xy.junit.RendererXYPackageTests, org.jfree.chart.renderer.xy.junit.StackedXYAreaRenderer2Tests, org.jfree.chart.renderer.xy.junit.StackedXYAreaRenderer2Tests, org.jfree.chart.renderer.xy.junit.StackedXYAreaRendererTests, org.jfree.chart.renderer.xy.junit.StackedXYAreaRendererTests, org.jfree.chart.renderer.xy.junit.StackedXYBarRendererTests, org.jfree.chart.renderer.xy.junit.StackedXYBarRendererTests, org.jfree.chart.renderer.xy.junit.StandardXYItemRendererTests, org.jfree.chart.renderer.xy.junit.StandardXYItemRendererTests, org.jfree.chart.renderer.xy.junit.VectorRendererTests, org.jfree.chart.renderer.xy.junit.VectorRendererTests, org.jfree.chart.renderer.xy.junit.WindItemRendererTests, org.jfree.chart.renderer.xy.junit.WindItemRendererTests, org.jfree.chart.renderer.xy.junit.XYAreaRenderer2Tests, org.jfree.chart.renderer.xy.junit.XYAreaRenderer2Tests, org.jfree.chart.renderer.xy.junit.XYAreaRendererTests, org.jfree.chart.renderer.xy.junit.XYAreaRendererTests, org.jfree.chart.renderer.xy.junit.XYBarRendererTests, org.jfree.chart.renderer.xy.junit.XYBarRendererTests, org.jfree.chart.renderer.xy.junit.XYBlockRendererTests, org.jfree.chart.renderer.xy.junit.XYBlockRendererTests, org.jfree.chart.renderer.xy.junit.XYBoxAndWhiskerRendererTests, org.jfree.chart.renderer.xy.junit.XYBoxAndWhiskerRendererTests, org.jfree.chart.renderer.xy.junit.XYBubbleRendererTests, org.jfree.chart.renderer.xy.junit.XYBubbleRendererTests, org.jfree.chart.renderer.xy.junit.XYDifferenceRendererTests, org.jfree.chart.renderer.xy.junit.XYDifferenceRendererTests, org.jfree.chart.renderer.xy.junit.XYDotRendererTests, org.jfree.chart.renderer.xy.junit.XYDotRendererTests, org.jfree.chart.renderer.xy.junit.XYErrorRendererTests, org.jfree.chart.renderer.xy.junit.XYErrorRendererTests, org.jfree.chart.renderer.xy.junit.XYLine3DRendererTests, org.jfree.chart.renderer.xy.junit.XYLine3DRendererTests, org.jfree.chart.renderer.xy.junit.XYLineAndShapeRendererTests, org.jfree.chart.renderer.xy.junit.XYLineAndShapeRendererTests, org.jfree.chart.renderer.xy.junit.XYSplineAndShapeRendererTests, org.jfree.chart.renderer.xy.junit.XYSplineAndShapeRendererTests, org.jfree.chart.renderer.xy.junit.XYStepAreaRendererTests, org.jfree.chart.renderer.xy.junit.XYStepAreaRendererTests, org.jfree.chart.renderer.xy.junit.XYStepRendererTests, org.jfree.chart.renderer.xy.junit.XYStepRendererTests, org.jfree.chart.renderer.xy.junit.YIntervalRendererTests, org.jfree.chart.renderer.xy.junit.YIntervalRendererTests, org.jfree.chart.title.junit.CompositeTitleTests, org.jfree.chart.title.junit.CompositeTitleTests, org.jfree.chart.title.junit.DateTitleTests, org.jfree.chart.title.junit.DateTitleTests, org.jfree.chart.title.junit.ImageTitleTests, org.jfree.chart.title.junit.ImageTitleTests, org.jfree.chart.title.junit.LegendGraphicTests, org.jfree.chart.title.junit.LegendGraphicTests, org.jfree.chart.title.junit.LegendTitleTests, org.jfree.chart.title.junit.LegendTitleTests, org.jfree.chart.title.junit.PaintScaleLegendTests, org.jfree.chart.title.junit.PaintScaleLegendTests, org.jfree.chart.title.junit.TextTitleTests, org.jfree.chart.title.junit.TextTitleTests, org.jfree.chart.title.junit.TitlePackageTests, org.jfree.chart.title.junit.TitlePackageTests, org.jfree.chart.title.junit.TitleTests, org.jfree.chart.title.junit.TitleTests, org.jfree.chart.urls.junit.CustomPieURLGeneratorTests, org.jfree.chart.urls.junit.CustomPieURLGeneratorTests, org.jfree.chart.urls.junit.CustomXYURLGeneratorTests, org.jfree.chart.urls.junit.CustomXYURLGeneratorTests, org.jfree.chart.urls.junit.StandardCategoryURLGeneratorTests, org.jfree.chart.urls.junit.StandardCategoryURLGeneratorTests, org.jfree.chart.urls.junit.StandardPieURLGeneratorTests, org.jfree.chart.urls.junit.StandardPieURLGeneratorTests, org.jfree.chart.urls.junit.StandardXYURLGeneratorTests, org.jfree.chart.urls.junit.StandardXYURLGeneratorTests, org.jfree.chart.urls.junit.TimeSeriesURLGeneratorTests, org.jfree.chart.urls.junit.TimeSeriesURLGeneratorTests, org.jfree.chart.urls.junit.UrlsPackageTests, org.jfree.chart.urls.junit.UrlsPackageTests, org.jfree.chart.util.junit.BooleanListTests, org.jfree.chart.util.junit.BooleanListTests, org.jfree.chart.util.junit.HashUtilitiesTests, org.jfree.chart.util.junit.HashUtilitiesTests, org.jfree.chart.util.junit.LogFormatTests, org.jfree.chart.util.junit.LogFormatTests, org.jfree.chart.util.junit.PaintListTests, org.jfree.chart.util.junit.PaintListTests, org.jfree.chart.util.junit.RelativeDateFormatTests, org.jfree.chart.util.junit.RelativeDateFormatTests, org.jfree.chart.util.junit.ShapeUtilitiesTests, org.jfree.chart.util.junit.ShapeUtilitiesTests, org.jfree.chart.util.junit.StrokeListTests, org.jfree.chart.util.junit.StrokeListTests, org.jfree.chart.util.junit.UtilPackageTests, org.jfree.chart.util.junit.UtilPackageTests, org.jfree.data.category.junit.CategoryToPieDatasetTests, org.jfree.data.category.junit.CategoryToPieDatasetTests, org.jfree.data.category.junit.DataCategoryPackageTests, org.jfree.data.category.junit.DataCategoryPackageTests, org.jfree.data.category.junit.DefaultCategoryDatasetTests, org.jfree.data.category.junit.DefaultCategoryDatasetTests, org.jfree.data.category.junit.DefaultIntervalCategoryDatasetTests, org.jfree.data.category.junit.DefaultIntervalCategoryDatasetTests, org.jfree.data.gantt.junit.DataGanttPackageTests, org.jfree.data.gantt.junit.DataGanttPackageTests, org.jfree.data.gantt.junit.TaskSeriesCollectionTests, org.jfree.data.gantt.junit.TaskSeriesCollectionTests, org.jfree.data.gantt.junit.TaskSeriesTests, org.jfree.data.gantt.junit.TaskSeriesTests, org.jfree.data.gantt.junit.TaskTests, org.jfree.data.gantt.junit.TaskTests, org.jfree.data.general.junit.DataGeneralPackageTests, org.jfree.data.general.junit.DataGeneralPackageTests, org.jfree.data.general.junit.DatasetGroupTests, org.jfree.data.general.junit.DatasetGroupTests, org.jfree.data.general.junit.DatasetUtilitiesTests, org.jfree.data.general.junit.DatasetUtilitiesTests, org.jfree.data.general.junit.DefaultKeyedValueDatasetTests, org.jfree.data.general.junit.DefaultKeyedValueDatasetTests, org.jfree.data.general.junit.DefaultKeyedValues2DDatasetTests, org.jfree.data.general.junit.DefaultKeyedValues2DDatasetTests, org.jfree.data.general.junit.DefaultKeyedValuesDatasetTests, org.jfree.data.general.junit.DefaultKeyedValuesDatasetTests, org.jfree.data.general.junit.DefaultPieDatasetTests, org.jfree.data.general.junit.DefaultPieDatasetTests, org.jfree.data.junit.ComparableObjectItemTests, org.jfree.data.junit.ComparableObjectItemTests, org.jfree.data.junit.ComparableObjectSeriesTests, org.jfree.data.junit.ComparableObjectSeriesTests, org.jfree.data.junit.DataPackageTests, org.jfree.data.junit.DataPackageTests, org.jfree.data.junit.DataUtilitiesTests, org.jfree.data.junit.DataUtilitiesTests, org.jfree.data.junit.DefaultKeyedValueTests, org.jfree.data.junit.DefaultKeyedValueTests, org.jfree.data.junit.DefaultKeyedValues2DTests, org.jfree.data.junit.DefaultKeyedValues2DTests, org.jfree.data.junit.DefaultKeyedValuesTests, org.jfree.data.junit.DefaultKeyedValuesTests, org.jfree.data.junit.DomainOrderTests, org.jfree.data.junit.DomainOrderTests, org.jfree.data.junit.KeyToGroupMapTests, org.jfree.data.junit.KeyToGroupMapTests, org.jfree.data.junit.KeyedObjectTests, org.jfree.data.junit.KeyedObjectTests, org.jfree.data.junit.KeyedObjects2DTests, org.jfree.data.junit.KeyedObjects2DTests, org.jfree.data.junit.KeyedObjectsTests, org.jfree.data.junit.KeyedObjectsTests, org.jfree.data.junit.RangeTests, org.jfree.data.junit.RangeTests, org.jfree.data.junit.RangeTypeTests, org.jfree.data.junit.RangeTypeTests, org.jfree.data.statistics.junit.BoxAndWhiskerCalculatorTests, org.jfree.data.statistics.junit.BoxAndWhiskerCalculatorTests, org.jfree.data.statistics.junit.BoxAndWhiskerItemTests, org.jfree.data.statistics.junit.BoxAndWhiskerItemTests, org.jfree.data.statistics.junit.DataStatisticsPackageTests, org.jfree.data.statistics.junit.DataStatisticsPackageTests, org.jfree.data.statistics.junit.DefaultBoxAndWhiskerCategoryDatasetTests, org.jfree.data.statistics.junit.DefaultBoxAndWhiskerCategoryDatasetTests, org.jfree.data.statistics.junit.DefaultMultiValueCategoryDatasetTests, org.jfree.data.statistics.junit.DefaultMultiValueCategoryDatasetTests, org.jfree.data.statistics.junit.DefaultStatisticalCategoryDatasetTests, org.jfree.data.statistics.junit.DefaultStatisticalCategoryDatasetTests, org.jfree.data.statistics.junit.HistogramBinTests, org.jfree.data.statistics.junit.HistogramBinTests, org.jfree.data.statistics.junit.HistogramDatasetTests, org.jfree.data.statistics.junit.HistogramDatasetTests, org.jfree.data.statistics.junit.MeanAndStandardDeviationTests, org.jfree.data.statistics.junit.MeanAndStandardDeviationTests, org.jfree.data.statistics.junit.RegressionTests, org.jfree.data.statistics.junit.RegressionTests, org.jfree.data.statistics.junit.SimpleHistogramBinTests, org.jfree.data.statistics.junit.SimpleHistogramBinTests, org.jfree.data.statistics.junit.SimpleHistogramDatasetTests, org.jfree.data.statistics.junit.SimpleHistogramDatasetTests, org.jfree.data.statistics.junit.StatisticsTests, org.jfree.data.statistics.junit.StatisticsTests, org.jfree.data.time.junit.DataTimePackageTests, org.jfree.data.time.junit.DataTimePackageTests, org.jfree.data.time.junit.DateRangeTests, org.jfree.data.time.junit.DateRangeTests, org.jfree.data.time.junit.DayTests, org.jfree.data.time.junit.DayTests, org.jfree.data.time.junit.FixedMillisecondTests, org.jfree.data.time.junit.FixedMillisecondTests, org.jfree.data.time.junit.HourTests, org.jfree.data.time.junit.HourTests, org.jfree.data.time.junit.MillisecondTests, org.jfree.data.time.junit.MillisecondTests, org.jfree.data.time.junit.MinuteTests, org.jfree.data.time.junit.MinuteTests, org.jfree.data.time.junit.MonthTests, org.jfree.data.time.junit.MonthTests, org.jfree.data.time.junit.MovingAverageTests, org.jfree.data.time.junit.MovingAverageTests, org.jfree.data.time.junit.QuarterTests, org.jfree.data.time.junit.QuarterTests, org.jfree.data.time.junit.SecondTests, org.jfree.data.time.junit.SecondTests, org.jfree.data.time.junit.SimpleTimePeriodTests, org.jfree.data.time.junit.SimpleTimePeriodTests, org.jfree.data.time.junit.TimePeriodAnchorTests, org.jfree.data.time.junit.TimePeriodAnchorTests, org.jfree.data.time.junit.TimePeriodValueTests, org.jfree.data.time.junit.TimePeriodValueTests, org.jfree.data.time.junit.TimePeriodValuesCollectionTests, org.jfree.data.time.junit.TimePeriodValuesCollectionTests, org.jfree.data.time.junit.TimePeriodValuesTests, org.jfree.data.time.junit.TimePeriodValuesTests, org.jfree.data.time.junit.TimeSeriesCollectionTests, org.jfree.data.time.junit.TimeSeriesCollectionTests, org.jfree.data.time.junit.TimeSeriesDataItemTests, org.jfree.data.time.junit.TimeSeriesDataItemTests, org.jfree.data.time.junit.TimeSeriesTests, org.jfree.data.time.junit.TimeSeriesTests, org.jfree.data.time.junit.TimeTableXYDatasetTests, org.jfree.data.time.junit.TimeTableXYDatasetTests, org.jfree.data.time.junit.WeekTests, org.jfree.data.time.junit.WeekTests, org.jfree.data.time.junit.YearTests, org.jfree.data.time.junit.YearTests, org.jfree.data.time.ohlc.junit.OHLCItemTests, org.jfree.data.time.ohlc.junit.OHLCItemTests, org.jfree.data.time.ohlc.junit.OHLCPackageTests, org.jfree.data.time.ohlc.junit.OHLCPackageTests, org.jfree.data.time.ohlc.junit.OHLCSeriesCollectionTests, org.jfree.data.time.ohlc.junit.OHLCSeriesCollectionTests, org.jfree.data.time.ohlc.junit.OHLCSeriesTests, org.jfree.data.time.ohlc.junit.OHLCSeriesTests, org.jfree.data.time.ohlc.junit.OHLCTests, org.jfree.data.time.ohlc.junit.OHLCTests, org.jfree.data.xy.junit.CategoryTableXYDatasetTests, org.jfree.data.xy.junit.CategoryTableXYDatasetTests, org.jfree.data.xy.junit.DataXYPackageTests, org.jfree.data.xy.junit.DataXYPackageTests, org.jfree.data.xy.junit.DefaultHighLowDatasetTests, org.jfree.data.xy.junit.DefaultHighLowDatasetTests, org.jfree.data.xy.junit.DefaultIntervalXYDatasetTests, org.jfree.data.xy.junit.DefaultIntervalXYDatasetTests, org.jfree.data.xy.junit.DefaultOHLCDatasetTests, org.jfree.data.xy.junit.DefaultOHLCDatasetTests, org.jfree.data.xy.junit.DefaultTableXYDatasetTests, org.jfree.data.xy.junit.DefaultTableXYDatasetTests, org.jfree.data.xy.junit.DefaultWindDatasetTests, org.jfree.data.xy.junit.DefaultWindDatasetTests, org.jfree.data.xy.junit.DefaultXYDatasetTests, org.jfree.data.xy.junit.DefaultXYDatasetTests, org.jfree.data.xy.junit.DefaultXYZDatasetTests, org.jfree.data.xy.junit.DefaultXYZDatasetTests, org.jfree.data.xy.junit.IntervalXYDelegateTests, org.jfree.data.xy.junit.IntervalXYDelegateTests, org.jfree.data.xy.junit.MatrixSeriesCollectionTests, org.jfree.data.xy.junit.MatrixSeriesCollectionTests, org.jfree.data.xy.junit.MatrixSeriesTests, org.jfree.data.xy.junit.MatrixSeriesTests, org.jfree.data.xy.junit.OHLCDataItemTests, org.jfree.data.xy.junit.OHLCDataItemTests, org.jfree.data.xy.junit.TableXYDatasetTests, org.jfree.data.xy.junit.TableXYDatasetTests, org.jfree.data.xy.junit.VectorDataItemTests, org.jfree.data.xy.junit.VectorDataItemTests, org.jfree.data.xy.junit.VectorSeriesCollectionTests, org.jfree.data.xy.junit.VectorSeriesCollectionTests, org.jfree.data.xy.junit.VectorSeriesTests, org.jfree.data.xy.junit.VectorSeriesTests, org.jfree.data.xy.junit.VectorTests, org.jfree.data.xy.junit.VectorTests, org.jfree.data.xy.junit.XIntervalDataItemTests, org.jfree.data.xy.junit.XIntervalDataItemTests, org.jfree.data.xy.junit.XIntervalSeriesCollectionTests, org.jfree.data.xy.junit.XIntervalSeriesCollectionTests, org.jfree.data.xy.junit.XIntervalSeriesTests, org.jfree.data.xy.junit.XIntervalSeriesTests, org.jfree.data.xy.junit.XYBarDatasetTests, org.jfree.data.xy.junit.XYBarDatasetTests, org.jfree.data.xy.junit.XYCoordinateTests, org.jfree.data.xy.junit.XYCoordinateTests, org.jfree.data.xy.junit.XYDataItemTests, org.jfree.data.xy.junit.XYDataItemTests, org.jfree.data.xy.junit.XYIntervalDataItemTests, org.jfree.data.xy.junit.XYIntervalDataItemTests, org.jfree.data.xy.junit.XYIntervalSeriesCollectionTests, org.jfree.data.xy.junit.XYIntervalSeriesCollectionTests, org.jfree.data.xy.junit.XYIntervalSeriesTests, org.jfree.data.xy.junit.XYIntervalSeriesTests, org.jfree.data.xy.junit.XYIntervalTests, org.jfree.data.xy.junit.XYIntervalTests, org.jfree.data.xy.junit.XYSeriesCollectionTests, org.jfree.data.xy.junit.XYSeriesCollectionTests, org.jfree.data.xy.junit.XYSeriesTests, org.jfree.data.xy.junit.XYSeriesTests, org.jfree.data.xy.junit.YIntervalDataItemTests, org.jfree.data.xy.junit.YIntervalDataItemTests, org.jfree.data.xy.junit.YIntervalSeriesCollectionTests, org.jfree.data.xy.junit.YIntervalSeriesCollectionTests, org.jfree.data.xy.junit.YIntervalSeriesTests, org.jfree.data.xy.junit.YIntervalSeriesTests, org.jfree.data.xy.junit.YIntervalTests, org.jfree.data.xy.junit.YIntervalTests, org.jfree.data.xy.junit.YWithXIntervalTests, org.jfree.data.xy.junit.YWithXIntervalTests], complianceLevel=4, outputFolder=., json=true}
16:19:01.158 [main] INFO  fr.inria.lille.repair.nopol.NoPol - Available processors (cores): 32
16:19:01.163 [main] INFO  fr.inria.lille.repair.nopol.NoPol - Free memory: 885 MB
16:19:01.163 [main] INFO  fr.inria.lille.repair.nopol.NoPol - Maximum memory: 3 GB
16:19:01.163 [main] INFO  fr.inria.lille.repair.nopol.NoPol - Total memory available to JVM: 989 MB
16:19:01.164 [main] INFO  fr.inria.lille.repair.nopol.NoPol - Java version: 1.8.0_181
16:19:01.164 [main] INFO  fr.inria.lille.repair.nopol.NoPol - JAVA_HOME: /usr/lib/jvm/java-1.8.0-openjdk-amd64/bin/
16:19:01.164 [main] INFO  fr.inria.lille.repair.nopol.NoPol - PATH: /usr/lib/jvm/java-1.8.0-openjdk-amd64/bin/:/usr/lib/oar/oardodo:/usr/lib/oar/oardodo:/usr/local/bin:/usr/bin:/bin:/usr/games
16:19:21.083 [pool-2-thread-1] DEBUG fr.inria.lille.repair.nopol.NoPol - statement #1
16:19:21.084 [pool-2-thread-1] DEBUG fr.inria.lille.repair.nopol.NoPol - Analysing SourceLocation org.jfree.data.time.TimePeriodValues:552 which is executed by 4 tests
794560977
16:19:21.328 [pool-2-thread-1] DEBUG fr.inria.lille.repair.nopol.NoPol - statement #2
16:19:21.328 [pool-2-thread-1] DEBUG fr.inria.lille.repair.nopol.NoPol - Analysing SourceLocation org.jfree.chart.JFreeChartInfo:1855 which is executed by 2 tests
-470971273
16:19:21.583 [pool-2-thread-1] DEBUG fr.inria.lille.repair.nopol.NoPol - statement #3
16:19:21.583 [pool-2-thread-1] DEBUG fr.inria.lille.repair.nopol.NoPol - Analysing SourceLocation org.jfree.chart.JFreeChartInfo:1854 which is executed by 2 tests
-470971273
16:19:21.710 [pool-2-thread-1] DEBUG fr.inria.lille.repair.nopol.NoPol - looking with class fr.inria.lille.repair.nopol.spoon.smt.ConditionalAdder
16:19:21.790 [pool-4-thread-1] INFO  xxl.java.junit.TestCasesListener - Tests run finished (60 ms)
<> Total tests run: 3
<> Ignored tests: 0
<> Failed tests: 0

16:19:21.790 [pool-2-thread-1] ERROR fr.inria.lille.repair.nopol.NoPol - Error ExecutionException java.util.concurrent.ExecutionException: java.lang.RuntimeException: failingTestCasesValidated: nothing to repair, no failing test cases
16:19:21.791 [pool-2-thread-1] DEBUG fr.inria.lille.repair.nopol.NoPol - looking with class fr.inria.lille.repair.nopol.spoon.smt.ConditionalReplacer
16:19:21.803 [pool-6-thread-1] INFO  xxl.java.junit.TestCasesListener - Tests run finished (10 ms)
<> Total tests run: 3
<> Ignored tests: 0
<> Failed tests: 0

16:19:21.804 [pool-2-thread-1] ERROR fr.inria.lille.repair.nopol.NoPol - Error ExecutionException java.util.concurrent.ExecutionException: java.lang.RuntimeException: failingTestCasesValidated: nothing to repair, no failing test cases
16:19:21.804 [pool-2-thread-1] DEBUG fr.inria.lille.repair.nopol.NoPol - statement #4
16:19:21.804 [pool-2-thread-1] DEBUG fr.inria.lille.repair.nopol.NoPol - Analysing SourceLocation org.jfree.chart.JFreeChartInfo:1852 which is executed by 2 tests
-470971273
16:19:21.905 [pool-2-thread-1] DEBUG fr.inria.lille.repair.nopol.NoPol - statement #5
16:19:21.905 [pool-2-thread-1] DEBUG fr.inria.lille.repair.nopol.NoPol - Analysing SourceLocation org.jfree.data.time.TimePeriodValues:317 which is executed by 10 tests
794560977
16:19:21.983 [pool-2-thread-1] DEBUG fr.inria.lille.repair.nopol.NoPol - looking with class fr.inria.lille.repair.nopol.spoon.smt.ConditionalAdder
junit.framework.AssertionFailedError: expected:<1> but was:<3>
    at junit.framework.Assert.fail(Assert.java:57)
    at junit.framework.Assert.failNotEquals(Assert.java:329)
    at junit.framework.Assert.assertEquals(Assert.java:78)
    at junit.framework.Assert.assertEquals(Assert.java:234)
    at junit.framework.Assert.assertEquals(Assert.java:241)
    at junit.framework.TestCase.assertEquals(TestCase.java:409)
junit.framework.AssertionFailedError: expected:<1> but was:<3>
    at junit.framework.Assert.fail(Assert.java:57)
    at junit.framework.Assert.failNotEquals(Assert.java:329)
    at junit.framework.Assert.assertEquals(Assert.java:78)
    at junit.framework.Assert.assertEquals(Assert.java:234)
    at junit.framework.Assert.assertEquals(Assert.java:241)
    at junit.framework.TestCase.assertEquals(TestCase.java:409)
16:19:22.027 [pool-8-thread-1] INFO  xxl.java.junit.TestCasesListener - Tests run finished (36 ms)
<> Total tests run: 20
<> Ignored tests: 0
<> Failed tests: 2
~ testGetMaxMiddleIndex(org.jfree.data.time.junit.TimePeriodValuesTests)
[expected:<1> but was:<3>]
junit.framework.AssertionFailedError: expected:<1> but was:<3>    at junit.framework.Assert.fail(Assert.java:57)
    at junit.framework.Assert.failNotEquals(Assert.java:329)
    at junit.framework.Assert.assertEquals(Assert.java:78)
    at junit.framework.Assert.assertEquals(Assert.java:234)
    at junit.framework.Assert.assertEquals(Assert.java:241)
    at junit.framework.TestCase.assertEquals(TestCase.java:409)
~ testGetMaxMiddleIndex(org.jfree.data.time.junit.TimePeriodValuesTests)
[expected:<1> but was:<3>]
junit.framework.AssertionFailedError: expected:<1> but was:<3>    at junit.framework.Assert.fail(Assert.java:57)
    at junit.framework.Assert.failNotEquals(Assert.java:329)
    at junit.framework.Assert.assertEquals(Assert.java:78)
    at junit.framework.Assert.assertEquals(Assert.java:234)
    at junit.framework.Assert.assertEquals(Assert.java:241)
    at junit.framework.TestCase.assertEquals(TestCase.java:409)

16:19:22.624 [pool-2-thread-1] DEBUG fr.inria.lille.repair.nopol.NoPol - statement #6
16:19:22.624 [pool-2-thread-1] DEBUG fr.inria.lille.repair.nopol.NoPol - Analysing SourceLocation org.jfree.data.time.TimePeriodValues:292 which is executed by 10 tests
794560977
16:19:22.700 [pool-2-thread-1] DEBUG fr.inria.lille.repair.nopol.NoPol - looking with class fr.inria.lille.repair.nopol.spoon.smt.ConditionalAdder
junit.framework.AssertionFailedError: expected:<1> but was:<3>
    at junit.framework.Assert.fail(Assert.java:57)
    at junit.framework.Assert.failNotEquals(Assert.java:329)
    at junit.framework.Assert.assertEquals(Assert.java:78)
    at junit.framework.Assert.assertEquals(Assert.java:234)
    at junit.framework.Assert.assertEquals(Assert.java:241)
    at junit.framework.TestCase.assertEquals(TestCase.java:409)
junit.framework.AssertionFailedError: expected:<1> but was:<3>
    at junit.framework.Assert.fail(Assert.java:57)
    at junit.framework.Assert.failNotEquals(Assert.java:329)
    at junit.framework.Assert.assertEquals(Assert.java:78)
    at junit.framework.Assert.assertEquals(Assert.java:234)
    at junit.framework.Assert.assertEquals(Assert.java:241)
    at junit.framework.TestCase.assertEquals(TestCase.java:409)
16:19:22.722 [pool-12-thread-1] INFO  xxl.java.junit.TestCasesListener - Tests run finished (18 ms)
<> Total tests run: 20
<> Ignored tests: 0
<> Failed tests: 2
~ testGetMaxMiddleIndex(org.jfree.data.time.junit.TimePeriodValuesTests)
[expected:<1> but was:<3>]
junit.framework.AssertionFailedError: expected:<1> but was:<3>    at junit.framework.Assert.fail(Assert.java:57)
    at junit.framework.Assert.failNotEquals(Assert.java:329)
    at junit.framework.Assert.assertEquals(Assert.java:78)
    at junit.framework.Assert.assertEquals(Assert.java:234)
    at junit.framework.Assert.assertEquals(Assert.java:241)
    at junit.framework.TestCase.assertEquals(TestCase.java:409)
~ testGetMaxMiddleIndex(org.jfree.data.time.junit.TimePeriodValuesTests)
[expected:<1> but was:<3>]
junit.framework.AssertionFailedError: expected:<1> but was:<3>    at junit.framework.Assert.fail(Assert.java:57)
    at junit.framework.Assert.failNotEquals(Assert.java:329)
    at junit.framework.Assert.assertEquals(Assert.java:78)
    at junit.framework.Assert.assertEquals(Assert.java:234)
    at junit.framework.Assert.assertEquals(Assert.java:241)
    at junit.framework.TestCase.assertEquals(TestCase.java:409)

16:19:22.873 [pool-2-thread-1] DEBUG fr.inria.lille.repair.nopol.NoPol - statement #7
16:19:22.874 [pool-2-thread-1] DEBUG fr.inria.lille.repair.nopol.NoPol - Analysing SourceLocation org.jfree.data.time.TimePeriodValues:267 which is executed by 10 tests
794560977
16:19:23.006 [pool-2-thread-1] DEBUG fr.inria.lille.repair.nopol.NoPol - looking with class fr.inria.lille.repair.nopol.spoon.smt.ConditionalAdder
junit.framework.AssertionFailedError: expected:<1> but was:<3>
    at junit.framework.Assert.fail(Assert.java:57)
    at junit.framework.Assert.failNotEquals(Assert.java:329)
    at junit.framework.Assert.assertEquals(Assert.java:78)
    at junit.framework.Assert.assertEquals(Assert.java:234)
    at junit.framework.Assert.assertEquals(Assert.java:241)
    at junit.framework.TestCase.assertEquals(TestCase.java:409)
junit.framework.AssertionFailedError: expected:<1> but was:<3>
    at junit.framework.Assert.fail(Assert.java:57)
    at junit.framework.Assert.failNotEquals(Assert.java:329)
    at junit.framework.Assert.assertEquals(Assert.java:78)
    at junit.framework.Assert.assertEquals(Assert.java:234)
    at junit.framework.Assert.assertEquals(Assert.java:241)
    at junit.framework.TestCase.assertEquals(TestCase.java:409)
16:19:23.023 [pool-16-thread-1] INFO  xxl.java.junit.TestCasesListener - Tests run finished (13 ms)
<> Total tests run: 20
<> Ignored tests: 0
<> Failed tests: 2
~ testGetMaxMiddleIndex(org.jfree.data.time.junit.TimePeriodValuesTests)
[expected:<1> but was:<3>]
junit.framework.AssertionFailedError: expected:<1> but was:<3>    at junit.framework.Assert.fail(Assert.java:57)
    at junit.framework.Assert.failNotEquals(Assert.java:329)
    at junit.framework.Assert.assertEquals(Assert.java:78)
    at junit.framework.Assert.assertEquals(Assert.java:234)
    at junit.framework.Assert.assertEquals(Assert.java:241)
    at junit.framework.TestCase.assertEquals(TestCase.java:409)
~ testGetMaxMiddleIndex(org.jfree.data.time.junit.TimePeriodValuesTests)
[expected:<1> but was:<3>]
junit.framework.AssertionFailedError: expected:<1> but was:<3>    at junit.framework.Assert.fail(Assert.java:57)
    at junit.framework.Assert.failNotEquals(Assert.java:329)
    at junit.framework.Assert.assertEquals(Assert.java:78)
    at junit.framework.Assert.assertEquals(Assert.java:234)
    at junit.framework.Assert.assertEquals(Assert.java:241)
    at junit.framework.TestCase.assertEquals(TestCase.java:409)

16:19:23.170 [pool-2-thread-1] DEBUG fr.inria.lille.repair.nopol.NoPol - statement #8
16:19:23.171 [pool-2-thread-1] DEBUG fr.inria.lille.repair.nopol.NoPol - Analysing SourceLocation org.jfree.data.time.TimePeriodValues:377 which is executed by 20 tests
794560977
16:19:23.246 [pool-2-thread-1] DEBUG fr.inria.lille.repair.nopol.NoPol - statement #9
16:19:23.246 [pool-2-thread-1] DEBUG fr.inria.lille.repair.nopol.NoPol - Analysing SourceLocation org.jfree.data.time.TimePeriodValues:376 which is executed by 20 tests
794560977
16:19:23.322 [pool-2-thread-1] DEBUG fr.inria.lille.repair.nopol.NoPol - looking with class fr.inria.lille.repair.nopol.spoon.smt.ConditionalAdder
junit.framework.AssertionFailedError: expected:<1> but was:<3>
    at junit.framework.Assert.fail(Assert.java:57)
    at junit.framework.Assert.failNotEquals(Assert.java:329)
    at junit.framework.Assert.assertEquals(Assert.java:78)
    at junit.framework.Assert.assertEquals(Assert.java:234)
    at junit.framework.Assert.assertEquals(Assert.java:241)
    at junit.framework.TestCase.assertEquals(TestCase.java:409)
junit.framework.AssertionFailedError: expected:<1> but was:<3>
    at junit.framework.Assert.fail(Assert.java:57)
    at junit.framework.Assert.failNotEquals(Assert.java:329)
    at junit.framework.Assert.assertEquals(Assert.java:78)
    at junit.framework.Assert.assertEquals(Assert.java:234)
    at junit.framework.Assert.assertEquals(Assert.java:241)
    at junit.framework.TestCase.assertEquals(TestCase.java:409)
16:19:23.340 [pool-20-thread-1] INFO  xxl.java.junit.TestCasesListener - Tests run finished (14 ms)
<> Total tests run: 20
<> Ignored tests: 0
<> Failed tests: 2
~ testGetMaxMiddleIndex(org.jfree.data.time.junit.TimePeriodValuesTests)
[expected:<1> but was:<3>]
junit.framework.AssertionFailedError: expected:<1> but was:<3>    at junit.framework.Assert.fail(Assert.java:57)
    at junit.framework.Assert.failNotEquals(Assert.java:329)
    at junit.framework.Assert.assertEquals(Assert.java:78)
    at junit.framework.Assert.assertEquals(Assert.java:234)
    at junit.framework.Assert.assertEquals(Assert.java:241)
    at junit.framework.TestCase.assertEquals(TestCase.java:409)
~ testGetMaxMiddleIndex(org.jfree.data.time.junit.TimePeriodValuesTests)
[expected:<1> but was:<3>]
junit.framework.AssertionFailedError: expected:<1> but was:<3>    at junit.framework.Assert.fail(Assert.java:57)
    at junit.framework.Assert.failNotEquals(Assert.java:329)
    at junit.framework.Assert.assertEquals(Assert.java:78)
    at junit.framework.Assert.assertEquals(Assert.java:234)
    at junit.framework.Assert.assertEquals(Assert.java:241)
    at junit.framework.TestCase.assertEquals(TestCase.java:409)

16:19:23.489 [pool-2-thread-1] DEBUG fr.inria.lille.repair.nopol.NoPol - statement #10
16:19:23.489 [pool-2-thread-1] DEBUG fr.inria.lille.repair.nopol.NoPol - Analysing SourceLocation org.jfree.data.time.TimePeriodValues:375 which is executed by 20 tests
794560977
16:19:23.564 [pool-2-thread-1] DEBUG fr.inria.lille.repair.nopol.NoPol - statement #11
16:19:23.565 [pool-2-thread-1] DEBUG fr.inria.lille.repair.nopol.NoPol - Analysing SourceLocation org.jfree.data.time.TimePeriodValues:365 which is executed by 20 tests
794560977
16:19:23.642 [pool-2-thread-1] DEBUG fr.inria.lille.repair.nopol.NoPol - statement #12
16:19:23.642 [pool-2-thread-1] DEBUG fr.inria.lille.repair.nopol.NoPol - Analysing SourceLocation org.jfree.data.time.TimePeriodValues:364 which is executed by 20 tests
794560977
16:19:23.718 [pool-2-thread-1] DEBUG fr.inria.lille.repair.nopol.NoPol - looking with class fr.inria.lille.repair.nopol.spoon.smt.ConditionalAdder
junit.framework.AssertionFailedError: expected:<1> but was:<3>
    at junit.framework.Assert.fail(Assert.java:57)
    at junit.framework.Assert.failNotEquals(Assert.java:329)
    at junit.framework.Assert.assertEquals(Assert.java:78)
    at junit.framework.Assert.assertEquals(Assert.java:234)
    at junit.framework.Assert.assertEquals(Assert.java:241)
    at junit.framework.TestCase.assertEquals(TestCase.java:409)
junit.framework.AssertionFailedError: expected:<1> but was:<3>
    at junit.framework.Assert.fail(Assert.java:57)
    at junit.framework.Assert.failNotEquals(Assert.java:329)
    at junit.framework.Assert.assertEquals(Assert.java:78)
    at junit.framework.Assert.assertEquals(Assert.java:234)
    at junit.framework.Assert.assertEquals(Assert.java:241)
    at junit.framework.TestCase.assertEquals(TestCase.java:409)
16:19:23.734 [pool-24-thread-1] INFO  xxl.java.junit.TestCasesListener - Tests run finished (12 ms)
<> Total tests run: 20
<> Ignored tests: 0
<> Failed tests: 2
~ testGetMaxMiddleIndex(org.jfree.data.time.junit.TimePeriodValuesTests)
[expected:<1> but was:<3>]
junit.framework.AssertionFailedError: expected:<1> but was:<3>    at junit.framework.Assert.fail(Assert.java:57)
    at junit.framework.Assert.failNotEquals(Assert.java:329)
    at junit.framework.Assert.assertEquals(Assert.java:78)
    at junit.framework.Assert.assertEquals(Assert.java:234)
    at junit.framework.Assert.assertEquals(Assert.java:241)
    at junit.framework.TestCase.assertEquals(TestCase.java:409)
~ testGetMaxMiddleIndex(org.jfree.data.time.junit.TimePeriodValuesTests)
[expected:<1> but was:<3>]
junit.framework.AssertionFailedError: expected:<1> but was:<3>    at junit.framework.Assert.fail(Assert.java:57)
    at junit.framework.Assert.failNotEquals(Assert.java:329)
    at junit.framework.Assert.assertEquals(Assert.java:78)
    at junit.framework.Assert.assertEquals(Assert.java:234)
    at junit.framework.Assert.assertEquals(Assert.java:241)
    at junit.framework.TestCase.assertEquals(TestCase.java:409)

16:19:23.886 [pool-2-thread-1] DEBUG fr.inria.lille.repair.nopol.NoPol - statement #13
16:19:23.886 [pool-2-thread-1] DEBUG fr.inria.lille.repair.nopol.NoPol - Analysing SourceLocation org.jfree.data.time.TimePeriodValues:363 which is executed by 20 tests
794560977
16:19:23.962 [pool-2-thread-1] DEBUG fr.inria.lille.repair.nopol.NoPol - statement #14
16:19:23.962 [pool-2-thread-1] DEBUG fr.inria.lille.repair.nopol.NoPol - Analysing SourceLocation org.jfree.data.time.TimePeriodValue:97 which is executed by 26 tests
-528558332
16:19:24.033 [pool-2-thread-1] DEBUG fr.inria.lille.repair.nopol.NoPol - statement #15
16:19:24.034 [pool-2-thread-1] DEBUG fr.inria.lille.repair.nopol.NoPol - Analysing SourceLocation org.jfree.data.time.TimePeriodValues:335 which is executed by 26 tests
794560977
16:19:24.109 [pool-2-thread-1] DEBUG fr.inria.lille.repair.nopol.NoPol - statement #16
16:19:24.110 [pool-2-thread-1] DEBUG fr.inria.lille.repair.nopol.NoPol - Analysing SourceLocation org.jfree.data.time.TimePeriodValues:332 which is executed by 26 tests
794560977
16:19:24.185 [pool-2-thread-1] DEBUG fr.inria.lille.repair.nopol.NoPol - looking with class fr.inria.lille.repair.nopol.spoon.smt.ConditionalAdder
junit.framework.AssertionFailedError: expected:<1> but was:<3>
    at junit.framework.Assert.fail(Assert.java:57)
    at junit.framework.Assert.failNotEquals(Assert.java:329)
    at junit.framework.Assert.assertEquals(Assert.java:78)
    at junit.framework.Assert.assertEquals(Assert.java:234)
    at junit.framework.Assert.assertEquals(Assert.java:241)
    at junit.framework.TestCase.assertEquals(TestCase.java:409)
junit.framework.AssertionFailedError: expected:<1> but was:<3>
    at junit.framework.Assert.fail(Assert.java:57)
    at junit.framework.Assert.failNotEquals(Assert.java:329)
    at junit.framework.Assert.assertEquals(Assert.java:78)
    at junit.framework.Assert.assertEquals(Assert.java:234)
    at junit.framework.Assert.assertEquals(Assert.java:241)
    at junit.framework.TestCase.assertEquals(TestCase.java:409)
16:19:24.202 [pool-28-thread-1] INFO  xxl.java.junit.TestCasesListener - Tests run finished (13 ms)
<> Total tests run: 20
<> Ignored tests: 0
<> Failed tests: 2
~ testGetMaxMiddleIndex(org.jfree.data.time.junit.TimePeriodValuesTests)
[expected:<1> but was:<3>]
junit.framework.AssertionFailedError: expected:<1> but was:<3>    at junit.framework.Assert.fail(Assert.java:57)
    at junit.framework.Assert.failNotEquals(Assert.java:329)
    at junit.framework.Assert.assertEquals(Assert.java:78)
    at junit.framework.Assert.assertEquals(Assert.java:234)
    at junit.framework.Assert.assertEquals(Assert.java:241)
    at junit.framework.TestCase.assertEquals(TestCase.java:409)
~ testGetMaxMiddleIndex(org.jfree.data.time.junit.TimePeriodValuesTests)
[expected:<1> but was:<3>]
junit.framework.AssertionFailedError: expected:<1> but was:<3>    at junit.framework.Assert.fail(Assert.java:57)
    at junit.framework.Assert.failNotEquals(Assert.java:329)
    at junit.framework.Assert.assertEquals(Assert.java:78)
    at junit.framework.Assert.assertEquals(Assert.java:234)
    at junit.framework.Assert.assertEquals(Assert.java:241)
    at junit.framework.TestCase.assertEquals(TestCase.java:409)

16:19:24.323 [pool-2-thread-1] DEBUG fr.inria.lille.repair.nopol.NoPol - statement #17
16:19:24.323 [pool-2-thread-1] DEBUG fr.inria.lille.repair.nopol.NoPol - Analysing SourceLocation org.jfree.data.time.TimePeriodValues:330 which is executed by 26 tests
794560977
16:19:24.397 [pool-2-thread-1] DEBUG fr.inria.lille.repair.nopol.NoPol - statement #18
16:19:24.398 [pool-2-thread-1] DEBUG fr.inria.lille.repair.nopol.NoPol - Analysing SourceLocation org.jfree.data.time.TimePeriodValues:328 which is executed by 26 tests
794560977
16:19:24.471 [pool-2-thread-1] DEBUG fr.inria.lille.repair.nopol.NoPol - looking with class fr.inria.lille.repair.nopol.spoon.smt.ConditionalAdder
junit.framework.AssertionFailedError: expected:<1> but was:<3>
    at junit.framework.Assert.fail(Assert.java:57)
    at junit.framework.Assert.failNotEquals(Assert.java:329)
    at junit.framework.Assert.assertEquals(Assert.java:78)
    at junit.framework.Assert.assertEquals(Assert.java:234)
    at junit.framework.Assert.assertEquals(Assert.java:241)
    at junit.framework.TestCase.assertEquals(TestCase.java:409)
junit.framework.AssertionFailedError: expected:<1> but was:<3>
    at junit.framework.Assert.fail(Assert.java:57)
    at junit.framework.Assert.failNotEquals(Assert.java:329)
    at junit.framework.Assert.assertEquals(Assert.java:78)
    at junit.framework.Assert.assertEquals(Assert.java:234)
    at junit.framework.Assert.assertEquals(Assert.java:241)
    at junit.framework.TestCase.assertEquals(TestCase.java:409)
16:19:24.487 [pool-32-thread-1] INFO  xxl.java.junit.TestCasesListener - Tests run finished (12 ms)
<> Total tests run: 20
<> Ignored tests: 0
<> Failed tests: 2
~ testGetMaxMiddleIndex(org.jfree.data.time.junit.TimePeriodValuesTests)
[expected:<1> but was:<3>]
junit.framework.AssertionFailedError: expected:<1> but was:<3>    at junit.framework.Assert.fail(Assert.java:57)
    at junit.framework.Assert.failNotEquals(Assert.java:329)
    at junit.framework.Assert.assertEquals(Assert.java:78)
    at junit.framework.Assert.assertEquals(Assert.java:234)
    at junit.framework.Assert.assertEquals(Assert.java:241)
    at junit.framework.TestCase.assertEquals(TestCase.java:409)
~ testGetMaxMiddleIndex(org.jfree.data.time.junit.TimePeriodValuesTests)
[expected:<1> but was:<3>]
junit.framework.AssertionFailedError: expected:<1> but was:<3>    at junit.framework.Assert.fail(Assert.java:57)
    at junit.framework.Assert.failNotEquals(Assert.java:329)
    at junit.framework.Assert.assertEquals(Assert.java:78)
    at junit.framework.Assert.assertEquals(Assert.java:234)
    at junit.framework.Assert.assertEquals(Assert.java:241)
    at junit.framework.TestCase.assertEquals(TestCase.java:409)

16:19:24.604 [pool-2-thread-1] DEBUG fr.inria.lille.repair.nopol.NoPol - statement #19
16:19:24.604 [pool-2-thread-1] DEBUG fr.inria.lille.repair.nopol.NoPol - Analysing SourceLocation org.jfree.data.time.TimePeriodValues:327 which is executed by 26 tests
794560977
16:19:24.685 [pool-2-thread-1] DEBUG fr.inria.lille.repair.nopol.NoPol - looking with class fr.inria.lille.repair.nopol.spoon.smt.ConditionalAdder
junit.framework.AssertionFailedError: expected:<1> but was:<3>
    at junit.framework.Assert.fail(Assert.java:57)
    at junit.framework.Assert.failNotEquals(Assert.java:329)
    at junit.framework.Assert.assertEquals(Assert.java:78)
    at junit.framework.Assert.assertEquals(Assert.java:234)
    at junit.framework.Assert.assertEquals(Assert.java:241)
    at junit.framework.TestCase.assertEquals(TestCase.java:409)
junit.framework.AssertionFailedError: expected:<1> but was:<3>
    at junit.framework.Assert.fail(Assert.java:57)
    at junit.framework.Assert.failNotEquals(Assert.java:329)
    at junit.framework.Assert.assertEquals(Assert.java:78)
    at junit.framework.Assert.assertEquals(Assert.java:234)
    at junit.framework.Assert.assertEquals(Assert.java:241)
    at junit.framework.TestCase.assertEquals(TestCase.java:409)
16:19:24.702 [pool-36-thread-1] INFO  xxl.java.junit.TestCasesListener - Tests run finished (13 ms)
<> Total tests run: 20
<> Ignored tests: 0
<> Failed tests: 2
~ testGetMaxMiddleIndex(org.jfree.data.time.junit.TimePeriodValuesTests)
[expected:<1> but was:<3>]
junit.framework.AssertionFailedError: expected:<1> but was:<3>    at junit.framework.Assert.fail(Assert.java:57)
    at junit.framework.Assert.failNotEquals(Assert.java:329)
    at junit.framework.Assert.assertEquals(Assert.java:78)
    at junit.framework.Assert.assertEquals(Assert.java:234)
    at junit.framework.Assert.assertEquals(Assert.java:241)
    at junit.framework.TestCase.assertEquals(TestCase.java:409)
~ testGetMaxMiddleIndex(org.jfree.data.time.junit.TimePeriodValuesTests)
[expected:<1> but was:<3>]
junit.framework.AssertionFailedError: expected:<1> but was:<3>    at junit.framework.Assert.fail(Assert.java:57)
    at junit.framework.Assert.failNotEquals(Assert.java:329)
    at junit.framework.Assert.assertEquals(Assert.java:78)
    at junit.framework.Assert.assertEquals(Assert.java:234)
    at junit.framework.Assert.assertEquals(Assert.java:241)
    at junit.framework.TestCase.assertEquals(TestCase.java:409)

16:19:24.815 [pool-2-thread-1] DEBUG fr.inria.lille.repair.nopol.NoPol - looking with class fr.inria.lille.repair.nopol.spoon.smt.ConditionalReplacer
junit.framework.AssertionFailedError: expected:<1> but was:<3>
    at junit.framework.Assert.fail(Assert.java:57)
    at junit.framework.Assert.failNotEquals(Assert.java:329)
    at junit.framework.Assert.assertEquals(Assert.java:78)
    at junit.framework.Assert.assertEquals(Assert.java:234)
    at junit.framework.Assert.assertEquals(Assert.java:241)
    at junit.framework.TestCase.assertEquals(TestCase.java:409)
junit.framework.AssertionFailedError: expected:<1> but was:<3>
    at junit.framework.Assert.fail(Assert.java:57)
    at junit.framework.Assert.failNotEquals(Assert.java:329)
    at junit.framework.Assert.assertEquals(Assert.java:78)
    at junit.framework.Assert.assertEquals(Assert.java:234)
    at junit.framework.Assert.assertEquals(Assert.java:241)
    at junit.framework.TestCase.assertEquals(TestCase.java:409)
16:19:24.828 [pool-40-thread-1] INFO  xxl.java.junit.TestCasesListener - Tests run finished (11 ms)
<> Total tests run: 20
<> Ignored tests: 0
<> Failed tests: 2
~ testGetMaxMiddleIndex(org.jfree.data.time.junit.TimePeriodValuesTests)
[expected:<1> but was:<3>]
junit.framework.AssertionFailedError: expected:<1> but was:<3>    at junit.framework.Assert.fail(Assert.java:57)
    at junit.framework.Assert.failNotEquals(Assert.java:329)
    at junit.framework.Assert.assertEquals(Assert.java:78)
    at junit.framework.Assert.assertEquals(Assert.java:234)
    at junit.framework.Assert.assertEquals(Assert.java:241)
    at junit.framework.TestCase.assertEquals(TestCase.java:409)
~ testGetMaxMiddleIndex(org.jfree.data.time.junit.TimePeriodValuesTests)
[expected:<1> but was:<3>]
junit.framework.AssertionFailedError: expected:<1> but was:<3>    at junit.framework.Assert.fail(Assert.java:57)
    at junit.framework.Assert.failNotEquals(Assert.java:329)
    at junit.framework.Assert.assertEquals(Assert.java:78)
    at junit.framework.Assert.assertEquals(Assert.java:234)
    at junit.framework.Assert.assertEquals(Assert.java:241)
    at junit.framework.TestCase.assertEquals(TestCase.java:409)

16:19:24.938 [pool-2-thread-1] DEBUG fr.inria.lille.repair.nopol.NoPol - statement #20
16:19:24.938 [pool-2-thread-1] DEBUG fr.inria.lille.repair.nopol.NoPol - Analysing SourceLocation org.jfree.data.time.TimePeriodValues:325 which is executed by 26 tests
794560977
16:19:25.013 [pool-2-thread-1] DEBUG fr.inria.lille.repair.nopol.NoPol - statement #21
16:19:25.013 [pool-2-thread-1] DEBUG fr.inria.lille.repair.nopol.NoPol - Analysing SourceLocation org.jfree.data.time.TimePeriodValues:324 which is executed by 26 tests
794560977
16:19:25.088 [pool-2-thread-1] DEBUG fr.inria.lille.repair.nopol.NoPol - looking with class fr.inria.lille.repair.nopol.spoon.smt.ConditionalAdder
junit.framework.AssertionFailedError: expected:<1> but was:<3>
    at junit.framework.Assert.fail(Assert.java:57)
    at junit.framework.Assert.failNotEquals(Assert.java:329)
    at junit.framework.Assert.assertEquals(Assert.java:78)
    at junit.framework.Assert.assertEquals(Assert.java:234)
    at junit.framework.Assert.assertEquals(Assert.java:241)
    at junit.framework.TestCase.assertEquals(TestCase.java:409)
junit.framework.AssertionFailedError: expected:<1> but was:<3>
    at junit.framework.Assert.fail(Assert.java:57)
    at junit.framework.Assert.failNotEquals(Assert.java:329)
    at junit.framework.Assert.assertEquals(Assert.java:78)
    at junit.framework.Assert.assertEquals(Assert.java:234)
    at junit.framework.Assert.assertEquals(Assert.java:241)
    at junit.framework.TestCase.assertEquals(TestCase.java:409)
16:19:25.104 [pool-44-thread-1] INFO  xxl.java.junit.TestCasesListener - Tests run finished (11 ms)
<> Total tests run: 20
<> Ignored tests: 0
<> Failed tests: 2
~ testGetMaxMiddleIndex(org.jfree.data.time.junit.TimePeriodValuesTests)
[expected:<1> but was:<3>]
junit.framework.AssertionFailedError: expected:<1> but was:<3>    at junit.framework.Assert.fail(Assert.java:57)
    at junit.framework.Assert.failNotEquals(Assert.java:329)
    at junit.framework.Assert.assertEquals(Assert.java:78)
    at junit.framework.Assert.assertEquals(Assert.java:234)
    at junit.framework.Assert.assertEquals(Assert.java:241)
    at junit.framework.TestCase.assertEquals(TestCase.java:409)
~ testGetMaxMiddleIndex(org.jfree.data.time.junit.TimePeriodValuesTests)
[expected:<1> but was:<3>]
junit.framework.AssertionFailedError: expected:<1> but was:<3>    at junit.framework.Assert.fail(Assert.java:57)
    at junit.framework.Assert.failNotEquals(Assert.java:329)
    at junit.framework.Assert.assertEquals(Assert.java:78)
    at junit.framework.Assert.assertEquals(Assert.java:234)
    at junit.framework.Assert.assertEquals(Assert.java:241)
    at junit.framework.TestCase.assertEquals(TestCase.java:409)

16:19:25.220 [pool-2-thread-1] DEBUG fr.inria.lille.repair.nopol.NoPol - looking with class fr.inria.lille.repair.nopol.spoon.smt.ConditionalReplacer
junit.framework.AssertionFailedError: expected:<1> but was:<3>
    at junit.framework.Assert.fail(Assert.java:57)
    at junit.framework.Assert.failNotEquals(Assert.java:329)
    at junit.framework.Assert.assertEquals(Assert.java:78)
    at junit.framework.Assert.assertEquals(Assert.java:234)
    at junit.framework.Assert.assertEquals(Assert.java:241)
    at junit.framework.TestCase.assertEquals(TestCase.java:409)
junit.framework.AssertionFailedError: expected:<1> but was:<3>
    at junit.framework.Assert.fail(Assert.java:57)
    at junit.framework.Assert.failNotEquals(Assert.java:329)
    at junit.framework.Assert.assertEquals(Assert.java:78)
    at junit.framework.Assert.assertEquals(Assert.java:234)
    at junit.framework.Assert.assertEquals(Assert.java:241)
    at junit.framework.TestCase.assertEquals(TestCase.java:409)
16:19:25.234 [pool-48-thread-1] INFO  xxl.java.junit.TestCasesListener - Tests run finished (10 ms)
<> Total tests run: 20
<> Ignored tests: 0
<> Failed tests: 2
~ testGetMaxMiddleIndex(org.jfree.data.time.junit.TimePeriodValuesTests)
[expected:<1> but was:<3>]
junit.framework.AssertionFailedError: expected:<1> but was:<3>    at junit.framework.Assert.fail(Assert.java:57)
    at junit.framework.Assert.failNotEquals(Assert.java:329)
    at junit.framework.Assert.assertEquals(Assert.java:78)
    at junit.framework.Assert.assertEquals(Assert.java:234)
    at junit.framework.Assert.assertEquals(Assert.java:241)
    at junit.framework.TestCase.assertEquals(TestCase.java:409)
~ testGetMaxMiddleIndex(org.jfree.data.time.junit.TimePeriodValuesTests)
[expected:<1> but was:<3>]
junit.framework.AssertionFailedError: expected:<1> but was:<3>    at junit.framework.Assert.fail(Assert.java:57)
    at junit.framework.Assert.failNotEquals(Assert.java:329)
    at junit.framework.Assert.assertEquals(Assert.java:78)
    at junit.framework.Assert.assertEquals(Assert.java:234)
    at junit.framework.Assert.assertEquals(Assert.java:241)
    at junit.framework.TestCase.assertEquals(TestCase.java:409)

16:19:25.352 [pool-2-thread-1] DEBUG fr.inria.lille.repair.nopol.NoPol - statement #22
16:19:25.353 [pool-2-thread-1] DEBUG fr.inria.lille.repair.nopol.NoPol - Analysing SourceLocation org.jfree.data.time.TimePeriodValues:321 which is executed by 26 tests
794560977
16:19:25.427 [pool-2-thread-1] DEBUG fr.inria.lille.repair.nopol.NoPol - looking with class fr.inria.lille.repair.nopol.spoon.smt.ConditionalAdder
junit.framework.AssertionFailedError: expected:<1> but was:<3>
    at junit.framework.Assert.fail(Assert.java:57)
    at junit.framework.Assert.failNotEquals(Assert.java:329)
    at junit.framework.Assert.assertEquals(Assert.java:78)
    at junit.framework.Assert.assertEquals(Assert.java:234)
    at junit.framework.Assert.assertEquals(Assert.java:241)
    at junit.framework.TestCase.assertEquals(TestCase.java:409)
junit.framework.AssertionFailedError: expected:<1> but was:<3>
    at junit.framework.Assert.fail(Assert.java:57)
    at junit.framework.Assert.failNotEquals(Assert.java:329)
    at junit.framework.Assert.assertEquals(Assert.java:78)
    at junit.framework.Assert.assertEquals(Assert.java:234)
    at junit.framework.Assert.assertEquals(Assert.java:241)
    at junit.framework.TestCase.assertEquals(TestCase.java:409)
16:19:25.443 [pool-52-thread-1] INFO  xxl.java.junit.TestCasesListener - Tests run finished (11 ms)
<> Total tests run: 20
<> Ignored tests: 0
<> Failed tests: 2
~ testGetMaxMiddleIndex(org.jfree.data.time.junit.TimePeriodValuesTests)
[expected:<1> but was:<3>]
junit.framework.AssertionFailedError: expected:<1> but was:<3>    at junit.framework.Assert.fail(Assert.java:57)
    at junit.framework.Assert.failNotEquals(Assert.java:329)
    at junit.framework.Assert.assertEquals(Assert.java:78)
    at junit.framework.Assert.assertEquals(Assert.java:234)
    at junit.framework.Assert.assertEquals(Assert.java:241)
    at junit.framework.TestCase.assertEquals(TestCase.java:409)
~ testGetMaxMiddleIndex(org.jfree.data.time.junit.TimePeriodValuesTests)
[expected:<1> but was:<3>]
junit.framework.AssertionFailedError: expected:<1> but was:<3>    at junit.framework.Assert.fail(Assert.java:57)
    at junit.framework.Assert.failNotEquals(Assert.java:329)
    at junit.framework.Assert.assertEquals(Assert.java:78)
    at junit.framework.Assert.assertEquals(Assert.java:234)
    at junit.framework.Assert.assertEquals(Assert.java:241)
    at junit.framework.TestCase.assertEquals(TestCase.java:409)

16:19:25.558 [pool-2-thread-1] DEBUG fr.inria.lille.repair.nopol.NoPol - statement #23
16:19:25.558 [pool-2-thread-1] DEBUG fr.inria.lille.repair.nopol.NoPol - Analysing SourceLocation org.jfree.data.time.TimePeriodValues:319 which is executed by 26 tests
794560977
16:19:25.632 [pool-2-thread-1] DEBUG fr.inria.lille.repair.nopol.NoPol - statement #24
16:19:25.632 [pool-2-thread-1] DEBUG fr.inria.lille.repair.nopol.NoPol - Analysing SourceLocation org.jfree.data.time.TimePeriodValues:316 which is executed by 26 tests
794560977
16:19:25.707 [pool-2-thread-1] DEBUG fr.inria.lille.repair.nopol.NoPol - looking with class fr.inria.lille.repair.nopol.spoon.smt.ConditionalAdder
junit.framework.AssertionFailedError: expected:<1> but was:<3>
    at junit.framework.Assert.fail(Assert.java:57)
    at junit.framework.Assert.failNotEquals(Assert.java:329)
    at junit.framework.Assert.assertEquals(Assert.java:78)
    at junit.framework.Assert.assertEquals(Assert.java:234)
    at junit.framework.Assert.assertEquals(Assert.java:241)
    at junit.framework.TestCase.assertEquals(TestCase.java:409)
junit.framework.AssertionFailedError: expected:<1> but was:<3>
    at junit.framework.Assert.fail(Assert.java:57)
    at junit.framework.Assert.failNotEquals(Assert.java:329)
    at junit.framework.Assert.assertEquals(Assert.java:78)
    at junit.framework.Assert.assertEquals(Assert.java:234)
    at junit.framework.Assert.assertEquals(Assert.java:241)
    at junit.framework.TestCase.assertEquals(TestCase.java:409)
16:19:25.728 [pool-56-thread-1] INFO  xxl.java.junit.TestCasesListener - Tests run finished (16 ms)
<> Total tests run: 20
<> Ignored tests: 0
<> Failed tests: 2
~ testGetMaxMiddleIndex(org.jfree.data.time.junit.TimePeriodValuesTests)
[expected:<1> but was:<3>]
junit.framework.AssertionFailedError: expected:<1> but was:<3>    at junit.framework.Assert.fail(Assert.java:57)
    at junit.framework.Assert.failNotEquals(Assert.java:329)
    at junit.framework.Assert.assertEquals(Assert.java:78)
    at junit.framework.Assert.assertEquals(Assert.java:234)
    at junit.framework.Assert.assertEquals(Assert.java:241)
    at junit.framework.TestCase.assertEquals(TestCase.java:409)
~ testGetMaxMiddleIndex(org.jfree.data.time.junit.TimePeriodValuesTests)
[expected:<1> but was:<3>]
junit.framework.AssertionFailedError: expected:<1> but was:<3>    at junit.framework.Assert.fail(Assert.java:57)
    at junit.framework.Assert.failNotEquals(Assert.java:329)
    at junit.framework.Assert.assertEquals(Assert.java:78)
    at junit.framework.Assert.assertEquals(Assert.java:234)
    at junit.framework.Assert.assertEquals(Assert.java:241)
    at junit.framework.TestCase.assertEquals(TestCase.java:409)

16:19:25.833 [pool-2-thread-1] DEBUG fr.inria.lille.repair.nopol.NoPol - looking with class fr.inria.lille.repair.nopol.spoon.smt.ConditionalReplacer
junit.framework.AssertionFailedError: expected:<1> but was:<3>
    at junit.framework.Assert.fail(Assert.java:57)
    at junit.framework.Assert.failNotEquals(Assert.java:329)
    at junit.framework.Assert.assertEquals(Assert.java:78)
    at junit.framework.Assert.assertEquals(Assert.java:234)
    at junit.framework.Assert.assertEquals(Assert.java:241)
    at junit.framework.TestCase.assertEquals(TestCase.java:409)
junit.framework.AssertionFailedError: expected:<1> but was:<3>
    at junit.framework.Assert.fail(Assert.java:57)
    at junit.framework.Assert.failNotEquals(Assert.java:329)
    at junit.framework.Assert.assertEquals(Assert.java:78)
    at junit.framework.Assert.assertEquals(Assert.java:234)
    at junit.framework.Assert.assertEquals(Assert.java:241)
    at junit.framework.TestCase.assertEquals(TestCase.java:409)
16:19:25.848 [pool-60-thread-1] INFO  xxl.java.junit.TestCasesListener - Tests run finished (11 ms)
<> Total tests run: 20
<> Ignored tests: 0
<> Failed tests: 2
~ testGetMaxMiddleIndex(org.jfree.data.time.junit.TimePeriodValuesTests)
[expected:<1> but was:<3>]
junit.framework.AssertionFailedError: expected:<1> but was:<3>    at junit.framework.Assert.fail(Assert.java:57)
    at junit.framework.Assert.failNotEquals(Assert.java:329)
    at junit.framework.Assert.assertEquals(Assert.java:78)
    at junit.framework.Assert.assertEquals(Assert.java:234)
    at junit.framework.Assert.assertEquals(Assert.java:241)
    at junit.framework.TestCase.assertEquals(TestCase.java:409)
~ testGetMaxMiddleIndex(org.jfree.data.time.junit.TimePeriodValuesTests)
[expected:<1> but was:<3>]
junit.framework.AssertionFailedError: expected:<1> but was:<3>    at junit.framework.Assert.fail(Assert.java:57)
    at junit.framework.Assert.failNotEquals(Assert.java:329)
    at junit.framework.Assert.assertEquals(Assert.java:78)
    at junit.framework.Assert.assertEquals(Assert.java:234)
    at junit.framework.Assert.assertEquals(Assert.java:241)
    at junit.framework.TestCase.assertEquals(TestCase.java:409)

16:19:25.954 [pool-2-thread-1] DEBUG fr.inria.lille.repair.nopol.NoPol - statement #25
16:19:25.955 [pool-2-thread-1] DEBUG fr.inria.lille.repair.nopol.NoPol - Analysing SourceLocation org.jfree.data.time.TimePeriodValues:314 which is executed by 26 tests
794560977
16:19:26.030 [pool-2-thread-1] DEBUG fr.inria.lille.repair.nopol.NoPol - statement #26
16:19:26.030 [pool-2-thread-1] DEBUG fr.inria.lille.repair.nopol.NoPol - Analysing SourceLocation org.jfree.data.time.TimePeriodValues:313 which is executed by 26 tests
794560977
16:19:26.104 [pool-2-thread-1] DEBUG fr.inria.lille.repair.nopol.NoPol - looking with class fr.inria.lille.repair.nopol.spoon.smt.ConditionalAdder
junit.framework.AssertionFailedError: expected:<1> but was:<3>
    at junit.framework.Assert.fail(Assert.java:57)
    at junit.framework.Assert.failNotEquals(Assert.java:329)
    at junit.framework.Assert.assertEquals(Assert.java:78)
    at junit.framework.Assert.assertEquals(Assert.java:234)
    at junit.framework.Assert.assertEquals(Assert.java:241)
    at junit.framework.TestCase.assertEquals(TestCase.java:409)
junit.framework.AssertionFailedError: expected:<1> but was:<3>
    at junit.framework.Assert.fail(Assert.java:57)
    at junit.framework.Assert.failNotEquals(Assert.java:329)
    at junit.framework.Assert.assertEquals(Assert.java:78)
    at junit.framework.Assert.assertEquals(Assert.java:234)
    at junit.framework.Assert.assertEquals(Assert.java:241)
    at junit.framework.TestCase.assertEquals(TestCase.java:409)
16:19:26.120 [pool-64-thread-1] INFO  xxl.java.junit.TestCasesListener - Tests run finished (11 ms)
<> Total tests run: 20
<> Ignored tests: 0
<> Failed tests: 2
~ testGetMaxMiddleIndex(org.jfree.data.time.junit.TimePeriodValuesTests)
[expected:<1> but was:<3>]
junit.framework.AssertionFailedError: expected:<1> but was:<3>    at junit.framework.Assert.fail(Assert.java:57)
    at junit.framework.Assert.failNotEquals(Assert.java:329)
    at junit.framework.Assert.assertEquals(Assert.java:78)
    at junit.framework.Assert.assertEquals(Assert.java:234)
    at junit.framework.Assert.assertEquals(Assert.java:241)
    at junit.framework.TestCase.assertEquals(TestCase.java:409)
~ testGetMaxMiddleIndex(org.jfree.data.time.junit.TimePeriodValuesTests)
[expected:<1> but was:<3>]
junit.framework.AssertionFailedError: expected:<1> but was:<3>    at junit.framework.Assert.fail(Assert.java:57)
    at junit.framework.Assert.failNotEquals(Assert.java:329)
    at junit.framework.Assert.assertEquals(Assert.java:78)
    at junit.framework.Assert.assertEquals(Assert.java:234)
    at junit.framework.Assert.assertEquals(Assert.java:241)
    at junit.framework.TestCase.assertEquals(TestCase.java:409)

16:19:26.230 [pool-2-thread-1] DEBUG fr.inria.lille.repair.nopol.NoPol - looking with class fr.inria.lille.repair.nopol.spoon.smt.ConditionalReplacer
junit.framework.AssertionFailedError: expected:<1> but was:<3>
    at junit.framework.Assert.fail(Assert.java:57)
    at junit.framework.Assert.failNotEquals(Assert.java:329)
    at junit.framework.Assert.assertEquals(Assert.java:78)
    at junit.framework.Assert.assertEquals(Assert.java:234)
    at junit.framework.Assert.assertEquals(Assert.java:241)
    at junit.framework.TestCase.assertEquals(TestCase.java:409)
junit.framework.AssertionFailedError: expected:<1> but was:<3>
    at junit.framework.Assert.fail(Assert.java:57)
    at junit.framework.Assert.failNotEquals(Assert.java:329)
    at junit.framework.Assert.assertEquals(Assert.java:78)
    at junit.framework.Assert.assertEquals(Assert.java:234)
    at junit.framework.Assert.assertEquals(Assert.java:241)
    at junit.framework.TestCase.assertEquals(TestCase.java:409)
16:19:26.243 [pool-68-thread-1] INFO  xxl.java.junit.TestCasesListener - Tests run finished (10 ms)
<> Total tests run: 20
<> Ignored tests: 0
<> Failed tests: 2
~ testGetMaxMiddleIndex(org.jfree.data.time.junit.TimePeriodValuesTests)
[expected:<1> but was:<3>]
junit.framework.AssertionFailedError: expected:<1> but was:<3>    at junit.framework.Assert.fail(Assert.java:57)
    at junit.framework.Assert.failNotEquals(Assert.java:329)
    at junit.framework.Assert.assertEquals(Assert.java:78)
    at junit.framework.Assert.assertEquals(Assert.java:234)
    at junit.framework.Assert.assertEquals(Assert.java:241)
    at junit.framework.TestCase.assertEquals(TestCase.java:409)
~ testGetMaxMiddleIndex(org.jfree.data.time.junit.TimePeriodValuesTests)
[expected:<1> but was:<3>]
junit.framework.AssertionFailedError: expected:<1> but was:<3>    at junit.framework.Assert.fail(Assert.java:57)
    at junit.framework.Assert.failNotEquals(Assert.java:329)
    at junit.framework.Assert.assertEquals(Assert.java:78)
    at junit.framework.Assert.assertEquals(Assert.java:234)
    at junit.framework.Assert.assertEquals(Assert.java:241)
    at junit.framework.TestCase.assertEquals(TestCase.java:409)

16:19:26.361 [pool-2-thread-1] DEBUG fr.inria.lille.repair.nopol.NoPol - statement #27
16:19:26.361 [pool-2-thread-1] DEBUG fr.inria.lille.repair.nopol.NoPol - Analysing SourceLocation org.jfree.data.time.TimePeriodValues:310 which is executed by 26 tests
794560977
16:19:26.436 [pool-2-thread-1] DEBUG fr.inria.lille.repair.nopol.NoPol - looking with class fr.inria.lille.repair.nopol.spoon.smt.ConditionalAdder
junit.framework.AssertionFailedError: expected:<1> but was:<3>
    at junit.framework.Assert.fail(Assert.java:57)
    at junit.framework.Assert.failNotEquals(Assert.java:329)
    at junit.framework.Assert.assertEquals(Assert.java:78)
    at junit.framework.Assert.assertEquals(Assert.java:234)
    at junit.framework.Assert.assertEquals(Assert.java:241)
    at junit.framework.TestCase.assertEquals(TestCase.java:409)
junit.framework.AssertionFailedError: expected:<1> but was:<3>
    at junit.framework.Assert.fail(Assert.java:57)
    at junit.framework.Assert.failNotEquals(Assert.java:329)
    at junit.framework.Assert.assertEquals(Assert.java:78)
    at junit.framework.Assert.assertEquals(Assert.java:234)
    at junit.framework.Assert.assertEquals(Assert.java:241)
    at junit.framework.TestCase.assertEquals(TestCase.java:409)
16:19:26.451 [pool-72-thread-1] INFO  xxl.java.junit.TestCasesListener - Tests run finished (11 ms)
<> Total tests run: 20
<> Ignored tests: 0
<> Failed tests: 2
~ testGetMaxMiddleIndex(org.jfree.data.time.junit.TimePeriodValuesTests)
[expected:<1> but was:<3>]
junit.framework.AssertionFailedError: expected:<1> but was:<3>    at junit.framework.Assert.fail(Assert.java:57)
    at junit.framework.Assert.failNotEquals(Assert.java:329)
    at junit.framework.Assert.assertEquals(Assert.java:78)
    at junit.framework.Assert.assertEquals(Assert.java:234)
    at junit.framework.Assert.assertEquals(Assert.java:241)
    at junit.framework.TestCase.assertEquals(TestCase.java:409)
~ testGetMaxMiddleIndex(org.jfree.data.time.junit.TimePeriodValuesTests)
[expected:<1> but was:<3>]
junit.framework.AssertionFailedError: expected:<1> but was:<3>    at junit.framework.Assert.fail(Assert.java:57)
    at junit.framework.Assert.failNotEquals(Assert.java:329)
    at junit.framework.Assert.assertEquals(Assert.java:78)
    at junit.framework.Assert.assertEquals(Assert.java:234)
    at junit.framework.Assert.assertEquals(Assert.java:241)
    at junit.framework.TestCase.assertEquals(TestCase.java:409)

16:19:26.574 [pool-2-thread-1] DEBUG fr.inria.lille.repair.nopol.NoPol - statement #28
16:19:26.574 [pool-2-thread-1] DEBUG fr.inria.lille.repair.nopol.NoPol - Analysing SourceLocation org.jfree.data.time.TimePeriodValues:308 which is executed by 26 tests
794560977
16:19:26.648 [pool-2-thread-1] DEBUG fr.inria.lille.repair.nopol.NoPol - statement #29
16:19:26.649 [pool-2-thread-1] DEBUG fr.inria.lille.repair.nopol.NoPol - Analysing SourceLocation org.jfree.data.time.TimePeriodValues:306 which is executed by 26 tests
794560977
16:19:26.723 [pool-2-thread-1] DEBUG fr.inria.lille.repair.nopol.NoPol - looking with class fr.inria.lille.repair.nopol.spoon.smt.ConditionalAdder
junit.framework.AssertionFailedError: expected:<1> but was:<3>
    at junit.framework.Assert.fail(Assert.java:57)
    at junit.framework.Assert.failNotEquals(Assert.java:329)
    at junit.framework.Assert.assertEquals(Assert.java:78)
    at junit.framework.Assert.assertEquals(Assert.java:234)
    at junit.framework.Assert.assertEquals(Assert.java:241)
    at junit.framework.TestCase.assertEquals(TestCase.java:409)
junit.framework.AssertionFailedError: expected:<1> but was:<3>
    at junit.framework.Assert.fail(Assert.java:57)
    at junit.framework.Assert.failNotEquals(Assert.java:329)
    at junit.framework.Assert.assertEquals(Assert.java:78)
    at junit.framework.Assert.assertEquals(Assert.java:234)
    at junit.framework.Assert.assertEquals(Assert.java:241)
    at junit.framework.TestCase.assertEquals(TestCase.java:409)
16:19:26.736 [pool-76-thread-1] INFO  xxl.java.junit.TestCasesListener - Tests run finished (10 ms)
<> Total tests run: 20
<> Ignored tests: 0
<> Failed tests: 2
~ testGetMaxMiddleIndex(org.jfree.data.time.junit.TimePeriodValuesTests)
[expected:<1> but was:<3>]
junit.framework.AssertionFailedError: expected:<1> but was:<3>    at junit.framework.Assert.fail(Assert.java:57)
    at junit.framework.Assert.failNotEquals(Assert.java:329)
    at junit.framework.Assert.assertEquals(Assert.java:78)
    at junit.framework.Assert.assertEquals(Assert.java:234)
    at junit.framework.Assert.assertEquals(Assert.java:241)
    at junit.framework.TestCase.assertEquals(TestCase.java:409)
~ testGetMaxMiddleIndex(org.jfree.data.time.junit.TimePeriodValuesTests)
[expected:<1> but was:<3>]
junit.framework.AssertionFailedError: expected:<1> but was:<3>    at junit.framework.Assert.fail(Assert.java:57)
    at junit.framework.Assert.failNotEquals(Assert.java:329)
    at junit.framework.Assert.assertEquals(Assert.java:78)
    at junit.framework.Assert.assertEquals(Assert.java:234)
    at junit.framework.Assert.assertEquals(Assert.java:241)
    at junit.framework.TestCase.assertEquals(TestCase.java:409)

16:19:26.841 [pool-2-thread-1] DEBUG fr.inria.lille.repair.nopol.NoPol - statement #30
16:19:26.841 [pool-2-thread-1] DEBUG fr.inria.lille.repair.nopol.NoPol - Analysing SourceLocation org.jfree.data.time.TimePeriodValues:305 which is executed by 26 tests
794560977
16:19:26.936 [pool-2-thread-1] DEBUG fr.inria.lille.repair.nopol.NoPol - looking with class fr.inria.lille.repair.nopol.spoon.smt.ConditionalAdder
junit.framework.AssertionFailedError: expected:<1> but was:<3>
    at junit.framework.Assert.fail(Assert.java:57)
    at junit.framework.Assert.failNotEquals(Assert.java:329)
    at junit.framework.Assert.assertEquals(Assert.java:78)
    at junit.framework.Assert.assertEquals(Assert.java:234)
    at junit.framework.Assert.assertEquals(Assert.java:241)
    at junit.framework.TestCase.assertEquals(TestCase.java:409)
junit.framework.AssertionFailedError: expected:<1> but was:<3>
    at junit.framework.Assert.fail(Assert.java:57)
    at junit.framework.Assert.failNotEquals(Assert.java:329)
    at junit.framework.Assert.assertEquals(Assert.java:78)
    at junit.framework.Assert.assertEquals(Assert.java:234)
    at junit.framework.Assert.assertEquals(Assert.java:241)
    at junit.framework.TestCase.assertEquals(TestCase.java:409)
16:19:26.950 [pool-80-thread-1] INFO  xxl.java.junit.TestCasesListener - Tests run finished (10 ms)
<> Total tests run: 20
<> Ignored tests: 0
<> Failed tests: 2
~ testGetMaxMiddleIndex(org.jfree.data.time.junit.TimePeriodValuesTests)
[expected:<1> but was:<3>]
junit.framework.AssertionFailedError: expected:<1> but was:<3>    at junit.framework.Assert.fail(Assert.java:57)
    at junit.framework.Assert.failNotEquals(Assert.java:329)
    at junit.framework.Assert.assertEquals(Assert.java:78)
    at junit.framework.Assert.assertEquals(Assert.java:234)
    at junit.framework.Assert.assertEquals(Assert.java:241)
    at junit.framework.TestCase.assertEquals(TestCase.java:409)
~ testGetMaxMiddleIndex(org.jfree.data.time.junit.TimePeriodValuesTests)
[expected:<1> but was:<3>]
junit.framework.AssertionFailedError: expected:<1> but was:<3>    at junit.framework.Assert.fail(Assert.java:57)
    at junit.framework.Assert.failNotEquals(Assert.java:329)
    at junit.framework.Assert.assertEquals(Assert.java:78)
    at junit.framework.Assert.assertEquals(Assert.java:234)
    at junit.framework.Assert.assertEquals(Assert.java:241)
    at junit.framework.TestCase.assertEquals(TestCase.java:409)

16:19:27.050 [pool-2-thread-1] DEBUG fr.inria.lille.repair.nopol.NoPol - looking with class fr.inria.lille.repair.nopol.spoon.smt.ConditionalReplacer
junit.framework.AssertionFailedError: expected:<1> but was:<3>
    at junit.framework.Assert.fail(Assert.java:57)
    at junit.framework.Assert.failNotEquals(Assert.java:329)
    at junit.framework.Assert.assertEquals(Assert.java:78)
    at junit.framework.Assert.assertEquals(Assert.java:234)
    at junit.framework.Assert.assertEquals(Assert.java:241)
    at junit.framework.TestCase.assertEquals(TestCase.java:409)
junit.framework.AssertionFailedError: expected:<1> but was:<3>
    at junit.framework.Assert.fail(Assert.java:57)
    at junit.framework.Assert.failNotEquals(Assert.java:329)
    at junit.framework.Assert.assertEquals(Assert.java:78)
    at junit.framework.Assert.assertEquals(Assert.java:234)
    at junit.framework.Assert.assertEquals(Assert.java:241)
    at junit.framework.TestCase.assertEquals(TestCase.java:409)
16:19:27.063 [pool-84-thread-1] INFO  xxl.java.junit.TestCasesListener - Tests run finished (9 ms)
<> Total tests run: 20
<> Ignored tests: 0
<> Failed tests: 2
~ testGetMaxMiddleIndex(org.jfree.data.time.junit.TimePeriodValuesTests)
[expected:<1> but was:<3>]
junit.framework.AssertionFailedError: expected:<1> but was:<3>    at junit.framework.Assert.fail(Assert.java:57)
    at junit.framework.Assert.failNotEquals(Assert.java:329)
    at junit.framework.Assert.assertEquals(Assert.java:78)
    at junit.framework.Assert.assertEquals(Assert.java:234)
    at junit.framework.Assert.assertEquals(Assert.java:241)
    at junit.framework.TestCase.assertEquals(TestCase.java:409)
~ testGetMaxMiddleIndex(org.jfree.data.time.junit.TimePeriodValuesTests)
[expected:<1> but was:<3>]
junit.framework.AssertionFailedError: expected:<1> but was:<3>    at junit.framework.Assert.fail(Assert.java:57)
    at junit.framework.Assert.failNotEquals(Assert.java:329)
    at junit.framework.Assert.assertEquals(Assert.java:78)
    at junit.framework.Assert.assertEquals(Assert.java:234)
    at junit.framework.Assert.assertEquals(Assert.java:241)
    at junit.framework.TestCase.assertEquals(TestCase.java:409)

16:19:27.170 [pool-2-thread-1] DEBUG fr.inria.lille.repair.nopol.NoPol - statement #31
16:19:27.170 [pool-2-thread-1] DEBUG fr.inria.lille.repair.nopol.NoPol - Analysing SourceLocation org.jfree.data.time.TimePeriodValues:304 which is executed by 26 tests
794560977
16:19:27.244 [pool-2-thread-1] DEBUG fr.inria.lille.repair.nopol.NoPol - statement #32
16:19:27.244 [pool-2-thread-1] DEBUG fr.inria.lille.repair.nopol.NoPol - Analysing SourceLocation org.jfree.data.time.TimePeriodValues:302 which is executed by 26 tests
794560977
16:19:27.317 [pool-2-thread-1] DEBUG fr.inria.lille.repair.nopol.NoPol - statement #33
16:19:27.317 [pool-2-thread-1] DEBUG fr.inria.lille.repair.nopol.NoPol - Analysing SourceLocation org.jfree.data.time.TimePeriodValues:300 which is executed by 26 tests
794560977
16:19:27.392 [pool-2-thread-1] DEBUG fr.inria.lille.repair.nopol.NoPol - statement #34
16:19:27.393 [pool-2-thread-1] DEBUG fr.inria.lille.repair.nopol.NoPol - Analysing SourceLocation org.jfree.data.time.TimePeriodValues:299 which is executed by 26 tests
794560977
16:19:27.466 [pool-2-thread-1] DEBUG fr.inria.lille.repair.nopol.NoPol - looking with class fr.inria.lille.repair.nopol.spoon.smt.ConditionalAdder
junit.framework.AssertionFailedError: expected:<1> but was:<3>
    at junit.framework.Assert.fail(Assert.java:57)
    at junit.framework.Assert.failNotEquals(Assert.java:329)
    at junit.framework.Assert.assertEquals(Assert.java:78)
    at junit.framework.Assert.assertEquals(Assert.java:234)
    at junit.framework.Assert.assertEquals(Assert.java:241)
    at junit.framework.TestCase.assertEquals(TestCase.java:409)
junit.framework.AssertionFailedError: expected:<1> but was:<3>
    at junit.framework.Assert.fail(Assert.java:57)
    at junit.framework.Assert.failNotEquals(Assert.java:329)
    at junit.framework.Assert.assertEquals(Assert.java:78)
    at junit.framework.Assert.assertEquals(Assert.java:234)
    at junit.framework.Assert.assertEquals(Assert.java:241)
    at junit.framework.TestCase.assertEquals(TestCase.java:409)
16:19:27.479 [pool-88-thread-1] INFO  xxl.java.junit.TestCasesListener - Tests run finished (9 ms)
<> Total tests run: 20
<> Ignored tests: 0
<> Failed tests: 2
~ testGetMaxMiddleIndex(org.jfree.data.time.junit.TimePeriodValuesTests)
[expected:<1> but was:<3>]
junit.framework.AssertionFailedError: expected:<1> but was:<3>    at junit.framework.Assert.fail(Assert.java:57)
    at junit.framework.Assert.failNotEquals(Assert.java:329)
    at junit.framework.Assert.assertEquals(Assert.java:78)
    at junit.framework.Assert.assertEquals(Assert.java:234)
    at junit.framework.Assert.assertEquals(Assert.java:241)
    at junit.framework.TestCase.assertEquals(TestCase.java:409)
~ testGetMaxMiddleIndex(org.jfree.data.time.junit.TimePeriodValuesTests)
[expected:<1> but was:<3>]
junit.framework.AssertionFailedError: expected:<1> but was:<3>    at junit.framework.Assert.fail(Assert.java:57)
    at junit.framework.Assert.failNotEquals(Assert.java:329)
    at junit.framework.Assert.assertEquals(Assert.java:78)
    at junit.framework.Assert.assertEquals(Assert.java:234)
    at junit.framework.Assert.assertEquals(Assert.java:241)
    at junit.framework.TestCase.assertEquals(TestCase.java:409)

16:19:27.593 [pool-2-thread-1] DEBUG fr.inria.lille.repair.nopol.NoPol - looking with class fr.inria.lille.repair.nopol.spoon.smt.ConditionalReplacer
junit.framework.AssertionFailedError: expected:<1> but was:<3>
    at junit.framework.Assert.fail(Assert.java:57)
    at junit.framework.Assert.failNotEquals(Assert.java:329)
    at junit.framework.Assert.assertEquals(Assert.java:78)
    at junit.framework.Assert.assertEquals(Assert.java:234)
    at junit.framework.Assert.assertEquals(Assert.java:241)
    at junit.framework.TestCase.assertEquals(TestCase.java:409)
junit.framework.AssertionFailedError: expected:<1> but was:<3>
    at junit.framework.Assert.fail(Assert.java:57)
    at junit.framework.Assert.failNotEquals(Assert.java:329)
    at junit.framework.Assert.assertEquals(Assert.java:78)
    at junit.framework.Assert.assertEquals(Assert.java:234)
    at junit.framework.Assert.assertEquals(Assert.java:241)
    at junit.framework.TestCase.assertEquals(TestCase.java:409)
16:19:27.606 [pool-92-thread-1] INFO  xxl.java.junit.TestCasesListener - Tests run finished (10 ms)
<> Total tests run: 20
<> Ignored tests: 0
<> Failed tests: 2
~ testGetMaxMiddleIndex(org.jfree.data.time.junit.TimePeriodValuesTests)
[expected:<1> but was:<3>]
junit.framework.AssertionFailedError: expected:<1> but was:<3>    at junit.framework.Assert.fail(Assert.java:57)
    at junit.framework.Assert.failNotEquals(Assert.java:329)
    at junit.framework.Assert.assertEquals(Assert.java:78)
    at junit.framework.Assert.assertEquals(Assert.java:234)
    at junit.framework.Assert.assertEquals(Assert.java:241)
    at junit.framework.TestCase.assertEquals(TestCase.java:409)
~ testGetMaxMiddleIndex(org.jfree.data.time.junit.TimePeriodValuesTests)
[expected:<1> but was:<3>]
junit.framework.AssertionFailedError: expected:<1> but was:<3>    at junit.framework.Assert.fail(Assert.java:57)
    at junit.framework.Assert.failNotEquals(Assert.java:329)
    at junit.framework.Assert.assertEquals(Assert.java:78)
    at junit.framework.Assert.assertEquals(Assert.java:234)
    at junit.framework.Assert.assertEquals(Assert.java:241)
    at junit.framework.TestCase.assertEquals(TestCase.java:409)

16:19:27.706 [pool-2-thread-1] DEBUG fr.inria.lille.repair.nopol.NoPol - statement #35
16:19:27.706 [pool-2-thread-1] DEBUG fr.inria.lille.repair.nopol.NoPol - Analysing SourceLocation org.jfree.data.time.TimePeriodValues:296 which is executed by 26 tests
794560977
16:19:27.781 [pool-2-thread-1] DEBUG fr.inria.lille.repair.nopol.NoPol - looking with class fr.inria.lille.repair.nopol.spoon.smt.ConditionalAdder
junit.framework.AssertionFailedError: expected:<1> but was:<3>
    at junit.framework.Assert.fail(Assert.java:57)
    at junit.framework.Assert.failNotEquals(Assert.java:329)
    at junit.framework.Assert.assertEquals(Assert.java:78)
    at junit.framework.Assert.assertEquals(Assert.java:234)
    at junit.framework.Assert.assertEquals(Assert.java:241)
    at junit.framework.TestCase.assertEquals(TestCase.java:409)
junit.framework.AssertionFailedError: expected:<1> but was:<3>
    at junit.framework.Assert.fail(Assert.java:57)
    at junit.framework.Assert.failNotEquals(Assert.java:329)
    at junit.framework.Assert.assertEquals(Assert.java:78)
    at junit.framework.Assert.assertEquals(Assert.java:234)
    at junit.framework.Assert.assertEquals(Assert.java:241)
    at junit.framework.TestCase.assertEquals(TestCase.java:409)
16:19:27.793 [pool-96-thread-1] INFO  xxl.java.junit.TestCasesListener - Tests run finished (9 ms)
<> Total tests run: 20
<> Ignored tests: 0
<> Failed tests: 2
~ testGetMaxMiddleIndex(org.jfree.data.time.junit.TimePeriodValuesTests)
[expected:<1> but was:<3>]
junit.framework.AssertionFailedError: expected:<1> but was:<3>    at junit.framework.Assert.fail(Assert.java:57)
    at junit.framework.Assert.failNotEquals(Assert.java:329)
    at junit.framework.Assert.assertEquals(Assert.java:78)
    at junit.framework.Assert.assertEquals(Assert.java:234)
    at junit.framework.Assert.assertEquals(Assert.java:241)
    at junit.framework.TestCase.assertEquals(TestCase.java:409)
~ testGetMaxMiddleIndex(org.jfree.data.time.junit.TimePeriodValuesTests)
[expected:<1> but was:<3>]
junit.framework.AssertionFailedError: expected:<1> but was:<3>    at junit.framework.Assert.fail(Assert.java:57)
    at junit.framework.Assert.failNotEquals(Assert.java:329)
    at junit.framework.Assert.assertEquals(Assert.java:78)
    at junit.framework.Assert.assertEquals(Assert.java:234)
    at junit.framework.Assert.assertEquals(Assert.java:241)
    at junit.framework.TestCase.assertEquals(TestCase.java:409)

16:19:27.907 [pool-2-thread-1] DEBUG fr.inria.lille.repair.nopol.NoPol - statement #36
16:19:27.907 [pool-2-thread-1] DEBUG fr.inria.lille.repair.nopol.NoPol - Analysing SourceLocation org.jfree.data.time.TimePeriodValues:294 which is executed by 26 tests
794560977
16:19:27.981 [pool-2-thread-1] DEBUG fr.inria.lille.repair.nopol.NoPol - statement #37
16:19:27.981 [pool-2-thread-1] DEBUG fr.inria.lille.repair.nopol.NoPol - Analysing SourceLocation org.jfree.data.time.TimePeriodValues:291 which is executed by 26 tests
794560977
16:19:28.057 [pool-2-thread-1] DEBUG fr.inria.lille.repair.nopol.NoPol - looking with class fr.inria.lille.repair.nopol.spoon.smt.ConditionalAdder
junit.framework.AssertionFailedError: expected:<1> but was:<3>
    at junit.framework.Assert.fail(Assert.java:57)
    at junit.framework.Assert.failNotEquals(Assert.java:329)
    at junit.framework.Assert.assertEquals(Assert.java:78)
    at junit.framework.Assert.assertEquals(Assert.java:234)
    at junit.framework.Assert.assertEquals(Assert.java:241)
    at junit.framework.TestCase.assertEquals(TestCase.java:409)
junit.framework.AssertionFailedError: expected:<1> but was:<3>
    at junit.framework.Assert.fail(Assert.java:57)
    at junit.framework.Assert.failNotEquals(Assert.java:329)
    at junit.framework.Assert.assertEquals(Assert.java:78)
    at junit.framework.Assert.assertEquals(Assert.java:234)
    at junit.framework.Assert.assertEquals(Assert.java:241)
    at junit.framework.TestCase.assertEquals(TestCase.java:409)
16:19:28.070 [pool-100-thread-1] INFO  xxl.java.junit.TestCasesListener - Tests run finished (10 ms)
<> Total tests run: 20
<> Ignored tests: 0
<> Failed tests: 2
~ testGetMaxMiddleIndex(org.jfree.data.time.junit.TimePeriodValuesTests)
[expected:<1> but was:<3>]
junit.framework.AssertionFailedError: expected:<1> but was:<3>    at junit.framework.Assert.fail(Assert.java:57)
    at junit.framework.Assert.failNotEquals(Assert.java:329)
    at junit.framework.Assert.assertEquals(Assert.java:78)
    at junit.framework.Assert.assertEquals(Assert.java:234)
    at junit.framework.Assert.assertEquals(Assert.java:241)
    at junit.framework.TestCase.assertEquals(TestCase.java:409)
~ testGetMaxMiddleIndex(org.jfree.data.time.junit.TimePeriodValuesTests)
[expected:<1> but was:<3>]
junit.framework.AssertionFailedError: expected:<1> but was:<3>    at junit.framework.Assert.fail(Assert.java:57)
    at junit.framework.Assert.failNotEquals(Assert.java:329)
    at junit.framework.Assert.assertEquals(Assert.java:78)
    at junit.framework.Assert.assertEquals(Assert.java:234)
    at junit.framework.Assert.assertEquals(Assert.java:241)
    at junit.framework.TestCase.assertEquals(TestCase.java:409)

16:19:28.170 [pool-2-thread-1] DEBUG fr.inria.lille.repair.nopol.NoPol - looking with class fr.inria.lille.repair.nopol.spoon.smt.ConditionalReplacer
junit.framework.AssertionFailedError: expected:<1> but was:<3>
    at junit.framework.Assert.fail(Assert.java:57)
    at junit.framework.Assert.failNotEquals(Assert.java:329)
    at junit.framework.Assert.assertEquals(Assert.java:78)
    at junit.framework.Assert.assertEquals(Assert.java:234)
    at junit.framework.Assert.assertEquals(Assert.java:241)
    at junit.framework.TestCase.assertEquals(TestCase.java:409)
junit.framework.AssertionFailedError: expected:<1> but was:<3>
    at junit.framework.Assert.fail(Assert.java:57)
    at junit.framework.Assert.failNotEquals(Assert.java:329)
    at junit.framework.Assert.assertEquals(Assert.java:78)
    at junit.framework.Assert.assertEquals(Assert.java:234)
    at junit.framework.Assert.assertEquals(Assert.java:241)
    at junit.framework.TestCase.assertEquals(TestCase.java:409)
16:19:28.184 [pool-104-thread-1] INFO  xxl.java.junit.TestCasesListener - Tests run finished (11 ms)
<> Total tests run: 20
<> Ignored tests: 0
<> Failed tests: 2
~ testGetMaxMiddleIndex(org.jfree.data.time.junit.TimePeriodValuesTests)
[expected:<1> but was:<3>]
junit.framework.AssertionFailedError: expected:<1> but was:<3>    at junit.framework.Assert.fail(Assert.java:57)
    at junit.framework.Assert.failNotEquals(Assert.java:329)
    at junit.framework.Assert.assertEquals(Assert.java:78)
    at junit.framework.Assert.assertEquals(Assert.java:234)
    at junit.framework.Assert.assertEquals(Assert.java:241)
    at junit.framework.TestCase.assertEquals(TestCase.java:409)
~ testGetMaxMiddleIndex(org.jfree.data.time.junit.TimePeriodValuesTests)
[expected:<1> but was:<3>]
junit.framework.AssertionFailedError: expected:<1> but was:<3>    at junit.framework.Assert.fail(Assert.java:57)
    at junit.framework.Assert.failNotEquals(Assert.java:329)
    at junit.framework.Assert.assertEquals(Assert.java:78)
    at junit.framework.Assert.assertEquals(Assert.java:234)
    at junit.framework.Assert.assertEquals(Assert.java:241)
    at junit.framework.TestCase.assertEquals(TestCase.java:409)

16:19:28.284 [pool-2-thread-1] DEBUG fr.inria.lille.repair.nopol.NoPol - statement #38
16:19:28.284 [pool-2-thread-1] DEBUG fr.inria.lille.repair.nopol.NoPol - Analysing SourceLocation org.jfree.data.time.TimePeriodValues:290 which is executed by 26 tests
794560977
16:19:28.357 [pool-2-thread-1] DEBUG fr.inria.lille.repair.nopol.NoPol - statement #39
16:19:28.357 [pool-2-thread-1] DEBUG fr.inria.lille.repair.nopol.NoPol - Analysing SourceLocation org.jfree.data.time.TimePeriodValues:288 which is executed by 26 tests
794560977
16:19:28.473 [pool-2-thread-1] DEBUG fr.inria.lille.repair.nopol.NoPol - statement #40
16:19:28.473 [pool-2-thread-1] DEBUG fr.inria.lille.repair.nopol.NoPol - Analysing SourceLocation org.jfree.data.time.TimePeriodValues:286 which is executed by 26 tests
794560977
16:19:28.546 [pool-2-thread-1] DEBUG fr.inria.lille.repair.nopol.NoPol - statement #41
16:19:28.546 [pool-2-thread-1] DEBUG fr.inria.lille.repair.nopol.NoPol - Analysing SourceLocation org.jfree.data.time.TimePeriodValues:285 which is executed by 26 tests
794560977
16:19:28.620 [pool-2-thread-1] DEBUG fr.inria.lille.repair.nopol.NoPol - looking with class fr.inria.lille.repair.nopol.spoon.smt.ConditionalAdder
junit.framework.AssertionFailedError: expected:<1> but was:<3>
    at junit.framework.Assert.fail(Assert.java:57)
    at junit.framework.Assert.failNotEquals(Assert.java:329)
    at junit.framework.Assert.assertEquals(Assert.java:78)
    at junit.framework.Assert.assertEquals(Assert.java:234)
    at junit.framework.Assert.assertEquals(Assert.java:241)
    at junit.framework.TestCase.assertEquals(TestCase.java:409)
junit.framework.AssertionFailedError: expected:<1> but was:<3>
    at junit.framework.Assert.fail(Assert.java:57)
    at junit.framework.Assert.failNotEquals(Assert.java:329)
    at junit.framework.Assert.assertEquals(Assert.java:78)
    at junit.framework.Assert.assertEquals(Assert.java:234)
    at junit.framework.Assert.assertEquals(Assert.java:241)
    at junit.framework.TestCase.assertEquals(TestCase.java:409)
16:19:28.642 [pool-108-thread-1] INFO  xxl.java.junit.TestCasesListener - Tests run finished (10 ms)
<> Total tests run: 20
<> Ignored tests: 0
<> Failed tests: 2
~ testGetMaxMiddleIndex(org.jfree.data.time.junit.TimePeriodValuesTests)
[expected:<1> but was:<3>]
junit.framework.AssertionFailedError: expected:<1> but was:<3>    at junit.framework.Assert.fail(Assert.java:57)
    at junit.framework.Assert.failNotEquals(Assert.java:329)
    at junit.framework.Assert.assertEquals(Assert.java:78)
    at junit.framework.Assert.assertEquals(Assert.java:234)
    at junit.framework.Assert.assertEquals(Assert.java:241)
    at junit.framework.TestCase.assertEquals(TestCase.java:409)
~ testGetMaxMiddleIndex(org.jfree.data.time.junit.TimePeriodValuesTests)
[expected:<1> but was:<3>]
junit.framework.AssertionFailedError: expected:<1> but was:<3>    at junit.framework.Assert.fail(Assert.java:57)
    at junit.framework.Assert.failNotEquals(Assert.java:329)
    at junit.framework.Assert.assertEquals(Assert.java:78)
    at junit.framework.Assert.assertEquals(Assert.java:234)
    at junit.framework.Assert.assertEquals(Assert.java:241)
    at junit.framework.TestCase.assertEquals(TestCase.java:409)

16:19:28.747 [pool-2-thread-1] DEBUG fr.inria.lille.repair.nopol.NoPol - looking with class fr.inria.lille.repair.nopol.spoon.smt.ConditionalReplacer
junit.framework.AssertionFailedError: expected:<1> but was:<3>
    at junit.framework.Assert.fail(Assert.java:57)
    at junit.framework.Assert.failNotEquals(Assert.java:329)
    at junit.framework.Assert.assertEquals(Assert.java:78)
    at junit.framework.Assert.assertEquals(Assert.java:234)
    at junit.framework.Assert.assertEquals(Assert.java:241)
    at junit.framework.TestCase.assertEquals(TestCase.java:409)
junit.framework.AssertionFailedError: expected:<1> but was:<3>
    at junit.framework.Assert.fail(Assert.java:57)
    at junit.framework.Assert.failNotEquals(Assert.java:329)
    at junit.framework.Assert.assertEquals(Assert.java:78)
    at junit.framework.Assert.assertEquals(Assert.java:234)
    at junit.framework.Assert.assertEquals(Assert.java:241)
    at junit.framework.TestCase.assertEquals(TestCase.java:409)
16:19:28.759 [pool-112-thread-1] INFO  xxl.java.junit.TestCasesListener - Tests run finished (9 ms)
<> Total tests run: 20
<> Ignored tests: 0
<> Failed tests: 2
~ testGetMaxMiddleIndex(org.jfree.data.time.junit.TimePeriodValuesTests)
[expected:<1> but was:<3>]
junit.framework.AssertionFailedError: expected:<1> but was:<3>    at junit.framework.Assert.fail(Assert.java:57)
    at junit.framework.Assert.failNotEquals(Assert.java:329)
    at junit.framework.Assert.assertEquals(Assert.java:78)
    at junit.framework.Assert.assertEquals(Assert.java:234)
    at junit.framework.Assert.assertEquals(Assert.java:241)
    at junit.framework.TestCase.assertEquals(TestCase.java:409)
~ testGetMaxMiddleIndex(org.jfree.data.time.junit.TimePeriodValuesTests)
[expected:<1> but was:<3>]
junit.framework.AssertionFailedError: expected:<1> but was:<3>    at junit.framework.Assert.fail(Assert.java:57)
    at junit.framework.Assert.failNotEquals(Assert.java:329)
    at junit.framework.Assert.assertEquals(Assert.java:78)
    at junit.framework.Assert.assertEquals(Assert.java:234)
    at junit.framework.Assert.assertEquals(Assert.java:241)
    at junit.framework.TestCase.assertEquals(TestCase.java:409)

16:19:28.857 [pool-2-thread-1] DEBUG fr.inria.lille.repair.nopol.NoPol - statement #42
16:19:28.857 [pool-2-thread-1] DEBUG fr.inria.lille.repair.nopol.NoPol - Analysing SourceLocation org.jfree.data.time.TimePeriodValues:282 which is executed by 26 tests
794560977
16:19:28.930 [pool-2-thread-1] DEBUG fr.inria.lille.repair.nopol.NoPol - looking with class fr.inria.lille.repair.nopol.spoon.smt.ConditionalAdder
junit.framework.AssertionFailedError: expected:<1> but was:<3>
    at junit.framework.Assert.fail(Assert.java:57)
    at junit.framework.Assert.failNotEquals(Assert.java:329)
    at junit.framework.Assert.assertEquals(Assert.java:78)
    at junit.framework.Assert.assertEquals(Assert.java:234)
    at junit.framework.Assert.assertEquals(Assert.java:241)
    at junit.framework.TestCase.assertEquals(TestCase.java:409)
junit.framework.AssertionFailedError: expected:<1> but was:<3>
    at junit.framework.Assert.fail(Assert.java:57)
    at junit.framework.Assert.failNotEquals(Assert.java:329)
    at junit.framework.Assert.assertEquals(Assert.java:78)
    at junit.framework.Assert.assertEquals(Assert.java:234)
    at junit.framework.Assert.assertEquals(Assert.java:241)
    at junit.framework.TestCase.assertEquals(TestCase.java:409)
16:19:28.944 [pool-116-thread-1] INFO  xxl.java.junit.TestCasesListener - Tests run finished (10 ms)
<> Total tests run: 20
<> Ignored tests: 0
<> Failed tests: 2
~ testGetMaxMiddleIndex(org.jfree.data.time.junit.TimePeriodValuesTests)
[expected:<1> but was:<3>]
junit.framework.AssertionFailedError: expected:<1> but was:<3>    at junit.framework.Assert.fail(Assert.java:57)
    at junit.framework.Assert.failNotEquals(Assert.java:329)
    at junit.framework.Assert.assertEquals(Assert.java:78)
    at junit.framework.Assert.assertEquals(Assert.java:234)
    at junit.framework.Assert.assertEquals(Assert.java:241)
    at junit.framework.TestCase.assertEquals(TestCase.java:409)
~ testGetMaxMiddleIndex(org.jfree.data.time.junit.TimePeriodValuesTests)
[expected:<1> but was:<3>]
junit.framework.AssertionFailedError: expected:<1> but was:<3>    at junit.framework.Assert.fail(Assert.java:57)
    at junit.framework.Assert.failNotEquals(Assert.java:329)
    at junit.framework.Assert.assertEquals(Assert.java:78)
    at junit.framework.Assert.assertEquals(Assert.java:234)
    at junit.framework.Assert.assertEquals(Assert.java:241)
    at junit.framework.TestCase.assertEquals(TestCase.java:409)

16:19:29.042 [pool-2-thread-1] DEBUG fr.inria.lille.repair.nopol.NoPol - statement #43
16:19:29.042 [pool-2-thread-1] DEBUG fr.inria.lille.repair.nopol.NoPol - Analysing SourceLocation org.jfree.data.time.TimePeriodValues:280 which is executed by 26 tests
794560977
16:19:29.116 [pool-2-thread-1] DEBUG fr.inria.lille.repair.nopol.NoPol - statement #44
16:19:29.116 [pool-2-thread-1] DEBUG fr.inria.lille.repair.nopol.NoPol - Analysing SourceLocation org.jfree.data.time.TimePeriodValues:278 which is executed by 26 tests
794560977
16:19:29.192 [pool-2-thread-1] DEBUG fr.inria.lille.repair.nopol.NoPol - looking with class fr.inria.lille.repair.nopol.spoon.smt.ConditionalAdder
junit.framework.AssertionFailedError: expected:<1> but was:<3>
    at junit.framework.Assert.fail(Assert.java:57)
    at junit.framework.Assert.failNotEquals(Assert.java:329)
    at junit.framework.Assert.assertEquals(Assert.java:78)
    at junit.framework.Assert.assertEquals(Assert.java:234)
    at junit.framework.Assert.assertEquals(Assert.java:241)
    at junit.framework.TestCase.assertEquals(TestCase.java:409)
junit.framework.AssertionFailedError: expected:<1> but was:<3>
    at junit.framework.Assert.fail(Assert.java:57)
    at junit.framework.Assert.failNotEquals(Assert.java:329)
    at junit.framework.Assert.assertEquals(Assert.java:78)
    at junit.framework.Assert.assertEquals(Assert.java:234)
    at junit.framework.Assert.assertEquals(Assert.java:241)
    at junit.framework.TestCase.assertEquals(TestCase.java:409)
16:19:29.206 [pool-120-thread-1] INFO  xxl.java.junit.TestCasesListener - Tests run finished (10 ms)
<> Total tests run: 20
<> Ignored tests: 0
<> Failed tests: 2
~ testGetMaxMiddleIndex(org.jfree.data.time.junit.TimePeriodValuesTests)
[expected:<1> but was:<3>]
junit.framework.AssertionFailedError: expected:<1> but was:<3>    at junit.framework.Assert.fail(Assert.java:57)
    at junit.framework.Assert.failNotEquals(Assert.java:329)
    at junit.framework.Assert.assertEquals(Assert.java:78)
    at junit.framework.Assert.assertEquals(Assert.java:234)
    at junit.framework.Assert.assertEquals(Assert.java:241)
    at junit.framework.TestCase.assertEquals(TestCase.java:409)
~ testGetMaxMiddleIndex(org.jfree.data.time.junit.TimePeriodValuesTests)
[expected:<1> but was:<3>]
junit.framework.AssertionFailedError: expected:<1> but was:<3>    at junit.framework.Assert.fail(Assert.java:57)
    at junit.framework.Assert.failNotEquals(Assert.java:329)
    at junit.framework.Assert.assertEquals(Assert.java:78)
    at junit.framework.Assert.assertEquals(Assert.java:234)
    at junit.framework.Assert.assertEquals(Assert.java:241)
    at junit.framework.TestCase.assertEquals(TestCase.java:409)

16:19:29.305 [pool-2-thread-1] DEBUG fr.inria.lille.repair.nopol.NoPol - statement #45
16:19:29.306 [pool-2-thread-1] DEBUG fr.inria.lille.repair.nopol.NoPol - Analysing SourceLocation org.jfree.data.time.TimePeriodValues:277 which is executed by 26 tests
794560977
16:19:29.394 [pool-2-thread-1] DEBUG fr.inria.lille.repair.nopol.NoPol - looking with class fr.inria.lille.repair.nopol.spoon.smt.ConditionalAdder
junit.framework.AssertionFailedError: expected:<1> but was:<3>
    at junit.framework.Assert.fail(Assert.java:57)
    at junit.framework.Assert.failNotEquals(Assert.java:329)
    at junit.framework.Assert.assertEquals(Assert.java:78)
    at junit.framework.Assert.assertEquals(Assert.java:234)
    at junit.framework.Assert.assertEquals(Assert.java:241)
    at junit.framework.TestCase.assertEquals(TestCase.java:409)
junit.framework.AssertionFailedError: expected:<1> but was:<3>
    at junit.framework.Assert.fail(Assert.java:57)
    at junit.framework.Assert.failNotEquals(Assert.java:329)
    at junit.framework.Assert.assertEquals(Assert.java:78)
    at junit.framework.Assert.assertEquals(Assert.java:234)
    at junit.framework.Assert.assertEquals(Assert.java:241)
    at junit.framework.TestCase.assertEquals(TestCase.java:409)
16:19:29.407 [pool-124-thread-1] INFO  xxl.java.junit.TestCasesListener - Tests run finished (9 ms)
<> Total tests run: 20
<> Ignored tests: 0
<> Failed tests: 2
~ testGetMaxMiddleIndex(org.jfree.data.time.junit.TimePeriodValuesTests)
[expected:<1> but was:<3>]
junit.framework.AssertionFailedError: expected:<1> but was:<3>    at junit.framework.Assert.fail(Assert.java:57)
    at junit.framework.Assert.failNotEquals(Assert.java:329)
    at junit.framework.Assert.assertEquals(Assert.java:78)
    at junit.framework.Assert.assertEquals(Assert.java:234)
    at junit.framework.Assert.assertEquals(Assert.java:241)
    at junit.framework.TestCase.assertEquals(TestCase.java:409)
~ testGetMaxMiddleIndex(org.jfree.data.time.junit.TimePeriodValuesTests)
[expected:<1> but was:<3>]
junit.framework.AssertionFailedError: expected:<1> but was:<3>    at junit.framework.Assert.fail(Assert.java:57)
    at junit.framework.Assert.failNotEquals(Assert.java:329)
    at junit.framework.Assert.assertEquals(Assert.java:78)
    at junit.framework.Assert.assertEquals(Assert.java:234)
    at junit.framework.Assert.assertEquals(Assert.java:241)
    at junit.framework.TestCase.assertEquals(TestCase.java:409)

16:19:29.513 [pool-2-thread-1] DEBUG fr.inria.lille.repair.nopol.NoPol - looking with class fr.inria.lille.repair.nopol.spoon.smt.ConditionalReplacer
junit.framework.AssertionFailedError: expected:<1> but was:<3>
    at junit.framework.Assert.fail(Assert.java:57)
    at junit.framework.Assert.failNotEquals(Assert.java:329)
    at junit.framework.Assert.assertEquals(Assert.java:78)
    at junit.framework.Assert.assertEquals(Assert.java:234)
    at junit.framework.Assert.assertEquals(Assert.java:241)
    at junit.framework.TestCase.assertEquals(TestCase.java:409)
junit.framework.AssertionFailedError: expected:<1> but was:<3>
    at junit.framework.Assert.fail(Assert.java:57)
    at junit.framework.Assert.failNotEquals(Assert.java:329)
    at junit.framework.Assert.assertEquals(Assert.java:78)
    at junit.framework.Assert.assertEquals(Assert.java:234)
    at junit.framework.Assert.assertEquals(Assert.java:241)
    at junit.framework.TestCase.assertEquals(TestCase.java:409)
16:19:29.525 [pool-128-thread-1] INFO  xxl.java.junit.TestCasesListener - Tests run finished (9 ms)
<> Total tests run: 20
<> Ignored tests: 0
<> Failed tests: 2
~ testGetMaxMiddleIndex(org.jfree.data.time.junit.TimePeriodValuesTests)
[expected:<1> but was:<3>]
junit.framework.AssertionFailedError: expected:<1> but was:<3>    at junit.framework.Assert.fail(Assert.java:57)
    at junit.framework.Assert.failNotEquals(Assert.java:329)
    at junit.framework.Assert.assertEquals(Assert.java:78)
    at junit.framework.Assert.assertEquals(Assert.java:234)
    at junit.framework.Assert.assertEquals(Assert.java:241)
    at junit.framework.TestCase.assertEquals(TestCase.java:409)
~ testGetMaxMiddleIndex(org.jfree.data.time.junit.TimePeriodValuesTests)
[expected:<1> but was:<3>]
junit.framework.AssertionFailedError: expected:<1> but was:<3>    at junit.framework.Assert.fail(Assert.java:57)
    at junit.framework.Assert.failNotEquals(Assert.java:329)
    at junit.framework.Assert.assertEquals(Assert.java:78)
    at junit.framework.Assert.assertEquals(Assert.java:234)
    at junit.framework.Assert.assertEquals(Assert.java:241)
    at junit.framework.TestCase.assertEquals(TestCase.java:409)

16:19:29.622 [pool-2-thread-1] DEBUG fr.inria.lille.repair.nopol.NoPol - statement #46
16:19:29.623 [pool-2-thread-1] DEBUG fr.inria.lille.repair.nopol.NoPol - Analysing SourceLocation org.jfree.data.time.TimePeriodValues:275 which is executed by 26 tests
794560977
16:19:29.696 [pool-2-thread-1] DEBUG fr.inria.lille.repair.nopol.NoPol - statement #47
16:19:29.696 [pool-2-thread-1] DEBUG fr.inria.lille.repair.nopol.NoPol - Analysing SourceLocation org.jfree.data.time.TimePeriodValues:274 which is executed by 26 tests
794560977
16:19:29.769 [pool-2-thread-1] DEBUG fr.inria.lille.repair.nopol.NoPol - looking with class fr.inria.lille.repair.nopol.spoon.smt.ConditionalAdder
junit.framework.AssertionFailedError: expected:<1> but was:<3>
    at junit.framework.Assert.fail(Assert.java:57)
    at junit.framework.Assert.failNotEquals(Assert.java:329)
    at junit.framework.Assert.assertEquals(Assert.java:78)
    at junit.framework.Assert.assertEquals(Assert.java:234)
    at junit.framework.Assert.assertEquals(Assert.java:241)
    at junit.framework.TestCase.assertEquals(TestCase.java:409)
junit.framework.AssertionFailedError: expected:<1> but was:<3>
    at junit.framework.Assert.fail(Assert.java:57)
    at junit.framework.Assert.failNotEquals(Assert.java:329)
    at junit.framework.Assert.assertEquals(Assert.java:78)
    at junit.framework.Assert.assertEquals(Assert.java:234)
    at junit.framework.Assert.assertEquals(Assert.java:241)
    at junit.framework.TestCase.assertEquals(TestCase.java:409)
16:19:29.782 [pool-132-thread-1] INFO  xxl.java.junit.TestCasesListener - Tests run finished (9 ms)
<> Total tests run: 20
<> Ignored tests: 0
<> Failed tests: 2
~ testGetMaxMiddleIndex(org.jfree.data.time.junit.TimePeriodValuesTests)
[expected:<1> but was:<3>]
junit.framework.AssertionFailedError: expected:<1> but was:<3>    at junit.framework.Assert.fail(Assert.java:57)
    at junit.framework.Assert.failNotEquals(Assert.java:329)
    at junit.framework.Assert.assertEquals(Assert.java:78)
    at junit.framework.Assert.assertEquals(Assert.java:234)
    at junit.framework.Assert.assertEquals(Assert.java:241)
    at junit.framework.TestCase.assertEquals(TestCase.java:409)
~ testGetMaxMiddleIndex(org.jfree.data.time.junit.TimePeriodValuesTests)
[expected:<1> but was:<3>]
junit.framework.AssertionFailedError: expected:<1> but was:<3>    at junit.framework.Assert.fail(Assert.java:57)
    at junit.framework.Assert.failNotEquals(Assert.java:329)
    at junit.framework.Assert.assertEquals(Assert.java:78)
    at junit.framework.Assert.assertEquals(Assert.java:234)
    at junit.framework.Assert.assertEquals(Assert.java:241)
    at junit.framework.TestCase.assertEquals(TestCase.java:409)

16:19:29.880 [pool-2-thread-1] DEBUG fr.inria.lille.repair.nopol.NoPol - looking with class fr.inria.lille.repair.nopol.spoon.smt.ConditionalReplacer
junit.framework.AssertionFailedError: expected:<1> but was:<3>
    at junit.framework.Assert.fail(Assert.java:57)
    at junit.framework.Assert.failNotEquals(Assert.java:329)
    at junit.framework.Assert.assertEquals(Assert.java:78)
    at junit.framework.Assert.assertEquals(Assert.java:234)
    at junit.framework.Assert.assertEquals(Assert.java:241)
    at junit.framework.TestCase.assertEquals(TestCase.java:409)
junit.framework.AssertionFailedError: expected:<1> but was:<3>
    at junit.framework.Assert.fail(Assert.java:57)
    at junit.framework.Assert.failNotEquals(Assert.java:329)
    at junit.framework.Assert.assertEquals(Assert.java:78)
    at junit.framework.Assert.assertEquals(Assert.java:234)
    at junit.framework.Assert.assertEquals(Assert.java:241)
    at junit.framework.TestCase.assertEquals(TestCase.java:409)
16:19:29.893 [pool-136-thread-1] INFO  xxl.java.junit.TestCasesListener - Tests run finished (10 ms)
<> Total tests run: 20
<> Ignored tests: 0
<> Failed tests: 2
~ testGetMaxMiddleIndex(org.jfree.data.time.junit.TimePeriodValuesTests)
[expected:<1> but was:<3>]
junit.framework.AssertionFailedError: expected:<1> but was:<3>    at junit.framework.Assert.fail(Assert.java:57)
    at junit.framework.Assert.failNotEquals(Assert.java:329)
    at junit.framework.Assert.assertEquals(Assert.java:78)
    at junit.framework.Assert.assertEquals(Assert.java:234)
    at junit.framework.Assert.assertEquals(Assert.java:241)
    at junit.framework.TestCase.assertEquals(TestCase.java:409)
~ testGetMaxMiddleIndex(org.jfree.data.time.junit.TimePeriodValuesTests)
[expected:<1> but was:<3>]
junit.framework.AssertionFailedError: expected:<1> but was:<3>    at junit.framework.Assert.fail(Assert.java:57)
    at junit.framework.Assert.failNotEquals(Assert.java:329)
    at junit.framework.Assert.assertEquals(Assert.java:78)
    at junit.framework.Assert.assertEquals(Assert.java:234)
    at junit.framework.Assert.assertEquals(Assert.java:241)
    at junit.framework.TestCase.assertEquals(TestCase.java:409)

16:19:30.002 [pool-2-thread-1] DEBUG fr.inria.lille.repair.nopol.NoPol - statement #48
16:19:30.002 [pool-2-thread-1] DEBUG fr.inria.lille.repair.nopol.NoPol - Analysing SourceLocation org.jfree.data.time.TimePeriodValues:271 which is executed by 26 tests
794560977
16:19:30.078 [pool-2-thread-1] DEBUG fr.inria.lille.repair.nopol.NoPol - looking with class fr.inria.lille.repair.nopol.spoon.smt.ConditionalAdder
junit.framework.AssertionFailedError: expected:<1> but was:<3>
    at junit.framework.Assert.fail(Assert.java:57)
    at junit.framework.Assert.failNotEquals(Assert.java:329)
    at junit.framework.Assert.assertEquals(Assert.java:78)
    at junit.framework.Assert.assertEquals(Assert.java:234)
    at junit.framework.Assert.assertEquals(Assert.java:241)
    at junit.framework.TestCase.assertEquals(TestCase.java:409)
junit.framework.AssertionFailedError: expected:<1> but was:<3>
    at junit.framework.Assert.fail(Assert.java:57)
    at junit.framework.Assert.failNotEquals(Assert.java:329)
    at junit.framework.Assert.assertEquals(Assert.java:78)
    at junit.framework.Assert.assertEquals(Assert.java:234)
    at junit.framework.Assert.assertEquals(Assert.java:241)
    at junit.framework.TestCase.assertEquals(TestCase.java:409)
16:19:30.091 [pool-140-thread-1] INFO  xxl.java.junit.TestCasesListener - Tests run finished (10 ms)
<> Total tests run: 20
<> Ignored tests: 0
<> Failed tests: 2
~ testGetMaxMiddleIndex(org.jfree.data.time.junit.TimePeriodValuesTests)
[expected:<1> but was:<3>]
junit.framework.AssertionFailedError: expected:<1> but was:<3>    at junit.framework.Assert.fail(Assert.java:57)
    at junit.framework.Assert.failNotEquals(Assert.java:329)
    at junit.framework.Assert.assertEquals(Assert.java:78)
    at junit.framework.Assert.assertEquals(Assert.java:234)
    at junit.framework.Assert.assertEquals(Assert.java:241)
    at junit.framework.TestCase.assertEquals(TestCase.java:409)
~ testGetMaxMiddleIndex(org.jfree.data.time.junit.TimePeriodValuesTests)
[expected:<1> but was:<3>]
junit.framework.AssertionFailedError: expected:<1> but was:<3>    at junit.framework.Assert.fail(Assert.java:57)
    at junit.framework.Assert.failNotEquals(Assert.java:329)
    at junit.framework.Assert.assertEquals(Assert.java:78)
    at junit.framework.Assert.assertEquals(Assert.java:234)
    at junit.framework.Assert.assertEquals(Assert.java:241)
    at junit.framework.TestCase.assertEquals(TestCase.java:409)

16:19:30.199 [pool-2-thread-1] DEBUG fr.inria.lille.repair.nopol.NoPol - statement #49
16:19:30.199 [pool-2-thread-1] DEBUG fr.inria.lille.repair.nopol.NoPol - Analysing SourceLocation org.jfree.data.time.TimePeriodValues:269 which is executed by 26 tests
794560977
16:19:30.275 [pool-2-thread-1] DEBUG fr.inria.lille.repair.nopol.NoPol - statement #50
16:19:30.275 [pool-2-thread-1] DEBUG fr.inria.lille.repair.nopol.NoPol - Analysing SourceLocation org.jfree.data.time.TimePeriodValues:266 which is executed by 26 tests
794560977
16:19:30.350 [pool-2-thread-1] DEBUG fr.inria.lille.repair.nopol.NoPol - looking with class fr.inria.lille.repair.nopol.spoon.smt.ConditionalAdder
junit.framework.AssertionFailedError: expected:<1> but was:<3>
    at junit.framework.Assert.fail(Assert.java:57)
    at junit.framework.Assert.failNotEquals(Assert.java:329)
    at junit.framework.Assert.assertEquals(Assert.java:78)
    at junit.framework.Assert.assertEquals(Assert.java:234)
    at junit.framework.Assert.assertEquals(Assert.java:241)
    at junit.framework.TestCase.assertEquals(TestCase.java:409)
junit.framework.AssertionFailedError: expected:<1> but was:<3>
    at junit.framework.Assert.fail(Assert.java:57)
    at junit.framework.Assert.failNotEquals(Assert.java:329)
    at junit.framework.Assert.assertEquals(Assert.java:78)
    at junit.framework.Assert.assertEquals(Assert.java:234)
    at junit.framework.Assert.assertEquals(Assert.java:241)
    at junit.framework.TestCase.assertEquals(TestCase.java:409)
16:19:30.363 [pool-144-thread-1] INFO  xxl.java.junit.TestCasesListener - Tests run finished (10 ms)
<> Total tests run: 20
<> Ignored tests: 0
<> Failed tests: 2
~ testGetMaxMiddleIndex(org.jfree.data.time.junit.TimePeriodValuesTests)
[expected:<1> but was:<3>]
junit.framework.AssertionFailedError: expected:<1> but was:<3>    at junit.framework.Assert.fail(Assert.java:57)
    at junit.framework.Assert.failNotEquals(Assert.java:329)
    at junit.framework.Assert.assertEquals(Assert.java:78)
    at junit.framework.Assert.assertEquals(Assert.java:234)
    at junit.framework.Assert.assertEquals(Assert.java:241)
    at junit.framework.TestCase.assertEquals(TestCase.java:409)
~ testGetMaxMiddleIndex(org.jfree.data.time.junit.TimePeriodValuesTests)
[expected:<1> but was:<3>]
junit.framework.AssertionFailedError: expected:<1> but was:<3>    at junit.framework.Assert.fail(Assert.java:57)
    at junit.framework.Assert.failNotEquals(Assert.java:329)
    at junit.framework.Assert.assertEquals(Assert.java:78)
    at junit.framework.Assert.assertEquals(Assert.java:234)
    at junit.framework.Assert.assertEquals(Assert.java:241)
    at junit.framework.TestCase.assertEquals(TestCase.java:409)

16:19:30.461 [pool-2-thread-1] DEBUG fr.inria.lille.repair.nopol.NoPol - looking with class fr.inria.lille.repair.nopol.spoon.smt.ConditionalReplacer
junit.framework.AssertionFailedError: expected:<1> but was:<3>
    at junit.framework.Assert.fail(Assert.java:57)
    at junit.framework.Assert.failNotEquals(Assert.java:329)
    at junit.framework.Assert.assertEquals(Assert.java:78)
    at junit.framework.Assert.assertEquals(Assert.java:234)
    at junit.framework.Assert.assertEquals(Assert.java:241)
    at junit.framework.TestCase.assertEquals(TestCase.java:409)
junit.framework.AssertionFailedError: expected:<1> but was:<3>
    at junit.framework.Assert.fail(Assert.java:57)
    at junit.framework.Assert.failNotEquals(Assert.java:329)
    at junit.framework.Assert.assertEquals(Assert.java:78)
    at junit.framework.Assert.assertEquals(Assert.java:234)
    at junit.framework.Assert.assertEquals(Assert.java:241)
    at junit.framework.TestCase.assertEquals(TestCase.java:409)
16:19:30.474 [pool-148-thread-1] INFO  xxl.java.junit.TestCasesListener - Tests run finished (10 ms)
<> Total tests run: 20
<> Ignored tests: 0
<> Failed tests: 2
~ testGetMaxMiddleIndex(org.jfree.data.time.junit.TimePeriodValuesTests)
[expected:<1> but was:<3>]
junit.framework.AssertionFailedError: expected:<1> but was:<3>    at junit.framework.Assert.fail(Assert.java:57)
    at junit.framework.Assert.failNotEquals(Assert.java:329)
    at junit.framework.Assert.assertEquals(Assert.java:78)
    at junit.framework.Assert.assertEquals(Assert.java:234)
    at junit.framework.Assert.assertEquals(Assert.java:241)
    at junit.framework.TestCase.assertEquals(TestCase.java:409)
~ testGetMaxMiddleIndex(org.jfree.data.time.junit.TimePeriodValuesTests)
[expected:<1> but was:<3>]
junit.framework.AssertionFailedError: expected:<1> but was:<3>    at junit.framework.Assert.fail(Assert.java:57)
    at junit.framework.Assert.failNotEquals(Assert.java:329)
    at junit.framework.Assert.assertEquals(Assert.java:78)
    at junit.framework.Assert.assertEquals(Assert.java:234)
    at junit.framework.Assert.assertEquals(Assert.java:241)
    at junit.framework.TestCase.assertEquals(TestCase.java:409)

16:19:30.571 [pool-2-thread-1] DEBUG fr.inria.lille.repair.nopol.NoPol - statement #51
16:19:30.571 [pool-2-thread-1] DEBUG fr.inria.lille.repair.nopol.NoPol - Analysing SourceLocation org.jfree.data.time.TimePeriodValues:264 which is executed by 26 tests
794560977
16:19:30.647 [pool-2-thread-1] DEBUG fr.inria.lille.repair.nopol.NoPol - statement #52
16:19:30.649 [pool-2-thread-1] DEBUG fr.inria.lille.repair.nopol.NoPol - Analysing SourceLocation org.jfree.data.time.TimePeriodValues:263 which is executed by 26 tests
794560977
16:19:30.723 [pool-2-thread-1] DEBUG fr.inria.lille.repair.nopol.NoPol - looking with class fr.inria.lille.repair.nopol.spoon.smt.ConditionalAdder
junit.framework.AssertionFailedError: expected:<1> but was:<3>
    at junit.framework.Assert.fail(Assert.java:57)
    at junit.framework.Assert.failNotEquals(Assert.java:329)
    at junit.framework.Assert.assertEquals(Assert.java:78)
    at junit.framework.Assert.assertEquals(Assert.java:234)
    at junit.framework.Assert.assertEquals(Assert.java:241)
    at junit.framework.TestCase.assertEquals(TestCase.java:409)
junit.framework.AssertionFailedError: expected:<1> but was:<3>
    at junit.framework.Assert.fail(Assert.java:57)
    at junit.framework.Assert.failNotEquals(Assert.java:329)
    at junit.framework.Assert.assertEquals(Assert.java:78)
    at junit.framework.Assert.assertEquals(Assert.java:234)
    at junit.framework.Assert.assertEquals(Assert.java:241)
    at junit.framework.TestCase.assertEquals(TestCase.java:409)
16:19:30.736 [pool-152-thread-1] INFO  xxl.java.junit.TestCasesListener - Tests run finished (10 ms)
<> Total tests run: 20
<> Ignored tests: 0
<> Failed tests: 2
~ testGetMaxMiddleIndex(org.jfree.data.time.junit.TimePeriodValuesTests)
[expected:<1> but was:<3>]
junit.framework.AssertionFailedError: expected:<1> but was:<3>    at junit.framework.Assert.fail(Assert.java:57)
    at junit.framework.Assert.failNotEquals(Assert.java:329)
    at junit.framework.Assert.assertEquals(Assert.java:78)
    at junit.framework.Assert.assertEquals(Assert.java:234)
    at junit.framework.Assert.assertEquals(Assert.java:241)
    at junit.framework.TestCase.assertEquals(TestCase.java:409)
~ testGetMaxMiddleIndex(org.jfree.data.time.junit.TimePeriodValuesTests)
[expected:<1> but was:<3>]
junit.framework.AssertionFailedError: expected:<1> but was:<3>    at junit.framework.Assert.fail(Assert.java:57)
    at junit.framework.Assert.failNotEquals(Assert.java:329)
    at junit.framework.Assert.assertEquals(Assert.java:78)
    at junit.framework.Assert.assertEquals(Assert.java:234)
    at junit.framework.Assert.assertEquals(Assert.java:241)
    at junit.framework.TestCase.assertEquals(TestCase.java:409)

16:19:30.846 [pool-2-thread-1] DEBUG fr.inria.lille.repair.nopol.NoPol - looking with class fr.inria.lille.repair.nopol.spoon.smt.ConditionalReplacer
junit.framework.AssertionFailedError: expected:<1> but was:<3>
    at junit.framework.Assert.fail(Assert.java:57)
    at junit.framework.Assert.failNotEquals(Assert.java:329)
    at junit.framework.Assert.assertEquals(Assert.java:78)
    at junit.framework.Assert.assertEquals(Assert.java:234)
    at junit.framework.Assert.assertEquals(Assert.java:241)
    at junit.framework.TestCase.assertEquals(TestCase.java:409)
junit.framework.AssertionFailedError: expected:<1> but was:<3>
    at junit.framework.Assert.fail(Assert.java:57)
    at junit.framework.Assert.failNotEquals(Assert.java:329)
    at junit.framework.Assert.assertEquals(Assert.java:78)
    at junit.framework.Assert.assertEquals(Assert.java:234)
    at junit.framework.Assert.assertEquals(Assert.java:241)
    at junit.framework.TestCase.assertEquals(TestCase.java:409)
16:19:30.857 [pool-156-thread-1] INFO  xxl.java.junit.TestCasesListener - Tests run finished (9 ms)
<> Total tests run: 20
<> Ignored tests: 0
<> Failed tests: 2
~ testGetMaxMiddleIndex(org.jfree.data.time.junit.TimePeriodValuesTests)
[expected:<1> but was:<3>]
junit.framework.AssertionFailedError: expected:<1> but was:<3>    at junit.framework.Assert.fail(Assert.java:57)
    at junit.framework.Assert.failNotEquals(Assert.java:329)
    at junit.framework.Assert.assertEquals(Assert.java:78)
    at junit.framework.Assert.assertEquals(Assert.java:234)
    at junit.framework.Assert.assertEquals(Assert.java:241)
    at junit.framework.TestCase.assertEquals(TestCase.java:409)
~ testGetMaxMiddleIndex(org.jfree.data.time.junit.TimePeriodValuesTests)
[expected:<1> but was:<3>]
junit.framework.AssertionFailedError: expected:<1> but was:<3>    at junit.framework.Assert.fail(Assert.java:57)
    at junit.framework.Assert.failNotEquals(Assert.java:329)
    at junit.framework.Assert.assertEquals(Assert.java:78)
    at junit.framework.Assert.assertEquals(Assert.java:234)
    at junit.framework.Assert.assertEquals(Assert.java:241)
    at junit.framework.TestCase.assertEquals(TestCase.java:409)

16:19:30.962 [pool-2-thread-1] DEBUG fr.inria.lille.repair.nopol.NoPol - statement #53
16:19:30.962 [pool-2-thread-1] DEBUG fr.inria.lille.repair.nopol.NoPol - Analysing SourceLocation org.jfree.data.time.TimePeriodValues:261 which is executed by 26 tests
794560977
16:19:31.035 [pool-2-thread-1] DEBUG fr.inria.lille.repair.nopol.NoPol - statement #54
16:19:31.035 [pool-2-thread-1] DEBUG fr.inria.lille.repair.nopol.NoPol - Analysing SourceLocation org.jfree.data.time.TimePeriodValues:260 which is executed by 26 tests
794560977
16:19:31.108 [pool-2-thread-1] DEBUG fr.inria.lille.repair.nopol.NoPol - statement #55
16:19:31.108 [pool-2-thread-1] DEBUG fr.inria.lille.repair.nopol.NoPol - Analysing SourceLocation org.jfree.data.time.TimePeriodValues:259 which is executed by 26 tests
794560977
16:19:31.181 [pool-2-thread-1] DEBUG fr.inria.lille.repair.nopol.NoPol - statement #56
16:19:31.181 [pool-2-thread-1] DEBUG fr.inria.lille.repair.nopol.NoPol - Analysing SourceLocation org.jfree.data.time.TimePeriodValues:249 which is executed by 26 tests
794560977
16:19:31.254 [pool-2-thread-1] DEBUG fr.inria.lille.repair.nopol.NoPol - statement #57
16:19:31.254 [pool-2-thread-1] DEBUG fr.inria.lille.repair.nopol.NoPol - Analysing SourceLocation org.jfree.data.time.TimePeriodValues:248 which is executed by 26 tests
794560977
16:19:31.327 [pool-2-thread-1] DEBUG fr.inria.lille.repair.nopol.NoPol - looking with class fr.inria.lille.repair.nopol.spoon.smt.ConditionalAdder
junit.framework.AssertionFailedError: expected:<1> but was:<3>
    at junit.framework.Assert.fail(Assert.java:57)
    at junit.framework.Assert.failNotEquals(Assert.java:329)
    at junit.framework.Assert.assertEquals(Assert.java:78)
    at junit.framework.Assert.assertEquals(Assert.java:234)
    at junit.framework.Assert.assertEquals(Assert.java:241)
    at junit.framework.TestCase.assertEquals(TestCase.java:409)
junit.framework.AssertionFailedError: expected:<1> but was:<3>
    at junit.framework.Assert.fail(Assert.java:57)
    at junit.framework.Assert.failNotEquals(Assert.java:329)
    at junit.framework.Assert.assertEquals(Assert.java:78)
    at junit.framework.Assert.assertEquals(Assert.java:234)
    at junit.framework.Assert.assertEquals(Assert.java:241)
    at junit.framework.TestCase.assertEquals(TestCase.java:409)
16:19:31.339 [pool-160-thread-1] INFO  xxl.java.junit.TestCasesListener - Tests run finished (9 ms)
<> Total tests run: 20
<> Ignored tests: 0
<> Failed tests: 2
~ testGetMaxMiddleIndex(org.jfree.data.time.junit.TimePeriodValuesTests)
[expected:<1> but was:<3>]
junit.framework.AssertionFailedError: expected:<1> but was:<3>    at junit.framework.Assert.fail(Assert.java:57)
    at junit.framework.Assert.failNotEquals(Assert.java:329)
    at junit.framework.Assert.assertEquals(Assert.java:78)
    at junit.framework.Assert.assertEquals(Assert.java:234)
    at junit.framework.Assert.assertEquals(Assert.java:241)
    at junit.framework.TestCase.assertEquals(TestCase.java:409)
~ testGetMaxMiddleIndex(org.jfree.data.time.junit.TimePeriodValuesTests)
[expected:<1> but was:<3>]
junit.framework.AssertionFailedError: expected:<1> but was:<3>    at junit.framework.Assert.fail(Assert.java:57)
    at junit.framework.Assert.failNotEquals(Assert.java:329)
    at junit.framework.Assert.assertEquals(Assert.java:78)
    at junit.framework.Assert.assertEquals(Assert.java:234)
    at junit.framework.Assert.assertEquals(Assert.java:241)
    at junit.framework.TestCase.assertEquals(TestCase.java:409)

16:19:31.437 [pool-2-thread-1] DEBUG fr.inria.lille.repair.nopol.NoPol - statement #58
16:19:31.437 [pool-2-thread-1] DEBUG fr.inria.lille.repair.nopol.NoPol - Analysing SourceLocation org.jfree.data.time.TimePeriodValues:247 which is executed by 26 tests
794560977
16:19:31.510 [pool-2-thread-1] DEBUG fr.inria.lille.repair.nopol.NoPol - looking with class fr.inria.lille.repair.nopol.spoon.smt.ConditionalAdder
junit.framework.AssertionFailedError: expected:<1> but was:<3>
    at junit.framework.Assert.fail(Assert.java:57)
    at junit.framework.Assert.failNotEquals(Assert.java:329)
    at junit.framework.Assert.assertEquals(Assert.java:78)
    at junit.framework.Assert.assertEquals(Assert.java:234)
    at junit.framework.Assert.assertEquals(Assert.java:241)
    at junit.framework.TestCase.assertEquals(TestCase.java:409)
junit.framework.AssertionFailedError: expected:<1> but was:<3>
    at junit.framework.Assert.fail(Assert.java:57)
    at junit.framework.Assert.failNotEquals(Assert.java:329)
    at junit.framework.Assert.assertEquals(Assert.java:78)
    at junit.framework.Assert.assertEquals(Assert.java:234)
    at junit.framework.Assert.assertEquals(Assert.java:241)
    at junit.framework.TestCase.assertEquals(TestCase.java:409)
16:19:31.522 [pool-164-thread-1] INFO  xxl.java.junit.TestCasesListener - Tests run finished (9 ms)
<> Total tests run: 20
<> Ignored tests: 0
<> Failed tests: 2
~ testGetMaxMiddleIndex(org.jfree.data.time.junit.TimePeriodValuesTests)
[expected:<1> but was:<3>]
junit.framework.AssertionFailedError: expected:<1> but was:<3>    at junit.framework.Assert.fail(Assert.java:57)
    at junit.framework.Assert.failNotEquals(Assert.java:329)
    at junit.framework.Assert.assertEquals(Assert.java:78)
    at junit.framework.Assert.assertEquals(Assert.java:234)
    at junit.framework.Assert.assertEquals(Assert.java:241)
    at junit.framework.TestCase.assertEquals(TestCase.java:409)
~ testGetMaxMiddleIndex(org.jfree.data.time.junit.TimePeriodValuesTests)
[expected:<1> but was:<3>]
junit.framework.AssertionFailedError: expected:<1> but was:<3>    at junit.framework.Assert.fail(Assert.java:57)
    at junit.framework.Assert.failNotEquals(Assert.java:329)
    at junit.framework.Assert.assertEquals(Assert.java:78)
    at junit.framework.Assert.assertEquals(Assert.java:234)
    at junit.framework.Assert.assertEquals(Assert.java:241)
    at junit.framework.TestCase.assertEquals(TestCase.java:409)

16:19:31.619 [pool-2-thread-1] DEBUG fr.inria.lille.repair.nopol.NoPol - statement #59
16:19:31.619 [pool-2-thread-1] DEBUG fr.inria.lille.repair.nopol.NoPol - Analysing SourceLocation org.jfree.data.time.TimePeriodValues:246 which is executed by 26 tests
794560977
16:19:31.705 [pool-2-thread-1] DEBUG fr.inria.lille.repair.nopol.NoPol - looking with class fr.inria.lille.repair.nopol.spoon.smt.ConditionalAdder
junit.framework.AssertionFailedError: expected:<1> but was:<3>
    at junit.framework.Assert.fail(Assert.java:57)
    at junit.framework.Assert.failNotEquals(Assert.java:329)
    at junit.framework.Assert.assertEquals(Assert.java:78)
    at junit.framework.Assert.assertEquals(Assert.java:234)
    at junit.framework.Assert.assertEquals(Assert.java:241)
    at junit.framework.TestCase.assertEquals(TestCase.java:409)
junit.framework.AssertionFailedError: expected:<1> but was:<3>
    at junit.framework.Assert.fail(Assert.java:57)
    at junit.framework.Assert.failNotEquals(Assert.java:329)
    at junit.framework.Assert.assertEquals(Assert.java:78)
    at junit.framework.Assert.assertEquals(Assert.java:234)
    at junit.framework.Assert.assertEquals(Assert.java:241)
    at junit.framework.TestCase.assertEquals(TestCase.java:409)
16:19:31.718 [pool-168-thread-1] INFO  xxl.java.junit.TestCasesListener - Tests run finished (10 ms)
<> Total tests run: 20
<> Ignored tests: 0
<> Failed tests: 2
~ testGetMaxMiddleIndex(org.jfree.data.time.junit.TimePeriodValuesTests)
[expected:<1> but was:<3>]
junit.framework.AssertionFailedError: expected:<1> but was:<3>    at junit.framework.Assert.fail(Assert.java:57)
    at junit.framework.Assert.failNotEquals(Assert.java:329)
    at junit.framework.Assert.assertEquals(Assert.java:78)
    at junit.framework.Assert.assertEquals(Assert.java:234)
    at junit.framework.Assert.assertEquals(Assert.java:241)
    at junit.framework.TestCase.assertEquals(TestCase.java:409)
~ testGetMaxMiddleIndex(org.jfree.data.time.junit.TimePeriodValuesTests)
[expected:<1> but was:<3>]
junit.framework.AssertionFailedError: expected:<1> but was:<3>    at junit.framework.Assert.fail(Assert.java:57)
    at junit.framework.Assert.failNotEquals(Assert.java:329)
    at junit.framework.Assert.assertEquals(Assert.java:78)
    at junit.framework.Assert.assertEquals(Assert.java:234)
    at junit.framework.Assert.assertEquals(Assert.java:241)
    at junit.framework.TestCase.assertEquals(TestCase.java:409)

16:19:31.815 [pool-2-thread-1] DEBUG fr.inria.lille.repair.nopol.NoPol - statement #60
16:19:31.816 [pool-2-thread-1] DEBUG fr.inria.lille.repair.nopol.NoPol - Analysing SourceLocation org.jfree.data.time.TimePeriodValues:243 which is executed by 26 tests
794560977
16:19:31.890 [pool-2-thread-1] DEBUG fr.inria.lille.repair.nopol.NoPol - looking with class fr.inria.lille.repair.nopol.spoon.smt.ConditionalAdder
junit.framework.AssertionFailedError: expected:<1> but was:<3>
    at junit.framework.Assert.fail(Assert.java:57)
    at junit.framework.Assert.failNotEquals(Assert.java:329)
    at junit.framework.Assert.assertEquals(Assert.java:78)
    at junit.framework.Assert.assertEquals(Assert.java:234)
    at junit.framework.Assert.assertEquals(Assert.java:241)
    at junit.framework.TestCase.assertEquals(TestCase.java:409)
junit.framework.AssertionFailedError: expected:<1> but was:<3>
    at junit.framework.Assert.fail(Assert.java:57)
    at junit.framework.Assert.failNotEquals(Assert.java:329)
    at junit.framework.Assert.assertEquals(Assert.java:78)
    at junit.framework.Assert.assertEquals(Assert.java:234)
    at junit.framework.Assert.assertEquals(Assert.java:241)
    at junit.framework.TestCase.assertEquals(TestCase.java:409)
16:19:31.903 [pool-172-thread-1] INFO  xxl.java.junit.TestCasesListener - Tests run finished (10 ms)
<> Total tests run: 20
<> Ignored tests: 0
<> Failed tests: 2
~ testGetMaxMiddleIndex(org.jfree.data.time.junit.TimePeriodValuesTests)
[expected:<1> but was:<3>]
junit.framework.AssertionFailedError: expected:<1> but was:<3>    at junit.framework.Assert.fail(Assert.java:57)
    at junit.framework.Assert.failNotEquals(Assert.java:329)
    at junit.framework.Assert.assertEquals(Assert.java:78)
    at junit.framework.Assert.assertEquals(Assert.java:234)
    at junit.framework.Assert.assertEquals(Assert.java:241)
    at junit.framework.TestCase.assertEquals(TestCase.java:409)
~ testGetMaxMiddleIndex(org.jfree.data.time.junit.TimePeriodValuesTests)
[expected:<1> but was:<3>]
junit.framework.AssertionFailedError: expected:<1> but was:<3>    at junit.framework.Assert.fail(Assert.java:57)
    at junit.framework.Assert.failNotEquals(Assert.java:329)
    at junit.framework.Assert.assertEquals(Assert.java:78)
    at junit.framework.Assert.assertEquals(Assert.java:234)
    at junit.framework.Assert.assertEquals(Assert.java:241)
    at junit.framework.TestCase.assertEquals(TestCase.java:409)

16:19:32.006 [pool-2-thread-1] DEBUG fr.inria.lille.repair.nopol.NoPol - looking with class fr.inria.lille.repair.nopol.spoon.smt.ConditionalReplacer
junit.framework.AssertionFailedError: expected:<1> but was:<3>
    at junit.framework.Assert.fail(Assert.java:57)
    at junit.framework.Assert.failNotEquals(Assert.java:329)
    at junit.framework.Assert.assertEquals(Assert.java:78)
    at junit.framework.Assert.assertEquals(Assert.java:234)
    at junit.framework.Assert.assertEquals(Assert.java:241)
    at junit.framework.TestCase.assertEquals(TestCase.java:409)
junit.framework.AssertionFailedError: expected:<1> but was:<3>
    at junit.framework.Assert.fail(Assert.java:57)
    at junit.framework.Assert.failNotEquals(Assert.java:329)
    at junit.framework.Assert.assertEquals(Assert.java:78)
    at junit.framework.Assert.assertEquals(Assert.java:234)
    at junit.framework.Assert.assertEquals(Assert.java:241)
    at junit.framework.TestCase.assertEquals(TestCase.java:409)
16:19:32.020 [pool-176-thread-1] INFO  xxl.java.junit.TestCasesListener - Tests run finished (11 ms)
<> Total tests run: 20
<> Ignored tests: 0
<> Failed tests: 2
~ testGetMaxMiddleIndex(org.jfree.data.time.junit.TimePeriodValuesTests)
[expected:<1> but was:<3>]
junit.framework.AssertionFailedError: expected:<1> but was:<3>    at junit.framework.Assert.fail(Assert.java:57)
    at junit.framework.Assert.failNotEquals(Assert.java:329)
    at junit.framework.Assert.assertEquals(Assert.java:78)
    at junit.framework.Assert.assertEquals(Assert.java:234)
    at junit.framework.Assert.assertEquals(Assert.java:241)
    at junit.framework.TestCase.assertEquals(TestCase.java:409)
~ testGetMaxMiddleIndex(org.jfree.data.time.junit.TimePeriodValuesTests)
[expected:<1> but was:<3>]
junit.framework.AssertionFailedError: expected:<1> but was:<3>    at junit.framework.Assert.fail(Assert.java:57)
    at junit.framework.Assert.failNotEquals(Assert.java:329)
    at junit.framework.Assert.assertEquals(Assert.java:78)
    at junit.framework.Assert.assertEquals(Assert.java:234)
    at junit.framework.Assert.assertEquals(Assert.java:241)
    at junit.framework.TestCase.assertEquals(TestCase.java:409)

16:19:32.119 [pool-2-thread-1] DEBUG fr.inria.lille.repair.nopol.NoPol - statement #61
16:19:32.119 [pool-2-thread-1] DEBUG fr.inria.lille.repair.nopol.NoPol - Analysing SourceLocation org.jfree.data.time.TimePeriodValues:205 which is executed by 26 tests
794560977
16:19:32.194 [pool-2-thread-1] DEBUG fr.inria.lille.repair.nopol.NoPol - statement #62
16:19:32.194 [pool-2-thread-1] DEBUG fr.inria.lille.repair.nopol.NoPol - Analysing SourceLocation org.jfree.data.time.Year:164 which is executed by 30 tests
2751582
16:19:32.268 [pool-2-thread-1] DEBUG fr.inria.lille.repair.nopol.NoPol - statement #63
16:19:32.268 [pool-2-thread-1] DEBUG fr.inria.lille.repair.nopol.NoPol - Analysing SourceLocation org.jfree.data.time.Year:150 which is executed by 30 tests
2751582
16:19:32.340 [pool-2-thread-1] DEBUG fr.inria.lille.repair.nopol.NoPol - statement #64
16:19:32.340 [pool-2-thread-1] DEBUG fr.inria.lille.repair.nopol.NoPol - Analysing SourceLocation org.jfree.data.time.RegularTimePeriod:194 which is executed by 40 tests
-1372516469
16:19:32.423 [pool-2-thread-1] DEBUG fr.inria.lille.repair.nopol.NoPol - statement #65
16:19:32.423 [pool-2-thread-1] DEBUG fr.inria.lille.repair.nopol.NoPol - Analysing SourceLocation org.jfree.data.time.RegularTimePeriod:182 which is executed by 40 tests
-1372516469
16:19:32.496 [pool-2-thread-1] DEBUG fr.inria.lille.repair.nopol.NoPol - statement #66
16:19:32.496 [pool-2-thread-1] DEBUG fr.inria.lille.repair.nopol.NoPol - Analysing SourceLocation org.jfree.data.time.SimpleTimePeriod:120 which is executed by 44 tests
526385761
16:19:32.567 [pool-2-thread-1] DEBUG fr.inria.lille.repair.nopol.NoPol - statement #67
16:19:32.567 [pool-2-thread-1] DEBUG fr.inria.lille.repair.nopol.NoPol - Analysing SourceLocation org.jfree.data.time.SimpleTimePeriod:100 which is executed by 46 tests
526385761
16:19:32.667 [pool-2-thread-1] DEBUG fr.inria.lille.repair.nopol.NoPol - statement #68
16:19:32.667 [pool-2-thread-1] DEBUG fr.inria.lille.repair.nopol.NoPol - Analysing SourceLocation org.jfree.chart.JFreeChartInfo:1851 which is executed by 18 tests
-470971273
16:19:32.758 [pool-2-thread-1] DEBUG fr.inria.lille.repair.nopol.NoPol - looking with class fr.inria.lille.repair.nopol.spoon.smt.ConditionalAdder
16:19:32.769 [pool-180-thread-1] INFO  xxl.java.junit.TestCasesListener - Tests run finished (8 ms)
<> Total tests run: 3
<> Ignored tests: 0
<> Failed tests: 0

16:19:32.769 [pool-2-thread-1] ERROR fr.inria.lille.repair.nopol.NoPol - Error ExecutionException java.util.concurrent.ExecutionException: java.lang.RuntimeException: failingTestCasesValidated: nothing to repair, no failing test cases
16:19:32.769 [pool-2-thread-1] DEBUG fr.inria.lille.repair.nopol.NoPol - looking with class fr.inria.lille.repair.nopol.spoon.smt.ConditionalReplacer
16:19:32.779 [pool-182-thread-1] INFO  xxl.java.junit.TestCasesListener - Tests run finished (9 ms)
<> Total tests run: 3
<> Ignored tests: 0
<> Failed tests: 0

16:19:32.779 [pool-2-thread-1] ERROR fr.inria.lille.repair.nopol.NoPol - Error ExecutionException java.util.concurrent.ExecutionException: java.lang.RuntimeException: failingTestCasesValidated: nothing to repair, no failing test cases
16:19:32.779 [pool-2-thread-1] DEBUG fr.inria.lille.repair.nopol.NoPol - statement #69
16:19:32.779 [pool-2-thread-1] DEBUG fr.inria.lille.repair.nopol.NoPol - Analysing SourceLocation org.jfree.chart.JFreeChartInfo:1850 which is executed by 18 tests
-470971273
16:19:32.868 [pool-2-thread-1] DEBUG fr.inria.lille.repair.nopol.NoPol - statement #70
16:19:32.868 [pool-2-thread-1] DEBUG fr.inria.lille.repair.nopol.NoPol - Analysing SourceLocation org.jfree.chart.ui.ProjectInfo:102 which is executed by 18 tests
727684936
16:19:32.937 [pool-2-thread-1] DEBUG fr.inria.lille.repair.nopol.NoPol - statement #71
16:19:32.937 [pool-2-thread-1] DEBUG fr.inria.lille.repair.nopol.NoPol - Analysing SourceLocation org.jfree.data.time.Year:256 which is executed by 172 tests
2751582
16:19:33.009 [pool-2-thread-1] DEBUG fr.inria.lille.repair.nopol.NoPol - statement #72
16:19:33.009 [pool-2-thread-1] DEBUG fr.inria.lille.repair.nopol.NoPol - Analysing SourceLocation org.jfree.data.time.Year:253 which is executed by 172 tests
2751582
16:19:33.080 [pool-2-thread-1] DEBUG fr.inria.lille.repair.nopol.NoPol - looking with class fr.inria.lille.repair.nopol.spoon.smt.ConditionalAdder
junit.framework.AssertionFailedError: expected:<1> but was:<3>
    at junit.framework.Assert.fail(Assert.java:57)
    at junit.framework.Assert.failNotEquals(Assert.java:329)
    at junit.framework.Assert.assertEquals(Assert.java:78)
    at junit.framework.Assert.assertEquals(Assert.java:234)
    at junit.framework.Assert.assertEquals(Assert.java:241)
    at junit.framework.TestCase.assertEquals(TestCase.java:409)
junit.framework.AssertionFailedError: expected:<1> but was:<3>
    at junit.framework.Assert.fail(Assert.java:57)
    at junit.framework.Assert.failNotEquals(Assert.java:329)
    at junit.framework.Assert.assertEquals(Assert.java:78)
    at junit.framework.Assert.assertEquals(Assert.java:234)
    at junit.framework.Assert.assertEquals(Assert.java:241)
    at junit.framework.TestCase.assertEquals(TestCase.java:409)
16:19:33.093 [pool-184-thread-1] INFO  xxl.java.junit.TestCasesListener - Tests run finished (9 ms)
<> Total tests run: 20
<> Ignored tests: 0
<> Failed tests: 2
~ testGetMaxMiddleIndex(org.jfree.data.time.junit.TimePeriodValuesTests)
[expected:<1> but was:<3>]
junit.framework.AssertionFailedError: expected:<1> but was:<3>    at junit.framework.Assert.fail(Assert.java:57)
    at junit.framework.Assert.failNotEquals(Assert.java:329)
    at junit.framework.Assert.assertEquals(Assert.java:78)
    at junit.framework.Assert.assertEquals(Assert.java:234)
    at junit.framework.Assert.assertEquals(Assert.java:241)
    at junit.framework.TestCase.assertEquals(TestCase.java:409)
~ testGetMaxMiddleIndex(org.jfree.data.time.junit.TimePeriodValuesTests)
[expected:<1> but was:<3>]
junit.framework.AssertionFailedError: expected:<1> but was:<3>    at junit.framework.Assert.fail(Assert.java:57)
    at junit.framework.Assert.failNotEquals(Assert.java:329)
    at junit.framework.Assert.assertEquals(Assert.java:78)
    at junit.framework.Assert.assertEquals(Assert.java:234)
    at junit.framework.Assert.assertEquals(Assert.java:241)
    at junit.framework.TestCase.assertEquals(TestCase.java:409)

16:19:33.210 [pool-2-thread-1] DEBUG fr.inria.lille.repair.nopol.NoPol - statement #73
16:19:33.210 [pool-2-thread-1] DEBUG fr.inria.lille.repair.nopol.NoPol - Analysing SourceLocation org.jfree.data.time.Year:252 which is executed by 172 tests
2751582
16:19:33.282 [pool-2-thread-1] DEBUG fr.inria.lille.repair.nopol.NoPol - looking with class fr.inria.lille.repair.nopol.spoon.smt.ConditionalAdder
junit.framework.AssertionFailedError: expected:<1> but was:<3>
    at junit.framework.Assert.fail(Assert.java:57)
    at junit.framework.Assert.failNotEquals(Assert.java:329)
    at junit.framework.Assert.assertEquals(Assert.java:78)
    at junit.framework.Assert.assertEquals(Assert.java:234)
    at junit.framework.Assert.assertEquals(Assert.java:241)
    at junit.framework.TestCase.assertEquals(TestCase.java:409)
junit.framework.AssertionFailedError: expected:<1> but was:<3>
    at junit.framework.Assert.fail(Assert.java:57)
    at junit.framework.Assert.failNotEquals(Assert.java:329)
    at junit.framework.Assert.assertEquals(Assert.java:78)
    at junit.framework.Assert.assertEquals(Assert.java:234)
    at junit.framework.Assert.assertEquals(Assert.java:241)
    at junit.framework.TestCase.assertEquals(TestCase.java:409)
16:19:33.298 [pool-188-thread-1] INFO  xxl.java.junit.TestCasesListener - Tests run finished (12 ms)
<> Total tests run: 20
<> Ignored tests: 0
<> Failed tests: 2
~ testGetMaxMiddleIndex(org.jfree.data.time.junit.TimePeriodValuesTests)
[expected:<1> but was:<3>]
junit.framework.AssertionFailedError: expected:<1> but was:<3>    at junit.framework.Assert.fail(Assert.java:57)
    at junit.framework.Assert.failNotEquals(Assert.java:329)
    at junit.framework.Assert.assertEquals(Assert.java:78)
    at junit.framework.Assert.assertEquals(Assert.java:234)
    at junit.framework.Assert.assertEquals(Assert.java:241)
    at junit.framework.TestCase.assertEquals(TestCase.java:409)
~ testGetMaxMiddleIndex(org.jfree.data.time.junit.TimePeriodValuesTests)
[expected:<1> but was:<3>]
junit.framework.AssertionFailedError: expected:<1> but was:<3>    at junit.framework.Assert.fail(Assert.java:57)
    at junit.framework.Assert.failNotEquals(Assert.java:329)
    at junit.framework.Assert.assertEquals(Assert.java:78)
    at junit.framework.Assert.assertEquals(Assert.java:234)
    at junit.framework.Assert.assertEquals(Assert.java:241)
    at junit.framework.TestCase.assertEquals(TestCase.java:409)

16:19:33.390 [pool-2-thread-1] DEBUG fr.inria.lille.repair.nopol.NoPol - statement #74
16:19:33.391 [pool-2-thread-1] DEBUG fr.inria.lille.repair.nopol.NoPol - Analysing SourceLocation org.jfree.data.time.Year:237 which is executed by 172 tests
2751582
16:19:33.462 [pool-2-thread-1] DEBUG fr.inria.lille.repair.nopol.NoPol - statement #75
16:19:33.462 [pool-2-thread-1] DEBUG fr.inria.lille.repair.nopol.NoPol - Analysing SourceLocation org.jfree.data.time.Year:234 which is executed by 172 tests
2751582
16:19:33.537 [pool-2-thread-1] DEBUG fr.inria.lille.repair.nopol.NoPol - looking with class fr.inria.lille.repair.nopol.spoon.smt.ConditionalAdder
junit.framework.AssertionFailedError: expected:<1> but was:<3>
    at junit.framework.Assert.fail(Assert.java:57)
    at junit.framework.Assert.failNotEquals(Assert.java:329)
    at junit.framework.Assert.assertEquals(Assert.java:78)
    at junit.framework.Assert.assertEquals(Assert.java:234)
    at junit.framework.Assert.assertEquals(Assert.java:241)
    at junit.framework.TestCase.assertEquals(TestCase.java:409)
junit.framework.AssertionFailedError: expected:<1> but was:<3>
    at junit.framework.Assert.fail(Assert.java:57)
    at junit.framework.Assert.failNotEquals(Assert.java:329)
    at junit.framework.Assert.assertEquals(Assert.java:78)
    at junit.framework.Assert.assertEquals(Assert.java:234)
    at junit.framework.Assert.assertEquals(Assert.java:241)
    at junit.framework.TestCase.assertEquals(TestCase.java:409)
16:19:33.550 [pool-192-thread-1] INFO  xxl.java.junit.TestCasesListener - Tests run finished (9 ms)
<> Total tests run: 20
<> Ignored tests: 0
<> Failed tests: 2
~ testGetMaxMiddleIndex(org.jfree.data.time.junit.TimePeriodValuesTests)
[expected:<1> but was:<3>]
junit.framework.AssertionFailedError: expected:<1> but was:<3>    at junit.framework.Assert.fail(Assert.java:57)
    at junit.framework.Assert.failNotEquals(Assert.java:329)
    at junit.framework.Assert.assertEquals(Assert.java:78)
    at junit.framework.Assert.assertEquals(Assert.java:234)
    at junit.framework.Assert.assertEquals(Assert.java:241)
    at junit.framework.TestCase.assertEquals(TestCase.java:409)
~ testGetMaxMiddleIndex(org.jfree.data.time.junit.TimePeriodValuesTests)
[expected:<1> but was:<3>]
junit.framework.AssertionFailedError: expected:<1> but was:<3>    at junit.framework.Assert.fail(Assert.java:57)
    at junit.framework.Assert.failNotEquals(Assert.java:329)
    at junit.framework.Assert.assertEquals(Assert.java:78)
    at junit.framework.Assert.assertEquals(Assert.java:234)
    at junit.framework.Assert.assertEquals(Assert.java:241)
    at junit.framework.TestCase.assertEquals(TestCase.java:409)

16:19:33.641 [pool-2-thread-1] DEBUG fr.inria.lille.repair.nopol.NoPol - statement #76
16:19:33.642 [pool-2-thread-1] DEBUG fr.inria.lille.repair.nopol.NoPol - Analysing SourceLocation org.jfree.data.time.Year:233 which is executed by 172 tests
2751582
16:19:33.712 [pool-2-thread-1] DEBUG fr.inria.lille.repair.nopol.NoPol - looking with class fr.inria.lille.repair.nopol.spoon.smt.ConditionalAdder
junit.framework.AssertionFailedError: expected:<1> but was:<3>
    at junit.framework.Assert.fail(Assert.java:57)
    at junit.framework.Assert.failNotEquals(Assert.java:329)
    at junit.framework.Assert.assertEquals(Assert.java:78)
    at junit.framework.Assert.assertEquals(Assert.java:234)
    at junit.framework.Assert.assertEquals(Assert.java:241)
    at junit.framework.TestCase.assertEquals(TestCase.java:409)
junit.framework.AssertionFailedError: expected:<1> but was:<3>
    at junit.framework.Assert.fail(Assert.java:57)
    at junit.framework.Assert.failNotEquals(Assert.java:329)
    at junit.framework.Assert.assertEquals(Assert.java:78)
    at junit.framework.Assert.assertEquals(Assert.java:234)
    at junit.framework.Assert.assertEquals(Assert.java:241)
    at junit.framework.TestCase.assertEquals(TestCase.java:409)
16:19:33.725 [pool-196-thread-1] INFO  xxl.java.junit.TestCasesListener - Tests run finished (9 ms)
<> Total tests run: 20
<> Ignored tests: 0
<> Failed tests: 2
~ testGetMaxMiddleIndex(org.jfree.data.time.junit.TimePeriodValuesTests)
[expected:<1> but was:<3>]
junit.framework.AssertionFailedError: expected:<1> but was:<3>    at junit.framework.Assert.fail(Assert.java:57)
    at junit.framework.Assert.failNotEquals(Assert.java:329)
    at junit.framework.Assert.assertEquals(Assert.java:78)
    at junit.framework.Assert.assertEquals(Assert.java:234)
    at junit.framework.Assert.assertEquals(Assert.java:241)
    at junit.framework.TestCase.assertEquals(TestCase.java:409)
~ testGetMaxMiddleIndex(org.jfree.data.time.junit.TimePeriodValuesTests)
[expected:<1> but was:<3>]
junit.framework.AssertionFailedError: expected:<1> but was:<3>    at junit.framework.Assert.fail(Assert.java:57)
    at junit.framework.Assert.failNotEquals(Assert.java:329)
    at junit.framework.Assert.assertEquals(Assert.java:78)
    at junit.framework.Assert.assertEquals(Assert.java:234)
    at junit.framework.Assert.assertEquals(Assert.java:241)
    at junit.framework.TestCase.assertEquals(TestCase.java:409)

16:19:33.816 [pool-2-thread-1] DEBUG fr.inria.lille.repair.nopol.NoPol - statement #77
16:19:33.816 [pool-2-thread-1] DEBUG fr.inria.lille.repair.nopol.NoPol - Analysing SourceLocation org.jfree.data.time.Year:178 which is executed by 172 tests
2751582
16:19:33.894 [pool-2-thread-1] DEBUG fr.inria.lille.repair.nopol.NoPol - statement #78
16:19:33.894 [pool-2-thread-1] DEBUG fr.inria.lille.repair.nopol.NoPol - Analysing SourceLocation org.jfree.data.time.Year:177 which is executed by 172 tests
2751582
16:19:33.965 [pool-2-thread-1] DEBUG fr.inria.lille.repair.nopol.NoPol - looking with class fr.inria.lille.repair.nopol.spoon.smt.ConditionalAdder
junit.framework.AssertionFailedError: expected:<1> but was:<3>
    at junit.framework.Assert.fail(Assert.java:57)
    at junit.framework.Assert.failNotEquals(Assert.java:329)
    at junit.framework.Assert.assertEquals(Assert.java:78)
    at junit.framework.Assert.assertEquals(Assert.java:234)
    at junit.framework.Assert.assertEquals(Assert.java:241)
    at junit.framework.TestCase.assertEquals(TestCase.java:409)
junit.framework.AssertionFailedError: expected:<1> but was:<3>
    at junit.framework.Assert.fail(Assert.java:57)
    at junit.framework.Assert.failNotEquals(Assert.java:329)
    at junit.framework.Assert.assertEquals(Assert.java:78)
    at junit.framework.Assert.assertEquals(Assert.java:234)
    at junit.framework.Assert.assertEquals(Assert.java:241)
    at junit.framework.TestCase.assertEquals(TestCase.java:409)
16:19:33.978 [pool-200-thread-1] INFO  xxl.java.junit.TestCasesListener - Tests run finished (10 ms)
<> Total tests run: 20
<> Ignored tests: 0
<> Failed tests: 2
~ testGetMaxMiddleIndex(org.jfree.data.time.junit.TimePeriodValuesTests)
[expected:<1> but was:<3>]
junit.framework.AssertionFailedError: expected:<1> but was:<3>    at junit.framework.Assert.fail(Assert.java:57)
    at junit.framework.Assert.failNotEquals(Assert.java:329)
    at junit.framework.Assert.assertEquals(Assert.java:78)
    at junit.framework.Assert.assertEquals(Assert.java:234)
    at junit.framework.Assert.assertEquals(Assert.java:241)
    at junit.framework.TestCase.assertEquals(TestCase.java:409)
~ testGetMaxMiddleIndex(org.jfree.data.time.junit.TimePeriodValuesTests)
[expected:<1> but was:<3>]
junit.framework.AssertionFailedError: expected:<1> but was:<3>    at junit.framework.Assert.fail(Assert.java:57)
    at junit.framework.Assert.failNotEquals(Assert.java:329)
    at junit.framework.Assert.assertEquals(Assert.java:78)
    at junit.framework.Assert.assertEquals(Assert.java:234)
    at junit.framework.Assert.assertEquals(Assert.java:241)
    at junit.framework.TestCase.assertEquals(TestCase.java:409)

16:19:34.072 [pool-2-thread-1] DEBUG fr.inria.lille.repair.nopol.NoPol - statement #79
16:19:34.072 [pool-2-thread-1] DEBUG fr.inria.lille.repair.nopol.NoPol - Analysing SourceLocation org.jfree.data.time.Year:176 which is executed by 172 tests
2751582
16:19:34.146 [pool-2-thread-1] DEBUG fr.inria.lille.repair.nopol.NoPol - looking with class fr.inria.lille.repair.nopol.spoon.smt.ConditionalAdder
junit.framework.AssertionFailedError: expected:<1> but was:<3>
    at junit.framework.Assert.fail(Assert.java:57)
    at junit.framework.Assert.failNotEquals(Assert.java:329)
    at junit.framework.Assert.assertEquals(Assert.java:78)
    at junit.framework.Assert.assertEquals(Assert.java:234)
    at junit.framework.Assert.assertEquals(Assert.java:241)
    at junit.framework.TestCase.assertEquals(TestCase.java:409)
junit.framework.AssertionFailedError: expected:<1> but was:<3>
    at junit.framework.Assert.fail(Assert.java:57)
    at junit.framework.Assert.failNotEquals(Assert.java:329)
    at junit.framework.Assert.assertEquals(Assert.java:78)
    at junit.framework.Assert.assertEquals(Assert.java:234)
    at junit.framework.Assert.assertEquals(Assert.java:241)
    at junit.framework.TestCase.assertEquals(TestCase.java:409)
16:19:34.158 [pool-204-thread-1] INFO  xxl.java.junit.TestCasesListener - Tests run finished (9 ms)
<> Total tests run: 20
<> Ignored tests: 0
<> Failed tests: 2
~ testGetMaxMiddleIndex(org.jfree.data.time.junit.TimePeriodValuesTests)
[expected:<1> but was:<3>]
junit.framework.AssertionFailedError: expected:<1> but was:<3>    at junit.framework.Assert.fail(Assert.java:57)
    at junit.framework.Assert.failNotEquals(Assert.java:329)
    at junit.framework.Assert.assertEquals(Assert.java:78)
    at junit.framework.Assert.assertEquals(Assert.java:234)
    at junit.framework.Assert.assertEquals(Assert.java:241)
    at junit.framework.TestCase.assertEquals(TestCase.java:409)
~ testGetMaxMiddleIndex(org.jfree.data.time.junit.TimePeriodValuesTests)
[expected:<1> but was:<3>]
junit.framework.AssertionFailedError: expected:<1> but was:<3>    at junit.framework.Assert.fail(Assert.java:57)
    at junit.framework.Assert.failNotEquals(Assert.java:329)
    at junit.framework.Assert.assertEquals(Assert.java:78)
    at junit.framework.Assert.assertEquals(Assert.java:234)
    at junit.framework.Assert.assertEquals(Assert.java:241)
    at junit.framework.TestCase.assertEquals(TestCase.java:409)

16:19:34.251 [pool-2-thread-1] DEBUG fr.inria.lille.repair.nopol.NoPol - statement #80
16:19:34.251 [pool-2-thread-1] DEBUG fr.inria.lille.repair.nopol.NoPol - Analysing SourceLocation org.jfree.data.general.Series:334 which is executed by 524 tests
-1821971816
16:19:34.322 [pool-2-thread-1] DEBUG fr.inria.lille.repair.nopol.NoPol - statement #81
16:19:34.322 [pool-2-thread-1] DEBUG fr.inria.lille.repair.nopol.NoPol - Analysing SourceLocation org.jfree.data.general.Series:327 which is executed by 524 tests
-1821971816
16:19:34.393 [pool-2-thread-1] DEBUG fr.inria.lille.repair.nopol.NoPol - looking with class fr.inria.lille.repair.nopol.spoon.smt.ConditionalAdder
junit.framework.AssertionFailedError: expected:<1> but was:<3>
    at junit.framework.Assert.fail(Assert.java:57)
    at junit.framework.Assert.failNotEquals(Assert.java:329)
    at junit.framework.Assert.assertEquals(Assert.java:78)
    at junit.framework.Assert.assertEquals(Assert.java:234)
    at junit.framework.Assert.assertEquals(Assert.java:241)
    at junit.framework.TestCase.assertEquals(TestCase.java:409)
junit.framework.AssertionFailedError: expected:<1> but was:<3>
    at junit.framework.Assert.fail(Assert.java:57)
    at junit.framework.Assert.failNotEquals(Assert.java:329)
    at junit.framework.Assert.assertEquals(Assert.java:78)
    at junit.framework.Assert.assertEquals(Assert.java:234)
    at junit.framework.Assert.assertEquals(Assert.java:241)
    at junit.framework.TestCase.assertEquals(TestCase.java:409)
16:19:34.406 [pool-208-thread-1] INFO  xxl.java.junit.TestCasesListener - Tests run finished (9 ms)
<> Total tests run: 20
<> Ignored tests: 0
<> Failed tests: 2
~ testGetMaxMiddleIndex(org.jfree.data.time.junit.TimePeriodValuesTests)
[expected:<1> but was:<3>]
junit.framework.AssertionFailedError: expected:<1> but was:<3>    at junit.framework.Assert.fail(Assert.java:57)
    at junit.framework.Assert.failNotEquals(Assert.java:329)
    at junit.framework.Assert.assertEquals(Assert.java:78)
    at junit.framework.Assert.assertEquals(Assert.java:234)
    at junit.framework.Assert.assertEquals(Assert.java:241)
    at junit.framework.TestCase.assertEquals(TestCase.java:409)
~ testGetMaxMiddleIndex(org.jfree.data.time.junit.TimePeriodValuesTests)
[expected:<1> but was:<3>]
junit.framework.AssertionFailedError: expected:<1> but was:<3>    at junit.framework.Assert.fail(Assert.java:57)
    at junit.framework.Assert.failNotEquals(Assert.java:329)
    at junit.framework.Assert.assertEquals(Assert.java:78)
    at junit.framework.Assert.assertEquals(Assert.java:234)
    at junit.framework.Assert.assertEquals(Assert.java:241)
    at junit.framework.TestCase.assertEquals(TestCase.java:409)

16:19:34.502 [pool-2-thread-1] DEBUG fr.inria.lille.repair.nopol.NoPol - statement #82
16:19:34.503 [pool-2-thread-1] DEBUG fr.inria.lille.repair.nopol.NoPol - Analysing SourceLocation org.jfree.data.general.Series:326 which is executed by 524 tests
-1821971816
16:19:34.573 [pool-2-thread-1] DEBUG fr.inria.lille.repair.nopol.NoPol - statement #83
16:19:34.573 [pool-2-thread-1] DEBUG fr.inria.lille.repair.nopol.NoPol - Analysing SourceLocation org.jfree.data.general.Series:316 which is executed by 524 tests
-1821971816
16:19:34.672 [pool-2-thread-1] DEBUG fr.inria.lille.repair.nopol.NoPol - statement #84
16:19:34.672 [pool-2-thread-1] DEBUG fr.inria.lille.repair.nopol.NoPol - Analysing SourceLocation org.jfree.data.general.Series:314 which is executed by 524 tests
-1821971816
16:19:34.743 [pool-2-thread-1] DEBUG fr.inria.lille.repair.nopol.NoPol - looking with class fr.inria.lille.repair.nopol.spoon.smt.ConditionalAdder
junit.framework.AssertionFailedError: expected:<1> but was:<3>
    at junit.framework.Assert.fail(Assert.java:57)
    at junit.framework.Assert.failNotEquals(Assert.java:329)
    at junit.framework.Assert.assertEquals(Assert.java:78)
    at junit.framework.Assert.assertEquals(Assert.java:234)
    at junit.framework.Assert.assertEquals(Assert.java:241)
    at junit.framework.TestCase.assertEquals(TestCase.java:409)
junit.framework.AssertionFailedError: expected:<1> but was:<3>
    at junit.framework.Assert.fail(Assert.java:57)
    at junit.framework.Assert.failNotEquals(Assert.java:329)
    at junit.framework.Assert.assertEquals(Assert.java:78)
    at junit.framework.Assert.assertEquals(Assert.java:234)
    at junit.framework.Assert.assertEquals(Assert.java:241)
    at junit.framework.TestCase.assertEquals(TestCase.java:409)
16:19:34.756 [pool-212-thread-1] INFO  xxl.java.junit.TestCasesListener - Tests run finished (10 ms)
<> Total tests run: 20
<> Ignored tests: 0
<> Failed tests: 2
~ testGetMaxMiddleIndex(org.jfree.data.time.junit.TimePeriodValuesTests)
[expected:<1> but was:<3>]
junit.framework.AssertionFailedError: expected:<1> but was:<3>    at junit.framework.Assert.fail(Assert.java:57)
    at junit.framework.Assert.failNotEquals(Assert.java:329)
    at junit.framework.Assert.assertEquals(Assert.java:78)
    at junit.framework.Assert.assertEquals(Assert.java:234)
    at junit.framework.Assert.assertEquals(Assert.java:241)
    at junit.framework.TestCase.assertEquals(TestCase.java:409)
~ testGetMaxMiddleIndex(org.jfree.data.time.junit.TimePeriodValuesTests)
[expected:<1> but was:<3>]
junit.framework.AssertionFailedError: expected:<1> but was:<3>    at junit.framework.Assert.fail(Assert.java:57)
    at junit.framework.Assert.failNotEquals(Assert.java:329)
    at junit.framework.Assert.assertEquals(Assert.java:78)
    at junit.framework.Assert.assertEquals(Assert.java:234)
    at junit.framework.Assert.assertEquals(Assert.java:241)
    at junit.framework.TestCase.assertEquals(TestCase.java:409)

16:19:34.851 [pool-2-thread-1] DEBUG fr.inria.lille.repair.nopol.NoPol - statement #85
16:19:34.852 [pool-2-thread-1] DEBUG fr.inria.lille.repair.nopol.NoPol - Analysing SourceLocation org.jfree.data.general.Series:313 which is executed by 524 tests
-1821971816
16:19:34.923 [pool-2-thread-1] DEBUG fr.inria.lille.repair.nopol.NoPol - looking with class fr.inria.lille.repair.nopol.spoon.smt.ConditionalAdder
junit.framework.AssertionFailedError: expected:<1> but was:<3>
    at junit.framework.Assert.fail(Assert.java:57)
    at junit.framework.Assert.failNotEquals(Assert.java:329)
    at junit.framework.Assert.assertEquals(Assert.java:78)
    at junit.framework.Assert.assertEquals(Assert.java:234)
    at junit.framework.Assert.assertEquals(Assert.java:241)
    at junit.framework.TestCase.assertEquals(TestCase.java:409)
junit.framework.AssertionFailedError: expected:<1> but was:<3>
    at junit.framework.Assert.fail(Assert.java:57)
    at junit.framework.Assert.failNotEquals(Assert.java:329)
    at junit.framework.Assert.assertEquals(Assert.java:78)
    at junit.framework.Assert.assertEquals(Assert.java:234)
    at junit.framework.Assert.assertEquals(Assert.java:241)
    at junit.framework.TestCase.assertEquals(TestCase.java:409)
16:19:34.935 [pool-216-thread-1] INFO  xxl.java.junit.TestCasesListener - Tests run finished (9 ms)
<> Total tests run: 20
<> Ignored tests: 0
<> Failed tests: 2
~ testGetMaxMiddleIndex(org.jfree.data.time.junit.TimePeriodValuesTests)
[expected:<1> but was:<3>]
junit.framework.AssertionFailedError: expected:<1> but was:<3>    at junit.framework.Assert.fail(Assert.java:57)
    at junit.framework.Assert.failNotEquals(Assert.java:329)
    at junit.framework.Assert.assertEquals(Assert.java:78)
    at junit.framework.Assert.assertEquals(Assert.java:234)
    at junit.framework.Assert.assertEquals(Assert.java:241)
    at junit.framework.TestCase.assertEquals(TestCase.java:409)
~ testGetMaxMiddleIndex(org.jfree.data.time.junit.TimePeriodValuesTests)
[expected:<1> but was:<3>]
junit.framework.AssertionFailedError: expected:<1> but was:<3>    at junit.framework.Assert.fail(Assert.java:57)
    at junit.framework.Assert.failNotEquals(Assert.java:329)
    at junit.framework.Assert.assertEquals(Assert.java:78)
    at junit.framework.Assert.assertEquals(Assert.java:234)
    at junit.framework.Assert.assertEquals(Assert.java:241)
    at junit.framework.TestCase.assertEquals(TestCase.java:409)

16:19:35.032 [pool-2-thread-1] DEBUG fr.inria.lille.repair.nopol.NoPol - looking with class fr.inria.lille.repair.nopol.spoon.smt.ConditionalReplacer
junit.framework.AssertionFailedError: expected:<1> but was:<3>
    at junit.framework.Assert.fail(Assert.java:57)
    at junit.framework.Assert.failNotEquals(Assert.java:329)
    at junit.framework.Assert.assertEquals(Assert.java:78)
    at junit.framework.Assert.assertEquals(Assert.java:234)
    at junit.framework.Assert.assertEquals(Assert.java:241)
    at junit.framework.TestCase.assertEquals(TestCase.java:409)
junit.framework.AssertionFailedError: expected:<1> but was:<3>
    at junit.framework.Assert.fail(Assert.java:57)
    at junit.framework.Assert.failNotEquals(Assert.java:329)
    at junit.framework.Assert.assertEquals(Assert.java:78)
    at junit.framework.Assert.assertEquals(Assert.java:234)
    at junit.framework.Assert.assertEquals(Assert.java:241)
    at junit.framework.TestCase.assertEquals(TestCase.java:409)
16:19:35.044 [pool-220-thread-1] INFO  xxl.java.junit.TestCasesListener - Tests run finished (10 ms)
<> Total tests run: 20
<> Ignored tests: 0
<> Failed tests: 2
~ testGetMaxMiddleIndex(org.jfree.data.time.junit.TimePeriodValuesTests)
[expected:<1> but was:<3>]
junit.framework.AssertionFailedError: expected:<1> but was:<3>    at junit.framework.Assert.fail(Assert.java:57)
    at junit.framework.Assert.failNotEquals(Assert.java:329)
    at junit.framework.Assert.assertEquals(Assert.java:78)
    at junit.framework.Assert.assertEquals(Assert.java:234)
    at junit.framework.Assert.assertEquals(Assert.java:241)
    at junit.framework.TestCase.assertEquals(TestCase.java:409)
~ testGetMaxMiddleIndex(org.jfree.data.time.junit.TimePeriodValuesTests)
[expected:<1> but was:<3>]
junit.framework.AssertionFailedError: expected:<1> but was:<3>    at junit.framework.Assert.fail(Assert.java:57)
    at junit.framework.Assert.failNotEquals(Assert.java:329)
    at junit.framework.Assert.assertEquals(Assert.java:78)
    at junit.framework.Assert.assertEquals(Assert.java:234)
    at junit.framework.Assert.assertEquals(Assert.java:241)
    at junit.framework.TestCase.assertEquals(TestCase.java:409)

16:19:35.147 [pool-2-thread-1] INFO  fr.inria.lille.repair.nopol.NoPol - ----INFORMATION----
16:19:35.366 [pool-2-thread-1] INFO  fr.inria.lille.repair.nopol.NoPol - Nb classes : 580
16:19:35.366 [pool-2-thread-1] INFO  fr.inria.lille.repair.nopol.NoPol - Nb methods : 6293
16:19:35.366 [pool-2-thread-1] INFO  fr.inria.lille.repair.nopol.NoPol - Nb Statements Analyzed : 53
16:19:35.367 [pool-2-thread-1] INFO  fr.inria.lille.repair.nopol.NoPol - Nb Statements with Angelic Value Found : 0
16:19:35.367 [pool-2-thread-1] INFO  fr.inria.lille.repair.nopol.NoPol - NoPol Execution time : 33998ms
16:19:35.367 [pool-2-thread-1] INFO  fr.inria.lille.repair.nopol.NoPol - 
NO_ANGELIC_VALUE
Command exited with non-zero status 255
110.48user 5.87system 0:35.68elapsed 326%CPU (0avgtext+0avgdata 1055288maxresident)k
68224inputs+5984outputs (19major+494179minor)pagefaults 0swaps


Node: grisou-13.nancy.grid5000.fr



Date: Sat Dec  1 16:19:35 EST 2018

