cd /tmp/DynaMoth_Bears_OpenFeign-feign_454179734-454278346;
export JAVA_TOOL_OPTIONS="-Dfile.encoding=UTF8 -Duser.language=en-US -Duser.country=US -Duser.language=en";
TZ="America/New_York"; export TZ;
export PATH="/usr/lib/jvm/java-1.8.0-openjdk-amd64/bin/:$PATH";
export JAVA_HOME="/usr/lib/jvm/java-1.8.0-openjdk-amd64/bin/";
time java -Xmx4g -Xms1g -cp /home/tdurieux/defects4j4repair/script/../repair_tools/nopol.jar:/usr/lib/jvm/java-1.8.0-openjdk-amd64/bin//../lib/tools.jar fr.inria.lille.repair.Main \
	--mode repair \
	--type pre_then_cond \
	--oracle angelic \
	--synthesis dynamoth \
	--flocal gzoltar \
	--json \
	--solver z3 \
	--solver-path /home/tdurieux/defects4j4repair/script/../libs/z3/build/z3 \
	--complianceLevel 8 \
	--source core/src/main/java \
	--classpath "core/target/classes:core/target/test-classes:/tmp/DynaMoth_Bears_OpenFeign-feign_454179734-454278346/gson/target/classes:/tmp/DynaMoth_Bears_OpenFeign-feign_454179734-454278346/jaxrs/target/classes:/tmp/DynaMoth_Bears_OpenFeign-feign_454179734-454278346/httpclient/target/classes:/tmp/DynaMoth_Bears_OpenFeign-feign_454179734-454278346/hystrix/target/classes:/tmp/DynaMoth_Bears_OpenFeign-feign_454179734-454278346/jackson/target/classes:/tmp/DynaMoth_Bears_OpenFeign-feign_454179734-454278346/jackson-jaxb/target/classes:/tmp/DynaMoth_Bears_OpenFeign-feign_454179734-454278346/jaxb/target/classes:/tmp/DynaMoth_Bears_OpenFeign-feign_454179734-454278346/jaxrs2/target/classes:/tmp/DynaMoth_Bears_OpenFeign-feign_454179734-454278346/okhttp/target/classes:/tmp/DynaMoth_Bears_OpenFeign-feign_454179734-454278346/ribbon/target/classes:/tmp/DynaMoth_Bears_OpenFeign-feign_454179734-454278346/sax/target/classes:/tmp/DynaMoth_Bears_OpenFeign-feign_454179734-454278346/slf4j/target/classes:/tmp/DynaMoth_Bears_OpenFeign-feign_454179734-454278346/reactive/target/classes:/tmp/DynaMoth_Bears_OpenFeign-feign_454179734-454278346/example-github/target/classes:/tmp/DynaMoth_Bears_OpenFeign-feign_454179734-454278346/example-wikipedia/target/classes:/tmp/DynaMoth_Bears_OpenFeign-feign_454179734-454278346/java8/target/classes:/tmp/DynaMoth_Bears_OpenFeign-feign_454179734-454278346/mock/target/classes:/tmp/DynaMoth_Bears_OpenFeign-feign_454179734-454278346/benchmark/target/classes:/home/tdurieux/.m2/repository/com/squareup/okhttp/okhttp-ws/2.7.1/okhttp-ws-2.7.1.jar:/home/tdurieux/.m2/repository/org/slf4j/slf4j-api/1.6.4/slf4j-api-1.6.4.jar:/home/tdurieux/.m2/repository/com/google/guava/guava/16.0/guava-16.0.jar:/home/tdurieux/.m2/repository/org/openjdk/jmh/jmh-core/1.20/jmh-core-1.20.jar:/home/tdurieux/.m2/repository/org/apache/commons/commons-math3/3.2/commons-math3-3.2.jar:/home/tdurieux/.m2/repository/com/fasterxml/jackson/core/jackson-databind/2.4.3/jackson-databind-2.4.3.jar:/home/tdurieux/.m2/repository/io/netty/netty-buffer/4.1.0.Beta7/netty-buffer-4.1.0.Beta7.jar:/home/tdurieux/.m2/repository/com/squareup/okhttp3/okhttp/3.6.0/okhttp-3.6.0.jar:/home/tdurieux/.m2/repository/org/springframework/spring-expression/4.2.5.RELEASE/spring-expression-4.2.5.RELEASE.jar:/home/tdurieux/.m2/repository/com/google/code/findbugs/jsr305/3.0.1/jsr305-3.0.1.jar:/home/tdurieux/.m2/repository/io/netty/netty-codec/4.1.0.Beta7/netty-codec-4.1.0.Beta7.jar:/home/tdurieux/.m2/repository/org/glassfish/hk2/hk2-utils/2.5.0-b42/hk2-utils-2.5.0-b42.jar:/home/tdurieux/.m2/repository/io/github/openfeign/feign-core/10.1.0-SNAPSHOT/feign-core-10.1.0-SNAPSHOT.jar:/home/tdurieux/.m2/repository/io/github/openfeign/feign-jackson/10.1.0-SNAPSHOT/feign-jackson-10.1.0-SNAPSHOT.jar:/home/tdurieux/.m2/repository/org/javassist/javassist/3.22.0-CR2/javassist-3.22.0-CR2.jar:/home/tdurieux/.m2/repository/com/fasterxml/jackson/core/jackson-core/2.4.3/jackson-core-2.4.3.jar:/home/tdurieux/.m2/repository/io/github/openfeign/feign-okhttp/10.1.0-SNAPSHOT/feign-okhttp-10.1.0-SNAPSHOT.jar:/home/tdurieux/.m2/repository/com/netflix/servo/servo-internal/0.10.1/servo-internal-0.10.1.jar:/home/tdurieux/.m2/repository/org/glassfish/jersey/core/jersey-client/2.26/jersey-client-2.26.jar:/home/tdurieux/.m2/repository/org/slf4j/slf4j-api/1.7.6/slf4j-api-1.7.6.jar:/home/tdurieux/.m2/repository/org/assertj/assertj-core/3.10.0/assertj-core-3.10.0.jar:/home/tdurieux/.m2/repository/org/reactivestreams/reactive-streams/1.0.2/reactive-streams-1.0.2.jar:/home/tdurieux/.m2/repository/org/slf4j/slf4j-simple/1.7.13/slf4j-simple-1.7.13.jar:/home/tdurieux/.m2/repository/io/netty/netty-transport-native-epoll/4.1.0.Beta7/netty-transport-native-epoll-4.1.0.Beta7.jar:/home/tdurieux/.m2/repository/com/netflix/servo/servo-core/0.10.1/servo-core-0.10.1.jar:/home/tdurieux/.m2/repository/aopalliance/aopalliance/1.0/aopalliance-1.0.jar:/home/tdurieux/.m2/repository/io/netty/netty-resolver/4.1.0.Beta7/netty-resolver-4.1.0.Beta7.jar:/home/tdurieux/.m2/repository/com/netflix/netflix-commons/netflix-commons-util/0.1.1/netflix-commons-util-0.1.1.jar:/home/tdurieux/.m2/repository/org/glassfish/hk2/osgi-resource-locator/1.0.1/osgi-resource-locator-1.0.1.jar:/home/tdurieux/.m2/repository/org/hamcrest/hamcrest-core/1.3/hamcrest-core-1.3.jar:/home/tdurieux/.m2/repository/com/google/code/gson/gson/2.5/gson-2.5.jar:/home/tdurieux/.m2/repository/io/reactivex/rxjava2/rxjava/2.2.2/rxjava-2.2.2.jar:/home/tdurieux/.m2/repository/commons-codec/commons-codec/1.9/commons-codec-1.9.jar:/home/tdurieux/.m2/repository/com/netflix/hystrix/hystrix-core/1.4.26/hystrix-core-1.4.26.jar:/home/tdurieux/.m2/repository/io/github/openfeign/feign-jaxrs/10.1.0-SNAPSHOT/feign-jaxrs-10.1.0-SNAPSHOT.jar:/home/tdurieux/.m2/repository/io/github/openfeign/feign-core/10.1.0-SNAPSHOT/feign-core-10.1.0-SNAPSHOT-tests.jar:/home/tdurieux/.m2/repository/io/projectreactor/reactor-core/3.1.8.RELEASE/reactor-core-3.1.8.RELEASE.jar:/home/tdurieux/.m2/repository/commons-configuration/commons-configuration/1.8/commons-configuration-1.8.jar:/home/tdurieux/.m2/repository/com/netflix/archaius/archaius-core/0.6.6/archaius-core-0.6.6.jar:/home/tdurieux/.m2/repository/org/openjdk/jmh/jmh-generator-annprocess/1.20/jmh-generator-annprocess-1.20.jar:/home/tdurieux/.m2/repository/org/mockito/mockito-all/1.9.5/mockito-all-1.9.5.jar:/home/tdurieux/.m2/repository/io/reactivex/rxjava/1.0.14/rxjava-1.0.14.jar:/home/tdurieux/.m2/repository/org/apache/httpcomponents/httpclient/4.5.1/httpclient-4.5.1.jar:/home/tdurieux/.m2/repository/com/google/code/findbugs/jsr305/1.3.9/jsr305-1.3.9.jar:/home/tdurieux/.m2/repository/javax/inject/javax.inject/1/javax.inject-1.jar:/home/tdurieux/.m2/repository/javax/annotation/javax.annotation-api/1.2/javax.annotation-api-1.2.jar:/home/tdurieux/.m2/repository/io/netty/netty-handler/4.1.0.Beta7/netty-handler-4.1.0.Beta7.jar:/home/tdurieux/.m2/repository/io/github/openfeign/feign-jaxrs/10.1.0-SNAPSHOT/feign-jaxrs-10.1.0-SNAPSHOT-tests.jar:/home/tdurieux/.m2/repository/org/glassfish/jersey/core/jersey-common/2.26/jersey-common-2.26.jar:/home/tdurieux/.m2/repository/io/netty/netty-codec-http/4.1.0.Beta7/netty-codec-http-4.1.0.Beta7.jar:/home/tdurieux/.m2/repository/org/hamcrest/hamcrest-library/1.3/hamcrest-library-1.3.jar:/home/tdurieux/.m2/repository/org/glassfish/hk2/hk2-api/2.5.0-b42/hk2-api-2.5.0-b42.jar:/home/tdurieux/.m2/repository/com/squareup/okhttp3/mockwebserver/3.6.0/mockwebserver-3.6.0.jar:/home/tdurieux/.m2/repository/com/fasterxml/jackson/core/jackson-databind/2.9.6/jackson-databind-2.9.6.jar:/home/tdurieux/.m2/repository/io/github/openfeign/feign-gson/10.1.0-SNAPSHOT/feign-gson-10.1.0-SNAPSHOT.jar:/home/tdurieux/.m2/repository/org/springframework/spring-beans/4.2.5.RELEASE/spring-beans-4.2.5.RELEASE.jar:/home/tdurieux/.m2/repository/javax/ws/rs/javax.ws.rs-api/2.1/javax.ws.rs-api-2.1.jar:/home/tdurieux/.m2/repository/com/squareup/okhttp/mockwebserver/2.7.1/mockwebserver-2.7.1.jar:/home/tdurieux/.m2/repository/org/springframework/spring-aop/4.2.5.RELEASE/spring-aop-4.2.5.RELEASE.jar:/home/tdurieux/.m2/repository/org/jvnet/animal-sniffer-annotation/1.0/animal-sniffer-annotation-1.0.jar:/home/tdurieux/.m2/repository/org/glassfish/hk2/hk2-locator/2.5.0-b42/hk2-locator-2.5.0-b42.jar:/home/tdurieux/.m2/repository/com/netflix/archaius/archaius-core/0.7.6/archaius-core-0.7.6.jar:/home/tdurieux/.m2/repository/org/glassfish/jersey/inject/jersey-hk2/2.26/jersey-hk2-2.26.jar:/home/tdurieux/.m2/repository/com/netflix/ribbon/ribbon-loadbalancer/2.3.0/ribbon-loadbalancer-2.3.0.jar:/home/tdurieux/.m2/repository/net/sf/jopt-simple/jopt-simple/4.6/jopt-simple-4.6.jar:/home/tdurieux/.m2/repository/commons-logging/commons-logging/1.1.1/commons-logging-1.1.1.jar:/home/tdurieux/.m2/repository/com/google/guava/guava/11.0.2/guava-11.0.2.jar:/home/tdurieux/.m2/repository/com/sun/jersey/jersey-client/1.19/jersey-client-1.19.jar:/home/tdurieux/.m2/repository/com/netflix/netflix-commons/netflix-statistics/0.1.1/netflix-statistics-0.1.1.jar:/home/tdurieux/.m2/repository/com/fasterxml/jackson/core/jackson-annotations/2.4.3/jackson-annotations-2.4.3.jar:/home/tdurieux/.m2/repository/io/reactivex/rxjava/1.0.9/rxjava-1.0.9.jar:/home/tdurieux/.m2/repository/org/hamcrest/java-hamcrest/2.0.0.0/java-hamcrest-2.0.0.0.jar:/home/tdurieux/.m2/repository/org/slf4j/slf4j-api/1.7.13/slf4j-api-1.7.13.jar:/home/tdurieux/.m2/repository/com/sun/jersey/jersey-core/1.19/jersey-core-1.19.jar:/home/tdurieux/.m2/repository/io/netty/netty-common/4.1.0.Beta7/netty-common-4.1.0.Beta7.jar:/home/tdurieux/.m2/repository/javax/ws/rs/jsr311-api/1.1.1/jsr311-api-1.1.1.jar:/home/tdurieux/.m2/repository/io/reactivex/rxnetty/0.5.1/rxnetty-0.5.1.jar:/home/tdurieux/.m2/repository/com/fasterxml/jackson/jaxrs/jackson-jaxrs-json-provider/2.6.4/jackson-jaxrs-json-provider-2.6.4.jar:/home/tdurieux/.m2/repository/com/squareup/okhttp/okhttp/2.7.1/okhttp-2.7.1.jar:/home/tdurieux/.m2/repository/org/springframework/spring-core/4.2.5.RELEASE/spring-core-4.2.5.RELEASE.jar:/home/tdurieux/.m2/repository/org/glassfish/hk2/external/javax.inject/2.5.0-b42/javax.inject-2.5.0-b42.jar:/home/tdurieux/.m2/repository/org/springframework/spring-context/4.2.5.RELEASE/spring-context-4.2.5.RELEASE.jar:/home/tdurieux/.m2/repository/com/fasterxml/jackson/core/jackson-core/2.9.6/jackson-core-2.9.6.jar:/home/tdurieux/.m2/repository/io/reactivex/rxjava/1.1.1/rxjava-1.1.1.jar:/home/tdurieux/.m2/repository/org/glassfish/hk2/external/aopalliance-repackaged/2.5.0-b42/aopalliance-repackaged-2.5.0-b42.jar:/home/tdurieux/.m2/repository/com/google/code/findbugs/annotations/2.0.0/annotations-2.0.0.jar:/home/tdurieux/.m2/repository/io/netty/netty-transport/4.1.0.Beta7/netty-transport-4.1.0.Beta7.jar:/home/tdurieux/.m2/repository/junit/junit/4.12/junit-4.12.jar:/home/tdurieux/.m2/repository/com/fasterxml/jackson/core/jackson-annotations/2.9.0/jackson-annotations-2.9.0.jar:/home/tdurieux/.m2/repository/com/fasterxml/jackson/jaxrs/jackson-jaxrs-base/2.6.4/jackson-jaxrs-base-2.6.4.jar:/home/tdurieux/.m2/repository/commons-lang/commons-lang/2.6/commons-lang-2.6.jar:/home/tdurieux/.m2/repository/org/bouncycastle/bcprov-jdk15on/1.50/bcprov-jdk15on-1.50.jar:/home/tdurieux/.m2/repository/com/squareup/okio/okio/1.11.0/okio-1.11.0.jar:/home/tdurieux/.m2/repository/com/netflix/ribbon/ribbon-core/2.3.0/ribbon-core-2.3.0.jar:/home/tdurieux/.m2/repository/org/apache/httpcomponents/httpcore/4.4.3/httpcore-4.4.3.jar:/home/tdurieux/.m2/repository/commons-logging/commons-logging/1.2/commons-logging-1.2.jar:/home/tdurieux/.m2/repository/com/fasterxml/jackson/module/jackson-module-jaxb-annotations/2.6.4/jackson-module-jaxb-annotations-2.6.4.jar:/home/tdurieux/defects4j4repair/script/../repair_tools/nopol.jar";
	echo "\n\nNode: `hostname`\n";
	echo "\n\nDate: `date`\n";
Picked up JAVA_TOOL_OPTIONS: -Dfile.encoding=UTF8 -Duser.language=en-US -Duser.country=US -Duser.language=en
06:27:06.152 [main] INFO  fr.inria.lille.repair.nopol.NoPol - Source files: [core/src/main/java]
06:27:06.162 [main] INFO  fr.inria.lille.repair.nopol.NoPol - Classpath: [file:/tmp/DynaMoth_Bears_OpenFeign-feign_454179734-454278346/core/target/classes/, file:/tmp/DynaMoth_Bears_OpenFeign-feign_454179734-454278346/core/target/test-classes/, file:/tmp/DynaMoth_Bears_OpenFeign-feign_454179734-454278346/gson/target/classes/, file:/tmp/DynaMoth_Bears_OpenFeign-feign_454179734-454278346/jaxrs/target/classes/, file:/tmp/DynaMoth_Bears_OpenFeign-feign_454179734-454278346/httpclient/target/classes/, file:/tmp/DynaMoth_Bears_OpenFeign-feign_454179734-454278346/hystrix/target/classes/, file:/tmp/DynaMoth_Bears_OpenFeign-feign_454179734-454278346/jackson/target/classes/, file:/tmp/DynaMoth_Bears_OpenFeign-feign_454179734-454278346/jackson-jaxb/target/classes/, file:/tmp/DynaMoth_Bears_OpenFeign-feign_454179734-454278346/jaxb/target/classes/, file:/tmp/DynaMoth_Bears_OpenFeign-feign_454179734-454278346/jaxrs2/target/classes/, file:/tmp/DynaMoth_Bears_OpenFeign-feign_454179734-454278346/okhttp/target/classes/, file:/tmp/DynaMoth_Bears_OpenFeign-feign_454179734-454278346/ribbon/target/classes/, file:/tmp/DynaMoth_Bears_OpenFeign-feign_454179734-454278346/sax/target/classes/, file:/tmp/DynaMoth_Bears_OpenFeign-feign_454179734-454278346/slf4j/target/classes/, file:/tmp/DynaMoth_Bears_OpenFeign-feign_454179734-454278346/reactive/target/classes/, file:/tmp/DynaMoth_Bears_OpenFeign-feign_454179734-454278346/example-github/target/classes/, file:/tmp/DynaMoth_Bears_OpenFeign-feign_454179734-454278346/example-wikipedia/target/classes/, file:/tmp/DynaMoth_Bears_OpenFeign-feign_454179734-454278346/java8/target/classes/, file:/tmp/DynaMoth_Bears_OpenFeign-feign_454179734-454278346/mock/target/classes/, file:/tmp/DynaMoth_Bears_OpenFeign-feign_454179734-454278346/benchmark/target/classes/, file:/home/tdurieux/.m2/repository/com/squareup/okhttp/okhttp-ws/2.7.1/okhttp-ws-2.7.1.jar, file:/home/tdurieux/.m2/repository/org/slf4j/slf4j-api/1.6.4/slf4j-api-1.6.4.jar, file:/home/tdurieux/.m2/repository/com/google/guava/guava/16.0/guava-16.0.jar, file:/home/tdurieux/.m2/repository/org/openjdk/jmh/jmh-core/1.20/jmh-core-1.20.jar, file:/home/tdurieux/.m2/repository/org/apache/commons/commons-math3/3.2/commons-math3-3.2.jar, file:/home/tdurieux/.m2/repository/com/fasterxml/jackson/core/jackson-databind/2.4.3/jackson-databind-2.4.3.jar, file:/home/tdurieux/.m2/repository/io/netty/netty-buffer/4.1.0.Beta7/netty-buffer-4.1.0.Beta7.jar, file:/home/tdurieux/.m2/repository/com/squareup/okhttp3/okhttp/3.6.0/okhttp-3.6.0.jar, file:/home/tdurieux/.m2/repository/org/springframework/spring-expression/4.2.5.RELEASE/spring-expression-4.2.5.RELEASE.jar, file:/home/tdurieux/.m2/repository/com/google/code/findbugs/jsr305/3.0.1/jsr305-3.0.1.jar, file:/home/tdurieux/.m2/repository/io/netty/netty-codec/4.1.0.Beta7/netty-codec-4.1.0.Beta7.jar, file:/home/tdurieux/.m2/repository/org/glassfish/hk2/hk2-utils/2.5.0-b42/hk2-utils-2.5.0-b42.jar, file:/home/tdurieux/.m2/repository/io/github/openfeign/feign-core/10.1.0-SNAPSHOT/feign-core-10.1.0-SNAPSHOT.jar, file:/home/tdurieux/.m2/repository/io/github/openfeign/feign-jackson/10.1.0-SNAPSHOT/feign-jackson-10.1.0-SNAPSHOT.jar, file:/home/tdurieux/.m2/repository/org/javassist/javassist/3.22.0-CR2/javassist-3.22.0-CR2.jar, file:/home/tdurieux/.m2/repository/com/fasterxml/jackson/core/jackson-core/2.4.3/jackson-core-2.4.3.jar, file:/home/tdurieux/.m2/repository/io/github/openfeign/feign-okhttp/10.1.0-SNAPSHOT/feign-okhttp-10.1.0-SNAPSHOT.jar, file:/home/tdurieux/.m2/repository/com/netflix/servo/servo-internal/0.10.1/servo-internal-0.10.1.jar, file:/home/tdurieux/.m2/repository/org/glassfish/jersey/core/jersey-client/2.26/jersey-client-2.26.jar, file:/home/tdurieux/.m2/repository/org/slf4j/slf4j-api/1.7.6/slf4j-api-1.7.6.jar, file:/home/tdurieux/.m2/repository/org/assertj/assertj-core/3.10.0/assertj-core-3.10.0.jar, file:/home/tdurieux/.m2/repository/org/reactivestreams/reactive-streams/1.0.2/reactive-streams-1.0.2.jar, file:/home/tdurieux/.m2/repository/org/slf4j/slf4j-simple/1.7.13/slf4j-simple-1.7.13.jar, file:/home/tdurieux/.m2/repository/io/netty/netty-transport-native-epoll/4.1.0.Beta7/netty-transport-native-epoll-4.1.0.Beta7.jar, file:/home/tdurieux/.m2/repository/com/netflix/servo/servo-core/0.10.1/servo-core-0.10.1.jar, file:/home/tdurieux/.m2/repository/aopalliance/aopalliance/1.0/aopalliance-1.0.jar, file:/home/tdurieux/.m2/repository/io/netty/netty-resolver/4.1.0.Beta7/netty-resolver-4.1.0.Beta7.jar, file:/home/tdurieux/.m2/repository/com/netflix/netflix-commons/netflix-commons-util/0.1.1/netflix-commons-util-0.1.1.jar, file:/home/tdurieux/.m2/repository/org/glassfish/hk2/osgi-resource-locator/1.0.1/osgi-resource-locator-1.0.1.jar, file:/home/tdurieux/.m2/repository/org/hamcrest/hamcrest-core/1.3/hamcrest-core-1.3.jar, file:/home/tdurieux/.m2/repository/com/google/code/gson/gson/2.5/gson-2.5.jar, file:/home/tdurieux/.m2/repository/io/reactivex/rxjava2/rxjava/2.2.2/rxjava-2.2.2.jar, file:/home/tdurieux/.m2/repository/commons-codec/commons-codec/1.9/commons-codec-1.9.jar, file:/home/tdurieux/.m2/repository/com/netflix/hystrix/hystrix-core/1.4.26/hystrix-core-1.4.26.jar, file:/home/tdurieux/.m2/repository/io/github/openfeign/feign-jaxrs/10.1.0-SNAPSHOT/feign-jaxrs-10.1.0-SNAPSHOT.jar, file:/home/tdurieux/.m2/repository/io/github/openfeign/feign-core/10.1.0-SNAPSHOT/feign-core-10.1.0-SNAPSHOT-tests.jar, file:/home/tdurieux/.m2/repository/io/projectreactor/reactor-core/3.1.8.RELEASE/reactor-core-3.1.8.RELEASE.jar, file:/home/tdurieux/.m2/repository/commons-configuration/commons-configuration/1.8/commons-configuration-1.8.jar, file:/home/tdurieux/.m2/repository/com/netflix/archaius/archaius-core/0.6.6/archaius-core-0.6.6.jar, file:/home/tdurieux/.m2/repository/org/openjdk/jmh/jmh-generator-annprocess/1.20/jmh-generator-annprocess-1.20.jar, file:/home/tdurieux/.m2/repository/org/mockito/mockito-all/1.9.5/mockito-all-1.9.5.jar, file:/home/tdurieux/.m2/repository/io/reactivex/rxjava/1.0.14/rxjava-1.0.14.jar, file:/home/tdurieux/.m2/repository/org/apache/httpcomponents/httpclient/4.5.1/httpclient-4.5.1.jar, file:/home/tdurieux/.m2/repository/com/google/code/findbugs/jsr305/1.3.9/jsr305-1.3.9.jar, file:/home/tdurieux/.m2/repository/javax/inject/javax.inject/1/javax.inject-1.jar, file:/home/tdurieux/.m2/repository/javax/annotation/javax.annotation-api/1.2/javax.annotation-api-1.2.jar, file:/home/tdurieux/.m2/repository/io/netty/netty-handler/4.1.0.Beta7/netty-handler-4.1.0.Beta7.jar, file:/home/tdurieux/.m2/repository/io/github/openfeign/feign-jaxrs/10.1.0-SNAPSHOT/feign-jaxrs-10.1.0-SNAPSHOT-tests.jar, file:/home/tdurieux/.m2/repository/org/glassfish/jersey/core/jersey-common/2.26/jersey-common-2.26.jar, file:/home/tdurieux/.m2/repository/io/netty/netty-codec-http/4.1.0.Beta7/netty-codec-http-4.1.0.Beta7.jar, file:/home/tdurieux/.m2/repository/org/hamcrest/hamcrest-library/1.3/hamcrest-library-1.3.jar, file:/home/tdurieux/.m2/repository/org/glassfish/hk2/hk2-api/2.5.0-b42/hk2-api-2.5.0-b42.jar, file:/home/tdurieux/.m2/repository/com/squareup/okhttp3/mockwebserver/3.6.0/mockwebserver-3.6.0.jar, file:/home/tdurieux/.m2/repository/com/fasterxml/jackson/core/jackson-databind/2.9.6/jackson-databind-2.9.6.jar, file:/home/tdurieux/.m2/repository/io/github/openfeign/feign-gson/10.1.0-SNAPSHOT/feign-gson-10.1.0-SNAPSHOT.jar, file:/home/tdurieux/.m2/repository/org/springframework/spring-beans/4.2.5.RELEASE/spring-beans-4.2.5.RELEASE.jar, file:/home/tdurieux/.m2/repository/javax/ws/rs/javax.ws.rs-api/2.1/javax.ws.rs-api-2.1.jar, file:/home/tdurieux/.m2/repository/com/squareup/okhttp/mockwebserver/2.7.1/mockwebserver-2.7.1.jar, file:/home/tdurieux/.m2/repository/org/springframework/spring-aop/4.2.5.RELEASE/spring-aop-4.2.5.RELEASE.jar, file:/home/tdurieux/.m2/repository/org/jvnet/animal-sniffer-annotation/1.0/animal-sniffer-annotation-1.0.jar, file:/home/tdurieux/.m2/repository/org/glassfish/hk2/hk2-locator/2.5.0-b42/hk2-locator-2.5.0-b42.jar, file:/home/tdurieux/.m2/repository/com/netflix/archaius/archaius-core/0.7.6/archaius-core-0.7.6.jar, file:/home/tdurieux/.m2/repository/org/glassfish/jersey/inject/jersey-hk2/2.26/jersey-hk2-2.26.jar, file:/home/tdurieux/.m2/repository/com/netflix/ribbon/ribbon-loadbalancer/2.3.0/ribbon-loadbalancer-2.3.0.jar, file:/home/tdurieux/.m2/repository/net/sf/jopt-simple/jopt-simple/4.6/jopt-simple-4.6.jar, file:/home/tdurieux/.m2/repository/commons-logging/commons-logging/1.1.1/commons-logging-1.1.1.jar, file:/home/tdurieux/.m2/repository/com/google/guava/guava/11.0.2/guava-11.0.2.jar, file:/home/tdurieux/.m2/repository/com/sun/jersey/jersey-client/1.19/jersey-client-1.19.jar, file:/home/tdurieux/.m2/repository/com/netflix/netflix-commons/netflix-statistics/0.1.1/netflix-statistics-0.1.1.jar, file:/home/tdurieux/.m2/repository/com/fasterxml/jackson/core/jackson-annotations/2.4.3/jackson-annotations-2.4.3.jar, file:/home/tdurieux/.m2/repository/io/reactivex/rxjava/1.0.9/rxjava-1.0.9.jar, file:/home/tdurieux/.m2/repository/org/hamcrest/java-hamcrest/2.0.0.0/java-hamcrest-2.0.0.0.jar, file:/home/tdurieux/.m2/repository/org/slf4j/slf4j-api/1.7.13/slf4j-api-1.7.13.jar, file:/home/tdurieux/.m2/repository/com/sun/jersey/jersey-core/1.19/jersey-core-1.19.jar, file:/home/tdurieux/.m2/repository/io/netty/netty-common/4.1.0.Beta7/netty-common-4.1.0.Beta7.jar, file:/home/tdurieux/.m2/repository/javax/ws/rs/jsr311-api/1.1.1/jsr311-api-1.1.1.jar, file:/home/tdurieux/.m2/repository/io/reactivex/rxnetty/0.5.1/rxnetty-0.5.1.jar, file:/home/tdurieux/.m2/repository/com/fasterxml/jackson/jaxrs/jackson-jaxrs-json-provider/2.6.4/jackson-jaxrs-json-provider-2.6.4.jar, file:/home/tdurieux/.m2/repository/com/squareup/okhttp/okhttp/2.7.1/okhttp-2.7.1.jar, file:/home/tdurieux/.m2/repository/org/springframework/spring-core/4.2.5.RELEASE/spring-core-4.2.5.RELEASE.jar, file:/home/tdurieux/.m2/repository/org/glassfish/hk2/external/javax.inject/2.5.0-b42/javax.inject-2.5.0-b42.jar, file:/home/tdurieux/.m2/repository/org/springframework/spring-context/4.2.5.RELEASE/spring-context-4.2.5.RELEASE.jar, file:/home/tdurieux/.m2/repository/com/fasterxml/jackson/core/jackson-core/2.9.6/jackson-core-2.9.6.jar, file:/home/tdurieux/.m2/repository/io/reactivex/rxjava/1.1.1/rxjava-1.1.1.jar, file:/home/tdurieux/.m2/repository/org/glassfish/hk2/external/aopalliance-repackaged/2.5.0-b42/aopalliance-repackaged-2.5.0-b42.jar, file:/home/tdurieux/.m2/repository/com/google/code/findbugs/annotations/2.0.0/annotations-2.0.0.jar, file:/home/tdurieux/.m2/repository/io/netty/netty-transport/4.1.0.Beta7/netty-transport-4.1.0.Beta7.jar, file:/home/tdurieux/.m2/repository/junit/junit/4.12/junit-4.12.jar, file:/home/tdurieux/.m2/repository/com/fasterxml/jackson/core/jackson-annotations/2.9.0/jackson-annotations-2.9.0.jar, file:/home/tdurieux/.m2/repository/com/fasterxml/jackson/jaxrs/jackson-jaxrs-base/2.6.4/jackson-jaxrs-base-2.6.4.jar, file:/home/tdurieux/.m2/repository/commons-lang/commons-lang/2.6/commons-lang-2.6.jar, file:/home/tdurieux/.m2/repository/org/bouncycastle/bcprov-jdk15on/1.50/bcprov-jdk15on-1.50.jar, file:/home/tdurieux/.m2/repository/com/squareup/okio/okio/1.11.0/okio-1.11.0.jar, file:/home/tdurieux/.m2/repository/com/netflix/ribbon/ribbon-core/2.3.0/ribbon-core-2.3.0.jar, file:/home/tdurieux/.m2/repository/org/apache/httpcomponents/httpcore/4.4.3/httpcore-4.4.3.jar, file:/home/tdurieux/.m2/repository/commons-logging/commons-logging/1.2/commons-logging-1.2.jar, file:/home/tdurieux/.m2/repository/com/fasterxml/jackson/module/jackson-module-jaxb-annotations/2.6.4/jackson-module-jaxb-annotations-2.6.4.jar, file:/home/tdurieux/defects4j4repair/script/../repair_tools/nopol.jar]
06:27:06.163 [main] INFO  fr.inria.lille.repair.nopol.NoPol - Statement type: PRE_THEN_COND
06:27:06.163 [main] INFO  fr.inria.lille.repair.nopol.NoPol - Args: [feign.BaseApiTest, feign.ContractWithRuntimeInjectionTest, feign.DefaultContractTest, feign.DefaultQueryMapEncoderTest, feign.EmptyTargetTest, feign.FeignBuilderTest, feign.FeignTest, feign.LoggerTest, feign.RequestTemplateTest, feign.ResponseTest, feign.RetryerTest, feign.TargetTest, feign.UtilTest, feign.auth.BasicAuthRequestInterceptorTest, feign.client.DefaultClientTest, feign.codec.DefaultDecoderTest, feign.codec.DefaultEncoderTest, feign.codec.DefaultErrorDecoderHttpErrorTest, feign.codec.DefaultErrorDecoderTest, feign.codec.RetryAfterDecoderTest, feign.optionals.OptionalDecoderTests, feign.querymap.BeanQueryMapEncoderTest, feign.querymap.FieldQueryMapEncoderTest, feign.querymap.PropertyQueryMapEncoderTest, feign.stream.StreamDecoderTest, feign.template.QueryTemplateTest, feign.template.UriTemplateTest, feign.template.UriUtilsTest]
06:27:06.165 [main] INFO  fr.inria.lille.repair.nopol.NoPol - Config: Config{synthesisDepth=3, collectStaticMethods=true, collectStaticFields=false, collectLiterals=false, onlyOneSynthesisResult=true, sortExpressions=true, maxLineInvocationPerTest=250, timeoutMethodInvocation=2000, dataCollectionTimeoutInSecondForSynthesis=900, addWeight=0.19478, subWeight=0.04554, mulWeight=0.0102, divWeight=0.00613, andWeight=0.10597, orWeight=0.05708, eqWeight=0.22798, nEqWeight=0.0, lessEqWeight=0.0255, lessWeight=0.0947, methodCallWeight=0.1, fieldAccessWeight=0.08099, constantWeight=0.14232, variableWeight=0.05195, mode=REPAIR, type=PRE_THEN_COND, synthesis=DYNAMOTH, oracle=ANGELIC, solver=Z3, solverPath='/home/tdurieux/defects4j4repair/script/../libs/z3/build/z3', projectSources=[core/src/main/java], projectClasspath='[Ljava.net.URL;@2ff4f00f', projectTests=[feign.BaseApiTest, feign.ContractWithRuntimeInjectionTest, feign.DefaultContractTest, feign.DefaultQueryMapEncoderTest, feign.EmptyTargetTest, feign.FeignBuilderTest, feign.FeignTest, feign.LoggerTest, feign.RequestTemplateTest, feign.ResponseTest, feign.RetryerTest, feign.TargetTest, feign.UtilTest, feign.auth.BasicAuthRequestInterceptorTest, feign.client.DefaultClientTest, feign.codec.DefaultDecoderTest, feign.codec.DefaultEncoderTest, feign.codec.DefaultErrorDecoderHttpErrorTest, feign.codec.DefaultErrorDecoderTest, feign.codec.RetryAfterDecoderTest, feign.optionals.OptionalDecoderTests, feign.querymap.BeanQueryMapEncoderTest, feign.querymap.FieldQueryMapEncoderTest, feign.querymap.PropertyQueryMapEncoderTest, feign.stream.StreamDecoderTest, feign.template.QueryTemplateTest, feign.template.UriTemplateTest, feign.template.UriUtilsTest], complianceLevel=8, outputFolder=., json=true}
06:27:06.165 [main] INFO  fr.inria.lille.repair.nopol.NoPol - Available processors (cores): 4
06:27:06.170 [main] INFO  fr.inria.lille.repair.nopol.NoPol - Free memory: 914 MB
06:27:06.171 [main] INFO  fr.inria.lille.repair.nopol.NoPol - Maximum memory: 3 GB
06:27:06.171 [main] INFO  fr.inria.lille.repair.nopol.NoPol - Total memory available to JVM: 981 MB
06:27:06.171 [main] INFO  fr.inria.lille.repair.nopol.NoPol - Java version: 1.8.0_181
06:27:06.172 [main] INFO  fr.inria.lille.repair.nopol.NoPol - JAVA_HOME: /usr/lib/jvm/java-1.8.0-openjdk-amd64/bin/
06:27:06.172 [main] INFO  fr.inria.lille.repair.nopol.NoPol - PATH: /usr/lib/jvm/java-1.8.0-openjdk-amd64/bin/:/usr/lib/oar/oardodo:/usr/lib/oar/oardodo:/usr/local/bin:/usr/bin:/bin:/usr/games
06:27:14.846 [pool-2-thread-1] DEBUG fr.inria.lille.repair.nopol.NoPol - statement #1
06:27:14.846 [pool-2-thread-1] DEBUG fr.inria.lille.repair.nopol.NoPol - Analysing SourceLocation okhttp3.mockwebserver.MockWebServer:320 which is executed by 101 tests
06:27:14.847 [pool-2-thread-1] DEBUG fr.inria.lille.repair.nopol.NoPol - cannot spoon SourceLocation okhttp3.mockwebserver.MockWebServer:320
06:27:14.847 [pool-2-thread-1] DEBUG fr.inria.lille.repair.nopol.NoPol - statement #2
06:27:14.847 [pool-2-thread-1] DEBUG fr.inria.lille.repair.nopol.NoPol - Analysing SourceLocation okhttp3.mockwebserver.MockWebServer:319 which is executed by 101 tests
06:27:14.847 [pool-2-thread-1] DEBUG fr.inria.lille.repair.nopol.NoPol - cannot spoon SourceLocation okhttp3.mockwebserver.MockWebServer:319
06:27:14.847 [pool-2-thread-1] DEBUG fr.inria.lille.repair.nopol.NoPol - statement #3
06:27:14.847 [pool-2-thread-1] DEBUG fr.inria.lille.repair.nopol.NoPol - Analysing SourceLocation okhttp3.mockwebserver.MockWebServer:317 which is executed by 101 tests
06:27:14.848 [pool-2-thread-1] DEBUG fr.inria.lille.repair.nopol.NoPol - cannot spoon SourceLocation okhttp3.mockwebserver.MockWebServer:317
06:27:14.848 [pool-2-thread-1] DEBUG fr.inria.lille.repair.nopol.NoPol - statement #4
06:27:14.848 [pool-2-thread-1] DEBUG fr.inria.lille.repair.nopol.NoPol - Analysing SourceLocation okhttp3.mockwebserver.MockWebServer:316 which is executed by 101 tests
06:27:14.848 [pool-2-thread-1] DEBUG fr.inria.lille.repair.nopol.NoPol - cannot spoon SourceLocation okhttp3.mockwebserver.MockWebServer:316
06:27:14.848 [pool-2-thread-1] DEBUG fr.inria.lille.repair.nopol.NoPol - statement #5
06:27:14.848 [pool-2-thread-1] DEBUG fr.inria.lille.repair.nopol.NoPol - Analysing SourceLocation okhttp3.mockwebserver.MockWebServer:314 which is executed by 101 tests
06:27:14.848 [pool-2-thread-1] DEBUG fr.inria.lille.repair.nopol.NoPol - cannot spoon SourceLocation okhttp3.mockwebserver.MockWebServer:314
06:27:14.849 [pool-2-thread-1] DEBUG fr.inria.lille.repair.nopol.NoPol - statement #6
06:27:14.849 [pool-2-thread-1] DEBUG fr.inria.lille.repair.nopol.NoPol - Analysing SourceLocation okhttp3.mockwebserver.MockWebServer:313 which is executed by 101 tests
06:27:14.849 [pool-2-thread-1] DEBUG fr.inria.lille.repair.nopol.NoPol - cannot spoon SourceLocation okhttp3.mockwebserver.MockWebServer:313
06:27:14.849 [pool-2-thread-1] DEBUG fr.inria.lille.repair.nopol.NoPol - statement #7
06:27:14.849 [pool-2-thread-1] DEBUG fr.inria.lille.repair.nopol.NoPol - Analysing SourceLocation okhttp3.mockwebserver.MockWebServer:312 which is executed by 101 tests
06:27:14.849 [pool-2-thread-1] DEBUG fr.inria.lille.repair.nopol.NoPol - cannot spoon SourceLocation okhttp3.mockwebserver.MockWebServer:312
06:27:14.850 [pool-2-thread-1] DEBUG fr.inria.lille.repair.nopol.NoPol - statement #8
06:27:14.850 [pool-2-thread-1] DEBUG fr.inria.lille.repair.nopol.NoPol - Analysing SourceLocation okhttp3.mockwebserver.MockWebServer:310 which is executed by 101 tests
06:27:14.850 [pool-2-thread-1] DEBUG fr.inria.lille.repair.nopol.NoPol - cannot spoon SourceLocation okhttp3.mockwebserver.MockWebServer:310
06:27:14.850 [pool-2-thread-1] DEBUG fr.inria.lille.repair.nopol.NoPol - statement #9
06:27:14.850 [pool-2-thread-1] DEBUG fr.inria.lille.repair.nopol.NoPol - Analysing SourceLocation okhttp3.mockwebserver.MockWebServer:309 which is executed by 101 tests
06:27:14.850 [pool-2-thread-1] DEBUG fr.inria.lille.repair.nopol.NoPol - cannot spoon SourceLocation okhttp3.mockwebserver.MockWebServer:309
06:27:14.850 [pool-2-thread-1] DEBUG fr.inria.lille.repair.nopol.NoPol - statement #10
06:27:14.851 [pool-2-thread-1] DEBUG fr.inria.lille.repair.nopol.NoPol - Analysing SourceLocation okhttp3.mockwebserver.MockWebServer:300 which is executed by 101 tests
06:27:14.851 [pool-2-thread-1] DEBUG fr.inria.lille.repair.nopol.NoPol - cannot spoon SourceLocation okhttp3.mockwebserver.MockWebServer:300
06:27:14.851 [pool-2-thread-1] DEBUG fr.inria.lille.repair.nopol.NoPol - statement #11
06:27:14.851 [pool-2-thread-1] DEBUG fr.inria.lille.repair.nopol.NoPol - Analysing SourceLocation okhttp3.mockwebserver.MockWebServer:289 which is executed by 101 tests
06:27:14.851 [pool-2-thread-1] DEBUG fr.inria.lille.repair.nopol.NoPol - cannot spoon SourceLocation okhttp3.mockwebserver.MockWebServer:289
06:27:14.851 [pool-2-thread-1] DEBUG fr.inria.lille.repair.nopol.NoPol - statement #12
06:27:14.851 [pool-2-thread-1] DEBUG fr.inria.lille.repair.nopol.NoPol - Analysing SourceLocation okhttp3.mockwebserver.MockWebServer:279 which is executed by 101 tests
06:27:14.852 [pool-2-thread-1] DEBUG fr.inria.lille.repair.nopol.NoPol - cannot spoon SourceLocation okhttp3.mockwebserver.MockWebServer:279
06:27:14.852 [pool-2-thread-1] DEBUG fr.inria.lille.repair.nopol.NoPol - statement #13
06:27:14.852 [pool-2-thread-1] DEBUG fr.inria.lille.repair.nopol.NoPol - Analysing SourceLocation okhttp3.mockwebserver.MockWebServer:146 which is executed by 101 tests
06:27:14.852 [pool-2-thread-1] DEBUG fr.inria.lille.repair.nopol.NoPol - cannot spoon SourceLocation okhttp3.mockwebserver.MockWebServer:146
06:27:14.852 [pool-2-thread-1] DEBUG fr.inria.lille.repair.nopol.NoPol - statement #14
06:27:14.852 [pool-2-thread-1] DEBUG fr.inria.lille.repair.nopol.NoPol - Analysing SourceLocation okhttp3.mockwebserver.MockWebServer:144 which is executed by 101 tests
06:27:14.853 [pool-2-thread-1] DEBUG fr.inria.lille.repair.nopol.NoPol - cannot spoon SourceLocation okhttp3.mockwebserver.MockWebServer:144
06:27:14.853 [pool-2-thread-1] DEBUG fr.inria.lille.repair.nopol.NoPol - statement #15
06:27:14.853 [pool-2-thread-1] DEBUG fr.inria.lille.repair.nopol.NoPol - Analysing SourceLocation okhttp3.internal.Util:191 which is executed by 101 tests
06:27:14.853 [pool-2-thread-1] DEBUG fr.inria.lille.repair.nopol.NoPol - cannot spoon SourceLocation okhttp3.internal.Util:191
06:27:14.853 [pool-2-thread-1] DEBUG fr.inria.lille.repair.nopol.NoPol - statement #16
06:27:14.853 [pool-2-thread-1] DEBUG fr.inria.lille.repair.nopol.NoPol - Analysing SourceLocation okhttp3.internal.Util:187 which is executed by 101 tests
06:27:14.853 [pool-2-thread-1] DEBUG fr.inria.lille.repair.nopol.NoPol - cannot spoon SourceLocation okhttp3.internal.Util:187
06:27:14.853 [pool-2-thread-1] DEBUG fr.inria.lille.repair.nopol.NoPol - statement #17
06:27:14.854 [pool-2-thread-1] DEBUG fr.inria.lille.repair.nopol.NoPol - Analysing SourceLocation feign.client.TrustingSSLSocketFactory:79 which is executed by 24 tests
06:27:14.854 [pool-2-thread-1] DEBUG fr.inria.lille.repair.nopol.NoPol - cannot spoon SourceLocation feign.client.TrustingSSLSocketFactory:79
06:27:14.854 [pool-2-thread-1] DEBUG fr.inria.lille.repair.nopol.NoPol - statement #18
06:27:14.854 [pool-2-thread-1] DEBUG fr.inria.lille.repair.nopol.NoPol - Analysing SourceLocation feign.client.TrustingSSLSocketFactory:76 which is executed by 24 tests
06:27:14.854 [pool-2-thread-1] DEBUG fr.inria.lille.repair.nopol.NoPol - cannot spoon SourceLocation feign.client.TrustingSSLSocketFactory:76
06:27:14.854 [pool-2-thread-1] DEBUG fr.inria.lille.repair.nopol.NoPol - statement #19
06:27:14.855 [pool-2-thread-1] DEBUG fr.inria.lille.repair.nopol.NoPol - Analysing SourceLocation feign.client.TrustingSSLSocketFactory:72 which is executed by 24 tests
06:27:14.855 [pool-2-thread-1] DEBUG fr.inria.lille.repair.nopol.NoPol - cannot spoon SourceLocation feign.client.TrustingSSLSocketFactory:72
06:27:14.855 [pool-2-thread-1] DEBUG fr.inria.lille.repair.nopol.NoPol - statement #20
06:27:14.855 [pool-2-thread-1] DEBUG fr.inria.lille.repair.nopol.NoPol - Analysing SourceLocation okhttp3.Headers$Builder:324 which is executed by 7 tests
06:27:14.855 [pool-2-thread-1] DEBUG fr.inria.lille.repair.nopol.NoPol - cannot spoon SourceLocation okhttp3.Headers$Builder:324
06:27:14.855 [pool-2-thread-1] DEBUG fr.inria.lille.repair.nopol.NoPol - statement #21
06:27:14.855 [pool-2-thread-1] DEBUG fr.inria.lille.repair.nopol.NoPol - Analysing SourceLocation okhttp3.Headers$Builder:319 which is executed by 7 tests
06:27:14.855 [pool-2-thread-1] DEBUG fr.inria.lille.repair.nopol.NoPol - cannot spoon SourceLocation okhttp3.Headers$Builder:319
06:27:14.855 [pool-2-thread-1] DEBUG fr.inria.lille.repair.nopol.NoPol - statement #22
06:27:14.856 [pool-2-thread-1] DEBUG fr.inria.lille.repair.nopol.NoPol - Analysing SourceLocation okhttp3.Headers$Builder:318 which is executed by 7 tests
06:27:14.856 [pool-2-thread-1] DEBUG fr.inria.lille.repair.nopol.NoPol - cannot spoon SourceLocation okhttp3.Headers$Builder:318
06:27:14.856 [pool-2-thread-1] DEBUG fr.inria.lille.repair.nopol.NoPol - statement #23
06:27:14.856 [pool-2-thread-1] DEBUG fr.inria.lille.repair.nopol.NoPol - Analysing SourceLocation okhttp3.Headers$Builder:317 which is executed by 7 tests
06:27:14.856 [pool-2-thread-1] DEBUG fr.inria.lille.repair.nopol.NoPol - cannot spoon SourceLocation okhttp3.Headers$Builder:317
06:27:14.856 [pool-2-thread-1] DEBUG fr.inria.lille.repair.nopol.NoPol - statement #24
06:27:14.856 [pool-2-thread-1] DEBUG fr.inria.lille.repair.nopol.NoPol - Analysing SourceLocation okhttp3.Headers$Builder:316 which is executed by 7 tests
06:27:14.856 [pool-2-thread-1] DEBUG fr.inria.lille.repair.nopol.NoPol - cannot spoon SourceLocation okhttp3.Headers$Builder:316
06:27:14.857 [pool-2-thread-1] DEBUG fr.inria.lille.repair.nopol.NoPol - statement #25
06:27:14.857 [pool-2-thread-1] DEBUG fr.inria.lille.repair.nopol.NoPol - Analysing SourceLocation okhttp3.Headers$Builder:311 which is executed by 7 tests
06:27:14.857 [pool-2-thread-1] DEBUG fr.inria.lille.repair.nopol.NoPol - cannot spoon SourceLocation okhttp3.Headers$Builder:311
06:27:14.857 [pool-2-thread-1] DEBUG fr.inria.lille.repair.nopol.NoPol - statement #26
06:27:14.857 [pool-2-thread-1] DEBUG fr.inria.lille.repair.nopol.NoPol - Analysing SourceLocation okhttp3.Headers$Builder:310 which is executed by 7 tests
06:27:14.857 [pool-2-thread-1] DEBUG fr.inria.lille.repair.nopol.NoPol - cannot spoon SourceLocation okhttp3.Headers$Builder:310
06:27:14.857 [pool-2-thread-1] DEBUG fr.inria.lille.repair.nopol.NoPol - statement #27
06:27:14.857 [pool-2-thread-1] DEBUG fr.inria.lille.repair.nopol.NoPol - Analysing SourceLocation okhttp3.Headers$Builder:309 which is executed by 7 tests
06:27:14.857 [pool-2-thread-1] DEBUG fr.inria.lille.repair.nopol.NoPol - cannot spoon SourceLocation okhttp3.Headers$Builder:309
06:27:14.858 [pool-2-thread-1] DEBUG fr.inria.lille.repair.nopol.NoPol - statement #28
06:27:14.858 [pool-2-thread-1] DEBUG fr.inria.lille.repair.nopol.NoPol - Analysing SourceLocation okhttp3.Headers$Builder:308 which is executed by 7 tests
06:27:14.858 [pool-2-thread-1] DEBUG fr.inria.lille.repair.nopol.NoPol - cannot spoon SourceLocation okhttp3.Headers$Builder:308
06:27:14.858 [pool-2-thread-1] DEBUG fr.inria.lille.repair.nopol.NoPol - statement #29
06:27:14.858 [pool-2-thread-1] DEBUG fr.inria.lille.repair.nopol.NoPol - Analysing SourceLocation okhttp3.Headers$Builder:307 which is executed by 7 tests
06:27:14.858 [pool-2-thread-1] DEBUG fr.inria.lille.repair.nopol.NoPol - cannot spoon SourceLocation okhttp3.Headers$Builder:307
06:27:14.858 [pool-2-thread-1] DEBUG fr.inria.lille.repair.nopol.NoPol - statement #30
06:27:14.858 [pool-2-thread-1] DEBUG fr.inria.lille.repair.nopol.NoPol - Analysing SourceLocation okhttp3.Headers$Builder:292 which is executed by 7 tests
06:27:14.859 [pool-2-thread-1] DEBUG fr.inria.lille.repair.nopol.NoPol - cannot spoon SourceLocation okhttp3.Headers$Builder:292
06:27:14.859 [pool-2-thread-1] DEBUG fr.inria.lille.repair.nopol.NoPol - statement #31
06:27:14.859 [pool-2-thread-1] DEBUG fr.inria.lille.repair.nopol.NoPol - Analysing SourceLocation okhttp3.Headers$Builder:285 which is executed by 7 tests
06:27:14.859 [pool-2-thread-1] DEBUG fr.inria.lille.repair.nopol.NoPol - cannot spoon SourceLocation okhttp3.Headers$Builder:285
06:27:14.859 [pool-2-thread-1] DEBUG fr.inria.lille.repair.nopol.NoPol - statement #32
06:27:14.859 [pool-2-thread-1] DEBUG fr.inria.lille.repair.nopol.NoPol - Analysing SourceLocation okhttp3.Headers$Builder:281 which is executed by 7 tests
06:27:14.859 [pool-2-thread-1] DEBUG fr.inria.lille.repair.nopol.NoPol - cannot spoon SourceLocation okhttp3.Headers$Builder:281
06:27:14.859 [pool-2-thread-1] DEBUG fr.inria.lille.repair.nopol.NoPol - statement #33
06:27:14.859 [pool-2-thread-1] DEBUG fr.inria.lille.repair.nopol.NoPol - Analysing SourceLocation okhttp3.Headers$Builder:280 which is executed by 7 tests
06:27:14.860 [pool-2-thread-1] DEBUG fr.inria.lille.repair.nopol.NoPol - cannot spoon SourceLocation okhttp3.Headers$Builder:280
06:27:14.860 [pool-2-thread-1] DEBUG fr.inria.lille.repair.nopol.NoPol - statement #34
06:27:14.860 [pool-2-thread-1] DEBUG fr.inria.lille.repair.nopol.NoPol - Analysing SourceLocation okhttp3.Headers$Builder:279 which is executed by 7 tests
06:27:14.860 [pool-2-thread-1] DEBUG fr.inria.lille.repair.nopol.NoPol - cannot spoon SourceLocation okhttp3.Headers$Builder:279
06:27:14.860 [pool-2-thread-1] DEBUG fr.inria.lille.repair.nopol.NoPol - statement #35
06:27:14.860 [pool-2-thread-1] DEBUG fr.inria.lille.repair.nopol.NoPol - Analysing SourceLocation okhttp3.Headers$Builder:271 which is executed by 7 tests
06:27:14.860 [pool-2-thread-1] DEBUG fr.inria.lille.repair.nopol.NoPol - cannot spoon SourceLocation okhttp3.Headers$Builder:271
06:27:14.860 [pool-2-thread-1] DEBUG fr.inria.lille.repair.nopol.NoPol - statement #36
06:27:14.860 [pool-2-thread-1] DEBUG fr.inria.lille.repair.nopol.NoPol - Analysing SourceLocation okhttp3.Headers$Builder:270 which is executed by 7 tests
06:27:14.861 [pool-2-thread-1] DEBUG fr.inria.lille.repair.nopol.NoPol - cannot spoon SourceLocation okhttp3.Headers$Builder:270
06:27:14.861 [pool-2-thread-1] DEBUG fr.inria.lille.repair.nopol.NoPol - statement #37
06:27:14.861 [pool-2-thread-1] DEBUG fr.inria.lille.repair.nopol.NoPol - Analysing SourceLocation okhttp3.mockwebserver.MockResponse:152 which is executed by 7 tests
06:27:14.861 [pool-2-thread-1] DEBUG fr.inria.lille.repair.nopol.NoPol - cannot spoon SourceLocation okhttp3.mockwebserver.MockResponse:152
06:27:14.861 [pool-2-thread-1] DEBUG fr.inria.lille.repair.nopol.NoPol - statement #38
06:27:14.861 [pool-2-thread-1] DEBUG fr.inria.lille.repair.nopol.NoPol - Analysing SourceLocation okhttp3.mockwebserver.MockResponse:151 which is executed by 7 tests
06:27:14.861 [pool-2-thread-1] DEBUG fr.inria.lille.repair.nopol.NoPol - cannot spoon SourceLocation okhttp3.mockwebserver.MockResponse:151
06:27:14.861 [pool-2-thread-1] DEBUG fr.inria.lille.repair.nopol.NoPol - statement #39
06:27:14.862 [pool-2-thread-1] DEBUG fr.inria.lille.repair.nopol.NoPol - Analysing SourceLocation okhttp3.mockwebserver.MockResponse:140 which is executed by 7 tests
06:27:14.862 [pool-2-thread-1] DEBUG fr.inria.lille.repair.nopol.NoPol - cannot spoon SourceLocation okhttp3.mockwebserver.MockResponse:140
06:27:14.862 [pool-2-thread-1] DEBUG fr.inria.lille.repair.nopol.NoPol - statement #40
06:27:14.862 [pool-2-thread-1] DEBUG fr.inria.lille.repair.nopol.NoPol - Analysing SourceLocation okhttp3.mockwebserver.MockResponse:139 which is executed by 7 tests
06:27:14.862 [pool-2-thread-1] DEBUG fr.inria.lille.repair.nopol.NoPol - cannot spoon SourceLocation okhttp3.mockwebserver.MockResponse:139
06:27:14.862 [pool-2-thread-1] DEBUG fr.inria.lille.repair.nopol.NoPol - statement #41
06:27:14.862 [pool-2-thread-1] DEBUG fr.inria.lille.repair.nopol.NoPol - Analysing SourceLocation okhttp3.mockwebserver.MockResponse:122 which is executed by 7 tests
06:27:14.862 [pool-2-thread-1] DEBUG fr.inria.lille.repair.nopol.NoPol - cannot spoon SourceLocation okhttp3.mockwebserver.MockResponse:122
06:27:14.862 [pool-2-thread-1] DEBUG fr.inria.lille.repair.nopol.NoPol - statement #42
06:27:14.862 [pool-2-thread-1] DEBUG fr.inria.lille.repair.nopol.NoPol - Analysing SourceLocation okhttp3.mockwebserver.MockResponse:121 which is executed by 7 tests
06:27:14.863 [pool-2-thread-1] DEBUG fr.inria.lille.repair.nopol.NoPol - cannot spoon SourceLocation okhttp3.mockwebserver.MockResponse:121
06:27:14.863 [pool-2-thread-1] DEBUG fr.inria.lille.repair.nopol.NoPol - statement #43
06:27:14.863 [pool-2-thread-1] DEBUG fr.inria.lille.repair.nopol.NoPol - Analysing SourceLocation okhttp3.mockwebserver.MockResponse:90 which is executed by 7 tests
06:27:14.863 [pool-2-thread-1] DEBUG fr.inria.lille.repair.nopol.NoPol - cannot spoon SourceLocation okhttp3.mockwebserver.MockResponse:90
06:27:14.863 [pool-2-thread-1] DEBUG fr.inria.lille.repair.nopol.NoPol - statement #44
06:27:14.863 [pool-2-thread-1] DEBUG fr.inria.lille.repair.nopol.NoPol - Analysing SourceLocation okhttp3.mockwebserver.MockResponse:89 which is executed by 7 tests
06:27:14.863 [pool-2-thread-1] DEBUG fr.inria.lille.repair.nopol.NoPol - cannot spoon SourceLocation okhttp3.mockwebserver.MockResponse:89
06:27:14.863 [pool-2-thread-1] DEBUG fr.inria.lille.repair.nopol.NoPol - statement #45
06:27:14.863 [pool-2-thread-1] DEBUG fr.inria.lille.repair.nopol.NoPol - Analysing SourceLocation okhttp3.mockwebserver.MockResponse:85 which is executed by 7 tests
06:27:14.864 [pool-2-thread-1] DEBUG fr.inria.lille.repair.nopol.NoPol - cannot spoon SourceLocation okhttp3.mockwebserver.MockResponse:85
06:27:14.864 [pool-2-thread-1] DEBUG fr.inria.lille.repair.nopol.NoPol - statement #46
06:27:14.864 [pool-2-thread-1] DEBUG fr.inria.lille.repair.nopol.NoPol - Analysing SourceLocation okhttp3.mockwebserver.MockResponse:77 which is executed by 7 tests
06:27:14.864 [pool-2-thread-1] DEBUG fr.inria.lille.repair.nopol.NoPol - cannot spoon SourceLocation okhttp3.mockwebserver.MockResponse:77
06:27:14.864 [pool-2-thread-1] DEBUG fr.inria.lille.repair.nopol.NoPol - statement #47
06:27:14.864 [pool-2-thread-1] DEBUG fr.inria.lille.repair.nopol.NoPol - Analysing SourceLocation okhttp3.mockwebserver.MockResponse:76 which is executed by 7 tests
06:27:14.864 [pool-2-thread-1] DEBUG fr.inria.lille.repair.nopol.NoPol - cannot spoon SourceLocation okhttp3.mockwebserver.MockResponse:76
06:27:14.864 [pool-2-thread-1] DEBUG fr.inria.lille.repair.nopol.NoPol - statement #48
06:27:14.864 [pool-2-thread-1] DEBUG fr.inria.lille.repair.nopol.NoPol - Analysing SourceLocation okhttp3.mockwebserver.MockResponse:74 which is executed by 7 tests
06:27:14.864 [pool-2-thread-1] DEBUG fr.inria.lille.repair.nopol.NoPol - cannot spoon SourceLocation okhttp3.mockwebserver.MockResponse:74
06:27:14.864 [pool-2-thread-1] DEBUG fr.inria.lille.repair.nopol.NoPol - statement #49
06:27:14.865 [pool-2-thread-1] DEBUG fr.inria.lille.repair.nopol.NoPol - Analysing SourceLocation okhttp3.mockwebserver.MockResponse:73 which is executed by 7 tests
06:27:14.865 [pool-2-thread-1] DEBUG fr.inria.lille.repair.nopol.NoPol - cannot spoon SourceLocation okhttp3.mockwebserver.MockResponse:73
06:27:14.865 [pool-2-thread-1] DEBUG fr.inria.lille.repair.nopol.NoPol - statement #50
06:27:14.865 [pool-2-thread-1] DEBUG fr.inria.lille.repair.nopol.NoPol - Analysing SourceLocation feign.Feign$Builder:147 which is executed by 6 tests
67759570
06:27:15.250 [pool-2-thread-1] DEBUG fr.inria.lille.repair.nopol.NoPol - statement #51
06:27:15.250 [pool-2-thread-1] DEBUG fr.inria.lille.repair.nopol.NoPol - Analysing SourceLocation feign.Feign$Builder:146 which is executed by 6 tests
67759570
06:27:15.441 [pool-2-thread-1] DEBUG fr.inria.lille.repair.nopol.NoPol - looking with class fr.inria.lille.repair.nopol.spoon.smt.ConditionalAdder
Dec 27, 2018 6:27:15 AM okhttp3.mockwebserver.MockWebServer$2 execute
INFO: MockWebServer[48653] starting to accept connections
Dec 27, 2018 6:27:15 AM okhttp3.mockwebserver.MockWebServer$3 processOneRequest
INFO: MockWebServer[48653] received request: GET / HTTP/1.1 and responded: HTTP/1.1 404 Client Error
Dec 27, 2018 6:27:15 AM okhttp3.mockwebserver.MockWebServer$3 processOneRequest
INFO: MockWebServer[48653] received request: GET / HTTP/1.1 and responded: HTTP/1.1 200 OK
Dec 27, 2018 6:27:15 AM okhttp3.mockwebserver.MockWebServer$2 execute
INFO: MockWebServer[52819] starting to accept connections
Dec 27, 2018 6:27:15 AM okhttp3.mockwebserver.MockWebServer$3 processOneRequest
INFO: MockWebServer[52819] received request: GET / HTTP/1.1 and responded: HTTP/1.1 204 OK
Dec 27, 2018 6:27:15 AM okhttp3.mockwebserver.MockWebServer$2 execute
INFO: MockWebServer[37873] starting to accept connections
Dec 27, 2018 6:27:15 AM okhttp3.mockwebserver.MockWebServer$3 processOneRequest
INFO: MockWebServer[37873] received request: GET / HTTP/1.1 and responded: HTTP/1.1 200 OK
Dec 27, 2018 6:27:15 AM okhttp3.mockwebserver.MockWebServer$2 execute
INFO: MockWebServer[48529] starting to accept connections
Dec 27, 2018 6:27:15 AM okhttp3.mockwebserver.MockWebServer$3 processOneRequest
INFO: MockWebServer[48529] received request: GET / HTTP/1.1 and responded: HTTP/1.1 200 OK
Dec 27, 2018 6:27:15 AM okhttp3.mockwebserver.MockWebServer$2 execute
INFO: MockWebServer[37215] starting to accept connections
Dec 27, 2018 6:27:15 AM okhttp3.mockwebserver.MockWebServer$3 processOneRequest
INFO: MockWebServer[37215] received request: GET / HTTP/1.1 and responded: HTTP/1.1 200 OK
Dec 27, 2018 6:27:15 AM okhttp3.mockwebserver.MockWebServer$2 execute
INFO: MockWebServer[33461] starting to accept connections
Dec 27, 2018 6:27:15 AM okhttp3.mockwebserver.MockWebServer$3 processOneRequest
INFO: MockWebServer[33461] received request: GET / HTTP/1.1 and responded: HTTP/1.1 404 Client Error
Dec 27, 2018 6:27:15 AM okhttp3.mockwebserver.MockWebServer$3 processOneRequest
INFO: MockWebServer[33461] received request: GET / HTTP/1.1 and responded: HTTP/1.1 200 OK
Dec 27, 2018 6:27:15 AM okhttp3.mockwebserver.MockWebServer$2 execute
INFO: MockWebServer[40999] starting to accept connections
Dec 27, 2018 6:27:15 AM okhttp3.mockwebserver.MockWebServer$3 processOneRequest
INFO: MockWebServer[40999] received request: GET / HTTP/1.1 and responded: HTTP/1.1 204 OK
Dec 27, 2018 6:27:15 AM okhttp3.mockwebserver.MockWebServer$2 execute
INFO: MockWebServer[39315] starting to accept connections
Dec 27, 2018 6:27:15 AM okhttp3.mockwebserver.MockWebServer$3 processOneRequest
INFO: MockWebServer[39315] received request: GET / HTTP/1.1 and responded: HTTP/1.1 200 OK
Dec 27, 2018 6:27:15 AM okhttp3.mockwebserver.MockWebServer$2 execute
INFO: MockWebServer[46701] starting to accept connections
Dec 27, 2018 6:27:15 AM okhttp3.mockwebserver.MockWebServer$3 processOneRequest
INFO: MockWebServer[46701] received request: GET / HTTP/1.1 and responded: HTTP/1.1 200 OK
Dec 27, 2018 6:27:15 AM okhttp3.mockwebserver.MockWebServer$2 execute
INFO: MockWebServer[56857] starting to accept connections
Dec 27, 2018 6:27:15 AM okhttp3.mockwebserver.MockWebServer$3 processOneRequest
INFO: MockWebServer[56857] received request: GET / HTTP/1.1 and responded: HTTP/1.1 200 OK
Dec 27, 2018 6:27:15 AM okhttp3.mockwebserver.MockWebServer$2 execute
INFO: MockWebServer[42281] starting to accept connections
Dec 27, 2018 6:27:15 AM okhttp3.mockwebserver.MockWebServer$3 processOneRequest
INFO: MockWebServer[42281] received request: GET / HTTP/1.1 and responded: HTTP/1.1 404 Client Error
Dec 27, 2018 6:27:15 AM okhttp3.mockwebserver.MockWebServer$3 processOneRequest
INFO: MockWebServer[42281] received request: GET / HTTP/1.1 and responded: HTTP/1.1 200 OK
Dec 27, 2018 6:27:16 AM okhttp3.mockwebserver.MockWebServer$2 execute
INFO: MockWebServer[51137] starting to accept connections
Dec 27, 2018 6:27:16 AM okhttp3.mockwebserver.MockWebServer$3 processOneRequest
INFO: MockWebServer[51137] received request: GET / HTTP/1.1 and responded: HTTP/1.1 204 OK
Dec 27, 2018 6:27:16 AM okhttp3.mockwebserver.MockWebServer$2 execute
INFO: MockWebServer[43451] starting to accept connections
Dec 27, 2018 6:27:16 AM okhttp3.mockwebserver.MockWebServer$3 processOneRequest
INFO: MockWebServer[43451] received request: GET / HTTP/1.1 and responded: HTTP/1.1 200 OK
Dec 27, 2018 6:27:16 AM okhttp3.mockwebserver.MockWebServer$2 execute
INFO: MockWebServer[49513] starting to accept connections
Dec 27, 2018 6:27:16 AM okhttp3.mockwebserver.MockWebServer$3 processOneRequest
INFO: MockWebServer[49513] received request: GET / HTTP/1.1 and responded: HTTP/1.1 200 OK
Dec 27, 2018 6:27:16 AM okhttp3.mockwebserver.MockWebServer$2 execute
INFO: MockWebServer[51095] starting to accept connections
Dec 27, 2018 6:27:16 AM okhttp3.mockwebserver.MockWebServer$3 processOneRequest
INFO: MockWebServer[51095] received request: GET / HTTP/1.1 and responded: HTTP/1.1 200 OK
Dec 27, 2018 6:27:16 AM okhttp3.mockwebserver.MockWebServer$2 execute
INFO: MockWebServer[57895] starting to accept connections
Dec 27, 2018 6:27:16 AM okhttp3.mockwebserver.MockWebServer$3 processOneRequest
INFO: MockWebServer[57895] received request: GET / HTTP/1.1 and responded: HTTP/1.1 404 Client Error
Dec 27, 2018 6:27:16 AM okhttp3.mockwebserver.MockWebServer$3 processOneRequest
INFO: MockWebServer[57895] received request: GET / HTTP/1.1 and responded: HTTP/1.1 200 OK
Dec 27, 2018 6:27:16 AM okhttp3.mockwebserver.MockWebServer$2 execute
INFO: MockWebServer[54609] starting to accept connections
Dec 27, 2018 6:27:16 AM okhttp3.mockwebserver.MockWebServer$3 processOneRequest
INFO: MockWebServer[54609] received request: GET / HTTP/1.1 and responded: HTTP/1.1 204 OK
Dec 27, 2018 6:27:16 AM okhttp3.mockwebserver.MockWebServer$2 execute
INFO: MockWebServer[47837] starting to accept connections
Dec 27, 2018 6:27:16 AM okhttp3.mockwebserver.MockWebServer$3 processOneRequest
INFO: MockWebServer[47837] received request: GET / HTTP/1.1 and responded: HTTP/1.1 200 OK
Dec 27, 2018 6:27:16 AM okhttp3.mockwebserver.MockWebServer$2 execute
INFO: MockWebServer[44707] starting to accept connections
Dec 27, 2018 6:27:16 AM okhttp3.mockwebserver.MockWebServer$3 processOneRequest
INFO: MockWebServer[44707] received request: GET / HTTP/1.1 and responded: HTTP/1.1 200 OK
Dec 27, 2018 6:27:16 AM okhttp3.mockwebserver.MockWebServer$2 execute
INFO: MockWebServer[46363] starting to accept connections
Dec 27, 2018 6:27:16 AM okhttp3.mockwebserver.MockWebServer$3 processOneRequest
INFO: MockWebServer[46363] received request: GET / HTTP/1.1 and responded: HTTP/1.1 200 OK
Dec 27, 2018 6:27:16 AM okhttp3.mockwebserver.MockWebServer$2 execute
INFO: MockWebServer[51653] starting to accept connections
Dec 27, 2018 6:27:16 AM okhttp3.mockwebserver.MockWebServer$3 processOneRequest
INFO: MockWebServer[51653] received request: GET / HTTP/1.1 and responded: HTTP/1.1 404 Client Error
Dec 27, 2018 6:27:16 AM okhttp3.mockwebserver.MockWebServer$3 processOneRequest
INFO: MockWebServer[51653] received request: GET / HTTP/1.1 and responded: HTTP/1.1 200 OK
Dec 27, 2018 6:27:16 AM okhttp3.mockwebserver.MockWebServer$2 execute
INFO: MockWebServer[58979] starting to accept connections
Dec 27, 2018 6:27:16 AM okhttp3.mockwebserver.MockWebServer$3 processOneRequest
INFO: MockWebServer[58979] received request: GET / HTTP/1.1 and responded: HTTP/1.1 204 OK
Dec 27, 2018 6:27:16 AM okhttp3.mockwebserver.MockWebServer$2 execute
INFO: MockWebServer[51605] starting to accept connections
Dec 27, 2018 6:27:16 AM okhttp3.mockwebserver.MockWebServer$3 processOneRequest
INFO: MockWebServer[51605] received request: GET / HTTP/1.1 and responded: HTTP/1.1 200 OK
Dec 27, 2018 6:27:16 AM okhttp3.mockwebserver.MockWebServer$2 execute
INFO: MockWebServer[48973] starting to accept connections
Dec 27, 2018 6:27:16 AM okhttp3.mockwebserver.MockWebServer$3 processOneRequest
INFO: MockWebServer[48973] received request: GET / HTTP/1.1 and responded: HTTP/1.1 200 OK
Dec 27, 2018 6:27:16 AM okhttp3.mockwebserver.MockWebServer$2 execute
INFO: MockWebServer[59213] starting to accept connections
Dec 27, 2018 6:27:16 AM okhttp3.mockwebserver.MockWebServer$3 processOneRequest
INFO: MockWebServer[59213] received request: GET / HTTP/1.1 and responded: HTTP/1.1 200 OK
Dec 27, 2018 6:27:16 AM okhttp3.mockwebserver.MockWebServer$2 execute
INFO: MockWebServer[34343] starting to accept connections
Dec 27, 2018 6:27:16 AM okhttp3.mockwebserver.MockWebServer$3 processOneRequest
INFO: MockWebServer[34343] received request: GET / HTTP/1.1 and responded: HTTP/1.1 200 OK
06:27:16.149 [pool-4-thread-1] INFO  xxl.java.junit.TestCasesListener - Tests run finished (683 ms)
<> Total tests run: 27
<> Ignored tests: 0
<> Failed tests: 0

06:27:16.150 [pool-2-thread-1] ERROR fr.inria.lille.repair.nopol.NoPol - Error ExecutionException java.util.concurrent.ExecutionException: java.lang.RuntimeException: failingTestCasesValidated: nothing to repair, no failing test cases
06:27:16.150 [pool-2-thread-1] DEBUG fr.inria.lille.repair.nopol.NoPol - statement #52
06:27:16.150 [pool-2-thread-1] DEBUG fr.inria.lille.repair.nopol.NoPol - Analysing SourceLocation okhttp3.Headers$Builder:337 which is executed by 6 tests
06:27:16.150 [pool-2-thread-1] DEBUG fr.inria.lille.repair.nopol.NoPol - cannot spoon SourceLocation okhttp3.Headers$Builder:337
06:27:16.150 [pool-2-thread-1] DEBUG fr.inria.lille.repair.nopol.NoPol - statement #53
06:27:16.150 [pool-2-thread-1] DEBUG fr.inria.lille.repair.nopol.NoPol - Analysing SourceLocation okhttp3.mockwebserver.MockWebServer:275 which is executed by 6 tests
06:27:16.150 [pool-2-thread-1] DEBUG fr.inria.lille.repair.nopol.NoPol - cannot spoon SourceLocation okhttp3.mockwebserver.MockWebServer:275
06:27:16.150 [pool-2-thread-1] DEBUG fr.inria.lille.repair.nopol.NoPol - statement #54
06:27:16.151 [pool-2-thread-1] DEBUG fr.inria.lille.repair.nopol.NoPol - Analysing SourceLocation okhttp3.mockwebserver.MockWebServer:274 which is executed by 6 tests
06:27:16.151 [pool-2-thread-1] DEBUG fr.inria.lille.repair.nopol.NoPol - cannot spoon SourceLocation okhttp3.mockwebserver.MockWebServer:274
06:27:16.151 [pool-2-thread-1] DEBUG fr.inria.lille.repair.nopol.NoPol - statement #55
06:27:16.151 [pool-2-thread-1] DEBUG fr.inria.lille.repair.nopol.NoPol - Analysing SourceLocation okhttp3.mockwebserver.MockWebServer:184 which is executed by 6 tests
06:27:16.151 [pool-2-thread-1] DEBUG fr.inria.lille.repair.nopol.NoPol - cannot spoon SourceLocation okhttp3.mockwebserver.MockWebServer:184
06:27:16.151 [pool-2-thread-1] DEBUG fr.inria.lille.repair.nopol.NoPol - statement #56
06:27:16.151 [pool-2-thread-1] DEBUG fr.inria.lille.repair.nopol.NoPol - Analysing SourceLocation okhttp3.mockwebserver.MockWebServer:183 which is executed by 6 tests
06:27:16.151 [pool-2-thread-1] DEBUG fr.inria.lille.repair.nopol.NoPol - cannot spoon SourceLocation okhttp3.mockwebserver.MockWebServer:183
06:27:16.151 [pool-2-thread-1] DEBUG fr.inria.lille.repair.nopol.NoPol - statement #57
06:27:16.151 [pool-2-thread-1] DEBUG fr.inria.lille.repair.nopol.NoPol - Analysing SourceLocation okhttp3.mockwebserver.MockWebServer:182 which is executed by 6 tests
06:27:16.151 [pool-2-thread-1] DEBUG fr.inria.lille.repair.nopol.NoPol - cannot spoon SourceLocation okhttp3.mockwebserver.MockWebServer:182
06:27:16.151 [pool-2-thread-1] DEBUG fr.inria.lille.repair.nopol.NoPol - statement #58
06:27:16.152 [pool-2-thread-1] DEBUG fr.inria.lille.repair.nopol.NoPol - Analysing SourceLocation okhttp3.mockwebserver.MockWebServer:158 which is executed by 6 tests
06:27:16.152 [pool-2-thread-1] DEBUG fr.inria.lille.repair.nopol.NoPol - cannot spoon SourceLocation okhttp3.mockwebserver.MockWebServer:158
06:27:16.152 [pool-2-thread-1] DEBUG fr.inria.lille.repair.nopol.NoPol - statement #59
06:27:16.152 [pool-2-thread-1] DEBUG fr.inria.lille.repair.nopol.NoPol - Analysing SourceLocation okhttp3.mockwebserver.QueueDispatcher:70 which is executed by 6 tests
06:27:16.152 [pool-2-thread-1] DEBUG fr.inria.lille.repair.nopol.NoPol - cannot spoon SourceLocation okhttp3.mockwebserver.QueueDispatcher:70
06:27:16.152 [pool-2-thread-1] DEBUG fr.inria.lille.repair.nopol.NoPol - statement #60
06:27:16.152 [pool-2-thread-1] DEBUG fr.inria.lille.repair.nopol.NoPol - Analysing SourceLocation okhttp3.mockwebserver.QueueDispatcher:69 which is executed by 6 tests
06:27:16.152 [pool-2-thread-1] DEBUG fr.inria.lille.repair.nopol.NoPol - cannot spoon SourceLocation okhttp3.mockwebserver.QueueDispatcher:69
06:27:16.152 [pool-2-thread-1] DEBUG fr.inria.lille.repair.nopol.NoPol - statement #61
06:27:16.152 [pool-2-thread-1] DEBUG fr.inria.lille.repair.nopol.NoPol - Analysing SourceLocation okhttp3.Headers:115 which is executed by 6 tests
06:27:16.152 [pool-2-thread-1] DEBUG fr.inria.lille.repair.nopol.NoPol - cannot spoon SourceLocation okhttp3.Headers:115
06:27:16.152 [pool-2-thread-1] DEBUG fr.inria.lille.repair.nopol.NoPol - statement #62
06:27:16.152 [pool-2-thread-1] DEBUG fr.inria.lille.repair.nopol.NoPol - Analysing SourceLocation okhttp3.Headers:114 which is executed by 6 tests
06:27:16.152 [pool-2-thread-1] DEBUG fr.inria.lille.repair.nopol.NoPol - cannot spoon SourceLocation okhttp3.Headers:114
06:27:16.153 [pool-2-thread-1] DEBUG fr.inria.lille.repair.nopol.NoPol - statement #63
06:27:16.153 [pool-2-thread-1] DEBUG fr.inria.lille.repair.nopol.NoPol - Analysing SourceLocation okhttp3.Headers:113 which is executed by 6 tests
06:27:16.153 [pool-2-thread-1] DEBUG fr.inria.lille.repair.nopol.NoPol - cannot spoon SourceLocation okhttp3.Headers:113
06:27:16.153 [pool-2-thread-1] DEBUG fr.inria.lille.repair.nopol.NoPol - statement #64
06:27:16.153 [pool-2-thread-1] DEBUG fr.inria.lille.repair.nopol.NoPol - Analysing SourceLocation okhttp3.mockwebserver.MockResponse:61 which is executed by 6 tests
06:27:16.153 [pool-2-thread-1] DEBUG fr.inria.lille.repair.nopol.NoPol - cannot spoon SourceLocation okhttp3.mockwebserver.MockResponse:61
06:27:16.153 [pool-2-thread-1] DEBUG fr.inria.lille.repair.nopol.NoPol - statement #65
06:27:16.153 [pool-2-thread-1] DEBUG fr.inria.lille.repair.nopol.NoPol - Analysing SourceLocation okhttp3.mockwebserver.MockResponse:60 which is executed by 6 tests
06:27:16.153 [pool-2-thread-1] DEBUG fr.inria.lille.repair.nopol.NoPol - cannot spoon SourceLocation okhttp3.mockwebserver.MockResponse:60
06:27:16.153 [pool-2-thread-1] DEBUG fr.inria.lille.repair.nopol.NoPol - statement #66
06:27:16.153 [pool-2-thread-1] DEBUG fr.inria.lille.repair.nopol.NoPol - Analysing SourceLocation okhttp3.mockwebserver.MockResponse:59 which is executed by 6 tests
06:27:16.153 [pool-2-thread-1] DEBUG fr.inria.lille.repair.nopol.NoPol - cannot spoon SourceLocation okhttp3.mockwebserver.MockResponse:59
06:27:16.153 [pool-2-thread-1] DEBUG fr.inria.lille.repair.nopol.NoPol - statement #67
06:27:16.153 [pool-2-thread-1] DEBUG fr.inria.lille.repair.nopol.NoPol - Analysing SourceLocation okhttp3.mockwebserver.MockResponse:58 which is executed by 6 tests
06:27:16.154 [pool-2-thread-1] DEBUG fr.inria.lille.repair.nopol.NoPol - cannot spoon SourceLocation okhttp3.mockwebserver.MockResponse:58
06:27:16.154 [pool-2-thread-1] DEBUG fr.inria.lille.repair.nopol.NoPol - statement #68
06:27:16.154 [pool-2-thread-1] DEBUG fr.inria.lille.repair.nopol.NoPol - Analysing SourceLocation okhttp3.HttpUrl$Builder:972 which is executed by 6 tests
06:27:16.154 [pool-2-thread-1] DEBUG fr.inria.lille.repair.nopol.NoPol - cannot spoon SourceLocation okhttp3.HttpUrl$Builder:972
06:27:16.154 [pool-2-thread-1] DEBUG fr.inria.lille.repair.nopol.NoPol - statement #69
06:27:16.154 [pool-2-thread-1] DEBUG fr.inria.lille.repair.nopol.NoPol - Analysing SourceLocation okhttp3.HttpUrl$Builder:966 which is executed by 6 tests
06:27:16.154 [pool-2-thread-1] DEBUG fr.inria.lille.repair.nopol.NoPol - cannot spoon SourceLocation okhttp3.HttpUrl$Builder:966
06:27:16.154 [pool-2-thread-1] DEBUG fr.inria.lille.repair.nopol.NoPol - statement #70
06:27:16.154 [pool-2-thread-1] DEBUG fr.inria.lille.repair.nopol.NoPol - Analysing SourceLocation okhttp3.HttpUrl$Builder:965 which is executed by 6 tests
06:27:16.154 [pool-2-thread-1] DEBUG fr.inria.lille.repair.nopol.NoPol - cannot spoon SourceLocation okhttp3.HttpUrl$Builder:965
06:27:16.154 [pool-2-thread-1] DEBUG fr.inria.lille.repair.nopol.NoPol - statement #71
06:27:16.154 [pool-2-thread-1] DEBUG fr.inria.lille.repair.nopol.NoPol - Analysing SourceLocation okhttp3.HttpUrl$Builder:963 which is executed by 6 tests
06:27:16.155 [pool-2-thread-1] DEBUG fr.inria.lille.repair.nopol.NoPol - cannot spoon SourceLocation okhttp3.HttpUrl$Builder:963
06:27:16.155 [pool-2-thread-1] DEBUG fr.inria.lille.repair.nopol.NoPol - statement #72
06:27:16.155 [pool-2-thread-1] DEBUG fr.inria.lille.repair.nopol.NoPol - Analysing SourceLocation feign.Feign:38 which is executed by 6 tests
67759570
06:27:16.333 [pool-2-thread-1] DEBUG fr.inria.lille.repair.nopol.NoPol - statement #73
06:27:16.333 [pool-2-thread-1] DEBUG fr.inria.lille.repair.nopol.NoPol - Analysing SourceLocation okio.SegmentPool:46 which is executed by 4 tests
06:27:16.333 [pool-2-thread-1] DEBUG fr.inria.lille.repair.nopol.NoPol - cannot spoon SourceLocation okio.SegmentPool:46
06:27:16.333 [pool-2-thread-1] DEBUG fr.inria.lille.repair.nopol.NoPol - statement #74
06:27:16.334 [pool-2-thread-1] DEBUG fr.inria.lille.repair.nopol.NoPol - Analysing SourceLocation okio.SegmentPool:45 which is executed by 4 tests
06:27:16.334 [pool-2-thread-1] DEBUG fr.inria.lille.repair.nopol.NoPol - cannot spoon SourceLocation okio.SegmentPool:45
06:27:16.334 [pool-2-thread-1] DEBUG fr.inria.lille.repair.nopol.NoPol - statement #75
06:27:16.334 [pool-2-thread-1] DEBUG fr.inria.lille.repair.nopol.NoPol - Analysing SourceLocation okio.SegmentPool:38 which is executed by 4 tests
06:27:16.334 [pool-2-thread-1] DEBUG fr.inria.lille.repair.nopol.NoPol - cannot spoon SourceLocation okio.SegmentPool:38
06:27:16.334 [pool-2-thread-1] DEBUG fr.inria.lille.repair.nopol.NoPol - statement #76
06:27:16.334 [pool-2-thread-1] DEBUG fr.inria.lille.repair.nopol.NoPol - Analysing SourceLocation okio.SegmentPool:37 which is executed by 4 tests
06:27:16.334 [pool-2-thread-1] DEBUG fr.inria.lille.repair.nopol.NoPol - cannot spoon SourceLocation okio.SegmentPool:37
06:27:16.334 [pool-2-thread-1] DEBUG fr.inria.lille.repair.nopol.NoPol - statement #77
06:27:16.334 [pool-2-thread-1] DEBUG fr.inria.lille.repair.nopol.NoPol - Analysing SourceLocation okhttp3.Headers$Builder:289 which is executed by 4 tests
06:27:16.334 [pool-2-thread-1] DEBUG fr.inria.lille.repair.nopol.NoPol - cannot spoon SourceLocation okhttp3.Headers$Builder:289
06:27:16.334 [pool-2-thread-1] DEBUG fr.inria.lille.repair.nopol.NoPol - statement #78
06:27:16.334 [pool-2-thread-1] DEBUG fr.inria.lille.repair.nopol.NoPol - Analysing SourceLocation okhttp3.Headers$Builder:288 which is executed by 4 tests
06:27:16.334 [pool-2-thread-1] DEBUG fr.inria.lille.repair.nopol.NoPol - cannot spoon SourceLocation okhttp3.Headers$Builder:288
06:27:16.334 [pool-2-thread-1] DEBUG fr.inria.lille.repair.nopol.NoPol - statement #79
06:27:16.335 [pool-2-thread-1] DEBUG fr.inria.lille.repair.nopol.NoPol - Analysing SourceLocation okhttp3.Headers$Builder:287 which is executed by 4 tests
06:27:16.335 [pool-2-thread-1] DEBUG fr.inria.lille.repair.nopol.NoPol - cannot spoon SourceLocation okhttp3.Headers$Builder:287
06:27:16.335 [pool-2-thread-1] DEBUG fr.inria.lille.repair.nopol.NoPol - statement #80
06:27:16.335 [pool-2-thread-1] DEBUG fr.inria.lille.repair.nopol.NoPol - Analysing SourceLocation okhttp3.Headers$Builder:286 which is executed by 4 tests
06:27:16.335 [pool-2-thread-1] DEBUG fr.inria.lille.repair.nopol.NoPol - cannot spoon SourceLocation okhttp3.Headers$Builder:286
06:27:16.335 [pool-2-thread-1] DEBUG fr.inria.lille.repair.nopol.NoPol - statement #81
06:27:16.335 [pool-2-thread-1] DEBUG fr.inria.lille.repair.nopol.NoPol - Analysing SourceLocation okio.Buffer:1649 which is executed by 4 tests
06:27:16.335 [pool-2-thread-1] DEBUG fr.inria.lille.repair.nopol.NoPol - cannot spoon SourceLocation okio.Buffer:1649
06:27:16.335 [pool-2-thread-1] DEBUG fr.inria.lille.repair.nopol.NoPol - statement #82
06:27:16.335 [pool-2-thread-1] DEBUG fr.inria.lille.repair.nopol.NoPol - Analysing SourceLocation okio.Buffer:1648 which is executed by 4 tests
06:27:16.335 [pool-2-thread-1] DEBUG fr.inria.lille.repair.nopol.NoPol - cannot spoon SourceLocation okio.Buffer:1648
06:27:16.335 [pool-2-thread-1] DEBUG fr.inria.lille.repair.nopol.NoPol - statement #83
06:27:16.335 [pool-2-thread-1] DEBUG fr.inria.lille.repair.nopol.NoPol - Analysing SourceLocation okio.Buffer:1645 which is executed by 4 tests
06:27:16.335 [pool-2-thread-1] DEBUG fr.inria.lille.repair.nopol.NoPol - cannot spoon SourceLocation okio.Buffer:1645
06:27:16.335 [pool-2-thread-1] DEBUG fr.inria.lille.repair.nopol.NoPol - statement #84
06:27:16.336 [pool-2-thread-1] DEBUG fr.inria.lille.repair.nopol.NoPol - Analysing SourceLocation okio.Buffer:1644 which is executed by 4 tests
06:27:16.336 [pool-2-thread-1] DEBUG fr.inria.lille.repair.nopol.NoPol - cannot spoon SourceLocation okio.Buffer:1644
06:27:16.336 [pool-2-thread-1] DEBUG fr.inria.lille.repair.nopol.NoPol - statement #85
06:27:16.336 [pool-2-thread-1] DEBUG fr.inria.lille.repair.nopol.NoPol - Analysing SourceLocation okio.Buffer:1643 which is executed by 4 tests
06:27:16.336 [pool-2-thread-1] DEBUG fr.inria.lille.repair.nopol.NoPol - cannot spoon SourceLocation okio.Buffer:1643
06:27:16.336 [pool-2-thread-1] DEBUG fr.inria.lille.repair.nopol.NoPol - statement #86
06:27:16.336 [pool-2-thread-1] DEBUG fr.inria.lille.repair.nopol.NoPol - Analysing SourceLocation okio.Buffer:1641 which is executed by 4 tests
06:27:16.336 [pool-2-thread-1] DEBUG fr.inria.lille.repair.nopol.NoPol - cannot spoon SourceLocation okio.Buffer:1641
06:27:16.336 [pool-2-thread-1] DEBUG fr.inria.lille.repair.nopol.NoPol - statement #87
06:27:16.336 [pool-2-thread-1] DEBUG fr.inria.lille.repair.nopol.NoPol - Analysing SourceLocation okio.Buffer:1640 which is executed by 4 tests
06:27:16.336 [pool-2-thread-1] DEBUG fr.inria.lille.repair.nopol.NoPol - cannot spoon SourceLocation okio.Buffer:1640
06:27:16.336 [pool-2-thread-1] DEBUG fr.inria.lille.repair.nopol.NoPol - statement #88
06:27:16.336 [pool-2-thread-1] DEBUG fr.inria.lille.repair.nopol.NoPol - Analysing SourceLocation okio.Buffer:1155 which is executed by 4 tests
06:27:16.336 [pool-2-thread-1] DEBUG fr.inria.lille.repair.nopol.NoPol - cannot spoon SourceLocation okio.Buffer:1155
06:27:16.337 [pool-2-thread-1] DEBUG fr.inria.lille.repair.nopol.NoPol - statement #89
06:27:16.337 [pool-2-thread-1] DEBUG fr.inria.lille.repair.nopol.NoPol - Analysing SourceLocation okio.Buffer:1154 which is executed by 4 tests
06:27:16.337 [pool-2-thread-1] DEBUG fr.inria.lille.repair.nopol.NoPol - cannot spoon SourceLocation okio.Buffer:1154
06:27:16.337 [pool-2-thread-1] DEBUG fr.inria.lille.repair.nopol.NoPol - statement #90
06:27:16.337 [pool-2-thread-1] DEBUG fr.inria.lille.repair.nopol.NoPol - Analysing SourceLocation okio.Buffer:1153 which is executed by 4 tests
06:27:16.337 [pool-2-thread-1] DEBUG fr.inria.lille.repair.nopol.NoPol - cannot spoon SourceLocation okio.Buffer:1153
06:27:16.337 [pool-2-thread-1] DEBUG fr.inria.lille.repair.nopol.NoPol - statement #91
06:27:16.337 [pool-2-thread-1] DEBUG fr.inria.lille.repair.nopol.NoPol - Analysing SourceLocation okio.Buffer:1151 which is executed by 4 tests
06:27:16.337 [pool-2-thread-1] DEBUG fr.inria.lille.repair.nopol.NoPol - cannot spoon SourceLocation okio.Buffer:1151
06:27:16.337 [pool-2-thread-1] DEBUG fr.inria.lille.repair.nopol.NoPol - statement #92
06:27:16.337 [pool-2-thread-1] DEBUG fr.inria.lille.repair.nopol.NoPol - Analysing SourceLocation okio.Buffer:909 which is executed by 4 tests
06:27:16.337 [pool-2-thread-1] DEBUG fr.inria.lille.repair.nopol.NoPol - cannot spoon SourceLocation okio.Buffer:909
06:27:16.337 [pool-2-thread-1] DEBUG fr.inria.lille.repair.nopol.NoPol - statement #93
06:27:16.337 [pool-2-thread-1] DEBUG fr.inria.lille.repair.nopol.NoPol - Analysing SourceLocation okio.Buffer:907 which is executed by 4 tests
06:27:16.337 [pool-2-thread-1] DEBUG fr.inria.lille.repair.nopol.NoPol - cannot spoon SourceLocation okio.Buffer:907
06:27:16.338 [pool-2-thread-1] DEBUG fr.inria.lille.repair.nopol.NoPol - statement #94
06:27:16.338 [pool-2-thread-1] DEBUG fr.inria.lille.repair.nopol.NoPol - Analysing SourceLocation okio.Buffer:872 which is executed by 4 tests
06:27:16.338 [pool-2-thread-1] DEBUG fr.inria.lille.repair.nopol.NoPol - cannot spoon SourceLocation okio.Buffer:872
06:27:16.338 [pool-2-thread-1] DEBUG fr.inria.lille.repair.nopol.NoPol - statement #95
06:27:16.338 [pool-2-thread-1] DEBUG fr.inria.lille.repair.nopol.NoPol - Analysing SourceLocation okio.Buffer:870 which is executed by 4 tests
06:27:16.338 [pool-2-thread-1] DEBUG fr.inria.lille.repair.nopol.NoPol - cannot spoon SourceLocation okio.Buffer:870
06:27:16.338 [pool-2-thread-1] DEBUG fr.inria.lille.repair.nopol.NoPol - statement #96
06:27:16.338 [pool-2-thread-1] DEBUG fr.inria.lille.repair.nopol.NoPol - Analysing SourceLocation okio.Buffer:869 which is executed by 4 tests
06:27:16.338 [pool-2-thread-1] DEBUG fr.inria.lille.repair.nopol.NoPol - cannot spoon SourceLocation okio.Buffer:869
06:27:16.338 [pool-2-thread-1] DEBUG fr.inria.lille.repair.nopol.NoPol - statement #97
06:27:16.338 [pool-2-thread-1] DEBUG fr.inria.lille.repair.nopol.NoPol - Analysing SourceLocation okio.Buffer:868 which is executed by 4 tests
06:27:16.338 [pool-2-thread-1] DEBUG fr.inria.lille.repair.nopol.NoPol - cannot spoon SourceLocation okio.Buffer:868
06:27:16.338 [pool-2-thread-1] DEBUG fr.inria.lille.repair.nopol.NoPol - statement #98
06:27:16.338 [pool-2-thread-1] DEBUG fr.inria.lille.repair.nopol.NoPol - Analysing SourceLocation okio.Buffer:865 which is executed by 4 tests
06:27:16.339 [pool-2-thread-1] DEBUG fr.inria.lille.repair.nopol.NoPol - cannot spoon SourceLocation okio.Buffer:865
06:27:16.339 [pool-2-thread-1] DEBUG fr.inria.lille.repair.nopol.NoPol - statement #99
06:27:16.339 [pool-2-thread-1] DEBUG fr.inria.lille.repair.nopol.NoPol - Analysing SourceLocation okio.Buffer:864 which is executed by 4 tests
06:27:16.339 [pool-2-thread-1] DEBUG fr.inria.lille.repair.nopol.NoPol - cannot spoon SourceLocation okio.Buffer:864
06:27:16.339 [pool-2-thread-1] DEBUG fr.inria.lille.repair.nopol.NoPol - statement #100
06:27:16.339 [pool-2-thread-1] DEBUG fr.inria.lille.repair.nopol.NoPol - Analysing SourceLocation okio.Buffer:863 which is executed by 4 tests
06:27:16.339 [pool-2-thread-1] DEBUG fr.inria.lille.repair.nopol.NoPol - cannot spoon SourceLocation okio.Buffer:863
06:27:16.339 [pool-2-thread-1] DEBUG fr.inria.lille.repair.nopol.NoPol - statement #101
06:27:16.339 [pool-2-thread-1] DEBUG fr.inria.lille.repair.nopol.NoPol - Analysing SourceLocation okio.Buffer:862 which is executed by 4 tests
06:27:16.339 [pool-2-thread-1] DEBUG fr.inria.lille.repair.nopol.NoPol - cannot spoon SourceLocation okio.Buffer:862
06:27:16.339 [pool-2-thread-1] DEBUG fr.inria.lille.repair.nopol.NoPol - statement #102
06:27:16.339 [pool-2-thread-1] DEBUG fr.inria.lille.repair.nopol.NoPol - Analysing SourceLocation okio.Buffer:858 which is executed by 4 tests
06:27:16.339 [pool-2-thread-1] DEBUG fr.inria.lille.repair.nopol.NoPol - cannot spoon SourceLocation okio.Buffer:858
06:27:16.339 [pool-2-thread-1] DEBUG fr.inria.lille.repair.nopol.NoPol - statement #103
06:27:16.339 [pool-2-thread-1] DEBUG fr.inria.lille.repair.nopol.NoPol - Analysing SourceLocation okio.Buffer:855 which is executed by 4 tests
06:27:16.339 [pool-2-thread-1] DEBUG fr.inria.lille.repair.nopol.NoPol - cannot spoon SourceLocation okio.Buffer:855
06:27:16.340 [pool-2-thread-1] DEBUG fr.inria.lille.repair.nopol.NoPol - statement #104
06:27:16.340 [pool-2-thread-1] DEBUG fr.inria.lille.repair.nopol.NoPol - Analysing SourceLocation okio.Buffer:854 which is executed by 4 tests
06:27:16.340 [pool-2-thread-1] DEBUG fr.inria.lille.repair.nopol.NoPol - cannot spoon SourceLocation okio.Buffer:854
06:27:16.340 [pool-2-thread-1] DEBUG fr.inria.lille.repair.nopol.NoPol - statement #105
06:27:16.340 [pool-2-thread-1] DEBUG fr.inria.lille.repair.nopol.NoPol - Analysing SourceLocation okio.Buffer:853 which is executed by 4 tests
06:27:16.340 [pool-2-thread-1] DEBUG fr.inria.lille.repair.nopol.NoPol - cannot spoon SourceLocation okio.Buffer:853
06:27:16.340 [pool-2-thread-1] DEBUG fr.inria.lille.repair.nopol.NoPol - statement #106
06:27:16.340 [pool-2-thread-1] DEBUG fr.inria.lille.repair.nopol.NoPol - Analysing SourceLocation okio.Buffer:852 which is executed by 4 tests
06:27:16.340 [pool-2-thread-1] DEBUG fr.inria.lille.repair.nopol.NoPol - cannot spoon SourceLocation okio.Buffer:852
06:27:16.340 [pool-2-thread-1] DEBUG fr.inria.lille.repair.nopol.NoPol - statement #107
06:27:16.340 [pool-2-thread-1] DEBUG fr.inria.lille.repair.nopol.NoPol - Analysing SourceLocation okio.Buffer:851 which is executed by 4 tests
06:27:16.340 [pool-2-thread-1] DEBUG fr.inria.lille.repair.nopol.NoPol - cannot spoon SourceLocation okio.Buffer:851
06:27:16.340 [pool-2-thread-1] DEBUG fr.inria.lille.repair.nopol.NoPol - statement #108
06:27:16.340 [pool-2-thread-1] DEBUG fr.inria.lille.repair.nopol.NoPol - Analysing SourceLocation okio.Buffer:849 which is executed by 4 tests
06:27:16.340 [pool-2-thread-1] DEBUG fr.inria.lille.repair.nopol.NoPol - cannot spoon SourceLocation okio.Buffer:849
06:27:16.340 [pool-2-thread-1] DEBUG fr.inria.lille.repair.nopol.NoPol - statement #109
06:27:16.340 [pool-2-thread-1] DEBUG fr.inria.lille.repair.nopol.NoPol - Analysing SourceLocation okio.Buffer:848 which is executed by 4 tests
06:27:16.341 [pool-2-thread-1] DEBUG fr.inria.lille.repair.nopol.NoPol - cannot spoon SourceLocation okio.Buffer:848
06:27:16.341 [pool-2-thread-1] DEBUG fr.inria.lille.repair.nopol.NoPol - statement #110
06:27:16.341 [pool-2-thread-1] DEBUG fr.inria.lille.repair.nopol.NoPol - Analysing SourceLocation okio.Buffer:842 which is executed by 4 tests
06:27:16.341 [pool-2-thread-1] DEBUG fr.inria.lille.repair.nopol.NoPol - cannot spoon SourceLocation okio.Buffer:842
06:27:16.341 [pool-2-thread-1] DEBUG fr.inria.lille.repair.nopol.NoPol - statement #111
06:27:16.341 [pool-2-thread-1] DEBUG fr.inria.lille.repair.nopol.NoPol - Analysing SourceLocation okio.Buffer:839 which is executed by 4 tests
06:27:16.341 [pool-2-thread-1] DEBUG fr.inria.lille.repair.nopol.NoPol - cannot spoon SourceLocation okio.Buffer:839
06:27:16.341 [pool-2-thread-1] DEBUG fr.inria.lille.repair.nopol.NoPol - statement #112
06:27:16.341 [pool-2-thread-1] DEBUG fr.inria.lille.repair.nopol.NoPol - Analysing SourceLocation okio.Buffer:838 which is executed by 4 tests
06:27:16.341 [pool-2-thread-1] DEBUG fr.inria.lille.repair.nopol.NoPol - cannot spoon SourceLocation okio.Buffer:838
06:27:16.341 [pool-2-thread-1] DEBUG fr.inria.lille.repair.nopol.NoPol - statement #113
06:27:16.341 [pool-2-thread-1] DEBUG fr.inria.lille.repair.nopol.NoPol - Analysing SourceLocation okio.Buffer:837 which is executed by 4 tests
06:27:16.341 [pool-2-thread-1] DEBUG fr.inria.lille.repair.nopol.NoPol - cannot spoon SourceLocation okio.Buffer:837
06:27:16.341 [pool-2-thread-1] DEBUG fr.inria.lille.repair.nopol.NoPol - statement #114
06:27:16.341 [pool-2-thread-1] DEBUG fr.inria.lille.repair.nopol.NoPol - Analysing SourceLocation okio.Buffer:833 which is executed by 4 tests
06:27:16.341 [pool-2-thread-1] DEBUG fr.inria.lille.repair.nopol.NoPol - cannot spoon SourceLocation okio.Buffer:833
06:27:16.341 [pool-2-thread-1] DEBUG fr.inria.lille.repair.nopol.NoPol - statement #115
06:27:16.341 [pool-2-thread-1] DEBUG fr.inria.lille.repair.nopol.NoPol - Analysing SourceLocation okio.Buffer:63 which is executed by 4 tests
06:27:16.342 [pool-2-thread-1] DEBUG fr.inria.lille.repair.nopol.NoPol - cannot spoon SourceLocation okio.Buffer:63
06:27:16.342 [pool-2-thread-1] DEBUG fr.inria.lille.repair.nopol.NoPol - statement #116
06:27:16.342 [pool-2-thread-1] DEBUG fr.inria.lille.repair.nopol.NoPol - Analysing SourceLocation okhttp3.mockwebserver.MockResponse:168 which is executed by 4 tests
06:27:16.342 [pool-2-thread-1] DEBUG fr.inria.lille.repair.nopol.NoPol - cannot spoon SourceLocation okhttp3.mockwebserver.MockResponse:168
06:27:16.342 [pool-2-thread-1] DEBUG fr.inria.lille.repair.nopol.NoPol - statement #117
06:27:16.342 [pool-2-thread-1] DEBUG fr.inria.lille.repair.nopol.NoPol - Analysing SourceLocation okhttp3.mockwebserver.MockResponse:163 which is executed by 4 tests
06:27:16.342 [pool-2-thread-1] DEBUG fr.inria.lille.repair.nopol.NoPol - cannot spoon SourceLocation okhttp3.mockwebserver.MockResponse:163
06:27:16.342 [pool-2-thread-1] DEBUG fr.inria.lille.repair.nopol.NoPol - statement #118
06:27:16.342 [pool-2-thread-1] DEBUG fr.inria.lille.repair.nopol.NoPol - Analysing SourceLocation okhttp3.mockwebserver.MockResponse:162 which is executed by 4 tests
06:27:16.342 [pool-2-thread-1] DEBUG fr.inria.lille.repair.nopol.NoPol - cannot spoon SourceLocation okhttp3.mockwebserver.MockResponse:162
06:27:16.342 [pool-2-thread-1] DEBUG fr.inria.lille.repair.nopol.NoPol - statement #119
06:27:16.342 [pool-2-thread-1] DEBUG fr.inria.lille.repair.nopol.NoPol - Analysing SourceLocation okhttp3.mockwebserver.MockResponse:161 which is executed by 4 tests
06:27:16.342 [pool-2-thread-1] DEBUG fr.inria.lille.repair.nopol.NoPol - cannot spoon SourceLocation okhttp3.mockwebserver.MockResponse:161
06:27:16.342 [pool-2-thread-1] DEBUG fr.inria.lille.repair.nopol.NoPol - statement #120
06:27:16.342 [pool-2-thread-1] DEBUG fr.inria.lille.repair.nopol.NoPol - Analysing SourceLocation feign.querymap.FieldQueryMapEncoder:42 which is executed by 5 tests
284658383
06:27:16.477 [pool-2-thread-1] DEBUG fr.inria.lille.repair.nopol.NoPol - looking with class fr.inria.lille.repair.nopol.spoon.smt.ConditionalAdder
java.lang.AssertionError: Non-empty map generated from null getter: {this$0=feign.querymap.FieldQueryMapEncoderTest@4a4e20d3}
    at org.junit.Assert.fail(Assert.java:88)
    at org.junit.Assert.assertTrue(Assert.java:41)
    at feign.querymap.FieldQueryMapEncoderTest.testDefaultEncoder_normalClassWithOutValues(FieldQueryMapEncoderTest.java:53)
    at sun.reflect.NativeMethodAccessorImpl.invoke0(Native Method)
    at sun.reflect.NativeMethodAccessorImpl.invoke(NativeMethodAccessorImpl.java:62)
    at sun.reflect.DelegatingMethodAccessorImpl.invoke(DelegatingMethodAccessorImpl.java:43)
java.lang.AssertionError: Unexpected encoded query map expected:<{bar=barz, foo=fooz}> but was:<{bar=barz, foo=fooz, this$0=feign.querymap.FieldQueryMapEncoderTest@796004e7}>
    at org.junit.Assert.fail(Assert.java:88)
    at org.junit.Assert.failNotEquals(Assert.java:743)
    at org.junit.Assert.assertEquals(Assert.java:118)
    at feign.querymap.FieldQueryMapEncoderTest.testDefaultEncoder_normalClassWithValues(FieldQueryMapEncoderTest.java:44)
    at sun.reflect.NativeMethodAccessorImpl.invoke0(Native Method)
    at sun.reflect.NativeMethodAccessorImpl.invoke(NativeMethodAccessorImpl.java:62)
java.lang.AssertionError: Non-empty map generated from null getter: {this$0=feign.querymap.FieldQueryMapEncoderTest@16c5ccfa}
    at org.junit.Assert.fail(Assert.java:88)
    at org.junit.Assert.assertTrue(Assert.java:41)
    at feign.querymap.FieldQueryMapEncoderTest.testDefaultEncoder_normalClassWithOutValues(FieldQueryMapEncoderTest.java:53)
    at sun.reflect.NativeMethodAccessorImpl.invoke0(Native Method)
    at sun.reflect.NativeMethodAccessorImpl.invoke(NativeMethodAccessorImpl.java:62)
    at sun.reflect.DelegatingMethodAccessorImpl.invoke(DelegatingMethodAccessorImpl.java:43)
java.lang.AssertionError: Unexpected encoded query map expected:<{bar=barz, foo=fooz}> but was:<{bar=barz, foo=fooz, this$0=feign.querymap.FieldQueryMapEncoderTest@4c10e033}>
    at org.junit.Assert.fail(Assert.java:88)
    at org.junit.Assert.failNotEquals(Assert.java:743)
    at org.junit.Assert.assertEquals(Assert.java:118)
    at feign.querymap.FieldQueryMapEncoderTest.testDefaultEncoder_normalClassWithValues(FieldQueryMapEncoderTest.java:44)
    at sun.reflect.NativeMethodAccessorImpl.invoke0(Native Method)
    at sun.reflect.NativeMethodAccessorImpl.invoke(NativeMethodAccessorImpl.java:62)
06:27:16.490 [pool-6-thread-1] INFO  xxl.java.junit.TestCasesListener - Tests run finished (8 ms)
<> Total tests run: 12
<> Ignored tests: 0
<> Failed tests: 4
~ testDefaultEncoder_normalClassWithOutValues(feign.querymap.FieldQueryMapEncoderTest)
[Non-empty map generated from null getter: {this$0=feign.querymap.FieldQueryMapEncoderTest@4a4e20d3}]
java.lang.AssertionError: Non-empty map generated from null getter: {this$0=feign.querymap.FieldQueryMapEncoderTest@4a4e20d3}    at org.junit.Assert.fail(Assert.java:88)
    at org.junit.Assert.assertTrue(Assert.java:41)
    at feign.querymap.FieldQueryMapEncoderTest.testDefaultEncoder_normalClassWithOutValues(FieldQueryMapEncoderTest.java:53)
    at sun.reflect.NativeMethodAccessorImpl.invoke0(Native Method)
    at sun.reflect.NativeMethodAccessorImpl.invoke(NativeMethodAccessorImpl.java:62)
    at sun.reflect.DelegatingMethodAccessorImpl.invoke(DelegatingMethodAccessorImpl.java:43)
~ testDefaultEncoder_normalClassWithValues(feign.querymap.FieldQueryMapEncoderTest)
[Unexpected encoded query map expected:<{bar=barz, foo=fooz}> but was:<{bar=barz, foo=fooz, this$0=feign.querymap.FieldQueryMapEncoderTest@796004e7}>]
java.lang.AssertionError: Unexpected encoded query map expected:<{bar=barz, foo=fooz}> but was:<{bar=barz, foo=fooz, this$0=feign.querymap.FieldQueryMapEncoderTest@796004e7}>    at org.junit.Assert.fail(Assert.java:88)
    at org.junit.Assert.failNotEquals(Assert.java:743)
    at org.junit.Assert.assertEquals(Assert.java:118)
    at feign.querymap.FieldQueryMapEncoderTest.testDefaultEncoder_normalClassWithValues(FieldQueryMapEncoderTest.java:44)
    at sun.reflect.NativeMethodAccessorImpl.invoke0(Native Method)
    at sun.reflect.NativeMethodAccessorImpl.invoke(NativeMethodAccessorImpl.java:62)
~ testDefaultEncoder_normalClassWithOutValues(feign.querymap.FieldQueryMapEncoderTest)
[Non-empty map generated from null getter: {this$0=feign.querymap.FieldQueryMapEncoderTest@16c5ccfa}]
java.lang.AssertionError: Non-empty map generated from null getter: {this$0=feign.querymap.FieldQueryMapEncoderTest@16c5ccfa}    at org.junit.Assert.fail(Assert.java:88)
    at org.junit.Assert.assertTrue(Assert.java:41)
    at feign.querymap.FieldQueryMapEncoderTest.testDefaultEncoder_normalClassWithOutValues(FieldQueryMapEncoderTest.java:53)
    at sun.reflect.NativeMethodAccessorImpl.invoke0(Native Method)
    at sun.reflect.NativeMethodAccessorImpl.invoke(NativeMethodAccessorImpl.java:62)
    at sun.reflect.DelegatingMethodAccessorImpl.invoke(DelegatingMethodAccessorImpl.java:43)
~ testDefaultEncoder_normalClassWithValues(feign.querymap.FieldQueryMapEncoderTest)
[Unexpected encoded query map expected:<{bar=barz, foo=fooz}> but was:<{bar=barz, foo=fooz, this$0=feign.querymap.FieldQueryMapEncoderTest@4c10e033}>]
java.lang.AssertionError: Unexpected encoded query map expected:<{bar=barz, foo=fooz}> but was:<{bar=barz, foo=fooz, this$0=feign.querymap.FieldQueryMapEncoderTest@4c10e033}>    at org.junit.Assert.fail(Assert.java:88)
    at org.junit.Assert.failNotEquals(Assert.java:743)
    at org.junit.Assert.assertEquals(Assert.java:118)
    at feign.querymap.FieldQueryMapEncoderTest.testDefaultEncoder_normalClassWithValues(FieldQueryMapEncoderTest.java:44)
    at sun.reflect.NativeMethodAccessorImpl.invoke0(Native Method)
    at sun.reflect.NativeMethodAccessorImpl.invoke(NativeMethodAccessorImpl.java:62)

06:27:17.448 [pool-2-thread-1] DEBUG fr.inria.lille.repair.nopol.NoPol - statement #121
06:27:17.448 [pool-2-thread-1] DEBUG fr.inria.lille.repair.nopol.NoPol - Analysing SourceLocation feign.querymap.FieldQueryMapEncoder$ObjectParamMetadata:60 which is executed by 12 tests
284658383
06:27:17.573 [pool-2-thread-1] DEBUG fr.inria.lille.repair.nopol.NoPol - statement #122
06:27:17.573 [pool-2-thread-1] DEBUG fr.inria.lille.repair.nopol.NoPol - Analysing SourceLocation feign.querymap.FieldQueryMapEncoder$ObjectParamMetadata:76 which is executed by 6 tests
284658383
06:27:17.690 [pool-2-thread-1] DEBUG fr.inria.lille.repair.nopol.NoPol - statement #123
06:27:17.690 [pool-2-thread-1] DEBUG fr.inria.lille.repair.nopol.NoPol - Analysing SourceLocation feign.querymap.FieldQueryMapEncoder$ObjectParamMetadata:74 which is executed by 6 tests
284658383
06:27:17.805 [pool-2-thread-1] DEBUG fr.inria.lille.repair.nopol.NoPol - looking with class fr.inria.lille.repair.nopol.spoon.smt.ConditionalAdder
java.lang.AssertionError: Non-empty map generated from null getter: {this$0=feign.querymap.FieldQueryMapEncoderTest@4220d09a}
    at org.junit.Assert.fail(Assert.java:88)
    at org.junit.Assert.assertTrue(Assert.java:41)
    at feign.querymap.FieldQueryMapEncoderTest.testDefaultEncoder_normalClassWithOutValues(FieldQueryMapEncoderTest.java:53)
    at sun.reflect.NativeMethodAccessorImpl.invoke0(Native Method)
    at sun.reflect.NativeMethodAccessorImpl.invoke(NativeMethodAccessorImpl.java:62)
    at sun.reflect.DelegatingMethodAccessorImpl.invoke(DelegatingMethodAccessorImpl.java:43)
java.lang.AssertionError: Unexpected encoded query map expected:<{bar=barz, foo=fooz}> but was:<{bar=barz, foo=fooz, this$0=feign.querymap.FieldQueryMapEncoderTest@27fecd15}>
    at org.junit.Assert.fail(Assert.java:88)
    at org.junit.Assert.failNotEquals(Assert.java:743)
    at org.junit.Assert.assertEquals(Assert.java:118)
    at feign.querymap.FieldQueryMapEncoderTest.testDefaultEncoder_normalClassWithValues(FieldQueryMapEncoderTest.java:44)
    at sun.reflect.NativeMethodAccessorImpl.invoke0(Native Method)
    at sun.reflect.NativeMethodAccessorImpl.invoke(NativeMethodAccessorImpl.java:62)
java.lang.AssertionError: Non-empty map generated from null getter: {this$0=feign.querymap.FieldQueryMapEncoderTest@6a336fba}
    at org.junit.Assert.fail(Assert.java:88)
    at org.junit.Assert.assertTrue(Assert.java:41)
    at feign.querymap.FieldQueryMapEncoderTest.testDefaultEncoder_normalClassWithOutValues(FieldQueryMapEncoderTest.java:53)
    at sun.reflect.NativeMethodAccessorImpl.invoke0(Native Method)
    at sun.reflect.NativeMethodAccessorImpl.invoke(NativeMethodAccessorImpl.java:62)
    at sun.reflect.DelegatingMethodAccessorImpl.invoke(DelegatingMethodAccessorImpl.java:43)
java.lang.AssertionError: Unexpected encoded query map expected:<{bar=barz, foo=fooz}> but was:<{bar=barz, foo=fooz, this$0=feign.querymap.FieldQueryMapEncoderTest@5013700c}>
    at org.junit.Assert.fail(Assert.java:88)
    at org.junit.Assert.failNotEquals(Assert.java:743)
    at org.junit.Assert.assertEquals(Assert.java:118)
    at feign.querymap.FieldQueryMapEncoderTest.testDefaultEncoder_normalClassWithValues(FieldQueryMapEncoderTest.java:44)
    at sun.reflect.NativeMethodAccessorImpl.invoke0(Native Method)
    at sun.reflect.NativeMethodAccessorImpl.invoke(NativeMethodAccessorImpl.java:62)
06:27:17.815 [pool-12-thread-1] INFO  xxl.java.junit.TestCasesListener - Tests run finished (5 ms)
<> Total tests run: 12
<> Ignored tests: 0
<> Failed tests: 4
~ testDefaultEncoder_normalClassWithOutValues(feign.querymap.FieldQueryMapEncoderTest)
[Non-empty map generated from null getter: {this$0=feign.querymap.FieldQueryMapEncoderTest@4220d09a}]
java.lang.AssertionError: Non-empty map generated from null getter: {this$0=feign.querymap.FieldQueryMapEncoderTest@4220d09a}    at org.junit.Assert.fail(Assert.java:88)
    at org.junit.Assert.assertTrue(Assert.java:41)
    at feign.querymap.FieldQueryMapEncoderTest.testDefaultEncoder_normalClassWithOutValues(FieldQueryMapEncoderTest.java:53)
    at sun.reflect.NativeMethodAccessorImpl.invoke0(Native Method)
    at sun.reflect.NativeMethodAccessorImpl.invoke(NativeMethodAccessorImpl.java:62)
    at sun.reflect.DelegatingMethodAccessorImpl.invoke(DelegatingMethodAccessorImpl.java:43)
~ testDefaultEncoder_normalClassWithValues(feign.querymap.FieldQueryMapEncoderTest)
[Unexpected encoded query map expected:<{bar=barz, foo=fooz}> but was:<{bar=barz, foo=fooz, this$0=feign.querymap.FieldQueryMapEncoderTest@27fecd15}>]
java.lang.AssertionError: Unexpected encoded query map expected:<{bar=barz, foo=fooz}> but was:<{bar=barz, foo=fooz, this$0=feign.querymap.FieldQueryMapEncoderTest@27fecd15}>    at org.junit.Assert.fail(Assert.java:88)
    at org.junit.Assert.failNotEquals(Assert.java:743)
    at org.junit.Assert.assertEquals(Assert.java:118)
    at feign.querymap.FieldQueryMapEncoderTest.testDefaultEncoder_normalClassWithValues(FieldQueryMapEncoderTest.java:44)
    at sun.reflect.NativeMethodAccessorImpl.invoke0(Native Method)
    at sun.reflect.NativeMethodAccessorImpl.invoke(NativeMethodAccessorImpl.java:62)
~ testDefaultEncoder_normalClassWithOutValues(feign.querymap.FieldQueryMapEncoderTest)
[Non-empty map generated from null getter: {this$0=feign.querymap.FieldQueryMapEncoderTest@6a336fba}]
java.lang.AssertionError: Non-empty map generated from null getter: {this$0=feign.querymap.FieldQueryMapEncoderTest@6a336fba}    at org.junit.Assert.fail(Assert.java:88)
    at org.junit.Assert.assertTrue(Assert.java:41)
    at feign.querymap.FieldQueryMapEncoderTest.testDefaultEncoder_normalClassWithOutValues(FieldQueryMapEncoderTest.java:53)
    at sun.reflect.NativeMethodAccessorImpl.invoke0(Native Method)
    at sun.reflect.NativeMethodAccessorImpl.invoke(NativeMethodAccessorImpl.java:62)
    at sun.reflect.DelegatingMethodAccessorImpl.invoke(DelegatingMethodAccessorImpl.java:43)
~ testDefaultEncoder_normalClassWithValues(feign.querymap.FieldQueryMapEncoderTest)
[Unexpected encoded query map expected:<{bar=barz, foo=fooz}> but was:<{bar=barz, foo=fooz, this$0=feign.querymap.FieldQueryMapEncoderTest@5013700c}>]
java.lang.AssertionError: Unexpected encoded query map expected:<{bar=barz, foo=fooz}> but was:<{bar=barz, foo=fooz, this$0=feign.querymap.FieldQueryMapEncoderTest@5013700c}>    at org.junit.Assert.fail(Assert.java:88)
    at org.junit.Assert.failNotEquals(Assert.java:743)
    at org.junit.Assert.assertEquals(Assert.java:118)
    at feign.querymap.FieldQueryMapEncoderTest.testDefaultEncoder_normalClassWithValues(FieldQueryMapEncoderTest.java:44)
    at sun.reflect.NativeMethodAccessorImpl.invoke0(Native Method)
    at sun.reflect.NativeMethodAccessorImpl.invoke(NativeMethodAccessorImpl.java:62)

06:27:18.115 [pool-2-thread-1] DEBUG fr.inria.lille.repair.nopol.NoPol - statement #124
06:27:18.115 [pool-2-thread-1] DEBUG fr.inria.lille.repair.nopol.NoPol - Analysing SourceLocation feign.querymap.FieldQueryMapEncoder$ObjectParamMetadata:72 which is executed by 6 tests
284658383
06:27:18.243 [pool-2-thread-1] DEBUG fr.inria.lille.repair.nopol.NoPol - looking with class fr.inria.lille.repair.nopol.spoon.smt.ConditionalAdder
java.lang.AssertionError: Non-empty map generated from null getter: {this$0=feign.querymap.FieldQueryMapEncoderTest@3f656b6e}
    at org.junit.Assert.fail(Assert.java:88)
    at org.junit.Assert.assertTrue(Assert.java:41)
    at feign.querymap.FieldQueryMapEncoderTest.testDefaultEncoder_normalClassWithOutValues(FieldQueryMapEncoderTest.java:53)
    at sun.reflect.NativeMethodAccessorImpl.invoke0(Native Method)
    at sun.reflect.NativeMethodAccessorImpl.invoke(NativeMethodAccessorImpl.java:62)
    at sun.reflect.DelegatingMethodAccessorImpl.invoke(DelegatingMethodAccessorImpl.java:43)
java.lang.AssertionError: Unexpected encoded query map expected:<{bar=barz, foo=fooz}> but was:<{bar=barz, foo=fooz, this$0=feign.querymap.FieldQueryMapEncoderTest@7138149f}>
    at org.junit.Assert.fail(Assert.java:88)
    at org.junit.Assert.failNotEquals(Assert.java:743)
    at org.junit.Assert.assertEquals(Assert.java:118)
    at feign.querymap.FieldQueryMapEncoderTest.testDefaultEncoder_normalClassWithValues(FieldQueryMapEncoderTest.java:44)
    at sun.reflect.NativeMethodAccessorImpl.invoke0(Native Method)
    at sun.reflect.NativeMethodAccessorImpl.invoke(NativeMethodAccessorImpl.java:62)
java.lang.AssertionError: Non-empty map generated from null getter: {this$0=feign.querymap.FieldQueryMapEncoderTest@22f995cf}
    at org.junit.Assert.fail(Assert.java:88)
    at org.junit.Assert.assertTrue(Assert.java:41)
    at feign.querymap.FieldQueryMapEncoderTest.testDefaultEncoder_normalClassWithOutValues(FieldQueryMapEncoderTest.java:53)
    at sun.reflect.NativeMethodAccessorImpl.invoke0(Native Method)
    at sun.reflect.NativeMethodAccessorImpl.invoke(NativeMethodAccessorImpl.java:62)
    at sun.reflect.DelegatingMethodAccessorImpl.invoke(DelegatingMethodAccessorImpl.java:43)
java.lang.AssertionError: Unexpected encoded query map expected:<{bar=barz, foo=fooz}> but was:<{bar=barz, foo=fooz, this$0=feign.querymap.FieldQueryMapEncoderTest@797a4407}>
    at org.junit.Assert.fail(Assert.java:88)
    at org.junit.Assert.failNotEquals(Assert.java:743)
    at org.junit.Assert.assertEquals(Assert.java:118)
    at feign.querymap.FieldQueryMapEncoderTest.testDefaultEncoder_normalClassWithValues(FieldQueryMapEncoderTest.java:44)
    at sun.reflect.NativeMethodAccessorImpl.invoke0(Native Method)
    at sun.reflect.NativeMethodAccessorImpl.invoke(NativeMethodAccessorImpl.java:62)
06:27:18.288 [pool-18-thread-1] INFO  xxl.java.junit.TestCasesListener - Tests run finished (5 ms)
<> Total tests run: 12
<> Ignored tests: 0
<> Failed tests: 4
~ testDefaultEncoder_normalClassWithOutValues(feign.querymap.FieldQueryMapEncoderTest)
[Non-empty map generated from null getter: {this$0=feign.querymap.FieldQueryMapEncoderTest@3f656b6e}]
java.lang.AssertionError: Non-empty map generated from null getter: {this$0=feign.querymap.FieldQueryMapEncoderTest@3f656b6e}    at org.junit.Assert.fail(Assert.java:88)
    at org.junit.Assert.assertTrue(Assert.java:41)
    at feign.querymap.FieldQueryMapEncoderTest.testDefaultEncoder_normalClassWithOutValues(FieldQueryMapEncoderTest.java:53)
    at sun.reflect.NativeMethodAccessorImpl.invoke0(Native Method)
    at sun.reflect.NativeMethodAccessorImpl.invoke(NativeMethodAccessorImpl.java:62)
    at sun.reflect.DelegatingMethodAccessorImpl.invoke(DelegatingMethodAccessorImpl.java:43)
~ testDefaultEncoder_normalClassWithValues(feign.querymap.FieldQueryMapEncoderTest)
[Unexpected encoded query map expected:<{bar=barz, foo=fooz}> but was:<{bar=barz, foo=fooz, this$0=feign.querymap.FieldQueryMapEncoderTest@7138149f}>]
java.lang.AssertionError: Unexpected encoded query map expected:<{bar=barz, foo=fooz}> but was:<{bar=barz, foo=fooz, this$0=feign.querymap.FieldQueryMapEncoderTest@7138149f}>    at org.junit.Assert.fail(Assert.java:88)
    at org.junit.Assert.failNotEquals(Assert.java:743)
    at org.junit.Assert.assertEquals(Assert.java:118)
    at feign.querymap.FieldQueryMapEncoderTest.testDefaultEncoder_normalClassWithValues(FieldQueryMapEncoderTest.java:44)
    at sun.reflect.NativeMethodAccessorImpl.invoke0(Native Method)
    at sun.reflect.NativeMethodAccessorImpl.invoke(NativeMethodAccessorImpl.java:62)
~ testDefaultEncoder_normalClassWithOutValues(feign.querymap.FieldQueryMapEncoderTest)
[Non-empty map generated from null getter: {this$0=feign.querymap.FieldQueryMapEncoderTest@22f995cf}]
java.lang.AssertionError: Non-empty map generated from null getter: {this$0=feign.querymap.FieldQueryMapEncoderTest@22f995cf}    at org.junit.Assert.fail(Assert.java:88)
    at org.junit.Assert.assertTrue(Assert.java:41)
    at feign.querymap.FieldQueryMapEncoderTest.testDefaultEncoder_normalClassWithOutValues(FieldQueryMapEncoderTest.java:53)
    at sun.reflect.NativeMethodAccessorImpl.invoke0(Native Method)
    at sun.reflect.NativeMethodAccessorImpl.invoke(NativeMethodAccessorImpl.java:62)
    at sun.reflect.DelegatingMethodAccessorImpl.invoke(DelegatingMethodAccessorImpl.java:43)
~ testDefaultEncoder_normalClassWithValues(feign.querymap.FieldQueryMapEncoderTest)
[Unexpected encoded query map expected:<{bar=barz, foo=fooz}> but was:<{bar=barz, foo=fooz, this$0=feign.querymap.FieldQueryMapEncoderTest@797a4407}>]
java.lang.AssertionError: Unexpected encoded query map expected:<{bar=barz, foo=fooz}> but was:<{bar=barz, foo=fooz, this$0=feign.querymap.FieldQueryMapEncoderTest@797a4407}>    at org.junit.Assert.fail(Assert.java:88)
    at org.junit.Assert.failNotEquals(Assert.java:743)
    at org.junit.Assert.assertEquals(Assert.java:118)
    at feign.querymap.FieldQueryMapEncoderTest.testDefaultEncoder_normalClassWithValues(FieldQueryMapEncoderTest.java:44)
    at sun.reflect.NativeMethodAccessorImpl.invoke0(Native Method)
    at sun.reflect.NativeMethodAccessorImpl.invoke(NativeMethodAccessorImpl.java:62)

06:27:18.548 [pool-2-thread-1] DEBUG fr.inria.lille.repair.nopol.NoPol - statement #125
06:27:18.548 [pool-2-thread-1] DEBUG fr.inria.lille.repair.nopol.NoPol - Analysing SourceLocation feign.querymap.FieldQueryMapEncoder$ObjectParamMetadata:71 which is executed by 6 tests
284658383
06:27:18.663 [pool-2-thread-1] DEBUG fr.inria.lille.repair.nopol.NoPol - looking with class fr.inria.lille.repair.nopol.spoon.smt.ConditionalAdder
java.lang.AssertionError: Non-empty map generated from null getter: {this$0=feign.querymap.FieldQueryMapEncoderTest@137753df}
    at org.junit.Assert.fail(Assert.java:88)
    at org.junit.Assert.assertTrue(Assert.java:41)
    at feign.querymap.FieldQueryMapEncoderTest.testDefaultEncoder_normalClassWithOutValues(FieldQueryMapEncoderTest.java:53)
    at sun.reflect.NativeMethodAccessorImpl.invoke0(Native Method)
    at sun.reflect.NativeMethodAccessorImpl.invoke(NativeMethodAccessorImpl.java:62)
    at sun.reflect.DelegatingMethodAccessorImpl.invoke(DelegatingMethodAccessorImpl.java:43)
java.lang.AssertionError: Unexpected encoded query map expected:<{bar=barz, foo=fooz}> but was:<{bar=barz, foo=fooz, this$0=feign.querymap.FieldQueryMapEncoderTest@37722e37}>
    at org.junit.Assert.fail(Assert.java:88)
    at org.junit.Assert.failNotEquals(Assert.java:743)
    at org.junit.Assert.assertEquals(Assert.java:118)
    at feign.querymap.FieldQueryMapEncoderTest.testDefaultEncoder_normalClassWithValues(FieldQueryMapEncoderTest.java:44)
    at sun.reflect.NativeMethodAccessorImpl.invoke0(Native Method)
    at sun.reflect.NativeMethodAccessorImpl.invoke(NativeMethodAccessorImpl.java:62)
java.lang.AssertionError: Non-empty map generated from null getter: {this$0=feign.querymap.FieldQueryMapEncoderTest@58016fb9}
    at org.junit.Assert.fail(Assert.java:88)
    at org.junit.Assert.assertTrue(Assert.java:41)
    at feign.querymap.FieldQueryMapEncoderTest.testDefaultEncoder_normalClassWithOutValues(FieldQueryMapEncoderTest.java:53)
    at sun.reflect.NativeMethodAccessorImpl.invoke0(Native Method)
    at sun.reflect.NativeMethodAccessorImpl.invoke(NativeMethodAccessorImpl.java:62)
    at sun.reflect.DelegatingMethodAccessorImpl.invoke(DelegatingMethodAccessorImpl.java:43)
java.lang.AssertionError: Unexpected encoded query map expected:<{bar=barz, foo=fooz}> but was:<{bar=barz, foo=fooz, this$0=feign.querymap.FieldQueryMapEncoderTest@4dd53669}>
    at org.junit.Assert.fail(Assert.java:88)
    at org.junit.Assert.failNotEquals(Assert.java:743)
    at org.junit.Assert.assertEquals(Assert.java:118)
    at feign.querymap.FieldQueryMapEncoderTest.testDefaultEncoder_normalClassWithValues(FieldQueryMapEncoderTest.java:44)
    at sun.reflect.NativeMethodAccessorImpl.invoke0(Native Method)
    at sun.reflect.NativeMethodAccessorImpl.invoke(NativeMethodAccessorImpl.java:62)
06:27:18.671 [pool-24-thread-1] INFO  xxl.java.junit.TestCasesListener - Tests run finished (5 ms)
<> Total tests run: 12
<> Ignored tests: 0
<> Failed tests: 4
~ testDefaultEncoder_normalClassWithOutValues(feign.querymap.FieldQueryMapEncoderTest)
[Non-empty map generated from null getter: {this$0=feign.querymap.FieldQueryMapEncoderTest@137753df}]
java.lang.AssertionError: Non-empty map generated from null getter: {this$0=feign.querymap.FieldQueryMapEncoderTest@137753df}    at org.junit.Assert.fail(Assert.java:88)
    at org.junit.Assert.assertTrue(Assert.java:41)
    at feign.querymap.FieldQueryMapEncoderTest.testDefaultEncoder_normalClassWithOutValues(FieldQueryMapEncoderTest.java:53)
    at sun.reflect.NativeMethodAccessorImpl.invoke0(Native Method)
    at sun.reflect.NativeMethodAccessorImpl.invoke(NativeMethodAccessorImpl.java:62)
    at sun.reflect.DelegatingMethodAccessorImpl.invoke(DelegatingMethodAccessorImpl.java:43)
~ testDefaultEncoder_normalClassWithValues(feign.querymap.FieldQueryMapEncoderTest)
[Unexpected encoded query map expected:<{bar=barz, foo=fooz}> but was:<{bar=barz, foo=fooz, this$0=feign.querymap.FieldQueryMapEncoderTest@37722e37}>]
java.lang.AssertionError: Unexpected encoded query map expected:<{bar=barz, foo=fooz}> but was:<{bar=barz, foo=fooz, this$0=feign.querymap.FieldQueryMapEncoderTest@37722e37}>    at org.junit.Assert.fail(Assert.java:88)
    at org.junit.Assert.failNotEquals(Assert.java:743)
    at org.junit.Assert.assertEquals(Assert.java:118)
    at feign.querymap.FieldQueryMapEncoderTest.testDefaultEncoder_normalClassWithValues(FieldQueryMapEncoderTest.java:44)
    at sun.reflect.NativeMethodAccessorImpl.invoke0(Native Method)
    at sun.reflect.NativeMethodAccessorImpl.invoke(NativeMethodAccessorImpl.java:62)
~ testDefaultEncoder_normalClassWithOutValues(feign.querymap.FieldQueryMapEncoderTest)
[Non-empty map generated from null getter: {this$0=feign.querymap.FieldQueryMapEncoderTest@58016fb9}]
java.lang.AssertionError: Non-empty map generated from null getter: {this$0=feign.querymap.FieldQueryMapEncoderTest@58016fb9}    at org.junit.Assert.fail(Assert.java:88)
    at org.junit.Assert.assertTrue(Assert.java:41)
    at feign.querymap.FieldQueryMapEncoderTest.testDefaultEncoder_normalClassWithOutValues(FieldQueryMapEncoderTest.java:53)
    at sun.reflect.NativeMethodAccessorImpl.invoke0(Native Method)
    at sun.reflect.NativeMethodAccessorImpl.invoke(NativeMethodAccessorImpl.java:62)
    at sun.reflect.DelegatingMethodAccessorImpl.invoke(DelegatingMethodAccessorImpl.java:43)
~ testDefaultEncoder_normalClassWithValues(feign.querymap.FieldQueryMapEncoderTest)
[Unexpected encoded query map expected:<{bar=barz, foo=fooz}> but was:<{bar=barz, foo=fooz, this$0=feign.querymap.FieldQueryMapEncoderTest@4dd53669}>]
java.lang.AssertionError: Unexpected encoded query map expected:<{bar=barz, foo=fooz}> but was:<{bar=barz, foo=fooz, this$0=feign.querymap.FieldQueryMapEncoderTest@4dd53669}>    at org.junit.Assert.fail(Assert.java:88)
    at org.junit.Assert.failNotEquals(Assert.java:743)
    at org.junit.Assert.assertEquals(Assert.java:118)
    at feign.querymap.FieldQueryMapEncoderTest.testDefaultEncoder_normalClassWithValues(FieldQueryMapEncoderTest.java:44)
    at sun.reflect.NativeMethodAccessorImpl.invoke0(Native Method)
    at sun.reflect.NativeMethodAccessorImpl.invoke(NativeMethodAccessorImpl.java:62)

06:27:18.918 [pool-2-thread-1] DEBUG fr.inria.lille.repair.nopol.NoPol - looking with class fr.inria.lille.repair.nopol.spoon.smt.ConditionalReplacer
java.lang.AssertionError: Non-empty map generated from null getter: {this$0=feign.querymap.FieldQueryMapEncoderTest@164c8db3}
    at org.junit.Assert.fail(Assert.java:88)
    at org.junit.Assert.assertTrue(Assert.java:41)
    at feign.querymap.FieldQueryMapEncoderTest.testDefaultEncoder_normalClassWithOutValues(FieldQueryMapEncoderTest.java:53)
    at sun.reflect.NativeMethodAccessorImpl.invoke0(Native Method)
    at sun.reflect.NativeMethodAccessorImpl.invoke(NativeMethodAccessorImpl.java:62)
    at sun.reflect.DelegatingMethodAccessorImpl.invoke(DelegatingMethodAccessorImpl.java:43)
java.lang.AssertionError: Unexpected encoded query map expected:<{bar=barz, foo=fooz}> but was:<{bar=barz, foo=fooz, this$0=feign.querymap.FieldQueryMapEncoderTest@24d0afdd}>
    at org.junit.Assert.fail(Assert.java:88)
    at org.junit.Assert.failNotEquals(Assert.java:743)
    at org.junit.Assert.assertEquals(Assert.java:118)
    at feign.querymap.FieldQueryMapEncoderTest.testDefaultEncoder_normalClassWithValues(FieldQueryMapEncoderTest.java:44)
    at sun.reflect.NativeMethodAccessorImpl.invoke0(Native Method)
    at sun.reflect.NativeMethodAccessorImpl.invoke(NativeMethodAccessorImpl.java:62)
java.lang.AssertionError: Non-empty map generated from null getter: {this$0=feign.querymap.FieldQueryMapEncoderTest@3873f5b7}
    at org.junit.Assert.fail(Assert.java:88)
    at org.junit.Assert.assertTrue(Assert.java:41)
    at feign.querymap.FieldQueryMapEncoderTest.testDefaultEncoder_normalClassWithOutValues(FieldQueryMapEncoderTest.java:53)
    at sun.reflect.NativeMethodAccessorImpl.invoke0(Native Method)
    at sun.reflect.NativeMethodAccessorImpl.invoke(NativeMethodAccessorImpl.java:62)
    at sun.reflect.DelegatingMethodAccessorImpl.invoke(DelegatingMethodAccessorImpl.java:43)
java.lang.AssertionError: Unexpected encoded query map expected:<{bar=barz, foo=fooz}> but was:<{bar=barz, foo=fooz, this$0=feign.querymap.FieldQueryMapEncoderTest@3de9da1a}>
    at org.junit.Assert.fail(Assert.java:88)
    at org.junit.Assert.failNotEquals(Assert.java:743)
    at org.junit.Assert.assertEquals(Assert.java:118)
    at feign.querymap.FieldQueryMapEncoderTest.testDefaultEncoder_normalClassWithValues(FieldQueryMapEncoderTest.java:44)
    at sun.reflect.NativeMethodAccessorImpl.invoke0(Native Method)
    at sun.reflect.NativeMethodAccessorImpl.invoke(NativeMethodAccessorImpl.java:62)
06:27:18.926 [pool-30-thread-1] INFO  xxl.java.junit.TestCasesListener - Tests run finished (5 ms)
<> Total tests run: 12
<> Ignored tests: 0
<> Failed tests: 4
~ testDefaultEncoder_normalClassWithOutValues(feign.querymap.FieldQueryMapEncoderTest)
[Non-empty map generated from null getter: {this$0=feign.querymap.FieldQueryMapEncoderTest@164c8db3}]
java.lang.AssertionError: Non-empty map generated from null getter: {this$0=feign.querymap.FieldQueryMapEncoderTest@164c8db3}    at org.junit.Assert.fail(Assert.java:88)
    at org.junit.Assert.assertTrue(Assert.java:41)
    at feign.querymap.FieldQueryMapEncoderTest.testDefaultEncoder_normalClassWithOutValues(FieldQueryMapEncoderTest.java:53)
    at sun.reflect.NativeMethodAccessorImpl.invoke0(Native Method)
    at sun.reflect.NativeMethodAccessorImpl.invoke(NativeMethodAccessorImpl.java:62)
    at sun.reflect.DelegatingMethodAccessorImpl.invoke(DelegatingMethodAccessorImpl.java:43)
~ testDefaultEncoder_normalClassWithValues(feign.querymap.FieldQueryMapEncoderTest)
[Unexpected encoded query map expected:<{bar=barz, foo=fooz}> but was:<{bar=barz, foo=fooz, this$0=feign.querymap.FieldQueryMapEncoderTest@24d0afdd}>]
java.lang.AssertionError: Unexpected encoded query map expected:<{bar=barz, foo=fooz}> but was:<{bar=barz, foo=fooz, this$0=feign.querymap.FieldQueryMapEncoderTest@24d0afdd}>    at org.junit.Assert.fail(Assert.java:88)
    at org.junit.Assert.failNotEquals(Assert.java:743)
    at org.junit.Assert.assertEquals(Assert.java:118)
    at feign.querymap.FieldQueryMapEncoderTest.testDefaultEncoder_normalClassWithValues(FieldQueryMapEncoderTest.java:44)
    at sun.reflect.NativeMethodAccessorImpl.invoke0(Native Method)
    at sun.reflect.NativeMethodAccessorImpl.invoke(NativeMethodAccessorImpl.java:62)
~ testDefaultEncoder_normalClassWithOutValues(feign.querymap.FieldQueryMapEncoderTest)
[Non-empty map generated from null getter: {this$0=feign.querymap.FieldQueryMapEncoderTest@3873f5b7}]
java.lang.AssertionError: Non-empty map generated from null getter: {this$0=feign.querymap.FieldQueryMapEncoderTest@3873f5b7}    at org.junit.Assert.fail(Assert.java:88)
    at org.junit.Assert.assertTrue(Assert.java:41)
    at feign.querymap.FieldQueryMapEncoderTest.testDefaultEncoder_normalClassWithOutValues(FieldQueryMapEncoderTest.java:53)
    at sun.reflect.NativeMethodAccessorImpl.invoke0(Native Method)
    at sun.reflect.NativeMethodAccessorImpl.invoke(NativeMethodAccessorImpl.java:62)
    at sun.reflect.DelegatingMethodAccessorImpl.invoke(DelegatingMethodAccessorImpl.java:43)
~ testDefaultEncoder_normalClassWithValues(feign.querymap.FieldQueryMapEncoderTest)
[Unexpected encoded query map expected:<{bar=barz, foo=fooz}> but was:<{bar=barz, foo=fooz, this$0=feign.querymap.FieldQueryMapEncoderTest@3de9da1a}>]
java.lang.AssertionError: Unexpected encoded query map expected:<{bar=barz, foo=fooz}> but was:<{bar=barz, foo=fooz, this$0=feign.querymap.FieldQueryMapEncoderTest@3de9da1a}>    at org.junit.Assert.fail(Assert.java:88)
    at org.junit.Assert.failNotEquals(Assert.java:743)
    at org.junit.Assert.assertEquals(Assert.java:118)
    at feign.querymap.FieldQueryMapEncoderTest.testDefaultEncoder_normalClassWithValues(FieldQueryMapEncoderTest.java:44)
    at sun.reflect.NativeMethodAccessorImpl.invoke0(Native Method)
    at sun.reflect.NativeMethodAccessorImpl.invoke(NativeMethodAccessorImpl.java:62)

06:27:19.182 [pool-2-thread-1] DEBUG fr.inria.lille.repair.nopol.NoPol - statement #126
06:27:19.182 [pool-2-thread-1] DEBUG fr.inria.lille.repair.nopol.NoPol - Analysing SourceLocation feign.querymap.FieldQueryMapEncoder$ObjectParamMetadata:70 which is executed by 6 tests
284658383
06:27:19.328 [pool-2-thread-1] DEBUG fr.inria.lille.repair.nopol.NoPol - looking with class fr.inria.lille.repair.nopol.spoon.smt.ConditionalAdder
java.lang.AssertionError: Non-empty map generated from null getter: {this$0=feign.querymap.FieldQueryMapEncoderTest@68014354}
    at org.junit.Assert.fail(Assert.java:88)
    at org.junit.Assert.assertTrue(Assert.java:41)
    at feign.querymap.FieldQueryMapEncoderTest.testDefaultEncoder_normalClassWithOutValues(FieldQueryMapEncoderTest.java:53)
    at sun.reflect.NativeMethodAccessorImpl.invoke0(Native Method)
    at sun.reflect.NativeMethodAccessorImpl.invoke(NativeMethodAccessorImpl.java:62)
    at sun.reflect.DelegatingMethodAccessorImpl.invoke(DelegatingMethodAccessorImpl.java:43)
java.lang.AssertionError: Unexpected encoded query map expected:<{bar=barz, foo=fooz}> but was:<{bar=barz, foo=fooz, this$0=feign.querymap.FieldQueryMapEncoderTest@624abe8d}>
    at org.junit.Assert.fail(Assert.java:88)
    at org.junit.Assert.failNotEquals(Assert.java:743)
    at org.junit.Assert.assertEquals(Assert.java:118)
    at feign.querymap.FieldQueryMapEncoderTest.testDefaultEncoder_normalClassWithValues(FieldQueryMapEncoderTest.java:44)
    at sun.reflect.NativeMethodAccessorImpl.invoke0(Native Method)
    at sun.reflect.NativeMethodAccessorImpl.invoke(NativeMethodAccessorImpl.java:62)
java.lang.AssertionError: Non-empty map generated from null getter: {this$0=feign.querymap.FieldQueryMapEncoderTest@6e224fd6}
    at org.junit.Assert.fail(Assert.java:88)
    at org.junit.Assert.assertTrue(Assert.java:41)
    at feign.querymap.FieldQueryMapEncoderTest.testDefaultEncoder_normalClassWithOutValues(FieldQueryMapEncoderTest.java:53)
    at sun.reflect.NativeMethodAccessorImpl.invoke0(Native Method)
    at sun.reflect.NativeMethodAccessorImpl.invoke(NativeMethodAccessorImpl.java:62)
    at sun.reflect.DelegatingMethodAccessorImpl.invoke(DelegatingMethodAccessorImpl.java:43)
java.lang.AssertionError: Unexpected encoded query map expected:<{bar=barz, foo=fooz}> but was:<{bar=barz, foo=fooz, this$0=feign.querymap.FieldQueryMapEncoderTest@21cb7cdb}>
    at org.junit.Assert.fail(Assert.java:88)
    at org.junit.Assert.failNotEquals(Assert.java:743)
    at org.junit.Assert.assertEquals(Assert.java:118)
    at feign.querymap.FieldQueryMapEncoderTest.testDefaultEncoder_normalClassWithValues(FieldQueryMapEncoderTest.java:44)
    at sun.reflect.NativeMethodAccessorImpl.invoke0(Native Method)
    at sun.reflect.NativeMethodAccessorImpl.invoke(NativeMethodAccessorImpl.java:62)
06:27:19.336 [pool-36-thread-1] INFO  xxl.java.junit.TestCasesListener - Tests run finished (5 ms)
<> Total tests run: 12
<> Ignored tests: 0
<> Failed tests: 4
~ testDefaultEncoder_normalClassWithOutValues(feign.querymap.FieldQueryMapEncoderTest)
[Non-empty map generated from null getter: {this$0=feign.querymap.FieldQueryMapEncoderTest@68014354}]
java.lang.AssertionError: Non-empty map generated from null getter: {this$0=feign.querymap.FieldQueryMapEncoderTest@68014354}    at org.junit.Assert.fail(Assert.java:88)
    at org.junit.Assert.assertTrue(Assert.java:41)
    at feign.querymap.FieldQueryMapEncoderTest.testDefaultEncoder_normalClassWithOutValues(FieldQueryMapEncoderTest.java:53)
    at sun.reflect.NativeMethodAccessorImpl.invoke0(Native Method)
    at sun.reflect.NativeMethodAccessorImpl.invoke(NativeMethodAccessorImpl.java:62)
    at sun.reflect.DelegatingMethodAccessorImpl.invoke(DelegatingMethodAccessorImpl.java:43)
~ testDefaultEncoder_normalClassWithValues(feign.querymap.FieldQueryMapEncoderTest)
[Unexpected encoded query map expected:<{bar=barz, foo=fooz}> but was:<{bar=barz, foo=fooz, this$0=feign.querymap.FieldQueryMapEncoderTest@624abe8d}>]
java.lang.AssertionError: Unexpected encoded query map expected:<{bar=barz, foo=fooz}> but was:<{bar=barz, foo=fooz, this$0=feign.querymap.FieldQueryMapEncoderTest@624abe8d}>    at org.junit.Assert.fail(Assert.java:88)
    at org.junit.Assert.failNotEquals(Assert.java:743)
    at org.junit.Assert.assertEquals(Assert.java:118)
    at feign.querymap.FieldQueryMapEncoderTest.testDefaultEncoder_normalClassWithValues(FieldQueryMapEncoderTest.java:44)
    at sun.reflect.NativeMethodAccessorImpl.invoke0(Native Method)
    at sun.reflect.NativeMethodAccessorImpl.invoke(NativeMethodAccessorImpl.java:62)
~ testDefaultEncoder_normalClassWithOutValues(feign.querymap.FieldQueryMapEncoderTest)
[Non-empty map generated from null getter: {this$0=feign.querymap.FieldQueryMapEncoderTest@6e224fd6}]
java.lang.AssertionError: Non-empty map generated from null getter: {this$0=feign.querymap.FieldQueryMapEncoderTest@6e224fd6}    at org.junit.Assert.fail(Assert.java:88)
    at org.junit.Assert.assertTrue(Assert.java:41)
    at feign.querymap.FieldQueryMapEncoderTest.testDefaultEncoder_normalClassWithOutValues(FieldQueryMapEncoderTest.java:53)
    at sun.reflect.NativeMethodAccessorImpl.invoke0(Native Method)
    at sun.reflect.NativeMethodAccessorImpl.invoke(NativeMethodAccessorImpl.java:62)
    at sun.reflect.DelegatingMethodAccessorImpl.invoke(DelegatingMethodAccessorImpl.java:43)
~ testDefaultEncoder_normalClassWithValues(feign.querymap.FieldQueryMapEncoderTest)
[Unexpected encoded query map expected:<{bar=barz, foo=fooz}> but was:<{bar=barz, foo=fooz, this$0=feign.querymap.FieldQueryMapEncoderTest@21cb7cdb}>]
java.lang.AssertionError: Unexpected encoded query map expected:<{bar=barz, foo=fooz}> but was:<{bar=barz, foo=fooz, this$0=feign.querymap.FieldQueryMapEncoderTest@21cb7cdb}>    at org.junit.Assert.fail(Assert.java:88)
    at org.junit.Assert.failNotEquals(Assert.java:743)
    at org.junit.Assert.assertEquals(Assert.java:118)
    at feign.querymap.FieldQueryMapEncoderTest.testDefaultEncoder_normalClassWithValues(FieldQueryMapEncoderTest.java:44)
    at sun.reflect.NativeMethodAccessorImpl.invoke0(Native Method)
    at sun.reflect.NativeMethodAccessorImpl.invoke(NativeMethodAccessorImpl.java:62)

06:27:19.583 [pool-2-thread-1] DEBUG fr.inria.lille.repair.nopol.NoPol - statement #127
06:27:19.583 [pool-2-thread-1] DEBUG fr.inria.lille.repair.nopol.NoPol - Analysing SourceLocation feign.querymap.FieldQueryMapEncoder$ObjectParamMetadata:69 which is executed by 6 tests
284658383
06:27:19.691 [pool-2-thread-1] DEBUG fr.inria.lille.repair.nopol.NoPol - statement #128
06:27:19.692 [pool-2-thread-1] DEBUG fr.inria.lille.repair.nopol.NoPol - Analysing SourceLocation feign.querymap.FieldQueryMapEncoder:57 which is executed by 6 tests
284658383
06:27:19.800 [pool-2-thread-1] DEBUG fr.inria.lille.repair.nopol.NoPol - statement #129
06:27:19.800 [pool-2-thread-1] DEBUG fr.inria.lille.repair.nopol.NoPol - Analysing SourceLocation feign.querymap.FieldQueryMapEncoder:55 which is executed by 6 tests
284658383
06:27:19.909 [pool-2-thread-1] DEBUG fr.inria.lille.repair.nopol.NoPol - looking with class fr.inria.lille.repair.nopol.spoon.smt.ConditionalAdder
java.lang.AssertionError: Non-empty map generated from null getter: {this$0=feign.querymap.FieldQueryMapEncoderTest@7b58eb04}
    at org.junit.Assert.fail(Assert.java:88)
    at org.junit.Assert.assertTrue(Assert.java:41)
    at feign.querymap.FieldQueryMapEncoderTest.testDefaultEncoder_normalClassWithOutValues(FieldQueryMapEncoderTest.java:53)
    at sun.reflect.NativeMethodAccessorImpl.invoke0(Native Method)
    at sun.reflect.NativeMethodAccessorImpl.invoke(NativeMethodAccessorImpl.java:62)
    at sun.reflect.DelegatingMethodAccessorImpl.invoke(DelegatingMethodAccessorImpl.java:43)
java.lang.AssertionError: Unexpected encoded query map expected:<{bar=barz, foo=fooz}> but was:<{bar=barz, foo=fooz, this$0=feign.querymap.FieldQueryMapEncoderTest@120c0613}>
    at org.junit.Assert.fail(Assert.java:88)
    at org.junit.Assert.failNotEquals(Assert.java:743)
    at org.junit.Assert.assertEquals(Assert.java:118)
    at feign.querymap.FieldQueryMapEncoderTest.testDefaultEncoder_normalClassWithValues(FieldQueryMapEncoderTest.java:44)
    at sun.reflect.NativeMethodAccessorImpl.invoke0(Native Method)
    at sun.reflect.NativeMethodAccessorImpl.invoke(NativeMethodAccessorImpl.java:62)
java.lang.AssertionError: Non-empty map generated from null getter: {this$0=feign.querymap.FieldQueryMapEncoderTest@7ca587db}
    at org.junit.Assert.fail(Assert.java:88)
    at org.junit.Assert.assertTrue(Assert.java:41)
    at feign.querymap.FieldQueryMapEncoderTest.testDefaultEncoder_normalClassWithOutValues(FieldQueryMapEncoderTest.java:53)
    at sun.reflect.NativeMethodAccessorImpl.invoke0(Native Method)
    at sun.reflect.NativeMethodAccessorImpl.invoke(NativeMethodAccessorImpl.java:62)
    at sun.reflect.DelegatingMethodAccessorImpl.invoke(DelegatingMethodAccessorImpl.java:43)
java.lang.AssertionError: Unexpected encoded query map expected:<{bar=barz, foo=fooz}> but was:<{bar=barz, foo=fooz, this$0=feign.querymap.FieldQueryMapEncoderTest@1a51eb02}>
    at org.junit.Assert.fail(Assert.java:88)
    at org.junit.Assert.failNotEquals(Assert.java:743)
    at org.junit.Assert.assertEquals(Assert.java:118)
    at feign.querymap.FieldQueryMapEncoderTest.testDefaultEncoder_normalClassWithValues(FieldQueryMapEncoderTest.java:44)
    at sun.reflect.NativeMethodAccessorImpl.invoke0(Native Method)
    at sun.reflect.NativeMethodAccessorImpl.invoke(NativeMethodAccessorImpl.java:62)
06:27:19.917 [pool-42-thread-1] INFO  xxl.java.junit.TestCasesListener - Tests run finished (4 ms)
<> Total tests run: 12
<> Ignored tests: 0
<> Failed tests: 4
~ testDefaultEncoder_normalClassWithOutValues(feign.querymap.FieldQueryMapEncoderTest)
[Non-empty map generated from null getter: {this$0=feign.querymap.FieldQueryMapEncoderTest@7b58eb04}]
java.lang.AssertionError: Non-empty map generated from null getter: {this$0=feign.querymap.FieldQueryMapEncoderTest@7b58eb04}    at org.junit.Assert.fail(Assert.java:88)
    at org.junit.Assert.assertTrue(Assert.java:41)
    at feign.querymap.FieldQueryMapEncoderTest.testDefaultEncoder_normalClassWithOutValues(FieldQueryMapEncoderTest.java:53)
    at sun.reflect.NativeMethodAccessorImpl.invoke0(Native Method)
    at sun.reflect.NativeMethodAccessorImpl.invoke(NativeMethodAccessorImpl.java:62)
    at sun.reflect.DelegatingMethodAccessorImpl.invoke(DelegatingMethodAccessorImpl.java:43)
~ testDefaultEncoder_normalClassWithValues(feign.querymap.FieldQueryMapEncoderTest)
[Unexpected encoded query map expected:<{bar=barz, foo=fooz}> but was:<{bar=barz, foo=fooz, this$0=feign.querymap.FieldQueryMapEncoderTest@120c0613}>]
java.lang.AssertionError: Unexpected encoded query map expected:<{bar=barz, foo=fooz}> but was:<{bar=barz, foo=fooz, this$0=feign.querymap.FieldQueryMapEncoderTest@120c0613}>    at org.junit.Assert.fail(Assert.java:88)
    at org.junit.Assert.failNotEquals(Assert.java:743)
    at org.junit.Assert.assertEquals(Assert.java:118)
    at feign.querymap.FieldQueryMapEncoderTest.testDefaultEncoder_normalClassWithValues(FieldQueryMapEncoderTest.java:44)
    at sun.reflect.NativeMethodAccessorImpl.invoke0(Native Method)
    at sun.reflect.NativeMethodAccessorImpl.invoke(NativeMethodAccessorImpl.java:62)
~ testDefaultEncoder_normalClassWithOutValues(feign.querymap.FieldQueryMapEncoderTest)
[Non-empty map generated from null getter: {this$0=feign.querymap.FieldQueryMapEncoderTest@7ca587db}]
java.lang.AssertionError: Non-empty map generated from null getter: {this$0=feign.querymap.FieldQueryMapEncoderTest@7ca587db}    at org.junit.Assert.fail(Assert.java:88)
    at org.junit.Assert.assertTrue(Assert.java:41)
    at feign.querymap.FieldQueryMapEncoderTest.testDefaultEncoder_normalClassWithOutValues(FieldQueryMapEncoderTest.java:53)
    at sun.reflect.NativeMethodAccessorImpl.invoke0(Native Method)
    at sun.reflect.NativeMethodAccessorImpl.invoke(NativeMethodAccessorImpl.java:62)
    at sun.reflect.DelegatingMethodAccessorImpl.invoke(DelegatingMethodAccessorImpl.java:43)
~ testDefaultEncoder_normalClassWithValues(feign.querymap.FieldQueryMapEncoderTest)
[Unexpected encoded query map expected:<{bar=barz, foo=fooz}> but was:<{bar=barz, foo=fooz, this$0=feign.querymap.FieldQueryMapEncoderTest@1a51eb02}>]
java.lang.AssertionError: Unexpected encoded query map expected:<{bar=barz, foo=fooz}> but was:<{bar=barz, foo=fooz, this$0=feign.querymap.FieldQueryMapEncoderTest@1a51eb02}>    at org.junit.Assert.fail(Assert.java:88)
    at org.junit.Assert.failNotEquals(Assert.java:743)
    at org.junit.Assert.assertEquals(Assert.java:118)
    at feign.querymap.FieldQueryMapEncoderTest.testDefaultEncoder_normalClassWithValues(FieldQueryMapEncoderTest.java:44)
    at sun.reflect.NativeMethodAccessorImpl.invoke0(Native Method)
    at sun.reflect.NativeMethodAccessorImpl.invoke(NativeMethodAccessorImpl.java:62)

06:27:20.150 [pool-2-thread-1] DEBUG fr.inria.lille.repair.nopol.NoPol - statement #130
06:27:20.150 [pool-2-thread-1] DEBUG fr.inria.lille.repair.nopol.NoPol - Analysing SourceLocation feign.querymap.FieldQueryMapEncoder:54 which is executed by 6 tests
284658383
06:27:20.274 [pool-2-thread-1] DEBUG fr.inria.lille.repair.nopol.NoPol - looking with class fr.inria.lille.repair.nopol.spoon.smt.ConditionalAdder
java.lang.AssertionError: Non-empty map generated from null getter: {this$0=feign.querymap.FieldQueryMapEncoderTest@791c568}
    at org.junit.Assert.fail(Assert.java:88)
    at org.junit.Assert.assertTrue(Assert.java:41)
    at feign.querymap.FieldQueryMapEncoderTest.testDefaultEncoder_normalClassWithOutValues(FieldQueryMapEncoderTest.java:53)
    at sun.reflect.NativeMethodAccessorImpl.invoke0(Native Method)
    at sun.reflect.NativeMethodAccessorImpl.invoke(NativeMethodAccessorImpl.java:62)
    at sun.reflect.DelegatingMethodAccessorImpl.invoke(DelegatingMethodAccessorImpl.java:43)
java.lang.AssertionError: Unexpected encoded query map expected:<{bar=barz, foo=fooz}> but was:<{bar=barz, foo=fooz, this$0=feign.querymap.FieldQueryMapEncoderTest@ed88c88}>
    at org.junit.Assert.fail(Assert.java:88)
    at org.junit.Assert.failNotEquals(Assert.java:743)
    at org.junit.Assert.assertEquals(Assert.java:118)
    at feign.querymap.FieldQueryMapEncoderTest.testDefaultEncoder_normalClassWithValues(FieldQueryMapEncoderTest.java:44)
    at sun.reflect.NativeMethodAccessorImpl.invoke0(Native Method)
    at sun.reflect.NativeMethodAccessorImpl.invoke(NativeMethodAccessorImpl.java:62)
java.lang.AssertionError: Non-empty map generated from null getter: {this$0=feign.querymap.FieldQueryMapEncoderTest@3af682d3}
    at org.junit.Assert.fail(Assert.java:88)
    at org.junit.Assert.assertTrue(Assert.java:41)
    at feign.querymap.FieldQueryMapEncoderTest.testDefaultEncoder_normalClassWithOutValues(FieldQueryMapEncoderTest.java:53)
    at sun.reflect.NativeMethodAccessorImpl.invoke0(Native Method)
    at sun.reflect.NativeMethodAccessorImpl.invoke(NativeMethodAccessorImpl.java:62)
    at sun.reflect.DelegatingMethodAccessorImpl.invoke(DelegatingMethodAccessorImpl.java:43)
java.lang.AssertionError: Unexpected encoded query map expected:<{bar=barz, foo=fooz}> but was:<{bar=barz, foo=fooz, this$0=feign.querymap.FieldQueryMapEncoderTest@1e99bdf8}>
    at org.junit.Assert.fail(Assert.java:88)
    at org.junit.Assert.failNotEquals(Assert.java:743)
    at org.junit.Assert.assertEquals(Assert.java:118)
    at feign.querymap.FieldQueryMapEncoderTest.testDefaultEncoder_normalClassWithValues(FieldQueryMapEncoderTest.java:44)
    at sun.reflect.NativeMethodAccessorImpl.invoke0(Native Method)
    at sun.reflect.NativeMethodAccessorImpl.invoke(NativeMethodAccessorImpl.java:62)
06:27:20.281 [pool-48-thread-1] INFO  xxl.java.junit.TestCasesListener - Tests run finished (4 ms)
<> Total tests run: 12
<> Ignored tests: 0
<> Failed tests: 4
~ testDefaultEncoder_normalClassWithOutValues(feign.querymap.FieldQueryMapEncoderTest)
[Non-empty map generated from null getter: {this$0=feign.querymap.FieldQueryMapEncoderTest@791c568}]
java.lang.AssertionError: Non-empty map generated from null getter: {this$0=feign.querymap.FieldQueryMapEncoderTest@791c568}    at org.junit.Assert.fail(Assert.java:88)
    at org.junit.Assert.assertTrue(Assert.java:41)
    at feign.querymap.FieldQueryMapEncoderTest.testDefaultEncoder_normalClassWithOutValues(FieldQueryMapEncoderTest.java:53)
    at sun.reflect.NativeMethodAccessorImpl.invoke0(Native Method)
    at sun.reflect.NativeMethodAccessorImpl.invoke(NativeMethodAccessorImpl.java:62)
    at sun.reflect.DelegatingMethodAccessorImpl.invoke(DelegatingMethodAccessorImpl.java:43)
~ testDefaultEncoder_normalClassWithValues(feign.querymap.FieldQueryMapEncoderTest)
[Unexpected encoded query map expected:<{bar=barz, foo=fooz}> but was:<{bar=barz, foo=fooz, this$0=feign.querymap.FieldQueryMapEncoderTest@ed88c88}>]
java.lang.AssertionError: Unexpected encoded query map expected:<{bar=barz, foo=fooz}> but was:<{bar=barz, foo=fooz, this$0=feign.querymap.FieldQueryMapEncoderTest@ed88c88}>    at org.junit.Assert.fail(Assert.java:88)
    at org.junit.Assert.failNotEquals(Assert.java:743)
    at org.junit.Assert.assertEquals(Assert.java:118)
    at feign.querymap.FieldQueryMapEncoderTest.testDefaultEncoder_normalClassWithValues(FieldQueryMapEncoderTest.java:44)
    at sun.reflect.NativeMethodAccessorImpl.invoke0(Native Method)
    at sun.reflect.NativeMethodAccessorImpl.invoke(NativeMethodAccessorImpl.java:62)
~ testDefaultEncoder_normalClassWithOutValues(feign.querymap.FieldQueryMapEncoderTest)
[Non-empty map generated from null getter: {this$0=feign.querymap.FieldQueryMapEncoderTest@3af682d3}]
java.lang.AssertionError: Non-empty map generated from null getter: {this$0=feign.querymap.FieldQueryMapEncoderTest@3af682d3}    at org.junit.Assert.fail(Assert.java:88)
    at org.junit.Assert.assertTrue(Assert.java:41)
    at feign.querymap.FieldQueryMapEncoderTest.testDefaultEncoder_normalClassWithOutValues(FieldQueryMapEncoderTest.java:53)
    at sun.reflect.NativeMethodAccessorImpl.invoke0(Native Method)
    at sun.reflect.NativeMethodAccessorImpl.invoke(NativeMethodAccessorImpl.java:62)
    at sun.reflect.DelegatingMethodAccessorImpl.invoke(DelegatingMethodAccessorImpl.java:43)
~ testDefaultEncoder_normalClassWithValues(feign.querymap.FieldQueryMapEncoderTest)
[Unexpected encoded query map expected:<{bar=barz, foo=fooz}> but was:<{bar=barz, foo=fooz, this$0=feign.querymap.FieldQueryMapEncoderTest@1e99bdf8}>]
java.lang.AssertionError: Unexpected encoded query map expected:<{bar=barz, foo=fooz}> but was:<{bar=barz, foo=fooz, this$0=feign.querymap.FieldQueryMapEncoderTest@1e99bdf8}>    at org.junit.Assert.fail(Assert.java:88)
    at org.junit.Assert.failNotEquals(Assert.java:743)
    at org.junit.Assert.assertEquals(Assert.java:118)
    at feign.querymap.FieldQueryMapEncoderTest.testDefaultEncoder_normalClassWithValues(FieldQueryMapEncoderTest.java:44)
    at sun.reflect.NativeMethodAccessorImpl.invoke0(Native Method)
    at sun.reflect.NativeMethodAccessorImpl.invoke(NativeMethodAccessorImpl.java:62)

06:27:20.574 [pool-2-thread-1] DEBUG fr.inria.lille.repair.nopol.NoPol - statement #131
06:27:20.574 [pool-2-thread-1] DEBUG fr.inria.lille.repair.nopol.NoPol - Analysing SourceLocation feign.querymap.FieldQueryMapEncoder:53 which is executed by 6 tests
284658383
06:27:20.721 [pool-2-thread-1] DEBUG fr.inria.lille.repair.nopol.NoPol - looking with class fr.inria.lille.repair.nopol.spoon.smt.ConditionalAdder
java.lang.AssertionError: Non-empty map generated from null getter: {this$0=feign.querymap.FieldQueryMapEncoderTest@6d6b4fce}
    at org.junit.Assert.fail(Assert.java:88)
    at org.junit.Assert.assertTrue(Assert.java:41)
    at feign.querymap.FieldQueryMapEncoderTest.testDefaultEncoder_normalClassWithOutValues(FieldQueryMapEncoderTest.java:53)
    at sun.reflect.NativeMethodAccessorImpl.invoke0(Native Method)
    at sun.reflect.NativeMethodAccessorImpl.invoke(NativeMethodAccessorImpl.java:62)
    at sun.reflect.DelegatingMethodAccessorImpl.invoke(DelegatingMethodAccessorImpl.java:43)
java.lang.AssertionError: Unexpected encoded query map expected:<{bar=barz, foo=fooz}> but was:<{bar=barz, foo=fooz, this$0=feign.querymap.FieldQueryMapEncoderTest@75bb1b9f}>
    at org.junit.Assert.fail(Assert.java:88)
    at org.junit.Assert.failNotEquals(Assert.java:743)
    at org.junit.Assert.assertEquals(Assert.java:118)
    at feign.querymap.FieldQueryMapEncoderTest.testDefaultEncoder_normalClassWithValues(FieldQueryMapEncoderTest.java:44)
    at sun.reflect.NativeMethodAccessorImpl.invoke0(Native Method)
    at sun.reflect.NativeMethodAccessorImpl.invoke(NativeMethodAccessorImpl.java:62)
java.lang.AssertionError: Non-empty map generated from null getter: {this$0=feign.querymap.FieldQueryMapEncoderTest@25b9a2aa}
    at org.junit.Assert.fail(Assert.java:88)
    at org.junit.Assert.assertTrue(Assert.java:41)
    at feign.querymap.FieldQueryMapEncoderTest.testDefaultEncoder_normalClassWithOutValues(FieldQueryMapEncoderTest.java:53)
    at sun.reflect.NativeMethodAccessorImpl.invoke0(Native Method)
    at sun.reflect.NativeMethodAccessorImpl.invoke(NativeMethodAccessorImpl.java:62)
    at sun.reflect.DelegatingMethodAccessorImpl.invoke(DelegatingMethodAccessorImpl.java:43)
java.lang.AssertionError: Unexpected encoded query map expected:<{bar=barz, foo=fooz}> but was:<{bar=barz, foo=fooz, this$0=feign.querymap.FieldQueryMapEncoderTest@561a1e6c}>
    at org.junit.Assert.fail(Assert.java:88)
    at org.junit.Assert.failNotEquals(Assert.java:743)
    at org.junit.Assert.assertEquals(Assert.java:118)
    at feign.querymap.FieldQueryMapEncoderTest.testDefaultEncoder_normalClassWithValues(FieldQueryMapEncoderTest.java:44)
    at sun.reflect.NativeMethodAccessorImpl.invoke0(Native Method)
    at sun.reflect.NativeMethodAccessorImpl.invoke(NativeMethodAccessorImpl.java:62)
06:27:20.730 [pool-54-thread-1] INFO  xxl.java.junit.TestCasesListener - Tests run finished (5 ms)
<> Total tests run: 12
<> Ignored tests: 0
<> Failed tests: 4
~ testDefaultEncoder_normalClassWithOutValues(feign.querymap.FieldQueryMapEncoderTest)
[Non-empty map generated from null getter: {this$0=feign.querymap.FieldQueryMapEncoderTest@6d6b4fce}]
java.lang.AssertionError: Non-empty map generated from null getter: {this$0=feign.querymap.FieldQueryMapEncoderTest@6d6b4fce}    at org.junit.Assert.fail(Assert.java:88)
    at org.junit.Assert.assertTrue(Assert.java:41)
    at feign.querymap.FieldQueryMapEncoderTest.testDefaultEncoder_normalClassWithOutValues(FieldQueryMapEncoderTest.java:53)
    at sun.reflect.NativeMethodAccessorImpl.invoke0(Native Method)
    at sun.reflect.NativeMethodAccessorImpl.invoke(NativeMethodAccessorImpl.java:62)
    at sun.reflect.DelegatingMethodAccessorImpl.invoke(DelegatingMethodAccessorImpl.java:43)
~ testDefaultEncoder_normalClassWithValues(feign.querymap.FieldQueryMapEncoderTest)
[Unexpected encoded query map expected:<{bar=barz, foo=fooz}> but was:<{bar=barz, foo=fooz, this$0=feign.querymap.FieldQueryMapEncoderTest@75bb1b9f}>]
java.lang.AssertionError: Unexpected encoded query map expected:<{bar=barz, foo=fooz}> but was:<{bar=barz, foo=fooz, this$0=feign.querymap.FieldQueryMapEncoderTest@75bb1b9f}>    at org.junit.Assert.fail(Assert.java:88)
    at org.junit.Assert.failNotEquals(Assert.java:743)
    at org.junit.Assert.assertEquals(Assert.java:118)
    at feign.querymap.FieldQueryMapEncoderTest.testDefaultEncoder_normalClassWithValues(FieldQueryMapEncoderTest.java:44)
    at sun.reflect.NativeMethodAccessorImpl.invoke0(Native Method)
    at sun.reflect.NativeMethodAccessorImpl.invoke(NativeMethodAccessorImpl.java:62)
~ testDefaultEncoder_normalClassWithOutValues(feign.querymap.FieldQueryMapEncoderTest)
[Non-empty map generated from null getter: {this$0=feign.querymap.FieldQueryMapEncoderTest@25b9a2aa}]
java.lang.AssertionError: Non-empty map generated from null getter: {this$0=feign.querymap.FieldQueryMapEncoderTest@25b9a2aa}    at org.junit.Assert.fail(Assert.java:88)
    at org.junit.Assert.assertTrue(Assert.java:41)
    at feign.querymap.FieldQueryMapEncoderTest.testDefaultEncoder_normalClassWithOutValues(FieldQueryMapEncoderTest.java:53)
    at sun.reflect.NativeMethodAccessorImpl.invoke0(Native Method)
    at sun.reflect.NativeMethodAccessorImpl.invoke(NativeMethodAccessorImpl.java:62)
    at sun.reflect.DelegatingMethodAccessorImpl.invoke(DelegatingMethodAccessorImpl.java:43)
~ testDefaultEncoder_normalClassWithValues(feign.querymap.FieldQueryMapEncoderTest)
[Unexpected encoded query map expected:<{bar=barz, foo=fooz}> but was:<{bar=barz, foo=fooz, this$0=feign.querymap.FieldQueryMapEncoderTest@561a1e6c}>]
java.lang.AssertionError: Unexpected encoded query map expected:<{bar=barz, foo=fooz}> but was:<{bar=barz, foo=fooz, this$0=feign.querymap.FieldQueryMapEncoderTest@561a1e6c}>    at org.junit.Assert.fail(Assert.java:88)
    at org.junit.Assert.failNotEquals(Assert.java:743)
    at org.junit.Assert.assertEquals(Assert.java:118)
    at feign.querymap.FieldQueryMapEncoderTest.testDefaultEncoder_normalClassWithValues(FieldQueryMapEncoderTest.java:44)
    at sun.reflect.NativeMethodAccessorImpl.invoke0(Native Method)
    at sun.reflect.NativeMethodAccessorImpl.invoke(NativeMethodAccessorImpl.java:62)

06:27:21.042 [pool-2-thread-1] DEBUG fr.inria.lille.repair.nopol.NoPol - looking with class fr.inria.lille.repair.nopol.spoon.smt.ConditionalReplacer
java.lang.AssertionError: Non-empty map generated from null getter: {this$0=feign.querymap.FieldQueryMapEncoderTest@5872d040}
    at org.junit.Assert.fail(Assert.java:88)
    at org.junit.Assert.assertTrue(Assert.java:41)
    at feign.querymap.FieldQueryMapEncoderTest.testDefaultEncoder_normalClassWithOutValues(FieldQueryMapEncoderTest.java:53)
    at sun.reflect.NativeMethodAccessorImpl.invoke0(Native Method)
    at sun.reflect.NativeMethodAccessorImpl.invoke(NativeMethodAccessorImpl.java:62)
    at sun.reflect.DelegatingMethodAccessorImpl.invoke(DelegatingMethodAccessorImpl.java:43)
java.lang.AssertionError: Unexpected encoded query map expected:<{bar=barz, foo=fooz}> but was:<{bar=barz, foo=fooz, this$0=feign.querymap.FieldQueryMapEncoderTest@40509af1}>
    at org.junit.Assert.fail(Assert.java:88)
    at org.junit.Assert.failNotEquals(Assert.java:743)
    at org.junit.Assert.assertEquals(Assert.java:118)
    at feign.querymap.FieldQueryMapEncoderTest.testDefaultEncoder_normalClassWithValues(FieldQueryMapEncoderTest.java:44)
    at sun.reflect.NativeMethodAccessorImpl.invoke0(Native Method)
    at sun.reflect.NativeMethodAccessorImpl.invoke(NativeMethodAccessorImpl.java:62)
java.lang.AssertionError: Non-empty map generated from null getter: {this$0=feign.querymap.FieldQueryMapEncoderTest@77bf26e5}
    at org.junit.Assert.fail(Assert.java:88)
    at org.junit.Assert.assertTrue(Assert.java:41)
    at feign.querymap.FieldQueryMapEncoderTest.testDefaultEncoder_normalClassWithOutValues(FieldQueryMapEncoderTest.java:53)
    at sun.reflect.NativeMethodAccessorImpl.invoke0(Native Method)
    at sun.reflect.NativeMethodAccessorImpl.invoke(NativeMethodAccessorImpl.java:62)
    at sun.reflect.DelegatingMethodAccessorImpl.invoke(DelegatingMethodAccessorImpl.java:43)
java.lang.AssertionError: Unexpected encoded query map expected:<{bar=barz, foo=fooz}> but was:<{bar=barz, foo=fooz, this$0=feign.querymap.FieldQueryMapEncoderTest@6bc06687}>
    at org.junit.Assert.fail(Assert.java:88)
    at org.junit.Assert.failNotEquals(Assert.java:743)
    at org.junit.Assert.assertEquals(Assert.java:118)
    at feign.querymap.FieldQueryMapEncoderTest.testDefaultEncoder_normalClassWithValues(FieldQueryMapEncoderTest.java:44)
    at sun.reflect.NativeMethodAccessorImpl.invoke0(Native Method)
    at sun.reflect.NativeMethodAccessorImpl.invoke(NativeMethodAccessorImpl.java:62)
06:27:21.050 [pool-60-thread-1] INFO  xxl.java.junit.TestCasesListener - Tests run finished (5 ms)
<> Total tests run: 12
<> Ignored tests: 0
<> Failed tests: 4
~ testDefaultEncoder_normalClassWithOutValues(feign.querymap.FieldQueryMapEncoderTest)
[Non-empty map generated from null getter: {this$0=feign.querymap.FieldQueryMapEncoderTest@5872d040}]
java.lang.AssertionError: Non-empty map generated from null getter: {this$0=feign.querymap.FieldQueryMapEncoderTest@5872d040}    at org.junit.Assert.fail(Assert.java:88)
    at org.junit.Assert.assertTrue(Assert.java:41)
    at feign.querymap.FieldQueryMapEncoderTest.testDefaultEncoder_normalClassWithOutValues(FieldQueryMapEncoderTest.java:53)
    at sun.reflect.NativeMethodAccessorImpl.invoke0(Native Method)
    at sun.reflect.NativeMethodAccessorImpl.invoke(NativeMethodAccessorImpl.java:62)
    at sun.reflect.DelegatingMethodAccessorImpl.invoke(DelegatingMethodAccessorImpl.java:43)
~ testDefaultEncoder_normalClassWithValues(feign.querymap.FieldQueryMapEncoderTest)
[Unexpected encoded query map expected:<{bar=barz, foo=fooz}> but was:<{bar=barz, foo=fooz, this$0=feign.querymap.FieldQueryMapEncoderTest@40509af1}>]
java.lang.AssertionError: Unexpected encoded query map expected:<{bar=barz, foo=fooz}> but was:<{bar=barz, foo=fooz, this$0=feign.querymap.FieldQueryMapEncoderTest@40509af1}>    at org.junit.Assert.fail(Assert.java:88)
    at org.junit.Assert.failNotEquals(Assert.java:743)
    at org.junit.Assert.assertEquals(Assert.java:118)
    at feign.querymap.FieldQueryMapEncoderTest.testDefaultEncoder_normalClassWithValues(FieldQueryMapEncoderTest.java:44)
    at sun.reflect.NativeMethodAccessorImpl.invoke0(Native Method)
    at sun.reflect.NativeMethodAccessorImpl.invoke(NativeMethodAccessorImpl.java:62)
~ testDefaultEncoder_normalClassWithOutValues(feign.querymap.FieldQueryMapEncoderTest)
[Non-empty map generated from null getter: {this$0=feign.querymap.FieldQueryMapEncoderTest@77bf26e5}]
java.lang.AssertionError: Non-empty map generated from null getter: {this$0=feign.querymap.FieldQueryMapEncoderTest@77bf26e5}    at org.junit.Assert.fail(Assert.java:88)
    at org.junit.Assert.assertTrue(Assert.java:41)
    at feign.querymap.FieldQueryMapEncoderTest.testDefaultEncoder_normalClassWithOutValues(FieldQueryMapEncoderTest.java:53)
    at sun.reflect.NativeMethodAccessorImpl.invoke0(Native Method)
    at sun.reflect.NativeMethodAccessorImpl.invoke(NativeMethodAccessorImpl.java:62)
    at sun.reflect.DelegatingMethodAccessorImpl.invoke(DelegatingMethodAccessorImpl.java:43)
~ testDefaultEncoder_normalClassWithValues(feign.querymap.FieldQueryMapEncoderTest)
[Unexpected encoded query map expected:<{bar=barz, foo=fooz}> but was:<{bar=barz, foo=fooz, this$0=feign.querymap.FieldQueryMapEncoderTest@6bc06687}>]
java.lang.AssertionError: Unexpected encoded query map expected:<{bar=barz, foo=fooz}> but was:<{bar=barz, foo=fooz, this$0=feign.querymap.FieldQueryMapEncoderTest@6bc06687}>    at org.junit.Assert.fail(Assert.java:88)
    at org.junit.Assert.failNotEquals(Assert.java:743)
    at org.junit.Assert.assertEquals(Assert.java:118)
    at feign.querymap.FieldQueryMapEncoderTest.testDefaultEncoder_normalClassWithValues(FieldQueryMapEncoderTest.java:44)
    at sun.reflect.NativeMethodAccessorImpl.invoke0(Native Method)
    at sun.reflect.NativeMethodAccessorImpl.invoke(NativeMethodAccessorImpl.java:62)

06:27:21.274 [pool-2-thread-1] DEBUG fr.inria.lille.repair.nopol.NoPol - statement #132
06:27:21.274 [pool-2-thread-1] DEBUG fr.inria.lille.repair.nopol.NoPol - Analysing SourceLocation feign.querymap.FieldQueryMapEncoder:52 which is executed by 6 tests
284658383
06:27:21.382 [pool-2-thread-1] DEBUG fr.inria.lille.repair.nopol.NoPol - statement #133
06:27:21.382 [pool-2-thread-1] DEBUG fr.inria.lille.repair.nopol.NoPol - Analysing SourceLocation feign.querymap.FieldQueryMapEncoder:45 which is executed by 6 tests
284658383
06:27:21.488 [pool-2-thread-1] DEBUG fr.inria.lille.repair.nopol.NoPol - statement #134
06:27:21.488 [pool-2-thread-1] DEBUG fr.inria.lille.repair.nopol.NoPol - Analysing SourceLocation feign.querymap.FieldQueryMapEncoder:44 which is executed by 6 tests
284658383
06:27:21.593 [pool-2-thread-1] DEBUG fr.inria.lille.repair.nopol.NoPol - statement #135
06:27:21.593 [pool-2-thread-1] DEBUG fr.inria.lille.repair.nopol.NoPol - Analysing SourceLocation feign.querymap.FieldQueryMapEncoder:41 which is executed by 6 tests
284658383
06:27:21.700 [pool-2-thread-1] DEBUG fr.inria.lille.repair.nopol.NoPol - looking with class fr.inria.lille.repair.nopol.spoon.smt.ConditionalAdder
java.lang.AssertionError: Non-empty map generated from null getter: {this$0=feign.querymap.FieldQueryMapEncoderTest@6bbbbd2a}
    at org.junit.Assert.fail(Assert.java:88)
    at org.junit.Assert.assertTrue(Assert.java:41)
    at feign.querymap.FieldQueryMapEncoderTest.testDefaultEncoder_normalClassWithOutValues(FieldQueryMapEncoderTest.java:53)
    at sun.reflect.NativeMethodAccessorImpl.invoke0(Native Method)
    at sun.reflect.NativeMethodAccessorImpl.invoke(NativeMethodAccessorImpl.java:62)
    at sun.reflect.DelegatingMethodAccessorImpl.invoke(DelegatingMethodAccessorImpl.java:43)
java.lang.AssertionError: Unexpected encoded query map expected:<{bar=barz, foo=fooz}> but was:<{bar=barz, foo=fooz, this$0=feign.querymap.FieldQueryMapEncoderTest@252bc9}>
    at org.junit.Assert.fail(Assert.java:88)
    at org.junit.Assert.failNotEquals(Assert.java:743)
    at org.junit.Assert.assertEquals(Assert.java:118)
    at feign.querymap.FieldQueryMapEncoderTest.testDefaultEncoder_normalClassWithValues(FieldQueryMapEncoderTest.java:44)
    at sun.reflect.NativeMethodAccessorImpl.invoke0(Native Method)
    at sun.reflect.NativeMethodAccessorImpl.invoke(NativeMethodAccessorImpl.java:62)
java.lang.AssertionError: Non-empty map generated from null getter: {this$0=feign.querymap.FieldQueryMapEncoderTest@67f766f5}
    at org.junit.Assert.fail(Assert.java:88)
    at org.junit.Assert.assertTrue(Assert.java:41)
    at feign.querymap.FieldQueryMapEncoderTest.testDefaultEncoder_normalClassWithOutValues(FieldQueryMapEncoderTest.java:53)
    at sun.reflect.NativeMethodAccessorImpl.invoke0(Native Method)
    at sun.reflect.NativeMethodAccessorImpl.invoke(NativeMethodAccessorImpl.java:62)
    at sun.reflect.DelegatingMethodAccessorImpl.invoke(DelegatingMethodAccessorImpl.java:43)
java.lang.AssertionError: Unexpected encoded query map expected:<{bar=barz, foo=fooz}> but was:<{bar=barz, foo=fooz, this$0=feign.querymap.FieldQueryMapEncoderTest@2f6221b2}>
    at org.junit.Assert.fail(Assert.java:88)
    at org.junit.Assert.failNotEquals(Assert.java:743)
    at org.junit.Assert.assertEquals(Assert.java:118)
    at feign.querymap.FieldQueryMapEncoderTest.testDefaultEncoder_normalClassWithValues(FieldQueryMapEncoderTest.java:44)
    at sun.reflect.NativeMethodAccessorImpl.invoke0(Native Method)
    at sun.reflect.NativeMethodAccessorImpl.invoke(NativeMethodAccessorImpl.java:62)
06:27:21.707 [pool-66-thread-1] INFO  xxl.java.junit.TestCasesListener - Tests run finished (4 ms)
<> Total tests run: 12
<> Ignored tests: 0
<> Failed tests: 4
~ testDefaultEncoder_normalClassWithOutValues(feign.querymap.FieldQueryMapEncoderTest)
[Non-empty map generated from null getter: {this$0=feign.querymap.FieldQueryMapEncoderTest@6bbbbd2a}]
java.lang.AssertionError: Non-empty map generated from null getter: {this$0=feign.querymap.FieldQueryMapEncoderTest@6bbbbd2a}    at org.junit.Assert.fail(Assert.java:88)
    at org.junit.Assert.assertTrue(Assert.java:41)
    at feign.querymap.FieldQueryMapEncoderTest.testDefaultEncoder_normalClassWithOutValues(FieldQueryMapEncoderTest.java:53)
    at sun.reflect.NativeMethodAccessorImpl.invoke0(Native Method)
    at sun.reflect.NativeMethodAccessorImpl.invoke(NativeMethodAccessorImpl.java:62)
    at sun.reflect.DelegatingMethodAccessorImpl.invoke(DelegatingMethodAccessorImpl.java:43)
~ testDefaultEncoder_normalClassWithValues(feign.querymap.FieldQueryMapEncoderTest)
[Unexpected encoded query map expected:<{bar=barz, foo=fooz}> but was:<{bar=barz, foo=fooz, this$0=feign.querymap.FieldQueryMapEncoderTest@252bc9}>]
java.lang.AssertionError: Unexpected encoded query map expected:<{bar=barz, foo=fooz}> but was:<{bar=barz, foo=fooz, this$0=feign.querymap.FieldQueryMapEncoderTest@252bc9}>    at org.junit.Assert.fail(Assert.java:88)
    at org.junit.Assert.failNotEquals(Assert.java:743)
    at org.junit.Assert.assertEquals(Assert.java:118)
    at feign.querymap.FieldQueryMapEncoderTest.testDefaultEncoder_normalClassWithValues(FieldQueryMapEncoderTest.java:44)
    at sun.reflect.NativeMethodAccessorImpl.invoke0(Native Method)
    at sun.reflect.NativeMethodAccessorImpl.invoke(NativeMethodAccessorImpl.java:62)
~ testDefaultEncoder_normalClassWithOutValues(feign.querymap.FieldQueryMapEncoderTest)
[Non-empty map generated from null getter: {this$0=feign.querymap.FieldQueryMapEncoderTest@67f766f5}]
java.lang.AssertionError: Non-empty map generated from null getter: {this$0=feign.querymap.FieldQueryMapEncoderTest@67f766f5}    at org.junit.Assert.fail(Assert.java:88)
    at org.junit.Assert.assertTrue(Assert.java:41)
    at feign.querymap.FieldQueryMapEncoderTest.testDefaultEncoder_normalClassWithOutValues(FieldQueryMapEncoderTest.java:53)
    at sun.reflect.NativeMethodAccessorImpl.invoke0(Native Method)
    at sun.reflect.NativeMethodAccessorImpl.invoke(NativeMethodAccessorImpl.java:62)
    at sun.reflect.DelegatingMethodAccessorImpl.invoke(DelegatingMethodAccessorImpl.java:43)
~ testDefaultEncoder_normalClassWithValues(feign.querymap.FieldQueryMapEncoderTest)
[Unexpected encoded query map expected:<{bar=barz, foo=fooz}> but was:<{bar=barz, foo=fooz, this$0=feign.querymap.FieldQueryMapEncoderTest@2f6221b2}>]
java.lang.AssertionError: Unexpected encoded query map expected:<{bar=barz, foo=fooz}> but was:<{bar=barz, foo=fooz, this$0=feign.querymap.FieldQueryMapEncoderTest@2f6221b2}>    at org.junit.Assert.fail(Assert.java:88)
    at org.junit.Assert.failNotEquals(Assert.java:743)
    at org.junit.Assert.assertEquals(Assert.java:118)
    at feign.querymap.FieldQueryMapEncoderTest.testDefaultEncoder_normalClassWithValues(FieldQueryMapEncoderTest.java:44)
    at sun.reflect.NativeMethodAccessorImpl.invoke0(Native Method)
    at sun.reflect.NativeMethodAccessorImpl.invoke(NativeMethodAccessorImpl.java:62)

06:27:21.925 [pool-2-thread-1] DEBUG fr.inria.lille.repair.nopol.NoPol - looking with class fr.inria.lille.repair.nopol.spoon.smt.ConditionalReplacer
java.lang.AssertionError: Non-empty map generated from null getter: {this$0=feign.querymap.FieldQueryMapEncoderTest@21328f73}
    at org.junit.Assert.fail(Assert.java:88)
    at org.junit.Assert.assertTrue(Assert.java:41)
    at feign.querymap.FieldQueryMapEncoderTest.testDefaultEncoder_normalClassWithOutValues(FieldQueryMapEncoderTest.java:53)
    at sun.reflect.NativeMethodAccessorImpl.invoke0(Native Method)
    at sun.reflect.NativeMethodAccessorImpl.invoke(NativeMethodAccessorImpl.java:62)
    at sun.reflect.DelegatingMethodAccessorImpl.invoke(DelegatingMethodAccessorImpl.java:43)
java.lang.AssertionError: Unexpected encoded query map expected:<{bar=barz, foo=fooz}> but was:<{bar=barz, foo=fooz, this$0=feign.querymap.FieldQueryMapEncoderTest@2c0032b4}>
    at org.junit.Assert.fail(Assert.java:88)
    at org.junit.Assert.failNotEquals(Assert.java:743)
    at org.junit.Assert.assertEquals(Assert.java:118)
    at feign.querymap.FieldQueryMapEncoderTest.testDefaultEncoder_normalClassWithValues(FieldQueryMapEncoderTest.java:44)
    at sun.reflect.NativeMethodAccessorImpl.invoke0(Native Method)
    at sun.reflect.NativeMethodAccessorImpl.invoke(NativeMethodAccessorImpl.java:62)
java.lang.AssertionError: Non-empty map generated from null getter: {this$0=feign.querymap.FieldQueryMapEncoderTest@1b25d63}
    at org.junit.Assert.fail(Assert.java:88)
    at org.junit.Assert.assertTrue(Assert.java:41)
    at feign.querymap.FieldQueryMapEncoderTest.testDefaultEncoder_normalClassWithOutValues(FieldQueryMapEncoderTest.java:53)
    at sun.reflect.NativeMethodAccessorImpl.invoke0(Native Method)
    at sun.reflect.NativeMethodAccessorImpl.invoke(NativeMethodAccessorImpl.java:62)
    at sun.reflect.DelegatingMethodAccessorImpl.invoke(DelegatingMethodAccessorImpl.java:43)
java.lang.AssertionError: Unexpected encoded query map expected:<{bar=barz, foo=fooz}> but was:<{bar=barz, foo=fooz, this$0=feign.querymap.FieldQueryMapEncoderTest@191e457b}>
    at org.junit.Assert.fail(Assert.java:88)
    at org.junit.Assert.failNotEquals(Assert.java:743)
    at org.junit.Assert.assertEquals(Assert.java:118)
    at feign.querymap.FieldQueryMapEncoderTest.testDefaultEncoder_normalClassWithValues(FieldQueryMapEncoderTest.java:44)
    at sun.reflect.NativeMethodAccessorImpl.invoke0(Native Method)
    at sun.reflect.NativeMethodAccessorImpl.invoke(NativeMethodAccessorImpl.java:62)
06:27:21.932 [pool-72-thread-1] INFO  xxl.java.junit.TestCasesListener - Tests run finished (4 ms)
<> Total tests run: 12
<> Ignored tests: 0
<> Failed tests: 4
~ testDefaultEncoder_normalClassWithOutValues(feign.querymap.FieldQueryMapEncoderTest)
[Non-empty map generated from null getter: {this$0=feign.querymap.FieldQueryMapEncoderTest@21328f73}]
java.lang.AssertionError: Non-empty map generated from null getter: {this$0=feign.querymap.FieldQueryMapEncoderTest@21328f73}    at org.junit.Assert.fail(Assert.java:88)
    at org.junit.Assert.assertTrue(Assert.java:41)
    at feign.querymap.FieldQueryMapEncoderTest.testDefaultEncoder_normalClassWithOutValues(FieldQueryMapEncoderTest.java:53)
    at sun.reflect.NativeMethodAccessorImpl.invoke0(Native Method)
    at sun.reflect.NativeMethodAccessorImpl.invoke(NativeMethodAccessorImpl.java:62)
    at sun.reflect.DelegatingMethodAccessorImpl.invoke(DelegatingMethodAccessorImpl.java:43)
~ testDefaultEncoder_normalClassWithValues(feign.querymap.FieldQueryMapEncoderTest)
[Unexpected encoded query map expected:<{bar=barz, foo=fooz}> but was:<{bar=barz, foo=fooz, this$0=feign.querymap.FieldQueryMapEncoderTest@2c0032b4}>]
java.lang.AssertionError: Unexpected encoded query map expected:<{bar=barz, foo=fooz}> but was:<{bar=barz, foo=fooz, this$0=feign.querymap.FieldQueryMapEncoderTest@2c0032b4}>    at org.junit.Assert.fail(Assert.java:88)
    at org.junit.Assert.failNotEquals(Assert.java:743)
    at org.junit.Assert.assertEquals(Assert.java:118)
    at feign.querymap.FieldQueryMapEncoderTest.testDefaultEncoder_normalClassWithValues(FieldQueryMapEncoderTest.java:44)
    at sun.reflect.NativeMethodAccessorImpl.invoke0(Native Method)
    at sun.reflect.NativeMethodAccessorImpl.invoke(NativeMethodAccessorImpl.java:62)
~ testDefaultEncoder_normalClassWithOutValues(feign.querymap.FieldQueryMapEncoderTest)
[Non-empty map generated from null getter: {this$0=feign.querymap.FieldQueryMapEncoderTest@1b25d63}]
java.lang.AssertionError: Non-empty map generated from null getter: {this$0=feign.querymap.FieldQueryMapEncoderTest@1b25d63}    at org.junit.Assert.fail(Assert.java:88)
    at org.junit.Assert.assertTrue(Assert.java:41)
    at feign.querymap.FieldQueryMapEncoderTest.testDefaultEncoder_normalClassWithOutValues(FieldQueryMapEncoderTest.java:53)
    at sun.reflect.NativeMethodAccessorImpl.invoke0(Native Method)
    at sun.reflect.NativeMethodAccessorImpl.invoke(NativeMethodAccessorImpl.java:62)
    at sun.reflect.DelegatingMethodAccessorImpl.invoke(DelegatingMethodAccessorImpl.java:43)
~ testDefaultEncoder_normalClassWithValues(feign.querymap.FieldQueryMapEncoderTest)
[Unexpected encoded query map expected:<{bar=barz, foo=fooz}> but was:<{bar=barz, foo=fooz, this$0=feign.querymap.FieldQueryMapEncoderTest@191e457b}>]
java.lang.AssertionError: Unexpected encoded query map expected:<{bar=barz, foo=fooz}> but was:<{bar=barz, foo=fooz, this$0=feign.querymap.FieldQueryMapEncoderTest@191e457b}>    at org.junit.Assert.fail(Assert.java:88)
    at org.junit.Assert.failNotEquals(Assert.java:743)
    at org.junit.Assert.assertEquals(Assert.java:118)
    at feign.querymap.FieldQueryMapEncoderTest.testDefaultEncoder_normalClassWithValues(FieldQueryMapEncoderTest.java:44)
    at sun.reflect.NativeMethodAccessorImpl.invoke0(Native Method)
    at sun.reflect.NativeMethodAccessorImpl.invoke(NativeMethodAccessorImpl.java:62)

06:27:22.153 [pool-2-thread-1] DEBUG fr.inria.lille.repair.nopol.NoPol - statement #136
06:27:22.154 [pool-2-thread-1] DEBUG fr.inria.lille.repair.nopol.NoPol - Analysing SourceLocation feign.querymap.FieldQueryMapEncoder:40 which is executed by 6 tests
284658383
06:27:22.263 [pool-2-thread-1] DEBUG fr.inria.lille.repair.nopol.NoPol - statement #137
06:27:22.263 [pool-2-thread-1] DEBUG fr.inria.lille.repair.nopol.NoPol - Analysing SourceLocation feign.querymap.FieldQueryMapEncoder:39 which is executed by 6 tests
284658383
06:27:22.371 [pool-2-thread-1] DEBUG fr.inria.lille.repair.nopol.NoPol - looking with class fr.inria.lille.repair.nopol.spoon.smt.ConditionalAdder
java.lang.AssertionError: Non-empty map generated from null getter: {this$0=feign.querymap.FieldQueryMapEncoderTest@4e1c4eaf}
    at org.junit.Assert.fail(Assert.java:88)
    at org.junit.Assert.assertTrue(Assert.java:41)
    at feign.querymap.FieldQueryMapEncoderTest.testDefaultEncoder_normalClassWithOutValues(FieldQueryMapEncoderTest.java:53)
    at sun.reflect.NativeMethodAccessorImpl.invoke0(Native Method)
    at sun.reflect.NativeMethodAccessorImpl.invoke(NativeMethodAccessorImpl.java:62)
    at sun.reflect.DelegatingMethodAccessorImpl.invoke(DelegatingMethodAccessorImpl.java:43)
java.lang.AssertionError: Unexpected encoded query map expected:<{bar=barz, foo=fooz}> but was:<{bar=barz, foo=fooz, this$0=feign.querymap.FieldQueryMapEncoderTest@6f7ea884}>
    at org.junit.Assert.fail(Assert.java:88)
    at org.junit.Assert.failNotEquals(Assert.java:743)
    at org.junit.Assert.assertEquals(Assert.java:118)
    at feign.querymap.FieldQueryMapEncoderTest.testDefaultEncoder_normalClassWithValues(FieldQueryMapEncoderTest.java:44)
    at sun.reflect.NativeMethodAccessorImpl.invoke0(Native Method)
    at sun.reflect.NativeMethodAccessorImpl.invoke(NativeMethodAccessorImpl.java:62)
java.lang.AssertionError: Non-empty map generated from null getter: {this$0=feign.querymap.FieldQueryMapEncoderTest@478ac397}
    at org.junit.Assert.fail(Assert.java:88)
    at org.junit.Assert.assertTrue(Assert.java:41)
    at feign.querymap.FieldQueryMapEncoderTest.testDefaultEncoder_normalClassWithOutValues(FieldQueryMapEncoderTest.java:53)
    at sun.reflect.NativeMethodAccessorImpl.invoke0(Native Method)
    at sun.reflect.NativeMethodAccessorImpl.invoke(NativeMethodAccessorImpl.java:62)
    at sun.reflect.DelegatingMethodAccessorImpl.invoke(DelegatingMethodAccessorImpl.java:43)
java.lang.AssertionError: Unexpected encoded query map expected:<{bar=barz, foo=fooz}> but was:<{bar=barz, foo=fooz, this$0=feign.querymap.FieldQueryMapEncoderTest@78967717}>
    at org.junit.Assert.fail(Assert.java:88)
    at org.junit.Assert.failNotEquals(Assert.java:743)
    at org.junit.Assert.assertEquals(Assert.java:118)
    at feign.querymap.FieldQueryMapEncoderTest.testDefaultEncoder_normalClassWithValues(FieldQueryMapEncoderTest.java:44)
    at sun.reflect.NativeMethodAccessorImpl.invoke0(Native Method)
    at sun.reflect.NativeMethodAccessorImpl.invoke(NativeMethodAccessorImpl.java:62)
06:27:22.377 [pool-78-thread-1] INFO  xxl.java.junit.TestCasesListener - Tests run finished (4 ms)
<> Total tests run: 12
<> Ignored tests: 0
<> Failed tests: 4
~ testDefaultEncoder_normalClassWithOutValues(feign.querymap.FieldQueryMapEncoderTest)
[Non-empty map generated from null getter: {this$0=feign.querymap.FieldQueryMapEncoderTest@4e1c4eaf}]
java.lang.AssertionError: Non-empty map generated from null getter: {this$0=feign.querymap.FieldQueryMapEncoderTest@4e1c4eaf}    at org.junit.Assert.fail(Assert.java:88)
    at org.junit.Assert.assertTrue(Assert.java:41)
    at feign.querymap.FieldQueryMapEncoderTest.testDefaultEncoder_normalClassWithOutValues(FieldQueryMapEncoderTest.java:53)
    at sun.reflect.NativeMethodAccessorImpl.invoke0(Native Method)
    at sun.reflect.NativeMethodAccessorImpl.invoke(NativeMethodAccessorImpl.java:62)
    at sun.reflect.DelegatingMethodAccessorImpl.invoke(DelegatingMethodAccessorImpl.java:43)
~ testDefaultEncoder_normalClassWithValues(feign.querymap.FieldQueryMapEncoderTest)
[Unexpected encoded query map expected:<{bar=barz, foo=fooz}> but was:<{bar=barz, foo=fooz, this$0=feign.querymap.FieldQueryMapEncoderTest@6f7ea884}>]
java.lang.AssertionError: Unexpected encoded query map expected:<{bar=barz, foo=fooz}> but was:<{bar=barz, foo=fooz, this$0=feign.querymap.FieldQueryMapEncoderTest@6f7ea884}>    at org.junit.Assert.fail(Assert.java:88)
    at org.junit.Assert.failNotEquals(Assert.java:743)
    at org.junit.Assert.assertEquals(Assert.java:118)
    at feign.querymap.FieldQueryMapEncoderTest.testDefaultEncoder_normalClassWithValues(FieldQueryMapEncoderTest.java:44)
    at sun.reflect.NativeMethodAccessorImpl.invoke0(Native Method)
    at sun.reflect.NativeMethodAccessorImpl.invoke(NativeMethodAccessorImpl.java:62)
~ testDefaultEncoder_normalClassWithOutValues(feign.querymap.FieldQueryMapEncoderTest)
[Non-empty map generated from null getter: {this$0=feign.querymap.FieldQueryMapEncoderTest@478ac397}]
java.lang.AssertionError: Non-empty map generated from null getter: {this$0=feign.querymap.FieldQueryMapEncoderTest@478ac397}    at org.junit.Assert.fail(Assert.java:88)
    at org.junit.Assert.assertTrue(Assert.java:41)
    at feign.querymap.FieldQueryMapEncoderTest.testDefaultEncoder_normalClassWithOutValues(FieldQueryMapEncoderTest.java:53)
    at sun.reflect.NativeMethodAccessorImpl.invoke0(Native Method)
    at sun.reflect.NativeMethodAccessorImpl.invoke(NativeMethodAccessorImpl.java:62)
    at sun.reflect.DelegatingMethodAccessorImpl.invoke(DelegatingMethodAccessorImpl.java:43)
~ testDefaultEncoder_normalClassWithValues(feign.querymap.FieldQueryMapEncoderTest)
[Unexpected encoded query map expected:<{bar=barz, foo=fooz}> but was:<{bar=barz, foo=fooz, this$0=feign.querymap.FieldQueryMapEncoderTest@78967717}>]
java.lang.AssertionError: Unexpected encoded query map expected:<{bar=barz, foo=fooz}> but was:<{bar=barz, foo=fooz, this$0=feign.querymap.FieldQueryMapEncoderTest@78967717}>    at org.junit.Assert.fail(Assert.java:88)
    at org.junit.Assert.failNotEquals(Assert.java:743)
    at org.junit.Assert.assertEquals(Assert.java:118)
    at feign.querymap.FieldQueryMapEncoderTest.testDefaultEncoder_normalClassWithValues(FieldQueryMapEncoderTest.java:44)
    at sun.reflect.NativeMethodAccessorImpl.invoke0(Native Method)
    at sun.reflect.NativeMethodAccessorImpl.invoke(NativeMethodAccessorImpl.java:62)

06:27:22.630 [pool-2-thread-1] DEBUG fr.inria.lille.repair.nopol.NoPol - statement #138
06:27:22.631 [pool-2-thread-1] DEBUG fr.inria.lille.repair.nopol.NoPol - Analysing SourceLocation feign.querymap.FieldQueryMapEncoder:38 which is executed by 6 tests
284658383
06:27:22.735 [pool-2-thread-1] DEBUG fr.inria.lille.repair.nopol.NoPol - statement #139
06:27:22.735 [pool-2-thread-1] DEBUG fr.inria.lille.repair.nopol.NoPol - Analysing SourceLocation feign.querymap.FieldQueryMapEncoder:37 which is executed by 6 tests
284658383
06:27:22.841 [pool-2-thread-1] DEBUG fr.inria.lille.repair.nopol.NoPol - statement #140
06:27:22.841 [pool-2-thread-1] DEBUG fr.inria.lille.repair.nopol.NoPol - Analysing SourceLocation feign.client.TrustingSSLSocketFactory:77 which is executed by 1 tests
06:27:22.841 [pool-2-thread-1] DEBUG fr.inria.lille.repair.nopol.NoPol - cannot spoon SourceLocation feign.client.TrustingSSLSocketFactory:77
06:27:22.841 [pool-2-thread-1] DEBUG fr.inria.lille.repair.nopol.NoPol - statement #141
06:27:22.841 [pool-2-thread-1] DEBUG fr.inria.lille.repair.nopol.NoPol - Analysing SourceLocation feign.Feign$Builder:238 which is executed by 1 tests
67759570
06:27:22.956 [pool-2-thread-1] DEBUG fr.inria.lille.repair.nopol.NoPol - statement #142
06:27:22.957 [pool-2-thread-1] DEBUG fr.inria.lille.repair.nopol.NoPol - Analysing SourceLocation feign.Feign$Builder:237 which is executed by 1 tests
67759570
06:27:23.072 [pool-2-thread-1] DEBUG fr.inria.lille.repair.nopol.NoPol - looking with class fr.inria.lille.repair.nopol.spoon.smt.ConditionalAdder
Dec 27, 2018 6:27:23 AM okhttp3.mockwebserver.MockWebServer$2 execute
INFO: MockWebServer[39639] starting to accept connections
Dec 27, 2018 6:27:23 AM okhttp3.mockwebserver.MockWebServer$3 processOneRequest
INFO: MockWebServer[39639] received request: GET / HTTP/1.1 and responded: HTTP/1.1 200 OK
06:27:23.233 [pool-84-thread-1] INFO  xxl.java.junit.TestCasesListener - Tests run finished (158 ms)
<> Total tests run: 2
<> Ignored tests: 0
<> Failed tests: 0

06:27:23.233 [pool-2-thread-1] ERROR fr.inria.lille.repair.nopol.NoPol - Error ExecutionException java.util.concurrent.ExecutionException: java.lang.RuntimeException: failingTestCasesValidated: nothing to repair, no failing test cases
06:27:23.233 [pool-2-thread-1] DEBUG fr.inria.lille.repair.nopol.NoPol - statement #143
06:27:23.233 [pool-2-thread-1] DEBUG fr.inria.lille.repair.nopol.NoPol - Analysing SourceLocation feign.Feign$Builder:182 which is executed by 1 tests
67759570
06:27:23.346 [pool-2-thread-1] DEBUG fr.inria.lille.repair.nopol.NoPol - statement #144
06:27:23.347 [pool-2-thread-1] DEBUG fr.inria.lille.repair.nopol.NoPol - Analysing SourceLocation feign.Feign$Builder:181 which is executed by 1 tests
67759570
06:27:23.459 [pool-2-thread-1] DEBUG fr.inria.lille.repair.nopol.NoPol - looking with class fr.inria.lille.repair.nopol.spoon.smt.ConditionalAdder
Dec 27, 2018 6:27:23 AM okhttp3.mockwebserver.MockWebServer$2 execute
INFO: MockWebServer[58281] starting to accept connections
Dec 27, 2018 6:27:23 AM okhttp3.mockwebserver.MockWebServer$3 processOneRequest
INFO: MockWebServer[58281] received request: GET / HTTP/1.1 and responded: HTTP/1.1 404 Client Error
Dec 27, 2018 6:27:23 AM okhttp3.mockwebserver.MockWebServer$3 processOneRequest
INFO: MockWebServer[58281] received request: GET / HTTP/1.1 and responded: HTTP/1.1 200 OK
Dec 27, 2018 6:27:23 AM okhttp3.mockwebserver.MockWebServer$2 execute
INFO: MockWebServer[41917] starting to accept connections
Dec 27, 2018 6:27:23 AM okhttp3.mockwebserver.MockWebServer$3 processOneRequest
INFO: MockWebServer[41917] received request: GET / HTTP/1.1 and responded: HTTP/1.1 204 OK
Dec 27, 2018 6:27:23 AM okhttp3.mockwebserver.MockWebServer$2 execute
INFO: MockWebServer[53949] starting to accept connections
Dec 27, 2018 6:27:23 AM okhttp3.mockwebserver.MockWebServer$3 processOneRequest
INFO: MockWebServer[53949] received request: GET / HTTP/1.1 and responded: HTTP/1.1 200 OK
Dec 27, 2018 6:27:23 AM okhttp3.mockwebserver.MockWebServer$2 execute
INFO: MockWebServer[45939] starting to accept connections
Dec 27, 2018 6:27:23 AM okhttp3.mockwebserver.MockWebServer$3 processOneRequest
INFO: MockWebServer[45939] received request: GET / HTTP/1.1 and responded: HTTP/1.1 200 OK
Dec 27, 2018 6:27:23 AM okhttp3.mockwebserver.MockWebServer$2 execute
INFO: MockWebServer[49251] starting to accept connections
Dec 27, 2018 6:27:23 AM okhttp3.mockwebserver.MockWebServer$3 processOneRequest
INFO: MockWebServer[49251] received request: GET / HTTP/1.1 and responded: HTTP/1.1 200 OK
06:27:23.615 [pool-86-thread-1] INFO  xxl.java.junit.TestCasesListener - Tests run finished (152 ms)
<> Total tests run: 5
<> Ignored tests: 0
<> Failed tests: 0

06:27:23.615 [pool-2-thread-1] ERROR fr.inria.lille.repair.nopol.NoPol - Error ExecutionException java.util.concurrent.ExecutionException: java.lang.RuntimeException: failingTestCasesValidated: nothing to repair, no failing test cases
06:27:23.615 [pool-2-thread-1] DEBUG fr.inria.lille.repair.nopol.NoPol - statement #145
06:27:23.615 [pool-2-thread-1] DEBUG fr.inria.lille.repair.nopol.NoPol - Analysing SourceLocation okhttp3.mockwebserver.MockResponse:81 which is executed by 1 tests
06:27:23.615 [pool-2-thread-1] DEBUG fr.inria.lille.repair.nopol.NoPol - cannot spoon SourceLocation okhttp3.mockwebserver.MockResponse:81
06:27:23.615 [pool-2-thread-1] DEBUG fr.inria.lille.repair.nopol.NoPol - statement #146
06:27:23.615 [pool-2-thread-1] DEBUG fr.inria.lille.repair.nopol.NoPol - Analysing SourceLocation okhttp3.mockwebserver.MockResponse:80 which is executed by 1 tests
06:27:23.615 [pool-2-thread-1] DEBUG fr.inria.lille.repair.nopol.NoPol - cannot spoon SourceLocation okhttp3.mockwebserver.MockResponse:80
06:27:23.615 [pool-2-thread-1] DEBUG fr.inria.lille.repair.nopol.NoPol - statement #147
06:27:23.615 [pool-2-thread-1] DEBUG fr.inria.lille.repair.nopol.NoPol - Analysing SourceLocation okhttp3.mockwebserver.MockResponse:78 which is executed by 1 tests
06:27:23.615 [pool-2-thread-1] DEBUG fr.inria.lille.repair.nopol.NoPol - cannot spoon SourceLocation okhttp3.mockwebserver.MockResponse:78
06:27:23.615 [pool-2-thread-1] DEBUG fr.inria.lille.repair.nopol.NoPol - statement #148
06:27:23.615 [pool-2-thread-1] DEBUG fr.inria.lille.repair.nopol.NoPol - Analysing SourceLocation okhttp3.internal.tls.TrustRootIndex:48 which is executed by 1 tests
06:27:23.615 [pool-2-thread-1] DEBUG fr.inria.lille.repair.nopol.NoPol - cannot spoon SourceLocation okhttp3.internal.tls.TrustRootIndex:48
06:27:23.615 [pool-2-thread-1] DEBUG fr.inria.lille.repair.nopol.NoPol - statement #149
06:27:23.615 [pool-2-thread-1] DEBUG fr.inria.lille.repair.nopol.NoPol - Analysing SourceLocation okhttp3.internal.tls.TrustRootIndex:43 which is executed by 1 tests
06:27:23.615 [pool-2-thread-1] DEBUG fr.inria.lille.repair.nopol.NoPol - cannot spoon SourceLocation okhttp3.internal.tls.TrustRootIndex:43
06:27:23.615 [pool-2-thread-1] DEBUG fr.inria.lille.repair.nopol.NoPol - statement #150
06:27:23.615 [pool-2-thread-1] DEBUG fr.inria.lille.repair.nopol.NoPol - Analysing SourceLocation okhttp3.internal.tls.TrustRootIndex:42 which is executed by 1 tests
06:27:23.616 [pool-2-thread-1] DEBUG fr.inria.lille.repair.nopol.NoPol - cannot spoon SourceLocation okhttp3.internal.tls.TrustRootIndex:42
06:27:23.616 [pool-2-thread-1] DEBUG fr.inria.lille.repair.nopol.NoPol - statement #151
06:27:23.616 [pool-2-thread-1] DEBUG fr.inria.lille.repair.nopol.NoPol - Analysing SourceLocation okhttp3.internal.tls.TrustRootIndex:38 which is executed by 1 tests
06:27:23.616 [pool-2-thread-1] DEBUG fr.inria.lille.repair.nopol.NoPol - cannot spoon SourceLocation okhttp3.internal.tls.TrustRootIndex:38
06:27:23.616 [pool-2-thread-1] DEBUG fr.inria.lille.repair.nopol.NoPol - statement #152
06:27:23.616 [pool-2-thread-1] DEBUG fr.inria.lille.repair.nopol.NoPol - Analysing SourceLocation okio.Util:32 which is executed by 1 tests
06:27:23.616 [pool-2-thread-1] DEBUG fr.inria.lille.repair.nopol.NoPol - cannot spoon SourceLocation okio.Util:32
06:27:23.616 [pool-2-thread-1] DEBUG fr.inria.lille.repair.nopol.NoPol - statement #153
06:27:23.616 [pool-2-thread-1] DEBUG fr.inria.lille.repair.nopol.NoPol - Analysing SourceLocation okio.Util:28 which is executed by 1 tests
06:27:23.616 [pool-2-thread-1] DEBUG fr.inria.lille.repair.nopol.NoPol - cannot spoon SourceLocation okio.Util:28
06:27:23.616 [pool-2-thread-1] DEBUG fr.inria.lille.repair.nopol.NoPol - statement #154
06:27:23.616 [pool-2-thread-1] DEBUG fr.inria.lille.repair.nopol.NoPol - Analysing SourceLocation okio.ByteString:223 which is executed by 1 tests
06:27:23.616 [pool-2-thread-1] DEBUG fr.inria.lille.repair.nopol.NoPol - cannot spoon SourceLocation okio.ByteString:223
06:27:23.616 [pool-2-thread-1] DEBUG fr.inria.lille.repair.nopol.NoPol - statement #155
06:27:23.616 [pool-2-thread-1] DEBUG fr.inria.lille.repair.nopol.NoPol - Analysing SourceLocation okio.ByteString:222 which is executed by 1 tests
06:27:23.616 [pool-2-thread-1] DEBUG fr.inria.lille.repair.nopol.NoPol - cannot spoon SourceLocation okio.ByteString:222
06:27:23.616 [pool-2-thread-1] DEBUG fr.inria.lille.repair.nopol.NoPol - statement #156
06:27:23.616 [pool-2-thread-1] DEBUG fr.inria.lille.repair.nopol.NoPol - Analysing SourceLocation okio.ByteString:218 which is executed by 1 tests
06:27:23.616 [pool-2-thread-1] DEBUG fr.inria.lille.repair.nopol.NoPol - cannot spoon SourceLocation okio.ByteString:218
06:27:23.616 [pool-2-thread-1] DEBUG fr.inria.lille.repair.nopol.NoPol - statement #157
06:27:23.616 [pool-2-thread-1] DEBUG fr.inria.lille.repair.nopol.NoPol - Analysing SourceLocation okio.ByteString:216 which is executed by 1 tests
06:27:23.616 [pool-2-thread-1] DEBUG fr.inria.lille.repair.nopol.NoPol - cannot spoon SourceLocation okio.ByteString:216
06:27:23.616 [pool-2-thread-1] DEBUG fr.inria.lille.repair.nopol.NoPol - statement #158
06:27:23.616 [pool-2-thread-1] DEBUG fr.inria.lille.repair.nopol.NoPol - Analysing SourceLocation okio.ByteString:215 which is executed by 1 tests
06:27:23.616 [pool-2-thread-1] DEBUG fr.inria.lille.repair.nopol.NoPol - cannot spoon SourceLocation okio.ByteString:215
06:27:23.617 [pool-2-thread-1] DEBUG fr.inria.lille.repair.nopol.NoPol - statement #159
06:27:23.617 [pool-2-thread-1] DEBUG fr.inria.lille.repair.nopol.NoPol - Analysing SourceLocation okio.ByteString:214 which is executed by 1 tests
06:27:23.617 [pool-2-thread-1] DEBUG fr.inria.lille.repair.nopol.NoPol - cannot spoon SourceLocation okio.ByteString:214
06:27:23.617 [pool-2-thread-1] DEBUG fr.inria.lille.repair.nopol.NoPol - statement #160
06:27:23.617 [pool-2-thread-1] DEBUG fr.inria.lille.repair.nopol.NoPol - Analysing SourceLocation okio.ByteString:213 which is executed by 1 tests
06:27:23.617 [pool-2-thread-1] DEBUG fr.inria.lille.repair.nopol.NoPol - cannot spoon SourceLocation okio.ByteString:213
06:27:23.617 [pool-2-thread-1] DEBUG fr.inria.lille.repair.nopol.NoPol - statement #161
06:27:23.617 [pool-2-thread-1] DEBUG fr.inria.lille.repair.nopol.NoPol - Analysing SourceLocation okio.ByteString:212 which is executed by 1 tests
06:27:23.617 [pool-2-thread-1] DEBUG fr.inria.lille.repair.nopol.NoPol - cannot spoon SourceLocation okio.ByteString:212
06:27:23.617 [pool-2-thread-1] DEBUG fr.inria.lille.repair.nopol.NoPol - statement #162
06:27:23.617 [pool-2-thread-1] DEBUG fr.inria.lille.repair.nopol.NoPol - Analysing SourceLocation okio.ByteString:210 which is executed by 1 tests
06:27:23.617 [pool-2-thread-1] DEBUG fr.inria.lille.repair.nopol.NoPol - cannot spoon SourceLocation okio.ByteString:210
06:27:23.617 [pool-2-thread-1] DEBUG fr.inria.lille.repair.nopol.NoPol - statement #163
06:27:23.617 [pool-2-thread-1] DEBUG fr.inria.lille.repair.nopol.NoPol - Analysing SourceLocation okio.ByteString:209 which is executed by 1 tests
06:27:23.617 [pool-2-thread-1] DEBUG fr.inria.lille.repair.nopol.NoPol - cannot spoon SourceLocation okio.ByteString:209
06:27:23.617 [pool-2-thread-1] DEBUG fr.inria.lille.repair.nopol.NoPol - statement #164
06:27:23.617 [pool-2-thread-1] DEBUG fr.inria.lille.repair.nopol.NoPol - Analysing SourceLocation okio.ByteString:72 which is executed by 1 tests
06:27:23.617 [pool-2-thread-1] DEBUG fr.inria.lille.repair.nopol.NoPol - cannot spoon SourceLocation okio.ByteString:72
06:27:23.617 [pool-2-thread-1] DEBUG fr.inria.lille.repair.nopol.NoPol - statement #165
06:27:23.617 [pool-2-thread-1] DEBUG fr.inria.lille.repair.nopol.NoPol - Analysing SourceLocation okio.ByteString:71 which is executed by 1 tests
06:27:23.617 [pool-2-thread-1] DEBUG fr.inria.lille.repair.nopol.NoPol - cannot spoon SourceLocation okio.ByteString:71
06:27:23.617 [pool-2-thread-1] DEBUG fr.inria.lille.repair.nopol.NoPol - statement #166
06:27:23.618 [pool-2-thread-1] DEBUG fr.inria.lille.repair.nopol.NoPol - Analysing SourceLocation okhttp3.internal.platform.AndroidPlatform:210 which is executed by 1 tests
06:27:23.618 [pool-2-thread-1] DEBUG fr.inria.lille.repair.nopol.NoPol - cannot spoon SourceLocation okhttp3.internal.platform.AndroidPlatform:210
06:27:23.618 [pool-2-thread-1] DEBUG fr.inria.lille.repair.nopol.NoPol - statement #167
06:27:23.618 [pool-2-thread-1] DEBUG fr.inria.lille.repair.nopol.NoPol - Analysing SourceLocation okhttp3.internal.platform.AndroidPlatform:206 which is executed by 1 tests
06:27:23.618 [pool-2-thread-1] DEBUG fr.inria.lille.repair.nopol.NoPol - cannot spoon SourceLocation okhttp3.internal.platform.AndroidPlatform:206
06:27:23.618 [pool-2-thread-1] DEBUG fr.inria.lille.repair.nopol.NoPol - statement #168
06:27:23.618 [pool-2-thread-1] DEBUG fr.inria.lille.repair.nopol.NoPol - Analysing SourceLocation okhttp3.internal.platform.AndroidPlatform:185 which is executed by 1 tests
06:27:23.618 [pool-2-thread-1] DEBUG fr.inria.lille.repair.nopol.NoPol - cannot spoon SourceLocation okhttp3.internal.platform.AndroidPlatform:185
06:27:23.618 [pool-2-thread-1] DEBUG fr.inria.lille.repair.nopol.NoPol - statement #169
06:27:23.618 [pool-2-thread-1] DEBUG fr.inria.lille.repair.nopol.NoPol - Analysing SourceLocation okhttp3.internal.platform.AndroidPlatform:182 which is executed by 1 tests
06:27:23.618 [pool-2-thread-1] DEBUG fr.inria.lille.repair.nopol.NoPol - cannot spoon SourceLocation okhttp3.internal.platform.AndroidPlatform:182
06:27:23.618 [pool-2-thread-1] DEBUG fr.inria.lille.repair.nopol.NoPol - statement #170
06:27:23.618 [pool-2-thread-1] DEBUG fr.inria.lille.repair.nopol.NoPol - Analysing SourceLocation okhttp3.ConnectionSpec:96 which is executed by 1 tests
06:27:23.618 [pool-2-thread-1] DEBUG fr.inria.lille.repair.nopol.NoPol - cannot spoon SourceLocation okhttp3.ConnectionSpec:96
06:27:23.618 [pool-2-thread-1] DEBUG fr.inria.lille.repair.nopol.NoPol - statement #171
06:27:23.618 [pool-2-thread-1] DEBUG fr.inria.lille.repair.nopol.NoPol - Analysing SourceLocation okhttp3.internal.Internal:45 which is executed by 1 tests
06:27:23.618 [pool-2-thread-1] DEBUG fr.inria.lille.repair.nopol.NoPol - cannot spoon SourceLocation okhttp3.internal.Internal:45
06:27:23.618 [pool-2-thread-1] DEBUG fr.inria.lille.repair.nopol.NoPol - statement #172
06:27:23.618 [pool-2-thread-1] DEBUG fr.inria.lille.repair.nopol.NoPol - Analysing SourceLocation okhttp3.internal.Internal:44 which is executed by 1 tests
06:27:23.618 [pool-2-thread-1] DEBUG fr.inria.lille.repair.nopol.NoPol - cannot spoon SourceLocation okhttp3.internal.Internal:44
06:27:23.618 [pool-2-thread-1] DEBUG fr.inria.lille.repair.nopol.NoPol - statement #173
06:27:23.618 [pool-2-thread-1] DEBUG fr.inria.lille.repair.nopol.NoPol - Analysing SourceLocation okhttp3.internal.tls.CertificateChainCleaner:41 which is executed by 1 tests
06:27:23.618 [pool-2-thread-1] DEBUG fr.inria.lille.repair.nopol.NoPol - cannot spoon SourceLocation okhttp3.internal.tls.CertificateChainCleaner:41
06:27:23.618 [pool-2-thread-1] DEBUG fr.inria.lille.repair.nopol.NoPol - statement #174
06:27:23.619 [pool-2-thread-1] DEBUG fr.inria.lille.repair.nopol.NoPol - Analysing SourceLocation okhttp3.ResponseBody:216 which is executed by 1 tests
06:27:23.619 [pool-2-thread-1] DEBUG fr.inria.lille.repair.nopol.NoPol - cannot spoon SourceLocation okhttp3.ResponseBody:216
06:27:23.619 [pool-2-thread-1] DEBUG fr.inria.lille.repair.nopol.NoPol - statement #175
06:27:23.619 [pool-2-thread-1] DEBUG fr.inria.lille.repair.nopol.NoPol - Analysing SourceLocation okhttp3.ResponseBody:215 which is executed by 1 tests
06:27:23.619 [pool-2-thread-1] DEBUG fr.inria.lille.repair.nopol.NoPol - cannot spoon SourceLocation okhttp3.ResponseBody:215
06:27:23.619 [pool-2-thread-1] DEBUG fr.inria.lille.repair.nopol.NoPol - statement #176
06:27:23.619 [pool-2-thread-1] DEBUG fr.inria.lille.repair.nopol.NoPol - Analysing SourceLocation okhttp3.ResponseBody:209 which is executed by 1 tests
06:27:23.619 [pool-2-thread-1] DEBUG fr.inria.lille.repair.nopol.NoPol - cannot spoon SourceLocation okhttp3.ResponseBody:209
06:27:23.619 [pool-2-thread-1] DEBUG fr.inria.lille.repair.nopol.NoPol - statement #177
06:27:23.619 [pool-2-thread-1] DEBUG fr.inria.lille.repair.nopol.NoPol - Analysing SourceLocation okhttp3.ResponseBody:208 which is executed by 1 tests
06:27:23.619 [pool-2-thread-1] DEBUG fr.inria.lille.repair.nopol.NoPol - cannot spoon SourceLocation okhttp3.ResponseBody:208
06:27:23.619 [pool-2-thread-1] DEBUG fr.inria.lille.repair.nopol.NoPol - statement #178
06:27:23.619 [pool-2-thread-1] DEBUG fr.inria.lille.repair.nopol.NoPol - Analysing SourceLocation okhttp3.internal.platform.Jdk9Platform:94 which is executed by 1 tests
06:27:23.619 [pool-2-thread-1] DEBUG fr.inria.lille.repair.nopol.NoPol - cannot spoon SourceLocation okhttp3.internal.platform.Jdk9Platform:94
06:27:23.619 [pool-2-thread-1] DEBUG fr.inria.lille.repair.nopol.NoPol - statement #179
06:27:23.619 [pool-2-thread-1] DEBUG fr.inria.lille.repair.nopol.NoPol - Analysing SourceLocation okhttp3.internal.platform.Jdk9Platform:90 which is executed by 1 tests
06:27:23.619 [pool-2-thread-1] DEBUG fr.inria.lille.repair.nopol.NoPol - cannot spoon SourceLocation okhttp3.internal.platform.Jdk9Platform:90
06:27:23.619 [pool-2-thread-1] DEBUG fr.inria.lille.repair.nopol.NoPol - statement #180
06:27:23.619 [pool-2-thread-1] DEBUG fr.inria.lille.repair.nopol.NoPol - Analysing SourceLocation okhttp3.internal.platform.Jdk9Platform:86 which is executed by 1 tests
06:27:23.619 [pool-2-thread-1] DEBUG fr.inria.lille.repair.nopol.NoPol - cannot spoon SourceLocation okhttp3.internal.platform.Jdk9Platform:86
06:27:23.619 [pool-2-thread-1] DEBUG fr.inria.lille.repair.nopol.NoPol - statement #181
06:27:23.619 [pool-2-thread-1] DEBUG fr.inria.lille.repair.nopol.NoPol - Analysing SourceLocation okhttp3.internal.platform.Jdk9Platform:85 which is executed by 1 tests
06:27:23.619 [pool-2-thread-1] DEBUG fr.inria.lille.repair.nopol.NoPol - cannot spoon SourceLocation okhttp3.internal.platform.Jdk9Platform:85
06:27:23.620 [pool-2-thread-1] DEBUG fr.inria.lille.repair.nopol.NoPol - statement #182
06:27:23.620 [pool-2-thread-1] DEBUG fr.inria.lille.repair.nopol.NoPol - Analysing SourceLocation okio.Buffer:990 which is executed by 1 tests
06:27:23.620 [pool-2-thread-1] DEBUG fr.inria.lille.repair.nopol.NoPol - cannot spoon SourceLocation okio.Buffer:990
06:27:23.620 [pool-2-thread-1] DEBUG fr.inria.lille.repair.nopol.NoPol - statement #183
06:27:23.620 [pool-2-thread-1] DEBUG fr.inria.lille.repair.nopol.NoPol - Analysing SourceLocation okio.Buffer:989 which is executed by 1 tests
06:27:23.620 [pool-2-thread-1] DEBUG fr.inria.lille.repair.nopol.NoPol - cannot spoon SourceLocation okio.Buffer:989
06:27:23.620 [pool-2-thread-1] DEBUG fr.inria.lille.repair.nopol.NoPol - statement #184
06:27:23.620 [pool-2-thread-1] DEBUG fr.inria.lille.repair.nopol.NoPol - Analysing SourceLocation okio.Buffer:979 which is executed by 1 tests
06:27:23.620 [pool-2-thread-1] DEBUG fr.inria.lille.repair.nopol.NoPol - cannot spoon SourceLocation okio.Buffer:979
06:27:23.620 [pool-2-thread-1] DEBUG fr.inria.lille.repair.nopol.NoPol - statement #185
06:27:23.620 [pool-2-thread-1] DEBUG fr.inria.lille.repair.nopol.NoPol - Analysing SourceLocation okio.Buffer:978 which is executed by 1 tests
06:27:23.620 [pool-2-thread-1] DEBUG fr.inria.lille.repair.nopol.NoPol - cannot spoon SourceLocation okio.Buffer:978
06:27:23.620 [pool-2-thread-1] DEBUG fr.inria.lille.repair.nopol.NoPol - statement #186
06:27:23.620 [pool-2-thread-1] DEBUG fr.inria.lille.repair.nopol.NoPol - Analysing SourceLocation okio.Buffer:976 which is executed by 1 tests
06:27:23.620 [pool-2-thread-1] DEBUG fr.inria.lille.repair.nopol.NoPol - cannot spoon SourceLocation okio.Buffer:976
06:27:23.620 [pool-2-thread-1] DEBUG fr.inria.lille.repair.nopol.NoPol - statement #187
06:27:23.620 [pool-2-thread-1] DEBUG fr.inria.lille.repair.nopol.NoPol - Analysing SourceLocation okio.Buffer:975 which is executed by 1 tests
06:27:23.620 [pool-2-thread-1] DEBUG fr.inria.lille.repair.nopol.NoPol - cannot spoon SourceLocation okio.Buffer:975
06:27:23.620 [pool-2-thread-1] DEBUG fr.inria.lille.repair.nopol.NoPol - statement #188
06:27:23.620 [pool-2-thread-1] DEBUG fr.inria.lille.repair.nopol.NoPol - Analysing SourceLocation okio.Buffer:971 which is executed by 1 tests
06:27:23.620 [pool-2-thread-1] DEBUG fr.inria.lille.repair.nopol.NoPol - cannot spoon SourceLocation okio.Buffer:971
06:27:23.620 [pool-2-thread-1] DEBUG fr.inria.lille.repair.nopol.NoPol - statement #189
06:27:23.620 [pool-2-thread-1] DEBUG fr.inria.lille.repair.nopol.NoPol - Analysing SourceLocation okio.Buffer:970 which is executed by 1 tests
06:27:23.620 [pool-2-thread-1] DEBUG fr.inria.lille.repair.nopol.NoPol - cannot spoon SourceLocation okio.Buffer:970
06:27:23.620 [pool-2-thread-1] DEBUG fr.inria.lille.repair.nopol.NoPol - statement #190
06:27:23.620 [pool-2-thread-1] DEBUG fr.inria.lille.repair.nopol.NoPol - Analysing SourceLocation okhttp3.RequestBody:86 which is executed by 1 tests
06:27:23.621 [pool-2-thread-1] DEBUG fr.inria.lille.repair.nopol.NoPol - cannot spoon SourceLocation okhttp3.RequestBody:86
06:27:23.621 [pool-2-thread-1] DEBUG fr.inria.lille.repair.nopol.NoPol - statement #191
06:27:23.621 [pool-2-thread-1] DEBUG fr.inria.lille.repair.nopol.NoPol - Analysing SourceLocation okhttp3.RequestBody:85 which is executed by 1 tests
06:27:23.621 [pool-2-thread-1] DEBUG fr.inria.lille.repair.nopol.NoPol - cannot spoon SourceLocation okhttp3.RequestBody:85
06:27:23.621 [pool-2-thread-1] DEBUG fr.inria.lille.repair.nopol.NoPol - statement #192
06:27:23.621 [pool-2-thread-1] DEBUG fr.inria.lille.repair.nopol.NoPol - Analysing SourceLocation okhttp3.RequestBody:84 which is executed by 1 tests
06:27:23.621 [pool-2-thread-1] DEBUG fr.inria.lille.repair.nopol.NoPol - cannot spoon SourceLocation okhttp3.RequestBody:84
06:27:23.621 [pool-2-thread-1] DEBUG fr.inria.lille.repair.nopol.NoPol - statement #193
06:27:23.621 [pool-2-thread-1] DEBUG fr.inria.lille.repair.nopol.NoPol - Analysing SourceLocation okhttp3.RequestBody:78 which is executed by 1 tests
06:27:23.621 [pool-2-thread-1] DEBUG fr.inria.lille.repair.nopol.NoPol - cannot spoon SourceLocation okhttp3.RequestBody:78
06:27:23.621 [pool-2-thread-1] DEBUG fr.inria.lille.repair.nopol.NoPol - statement #194
06:27:23.621 [pool-2-thread-1] DEBUG fr.inria.lille.repair.nopol.NoPol - Analysing SourceLocation okhttp3.internal.platform.Platform:191 which is executed by 1 tests
06:27:23.621 [pool-2-thread-1] DEBUG fr.inria.lille.repair.nopol.NoPol - cannot spoon SourceLocation okhttp3.internal.platform.Platform:191
06:27:23.621 [pool-2-thread-1] DEBUG fr.inria.lille.repair.nopol.NoPol - statement #195
06:27:23.621 [pool-2-thread-1] DEBUG fr.inria.lille.repair.nopol.NoPol - Analysing SourceLocation okhttp3.internal.platform.Platform:186 which is executed by 1 tests
06:27:23.621 [pool-2-thread-1] DEBUG fr.inria.lille.repair.nopol.NoPol - cannot spoon SourceLocation okhttp3.internal.platform.Platform:186
06:27:23.621 [pool-2-thread-1] DEBUG fr.inria.lille.repair.nopol.NoPol - statement #196
06:27:23.621 [pool-2-thread-1] DEBUG fr.inria.lille.repair.nopol.NoPol - Analysing SourceLocation okhttp3.internal.platform.Platform:184 which is executed by 1 tests
06:27:23.621 [pool-2-thread-1] DEBUG fr.inria.lille.repair.nopol.NoPol - cannot spoon SourceLocation okhttp3.internal.platform.Platform:184
06:27:23.621 [pool-2-thread-1] DEBUG fr.inria.lille.repair.nopol.NoPol - statement #197
06:27:23.621 [pool-2-thread-1] DEBUG fr.inria.lille.repair.nopol.NoPol - Analysing SourceLocation okhttp3.internal.platform.Platform:180 which is executed by 1 tests
06:27:23.621 [pool-2-thread-1] DEBUG fr.inria.lille.repair.nopol.NoPol - cannot spoon SourceLocation okhttp3.internal.platform.Platform:180
06:27:23.621 [pool-2-thread-1] DEBUG fr.inria.lille.repair.nopol.NoPol - statement #198
06:27:23.622 [pool-2-thread-1] DEBUG fr.inria.lille.repair.nopol.NoPol - Analysing SourceLocation okhttp3.internal.platform.Platform:178 which is executed by 1 tests
06:27:23.622 [pool-2-thread-1] DEBUG fr.inria.lille.repair.nopol.NoPol - cannot spoon SourceLocation okhttp3.internal.platform.Platform:178
06:27:23.622 [pool-2-thread-1] DEBUG fr.inria.lille.repair.nopol.NoPol - statement #199
06:27:23.622 [pool-2-thread-1] DEBUG fr.inria.lille.repair.nopol.NoPol - Analysing SourceLocation okhttp3.internal.platform.Platform:174 which is executed by 1 tests
06:27:23.622 [pool-2-thread-1] DEBUG fr.inria.lille.repair.nopol.NoPol - cannot spoon SourceLocation okhttp3.internal.platform.Platform:174
06:27:23.622 [pool-2-thread-1] DEBUG fr.inria.lille.repair.nopol.NoPol - statement #200
06:27:23.622 [pool-2-thread-1] DEBUG fr.inria.lille.repair.nopol.NoPol - Analysing SourceLocation okhttp3.internal.platform.Platform:172 which is executed by 1 tests
06:27:23.622 [pool-2-thread-1] DEBUG fr.inria.lille.repair.nopol.NoPol - cannot spoon SourceLocation okhttp3.internal.platform.Platform:172
06:27:23.622 [pool-2-thread-1] DEBUG fr.inria.lille.repair.nopol.NoPol - statement #201
06:27:23.622 [pool-2-thread-1] DEBUG fr.inria.lille.repair.nopol.NoPol - Analysing SourceLocation okhttp3.internal.platform.Platform:167 which is executed by 1 tests
06:27:23.622 [pool-2-thread-1] DEBUG fr.inria.lille.repair.nopol.NoPol - cannot spoon SourceLocation okhttp3.internal.platform.Platform:167
06:27:23.622 [pool-2-thread-1] DEBUG fr.inria.lille.repair.nopol.NoPol - statement #202
06:27:23.622 [pool-2-thread-1] DEBUG fr.inria.lille.repair.nopol.NoPol - Analysing SourceLocation okhttp3.internal.platform.Platform:79 which is executed by 1 tests
06:27:23.622 [pool-2-thread-1] DEBUG fr.inria.lille.repair.nopol.NoPol - cannot spoon SourceLocation okhttp3.internal.platform.Platform:79
06:27:23.622 [pool-2-thread-1] DEBUG fr.inria.lille.repair.nopol.NoPol - statement #203
06:27:23.622 [pool-2-thread-1] DEBUG fr.inria.lille.repair.nopol.NoPol - Analysing SourceLocation okhttp3.CertificatePinner$Builder:338 which is executed by 1 tests
06:27:23.622 [pool-2-thread-1] DEBUG fr.inria.lille.repair.nopol.NoPol - cannot spoon SourceLocation okhttp3.CertificatePinner$Builder:338
06:27:23.622 [pool-2-thread-1] DEBUG fr.inria.lille.repair.nopol.NoPol - statement #204
06:27:23.622 [pool-2-thread-1] DEBUG fr.inria.lille.repair.nopol.NoPol - Analysing SourceLocation okhttp3.internal.Util:182 which is executed by 1 tests
06:27:23.622 [pool-2-thread-1] DEBUG fr.inria.lille.repair.nopol.NoPol - cannot spoon SourceLocation okhttp3.internal.Util:182
06:27:23.622 [pool-2-thread-1] DEBUG fr.inria.lille.repair.nopol.NoPol - statement #205
06:27:23.622 [pool-2-thread-1] DEBUG fr.inria.lille.repair.nopol.NoPol - Analysing SourceLocation okhttp3.internal.Util:90 which is executed by 1 tests
06:27:23.622 [pool-2-thread-1] DEBUG fr.inria.lille.repair.nopol.NoPol - cannot spoon SourceLocation okhttp3.internal.Util:90
06:27:23.622 [pool-2-thread-1] DEBUG fr.inria.lille.repair.nopol.NoPol - statement #206
06:27:23.622 [pool-2-thread-1] DEBUG fr.inria.lille.repair.nopol.NoPol - Analysing SourceLocation okhttp3.internal.Util:86 which is executed by 1 tests
06:27:23.623 [pool-2-thread-1] DEBUG fr.inria.lille.repair.nopol.NoPol - cannot spoon SourceLocation okhttp3.internal.Util:86
06:27:23.623 [pool-2-thread-1] DEBUG fr.inria.lille.repair.nopol.NoPol - statement #207
06:27:23.623 [pool-2-thread-1] DEBUG fr.inria.lille.repair.nopol.NoPol - Analysing SourceLocation okhttp3.internal.Util:83 which is executed by 1 tests
06:27:23.623 [pool-2-thread-1] DEBUG fr.inria.lille.repair.nopol.NoPol - cannot spoon SourceLocation okhttp3.internal.Util:83
06:27:23.623 [pool-2-thread-1] DEBUG fr.inria.lille.repair.nopol.NoPol - statement #208
06:27:23.623 [pool-2-thread-1] DEBUG fr.inria.lille.repair.nopol.NoPol - Analysing SourceLocation okhttp3.CipherSuite:398 which is executed by 1 tests
06:27:23.623 [pool-2-thread-1] DEBUG fr.inria.lille.repair.nopol.NoPol - cannot spoon SourceLocation okhttp3.CipherSuite:398
06:27:23.623 [pool-2-thread-1] DEBUG fr.inria.lille.repair.nopol.NoPol - statement #209
06:27:23.623 [pool-2-thread-1] DEBUG fr.inria.lille.repair.nopol.NoPol - Analysing SourceLocation okhttp3.CipherSuite:382 which is executed by 1 tests
06:27:23.623 [pool-2-thread-1] DEBUG fr.inria.lille.repair.nopol.NoPol - cannot spoon SourceLocation okhttp3.CipherSuite:382
06:27:23.623 [pool-2-thread-1] DEBUG fr.inria.lille.repair.nopol.NoPol - statement #210
06:27:23.623 [pool-2-thread-1] DEBUG fr.inria.lille.repair.nopol.NoPol - Analysing SourceLocation okhttp3.CipherSuite:380 which is executed by 1 tests
06:27:23.623 [pool-2-thread-1] DEBUG fr.inria.lille.repair.nopol.NoPol - cannot spoon SourceLocation okhttp3.CipherSuite:380
06:27:23.623 [pool-2-thread-1] DEBUG fr.inria.lille.repair.nopol.NoPol - statement #211
06:27:23.623 [pool-2-thread-1] DEBUG fr.inria.lille.repair.nopol.NoPol - Analysing SourceLocation okhttp3.CipherSuite:379 which is executed by 1 tests
06:27:23.623 [pool-2-thread-1] DEBUG fr.inria.lille.repair.nopol.NoPol - cannot spoon SourceLocation okhttp3.CipherSuite:379
06:27:23.623 [pool-2-thread-1] DEBUG fr.inria.lille.repair.nopol.NoPol - statement #212
06:27:23.623 [pool-2-thread-1] DEBUG fr.inria.lille.repair.nopol.NoPol - Analysing SourceLocation okhttp3.CipherSuite:378 which is executed by 1 tests
06:27:23.623 [pool-2-thread-1] DEBUG fr.inria.lille.repair.nopol.NoPol - cannot spoon SourceLocation okhttp3.CipherSuite:378
06:27:23.623 [pool-2-thread-1] DEBUG fr.inria.lille.repair.nopol.NoPol - statement #213
06:27:23.623 [pool-2-thread-1] DEBUG fr.inria.lille.repair.nopol.NoPol - Analysing SourceLocation okhttp3.CipherSuite:377 which is executed by 1 tests
06:27:23.623 [pool-2-thread-1] DEBUG fr.inria.lille.repair.nopol.NoPol - cannot spoon SourceLocation okhttp3.CipherSuite:377
06:27:23.623 [pool-2-thread-1] DEBUG fr.inria.lille.repair.nopol.NoPol - statement #214
06:27:23.623 [pool-2-thread-1] DEBUG fr.inria.lille.repair.nopol.NoPol - Analysing SourceLocation okhttp3.CipherSuite:376 which is executed by 1 tests
06:27:23.623 [pool-2-thread-1] DEBUG fr.inria.lille.repair.nopol.NoPol - cannot spoon SourceLocation okhttp3.CipherSuite:376
06:27:23.623 [pool-2-thread-1] DEBUG fr.inria.lille.repair.nopol.NoPol - statement #215
06:27:23.623 [pool-2-thread-1] DEBUG fr.inria.lille.repair.nopol.NoPol - Analysing SourceLocation okhttp3.CertificatePinner:229 which is executed by 1 tests
06:27:23.623 [pool-2-thread-1] DEBUG fr.inria.lille.repair.nopol.NoPol - cannot spoon SourceLocation okhttp3.CertificatePinner:229
06:27:23.624 [pool-2-thread-1] DEBUG fr.inria.lille.repair.nopol.NoPol - statement #216
06:27:23.624 [pool-2-thread-1] DEBUG fr.inria.lille.repair.nopol.NoPol - Analysing SourceLocation okhttp3.internal.platform.JdkWithJettyBootPlatform:98 which is executed by 1 tests
06:27:23.624 [pool-2-thread-1] DEBUG fr.inria.lille.repair.nopol.NoPol - cannot spoon SourceLocation okhttp3.internal.platform.JdkWithJettyBootPlatform:98
06:27:23.624 [pool-2-thread-1] DEBUG fr.inria.lille.repair.nopol.NoPol - statement #217
06:27:23.624 [pool-2-thread-1] DEBUG fr.inria.lille.repair.nopol.NoPol - Analysing SourceLocation okhttp3.internal.platform.JdkWithJettyBootPlatform:95 which is executed by 1 tests
06:27:23.624 [pool-2-thread-1] DEBUG fr.inria.lille.repair.nopol.NoPol - cannot spoon SourceLocation okhttp3.internal.platform.JdkWithJettyBootPlatform:95
06:27:23.624 [pool-2-thread-1] DEBUG fr.inria.lille.repair.nopol.NoPol - statement #218
06:27:23.624 [pool-2-thread-1] DEBUG fr.inria.lille.repair.nopol.NoPol - Analysing SourceLocation okhttp3.internal.platform.JdkWithJettyBootPlatform:86 which is executed by 1 tests
06:27:23.624 [pool-2-thread-1] DEBUG fr.inria.lille.repair.nopol.NoPol - cannot spoon SourceLocation okhttp3.internal.platform.JdkWithJettyBootPlatform:86
06:27:23.624 [pool-2-thread-1] DEBUG fr.inria.lille.repair.nopol.NoPol - statement #219
06:27:23.624 [pool-2-thread-1] DEBUG fr.inria.lille.repair.nopol.NoPol - Analysing SourceLocation okhttp3.internal.platform.JdkWithJettyBootPlatform:85 which is executed by 1 tests
06:27:23.624 [pool-2-thread-1] DEBUG fr.inria.lille.repair.nopol.NoPol - cannot spoon SourceLocation okhttp3.internal.platform.JdkWithJettyBootPlatform:85
06:27:23.624 [pool-2-thread-1] DEBUG fr.inria.lille.repair.nopol.NoPol - statement #220
06:27:23.624 [pool-2-thread-1] DEBUG fr.inria.lille.repair.nopol.NoPol - Analysing SourceLocation okhttp3.ConnectionSpec$Builder:332 which is executed by 1 tests
06:27:23.624 [pool-2-thread-1] DEBUG fr.inria.lille.repair.nopol.NoPol - cannot spoon SourceLocation okhttp3.ConnectionSpec$Builder:332
06:27:23.624 [pool-2-thread-1] DEBUG fr.inria.lille.repair.nopol.NoPol - statement #221
06:27:23.624 [pool-2-thread-1] DEBUG fr.inria.lille.repair.nopol.NoPol - Analysing SourceLocation okhttp3.ConnectionSpec$Builder:328 which is executed by 1 tests
06:27:23.624 [pool-2-thread-1] DEBUG fr.inria.lille.repair.nopol.NoPol - cannot spoon SourceLocation okhttp3.ConnectionSpec$Builder:328
06:27:23.624 [pool-2-thread-1] DEBUG fr.inria.lille.repair.nopol.NoPol - statement #222
06:27:23.624 [pool-2-thread-1] DEBUG fr.inria.lille.repair.nopol.NoPol - Analysing SourceLocation okhttp3.ConnectionSpec$Builder:327 which is executed by 1 tests
06:27:23.624 [pool-2-thread-1] DEBUG fr.inria.lille.repair.nopol.NoPol - cannot spoon SourceLocation okhttp3.ConnectionSpec$Builder:327
06:27:23.624 [pool-2-thread-1] DEBUG fr.inria.lille.repair.nopol.NoPol - statement #223
06:27:23.624 [pool-2-thread-1] DEBUG fr.inria.lille.repair.nopol.NoPol - Analysing SourceLocation okhttp3.ConnectionSpec$Builder:326 which is executed by 1 tests
06:27:23.624 [pool-2-thread-1] DEBUG fr.inria.lille.repair.nopol.NoPol - cannot spoon SourceLocation okhttp3.ConnectionSpec$Builder:326
06:27:23.624 [pool-2-thread-1] DEBUG fr.inria.lille.repair.nopol.NoPol - statement #224
06:27:23.624 [pool-2-thread-1] DEBUG fr.inria.lille.repair.nopol.NoPol - Analysing SourceLocation okhttp3.ConnectionSpec$Builder:322 which is executed by 1 tests
06:27:23.624 [pool-2-thread-1] DEBUG fr.inria.lille.repair.nopol.NoPol - cannot spoon SourceLocation okhttp3.ConnectionSpec$Builder:322
06:27:23.624 [pool-2-thread-1] DEBUG fr.inria.lille.repair.nopol.NoPol - statement #225
06:27:23.625 [pool-2-thread-1] DEBUG fr.inria.lille.repair.nopol.NoPol - Analysing SourceLocation okhttp3.ConnectionSpec$Builder:321 which is executed by 1 tests
06:27:23.625 [pool-2-thread-1] DEBUG fr.inria.lille.repair.nopol.NoPol - cannot spoon SourceLocation okhttp3.ConnectionSpec$Builder:321
06:27:23.625 [pool-2-thread-1] DEBUG fr.inria.lille.repair.nopol.NoPol - statement #226
06:27:23.625 [pool-2-thread-1] DEBUG fr.inria.lille.repair.nopol.NoPol - Analysing SourceLocation okhttp3.ConnectionSpec$Builder:317 which is executed by 1 tests
06:27:23.625 [pool-2-thread-1] DEBUG fr.inria.lille.repair.nopol.NoPol - cannot spoon SourceLocation okhttp3.ConnectionSpec$Builder:317
06:27:23.625 [pool-2-thread-1] DEBUG fr.inria.lille.repair.nopol.NoPol - statement #227
06:27:23.625 [pool-2-thread-1] DEBUG fr.inria.lille.repair.nopol.NoPol - Analysing SourceLocation okhttp3.ConnectionSpec$Builder:315 which is executed by 1 tests
06:27:23.625 [pool-2-thread-1] DEBUG fr.inria.lille.repair.nopol.NoPol - cannot spoon SourceLocation okhttp3.ConnectionSpec$Builder:315
06:27:23.625 [pool-2-thread-1] DEBUG fr.inria.lille.repair.nopol.NoPol - statement #228
06:27:23.625 [pool-2-thread-1] DEBUG fr.inria.lille.repair.nopol.NoPol - Analysing SourceLocation okhttp3.ConnectionSpec$Builder:311 which is executed by 1 tests
06:27:23.625 [pool-2-thread-1] DEBUG fr.inria.lille.repair.nopol.NoPol - cannot spoon SourceLocation okhttp3.ConnectionSpec$Builder:311
06:27:23.625 [pool-2-thread-1] DEBUG fr.inria.lille.repair.nopol.NoPol - statement #229
06:27:23.625 [pool-2-thread-1] DEBUG fr.inria.lille.repair.nopol.NoPol - Analysing SourceLocation okhttp3.ConnectionSpec$Builder:308 which is executed by 1 tests
06:27:23.625 [pool-2-thread-1] DEBUG fr.inria.lille.repair.nopol.NoPol - cannot spoon SourceLocation okhttp3.ConnectionSpec$Builder:308
06:27:23.625 [pool-2-thread-1] DEBUG fr.inria.lille.repair.nopol.NoPol - statement #230
06:27:23.625 [pool-2-thread-1] DEBUG fr.inria.lille.repair.nopol.NoPol - Analysing SourceLocation okhttp3.ConnectionSpec$Builder:307 which is executed by 1 tests
06:27:23.625 [pool-2-thread-1] DEBUG fr.inria.lille.repair.nopol.NoPol - cannot spoon SourceLocation okhttp3.ConnectionSpec$Builder:307
06:27:23.625 [pool-2-thread-1] DEBUG fr.inria.lille.repair.nopol.NoPol - statement #231
06:27:23.625 [pool-2-thread-1] DEBUG fr.inria.lille.repair.nopol.NoPol - Analysing SourceLocation okhttp3.ConnectionSpec$Builder:306 which is executed by 1 tests
06:27:23.625 [pool-2-thread-1] DEBUG fr.inria.lille.repair.nopol.NoPol - cannot spoon SourceLocation okhttp3.ConnectionSpec$Builder:306
06:27:23.625 [pool-2-thread-1] DEBUG fr.inria.lille.repair.nopol.NoPol - statement #232
06:27:23.625 [pool-2-thread-1] DEBUG fr.inria.lille.repair.nopol.NoPol - Analysing SourceLocation okhttp3.ConnectionSpec$Builder:304 which is executed by 1 tests
06:27:23.625 [pool-2-thread-1] DEBUG fr.inria.lille.repair.nopol.NoPol - cannot spoon SourceLocation okhttp3.ConnectionSpec$Builder:304
06:27:23.625 [pool-2-thread-1] DEBUG fr.inria.lille.repair.nopol.NoPol - statement #233
06:27:23.625 [pool-2-thread-1] DEBUG fr.inria.lille.repair.nopol.NoPol - Analysing SourceLocation okhttp3.ConnectionSpec$Builder:294 which is executed by 1 tests
06:27:23.625 [pool-2-thread-1] DEBUG fr.inria.lille.repair.nopol.NoPol - cannot spoon SourceLocation okhttp3.ConnectionSpec$Builder:294
06:27:23.625 [pool-2-thread-1] DEBUG fr.inria.lille.repair.nopol.NoPol - statement #234
06:27:23.625 [pool-2-thread-1] DEBUG fr.inria.lille.repair.nopol.NoPol - Analysing SourceLocation okhttp3.ConnectionSpec$Builder:293 which is executed by 1 tests
06:27:23.625 [pool-2-thread-1] DEBUG fr.inria.lille.repair.nopol.NoPol - cannot spoon SourceLocation okhttp3.ConnectionSpec$Builder:293
06:27:23.626 [pool-2-thread-1] DEBUG fr.inria.lille.repair.nopol.NoPol - statement #235
06:27:23.626 [pool-2-thread-1] DEBUG fr.inria.lille.repair.nopol.NoPol - Analysing SourceLocation okhttp3.ConnectionSpec$Builder:289 which is executed by 1 tests
06:27:23.626 [pool-2-thread-1] DEBUG fr.inria.lille.repair.nopol.NoPol - cannot spoon SourceLocation okhttp3.ConnectionSpec$Builder:289
06:27:23.626 [pool-2-thread-1] DEBUG fr.inria.lille.repair.nopol.NoPol - statement #236
06:27:23.626 [pool-2-thread-1] DEBUG fr.inria.lille.repair.nopol.NoPol - Analysing SourceLocation okhttp3.ConnectionSpec$Builder:287 which is executed by 1 tests
06:27:23.626 [pool-2-thread-1] DEBUG fr.inria.lille.repair.nopol.NoPol - cannot spoon SourceLocation okhttp3.ConnectionSpec$Builder:287
06:27:23.626 [pool-2-thread-1] DEBUG fr.inria.lille.repair.nopol.NoPol - statement #237
06:27:23.626 [pool-2-thread-1] DEBUG fr.inria.lille.repair.nopol.NoPol - Analysing SourceLocation okhttp3.ConnectionSpec$Builder:283 which is executed by 1 tests
06:27:23.626 [pool-2-thread-1] DEBUG fr.inria.lille.repair.nopol.NoPol - cannot spoon SourceLocation okhttp3.ConnectionSpec$Builder:283
06:27:23.626 [pool-2-thread-1] DEBUG fr.inria.lille.repair.nopol.NoPol - statement #238
06:27:23.626 [pool-2-thread-1] DEBUG fr.inria.lille.repair.nopol.NoPol - Analysing SourceLocation okhttp3.ConnectionSpec$Builder:281 which is executed by 1 tests
06:27:23.626 [pool-2-thread-1] DEBUG fr.inria.lille.repair.nopol.NoPol - cannot spoon SourceLocation okhttp3.ConnectionSpec$Builder:281
06:27:23.626 [pool-2-thread-1] DEBUG fr.inria.lille.repair.nopol.NoPol - statement #239
06:27:23.626 [pool-2-thread-1] DEBUG fr.inria.lille.repair.nopol.NoPol - Analysing SourceLocation okhttp3.ConnectionSpec$Builder:280 which is executed by 1 tests
06:27:23.626 [pool-2-thread-1] DEBUG fr.inria.lille.repair.nopol.NoPol - cannot spoon SourceLocation okhttp3.ConnectionSpec$Builder:280
06:27:23.626 [pool-2-thread-1] DEBUG fr.inria.lille.repair.nopol.NoPol - statement #240
06:27:23.626 [pool-2-thread-1] DEBUG fr.inria.lille.repair.nopol.NoPol - Analysing SourceLocation okhttp3.ConnectionSpec$Builder:279 which is executed by 1 tests
06:27:23.626 [pool-2-thread-1] DEBUG fr.inria.lille.repair.nopol.NoPol - cannot spoon SourceLocation okhttp3.ConnectionSpec$Builder:279
06:27:23.626 [pool-2-thread-1] DEBUG fr.inria.lille.repair.nopol.NoPol - statement #241
06:27:23.626 [pool-2-thread-1] DEBUG fr.inria.lille.repair.nopol.NoPol - Analysing SourceLocation okhttp3.ConnectionSpec$Builder:277 which is executed by 1 tests
06:27:23.626 [pool-2-thread-1] DEBUG fr.inria.lille.repair.nopol.NoPol - cannot spoon SourceLocation okhttp3.ConnectionSpec$Builder:277
06:27:23.626 [pool-2-thread-1] DEBUG fr.inria.lille.repair.nopol.NoPol - statement #242
06:27:23.626 [pool-2-thread-1] DEBUG fr.inria.lille.repair.nopol.NoPol - Analysing SourceLocation okhttp3.OkHttpClient:283 which is executed by 1 tests
06:27:23.626 [pool-2-thread-1] DEBUG fr.inria.lille.repair.nopol.NoPol - cannot spoon SourceLocation okhttp3.OkHttpClient:283
06:27:23.626 [pool-2-thread-1] DEBUG fr.inria.lille.repair.nopol.NoPol - statement #243
06:27:23.626 [pool-2-thread-1] DEBUG fr.inria.lille.repair.nopol.NoPol - Analysing SourceLocation okhttp3.OkHttpClient:282 which is executed by 1 tests
06:27:23.626 [pool-2-thread-1] DEBUG fr.inria.lille.repair.nopol.NoPol - cannot spoon SourceLocation okhttp3.OkHttpClient:282
06:27:23.626 [pool-2-thread-1] DEBUG fr.inria.lille.repair.nopol.NoPol - statement #244
06:27:23.627 [pool-2-thread-1] DEBUG fr.inria.lille.repair.nopol.NoPol - Analysing SourceLocation okhttp3.OkHttpClient:281 which is executed by 1 tests
06:27:23.627 [pool-2-thread-1] DEBUG fr.inria.lille.repair.nopol.NoPol - cannot spoon SourceLocation okhttp3.OkHttpClient:281
06:27:23.627 [pool-2-thread-1] DEBUG fr.inria.lille.repair.nopol.NoPol - statement #245
06:27:23.627 [pool-2-thread-1] DEBUG fr.inria.lille.repair.nopol.NoPol - Analysing SourceLocation okhttp3.OkHttpClient:273 which is executed by 1 tests
06:27:23.627 [pool-2-thread-1] DEBUG fr.inria.lille.repair.nopol.NoPol - cannot spoon SourceLocation okhttp3.OkHttpClient:273
06:27:23.627 [pool-2-thread-1] DEBUG fr.inria.lille.repair.nopol.NoPol - statement #246
06:27:23.627 [pool-2-thread-1] DEBUG fr.inria.lille.repair.nopol.NoPol - Analysing SourceLocation okhttp3.OkHttpClient:269 which is executed by 1 tests
06:27:23.627 [pool-2-thread-1] DEBUG fr.inria.lille.repair.nopol.NoPol - cannot spoon SourceLocation okhttp3.OkHttpClient:269
06:27:23.627 [pool-2-thread-1] DEBUG fr.inria.lille.repair.nopol.NoPol - statement #247
06:27:23.627 [pool-2-thread-1] DEBUG fr.inria.lille.repair.nopol.NoPol - Analysing SourceLocation okhttp3.OkHttpClient:268 which is executed by 1 tests
06:27:23.627 [pool-2-thread-1] DEBUG fr.inria.lille.repair.nopol.NoPol - cannot spoon SourceLocation okhttp3.OkHttpClient:268
06:27:23.627 [pool-2-thread-1] DEBUG fr.inria.lille.repair.nopol.NoPol - statement #248
06:27:23.627 [pool-2-thread-1] DEBUG fr.inria.lille.repair.nopol.NoPol - Analysing SourceLocation okhttp3.OkHttpClient:267 which is executed by 1 tests
06:27:23.627 [pool-2-thread-1] DEBUG fr.inria.lille.repair.nopol.NoPol - cannot spoon SourceLocation okhttp3.OkHttpClient:267
06:27:23.627 [pool-2-thread-1] DEBUG fr.inria.lille.repair.nopol.NoPol - statement #249
06:27:23.627 [pool-2-thread-1] DEBUG fr.inria.lille.repair.nopol.NoPol - Analysing SourceLocation okhttp3.OkHttpClient:266 which is executed by 1 tests
06:27:23.627 [pool-2-thread-1] DEBUG fr.inria.lille.repair.nopol.NoPol - cannot spoon SourceLocation okhttp3.OkHttpClient:266
06:27:23.627 [pool-2-thread-1] DEBUG fr.inria.lille.repair.nopol.NoPol - statement #250
06:27:23.627 [pool-2-thread-1] DEBUG fr.inria.lille.repair.nopol.NoPol - Analysing SourceLocation feign.Util:116 which is executed by 88 tests
2647075
06:27:23.751 [pool-2-thread-1] DEBUG fr.inria.lille.repair.nopol.NoPol - statement #251
06:27:23.751 [pool-2-thread-1] DEBUG fr.inria.lille.repair.nopol.NoPol - Analysing SourceLocation feign.Util:111 which is executed by 88 tests
2647075
06:27:23.873 [pool-2-thread-1] DEBUG fr.inria.lille.repair.nopol.NoPol - looking with class fr.inria.lille.repair.nopol.spoon.smt.ConditionalAdder
Dec 27, 2018 6:27:23 AM okhttp3.mockwebserver.MockWebServer$2 execute
INFO: MockWebServer[55305] starting to accept connections
Dec 27, 2018 6:27:23 AM okhttp3.mockwebserver.MockWebServer$3 processOneRequest
INFO: MockWebServer[55305] received request: GET / HTTP/1.1 and responded: HTTP/1.1 404 Client Error
Dec 27, 2018 6:27:24 AM okhttp3.mockwebserver.MockWebServer$3 processOneRequest
INFO: MockWebServer[55305] received request: GET / HTTP/1.1 and responded: HTTP/1.1 200 OK
Dec 27, 2018 6:27:24 AM okhttp3.mockwebserver.MockWebServer$2 execute
INFO: MockWebServer[50007] starting to accept connections
Dec 27, 2018 6:27:24 AM okhttp3.mockwebserver.MockWebServer$3 processOneRequest
INFO: MockWebServer[50007] received request: GET / HTTP/1.1 and responded: HTTP/1.1 204 OK
Dec 27, 2018 6:27:24 AM okhttp3.mockwebserver.MockWebServer$2 execute
INFO: MockWebServer[57105] starting to accept connections
Dec 27, 2018 6:27:24 AM okhttp3.mockwebserver.MockWebServer$3 processOneRequest
INFO: MockWebServer[57105] received request: GET / HTTP/1.1 and responded: HTTP/1.1 200 OK
Dec 27, 2018 6:27:24 AM okhttp3.mockwebserver.MockWebServer$2 execute
INFO: MockWebServer[50065] starting to accept connections
Dec 27, 2018 6:27:24 AM okhttp3.mockwebserver.MockWebServer$3 processOneRequest
INFO: MockWebServer[50065] received request: GET / HTTP/1.1 and responded: HTTP/1.1 200 OK
Dec 27, 2018 6:27:24 AM okhttp3.mockwebserver.MockWebServer$2 execute
INFO: MockWebServer[37839] starting to accept connections
Dec 27, 2018 6:27:24 AM okhttp3.mockwebserver.MockWebServer$3 processOneRequest
INFO: MockWebServer[37839] received request: GET / HTTP/1.1 and responded: HTTP/1.1 200 OK
Dec 27, 2018 6:27:24 AM okhttp3.mockwebserver.MockWebServer$2 execute
INFO: MockWebServer[53393] starting to accept connections
Dec 27, 2018 6:27:24 AM okhttp3.mockwebserver.MockWebServer$3 processOneRequest
INFO: MockWebServer[53393] received request: GET / HTTP/1.1 and responded: HTTP/1.1 404 Client Error
Dec 27, 2018 6:27:24 AM okhttp3.mockwebserver.MockWebServer$3 processOneRequest
INFO: MockWebServer[53393] received request: GET / HTTP/1.1 and responded: HTTP/1.1 200 OK
Dec 27, 2018 6:27:24 AM okhttp3.mockwebserver.MockWebServer$2 execute
INFO: MockWebServer[54903] starting to accept connections
Dec 27, 2018 6:27:24 AM okhttp3.mockwebserver.MockWebServer$3 processOneRequest
INFO: MockWebServer[54903] received request: GET / HTTP/1.1 and responded: HTTP/1.1 204 OK
Dec 27, 2018 6:27:24 AM okhttp3.mockwebserver.MockWebServer$2 execute
INFO: MockWebServer[50049] starting to accept connections
Dec 27, 2018 6:27:24 AM okhttp3.mockwebserver.MockWebServer$3 processOneRequest
INFO: MockWebServer[50049] received request: GET / HTTP/1.1 and responded: HTTP/1.1 200 OK
Dec 27, 2018 6:27:24 AM okhttp3.mockwebserver.MockWebServer$2 execute
INFO: MockWebServer[53315] starting to accept connections
Dec 27, 2018 6:27:24 AM okhttp3.mockwebserver.MockWebServer$3 processOneRequest
INFO: MockWebServer[53315] received request: GET / HTTP/1.1 and responded: HTTP/1.1 200 OK
Dec 27, 2018 6:27:24 AM okhttp3.mockwebserver.MockWebServer$2 execute
INFO: MockWebServer[35633] starting to accept connections
Dec 27, 2018 6:27:24 AM okhttp3.mockwebserver.MockWebServer$3 processOneRequest
INFO: MockWebServer[35633] received request: GET / HTTP/1.1 and responded: HTTP/1.1 200 OK
Dec 27, 2018 6:27:24 AM okhttp3.mockwebserver.MockWebServer$2 execute
INFO: MockWebServer[37431] starting to accept connections
Dec 27, 2018 6:27:24 AM okhttp3.mockwebserver.MockWebServer$3 processOneRequest
INFO: MockWebServer[37431] received request: GET / HTTP/1.1 and responded: HTTP/1.1 404 Client Error
Dec 27, 2018 6:27:24 AM okhttp3.mockwebserver.MockWebServer$3 processOneRequest
INFO: MockWebServer[37431] received request: GET / HTTP/1.1 and responded: HTTP/1.1 200 OK
Dec 27, 2018 6:27:24 AM okhttp3.mockwebserver.MockWebServer$2 execute
INFO: MockWebServer[43967] starting to accept connections
Dec 27, 2018 6:27:24 AM okhttp3.mockwebserver.MockWebServer$3 processOneRequest
INFO: MockWebServer[43967] received request: GET / HTTP/1.1 and responded: HTTP/1.1 204 OK
Dec 27, 2018 6:27:24 AM okhttp3.mockwebserver.MockWebServer$2 execute
INFO: MockWebServer[57397] starting to accept connections
Dec 27, 2018 6:27:24 AM okhttp3.mockwebserver.MockWebServer$3 processOneRequest
INFO: MockWebServer[57397] received request: GET / HTTP/1.1 and responded: HTTP/1.1 200 OK
Dec 27, 2018 6:27:24 AM okhttp3.mockwebserver.MockWebServer$2 execute
INFO: MockWebServer[38329] starting to accept connections
Dec 27, 2018 6:27:24 AM okhttp3.mockwebserver.MockWebServer$3 processOneRequest
INFO: MockWebServer[38329] received request: GET / HTTP/1.1 and responded: HTTP/1.1 200 OK
Dec 27, 2018 6:27:24 AM okhttp3.mockwebserver.MockWebServer$2 execute
INFO: MockWebServer[55537] starting to accept connections
Dec 27, 2018 6:27:24 AM okhttp3.mockwebserver.MockWebServer$3 processOneRequest
INFO: MockWebServer[55537] received request: GET / HTTP/1.1 and responded: HTTP/1.1 200 OK
Dec 27, 2018 6:27:24 AM okhttp3.mockwebserver.MockWebServer$2 execute
INFO: MockWebServer[60987] starting to accept connections
Dec 27, 2018 6:27:24 AM okhttp3.mockwebserver.MockWebServer$3 processOneRequest
INFO: MockWebServer[60987] received request: GET / HTTP/1.1 and responded: HTTP/1.1 404 Client Error
Dec 27, 2018 6:27:24 AM okhttp3.mockwebserver.MockWebServer$3 processOneRequest
INFO: MockWebServer[60987] received request: GET / HTTP/1.1 and responded: HTTP/1.1 200 OK
Dec 27, 2018 6:27:24 AM okhttp3.mockwebserver.MockWebServer$2 execute
INFO: MockWebServer[51179] starting to accept connections
Dec 27, 2018 6:27:24 AM okhttp3.mockwebserver.MockWebServer$3 processOneRequest
INFO: MockWebServer[51179] received request: GET / HTTP/1.1 and responded: HTTP/1.1 204 OK
Dec 27, 2018 6:27:24 AM okhttp3.mockwebserver.MockWebServer$2 execute
INFO: MockWebServer[50573] starting to accept connections
Dec 27, 2018 6:27:24 AM okhttp3.mockwebserver.MockWebServer$3 processOneRequest
INFO: MockWebServer[50573] received request: GET / HTTP/1.1 and responded: HTTP/1.1 200 OK
Dec 27, 2018 6:27:24 AM okhttp3.mockwebserver.MockWebServer$2 execute
INFO: MockWebServer[32817] starting to accept connections
Dec 27, 2018 6:27:24 AM okhttp3.mockwebserver.MockWebServer$3 processOneRequest
INFO: MockWebServer[32817] received request: GET / HTTP/1.1 and responded: HTTP/1.1 200 OK
Dec 27, 2018 6:27:24 AM okhttp3.mockwebserver.MockWebServer$2 execute
INFO: MockWebServer[44741] starting to accept connections
Dec 27, 2018 6:27:24 AM okhttp3.mockwebserver.MockWebServer$3 processOneRequest
INFO: MockWebServer[44741] received request: GET / HTTP/1.1 and responded: HTTP/1.1 200 OK
Dec 27, 2018 6:27:24 AM okhttp3.mockwebserver.MockWebServer$2 execute
INFO: MockWebServer[40995] starting to accept connections
Dec 27, 2018 6:27:24 AM okhttp3.mockwebserver.MockWebServer$3 processOneRequest
INFO: MockWebServer[40995] received request: GET / HTTP/1.1 and responded: HTTP/1.1 404 Client Error
Dec 27, 2018 6:27:24 AM okhttp3.mockwebserver.MockWebServer$3 processOneRequest
INFO: MockWebServer[40995] received request: GET / HTTP/1.1 and responded: HTTP/1.1 200 OK
Dec 27, 2018 6:27:24 AM okhttp3.mockwebserver.MockWebServer$2 execute
INFO: MockWebServer[43061] starting to accept connections
Dec 27, 2018 6:27:24 AM okhttp3.mockwebserver.MockWebServer$3 processOneRequest
INFO: MockWebServer[43061] received request: GET / HTTP/1.1 and responded: HTTP/1.1 204 OK
Dec 27, 2018 6:27:24 AM okhttp3.mockwebserver.MockWebServer$2 execute
INFO: MockWebServer[36297] starting to accept connections
Dec 27, 2018 6:27:24 AM okhttp3.mockwebserver.MockWebServer$3 processOneRequest
INFO: MockWebServer[36297] received request: GET / HTTP/1.1 and responded: HTTP/1.1 200 OK
Dec 27, 2018 6:27:24 AM okhttp3.mockwebserver.MockWebServer$2 execute
INFO: MockWebServer[49515] starting to accept connections
Dec 27, 2018 6:27:24 AM okhttp3.mockwebserver.MockWebServer$3 processOneRequest
INFO: MockWebServer[49515] received request: GET / HTTP/1.1 and responded: HTTP/1.1 200 OK
Dec 27, 2018 6:27:24 AM okhttp3.mockwebserver.MockWebServer$2 execute
INFO: MockWebServer[59283] starting to accept connections
Dec 27, 2018 6:27:24 AM okhttp3.mockwebserver.MockWebServer$3 processOneRequest
INFO: MockWebServer[59283] received request: GET / HTTP/1.1 and responded: HTTP/1.1 200 OK
Dec 27, 2018 6:27:24 AM okhttp3.mockwebserver.MockWebServer$2 execute
INFO: MockWebServer[42431] starting to accept connections
Dec 27, 2018 6:27:24 AM okhttp3.mockwebserver.MockWebServer$3 processOneRequest
INFO: MockWebServer[42431] received request: GET / HTTP/1.1 and responded: HTTP/1.1 200 OK
06:27:24.267 [pool-88-thread-1] INFO  xxl.java.junit.TestCasesListener - Tests run finished (390 ms)
<> Total tests run: 27
<> Ignored tests: 0
<> Failed tests: 0

06:27:24.267 [pool-2-thread-1] ERROR fr.inria.lille.repair.nopol.NoPol - Error ExecutionException java.util.concurrent.ExecutionException: java.lang.RuntimeException: failingTestCasesValidated: nothing to repair, no failing test cases
06:27:24.267 [pool-2-thread-1] DEBUG fr.inria.lille.repair.nopol.NoPol - looking with class fr.inria.lille.repair.nopol.spoon.smt.ConditionalReplacer
Dec 27, 2018 6:27:24 AM okhttp3.mockwebserver.MockWebServer$2 execute
INFO: MockWebServer[55571] starting to accept connections
Dec 27, 2018 6:27:24 AM okhttp3.mockwebserver.MockWebServer$3 processOneRequest
INFO: MockWebServer[55571] received request: GET / HTTP/1.1 and responded: HTTP/1.1 404 Client Error
Dec 27, 2018 6:27:24 AM okhttp3.mockwebserver.MockWebServer$3 processOneRequest
INFO: MockWebServer[55571] received request: GET / HTTP/1.1 and responded: HTTP/1.1 200 OK
Dec 27, 2018 6:27:24 AM okhttp3.mockwebserver.MockWebServer$2 execute
INFO: MockWebServer[46065] starting to accept connections
Dec 27, 2018 6:27:24 AM okhttp3.mockwebserver.MockWebServer$3 processOneRequest
INFO: MockWebServer[46065] received request: GET / HTTP/1.1 and responded: HTTP/1.1 204 OK
Dec 27, 2018 6:27:24 AM okhttp3.mockwebserver.MockWebServer$2 execute
INFO: MockWebServer[38247] starting to accept connections
Dec 27, 2018 6:27:24 AM okhttp3.mockwebserver.MockWebServer$3 processOneRequest
INFO: MockWebServer[38247] received request: GET / HTTP/1.1 and responded: HTTP/1.1 200 OK
Dec 27, 2018 6:27:24 AM okhttp3.mockwebserver.MockWebServer$2 execute
INFO: MockWebServer[56049] starting to accept connections
Dec 27, 2018 6:27:24 AM okhttp3.mockwebserver.MockWebServer$3 processOneRequest
INFO: MockWebServer[56049] received request: GET / HTTP/1.1 and responded: HTTP/1.1 200 OK
Dec 27, 2018 6:27:24 AM okhttp3.mockwebserver.MockWebServer$2 execute
INFO: MockWebServer[55955] starting to accept connections
Dec 27, 2018 6:27:24 AM okhttp3.mockwebserver.MockWebServer$3 processOneRequest
INFO: MockWebServer[55955] received request: GET / HTTP/1.1 and responded: HTTP/1.1 200 OK
Dec 27, 2018 6:27:24 AM okhttp3.mockwebserver.MockWebServer$2 execute
INFO: MockWebServer[55959] starting to accept connections
Dec 27, 2018 6:27:24 AM okhttp3.mockwebserver.MockWebServer$3 processOneRequest
INFO: MockWebServer[55959] received request: GET / HTTP/1.1 and responded: HTTP/1.1 404 Client Error
Dec 27, 2018 6:27:24 AM okhttp3.mockwebserver.MockWebServer$3 processOneRequest
INFO: MockWebServer[55959] received request: GET / HTTP/1.1 and responded: HTTP/1.1 200 OK
Dec 27, 2018 6:27:24 AM okhttp3.mockwebserver.MockWebServer$2 execute
INFO: MockWebServer[45009] starting to accept connections
Dec 27, 2018 6:27:24 AM okhttp3.mockwebserver.MockWebServer$3 processOneRequest
INFO: MockWebServer[45009] received request: GET / HTTP/1.1 and responded: HTTP/1.1 204 OK
Dec 27, 2018 6:27:24 AM okhttp3.mockwebserver.MockWebServer$2 execute
INFO: MockWebServer[36577] starting to accept connections
Dec 27, 2018 6:27:24 AM okhttp3.mockwebserver.MockWebServer$3 processOneRequest
INFO: MockWebServer[36577] received request: GET / HTTP/1.1 and responded: HTTP/1.1 200 OK
Dec 27, 2018 6:27:24 AM okhttp3.mockwebserver.MockWebServer$2 execute
INFO: MockWebServer[43881] starting to accept connections
Dec 27, 2018 6:27:24 AM okhttp3.mockwebserver.MockWebServer$3 processOneRequest
INFO: MockWebServer[43881] received request: GET / HTTP/1.1 and responded: HTTP/1.1 200 OK
Dec 27, 2018 6:27:24 AM okhttp3.mockwebserver.MockWebServer$2 execute
INFO: MockWebServer[35077] starting to accept connections
Dec 27, 2018 6:27:24 AM okhttp3.mockwebserver.MockWebServer$3 processOneRequest
INFO: MockWebServer[35077] received request: GET / HTTP/1.1 and responded: HTTP/1.1 200 OK
Dec 27, 2018 6:27:24 AM okhttp3.mockwebserver.MockWebServer$2 execute
INFO: MockWebServer[55683] starting to accept connections
Dec 27, 2018 6:27:24 AM okhttp3.mockwebserver.MockWebServer$3 processOneRequest
INFO: MockWebServer[55683] received request: GET / HTTP/1.1 and responded: HTTP/1.1 404 Client Error
Dec 27, 2018 6:27:24 AM okhttp3.mockwebserver.MockWebServer$3 processOneRequest
INFO: MockWebServer[55683] received request: GET / HTTP/1.1 and responded: HTTP/1.1 200 OK
Dec 27, 2018 6:27:24 AM okhttp3.mockwebserver.MockWebServer$2 execute
INFO: MockWebServer[44833] starting to accept connections
Dec 27, 2018 6:27:24 AM okhttp3.mockwebserver.MockWebServer$3 processOneRequest
INFO: MockWebServer[44833] received request: GET / HTTP/1.1 and responded: HTTP/1.1 204 OK
Dec 27, 2018 6:27:24 AM okhttp3.mockwebserver.MockWebServer$2 execute
INFO: MockWebServer[50829] starting to accept connections
Dec 27, 2018 6:27:24 AM okhttp3.mockwebserver.MockWebServer$3 processOneRequest
INFO: MockWebServer[50829] received request: GET / HTTP/1.1 and responded: HTTP/1.1 200 OK
Dec 27, 2018 6:27:24 AM okhttp3.mockwebserver.MockWebServer$2 execute
INFO: MockWebServer[38123] starting to accept connections
Dec 27, 2018 6:27:24 AM okhttp3.mockwebserver.MockWebServer$3 processOneRequest
INFO: MockWebServer[38123] received request: GET / HTTP/1.1 and responded: HTTP/1.1 200 OK
Dec 27, 2018 6:27:24 AM okhttp3.mockwebserver.MockWebServer$2 execute
INFO: MockWebServer[55427] starting to accept connections
Dec 27, 2018 6:27:24 AM okhttp3.mockwebserver.MockWebServer$3 processOneRequest
INFO: MockWebServer[55427] received request: GET / HTTP/1.1 and responded: HTTP/1.1 200 OK
Dec 27, 2018 6:27:24 AM okhttp3.mockwebserver.MockWebServer$2 execute
INFO: MockWebServer[51989] starting to accept connections
Dec 27, 2018 6:27:24 AM okhttp3.mockwebserver.MockWebServer$3 processOneRequest
INFO: MockWebServer[51989] received request: GET / HTTP/1.1 and responded: HTTP/1.1 404 Client Error
Dec 27, 2018 6:27:24 AM okhttp3.mockwebserver.MockWebServer$3 processOneRequest
INFO: MockWebServer[51989] received request: GET / HTTP/1.1 and responded: HTTP/1.1 200 OK
Dec 27, 2018 6:27:24 AM okhttp3.mockwebserver.MockWebServer$2 execute
INFO: MockWebServer[36229] starting to accept connections
Dec 27, 2018 6:27:24 AM okhttp3.mockwebserver.MockWebServer$3 processOneRequest
INFO: MockWebServer[36229] received request: GET / HTTP/1.1 and responded: HTTP/1.1 204 OK
Dec 27, 2018 6:27:24 AM okhttp3.mockwebserver.MockWebServer$2 execute
INFO: MockWebServer[59415] starting to accept connections
Dec 27, 2018 6:27:24 AM okhttp3.mockwebserver.MockWebServer$3 processOneRequest
INFO: MockWebServer[59415] received request: GET / HTTP/1.1 and responded: HTTP/1.1 200 OK
Dec 27, 2018 6:27:24 AM okhttp3.mockwebserver.MockWebServer$2 execute
INFO: MockWebServer[58403] starting to accept connections
Dec 27, 2018 6:27:24 AM okhttp3.mockwebserver.MockWebServer$3 processOneRequest
INFO: MockWebServer[58403] received request: GET / HTTP/1.1 and responded: HTTP/1.1 200 OK
Dec 27, 2018 6:27:24 AM okhttp3.mockwebserver.MockWebServer$2 execute
INFO: MockWebServer[44823] starting to accept connections
Dec 27, 2018 6:27:24 AM okhttp3.mockwebserver.MockWebServer$3 processOneRequest
INFO: MockWebServer[44823] received request: GET / HTTP/1.1 and responded: HTTP/1.1 200 OK
Dec 27, 2018 6:27:24 AM okhttp3.mockwebserver.MockWebServer$2 execute
INFO: MockWebServer[33087] starting to accept connections
Dec 27, 2018 6:27:24 AM okhttp3.mockwebserver.MockWebServer$3 processOneRequest
INFO: MockWebServer[33087] received request: GET / HTTP/1.1 and responded: HTTP/1.1 404 Client Error
Dec 27, 2018 6:27:24 AM okhttp3.mockwebserver.MockWebServer$3 processOneRequest
INFO: MockWebServer[33087] received request: GET / HTTP/1.1 and responded: HTTP/1.1 200 OK
Dec 27, 2018 6:27:24 AM okhttp3.mockwebserver.MockWebServer$2 execute
INFO: MockWebServer[40789] starting to accept connections
Dec 27, 2018 6:27:24 AM okhttp3.mockwebserver.MockWebServer$3 processOneRequest
INFO: MockWebServer[40789] received request: GET / HTTP/1.1 and responded: HTTP/1.1 204 OK
Dec 27, 2018 6:27:24 AM okhttp3.mockwebserver.MockWebServer$2 execute
INFO: MockWebServer[38273] starting to accept connections
Dec 27, 2018 6:27:24 AM okhttp3.mockwebserver.MockWebServer$3 processOneRequest
INFO: MockWebServer[38273] received request: GET / HTTP/1.1 and responded: HTTP/1.1 200 OK
Dec 27, 2018 6:27:24 AM okhttp3.mockwebserver.MockWebServer$2 execute
INFO: MockWebServer[57125] starting to accept connections
Dec 27, 2018 6:27:24 AM okhttp3.mockwebserver.MockWebServer$3 processOneRequest
INFO: MockWebServer[57125] received request: GET / HTTP/1.1 and responded: HTTP/1.1 200 OK
Dec 27, 2018 6:27:24 AM okhttp3.mockwebserver.MockWebServer$2 execute
INFO: MockWebServer[47373] starting to accept connections
Dec 27, 2018 6:27:24 AM okhttp3.mockwebserver.MockWebServer$3 processOneRequest
INFO: MockWebServer[47373] received request: GET / HTTP/1.1 and responded: HTTP/1.1 200 OK
Dec 27, 2018 6:27:24 AM okhttp3.mockwebserver.MockWebServer$2 execute
INFO: MockWebServer[50445] starting to accept connections
Dec 27, 2018 6:27:24 AM okhttp3.mockwebserver.MockWebServer$3 processOneRequest
INFO: MockWebServer[50445] received request: GET / HTTP/1.1 and responded: HTTP/1.1 200 OK
06:27:24.694 [pool-90-thread-1] INFO  xxl.java.junit.TestCasesListener - Tests run finished (423 ms)
<> Total tests run: 27
<> Ignored tests: 0
<> Failed tests: 0

06:27:24.695 [pool-2-thread-1] ERROR fr.inria.lille.repair.nopol.NoPol - Error ExecutionException java.util.concurrent.ExecutionException: java.lang.RuntimeException: failingTestCasesValidated: nothing to repair, no failing test cases
06:27:24.695 [pool-2-thread-1] INFO  fr.inria.lille.repair.nopol.NoPol - ----INFORMATION----
06:27:24.735 [pool-2-thread-1] INFO  fr.inria.lille.repair.nopol.NoPol - Nb classes : 51
06:27:24.736 [pool-2-thread-1] INFO  fr.inria.lille.repair.nopol.NoPol - Nb methods : 208
06:27:24.736 [pool-2-thread-1] INFO  fr.inria.lille.repair.nopol.NoPol - Nb Statements Analyzed : 13
06:27:24.736 [pool-2-thread-1] INFO  fr.inria.lille.repair.nopol.NoPol - Nb Statements with Angelic Value Found : 0
06:27:24.736 [pool-2-thread-1] INFO  fr.inria.lille.repair.nopol.NoPol - NoPol Execution time : 18546ms
06:27:24.736 [pool-2-thread-1] INFO  fr.inria.lille.repair.nopol.NoPol - 
NO_ANGELIC_VALUE
Command exited with non-zero status 255
43.93user 2.42system 0:19.94elapsed 232%CPU (0avgtext+0avgdata 1069636maxresident)k
45592inputs+5784outputs (4major+353952minor)pagefaults 0swaps


Node: graphene-121.nancy.grid5000.fr



Date: Thu Dec 27 06:27:25 EST 2018

