cd /tmp/DynaMoth_Bug_dot_jar_Commons-Math_d4b02f6a;
export JAVA_TOOL_OPTIONS="-Dfile.encoding=UTF8 -Duser.language=en-US -Duser.country=US -Duser.language=en";
TZ="America/New_York"; export TZ;
export PATH="/usr/lib/jvm/java-1.8.0-openjdk-amd64/bin/:$PATH";
export JAVA_HOME="/usr/lib/jvm/java-1.8.0-openjdk-amd64/bin/";
time java -Xmx4048m -cp /home/tdurieux/defects4j4repair/script/../repair_tools/nopol.jar:/usr/lib/jvm/java-1.8.0-openjdk-amd64/bin//../lib/tools.jar fr.inria.lille.repair.Main \
	--mode repair \
	--type pre_then_cond \
	--oracle angelic \
	--synthesis dynamoth \
	--flocal gzoltar \
	--json \
	--solver z3 \
	--solver-path /home/tdurieux/defects4j4repair/script/../libs/z3/build/z3 \
	--complianceLevel 7 \
	--source src/main/java \
	--classpath "target/classes:target/test-classes:/home/tdurieux/.m2/repository/junit/junit/4.4/junit-4.4.jar:/home/tdurieux/defects4j4repair/script/../repair_tools/nopol.jar";
	echo "\n\nNode: `hostname`\n";
	echo "\n\nDate: `date`\n";
Picked up JAVA_TOOL_OPTIONS: -Dfile.encoding=UTF8 -Duser.language=en-US -Duser.country=US -Duser.language=en
17:28:20.740 [main] INFO  fr.inria.lille.repair.nopol.NoPol - Source files: [src/main/java]
17:28:20.752 [main] INFO  fr.inria.lille.repair.nopol.NoPol - Classpath: [file:/tmp/DynaMoth_Bug_dot_jar_Commons-Math_d4b02f6a/target/classes/, file:/tmp/DynaMoth_Bug_dot_jar_Commons-Math_d4b02f6a/target/test-classes/, file:/home/tdurieux/.m2/repository/junit/junit/4.4/junit-4.4.jar, file:/home/tdurieux/defects4j4repair/script/../repair_tools/nopol.jar]
17:28:20.752 [main] INFO  fr.inria.lille.repair.nopol.NoPol - Statement type: PRE_THEN_COND
17:28:20.752 [main] INFO  fr.inria.lille.repair.nopol.NoPol - Args: [org.apache.commons.math.ArgumentOutsideDomainExceptionTest, org.apache.commons.math.ConvergenceExceptionTest, org.apache.commons.math.DuplicateSampleAbscissaExceptionTest, org.apache.commons.math.FunctionEvaluationExceptionTest, org.apache.commons.math.MathConfigurationExceptionTest, org.apache.commons.math.MathExceptionTest, org.apache.commons.math.MaxIterationsExceededExceptionTest, org.apache.commons.math.analysis.BinaryFunctionTest, org.apache.commons.math.analysis.ComposableFunctionTest, org.apache.commons.math.analysis.integration.LegendreGaussIntegratorTest, org.apache.commons.math.analysis.integration.RombergIntegratorTest, org.apache.commons.math.analysis.integration.SimpsonIntegratorTest, org.apache.commons.math.analysis.integration.TrapezoidIntegratorTest, org.apache.commons.math.analysis.interpolation.BicubicSplineInterpolatingFunctionTest, org.apache.commons.math.analysis.interpolation.BicubicSplineInterpolatorTest, org.apache.commons.math.analysis.interpolation.DividedDifferenceInterpolatorTest, org.apache.commons.math.analysis.interpolation.LinearInterpolatorTest, org.apache.commons.math.analysis.interpolation.LoessInterpolatorTest, org.apache.commons.math.analysis.interpolation.MicrosphereInterpolatorTest, org.apache.commons.math.analysis.interpolation.NevilleInterpolatorTest, org.apache.commons.math.analysis.interpolation.SmoothingBicubicSplineInterpolatorTest, org.apache.commons.math.analysis.interpolation.SmoothingPolynomialBicubicSplineInterpolatorTest, org.apache.commons.math.analysis.interpolation.SplineInterpolatorTest, org.apache.commons.math.analysis.interpolation.TricubicSplineInterpolatingFunctionTest, org.apache.commons.math.analysis.interpolation.TricubicSplineInterpolatorTest, org.apache.commons.math.analysis.polynomials.PolynomialFunctionLagrangeFormTest, org.apache.commons.math.analysis.polynomials.PolynomialFunctionNewtonFormTest, org.apache.commons.math.analysis.polynomials.PolynomialFunctionTest, org.apache.commons.math.analysis.polynomials.PolynomialSplineFunctionTest, org.apache.commons.math.analysis.polynomials.PolynomialsUtilsTest, org.apache.commons.math.analysis.solvers.BisectionSolverTest, org.apache.commons.math.analysis.solvers.BrentSolverTest, org.apache.commons.math.analysis.solvers.LaguerreSolverTest, org.apache.commons.math.analysis.solvers.MullerSolverTest, org.apache.commons.math.analysis.solvers.NewtonSolverTest, org.apache.commons.math.analysis.solvers.RiddersSolverTest, org.apache.commons.math.analysis.solvers.UnivariateRealSolverFactoryImplTest, org.apache.commons.math.analysis.solvers.UnivariateRealSolverUtilsTest, org.apache.commons.math.complex.ComplexFieldTest, org.apache.commons.math.complex.ComplexFormatTest, org.apache.commons.math.complex.ComplexTest, org.apache.commons.math.complex.ComplexUtilsTest, org.apache.commons.math.complex.FrenchComplexFormatTest, org.apache.commons.math.distribution.BetaDistributionTest, org.apache.commons.math.distribution.BinomialDistributionTest, org.apache.commons.math.distribution.CauchyDistributionTest, org.apache.commons.math.distribution.ChiSquareDistributionTest, org.apache.commons.math.distribution.ExponentialDistributionTest, org.apache.commons.math.distribution.FDistributionTest, org.apache.commons.math.distribution.GammaDistributionTest, org.apache.commons.math.distribution.HypergeometricDistributionTest, org.apache.commons.math.distribution.NormalDistributionTest, org.apache.commons.math.distribution.PascalDistributionTest, org.apache.commons.math.distribution.PoissonDistributionTest, org.apache.commons.math.distribution.TDistributionTest, org.apache.commons.math.distribution.WeibullDistributionTest, org.apache.commons.math.distribution.ZipfDistributionTest, org.apache.commons.math.estimation.EstimatedParameterTest, org.apache.commons.math.estimation.GaussNewtonEstimatorTest, org.apache.commons.math.estimation.LevenbergMarquardtEstimatorTest, org.apache.commons.math.estimation.MinpackTest, org.apache.commons.math.estimation.WeightedMeasurementTest, org.apache.commons.math.exception.DimensionMismatchExceptionTest, org.apache.commons.math.exception.NonMonotonousSequenceExceptionTest, org.apache.commons.math.exception.NotPositiveExceptionTest, org.apache.commons.math.exception.NotStrictlyPositiveExceptionTest, org.apache.commons.math.exception.NumberIsTooLargeExceptionTest, org.apache.commons.math.exception.NumberIsTooSmallExceptionTest, org.apache.commons.math.exception.OutOfRangeExceptionTest, org.apache.commons.math.fraction.BigFractionFieldTest, org.apache.commons.math.fraction.BigFractionFormatTest, org.apache.commons.math.fraction.BigFractionTest, org.apache.commons.math.fraction.FractionFieldTest, org.apache.commons.math.fraction.FractionFormatTest, org.apache.commons.math.fraction.FractionTest, org.apache.commons.math.genetics.BinaryChromosomeTest, org.apache.commons.math.genetics.BinaryMutationTest, org.apache.commons.math.genetics.ChromosomeTest, org.apache.commons.math.genetics.ElitisticListPopulationTest, org.apache.commons.math.genetics.FitnessCachingTest, org.apache.commons.math.genetics.FixedGenerationCountTest, org.apache.commons.math.genetics.GeneticAlgorithmTestBinary, org.apache.commons.math.genetics.GeneticAlgorithmTestPermutations, org.apache.commons.math.genetics.ListPopulationTest, org.apache.commons.math.genetics.OnePointCrossoverTest, org.apache.commons.math.genetics.RandomKeyMutationTest, org.apache.commons.math.genetics.RandomKeyTest, org.apache.commons.math.genetics.TournamentSelectionTest, org.apache.commons.math.geometry.FrenchVector3DFormatTest, org.apache.commons.math.geometry.RotationOrderTest, org.apache.commons.math.geometry.RotationTest, org.apache.commons.math.geometry.Vector3DFormatTest, org.apache.commons.math.geometry.Vector3DTest, org.apache.commons.math.linear.AbstractRealVectorTest, org.apache.commons.math.linear.Array2DRowRealMatrixTest, org.apache.commons.math.linear.ArrayFieldVectorTest, org.apache.commons.math.linear.ArrayRealVectorTest, org.apache.commons.math.linear.BiDiagonalTransformerTest, org.apache.commons.math.linear.BigMatrixImplTest, org.apache.commons.math.linear.BlockFieldMatrixTest, org.apache.commons.math.linear.BlockRealMatrixTest, org.apache.commons.math.linear.CholeskyDecompositionImplTest, org.apache.commons.math.linear.CholeskySolverTest, org.apache.commons.math.linear.EigenDecompositionImplTest, org.apache.commons.math.linear.EigenSolverTest, org.apache.commons.math.linear.FieldLUDecompositionImplTest, org.apache.commons.math.linear.FieldMatrixImplTest, org.apache.commons.math.linear.FrenchRealVectorFormatTest, org.apache.commons.math.linear.InvalidMatrixExceptionTest, org.apache.commons.math.linear.LUDecompositionImplTest, org.apache.commons.math.linear.LUSolverTest, org.apache.commons.math.linear.MatrixIndexExceptionTest, org.apache.commons.math.linear.MatrixUtilsTest, org.apache.commons.math.linear.QRDecompositionImplTest, org.apache.commons.math.linear.QRSolverTest, org.apache.commons.math.linear.RealMatrixImplTest, org.apache.commons.math.linear.RealVectorFormatTest, org.apache.commons.math.linear.SingularValueDecompositionImplTest, org.apache.commons.math.linear.SingularValueSolverTest, org.apache.commons.math.linear.SparseFieldMatrixTest, org.apache.commons.math.linear.SparseFieldVectorTest, org.apache.commons.math.linear.SparseRealMatrixTest, org.apache.commons.math.linear.SparseRealVectorTest, org.apache.commons.math.linear.TriDiagonalTransformerTest, org.apache.commons.math.ode.ContinuousOutputModelTest, org.apache.commons.math.ode.FirstOrderConverterTest, org.apache.commons.math.ode.events.EventStateTest, org.apache.commons.math.ode.jacobians.FirstOrderIntegratorWithJacobiansTest, org.apache.commons.math.ode.nonstiff.AdamsBashforthIntegratorTest, org.apache.commons.math.ode.nonstiff.AdamsMoultonIntegratorTest, org.apache.commons.math.ode.nonstiff.ClassicalRungeKuttaIntegratorTest, org.apache.commons.math.ode.nonstiff.ClassicalRungeKuttaStepInterpolatorTest, org.apache.commons.math.ode.nonstiff.DormandPrince54IntegratorTest, org.apache.commons.math.ode.nonstiff.DormandPrince54StepInterpolatorTest, org.apache.commons.math.ode.nonstiff.DormandPrince853IntegratorTest, org.apache.commons.math.ode.nonstiff.DormandPrince853StepInterpolatorTest, org.apache.commons.math.ode.nonstiff.EulerIntegratorTest, org.apache.commons.math.ode.nonstiff.EulerStepInterpolatorTest, org.apache.commons.math.ode.nonstiff.GillIntegratorTest, org.apache.commons.math.ode.nonstiff.GillStepInterpolatorTest, org.apache.commons.math.ode.nonstiff.GraggBulirschStoerIntegratorTest, org.apache.commons.math.ode.nonstiff.GraggBulirschStoerStepInterpolatorTest, org.apache.commons.math.ode.nonstiff.HighamHall54IntegratorTest, org.apache.commons.math.ode.nonstiff.HighamHall54StepInterpolatorTest, org.apache.commons.math.ode.nonstiff.MidpointIntegratorTest, org.apache.commons.math.ode.nonstiff.MidpointStepInterpolatorTest, org.apache.commons.math.ode.nonstiff.ThreeEighthesIntegratorTest, org.apache.commons.math.ode.nonstiff.ThreeEighthesStepInterpolatorTest, org.apache.commons.math.ode.sampling.DummyStepInterpolatorTest, org.apache.commons.math.ode.sampling.NordsieckStepInterpolatorTest, org.apache.commons.math.ode.sampling.StepNormalizerTest, org.apache.commons.math.optimization.MultiStartDifferentiableMultivariateRealOptimizerTest, org.apache.commons.math.optimization.MultiStartDifferentiableMultivariateVectorialOptimizerTest, org.apache.commons.math.optimization.MultiStartMultivariateRealOptimizerTest, org.apache.commons.math.optimization.MultiStartUnivariateRealOptimizerTest, org.apache.commons.math.optimization.direct.MultiDirectionalTest, org.apache.commons.math.optimization.direct.NelderMeadTest, org.apache.commons.math.optimization.fitting.CurveFitterTest, org.apache.commons.math.optimization.fitting.HarmonicFitterTest, org.apache.commons.math.optimization.fitting.PolynomialFitterTest, org.apache.commons.math.optimization.general.GaussNewtonOptimizerTest, org.apache.commons.math.optimization.general.LevenbergMarquardtOptimizerTest, org.apache.commons.math.optimization.general.MinpackTest, org.apache.commons.math.optimization.general.NonLinearConjugateGradientOptimizerTest, org.apache.commons.math.optimization.linear.SimplexSolverTest, org.apache.commons.math.optimization.linear.SimplexTableauTest, org.apache.commons.math.optimization.univariate.BrentMinimizerTest, org.apache.commons.math.random.AbstractRandomGeneratorTest, org.apache.commons.math.random.CorrelatedRandomVectorGeneratorTest, org.apache.commons.math.random.EmpiricalDistributionTest, org.apache.commons.math.random.GaussianRandomGeneratorTest, org.apache.commons.math.random.MersenneTwisterTest, org.apache.commons.math.random.RandomAdaptorTest, org.apache.commons.math.random.RandomDataTest, org.apache.commons.math.random.UncorrelatedRandomVectorGeneratorTest, org.apache.commons.math.random.UniformRandomGeneratorTest, org.apache.commons.math.random.ValueServerTest, org.apache.commons.math.special.BetaTest, org.apache.commons.math.special.ErfTest, org.apache.commons.math.special.GammaTest, org.apache.commons.math.stat.CertifiedDataTest, org.apache.commons.math.stat.FrequencyTest, org.apache.commons.math.stat.StatUtilsTest, org.apache.commons.math.stat.clustering.EuclideanIntegerPointTest, org.apache.commons.math.stat.clustering.KMeansPlusPlusClustererTest, org.apache.commons.math.stat.correlation.CovarianceTest, org.apache.commons.math.stat.correlation.PearsonsCorrelationTest, org.apache.commons.math.stat.correlation.SpearmansRankCorrelationTest, org.apache.commons.math.stat.data.LewTest, org.apache.commons.math.stat.data.LotteryTest, org.apache.commons.math.stat.descriptive.AbstractUnivariateStatisticTest, org.apache.commons.math.stat.descriptive.AggregateSummaryStatisticsTest, org.apache.commons.math.stat.descriptive.DescriptiveStatisticsTest, org.apache.commons.math.stat.descriptive.InteractionTest, org.apache.commons.math.stat.descriptive.ListUnivariateImplTest, org.apache.commons.math.stat.descriptive.MixedListUnivariateImplTest, org.apache.commons.math.stat.descriptive.MultivariateSummaryStatisticsTest, org.apache.commons.math.stat.descriptive.StatisticalSummaryValuesTest, org.apache.commons.math.stat.descriptive.SummaryStatisticsTest, org.apache.commons.math.stat.descriptive.SynchronizedDescriptiveStatisticsTest, org.apache.commons.math.stat.descriptive.SynchronizedMultivariateSummaryStatisticsTest, org.apache.commons.math.stat.descriptive.SynchronizedSummaryStatisticsTest, org.apache.commons.math.stat.descriptive.moment.FirstMomentTest, org.apache.commons.math.stat.descriptive.moment.FourthMomentTest, org.apache.commons.math.stat.descriptive.moment.GeometricMeanTest, org.apache.commons.math.stat.descriptive.moment.KurtosisTest, org.apache.commons.math.stat.descriptive.moment.MeanTest, org.apache.commons.math.stat.descriptive.moment.SecondMomentTest, org.apache.commons.math.stat.descriptive.moment.SemiVarianceTest, org.apache.commons.math.stat.descriptive.moment.SkewnessTest, org.apache.commons.math.stat.descriptive.moment.StandardDeviationTest, org.apache.commons.math.stat.descriptive.moment.ThirdMomentTest, org.apache.commons.math.stat.descriptive.moment.VarianceTest, org.apache.commons.math.stat.descriptive.moment.VectorialCovarianceTest, org.apache.commons.math.stat.descriptive.moment.VectorialMeanTest, org.apache.commons.math.stat.descriptive.rank.MaxTest, org.apache.commons.math.stat.descriptive.rank.MedianTest, org.apache.commons.math.stat.descriptive.rank.MinTest, org.apache.commons.math.stat.descriptive.rank.PercentileTest, org.apache.commons.math.stat.descriptive.summary.ProductTest, org.apache.commons.math.stat.descriptive.summary.SumLogTest, org.apache.commons.math.stat.descriptive.summary.SumSqTest, org.apache.commons.math.stat.descriptive.summary.SumTest, org.apache.commons.math.stat.inference.ChiSquareFactoryTest, org.apache.commons.math.stat.inference.ChiSquareTestTest, org.apache.commons.math.stat.inference.OneWayAnovaTest, org.apache.commons.math.stat.inference.TTestFactoryTest, org.apache.commons.math.stat.inference.TTestTest, org.apache.commons.math.stat.inference.TestUtilsTest, org.apache.commons.math.stat.ranking.NaturalRankingTest, org.apache.commons.math.stat.regression.GLSMultipleLinearRegressionTest, org.apache.commons.math.stat.regression.OLSMultipleLinearRegressionTest, org.apache.commons.math.stat.regression.SimpleRegressionTest, org.apache.commons.math.transform.FastCosineTransformerTest, org.apache.commons.math.transform.FastFourierTransformerTest, org.apache.commons.math.transform.FastHadamardTransformerTest, org.apache.commons.math.transform.FastSineTransformerTest, org.apache.commons.math.util.BigRealFieldTest, org.apache.commons.math.util.BigRealTest, org.apache.commons.math.util.ContinuedFractionTest, org.apache.commons.math.util.DefaultTransformerTest, org.apache.commons.math.util.MathUtilsTest, org.apache.commons.math.util.MultidimensionalCounterTest, org.apache.commons.math.util.OpenIntToDoubleHashMapTest, org.apache.commons.math.util.OpenIntToFieldTest, org.apache.commons.math.util.ResizableDoubleArrayTest, org.apache.commons.math.util.TransformerMapTest]
17:28:20.755 [main] INFO  fr.inria.lille.repair.nopol.NoPol - Config: Config{synthesisDepth=3, collectStaticMethods=true, collectStaticFields=false, collectLiterals=false, onlyOneSynthesisResult=true, sortExpressions=true, maxLineInvocationPerTest=250, timeoutMethodInvocation=2000, dataCollectionTimeoutInSecondForSynthesis=900, addWeight=0.19478, subWeight=0.04554, mulWeight=0.0102, divWeight=0.00613, andWeight=0.10597, orWeight=0.05708, eqWeight=0.22798, nEqWeight=0.0, lessEqWeight=0.0255, lessWeight=0.0947, methodCallWeight=0.1, fieldAccessWeight=0.08099, constantWeight=0.14232, variableWeight=0.05195, mode=REPAIR, type=PRE_THEN_COND, synthesis=DYNAMOTH, oracle=ANGELIC, solver=Z3, solverPath='/home/tdurieux/defects4j4repair/script/../libs/z3/build/z3', projectSources=[src/main/java], projectClasspath='[Ljava.net.URL;@2ff4f00f', projectTests=[org.apache.commons.math.ArgumentOutsideDomainExceptionTest, org.apache.commons.math.ConvergenceExceptionTest, org.apache.commons.math.DuplicateSampleAbscissaExceptionTest, org.apache.commons.math.FunctionEvaluationExceptionTest, org.apache.commons.math.MathConfigurationExceptionTest, org.apache.commons.math.MathExceptionTest, org.apache.commons.math.MaxIterationsExceededExceptionTest, org.apache.commons.math.analysis.BinaryFunctionTest, org.apache.commons.math.analysis.ComposableFunctionTest, org.apache.commons.math.analysis.integration.LegendreGaussIntegratorTest, org.apache.commons.math.analysis.integration.RombergIntegratorTest, org.apache.commons.math.analysis.integration.SimpsonIntegratorTest, org.apache.commons.math.analysis.integration.TrapezoidIntegratorTest, org.apache.commons.math.analysis.interpolation.BicubicSplineInterpolatingFunctionTest, org.apache.commons.math.analysis.interpolation.BicubicSplineInterpolatorTest, org.apache.commons.math.analysis.interpolation.DividedDifferenceInterpolatorTest, org.apache.commons.math.analysis.interpolation.LinearInterpolatorTest, org.apache.commons.math.analysis.interpolation.LoessInterpolatorTest, org.apache.commons.math.analysis.interpolation.MicrosphereInterpolatorTest, org.apache.commons.math.analysis.interpolation.NevilleInterpolatorTest, org.apache.commons.math.analysis.interpolation.SmoothingBicubicSplineInterpolatorTest, org.apache.commons.math.analysis.interpolation.SmoothingPolynomialBicubicSplineInterpolatorTest, org.apache.commons.math.analysis.interpolation.SplineInterpolatorTest, org.apache.commons.math.analysis.interpolation.TricubicSplineInterpolatingFunctionTest, org.apache.commons.math.analysis.interpolation.TricubicSplineInterpolatorTest, org.apache.commons.math.analysis.polynomials.PolynomialFunctionLagrangeFormTest, org.apache.commons.math.analysis.polynomials.PolynomialFunctionNewtonFormTest, org.apache.commons.math.analysis.polynomials.PolynomialFunctionTest, org.apache.commons.math.analysis.polynomials.PolynomialSplineFunctionTest, org.apache.commons.math.analysis.polynomials.PolynomialsUtilsTest, org.apache.commons.math.analysis.solvers.BisectionSolverTest, org.apache.commons.math.analysis.solvers.BrentSolverTest, org.apache.commons.math.analysis.solvers.LaguerreSolverTest, org.apache.commons.math.analysis.solvers.MullerSolverTest, org.apache.commons.math.analysis.solvers.NewtonSolverTest, org.apache.commons.math.analysis.solvers.RiddersSolverTest, org.apache.commons.math.analysis.solvers.UnivariateRealSolverFactoryImplTest, org.apache.commons.math.analysis.solvers.UnivariateRealSolverUtilsTest, org.apache.commons.math.complex.ComplexFieldTest, org.apache.commons.math.complex.ComplexFormatTest, org.apache.commons.math.complex.ComplexTest, org.apache.commons.math.complex.ComplexUtilsTest, org.apache.commons.math.complex.FrenchComplexFormatTest, org.apache.commons.math.distribution.BetaDistributionTest, org.apache.commons.math.distribution.BinomialDistributionTest, org.apache.commons.math.distribution.CauchyDistributionTest, org.apache.commons.math.distribution.ChiSquareDistributionTest, org.apache.commons.math.distribution.ExponentialDistributionTest, org.apache.commons.math.distribution.FDistributionTest, org.apache.commons.math.distribution.GammaDistributionTest, org.apache.commons.math.distribution.HypergeometricDistributionTest, org.apache.commons.math.distribution.NormalDistributionTest, org.apache.commons.math.distribution.PascalDistributionTest, org.apache.commons.math.distribution.PoissonDistributionTest, org.apache.commons.math.distribution.TDistributionTest, org.apache.commons.math.distribution.WeibullDistributionTest, org.apache.commons.math.distribution.ZipfDistributionTest, org.apache.commons.math.estimation.EstimatedParameterTest, org.apache.commons.math.estimation.GaussNewtonEstimatorTest, org.apache.commons.math.estimation.LevenbergMarquardtEstimatorTest, org.apache.commons.math.estimation.MinpackTest, org.apache.commons.math.estimation.WeightedMeasurementTest, org.apache.commons.math.exception.DimensionMismatchExceptionTest, org.apache.commons.math.exception.NonMonotonousSequenceExceptionTest, org.apache.commons.math.exception.NotPositiveExceptionTest, org.apache.commons.math.exception.NotStrictlyPositiveExceptionTest, org.apache.commons.math.exception.NumberIsTooLargeExceptionTest, org.apache.commons.math.exception.NumberIsTooSmallExceptionTest, org.apache.commons.math.exception.OutOfRangeExceptionTest, org.apache.commons.math.fraction.BigFractionFieldTest, org.apache.commons.math.fraction.BigFractionFormatTest, org.apache.commons.math.fraction.BigFractionTest, org.apache.commons.math.fraction.FractionFieldTest, org.apache.commons.math.fraction.FractionFormatTest, org.apache.commons.math.fraction.FractionTest, org.apache.commons.math.genetics.BinaryChromosomeTest, org.apache.commons.math.genetics.BinaryMutationTest, org.apache.commons.math.genetics.ChromosomeTest, org.apache.commons.math.genetics.ElitisticListPopulationTest, org.apache.commons.math.genetics.FitnessCachingTest, org.apache.commons.math.genetics.FixedGenerationCountTest, org.apache.commons.math.genetics.GeneticAlgorithmTestBinary, org.apache.commons.math.genetics.GeneticAlgorithmTestPermutations, org.apache.commons.math.genetics.ListPopulationTest, org.apache.commons.math.genetics.OnePointCrossoverTest, org.apache.commons.math.genetics.RandomKeyMutationTest, org.apache.commons.math.genetics.RandomKeyTest, org.apache.commons.math.genetics.TournamentSelectionTest, org.apache.commons.math.geometry.FrenchVector3DFormatTest, org.apache.commons.math.geometry.RotationOrderTest, org.apache.commons.math.geometry.RotationTest, org.apache.commons.math.geometry.Vector3DFormatTest, org.apache.commons.math.geometry.Vector3DTest, org.apache.commons.math.linear.AbstractRealVectorTest, org.apache.commons.math.linear.Array2DRowRealMatrixTest, org.apache.commons.math.linear.ArrayFieldVectorTest, org.apache.commons.math.linear.ArrayRealVectorTest, org.apache.commons.math.linear.BiDiagonalTransformerTest, org.apache.commons.math.linear.BigMatrixImplTest, org.apache.commons.math.linear.BlockFieldMatrixTest, org.apache.commons.math.linear.BlockRealMatrixTest, org.apache.commons.math.linear.CholeskyDecompositionImplTest, org.apache.commons.math.linear.CholeskySolverTest, org.apache.commons.math.linear.EigenDecompositionImplTest, org.apache.commons.math.linear.EigenSolverTest, org.apache.commons.math.linear.FieldLUDecompositionImplTest, org.apache.commons.math.linear.FieldMatrixImplTest, org.apache.commons.math.linear.FrenchRealVectorFormatTest, org.apache.commons.math.linear.InvalidMatrixExceptionTest, org.apache.commons.math.linear.LUDecompositionImplTest, org.apache.commons.math.linear.LUSolverTest, org.apache.commons.math.linear.MatrixIndexExceptionTest, org.apache.commons.math.linear.MatrixUtilsTest, org.apache.commons.math.linear.QRDecompositionImplTest, org.apache.commons.math.linear.QRSolverTest, org.apache.commons.math.linear.RealMatrixImplTest, org.apache.commons.math.linear.RealVectorFormatTest, org.apache.commons.math.linear.SingularValueDecompositionImplTest, org.apache.commons.math.linear.SingularValueSolverTest, org.apache.commons.math.linear.SparseFieldMatrixTest, org.apache.commons.math.linear.SparseFieldVectorTest, org.apache.commons.math.linear.SparseRealMatrixTest, org.apache.commons.math.linear.SparseRealVectorTest, org.apache.commons.math.linear.TriDiagonalTransformerTest, org.apache.commons.math.ode.ContinuousOutputModelTest, org.apache.commons.math.ode.FirstOrderConverterTest, org.apache.commons.math.ode.events.EventStateTest, org.apache.commons.math.ode.jacobians.FirstOrderIntegratorWithJacobiansTest, org.apache.commons.math.ode.nonstiff.AdamsBashforthIntegratorTest, org.apache.commons.math.ode.nonstiff.AdamsMoultonIntegratorTest, org.apache.commons.math.ode.nonstiff.ClassicalRungeKuttaIntegratorTest, org.apache.commons.math.ode.nonstiff.ClassicalRungeKuttaStepInterpolatorTest, org.apache.commons.math.ode.nonstiff.DormandPrince54IntegratorTest, org.apache.commons.math.ode.nonstiff.DormandPrince54StepInterpolatorTest, org.apache.commons.math.ode.nonstiff.DormandPrince853IntegratorTest, org.apache.commons.math.ode.nonstiff.DormandPrince853StepInterpolatorTest, org.apache.commons.math.ode.nonstiff.EulerIntegratorTest, org.apache.commons.math.ode.nonstiff.EulerStepInterpolatorTest, org.apache.commons.math.ode.nonstiff.GillIntegratorTest, org.apache.commons.math.ode.nonstiff.GillStepInterpolatorTest, org.apache.commons.math.ode.nonstiff.GraggBulirschStoerIntegratorTest, org.apache.commons.math.ode.nonstiff.GraggBulirschStoerStepInterpolatorTest, org.apache.commons.math.ode.nonstiff.HighamHall54IntegratorTest, org.apache.commons.math.ode.nonstiff.HighamHall54StepInterpolatorTest, org.apache.commons.math.ode.nonstiff.MidpointIntegratorTest, org.apache.commons.math.ode.nonstiff.MidpointStepInterpolatorTest, org.apache.commons.math.ode.nonstiff.ThreeEighthesIntegratorTest, org.apache.commons.math.ode.nonstiff.ThreeEighthesStepInterpolatorTest, org.apache.commons.math.ode.sampling.DummyStepInterpolatorTest, org.apache.commons.math.ode.sampling.NordsieckStepInterpolatorTest, org.apache.commons.math.ode.sampling.StepNormalizerTest, org.apache.commons.math.optimization.MultiStartDifferentiableMultivariateRealOptimizerTest, org.apache.commons.math.optimization.MultiStartDifferentiableMultivariateVectorialOptimizerTest, org.apache.commons.math.optimization.MultiStartMultivariateRealOptimizerTest, org.apache.commons.math.optimization.MultiStartUnivariateRealOptimizerTest, org.apache.commons.math.optimization.direct.MultiDirectionalTest, org.apache.commons.math.optimization.direct.NelderMeadTest, org.apache.commons.math.optimization.fitting.CurveFitterTest, org.apache.commons.math.optimization.fitting.HarmonicFitterTest, org.apache.commons.math.optimization.fitting.PolynomialFitterTest, org.apache.commons.math.optimization.general.GaussNewtonOptimizerTest, org.apache.commons.math.optimization.general.LevenbergMarquardtOptimizerTest, org.apache.commons.math.optimization.general.MinpackTest, org.apache.commons.math.optimization.general.NonLinearConjugateGradientOptimizerTest, org.apache.commons.math.optimization.linear.SimplexSolverTest, org.apache.commons.math.optimization.linear.SimplexTableauTest, org.apache.commons.math.optimization.univariate.BrentMinimizerTest, org.apache.commons.math.random.AbstractRandomGeneratorTest, org.apache.commons.math.random.CorrelatedRandomVectorGeneratorTest, org.apache.commons.math.random.EmpiricalDistributionTest, org.apache.commons.math.random.GaussianRandomGeneratorTest, org.apache.commons.math.random.MersenneTwisterTest, org.apache.commons.math.random.RandomAdaptorTest, org.apache.commons.math.random.RandomDataTest, org.apache.commons.math.random.UncorrelatedRandomVectorGeneratorTest, org.apache.commons.math.random.UniformRandomGeneratorTest, org.apache.commons.math.random.ValueServerTest, org.apache.commons.math.special.BetaTest, org.apache.commons.math.special.ErfTest, org.apache.commons.math.special.GammaTest, org.apache.commons.math.stat.CertifiedDataTest, org.apache.commons.math.stat.FrequencyTest, org.apache.commons.math.stat.StatUtilsTest, org.apache.commons.math.stat.clustering.EuclideanIntegerPointTest, org.apache.commons.math.stat.clustering.KMeansPlusPlusClustererTest, org.apache.commons.math.stat.correlation.CovarianceTest, org.apache.commons.math.stat.correlation.PearsonsCorrelationTest, org.apache.commons.math.stat.correlation.SpearmansRankCorrelationTest, org.apache.commons.math.stat.data.LewTest, org.apache.commons.math.stat.data.LotteryTest, org.apache.commons.math.stat.descriptive.AbstractUnivariateStatisticTest, org.apache.commons.math.stat.descriptive.AggregateSummaryStatisticsTest, org.apache.commons.math.stat.descriptive.DescriptiveStatisticsTest, org.apache.commons.math.stat.descriptive.InteractionTest, org.apache.commons.math.stat.descriptive.ListUnivariateImplTest, org.apache.commons.math.stat.descriptive.MixedListUnivariateImplTest, org.apache.commons.math.stat.descriptive.MultivariateSummaryStatisticsTest, org.apache.commons.math.stat.descriptive.StatisticalSummaryValuesTest, org.apache.commons.math.stat.descriptive.SummaryStatisticsTest, org.apache.commons.math.stat.descriptive.SynchronizedDescriptiveStatisticsTest, org.apache.commons.math.stat.descriptive.SynchronizedMultivariateSummaryStatisticsTest, org.apache.commons.math.stat.descriptive.SynchronizedSummaryStatisticsTest, org.apache.commons.math.stat.descriptive.moment.FirstMomentTest, org.apache.commons.math.stat.descriptive.moment.FourthMomentTest, org.apache.commons.math.stat.descriptive.moment.GeometricMeanTest, org.apache.commons.math.stat.descriptive.moment.KurtosisTest, org.apache.commons.math.stat.descriptive.moment.MeanTest, org.apache.commons.math.stat.descriptive.moment.SecondMomentTest, org.apache.commons.math.stat.descriptive.moment.SemiVarianceTest, org.apache.commons.math.stat.descriptive.moment.SkewnessTest, org.apache.commons.math.stat.descriptive.moment.StandardDeviationTest, org.apache.commons.math.stat.descriptive.moment.ThirdMomentTest, org.apache.commons.math.stat.descriptive.moment.VarianceTest, org.apache.commons.math.stat.descriptive.moment.VectorialCovarianceTest, org.apache.commons.math.stat.descriptive.moment.VectorialMeanTest, org.apache.commons.math.stat.descriptive.rank.MaxTest, org.apache.commons.math.stat.descriptive.rank.MedianTest, org.apache.commons.math.stat.descriptive.rank.MinTest, org.apache.commons.math.stat.descriptive.rank.PercentileTest, org.apache.commons.math.stat.descriptive.summary.ProductTest, org.apache.commons.math.stat.descriptive.summary.SumLogTest, org.apache.commons.math.stat.descriptive.summary.SumSqTest, org.apache.commons.math.stat.descriptive.summary.SumTest, org.apache.commons.math.stat.inference.ChiSquareFactoryTest, org.apache.commons.math.stat.inference.ChiSquareTestTest, org.apache.commons.math.stat.inference.OneWayAnovaTest, org.apache.commons.math.stat.inference.TTestFactoryTest, org.apache.commons.math.stat.inference.TTestTest, org.apache.commons.math.stat.inference.TestUtilsTest, org.apache.commons.math.stat.ranking.NaturalRankingTest, org.apache.commons.math.stat.regression.GLSMultipleLinearRegressionTest, org.apache.commons.math.stat.regression.OLSMultipleLinearRegressionTest, org.apache.commons.math.stat.regression.SimpleRegressionTest, org.apache.commons.math.transform.FastCosineTransformerTest, org.apache.commons.math.transform.FastFourierTransformerTest, org.apache.commons.math.transform.FastHadamardTransformerTest, org.apache.commons.math.transform.FastSineTransformerTest, org.apache.commons.math.util.BigRealFieldTest, org.apache.commons.math.util.BigRealTest, org.apache.commons.math.util.ContinuedFractionTest, org.apache.commons.math.util.DefaultTransformerTest, org.apache.commons.math.util.MathUtilsTest, org.apache.commons.math.util.MultidimensionalCounterTest, org.apache.commons.math.util.OpenIntToDoubleHashMapTest, org.apache.commons.math.util.OpenIntToFieldTest, org.apache.commons.math.util.ResizableDoubleArrayTest, org.apache.commons.math.util.TransformerMapTest], complianceLevel=7, outputFolder=., json=true}
17:28:20.755 [main] INFO  fr.inria.lille.repair.nopol.NoPol - Available processors (cores): 24
17:28:20.761 [main] INFO  fr.inria.lille.repair.nopol.NoPol - Free memory: 427 MB
17:28:20.762 [main] INFO  fr.inria.lille.repair.nopol.NoPol - Maximum memory: 3 GB
17:28:20.762 [main] INFO  fr.inria.lille.repair.nopol.NoPol - Total memory available to JVM: 483 MB
17:28:20.762 [main] INFO  fr.inria.lille.repair.nopol.NoPol - Java version: 1.8.0_181
17:28:20.763 [main] INFO  fr.inria.lille.repair.nopol.NoPol - JAVA_HOME: /usr/lib/jvm/java-1.8.0-openjdk-amd64/bin/
17:28:20.763 [main] INFO  fr.inria.lille.repair.nopol.NoPol - PATH: /usr/lib/jvm/java-1.8.0-openjdk-amd64/bin/:/usr/lib/oar/oardodo:/usr/lib/oar/oardodo:/usr/local/bin:/usr/bin:/bin:/usr/games
17:28:43.827 [pool-2-thread-1] DEBUG fr.inria.lille.repair.nopol.NoPol - statement #1
17:28:43.828 [pool-2-thread-1] DEBUG fr.inria.lille.repair.nopol.NoPol - Analysing SourceLocation org.apache.commons.math.optimization.MultiStartUnivariateRealOptimizer:297 which is executed by 1 tests
-35370545
17:28:44.126 [pool-2-thread-1] DEBUG fr.inria.lille.repair.nopol.NoPol - looking with class fr.inria.lille.repair.nopol.spoon.smt.ConditionalAdder
java.lang.AssertionError: expected:<-0.27195612846834> but was:<-0.27194301946870036>
    at org.junit.Assert.fail(Assert.java:88)
    at org.junit.Assert.failNotEquals(Assert.java:743)
    at org.junit.Assert.assertEquals(Assert.java:494)
    at org.junit.Assert.assertEquals(Assert.java:592)
    at org.apache.commons.math.optimization.MultiStartUnivariateRealOptimizerTest.testQuinticMin(MultiStartUnivariateRealOptimizerTest.java:86)
    at sun.reflect.NativeMethodAccessorImpl.invoke0(Native Method)
17:28:44.183 [pool-4-thread-1] INFO  xxl.java.junit.TestCasesListener - Tests run finished (26 ms)
<> Total tests run: 2
<> Ignored tests: 0
<> Failed tests: 1
~ testQuinticMin(org.apache.commons.math.optimization.MultiStartUnivariateRealOptimizerTest)
[expected:<-0.27195612846834> but was:<-0.27194301946870036>]
java.lang.AssertionError: expected:<-0.27195612846834> but was:<-0.27194301946870036>    at org.junit.Assert.fail(Assert.java:88)
    at org.junit.Assert.failNotEquals(Assert.java:743)
    at org.junit.Assert.assertEquals(Assert.java:494)
    at org.junit.Assert.assertEquals(Assert.java:592)
    at org.apache.commons.math.optimization.MultiStartUnivariateRealOptimizerTest.testQuinticMin(MultiStartUnivariateRealOptimizerTest.java:86)
    at sun.reflect.NativeMethodAccessorImpl.invoke0(Native Method)

17:28:44.856 [pool-2-thread-1] DEBUG fr.inria.lille.repair.nopol.NoPol - statement #2
17:28:44.857 [pool-2-thread-1] DEBUG fr.inria.lille.repair.nopol.NoPol - Analysing SourceLocation org.apache.commons.math.optimization.MultiStartUnivariateRealOptimizer:296 which is executed by 1 tests
-35370545
17:28:44.950 [pool-2-thread-1] DEBUG fr.inria.lille.repair.nopol.NoPol - looking with class fr.inria.lille.repair.nopol.spoon.smt.ConditionalAdder
java.lang.AssertionError: expected:<-0.27195612846834> but was:<-0.27194301946870036>
    at org.junit.Assert.fail(Assert.java:88)
    at org.junit.Assert.failNotEquals(Assert.java:743)
    at org.junit.Assert.assertEquals(Assert.java:494)
    at org.junit.Assert.assertEquals(Assert.java:592)
    at org.apache.commons.math.optimization.MultiStartUnivariateRealOptimizerTest.testQuinticMin(MultiStartUnivariateRealOptimizerTest.java:86)
    at sun.reflect.NativeMethodAccessorImpl.invoke0(Native Method)
17:28:44.969 [pool-8-thread-1] INFO  xxl.java.junit.TestCasesListener - Tests run finished (15 ms)
<> Total tests run: 2
<> Ignored tests: 0
<> Failed tests: 1
~ testQuinticMin(org.apache.commons.math.optimization.MultiStartUnivariateRealOptimizerTest)
[expected:<-0.27195612846834> but was:<-0.27194301946870036>]
java.lang.AssertionError: expected:<-0.27195612846834> but was:<-0.27194301946870036>    at org.junit.Assert.fail(Assert.java:88)
    at org.junit.Assert.failNotEquals(Assert.java:743)
    at org.junit.Assert.assertEquals(Assert.java:494)
    at org.junit.Assert.assertEquals(Assert.java:592)
    at org.apache.commons.math.optimization.MultiStartUnivariateRealOptimizerTest.testQuinticMin(MultiStartUnivariateRealOptimizerTest.java:86)
    at sun.reflect.NativeMethodAccessorImpl.invoke0(Native Method)

17:28:45.188 [pool-2-thread-1] DEBUG fr.inria.lille.repair.nopol.NoPol - statement #3
17:28:45.188 [pool-2-thread-1] DEBUG fr.inria.lille.repair.nopol.NoPol - Analysing SourceLocation org.apache.commons.math.optimization.MultiStartUnivariateRealOptimizer:295 which is executed by 1 tests
-35370545
17:28:45.281 [pool-2-thread-1] DEBUG fr.inria.lille.repair.nopol.NoPol - looking with class fr.inria.lille.repair.nopol.spoon.smt.ConditionalAdder
java.lang.AssertionError: expected:<-0.27195612846834> but was:<-0.27194301946870036>
    at org.junit.Assert.fail(Assert.java:88)
    at org.junit.Assert.failNotEquals(Assert.java:743)
    at org.junit.Assert.assertEquals(Assert.java:494)
    at org.junit.Assert.assertEquals(Assert.java:592)
    at org.apache.commons.math.optimization.MultiStartUnivariateRealOptimizerTest.testQuinticMin(MultiStartUnivariateRealOptimizerTest.java:86)
    at sun.reflect.NativeMethodAccessorImpl.invoke0(Native Method)
17:28:45.298 [pool-12-thread-1] INFO  xxl.java.junit.TestCasesListener - Tests run finished (13 ms)
<> Total tests run: 2
<> Ignored tests: 0
<> Failed tests: 1
~ testQuinticMin(org.apache.commons.math.optimization.MultiStartUnivariateRealOptimizerTest)
[expected:<-0.27195612846834> but was:<-0.27194301946870036>]
java.lang.AssertionError: expected:<-0.27195612846834> but was:<-0.27194301946870036>    at org.junit.Assert.fail(Assert.java:88)
    at org.junit.Assert.failNotEquals(Assert.java:743)
    at org.junit.Assert.assertEquals(Assert.java:494)
    at org.junit.Assert.assertEquals(Assert.java:592)
    at org.apache.commons.math.optimization.MultiStartUnivariateRealOptimizerTest.testQuinticMin(MultiStartUnivariateRealOptimizerTest.java:86)
    at sun.reflect.NativeMethodAccessorImpl.invoke0(Native Method)

17:28:45.508 [pool-2-thread-1] DEBUG fr.inria.lille.repair.nopol.NoPol - statement #4
17:28:45.508 [pool-2-thread-1] DEBUG fr.inria.lille.repair.nopol.NoPol - Analysing SourceLocation org.apache.commons.math.optimization.MultiStartUnivariateRealOptimizer:294 which is executed by 1 tests
-35370545
17:28:45.608 [pool-2-thread-1] DEBUG fr.inria.lille.repair.nopol.NoPol - looking with class fr.inria.lille.repair.nopol.spoon.smt.ConditionalAdder
java.lang.AssertionError: expected:<-0.27195612846834> but was:<-0.27194301946870036>
    at org.junit.Assert.fail(Assert.java:88)
    at org.junit.Assert.failNotEquals(Assert.java:743)
    at org.junit.Assert.assertEquals(Assert.java:494)
    at org.junit.Assert.assertEquals(Assert.java:592)
    at org.apache.commons.math.optimization.MultiStartUnivariateRealOptimizerTest.testQuinticMin(MultiStartUnivariateRealOptimizerTest.java:86)
    at sun.reflect.NativeMethodAccessorImpl.invoke0(Native Method)
17:28:45.658 [pool-16-thread-1] INFO  xxl.java.junit.TestCasesListener - Tests run finished (13 ms)
<> Total tests run: 2
<> Ignored tests: 0
<> Failed tests: 1
~ testQuinticMin(org.apache.commons.math.optimization.MultiStartUnivariateRealOptimizerTest)
[expected:<-0.27195612846834> but was:<-0.27194301946870036>]
java.lang.AssertionError: expected:<-0.27195612846834> but was:<-0.27194301946870036>    at org.junit.Assert.fail(Assert.java:88)
    at org.junit.Assert.failNotEquals(Assert.java:743)
    at org.junit.Assert.assertEquals(Assert.java:494)
    at org.junit.Assert.assertEquals(Assert.java:592)
    at org.apache.commons.math.optimization.MultiStartUnivariateRealOptimizerTest.testQuinticMin(MultiStartUnivariateRealOptimizerTest.java:86)
    at sun.reflect.NativeMethodAccessorImpl.invoke0(Native Method)

17:28:45.831 [pool-2-thread-1] DEBUG fr.inria.lille.repair.nopol.NoPol - statement #5
17:28:45.832 [pool-2-thread-1] DEBUG fr.inria.lille.repair.nopol.NoPol - Analysing SourceLocation org.apache.commons.math.optimization.MultiStartUnivariateRealOptimizer:288 which is executed by 1 tests
-35370545
17:28:45.916 [pool-2-thread-1] DEBUG fr.inria.lille.repair.nopol.NoPol - looking with class fr.inria.lille.repair.nopol.spoon.smt.ConditionalAdder
java.lang.AssertionError: expected:<-0.27195612846834> but was:<-0.27194301946870036>
    at org.junit.Assert.fail(Assert.java:88)
    at org.junit.Assert.failNotEquals(Assert.java:743)
    at org.junit.Assert.assertEquals(Assert.java:494)
    at org.junit.Assert.assertEquals(Assert.java:592)
    at org.apache.commons.math.optimization.MultiStartUnivariateRealOptimizerTest.testQuinticMin(MultiStartUnivariateRealOptimizerTest.java:86)
    at sun.reflect.NativeMethodAccessorImpl.invoke0(Native Method)
17:28:45.932 [pool-20-thread-1] INFO  xxl.java.junit.TestCasesListener - Tests run finished (13 ms)
<> Total tests run: 2
<> Ignored tests: 0
<> Failed tests: 1
~ testQuinticMin(org.apache.commons.math.optimization.MultiStartUnivariateRealOptimizerTest)
[expected:<-0.27195612846834> but was:<-0.27194301946870036>]
java.lang.AssertionError: expected:<-0.27195612846834> but was:<-0.27194301946870036>    at org.junit.Assert.fail(Assert.java:88)
    at org.junit.Assert.failNotEquals(Assert.java:743)
    at org.junit.Assert.assertEquals(Assert.java:494)
    at org.junit.Assert.assertEquals(Assert.java:592)
    at org.apache.commons.math.optimization.MultiStartUnivariateRealOptimizerTest.testQuinticMin(MultiStartUnivariateRealOptimizerTest.java:86)
    at sun.reflect.NativeMethodAccessorImpl.invoke0(Native Method)

17:28:46.100 [pool-2-thread-1] DEBUG fr.inria.lille.repair.nopol.NoPol - statement #6
17:28:46.101 [pool-2-thread-1] DEBUG fr.inria.lille.repair.nopol.NoPol - Analysing SourceLocation org.apache.commons.math.optimization.MultiStartUnivariateRealOptimizer:287 which is executed by 1 tests
-35370545
17:28:46.182 [pool-2-thread-1] DEBUG fr.inria.lille.repair.nopol.NoPol - looking with class fr.inria.lille.repair.nopol.spoon.smt.ConditionalAdder
java.lang.AssertionError: expected:<-0.27195612846834> but was:<-0.27194301946870036>
    at org.junit.Assert.fail(Assert.java:88)
    at org.junit.Assert.failNotEquals(Assert.java:743)
    at org.junit.Assert.assertEquals(Assert.java:494)
    at org.junit.Assert.assertEquals(Assert.java:592)
    at org.apache.commons.math.optimization.MultiStartUnivariateRealOptimizerTest.testQuinticMin(MultiStartUnivariateRealOptimizerTest.java:86)
    at sun.reflect.NativeMethodAccessorImpl.invoke0(Native Method)
17:28:46.208 [pool-24-thread-1] INFO  xxl.java.junit.TestCasesListener - Tests run finished (20 ms)
<> Total tests run: 2
<> Ignored tests: 0
<> Failed tests: 1
~ testQuinticMin(org.apache.commons.math.optimization.MultiStartUnivariateRealOptimizerTest)
[expected:<-0.27195612846834> but was:<-0.27194301946870036>]
java.lang.AssertionError: expected:<-0.27195612846834> but was:<-0.27194301946870036>    at org.junit.Assert.fail(Assert.java:88)
    at org.junit.Assert.failNotEquals(Assert.java:743)
    at org.junit.Assert.assertEquals(Assert.java:494)
    at org.junit.Assert.assertEquals(Assert.java:592)
    at org.apache.commons.math.optimization.MultiStartUnivariateRealOptimizerTest.testQuinticMin(MultiStartUnivariateRealOptimizerTest.java:86)
    at sun.reflect.NativeMethodAccessorImpl.invoke0(Native Method)

17:28:46.619 [pool-2-thread-1] DEBUG fr.inria.lille.repair.nopol.NoPol - statement #7
17:28:46.619 [pool-2-thread-1] DEBUG fr.inria.lille.repair.nopol.NoPol - Analysing SourceLocation org.apache.commons.math.optimization.MultiStartUnivariateRealOptimizer:286 which is executed by 1 tests
-35370545
17:28:46.745 [pool-2-thread-1] DEBUG fr.inria.lille.repair.nopol.NoPol - looking with class fr.inria.lille.repair.nopol.spoon.smt.ConditionalAdder
java.lang.AssertionError: expected:<-0.27195612846834> but was:<-0.27194301946870036>
    at org.junit.Assert.fail(Assert.java:88)
    at org.junit.Assert.failNotEquals(Assert.java:743)
    at org.junit.Assert.assertEquals(Assert.java:494)
    at org.junit.Assert.assertEquals(Assert.java:592)
    at org.apache.commons.math.optimization.MultiStartUnivariateRealOptimizerTest.testQuinticMin(MultiStartUnivariateRealOptimizerTest.java:86)
    at sun.reflect.NativeMethodAccessorImpl.invoke0(Native Method)
17:28:46.762 [pool-28-thread-1] INFO  xxl.java.junit.TestCasesListener - Tests run finished (13 ms)
<> Total tests run: 2
<> Ignored tests: 0
<> Failed tests: 1
~ testQuinticMin(org.apache.commons.math.optimization.MultiStartUnivariateRealOptimizerTest)
[expected:<-0.27195612846834> but was:<-0.27194301946870036>]
java.lang.AssertionError: expected:<-0.27195612846834> but was:<-0.27194301946870036>    at org.junit.Assert.fail(Assert.java:88)
    at org.junit.Assert.failNotEquals(Assert.java:743)
    at org.junit.Assert.assertEquals(Assert.java:494)
    at org.junit.Assert.assertEquals(Assert.java:592)
    at org.apache.commons.math.optimization.MultiStartUnivariateRealOptimizerTest.testQuinticMin(MultiStartUnivariateRealOptimizerTest.java:86)
    at sun.reflect.NativeMethodAccessorImpl.invoke0(Native Method)

17:30:10.372 [pool-2-thread-1] DEBUG fr.inria.lille.repair.nopol.NoPol - looking with class fr.inria.lille.repair.nopol.spoon.smt.ConditionalReplacer
java.lang.AssertionError: expected:<-0.27195612846834> but was:<-0.27194301946870036>
    at org.junit.Assert.fail(Assert.java:88)
    at org.junit.Assert.failNotEquals(Assert.java:743)
    at org.junit.Assert.assertEquals(Assert.java:494)
    at org.junit.Assert.assertEquals(Assert.java:592)
    at org.apache.commons.math.optimization.MultiStartUnivariateRealOptimizerTest.testQuinticMin(MultiStartUnivariateRealOptimizerTest.java:86)
    at sun.reflect.NativeMethodAccessorImpl.invoke0(Native Method)
17:30:10.390 [pool-32-thread-1] INFO  xxl.java.junit.TestCasesListener - Tests run finished (14 ms)
<> Total tests run: 2
<> Ignored tests: 0
<> Failed tests: 1
~ testQuinticMin(org.apache.commons.math.optimization.MultiStartUnivariateRealOptimizerTest)
[expected:<-0.27195612846834> but was:<-0.27194301946870036>]
java.lang.AssertionError: expected:<-0.27195612846834> but was:<-0.27194301946870036>    at org.junit.Assert.fail(Assert.java:88)
    at org.junit.Assert.failNotEquals(Assert.java:743)
    at org.junit.Assert.assertEquals(Assert.java:494)
    at org.junit.Assert.assertEquals(Assert.java:592)
    at org.apache.commons.math.optimization.MultiStartUnivariateRealOptimizerTest.testQuinticMin(MultiStartUnivariateRealOptimizerTest.java:86)
    at sun.reflect.NativeMethodAccessorImpl.invoke0(Native Method)

17:30:10.575 [pool-2-thread-1] DEBUG fr.inria.lille.repair.nopol.NoPol - statement #8
17:30:10.576 [pool-2-thread-1] DEBUG fr.inria.lille.repair.nopol.NoPol - Analysing SourceLocation org.apache.commons.math.optimization.MultiStartUnivariateRealOptimizer:285 which is executed by 1 tests
-35370545
17:30:10.659 [pool-2-thread-1] DEBUG fr.inria.lille.repair.nopol.NoPol - looking with class fr.inria.lille.repair.nopol.spoon.smt.ConditionalAdder
java.lang.AssertionError: expected:<-0.27195612846834> but was:<-0.27194301946870036>
    at org.junit.Assert.fail(Assert.java:88)
    at org.junit.Assert.failNotEquals(Assert.java:743)
    at org.junit.Assert.assertEquals(Assert.java:494)
    at org.junit.Assert.assertEquals(Assert.java:592)
    at org.apache.commons.math.optimization.MultiStartUnivariateRealOptimizerTest.testQuinticMin(MultiStartUnivariateRealOptimizerTest.java:86)
    at sun.reflect.NativeMethodAccessorImpl.invoke0(Native Method)
17:30:10.675 [pool-36-thread-1] INFO  xxl.java.junit.TestCasesListener - Tests run finished (13 ms)
<> Total tests run: 2
<> Ignored tests: 0
<> Failed tests: 1
~ testQuinticMin(org.apache.commons.math.optimization.MultiStartUnivariateRealOptimizerTest)
[expected:<-0.27195612846834> but was:<-0.27194301946870036>]
java.lang.AssertionError: expected:<-0.27195612846834> but was:<-0.27194301946870036>    at org.junit.Assert.fail(Assert.java:88)
    at org.junit.Assert.failNotEquals(Assert.java:743)
    at org.junit.Assert.assertEquals(Assert.java:494)
    at org.junit.Assert.assertEquals(Assert.java:592)
    at org.apache.commons.math.optimization.MultiStartUnivariateRealOptimizerTest.testQuinticMin(MultiStartUnivariateRealOptimizerTest.java:86)
    at sun.reflect.NativeMethodAccessorImpl.invoke0(Native Method)

17:30:10.821 [pool-2-thread-1] DEBUG fr.inria.lille.repair.nopol.NoPol - statement #9
17:30:10.821 [pool-2-thread-1] DEBUG fr.inria.lille.repair.nopol.NoPol - Analysing SourceLocation org.apache.commons.math.optimization.MultiStartUnivariateRealOptimizer:284 which is executed by 1 tests
-35370545
17:30:10.925 [pool-2-thread-1] DEBUG fr.inria.lille.repair.nopol.NoPol - looking with class fr.inria.lille.repair.nopol.spoon.smt.ConditionalAdder
java.lang.AssertionError: expected:<-0.27195612846834> but was:<-0.27194301946870036>
    at org.junit.Assert.fail(Assert.java:88)
    at org.junit.Assert.failNotEquals(Assert.java:743)
    at org.junit.Assert.assertEquals(Assert.java:494)
    at org.junit.Assert.assertEquals(Assert.java:592)
    at org.apache.commons.math.optimization.MultiStartUnivariateRealOptimizerTest.testQuinticMin(MultiStartUnivariateRealOptimizerTest.java:86)
    at sun.reflect.NativeMethodAccessorImpl.invoke0(Native Method)
17:30:10.942 [pool-40-thread-1] INFO  xxl.java.junit.TestCasesListener - Tests run finished (13 ms)
<> Total tests run: 2
<> Ignored tests: 0
<> Failed tests: 1
~ testQuinticMin(org.apache.commons.math.optimization.MultiStartUnivariateRealOptimizerTest)
[expected:<-0.27195612846834> but was:<-0.27194301946870036>]
java.lang.AssertionError: expected:<-0.27195612846834> but was:<-0.27194301946870036>    at org.junit.Assert.fail(Assert.java:88)
    at org.junit.Assert.failNotEquals(Assert.java:743)
    at org.junit.Assert.assertEquals(Assert.java:494)
    at org.junit.Assert.assertEquals(Assert.java:592)
    at org.apache.commons.math.optimization.MultiStartUnivariateRealOptimizerTest.testQuinticMin(MultiStartUnivariateRealOptimizerTest.java:86)
    at sun.reflect.NativeMethodAccessorImpl.invoke0(Native Method)

17:30:11.101 [pool-2-thread-1] DEBUG fr.inria.lille.repair.nopol.NoPol - statement #10
17:30:11.101 [pool-2-thread-1] DEBUG fr.inria.lille.repair.nopol.NoPol - Analysing SourceLocation org.apache.commons.math.optimization.MultiStartUnivariateRealOptimizer:283 which is executed by 1 tests
-35370545
17:30:11.185 [pool-2-thread-1] DEBUG fr.inria.lille.repair.nopol.NoPol - looking with class fr.inria.lille.repair.nopol.spoon.smt.ConditionalAdder
java.lang.AssertionError: expected:<-0.27195612846834> but was:<-0.27194301946870036>
    at org.junit.Assert.fail(Assert.java:88)
    at org.junit.Assert.failNotEquals(Assert.java:743)
    at org.junit.Assert.assertEquals(Assert.java:494)
    at org.junit.Assert.assertEquals(Assert.java:592)
    at org.apache.commons.math.optimization.MultiStartUnivariateRealOptimizerTest.testQuinticMin(MultiStartUnivariateRealOptimizerTest.java:86)
    at sun.reflect.NativeMethodAccessorImpl.invoke0(Native Method)
17:30:11.202 [pool-44-thread-1] INFO  xxl.java.junit.TestCasesListener - Tests run finished (13 ms)
<> Total tests run: 2
<> Ignored tests: 0
<> Failed tests: 1
~ testQuinticMin(org.apache.commons.math.optimization.MultiStartUnivariateRealOptimizerTest)
[expected:<-0.27195612846834> but was:<-0.27194301946870036>]
java.lang.AssertionError: expected:<-0.27195612846834> but was:<-0.27194301946870036>    at org.junit.Assert.fail(Assert.java:88)
    at org.junit.Assert.failNotEquals(Assert.java:743)
    at org.junit.Assert.assertEquals(Assert.java:494)
    at org.junit.Assert.assertEquals(Assert.java:592)
    at org.apache.commons.math.optimization.MultiStartUnivariateRealOptimizerTest.testQuinticMin(MultiStartUnivariateRealOptimizerTest.java:86)
    at sun.reflect.NativeMethodAccessorImpl.invoke0(Native Method)

17:30:11.342 [pool-2-thread-1] DEBUG fr.inria.lille.repair.nopol.NoPol - statement #11
17:30:11.342 [pool-2-thread-1] DEBUG fr.inria.lille.repair.nopol.NoPol - Analysing SourceLocation org.apache.commons.math.optimization.MultiStartUnivariateRealOptimizer:282 which is executed by 1 tests
-35370545
17:30:11.422 [pool-2-thread-1] DEBUG fr.inria.lille.repair.nopol.NoPol - statement #12
17:30:11.423 [pool-2-thread-1] DEBUG fr.inria.lille.repair.nopol.NoPol - Analysing SourceLocation org.apache.commons.math.optimization.MultiStartUnivariateRealOptimizer:281 which is executed by 1 tests
-35370545
17:30:11.503 [pool-2-thread-1] DEBUG fr.inria.lille.repair.nopol.NoPol - statement #13
17:30:11.503 [pool-2-thread-1] DEBUG fr.inria.lille.repair.nopol.NoPol - Analysing SourceLocation org.apache.commons.math.optimization.MultiStartUnivariateRealOptimizer:280 which is executed by 1 tests
-35370545
17:30:11.583 [pool-2-thread-1] DEBUG fr.inria.lille.repair.nopol.NoPol - statement #14
17:30:11.583 [pool-2-thread-1] DEBUG fr.inria.lille.repair.nopol.NoPol - Analysing SourceLocation org.apache.commons.math.optimization.MultiStartUnivariateRealOptimizer:220 which is executed by 1 tests
-35370545
17:30:11.662 [pool-2-thread-1] DEBUG fr.inria.lille.repair.nopol.NoPol - looking with class fr.inria.lille.repair.nopol.spoon.smt.ConditionalAdder
java.lang.AssertionError: expected:<-0.27195612846834> but was:<-0.27194301946870036>
    at org.junit.Assert.fail(Assert.java:88)
    at org.junit.Assert.failNotEquals(Assert.java:743)
    at org.junit.Assert.assertEquals(Assert.java:494)
    at org.junit.Assert.assertEquals(Assert.java:592)
    at org.apache.commons.math.optimization.MultiStartUnivariateRealOptimizerTest.testQuinticMin(MultiStartUnivariateRealOptimizerTest.java:86)
    at sun.reflect.NativeMethodAccessorImpl.invoke0(Native Method)
17:30:11.678 [pool-48-thread-1] INFO  xxl.java.junit.TestCasesListener - Tests run finished (13 ms)
<> Total tests run: 2
<> Ignored tests: 0
<> Failed tests: 1
~ testQuinticMin(org.apache.commons.math.optimization.MultiStartUnivariateRealOptimizerTest)
[expected:<-0.27195612846834> but was:<-0.27194301946870036>]
java.lang.AssertionError: expected:<-0.27195612846834> but was:<-0.27194301946870036>    at org.junit.Assert.fail(Assert.java:88)
    at org.junit.Assert.failNotEquals(Assert.java:743)
    at org.junit.Assert.assertEquals(Assert.java:494)
    at org.junit.Assert.assertEquals(Assert.java:592)
    at org.apache.commons.math.optimization.MultiStartUnivariateRealOptimizerTest.testQuinticMin(MultiStartUnivariateRealOptimizerTest.java:86)
    at sun.reflect.NativeMethodAccessorImpl.invoke0(Native Method)

17:30:11.815 [pool-2-thread-1] DEBUG fr.inria.lille.repair.nopol.NoPol - statement #15
17:30:11.816 [pool-2-thread-1] DEBUG fr.inria.lille.repair.nopol.NoPol - Analysing SourceLocation org.apache.commons.math.optimization.MultiStartUnivariateRealOptimizer:194 which is executed by 1 tests
-35370545
17:30:11.909 [pool-2-thread-1] DEBUG fr.inria.lille.repair.nopol.NoPol - looking with class fr.inria.lille.repair.nopol.spoon.smt.ConditionalAdder
java.lang.AssertionError: expected:<-0.27195612846834> but was:<-0.27194301946870036>
    at org.junit.Assert.fail(Assert.java:88)
    at org.junit.Assert.failNotEquals(Assert.java:743)
    at org.junit.Assert.assertEquals(Assert.java:494)
    at org.junit.Assert.assertEquals(Assert.java:592)
    at org.apache.commons.math.optimization.MultiStartUnivariateRealOptimizerTest.testQuinticMin(MultiStartUnivariateRealOptimizerTest.java:86)
    at sun.reflect.NativeMethodAccessorImpl.invoke0(Native Method)
17:30:11.924 [pool-52-thread-1] INFO  xxl.java.junit.TestCasesListener - Tests run finished (12 ms)
<> Total tests run: 2
<> Ignored tests: 0
<> Failed tests: 1
~ testQuinticMin(org.apache.commons.math.optimization.MultiStartUnivariateRealOptimizerTest)
[expected:<-0.27195612846834> but was:<-0.27194301946870036>]
java.lang.AssertionError: expected:<-0.27195612846834> but was:<-0.27194301946870036>    at org.junit.Assert.fail(Assert.java:88)
    at org.junit.Assert.failNotEquals(Assert.java:743)
    at org.junit.Assert.assertEquals(Assert.java:494)
    at org.junit.Assert.assertEquals(Assert.java:592)
    at org.apache.commons.math.optimization.MultiStartUnivariateRealOptimizerTest.testQuinticMin(MultiStartUnivariateRealOptimizerTest.java:86)
    at sun.reflect.NativeMethodAccessorImpl.invoke0(Native Method)

17:30:12.098 [pool-2-thread-1] DEBUG fr.inria.lille.repair.nopol.NoPol - statement #16
17:30:12.099 [pool-2-thread-1] DEBUG fr.inria.lille.repair.nopol.NoPol - Analysing SourceLocation org.apache.commons.math.optimization.MultiStartUnivariateRealOptimizer:163 which is executed by 1 tests
-35370545
17:30:12.189 [pool-2-thread-1] DEBUG fr.inria.lille.repair.nopol.NoPol - statement #17
17:30:12.189 [pool-2-thread-1] DEBUG fr.inria.lille.repair.nopol.NoPol - Analysing SourceLocation org.apache.commons.math.optimization.MultiStartUnivariateRealOptimizer:162 which is executed by 1 tests
-35370545
17:30:12.271 [pool-2-thread-1] DEBUG fr.inria.lille.repair.nopol.NoPol - looking with class fr.inria.lille.repair.nopol.spoon.smt.ConditionalAdder
java.lang.AssertionError: expected:<-0.27195612846834> but was:<-0.27194301946870036>
    at org.junit.Assert.fail(Assert.java:88)
    at org.junit.Assert.failNotEquals(Assert.java:743)
    at org.junit.Assert.assertEquals(Assert.java:494)
    at org.junit.Assert.assertEquals(Assert.java:592)
    at org.apache.commons.math.optimization.MultiStartUnivariateRealOptimizerTest.testQuinticMin(MultiStartUnivariateRealOptimizerTest.java:86)
    at sun.reflect.NativeMethodAccessorImpl.invoke0(Native Method)
17:30:12.288 [pool-56-thread-1] INFO  xxl.java.junit.TestCasesListener - Tests run finished (13 ms)
<> Total tests run: 2
<> Ignored tests: 0
<> Failed tests: 1
~ testQuinticMin(org.apache.commons.math.optimization.MultiStartUnivariateRealOptimizerTest)
[expected:<-0.27195612846834> but was:<-0.27194301946870036>]
java.lang.AssertionError: expected:<-0.27195612846834> but was:<-0.27194301946870036>    at org.junit.Assert.fail(Assert.java:88)
    at org.junit.Assert.failNotEquals(Assert.java:743)
    at org.junit.Assert.assertEquals(Assert.java:494)
    at org.junit.Assert.assertEquals(Assert.java:592)
    at org.apache.commons.math.optimization.MultiStartUnivariateRealOptimizerTest.testQuinticMin(MultiStartUnivariateRealOptimizerTest.java:86)
    at sun.reflect.NativeMethodAccessorImpl.invoke0(Native Method)

17:30:12.455 [pool-2-thread-1] DEBUG fr.inria.lille.repair.nopol.NoPol - statement #18
17:30:12.456 [pool-2-thread-1] DEBUG fr.inria.lille.repair.nopol.NoPol - Analysing SourceLocation org.apache.commons.math.optimization.MultiStartUnivariateRealOptimizer:148 which is executed by 1 tests
-35370545
17:30:12.562 [pool-2-thread-1] DEBUG fr.inria.lille.repair.nopol.NoPol - statement #19
17:30:12.562 [pool-2-thread-1] DEBUG fr.inria.lille.repair.nopol.NoPol - Analysing SourceLocation org.apache.commons.math.optimization.MultiStartUnivariateRealOptimizer:147 which is executed by 1 tests
-35370545
17:30:12.659 [pool-2-thread-1] DEBUG fr.inria.lille.repair.nopol.NoPol - looking with class fr.inria.lille.repair.nopol.spoon.smt.ConditionalAdder
java.lang.AssertionError: expected:<-0.27195612846834> but was:<-0.27194301946870036>
    at org.junit.Assert.fail(Assert.java:88)
    at org.junit.Assert.failNotEquals(Assert.java:743)
    at org.junit.Assert.assertEquals(Assert.java:494)
    at org.junit.Assert.assertEquals(Assert.java:592)
    at org.apache.commons.math.optimization.MultiStartUnivariateRealOptimizerTest.testQuinticMin(MultiStartUnivariateRealOptimizerTest.java:86)
    at sun.reflect.NativeMethodAccessorImpl.invoke0(Native Method)
17:30:12.675 [pool-60-thread-1] INFO  xxl.java.junit.TestCasesListener - Tests run finished (13 ms)
<> Total tests run: 2
<> Ignored tests: 0
<> Failed tests: 1
~ testQuinticMin(org.apache.commons.math.optimization.MultiStartUnivariateRealOptimizerTest)
[expected:<-0.27195612846834> but was:<-0.27194301946870036>]
java.lang.AssertionError: expected:<-0.27195612846834> but was:<-0.27194301946870036>    at org.junit.Assert.fail(Assert.java:88)
    at org.junit.Assert.failNotEquals(Assert.java:743)
    at org.junit.Assert.assertEquals(Assert.java:494)
    at org.junit.Assert.assertEquals(Assert.java:592)
    at org.apache.commons.math.optimization.MultiStartUnivariateRealOptimizerTest.testQuinticMin(MultiStartUnivariateRealOptimizerTest.java:86)
    at sun.reflect.NativeMethodAccessorImpl.invoke0(Native Method)

17:30:12.850 [pool-2-thread-1] DEBUG fr.inria.lille.repair.nopol.NoPol - statement #20
17:30:12.850 [pool-2-thread-1] DEBUG fr.inria.lille.repair.nopol.NoPol - Analysing SourceLocation org.apache.commons.math.optimization.MultiStartUnivariateRealOptimizer:127 which is executed by 1 tests
-35370545
17:30:12.948 [pool-2-thread-1] DEBUG fr.inria.lille.repair.nopol.NoPol - statement #21
17:30:12.949 [pool-2-thread-1] DEBUG fr.inria.lille.repair.nopol.NoPol - Analysing SourceLocation org.apache.commons.math.optimization.MultiStartUnivariateRealOptimizer:102 which is executed by 1 tests
-35370545
17:30:13.047 [pool-2-thread-1] DEBUG fr.inria.lille.repair.nopol.NoPol - statement #22
17:30:13.047 [pool-2-thread-1] DEBUG fr.inria.lille.repair.nopol.NoPol - Analysing SourceLocation org.apache.commons.math.optimization.MultiStartUnivariateRealOptimizer:97 which is executed by 1 tests
-35370545
17:30:13.143 [pool-2-thread-1] DEBUG fr.inria.lille.repair.nopol.NoPol - statement #23
17:30:13.144 [pool-2-thread-1] DEBUG fr.inria.lille.repair.nopol.NoPol - Analysing SourceLocation org.apache.commons.math.optimization.univariate.AbstractUnivariateRealOptimizer:80 which is executed by 1 tests
-850389962
17:30:13.237 [pool-2-thread-1] DEBUG fr.inria.lille.repair.nopol.NoPol - statement #24
17:30:13.237 [pool-2-thread-1] DEBUG fr.inria.lille.repair.nopol.NoPol - Analysing SourceLocation org.apache.commons.math.optimization.MultiStartUnivariateRealOptimizer:308 which is executed by 2 tests
-35370545
17:30:13.335 [pool-2-thread-1] DEBUG fr.inria.lille.repair.nopol.NoPol - statement #25
17:30:13.335 [pool-2-thread-1] DEBUG fr.inria.lille.repair.nopol.NoPol - Analysing SourceLocation org.apache.commons.math.optimization.MultiStartUnivariateRealOptimizer:301 which is executed by 2 tests
-35370545
17:30:13.968 [pool-2-thread-1] DEBUG fr.inria.lille.repair.nopol.NoPol - looking with class fr.inria.lille.repair.nopol.spoon.smt.ConditionalAdder
java.lang.AssertionError: expected:<-0.27195612846834> but was:<-0.27194301946870036>
    at org.junit.Assert.fail(Assert.java:88)
    at org.junit.Assert.failNotEquals(Assert.java:743)
    at org.junit.Assert.assertEquals(Assert.java:494)
    at org.junit.Assert.assertEquals(Assert.java:592)
    at org.apache.commons.math.optimization.MultiStartUnivariateRealOptimizerTest.testQuinticMin(MultiStartUnivariateRealOptimizerTest.java:86)
    at sun.reflect.NativeMethodAccessorImpl.invoke0(Native Method)
17:30:13.985 [pool-64-thread-1] INFO  xxl.java.junit.TestCasesListener - Tests run finished (14 ms)
<> Total tests run: 2
<> Ignored tests: 0
<> Failed tests: 1
~ testQuinticMin(org.apache.commons.math.optimization.MultiStartUnivariateRealOptimizerTest)
[expected:<-0.27195612846834> but was:<-0.27194301946870036>]
java.lang.AssertionError: expected:<-0.27195612846834> but was:<-0.27194301946870036>    at org.junit.Assert.fail(Assert.java:88)
    at org.junit.Assert.failNotEquals(Assert.java:743)
    at org.junit.Assert.assertEquals(Assert.java:494)
    at org.junit.Assert.assertEquals(Assert.java:592)
    at org.apache.commons.math.optimization.MultiStartUnivariateRealOptimizerTest.testQuinticMin(MultiStartUnivariateRealOptimizerTest.java:86)
    at sun.reflect.NativeMethodAccessorImpl.invoke0(Native Method)

17:30:14.120 [pool-2-thread-1] DEBUG fr.inria.lille.repair.nopol.NoPol - looking with class fr.inria.lille.repair.nopol.spoon.smt.ConditionalReplacer
java.lang.AssertionError: expected:<-0.27195612846834> but was:<-0.27194301946870036>
    at org.junit.Assert.fail(Assert.java:88)
    at org.junit.Assert.failNotEquals(Assert.java:743)
    at org.junit.Assert.assertEquals(Assert.java:494)
    at org.junit.Assert.assertEquals(Assert.java:592)
    at org.apache.commons.math.optimization.MultiStartUnivariateRealOptimizerTest.testQuinticMin(MultiStartUnivariateRealOptimizerTest.java:86)
    at sun.reflect.NativeMethodAccessorImpl.invoke0(Native Method)
17:30:14.135 [pool-68-thread-1] INFO  xxl.java.junit.TestCasesListener - Tests run finished (12 ms)
<> Total tests run: 2
<> Ignored tests: 0
<> Failed tests: 1
~ testQuinticMin(org.apache.commons.math.optimization.MultiStartUnivariateRealOptimizerTest)
[expected:<-0.27195612846834> but was:<-0.27194301946870036>]
java.lang.AssertionError: expected:<-0.27195612846834> but was:<-0.27194301946870036>    at org.junit.Assert.fail(Assert.java:88)
    at org.junit.Assert.failNotEquals(Assert.java:743)
    at org.junit.Assert.assertEquals(Assert.java:494)
    at org.junit.Assert.assertEquals(Assert.java:592)
    at org.apache.commons.math.optimization.MultiStartUnivariateRealOptimizerTest.testQuinticMin(MultiStartUnivariateRealOptimizerTest.java:86)
    at sun.reflect.NativeMethodAccessorImpl.invoke0(Native Method)

17:30:14.268 [pool-2-thread-1] DEBUG fr.inria.lille.repair.nopol.NoPol - statement #26
17:30:14.269 [pool-2-thread-1] DEBUG fr.inria.lille.repair.nopol.NoPol - Analysing SourceLocation org.apache.commons.math.optimization.MultiStartUnivariateRealOptimizer:278 which is executed by 2 tests
-35370545
17:30:14.350 [pool-2-thread-1] DEBUG fr.inria.lille.repair.nopol.NoPol - looking with class fr.inria.lille.repair.nopol.spoon.smt.ConditionalAdder
java.lang.AssertionError: expected:<-0.27195612846834> but was:<-0.27194301946870036>
    at org.junit.Assert.fail(Assert.java:88)
    at org.junit.Assert.failNotEquals(Assert.java:743)
    at org.junit.Assert.assertEquals(Assert.java:494)
    at org.junit.Assert.assertEquals(Assert.java:592)
    at org.apache.commons.math.optimization.MultiStartUnivariateRealOptimizerTest.testQuinticMin(MultiStartUnivariateRealOptimizerTest.java:86)
    at sun.reflect.NativeMethodAccessorImpl.invoke0(Native Method)
17:30:14.366 [pool-72-thread-1] INFO  xxl.java.junit.TestCasesListener - Tests run finished (13 ms)
<> Total tests run: 2
<> Ignored tests: 0
<> Failed tests: 1
~ testQuinticMin(org.apache.commons.math.optimization.MultiStartUnivariateRealOptimizerTest)
[expected:<-0.27195612846834> but was:<-0.27194301946870036>]
java.lang.AssertionError: expected:<-0.27195612846834> but was:<-0.27194301946870036>    at org.junit.Assert.fail(Assert.java:88)
    at org.junit.Assert.failNotEquals(Assert.java:743)
    at org.junit.Assert.assertEquals(Assert.java:494)
    at org.junit.Assert.assertEquals(Assert.java:592)
    at org.apache.commons.math.optimization.MultiStartUnivariateRealOptimizerTest.testQuinticMin(MultiStartUnivariateRealOptimizerTest.java:86)
    at sun.reflect.NativeMethodAccessorImpl.invoke0(Native Method)

17:30:14.500 [pool-2-thread-1] DEBUG fr.inria.lille.repair.nopol.NoPol - looking with class fr.inria.lille.repair.nopol.spoon.smt.ConditionalReplacer
java.lang.AssertionError: expected:<-0.27195612846834> but was:<-0.27194301946870036>
    at org.junit.Assert.fail(Assert.java:88)
    at org.junit.Assert.failNotEquals(Assert.java:743)
    at org.junit.Assert.assertEquals(Assert.java:494)
    at org.junit.Assert.assertEquals(Assert.java:592)
    at org.apache.commons.math.optimization.MultiStartUnivariateRealOptimizerTest.testQuinticMin(MultiStartUnivariateRealOptimizerTest.java:86)
    at sun.reflect.NativeMethodAccessorImpl.invoke0(Native Method)
17:30:14.516 [pool-76-thread-1] INFO  xxl.java.junit.TestCasesListener - Tests run finished (14 ms)
<> Total tests run: 2
<> Ignored tests: 0
<> Failed tests: 1
~ testQuinticMin(org.apache.commons.math.optimization.MultiStartUnivariateRealOptimizerTest)
[expected:<-0.27195612846834> but was:<-0.27194301946870036>]
java.lang.AssertionError: expected:<-0.27195612846834> but was:<-0.27194301946870036>    at org.junit.Assert.fail(Assert.java:88)
    at org.junit.Assert.failNotEquals(Assert.java:743)
    at org.junit.Assert.assertEquals(Assert.java:494)
    at org.junit.Assert.assertEquals(Assert.java:592)
    at org.apache.commons.math.optimization.MultiStartUnivariateRealOptimizerTest.testQuinticMin(MultiStartUnivariateRealOptimizerTest.java:86)
    at sun.reflect.NativeMethodAccessorImpl.invoke0(Native Method)

17:30:14.653 [pool-2-thread-1] DEBUG fr.inria.lille.repair.nopol.NoPol - statement #27
17:30:14.653 [pool-2-thread-1] DEBUG fr.inria.lille.repair.nopol.NoPol - Analysing SourceLocation org.apache.commons.math.optimization.MultiStartUnivariateRealOptimizer:277 which is executed by 2 tests
-35370545
17:30:14.748 [pool-2-thread-1] DEBUG fr.inria.lille.repair.nopol.NoPol - looking with class fr.inria.lille.repair.nopol.spoon.smt.ConditionalAdder
java.lang.AssertionError: expected:<-0.27195612846834> but was:<-0.27194301946870036>
    at org.junit.Assert.fail(Assert.java:88)
    at org.junit.Assert.failNotEquals(Assert.java:743)
    at org.junit.Assert.assertEquals(Assert.java:494)
    at org.junit.Assert.assertEquals(Assert.java:592)
    at org.apache.commons.math.optimization.MultiStartUnivariateRealOptimizerTest.testQuinticMin(MultiStartUnivariateRealOptimizerTest.java:86)
    at sun.reflect.NativeMethodAccessorImpl.invoke0(Native Method)
17:30:14.764 [pool-80-thread-1] INFO  xxl.java.junit.TestCasesListener - Tests run finished (12 ms)
<> Total tests run: 2
<> Ignored tests: 0
<> Failed tests: 1
~ testQuinticMin(org.apache.commons.math.optimization.MultiStartUnivariateRealOptimizerTest)
[expected:<-0.27195612846834> but was:<-0.27194301946870036>]
java.lang.AssertionError: expected:<-0.27195612846834> but was:<-0.27194301946870036>    at org.junit.Assert.fail(Assert.java:88)
    at org.junit.Assert.failNotEquals(Assert.java:743)
    at org.junit.Assert.assertEquals(Assert.java:494)
    at org.junit.Assert.assertEquals(Assert.java:592)
    at org.apache.commons.math.optimization.MultiStartUnivariateRealOptimizerTest.testQuinticMin(MultiStartUnivariateRealOptimizerTest.java:86)
    at sun.reflect.NativeMethodAccessorImpl.invoke0(Native Method)

17:30:14.897 [pool-2-thread-1] DEBUG fr.inria.lille.repair.nopol.NoPol - statement #28
17:30:14.898 [pool-2-thread-1] DEBUG fr.inria.lille.repair.nopol.NoPol - Analysing SourceLocation org.apache.commons.math.optimization.MultiStartUnivariateRealOptimizer:276 which is executed by 2 tests
-35370545
17:30:14.978 [pool-2-thread-1] DEBUG fr.inria.lille.repair.nopol.NoPol - looking with class fr.inria.lille.repair.nopol.spoon.smt.ConditionalAdder
java.lang.AssertionError: expected:<-0.27195612846834> but was:<-0.27194301946870036>
    at org.junit.Assert.fail(Assert.java:88)
    at org.junit.Assert.failNotEquals(Assert.java:743)
    at org.junit.Assert.assertEquals(Assert.java:494)
    at org.junit.Assert.assertEquals(Assert.java:592)
    at org.apache.commons.math.optimization.MultiStartUnivariateRealOptimizerTest.testQuinticMin(MultiStartUnivariateRealOptimizerTest.java:86)
    at sun.reflect.NativeMethodAccessorImpl.invoke0(Native Method)
17:30:14.994 [pool-84-thread-1] INFO  xxl.java.junit.TestCasesListener - Tests run finished (12 ms)
<> Total tests run: 2
<> Ignored tests: 0
<> Failed tests: 1
~ testQuinticMin(org.apache.commons.math.optimization.MultiStartUnivariateRealOptimizerTest)
[expected:<-0.27195612846834> but was:<-0.27194301946870036>]
java.lang.AssertionError: expected:<-0.27195612846834> but was:<-0.27194301946870036>    at org.junit.Assert.fail(Assert.java:88)
    at org.junit.Assert.failNotEquals(Assert.java:743)
    at org.junit.Assert.assertEquals(Assert.java:494)
    at org.junit.Assert.assertEquals(Assert.java:592)
    at org.apache.commons.math.optimization.MultiStartUnivariateRealOptimizerTest.testQuinticMin(MultiStartUnivariateRealOptimizerTest.java:86)
    at sun.reflect.NativeMethodAccessorImpl.invoke0(Native Method)

17:30:15.125 [pool-2-thread-1] DEBUG fr.inria.lille.repair.nopol.NoPol - statement #29
17:30:15.125 [pool-2-thread-1] DEBUG fr.inria.lille.repair.nopol.NoPol - Analysing SourceLocation org.apache.commons.math.optimization.MultiStartUnivariateRealOptimizer:275 which is executed by 2 tests
-35370545
17:30:15.208 [pool-2-thread-1] DEBUG fr.inria.lille.repair.nopol.NoPol - statement #30
17:30:15.208 [pool-2-thread-1] DEBUG fr.inria.lille.repair.nopol.NoPol - Analysing SourceLocation org.apache.commons.math.optimization.MultiStartUnivariateRealOptimizer:274 which is executed by 2 tests
-35370545
17:30:15.289 [pool-2-thread-1] DEBUG fr.inria.lille.repair.nopol.NoPol - looking with class fr.inria.lille.repair.nopol.spoon.smt.ConditionalAdder
java.lang.AssertionError: expected:<-0.27195612846834> but was:<-0.27194301946870036>
    at org.junit.Assert.fail(Assert.java:88)
    at org.junit.Assert.failNotEquals(Assert.java:743)
    at org.junit.Assert.assertEquals(Assert.java:494)
    at org.junit.Assert.assertEquals(Assert.java:592)
    at org.apache.commons.math.optimization.MultiStartUnivariateRealOptimizerTest.testQuinticMin(MultiStartUnivariateRealOptimizerTest.java:86)
    at sun.reflect.NativeMethodAccessorImpl.invoke0(Native Method)
17:30:15.306 [pool-88-thread-1] INFO  xxl.java.junit.TestCasesListener - Tests run finished (13 ms)
<> Total tests run: 2
<> Ignored tests: 0
<> Failed tests: 1
~ testQuinticMin(org.apache.commons.math.optimization.MultiStartUnivariateRealOptimizerTest)
[expected:<-0.27195612846834> but was:<-0.27194301946870036>]
java.lang.AssertionError: expected:<-0.27195612846834> but was:<-0.27194301946870036>    at org.junit.Assert.fail(Assert.java:88)
    at org.junit.Assert.failNotEquals(Assert.java:743)
    at org.junit.Assert.assertEquals(Assert.java:494)
    at org.junit.Assert.assertEquals(Assert.java:592)
    at org.apache.commons.math.optimization.MultiStartUnivariateRealOptimizerTest.testQuinticMin(MultiStartUnivariateRealOptimizerTest.java:86)
    at sun.reflect.NativeMethodAccessorImpl.invoke0(Native Method)

17:30:15.448 [pool-2-thread-1] DEBUG fr.inria.lille.repair.nopol.NoPol - statement #31
17:30:15.448 [pool-2-thread-1] DEBUG fr.inria.lille.repair.nopol.NoPol - Analysing SourceLocation org.apache.commons.math.optimization.MultiStartUnivariateRealOptimizer:273 which is executed by 2 tests
-35370545
17:30:15.530 [pool-2-thread-1] DEBUG fr.inria.lille.repair.nopol.NoPol - statement #32
17:30:15.530 [pool-2-thread-1] DEBUG fr.inria.lille.repair.nopol.NoPol - Analysing SourceLocation org.apache.commons.math.optimization.MultiStartUnivariateRealOptimizer:272 which is executed by 2 tests
-35370545
17:30:15.615 [pool-2-thread-1] DEBUG fr.inria.lille.repair.nopol.NoPol - statement #33
17:30:15.615 [pool-2-thread-1] DEBUG fr.inria.lille.repair.nopol.NoPol - Analysing SourceLocation org.apache.commons.math.optimization.MultiStartUnivariateRealOptimizer:264 which is executed by 2 tests
-35370545
17:30:15.696 [pool-2-thread-1] DEBUG fr.inria.lille.repair.nopol.NoPol - looking with class fr.inria.lille.repair.nopol.spoon.smt.ConditionalAdder
java.lang.AssertionError: expected:<-0.27195612846834> but was:<-0.27194301946870036>
    at org.junit.Assert.fail(Assert.java:88)
    at org.junit.Assert.failNotEquals(Assert.java:743)
    at org.junit.Assert.assertEquals(Assert.java:494)
    at org.junit.Assert.assertEquals(Assert.java:592)
    at org.apache.commons.math.optimization.MultiStartUnivariateRealOptimizerTest.testQuinticMin(MultiStartUnivariateRealOptimizerTest.java:86)
    at sun.reflect.NativeMethodAccessorImpl.invoke0(Native Method)
17:30:15.713 [pool-92-thread-1] INFO  xxl.java.junit.TestCasesListener - Tests run finished (13 ms)
<> Total tests run: 2
<> Ignored tests: 0
<> Failed tests: 1
~ testQuinticMin(org.apache.commons.math.optimization.MultiStartUnivariateRealOptimizerTest)
[expected:<-0.27195612846834> but was:<-0.27194301946870036>]
java.lang.AssertionError: expected:<-0.27195612846834> but was:<-0.27194301946870036>    at org.junit.Assert.fail(Assert.java:88)
    at org.junit.Assert.failNotEquals(Assert.java:743)
    at org.junit.Assert.assertEquals(Assert.java:494)
    at org.junit.Assert.assertEquals(Assert.java:592)
    at org.apache.commons.math.optimization.MultiStartUnivariateRealOptimizerTest.testQuinticMin(MultiStartUnivariateRealOptimizerTest.java:86)
    at sun.reflect.NativeMethodAccessorImpl.invoke0(Native Method)

17:30:15.844 [pool-2-thread-1] DEBUG fr.inria.lille.repair.nopol.NoPol - looking with class fr.inria.lille.repair.nopol.spoon.smt.ConditionalReplacer
java.lang.AssertionError: expected:<-0.27195612846834> but was:<-0.27194301946870036>
    at org.junit.Assert.fail(Assert.java:88)
    at org.junit.Assert.failNotEquals(Assert.java:743)
    at org.junit.Assert.assertEquals(Assert.java:494)
    at org.junit.Assert.assertEquals(Assert.java:592)
    at org.apache.commons.math.optimization.MultiStartUnivariateRealOptimizerTest.testQuinticMin(MultiStartUnivariateRealOptimizerTest.java:86)
    at sun.reflect.NativeMethodAccessorImpl.invoke0(Native Method)
17:30:15.859 [pool-96-thread-1] INFO  xxl.java.junit.TestCasesListener - Tests run finished (12 ms)
<> Total tests run: 2
<> Ignored tests: 0
<> Failed tests: 1
~ testQuinticMin(org.apache.commons.math.optimization.MultiStartUnivariateRealOptimizerTest)
[expected:<-0.27195612846834> but was:<-0.27194301946870036>]
java.lang.AssertionError: expected:<-0.27195612846834> but was:<-0.27194301946870036>    at org.junit.Assert.fail(Assert.java:88)
    at org.junit.Assert.failNotEquals(Assert.java:743)
    at org.junit.Assert.assertEquals(Assert.java:494)
    at org.junit.Assert.assertEquals(Assert.java:592)
    at org.apache.commons.math.optimization.MultiStartUnivariateRealOptimizerTest.testQuinticMin(MultiStartUnivariateRealOptimizerTest.java:86)
    at sun.reflect.NativeMethodAccessorImpl.invoke0(Native Method)

17:30:15.991 [pool-2-thread-1] DEBUG fr.inria.lille.repair.nopol.NoPol - statement #34
17:30:15.991 [pool-2-thread-1] DEBUG fr.inria.lille.repair.nopol.NoPol - Analysing SourceLocation org.apache.commons.math.optimization.MultiStartUnivariateRealOptimizer:263 which is executed by 2 tests
-35370545
17:30:16.071 [pool-2-thread-1] DEBUG fr.inria.lille.repair.nopol.NoPol - looking with class fr.inria.lille.repair.nopol.spoon.smt.ConditionalAdder
java.lang.AssertionError: expected:<-0.27195612846834> but was:<-0.27194301946870036>
    at org.junit.Assert.fail(Assert.java:88)
    at org.junit.Assert.failNotEquals(Assert.java:743)
    at org.junit.Assert.assertEquals(Assert.java:494)
    at org.junit.Assert.assertEquals(Assert.java:592)
    at org.apache.commons.math.optimization.MultiStartUnivariateRealOptimizerTest.testQuinticMin(MultiStartUnivariateRealOptimizerTest.java:86)
    at sun.reflect.NativeMethodAccessorImpl.invoke0(Native Method)
17:30:16.086 [pool-100-thread-1] INFO  xxl.java.junit.TestCasesListener - Tests run finished (12 ms)
<> Total tests run: 2
<> Ignored tests: 0
<> Failed tests: 1
~ testQuinticMin(org.apache.commons.math.optimization.MultiStartUnivariateRealOptimizerTest)
[expected:<-0.27195612846834> but was:<-0.27194301946870036>]
java.lang.AssertionError: expected:<-0.27195612846834> but was:<-0.27194301946870036>    at org.junit.Assert.fail(Assert.java:88)
    at org.junit.Assert.failNotEquals(Assert.java:743)
    at org.junit.Assert.assertEquals(Assert.java:494)
    at org.junit.Assert.assertEquals(Assert.java:592)
    at org.apache.commons.math.optimization.MultiStartUnivariateRealOptimizerTest.testQuinticMin(MultiStartUnivariateRealOptimizerTest.java:86)
    at sun.reflect.NativeMethodAccessorImpl.invoke0(Native Method)

17:30:16.218 [pool-2-thread-1] DEBUG fr.inria.lille.repair.nopol.NoPol - statement #35
17:30:16.218 [pool-2-thread-1] DEBUG fr.inria.lille.repair.nopol.NoPol - Analysing SourceLocation org.apache.commons.math.optimization.MultiStartUnivariateRealOptimizer:262 which is executed by 2 tests
-35370545
17:30:16.298 [pool-2-thread-1] DEBUG fr.inria.lille.repair.nopol.NoPol - statement #36
17:30:16.298 [pool-2-thread-1] DEBUG fr.inria.lille.repair.nopol.NoPol - Analysing SourceLocation org.apache.commons.math.optimization.MultiStartUnivariateRealOptimizer:257 which is executed by 2 tests
-35370545
17:30:16.377 [pool-2-thread-1] DEBUG fr.inria.lille.repair.nopol.NoPol - looking with class fr.inria.lille.repair.nopol.spoon.smt.ConditionalAdder
java.lang.AssertionError: expected:<-0.27195612846834> but was:<-0.27194301946870036>
    at org.junit.Assert.fail(Assert.java:88)
    at org.junit.Assert.failNotEquals(Assert.java:743)
    at org.junit.Assert.assertEquals(Assert.java:494)
    at org.junit.Assert.assertEquals(Assert.java:592)
    at org.apache.commons.math.optimization.MultiStartUnivariateRealOptimizerTest.testQuinticMin(MultiStartUnivariateRealOptimizerTest.java:86)
    at sun.reflect.NativeMethodAccessorImpl.invoke0(Native Method)
17:30:16.393 [pool-104-thread-1] INFO  xxl.java.junit.TestCasesListener - Tests run finished (13 ms)
<> Total tests run: 2
<> Ignored tests: 0
<> Failed tests: 1
~ testQuinticMin(org.apache.commons.math.optimization.MultiStartUnivariateRealOptimizerTest)
[expected:<-0.27195612846834> but was:<-0.27194301946870036>]
java.lang.AssertionError: expected:<-0.27195612846834> but was:<-0.27194301946870036>    at org.junit.Assert.fail(Assert.java:88)
    at org.junit.Assert.failNotEquals(Assert.java:743)
    at org.junit.Assert.assertEquals(Assert.java:494)
    at org.junit.Assert.assertEquals(Assert.java:592)
    at org.apache.commons.math.optimization.MultiStartUnivariateRealOptimizerTest.testQuinticMin(MultiStartUnivariateRealOptimizerTest.java:86)
    at sun.reflect.NativeMethodAccessorImpl.invoke0(Native Method)

17:30:16.519 [pool-2-thread-1] DEBUG fr.inria.lille.repair.nopol.NoPol - statement #37
17:30:16.520 [pool-2-thread-1] DEBUG fr.inria.lille.repair.nopol.NoPol - Analysing SourceLocation org.apache.commons.math.optimization.MultiStartUnivariateRealOptimizer:256 which is executed by 2 tests
-35370545
17:30:16.598 [pool-2-thread-1] DEBUG fr.inria.lille.repair.nopol.NoPol - looking with class fr.inria.lille.repair.nopol.spoon.smt.ConditionalAdder
java.lang.AssertionError: expected:<-0.27195612846834> but was:<-0.27194301946870036>
    at org.junit.Assert.fail(Assert.java:88)
    at org.junit.Assert.failNotEquals(Assert.java:743)
    at org.junit.Assert.assertEquals(Assert.java:494)
    at org.junit.Assert.assertEquals(Assert.java:592)
    at org.apache.commons.math.optimization.MultiStartUnivariateRealOptimizerTest.testQuinticMin(MultiStartUnivariateRealOptimizerTest.java:86)
    at sun.reflect.NativeMethodAccessorImpl.invoke0(Native Method)
17:30:16.613 [pool-108-thread-1] INFO  xxl.java.junit.TestCasesListener - Tests run finished (12 ms)
<> Total tests run: 2
<> Ignored tests: 0
<> Failed tests: 1
~ testQuinticMin(org.apache.commons.math.optimization.MultiStartUnivariateRealOptimizerTest)
[expected:<-0.27195612846834> but was:<-0.27194301946870036>]
java.lang.AssertionError: expected:<-0.27195612846834> but was:<-0.27194301946870036>    at org.junit.Assert.fail(Assert.java:88)
    at org.junit.Assert.failNotEquals(Assert.java:743)
    at org.junit.Assert.assertEquals(Assert.java:494)
    at org.junit.Assert.assertEquals(Assert.java:592)
    at org.apache.commons.math.optimization.MultiStartUnivariateRealOptimizerTest.testQuinticMin(MultiStartUnivariateRealOptimizerTest.java:86)
    at sun.reflect.NativeMethodAccessorImpl.invoke0(Native Method)

17:30:17.192 [pool-2-thread-1] DEBUG fr.inria.lille.repair.nopol.NoPol - statement #38
17:30:17.192 [pool-2-thread-1] DEBUG fr.inria.lille.repair.nopol.NoPol - Analysing SourceLocation org.apache.commons.math.optimization.MultiStartUnivariateRealOptimizer:254 which is executed by 2 tests
-35370545
17:30:17.282 [pool-2-thread-1] DEBUG fr.inria.lille.repair.nopol.NoPol - statement #39
17:30:17.282 [pool-2-thread-1] DEBUG fr.inria.lille.repair.nopol.NoPol - Analysing SourceLocation org.apache.commons.math.optimization.MultiStartUnivariateRealOptimizer:247 which is executed by 2 tests
-35370545
17:30:17.361 [pool-2-thread-1] DEBUG fr.inria.lille.repair.nopol.NoPol - looking with class fr.inria.lille.repair.nopol.spoon.smt.ConditionalAdder
java.lang.AssertionError: expected:<-0.27195612846834> but was:<-0.27194301946870036>
    at org.junit.Assert.fail(Assert.java:88)
    at org.junit.Assert.failNotEquals(Assert.java:743)
    at org.junit.Assert.assertEquals(Assert.java:494)
    at org.junit.Assert.assertEquals(Assert.java:592)
    at org.apache.commons.math.optimization.MultiStartUnivariateRealOptimizerTest.testQuinticMin(MultiStartUnivariateRealOptimizerTest.java:86)
    at sun.reflect.NativeMethodAccessorImpl.invoke0(Native Method)
17:30:17.376 [pool-112-thread-1] INFO  xxl.java.junit.TestCasesListener - Tests run finished (12 ms)
<> Total tests run: 2
<> Ignored tests: 0
<> Failed tests: 1
~ testQuinticMin(org.apache.commons.math.optimization.MultiStartUnivariateRealOptimizerTest)
[expected:<-0.27195612846834> but was:<-0.27194301946870036>]
java.lang.AssertionError: expected:<-0.27195612846834> but was:<-0.27194301946870036>    at org.junit.Assert.fail(Assert.java:88)
    at org.junit.Assert.failNotEquals(Assert.java:743)
    at org.junit.Assert.assertEquals(Assert.java:494)
    at org.junit.Assert.assertEquals(Assert.java:592)
    at org.apache.commons.math.optimization.MultiStartUnivariateRealOptimizerTest.testQuinticMin(MultiStartUnivariateRealOptimizerTest.java:86)
    at sun.reflect.NativeMethodAccessorImpl.invoke0(Native Method)

17:30:17.503 [pool-2-thread-1] DEBUG fr.inria.lille.repair.nopol.NoPol - statement #40
17:30:17.503 [pool-2-thread-1] DEBUG fr.inria.lille.repair.nopol.NoPol - Analysing SourceLocation org.apache.commons.math.optimization.MultiStartUnivariateRealOptimizer:246 which is executed by 2 tests
-35370545
17:30:17.582 [pool-2-thread-1] DEBUG fr.inria.lille.repair.nopol.NoPol - statement #41
17:30:17.582 [pool-2-thread-1] DEBUG fr.inria.lille.repair.nopol.NoPol - Analysing SourceLocation org.apache.commons.math.optimization.MultiStartUnivariateRealOptimizer:245 which is executed by 2 tests
-35370545
17:30:17.661 [pool-2-thread-1] DEBUG fr.inria.lille.repair.nopol.NoPol - statement #42
17:30:17.661 [pool-2-thread-1] DEBUG fr.inria.lille.repair.nopol.NoPol - Analysing SourceLocation org.apache.commons.math.optimization.MultiStartUnivariateRealOptimizer:244 which is executed by 2 tests
-35370545
17:30:17.740 [pool-2-thread-1] DEBUG fr.inria.lille.repair.nopol.NoPol - looking with class fr.inria.lille.repair.nopol.spoon.smt.ConditionalAdder
java.lang.AssertionError: expected:<-0.27195612846834> but was:<-0.27194301946870036>
    at org.junit.Assert.fail(Assert.java:88)
    at org.junit.Assert.failNotEquals(Assert.java:743)
    at org.junit.Assert.assertEquals(Assert.java:494)
    at org.junit.Assert.assertEquals(Assert.java:592)
    at org.apache.commons.math.optimization.MultiStartUnivariateRealOptimizerTest.testQuinticMin(MultiStartUnivariateRealOptimizerTest.java:86)
    at sun.reflect.NativeMethodAccessorImpl.invoke0(Native Method)
17:30:17.755 [pool-116-thread-1] INFO  xxl.java.junit.TestCasesListener - Tests run finished (12 ms)
<> Total tests run: 2
<> Ignored tests: 0
<> Failed tests: 1
~ testQuinticMin(org.apache.commons.math.optimization.MultiStartUnivariateRealOptimizerTest)
[expected:<-0.27195612846834> but was:<-0.27194301946870036>]
java.lang.AssertionError: expected:<-0.27195612846834> but was:<-0.27194301946870036>    at org.junit.Assert.fail(Assert.java:88)
    at org.junit.Assert.failNotEquals(Assert.java:743)
    at org.junit.Assert.assertEquals(Assert.java:494)
    at org.junit.Assert.assertEquals(Assert.java:592)
    at org.apache.commons.math.optimization.MultiStartUnivariateRealOptimizerTest.testQuinticMin(MultiStartUnivariateRealOptimizerTest.java:86)
    at sun.reflect.NativeMethodAccessorImpl.invoke0(Native Method)

17:30:17.884 [pool-2-thread-1] DEBUG fr.inria.lille.repair.nopol.NoPol - statement #43
17:30:17.884 [pool-2-thread-1] DEBUG fr.inria.lille.repair.nopol.NoPol - Analysing SourceLocation org.apache.commons.math.optimization.MultiStartUnivariateRealOptimizer:243 which is executed by 2 tests
-35370545
17:30:17.963 [pool-2-thread-1] DEBUG fr.inria.lille.repair.nopol.NoPol - statement #44
17:30:17.963 [pool-2-thread-1] DEBUG fr.inria.lille.repair.nopol.NoPol - Analysing SourceLocation org.apache.commons.math.optimization.MultiStartUnivariateRealOptimizer:242 which is executed by 2 tests
-35370545
17:30:18.042 [pool-2-thread-1] DEBUG fr.inria.lille.repair.nopol.NoPol - statement #45
17:30:18.042 [pool-2-thread-1] DEBUG fr.inria.lille.repair.nopol.NoPol - Analysing SourceLocation org.apache.commons.math.optimization.MultiStartUnivariateRealOptimizer:241 which is executed by 2 tests
-35370545
17:30:18.122 [pool-2-thread-1] DEBUG fr.inria.lille.repair.nopol.NoPol - looking with class fr.inria.lille.repair.nopol.spoon.smt.ConditionalAdder
java.lang.AssertionError: expected:<-0.27195612846834> but was:<-0.27194301946870036>
    at org.junit.Assert.fail(Assert.java:88)
    at org.junit.Assert.failNotEquals(Assert.java:743)
    at org.junit.Assert.assertEquals(Assert.java:494)
    at org.junit.Assert.assertEquals(Assert.java:592)
    at org.apache.commons.math.optimization.MultiStartUnivariateRealOptimizerTest.testQuinticMin(MultiStartUnivariateRealOptimizerTest.java:86)
    at sun.reflect.NativeMethodAccessorImpl.invoke0(Native Method)
17:30:18.137 [pool-120-thread-1] INFO  xxl.java.junit.TestCasesListener - Tests run finished (12 ms)
<> Total tests run: 2
<> Ignored tests: 0
<> Failed tests: 1
~ testQuinticMin(org.apache.commons.math.optimization.MultiStartUnivariateRealOptimizerTest)
[expected:<-0.27195612846834> but was:<-0.27194301946870036>]
java.lang.AssertionError: expected:<-0.27195612846834> but was:<-0.27194301946870036>    at org.junit.Assert.fail(Assert.java:88)
    at org.junit.Assert.failNotEquals(Assert.java:743)
    at org.junit.Assert.assertEquals(Assert.java:494)
    at org.junit.Assert.assertEquals(Assert.java:592)
    at org.apache.commons.math.optimization.MultiStartUnivariateRealOptimizerTest.testQuinticMin(MultiStartUnivariateRealOptimizerTest.java:86)
    at sun.reflect.NativeMethodAccessorImpl.invoke0(Native Method)

17:30:18.269 [pool-2-thread-1] DEBUG fr.inria.lille.repair.nopol.NoPol - statement #46
17:30:18.269 [pool-2-thread-1] DEBUG fr.inria.lille.repair.nopol.NoPol - Analysing SourceLocation org.apache.commons.math.optimization.MultiStartUnivariateRealOptimizer:240 which is executed by 2 tests
-35370545
17:30:18.348 [pool-2-thread-1] DEBUG fr.inria.lille.repair.nopol.NoPol - looking with class fr.inria.lille.repair.nopol.spoon.smt.ConditionalAdder
java.lang.AssertionError: expected:<-0.27195612846834> but was:<-0.27194301946870036>
    at org.junit.Assert.fail(Assert.java:88)
    at org.junit.Assert.failNotEquals(Assert.java:743)
    at org.junit.Assert.assertEquals(Assert.java:494)
    at org.junit.Assert.assertEquals(Assert.java:592)
    at org.apache.commons.math.optimization.MultiStartUnivariateRealOptimizerTest.testQuinticMin(MultiStartUnivariateRealOptimizerTest.java:86)
    at sun.reflect.NativeMethodAccessorImpl.invoke0(Native Method)
17:30:18.363 [pool-124-thread-1] INFO  xxl.java.junit.TestCasesListener - Tests run finished (12 ms)
<> Total tests run: 2
<> Ignored tests: 0
<> Failed tests: 1
~ testQuinticMin(org.apache.commons.math.optimization.MultiStartUnivariateRealOptimizerTest)
[expected:<-0.27195612846834> but was:<-0.27194301946870036>]
java.lang.AssertionError: expected:<-0.27195612846834> but was:<-0.27194301946870036>    at org.junit.Assert.fail(Assert.java:88)
    at org.junit.Assert.failNotEquals(Assert.java:743)
    at org.junit.Assert.assertEquals(Assert.java:494)
    at org.junit.Assert.assertEquals(Assert.java:592)
    at org.apache.commons.math.optimization.MultiStartUnivariateRealOptimizerTest.testQuinticMin(MultiStartUnivariateRealOptimizerTest.java:86)
    at sun.reflect.NativeMethodAccessorImpl.invoke0(Native Method)

17:30:18.486 [pool-2-thread-1] DEBUG fr.inria.lille.repair.nopol.NoPol - statement #47
17:30:18.486 [pool-2-thread-1] DEBUG fr.inria.lille.repair.nopol.NoPol - Analysing SourceLocation org.apache.commons.math.optimization.MultiStartUnivariateRealOptimizer:237 which is executed by 2 tests
-35370545
17:30:18.566 [pool-2-thread-1] DEBUG fr.inria.lille.repair.nopol.NoPol - looking with class fr.inria.lille.repair.nopol.spoon.smt.ConditionalAdder
java.lang.AssertionError: expected:<-0.27195612846834> but was:<-0.27194301946870036>
    at org.junit.Assert.fail(Assert.java:88)
    at org.junit.Assert.failNotEquals(Assert.java:743)
    at org.junit.Assert.assertEquals(Assert.java:494)
    at org.junit.Assert.assertEquals(Assert.java:592)
    at org.apache.commons.math.optimization.MultiStartUnivariateRealOptimizerTest.testQuinticMin(MultiStartUnivariateRealOptimizerTest.java:86)
    at sun.reflect.NativeMethodAccessorImpl.invoke0(Native Method)
17:30:18.581 [pool-128-thread-1] INFO  xxl.java.junit.TestCasesListener - Tests run finished (12 ms)
<> Total tests run: 2
<> Ignored tests: 0
<> Failed tests: 1
~ testQuinticMin(org.apache.commons.math.optimization.MultiStartUnivariateRealOptimizerTest)
[expected:<-0.27195612846834> but was:<-0.27194301946870036>]
java.lang.AssertionError: expected:<-0.27195612846834> but was:<-0.27194301946870036>    at org.junit.Assert.fail(Assert.java:88)
    at org.junit.Assert.failNotEquals(Assert.java:743)
    at org.junit.Assert.assertEquals(Assert.java:494)
    at org.junit.Assert.assertEquals(Assert.java:592)
    at org.apache.commons.math.optimization.MultiStartUnivariateRealOptimizerTest.testQuinticMin(MultiStartUnivariateRealOptimizerTest.java:86)
    at sun.reflect.NativeMethodAccessorImpl.invoke0(Native Method)

17:30:18.705 [pool-2-thread-1] DEBUG fr.inria.lille.repair.nopol.NoPol - statement #48
17:30:18.706 [pool-2-thread-1] DEBUG fr.inria.lille.repair.nopol.NoPol - Analysing SourceLocation org.apache.commons.math.optimization.MultiStartUnivariateRealOptimizer:234 which is executed by 2 tests
-35370545
17:30:18.784 [pool-2-thread-1] DEBUG fr.inria.lille.repair.nopol.NoPol - looking with class fr.inria.lille.repair.nopol.spoon.smt.ConditionalAdder
java.lang.AssertionError: expected:<-0.27195612846834> but was:<-0.27194301946870036>
    at org.junit.Assert.fail(Assert.java:88)
    at org.junit.Assert.failNotEquals(Assert.java:743)
    at org.junit.Assert.assertEquals(Assert.java:494)
    at org.junit.Assert.assertEquals(Assert.java:592)
    at org.apache.commons.math.optimization.MultiStartUnivariateRealOptimizerTest.testQuinticMin(MultiStartUnivariateRealOptimizerTest.java:86)
    at sun.reflect.NativeMethodAccessorImpl.invoke0(Native Method)
17:30:18.800 [pool-132-thread-1] INFO  xxl.java.junit.TestCasesListener - Tests run finished (13 ms)
<> Total tests run: 2
<> Ignored tests: 0
<> Failed tests: 1
~ testQuinticMin(org.apache.commons.math.optimization.MultiStartUnivariateRealOptimizerTest)
[expected:<-0.27195612846834> but was:<-0.27194301946870036>]
java.lang.AssertionError: expected:<-0.27195612846834> but was:<-0.27194301946870036>    at org.junit.Assert.fail(Assert.java:88)
    at org.junit.Assert.failNotEquals(Assert.java:743)
    at org.junit.Assert.assertEquals(Assert.java:494)
    at org.junit.Assert.assertEquals(Assert.java:592)
    at org.apache.commons.math.optimization.MultiStartUnivariateRealOptimizerTest.testQuinticMin(MultiStartUnivariateRealOptimizerTest.java:86)
    at sun.reflect.NativeMethodAccessorImpl.invoke0(Native Method)

17:30:18.923 [pool-2-thread-1] DEBUG fr.inria.lille.repair.nopol.NoPol - statement #49
17:30:18.923 [pool-2-thread-1] DEBUG fr.inria.lille.repair.nopol.NoPol - Analysing SourceLocation org.apache.commons.math.optimization.MultiStartUnivariateRealOptimizer:233 which is executed by 2 tests
-35370545
17:30:19.003 [pool-2-thread-1] DEBUG fr.inria.lille.repair.nopol.NoPol - looking with class fr.inria.lille.repair.nopol.spoon.smt.ConditionalAdder
java.lang.AssertionError: expected:<-0.27195612846834> but was:<-0.27194301946870036>
    at org.junit.Assert.fail(Assert.java:88)
    at org.junit.Assert.failNotEquals(Assert.java:743)
    at org.junit.Assert.assertEquals(Assert.java:494)
    at org.junit.Assert.assertEquals(Assert.java:592)
    at org.apache.commons.math.optimization.MultiStartUnivariateRealOptimizerTest.testQuinticMin(MultiStartUnivariateRealOptimizerTest.java:86)
    at sun.reflect.NativeMethodAccessorImpl.invoke0(Native Method)
17:30:19.018 [pool-136-thread-1] INFO  xxl.java.junit.TestCasesListener - Tests run finished (13 ms)
<> Total tests run: 2
<> Ignored tests: 0
<> Failed tests: 1
~ testQuinticMin(org.apache.commons.math.optimization.MultiStartUnivariateRealOptimizerTest)
[expected:<-0.27195612846834> but was:<-0.27194301946870036>]
java.lang.AssertionError: expected:<-0.27195612846834> but was:<-0.27194301946870036>    at org.junit.Assert.fail(Assert.java:88)
    at org.junit.Assert.failNotEquals(Assert.java:743)
    at org.junit.Assert.assertEquals(Assert.java:494)
    at org.junit.Assert.assertEquals(Assert.java:592)
    at org.apache.commons.math.optimization.MultiStartUnivariateRealOptimizerTest.testQuinticMin(MultiStartUnivariateRealOptimizerTest.java:86)
    at sun.reflect.NativeMethodAccessorImpl.invoke0(Native Method)

17:30:19.140 [pool-2-thread-1] DEBUG fr.inria.lille.repair.nopol.NoPol - statement #50
17:30:19.141 [pool-2-thread-1] DEBUG fr.inria.lille.repair.nopol.NoPol - Analysing SourceLocation org.apache.commons.math.optimization.MultiStartUnivariateRealOptimizer:232 which is executed by 2 tests
-35370545
17:30:19.220 [pool-2-thread-1] DEBUG fr.inria.lille.repair.nopol.NoPol - looking with class fr.inria.lille.repair.nopol.spoon.smt.ConditionalAdder
java.lang.AssertionError: expected:<-0.27195612846834> but was:<-0.27194301946870036>
    at org.junit.Assert.fail(Assert.java:88)
    at org.junit.Assert.failNotEquals(Assert.java:743)
    at org.junit.Assert.assertEquals(Assert.java:494)
    at org.junit.Assert.assertEquals(Assert.java:592)
    at org.apache.commons.math.optimization.MultiStartUnivariateRealOptimizerTest.testQuinticMin(MultiStartUnivariateRealOptimizerTest.java:86)
    at sun.reflect.NativeMethodAccessorImpl.invoke0(Native Method)
17:30:19.235 [pool-140-thread-1] INFO  xxl.java.junit.TestCasesListener - Tests run finished (12 ms)
<> Total tests run: 2
<> Ignored tests: 0
<> Failed tests: 1
~ testQuinticMin(org.apache.commons.math.optimization.MultiStartUnivariateRealOptimizerTest)
[expected:<-0.27195612846834> but was:<-0.27194301946870036>]
java.lang.AssertionError: expected:<-0.27195612846834> but was:<-0.27194301946870036>    at org.junit.Assert.fail(Assert.java:88)
    at org.junit.Assert.failNotEquals(Assert.java:743)
    at org.junit.Assert.assertEquals(Assert.java:494)
    at org.junit.Assert.assertEquals(Assert.java:592)
    at org.apache.commons.math.optimization.MultiStartUnivariateRealOptimizerTest.testQuinticMin(MultiStartUnivariateRealOptimizerTest.java:86)
    at sun.reflect.NativeMethodAccessorImpl.invoke0(Native Method)

17:30:19.358 [pool-2-thread-1] DEBUG fr.inria.lille.repair.nopol.NoPol - statement #51
17:30:19.359 [pool-2-thread-1] DEBUG fr.inria.lille.repair.nopol.NoPol - Analysing SourceLocation org.apache.commons.math.optimization.MultiStartUnivariateRealOptimizer:231 which is executed by 2 tests
-35370545
17:30:19.437 [pool-2-thread-1] DEBUG fr.inria.lille.repair.nopol.NoPol - looking with class fr.inria.lille.repair.nopol.spoon.smt.ConditionalAdder
java.lang.AssertionError: expected:<-0.27195612846834> but was:<-0.27194301946870036>
    at org.junit.Assert.fail(Assert.java:88)
    at org.junit.Assert.failNotEquals(Assert.java:743)
    at org.junit.Assert.assertEquals(Assert.java:494)
    at org.junit.Assert.assertEquals(Assert.java:592)
    at org.apache.commons.math.optimization.MultiStartUnivariateRealOptimizerTest.testQuinticMin(MultiStartUnivariateRealOptimizerTest.java:86)
    at sun.reflect.NativeMethodAccessorImpl.invoke0(Native Method)
17:30:19.451 [pool-144-thread-1] INFO  xxl.java.junit.TestCasesListener - Tests run finished (12 ms)
<> Total tests run: 2
<> Ignored tests: 0
<> Failed tests: 1
~ testQuinticMin(org.apache.commons.math.optimization.MultiStartUnivariateRealOptimizerTest)
[expected:<-0.27195612846834> but was:<-0.27194301946870036>]
java.lang.AssertionError: expected:<-0.27195612846834> but was:<-0.27194301946870036>    at org.junit.Assert.fail(Assert.java:88)
    at org.junit.Assert.failNotEquals(Assert.java:743)
    at org.junit.Assert.assertEquals(Assert.java:494)
    at org.junit.Assert.assertEquals(Assert.java:592)
    at org.apache.commons.math.optimization.MultiStartUnivariateRealOptimizerTest.testQuinticMin(MultiStartUnivariateRealOptimizerTest.java:86)
    at sun.reflect.NativeMethodAccessorImpl.invoke0(Native Method)

17:30:19.573 [pool-2-thread-1] DEBUG fr.inria.lille.repair.nopol.NoPol - statement #52
17:30:19.574 [pool-2-thread-1] DEBUG fr.inria.lille.repair.nopol.NoPol - Analysing SourceLocation org.apache.commons.math.optimization.MultiStartUnivariateRealOptimizer:219 which is executed by 2 tests
-35370545
17:30:19.664 [pool-2-thread-1] DEBUG fr.inria.lille.repair.nopol.NoPol - looking with class fr.inria.lille.repair.nopol.spoon.smt.ConditionalAdder
java.lang.AssertionError: expected:<-0.27195612846834> but was:<-0.27194301946870036>
    at org.junit.Assert.fail(Assert.java:88)
    at org.junit.Assert.failNotEquals(Assert.java:743)
    at org.junit.Assert.assertEquals(Assert.java:494)
    at org.junit.Assert.assertEquals(Assert.java:592)
    at org.apache.commons.math.optimization.MultiStartUnivariateRealOptimizerTest.testQuinticMin(MultiStartUnivariateRealOptimizerTest.java:86)
    at sun.reflect.NativeMethodAccessorImpl.invoke0(Native Method)
17:30:19.680 [pool-148-thread-1] INFO  xxl.java.junit.TestCasesListener - Tests run finished (13 ms)
<> Total tests run: 2
<> Ignored tests: 0
<> Failed tests: 1
~ testQuinticMin(org.apache.commons.math.optimization.MultiStartUnivariateRealOptimizerTest)
[expected:<-0.27195612846834> but was:<-0.27194301946870036>]
java.lang.AssertionError: expected:<-0.27195612846834> but was:<-0.27194301946870036>    at org.junit.Assert.fail(Assert.java:88)
    at org.junit.Assert.failNotEquals(Assert.java:743)
    at org.junit.Assert.assertEquals(Assert.java:494)
    at org.junit.Assert.assertEquals(Assert.java:592)
    at org.apache.commons.math.optimization.MultiStartUnivariateRealOptimizerTest.testQuinticMin(MultiStartUnivariateRealOptimizerTest.java:86)
    at sun.reflect.NativeMethodAccessorImpl.invoke0(Native Method)

17:30:19.828 [pool-2-thread-1] DEBUG fr.inria.lille.repair.nopol.NoPol - looking with class fr.inria.lille.repair.nopol.spoon.smt.ConditionalReplacer
java.lang.AssertionError: expected:<-0.27195612846834> but was:<-0.27194301946870036>
    at org.junit.Assert.fail(Assert.java:88)
    at org.junit.Assert.failNotEquals(Assert.java:743)
    at org.junit.Assert.assertEquals(Assert.java:494)
    at org.junit.Assert.assertEquals(Assert.java:592)
    at org.apache.commons.math.optimization.MultiStartUnivariateRealOptimizerTest.testQuinticMin(MultiStartUnivariateRealOptimizerTest.java:86)
    at sun.reflect.NativeMethodAccessorImpl.invoke0(Native Method)
17:30:19.843 [pool-152-thread-1] INFO  xxl.java.junit.TestCasesListener - Tests run finished (13 ms)
<> Total tests run: 2
<> Ignored tests: 0
<> Failed tests: 1
~ testQuinticMin(org.apache.commons.math.optimization.MultiStartUnivariateRealOptimizerTest)
[expected:<-0.27195612846834> but was:<-0.27194301946870036>]
java.lang.AssertionError: expected:<-0.27195612846834> but was:<-0.27194301946870036>    at org.junit.Assert.fail(Assert.java:88)
    at org.junit.Assert.failNotEquals(Assert.java:743)
    at org.junit.Assert.assertEquals(Assert.java:494)
    at org.junit.Assert.assertEquals(Assert.java:592)
    at org.apache.commons.math.optimization.MultiStartUnivariateRealOptimizerTest.testQuinticMin(MultiStartUnivariateRealOptimizerTest.java:86)
    at sun.reflect.NativeMethodAccessorImpl.invoke0(Native Method)

17:30:19.990 [pool-2-thread-1] DEBUG fr.inria.lille.repair.nopol.NoPol - statement #53
17:30:19.990 [pool-2-thread-1] DEBUG fr.inria.lille.repair.nopol.NoPol - Analysing SourceLocation org.apache.commons.math.optimization.MultiStartUnivariateRealOptimizer:193 which is executed by 2 tests
-35370545
17:30:20.085 [pool-2-thread-1] DEBUG fr.inria.lille.repair.nopol.NoPol - looking with class fr.inria.lille.repair.nopol.spoon.smt.ConditionalAdder
java.lang.AssertionError: expected:<-0.27195612846834> but was:<-0.27194301946870036>
    at org.junit.Assert.fail(Assert.java:88)
    at org.junit.Assert.failNotEquals(Assert.java:743)
    at org.junit.Assert.assertEquals(Assert.java:494)
    at org.junit.Assert.assertEquals(Assert.java:592)
    at org.apache.commons.math.optimization.MultiStartUnivariateRealOptimizerTest.testQuinticMin(MultiStartUnivariateRealOptimizerTest.java:86)
    at sun.reflect.NativeMethodAccessorImpl.invoke0(Native Method)
17:30:20.496 [pool-156-thread-1] INFO  xxl.java.junit.TestCasesListener - Tests run finished (12 ms)
<> Total tests run: 2
<> Ignored tests: 0
<> Failed tests: 1
~ testQuinticMin(org.apache.commons.math.optimization.MultiStartUnivariateRealOptimizerTest)
[expected:<-0.27195612846834> but was:<-0.27194301946870036>]
java.lang.AssertionError: expected:<-0.27195612846834> but was:<-0.27194301946870036>    at org.junit.Assert.fail(Assert.java:88)
    at org.junit.Assert.failNotEquals(Assert.java:743)
    at org.junit.Assert.assertEquals(Assert.java:494)
    at org.junit.Assert.assertEquals(Assert.java:592)
    at org.apache.commons.math.optimization.MultiStartUnivariateRealOptimizerTest.testQuinticMin(MultiStartUnivariateRealOptimizerTest.java:86)
    at sun.reflect.NativeMethodAccessorImpl.invoke0(Native Method)

17:30:20.621 [pool-2-thread-1] DEBUG fr.inria.lille.repair.nopol.NoPol - looking with class fr.inria.lille.repair.nopol.spoon.smt.ConditionalReplacer
java.lang.AssertionError: expected:<-0.27195612846834> but was:<-0.27194301946870036>
    at org.junit.Assert.fail(Assert.java:88)
    at org.junit.Assert.failNotEquals(Assert.java:743)
    at org.junit.Assert.assertEquals(Assert.java:494)
    at org.junit.Assert.assertEquals(Assert.java:592)
    at org.apache.commons.math.optimization.MultiStartUnivariateRealOptimizerTest.testQuinticMin(MultiStartUnivariateRealOptimizerTest.java:86)
    at sun.reflect.NativeMethodAccessorImpl.invoke0(Native Method)
17:30:20.636 [pool-160-thread-1] INFO  xxl.java.junit.TestCasesListener - Tests run finished (12 ms)
<> Total tests run: 2
<> Ignored tests: 0
<> Failed tests: 1
~ testQuinticMin(org.apache.commons.math.optimization.MultiStartUnivariateRealOptimizerTest)
[expected:<-0.27195612846834> but was:<-0.27194301946870036>]
java.lang.AssertionError: expected:<-0.27195612846834> but was:<-0.27194301946870036>    at org.junit.Assert.fail(Assert.java:88)
    at org.junit.Assert.failNotEquals(Assert.java:743)
    at org.junit.Assert.assertEquals(Assert.java:494)
    at org.junit.Assert.assertEquals(Assert.java:592)
    at org.apache.commons.math.optimization.MultiStartUnivariateRealOptimizerTest.testQuinticMin(MultiStartUnivariateRealOptimizerTest.java:86)
    at sun.reflect.NativeMethodAccessorImpl.invoke0(Native Method)

17:30:20.759 [pool-2-thread-1] DEBUG fr.inria.lille.repair.nopol.NoPol - statement #54
17:30:20.759 [pool-2-thread-1] DEBUG fr.inria.lille.repair.nopol.NoPol - Analysing SourceLocation org.apache.commons.math.optimization.MultiStartUnivariateRealOptimizer:158 which is executed by 2 tests
-35370545
17:30:20.839 [pool-2-thread-1] DEBUG fr.inria.lille.repair.nopol.NoPol - statement #55
17:30:20.839 [pool-2-thread-1] DEBUG fr.inria.lille.repair.nopol.NoPol - Analysing SourceLocation org.apache.commons.math.optimization.MultiStartUnivariateRealOptimizer:157 which is executed by 2 tests
-35370545
17:30:20.916 [pool-2-thread-1] DEBUG fr.inria.lille.repair.nopol.NoPol - looking with class fr.inria.lille.repair.nopol.spoon.smt.ConditionalAdder
java.lang.AssertionError: expected:<-0.27195612846834> but was:<-0.27194301946870036>
    at org.junit.Assert.fail(Assert.java:88)
    at org.junit.Assert.failNotEquals(Assert.java:743)
    at org.junit.Assert.assertEquals(Assert.java:494)
    at org.junit.Assert.assertEquals(Assert.java:592)
    at org.apache.commons.math.optimization.MultiStartUnivariateRealOptimizerTest.testQuinticMin(MultiStartUnivariateRealOptimizerTest.java:86)
    at sun.reflect.NativeMethodAccessorImpl.invoke0(Native Method)
17:30:20.932 [pool-164-thread-1] INFO  xxl.java.junit.TestCasesListener - Tests run finished (13 ms)
<> Total tests run: 2
<> Ignored tests: 0
<> Failed tests: 1
~ testQuinticMin(org.apache.commons.math.optimization.MultiStartUnivariateRealOptimizerTest)
[expected:<-0.27195612846834> but was:<-0.27194301946870036>]
java.lang.AssertionError: expected:<-0.27195612846834> but was:<-0.27194301946870036>    at org.junit.Assert.fail(Assert.java:88)
    at org.junit.Assert.failNotEquals(Assert.java:743)
    at org.junit.Assert.assertEquals(Assert.java:494)
    at org.junit.Assert.assertEquals(Assert.java:592)
    at org.apache.commons.math.optimization.MultiStartUnivariateRealOptimizerTest.testQuinticMin(MultiStartUnivariateRealOptimizerTest.java:86)
    at sun.reflect.NativeMethodAccessorImpl.invoke0(Native Method)

17:30:21.059 [pool-2-thread-1] DEBUG fr.inria.lille.repair.nopol.NoPol - statement #56
17:30:21.059 [pool-2-thread-1] DEBUG fr.inria.lille.repair.nopol.NoPol - Analysing SourceLocation org.apache.commons.math.optimization.MultiStartUnivariateRealOptimizer:153 which is executed by 2 tests
-35370545
17:30:21.137 [pool-2-thread-1] DEBUG fr.inria.lille.repair.nopol.NoPol - statement #57
17:30:21.137 [pool-2-thread-1] DEBUG fr.inria.lille.repair.nopol.NoPol - Analysing SourceLocation org.apache.commons.math.optimization.MultiStartUnivariateRealOptimizer:152 which is executed by 2 tests
-35370545
17:30:21.216 [pool-2-thread-1] DEBUG fr.inria.lille.repair.nopol.NoPol - looking with class fr.inria.lille.repair.nopol.spoon.smt.ConditionalAdder
java.lang.AssertionError: expected:<-0.27195612846834> but was:<-0.27194301946870036>
    at org.junit.Assert.fail(Assert.java:88)
    at org.junit.Assert.failNotEquals(Assert.java:743)
    at org.junit.Assert.assertEquals(Assert.java:494)
    at org.junit.Assert.assertEquals(Assert.java:592)
    at org.apache.commons.math.optimization.MultiStartUnivariateRealOptimizerTest.testQuinticMin(MultiStartUnivariateRealOptimizerTest.java:86)
    at sun.reflect.NativeMethodAccessorImpl.invoke0(Native Method)
17:30:21.232 [pool-168-thread-1] INFO  xxl.java.junit.TestCasesListener - Tests run finished (12 ms)
<> Total tests run: 2
<> Ignored tests: 0
<> Failed tests: 1
~ testQuinticMin(org.apache.commons.math.optimization.MultiStartUnivariateRealOptimizerTest)
[expected:<-0.27195612846834> but was:<-0.27194301946870036>]
java.lang.AssertionError: expected:<-0.27195612846834> but was:<-0.27194301946870036>    at org.junit.Assert.fail(Assert.java:88)
    at org.junit.Assert.failNotEquals(Assert.java:743)
    at org.junit.Assert.assertEquals(Assert.java:494)
    at org.junit.Assert.assertEquals(Assert.java:592)
    at org.apache.commons.math.optimization.MultiStartUnivariateRealOptimizerTest.testQuinticMin(MultiStartUnivariateRealOptimizerTest.java:86)
    at sun.reflect.NativeMethodAccessorImpl.invoke0(Native Method)

17:30:21.352 [pool-2-thread-1] DEBUG fr.inria.lille.repair.nopol.NoPol - statement #58
17:30:21.353 [pool-2-thread-1] DEBUG fr.inria.lille.repair.nopol.NoPol - Analysing SourceLocation org.apache.commons.math.optimization.univariate.AbstractUnivariateRealOptimizer:86 which is executed by 2 tests
-850389962
17:30:21.427 [pool-2-thread-1] DEBUG fr.inria.lille.repair.nopol.NoPol - statement #59
17:30:21.428 [pool-2-thread-1] DEBUG fr.inria.lille.repair.nopol.NoPol - Analysing SourceLocation org.apache.commons.math.optimization.univariate.AbstractUnivariateRealOptimizer:85 which is executed by 2 tests
-850389962
17:30:21.501 [pool-2-thread-1] DEBUG fr.inria.lille.repair.nopol.NoPol - looking with class fr.inria.lille.repair.nopol.spoon.smt.ConditionalAdder
java.lang.AssertionError: expected:<-0.27195612846834> but was:<-0.27194301946870036>
    at org.junit.Assert.fail(Assert.java:88)
    at org.junit.Assert.failNotEquals(Assert.java:743)
    at org.junit.Assert.assertEquals(Assert.java:494)
    at org.junit.Assert.assertEquals(Assert.java:592)
    at org.apache.commons.math.optimization.MultiStartUnivariateRealOptimizerTest.testQuinticMin(MultiStartUnivariateRealOptimizerTest.java:86)
    at sun.reflect.NativeMethodAccessorImpl.invoke0(Native Method)
17:30:21.517 [pool-172-thread-1] INFO  xxl.java.junit.TestCasesListener - Tests run finished (12 ms)
<> Total tests run: 2
<> Ignored tests: 0
<> Failed tests: 1
~ testQuinticMin(org.apache.commons.math.optimization.MultiStartUnivariateRealOptimizerTest)
[expected:<-0.27195612846834> but was:<-0.27194301946870036>]
java.lang.AssertionError: expected:<-0.27195612846834> but was:<-0.27194301946870036>    at org.junit.Assert.fail(Assert.java:88)
    at org.junit.Assert.failNotEquals(Assert.java:743)
    at org.junit.Assert.assertEquals(Assert.java:494)
    at org.junit.Assert.assertEquals(Assert.java:592)
    at org.apache.commons.math.optimization.MultiStartUnivariateRealOptimizerTest.testQuinticMin(MultiStartUnivariateRealOptimizerTest.java:86)
    at sun.reflect.NativeMethodAccessorImpl.invoke0(Native Method)

17:30:21.624 [pool-2-thread-1] DEBUG fr.inria.lille.repair.nopol.NoPol - statement #60
17:30:21.624 [pool-2-thread-1] DEBUG fr.inria.lille.repair.nopol.NoPol - Analysing SourceLocation org.apache.commons.math.optimization.univariate.AbstractUnivariateRealOptimizer:79 which is executed by 2 tests
-850389962
17:30:21.697 [pool-2-thread-1] DEBUG fr.inria.lille.repair.nopol.NoPol - looking with class fr.inria.lille.repair.nopol.spoon.smt.ConditionalAdder
java.lang.AssertionError: expected:<-0.27195612846834> but was:<-0.27194301946870036>
    at org.junit.Assert.fail(Assert.java:88)
    at org.junit.Assert.failNotEquals(Assert.java:743)
    at org.junit.Assert.assertEquals(Assert.java:494)
    at org.junit.Assert.assertEquals(Assert.java:592)
    at org.apache.commons.math.optimization.MultiStartUnivariateRealOptimizerTest.testQuinticMin(MultiStartUnivariateRealOptimizerTest.java:86)
    at sun.reflect.NativeMethodAccessorImpl.invoke0(Native Method)
17:30:21.712 [pool-176-thread-1] INFO  xxl.java.junit.TestCasesListener - Tests run finished (12 ms)
<> Total tests run: 2
<> Ignored tests: 0
<> Failed tests: 1
~ testQuinticMin(org.apache.commons.math.optimization.MultiStartUnivariateRealOptimizerTest)
[expected:<-0.27195612846834> but was:<-0.27194301946870036>]
java.lang.AssertionError: expected:<-0.27195612846834> but was:<-0.27194301946870036>    at org.junit.Assert.fail(Assert.java:88)
    at org.junit.Assert.failNotEquals(Assert.java:743)
    at org.junit.Assert.assertEquals(Assert.java:494)
    at org.junit.Assert.assertEquals(Assert.java:592)
    at org.apache.commons.math.optimization.MultiStartUnivariateRealOptimizerTest.testQuinticMin(MultiStartUnivariateRealOptimizerTest.java:86)
    at sun.reflect.NativeMethodAccessorImpl.invoke0(Native Method)

17:30:21.817 [pool-2-thread-1] DEBUG fr.inria.lille.repair.nopol.NoPol - statement #61
17:30:21.817 [pool-2-thread-1] DEBUG fr.inria.lille.repair.nopol.NoPol - Analysing SourceLocation org.apache.commons.math.optimization.univariate.AbstractUnivariateRealOptimizer:75 which is executed by 2 tests
-850389962
17:30:21.890 [pool-2-thread-1] DEBUG fr.inria.lille.repair.nopol.NoPol - statement #62
17:30:21.890 [pool-2-thread-1] DEBUG fr.inria.lille.repair.nopol.NoPol - Analysing SourceLocation org.apache.commons.math.optimization.univariate.AbstractUnivariateRealOptimizer:123 which is executed by 3 tests
-850389962
17:30:21.964 [pool-2-thread-1] DEBUG fr.inria.lille.repair.nopol.NoPol - statement #63
17:30:21.964 [pool-2-thread-1] DEBUG fr.inria.lille.repair.nopol.NoPol - Analysing SourceLocation org.apache.commons.math.optimization.univariate.AbstractUnivariateRealOptimizer:72 which is executed by 3 tests
-850389962
17:30:22.055 [pool-2-thread-1] DEBUG fr.inria.lille.repair.nopol.NoPol - looking with class fr.inria.lille.repair.nopol.spoon.smt.ConditionalAdder
java.lang.AssertionError: expected:<-0.27195612846834> but was:<-0.27194301946870036>
    at org.junit.Assert.fail(Assert.java:88)
    at org.junit.Assert.failNotEquals(Assert.java:743)
    at org.junit.Assert.assertEquals(Assert.java:494)
    at org.junit.Assert.assertEquals(Assert.java:592)
    at org.apache.commons.math.optimization.MultiStartUnivariateRealOptimizerTest.testQuinticMin(MultiStartUnivariateRealOptimizerTest.java:86)
    at sun.reflect.NativeMethodAccessorImpl.invoke0(Native Method)
17:30:22.071 [pool-180-thread-1] INFO  xxl.java.junit.TestCasesListener - Tests run finished (13 ms)
<> Total tests run: 2
<> Ignored tests: 0
<> Failed tests: 1
~ testQuinticMin(org.apache.commons.math.optimization.MultiStartUnivariateRealOptimizerTest)
[expected:<-0.27195612846834> but was:<-0.27194301946870036>]
java.lang.AssertionError: expected:<-0.27195612846834> but was:<-0.27194301946870036>    at org.junit.Assert.fail(Assert.java:88)
    at org.junit.Assert.failNotEquals(Assert.java:743)
    at org.junit.Assert.assertEquals(Assert.java:494)
    at org.junit.Assert.assertEquals(Assert.java:592)
    at org.apache.commons.math.optimization.MultiStartUnivariateRealOptimizerTest.testQuinticMin(MultiStartUnivariateRealOptimizerTest.java:86)
    at sun.reflect.NativeMethodAccessorImpl.invoke0(Native Method)

17:30:22.177 [pool-2-thread-1] DEBUG fr.inria.lille.repair.nopol.NoPol - looking with class fr.inria.lille.repair.nopol.spoon.smt.ConditionalReplacer
java.lang.AssertionError: expected:<-0.27195612846834> but was:<-0.27194301946870036>
    at org.junit.Assert.fail(Assert.java:88)
    at org.junit.Assert.failNotEquals(Assert.java:743)
    at org.junit.Assert.assertEquals(Assert.java:494)
    at org.junit.Assert.assertEquals(Assert.java:592)
    at org.apache.commons.math.optimization.MultiStartUnivariateRealOptimizerTest.testQuinticMin(MultiStartUnivariateRealOptimizerTest.java:86)
    at sun.reflect.NativeMethodAccessorImpl.invoke0(Native Method)
17:30:22.191 [pool-184-thread-1] INFO  xxl.java.junit.TestCasesListener - Tests run finished (12 ms)
<> Total tests run: 2
<> Ignored tests: 0
<> Failed tests: 1
~ testQuinticMin(org.apache.commons.math.optimization.MultiStartUnivariateRealOptimizerTest)
[expected:<-0.27195612846834> but was:<-0.27194301946870036>]
java.lang.AssertionError: expected:<-0.27195612846834> but was:<-0.27194301946870036>    at org.junit.Assert.fail(Assert.java:88)
    at org.junit.Assert.failNotEquals(Assert.java:743)
    at org.junit.Assert.assertEquals(Assert.java:494)
    at org.junit.Assert.assertEquals(Assert.java:592)
    at org.apache.commons.math.optimization.MultiStartUnivariateRealOptimizerTest.testQuinticMin(MultiStartUnivariateRealOptimizerTest.java:86)
    at sun.reflect.NativeMethodAccessorImpl.invoke0(Native Method)

17:30:22.298 [pool-2-thread-1] DEBUG fr.inria.lille.repair.nopol.NoPol - statement #64
17:30:22.298 [pool-2-thread-1] DEBUG fr.inria.lille.repair.nopol.NoPol - Analysing SourceLocation org.apache.commons.math.optimization.univariate.BrentOptimizer:176 which is executed by 5 tests
192698619
17:30:22.375 [pool-2-thread-1] DEBUG fr.inria.lille.repair.nopol.NoPol - looking with class fr.inria.lille.repair.nopol.spoon.smt.ConditionalAdder
java.lang.AssertionError: expected:<-0.27195612846834> but was:<-0.27194301946870036>
    at org.junit.Assert.fail(Assert.java:88)
    at org.junit.Assert.failNotEquals(Assert.java:743)
    at org.junit.Assert.assertEquals(Assert.java:494)
    at org.junit.Assert.assertEquals(Assert.java:592)
    at org.apache.commons.math.optimization.MultiStartUnivariateRealOptimizerTest.testQuinticMin(MultiStartUnivariateRealOptimizerTest.java:86)
    at sun.reflect.NativeMethodAccessorImpl.invoke0(Native Method)
17:30:22.391 [pool-188-thread-1] INFO  xxl.java.junit.TestCasesListener - Tests run finished (12 ms)
<> Total tests run: 2
<> Ignored tests: 0
<> Failed tests: 1
~ testQuinticMin(org.apache.commons.math.optimization.MultiStartUnivariateRealOptimizerTest)
[expected:<-0.27195612846834> but was:<-0.27194301946870036>]
java.lang.AssertionError: expected:<-0.27195612846834> but was:<-0.27194301946870036>    at org.junit.Assert.fail(Assert.java:88)
    at org.junit.Assert.failNotEquals(Assert.java:743)
    at org.junit.Assert.assertEquals(Assert.java:494)
    at org.junit.Assert.assertEquals(Assert.java:592)
    at org.apache.commons.math.optimization.MultiStartUnivariateRealOptimizerTest.testQuinticMin(MultiStartUnivariateRealOptimizerTest.java:86)
    at sun.reflect.NativeMethodAccessorImpl.invoke0(Native Method)

17:30:22.534 [pool-2-thread-1] DEBUG fr.inria.lille.repair.nopol.NoPol - statement #65
17:30:22.534 [pool-2-thread-1] DEBUG fr.inria.lille.repair.nopol.NoPol - Analysing SourceLocation org.apache.commons.math.optimization.univariate.BrentOptimizer:175 which is executed by 5 tests
192698619
17:30:22.617 [pool-2-thread-1] DEBUG fr.inria.lille.repair.nopol.NoPol - looking with class fr.inria.lille.repair.nopol.spoon.smt.ConditionalAdder
java.lang.AssertionError: expected:<-0.27195612846834> but was:<-0.27194301946870036>
    at org.junit.Assert.fail(Assert.java:88)
    at org.junit.Assert.failNotEquals(Assert.java:743)
    at org.junit.Assert.assertEquals(Assert.java:494)
    at org.junit.Assert.assertEquals(Assert.java:592)
    at org.apache.commons.math.optimization.MultiStartUnivariateRealOptimizerTest.testQuinticMin(MultiStartUnivariateRealOptimizerTest.java:86)
    at sun.reflect.NativeMethodAccessorImpl.invoke0(Native Method)
17:30:22.632 [pool-192-thread-1] INFO  xxl.java.junit.TestCasesListener - Tests run finished (12 ms)
<> Total tests run: 2
<> Ignored tests: 0
<> Failed tests: 1
~ testQuinticMin(org.apache.commons.math.optimization.MultiStartUnivariateRealOptimizerTest)
[expected:<-0.27195612846834> but was:<-0.27194301946870036>]
java.lang.AssertionError: expected:<-0.27195612846834> but was:<-0.27194301946870036>    at org.junit.Assert.fail(Assert.java:88)
    at org.junit.Assert.failNotEquals(Assert.java:743)
    at org.junit.Assert.assertEquals(Assert.java:494)
    at org.junit.Assert.assertEquals(Assert.java:592)
    at org.apache.commons.math.optimization.MultiStartUnivariateRealOptimizerTest.testQuinticMin(MultiStartUnivariateRealOptimizerTest.java:86)
    at sun.reflect.NativeMethodAccessorImpl.invoke0(Native Method)

17:30:22.754 [pool-2-thread-1] DEBUG fr.inria.lille.repair.nopol.NoPol - statement #66
17:30:22.754 [pool-2-thread-1] DEBUG fr.inria.lille.repair.nopol.NoPol - Analysing SourceLocation org.apache.commons.math.optimization.univariate.BrentOptimizer:174 which is executed by 5 tests
192698619
17:30:22.830 [pool-2-thread-1] DEBUG fr.inria.lille.repair.nopol.NoPol - looking with class fr.inria.lille.repair.nopol.spoon.smt.ConditionalAdder
java.lang.AssertionError: expected:<-0.27195612846834> but was:<-0.27194301946870036>
    at org.junit.Assert.fail(Assert.java:88)
    at org.junit.Assert.failNotEquals(Assert.java:743)
    at org.junit.Assert.assertEquals(Assert.java:494)
    at org.junit.Assert.assertEquals(Assert.java:592)
    at org.apache.commons.math.optimization.MultiStartUnivariateRealOptimizerTest.testQuinticMin(MultiStartUnivariateRealOptimizerTest.java:86)
    at sun.reflect.NativeMethodAccessorImpl.invoke0(Native Method)
17:30:22.845 [pool-196-thread-1] INFO  xxl.java.junit.TestCasesListener - Tests run finished (13 ms)
<> Total tests run: 2
<> Ignored tests: 0
<> Failed tests: 1
~ testQuinticMin(org.apache.commons.math.optimization.MultiStartUnivariateRealOptimizerTest)
[expected:<-0.27195612846834> but was:<-0.27194301946870036>]
java.lang.AssertionError: expected:<-0.27195612846834> but was:<-0.27194301946870036>    at org.junit.Assert.fail(Assert.java:88)
    at org.junit.Assert.failNotEquals(Assert.java:743)
    at org.junit.Assert.assertEquals(Assert.java:494)
    at org.junit.Assert.assertEquals(Assert.java:592)
    at org.apache.commons.math.optimization.MultiStartUnivariateRealOptimizerTest.testQuinticMin(MultiStartUnivariateRealOptimizerTest.java:86)
    at sun.reflect.NativeMethodAccessorImpl.invoke0(Native Method)

17:30:22.960 [pool-2-thread-1] DEBUG fr.inria.lille.repair.nopol.NoPol - looking with class fr.inria.lille.repair.nopol.spoon.smt.ConditionalReplacer
java.lang.AssertionError: expected:<-0.27195612846834> but was:<-0.27194301946870036>
    at org.junit.Assert.fail(Assert.java:88)
    at org.junit.Assert.failNotEquals(Assert.java:743)
    at org.junit.Assert.assertEquals(Assert.java:494)
    at org.junit.Assert.assertEquals(Assert.java:592)
    at org.apache.commons.math.optimization.MultiStartUnivariateRealOptimizerTest.testQuinticMin(MultiStartUnivariateRealOptimizerTest.java:86)
    at sun.reflect.NativeMethodAccessorImpl.invoke0(Native Method)
17:30:22.975 [pool-200-thread-1] INFO  xxl.java.junit.TestCasesListener - Tests run finished (12 ms)
<> Total tests run: 2
<> Ignored tests: 0
<> Failed tests: 1
~ testQuinticMin(org.apache.commons.math.optimization.MultiStartUnivariateRealOptimizerTest)
[expected:<-0.27195612846834> but was:<-0.27194301946870036>]
java.lang.AssertionError: expected:<-0.27195612846834> but was:<-0.27194301946870036>    at org.junit.Assert.fail(Assert.java:88)
    at org.junit.Assert.failNotEquals(Assert.java:743)
    at org.junit.Assert.assertEquals(Assert.java:494)
    at org.junit.Assert.assertEquals(Assert.java:592)
    at org.apache.commons.math.optimization.MultiStartUnivariateRealOptimizerTest.testQuinticMin(MultiStartUnivariateRealOptimizerTest.java:86)
    at sun.reflect.NativeMethodAccessorImpl.invoke0(Native Method)

17:30:23.091 [pool-2-thread-1] DEBUG fr.inria.lille.repair.nopol.NoPol - statement #67
17:30:23.091 [pool-2-thread-1] DEBUG fr.inria.lille.repair.nopol.NoPol - Analysing SourceLocation org.apache.commons.math.optimization.univariate.BrentOptimizer:165 which is executed by 5 tests
192698619
17:30:23.168 [pool-2-thread-1] DEBUG fr.inria.lille.repair.nopol.NoPol - looking with class fr.inria.lille.repair.nopol.spoon.smt.ConditionalAdder
java.lang.AssertionError: expected:<-0.27195612846834> but was:<-0.27194301946870036>
    at org.junit.Assert.fail(Assert.java:88)
    at org.junit.Assert.failNotEquals(Assert.java:743)
    at org.junit.Assert.assertEquals(Assert.java:494)
    at org.junit.Assert.assertEquals(Assert.java:592)
    at org.apache.commons.math.optimization.MultiStartUnivariateRealOptimizerTest.testQuinticMin(MultiStartUnivariateRealOptimizerTest.java:86)
    at sun.reflect.NativeMethodAccessorImpl.invoke0(Native Method)
17:30:23.183 [pool-204-thread-1] INFO  xxl.java.junit.TestCasesListener - Tests run finished (12 ms)
<> Total tests run: 2
<> Ignored tests: 0
<> Failed tests: 1
~ testQuinticMin(org.apache.commons.math.optimization.MultiStartUnivariateRealOptimizerTest)
[expected:<-0.27195612846834> but was:<-0.27194301946870036>]
java.lang.AssertionError: expected:<-0.27195612846834> but was:<-0.27194301946870036>    at org.junit.Assert.fail(Assert.java:88)
    at org.junit.Assert.failNotEquals(Assert.java:743)
    at org.junit.Assert.assertEquals(Assert.java:494)
    at org.junit.Assert.assertEquals(Assert.java:592)
    at org.apache.commons.math.optimization.MultiStartUnivariateRealOptimizerTest.testQuinticMin(MultiStartUnivariateRealOptimizerTest.java:86)
    at sun.reflect.NativeMethodAccessorImpl.invoke0(Native Method)

17:31:34.714 [pool-2-thread-1] DEBUG fr.inria.lille.repair.nopol.NoPol - statement #68
17:31:34.714 [pool-2-thread-1] DEBUG fr.inria.lille.repair.nopol.NoPol - Analysing SourceLocation org.apache.commons.math.optimization.univariate.BrentOptimizer:185 which is executed by 6 tests
192698619
17:31:34.800 [pool-2-thread-1] DEBUG fr.inria.lille.repair.nopol.NoPol - statement #69
17:31:34.801 [pool-2-thread-1] DEBUG fr.inria.lille.repair.nopol.NoPol - Analysing SourceLocation org.apache.commons.math.optimization.univariate.BrentOptimizer:184 which is executed by 6 tests
192698619
17:31:34.876 [pool-2-thread-1] DEBUG fr.inria.lille.repair.nopol.NoPol - looking with class fr.inria.lille.repair.nopol.spoon.smt.ConditionalAdder
java.lang.AssertionError: expected:<-0.27195612846834> but was:<-0.27194301946870036>
    at org.junit.Assert.fail(Assert.java:88)
    at org.junit.Assert.failNotEquals(Assert.java:743)
    at org.junit.Assert.assertEquals(Assert.java:494)
    at org.junit.Assert.assertEquals(Assert.java:592)
    at org.apache.commons.math.optimization.MultiStartUnivariateRealOptimizerTest.testQuinticMin(MultiStartUnivariateRealOptimizerTest.java:86)
    at sun.reflect.NativeMethodAccessorImpl.invoke0(Native Method)
17:31:34.891 [pool-208-thread-1] INFO  xxl.java.junit.TestCasesListener - Tests run finished (12 ms)
<> Total tests run: 2
<> Ignored tests: 0
<> Failed tests: 1
~ testQuinticMin(org.apache.commons.math.optimization.MultiStartUnivariateRealOptimizerTest)
[expected:<-0.27195612846834> but was:<-0.27194301946870036>]
java.lang.AssertionError: expected:<-0.27195612846834> but was:<-0.27194301946870036>    at org.junit.Assert.fail(Assert.java:88)
    at org.junit.Assert.failNotEquals(Assert.java:743)
    at org.junit.Assert.assertEquals(Assert.java:494)
    at org.junit.Assert.assertEquals(Assert.java:592)
    at org.apache.commons.math.optimization.MultiStartUnivariateRealOptimizerTest.testQuinticMin(MultiStartUnivariateRealOptimizerTest.java:86)
    at sun.reflect.NativeMethodAccessorImpl.invoke0(Native Method)

17:31:35.014 [pool-2-thread-1] DEBUG fr.inria.lille.repair.nopol.NoPol - statement #70
17:31:35.014 [pool-2-thread-1] DEBUG fr.inria.lille.repair.nopol.NoPol - Analysing SourceLocation org.apache.commons.math.optimization.univariate.BrentOptimizer:181 which is executed by 6 tests
192698619
17:31:35.088 [pool-2-thread-1] DEBUG fr.inria.lille.repair.nopol.NoPol - looking with class fr.inria.lille.repair.nopol.spoon.smt.ConditionalAdder
java.lang.AssertionError: expected:<-0.27195612846834> but was:<-0.27194301946870036>
    at org.junit.Assert.fail(Assert.java:88)
    at org.junit.Assert.failNotEquals(Assert.java:743)
    at org.junit.Assert.assertEquals(Assert.java:494)
    at org.junit.Assert.assertEquals(Assert.java:592)
    at org.apache.commons.math.optimization.MultiStartUnivariateRealOptimizerTest.testQuinticMin(MultiStartUnivariateRealOptimizerTest.java:86)
    at sun.reflect.NativeMethodAccessorImpl.invoke0(Native Method)
17:31:35.103 [pool-212-thread-1] INFO  xxl.java.junit.TestCasesListener - Tests run finished (12 ms)
<> Total tests run: 2
<> Ignored tests: 0
<> Failed tests: 1
~ testQuinticMin(org.apache.commons.math.optimization.MultiStartUnivariateRealOptimizerTest)
[expected:<-0.27195612846834> but was:<-0.27194301946870036>]
java.lang.AssertionError: expected:<-0.27195612846834> but was:<-0.27194301946870036>    at org.junit.Assert.fail(Assert.java:88)
    at org.junit.Assert.failNotEquals(Assert.java:743)
    at org.junit.Assert.assertEquals(Assert.java:494)
    at org.junit.Assert.assertEquals(Assert.java:592)
    at org.apache.commons.math.optimization.MultiStartUnivariateRealOptimizerTest.testQuinticMin(MultiStartUnivariateRealOptimizerTest.java:86)
    at sun.reflect.NativeMethodAccessorImpl.invoke0(Native Method)

17:32:41.021 [pool-2-thread-1] DEBUG fr.inria.lille.repair.nopol.NoPol - statement #71
17:32:41.022 [pool-2-thread-1] DEBUG fr.inria.lille.repair.nopol.NoPol - Analysing SourceLocation org.apache.commons.math.optimization.univariate.BrentOptimizer:180 which is executed by 6 tests
192698619
17:32:41.107 [pool-2-thread-1] DEBUG fr.inria.lille.repair.nopol.NoPol - looking with class fr.inria.lille.repair.nopol.spoon.smt.ConditionalAdder
java.lang.AssertionError: expected:<-0.27195612846834> but was:<-0.27194301946870036>
    at org.junit.Assert.fail(Assert.java:88)
    at org.junit.Assert.failNotEquals(Assert.java:743)
    at org.junit.Assert.assertEquals(Assert.java:494)
    at org.junit.Assert.assertEquals(Assert.java:592)
    at org.apache.commons.math.optimization.MultiStartUnivariateRealOptimizerTest.testQuinticMin(MultiStartUnivariateRealOptimizerTest.java:86)
    at sun.reflect.NativeMethodAccessorImpl.invoke0(Native Method)
17:32:41.122 [pool-216-thread-1] INFO  xxl.java.junit.TestCasesListener - Tests run finished (13 ms)
<> Total tests run: 2
<> Ignored tests: 0
<> Failed tests: 1
~ testQuinticMin(org.apache.commons.math.optimization.MultiStartUnivariateRealOptimizerTest)
[expected:<-0.27195612846834> but was:<-0.27194301946870036>]
java.lang.AssertionError: expected:<-0.27195612846834> but was:<-0.27194301946870036>    at org.junit.Assert.fail(Assert.java:88)
    at org.junit.Assert.failNotEquals(Assert.java:743)
    at org.junit.Assert.assertEquals(Assert.java:494)
    at org.junit.Assert.assertEquals(Assert.java:592)
    at org.apache.commons.math.optimization.MultiStartUnivariateRealOptimizerTest.testQuinticMin(MultiStartUnivariateRealOptimizerTest.java:86)
    at sun.reflect.NativeMethodAccessorImpl.invoke0(Native Method)

17:32:41.253 [pool-2-thread-1] DEBUG fr.inria.lille.repair.nopol.NoPol - statement #72
17:32:41.253 [pool-2-thread-1] DEBUG fr.inria.lille.repair.nopol.NoPol - Analysing SourceLocation org.apache.commons.math.optimization.univariate.BrentOptimizer:179 which is executed by 6 tests
192698619
17:32:41.328 [pool-2-thread-1] DEBUG fr.inria.lille.repair.nopol.NoPol - statement #73
17:32:41.328 [pool-2-thread-1] DEBUG fr.inria.lille.repair.nopol.NoPol - Analysing SourceLocation org.apache.commons.math.optimization.univariate.BrentOptimizer:173 which is executed by 6 tests
192698619
17:32:41.403 [pool-2-thread-1] DEBUG fr.inria.lille.repair.nopol.NoPol - looking with class fr.inria.lille.repair.nopol.spoon.smt.ConditionalAdder
java.lang.AssertionError: expected:<-0.27195612846834> but was:<-0.27194301946870036>
    at org.junit.Assert.fail(Assert.java:88)
    at org.junit.Assert.failNotEquals(Assert.java:743)
    at org.junit.Assert.assertEquals(Assert.java:494)
    at org.junit.Assert.assertEquals(Assert.java:592)
    at org.apache.commons.math.optimization.MultiStartUnivariateRealOptimizerTest.testQuinticMin(MultiStartUnivariateRealOptimizerTest.java:86)
    at sun.reflect.NativeMethodAccessorImpl.invoke0(Native Method)
17:32:41.418 [pool-220-thread-1] INFO  xxl.java.junit.TestCasesListener - Tests run finished (12 ms)
<> Total tests run: 2
<> Ignored tests: 0
<> Failed tests: 1
~ testQuinticMin(org.apache.commons.math.optimization.MultiStartUnivariateRealOptimizerTest)
[expected:<-0.27195612846834> but was:<-0.27194301946870036>]
java.lang.AssertionError: expected:<-0.27195612846834> but was:<-0.27194301946870036>    at org.junit.Assert.fail(Assert.java:88)
    at org.junit.Assert.failNotEquals(Assert.java:743)
    at org.junit.Assert.assertEquals(Assert.java:494)
    at org.junit.Assert.assertEquals(Assert.java:592)
    at org.apache.commons.math.optimization.MultiStartUnivariateRealOptimizerTest.testQuinticMin(MultiStartUnivariateRealOptimizerTest.java:86)
    at sun.reflect.NativeMethodAccessorImpl.invoke0(Native Method)

17:32:41.533 [pool-2-thread-1] DEBUG fr.inria.lille.repair.nopol.NoPol - statement #74
17:32:41.533 [pool-2-thread-1] DEBUG fr.inria.lille.repair.nopol.NoPol - Analysing SourceLocation org.apache.commons.math.optimization.univariate.BrentOptimizer:172 which is executed by 6 tests
192698619
17:32:41.608 [pool-2-thread-1] DEBUG fr.inria.lille.repair.nopol.NoPol - looking with class fr.inria.lille.repair.nopol.spoon.smt.ConditionalAdder
java.lang.AssertionError: expected:<-0.27195612846834> but was:<-0.27194301946870036>
    at org.junit.Assert.fail(Assert.java:88)
    at org.junit.Assert.failNotEquals(Assert.java:743)
    at org.junit.Assert.assertEquals(Assert.java:494)
    at org.junit.Assert.assertEquals(Assert.java:592)
    at org.apache.commons.math.optimization.MultiStartUnivariateRealOptimizerTest.testQuinticMin(MultiStartUnivariateRealOptimizerTest.java:86)
    at sun.reflect.NativeMethodAccessorImpl.invoke0(Native Method)
17:32:41.623 [pool-224-thread-1] INFO  xxl.java.junit.TestCasesListener - Tests run finished (13 ms)
<> Total tests run: 2
<> Ignored tests: 0
<> Failed tests: 1
~ testQuinticMin(org.apache.commons.math.optimization.MultiStartUnivariateRealOptimizerTest)
[expected:<-0.27195612846834> but was:<-0.27194301946870036>]
java.lang.AssertionError: expected:<-0.27195612846834> but was:<-0.27194301946870036>    at org.junit.Assert.fail(Assert.java:88)
    at org.junit.Assert.failNotEquals(Assert.java:743)
    at org.junit.Assert.assertEquals(Assert.java:494)
    at org.junit.Assert.assertEquals(Assert.java:592)
    at org.apache.commons.math.optimization.MultiStartUnivariateRealOptimizerTest.testQuinticMin(MultiStartUnivariateRealOptimizerTest.java:86)
    at sun.reflect.NativeMethodAccessorImpl.invoke0(Native Method)

17:32:41.734 [pool-2-thread-1] DEBUG fr.inria.lille.repair.nopol.NoPol - statement #75
17:32:41.735 [pool-2-thread-1] DEBUG fr.inria.lille.repair.nopol.NoPol - Analysing SourceLocation org.apache.commons.math.optimization.univariate.BrentOptimizer:171 which is executed by 6 tests
192698619
17:32:41.810 [pool-2-thread-1] DEBUG fr.inria.lille.repair.nopol.NoPol - looking with class fr.inria.lille.repair.nopol.spoon.smt.ConditionalAdder
java.lang.AssertionError: expected:<-0.27195612846834> but was:<-0.27194301946870036>
    at org.junit.Assert.fail(Assert.java:88)
    at org.junit.Assert.failNotEquals(Assert.java:743)
    at org.junit.Assert.assertEquals(Assert.java:494)
    at org.junit.Assert.assertEquals(Assert.java:592)
    at org.apache.commons.math.optimization.MultiStartUnivariateRealOptimizerTest.testQuinticMin(MultiStartUnivariateRealOptimizerTest.java:86)
    at sun.reflect.NativeMethodAccessorImpl.invoke0(Native Method)
17:32:41.824 [pool-228-thread-1] INFO  xxl.java.junit.TestCasesListener - Tests run finished (12 ms)
<> Total tests run: 2
<> Ignored tests: 0
<> Failed tests: 1
~ testQuinticMin(org.apache.commons.math.optimization.MultiStartUnivariateRealOptimizerTest)
[expected:<-0.27195612846834> but was:<-0.27194301946870036>]
java.lang.AssertionError: expected:<-0.27195612846834> but was:<-0.27194301946870036>    at org.junit.Assert.fail(Assert.java:88)
    at org.junit.Assert.failNotEquals(Assert.java:743)
    at org.junit.Assert.assertEquals(Assert.java:494)
    at org.junit.Assert.assertEquals(Assert.java:592)
    at org.apache.commons.math.optimization.MultiStartUnivariateRealOptimizerTest.testQuinticMin(MultiStartUnivariateRealOptimizerTest.java:86)
    at sun.reflect.NativeMethodAccessorImpl.invoke0(Native Method)

17:32:41.935 [pool-2-thread-1] DEBUG fr.inria.lille.repair.nopol.NoPol - statement #76
17:32:41.935 [pool-2-thread-1] DEBUG fr.inria.lille.repair.nopol.NoPol - Analysing SourceLocation org.apache.commons.math.optimization.univariate.BrentOptimizer:170 which is executed by 6 tests
192698619
17:32:42.009 [pool-2-thread-1] DEBUG fr.inria.lille.repair.nopol.NoPol - looking with class fr.inria.lille.repair.nopol.spoon.smt.ConditionalAdder
java.lang.AssertionError: expected:<-0.27195612846834> but was:<-0.27194301946870036>
    at org.junit.Assert.fail(Assert.java:88)
    at org.junit.Assert.failNotEquals(Assert.java:743)
    at org.junit.Assert.assertEquals(Assert.java:494)
    at org.junit.Assert.assertEquals(Assert.java:592)
    at org.apache.commons.math.optimization.MultiStartUnivariateRealOptimizerTest.testQuinticMin(MultiStartUnivariateRealOptimizerTest.java:86)
    at sun.reflect.NativeMethodAccessorImpl.invoke0(Native Method)
17:32:42.023 [pool-232-thread-1] INFO  xxl.java.junit.TestCasesListener - Tests run finished (12 ms)
<> Total tests run: 2
<> Ignored tests: 0
<> Failed tests: 1
~ testQuinticMin(org.apache.commons.math.optimization.MultiStartUnivariateRealOptimizerTest)
[expected:<-0.27195612846834> but was:<-0.27194301946870036>]
java.lang.AssertionError: expected:<-0.27195612846834> but was:<-0.27194301946870036>    at org.junit.Assert.fail(Assert.java:88)
    at org.junit.Assert.failNotEquals(Assert.java:743)
    at org.junit.Assert.assertEquals(Assert.java:494)
    at org.junit.Assert.assertEquals(Assert.java:592)
    at org.apache.commons.math.optimization.MultiStartUnivariateRealOptimizerTest.testQuinticMin(MultiStartUnivariateRealOptimizerTest.java:86)
    at sun.reflect.NativeMethodAccessorImpl.invoke0(Native Method)

17:32:42.135 [pool-2-thread-1] DEBUG fr.inria.lille.repair.nopol.NoPol - statement #77
17:32:42.136 [pool-2-thread-1] DEBUG fr.inria.lille.repair.nopol.NoPol - Analysing SourceLocation org.apache.commons.math.optimization.univariate.BrentOptimizer:169 which is executed by 6 tests
192698619
17:32:42.210 [pool-2-thread-1] DEBUG fr.inria.lille.repair.nopol.NoPol - looking with class fr.inria.lille.repair.nopol.spoon.smt.ConditionalAdder
java.lang.AssertionError: expected:<-0.27195612846834> but was:<-0.27194301946870036>
    at org.junit.Assert.fail(Assert.java:88)
    at org.junit.Assert.failNotEquals(Assert.java:743)
    at org.junit.Assert.assertEquals(Assert.java:494)
    at org.junit.Assert.assertEquals(Assert.java:592)
    at org.apache.commons.math.optimization.MultiStartUnivariateRealOptimizerTest.testQuinticMin(MultiStartUnivariateRealOptimizerTest.java:86)
    at sun.reflect.NativeMethodAccessorImpl.invoke0(Native Method)
17:32:42.233 [pool-236-thread-1] INFO  xxl.java.junit.TestCasesListener - Tests run finished (20 ms)
<> Total tests run: 2
<> Ignored tests: 0
<> Failed tests: 1
~ testQuinticMin(org.apache.commons.math.optimization.MultiStartUnivariateRealOptimizerTest)
[expected:<-0.27195612846834> but was:<-0.27194301946870036>]
java.lang.AssertionError: expected:<-0.27195612846834> but was:<-0.27194301946870036>    at org.junit.Assert.fail(Assert.java:88)
    at org.junit.Assert.failNotEquals(Assert.java:743)
    at org.junit.Assert.assertEquals(Assert.java:494)
    at org.junit.Assert.assertEquals(Assert.java:592)
    at org.apache.commons.math.optimization.MultiStartUnivariateRealOptimizerTest.testQuinticMin(MultiStartUnivariateRealOptimizerTest.java:86)
    at sun.reflect.NativeMethodAccessorImpl.invoke0(Native Method)

17:32:42.346 [pool-2-thread-1] DEBUG fr.inria.lille.repair.nopol.NoPol - looking with class fr.inria.lille.repair.nopol.spoon.smt.ConditionalReplacer
java.lang.AssertionError: expected:<-0.27195612846834> but was:<-0.27194301946870036>
    at org.junit.Assert.fail(Assert.java:88)
    at org.junit.Assert.failNotEquals(Assert.java:743)
    at org.junit.Assert.assertEquals(Assert.java:494)
    at org.junit.Assert.assertEquals(Assert.java:592)
    at org.apache.commons.math.optimization.MultiStartUnivariateRealOptimizerTest.testQuinticMin(MultiStartUnivariateRealOptimizerTest.java:86)
    at sun.reflect.NativeMethodAccessorImpl.invoke0(Native Method)
17:32:42.360 [pool-240-thread-1] INFO  xxl.java.junit.TestCasesListener - Tests run finished (12 ms)
<> Total tests run: 2
<> Ignored tests: 0
<> Failed tests: 1
~ testQuinticMin(org.apache.commons.math.optimization.MultiStartUnivariateRealOptimizerTest)
[expected:<-0.27195612846834> but was:<-0.27194301946870036>]
java.lang.AssertionError: expected:<-0.27195612846834> but was:<-0.27194301946870036>    at org.junit.Assert.fail(Assert.java:88)
    at org.junit.Assert.failNotEquals(Assert.java:743)
    at org.junit.Assert.assertEquals(Assert.java:494)
    at org.junit.Assert.assertEquals(Assert.java:592)
    at org.apache.commons.math.optimization.MultiStartUnivariateRealOptimizerTest.testQuinticMin(MultiStartUnivariateRealOptimizerTest.java:86)
    at sun.reflect.NativeMethodAccessorImpl.invoke0(Native Method)

17:32:42.501 [pool-2-thread-1] DEBUG fr.inria.lille.repair.nopol.NoPol - statement #78
17:32:42.501 [pool-2-thread-1] DEBUG fr.inria.lille.repair.nopol.NoPol - Analysing SourceLocation org.apache.commons.math.optimization.univariate.BrentOptimizer:167 which is executed by 6 tests
192698619
17:32:42.575 [pool-2-thread-1] DEBUG fr.inria.lille.repair.nopol.NoPol - looking with class fr.inria.lille.repair.nopol.spoon.smt.ConditionalAdder
java.lang.AssertionError: expected:<-0.27195612846834> but was:<-0.27194301946870036>
    at org.junit.Assert.fail(Assert.java:88)
    at org.junit.Assert.failNotEquals(Assert.java:743)
    at org.junit.Assert.assertEquals(Assert.java:494)
    at org.junit.Assert.assertEquals(Assert.java:592)
    at org.apache.commons.math.optimization.MultiStartUnivariateRealOptimizerTest.testQuinticMin(MultiStartUnivariateRealOptimizerTest.java:86)
    at sun.reflect.NativeMethodAccessorImpl.invoke0(Native Method)
17:32:42.592 [pool-244-thread-1] INFO  xxl.java.junit.TestCasesListener - Tests run finished (14 ms)
<> Total tests run: 2
<> Ignored tests: 0
<> Failed tests: 1
~ testQuinticMin(org.apache.commons.math.optimization.MultiStartUnivariateRealOptimizerTest)
[expected:<-0.27195612846834> but was:<-0.27194301946870036>]
java.lang.AssertionError: expected:<-0.27195612846834> but was:<-0.27194301946870036>    at org.junit.Assert.fail(Assert.java:88)
    at org.junit.Assert.failNotEquals(Assert.java:743)
    at org.junit.Assert.assertEquals(Assert.java:494)
    at org.junit.Assert.assertEquals(Assert.java:592)
    at org.apache.commons.math.optimization.MultiStartUnivariateRealOptimizerTest.testQuinticMin(MultiStartUnivariateRealOptimizerTest.java:86)
    at sun.reflect.NativeMethodAccessorImpl.invoke0(Native Method)

17:33:55.194 [pool-2-thread-1] DEBUG fr.inria.lille.repair.nopol.NoPol - statement #79
17:33:55.195 [pool-2-thread-1] DEBUG fr.inria.lille.repair.nopol.NoPol - Analysing SourceLocation org.apache.commons.math.optimization.univariate.BrentOptimizer:164 which is executed by 6 tests
192698619
17:33:55.278 [pool-2-thread-1] DEBUG fr.inria.lille.repair.nopol.NoPol - looking with class fr.inria.lille.repair.nopol.spoon.smt.ConditionalAdder
java.lang.AssertionError: expected:<-0.27195612846834> but was:<-0.27194301946870036>
    at org.junit.Assert.fail(Assert.java:88)
    at org.junit.Assert.failNotEquals(Assert.java:743)
    at org.junit.Assert.assertEquals(Assert.java:494)
    at org.junit.Assert.assertEquals(Assert.java:592)
    at org.apache.commons.math.optimization.MultiStartUnivariateRealOptimizerTest.testQuinticMin(MultiStartUnivariateRealOptimizerTest.java:86)
    at sun.reflect.NativeMethodAccessorImpl.invoke0(Native Method)
17:33:55.293 [pool-248-thread-1] INFO  xxl.java.junit.TestCasesListener - Tests run finished (13 ms)
<> Total tests run: 2
<> Ignored tests: 0
<> Failed tests: 1
~ testQuinticMin(org.apache.commons.math.optimization.MultiStartUnivariateRealOptimizerTest)
[expected:<-0.27195612846834> but was:<-0.27194301946870036>]
java.lang.AssertionError: expected:<-0.27195612846834> but was:<-0.27194301946870036>    at org.junit.Assert.fail(Assert.java:88)
    at org.junit.Assert.failNotEquals(Assert.java:743)
    at org.junit.Assert.assertEquals(Assert.java:494)
    at org.junit.Assert.assertEquals(Assert.java:592)
    at org.apache.commons.math.optimization.MultiStartUnivariateRealOptimizerTest.testQuinticMin(MultiStartUnivariateRealOptimizerTest.java:86)
    at sun.reflect.NativeMethodAccessorImpl.invoke0(Native Method)

17:35:02.470 [pool-2-thread-1] DEBUG fr.inria.lille.repair.nopol.NoPol - looking with class fr.inria.lille.repair.nopol.spoon.smt.ConditionalReplacer
java.lang.AssertionError: expected:<-0.27195612846834> but was:<-0.27194301946870036>
    at org.junit.Assert.fail(Assert.java:88)
    at org.junit.Assert.failNotEquals(Assert.java:743)
    at org.junit.Assert.assertEquals(Assert.java:494)
    at org.junit.Assert.assertEquals(Assert.java:592)
    at org.apache.commons.math.optimization.MultiStartUnivariateRealOptimizerTest.testQuinticMin(MultiStartUnivariateRealOptimizerTest.java:86)
    at sun.reflect.NativeMethodAccessorImpl.invoke0(Native Method)
17:35:02.487 [pool-252-thread-1] INFO  xxl.java.junit.TestCasesListener - Tests run finished (13 ms)
<> Total tests run: 2
<> Ignored tests: 0
<> Failed tests: 1
~ testQuinticMin(org.apache.commons.math.optimization.MultiStartUnivariateRealOptimizerTest)
[expected:<-0.27195612846834> but was:<-0.27194301946870036>]
java.lang.AssertionError: expected:<-0.27195612846834> but was:<-0.27194301946870036>    at org.junit.Assert.fail(Assert.java:88)
    at org.junit.Assert.failNotEquals(Assert.java:743)
    at org.junit.Assert.assertEquals(Assert.java:494)
    at org.junit.Assert.assertEquals(Assert.java:592)
    at org.apache.commons.math.optimization.MultiStartUnivariateRealOptimizerTest.testQuinticMin(MultiStartUnivariateRealOptimizerTest.java:86)
    at sun.reflect.NativeMethodAccessorImpl.invoke0(Native Method)

17:35:58.267 [pool-2-thread-1] DEBUG fr.inria.lille.repair.nopol.NoPol - statement #80
17:35:58.267 [pool-2-thread-1] DEBUG fr.inria.lille.repair.nopol.NoPol - Analysing SourceLocation org.apache.commons.math.optimization.univariate.BrentOptimizer:162 which is executed by 6 tests
192698619
17:35:58.349 [pool-2-thread-1] DEBUG fr.inria.lille.repair.nopol.NoPol - looking with class fr.inria.lille.repair.nopol.spoon.smt.ConditionalAdder
java.lang.AssertionError: expected:<-0.27195612846834> but was:<-0.27194301946870036>
    at org.junit.Assert.fail(Assert.java:88)
    at org.junit.Assert.failNotEquals(Assert.java:743)
    at org.junit.Assert.assertEquals(Assert.java:494)
    at org.junit.Assert.assertEquals(Assert.java:592)
    at org.apache.commons.math.optimization.MultiStartUnivariateRealOptimizerTest.testQuinticMin(MultiStartUnivariateRealOptimizerTest.java:86)
    at sun.reflect.NativeMethodAccessorImpl.invoke0(Native Method)
17:35:58.366 [pool-256-thread-1] INFO  xxl.java.junit.TestCasesListener - Tests run finished (12 ms)
<> Total tests run: 2
<> Ignored tests: 0
<> Failed tests: 1
~ testQuinticMin(org.apache.commons.math.optimization.MultiStartUnivariateRealOptimizerTest)
[expected:<-0.27195612846834> but was:<-0.27194301946870036>]
java.lang.AssertionError: expected:<-0.27195612846834> but was:<-0.27194301946870036>    at org.junit.Assert.fail(Assert.java:88)
    at org.junit.Assert.failNotEquals(Assert.java:743)
    at org.junit.Assert.assertEquals(Assert.java:494)
    at org.junit.Assert.assertEquals(Assert.java:592)
    at org.apache.commons.math.optimization.MultiStartUnivariateRealOptimizerTest.testQuinticMin(MultiStartUnivariateRealOptimizerTest.java:86)
    at sun.reflect.NativeMethodAccessorImpl.invoke0(Native Method)

17:35:58.494 [pool-2-thread-1] DEBUG fr.inria.lille.repair.nopol.NoPol - statement #81
17:35:58.494 [pool-2-thread-1] DEBUG fr.inria.lille.repair.nopol.NoPol - Analysing SourceLocation org.apache.commons.math.optimization.univariate.BrentOptimizer:161 which is executed by 6 tests
192698619
17:35:58.568 [pool-2-thread-1] DEBUG fr.inria.lille.repair.nopol.NoPol - looking with class fr.inria.lille.repair.nopol.spoon.smt.ConditionalAdder
java.lang.AssertionError: expected:<-0.27195612846834> but was:<-0.27194301946870036>
    at org.junit.Assert.fail(Assert.java:88)
    at org.junit.Assert.failNotEquals(Assert.java:743)
    at org.junit.Assert.assertEquals(Assert.java:494)
    at org.junit.Assert.assertEquals(Assert.java:592)
    at org.apache.commons.math.optimization.MultiStartUnivariateRealOptimizerTest.testQuinticMin(MultiStartUnivariateRealOptimizerTest.java:86)
    at sun.reflect.NativeMethodAccessorImpl.invoke0(Native Method)
17:35:58.583 [pool-260-thread-1] INFO  xxl.java.junit.TestCasesListener - Tests run finished (12 ms)
<> Total tests run: 2
<> Ignored tests: 0
<> Failed tests: 1
~ testQuinticMin(org.apache.commons.math.optimization.MultiStartUnivariateRealOptimizerTest)
[expected:<-0.27195612846834> but was:<-0.27194301946870036>]
java.lang.AssertionError: expected:<-0.27195612846834> but was:<-0.27194301946870036>    at org.junit.Assert.fail(Assert.java:88)
    at org.junit.Assert.failNotEquals(Assert.java:743)
    at org.junit.Assert.assertEquals(Assert.java:494)
    at org.junit.Assert.assertEquals(Assert.java:592)
    at org.apache.commons.math.optimization.MultiStartUnivariateRealOptimizerTest.testQuinticMin(MultiStartUnivariateRealOptimizerTest.java:86)
    at sun.reflect.NativeMethodAccessorImpl.invoke0(Native Method)

17:36:24.430 [pool-2-thread-1] DEBUG fr.inria.lille.repair.nopol.NoPol - statement #82
17:36:24.430 [pool-2-thread-1] DEBUG fr.inria.lille.repair.nopol.NoPol - Analysing SourceLocation org.apache.commons.math.optimization.univariate.BrentOptimizer:160 which is executed by 6 tests
192698619
17:36:24.513 [pool-2-thread-1] DEBUG fr.inria.lille.repair.nopol.NoPol - looking with class fr.inria.lille.repair.nopol.spoon.smt.ConditionalAdder
java.lang.AssertionError: expected:<-0.27195612846834> but was:<-0.27194301946870036>
    at org.junit.Assert.fail(Assert.java:88)
    at org.junit.Assert.failNotEquals(Assert.java:743)
    at org.junit.Assert.assertEquals(Assert.java:494)
    at org.junit.Assert.assertEquals(Assert.java:592)
    at org.apache.commons.math.optimization.MultiStartUnivariateRealOptimizerTest.testQuinticMin(MultiStartUnivariateRealOptimizerTest.java:86)
    at sun.reflect.NativeMethodAccessorImpl.invoke0(Native Method)
17:36:24.528 [pool-264-thread-1] INFO  xxl.java.junit.TestCasesListener - Tests run finished (12 ms)
<> Total tests run: 2
<> Ignored tests: 0
<> Failed tests: 1
~ testQuinticMin(org.apache.commons.math.optimization.MultiStartUnivariateRealOptimizerTest)
[expected:<-0.27195612846834> but was:<-0.27194301946870036>]
java.lang.AssertionError: expected:<-0.27195612846834> but was:<-0.27194301946870036>    at org.junit.Assert.fail(Assert.java:88)
    at org.junit.Assert.failNotEquals(Assert.java:743)
    at org.junit.Assert.assertEquals(Assert.java:494)
    at org.junit.Assert.assertEquals(Assert.java:592)
    at org.apache.commons.math.optimization.MultiStartUnivariateRealOptimizerTest.testQuinticMin(MultiStartUnivariateRealOptimizerTest.java:86)
    at sun.reflect.NativeMethodAccessorImpl.invoke0(Native Method)

17:36:24.647 [pool-2-thread-1] DEBUG fr.inria.lille.repair.nopol.NoPol - statement #83
17:36:24.648 [pool-2-thread-1] DEBUG fr.inria.lille.repair.nopol.NoPol - Analysing SourceLocation org.apache.commons.math.optimization.univariate.BrentOptimizer:159 which is executed by 6 tests
192698619
17:36:24.722 [pool-2-thread-1] DEBUG fr.inria.lille.repair.nopol.NoPol - looking with class fr.inria.lille.repair.nopol.spoon.smt.ConditionalAdder
java.lang.AssertionError: expected:<-0.27195612846834> but was:<-0.27194301946870036>
    at org.junit.Assert.fail(Assert.java:88)
    at org.junit.Assert.failNotEquals(Assert.java:743)
    at org.junit.Assert.assertEquals(Assert.java:494)
    at org.junit.Assert.assertEquals(Assert.java:592)
    at org.apache.commons.math.optimization.MultiStartUnivariateRealOptimizerTest.testQuinticMin(MultiStartUnivariateRealOptimizerTest.java:86)
    at sun.reflect.NativeMethodAccessorImpl.invoke0(Native Method)
17:36:24.736 [pool-268-thread-1] INFO  xxl.java.junit.TestCasesListener - Tests run finished (12 ms)
<> Total tests run: 2
<> Ignored tests: 0
<> Failed tests: 1
~ testQuinticMin(org.apache.commons.math.optimization.MultiStartUnivariateRealOptimizerTest)
[expected:<-0.27195612846834> but was:<-0.27194301946870036>]
java.lang.AssertionError: expected:<-0.27195612846834> but was:<-0.27194301946870036>    at org.junit.Assert.fail(Assert.java:88)
    at org.junit.Assert.failNotEquals(Assert.java:743)
    at org.junit.Assert.assertEquals(Assert.java:494)
    at org.junit.Assert.assertEquals(Assert.java:592)
    at org.apache.commons.math.optimization.MultiStartUnivariateRealOptimizerTest.testQuinticMin(MultiStartUnivariateRealOptimizerTest.java:86)
    at sun.reflect.NativeMethodAccessorImpl.invoke0(Native Method)

17:36:24.848 [pool-2-thread-1] DEBUG fr.inria.lille.repair.nopol.NoPol - statement #84
17:36:24.848 [pool-2-thread-1] DEBUG fr.inria.lille.repair.nopol.NoPol - Analysing SourceLocation org.apache.commons.math.optimization.univariate.BrentOptimizer:158 which is executed by 6 tests
192698619
17:36:24.923 [pool-2-thread-1] DEBUG fr.inria.lille.repair.nopol.NoPol - looking with class fr.inria.lille.repair.nopol.spoon.smt.ConditionalAdder
java.lang.AssertionError: expected:<-0.27195612846834> but was:<-0.27194301946870036>
    at org.junit.Assert.fail(Assert.java:88)
    at org.junit.Assert.failNotEquals(Assert.java:743)
    at org.junit.Assert.assertEquals(Assert.java:494)
    at org.junit.Assert.assertEquals(Assert.java:592)
    at org.apache.commons.math.optimization.MultiStartUnivariateRealOptimizerTest.testQuinticMin(MultiStartUnivariateRealOptimizerTest.java:86)
    at sun.reflect.NativeMethodAccessorImpl.invoke0(Native Method)
17:36:24.937 [pool-272-thread-1] INFO  xxl.java.junit.TestCasesListener - Tests run finished (12 ms)
<> Total tests run: 2
<> Ignored tests: 0
<> Failed tests: 1
~ testQuinticMin(org.apache.commons.math.optimization.MultiStartUnivariateRealOptimizerTest)
[expected:<-0.27195612846834> but was:<-0.27194301946870036>]
java.lang.AssertionError: expected:<-0.27195612846834> but was:<-0.27194301946870036>    at org.junit.Assert.fail(Assert.java:88)
    at org.junit.Assert.failNotEquals(Assert.java:743)
    at org.junit.Assert.assertEquals(Assert.java:494)
    at org.junit.Assert.assertEquals(Assert.java:592)
    at org.apache.commons.math.optimization.MultiStartUnivariateRealOptimizerTest.testQuinticMin(MultiStartUnivariateRealOptimizerTest.java:86)
    at sun.reflect.NativeMethodAccessorImpl.invoke0(Native Method)

17:36:25.049 [pool-2-thread-1] DEBUG fr.inria.lille.repair.nopol.NoPol - statement #85
17:36:25.049 [pool-2-thread-1] DEBUG fr.inria.lille.repair.nopol.NoPol - Analysing SourceLocation org.apache.commons.math.optimization.univariate.BrentOptimizer:157 which is executed by 6 tests
192698619
17:36:25.123 [pool-2-thread-1] DEBUG fr.inria.lille.repair.nopol.NoPol - looking with class fr.inria.lille.repair.nopol.spoon.smt.ConditionalAdder
java.lang.AssertionError: expected:<-0.27195612846834> but was:<-0.27194301946870036>
    at org.junit.Assert.fail(Assert.java:88)
    at org.junit.Assert.failNotEquals(Assert.java:743)
    at org.junit.Assert.assertEquals(Assert.java:494)
    at org.junit.Assert.assertEquals(Assert.java:592)
    at org.apache.commons.math.optimization.MultiStartUnivariateRealOptimizerTest.testQuinticMin(MultiStartUnivariateRealOptimizerTest.java:86)
    at sun.reflect.NativeMethodAccessorImpl.invoke0(Native Method)
17:36:25.137 [pool-276-thread-1] INFO  xxl.java.junit.TestCasesListener - Tests run finished (11 ms)
<> Total tests run: 2
<> Ignored tests: 0
<> Failed tests: 1
~ testQuinticMin(org.apache.commons.math.optimization.MultiStartUnivariateRealOptimizerTest)
[expected:<-0.27195612846834> but was:<-0.27194301946870036>]
java.lang.AssertionError: expected:<-0.27195612846834> but was:<-0.27194301946870036>    at org.junit.Assert.fail(Assert.java:88)
    at org.junit.Assert.failNotEquals(Assert.java:743)
    at org.junit.Assert.assertEquals(Assert.java:494)
    at org.junit.Assert.assertEquals(Assert.java:592)
    at org.apache.commons.math.optimization.MultiStartUnivariateRealOptimizerTest.testQuinticMin(MultiStartUnivariateRealOptimizerTest.java:86)
    at sun.reflect.NativeMethodAccessorImpl.invoke0(Native Method)

17:36:25.249 [pool-2-thread-1] DEBUG fr.inria.lille.repair.nopol.NoPol - statement #86
17:36:25.250 [pool-2-thread-1] DEBUG fr.inria.lille.repair.nopol.NoPol - Analysing SourceLocation org.apache.commons.math.optimization.univariate.BrentOptimizer:155 which is executed by 6 tests
192698619
17:36:25.324 [pool-2-thread-1] DEBUG fr.inria.lille.repair.nopol.NoPol - looking with class fr.inria.lille.repair.nopol.spoon.smt.ConditionalAdder
java.lang.AssertionError: expected:<-0.27195612846834> but was:<-0.27194301946870036>
    at org.junit.Assert.fail(Assert.java:88)
    at org.junit.Assert.failNotEquals(Assert.java:743)
    at org.junit.Assert.assertEquals(Assert.java:494)
    at org.junit.Assert.assertEquals(Assert.java:592)
    at org.apache.commons.math.optimization.MultiStartUnivariateRealOptimizerTest.testQuinticMin(MultiStartUnivariateRealOptimizerTest.java:86)
    at sun.reflect.NativeMethodAccessorImpl.invoke0(Native Method)
17:36:25.339 [pool-280-thread-1] INFO  xxl.java.junit.TestCasesListener - Tests run finished (12 ms)
<> Total tests run: 2
<> Ignored tests: 0
<> Failed tests: 1
~ testQuinticMin(org.apache.commons.math.optimization.MultiStartUnivariateRealOptimizerTest)
[expected:<-0.27195612846834> but was:<-0.27194301946870036>]
java.lang.AssertionError: expected:<-0.27195612846834> but was:<-0.27194301946870036>    at org.junit.Assert.fail(Assert.java:88)
    at org.junit.Assert.failNotEquals(Assert.java:743)
    at org.junit.Assert.assertEquals(Assert.java:494)
    at org.junit.Assert.assertEquals(Assert.java:592)
    at org.apache.commons.math.optimization.MultiStartUnivariateRealOptimizerTest.testQuinticMin(MultiStartUnivariateRealOptimizerTest.java:86)
    at sun.reflect.NativeMethodAccessorImpl.invoke0(Native Method)

17:36:25.447 [pool-2-thread-1] DEBUG fr.inria.lille.repair.nopol.NoPol - statement #87
17:36:25.448 [pool-2-thread-1] DEBUG fr.inria.lille.repair.nopol.NoPol - Analysing SourceLocation org.apache.commons.math.optimization.univariate.BrentOptimizer:153 which is executed by 6 tests
192698619
17:36:25.521 [pool-2-thread-1] DEBUG fr.inria.lille.repair.nopol.NoPol - looking with class fr.inria.lille.repair.nopol.spoon.smt.ConditionalAdder
java.lang.AssertionError: expected:<-0.27195612846834> but was:<-0.27194301946870036>
    at org.junit.Assert.fail(Assert.java:88)
    at org.junit.Assert.failNotEquals(Assert.java:743)
    at org.junit.Assert.assertEquals(Assert.java:494)
    at org.junit.Assert.assertEquals(Assert.java:592)
    at org.apache.commons.math.optimization.MultiStartUnivariateRealOptimizerTest.testQuinticMin(MultiStartUnivariateRealOptimizerTest.java:86)
    at sun.reflect.NativeMethodAccessorImpl.invoke0(Native Method)
17:36:25.536 [pool-284-thread-1] INFO  xxl.java.junit.TestCasesListener - Tests run finished (12 ms)
<> Total tests run: 2
<> Ignored tests: 0
<> Failed tests: 1
~ testQuinticMin(org.apache.commons.math.optimization.MultiStartUnivariateRealOptimizerTest)
[expected:<-0.27195612846834> but was:<-0.27194301946870036>]
java.lang.AssertionError: expected:<-0.27195612846834> but was:<-0.27194301946870036>    at org.junit.Assert.fail(Assert.java:88)
    at org.junit.Assert.failNotEquals(Assert.java:743)
    at org.junit.Assert.assertEquals(Assert.java:494)
    at org.junit.Assert.assertEquals(Assert.java:592)
    at org.apache.commons.math.optimization.MultiStartUnivariateRealOptimizerTest.testQuinticMin(MultiStartUnivariateRealOptimizerTest.java:86)
    at sun.reflect.NativeMethodAccessorImpl.invoke0(Native Method)

17:36:25.646 [pool-2-thread-1] DEBUG fr.inria.lille.repair.nopol.NoPol - statement #88
17:36:25.647 [pool-2-thread-1] DEBUG fr.inria.lille.repair.nopol.NoPol - Analysing SourceLocation org.apache.commons.math.optimization.univariate.BrentOptimizer:152 which is executed by 6 tests
192698619
17:36:25.720 [pool-2-thread-1] DEBUG fr.inria.lille.repair.nopol.NoPol - looking with class fr.inria.lille.repair.nopol.spoon.smt.ConditionalAdder
java.lang.AssertionError: expected:<-0.27195612846834> but was:<-0.27194301946870036>
    at org.junit.Assert.fail(Assert.java:88)
    at org.junit.Assert.failNotEquals(Assert.java:743)
    at org.junit.Assert.assertEquals(Assert.java:494)
    at org.junit.Assert.assertEquals(Assert.java:592)
    at org.apache.commons.math.optimization.MultiStartUnivariateRealOptimizerTest.testQuinticMin(MultiStartUnivariateRealOptimizerTest.java:86)
    at sun.reflect.NativeMethodAccessorImpl.invoke0(Native Method)
17:36:25.735 [pool-288-thread-1] INFO  xxl.java.junit.TestCasesListener - Tests run finished (12 ms)
<> Total tests run: 2
<> Ignored tests: 0
<> Failed tests: 1
~ testQuinticMin(org.apache.commons.math.optimization.MultiStartUnivariateRealOptimizerTest)
[expected:<-0.27195612846834> but was:<-0.27194301946870036>]
java.lang.AssertionError: expected:<-0.27195612846834> but was:<-0.27194301946870036>    at org.junit.Assert.fail(Assert.java:88)
    at org.junit.Assert.failNotEquals(Assert.java:743)
    at org.junit.Assert.assertEquals(Assert.java:494)
    at org.junit.Assert.assertEquals(Assert.java:592)
    at org.apache.commons.math.optimization.MultiStartUnivariateRealOptimizerTest.testQuinticMin(MultiStartUnivariateRealOptimizerTest.java:86)
    at sun.reflect.NativeMethodAccessorImpl.invoke0(Native Method)

17:36:52.800 [pool-2-thread-1] DEBUG fr.inria.lille.repair.nopol.NoPol - looking with class fr.inria.lille.repair.nopol.spoon.smt.ConditionalReplacer
java.lang.AssertionError: expected:<-0.27195612846834> but was:<-0.27194301946870036>
    at org.junit.Assert.fail(Assert.java:88)
    at org.junit.Assert.failNotEquals(Assert.java:743)
    at org.junit.Assert.assertEquals(Assert.java:494)
    at org.junit.Assert.assertEquals(Assert.java:592)
    at org.apache.commons.math.optimization.MultiStartUnivariateRealOptimizerTest.testQuinticMin(MultiStartUnivariateRealOptimizerTest.java:86)
    at sun.reflect.NativeMethodAccessorImpl.invoke0(Native Method)
17:36:52.815 [pool-292-thread-1] INFO  xxl.java.junit.TestCasesListener - Tests run finished (12 ms)
<> Total tests run: 2
<> Ignored tests: 0
<> Failed tests: 1
~ testQuinticMin(org.apache.commons.math.optimization.MultiStartUnivariateRealOptimizerTest)
[expected:<-0.27195612846834> but was:<-0.27194301946870036>]
java.lang.AssertionError: expected:<-0.27195612846834> but was:<-0.27194301946870036>    at org.junit.Assert.fail(Assert.java:88)
    at org.junit.Assert.failNotEquals(Assert.java:743)
    at org.junit.Assert.assertEquals(Assert.java:494)
    at org.junit.Assert.assertEquals(Assert.java:592)
    at org.apache.commons.math.optimization.MultiStartUnivariateRealOptimizerTest.testQuinticMin(MultiStartUnivariateRealOptimizerTest.java:86)
    at sun.reflect.NativeMethodAccessorImpl.invoke0(Native Method)

17:36:52.939 [pool-2-thread-1] DEBUG fr.inria.lille.repair.nopol.NoPol - statement #89
17:36:52.940 [pool-2-thread-1] DEBUG fr.inria.lille.repair.nopol.NoPol - Analysing SourceLocation org.apache.commons.math.optimization.univariate.BrentOptimizer:151 which is executed by 6 tests
192698619
17:36:53.013 [pool-2-thread-1] DEBUG fr.inria.lille.repair.nopol.NoPol - looking with class fr.inria.lille.repair.nopol.spoon.smt.ConditionalAdder
java.lang.AssertionError: expected:<-0.27195612846834> but was:<-0.27194301946870036>
    at org.junit.Assert.fail(Assert.java:88)
    at org.junit.Assert.failNotEquals(Assert.java:743)
    at org.junit.Assert.assertEquals(Assert.java:494)
    at org.junit.Assert.assertEquals(Assert.java:592)
    at org.apache.commons.math.optimization.MultiStartUnivariateRealOptimizerTest.testQuinticMin(MultiStartUnivariateRealOptimizerTest.java:86)
    at sun.reflect.NativeMethodAccessorImpl.invoke0(Native Method)
17:36:53.028 [pool-296-thread-1] INFO  xxl.java.junit.TestCasesListener - Tests run finished (12 ms)
<> Total tests run: 2
<> Ignored tests: 0
<> Failed tests: 1
~ testQuinticMin(org.apache.commons.math.optimization.MultiStartUnivariateRealOptimizerTest)
[expected:<-0.27195612846834> but was:<-0.27194301946870036>]
java.lang.AssertionError: expected:<-0.27195612846834> but was:<-0.27194301946870036>    at org.junit.Assert.fail(Assert.java:88)
    at org.junit.Assert.failNotEquals(Assert.java:743)
    at org.junit.Assert.assertEquals(Assert.java:494)
    at org.junit.Assert.assertEquals(Assert.java:592)
    at org.apache.commons.math.optimization.MultiStartUnivariateRealOptimizerTest.testQuinticMin(MultiStartUnivariateRealOptimizerTest.java:86)
    at sun.reflect.NativeMethodAccessorImpl.invoke0(Native Method)

17:37:12.392 [pool-2-thread-1] DEBUG fr.inria.lille.repair.nopol.NoPol - looking with class fr.inria.lille.repair.nopol.spoon.smt.ConditionalReplacer
java.lang.AssertionError: expected:<-0.27195612846834> but was:<-0.27194301946870036>
    at org.junit.Assert.fail(Assert.java:88)
    at org.junit.Assert.failNotEquals(Assert.java:743)
    at org.junit.Assert.assertEquals(Assert.java:494)
    at org.junit.Assert.assertEquals(Assert.java:592)
    at org.apache.commons.math.optimization.MultiStartUnivariateRealOptimizerTest.testQuinticMin(MultiStartUnivariateRealOptimizerTest.java:86)
    at sun.reflect.NativeMethodAccessorImpl.invoke0(Native Method)
17:37:12.406 [pool-300-thread-1] INFO  xxl.java.junit.TestCasesListener - Tests run finished (12 ms)
<> Total tests run: 2
<> Ignored tests: 0
<> Failed tests: 1
~ testQuinticMin(org.apache.commons.math.optimization.MultiStartUnivariateRealOptimizerTest)
[expected:<-0.27195612846834> but was:<-0.27194301946870036>]
java.lang.AssertionError: expected:<-0.27195612846834> but was:<-0.27194301946870036>    at org.junit.Assert.fail(Assert.java:88)
    at org.junit.Assert.failNotEquals(Assert.java:743)
    at org.junit.Assert.assertEquals(Assert.java:494)
    at org.junit.Assert.assertEquals(Assert.java:592)
    at org.apache.commons.math.optimization.MultiStartUnivariateRealOptimizerTest.testQuinticMin(MultiStartUnivariateRealOptimizerTest.java:86)
    at sun.reflect.NativeMethodAccessorImpl.invoke0(Native Method)

17:37:12.532 [pool-2-thread-1] DEBUG fr.inria.lille.repair.nopol.NoPol - statement #90
17:37:12.532 [pool-2-thread-1] DEBUG fr.inria.lille.repair.nopol.NoPol - Analysing SourceLocation org.apache.commons.math.optimization.univariate.BrentOptimizer:146 which is executed by 6 tests
192698619
17:37:12.607 [pool-2-thread-1] DEBUG fr.inria.lille.repair.nopol.NoPol - looking with class fr.inria.lille.repair.nopol.spoon.smt.ConditionalAdder
java.lang.AssertionError: expected:<-0.27195612846834> but was:<-0.27194301946870036>
    at org.junit.Assert.fail(Assert.java:88)
    at org.junit.Assert.failNotEquals(Assert.java:743)
    at org.junit.Assert.assertEquals(Assert.java:494)
    at org.junit.Assert.assertEquals(Assert.java:592)
    at org.apache.commons.math.optimization.MultiStartUnivariateRealOptimizerTest.testQuinticMin(MultiStartUnivariateRealOptimizerTest.java:86)
    at sun.reflect.NativeMethodAccessorImpl.invoke0(Native Method)
17:37:12.621 [pool-304-thread-1] INFO  xxl.java.junit.TestCasesListener - Tests run finished (12 ms)
<> Total tests run: 2
<> Ignored tests: 0
<> Failed tests: 1
~ testQuinticMin(org.apache.commons.math.optimization.MultiStartUnivariateRealOptimizerTest)
[expected:<-0.27195612846834> but was:<-0.27194301946870036>]
java.lang.AssertionError: expected:<-0.27195612846834> but was:<-0.27194301946870036>    at org.junit.Assert.fail(Assert.java:88)
    at org.junit.Assert.failNotEquals(Assert.java:743)
    at org.junit.Assert.assertEquals(Assert.java:494)
    at org.junit.Assert.assertEquals(Assert.java:592)
    at org.apache.commons.math.optimization.MultiStartUnivariateRealOptimizerTest.testQuinticMin(MultiStartUnivariateRealOptimizerTest.java:86)
    at sun.reflect.NativeMethodAccessorImpl.invoke0(Native Method)

17:37:12.731 [pool-2-thread-1] DEBUG fr.inria.lille.repair.nopol.NoPol - looking with class fr.inria.lille.repair.nopol.spoon.smt.ConditionalReplacer
java.lang.AssertionError: expected:<-0.27195612846834> but was:<-0.27194301946870036>
    at org.junit.Assert.fail(Assert.java:88)
    at org.junit.Assert.failNotEquals(Assert.java:743)
    at org.junit.Assert.assertEquals(Assert.java:494)
    at org.junit.Assert.assertEquals(Assert.java:592)
    at org.apache.commons.math.optimization.MultiStartUnivariateRealOptimizerTest.testQuinticMin(MultiStartUnivariateRealOptimizerTest.java:86)
    at sun.reflect.NativeMethodAccessorImpl.invoke0(Native Method)
17:37:12.744 [pool-308-thread-1] INFO  xxl.java.junit.TestCasesListener - Tests run finished (11 ms)
<> Total tests run: 2
<> Ignored tests: 0
<> Failed tests: 1
~ testQuinticMin(org.apache.commons.math.optimization.MultiStartUnivariateRealOptimizerTest)
[expected:<-0.27195612846834> but was:<-0.27194301946870036>]
java.lang.AssertionError: expected:<-0.27195612846834> but was:<-0.27194301946870036>    at org.junit.Assert.fail(Assert.java:88)
    at org.junit.Assert.failNotEquals(Assert.java:743)
    at org.junit.Assert.assertEquals(Assert.java:494)
    at org.junit.Assert.assertEquals(Assert.java:592)
    at org.apache.commons.math.optimization.MultiStartUnivariateRealOptimizerTest.testQuinticMin(MultiStartUnivariateRealOptimizerTest.java:86)
    at sun.reflect.NativeMethodAccessorImpl.invoke0(Native Method)

17:37:12.855 [pool-2-thread-1] DEBUG fr.inria.lille.repair.nopol.NoPol - statement #91
17:37:12.855 [pool-2-thread-1] DEBUG fr.inria.lille.repair.nopol.NoPol - Analysing SourceLocation org.apache.commons.math.optimization.univariate.BrentOptimizer:145 which is executed by 6 tests
192698619
17:37:12.929 [pool-2-thread-1] DEBUG fr.inria.lille.repair.nopol.NoPol - statement #92
17:37:12.929 [pool-2-thread-1] DEBUG fr.inria.lille.repair.nopol.NoPol - Analysing SourceLocation org.apache.commons.math.optimization.univariate.BrentOptimizer:144 which is executed by 6 tests
192698619
17:37:13.002 [pool-2-thread-1] DEBUG fr.inria.lille.repair.nopol.NoPol - looking with class fr.inria.lille.repair.nopol.spoon.smt.ConditionalAdder
java.lang.AssertionError: expected:<-0.27195612846834> but was:<-0.27194301946870036>
    at org.junit.Assert.fail(Assert.java:88)
    at org.junit.Assert.failNotEquals(Assert.java:743)
    at org.junit.Assert.assertEquals(Assert.java:494)
    at org.junit.Assert.assertEquals(Assert.java:592)
    at org.apache.commons.math.optimization.MultiStartUnivariateRealOptimizerTest.testQuinticMin(MultiStartUnivariateRealOptimizerTest.java:86)
    at sun.reflect.NativeMethodAccessorImpl.invoke0(Native Method)
17:37:13.017 [pool-312-thread-1] INFO  xxl.java.junit.TestCasesListener - Tests run finished (12 ms)
<> Total tests run: 2
<> Ignored tests: 0
<> Failed tests: 1
~ testQuinticMin(org.apache.commons.math.optimization.MultiStartUnivariateRealOptimizerTest)
[expected:<-0.27195612846834> but was:<-0.27194301946870036>]
java.lang.AssertionError: expected:<-0.27195612846834> but was:<-0.27194301946870036>    at org.junit.Assert.fail(Assert.java:88)
    at org.junit.Assert.failNotEquals(Assert.java:743)
    at org.junit.Assert.assertEquals(Assert.java:494)
    at org.junit.Assert.assertEquals(Assert.java:592)
    at org.apache.commons.math.optimization.MultiStartUnivariateRealOptimizerTest.testQuinticMin(MultiStartUnivariateRealOptimizerTest.java:86)
    at sun.reflect.NativeMethodAccessorImpl.invoke0(Native Method)

17:37:36.451 [pool-2-thread-1] DEBUG fr.inria.lille.repair.nopol.NoPol - statement #93
17:37:36.451 [pool-2-thread-1] DEBUG fr.inria.lille.repair.nopol.NoPol - Analysing SourceLocation org.apache.commons.math.optimization.univariate.BrentOptimizer:140 which is executed by 6 tests
192698619
17:37:36.533 [pool-2-thread-1] DEBUG fr.inria.lille.repair.nopol.NoPol - looking with class fr.inria.lille.repair.nopol.spoon.smt.ConditionalAdder
java.lang.AssertionError: expected:<-0.27195612846834> but was:<-0.27194301946870036>
    at org.junit.Assert.fail(Assert.java:88)
    at org.junit.Assert.failNotEquals(Assert.java:743)
    at org.junit.Assert.assertEquals(Assert.java:494)
    at org.junit.Assert.assertEquals(Assert.java:592)
    at org.apache.commons.math.optimization.MultiStartUnivariateRealOptimizerTest.testQuinticMin(MultiStartUnivariateRealOptimizerTest.java:86)
    at sun.reflect.NativeMethodAccessorImpl.invoke0(Native Method)
17:37:36.548 [pool-316-thread-1] INFO  xxl.java.junit.TestCasesListener - Tests run finished (12 ms)
<> Total tests run: 2
<> Ignored tests: 0
<> Failed tests: 1
~ testQuinticMin(org.apache.commons.math.optimization.MultiStartUnivariateRealOptimizerTest)
[expected:<-0.27195612846834> but was:<-0.27194301946870036>]
java.lang.AssertionError: expected:<-0.27195612846834> but was:<-0.27194301946870036>    at org.junit.Assert.fail(Assert.java:88)
    at org.junit.Assert.failNotEquals(Assert.java:743)
    at org.junit.Assert.assertEquals(Assert.java:494)
    at org.junit.Assert.assertEquals(Assert.java:592)
    at org.apache.commons.math.optimization.MultiStartUnivariateRealOptimizerTest.testQuinticMin(MultiStartUnivariateRealOptimizerTest.java:86)
    at sun.reflect.NativeMethodAccessorImpl.invoke0(Native Method)

17:38:02.802 [pool-2-thread-1] DEBUG fr.inria.lille.repair.nopol.NoPol - statement #94
17:38:02.802 [pool-2-thread-1] DEBUG fr.inria.lille.repair.nopol.NoPol - Analysing SourceLocation org.apache.commons.math.optimization.univariate.BrentOptimizer:139 which is executed by 6 tests
192698619
17:38:02.883 [pool-2-thread-1] DEBUG fr.inria.lille.repair.nopol.NoPol - looking with class fr.inria.lille.repair.nopol.spoon.smt.ConditionalAdder
java.lang.AssertionError: expected:<-0.27195612846834> but was:<-0.27194301946870036>
    at org.junit.Assert.fail(Assert.java:88)
    at org.junit.Assert.failNotEquals(Assert.java:743)
    at org.junit.Assert.assertEquals(Assert.java:494)
    at org.junit.Assert.assertEquals(Assert.java:592)
    at org.apache.commons.math.optimization.MultiStartUnivariateRealOptimizerTest.testQuinticMin(MultiStartUnivariateRealOptimizerTest.java:86)
    at sun.reflect.NativeMethodAccessorImpl.invoke0(Native Method)
17:38:02.898 [pool-320-thread-1] INFO  xxl.java.junit.TestCasesListener - Tests run finished (12 ms)
<> Total tests run: 2
<> Ignored tests: 0
<> Failed tests: 1
~ testQuinticMin(org.apache.commons.math.optimization.MultiStartUnivariateRealOptimizerTest)
[expected:<-0.27195612846834> but was:<-0.27194301946870036>]
java.lang.AssertionError: expected:<-0.27195612846834> but was:<-0.27194301946870036>    at org.junit.Assert.fail(Assert.java:88)
    at org.junit.Assert.failNotEquals(Assert.java:743)
    at org.junit.Assert.assertEquals(Assert.java:494)
    at org.junit.Assert.assertEquals(Assert.java:592)
    at org.apache.commons.math.optimization.MultiStartUnivariateRealOptimizerTest.testQuinticMin(MultiStartUnivariateRealOptimizerTest.java:86)
    at sun.reflect.NativeMethodAccessorImpl.invoke0(Native Method)

17:38:26.730 [pool-2-thread-1] DEBUG fr.inria.lille.repair.nopol.NoPol - statement #95
17:38:26.730 [pool-2-thread-1] DEBUG fr.inria.lille.repair.nopol.NoPol - Analysing SourceLocation org.apache.commons.math.optimization.univariate.BrentOptimizer:129 which is executed by 6 tests
192698619
17:38:26.812 [pool-2-thread-1] DEBUG fr.inria.lille.repair.nopol.NoPol - looking with class fr.inria.lille.repair.nopol.spoon.smt.ConditionalAdder
java.lang.AssertionError: expected:<-0.27195612846834> but was:<-0.27194301946870036>
    at org.junit.Assert.fail(Assert.java:88)
    at org.junit.Assert.failNotEquals(Assert.java:743)
    at org.junit.Assert.assertEquals(Assert.java:494)
    at org.junit.Assert.assertEquals(Assert.java:592)
    at org.apache.commons.math.optimization.MultiStartUnivariateRealOptimizerTest.testQuinticMin(MultiStartUnivariateRealOptimizerTest.java:86)
    at sun.reflect.NativeMethodAccessorImpl.invoke0(Native Method)
17:38:26.826 [pool-324-thread-1] INFO  xxl.java.junit.TestCasesListener - Tests run finished (11 ms)
<> Total tests run: 2
<> Ignored tests: 0
<> Failed tests: 1
~ testQuinticMin(org.apache.commons.math.optimization.MultiStartUnivariateRealOptimizerTest)
[expected:<-0.27195612846834> but was:<-0.27194301946870036>]
java.lang.AssertionError: expected:<-0.27195612846834> but was:<-0.27194301946870036>    at org.junit.Assert.fail(Assert.java:88)
    at org.junit.Assert.failNotEquals(Assert.java:743)
    at org.junit.Assert.assertEquals(Assert.java:494)
    at org.junit.Assert.assertEquals(Assert.java:592)
    at org.apache.commons.math.optimization.MultiStartUnivariateRealOptimizerTest.testQuinticMin(MultiStartUnivariateRealOptimizerTest.java:86)
    at sun.reflect.NativeMethodAccessorImpl.invoke0(Native Method)

17:38:54.278 [pool-2-thread-1] DEBUG fr.inria.lille.repair.nopol.NoPol - looking with class fr.inria.lille.repair.nopol.spoon.smt.ConditionalReplacer
java.lang.AssertionError: expected:<-0.27195612846834> but was:<-0.27194301946870036>
    at org.junit.Assert.fail(Assert.java:88)
    at org.junit.Assert.failNotEquals(Assert.java:743)
    at org.junit.Assert.assertEquals(Assert.java:494)
    at org.junit.Assert.assertEquals(Assert.java:592)
    at org.apache.commons.math.optimization.MultiStartUnivariateRealOptimizerTest.testQuinticMin(MultiStartUnivariateRealOptimizerTest.java:86)
    at sun.reflect.NativeMethodAccessorImpl.invoke0(Native Method)
17:38:54.292 [pool-328-thread-1] INFO  xxl.java.junit.TestCasesListener - Tests run finished (12 ms)
<> Total tests run: 2
<> Ignored tests: 0
<> Failed tests: 1
~ testQuinticMin(org.apache.commons.math.optimization.MultiStartUnivariateRealOptimizerTest)
[expected:<-0.27195612846834> but was:<-0.27194301946870036>]
java.lang.AssertionError: expected:<-0.27195612846834> but was:<-0.27194301946870036>    at org.junit.Assert.fail(Assert.java:88)
    at org.junit.Assert.failNotEquals(Assert.java:743)
    at org.junit.Assert.assertEquals(Assert.java:494)
    at org.junit.Assert.assertEquals(Assert.java:592)
    at org.apache.commons.math.optimization.MultiStartUnivariateRealOptimizerTest.testQuinticMin(MultiStartUnivariateRealOptimizerTest.java:86)
    at sun.reflect.NativeMethodAccessorImpl.invoke0(Native Method)

17:39:23.560 [pool-2-thread-1] DEBUG fr.inria.lille.repair.nopol.NoPol - statement #96
17:39:23.561 [pool-2-thread-1] DEBUG fr.inria.lille.repair.nopol.NoPol - Analysing SourceLocation org.apache.commons.math.optimization.univariate.BrentOptimizer:126 which is executed by 6 tests
192698619
17:39:23.643 [pool-2-thread-1] DEBUG fr.inria.lille.repair.nopol.NoPol - looking with class fr.inria.lille.repair.nopol.spoon.smt.ConditionalAdder
java.lang.AssertionError: expected:<-0.27195612846834> but was:<-0.27194301946870036>
    at org.junit.Assert.fail(Assert.java:88)
    at org.junit.Assert.failNotEquals(Assert.java:743)
    at org.junit.Assert.assertEquals(Assert.java:494)
    at org.junit.Assert.assertEquals(Assert.java:592)
    at org.apache.commons.math.optimization.MultiStartUnivariateRealOptimizerTest.testQuinticMin(MultiStartUnivariateRealOptimizerTest.java:86)
    at sun.reflect.NativeMethodAccessorImpl.invoke0(Native Method)
17:39:23.658 [pool-332-thread-1] INFO  xxl.java.junit.TestCasesListener - Tests run finished (12 ms)
<> Total tests run: 2
<> Ignored tests: 0
<> Failed tests: 1
~ testQuinticMin(org.apache.commons.math.optimization.MultiStartUnivariateRealOptimizerTest)
[expected:<-0.27195612846834> but was:<-0.27194301946870036>]
java.lang.AssertionError: expected:<-0.27195612846834> but was:<-0.27194301946870036>    at org.junit.Assert.fail(Assert.java:88)
    at org.junit.Assert.failNotEquals(Assert.java:743)
    at org.junit.Assert.assertEquals(Assert.java:494)
    at org.junit.Assert.assertEquals(Assert.java:592)
    at org.apache.commons.math.optimization.MultiStartUnivariateRealOptimizerTest.testQuinticMin(MultiStartUnivariateRealOptimizerTest.java:86)
    at sun.reflect.NativeMethodAccessorImpl.invoke0(Native Method)

17:39:23.775 [pool-2-thread-1] DEBUG fr.inria.lille.repair.nopol.NoPol - statement #97
17:39:23.775 [pool-2-thread-1] DEBUG fr.inria.lille.repair.nopol.NoPol - Analysing SourceLocation org.apache.commons.math.optimization.univariate.BrentOptimizer:125 which is executed by 6 tests
192698619
17:39:23.848 [pool-2-thread-1] DEBUG fr.inria.lille.repair.nopol.NoPol - looking with class fr.inria.lille.repair.nopol.spoon.smt.ConditionalAdder
java.lang.AssertionError: expected:<-0.27195612846834> but was:<-0.27194301946870036>
    at org.junit.Assert.fail(Assert.java:88)
    at org.junit.Assert.failNotEquals(Assert.java:743)
    at org.junit.Assert.assertEquals(Assert.java:494)
    at org.junit.Assert.assertEquals(Assert.java:592)
    at org.apache.commons.math.optimization.MultiStartUnivariateRealOptimizerTest.testQuinticMin(MultiStartUnivariateRealOptimizerTest.java:86)
    at sun.reflect.NativeMethodAccessorImpl.invoke0(Native Method)
17:39:23.862 [pool-336-thread-1] INFO  xxl.java.junit.TestCasesListener - Tests run finished (11 ms)
<> Total tests run: 2
<> Ignored tests: 0
<> Failed tests: 1
~ testQuinticMin(org.apache.commons.math.optimization.MultiStartUnivariateRealOptimizerTest)
[expected:<-0.27195612846834> but was:<-0.27194301946870036>]
java.lang.AssertionError: expected:<-0.27195612846834> but was:<-0.27194301946870036>    at org.junit.Assert.fail(Assert.java:88)
    at org.junit.Assert.failNotEquals(Assert.java:743)
    at org.junit.Assert.assertEquals(Assert.java:494)
    at org.junit.Assert.assertEquals(Assert.java:592)
    at org.apache.commons.math.optimization.MultiStartUnivariateRealOptimizerTest.testQuinticMin(MultiStartUnivariateRealOptimizerTest.java:86)
    at sun.reflect.NativeMethodAccessorImpl.invoke0(Native Method)

17:39:23.972 [pool-2-thread-1] DEBUG fr.inria.lille.repair.nopol.NoPol - statement #98
17:39:23.972 [pool-2-thread-1] DEBUG fr.inria.lille.repair.nopol.NoPol - Analysing SourceLocation org.apache.commons.math.optimization.univariate.BrentOptimizer:122 which is executed by 6 tests
192698619
17:39:24.046 [pool-2-thread-1] DEBUG fr.inria.lille.repair.nopol.NoPol - looking with class fr.inria.lille.repair.nopol.spoon.smt.ConditionalAdder
java.lang.AssertionError: expected:<-0.27195612846834> but was:<-0.27194301946870036>
    at org.junit.Assert.fail(Assert.java:88)
    at org.junit.Assert.failNotEquals(Assert.java:743)
    at org.junit.Assert.assertEquals(Assert.java:494)
    at org.junit.Assert.assertEquals(Assert.java:592)
    at org.apache.commons.math.optimization.MultiStartUnivariateRealOptimizerTest.testQuinticMin(MultiStartUnivariateRealOptimizerTest.java:86)
    at sun.reflect.NativeMethodAccessorImpl.invoke0(Native Method)
17:39:24.060 [pool-340-thread-1] INFO  xxl.java.junit.TestCasesListener - Tests run finished (12 ms)
<> Total tests run: 2
<> Ignored tests: 0
<> Failed tests: 1
~ testQuinticMin(org.apache.commons.math.optimization.MultiStartUnivariateRealOptimizerTest)
[expected:<-0.27195612846834> but was:<-0.27194301946870036>]
java.lang.AssertionError: expected:<-0.27195612846834> but was:<-0.27194301946870036>    at org.junit.Assert.fail(Assert.java:88)
    at org.junit.Assert.failNotEquals(Assert.java:743)
    at org.junit.Assert.assertEquals(Assert.java:494)
    at org.junit.Assert.assertEquals(Assert.java:592)
    at org.apache.commons.math.optimization.MultiStartUnivariateRealOptimizerTest.testQuinticMin(MultiStartUnivariateRealOptimizerTest.java:86)
    at sun.reflect.NativeMethodAccessorImpl.invoke0(Native Method)

17:39:24.171 [pool-2-thread-1] DEBUG fr.inria.lille.repair.nopol.NoPol - statement #99
17:39:24.171 [pool-2-thread-1] DEBUG fr.inria.lille.repair.nopol.NoPol - Analysing SourceLocation org.apache.commons.math.optimization.univariate.BrentOptimizer:120 which is executed by 6 tests
192698619
17:39:24.245 [pool-2-thread-1] DEBUG fr.inria.lille.repair.nopol.NoPol - looking with class fr.inria.lille.repair.nopol.spoon.smt.ConditionalAdder
java.lang.AssertionError: expected:<-0.27195612846834> but was:<-0.27194301946870036>
    at org.junit.Assert.fail(Assert.java:88)
    at org.junit.Assert.failNotEquals(Assert.java:743)
    at org.junit.Assert.assertEquals(Assert.java:494)
    at org.junit.Assert.assertEquals(Assert.java:592)
    at org.apache.commons.math.optimization.MultiStartUnivariateRealOptimizerTest.testQuinticMin(MultiStartUnivariateRealOptimizerTest.java:86)
    at sun.reflect.NativeMethodAccessorImpl.invoke0(Native Method)
17:39:24.261 [pool-344-thread-1] INFO  xxl.java.junit.TestCasesListener - Tests run finished (13 ms)
<> Total tests run: 2
<> Ignored tests: 0
<> Failed tests: 1
~ testQuinticMin(org.apache.commons.math.optimization.MultiStartUnivariateRealOptimizerTest)
[expected:<-0.27195612846834> but was:<-0.27194301946870036>]
java.lang.AssertionError: expected:<-0.27195612846834> but was:<-0.27194301946870036>    at org.junit.Assert.fail(Assert.java:88)
    at org.junit.Assert.failNotEquals(Assert.java:743)
    at org.junit.Assert.assertEquals(Assert.java:494)
    at org.junit.Assert.assertEquals(Assert.java:592)
    at org.apache.commons.math.optimization.MultiStartUnivariateRealOptimizerTest.testQuinticMin(MultiStartUnivariateRealOptimizerTest.java:86)
    at sun.reflect.NativeMethodAccessorImpl.invoke0(Native Method)

17:39:24.375 [pool-2-thread-1] DEBUG fr.inria.lille.repair.nopol.NoPol - statement #100
17:39:24.375 [pool-2-thread-1] DEBUG fr.inria.lille.repair.nopol.NoPol - Analysing SourceLocation org.apache.commons.math.optimization.univariate.BrentOptimizer:119 which is executed by 6 tests
192698619
17:39:24.449 [pool-2-thread-1] DEBUG fr.inria.lille.repair.nopol.NoPol - looking with class fr.inria.lille.repair.nopol.spoon.smt.ConditionalAdder
java.lang.AssertionError: expected:<-0.27195612846834> but was:<-0.27194301946870036>
    at org.junit.Assert.fail(Assert.java:88)
    at org.junit.Assert.failNotEquals(Assert.java:743)
    at org.junit.Assert.assertEquals(Assert.java:494)
    at org.junit.Assert.assertEquals(Assert.java:592)
    at org.apache.commons.math.optimization.MultiStartUnivariateRealOptimizerTest.testQuinticMin(MultiStartUnivariateRealOptimizerTest.java:86)
    at sun.reflect.NativeMethodAccessorImpl.invoke0(Native Method)
17:39:24.463 [pool-348-thread-1] INFO  xxl.java.junit.TestCasesListener - Tests run finished (12 ms)
<> Total tests run: 2
<> Ignored tests: 0
<> Failed tests: 1
~ testQuinticMin(org.apache.commons.math.optimization.MultiStartUnivariateRealOptimizerTest)
[expected:<-0.27195612846834> but was:<-0.27194301946870036>]
java.lang.AssertionError: expected:<-0.27195612846834> but was:<-0.27194301946870036>    at org.junit.Assert.fail(Assert.java:88)
    at org.junit.Assert.failNotEquals(Assert.java:743)
    at org.junit.Assert.assertEquals(Assert.java:494)
    at org.junit.Assert.assertEquals(Assert.java:592)
    at org.apache.commons.math.optimization.MultiStartUnivariateRealOptimizerTest.testQuinticMin(MultiStartUnivariateRealOptimizerTest.java:86)
    at sun.reflect.NativeMethodAccessorImpl.invoke0(Native Method)

17:39:24.573 [pool-2-thread-1] DEBUG fr.inria.lille.repair.nopol.NoPol - looking with class fr.inria.lille.repair.nopol.spoon.smt.ConditionalReplacer
java.lang.AssertionError: expected:<-0.27195612846834> but was:<-0.27194301946870036>
    at org.junit.Assert.fail(Assert.java:88)
    at org.junit.Assert.failNotEquals(Assert.java:743)
    at org.junit.Assert.assertEquals(Assert.java:494)
    at org.junit.Assert.assertEquals(Assert.java:592)
    at org.apache.commons.math.optimization.MultiStartUnivariateRealOptimizerTest.testQuinticMin(MultiStartUnivariateRealOptimizerTest.java:86)
    at sun.reflect.NativeMethodAccessorImpl.invoke0(Native Method)
17:39:24.587 [pool-352-thread-1] INFO  xxl.java.junit.TestCasesListener - Tests run finished (12 ms)
<> Total tests run: 2
<> Ignored tests: 0
<> Failed tests: 1
~ testQuinticMin(org.apache.commons.math.optimization.MultiStartUnivariateRealOptimizerTest)
[expected:<-0.27195612846834> but was:<-0.27194301946870036>]
java.lang.AssertionError: expected:<-0.27195612846834> but was:<-0.27194301946870036>    at org.junit.Assert.fail(Assert.java:88)
    at org.junit.Assert.failNotEquals(Assert.java:743)
    at org.junit.Assert.assertEquals(Assert.java:494)
    at org.junit.Assert.assertEquals(Assert.java:592)
    at org.apache.commons.math.optimization.MultiStartUnivariateRealOptimizerTest.testQuinticMin(MultiStartUnivariateRealOptimizerTest.java:86)
    at sun.reflect.NativeMethodAccessorImpl.invoke0(Native Method)

17:39:24.705 [pool-2-thread-1] DEBUG fr.inria.lille.repair.nopol.NoPol - statement #101
17:39:24.705 [pool-2-thread-1] DEBUG fr.inria.lille.repair.nopol.NoPol - Analysing SourceLocation org.apache.commons.math.optimization.univariate.BrentOptimizer:117 which is executed by 6 tests
192698619
17:39:24.779 [pool-2-thread-1] DEBUG fr.inria.lille.repair.nopol.NoPol - looking with class fr.inria.lille.repair.nopol.spoon.smt.ConditionalAdder
java.lang.AssertionError: expected:<-0.27195612846834> but was:<-0.27194301946870036>
    at org.junit.Assert.fail(Assert.java:88)
    at org.junit.Assert.failNotEquals(Assert.java:743)
    at org.junit.Assert.assertEquals(Assert.java:494)
    at org.junit.Assert.assertEquals(Assert.java:592)
    at org.apache.commons.math.optimization.MultiStartUnivariateRealOptimizerTest.testQuinticMin(MultiStartUnivariateRealOptimizerTest.java:86)
    at sun.reflect.NativeMethodAccessorImpl.invoke0(Native Method)
17:39:24.793 [pool-356-thread-1] INFO  xxl.java.junit.TestCasesListener - Tests run finished (11 ms)
<> Total tests run: 2
<> Ignored tests: 0
<> Failed tests: 1
~ testQuinticMin(org.apache.commons.math.optimization.MultiStartUnivariateRealOptimizerTest)
[expected:<-0.27195612846834> but was:<-0.27194301946870036>]
java.lang.AssertionError: expected:<-0.27195612846834> but was:<-0.27194301946870036>    at org.junit.Assert.fail(Assert.java:88)
    at org.junit.Assert.failNotEquals(Assert.java:743)
    at org.junit.Assert.assertEquals(Assert.java:494)
    at org.junit.Assert.assertEquals(Assert.java:592)
    at org.apache.commons.math.optimization.MultiStartUnivariateRealOptimizerTest.testQuinticMin(MultiStartUnivariateRealOptimizerTest.java:86)
    at sun.reflect.NativeMethodAccessorImpl.invoke0(Native Method)

17:39:24.903 [pool-2-thread-1] DEBUG fr.inria.lille.repair.nopol.NoPol - statement #102
17:39:24.903 [pool-2-thread-1] DEBUG fr.inria.lille.repair.nopol.NoPol - Analysing SourceLocation org.apache.commons.math.optimization.univariate.BrentOptimizer:116 which is executed by 6 tests
192698619
17:39:24.977 [pool-2-thread-1] DEBUG fr.inria.lille.repair.nopol.NoPol - looking with class fr.inria.lille.repair.nopol.spoon.smt.ConditionalAdder
java.lang.AssertionError: expected:<-0.27195612846834> but was:<-0.27194301946870036>
    at org.junit.Assert.fail(Assert.java:88)
    at org.junit.Assert.failNotEquals(Assert.java:743)
    at org.junit.Assert.assertEquals(Assert.java:494)
    at org.junit.Assert.assertEquals(Assert.java:592)
    at org.apache.commons.math.optimization.MultiStartUnivariateRealOptimizerTest.testQuinticMin(MultiStartUnivariateRealOptimizerTest.java:86)
    at sun.reflect.NativeMethodAccessorImpl.invoke0(Native Method)
17:39:24.991 [pool-360-thread-1] INFO  xxl.java.junit.TestCasesListener - Tests run finished (12 ms)
<> Total tests run: 2
<> Ignored tests: 0
<> Failed tests: 1
~ testQuinticMin(org.apache.commons.math.optimization.MultiStartUnivariateRealOptimizerTest)
[expected:<-0.27195612846834> but was:<-0.27194301946870036>]
java.lang.AssertionError: expected:<-0.27195612846834> but was:<-0.27194301946870036>    at org.junit.Assert.fail(Assert.java:88)
    at org.junit.Assert.failNotEquals(Assert.java:743)
    at org.junit.Assert.assertEquals(Assert.java:494)
    at org.junit.Assert.assertEquals(Assert.java:592)
    at org.apache.commons.math.optimization.MultiStartUnivariateRealOptimizerTest.testQuinticMin(MultiStartUnivariateRealOptimizerTest.java:86)
    at sun.reflect.NativeMethodAccessorImpl.invoke0(Native Method)

17:39:25.101 [pool-2-thread-1] DEBUG fr.inria.lille.repair.nopol.NoPol - statement #103
17:39:25.101 [pool-2-thread-1] DEBUG fr.inria.lille.repair.nopol.NoPol - Analysing SourceLocation org.apache.commons.math.optimization.univariate.BrentOptimizer:115 which is executed by 6 tests
192698619
17:39:25.174 [pool-2-thread-1] DEBUG fr.inria.lille.repair.nopol.NoPol - looking with class fr.inria.lille.repair.nopol.spoon.smt.ConditionalAdder
java.lang.AssertionError: expected:<-0.27195612846834> but was:<-0.27194301946870036>
    at org.junit.Assert.fail(Assert.java:88)
    at org.junit.Assert.failNotEquals(Assert.java:743)
    at org.junit.Assert.assertEquals(Assert.java:494)
    at org.junit.Assert.assertEquals(Assert.java:592)
    at org.apache.commons.math.optimization.MultiStartUnivariateRealOptimizerTest.testQuinticMin(MultiStartUnivariateRealOptimizerTest.java:86)
    at sun.reflect.NativeMethodAccessorImpl.invoke0(Native Method)
17:39:25.189 [pool-364-thread-1] INFO  xxl.java.junit.TestCasesListener - Tests run finished (12 ms)
<> Total tests run: 2
<> Ignored tests: 0
<> Failed tests: 1
~ testQuinticMin(org.apache.commons.math.optimization.MultiStartUnivariateRealOptimizerTest)
[expected:<-0.27195612846834> but was:<-0.27194301946870036>]
java.lang.AssertionError: expected:<-0.27195612846834> but was:<-0.27194301946870036>    at org.junit.Assert.fail(Assert.java:88)
    at org.junit.Assert.failNotEquals(Assert.java:743)
    at org.junit.Assert.assertEquals(Assert.java:494)
    at org.junit.Assert.assertEquals(Assert.java:592)
    at org.apache.commons.math.optimization.MultiStartUnivariateRealOptimizerTest.testQuinticMin(MultiStartUnivariateRealOptimizerTest.java:86)
    at sun.reflect.NativeMethodAccessorImpl.invoke0(Native Method)

17:39:25.298 [pool-2-thread-1] DEBUG fr.inria.lille.repair.nopol.NoPol - statement #104
17:39:25.298 [pool-2-thread-1] DEBUG fr.inria.lille.repair.nopol.NoPol - Analysing SourceLocation org.apache.commons.math.optimization.univariate.BrentOptimizer:114 which is executed by 6 tests
192698619
17:39:25.372 [pool-2-thread-1] DEBUG fr.inria.lille.repair.nopol.NoPol - looking with class fr.inria.lille.repair.nopol.spoon.smt.ConditionalAdder
java.lang.AssertionError: expected:<-0.27195612846834> but was:<-0.27194301946870036>
    at org.junit.Assert.fail(Assert.java:88)
    at org.junit.Assert.failNotEquals(Assert.java:743)
    at org.junit.Assert.assertEquals(Assert.java:494)
    at org.junit.Assert.assertEquals(Assert.java:592)
    at org.apache.commons.math.optimization.MultiStartUnivariateRealOptimizerTest.testQuinticMin(MultiStartUnivariateRealOptimizerTest.java:86)
    at sun.reflect.NativeMethodAccessorImpl.invoke0(Native Method)
17:39:25.387 [pool-368-thread-1] INFO  xxl.java.junit.TestCasesListener - Tests run finished (12 ms)
<> Total tests run: 2
<> Ignored tests: 0
<> Failed tests: 1
~ testQuinticMin(org.apache.commons.math.optimization.MultiStartUnivariateRealOptimizerTest)
[expected:<-0.27195612846834> but was:<-0.27194301946870036>]
java.lang.AssertionError: expected:<-0.27195612846834> but was:<-0.27194301946870036>    at org.junit.Assert.fail(Assert.java:88)
    at org.junit.Assert.failNotEquals(Assert.java:743)
    at org.junit.Assert.assertEquals(Assert.java:494)
    at org.junit.Assert.assertEquals(Assert.java:592)
    at org.apache.commons.math.optimization.MultiStartUnivariateRealOptimizerTest.testQuinticMin(MultiStartUnivariateRealOptimizerTest.java:86)
    at sun.reflect.NativeMethodAccessorImpl.invoke0(Native Method)

17:39:25.494 [pool-2-thread-1] DEBUG fr.inria.lille.repair.nopol.NoPol - statement #105
17:39:25.495 [pool-2-thread-1] DEBUG fr.inria.lille.repair.nopol.NoPol - Analysing SourceLocation org.apache.commons.math.optimization.univariate.BrentOptimizer:113 which is executed by 6 tests
192698619
17:39:25.568 [pool-2-thread-1] DEBUG fr.inria.lille.repair.nopol.NoPol - looking with class fr.inria.lille.repair.nopol.spoon.smt.ConditionalAdder
java.lang.AssertionError: expected:<-0.27195612846834> but was:<-0.27194301946870036>
    at org.junit.Assert.fail(Assert.java:88)
    at org.junit.Assert.failNotEquals(Assert.java:743)
    at org.junit.Assert.assertEquals(Assert.java:494)
    at org.junit.Assert.assertEquals(Assert.java:592)
    at org.apache.commons.math.optimization.MultiStartUnivariateRealOptimizerTest.testQuinticMin(MultiStartUnivariateRealOptimizerTest.java:86)
    at sun.reflect.NativeMethodAccessorImpl.invoke0(Native Method)
17:39:25.583 [pool-372-thread-1] INFO  xxl.java.junit.TestCasesListener - Tests run finished (12 ms)
<> Total tests run: 2
<> Ignored tests: 0
<> Failed tests: 1
~ testQuinticMin(org.apache.commons.math.optimization.MultiStartUnivariateRealOptimizerTest)
[expected:<-0.27195612846834> but was:<-0.27194301946870036>]
java.lang.AssertionError: expected:<-0.27195612846834> but was:<-0.27194301946870036>    at org.junit.Assert.fail(Assert.java:88)
    at org.junit.Assert.failNotEquals(Assert.java:743)
    at org.junit.Assert.assertEquals(Assert.java:494)
    at org.junit.Assert.assertEquals(Assert.java:592)
    at org.apache.commons.math.optimization.MultiStartUnivariateRealOptimizerTest.testQuinticMin(MultiStartUnivariateRealOptimizerTest.java:86)
    at sun.reflect.NativeMethodAccessorImpl.invoke0(Native Method)

17:39:25.703 [pool-2-thread-1] DEBUG fr.inria.lille.repair.nopol.NoPol - looking with class fr.inria.lille.repair.nopol.spoon.smt.ConditionalReplacer
java.lang.AssertionError: expected:<-0.27195612846834> but was:<-0.27194301946870036>
    at org.junit.Assert.fail(Assert.java:88)
    at org.junit.Assert.failNotEquals(Assert.java:743)
    at org.junit.Assert.assertEquals(Assert.java:494)
    at org.junit.Assert.assertEquals(Assert.java:592)
    at org.apache.commons.math.optimization.MultiStartUnivariateRealOptimizerTest.testQuinticMin(MultiStartUnivariateRealOptimizerTest.java:86)
    at sun.reflect.NativeMethodAccessorImpl.invoke0(Native Method)
17:39:25.716 [pool-376-thread-1] INFO  xxl.java.junit.TestCasesListener - Tests run finished (12 ms)
<> Total tests run: 2
<> Ignored tests: 0
<> Failed tests: 1
~ testQuinticMin(org.apache.commons.math.optimization.MultiStartUnivariateRealOptimizerTest)
[expected:<-0.27195612846834> but was:<-0.27194301946870036>]
java.lang.AssertionError: expected:<-0.27195612846834> but was:<-0.27194301946870036>    at org.junit.Assert.fail(Assert.java:88)
    at org.junit.Assert.failNotEquals(Assert.java:743)
    at org.junit.Assert.assertEquals(Assert.java:494)
    at org.junit.Assert.assertEquals(Assert.java:592)
    at org.apache.commons.math.optimization.MultiStartUnivariateRealOptimizerTest.testQuinticMin(MultiStartUnivariateRealOptimizerTest.java:86)
    at sun.reflect.NativeMethodAccessorImpl.invoke0(Native Method)

17:39:25.825 [pool-2-thread-1] DEBUG fr.inria.lille.repair.nopol.NoPol - statement #106
17:39:25.825 [pool-2-thread-1] DEBUG fr.inria.lille.repair.nopol.NoPol - Analysing SourceLocation org.apache.commons.math.optimization.univariate.BrentOptimizer:111 which is executed by 6 tests
192698619
17:39:25.899 [pool-2-thread-1] DEBUG fr.inria.lille.repair.nopol.NoPol - statement #107
17:39:25.899 [pool-2-thread-1] DEBUG fr.inria.lille.repair.nopol.NoPol - Analysing SourceLocation org.apache.commons.math.optimization.univariate.BrentOptimizer:110 which is executed by 6 tests
192698619
17:39:25.973 [pool-2-thread-1] DEBUG fr.inria.lille.repair.nopol.NoPol - statement #108
17:39:25.973 [pool-2-thread-1] DEBUG fr.inria.lille.repair.nopol.NoPol - Analysing SourceLocation org.apache.commons.math.optimization.univariate.BrentOptimizer:109 which is executed by 6 tests
192698619
17:39:26.046 [pool-2-thread-1] DEBUG fr.inria.lille.repair.nopol.NoPol - statement #109
17:39:26.046 [pool-2-thread-1] DEBUG fr.inria.lille.repair.nopol.NoPol - Analysing SourceLocation org.apache.commons.math.optimization.univariate.BrentOptimizer:108 which is executed by 6 tests
192698619
17:39:26.122 [pool-2-thread-1] DEBUG fr.inria.lille.repair.nopol.NoPol - statement #110
17:39:26.122 [pool-2-thread-1] DEBUG fr.inria.lille.repair.nopol.NoPol - Analysing SourceLocation org.apache.commons.math.optimization.univariate.BrentOptimizer:107 which is executed by 6 tests
192698619
17:39:26.567 [pool-2-thread-1] DEBUG fr.inria.lille.repair.nopol.NoPol - statement #111
17:39:26.568 [pool-2-thread-1] DEBUG fr.inria.lille.repair.nopol.NoPol - Analysing SourceLocation org.apache.commons.math.optimization.univariate.BrentOptimizer:106 which is executed by 6 tests
192698619
17:39:26.642 [pool-2-thread-1] DEBUG fr.inria.lille.repair.nopol.NoPol - looking with class fr.inria.lille.repair.nopol.spoon.smt.ConditionalAdder
java.lang.AssertionError: expected:<-0.27195612846834> but was:<-0.27194301946870036>
    at org.junit.Assert.fail(Assert.java:88)
    at org.junit.Assert.failNotEquals(Assert.java:743)
    at org.junit.Assert.assertEquals(Assert.java:494)
    at org.junit.Assert.assertEquals(Assert.java:592)
    at org.apache.commons.math.optimization.MultiStartUnivariateRealOptimizerTest.testQuinticMin(MultiStartUnivariateRealOptimizerTest.java:86)
    at sun.reflect.NativeMethodAccessorImpl.invoke0(Native Method)
17:39:26.657 [pool-380-thread-1] INFO  xxl.java.junit.TestCasesListener - Tests run finished (12 ms)
<> Total tests run: 2
<> Ignored tests: 0
<> Failed tests: 1
~ testQuinticMin(org.apache.commons.math.optimization.MultiStartUnivariateRealOptimizerTest)
[expected:<-0.27195612846834> but was:<-0.27194301946870036>]
java.lang.AssertionError: expected:<-0.27195612846834> but was:<-0.27194301946870036>    at org.junit.Assert.fail(Assert.java:88)
    at org.junit.Assert.failNotEquals(Assert.java:743)
    at org.junit.Assert.assertEquals(Assert.java:494)
    at org.junit.Assert.assertEquals(Assert.java:592)
    at org.apache.commons.math.optimization.MultiStartUnivariateRealOptimizerTest.testQuinticMin(MultiStartUnivariateRealOptimizerTest.java:86)
    at sun.reflect.NativeMethodAccessorImpl.invoke0(Native Method)

17:39:49.908 [pool-2-thread-1] DEBUG fr.inria.lille.repair.nopol.NoPol - looking with class fr.inria.lille.repair.nopol.spoon.smt.ConditionalReplacer
java.lang.AssertionError: expected:<-0.27195612846834> but was:<-0.27194301946870036>
    at org.junit.Assert.fail(Assert.java:88)
    at org.junit.Assert.failNotEquals(Assert.java:743)
    at org.junit.Assert.assertEquals(Assert.java:494)
    at org.junit.Assert.assertEquals(Assert.java:592)
    at org.apache.commons.math.optimization.MultiStartUnivariateRealOptimizerTest.testQuinticMin(MultiStartUnivariateRealOptimizerTest.java:86)
    at sun.reflect.NativeMethodAccessorImpl.invoke0(Native Method)
17:39:49.923 [pool-384-thread-1] INFO  xxl.java.junit.TestCasesListener - Tests run finished (12 ms)
<> Total tests run: 2
<> Ignored tests: 0
<> Failed tests: 1
~ testQuinticMin(org.apache.commons.math.optimization.MultiStartUnivariateRealOptimizerTest)
[expected:<-0.27195612846834> but was:<-0.27194301946870036>]
java.lang.AssertionError: expected:<-0.27195612846834> but was:<-0.27194301946870036>    at org.junit.Assert.fail(Assert.java:88)
    at org.junit.Assert.failNotEquals(Assert.java:743)
    at org.junit.Assert.assertEquals(Assert.java:494)
    at org.junit.Assert.assertEquals(Assert.java:592)
    at org.apache.commons.math.optimization.MultiStartUnivariateRealOptimizerTest.testQuinticMin(MultiStartUnivariateRealOptimizerTest.java:86)
    at sun.reflect.NativeMethodAccessorImpl.invoke0(Native Method)

17:40:19.609 [pool-2-thread-1] DEBUG fr.inria.lille.repair.nopol.NoPol - statement #112
17:40:19.609 [pool-2-thread-1] DEBUG fr.inria.lille.repair.nopol.NoPol - Analysing SourceLocation org.apache.commons.math.optimization.univariate.BrentOptimizer:103 which is executed by 6 tests
192698619
17:40:19.690 [pool-2-thread-1] DEBUG fr.inria.lille.repair.nopol.NoPol - statement #113
17:40:19.691 [pool-2-thread-1] DEBUG fr.inria.lille.repair.nopol.NoPol - Analysing SourceLocation org.apache.commons.math.optimization.univariate.BrentOptimizer:102 which is executed by 6 tests
192698619
17:40:19.764 [pool-2-thread-1] DEBUG fr.inria.lille.repair.nopol.NoPol - statement #114
17:40:19.764 [pool-2-thread-1] DEBUG fr.inria.lille.repair.nopol.NoPol - Analysing SourceLocation org.apache.commons.math.optimization.univariate.BrentOptimizer:101 which is executed by 6 tests
192698619
17:40:19.838 [pool-2-thread-1] DEBUG fr.inria.lille.repair.nopol.NoPol - statement #115
17:40:19.838 [pool-2-thread-1] DEBUG fr.inria.lille.repair.nopol.NoPol - Analysing SourceLocation org.apache.commons.math.optimization.univariate.BrentOptimizer:100 which is executed by 6 tests
192698619
17:40:19.918 [pool-2-thread-1] DEBUG fr.inria.lille.repair.nopol.NoPol - looking with class fr.inria.lille.repair.nopol.spoon.smt.ConditionalAdder
java.lang.AssertionError: expected:<-0.27195612846834> but was:<-0.27194301946870036>
    at org.junit.Assert.fail(Assert.java:88)
    at org.junit.Assert.failNotEquals(Assert.java:743)
    at org.junit.Assert.assertEquals(Assert.java:494)
    at org.junit.Assert.assertEquals(Assert.java:592)
    at org.apache.commons.math.optimization.MultiStartUnivariateRealOptimizerTest.testQuinticMin(MultiStartUnivariateRealOptimizerTest.java:86)
    at sun.reflect.NativeMethodAccessorImpl.invoke0(Native Method)
17:40:19.933 [pool-388-thread-1] INFO  xxl.java.junit.TestCasesListener - Tests run finished (12 ms)
<> Total tests run: 2
<> Ignored tests: 0
<> Failed tests: 1
~ testQuinticMin(org.apache.commons.math.optimization.MultiStartUnivariateRealOptimizerTest)
[expected:<-0.27195612846834> but was:<-0.27194301946870036>]
java.lang.AssertionError: expected:<-0.27195612846834> but was:<-0.27194301946870036>    at org.junit.Assert.fail(Assert.java:88)
    at org.junit.Assert.failNotEquals(Assert.java:743)
    at org.junit.Assert.assertEquals(Assert.java:494)
    at org.junit.Assert.assertEquals(Assert.java:592)
    at org.apache.commons.math.optimization.MultiStartUnivariateRealOptimizerTest.testQuinticMin(MultiStartUnivariateRealOptimizerTest.java:86)
    at sun.reflect.NativeMethodAccessorImpl.invoke0(Native Method)

17:40:20.050 [pool-2-thread-1] DEBUG fr.inria.lille.repair.nopol.NoPol - statement #116
17:40:20.050 [pool-2-thread-1] DEBUG fr.inria.lille.repair.nopol.NoPol - Analysing SourceLocation org.apache.commons.math.optimization.univariate.BrentOptimizer:99 which is executed by 6 tests
192698619
17:40:20.124 [pool-2-thread-1] DEBUG fr.inria.lille.repair.nopol.NoPol - statement #117
17:40:20.124 [pool-2-thread-1] DEBUG fr.inria.lille.repair.nopol.NoPol - Analysing SourceLocation org.apache.commons.math.optimization.univariate.BrentOptimizer:97 which is executed by 6 tests
192698619
17:40:20.198 [pool-2-thread-1] DEBUG fr.inria.lille.repair.nopol.NoPol - statement #118
17:40:20.198 [pool-2-thread-1] DEBUG fr.inria.lille.repair.nopol.NoPol - Analysing SourceLocation org.apache.commons.math.optimization.univariate.BrentOptimizer:96 which is executed by 6 tests
192698619
17:40:20.271 [pool-2-thread-1] DEBUG fr.inria.lille.repair.nopol.NoPol - statement #119
17:40:20.271 [pool-2-thread-1] DEBUG fr.inria.lille.repair.nopol.NoPol - Analysing SourceLocation org.apache.commons.math.optimization.univariate.BrentOptimizer:93 which is executed by 6 tests
192698619
17:40:20.347 [pool-2-thread-1] DEBUG fr.inria.lille.repair.nopol.NoPol - looking with class fr.inria.lille.repair.nopol.spoon.smt.ConditionalAdder
java.lang.AssertionError: expected:<-0.27195612846834> but was:<-0.27194301946870036>
    at org.junit.Assert.fail(Assert.java:88)
    at org.junit.Assert.failNotEquals(Assert.java:743)
    at org.junit.Assert.assertEquals(Assert.java:494)
    at org.junit.Assert.assertEquals(Assert.java:592)
    at org.apache.commons.math.optimization.MultiStartUnivariateRealOptimizerTest.testQuinticMin(MultiStartUnivariateRealOptimizerTest.java:86)
    at sun.reflect.NativeMethodAccessorImpl.invoke0(Native Method)
17:40:20.362 [pool-392-thread-1] INFO  xxl.java.junit.TestCasesListener - Tests run finished (13 ms)
<> Total tests run: 2
<> Ignored tests: 0
<> Failed tests: 1
~ testQuinticMin(org.apache.commons.math.optimization.MultiStartUnivariateRealOptimizerTest)
[expected:<-0.27195612846834> but was:<-0.27194301946870036>]
java.lang.AssertionError: expected:<-0.27195612846834> but was:<-0.27194301946870036>    at org.junit.Assert.fail(Assert.java:88)
    at org.junit.Assert.failNotEquals(Assert.java:743)
    at org.junit.Assert.assertEquals(Assert.java:494)
    at org.junit.Assert.assertEquals(Assert.java:592)
    at org.apache.commons.math.optimization.MultiStartUnivariateRealOptimizerTest.testQuinticMin(MultiStartUnivariateRealOptimizerTest.java:86)
    at sun.reflect.NativeMethodAccessorImpl.invoke0(Native Method)

17:40:20.471 [pool-2-thread-1] DEBUG fr.inria.lille.repair.nopol.NoPol - looking with class fr.inria.lille.repair.nopol.spoon.smt.ConditionalReplacer
java.lang.AssertionError: expected:<-0.27195612846834> but was:<-0.27194301946870036>
    at org.junit.Assert.fail(Assert.java:88)
    at org.junit.Assert.failNotEquals(Assert.java:743)
    at org.junit.Assert.assertEquals(Assert.java:494)
    at org.junit.Assert.assertEquals(Assert.java:592)
    at org.apache.commons.math.optimization.MultiStartUnivariateRealOptimizerTest.testQuinticMin(MultiStartUnivariateRealOptimizerTest.java:86)
    at sun.reflect.NativeMethodAccessorImpl.invoke0(Native Method)
17:40:20.484 [pool-396-thread-1] INFO  xxl.java.junit.TestCasesListener - Tests run finished (11 ms)
<> Total tests run: 2
<> Ignored tests: 0
<> Failed tests: 1
~ testQuinticMin(org.apache.commons.math.optimization.MultiStartUnivariateRealOptimizerTest)
[expected:<-0.27195612846834> but was:<-0.27194301946870036>]
java.lang.AssertionError: expected:<-0.27195612846834> but was:<-0.27194301946870036>    at org.junit.Assert.fail(Assert.java:88)
    at org.junit.Assert.failNotEquals(Assert.java:743)
    at org.junit.Assert.assertEquals(Assert.java:494)
    at org.junit.Assert.assertEquals(Assert.java:592)
    at org.apache.commons.math.optimization.MultiStartUnivariateRealOptimizerTest.testQuinticMin(MultiStartUnivariateRealOptimizerTest.java:86)
    at sun.reflect.NativeMethodAccessorImpl.invoke0(Native Method)

17:40:20.592 [pool-2-thread-1] DEBUG fr.inria.lille.repair.nopol.NoPol - statement #120
17:40:20.592 [pool-2-thread-1] DEBUG fr.inria.lille.repair.nopol.NoPol - Analysing SourceLocation org.apache.commons.math.optimization.univariate.BrentOptimizer:92 which is executed by 6 tests
192698619
17:40:20.666 [pool-2-thread-1] DEBUG fr.inria.lille.repair.nopol.NoPol - statement #121
17:40:20.666 [pool-2-thread-1] DEBUG fr.inria.lille.repair.nopol.NoPol - Analysing SourceLocation org.apache.commons.math.optimization.univariate.BrentOptimizer:91 which is executed by 6 tests
192698619
17:40:20.740 [pool-2-thread-1] DEBUG fr.inria.lille.repair.nopol.NoPol - statement #122
17:40:20.740 [pool-2-thread-1] DEBUG fr.inria.lille.repair.nopol.NoPol - Analysing SourceLocation org.apache.commons.math.optimization.univariate.BrentOptimizer:90 which is executed by 6 tests
192698619
17:40:20.813 [pool-2-thread-1] DEBUG fr.inria.lille.repair.nopol.NoPol - statement #123
17:40:20.813 [pool-2-thread-1] DEBUG fr.inria.lille.repair.nopol.NoPol - Analysing SourceLocation org.apache.commons.math.optimization.univariate.BrentOptimizer:89 which is executed by 6 tests
192698619
17:40:20.887 [pool-2-thread-1] DEBUG fr.inria.lille.repair.nopol.NoPol - statement #124
17:40:20.887 [pool-2-thread-1] DEBUG fr.inria.lille.repair.nopol.NoPol - Analysing SourceLocation org.apache.commons.math.optimization.univariate.BrentOptimizer:88 which is executed by 6 tests
192698619
17:40:20.960 [pool-2-thread-1] DEBUG fr.inria.lille.repair.nopol.NoPol - statement #125
17:40:20.960 [pool-2-thread-1] DEBUG fr.inria.lille.repair.nopol.NoPol - Analysing SourceLocation org.apache.commons.math.optimization.univariate.BrentOptimizer:58 which is executed by 6 tests
192698619
17:40:21.039 [pool-2-thread-1] DEBUG fr.inria.lille.repair.nopol.NoPol - statement #126
17:40:21.040 [pool-2-thread-1] DEBUG fr.inria.lille.repair.nopol.NoPol - Analysing SourceLocation org.apache.commons.math.optimization.univariate.BrentOptimizer:57 which is executed by 6 tests
192698619
17:40:21.114 [pool-2-thread-1] DEBUG fr.inria.lille.repair.nopol.NoPol - looking with class fr.inria.lille.repair.nopol.spoon.smt.ConditionalAdder
java.lang.AssertionError: expected:<-0.27195612846834> but was:<-0.27194301946870036>
    at org.junit.Assert.fail(Assert.java:88)
    at org.junit.Assert.failNotEquals(Assert.java:743)
    at org.junit.Assert.assertEquals(Assert.java:494)
    at org.junit.Assert.assertEquals(Assert.java:592)
    at org.apache.commons.math.optimization.MultiStartUnivariateRealOptimizerTest.testQuinticMin(MultiStartUnivariateRealOptimizerTest.java:86)
    at sun.reflect.NativeMethodAccessorImpl.invoke0(Native Method)
17:40:21.129 [pool-400-thread-1] INFO  xxl.java.junit.TestCasesListener - Tests run finished (13 ms)
<> Total tests run: 2
<> Ignored tests: 0
<> Failed tests: 1
~ testQuinticMin(org.apache.commons.math.optimization.MultiStartUnivariateRealOptimizerTest)
[expected:<-0.27195612846834> but was:<-0.27194301946870036>]
java.lang.AssertionError: expected:<-0.27195612846834> but was:<-0.27194301946870036>    at org.junit.Assert.fail(Assert.java:88)
    at org.junit.Assert.failNotEquals(Assert.java:743)
    at org.junit.Assert.assertEquals(Assert.java:494)
    at org.junit.Assert.assertEquals(Assert.java:592)
    at org.apache.commons.math.optimization.MultiStartUnivariateRealOptimizerTest.testQuinticMin(MultiStartUnivariateRealOptimizerTest.java:86)
    at sun.reflect.NativeMethodAccessorImpl.invoke0(Native Method)

17:40:21.245 [pool-2-thread-1] DEBUG fr.inria.lille.repair.nopol.NoPol - statement #127
17:40:21.245 [pool-2-thread-1] DEBUG fr.inria.lille.repair.nopol.NoPol - Analysing SourceLocation org.apache.commons.math.optimization.univariate.AbstractUnivariateRealOptimizer:141 which is executed by 6 tests
-850389962
17:40:21.330 [pool-2-thread-1] DEBUG fr.inria.lille.repair.nopol.NoPol - statement #128
17:40:21.330 [pool-2-thread-1] DEBUG fr.inria.lille.repair.nopol.NoPol - Analysing SourceLocation org.apache.commons.math.optimization.univariate.AbstractUnivariateRealOptimizer:137 which is executed by 6 tests
-850389962
17:40:21.404 [pool-2-thread-1] DEBUG fr.inria.lille.repair.nopol.NoPol - looking with class fr.inria.lille.repair.nopol.spoon.smt.ConditionalAdder
java.lang.AssertionError: expected:<-0.27195612846834> but was:<-0.27194301946870036>
    at org.junit.Assert.fail(Assert.java:88)
    at org.junit.Assert.failNotEquals(Assert.java:743)
    at org.junit.Assert.assertEquals(Assert.java:494)
    at org.junit.Assert.assertEquals(Assert.java:592)
    at org.apache.commons.math.optimization.MultiStartUnivariateRealOptimizerTest.testQuinticMin(MultiStartUnivariateRealOptimizerTest.java:86)
    at sun.reflect.NativeMethodAccessorImpl.invoke0(Native Method)
17:40:21.419 [pool-404-thread-1] INFO  xxl.java.junit.TestCasesListener - Tests run finished (12 ms)
<> Total tests run: 2
<> Ignored tests: 0
<> Failed tests: 1
~ testQuinticMin(org.apache.commons.math.optimization.MultiStartUnivariateRealOptimizerTest)
[expected:<-0.27195612846834> but was:<-0.27194301946870036>]
java.lang.AssertionError: expected:<-0.27195612846834> but was:<-0.27194301946870036>    at org.junit.Assert.fail(Assert.java:88)
    at org.junit.Assert.failNotEquals(Assert.java:743)
    at org.junit.Assert.assertEquals(Assert.java:494)
    at org.junit.Assert.assertEquals(Assert.java:592)
    at org.apache.commons.math.optimization.MultiStartUnivariateRealOptimizerTest.testQuinticMin(MultiStartUnivariateRealOptimizerTest.java:86)
    at sun.reflect.NativeMethodAccessorImpl.invoke0(Native Method)

17:40:21.524 [pool-2-thread-1] DEBUG fr.inria.lille.repair.nopol.NoPol - looking with class fr.inria.lille.repair.nopol.spoon.smt.ConditionalReplacer
java.lang.AssertionError: expected:<-0.27195612846834> but was:<-0.27194301946870036>
    at org.junit.Assert.fail(Assert.java:88)
    at org.junit.Assert.failNotEquals(Assert.java:743)
    at org.junit.Assert.assertEquals(Assert.java:494)
    at org.junit.Assert.assertEquals(Assert.java:592)
    at org.apache.commons.math.optimization.MultiStartUnivariateRealOptimizerTest.testQuinticMin(MultiStartUnivariateRealOptimizerTest.java:86)
    at sun.reflect.NativeMethodAccessorImpl.invoke0(Native Method)
17:40:21.538 [pool-408-thread-1] INFO  xxl.java.junit.TestCasesListener - Tests run finished (12 ms)
<> Total tests run: 2
<> Ignored tests: 0
<> Failed tests: 1
~ testQuinticMin(org.apache.commons.math.optimization.MultiStartUnivariateRealOptimizerTest)
[expected:<-0.27195612846834> but was:<-0.27194301946870036>]
java.lang.AssertionError: expected:<-0.27195612846834> but was:<-0.27194301946870036>    at org.junit.Assert.fail(Assert.java:88)
    at org.junit.Assert.failNotEquals(Assert.java:743)
    at org.junit.Assert.assertEquals(Assert.java:494)
    at org.junit.Assert.assertEquals(Assert.java:592)
    at org.apache.commons.math.optimization.MultiStartUnivariateRealOptimizerTest.testQuinticMin(MultiStartUnivariateRealOptimizerTest.java:86)
    at sun.reflect.NativeMethodAccessorImpl.invoke0(Native Method)

17:40:21.644 [pool-2-thread-1] DEBUG fr.inria.lille.repair.nopol.NoPol - statement #129
17:40:21.644 [pool-2-thread-1] DEBUG fr.inria.lille.repair.nopol.NoPol - Analysing SourceLocation org.apache.commons.math.optimization.univariate.AbstractUnivariateRealOptimizer:114 which is executed by 6 tests
-850389962
17:40:21.718 [pool-2-thread-1] DEBUG fr.inria.lille.repair.nopol.NoPol - statement #130
17:40:21.718 [pool-2-thread-1] DEBUG fr.inria.lille.repair.nopol.NoPol - Analysing SourceLocation org.apache.commons.math.optimization.univariate.AbstractUnivariateRealOptimizer:113 which is executed by 6 tests
-850389962
17:40:21.791 [pool-2-thread-1] DEBUG fr.inria.lille.repair.nopol.NoPol - looking with class fr.inria.lille.repair.nopol.spoon.smt.ConditionalAdder
java.lang.AssertionError: expected:<-0.27195612846834> but was:<-0.27194301946870036>
    at org.junit.Assert.fail(Assert.java:88)
    at org.junit.Assert.failNotEquals(Assert.java:743)
    at org.junit.Assert.assertEquals(Assert.java:494)
    at org.junit.Assert.assertEquals(Assert.java:592)
    at org.apache.commons.math.optimization.MultiStartUnivariateRealOptimizerTest.testQuinticMin(MultiStartUnivariateRealOptimizerTest.java:86)
    at sun.reflect.NativeMethodAccessorImpl.invoke0(Native Method)
17:40:21.806 [pool-412-thread-1] INFO  xxl.java.junit.TestCasesListener - Tests run finished (12 ms)
<> Total tests run: 2
<> Ignored tests: 0
<> Failed tests: 1
~ testQuinticMin(org.apache.commons.math.optimization.MultiStartUnivariateRealOptimizerTest)
[expected:<-0.27195612846834> but was:<-0.27194301946870036>]
java.lang.AssertionError: expected:<-0.27195612846834> but was:<-0.27194301946870036>    at org.junit.Assert.fail(Assert.java:88)
    at org.junit.Assert.failNotEquals(Assert.java:743)
    at org.junit.Assert.assertEquals(Assert.java:494)
    at org.junit.Assert.assertEquals(Assert.java:592)
    at org.apache.commons.math.optimization.MultiStartUnivariateRealOptimizerTest.testQuinticMin(MultiStartUnivariateRealOptimizerTest.java:86)
    at sun.reflect.NativeMethodAccessorImpl.invoke0(Native Method)

17:40:21.908 [pool-2-thread-1] DEBUG fr.inria.lille.repair.nopol.NoPol - statement #131
17:40:21.908 [pool-2-thread-1] DEBUG fr.inria.lille.repair.nopol.NoPol - Analysing SourceLocation org.apache.commons.math.optimization.univariate.AbstractUnivariateRealOptimizer:109 which is executed by 6 tests
-850389962
17:40:21.982 [pool-2-thread-1] DEBUG fr.inria.lille.repair.nopol.NoPol - statement #132
17:40:21.982 [pool-2-thread-1] DEBUG fr.inria.lille.repair.nopol.NoPol - Analysing SourceLocation org.apache.commons.math.optimization.univariate.AbstractUnivariateRealOptimizer:108 which is executed by 6 tests
-850389962
17:40:22.056 [pool-2-thread-1] DEBUG fr.inria.lille.repair.nopol.NoPol - looking with class fr.inria.lille.repair.nopol.spoon.smt.ConditionalAdder
java.lang.AssertionError: expected:<-0.27195612846834> but was:<-0.27194301946870036>
    at org.junit.Assert.fail(Assert.java:88)
    at org.junit.Assert.failNotEquals(Assert.java:743)
    at org.junit.Assert.assertEquals(Assert.java:494)
    at org.junit.Assert.assertEquals(Assert.java:592)
    at org.apache.commons.math.optimization.MultiStartUnivariateRealOptimizerTest.testQuinticMin(MultiStartUnivariateRealOptimizerTest.java:86)
    at sun.reflect.NativeMethodAccessorImpl.invoke0(Native Method)
17:40:22.071 [pool-416-thread-1] INFO  xxl.java.junit.TestCasesListener - Tests run finished (12 ms)
<> Total tests run: 2
<> Ignored tests: 0
<> Failed tests: 1
~ testQuinticMin(org.apache.commons.math.optimization.MultiStartUnivariateRealOptimizerTest)
[expected:<-0.27195612846834> but was:<-0.27194301946870036>]
java.lang.AssertionError: expected:<-0.27195612846834> but was:<-0.27194301946870036>    at org.junit.Assert.fail(Assert.java:88)
    at org.junit.Assert.failNotEquals(Assert.java:743)
    at org.junit.Assert.assertEquals(Assert.java:494)
    at org.junit.Assert.assertEquals(Assert.java:592)
    at org.apache.commons.math.optimization.MultiStartUnivariateRealOptimizerTest.testQuinticMin(MultiStartUnivariateRealOptimizerTest.java:86)
    at sun.reflect.NativeMethodAccessorImpl.invoke0(Native Method)

17:40:22.173 [pool-2-thread-1] DEBUG fr.inria.lille.repair.nopol.NoPol - statement #133
17:40:22.173 [pool-2-thread-1] DEBUG fr.inria.lille.repair.nopol.NoPol - Analysing SourceLocation org.apache.commons.math.optimization.univariate.AbstractUnivariateRealOptimizer:102 which is executed by 6 tests
-850389962
17:40:22.246 [pool-2-thread-1] DEBUG fr.inria.lille.repair.nopol.NoPol - statement #134
17:40:22.246 [pool-2-thread-1] DEBUG fr.inria.lille.repair.nopol.NoPol - Analysing SourceLocation org.apache.commons.math.optimization.univariate.AbstractUnivariateRealOptimizer:101 which is executed by 6 tests
-850389962
17:40:22.320 [pool-2-thread-1] DEBUG fr.inria.lille.repair.nopol.NoPol - looking with class fr.inria.lille.repair.nopol.spoon.smt.ConditionalAdder
java.lang.AssertionError: expected:<-0.27195612846834> but was:<-0.27194301946870036>
    at org.junit.Assert.fail(Assert.java:88)
    at org.junit.Assert.failNotEquals(Assert.java:743)
    at org.junit.Assert.assertEquals(Assert.java:494)
    at org.junit.Assert.assertEquals(Assert.java:592)
    at org.apache.commons.math.optimization.MultiStartUnivariateRealOptimizerTest.testQuinticMin(MultiStartUnivariateRealOptimizerTest.java:86)
    at sun.reflect.NativeMethodAccessorImpl.invoke0(Native Method)
17:40:22.334 [pool-420-thread-1] INFO  xxl.java.junit.TestCasesListener - Tests run finished (12 ms)
<> Total tests run: 2
<> Ignored tests: 0
<> Failed tests: 1
~ testQuinticMin(org.apache.commons.math.optimization.MultiStartUnivariateRealOptimizerTest)
[expected:<-0.27195612846834> but was:<-0.27194301946870036>]
java.lang.AssertionError: expected:<-0.27195612846834> but was:<-0.27194301946870036>    at org.junit.Assert.fail(Assert.java:88)
    at org.junit.Assert.failNotEquals(Assert.java:743)
    at org.junit.Assert.assertEquals(Assert.java:494)
    at org.junit.Assert.assertEquals(Assert.java:592)
    at org.apache.commons.math.optimization.MultiStartUnivariateRealOptimizerTest.testQuinticMin(MultiStartUnivariateRealOptimizerTest.java:86)
    at sun.reflect.NativeMethodAccessorImpl.invoke0(Native Method)

17:40:22.436 [pool-2-thread-1] DEBUG fr.inria.lille.repair.nopol.NoPol - statement #135
17:40:22.436 [pool-2-thread-1] DEBUG fr.inria.lille.repair.nopol.NoPol - Analysing SourceLocation org.apache.commons.math.optimization.univariate.AbstractUnivariateRealOptimizer:100 which is executed by 6 tests
-850389962
17:40:22.510 [pool-2-thread-1] DEBUG fr.inria.lille.repair.nopol.NoPol - looking with class fr.inria.lille.repair.nopol.spoon.smt.ConditionalAdder
java.lang.AssertionError: expected:<-0.27195612846834> but was:<-0.27194301946870036>
    at org.junit.Assert.fail(Assert.java:88)
    at org.junit.Assert.failNotEquals(Assert.java:743)
    at org.junit.Assert.assertEquals(Assert.java:494)
    at org.junit.Assert.assertEquals(Assert.java:592)
    at org.apache.commons.math.optimization.MultiStartUnivariateRealOptimizerTest.testQuinticMin(MultiStartUnivariateRealOptimizerTest.java:86)
    at sun.reflect.NativeMethodAccessorImpl.invoke0(Native Method)
17:40:22.979 [pool-424-thread-1] INFO  xxl.java.junit.TestCasesListener - Tests run finished (11 ms)
<> Total tests run: 2
<> Ignored tests: 0
<> Failed tests: 1
~ testQuinticMin(org.apache.commons.math.optimization.MultiStartUnivariateRealOptimizerTest)
[expected:<-0.27195612846834> but was:<-0.27194301946870036>]
java.lang.AssertionError: expected:<-0.27195612846834> but was:<-0.27194301946870036>    at org.junit.Assert.fail(Assert.java:88)
    at org.junit.Assert.failNotEquals(Assert.java:743)
    at org.junit.Assert.assertEquals(Assert.java:494)
    at org.junit.Assert.assertEquals(Assert.java:592)
    at org.apache.commons.math.optimization.MultiStartUnivariateRealOptimizerTest.testQuinticMin(MultiStartUnivariateRealOptimizerTest.java:86)
    at sun.reflect.NativeMethodAccessorImpl.invoke0(Native Method)

17:40:23.081 [pool-2-thread-1] DEBUG fr.inria.lille.repair.nopol.NoPol - statement #136
17:40:23.081 [pool-2-thread-1] DEBUG fr.inria.lille.repair.nopol.NoPol - Analysing SourceLocation org.apache.commons.math.optimization.univariate.AbstractUnivariateRealOptimizer:99 which is executed by 6 tests
-850389962
17:40:23.155 [pool-2-thread-1] DEBUG fr.inria.lille.repair.nopol.NoPol - looking with class fr.inria.lille.repair.nopol.spoon.smt.ConditionalAdder
java.lang.AssertionError: expected:<-0.27195612846834> but was:<-0.27194301946870036>
    at org.junit.Assert.fail(Assert.java:88)
    at org.junit.Assert.failNotEquals(Assert.java:743)
    at org.junit.Assert.assertEquals(Assert.java:494)
    at org.junit.Assert.assertEquals(Assert.java:592)
    at org.apache.commons.math.optimization.MultiStartUnivariateRealOptimizerTest.testQuinticMin(MultiStartUnivariateRealOptimizerTest.java:86)
    at sun.reflect.NativeMethodAccessorImpl.invoke0(Native Method)
17:40:23.169 [pool-428-thread-1] INFO  xxl.java.junit.TestCasesListener - Tests run finished (12 ms)
<> Total tests run: 2
<> Ignored tests: 0
<> Failed tests: 1
~ testQuinticMin(org.apache.commons.math.optimization.MultiStartUnivariateRealOptimizerTest)
[expected:<-0.27195612846834> but was:<-0.27194301946870036>]
java.lang.AssertionError: expected:<-0.27195612846834> but was:<-0.27194301946870036>    at org.junit.Assert.fail(Assert.java:88)
    at org.junit.Assert.failNotEquals(Assert.java:743)
    at org.junit.Assert.assertEquals(Assert.java:494)
    at org.junit.Assert.assertEquals(Assert.java:592)
    at org.apache.commons.math.optimization.MultiStartUnivariateRealOptimizerTest.testQuinticMin(MultiStartUnivariateRealOptimizerTest.java:86)
    at sun.reflect.NativeMethodAccessorImpl.invoke0(Native Method)

17:40:23.271 [pool-2-thread-1] DEBUG fr.inria.lille.repair.nopol.NoPol - statement #137
17:40:23.271 [pool-2-thread-1] DEBUG fr.inria.lille.repair.nopol.NoPol - Analysing SourceLocation org.apache.commons.math.optimization.univariate.AbstractUnivariateRealOptimizer:98 which is executed by 6 tests
-850389962
17:40:23.344 [pool-2-thread-1] DEBUG fr.inria.lille.repair.nopol.NoPol - looking with class fr.inria.lille.repair.nopol.spoon.smt.ConditionalAdder
java.lang.AssertionError: expected:<-0.27195612846834> but was:<-0.27194301946870036>
    at org.junit.Assert.fail(Assert.java:88)
    at org.junit.Assert.failNotEquals(Assert.java:743)
    at org.junit.Assert.assertEquals(Assert.java:494)
    at org.junit.Assert.assertEquals(Assert.java:592)
    at org.apache.commons.math.optimization.MultiStartUnivariateRealOptimizerTest.testQuinticMin(MultiStartUnivariateRealOptimizerTest.java:86)
    at sun.reflect.NativeMethodAccessorImpl.invoke0(Native Method)
17:40:23.358 [pool-432-thread-1] INFO  xxl.java.junit.TestCasesListener - Tests run finished (12 ms)
<> Total tests run: 2
<> Ignored tests: 0
<> Failed tests: 1
~ testQuinticMin(org.apache.commons.math.optimization.MultiStartUnivariateRealOptimizerTest)
[expected:<-0.27195612846834> but was:<-0.27194301946870036>]
java.lang.AssertionError: expected:<-0.27195612846834> but was:<-0.27194301946870036>    at org.junit.Assert.fail(Assert.java:88)
    at org.junit.Assert.failNotEquals(Assert.java:743)
    at org.junit.Assert.assertEquals(Assert.java:494)
    at org.junit.Assert.assertEquals(Assert.java:592)
    at org.apache.commons.math.optimization.MultiStartUnivariateRealOptimizerTest.testQuinticMin(MultiStartUnivariateRealOptimizerTest.java:86)
    at sun.reflect.NativeMethodAccessorImpl.invoke0(Native Method)

17:40:23.459 [pool-2-thread-1] DEBUG fr.inria.lille.repair.nopol.NoPol - statement #138
17:40:23.459 [pool-2-thread-1] DEBUG fr.inria.lille.repair.nopol.NoPol - Analysing SourceLocation org.apache.commons.math.ConvergingAlgorithmImpl:73 which is executed by 11 tests
66952180
17:40:23.530 [pool-2-thread-1] DEBUG fr.inria.lille.repair.nopol.NoPol - statement #139
17:40:23.530 [pool-2-thread-1] DEBUG fr.inria.lille.repair.nopol.NoPol - Analysing SourceLocation org.apache.commons.math.MathRuntimeException:444 which is executed by 13 tests
-1593974112
17:40:23.623 [pool-2-thread-1] DEBUG fr.inria.lille.repair.nopol.NoPol - statement #140
17:40:23.623 [pool-2-thread-1] DEBUG fr.inria.lille.repair.nopol.NoPol - Analysing SourceLocation org.apache.commons.math.analysis.QuinticFunction:32 which is executed by 15 tests
17:40:23.623 [pool-2-thread-1] DEBUG fr.inria.lille.repair.nopol.NoPol - cannot spoon SourceLocation org.apache.commons.math.analysis.QuinticFunction:32
17:40:23.623 [pool-2-thread-1] DEBUG fr.inria.lille.repair.nopol.NoPol - statement #141
17:40:23.623 [pool-2-thread-1] DEBUG fr.inria.lille.repair.nopol.NoPol - Analysing SourceLocation org.apache.commons.math.ConvergingAlgorithmImpl:109 which is executed by 18 tests
66952180
17:40:23.693 [pool-2-thread-1] DEBUG fr.inria.lille.repair.nopol.NoPol - statement #142
17:40:23.693 [pool-2-thread-1] DEBUG fr.inria.lille.repair.nopol.NoPol - Analysing SourceLocation org.apache.commons.math.ConvergingAlgorithmImpl:108 which is executed by 18 tests
66952180
17:40:23.764 [pool-2-thread-1] DEBUG fr.inria.lille.repair.nopol.NoPol - looking with class fr.inria.lille.repair.nopol.spoon.smt.ConditionalAdder
java.lang.AssertionError: expected:<-0.27195612846834> but was:<-0.27194301946870036>
    at org.junit.Assert.fail(Assert.java:88)
    at org.junit.Assert.failNotEquals(Assert.java:743)
    at org.junit.Assert.assertEquals(Assert.java:494)
    at org.junit.Assert.assertEquals(Assert.java:592)
    at org.apache.commons.math.optimization.MultiStartUnivariateRealOptimizerTest.testQuinticMin(MultiStartUnivariateRealOptimizerTest.java:86)
    at sun.reflect.NativeMethodAccessorImpl.invoke0(Native Method)
17:40:23.778 [pool-436-thread-1] INFO  xxl.java.junit.TestCasesListener - Tests run finished (12 ms)
<> Total tests run: 2
<> Ignored tests: 0
<> Failed tests: 1
~ testQuinticMin(org.apache.commons.math.optimization.MultiStartUnivariateRealOptimizerTest)
[expected:<-0.27195612846834> but was:<-0.27194301946870036>]
java.lang.AssertionError: expected:<-0.27195612846834> but was:<-0.27194301946870036>    at org.junit.Assert.fail(Assert.java:88)
    at org.junit.Assert.failNotEquals(Assert.java:743)
    at org.junit.Assert.assertEquals(Assert.java:494)
    at org.junit.Assert.assertEquals(Assert.java:592)
    at org.apache.commons.math.optimization.MultiStartUnivariateRealOptimizerTest.testQuinticMin(MultiStartUnivariateRealOptimizerTest.java:86)
    at sun.reflect.NativeMethodAccessorImpl.invoke0(Native Method)

17:40:23.874 [pool-2-thread-1] DEBUG fr.inria.lille.repair.nopol.NoPol - statement #143
17:40:23.874 [pool-2-thread-1] DEBUG fr.inria.lille.repair.nopol.NoPol - Analysing SourceLocation org.apache.commons.math.ConvergingAlgorithmImpl:113 which is executed by 27 tests
66952180
17:40:23.945 [pool-2-thread-1] DEBUG fr.inria.lille.repair.nopol.NoPol - statement #144
17:40:23.945 [pool-2-thread-1] DEBUG fr.inria.lille.repair.nopol.NoPol - Analysing SourceLocation org.apache.commons.math.ConvergingAlgorithmImpl:83 which is executed by 35 tests
66952180
17:40:24.015 [pool-2-thread-1] DEBUG fr.inria.lille.repair.nopol.NoPol - statement #145
17:40:24.016 [pool-2-thread-1] DEBUG fr.inria.lille.repair.nopol.NoPol - Analysing SourceLocation org.apache.commons.math.ConvergingAlgorithmImpl:94 which is executed by 103 tests
66952180
17:40:24.086 [pool-2-thread-1] DEBUG fr.inria.lille.repair.nopol.NoPol - statement #146
17:40:24.086 [pool-2-thread-1] DEBUG fr.inria.lille.repair.nopol.NoPol - Analysing SourceLocation org.apache.commons.math.ConvergingAlgorithmImpl:93 which is executed by 103 tests
66952180
17:40:24.157 [pool-2-thread-1] DEBUG fr.inria.lille.repair.nopol.NoPol - looking with class fr.inria.lille.repair.nopol.spoon.smt.ConditionalAdder
java.lang.AssertionError: expected:<-0.27195612846834> but was:<-0.27194301946870036>
    at org.junit.Assert.fail(Assert.java:88)
    at org.junit.Assert.failNotEquals(Assert.java:743)
    at org.junit.Assert.assertEquals(Assert.java:494)
    at org.junit.Assert.assertEquals(Assert.java:592)
    at org.apache.commons.math.optimization.MultiStartUnivariateRealOptimizerTest.testQuinticMin(MultiStartUnivariateRealOptimizerTest.java:86)
    at sun.reflect.NativeMethodAccessorImpl.invoke0(Native Method)
17:40:24.172 [pool-440-thread-1] INFO  xxl.java.junit.TestCasesListener - Tests run finished (12 ms)
<> Total tests run: 2
<> Ignored tests: 0
<> Failed tests: 1
~ testQuinticMin(org.apache.commons.math.optimization.MultiStartUnivariateRealOptimizerTest)
[expected:<-0.27195612846834> but was:<-0.27194301946870036>]
java.lang.AssertionError: expected:<-0.27195612846834> but was:<-0.27194301946870036>    at org.junit.Assert.fail(Assert.java:88)
    at org.junit.Assert.failNotEquals(Assert.java:743)
    at org.junit.Assert.assertEquals(Assert.java:494)
    at org.junit.Assert.assertEquals(Assert.java:592)
    at org.apache.commons.math.optimization.MultiStartUnivariateRealOptimizerTest.testQuinticMin(MultiStartUnivariateRealOptimizerTest.java:86)
    at sun.reflect.NativeMethodAccessorImpl.invoke0(Native Method)

17:40:24.266 [pool-2-thread-1] DEBUG fr.inria.lille.repair.nopol.NoPol - statement #147
17:40:24.266 [pool-2-thread-1] DEBUG fr.inria.lille.repair.nopol.NoPol - Analysing SourceLocation org.apache.commons.math.ConvergingAlgorithmImpl:79 which is executed by 142 tests
66952180
17:40:24.340 [pool-2-thread-1] DEBUG fr.inria.lille.repair.nopol.NoPol - statement #148
17:40:24.340 [pool-2-thread-1] DEBUG fr.inria.lille.repair.nopol.NoPol - Analysing SourceLocation org.apache.commons.math.ConvergingAlgorithmImpl:78 which is executed by 142 tests
66952180
17:40:24.411 [pool-2-thread-1] DEBUG fr.inria.lille.repair.nopol.NoPol - looking with class fr.inria.lille.repair.nopol.spoon.smt.ConditionalAdder
java.lang.AssertionError: expected:<-0.27195612846834> but was:<-0.27194301946870036>
    at org.junit.Assert.fail(Assert.java:88)
    at org.junit.Assert.failNotEquals(Assert.java:743)
    at org.junit.Assert.assertEquals(Assert.java:494)
    at org.junit.Assert.assertEquals(Assert.java:592)
    at org.apache.commons.math.optimization.MultiStartUnivariateRealOptimizerTest.testQuinticMin(MultiStartUnivariateRealOptimizerTest.java:86)
    at sun.reflect.NativeMethodAccessorImpl.invoke0(Native Method)
17:40:24.426 [pool-444-thread-1] INFO  xxl.java.junit.TestCasesListener - Tests run finished (12 ms)
<> Total tests run: 2
<> Ignored tests: 0
<> Failed tests: 1
~ testQuinticMin(org.apache.commons.math.optimization.MultiStartUnivariateRealOptimizerTest)
[expected:<-0.27195612846834> but was:<-0.27194301946870036>]
java.lang.AssertionError: expected:<-0.27195612846834> but was:<-0.27194301946870036>    at org.junit.Assert.fail(Assert.java:88)
    at org.junit.Assert.failNotEquals(Assert.java:743)
    at org.junit.Assert.assertEquals(Assert.java:494)
    at org.junit.Assert.assertEquals(Assert.java:592)
    at org.apache.commons.math.optimization.MultiStartUnivariateRealOptimizerTest.testQuinticMin(MultiStartUnivariateRealOptimizerTest.java:86)
    at sun.reflect.NativeMethodAccessorImpl.invoke0(Native Method)

17:40:24.529 [pool-2-thread-1] INFO  fr.inria.lille.repair.nopol.NoPol - ----INFORMATION----
17:40:24.744 [pool-2-thread-1] INFO  fr.inria.lille.repair.nopol.NoPol - Nb classes : 435
17:40:24.744 [pool-2-thread-1] INFO  fr.inria.lille.repair.nopol.NoPol - Nb methods : 3086
17:40:24.745 [pool-2-thread-1] INFO  fr.inria.lille.repair.nopol.NoPol - Nb Statements Analyzed : 111
17:40:24.745 [pool-2-thread-1] INFO  fr.inria.lille.repair.nopol.NoPol - Nb Statements with Angelic Value Found : 0
17:40:24.745 [pool-2-thread-1] INFO  fr.inria.lille.repair.nopol.NoPol - NoPol Execution time : 723792ms
17:40:24.746 [pool-2-thread-1] INFO  fr.inria.lille.repair.nopol.NoPol - 
NO_ANGELIC_VALUE
Command exited with non-zero status 255
3090.68user 21.68system 12:05.77elapsed 428%CPU (0avgtext+0avgdata 4553072maxresident)k
44712inputs+7088outputs (3major+1724937minor)pagefaults 0swaps


Node: petitprince-5.luxembourg.grid5000.fr



Date: Sun Dec 30 17:40:25 EST 2018

