cd /tmp/Nopol_Defects4J_Math_105;
export JAVA_TOOL_OPTIONS=-Dfile.encoding=UTF8;
TZ="America/New_York"; export TZ;
export PATH="/usr/lib/jvm/java-1.8.0-openjdk-amd64/bin/:$PATH";
export JAVA_HOME="/usr/lib/jvm/java-1.8.0-openjdk-amd64/bin/";
time java -Xmx4048m -cp /home/tdurieux/defects4j4repair/script/../repair_tools/nopol.jar:/usr/lib/jvm/java-1.8.0-openjdk-amd64/bin//../lib/tools.jar fr.inria.lille.repair.Main \
	--mode repair \
	--type pre_then_cond \
	--oracle angelic \
	--synthesis smt \
	--flocal gzoltar \
	--json \
	--solver z3 \
	--solver-path /home/tdurieux/defects4j4repair/script/../libs/z3/build/z3 \
	--complianceLevel 3 \
	--source src/java/ \
	--classpath "target/classes/:target/test-classes/:/tmp/Nopol_Defects4J_Math_105/target/classes/:/tmp/Nopol_Defects4J_Math_105/target/test-classes/:/home/tdurieux/defects4j4repair/script/../benchmarks/defects4j/framework/projects/Math/lib/commons-discovery-0.5.jar:/home/tdurieux/defects4j4repair/script/../repair_tools/nopol.jar";
	echo "\n\nNode: `hostname`\n";
	echo "\n\nDate: `date`\n";
Picked up JAVA_TOOL_OPTIONS: -Dfile.encoding=UTF8
21:41:51.975 [main] INFO  fr.inria.lille.repair.nopol.NoPol - Source files: [src/java]
21:41:51.980 [main] INFO  fr.inria.lille.repair.nopol.NoPol - Classpath: [file:/tmp/Nopol_Defects4J_Math_105/target/classes/, file:/tmp/Nopol_Defects4J_Math_105/target/test-classes/, file:/tmp/Nopol_Defects4J_Math_105/target/classes/, file:/tmp/Nopol_Defects4J_Math_105/target/test-classes/, file:/home/tdurieux/defects4j4repair/script/../benchmarks/defects4j/framework/projects/Math/lib/commons-discovery-0.5.jar, file:/home/tdurieux/defects4j4repair/script/../repair_tools/nopol.jar]
21:41:51.980 [main] INFO  fr.inria.lille.repair.nopol.NoPol - Statement type: PRE_THEN_COND
21:41:51.980 [main] INFO  fr.inria.lille.repair.nopol.NoPol - Args: [org.apache.commons.math.FunctionEvaluationExceptionTest, org.apache.commons.math.FunctionEvaluationExceptionTest, org.apache.commons.math.MathConfigurationExceptionTest, org.apache.commons.math.MathConfigurationExceptionTest, org.apache.commons.math.MathExceptionTest, org.apache.commons.math.MathExceptionTest, org.apache.commons.math.analysis.BisectionSolverTest, org.apache.commons.math.analysis.BisectionSolverTest, org.apache.commons.math.analysis.BrentSolverTest, org.apache.commons.math.analysis.BrentSolverTest, org.apache.commons.math.analysis.ConvergenceExceptionTest, org.apache.commons.math.analysis.ConvergenceExceptionTest, org.apache.commons.math.analysis.DividedDifferenceInterpolatorTest, org.apache.commons.math.analysis.DividedDifferenceInterpolatorTest, org.apache.commons.math.analysis.LaguerreSolverTest, org.apache.commons.math.analysis.LaguerreSolverTest, org.apache.commons.math.analysis.MullerSolverTest, org.apache.commons.math.analysis.MullerSolverTest, org.apache.commons.math.analysis.NevilleInterpolatorTest, org.apache.commons.math.analysis.NevilleInterpolatorTest, org.apache.commons.math.analysis.NewtonSolverTest, org.apache.commons.math.analysis.NewtonSolverTest, org.apache.commons.math.analysis.PolynomialFunctionLagrangeFormTest, org.apache.commons.math.analysis.PolynomialFunctionLagrangeFormTest, org.apache.commons.math.analysis.PolynomialFunctionNewtonFormTest, org.apache.commons.math.analysis.PolynomialFunctionNewtonFormTest, org.apache.commons.math.analysis.PolynomialFunctionTest, org.apache.commons.math.analysis.PolynomialFunctionTest, org.apache.commons.math.analysis.PolynomialSplineFunctionTest, org.apache.commons.math.analysis.PolynomialSplineFunctionTest, org.apache.commons.math.analysis.RiddersSolverTest, org.apache.commons.math.analysis.RiddersSolverTest, org.apache.commons.math.analysis.RombergIntegratorTest, org.apache.commons.math.analysis.RombergIntegratorTest, org.apache.commons.math.analysis.SimpsonIntegratorTest, org.apache.commons.math.analysis.SimpsonIntegratorTest, org.apache.commons.math.analysis.SplineInterpolatorTest, org.apache.commons.math.analysis.SplineInterpolatorTest, org.apache.commons.math.analysis.TrapezoidIntegratorTest, org.apache.commons.math.analysis.TrapezoidIntegratorTest, org.apache.commons.math.analysis.UnivariateRealSolverFactoryImplTest, org.apache.commons.math.analysis.UnivariateRealSolverFactoryImplTest, org.apache.commons.math.analysis.UnivariateRealSolverUtilsTest, org.apache.commons.math.analysis.UnivariateRealSolverUtilsTest, org.apache.commons.math.complex.ComplexFormatTest, org.apache.commons.math.complex.ComplexFormatTest, org.apache.commons.math.complex.ComplexTest, org.apache.commons.math.complex.ComplexTest, org.apache.commons.math.complex.ComplexUtilsTest, org.apache.commons.math.complex.ComplexUtilsTest, org.apache.commons.math.complex.FrenchComplexFormatTest, org.apache.commons.math.complex.FrenchComplexFormatTest, org.apache.commons.math.distribution.BinomialDistributionTest, org.apache.commons.math.distribution.BinomialDistributionTest, org.apache.commons.math.distribution.CauchyDistributionTest, org.apache.commons.math.distribution.CauchyDistributionTest, org.apache.commons.math.distribution.ChiSquareDistributionTest, org.apache.commons.math.distribution.ChiSquareDistributionTest, org.apache.commons.math.distribution.DistributionFactoryImplTest, org.apache.commons.math.distribution.DistributionFactoryImplTest, org.apache.commons.math.distribution.ExponentialDistributionTest, org.apache.commons.math.distribution.ExponentialDistributionTest, org.apache.commons.math.distribution.FDistributionTest, org.apache.commons.math.distribution.FDistributionTest, org.apache.commons.math.distribution.GammaDistributionTest, org.apache.commons.math.distribution.GammaDistributionTest, org.apache.commons.math.distribution.HypergeometricDistributionTest, org.apache.commons.math.distribution.HypergeometricDistributionTest, org.apache.commons.math.distribution.NormalDistributionTest, org.apache.commons.math.distribution.NormalDistributionTest, org.apache.commons.math.distribution.PascalDistributionTest, org.apache.commons.math.distribution.PascalDistributionTest, org.apache.commons.math.distribution.PoissonDistributionTest, org.apache.commons.math.distribution.PoissonDistributionTest, org.apache.commons.math.distribution.TDistributionTest, org.apache.commons.math.distribution.TDistributionTest, org.apache.commons.math.distribution.WeibullDistributionTest, org.apache.commons.math.distribution.WeibullDistributionTest, org.apache.commons.math.fraction.FractionFormatTest, org.apache.commons.math.fraction.FractionFormatTest, org.apache.commons.math.fraction.FractionTest, org.apache.commons.math.fraction.FractionTest, org.apache.commons.math.linear.BigMatrixImplTest, org.apache.commons.math.linear.BigMatrixImplTest, org.apache.commons.math.linear.InvalidMatrixExceptionTest, org.apache.commons.math.linear.InvalidMatrixExceptionTest, org.apache.commons.math.linear.MatrixIndexExceptionTest, org.apache.commons.math.linear.MatrixIndexExceptionTest, org.apache.commons.math.linear.MatrixUtilsTest, org.apache.commons.math.linear.MatrixUtilsTest, org.apache.commons.math.linear.QRDecompositionImplTest, org.apache.commons.math.linear.QRDecompositionImplTest, org.apache.commons.math.linear.RealMatrixImplTest, org.apache.commons.math.linear.RealMatrixImplTest, org.apache.commons.math.random.AbstractRandomGeneratorTest, org.apache.commons.math.random.AbstractRandomGeneratorTest, org.apache.commons.math.random.EmpiricalDistributionTest, org.apache.commons.math.random.EmpiricalDistributionTest, org.apache.commons.math.random.RandomAdaptorTest, org.apache.commons.math.random.RandomAdaptorTest, org.apache.commons.math.random.RandomDataTest, org.apache.commons.math.random.RandomDataTest, org.apache.commons.math.random.ValueServerTest, org.apache.commons.math.random.ValueServerTest, org.apache.commons.math.special.BetaTest, org.apache.commons.math.special.BetaTest, org.apache.commons.math.special.ErfTest, org.apache.commons.math.special.ErfTest, org.apache.commons.math.special.GammaTest, org.apache.commons.math.special.GammaTest, org.apache.commons.math.stat.CertifiedDataTest, org.apache.commons.math.stat.CertifiedDataTest, org.apache.commons.math.stat.FrequencyTest, org.apache.commons.math.stat.FrequencyTest, org.apache.commons.math.stat.StatUtilsTest, org.apache.commons.math.stat.StatUtilsTest, org.apache.commons.math.stat.data.LewTest, org.apache.commons.math.stat.data.LewTest, org.apache.commons.math.stat.data.LotteryTest, org.apache.commons.math.stat.data.LotteryTest, org.apache.commons.math.stat.descriptive.AbstractUnivariateStatisticTest, org.apache.commons.math.stat.descriptive.AbstractUnivariateStatisticTest, org.apache.commons.math.stat.descriptive.DescriptiveStatisticsImplTest, org.apache.commons.math.stat.descriptive.DescriptiveStatisticsImplTest, org.apache.commons.math.stat.descriptive.DescriptiveStatisticsTest, org.apache.commons.math.stat.descriptive.DescriptiveStatisticsTest, org.apache.commons.math.stat.descriptive.InteractionTest, org.apache.commons.math.stat.descriptive.InteractionTest, org.apache.commons.math.stat.descriptive.ListUnivariateImplTest, org.apache.commons.math.stat.descriptive.ListUnivariateImplTest, org.apache.commons.math.stat.descriptive.MixedListUnivariateImplTest, org.apache.commons.math.stat.descriptive.MixedListUnivariateImplTest, org.apache.commons.math.stat.descriptive.StatisticalSummaryValuesTest, org.apache.commons.math.stat.descriptive.StatisticalSummaryValuesTest, org.apache.commons.math.stat.descriptive.SummaryStatisticsImplTest, org.apache.commons.math.stat.descriptive.SummaryStatisticsImplTest, org.apache.commons.math.stat.descriptive.moment.FirstMomentTest, org.apache.commons.math.stat.descriptive.moment.FirstMomentTest, org.apache.commons.math.stat.descriptive.moment.FourthMomentTest, org.apache.commons.math.stat.descriptive.moment.FourthMomentTest, org.apache.commons.math.stat.descriptive.moment.GeometricMeanTest, org.apache.commons.math.stat.descriptive.moment.GeometricMeanTest, org.apache.commons.math.stat.descriptive.moment.KurtosisTest, org.apache.commons.math.stat.descriptive.moment.KurtosisTest, org.apache.commons.math.stat.descriptive.moment.MeanTest, org.apache.commons.math.stat.descriptive.moment.MeanTest, org.apache.commons.math.stat.descriptive.moment.SecondMomentTest, org.apache.commons.math.stat.descriptive.moment.SecondMomentTest, org.apache.commons.math.stat.descriptive.moment.SkewnessTest, org.apache.commons.math.stat.descriptive.moment.SkewnessTest, org.apache.commons.math.stat.descriptive.moment.StandardDeviationTest, org.apache.commons.math.stat.descriptive.moment.StandardDeviationTest, org.apache.commons.math.stat.descriptive.moment.ThirdMomentTest, org.apache.commons.math.stat.descriptive.moment.ThirdMomentTest, org.apache.commons.math.stat.descriptive.moment.VarianceTest, org.apache.commons.math.stat.descriptive.moment.VarianceTest, org.apache.commons.math.stat.descriptive.rank.MaxTest, org.apache.commons.math.stat.descriptive.rank.MaxTest, org.apache.commons.math.stat.descriptive.rank.MedianTest, org.apache.commons.math.stat.descriptive.rank.MedianTest, org.apache.commons.math.stat.descriptive.rank.MinTest, org.apache.commons.math.stat.descriptive.rank.MinTest, org.apache.commons.math.stat.descriptive.rank.PercentileTest, org.apache.commons.math.stat.descriptive.rank.PercentileTest, org.apache.commons.math.stat.descriptive.summary.ProductTest, org.apache.commons.math.stat.descriptive.summary.ProductTest, org.apache.commons.math.stat.descriptive.summary.SumLogTest, org.apache.commons.math.stat.descriptive.summary.SumLogTest, org.apache.commons.math.stat.descriptive.summary.SumSqTest, org.apache.commons.math.stat.descriptive.summary.SumSqTest, org.apache.commons.math.stat.descriptive.summary.SumTest, org.apache.commons.math.stat.descriptive.summary.SumTest, org.apache.commons.math.stat.inference.ChiSquareFactoryTest, org.apache.commons.math.stat.inference.ChiSquareFactoryTest, org.apache.commons.math.stat.inference.ChiSquareTestTest, org.apache.commons.math.stat.inference.ChiSquareTestTest, org.apache.commons.math.stat.inference.TTestFactoryTest, org.apache.commons.math.stat.inference.TTestFactoryTest, org.apache.commons.math.stat.inference.TTestTest, org.apache.commons.math.stat.inference.TTestTest, org.apache.commons.math.stat.inference.TestUtilsTest, org.apache.commons.math.stat.inference.TestUtilsTest, org.apache.commons.math.stat.regression.SimpleRegressionTest, org.apache.commons.math.stat.regression.SimpleRegressionTest, org.apache.commons.math.transform.FastCosineTransformerTest, org.apache.commons.math.transform.FastCosineTransformerTest, org.apache.commons.math.transform.FastFourierTransformerTest, org.apache.commons.math.transform.FastFourierTransformerTest, org.apache.commons.math.transform.FastSineTransformerTest, org.apache.commons.math.transform.FastSineTransformerTest, org.apache.commons.math.util.ContinuedFractionTest, org.apache.commons.math.util.ContinuedFractionTest, org.apache.commons.math.util.DefaultTransformerTest, org.apache.commons.math.util.DefaultTransformerTest, org.apache.commons.math.util.MathUtilsTest, org.apache.commons.math.util.MathUtilsTest, org.apache.commons.math.util.ResizableDoubleArrayTest, org.apache.commons.math.util.ResizableDoubleArrayTest, org.apache.commons.math.util.TransformerMapTest, org.apache.commons.math.util.TransformerMapTest]
21:41:51.982 [main] INFO  fr.inria.lille.repair.nopol.NoPol - Config: Config{synthesisDepth=3, collectStaticMethods=true, collectStaticFields=false, collectLiterals=false, onlyOneSynthesisResult=true, sortExpressions=true, maxLineInvocationPerTest=250, timeoutMethodInvocation=2000, dataCollectionTimeoutInSecondForSynthesis=900, addWeight=0.19478, subWeight=0.04554, mulWeight=0.0102, divWeight=0.00613, andWeight=0.10597, orWeight=0.05708, eqWeight=0.22798, nEqWeight=0.0, lessEqWeight=0.0255, lessWeight=0.0947, methodCallWeight=0.1, fieldAccessWeight=0.08099, constantWeight=0.14232, variableWeight=0.05195, mode=REPAIR, type=PRE_THEN_COND, synthesis=SMT, oracle=ANGELIC, solver=Z3, solverPath='/home/tdurieux/defects4j4repair/script/../libs/z3/build/z3', projectSources=[src/java], projectClasspath='[Ljava.net.URL;@66d33a', projectTests=[org.apache.commons.math.FunctionEvaluationExceptionTest, org.apache.commons.math.FunctionEvaluationExceptionTest, org.apache.commons.math.MathConfigurationExceptionTest, org.apache.commons.math.MathConfigurationExceptionTest, org.apache.commons.math.MathExceptionTest, org.apache.commons.math.MathExceptionTest, org.apache.commons.math.analysis.BisectionSolverTest, org.apache.commons.math.analysis.BisectionSolverTest, org.apache.commons.math.analysis.BrentSolverTest, org.apache.commons.math.analysis.BrentSolverTest, org.apache.commons.math.analysis.ConvergenceExceptionTest, org.apache.commons.math.analysis.ConvergenceExceptionTest, org.apache.commons.math.analysis.DividedDifferenceInterpolatorTest, org.apache.commons.math.analysis.DividedDifferenceInterpolatorTest, org.apache.commons.math.analysis.LaguerreSolverTest, org.apache.commons.math.analysis.LaguerreSolverTest, org.apache.commons.math.analysis.MullerSolverTest, org.apache.commons.math.analysis.MullerSolverTest, org.apache.commons.math.analysis.NevilleInterpolatorTest, org.apache.commons.math.analysis.NevilleInterpolatorTest, org.apache.commons.math.analysis.NewtonSolverTest, org.apache.commons.math.analysis.NewtonSolverTest, org.apache.commons.math.analysis.PolynomialFunctionLagrangeFormTest, org.apache.commons.math.analysis.PolynomialFunctionLagrangeFormTest, org.apache.commons.math.analysis.PolynomialFunctionNewtonFormTest, org.apache.commons.math.analysis.PolynomialFunctionNewtonFormTest, org.apache.commons.math.analysis.PolynomialFunctionTest, org.apache.commons.math.analysis.PolynomialFunctionTest, org.apache.commons.math.analysis.PolynomialSplineFunctionTest, org.apache.commons.math.analysis.PolynomialSplineFunctionTest, org.apache.commons.math.analysis.RiddersSolverTest, org.apache.commons.math.analysis.RiddersSolverTest, org.apache.commons.math.analysis.RombergIntegratorTest, org.apache.commons.math.analysis.RombergIntegratorTest, org.apache.commons.math.analysis.SimpsonIntegratorTest, org.apache.commons.math.analysis.SimpsonIntegratorTest, org.apache.commons.math.analysis.SplineInterpolatorTest, org.apache.commons.math.analysis.SplineInterpolatorTest, org.apache.commons.math.analysis.TrapezoidIntegratorTest, org.apache.commons.math.analysis.TrapezoidIntegratorTest, org.apache.commons.math.analysis.UnivariateRealSolverFactoryImplTest, org.apache.commons.math.analysis.UnivariateRealSolverFactoryImplTest, org.apache.commons.math.analysis.UnivariateRealSolverUtilsTest, org.apache.commons.math.analysis.UnivariateRealSolverUtilsTest, org.apache.commons.math.complex.ComplexFormatTest, org.apache.commons.math.complex.ComplexFormatTest, org.apache.commons.math.complex.ComplexTest, org.apache.commons.math.complex.ComplexTest, org.apache.commons.math.complex.ComplexUtilsTest, org.apache.commons.math.complex.ComplexUtilsTest, org.apache.commons.math.complex.FrenchComplexFormatTest, org.apache.commons.math.complex.FrenchComplexFormatTest, org.apache.commons.math.distribution.BinomialDistributionTest, org.apache.commons.math.distribution.BinomialDistributionTest, org.apache.commons.math.distribution.CauchyDistributionTest, org.apache.commons.math.distribution.CauchyDistributionTest, org.apache.commons.math.distribution.ChiSquareDistributionTest, org.apache.commons.math.distribution.ChiSquareDistributionTest, org.apache.commons.math.distribution.DistributionFactoryImplTest, org.apache.commons.math.distribution.DistributionFactoryImplTest, org.apache.commons.math.distribution.ExponentialDistributionTest, org.apache.commons.math.distribution.ExponentialDistributionTest, org.apache.commons.math.distribution.FDistributionTest, org.apache.commons.math.distribution.FDistributionTest, org.apache.commons.math.distribution.GammaDistributionTest, org.apache.commons.math.distribution.GammaDistributionTest, org.apache.commons.math.distribution.HypergeometricDistributionTest, org.apache.commons.math.distribution.HypergeometricDistributionTest, org.apache.commons.math.distribution.NormalDistributionTest, org.apache.commons.math.distribution.NormalDistributionTest, org.apache.commons.math.distribution.PascalDistributionTest, org.apache.commons.math.distribution.PascalDistributionTest, org.apache.commons.math.distribution.PoissonDistributionTest, org.apache.commons.math.distribution.PoissonDistributionTest, org.apache.commons.math.distribution.TDistributionTest, org.apache.commons.math.distribution.TDistributionTest, org.apache.commons.math.distribution.WeibullDistributionTest, org.apache.commons.math.distribution.WeibullDistributionTest, org.apache.commons.math.fraction.FractionFormatTest, org.apache.commons.math.fraction.FractionFormatTest, org.apache.commons.math.fraction.FractionTest, org.apache.commons.math.fraction.FractionTest, org.apache.commons.math.linear.BigMatrixImplTest, org.apache.commons.math.linear.BigMatrixImplTest, org.apache.commons.math.linear.InvalidMatrixExceptionTest, org.apache.commons.math.linear.InvalidMatrixExceptionTest, org.apache.commons.math.linear.MatrixIndexExceptionTest, org.apache.commons.math.linear.MatrixIndexExceptionTest, org.apache.commons.math.linear.MatrixUtilsTest, org.apache.commons.math.linear.MatrixUtilsTest, org.apache.commons.math.linear.QRDecompositionImplTest, org.apache.commons.math.linear.QRDecompositionImplTest, org.apache.commons.math.linear.RealMatrixImplTest, org.apache.commons.math.linear.RealMatrixImplTest, org.apache.commons.math.random.AbstractRandomGeneratorTest, org.apache.commons.math.random.AbstractRandomGeneratorTest, org.apache.commons.math.random.EmpiricalDistributionTest, org.apache.commons.math.random.EmpiricalDistributionTest, org.apache.commons.math.random.RandomAdaptorTest, org.apache.commons.math.random.RandomAdaptorTest, org.apache.commons.math.random.RandomDataTest, org.apache.commons.math.random.RandomDataTest, org.apache.commons.math.random.ValueServerTest, org.apache.commons.math.random.ValueServerTest, org.apache.commons.math.special.BetaTest, org.apache.commons.math.special.BetaTest, org.apache.commons.math.special.ErfTest, org.apache.commons.math.special.ErfTest, org.apache.commons.math.special.GammaTest, org.apache.commons.math.special.GammaTest, org.apache.commons.math.stat.CertifiedDataTest, org.apache.commons.math.stat.CertifiedDataTest, org.apache.commons.math.stat.FrequencyTest, org.apache.commons.math.stat.FrequencyTest, org.apache.commons.math.stat.StatUtilsTest, org.apache.commons.math.stat.StatUtilsTest, org.apache.commons.math.stat.data.LewTest, org.apache.commons.math.stat.data.LewTest, org.apache.commons.math.stat.data.LotteryTest, org.apache.commons.math.stat.data.LotteryTest, org.apache.commons.math.stat.descriptive.AbstractUnivariateStatisticTest, org.apache.commons.math.stat.descriptive.AbstractUnivariateStatisticTest, org.apache.commons.math.stat.descriptive.DescriptiveStatisticsImplTest, org.apache.commons.math.stat.descriptive.DescriptiveStatisticsImplTest, org.apache.commons.math.stat.descriptive.DescriptiveStatisticsTest, org.apache.commons.math.stat.descriptive.DescriptiveStatisticsTest, org.apache.commons.math.stat.descriptive.InteractionTest, org.apache.commons.math.stat.descriptive.InteractionTest, org.apache.commons.math.stat.descriptive.ListUnivariateImplTest, org.apache.commons.math.stat.descriptive.ListUnivariateImplTest, org.apache.commons.math.stat.descriptive.MixedListUnivariateImplTest, org.apache.commons.math.stat.descriptive.MixedListUnivariateImplTest, org.apache.commons.math.stat.descriptive.StatisticalSummaryValuesTest, org.apache.commons.math.stat.descriptive.StatisticalSummaryValuesTest, org.apache.commons.math.stat.descriptive.SummaryStatisticsImplTest, org.apache.commons.math.stat.descriptive.SummaryStatisticsImplTest, org.apache.commons.math.stat.descriptive.moment.FirstMomentTest, org.apache.commons.math.stat.descriptive.moment.FirstMomentTest, org.apache.commons.math.stat.descriptive.moment.FourthMomentTest, org.apache.commons.math.stat.descriptive.moment.FourthMomentTest, org.apache.commons.math.stat.descriptive.moment.GeometricMeanTest, org.apache.commons.math.stat.descriptive.moment.GeometricMeanTest, org.apache.commons.math.stat.descriptive.moment.KurtosisTest, org.apache.commons.math.stat.descriptive.moment.KurtosisTest, org.apache.commons.math.stat.descriptive.moment.MeanTest, org.apache.commons.math.stat.descriptive.moment.MeanTest, org.apache.commons.math.stat.descriptive.moment.SecondMomentTest, org.apache.commons.math.stat.descriptive.moment.SecondMomentTest, org.apache.commons.math.stat.descriptive.moment.SkewnessTest, org.apache.commons.math.stat.descriptive.moment.SkewnessTest, org.apache.commons.math.stat.descriptive.moment.StandardDeviationTest, org.apache.commons.math.stat.descriptive.moment.StandardDeviationTest, org.apache.commons.math.stat.descriptive.moment.ThirdMomentTest, org.apache.commons.math.stat.descriptive.moment.ThirdMomentTest, org.apache.commons.math.stat.descriptive.moment.VarianceTest, org.apache.commons.math.stat.descriptive.moment.VarianceTest, org.apache.commons.math.stat.descriptive.rank.MaxTest, org.apache.commons.math.stat.descriptive.rank.MaxTest, org.apache.commons.math.stat.descriptive.rank.MedianTest, org.apache.commons.math.stat.descriptive.rank.MedianTest, org.apache.commons.math.stat.descriptive.rank.MinTest, org.apache.commons.math.stat.descriptive.rank.MinTest, org.apache.commons.math.stat.descriptive.rank.PercentileTest, org.apache.commons.math.stat.descriptive.rank.PercentileTest, org.apache.commons.math.stat.descriptive.summary.ProductTest, org.apache.commons.math.stat.descriptive.summary.ProductTest, org.apache.commons.math.stat.descriptive.summary.SumLogTest, org.apache.commons.math.stat.descriptive.summary.SumLogTest, org.apache.commons.math.stat.descriptive.summary.SumSqTest, org.apache.commons.math.stat.descriptive.summary.SumSqTest, org.apache.commons.math.stat.descriptive.summary.SumTest, org.apache.commons.math.stat.descriptive.summary.SumTest, org.apache.commons.math.stat.inference.ChiSquareFactoryTest, org.apache.commons.math.stat.inference.ChiSquareFactoryTest, org.apache.commons.math.stat.inference.ChiSquareTestTest, org.apache.commons.math.stat.inference.ChiSquareTestTest, org.apache.commons.math.stat.inference.TTestFactoryTest, org.apache.commons.math.stat.inference.TTestFactoryTest, org.apache.commons.math.stat.inference.TTestTest, org.apache.commons.math.stat.inference.TTestTest, org.apache.commons.math.stat.inference.TestUtilsTest, org.apache.commons.math.stat.inference.TestUtilsTest, org.apache.commons.math.stat.regression.SimpleRegressionTest, org.apache.commons.math.stat.regression.SimpleRegressionTest, org.apache.commons.math.transform.FastCosineTransformerTest, org.apache.commons.math.transform.FastCosineTransformerTest, org.apache.commons.math.transform.FastFourierTransformerTest, org.apache.commons.math.transform.FastFourierTransformerTest, org.apache.commons.math.transform.FastSineTransformerTest, org.apache.commons.math.transform.FastSineTransformerTest, org.apache.commons.math.util.ContinuedFractionTest, org.apache.commons.math.util.ContinuedFractionTest, org.apache.commons.math.util.DefaultTransformerTest, org.apache.commons.math.util.DefaultTransformerTest, org.apache.commons.math.util.MathUtilsTest, org.apache.commons.math.util.MathUtilsTest, org.apache.commons.math.util.ResizableDoubleArrayTest, org.apache.commons.math.util.ResizableDoubleArrayTest, org.apache.commons.math.util.TransformerMapTest, org.apache.commons.math.util.TransformerMapTest], complianceLevel=3, outputFolder=., json=true}
21:41:51.983 [main] INFO  fr.inria.lille.repair.nopol.NoPol - Available processors (cores): 24
21:41:51.990 [main] INFO  fr.inria.lille.repair.nopol.NoPol - Free memory: 447 MB
21:41:51.991 [main] INFO  fr.inria.lille.repair.nopol.NoPol - Maximum memory: 3 GB
21:41:51.991 [main] INFO  fr.inria.lille.repair.nopol.NoPol - Total memory available to JVM: 483 MB
21:41:51.991 [main] INFO  fr.inria.lille.repair.nopol.NoPol - Java version: 1.8.0_181
21:41:51.992 [main] INFO  fr.inria.lille.repair.nopol.NoPol - JAVA_HOME: /usr/lib/jvm/java-1.8.0-openjdk-amd64/bin/
21:41:51.992 [main] INFO  fr.inria.lille.repair.nopol.NoPol - PATH: /usr/lib/jvm/java-1.8.0-openjdk-amd64/bin/:/usr/lib/oar/oardodo:/usr/lib/oar/oardodo:/usr/local/bin:/usr/bin:/bin:/usr/games
21:42:02.282 [pool-2-thread-1] DEBUG fr.inria.lille.repair.nopol.NoPol - statement #1
21:42:02.283 [pool-2-thread-1] DEBUG fr.inria.lille.repair.nopol.NoPol - Analysing SourceLocation org.apache.commons.math.fraction.FractionFormat:156 which is executed by 16 tests
1013737658
21:42:02.595 [pool-2-thread-1] DEBUG fr.inria.lille.repair.nopol.NoPol - statement #2
21:42:02.595 [pool-2-thread-1] DEBUG fr.inria.lille.repair.nopol.NoPol - Analysing SourceLocation org.apache.commons.math.fraction.FractionFormat:155 which is executed by 16 tests
1013737658
21:42:02.718 [pool-2-thread-1] DEBUG fr.inria.lille.repair.nopol.NoPol - looking with class fr.inria.lille.repair.nopol.spoon.smt.ConditionalAdder
21:42:02.806 [pool-4-thread-1] INFO  xxl.java.junit.TestCasesListener - Tests run finished (46 ms)
<> Total tests run: 160
<> Ignored tests: 0
<> Failed tests: 0

21:42:02.807 [pool-2-thread-1] ERROR fr.inria.lille.repair.nopol.NoPol - Error ExecutionException java.util.concurrent.ExecutionException: java.lang.RuntimeException: failingTestCasesValidated: nothing to repair, no failing test cases
21:42:02.807 [pool-2-thread-1] DEBUG fr.inria.lille.repair.nopol.NoPol - statement #3
21:42:02.807 [pool-2-thread-1] DEBUG fr.inria.lille.repair.nopol.NoPol - Analysing SourceLocation org.apache.commons.math.fraction.FractionFormat:154 which is executed by 16 tests
1013737658
21:42:02.883 [pool-2-thread-1] DEBUG fr.inria.lille.repair.nopol.NoPol - looking with class fr.inria.lille.repair.nopol.spoon.smt.ConditionalAdder
21:42:02.919 [pool-6-thread-1] INFO  xxl.java.junit.TestCasesListener - Tests run finished (27 ms)
<> Total tests run: 160
<> Ignored tests: 0
<> Failed tests: 0

21:42:02.920 [pool-2-thread-1] ERROR fr.inria.lille.repair.nopol.NoPol - Error ExecutionException java.util.concurrent.ExecutionException: java.lang.RuntimeException: failingTestCasesValidated: nothing to repair, no failing test cases
21:42:02.920 [pool-2-thread-1] DEBUG fr.inria.lille.repair.nopol.NoPol - statement #4
21:42:02.920 [pool-2-thread-1] DEBUG fr.inria.lille.repair.nopol.NoPol - Analysing SourceLocation org.apache.commons.math.fraction.FractionFormat:153 which is executed by 16 tests
1013737658
21:42:02.994 [pool-2-thread-1] DEBUG fr.inria.lille.repair.nopol.NoPol - statement #5
21:42:02.995 [pool-2-thread-1] DEBUG fr.inria.lille.repair.nopol.NoPol - Analysing SourceLocation org.apache.commons.math.fraction.FractionFormat:132 which is executed by 16 tests
1013737658
21:42:03.068 [pool-2-thread-1] DEBUG fr.inria.lille.repair.nopol.NoPol - statement #6
21:42:03.068 [pool-2-thread-1] DEBUG fr.inria.lille.repair.nopol.NoPol - Analysing SourceLocation org.apache.commons.math.fraction.FractionFormat:131 which is executed by 16 tests
1013737658
21:42:03.140 [pool-2-thread-1] DEBUG fr.inria.lille.repair.nopol.NoPol - statement #7
21:42:03.140 [pool-2-thread-1] DEBUG fr.inria.lille.repair.nopol.NoPol - Analysing SourceLocation org.apache.commons.math.fraction.FractionFormat:114 which is executed by 16 tests
1013737658
21:42:03.213 [pool-2-thread-1] DEBUG fr.inria.lille.repair.nopol.NoPol - statement #8
21:42:03.213 [pool-2-thread-1] DEBUG fr.inria.lille.repair.nopol.NoPol - Analysing SourceLocation org.apache.commons.math.fraction.FractionFormat:113 which is executed by 16 tests
1013737658
21:42:03.286 [pool-2-thread-1] DEBUG fr.inria.lille.repair.nopol.NoPol - statement #9
21:42:03.286 [pool-2-thread-1] DEBUG fr.inria.lille.repair.nopol.NoPol - Analysing SourceLocation org.apache.commons.math.fraction.ProperFractionFormat:228 which is executed by 16 tests
-1129122774
21:42:03.366 [pool-2-thread-1] DEBUG fr.inria.lille.repair.nopol.NoPol - statement #10
21:42:03.366 [pool-2-thread-1] DEBUG fr.inria.lille.repair.nopol.NoPol - Analysing SourceLocation org.apache.commons.math.fraction.ProperFractionFormat:227 which is executed by 16 tests
-1129122774
21:42:03.460 [pool-2-thread-1] DEBUG fr.inria.lille.repair.nopol.NoPol - looking with class fr.inria.lille.repair.nopol.spoon.smt.ConditionalAdder
21:42:03.496 [pool-8-thread-1] INFO  xxl.java.junit.TestCasesListener - Tests run finished (27 ms)
<> Total tests run: 160
<> Ignored tests: 0
<> Failed tests: 0

21:42:03.496 [pool-2-thread-1] ERROR fr.inria.lille.repair.nopol.NoPol - Error ExecutionException java.util.concurrent.ExecutionException: java.lang.RuntimeException: failingTestCasesValidated: nothing to repair, no failing test cases
21:42:03.496 [pool-2-thread-1] DEBUG fr.inria.lille.repair.nopol.NoPol - statement #11
21:42:03.497 [pool-2-thread-1] DEBUG fr.inria.lille.repair.nopol.NoPol - Analysing SourceLocation org.apache.commons.math.fraction.ProperFractionFormat:223 which is executed by 16 tests
-1129122774
21:42:03.564 [pool-2-thread-1] DEBUG fr.inria.lille.repair.nopol.NoPol - looking with class fr.inria.lille.repair.nopol.spoon.smt.ConditionalAdder
21:42:03.589 [pool-10-thread-1] INFO  xxl.java.junit.TestCasesListener - Tests run finished (18 ms)
<> Total tests run: 160
<> Ignored tests: 0
<> Failed tests: 0

21:42:03.590 [pool-2-thread-1] ERROR fr.inria.lille.repair.nopol.NoPol - Error ExecutionException java.util.concurrent.ExecutionException: java.lang.RuntimeException: failingTestCasesValidated: nothing to repair, no failing test cases
21:42:03.590 [pool-2-thread-1] DEBUG fr.inria.lille.repair.nopol.NoPol - looking with class fr.inria.lille.repair.nopol.spoon.smt.ConditionalReplacer
21:42:03.614 [pool-12-thread-1] INFO  xxl.java.junit.TestCasesListener - Tests run finished (17 ms)
<> Total tests run: 160
<> Ignored tests: 0
<> Failed tests: 0

21:42:03.615 [pool-2-thread-1] ERROR fr.inria.lille.repair.nopol.NoPol - Error ExecutionException java.util.concurrent.ExecutionException: java.lang.RuntimeException: failingTestCasesValidated: nothing to repair, no failing test cases
21:42:03.615 [pool-2-thread-1] DEBUG fr.inria.lille.repair.nopol.NoPol - statement #12
21:42:03.615 [pool-2-thread-1] DEBUG fr.inria.lille.repair.nopol.NoPol - Analysing SourceLocation org.apache.commons.math.fraction.FractionFormat:382 which is executed by 7 tests
1013737658
21:42:03.684 [pool-2-thread-1] DEBUG fr.inria.lille.repair.nopol.NoPol - looking with class fr.inria.lille.repair.nopol.spoon.smt.ConditionalAdder
21:42:03.706 [pool-14-thread-1] INFO  xxl.java.junit.TestCasesListener - Tests run finished (15 ms)
<> Total tests run: 80
<> Ignored tests: 0
<> Failed tests: 0

21:42:03.706 [pool-2-thread-1] ERROR fr.inria.lille.repair.nopol.NoPol - Error ExecutionException java.util.concurrent.ExecutionException: java.lang.RuntimeException: failingTestCasesValidated: nothing to repair, no failing test cases
21:42:03.706 [pool-2-thread-1] DEBUG fr.inria.lille.repair.nopol.NoPol - statement #13
21:42:03.706 [pool-2-thread-1] DEBUG fr.inria.lille.repair.nopol.NoPol - Analysing SourceLocation org.apache.commons.math.fraction.FractionFormat:278 which is executed by 7 tests
1013737658
21:42:03.781 [pool-2-thread-1] DEBUG fr.inria.lille.repair.nopol.NoPol - looking with class fr.inria.lille.repair.nopol.spoon.smt.ConditionalAdder
21:42:03.795 [pool-16-thread-1] INFO  xxl.java.junit.TestCasesListener - Tests run finished (9 ms)
<> Total tests run: 80
<> Ignored tests: 0
<> Failed tests: 0

21:42:03.795 [pool-2-thread-1] ERROR fr.inria.lille.repair.nopol.NoPol - Error ExecutionException java.util.concurrent.ExecutionException: java.lang.RuntimeException: failingTestCasesValidated: nothing to repair, no failing test cases
21:42:03.795 [pool-2-thread-1] DEBUG fr.inria.lille.repair.nopol.NoPol - statement #14
21:42:03.796 [pool-2-thread-1] DEBUG fr.inria.lille.repair.nopol.NoPol - Analysing SourceLocation org.apache.commons.math.fraction.FractionFormat:277 which is executed by 7 tests
1013737658
21:42:03.863 [pool-2-thread-1] DEBUG fr.inria.lille.repair.nopol.NoPol - statement #15
21:42:03.863 [pool-2-thread-1] DEBUG fr.inria.lille.repair.nopol.NoPol - Analysing SourceLocation org.apache.commons.math.fraction.FractionFormat:276 which is executed by 7 tests
1013737658
21:42:03.941 [pool-2-thread-1] DEBUG fr.inria.lille.repair.nopol.NoPol - statement #16
21:42:03.941 [pool-2-thread-1] DEBUG fr.inria.lille.repair.nopol.NoPol - Analysing SourceLocation org.apache.commons.math.fraction.FractionFormat:386 which is executed by 8 tests
1013737658
21:42:04.008 [pool-2-thread-1] DEBUG fr.inria.lille.repair.nopol.NoPol - statement #17
21:42:04.009 [pool-2-thread-1] DEBUG fr.inria.lille.repair.nopol.NoPol - Analysing SourceLocation org.apache.commons.math.fraction.FractionFormat:381 which is executed by 8 tests
1013737658
21:42:04.105 [pool-2-thread-1] DEBUG fr.inria.lille.repair.nopol.NoPol - looking with class fr.inria.lille.repair.nopol.spoon.smt.ConditionalAdder
21:42:04.118 [pool-18-thread-1] INFO  xxl.java.junit.TestCasesListener - Tests run finished (9 ms)
<> Total tests run: 80
<> Ignored tests: 0
<> Failed tests: 0

21:42:04.119 [pool-2-thread-1] ERROR fr.inria.lille.repair.nopol.NoPol - Error ExecutionException java.util.concurrent.ExecutionException: java.lang.RuntimeException: failingTestCasesValidated: nothing to repair, no failing test cases
21:42:04.119 [pool-2-thread-1] DEBUG fr.inria.lille.repair.nopol.NoPol - looking with class fr.inria.lille.repair.nopol.spoon.smt.ConditionalReplacer
21:42:04.131 [pool-20-thread-1] INFO  xxl.java.junit.TestCasesListener - Tests run finished (8 ms)
<> Total tests run: 80
<> Ignored tests: 0
<> Failed tests: 0

21:42:04.132 [pool-2-thread-1] ERROR fr.inria.lille.repair.nopol.NoPol - Error ExecutionException java.util.concurrent.ExecutionException: java.lang.RuntimeException: failingTestCasesValidated: nothing to repair, no failing test cases
21:42:04.132 [pool-2-thread-1] DEBUG fr.inria.lille.repair.nopol.NoPol - statement #18
21:42:04.132 [pool-2-thread-1] DEBUG fr.inria.lille.repair.nopol.NoPol - Analysing SourceLocation org.apache.commons.math.fraction.FractionFormat:379 which is executed by 8 tests
1013737658
21:42:04.204 [pool-2-thread-1] DEBUG fr.inria.lille.repair.nopol.NoPol - looking with class fr.inria.lille.repair.nopol.spoon.smt.ConditionalAdder
21:42:04.218 [pool-22-thread-1] INFO  xxl.java.junit.TestCasesListener - Tests run finished (9 ms)
<> Total tests run: 80
<> Ignored tests: 0
<> Failed tests: 0

21:42:04.219 [pool-2-thread-1] ERROR fr.inria.lille.repair.nopol.NoPol - Error ExecutionException java.util.concurrent.ExecutionException: java.lang.RuntimeException: failingTestCasesValidated: nothing to repair, no failing test cases
21:42:04.219 [pool-2-thread-1] DEBUG fr.inria.lille.repair.nopol.NoPol - statement #19
21:42:04.219 [pool-2-thread-1] DEBUG fr.inria.lille.repair.nopol.NoPol - Analysing SourceLocation org.apache.commons.math.fraction.FractionFormat:378 which is executed by 8 tests
1013737658
21:42:04.288 [pool-2-thread-1] DEBUG fr.inria.lille.repair.nopol.NoPol - statement #20
21:42:04.288 [pool-2-thread-1] DEBUG fr.inria.lille.repair.nopol.NoPol - Analysing SourceLocation org.apache.commons.math.fraction.FractionFormat:377 which is executed by 8 tests
1013737658
21:42:04.356 [pool-2-thread-1] DEBUG fr.inria.lille.repair.nopol.NoPol - looking with class fr.inria.lille.repair.nopol.spoon.smt.ConditionalAdder
21:42:04.369 [pool-24-thread-1] INFO  xxl.java.junit.TestCasesListener - Tests run finished (9 ms)
<> Total tests run: 80
<> Ignored tests: 0
<> Failed tests: 0

21:42:04.370 [pool-2-thread-1] ERROR fr.inria.lille.repair.nopol.NoPol - Error ExecutionException java.util.concurrent.ExecutionException: java.lang.RuntimeException: failingTestCasesValidated: nothing to repair, no failing test cases
21:42:04.370 [pool-2-thread-1] DEBUG fr.inria.lille.repair.nopol.NoPol - statement #21
21:42:04.370 [pool-2-thread-1] DEBUG fr.inria.lille.repair.nopol.NoPol - Analysing SourceLocation org.apache.commons.math.fraction.FractionFormat:374 which is executed by 8 tests
1013737658
21:42:04.437 [pool-2-thread-1] DEBUG fr.inria.lille.repair.nopol.NoPol - looking with class fr.inria.lille.repair.nopol.spoon.smt.ConditionalAdder
21:42:04.451 [pool-26-thread-1] INFO  xxl.java.junit.TestCasesListener - Tests run finished (9 ms)
<> Total tests run: 80
<> Ignored tests: 0
<> Failed tests: 0

21:42:04.451 [pool-2-thread-1] ERROR fr.inria.lille.repair.nopol.NoPol - Error ExecutionException java.util.concurrent.ExecutionException: java.lang.RuntimeException: failingTestCasesValidated: nothing to repair, no failing test cases
21:42:04.451 [pool-2-thread-1] DEBUG fr.inria.lille.repair.nopol.NoPol - looking with class fr.inria.lille.repair.nopol.spoon.smt.ConditionalReplacer
21:42:04.464 [pool-28-thread-1] INFO  xxl.java.junit.TestCasesListener - Tests run finished (9 ms)
<> Total tests run: 80
<> Ignored tests: 0
<> Failed tests: 0

21:42:04.464 [pool-2-thread-1] ERROR fr.inria.lille.repair.nopol.NoPol - Error ExecutionException java.util.concurrent.ExecutionException: java.lang.RuntimeException: failingTestCasesValidated: nothing to repair, no failing test cases
21:42:04.465 [pool-2-thread-1] DEBUG fr.inria.lille.repair.nopol.NoPol - statement #22
21:42:04.465 [pool-2-thread-1] DEBUG fr.inria.lille.repair.nopol.NoPol - Analysing SourceLocation org.apache.commons.math.fraction.FractionFormat:372 which is executed by 8 tests
1013737658
21:42:04.533 [pool-2-thread-1] DEBUG fr.inria.lille.repair.nopol.NoPol - statement #23
21:42:04.533 [pool-2-thread-1] DEBUG fr.inria.lille.repair.nopol.NoPol - Analysing SourceLocation org.apache.commons.math.fraction.FractionFormat:371 which is executed by 8 tests
1013737658
21:42:04.602 [pool-2-thread-1] DEBUG fr.inria.lille.repair.nopol.NoPol - statement #24
21:42:04.602 [pool-2-thread-1] DEBUG fr.inria.lille.repair.nopol.NoPol - Analysing SourceLocation org.apache.commons.math.fraction.FractionFormat:370 which is executed by 8 tests
1013737658
21:42:04.669 [pool-2-thread-1] DEBUG fr.inria.lille.repair.nopol.NoPol - statement #25
21:42:04.669 [pool-2-thread-1] DEBUG fr.inria.lille.repair.nopol.NoPol - Analysing SourceLocation org.apache.commons.math.fraction.FractionFormat:361 which is executed by 8 tests
1013737658
21:42:04.739 [pool-2-thread-1] DEBUG fr.inria.lille.repair.nopol.NoPol - statement #26
21:42:04.739 [pool-2-thread-1] DEBUG fr.inria.lille.repair.nopol.NoPol - Analysing SourceLocation org.apache.commons.math.fraction.FractionFormat:360 which is executed by 8 tests
1013737658
21:42:04.812 [pool-2-thread-1] DEBUG fr.inria.lille.repair.nopol.NoPol - looking with class fr.inria.lille.repair.nopol.spoon.smt.ConditionalAdder
21:42:04.826 [pool-30-thread-1] INFO  xxl.java.junit.TestCasesListener - Tests run finished (9 ms)
<> Total tests run: 80
<> Ignored tests: 0
<> Failed tests: 0

21:42:04.827 [pool-2-thread-1] ERROR fr.inria.lille.repair.nopol.NoPol - Error ExecutionException java.util.concurrent.ExecutionException: java.lang.RuntimeException: failingTestCasesValidated: nothing to repair, no failing test cases
21:42:04.827 [pool-2-thread-1] DEBUG fr.inria.lille.repair.nopol.NoPol - statement #27
21:42:04.827 [pool-2-thread-1] DEBUG fr.inria.lille.repair.nopol.NoPol - Analysing SourceLocation org.apache.commons.math.fraction.FractionFormat:359 which is executed by 8 tests
1013737658
21:42:04.907 [pool-2-thread-1] DEBUG fr.inria.lille.repair.nopol.NoPol - looking with class fr.inria.lille.repair.nopol.spoon.smt.ConditionalAdder
21:42:04.934 [pool-32-thread-1] INFO  xxl.java.junit.TestCasesListener - Tests run finished (22 ms)
<> Total tests run: 80
<> Ignored tests: 0
<> Failed tests: 0

21:42:04.934 [pool-2-thread-1] ERROR fr.inria.lille.repair.nopol.NoPol - Error ExecutionException java.util.concurrent.ExecutionException: java.lang.RuntimeException: failingTestCasesValidated: nothing to repair, no failing test cases
21:42:04.934 [pool-2-thread-1] DEBUG fr.inria.lille.repair.nopol.NoPol - statement #28
21:42:04.934 [pool-2-thread-1] DEBUG fr.inria.lille.repair.nopol.NoPol - Analysing SourceLocation org.apache.commons.math.fraction.FractionFormat:267 which is executed by 8 tests
1013737658
21:42:05.000 [pool-2-thread-1] DEBUG fr.inria.lille.repair.nopol.NoPol - looking with class fr.inria.lille.repair.nopol.spoon.smt.ConditionalAdder
21:42:05.013 [pool-34-thread-1] INFO  xxl.java.junit.TestCasesListener - Tests run finished (9 ms)
<> Total tests run: 80
<> Ignored tests: 0
<> Failed tests: 0

21:42:05.013 [pool-2-thread-1] ERROR fr.inria.lille.repair.nopol.NoPol - Error ExecutionException java.util.concurrent.ExecutionException: java.lang.RuntimeException: failingTestCasesValidated: nothing to repair, no failing test cases
21:42:05.014 [pool-2-thread-1] DEBUG fr.inria.lille.repair.nopol.NoPol - looking with class fr.inria.lille.repair.nopol.spoon.smt.ConditionalReplacer
21:42:05.025 [pool-36-thread-1] INFO  xxl.java.junit.TestCasesListener - Tests run finished (8 ms)
<> Total tests run: 80
<> Ignored tests: 0
<> Failed tests: 0

21:42:05.025 [pool-2-thread-1] ERROR fr.inria.lille.repair.nopol.NoPol - Error ExecutionException java.util.concurrent.ExecutionException: java.lang.RuntimeException: failingTestCasesValidated: nothing to repair, no failing test cases
21:42:05.025 [pool-2-thread-1] DEBUG fr.inria.lille.repair.nopol.NoPol - statement #29
21:42:05.026 [pool-2-thread-1] DEBUG fr.inria.lille.repair.nopol.NoPol - Analysing SourceLocation org.apache.commons.math.fraction.FractionFormat:266 which is executed by 8 tests
1013737658
21:42:05.090 [pool-2-thread-1] DEBUG fr.inria.lille.repair.nopol.NoPol - statement #30
21:42:05.091 [pool-2-thread-1] DEBUG fr.inria.lille.repair.nopol.NoPol - Analysing SourceLocation org.apache.commons.math.fraction.FractionFormat:263 which is executed by 8 tests
1013737658
21:42:05.156 [pool-2-thread-1] DEBUG fr.inria.lille.repair.nopol.NoPol - looking with class fr.inria.lille.repair.nopol.spoon.smt.ConditionalAdder
21:42:05.168 [pool-38-thread-1] INFO  xxl.java.junit.TestCasesListener - Tests run finished (8 ms)
<> Total tests run: 80
<> Ignored tests: 0
<> Failed tests: 0

21:42:05.169 [pool-2-thread-1] ERROR fr.inria.lille.repair.nopol.NoPol - Error ExecutionException java.util.concurrent.ExecutionException: java.lang.RuntimeException: failingTestCasesValidated: nothing to repair, no failing test cases
21:42:05.169 [pool-2-thread-1] DEBUG fr.inria.lille.repair.nopol.NoPol - statement #31
21:42:05.169 [pool-2-thread-1] DEBUG fr.inria.lille.repair.nopol.NoPol - Analysing SourceLocation org.apache.commons.math.fraction.FractionFormat:260 which is executed by 8 tests
1013737658
21:42:05.240 [pool-2-thread-1] DEBUG fr.inria.lille.repair.nopol.NoPol - statement #32
21:42:05.241 [pool-2-thread-1] DEBUG fr.inria.lille.repair.nopol.NoPol - Analysing SourceLocation org.apache.commons.math.fraction.FractionFormat:244 which is executed by 8 tests
1013737658
21:42:05.323 [pool-2-thread-1] DEBUG fr.inria.lille.repair.nopol.NoPol - statement #33
21:42:05.323 [pool-2-thread-1] DEBUG fr.inria.lille.repair.nopol.NoPol - Analysing SourceLocation org.apache.commons.math.fraction.FractionFormat:243 which is executed by 8 tests
1013737658
21:42:05.388 [pool-2-thread-1] DEBUG fr.inria.lille.repair.nopol.NoPol - statement #34
21:42:05.388 [pool-2-thread-1] DEBUG fr.inria.lille.repair.nopol.NoPol - Analysing SourceLocation org.apache.commons.math.fraction.ProperFractionFormat:132 which is executed by 8 tests
-1129122774
21:42:05.450 [pool-2-thread-1] DEBUG fr.inria.lille.repair.nopol.NoPol - statement #35
21:42:05.450 [pool-2-thread-1] DEBUG fr.inria.lille.repair.nopol.NoPol - Analysing SourceLocation org.apache.commons.math.fraction.FractionFormat:232 which is executed by 9 tests
1013737658
21:42:05.527 [pool-2-thread-1] DEBUG fr.inria.lille.repair.nopol.NoPol - statement #36
21:42:05.528 [pool-2-thread-1] DEBUG fr.inria.lille.repair.nopol.NoPol - Analysing SourceLocation org.apache.commons.math.fraction.FractionFormat:224 which is executed by 7 tests
1013737658
21:42:05.593 [pool-2-thread-1] DEBUG fr.inria.lille.repair.nopol.NoPol - statement #37
21:42:05.593 [pool-2-thread-1] DEBUG fr.inria.lille.repair.nopol.NoPol - Analysing SourceLocation org.apache.commons.math.fraction.FractionFormat:308 which is executed by 2 tests
1013737658
21:42:05.658 [pool-2-thread-1] DEBUG fr.inria.lille.repair.nopol.NoPol - statement #38
21:42:05.658 [pool-2-thread-1] DEBUG fr.inria.lille.repair.nopol.NoPol - Analysing SourceLocation org.apache.commons.math.fraction.ProperFractionFormat:213 which is executed by 2 tests
-1129122774
21:42:05.722 [pool-2-thread-1] DEBUG fr.inria.lille.repair.nopol.NoPol - statement #39
21:42:05.722 [pool-2-thread-1] DEBUG fr.inria.lille.repair.nopol.NoPol - Analysing SourceLocation org.apache.commons.math.fraction.ProperFractionFormat:212 which is executed by 2 tests
-1129122774
21:42:05.792 [pool-2-thread-1] DEBUG fr.inria.lille.repair.nopol.NoPol - statement #40
21:42:05.792 [pool-2-thread-1] DEBUG fr.inria.lille.repair.nopol.NoPol - Analysing SourceLocation org.apache.commons.math.fraction.ProperFractionFormat:211 which is executed by 2 tests
-1129122774
21:42:05.854 [pool-2-thread-1] DEBUG fr.inria.lille.repair.nopol.NoPol - statement #41
21:42:05.854 [pool-2-thread-1] DEBUG fr.inria.lille.repair.nopol.NoPol - Analysing SourceLocation org.apache.commons.math.fraction.ProperFractionFormat:210 which is executed by 2 tests
-1129122774
21:42:05.915 [pool-2-thread-1] DEBUG fr.inria.lille.repair.nopol.NoPol - statement #42
21:42:05.916 [pool-2-thread-1] DEBUG fr.inria.lille.repair.nopol.NoPol - Analysing SourceLocation org.apache.commons.math.fraction.FractionFormat:300 which is executed by 3 tests
1013737658
21:42:05.981 [pool-2-thread-1] DEBUG fr.inria.lille.repair.nopol.NoPol - looking with class fr.inria.lille.repair.nopol.spoon.smt.ConditionalAdder
21:42:05.989 [pool-40-thread-1] INFO  xxl.java.junit.TestCasesListener - Tests run finished (5 ms)
<> Total tests run: 32
<> Ignored tests: 0
<> Failed tests: 0

21:42:05.990 [pool-2-thread-1] ERROR fr.inria.lille.repair.nopol.NoPol - Error ExecutionException java.util.concurrent.ExecutionException: java.lang.RuntimeException: failingTestCasesValidated: nothing to repair, no failing test cases
21:42:05.990 [pool-2-thread-1] DEBUG fr.inria.lille.repair.nopol.NoPol - looking with class fr.inria.lille.repair.nopol.spoon.smt.ConditionalReplacer
21:42:05.998 [pool-42-thread-1] INFO  xxl.java.junit.TestCasesListener - Tests run finished (5 ms)
<> Total tests run: 32
<> Ignored tests: 0
<> Failed tests: 0

21:42:05.998 [pool-2-thread-1] ERROR fr.inria.lille.repair.nopol.NoPol - Error ExecutionException java.util.concurrent.ExecutionException: java.lang.RuntimeException: failingTestCasesValidated: nothing to repair, no failing test cases
21:42:05.998 [pool-2-thread-1] DEBUG fr.inria.lille.repair.nopol.NoPol - statement #43
21:42:05.998 [pool-2-thread-1] DEBUG fr.inria.lille.repair.nopol.NoPol - Analysing SourceLocation org.apache.commons.math.fraction.FractionFormat:299 which is executed by 3 tests
1013737658
21:42:06.063 [pool-2-thread-1] DEBUG fr.inria.lille.repair.nopol.NoPol - statement #44
21:42:06.064 [pool-2-thread-1] DEBUG fr.inria.lille.repair.nopol.NoPol - Analysing SourceLocation org.apache.commons.math.fraction.FractionFormat:296 which is executed by 3 tests
1013737658
21:42:06.128 [pool-2-thread-1] DEBUG fr.inria.lille.repair.nopol.NoPol - looking with class fr.inria.lille.repair.nopol.spoon.smt.ConditionalAdder
21:42:06.137 [pool-44-thread-1] INFO  xxl.java.junit.TestCasesListener - Tests run finished (5 ms)
<> Total tests run: 32
<> Ignored tests: 0
<> Failed tests: 0

21:42:06.137 [pool-2-thread-1] ERROR fr.inria.lille.repair.nopol.NoPol - Error ExecutionException java.util.concurrent.ExecutionException: java.lang.RuntimeException: failingTestCasesValidated: nothing to repair, no failing test cases
21:42:06.137 [pool-2-thread-1] DEBUG fr.inria.lille.repair.nopol.NoPol - statement #45
21:42:06.137 [pool-2-thread-1] DEBUG fr.inria.lille.repair.nopol.NoPol - Analysing SourceLocation org.apache.commons.math.fraction.FractionFormat:285 which is executed by 3 tests
1013737658
21:42:06.202 [pool-2-thread-1] DEBUG fr.inria.lille.repair.nopol.NoPol - looking with class fr.inria.lille.repair.nopol.spoon.smt.ConditionalAdder
21:42:06.211 [pool-46-thread-1] INFO  xxl.java.junit.TestCasesListener - Tests run finished (5 ms)
<> Total tests run: 32
<> Ignored tests: 0
<> Failed tests: 0

21:42:06.211 [pool-2-thread-1] ERROR fr.inria.lille.repair.nopol.NoPol - Error ExecutionException java.util.concurrent.ExecutionException: java.lang.RuntimeException: failingTestCasesValidated: nothing to repair, no failing test cases
21:42:06.211 [pool-2-thread-1] DEBUG fr.inria.lille.repair.nopol.NoPol - statement #46
21:42:06.211 [pool-2-thread-1] DEBUG fr.inria.lille.repair.nopol.NoPol - Analysing SourceLocation org.apache.commons.math.fraction.FractionFormat:292 which is executed by 3 tests
1013737658
21:42:06.275 [pool-2-thread-1] DEBUG fr.inria.lille.repair.nopol.NoPol - statement #47
21:42:06.276 [pool-2-thread-1] DEBUG fr.inria.lille.repair.nopol.NoPol - Analysing SourceLocation org.apache.commons.math.fraction.FractionFormat:291 which is executed by 3 tests
1013737658
21:42:06.340 [pool-2-thread-1] DEBUG fr.inria.lille.repair.nopol.NoPol - looking with class fr.inria.lille.repair.nopol.spoon.smt.ConditionalAdder
21:42:06.348 [pool-48-thread-1] INFO  xxl.java.junit.TestCasesListener - Tests run finished (5 ms)
<> Total tests run: 32
<> Ignored tests: 0
<> Failed tests: 0

21:42:06.349 [pool-2-thread-1] ERROR fr.inria.lille.repair.nopol.NoPol - Error ExecutionException java.util.concurrent.ExecutionException: java.lang.RuntimeException: failingTestCasesValidated: nothing to repair, no failing test cases
21:42:06.349 [pool-2-thread-1] DEBUG fr.inria.lille.repair.nopol.NoPol - statement #48
21:42:06.349 [pool-2-thread-1] DEBUG fr.inria.lille.repair.nopol.NoPol - Analysing SourceLocation org.apache.commons.math.fraction.FractionFormat:290 which is executed by 3 tests
1013737658
21:42:06.414 [pool-2-thread-1] DEBUG fr.inria.lille.repair.nopol.NoPol - looking with class fr.inria.lille.repair.nopol.spoon.smt.ConditionalAdder
21:42:06.421 [pool-50-thread-1] INFO  xxl.java.junit.TestCasesListener - Tests run finished (5 ms)
<> Total tests run: 32
<> Ignored tests: 0
<> Failed tests: 0

21:42:06.422 [pool-2-thread-1] ERROR fr.inria.lille.repair.nopol.NoPol - Error ExecutionException java.util.concurrent.ExecutionException: java.lang.RuntimeException: failingTestCasesValidated: nothing to repair, no failing test cases
21:42:06.422 [pool-2-thread-1] DEBUG fr.inria.lille.repair.nopol.NoPol - statement #49
21:42:06.422 [pool-2-thread-1] DEBUG fr.inria.lille.repair.nopol.NoPol - Analysing SourceLocation org.apache.commons.math.fraction.ProperFractionFormat:204 which is executed by 3 tests
-1129122774
21:42:06.483 [pool-2-thread-1] DEBUG fr.inria.lille.repair.nopol.NoPol - looking with class fr.inria.lille.repair.nopol.spoon.smt.ConditionalAdder
21:42:06.491 [pool-52-thread-1] INFO  xxl.java.junit.TestCasesListener - Tests run finished (5 ms)
<> Total tests run: 32
<> Ignored tests: 0
<> Failed tests: 0

21:42:06.491 [pool-2-thread-1] ERROR fr.inria.lille.repair.nopol.NoPol - Error ExecutionException java.util.concurrent.ExecutionException: java.lang.RuntimeException: failingTestCasesValidated: nothing to repair, no failing test cases
21:42:06.491 [pool-2-thread-1] DEBUG fr.inria.lille.repair.nopol.NoPol - looking with class fr.inria.lille.repair.nopol.spoon.smt.ConditionalReplacer
21:42:06.499 [pool-54-thread-1] INFO  xxl.java.junit.TestCasesListener - Tests run finished (5 ms)
<> Total tests run: 32
<> Ignored tests: 0
<> Failed tests: 0

21:42:06.499 [pool-2-thread-1] ERROR fr.inria.lille.repair.nopol.NoPol - Error ExecutionException java.util.concurrent.ExecutionException: java.lang.RuntimeException: failingTestCasesValidated: nothing to repair, no failing test cases
21:42:06.499 [pool-2-thread-1] DEBUG fr.inria.lille.repair.nopol.NoPol - statement #50
21:42:06.499 [pool-2-thread-1] DEBUG fr.inria.lille.repair.nopol.NoPol - Analysing SourceLocation org.apache.commons.math.fraction.ProperFractionFormat:196 which is executed by 3 tests
-1129122774
21:42:06.561 [pool-2-thread-1] DEBUG fr.inria.lille.repair.nopol.NoPol - looking with class fr.inria.lille.repair.nopol.spoon.smt.ConditionalAdder
21:42:06.570 [pool-56-thread-1] INFO  xxl.java.junit.TestCasesListener - Tests run finished (6 ms)
<> Total tests run: 32
<> Ignored tests: 0
<> Failed tests: 0

21:42:06.570 [pool-2-thread-1] ERROR fr.inria.lille.repair.nopol.NoPol - Error ExecutionException java.util.concurrent.ExecutionException: java.lang.RuntimeException: failingTestCasesValidated: nothing to repair, no failing test cases
21:42:06.570 [pool-2-thread-1] DEBUG fr.inria.lille.repair.nopol.NoPol - looking with class fr.inria.lille.repair.nopol.spoon.smt.ConditionalReplacer
21:42:06.580 [pool-58-thread-1] INFO  xxl.java.junit.TestCasesListener - Tests run finished (5 ms)
<> Total tests run: 32
<> Ignored tests: 0
<> Failed tests: 0

21:42:06.580 [pool-2-thread-1] ERROR fr.inria.lille.repair.nopol.NoPol - Error ExecutionException java.util.concurrent.ExecutionException: java.lang.RuntimeException: failingTestCasesValidated: nothing to repair, no failing test cases
21:42:06.580 [pool-2-thread-1] DEBUG fr.inria.lille.repair.nopol.NoPol - statement #51
21:42:06.580 [pool-2-thread-1] DEBUG fr.inria.lille.repair.nopol.NoPol - Analysing SourceLocation org.apache.commons.math.fraction.ProperFractionFormat:195 which is executed by 3 tests
-1129122774
21:42:06.643 [pool-2-thread-1] DEBUG fr.inria.lille.repair.nopol.NoPol - statement #52
21:42:06.643 [pool-2-thread-1] DEBUG fr.inria.lille.repair.nopol.NoPol - Analysing SourceLocation org.apache.commons.math.fraction.ProperFractionFormat:192 which is executed by 3 tests
-1129122774
21:42:06.717 [pool-2-thread-1] DEBUG fr.inria.lille.repair.nopol.NoPol - looking with class fr.inria.lille.repair.nopol.spoon.smt.ConditionalAdder
21:42:06.725 [pool-60-thread-1] INFO  xxl.java.junit.TestCasesListener - Tests run finished (5 ms)
<> Total tests run: 32
<> Ignored tests: 0
<> Failed tests: 0

21:42:06.726 [pool-2-thread-1] ERROR fr.inria.lille.repair.nopol.NoPol - Error ExecutionException java.util.concurrent.ExecutionException: java.lang.RuntimeException: failingTestCasesValidated: nothing to repair, no failing test cases
21:42:06.726 [pool-2-thread-1] DEBUG fr.inria.lille.repair.nopol.NoPol - statement #53
21:42:06.726 [pool-2-thread-1] DEBUG fr.inria.lille.repair.nopol.NoPol - Analysing SourceLocation org.apache.commons.math.fraction.ProperFractionFormat:181 which is executed by 3 tests
-1129122774
21:42:06.801 [pool-2-thread-1] DEBUG fr.inria.lille.repair.nopol.NoPol - looking with class fr.inria.lille.repair.nopol.spoon.smt.ConditionalAdder
21:42:06.810 [pool-62-thread-1] INFO  xxl.java.junit.TestCasesListener - Tests run finished (5 ms)
<> Total tests run: 32
<> Ignored tests: 0
<> Failed tests: 0

21:42:06.811 [pool-2-thread-1] ERROR fr.inria.lille.repair.nopol.NoPol - Error ExecutionException java.util.concurrent.ExecutionException: java.lang.RuntimeException: failingTestCasesValidated: nothing to repair, no failing test cases
21:42:06.811 [pool-2-thread-1] DEBUG fr.inria.lille.repair.nopol.NoPol - statement #54
21:42:06.811 [pool-2-thread-1] DEBUG fr.inria.lille.repair.nopol.NoPol - Analysing SourceLocation org.apache.commons.math.fraction.ProperFractionFormat:174 which is executed by 3 tests
-1129122774
21:42:06.886 [pool-2-thread-1] DEBUG fr.inria.lille.repair.nopol.NoPol - looking with class fr.inria.lille.repair.nopol.spoon.smt.ConditionalAdder
21:42:06.902 [pool-64-thread-1] INFO  xxl.java.junit.TestCasesListener - Tests run finished (5 ms)
<> Total tests run: 32
<> Ignored tests: 0
<> Failed tests: 0

21:42:06.903 [pool-2-thread-1] ERROR fr.inria.lille.repair.nopol.NoPol - Error ExecutionException java.util.concurrent.ExecutionException: java.lang.RuntimeException: failingTestCasesValidated: nothing to repair, no failing test cases
21:42:06.903 [pool-2-thread-1] DEBUG fr.inria.lille.repair.nopol.NoPol - statement #55
21:42:06.903 [pool-2-thread-1] DEBUG fr.inria.lille.repair.nopol.NoPol - Analysing SourceLocation org.apache.commons.math.fraction.ProperFractionFormat:173 which is executed by 3 tests
-1129122774
21:42:06.965 [pool-2-thread-1] DEBUG fr.inria.lille.repair.nopol.NoPol - statement #56
21:42:06.965 [pool-2-thread-1] DEBUG fr.inria.lille.repair.nopol.NoPol - Analysing SourceLocation org.apache.commons.math.fraction.ProperFractionFormat:172 which is executed by 3 tests
-1129122774
21:42:07.026 [pool-2-thread-1] DEBUG fr.inria.lille.repair.nopol.NoPol - statement #57
21:42:07.026 [pool-2-thread-1] DEBUG fr.inria.lille.repair.nopol.NoPol - Analysing SourceLocation org.apache.commons.math.fraction.ProperFractionFormat:165 which is executed by 3 tests
-1129122774
21:42:07.088 [pool-2-thread-1] DEBUG fr.inria.lille.repair.nopol.NoPol - looking with class fr.inria.lille.repair.nopol.spoon.smt.ConditionalAdder
21:42:07.097 [pool-66-thread-1] INFO  xxl.java.junit.TestCasesListener - Tests run finished (5 ms)
<> Total tests run: 32
<> Ignored tests: 0
<> Failed tests: 0

21:42:07.097 [pool-2-thread-1] ERROR fr.inria.lille.repair.nopol.NoPol - Error ExecutionException java.util.concurrent.ExecutionException: java.lang.RuntimeException: failingTestCasesValidated: nothing to repair, no failing test cases
21:42:07.097 [pool-2-thread-1] DEBUG fr.inria.lille.repair.nopol.NoPol - looking with class fr.inria.lille.repair.nopol.spoon.smt.ConditionalReplacer
21:42:07.105 [pool-68-thread-1] INFO  xxl.java.junit.TestCasesListener - Tests run finished (4 ms)
<> Total tests run: 32
<> Ignored tests: 0
<> Failed tests: 0

21:42:07.105 [pool-2-thread-1] ERROR fr.inria.lille.repair.nopol.NoPol - Error ExecutionException java.util.concurrent.ExecutionException: java.lang.RuntimeException: failingTestCasesValidated: nothing to repair, no failing test cases
21:42:07.105 [pool-2-thread-1] DEBUG fr.inria.lille.repair.nopol.NoPol - statement #58
21:42:07.105 [pool-2-thread-1] DEBUG fr.inria.lille.repair.nopol.NoPol - Analysing SourceLocation org.apache.commons.math.fraction.FractionFormat:282 which is executed by 1 tests
1013737658
21:42:07.169 [pool-2-thread-1] DEBUG fr.inria.lille.repair.nopol.NoPol - statement #59
21:42:07.169 [pool-2-thread-1] DEBUG fr.inria.lille.repair.nopol.NoPol - Analysing SourceLocation org.apache.commons.math.fraction.ProperFractionFormat:157 which is executed by 4 tests
-1129122774
21:42:07.231 [pool-2-thread-1] DEBUG fr.inria.lille.repair.nopol.NoPol - looking with class fr.inria.lille.repair.nopol.spoon.smt.ConditionalAdder
21:42:07.239 [pool-70-thread-1] INFO  xxl.java.junit.TestCasesListener - Tests run finished (6 ms)
<> Total tests run: 32
<> Ignored tests: 0
<> Failed tests: 0

21:42:07.239 [pool-2-thread-1] ERROR fr.inria.lille.repair.nopol.NoPol - Error ExecutionException java.util.concurrent.ExecutionException: java.lang.RuntimeException: failingTestCasesValidated: nothing to repair, no failing test cases
21:42:07.239 [pool-2-thread-1] DEBUG fr.inria.lille.repair.nopol.NoPol - looking with class fr.inria.lille.repair.nopol.spoon.smt.ConditionalReplacer
21:42:07.249 [pool-72-thread-1] INFO  xxl.java.junit.TestCasesListener - Tests run finished (7 ms)
<> Total tests run: 32
<> Ignored tests: 0
<> Failed tests: 0

21:42:07.249 [pool-2-thread-1] ERROR fr.inria.lille.repair.nopol.NoPol - Error ExecutionException java.util.concurrent.ExecutionException: java.lang.RuntimeException: failingTestCasesValidated: nothing to repair, no failing test cases
21:42:07.249 [pool-2-thread-1] DEBUG fr.inria.lille.repair.nopol.NoPol - statement #60
21:42:07.249 [pool-2-thread-1] DEBUG fr.inria.lille.repair.nopol.NoPol - Analysing SourceLocation org.apache.commons.math.fraction.ProperFractionFormat:156 which is executed by 4 tests
-1129122774
21:42:07.310 [pool-2-thread-1] DEBUG fr.inria.lille.repair.nopol.NoPol - statement #61
21:42:07.310 [pool-2-thread-1] DEBUG fr.inria.lille.repair.nopol.NoPol - Analysing SourceLocation org.apache.commons.math.fraction.ProperFractionFormat:153 which is executed by 4 tests
-1129122774
21:42:07.371 [pool-2-thread-1] DEBUG fr.inria.lille.repair.nopol.NoPol - looking with class fr.inria.lille.repair.nopol.spoon.smt.ConditionalAdder
21:42:07.379 [pool-74-thread-1] INFO  xxl.java.junit.TestCasesListener - Tests run finished (5 ms)
<> Total tests run: 32
<> Ignored tests: 0
<> Failed tests: 0

21:42:07.379 [pool-2-thread-1] ERROR fr.inria.lille.repair.nopol.NoPol - Error ExecutionException java.util.concurrent.ExecutionException: java.lang.RuntimeException: failingTestCasesValidated: nothing to repair, no failing test cases
21:42:07.379 [pool-2-thread-1] DEBUG fr.inria.lille.repair.nopol.NoPol - statement #62
21:42:07.379 [pool-2-thread-1] DEBUG fr.inria.lille.repair.nopol.NoPol - Analysing SourceLocation org.apache.commons.math.fraction.ProperFractionFormat:144 which is executed by 5 tests
-1129122774
21:42:07.441 [pool-2-thread-1] DEBUG fr.inria.lille.repair.nopol.NoPol - looking with class fr.inria.lille.repair.nopol.spoon.smt.ConditionalAdder
21:42:07.449 [pool-76-thread-1] INFO  xxl.java.junit.TestCasesListener - Tests run finished (5 ms)
<> Total tests run: 32
<> Ignored tests: 0
<> Failed tests: 0

21:42:07.449 [pool-2-thread-1] ERROR fr.inria.lille.repair.nopol.NoPol - Error ExecutionException java.util.concurrent.ExecutionException: java.lang.RuntimeException: failingTestCasesValidated: nothing to repair, no failing test cases
21:42:07.449 [pool-2-thread-1] DEBUG fr.inria.lille.repair.nopol.NoPol - looking with class fr.inria.lille.repair.nopol.spoon.smt.ConditionalReplacer
21:42:07.456 [pool-78-thread-1] INFO  xxl.java.junit.TestCasesListener - Tests run finished (4 ms)
<> Total tests run: 32
<> Ignored tests: 0
<> Failed tests: 0

21:42:07.457 [pool-2-thread-1] ERROR fr.inria.lille.repair.nopol.NoPol - Error ExecutionException java.util.concurrent.ExecutionException: java.lang.RuntimeException: failingTestCasesValidated: nothing to repair, no failing test cases
21:42:07.457 [pool-2-thread-1] DEBUG fr.inria.lille.repair.nopol.NoPol - statement #63
21:42:07.457 [pool-2-thread-1] DEBUG fr.inria.lille.repair.nopol.NoPol - Analysing SourceLocation org.apache.commons.math.fraction.ProperFractionFormat:143 which is executed by 5 tests
-1129122774
21:42:07.518 [pool-2-thread-1] DEBUG fr.inria.lille.repair.nopol.NoPol - statement #64
21:42:07.518 [pool-2-thread-1] DEBUG fr.inria.lille.repair.nopol.NoPol - Analysing SourceLocation org.apache.commons.math.fraction.ProperFractionFormat:140 which is executed by 5 tests
-1129122774
21:42:07.580 [pool-2-thread-1] DEBUG fr.inria.lille.repair.nopol.NoPol - looking with class fr.inria.lille.repair.nopol.spoon.smt.ConditionalAdder
21:42:07.588 [pool-80-thread-1] INFO  xxl.java.junit.TestCasesListener - Tests run finished (5 ms)
<> Total tests run: 32
<> Ignored tests: 0
<> Failed tests: 0

21:42:07.588 [pool-2-thread-1] ERROR fr.inria.lille.repair.nopol.NoPol - Error ExecutionException java.util.concurrent.ExecutionException: java.lang.RuntimeException: failingTestCasesValidated: nothing to repair, no failing test cases
21:42:07.588 [pool-2-thread-1] DEBUG fr.inria.lille.repair.nopol.NoPol - statement #65
21:42:07.589 [pool-2-thread-1] DEBUG fr.inria.lille.repair.nopol.NoPol - Analysing SourceLocation org.apache.commons.math.fraction.ProperFractionFormat:137 which is executed by 5 tests
-1129122774
21:42:07.649 [pool-2-thread-1] DEBUG fr.inria.lille.repair.nopol.NoPol - statement #66
21:42:07.649 [pool-2-thread-1] DEBUG fr.inria.lille.repair.nopol.NoPol - Analysing SourceLocation org.apache.commons.math.fraction.ProperFractionFormat:133 which is executed by 5 tests
-1129122774
21:42:07.709 [pool-2-thread-1] DEBUG fr.inria.lille.repair.nopol.NoPol - looking with class fr.inria.lille.repair.nopol.spoon.smt.ConditionalAdder
21:42:07.718 [pool-82-thread-1] INFO  xxl.java.junit.TestCasesListener - Tests run finished (5 ms)
<> Total tests run: 32
<> Ignored tests: 0
<> Failed tests: 0

21:42:07.718 [pool-2-thread-1] ERROR fr.inria.lille.repair.nopol.NoPol - Error ExecutionException java.util.concurrent.ExecutionException: java.lang.RuntimeException: failingTestCasesValidated: nothing to repair, no failing test cases
21:42:07.718 [pool-2-thread-1] DEBUG fr.inria.lille.repair.nopol.NoPol - looking with class fr.inria.lille.repair.nopol.spoon.smt.ConditionalReplacer
21:42:07.725 [pool-84-thread-1] INFO  xxl.java.junit.TestCasesListener - Tests run finished (5 ms)
<> Total tests run: 32
<> Ignored tests: 0
<> Failed tests: 0

21:42:07.725 [pool-2-thread-1] ERROR fr.inria.lille.repair.nopol.NoPol - Error ExecutionException java.util.concurrent.ExecutionException: java.lang.RuntimeException: failingTestCasesValidated: nothing to repair, no failing test cases
21:42:07.725 [pool-2-thread-1] DEBUG fr.inria.lille.repair.nopol.NoPol - statement #67
21:42:07.725 [pool-2-thread-1] DEBUG fr.inria.lille.repair.nopol.NoPol - Analysing SourceLocation org.apache.commons.math.fraction.ProperFractionFormat:115 which is executed by 6 tests
-1129122774
21:42:07.788 [pool-2-thread-1] DEBUG fr.inria.lille.repair.nopol.NoPol - statement #68
21:42:07.788 [pool-2-thread-1] DEBUG fr.inria.lille.repair.nopol.NoPol - Analysing SourceLocation org.apache.commons.math.stat.regression.SimpleRegression:264 which is executed by 9 tests
1254153140
21:42:07.852 [pool-2-thread-1] DEBUG fr.inria.lille.repair.nopol.NoPol - statement #69
21:42:07.852 [pool-2-thread-1] DEBUG fr.inria.lille.repair.nopol.NoPol - Analysing SourceLocation org.apache.commons.math.stat.regression.SimpleRegression:121 which is executed by 9 tests
1254153140
21:42:07.915 [pool-2-thread-1] DEBUG fr.inria.lille.repair.nopol.NoPol - statement #70
21:42:07.916 [pool-2-thread-1] DEBUG fr.inria.lille.repair.nopol.NoPol - Analysing SourceLocation org.apache.commons.math.stat.regression.SimpleRegression:120 which is executed by 9 tests
1254153140
21:42:07.978 [pool-2-thread-1] DEBUG fr.inria.lille.repair.nopol.NoPol - looking with class fr.inria.lille.repair.nopol.spoon.smt.ConditionalAdder
junit.framework.AssertionFailedError
    at junit.framework.Assert.fail(Assert.java:55)
    at junit.framework.Assert.assertTrue(Assert.java:22)
    at junit.framework.Assert.assertTrue(Assert.java:31)
    at junit.framework.TestCase.assertTrue(TestCase.java:201)
    at org.apache.commons.math.stat.regression.SimpleRegressionTest.testSSENonNegative(SimpleRegressionTest.java:275)
    at sun.reflect.NativeMethodAccessorImpl.invoke0(Native Method)
21:42:07.998 [pool-86-thread-1] INFO  xxl.java.junit.TestCasesListener - Tests run finished (17 ms)
<> Total tests run: 9
<> Ignored tests: 0
<> Failed tests: 1
~ testSSENonNegative(org.apache.commons.math.stat.regression.SimpleRegressionTest)
[null]
junit.framework.AssertionFailedError    at junit.framework.Assert.fail(Assert.java:55)
    at junit.framework.Assert.assertTrue(Assert.java:22)
    at junit.framework.Assert.assertTrue(Assert.java:31)
    at junit.framework.TestCase.assertTrue(TestCase.java:201)
    at org.apache.commons.math.stat.regression.SimpleRegressionTest.testSSENonNegative(SimpleRegressionTest.java:275)
    at sun.reflect.NativeMethodAccessorImpl.invoke0(Native Method)

junit.framework.AssertionFailedError
    at junit.framework.Assert.fail(Assert.java:55)
    at junit.framework.Assert.assertTrue(Assert.java:22)
    at junit.framework.Assert.assertTrue(Assert.java:31)
    at junit.framework.TestCase.assertTrue(TestCase.java:201)
    at org.apache.commons.math.stat.regression.SimpleRegressionTest.testSSENonNegative(SimpleRegressionTest.java:275)
    at sun.reflect.NativeMethodAccessorImpl.invoke0(Native Method)
21:42:08.789 [pool-87-thread-1] INFO  f.i.l.c.t.SpecificationTestCasesListener - Tests run finished (4 ms)
<> Total tests run: 1
<> Ignored tests: 0
<> Failed tests: 1
~ testSSENonNegative(org.apache.commons.math.stat.regression.SimpleRegressionTest)
[null]
junit.framework.AssertionFailedError    at junit.framework.Assert.fail(Assert.java:55)
    at junit.framework.Assert.assertTrue(Assert.java:22)
    at junit.framework.Assert.assertTrue(Assert.java:31)
    at junit.framework.TestCase.assertTrue(TestCase.java:201)
    at org.apache.commons.math.stat.regression.SimpleRegressionTest.testSSENonNegative(SimpleRegressionTest.java:275)
    at sun.reflect.NativeMethodAccessorImpl.invoke0(Native Method)

junit.framework.AssertionFailedError
    at junit.framework.Assert.fail(Assert.java:55)
    at junit.framework.Assert.assertTrue(Assert.java:22)
    at junit.framework.Assert.assertTrue(Assert.java:31)
    at junit.framework.TestCase.assertTrue(TestCase.java:201)
    at org.apache.commons.math.stat.regression.SimpleRegressionTest.testSSENonNegative(SimpleRegressionTest.java:275)
    at sun.reflect.NativeMethodAccessorImpl.invoke0(Native Method)
21:42:08.792 [pool-88-thread-1] INFO  f.i.l.c.t.SpecificationTestCasesListener - Tests run finished (1 ms)
<> Total tests run: 1
<> Ignored tests: 0
<> Failed tests: 1
~ testSSENonNegative(org.apache.commons.math.stat.regression.SimpleRegressionTest)
[null]
junit.framework.AssertionFailedError    at junit.framework.Assert.fail(Assert.java:55)
    at junit.framework.Assert.assertTrue(Assert.java:22)
    at junit.framework.Assert.assertTrue(Assert.java:31)
    at junit.framework.TestCase.assertTrue(TestCase.java:201)
    at org.apache.commons.math.stat.regression.SimpleRegressionTest.testSSENonNegative(SimpleRegressionTest.java:275)
    at sun.reflect.NativeMethodAccessorImpl.invoke0(Native Method)

21:42:08.793 [pool-85-thread-1] DEBUG tests.output - Failing tests with false: 
[testSSENonNegative(org.apache.commons.math.stat.regression.SimpleRegressionTest): null]
21:42:08.793 [pool-85-thread-1] DEBUG tests.output - Failing tests with true: 
[testSSENonNegative(org.apache.commons.math.stat.regression.SimpleRegressionTest): null]
21:42:08.793 [pool-85-thread-1] INFO  f.i.l.r.n.synth.SMTNopolSynthesizer - Not enough specifications: 0. A trivial patch is "true" or "false", please write new tests specifying SourceLocation org.apache.commons.math.stat.regression.SimpleRegression:120.
21:42:08.793 [pool-2-thread-1] DEBUG fr.inria.lille.repair.nopol.NoPol - statement #71
21:42:08.793 [pool-2-thread-1] DEBUG fr.inria.lille.repair.nopol.NoPol - Analysing SourceLocation org.apache.commons.math.stat.regression.SimpleRegression:119 which is executed by 9 tests
1254153140
21:42:08.866 [pool-2-thread-1] DEBUG fr.inria.lille.repair.nopol.NoPol - looking with class fr.inria.lille.repair.nopol.spoon.smt.ConditionalAdder
junit.framework.AssertionFailedError
    at junit.framework.Assert.fail(Assert.java:55)
    at junit.framework.Assert.assertTrue(Assert.java:22)
    at junit.framework.Assert.assertTrue(Assert.java:31)
    at junit.framework.TestCase.assertTrue(TestCase.java:201)
    at org.apache.commons.math.stat.regression.SimpleRegressionTest.testSSENonNegative(SimpleRegressionTest.java:275)
    at sun.reflect.NativeMethodAccessorImpl.invoke0(Native Method)
21:42:08.885 [pool-90-thread-1] INFO  xxl.java.junit.TestCasesListener - Tests run finished (16 ms)
<> Total tests run: 9
<> Ignored tests: 0
<> Failed tests: 1
~ testSSENonNegative(org.apache.commons.math.stat.regression.SimpleRegressionTest)
[null]
junit.framework.AssertionFailedError    at junit.framework.Assert.fail(Assert.java:55)
    at junit.framework.Assert.assertTrue(Assert.java:22)
    at junit.framework.Assert.assertTrue(Assert.java:31)
    at junit.framework.TestCase.assertTrue(TestCase.java:201)
    at org.apache.commons.math.stat.regression.SimpleRegressionTest.testSSENonNegative(SimpleRegressionTest.java:275)
    at sun.reflect.NativeMethodAccessorImpl.invoke0(Native Method)

junit.framework.AssertionFailedError
    at junit.framework.Assert.fail(Assert.java:55)
    at junit.framework.Assert.assertTrue(Assert.java:22)
    at junit.framework.Assert.assertTrue(Assert.java:31)
    at junit.framework.TestCase.assertTrue(TestCase.java:201)
    at org.apache.commons.math.stat.regression.SimpleRegressionTest.testSSENonNegative(SimpleRegressionTest.java:275)
    at sun.reflect.NativeMethodAccessorImpl.invoke0(Native Method)
21:42:09.045 [pool-91-thread-1] INFO  f.i.l.c.t.SpecificationTestCasesListener - Tests run finished (2 ms)
<> Total tests run: 1
<> Ignored tests: 0
<> Failed tests: 1
~ testSSENonNegative(org.apache.commons.math.stat.regression.SimpleRegressionTest)
[null]
junit.framework.AssertionFailedError    at junit.framework.Assert.fail(Assert.java:55)
    at junit.framework.Assert.assertTrue(Assert.java:22)
    at junit.framework.Assert.assertTrue(Assert.java:31)
    at junit.framework.TestCase.assertTrue(TestCase.java:201)
    at org.apache.commons.math.stat.regression.SimpleRegressionTest.testSSENonNegative(SimpleRegressionTest.java:275)
    at sun.reflect.NativeMethodAccessorImpl.invoke0(Native Method)

junit.framework.AssertionFailedError
    at junit.framework.Assert.fail(Assert.java:55)
    at junit.framework.Assert.assertTrue(Assert.java:22)
    at junit.framework.Assert.assertTrue(Assert.java:31)
    at junit.framework.TestCase.assertTrue(TestCase.java:201)
    at org.apache.commons.math.stat.regression.SimpleRegressionTest.testSSENonNegative(SimpleRegressionTest.java:275)
    at sun.reflect.NativeMethodAccessorImpl.invoke0(Native Method)
21:42:09.047 [pool-92-thread-1] INFO  f.i.l.c.t.SpecificationTestCasesListener - Tests run finished (1 ms)
<> Total tests run: 1
<> Ignored tests: 0
<> Failed tests: 1
~ testSSENonNegative(org.apache.commons.math.stat.regression.SimpleRegressionTest)
[null]
junit.framework.AssertionFailedError    at junit.framework.Assert.fail(Assert.java:55)
    at junit.framework.Assert.assertTrue(Assert.java:22)
    at junit.framework.Assert.assertTrue(Assert.java:31)
    at junit.framework.TestCase.assertTrue(TestCase.java:201)
    at org.apache.commons.math.stat.regression.SimpleRegressionTest.testSSENonNegative(SimpleRegressionTest.java:275)
    at sun.reflect.NativeMethodAccessorImpl.invoke0(Native Method)

21:42:09.047 [pool-89-thread-1] DEBUG tests.output - Failing tests with false: 
[testSSENonNegative(org.apache.commons.math.stat.regression.SimpleRegressionTest): null]
21:42:09.047 [pool-89-thread-1] DEBUG tests.output - Failing tests with true: 
[testSSENonNegative(org.apache.commons.math.stat.regression.SimpleRegressionTest): null]
21:42:09.047 [pool-89-thread-1] INFO  f.i.l.r.n.synth.SMTNopolSynthesizer - Not enough specifications: 0. A trivial patch is "true" or "false", please write new tests specifying SourceLocation org.apache.commons.math.stat.regression.SimpleRegression:119.
21:42:09.047 [pool-2-thread-1] DEBUG fr.inria.lille.repair.nopol.NoPol - statement #72
21:42:09.047 [pool-2-thread-1] DEBUG fr.inria.lille.repair.nopol.NoPol - Analysing SourceLocation org.apache.commons.math.stat.regression.SimpleRegression:118 which is executed by 9 tests
1254153140
21:42:09.111 [pool-2-thread-1] DEBUG fr.inria.lille.repair.nopol.NoPol - looking with class fr.inria.lille.repair.nopol.spoon.smt.ConditionalAdder
junit.framework.AssertionFailedError
    at junit.framework.Assert.fail(Assert.java:55)
    at junit.framework.Assert.assertTrue(Assert.java:22)
    at junit.framework.Assert.assertTrue(Assert.java:31)
    at junit.framework.TestCase.assertTrue(TestCase.java:201)
    at org.apache.commons.math.stat.regression.SimpleRegressionTest.testSSENonNegative(SimpleRegressionTest.java:275)
    at sun.reflect.NativeMethodAccessorImpl.invoke0(Native Method)
21:42:09.129 [pool-94-thread-1] INFO  xxl.java.junit.TestCasesListener - Tests run finished (15 ms)
<> Total tests run: 9
<> Ignored tests: 0
<> Failed tests: 1
~ testSSENonNegative(org.apache.commons.math.stat.regression.SimpleRegressionTest)
[null]
junit.framework.AssertionFailedError    at junit.framework.Assert.fail(Assert.java:55)
    at junit.framework.Assert.assertTrue(Assert.java:22)
    at junit.framework.Assert.assertTrue(Assert.java:31)
    at junit.framework.TestCase.assertTrue(TestCase.java:201)
    at org.apache.commons.math.stat.regression.SimpleRegressionTest.testSSENonNegative(SimpleRegressionTest.java:275)
    at sun.reflect.NativeMethodAccessorImpl.invoke0(Native Method)

junit.framework.AssertionFailedError
    at junit.framework.Assert.fail(Assert.java:55)
    at junit.framework.Assert.assertTrue(Assert.java:22)
    at junit.framework.Assert.assertTrue(Assert.java:31)
    at junit.framework.TestCase.assertTrue(TestCase.java:201)
    at org.apache.commons.math.stat.regression.SimpleRegressionTest.testSSENonNegative(SimpleRegressionTest.java:275)
    at sun.reflect.NativeMethodAccessorImpl.invoke0(Native Method)
21:42:09.285 [pool-95-thread-1] INFO  f.i.l.c.t.SpecificationTestCasesListener - Tests run finished (2 ms)
<> Total tests run: 1
<> Ignored tests: 0
<> Failed tests: 1
~ testSSENonNegative(org.apache.commons.math.stat.regression.SimpleRegressionTest)
[null]
junit.framework.AssertionFailedError    at junit.framework.Assert.fail(Assert.java:55)
    at junit.framework.Assert.assertTrue(Assert.java:22)
    at junit.framework.Assert.assertTrue(Assert.java:31)
    at junit.framework.TestCase.assertTrue(TestCase.java:201)
    at org.apache.commons.math.stat.regression.SimpleRegressionTest.testSSENonNegative(SimpleRegressionTest.java:275)
    at sun.reflect.NativeMethodAccessorImpl.invoke0(Native Method)

junit.framework.AssertionFailedError
    at junit.framework.Assert.fail(Assert.java:55)
    at junit.framework.Assert.assertTrue(Assert.java:22)
    at junit.framework.Assert.assertTrue(Assert.java:31)
    at junit.framework.TestCase.assertTrue(TestCase.java:201)
    at org.apache.commons.math.stat.regression.SimpleRegressionTest.testSSENonNegative(SimpleRegressionTest.java:275)
    at sun.reflect.NativeMethodAccessorImpl.invoke0(Native Method)
21:42:09.287 [pool-96-thread-1] INFO  f.i.l.c.t.SpecificationTestCasesListener - Tests run finished (1 ms)
<> Total tests run: 1
<> Ignored tests: 0
<> Failed tests: 1
~ testSSENonNegative(org.apache.commons.math.stat.regression.SimpleRegressionTest)
[null]
junit.framework.AssertionFailedError    at junit.framework.Assert.fail(Assert.java:55)
    at junit.framework.Assert.assertTrue(Assert.java:22)
    at junit.framework.Assert.assertTrue(Assert.java:31)
    at junit.framework.TestCase.assertTrue(TestCase.java:201)
    at org.apache.commons.math.stat.regression.SimpleRegressionTest.testSSENonNegative(SimpleRegressionTest.java:275)
    at sun.reflect.NativeMethodAccessorImpl.invoke0(Native Method)

21:42:09.288 [pool-93-thread-1] DEBUG tests.output - Failing tests with false: 
[testSSENonNegative(org.apache.commons.math.stat.regression.SimpleRegressionTest): null]
21:42:09.288 [pool-93-thread-1] DEBUG tests.output - Failing tests with true: 
[testSSENonNegative(org.apache.commons.math.stat.regression.SimpleRegressionTest): null]
21:42:09.288 [pool-93-thread-1] INFO  f.i.l.r.n.synth.SMTNopolSynthesizer - Not enough specifications: 0. A trivial patch is "true" or "false", please write new tests specifying SourceLocation org.apache.commons.math.stat.regression.SimpleRegression:118.
21:42:09.288 [pool-2-thread-1] DEBUG fr.inria.lille.repair.nopol.NoPol - statement #73
21:42:09.288 [pool-2-thread-1] DEBUG fr.inria.lille.repair.nopol.NoPol - Analysing SourceLocation org.apache.commons.math.stat.regression.SimpleRegression:116 which is executed by 9 tests
1254153140
21:42:09.352 [pool-2-thread-1] DEBUG fr.inria.lille.repair.nopol.NoPol - looking with class fr.inria.lille.repair.nopol.spoon.smt.ConditionalAdder
junit.framework.AssertionFailedError
    at junit.framework.Assert.fail(Assert.java:55)
    at junit.framework.Assert.assertTrue(Assert.java:22)
    at junit.framework.Assert.assertTrue(Assert.java:31)
    at junit.framework.TestCase.assertTrue(TestCase.java:201)
    at org.apache.commons.math.stat.regression.SimpleRegressionTest.testSSENonNegative(SimpleRegressionTest.java:275)
    at sun.reflect.NativeMethodAccessorImpl.invoke0(Native Method)
21:42:09.369 [pool-98-thread-1] INFO  xxl.java.junit.TestCasesListener - Tests run finished (14 ms)
<> Total tests run: 9
<> Ignored tests: 0
<> Failed tests: 1
~ testSSENonNegative(org.apache.commons.math.stat.regression.SimpleRegressionTest)
[null]
junit.framework.AssertionFailedError    at junit.framework.Assert.fail(Assert.java:55)
    at junit.framework.Assert.assertTrue(Assert.java:22)
    at junit.framework.Assert.assertTrue(Assert.java:31)
    at junit.framework.TestCase.assertTrue(TestCase.java:201)
    at org.apache.commons.math.stat.regression.SimpleRegressionTest.testSSENonNegative(SimpleRegressionTest.java:275)
    at sun.reflect.NativeMethodAccessorImpl.invoke0(Native Method)

21:42:09.515 [pool-99-thread-1] INFO  f.i.l.c.t.SpecificationTestCasesListener - Tests run finished (1 ms)
<> Total tests run: 1
<> Ignored tests: 0
<> Failed tests: 0

junit.framework.AssertionFailedError
    at junit.framework.Assert.fail(Assert.java:55)
    at junit.framework.Assert.assertTrue(Assert.java:22)
    at junit.framework.Assert.assertTrue(Assert.java:31)
    at junit.framework.TestCase.assertTrue(TestCase.java:201)
    at org.apache.commons.math.stat.regression.SimpleRegressionTest.testSSENonNegative(SimpleRegressionTest.java:275)
    at sun.reflect.NativeMethodAccessorImpl.invoke0(Native Method)
21:42:09.516 [pool-100-thread-1] INFO  f.i.l.c.t.SpecificationTestCasesListener - Tests run finished (0 ms)
<> Total tests run: 1
<> Ignored tests: 0
<> Failed tests: 1
~ testSSENonNegative(org.apache.commons.math.stat.regression.SimpleRegressionTest)
[null]
junit.framework.AssertionFailedError    at junit.framework.Assert.fail(Assert.java:55)
    at junit.framework.Assert.assertTrue(Assert.java:22)
    at junit.framework.Assert.assertTrue(Assert.java:31)
    at junit.framework.TestCase.assertTrue(TestCase.java:201)
    at org.apache.commons.math.stat.regression.SimpleRegressionTest.testSSENonNegative(SimpleRegressionTest.java:275)
    at sun.reflect.NativeMethodAccessorImpl.invoke0(Native Method)

junit.framework.AssertionFailedError: r-square expected:<0.896123> but was:<0.9476694533465351>
    at junit.framework.Assert.fail(Assert.java:57)
    at junit.framework.Assert.failNotEquals(Assert.java:329)
    at junit.framework.Assert.assertEquals(Assert.java:120)
    at junit.framework.TestCase.assertEquals(TestCase.java:279)
    at org.apache.commons.math.stat.regression.SimpleRegressionTest.testClear(SimpleRegressionTest.java:188)
    at sun.reflect.NativeMethodAccessorImpl.invoke0(Native Method)
21:42:09.518 [pool-101-thread-1] INFO  f.i.l.r.n.s.ConstraintModelBuilder$1PassingListener - Tests run finished (0 ms)
<> Total tests run: 1
<> Ignored tests: 0
<> Failed tests: 1
~ testClear(org.apache.commons.math.stat.regression.SimpleRegressionTest)
[r-square expected:<0.896123> but was:<0.9476694533465351>]
junit.framework.AssertionFailedError: r-square expected:<0.896123> but was:<0.9476694533465351>    at junit.framework.Assert.fail(Assert.java:57)
    at junit.framework.Assert.failNotEquals(Assert.java:329)
    at junit.framework.Assert.assertEquals(Assert.java:120)
    at junit.framework.TestCase.assertEquals(TestCase.java:279)
    at org.apache.commons.math.stat.regression.SimpleRegressionTest.testClear(SimpleRegressionTest.java:188)
    at sun.reflect.NativeMethodAccessorImpl.invoke0(Native Method)

junit.framework.AssertionFailedError: r-square expected:<0.896123> but was:<0.9476694533465351>
    at junit.framework.Assert.fail(Assert.java:57)
    at junit.framework.Assert.failNotEquals(Assert.java:329)
    at junit.framework.Assert.assertEquals(Assert.java:120)
    at junit.framework.TestCase.assertEquals(TestCase.java:279)
    at org.apache.commons.math.stat.regression.SimpleRegressionTest.testCorr(SimpleRegressionTest.java:119)
    at sun.reflect.NativeMethodAccessorImpl.invoke0(Native Method)
21:42:09.519 [pool-102-thread-1] INFO  f.i.l.r.n.s.ConstraintModelBuilder$1PassingListener - Tests run finished (0 ms)
<> Total tests run: 1
<> Ignored tests: 0
<> Failed tests: 1
~ testCorr(org.apache.commons.math.stat.regression.SimpleRegressionTest)
[r-square expected:<0.896123> but was:<0.9476694533465351>]
junit.framework.AssertionFailedError: r-square expected:<0.896123> but was:<0.9476694533465351>    at junit.framework.Assert.fail(Assert.java:57)
    at junit.framework.Assert.failNotEquals(Assert.java:329)
    at junit.framework.Assert.assertEquals(Assert.java:120)
    at junit.framework.TestCase.assertEquals(TestCase.java:279)
    at org.apache.commons.math.stat.regression.SimpleRegressionTest.testCorr(SimpleRegressionTest.java:119)
    at sun.reflect.NativeMethodAccessorImpl.invoke0(Native Method)

21:42:09.520 [pool-103-thread-1] INFO  f.i.l.r.n.s.ConstraintModelBuilder$1PassingListener - Tests run finished (0 ms)
<> Total tests run: 1
<> Ignored tests: 0
<> Failed tests: 0

21:42:09.531 [pool-104-thread-1] INFO  f.i.l.r.n.s.ConstraintModelBuilder$1PassingListener - Tests run finished (10 ms)
<> Total tests run: 1
<> Ignored tests: 0
<> Failed tests: 0

21:42:09.532 [pool-105-thread-1] INFO  f.i.l.r.n.s.ConstraintModelBuilder$1PassingListener - Tests run finished (0 ms)
<> Total tests run: 1
<> Ignored tests: 0
<> Failed tests: 0

21:42:09.533 [pool-106-thread-1] INFO  f.i.l.r.n.s.ConstraintModelBuilder$1PassingListener - Tests run finished (0 ms)
<> Total tests run: 1
<> Ignored tests: 0
<> Failed tests: 0

junit.framework.AssertionFailedError: slope expected:<1.00211681802045> but was:<1.0418970656024935>
    at junit.framework.Assert.fail(Assert.java:57)
    at junit.framework.Assert.failNotEquals(Assert.java:329)
    at junit.framework.Assert.assertEquals(Assert.java:120)
    at junit.framework.TestCase.assertEquals(TestCase.java:279)
    at org.apache.commons.math.stat.regression.SimpleRegressionTest.testNorris(SimpleRegressionTest.java:91)
    at sun.reflect.NativeMethodAccessorImpl.invoke0(Native Method)
21:42:09.535 [pool-107-thread-1] INFO  f.i.l.r.n.s.ConstraintModelBuilder$1PassingListener - Tests run finished (1 ms)
<> Total tests run: 1
<> Ignored tests: 0
<> Failed tests: 1
~ testNorris(org.apache.commons.math.stat.regression.SimpleRegressionTest)
[slope expected:<1.00211681802045> but was:<1.0418970656024935>]
junit.framework.AssertionFailedError: slope expected:<1.00211681802045> but was:<1.0418970656024935>    at junit.framework.Assert.fail(Assert.java:57)
    at junit.framework.Assert.failNotEquals(Assert.java:329)
    at junit.framework.Assert.assertEquals(Assert.java:120)
    at junit.framework.TestCase.assertEquals(TestCase.java:279)
    at org.apache.commons.math.stat.regression.SimpleRegressionTest.testNorris(SimpleRegressionTest.java:91)
    at sun.reflect.NativeMethodAccessorImpl.invoke0(Native Method)

junit.framework.AssertionFailedError: slope std err expected:<0.011448491> but was:<0.035114681923981685>
    at junit.framework.Assert.fail(Assert.java:57)
    at junit.framework.Assert.failNotEquals(Assert.java:329)
    at junit.framework.Assert.assertEquals(Assert.java:120)
    at junit.framework.TestCase.assertEquals(TestCase.java:279)
    at org.apache.commons.math.stat.regression.SimpleRegressionTest.testInference(SimpleRegressionTest.java:198)
    at sun.reflect.NativeMethodAccessorImpl.invoke0(Native Method)
21:42:09.536 [pool-108-thread-1] INFO  f.i.l.r.n.s.ConstraintModelBuilder$1PassingListener - Tests run finished (1 ms)
<> Total tests run: 1
<> Ignored tests: 0
<> Failed tests: 1
~ testInference(org.apache.commons.math.stat.regression.SimpleRegressionTest)
[slope std err expected:<0.011448491> but was:<0.035114681923981685>]
junit.framework.AssertionFailedError: slope std err expected:<0.011448491> but was:<0.035114681923981685>    at junit.framework.Assert.fail(Assert.java:57)
    at junit.framework.Assert.failNotEquals(Assert.java:329)
    at junit.framework.Assert.assertEquals(Assert.java:120)
    at junit.framework.TestCase.assertEquals(TestCase.java:279)
    at org.apache.commons.math.stat.regression.SimpleRegressionTest.testInference(SimpleRegressionTest.java:198)
    at sun.reflect.NativeMethodAccessorImpl.invoke0(Native Method)

21:42:09.537 [pool-109-thread-1] INFO  f.i.l.r.n.s.ConstraintModelBuilder$1PassingListener - Tests run finished (0 ms)
<> Total tests run: 1
<> Ignored tests: 0
<> Failed tests: 0

21:42:09.537 [pool-110-thread-1] INFO  f.i.l.r.n.s.ConstraintModelBuilder$1PassingListener - Tests run finished (0 ms)
<> Total tests run: 1
<> Ignored tests: 0
<> Failed tests: 0

21:42:09.538 [pool-111-thread-1] INFO  f.i.l.r.n.s.ConstraintModelBuilder$1PassingListener - Tests run finished (0 ms)
<> Total tests run: 1
<> Ignored tests: 0
<> Failed tests: 0

21:42:09.539 [pool-112-thread-1] INFO  f.i.l.r.n.s.ConstraintModelBuilder$1PassingListener - Tests run finished (0 ms)
<> Total tests run: 1
<> Ignored tests: 0
<> Failed tests: 0

21:42:09.539 [pool-113-thread-1] INFO  f.i.l.r.n.s.ConstraintModelBuilder$1PassingListener - Tests run finished (0 ms)
<> Total tests run: 1
<> Ignored tests: 0
<> Failed tests: 0

junit.framework.AssertionFailedError
    at junit.framework.Assert.fail(Assert.java:55)
    at junit.framework.Assert.assertTrue(Assert.java:22)
    at junit.framework.Assert.assertTrue(Assert.java:31)
    at junit.framework.TestCase.assertTrue(TestCase.java:201)
    at org.apache.commons.math.stat.regression.SimpleRegressionTest.testSSENonNegative(SimpleRegressionTest.java:275)
    at sun.reflect.NativeMethodAccessorImpl.invoke0(Native Method)
21:42:09.541 [pool-114-thread-1] INFO  f.i.l.r.n.s.ConstraintModelBuilder$1PassingListener - Tests run finished (1 ms)
<> Total tests run: 1
<> Ignored tests: 0
<> Failed tests: 1
~ testSSENonNegative(org.apache.commons.math.stat.regression.SimpleRegressionTest)
[null]
junit.framework.AssertionFailedError    at junit.framework.Assert.fail(Assert.java:55)
    at junit.framework.Assert.assertTrue(Assert.java:22)
    at junit.framework.Assert.assertTrue(Assert.java:31)
    at junit.framework.TestCase.assertTrue(TestCase.java:201)
    at org.apache.commons.math.stat.regression.SimpleRegressionTest.testSSENonNegative(SimpleRegressionTest.java:275)
    at sun.reflect.NativeMethodAccessorImpl.invoke0(Native Method)

21:42:09.542 [pool-115-thread-1] INFO  f.i.l.r.n.s.ConstraintModelBuilder$1PassingListener - Tests run finished (0 ms)
<> Total tests run: 1
<> Ignored tests: 0
<> Failed tests: 0

21:42:09.542 [pool-116-thread-1] INFO  f.i.l.r.n.s.ConstraintModelBuilder$1PassingListener - Tests run finished (0 ms)
<> Total tests run: 1
<> Ignored tests: 0
<> Failed tests: 0

21:42:09.547 [pool-117-thread-1] INFO  f.i.l.r.n.s.ConstraintModelBuilder$1PassingListener - Tests run finished (4 ms)
<> Total tests run: 1
<> Ignored tests: 0
<> Failed tests: 0

21:42:09.548 [pool-118-thread-1] INFO  f.i.l.r.n.s.ConstraintModelBuilder$1PassingListener - Tests run finished (0 ms)
<> Total tests run: 1
<> Ignored tests: 0
<> Failed tests: 0

21:42:09.553 [pool-119-thread-1] INFO  f.i.l.c.t.SpecificationTestCasesListener - Tests run finished (5 ms)
<> Total tests run: 1
<> Ignored tests: 0
<> Failed tests: 0

21:42:09.554 [pool-120-thread-1] INFO  f.i.l.c.t.SpecificationTestCasesListener - Tests run finished (0 ms)
<> Total tests run: 1
<> Ignored tests: 0
<> Failed tests: 0

21:42:09.556 [pool-121-thread-1] INFO  f.i.l.c.t.SpecificationTestCasesListener - Tests run finished (1 ms)
<> Total tests run: 1
<> Ignored tests: 0
<> Failed tests: 0

21:42:09.558 [pool-122-thread-1] INFO  f.i.l.c.t.SpecificationTestCasesListener - Tests run finished (2 ms)
<> Total tests run: 1
<> Ignored tests: 0
<> Failed tests: 0

21:42:09.755 [pool-97-thread-1] DEBUG f.i.l.c.s.ConstraintBasedSynthesis - Operators:
21:42:09.980 [pool-97-thread-1] DEBUG f.i.l.c.s.ConstraintBasedSynthesis - Operators:
== of arity: 2
!= of arity: 2
< of arity: 2
<= of arity: 2
21:42:10.981 [pool-97-thread-1] DEBUG f.i.l.c.s.ConstraintBasedSynthesis - Successful code synthesis: (x) != (org.apache.commons.math.stat.regression.SimpleRegression.this.xbar)
21:42:10.982 [pool-97-thread-1] INFO  f.i.l.repair.nopol.patch.TestPatch - Applying patch: org.apache.commons.math.stat.regression.SimpleRegression:116: PRECONDITION (x) != (org.apache.commons.math.stat.regression.SimpleRegression.this.xbar)
21:42:11.105 [pool-97-thread-1] INFO  f.i.l.repair.nopol.patch.TestPatch - Running test suite to check the patch "(x) != (org.apache.commons.math.stat.regression.SimpleRegression.this.xbar)" is working
21:42:11.128 [pool-97-thread-1] INFO  f.i.l.repair.nopol.patch.TestPatch - Failing tests [testSSENonNegative(org.apache.commons.math.stat.regression.SimpleRegressionTest): null]
21:42:11.129 [pool-97-thread-1] DEBUG fr.inria.lille.repair.nopol.NoPol - Could not find a valid patch in SourceLocation org.apache.commons.math.stat.regression.SimpleRegression:116
21:42:11.129 [pool-2-thread-1] DEBUG fr.inria.lille.repair.nopol.NoPol - statement #74
21:42:11.129 [pool-2-thread-1] DEBUG fr.inria.lille.repair.nopol.NoPol - Analysing SourceLocation org.apache.commons.math.stat.regression.SimpleRegression:115 which is executed by 9 tests
1254153140
21:42:11.191 [pool-2-thread-1] DEBUG fr.inria.lille.repair.nopol.NoPol - looking with class fr.inria.lille.repair.nopol.spoon.smt.ConditionalAdder
junit.framework.AssertionFailedError
    at junit.framework.Assert.fail(Assert.java:55)
    at junit.framework.Assert.assertTrue(Assert.java:22)
    at junit.framework.Assert.assertTrue(Assert.java:31)
    at junit.framework.TestCase.assertTrue(TestCase.java:201)
    at org.apache.commons.math.stat.regression.SimpleRegressionTest.testSSENonNegative(SimpleRegressionTest.java:275)
    at sun.reflect.NativeMethodAccessorImpl.invoke0(Native Method)
21:42:11.208 [pool-133-thread-1] INFO  xxl.java.junit.TestCasesListener - Tests run finished (14 ms)
<> Total tests run: 9
<> Ignored tests: 0
<> Failed tests: 1
~ testSSENonNegative(org.apache.commons.math.stat.regression.SimpleRegressionTest)
[null]
junit.framework.AssertionFailedError    at junit.framework.Assert.fail(Assert.java:55)
    at junit.framework.Assert.assertTrue(Assert.java:22)
    at junit.framework.Assert.assertTrue(Assert.java:31)
    at junit.framework.TestCase.assertTrue(TestCase.java:201)
    at org.apache.commons.math.stat.regression.SimpleRegressionTest.testSSENonNegative(SimpleRegressionTest.java:275)
    at sun.reflect.NativeMethodAccessorImpl.invoke0(Native Method)

21:42:11.344 [pool-134-thread-1] INFO  f.i.l.c.t.SpecificationTestCasesListener - Tests run finished (1 ms)
<> Total tests run: 1
<> Ignored tests: 0
<> Failed tests: 0

junit.framework.AssertionFailedError
    at junit.framework.Assert.fail(Assert.java:55)
    at junit.framework.Assert.assertTrue(Assert.java:22)
    at junit.framework.Assert.assertTrue(Assert.java:31)
    at junit.framework.TestCase.assertTrue(TestCase.java:201)
    at org.apache.commons.math.stat.regression.SimpleRegressionTest.testSSENonNegative(SimpleRegressionTest.java:275)
    at sun.reflect.NativeMethodAccessorImpl.invoke0(Native Method)
21:42:11.346 [pool-135-thread-1] INFO  f.i.l.c.t.SpecificationTestCasesListener - Tests run finished (1 ms)
<> Total tests run: 1
<> Ignored tests: 0
<> Failed tests: 1
~ testSSENonNegative(org.apache.commons.math.stat.regression.SimpleRegressionTest)
[null]
junit.framework.AssertionFailedError    at junit.framework.Assert.fail(Assert.java:55)
    at junit.framework.Assert.assertTrue(Assert.java:22)
    at junit.framework.Assert.assertTrue(Assert.java:31)
    at junit.framework.TestCase.assertTrue(TestCase.java:201)
    at org.apache.commons.math.stat.regression.SimpleRegressionTest.testSSENonNegative(SimpleRegressionTest.java:275)
    at sun.reflect.NativeMethodAccessorImpl.invoke0(Native Method)

junit.framework.AssertionFailedError: r-square expected:<0.896123> but was:<0.8498594599637961>
    at junit.framework.Assert.fail(Assert.java:57)
    at junit.framework.Assert.failNotEquals(Assert.java:329)
    at junit.framework.Assert.assertEquals(Assert.java:120)
    at junit.framework.TestCase.assertEquals(TestCase.java:279)
    at org.apache.commons.math.stat.regression.SimpleRegressionTest.testClear(SimpleRegressionTest.java:188)
    at sun.reflect.NativeMethodAccessorImpl.invoke0(Native Method)
21:42:11.347 [pool-136-thread-1] INFO  f.i.l.r.n.s.ConstraintModelBuilder$1PassingListener - Tests run finished (1 ms)
<> Total tests run: 1
<> Ignored tests: 0
<> Failed tests: 1
~ testClear(org.apache.commons.math.stat.regression.SimpleRegressionTest)
[r-square expected:<0.896123> but was:<0.8498594599637961>]
junit.framework.AssertionFailedError: r-square expected:<0.896123> but was:<0.8498594599637961>    at junit.framework.Assert.fail(Assert.java:57)
    at junit.framework.Assert.failNotEquals(Assert.java:329)
    at junit.framework.Assert.assertEquals(Assert.java:120)
    at junit.framework.TestCase.assertEquals(TestCase.java:279)
    at org.apache.commons.math.stat.regression.SimpleRegressionTest.testClear(SimpleRegressionTest.java:188)
    at sun.reflect.NativeMethodAccessorImpl.invoke0(Native Method)

junit.framework.AssertionFailedError: r-square expected:<0.896123> but was:<0.8498594599637961>
    at junit.framework.Assert.fail(Assert.java:57)
    at junit.framework.Assert.failNotEquals(Assert.java:329)
    at junit.framework.Assert.assertEquals(Assert.java:120)
    at junit.framework.TestCase.assertEquals(TestCase.java:279)
    at org.apache.commons.math.stat.regression.SimpleRegressionTest.testCorr(SimpleRegressionTest.java:119)
    at sun.reflect.NativeMethodAccessorImpl.invoke0(Native Method)
21:42:11.348 [pool-137-thread-1] INFO  f.i.l.r.n.s.ConstraintModelBuilder$1PassingListener - Tests run finished (1 ms)
<> Total tests run: 1
<> Ignored tests: 0
<> Failed tests: 1
~ testCorr(org.apache.commons.math.stat.regression.SimpleRegressionTest)
[r-square expected:<0.896123> but was:<0.8498594599637961>]
junit.framework.AssertionFailedError: r-square expected:<0.896123> but was:<0.8498594599637961>    at junit.framework.Assert.fail(Assert.java:57)
    at junit.framework.Assert.failNotEquals(Assert.java:329)
    at junit.framework.Assert.assertEquals(Assert.java:120)
    at junit.framework.TestCase.assertEquals(TestCase.java:279)
    at org.apache.commons.math.stat.regression.SimpleRegressionTest.testCorr(SimpleRegressionTest.java:119)
    at sun.reflect.NativeMethodAccessorImpl.invoke0(Native Method)

21:42:11.349 [pool-138-thread-1] INFO  f.i.l.r.n.s.ConstraintModelBuilder$1PassingListener - Tests run finished (1 ms)
<> Total tests run: 1
<> Ignored tests: 0
<> Failed tests: 0

21:42:11.359 [pool-139-thread-1] INFO  f.i.l.r.n.s.ConstraintModelBuilder$1PassingListener - Tests run finished (10 ms)
<> Total tests run: 1
<> Ignored tests: 0
<> Failed tests: 0

21:42:11.360 [pool-140-thread-1] INFO  f.i.l.r.n.s.ConstraintModelBuilder$1PassingListener - Tests run finished (0 ms)
<> Total tests run: 1
<> Ignored tests: 0
<> Failed tests: 0

21:42:11.361 [pool-141-thread-1] INFO  f.i.l.r.n.s.ConstraintModelBuilder$1PassingListener - Tests run finished (0 ms)
<> Total tests run: 1
<> Ignored tests: 0
<> Failed tests: 0

junit.framework.AssertionFailedError: slope expected:<1.00211681802045> but was:<0.4554669343771372>
    at junit.framework.Assert.fail(Assert.java:57)
    at junit.framework.Assert.failNotEquals(Assert.java:329)
    at junit.framework.Assert.assertEquals(Assert.java:120)
    at junit.framework.TestCase.assertEquals(TestCase.java:279)
    at org.apache.commons.math.stat.regression.SimpleRegressionTest.testNorris(SimpleRegressionTest.java:91)
    at sun.reflect.NativeMethodAccessorImpl.invoke0(Native Method)
21:42:11.361 [pool-142-thread-1] INFO  f.i.l.r.n.s.ConstraintModelBuilder$1PassingListener - Tests run finished (0 ms)
<> Total tests run: 1
<> Ignored tests: 0
<> Failed tests: 1
~ testNorris(org.apache.commons.math.stat.regression.SimpleRegressionTest)
[slope expected:<1.00211681802045> but was:<0.4554669343771372>]
junit.framework.AssertionFailedError: slope expected:<1.00211681802045> but was:<0.4554669343771372>    at junit.framework.Assert.fail(Assert.java:57)
    at junit.framework.Assert.failNotEquals(Assert.java:329)
    at junit.framework.Assert.assertEquals(Assert.java:120)
    at junit.framework.TestCase.assertEquals(TestCase.java:279)
    at org.apache.commons.math.stat.regression.SimpleRegressionTest.testNorris(SimpleRegressionTest.java:91)
    at sun.reflect.NativeMethodAccessorImpl.invoke0(Native Method)

junit.framework.AssertionFailedError: slope std err expected:<0.011448491> but was:<0.05753418211665958>
    at junit.framework.Assert.fail(Assert.java:57)
    at junit.framework.Assert.failNotEquals(Assert.java:329)
    at junit.framework.Assert.assertEquals(Assert.java:120)
    at junit.framework.TestCase.assertEquals(TestCase.java:279)
    at org.apache.commons.math.stat.regression.SimpleRegressionTest.testInference(SimpleRegressionTest.java:198)
    at sun.reflect.NativeMethodAccessorImpl.invoke0(Native Method)
21:42:11.362 [pool-143-thread-1] INFO  f.i.l.r.n.s.ConstraintModelBuilder$1PassingListener - Tests run finished (0 ms)
<> Total tests run: 1
<> Ignored tests: 0
<> Failed tests: 1
~ testInference(org.apache.commons.math.stat.regression.SimpleRegressionTest)
[slope std err expected:<0.011448491> but was:<0.05753418211665958>]
junit.framework.AssertionFailedError: slope std err expected:<0.011448491> but was:<0.05753418211665958>    at junit.framework.Assert.fail(Assert.java:57)
    at junit.framework.Assert.failNotEquals(Assert.java:329)
    at junit.framework.Assert.assertEquals(Assert.java:120)
    at junit.framework.TestCase.assertEquals(TestCase.java:279)
    at org.apache.commons.math.stat.regression.SimpleRegressionTest.testInference(SimpleRegressionTest.java:198)
    at sun.reflect.NativeMethodAccessorImpl.invoke0(Native Method)

21:42:11.363 [pool-144-thread-1] INFO  f.i.l.r.n.s.ConstraintModelBuilder$1PassingListener - Tests run finished (0 ms)
<> Total tests run: 1
<> Ignored tests: 0
<> Failed tests: 0

21:42:11.364 [pool-145-thread-1] INFO  f.i.l.r.n.s.ConstraintModelBuilder$1PassingListener - Tests run finished (0 ms)
<> Total tests run: 1
<> Ignored tests: 0
<> Failed tests: 0

21:42:11.365 [pool-146-thread-1] INFO  f.i.l.r.n.s.ConstraintModelBuilder$1PassingListener - Tests run finished (0 ms)
<> Total tests run: 1
<> Ignored tests: 0
<> Failed tests: 0

21:42:11.365 [pool-147-thread-1] INFO  f.i.l.r.n.s.ConstraintModelBuilder$1PassingListener - Tests run finished (0 ms)
<> Total tests run: 1
<> Ignored tests: 0
<> Failed tests: 0

21:42:11.366 [pool-148-thread-1] INFO  f.i.l.r.n.s.ConstraintModelBuilder$1PassingListener - Tests run finished (0 ms)
<> Total tests run: 1
<> Ignored tests: 0
<> Failed tests: 0

junit.framework.AssertionFailedError
    at junit.framework.Assert.fail(Assert.java:55)
    at junit.framework.Assert.assertTrue(Assert.java:22)
    at junit.framework.Assert.assertTrue(Assert.java:31)
    at junit.framework.TestCase.assertTrue(TestCase.java:201)
    at org.apache.commons.math.stat.regression.SimpleRegressionTest.testSSENonNegative(SimpleRegressionTest.java:275)
    at sun.reflect.NativeMethodAccessorImpl.invoke0(Native Method)
21:42:11.368 [pool-149-thread-1] INFO  f.i.l.r.n.s.ConstraintModelBuilder$1PassingListener - Tests run finished (0 ms)
<> Total tests run: 1
<> Ignored tests: 0
<> Failed tests: 1
~ testSSENonNegative(org.apache.commons.math.stat.regression.SimpleRegressionTest)
[null]
junit.framework.AssertionFailedError    at junit.framework.Assert.fail(Assert.java:55)
    at junit.framework.Assert.assertTrue(Assert.java:22)
    at junit.framework.Assert.assertTrue(Assert.java:31)
    at junit.framework.TestCase.assertTrue(TestCase.java:201)
    at org.apache.commons.math.stat.regression.SimpleRegressionTest.testSSENonNegative(SimpleRegressionTest.java:275)
    at sun.reflect.NativeMethodAccessorImpl.invoke0(Native Method)

21:42:11.368 [pool-150-thread-1] INFO  f.i.l.r.n.s.ConstraintModelBuilder$1PassingListener - Tests run finished (0 ms)
<> Total tests run: 1
<> Ignored tests: 0
<> Failed tests: 0

21:42:11.369 [pool-151-thread-1] INFO  f.i.l.r.n.s.ConstraintModelBuilder$1PassingListener - Tests run finished (0 ms)
<> Total tests run: 1
<> Ignored tests: 0
<> Failed tests: 0

21:42:11.373 [pool-152-thread-1] INFO  f.i.l.r.n.s.ConstraintModelBuilder$1PassingListener - Tests run finished (3 ms)
<> Total tests run: 1
<> Ignored tests: 0
<> Failed tests: 0

21:42:11.374 [pool-153-thread-1] INFO  f.i.l.r.n.s.ConstraintModelBuilder$1PassingListener - Tests run finished (0 ms)
<> Total tests run: 1
<> Ignored tests: 0
<> Failed tests: 0

21:42:11.377 [pool-154-thread-1] INFO  f.i.l.c.t.SpecificationTestCasesListener - Tests run finished (1 ms)
<> Total tests run: 1
<> Ignored tests: 0
<> Failed tests: 0

21:42:11.377 [pool-155-thread-1] INFO  f.i.l.c.t.SpecificationTestCasesListener - Tests run finished (0 ms)
<> Total tests run: 1
<> Ignored tests: 0
<> Failed tests: 0

21:42:11.398 [pool-156-thread-1] INFO  f.i.l.c.t.SpecificationTestCasesListener - Tests run finished (20 ms)
<> Total tests run: 1
<> Ignored tests: 0
<> Failed tests: 0

21:42:11.400 [pool-157-thread-1] INFO  f.i.l.c.t.SpecificationTestCasesListener - Tests run finished (1 ms)
<> Total tests run: 1
<> Ignored tests: 0
<> Failed tests: 0

21:42:11.478 [pool-132-thread-1] DEBUG f.i.l.c.s.ConstraintBasedSynthesis - Operators:
21:42:11.525 [pool-132-thread-1] DEBUG f.i.l.c.s.ConstraintBasedSynthesis - Operators:
== of arity: 2
!= of arity: 2
< of arity: 2
<= of arity: 2
21:42:12.480 [pool-132-thread-1] DEBUG f.i.l.c.s.ConstraintBasedSynthesis - Successful code synthesis: (org.apache.commons.math.stat.regression.SimpleRegression.this.xbar) != (x)
21:42:12.480 [pool-132-thread-1] INFO  f.i.l.repair.nopol.patch.TestPatch - Applying patch: org.apache.commons.math.stat.regression.SimpleRegression:115: PRECONDITION (org.apache.commons.math.stat.regression.SimpleRegression.this.xbar) != (x)
21:42:12.612 [pool-132-thread-1] INFO  f.i.l.repair.nopol.patch.TestPatch - Running test suite to check the patch "(org.apache.commons.math.stat.regression.SimpleRegression.this.xbar) != (x)" is working
21:42:12.634 [pool-132-thread-1] INFO  f.i.l.repair.nopol.patch.TestPatch - Failing tests [testSSENonNegative(org.apache.commons.math.stat.regression.SimpleRegressionTest): null]
21:42:12.634 [pool-132-thread-1] DEBUG fr.inria.lille.repair.nopol.NoPol - Could not find a valid patch in SourceLocation org.apache.commons.math.stat.regression.SimpleRegression:115
21:42:12.634 [pool-2-thread-1] DEBUG fr.inria.lille.repair.nopol.NoPol - statement #75
21:42:12.634 [pool-2-thread-1] DEBUG fr.inria.lille.repair.nopol.NoPol - Analysing SourceLocation org.apache.commons.math.stat.regression.SimpleRegression:114 which is executed by 9 tests
1254153140
21:42:12.696 [pool-2-thread-1] DEBUG fr.inria.lille.repair.nopol.NoPol - looking with class fr.inria.lille.repair.nopol.spoon.smt.ConditionalAdder
junit.framework.AssertionFailedError
    at junit.framework.Assert.fail(Assert.java:55)
    at junit.framework.Assert.assertTrue(Assert.java:22)
    at junit.framework.Assert.assertTrue(Assert.java:31)
    at junit.framework.TestCase.assertTrue(TestCase.java:201)
    at org.apache.commons.math.stat.regression.SimpleRegressionTest.testSSENonNegative(SimpleRegressionTest.java:275)
    at sun.reflect.NativeMethodAccessorImpl.invoke0(Native Method)
21:42:12.712 [pool-168-thread-1] INFO  xxl.java.junit.TestCasesListener - Tests run finished (14 ms)
<> Total tests run: 9
<> Ignored tests: 0
<> Failed tests: 1
~ testSSENonNegative(org.apache.commons.math.stat.regression.SimpleRegressionTest)
[null]
junit.framework.AssertionFailedError    at junit.framework.Assert.fail(Assert.java:55)
    at junit.framework.Assert.assertTrue(Assert.java:22)
    at junit.framework.Assert.assertTrue(Assert.java:31)
    at junit.framework.TestCase.assertTrue(TestCase.java:201)
    at org.apache.commons.math.stat.regression.SimpleRegressionTest.testSSENonNegative(SimpleRegressionTest.java:275)
    at sun.reflect.NativeMethodAccessorImpl.invoke0(Native Method)

21:42:12.821 [pool-169-thread-1] INFO  f.i.l.c.t.SpecificationTestCasesListener - Tests run finished (1 ms)
<> Total tests run: 1
<> Ignored tests: 0
<> Failed tests: 0

junit.framework.AssertionFailedError
    at junit.framework.Assert.fail(Assert.java:55)
    at junit.framework.Assert.assertTrue(Assert.java:22)
    at junit.framework.Assert.assertTrue(Assert.java:31)
    at junit.framework.TestCase.assertTrue(TestCase.java:201)
    at org.apache.commons.math.stat.regression.SimpleRegressionTest.testSSENonNegative(SimpleRegressionTest.java:275)
    at sun.reflect.NativeMethodAccessorImpl.invoke0(Native Method)
21:42:12.823 [pool-170-thread-1] INFO  f.i.l.c.t.SpecificationTestCasesListener - Tests run finished (0 ms)
<> Total tests run: 1
<> Ignored tests: 0
<> Failed tests: 1
~ testSSENonNegative(org.apache.commons.math.stat.regression.SimpleRegressionTest)
[null]
junit.framework.AssertionFailedError    at junit.framework.Assert.fail(Assert.java:55)
    at junit.framework.Assert.assertTrue(Assert.java:22)
    at junit.framework.Assert.assertTrue(Assert.java:31)
    at junit.framework.TestCase.assertTrue(TestCase.java:201)
    at org.apache.commons.math.stat.regression.SimpleRegressionTest.testSSENonNegative(SimpleRegressionTest.java:275)
    at sun.reflect.NativeMethodAccessorImpl.invoke0(Native Method)

junit.framework.AssertionFailedError: r-square expected:<0.896123> but was:<0.0>
    at junit.framework.Assert.fail(Assert.java:57)
    at junit.framework.Assert.failNotEquals(Assert.java:329)
    at junit.framework.Assert.assertEquals(Assert.java:120)
    at junit.framework.TestCase.assertEquals(TestCase.java:279)
    at org.apache.commons.math.stat.regression.SimpleRegressionTest.testClear(SimpleRegressionTest.java:188)
    at sun.reflect.NativeMethodAccessorImpl.invoke0(Native Method)
21:42:12.824 [pool-171-thread-1] INFO  f.i.l.r.n.s.ConstraintModelBuilder$1PassingListener - Tests run finished (0 ms)
<> Total tests run: 1
<> Ignored tests: 0
<> Failed tests: 1
~ testClear(org.apache.commons.math.stat.regression.SimpleRegressionTest)
[r-square expected:<0.896123> but was:<0.0>]
junit.framework.AssertionFailedError: r-square expected:<0.896123> but was:<0.0>    at junit.framework.Assert.fail(Assert.java:57)
    at junit.framework.Assert.failNotEquals(Assert.java:329)
    at junit.framework.Assert.assertEquals(Assert.java:120)
    at junit.framework.TestCase.assertEquals(TestCase.java:279)
    at org.apache.commons.math.stat.regression.SimpleRegressionTest.testClear(SimpleRegressionTest.java:188)
    at sun.reflect.NativeMethodAccessorImpl.invoke0(Native Method)

junit.framework.AssertionFailedError: r-square expected:<0.896123> but was:<0.0>
    at junit.framework.Assert.fail(Assert.java:57)
    at junit.framework.Assert.failNotEquals(Assert.java:329)
    at junit.framework.Assert.assertEquals(Assert.java:120)
    at junit.framework.TestCase.assertEquals(TestCase.java:279)
    at org.apache.commons.math.stat.regression.SimpleRegressionTest.testCorr(SimpleRegressionTest.java:119)
    at sun.reflect.NativeMethodAccessorImpl.invoke0(Native Method)
21:42:12.825 [pool-172-thread-1] INFO  f.i.l.r.n.s.ConstraintModelBuilder$1PassingListener - Tests run finished (0 ms)
<> Total tests run: 1
<> Ignored tests: 0
<> Failed tests: 1
~ testCorr(org.apache.commons.math.stat.regression.SimpleRegressionTest)
[r-square expected:<0.896123> but was:<0.0>]
junit.framework.AssertionFailedError: r-square expected:<0.896123> but was:<0.0>    at junit.framework.Assert.fail(Assert.java:57)
    at junit.framework.Assert.failNotEquals(Assert.java:329)
    at junit.framework.Assert.assertEquals(Assert.java:120)
    at junit.framework.TestCase.assertEquals(TestCase.java:279)
    at org.apache.commons.math.stat.regression.SimpleRegressionTest.testCorr(SimpleRegressionTest.java:119)
    at sun.reflect.NativeMethodAccessorImpl.invoke0(Native Method)

21:42:12.826 [pool-173-thread-1] INFO  f.i.l.r.n.s.ConstraintModelBuilder$1PassingListener - Tests run finished (0 ms)
<> Total tests run: 1
<> Ignored tests: 0
<> Failed tests: 0

junit.framework.AssertionFailedError: expected:<0.0> but was:<1.0>
    at junit.framework.Assert.fail(Assert.java:57)
    at junit.framework.Assert.failNotEquals(Assert.java:329)
    at junit.framework.Assert.assertEquals(Assert.java:120)
    at junit.framework.Assert.assertEquals(Assert.java:129)
    at junit.framework.TestCase.assertEquals(TestCase.java:288)
    at org.apache.commons.math.stat.regression.SimpleRegressionTest.testPerfect(SimpleRegressionTest.java:238)
21:42:12.836 [pool-174-thread-1] INFO  f.i.l.r.n.s.ConstraintModelBuilder$1PassingListener - Tests run finished (9 ms)
<> Total tests run: 1
<> Ignored tests: 0
<> Failed tests: 1
~ testPerfect(org.apache.commons.math.stat.regression.SimpleRegressionTest)
[expected:<0.0> but was:<1.0>]
junit.framework.AssertionFailedError: expected:<0.0> but was:<1.0>    at junit.framework.Assert.fail(Assert.java:57)
    at junit.framework.Assert.failNotEquals(Assert.java:329)
    at junit.framework.Assert.assertEquals(Assert.java:120)
    at junit.framework.Assert.assertEquals(Assert.java:129)
    at junit.framework.TestCase.assertEquals(TestCase.java:288)
    at org.apache.commons.math.stat.regression.SimpleRegressionTest.testPerfect(SimpleRegressionTest.java:238)

21:42:12.836 [pool-175-thread-1] INFO  f.i.l.r.n.s.ConstraintModelBuilder$1PassingListener - Tests run finished (0 ms)
<> Total tests run: 1
<> Ignored tests: 0
<> Failed tests: 0

junit.framework.AssertionFailedError: expected:<0.0> but was:<1.0>
    at junit.framework.Assert.fail(Assert.java:57)
    at junit.framework.Assert.failNotEquals(Assert.java:329)
    at junit.framework.Assert.assertEquals(Assert.java:120)
    at junit.framework.Assert.assertEquals(Assert.java:129)
    at junit.framework.TestCase.assertEquals(TestCase.java:288)
    at org.apache.commons.math.stat.regression.SimpleRegressionTest.testPerfectNegative(SimpleRegressionTest.java:250)
21:42:12.837 [pool-176-thread-1] INFO  f.i.l.r.n.s.ConstraintModelBuilder$1PassingListener - Tests run finished (0 ms)
<> Total tests run: 1
<> Ignored tests: 0
<> Failed tests: 1
~ testPerfectNegative(org.apache.commons.math.stat.regression.SimpleRegressionTest)
[expected:<0.0> but was:<1.0>]
junit.framework.AssertionFailedError: expected:<0.0> but was:<1.0>    at junit.framework.Assert.fail(Assert.java:57)
    at junit.framework.Assert.failNotEquals(Assert.java:329)
    at junit.framework.Assert.assertEquals(Assert.java:120)
    at junit.framework.Assert.assertEquals(Assert.java:129)
    at junit.framework.TestCase.assertEquals(TestCase.java:288)
    at org.apache.commons.math.stat.regression.SimpleRegressionTest.testPerfectNegative(SimpleRegressionTest.java:250)

junit.framework.AssertionFailedError: slope expected:<1.00211681802045> but was:<0.0>
    at junit.framework.Assert.fail(Assert.java:57)
    at junit.framework.Assert.failNotEquals(Assert.java:329)
    at junit.framework.Assert.assertEquals(Assert.java:120)
    at junit.framework.TestCase.assertEquals(TestCase.java:279)
    at org.apache.commons.math.stat.regression.SimpleRegressionTest.testNorris(SimpleRegressionTest.java:91)
    at sun.reflect.NativeMethodAccessorImpl.invoke0(Native Method)
21:42:12.838 [pool-177-thread-1] INFO  f.i.l.r.n.s.ConstraintModelBuilder$1PassingListener - Tests run finished (0 ms)
<> Total tests run: 1
<> Ignored tests: 0
<> Failed tests: 1
~ testNorris(org.apache.commons.math.stat.regression.SimpleRegressionTest)
[slope expected:<1.00211681802045> but was:<0.0>]
junit.framework.AssertionFailedError: slope expected:<1.00211681802045> but was:<0.0>    at junit.framework.Assert.fail(Assert.java:57)
    at junit.framework.Assert.failNotEquals(Assert.java:329)
    at junit.framework.Assert.assertEquals(Assert.java:120)
    at junit.framework.TestCase.assertEquals(TestCase.java:279)
    at org.apache.commons.math.stat.regression.SimpleRegressionTest.testNorris(SimpleRegressionTest.java:91)
    at sun.reflect.NativeMethodAccessorImpl.invoke0(Native Method)

junit.framework.AssertionFailedError: slope std err expected:<0.011448491> but was:<0.07728146320951271>
    at junit.framework.Assert.fail(Assert.java:57)
    at junit.framework.Assert.failNotEquals(Assert.java:329)
    at junit.framework.Assert.assertEquals(Assert.java:120)
    at junit.framework.TestCase.assertEquals(TestCase.java:279)
    at org.apache.commons.math.stat.regression.SimpleRegressionTest.testInference(SimpleRegressionTest.java:198)
    at sun.reflect.NativeMethodAccessorImpl.invoke0(Native Method)
21:42:12.839 [pool-178-thread-1] INFO  f.i.l.r.n.s.ConstraintModelBuilder$1PassingListener - Tests run finished (0 ms)
<> Total tests run: 1
<> Ignored tests: 0
<> Failed tests: 1
~ testInference(org.apache.commons.math.stat.regression.SimpleRegressionTest)
[slope std err expected:<0.011448491> but was:<0.07728146320951271>]
junit.framework.AssertionFailedError: slope std err expected:<0.011448491> but was:<0.07728146320951271>    at junit.framework.Assert.fail(Assert.java:57)
    at junit.framework.Assert.failNotEquals(Assert.java:329)
    at junit.framework.Assert.assertEquals(Assert.java:120)
    at junit.framework.TestCase.assertEquals(TestCase.java:279)
    at org.apache.commons.math.stat.regression.SimpleRegressionTest.testInference(SimpleRegressionTest.java:198)
    at sun.reflect.NativeMethodAccessorImpl.invoke0(Native Method)

junit.framework.AssertionFailedError
    at junit.framework.Assert.fail(Assert.java:55)
    at junit.framework.Assert.assertTrue(Assert.java:22)
    at junit.framework.Assert.assertTrue(Assert.java:31)
    at junit.framework.TestCase.assertTrue(TestCase.java:201)
    at org.apache.commons.math.stat.regression.SimpleRegressionTest.testRandom(SimpleRegressionTest.java:262)
    at sun.reflect.NativeMethodAccessorImpl.invoke0(Native Method)
21:42:12.841 [pool-179-thread-1] INFO  f.i.l.r.n.s.ConstraintModelBuilder$1PassingListener - Tests run finished (1 ms)
<> Total tests run: 1
<> Ignored tests: 0
<> Failed tests: 1
~ testRandom(org.apache.commons.math.stat.regression.SimpleRegressionTest)
[null]
junit.framework.AssertionFailedError    at junit.framework.Assert.fail(Assert.java:55)
    at junit.framework.Assert.assertTrue(Assert.java:22)
    at junit.framework.Assert.assertTrue(Assert.java:31)
    at junit.framework.TestCase.assertTrue(TestCase.java:201)
    at org.apache.commons.math.stat.regression.SimpleRegressionTest.testRandom(SimpleRegressionTest.java:262)
    at sun.reflect.NativeMethodAccessorImpl.invoke0(Native Method)

21:42:12.842 [pool-180-thread-1] INFO  f.i.l.r.n.s.ConstraintModelBuilder$1PassingListener - Tests run finished (0 ms)
<> Total tests run: 1
<> Ignored tests: 0
<> Failed tests: 0

21:42:12.842 [pool-181-thread-1] INFO  f.i.l.r.n.s.ConstraintModelBuilder$1PassingListener - Tests run finished (0 ms)
<> Total tests run: 1
<> Ignored tests: 0
<> Failed tests: 0

21:42:12.843 [pool-182-thread-1] INFO  f.i.l.r.n.s.ConstraintModelBuilder$1PassingListener - Tests run finished (0 ms)
<> Total tests run: 1
<> Ignored tests: 0
<> Failed tests: 0

21:42:12.845 [pool-183-thread-1] INFO  f.i.l.r.n.s.ConstraintModelBuilder$1PassingListener - Tests run finished (1 ms)
<> Total tests run: 1
<> Ignored tests: 0
<> Failed tests: 0

junit.framework.AssertionFailedError
    at junit.framework.Assert.fail(Assert.java:55)
    at junit.framework.Assert.assertTrue(Assert.java:22)
    at junit.framework.Assert.assertTrue(Assert.java:31)
    at junit.framework.TestCase.assertTrue(TestCase.java:201)
    at org.apache.commons.math.stat.regression.SimpleRegressionTest.testSSENonNegative(SimpleRegressionTest.java:275)
    at sun.reflect.NativeMethodAccessorImpl.invoke0(Native Method)
21:42:12.846 [pool-184-thread-1] INFO  f.i.l.r.n.s.ConstraintModelBuilder$1PassingListener - Tests run finished (0 ms)
<> Total tests run: 1
<> Ignored tests: 0
<> Failed tests: 1
~ testSSENonNegative(org.apache.commons.math.stat.regression.SimpleRegressionTest)
[null]
junit.framework.AssertionFailedError    at junit.framework.Assert.fail(Assert.java:55)
    at junit.framework.Assert.assertTrue(Assert.java:22)
    at junit.framework.Assert.assertTrue(Assert.java:31)
    at junit.framework.TestCase.assertTrue(TestCase.java:201)
    at org.apache.commons.math.stat.regression.SimpleRegressionTest.testSSENonNegative(SimpleRegressionTest.java:275)
    at sun.reflect.NativeMethodAccessorImpl.invoke0(Native Method)

21:42:12.847 [pool-185-thread-1] INFO  f.i.l.r.n.s.ConstraintModelBuilder$1PassingListener - Tests run finished (0 ms)
<> Total tests run: 1
<> Ignored tests: 0
<> Failed tests: 0

21:42:12.848 [pool-186-thread-1] INFO  f.i.l.r.n.s.ConstraintModelBuilder$1PassingListener - Tests run finished (0 ms)
<> Total tests run: 1
<> Ignored tests: 0
<> Failed tests: 0

21:42:12.852 [pool-187-thread-1] INFO  f.i.l.r.n.s.ConstraintModelBuilder$1PassingListener - Tests run finished (4 ms)
<> Total tests run: 1
<> Ignored tests: 0
<> Failed tests: 0

21:42:12.853 [pool-188-thread-1] INFO  f.i.l.r.n.s.ConstraintModelBuilder$1PassingListener - Tests run finished (0 ms)
<> Total tests run: 1
<> Ignored tests: 0
<> Failed tests: 0

21:42:12.855 [pool-189-thread-1] INFO  f.i.l.c.t.SpecificationTestCasesListener - Tests run finished (1 ms)
<> Total tests run: 1
<> Ignored tests: 0
<> Failed tests: 0

21:42:12.856 [pool-190-thread-1] INFO  f.i.l.c.t.SpecificationTestCasesListener - Tests run finished (0 ms)
<> Total tests run: 1
<> Ignored tests: 0
<> Failed tests: 0

21:42:12.858 [pool-191-thread-1] INFO  f.i.l.c.t.SpecificationTestCasesListener - Tests run finished (1 ms)
<> Total tests run: 1
<> Ignored tests: 0
<> Failed tests: 0

21:42:12.861 [pool-192-thread-1] INFO  f.i.l.c.t.SpecificationTestCasesListener - Tests run finished (2 ms)
<> Total tests run: 1
<> Ignored tests: 0
<> Failed tests: 0

21:42:12.863 [pool-193-thread-1] INFO  f.i.l.c.t.SpecificationTestCasesListener - Tests run finished (1 ms)
<> Total tests run: 1
<> Ignored tests: 0
<> Failed tests: 0

21:42:12.864 [pool-194-thread-1] INFO  f.i.l.c.t.SpecificationTestCasesListener - Tests run finished (1 ms)
<> Total tests run: 1
<> Ignored tests: 0
<> Failed tests: 0

21:42:12.868 [pool-195-thread-1] INFO  f.i.l.c.t.SpecificationTestCasesListener - Tests run finished (3 ms)
<> Total tests run: 1
<> Ignored tests: 0
<> Failed tests: 0

21:42:12.967 [pool-167-thread-1] DEBUG f.i.l.c.s.ConstraintBasedSynthesis - Operators:
21:42:13.087 [pool-167-thread-1] DEBUG f.i.l.c.s.ConstraintBasedSynthesis - Operators:
== of arity: 2
!= of arity: 2
< of arity: 2
<= of arity: 2
21:42:21.104 [pool-167-thread-1] DEBUG f.i.l.c.s.ConstraintBasedSynthesis - Successful code synthesis: (org.apache.commons.math.stat.regression.SimpleRegression.this.xbar) != (x)
21:42:21.104 [pool-167-thread-1] INFO  f.i.l.repair.nopol.patch.TestPatch - Applying patch: org.apache.commons.math.stat.regression.SimpleRegression:114: PRECONDITION (org.apache.commons.math.stat.regression.SimpleRegression.this.xbar) != (x)
21:42:21.200 [pool-167-thread-1] INFO  f.i.l.repair.nopol.patch.TestPatch - Running test suite to check the patch "(org.apache.commons.math.stat.regression.SimpleRegression.this.xbar) != (x)" is working
21:42:21.222 [pool-167-thread-1] INFO  f.i.l.repair.nopol.patch.TestPatch - Failing tests [testSSENonNegative(org.apache.commons.math.stat.regression.SimpleRegressionTest): null]
21:42:21.222 [pool-167-thread-1] DEBUG fr.inria.lille.repair.nopol.NoPol - Could not find a valid patch in SourceLocation org.apache.commons.math.stat.regression.SimpleRegression:114
21:42:21.222 [pool-2-thread-1] DEBUG fr.inria.lille.repair.nopol.NoPol - statement #76
21:42:21.222 [pool-2-thread-1] DEBUG fr.inria.lille.repair.nopol.NoPol - Analysing SourceLocation org.apache.commons.math.stat.regression.SimpleRegression:113 which is executed by 9 tests
1254153140
21:42:21.285 [pool-2-thread-1] DEBUG fr.inria.lille.repair.nopol.NoPol - looking with class fr.inria.lille.repair.nopol.spoon.smt.ConditionalAdder
junit.framework.AssertionFailedError
    at junit.framework.Assert.fail(Assert.java:55)
    at junit.framework.Assert.assertTrue(Assert.java:22)
    at junit.framework.Assert.assertTrue(Assert.java:31)
    at junit.framework.TestCase.assertTrue(TestCase.java:201)
    at org.apache.commons.math.stat.regression.SimpleRegressionTest.testSSENonNegative(SimpleRegressionTest.java:275)
    at sun.reflect.NativeMethodAccessorImpl.invoke0(Native Method)
21:42:21.301 [pool-206-thread-1] INFO  xxl.java.junit.TestCasesListener - Tests run finished (14 ms)
<> Total tests run: 9
<> Ignored tests: 0
<> Failed tests: 1
~ testSSENonNegative(org.apache.commons.math.stat.regression.SimpleRegressionTest)
[null]
junit.framework.AssertionFailedError    at junit.framework.Assert.fail(Assert.java:55)
    at junit.framework.Assert.assertTrue(Assert.java:22)
    at junit.framework.Assert.assertTrue(Assert.java:31)
    at junit.framework.TestCase.assertTrue(TestCase.java:201)
    at org.apache.commons.math.stat.regression.SimpleRegressionTest.testSSENonNegative(SimpleRegressionTest.java:275)
    at sun.reflect.NativeMethodAccessorImpl.invoke0(Native Method)

junit.framework.AssertionFailedError
    at junit.framework.Assert.fail(Assert.java:55)
    at junit.framework.Assert.assertTrue(Assert.java:22)
    at junit.framework.Assert.assertTrue(Assert.java:31)
    at junit.framework.TestCase.assertTrue(TestCase.java:201)
    at org.apache.commons.math.stat.regression.SimpleRegressionTest.testSSENonNegative(SimpleRegressionTest.java:275)
    at sun.reflect.NativeMethodAccessorImpl.invoke0(Native Method)
21:42:21.409 [pool-207-thread-1] INFO  f.i.l.c.t.SpecificationTestCasesListener - Tests run finished (1 ms)
<> Total tests run: 1
<> Ignored tests: 0
<> Failed tests: 1
~ testSSENonNegative(org.apache.commons.math.stat.regression.SimpleRegressionTest)
[null]
junit.framework.AssertionFailedError    at junit.framework.Assert.fail(Assert.java:55)
    at junit.framework.Assert.assertTrue(Assert.java:22)
    at junit.framework.Assert.assertTrue(Assert.java:31)
    at junit.framework.TestCase.assertTrue(TestCase.java:201)
    at org.apache.commons.math.stat.regression.SimpleRegressionTest.testSSENonNegative(SimpleRegressionTest.java:275)
    at sun.reflect.NativeMethodAccessorImpl.invoke0(Native Method)

junit.framework.AssertionFailedError
    at junit.framework.Assert.fail(Assert.java:55)
    at junit.framework.Assert.assertTrue(Assert.java:22)
    at junit.framework.Assert.assertTrue(Assert.java:31)
    at junit.framework.TestCase.assertTrue(TestCase.java:201)
    at org.apache.commons.math.stat.regression.SimpleRegressionTest.testSSENonNegative(SimpleRegressionTest.java:275)
    at sun.reflect.NativeMethodAccessorImpl.invoke0(Native Method)
21:42:21.410 [pool-208-thread-1] INFO  f.i.l.c.t.SpecificationTestCasesListener - Tests run finished (0 ms)
<> Total tests run: 1
<> Ignored tests: 0
<> Failed tests: 1
~ testSSENonNegative(org.apache.commons.math.stat.regression.SimpleRegressionTest)
[null]
junit.framework.AssertionFailedError    at junit.framework.Assert.fail(Assert.java:55)
    at junit.framework.Assert.assertTrue(Assert.java:22)
    at junit.framework.Assert.assertTrue(Assert.java:31)
    at junit.framework.TestCase.assertTrue(TestCase.java:201)
    at org.apache.commons.math.stat.regression.SimpleRegressionTest.testSSENonNegative(SimpleRegressionTest.java:275)
    at sun.reflect.NativeMethodAccessorImpl.invoke0(Native Method)

21:42:21.411 [pool-205-thread-1] DEBUG tests.output - Failing tests with false: 
[testSSENonNegative(org.apache.commons.math.stat.regression.SimpleRegressionTest): null]
21:42:21.411 [pool-205-thread-1] DEBUG tests.output - Failing tests with true: 
[testSSENonNegative(org.apache.commons.math.stat.regression.SimpleRegressionTest): null]
21:42:21.411 [pool-205-thread-1] INFO  f.i.l.r.n.synth.SMTNopolSynthesizer - Not enough specifications: 0. A trivial patch is "true" or "false", please write new tests specifying SourceLocation org.apache.commons.math.stat.regression.SimpleRegression:113.
21:42:21.411 [pool-2-thread-1] DEBUG fr.inria.lille.repair.nopol.NoPol - statement #77
21:42:21.411 [pool-2-thread-1] DEBUG fr.inria.lille.repair.nopol.NoPol - Analysing SourceLocation org.apache.commons.math.stat.regression.SimpleRegression:112 which is executed by 9 tests
1254153140
21:42:21.473 [pool-2-thread-1] DEBUG fr.inria.lille.repair.nopol.NoPol - looking with class fr.inria.lille.repair.nopol.spoon.smt.ConditionalAdder
junit.framework.AssertionFailedError
    at junit.framework.Assert.fail(Assert.java:55)
    at junit.framework.Assert.assertTrue(Assert.java:22)
    at junit.framework.Assert.assertTrue(Assert.java:31)
    at junit.framework.TestCase.assertTrue(TestCase.java:201)
    at org.apache.commons.math.stat.regression.SimpleRegressionTest.testSSENonNegative(SimpleRegressionTest.java:275)
    at sun.reflect.NativeMethodAccessorImpl.invoke0(Native Method)
21:42:21.489 [pool-210-thread-1] INFO  xxl.java.junit.TestCasesListener - Tests run finished (14 ms)
<> Total tests run: 9
<> Ignored tests: 0
<> Failed tests: 1
~ testSSENonNegative(org.apache.commons.math.stat.regression.SimpleRegressionTest)
[null]
junit.framework.AssertionFailedError    at junit.framework.Assert.fail(Assert.java:55)
    at junit.framework.Assert.assertTrue(Assert.java:22)
    at junit.framework.Assert.assertTrue(Assert.java:31)
    at junit.framework.TestCase.assertTrue(TestCase.java:201)
    at org.apache.commons.math.stat.regression.SimpleRegressionTest.testSSENonNegative(SimpleRegressionTest.java:275)
    at sun.reflect.NativeMethodAccessorImpl.invoke0(Native Method)

junit.framework.AssertionFailedError
    at junit.framework.Assert.fail(Assert.java:55)
    at junit.framework.Assert.assertTrue(Assert.java:22)
    at junit.framework.Assert.assertTrue(Assert.java:31)
    at junit.framework.TestCase.assertTrue(TestCase.java:201)
    at org.apache.commons.math.stat.regression.SimpleRegressionTest.testSSENonNegative(SimpleRegressionTest.java:275)
    at sun.reflect.NativeMethodAccessorImpl.invoke0(Native Method)
21:42:21.596 [pool-211-thread-1] INFO  f.i.l.c.t.SpecificationTestCasesListener - Tests run finished (1 ms)
<> Total tests run: 1
<> Ignored tests: 0
<> Failed tests: 1
~ testSSENonNegative(org.apache.commons.math.stat.regression.SimpleRegressionTest)
[null]
junit.framework.AssertionFailedError    at junit.framework.Assert.fail(Assert.java:55)
    at junit.framework.Assert.assertTrue(Assert.java:22)
    at junit.framework.Assert.assertTrue(Assert.java:31)
    at junit.framework.TestCase.assertTrue(TestCase.java:201)
    at org.apache.commons.math.stat.regression.SimpleRegressionTest.testSSENonNegative(SimpleRegressionTest.java:275)
    at sun.reflect.NativeMethodAccessorImpl.invoke0(Native Method)

junit.framework.AssertionFailedError
    at junit.framework.Assert.fail(Assert.java:55)
    at junit.framework.Assert.assertTrue(Assert.java:22)
    at junit.framework.Assert.assertTrue(Assert.java:31)
    at junit.framework.TestCase.assertTrue(TestCase.java:201)
    at org.apache.commons.math.stat.regression.SimpleRegressionTest.testSSENonNegative(SimpleRegressionTest.java:275)
    at sun.reflect.NativeMethodAccessorImpl.invoke0(Native Method)
21:42:21.597 [pool-212-thread-1] INFO  f.i.l.c.t.SpecificationTestCasesListener - Tests run finished (0 ms)
<> Total tests run: 1
<> Ignored tests: 0
<> Failed tests: 1
~ testSSENonNegative(org.apache.commons.math.stat.regression.SimpleRegressionTest)
[null]
junit.framework.AssertionFailedError    at junit.framework.Assert.fail(Assert.java:55)
    at junit.framework.Assert.assertTrue(Assert.java:22)
    at junit.framework.Assert.assertTrue(Assert.java:31)
    at junit.framework.TestCase.assertTrue(TestCase.java:201)
    at org.apache.commons.math.stat.regression.SimpleRegressionTest.testSSENonNegative(SimpleRegressionTest.java:275)
    at sun.reflect.NativeMethodAccessorImpl.invoke0(Native Method)

21:42:21.598 [pool-209-thread-1] DEBUG tests.output - Failing tests with false: 
[testSSENonNegative(org.apache.commons.math.stat.regression.SimpleRegressionTest): null]
21:42:21.598 [pool-209-thread-1] DEBUG tests.output - Failing tests with true: 
[testSSENonNegative(org.apache.commons.math.stat.regression.SimpleRegressionTest): null]
21:42:21.598 [pool-209-thread-1] INFO  f.i.l.r.n.synth.SMTNopolSynthesizer - Not enough specifications: 0. A trivial patch is "true" or "false", please write new tests specifying SourceLocation org.apache.commons.math.stat.regression.SimpleRegression:112.
21:42:21.598 [pool-2-thread-1] DEBUG fr.inria.lille.repair.nopol.NoPol - statement #78
21:42:21.598 [pool-2-thread-1] DEBUG fr.inria.lille.repair.nopol.NoPol - Analysing SourceLocation org.apache.commons.math.stat.regression.SimpleRegression:111 which is executed by 9 tests
1254153140
21:42:21.660 [pool-2-thread-1] DEBUG fr.inria.lille.repair.nopol.NoPol - statement #79
21:42:21.660 [pool-2-thread-1] DEBUG fr.inria.lille.repair.nopol.NoPol - Analysing SourceLocation org.apache.commons.math.stat.regression.SimpleRegression:110 which is executed by 9 tests
1254153140
21:42:21.721 [pool-2-thread-1] DEBUG fr.inria.lille.repair.nopol.NoPol - statement #80
21:42:21.721 [pool-2-thread-1] DEBUG fr.inria.lille.repair.nopol.NoPol - Analysing SourceLocation org.apache.commons.math.stat.regression.SimpleRegression:108 which is executed by 9 tests
1254153140
21:42:21.782 [pool-2-thread-1] DEBUG fr.inria.lille.repair.nopol.NoPol - looking with class fr.inria.lille.repair.nopol.spoon.smt.ConditionalAdder
junit.framework.AssertionFailedError
    at junit.framework.Assert.fail(Assert.java:55)
    at junit.framework.Assert.assertTrue(Assert.java:22)
    at junit.framework.Assert.assertTrue(Assert.java:31)
    at junit.framework.TestCase.assertTrue(TestCase.java:201)
    at org.apache.commons.math.stat.regression.SimpleRegressionTest.testSSENonNegative(SimpleRegressionTest.java:275)
    at sun.reflect.NativeMethodAccessorImpl.invoke0(Native Method)
21:42:21.798 [pool-214-thread-1] INFO  xxl.java.junit.TestCasesListener - Tests run finished (14 ms)
<> Total tests run: 9
<> Ignored tests: 0
<> Failed tests: 1
~ testSSENonNegative(org.apache.commons.math.stat.regression.SimpleRegressionTest)
[null]
junit.framework.AssertionFailedError    at junit.framework.Assert.fail(Assert.java:55)
    at junit.framework.Assert.assertTrue(Assert.java:22)
    at junit.framework.Assert.assertTrue(Assert.java:31)
    at junit.framework.TestCase.assertTrue(TestCase.java:201)
    at org.apache.commons.math.stat.regression.SimpleRegressionTest.testSSENonNegative(SimpleRegressionTest.java:275)
    at sun.reflect.NativeMethodAccessorImpl.invoke0(Native Method)

21:42:21.913 [pool-215-thread-1] INFO  f.i.l.c.t.SpecificationTestCasesListener - Tests run finished (2 ms)
<> Total tests run: 1
<> Ignored tests: 0
<> Failed tests: 0

junit.framework.AssertionFailedError
    at junit.framework.Assert.fail(Assert.java:55)
    at junit.framework.Assert.assertTrue(Assert.java:22)
    at junit.framework.Assert.assertTrue(Assert.java:31)
    at junit.framework.TestCase.assertTrue(TestCase.java:201)
    at org.apache.commons.math.stat.regression.SimpleRegressionTest.testSSENonNegative(SimpleRegressionTest.java:275)
    at sun.reflect.NativeMethodAccessorImpl.invoke0(Native Method)
21:42:21.914 [pool-216-thread-1] INFO  f.i.l.c.t.SpecificationTestCasesListener - Tests run finished (0 ms)
<> Total tests run: 1
<> Ignored tests: 0
<> Failed tests: 1
~ testSSENonNegative(org.apache.commons.math.stat.regression.SimpleRegressionTest)
[null]
junit.framework.AssertionFailedError    at junit.framework.Assert.fail(Assert.java:55)
    at junit.framework.Assert.assertTrue(Assert.java:22)
    at junit.framework.Assert.assertTrue(Assert.java:31)
    at junit.framework.TestCase.assertTrue(TestCase.java:201)
    at org.apache.commons.math.stat.regression.SimpleRegressionTest.testSSENonNegative(SimpleRegressionTest.java:275)
    at sun.reflect.NativeMethodAccessorImpl.invoke0(Native Method)

junit.framework.AssertionFailedError: r-square expected:<0.896123> but was:<0.8074001215691231>
    at junit.framework.Assert.fail(Assert.java:57)
    at junit.framework.Assert.failNotEquals(Assert.java:329)
    at junit.framework.Assert.assertEquals(Assert.java:120)
    at junit.framework.TestCase.assertEquals(TestCase.java:279)
    at org.apache.commons.math.stat.regression.SimpleRegressionTest.testClear(SimpleRegressionTest.java:188)
    at sun.reflect.NativeMethodAccessorImpl.invoke0(Native Method)
21:42:21.916 [pool-217-thread-1] INFO  f.i.l.r.n.s.ConstraintModelBuilder$1PassingListener - Tests run finished (1 ms)
<> Total tests run: 1
<> Ignored tests: 0
<> Failed tests: 1
~ testClear(org.apache.commons.math.stat.regression.SimpleRegressionTest)
[r-square expected:<0.896123> but was:<0.8074001215691231>]
junit.framework.AssertionFailedError: r-square expected:<0.896123> but was:<0.8074001215691231>    at junit.framework.Assert.fail(Assert.java:57)
    at junit.framework.Assert.failNotEquals(Assert.java:329)
    at junit.framework.Assert.assertEquals(Assert.java:120)
    at junit.framework.TestCase.assertEquals(TestCase.java:279)
    at org.apache.commons.math.stat.regression.SimpleRegressionTest.testClear(SimpleRegressionTest.java:188)
    at sun.reflect.NativeMethodAccessorImpl.invoke0(Native Method)

junit.framework.AssertionFailedError: r-square expected:<0.896123> but was:<0.626765964532035>
    at junit.framework.Assert.fail(Assert.java:57)
    at junit.framework.Assert.failNotEquals(Assert.java:329)
    at junit.framework.Assert.assertEquals(Assert.java:120)
    at junit.framework.TestCase.assertEquals(TestCase.java:279)
    at org.apache.commons.math.stat.regression.SimpleRegressionTest.testCorr(SimpleRegressionTest.java:119)
    at sun.reflect.NativeMethodAccessorImpl.invoke0(Native Method)
21:42:21.916 [pool-218-thread-1] INFO  f.i.l.r.n.s.ConstraintModelBuilder$1PassingListener - Tests run finished (0 ms)
<> Total tests run: 1
<> Ignored tests: 0
<> Failed tests: 1
~ testCorr(org.apache.commons.math.stat.regression.SimpleRegressionTest)
[r-square expected:<0.896123> but was:<0.626765964532035>]
junit.framework.AssertionFailedError: r-square expected:<0.896123> but was:<0.626765964532035>    at junit.framework.Assert.fail(Assert.java:57)
    at junit.framework.Assert.failNotEquals(Assert.java:329)
    at junit.framework.Assert.assertEquals(Assert.java:120)
    at junit.framework.TestCase.assertEquals(TestCase.java:279)
    at org.apache.commons.math.stat.regression.SimpleRegressionTest.testCorr(SimpleRegressionTest.java:119)
    at sun.reflect.NativeMethodAccessorImpl.invoke0(Native Method)

21:42:21.917 [pool-219-thread-1] INFO  f.i.l.r.n.s.ConstraintModelBuilder$1PassingListener - Tests run finished (0 ms)
<> Total tests run: 1
<> Ignored tests: 0
<> Failed tests: 0

21:42:21.928 [pool-220-thread-1] INFO  f.i.l.r.n.s.ConstraintModelBuilder$1PassingListener - Tests run finished (10 ms)
<> Total tests run: 1
<> Ignored tests: 0
<> Failed tests: 0

21:42:21.929 [pool-221-thread-1] INFO  f.i.l.r.n.s.ConstraintModelBuilder$1PassingListener - Tests run finished (0 ms)
<> Total tests run: 1
<> Ignored tests: 0
<> Failed tests: 0

21:42:21.929 [pool-222-thread-1] INFO  f.i.l.r.n.s.ConstraintModelBuilder$1PassingListener - Tests run finished (0 ms)
<> Total tests run: 1
<> Ignored tests: 0
<> Failed tests: 0

junit.framework.AssertionFailedError: slope expected:<1.00211681802045> but was:<1.0021267042514035>
    at junit.framework.Assert.fail(Assert.java:57)
    at junit.framework.Assert.failNotEquals(Assert.java:329)
    at junit.framework.Assert.assertEquals(Assert.java:120)
    at junit.framework.TestCase.assertEquals(TestCase.java:279)
    at org.apache.commons.math.stat.regression.SimpleRegressionTest.testNorris(SimpleRegressionTest.java:91)
    at sun.reflect.NativeMethodAccessorImpl.invoke0(Native Method)
21:42:21.930 [pool-223-thread-1] INFO  f.i.l.r.n.s.ConstraintModelBuilder$1PassingListener - Tests run finished (0 ms)
<> Total tests run: 1
<> Ignored tests: 0
<> Failed tests: 1
~ testNorris(org.apache.commons.math.stat.regression.SimpleRegressionTest)
[slope expected:<1.00211681802045> but was:<1.0021267042514035>]
junit.framework.AssertionFailedError: slope expected:<1.00211681802045> but was:<1.0021267042514035>    at junit.framework.Assert.fail(Assert.java:57)
    at junit.framework.Assert.failNotEquals(Assert.java:329)
    at junit.framework.Assert.assertEquals(Assert.java:120)
    at junit.framework.TestCase.assertEquals(TestCase.java:279)
    at org.apache.commons.math.stat.regression.SimpleRegressionTest.testNorris(SimpleRegressionTest.java:91)
    at sun.reflect.NativeMethodAccessorImpl.invoke0(Native Method)

junit.framework.AssertionFailedError: slope std err expected:<0.011448491> but was:<0.040126420900992874>
    at junit.framework.Assert.fail(Assert.java:57)
    at junit.framework.Assert.failNotEquals(Assert.java:329)
    at junit.framework.Assert.assertEquals(Assert.java:120)
    at junit.framework.TestCase.assertEquals(TestCase.java:279)
    at org.apache.commons.math.stat.regression.SimpleRegressionTest.testInference(SimpleRegressionTest.java:198)
    at sun.reflect.NativeMethodAccessorImpl.invoke0(Native Method)
21:42:21.931 [pool-224-thread-1] INFO  f.i.l.r.n.s.ConstraintModelBuilder$1PassingListener - Tests run finished (0 ms)
<> Total tests run: 1
<> Ignored tests: 0
<> Failed tests: 1
~ testInference(org.apache.commons.math.stat.regression.SimpleRegressionTest)
[slope std err expected:<0.011448491> but was:<0.040126420900992874>]
junit.framework.AssertionFailedError: slope std err expected:<0.011448491> but was:<0.040126420900992874>    at junit.framework.Assert.fail(Assert.java:57)
    at junit.framework.Assert.failNotEquals(Assert.java:329)
    at junit.framework.Assert.assertEquals(Assert.java:120)
    at junit.framework.TestCase.assertEquals(TestCase.java:279)
    at org.apache.commons.math.stat.regression.SimpleRegressionTest.testInference(SimpleRegressionTest.java:198)
    at sun.reflect.NativeMethodAccessorImpl.invoke0(Native Method)

21:42:21.932 [pool-225-thread-1] INFO  f.i.l.r.n.s.ConstraintModelBuilder$1PassingListener - Tests run finished (0 ms)
<> Total tests run: 1
<> Ignored tests: 0
<> Failed tests: 0

21:42:21.933 [pool-226-thread-1] INFO  f.i.l.r.n.s.ConstraintModelBuilder$1PassingListener - Tests run finished (0 ms)
<> Total tests run: 1
<> Ignored tests: 0
<> Failed tests: 0

21:42:21.933 [pool-227-thread-1] INFO  f.i.l.r.n.s.ConstraintModelBuilder$1PassingListener - Tests run finished (0 ms)
<> Total tests run: 1
<> Ignored tests: 0
<> Failed tests: 0

21:42:21.934 [pool-228-thread-1] INFO  f.i.l.r.n.s.ConstraintModelBuilder$1PassingListener - Tests run finished (0 ms)
<> Total tests run: 1
<> Ignored tests: 0
<> Failed tests: 0

21:42:21.935 [pool-229-thread-1] INFO  f.i.l.r.n.s.ConstraintModelBuilder$1PassingListener - Tests run finished (0 ms)
<> Total tests run: 1
<> Ignored tests: 0
<> Failed tests: 0

junit.framework.AssertionFailedError
    at junit.framework.Assert.fail(Assert.java:55)
    at junit.framework.Assert.assertTrue(Assert.java:22)
    at junit.framework.Assert.assertTrue(Assert.java:31)
    at junit.framework.TestCase.assertTrue(TestCase.java:201)
    at org.apache.commons.math.stat.regression.SimpleRegressionTest.testSSENonNegative(SimpleRegressionTest.java:275)
    at sun.reflect.NativeMethodAccessorImpl.invoke0(Native Method)
21:42:21.936 [pool-230-thread-1] INFO  f.i.l.r.n.s.ConstraintModelBuilder$1PassingListener - Tests run finished (0 ms)
<> Total tests run: 1
<> Ignored tests: 0
<> Failed tests: 1
~ testSSENonNegative(org.apache.commons.math.stat.regression.SimpleRegressionTest)
[null]
junit.framework.AssertionFailedError    at junit.framework.Assert.fail(Assert.java:55)
    at junit.framework.Assert.assertTrue(Assert.java:22)
    at junit.framework.Assert.assertTrue(Assert.java:31)
    at junit.framework.TestCase.assertTrue(TestCase.java:201)
    at org.apache.commons.math.stat.regression.SimpleRegressionTest.testSSENonNegative(SimpleRegressionTest.java:275)
    at sun.reflect.NativeMethodAccessorImpl.invoke0(Native Method)

21:42:21.937 [pool-231-thread-1] INFO  f.i.l.r.n.s.ConstraintModelBuilder$1PassingListener - Tests run finished (1 ms)
<> Total tests run: 1
<> Ignored tests: 0
<> Failed tests: 0

21:42:21.937 [pool-232-thread-1] INFO  f.i.l.r.n.s.ConstraintModelBuilder$1PassingListener - Tests run finished (0 ms)
<> Total tests run: 1
<> Ignored tests: 0
<> Failed tests: 0

21:42:21.941 [pool-233-thread-1] INFO  f.i.l.r.n.s.ConstraintModelBuilder$1PassingListener - Tests run finished (3 ms)
<> Total tests run: 1
<> Ignored tests: 0
<> Failed tests: 0

21:42:21.942 [pool-234-thread-1] INFO  f.i.l.r.n.s.ConstraintModelBuilder$1PassingListener - Tests run finished (0 ms)
<> Total tests run: 1
<> Ignored tests: 0
<> Failed tests: 0

21:42:21.943 [pool-235-thread-1] INFO  f.i.l.c.t.SpecificationTestCasesListener - Tests run finished (0 ms)
<> Total tests run: 1
<> Ignored tests: 0
<> Failed tests: 0

21:42:21.944 [pool-236-thread-1] INFO  f.i.l.c.t.SpecificationTestCasesListener - Tests run finished (0 ms)
<> Total tests run: 1
<> Ignored tests: 0
<> Failed tests: 0

21:42:21.945 [pool-237-thread-1] INFO  f.i.l.c.t.SpecificationTestCasesListener - Tests run finished (0 ms)
<> Total tests run: 1
<> Ignored tests: 0
<> Failed tests: 0

21:42:21.946 [pool-238-thread-1] INFO  f.i.l.c.t.SpecificationTestCasesListener - Tests run finished (1 ms)
<> Total tests run: 1
<> Ignored tests: 0
<> Failed tests: 0

21:42:22.027 [pool-213-thread-1] DEBUG f.i.l.c.s.ConstraintBasedSynthesis - Operators:
21:42:22.037 [pool-213-thread-1] DEBUG f.i.l.c.s.ConstraintBasedSynthesis - Operators:
== of arity: 2
!= of arity: 2
< of arity: 2
<= of arity: 2
21:42:22.110 [pool-213-thread-1] DEBUG f.i.l.c.s.ConstraintBasedSynthesis - Successful code synthesis: y <= x
21:42:22.110 [pool-213-thread-1] INFO  f.i.l.repair.nopol.patch.TestPatch - Applying patch: org.apache.commons.math.stat.regression.SimpleRegression:108: PRECONDITION y <= x
21:42:22.219 [pool-213-thread-1] INFO  f.i.l.repair.nopol.patch.TestPatch - Running test suite to check the patch "y <= x" is working
21:42:22.251 [pool-2-thread-1] INFO  fr.inria.lille.repair.nopol.NoPol - ----INFORMATION----
21:42:22.314 [pool-2-thread-1] INFO  fr.inria.lille.repair.nopol.NoPol - Nb classes : 139
21:42:22.314 [pool-2-thread-1] INFO  fr.inria.lille.repair.nopol.NoPol - Nb methods : 978
21:42:22.314 [pool-2-thread-1] INFO  fr.inria.lille.repair.nopol.NoPol - Nb Statements Analyzed : 9
21:42:22.314 [pool-2-thread-1] INFO  fr.inria.lille.repair.nopol.NoPol - Nb Statements with Angelic Value Found : 4
21:42:22.314 [pool-2-thread-1] INFO  fr.inria.lille.repair.nopol.NoPol - Nb inputs in SMT : 6
21:42:22.314 [pool-2-thread-1] INFO  fr.inria.lille.repair.nopol.NoPol - Nb SMT level: 2
21:42:22.314 [pool-2-thread-1] INFO  fr.inria.lille.repair.nopol.NoPol - Nb SMT components: [4] [== of arity: 2, != of arity: 2, < of arity: 2, <= of arity: 2]
21:42:22.314 [pool-2-thread-1] INFO  fr.inria.lille.repair.nopol.NoPol -                   class java.lang.Boolean: 4
21:42:22.314 [pool-2-thread-1] INFO  fr.inria.lille.repair.nopol.NoPol - Nb variables in SMT : 18
21:42:22.315 [pool-2-thread-1] INFO  fr.inria.lille.repair.nopol.NoPol - NoPol Execution time : 30279ms
21:42:22.315 [pool-2-thread-1] INFO  fr.inria.lille.repair.nopol.NoPol - 
21:42:22.315 [pool-2-thread-1] INFO  fr.inria.lille.repair.nopol.NoPol - ----PATCH FOUND----
21:42:22.315 [pool-2-thread-1] INFO  fr.inria.lille.repair.nopol.NoPol - y <= x
21:42:22.332 [pool-2-thread-1] INFO  fr.inria.lille.repair.nopol.NoPol - Nb test that executes the patch: 9
21:42:22.332 [pool-2-thread-1] INFO  fr.inria.lille.repair.nopol.NoPol - org.apache.commons.math.stat.regression.SimpleRegression:108: PRECONDITION
21:42:22.350 [pool-2-thread-1] INFO  fr.inria.lille.repair.nopol.NoPol - --- a/src/java/org/apache/commons/math/stat/regression/SimpleRegression.java
+++ b/src/java/org/apache/commons/math/stat/regression/SimpleRegression.java
@@ -107,3 +107,5 @@
             xbar = x;
-            ybar = y;
+            if (y <= x) {
+                ybar = y;
+            }
         } else {

PATCH
81.95user 3.46system 0:31.57elapsed 270%CPU (0avgtext+0avgdata 905560maxresident)k
67392inputs+7712outputs (24major+384745minor)pagefaults 0swaps


Node: petitprince-16.luxembourg.grid5000.fr



Date: Wed Nov 28 21:42:22 EST 2018

