cd /tmp/DynaMoth_QuixBugs_SHORTEST_PATH_LENGTHS_;
export JAVA_TOOL_OPTIONS="-Dfile.encoding=UTF8 -Duser.language=en-US -Duser.country=US -Duser.language=en";
TZ="America/New_York"; export TZ;
export PATH="/usr/lib/jvm/java-1.8.0-openjdk-amd64/bin/:$PATH";
export JAVA_HOME="/usr/lib/jvm/java-1.8.0-openjdk-amd64/bin/";
time java -Xmx4g -Xms1g -cp /home/tdurieux/defects4j4repair/script/../repair_tools/nopol.jar:/usr/lib/jvm/java-1.8.0-openjdk-amd64/bin//../lib/tools.jar fr.inria.lille.repair.Main \
	--mode repair \
	--type pre_then_cond \
	--oracle angelic \
	--synthesis dynamoth \
	--flocal gzoltar \
	--json \
	--solver z3 \
	--solver-path /home/tdurieux/defects4j4repair/script/../libs/z3/build/z3 \
	--complianceLevel 8 \
	--source src/main/java \
	--classpath "target/classes:target/test-classes:/home/tdurieux/.m2/repository/junit/junit/4.11/junit-4.11.jar:/home/tdurieux/.m2/repository/org/hamcrest/hamcrest-core/1.3/hamcrest-core-1.3.jar:/home/tdurieux/defects4j4repair/script/../repair_tools/nopol.jar";
	echo "\n\nNode: `hostname`\n";
	echo "\n\nDate: `date`\n";
Picked up JAVA_TOOL_OPTIONS: -Dfile.encoding=UTF8 -Duser.language=en-US -Duser.country=US -Duser.language=en
12:03:32.999 [main] INFO  fr.inria.lille.repair.nopol.NoPol - Source files: [src/main/java]
12:03:33.001 [main] INFO  fr.inria.lille.repair.nopol.NoPol - Classpath: [file:/tmp/DynaMoth_QuixBugs_SHORTEST_PATH_LENGTHS_/target/classes/, file:/tmp/DynaMoth_QuixBugs_SHORTEST_PATH_LENGTHS_/target/test-classes/, file:/home/tdurieux/.m2/repository/junit/junit/4.11/junit-4.11.jar, file:/home/tdurieux/.m2/repository/org/hamcrest/hamcrest-core/1.3/hamcrest-core-1.3.jar, file:/home/tdurieux/defects4j4repair/script/../repair_tools/nopol.jar]
12:03:33.002 [main] INFO  fr.inria.lille.repair.nopol.NoPol - Statement type: PRE_THEN_COND
12:03:33.002 [main] INFO  fr.inria.lille.repair.nopol.NoPol - Args: [java_testcases.junit.SHORTEST_PATH_LENGTHS_Test]
12:03:33.003 [main] INFO  fr.inria.lille.repair.nopol.NoPol - Config: Config{synthesisDepth=3, collectStaticMethods=true, collectStaticFields=false, collectLiterals=false, onlyOneSynthesisResult=true, sortExpressions=true, maxLineInvocationPerTest=250, timeoutMethodInvocation=2000, dataCollectionTimeoutInSecondForSynthesis=900, addWeight=0.19478, subWeight=0.04554, mulWeight=0.0102, divWeight=0.00613, andWeight=0.10597, orWeight=0.05708, eqWeight=0.22798, nEqWeight=0.0, lessEqWeight=0.0255, lessWeight=0.0947, methodCallWeight=0.1, fieldAccessWeight=0.08099, constantWeight=0.14232, variableWeight=0.05195, mode=REPAIR, type=PRE_THEN_COND, synthesis=DYNAMOTH, oracle=ANGELIC, solver=Z3, solverPath='/home/tdurieux/defects4j4repair/script/../libs/z3/build/z3', projectSources=[src/main/java], projectClasspath='[Ljava.net.URL;@2ff4f00f', projectTests=[java_testcases.junit.SHORTEST_PATH_LENGTHS_Test], complianceLevel=8, outputFolder=., json=true}
12:03:33.003 [main] INFO  fr.inria.lille.repair.nopol.NoPol - Available processors (cores): 32
12:03:33.008 [main] INFO  fr.inria.lille.repair.nopol.NoPol - Free memory: 940 MB
12:03:33.008 [main] INFO  fr.inria.lille.repair.nopol.NoPol - Maximum memory: 3 GB
12:03:33.008 [main] INFO  fr.inria.lille.repair.nopol.NoPol - Total memory available to JVM: 981 MB
12:03:33.008 [main] INFO  fr.inria.lille.repair.nopol.NoPol - Java version: 1.8.0_181
12:03:33.009 [main] INFO  fr.inria.lille.repair.nopol.NoPol - JAVA_HOME: /usr/lib/jvm/java-1.8.0-openjdk-amd64/bin/
12:03:33.009 [main] INFO  fr.inria.lille.repair.nopol.NoPol - PATH: /usr/lib/jvm/java-1.8.0-openjdk-amd64/bin/:/usr/lib/oar/oardodo:/usr/lib/oar/oardodo:/usr/local/bin:/usr/bin:/bin:/usr/games
12:03:35.201 [pool-2-thread-1] DEBUG fr.inria.lille.repair.nopol.NoPol - statement #1
12:03:35.202 [pool-2-thread-1] DEBUG fr.inria.lille.repair.nopol.NoPol - Analysing SourceLocation java_programs.SHORTEST_PATH_LENGTHS:41 which is executed by 4 tests
2063786665
12:03:35.390 [pool-2-thread-1] DEBUG fr.inria.lille.repair.nopol.NoPol - statement #2
12:03:35.390 [pool-2-thread-1] DEBUG fr.inria.lille.repair.nopol.NoPol - Analysing SourceLocation java_programs.SHORTEST_PATH_LENGTHS:37 which is executed by 4 tests
2063786665
12:03:35.451 [pool-2-thread-1] DEBUG fr.inria.lille.repair.nopol.NoPol - looking with class fr.inria.lille.repair.nopol.spoon.smt.ConditionalAdder
java.lang.AssertionError: expected:<2> but was:<1>
    at org.junit.Assert.fail(Assert.java:88)
    at org.junit.Assert.failNotEquals(Assert.java:743)
    at org.junit.Assert.assertEquals(Assert.java:118)
    at org.junit.Assert.assertEquals(Assert.java:144)
    at java_testcases.junit.SHORTEST_PATH_LENGTHS_Test.test4s(SHORTEST_PATH_LENGTHS_Test.java:85)
    at sun.reflect.NativeMethodAccessorImpl.invoke0(Native Method)
java.lang.AssertionError: expected:<0> but was:<-10>
    at org.junit.Assert.fail(Assert.java:88)
    at org.junit.Assert.failNotEquals(Assert.java:743)
    at org.junit.Assert.assertEquals(Assert.java:118)
    at org.junit.Assert.assertEquals(Assert.java:144)
    at java_testcases.junit.SHORTEST_PATH_LENGTHS_Test.test1(SHORTEST_PATH_LENGTHS_Test.java:31)
    at sun.reflect.NativeMethodAccessorImpl.invoke0(Native Method)
java.lang.AssertionError: expected:<10> but was:<99999>
    at org.junit.Assert.fail(Assert.java:88)
    at org.junit.Assert.failNotEquals(Assert.java:743)
    at org.junit.Assert.assertEquals(Assert.java:118)
    at org.junit.Assert.assertEquals(Assert.java:144)
    at java_testcases.junit.SHORTEST_PATH_LENGTHS_Test.test2(SHORTEST_PATH_LENGTHS_Test.java:50)
    at sun.reflect.NativeMethodAccessorImpl.invoke0(Native Method)
java.lang.AssertionError: expected:<99999> but was:<3>
    at org.junit.Assert.fail(Assert.java:88)
    at org.junit.Assert.failNotEquals(Assert.java:743)
    at org.junit.Assert.assertEquals(Assert.java:118)
    at org.junit.Assert.assertEquals(Assert.java:144)
    at java_testcases.junit.SHORTEST_PATH_LENGTHS_Test.test3(SHORTEST_PATH_LENGTHS_Test.java:67)
    at sun.reflect.NativeMethodAccessorImpl.invoke0(Native Method)
java.lang.AssertionError: expected:<2> but was:<1>
    at org.junit.Assert.fail(Assert.java:88)
    at org.junit.Assert.failNotEquals(Assert.java:743)
    at org.junit.Assert.assertEquals(Assert.java:118)
    at org.junit.Assert.assertEquals(Assert.java:144)
    at java_testcases.junit.SHORTEST_PATH_LENGTHS_Test.test4s(SHORTEST_PATH_LENGTHS_Test.java:85)
    at sun.reflect.NativeMethodAccessorImpl.invoke0(Native Method)
java.lang.AssertionError: expected:<0> but was:<-10>
    at org.junit.Assert.fail(Assert.java:88)
    at org.junit.Assert.failNotEquals(Assert.java:743)
    at org.junit.Assert.assertEquals(Assert.java:118)
    at org.junit.Assert.assertEquals(Assert.java:144)
    at java_testcases.junit.SHORTEST_PATH_LENGTHS_Test.test1(SHORTEST_PATH_LENGTHS_Test.java:31)
    at sun.reflect.NativeMethodAccessorImpl.invoke0(Native Method)
java.lang.AssertionError: expected:<10> but was:<99999>
    at org.junit.Assert.fail(Assert.java:88)
    at org.junit.Assert.failNotEquals(Assert.java:743)
    at org.junit.Assert.assertEquals(Assert.java:118)
    at org.junit.Assert.assertEquals(Assert.java:144)
    at java_testcases.junit.SHORTEST_PATH_LENGTHS_Test.test2(SHORTEST_PATH_LENGTHS_Test.java:50)
    at sun.reflect.NativeMethodAccessorImpl.invoke0(Native Method)
java.lang.AssertionError: expected:<99999> but was:<3>
    at org.junit.Assert.fail(Assert.java:88)
    at org.junit.Assert.failNotEquals(Assert.java:743)
    at org.junit.Assert.assertEquals(Assert.java:118)
    at org.junit.Assert.assertEquals(Assert.java:144)
    at java_testcases.junit.SHORTEST_PATH_LENGTHS_Test.test3(SHORTEST_PATH_LENGTHS_Test.java:67)
    at sun.reflect.NativeMethodAccessorImpl.invoke0(Native Method)
java.lang.AssertionError: expected:<2> but was:<1>
    at org.junit.Assert.fail(Assert.java:88)
    at org.junit.Assert.failNotEquals(Assert.java:743)
    at org.junit.Assert.assertEquals(Assert.java:118)
    at org.junit.Assert.assertEquals(Assert.java:144)
    at java_testcases.junit.SHORTEST_PATH_LENGTHS_Test.test4s(SHORTEST_PATH_LENGTHS_Test.java:85)
    at sun.reflect.NativeMethodAccessorImpl.invoke0(Native Method)
java.lang.AssertionError: expected:<0> but was:<-10>
    at org.junit.Assert.fail(Assert.java:88)
    at org.junit.Assert.failNotEquals(Assert.java:743)
    at org.junit.Assert.assertEquals(Assert.java:118)
    at org.junit.Assert.assertEquals(Assert.java:144)
    at java_testcases.junit.SHORTEST_PATH_LENGTHS_Test.test1(SHORTEST_PATH_LENGTHS_Test.java:31)
    at sun.reflect.NativeMethodAccessorImpl.invoke0(Native Method)
java.lang.AssertionError: expected:<10> but was:<99999>
    at org.junit.Assert.fail(Assert.java:88)
    at org.junit.Assert.failNotEquals(Assert.java:743)
    at org.junit.Assert.assertEquals(Assert.java:118)
    at org.junit.Assert.assertEquals(Assert.java:144)
    at java_testcases.junit.SHORTEST_PATH_LENGTHS_Test.test2(SHORTEST_PATH_LENGTHS_Test.java:50)
    at sun.reflect.NativeMethodAccessorImpl.invoke0(Native Method)
java.lang.AssertionError: expected:<99999> but was:<3>
    at org.junit.Assert.fail(Assert.java:88)
    at org.junit.Assert.failNotEquals(Assert.java:743)
    at org.junit.Assert.assertEquals(Assert.java:118)
    at org.junit.Assert.assertEquals(Assert.java:144)
    at java_testcases.junit.SHORTEST_PATH_LENGTHS_Test.test3(SHORTEST_PATH_LENGTHS_Test.java:67)
    at sun.reflect.NativeMethodAccessorImpl.invoke0(Native Method)
java.lang.AssertionError: expected:<2> but was:<1>
    at org.junit.Assert.fail(Assert.java:88)
    at org.junit.Assert.failNotEquals(Assert.java:743)
    at org.junit.Assert.assertEquals(Assert.java:118)
    at org.junit.Assert.assertEquals(Assert.java:144)
    at java_testcases.junit.SHORTEST_PATH_LENGTHS_Test.test4s(SHORTEST_PATH_LENGTHS_Test.java:85)
    at sun.reflect.NativeMethodAccessorImpl.invoke0(Native Method)
java.lang.AssertionError: expected:<0> but was:<-10>
    at org.junit.Assert.fail(Assert.java:88)
    at org.junit.Assert.failNotEquals(Assert.java:743)
    at org.junit.Assert.assertEquals(Assert.java:118)
    at org.junit.Assert.assertEquals(Assert.java:144)
    at java_testcases.junit.SHORTEST_PATH_LENGTHS_Test.test1(SHORTEST_PATH_LENGTHS_Test.java:31)
    at sun.reflect.NativeMethodAccessorImpl.invoke0(Native Method)
java.lang.AssertionError: expected:<10> but was:<99999>
    at org.junit.Assert.fail(Assert.java:88)
    at org.junit.Assert.failNotEquals(Assert.java:743)
    at org.junit.Assert.assertEquals(Assert.java:118)
    at org.junit.Assert.assertEquals(Assert.java:144)
    at java_testcases.junit.SHORTEST_PATH_LENGTHS_Test.test2(SHORTEST_PATH_LENGTHS_Test.java:50)
    at sun.reflect.NativeMethodAccessorImpl.invoke0(Native Method)
java.lang.AssertionError: expected:<99999> but was:<3>
    at org.junit.Assert.fail(Assert.java:88)
    at org.junit.Assert.failNotEquals(Assert.java:743)
    at org.junit.Assert.assertEquals(Assert.java:118)
    at org.junit.Assert.assertEquals(Assert.java:144)
    at java_testcases.junit.SHORTEST_PATH_LENGTHS_Test.test3(SHORTEST_PATH_LENGTHS_Test.java:67)
    at sun.reflect.NativeMethodAccessorImpl.invoke0(Native Method)
12:03:35.494 [pool-4-thread-1] INFO  xxl.java.junit.TestCasesListener - Tests run finished (20 ms)
<> Total tests run: 16
<> Ignored tests: 0
<> Failed tests: 16
~ test4s(java_testcases.junit.SHORTEST_PATH_LENGTHS_Test)
[expected:<2> but was:<1>]
java.lang.AssertionError: expected:<2> but was:<1>    at org.junit.Assert.fail(Assert.java:88)
    at org.junit.Assert.failNotEquals(Assert.java:743)
    at org.junit.Assert.assertEquals(Assert.java:118)
    at org.junit.Assert.assertEquals(Assert.java:144)
    at java_testcases.junit.SHORTEST_PATH_LENGTHS_Test.test4s(SHORTEST_PATH_LENGTHS_Test.java:85)
    at sun.reflect.NativeMethodAccessorImpl.invoke0(Native Method)
~ test1(java_testcases.junit.SHORTEST_PATH_LENGTHS_Test)
[expected:<0> but was:<-10>]
java.lang.AssertionError: expected:<0> but was:<-10>    at org.junit.Assert.fail(Assert.java:88)
    at org.junit.Assert.failNotEquals(Assert.java:743)
    at org.junit.Assert.assertEquals(Assert.java:118)
    at org.junit.Assert.assertEquals(Assert.java:144)
    at java_testcases.junit.SHORTEST_PATH_LENGTHS_Test.test1(SHORTEST_PATH_LENGTHS_Test.java:31)
    at sun.reflect.NativeMethodAccessorImpl.invoke0(Native Method)
~ test2(java_testcases.junit.SHORTEST_PATH_LENGTHS_Test)
[expected:<10> but was:<99999>]
java.lang.AssertionError: expected:<10> but was:<99999>    at org.junit.Assert.fail(Assert.java:88)
    at org.junit.Assert.failNotEquals(Assert.java:743)
    at org.junit.Assert.assertEquals(Assert.java:118)
    at org.junit.Assert.assertEquals(Assert.java:144)
    at java_testcases.junit.SHORTEST_PATH_LENGTHS_Test.test2(SHORTEST_PATH_LENGTHS_Test.java:50)
    at sun.reflect.NativeMethodAccessorImpl.invoke0(Native Method)
~ test3(java_testcases.junit.SHORTEST_PATH_LENGTHS_Test)
[expected:<99999> but was:<3>]
java.lang.AssertionError: expected:<99999> but was:<3>    at org.junit.Assert.fail(Assert.java:88)
    at org.junit.Assert.failNotEquals(Assert.java:743)
    at org.junit.Assert.assertEquals(Assert.java:118)
    at org.junit.Assert.assertEquals(Assert.java:144)
    at java_testcases.junit.SHORTEST_PATH_LENGTHS_Test.test3(SHORTEST_PATH_LENGTHS_Test.java:67)
    at sun.reflect.NativeMethodAccessorImpl.invoke0(Native Method)
~ test4s(java_testcases.junit.SHORTEST_PATH_LENGTHS_Test)
[expected:<2> but was:<1>]
java.lang.AssertionError: expected:<2> but was:<1>    at org.junit.Assert.fail(Assert.java:88)
    at org.junit.Assert.failNotEquals(Assert.java:743)
    at org.junit.Assert.assertEquals(Assert.java:118)
    at org.junit.Assert.assertEquals(Assert.java:144)
    at java_testcases.junit.SHORTEST_PATH_LENGTHS_Test.test4s(SHORTEST_PATH_LENGTHS_Test.java:85)
    at sun.reflect.NativeMethodAccessorImpl.invoke0(Native Method)
~ test1(java_testcases.junit.SHORTEST_PATH_LENGTHS_Test)
[expected:<0> but was:<-10>]
java.lang.AssertionError: expected:<0> but was:<-10>    at org.junit.Assert.fail(Assert.java:88)
    at org.junit.Assert.failNotEquals(Assert.java:743)
    at org.junit.Assert.assertEquals(Assert.java:118)
    at org.junit.Assert.assertEquals(Assert.java:144)
    at java_testcases.junit.SHORTEST_PATH_LENGTHS_Test.test1(SHORTEST_PATH_LENGTHS_Test.java:31)
    at sun.reflect.NativeMethodAccessorImpl.invoke0(Native Method)
~ test2(java_testcases.junit.SHORTEST_PATH_LENGTHS_Test)
[expected:<10> but was:<99999>]
java.lang.AssertionError: expected:<10> but was:<99999>    at org.junit.Assert.fail(Assert.java:88)
    at org.junit.Assert.failNotEquals(Assert.java:743)
    at org.junit.Assert.assertEquals(Assert.java:118)
    at org.junit.Assert.assertEquals(Assert.java:144)
    at java_testcases.junit.SHORTEST_PATH_LENGTHS_Test.test2(SHORTEST_PATH_LENGTHS_Test.java:50)
    at sun.reflect.NativeMethodAccessorImpl.invoke0(Native Method)
~ test3(java_testcases.junit.SHORTEST_PATH_LENGTHS_Test)
[expected:<99999> but was:<3>]
java.lang.AssertionError: expected:<99999> but was:<3>    at org.junit.Assert.fail(Assert.java:88)
    at org.junit.Assert.failNotEquals(Assert.java:743)
    at org.junit.Assert.assertEquals(Assert.java:118)
    at org.junit.Assert.assertEquals(Assert.java:144)
    at java_testcases.junit.SHORTEST_PATH_LENGTHS_Test.test3(SHORTEST_PATH_LENGTHS_Test.java:67)
    at sun.reflect.NativeMethodAccessorImpl.invoke0(Native Method)
~ test4s(java_testcases.junit.SHORTEST_PATH_LENGTHS_Test)
[expected:<2> but was:<1>]
java.lang.AssertionError: expected:<2> but was:<1>    at org.junit.Assert.fail(Assert.java:88)
    at org.junit.Assert.failNotEquals(Assert.java:743)
    at org.junit.Assert.assertEquals(Assert.java:118)
    at org.junit.Assert.assertEquals(Assert.java:144)
    at java_testcases.junit.SHORTEST_PATH_LENGTHS_Test.test4s(SHORTEST_PATH_LENGTHS_Test.java:85)
    at sun.reflect.NativeMethodAccessorImpl.invoke0(Native Method)
~ test1(java_testcases.junit.SHORTEST_PATH_LENGTHS_Test)
[expected:<0> but was:<-10>]
java.lang.AssertionError: expected:<0> but was:<-10>    at org.junit.Assert.fail(Assert.java:88)
    at org.junit.Assert.failNotEquals(Assert.java:743)
    at org.junit.Assert.assertEquals(Assert.java:118)
    at org.junit.Assert.assertEquals(Assert.java:144)
    at java_testcases.junit.SHORTEST_PATH_LENGTHS_Test.test1(SHORTEST_PATH_LENGTHS_Test.java:31)
    at sun.reflect.NativeMethodAccessorImpl.invoke0(Native Method)
~ test2(java_testcases.junit.SHORTEST_PATH_LENGTHS_Test)
[expected:<10> but was:<99999>]
java.lang.AssertionError: expected:<10> but was:<99999>    at org.junit.Assert.fail(Assert.java:88)
    at org.junit.Assert.failNotEquals(Assert.java:743)
    at org.junit.Assert.assertEquals(Assert.java:118)
    at org.junit.Assert.assertEquals(Assert.java:144)
    at java_testcases.junit.SHORTEST_PATH_LENGTHS_Test.test2(SHORTEST_PATH_LENGTHS_Test.java:50)
    at sun.reflect.NativeMethodAccessorImpl.invoke0(Native Method)
~ test3(java_testcases.junit.SHORTEST_PATH_LENGTHS_Test)
[expected:<99999> but was:<3>]
java.lang.AssertionError: expected:<99999> but was:<3>    at org.junit.Assert.fail(Assert.java:88)
    at org.junit.Assert.failNotEquals(Assert.java:743)
    at org.junit.Assert.assertEquals(Assert.java:118)
    at org.junit.Assert.assertEquals(Assert.java:144)
    at java_testcases.junit.SHORTEST_PATH_LENGTHS_Test.test3(SHORTEST_PATH_LENGTHS_Test.java:67)
    at sun.reflect.NativeMethodAccessorImpl.invoke0(Native Method)
~ test4s(java_testcases.junit.SHORTEST_PATH_LENGTHS_Test)
[expected:<2> but was:<1>]
java.lang.AssertionError: expected:<2> but was:<1>    at org.junit.Assert.fail(Assert.java:88)
    at org.junit.Assert.failNotEquals(Assert.java:743)
    at org.junit.Assert.assertEquals(Assert.java:118)
    at org.junit.Assert.assertEquals(Assert.java:144)
    at java_testcases.junit.SHORTEST_PATH_LENGTHS_Test.test4s(SHORTEST_PATH_LENGTHS_Test.java:85)
    at sun.reflect.NativeMethodAccessorImpl.invoke0(Native Method)
~ test1(java_testcases.junit.SHORTEST_PATH_LENGTHS_Test)
[expected:<0> but was:<-10>]
java.lang.AssertionError: expected:<0> but was:<-10>    at org.junit.Assert.fail(Assert.java:88)
    at org.junit.Assert.failNotEquals(Assert.java:743)
    at org.junit.Assert.assertEquals(Assert.java:118)
    at org.junit.Assert.assertEquals(Assert.java:144)
    at java_testcases.junit.SHORTEST_PATH_LENGTHS_Test.test1(SHORTEST_PATH_LENGTHS_Test.java:31)
    at sun.reflect.NativeMethodAccessorImpl.invoke0(Native Method)
~ test2(java_testcases.junit.SHORTEST_PATH_LENGTHS_Test)
[expected:<10> but was:<99999>]
java.lang.AssertionError: expected:<10> but was:<99999>    at org.junit.Assert.fail(Assert.java:88)
    at org.junit.Assert.failNotEquals(Assert.java:743)
    at org.junit.Assert.assertEquals(Assert.java:118)
    at org.junit.Assert.assertEquals(Assert.java:144)
    at java_testcases.junit.SHORTEST_PATH_LENGTHS_Test.test2(SHORTEST_PATH_LENGTHS_Test.java:50)
    at sun.reflect.NativeMethodAccessorImpl.invoke0(Native Method)
~ test3(java_testcases.junit.SHORTEST_PATH_LENGTHS_Test)
[expected:<99999> but was:<3>]
java.lang.AssertionError: expected:<99999> but was:<3>    at org.junit.Assert.fail(Assert.java:88)
    at org.junit.Assert.failNotEquals(Assert.java:743)
    at org.junit.Assert.assertEquals(Assert.java:118)
    at org.junit.Assert.assertEquals(Assert.java:144)
    at java_testcases.junit.SHORTEST_PATH_LENGTHS_Test.test3(SHORTEST_PATH_LENGTHS_Test.java:67)
    at sun.reflect.NativeMethodAccessorImpl.invoke0(Native Method)

12:03:35.941 [pool-2-thread-1] DEBUG fr.inria.lille.repair.nopol.NoPol - statement #3
12:03:35.941 [pool-2-thread-1] DEBUG fr.inria.lille.repair.nopol.NoPol - Analysing SourceLocation java_programs.SHORTEST_PATH_LENGTHS:36 which is executed by 4 tests
2063786665
12:03:35.994 [pool-2-thread-1] DEBUG fr.inria.lille.repair.nopol.NoPol - statement #4
12:03:35.995 [pool-2-thread-1] DEBUG fr.inria.lille.repair.nopol.NoPol - Analysing SourceLocation java_programs.SHORTEST_PATH_LENGTHS:35 which is executed by 4 tests
2063786665
12:03:36.059 [pool-2-thread-1] DEBUG fr.inria.lille.repair.nopol.NoPol - statement #5
12:03:36.059 [pool-2-thread-1] DEBUG fr.inria.lille.repair.nopol.NoPol - Analysing SourceLocation java_programs.SHORTEST_PATH_LENGTHS:34 which is executed by 4 tests
2063786665
12:03:36.118 [pool-2-thread-1] DEBUG fr.inria.lille.repair.nopol.NoPol - looking with class fr.inria.lille.repair.nopol.spoon.smt.ConditionalAdder
java.lang.AssertionError: expected:<2> but was:<1>
    at org.junit.Assert.fail(Assert.java:88)
    at org.junit.Assert.failNotEquals(Assert.java:743)
    at org.junit.Assert.assertEquals(Assert.java:118)
    at org.junit.Assert.assertEquals(Assert.java:144)
    at java_testcases.junit.SHORTEST_PATH_LENGTHS_Test.test4s(SHORTEST_PATH_LENGTHS_Test.java:85)
    at sun.reflect.NativeMethodAccessorImpl.invoke0(Native Method)
java.lang.AssertionError: expected:<0> but was:<-10>
    at org.junit.Assert.fail(Assert.java:88)
    at org.junit.Assert.failNotEquals(Assert.java:743)
    at org.junit.Assert.assertEquals(Assert.java:118)
    at org.junit.Assert.assertEquals(Assert.java:144)
    at java_testcases.junit.SHORTEST_PATH_LENGTHS_Test.test1(SHORTEST_PATH_LENGTHS_Test.java:31)
    at sun.reflect.NativeMethodAccessorImpl.invoke0(Native Method)
java.lang.AssertionError: expected:<10> but was:<99999>
    at org.junit.Assert.fail(Assert.java:88)
    at org.junit.Assert.failNotEquals(Assert.java:743)
    at org.junit.Assert.assertEquals(Assert.java:118)
    at org.junit.Assert.assertEquals(Assert.java:144)
    at java_testcases.junit.SHORTEST_PATH_LENGTHS_Test.test2(SHORTEST_PATH_LENGTHS_Test.java:50)
    at sun.reflect.NativeMethodAccessorImpl.invoke0(Native Method)
java.lang.AssertionError: expected:<99999> but was:<3>
    at org.junit.Assert.fail(Assert.java:88)
    at org.junit.Assert.failNotEquals(Assert.java:743)
    at org.junit.Assert.assertEquals(Assert.java:118)
    at org.junit.Assert.assertEquals(Assert.java:144)
    at java_testcases.junit.SHORTEST_PATH_LENGTHS_Test.test3(SHORTEST_PATH_LENGTHS_Test.java:67)
    at sun.reflect.NativeMethodAccessorImpl.invoke0(Native Method)
java.lang.AssertionError: expected:<2> but was:<1>
    at org.junit.Assert.fail(Assert.java:88)
    at org.junit.Assert.failNotEquals(Assert.java:743)
    at org.junit.Assert.assertEquals(Assert.java:118)
    at org.junit.Assert.assertEquals(Assert.java:144)
    at java_testcases.junit.SHORTEST_PATH_LENGTHS_Test.test4s(SHORTEST_PATH_LENGTHS_Test.java:85)
    at sun.reflect.NativeMethodAccessorImpl.invoke0(Native Method)
java.lang.AssertionError: expected:<0> but was:<-10>
    at org.junit.Assert.fail(Assert.java:88)
    at org.junit.Assert.failNotEquals(Assert.java:743)
    at org.junit.Assert.assertEquals(Assert.java:118)
    at org.junit.Assert.assertEquals(Assert.java:144)
    at java_testcases.junit.SHORTEST_PATH_LENGTHS_Test.test1(SHORTEST_PATH_LENGTHS_Test.java:31)
    at sun.reflect.NativeMethodAccessorImpl.invoke0(Native Method)
java.lang.AssertionError: expected:<10> but was:<99999>
    at org.junit.Assert.fail(Assert.java:88)
    at org.junit.Assert.failNotEquals(Assert.java:743)
    at org.junit.Assert.assertEquals(Assert.java:118)
    at org.junit.Assert.assertEquals(Assert.java:144)
    at java_testcases.junit.SHORTEST_PATH_LENGTHS_Test.test2(SHORTEST_PATH_LENGTHS_Test.java:50)
    at sun.reflect.NativeMethodAccessorImpl.invoke0(Native Method)
java.lang.AssertionError: expected:<99999> but was:<3>
    at org.junit.Assert.fail(Assert.java:88)
    at org.junit.Assert.failNotEquals(Assert.java:743)
    at org.junit.Assert.assertEquals(Assert.java:118)
    at org.junit.Assert.assertEquals(Assert.java:144)
    at java_testcases.junit.SHORTEST_PATH_LENGTHS_Test.test3(SHORTEST_PATH_LENGTHS_Test.java:67)
    at sun.reflect.NativeMethodAccessorImpl.invoke0(Native Method)
java.lang.AssertionError: expected:<2> but was:<1>
    at org.junit.Assert.fail(Assert.java:88)
    at org.junit.Assert.failNotEquals(Assert.java:743)
    at org.junit.Assert.assertEquals(Assert.java:118)
    at org.junit.Assert.assertEquals(Assert.java:144)
    at java_testcases.junit.SHORTEST_PATH_LENGTHS_Test.test4s(SHORTEST_PATH_LENGTHS_Test.java:85)
    at sun.reflect.NativeMethodAccessorImpl.invoke0(Native Method)
java.lang.AssertionError: expected:<0> but was:<-10>
    at org.junit.Assert.fail(Assert.java:88)
    at org.junit.Assert.failNotEquals(Assert.java:743)
    at org.junit.Assert.assertEquals(Assert.java:118)
    at org.junit.Assert.assertEquals(Assert.java:144)
    at java_testcases.junit.SHORTEST_PATH_LENGTHS_Test.test1(SHORTEST_PATH_LENGTHS_Test.java:31)
    at sun.reflect.NativeMethodAccessorImpl.invoke0(Native Method)
java.lang.AssertionError: expected:<10> but was:<99999>
    at org.junit.Assert.fail(Assert.java:88)
    at org.junit.Assert.failNotEquals(Assert.java:743)
    at org.junit.Assert.assertEquals(Assert.java:118)
    at org.junit.Assert.assertEquals(Assert.java:144)
    at java_testcases.junit.SHORTEST_PATH_LENGTHS_Test.test2(SHORTEST_PATH_LENGTHS_Test.java:50)
    at sun.reflect.NativeMethodAccessorImpl.invoke0(Native Method)
java.lang.AssertionError: expected:<99999> but was:<3>
    at org.junit.Assert.fail(Assert.java:88)
    at org.junit.Assert.failNotEquals(Assert.java:743)
    at org.junit.Assert.assertEquals(Assert.java:118)
    at org.junit.Assert.assertEquals(Assert.java:144)
    at java_testcases.junit.SHORTEST_PATH_LENGTHS_Test.test3(SHORTEST_PATH_LENGTHS_Test.java:67)
    at sun.reflect.NativeMethodAccessorImpl.invoke0(Native Method)
java.lang.AssertionError: expected:<2> but was:<1>
    at org.junit.Assert.fail(Assert.java:88)
    at org.junit.Assert.failNotEquals(Assert.java:743)
    at org.junit.Assert.assertEquals(Assert.java:118)
    at org.junit.Assert.assertEquals(Assert.java:144)
    at java_testcases.junit.SHORTEST_PATH_LENGTHS_Test.test4s(SHORTEST_PATH_LENGTHS_Test.java:85)
    at sun.reflect.NativeMethodAccessorImpl.invoke0(Native Method)
java.lang.AssertionError: expected:<0> but was:<-10>
    at org.junit.Assert.fail(Assert.java:88)
    at org.junit.Assert.failNotEquals(Assert.java:743)
    at org.junit.Assert.assertEquals(Assert.java:118)
    at org.junit.Assert.assertEquals(Assert.java:144)
    at java_testcases.junit.SHORTEST_PATH_LENGTHS_Test.test1(SHORTEST_PATH_LENGTHS_Test.java:31)
    at sun.reflect.NativeMethodAccessorImpl.invoke0(Native Method)
java.lang.AssertionError: expected:<10> but was:<99999>
    at org.junit.Assert.fail(Assert.java:88)
    at org.junit.Assert.failNotEquals(Assert.java:743)
    at org.junit.Assert.assertEquals(Assert.java:118)
    at org.junit.Assert.assertEquals(Assert.java:144)
    at java_testcases.junit.SHORTEST_PATH_LENGTHS_Test.test2(SHORTEST_PATH_LENGTHS_Test.java:50)
    at sun.reflect.NativeMethodAccessorImpl.invoke0(Native Method)
java.lang.AssertionError: expected:<99999> but was:<3>
    at org.junit.Assert.fail(Assert.java:88)
    at org.junit.Assert.failNotEquals(Assert.java:743)
    at org.junit.Assert.assertEquals(Assert.java:118)
    at org.junit.Assert.assertEquals(Assert.java:144)
    at java_testcases.junit.SHORTEST_PATH_LENGTHS_Test.test3(SHORTEST_PATH_LENGTHS_Test.java:67)
    at sun.reflect.NativeMethodAccessorImpl.invoke0(Native Method)
12:03:36.131 [pool-14-thread-1] INFO  xxl.java.junit.TestCasesListener - Tests run finished (9 ms)
<> Total tests run: 16
<> Ignored tests: 0
<> Failed tests: 16
~ test4s(java_testcases.junit.SHORTEST_PATH_LENGTHS_Test)
[expected:<2> but was:<1>]
java.lang.AssertionError: expected:<2> but was:<1>    at org.junit.Assert.fail(Assert.java:88)
    at org.junit.Assert.failNotEquals(Assert.java:743)
    at org.junit.Assert.assertEquals(Assert.java:118)
    at org.junit.Assert.assertEquals(Assert.java:144)
    at java_testcases.junit.SHORTEST_PATH_LENGTHS_Test.test4s(SHORTEST_PATH_LENGTHS_Test.java:85)
    at sun.reflect.NativeMethodAccessorImpl.invoke0(Native Method)
~ test1(java_testcases.junit.SHORTEST_PATH_LENGTHS_Test)
[expected:<0> but was:<-10>]
java.lang.AssertionError: expected:<0> but was:<-10>    at org.junit.Assert.fail(Assert.java:88)
    at org.junit.Assert.failNotEquals(Assert.java:743)
    at org.junit.Assert.assertEquals(Assert.java:118)
    at org.junit.Assert.assertEquals(Assert.java:144)
    at java_testcases.junit.SHORTEST_PATH_LENGTHS_Test.test1(SHORTEST_PATH_LENGTHS_Test.java:31)
    at sun.reflect.NativeMethodAccessorImpl.invoke0(Native Method)
~ test2(java_testcases.junit.SHORTEST_PATH_LENGTHS_Test)
[expected:<10> but was:<99999>]
java.lang.AssertionError: expected:<10> but was:<99999>    at org.junit.Assert.fail(Assert.java:88)
    at org.junit.Assert.failNotEquals(Assert.java:743)
    at org.junit.Assert.assertEquals(Assert.java:118)
    at org.junit.Assert.assertEquals(Assert.java:144)
    at java_testcases.junit.SHORTEST_PATH_LENGTHS_Test.test2(SHORTEST_PATH_LENGTHS_Test.java:50)
    at sun.reflect.NativeMethodAccessorImpl.invoke0(Native Method)
~ test3(java_testcases.junit.SHORTEST_PATH_LENGTHS_Test)
[expected:<99999> but was:<3>]
java.lang.AssertionError: expected:<99999> but was:<3>    at org.junit.Assert.fail(Assert.java:88)
    at org.junit.Assert.failNotEquals(Assert.java:743)
    at org.junit.Assert.assertEquals(Assert.java:118)
    at org.junit.Assert.assertEquals(Assert.java:144)
    at java_testcases.junit.SHORTEST_PATH_LENGTHS_Test.test3(SHORTEST_PATH_LENGTHS_Test.java:67)
    at sun.reflect.NativeMethodAccessorImpl.invoke0(Native Method)
~ test4s(java_testcases.junit.SHORTEST_PATH_LENGTHS_Test)
[expected:<2> but was:<1>]
java.lang.AssertionError: expected:<2> but was:<1>    at org.junit.Assert.fail(Assert.java:88)
    at org.junit.Assert.failNotEquals(Assert.java:743)
    at org.junit.Assert.assertEquals(Assert.java:118)
    at org.junit.Assert.assertEquals(Assert.java:144)
    at java_testcases.junit.SHORTEST_PATH_LENGTHS_Test.test4s(SHORTEST_PATH_LENGTHS_Test.java:85)
    at sun.reflect.NativeMethodAccessorImpl.invoke0(Native Method)
~ test1(java_testcases.junit.SHORTEST_PATH_LENGTHS_Test)
[expected:<0> but was:<-10>]
java.lang.AssertionError: expected:<0> but was:<-10>    at org.junit.Assert.fail(Assert.java:88)
    at org.junit.Assert.failNotEquals(Assert.java:743)
    at org.junit.Assert.assertEquals(Assert.java:118)
    at org.junit.Assert.assertEquals(Assert.java:144)
    at java_testcases.junit.SHORTEST_PATH_LENGTHS_Test.test1(SHORTEST_PATH_LENGTHS_Test.java:31)
    at sun.reflect.NativeMethodAccessorImpl.invoke0(Native Method)
~ test2(java_testcases.junit.SHORTEST_PATH_LENGTHS_Test)
[expected:<10> but was:<99999>]
java.lang.AssertionError: expected:<10> but was:<99999>    at org.junit.Assert.fail(Assert.java:88)
    at org.junit.Assert.failNotEquals(Assert.java:743)
    at org.junit.Assert.assertEquals(Assert.java:118)
    at org.junit.Assert.assertEquals(Assert.java:144)
    at java_testcases.junit.SHORTEST_PATH_LENGTHS_Test.test2(SHORTEST_PATH_LENGTHS_Test.java:50)
    at sun.reflect.NativeMethodAccessorImpl.invoke0(Native Method)
~ test3(java_testcases.junit.SHORTEST_PATH_LENGTHS_Test)
[expected:<99999> but was:<3>]
java.lang.AssertionError: expected:<99999> but was:<3>    at org.junit.Assert.fail(Assert.java:88)
    at org.junit.Assert.failNotEquals(Assert.java:743)
    at org.junit.Assert.assertEquals(Assert.java:118)
    at org.junit.Assert.assertEquals(Assert.java:144)
    at java_testcases.junit.SHORTEST_PATH_LENGTHS_Test.test3(SHORTEST_PATH_LENGTHS_Test.java:67)
    at sun.reflect.NativeMethodAccessorImpl.invoke0(Native Method)
~ test4s(java_testcases.junit.SHORTEST_PATH_LENGTHS_Test)
[expected:<2> but was:<1>]
java.lang.AssertionError: expected:<2> but was:<1>    at org.junit.Assert.fail(Assert.java:88)
    at org.junit.Assert.failNotEquals(Assert.java:743)
    at org.junit.Assert.assertEquals(Assert.java:118)
    at org.junit.Assert.assertEquals(Assert.java:144)
    at java_testcases.junit.SHORTEST_PATH_LENGTHS_Test.test4s(SHORTEST_PATH_LENGTHS_Test.java:85)
    at sun.reflect.NativeMethodAccessorImpl.invoke0(Native Method)
~ test1(java_testcases.junit.SHORTEST_PATH_LENGTHS_Test)
[expected:<0> but was:<-10>]
java.lang.AssertionError: expected:<0> but was:<-10>    at org.junit.Assert.fail(Assert.java:88)
    at org.junit.Assert.failNotEquals(Assert.java:743)
    at org.junit.Assert.assertEquals(Assert.java:118)
    at org.junit.Assert.assertEquals(Assert.java:144)
    at java_testcases.junit.SHORTEST_PATH_LENGTHS_Test.test1(SHORTEST_PATH_LENGTHS_Test.java:31)
    at sun.reflect.NativeMethodAccessorImpl.invoke0(Native Method)
~ test2(java_testcases.junit.SHORTEST_PATH_LENGTHS_Test)
[expected:<10> but was:<99999>]
java.lang.AssertionError: expected:<10> but was:<99999>    at org.junit.Assert.fail(Assert.java:88)
    at org.junit.Assert.failNotEquals(Assert.java:743)
    at org.junit.Assert.assertEquals(Assert.java:118)
    at org.junit.Assert.assertEquals(Assert.java:144)
    at java_testcases.junit.SHORTEST_PATH_LENGTHS_Test.test2(SHORTEST_PATH_LENGTHS_Test.java:50)
    at sun.reflect.NativeMethodAccessorImpl.invoke0(Native Method)
~ test3(java_testcases.junit.SHORTEST_PATH_LENGTHS_Test)
[expected:<99999> but was:<3>]
java.lang.AssertionError: expected:<99999> but was:<3>    at org.junit.Assert.fail(Assert.java:88)
    at org.junit.Assert.failNotEquals(Assert.java:743)
    at org.junit.Assert.assertEquals(Assert.java:118)
    at org.junit.Assert.assertEquals(Assert.java:144)
    at java_testcases.junit.SHORTEST_PATH_LENGTHS_Test.test3(SHORTEST_PATH_LENGTHS_Test.java:67)
    at sun.reflect.NativeMethodAccessorImpl.invoke0(Native Method)
~ test4s(java_testcases.junit.SHORTEST_PATH_LENGTHS_Test)
[expected:<2> but was:<1>]
java.lang.AssertionError: expected:<2> but was:<1>    at org.junit.Assert.fail(Assert.java:88)
    at org.junit.Assert.failNotEquals(Assert.java:743)
    at org.junit.Assert.assertEquals(Assert.java:118)
    at org.junit.Assert.assertEquals(Assert.java:144)
    at java_testcases.junit.SHORTEST_PATH_LENGTHS_Test.test4s(SHORTEST_PATH_LENGTHS_Test.java:85)
    at sun.reflect.NativeMethodAccessorImpl.invoke0(Native Method)
~ test1(java_testcases.junit.SHORTEST_PATH_LENGTHS_Test)
[expected:<0> but was:<-10>]
java.lang.AssertionError: expected:<0> but was:<-10>    at org.junit.Assert.fail(Assert.java:88)
    at org.junit.Assert.failNotEquals(Assert.java:743)
    at org.junit.Assert.assertEquals(Assert.java:118)
    at org.junit.Assert.assertEquals(Assert.java:144)
    at java_testcases.junit.SHORTEST_PATH_LENGTHS_Test.test1(SHORTEST_PATH_LENGTHS_Test.java:31)
    at sun.reflect.NativeMethodAccessorImpl.invoke0(Native Method)
~ test2(java_testcases.junit.SHORTEST_PATH_LENGTHS_Test)
[expected:<10> but was:<99999>]
java.lang.AssertionError: expected:<10> but was:<99999>    at org.junit.Assert.fail(Assert.java:88)
    at org.junit.Assert.failNotEquals(Assert.java:743)
    at org.junit.Assert.assertEquals(Assert.java:118)
    at org.junit.Assert.assertEquals(Assert.java:144)
    at java_testcases.junit.SHORTEST_PATH_LENGTHS_Test.test2(SHORTEST_PATH_LENGTHS_Test.java:50)
    at sun.reflect.NativeMethodAccessorImpl.invoke0(Native Method)
~ test3(java_testcases.junit.SHORTEST_PATH_LENGTHS_Test)
[expected:<99999> but was:<3>]
java.lang.AssertionError: expected:<99999> but was:<3>    at org.junit.Assert.fail(Assert.java:88)
    at org.junit.Assert.failNotEquals(Assert.java:743)
    at org.junit.Assert.assertEquals(Assert.java:118)
    at org.junit.Assert.assertEquals(Assert.java:144)
    at java_testcases.junit.SHORTEST_PATH_LENGTHS_Test.test3(SHORTEST_PATH_LENGTHS_Test.java:67)
    at sun.reflect.NativeMethodAccessorImpl.invoke0(Native Method)

12:03:36.255 [pool-2-thread-1] DEBUG fr.inria.lille.repair.nopol.NoPol - statement #6
12:03:36.255 [pool-2-thread-1] DEBUG fr.inria.lille.repair.nopol.NoPol - Analysing SourceLocation java_programs.SHORTEST_PATH_LENGTHS:33 which is executed by 4 tests
2063786665
12:03:36.305 [pool-2-thread-1] DEBUG fr.inria.lille.repair.nopol.NoPol - looking with class fr.inria.lille.repair.nopol.spoon.smt.ConditionalAdder
java.lang.AssertionError: expected:<2> but was:<1>
    at org.junit.Assert.fail(Assert.java:88)
    at org.junit.Assert.failNotEquals(Assert.java:743)
    at org.junit.Assert.assertEquals(Assert.java:118)
    at org.junit.Assert.assertEquals(Assert.java:144)
    at java_testcases.junit.SHORTEST_PATH_LENGTHS_Test.test4s(SHORTEST_PATH_LENGTHS_Test.java:85)
    at sun.reflect.NativeMethodAccessorImpl.invoke0(Native Method)
java.lang.AssertionError: expected:<0> but was:<-10>
    at org.junit.Assert.fail(Assert.java:88)
    at org.junit.Assert.failNotEquals(Assert.java:743)
    at org.junit.Assert.assertEquals(Assert.java:118)
    at org.junit.Assert.assertEquals(Assert.java:144)
    at java_testcases.junit.SHORTEST_PATH_LENGTHS_Test.test1(SHORTEST_PATH_LENGTHS_Test.java:31)
    at sun.reflect.NativeMethodAccessorImpl.invoke0(Native Method)
java.lang.AssertionError: expected:<10> but was:<99999>
    at org.junit.Assert.fail(Assert.java:88)
    at org.junit.Assert.failNotEquals(Assert.java:743)
    at org.junit.Assert.assertEquals(Assert.java:118)
    at org.junit.Assert.assertEquals(Assert.java:144)
    at java_testcases.junit.SHORTEST_PATH_LENGTHS_Test.test2(SHORTEST_PATH_LENGTHS_Test.java:50)
    at sun.reflect.NativeMethodAccessorImpl.invoke0(Native Method)
java.lang.AssertionError: expected:<99999> but was:<3>
    at org.junit.Assert.fail(Assert.java:88)
    at org.junit.Assert.failNotEquals(Assert.java:743)
    at org.junit.Assert.assertEquals(Assert.java:118)
    at org.junit.Assert.assertEquals(Assert.java:144)
    at java_testcases.junit.SHORTEST_PATH_LENGTHS_Test.test3(SHORTEST_PATH_LENGTHS_Test.java:67)
    at sun.reflect.NativeMethodAccessorImpl.invoke0(Native Method)
java.lang.AssertionError: expected:<2> but was:<1>
    at org.junit.Assert.fail(Assert.java:88)
    at org.junit.Assert.failNotEquals(Assert.java:743)
    at org.junit.Assert.assertEquals(Assert.java:118)
    at org.junit.Assert.assertEquals(Assert.java:144)
    at java_testcases.junit.SHORTEST_PATH_LENGTHS_Test.test4s(SHORTEST_PATH_LENGTHS_Test.java:85)
    at sun.reflect.NativeMethodAccessorImpl.invoke0(Native Method)
java.lang.AssertionError: expected:<0> but was:<-10>
    at org.junit.Assert.fail(Assert.java:88)
    at org.junit.Assert.failNotEquals(Assert.java:743)
    at org.junit.Assert.assertEquals(Assert.java:118)
    at org.junit.Assert.assertEquals(Assert.java:144)
    at java_testcases.junit.SHORTEST_PATH_LENGTHS_Test.test1(SHORTEST_PATH_LENGTHS_Test.java:31)
    at sun.reflect.NativeMethodAccessorImpl.invoke0(Native Method)
java.lang.AssertionError: expected:<10> but was:<99999>
    at org.junit.Assert.fail(Assert.java:88)
    at org.junit.Assert.failNotEquals(Assert.java:743)
    at org.junit.Assert.assertEquals(Assert.java:118)
    at org.junit.Assert.assertEquals(Assert.java:144)
    at java_testcases.junit.SHORTEST_PATH_LENGTHS_Test.test2(SHORTEST_PATH_LENGTHS_Test.java:50)
    at sun.reflect.NativeMethodAccessorImpl.invoke0(Native Method)
java.lang.AssertionError: expected:<99999> but was:<3>
    at org.junit.Assert.fail(Assert.java:88)
    at org.junit.Assert.failNotEquals(Assert.java:743)
    at org.junit.Assert.assertEquals(Assert.java:118)
    at org.junit.Assert.assertEquals(Assert.java:144)
    at java_testcases.junit.SHORTEST_PATH_LENGTHS_Test.test3(SHORTEST_PATH_LENGTHS_Test.java:67)
    at sun.reflect.NativeMethodAccessorImpl.invoke0(Native Method)
java.lang.AssertionError: expected:<2> but was:<1>
    at org.junit.Assert.fail(Assert.java:88)
    at org.junit.Assert.failNotEquals(Assert.java:743)
    at org.junit.Assert.assertEquals(Assert.java:118)
    at org.junit.Assert.assertEquals(Assert.java:144)
    at java_testcases.junit.SHORTEST_PATH_LENGTHS_Test.test4s(SHORTEST_PATH_LENGTHS_Test.java:85)
    at sun.reflect.NativeMethodAccessorImpl.invoke0(Native Method)
java.lang.AssertionError: expected:<0> but was:<-10>
    at org.junit.Assert.fail(Assert.java:88)
    at org.junit.Assert.failNotEquals(Assert.java:743)
    at org.junit.Assert.assertEquals(Assert.java:118)
    at org.junit.Assert.assertEquals(Assert.java:144)
    at java_testcases.junit.SHORTEST_PATH_LENGTHS_Test.test1(SHORTEST_PATH_LENGTHS_Test.java:31)
    at sun.reflect.NativeMethodAccessorImpl.invoke0(Native Method)
java.lang.AssertionError: expected:<10> but was:<99999>
    at org.junit.Assert.fail(Assert.java:88)
    at org.junit.Assert.failNotEquals(Assert.java:743)
    at org.junit.Assert.assertEquals(Assert.java:118)
    at org.junit.Assert.assertEquals(Assert.java:144)
    at java_testcases.junit.SHORTEST_PATH_LENGTHS_Test.test2(SHORTEST_PATH_LENGTHS_Test.java:50)
    at sun.reflect.NativeMethodAccessorImpl.invoke0(Native Method)
java.lang.AssertionError: expected:<99999> but was:<3>
    at org.junit.Assert.fail(Assert.java:88)
    at org.junit.Assert.failNotEquals(Assert.java:743)
    at org.junit.Assert.assertEquals(Assert.java:118)
    at org.junit.Assert.assertEquals(Assert.java:144)
    at java_testcases.junit.SHORTEST_PATH_LENGTHS_Test.test3(SHORTEST_PATH_LENGTHS_Test.java:67)
    at sun.reflect.NativeMethodAccessorImpl.invoke0(Native Method)
java.lang.AssertionError: expected:<2> but was:<1>
    at org.junit.Assert.fail(Assert.java:88)
    at org.junit.Assert.failNotEquals(Assert.java:743)
    at org.junit.Assert.assertEquals(Assert.java:118)
    at org.junit.Assert.assertEquals(Assert.java:144)
    at java_testcases.junit.SHORTEST_PATH_LENGTHS_Test.test4s(SHORTEST_PATH_LENGTHS_Test.java:85)
    at sun.reflect.NativeMethodAccessorImpl.invoke0(Native Method)
java.lang.AssertionError: expected:<0> but was:<-10>
    at org.junit.Assert.fail(Assert.java:88)
    at org.junit.Assert.failNotEquals(Assert.java:743)
    at org.junit.Assert.assertEquals(Assert.java:118)
    at org.junit.Assert.assertEquals(Assert.java:144)
    at java_testcases.junit.SHORTEST_PATH_LENGTHS_Test.test1(SHORTEST_PATH_LENGTHS_Test.java:31)
    at sun.reflect.NativeMethodAccessorImpl.invoke0(Native Method)
java.lang.AssertionError: expected:<10> but was:<99999>
    at org.junit.Assert.fail(Assert.java:88)
    at org.junit.Assert.failNotEquals(Assert.java:743)
    at org.junit.Assert.assertEquals(Assert.java:118)
    at org.junit.Assert.assertEquals(Assert.java:144)
    at java_testcases.junit.SHORTEST_PATH_LENGTHS_Test.test2(SHORTEST_PATH_LENGTHS_Test.java:50)
    at sun.reflect.NativeMethodAccessorImpl.invoke0(Native Method)
java.lang.AssertionError: expected:<99999> but was:<3>
    at org.junit.Assert.fail(Assert.java:88)
    at org.junit.Assert.failNotEquals(Assert.java:743)
    at org.junit.Assert.assertEquals(Assert.java:118)
    at org.junit.Assert.assertEquals(Assert.java:144)
    at java_testcases.junit.SHORTEST_PATH_LENGTHS_Test.test3(SHORTEST_PATH_LENGTHS_Test.java:67)
    at sun.reflect.NativeMethodAccessorImpl.invoke0(Native Method)
12:03:36.315 [pool-24-thread-1] INFO  xxl.java.junit.TestCasesListener - Tests run finished (7 ms)
<> Total tests run: 16
<> Ignored tests: 0
<> Failed tests: 16
~ test4s(java_testcases.junit.SHORTEST_PATH_LENGTHS_Test)
[expected:<2> but was:<1>]
java.lang.AssertionError: expected:<2> but was:<1>    at org.junit.Assert.fail(Assert.java:88)
    at org.junit.Assert.failNotEquals(Assert.java:743)
    at org.junit.Assert.assertEquals(Assert.java:118)
    at org.junit.Assert.assertEquals(Assert.java:144)
    at java_testcases.junit.SHORTEST_PATH_LENGTHS_Test.test4s(SHORTEST_PATH_LENGTHS_Test.java:85)
    at sun.reflect.NativeMethodAccessorImpl.invoke0(Native Method)
~ test1(java_testcases.junit.SHORTEST_PATH_LENGTHS_Test)
[expected:<0> but was:<-10>]
java.lang.AssertionError: expected:<0> but was:<-10>    at org.junit.Assert.fail(Assert.java:88)
    at org.junit.Assert.failNotEquals(Assert.java:743)
    at org.junit.Assert.assertEquals(Assert.java:118)
    at org.junit.Assert.assertEquals(Assert.java:144)
    at java_testcases.junit.SHORTEST_PATH_LENGTHS_Test.test1(SHORTEST_PATH_LENGTHS_Test.java:31)
    at sun.reflect.NativeMethodAccessorImpl.invoke0(Native Method)
~ test2(java_testcases.junit.SHORTEST_PATH_LENGTHS_Test)
[expected:<10> but was:<99999>]
java.lang.AssertionError: expected:<10> but was:<99999>    at org.junit.Assert.fail(Assert.java:88)
    at org.junit.Assert.failNotEquals(Assert.java:743)
    at org.junit.Assert.assertEquals(Assert.java:118)
    at org.junit.Assert.assertEquals(Assert.java:144)
    at java_testcases.junit.SHORTEST_PATH_LENGTHS_Test.test2(SHORTEST_PATH_LENGTHS_Test.java:50)
    at sun.reflect.NativeMethodAccessorImpl.invoke0(Native Method)
~ test3(java_testcases.junit.SHORTEST_PATH_LENGTHS_Test)
[expected:<99999> but was:<3>]
java.lang.AssertionError: expected:<99999> but was:<3>    at org.junit.Assert.fail(Assert.java:88)
    at org.junit.Assert.failNotEquals(Assert.java:743)
    at org.junit.Assert.assertEquals(Assert.java:118)
    at org.junit.Assert.assertEquals(Assert.java:144)
    at java_testcases.junit.SHORTEST_PATH_LENGTHS_Test.test3(SHORTEST_PATH_LENGTHS_Test.java:67)
    at sun.reflect.NativeMethodAccessorImpl.invoke0(Native Method)
~ test4s(java_testcases.junit.SHORTEST_PATH_LENGTHS_Test)
[expected:<2> but was:<1>]
java.lang.AssertionError: expected:<2> but was:<1>    at org.junit.Assert.fail(Assert.java:88)
    at org.junit.Assert.failNotEquals(Assert.java:743)
    at org.junit.Assert.assertEquals(Assert.java:118)
    at org.junit.Assert.assertEquals(Assert.java:144)
    at java_testcases.junit.SHORTEST_PATH_LENGTHS_Test.test4s(SHORTEST_PATH_LENGTHS_Test.java:85)
    at sun.reflect.NativeMethodAccessorImpl.invoke0(Native Method)
~ test1(java_testcases.junit.SHORTEST_PATH_LENGTHS_Test)
[expected:<0> but was:<-10>]
java.lang.AssertionError: expected:<0> but was:<-10>    at org.junit.Assert.fail(Assert.java:88)
    at org.junit.Assert.failNotEquals(Assert.java:743)
    at org.junit.Assert.assertEquals(Assert.java:118)
    at org.junit.Assert.assertEquals(Assert.java:144)
    at java_testcases.junit.SHORTEST_PATH_LENGTHS_Test.test1(SHORTEST_PATH_LENGTHS_Test.java:31)
    at sun.reflect.NativeMethodAccessorImpl.invoke0(Native Method)
~ test2(java_testcases.junit.SHORTEST_PATH_LENGTHS_Test)
[expected:<10> but was:<99999>]
java.lang.AssertionError: expected:<10> but was:<99999>    at org.junit.Assert.fail(Assert.java:88)
    at org.junit.Assert.failNotEquals(Assert.java:743)
    at org.junit.Assert.assertEquals(Assert.java:118)
    at org.junit.Assert.assertEquals(Assert.java:144)
    at java_testcases.junit.SHORTEST_PATH_LENGTHS_Test.test2(SHORTEST_PATH_LENGTHS_Test.java:50)
    at sun.reflect.NativeMethodAccessorImpl.invoke0(Native Method)
~ test3(java_testcases.junit.SHORTEST_PATH_LENGTHS_Test)
[expected:<99999> but was:<3>]
java.lang.AssertionError: expected:<99999> but was:<3>    at org.junit.Assert.fail(Assert.java:88)
    at org.junit.Assert.failNotEquals(Assert.java:743)
    at org.junit.Assert.assertEquals(Assert.java:118)
    at org.junit.Assert.assertEquals(Assert.java:144)
    at java_testcases.junit.SHORTEST_PATH_LENGTHS_Test.test3(SHORTEST_PATH_LENGTHS_Test.java:67)
    at sun.reflect.NativeMethodAccessorImpl.invoke0(Native Method)
~ test4s(java_testcases.junit.SHORTEST_PATH_LENGTHS_Test)
[expected:<2> but was:<1>]
java.lang.AssertionError: expected:<2> but was:<1>    at org.junit.Assert.fail(Assert.java:88)
    at org.junit.Assert.failNotEquals(Assert.java:743)
    at org.junit.Assert.assertEquals(Assert.java:118)
    at org.junit.Assert.assertEquals(Assert.java:144)
    at java_testcases.junit.SHORTEST_PATH_LENGTHS_Test.test4s(SHORTEST_PATH_LENGTHS_Test.java:85)
    at sun.reflect.NativeMethodAccessorImpl.invoke0(Native Method)
~ test1(java_testcases.junit.SHORTEST_PATH_LENGTHS_Test)
[expected:<0> but was:<-10>]
java.lang.AssertionError: expected:<0> but was:<-10>    at org.junit.Assert.fail(Assert.java:88)
    at org.junit.Assert.failNotEquals(Assert.java:743)
    at org.junit.Assert.assertEquals(Assert.java:118)
    at org.junit.Assert.assertEquals(Assert.java:144)
    at java_testcases.junit.SHORTEST_PATH_LENGTHS_Test.test1(SHORTEST_PATH_LENGTHS_Test.java:31)
    at sun.reflect.NativeMethodAccessorImpl.invoke0(Native Method)
~ test2(java_testcases.junit.SHORTEST_PATH_LENGTHS_Test)
[expected:<10> but was:<99999>]
java.lang.AssertionError: expected:<10> but was:<99999>    at org.junit.Assert.fail(Assert.java:88)
    at org.junit.Assert.failNotEquals(Assert.java:743)
    at org.junit.Assert.assertEquals(Assert.java:118)
    at org.junit.Assert.assertEquals(Assert.java:144)
    at java_testcases.junit.SHORTEST_PATH_LENGTHS_Test.test2(SHORTEST_PATH_LENGTHS_Test.java:50)
    at sun.reflect.NativeMethodAccessorImpl.invoke0(Native Method)
~ test3(java_testcases.junit.SHORTEST_PATH_LENGTHS_Test)
[expected:<99999> but was:<3>]
java.lang.AssertionError: expected:<99999> but was:<3>    at org.junit.Assert.fail(Assert.java:88)
    at org.junit.Assert.failNotEquals(Assert.java:743)
    at org.junit.Assert.assertEquals(Assert.java:118)
    at org.junit.Assert.assertEquals(Assert.java:144)
    at java_testcases.junit.SHORTEST_PATH_LENGTHS_Test.test3(SHORTEST_PATH_LENGTHS_Test.java:67)
    at sun.reflect.NativeMethodAccessorImpl.invoke0(Native Method)
~ test4s(java_testcases.junit.SHORTEST_PATH_LENGTHS_Test)
[expected:<2> but was:<1>]
java.lang.AssertionError: expected:<2> but was:<1>    at org.junit.Assert.fail(Assert.java:88)
    at org.junit.Assert.failNotEquals(Assert.java:743)
    at org.junit.Assert.assertEquals(Assert.java:118)
    at org.junit.Assert.assertEquals(Assert.java:144)
    at java_testcases.junit.SHORTEST_PATH_LENGTHS_Test.test4s(SHORTEST_PATH_LENGTHS_Test.java:85)
    at sun.reflect.NativeMethodAccessorImpl.invoke0(Native Method)
~ test1(java_testcases.junit.SHORTEST_PATH_LENGTHS_Test)
[expected:<0> but was:<-10>]
java.lang.AssertionError: expected:<0> but was:<-10>    at org.junit.Assert.fail(Assert.java:88)
    at org.junit.Assert.failNotEquals(Assert.java:743)
    at org.junit.Assert.assertEquals(Assert.java:118)
    at org.junit.Assert.assertEquals(Assert.java:144)
    at java_testcases.junit.SHORTEST_PATH_LENGTHS_Test.test1(SHORTEST_PATH_LENGTHS_Test.java:31)
    at sun.reflect.NativeMethodAccessorImpl.invoke0(Native Method)
~ test2(java_testcases.junit.SHORTEST_PATH_LENGTHS_Test)
[expected:<10> but was:<99999>]
java.lang.AssertionError: expected:<10> but was:<99999>    at org.junit.Assert.fail(Assert.java:88)
    at org.junit.Assert.failNotEquals(Assert.java:743)
    at org.junit.Assert.assertEquals(Assert.java:118)
    at org.junit.Assert.assertEquals(Assert.java:144)
    at java_testcases.junit.SHORTEST_PATH_LENGTHS_Test.test2(SHORTEST_PATH_LENGTHS_Test.java:50)
    at sun.reflect.NativeMethodAccessorImpl.invoke0(Native Method)
~ test3(java_testcases.junit.SHORTEST_PATH_LENGTHS_Test)
[expected:<99999> but was:<3>]
java.lang.AssertionError: expected:<99999> but was:<3>    at org.junit.Assert.fail(Assert.java:88)
    at org.junit.Assert.failNotEquals(Assert.java:743)
    at org.junit.Assert.assertEquals(Assert.java:118)
    at org.junit.Assert.assertEquals(Assert.java:144)
    at java_testcases.junit.SHORTEST_PATH_LENGTHS_Test.test3(SHORTEST_PATH_LENGTHS_Test.java:67)
    at sun.reflect.NativeMethodAccessorImpl.invoke0(Native Method)

12:03:36.427 [pool-2-thread-1] DEBUG fr.inria.lille.repair.nopol.NoPol - statement #7
12:03:36.428 [pool-2-thread-1] DEBUG fr.inria.lille.repair.nopol.NoPol - Analysing SourceLocation java_programs.SHORTEST_PATH_LENGTHS:32 which is executed by 4 tests
2063786665
12:03:36.469 [pool-2-thread-1] DEBUG fr.inria.lille.repair.nopol.NoPol - looking with class fr.inria.lille.repair.nopol.spoon.smt.ConditionalAdder
java.lang.AssertionError: expected:<2> but was:<1>
    at org.junit.Assert.fail(Assert.java:88)
    at org.junit.Assert.failNotEquals(Assert.java:743)
    at org.junit.Assert.assertEquals(Assert.java:118)
    at org.junit.Assert.assertEquals(Assert.java:144)
    at java_testcases.junit.SHORTEST_PATH_LENGTHS_Test.test4s(SHORTEST_PATH_LENGTHS_Test.java:85)
    at sun.reflect.NativeMethodAccessorImpl.invoke0(Native Method)
java.lang.AssertionError: expected:<0> but was:<-10>
    at org.junit.Assert.fail(Assert.java:88)
    at org.junit.Assert.failNotEquals(Assert.java:743)
    at org.junit.Assert.assertEquals(Assert.java:118)
    at org.junit.Assert.assertEquals(Assert.java:144)
    at java_testcases.junit.SHORTEST_PATH_LENGTHS_Test.test1(SHORTEST_PATH_LENGTHS_Test.java:31)
    at sun.reflect.NativeMethodAccessorImpl.invoke0(Native Method)
java.lang.AssertionError: expected:<10> but was:<99999>
    at org.junit.Assert.fail(Assert.java:88)
    at org.junit.Assert.failNotEquals(Assert.java:743)
    at org.junit.Assert.assertEquals(Assert.java:118)
    at org.junit.Assert.assertEquals(Assert.java:144)
    at java_testcases.junit.SHORTEST_PATH_LENGTHS_Test.test2(SHORTEST_PATH_LENGTHS_Test.java:50)
    at sun.reflect.NativeMethodAccessorImpl.invoke0(Native Method)
java.lang.AssertionError: expected:<99999> but was:<3>
    at org.junit.Assert.fail(Assert.java:88)
    at org.junit.Assert.failNotEquals(Assert.java:743)
    at org.junit.Assert.assertEquals(Assert.java:118)
    at org.junit.Assert.assertEquals(Assert.java:144)
    at java_testcases.junit.SHORTEST_PATH_LENGTHS_Test.test3(SHORTEST_PATH_LENGTHS_Test.java:67)
    at sun.reflect.NativeMethodAccessorImpl.invoke0(Native Method)
java.lang.AssertionError: expected:<2> but was:<1>
    at org.junit.Assert.fail(Assert.java:88)
    at org.junit.Assert.failNotEquals(Assert.java:743)
    at org.junit.Assert.assertEquals(Assert.java:118)
    at org.junit.Assert.assertEquals(Assert.java:144)
    at java_testcases.junit.SHORTEST_PATH_LENGTHS_Test.test4s(SHORTEST_PATH_LENGTHS_Test.java:85)
    at sun.reflect.NativeMethodAccessorImpl.invoke0(Native Method)
java.lang.AssertionError: expected:<0> but was:<-10>
    at org.junit.Assert.fail(Assert.java:88)
    at org.junit.Assert.failNotEquals(Assert.java:743)
    at org.junit.Assert.assertEquals(Assert.java:118)
    at org.junit.Assert.assertEquals(Assert.java:144)
    at java_testcases.junit.SHORTEST_PATH_LENGTHS_Test.test1(SHORTEST_PATH_LENGTHS_Test.java:31)
    at sun.reflect.NativeMethodAccessorImpl.invoke0(Native Method)
java.lang.AssertionError: expected:<10> but was:<99999>
    at org.junit.Assert.fail(Assert.java:88)
    at org.junit.Assert.failNotEquals(Assert.java:743)
    at org.junit.Assert.assertEquals(Assert.java:118)
    at org.junit.Assert.assertEquals(Assert.java:144)
    at java_testcases.junit.SHORTEST_PATH_LENGTHS_Test.test2(SHORTEST_PATH_LENGTHS_Test.java:50)
    at sun.reflect.NativeMethodAccessorImpl.invoke0(Native Method)
java.lang.AssertionError: expected:<99999> but was:<3>
    at org.junit.Assert.fail(Assert.java:88)
    at org.junit.Assert.failNotEquals(Assert.java:743)
    at org.junit.Assert.assertEquals(Assert.java:118)
    at org.junit.Assert.assertEquals(Assert.java:144)
    at java_testcases.junit.SHORTEST_PATH_LENGTHS_Test.test3(SHORTEST_PATH_LENGTHS_Test.java:67)
    at sun.reflect.NativeMethodAccessorImpl.invoke0(Native Method)
java.lang.AssertionError: expected:<2> but was:<1>
    at org.junit.Assert.fail(Assert.java:88)
    at org.junit.Assert.failNotEquals(Assert.java:743)
    at org.junit.Assert.assertEquals(Assert.java:118)
    at org.junit.Assert.assertEquals(Assert.java:144)
    at java_testcases.junit.SHORTEST_PATH_LENGTHS_Test.test4s(SHORTEST_PATH_LENGTHS_Test.java:85)
    at sun.reflect.NativeMethodAccessorImpl.invoke0(Native Method)
java.lang.AssertionError: expected:<0> but was:<-10>
    at org.junit.Assert.fail(Assert.java:88)
    at org.junit.Assert.failNotEquals(Assert.java:743)
    at org.junit.Assert.assertEquals(Assert.java:118)
    at org.junit.Assert.assertEquals(Assert.java:144)
    at java_testcases.junit.SHORTEST_PATH_LENGTHS_Test.test1(SHORTEST_PATH_LENGTHS_Test.java:31)
    at sun.reflect.NativeMethodAccessorImpl.invoke0(Native Method)
java.lang.AssertionError: expected:<10> but was:<99999>
    at org.junit.Assert.fail(Assert.java:88)
    at org.junit.Assert.failNotEquals(Assert.java:743)
    at org.junit.Assert.assertEquals(Assert.java:118)
    at org.junit.Assert.assertEquals(Assert.java:144)
    at java_testcases.junit.SHORTEST_PATH_LENGTHS_Test.test2(SHORTEST_PATH_LENGTHS_Test.java:50)
    at sun.reflect.NativeMethodAccessorImpl.invoke0(Native Method)
java.lang.AssertionError: expected:<99999> but was:<3>
    at org.junit.Assert.fail(Assert.java:88)
    at org.junit.Assert.failNotEquals(Assert.java:743)
    at org.junit.Assert.assertEquals(Assert.java:118)
    at org.junit.Assert.assertEquals(Assert.java:144)
    at java_testcases.junit.SHORTEST_PATH_LENGTHS_Test.test3(SHORTEST_PATH_LENGTHS_Test.java:67)
    at sun.reflect.NativeMethodAccessorImpl.invoke0(Native Method)
java.lang.AssertionError: expected:<2> but was:<1>
    at org.junit.Assert.fail(Assert.java:88)
    at org.junit.Assert.failNotEquals(Assert.java:743)
    at org.junit.Assert.assertEquals(Assert.java:118)
    at org.junit.Assert.assertEquals(Assert.java:144)
    at java_testcases.junit.SHORTEST_PATH_LENGTHS_Test.test4s(SHORTEST_PATH_LENGTHS_Test.java:85)
    at sun.reflect.NativeMethodAccessorImpl.invoke0(Native Method)
java.lang.AssertionError: expected:<0> but was:<-10>
    at org.junit.Assert.fail(Assert.java:88)
    at org.junit.Assert.failNotEquals(Assert.java:743)
    at org.junit.Assert.assertEquals(Assert.java:118)
    at org.junit.Assert.assertEquals(Assert.java:144)
    at java_testcases.junit.SHORTEST_PATH_LENGTHS_Test.test1(SHORTEST_PATH_LENGTHS_Test.java:31)
    at sun.reflect.NativeMethodAccessorImpl.invoke0(Native Method)
java.lang.AssertionError: expected:<10> but was:<99999>
    at org.junit.Assert.fail(Assert.java:88)
    at org.junit.Assert.failNotEquals(Assert.java:743)
    at org.junit.Assert.assertEquals(Assert.java:118)
    at org.junit.Assert.assertEquals(Assert.java:144)
    at java_testcases.junit.SHORTEST_PATH_LENGTHS_Test.test2(SHORTEST_PATH_LENGTHS_Test.java:50)
    at sun.reflect.NativeMethodAccessorImpl.invoke0(Native Method)
java.lang.AssertionError: expected:<99999> but was:<3>
    at org.junit.Assert.fail(Assert.java:88)
    at org.junit.Assert.failNotEquals(Assert.java:743)
    at org.junit.Assert.assertEquals(Assert.java:118)
    at org.junit.Assert.assertEquals(Assert.java:144)
    at java_testcases.junit.SHORTEST_PATH_LENGTHS_Test.test3(SHORTEST_PATH_LENGTHS_Test.java:67)
    at sun.reflect.NativeMethodAccessorImpl.invoke0(Native Method)
12:03:36.479 [pool-34-thread-1] INFO  xxl.java.junit.TestCasesListener - Tests run finished (6 ms)
<> Total tests run: 16
<> Ignored tests: 0
<> Failed tests: 16
~ test4s(java_testcases.junit.SHORTEST_PATH_LENGTHS_Test)
[expected:<2> but was:<1>]
java.lang.AssertionError: expected:<2> but was:<1>    at org.junit.Assert.fail(Assert.java:88)
    at org.junit.Assert.failNotEquals(Assert.java:743)
    at org.junit.Assert.assertEquals(Assert.java:118)
    at org.junit.Assert.assertEquals(Assert.java:144)
    at java_testcases.junit.SHORTEST_PATH_LENGTHS_Test.test4s(SHORTEST_PATH_LENGTHS_Test.java:85)
    at sun.reflect.NativeMethodAccessorImpl.invoke0(Native Method)
~ test1(java_testcases.junit.SHORTEST_PATH_LENGTHS_Test)
[expected:<0> but was:<-10>]
java.lang.AssertionError: expected:<0> but was:<-10>    at org.junit.Assert.fail(Assert.java:88)
    at org.junit.Assert.failNotEquals(Assert.java:743)
    at org.junit.Assert.assertEquals(Assert.java:118)
    at org.junit.Assert.assertEquals(Assert.java:144)
    at java_testcases.junit.SHORTEST_PATH_LENGTHS_Test.test1(SHORTEST_PATH_LENGTHS_Test.java:31)
    at sun.reflect.NativeMethodAccessorImpl.invoke0(Native Method)
~ test2(java_testcases.junit.SHORTEST_PATH_LENGTHS_Test)
[expected:<10> but was:<99999>]
java.lang.AssertionError: expected:<10> but was:<99999>    at org.junit.Assert.fail(Assert.java:88)
    at org.junit.Assert.failNotEquals(Assert.java:743)
    at org.junit.Assert.assertEquals(Assert.java:118)
    at org.junit.Assert.assertEquals(Assert.java:144)
    at java_testcases.junit.SHORTEST_PATH_LENGTHS_Test.test2(SHORTEST_PATH_LENGTHS_Test.java:50)
    at sun.reflect.NativeMethodAccessorImpl.invoke0(Native Method)
~ test3(java_testcases.junit.SHORTEST_PATH_LENGTHS_Test)
[expected:<99999> but was:<3>]
java.lang.AssertionError: expected:<99999> but was:<3>    at org.junit.Assert.fail(Assert.java:88)
    at org.junit.Assert.failNotEquals(Assert.java:743)
    at org.junit.Assert.assertEquals(Assert.java:118)
    at org.junit.Assert.assertEquals(Assert.java:144)
    at java_testcases.junit.SHORTEST_PATH_LENGTHS_Test.test3(SHORTEST_PATH_LENGTHS_Test.java:67)
    at sun.reflect.NativeMethodAccessorImpl.invoke0(Native Method)
~ test4s(java_testcases.junit.SHORTEST_PATH_LENGTHS_Test)
[expected:<2> but was:<1>]
java.lang.AssertionError: expected:<2> but was:<1>    at org.junit.Assert.fail(Assert.java:88)
    at org.junit.Assert.failNotEquals(Assert.java:743)
    at org.junit.Assert.assertEquals(Assert.java:118)
    at org.junit.Assert.assertEquals(Assert.java:144)
    at java_testcases.junit.SHORTEST_PATH_LENGTHS_Test.test4s(SHORTEST_PATH_LENGTHS_Test.java:85)
    at sun.reflect.NativeMethodAccessorImpl.invoke0(Native Method)
~ test1(java_testcases.junit.SHORTEST_PATH_LENGTHS_Test)
[expected:<0> but was:<-10>]
java.lang.AssertionError: expected:<0> but was:<-10>    at org.junit.Assert.fail(Assert.java:88)
    at org.junit.Assert.failNotEquals(Assert.java:743)
    at org.junit.Assert.assertEquals(Assert.java:118)
    at org.junit.Assert.assertEquals(Assert.java:144)
    at java_testcases.junit.SHORTEST_PATH_LENGTHS_Test.test1(SHORTEST_PATH_LENGTHS_Test.java:31)
    at sun.reflect.NativeMethodAccessorImpl.invoke0(Native Method)
~ test2(java_testcases.junit.SHORTEST_PATH_LENGTHS_Test)
[expected:<10> but was:<99999>]
java.lang.AssertionError: expected:<10> but was:<99999>    at org.junit.Assert.fail(Assert.java:88)
    at org.junit.Assert.failNotEquals(Assert.java:743)
    at org.junit.Assert.assertEquals(Assert.java:118)
    at org.junit.Assert.assertEquals(Assert.java:144)
    at java_testcases.junit.SHORTEST_PATH_LENGTHS_Test.test2(SHORTEST_PATH_LENGTHS_Test.java:50)
    at sun.reflect.NativeMethodAccessorImpl.invoke0(Native Method)
~ test3(java_testcases.junit.SHORTEST_PATH_LENGTHS_Test)
[expected:<99999> but was:<3>]
java.lang.AssertionError: expected:<99999> but was:<3>    at org.junit.Assert.fail(Assert.java:88)
    at org.junit.Assert.failNotEquals(Assert.java:743)
    at org.junit.Assert.assertEquals(Assert.java:118)
    at org.junit.Assert.assertEquals(Assert.java:144)
    at java_testcases.junit.SHORTEST_PATH_LENGTHS_Test.test3(SHORTEST_PATH_LENGTHS_Test.java:67)
    at sun.reflect.NativeMethodAccessorImpl.invoke0(Native Method)
~ test4s(java_testcases.junit.SHORTEST_PATH_LENGTHS_Test)
[expected:<2> but was:<1>]
java.lang.AssertionError: expected:<2> but was:<1>    at org.junit.Assert.fail(Assert.java:88)
    at org.junit.Assert.failNotEquals(Assert.java:743)
    at org.junit.Assert.assertEquals(Assert.java:118)
    at org.junit.Assert.assertEquals(Assert.java:144)
    at java_testcases.junit.SHORTEST_PATH_LENGTHS_Test.test4s(SHORTEST_PATH_LENGTHS_Test.java:85)
    at sun.reflect.NativeMethodAccessorImpl.invoke0(Native Method)
~ test1(java_testcases.junit.SHORTEST_PATH_LENGTHS_Test)
[expected:<0> but was:<-10>]
java.lang.AssertionError: expected:<0> but was:<-10>    at org.junit.Assert.fail(Assert.java:88)
    at org.junit.Assert.failNotEquals(Assert.java:743)
    at org.junit.Assert.assertEquals(Assert.java:118)
    at org.junit.Assert.assertEquals(Assert.java:144)
    at java_testcases.junit.SHORTEST_PATH_LENGTHS_Test.test1(SHORTEST_PATH_LENGTHS_Test.java:31)
    at sun.reflect.NativeMethodAccessorImpl.invoke0(Native Method)
~ test2(java_testcases.junit.SHORTEST_PATH_LENGTHS_Test)
[expected:<10> but was:<99999>]
java.lang.AssertionError: expected:<10> but was:<99999>    at org.junit.Assert.fail(Assert.java:88)
    at org.junit.Assert.failNotEquals(Assert.java:743)
    at org.junit.Assert.assertEquals(Assert.java:118)
    at org.junit.Assert.assertEquals(Assert.java:144)
    at java_testcases.junit.SHORTEST_PATH_LENGTHS_Test.test2(SHORTEST_PATH_LENGTHS_Test.java:50)
    at sun.reflect.NativeMethodAccessorImpl.invoke0(Native Method)
~ test3(java_testcases.junit.SHORTEST_PATH_LENGTHS_Test)
[expected:<99999> but was:<3>]
java.lang.AssertionError: expected:<99999> but was:<3>    at org.junit.Assert.fail(Assert.java:88)
    at org.junit.Assert.failNotEquals(Assert.java:743)
    at org.junit.Assert.assertEquals(Assert.java:118)
    at org.junit.Assert.assertEquals(Assert.java:144)
    at java_testcases.junit.SHORTEST_PATH_LENGTHS_Test.test3(SHORTEST_PATH_LENGTHS_Test.java:67)
    at sun.reflect.NativeMethodAccessorImpl.invoke0(Native Method)
~ test4s(java_testcases.junit.SHORTEST_PATH_LENGTHS_Test)
[expected:<2> but was:<1>]
java.lang.AssertionError: expected:<2> but was:<1>    at org.junit.Assert.fail(Assert.java:88)
    at org.junit.Assert.failNotEquals(Assert.java:743)
    at org.junit.Assert.assertEquals(Assert.java:118)
    at org.junit.Assert.assertEquals(Assert.java:144)
    at java_testcases.junit.SHORTEST_PATH_LENGTHS_Test.test4s(SHORTEST_PATH_LENGTHS_Test.java:85)
    at sun.reflect.NativeMethodAccessorImpl.invoke0(Native Method)
~ test1(java_testcases.junit.SHORTEST_PATH_LENGTHS_Test)
[expected:<0> but was:<-10>]
java.lang.AssertionError: expected:<0> but was:<-10>    at org.junit.Assert.fail(Assert.java:88)
    at org.junit.Assert.failNotEquals(Assert.java:743)
    at org.junit.Assert.assertEquals(Assert.java:118)
    at org.junit.Assert.assertEquals(Assert.java:144)
    at java_testcases.junit.SHORTEST_PATH_LENGTHS_Test.test1(SHORTEST_PATH_LENGTHS_Test.java:31)
    at sun.reflect.NativeMethodAccessorImpl.invoke0(Native Method)
~ test2(java_testcases.junit.SHORTEST_PATH_LENGTHS_Test)
[expected:<10> but was:<99999>]
java.lang.AssertionError: expected:<10> but was:<99999>    at org.junit.Assert.fail(Assert.java:88)
    at org.junit.Assert.failNotEquals(Assert.java:743)
    at org.junit.Assert.assertEquals(Assert.java:118)
    at org.junit.Assert.assertEquals(Assert.java:144)
    at java_testcases.junit.SHORTEST_PATH_LENGTHS_Test.test2(SHORTEST_PATH_LENGTHS_Test.java:50)
    at sun.reflect.NativeMethodAccessorImpl.invoke0(Native Method)
~ test3(java_testcases.junit.SHORTEST_PATH_LENGTHS_Test)
[expected:<99999> but was:<3>]
java.lang.AssertionError: expected:<99999> but was:<3>    at org.junit.Assert.fail(Assert.java:88)
    at org.junit.Assert.failNotEquals(Assert.java:743)
    at org.junit.Assert.assertEquals(Assert.java:118)
    at org.junit.Assert.assertEquals(Assert.java:144)
    at java_testcases.junit.SHORTEST_PATH_LENGTHS_Test.test3(SHORTEST_PATH_LENGTHS_Test.java:67)
    at sun.reflect.NativeMethodAccessorImpl.invoke0(Native Method)

12:03:36.568 [pool-2-thread-1] DEBUG fr.inria.lille.repair.nopol.NoPol - statement #8
12:03:36.569 [pool-2-thread-1] DEBUG fr.inria.lille.repair.nopol.NoPol - Analysing SourceLocation java_programs.SHORTEST_PATH_LENGTHS:28 which is executed by 4 tests
2063786665
12:03:36.607 [pool-2-thread-1] DEBUG fr.inria.lille.repair.nopol.NoPol - looking with class fr.inria.lille.repair.nopol.spoon.smt.ConditionalAdder
java.lang.AssertionError: expected:<2> but was:<1>
    at org.junit.Assert.fail(Assert.java:88)
    at org.junit.Assert.failNotEquals(Assert.java:743)
    at org.junit.Assert.assertEquals(Assert.java:118)
    at org.junit.Assert.assertEquals(Assert.java:144)
    at java_testcases.junit.SHORTEST_PATH_LENGTHS_Test.test4s(SHORTEST_PATH_LENGTHS_Test.java:85)
    at sun.reflect.NativeMethodAccessorImpl.invoke0(Native Method)
java.lang.AssertionError: expected:<0> but was:<-10>
    at org.junit.Assert.fail(Assert.java:88)
    at org.junit.Assert.failNotEquals(Assert.java:743)
    at org.junit.Assert.assertEquals(Assert.java:118)
    at org.junit.Assert.assertEquals(Assert.java:144)
    at java_testcases.junit.SHORTEST_PATH_LENGTHS_Test.test1(SHORTEST_PATH_LENGTHS_Test.java:31)
    at sun.reflect.NativeMethodAccessorImpl.invoke0(Native Method)
java.lang.AssertionError: expected:<10> but was:<99999>
    at org.junit.Assert.fail(Assert.java:88)
    at org.junit.Assert.failNotEquals(Assert.java:743)
    at org.junit.Assert.assertEquals(Assert.java:118)
    at org.junit.Assert.assertEquals(Assert.java:144)
    at java_testcases.junit.SHORTEST_PATH_LENGTHS_Test.test2(SHORTEST_PATH_LENGTHS_Test.java:50)
    at sun.reflect.NativeMethodAccessorImpl.invoke0(Native Method)
java.lang.AssertionError: expected:<99999> but was:<3>
    at org.junit.Assert.fail(Assert.java:88)
    at org.junit.Assert.failNotEquals(Assert.java:743)
    at org.junit.Assert.assertEquals(Assert.java:118)
    at org.junit.Assert.assertEquals(Assert.java:144)
    at java_testcases.junit.SHORTEST_PATH_LENGTHS_Test.test3(SHORTEST_PATH_LENGTHS_Test.java:67)
    at sun.reflect.NativeMethodAccessorImpl.invoke0(Native Method)
java.lang.AssertionError: expected:<2> but was:<1>
    at org.junit.Assert.fail(Assert.java:88)
    at org.junit.Assert.failNotEquals(Assert.java:743)
    at org.junit.Assert.assertEquals(Assert.java:118)
    at org.junit.Assert.assertEquals(Assert.java:144)
    at java_testcases.junit.SHORTEST_PATH_LENGTHS_Test.test4s(SHORTEST_PATH_LENGTHS_Test.java:85)
    at sun.reflect.NativeMethodAccessorImpl.invoke0(Native Method)
java.lang.AssertionError: expected:<0> but was:<-10>
    at org.junit.Assert.fail(Assert.java:88)
    at org.junit.Assert.failNotEquals(Assert.java:743)
    at org.junit.Assert.assertEquals(Assert.java:118)
    at org.junit.Assert.assertEquals(Assert.java:144)
    at java_testcases.junit.SHORTEST_PATH_LENGTHS_Test.test1(SHORTEST_PATH_LENGTHS_Test.java:31)
    at sun.reflect.NativeMethodAccessorImpl.invoke0(Native Method)
java.lang.AssertionError: expected:<10> but was:<99999>
    at org.junit.Assert.fail(Assert.java:88)
    at org.junit.Assert.failNotEquals(Assert.java:743)
    at org.junit.Assert.assertEquals(Assert.java:118)
    at org.junit.Assert.assertEquals(Assert.java:144)
    at java_testcases.junit.SHORTEST_PATH_LENGTHS_Test.test2(SHORTEST_PATH_LENGTHS_Test.java:50)
    at sun.reflect.NativeMethodAccessorImpl.invoke0(Native Method)
java.lang.AssertionError: expected:<99999> but was:<3>
    at org.junit.Assert.fail(Assert.java:88)
    at org.junit.Assert.failNotEquals(Assert.java:743)
    at org.junit.Assert.assertEquals(Assert.java:118)
    at org.junit.Assert.assertEquals(Assert.java:144)
    at java_testcases.junit.SHORTEST_PATH_LENGTHS_Test.test3(SHORTEST_PATH_LENGTHS_Test.java:67)
    at sun.reflect.NativeMethodAccessorImpl.invoke0(Native Method)
java.lang.AssertionError: expected:<2> but was:<1>
    at org.junit.Assert.fail(Assert.java:88)
    at org.junit.Assert.failNotEquals(Assert.java:743)
    at org.junit.Assert.assertEquals(Assert.java:118)
    at org.junit.Assert.assertEquals(Assert.java:144)
    at java_testcases.junit.SHORTEST_PATH_LENGTHS_Test.test4s(SHORTEST_PATH_LENGTHS_Test.java:85)
    at sun.reflect.NativeMethodAccessorImpl.invoke0(Native Method)
java.lang.AssertionError: expected:<0> but was:<-10>
    at org.junit.Assert.fail(Assert.java:88)
    at org.junit.Assert.failNotEquals(Assert.java:743)
    at org.junit.Assert.assertEquals(Assert.java:118)
    at org.junit.Assert.assertEquals(Assert.java:144)
    at java_testcases.junit.SHORTEST_PATH_LENGTHS_Test.test1(SHORTEST_PATH_LENGTHS_Test.java:31)
    at sun.reflect.NativeMethodAccessorImpl.invoke0(Native Method)
java.lang.AssertionError: expected:<10> but was:<99999>
    at org.junit.Assert.fail(Assert.java:88)
    at org.junit.Assert.failNotEquals(Assert.java:743)
    at org.junit.Assert.assertEquals(Assert.java:118)
    at org.junit.Assert.assertEquals(Assert.java:144)
    at java_testcases.junit.SHORTEST_PATH_LENGTHS_Test.test2(SHORTEST_PATH_LENGTHS_Test.java:50)
    at sun.reflect.NativeMethodAccessorImpl.invoke0(Native Method)
java.lang.AssertionError: expected:<99999> but was:<3>
    at org.junit.Assert.fail(Assert.java:88)
    at org.junit.Assert.failNotEquals(Assert.java:743)
    at org.junit.Assert.assertEquals(Assert.java:118)
    at org.junit.Assert.assertEquals(Assert.java:144)
    at java_testcases.junit.SHORTEST_PATH_LENGTHS_Test.test3(SHORTEST_PATH_LENGTHS_Test.java:67)
    at sun.reflect.NativeMethodAccessorImpl.invoke0(Native Method)
java.lang.AssertionError: expected:<2> but was:<1>
    at org.junit.Assert.fail(Assert.java:88)
    at org.junit.Assert.failNotEquals(Assert.java:743)
    at org.junit.Assert.assertEquals(Assert.java:118)
    at org.junit.Assert.assertEquals(Assert.java:144)
    at java_testcases.junit.SHORTEST_PATH_LENGTHS_Test.test4s(SHORTEST_PATH_LENGTHS_Test.java:85)
    at sun.reflect.NativeMethodAccessorImpl.invoke0(Native Method)
java.lang.AssertionError: expected:<0> but was:<-10>
    at org.junit.Assert.fail(Assert.java:88)
    at org.junit.Assert.failNotEquals(Assert.java:743)
    at org.junit.Assert.assertEquals(Assert.java:118)
    at org.junit.Assert.assertEquals(Assert.java:144)
    at java_testcases.junit.SHORTEST_PATH_LENGTHS_Test.test1(SHORTEST_PATH_LENGTHS_Test.java:31)
    at sun.reflect.NativeMethodAccessorImpl.invoke0(Native Method)
java.lang.AssertionError: expected:<10> but was:<99999>
    at org.junit.Assert.fail(Assert.java:88)
    at org.junit.Assert.failNotEquals(Assert.java:743)
    at org.junit.Assert.assertEquals(Assert.java:118)
    at org.junit.Assert.assertEquals(Assert.java:144)
    at java_testcases.junit.SHORTEST_PATH_LENGTHS_Test.test2(SHORTEST_PATH_LENGTHS_Test.java:50)
    at sun.reflect.NativeMethodAccessorImpl.invoke0(Native Method)
java.lang.AssertionError: expected:<99999> but was:<3>
    at org.junit.Assert.fail(Assert.java:88)
    at org.junit.Assert.failNotEquals(Assert.java:743)
    at org.junit.Assert.assertEquals(Assert.java:118)
    at org.junit.Assert.assertEquals(Assert.java:144)
    at java_testcases.junit.SHORTEST_PATH_LENGTHS_Test.test3(SHORTEST_PATH_LENGTHS_Test.java:67)
    at sun.reflect.NativeMethodAccessorImpl.invoke0(Native Method)
12:03:36.617 [pool-44-thread-1] INFO  xxl.java.junit.TestCasesListener - Tests run finished (7 ms)
<> Total tests run: 16
<> Ignored tests: 0
<> Failed tests: 16
~ test4s(java_testcases.junit.SHORTEST_PATH_LENGTHS_Test)
[expected:<2> but was:<1>]
java.lang.AssertionError: expected:<2> but was:<1>    at org.junit.Assert.fail(Assert.java:88)
    at org.junit.Assert.failNotEquals(Assert.java:743)
    at org.junit.Assert.assertEquals(Assert.java:118)
    at org.junit.Assert.assertEquals(Assert.java:144)
    at java_testcases.junit.SHORTEST_PATH_LENGTHS_Test.test4s(SHORTEST_PATH_LENGTHS_Test.java:85)
    at sun.reflect.NativeMethodAccessorImpl.invoke0(Native Method)
~ test1(java_testcases.junit.SHORTEST_PATH_LENGTHS_Test)
[expected:<0> but was:<-10>]
java.lang.AssertionError: expected:<0> but was:<-10>    at org.junit.Assert.fail(Assert.java:88)
    at org.junit.Assert.failNotEquals(Assert.java:743)
    at org.junit.Assert.assertEquals(Assert.java:118)
    at org.junit.Assert.assertEquals(Assert.java:144)
    at java_testcases.junit.SHORTEST_PATH_LENGTHS_Test.test1(SHORTEST_PATH_LENGTHS_Test.java:31)
    at sun.reflect.NativeMethodAccessorImpl.invoke0(Native Method)
~ test2(java_testcases.junit.SHORTEST_PATH_LENGTHS_Test)
[expected:<10> but was:<99999>]
java.lang.AssertionError: expected:<10> but was:<99999>    at org.junit.Assert.fail(Assert.java:88)
    at org.junit.Assert.failNotEquals(Assert.java:743)
    at org.junit.Assert.assertEquals(Assert.java:118)
    at org.junit.Assert.assertEquals(Assert.java:144)
    at java_testcases.junit.SHORTEST_PATH_LENGTHS_Test.test2(SHORTEST_PATH_LENGTHS_Test.java:50)
    at sun.reflect.NativeMethodAccessorImpl.invoke0(Native Method)
~ test3(java_testcases.junit.SHORTEST_PATH_LENGTHS_Test)
[expected:<99999> but was:<3>]
java.lang.AssertionError: expected:<99999> but was:<3>    at org.junit.Assert.fail(Assert.java:88)
    at org.junit.Assert.failNotEquals(Assert.java:743)
    at org.junit.Assert.assertEquals(Assert.java:118)
    at org.junit.Assert.assertEquals(Assert.java:144)
    at java_testcases.junit.SHORTEST_PATH_LENGTHS_Test.test3(SHORTEST_PATH_LENGTHS_Test.java:67)
    at sun.reflect.NativeMethodAccessorImpl.invoke0(Native Method)
~ test4s(java_testcases.junit.SHORTEST_PATH_LENGTHS_Test)
[expected:<2> but was:<1>]
java.lang.AssertionError: expected:<2> but was:<1>    at org.junit.Assert.fail(Assert.java:88)
    at org.junit.Assert.failNotEquals(Assert.java:743)
    at org.junit.Assert.assertEquals(Assert.java:118)
    at org.junit.Assert.assertEquals(Assert.java:144)
    at java_testcases.junit.SHORTEST_PATH_LENGTHS_Test.test4s(SHORTEST_PATH_LENGTHS_Test.java:85)
    at sun.reflect.NativeMethodAccessorImpl.invoke0(Native Method)
~ test1(java_testcases.junit.SHORTEST_PATH_LENGTHS_Test)
[expected:<0> but was:<-10>]
java.lang.AssertionError: expected:<0> but was:<-10>    at org.junit.Assert.fail(Assert.java:88)
    at org.junit.Assert.failNotEquals(Assert.java:743)
    at org.junit.Assert.assertEquals(Assert.java:118)
    at org.junit.Assert.assertEquals(Assert.java:144)
    at java_testcases.junit.SHORTEST_PATH_LENGTHS_Test.test1(SHORTEST_PATH_LENGTHS_Test.java:31)
    at sun.reflect.NativeMethodAccessorImpl.invoke0(Native Method)
~ test2(java_testcases.junit.SHORTEST_PATH_LENGTHS_Test)
[expected:<10> but was:<99999>]
java.lang.AssertionError: expected:<10> but was:<99999>    at org.junit.Assert.fail(Assert.java:88)
    at org.junit.Assert.failNotEquals(Assert.java:743)
    at org.junit.Assert.assertEquals(Assert.java:118)
    at org.junit.Assert.assertEquals(Assert.java:144)
    at java_testcases.junit.SHORTEST_PATH_LENGTHS_Test.test2(SHORTEST_PATH_LENGTHS_Test.java:50)
    at sun.reflect.NativeMethodAccessorImpl.invoke0(Native Method)
~ test3(java_testcases.junit.SHORTEST_PATH_LENGTHS_Test)
[expected:<99999> but was:<3>]
java.lang.AssertionError: expected:<99999> but was:<3>    at org.junit.Assert.fail(Assert.java:88)
    at org.junit.Assert.failNotEquals(Assert.java:743)
    at org.junit.Assert.assertEquals(Assert.java:118)
    at org.junit.Assert.assertEquals(Assert.java:144)
    at java_testcases.junit.SHORTEST_PATH_LENGTHS_Test.test3(SHORTEST_PATH_LENGTHS_Test.java:67)
    at sun.reflect.NativeMethodAccessorImpl.invoke0(Native Method)
~ test4s(java_testcases.junit.SHORTEST_PATH_LENGTHS_Test)
[expected:<2> but was:<1>]
java.lang.AssertionError: expected:<2> but was:<1>    at org.junit.Assert.fail(Assert.java:88)
    at org.junit.Assert.failNotEquals(Assert.java:743)
    at org.junit.Assert.assertEquals(Assert.java:118)
    at org.junit.Assert.assertEquals(Assert.java:144)
    at java_testcases.junit.SHORTEST_PATH_LENGTHS_Test.test4s(SHORTEST_PATH_LENGTHS_Test.java:85)
    at sun.reflect.NativeMethodAccessorImpl.invoke0(Native Method)
~ test1(java_testcases.junit.SHORTEST_PATH_LENGTHS_Test)
[expected:<0> but was:<-10>]
java.lang.AssertionError: expected:<0> but was:<-10>    at org.junit.Assert.fail(Assert.java:88)
    at org.junit.Assert.failNotEquals(Assert.java:743)
    at org.junit.Assert.assertEquals(Assert.java:118)
    at org.junit.Assert.assertEquals(Assert.java:144)
    at java_testcases.junit.SHORTEST_PATH_LENGTHS_Test.test1(SHORTEST_PATH_LENGTHS_Test.java:31)
    at sun.reflect.NativeMethodAccessorImpl.invoke0(Native Method)
~ test2(java_testcases.junit.SHORTEST_PATH_LENGTHS_Test)
[expected:<10> but was:<99999>]
java.lang.AssertionError: expected:<10> but was:<99999>    at org.junit.Assert.fail(Assert.java:88)
    at org.junit.Assert.failNotEquals(Assert.java:743)
    at org.junit.Assert.assertEquals(Assert.java:118)
    at org.junit.Assert.assertEquals(Assert.java:144)
    at java_testcases.junit.SHORTEST_PATH_LENGTHS_Test.test2(SHORTEST_PATH_LENGTHS_Test.java:50)
    at sun.reflect.NativeMethodAccessorImpl.invoke0(Native Method)
~ test3(java_testcases.junit.SHORTEST_PATH_LENGTHS_Test)
[expected:<99999> but was:<3>]
java.lang.AssertionError: expected:<99999> but was:<3>    at org.junit.Assert.fail(Assert.java:88)
    at org.junit.Assert.failNotEquals(Assert.java:743)
    at org.junit.Assert.assertEquals(Assert.java:118)
    at org.junit.Assert.assertEquals(Assert.java:144)
    at java_testcases.junit.SHORTEST_PATH_LENGTHS_Test.test3(SHORTEST_PATH_LENGTHS_Test.java:67)
    at sun.reflect.NativeMethodAccessorImpl.invoke0(Native Method)
~ test4s(java_testcases.junit.SHORTEST_PATH_LENGTHS_Test)
[expected:<2> but was:<1>]
java.lang.AssertionError: expected:<2> but was:<1>    at org.junit.Assert.fail(Assert.java:88)
    at org.junit.Assert.failNotEquals(Assert.java:743)
    at org.junit.Assert.assertEquals(Assert.java:118)
    at org.junit.Assert.assertEquals(Assert.java:144)
    at java_testcases.junit.SHORTEST_PATH_LENGTHS_Test.test4s(SHORTEST_PATH_LENGTHS_Test.java:85)
    at sun.reflect.NativeMethodAccessorImpl.invoke0(Native Method)
~ test1(java_testcases.junit.SHORTEST_PATH_LENGTHS_Test)
[expected:<0> but was:<-10>]
java.lang.AssertionError: expected:<0> but was:<-10>    at org.junit.Assert.fail(Assert.java:88)
    at org.junit.Assert.failNotEquals(Assert.java:743)
    at org.junit.Assert.assertEquals(Assert.java:118)
    at org.junit.Assert.assertEquals(Assert.java:144)
    at java_testcases.junit.SHORTEST_PATH_LENGTHS_Test.test1(SHORTEST_PATH_LENGTHS_Test.java:31)
    at sun.reflect.NativeMethodAccessorImpl.invoke0(Native Method)
~ test2(java_testcases.junit.SHORTEST_PATH_LENGTHS_Test)
[expected:<10> but was:<99999>]
java.lang.AssertionError: expected:<10> but was:<99999>    at org.junit.Assert.fail(Assert.java:88)
    at org.junit.Assert.failNotEquals(Assert.java:743)
    at org.junit.Assert.assertEquals(Assert.java:118)
    at org.junit.Assert.assertEquals(Assert.java:144)
    at java_testcases.junit.SHORTEST_PATH_LENGTHS_Test.test2(SHORTEST_PATH_LENGTHS_Test.java:50)
    at sun.reflect.NativeMethodAccessorImpl.invoke0(Native Method)
~ test3(java_testcases.junit.SHORTEST_PATH_LENGTHS_Test)
[expected:<99999> but was:<3>]
java.lang.AssertionError: expected:<99999> but was:<3>    at org.junit.Assert.fail(Assert.java:88)
    at org.junit.Assert.failNotEquals(Assert.java:743)
    at org.junit.Assert.assertEquals(Assert.java:118)
    at org.junit.Assert.assertEquals(Assert.java:144)
    at java_testcases.junit.SHORTEST_PATH_LENGTHS_Test.test3(SHORTEST_PATH_LENGTHS_Test.java:67)
    at sun.reflect.NativeMethodAccessorImpl.invoke0(Native Method)

12:03:36.698 [pool-2-thread-1] DEBUG fr.inria.lille.repair.nopol.NoPol - statement #9
12:03:36.699 [pool-2-thread-1] DEBUG fr.inria.lille.repair.nopol.NoPol - Analysing SourceLocation java_programs.SHORTEST_PATH_LENGTHS:26 which is executed by 4 tests
2063786665
12:03:36.737 [pool-2-thread-1] DEBUG fr.inria.lille.repair.nopol.NoPol - looking with class fr.inria.lille.repair.nopol.spoon.smt.ConditionalAdder
java.lang.AssertionError: expected:<2> but was:<1>
    at org.junit.Assert.fail(Assert.java:88)
    at org.junit.Assert.failNotEquals(Assert.java:743)
    at org.junit.Assert.assertEquals(Assert.java:118)
    at org.junit.Assert.assertEquals(Assert.java:144)
    at java_testcases.junit.SHORTEST_PATH_LENGTHS_Test.test4s(SHORTEST_PATH_LENGTHS_Test.java:85)
    at sun.reflect.NativeMethodAccessorImpl.invoke0(Native Method)
java.lang.AssertionError: expected:<0> but was:<-10>
    at org.junit.Assert.fail(Assert.java:88)
    at org.junit.Assert.failNotEquals(Assert.java:743)
    at org.junit.Assert.assertEquals(Assert.java:118)
    at org.junit.Assert.assertEquals(Assert.java:144)
    at java_testcases.junit.SHORTEST_PATH_LENGTHS_Test.test1(SHORTEST_PATH_LENGTHS_Test.java:31)
    at sun.reflect.NativeMethodAccessorImpl.invoke0(Native Method)
java.lang.AssertionError: expected:<10> but was:<99999>
    at org.junit.Assert.fail(Assert.java:88)
    at org.junit.Assert.failNotEquals(Assert.java:743)
    at org.junit.Assert.assertEquals(Assert.java:118)
    at org.junit.Assert.assertEquals(Assert.java:144)
    at java_testcases.junit.SHORTEST_PATH_LENGTHS_Test.test2(SHORTEST_PATH_LENGTHS_Test.java:50)
    at sun.reflect.NativeMethodAccessorImpl.invoke0(Native Method)
java.lang.AssertionError: expected:<99999> but was:<3>
    at org.junit.Assert.fail(Assert.java:88)
    at org.junit.Assert.failNotEquals(Assert.java:743)
    at org.junit.Assert.assertEquals(Assert.java:118)
    at org.junit.Assert.assertEquals(Assert.java:144)
    at java_testcases.junit.SHORTEST_PATH_LENGTHS_Test.test3(SHORTEST_PATH_LENGTHS_Test.java:67)
    at sun.reflect.NativeMethodAccessorImpl.invoke0(Native Method)
java.lang.AssertionError: expected:<2> but was:<1>
    at org.junit.Assert.fail(Assert.java:88)
    at org.junit.Assert.failNotEquals(Assert.java:743)
    at org.junit.Assert.assertEquals(Assert.java:118)
    at org.junit.Assert.assertEquals(Assert.java:144)
    at java_testcases.junit.SHORTEST_PATH_LENGTHS_Test.test4s(SHORTEST_PATH_LENGTHS_Test.java:85)
    at sun.reflect.NativeMethodAccessorImpl.invoke0(Native Method)
java.lang.AssertionError: expected:<0> but was:<-10>
    at org.junit.Assert.fail(Assert.java:88)
    at org.junit.Assert.failNotEquals(Assert.java:743)
    at org.junit.Assert.assertEquals(Assert.java:118)
    at org.junit.Assert.assertEquals(Assert.java:144)
    at java_testcases.junit.SHORTEST_PATH_LENGTHS_Test.test1(SHORTEST_PATH_LENGTHS_Test.java:31)
    at sun.reflect.NativeMethodAccessorImpl.invoke0(Native Method)
java.lang.AssertionError: expected:<10> but was:<99999>
    at org.junit.Assert.fail(Assert.java:88)
    at org.junit.Assert.failNotEquals(Assert.java:743)
    at org.junit.Assert.assertEquals(Assert.java:118)
    at org.junit.Assert.assertEquals(Assert.java:144)
    at java_testcases.junit.SHORTEST_PATH_LENGTHS_Test.test2(SHORTEST_PATH_LENGTHS_Test.java:50)
    at sun.reflect.NativeMethodAccessorImpl.invoke0(Native Method)
java.lang.AssertionError: expected:<99999> but was:<3>
    at org.junit.Assert.fail(Assert.java:88)
    at org.junit.Assert.failNotEquals(Assert.java:743)
    at org.junit.Assert.assertEquals(Assert.java:118)
    at org.junit.Assert.assertEquals(Assert.java:144)
    at java_testcases.junit.SHORTEST_PATH_LENGTHS_Test.test3(SHORTEST_PATH_LENGTHS_Test.java:67)
    at sun.reflect.NativeMethodAccessorImpl.invoke0(Native Method)
java.lang.AssertionError: expected:<2> but was:<1>
    at org.junit.Assert.fail(Assert.java:88)
    at org.junit.Assert.failNotEquals(Assert.java:743)
    at org.junit.Assert.assertEquals(Assert.java:118)
    at org.junit.Assert.assertEquals(Assert.java:144)
    at java_testcases.junit.SHORTEST_PATH_LENGTHS_Test.test4s(SHORTEST_PATH_LENGTHS_Test.java:85)
    at sun.reflect.NativeMethodAccessorImpl.invoke0(Native Method)
java.lang.AssertionError: expected:<0> but was:<-10>
    at org.junit.Assert.fail(Assert.java:88)
    at org.junit.Assert.failNotEquals(Assert.java:743)
    at org.junit.Assert.assertEquals(Assert.java:118)
    at org.junit.Assert.assertEquals(Assert.java:144)
    at java_testcases.junit.SHORTEST_PATH_LENGTHS_Test.test1(SHORTEST_PATH_LENGTHS_Test.java:31)
    at sun.reflect.NativeMethodAccessorImpl.invoke0(Native Method)
java.lang.AssertionError: expected:<10> but was:<99999>
    at org.junit.Assert.fail(Assert.java:88)
    at org.junit.Assert.failNotEquals(Assert.java:743)
    at org.junit.Assert.assertEquals(Assert.java:118)
    at org.junit.Assert.assertEquals(Assert.java:144)
    at java_testcases.junit.SHORTEST_PATH_LENGTHS_Test.test2(SHORTEST_PATH_LENGTHS_Test.java:50)
    at sun.reflect.NativeMethodAccessorImpl.invoke0(Native Method)
java.lang.AssertionError: expected:<99999> but was:<3>
    at org.junit.Assert.fail(Assert.java:88)
    at org.junit.Assert.failNotEquals(Assert.java:743)
    at org.junit.Assert.assertEquals(Assert.java:118)
    at org.junit.Assert.assertEquals(Assert.java:144)
    at java_testcases.junit.SHORTEST_PATH_LENGTHS_Test.test3(SHORTEST_PATH_LENGTHS_Test.java:67)
    at sun.reflect.NativeMethodAccessorImpl.invoke0(Native Method)
java.lang.AssertionError: expected:<2> but was:<1>
    at org.junit.Assert.fail(Assert.java:88)
    at org.junit.Assert.failNotEquals(Assert.java:743)
    at org.junit.Assert.assertEquals(Assert.java:118)
    at org.junit.Assert.assertEquals(Assert.java:144)
    at java_testcases.junit.SHORTEST_PATH_LENGTHS_Test.test4s(SHORTEST_PATH_LENGTHS_Test.java:85)
    at sun.reflect.NativeMethodAccessorImpl.invoke0(Native Method)
java.lang.AssertionError: expected:<0> but was:<-10>
    at org.junit.Assert.fail(Assert.java:88)
    at org.junit.Assert.failNotEquals(Assert.java:743)
    at org.junit.Assert.assertEquals(Assert.java:118)
    at org.junit.Assert.assertEquals(Assert.java:144)
    at java_testcases.junit.SHORTEST_PATH_LENGTHS_Test.test1(SHORTEST_PATH_LENGTHS_Test.java:31)
    at sun.reflect.NativeMethodAccessorImpl.invoke0(Native Method)
java.lang.AssertionError: expected:<10> but was:<99999>
    at org.junit.Assert.fail(Assert.java:88)
    at org.junit.Assert.failNotEquals(Assert.java:743)
    at org.junit.Assert.assertEquals(Assert.java:118)
    at org.junit.Assert.assertEquals(Assert.java:144)
    at java_testcases.junit.SHORTEST_PATH_LENGTHS_Test.test2(SHORTEST_PATH_LENGTHS_Test.java:50)
    at sun.reflect.NativeMethodAccessorImpl.invoke0(Native Method)
java.lang.AssertionError: expected:<99999> but was:<3>
    at org.junit.Assert.fail(Assert.java:88)
    at org.junit.Assert.failNotEquals(Assert.java:743)
    at org.junit.Assert.assertEquals(Assert.java:118)
    at org.junit.Assert.assertEquals(Assert.java:144)
    at java_testcases.junit.SHORTEST_PATH_LENGTHS_Test.test3(SHORTEST_PATH_LENGTHS_Test.java:67)
    at sun.reflect.NativeMethodAccessorImpl.invoke0(Native Method)
12:03:36.746 [pool-54-thread-1] INFO  xxl.java.junit.TestCasesListener - Tests run finished (6 ms)
<> Total tests run: 16
<> Ignored tests: 0
<> Failed tests: 16
~ test4s(java_testcases.junit.SHORTEST_PATH_LENGTHS_Test)
[expected:<2> but was:<1>]
java.lang.AssertionError: expected:<2> but was:<1>    at org.junit.Assert.fail(Assert.java:88)
    at org.junit.Assert.failNotEquals(Assert.java:743)
    at org.junit.Assert.assertEquals(Assert.java:118)
    at org.junit.Assert.assertEquals(Assert.java:144)
    at java_testcases.junit.SHORTEST_PATH_LENGTHS_Test.test4s(SHORTEST_PATH_LENGTHS_Test.java:85)
    at sun.reflect.NativeMethodAccessorImpl.invoke0(Native Method)
~ test1(java_testcases.junit.SHORTEST_PATH_LENGTHS_Test)
[expected:<0> but was:<-10>]
java.lang.AssertionError: expected:<0> but was:<-10>    at org.junit.Assert.fail(Assert.java:88)
    at org.junit.Assert.failNotEquals(Assert.java:743)
    at org.junit.Assert.assertEquals(Assert.java:118)
    at org.junit.Assert.assertEquals(Assert.java:144)
    at java_testcases.junit.SHORTEST_PATH_LENGTHS_Test.test1(SHORTEST_PATH_LENGTHS_Test.java:31)
    at sun.reflect.NativeMethodAccessorImpl.invoke0(Native Method)
~ test2(java_testcases.junit.SHORTEST_PATH_LENGTHS_Test)
[expected:<10> but was:<99999>]
java.lang.AssertionError: expected:<10> but was:<99999>    at org.junit.Assert.fail(Assert.java:88)
    at org.junit.Assert.failNotEquals(Assert.java:743)
    at org.junit.Assert.assertEquals(Assert.java:118)
    at org.junit.Assert.assertEquals(Assert.java:144)
    at java_testcases.junit.SHORTEST_PATH_LENGTHS_Test.test2(SHORTEST_PATH_LENGTHS_Test.java:50)
    at sun.reflect.NativeMethodAccessorImpl.invoke0(Native Method)
~ test3(java_testcases.junit.SHORTEST_PATH_LENGTHS_Test)
[expected:<99999> but was:<3>]
java.lang.AssertionError: expected:<99999> but was:<3>    at org.junit.Assert.fail(Assert.java:88)
    at org.junit.Assert.failNotEquals(Assert.java:743)
    at org.junit.Assert.assertEquals(Assert.java:118)
    at org.junit.Assert.assertEquals(Assert.java:144)
    at java_testcases.junit.SHORTEST_PATH_LENGTHS_Test.test3(SHORTEST_PATH_LENGTHS_Test.java:67)
    at sun.reflect.NativeMethodAccessorImpl.invoke0(Native Method)
~ test4s(java_testcases.junit.SHORTEST_PATH_LENGTHS_Test)
[expected:<2> but was:<1>]
java.lang.AssertionError: expected:<2> but was:<1>    at org.junit.Assert.fail(Assert.java:88)
    at org.junit.Assert.failNotEquals(Assert.java:743)
    at org.junit.Assert.assertEquals(Assert.java:118)
    at org.junit.Assert.assertEquals(Assert.java:144)
    at java_testcases.junit.SHORTEST_PATH_LENGTHS_Test.test4s(SHORTEST_PATH_LENGTHS_Test.java:85)
    at sun.reflect.NativeMethodAccessorImpl.invoke0(Native Method)
~ test1(java_testcases.junit.SHORTEST_PATH_LENGTHS_Test)
[expected:<0> but was:<-10>]
java.lang.AssertionError: expected:<0> but was:<-10>    at org.junit.Assert.fail(Assert.java:88)
    at org.junit.Assert.failNotEquals(Assert.java:743)
    at org.junit.Assert.assertEquals(Assert.java:118)
    at org.junit.Assert.assertEquals(Assert.java:144)
    at java_testcases.junit.SHORTEST_PATH_LENGTHS_Test.test1(SHORTEST_PATH_LENGTHS_Test.java:31)
    at sun.reflect.NativeMethodAccessorImpl.invoke0(Native Method)
~ test2(java_testcases.junit.SHORTEST_PATH_LENGTHS_Test)
[expected:<10> but was:<99999>]
java.lang.AssertionError: expected:<10> but was:<99999>    at org.junit.Assert.fail(Assert.java:88)
    at org.junit.Assert.failNotEquals(Assert.java:743)
    at org.junit.Assert.assertEquals(Assert.java:118)
    at org.junit.Assert.assertEquals(Assert.java:144)
    at java_testcases.junit.SHORTEST_PATH_LENGTHS_Test.test2(SHORTEST_PATH_LENGTHS_Test.java:50)
    at sun.reflect.NativeMethodAccessorImpl.invoke0(Native Method)
~ test3(java_testcases.junit.SHORTEST_PATH_LENGTHS_Test)
[expected:<99999> but was:<3>]
java.lang.AssertionError: expected:<99999> but was:<3>    at org.junit.Assert.fail(Assert.java:88)
    at org.junit.Assert.failNotEquals(Assert.java:743)
    at org.junit.Assert.assertEquals(Assert.java:118)
    at org.junit.Assert.assertEquals(Assert.java:144)
    at java_testcases.junit.SHORTEST_PATH_LENGTHS_Test.test3(SHORTEST_PATH_LENGTHS_Test.java:67)
    at sun.reflect.NativeMethodAccessorImpl.invoke0(Native Method)
~ test4s(java_testcases.junit.SHORTEST_PATH_LENGTHS_Test)
[expected:<2> but was:<1>]
java.lang.AssertionError: expected:<2> but was:<1>    at org.junit.Assert.fail(Assert.java:88)
    at org.junit.Assert.failNotEquals(Assert.java:743)
    at org.junit.Assert.assertEquals(Assert.java:118)
    at org.junit.Assert.assertEquals(Assert.java:144)
    at java_testcases.junit.SHORTEST_PATH_LENGTHS_Test.test4s(SHORTEST_PATH_LENGTHS_Test.java:85)
    at sun.reflect.NativeMethodAccessorImpl.invoke0(Native Method)
~ test1(java_testcases.junit.SHORTEST_PATH_LENGTHS_Test)
[expected:<0> but was:<-10>]
java.lang.AssertionError: expected:<0> but was:<-10>    at org.junit.Assert.fail(Assert.java:88)
    at org.junit.Assert.failNotEquals(Assert.java:743)
    at org.junit.Assert.assertEquals(Assert.java:118)
    at org.junit.Assert.assertEquals(Assert.java:144)
    at java_testcases.junit.SHORTEST_PATH_LENGTHS_Test.test1(SHORTEST_PATH_LENGTHS_Test.java:31)
    at sun.reflect.NativeMethodAccessorImpl.invoke0(Native Method)
~ test2(java_testcases.junit.SHORTEST_PATH_LENGTHS_Test)
[expected:<10> but was:<99999>]
java.lang.AssertionError: expected:<10> but was:<99999>    at org.junit.Assert.fail(Assert.java:88)
    at org.junit.Assert.failNotEquals(Assert.java:743)
    at org.junit.Assert.assertEquals(Assert.java:118)
    at org.junit.Assert.assertEquals(Assert.java:144)
    at java_testcases.junit.SHORTEST_PATH_LENGTHS_Test.test2(SHORTEST_PATH_LENGTHS_Test.java:50)
    at sun.reflect.NativeMethodAccessorImpl.invoke0(Native Method)
~ test3(java_testcases.junit.SHORTEST_PATH_LENGTHS_Test)
[expected:<99999> but was:<3>]
java.lang.AssertionError: expected:<99999> but was:<3>    at org.junit.Assert.fail(Assert.java:88)
    at org.junit.Assert.failNotEquals(Assert.java:743)
    at org.junit.Assert.assertEquals(Assert.java:118)
    at org.junit.Assert.assertEquals(Assert.java:144)
    at java_testcases.junit.SHORTEST_PATH_LENGTHS_Test.test3(SHORTEST_PATH_LENGTHS_Test.java:67)
    at sun.reflect.NativeMethodAccessorImpl.invoke0(Native Method)
~ test4s(java_testcases.junit.SHORTEST_PATH_LENGTHS_Test)
[expected:<2> but was:<1>]
java.lang.AssertionError: expected:<2> but was:<1>    at org.junit.Assert.fail(Assert.java:88)
    at org.junit.Assert.failNotEquals(Assert.java:743)
    at org.junit.Assert.assertEquals(Assert.java:118)
    at org.junit.Assert.assertEquals(Assert.java:144)
    at java_testcases.junit.SHORTEST_PATH_LENGTHS_Test.test4s(SHORTEST_PATH_LENGTHS_Test.java:85)
    at sun.reflect.NativeMethodAccessorImpl.invoke0(Native Method)
~ test1(java_testcases.junit.SHORTEST_PATH_LENGTHS_Test)
[expected:<0> but was:<-10>]
java.lang.AssertionError: expected:<0> but was:<-10>    at org.junit.Assert.fail(Assert.java:88)
    at org.junit.Assert.failNotEquals(Assert.java:743)
    at org.junit.Assert.assertEquals(Assert.java:118)
    at org.junit.Assert.assertEquals(Assert.java:144)
    at java_testcases.junit.SHORTEST_PATH_LENGTHS_Test.test1(SHORTEST_PATH_LENGTHS_Test.java:31)
    at sun.reflect.NativeMethodAccessorImpl.invoke0(Native Method)
~ test2(java_testcases.junit.SHORTEST_PATH_LENGTHS_Test)
[expected:<10> but was:<99999>]
java.lang.AssertionError: expected:<10> but was:<99999>    at org.junit.Assert.fail(Assert.java:88)
    at org.junit.Assert.failNotEquals(Assert.java:743)
    at org.junit.Assert.assertEquals(Assert.java:118)
    at org.junit.Assert.assertEquals(Assert.java:144)
    at java_testcases.junit.SHORTEST_PATH_LENGTHS_Test.test2(SHORTEST_PATH_LENGTHS_Test.java:50)
    at sun.reflect.NativeMethodAccessorImpl.invoke0(Native Method)
~ test3(java_testcases.junit.SHORTEST_PATH_LENGTHS_Test)
[expected:<99999> but was:<3>]
java.lang.AssertionError: expected:<99999> but was:<3>    at org.junit.Assert.fail(Assert.java:88)
    at org.junit.Assert.failNotEquals(Assert.java:743)
    at org.junit.Assert.assertEquals(Assert.java:118)
    at org.junit.Assert.assertEquals(Assert.java:144)
    at java_testcases.junit.SHORTEST_PATH_LENGTHS_Test.test3(SHORTEST_PATH_LENGTHS_Test.java:67)
    at sun.reflect.NativeMethodAccessorImpl.invoke0(Native Method)

12:03:36.828 [pool-2-thread-1] DEBUG fr.inria.lille.repair.nopol.NoPol - statement #10
12:03:36.828 [pool-2-thread-1] DEBUG fr.inria.lille.repair.nopol.NoPol - Analysing SourceLocation java_programs.SHORTEST_PATH_LENGTHS:25 which is executed by 4 tests
2063786665
12:03:36.881 [pool-2-thread-1] DEBUG fr.inria.lille.repair.nopol.NoPol - looking with class fr.inria.lille.repair.nopol.spoon.smt.ConditionalAdder
java.lang.AssertionError: expected:<2> but was:<1>
    at org.junit.Assert.fail(Assert.java:88)
    at org.junit.Assert.failNotEquals(Assert.java:743)
    at org.junit.Assert.assertEquals(Assert.java:118)
    at org.junit.Assert.assertEquals(Assert.java:144)
    at java_testcases.junit.SHORTEST_PATH_LENGTHS_Test.test4s(SHORTEST_PATH_LENGTHS_Test.java:85)
    at sun.reflect.NativeMethodAccessorImpl.invoke0(Native Method)
java.lang.AssertionError: expected:<0> but was:<-10>
    at org.junit.Assert.fail(Assert.java:88)
    at org.junit.Assert.failNotEquals(Assert.java:743)
    at org.junit.Assert.assertEquals(Assert.java:118)
    at org.junit.Assert.assertEquals(Assert.java:144)
    at java_testcases.junit.SHORTEST_PATH_LENGTHS_Test.test1(SHORTEST_PATH_LENGTHS_Test.java:31)
    at sun.reflect.NativeMethodAccessorImpl.invoke0(Native Method)
java.lang.AssertionError: expected:<10> but was:<99999>
    at org.junit.Assert.fail(Assert.java:88)
    at org.junit.Assert.failNotEquals(Assert.java:743)
    at org.junit.Assert.assertEquals(Assert.java:118)
    at org.junit.Assert.assertEquals(Assert.java:144)
    at java_testcases.junit.SHORTEST_PATH_LENGTHS_Test.test2(SHORTEST_PATH_LENGTHS_Test.java:50)
    at sun.reflect.NativeMethodAccessorImpl.invoke0(Native Method)
java.lang.AssertionError: expected:<99999> but was:<3>
    at org.junit.Assert.fail(Assert.java:88)
    at org.junit.Assert.failNotEquals(Assert.java:743)
    at org.junit.Assert.assertEquals(Assert.java:118)
    at org.junit.Assert.assertEquals(Assert.java:144)
    at java_testcases.junit.SHORTEST_PATH_LENGTHS_Test.test3(SHORTEST_PATH_LENGTHS_Test.java:67)
    at sun.reflect.NativeMethodAccessorImpl.invoke0(Native Method)
java.lang.AssertionError: expected:<2> but was:<1>
    at org.junit.Assert.fail(Assert.java:88)
    at org.junit.Assert.failNotEquals(Assert.java:743)
    at org.junit.Assert.assertEquals(Assert.java:118)
    at org.junit.Assert.assertEquals(Assert.java:144)
    at java_testcases.junit.SHORTEST_PATH_LENGTHS_Test.test4s(SHORTEST_PATH_LENGTHS_Test.java:85)
    at sun.reflect.NativeMethodAccessorImpl.invoke0(Native Method)
java.lang.AssertionError: expected:<0> but was:<-10>
    at org.junit.Assert.fail(Assert.java:88)
    at org.junit.Assert.failNotEquals(Assert.java:743)
    at org.junit.Assert.assertEquals(Assert.java:118)
    at org.junit.Assert.assertEquals(Assert.java:144)
    at java_testcases.junit.SHORTEST_PATH_LENGTHS_Test.test1(SHORTEST_PATH_LENGTHS_Test.java:31)
    at sun.reflect.NativeMethodAccessorImpl.invoke0(Native Method)
java.lang.AssertionError: expected:<10> but was:<99999>
    at org.junit.Assert.fail(Assert.java:88)
    at org.junit.Assert.failNotEquals(Assert.java:743)
    at org.junit.Assert.assertEquals(Assert.java:118)
    at org.junit.Assert.assertEquals(Assert.java:144)
    at java_testcases.junit.SHORTEST_PATH_LENGTHS_Test.test2(SHORTEST_PATH_LENGTHS_Test.java:50)
    at sun.reflect.NativeMethodAccessorImpl.invoke0(Native Method)
java.lang.AssertionError: expected:<99999> but was:<3>
    at org.junit.Assert.fail(Assert.java:88)
    at org.junit.Assert.failNotEquals(Assert.java:743)
    at org.junit.Assert.assertEquals(Assert.java:118)
    at org.junit.Assert.assertEquals(Assert.java:144)
    at java_testcases.junit.SHORTEST_PATH_LENGTHS_Test.test3(SHORTEST_PATH_LENGTHS_Test.java:67)
    at sun.reflect.NativeMethodAccessorImpl.invoke0(Native Method)
java.lang.AssertionError: expected:<2> but was:<1>
    at org.junit.Assert.fail(Assert.java:88)
    at org.junit.Assert.failNotEquals(Assert.java:743)
    at org.junit.Assert.assertEquals(Assert.java:118)
    at org.junit.Assert.assertEquals(Assert.java:144)
    at java_testcases.junit.SHORTEST_PATH_LENGTHS_Test.test4s(SHORTEST_PATH_LENGTHS_Test.java:85)
    at sun.reflect.NativeMethodAccessorImpl.invoke0(Native Method)
java.lang.AssertionError: expected:<0> but was:<-10>
    at org.junit.Assert.fail(Assert.java:88)
    at org.junit.Assert.failNotEquals(Assert.java:743)
    at org.junit.Assert.assertEquals(Assert.java:118)
    at org.junit.Assert.assertEquals(Assert.java:144)
    at java_testcases.junit.SHORTEST_PATH_LENGTHS_Test.test1(SHORTEST_PATH_LENGTHS_Test.java:31)
    at sun.reflect.NativeMethodAccessorImpl.invoke0(Native Method)
java.lang.AssertionError: expected:<10> but was:<99999>
    at org.junit.Assert.fail(Assert.java:88)
    at org.junit.Assert.failNotEquals(Assert.java:743)
    at org.junit.Assert.assertEquals(Assert.java:118)
    at org.junit.Assert.assertEquals(Assert.java:144)
    at java_testcases.junit.SHORTEST_PATH_LENGTHS_Test.test2(SHORTEST_PATH_LENGTHS_Test.java:50)
    at sun.reflect.NativeMethodAccessorImpl.invoke0(Native Method)
java.lang.AssertionError: expected:<99999> but was:<3>
    at org.junit.Assert.fail(Assert.java:88)
    at org.junit.Assert.failNotEquals(Assert.java:743)
    at org.junit.Assert.assertEquals(Assert.java:118)
    at org.junit.Assert.assertEquals(Assert.java:144)
    at java_testcases.junit.SHORTEST_PATH_LENGTHS_Test.test3(SHORTEST_PATH_LENGTHS_Test.java:67)
    at sun.reflect.NativeMethodAccessorImpl.invoke0(Native Method)
java.lang.AssertionError: expected:<2> but was:<1>
    at org.junit.Assert.fail(Assert.java:88)
    at org.junit.Assert.failNotEquals(Assert.java:743)
    at org.junit.Assert.assertEquals(Assert.java:118)
    at org.junit.Assert.assertEquals(Assert.java:144)
    at java_testcases.junit.SHORTEST_PATH_LENGTHS_Test.test4s(SHORTEST_PATH_LENGTHS_Test.java:85)
    at sun.reflect.NativeMethodAccessorImpl.invoke0(Native Method)
java.lang.AssertionError: expected:<0> but was:<-10>
    at org.junit.Assert.fail(Assert.java:88)
    at org.junit.Assert.failNotEquals(Assert.java:743)
    at org.junit.Assert.assertEquals(Assert.java:118)
    at org.junit.Assert.assertEquals(Assert.java:144)
    at java_testcases.junit.SHORTEST_PATH_LENGTHS_Test.test1(SHORTEST_PATH_LENGTHS_Test.java:31)
    at sun.reflect.NativeMethodAccessorImpl.invoke0(Native Method)
java.lang.AssertionError: expected:<10> but was:<99999>
    at org.junit.Assert.fail(Assert.java:88)
    at org.junit.Assert.failNotEquals(Assert.java:743)
    at org.junit.Assert.assertEquals(Assert.java:118)
    at org.junit.Assert.assertEquals(Assert.java:144)
    at java_testcases.junit.SHORTEST_PATH_LENGTHS_Test.test2(SHORTEST_PATH_LENGTHS_Test.java:50)
    at sun.reflect.NativeMethodAccessorImpl.invoke0(Native Method)
java.lang.AssertionError: expected:<99999> but was:<3>
    at org.junit.Assert.fail(Assert.java:88)
    at org.junit.Assert.failNotEquals(Assert.java:743)
    at org.junit.Assert.assertEquals(Assert.java:118)
    at org.junit.Assert.assertEquals(Assert.java:144)
    at java_testcases.junit.SHORTEST_PATH_LENGTHS_Test.test3(SHORTEST_PATH_LENGTHS_Test.java:67)
    at sun.reflect.NativeMethodAccessorImpl.invoke0(Native Method)
12:03:36.890 [pool-64-thread-1] INFO  xxl.java.junit.TestCasesListener - Tests run finished (6 ms)
<> Total tests run: 16
<> Ignored tests: 0
<> Failed tests: 16
~ test4s(java_testcases.junit.SHORTEST_PATH_LENGTHS_Test)
[expected:<2> but was:<1>]
java.lang.AssertionError: expected:<2> but was:<1>    at org.junit.Assert.fail(Assert.java:88)
    at org.junit.Assert.failNotEquals(Assert.java:743)
    at org.junit.Assert.assertEquals(Assert.java:118)
    at org.junit.Assert.assertEquals(Assert.java:144)
    at java_testcases.junit.SHORTEST_PATH_LENGTHS_Test.test4s(SHORTEST_PATH_LENGTHS_Test.java:85)
    at sun.reflect.NativeMethodAccessorImpl.invoke0(Native Method)
~ test1(java_testcases.junit.SHORTEST_PATH_LENGTHS_Test)
[expected:<0> but was:<-10>]
java.lang.AssertionError: expected:<0> but was:<-10>    at org.junit.Assert.fail(Assert.java:88)
    at org.junit.Assert.failNotEquals(Assert.java:743)
    at org.junit.Assert.assertEquals(Assert.java:118)
    at org.junit.Assert.assertEquals(Assert.java:144)
    at java_testcases.junit.SHORTEST_PATH_LENGTHS_Test.test1(SHORTEST_PATH_LENGTHS_Test.java:31)
    at sun.reflect.NativeMethodAccessorImpl.invoke0(Native Method)
~ test2(java_testcases.junit.SHORTEST_PATH_LENGTHS_Test)
[expected:<10> but was:<99999>]
java.lang.AssertionError: expected:<10> but was:<99999>    at org.junit.Assert.fail(Assert.java:88)
    at org.junit.Assert.failNotEquals(Assert.java:743)
    at org.junit.Assert.assertEquals(Assert.java:118)
    at org.junit.Assert.assertEquals(Assert.java:144)
    at java_testcases.junit.SHORTEST_PATH_LENGTHS_Test.test2(SHORTEST_PATH_LENGTHS_Test.java:50)
    at sun.reflect.NativeMethodAccessorImpl.invoke0(Native Method)
~ test3(java_testcases.junit.SHORTEST_PATH_LENGTHS_Test)
[expected:<99999> but was:<3>]
java.lang.AssertionError: expected:<99999> but was:<3>    at org.junit.Assert.fail(Assert.java:88)
    at org.junit.Assert.failNotEquals(Assert.java:743)
    at org.junit.Assert.assertEquals(Assert.java:118)
    at org.junit.Assert.assertEquals(Assert.java:144)
    at java_testcases.junit.SHORTEST_PATH_LENGTHS_Test.test3(SHORTEST_PATH_LENGTHS_Test.java:67)
    at sun.reflect.NativeMethodAccessorImpl.invoke0(Native Method)
~ test4s(java_testcases.junit.SHORTEST_PATH_LENGTHS_Test)
[expected:<2> but was:<1>]
java.lang.AssertionError: expected:<2> but was:<1>    at org.junit.Assert.fail(Assert.java:88)
    at org.junit.Assert.failNotEquals(Assert.java:743)
    at org.junit.Assert.assertEquals(Assert.java:118)
    at org.junit.Assert.assertEquals(Assert.java:144)
    at java_testcases.junit.SHORTEST_PATH_LENGTHS_Test.test4s(SHORTEST_PATH_LENGTHS_Test.java:85)
    at sun.reflect.NativeMethodAccessorImpl.invoke0(Native Method)
~ test1(java_testcases.junit.SHORTEST_PATH_LENGTHS_Test)
[expected:<0> but was:<-10>]
java.lang.AssertionError: expected:<0> but was:<-10>    at org.junit.Assert.fail(Assert.java:88)
    at org.junit.Assert.failNotEquals(Assert.java:743)
    at org.junit.Assert.assertEquals(Assert.java:118)
    at org.junit.Assert.assertEquals(Assert.java:144)
    at java_testcases.junit.SHORTEST_PATH_LENGTHS_Test.test1(SHORTEST_PATH_LENGTHS_Test.java:31)
    at sun.reflect.NativeMethodAccessorImpl.invoke0(Native Method)
~ test2(java_testcases.junit.SHORTEST_PATH_LENGTHS_Test)
[expected:<10> but was:<99999>]
java.lang.AssertionError: expected:<10> but was:<99999>    at org.junit.Assert.fail(Assert.java:88)
    at org.junit.Assert.failNotEquals(Assert.java:743)
    at org.junit.Assert.assertEquals(Assert.java:118)
    at org.junit.Assert.assertEquals(Assert.java:144)
    at java_testcases.junit.SHORTEST_PATH_LENGTHS_Test.test2(SHORTEST_PATH_LENGTHS_Test.java:50)
    at sun.reflect.NativeMethodAccessorImpl.invoke0(Native Method)
~ test3(java_testcases.junit.SHORTEST_PATH_LENGTHS_Test)
[expected:<99999> but was:<3>]
java.lang.AssertionError: expected:<99999> but was:<3>    at org.junit.Assert.fail(Assert.java:88)
    at org.junit.Assert.failNotEquals(Assert.java:743)
    at org.junit.Assert.assertEquals(Assert.java:118)
    at org.junit.Assert.assertEquals(Assert.java:144)
    at java_testcases.junit.SHORTEST_PATH_LENGTHS_Test.test3(SHORTEST_PATH_LENGTHS_Test.java:67)
    at sun.reflect.NativeMethodAccessorImpl.invoke0(Native Method)
~ test4s(java_testcases.junit.SHORTEST_PATH_LENGTHS_Test)
[expected:<2> but was:<1>]
java.lang.AssertionError: expected:<2> but was:<1>    at org.junit.Assert.fail(Assert.java:88)
    at org.junit.Assert.failNotEquals(Assert.java:743)
    at org.junit.Assert.assertEquals(Assert.java:118)
    at org.junit.Assert.assertEquals(Assert.java:144)
    at java_testcases.junit.SHORTEST_PATH_LENGTHS_Test.test4s(SHORTEST_PATH_LENGTHS_Test.java:85)
    at sun.reflect.NativeMethodAccessorImpl.invoke0(Native Method)
~ test1(java_testcases.junit.SHORTEST_PATH_LENGTHS_Test)
[expected:<0> but was:<-10>]
java.lang.AssertionError: expected:<0> but was:<-10>    at org.junit.Assert.fail(Assert.java:88)
    at org.junit.Assert.failNotEquals(Assert.java:743)
    at org.junit.Assert.assertEquals(Assert.java:118)
    at org.junit.Assert.assertEquals(Assert.java:144)
    at java_testcases.junit.SHORTEST_PATH_LENGTHS_Test.test1(SHORTEST_PATH_LENGTHS_Test.java:31)
    at sun.reflect.NativeMethodAccessorImpl.invoke0(Native Method)
~ test2(java_testcases.junit.SHORTEST_PATH_LENGTHS_Test)
[expected:<10> but was:<99999>]
java.lang.AssertionError: expected:<10> but was:<99999>    at org.junit.Assert.fail(Assert.java:88)
    at org.junit.Assert.failNotEquals(Assert.java:743)
    at org.junit.Assert.assertEquals(Assert.java:118)
    at org.junit.Assert.assertEquals(Assert.java:144)
    at java_testcases.junit.SHORTEST_PATH_LENGTHS_Test.test2(SHORTEST_PATH_LENGTHS_Test.java:50)
    at sun.reflect.NativeMethodAccessorImpl.invoke0(Native Method)
~ test3(java_testcases.junit.SHORTEST_PATH_LENGTHS_Test)
[expected:<99999> but was:<3>]
java.lang.AssertionError: expected:<99999> but was:<3>    at org.junit.Assert.fail(Assert.java:88)
    at org.junit.Assert.failNotEquals(Assert.java:743)
    at org.junit.Assert.assertEquals(Assert.java:118)
    at org.junit.Assert.assertEquals(Assert.java:144)
    at java_testcases.junit.SHORTEST_PATH_LENGTHS_Test.test3(SHORTEST_PATH_LENGTHS_Test.java:67)
    at sun.reflect.NativeMethodAccessorImpl.invoke0(Native Method)
~ test4s(java_testcases.junit.SHORTEST_PATH_LENGTHS_Test)
[expected:<2> but was:<1>]
java.lang.AssertionError: expected:<2> but was:<1>    at org.junit.Assert.fail(Assert.java:88)
    at org.junit.Assert.failNotEquals(Assert.java:743)
    at org.junit.Assert.assertEquals(Assert.java:118)
    at org.junit.Assert.assertEquals(Assert.java:144)
    at java_testcases.junit.SHORTEST_PATH_LENGTHS_Test.test4s(SHORTEST_PATH_LENGTHS_Test.java:85)
    at sun.reflect.NativeMethodAccessorImpl.invoke0(Native Method)
~ test1(java_testcases.junit.SHORTEST_PATH_LENGTHS_Test)
[expected:<0> but was:<-10>]
java.lang.AssertionError: expected:<0> but was:<-10>    at org.junit.Assert.fail(Assert.java:88)
    at org.junit.Assert.failNotEquals(Assert.java:743)
    at org.junit.Assert.assertEquals(Assert.java:118)
    at org.junit.Assert.assertEquals(Assert.java:144)
    at java_testcases.junit.SHORTEST_PATH_LENGTHS_Test.test1(SHORTEST_PATH_LENGTHS_Test.java:31)
    at sun.reflect.NativeMethodAccessorImpl.invoke0(Native Method)
~ test2(java_testcases.junit.SHORTEST_PATH_LENGTHS_Test)
[expected:<10> but was:<99999>]
java.lang.AssertionError: expected:<10> but was:<99999>    at org.junit.Assert.fail(Assert.java:88)
    at org.junit.Assert.failNotEquals(Assert.java:743)
    at org.junit.Assert.assertEquals(Assert.java:118)
    at org.junit.Assert.assertEquals(Assert.java:144)
    at java_testcases.junit.SHORTEST_PATH_LENGTHS_Test.test2(SHORTEST_PATH_LENGTHS_Test.java:50)
    at sun.reflect.NativeMethodAccessorImpl.invoke0(Native Method)
~ test3(java_testcases.junit.SHORTEST_PATH_LENGTHS_Test)
[expected:<99999> but was:<3>]
java.lang.AssertionError: expected:<99999> but was:<3>    at org.junit.Assert.fail(Assert.java:88)
    at org.junit.Assert.failNotEquals(Assert.java:743)
    at org.junit.Assert.assertEquals(Assert.java:118)
    at org.junit.Assert.assertEquals(Assert.java:144)
    at java_testcases.junit.SHORTEST_PATH_LENGTHS_Test.test3(SHORTEST_PATH_LENGTHS_Test.java:67)
    at sun.reflect.NativeMethodAccessorImpl.invoke0(Native Method)

12:03:36.970 [pool-2-thread-1] DEBUG fr.inria.lille.repair.nopol.NoPol - looking with class fr.inria.lille.repair.nopol.spoon.smt.ConditionalReplacer
java.lang.AssertionError: expected:<2> but was:<1>
    at org.junit.Assert.fail(Assert.java:88)
    at org.junit.Assert.failNotEquals(Assert.java:743)
    at org.junit.Assert.assertEquals(Assert.java:118)
    at org.junit.Assert.assertEquals(Assert.java:144)
    at java_testcases.junit.SHORTEST_PATH_LENGTHS_Test.test4s(SHORTEST_PATH_LENGTHS_Test.java:85)
    at sun.reflect.NativeMethodAccessorImpl.invoke0(Native Method)
java.lang.AssertionError: expected:<0> but was:<-10>
    at org.junit.Assert.fail(Assert.java:88)
    at org.junit.Assert.failNotEquals(Assert.java:743)
    at org.junit.Assert.assertEquals(Assert.java:118)
    at org.junit.Assert.assertEquals(Assert.java:144)
    at java_testcases.junit.SHORTEST_PATH_LENGTHS_Test.test1(SHORTEST_PATH_LENGTHS_Test.java:31)
    at sun.reflect.NativeMethodAccessorImpl.invoke0(Native Method)
java.lang.AssertionError: expected:<10> but was:<99999>
    at org.junit.Assert.fail(Assert.java:88)
    at org.junit.Assert.failNotEquals(Assert.java:743)
    at org.junit.Assert.assertEquals(Assert.java:118)
    at org.junit.Assert.assertEquals(Assert.java:144)
    at java_testcases.junit.SHORTEST_PATH_LENGTHS_Test.test2(SHORTEST_PATH_LENGTHS_Test.java:50)
    at sun.reflect.NativeMethodAccessorImpl.invoke0(Native Method)
java.lang.AssertionError: expected:<99999> but was:<3>
    at org.junit.Assert.fail(Assert.java:88)
    at org.junit.Assert.failNotEquals(Assert.java:743)
    at org.junit.Assert.assertEquals(Assert.java:118)
    at org.junit.Assert.assertEquals(Assert.java:144)
    at java_testcases.junit.SHORTEST_PATH_LENGTHS_Test.test3(SHORTEST_PATH_LENGTHS_Test.java:67)
    at sun.reflect.NativeMethodAccessorImpl.invoke0(Native Method)
java.lang.AssertionError: expected:<2> but was:<1>
    at org.junit.Assert.fail(Assert.java:88)
    at org.junit.Assert.failNotEquals(Assert.java:743)
    at org.junit.Assert.assertEquals(Assert.java:118)
    at org.junit.Assert.assertEquals(Assert.java:144)
    at java_testcases.junit.SHORTEST_PATH_LENGTHS_Test.test4s(SHORTEST_PATH_LENGTHS_Test.java:85)
    at sun.reflect.NativeMethodAccessorImpl.invoke0(Native Method)
java.lang.AssertionError: expected:<0> but was:<-10>
    at org.junit.Assert.fail(Assert.java:88)
    at org.junit.Assert.failNotEquals(Assert.java:743)
    at org.junit.Assert.assertEquals(Assert.java:118)
    at org.junit.Assert.assertEquals(Assert.java:144)
    at java_testcases.junit.SHORTEST_PATH_LENGTHS_Test.test1(SHORTEST_PATH_LENGTHS_Test.java:31)
    at sun.reflect.NativeMethodAccessorImpl.invoke0(Native Method)
java.lang.AssertionError: expected:<10> but was:<99999>
    at org.junit.Assert.fail(Assert.java:88)
    at org.junit.Assert.failNotEquals(Assert.java:743)
    at org.junit.Assert.assertEquals(Assert.java:118)
    at org.junit.Assert.assertEquals(Assert.java:144)
    at java_testcases.junit.SHORTEST_PATH_LENGTHS_Test.test2(SHORTEST_PATH_LENGTHS_Test.java:50)
    at sun.reflect.NativeMethodAccessorImpl.invoke0(Native Method)
java.lang.AssertionError: expected:<99999> but was:<3>
    at org.junit.Assert.fail(Assert.java:88)
    at org.junit.Assert.failNotEquals(Assert.java:743)
    at org.junit.Assert.assertEquals(Assert.java:118)
    at org.junit.Assert.assertEquals(Assert.java:144)
    at java_testcases.junit.SHORTEST_PATH_LENGTHS_Test.test3(SHORTEST_PATH_LENGTHS_Test.java:67)
    at sun.reflect.NativeMethodAccessorImpl.invoke0(Native Method)
java.lang.AssertionError: expected:<2> but was:<1>
    at org.junit.Assert.fail(Assert.java:88)
    at org.junit.Assert.failNotEquals(Assert.java:743)
    at org.junit.Assert.assertEquals(Assert.java:118)
    at org.junit.Assert.assertEquals(Assert.java:144)
    at java_testcases.junit.SHORTEST_PATH_LENGTHS_Test.test4s(SHORTEST_PATH_LENGTHS_Test.java:85)
    at sun.reflect.NativeMethodAccessorImpl.invoke0(Native Method)
java.lang.AssertionError: expected:<0> but was:<-10>
    at org.junit.Assert.fail(Assert.java:88)
    at org.junit.Assert.failNotEquals(Assert.java:743)
    at org.junit.Assert.assertEquals(Assert.java:118)
    at org.junit.Assert.assertEquals(Assert.java:144)
    at java_testcases.junit.SHORTEST_PATH_LENGTHS_Test.test1(SHORTEST_PATH_LENGTHS_Test.java:31)
    at sun.reflect.NativeMethodAccessorImpl.invoke0(Native Method)
java.lang.AssertionError: expected:<10> but was:<99999>
    at org.junit.Assert.fail(Assert.java:88)
    at org.junit.Assert.failNotEquals(Assert.java:743)
    at org.junit.Assert.assertEquals(Assert.java:118)
    at org.junit.Assert.assertEquals(Assert.java:144)
    at java_testcases.junit.SHORTEST_PATH_LENGTHS_Test.test2(SHORTEST_PATH_LENGTHS_Test.java:50)
    at sun.reflect.NativeMethodAccessorImpl.invoke0(Native Method)
java.lang.AssertionError: expected:<99999> but was:<3>
    at org.junit.Assert.fail(Assert.java:88)
    at org.junit.Assert.failNotEquals(Assert.java:743)
    at org.junit.Assert.assertEquals(Assert.java:118)
    at org.junit.Assert.assertEquals(Assert.java:144)
    at java_testcases.junit.SHORTEST_PATH_LENGTHS_Test.test3(SHORTEST_PATH_LENGTHS_Test.java:67)
    at sun.reflect.NativeMethodAccessorImpl.invoke0(Native Method)
java.lang.AssertionError: expected:<2> but was:<1>
    at org.junit.Assert.fail(Assert.java:88)
    at org.junit.Assert.failNotEquals(Assert.java:743)
    at org.junit.Assert.assertEquals(Assert.java:118)
    at org.junit.Assert.assertEquals(Assert.java:144)
    at java_testcases.junit.SHORTEST_PATH_LENGTHS_Test.test4s(SHORTEST_PATH_LENGTHS_Test.java:85)
    at sun.reflect.NativeMethodAccessorImpl.invoke0(Native Method)
java.lang.AssertionError: expected:<0> but was:<-10>
    at org.junit.Assert.fail(Assert.java:88)
    at org.junit.Assert.failNotEquals(Assert.java:743)
    at org.junit.Assert.assertEquals(Assert.java:118)
    at org.junit.Assert.assertEquals(Assert.java:144)
    at java_testcases.junit.SHORTEST_PATH_LENGTHS_Test.test1(SHORTEST_PATH_LENGTHS_Test.java:31)
    at sun.reflect.NativeMethodAccessorImpl.invoke0(Native Method)
java.lang.AssertionError: expected:<10> but was:<99999>
    at org.junit.Assert.fail(Assert.java:88)
    at org.junit.Assert.failNotEquals(Assert.java:743)
    at org.junit.Assert.assertEquals(Assert.java:118)
    at org.junit.Assert.assertEquals(Assert.java:144)
    at java_testcases.junit.SHORTEST_PATH_LENGTHS_Test.test2(SHORTEST_PATH_LENGTHS_Test.java:50)
    at sun.reflect.NativeMethodAccessorImpl.invoke0(Native Method)
java.lang.AssertionError: expected:<99999> but was:<3>
    at org.junit.Assert.fail(Assert.java:88)
    at org.junit.Assert.failNotEquals(Assert.java:743)
    at org.junit.Assert.assertEquals(Assert.java:118)
    at org.junit.Assert.assertEquals(Assert.java:144)
    at java_testcases.junit.SHORTEST_PATH_LENGTHS_Test.test3(SHORTEST_PATH_LENGTHS_Test.java:67)
    at sun.reflect.NativeMethodAccessorImpl.invoke0(Native Method)
12:03:36.978 [pool-74-thread-1] INFO  xxl.java.junit.TestCasesListener - Tests run finished (6 ms)
<> Total tests run: 16
<> Ignored tests: 0
<> Failed tests: 16
~ test4s(java_testcases.junit.SHORTEST_PATH_LENGTHS_Test)
[expected:<2> but was:<1>]
java.lang.AssertionError: expected:<2> but was:<1>    at org.junit.Assert.fail(Assert.java:88)
    at org.junit.Assert.failNotEquals(Assert.java:743)
    at org.junit.Assert.assertEquals(Assert.java:118)
    at org.junit.Assert.assertEquals(Assert.java:144)
    at java_testcases.junit.SHORTEST_PATH_LENGTHS_Test.test4s(SHORTEST_PATH_LENGTHS_Test.java:85)
    at sun.reflect.NativeMethodAccessorImpl.invoke0(Native Method)
~ test1(java_testcases.junit.SHORTEST_PATH_LENGTHS_Test)
[expected:<0> but was:<-10>]
java.lang.AssertionError: expected:<0> but was:<-10>    at org.junit.Assert.fail(Assert.java:88)
    at org.junit.Assert.failNotEquals(Assert.java:743)
    at org.junit.Assert.assertEquals(Assert.java:118)
    at org.junit.Assert.assertEquals(Assert.java:144)
    at java_testcases.junit.SHORTEST_PATH_LENGTHS_Test.test1(SHORTEST_PATH_LENGTHS_Test.java:31)
    at sun.reflect.NativeMethodAccessorImpl.invoke0(Native Method)
~ test2(java_testcases.junit.SHORTEST_PATH_LENGTHS_Test)
[expected:<10> but was:<99999>]
java.lang.AssertionError: expected:<10> but was:<99999>    at org.junit.Assert.fail(Assert.java:88)
    at org.junit.Assert.failNotEquals(Assert.java:743)
    at org.junit.Assert.assertEquals(Assert.java:118)
    at org.junit.Assert.assertEquals(Assert.java:144)
    at java_testcases.junit.SHORTEST_PATH_LENGTHS_Test.test2(SHORTEST_PATH_LENGTHS_Test.java:50)
    at sun.reflect.NativeMethodAccessorImpl.invoke0(Native Method)
~ test3(java_testcases.junit.SHORTEST_PATH_LENGTHS_Test)
[expected:<99999> but was:<3>]
java.lang.AssertionError: expected:<99999> but was:<3>    at org.junit.Assert.fail(Assert.java:88)
    at org.junit.Assert.failNotEquals(Assert.java:743)
    at org.junit.Assert.assertEquals(Assert.java:118)
    at org.junit.Assert.assertEquals(Assert.java:144)
    at java_testcases.junit.SHORTEST_PATH_LENGTHS_Test.test3(SHORTEST_PATH_LENGTHS_Test.java:67)
    at sun.reflect.NativeMethodAccessorImpl.invoke0(Native Method)
~ test4s(java_testcases.junit.SHORTEST_PATH_LENGTHS_Test)
[expected:<2> but was:<1>]
java.lang.AssertionError: expected:<2> but was:<1>    at org.junit.Assert.fail(Assert.java:88)
    at org.junit.Assert.failNotEquals(Assert.java:743)
    at org.junit.Assert.assertEquals(Assert.java:118)
    at org.junit.Assert.assertEquals(Assert.java:144)
    at java_testcases.junit.SHORTEST_PATH_LENGTHS_Test.test4s(SHORTEST_PATH_LENGTHS_Test.java:85)
    at sun.reflect.NativeMethodAccessorImpl.invoke0(Native Method)
~ test1(java_testcases.junit.SHORTEST_PATH_LENGTHS_Test)
[expected:<0> but was:<-10>]
java.lang.AssertionError: expected:<0> but was:<-10>    at org.junit.Assert.fail(Assert.java:88)
    at org.junit.Assert.failNotEquals(Assert.java:743)
    at org.junit.Assert.assertEquals(Assert.java:118)
    at org.junit.Assert.assertEquals(Assert.java:144)
    at java_testcases.junit.SHORTEST_PATH_LENGTHS_Test.test1(SHORTEST_PATH_LENGTHS_Test.java:31)
    at sun.reflect.NativeMethodAccessorImpl.invoke0(Native Method)
~ test2(java_testcases.junit.SHORTEST_PATH_LENGTHS_Test)
[expected:<10> but was:<99999>]
java.lang.AssertionError: expected:<10> but was:<99999>    at org.junit.Assert.fail(Assert.java:88)
    at org.junit.Assert.failNotEquals(Assert.java:743)
    at org.junit.Assert.assertEquals(Assert.java:118)
    at org.junit.Assert.assertEquals(Assert.java:144)
    at java_testcases.junit.SHORTEST_PATH_LENGTHS_Test.test2(SHORTEST_PATH_LENGTHS_Test.java:50)
    at sun.reflect.NativeMethodAccessorImpl.invoke0(Native Method)
~ test3(java_testcases.junit.SHORTEST_PATH_LENGTHS_Test)
[expected:<99999> but was:<3>]
java.lang.AssertionError: expected:<99999> but was:<3>    at org.junit.Assert.fail(Assert.java:88)
    at org.junit.Assert.failNotEquals(Assert.java:743)
    at org.junit.Assert.assertEquals(Assert.java:118)
    at org.junit.Assert.assertEquals(Assert.java:144)
    at java_testcases.junit.SHORTEST_PATH_LENGTHS_Test.test3(SHORTEST_PATH_LENGTHS_Test.java:67)
    at sun.reflect.NativeMethodAccessorImpl.invoke0(Native Method)
~ test4s(java_testcases.junit.SHORTEST_PATH_LENGTHS_Test)
[expected:<2> but was:<1>]
java.lang.AssertionError: expected:<2> but was:<1>    at org.junit.Assert.fail(Assert.java:88)
    at org.junit.Assert.failNotEquals(Assert.java:743)
    at org.junit.Assert.assertEquals(Assert.java:118)
    at org.junit.Assert.assertEquals(Assert.java:144)
    at java_testcases.junit.SHORTEST_PATH_LENGTHS_Test.test4s(SHORTEST_PATH_LENGTHS_Test.java:85)
    at sun.reflect.NativeMethodAccessorImpl.invoke0(Native Method)
~ test1(java_testcases.junit.SHORTEST_PATH_LENGTHS_Test)
[expected:<0> but was:<-10>]
java.lang.AssertionError: expected:<0> but was:<-10>    at org.junit.Assert.fail(Assert.java:88)
    at org.junit.Assert.failNotEquals(Assert.java:743)
    at org.junit.Assert.assertEquals(Assert.java:118)
    at org.junit.Assert.assertEquals(Assert.java:144)
    at java_testcases.junit.SHORTEST_PATH_LENGTHS_Test.test1(SHORTEST_PATH_LENGTHS_Test.java:31)
    at sun.reflect.NativeMethodAccessorImpl.invoke0(Native Method)
~ test2(java_testcases.junit.SHORTEST_PATH_LENGTHS_Test)
[expected:<10> but was:<99999>]
java.lang.AssertionError: expected:<10> but was:<99999>    at org.junit.Assert.fail(Assert.java:88)
    at org.junit.Assert.failNotEquals(Assert.java:743)
    at org.junit.Assert.assertEquals(Assert.java:118)
    at org.junit.Assert.assertEquals(Assert.java:144)
    at java_testcases.junit.SHORTEST_PATH_LENGTHS_Test.test2(SHORTEST_PATH_LENGTHS_Test.java:50)
    at sun.reflect.NativeMethodAccessorImpl.invoke0(Native Method)
~ test3(java_testcases.junit.SHORTEST_PATH_LENGTHS_Test)
[expected:<99999> but was:<3>]
java.lang.AssertionError: expected:<99999> but was:<3>    at org.junit.Assert.fail(Assert.java:88)
    at org.junit.Assert.failNotEquals(Assert.java:743)
    at org.junit.Assert.assertEquals(Assert.java:118)
    at org.junit.Assert.assertEquals(Assert.java:144)
    at java_testcases.junit.SHORTEST_PATH_LENGTHS_Test.test3(SHORTEST_PATH_LENGTHS_Test.java:67)
    at sun.reflect.NativeMethodAccessorImpl.invoke0(Native Method)
~ test4s(java_testcases.junit.SHORTEST_PATH_LENGTHS_Test)
[expected:<2> but was:<1>]
java.lang.AssertionError: expected:<2> but was:<1>    at org.junit.Assert.fail(Assert.java:88)
    at org.junit.Assert.failNotEquals(Assert.java:743)
    at org.junit.Assert.assertEquals(Assert.java:118)
    at org.junit.Assert.assertEquals(Assert.java:144)
    at java_testcases.junit.SHORTEST_PATH_LENGTHS_Test.test4s(SHORTEST_PATH_LENGTHS_Test.java:85)
    at sun.reflect.NativeMethodAccessorImpl.invoke0(Native Method)
~ test1(java_testcases.junit.SHORTEST_PATH_LENGTHS_Test)
[expected:<0> but was:<-10>]
java.lang.AssertionError: expected:<0> but was:<-10>    at org.junit.Assert.fail(Assert.java:88)
    at org.junit.Assert.failNotEquals(Assert.java:743)
    at org.junit.Assert.assertEquals(Assert.java:118)
    at org.junit.Assert.assertEquals(Assert.java:144)
    at java_testcases.junit.SHORTEST_PATH_LENGTHS_Test.test1(SHORTEST_PATH_LENGTHS_Test.java:31)
    at sun.reflect.NativeMethodAccessorImpl.invoke0(Native Method)
~ test2(java_testcases.junit.SHORTEST_PATH_LENGTHS_Test)
[expected:<10> but was:<99999>]
java.lang.AssertionError: expected:<10> but was:<99999>    at org.junit.Assert.fail(Assert.java:88)
    at org.junit.Assert.failNotEquals(Assert.java:743)
    at org.junit.Assert.assertEquals(Assert.java:118)
    at org.junit.Assert.assertEquals(Assert.java:144)
    at java_testcases.junit.SHORTEST_PATH_LENGTHS_Test.test2(SHORTEST_PATH_LENGTHS_Test.java:50)
    at sun.reflect.NativeMethodAccessorImpl.invoke0(Native Method)
~ test3(java_testcases.junit.SHORTEST_PATH_LENGTHS_Test)
[expected:<99999> but was:<3>]
java.lang.AssertionError: expected:<99999> but was:<3>    at org.junit.Assert.fail(Assert.java:88)
    at org.junit.Assert.failNotEquals(Assert.java:743)
    at org.junit.Assert.assertEquals(Assert.java:118)
    at org.junit.Assert.assertEquals(Assert.java:144)
    at java_testcases.junit.SHORTEST_PATH_LENGTHS_Test.test3(SHORTEST_PATH_LENGTHS_Test.java:67)
    at sun.reflect.NativeMethodAccessorImpl.invoke0(Native Method)

12:03:37.055 [pool-2-thread-1] DEBUG fr.inria.lille.repair.nopol.NoPol - statement #11
12:03:37.055 [pool-2-thread-1] DEBUG fr.inria.lille.repair.nopol.NoPol - Analysing SourceLocation java_programs.SHORTEST_PATH_LENGTHS:23 which is executed by 4 tests
2063786665
12:03:37.096 [pool-2-thread-1] DEBUG fr.inria.lille.repair.nopol.NoPol - looking with class fr.inria.lille.repair.nopol.spoon.smt.ConditionalAdder
java.lang.AssertionError: expected:<2> but was:<1>
    at org.junit.Assert.fail(Assert.java:88)
    at org.junit.Assert.failNotEquals(Assert.java:743)
    at org.junit.Assert.assertEquals(Assert.java:118)
    at org.junit.Assert.assertEquals(Assert.java:144)
    at java_testcases.junit.SHORTEST_PATH_LENGTHS_Test.test4s(SHORTEST_PATH_LENGTHS_Test.java:85)
    at sun.reflect.NativeMethodAccessorImpl.invoke0(Native Method)
java.lang.AssertionError: expected:<0> but was:<-10>
    at org.junit.Assert.fail(Assert.java:88)
    at org.junit.Assert.failNotEquals(Assert.java:743)
    at org.junit.Assert.assertEquals(Assert.java:118)
    at org.junit.Assert.assertEquals(Assert.java:144)
    at java_testcases.junit.SHORTEST_PATH_LENGTHS_Test.test1(SHORTEST_PATH_LENGTHS_Test.java:31)
    at sun.reflect.NativeMethodAccessorImpl.invoke0(Native Method)
java.lang.AssertionError: expected:<10> but was:<99999>
    at org.junit.Assert.fail(Assert.java:88)
    at org.junit.Assert.failNotEquals(Assert.java:743)
    at org.junit.Assert.assertEquals(Assert.java:118)
    at org.junit.Assert.assertEquals(Assert.java:144)
    at java_testcases.junit.SHORTEST_PATH_LENGTHS_Test.test2(SHORTEST_PATH_LENGTHS_Test.java:50)
    at sun.reflect.NativeMethodAccessorImpl.invoke0(Native Method)
java.lang.AssertionError: expected:<99999> but was:<3>
    at org.junit.Assert.fail(Assert.java:88)
    at org.junit.Assert.failNotEquals(Assert.java:743)
    at org.junit.Assert.assertEquals(Assert.java:118)
    at org.junit.Assert.assertEquals(Assert.java:144)
    at java_testcases.junit.SHORTEST_PATH_LENGTHS_Test.test3(SHORTEST_PATH_LENGTHS_Test.java:67)
    at sun.reflect.NativeMethodAccessorImpl.invoke0(Native Method)
java.lang.AssertionError: expected:<2> but was:<1>
    at org.junit.Assert.fail(Assert.java:88)
    at org.junit.Assert.failNotEquals(Assert.java:743)
    at org.junit.Assert.assertEquals(Assert.java:118)
    at org.junit.Assert.assertEquals(Assert.java:144)
    at java_testcases.junit.SHORTEST_PATH_LENGTHS_Test.test4s(SHORTEST_PATH_LENGTHS_Test.java:85)
    at sun.reflect.NativeMethodAccessorImpl.invoke0(Native Method)
java.lang.AssertionError: expected:<0> but was:<-10>
    at org.junit.Assert.fail(Assert.java:88)
    at org.junit.Assert.failNotEquals(Assert.java:743)
    at org.junit.Assert.assertEquals(Assert.java:118)
    at org.junit.Assert.assertEquals(Assert.java:144)
    at java_testcases.junit.SHORTEST_PATH_LENGTHS_Test.test1(SHORTEST_PATH_LENGTHS_Test.java:31)
    at sun.reflect.NativeMethodAccessorImpl.invoke0(Native Method)
java.lang.AssertionError: expected:<10> but was:<99999>
    at org.junit.Assert.fail(Assert.java:88)
    at org.junit.Assert.failNotEquals(Assert.java:743)
    at org.junit.Assert.assertEquals(Assert.java:118)
    at org.junit.Assert.assertEquals(Assert.java:144)
    at java_testcases.junit.SHORTEST_PATH_LENGTHS_Test.test2(SHORTEST_PATH_LENGTHS_Test.java:50)
    at sun.reflect.NativeMethodAccessorImpl.invoke0(Native Method)
java.lang.AssertionError: expected:<99999> but was:<3>
    at org.junit.Assert.fail(Assert.java:88)
    at org.junit.Assert.failNotEquals(Assert.java:743)
    at org.junit.Assert.assertEquals(Assert.java:118)
    at org.junit.Assert.assertEquals(Assert.java:144)
    at java_testcases.junit.SHORTEST_PATH_LENGTHS_Test.test3(SHORTEST_PATH_LENGTHS_Test.java:67)
    at sun.reflect.NativeMethodAccessorImpl.invoke0(Native Method)
java.lang.AssertionError: expected:<2> but was:<1>
    at org.junit.Assert.fail(Assert.java:88)
    at org.junit.Assert.failNotEquals(Assert.java:743)
    at org.junit.Assert.assertEquals(Assert.java:118)
    at org.junit.Assert.assertEquals(Assert.java:144)
    at java_testcases.junit.SHORTEST_PATH_LENGTHS_Test.test4s(SHORTEST_PATH_LENGTHS_Test.java:85)
    at sun.reflect.NativeMethodAccessorImpl.invoke0(Native Method)
java.lang.AssertionError: expected:<0> but was:<-10>
    at org.junit.Assert.fail(Assert.java:88)
    at org.junit.Assert.failNotEquals(Assert.java:743)
    at org.junit.Assert.assertEquals(Assert.java:118)
    at org.junit.Assert.assertEquals(Assert.java:144)
    at java_testcases.junit.SHORTEST_PATH_LENGTHS_Test.test1(SHORTEST_PATH_LENGTHS_Test.java:31)
    at sun.reflect.NativeMethodAccessorImpl.invoke0(Native Method)
java.lang.AssertionError: expected:<10> but was:<99999>
    at org.junit.Assert.fail(Assert.java:88)
    at org.junit.Assert.failNotEquals(Assert.java:743)
    at org.junit.Assert.assertEquals(Assert.java:118)
    at org.junit.Assert.assertEquals(Assert.java:144)
    at java_testcases.junit.SHORTEST_PATH_LENGTHS_Test.test2(SHORTEST_PATH_LENGTHS_Test.java:50)
    at sun.reflect.NativeMethodAccessorImpl.invoke0(Native Method)
java.lang.AssertionError: expected:<99999> but was:<3>
    at org.junit.Assert.fail(Assert.java:88)
    at org.junit.Assert.failNotEquals(Assert.java:743)
    at org.junit.Assert.assertEquals(Assert.java:118)
    at org.junit.Assert.assertEquals(Assert.java:144)
    at java_testcases.junit.SHORTEST_PATH_LENGTHS_Test.test3(SHORTEST_PATH_LENGTHS_Test.java:67)
    at sun.reflect.NativeMethodAccessorImpl.invoke0(Native Method)
java.lang.AssertionError: expected:<2> but was:<1>
    at org.junit.Assert.fail(Assert.java:88)
    at org.junit.Assert.failNotEquals(Assert.java:743)
    at org.junit.Assert.assertEquals(Assert.java:118)
    at org.junit.Assert.assertEquals(Assert.java:144)
    at java_testcases.junit.SHORTEST_PATH_LENGTHS_Test.test4s(SHORTEST_PATH_LENGTHS_Test.java:85)
    at sun.reflect.NativeMethodAccessorImpl.invoke0(Native Method)
java.lang.AssertionError: expected:<0> but was:<-10>
    at org.junit.Assert.fail(Assert.java:88)
    at org.junit.Assert.failNotEquals(Assert.java:743)
    at org.junit.Assert.assertEquals(Assert.java:118)
    at org.junit.Assert.assertEquals(Assert.java:144)
    at java_testcases.junit.SHORTEST_PATH_LENGTHS_Test.test1(SHORTEST_PATH_LENGTHS_Test.java:31)
    at sun.reflect.NativeMethodAccessorImpl.invoke0(Native Method)
java.lang.AssertionError: expected:<10> but was:<99999>
    at org.junit.Assert.fail(Assert.java:88)
    at org.junit.Assert.failNotEquals(Assert.java:743)
    at org.junit.Assert.assertEquals(Assert.java:118)
    at org.junit.Assert.assertEquals(Assert.java:144)
    at java_testcases.junit.SHORTEST_PATH_LENGTHS_Test.test2(SHORTEST_PATH_LENGTHS_Test.java:50)
    at sun.reflect.NativeMethodAccessorImpl.invoke0(Native Method)
java.lang.AssertionError: expected:<99999> but was:<3>
    at org.junit.Assert.fail(Assert.java:88)
    at org.junit.Assert.failNotEquals(Assert.java:743)
    at org.junit.Assert.assertEquals(Assert.java:118)
    at org.junit.Assert.assertEquals(Assert.java:144)
    at java_testcases.junit.SHORTEST_PATH_LENGTHS_Test.test3(SHORTEST_PATH_LENGTHS_Test.java:67)
    at sun.reflect.NativeMethodAccessorImpl.invoke0(Native Method)
12:03:37.104 [pool-84-thread-1] INFO  xxl.java.junit.TestCasesListener - Tests run finished (6 ms)
<> Total tests run: 16
<> Ignored tests: 0
<> Failed tests: 16
~ test4s(java_testcases.junit.SHORTEST_PATH_LENGTHS_Test)
[expected:<2> but was:<1>]
java.lang.AssertionError: expected:<2> but was:<1>    at org.junit.Assert.fail(Assert.java:88)
    at org.junit.Assert.failNotEquals(Assert.java:743)
    at org.junit.Assert.assertEquals(Assert.java:118)
    at org.junit.Assert.assertEquals(Assert.java:144)
    at java_testcases.junit.SHORTEST_PATH_LENGTHS_Test.test4s(SHORTEST_PATH_LENGTHS_Test.java:85)
    at sun.reflect.NativeMethodAccessorImpl.invoke0(Native Method)
~ test1(java_testcases.junit.SHORTEST_PATH_LENGTHS_Test)
[expected:<0> but was:<-10>]
java.lang.AssertionError: expected:<0> but was:<-10>    at org.junit.Assert.fail(Assert.java:88)
    at org.junit.Assert.failNotEquals(Assert.java:743)
    at org.junit.Assert.assertEquals(Assert.java:118)
    at org.junit.Assert.assertEquals(Assert.java:144)
    at java_testcases.junit.SHORTEST_PATH_LENGTHS_Test.test1(SHORTEST_PATH_LENGTHS_Test.java:31)
    at sun.reflect.NativeMethodAccessorImpl.invoke0(Native Method)
~ test2(java_testcases.junit.SHORTEST_PATH_LENGTHS_Test)
[expected:<10> but was:<99999>]
java.lang.AssertionError: expected:<10> but was:<99999>    at org.junit.Assert.fail(Assert.java:88)
    at org.junit.Assert.failNotEquals(Assert.java:743)
    at org.junit.Assert.assertEquals(Assert.java:118)
    at org.junit.Assert.assertEquals(Assert.java:144)
    at java_testcases.junit.SHORTEST_PATH_LENGTHS_Test.test2(SHORTEST_PATH_LENGTHS_Test.java:50)
    at sun.reflect.NativeMethodAccessorImpl.invoke0(Native Method)
~ test3(java_testcases.junit.SHORTEST_PATH_LENGTHS_Test)
[expected:<99999> but was:<3>]
java.lang.AssertionError: expected:<99999> but was:<3>    at org.junit.Assert.fail(Assert.java:88)
    at org.junit.Assert.failNotEquals(Assert.java:743)
    at org.junit.Assert.assertEquals(Assert.java:118)
    at org.junit.Assert.assertEquals(Assert.java:144)
    at java_testcases.junit.SHORTEST_PATH_LENGTHS_Test.test3(SHORTEST_PATH_LENGTHS_Test.java:67)
    at sun.reflect.NativeMethodAccessorImpl.invoke0(Native Method)
~ test4s(java_testcases.junit.SHORTEST_PATH_LENGTHS_Test)
[expected:<2> but was:<1>]
java.lang.AssertionError: expected:<2> but was:<1>    at org.junit.Assert.fail(Assert.java:88)
    at org.junit.Assert.failNotEquals(Assert.java:743)
    at org.junit.Assert.assertEquals(Assert.java:118)
    at org.junit.Assert.assertEquals(Assert.java:144)
    at java_testcases.junit.SHORTEST_PATH_LENGTHS_Test.test4s(SHORTEST_PATH_LENGTHS_Test.java:85)
    at sun.reflect.NativeMethodAccessorImpl.invoke0(Native Method)
~ test1(java_testcases.junit.SHORTEST_PATH_LENGTHS_Test)
[expected:<0> but was:<-10>]
java.lang.AssertionError: expected:<0> but was:<-10>    at org.junit.Assert.fail(Assert.java:88)
    at org.junit.Assert.failNotEquals(Assert.java:743)
    at org.junit.Assert.assertEquals(Assert.java:118)
    at org.junit.Assert.assertEquals(Assert.java:144)
    at java_testcases.junit.SHORTEST_PATH_LENGTHS_Test.test1(SHORTEST_PATH_LENGTHS_Test.java:31)
    at sun.reflect.NativeMethodAccessorImpl.invoke0(Native Method)
~ test2(java_testcases.junit.SHORTEST_PATH_LENGTHS_Test)
[expected:<10> but was:<99999>]
java.lang.AssertionError: expected:<10> but was:<99999>    at org.junit.Assert.fail(Assert.java:88)
    at org.junit.Assert.failNotEquals(Assert.java:743)
    at org.junit.Assert.assertEquals(Assert.java:118)
    at org.junit.Assert.assertEquals(Assert.java:144)
    at java_testcases.junit.SHORTEST_PATH_LENGTHS_Test.test2(SHORTEST_PATH_LENGTHS_Test.java:50)
    at sun.reflect.NativeMethodAccessorImpl.invoke0(Native Method)
~ test3(java_testcases.junit.SHORTEST_PATH_LENGTHS_Test)
[expected:<99999> but was:<3>]
java.lang.AssertionError: expected:<99999> but was:<3>    at org.junit.Assert.fail(Assert.java:88)
    at org.junit.Assert.failNotEquals(Assert.java:743)
    at org.junit.Assert.assertEquals(Assert.java:118)
    at org.junit.Assert.assertEquals(Assert.java:144)
    at java_testcases.junit.SHORTEST_PATH_LENGTHS_Test.test3(SHORTEST_PATH_LENGTHS_Test.java:67)
    at sun.reflect.NativeMethodAccessorImpl.invoke0(Native Method)
~ test4s(java_testcases.junit.SHORTEST_PATH_LENGTHS_Test)
[expected:<2> but was:<1>]
java.lang.AssertionError: expected:<2> but was:<1>    at org.junit.Assert.fail(Assert.java:88)
    at org.junit.Assert.failNotEquals(Assert.java:743)
    at org.junit.Assert.assertEquals(Assert.java:118)
    at org.junit.Assert.assertEquals(Assert.java:144)
    at java_testcases.junit.SHORTEST_PATH_LENGTHS_Test.test4s(SHORTEST_PATH_LENGTHS_Test.java:85)
    at sun.reflect.NativeMethodAccessorImpl.invoke0(Native Method)
~ test1(java_testcases.junit.SHORTEST_PATH_LENGTHS_Test)
[expected:<0> but was:<-10>]
java.lang.AssertionError: expected:<0> but was:<-10>    at org.junit.Assert.fail(Assert.java:88)
    at org.junit.Assert.failNotEquals(Assert.java:743)
    at org.junit.Assert.assertEquals(Assert.java:118)
    at org.junit.Assert.assertEquals(Assert.java:144)
    at java_testcases.junit.SHORTEST_PATH_LENGTHS_Test.test1(SHORTEST_PATH_LENGTHS_Test.java:31)
    at sun.reflect.NativeMethodAccessorImpl.invoke0(Native Method)
~ test2(java_testcases.junit.SHORTEST_PATH_LENGTHS_Test)
[expected:<10> but was:<99999>]
java.lang.AssertionError: expected:<10> but was:<99999>    at org.junit.Assert.fail(Assert.java:88)
    at org.junit.Assert.failNotEquals(Assert.java:743)
    at org.junit.Assert.assertEquals(Assert.java:118)
    at org.junit.Assert.assertEquals(Assert.java:144)
    at java_testcases.junit.SHORTEST_PATH_LENGTHS_Test.test2(SHORTEST_PATH_LENGTHS_Test.java:50)
    at sun.reflect.NativeMethodAccessorImpl.invoke0(Native Method)
~ test3(java_testcases.junit.SHORTEST_PATH_LENGTHS_Test)
[expected:<99999> but was:<3>]
java.lang.AssertionError: expected:<99999> but was:<3>    at org.junit.Assert.fail(Assert.java:88)
    at org.junit.Assert.failNotEquals(Assert.java:743)
    at org.junit.Assert.assertEquals(Assert.java:118)
    at org.junit.Assert.assertEquals(Assert.java:144)
    at java_testcases.junit.SHORTEST_PATH_LENGTHS_Test.test3(SHORTEST_PATH_LENGTHS_Test.java:67)
    at sun.reflect.NativeMethodAccessorImpl.invoke0(Native Method)
~ test4s(java_testcases.junit.SHORTEST_PATH_LENGTHS_Test)
[expected:<2> but was:<1>]
java.lang.AssertionError: expected:<2> but was:<1>    at org.junit.Assert.fail(Assert.java:88)
    at org.junit.Assert.failNotEquals(Assert.java:743)
    at org.junit.Assert.assertEquals(Assert.java:118)
    at org.junit.Assert.assertEquals(Assert.java:144)
    at java_testcases.junit.SHORTEST_PATH_LENGTHS_Test.test4s(SHORTEST_PATH_LENGTHS_Test.java:85)
    at sun.reflect.NativeMethodAccessorImpl.invoke0(Native Method)
~ test1(java_testcases.junit.SHORTEST_PATH_LENGTHS_Test)
[expected:<0> but was:<-10>]
java.lang.AssertionError: expected:<0> but was:<-10>    at org.junit.Assert.fail(Assert.java:88)
    at org.junit.Assert.failNotEquals(Assert.java:743)
    at org.junit.Assert.assertEquals(Assert.java:118)
    at org.junit.Assert.assertEquals(Assert.java:144)
    at java_testcases.junit.SHORTEST_PATH_LENGTHS_Test.test1(SHORTEST_PATH_LENGTHS_Test.java:31)
    at sun.reflect.NativeMethodAccessorImpl.invoke0(Native Method)
~ test2(java_testcases.junit.SHORTEST_PATH_LENGTHS_Test)
[expected:<10> but was:<99999>]
java.lang.AssertionError: expected:<10> but was:<99999>    at org.junit.Assert.fail(Assert.java:88)
    at org.junit.Assert.failNotEquals(Assert.java:743)
    at org.junit.Assert.assertEquals(Assert.java:118)
    at org.junit.Assert.assertEquals(Assert.java:144)
    at java_testcases.junit.SHORTEST_PATH_LENGTHS_Test.test2(SHORTEST_PATH_LENGTHS_Test.java:50)
    at sun.reflect.NativeMethodAccessorImpl.invoke0(Native Method)
~ test3(java_testcases.junit.SHORTEST_PATH_LENGTHS_Test)
[expected:<99999> but was:<3>]
java.lang.AssertionError: expected:<99999> but was:<3>    at org.junit.Assert.fail(Assert.java:88)
    at org.junit.Assert.failNotEquals(Assert.java:743)
    at org.junit.Assert.assertEquals(Assert.java:118)
    at org.junit.Assert.assertEquals(Assert.java:144)
    at java_testcases.junit.SHORTEST_PATH_LENGTHS_Test.test3(SHORTEST_PATH_LENGTHS_Test.java:67)
    at sun.reflect.NativeMethodAccessorImpl.invoke0(Native Method)

12:03:37.172 [pool-2-thread-1] DEBUG fr.inria.lille.repair.nopol.NoPol - statement #12
12:03:37.173 [pool-2-thread-1] DEBUG fr.inria.lille.repair.nopol.NoPol - Analysing SourceLocation java_programs.SHORTEST_PATH_LENGTHS:22 which is executed by 4 tests
2063786665
12:03:37.209 [pool-2-thread-1] DEBUG fr.inria.lille.repair.nopol.NoPol - looking with class fr.inria.lille.repair.nopol.spoon.smt.ConditionalAdder
java.lang.AssertionError: expected:<2> but was:<1>
    at org.junit.Assert.fail(Assert.java:88)
    at org.junit.Assert.failNotEquals(Assert.java:743)
    at org.junit.Assert.assertEquals(Assert.java:118)
    at org.junit.Assert.assertEquals(Assert.java:144)
    at java_testcases.junit.SHORTEST_PATH_LENGTHS_Test.test4s(SHORTEST_PATH_LENGTHS_Test.java:85)
    at sun.reflect.NativeMethodAccessorImpl.invoke0(Native Method)
java.lang.AssertionError: expected:<0> but was:<-10>
    at org.junit.Assert.fail(Assert.java:88)
    at org.junit.Assert.failNotEquals(Assert.java:743)
    at org.junit.Assert.assertEquals(Assert.java:118)
    at org.junit.Assert.assertEquals(Assert.java:144)
    at java_testcases.junit.SHORTEST_PATH_LENGTHS_Test.test1(SHORTEST_PATH_LENGTHS_Test.java:31)
    at sun.reflect.NativeMethodAccessorImpl.invoke0(Native Method)
java.lang.AssertionError: expected:<10> but was:<99999>
    at org.junit.Assert.fail(Assert.java:88)
    at org.junit.Assert.failNotEquals(Assert.java:743)
    at org.junit.Assert.assertEquals(Assert.java:118)
    at org.junit.Assert.assertEquals(Assert.java:144)
    at java_testcases.junit.SHORTEST_PATH_LENGTHS_Test.test2(SHORTEST_PATH_LENGTHS_Test.java:50)
    at sun.reflect.NativeMethodAccessorImpl.invoke0(Native Method)
java.lang.AssertionError: expected:<99999> but was:<3>
    at org.junit.Assert.fail(Assert.java:88)
    at org.junit.Assert.failNotEquals(Assert.java:743)
    at org.junit.Assert.assertEquals(Assert.java:118)
    at org.junit.Assert.assertEquals(Assert.java:144)
    at java_testcases.junit.SHORTEST_PATH_LENGTHS_Test.test3(SHORTEST_PATH_LENGTHS_Test.java:67)
    at sun.reflect.NativeMethodAccessorImpl.invoke0(Native Method)
java.lang.AssertionError: expected:<2> but was:<1>
    at org.junit.Assert.fail(Assert.java:88)
    at org.junit.Assert.failNotEquals(Assert.java:743)
    at org.junit.Assert.assertEquals(Assert.java:118)
    at org.junit.Assert.assertEquals(Assert.java:144)
    at java_testcases.junit.SHORTEST_PATH_LENGTHS_Test.test4s(SHORTEST_PATH_LENGTHS_Test.java:85)
    at sun.reflect.NativeMethodAccessorImpl.invoke0(Native Method)
java.lang.AssertionError: expected:<0> but was:<-10>
    at org.junit.Assert.fail(Assert.java:88)
    at org.junit.Assert.failNotEquals(Assert.java:743)
    at org.junit.Assert.assertEquals(Assert.java:118)
    at org.junit.Assert.assertEquals(Assert.java:144)
    at java_testcases.junit.SHORTEST_PATH_LENGTHS_Test.test1(SHORTEST_PATH_LENGTHS_Test.java:31)
    at sun.reflect.NativeMethodAccessorImpl.invoke0(Native Method)
java.lang.AssertionError: expected:<10> but was:<99999>
    at org.junit.Assert.fail(Assert.java:88)
    at org.junit.Assert.failNotEquals(Assert.java:743)
    at org.junit.Assert.assertEquals(Assert.java:118)
    at org.junit.Assert.assertEquals(Assert.java:144)
    at java_testcases.junit.SHORTEST_PATH_LENGTHS_Test.test2(SHORTEST_PATH_LENGTHS_Test.java:50)
    at sun.reflect.NativeMethodAccessorImpl.invoke0(Native Method)
java.lang.AssertionError: expected:<99999> but was:<3>
    at org.junit.Assert.fail(Assert.java:88)
    at org.junit.Assert.failNotEquals(Assert.java:743)
    at org.junit.Assert.assertEquals(Assert.java:118)
    at org.junit.Assert.assertEquals(Assert.java:144)
    at java_testcases.junit.SHORTEST_PATH_LENGTHS_Test.test3(SHORTEST_PATH_LENGTHS_Test.java:67)
    at sun.reflect.NativeMethodAccessorImpl.invoke0(Native Method)
java.lang.AssertionError: expected:<2> but was:<1>
    at org.junit.Assert.fail(Assert.java:88)
    at org.junit.Assert.failNotEquals(Assert.java:743)
    at org.junit.Assert.assertEquals(Assert.java:118)
    at org.junit.Assert.assertEquals(Assert.java:144)
    at java_testcases.junit.SHORTEST_PATH_LENGTHS_Test.test4s(SHORTEST_PATH_LENGTHS_Test.java:85)
    at sun.reflect.NativeMethodAccessorImpl.invoke0(Native Method)
java.lang.AssertionError: expected:<0> but was:<-10>
    at org.junit.Assert.fail(Assert.java:88)
    at org.junit.Assert.failNotEquals(Assert.java:743)
    at org.junit.Assert.assertEquals(Assert.java:118)
    at org.junit.Assert.assertEquals(Assert.java:144)
    at java_testcases.junit.SHORTEST_PATH_LENGTHS_Test.test1(SHORTEST_PATH_LENGTHS_Test.java:31)
    at sun.reflect.NativeMethodAccessorImpl.invoke0(Native Method)
java.lang.AssertionError: expected:<10> but was:<99999>
    at org.junit.Assert.fail(Assert.java:88)
    at org.junit.Assert.failNotEquals(Assert.java:743)
    at org.junit.Assert.assertEquals(Assert.java:118)
    at org.junit.Assert.assertEquals(Assert.java:144)
    at java_testcases.junit.SHORTEST_PATH_LENGTHS_Test.test2(SHORTEST_PATH_LENGTHS_Test.java:50)
    at sun.reflect.NativeMethodAccessorImpl.invoke0(Native Method)
java.lang.AssertionError: expected:<99999> but was:<3>
    at org.junit.Assert.fail(Assert.java:88)
    at org.junit.Assert.failNotEquals(Assert.java:743)
    at org.junit.Assert.assertEquals(Assert.java:118)
    at org.junit.Assert.assertEquals(Assert.java:144)
    at java_testcases.junit.SHORTEST_PATH_LENGTHS_Test.test3(SHORTEST_PATH_LENGTHS_Test.java:67)
    at sun.reflect.NativeMethodAccessorImpl.invoke0(Native Method)
java.lang.AssertionError: expected:<2> but was:<1>
    at org.junit.Assert.fail(Assert.java:88)
    at org.junit.Assert.failNotEquals(Assert.java:743)
    at org.junit.Assert.assertEquals(Assert.java:118)
    at org.junit.Assert.assertEquals(Assert.java:144)
    at java_testcases.junit.SHORTEST_PATH_LENGTHS_Test.test4s(SHORTEST_PATH_LENGTHS_Test.java:85)
    at sun.reflect.NativeMethodAccessorImpl.invoke0(Native Method)
java.lang.AssertionError: expected:<0> but was:<-10>
    at org.junit.Assert.fail(Assert.java:88)
    at org.junit.Assert.failNotEquals(Assert.java:743)
    at org.junit.Assert.assertEquals(Assert.java:118)
    at org.junit.Assert.assertEquals(Assert.java:144)
    at java_testcases.junit.SHORTEST_PATH_LENGTHS_Test.test1(SHORTEST_PATH_LENGTHS_Test.java:31)
    at sun.reflect.NativeMethodAccessorImpl.invoke0(Native Method)
java.lang.AssertionError: expected:<10> but was:<99999>
    at org.junit.Assert.fail(Assert.java:88)
    at org.junit.Assert.failNotEquals(Assert.java:743)
    at org.junit.Assert.assertEquals(Assert.java:118)
    at org.junit.Assert.assertEquals(Assert.java:144)
    at java_testcases.junit.SHORTEST_PATH_LENGTHS_Test.test2(SHORTEST_PATH_LENGTHS_Test.java:50)
    at sun.reflect.NativeMethodAccessorImpl.invoke0(Native Method)
java.lang.AssertionError: expected:<99999> but was:<3>
    at org.junit.Assert.fail(Assert.java:88)
    at org.junit.Assert.failNotEquals(Assert.java:743)
    at org.junit.Assert.assertEquals(Assert.java:118)
    at org.junit.Assert.assertEquals(Assert.java:144)
    at java_testcases.junit.SHORTEST_PATH_LENGTHS_Test.test3(SHORTEST_PATH_LENGTHS_Test.java:67)
    at sun.reflect.NativeMethodAccessorImpl.invoke0(Native Method)
12:03:37.217 [pool-94-thread-1] INFO  xxl.java.junit.TestCasesListener - Tests run finished (6 ms)
<> Total tests run: 16
<> Ignored tests: 0
<> Failed tests: 16
~ test4s(java_testcases.junit.SHORTEST_PATH_LENGTHS_Test)
[expected:<2> but was:<1>]
java.lang.AssertionError: expected:<2> but was:<1>    at org.junit.Assert.fail(Assert.java:88)
    at org.junit.Assert.failNotEquals(Assert.java:743)
    at org.junit.Assert.assertEquals(Assert.java:118)
    at org.junit.Assert.assertEquals(Assert.java:144)
    at java_testcases.junit.SHORTEST_PATH_LENGTHS_Test.test4s(SHORTEST_PATH_LENGTHS_Test.java:85)
    at sun.reflect.NativeMethodAccessorImpl.invoke0(Native Method)
~ test1(java_testcases.junit.SHORTEST_PATH_LENGTHS_Test)
[expected:<0> but was:<-10>]
java.lang.AssertionError: expected:<0> but was:<-10>    at org.junit.Assert.fail(Assert.java:88)
    at org.junit.Assert.failNotEquals(Assert.java:743)
    at org.junit.Assert.assertEquals(Assert.java:118)
    at org.junit.Assert.assertEquals(Assert.java:144)
    at java_testcases.junit.SHORTEST_PATH_LENGTHS_Test.test1(SHORTEST_PATH_LENGTHS_Test.java:31)
    at sun.reflect.NativeMethodAccessorImpl.invoke0(Native Method)
~ test2(java_testcases.junit.SHORTEST_PATH_LENGTHS_Test)
[expected:<10> but was:<99999>]
java.lang.AssertionError: expected:<10> but was:<99999>    at org.junit.Assert.fail(Assert.java:88)
    at org.junit.Assert.failNotEquals(Assert.java:743)
    at org.junit.Assert.assertEquals(Assert.java:118)
    at org.junit.Assert.assertEquals(Assert.java:144)
    at java_testcases.junit.SHORTEST_PATH_LENGTHS_Test.test2(SHORTEST_PATH_LENGTHS_Test.java:50)
    at sun.reflect.NativeMethodAccessorImpl.invoke0(Native Method)
~ test3(java_testcases.junit.SHORTEST_PATH_LENGTHS_Test)
[expected:<99999> but was:<3>]
java.lang.AssertionError: expected:<99999> but was:<3>    at org.junit.Assert.fail(Assert.java:88)
    at org.junit.Assert.failNotEquals(Assert.java:743)
    at org.junit.Assert.assertEquals(Assert.java:118)
    at org.junit.Assert.assertEquals(Assert.java:144)
    at java_testcases.junit.SHORTEST_PATH_LENGTHS_Test.test3(SHORTEST_PATH_LENGTHS_Test.java:67)
    at sun.reflect.NativeMethodAccessorImpl.invoke0(Native Method)
~ test4s(java_testcases.junit.SHORTEST_PATH_LENGTHS_Test)
[expected:<2> but was:<1>]
java.lang.AssertionError: expected:<2> but was:<1>    at org.junit.Assert.fail(Assert.java:88)
    at org.junit.Assert.failNotEquals(Assert.java:743)
    at org.junit.Assert.assertEquals(Assert.java:118)
    at org.junit.Assert.assertEquals(Assert.java:144)
    at java_testcases.junit.SHORTEST_PATH_LENGTHS_Test.test4s(SHORTEST_PATH_LENGTHS_Test.java:85)
    at sun.reflect.NativeMethodAccessorImpl.invoke0(Native Method)
~ test1(java_testcases.junit.SHORTEST_PATH_LENGTHS_Test)
[expected:<0> but was:<-10>]
java.lang.AssertionError: expected:<0> but was:<-10>    at org.junit.Assert.fail(Assert.java:88)
    at org.junit.Assert.failNotEquals(Assert.java:743)
    at org.junit.Assert.assertEquals(Assert.java:118)
    at org.junit.Assert.assertEquals(Assert.java:144)
    at java_testcases.junit.SHORTEST_PATH_LENGTHS_Test.test1(SHORTEST_PATH_LENGTHS_Test.java:31)
    at sun.reflect.NativeMethodAccessorImpl.invoke0(Native Method)
~ test2(java_testcases.junit.SHORTEST_PATH_LENGTHS_Test)
[expected:<10> but was:<99999>]
java.lang.AssertionError: expected:<10> but was:<99999>    at org.junit.Assert.fail(Assert.java:88)
    at org.junit.Assert.failNotEquals(Assert.java:743)
    at org.junit.Assert.assertEquals(Assert.java:118)
    at org.junit.Assert.assertEquals(Assert.java:144)
    at java_testcases.junit.SHORTEST_PATH_LENGTHS_Test.test2(SHORTEST_PATH_LENGTHS_Test.java:50)
    at sun.reflect.NativeMethodAccessorImpl.invoke0(Native Method)
~ test3(java_testcases.junit.SHORTEST_PATH_LENGTHS_Test)
[expected:<99999> but was:<3>]
java.lang.AssertionError: expected:<99999> but was:<3>    at org.junit.Assert.fail(Assert.java:88)
    at org.junit.Assert.failNotEquals(Assert.java:743)
    at org.junit.Assert.assertEquals(Assert.java:118)
    at org.junit.Assert.assertEquals(Assert.java:144)
    at java_testcases.junit.SHORTEST_PATH_LENGTHS_Test.test3(SHORTEST_PATH_LENGTHS_Test.java:67)
    at sun.reflect.NativeMethodAccessorImpl.invoke0(Native Method)
~ test4s(java_testcases.junit.SHORTEST_PATH_LENGTHS_Test)
[expected:<2> but was:<1>]
java.lang.AssertionError: expected:<2> but was:<1>    at org.junit.Assert.fail(Assert.java:88)
    at org.junit.Assert.failNotEquals(Assert.java:743)
    at org.junit.Assert.assertEquals(Assert.java:118)
    at org.junit.Assert.assertEquals(Assert.java:144)
    at java_testcases.junit.SHORTEST_PATH_LENGTHS_Test.test4s(SHORTEST_PATH_LENGTHS_Test.java:85)
    at sun.reflect.NativeMethodAccessorImpl.invoke0(Native Method)
~ test1(java_testcases.junit.SHORTEST_PATH_LENGTHS_Test)
[expected:<0> but was:<-10>]
java.lang.AssertionError: expected:<0> but was:<-10>    at org.junit.Assert.fail(Assert.java:88)
    at org.junit.Assert.failNotEquals(Assert.java:743)
    at org.junit.Assert.assertEquals(Assert.java:118)
    at org.junit.Assert.assertEquals(Assert.java:144)
    at java_testcases.junit.SHORTEST_PATH_LENGTHS_Test.test1(SHORTEST_PATH_LENGTHS_Test.java:31)
    at sun.reflect.NativeMethodAccessorImpl.invoke0(Native Method)
~ test2(java_testcases.junit.SHORTEST_PATH_LENGTHS_Test)
[expected:<10> but was:<99999>]
java.lang.AssertionError: expected:<10> but was:<99999>    at org.junit.Assert.fail(Assert.java:88)
    at org.junit.Assert.failNotEquals(Assert.java:743)
    at org.junit.Assert.assertEquals(Assert.java:118)
    at org.junit.Assert.assertEquals(Assert.java:144)
    at java_testcases.junit.SHORTEST_PATH_LENGTHS_Test.test2(SHORTEST_PATH_LENGTHS_Test.java:50)
    at sun.reflect.NativeMethodAccessorImpl.invoke0(Native Method)
~ test3(java_testcases.junit.SHORTEST_PATH_LENGTHS_Test)
[expected:<99999> but was:<3>]
java.lang.AssertionError: expected:<99999> but was:<3>    at org.junit.Assert.fail(Assert.java:88)
    at org.junit.Assert.failNotEquals(Assert.java:743)
    at org.junit.Assert.assertEquals(Assert.java:118)
    at org.junit.Assert.assertEquals(Assert.java:144)
    at java_testcases.junit.SHORTEST_PATH_LENGTHS_Test.test3(SHORTEST_PATH_LENGTHS_Test.java:67)
    at sun.reflect.NativeMethodAccessorImpl.invoke0(Native Method)
~ test4s(java_testcases.junit.SHORTEST_PATH_LENGTHS_Test)
[expected:<2> but was:<1>]
java.lang.AssertionError: expected:<2> but was:<1>    at org.junit.Assert.fail(Assert.java:88)
    at org.junit.Assert.failNotEquals(Assert.java:743)
    at org.junit.Assert.assertEquals(Assert.java:118)
    at org.junit.Assert.assertEquals(Assert.java:144)
    at java_testcases.junit.SHORTEST_PATH_LENGTHS_Test.test4s(SHORTEST_PATH_LENGTHS_Test.java:85)
    at sun.reflect.NativeMethodAccessorImpl.invoke0(Native Method)
~ test1(java_testcases.junit.SHORTEST_PATH_LENGTHS_Test)
[expected:<0> but was:<-10>]
java.lang.AssertionError: expected:<0> but was:<-10>    at org.junit.Assert.fail(Assert.java:88)
    at org.junit.Assert.failNotEquals(Assert.java:743)
    at org.junit.Assert.assertEquals(Assert.java:118)
    at org.junit.Assert.assertEquals(Assert.java:144)
    at java_testcases.junit.SHORTEST_PATH_LENGTHS_Test.test1(SHORTEST_PATH_LENGTHS_Test.java:31)
    at sun.reflect.NativeMethodAccessorImpl.invoke0(Native Method)
~ test2(java_testcases.junit.SHORTEST_PATH_LENGTHS_Test)
[expected:<10> but was:<99999>]
java.lang.AssertionError: expected:<10> but was:<99999>    at org.junit.Assert.fail(Assert.java:88)
    at org.junit.Assert.failNotEquals(Assert.java:743)
    at org.junit.Assert.assertEquals(Assert.java:118)
    at org.junit.Assert.assertEquals(Assert.java:144)
    at java_testcases.junit.SHORTEST_PATH_LENGTHS_Test.test2(SHORTEST_PATH_LENGTHS_Test.java:50)
    at sun.reflect.NativeMethodAccessorImpl.invoke0(Native Method)
~ test3(java_testcases.junit.SHORTEST_PATH_LENGTHS_Test)
[expected:<99999> but was:<3>]
java.lang.AssertionError: expected:<99999> but was:<3>    at org.junit.Assert.fail(Assert.java:88)
    at org.junit.Assert.failNotEquals(Assert.java:743)
    at org.junit.Assert.assertEquals(Assert.java:118)
    at org.junit.Assert.assertEquals(Assert.java:144)
    at java_testcases.junit.SHORTEST_PATH_LENGTHS_Test.test3(SHORTEST_PATH_LENGTHS_Test.java:67)
    at sun.reflect.NativeMethodAccessorImpl.invoke0(Native Method)

12:03:37.282 [pool-2-thread-1] DEBUG fr.inria.lille.repair.nopol.NoPol - looking with class fr.inria.lille.repair.nopol.spoon.smt.ConditionalReplacer
java.lang.AssertionError: expected:<2> but was:<1>
    at org.junit.Assert.fail(Assert.java:88)
    at org.junit.Assert.failNotEquals(Assert.java:743)
    at org.junit.Assert.assertEquals(Assert.java:118)
    at org.junit.Assert.assertEquals(Assert.java:144)
    at java_testcases.junit.SHORTEST_PATH_LENGTHS_Test.test4s(SHORTEST_PATH_LENGTHS_Test.java:85)
    at sun.reflect.NativeMethodAccessorImpl.invoke0(Native Method)
java.lang.AssertionError: expected:<0> but was:<-10>
    at org.junit.Assert.fail(Assert.java:88)
    at org.junit.Assert.failNotEquals(Assert.java:743)
    at org.junit.Assert.assertEquals(Assert.java:118)
    at org.junit.Assert.assertEquals(Assert.java:144)
    at java_testcases.junit.SHORTEST_PATH_LENGTHS_Test.test1(SHORTEST_PATH_LENGTHS_Test.java:31)
    at sun.reflect.NativeMethodAccessorImpl.invoke0(Native Method)
java.lang.AssertionError: expected:<10> but was:<99999>
    at org.junit.Assert.fail(Assert.java:88)
    at org.junit.Assert.failNotEquals(Assert.java:743)
    at org.junit.Assert.assertEquals(Assert.java:118)
    at org.junit.Assert.assertEquals(Assert.java:144)
    at java_testcases.junit.SHORTEST_PATH_LENGTHS_Test.test2(SHORTEST_PATH_LENGTHS_Test.java:50)
    at sun.reflect.NativeMethodAccessorImpl.invoke0(Native Method)
java.lang.AssertionError: expected:<99999> but was:<3>
    at org.junit.Assert.fail(Assert.java:88)
    at org.junit.Assert.failNotEquals(Assert.java:743)
    at org.junit.Assert.assertEquals(Assert.java:118)
    at org.junit.Assert.assertEquals(Assert.java:144)
    at java_testcases.junit.SHORTEST_PATH_LENGTHS_Test.test3(SHORTEST_PATH_LENGTHS_Test.java:67)
    at sun.reflect.NativeMethodAccessorImpl.invoke0(Native Method)
java.lang.AssertionError: expected:<2> but was:<1>
    at org.junit.Assert.fail(Assert.java:88)
    at org.junit.Assert.failNotEquals(Assert.java:743)
    at org.junit.Assert.assertEquals(Assert.java:118)
    at org.junit.Assert.assertEquals(Assert.java:144)
    at java_testcases.junit.SHORTEST_PATH_LENGTHS_Test.test4s(SHORTEST_PATH_LENGTHS_Test.java:85)
    at sun.reflect.NativeMethodAccessorImpl.invoke0(Native Method)
java.lang.AssertionError: expected:<0> but was:<-10>
    at org.junit.Assert.fail(Assert.java:88)
    at org.junit.Assert.failNotEquals(Assert.java:743)
    at org.junit.Assert.assertEquals(Assert.java:118)
    at org.junit.Assert.assertEquals(Assert.java:144)
    at java_testcases.junit.SHORTEST_PATH_LENGTHS_Test.test1(SHORTEST_PATH_LENGTHS_Test.java:31)
    at sun.reflect.NativeMethodAccessorImpl.invoke0(Native Method)
java.lang.AssertionError: expected:<10> but was:<99999>
    at org.junit.Assert.fail(Assert.java:88)
    at org.junit.Assert.failNotEquals(Assert.java:743)
    at org.junit.Assert.assertEquals(Assert.java:118)
    at org.junit.Assert.assertEquals(Assert.java:144)
    at java_testcases.junit.SHORTEST_PATH_LENGTHS_Test.test2(SHORTEST_PATH_LENGTHS_Test.java:50)
    at sun.reflect.NativeMethodAccessorImpl.invoke0(Native Method)
java.lang.AssertionError: expected:<99999> but was:<3>
    at org.junit.Assert.fail(Assert.java:88)
    at org.junit.Assert.failNotEquals(Assert.java:743)
    at org.junit.Assert.assertEquals(Assert.java:118)
    at org.junit.Assert.assertEquals(Assert.java:144)
    at java_testcases.junit.SHORTEST_PATH_LENGTHS_Test.test3(SHORTEST_PATH_LENGTHS_Test.java:67)
    at sun.reflect.NativeMethodAccessorImpl.invoke0(Native Method)
java.lang.AssertionError: expected:<2> but was:<1>
    at org.junit.Assert.fail(Assert.java:88)
    at org.junit.Assert.failNotEquals(Assert.java:743)
    at org.junit.Assert.assertEquals(Assert.java:118)
    at org.junit.Assert.assertEquals(Assert.java:144)
    at java_testcases.junit.SHORTEST_PATH_LENGTHS_Test.test4s(SHORTEST_PATH_LENGTHS_Test.java:85)
    at sun.reflect.NativeMethodAccessorImpl.invoke0(Native Method)
java.lang.AssertionError: expected:<0> but was:<-10>
    at org.junit.Assert.fail(Assert.java:88)
    at org.junit.Assert.failNotEquals(Assert.java:743)
    at org.junit.Assert.assertEquals(Assert.java:118)
    at org.junit.Assert.assertEquals(Assert.java:144)
    at java_testcases.junit.SHORTEST_PATH_LENGTHS_Test.test1(SHORTEST_PATH_LENGTHS_Test.java:31)
    at sun.reflect.NativeMethodAccessorImpl.invoke0(Native Method)
java.lang.AssertionError: expected:<10> but was:<99999>
    at org.junit.Assert.fail(Assert.java:88)
    at org.junit.Assert.failNotEquals(Assert.java:743)
    at org.junit.Assert.assertEquals(Assert.java:118)
    at org.junit.Assert.assertEquals(Assert.java:144)
    at java_testcases.junit.SHORTEST_PATH_LENGTHS_Test.test2(SHORTEST_PATH_LENGTHS_Test.java:50)
    at sun.reflect.NativeMethodAccessorImpl.invoke0(Native Method)
java.lang.AssertionError: expected:<99999> but was:<3>
    at org.junit.Assert.fail(Assert.java:88)
    at org.junit.Assert.failNotEquals(Assert.java:743)
    at org.junit.Assert.assertEquals(Assert.java:118)
    at org.junit.Assert.assertEquals(Assert.java:144)
    at java_testcases.junit.SHORTEST_PATH_LENGTHS_Test.test3(SHORTEST_PATH_LENGTHS_Test.java:67)
    at sun.reflect.NativeMethodAccessorImpl.invoke0(Native Method)
java.lang.AssertionError: expected:<2> but was:<1>
    at org.junit.Assert.fail(Assert.java:88)
    at org.junit.Assert.failNotEquals(Assert.java:743)
    at org.junit.Assert.assertEquals(Assert.java:118)
    at org.junit.Assert.assertEquals(Assert.java:144)
    at java_testcases.junit.SHORTEST_PATH_LENGTHS_Test.test4s(SHORTEST_PATH_LENGTHS_Test.java:85)
    at sun.reflect.NativeMethodAccessorImpl.invoke0(Native Method)
java.lang.AssertionError: expected:<0> but was:<-10>
    at org.junit.Assert.fail(Assert.java:88)
    at org.junit.Assert.failNotEquals(Assert.java:743)
    at org.junit.Assert.assertEquals(Assert.java:118)
    at org.junit.Assert.assertEquals(Assert.java:144)
    at java_testcases.junit.SHORTEST_PATH_LENGTHS_Test.test1(SHORTEST_PATH_LENGTHS_Test.java:31)
    at sun.reflect.NativeMethodAccessorImpl.invoke0(Native Method)
java.lang.AssertionError: expected:<10> but was:<99999>
    at org.junit.Assert.fail(Assert.java:88)
    at org.junit.Assert.failNotEquals(Assert.java:743)
    at org.junit.Assert.assertEquals(Assert.java:118)
    at org.junit.Assert.assertEquals(Assert.java:144)
    at java_testcases.junit.SHORTEST_PATH_LENGTHS_Test.test2(SHORTEST_PATH_LENGTHS_Test.java:50)
    at sun.reflect.NativeMethodAccessorImpl.invoke0(Native Method)
java.lang.AssertionError: expected:<99999> but was:<3>
    at org.junit.Assert.fail(Assert.java:88)
    at org.junit.Assert.failNotEquals(Assert.java:743)
    at org.junit.Assert.assertEquals(Assert.java:118)
    at org.junit.Assert.assertEquals(Assert.java:144)
    at java_testcases.junit.SHORTEST_PATH_LENGTHS_Test.test3(SHORTEST_PATH_LENGTHS_Test.java:67)
    at sun.reflect.NativeMethodAccessorImpl.invoke0(Native Method)
12:03:37.290 [pool-104-thread-1] INFO  xxl.java.junit.TestCasesListener - Tests run finished (6 ms)
<> Total tests run: 16
<> Ignored tests: 0
<> Failed tests: 16
~ test4s(java_testcases.junit.SHORTEST_PATH_LENGTHS_Test)
[expected:<2> but was:<1>]
java.lang.AssertionError: expected:<2> but was:<1>    at org.junit.Assert.fail(Assert.java:88)
    at org.junit.Assert.failNotEquals(Assert.java:743)
    at org.junit.Assert.assertEquals(Assert.java:118)
    at org.junit.Assert.assertEquals(Assert.java:144)
    at java_testcases.junit.SHORTEST_PATH_LENGTHS_Test.test4s(SHORTEST_PATH_LENGTHS_Test.java:85)
    at sun.reflect.NativeMethodAccessorImpl.invoke0(Native Method)
~ test1(java_testcases.junit.SHORTEST_PATH_LENGTHS_Test)
[expected:<0> but was:<-10>]
java.lang.AssertionError: expected:<0> but was:<-10>    at org.junit.Assert.fail(Assert.java:88)
    at org.junit.Assert.failNotEquals(Assert.java:743)
    at org.junit.Assert.assertEquals(Assert.java:118)
    at org.junit.Assert.assertEquals(Assert.java:144)
    at java_testcases.junit.SHORTEST_PATH_LENGTHS_Test.test1(SHORTEST_PATH_LENGTHS_Test.java:31)
    at sun.reflect.NativeMethodAccessorImpl.invoke0(Native Method)
~ test2(java_testcases.junit.SHORTEST_PATH_LENGTHS_Test)
[expected:<10> but was:<99999>]
java.lang.AssertionError: expected:<10> but was:<99999>    at org.junit.Assert.fail(Assert.java:88)
    at org.junit.Assert.failNotEquals(Assert.java:743)
    at org.junit.Assert.assertEquals(Assert.java:118)
    at org.junit.Assert.assertEquals(Assert.java:144)
    at java_testcases.junit.SHORTEST_PATH_LENGTHS_Test.test2(SHORTEST_PATH_LENGTHS_Test.java:50)
    at sun.reflect.NativeMethodAccessorImpl.invoke0(Native Method)
~ test3(java_testcases.junit.SHORTEST_PATH_LENGTHS_Test)
[expected:<99999> but was:<3>]
java.lang.AssertionError: expected:<99999> but was:<3>    at org.junit.Assert.fail(Assert.java:88)
    at org.junit.Assert.failNotEquals(Assert.java:743)
    at org.junit.Assert.assertEquals(Assert.java:118)
    at org.junit.Assert.assertEquals(Assert.java:144)
    at java_testcases.junit.SHORTEST_PATH_LENGTHS_Test.test3(SHORTEST_PATH_LENGTHS_Test.java:67)
    at sun.reflect.NativeMethodAccessorImpl.invoke0(Native Method)
~ test4s(java_testcases.junit.SHORTEST_PATH_LENGTHS_Test)
[expected:<2> but was:<1>]
java.lang.AssertionError: expected:<2> but was:<1>    at org.junit.Assert.fail(Assert.java:88)
    at org.junit.Assert.failNotEquals(Assert.java:743)
    at org.junit.Assert.assertEquals(Assert.java:118)
    at org.junit.Assert.assertEquals(Assert.java:144)
    at java_testcases.junit.SHORTEST_PATH_LENGTHS_Test.test4s(SHORTEST_PATH_LENGTHS_Test.java:85)
    at sun.reflect.NativeMethodAccessorImpl.invoke0(Native Method)
~ test1(java_testcases.junit.SHORTEST_PATH_LENGTHS_Test)
[expected:<0> but was:<-10>]
java.lang.AssertionError: expected:<0> but was:<-10>    at org.junit.Assert.fail(Assert.java:88)
    at org.junit.Assert.failNotEquals(Assert.java:743)
    at org.junit.Assert.assertEquals(Assert.java:118)
    at org.junit.Assert.assertEquals(Assert.java:144)
    at java_testcases.junit.SHORTEST_PATH_LENGTHS_Test.test1(SHORTEST_PATH_LENGTHS_Test.java:31)
    at sun.reflect.NativeMethodAccessorImpl.invoke0(Native Method)
~ test2(java_testcases.junit.SHORTEST_PATH_LENGTHS_Test)
[expected:<10> but was:<99999>]
java.lang.AssertionError: expected:<10> but was:<99999>    at org.junit.Assert.fail(Assert.java:88)
    at org.junit.Assert.failNotEquals(Assert.java:743)
    at org.junit.Assert.assertEquals(Assert.java:118)
    at org.junit.Assert.assertEquals(Assert.java:144)
    at java_testcases.junit.SHORTEST_PATH_LENGTHS_Test.test2(SHORTEST_PATH_LENGTHS_Test.java:50)
    at sun.reflect.NativeMethodAccessorImpl.invoke0(Native Method)
~ test3(java_testcases.junit.SHORTEST_PATH_LENGTHS_Test)
[expected:<99999> but was:<3>]
java.lang.AssertionError: expected:<99999> but was:<3>    at org.junit.Assert.fail(Assert.java:88)
    at org.junit.Assert.failNotEquals(Assert.java:743)
    at org.junit.Assert.assertEquals(Assert.java:118)
    at org.junit.Assert.assertEquals(Assert.java:144)
    at java_testcases.junit.SHORTEST_PATH_LENGTHS_Test.test3(SHORTEST_PATH_LENGTHS_Test.java:67)
    at sun.reflect.NativeMethodAccessorImpl.invoke0(Native Method)
~ test4s(java_testcases.junit.SHORTEST_PATH_LENGTHS_Test)
[expected:<2> but was:<1>]
java.lang.AssertionError: expected:<2> but was:<1>    at org.junit.Assert.fail(Assert.java:88)
    at org.junit.Assert.failNotEquals(Assert.java:743)
    at org.junit.Assert.assertEquals(Assert.java:118)
    at org.junit.Assert.assertEquals(Assert.java:144)
    at java_testcases.junit.SHORTEST_PATH_LENGTHS_Test.test4s(SHORTEST_PATH_LENGTHS_Test.java:85)
    at sun.reflect.NativeMethodAccessorImpl.invoke0(Native Method)
~ test1(java_testcases.junit.SHORTEST_PATH_LENGTHS_Test)
[expected:<0> but was:<-10>]
java.lang.AssertionError: expected:<0> but was:<-10>    at org.junit.Assert.fail(Assert.java:88)
    at org.junit.Assert.failNotEquals(Assert.java:743)
    at org.junit.Assert.assertEquals(Assert.java:118)
    at org.junit.Assert.assertEquals(Assert.java:144)
    at java_testcases.junit.SHORTEST_PATH_LENGTHS_Test.test1(SHORTEST_PATH_LENGTHS_Test.java:31)
    at sun.reflect.NativeMethodAccessorImpl.invoke0(Native Method)
~ test2(java_testcases.junit.SHORTEST_PATH_LENGTHS_Test)
[expected:<10> but was:<99999>]
java.lang.AssertionError: expected:<10> but was:<99999>    at org.junit.Assert.fail(Assert.java:88)
    at org.junit.Assert.failNotEquals(Assert.java:743)
    at org.junit.Assert.assertEquals(Assert.java:118)
    at org.junit.Assert.assertEquals(Assert.java:144)
    at java_testcases.junit.SHORTEST_PATH_LENGTHS_Test.test2(SHORTEST_PATH_LENGTHS_Test.java:50)
    at sun.reflect.NativeMethodAccessorImpl.invoke0(Native Method)
~ test3(java_testcases.junit.SHORTEST_PATH_LENGTHS_Test)
[expected:<99999> but was:<3>]
java.lang.AssertionError: expected:<99999> but was:<3>    at org.junit.Assert.fail(Assert.java:88)
    at org.junit.Assert.failNotEquals(Assert.java:743)
    at org.junit.Assert.assertEquals(Assert.java:118)
    at org.junit.Assert.assertEquals(Assert.java:144)
    at java_testcases.junit.SHORTEST_PATH_LENGTHS_Test.test3(SHORTEST_PATH_LENGTHS_Test.java:67)
    at sun.reflect.NativeMethodAccessorImpl.invoke0(Native Method)
~ test4s(java_testcases.junit.SHORTEST_PATH_LENGTHS_Test)
[expected:<2> but was:<1>]
java.lang.AssertionError: expected:<2> but was:<1>    at org.junit.Assert.fail(Assert.java:88)
    at org.junit.Assert.failNotEquals(Assert.java:743)
    at org.junit.Assert.assertEquals(Assert.java:118)
    at org.junit.Assert.assertEquals(Assert.java:144)
    at java_testcases.junit.SHORTEST_PATH_LENGTHS_Test.test4s(SHORTEST_PATH_LENGTHS_Test.java:85)
    at sun.reflect.NativeMethodAccessorImpl.invoke0(Native Method)
~ test1(java_testcases.junit.SHORTEST_PATH_LENGTHS_Test)
[expected:<0> but was:<-10>]
java.lang.AssertionError: expected:<0> but was:<-10>    at org.junit.Assert.fail(Assert.java:88)
    at org.junit.Assert.failNotEquals(Assert.java:743)
    at org.junit.Assert.assertEquals(Assert.java:118)
    at org.junit.Assert.assertEquals(Assert.java:144)
    at java_testcases.junit.SHORTEST_PATH_LENGTHS_Test.test1(SHORTEST_PATH_LENGTHS_Test.java:31)
    at sun.reflect.NativeMethodAccessorImpl.invoke0(Native Method)
~ test2(java_testcases.junit.SHORTEST_PATH_LENGTHS_Test)
[expected:<10> but was:<99999>]
java.lang.AssertionError: expected:<10> but was:<99999>    at org.junit.Assert.fail(Assert.java:88)
    at org.junit.Assert.failNotEquals(Assert.java:743)
    at org.junit.Assert.assertEquals(Assert.java:118)
    at org.junit.Assert.assertEquals(Assert.java:144)
    at java_testcases.junit.SHORTEST_PATH_LENGTHS_Test.test2(SHORTEST_PATH_LENGTHS_Test.java:50)
    at sun.reflect.NativeMethodAccessorImpl.invoke0(Native Method)
~ test3(java_testcases.junit.SHORTEST_PATH_LENGTHS_Test)
[expected:<99999> but was:<3>]
java.lang.AssertionError: expected:<99999> but was:<3>    at org.junit.Assert.fail(Assert.java:88)
    at org.junit.Assert.failNotEquals(Assert.java:743)
    at org.junit.Assert.assertEquals(Assert.java:118)
    at org.junit.Assert.assertEquals(Assert.java:144)
    at java_testcases.junit.SHORTEST_PATH_LENGTHS_Test.test3(SHORTEST_PATH_LENGTHS_Test.java:67)
    at sun.reflect.NativeMethodAccessorImpl.invoke0(Native Method)

12:03:37.357 [pool-2-thread-1] DEBUG fr.inria.lille.repair.nopol.NoPol - statement #13
12:03:37.358 [pool-2-thread-1] DEBUG fr.inria.lille.repair.nopol.NoPol - Analysing SourceLocation java_programs.SHORTEST_PATH_LENGTHS:21 which is executed by 4 tests
2063786665
12:03:37.393 [pool-2-thread-1] DEBUG fr.inria.lille.repair.nopol.NoPol - statement #14
12:03:37.393 [pool-2-thread-1] DEBUG fr.inria.lille.repair.nopol.NoPol - Analysing SourceLocation java_programs.SHORTEST_PATH_LENGTHS:20 which is executed by 4 tests
2063786665
12:03:37.442 [pool-2-thread-1] DEBUG fr.inria.lille.repair.nopol.NoPol - looking with class fr.inria.lille.repair.nopol.spoon.smt.ConditionalAdder
java.lang.AssertionError: expected:<2> but was:<1>
    at org.junit.Assert.fail(Assert.java:88)
    at org.junit.Assert.failNotEquals(Assert.java:743)
    at org.junit.Assert.assertEquals(Assert.java:118)
    at org.junit.Assert.assertEquals(Assert.java:144)
    at java_testcases.junit.SHORTEST_PATH_LENGTHS_Test.test4s(SHORTEST_PATH_LENGTHS_Test.java:85)
    at sun.reflect.NativeMethodAccessorImpl.invoke0(Native Method)
java.lang.AssertionError: expected:<0> but was:<-10>
    at org.junit.Assert.fail(Assert.java:88)
    at org.junit.Assert.failNotEquals(Assert.java:743)
    at org.junit.Assert.assertEquals(Assert.java:118)
    at org.junit.Assert.assertEquals(Assert.java:144)
    at java_testcases.junit.SHORTEST_PATH_LENGTHS_Test.test1(SHORTEST_PATH_LENGTHS_Test.java:31)
    at sun.reflect.NativeMethodAccessorImpl.invoke0(Native Method)
java.lang.AssertionError: expected:<10> but was:<99999>
    at org.junit.Assert.fail(Assert.java:88)
    at org.junit.Assert.failNotEquals(Assert.java:743)
    at org.junit.Assert.assertEquals(Assert.java:118)
    at org.junit.Assert.assertEquals(Assert.java:144)
    at java_testcases.junit.SHORTEST_PATH_LENGTHS_Test.test2(SHORTEST_PATH_LENGTHS_Test.java:50)
    at sun.reflect.NativeMethodAccessorImpl.invoke0(Native Method)
java.lang.AssertionError: expected:<99999> but was:<3>
    at org.junit.Assert.fail(Assert.java:88)
    at org.junit.Assert.failNotEquals(Assert.java:743)
    at org.junit.Assert.assertEquals(Assert.java:118)
    at org.junit.Assert.assertEquals(Assert.java:144)
    at java_testcases.junit.SHORTEST_PATH_LENGTHS_Test.test3(SHORTEST_PATH_LENGTHS_Test.java:67)
    at sun.reflect.NativeMethodAccessorImpl.invoke0(Native Method)
java.lang.AssertionError: expected:<2> but was:<1>
    at org.junit.Assert.fail(Assert.java:88)
    at org.junit.Assert.failNotEquals(Assert.java:743)
    at org.junit.Assert.assertEquals(Assert.java:118)
    at org.junit.Assert.assertEquals(Assert.java:144)
    at java_testcases.junit.SHORTEST_PATH_LENGTHS_Test.test4s(SHORTEST_PATH_LENGTHS_Test.java:85)
    at sun.reflect.NativeMethodAccessorImpl.invoke0(Native Method)
java.lang.AssertionError: expected:<0> but was:<-10>
    at org.junit.Assert.fail(Assert.java:88)
    at org.junit.Assert.failNotEquals(Assert.java:743)
    at org.junit.Assert.assertEquals(Assert.java:118)
    at org.junit.Assert.assertEquals(Assert.java:144)
    at java_testcases.junit.SHORTEST_PATH_LENGTHS_Test.test1(SHORTEST_PATH_LENGTHS_Test.java:31)
    at sun.reflect.NativeMethodAccessorImpl.invoke0(Native Method)
java.lang.AssertionError: expected:<10> but was:<99999>
    at org.junit.Assert.fail(Assert.java:88)
    at org.junit.Assert.failNotEquals(Assert.java:743)
    at org.junit.Assert.assertEquals(Assert.java:118)
    at org.junit.Assert.assertEquals(Assert.java:144)
    at java_testcases.junit.SHORTEST_PATH_LENGTHS_Test.test2(SHORTEST_PATH_LENGTHS_Test.java:50)
    at sun.reflect.NativeMethodAccessorImpl.invoke0(Native Method)
java.lang.AssertionError: expected:<99999> but was:<3>
    at org.junit.Assert.fail(Assert.java:88)
    at org.junit.Assert.failNotEquals(Assert.java:743)
    at org.junit.Assert.assertEquals(Assert.java:118)
    at org.junit.Assert.assertEquals(Assert.java:144)
    at java_testcases.junit.SHORTEST_PATH_LENGTHS_Test.test3(SHORTEST_PATH_LENGTHS_Test.java:67)
    at sun.reflect.NativeMethodAccessorImpl.invoke0(Native Method)
java.lang.AssertionError: expected:<2> but was:<1>
    at org.junit.Assert.fail(Assert.java:88)
    at org.junit.Assert.failNotEquals(Assert.java:743)
    at org.junit.Assert.assertEquals(Assert.java:118)
    at org.junit.Assert.assertEquals(Assert.java:144)
    at java_testcases.junit.SHORTEST_PATH_LENGTHS_Test.test4s(SHORTEST_PATH_LENGTHS_Test.java:85)
    at sun.reflect.NativeMethodAccessorImpl.invoke0(Native Method)
java.lang.AssertionError: expected:<0> but was:<-10>
    at org.junit.Assert.fail(Assert.java:88)
    at org.junit.Assert.failNotEquals(Assert.java:743)
    at org.junit.Assert.assertEquals(Assert.java:118)
    at org.junit.Assert.assertEquals(Assert.java:144)
    at java_testcases.junit.SHORTEST_PATH_LENGTHS_Test.test1(SHORTEST_PATH_LENGTHS_Test.java:31)
    at sun.reflect.NativeMethodAccessorImpl.invoke0(Native Method)
java.lang.AssertionError: expected:<10> but was:<99999>
    at org.junit.Assert.fail(Assert.java:88)
    at org.junit.Assert.failNotEquals(Assert.java:743)
    at org.junit.Assert.assertEquals(Assert.java:118)
    at org.junit.Assert.assertEquals(Assert.java:144)
    at java_testcases.junit.SHORTEST_PATH_LENGTHS_Test.test2(SHORTEST_PATH_LENGTHS_Test.java:50)
    at sun.reflect.NativeMethodAccessorImpl.invoke0(Native Method)
java.lang.AssertionError: expected:<99999> but was:<3>
    at org.junit.Assert.fail(Assert.java:88)
    at org.junit.Assert.failNotEquals(Assert.java:743)
    at org.junit.Assert.assertEquals(Assert.java:118)
    at org.junit.Assert.assertEquals(Assert.java:144)
    at java_testcases.junit.SHORTEST_PATH_LENGTHS_Test.test3(SHORTEST_PATH_LENGTHS_Test.java:67)
    at sun.reflect.NativeMethodAccessorImpl.invoke0(Native Method)
java.lang.AssertionError: expected:<2> but was:<1>
    at org.junit.Assert.fail(Assert.java:88)
    at org.junit.Assert.failNotEquals(Assert.java:743)
    at org.junit.Assert.assertEquals(Assert.java:118)
    at org.junit.Assert.assertEquals(Assert.java:144)
    at java_testcases.junit.SHORTEST_PATH_LENGTHS_Test.test4s(SHORTEST_PATH_LENGTHS_Test.java:85)
    at sun.reflect.NativeMethodAccessorImpl.invoke0(Native Method)
java.lang.AssertionError: expected:<0> but was:<-10>
    at org.junit.Assert.fail(Assert.java:88)
    at org.junit.Assert.failNotEquals(Assert.java:743)
    at org.junit.Assert.assertEquals(Assert.java:118)
    at org.junit.Assert.assertEquals(Assert.java:144)
    at java_testcases.junit.SHORTEST_PATH_LENGTHS_Test.test1(SHORTEST_PATH_LENGTHS_Test.java:31)
    at sun.reflect.NativeMethodAccessorImpl.invoke0(Native Method)
java.lang.AssertionError: expected:<10> but was:<99999>
    at org.junit.Assert.fail(Assert.java:88)
    at org.junit.Assert.failNotEquals(Assert.java:743)
    at org.junit.Assert.assertEquals(Assert.java:118)
    at org.junit.Assert.assertEquals(Assert.java:144)
    at java_testcases.junit.SHORTEST_PATH_LENGTHS_Test.test2(SHORTEST_PATH_LENGTHS_Test.java:50)
    at sun.reflect.NativeMethodAccessorImpl.invoke0(Native Method)
java.lang.AssertionError: expected:<99999> but was:<3>
    at org.junit.Assert.fail(Assert.java:88)
    at org.junit.Assert.failNotEquals(Assert.java:743)
    at org.junit.Assert.assertEquals(Assert.java:118)
    at org.junit.Assert.assertEquals(Assert.java:144)
    at java_testcases.junit.SHORTEST_PATH_LENGTHS_Test.test3(SHORTEST_PATH_LENGTHS_Test.java:67)
    at sun.reflect.NativeMethodAccessorImpl.invoke0(Native Method)
12:03:37.450 [pool-114-thread-1] INFO  xxl.java.junit.TestCasesListener - Tests run finished (6 ms)
<> Total tests run: 16
<> Ignored tests: 0
<> Failed tests: 16
~ test4s(java_testcases.junit.SHORTEST_PATH_LENGTHS_Test)
[expected:<2> but was:<1>]
java.lang.AssertionError: expected:<2> but was:<1>    at org.junit.Assert.fail(Assert.java:88)
    at org.junit.Assert.failNotEquals(Assert.java:743)
    at org.junit.Assert.assertEquals(Assert.java:118)
    at org.junit.Assert.assertEquals(Assert.java:144)
    at java_testcases.junit.SHORTEST_PATH_LENGTHS_Test.test4s(SHORTEST_PATH_LENGTHS_Test.java:85)
    at sun.reflect.NativeMethodAccessorImpl.invoke0(Native Method)
~ test1(java_testcases.junit.SHORTEST_PATH_LENGTHS_Test)
[expected:<0> but was:<-10>]
java.lang.AssertionError: expected:<0> but was:<-10>    at org.junit.Assert.fail(Assert.java:88)
    at org.junit.Assert.failNotEquals(Assert.java:743)
    at org.junit.Assert.assertEquals(Assert.java:118)
    at org.junit.Assert.assertEquals(Assert.java:144)
    at java_testcases.junit.SHORTEST_PATH_LENGTHS_Test.test1(SHORTEST_PATH_LENGTHS_Test.java:31)
    at sun.reflect.NativeMethodAccessorImpl.invoke0(Native Method)
~ test2(java_testcases.junit.SHORTEST_PATH_LENGTHS_Test)
[expected:<10> but was:<99999>]
java.lang.AssertionError: expected:<10> but was:<99999>    at org.junit.Assert.fail(Assert.java:88)
    at org.junit.Assert.failNotEquals(Assert.java:743)
    at org.junit.Assert.assertEquals(Assert.java:118)
    at org.junit.Assert.assertEquals(Assert.java:144)
    at java_testcases.junit.SHORTEST_PATH_LENGTHS_Test.test2(SHORTEST_PATH_LENGTHS_Test.java:50)
    at sun.reflect.NativeMethodAccessorImpl.invoke0(Native Method)
~ test3(java_testcases.junit.SHORTEST_PATH_LENGTHS_Test)
[expected:<99999> but was:<3>]
java.lang.AssertionError: expected:<99999> but was:<3>    at org.junit.Assert.fail(Assert.java:88)
    at org.junit.Assert.failNotEquals(Assert.java:743)
    at org.junit.Assert.assertEquals(Assert.java:118)
    at org.junit.Assert.assertEquals(Assert.java:144)
    at java_testcases.junit.SHORTEST_PATH_LENGTHS_Test.test3(SHORTEST_PATH_LENGTHS_Test.java:67)
    at sun.reflect.NativeMethodAccessorImpl.invoke0(Native Method)
~ test4s(java_testcases.junit.SHORTEST_PATH_LENGTHS_Test)
[expected:<2> but was:<1>]
java.lang.AssertionError: expected:<2> but was:<1>    at org.junit.Assert.fail(Assert.java:88)
    at org.junit.Assert.failNotEquals(Assert.java:743)
    at org.junit.Assert.assertEquals(Assert.java:118)
    at org.junit.Assert.assertEquals(Assert.java:144)
    at java_testcases.junit.SHORTEST_PATH_LENGTHS_Test.test4s(SHORTEST_PATH_LENGTHS_Test.java:85)
    at sun.reflect.NativeMethodAccessorImpl.invoke0(Native Method)
~ test1(java_testcases.junit.SHORTEST_PATH_LENGTHS_Test)
[expected:<0> but was:<-10>]
java.lang.AssertionError: expected:<0> but was:<-10>    at org.junit.Assert.fail(Assert.java:88)
    at org.junit.Assert.failNotEquals(Assert.java:743)
    at org.junit.Assert.assertEquals(Assert.java:118)
    at org.junit.Assert.assertEquals(Assert.java:144)
    at java_testcases.junit.SHORTEST_PATH_LENGTHS_Test.test1(SHORTEST_PATH_LENGTHS_Test.java:31)
    at sun.reflect.NativeMethodAccessorImpl.invoke0(Native Method)
~ test2(java_testcases.junit.SHORTEST_PATH_LENGTHS_Test)
[expected:<10> but was:<99999>]
java.lang.AssertionError: expected:<10> but was:<99999>    at org.junit.Assert.fail(Assert.java:88)
    at org.junit.Assert.failNotEquals(Assert.java:743)
    at org.junit.Assert.assertEquals(Assert.java:118)
    at org.junit.Assert.assertEquals(Assert.java:144)
    at java_testcases.junit.SHORTEST_PATH_LENGTHS_Test.test2(SHORTEST_PATH_LENGTHS_Test.java:50)
    at sun.reflect.NativeMethodAccessorImpl.invoke0(Native Method)
~ test3(java_testcases.junit.SHORTEST_PATH_LENGTHS_Test)
[expected:<99999> but was:<3>]
java.lang.AssertionError: expected:<99999> but was:<3>    at org.junit.Assert.fail(Assert.java:88)
    at org.junit.Assert.failNotEquals(Assert.java:743)
    at org.junit.Assert.assertEquals(Assert.java:118)
    at org.junit.Assert.assertEquals(Assert.java:144)
    at java_testcases.junit.SHORTEST_PATH_LENGTHS_Test.test3(SHORTEST_PATH_LENGTHS_Test.java:67)
    at sun.reflect.NativeMethodAccessorImpl.invoke0(Native Method)
~ test4s(java_testcases.junit.SHORTEST_PATH_LENGTHS_Test)
[expected:<2> but was:<1>]
java.lang.AssertionError: expected:<2> but was:<1>    at org.junit.Assert.fail(Assert.java:88)
    at org.junit.Assert.failNotEquals(Assert.java:743)
    at org.junit.Assert.assertEquals(Assert.java:118)
    at org.junit.Assert.assertEquals(Assert.java:144)
    at java_testcases.junit.SHORTEST_PATH_LENGTHS_Test.test4s(SHORTEST_PATH_LENGTHS_Test.java:85)
    at sun.reflect.NativeMethodAccessorImpl.invoke0(Native Method)
~ test1(java_testcases.junit.SHORTEST_PATH_LENGTHS_Test)
[expected:<0> but was:<-10>]
java.lang.AssertionError: expected:<0> but was:<-10>    at org.junit.Assert.fail(Assert.java:88)
    at org.junit.Assert.failNotEquals(Assert.java:743)
    at org.junit.Assert.assertEquals(Assert.java:118)
    at org.junit.Assert.assertEquals(Assert.java:144)
    at java_testcases.junit.SHORTEST_PATH_LENGTHS_Test.test1(SHORTEST_PATH_LENGTHS_Test.java:31)
    at sun.reflect.NativeMethodAccessorImpl.invoke0(Native Method)
~ test2(java_testcases.junit.SHORTEST_PATH_LENGTHS_Test)
[expected:<10> but was:<99999>]
java.lang.AssertionError: expected:<10> but was:<99999>    at org.junit.Assert.fail(Assert.java:88)
    at org.junit.Assert.failNotEquals(Assert.java:743)
    at org.junit.Assert.assertEquals(Assert.java:118)
    at org.junit.Assert.assertEquals(Assert.java:144)
    at java_testcases.junit.SHORTEST_PATH_LENGTHS_Test.test2(SHORTEST_PATH_LENGTHS_Test.java:50)
    at sun.reflect.NativeMethodAccessorImpl.invoke0(Native Method)
~ test3(java_testcases.junit.SHORTEST_PATH_LENGTHS_Test)
[expected:<99999> but was:<3>]
java.lang.AssertionError: expected:<99999> but was:<3>    at org.junit.Assert.fail(Assert.java:88)
    at org.junit.Assert.failNotEquals(Assert.java:743)
    at org.junit.Assert.assertEquals(Assert.java:118)
    at org.junit.Assert.assertEquals(Assert.java:144)
    at java_testcases.junit.SHORTEST_PATH_LENGTHS_Test.test3(SHORTEST_PATH_LENGTHS_Test.java:67)
    at sun.reflect.NativeMethodAccessorImpl.invoke0(Native Method)
~ test4s(java_testcases.junit.SHORTEST_PATH_LENGTHS_Test)
[expected:<2> but was:<1>]
java.lang.AssertionError: expected:<2> but was:<1>    at org.junit.Assert.fail(Assert.java:88)
    at org.junit.Assert.failNotEquals(Assert.java:743)
    at org.junit.Assert.assertEquals(Assert.java:118)
    at org.junit.Assert.assertEquals(Assert.java:144)
    at java_testcases.junit.SHORTEST_PATH_LENGTHS_Test.test4s(SHORTEST_PATH_LENGTHS_Test.java:85)
    at sun.reflect.NativeMethodAccessorImpl.invoke0(Native Method)
~ test1(java_testcases.junit.SHORTEST_PATH_LENGTHS_Test)
[expected:<0> but was:<-10>]
java.lang.AssertionError: expected:<0> but was:<-10>    at org.junit.Assert.fail(Assert.java:88)
    at org.junit.Assert.failNotEquals(Assert.java:743)
    at org.junit.Assert.assertEquals(Assert.java:118)
    at org.junit.Assert.assertEquals(Assert.java:144)
    at java_testcases.junit.SHORTEST_PATH_LENGTHS_Test.test1(SHORTEST_PATH_LENGTHS_Test.java:31)
    at sun.reflect.NativeMethodAccessorImpl.invoke0(Native Method)
~ test2(java_testcases.junit.SHORTEST_PATH_LENGTHS_Test)
[expected:<10> but was:<99999>]
java.lang.AssertionError: expected:<10> but was:<99999>    at org.junit.Assert.fail(Assert.java:88)
    at org.junit.Assert.failNotEquals(Assert.java:743)
    at org.junit.Assert.assertEquals(Assert.java:118)
    at org.junit.Assert.assertEquals(Assert.java:144)
    at java_testcases.junit.SHORTEST_PATH_LENGTHS_Test.test2(SHORTEST_PATH_LENGTHS_Test.java:50)
    at sun.reflect.NativeMethodAccessorImpl.invoke0(Native Method)
~ test3(java_testcases.junit.SHORTEST_PATH_LENGTHS_Test)
[expected:<99999> but was:<3>]
java.lang.AssertionError: expected:<99999> but was:<3>    at org.junit.Assert.fail(Assert.java:88)
    at org.junit.Assert.failNotEquals(Assert.java:743)
    at org.junit.Assert.assertEquals(Assert.java:118)
    at org.junit.Assert.assertEquals(Assert.java:144)
    at java_testcases.junit.SHORTEST_PATH_LENGTHS_Test.test3(SHORTEST_PATH_LENGTHS_Test.java:67)
    at sun.reflect.NativeMethodAccessorImpl.invoke0(Native Method)

12:03:37.519 [pool-2-thread-1] DEBUG fr.inria.lille.repair.nopol.NoPol - statement #15
12:03:37.519 [pool-2-thread-1] DEBUG fr.inria.lille.repair.nopol.NoPol - Analysing SourceLocation java_programs.SHORTEST_PATH_LENGTHS:19 which is executed by 4 tests
2063786665
12:03:37.557 [pool-2-thread-1] DEBUG fr.inria.lille.repair.nopol.NoPol - looking with class fr.inria.lille.repair.nopol.spoon.smt.ConditionalAdder
java.lang.AssertionError: expected:<2> but was:<1>
    at org.junit.Assert.fail(Assert.java:88)
    at org.junit.Assert.failNotEquals(Assert.java:743)
    at org.junit.Assert.assertEquals(Assert.java:118)
    at org.junit.Assert.assertEquals(Assert.java:144)
    at java_testcases.junit.SHORTEST_PATH_LENGTHS_Test.test4s(SHORTEST_PATH_LENGTHS_Test.java:85)
    at sun.reflect.NativeMethodAccessorImpl.invoke0(Native Method)
java.lang.AssertionError: expected:<0> but was:<-10>
    at org.junit.Assert.fail(Assert.java:88)
    at org.junit.Assert.failNotEquals(Assert.java:743)
    at org.junit.Assert.assertEquals(Assert.java:118)
    at org.junit.Assert.assertEquals(Assert.java:144)
    at java_testcases.junit.SHORTEST_PATH_LENGTHS_Test.test1(SHORTEST_PATH_LENGTHS_Test.java:31)
    at sun.reflect.NativeMethodAccessorImpl.invoke0(Native Method)
java.lang.AssertionError: expected:<10> but was:<99999>
    at org.junit.Assert.fail(Assert.java:88)
    at org.junit.Assert.failNotEquals(Assert.java:743)
    at org.junit.Assert.assertEquals(Assert.java:118)
    at org.junit.Assert.assertEquals(Assert.java:144)
    at java_testcases.junit.SHORTEST_PATH_LENGTHS_Test.test2(SHORTEST_PATH_LENGTHS_Test.java:50)
    at sun.reflect.NativeMethodAccessorImpl.invoke0(Native Method)
java.lang.AssertionError: expected:<99999> but was:<3>
    at org.junit.Assert.fail(Assert.java:88)
    at org.junit.Assert.failNotEquals(Assert.java:743)
    at org.junit.Assert.assertEquals(Assert.java:118)
    at org.junit.Assert.assertEquals(Assert.java:144)
    at java_testcases.junit.SHORTEST_PATH_LENGTHS_Test.test3(SHORTEST_PATH_LENGTHS_Test.java:67)
    at sun.reflect.NativeMethodAccessorImpl.invoke0(Native Method)
java.lang.AssertionError: expected:<2> but was:<1>
    at org.junit.Assert.fail(Assert.java:88)
    at org.junit.Assert.failNotEquals(Assert.java:743)
    at org.junit.Assert.assertEquals(Assert.java:118)
    at org.junit.Assert.assertEquals(Assert.java:144)
    at java_testcases.junit.SHORTEST_PATH_LENGTHS_Test.test4s(SHORTEST_PATH_LENGTHS_Test.java:85)
    at sun.reflect.NativeMethodAccessorImpl.invoke0(Native Method)
java.lang.AssertionError: expected:<0> but was:<-10>
    at org.junit.Assert.fail(Assert.java:88)
    at org.junit.Assert.failNotEquals(Assert.java:743)
    at org.junit.Assert.assertEquals(Assert.java:118)
    at org.junit.Assert.assertEquals(Assert.java:144)
    at java_testcases.junit.SHORTEST_PATH_LENGTHS_Test.test1(SHORTEST_PATH_LENGTHS_Test.java:31)
    at sun.reflect.NativeMethodAccessorImpl.invoke0(Native Method)
java.lang.AssertionError: expected:<10> but was:<99999>
    at org.junit.Assert.fail(Assert.java:88)
    at org.junit.Assert.failNotEquals(Assert.java:743)
    at org.junit.Assert.assertEquals(Assert.java:118)
    at org.junit.Assert.assertEquals(Assert.java:144)
    at java_testcases.junit.SHORTEST_PATH_LENGTHS_Test.test2(SHORTEST_PATH_LENGTHS_Test.java:50)
    at sun.reflect.NativeMethodAccessorImpl.invoke0(Native Method)
java.lang.AssertionError: expected:<99999> but was:<3>
    at org.junit.Assert.fail(Assert.java:88)
    at org.junit.Assert.failNotEquals(Assert.java:743)
    at org.junit.Assert.assertEquals(Assert.java:118)
    at org.junit.Assert.assertEquals(Assert.java:144)
    at java_testcases.junit.SHORTEST_PATH_LENGTHS_Test.test3(SHORTEST_PATH_LENGTHS_Test.java:67)
    at sun.reflect.NativeMethodAccessorImpl.invoke0(Native Method)
java.lang.AssertionError: expected:<2> but was:<1>
    at org.junit.Assert.fail(Assert.java:88)
    at org.junit.Assert.failNotEquals(Assert.java:743)
    at org.junit.Assert.assertEquals(Assert.java:118)
    at org.junit.Assert.assertEquals(Assert.java:144)
    at java_testcases.junit.SHORTEST_PATH_LENGTHS_Test.test4s(SHORTEST_PATH_LENGTHS_Test.java:85)
    at sun.reflect.NativeMethodAccessorImpl.invoke0(Native Method)
java.lang.AssertionError: expected:<0> but was:<-10>
    at org.junit.Assert.fail(Assert.java:88)
    at org.junit.Assert.failNotEquals(Assert.java:743)
    at org.junit.Assert.assertEquals(Assert.java:118)
    at org.junit.Assert.assertEquals(Assert.java:144)
    at java_testcases.junit.SHORTEST_PATH_LENGTHS_Test.test1(SHORTEST_PATH_LENGTHS_Test.java:31)
    at sun.reflect.NativeMethodAccessorImpl.invoke0(Native Method)
java.lang.AssertionError: expected:<10> but was:<99999>
    at org.junit.Assert.fail(Assert.java:88)
    at org.junit.Assert.failNotEquals(Assert.java:743)
    at org.junit.Assert.assertEquals(Assert.java:118)
    at org.junit.Assert.assertEquals(Assert.java:144)
    at java_testcases.junit.SHORTEST_PATH_LENGTHS_Test.test2(SHORTEST_PATH_LENGTHS_Test.java:50)
    at sun.reflect.NativeMethodAccessorImpl.invoke0(Native Method)
java.lang.AssertionError: expected:<99999> but was:<3>
    at org.junit.Assert.fail(Assert.java:88)
    at org.junit.Assert.failNotEquals(Assert.java:743)
    at org.junit.Assert.assertEquals(Assert.java:118)
    at org.junit.Assert.assertEquals(Assert.java:144)
    at java_testcases.junit.SHORTEST_PATH_LENGTHS_Test.test3(SHORTEST_PATH_LENGTHS_Test.java:67)
    at sun.reflect.NativeMethodAccessorImpl.invoke0(Native Method)
java.lang.AssertionError: expected:<2> but was:<1>
    at org.junit.Assert.fail(Assert.java:88)
    at org.junit.Assert.failNotEquals(Assert.java:743)
    at org.junit.Assert.assertEquals(Assert.java:118)
    at org.junit.Assert.assertEquals(Assert.java:144)
    at java_testcases.junit.SHORTEST_PATH_LENGTHS_Test.test4s(SHORTEST_PATH_LENGTHS_Test.java:85)
    at sun.reflect.NativeMethodAccessorImpl.invoke0(Native Method)
java.lang.AssertionError: expected:<0> but was:<-10>
    at org.junit.Assert.fail(Assert.java:88)
    at org.junit.Assert.failNotEquals(Assert.java:743)
    at org.junit.Assert.assertEquals(Assert.java:118)
    at org.junit.Assert.assertEquals(Assert.java:144)
    at java_testcases.junit.SHORTEST_PATH_LENGTHS_Test.test1(SHORTEST_PATH_LENGTHS_Test.java:31)
    at sun.reflect.NativeMethodAccessorImpl.invoke0(Native Method)
java.lang.AssertionError: expected:<10> but was:<99999>
    at org.junit.Assert.fail(Assert.java:88)
    at org.junit.Assert.failNotEquals(Assert.java:743)
    at org.junit.Assert.assertEquals(Assert.java:118)
    at org.junit.Assert.assertEquals(Assert.java:144)
    at java_testcases.junit.SHORTEST_PATH_LENGTHS_Test.test2(SHORTEST_PATH_LENGTHS_Test.java:50)
    at sun.reflect.NativeMethodAccessorImpl.invoke0(Native Method)
java.lang.AssertionError: expected:<99999> but was:<3>
    at org.junit.Assert.fail(Assert.java:88)
    at org.junit.Assert.failNotEquals(Assert.java:743)
    at org.junit.Assert.assertEquals(Assert.java:118)
    at org.junit.Assert.assertEquals(Assert.java:144)
    at java_testcases.junit.SHORTEST_PATH_LENGTHS_Test.test3(SHORTEST_PATH_LENGTHS_Test.java:67)
    at sun.reflect.NativeMethodAccessorImpl.invoke0(Native Method)
12:03:37.566 [pool-124-thread-1] INFO  xxl.java.junit.TestCasesListener - Tests run finished (6 ms)
<> Total tests run: 16
<> Ignored tests: 0
<> Failed tests: 16
~ test4s(java_testcases.junit.SHORTEST_PATH_LENGTHS_Test)
[expected:<2> but was:<1>]
java.lang.AssertionError: expected:<2> but was:<1>    at org.junit.Assert.fail(Assert.java:88)
    at org.junit.Assert.failNotEquals(Assert.java:743)
    at org.junit.Assert.assertEquals(Assert.java:118)
    at org.junit.Assert.assertEquals(Assert.java:144)
    at java_testcases.junit.SHORTEST_PATH_LENGTHS_Test.test4s(SHORTEST_PATH_LENGTHS_Test.java:85)
    at sun.reflect.NativeMethodAccessorImpl.invoke0(Native Method)
~ test1(java_testcases.junit.SHORTEST_PATH_LENGTHS_Test)
[expected:<0> but was:<-10>]
java.lang.AssertionError: expected:<0> but was:<-10>    at org.junit.Assert.fail(Assert.java:88)
    at org.junit.Assert.failNotEquals(Assert.java:743)
    at org.junit.Assert.assertEquals(Assert.java:118)
    at org.junit.Assert.assertEquals(Assert.java:144)
    at java_testcases.junit.SHORTEST_PATH_LENGTHS_Test.test1(SHORTEST_PATH_LENGTHS_Test.java:31)
    at sun.reflect.NativeMethodAccessorImpl.invoke0(Native Method)
~ test2(java_testcases.junit.SHORTEST_PATH_LENGTHS_Test)
[expected:<10> but was:<99999>]
java.lang.AssertionError: expected:<10> but was:<99999>    at org.junit.Assert.fail(Assert.java:88)
    at org.junit.Assert.failNotEquals(Assert.java:743)
    at org.junit.Assert.assertEquals(Assert.java:118)
    at org.junit.Assert.assertEquals(Assert.java:144)
    at java_testcases.junit.SHORTEST_PATH_LENGTHS_Test.test2(SHORTEST_PATH_LENGTHS_Test.java:50)
    at sun.reflect.NativeMethodAccessorImpl.invoke0(Native Method)
~ test3(java_testcases.junit.SHORTEST_PATH_LENGTHS_Test)
[expected:<99999> but was:<3>]
java.lang.AssertionError: expected:<99999> but was:<3>    at org.junit.Assert.fail(Assert.java:88)
    at org.junit.Assert.failNotEquals(Assert.java:743)
    at org.junit.Assert.assertEquals(Assert.java:118)
    at org.junit.Assert.assertEquals(Assert.java:144)
    at java_testcases.junit.SHORTEST_PATH_LENGTHS_Test.test3(SHORTEST_PATH_LENGTHS_Test.java:67)
    at sun.reflect.NativeMethodAccessorImpl.invoke0(Native Method)
~ test4s(java_testcases.junit.SHORTEST_PATH_LENGTHS_Test)
[expected:<2> but was:<1>]
java.lang.AssertionError: expected:<2> but was:<1>    at org.junit.Assert.fail(Assert.java:88)
    at org.junit.Assert.failNotEquals(Assert.java:743)
    at org.junit.Assert.assertEquals(Assert.java:118)
    at org.junit.Assert.assertEquals(Assert.java:144)
    at java_testcases.junit.SHORTEST_PATH_LENGTHS_Test.test4s(SHORTEST_PATH_LENGTHS_Test.java:85)
    at sun.reflect.NativeMethodAccessorImpl.invoke0(Native Method)
~ test1(java_testcases.junit.SHORTEST_PATH_LENGTHS_Test)
[expected:<0> but was:<-10>]
java.lang.AssertionError: expected:<0> but was:<-10>    at org.junit.Assert.fail(Assert.java:88)
    at org.junit.Assert.failNotEquals(Assert.java:743)
    at org.junit.Assert.assertEquals(Assert.java:118)
    at org.junit.Assert.assertEquals(Assert.java:144)
    at java_testcases.junit.SHORTEST_PATH_LENGTHS_Test.test1(SHORTEST_PATH_LENGTHS_Test.java:31)
    at sun.reflect.NativeMethodAccessorImpl.invoke0(Native Method)
~ test2(java_testcases.junit.SHORTEST_PATH_LENGTHS_Test)
[expected:<10> but was:<99999>]
java.lang.AssertionError: expected:<10> but was:<99999>    at org.junit.Assert.fail(Assert.java:88)
    at org.junit.Assert.failNotEquals(Assert.java:743)
    at org.junit.Assert.assertEquals(Assert.java:118)
    at org.junit.Assert.assertEquals(Assert.java:144)
    at java_testcases.junit.SHORTEST_PATH_LENGTHS_Test.test2(SHORTEST_PATH_LENGTHS_Test.java:50)
    at sun.reflect.NativeMethodAccessorImpl.invoke0(Native Method)
~ test3(java_testcases.junit.SHORTEST_PATH_LENGTHS_Test)
[expected:<99999> but was:<3>]
java.lang.AssertionError: expected:<99999> but was:<3>    at org.junit.Assert.fail(Assert.java:88)
    at org.junit.Assert.failNotEquals(Assert.java:743)
    at org.junit.Assert.assertEquals(Assert.java:118)
    at org.junit.Assert.assertEquals(Assert.java:144)
    at java_testcases.junit.SHORTEST_PATH_LENGTHS_Test.test3(SHORTEST_PATH_LENGTHS_Test.java:67)
    at sun.reflect.NativeMethodAccessorImpl.invoke0(Native Method)
~ test4s(java_testcases.junit.SHORTEST_PATH_LENGTHS_Test)
[expected:<2> but was:<1>]
java.lang.AssertionError: expected:<2> but was:<1>    at org.junit.Assert.fail(Assert.java:88)
    at org.junit.Assert.failNotEquals(Assert.java:743)
    at org.junit.Assert.assertEquals(Assert.java:118)
    at org.junit.Assert.assertEquals(Assert.java:144)
    at java_testcases.junit.SHORTEST_PATH_LENGTHS_Test.test4s(SHORTEST_PATH_LENGTHS_Test.java:85)
    at sun.reflect.NativeMethodAccessorImpl.invoke0(Native Method)
~ test1(java_testcases.junit.SHORTEST_PATH_LENGTHS_Test)
[expected:<0> but was:<-10>]
java.lang.AssertionError: expected:<0> but was:<-10>    at org.junit.Assert.fail(Assert.java:88)
    at org.junit.Assert.failNotEquals(Assert.java:743)
    at org.junit.Assert.assertEquals(Assert.java:118)
    at org.junit.Assert.assertEquals(Assert.java:144)
    at java_testcases.junit.SHORTEST_PATH_LENGTHS_Test.test1(SHORTEST_PATH_LENGTHS_Test.java:31)
    at sun.reflect.NativeMethodAccessorImpl.invoke0(Native Method)
~ test2(java_testcases.junit.SHORTEST_PATH_LENGTHS_Test)
[expected:<10> but was:<99999>]
java.lang.AssertionError: expected:<10> but was:<99999>    at org.junit.Assert.fail(Assert.java:88)
    at org.junit.Assert.failNotEquals(Assert.java:743)
    at org.junit.Assert.assertEquals(Assert.java:118)
    at org.junit.Assert.assertEquals(Assert.java:144)
    at java_testcases.junit.SHORTEST_PATH_LENGTHS_Test.test2(SHORTEST_PATH_LENGTHS_Test.java:50)
    at sun.reflect.NativeMethodAccessorImpl.invoke0(Native Method)
~ test3(java_testcases.junit.SHORTEST_PATH_LENGTHS_Test)
[expected:<99999> but was:<3>]
java.lang.AssertionError: expected:<99999> but was:<3>    at org.junit.Assert.fail(Assert.java:88)
    at org.junit.Assert.failNotEquals(Assert.java:743)
    at org.junit.Assert.assertEquals(Assert.java:118)
    at org.junit.Assert.assertEquals(Assert.java:144)
    at java_testcases.junit.SHORTEST_PATH_LENGTHS_Test.test3(SHORTEST_PATH_LENGTHS_Test.java:67)
    at sun.reflect.NativeMethodAccessorImpl.invoke0(Native Method)
~ test4s(java_testcases.junit.SHORTEST_PATH_LENGTHS_Test)
[expected:<2> but was:<1>]
java.lang.AssertionError: expected:<2> but was:<1>    at org.junit.Assert.fail(Assert.java:88)
    at org.junit.Assert.failNotEquals(Assert.java:743)
    at org.junit.Assert.assertEquals(Assert.java:118)
    at org.junit.Assert.assertEquals(Assert.java:144)
    at java_testcases.junit.SHORTEST_PATH_LENGTHS_Test.test4s(SHORTEST_PATH_LENGTHS_Test.java:85)
    at sun.reflect.NativeMethodAccessorImpl.invoke0(Native Method)
~ test1(java_testcases.junit.SHORTEST_PATH_LENGTHS_Test)
[expected:<0> but was:<-10>]
java.lang.AssertionError: expected:<0> but was:<-10>    at org.junit.Assert.fail(Assert.java:88)
    at org.junit.Assert.failNotEquals(Assert.java:743)
    at org.junit.Assert.assertEquals(Assert.java:118)
    at org.junit.Assert.assertEquals(Assert.java:144)
    at java_testcases.junit.SHORTEST_PATH_LENGTHS_Test.test1(SHORTEST_PATH_LENGTHS_Test.java:31)
    at sun.reflect.NativeMethodAccessorImpl.invoke0(Native Method)
~ test2(java_testcases.junit.SHORTEST_PATH_LENGTHS_Test)
[expected:<10> but was:<99999>]
java.lang.AssertionError: expected:<10> but was:<99999>    at org.junit.Assert.fail(Assert.java:88)
    at org.junit.Assert.failNotEquals(Assert.java:743)
    at org.junit.Assert.assertEquals(Assert.java:118)
    at org.junit.Assert.assertEquals(Assert.java:144)
    at java_testcases.junit.SHORTEST_PATH_LENGTHS_Test.test2(SHORTEST_PATH_LENGTHS_Test.java:50)
    at sun.reflect.NativeMethodAccessorImpl.invoke0(Native Method)
~ test3(java_testcases.junit.SHORTEST_PATH_LENGTHS_Test)
[expected:<99999> but was:<3>]
java.lang.AssertionError: expected:<99999> but was:<3>    at org.junit.Assert.fail(Assert.java:88)
    at org.junit.Assert.failNotEquals(Assert.java:743)
    at org.junit.Assert.assertEquals(Assert.java:118)
    at org.junit.Assert.assertEquals(Assert.java:144)
    at java_testcases.junit.SHORTEST_PATH_LENGTHS_Test.test3(SHORTEST_PATH_LENGTHS_Test.java:67)
    at sun.reflect.NativeMethodAccessorImpl.invoke0(Native Method)

12:03:37.643 [pool-2-thread-1] DEBUG fr.inria.lille.repair.nopol.NoPol - statement #16
12:03:37.643 [pool-2-thread-1] DEBUG fr.inria.lille.repair.nopol.NoPol - Analysing SourceLocation java_programs.SHORTEST_PATH_LENGTHS:18 which is executed by 4 tests
2063786665
12:03:37.680 [pool-2-thread-1] INFO  fr.inria.lille.repair.nopol.NoPol - ----INFORMATION----
12:03:37.690 [pool-2-thread-1] INFO  fr.inria.lille.repair.nopol.NoPol - Nb classes : 3
12:03:37.691 [pool-2-thread-1] INFO  fr.inria.lille.repair.nopol.NoPol - Nb methods : 9
12:03:37.691 [pool-2-thread-1] INFO  fr.inria.lille.repair.nopol.NoPol - Nb Statements Analyzed : 13
12:03:37.691 [pool-2-thread-1] INFO  fr.inria.lille.repair.nopol.NoPol - Nb Statements with Angelic Value Found : 0
12:03:37.691 [pool-2-thread-1] INFO  fr.inria.lille.repair.nopol.NoPol - NoPol Execution time : 4683ms
12:03:37.691 [pool-2-thread-1] INFO  fr.inria.lille.repair.nopol.NoPol - 
NO_ANGELIC_VALUE
Command exited with non-zero status 255
14.94user 0.93system 0:05.56elapsed 285%CPU (0avgtext+0avgdata 535296maxresident)k
45808inputs+5720outputs (3major+170900minor)pagefaults 0swaps


Node: grisou-7.nancy.grid5000.fr



Date: Sun Dec  2 12:03:38 EST 2018

