cd /tmp/DynaMoth_Defects4J_Math_99;
export JAVA_TOOL_OPTIONS="-Dfile.encoding=UTF8 -Duser.language=en-US -Duser.country=US -Duser.language=en";
TZ="America/New_York"; export TZ;
export PATH="/usr/lib/jvm/java-1.8.0-openjdk-amd64/bin/:$PATH";
export JAVA_HOME="/usr/lib/jvm/java-1.8.0-openjdk-amd64/bin/";
time java -d64 -Xmx4g -Xms1g -XX:MaxPermSize=1024m -XX:+UseConcMarkSweepGC -XX:+CMSClassUnloadingEnabled -XX:+CMSClassUnloadingEnabled -cp /home/tdurieux/defects4j4repair/script/../repair_tools/nopol.jar:/usr/lib/jvm/java-1.8.0-openjdk-amd64/bin//../lib/tools.jar fr.inria.lille.repair.Main \
	--mode repair \
	--type pre_then_cond \
	--oracle angelic \
	--synthesis dynamoth \
	--flocal gzoltar \
	--json \
	--solver z3 \
	--solver-path /home/tdurieux/defects4j4repair/script/../libs/z3/build/z3 \
	--complianceLevel 5 \
	--source src/java/ \
	--classpath "target/classes/:target/test-classes/:/tmp/DynaMoth_Defects4J_Math_99/target/classes/:/tmp/DynaMoth_Defects4J_Math_99/target/test-classes/:/home/tdurieux/defects4j4repair/script/../benchmarks/defects4j/framework/projects/lib/junit-4.11.jar:/home/tdurieux/defects4j4repair/script/../repair_tools/nopol.jar";
	echo "\n\nNode: `hostname`\n";
	echo "\n\nDate: `date`\n";
Picked up JAVA_TOOL_OPTIONS: -Dfile.encoding=UTF8 -Duser.language=en-US -Duser.country=US -Duser.language=en
OpenJDK 64-Bit Server VM warning: ignoring option MaxPermSize=1024m; support was removed in 8.0
10:08:21.487 [main] INFO  fr.inria.lille.repair.nopol.NoPol - Source files: [src/java]
10:08:21.490 [main] INFO  fr.inria.lille.repair.nopol.NoPol - Classpath: [file:/tmp/DynaMoth_Defects4J_Math_99/target/classes/, file:/tmp/DynaMoth_Defects4J_Math_99/target/test-classes/, file:/tmp/DynaMoth_Defects4J_Math_99/target/classes/, file:/tmp/DynaMoth_Defects4J_Math_99/target/test-classes/, file:/home/tdurieux/defects4j4repair/script/../benchmarks/defects4j/framework/projects/lib/junit-4.11.jar, file:/home/tdurieux/defects4j4repair/script/../repair_tools/nopol.jar]
10:08:21.491 [main] INFO  fr.inria.lille.repair.nopol.NoPol - Statement type: PRE_THEN_COND
10:08:21.491 [main] INFO  fr.inria.lille.repair.nopol.NoPol - Args: [org.apache.commons.math.ArgumentOutsideDomainExceptionTest, org.apache.commons.math.ArgumentOutsideDomainExceptionTest, org.apache.commons.math.ConvergenceExceptionTest, org.apache.commons.math.ConvergenceExceptionTest, org.apache.commons.math.DuplicateSampleAbscissaExceptionTest, org.apache.commons.math.DuplicateSampleAbscissaExceptionTest, org.apache.commons.math.FunctionEvaluationExceptionTest, org.apache.commons.math.FunctionEvaluationExceptionTest, org.apache.commons.math.MathConfigurationExceptionTest, org.apache.commons.math.MathConfigurationExceptionTest, org.apache.commons.math.MathExceptionTest, org.apache.commons.math.MathExceptionTest, org.apache.commons.math.MaxIterationsExceededExceptionTest, org.apache.commons.math.MaxIterationsExceededExceptionTest, org.apache.commons.math.analysis.integration.LegendreGaussIntegratorTest, org.apache.commons.math.analysis.integration.LegendreGaussIntegratorTest, org.apache.commons.math.analysis.integration.RombergIntegratorTest, org.apache.commons.math.analysis.integration.RombergIntegratorTest, org.apache.commons.math.analysis.integration.SimpsonIntegratorTest, org.apache.commons.math.analysis.integration.SimpsonIntegratorTest, org.apache.commons.math.analysis.integration.TrapezoidIntegratorTest, org.apache.commons.math.analysis.integration.TrapezoidIntegratorTest, org.apache.commons.math.analysis.interpolation.DividedDifferenceInterpolatorTest, org.apache.commons.math.analysis.interpolation.DividedDifferenceInterpolatorTest, org.apache.commons.math.analysis.interpolation.NevilleInterpolatorTest, org.apache.commons.math.analysis.interpolation.NevilleInterpolatorTest, org.apache.commons.math.analysis.interpolation.SplineInterpolatorTest, org.apache.commons.math.analysis.interpolation.SplineInterpolatorTest, org.apache.commons.math.analysis.minimization.BrentMinimizerTest, org.apache.commons.math.analysis.minimization.BrentMinimizerTest, org.apache.commons.math.analysis.polynomials.PolynomialFunctionLagrangeFormTest, org.apache.commons.math.analysis.polynomials.PolynomialFunctionLagrangeFormTest, org.apache.commons.math.analysis.polynomials.PolynomialFunctionNewtonFormTest, org.apache.commons.math.analysis.polynomials.PolynomialFunctionNewtonFormTest, org.apache.commons.math.analysis.polynomials.PolynomialFunctionTest, org.apache.commons.math.analysis.polynomials.PolynomialFunctionTest, org.apache.commons.math.analysis.polynomials.PolynomialSplineFunctionTest, org.apache.commons.math.analysis.polynomials.PolynomialSplineFunctionTest, org.apache.commons.math.analysis.polynomials.PolynomialsUtilsTest, org.apache.commons.math.analysis.polynomials.PolynomialsUtilsTest, org.apache.commons.math.analysis.solvers.BisectionSolverTest, org.apache.commons.math.analysis.solvers.BisectionSolverTest, org.apache.commons.math.analysis.solvers.BrentSolverTest, org.apache.commons.math.analysis.solvers.BrentSolverTest, org.apache.commons.math.analysis.solvers.LaguerreSolverTest, org.apache.commons.math.analysis.solvers.LaguerreSolverTest, org.apache.commons.math.analysis.solvers.MullerSolverTest, org.apache.commons.math.analysis.solvers.MullerSolverTest, org.apache.commons.math.analysis.solvers.NewtonSolverTest, org.apache.commons.math.analysis.solvers.NewtonSolverTest, org.apache.commons.math.analysis.solvers.RiddersSolverTest, org.apache.commons.math.analysis.solvers.RiddersSolverTest, org.apache.commons.math.analysis.solvers.UnivariateRealSolverFactoryImplTest, org.apache.commons.math.analysis.solvers.UnivariateRealSolverFactoryImplTest, org.apache.commons.math.analysis.solvers.UnivariateRealSolverUtilsTest, org.apache.commons.math.analysis.solvers.UnivariateRealSolverUtilsTest, org.apache.commons.math.complex.ComplexFormatTest, org.apache.commons.math.complex.ComplexFormatTest, org.apache.commons.math.complex.ComplexTest, org.apache.commons.math.complex.ComplexTest, org.apache.commons.math.complex.ComplexUtilsTest, org.apache.commons.math.complex.ComplexUtilsTest, org.apache.commons.math.complex.FrenchComplexFormatTest, org.apache.commons.math.complex.FrenchComplexFormatTest, org.apache.commons.math.distribution.BetaDistributionTest, org.apache.commons.math.distribution.BetaDistributionTest, org.apache.commons.math.distribution.BinomialDistributionTest, org.apache.commons.math.distribution.BinomialDistributionTest, org.apache.commons.math.distribution.CauchyDistributionTest, org.apache.commons.math.distribution.CauchyDistributionTest, org.apache.commons.math.distribution.ChiSquareDistributionTest, org.apache.commons.math.distribution.ChiSquareDistributionTest, org.apache.commons.math.distribution.ExponentialDistributionTest, org.apache.commons.math.distribution.ExponentialDistributionTest, org.apache.commons.math.distribution.FDistributionTest, org.apache.commons.math.distribution.FDistributionTest, org.apache.commons.math.distribution.GammaDistributionTest, org.apache.commons.math.distribution.GammaDistributionTest, org.apache.commons.math.distribution.HypergeometricDistributionTest, org.apache.commons.math.distribution.HypergeometricDistributionTest, org.apache.commons.math.distribution.NormalDistributionTest, org.apache.commons.math.distribution.NormalDistributionTest, org.apache.commons.math.distribution.PascalDistributionTest, org.apache.commons.math.distribution.PascalDistributionTest, org.apache.commons.math.distribution.PoissonDistributionTest, org.apache.commons.math.distribution.PoissonDistributionTest, org.apache.commons.math.distribution.TDistributionTest, org.apache.commons.math.distribution.TDistributionTest, org.apache.commons.math.distribution.WeibullDistributionTest, org.apache.commons.math.distribution.WeibullDistributionTest, org.apache.commons.math.distribution.ZipfDistributionTest, org.apache.commons.math.distribution.ZipfDistributionTest, org.apache.commons.math.estimation.EstimatedParameterTest, org.apache.commons.math.estimation.EstimatedParameterTest, org.apache.commons.math.estimation.GaussNewtonEstimatorTest, org.apache.commons.math.estimation.GaussNewtonEstimatorTest, org.apache.commons.math.estimation.LevenbergMarquardtEstimatorTest, org.apache.commons.math.estimation.LevenbergMarquardtEstimatorTest, org.apache.commons.math.estimation.MinpackTest, org.apache.commons.math.estimation.MinpackTest, org.apache.commons.math.estimation.WeightedMeasurementTest, org.apache.commons.math.estimation.WeightedMeasurementTest, org.apache.commons.math.fraction.FractionFormatTest, org.apache.commons.math.fraction.FractionFormatTest, org.apache.commons.math.fraction.FractionTest, org.apache.commons.math.fraction.FractionTest, org.apache.commons.math.geometry.FrenchVector3DFormatTest, org.apache.commons.math.geometry.FrenchVector3DFormatTest, org.apache.commons.math.geometry.RotationOrderTest, org.apache.commons.math.geometry.RotationOrderTest, org.apache.commons.math.geometry.RotationTest, org.apache.commons.math.geometry.RotationTest, org.apache.commons.math.geometry.Vector3DFormatTest, org.apache.commons.math.geometry.Vector3DFormatTest, org.apache.commons.math.geometry.Vector3DTest, org.apache.commons.math.geometry.Vector3DTest, org.apache.commons.math.linear.BigMatrixImplTest, org.apache.commons.math.linear.BigMatrixImplTest, org.apache.commons.math.linear.DenseRealMatrixTest, org.apache.commons.math.linear.DenseRealMatrixTest, org.apache.commons.math.linear.FrenchRealVectorFormatTest, org.apache.commons.math.linear.FrenchRealVectorFormatTest, org.apache.commons.math.linear.InvalidMatrixExceptionTest, org.apache.commons.math.linear.InvalidMatrixExceptionTest, org.apache.commons.math.linear.MatrixIndexExceptionTest, org.apache.commons.math.linear.MatrixIndexExceptionTest, org.apache.commons.math.linear.MatrixUtilsTest, org.apache.commons.math.linear.MatrixUtilsTest, org.apache.commons.math.linear.RealMatrixImplTest, org.apache.commons.math.linear.RealMatrixImplTest, org.apache.commons.math.linear.RealVectorFormatTest, org.apache.commons.math.linear.RealVectorFormatTest, org.apache.commons.math.linear.RealVectorImplTest, org.apache.commons.math.linear.RealVectorImplTest, org.apache.commons.math.linear.SparseRealMatrixTest, org.apache.commons.math.linear.SparseRealMatrixTest, org.apache.commons.math.linear.SparseRealVectorTest, org.apache.commons.math.linear.SparseRealVectorTest, org.apache.commons.math.linear.decomposition.BiDiagonalTransformerTest, org.apache.commons.math.linear.decomposition.BiDiagonalTransformerTest, org.apache.commons.math.linear.decomposition.CholeskyDecompositionImplTest, org.apache.commons.math.linear.decomposition.CholeskyDecompositionImplTest, org.apache.commons.math.linear.decomposition.CholeskySolverTest, org.apache.commons.math.linear.decomposition.CholeskySolverTest, org.apache.commons.math.linear.decomposition.EigenDecompositionImplTest, org.apache.commons.math.linear.decomposition.EigenDecompositionImplTest, org.apache.commons.math.linear.decomposition.EigenSolverTest, org.apache.commons.math.linear.decomposition.EigenSolverTest, org.apache.commons.math.linear.decomposition.LUDecompositionImplTest, org.apache.commons.math.linear.decomposition.LUDecompositionImplTest, org.apache.commons.math.linear.decomposition.LUSolverTest, org.apache.commons.math.linear.decomposition.LUSolverTest, org.apache.commons.math.linear.decomposition.QRDecompositionImplTest, org.apache.commons.math.linear.decomposition.QRDecompositionImplTest, org.apache.commons.math.linear.decomposition.QRSolverTest, org.apache.commons.math.linear.decomposition.QRSolverTest, org.apache.commons.math.linear.decomposition.SingularValueDecompositionImplTest, org.apache.commons.math.linear.decomposition.SingularValueDecompositionImplTest, org.apache.commons.math.linear.decomposition.SingularValueSolverTest, org.apache.commons.math.linear.decomposition.SingularValueSolverTest, org.apache.commons.math.linear.decomposition.TriDiagonalTransformerTest, org.apache.commons.math.linear.decomposition.TriDiagonalTransformerTest, org.apache.commons.math.ode.ContinuousOutputModelTest, org.apache.commons.math.ode.ContinuousOutputModelTest, org.apache.commons.math.ode.FirstOrderConverterTest, org.apache.commons.math.ode.FirstOrderConverterTest, org.apache.commons.math.ode.nonstiff.AdamsBashforthIntegratorTest, org.apache.commons.math.ode.nonstiff.AdamsBashforthIntegratorTest, org.apache.commons.math.ode.nonstiff.AdamsMoultonIntegratorTest, org.apache.commons.math.ode.nonstiff.AdamsMoultonIntegratorTest, org.apache.commons.math.ode.nonstiff.ClassicalRungeKuttaIntegratorTest, org.apache.commons.math.ode.nonstiff.ClassicalRungeKuttaIntegratorTest, org.apache.commons.math.ode.nonstiff.ClassicalRungeKuttaStepInterpolatorTest, org.apache.commons.math.ode.nonstiff.ClassicalRungeKuttaStepInterpolatorTest, org.apache.commons.math.ode.nonstiff.DormandPrince54IntegratorTest, org.apache.commons.math.ode.nonstiff.DormandPrince54IntegratorTest, org.apache.commons.math.ode.nonstiff.DormandPrince54StepInterpolatorTest, org.apache.commons.math.ode.nonstiff.DormandPrince54StepInterpolatorTest, org.apache.commons.math.ode.nonstiff.DormandPrince853IntegratorTest, org.apache.commons.math.ode.nonstiff.DormandPrince853IntegratorTest, org.apache.commons.math.ode.nonstiff.DormandPrince853StepInterpolatorTest, org.apache.commons.math.ode.nonstiff.DormandPrince853StepInterpolatorTest, org.apache.commons.math.ode.nonstiff.EulerIntegratorTest, org.apache.commons.math.ode.nonstiff.EulerIntegratorTest, org.apache.commons.math.ode.nonstiff.EulerStepInterpolatorTest, org.apache.commons.math.ode.nonstiff.EulerStepInterpolatorTest, org.apache.commons.math.ode.nonstiff.GillIntegratorTest, org.apache.commons.math.ode.nonstiff.GillIntegratorTest, org.apache.commons.math.ode.nonstiff.GillStepInterpolatorTest, org.apache.commons.math.ode.nonstiff.GillStepInterpolatorTest, org.apache.commons.math.ode.nonstiff.GraggBulirschStoerIntegratorTest, org.apache.commons.math.ode.nonstiff.GraggBulirschStoerIntegratorTest, org.apache.commons.math.ode.nonstiff.GraggBulirschStoerStepInterpolatorTest, org.apache.commons.math.ode.nonstiff.GraggBulirschStoerStepInterpolatorTest, org.apache.commons.math.ode.nonstiff.HighamHall54IntegratorTest, org.apache.commons.math.ode.nonstiff.HighamHall54IntegratorTest, org.apache.commons.math.ode.nonstiff.HighamHall54StepInterpolatorTest, org.apache.commons.math.ode.nonstiff.HighamHall54StepInterpolatorTest, org.apache.commons.math.ode.nonstiff.MidpointIntegratorTest, org.apache.commons.math.ode.nonstiff.MidpointIntegratorTest, org.apache.commons.math.ode.nonstiff.MidpointStepInterpolatorTest, org.apache.commons.math.ode.nonstiff.MidpointStepInterpolatorTest, org.apache.commons.math.ode.nonstiff.StepInterpolatorAbstractTest, org.apache.commons.math.ode.nonstiff.StepInterpolatorAbstractTest, org.apache.commons.math.ode.nonstiff.ThreeEighthesIntegratorTest, org.apache.commons.math.ode.nonstiff.ThreeEighthesIntegratorTest, org.apache.commons.math.ode.nonstiff.ThreeEighthesStepInterpolatorTest, org.apache.commons.math.ode.nonstiff.ThreeEighthesStepInterpolatorTest, org.apache.commons.math.ode.sampling.DummyStepInterpolatorTest, org.apache.commons.math.ode.sampling.DummyStepInterpolatorTest, org.apache.commons.math.ode.sampling.StepNormalizerTest, org.apache.commons.math.ode.sampling.StepNormalizerTest, org.apache.commons.math.optimization.MultiDirectionalTest, org.apache.commons.math.optimization.MultiDirectionalTest, org.apache.commons.math.optimization.NelderMeadTest, org.apache.commons.math.optimization.NelderMeadTest, org.apache.commons.math.random.AbstractRandomGeneratorTest, org.apache.commons.math.random.AbstractRandomGeneratorTest, org.apache.commons.math.random.CorrelatedRandomVectorGeneratorTest, org.apache.commons.math.random.CorrelatedRandomVectorGeneratorTest, org.apache.commons.math.random.EmpiricalDistributionTest, org.apache.commons.math.random.EmpiricalDistributionTest, org.apache.commons.math.random.GaussianRandomGeneratorTest, org.apache.commons.math.random.GaussianRandomGeneratorTest, org.apache.commons.math.random.RandomAdaptorTest, org.apache.commons.math.random.RandomAdaptorTest, org.apache.commons.math.random.RandomDataTest, org.apache.commons.math.random.RandomDataTest, org.apache.commons.math.random.UncorrelatedRandomVectorGeneratorTest, org.apache.commons.math.random.UncorrelatedRandomVectorGeneratorTest, org.apache.commons.math.random.UniformRandomGeneratorTest, org.apache.commons.math.random.UniformRandomGeneratorTest, org.apache.commons.math.random.ValueServerTest, org.apache.commons.math.random.ValueServerTest, org.apache.commons.math.special.BetaTest, org.apache.commons.math.special.BetaTest, org.apache.commons.math.special.ErfTest, org.apache.commons.math.special.ErfTest, org.apache.commons.math.special.GammaTest, org.apache.commons.math.special.GammaTest, org.apache.commons.math.stat.CertifiedDataTest, org.apache.commons.math.stat.CertifiedDataTest, org.apache.commons.math.stat.FrequencyTest, org.apache.commons.math.stat.FrequencyTest, org.apache.commons.math.stat.StatUtilsTest, org.apache.commons.math.stat.StatUtilsTest, org.apache.commons.math.stat.correlation.CovarianceTest, org.apache.commons.math.stat.correlation.CovarianceTest, org.apache.commons.math.stat.correlation.PearsonsCorrelationTest, org.apache.commons.math.stat.correlation.PearsonsCorrelationTest, org.apache.commons.math.stat.data.LewTest, org.apache.commons.math.stat.data.LewTest, org.apache.commons.math.stat.data.LotteryTest, org.apache.commons.math.stat.data.LotteryTest, org.apache.commons.math.stat.descriptive.AbstractUnivariateStatisticTest, org.apache.commons.math.stat.descriptive.AbstractUnivariateStatisticTest, org.apache.commons.math.stat.descriptive.DescriptiveStatisticsTest, org.apache.commons.math.stat.descriptive.DescriptiveStatisticsTest, org.apache.commons.math.stat.descriptive.InteractionTest, org.apache.commons.math.stat.descriptive.InteractionTest, org.apache.commons.math.stat.descriptive.ListUnivariateImplTest, org.apache.commons.math.stat.descriptive.ListUnivariateImplTest, org.apache.commons.math.stat.descriptive.MixedListUnivariateImplTest, org.apache.commons.math.stat.descriptive.MixedListUnivariateImplTest, org.apache.commons.math.stat.descriptive.MultivariateSummaryStatisticsTest, org.apache.commons.math.stat.descriptive.MultivariateSummaryStatisticsTest, org.apache.commons.math.stat.descriptive.StatisticalSummaryValuesTest, org.apache.commons.math.stat.descriptive.StatisticalSummaryValuesTest, org.apache.commons.math.stat.descriptive.SummaryStatisticsTest, org.apache.commons.math.stat.descriptive.SummaryStatisticsTest, org.apache.commons.math.stat.descriptive.SynchronizedDescriptiveStatisticsTest, org.apache.commons.math.stat.descriptive.SynchronizedDescriptiveStatisticsTest, org.apache.commons.math.stat.descriptive.SynchronizedSummaryStatisticsTest, org.apache.commons.math.stat.descriptive.SynchronizedSummaryStatisticsTest, org.apache.commons.math.stat.descriptive.moment.FirstMomentTest, org.apache.commons.math.stat.descriptive.moment.FirstMomentTest, org.apache.commons.math.stat.descriptive.moment.FourthMomentTest, org.apache.commons.math.stat.descriptive.moment.FourthMomentTest, org.apache.commons.math.stat.descriptive.moment.GeometricMeanTest, org.apache.commons.math.stat.descriptive.moment.GeometricMeanTest, org.apache.commons.math.stat.descriptive.moment.KurtosisTest, org.apache.commons.math.stat.descriptive.moment.KurtosisTest, org.apache.commons.math.stat.descriptive.moment.MeanTest, org.apache.commons.math.stat.descriptive.moment.MeanTest, org.apache.commons.math.stat.descriptive.moment.SecondMomentTest, org.apache.commons.math.stat.descriptive.moment.SecondMomentTest, org.apache.commons.math.stat.descriptive.moment.SkewnessTest, org.apache.commons.math.stat.descriptive.moment.SkewnessTest, org.apache.commons.math.stat.descriptive.moment.StandardDeviationTest, org.apache.commons.math.stat.descriptive.moment.StandardDeviationTest, org.apache.commons.math.stat.descriptive.moment.ThirdMomentTest, org.apache.commons.math.stat.descriptive.moment.ThirdMomentTest, org.apache.commons.math.stat.descriptive.moment.VarianceTest, org.apache.commons.math.stat.descriptive.moment.VarianceTest, org.apache.commons.math.stat.descriptive.moment.VectorialCovarianceTest, org.apache.commons.math.stat.descriptive.moment.VectorialCovarianceTest, org.apache.commons.math.stat.descriptive.moment.VectorialMeanTest, org.apache.commons.math.stat.descriptive.moment.VectorialMeanTest, org.apache.commons.math.stat.descriptive.rank.MaxTest, org.apache.commons.math.stat.descriptive.rank.MaxTest, org.apache.commons.math.stat.descriptive.rank.MedianTest, org.apache.commons.math.stat.descriptive.rank.MedianTest, org.apache.commons.math.stat.descriptive.rank.MinTest, org.apache.commons.math.stat.descriptive.rank.MinTest, org.apache.commons.math.stat.descriptive.rank.PercentileTest, org.apache.commons.math.stat.descriptive.rank.PercentileTest, org.apache.commons.math.stat.descriptive.summary.ProductTest, org.apache.commons.math.stat.descriptive.summary.ProductTest, org.apache.commons.math.stat.descriptive.summary.SumLogTest, org.apache.commons.math.stat.descriptive.summary.SumLogTest, org.apache.commons.math.stat.descriptive.summary.SumSqTest, org.apache.commons.math.stat.descriptive.summary.SumSqTest, org.apache.commons.math.stat.descriptive.summary.SumTest, org.apache.commons.math.stat.descriptive.summary.SumTest, org.apache.commons.math.stat.inference.ChiSquareFactoryTest, org.apache.commons.math.stat.inference.ChiSquareFactoryTest, org.apache.commons.math.stat.inference.ChiSquareTestTest, org.apache.commons.math.stat.inference.ChiSquareTestTest, org.apache.commons.math.stat.inference.OneWayAnovaTest, org.apache.commons.math.stat.inference.OneWayAnovaTest, org.apache.commons.math.stat.inference.TTestFactoryTest, org.apache.commons.math.stat.inference.TTestFactoryTest, org.apache.commons.math.stat.inference.TTestTest, org.apache.commons.math.stat.inference.TTestTest, org.apache.commons.math.stat.inference.TestUtilsTest, org.apache.commons.math.stat.inference.TestUtilsTest, org.apache.commons.math.stat.regression.GLSMultipleLinearRegressionTest, org.apache.commons.math.stat.regression.GLSMultipleLinearRegressionTest, org.apache.commons.math.stat.regression.OLSMultipleLinearRegressionTest, org.apache.commons.math.stat.regression.OLSMultipleLinearRegressionTest, org.apache.commons.math.stat.regression.SimpleRegressionTest, org.apache.commons.math.stat.regression.SimpleRegressionTest, org.apache.commons.math.transform.FastCosineTransformerTest, org.apache.commons.math.transform.FastCosineTransformerTest, org.apache.commons.math.transform.FastFourierTransformerTest, org.apache.commons.math.transform.FastFourierTransformerTest, org.apache.commons.math.transform.FastHadamardTransformerTest, org.apache.commons.math.transform.FastHadamardTransformerTest, org.apache.commons.math.transform.FastSineTransformerTest, org.apache.commons.math.transform.FastSineTransformerTest, org.apache.commons.math.util.ContinuedFractionTest, org.apache.commons.math.util.ContinuedFractionTest, org.apache.commons.math.util.DefaultTransformerTest, org.apache.commons.math.util.DefaultTransformerTest, org.apache.commons.math.util.MathUtilsTest, org.apache.commons.math.util.MathUtilsTest, org.apache.commons.math.util.OpenIntToDoubleHashMapTest, org.apache.commons.math.util.OpenIntToDoubleHashMapTest, org.apache.commons.math.util.ResizableDoubleArrayTest, org.apache.commons.math.util.ResizableDoubleArrayTest, org.apache.commons.math.util.TransformerMapTest, org.apache.commons.math.util.TransformerMapTest]
10:08:21.493 [main] INFO  fr.inria.lille.repair.nopol.NoPol - Config: Config{synthesisDepth=3, collectStaticMethods=true, collectStaticFields=false, collectLiterals=false, onlyOneSynthesisResult=true, sortExpressions=true, maxLineInvocationPerTest=250, timeoutMethodInvocation=2000, dataCollectionTimeoutInSecondForSynthesis=900, addWeight=0.19478, subWeight=0.04554, mulWeight=0.0102, divWeight=0.00613, andWeight=0.10597, orWeight=0.05708, eqWeight=0.22798, nEqWeight=0.0, lessEqWeight=0.0255, lessWeight=0.0947, methodCallWeight=0.1, fieldAccessWeight=0.08099, constantWeight=0.14232, variableWeight=0.05195, mode=REPAIR, type=PRE_THEN_COND, synthesis=DYNAMOTH, oracle=ANGELIC, solver=Z3, solverPath='/home/tdurieux/defects4j4repair/script/../libs/z3/build/z3', projectSources=[src/java], projectClasspath='[Ljava.net.URL;@2ff4f00f', projectTests=[org.apache.commons.math.ArgumentOutsideDomainExceptionTest, org.apache.commons.math.ArgumentOutsideDomainExceptionTest, org.apache.commons.math.ConvergenceExceptionTest, org.apache.commons.math.ConvergenceExceptionTest, org.apache.commons.math.DuplicateSampleAbscissaExceptionTest, org.apache.commons.math.DuplicateSampleAbscissaExceptionTest, org.apache.commons.math.FunctionEvaluationExceptionTest, org.apache.commons.math.FunctionEvaluationExceptionTest, org.apache.commons.math.MathConfigurationExceptionTest, org.apache.commons.math.MathConfigurationExceptionTest, org.apache.commons.math.MathExceptionTest, org.apache.commons.math.MathExceptionTest, org.apache.commons.math.MaxIterationsExceededExceptionTest, org.apache.commons.math.MaxIterationsExceededExceptionTest, org.apache.commons.math.analysis.integration.LegendreGaussIntegratorTest, org.apache.commons.math.analysis.integration.LegendreGaussIntegratorTest, org.apache.commons.math.analysis.integration.RombergIntegratorTest, org.apache.commons.math.analysis.integration.RombergIntegratorTest, org.apache.commons.math.analysis.integration.SimpsonIntegratorTest, org.apache.commons.math.analysis.integration.SimpsonIntegratorTest, org.apache.commons.math.analysis.integration.TrapezoidIntegratorTest, org.apache.commons.math.analysis.integration.TrapezoidIntegratorTest, org.apache.commons.math.analysis.interpolation.DividedDifferenceInterpolatorTest, org.apache.commons.math.analysis.interpolation.DividedDifferenceInterpolatorTest, org.apache.commons.math.analysis.interpolation.NevilleInterpolatorTest, org.apache.commons.math.analysis.interpolation.NevilleInterpolatorTest, org.apache.commons.math.analysis.interpolation.SplineInterpolatorTest, org.apache.commons.math.analysis.interpolation.SplineInterpolatorTest, org.apache.commons.math.analysis.minimization.BrentMinimizerTest, org.apache.commons.math.analysis.minimization.BrentMinimizerTest, org.apache.commons.math.analysis.polynomials.PolynomialFunctionLagrangeFormTest, org.apache.commons.math.analysis.polynomials.PolynomialFunctionLagrangeFormTest, org.apache.commons.math.analysis.polynomials.PolynomialFunctionNewtonFormTest, org.apache.commons.math.analysis.polynomials.PolynomialFunctionNewtonFormTest, org.apache.commons.math.analysis.polynomials.PolynomialFunctionTest, org.apache.commons.math.analysis.polynomials.PolynomialFunctionTest, org.apache.commons.math.analysis.polynomials.PolynomialSplineFunctionTest, org.apache.commons.math.analysis.polynomials.PolynomialSplineFunctionTest, org.apache.commons.math.analysis.polynomials.PolynomialsUtilsTest, org.apache.commons.math.analysis.polynomials.PolynomialsUtilsTest, org.apache.commons.math.analysis.solvers.BisectionSolverTest, org.apache.commons.math.analysis.solvers.BisectionSolverTest, org.apache.commons.math.analysis.solvers.BrentSolverTest, org.apache.commons.math.analysis.solvers.BrentSolverTest, org.apache.commons.math.analysis.solvers.LaguerreSolverTest, org.apache.commons.math.analysis.solvers.LaguerreSolverTest, org.apache.commons.math.analysis.solvers.MullerSolverTest, org.apache.commons.math.analysis.solvers.MullerSolverTest, org.apache.commons.math.analysis.solvers.NewtonSolverTest, org.apache.commons.math.analysis.solvers.NewtonSolverTest, org.apache.commons.math.analysis.solvers.RiddersSolverTest, org.apache.commons.math.analysis.solvers.RiddersSolverTest, org.apache.commons.math.analysis.solvers.UnivariateRealSolverFactoryImplTest, org.apache.commons.math.analysis.solvers.UnivariateRealSolverFactoryImplTest, org.apache.commons.math.analysis.solvers.UnivariateRealSolverUtilsTest, org.apache.commons.math.analysis.solvers.UnivariateRealSolverUtilsTest, org.apache.commons.math.complex.ComplexFormatTest, org.apache.commons.math.complex.ComplexFormatTest, org.apache.commons.math.complex.ComplexTest, org.apache.commons.math.complex.ComplexTest, org.apache.commons.math.complex.ComplexUtilsTest, org.apache.commons.math.complex.ComplexUtilsTest, org.apache.commons.math.complex.FrenchComplexFormatTest, org.apache.commons.math.complex.FrenchComplexFormatTest, org.apache.commons.math.distribution.BetaDistributionTest, org.apache.commons.math.distribution.BetaDistributionTest, org.apache.commons.math.distribution.BinomialDistributionTest, org.apache.commons.math.distribution.BinomialDistributionTest, org.apache.commons.math.distribution.CauchyDistributionTest, org.apache.commons.math.distribution.CauchyDistributionTest, org.apache.commons.math.distribution.ChiSquareDistributionTest, org.apache.commons.math.distribution.ChiSquareDistributionTest, org.apache.commons.math.distribution.ExponentialDistributionTest, org.apache.commons.math.distribution.ExponentialDistributionTest, org.apache.commons.math.distribution.FDistributionTest, org.apache.commons.math.distribution.FDistributionTest, org.apache.commons.math.distribution.GammaDistributionTest, org.apache.commons.math.distribution.GammaDistributionTest, org.apache.commons.math.distribution.HypergeometricDistributionTest, org.apache.commons.math.distribution.HypergeometricDistributionTest, org.apache.commons.math.distribution.NormalDistributionTest, org.apache.commons.math.distribution.NormalDistributionTest, org.apache.commons.math.distribution.PascalDistributionTest, org.apache.commons.math.distribution.PascalDistributionTest, org.apache.commons.math.distribution.PoissonDistributionTest, org.apache.commons.math.distribution.PoissonDistributionTest, org.apache.commons.math.distribution.TDistributionTest, org.apache.commons.math.distribution.TDistributionTest, org.apache.commons.math.distribution.WeibullDistributionTest, org.apache.commons.math.distribution.WeibullDistributionTest, org.apache.commons.math.distribution.ZipfDistributionTest, org.apache.commons.math.distribution.ZipfDistributionTest, org.apache.commons.math.estimation.EstimatedParameterTest, org.apache.commons.math.estimation.EstimatedParameterTest, org.apache.commons.math.estimation.GaussNewtonEstimatorTest, org.apache.commons.math.estimation.GaussNewtonEstimatorTest, org.apache.commons.math.estimation.LevenbergMarquardtEstimatorTest, org.apache.commons.math.estimation.LevenbergMarquardtEstimatorTest, org.apache.commons.math.estimation.MinpackTest, org.apache.commons.math.estimation.MinpackTest, org.apache.commons.math.estimation.WeightedMeasurementTest, org.apache.commons.math.estimation.WeightedMeasurementTest, org.apache.commons.math.fraction.FractionFormatTest, org.apache.commons.math.fraction.FractionFormatTest, org.apache.commons.math.fraction.FractionTest, org.apache.commons.math.fraction.FractionTest, org.apache.commons.math.geometry.FrenchVector3DFormatTest, org.apache.commons.math.geometry.FrenchVector3DFormatTest, org.apache.commons.math.geometry.RotationOrderTest, org.apache.commons.math.geometry.RotationOrderTest, org.apache.commons.math.geometry.RotationTest, org.apache.commons.math.geometry.RotationTest, org.apache.commons.math.geometry.Vector3DFormatTest, org.apache.commons.math.geometry.Vector3DFormatTest, org.apache.commons.math.geometry.Vector3DTest, org.apache.commons.math.geometry.Vector3DTest, org.apache.commons.math.linear.BigMatrixImplTest, org.apache.commons.math.linear.BigMatrixImplTest, org.apache.commons.math.linear.DenseRealMatrixTest, org.apache.commons.math.linear.DenseRealMatrixTest, org.apache.commons.math.linear.FrenchRealVectorFormatTest, org.apache.commons.math.linear.FrenchRealVectorFormatTest, org.apache.commons.math.linear.InvalidMatrixExceptionTest, org.apache.commons.math.linear.InvalidMatrixExceptionTest, org.apache.commons.math.linear.MatrixIndexExceptionTest, org.apache.commons.math.linear.MatrixIndexExceptionTest, org.apache.commons.math.linear.MatrixUtilsTest, org.apache.commons.math.linear.MatrixUtilsTest, org.apache.commons.math.linear.RealMatrixImplTest, org.apache.commons.math.linear.RealMatrixImplTest, org.apache.commons.math.linear.RealVectorFormatTest, org.apache.commons.math.linear.RealVectorFormatTest, org.apache.commons.math.linear.RealVectorImplTest, org.apache.commons.math.linear.RealVectorImplTest, org.apache.commons.math.linear.SparseRealMatrixTest, org.apache.commons.math.linear.SparseRealMatrixTest, org.apache.commons.math.linear.SparseRealVectorTest, org.apache.commons.math.linear.SparseRealVectorTest, org.apache.commons.math.linear.decomposition.BiDiagonalTransformerTest, org.apache.commons.math.linear.decomposition.BiDiagonalTransformerTest, org.apache.commons.math.linear.decomposition.CholeskyDecompositionImplTest, org.apache.commons.math.linear.decomposition.CholeskyDecompositionImplTest, org.apache.commons.math.linear.decomposition.CholeskySolverTest, org.apache.commons.math.linear.decomposition.CholeskySolverTest, org.apache.commons.math.linear.decomposition.EigenDecompositionImplTest, org.apache.commons.math.linear.decomposition.EigenDecompositionImplTest, org.apache.commons.math.linear.decomposition.EigenSolverTest, org.apache.commons.math.linear.decomposition.EigenSolverTest, org.apache.commons.math.linear.decomposition.LUDecompositionImplTest, org.apache.commons.math.linear.decomposition.LUDecompositionImplTest, org.apache.commons.math.linear.decomposition.LUSolverTest, org.apache.commons.math.linear.decomposition.LUSolverTest, org.apache.commons.math.linear.decomposition.QRDecompositionImplTest, org.apache.commons.math.linear.decomposition.QRDecompositionImplTest, org.apache.commons.math.linear.decomposition.QRSolverTest, org.apache.commons.math.linear.decomposition.QRSolverTest, org.apache.commons.math.linear.decomposition.SingularValueDecompositionImplTest, org.apache.commons.math.linear.decomposition.SingularValueDecompositionImplTest, org.apache.commons.math.linear.decomposition.SingularValueSolverTest, org.apache.commons.math.linear.decomposition.SingularValueSolverTest, org.apache.commons.math.linear.decomposition.TriDiagonalTransformerTest, org.apache.commons.math.linear.decomposition.TriDiagonalTransformerTest, org.apache.commons.math.ode.ContinuousOutputModelTest, org.apache.commons.math.ode.ContinuousOutputModelTest, org.apache.commons.math.ode.FirstOrderConverterTest, org.apache.commons.math.ode.FirstOrderConverterTest, org.apache.commons.math.ode.nonstiff.AdamsBashforthIntegratorTest, org.apache.commons.math.ode.nonstiff.AdamsBashforthIntegratorTest, org.apache.commons.math.ode.nonstiff.AdamsMoultonIntegratorTest, org.apache.commons.math.ode.nonstiff.AdamsMoultonIntegratorTest, org.apache.commons.math.ode.nonstiff.ClassicalRungeKuttaIntegratorTest, org.apache.commons.math.ode.nonstiff.ClassicalRungeKuttaIntegratorTest, org.apache.commons.math.ode.nonstiff.ClassicalRungeKuttaStepInterpolatorTest, org.apache.commons.math.ode.nonstiff.ClassicalRungeKuttaStepInterpolatorTest, org.apache.commons.math.ode.nonstiff.DormandPrince54IntegratorTest, org.apache.commons.math.ode.nonstiff.DormandPrince54IntegratorTest, org.apache.commons.math.ode.nonstiff.DormandPrince54StepInterpolatorTest, org.apache.commons.math.ode.nonstiff.DormandPrince54StepInterpolatorTest, org.apache.commons.math.ode.nonstiff.DormandPrince853IntegratorTest, org.apache.commons.math.ode.nonstiff.DormandPrince853IntegratorTest, org.apache.commons.math.ode.nonstiff.DormandPrince853StepInterpolatorTest, org.apache.commons.math.ode.nonstiff.DormandPrince853StepInterpolatorTest, org.apache.commons.math.ode.nonstiff.EulerIntegratorTest, org.apache.commons.math.ode.nonstiff.EulerIntegratorTest, org.apache.commons.math.ode.nonstiff.EulerStepInterpolatorTest, org.apache.commons.math.ode.nonstiff.EulerStepInterpolatorTest, org.apache.commons.math.ode.nonstiff.GillIntegratorTest, org.apache.commons.math.ode.nonstiff.GillIntegratorTest, org.apache.commons.math.ode.nonstiff.GillStepInterpolatorTest, org.apache.commons.math.ode.nonstiff.GillStepInterpolatorTest, org.apache.commons.math.ode.nonstiff.GraggBulirschStoerIntegratorTest, org.apache.commons.math.ode.nonstiff.GraggBulirschStoerIntegratorTest, org.apache.commons.math.ode.nonstiff.GraggBulirschStoerStepInterpolatorTest, org.apache.commons.math.ode.nonstiff.GraggBulirschStoerStepInterpolatorTest, org.apache.commons.math.ode.nonstiff.HighamHall54IntegratorTest, org.apache.commons.math.ode.nonstiff.HighamHall54IntegratorTest, org.apache.commons.math.ode.nonstiff.HighamHall54StepInterpolatorTest, org.apache.commons.math.ode.nonstiff.HighamHall54StepInterpolatorTest, org.apache.commons.math.ode.nonstiff.MidpointIntegratorTest, org.apache.commons.math.ode.nonstiff.MidpointIntegratorTest, org.apache.commons.math.ode.nonstiff.MidpointStepInterpolatorTest, org.apache.commons.math.ode.nonstiff.MidpointStepInterpolatorTest, org.apache.commons.math.ode.nonstiff.StepInterpolatorAbstractTest, org.apache.commons.math.ode.nonstiff.StepInterpolatorAbstractTest, org.apache.commons.math.ode.nonstiff.ThreeEighthesIntegratorTest, org.apache.commons.math.ode.nonstiff.ThreeEighthesIntegratorTest, org.apache.commons.math.ode.nonstiff.ThreeEighthesStepInterpolatorTest, org.apache.commons.math.ode.nonstiff.ThreeEighthesStepInterpolatorTest, org.apache.commons.math.ode.sampling.DummyStepInterpolatorTest, org.apache.commons.math.ode.sampling.DummyStepInterpolatorTest, org.apache.commons.math.ode.sampling.StepNormalizerTest, org.apache.commons.math.ode.sampling.StepNormalizerTest, org.apache.commons.math.optimization.MultiDirectionalTest, org.apache.commons.math.optimization.MultiDirectionalTest, org.apache.commons.math.optimization.NelderMeadTest, org.apache.commons.math.optimization.NelderMeadTest, org.apache.commons.math.random.AbstractRandomGeneratorTest, org.apache.commons.math.random.AbstractRandomGeneratorTest, org.apache.commons.math.random.CorrelatedRandomVectorGeneratorTest, org.apache.commons.math.random.CorrelatedRandomVectorGeneratorTest, org.apache.commons.math.random.EmpiricalDistributionTest, org.apache.commons.math.random.EmpiricalDistributionTest, org.apache.commons.math.random.GaussianRandomGeneratorTest, org.apache.commons.math.random.GaussianRandomGeneratorTest, org.apache.commons.math.random.RandomAdaptorTest, org.apache.commons.math.random.RandomAdaptorTest, org.apache.commons.math.random.RandomDataTest, org.apache.commons.math.random.RandomDataTest, org.apache.commons.math.random.UncorrelatedRandomVectorGeneratorTest, org.apache.commons.math.random.UncorrelatedRandomVectorGeneratorTest, org.apache.commons.math.random.UniformRandomGeneratorTest, org.apache.commons.math.random.UniformRandomGeneratorTest, org.apache.commons.math.random.ValueServerTest, org.apache.commons.math.random.ValueServerTest, org.apache.commons.math.special.BetaTest, org.apache.commons.math.special.BetaTest, org.apache.commons.math.special.ErfTest, org.apache.commons.math.special.ErfTest, org.apache.commons.math.special.GammaTest, org.apache.commons.math.special.GammaTest, org.apache.commons.math.stat.CertifiedDataTest, org.apache.commons.math.stat.CertifiedDataTest, org.apache.commons.math.stat.FrequencyTest, org.apache.commons.math.stat.FrequencyTest, org.apache.commons.math.stat.StatUtilsTest, org.apache.commons.math.stat.StatUtilsTest, org.apache.commons.math.stat.correlation.CovarianceTest, org.apache.commons.math.stat.correlation.CovarianceTest, org.apache.commons.math.stat.correlation.PearsonsCorrelationTest, org.apache.commons.math.stat.correlation.PearsonsCorrelationTest, org.apache.commons.math.stat.data.LewTest, org.apache.commons.math.stat.data.LewTest, org.apache.commons.math.stat.data.LotteryTest, org.apache.commons.math.stat.data.LotteryTest, org.apache.commons.math.stat.descriptive.AbstractUnivariateStatisticTest, org.apache.commons.math.stat.descriptive.AbstractUnivariateStatisticTest, org.apache.commons.math.stat.descriptive.DescriptiveStatisticsTest, org.apache.commons.math.stat.descriptive.DescriptiveStatisticsTest, org.apache.commons.math.stat.descriptive.InteractionTest, org.apache.commons.math.stat.descriptive.InteractionTest, org.apache.commons.math.stat.descriptive.ListUnivariateImplTest, org.apache.commons.math.stat.descriptive.ListUnivariateImplTest, org.apache.commons.math.stat.descriptive.MixedListUnivariateImplTest, org.apache.commons.math.stat.descriptive.MixedListUnivariateImplTest, org.apache.commons.math.stat.descriptive.MultivariateSummaryStatisticsTest, org.apache.commons.math.stat.descriptive.MultivariateSummaryStatisticsTest, org.apache.commons.math.stat.descriptive.StatisticalSummaryValuesTest, org.apache.commons.math.stat.descriptive.StatisticalSummaryValuesTest, org.apache.commons.math.stat.descriptive.SummaryStatisticsTest, org.apache.commons.math.stat.descriptive.SummaryStatisticsTest, org.apache.commons.math.stat.descriptive.SynchronizedDescriptiveStatisticsTest, org.apache.commons.math.stat.descriptive.SynchronizedDescriptiveStatisticsTest, org.apache.commons.math.stat.descriptive.SynchronizedSummaryStatisticsTest, org.apache.commons.math.stat.descriptive.SynchronizedSummaryStatisticsTest, org.apache.commons.math.stat.descriptive.moment.FirstMomentTest, org.apache.commons.math.stat.descriptive.moment.FirstMomentTest, org.apache.commons.math.stat.descriptive.moment.FourthMomentTest, org.apache.commons.math.stat.descriptive.moment.FourthMomentTest, org.apache.commons.math.stat.descriptive.moment.GeometricMeanTest, org.apache.commons.math.stat.descriptive.moment.GeometricMeanTest, org.apache.commons.math.stat.descriptive.moment.KurtosisTest, org.apache.commons.math.stat.descriptive.moment.KurtosisTest, org.apache.commons.math.stat.descriptive.moment.MeanTest, org.apache.commons.math.stat.descriptive.moment.MeanTest, org.apache.commons.math.stat.descriptive.moment.SecondMomentTest, org.apache.commons.math.stat.descriptive.moment.SecondMomentTest, org.apache.commons.math.stat.descriptive.moment.SkewnessTest, org.apache.commons.math.stat.descriptive.moment.SkewnessTest, org.apache.commons.math.stat.descriptive.moment.StandardDeviationTest, org.apache.commons.math.stat.descriptive.moment.StandardDeviationTest, org.apache.commons.math.stat.descriptive.moment.ThirdMomentTest, org.apache.commons.math.stat.descriptive.moment.ThirdMomentTest, org.apache.commons.math.stat.descriptive.moment.VarianceTest, org.apache.commons.math.stat.descriptive.moment.VarianceTest, org.apache.commons.math.stat.descriptive.moment.VectorialCovarianceTest, org.apache.commons.math.stat.descriptive.moment.VectorialCovarianceTest, org.apache.commons.math.stat.descriptive.moment.VectorialMeanTest, org.apache.commons.math.stat.descriptive.moment.VectorialMeanTest, org.apache.commons.math.stat.descriptive.rank.MaxTest, org.apache.commons.math.stat.descriptive.rank.MaxTest, org.apache.commons.math.stat.descriptive.rank.MedianTest, org.apache.commons.math.stat.descriptive.rank.MedianTest, org.apache.commons.math.stat.descriptive.rank.MinTest, org.apache.commons.math.stat.descriptive.rank.MinTest, org.apache.commons.math.stat.descriptive.rank.PercentileTest, org.apache.commons.math.stat.descriptive.rank.PercentileTest, org.apache.commons.math.stat.descriptive.summary.ProductTest, org.apache.commons.math.stat.descriptive.summary.ProductTest, org.apache.commons.math.stat.descriptive.summary.SumLogTest, org.apache.commons.math.stat.descriptive.summary.SumLogTest, org.apache.commons.math.stat.descriptive.summary.SumSqTest, org.apache.commons.math.stat.descriptive.summary.SumSqTest, org.apache.commons.math.stat.descriptive.summary.SumTest, org.apache.commons.math.stat.descriptive.summary.SumTest, org.apache.commons.math.stat.inference.ChiSquareFactoryTest, org.apache.commons.math.stat.inference.ChiSquareFactoryTest, org.apache.commons.math.stat.inference.ChiSquareTestTest, org.apache.commons.math.stat.inference.ChiSquareTestTest, org.apache.commons.math.stat.inference.OneWayAnovaTest, org.apache.commons.math.stat.inference.OneWayAnovaTest, org.apache.commons.math.stat.inference.TTestFactoryTest, org.apache.commons.math.stat.inference.TTestFactoryTest, org.apache.commons.math.stat.inference.TTestTest, org.apache.commons.math.stat.inference.TTestTest, org.apache.commons.math.stat.inference.TestUtilsTest, org.apache.commons.math.stat.inference.TestUtilsTest, org.apache.commons.math.stat.regression.GLSMultipleLinearRegressionTest, org.apache.commons.math.stat.regression.GLSMultipleLinearRegressionTest, org.apache.commons.math.stat.regression.OLSMultipleLinearRegressionTest, org.apache.commons.math.stat.regression.OLSMultipleLinearRegressionTest, org.apache.commons.math.stat.regression.SimpleRegressionTest, org.apache.commons.math.stat.regression.SimpleRegressionTest, org.apache.commons.math.transform.FastCosineTransformerTest, org.apache.commons.math.transform.FastCosineTransformerTest, org.apache.commons.math.transform.FastFourierTransformerTest, org.apache.commons.math.transform.FastFourierTransformerTest, org.apache.commons.math.transform.FastHadamardTransformerTest, org.apache.commons.math.transform.FastHadamardTransformerTest, org.apache.commons.math.transform.FastSineTransformerTest, org.apache.commons.math.transform.FastSineTransformerTest, org.apache.commons.math.util.ContinuedFractionTest, org.apache.commons.math.util.ContinuedFractionTest, org.apache.commons.math.util.DefaultTransformerTest, org.apache.commons.math.util.DefaultTransformerTest, org.apache.commons.math.util.MathUtilsTest, org.apache.commons.math.util.MathUtilsTest, org.apache.commons.math.util.OpenIntToDoubleHashMapTest, org.apache.commons.math.util.OpenIntToDoubleHashMapTest, org.apache.commons.math.util.ResizableDoubleArrayTest, org.apache.commons.math.util.ResizableDoubleArrayTest, org.apache.commons.math.util.TransformerMapTest, org.apache.commons.math.util.TransformerMapTest], complianceLevel=5, outputFolder=., json=true}
10:08:21.494 [main] INFO  fr.inria.lille.repair.nopol.NoPol - Available processors (cores): 4
10:08:21.540 [main] INFO  fr.inria.lille.repair.nopol.NoPol - Free memory: 937 MB
10:08:21.540 [main] INFO  fr.inria.lille.repair.nopol.NoPol - Maximum memory: 3 GB
10:08:21.540 [main] INFO  fr.inria.lille.repair.nopol.NoPol - Total memory available to JVM: 990 MB
10:08:21.540 [main] INFO  fr.inria.lille.repair.nopol.NoPol - Java version: 1.8.0_181
10:08:21.541 [main] INFO  fr.inria.lille.repair.nopol.NoPol - JAVA_HOME: /usr/lib/jvm/java-1.8.0-openjdk-amd64/bin/
10:08:21.542 [main] INFO  fr.inria.lille.repair.nopol.NoPol - PATH: /usr/lib/jvm/java-1.8.0-openjdk-amd64/bin/:/usr/lib/oar/oardodo:/usr/lib/oar/oardodo:/usr/local/bin:/usr/bin:/bin:/usr/games
10:08:35.271 [pool-2-thread-1] DEBUG fr.inria.lille.repair.nopol.NoPol - statement #1
10:08:35.272 [pool-2-thread-1] DEBUG fr.inria.lille.repair.nopol.NoPol - Analysing SourceLocation org.apache.commons.math.util.MathUtils:714 which is executed by 1 tests
-1550426518
10:08:35.608 [pool-2-thread-1] DEBUG fr.inria.lille.repair.nopol.NoPol - statement #2
10:08:35.608 [pool-2-thread-1] DEBUG fr.inria.lille.repair.nopol.NoPol - Analysing SourceLocation org.apache.commons.math.util.MathUtils:713 which is executed by 1 tests
-1550426518
10:08:35.736 [pool-2-thread-1] DEBUG fr.inria.lille.repair.nopol.NoPol - statement #3
10:08:35.737 [pool-2-thread-1] DEBUG fr.inria.lille.repair.nopol.NoPol - Analysing SourceLocation org.apache.commons.math.util.MathUtils:711 which is executed by 1 tests
-1550426518
10:08:35.860 [pool-2-thread-1] DEBUG fr.inria.lille.repair.nopol.NoPol - looking with class fr.inria.lille.repair.nopol.spoon.smt.ConditionalAdder
junit.framework.AssertionFailedError: expecting ArithmeticException
    at junit.framework.Assert.fail(Assert.java:57)
    at junit.framework.TestCase.fail(TestCase.java:227)
    at org.apache.commons.math.util.MathUtilsTest.testGcd(MathUtilsTest.java:437)
    at sun.reflect.NativeMethodAccessorImpl.invoke0(Native Method)
    at sun.reflect.NativeMethodAccessorImpl.invoke(NativeMethodAccessorImpl.java:62)
    at sun.reflect.DelegatingMethodAccessorImpl.invoke(DelegatingMethodAccessorImpl.java:43)
junit.framework.AssertionFailedError: Expecting ArithmeticException
    at junit.framework.Assert.fail(Assert.java:57)
    at junit.framework.TestCase.fail(TestCase.java:227)
    at org.apache.commons.math.util.MathUtilsTest.testLcm(MathUtilsTest.java:590)
    at sun.reflect.NativeMethodAccessorImpl.invoke0(Native Method)
    at sun.reflect.NativeMethodAccessorImpl.invoke(NativeMethodAccessorImpl.java:62)
    at sun.reflect.DelegatingMethodAccessorImpl.invoke(DelegatingMethodAccessorImpl.java:43)
10:08:36.291 [pool-4-thread-1] INFO  xxl.java.junit.TestCasesListener - Tests run finished (402 ms)
<> Total tests run: 44
<> Ignored tests: 0
<> Failed tests: 2
~ testGcd(org.apache.commons.math.util.MathUtilsTest)
[expecting ArithmeticException]
junit.framework.AssertionFailedError: expecting ArithmeticException    at junit.framework.Assert.fail(Assert.java:57)
    at junit.framework.TestCase.fail(TestCase.java:227)
    at org.apache.commons.math.util.MathUtilsTest.testGcd(MathUtilsTest.java:437)
    at sun.reflect.NativeMethodAccessorImpl.invoke0(Native Method)
    at sun.reflect.NativeMethodAccessorImpl.invoke(NativeMethodAccessorImpl.java:62)
    at sun.reflect.DelegatingMethodAccessorImpl.invoke(DelegatingMethodAccessorImpl.java:43)
~ testLcm(org.apache.commons.math.util.MathUtilsTest)
[Expecting ArithmeticException]
junit.framework.AssertionFailedError: Expecting ArithmeticException    at junit.framework.Assert.fail(Assert.java:57)
    at junit.framework.TestCase.fail(TestCase.java:227)
    at org.apache.commons.math.util.MathUtilsTest.testLcm(MathUtilsTest.java:590)
    at sun.reflect.NativeMethodAccessorImpl.invoke0(Native Method)
    at sun.reflect.NativeMethodAccessorImpl.invoke(NativeMethodAccessorImpl.java:62)
    at sun.reflect.DelegatingMethodAccessorImpl.invoke(DelegatingMethodAccessorImpl.java:43)

10:08:37.392 [pool-2-thread-1] DEBUG fr.inria.lille.repair.nopol.NoPol - statement #4
10:08:37.393 [pool-2-thread-1] DEBUG fr.inria.lille.repair.nopol.NoPol - Analysing SourceLocation org.apache.commons.math.util.MathUtils:710 which is executed by 1 tests
-1550426518
10:08:37.589 [pool-2-thread-1] DEBUG fr.inria.lille.repair.nopol.NoPol - looking with class fr.inria.lille.repair.nopol.spoon.smt.ConditionalAdder
junit.framework.AssertionFailedError: expecting ArithmeticException
    at junit.framework.Assert.fail(Assert.java:57)
    at junit.framework.TestCase.fail(TestCase.java:227)
    at org.apache.commons.math.util.MathUtilsTest.testGcd(MathUtilsTest.java:437)
    at sun.reflect.NativeMethodAccessorImpl.invoke0(Native Method)
    at sun.reflect.NativeMethodAccessorImpl.invoke(NativeMethodAccessorImpl.java:62)
    at sun.reflect.DelegatingMethodAccessorImpl.invoke(DelegatingMethodAccessorImpl.java:43)
junit.framework.AssertionFailedError: Expecting ArithmeticException
    at junit.framework.Assert.fail(Assert.java:57)
    at junit.framework.TestCase.fail(TestCase.java:227)
    at org.apache.commons.math.util.MathUtilsTest.testLcm(MathUtilsTest.java:590)
    at sun.reflect.NativeMethodAccessorImpl.invoke0(Native Method)
    at sun.reflect.NativeMethodAccessorImpl.invoke(NativeMethodAccessorImpl.java:62)
    at sun.reflect.DelegatingMethodAccessorImpl.invoke(DelegatingMethodAccessorImpl.java:43)
10:08:38.014 [pool-10-thread-1] INFO  xxl.java.junit.TestCasesListener - Tests run finished (420 ms)
<> Total tests run: 44
<> Ignored tests: 0
<> Failed tests: 2
~ testGcd(org.apache.commons.math.util.MathUtilsTest)
[expecting ArithmeticException]
junit.framework.AssertionFailedError: expecting ArithmeticException    at junit.framework.Assert.fail(Assert.java:57)
    at junit.framework.TestCase.fail(TestCase.java:227)
    at org.apache.commons.math.util.MathUtilsTest.testGcd(MathUtilsTest.java:437)
    at sun.reflect.NativeMethodAccessorImpl.invoke0(Native Method)
    at sun.reflect.NativeMethodAccessorImpl.invoke(NativeMethodAccessorImpl.java:62)
    at sun.reflect.DelegatingMethodAccessorImpl.invoke(DelegatingMethodAccessorImpl.java:43)
~ testLcm(org.apache.commons.math.util.MathUtilsTest)
[Expecting ArithmeticException]
junit.framework.AssertionFailedError: Expecting ArithmeticException    at junit.framework.Assert.fail(Assert.java:57)
    at junit.framework.TestCase.fail(TestCase.java:227)
    at org.apache.commons.math.util.MathUtilsTest.testLcm(MathUtilsTest.java:590)
    at sun.reflect.NativeMethodAccessorImpl.invoke0(Native Method)
    at sun.reflect.NativeMethodAccessorImpl.invoke(NativeMethodAccessorImpl.java:62)
    at sun.reflect.DelegatingMethodAccessorImpl.invoke(DelegatingMethodAccessorImpl.java:43)

10:08:38.302 [pool-2-thread-1] DEBUG fr.inria.lille.repair.nopol.NoPol - looking with class fr.inria.lille.repair.nopol.spoon.smt.ConditionalReplacer
junit.framework.AssertionFailedError: expecting ArithmeticException
    at junit.framework.Assert.fail(Assert.java:57)
    at junit.framework.TestCase.fail(TestCase.java:227)
    at org.apache.commons.math.util.MathUtilsTest.testGcd(MathUtilsTest.java:437)
    at sun.reflect.NativeMethodAccessorImpl.invoke0(Native Method)
    at sun.reflect.NativeMethodAccessorImpl.invoke(NativeMethodAccessorImpl.java:62)
    at sun.reflect.DelegatingMethodAccessorImpl.invoke(DelegatingMethodAccessorImpl.java:43)
junit.framework.AssertionFailedError: Expecting ArithmeticException
    at junit.framework.Assert.fail(Assert.java:57)
    at junit.framework.TestCase.fail(TestCase.java:227)
    at org.apache.commons.math.util.MathUtilsTest.testLcm(MathUtilsTest.java:590)
    at sun.reflect.NativeMethodAccessorImpl.invoke0(Native Method)
    at sun.reflect.NativeMethodAccessorImpl.invoke(NativeMethodAccessorImpl.java:62)
    at sun.reflect.DelegatingMethodAccessorImpl.invoke(DelegatingMethodAccessorImpl.java:43)
10:08:38.719 [pool-16-thread-1] INFO  xxl.java.junit.TestCasesListener - Tests run finished (410 ms)
<> Total tests run: 44
<> Ignored tests: 0
<> Failed tests: 2
~ testGcd(org.apache.commons.math.util.MathUtilsTest)
[expecting ArithmeticException]
junit.framework.AssertionFailedError: expecting ArithmeticException    at junit.framework.Assert.fail(Assert.java:57)
    at junit.framework.TestCase.fail(TestCase.java:227)
    at org.apache.commons.math.util.MathUtilsTest.testGcd(MathUtilsTest.java:437)
    at sun.reflect.NativeMethodAccessorImpl.invoke0(Native Method)
    at sun.reflect.NativeMethodAccessorImpl.invoke(NativeMethodAccessorImpl.java:62)
    at sun.reflect.DelegatingMethodAccessorImpl.invoke(DelegatingMethodAccessorImpl.java:43)
~ testLcm(org.apache.commons.math.util.MathUtilsTest)
[Expecting ArithmeticException]
junit.framework.AssertionFailedError: Expecting ArithmeticException    at junit.framework.Assert.fail(Assert.java:57)
    at junit.framework.TestCase.fail(TestCase.java:227)
    at org.apache.commons.math.util.MathUtilsTest.testLcm(MathUtilsTest.java:590)
    at sun.reflect.NativeMethodAccessorImpl.invoke0(Native Method)
    at sun.reflect.NativeMethodAccessorImpl.invoke(NativeMethodAccessorImpl.java:62)
    at sun.reflect.DelegatingMethodAccessorImpl.invoke(DelegatingMethodAccessorImpl.java:43)

10:08:38.959 [pool-2-thread-1] DEBUG fr.inria.lille.repair.nopol.NoPol - statement #5
10:08:38.959 [pool-2-thread-1] DEBUG fr.inria.lille.repair.nopol.NoPol - Analysing SourceLocation org.apache.commons.math.util.MathUtils:562 which is executed by 26 tests
-1550426518
10:08:39.077 [pool-2-thread-1] DEBUG fr.inria.lille.repair.nopol.NoPol - looking with class fr.inria.lille.repair.nopol.spoon.smt.ConditionalAdder
junit.framework.AssertionFailedError: expecting ArithmeticException
    at junit.framework.Assert.fail(Assert.java:57)
    at junit.framework.TestCase.fail(TestCase.java:227)
    at org.apache.commons.math.util.MathUtilsTest.testGcd(MathUtilsTest.java:437)
    at sun.reflect.NativeMethodAccessorImpl.invoke0(Native Method)
    at sun.reflect.NativeMethodAccessorImpl.invoke(NativeMethodAccessorImpl.java:62)
    at sun.reflect.DelegatingMethodAccessorImpl.invoke(DelegatingMethodAccessorImpl.java:43)
junit.framework.AssertionFailedError: Expecting ArithmeticException
    at junit.framework.Assert.fail(Assert.java:57)
    at junit.framework.TestCase.fail(TestCase.java:227)
    at org.apache.commons.math.util.MathUtilsTest.testLcm(MathUtilsTest.java:590)
    at sun.reflect.NativeMethodAccessorImpl.invoke0(Native Method)
    at sun.reflect.NativeMethodAccessorImpl.invoke(NativeMethodAccessorImpl.java:62)
    at sun.reflect.DelegatingMethodAccessorImpl.invoke(DelegatingMethodAccessorImpl.java:43)
junit.framework.AssertionFailedError: expecting ArithmeticException
    at junit.framework.Assert.fail(Assert.java:57)
    at junit.framework.TestCase.fail(TestCase.java:227)
    at org.apache.commons.math.util.MathUtilsTest.testGcd(MathUtilsTest.java:437)
    at sun.reflect.NativeMethodAccessorImpl.invoke0(Native Method)
    at sun.reflect.NativeMethodAccessorImpl.invoke(NativeMethodAccessorImpl.java:62)
    at sun.reflect.DelegatingMethodAccessorImpl.invoke(DelegatingMethodAccessorImpl.java:43)
junit.framework.AssertionFailedError: Expecting ArithmeticException
    at junit.framework.Assert.fail(Assert.java:57)
    at junit.framework.TestCase.fail(TestCase.java:227)
    at org.apache.commons.math.util.MathUtilsTest.testLcm(MathUtilsTest.java:590)
    at sun.reflect.NativeMethodAccessorImpl.invoke0(Native Method)
    at sun.reflect.NativeMethodAccessorImpl.invoke(NativeMethodAccessorImpl.java:62)
    at sun.reflect.DelegatingMethodAccessorImpl.invoke(DelegatingMethodAccessorImpl.java:43)
10:08:39.829 [pool-22-thread-1] INFO  xxl.java.junit.TestCasesListener - Tests run finished (748 ms)
<> Total tests run: 88
<> Ignored tests: 0
<> Failed tests: 4
~ testGcd(org.apache.commons.math.util.MathUtilsTest)
[expecting ArithmeticException]
junit.framework.AssertionFailedError: expecting ArithmeticException    at junit.framework.Assert.fail(Assert.java:57)
    at junit.framework.TestCase.fail(TestCase.java:227)
    at org.apache.commons.math.util.MathUtilsTest.testGcd(MathUtilsTest.java:437)
    at sun.reflect.NativeMethodAccessorImpl.invoke0(Native Method)
    at sun.reflect.NativeMethodAccessorImpl.invoke(NativeMethodAccessorImpl.java:62)
    at sun.reflect.DelegatingMethodAccessorImpl.invoke(DelegatingMethodAccessorImpl.java:43)
~ testLcm(org.apache.commons.math.util.MathUtilsTest)
[Expecting ArithmeticException]
junit.framework.AssertionFailedError: Expecting ArithmeticException    at junit.framework.Assert.fail(Assert.java:57)
    at junit.framework.TestCase.fail(TestCase.java:227)
    at org.apache.commons.math.util.MathUtilsTest.testLcm(MathUtilsTest.java:590)
    at sun.reflect.NativeMethodAccessorImpl.invoke0(Native Method)
    at sun.reflect.NativeMethodAccessorImpl.invoke(NativeMethodAccessorImpl.java:62)
    at sun.reflect.DelegatingMethodAccessorImpl.invoke(DelegatingMethodAccessorImpl.java:43)
~ testGcd(org.apache.commons.math.util.MathUtilsTest)
[expecting ArithmeticException]
junit.framework.AssertionFailedError: expecting ArithmeticException    at junit.framework.Assert.fail(Assert.java:57)
    at junit.framework.TestCase.fail(TestCase.java:227)
    at org.apache.commons.math.util.MathUtilsTest.testGcd(MathUtilsTest.java:437)
    at sun.reflect.NativeMethodAccessorImpl.invoke0(Native Method)
    at sun.reflect.NativeMethodAccessorImpl.invoke(NativeMethodAccessorImpl.java:62)
    at sun.reflect.DelegatingMethodAccessorImpl.invoke(DelegatingMethodAccessorImpl.java:43)
~ testLcm(org.apache.commons.math.util.MathUtilsTest)
[Expecting ArithmeticException]
junit.framework.AssertionFailedError: Expecting ArithmeticException    at junit.framework.Assert.fail(Assert.java:57)
    at junit.framework.TestCase.fail(TestCase.java:227)
    at org.apache.commons.math.util.MathUtilsTest.testLcm(MathUtilsTest.java:590)
    at sun.reflect.NativeMethodAccessorImpl.invoke0(Native Method)
    at sun.reflect.NativeMethodAccessorImpl.invoke(NativeMethodAccessorImpl.java:62)
    at sun.reflect.DelegatingMethodAccessorImpl.invoke(DelegatingMethodAccessorImpl.java:43)

10:08:40.059 [pool-2-thread-1] DEBUG fr.inria.lille.repair.nopol.NoPol - statement #6
10:08:40.059 [pool-2-thread-1] DEBUG fr.inria.lille.repair.nopol.NoPol - Analysing SourceLocation org.apache.commons.math.util.MathUtils:561 which is executed by 26 tests
-1550426518
10:08:40.175 [pool-2-thread-1] DEBUG fr.inria.lille.repair.nopol.NoPol - looking with class fr.inria.lille.repair.nopol.spoon.smt.ConditionalAdder
junit.framework.AssertionFailedError: expecting ArithmeticException
    at junit.framework.Assert.fail(Assert.java:57)
    at junit.framework.TestCase.fail(TestCase.java:227)
    at org.apache.commons.math.util.MathUtilsTest.testGcd(MathUtilsTest.java:437)
    at sun.reflect.NativeMethodAccessorImpl.invoke0(Native Method)
    at sun.reflect.NativeMethodAccessorImpl.invoke(NativeMethodAccessorImpl.java:62)
    at sun.reflect.DelegatingMethodAccessorImpl.invoke(DelegatingMethodAccessorImpl.java:43)
junit.framework.AssertionFailedError: Expecting ArithmeticException
    at junit.framework.Assert.fail(Assert.java:57)
    at junit.framework.TestCase.fail(TestCase.java:227)
    at org.apache.commons.math.util.MathUtilsTest.testLcm(MathUtilsTest.java:590)
    at sun.reflect.NativeMethodAccessorImpl.invoke0(Native Method)
    at sun.reflect.NativeMethodAccessorImpl.invoke(NativeMethodAccessorImpl.java:62)
    at sun.reflect.DelegatingMethodAccessorImpl.invoke(DelegatingMethodAccessorImpl.java:43)
junit.framework.AssertionFailedError: expecting ArithmeticException
    at junit.framework.Assert.fail(Assert.java:57)
    at junit.framework.TestCase.fail(TestCase.java:227)
    at org.apache.commons.math.util.MathUtilsTest.testGcd(MathUtilsTest.java:437)
    at sun.reflect.NativeMethodAccessorImpl.invoke0(Native Method)
    at sun.reflect.NativeMethodAccessorImpl.invoke(NativeMethodAccessorImpl.java:62)
    at sun.reflect.DelegatingMethodAccessorImpl.invoke(DelegatingMethodAccessorImpl.java:43)
junit.framework.AssertionFailedError: Expecting ArithmeticException
    at junit.framework.Assert.fail(Assert.java:57)
    at junit.framework.TestCase.fail(TestCase.java:227)
    at org.apache.commons.math.util.MathUtilsTest.testLcm(MathUtilsTest.java:590)
    at sun.reflect.NativeMethodAccessorImpl.invoke0(Native Method)
    at sun.reflect.NativeMethodAccessorImpl.invoke(NativeMethodAccessorImpl.java:62)
    at sun.reflect.DelegatingMethodAccessorImpl.invoke(DelegatingMethodAccessorImpl.java:43)
10:08:40.913 [pool-28-thread-1] INFO  xxl.java.junit.TestCasesListener - Tests run finished (732 ms)
<> Total tests run: 88
<> Ignored tests: 0
<> Failed tests: 4
~ testGcd(org.apache.commons.math.util.MathUtilsTest)
[expecting ArithmeticException]
junit.framework.AssertionFailedError: expecting ArithmeticException    at junit.framework.Assert.fail(Assert.java:57)
    at junit.framework.TestCase.fail(TestCase.java:227)
    at org.apache.commons.math.util.MathUtilsTest.testGcd(MathUtilsTest.java:437)
    at sun.reflect.NativeMethodAccessorImpl.invoke0(Native Method)
    at sun.reflect.NativeMethodAccessorImpl.invoke(NativeMethodAccessorImpl.java:62)
    at sun.reflect.DelegatingMethodAccessorImpl.invoke(DelegatingMethodAccessorImpl.java:43)
~ testLcm(org.apache.commons.math.util.MathUtilsTest)
[Expecting ArithmeticException]
junit.framework.AssertionFailedError: Expecting ArithmeticException    at junit.framework.Assert.fail(Assert.java:57)
    at junit.framework.TestCase.fail(TestCase.java:227)
    at org.apache.commons.math.util.MathUtilsTest.testLcm(MathUtilsTest.java:590)
    at sun.reflect.NativeMethodAccessorImpl.invoke0(Native Method)
    at sun.reflect.NativeMethodAccessorImpl.invoke(NativeMethodAccessorImpl.java:62)
    at sun.reflect.DelegatingMethodAccessorImpl.invoke(DelegatingMethodAccessorImpl.java:43)
~ testGcd(org.apache.commons.math.util.MathUtilsTest)
[expecting ArithmeticException]
junit.framework.AssertionFailedError: expecting ArithmeticException    at junit.framework.Assert.fail(Assert.java:57)
    at junit.framework.TestCase.fail(TestCase.java:227)
    at org.apache.commons.math.util.MathUtilsTest.testGcd(MathUtilsTest.java:437)
    at sun.reflect.NativeMethodAccessorImpl.invoke0(Native Method)
    at sun.reflect.NativeMethodAccessorImpl.invoke(NativeMethodAccessorImpl.java:62)
    at sun.reflect.DelegatingMethodAccessorImpl.invoke(DelegatingMethodAccessorImpl.java:43)
~ testLcm(org.apache.commons.math.util.MathUtilsTest)
[Expecting ArithmeticException]
junit.framework.AssertionFailedError: Expecting ArithmeticException    at junit.framework.Assert.fail(Assert.java:57)
    at junit.framework.TestCase.fail(TestCase.java:227)
    at org.apache.commons.math.util.MathUtilsTest.testLcm(MathUtilsTest.java:590)
    at sun.reflect.NativeMethodAccessorImpl.invoke0(Native Method)
    at sun.reflect.NativeMethodAccessorImpl.invoke(NativeMethodAccessorImpl.java:62)
    at sun.reflect.DelegatingMethodAccessorImpl.invoke(DelegatingMethodAccessorImpl.java:43)

10:08:41.137 [pool-2-thread-1] DEBUG fr.inria.lille.repair.nopol.NoPol - statement #7
10:08:41.137 [pool-2-thread-1] DEBUG fr.inria.lille.repair.nopol.NoPol - Analysing SourceLocation org.apache.commons.math.util.MathUtils:560 which is executed by 26 tests
-1550426518
10:08:41.255 [pool-2-thread-1] DEBUG fr.inria.lille.repair.nopol.NoPol - looking with class fr.inria.lille.repair.nopol.spoon.smt.ConditionalAdder
junit.framework.AssertionFailedError: expecting ArithmeticException
    at junit.framework.Assert.fail(Assert.java:57)
    at junit.framework.TestCase.fail(TestCase.java:227)
    at org.apache.commons.math.util.MathUtilsTest.testGcd(MathUtilsTest.java:437)
    at sun.reflect.NativeMethodAccessorImpl.invoke0(Native Method)
    at sun.reflect.NativeMethodAccessorImpl.invoke(NativeMethodAccessorImpl.java:62)
    at sun.reflect.DelegatingMethodAccessorImpl.invoke(DelegatingMethodAccessorImpl.java:43)
junit.framework.AssertionFailedError: Expecting ArithmeticException
    at junit.framework.Assert.fail(Assert.java:57)
    at junit.framework.TestCase.fail(TestCase.java:227)
    at org.apache.commons.math.util.MathUtilsTest.testLcm(MathUtilsTest.java:590)
    at sun.reflect.NativeMethodAccessorImpl.invoke0(Native Method)
    at sun.reflect.NativeMethodAccessorImpl.invoke(NativeMethodAccessorImpl.java:62)
    at sun.reflect.DelegatingMethodAccessorImpl.invoke(DelegatingMethodAccessorImpl.java:43)
junit.framework.AssertionFailedError: expecting ArithmeticException
    at junit.framework.Assert.fail(Assert.java:57)
    at junit.framework.TestCase.fail(TestCase.java:227)
    at org.apache.commons.math.util.MathUtilsTest.testGcd(MathUtilsTest.java:437)
    at sun.reflect.NativeMethodAccessorImpl.invoke0(Native Method)
    at sun.reflect.NativeMethodAccessorImpl.invoke(NativeMethodAccessorImpl.java:62)
    at sun.reflect.DelegatingMethodAccessorImpl.invoke(DelegatingMethodAccessorImpl.java:43)
junit.framework.AssertionFailedError: Expecting ArithmeticException
    at junit.framework.Assert.fail(Assert.java:57)
    at junit.framework.TestCase.fail(TestCase.java:227)
    at org.apache.commons.math.util.MathUtilsTest.testLcm(MathUtilsTest.java:590)
    at sun.reflect.NativeMethodAccessorImpl.invoke0(Native Method)
    at sun.reflect.NativeMethodAccessorImpl.invoke(NativeMethodAccessorImpl.java:62)
    at sun.reflect.DelegatingMethodAccessorImpl.invoke(DelegatingMethodAccessorImpl.java:43)
10:08:41.965 [pool-34-thread-1] INFO  xxl.java.junit.TestCasesListener - Tests run finished (705 ms)
<> Total tests run: 88
<> Ignored tests: 0
<> Failed tests: 4
~ testGcd(org.apache.commons.math.util.MathUtilsTest)
[expecting ArithmeticException]
junit.framework.AssertionFailedError: expecting ArithmeticException    at junit.framework.Assert.fail(Assert.java:57)
    at junit.framework.TestCase.fail(TestCase.java:227)
    at org.apache.commons.math.util.MathUtilsTest.testGcd(MathUtilsTest.java:437)
    at sun.reflect.NativeMethodAccessorImpl.invoke0(Native Method)
    at sun.reflect.NativeMethodAccessorImpl.invoke(NativeMethodAccessorImpl.java:62)
    at sun.reflect.DelegatingMethodAccessorImpl.invoke(DelegatingMethodAccessorImpl.java:43)
~ testLcm(org.apache.commons.math.util.MathUtilsTest)
[Expecting ArithmeticException]
junit.framework.AssertionFailedError: Expecting ArithmeticException    at junit.framework.Assert.fail(Assert.java:57)
    at junit.framework.TestCase.fail(TestCase.java:227)
    at org.apache.commons.math.util.MathUtilsTest.testLcm(MathUtilsTest.java:590)
    at sun.reflect.NativeMethodAccessorImpl.invoke0(Native Method)
    at sun.reflect.NativeMethodAccessorImpl.invoke(NativeMethodAccessorImpl.java:62)
    at sun.reflect.DelegatingMethodAccessorImpl.invoke(DelegatingMethodAccessorImpl.java:43)
~ testGcd(org.apache.commons.math.util.MathUtilsTest)
[expecting ArithmeticException]
junit.framework.AssertionFailedError: expecting ArithmeticException    at junit.framework.Assert.fail(Assert.java:57)
    at junit.framework.TestCase.fail(TestCase.java:227)
    at org.apache.commons.math.util.MathUtilsTest.testGcd(MathUtilsTest.java:437)
    at sun.reflect.NativeMethodAccessorImpl.invoke0(Native Method)
    at sun.reflect.NativeMethodAccessorImpl.invoke(NativeMethodAccessorImpl.java:62)
    at sun.reflect.DelegatingMethodAccessorImpl.invoke(DelegatingMethodAccessorImpl.java:43)
~ testLcm(org.apache.commons.math.util.MathUtilsTest)
[Expecting ArithmeticException]
junit.framework.AssertionFailedError: Expecting ArithmeticException    at junit.framework.Assert.fail(Assert.java:57)
    at junit.framework.TestCase.fail(TestCase.java:227)
    at org.apache.commons.math.util.MathUtilsTest.testLcm(MathUtilsTest.java:590)
    at sun.reflect.NativeMethodAccessorImpl.invoke0(Native Method)
    at sun.reflect.NativeMethodAccessorImpl.invoke(NativeMethodAccessorImpl.java:62)
    at sun.reflect.DelegatingMethodAccessorImpl.invoke(DelegatingMethodAccessorImpl.java:43)

10:08:42.179 [pool-2-thread-1] DEBUG fr.inria.lille.repair.nopol.NoPol - statement #8
10:08:42.179 [pool-2-thread-1] DEBUG fr.inria.lille.repair.nopol.NoPol - Analysing SourceLocation org.apache.commons.math.util.MathUtils:582 which is executed by 38 tests
-1550426518
10:08:42.325 [pool-2-thread-1] DEBUG fr.inria.lille.repair.nopol.NoPol - looking with class fr.inria.lille.repair.nopol.spoon.smt.ConditionalAdder
junit.framework.AssertionFailedError: expecting ArithmeticException
    at junit.framework.Assert.fail(Assert.java:57)
    at junit.framework.TestCase.fail(TestCase.java:227)
    at org.apache.commons.math.util.MathUtilsTest.testGcd(MathUtilsTest.java:437)
    at sun.reflect.NativeMethodAccessorImpl.invoke0(Native Method)
    at sun.reflect.NativeMethodAccessorImpl.invoke(NativeMethodAccessorImpl.java:62)
    at sun.reflect.DelegatingMethodAccessorImpl.invoke(DelegatingMethodAccessorImpl.java:43)
junit.framework.AssertionFailedError: Expecting ArithmeticException
    at junit.framework.Assert.fail(Assert.java:57)
    at junit.framework.TestCase.fail(TestCase.java:227)
    at org.apache.commons.math.util.MathUtilsTest.testLcm(MathUtilsTest.java:590)
    at sun.reflect.NativeMethodAccessorImpl.invoke0(Native Method)
    at sun.reflect.NativeMethodAccessorImpl.invoke(NativeMethodAccessorImpl.java:62)
    at sun.reflect.DelegatingMethodAccessorImpl.invoke(DelegatingMethodAccessorImpl.java:43)
junit.framework.AssertionFailedError: expecting ArithmeticException
    at junit.framework.Assert.fail(Assert.java:57)
    at junit.framework.TestCase.fail(TestCase.java:227)
    at org.apache.commons.math.util.MathUtilsTest.testGcd(MathUtilsTest.java:437)
    at sun.reflect.NativeMethodAccessorImpl.invoke0(Native Method)
    at sun.reflect.NativeMethodAccessorImpl.invoke(NativeMethodAccessorImpl.java:62)
    at sun.reflect.DelegatingMethodAccessorImpl.invoke(DelegatingMethodAccessorImpl.java:43)
junit.framework.AssertionFailedError: Expecting ArithmeticException
    at junit.framework.Assert.fail(Assert.java:57)
    at junit.framework.TestCase.fail(TestCase.java:227)
    at org.apache.commons.math.util.MathUtilsTest.testLcm(MathUtilsTest.java:590)
    at sun.reflect.NativeMethodAccessorImpl.invoke0(Native Method)
    at sun.reflect.NativeMethodAccessorImpl.invoke(NativeMethodAccessorImpl.java:62)
    at sun.reflect.DelegatingMethodAccessorImpl.invoke(DelegatingMethodAccessorImpl.java:43)
10:08:43.098 [pool-40-thread-1] INFO  xxl.java.junit.TestCasesListener - Tests run finished (759 ms)
<> Total tests run: 88
<> Ignored tests: 0
<> Failed tests: 4
~ testGcd(org.apache.commons.math.util.MathUtilsTest)
[expecting ArithmeticException]
junit.framework.AssertionFailedError: expecting ArithmeticException    at junit.framework.Assert.fail(Assert.java:57)
    at junit.framework.TestCase.fail(TestCase.java:227)
    at org.apache.commons.math.util.MathUtilsTest.testGcd(MathUtilsTest.java:437)
    at sun.reflect.NativeMethodAccessorImpl.invoke0(Native Method)
    at sun.reflect.NativeMethodAccessorImpl.invoke(NativeMethodAccessorImpl.java:62)
    at sun.reflect.DelegatingMethodAccessorImpl.invoke(DelegatingMethodAccessorImpl.java:43)
~ testLcm(org.apache.commons.math.util.MathUtilsTest)
[Expecting ArithmeticException]
junit.framework.AssertionFailedError: Expecting ArithmeticException    at junit.framework.Assert.fail(Assert.java:57)
    at junit.framework.TestCase.fail(TestCase.java:227)
    at org.apache.commons.math.util.MathUtilsTest.testLcm(MathUtilsTest.java:590)
    at sun.reflect.NativeMethodAccessorImpl.invoke0(Native Method)
    at sun.reflect.NativeMethodAccessorImpl.invoke(NativeMethodAccessorImpl.java:62)
    at sun.reflect.DelegatingMethodAccessorImpl.invoke(DelegatingMethodAccessorImpl.java:43)
~ testGcd(org.apache.commons.math.util.MathUtilsTest)
[expecting ArithmeticException]
junit.framework.AssertionFailedError: expecting ArithmeticException    at junit.framework.Assert.fail(Assert.java:57)
    at junit.framework.TestCase.fail(TestCase.java:227)
    at org.apache.commons.math.util.MathUtilsTest.testGcd(MathUtilsTest.java:437)
    at sun.reflect.NativeMethodAccessorImpl.invoke0(Native Method)
    at sun.reflect.NativeMethodAccessorImpl.invoke(NativeMethodAccessorImpl.java:62)
    at sun.reflect.DelegatingMethodAccessorImpl.invoke(DelegatingMethodAccessorImpl.java:43)
~ testLcm(org.apache.commons.math.util.MathUtilsTest)
[Expecting ArithmeticException]
junit.framework.AssertionFailedError: Expecting ArithmeticException    at junit.framework.Assert.fail(Assert.java:57)
    at junit.framework.TestCase.fail(TestCase.java:227)
    at org.apache.commons.math.util.MathUtilsTest.testLcm(MathUtilsTest.java:590)
    at sun.reflect.NativeMethodAccessorImpl.invoke0(Native Method)
    at sun.reflect.NativeMethodAccessorImpl.invoke(NativeMethodAccessorImpl.java:62)
    at sun.reflect.DelegatingMethodAccessorImpl.invoke(DelegatingMethodAccessorImpl.java:43)

10:09:31.607 [pool-2-thread-1] DEBUG fr.inria.lille.repair.nopol.NoPol - statement #9
10:09:31.607 [pool-2-thread-1] DEBUG fr.inria.lille.repair.nopol.NoPol - Analysing SourceLocation org.apache.commons.math.util.MathUtils:578 which is executed by 42 tests
-1550426518
10:09:34.978 [pool-2-thread-1] DEBUG fr.inria.lille.repair.nopol.NoPol - looking with class fr.inria.lille.repair.nopol.spoon.smt.ConditionalAdder
junit.framework.AssertionFailedError: expecting ArithmeticException
    at junit.framework.Assert.fail(Assert.java:57)
    at junit.framework.TestCase.fail(TestCase.java:227)
    at org.apache.commons.math.util.MathUtilsTest.testGcd(MathUtilsTest.java:437)
    at sun.reflect.NativeMethodAccessorImpl.invoke0(Native Method)
    at sun.reflect.NativeMethodAccessorImpl.invoke(NativeMethodAccessorImpl.java:62)
    at sun.reflect.DelegatingMethodAccessorImpl.invoke(DelegatingMethodAccessorImpl.java:43)
junit.framework.AssertionFailedError: Expecting ArithmeticException
    at junit.framework.Assert.fail(Assert.java:57)
    at junit.framework.TestCase.fail(TestCase.java:227)
    at org.apache.commons.math.util.MathUtilsTest.testLcm(MathUtilsTest.java:590)
    at sun.reflect.NativeMethodAccessorImpl.invoke0(Native Method)
    at sun.reflect.NativeMethodAccessorImpl.invoke(NativeMethodAccessorImpl.java:62)
    at sun.reflect.DelegatingMethodAccessorImpl.invoke(DelegatingMethodAccessorImpl.java:43)
junit.framework.AssertionFailedError: expecting ArithmeticException
    at junit.framework.Assert.fail(Assert.java:57)
    at junit.framework.TestCase.fail(TestCase.java:227)
    at org.apache.commons.math.util.MathUtilsTest.testGcd(MathUtilsTest.java:437)
    at sun.reflect.NativeMethodAccessorImpl.invoke0(Native Method)
    at sun.reflect.NativeMethodAccessorImpl.invoke(NativeMethodAccessorImpl.java:62)
    at sun.reflect.DelegatingMethodAccessorImpl.invoke(DelegatingMethodAccessorImpl.java:43)
junit.framework.AssertionFailedError: Expecting ArithmeticException
    at junit.framework.Assert.fail(Assert.java:57)
    at junit.framework.TestCase.fail(TestCase.java:227)
    at org.apache.commons.math.util.MathUtilsTest.testLcm(MathUtilsTest.java:590)
    at sun.reflect.NativeMethodAccessorImpl.invoke0(Native Method)
    at sun.reflect.NativeMethodAccessorImpl.invoke(NativeMethodAccessorImpl.java:62)
    at sun.reflect.DelegatingMethodAccessorImpl.invoke(DelegatingMethodAccessorImpl.java:43)
10:09:37.108 [pool-46-thread-1] INFO  xxl.java.junit.TestCasesListener - Tests run finished (686 ms)
<> Total tests run: 88
<> Ignored tests: 0
<> Failed tests: 4
~ testGcd(org.apache.commons.math.util.MathUtilsTest)
[expecting ArithmeticException]
junit.framework.AssertionFailedError: expecting ArithmeticException    at junit.framework.Assert.fail(Assert.java:57)
    at junit.framework.TestCase.fail(TestCase.java:227)
    at org.apache.commons.math.util.MathUtilsTest.testGcd(MathUtilsTest.java:437)
    at sun.reflect.NativeMethodAccessorImpl.invoke0(Native Method)
    at sun.reflect.NativeMethodAccessorImpl.invoke(NativeMethodAccessorImpl.java:62)
    at sun.reflect.DelegatingMethodAccessorImpl.invoke(DelegatingMethodAccessorImpl.java:43)
~ testLcm(org.apache.commons.math.util.MathUtilsTest)
[Expecting ArithmeticException]
junit.framework.AssertionFailedError: Expecting ArithmeticException    at junit.framework.Assert.fail(Assert.java:57)
    at junit.framework.TestCase.fail(TestCase.java:227)
    at org.apache.commons.math.util.MathUtilsTest.testLcm(MathUtilsTest.java:590)
    at sun.reflect.NativeMethodAccessorImpl.invoke0(Native Method)
    at sun.reflect.NativeMethodAccessorImpl.invoke(NativeMethodAccessorImpl.java:62)
    at sun.reflect.DelegatingMethodAccessorImpl.invoke(DelegatingMethodAccessorImpl.java:43)
~ testGcd(org.apache.commons.math.util.MathUtilsTest)
[expecting ArithmeticException]
junit.framework.AssertionFailedError: expecting ArithmeticException    at junit.framework.Assert.fail(Assert.java:57)
    at junit.framework.TestCase.fail(TestCase.java:227)
    at org.apache.commons.math.util.MathUtilsTest.testGcd(MathUtilsTest.java:437)
    at sun.reflect.NativeMethodAccessorImpl.invoke0(Native Method)
    at sun.reflect.NativeMethodAccessorImpl.invoke(NativeMethodAccessorImpl.java:62)
    at sun.reflect.DelegatingMethodAccessorImpl.invoke(DelegatingMethodAccessorImpl.java:43)
~ testLcm(org.apache.commons.math.util.MathUtilsTest)
[Expecting ArithmeticException]
junit.framework.AssertionFailedError: Expecting ArithmeticException    at junit.framework.Assert.fail(Assert.java:57)
    at junit.framework.TestCase.fail(TestCase.java:227)
    at org.apache.commons.math.util.MathUtilsTest.testLcm(MathUtilsTest.java:590)
    at sun.reflect.NativeMethodAccessorImpl.invoke0(Native Method)
    at sun.reflect.NativeMethodAccessorImpl.invoke(NativeMethodAccessorImpl.java:62)
    at sun.reflect.DelegatingMethodAccessorImpl.invoke(DelegatingMethodAccessorImpl.java:43)

10:10:18.285 [pool-2-thread-1] DEBUG fr.inria.lille.repair.nopol.NoPol - statement #10
10:10:18.286 [pool-2-thread-1] DEBUG fr.inria.lille.repair.nopol.NoPol - Analysing SourceLocation org.apache.commons.math.util.MathUtils:551 which is executed by 43 tests
-1550426518
10:10:23.120 [pool-2-thread-1] DEBUG fr.inria.lille.repair.nopol.NoPol - looking with class fr.inria.lille.repair.nopol.spoon.smt.ConditionalAdder
junit.framework.AssertionFailedError: expecting ArithmeticException
    at junit.framework.Assert.fail(Assert.java:57)
    at junit.framework.TestCase.fail(TestCase.java:227)
    at org.apache.commons.math.util.MathUtilsTest.testGcd(MathUtilsTest.java:437)
    at sun.reflect.NativeMethodAccessorImpl.invoke0(Native Method)
    at sun.reflect.NativeMethodAccessorImpl.invoke(NativeMethodAccessorImpl.java:62)
    at sun.reflect.DelegatingMethodAccessorImpl.invoke(DelegatingMethodAccessorImpl.java:43)
junit.framework.AssertionFailedError: Expecting ArithmeticException
    at junit.framework.Assert.fail(Assert.java:57)
    at junit.framework.TestCase.fail(TestCase.java:227)
    at org.apache.commons.math.util.MathUtilsTest.testLcm(MathUtilsTest.java:590)
    at sun.reflect.NativeMethodAccessorImpl.invoke0(Native Method)
    at sun.reflect.NativeMethodAccessorImpl.invoke(NativeMethodAccessorImpl.java:62)
    at sun.reflect.DelegatingMethodAccessorImpl.invoke(DelegatingMethodAccessorImpl.java:43)
junit.framework.AssertionFailedError: expecting ArithmeticException
    at junit.framework.Assert.fail(Assert.java:57)
    at junit.framework.TestCase.fail(TestCase.java:227)
    at org.apache.commons.math.util.MathUtilsTest.testGcd(MathUtilsTest.java:437)
    at sun.reflect.NativeMethodAccessorImpl.invoke0(Native Method)
    at sun.reflect.NativeMethodAccessorImpl.invoke(NativeMethodAccessorImpl.java:62)
    at sun.reflect.DelegatingMethodAccessorImpl.invoke(DelegatingMethodAccessorImpl.java:43)
junit.framework.AssertionFailedError: Expecting ArithmeticException
    at junit.framework.Assert.fail(Assert.java:57)
    at junit.framework.TestCase.fail(TestCase.java:227)
    at org.apache.commons.math.util.MathUtilsTest.testLcm(MathUtilsTest.java:590)
    at sun.reflect.NativeMethodAccessorImpl.invoke0(Native Method)
    at sun.reflect.NativeMethodAccessorImpl.invoke(NativeMethodAccessorImpl.java:62)
    at sun.reflect.DelegatingMethodAccessorImpl.invoke(DelegatingMethodAccessorImpl.java:43)
10:10:23.837 [pool-52-thread-1] INFO  xxl.java.junit.TestCasesListener - Tests run finished (705 ms)
<> Total tests run: 88
<> Ignored tests: 0
<> Failed tests: 4
~ testGcd(org.apache.commons.math.util.MathUtilsTest)
[expecting ArithmeticException]
junit.framework.AssertionFailedError: expecting ArithmeticException    at junit.framework.Assert.fail(Assert.java:57)
    at junit.framework.TestCase.fail(TestCase.java:227)
    at org.apache.commons.math.util.MathUtilsTest.testGcd(MathUtilsTest.java:437)
    at sun.reflect.NativeMethodAccessorImpl.invoke0(Native Method)
    at sun.reflect.NativeMethodAccessorImpl.invoke(NativeMethodAccessorImpl.java:62)
    at sun.reflect.DelegatingMethodAccessorImpl.invoke(DelegatingMethodAccessorImpl.java:43)
~ testLcm(org.apache.commons.math.util.MathUtilsTest)
[Expecting ArithmeticException]
junit.framework.AssertionFailedError: Expecting ArithmeticException    at junit.framework.Assert.fail(Assert.java:57)
    at junit.framework.TestCase.fail(TestCase.java:227)
    at org.apache.commons.math.util.MathUtilsTest.testLcm(MathUtilsTest.java:590)
    at sun.reflect.NativeMethodAccessorImpl.invoke0(Native Method)
    at sun.reflect.NativeMethodAccessorImpl.invoke(NativeMethodAccessorImpl.java:62)
    at sun.reflect.DelegatingMethodAccessorImpl.invoke(DelegatingMethodAccessorImpl.java:43)
~ testGcd(org.apache.commons.math.util.MathUtilsTest)
[expecting ArithmeticException]
junit.framework.AssertionFailedError: expecting ArithmeticException    at junit.framework.Assert.fail(Assert.java:57)
    at junit.framework.TestCase.fail(TestCase.java:227)
    at org.apache.commons.math.util.MathUtilsTest.testGcd(MathUtilsTest.java:437)
    at sun.reflect.NativeMethodAccessorImpl.invoke0(Native Method)
    at sun.reflect.NativeMethodAccessorImpl.invoke(NativeMethodAccessorImpl.java:62)
    at sun.reflect.DelegatingMethodAccessorImpl.invoke(DelegatingMethodAccessorImpl.java:43)
~ testLcm(org.apache.commons.math.util.MathUtilsTest)
[Expecting ArithmeticException]
junit.framework.AssertionFailedError: Expecting ArithmeticException    at junit.framework.Assert.fail(Assert.java:57)
    at junit.framework.TestCase.fail(TestCase.java:227)
    at org.apache.commons.math.util.MathUtilsTest.testLcm(MathUtilsTest.java:590)
    at sun.reflect.NativeMethodAccessorImpl.invoke0(Native Method)
    at sun.reflect.NativeMethodAccessorImpl.invoke(NativeMethodAccessorImpl.java:62)
    at sun.reflect.DelegatingMethodAccessorImpl.invoke(DelegatingMethodAccessorImpl.java:43)

10:13:44.041 [pool-51-thread-1] DEBUG xxl.java.junit.TestSuiteExecution - Timeout after 200 seconds. Infinite loop?
10:13:44.041 [pool-2-thread-1] ERROR fr.inria.lille.repair.nopol.NoPol - Error ExecutionException java.util.concurrent.ExecutionException: java.lang.RuntimeException: java.util.concurrent.TimeoutException
10:13:44.041 [pool-2-thread-1] DEBUG fr.inria.lille.repair.nopol.NoPol - statement #11
10:13:44.041 [pool-2-thread-1] DEBUG fr.inria.lille.repair.nopol.NoPol - Analysing SourceLocation org.apache.commons.math.util.MathUtils:543 which is executed by 11 tests
-1550426518
10:13:44.158 [pool-2-thread-1] DEBUG fr.inria.lille.repair.nopol.NoPol - looking with class fr.inria.lille.repair.nopol.spoon.smt.ConditionalAdder
junit.framework.AssertionFailedError: expecting ArithmeticException
    at junit.framework.Assert.fail(Assert.java:57)
    at junit.framework.TestCase.fail(TestCase.java:227)
    at org.apache.commons.math.util.MathUtilsTest.testGcd(MathUtilsTest.java:437)
    at sun.reflect.NativeMethodAccessorImpl.invoke0(Native Method)
    at sun.reflect.NativeMethodAccessorImpl.invoke(NativeMethodAccessorImpl.java:62)
    at sun.reflect.DelegatingMethodAccessorImpl.invoke(DelegatingMethodAccessorImpl.java:43)
junit.framework.AssertionFailedError: Expecting ArithmeticException
    at junit.framework.Assert.fail(Assert.java:57)
    at junit.framework.TestCase.fail(TestCase.java:227)
    at org.apache.commons.math.util.MathUtilsTest.testLcm(MathUtilsTest.java:590)
    at sun.reflect.NativeMethodAccessorImpl.invoke0(Native Method)
    at sun.reflect.NativeMethodAccessorImpl.invoke(NativeMethodAccessorImpl.java:62)
    at sun.reflect.DelegatingMethodAccessorImpl.invoke(DelegatingMethodAccessorImpl.java:43)
10:13:47.575 [pool-55-thread-1] INFO  xxl.java.junit.TestCasesListener - Tests run finished (1548 ms)
<> Total tests run: 44
<> Ignored tests: 0
<> Failed tests: 2
~ testGcd(org.apache.commons.math.util.MathUtilsTest)
[expecting ArithmeticException]
junit.framework.AssertionFailedError: expecting ArithmeticException    at junit.framework.Assert.fail(Assert.java:57)
    at junit.framework.TestCase.fail(TestCase.java:227)
    at org.apache.commons.math.util.MathUtilsTest.testGcd(MathUtilsTest.java:437)
    at sun.reflect.NativeMethodAccessorImpl.invoke0(Native Method)
    at sun.reflect.NativeMethodAccessorImpl.invoke(NativeMethodAccessorImpl.java:62)
    at sun.reflect.DelegatingMethodAccessorImpl.invoke(DelegatingMethodAccessorImpl.java:43)
~ testLcm(org.apache.commons.math.util.MathUtilsTest)
[Expecting ArithmeticException]
junit.framework.AssertionFailedError: Expecting ArithmeticException    at junit.framework.Assert.fail(Assert.java:57)
    at junit.framework.TestCase.fail(TestCase.java:227)
    at org.apache.commons.math.util.MathUtilsTest.testLcm(MathUtilsTest.java:590)
    at sun.reflect.NativeMethodAccessorImpl.invoke0(Native Method)
    at sun.reflect.NativeMethodAccessorImpl.invoke(NativeMethodAccessorImpl.java:62)
    at sun.reflect.DelegatingMethodAccessorImpl.invoke(DelegatingMethodAccessorImpl.java:43)

10:13:47.894 [pool-2-thread-1] DEBUG fr.inria.lille.repair.nopol.NoPol - statement #12
10:13:47.895 [pool-2-thread-1] DEBUG fr.inria.lille.repair.nopol.NoPol - Analysing SourceLocation org.apache.commons.math.util.MathUtils:584 which is executed by 46 tests
-1550426518
10:13:48.025 [pool-2-thread-1] DEBUG fr.inria.lille.repair.nopol.NoPol - looking with class fr.inria.lille.repair.nopol.spoon.smt.ConditionalAdder
junit.framework.AssertionFailedError: expecting ArithmeticException
    at junit.framework.Assert.fail(Assert.java:57)
    at junit.framework.TestCase.fail(TestCase.java:227)
    at org.apache.commons.math.util.MathUtilsTest.testGcd(MathUtilsTest.java:437)
    at sun.reflect.NativeMethodAccessorImpl.invoke0(Native Method)
    at sun.reflect.NativeMethodAccessorImpl.invoke(NativeMethodAccessorImpl.java:62)
    at sun.reflect.DelegatingMethodAccessorImpl.invoke(DelegatingMethodAccessorImpl.java:43)
junit.framework.AssertionFailedError: Expecting ArithmeticException
    at junit.framework.Assert.fail(Assert.java:57)
    at junit.framework.TestCase.fail(TestCase.java:227)
    at org.apache.commons.math.util.MathUtilsTest.testLcm(MathUtilsTest.java:590)
    at sun.reflect.NativeMethodAccessorImpl.invoke0(Native Method)
    at sun.reflect.NativeMethodAccessorImpl.invoke(NativeMethodAccessorImpl.java:62)
    at sun.reflect.DelegatingMethodAccessorImpl.invoke(DelegatingMethodAccessorImpl.java:43)
junit.framework.AssertionFailedError: expecting ArithmeticException
    at junit.framework.Assert.fail(Assert.java:57)
    at junit.framework.TestCase.fail(TestCase.java:227)
    at org.apache.commons.math.util.MathUtilsTest.testGcd(MathUtilsTest.java:437)
    at sun.reflect.NativeMethodAccessorImpl.invoke0(Native Method)
    at sun.reflect.NativeMethodAccessorImpl.invoke(NativeMethodAccessorImpl.java:62)
    at sun.reflect.DelegatingMethodAccessorImpl.invoke(DelegatingMethodAccessorImpl.java:43)
junit.framework.AssertionFailedError: Expecting ArithmeticException
    at junit.framework.Assert.fail(Assert.java:57)
    at junit.framework.TestCase.fail(TestCase.java:227)
    at org.apache.commons.math.util.MathUtilsTest.testLcm(MathUtilsTest.java:590)
    at sun.reflect.NativeMethodAccessorImpl.invoke0(Native Method)
    at sun.reflect.NativeMethodAccessorImpl.invoke(NativeMethodAccessorImpl.java:62)
    at sun.reflect.DelegatingMethodAccessorImpl.invoke(DelegatingMethodAccessorImpl.java:43)
10:13:48.790 [pool-61-thread-1] INFO  xxl.java.junit.TestCasesListener - Tests run finished (753 ms)
<> Total tests run: 88
<> Ignored tests: 0
<> Failed tests: 4
~ testGcd(org.apache.commons.math.util.MathUtilsTest)
[expecting ArithmeticException]
junit.framework.AssertionFailedError: expecting ArithmeticException    at junit.framework.Assert.fail(Assert.java:57)
    at junit.framework.TestCase.fail(TestCase.java:227)
    at org.apache.commons.math.util.MathUtilsTest.testGcd(MathUtilsTest.java:437)
    at sun.reflect.NativeMethodAccessorImpl.invoke0(Native Method)
    at sun.reflect.NativeMethodAccessorImpl.invoke(NativeMethodAccessorImpl.java:62)
    at sun.reflect.DelegatingMethodAccessorImpl.invoke(DelegatingMethodAccessorImpl.java:43)
~ testLcm(org.apache.commons.math.util.MathUtilsTest)
[Expecting ArithmeticException]
junit.framework.AssertionFailedError: Expecting ArithmeticException    at junit.framework.Assert.fail(Assert.java:57)
    at junit.framework.TestCase.fail(TestCase.java:227)
    at org.apache.commons.math.util.MathUtilsTest.testLcm(MathUtilsTest.java:590)
    at sun.reflect.NativeMethodAccessorImpl.invoke0(Native Method)
    at sun.reflect.NativeMethodAccessorImpl.invoke(NativeMethodAccessorImpl.java:62)
    at sun.reflect.DelegatingMethodAccessorImpl.invoke(DelegatingMethodAccessorImpl.java:43)
~ testGcd(org.apache.commons.math.util.MathUtilsTest)
[expecting ArithmeticException]
junit.framework.AssertionFailedError: expecting ArithmeticException    at junit.framework.Assert.fail(Assert.java:57)
    at junit.framework.TestCase.fail(TestCase.java:227)
    at org.apache.commons.math.util.MathUtilsTest.testGcd(MathUtilsTest.java:437)
    at sun.reflect.NativeMethodAccessorImpl.invoke0(Native Method)
    at sun.reflect.NativeMethodAccessorImpl.invoke(NativeMethodAccessorImpl.java:62)
    at sun.reflect.DelegatingMethodAccessorImpl.invoke(DelegatingMethodAccessorImpl.java:43)
~ testLcm(org.apache.commons.math.util.MathUtilsTest)
[Expecting ArithmeticException]
junit.framework.AssertionFailedError: Expecting ArithmeticException    at junit.framework.Assert.fail(Assert.java:57)
    at junit.framework.TestCase.fail(TestCase.java:227)
    at org.apache.commons.math.util.MathUtilsTest.testLcm(MathUtilsTest.java:590)
    at sun.reflect.NativeMethodAccessorImpl.invoke0(Native Method)
    at sun.reflect.NativeMethodAccessorImpl.invoke(NativeMethodAccessorImpl.java:62)
    at sun.reflect.DelegatingMethodAccessorImpl.invoke(DelegatingMethodAccessorImpl.java:43)

10:14:32.535 [pool-2-thread-1] DEBUG fr.inria.lille.repair.nopol.NoPol - statement #13
10:14:32.535 [pool-2-thread-1] DEBUG fr.inria.lille.repair.nopol.NoPol - Analysing SourceLocation org.apache.commons.math.util.MathUtils:591 which is executed by 47 tests
-1550426518
10:14:35.901 [pool-2-thread-1] DEBUG fr.inria.lille.repair.nopol.NoPol - statement #14
10:14:35.902 [pool-2-thread-1] DEBUG fr.inria.lille.repair.nopol.NoPol - Analysing SourceLocation org.apache.commons.math.util.MathUtils:590 which is executed by 47 tests
-1550426518
10:14:36.013 [pool-2-thread-1] DEBUG fr.inria.lille.repair.nopol.NoPol - statement #15
10:14:36.013 [pool-2-thread-1] DEBUG fr.inria.lille.repair.nopol.NoPol - Analysing SourceLocation org.apache.commons.math.util.MathUtils:587 which is executed by 47 tests
-1550426518
10:14:36.133 [pool-2-thread-1] DEBUG fr.inria.lille.repair.nopol.NoPol - looking with class fr.inria.lille.repair.nopol.spoon.smt.ConditionalAdder
junit.framework.AssertionFailedError: expecting ArithmeticException
    at junit.framework.Assert.fail(Assert.java:57)
    at junit.framework.TestCase.fail(TestCase.java:227)
    at org.apache.commons.math.util.MathUtilsTest.testGcd(MathUtilsTest.java:437)
    at sun.reflect.NativeMethodAccessorImpl.invoke0(Native Method)
    at sun.reflect.NativeMethodAccessorImpl.invoke(NativeMethodAccessorImpl.java:62)
    at sun.reflect.DelegatingMethodAccessorImpl.invoke(DelegatingMethodAccessorImpl.java:43)
junit.framework.AssertionFailedError: Expecting ArithmeticException
    at junit.framework.Assert.fail(Assert.java:57)
    at junit.framework.TestCase.fail(TestCase.java:227)
    at org.apache.commons.math.util.MathUtilsTest.testLcm(MathUtilsTest.java:590)
    at sun.reflect.NativeMethodAccessorImpl.invoke0(Native Method)
    at sun.reflect.NativeMethodAccessorImpl.invoke(NativeMethodAccessorImpl.java:62)
    at sun.reflect.DelegatingMethodAccessorImpl.invoke(DelegatingMethodAccessorImpl.java:43)
junit.framework.AssertionFailedError: expecting ArithmeticException
    at junit.framework.Assert.fail(Assert.java:57)
    at junit.framework.TestCase.fail(TestCase.java:227)
    at org.apache.commons.math.util.MathUtilsTest.testGcd(MathUtilsTest.java:437)
    at sun.reflect.NativeMethodAccessorImpl.invoke0(Native Method)
    at sun.reflect.NativeMethodAccessorImpl.invoke(NativeMethodAccessorImpl.java:62)
    at sun.reflect.DelegatingMethodAccessorImpl.invoke(DelegatingMethodAccessorImpl.java:43)
junit.framework.AssertionFailedError: Expecting ArithmeticException
    at junit.framework.Assert.fail(Assert.java:57)
    at junit.framework.TestCase.fail(TestCase.java:227)
    at org.apache.commons.math.util.MathUtilsTest.testLcm(MathUtilsTest.java:590)
    at sun.reflect.NativeMethodAccessorImpl.invoke0(Native Method)
    at sun.reflect.NativeMethodAccessorImpl.invoke(NativeMethodAccessorImpl.java:62)
    at sun.reflect.DelegatingMethodAccessorImpl.invoke(DelegatingMethodAccessorImpl.java:43)
10:14:38.100 [pool-67-thread-1] INFO  xxl.java.junit.TestCasesListener - Tests run finished (752 ms)
<> Total tests run: 88
<> Ignored tests: 0
<> Failed tests: 4
~ testGcd(org.apache.commons.math.util.MathUtilsTest)
[expecting ArithmeticException]
junit.framework.AssertionFailedError: expecting ArithmeticException    at junit.framework.Assert.fail(Assert.java:57)
    at junit.framework.TestCase.fail(TestCase.java:227)
    at org.apache.commons.math.util.MathUtilsTest.testGcd(MathUtilsTest.java:437)
    at sun.reflect.NativeMethodAccessorImpl.invoke0(Native Method)
    at sun.reflect.NativeMethodAccessorImpl.invoke(NativeMethodAccessorImpl.java:62)
    at sun.reflect.DelegatingMethodAccessorImpl.invoke(DelegatingMethodAccessorImpl.java:43)
~ testLcm(org.apache.commons.math.util.MathUtilsTest)
[Expecting ArithmeticException]
junit.framework.AssertionFailedError: Expecting ArithmeticException    at junit.framework.Assert.fail(Assert.java:57)
    at junit.framework.TestCase.fail(TestCase.java:227)
    at org.apache.commons.math.util.MathUtilsTest.testLcm(MathUtilsTest.java:590)
    at sun.reflect.NativeMethodAccessorImpl.invoke0(Native Method)
    at sun.reflect.NativeMethodAccessorImpl.invoke(NativeMethodAccessorImpl.java:62)
    at sun.reflect.DelegatingMethodAccessorImpl.invoke(DelegatingMethodAccessorImpl.java:43)
~ testGcd(org.apache.commons.math.util.MathUtilsTest)
[expecting ArithmeticException]
junit.framework.AssertionFailedError: expecting ArithmeticException    at junit.framework.Assert.fail(Assert.java:57)
    at junit.framework.TestCase.fail(TestCase.java:227)
    at org.apache.commons.math.util.MathUtilsTest.testGcd(MathUtilsTest.java:437)
    at sun.reflect.NativeMethodAccessorImpl.invoke0(Native Method)
    at sun.reflect.NativeMethodAccessorImpl.invoke(NativeMethodAccessorImpl.java:62)
    at sun.reflect.DelegatingMethodAccessorImpl.invoke(DelegatingMethodAccessorImpl.java:43)
~ testLcm(org.apache.commons.math.util.MathUtilsTest)
[Expecting ArithmeticException]
junit.framework.AssertionFailedError: Expecting ArithmeticException    at junit.framework.Assert.fail(Assert.java:57)
    at junit.framework.TestCase.fail(TestCase.java:227)
    at org.apache.commons.math.util.MathUtilsTest.testLcm(MathUtilsTest.java:590)
    at sun.reflect.NativeMethodAccessorImpl.invoke0(Native Method)
    at sun.reflect.NativeMethodAccessorImpl.invoke(NativeMethodAccessorImpl.java:62)
    at sun.reflect.DelegatingMethodAccessorImpl.invoke(DelegatingMethodAccessorImpl.java:43)

10:15:20.289 [pool-2-thread-1] DEBUG fr.inria.lille.repair.nopol.NoPol - statement #16
10:15:20.289 [pool-2-thread-1] DEBUG fr.inria.lille.repair.nopol.NoPol - Analysing SourceLocation org.apache.commons.math.util.MathUtils:581 which is executed by 47 tests
-1550426518
10:15:25.085 [pool-2-thread-1] DEBUG fr.inria.lille.repair.nopol.NoPol - looking with class fr.inria.lille.repair.nopol.spoon.smt.ConditionalAdder
junit.framework.AssertionFailedError: expecting ArithmeticException
    at junit.framework.Assert.fail(Assert.java:57)
    at junit.framework.TestCase.fail(TestCase.java:227)
    at org.apache.commons.math.util.MathUtilsTest.testGcd(MathUtilsTest.java:437)
    at sun.reflect.NativeMethodAccessorImpl.invoke0(Native Method)
    at sun.reflect.NativeMethodAccessorImpl.invoke(NativeMethodAccessorImpl.java:62)
    at sun.reflect.DelegatingMethodAccessorImpl.invoke(DelegatingMethodAccessorImpl.java:43)
junit.framework.AssertionFailedError: Expecting ArithmeticException
    at junit.framework.Assert.fail(Assert.java:57)
    at junit.framework.TestCase.fail(TestCase.java:227)
    at org.apache.commons.math.util.MathUtilsTest.testLcm(MathUtilsTest.java:590)
    at sun.reflect.NativeMethodAccessorImpl.invoke0(Native Method)
    at sun.reflect.NativeMethodAccessorImpl.invoke(NativeMethodAccessorImpl.java:62)
    at sun.reflect.DelegatingMethodAccessorImpl.invoke(DelegatingMethodAccessorImpl.java:43)
junit.framework.AssertionFailedError: expecting ArithmeticException
    at junit.framework.Assert.fail(Assert.java:57)
    at junit.framework.TestCase.fail(TestCase.java:227)
    at org.apache.commons.math.util.MathUtilsTest.testGcd(MathUtilsTest.java:437)
    at sun.reflect.NativeMethodAccessorImpl.invoke0(Native Method)
    at sun.reflect.NativeMethodAccessorImpl.invoke(NativeMethodAccessorImpl.java:62)
    at sun.reflect.DelegatingMethodAccessorImpl.invoke(DelegatingMethodAccessorImpl.java:43)
junit.framework.AssertionFailedError: Expecting ArithmeticException
    at junit.framework.Assert.fail(Assert.java:57)
    at junit.framework.TestCase.fail(TestCase.java:227)
    at org.apache.commons.math.util.MathUtilsTest.testLcm(MathUtilsTest.java:590)
    at sun.reflect.NativeMethodAccessorImpl.invoke0(Native Method)
    at sun.reflect.NativeMethodAccessorImpl.invoke(NativeMethodAccessorImpl.java:62)
    at sun.reflect.DelegatingMethodAccessorImpl.invoke(DelegatingMethodAccessorImpl.java:43)
10:15:25.785 [pool-73-thread-1] INFO  xxl.java.junit.TestCasesListener - Tests run finished (690 ms)
<> Total tests run: 88
<> Ignored tests: 0
<> Failed tests: 4
~ testGcd(org.apache.commons.math.util.MathUtilsTest)
[expecting ArithmeticException]
junit.framework.AssertionFailedError: expecting ArithmeticException    at junit.framework.Assert.fail(Assert.java:57)
    at junit.framework.TestCase.fail(TestCase.java:227)
    at org.apache.commons.math.util.MathUtilsTest.testGcd(MathUtilsTest.java:437)
    at sun.reflect.NativeMethodAccessorImpl.invoke0(Native Method)
    at sun.reflect.NativeMethodAccessorImpl.invoke(NativeMethodAccessorImpl.java:62)
    at sun.reflect.DelegatingMethodAccessorImpl.invoke(DelegatingMethodAccessorImpl.java:43)
~ testLcm(org.apache.commons.math.util.MathUtilsTest)
[Expecting ArithmeticException]
junit.framework.AssertionFailedError: Expecting ArithmeticException    at junit.framework.Assert.fail(Assert.java:57)
    at junit.framework.TestCase.fail(TestCase.java:227)
    at org.apache.commons.math.util.MathUtilsTest.testLcm(MathUtilsTest.java:590)
    at sun.reflect.NativeMethodAccessorImpl.invoke0(Native Method)
    at sun.reflect.NativeMethodAccessorImpl.invoke(NativeMethodAccessorImpl.java:62)
    at sun.reflect.DelegatingMethodAccessorImpl.invoke(DelegatingMethodAccessorImpl.java:43)
~ testGcd(org.apache.commons.math.util.MathUtilsTest)
[expecting ArithmeticException]
junit.framework.AssertionFailedError: expecting ArithmeticException    at junit.framework.Assert.fail(Assert.java:57)
    at junit.framework.TestCase.fail(TestCase.java:227)
    at org.apache.commons.math.util.MathUtilsTest.testGcd(MathUtilsTest.java:437)
    at sun.reflect.NativeMethodAccessorImpl.invoke0(Native Method)
    at sun.reflect.NativeMethodAccessorImpl.invoke(NativeMethodAccessorImpl.java:62)
    at sun.reflect.DelegatingMethodAccessorImpl.invoke(DelegatingMethodAccessorImpl.java:43)
~ testLcm(org.apache.commons.math.util.MathUtilsTest)
[Expecting ArithmeticException]
junit.framework.AssertionFailedError: Expecting ArithmeticException    at junit.framework.Assert.fail(Assert.java:57)
    at junit.framework.TestCase.fail(TestCase.java:227)
    at org.apache.commons.math.util.MathUtilsTest.testLcm(MathUtilsTest.java:590)
    at sun.reflect.NativeMethodAccessorImpl.invoke0(Native Method)
    at sun.reflect.NativeMethodAccessorImpl.invoke(NativeMethodAccessorImpl.java:62)
    at sun.reflect.DelegatingMethodAccessorImpl.invoke(DelegatingMethodAccessorImpl.java:43)

10:16:07.031 [pool-2-thread-1] DEBUG fr.inria.lille.repair.nopol.NoPol - looking with class fr.inria.lille.repair.nopol.spoon.smt.ConditionalReplacer
junit.framework.AssertionFailedError: expecting ArithmeticException
    at junit.framework.Assert.fail(Assert.java:57)
    at junit.framework.TestCase.fail(TestCase.java:227)
    at org.apache.commons.math.util.MathUtilsTest.testGcd(MathUtilsTest.java:437)
    at sun.reflect.NativeMethodAccessorImpl.invoke0(Native Method)
    at sun.reflect.NativeMethodAccessorImpl.invoke(NativeMethodAccessorImpl.java:62)
    at sun.reflect.DelegatingMethodAccessorImpl.invoke(DelegatingMethodAccessorImpl.java:43)
junit.framework.AssertionFailedError: Expecting ArithmeticException
    at junit.framework.Assert.fail(Assert.java:57)
    at junit.framework.TestCase.fail(TestCase.java:227)
    at org.apache.commons.math.util.MathUtilsTest.testLcm(MathUtilsTest.java:590)
    at sun.reflect.NativeMethodAccessorImpl.invoke0(Native Method)
    at sun.reflect.NativeMethodAccessorImpl.invoke(NativeMethodAccessorImpl.java:62)
    at sun.reflect.DelegatingMethodAccessorImpl.invoke(DelegatingMethodAccessorImpl.java:43)
junit.framework.AssertionFailedError: expecting ArithmeticException
    at junit.framework.Assert.fail(Assert.java:57)
    at junit.framework.TestCase.fail(TestCase.java:227)
    at org.apache.commons.math.util.MathUtilsTest.testGcd(MathUtilsTest.java:437)
    at sun.reflect.NativeMethodAccessorImpl.invoke0(Native Method)
    at sun.reflect.NativeMethodAccessorImpl.invoke(NativeMethodAccessorImpl.java:62)
    at sun.reflect.DelegatingMethodAccessorImpl.invoke(DelegatingMethodAccessorImpl.java:43)
junit.framework.AssertionFailedError: Expecting ArithmeticException
    at junit.framework.Assert.fail(Assert.java:57)
    at junit.framework.TestCase.fail(TestCase.java:227)
    at org.apache.commons.math.util.MathUtilsTest.testLcm(MathUtilsTest.java:590)
    at sun.reflect.NativeMethodAccessorImpl.invoke0(Native Method)
    at sun.reflect.NativeMethodAccessorImpl.invoke(NativeMethodAccessorImpl.java:62)
    at sun.reflect.DelegatingMethodAccessorImpl.invoke(DelegatingMethodAccessorImpl.java:43)
10:16:07.797 [pool-79-thread-1] INFO  xxl.java.junit.TestCasesListener - Tests run finished (759 ms)
<> Total tests run: 88
<> Ignored tests: 0
<> Failed tests: 4
~ testGcd(org.apache.commons.math.util.MathUtilsTest)
[expecting ArithmeticException]
junit.framework.AssertionFailedError: expecting ArithmeticException    at junit.framework.Assert.fail(Assert.java:57)
    at junit.framework.TestCase.fail(TestCase.java:227)
    at org.apache.commons.math.util.MathUtilsTest.testGcd(MathUtilsTest.java:437)
    at sun.reflect.NativeMethodAccessorImpl.invoke0(Native Method)
    at sun.reflect.NativeMethodAccessorImpl.invoke(NativeMethodAccessorImpl.java:62)
    at sun.reflect.DelegatingMethodAccessorImpl.invoke(DelegatingMethodAccessorImpl.java:43)
~ testLcm(org.apache.commons.math.util.MathUtilsTest)
[Expecting ArithmeticException]
junit.framework.AssertionFailedError: Expecting ArithmeticException    at junit.framework.Assert.fail(Assert.java:57)
    at junit.framework.TestCase.fail(TestCase.java:227)
    at org.apache.commons.math.util.MathUtilsTest.testLcm(MathUtilsTest.java:590)
    at sun.reflect.NativeMethodAccessorImpl.invoke0(Native Method)
    at sun.reflect.NativeMethodAccessorImpl.invoke(NativeMethodAccessorImpl.java:62)
    at sun.reflect.DelegatingMethodAccessorImpl.invoke(DelegatingMethodAccessorImpl.java:43)
~ testGcd(org.apache.commons.math.util.MathUtilsTest)
[expecting ArithmeticException]
junit.framework.AssertionFailedError: expecting ArithmeticException    at junit.framework.Assert.fail(Assert.java:57)
    at junit.framework.TestCase.fail(TestCase.java:227)
    at org.apache.commons.math.util.MathUtilsTest.testGcd(MathUtilsTest.java:437)
    at sun.reflect.NativeMethodAccessorImpl.invoke0(Native Method)
    at sun.reflect.NativeMethodAccessorImpl.invoke(NativeMethodAccessorImpl.java:62)
    at sun.reflect.DelegatingMethodAccessorImpl.invoke(DelegatingMethodAccessorImpl.java:43)
~ testLcm(org.apache.commons.math.util.MathUtilsTest)
[Expecting ArithmeticException]
junit.framework.AssertionFailedError: Expecting ArithmeticException    at junit.framework.Assert.fail(Assert.java:57)
    at junit.framework.TestCase.fail(TestCase.java:227)
    at org.apache.commons.math.util.MathUtilsTest.testLcm(MathUtilsTest.java:590)
    at sun.reflect.NativeMethodAccessorImpl.invoke0(Native Method)
    at sun.reflect.NativeMethodAccessorImpl.invoke(NativeMethodAccessorImpl.java:62)
    at sun.reflect.DelegatingMethodAccessorImpl.invoke(DelegatingMethodAccessorImpl.java:43)

10:17:37.104 [pool-2-thread-1] DEBUG fr.inria.lille.repair.nopol.NoPol - statement #17
10:17:37.105 [pool-2-thread-1] DEBUG fr.inria.lille.repair.nopol.NoPol - Analysing SourceLocation org.apache.commons.math.util.MathUtils:577 which is executed by 47 tests
-1550426518
10:17:41.924 [pool-2-thread-1] DEBUG fr.inria.lille.repair.nopol.NoPol - looking with class fr.inria.lille.repair.nopol.spoon.smt.ConditionalAdder
junit.framework.AssertionFailedError: expecting ArithmeticException
    at junit.framework.Assert.fail(Assert.java:57)
    at junit.framework.TestCase.fail(TestCase.java:227)
    at org.apache.commons.math.util.MathUtilsTest.testGcd(MathUtilsTest.java:437)
    at sun.reflect.NativeMethodAccessorImpl.invoke0(Native Method)
    at sun.reflect.NativeMethodAccessorImpl.invoke(NativeMethodAccessorImpl.java:62)
    at sun.reflect.DelegatingMethodAccessorImpl.invoke(DelegatingMethodAccessorImpl.java:43)
junit.framework.AssertionFailedError: Expecting ArithmeticException
    at junit.framework.Assert.fail(Assert.java:57)
    at junit.framework.TestCase.fail(TestCase.java:227)
    at org.apache.commons.math.util.MathUtilsTest.testLcm(MathUtilsTest.java:590)
    at sun.reflect.NativeMethodAccessorImpl.invoke0(Native Method)
    at sun.reflect.NativeMethodAccessorImpl.invoke(NativeMethodAccessorImpl.java:62)
    at sun.reflect.DelegatingMethodAccessorImpl.invoke(DelegatingMethodAccessorImpl.java:43)
junit.framework.AssertionFailedError: expecting ArithmeticException
    at junit.framework.Assert.fail(Assert.java:57)
    at junit.framework.TestCase.fail(TestCase.java:227)
    at org.apache.commons.math.util.MathUtilsTest.testGcd(MathUtilsTest.java:437)
    at sun.reflect.NativeMethodAccessorImpl.invoke0(Native Method)
    at sun.reflect.NativeMethodAccessorImpl.invoke(NativeMethodAccessorImpl.java:62)
    at sun.reflect.DelegatingMethodAccessorImpl.invoke(DelegatingMethodAccessorImpl.java:43)
junit.framework.AssertionFailedError: Expecting ArithmeticException
    at junit.framework.Assert.fail(Assert.java:57)
    at junit.framework.TestCase.fail(TestCase.java:227)
    at org.apache.commons.math.util.MathUtilsTest.testLcm(MathUtilsTest.java:590)
    at sun.reflect.NativeMethodAccessorImpl.invoke0(Native Method)
    at sun.reflect.NativeMethodAccessorImpl.invoke(NativeMethodAccessorImpl.java:62)
    at sun.reflect.DelegatingMethodAccessorImpl.invoke(DelegatingMethodAccessorImpl.java:43)
10:17:42.634 [pool-85-thread-1] INFO  xxl.java.junit.TestCasesListener - Tests run finished (700 ms)
<> Total tests run: 88
<> Ignored tests: 0
<> Failed tests: 4
~ testGcd(org.apache.commons.math.util.MathUtilsTest)
[expecting ArithmeticException]
junit.framework.AssertionFailedError: expecting ArithmeticException    at junit.framework.Assert.fail(Assert.java:57)
    at junit.framework.TestCase.fail(TestCase.java:227)
    at org.apache.commons.math.util.MathUtilsTest.testGcd(MathUtilsTest.java:437)
    at sun.reflect.NativeMethodAccessorImpl.invoke0(Native Method)
    at sun.reflect.NativeMethodAccessorImpl.invoke(NativeMethodAccessorImpl.java:62)
    at sun.reflect.DelegatingMethodAccessorImpl.invoke(DelegatingMethodAccessorImpl.java:43)
~ testLcm(org.apache.commons.math.util.MathUtilsTest)
[Expecting ArithmeticException]
junit.framework.AssertionFailedError: Expecting ArithmeticException    at junit.framework.Assert.fail(Assert.java:57)
    at junit.framework.TestCase.fail(TestCase.java:227)
    at org.apache.commons.math.util.MathUtilsTest.testLcm(MathUtilsTest.java:590)
    at sun.reflect.NativeMethodAccessorImpl.invoke0(Native Method)
    at sun.reflect.NativeMethodAccessorImpl.invoke(NativeMethodAccessorImpl.java:62)
    at sun.reflect.DelegatingMethodAccessorImpl.invoke(DelegatingMethodAccessorImpl.java:43)
~ testGcd(org.apache.commons.math.util.MathUtilsTest)
[expecting ArithmeticException]
junit.framework.AssertionFailedError: expecting ArithmeticException    at junit.framework.Assert.fail(Assert.java:57)
    at junit.framework.TestCase.fail(TestCase.java:227)
    at org.apache.commons.math.util.MathUtilsTest.testGcd(MathUtilsTest.java:437)
    at sun.reflect.NativeMethodAccessorImpl.invoke0(Native Method)
    at sun.reflect.NativeMethodAccessorImpl.invoke(NativeMethodAccessorImpl.java:62)
    at sun.reflect.DelegatingMethodAccessorImpl.invoke(DelegatingMethodAccessorImpl.java:43)
~ testLcm(org.apache.commons.math.util.MathUtilsTest)
[Expecting ArithmeticException]
junit.framework.AssertionFailedError: Expecting ArithmeticException    at junit.framework.Assert.fail(Assert.java:57)
    at junit.framework.TestCase.fail(TestCase.java:227)
    at org.apache.commons.math.util.MathUtilsTest.testLcm(MathUtilsTest.java:590)
    at sun.reflect.NativeMethodAccessorImpl.invoke0(Native Method)
    at sun.reflect.NativeMethodAccessorImpl.invoke(NativeMethodAccessorImpl.java:62)
    at sun.reflect.DelegatingMethodAccessorImpl.invoke(DelegatingMethodAccessorImpl.java:43)

10:17:42.831 [pool-2-thread-1] DEBUG fr.inria.lille.repair.nopol.NoPol - statement #18
10:17:42.831 [pool-2-thread-1] DEBUG fr.inria.lille.repair.nopol.NoPol - Analysing SourceLocation org.apache.commons.math.util.MathUtils:571 which is executed by 47 tests
-1550426518
10:17:42.941 [pool-2-thread-1] DEBUG fr.inria.lille.repair.nopol.NoPol - statement #19
10:17:42.941 [pool-2-thread-1] DEBUG fr.inria.lille.repair.nopol.NoPol - Analysing SourceLocation org.apache.commons.math.util.MathUtils:564 which is executed by 47 tests
-1550426518
10:17:43.062 [pool-2-thread-1] DEBUG fr.inria.lille.repair.nopol.NoPol - looking with class fr.inria.lille.repair.nopol.spoon.smt.ConditionalAdder
junit.framework.AssertionFailedError: expecting ArithmeticException
    at junit.framework.Assert.fail(Assert.java:57)
    at junit.framework.TestCase.fail(TestCase.java:227)
    at org.apache.commons.math.util.MathUtilsTest.testGcd(MathUtilsTest.java:437)
    at sun.reflect.NativeMethodAccessorImpl.invoke0(Native Method)
    at sun.reflect.NativeMethodAccessorImpl.invoke(NativeMethodAccessorImpl.java:62)
    at sun.reflect.DelegatingMethodAccessorImpl.invoke(DelegatingMethodAccessorImpl.java:43)
junit.framework.AssertionFailedError: Expecting ArithmeticException
    at junit.framework.Assert.fail(Assert.java:57)
    at junit.framework.TestCase.fail(TestCase.java:227)
    at org.apache.commons.math.util.MathUtilsTest.testLcm(MathUtilsTest.java:590)
    at sun.reflect.NativeMethodAccessorImpl.invoke0(Native Method)
    at sun.reflect.NativeMethodAccessorImpl.invoke(NativeMethodAccessorImpl.java:62)
    at sun.reflect.DelegatingMethodAccessorImpl.invoke(DelegatingMethodAccessorImpl.java:43)
junit.framework.AssertionFailedError: expecting ArithmeticException
    at junit.framework.Assert.fail(Assert.java:57)
    at junit.framework.TestCase.fail(TestCase.java:227)
    at org.apache.commons.math.util.MathUtilsTest.testGcd(MathUtilsTest.java:437)
    at sun.reflect.NativeMethodAccessorImpl.invoke0(Native Method)
    at sun.reflect.NativeMethodAccessorImpl.invoke(NativeMethodAccessorImpl.java:62)
    at sun.reflect.DelegatingMethodAccessorImpl.invoke(DelegatingMethodAccessorImpl.java:43)
junit.framework.AssertionFailedError: Expecting ArithmeticException
    at junit.framework.Assert.fail(Assert.java:57)
    at junit.framework.TestCase.fail(TestCase.java:227)
    at org.apache.commons.math.util.MathUtilsTest.testLcm(MathUtilsTest.java:590)
    at sun.reflect.NativeMethodAccessorImpl.invoke0(Native Method)
    at sun.reflect.NativeMethodAccessorImpl.invoke(NativeMethodAccessorImpl.java:62)
    at sun.reflect.DelegatingMethodAccessorImpl.invoke(DelegatingMethodAccessorImpl.java:43)
10:17:43.831 [pool-91-thread-1] INFO  xxl.java.junit.TestCasesListener - Tests run finished (738 ms)
<> Total tests run: 88
<> Ignored tests: 0
<> Failed tests: 4
~ testGcd(org.apache.commons.math.util.MathUtilsTest)
[expecting ArithmeticException]
junit.framework.AssertionFailedError: expecting ArithmeticException    at junit.framework.Assert.fail(Assert.java:57)
    at junit.framework.TestCase.fail(TestCase.java:227)
    at org.apache.commons.math.util.MathUtilsTest.testGcd(MathUtilsTest.java:437)
    at sun.reflect.NativeMethodAccessorImpl.invoke0(Native Method)
    at sun.reflect.NativeMethodAccessorImpl.invoke(NativeMethodAccessorImpl.java:62)
    at sun.reflect.DelegatingMethodAccessorImpl.invoke(DelegatingMethodAccessorImpl.java:43)
~ testLcm(org.apache.commons.math.util.MathUtilsTest)
[Expecting ArithmeticException]
junit.framework.AssertionFailedError: Expecting ArithmeticException    at junit.framework.Assert.fail(Assert.java:57)
    at junit.framework.TestCase.fail(TestCase.java:227)
    at org.apache.commons.math.util.MathUtilsTest.testLcm(MathUtilsTest.java:590)
    at sun.reflect.NativeMethodAccessorImpl.invoke0(Native Method)
    at sun.reflect.NativeMethodAccessorImpl.invoke(NativeMethodAccessorImpl.java:62)
    at sun.reflect.DelegatingMethodAccessorImpl.invoke(DelegatingMethodAccessorImpl.java:43)
~ testGcd(org.apache.commons.math.util.MathUtilsTest)
[expecting ArithmeticException]
junit.framework.AssertionFailedError: expecting ArithmeticException    at junit.framework.Assert.fail(Assert.java:57)
    at junit.framework.TestCase.fail(TestCase.java:227)
    at org.apache.commons.math.util.MathUtilsTest.testGcd(MathUtilsTest.java:437)
    at sun.reflect.NativeMethodAccessorImpl.invoke0(Native Method)
    at sun.reflect.NativeMethodAccessorImpl.invoke(NativeMethodAccessorImpl.java:62)
    at sun.reflect.DelegatingMethodAccessorImpl.invoke(DelegatingMethodAccessorImpl.java:43)
~ testLcm(org.apache.commons.math.util.MathUtilsTest)
[Expecting ArithmeticException]
junit.framework.AssertionFailedError: Expecting ArithmeticException    at junit.framework.Assert.fail(Assert.java:57)
    at junit.framework.TestCase.fail(TestCase.java:227)
    at org.apache.commons.math.util.MathUtilsTest.testLcm(MathUtilsTest.java:590)
    at sun.reflect.NativeMethodAccessorImpl.invoke0(Native Method)
    at sun.reflect.NativeMethodAccessorImpl.invoke(NativeMethodAccessorImpl.java:62)
    at sun.reflect.DelegatingMethodAccessorImpl.invoke(DelegatingMethodAccessorImpl.java:43)

10:17:44.075 [pool-2-thread-1] DEBUG fr.inria.lille.repair.nopol.NoPol - looking with class fr.inria.lille.repair.nopol.spoon.smt.ConditionalReplacer
junit.framework.AssertionFailedError: expecting ArithmeticException
    at junit.framework.Assert.fail(Assert.java:57)
    at junit.framework.TestCase.fail(TestCase.java:227)
    at org.apache.commons.math.util.MathUtilsTest.testGcd(MathUtilsTest.java:437)
    at sun.reflect.NativeMethodAccessorImpl.invoke0(Native Method)
    at sun.reflect.NativeMethodAccessorImpl.invoke(NativeMethodAccessorImpl.java:62)
    at sun.reflect.DelegatingMethodAccessorImpl.invoke(DelegatingMethodAccessorImpl.java:43)
junit.framework.AssertionFailedError: Expecting ArithmeticException
    at junit.framework.Assert.fail(Assert.java:57)
    at junit.framework.TestCase.fail(TestCase.java:227)
    at org.apache.commons.math.util.MathUtilsTest.testLcm(MathUtilsTest.java:590)
    at sun.reflect.NativeMethodAccessorImpl.invoke0(Native Method)
    at sun.reflect.NativeMethodAccessorImpl.invoke(NativeMethodAccessorImpl.java:62)
    at sun.reflect.DelegatingMethodAccessorImpl.invoke(DelegatingMethodAccessorImpl.java:43)
junit.framework.AssertionFailedError: expecting ArithmeticException
    at junit.framework.Assert.fail(Assert.java:57)
    at junit.framework.TestCase.fail(TestCase.java:227)
    at org.apache.commons.math.util.MathUtilsTest.testGcd(MathUtilsTest.java:437)
    at sun.reflect.NativeMethodAccessorImpl.invoke0(Native Method)
    at sun.reflect.NativeMethodAccessorImpl.invoke(NativeMethodAccessorImpl.java:62)
    at sun.reflect.DelegatingMethodAccessorImpl.invoke(DelegatingMethodAccessorImpl.java:43)
junit.framework.AssertionFailedError: Expecting ArithmeticException
    at junit.framework.Assert.fail(Assert.java:57)
    at junit.framework.TestCase.fail(TestCase.java:227)
    at org.apache.commons.math.util.MathUtilsTest.testLcm(MathUtilsTest.java:590)
    at sun.reflect.NativeMethodAccessorImpl.invoke0(Native Method)
    at sun.reflect.NativeMethodAccessorImpl.invoke(NativeMethodAccessorImpl.java:62)
    at sun.reflect.DelegatingMethodAccessorImpl.invoke(DelegatingMethodAccessorImpl.java:43)
10:17:44.815 [pool-97-thread-1] INFO  xxl.java.junit.TestCasesListener - Tests run finished (710 ms)
<> Total tests run: 88
<> Ignored tests: 0
<> Failed tests: 4
~ testGcd(org.apache.commons.math.util.MathUtilsTest)
[expecting ArithmeticException]
junit.framework.AssertionFailedError: expecting ArithmeticException    at junit.framework.Assert.fail(Assert.java:57)
    at junit.framework.TestCase.fail(TestCase.java:227)
    at org.apache.commons.math.util.MathUtilsTest.testGcd(MathUtilsTest.java:437)
    at sun.reflect.NativeMethodAccessorImpl.invoke0(Native Method)
    at sun.reflect.NativeMethodAccessorImpl.invoke(NativeMethodAccessorImpl.java:62)
    at sun.reflect.DelegatingMethodAccessorImpl.invoke(DelegatingMethodAccessorImpl.java:43)
~ testLcm(org.apache.commons.math.util.MathUtilsTest)
[Expecting ArithmeticException]
junit.framework.AssertionFailedError: Expecting ArithmeticException    at junit.framework.Assert.fail(Assert.java:57)
    at junit.framework.TestCase.fail(TestCase.java:227)
    at org.apache.commons.math.util.MathUtilsTest.testLcm(MathUtilsTest.java:590)
    at sun.reflect.NativeMethodAccessorImpl.invoke0(Native Method)
    at sun.reflect.NativeMethodAccessorImpl.invoke(NativeMethodAccessorImpl.java:62)
    at sun.reflect.DelegatingMethodAccessorImpl.invoke(DelegatingMethodAccessorImpl.java:43)
~ testGcd(org.apache.commons.math.util.MathUtilsTest)
[expecting ArithmeticException]
junit.framework.AssertionFailedError: expecting ArithmeticException    at junit.framework.Assert.fail(Assert.java:57)
    at junit.framework.TestCase.fail(TestCase.java:227)
    at org.apache.commons.math.util.MathUtilsTest.testGcd(MathUtilsTest.java:437)
    at sun.reflect.NativeMethodAccessorImpl.invoke0(Native Method)
    at sun.reflect.NativeMethodAccessorImpl.invoke(NativeMethodAccessorImpl.java:62)
    at sun.reflect.DelegatingMethodAccessorImpl.invoke(DelegatingMethodAccessorImpl.java:43)
~ testLcm(org.apache.commons.math.util.MathUtilsTest)
[Expecting ArithmeticException]
junit.framework.AssertionFailedError: Expecting ArithmeticException    at junit.framework.Assert.fail(Assert.java:57)
    at junit.framework.TestCase.fail(TestCase.java:227)
    at org.apache.commons.math.util.MathUtilsTest.testLcm(MathUtilsTest.java:590)
    at sun.reflect.NativeMethodAccessorImpl.invoke0(Native Method)
    at sun.reflect.NativeMethodAccessorImpl.invoke(NativeMethodAccessorImpl.java:62)
    at sun.reflect.DelegatingMethodAccessorImpl.invoke(DelegatingMethodAccessorImpl.java:43)

10:17:45.031 [pool-2-thread-1] DEBUG fr.inria.lille.repair.nopol.NoPol - statement #20
10:17:45.031 [pool-2-thread-1] DEBUG fr.inria.lille.repair.nopol.NoPol - Analysing SourceLocation org.apache.commons.math.util.MathUtils:558 which is executed by 47 tests
-1550426518
10:17:45.140 [pool-2-thread-1] DEBUG fr.inria.lille.repair.nopol.NoPol - looking with class fr.inria.lille.repair.nopol.spoon.smt.ConditionalAdder
junit.framework.AssertionFailedError: expecting ArithmeticException
    at junit.framework.Assert.fail(Assert.java:57)
    at junit.framework.TestCase.fail(TestCase.java:227)
    at org.apache.commons.math.util.MathUtilsTest.testGcd(MathUtilsTest.java:437)
    at sun.reflect.NativeMethodAccessorImpl.invoke0(Native Method)
    at sun.reflect.NativeMethodAccessorImpl.invoke(NativeMethodAccessorImpl.java:62)
    at sun.reflect.DelegatingMethodAccessorImpl.invoke(DelegatingMethodAccessorImpl.java:43)
junit.framework.AssertionFailedError: Expecting ArithmeticException
    at junit.framework.Assert.fail(Assert.java:57)
    at junit.framework.TestCase.fail(TestCase.java:227)
    at org.apache.commons.math.util.MathUtilsTest.testLcm(MathUtilsTest.java:590)
    at sun.reflect.NativeMethodAccessorImpl.invoke0(Native Method)
    at sun.reflect.NativeMethodAccessorImpl.invoke(NativeMethodAccessorImpl.java:62)
    at sun.reflect.DelegatingMethodAccessorImpl.invoke(DelegatingMethodAccessorImpl.java:43)
junit.framework.AssertionFailedError: expecting ArithmeticException
    at junit.framework.Assert.fail(Assert.java:57)
    at junit.framework.TestCase.fail(TestCase.java:227)
    at org.apache.commons.math.util.MathUtilsTest.testGcd(MathUtilsTest.java:437)
    at sun.reflect.NativeMethodAccessorImpl.invoke0(Native Method)
    at sun.reflect.NativeMethodAccessorImpl.invoke(NativeMethodAccessorImpl.java:62)
    at sun.reflect.DelegatingMethodAccessorImpl.invoke(DelegatingMethodAccessorImpl.java:43)
junit.framework.AssertionFailedError: Expecting ArithmeticException
    at junit.framework.Assert.fail(Assert.java:57)
    at junit.framework.TestCase.fail(TestCase.java:227)
    at org.apache.commons.math.util.MathUtilsTest.testLcm(MathUtilsTest.java:590)
    at sun.reflect.NativeMethodAccessorImpl.invoke0(Native Method)
    at sun.reflect.NativeMethodAccessorImpl.invoke(NativeMethodAccessorImpl.java:62)
    at sun.reflect.DelegatingMethodAccessorImpl.invoke(DelegatingMethodAccessorImpl.java:43)
10:17:45.846 [pool-103-thread-1] INFO  xxl.java.junit.TestCasesListener - Tests run finished (703 ms)
<> Total tests run: 88
<> Ignored tests: 0
<> Failed tests: 4
~ testGcd(org.apache.commons.math.util.MathUtilsTest)
[expecting ArithmeticException]
junit.framework.AssertionFailedError: expecting ArithmeticException    at junit.framework.Assert.fail(Assert.java:57)
    at junit.framework.TestCase.fail(TestCase.java:227)
    at org.apache.commons.math.util.MathUtilsTest.testGcd(MathUtilsTest.java:437)
    at sun.reflect.NativeMethodAccessorImpl.invoke0(Native Method)
    at sun.reflect.NativeMethodAccessorImpl.invoke(NativeMethodAccessorImpl.java:62)
    at sun.reflect.DelegatingMethodAccessorImpl.invoke(DelegatingMethodAccessorImpl.java:43)
~ testLcm(org.apache.commons.math.util.MathUtilsTest)
[Expecting ArithmeticException]
junit.framework.AssertionFailedError: Expecting ArithmeticException    at junit.framework.Assert.fail(Assert.java:57)
    at junit.framework.TestCase.fail(TestCase.java:227)
    at org.apache.commons.math.util.MathUtilsTest.testLcm(MathUtilsTest.java:590)
    at sun.reflect.NativeMethodAccessorImpl.invoke0(Native Method)
    at sun.reflect.NativeMethodAccessorImpl.invoke(NativeMethodAccessorImpl.java:62)
    at sun.reflect.DelegatingMethodAccessorImpl.invoke(DelegatingMethodAccessorImpl.java:43)
~ testGcd(org.apache.commons.math.util.MathUtilsTest)
[expecting ArithmeticException]
junit.framework.AssertionFailedError: expecting ArithmeticException    at junit.framework.Assert.fail(Assert.java:57)
    at junit.framework.TestCase.fail(TestCase.java:227)
    at org.apache.commons.math.util.MathUtilsTest.testGcd(MathUtilsTest.java:437)
    at sun.reflect.NativeMethodAccessorImpl.invoke0(Native Method)
    at sun.reflect.NativeMethodAccessorImpl.invoke(NativeMethodAccessorImpl.java:62)
    at sun.reflect.DelegatingMethodAccessorImpl.invoke(DelegatingMethodAccessorImpl.java:43)
~ testLcm(org.apache.commons.math.util.MathUtilsTest)
[Expecting ArithmeticException]
junit.framework.AssertionFailedError: Expecting ArithmeticException    at junit.framework.Assert.fail(Assert.java:57)
    at junit.framework.TestCase.fail(TestCase.java:227)
    at org.apache.commons.math.util.MathUtilsTest.testLcm(MathUtilsTest.java:590)
    at sun.reflect.NativeMethodAccessorImpl.invoke0(Native Method)
    at sun.reflect.NativeMethodAccessorImpl.invoke(NativeMethodAccessorImpl.java:62)
    at sun.reflect.DelegatingMethodAccessorImpl.invoke(DelegatingMethodAccessorImpl.java:43)

10:17:46.045 [pool-2-thread-1] DEBUG fr.inria.lille.repair.nopol.NoPol - statement #21
10:17:46.045 [pool-2-thread-1] DEBUG fr.inria.lille.repair.nopol.NoPol - Analysing SourceLocation org.apache.commons.math.util.MathUtils:557 which is executed by 47 tests
-1550426518
10:17:46.201 [pool-2-thread-1] DEBUG fr.inria.lille.repair.nopol.NoPol - statement #22
10:17:46.201 [pool-2-thread-1] DEBUG fr.inria.lille.repair.nopol.NoPol - Analysing SourceLocation org.apache.commons.math.util.MathUtils:554 which is executed by 47 tests
-1550426518
10:17:46.311 [pool-2-thread-1] DEBUG fr.inria.lille.repair.nopol.NoPol - looking with class fr.inria.lille.repair.nopol.spoon.smt.ConditionalAdder
junit.framework.AssertionFailedError: expecting ArithmeticException
    at junit.framework.Assert.fail(Assert.java:57)
    at junit.framework.TestCase.fail(TestCase.java:227)
    at org.apache.commons.math.util.MathUtilsTest.testGcd(MathUtilsTest.java:437)
    at sun.reflect.NativeMethodAccessorImpl.invoke0(Native Method)
    at sun.reflect.NativeMethodAccessorImpl.invoke(NativeMethodAccessorImpl.java:62)
    at sun.reflect.DelegatingMethodAccessorImpl.invoke(DelegatingMethodAccessorImpl.java:43)
junit.framework.AssertionFailedError: Expecting ArithmeticException
    at junit.framework.Assert.fail(Assert.java:57)
    at junit.framework.TestCase.fail(TestCase.java:227)
    at org.apache.commons.math.util.MathUtilsTest.testLcm(MathUtilsTest.java:590)
    at sun.reflect.NativeMethodAccessorImpl.invoke0(Native Method)
    at sun.reflect.NativeMethodAccessorImpl.invoke(NativeMethodAccessorImpl.java:62)
    at sun.reflect.DelegatingMethodAccessorImpl.invoke(DelegatingMethodAccessorImpl.java:43)
junit.framework.AssertionFailedError: expecting ArithmeticException
    at junit.framework.Assert.fail(Assert.java:57)
    at junit.framework.TestCase.fail(TestCase.java:227)
    at org.apache.commons.math.util.MathUtilsTest.testGcd(MathUtilsTest.java:437)
    at sun.reflect.NativeMethodAccessorImpl.invoke0(Native Method)
    at sun.reflect.NativeMethodAccessorImpl.invoke(NativeMethodAccessorImpl.java:62)
    at sun.reflect.DelegatingMethodAccessorImpl.invoke(DelegatingMethodAccessorImpl.java:43)
junit.framework.AssertionFailedError: Expecting ArithmeticException
    at junit.framework.Assert.fail(Assert.java:57)
    at junit.framework.TestCase.fail(TestCase.java:227)
    at org.apache.commons.math.util.MathUtilsTest.testLcm(MathUtilsTest.java:590)
    at sun.reflect.NativeMethodAccessorImpl.invoke0(Native Method)
    at sun.reflect.NativeMethodAccessorImpl.invoke(NativeMethodAccessorImpl.java:62)
    at sun.reflect.DelegatingMethodAccessorImpl.invoke(DelegatingMethodAccessorImpl.java:43)
10:17:47.032 [pool-109-thread-1] INFO  xxl.java.junit.TestCasesListener - Tests run finished (708 ms)
<> Total tests run: 88
<> Ignored tests: 0
<> Failed tests: 4
~ testGcd(org.apache.commons.math.util.MathUtilsTest)
[expecting ArithmeticException]
junit.framework.AssertionFailedError: expecting ArithmeticException    at junit.framework.Assert.fail(Assert.java:57)
    at junit.framework.TestCase.fail(TestCase.java:227)
    at org.apache.commons.math.util.MathUtilsTest.testGcd(MathUtilsTest.java:437)
    at sun.reflect.NativeMethodAccessorImpl.invoke0(Native Method)
    at sun.reflect.NativeMethodAccessorImpl.invoke(NativeMethodAccessorImpl.java:62)
    at sun.reflect.DelegatingMethodAccessorImpl.invoke(DelegatingMethodAccessorImpl.java:43)
~ testLcm(org.apache.commons.math.util.MathUtilsTest)
[Expecting ArithmeticException]
junit.framework.AssertionFailedError: Expecting ArithmeticException    at junit.framework.Assert.fail(Assert.java:57)
    at junit.framework.TestCase.fail(TestCase.java:227)
    at org.apache.commons.math.util.MathUtilsTest.testLcm(MathUtilsTest.java:590)
    at sun.reflect.NativeMethodAccessorImpl.invoke0(Native Method)
    at sun.reflect.NativeMethodAccessorImpl.invoke(NativeMethodAccessorImpl.java:62)
    at sun.reflect.DelegatingMethodAccessorImpl.invoke(DelegatingMethodAccessorImpl.java:43)
~ testGcd(org.apache.commons.math.util.MathUtilsTest)
[expecting ArithmeticException]
junit.framework.AssertionFailedError: expecting ArithmeticException    at junit.framework.Assert.fail(Assert.java:57)
    at junit.framework.TestCase.fail(TestCase.java:227)
    at org.apache.commons.math.util.MathUtilsTest.testGcd(MathUtilsTest.java:437)
    at sun.reflect.NativeMethodAccessorImpl.invoke0(Native Method)
    at sun.reflect.NativeMethodAccessorImpl.invoke(NativeMethodAccessorImpl.java:62)
    at sun.reflect.DelegatingMethodAccessorImpl.invoke(DelegatingMethodAccessorImpl.java:43)
~ testLcm(org.apache.commons.math.util.MathUtilsTest)
[Expecting ArithmeticException]
junit.framework.AssertionFailedError: Expecting ArithmeticException    at junit.framework.Assert.fail(Assert.java:57)
    at junit.framework.TestCase.fail(TestCase.java:227)
    at org.apache.commons.math.util.MathUtilsTest.testLcm(MathUtilsTest.java:590)
    at sun.reflect.NativeMethodAccessorImpl.invoke0(Native Method)
    at sun.reflect.NativeMethodAccessorImpl.invoke(NativeMethodAccessorImpl.java:62)
    at sun.reflect.DelegatingMethodAccessorImpl.invoke(DelegatingMethodAccessorImpl.java:43)

10:21:07.190 [pool-108-thread-1] DEBUG xxl.java.junit.TestSuiteExecution - Timeout after 200 seconds. Infinite loop?
10:21:07.191 [pool-2-thread-1] ERROR fr.inria.lille.repair.nopol.NoPol - Error ExecutionException java.util.concurrent.ExecutionException: java.lang.RuntimeException: java.util.concurrent.TimeoutException
10:21:07.191 [pool-2-thread-1] DEBUG fr.inria.lille.repair.nopol.NoPol - statement #23
10:21:07.191 [pool-2-thread-1] DEBUG fr.inria.lille.repair.nopol.NoPol - Analysing SourceLocation org.apache.commons.math.util.MathUtils:553 which is executed by 47 tests
-1550426518
10:21:07.301 [pool-2-thread-1] DEBUG fr.inria.lille.repair.nopol.NoPol - looking with class fr.inria.lille.repair.nopol.spoon.smt.ConditionalAdder
junit.framework.AssertionFailedError: expecting ArithmeticException
    at junit.framework.Assert.fail(Assert.java:57)
    at junit.framework.TestCase.fail(TestCase.java:227)
    at org.apache.commons.math.util.MathUtilsTest.testGcd(MathUtilsTest.java:437)
    at sun.reflect.NativeMethodAccessorImpl.invoke0(Native Method)
    at sun.reflect.NativeMethodAccessorImpl.invoke(NativeMethodAccessorImpl.java:62)
    at sun.reflect.DelegatingMethodAccessorImpl.invoke(DelegatingMethodAccessorImpl.java:43)
junit.framework.AssertionFailedError: Expecting ArithmeticException
    at junit.framework.Assert.fail(Assert.java:57)
    at junit.framework.TestCase.fail(TestCase.java:227)
    at org.apache.commons.math.util.MathUtilsTest.testLcm(MathUtilsTest.java:590)
    at sun.reflect.NativeMethodAccessorImpl.invoke0(Native Method)
    at sun.reflect.NativeMethodAccessorImpl.invoke(NativeMethodAccessorImpl.java:62)
    at sun.reflect.DelegatingMethodAccessorImpl.invoke(DelegatingMethodAccessorImpl.java:43)
junit.framework.AssertionFailedError: expecting ArithmeticException
    at junit.framework.Assert.fail(Assert.java:57)
    at junit.framework.TestCase.fail(TestCase.java:227)
    at org.apache.commons.math.util.MathUtilsTest.testGcd(MathUtilsTest.java:437)
    at sun.reflect.NativeMethodAccessorImpl.invoke0(Native Method)
    at sun.reflect.NativeMethodAccessorImpl.invoke(NativeMethodAccessorImpl.java:62)
    at sun.reflect.DelegatingMethodAccessorImpl.invoke(DelegatingMethodAccessorImpl.java:43)
junit.framework.AssertionFailedError: Expecting ArithmeticException
    at junit.framework.Assert.fail(Assert.java:57)
    at junit.framework.TestCase.fail(TestCase.java:227)
    at org.apache.commons.math.util.MathUtilsTest.testLcm(MathUtilsTest.java:590)
    at sun.reflect.NativeMethodAccessorImpl.invoke0(Native Method)
    at sun.reflect.NativeMethodAccessorImpl.invoke(NativeMethodAccessorImpl.java:62)
    at sun.reflect.DelegatingMethodAccessorImpl.invoke(DelegatingMethodAccessorImpl.java:43)
10:21:08.129 [pool-112-thread-1] INFO  xxl.java.junit.TestCasesListener - Tests run finished (791 ms)
<> Total tests run: 88
<> Ignored tests: 0
<> Failed tests: 4
~ testGcd(org.apache.commons.math.util.MathUtilsTest)
[expecting ArithmeticException]
junit.framework.AssertionFailedError: expecting ArithmeticException    at junit.framework.Assert.fail(Assert.java:57)
    at junit.framework.TestCase.fail(TestCase.java:227)
    at org.apache.commons.math.util.MathUtilsTest.testGcd(MathUtilsTest.java:437)
    at sun.reflect.NativeMethodAccessorImpl.invoke0(Native Method)
    at sun.reflect.NativeMethodAccessorImpl.invoke(NativeMethodAccessorImpl.java:62)
    at sun.reflect.DelegatingMethodAccessorImpl.invoke(DelegatingMethodAccessorImpl.java:43)
~ testLcm(org.apache.commons.math.util.MathUtilsTest)
[Expecting ArithmeticException]
junit.framework.AssertionFailedError: Expecting ArithmeticException    at junit.framework.Assert.fail(Assert.java:57)
    at junit.framework.TestCase.fail(TestCase.java:227)
    at org.apache.commons.math.util.MathUtilsTest.testLcm(MathUtilsTest.java:590)
    at sun.reflect.NativeMethodAccessorImpl.invoke0(Native Method)
    at sun.reflect.NativeMethodAccessorImpl.invoke(NativeMethodAccessorImpl.java:62)
    at sun.reflect.DelegatingMethodAccessorImpl.invoke(DelegatingMethodAccessorImpl.java:43)
~ testGcd(org.apache.commons.math.util.MathUtilsTest)
[expecting ArithmeticException]
junit.framework.AssertionFailedError: expecting ArithmeticException    at junit.framework.Assert.fail(Assert.java:57)
    at junit.framework.TestCase.fail(TestCase.java:227)
    at org.apache.commons.math.util.MathUtilsTest.testGcd(MathUtilsTest.java:437)
    at sun.reflect.NativeMethodAccessorImpl.invoke0(Native Method)
    at sun.reflect.NativeMethodAccessorImpl.invoke(NativeMethodAccessorImpl.java:62)
    at sun.reflect.DelegatingMethodAccessorImpl.invoke(DelegatingMethodAccessorImpl.java:43)
~ testLcm(org.apache.commons.math.util.MathUtilsTest)
[Expecting ArithmeticException]
junit.framework.AssertionFailedError: Expecting ArithmeticException    at junit.framework.Assert.fail(Assert.java:57)
    at junit.framework.TestCase.fail(TestCase.java:227)
    at org.apache.commons.math.util.MathUtilsTest.testLcm(MathUtilsTest.java:590)
    at sun.reflect.NativeMethodAccessorImpl.invoke0(Native Method)
    at sun.reflect.NativeMethodAccessorImpl.invoke(NativeMethodAccessorImpl.java:62)
    at sun.reflect.DelegatingMethodAccessorImpl.invoke(DelegatingMethodAccessorImpl.java:43)

10:24:28.310 [pool-111-thread-1] DEBUG xxl.java.junit.TestSuiteExecution - Timeout after 200 seconds. Infinite loop?
10:24:28.311 [pool-2-thread-1] ERROR fr.inria.lille.repair.nopol.NoPol - Error ExecutionException java.util.concurrent.ExecutionException: java.lang.RuntimeException: java.util.concurrent.TimeoutException
10:24:28.311 [pool-2-thread-1] DEBUG fr.inria.lille.repair.nopol.NoPol - looking with class fr.inria.lille.repair.nopol.spoon.smt.ConditionalReplacer
junit.framework.AssertionFailedError: expecting ArithmeticException
    at junit.framework.Assert.fail(Assert.java:57)
    at junit.framework.TestCase.fail(TestCase.java:227)
    at org.apache.commons.math.util.MathUtilsTest.testGcd(MathUtilsTest.java:437)
    at sun.reflect.NativeMethodAccessorImpl.invoke0(Native Method)
    at sun.reflect.NativeMethodAccessorImpl.invoke(NativeMethodAccessorImpl.java:62)
    at sun.reflect.DelegatingMethodAccessorImpl.invoke(DelegatingMethodAccessorImpl.java:43)
junit.framework.AssertionFailedError: Expecting ArithmeticException
    at junit.framework.Assert.fail(Assert.java:57)
    at junit.framework.TestCase.fail(TestCase.java:227)
    at org.apache.commons.math.util.MathUtilsTest.testLcm(MathUtilsTest.java:590)
    at sun.reflect.NativeMethodAccessorImpl.invoke0(Native Method)
    at sun.reflect.NativeMethodAccessorImpl.invoke(NativeMethodAccessorImpl.java:62)
    at sun.reflect.DelegatingMethodAccessorImpl.invoke(DelegatingMethodAccessorImpl.java:43)
junit.framework.AssertionFailedError: expecting ArithmeticException
    at junit.framework.Assert.fail(Assert.java:57)
    at junit.framework.TestCase.fail(TestCase.java:227)
    at org.apache.commons.math.util.MathUtilsTest.testGcd(MathUtilsTest.java:437)
    at sun.reflect.NativeMethodAccessorImpl.invoke0(Native Method)
    at sun.reflect.NativeMethodAccessorImpl.invoke(NativeMethodAccessorImpl.java:62)
    at sun.reflect.DelegatingMethodAccessorImpl.invoke(DelegatingMethodAccessorImpl.java:43)
junit.framework.AssertionFailedError: Expecting ArithmeticException
    at junit.framework.Assert.fail(Assert.java:57)
    at junit.framework.TestCase.fail(TestCase.java:227)
    at org.apache.commons.math.util.MathUtilsTest.testLcm(MathUtilsTest.java:590)
    at sun.reflect.NativeMethodAccessorImpl.invoke0(Native Method)
    at sun.reflect.NativeMethodAccessorImpl.invoke(NativeMethodAccessorImpl.java:62)
    at sun.reflect.DelegatingMethodAccessorImpl.invoke(DelegatingMethodAccessorImpl.java:43)
10:24:29.255 [pool-115-thread-1] INFO  xxl.java.junit.TestCasesListener - Tests run finished (925 ms)
<> Total tests run: 88
<> Ignored tests: 0
<> Failed tests: 4
~ testGcd(org.apache.commons.math.util.MathUtilsTest)
[expecting ArithmeticException]
junit.framework.AssertionFailedError: expecting ArithmeticException    at junit.framework.Assert.fail(Assert.java:57)
    at junit.framework.TestCase.fail(TestCase.java:227)
    at org.apache.commons.math.util.MathUtilsTest.testGcd(MathUtilsTest.java:437)
    at sun.reflect.NativeMethodAccessorImpl.invoke0(Native Method)
    at sun.reflect.NativeMethodAccessorImpl.invoke(NativeMethodAccessorImpl.java:62)
    at sun.reflect.DelegatingMethodAccessorImpl.invoke(DelegatingMethodAccessorImpl.java:43)
~ testLcm(org.apache.commons.math.util.MathUtilsTest)
[Expecting ArithmeticException]
junit.framework.AssertionFailedError: Expecting ArithmeticException    at junit.framework.Assert.fail(Assert.java:57)
    at junit.framework.TestCase.fail(TestCase.java:227)
    at org.apache.commons.math.util.MathUtilsTest.testLcm(MathUtilsTest.java:590)
    at sun.reflect.NativeMethodAccessorImpl.invoke0(Native Method)
    at sun.reflect.NativeMethodAccessorImpl.invoke(NativeMethodAccessorImpl.java:62)
    at sun.reflect.DelegatingMethodAccessorImpl.invoke(DelegatingMethodAccessorImpl.java:43)
~ testGcd(org.apache.commons.math.util.MathUtilsTest)
[expecting ArithmeticException]
junit.framework.AssertionFailedError: expecting ArithmeticException    at junit.framework.Assert.fail(Assert.java:57)
    at junit.framework.TestCase.fail(TestCase.java:227)
    at org.apache.commons.math.util.MathUtilsTest.testGcd(MathUtilsTest.java:437)
    at sun.reflect.NativeMethodAccessorImpl.invoke0(Native Method)
    at sun.reflect.NativeMethodAccessorImpl.invoke(NativeMethodAccessorImpl.java:62)
    at sun.reflect.DelegatingMethodAccessorImpl.invoke(DelegatingMethodAccessorImpl.java:43)
~ testLcm(org.apache.commons.math.util.MathUtilsTest)
[Expecting ArithmeticException]
junit.framework.AssertionFailedError: Expecting ArithmeticException    at junit.framework.Assert.fail(Assert.java:57)
    at junit.framework.TestCase.fail(TestCase.java:227)
    at org.apache.commons.math.util.MathUtilsTest.testLcm(MathUtilsTest.java:590)
    at sun.reflect.NativeMethodAccessorImpl.invoke0(Native Method)
    at sun.reflect.NativeMethodAccessorImpl.invoke(NativeMethodAccessorImpl.java:62)
    at sun.reflect.DelegatingMethodAccessorImpl.invoke(DelegatingMethodAccessorImpl.java:43)

10:27:49.530 [pool-114-thread-1] DEBUG xxl.java.junit.TestSuiteExecution - Timeout after 200 seconds. Infinite loop?
10:27:49.531 [pool-2-thread-1] ERROR fr.inria.lille.repair.nopol.NoPol - Error ExecutionException java.util.concurrent.ExecutionException: java.lang.RuntimeException: java.util.concurrent.TimeoutException
10:27:49.531 [pool-2-thread-1] DEBUG fr.inria.lille.repair.nopol.NoPol - statement #24
10:27:49.531 [pool-2-thread-1] DEBUG fr.inria.lille.repair.nopol.NoPol - Analysing SourceLocation org.apache.commons.math.util.MathUtils:550 which is executed by 47 tests
-1550426518
10:27:49.807 [pool-2-thread-1] DEBUG fr.inria.lille.repair.nopol.NoPol - looking with class fr.inria.lille.repair.nopol.spoon.smt.ConditionalAdder
junit.framework.AssertionFailedError: expecting ArithmeticException
    at junit.framework.Assert.fail(Assert.java:57)
    at junit.framework.TestCase.fail(TestCase.java:227)
    at org.apache.commons.math.util.MathUtilsTest.testGcd(MathUtilsTest.java:437)
    at sun.reflect.NativeMethodAccessorImpl.invoke0(Native Method)
    at sun.reflect.NativeMethodAccessorImpl.invoke(NativeMethodAccessorImpl.java:62)
    at sun.reflect.DelegatingMethodAccessorImpl.invoke(DelegatingMethodAccessorImpl.java:43)
junit.framework.AssertionFailedError: Expecting ArithmeticException
    at junit.framework.Assert.fail(Assert.java:57)
    at junit.framework.TestCase.fail(TestCase.java:227)
    at org.apache.commons.math.util.MathUtilsTest.testLcm(MathUtilsTest.java:590)
    at sun.reflect.NativeMethodAccessorImpl.invoke0(Native Method)
    at sun.reflect.NativeMethodAccessorImpl.invoke(NativeMethodAccessorImpl.java:62)
    at sun.reflect.DelegatingMethodAccessorImpl.invoke(DelegatingMethodAccessorImpl.java:43)
junit.framework.AssertionFailedError: expecting ArithmeticException
    at junit.framework.Assert.fail(Assert.java:57)
    at junit.framework.TestCase.fail(TestCase.java:227)
    at org.apache.commons.math.util.MathUtilsTest.testGcd(MathUtilsTest.java:437)
    at sun.reflect.NativeMethodAccessorImpl.invoke0(Native Method)
    at sun.reflect.NativeMethodAccessorImpl.invoke(NativeMethodAccessorImpl.java:62)
    at sun.reflect.DelegatingMethodAccessorImpl.invoke(DelegatingMethodAccessorImpl.java:43)
junit.framework.AssertionFailedError: Expecting ArithmeticException
    at junit.framework.Assert.fail(Assert.java:57)
    at junit.framework.TestCase.fail(TestCase.java:227)
    at org.apache.commons.math.util.MathUtilsTest.testLcm(MathUtilsTest.java:590)
    at sun.reflect.NativeMethodAccessorImpl.invoke0(Native Method)
    at sun.reflect.NativeMethodAccessorImpl.invoke(NativeMethodAccessorImpl.java:62)
    at sun.reflect.DelegatingMethodAccessorImpl.invoke(DelegatingMethodAccessorImpl.java:43)
10:27:50.785 [pool-118-thread-1] INFO  xxl.java.junit.TestCasesListener - Tests run finished (934 ms)
<> Total tests run: 88
<> Ignored tests: 0
<> Failed tests: 4
~ testGcd(org.apache.commons.math.util.MathUtilsTest)
[expecting ArithmeticException]
junit.framework.AssertionFailedError: expecting ArithmeticException    at junit.framework.Assert.fail(Assert.java:57)
    at junit.framework.TestCase.fail(TestCase.java:227)
    at org.apache.commons.math.util.MathUtilsTest.testGcd(MathUtilsTest.java:437)
    at sun.reflect.NativeMethodAccessorImpl.invoke0(Native Method)
    at sun.reflect.NativeMethodAccessorImpl.invoke(NativeMethodAccessorImpl.java:62)
    at sun.reflect.DelegatingMethodAccessorImpl.invoke(DelegatingMethodAccessorImpl.java:43)
~ testLcm(org.apache.commons.math.util.MathUtilsTest)
[Expecting ArithmeticException]
junit.framework.AssertionFailedError: Expecting ArithmeticException    at junit.framework.Assert.fail(Assert.java:57)
    at junit.framework.TestCase.fail(TestCase.java:227)
    at org.apache.commons.math.util.MathUtilsTest.testLcm(MathUtilsTest.java:590)
    at sun.reflect.NativeMethodAccessorImpl.invoke0(Native Method)
    at sun.reflect.NativeMethodAccessorImpl.invoke(NativeMethodAccessorImpl.java:62)
    at sun.reflect.DelegatingMethodAccessorImpl.invoke(DelegatingMethodAccessorImpl.java:43)
~ testGcd(org.apache.commons.math.util.MathUtilsTest)
[expecting ArithmeticException]
junit.framework.AssertionFailedError: expecting ArithmeticException    at junit.framework.Assert.fail(Assert.java:57)
    at junit.framework.TestCase.fail(TestCase.java:227)
    at org.apache.commons.math.util.MathUtilsTest.testGcd(MathUtilsTest.java:437)
    at sun.reflect.NativeMethodAccessorImpl.invoke0(Native Method)
    at sun.reflect.NativeMethodAccessorImpl.invoke(NativeMethodAccessorImpl.java:62)
    at sun.reflect.DelegatingMethodAccessorImpl.invoke(DelegatingMethodAccessorImpl.java:43)
~ testLcm(org.apache.commons.math.util.MathUtilsTest)
[Expecting ArithmeticException]
junit.framework.AssertionFailedError: Expecting ArithmeticException    at junit.framework.Assert.fail(Assert.java:57)
    at junit.framework.TestCase.fail(TestCase.java:227)
    at org.apache.commons.math.util.MathUtilsTest.testLcm(MathUtilsTest.java:590)
    at sun.reflect.NativeMethodAccessorImpl.invoke0(Native Method)
    at sun.reflect.NativeMethodAccessorImpl.invoke(NativeMethodAccessorImpl.java:62)
    at sun.reflect.DelegatingMethodAccessorImpl.invoke(DelegatingMethodAccessorImpl.java:43)

10:31:11.046 [pool-117-thread-1] DEBUG xxl.java.junit.TestSuiteExecution - Timeout after 200 seconds. Infinite loop?
10:31:11.047 [pool-2-thread-1] ERROR fr.inria.lille.repair.nopol.NoPol - Error ExecutionException java.util.concurrent.ExecutionException: java.lang.RuntimeException: java.util.concurrent.TimeoutException
10:31:11.050 [pool-2-thread-1] DEBUG fr.inria.lille.repair.nopol.NoPol - looking with class fr.inria.lille.repair.nopol.spoon.smt.ConditionalReplacer
junit.framework.AssertionFailedError: expecting ArithmeticException
    at junit.framework.Assert.fail(Assert.java:57)
    at junit.framework.TestCase.fail(TestCase.java:227)
    at org.apache.commons.math.util.MathUtilsTest.testGcd(MathUtilsTest.java:437)
    at sun.reflect.NativeMethodAccessorImpl.invoke0(Native Method)
    at sun.reflect.NativeMethodAccessorImpl.invoke(NativeMethodAccessorImpl.java:62)
    at sun.reflect.DelegatingMethodAccessorImpl.invoke(DelegatingMethodAccessorImpl.java:43)
junit.framework.AssertionFailedError: Expecting ArithmeticException
    at junit.framework.Assert.fail(Assert.java:57)
    at junit.framework.TestCase.fail(TestCase.java:227)
    at org.apache.commons.math.util.MathUtilsTest.testLcm(MathUtilsTest.java:590)
    at sun.reflect.NativeMethodAccessorImpl.invoke0(Native Method)
    at sun.reflect.NativeMethodAccessorImpl.invoke(NativeMethodAccessorImpl.java:62)
    at sun.reflect.DelegatingMethodAccessorImpl.invoke(DelegatingMethodAccessorImpl.java:43)
junit.framework.AssertionFailedError: expecting ArithmeticException
    at junit.framework.Assert.fail(Assert.java:57)
    at junit.framework.TestCase.fail(TestCase.java:227)
    at org.apache.commons.math.util.MathUtilsTest.testGcd(MathUtilsTest.java:437)
    at sun.reflect.NativeMethodAccessorImpl.invoke0(Native Method)
    at sun.reflect.NativeMethodAccessorImpl.invoke(NativeMethodAccessorImpl.java:62)
    at sun.reflect.DelegatingMethodAccessorImpl.invoke(DelegatingMethodAccessorImpl.java:43)
junit.framework.AssertionFailedError: Expecting ArithmeticException
    at junit.framework.Assert.fail(Assert.java:57)
    at junit.framework.TestCase.fail(TestCase.java:227)
    at org.apache.commons.math.util.MathUtilsTest.testLcm(MathUtilsTest.java:590)
    at sun.reflect.NativeMethodAccessorImpl.invoke0(Native Method)
    at sun.reflect.NativeMethodAccessorImpl.invoke(NativeMethodAccessorImpl.java:62)
    at sun.reflect.DelegatingMethodAccessorImpl.invoke(DelegatingMethodAccessorImpl.java:43)
10:31:12.371 [pool-121-thread-1] INFO  xxl.java.junit.TestCasesListener - Tests run finished (1290 ms)
<> Total tests run: 88
<> Ignored tests: 0
<> Failed tests: 4
~ testGcd(org.apache.commons.math.util.MathUtilsTest)
[expecting ArithmeticException]
junit.framework.AssertionFailedError: expecting ArithmeticException    at junit.framework.Assert.fail(Assert.java:57)
    at junit.framework.TestCase.fail(TestCase.java:227)
    at org.apache.commons.math.util.MathUtilsTest.testGcd(MathUtilsTest.java:437)
    at sun.reflect.NativeMethodAccessorImpl.invoke0(Native Method)
    at sun.reflect.NativeMethodAccessorImpl.invoke(NativeMethodAccessorImpl.java:62)
    at sun.reflect.DelegatingMethodAccessorImpl.invoke(DelegatingMethodAccessorImpl.java:43)
~ testLcm(org.apache.commons.math.util.MathUtilsTest)
[Expecting ArithmeticException]
junit.framework.AssertionFailedError: Expecting ArithmeticException    at junit.framework.Assert.fail(Assert.java:57)
    at junit.framework.TestCase.fail(TestCase.java:227)
    at org.apache.commons.math.util.MathUtilsTest.testLcm(MathUtilsTest.java:590)
    at sun.reflect.NativeMethodAccessorImpl.invoke0(Native Method)
    at sun.reflect.NativeMethodAccessorImpl.invoke(NativeMethodAccessorImpl.java:62)
    at sun.reflect.DelegatingMethodAccessorImpl.invoke(DelegatingMethodAccessorImpl.java:43)
~ testGcd(org.apache.commons.math.util.MathUtilsTest)
[expecting ArithmeticException]
junit.framework.AssertionFailedError: expecting ArithmeticException    at junit.framework.Assert.fail(Assert.java:57)
    at junit.framework.TestCase.fail(TestCase.java:227)
    at org.apache.commons.math.util.MathUtilsTest.testGcd(MathUtilsTest.java:437)
    at sun.reflect.NativeMethodAccessorImpl.invoke0(Native Method)
    at sun.reflect.NativeMethodAccessorImpl.invoke(NativeMethodAccessorImpl.java:62)
    at sun.reflect.DelegatingMethodAccessorImpl.invoke(DelegatingMethodAccessorImpl.java:43)
~ testLcm(org.apache.commons.math.util.MathUtilsTest)
[Expecting ArithmeticException]
junit.framework.AssertionFailedError: Expecting ArithmeticException    at junit.framework.Assert.fail(Assert.java:57)
    at junit.framework.TestCase.fail(TestCase.java:227)
    at org.apache.commons.math.util.MathUtilsTest.testLcm(MathUtilsTest.java:590)
    at sun.reflect.NativeMethodAccessorImpl.invoke0(Native Method)
    at sun.reflect.NativeMethodAccessorImpl.invoke(NativeMethodAccessorImpl.java:62)
    at sun.reflect.DelegatingMethodAccessorImpl.invoke(DelegatingMethodAccessorImpl.java:43)

10:34:32.754 [pool-120-thread-1] DEBUG xxl.java.junit.TestSuiteExecution - Timeout after 200 seconds. Infinite loop?
10:34:32.755 [pool-2-thread-1] ERROR fr.inria.lille.repair.nopol.NoPol - Error ExecutionException java.util.concurrent.ExecutionException: java.lang.RuntimeException: java.util.concurrent.TimeoutException
10:34:32.775 [pool-2-thread-1] DEBUG fr.inria.lille.repair.nopol.NoPol - statement #25
10:34:32.776 [pool-2-thread-1] DEBUG fr.inria.lille.repair.nopol.NoPol - Analysing SourceLocation org.apache.commons.math.util.MathUtils:542 which is executed by 48 tests
-1550426518
10:34:33.002 [pool-2-thread-1] DEBUG fr.inria.lille.repair.nopol.NoPol - looking with class fr.inria.lille.repair.nopol.spoon.smt.ConditionalAdder
junit.framework.AssertionFailedError: expecting ArithmeticException
    at junit.framework.Assert.fail(Assert.java:57)
    at junit.framework.TestCase.fail(TestCase.java:227)
    at org.apache.commons.math.util.MathUtilsTest.testGcd(MathUtilsTest.java:437)
    at sun.reflect.NativeMethodAccessorImpl.invoke0(Native Method)
    at sun.reflect.NativeMethodAccessorImpl.invoke(NativeMethodAccessorImpl.java:62)
    at sun.reflect.DelegatingMethodAccessorImpl.invoke(DelegatingMethodAccessorImpl.java:43)
junit.framework.AssertionFailedError: Expecting ArithmeticException
    at junit.framework.Assert.fail(Assert.java:57)
    at junit.framework.TestCase.fail(TestCase.java:227)
    at org.apache.commons.math.util.MathUtilsTest.testLcm(MathUtilsTest.java:590)
    at sun.reflect.NativeMethodAccessorImpl.invoke0(Native Method)
    at sun.reflect.NativeMethodAccessorImpl.invoke(NativeMethodAccessorImpl.java:62)
    at sun.reflect.DelegatingMethodAccessorImpl.invoke(DelegatingMethodAccessorImpl.java:43)
junit.framework.AssertionFailedError: expecting ArithmeticException
    at junit.framework.Assert.fail(Assert.java:57)
    at junit.framework.TestCase.fail(TestCase.java:227)
    at org.apache.commons.math.util.MathUtilsTest.testGcd(MathUtilsTest.java:437)
    at sun.reflect.NativeMethodAccessorImpl.invoke0(Native Method)
    at sun.reflect.NativeMethodAccessorImpl.invoke(NativeMethodAccessorImpl.java:62)
    at sun.reflect.DelegatingMethodAccessorImpl.invoke(DelegatingMethodAccessorImpl.java:43)
junit.framework.AssertionFailedError: Expecting ArithmeticException
    at junit.framework.Assert.fail(Assert.java:57)
    at junit.framework.TestCase.fail(TestCase.java:227)
    at org.apache.commons.math.util.MathUtilsTest.testLcm(MathUtilsTest.java:590)
    at sun.reflect.NativeMethodAccessorImpl.invoke0(Native Method)
    at sun.reflect.NativeMethodAccessorImpl.invoke(NativeMethodAccessorImpl.java:62)
    at sun.reflect.DelegatingMethodAccessorImpl.invoke(DelegatingMethodAccessorImpl.java:43)
10:34:34.017 [pool-124-thread-1] INFO  xxl.java.junit.TestCasesListener - Tests run finished (990 ms)
<> Total tests run: 88
<> Ignored tests: 0
<> Failed tests: 4
~ testGcd(org.apache.commons.math.util.MathUtilsTest)
[expecting ArithmeticException]
junit.framework.AssertionFailedError: expecting ArithmeticException    at junit.framework.Assert.fail(Assert.java:57)
    at junit.framework.TestCase.fail(TestCase.java:227)
    at org.apache.commons.math.util.MathUtilsTest.testGcd(MathUtilsTest.java:437)
    at sun.reflect.NativeMethodAccessorImpl.invoke0(Native Method)
    at sun.reflect.NativeMethodAccessorImpl.invoke(NativeMethodAccessorImpl.java:62)
    at sun.reflect.DelegatingMethodAccessorImpl.invoke(DelegatingMethodAccessorImpl.java:43)
~ testLcm(org.apache.commons.math.util.MathUtilsTest)
[Expecting ArithmeticException]
junit.framework.AssertionFailedError: Expecting ArithmeticException    at junit.framework.Assert.fail(Assert.java:57)
    at junit.framework.TestCase.fail(TestCase.java:227)
    at org.apache.commons.math.util.MathUtilsTest.testLcm(MathUtilsTest.java:590)
    at sun.reflect.NativeMethodAccessorImpl.invoke0(Native Method)
    at sun.reflect.NativeMethodAccessorImpl.invoke(NativeMethodAccessorImpl.java:62)
    at sun.reflect.DelegatingMethodAccessorImpl.invoke(DelegatingMethodAccessorImpl.java:43)
~ testGcd(org.apache.commons.math.util.MathUtilsTest)
[expecting ArithmeticException]
junit.framework.AssertionFailedError: expecting ArithmeticException    at junit.framework.Assert.fail(Assert.java:57)
    at junit.framework.TestCase.fail(TestCase.java:227)
    at org.apache.commons.math.util.MathUtilsTest.testGcd(MathUtilsTest.java:437)
    at sun.reflect.NativeMethodAccessorImpl.invoke0(Native Method)
    at sun.reflect.NativeMethodAccessorImpl.invoke(NativeMethodAccessorImpl.java:62)
    at sun.reflect.DelegatingMethodAccessorImpl.invoke(DelegatingMethodAccessorImpl.java:43)
~ testLcm(org.apache.commons.math.util.MathUtilsTest)
[Expecting ArithmeticException]
junit.framework.AssertionFailedError: Expecting ArithmeticException    at junit.framework.Assert.fail(Assert.java:57)
    at junit.framework.TestCase.fail(TestCase.java:227)
    at org.apache.commons.math.util.MathUtilsTest.testLcm(MathUtilsTest.java:590)
    at sun.reflect.NativeMethodAccessorImpl.invoke0(Native Method)
    at sun.reflect.NativeMethodAccessorImpl.invoke(NativeMethodAccessorImpl.java:62)
    at sun.reflect.DelegatingMethodAccessorImpl.invoke(DelegatingMethodAccessorImpl.java:43)

10:34:34.460 [pool-2-thread-1] DEBUG fr.inria.lille.repair.nopol.NoPol - looking with class fr.inria.lille.repair.nopol.spoon.smt.ConditionalReplacer
junit.framework.AssertionFailedError: expecting ArithmeticException
    at junit.framework.Assert.fail(Assert.java:57)
    at junit.framework.TestCase.fail(TestCase.java:227)
    at org.apache.commons.math.util.MathUtilsTest.testGcd(MathUtilsTest.java:437)
    at sun.reflect.NativeMethodAccessorImpl.invoke0(Native Method)
    at sun.reflect.NativeMethodAccessorImpl.invoke(NativeMethodAccessorImpl.java:62)
    at sun.reflect.DelegatingMethodAccessorImpl.invoke(DelegatingMethodAccessorImpl.java:43)
junit.framework.AssertionFailedError: Expecting ArithmeticException
    at junit.framework.Assert.fail(Assert.java:57)
    at junit.framework.TestCase.fail(TestCase.java:227)
    at org.apache.commons.math.util.MathUtilsTest.testLcm(MathUtilsTest.java:590)
    at sun.reflect.NativeMethodAccessorImpl.invoke0(Native Method)
    at sun.reflect.NativeMethodAccessorImpl.invoke(NativeMethodAccessorImpl.java:62)
    at sun.reflect.DelegatingMethodAccessorImpl.invoke(DelegatingMethodAccessorImpl.java:43)
junit.framework.AssertionFailedError: expecting ArithmeticException
    at junit.framework.Assert.fail(Assert.java:57)
    at junit.framework.TestCase.fail(TestCase.java:227)
    at org.apache.commons.math.util.MathUtilsTest.testGcd(MathUtilsTest.java:437)
    at sun.reflect.NativeMethodAccessorImpl.invoke0(Native Method)
    at sun.reflect.NativeMethodAccessorImpl.invoke(NativeMethodAccessorImpl.java:62)
    at sun.reflect.DelegatingMethodAccessorImpl.invoke(DelegatingMethodAccessorImpl.java:43)
junit.framework.AssertionFailedError: Expecting ArithmeticException
    at junit.framework.Assert.fail(Assert.java:57)
    at junit.framework.TestCase.fail(TestCase.java:227)
    at org.apache.commons.math.util.MathUtilsTest.testLcm(MathUtilsTest.java:590)
    at sun.reflect.NativeMethodAccessorImpl.invoke0(Native Method)
    at sun.reflect.NativeMethodAccessorImpl.invoke(NativeMethodAccessorImpl.java:62)
    at sun.reflect.DelegatingMethodAccessorImpl.invoke(DelegatingMethodAccessorImpl.java:43)
10:34:35.938 [pool-130-thread-1] INFO  xxl.java.junit.TestCasesListener - Tests run finished (1460 ms)
<> Total tests run: 88
<> Ignored tests: 0
<> Failed tests: 4
~ testGcd(org.apache.commons.math.util.MathUtilsTest)
[expecting ArithmeticException]
junit.framework.AssertionFailedError: expecting ArithmeticException    at junit.framework.Assert.fail(Assert.java:57)
    at junit.framework.TestCase.fail(TestCase.java:227)
    at org.apache.commons.math.util.MathUtilsTest.testGcd(MathUtilsTest.java:437)
    at sun.reflect.NativeMethodAccessorImpl.invoke0(Native Method)
    at sun.reflect.NativeMethodAccessorImpl.invoke(NativeMethodAccessorImpl.java:62)
    at sun.reflect.DelegatingMethodAccessorImpl.invoke(DelegatingMethodAccessorImpl.java:43)
~ testLcm(org.apache.commons.math.util.MathUtilsTest)
[Expecting ArithmeticException]
junit.framework.AssertionFailedError: Expecting ArithmeticException    at junit.framework.Assert.fail(Assert.java:57)
    at junit.framework.TestCase.fail(TestCase.java:227)
    at org.apache.commons.math.util.MathUtilsTest.testLcm(MathUtilsTest.java:590)
    at sun.reflect.NativeMethodAccessorImpl.invoke0(Native Method)
    at sun.reflect.NativeMethodAccessorImpl.invoke(NativeMethodAccessorImpl.java:62)
    at sun.reflect.DelegatingMethodAccessorImpl.invoke(DelegatingMethodAccessorImpl.java:43)
~ testGcd(org.apache.commons.math.util.MathUtilsTest)
[expecting ArithmeticException]
junit.framework.AssertionFailedError: expecting ArithmeticException    at junit.framework.Assert.fail(Assert.java:57)
    at junit.framework.TestCase.fail(TestCase.java:227)
    at org.apache.commons.math.util.MathUtilsTest.testGcd(MathUtilsTest.java:437)
    at sun.reflect.NativeMethodAccessorImpl.invoke0(Native Method)
    at sun.reflect.NativeMethodAccessorImpl.invoke(NativeMethodAccessorImpl.java:62)
    at sun.reflect.DelegatingMethodAccessorImpl.invoke(DelegatingMethodAccessorImpl.java:43)
~ testLcm(org.apache.commons.math.util.MathUtilsTest)
[Expecting ArithmeticException]
junit.framework.AssertionFailedError: Expecting ArithmeticException    at junit.framework.Assert.fail(Assert.java:57)
    at junit.framework.TestCase.fail(TestCase.java:227)
    at org.apache.commons.math.util.MathUtilsTest.testLcm(MathUtilsTest.java:590)
    at sun.reflect.NativeMethodAccessorImpl.invoke0(Native Method)
    at sun.reflect.NativeMethodAccessorImpl.invoke(NativeMethodAccessorImpl.java:62)
    at sun.reflect.DelegatingMethodAccessorImpl.invoke(DelegatingMethodAccessorImpl.java:43)

10:34:36.397 [pool-2-thread-1] DEBUG fr.inria.lille.repair.nopol.NoPol - statement #26
10:34:36.397 [pool-2-thread-1] DEBUG fr.inria.lille.repair.nopol.NoPol - Analysing SourceLocation org.apache.commons.math.util.MathUtils:541 which is executed by 48 tests
-1550426518
10:34:36.541 [pool-2-thread-1] DEBUG fr.inria.lille.repair.nopol.NoPol - statement #27
10:34:36.542 [pool-2-thread-1] DEBUG fr.inria.lille.repair.nopol.NoPol - Analysing SourceLocation org.apache.commons.math.util.MathUtils:540 which is executed by 48 tests
-1550426518
10:34:36.743 [pool-2-thread-1] DEBUG fr.inria.lille.repair.nopol.NoPol - statement #28
10:34:36.744 [pool-2-thread-1] DEBUG fr.inria.lille.repair.nopol.NoPol - Analysing SourceLocation org.apache.commons.math.util.MathUtils:752 which is executed by 24 tests
-1550426518
10:34:36.984 [pool-2-thread-1] DEBUG fr.inria.lille.repair.nopol.NoPol - statement #29
10:34:36.985 [pool-2-thread-1] DEBUG fr.inria.lille.repair.nopol.NoPol - Analysing SourceLocation org.apache.commons.math.util.MathUtils:749 which is executed by 24 tests
-1550426518
10:34:37.145 [pool-2-thread-1] DEBUG fr.inria.lille.repair.nopol.NoPol - looking with class fr.inria.lille.repair.nopol.spoon.smt.ConditionalAdder
junit.framework.AssertionFailedError: expecting ArithmeticException
    at junit.framework.Assert.fail(Assert.java:57)
    at junit.framework.TestCase.fail(TestCase.java:227)
    at org.apache.commons.math.util.MathUtilsTest.testGcd(MathUtilsTest.java:437)
    at sun.reflect.NativeMethodAccessorImpl.invoke0(Native Method)
    at sun.reflect.NativeMethodAccessorImpl.invoke(NativeMethodAccessorImpl.java:62)
    at sun.reflect.DelegatingMethodAccessorImpl.invoke(DelegatingMethodAccessorImpl.java:43)
junit.framework.AssertionFailedError: Expecting ArithmeticException
    at junit.framework.Assert.fail(Assert.java:57)
    at junit.framework.TestCase.fail(TestCase.java:227)
    at org.apache.commons.math.util.MathUtilsTest.testLcm(MathUtilsTest.java:590)
    at sun.reflect.NativeMethodAccessorImpl.invoke0(Native Method)
    at sun.reflect.NativeMethodAccessorImpl.invoke(NativeMethodAccessorImpl.java:62)
    at sun.reflect.DelegatingMethodAccessorImpl.invoke(DelegatingMethodAccessorImpl.java:43)
10:34:38.054 [pool-136-thread-1] INFO  xxl.java.junit.TestCasesListener - Tests run finished (869 ms)
<> Total tests run: 44
<> Ignored tests: 0
<> Failed tests: 2
~ testGcd(org.apache.commons.math.util.MathUtilsTest)
[expecting ArithmeticException]
junit.framework.AssertionFailedError: expecting ArithmeticException    at junit.framework.Assert.fail(Assert.java:57)
    at junit.framework.TestCase.fail(TestCase.java:227)
    at org.apache.commons.math.util.MathUtilsTest.testGcd(MathUtilsTest.java:437)
    at sun.reflect.NativeMethodAccessorImpl.invoke0(Native Method)
    at sun.reflect.NativeMethodAccessorImpl.invoke(NativeMethodAccessorImpl.java:62)
    at sun.reflect.DelegatingMethodAccessorImpl.invoke(DelegatingMethodAccessorImpl.java:43)
~ testLcm(org.apache.commons.math.util.MathUtilsTest)
[Expecting ArithmeticException]
junit.framework.AssertionFailedError: Expecting ArithmeticException    at junit.framework.Assert.fail(Assert.java:57)
    at junit.framework.TestCase.fail(TestCase.java:227)
    at org.apache.commons.math.util.MathUtilsTest.testLcm(MathUtilsTest.java:590)
    at sun.reflect.NativeMethodAccessorImpl.invoke0(Native Method)
    at sun.reflect.NativeMethodAccessorImpl.invoke(NativeMethodAccessorImpl.java:62)
    at sun.reflect.DelegatingMethodAccessorImpl.invoke(DelegatingMethodAccessorImpl.java:43)

10:34:38.662 [pool-2-thread-1] DEBUG fr.inria.lille.repair.nopol.NoPol - looking with class fr.inria.lille.repair.nopol.spoon.smt.ConditionalReplacer
junit.framework.AssertionFailedError: expecting ArithmeticException
    at junit.framework.Assert.fail(Assert.java:57)
    at junit.framework.TestCase.fail(TestCase.java:227)
    at org.apache.commons.math.util.MathUtilsTest.testGcd(MathUtilsTest.java:437)
    at sun.reflect.NativeMethodAccessorImpl.invoke0(Native Method)
    at sun.reflect.NativeMethodAccessorImpl.invoke(NativeMethodAccessorImpl.java:62)
    at sun.reflect.DelegatingMethodAccessorImpl.invoke(DelegatingMethodAccessorImpl.java:43)
junit.framework.AssertionFailedError: Expecting ArithmeticException
    at junit.framework.Assert.fail(Assert.java:57)
    at junit.framework.TestCase.fail(TestCase.java:227)
    at org.apache.commons.math.util.MathUtilsTest.testLcm(MathUtilsTest.java:590)
    at sun.reflect.NativeMethodAccessorImpl.invoke0(Native Method)
    at sun.reflect.NativeMethodAccessorImpl.invoke(NativeMethodAccessorImpl.java:62)
    at sun.reflect.DelegatingMethodAccessorImpl.invoke(DelegatingMethodAccessorImpl.java:43)
10:34:39.410 [pool-142-thread-1] INFO  xxl.java.junit.TestCasesListener - Tests run finished (689 ms)
<> Total tests run: 44
<> Ignored tests: 0
<> Failed tests: 2
~ testGcd(org.apache.commons.math.util.MathUtilsTest)
[expecting ArithmeticException]
junit.framework.AssertionFailedError: expecting ArithmeticException    at junit.framework.Assert.fail(Assert.java:57)
    at junit.framework.TestCase.fail(TestCase.java:227)
    at org.apache.commons.math.util.MathUtilsTest.testGcd(MathUtilsTest.java:437)
    at sun.reflect.NativeMethodAccessorImpl.invoke0(Native Method)
    at sun.reflect.NativeMethodAccessorImpl.invoke(NativeMethodAccessorImpl.java:62)
    at sun.reflect.DelegatingMethodAccessorImpl.invoke(DelegatingMethodAccessorImpl.java:43)
~ testLcm(org.apache.commons.math.util.MathUtilsTest)
[Expecting ArithmeticException]
junit.framework.AssertionFailedError: Expecting ArithmeticException    at junit.framework.Assert.fail(Assert.java:57)
    at junit.framework.TestCase.fail(TestCase.java:227)
    at org.apache.commons.math.util.MathUtilsTest.testLcm(MathUtilsTest.java:590)
    at sun.reflect.NativeMethodAccessorImpl.invoke0(Native Method)
    at sun.reflect.NativeMethodAccessorImpl.invoke(NativeMethodAccessorImpl.java:62)
    at sun.reflect.DelegatingMethodAccessorImpl.invoke(DelegatingMethodAccessorImpl.java:43)

10:34:39.915 [pool-2-thread-1] DEBUG fr.inria.lille.repair.nopol.NoPol - statement #30
10:34:39.926 [pool-2-thread-1] DEBUG fr.inria.lille.repair.nopol.NoPol - Analysing SourceLocation org.apache.commons.math.util.MathUtils:748 which is executed by 24 tests
-1550426518
10:34:40.070 [pool-2-thread-1] INFO  fr.inria.lille.repair.nopol.NoPol - ----INFORMATION----
10:34:40.425 [pool-2-thread-1] INFO  fr.inria.lille.repair.nopol.NoPol - Nb classes : 285
10:34:40.425 [pool-2-thread-1] INFO  fr.inria.lille.repair.nopol.NoPol - Nb methods : 2098
10:34:40.426 [pool-2-thread-1] INFO  fr.inria.lille.repair.nopol.NoPol - Nb Statements Analyzed : 27
10:34:40.426 [pool-2-thread-1] INFO  fr.inria.lille.repair.nopol.NoPol - Nb Statements with Angelic Value Found : 0
10:34:40.426 [pool-2-thread-1] INFO  fr.inria.lille.repair.nopol.NoPol - NoPol Execution time : 1578586ms
10:34:40.426 [pool-2-thread-1] INFO  fr.inria.lille.repair.nopol.NoPol - 
NO_ANGELIC_VALUE
Command exited with non-zero status 255
4374.15user 5.10system 26:20.88elapsed 277%CPU (0avgtext+0avgdata 4302432maxresident)k
51624inputs+7072outputs (4major+1197848minor)pagefaults 0swaps


Node: graphene-9.nancy.grid5000.fr



Date: Sat Dec  1 10:34:40 EST 2018

