cd /tmp/Nopol_Bug_dot_jar_Jackrabbit-Oak_717186d6;
export JAVA_TOOL_OPTIONS="-Dfile.encoding=UTF8 -Duser.language=en-US -Duser.country=US -Duser.language=en";
TZ="America/New_York"; export TZ;
export PATH="/usr/lib/jvm/java-1.8.0-openjdk-amd64/bin/:$PATH";
export JAVA_HOME="/usr/lib/jvm/java-1.8.0-openjdk-amd64/bin/";
time java -Xmx4g -Xms1g -cp /home/tdurieux/defects4j4repair/script/../repair_tools/nopol.jar:/usr/lib/jvm/java-1.8.0-openjdk-amd64/bin//../lib/tools.jar fr.inria.lille.repair.Main \
	--mode repair \
	--type pre_then_cond \
	--oracle angelic \
	--synthesis smt \
	--flocal gzoltar \
	--json \
	--solver z3 \
	--solver-path /home/tdurieux/defects4j4repair/script/../libs/z3/build/z3 \
	--complianceLevel 7 \
	--source oak-mk/src/main/java \
	--classpath "oak-mk/target/classes:oak-mk/target/test-classes:/tmp/Nopol_Bug_dot_jar_Jackrabbit-Oak_717186d6/oak-commons/target/classes:/tmp/Nopol_Bug_dot_jar_Jackrabbit-Oak_717186d6/oak-mk-api/target/classes:/tmp/Nopol_Bug_dot_jar_Jackrabbit-Oak_717186d6/oak-mk-remote/target/classes:/tmp/Nopol_Bug_dot_jar_Jackrabbit-Oak_717186d6/oak-mongomk/target/classes:/tmp/Nopol_Bug_dot_jar_Jackrabbit-Oak_717186d6/oak-it/mk/target/classes:/tmp/Nopol_Bug_dot_jar_Jackrabbit-Oak_717186d6/oak-core/target/classes:/tmp/Nopol_Bug_dot_jar_Jackrabbit-Oak_717186d6/oak-jcr/target/classes:/tmp/Nopol_Bug_dot_jar_Jackrabbit-Oak_717186d6/oak-sling/target/classes:/tmp/Nopol_Bug_dot_jar_Jackrabbit-Oak_717186d6/oak-http/target/classes:/tmp/Nopol_Bug_dot_jar_Jackrabbit-Oak_717186d6/oak-lucene/target/classes:/tmp/Nopol_Bug_dot_jar_Jackrabbit-Oak_717186d6/oak-run/target/classes:/tmp/Nopol_Bug_dot_jar_Jackrabbit-Oak_717186d6/oak-it/osgi/target/classes:/tmp/Nopol_Bug_dot_jar_Jackrabbit-Oak_717186d6/oak-bench/base/target/classes:/tmp/Nopol_Bug_dot_jar_Jackrabbit-Oak_717186d6/oak-bench/latest/target/classes:/tmp/Nopol_Bug_dot_jar_Jackrabbit-Oak_717186d6/oak-mk-perf/target/classes:/home/tdurieux/.m2/repository/ch/qos/logback/logback-core/1.0.1/logback-core-1.0.1.jar:/home/tdurieux/.m2/repository/com/google/guava/guava/13.0.1/guava-13.0.1.jar:/home/tdurieux/.m2/repository/org/codehaus/jackson/jackson-core-asl/1.9.2/jackson-core-asl-1.9.2.jar:/home/tdurieux/.m2/repository/org/apache/jackrabbit/oak-http/0.6-SNAPSHOT/oak-http-0.6-SNAPSHOT.jar:/home/tdurieux/.m2/repository/org/ops4j/base/ops4j-base-net/1.3.0/ops4j-base-net-1.3.0.jar:/home/tdurieux/.m2/repository/org/osgi/org.osgi.core/4.2.0/org.osgi.core-4.2.0.jar:/home/tdurieux/.m2/repository/org/sonatype/aether/aether-spi/1.11/aether-spi-1.11.jar:/home/tdurieux/.m2/repository/org/ops4j/pax/swissbox/pax-swissbox-optional-jcl/1.5.0/pax-swissbox-optional-jcl-1.5.0.jar:/home/tdurieux/.m2/repository/org/slf4j/slf4j-api/1.6.4/slf4j-api-1.6.4.jar:/home/tdurieux/.m2/repository/com/cedarsoft/commons/xml-commons/5.0.9/xml-commons-5.0.9.jar:/home/tdurieux/.m2/repository/org/mongodb/mongo-java-driver/2.7.1/mongo-java-driver-2.7.1.jar:/home/tdurieux/.m2/repository/org/ops4j/pax/exam/pax-exam-junit4/2.4.0/pax-exam-junit4-2.4.0.jar:/home/tdurieux/.m2/repository/com/cedarsoft/commons/crypt/5.0.9/crypt-5.0.9.jar:/home/tdurieux/.m2/repository/org/json/json/20090211/json-20090211.jar:/home/tdurieux/.m2/repository/org/apache/xbean/xbean-reflect/3.4/xbean-reflect-3.4.jar:/home/tdurieux/.m2/repository/commons-pool/commons-pool/1.5.4/commons-pool-1.5.4.jar:/home/tdurieux/.m2/repository/org/eclipse/jetty/jetty-io/8.1.2.v20120308/jetty-io-8.1.2.v20120308.jar:/home/tdurieux/.m2/repository/org/ops4j/base/ops4j-base-lang/1.3.0/ops4j-base-lang-1.3.0.jar:/home/tdurieux/.m2/repository/javax/servlet/servlet-api/2.5/servlet-api-2.5.jar:/home/tdurieux/.m2/repository/org/ops4j/pax/exam/pax-exam/2.4.0/pax-exam-2.4.0.jar:/home/tdurieux/.m2/repository/com/googlecode/json-simple/json-simple/1.1/json-simple-1.1.jar:/home/tdurieux/.m2/repository/org/slf4j/slf4j-api/1.5.8/slf4j-api-1.5.8.jar:/home/tdurieux/.m2/repository/org/apache/maven/maven-model-builder/3.0.3/maven-model-builder-3.0.3.jar:/home/tdurieux/.m2/repository/com/google/code/findbugs/jsr305/2.0.0/jsr305-2.0.0.jar:/home/tdurieux/.m2/repository/org/apache/jackrabbit/oak-commons/0.6-SNAPSHOT/oak-commons-0.6-SNAPSHOT.jar:/home/tdurieux/.m2/repository/org/apache/jackrabbit/jackrabbit-spi-commons/2.6-SNAPSHOT/jackrabbit-spi-commons-2.6-SNAPSHOT.jar:/home/tdurieux/.m2/repository/org/mockito/mockito-all/1.9.0-rc1/mockito-all-1.9.0-rc1.jar:/home/tdurieux/.m2/repository/org/sonatype/aether/aether-impl/1.11/aether-impl-1.11.jar:/home/tdurieux/.m2/repository/org/apache/jackrabbit/oak-lucene/0.6-SNAPSHOT/oak-lucene-0.6-SNAPSHOT.jar:/home/tdurieux/.m2/repository/com/ibm/icu/icu4j/2.6.1/icu4j-2.6.1.jar:/home/tdurieux/.m2/repository/commons-io/commons-io/2.2/commons-io-2.2.jar:/home/tdurieux/.m2/repository/org/apache/lucene/lucene-analyzers-common/4.0.0/lucene-analyzers-common-4.0.0.jar:/home/tdurieux/.m2/repository/org/apache/lucene/lucene-core/3.6.0/lucene-core-3.6.0.jar:/home/tdurieux/.m2/repository/org/ops4j/base/ops4j-base-spi/1.3.0/ops4j-base-spi-1.3.0.jar:/home/tdurieux/.m2/repository/org/apache/jackrabbit/oak-jcr/0.6-SNAPSHOT/oak-jcr-0.6-SNAPSHOT.jar:/home/tdurieux/.m2/repository/org/apache/jackrabbit/oak-core/0.6-SNAPSHOT/oak-core-0.6-SNAPSHOT-tests.jar:/home/tdurieux/.m2/repository/org/ops4j/pax/url/pax-url-classpath/1.4.0/pax-url-classpath-1.4.0.jar:/home/tdurieux/.m2/repository/org/ops4j/pax/tinybundles/tinybundles/1.0.0/tinybundles-1.0.0.jar:/home/tdurieux/.m2/repository/org/ops4j/pax/swissbox/pax-swissbox-core/1.5.0/pax-swissbox-core-1.5.0.jar:/home/tdurieux/.m2/repository/org/apache/jackrabbit/oak-mongomk/0.6-SNAPSHOT/oak-mongomk-0.6-SNAPSHOT.jar:/home/tdurieux/.m2/repository/org/apache/sling/org.apache.sling.jcr.api/2.1.0/org.apache.sling.jcr.api-2.1.0.jar:/home/tdurieux/.m2/repository/dom4j/dom4j/1.6.1/dom4j-1.6.1.jar:/home/tdurieux/.m2/repository/org/apache/maven/wagon/wagon-file/1.0-beta-7/wagon-file-1.0-beta-7.jar:/home/tdurieux/.m2/repository/org/apache/maven/wagon/wagon-http-shared/1.0-beta-7/wagon-http-shared-1.0-beta-7.jar:/home/tdurieux/.m2/repository/org/apache/jackrabbit/oak-mk-api/0.6-SNAPSHOT/oak-mk-api-0.6-SNAPSHOT.jar:/home/tdurieux/.m2/repository/com/google/collections/google-collections/1.0/google-collections-1.0.jar:/home/tdurieux/.m2/repository/org/slf4j/slf4j-nop/1.5.8/slf4j-nop-1.5.8.jar:/home/tdurieux/.m2/repository/com/fasterxml/jackson/core/jackson-databind/2.0.0/jackson-databind-2.0.0.jar:/home/tdurieux/.m2/repository/org/ops4j/pax/swissbox/pax-swissbox-framework/1.5.0/pax-swissbox-framework-1.5.0.jar:/home/tdurieux/.m2/repository/org/apache/jackrabbit/jackrabbit-core/2.6-SNAPSHOT/jackrabbit-core-2.6-SNAPSHOT-tests.jar:/home/tdurieux/.m2/repository/com/fasterxml/jackson/dataformat/jackson-dataformat-smile/2.0.2/jackson-dataformat-smile-2.0.2.jar:/home/tdurieux/.m2/repository/com/cedarsoft/commons/test-utils/5.0.9/test-utils-5.0.9.jar:/home/tdurieux/.m2/repository/commons-logging/commons-logging/1.0.4/commons-logging-1.0.4.jar:/home/tdurieux/.m2/repository/org/ops4j/pax/url/pax-url-commons/1.4.0/pax-url-commons-1.4.0.jar:/home/tdurieux/.m2/repository/org/sonatype/aether/aether-connector-wagon/1.11/aether-connector-wagon-1.11.jar:/home/tdurieux/.m2/repository/asm/asm/3.0/asm-3.0.jar:/home/tdurieux/.m2/repository/org/sonatype/aether/aether-api/1.11/aether-api-1.11.jar:/home/tdurieux/.m2/repository/biz/aQute/bndlib/1.50.0/bndlib-1.50.0.jar:/home/tdurieux/.m2/repository/com/fasterxml/jackson/core/jackson-core/2.0.0/jackson-core-2.0.0.jar:/home/tdurieux/.m2/repository/commons-fileupload/commons-fileupload/1.2.1/commons-fileupload-1.2.1.jar:/home/tdurieux/.m2/repository/org/easytesting/fest-reflect/1.2/fest-reflect-1.2.jar:/home/tdurieux/.m2/repository/org/hamcrest/hamcrest-core/1.1/hamcrest-core-1.1.jar:/home/tdurieux/.m2/repository/commons-dbcp/commons-dbcp/1.3/commons-dbcp-1.3.jar:/home/tdurieux/.m2/repository/javax/jcr/jcr/2.0/jcr-2.0.jar:/home/tdurieux/.m2/repository/org/eclipse/jetty/jetty-http/8.1.2.v20120308/jetty-http-8.1.2.v20120308.jar:/home/tdurieux/.m2/repository/xml-apis/xml-apis/1.3.02/xml-apis-1.3.02.jar:/home/tdurieux/.m2/repository/org/apache/geronimo/specs/geronimo-atinject_1.0_spec/1.0/geronimo-atinject_1.0_spec-1.0.jar:/home/tdurieux/.m2/repository/org/ops4j/base/ops4j-base-store/1.3.0/ops4j-base-store-1.3.0.jar:/home/tdurieux/.m2/repository/xerces/xercesImpl/2.6.2/xercesImpl-2.6.2.jar:/home/tdurieux/.m2/repository/org/codehaus/jackson/jackson-mapper-asl/1.9.2/jackson-mapper-asl-1.9.2.jar:/home/tdurieux/.m2/repository/org/apache/maven/wagon/wagon-provider-api/1.0-beta-7/wagon-provider-api-1.0-beta-7.jar:/home/tdurieux/.m2/repository/org/apache/sling/org.apache.sling.commons.osgi/2.1.0/org.apache.sling.commons.osgi-2.1.0.jar:/home/tdurieux/.m2/repository/org/apache/jackrabbit/jackrabbit-api/2.6-SNAPSHOT/jackrabbit-api-2.6-SNAPSHOT.jar:/home/tdurieux/.m2/repository/org/apache/jackrabbit/oak-it-mk/0.6-SNAPSHOT/oak-it-mk-0.6-SNAPSHOT.jar:/home/tdurieux/.m2/repository/commons-codec/commons-codec/1.2/commons-codec-1.2.jar:/home/tdurieux/.m2/repository/org/apache/jackrabbit/jackrabbit-spi/2.6-SNAPSHOT/jackrabbit-spi-2.6-SNAPSHOT.jar:/home/tdurieux/.m2/repository/com/h2database/h2/1.3.158/h2-1.3.158.jar:/home/tdurieux/.m2/repository/jaxen/jaxen/1.1.3/jaxen-1.1.3.jar:/home/tdurieux/.m2/repository/commons-codec/commons-codec/1.5/commons-codec-1.5.jar:/home/tdurieux/.m2/repository/javax/inject/javax.inject/1/javax.inject-1.jar:/home/tdurieux/.m2/repository/org/apache/jackrabbit/oak-mk-remote/0.6-SNAPSHOT/oak-mk-remote-0.6-SNAPSHOT.jar:/home/tdurieux/.m2/repository/org/apache/derby/derby/10.5.3.0_1/derby-10.5.3.0_1.jar:/home/tdurieux/.m2/repository/org/slf4j/jcl-over-slf4j/1.6.4/jcl-over-slf4j-1.6.4.jar:/home/tdurieux/.m2/repository/concurrent/concurrent/1.3.4/concurrent-1.3.4.jar:/home/tdurieux/.m2/repository/org/ops4j/base/ops4j-base-io/1.3.0/ops4j-base-io-1.3.0.jar:/home/tdurieux/.m2/repository/org/apache/jackrabbit/jackrabbit-webdav/2.6-SNAPSHOT/jackrabbit-webdav-2.6-SNAPSHOT.jar:/home/tdurieux/.m2/repository/org/ops4j/pax/url/pax-url-aether/1.3.3/pax-url-aether-1.3.3.jar:/home/tdurieux/.m2/repository/org/eclipse/jetty/orbit/javax.servlet/3.0.0.v201112011016/javax.servlet-3.0.0.v201112011016.jar:/home/tdurieux/.m2/repository/org/apache/maven/maven-model/3.0.3/maven-model-3.0.3.jar:/home/tdurieux/.m2/repository/org/ops4j/pax/swissbox/pax-swissbox-lifecycle/1.5.0/pax-swissbox-lifecycle-1.5.0.jar:/home/tdurieux/.m2/repository/org/ops4j/base/ops4j-base-util-property/1.3.0/ops4j-base-util-property-1.3.0.jar:/home/tdurieux/.m2/repository/org/ops4j/pax/url/pax-url-link/1.4.0/pax-url-link-1.4.0.jar:/home/tdurieux/.m2/repository/commons-io/commons-io/2.0.1/commons-io-2.0.1.jar:/home/tdurieux/.m2/repository/org/eclipse/jetty/jetty-server/8.1.2.v20120308/jetty-server-8.1.2.v20120308.jar:/home/tdurieux/.m2/repository/org/apache/jackrabbit/jackrabbit-jcr-tests/2.6-SNAPSHOT/jackrabbit-jcr-tests-2.6-SNAPSHOT.jar:/home/tdurieux/.m2/repository/org/apache/maven/maven-aether-provider/3.0.3/maven-aether-provider-3.0.3.jar:/home/tdurieux/.m2/repository/com/jamonapi/jamon/2.4/jamon-2.4.jar:/home/tdurieux/.m2/repository/org/apache/felix/org.apache.felix.framework/4.0.2/org.apache.felix.framework-4.0.2.jar:/home/tdurieux/.m2/repository/org/apache/felix/org.apache.felix.scr.annotations/1.7.0/org.apache.felix.scr.annotations-1.7.0.jar:/home/tdurieux/.m2/repository/org/eclipse/jetty/jetty-util/8.1.2.v20120308/jetty-util-8.1.2.v20120308.jar:/home/tdurieux/.m2/repository/org/ops4j/base/ops4j-base-monitors/1.3.0/ops4j-base-monitors-1.3.0.jar:/home/tdurieux/.m2/repository/org/apache/jackrabbit/oak-mk/0.6-SNAPSHOT/oak-mk-0.6-SNAPSHOT.jar:/home/tdurieux/.m2/repository/org/mongodb/mongo-java-driver/2.9.1/mongo-java-driver-2.9.1.jar:/home/tdurieux/.m2/repository/org/sonatype/aether/aether-util/1.11/aether-util-1.11.jar:/home/tdurieux/.m2/repository/org/eclipse/jetty/jetty-servlet/8.1.2.v20120308/jetty-servlet-8.1.2.v20120308.jar:/home/tdurieux/.m2/repository/commons-httpclient/commons-httpclient/3.1/commons-httpclient-3.1.jar:/home/tdurieux/.m2/repository/org/jdom/jdom/1.1.2/jdom-1.1.2.jar:/home/tdurieux/.m2/repository/org/ops4j/base/ops4j-base-exec/1.3.0/ops4j-base-exec-1.3.0.jar:/home/tdurieux/.m2/repository/xerces/xmlParserAPIs/2.6.2/xmlParserAPIs-2.6.2.jar:/home/tdurieux/.m2/repository/org/ops4j/pax/exam/pax-exam-link-assembly/2.4.0/pax-exam-link-assembly-2.4.0.jar:/home/tdurieux/.m2/repository/org/codehaus/plexus/plexus-classworlds/2.4/plexus-classworlds-2.4.jar:/home/tdurieux/.m2/repository/org/osgi/org.osgi.compendium/4.2.0/org.osgi.compendium-4.2.0.jar:/home/tdurieux/.m2/repository/commons-io/commons-io/1.4/commons-io-1.4.jar:/home/tdurieux/.m2/repository/jdom/jdom/1.0/jdom-1.0.jar:/home/tdurieux/.m2/repository/org/codehaus/plexus/plexus-interpolation/1.14/plexus-interpolation-1.14.jar:/home/tdurieux/.m2/repository/org/apache/maven/wagon/wagon-http-lightweight/1.0-beta-7/wagon-http-lightweight-1.0-beta-7.jar:/home/tdurieux/.m2/repository/org/apache/commons/commons-math/2.0/commons-math-2.0.jar:/home/tdurieux/.m2/repository/org/eclipse/jetty/jetty-security/8.1.2.v20120308/jetty-security-8.1.2.v20120308.jar:/home/tdurieux/.m2/repository/org/eclipse/jetty/jetty-continuation/8.1.2.v20120308/jetty-continuation-8.1.2.v20120308.jar:/home/tdurieux/.m2/repository/org/apache/maven/maven-repository-metadata/3.0.3/maven-repository-metadata-3.0.3.jar:/home/tdurieux/.m2/repository/ch/qos/logback/logback-classic/1.0.1/logback-classic-1.0.1.jar:/home/tdurieux/.m2/repository/xmlunit/xmlunit/1.3/xmlunit-1.3.jar:/home/tdurieux/.m2/repository/com/fasterxml/jackson/core/jackson-annotations/2.0.0/jackson-annotations-2.0.0.jar:/home/tdurieux/.m2/repository/org/apache/jackrabbit/oak-core/0.6-SNAPSHOT/oak-core-0.6-SNAPSHOT.jar:/home/tdurieux/.m2/repository/org/codehaus/plexus/plexus-utils/2.0.5/plexus-utils-2.0.5.jar:/home/tdurieux/.m2/repository/org/slf4j/slf4j-simple/1.6.1/slf4j-simple-1.6.1.jar:/home/tdurieux/.m2/repository/org/easytesting/fest-util/1.1.6/fest-util-1.1.6.jar:/home/tdurieux/.m2/repository/org/ops4j/pax/exam/pax-exam-container-native/2.4.0/pax-exam-container-native-2.4.0.jar:/home/tdurieux/.m2/repository/org/ops4j/pax/swissbox/pax-swissbox-property/1.5.0/pax-swissbox-property-1.5.0.jar:/home/tdurieux/.m2/repository/xalan/xalan/2.6.0/xalan-2.6.0.jar:/home/tdurieux/.m2/repository/org/easytesting/fest-assert/1.4/fest-assert-1.4.jar:/home/tdurieux/.m2/repository/org/apache/tika/tika-core/1.0/tika-core-1.0.jar:/home/tdurieux/.m2/repository/org/slf4j/jul-to-slf4j/1.6.4/jul-to-slf4j-1.6.4.jar:/home/tdurieux/.m2/repository/org/codehaus/plexus/plexus-component-annotations/1.5.5/plexus-component-annotations-1.5.5.jar:/home/tdurieux/.m2/repository/junit/junit/4.10/junit-4.10.jar:/home/tdurieux/.m2/repository/org/apache/jackrabbit/jackrabbit-jcr-commons/2.6-SNAPSHOT/jackrabbit-jcr-commons-2.6-SNAPSHOT.jar:/home/tdurieux/.m2/repository/org/ops4j/pax/exam/pax-exam-spi/2.4.0/pax-exam-spi-2.4.0.jar:/home/tdurieux/.m2/repository/org/apache/jackrabbit/oak-bench-base/0.6-SNAPSHOT/oak-bench-base-0.6-SNAPSHOT.jar:/home/tdurieux/.m2/repository/commons-lang/commons-lang/2.6/commons-lang-2.6.jar:/home/tdurieux/.m2/repository/xom/xom/1.0/xom-1.0.jar:/home/tdurieux/.m2/repository/org/apache/tika/tika-core/1.2/tika-core-1.2.jar:/home/tdurieux/.m2/repository/org/apache/lucene/lucene-core/4.0.0/lucene-core-4.0.0.jar:/home/tdurieux/.m2/repository/org/apache/jackrabbit/jackrabbit-jcr-server/2.6-SNAPSHOT/jackrabbit-jcr-server-2.6-SNAPSHOT.jar:/home/tdurieux/.m2/repository/org/apache/tika/tika-core/1.1/tika-core-1.1.jar:/home/tdurieux/.m2/repository/org/codehaus/plexus/plexus-container-default/1.5.4/plexus-container-default-1.5.4.jar:/home/tdurieux/.m2/repository/commons-collections/commons-collections/3.2.1/commons-collections-3.2.1.jar:/home/tdurieux/defects4j4repair/script/../repair_tools/nopol.jar";
	echo "\n\nNode: `hostname`\n";
	echo "\n\nDate: `date`\n";
Picked up JAVA_TOOL_OPTIONS: -Dfile.encoding=UTF8 -Duser.language=en-US -Duser.country=US -Duser.language=en
10:42:26.659 [main] INFO  fr.inria.lille.repair.nopol.NoPol - Source files: [oak-mk/src/main/java]
10:42:26.665 [main] INFO  fr.inria.lille.repair.nopol.NoPol - Classpath: [file:/tmp/Nopol_Bug_dot_jar_Jackrabbit-Oak_717186d6/oak-mk/target/classes/, file:/tmp/Nopol_Bug_dot_jar_Jackrabbit-Oak_717186d6/oak-mk/target/test-classes/, file:/tmp/Nopol_Bug_dot_jar_Jackrabbit-Oak_717186d6/oak-commons/target/classes/, file:/tmp/Nopol_Bug_dot_jar_Jackrabbit-Oak_717186d6/oak-mk-api/target/classes/, file:/tmp/Nopol_Bug_dot_jar_Jackrabbit-Oak_717186d6/oak-mk-remote/target/classes/, file:/tmp/Nopol_Bug_dot_jar_Jackrabbit-Oak_717186d6/oak-mongomk/target/classes/, file:/tmp/Nopol_Bug_dot_jar_Jackrabbit-Oak_717186d6/oak-it/mk/target/classes/, file:/tmp/Nopol_Bug_dot_jar_Jackrabbit-Oak_717186d6/oak-core/target/classes/, file:/tmp/Nopol_Bug_dot_jar_Jackrabbit-Oak_717186d6/oak-jcr/target/classes/, file:/tmp/Nopol_Bug_dot_jar_Jackrabbit-Oak_717186d6/oak-sling/target/classes/, file:/tmp/Nopol_Bug_dot_jar_Jackrabbit-Oak_717186d6/oak-http/target/classes/, file:/tmp/Nopol_Bug_dot_jar_Jackrabbit-Oak_717186d6/oak-lucene/target/classes/, file:/tmp/Nopol_Bug_dot_jar_Jackrabbit-Oak_717186d6/oak-run/target/classes/, file:/tmp/Nopol_Bug_dot_jar_Jackrabbit-Oak_717186d6/oak-it/osgi/target/classes/, file:/tmp/Nopol_Bug_dot_jar_Jackrabbit-Oak_717186d6/oak-bench/base/target/classes/, file:/tmp/Nopol_Bug_dot_jar_Jackrabbit-Oak_717186d6/oak-bench/latest/target/classes/, file:/tmp/Nopol_Bug_dot_jar_Jackrabbit-Oak_717186d6/oak-mk-perf/target/classes/, file:/home/tdurieux/.m2/repository/ch/qos/logback/logback-core/1.0.1/logback-core-1.0.1.jar, file:/home/tdurieux/.m2/repository/com/google/guava/guava/13.0.1/guava-13.0.1.jar, file:/home/tdurieux/.m2/repository/org/codehaus/jackson/jackson-core-asl/1.9.2/jackson-core-asl-1.9.2.jar, file:/home/tdurieux/.m2/repository/org/apache/jackrabbit/oak-http/0.6-SNAPSHOT/oak-http-0.6-SNAPSHOT.jar, file:/home/tdurieux/.m2/repository/org/ops4j/base/ops4j-base-net/1.3.0/ops4j-base-net-1.3.0.jar, file:/home/tdurieux/.m2/repository/org/osgi/org.osgi.core/4.2.0/org.osgi.core-4.2.0.jar, file:/home/tdurieux/.m2/repository/org/sonatype/aether/aether-spi/1.11/aether-spi-1.11.jar, file:/home/tdurieux/.m2/repository/org/ops4j/pax/swissbox/pax-swissbox-optional-jcl/1.5.0/pax-swissbox-optional-jcl-1.5.0.jar, file:/home/tdurieux/.m2/repository/org/slf4j/slf4j-api/1.6.4/slf4j-api-1.6.4.jar, file:/home/tdurieux/.m2/repository/com/cedarsoft/commons/xml-commons/5.0.9/xml-commons-5.0.9.jar, file:/home/tdurieux/.m2/repository/org/mongodb/mongo-java-driver/2.7.1/mongo-java-driver-2.7.1.jar, file:/home/tdurieux/.m2/repository/org/ops4j/pax/exam/pax-exam-junit4/2.4.0/pax-exam-junit4-2.4.0.jar, file:/home/tdurieux/.m2/repository/com/cedarsoft/commons/crypt/5.0.9/crypt-5.0.9.jar, file:/home/tdurieux/.m2/repository/org/json/json/20090211/json-20090211.jar, file:/home/tdurieux/.m2/repository/org/apache/xbean/xbean-reflect/3.4/xbean-reflect-3.4.jar, file:/home/tdurieux/.m2/repository/commons-pool/commons-pool/1.5.4/commons-pool-1.5.4.jar, file:/home/tdurieux/.m2/repository/org/eclipse/jetty/jetty-io/8.1.2.v20120308/jetty-io-8.1.2.v20120308.jar, file:/home/tdurieux/.m2/repository/org/ops4j/base/ops4j-base-lang/1.3.0/ops4j-base-lang-1.3.0.jar, file:/home/tdurieux/.m2/repository/javax/servlet/servlet-api/2.5/servlet-api-2.5.jar, file:/home/tdurieux/.m2/repository/org/ops4j/pax/exam/pax-exam/2.4.0/pax-exam-2.4.0.jar, file:/home/tdurieux/.m2/repository/com/googlecode/json-simple/json-simple/1.1/json-simple-1.1.jar, file:/home/tdurieux/.m2/repository/org/slf4j/slf4j-api/1.5.8/slf4j-api-1.5.8.jar, file:/home/tdurieux/.m2/repository/org/apache/maven/maven-model-builder/3.0.3/maven-model-builder-3.0.3.jar, file:/home/tdurieux/.m2/repository/com/google/code/findbugs/jsr305/2.0.0/jsr305-2.0.0.jar, file:/home/tdurieux/.m2/repository/org/apache/jackrabbit/oak-commons/0.6-SNAPSHOT/oak-commons-0.6-SNAPSHOT.jar, file:/home/tdurieux/.m2/repository/org/apache/jackrabbit/jackrabbit-spi-commons/2.6-SNAPSHOT/jackrabbit-spi-commons-2.6-SNAPSHOT.jar, file:/home/tdurieux/.m2/repository/org/mockito/mockito-all/1.9.0-rc1/mockito-all-1.9.0-rc1.jar, file:/home/tdurieux/.m2/repository/org/sonatype/aether/aether-impl/1.11/aether-impl-1.11.jar, file:/home/tdurieux/.m2/repository/org/apache/jackrabbit/oak-lucene/0.6-SNAPSHOT/oak-lucene-0.6-SNAPSHOT.jar, file:/home/tdurieux/.m2/repository/com/ibm/icu/icu4j/2.6.1/icu4j-2.6.1.jar, file:/home/tdurieux/.m2/repository/commons-io/commons-io/2.2/commons-io-2.2.jar, file:/home/tdurieux/.m2/repository/org/apache/lucene/lucene-analyzers-common/4.0.0/lucene-analyzers-common-4.0.0.jar, file:/home/tdurieux/.m2/repository/org/apache/lucene/lucene-core/3.6.0/lucene-core-3.6.0.jar, file:/home/tdurieux/.m2/repository/org/ops4j/base/ops4j-base-spi/1.3.0/ops4j-base-spi-1.3.0.jar, file:/home/tdurieux/.m2/repository/org/apache/jackrabbit/oak-jcr/0.6-SNAPSHOT/oak-jcr-0.6-SNAPSHOT.jar, file:/home/tdurieux/.m2/repository/org/apache/jackrabbit/oak-core/0.6-SNAPSHOT/oak-core-0.6-SNAPSHOT-tests.jar, file:/home/tdurieux/.m2/repository/org/ops4j/pax/url/pax-url-classpath/1.4.0/pax-url-classpath-1.4.0.jar, file:/home/tdurieux/.m2/repository/org/ops4j/pax/tinybundles/tinybundles/1.0.0/tinybundles-1.0.0.jar, file:/home/tdurieux/.m2/repository/org/ops4j/pax/swissbox/pax-swissbox-core/1.5.0/pax-swissbox-core-1.5.0.jar, file:/home/tdurieux/.m2/repository/org/apache/jackrabbit/oak-mongomk/0.6-SNAPSHOT/oak-mongomk-0.6-SNAPSHOT.jar, file:/home/tdurieux/.m2/repository/org/apache/sling/org.apache.sling.jcr.api/2.1.0/org.apache.sling.jcr.api-2.1.0.jar, file:/home/tdurieux/.m2/repository/dom4j/dom4j/1.6.1/dom4j-1.6.1.jar, file:/home/tdurieux/.m2/repository/org/apache/maven/wagon/wagon-file/1.0-beta-7/wagon-file-1.0-beta-7.jar, file:/home/tdurieux/.m2/repository/org/apache/maven/wagon/wagon-http-shared/1.0-beta-7/wagon-http-shared-1.0-beta-7.jar, file:/home/tdurieux/.m2/repository/org/apache/jackrabbit/oak-mk-api/0.6-SNAPSHOT/oak-mk-api-0.6-SNAPSHOT.jar, file:/home/tdurieux/.m2/repository/com/google/collections/google-collections/1.0/google-collections-1.0.jar, file:/home/tdurieux/.m2/repository/org/slf4j/slf4j-nop/1.5.8/slf4j-nop-1.5.8.jar, file:/home/tdurieux/.m2/repository/com/fasterxml/jackson/core/jackson-databind/2.0.0/jackson-databind-2.0.0.jar, file:/home/tdurieux/.m2/repository/org/ops4j/pax/swissbox/pax-swissbox-framework/1.5.0/pax-swissbox-framework-1.5.0.jar, file:/home/tdurieux/.m2/repository/org/apache/jackrabbit/jackrabbit-core/2.6-SNAPSHOT/jackrabbit-core-2.6-SNAPSHOT-tests.jar, file:/home/tdurieux/.m2/repository/com/fasterxml/jackson/dataformat/jackson-dataformat-smile/2.0.2/jackson-dataformat-smile-2.0.2.jar, file:/home/tdurieux/.m2/repository/com/cedarsoft/commons/test-utils/5.0.9/test-utils-5.0.9.jar, file:/home/tdurieux/.m2/repository/commons-logging/commons-logging/1.0.4/commons-logging-1.0.4.jar, file:/home/tdurieux/.m2/repository/org/ops4j/pax/url/pax-url-commons/1.4.0/pax-url-commons-1.4.0.jar, file:/home/tdurieux/.m2/repository/org/sonatype/aether/aether-connector-wagon/1.11/aether-connector-wagon-1.11.jar, file:/home/tdurieux/.m2/repository/asm/asm/3.0/asm-3.0.jar, file:/home/tdurieux/.m2/repository/org/sonatype/aether/aether-api/1.11/aether-api-1.11.jar, file:/home/tdurieux/.m2/repository/biz/aQute/bndlib/1.50.0/bndlib-1.50.0.jar, file:/home/tdurieux/.m2/repository/com/fasterxml/jackson/core/jackson-core/2.0.0/jackson-core-2.0.0.jar, file:/home/tdurieux/.m2/repository/commons-fileupload/commons-fileupload/1.2.1/commons-fileupload-1.2.1.jar, file:/home/tdurieux/.m2/repository/org/easytesting/fest-reflect/1.2/fest-reflect-1.2.jar, file:/home/tdurieux/.m2/repository/org/hamcrest/hamcrest-core/1.1/hamcrest-core-1.1.jar, file:/home/tdurieux/.m2/repository/commons-dbcp/commons-dbcp/1.3/commons-dbcp-1.3.jar, file:/home/tdurieux/.m2/repository/javax/jcr/jcr/2.0/jcr-2.0.jar, file:/home/tdurieux/.m2/repository/org/eclipse/jetty/jetty-http/8.1.2.v20120308/jetty-http-8.1.2.v20120308.jar, file:/home/tdurieux/.m2/repository/xml-apis/xml-apis/1.3.02/xml-apis-1.3.02.jar, file:/home/tdurieux/.m2/repository/org/apache/geronimo/specs/geronimo-atinject_1.0_spec/1.0/geronimo-atinject_1.0_spec-1.0.jar, file:/home/tdurieux/.m2/repository/org/ops4j/base/ops4j-base-store/1.3.0/ops4j-base-store-1.3.0.jar, file:/home/tdurieux/.m2/repository/xerces/xercesImpl/2.6.2/xercesImpl-2.6.2.jar, file:/home/tdurieux/.m2/repository/org/codehaus/jackson/jackson-mapper-asl/1.9.2/jackson-mapper-asl-1.9.2.jar, file:/home/tdurieux/.m2/repository/org/apache/maven/wagon/wagon-provider-api/1.0-beta-7/wagon-provider-api-1.0-beta-7.jar, file:/home/tdurieux/.m2/repository/org/apache/sling/org.apache.sling.commons.osgi/2.1.0/org.apache.sling.commons.osgi-2.1.0.jar, file:/home/tdurieux/.m2/repository/org/apache/jackrabbit/jackrabbit-api/2.6-SNAPSHOT/jackrabbit-api-2.6-SNAPSHOT.jar, file:/home/tdurieux/.m2/repository/org/apache/jackrabbit/oak-it-mk/0.6-SNAPSHOT/oak-it-mk-0.6-SNAPSHOT.jar, file:/home/tdurieux/.m2/repository/commons-codec/commons-codec/1.2/commons-codec-1.2.jar, file:/home/tdurieux/.m2/repository/org/apache/jackrabbit/jackrabbit-spi/2.6-SNAPSHOT/jackrabbit-spi-2.6-SNAPSHOT.jar, file:/home/tdurieux/.m2/repository/com/h2database/h2/1.3.158/h2-1.3.158.jar, file:/home/tdurieux/.m2/repository/jaxen/jaxen/1.1.3/jaxen-1.1.3.jar, file:/home/tdurieux/.m2/repository/commons-codec/commons-codec/1.5/commons-codec-1.5.jar, file:/home/tdurieux/.m2/repository/javax/inject/javax.inject/1/javax.inject-1.jar, file:/home/tdurieux/.m2/repository/org/apache/jackrabbit/oak-mk-remote/0.6-SNAPSHOT/oak-mk-remote-0.6-SNAPSHOT.jar, file:/home/tdurieux/.m2/repository/org/apache/derby/derby/10.5.3.0_1/derby-10.5.3.0_1.jar, file:/home/tdurieux/.m2/repository/org/slf4j/jcl-over-slf4j/1.6.4/jcl-over-slf4j-1.6.4.jar, file:/home/tdurieux/.m2/repository/concurrent/concurrent/1.3.4/concurrent-1.3.4.jar, file:/home/tdurieux/.m2/repository/org/ops4j/base/ops4j-base-io/1.3.0/ops4j-base-io-1.3.0.jar, file:/home/tdurieux/.m2/repository/org/apache/jackrabbit/jackrabbit-webdav/2.6-SNAPSHOT/jackrabbit-webdav-2.6-SNAPSHOT.jar, file:/home/tdurieux/.m2/repository/org/ops4j/pax/url/pax-url-aether/1.3.3/pax-url-aether-1.3.3.jar, file:/home/tdurieux/.m2/repository/org/eclipse/jetty/orbit/javax.servlet/3.0.0.v201112011016/javax.servlet-3.0.0.v201112011016.jar, file:/home/tdurieux/.m2/repository/org/apache/maven/maven-model/3.0.3/maven-model-3.0.3.jar, file:/home/tdurieux/.m2/repository/org/ops4j/pax/swissbox/pax-swissbox-lifecycle/1.5.0/pax-swissbox-lifecycle-1.5.0.jar, file:/home/tdurieux/.m2/repository/org/ops4j/base/ops4j-base-util-property/1.3.0/ops4j-base-util-property-1.3.0.jar, file:/home/tdurieux/.m2/repository/org/ops4j/pax/url/pax-url-link/1.4.0/pax-url-link-1.4.0.jar, file:/home/tdurieux/.m2/repository/commons-io/commons-io/2.0.1/commons-io-2.0.1.jar, file:/home/tdurieux/.m2/repository/org/eclipse/jetty/jetty-server/8.1.2.v20120308/jetty-server-8.1.2.v20120308.jar, file:/home/tdurieux/.m2/repository/org/apache/jackrabbit/jackrabbit-jcr-tests/2.6-SNAPSHOT/jackrabbit-jcr-tests-2.6-SNAPSHOT.jar, file:/home/tdurieux/.m2/repository/org/apache/maven/maven-aether-provider/3.0.3/maven-aether-provider-3.0.3.jar, file:/home/tdurieux/.m2/repository/com/jamonapi/jamon/2.4/jamon-2.4.jar, file:/home/tdurieux/.m2/repository/org/apache/felix/org.apache.felix.framework/4.0.2/org.apache.felix.framework-4.0.2.jar, file:/home/tdurieux/.m2/repository/org/apache/felix/org.apache.felix.scr.annotations/1.7.0/org.apache.felix.scr.annotations-1.7.0.jar, file:/home/tdurieux/.m2/repository/org/eclipse/jetty/jetty-util/8.1.2.v20120308/jetty-util-8.1.2.v20120308.jar, file:/home/tdurieux/.m2/repository/org/ops4j/base/ops4j-base-monitors/1.3.0/ops4j-base-monitors-1.3.0.jar, file:/home/tdurieux/.m2/repository/org/apache/jackrabbit/oak-mk/0.6-SNAPSHOT/oak-mk-0.6-SNAPSHOT.jar, file:/home/tdurieux/.m2/repository/org/mongodb/mongo-java-driver/2.9.1/mongo-java-driver-2.9.1.jar, file:/home/tdurieux/.m2/repository/org/sonatype/aether/aether-util/1.11/aether-util-1.11.jar, file:/home/tdurieux/.m2/repository/org/eclipse/jetty/jetty-servlet/8.1.2.v20120308/jetty-servlet-8.1.2.v20120308.jar, file:/home/tdurieux/.m2/repository/commons-httpclient/commons-httpclient/3.1/commons-httpclient-3.1.jar, file:/home/tdurieux/.m2/repository/org/jdom/jdom/1.1.2/jdom-1.1.2.jar, file:/home/tdurieux/.m2/repository/org/ops4j/base/ops4j-base-exec/1.3.0/ops4j-base-exec-1.3.0.jar, file:/home/tdurieux/.m2/repository/xerces/xmlParserAPIs/2.6.2/xmlParserAPIs-2.6.2.jar, file:/home/tdurieux/.m2/repository/org/ops4j/pax/exam/pax-exam-link-assembly/2.4.0/pax-exam-link-assembly-2.4.0.jar, file:/home/tdurieux/.m2/repository/org/codehaus/plexus/plexus-classworlds/2.4/plexus-classworlds-2.4.jar, file:/home/tdurieux/.m2/repository/org/osgi/org.osgi.compendium/4.2.0/org.osgi.compendium-4.2.0.jar, file:/home/tdurieux/.m2/repository/commons-io/commons-io/1.4/commons-io-1.4.jar, file:/home/tdurieux/.m2/repository/jdom/jdom/1.0/jdom-1.0.jar, file:/home/tdurieux/.m2/repository/org/codehaus/plexus/plexus-interpolation/1.14/plexus-interpolation-1.14.jar, file:/home/tdurieux/.m2/repository/org/apache/maven/wagon/wagon-http-lightweight/1.0-beta-7/wagon-http-lightweight-1.0-beta-7.jar, file:/home/tdurieux/.m2/repository/org/apache/commons/commons-math/2.0/commons-math-2.0.jar, file:/home/tdurieux/.m2/repository/org/eclipse/jetty/jetty-security/8.1.2.v20120308/jetty-security-8.1.2.v20120308.jar, file:/home/tdurieux/.m2/repository/org/eclipse/jetty/jetty-continuation/8.1.2.v20120308/jetty-continuation-8.1.2.v20120308.jar, file:/home/tdurieux/.m2/repository/org/apache/maven/maven-repository-metadata/3.0.3/maven-repository-metadata-3.0.3.jar, file:/home/tdurieux/.m2/repository/ch/qos/logback/logback-classic/1.0.1/logback-classic-1.0.1.jar, file:/home/tdurieux/.m2/repository/xmlunit/xmlunit/1.3/xmlunit-1.3.jar, file:/home/tdurieux/.m2/repository/com/fasterxml/jackson/core/jackson-annotations/2.0.0/jackson-annotations-2.0.0.jar, file:/home/tdurieux/.m2/repository/org/apache/jackrabbit/oak-core/0.6-SNAPSHOT/oak-core-0.6-SNAPSHOT.jar, file:/home/tdurieux/.m2/repository/org/codehaus/plexus/plexus-utils/2.0.5/plexus-utils-2.0.5.jar, file:/home/tdurieux/.m2/repository/org/slf4j/slf4j-simple/1.6.1/slf4j-simple-1.6.1.jar, file:/home/tdurieux/.m2/repository/org/easytesting/fest-util/1.1.6/fest-util-1.1.6.jar, file:/home/tdurieux/.m2/repository/org/ops4j/pax/exam/pax-exam-container-native/2.4.0/pax-exam-container-native-2.4.0.jar, file:/home/tdurieux/.m2/repository/org/ops4j/pax/swissbox/pax-swissbox-property/1.5.0/pax-swissbox-property-1.5.0.jar, file:/home/tdurieux/.m2/repository/xalan/xalan/2.6.0/xalan-2.6.0.jar, file:/home/tdurieux/.m2/repository/org/easytesting/fest-assert/1.4/fest-assert-1.4.jar, file:/home/tdurieux/.m2/repository/org/apache/tika/tika-core/1.0/tika-core-1.0.jar, file:/home/tdurieux/.m2/repository/org/slf4j/jul-to-slf4j/1.6.4/jul-to-slf4j-1.6.4.jar, file:/home/tdurieux/.m2/repository/org/codehaus/plexus/plexus-component-annotations/1.5.5/plexus-component-annotations-1.5.5.jar, file:/home/tdurieux/.m2/repository/junit/junit/4.10/junit-4.10.jar, file:/home/tdurieux/.m2/repository/org/apache/jackrabbit/jackrabbit-jcr-commons/2.6-SNAPSHOT/jackrabbit-jcr-commons-2.6-SNAPSHOT.jar, file:/home/tdurieux/.m2/repository/org/ops4j/pax/exam/pax-exam-spi/2.4.0/pax-exam-spi-2.4.0.jar, file:/home/tdurieux/.m2/repository/org/apache/jackrabbit/oak-bench-base/0.6-SNAPSHOT/oak-bench-base-0.6-SNAPSHOT.jar, file:/home/tdurieux/.m2/repository/commons-lang/commons-lang/2.6/commons-lang-2.6.jar, file:/home/tdurieux/.m2/repository/xom/xom/1.0/xom-1.0.jar, file:/home/tdurieux/.m2/repository/org/apache/tika/tika-core/1.2/tika-core-1.2.jar, file:/home/tdurieux/.m2/repository/org/apache/lucene/lucene-core/4.0.0/lucene-core-4.0.0.jar, file:/home/tdurieux/.m2/repository/org/apache/jackrabbit/jackrabbit-jcr-server/2.6-SNAPSHOT/jackrabbit-jcr-server-2.6-SNAPSHOT.jar, file:/home/tdurieux/.m2/repository/org/apache/tika/tika-core/1.1/tika-core-1.1.jar, file:/home/tdurieux/.m2/repository/org/codehaus/plexus/plexus-container-default/1.5.4/plexus-container-default-1.5.4.jar, file:/home/tdurieux/.m2/repository/commons-collections/commons-collections/3.2.1/commons-collections-3.2.1.jar, file:/home/tdurieux/defects4j4repair/script/../repair_tools/nopol.jar]
10:42:26.666 [main] INFO  fr.inria.lille.repair.nopol.NoPol - Statement type: PRE_THEN_COND
10:42:26.666 [main] INFO  fr.inria.lille.repair.nopol.NoPol - Args: [org.apache.jackrabbit.mk.ConcurrentWriteIT, org.apache.jackrabbit.mk.MicroKernelImplTest, org.apache.jackrabbit.mk.blobs.DbBlobStoreTest, org.apache.jackrabbit.mk.blobs.FileBlobStoreTest, org.apache.jackrabbit.mk.blobs.MemoryBlobStoreTest, org.apache.jackrabbit.mk.concurrent.ConcurrentBlobTest, org.apache.jackrabbit.mk.concurrent.ConcurrentCacheTest, org.apache.jackrabbit.mk.concurrent.ConcurrentTest, org.apache.jackrabbit.mk.json.JsopStreamTest, org.apache.jackrabbit.mk.json.JsopTest, org.apache.jackrabbit.mk.model.IdTest, org.apache.jackrabbit.mk.persistence.GCPersistenceTest, org.apache.jackrabbit.mk.store.DefaultRevisionStoreTest, org.apache.jackrabbit.mk.test.DataStoreIT, org.apache.jackrabbit.mk.test.MicroKernelIT, org.apache.jackrabbit.mk.util.CommitGateIT, org.apache.jackrabbit.mk.util.IOUtilsTest, org.apache.jackrabbit.mk.util.MicroKernelInputStreamTest, org.apache.jackrabbit.mk.util.NameFilterTest, org.apache.jackrabbit.mk.util.StringUtilsTest]
10:42:26.668 [main] INFO  fr.inria.lille.repair.nopol.NoPol - Config: Config{synthesisDepth=3, collectStaticMethods=true, collectStaticFields=false, collectLiterals=false, onlyOneSynthesisResult=true, sortExpressions=true, maxLineInvocationPerTest=250, timeoutMethodInvocation=2000, dataCollectionTimeoutInSecondForSynthesis=900, addWeight=0.19478, subWeight=0.04554, mulWeight=0.0102, divWeight=0.00613, andWeight=0.10597, orWeight=0.05708, eqWeight=0.22798, nEqWeight=0.0, lessEqWeight=0.0255, lessWeight=0.0947, methodCallWeight=0.1, fieldAccessWeight=0.08099, constantWeight=0.14232, variableWeight=0.05195, mode=REPAIR, type=PRE_THEN_COND, synthesis=SMT, oracle=ANGELIC, solver=Z3, solverPath='/home/tdurieux/defects4j4repair/script/../libs/z3/build/z3', projectSources=[oak-mk/src/main/java], projectClasspath='[Ljava.net.URL;@66d33a', projectTests=[org.apache.jackrabbit.mk.ConcurrentWriteIT, org.apache.jackrabbit.mk.MicroKernelImplTest, org.apache.jackrabbit.mk.blobs.DbBlobStoreTest, org.apache.jackrabbit.mk.blobs.FileBlobStoreTest, org.apache.jackrabbit.mk.blobs.MemoryBlobStoreTest, org.apache.jackrabbit.mk.concurrent.ConcurrentBlobTest, org.apache.jackrabbit.mk.concurrent.ConcurrentCacheTest, org.apache.jackrabbit.mk.concurrent.ConcurrentTest, org.apache.jackrabbit.mk.json.JsopStreamTest, org.apache.jackrabbit.mk.json.JsopTest, org.apache.jackrabbit.mk.model.IdTest, org.apache.jackrabbit.mk.persistence.GCPersistenceTest, org.apache.jackrabbit.mk.store.DefaultRevisionStoreTest, org.apache.jackrabbit.mk.test.DataStoreIT, org.apache.jackrabbit.mk.test.MicroKernelIT, org.apache.jackrabbit.mk.util.CommitGateIT, org.apache.jackrabbit.mk.util.IOUtilsTest, org.apache.jackrabbit.mk.util.MicroKernelInputStreamTest, org.apache.jackrabbit.mk.util.NameFilterTest, org.apache.jackrabbit.mk.util.StringUtilsTest], complianceLevel=7, outputFolder=., json=true}
10:42:26.668 [main] INFO  fr.inria.lille.repair.nopol.NoPol - Available processors (cores): 4
10:42:26.673 [main] INFO  fr.inria.lille.repair.nopol.NoPol - Free memory: 884 MB
10:42:26.674 [main] INFO  fr.inria.lille.repair.nopol.NoPol - Maximum memory: 3 GB
10:42:26.674 [main] INFO  fr.inria.lille.repair.nopol.NoPol - Total memory available to JVM: 981 MB
10:42:26.674 [main] INFO  fr.inria.lille.repair.nopol.NoPol - Java version: 1.8.0_181
10:42:26.675 [main] INFO  fr.inria.lille.repair.nopol.NoPol - JAVA_HOME: /usr/lib/jvm/java-1.8.0-openjdk-amd64/bin/
10:42:26.675 [main] INFO  fr.inria.lille.repair.nopol.NoPol - PATH: /usr/lib/jvm/java-1.8.0-openjdk-amd64/bin/:/usr/lib/oar/oardodo:/usr/lib/oar/oardodo:/usr/local/bin:/usr/bin:/bin:/usr/games
10:42:46.563 [pool-2-thread-1] DEBUG fr.inria.lille.repair.nopol.NoPol - statement #1
10:42:46.564 [pool-2-thread-1] DEBUG fr.inria.lille.repair.nopol.NoPol - Analysing SourceLocation org.apache.jackrabbit.mk.test.AbstractMicroKernelIT:66 which is executed by 2 tests
10:42:46.564 [pool-2-thread-1] DEBUG fr.inria.lille.repair.nopol.NoPol - cannot spoon SourceLocation org.apache.jackrabbit.mk.test.AbstractMicroKernelIT:66
10:42:46.564 [pool-2-thread-1] DEBUG fr.inria.lille.repair.nopol.NoPol - statement #2
10:42:46.564 [pool-2-thread-1] DEBUG fr.inria.lille.repair.nopol.NoPol - Analysing SourceLocation org.apache.jackrabbit.mk.test.AbstractMicroKernelIT:60 which is executed by 2 tests
10:42:46.565 [pool-2-thread-1] DEBUG fr.inria.lille.repair.nopol.NoPol - cannot spoon SourceLocation org.apache.jackrabbit.mk.test.AbstractMicroKernelIT:60
10:42:46.565 [pool-2-thread-1] DEBUG fr.inria.lille.repair.nopol.NoPol - statement #3
10:42:46.565 [pool-2-thread-1] DEBUG fr.inria.lille.repair.nopol.NoPol - Analysing SourceLocation org.apache.jackrabbit.mk.test.AbstractMicroKernelIT:59 which is executed by 2 tests
10:42:46.565 [pool-2-thread-1] DEBUG fr.inria.lille.repair.nopol.NoPol - cannot spoon SourceLocation org.apache.jackrabbit.mk.test.AbstractMicroKernelIT:59
10:42:46.565 [pool-2-thread-1] DEBUG fr.inria.lille.repair.nopol.NoPol - statement #4
10:42:46.565 [pool-2-thread-1] DEBUG fr.inria.lille.repair.nopol.NoPol - Analysing SourceLocation org.apache.jackrabbit.mk.test.AbstractMicroKernelIT:58 which is executed by 2 tests
10:42:46.565 [pool-2-thread-1] DEBUG fr.inria.lille.repair.nopol.NoPol - cannot spoon SourceLocation org.apache.jackrabbit.mk.test.AbstractMicroKernelIT:58
10:42:46.566 [pool-2-thread-1] DEBUG fr.inria.lille.repair.nopol.NoPol - statement #5
10:42:46.566 [pool-2-thread-1] DEBUG fr.inria.lille.repair.nopol.NoPol - Analysing SourceLocation org.apache.jackrabbit.mk.test.AbstractMicroKernelIT:57 which is executed by 2 tests
10:42:46.566 [pool-2-thread-1] DEBUG fr.inria.lille.repair.nopol.NoPol - cannot spoon SourceLocation org.apache.jackrabbit.mk.test.AbstractMicroKernelIT:57
10:42:46.566 [pool-2-thread-1] DEBUG fr.inria.lille.repair.nopol.NoPol - statement #6
10:42:46.566 [pool-2-thread-1] DEBUG fr.inria.lille.repair.nopol.NoPol - Analysing SourceLocation org.apache.jackrabbit.mk.test.AbstractMicroKernelIT:55 which is executed by 2 tests
10:42:46.566 [pool-2-thread-1] DEBUG fr.inria.lille.repair.nopol.NoPol - cannot spoon SourceLocation org.apache.jackrabbit.mk.test.AbstractMicroKernelIT:55
10:42:46.566 [pool-2-thread-1] DEBUG fr.inria.lille.repair.nopol.NoPol - statement #7
10:42:46.567 [pool-2-thread-1] DEBUG fr.inria.lille.repair.nopol.NoPol - Analysing SourceLocation org.apache.jackrabbit.mk.store.StoredNodeAsState$3:168 which is executed by 2 tests
1790659419
10:42:46.978 [pool-2-thread-1] DEBUG fr.inria.lille.repair.nopol.NoPol - statement #8
10:42:46.978 [pool-2-thread-1] DEBUG fr.inria.lille.repair.nopol.NoPol - Analysing SourceLocation org.apache.jackrabbit.mk.store.StoredNodeAsState$2$1:144 which is executed by 2 tests
1790659419
10:42:47.164 [pool-2-thread-1] DEBUG fr.inria.lille.repair.nopol.NoPol - statement #9
10:42:47.164 [pool-2-thread-1] DEBUG fr.inria.lille.repair.nopol.NoPol - Analysing SourceLocation org.apache.jackrabbit.mk.store.StoredNodeAsState$2$1:151 which is executed by 2 tests
1790659419
10:42:47.337 [pool-2-thread-1] DEBUG fr.inria.lille.repair.nopol.NoPol - statement #10
10:42:47.337 [pool-2-thread-1] DEBUG fr.inria.lille.repair.nopol.NoPol - Analysing SourceLocation org.apache.jackrabbit.mk.store.StoredNodeAsState:33 which is executed by 11 tests
1790659419
10:42:47.573 [pool-2-thread-1] DEBUG fr.inria.lille.repair.nopol.NoPol - statement #11
10:42:47.573 [pool-2-thread-1] DEBUG fr.inria.lille.repair.nopol.NoPol - Analysing SourceLocation org.apache.jackrabbit.mk.store.StoredNodeAsState$2:144 which is executed by 3 tests
1790659419
10:42:47.748 [pool-2-thread-1] DEBUG fr.inria.lille.repair.nopol.NoPol - statement #12
10:42:47.748 [pool-2-thread-1] DEBUG fr.inria.lille.repair.nopol.NoPol - Analysing SourceLocation org.apache.jackrabbit.mk.store.StoredNodeAsState$2:143 which is executed by 3 tests
1790659419
10:42:47.916 [pool-2-thread-1] DEBUG fr.inria.lille.repair.nopol.NoPol - statement #13
10:42:47.916 [pool-2-thread-1] DEBUG fr.inria.lille.repair.nopol.NoPol - Analysing SourceLocation org.apache.jackrabbit.mk.store.StoredNodeAsState$2:142 which is executed by 3 tests
1790659419
10:42:48.123 [pool-2-thread-1] DEBUG fr.inria.lille.repair.nopol.NoPol - statement #14
10:42:48.123 [pool-2-thread-1] DEBUG fr.inria.lille.repair.nopol.NoPol - Analysing SourceLocation org.apache.jackrabbit.mk.store.StoredNodeAsState$2$1:147 which is executed by 3 tests
1790659419
10:42:48.290 [pool-2-thread-1] DEBUG fr.inria.lille.repair.nopol.NoPol - statement #15
10:42:48.290 [pool-2-thread-1] DEBUG fr.inria.lille.repair.nopol.NoPol - Analysing SourceLocation org.apache.jackrabbit.mk.core.Repository:175 which is executed by 3 tests
-350701717
10:42:48.517 [pool-2-thread-1] DEBUG fr.inria.lille.repair.nopol.NoPol - statement #16
10:42:48.517 [pool-2-thread-1] DEBUG fr.inria.lille.repair.nopol.NoPol - Analysing SourceLocation org.apache.jackrabbit.mk.core.Repository:169 which is executed by 3 tests
-350701717
10:42:48.686 [pool-2-thread-1] DEBUG fr.inria.lille.repair.nopol.NoPol - looking with class fr.inria.lille.repair.nopol.spoon.smt.ConditionalAdder
SLF4J: Class path contains multiple SLF4J bindings.
SLF4J: Found binding in [jar:file:/home/tdurieux/.m2/repository/org/slf4j/slf4j-nop/1.5.8/slf4j-nop-1.5.8.jar!/org/slf4j/impl/StaticLoggerBinder.class]
SLF4J: Found binding in [jar:file:/home/tdurieux/.m2/repository/ch/qos/logback/logback-classic/1.0.1/logback-classic-1.0.1.jar!/org/slf4j/impl/StaticLoggerBinder.class]
SLF4J: Found binding in [jar:file:/home/tdurieux/.m2/repository/org/slf4j/slf4j-simple/1.6.1/slf4j-simple-1.6.1.jar!/org/slf4j/impl/StaticLoggerBinder.class]
SLF4J: Found binding in [jar:file:/home/tdurieux/defects4j4repair/script/../repair_tools/nopol.jar!/org/slf4j/impl/StaticLoggerBinder.class]
SLF4J: See http://www.slf4j.org/codes.html#multiple_bindings for an explanation.
SLF4J: The requested version 1.5.8 by your slf4j binding is not compatible with [1.6]
SLF4J: See http://www.slf4j.org/codes.html#version_mismatch for further details.
org.junit.ComparisonFailure: expected:<+"/b":{"l":1[]}> but was:<+"/b":{"l":1[,"x":{"l":2,"y":{}}]}>
    at org.junit.Assert.assertEquals(Assert.java:115)
    at org.junit.Assert.assertEquals(Assert.java:144)
    at org.apache.jackrabbit.mk.MicroKernelImplTest.diffWithDepth(MicroKernelImplTest.java:72)
    at sun.reflect.NativeMethodAccessorImpl.invoke0(Native Method)
    at sun.reflect.NativeMethodAccessorImpl.invoke(NativeMethodAccessorImpl.java:62)
    at sun.reflect.DelegatingMethodAccessorImpl.invoke(DelegatingMethodAccessorImpl.java:43)
org.junit.ComparisonFailure: expected:<...:childNodeCount":2,"[d":{},"c]":{}},"b":{":childNo...> but was:<...:childNodeCount":2,"[c":{},"d]":{}},"b":{":childNo...>
    at org.junit.Assert.assertEquals(Assert.java:115)
    at org.junit.Assert.assertEquals(Assert.java:144)
    at org.apache.jackrabbit.mk.store.DefaultRevisionStoreTest.testRevisionHistory(DefaultRevisionStoreTest.java:102)
    at sun.reflect.NativeMethodAccessorImpl.invoke0(Native Method)
    at sun.reflect.NativeMethodAccessorImpl.invoke(NativeMethodAccessorImpl.java:62)
    at sun.reflect.DelegatingMethodAccessorImpl.invoke(DelegatingMethodAccessorImpl.java:43)
10:42:51.658 [pool-4-thread-1] INFO  xxl.java.junit.TestCasesListener - Tests run finished (2929 ms)
<> Total tests run: 6
<> Ignored tests: 1
<> Failed tests: 2
~ diffWithDepth(org.apache.jackrabbit.mk.MicroKernelImplTest)
[expected:<+"/b":{"l":1[]}> but was:<+"/b":{"l":1[,"x":{"l":2,"y":{}}]}>]
org.junit.ComparisonFailure: expected:<+"/b":{"l":1[]}> but was:<+"/b":{"l":1[,"x":{"l":2,"y":{}}]}>    at org.junit.Assert.assertEquals(Assert.java:115)
    at org.junit.Assert.assertEquals(Assert.java:144)
    at org.apache.jackrabbit.mk.MicroKernelImplTest.diffWithDepth(MicroKernelImplTest.java:72)
    at sun.reflect.NativeMethodAccessorImpl.invoke0(Native Method)
    at sun.reflect.NativeMethodAccessorImpl.invoke(NativeMethodAccessorImpl.java:62)
    at sun.reflect.DelegatingMethodAccessorImpl.invoke(DelegatingMethodAccessorImpl.java:43)
~ testRevisionHistory(org.apache.jackrabbit.mk.store.DefaultRevisionStoreTest)
[expected:<...:childNodeCount":2,"[d":{},"c]":{}},"b":{":childNo...> but was:<...:childNodeCount":2,"[c":{},"d]":{}},"b":{":childNo...>]
org.junit.ComparisonFailure: expected:<...:childNodeCount":2,"[d":{},"c]":{}},"b":{":childNo...> but was:<...:childNodeCount":2,"[c":{},"d]":{}},"b":{":childNo...>    at org.junit.Assert.assertEquals(Assert.java:115)
    at org.junit.Assert.assertEquals(Assert.java:144)
    at org.apache.jackrabbit.mk.store.DefaultRevisionStoreTest.testRevisionHistory(DefaultRevisionStoreTest.java:102)
    at sun.reflect.NativeMethodAccessorImpl.invoke0(Native Method)
    at sun.reflect.NativeMethodAccessorImpl.invoke(NativeMethodAccessorImpl.java:62)
    at sun.reflect.DelegatingMethodAccessorImpl.invoke(DelegatingMethodAccessorImpl.java:43)

SLF4J: Class path contains multiple SLF4J bindings.
SLF4J: Found binding in [jar:file:/home/tdurieux/.m2/repository/org/slf4j/slf4j-nop/1.5.8/slf4j-nop-1.5.8.jar!/org/slf4j/impl/StaticLoggerBinder.class]
SLF4J: Found binding in [jar:file:/home/tdurieux/.m2/repository/ch/qos/logback/logback-classic/1.0.1/logback-classic-1.0.1.jar!/org/slf4j/impl/StaticLoggerBinder.class]
SLF4J: Found binding in [jar:file:/home/tdurieux/.m2/repository/org/slf4j/slf4j-simple/1.6.1/slf4j-simple-1.6.1.jar!/org/slf4j/impl/StaticLoggerBinder.class]
SLF4J: Found binding in [jar:file:/home/tdurieux/defects4j4repair/script/../repair_tools/nopol.jar!/org/slf4j/impl/StaticLoggerBinder.class]
SLF4J: See http://www.slf4j.org/codes.html#multiple_bindings for an explanation.
SLF4J: The requested version 1.5.8 by your slf4j binding is not compatible with [1.6]
SLF4J: See http://www.slf4j.org/codes.html#version_mismatch for further details.
org.junit.ComparisonFailure: expected:<[+"/b":{"l":1}]> but was:<[>"/b/a":"/b/b"]>
    at org.junit.Assert.assertEquals(Assert.java:115)
    at org.junit.Assert.assertEquals(Assert.java:144)
    at org.apache.jackrabbit.mk.MicroKernelImplTest.diffWithDepth(MicroKernelImplTest.java:72)
    at sun.reflect.NativeMethodAccessorImpl.invoke0(Native Method)
    at sun.reflect.NativeMethodAccessorImpl.invoke(NativeMethodAccessorImpl.java:62)
    at sun.reflect.DelegatingMethodAccessorImpl.invoke(DelegatingMethodAccessorImpl.java:43)
10:42:53.272 [pool-7-thread-1] INFO  f.i.l.c.t.SpecificationTestCasesListener - Tests run finished (744 ms)
<> Total tests run: 1
<> Ignored tests: 0
<> Failed tests: 1
~ diffWithDepth(org.apache.jackrabbit.mk.MicroKernelImplTest)
[expected:<[+"/b":{"l":1}]> but was:<[>"/b/a":"/b/b"]>]
org.junit.ComparisonFailure: expected:<[+"/b":{"l":1}]> but was:<[>"/b/a":"/b/b"]>    at org.junit.Assert.assertEquals(Assert.java:115)
    at org.junit.Assert.assertEquals(Assert.java:144)
    at org.apache.jackrabbit.mk.MicroKernelImplTest.diffWithDepth(MicroKernelImplTest.java:72)
    at sun.reflect.NativeMethodAccessorImpl.invoke0(Native Method)
    at sun.reflect.NativeMethodAccessorImpl.invoke(NativeMethodAccessorImpl.java:62)
    at sun.reflect.DelegatingMethodAccessorImpl.invoke(DelegatingMethodAccessorImpl.java:43)

org.junit.ComparisonFailure: expected:<...:childNodeCount":2,"[d":{},"c]":{}},"b":{":childNo...> but was:<...:childNodeCount":2,"[c":{},"d]":{}},"b":{":childNo...>
    at org.junit.Assert.assertEquals(Assert.java:115)
    at org.junit.Assert.assertEquals(Assert.java:144)
    at org.apache.jackrabbit.mk.store.DefaultRevisionStoreTest.testRevisionHistory(DefaultRevisionStoreTest.java:102)
    at sun.reflect.NativeMethodAccessorImpl.invoke0(Native Method)
    at sun.reflect.NativeMethodAccessorImpl.invoke(NativeMethodAccessorImpl.java:62)
    at sun.reflect.DelegatingMethodAccessorImpl.invoke(DelegatingMethodAccessorImpl.java:43)
10:42:53.282 [pool-8-thread-1] INFO  f.i.l.c.t.SpecificationTestCasesListener - Tests run finished (5 ms)
<> Total tests run: 1
<> Ignored tests: 0
<> Failed tests: 1
~ testRevisionHistory(org.apache.jackrabbit.mk.store.DefaultRevisionStoreTest)
[expected:<...:childNodeCount":2,"[d":{},"c]":{}},"b":{":childNo...> but was:<...:childNodeCount":2,"[c":{},"d]":{}},"b":{":childNo...>]
org.junit.ComparisonFailure: expected:<...:childNodeCount":2,"[d":{},"c]":{}},"b":{":childNo...> but was:<...:childNodeCount":2,"[c":{},"d]":{}},"b":{":childNo...>    at org.junit.Assert.assertEquals(Assert.java:115)
    at org.junit.Assert.assertEquals(Assert.java:144)
    at org.apache.jackrabbit.mk.store.DefaultRevisionStoreTest.testRevisionHistory(DefaultRevisionStoreTest.java:102)
    at sun.reflect.NativeMethodAccessorImpl.invoke0(Native Method)
    at sun.reflect.NativeMethodAccessorImpl.invoke(NativeMethodAccessorImpl.java:62)
    at sun.reflect.DelegatingMethodAccessorImpl.invoke(DelegatingMethodAccessorImpl.java:43)

org.junit.ComparisonFailure: expected:<+"/b":{"l":1[]}> but was:<+"/b":{"l":1[,"x":{"l":2,"y":{}}]}>
    at org.junit.Assert.assertEquals(Assert.java:115)
    at org.junit.Assert.assertEquals(Assert.java:144)
    at org.apache.jackrabbit.mk.MicroKernelImplTest.diffWithDepth(MicroKernelImplTest.java:72)
    at sun.reflect.NativeMethodAccessorImpl.invoke0(Native Method)
    at sun.reflect.NativeMethodAccessorImpl.invoke(NativeMethodAccessorImpl.java:62)
    at sun.reflect.DelegatingMethodAccessorImpl.invoke(DelegatingMethodAccessorImpl.java:43)
10:42:53.799 [pool-9-thread-1] INFO  f.i.l.c.t.SpecificationTestCasesListener - Tests run finished (516 ms)
<> Total tests run: 1
<> Ignored tests: 0
<> Failed tests: 1
~ diffWithDepth(org.apache.jackrabbit.mk.MicroKernelImplTest)
[expected:<+"/b":{"l":1[]}> but was:<+"/b":{"l":1[,"x":{"l":2,"y":{}}]}>]
org.junit.ComparisonFailure: expected:<+"/b":{"l":1[]}> but was:<+"/b":{"l":1[,"x":{"l":2,"y":{}}]}>    at org.junit.Assert.assertEquals(Assert.java:115)
    at org.junit.Assert.assertEquals(Assert.java:144)
    at org.apache.jackrabbit.mk.MicroKernelImplTest.diffWithDepth(MicroKernelImplTest.java:72)
    at sun.reflect.NativeMethodAccessorImpl.invoke0(Native Method)
    at sun.reflect.NativeMethodAccessorImpl.invoke(NativeMethodAccessorImpl.java:62)
    at sun.reflect.DelegatingMethodAccessorImpl.invoke(DelegatingMethodAccessorImpl.java:43)

org.junit.ComparisonFailure: expected:<...:childNodeCount":2,"[d":{},"c]":{}},"b":{":childNo...> but was:<...:childNodeCount":2,"[c":{},"d]":{}},"b":{":childNo...>
    at org.junit.Assert.assertEquals(Assert.java:115)
    at org.junit.Assert.assertEquals(Assert.java:144)
    at org.apache.jackrabbit.mk.store.DefaultRevisionStoreTest.testRevisionHistory(DefaultRevisionStoreTest.java:102)
    at sun.reflect.NativeMethodAccessorImpl.invoke0(Native Method)
    at sun.reflect.NativeMethodAccessorImpl.invoke(NativeMethodAccessorImpl.java:62)
    at sun.reflect.DelegatingMethodAccessorImpl.invoke(DelegatingMethodAccessorImpl.java:43)
10:42:53.804 [pool-10-thread-1] INFO  f.i.l.c.t.SpecificationTestCasesListener - Tests run finished (4 ms)
<> Total tests run: 1
<> Ignored tests: 0
<> Failed tests: 1
~ testRevisionHistory(org.apache.jackrabbit.mk.store.DefaultRevisionStoreTest)
[expected:<...:childNodeCount":2,"[d":{},"c]":{}},"b":{":childNo...> but was:<...:childNodeCount":2,"[c":{},"d]":{}},"b":{":childNo...>]
org.junit.ComparisonFailure: expected:<...:childNodeCount":2,"[d":{},"c]":{}},"b":{":childNo...> but was:<...:childNodeCount":2,"[c":{},"d]":{}},"b":{":childNo...>    at org.junit.Assert.assertEquals(Assert.java:115)
    at org.junit.Assert.assertEquals(Assert.java:144)
    at org.apache.jackrabbit.mk.store.DefaultRevisionStoreTest.testRevisionHistory(DefaultRevisionStoreTest.java:102)
    at sun.reflect.NativeMethodAccessorImpl.invoke0(Native Method)
    at sun.reflect.NativeMethodAccessorImpl.invoke(NativeMethodAccessorImpl.java:62)
    at sun.reflect.DelegatingMethodAccessorImpl.invoke(DelegatingMethodAccessorImpl.java:43)

10:42:53.805 [pool-3-thread-1] DEBUG tests.output - Failing tests with false: 
[diffWithDepth(org.apache.jackrabbit.mk.MicroKernelImplTest): expected:<[+"/b":{"l":1}]> but was:<[>"/b/a":"/b/b"]>, testRevisionHistory(org.apache.jackrabbit.mk.store.DefaultRevisionStoreTest): expected:<...:childNodeCount":2,"[d":{},"c]":{}},"b":{":childNo...> but was:<...:childNodeCount":2,"[c":{},"d]":{}},"b":{":childNo...>]
10:42:53.805 [pool-3-thread-1] DEBUG tests.output - Failing tests with true: 
[diffWithDepth(org.apache.jackrabbit.mk.MicroKernelImplTest): expected:<+"/b":{"l":1[]}> but was:<+"/b":{"l":1[,"x":{"l":2,"y":{}}]}>, testRevisionHistory(org.apache.jackrabbit.mk.store.DefaultRevisionStoreTest): expected:<...:childNodeCount":2,"[d":{},"c]":{}},"b":{":childNo...> but was:<...:childNodeCount":2,"[c":{},"d]":{}},"b":{":childNo...>]
10:42:53.805 [pool-3-thread-1] INFO  f.i.l.r.n.synth.SMTNopolSynthesizer - Not enough specifications: 0. A trivial patch is "true" or "false", please write new tests specifying SourceLocation org.apache.jackrabbit.mk.core.Repository:169.
10:42:53.805 [pool-2-thread-1] DEBUG fr.inria.lille.repair.nopol.NoPol - statement #17
10:42:53.806 [pool-2-thread-1] DEBUG fr.inria.lille.repair.nopol.NoPol - Analysing SourceLocation org.apache.jackrabbit.mk.core.Repository:168 which is executed by 3 tests
-350701717
10:42:53.971 [pool-2-thread-1] DEBUG fr.inria.lille.repair.nopol.NoPol - statement #18
10:42:53.971 [pool-2-thread-1] DEBUG fr.inria.lille.repair.nopol.NoPol - Analysing SourceLocation org.apache.jackrabbit.mk.core.Repository:164 which is executed by 3 tests
-350701717
10:42:54.136 [pool-2-thread-1] DEBUG fr.inria.lille.repair.nopol.NoPol - looking with class fr.inria.lille.repair.nopol.spoon.smt.ConditionalAdder
SLF4J: Class path contains multiple SLF4J bindings.
SLF4J: Found binding in [jar:file:/home/tdurieux/.m2/repository/org/slf4j/slf4j-nop/1.5.8/slf4j-nop-1.5.8.jar!/org/slf4j/impl/StaticLoggerBinder.class]
SLF4J: Found binding in [jar:file:/home/tdurieux/.m2/repository/ch/qos/logback/logback-classic/1.0.1/logback-classic-1.0.1.jar!/org/slf4j/impl/StaticLoggerBinder.class]
SLF4J: Found binding in [jar:file:/home/tdurieux/.m2/repository/org/slf4j/slf4j-simple/1.6.1/slf4j-simple-1.6.1.jar!/org/slf4j/impl/StaticLoggerBinder.class]
SLF4J: Found binding in [jar:file:/home/tdurieux/defects4j4repair/script/../repair_tools/nopol.jar!/org/slf4j/impl/StaticLoggerBinder.class]
SLF4J: See http://www.slf4j.org/codes.html#multiple_bindings for an explanation.
SLF4J: The requested version 1.5.8 by your slf4j binding is not compatible with [1.6]
SLF4J: See http://www.slf4j.org/codes.html#version_mismatch for further details.
org.junit.ComparisonFailure: expected:<+"/b":{"l":1[]}> but was:<+"/b":{"l":1[,"x":{"l":2,"y":{}}]}>
    at org.junit.Assert.assertEquals(Assert.java:115)
    at org.junit.Assert.assertEquals(Assert.java:144)
    at org.apache.jackrabbit.mk.MicroKernelImplTest.diffWithDepth(MicroKernelImplTest.java:72)
    at sun.reflect.NativeMethodAccessorImpl.invoke0(Native Method)
    at sun.reflect.NativeMethodAccessorImpl.invoke(NativeMethodAccessorImpl.java:62)
    at sun.reflect.DelegatingMethodAccessorImpl.invoke(DelegatingMethodAccessorImpl.java:43)
org.junit.ComparisonFailure: expected:<...:childNodeCount":2,"[d":{},"c]":{}},"b":{":childNo...> but was:<...:childNodeCount":2,"[c":{},"d]":{}},"b":{":childNo...>
    at org.junit.Assert.assertEquals(Assert.java:115)
    at org.junit.Assert.assertEquals(Assert.java:144)
    at org.apache.jackrabbit.mk.store.DefaultRevisionStoreTest.testRevisionHistory(DefaultRevisionStoreTest.java:102)
    at sun.reflect.NativeMethodAccessorImpl.invoke0(Native Method)
    at sun.reflect.NativeMethodAccessorImpl.invoke(NativeMethodAccessorImpl.java:62)
    at sun.reflect.DelegatingMethodAccessorImpl.invoke(DelegatingMethodAccessorImpl.java:43)
10:42:56.869 [pool-12-thread-1] INFO  xxl.java.junit.TestCasesListener - Tests run finished (2723 ms)
<> Total tests run: 6
<> Ignored tests: 1
<> Failed tests: 2
~ diffWithDepth(org.apache.jackrabbit.mk.MicroKernelImplTest)
[expected:<+"/b":{"l":1[]}> but was:<+"/b":{"l":1[,"x":{"l":2,"y":{}}]}>]
org.junit.ComparisonFailure: expected:<+"/b":{"l":1[]}> but was:<+"/b":{"l":1[,"x":{"l":2,"y":{}}]}>    at org.junit.Assert.assertEquals(Assert.java:115)
    at org.junit.Assert.assertEquals(Assert.java:144)
    at org.apache.jackrabbit.mk.MicroKernelImplTest.diffWithDepth(MicroKernelImplTest.java:72)
    at sun.reflect.NativeMethodAccessorImpl.invoke0(Native Method)
    at sun.reflect.NativeMethodAccessorImpl.invoke(NativeMethodAccessorImpl.java:62)
    at sun.reflect.DelegatingMethodAccessorImpl.invoke(DelegatingMethodAccessorImpl.java:43)
~ testRevisionHistory(org.apache.jackrabbit.mk.store.DefaultRevisionStoreTest)
[expected:<...:childNodeCount":2,"[d":{},"c]":{}},"b":{":childNo...> but was:<...:childNodeCount":2,"[c":{},"d]":{}},"b":{":childNo...>]
org.junit.ComparisonFailure: expected:<...:childNodeCount":2,"[d":{},"c]":{}},"b":{":childNo...> but was:<...:childNodeCount":2,"[c":{},"d]":{}},"b":{":childNo...>    at org.junit.Assert.assertEquals(Assert.java:115)
    at org.junit.Assert.assertEquals(Assert.java:144)
    at org.apache.jackrabbit.mk.store.DefaultRevisionStoreTest.testRevisionHistory(DefaultRevisionStoreTest.java:102)
    at sun.reflect.NativeMethodAccessorImpl.invoke0(Native Method)
    at sun.reflect.NativeMethodAccessorImpl.invoke(NativeMethodAccessorImpl.java:62)
    at sun.reflect.DelegatingMethodAccessorImpl.invoke(DelegatingMethodAccessorImpl.java:43)

SLF4J: Class path contains multiple SLF4J bindings.
SLF4J: Found binding in [jar:file:/home/tdurieux/.m2/repository/org/slf4j/slf4j-nop/1.5.8/slf4j-nop-1.5.8.jar!/org/slf4j/impl/StaticLoggerBinder.class]
SLF4J: Found binding in [jar:file:/home/tdurieux/.m2/repository/ch/qos/logback/logback-classic/1.0.1/logback-classic-1.0.1.jar!/org/slf4j/impl/StaticLoggerBinder.class]
SLF4J: Found binding in [jar:file:/home/tdurieux/.m2/repository/org/slf4j/slf4j-simple/1.6.1/slf4j-simple-1.6.1.jar!/org/slf4j/impl/StaticLoggerBinder.class]
SLF4J: Found binding in [jar:file:/home/tdurieux/defects4j4repair/script/../repair_tools/nopol.jar!/org/slf4j/impl/StaticLoggerBinder.class]
SLF4J: See http://www.slf4j.org/codes.html#multiple_bindings for an explanation.
SLF4J: The requested version 1.5.8 by your slf4j binding is not compatible with [1.6]
SLF4J: See http://www.slf4j.org/codes.html#version_mismatch for further details.
org.junit.ComparisonFailure: expected:<+"/b":{"l":1[]}> but was:<+"/b":{"l":1[,"x":{"l":2,"y":{}}]}>
    at org.junit.Assert.assertEquals(Assert.java:115)
    at org.junit.Assert.assertEquals(Assert.java:144)
    at org.apache.jackrabbit.mk.MicroKernelImplTest.diffWithDepth(MicroKernelImplTest.java:72)
    at sun.reflect.NativeMethodAccessorImpl.invoke0(Native Method)
    at sun.reflect.NativeMethodAccessorImpl.invoke(NativeMethodAccessorImpl.java:62)
    at sun.reflect.DelegatingMethodAccessorImpl.invoke(DelegatingMethodAccessorImpl.java:43)
10:42:57.979 [pool-15-thread-1] INFO  f.i.l.c.t.SpecificationTestCasesListener - Tests run finished (766 ms)
<> Total tests run: 1
<> Ignored tests: 0
<> Failed tests: 1
~ diffWithDepth(org.apache.jackrabbit.mk.MicroKernelImplTest)
[expected:<+"/b":{"l":1[]}> but was:<+"/b":{"l":1[,"x":{"l":2,"y":{}}]}>]
org.junit.ComparisonFailure: expected:<+"/b":{"l":1[]}> but was:<+"/b":{"l":1[,"x":{"l":2,"y":{}}]}>    at org.junit.Assert.assertEquals(Assert.java:115)
    at org.junit.Assert.assertEquals(Assert.java:144)
    at org.apache.jackrabbit.mk.MicroKernelImplTest.diffWithDepth(MicroKernelImplTest.java:72)
    at sun.reflect.NativeMethodAccessorImpl.invoke0(Native Method)
    at sun.reflect.NativeMethodAccessorImpl.invoke(NativeMethodAccessorImpl.java:62)
    at sun.reflect.DelegatingMethodAccessorImpl.invoke(DelegatingMethodAccessorImpl.java:43)

org.junit.ComparisonFailure: expected:<...:childNodeCount":2,"[d":{},"c]":{}},"b":{":childNo...> but was:<...:childNodeCount":2,"[c":{},"d]":{}},"b":{":childNo...>
    at org.junit.Assert.assertEquals(Assert.java:115)
    at org.junit.Assert.assertEquals(Assert.java:144)
    at org.apache.jackrabbit.mk.store.DefaultRevisionStoreTest.testRevisionHistory(DefaultRevisionStoreTest.java:102)
    at sun.reflect.NativeMethodAccessorImpl.invoke0(Native Method)
    at sun.reflect.NativeMethodAccessorImpl.invoke(NativeMethodAccessorImpl.java:62)
    at sun.reflect.DelegatingMethodAccessorImpl.invoke(DelegatingMethodAccessorImpl.java:43)
10:42:57.986 [pool-16-thread-1] INFO  f.i.l.c.t.SpecificationTestCasesListener - Tests run finished (4 ms)
<> Total tests run: 1
<> Ignored tests: 0
<> Failed tests: 1
~ testRevisionHistory(org.apache.jackrabbit.mk.store.DefaultRevisionStoreTest)
[expected:<...:childNodeCount":2,"[d":{},"c]":{}},"b":{":childNo...> but was:<...:childNodeCount":2,"[c":{},"d]":{}},"b":{":childNo...>]
org.junit.ComparisonFailure: expected:<...:childNodeCount":2,"[d":{},"c]":{}},"b":{":childNo...> but was:<...:childNodeCount":2,"[c":{},"d]":{}},"b":{":childNo...>    at org.junit.Assert.assertEquals(Assert.java:115)
    at org.junit.Assert.assertEquals(Assert.java:144)
    at org.apache.jackrabbit.mk.store.DefaultRevisionStoreTest.testRevisionHistory(DefaultRevisionStoreTest.java:102)
    at sun.reflect.NativeMethodAccessorImpl.invoke0(Native Method)
    at sun.reflect.NativeMethodAccessorImpl.invoke(NativeMethodAccessorImpl.java:62)
    at sun.reflect.DelegatingMethodAccessorImpl.invoke(DelegatingMethodAccessorImpl.java:43)

org.junit.ComparisonFailure: expected:<+"/b":{"l":1[]}> but was:<+"/b":{"l":1[,"x":{"l":2,"y":{}}]}>
    at org.junit.Assert.assertEquals(Assert.java:115)
    at org.junit.Assert.assertEquals(Assert.java:144)
    at org.apache.jackrabbit.mk.MicroKernelImplTest.diffWithDepth(MicroKernelImplTest.java:72)
    at sun.reflect.NativeMethodAccessorImpl.invoke0(Native Method)
    at sun.reflect.NativeMethodAccessorImpl.invoke(NativeMethodAccessorImpl.java:62)
    at sun.reflect.DelegatingMethodAccessorImpl.invoke(DelegatingMethodAccessorImpl.java:43)
10:42:58.382 [pool-17-thread-1] INFO  f.i.l.c.t.SpecificationTestCasesListener - Tests run finished (394 ms)
<> Total tests run: 1
<> Ignored tests: 0
<> Failed tests: 1
~ diffWithDepth(org.apache.jackrabbit.mk.MicroKernelImplTest)
[expected:<+"/b":{"l":1[]}> but was:<+"/b":{"l":1[,"x":{"l":2,"y":{}}]}>]
org.junit.ComparisonFailure: expected:<+"/b":{"l":1[]}> but was:<+"/b":{"l":1[,"x":{"l":2,"y":{}}]}>    at org.junit.Assert.assertEquals(Assert.java:115)
    at org.junit.Assert.assertEquals(Assert.java:144)
    at org.apache.jackrabbit.mk.MicroKernelImplTest.diffWithDepth(MicroKernelImplTest.java:72)
    at sun.reflect.NativeMethodAccessorImpl.invoke0(Native Method)
    at sun.reflect.NativeMethodAccessorImpl.invoke(NativeMethodAccessorImpl.java:62)
    at sun.reflect.DelegatingMethodAccessorImpl.invoke(DelegatingMethodAccessorImpl.java:43)

org.junit.ComparisonFailure: expected:<...:childNodeCount":2,"[d":{},"c]":{}},"b":{":childNo...> but was:<...:childNodeCount":2,"[c":{},"d]":{}},"b":{":childNo...>
    at org.junit.Assert.assertEquals(Assert.java:115)
    at org.junit.Assert.assertEquals(Assert.java:144)
    at org.apache.jackrabbit.mk.store.DefaultRevisionStoreTest.testRevisionHistory(DefaultRevisionStoreTest.java:102)
    at sun.reflect.NativeMethodAccessorImpl.invoke0(Native Method)
    at sun.reflect.NativeMethodAccessorImpl.invoke(NativeMethodAccessorImpl.java:62)
    at sun.reflect.DelegatingMethodAccessorImpl.invoke(DelegatingMethodAccessorImpl.java:43)
10:42:58.391 [pool-18-thread-1] INFO  f.i.l.c.t.SpecificationTestCasesListener - Tests run finished (6 ms)
<> Total tests run: 1
<> Ignored tests: 0
<> Failed tests: 1
~ testRevisionHistory(org.apache.jackrabbit.mk.store.DefaultRevisionStoreTest)
[expected:<...:childNodeCount":2,"[d":{},"c]":{}},"b":{":childNo...> but was:<...:childNodeCount":2,"[c":{},"d]":{}},"b":{":childNo...>]
org.junit.ComparisonFailure: expected:<...:childNodeCount":2,"[d":{},"c]":{}},"b":{":childNo...> but was:<...:childNodeCount":2,"[c":{},"d]":{}},"b":{":childNo...>    at org.junit.Assert.assertEquals(Assert.java:115)
    at org.junit.Assert.assertEquals(Assert.java:144)
    at org.apache.jackrabbit.mk.store.DefaultRevisionStoreTest.testRevisionHistory(DefaultRevisionStoreTest.java:102)
    at sun.reflect.NativeMethodAccessorImpl.invoke0(Native Method)
    at sun.reflect.NativeMethodAccessorImpl.invoke(NativeMethodAccessorImpl.java:62)
    at sun.reflect.DelegatingMethodAccessorImpl.invoke(DelegatingMethodAccessorImpl.java:43)

10:42:58.392 [pool-11-thread-1] DEBUG tests.output - Failing tests with false: 
[diffWithDepth(org.apache.jackrabbit.mk.MicroKernelImplTest): expected:<+"/b":{"l":1[]}> but was:<+"/b":{"l":1[,"x":{"l":2,"y":{}}]}>, testRevisionHistory(org.apache.jackrabbit.mk.store.DefaultRevisionStoreTest): expected:<...:childNodeCount":2,"[d":{},"c]":{}},"b":{":childNo...> but was:<...:childNodeCount":2,"[c":{},"d]":{}},"b":{":childNo...>]
10:42:58.393 [pool-11-thread-1] DEBUG tests.output - Failing tests with true: 
[diffWithDepth(org.apache.jackrabbit.mk.MicroKernelImplTest): expected:<+"/b":{"l":1[]}> but was:<+"/b":{"l":1[,"x":{"l":2,"y":{}}]}>, testRevisionHistory(org.apache.jackrabbit.mk.store.DefaultRevisionStoreTest): expected:<...:childNodeCount":2,"[d":{},"c]":{}},"b":{":childNo...> but was:<...:childNodeCount":2,"[c":{},"d]":{}},"b":{":childNo...>]
10:42:58.393 [pool-11-thread-1] INFO  f.i.l.r.n.synth.SMTNopolSynthesizer - Not enough specifications: 0. A trivial patch is "true" or "false", please write new tests specifying SourceLocation org.apache.jackrabbit.mk.core.Repository:164.
10:42:58.393 [pool-2-thread-1] DEBUG fr.inria.lille.repair.nopol.NoPol - looking with class fr.inria.lille.repair.nopol.spoon.smt.ConditionalReplacer
SLF4J: Class path contains multiple SLF4J bindings.
SLF4J: Found binding in [jar:file:/home/tdurieux/.m2/repository/org/slf4j/slf4j-nop/1.5.8/slf4j-nop-1.5.8.jar!/org/slf4j/impl/StaticLoggerBinder.class]
SLF4J: Found binding in [jar:file:/home/tdurieux/.m2/repository/ch/qos/logback/logback-classic/1.0.1/logback-classic-1.0.1.jar!/org/slf4j/impl/StaticLoggerBinder.class]
SLF4J: Found binding in [jar:file:/home/tdurieux/.m2/repository/org/slf4j/slf4j-simple/1.6.1/slf4j-simple-1.6.1.jar!/org/slf4j/impl/StaticLoggerBinder.class]
SLF4J: Found binding in [jar:file:/home/tdurieux/defects4j4repair/script/../repair_tools/nopol.jar!/org/slf4j/impl/StaticLoggerBinder.class]
SLF4J: See http://www.slf4j.org/codes.html#multiple_bindings for an explanation.
SLF4J: The requested version 1.5.8 by your slf4j binding is not compatible with [1.6]
SLF4J: See http://www.slf4j.org/codes.html#version_mismatch for further details.
org.junit.ComparisonFailure: expected:<+"/b":{"l":1[]}> but was:<+"/b":{"l":1[,"x":{"l":2,"y":{}}]}>
    at org.junit.Assert.assertEquals(Assert.java:115)
    at org.junit.Assert.assertEquals(Assert.java:144)
    at org.apache.jackrabbit.mk.MicroKernelImplTest.diffWithDepth(MicroKernelImplTest.java:72)
    at sun.reflect.NativeMethodAccessorImpl.invoke0(Native Method)
    at sun.reflect.NativeMethodAccessorImpl.invoke(NativeMethodAccessorImpl.java:62)
    at sun.reflect.DelegatingMethodAccessorImpl.invoke(DelegatingMethodAccessorImpl.java:43)
org.junit.ComparisonFailure: expected:<...:childNodeCount":2,"[d":{},"c]":{}},"b":{":childNo...> but was:<...:childNodeCount":2,"[c":{},"d]":{}},"b":{":childNo...>
    at org.junit.Assert.assertEquals(Assert.java:115)
    at org.junit.Assert.assertEquals(Assert.java:144)
    at org.apache.jackrabbit.mk.store.DefaultRevisionStoreTest.testRevisionHistory(DefaultRevisionStoreTest.java:102)
    at sun.reflect.NativeMethodAccessorImpl.invoke0(Native Method)
    at sun.reflect.NativeMethodAccessorImpl.invoke(NativeMethodAccessorImpl.java:62)
    at sun.reflect.DelegatingMethodAccessorImpl.invoke(DelegatingMethodAccessorImpl.java:43)
10:43:01.273 [pool-20-thread-1] INFO  xxl.java.junit.TestCasesListener - Tests run finished (2870 ms)
<> Total tests run: 6
<> Ignored tests: 1
<> Failed tests: 2
~ diffWithDepth(org.apache.jackrabbit.mk.MicroKernelImplTest)
[expected:<+"/b":{"l":1[]}> but was:<+"/b":{"l":1[,"x":{"l":2,"y":{}}]}>]
org.junit.ComparisonFailure: expected:<+"/b":{"l":1[]}> but was:<+"/b":{"l":1[,"x":{"l":2,"y":{}}]}>    at org.junit.Assert.assertEquals(Assert.java:115)
    at org.junit.Assert.assertEquals(Assert.java:144)
    at org.apache.jackrabbit.mk.MicroKernelImplTest.diffWithDepth(MicroKernelImplTest.java:72)
    at sun.reflect.NativeMethodAccessorImpl.invoke0(Native Method)
    at sun.reflect.NativeMethodAccessorImpl.invoke(NativeMethodAccessorImpl.java:62)
    at sun.reflect.DelegatingMethodAccessorImpl.invoke(DelegatingMethodAccessorImpl.java:43)
~ testRevisionHistory(org.apache.jackrabbit.mk.store.DefaultRevisionStoreTest)
[expected:<...:childNodeCount":2,"[d":{},"c]":{}},"b":{":childNo...> but was:<...:childNodeCount":2,"[c":{},"d]":{}},"b":{":childNo...>]
org.junit.ComparisonFailure: expected:<...:childNodeCount":2,"[d":{},"c]":{}},"b":{":childNo...> but was:<...:childNodeCount":2,"[c":{},"d]":{}},"b":{":childNo...>    at org.junit.Assert.assertEquals(Assert.java:115)
    at org.junit.Assert.assertEquals(Assert.java:144)
    at org.apache.jackrabbit.mk.store.DefaultRevisionStoreTest.testRevisionHistory(DefaultRevisionStoreTest.java:102)
    at sun.reflect.NativeMethodAccessorImpl.invoke0(Native Method)
    at sun.reflect.NativeMethodAccessorImpl.invoke(NativeMethodAccessorImpl.java:62)
    at sun.reflect.DelegatingMethodAccessorImpl.invoke(DelegatingMethodAccessorImpl.java:43)

SLF4J: Class path contains multiple SLF4J bindings.
SLF4J: Found binding in [jar:file:/home/tdurieux/.m2/repository/org/slf4j/slf4j-nop/1.5.8/slf4j-nop-1.5.8.jar!/org/slf4j/impl/StaticLoggerBinder.class]
SLF4J: Found binding in [jar:file:/home/tdurieux/.m2/repository/ch/qos/logback/logback-classic/1.0.1/logback-classic-1.0.1.jar!/org/slf4j/impl/StaticLoggerBinder.class]
SLF4J: Found binding in [jar:file:/home/tdurieux/.m2/repository/org/slf4j/slf4j-simple/1.6.1/slf4j-simple-1.6.1.jar!/org/slf4j/impl/StaticLoggerBinder.class]
SLF4J: Found binding in [jar:file:/home/tdurieux/defects4j4repair/script/../repair_tools/nopol.jar!/org/slf4j/impl/StaticLoggerBinder.class]
SLF4J: See http://www.slf4j.org/codes.html#multiple_bindings for an explanation.
SLF4J: The requested version 1.5.8 by your slf4j binding is not compatible with [1.6]
SLF4J: See http://www.slf4j.org/codes.html#version_mismatch for further details.
org.junit.ComparisonFailure: expected:<+"/b":{"l":1[]}> but was:<+"/b":{"l":1[,"x":{"l":2,"y":{}}]}>
    at org.junit.Assert.assertEquals(Assert.java:115)
    at org.junit.Assert.assertEquals(Assert.java:144)
    at org.apache.jackrabbit.mk.MicroKernelImplTest.diffWithDepth(MicroKernelImplTest.java:72)
    at sun.reflect.NativeMethodAccessorImpl.invoke0(Native Method)
    at sun.reflect.NativeMethodAccessorImpl.invoke(NativeMethodAccessorImpl.java:62)
    at sun.reflect.DelegatingMethodAccessorImpl.invoke(DelegatingMethodAccessorImpl.java:43)
10:43:02.485 [pool-23-thread-1] INFO  f.i.l.c.t.SpecificationTestCasesListener - Tests run finished (803 ms)
<> Total tests run: 1
<> Ignored tests: 0
<> Failed tests: 1
~ diffWithDepth(org.apache.jackrabbit.mk.MicroKernelImplTest)
[expected:<+"/b":{"l":1[]}> but was:<+"/b":{"l":1[,"x":{"l":2,"y":{}}]}>]
org.junit.ComparisonFailure: expected:<+"/b":{"l":1[]}> but was:<+"/b":{"l":1[,"x":{"l":2,"y":{}}]}>    at org.junit.Assert.assertEquals(Assert.java:115)
    at org.junit.Assert.assertEquals(Assert.java:144)
    at org.apache.jackrabbit.mk.MicroKernelImplTest.diffWithDepth(MicroKernelImplTest.java:72)
    at sun.reflect.NativeMethodAccessorImpl.invoke0(Native Method)
    at sun.reflect.NativeMethodAccessorImpl.invoke(NativeMethodAccessorImpl.java:62)
    at sun.reflect.DelegatingMethodAccessorImpl.invoke(DelegatingMethodAccessorImpl.java:43)

org.junit.ComparisonFailure: expected:<...:childNodeCount":2,"[d":{},"c]":{}},"b":{":childNo...> but was:<...:childNodeCount":2,"[c":{},"d]":{}},"b":{":childNo...>
    at org.junit.Assert.assertEquals(Assert.java:115)
    at org.junit.Assert.assertEquals(Assert.java:144)
    at org.apache.jackrabbit.mk.store.DefaultRevisionStoreTest.testRevisionHistory(DefaultRevisionStoreTest.java:102)
    at sun.reflect.NativeMethodAccessorImpl.invoke0(Native Method)
    at sun.reflect.NativeMethodAccessorImpl.invoke(NativeMethodAccessorImpl.java:62)
    at sun.reflect.DelegatingMethodAccessorImpl.invoke(DelegatingMethodAccessorImpl.java:43)
10:43:02.492 [pool-24-thread-1] INFO  f.i.l.c.t.SpecificationTestCasesListener - Tests run finished (4 ms)
<> Total tests run: 1
<> Ignored tests: 0
<> Failed tests: 1
~ testRevisionHistory(org.apache.jackrabbit.mk.store.DefaultRevisionStoreTest)
[expected:<...:childNodeCount":2,"[d":{},"c]":{}},"b":{":childNo...> but was:<...:childNodeCount":2,"[c":{},"d]":{}},"b":{":childNo...>]
org.junit.ComparisonFailure: expected:<...:childNodeCount":2,"[d":{},"c]":{}},"b":{":childNo...> but was:<...:childNodeCount":2,"[c":{},"d]":{}},"b":{":childNo...>    at org.junit.Assert.assertEquals(Assert.java:115)
    at org.junit.Assert.assertEquals(Assert.java:144)
    at org.apache.jackrabbit.mk.store.DefaultRevisionStoreTest.testRevisionHistory(DefaultRevisionStoreTest.java:102)
    at sun.reflect.NativeMethodAccessorImpl.invoke0(Native Method)
    at sun.reflect.NativeMethodAccessorImpl.invoke(NativeMethodAccessorImpl.java:62)
    at sun.reflect.DelegatingMethodAccessorImpl.invoke(DelegatingMethodAccessorImpl.java:43)

org.apache.jackrabbit.mk.api.MicroKernelException: java.lang.IllegalArgumentException: illegal path
    at org.apache.jackrabbit.mk.core.MicroKernelImpl.diff(MicroKernelImpl.java:313)
    at org.apache.jackrabbit.mk.MicroKernelImplTest.diffWithDepth(MicroKernelImplTest.java:72)
    at sun.reflect.NativeMethodAccessorImpl.invoke0(Native Method)
    at sun.reflect.NativeMethodAccessorImpl.invoke(NativeMethodAccessorImpl.java:62)
    at sun.reflect.DelegatingMethodAccessorImpl.invoke(DelegatingMethodAccessorImpl.java:43)
    at java.lang.reflect.Method.invoke(Method.java:498)
10:43:02.879 [pool-25-thread-1] INFO  f.i.l.c.t.SpecificationTestCasesListener - Tests run finished (386 ms)
<> Total tests run: 1
<> Ignored tests: 0
<> Failed tests: 1
~ diffWithDepth(org.apache.jackrabbit.mk.MicroKernelImplTest)
[java.lang.IllegalArgumentException: illegal path]
org.apache.jackrabbit.mk.api.MicroKernelException: java.lang.IllegalArgumentException: illegal path    at org.apache.jackrabbit.mk.core.MicroKernelImpl.diff(MicroKernelImpl.java:313)
    at org.apache.jackrabbit.mk.MicroKernelImplTest.diffWithDepth(MicroKernelImplTest.java:72)
    at sun.reflect.NativeMethodAccessorImpl.invoke0(Native Method)
    at sun.reflect.NativeMethodAccessorImpl.invoke(NativeMethodAccessorImpl.java:62)
    at sun.reflect.DelegatingMethodAccessorImpl.invoke(DelegatingMethodAccessorImpl.java:43)
    at java.lang.reflect.Method.invoke(Method.java:498)

org.apache.jackrabbit.mk.api.MicroKernelException: java.lang.IllegalArgumentException: illegal path
    at org.apache.jackrabbit.mk.core.MicroKernelImpl.getNodes(MicroKernelImpl.java:384)
    at org.apache.jackrabbit.mk.store.DefaultRevisionStoreTest.testRevisionHistory(DefaultRevisionStoreTest.java:97)
    at sun.reflect.NativeMethodAccessorImpl.invoke0(Native Method)
    at sun.reflect.NativeMethodAccessorImpl.invoke(NativeMethodAccessorImpl.java:62)
    at sun.reflect.DelegatingMethodAccessorImpl.invoke(DelegatingMethodAccessorImpl.java:43)
    at java.lang.reflect.Method.invoke(Method.java:498)
10:43:02.883 [pool-26-thread-1] INFO  f.i.l.c.t.SpecificationTestCasesListener - Tests run finished (3 ms)
<> Total tests run: 1
<> Ignored tests: 0
<> Failed tests: 1
~ testRevisionHistory(org.apache.jackrabbit.mk.store.DefaultRevisionStoreTest)
[java.lang.IllegalArgumentException: illegal path]
org.apache.jackrabbit.mk.api.MicroKernelException: java.lang.IllegalArgumentException: illegal path    at org.apache.jackrabbit.mk.core.MicroKernelImpl.getNodes(MicroKernelImpl.java:384)
    at org.apache.jackrabbit.mk.store.DefaultRevisionStoreTest.testRevisionHistory(DefaultRevisionStoreTest.java:97)
    at sun.reflect.NativeMethodAccessorImpl.invoke0(Native Method)
    at sun.reflect.NativeMethodAccessorImpl.invoke(NativeMethodAccessorImpl.java:62)
    at sun.reflect.DelegatingMethodAccessorImpl.invoke(DelegatingMethodAccessorImpl.java:43)
    at java.lang.reflect.Method.invoke(Method.java:498)

10:43:02.884 [pool-19-thread-1] DEBUG tests.output - Failing tests with false: 
[diffWithDepth(org.apache.jackrabbit.mk.MicroKernelImplTest): expected:<+"/b":{"l":1[]}> but was:<+"/b":{"l":1[,"x":{"l":2,"y":{}}]}>, testRevisionHistory(org.apache.jackrabbit.mk.store.DefaultRevisionStoreTest): expected:<...:childNodeCount":2,"[d":{},"c]":{}},"b":{":childNo...> but was:<...:childNodeCount":2,"[c":{},"d]":{}},"b":{":childNo...>]
10:43:02.884 [pool-19-thread-1] DEBUG tests.output - Failing tests with true: 
[diffWithDepth(org.apache.jackrabbit.mk.MicroKernelImplTest): java.lang.IllegalArgumentException: illegal path, testRevisionHistory(org.apache.jackrabbit.mk.store.DefaultRevisionStoreTest): java.lang.IllegalArgumentException: illegal path]
10:43:02.885 [pool-19-thread-1] INFO  f.i.l.r.n.synth.SMTNopolSynthesizer - Not enough specifications: 0. A trivial patch is "true" or "false", please write new tests specifying SourceLocation org.apache.jackrabbit.mk.core.Repository:164.
10:43:02.885 [pool-2-thread-1] DEBUG fr.inria.lille.repair.nopol.NoPol - statement #19
10:43:02.885 [pool-2-thread-1] DEBUG fr.inria.lille.repair.nopol.NoPol - Analysing SourceLocation org.apache.jackrabbit.mk.core.Repository:162 which is executed by 3 tests
-350701717
10:43:03.044 [pool-2-thread-1] DEBUG fr.inria.lille.repair.nopol.NoPol - looking with class fr.inria.lille.repair.nopol.spoon.smt.ConditionalAdder
SLF4J: Class path contains multiple SLF4J bindings.
SLF4J: Found binding in [jar:file:/home/tdurieux/.m2/repository/org/slf4j/slf4j-nop/1.5.8/slf4j-nop-1.5.8.jar!/org/slf4j/impl/StaticLoggerBinder.class]
SLF4J: Found binding in [jar:file:/home/tdurieux/.m2/repository/ch/qos/logback/logback-classic/1.0.1/logback-classic-1.0.1.jar!/org/slf4j/impl/StaticLoggerBinder.class]
SLF4J: Found binding in [jar:file:/home/tdurieux/.m2/repository/org/slf4j/slf4j-simple/1.6.1/slf4j-simple-1.6.1.jar!/org/slf4j/impl/StaticLoggerBinder.class]
SLF4J: Found binding in [jar:file:/home/tdurieux/defects4j4repair/script/../repair_tools/nopol.jar!/org/slf4j/impl/StaticLoggerBinder.class]
SLF4J: See http://www.slf4j.org/codes.html#multiple_bindings for an explanation.
SLF4J: The requested version 1.5.8 by your slf4j binding is not compatible with [1.6]
SLF4J: See http://www.slf4j.org/codes.html#version_mismatch for further details.
org.junit.ComparisonFailure: expected:<+"/b":{"l":1[]}> but was:<+"/b":{"l":1[,"x":{"l":2,"y":{}}]}>
    at org.junit.Assert.assertEquals(Assert.java:115)
    at org.junit.Assert.assertEquals(Assert.java:144)
    at org.apache.jackrabbit.mk.MicroKernelImplTest.diffWithDepth(MicroKernelImplTest.java:72)
    at sun.reflect.NativeMethodAccessorImpl.invoke0(Native Method)
    at sun.reflect.NativeMethodAccessorImpl.invoke(NativeMethodAccessorImpl.java:62)
    at sun.reflect.DelegatingMethodAccessorImpl.invoke(DelegatingMethodAccessorImpl.java:43)
org.junit.ComparisonFailure: expected:<...:childNodeCount":2,"[d":{},"c]":{}},"b":{":childNo...> but was:<...:childNodeCount":2,"[c":{},"d]":{}},"b":{":childNo...>
    at org.junit.Assert.assertEquals(Assert.java:115)
    at org.junit.Assert.assertEquals(Assert.java:144)
    at org.apache.jackrabbit.mk.store.DefaultRevisionStoreTest.testRevisionHistory(DefaultRevisionStoreTest.java:102)
    at sun.reflect.NativeMethodAccessorImpl.invoke0(Native Method)
    at sun.reflect.NativeMethodAccessorImpl.invoke(NativeMethodAccessorImpl.java:62)
    at sun.reflect.DelegatingMethodAccessorImpl.invoke(DelegatingMethodAccessorImpl.java:43)
10:43:06.055 [pool-28-thread-1] INFO  xxl.java.junit.TestCasesListener - Tests run finished (3002 ms)
<> Total tests run: 6
<> Ignored tests: 1
<> Failed tests: 2
~ diffWithDepth(org.apache.jackrabbit.mk.MicroKernelImplTest)
[expected:<+"/b":{"l":1[]}> but was:<+"/b":{"l":1[,"x":{"l":2,"y":{}}]}>]
org.junit.ComparisonFailure: expected:<+"/b":{"l":1[]}> but was:<+"/b":{"l":1[,"x":{"l":2,"y":{}}]}>    at org.junit.Assert.assertEquals(Assert.java:115)
    at org.junit.Assert.assertEquals(Assert.java:144)
    at org.apache.jackrabbit.mk.MicroKernelImplTest.diffWithDepth(MicroKernelImplTest.java:72)
    at sun.reflect.NativeMethodAccessorImpl.invoke0(Native Method)
    at sun.reflect.NativeMethodAccessorImpl.invoke(NativeMethodAccessorImpl.java:62)
    at sun.reflect.DelegatingMethodAccessorImpl.invoke(DelegatingMethodAccessorImpl.java:43)
~ testRevisionHistory(org.apache.jackrabbit.mk.store.DefaultRevisionStoreTest)
[expected:<...:childNodeCount":2,"[d":{},"c]":{}},"b":{":childNo...> but was:<...:childNodeCount":2,"[c":{},"d]":{}},"b":{":childNo...>]
org.junit.ComparisonFailure: expected:<...:childNodeCount":2,"[d":{},"c]":{}},"b":{":childNo...> but was:<...:childNodeCount":2,"[c":{},"d]":{}},"b":{":childNo...>    at org.junit.Assert.assertEquals(Assert.java:115)
    at org.junit.Assert.assertEquals(Assert.java:144)
    at org.apache.jackrabbit.mk.store.DefaultRevisionStoreTest.testRevisionHistory(DefaultRevisionStoreTest.java:102)
    at sun.reflect.NativeMethodAccessorImpl.invoke0(Native Method)
    at sun.reflect.NativeMethodAccessorImpl.invoke(NativeMethodAccessorImpl.java:62)
    at sun.reflect.DelegatingMethodAccessorImpl.invoke(DelegatingMethodAccessorImpl.java:43)

SLF4J: Class path contains multiple SLF4J bindings.
SLF4J: Found binding in [jar:file:/home/tdurieux/.m2/repository/org/slf4j/slf4j-nop/1.5.8/slf4j-nop-1.5.8.jar!/org/slf4j/impl/StaticLoggerBinder.class]
SLF4J: Found binding in [jar:file:/home/tdurieux/.m2/repository/ch/qos/logback/logback-classic/1.0.1/logback-classic-1.0.1.jar!/org/slf4j/impl/StaticLoggerBinder.class]
SLF4J: Found binding in [jar:file:/home/tdurieux/.m2/repository/org/slf4j/slf4j-simple/1.6.1/slf4j-simple-1.6.1.jar!/org/slf4j/impl/StaticLoggerBinder.class]
SLF4J: Found binding in [jar:file:/home/tdurieux/defects4j4repair/script/../repair_tools/nopol.jar!/org/slf4j/impl/StaticLoggerBinder.class]
SLF4J: See http://www.slf4j.org/codes.html#multiple_bindings for an explanation.
SLF4J: The requested version 1.5.8 by your slf4j binding is not compatible with [1.6]
SLF4J: See http://www.slf4j.org/codes.html#version_mismatch for further details.
org.junit.ComparisonFailure: expected:<+"/b":{"l":1[]}> but was:<+"/b":{"l":1[,"x":{"l":2,"y":{}}]}>
    at org.junit.Assert.assertEquals(Assert.java:115)
    at org.junit.Assert.assertEquals(Assert.java:144)
    at org.apache.jackrabbit.mk.MicroKernelImplTest.diffWithDepth(MicroKernelImplTest.java:72)
    at sun.reflect.NativeMethodAccessorImpl.invoke0(Native Method)
    at sun.reflect.NativeMethodAccessorImpl.invoke(NativeMethodAccessorImpl.java:62)
    at sun.reflect.DelegatingMethodAccessorImpl.invoke(DelegatingMethodAccessorImpl.java:43)
10:43:07.192 [pool-31-thread-1] INFO  f.i.l.c.t.SpecificationTestCasesListener - Tests run finished (826 ms)
<> Total tests run: 1
<> Ignored tests: 0
<> Failed tests: 1
~ diffWithDepth(org.apache.jackrabbit.mk.MicroKernelImplTest)
[expected:<+"/b":{"l":1[]}> but was:<+"/b":{"l":1[,"x":{"l":2,"y":{}}]}>]
org.junit.ComparisonFailure: expected:<+"/b":{"l":1[]}> but was:<+"/b":{"l":1[,"x":{"l":2,"y":{}}]}>    at org.junit.Assert.assertEquals(Assert.java:115)
    at org.junit.Assert.assertEquals(Assert.java:144)
    at org.apache.jackrabbit.mk.MicroKernelImplTest.diffWithDepth(MicroKernelImplTest.java:72)
    at sun.reflect.NativeMethodAccessorImpl.invoke0(Native Method)
    at sun.reflect.NativeMethodAccessorImpl.invoke(NativeMethodAccessorImpl.java:62)
    at sun.reflect.DelegatingMethodAccessorImpl.invoke(DelegatingMethodAccessorImpl.java:43)

org.junit.ComparisonFailure: expected:<...:childNodeCount":2,"[d":{},"c]":{}},"b":{":childNo...> but was:<...:childNodeCount":2,"[c":{},"d]":{}},"b":{":childNo...>
    at org.junit.Assert.assertEquals(Assert.java:115)
    at org.junit.Assert.assertEquals(Assert.java:144)
    at org.apache.jackrabbit.mk.store.DefaultRevisionStoreTest.testRevisionHistory(DefaultRevisionStoreTest.java:102)
    at sun.reflect.NativeMethodAccessorImpl.invoke0(Native Method)
    at sun.reflect.NativeMethodAccessorImpl.invoke(NativeMethodAccessorImpl.java:62)
    at sun.reflect.DelegatingMethodAccessorImpl.invoke(DelegatingMethodAccessorImpl.java:43)
10:43:07.212 [pool-32-thread-1] INFO  f.i.l.c.t.SpecificationTestCasesListener - Tests run finished (5 ms)
<> Total tests run: 1
<> Ignored tests: 0
<> Failed tests: 1
~ testRevisionHistory(org.apache.jackrabbit.mk.store.DefaultRevisionStoreTest)
[expected:<...:childNodeCount":2,"[d":{},"c]":{}},"b":{":childNo...> but was:<...:childNodeCount":2,"[c":{},"d]":{}},"b":{":childNo...>]
org.junit.ComparisonFailure: expected:<...:childNodeCount":2,"[d":{},"c]":{}},"b":{":childNo...> but was:<...:childNodeCount":2,"[c":{},"d]":{}},"b":{":childNo...>    at org.junit.Assert.assertEquals(Assert.java:115)
    at org.junit.Assert.assertEquals(Assert.java:144)
    at org.apache.jackrabbit.mk.store.DefaultRevisionStoreTest.testRevisionHistory(DefaultRevisionStoreTest.java:102)
    at sun.reflect.NativeMethodAccessorImpl.invoke0(Native Method)
    at sun.reflect.NativeMethodAccessorImpl.invoke(NativeMethodAccessorImpl.java:62)
    at sun.reflect.DelegatingMethodAccessorImpl.invoke(DelegatingMethodAccessorImpl.java:43)

org.junit.ComparisonFailure: expected:<+"/b":{"l":1[]}> but was:<+"/b":{"l":1[,"x":{"l":2,"y":{}}]}>
    at org.junit.Assert.assertEquals(Assert.java:115)
    at org.junit.Assert.assertEquals(Assert.java:144)
    at org.apache.jackrabbit.mk.MicroKernelImplTest.diffWithDepth(MicroKernelImplTest.java:72)
    at sun.reflect.NativeMethodAccessorImpl.invoke0(Native Method)
    at sun.reflect.NativeMethodAccessorImpl.invoke(NativeMethodAccessorImpl.java:62)
    at sun.reflect.DelegatingMethodAccessorImpl.invoke(DelegatingMethodAccessorImpl.java:43)
10:43:07.603 [pool-33-thread-1] INFO  f.i.l.c.t.SpecificationTestCasesListener - Tests run finished (390 ms)
<> Total tests run: 1
<> Ignored tests: 0
<> Failed tests: 1
~ diffWithDepth(org.apache.jackrabbit.mk.MicroKernelImplTest)
[expected:<+"/b":{"l":1[]}> but was:<+"/b":{"l":1[,"x":{"l":2,"y":{}}]}>]
org.junit.ComparisonFailure: expected:<+"/b":{"l":1[]}> but was:<+"/b":{"l":1[,"x":{"l":2,"y":{}}]}>    at org.junit.Assert.assertEquals(Assert.java:115)
    at org.junit.Assert.assertEquals(Assert.java:144)
    at org.apache.jackrabbit.mk.MicroKernelImplTest.diffWithDepth(MicroKernelImplTest.java:72)
    at sun.reflect.NativeMethodAccessorImpl.invoke0(Native Method)
    at sun.reflect.NativeMethodAccessorImpl.invoke(NativeMethodAccessorImpl.java:62)
    at sun.reflect.DelegatingMethodAccessorImpl.invoke(DelegatingMethodAccessorImpl.java:43)

org.junit.ComparisonFailure: expected:<...:childNodeCount":2,"[d":{},"c]":{}},"b":{":childNo...> but was:<...:childNodeCount":2,"[c":{},"d]":{}},"b":{":childNo...>
    at org.junit.Assert.assertEquals(Assert.java:115)
    at org.junit.Assert.assertEquals(Assert.java:144)
    at org.apache.jackrabbit.mk.store.DefaultRevisionStoreTest.testRevisionHistory(DefaultRevisionStoreTest.java:102)
    at sun.reflect.NativeMethodAccessorImpl.invoke0(Native Method)
    at sun.reflect.NativeMethodAccessorImpl.invoke(NativeMethodAccessorImpl.java:62)
    at sun.reflect.DelegatingMethodAccessorImpl.invoke(DelegatingMethodAccessorImpl.java:43)
10:43:07.606 [pool-34-thread-1] INFO  f.i.l.c.t.SpecificationTestCasesListener - Tests run finished (3 ms)
<> Total tests run: 1
<> Ignored tests: 0
<> Failed tests: 1
~ testRevisionHistory(org.apache.jackrabbit.mk.store.DefaultRevisionStoreTest)
[expected:<...:childNodeCount":2,"[d":{},"c]":{}},"b":{":childNo...> but was:<...:childNodeCount":2,"[c":{},"d]":{}},"b":{":childNo...>]
org.junit.ComparisonFailure: expected:<...:childNodeCount":2,"[d":{},"c]":{}},"b":{":childNo...> but was:<...:childNodeCount":2,"[c":{},"d]":{}},"b":{":childNo...>    at org.junit.Assert.assertEquals(Assert.java:115)
    at org.junit.Assert.assertEquals(Assert.java:144)
    at org.apache.jackrabbit.mk.store.DefaultRevisionStoreTest.testRevisionHistory(DefaultRevisionStoreTest.java:102)
    at sun.reflect.NativeMethodAccessorImpl.invoke0(Native Method)
    at sun.reflect.NativeMethodAccessorImpl.invoke(NativeMethodAccessorImpl.java:62)
    at sun.reflect.DelegatingMethodAccessorImpl.invoke(DelegatingMethodAccessorImpl.java:43)

10:43:07.608 [pool-27-thread-1] DEBUG tests.output - Failing tests with false: 
[diffWithDepth(org.apache.jackrabbit.mk.MicroKernelImplTest): expected:<+"/b":{"l":1[]}> but was:<+"/b":{"l":1[,"x":{"l":2,"y":{}}]}>, testRevisionHistory(org.apache.jackrabbit.mk.store.DefaultRevisionStoreTest): expected:<...:childNodeCount":2,"[d":{},"c]":{}},"b":{":childNo...> but was:<...:childNodeCount":2,"[c":{},"d]":{}},"b":{":childNo...>]
10:43:07.608 [pool-27-thread-1] DEBUG tests.output - Failing tests with true: 
[diffWithDepth(org.apache.jackrabbit.mk.MicroKernelImplTest): expected:<+"/b":{"l":1[]}> but was:<+"/b":{"l":1[,"x":{"l":2,"y":{}}]}>, testRevisionHistory(org.apache.jackrabbit.mk.store.DefaultRevisionStoreTest): expected:<...:childNodeCount":2,"[d":{},"c]":{}},"b":{":childNo...> but was:<...:childNodeCount":2,"[c":{},"d]":{}},"b":{":childNo...>]
10:43:07.609 [pool-27-thread-1] INFO  f.i.l.r.n.synth.SMTNopolSynthesizer - Not enough specifications: 0. A trivial patch is "true" or "false", please write new tests specifying SourceLocation org.apache.jackrabbit.mk.core.Repository:162.
10:43:07.609 [pool-2-thread-1] DEBUG fr.inria.lille.repair.nopol.NoPol - looking with class fr.inria.lille.repair.nopol.spoon.smt.ConditionalReplacer
SLF4J: Class path contains multiple SLF4J bindings.
SLF4J: Found binding in [jar:file:/home/tdurieux/.m2/repository/org/slf4j/slf4j-nop/1.5.8/slf4j-nop-1.5.8.jar!/org/slf4j/impl/StaticLoggerBinder.class]
SLF4J: Found binding in [jar:file:/home/tdurieux/.m2/repository/ch/qos/logback/logback-classic/1.0.1/logback-classic-1.0.1.jar!/org/slf4j/impl/StaticLoggerBinder.class]
SLF4J: Found binding in [jar:file:/home/tdurieux/.m2/repository/org/slf4j/slf4j-simple/1.6.1/slf4j-simple-1.6.1.jar!/org/slf4j/impl/StaticLoggerBinder.class]
SLF4J: Found binding in [jar:file:/home/tdurieux/defects4j4repair/script/../repair_tools/nopol.jar!/org/slf4j/impl/StaticLoggerBinder.class]
SLF4J: See http://www.slf4j.org/codes.html#multiple_bindings for an explanation.
SLF4J: The requested version 1.5.8 by your slf4j binding is not compatible with [1.6]
SLF4J: See http://www.slf4j.org/codes.html#version_mismatch for further details.
org.junit.ComparisonFailure: expected:<+"/b":{"l":1[]}> but was:<+"/b":{"l":1[,"x":{"l":2,"y":{}}]}>
    at org.junit.Assert.assertEquals(Assert.java:115)
    at org.junit.Assert.assertEquals(Assert.java:144)
    at org.apache.jackrabbit.mk.MicroKernelImplTest.diffWithDepth(MicroKernelImplTest.java:72)
    at sun.reflect.NativeMethodAccessorImpl.invoke0(Native Method)
    at sun.reflect.NativeMethodAccessorImpl.invoke(NativeMethodAccessorImpl.java:62)
    at sun.reflect.DelegatingMethodAccessorImpl.invoke(DelegatingMethodAccessorImpl.java:43)
org.junit.ComparisonFailure: expected:<...:childNodeCount":2,"[d":{},"c]":{}},"b":{":childNo...> but was:<...:childNodeCount":2,"[c":{},"d]":{}},"b":{":childNo...>
    at org.junit.Assert.assertEquals(Assert.java:115)
    at org.junit.Assert.assertEquals(Assert.java:144)
    at org.apache.jackrabbit.mk.store.DefaultRevisionStoreTest.testRevisionHistory(DefaultRevisionStoreTest.java:102)
    at sun.reflect.NativeMethodAccessorImpl.invoke0(Native Method)
    at sun.reflect.NativeMethodAccessorImpl.invoke(NativeMethodAccessorImpl.java:62)
    at sun.reflect.DelegatingMethodAccessorImpl.invoke(DelegatingMethodAccessorImpl.java:43)
10:43:10.466 [pool-36-thread-1] INFO  xxl.java.junit.TestCasesListener - Tests run finished (2849 ms)
<> Total tests run: 6
<> Ignored tests: 1
<> Failed tests: 2
~ diffWithDepth(org.apache.jackrabbit.mk.MicroKernelImplTest)
[expected:<+"/b":{"l":1[]}> but was:<+"/b":{"l":1[,"x":{"l":2,"y":{}}]}>]
org.junit.ComparisonFailure: expected:<+"/b":{"l":1[]}> but was:<+"/b":{"l":1[,"x":{"l":2,"y":{}}]}>    at org.junit.Assert.assertEquals(Assert.java:115)
    at org.junit.Assert.assertEquals(Assert.java:144)
    at org.apache.jackrabbit.mk.MicroKernelImplTest.diffWithDepth(MicroKernelImplTest.java:72)
    at sun.reflect.NativeMethodAccessorImpl.invoke0(Native Method)
    at sun.reflect.NativeMethodAccessorImpl.invoke(NativeMethodAccessorImpl.java:62)
    at sun.reflect.DelegatingMethodAccessorImpl.invoke(DelegatingMethodAccessorImpl.java:43)
~ testRevisionHistory(org.apache.jackrabbit.mk.store.DefaultRevisionStoreTest)
[expected:<...:childNodeCount":2,"[d":{},"c]":{}},"b":{":childNo...> but was:<...:childNodeCount":2,"[c":{},"d]":{}},"b":{":childNo...>]
org.junit.ComparisonFailure: expected:<...:childNodeCount":2,"[d":{},"c]":{}},"b":{":childNo...> but was:<...:childNodeCount":2,"[c":{},"d]":{}},"b":{":childNo...>    at org.junit.Assert.assertEquals(Assert.java:115)
    at org.junit.Assert.assertEquals(Assert.java:144)
    at org.apache.jackrabbit.mk.store.DefaultRevisionStoreTest.testRevisionHistory(DefaultRevisionStoreTest.java:102)
    at sun.reflect.NativeMethodAccessorImpl.invoke0(Native Method)
    at sun.reflect.NativeMethodAccessorImpl.invoke(NativeMethodAccessorImpl.java:62)
    at sun.reflect.DelegatingMethodAccessorImpl.invoke(DelegatingMethodAccessorImpl.java:43)

SLF4J: Class path contains multiple SLF4J bindings.
SLF4J: Found binding in [jar:file:/home/tdurieux/.m2/repository/org/slf4j/slf4j-nop/1.5.8/slf4j-nop-1.5.8.jar!/org/slf4j/impl/StaticLoggerBinder.class]
SLF4J: Found binding in [jar:file:/home/tdurieux/.m2/repository/ch/qos/logback/logback-classic/1.0.1/logback-classic-1.0.1.jar!/org/slf4j/impl/StaticLoggerBinder.class]
SLF4J: Found binding in [jar:file:/home/tdurieux/.m2/repository/org/slf4j/slf4j-simple/1.6.1/slf4j-simple-1.6.1.jar!/org/slf4j/impl/StaticLoggerBinder.class]
SLF4J: Found binding in [jar:file:/home/tdurieux/defects4j4repair/script/../repair_tools/nopol.jar!/org/slf4j/impl/StaticLoggerBinder.class]
SLF4J: See http://www.slf4j.org/codes.html#multiple_bindings for an explanation.
SLF4J: The requested version 1.5.8 by your slf4j binding is not compatible with [1.6]
SLF4J: See http://www.slf4j.org/codes.html#version_mismatch for further details.
org.junit.ComparisonFailure: expected:<+"/b":{"l":1[]}> but was:<+"/b":{"l":1[,"x":{"l":2,"y":{}}]}>
    at org.junit.Assert.assertEquals(Assert.java:115)
    at org.junit.Assert.assertEquals(Assert.java:144)
    at org.apache.jackrabbit.mk.MicroKernelImplTest.diffWithDepth(MicroKernelImplTest.java:72)
    at sun.reflect.NativeMethodAccessorImpl.invoke0(Native Method)
    at sun.reflect.NativeMethodAccessorImpl.invoke(NativeMethodAccessorImpl.java:62)
    at sun.reflect.DelegatingMethodAccessorImpl.invoke(DelegatingMethodAccessorImpl.java:43)
10:43:11.457 [pool-39-thread-1] INFO  f.i.l.c.t.SpecificationTestCasesListener - Tests run finished (671 ms)
<> Total tests run: 1
<> Ignored tests: 0
<> Failed tests: 1
~ diffWithDepth(org.apache.jackrabbit.mk.MicroKernelImplTest)
[expected:<+"/b":{"l":1[]}> but was:<+"/b":{"l":1[,"x":{"l":2,"y":{}}]}>]
org.junit.ComparisonFailure: expected:<+"/b":{"l":1[]}> but was:<+"/b":{"l":1[,"x":{"l":2,"y":{}}]}>    at org.junit.Assert.assertEquals(Assert.java:115)
    at org.junit.Assert.assertEquals(Assert.java:144)
    at org.apache.jackrabbit.mk.MicroKernelImplTest.diffWithDepth(MicroKernelImplTest.java:72)
    at sun.reflect.NativeMethodAccessorImpl.invoke0(Native Method)
    at sun.reflect.NativeMethodAccessorImpl.invoke(NativeMethodAccessorImpl.java:62)
    at sun.reflect.DelegatingMethodAccessorImpl.invoke(DelegatingMethodAccessorImpl.java:43)

org.junit.ComparisonFailure: expected:<...:childNodeCount":2,"[d":{},"c]":{}},"b":{":childNo...> but was:<...:childNodeCount":2,"[c":{},"d]":{}},"b":{":childNo...>
    at org.junit.Assert.assertEquals(Assert.java:115)
    at org.junit.Assert.assertEquals(Assert.java:144)
    at org.apache.jackrabbit.mk.store.DefaultRevisionStoreTest.testRevisionHistory(DefaultRevisionStoreTest.java:102)
    at sun.reflect.NativeMethodAccessorImpl.invoke0(Native Method)
    at sun.reflect.NativeMethodAccessorImpl.invoke(NativeMethodAccessorImpl.java:62)
    at sun.reflect.DelegatingMethodAccessorImpl.invoke(DelegatingMethodAccessorImpl.java:43)
10:43:11.464 [pool-40-thread-1] INFO  f.i.l.c.t.SpecificationTestCasesListener - Tests run finished (4 ms)
<> Total tests run: 1
<> Ignored tests: 0
<> Failed tests: 1
~ testRevisionHistory(org.apache.jackrabbit.mk.store.DefaultRevisionStoreTest)
[expected:<...:childNodeCount":2,"[d":{},"c]":{}},"b":{":childNo...> but was:<...:childNodeCount":2,"[c":{},"d]":{}},"b":{":childNo...>]
org.junit.ComparisonFailure: expected:<...:childNodeCount":2,"[d":{},"c]":{}},"b":{":childNo...> but was:<...:childNodeCount":2,"[c":{},"d]":{}},"b":{":childNo...>    at org.junit.Assert.assertEquals(Assert.java:115)
    at org.junit.Assert.assertEquals(Assert.java:144)
    at org.apache.jackrabbit.mk.store.DefaultRevisionStoreTest.testRevisionHistory(DefaultRevisionStoreTest.java:102)
    at sun.reflect.NativeMethodAccessorImpl.invoke0(Native Method)
    at sun.reflect.NativeMethodAccessorImpl.invoke(NativeMethodAccessorImpl.java:62)
    at sun.reflect.DelegatingMethodAccessorImpl.invoke(DelegatingMethodAccessorImpl.java:43)

org.apache.jackrabbit.mk.api.MicroKernelException: java.lang.IllegalStateException: not initialized
    at org.apache.jackrabbit.mk.core.MicroKernelImpl.diff(MicroKernelImpl.java:313)
    at org.apache.jackrabbit.mk.MicroKernelImplTest.diffWithDepth(MicroKernelImplTest.java:72)
    at sun.reflect.NativeMethodAccessorImpl.invoke0(Native Method)
    at sun.reflect.NativeMethodAccessorImpl.invoke(NativeMethodAccessorImpl.java:62)
    at sun.reflect.DelegatingMethodAccessorImpl.invoke(DelegatingMethodAccessorImpl.java:43)
    at java.lang.reflect.Method.invoke(Method.java:498)
10:43:11.852 [pool-41-thread-1] INFO  f.i.l.c.t.SpecificationTestCasesListener - Tests run finished (387 ms)
<> Total tests run: 1
<> Ignored tests: 0
<> Failed tests: 1
~ diffWithDepth(org.apache.jackrabbit.mk.MicroKernelImplTest)
[java.lang.IllegalStateException: not initialized]
org.apache.jackrabbit.mk.api.MicroKernelException: java.lang.IllegalStateException: not initialized    at org.apache.jackrabbit.mk.core.MicroKernelImpl.diff(MicroKernelImpl.java:313)
    at org.apache.jackrabbit.mk.MicroKernelImplTest.diffWithDepth(MicroKernelImplTest.java:72)
    at sun.reflect.NativeMethodAccessorImpl.invoke0(Native Method)
    at sun.reflect.NativeMethodAccessorImpl.invoke(NativeMethodAccessorImpl.java:62)
    at sun.reflect.DelegatingMethodAccessorImpl.invoke(DelegatingMethodAccessorImpl.java:43)
    at java.lang.reflect.Method.invoke(Method.java:498)

org.apache.jackrabbit.mk.api.MicroKernelException: java.lang.IllegalStateException: not initialized
    at org.apache.jackrabbit.mk.core.MicroKernelImpl.getNodes(MicroKernelImpl.java:384)
    at org.apache.jackrabbit.mk.store.DefaultRevisionStoreTest.testRevisionHistory(DefaultRevisionStoreTest.java:97)
    at sun.reflect.NativeMethodAccessorImpl.invoke0(Native Method)
    at sun.reflect.NativeMethodAccessorImpl.invoke(NativeMethodAccessorImpl.java:62)
    at sun.reflect.DelegatingMethodAccessorImpl.invoke(DelegatingMethodAccessorImpl.java:43)
    at java.lang.reflect.Method.invoke(Method.java:498)
10:43:11.855 [pool-42-thread-1] INFO  f.i.l.c.t.SpecificationTestCasesListener - Tests run finished (2 ms)
<> Total tests run: 1
<> Ignored tests: 0
<> Failed tests: 1
~ testRevisionHistory(org.apache.jackrabbit.mk.store.DefaultRevisionStoreTest)
[java.lang.IllegalStateException: not initialized]
org.apache.jackrabbit.mk.api.MicroKernelException: java.lang.IllegalStateException: not initialized    at org.apache.jackrabbit.mk.core.MicroKernelImpl.getNodes(MicroKernelImpl.java:384)
    at org.apache.jackrabbit.mk.store.DefaultRevisionStoreTest.testRevisionHistory(DefaultRevisionStoreTest.java:97)
    at sun.reflect.NativeMethodAccessorImpl.invoke0(Native Method)
    at sun.reflect.NativeMethodAccessorImpl.invoke(NativeMethodAccessorImpl.java:62)
    at sun.reflect.DelegatingMethodAccessorImpl.invoke(DelegatingMethodAccessorImpl.java:43)
    at java.lang.reflect.Method.invoke(Method.java:498)

10:43:11.860 [pool-35-thread-1] DEBUG tests.output - Failing tests with false: 
[diffWithDepth(org.apache.jackrabbit.mk.MicroKernelImplTest): expected:<+"/b":{"l":1[]}> but was:<+"/b":{"l":1[,"x":{"l":2,"y":{}}]}>, testRevisionHistory(org.apache.jackrabbit.mk.store.DefaultRevisionStoreTest): expected:<...:childNodeCount":2,"[d":{},"c]":{}},"b":{":childNo...> but was:<...:childNodeCount":2,"[c":{},"d]":{}},"b":{":childNo...>]
10:43:11.860 [pool-35-thread-1] DEBUG tests.output - Failing tests with true: 
[diffWithDepth(org.apache.jackrabbit.mk.MicroKernelImplTest): java.lang.IllegalStateException: not initialized, testRevisionHistory(org.apache.jackrabbit.mk.store.DefaultRevisionStoreTest): java.lang.IllegalStateException: not initialized]
10:43:11.860 [pool-35-thread-1] INFO  f.i.l.r.n.synth.SMTNopolSynthesizer - Not enough specifications: 0. A trivial patch is "true" or "false", please write new tests specifying SourceLocation org.apache.jackrabbit.mk.core.Repository:162.
10:43:11.860 [pool-2-thread-1] DEBUG fr.inria.lille.repair.nopol.NoPol - statement #20
10:43:11.860 [pool-2-thread-1] DEBUG fr.inria.lille.repair.nopol.NoPol - Analysing SourceLocation org.apache.jackrabbit.mk.store.StoredNodeAsState:139 which is executed by 3 tests
1790659419
10:43:12.030 [pool-2-thread-1] DEBUG fr.inria.lille.repair.nopol.NoPol - looking with class fr.inria.lille.repair.nopol.spoon.smt.ConditionalAdder
SLF4J: Class path contains multiple SLF4J bindings.
SLF4J: Found binding in [jar:file:/home/tdurieux/.m2/repository/org/slf4j/slf4j-nop/1.5.8/slf4j-nop-1.5.8.jar!/org/slf4j/impl/StaticLoggerBinder.class]
SLF4J: Found binding in [jar:file:/home/tdurieux/.m2/repository/ch/qos/logback/logback-classic/1.0.1/logback-classic-1.0.1.jar!/org/slf4j/impl/StaticLoggerBinder.class]
SLF4J: Found binding in [jar:file:/home/tdurieux/.m2/repository/org/slf4j/slf4j-simple/1.6.1/slf4j-simple-1.6.1.jar!/org/slf4j/impl/StaticLoggerBinder.class]
SLF4J: Found binding in [jar:file:/home/tdurieux/defects4j4repair/script/../repair_tools/nopol.jar!/org/slf4j/impl/StaticLoggerBinder.class]
SLF4J: See http://www.slf4j.org/codes.html#multiple_bindings for an explanation.
SLF4J: The requested version 1.5.8 by your slf4j binding is not compatible with [1.6]
SLF4J: See http://www.slf4j.org/codes.html#version_mismatch for further details.
org.junit.ComparisonFailure: expected:<+"/b":{"l":1[]}> but was:<+"/b":{"l":1[,"x":{"l":2,"y":{}}]}>
    at org.junit.Assert.assertEquals(Assert.java:115)
    at org.junit.Assert.assertEquals(Assert.java:144)
    at org.apache.jackrabbit.mk.MicroKernelImplTest.diffWithDepth(MicroKernelImplTest.java:72)
    at sun.reflect.NativeMethodAccessorImpl.invoke0(Native Method)
    at sun.reflect.NativeMethodAccessorImpl.invoke(NativeMethodAccessorImpl.java:62)
    at sun.reflect.DelegatingMethodAccessorImpl.invoke(DelegatingMethodAccessorImpl.java:43)
org.junit.ComparisonFailure: expected:<...:childNodeCount":2,"[d":{},"c]":{}},"b":{":childNo...> but was:<...:childNodeCount":2,"[c":{},"d]":{}},"b":{":childNo...>
    at org.junit.Assert.assertEquals(Assert.java:115)
    at org.junit.Assert.assertEquals(Assert.java:144)
    at org.apache.jackrabbit.mk.store.DefaultRevisionStoreTest.testRevisionHistory(DefaultRevisionStoreTest.java:102)
    at sun.reflect.NativeMethodAccessorImpl.invoke0(Native Method)
    at sun.reflect.NativeMethodAccessorImpl.invoke(NativeMethodAccessorImpl.java:62)
    at sun.reflect.DelegatingMethodAccessorImpl.invoke(DelegatingMethodAccessorImpl.java:43)
org.apache.jackrabbit.mk.api.MicroKernelException: java.util.concurrent.ExecutionException: org.apache.jackrabbit.mk.store.NotFoundException: 87a85b5224aa7bfe080d560aaa0112ad4f28829b
    at org.apache.jackrabbit.mk.core.MicroKernelImpl.commit(MicroKernelImpl.java:506)
    at org.apache.jackrabbit.mk.store.DefaultRevisionStoreTest.testConcurrentGC(DefaultRevisionStoreTest.java:156)
    at sun.reflect.NativeMethodAccessorImpl.invoke0(Native Method)
    at sun.reflect.NativeMethodAccessorImpl.invoke(NativeMethodAccessorImpl.java:62)
    at sun.reflect.DelegatingMethodAccessorImpl.invoke(DelegatingMethodAccessorImpl.java:43)
    at java.lang.reflect.Method.invoke(Method.java:498)
10:43:14.285 [pool-44-thread-1] INFO  xxl.java.junit.TestCasesListener - Tests run finished (2246 ms)
<> Total tests run: 6
<> Ignored tests: 1
<> Failed tests: 3
~ diffWithDepth(org.apache.jackrabbit.mk.MicroKernelImplTest)
[expected:<+"/b":{"l":1[]}> but was:<+"/b":{"l":1[,"x":{"l":2,"y":{}}]}>]
org.junit.ComparisonFailure: expected:<+"/b":{"l":1[]}> but was:<+"/b":{"l":1[,"x":{"l":2,"y":{}}]}>    at org.junit.Assert.assertEquals(Assert.java:115)
    at org.junit.Assert.assertEquals(Assert.java:144)
    at org.apache.jackrabbit.mk.MicroKernelImplTest.diffWithDepth(MicroKernelImplTest.java:72)
    at sun.reflect.NativeMethodAccessorImpl.invoke0(Native Method)
    at sun.reflect.NativeMethodAccessorImpl.invoke(NativeMethodAccessorImpl.java:62)
    at sun.reflect.DelegatingMethodAccessorImpl.invoke(DelegatingMethodAccessorImpl.java:43)
~ testRevisionHistory(org.apache.jackrabbit.mk.store.DefaultRevisionStoreTest)
[expected:<...:childNodeCount":2,"[d":{},"c]":{}},"b":{":childNo...> but was:<...:childNodeCount":2,"[c":{},"d]":{}},"b":{":childNo...>]
org.junit.ComparisonFailure: expected:<...:childNodeCount":2,"[d":{},"c]":{}},"b":{":childNo...> but was:<...:childNodeCount":2,"[c":{},"d]":{}},"b":{":childNo...>    at org.junit.Assert.assertEquals(Assert.java:115)
    at org.junit.Assert.assertEquals(Assert.java:144)
    at org.apache.jackrabbit.mk.store.DefaultRevisionStoreTest.testRevisionHistory(DefaultRevisionStoreTest.java:102)
    at sun.reflect.NativeMethodAccessorImpl.invoke0(Native Method)
    at sun.reflect.NativeMethodAccessorImpl.invoke(NativeMethodAccessorImpl.java:62)
    at sun.reflect.DelegatingMethodAccessorImpl.invoke(DelegatingMethodAccessorImpl.java:43)
~ testConcurrentGC(org.apache.jackrabbit.mk.store.DefaultRevisionStoreTest)
[java.util.concurrent.ExecutionException: org.apache.jackrabbit.mk.store.NotFoundException: 87a85b5224aa7bfe080d560aaa0112ad4f28829b]
org.apache.jackrabbit.mk.api.MicroKernelException: java.util.concurrent.ExecutionException: org.apache.jackrabbit.mk.store.NotFoundException: 87a85b5224aa7bfe080d560aaa0112ad4f28829b    at org.apache.jackrabbit.mk.core.MicroKernelImpl.commit(MicroKernelImpl.java:506)
    at org.apache.jackrabbit.mk.store.DefaultRevisionStoreTest.testConcurrentGC(DefaultRevisionStoreTest.java:156)
    at sun.reflect.NativeMethodAccessorImpl.invoke0(Native Method)
    at sun.reflect.NativeMethodAccessorImpl.invoke(NativeMethodAccessorImpl.java:62)
    at sun.reflect.DelegatingMethodAccessorImpl.invoke(DelegatingMethodAccessorImpl.java:43)
    at java.lang.reflect.Method.invoke(Method.java:498)

10:43:14.603 [pool-43-thread-1] ERROR x.java.compiler.DynamicClassCompiler - [Compilation errors]
StoredNodeAsState.java:147: error: missing return statement
    }
    ^
10:43:14.621 [pool-43-thread-1] ERROR f.i.l.r.n.s.ConstraintModelBuilder - Unable to compile the change: 
class StoredNodeAsState extends org.apache.jackrabbit.mk.model.tree.AbstractNodeState {
    private final org.apache.jackrabbit.mk.model.StoredNode node;

    private final org.apache.jackrabbit.mk.store.RevisionProvider provider;

    public StoredNodeAsState(org.apache.jackrabbit.mk.model.StoredNode node, org.apache.jackrabbit.mk.store.RevisionProvider provider) {
        this.node = node;
        this.provider = provider;
    }

    org.apache.jackrabbit.mk.model.Id getId() {
        return node.getId();
    }

    org.apache.jackrabbit.mk.model.StoredNode unwrap() {
        return node;
    }

    private static class SimplePropertyState extends org.apache.jackrabbit.mk.model.tree.AbstractPropertyState {
        private final java.lang.String name;

        private final java.lang.String value;

        public SimplePropertyState(java.lang.String name, java.lang.String value) {
            this.name = name;
            this.value = value;
        }

        @java.lang.Override
        public java.lang.String getName() {
            return name;
        }

        @java.lang.Override
        public java.lang.String getEncodedValue() {
            return value;
        }
    }

    @java.lang.Override
    public org.apache.jackrabbit.mk.model.tree.PropertyState getProperty(java.lang.String name) {
        java.lang.String value = node.getProperties().get(name);
        if (value != null) {
            return new org.apache.jackrabbit.mk.store.StoredNodeAsState.SimplePropertyState(name, value);
        }else {
            return null;
        }
    }

    @java.lang.Override
    public long getPropertyCount() {
        return node.getProperties().size();
    }

    @java.lang.Override
    public java.lang.Iterable<org.apache.jackrabbit.mk.model.tree.PropertyState> getProperties() {
        return new java.lang.Iterable<org.apache.jackrabbit.mk.model.tree.PropertyState>() {
            @java.lang.Override
            public java.util.Iterator<org.apache.jackrabbit.mk.model.tree.PropertyState> iterator() {
                final java.util.Iterator<java.util.Map.Entry<java.lang.String, java.lang.String>> iterator = node.getProperties().entrySet().iterator();
                return new java.util.Iterator<org.apache.jackrabbit.mk.model.tree.PropertyState>() {
                    @java.lang.Override
                    public boolean hasNext() {
                        return iterator.hasNext();
                    }

                    @java.lang.Override
                    public org.apache.jackrabbit.mk.model.tree.PropertyState next() {
                        java.util.Map.Entry<java.lang.String, java.lang.String> entry = iterator.next();
                        return new org.apache.jackrabbit.mk.store.StoredNodeAsState.SimplePropertyState(entry.getKey(), entry.getValue());
                    }

                    @java.lang.Override
                    public void remove() {
                        throw new java.lang.UnsupportedOperationException();
                    }
                };
            }
        };
    }

    @java.lang.Override
    public org.apache.jackrabbit.mk.model.tree.NodeState getChildNode(java.lang.String name) {
        org.apache.jackrabbit.mk.model.ChildNodeEntry entry = node.getChildNodeEntry(name);
        if (entry != null) {
            return getChildNodeEntry(entry).getNode();
        }else {
            return null;
        }
    }

    @java.lang.Override
    public long getChildNodeCount() {
        return node.getChildNodeCount();
    }

    @java.lang.Override
    public java.lang.Iterable<org.apache.jackrabbit.mk.model.tree.ChildNode> getChildNodeEntries(final long offset, final int count) {
        if (count < (-1)) {
            throw new java.lang.IllegalArgumentException(("Illegal count: " + count));
        }else
            if (offset > (java.lang.Integer.MAX_VALUE)) {
                return java.util.Collections.emptyList();
            }else {
                boolean spoonDefaultValue = false;
                try {
                    spoonDefaultValue = true;
                } catch (java.lang.Exception __NopolProcessorException) {
                }
                boolean runtimeAngelicValue = fr.inria.lille.repair.nopol.synth.AngelicExecution.angelicValue(spoonDefaultValue);
                if (fr.inria.lille.commons.trace.RuntimeValues.instance(5).isEnabled()) {
                    fr.inria.lille.commons.trace.RuntimeValues.instance(5).collectionStarts();
                    try{fr.inria.lille.commons.trace.RuntimeValues.instance(5).collectInput("count",count);} catch (Exception ex1) {ex1.printStackTrace();};
                    try{fr.inria.lille.commons.trace.RuntimeValues.instance(5).collectInput("org.apache.jackrabbit.mk.store.StoredNodeAsState.this.node",org.apache.jackrabbit.mk.store.StoredNodeAsState.this.node);} catch (Exception ex1) {ex1.printStackTrace();};
                    try{fr.inria.lille.commons.trace.RuntimeValues.instance(5).collectInput("offset",offset);} catch (Exception ex1) {ex1.printStackTrace();};
                    try{fr.inria.lille.commons.trace.RuntimeValues.instance(5).collectInput("org.apache.jackrabbit.mk.store.StoredNodeAsState.this.provider",org.apache.jackrabbit.mk.store.StoredNodeAsState.this.provider);} catch (Exception ex1) {ex1.printStackTrace();};
                    fr.inria.lille.commons.trace.RuntimeValues.instance(5).collectOutput(runtimeAngelicValue);
                    fr.inria.lille.commons.trace.RuntimeValues.instance(5).collectionEnds();
                }
                if (runtimeAngelicValue)
                    return new java.lang.Iterable<org.apache.jackrabbit.mk.model.tree.ChildNode>() {
                        @java.lang.Override
                        public java.util.Iterator<org.apache.jackrabbit.mk.model.tree.ChildNode> iterator() {
                            final java.util.Iterator<org.apache.jackrabbit.mk.model.ChildNodeEntry> iterator = node.getChildNodeEntries(((int) (offset)), count);
                            return new java.util.Iterator<org.apache.jackrabbit.mk.model.tree.ChildNode>() {
                                @java.lang.Override
                                public boolean hasNext() {
                                    return iterator.hasNext();
                                }

                                @java.lang.Override
                                public org.apache.jackrabbit.mk.model.tree.ChildNode next() {
                                    return getChildNodeEntry(iterator.next());
                                }

                                @java.lang.Override
                                public void remove() {
                                    throw new java.lang.UnsupportedOperationException();
                                }
                            };
                        }
                    };

            }

    }

    private org.apache.jackrabbit.mk.model.tree.ChildNode getChildNodeEntry(final org.apache.jackrabbit.mk.model.ChildNodeEntry entry) {
        return new org.apache.jackrabbit.mk.model.tree.AbstractChildNode() {
            @java.lang.Override
            public java.lang.String getName() {
                return entry.getName();
            }

            @java.lang.Override
            public org.apache.jackrabbit.mk.model.tree.NodeState getNode() {
                try {
                    org.apache.jackrabbit.mk.model.StoredNode child = provider.getNode(entry.getId());
                    return new org.apache.jackrabbit.mk.store.StoredNodeAsState(child, provider);
                } catch (java.lang.Exception e) {
                    throw new java.lang.RuntimeException("Unexpected error", e);
                }
            }
        };
    }

    @java.lang.Override
    public boolean equals(java.lang.Object that) {
        if (that instanceof org.apache.jackrabbit.mk.store.StoredNodeAsState) {
            org.apache.jackrabbit.mk.store.StoredNodeAsState other = ((org.apache.jackrabbit.mk.store.StoredNodeAsState) (that));
            if (((provider) == (other.provider)) && (node.getId().equals(other.node.getId()))) {
                return true;
            }
        }
        return super.equals(that);
    }
}
10:43:14.621 [pool-2-thread-1] ERROR fr.inria.lille.repair.nopol.NoPol - Error ExecutionException java.util.concurrent.ExecutionException: xxl.java.compiler.DynamicCompilationException: Aborting: dynamic compilation failed
10:43:14.621 [pool-2-thread-1] DEBUG fr.inria.lille.repair.nopol.NoPol - statement #21
10:43:14.621 [pool-2-thread-1] DEBUG fr.inria.lille.repair.nopol.NoPol - Analysing SourceLocation org.apache.jackrabbit.mk.store.StoredNodeAsState:136 which is executed by 3 tests
1790659419
10:43:14.784 [pool-2-thread-1] DEBUG fr.inria.lille.repair.nopol.NoPol - looking with class fr.inria.lille.repair.nopol.spoon.smt.ConditionalAdder
SLF4J: Class path contains multiple SLF4J bindings.
SLF4J: Found binding in [jar:file:/home/tdurieux/.m2/repository/org/slf4j/slf4j-nop/1.5.8/slf4j-nop-1.5.8.jar!/org/slf4j/impl/StaticLoggerBinder.class]
SLF4J: Found binding in [jar:file:/home/tdurieux/.m2/repository/ch/qos/logback/logback-classic/1.0.1/logback-classic-1.0.1.jar!/org/slf4j/impl/StaticLoggerBinder.class]
SLF4J: Found binding in [jar:file:/home/tdurieux/.m2/repository/org/slf4j/slf4j-simple/1.6.1/slf4j-simple-1.6.1.jar!/org/slf4j/impl/StaticLoggerBinder.class]
SLF4J: Found binding in [jar:file:/home/tdurieux/defects4j4repair/script/../repair_tools/nopol.jar!/org/slf4j/impl/StaticLoggerBinder.class]
SLF4J: See http://www.slf4j.org/codes.html#multiple_bindings for an explanation.
SLF4J: The requested version 1.5.8 by your slf4j binding is not compatible with [1.6]
SLF4J: See http://www.slf4j.org/codes.html#version_mismatch for further details.
org.junit.ComparisonFailure: expected:<+"/b":{"l":1[]}> but was:<+"/b":{"l":1[,"x":{"l":2,"y":{}}]}>
    at org.junit.Assert.assertEquals(Assert.java:115)
    at org.junit.Assert.assertEquals(Assert.java:144)
    at org.apache.jackrabbit.mk.MicroKernelImplTest.diffWithDepth(MicroKernelImplTest.java:72)
    at sun.reflect.NativeMethodAccessorImpl.invoke0(Native Method)
    at sun.reflect.NativeMethodAccessorImpl.invoke(NativeMethodAccessorImpl.java:62)
    at sun.reflect.DelegatingMethodAccessorImpl.invoke(DelegatingMethodAccessorImpl.java:43)
org.junit.ComparisonFailure: expected:<...:childNodeCount":2,"[d":{},"c]":{}},"b":{":childNo...> but was:<...:childNodeCount":2,"[c":{},"d]":{}},"b":{":childNo...>
    at org.junit.Assert.assertEquals(Assert.java:115)
    at org.junit.Assert.assertEquals(Assert.java:144)
    at org.apache.jackrabbit.mk.store.DefaultRevisionStoreTest.testRevisionHistory(DefaultRevisionStoreTest.java:102)
    at sun.reflect.NativeMethodAccessorImpl.invoke0(Native Method)
    at sun.reflect.NativeMethodAccessorImpl.invoke(NativeMethodAccessorImpl.java:62)
    at sun.reflect.DelegatingMethodAccessorImpl.invoke(DelegatingMethodAccessorImpl.java:43)
10:43:17.342 [pool-48-thread-1] INFO  xxl.java.junit.TestCasesListener - Tests run finished (2547 ms)
<> Total tests run: 6
<> Ignored tests: 1
<> Failed tests: 2
~ diffWithDepth(org.apache.jackrabbit.mk.MicroKernelImplTest)
[expected:<+"/b":{"l":1[]}> but was:<+"/b":{"l":1[,"x":{"l":2,"y":{}}]}>]
org.junit.ComparisonFailure: expected:<+"/b":{"l":1[]}> but was:<+"/b":{"l":1[,"x":{"l":2,"y":{}}]}>    at org.junit.Assert.assertEquals(Assert.java:115)
    at org.junit.Assert.assertEquals(Assert.java:144)
    at org.apache.jackrabbit.mk.MicroKernelImplTest.diffWithDepth(MicroKernelImplTest.java:72)
    at sun.reflect.NativeMethodAccessorImpl.invoke0(Native Method)
    at sun.reflect.NativeMethodAccessorImpl.invoke(NativeMethodAccessorImpl.java:62)
    at sun.reflect.DelegatingMethodAccessorImpl.invoke(DelegatingMethodAccessorImpl.java:43)
~ testRevisionHistory(org.apache.jackrabbit.mk.store.DefaultRevisionStoreTest)
[expected:<...:childNodeCount":2,"[d":{},"c]":{}},"b":{":childNo...> but was:<...:childNodeCount":2,"[c":{},"d]":{}},"b":{":childNo...>]
org.junit.ComparisonFailure: expected:<...:childNodeCount":2,"[d":{},"c]":{}},"b":{":childNo...> but was:<...:childNodeCount":2,"[c":{},"d]":{}},"b":{":childNo...>    at org.junit.Assert.assertEquals(Assert.java:115)
    at org.junit.Assert.assertEquals(Assert.java:144)
    at org.apache.jackrabbit.mk.store.DefaultRevisionStoreTest.testRevisionHistory(DefaultRevisionStoreTest.java:102)
    at sun.reflect.NativeMethodAccessorImpl.invoke0(Native Method)
    at sun.reflect.NativeMethodAccessorImpl.invoke(NativeMethodAccessorImpl.java:62)
    at sun.reflect.DelegatingMethodAccessorImpl.invoke(DelegatingMethodAccessorImpl.java:43)

10:43:17.710 [pool-47-thread-1] ERROR x.java.compiler.DynamicClassCompiler - [Compilation errors]
StoredNodeAsState.java:146: error: missing return statement
    }
    ^
10:43:17.736 [pool-47-thread-1] ERROR f.i.l.r.n.s.ConstraintModelBuilder - Unable to compile the change: 
class StoredNodeAsState extends org.apache.jackrabbit.mk.model.tree.AbstractNodeState {
    private final org.apache.jackrabbit.mk.model.StoredNode node;

    private final org.apache.jackrabbit.mk.store.RevisionProvider provider;

    public StoredNodeAsState(org.apache.jackrabbit.mk.model.StoredNode node, org.apache.jackrabbit.mk.store.RevisionProvider provider) {
        this.node = node;
        this.provider = provider;
    }

    org.apache.jackrabbit.mk.model.Id getId() {
        return node.getId();
    }

    org.apache.jackrabbit.mk.model.StoredNode unwrap() {
        return node;
    }

    private static class SimplePropertyState extends org.apache.jackrabbit.mk.model.tree.AbstractPropertyState {
        private final java.lang.String name;

        private final java.lang.String value;

        public SimplePropertyState(java.lang.String name, java.lang.String value) {
            this.name = name;
            this.value = value;
        }

        @java.lang.Override
        public java.lang.String getName() {
            return name;
        }

        @java.lang.Override
        public java.lang.String getEncodedValue() {
            return value;
        }
    }

    @java.lang.Override
    public org.apache.jackrabbit.mk.model.tree.PropertyState getProperty(java.lang.String name) {
        java.lang.String value = node.getProperties().get(name);
        if (value != null) {
            return new org.apache.jackrabbit.mk.store.StoredNodeAsState.SimplePropertyState(name, value);
        }else {
            return null;
        }
    }

    @java.lang.Override
    public long getPropertyCount() {
        return node.getProperties().size();
    }

    @java.lang.Override
    public java.lang.Iterable<org.apache.jackrabbit.mk.model.tree.PropertyState> getProperties() {
        return new java.lang.Iterable<org.apache.jackrabbit.mk.model.tree.PropertyState>() {
            @java.lang.Override
            public java.util.Iterator<org.apache.jackrabbit.mk.model.tree.PropertyState> iterator() {
                final java.util.Iterator<java.util.Map.Entry<java.lang.String, java.lang.String>> iterator = node.getProperties().entrySet().iterator();
                return new java.util.Iterator<org.apache.jackrabbit.mk.model.tree.PropertyState>() {
                    @java.lang.Override
                    public boolean hasNext() {
                        return iterator.hasNext();
                    }

                    @java.lang.Override
                    public org.apache.jackrabbit.mk.model.tree.PropertyState next() {
                        java.util.Map.Entry<java.lang.String, java.lang.String> entry = iterator.next();
                        return new org.apache.jackrabbit.mk.store.StoredNodeAsState.SimplePropertyState(entry.getKey(), entry.getValue());
                    }

                    @java.lang.Override
                    public void remove() {
                        throw new java.lang.UnsupportedOperationException();
                    }
                };
            }
        };
    }

    @java.lang.Override
    public org.apache.jackrabbit.mk.model.tree.NodeState getChildNode(java.lang.String name) {
        org.apache.jackrabbit.mk.model.ChildNodeEntry entry = node.getChildNodeEntry(name);
        if (entry != null) {
            return getChildNodeEntry(entry).getNode();
        }else {
            return null;
        }
    }

    @java.lang.Override
    public long getChildNodeCount() {
        return node.getChildNodeCount();
    }

    @java.lang.Override
    public java.lang.Iterable<org.apache.jackrabbit.mk.model.tree.ChildNode> getChildNodeEntries(final long offset, final int count) {
        if (count < (-1)) {
            throw new java.lang.IllegalArgumentException(("Illegal count: " + count));
        }else {
            boolean spoonDefaultValue = false;
            try {
                spoonDefaultValue = true;
            } catch (java.lang.Exception __NopolProcessorException) {
            }
            boolean runtimeAngelicValue = fr.inria.lille.repair.nopol.synth.AngelicExecution.angelicValue(spoonDefaultValue);
            if (fr.inria.lille.commons.trace.RuntimeValues.instance(6).isEnabled()) {
                fr.inria.lille.commons.trace.RuntimeValues.instance(6).collectionStarts();
                try{fr.inria.lille.commons.trace.RuntimeValues.instance(6).collectInput("count",count);} catch (Exception ex1) {ex1.printStackTrace();};
                try{fr.inria.lille.commons.trace.RuntimeValues.instance(6).collectInput("org.apache.jackrabbit.mk.store.StoredNodeAsState.this.node",org.apache.jackrabbit.mk.store.StoredNodeAsState.this.node);} catch (Exception ex1) {ex1.printStackTrace();};
                try{fr.inria.lille.commons.trace.RuntimeValues.instance(6).collectInput("offset",offset);} catch (Exception ex1) {ex1.printStackTrace();};
                try{fr.inria.lille.commons.trace.RuntimeValues.instance(6).collectInput("org.apache.jackrabbit.mk.store.StoredNodeAsState.this.provider",org.apache.jackrabbit.mk.store.StoredNodeAsState.this.provider);} catch (Exception ex1) {ex1.printStackTrace();};
                try{fr.inria.lille.commons.trace.RuntimeValues.instance(6).collectInput("offset > (java.lang.Integer.MAX_VALUE)",offset > (java.lang.Integer.MAX_VALUE));} catch (Exception ex1) {ex1.printStackTrace();};
                fr.inria.lille.commons.trace.RuntimeValues.instance(6).collectOutput(runtimeAngelicValue);
                fr.inria.lille.commons.trace.RuntimeValues.instance(6).collectionEnds();
            }
            if (runtimeAngelicValue) if (offset > (java.lang.Integer.MAX_VALUE)) {
                return java.util.Collections.emptyList();
            }else {
                return new java.lang.Iterable<org.apache.jackrabbit.mk.model.tree.ChildNode>() {
                    @java.lang.Override
                    public java.util.Iterator<org.apache.jackrabbit.mk.model.tree.ChildNode> iterator() {
                        final java.util.Iterator<org.apache.jackrabbit.mk.model.ChildNodeEntry> iterator = node.getChildNodeEntries(((int) (offset)), count);
                        return new java.util.Iterator<org.apache.jackrabbit.mk.model.tree.ChildNode>() {
                            @java.lang.Override
                            public boolean hasNext() {
                                return iterator.hasNext();
                            }

                            @java.lang.Override
                            public org.apache.jackrabbit.mk.model.tree.ChildNode next() {
                                return getChildNodeEntry(iterator.next());
                            }

                            @java.lang.Override
                            public void remove() {
                                throw new java.lang.UnsupportedOperationException();
                            }
                        };
                    }
                };
            }
        }
    }

    private org.apache.jackrabbit.mk.model.tree.ChildNode getChildNodeEntry(final org.apache.jackrabbit.mk.model.ChildNodeEntry entry) {
        return new org.apache.jackrabbit.mk.model.tree.AbstractChildNode() {
            @java.lang.Override
            public java.lang.String getName() {
                return entry.getName();
            }

            @java.lang.Override
            public org.apache.jackrabbit.mk.model.tree.NodeState getNode() {
                try {
                    org.apache.jackrabbit.mk.model.StoredNode child = provider.getNode(entry.getId());
                    return new org.apache.jackrabbit.mk.store.StoredNodeAsState(child, provider);
                } catch (java.lang.Exception e) {
                    throw new java.lang.RuntimeException("Unexpected error", e);
                }
            }
        };
    }

    @java.lang.Override
    public boolean equals(java.lang.Object that) {
        if (that instanceof org.apache.jackrabbit.mk.store.StoredNodeAsState) {
            org.apache.jackrabbit.mk.store.StoredNodeAsState other = ((org.apache.jackrabbit.mk.store.StoredNodeAsState) (that));
            if (((provider) == (other.provider)) && (node.getId().equals(other.node.getId()))) {
                return true;
            }
        }
        return super.equals(that);
    }
}
10:43:17.737 [pool-2-thread-1] ERROR fr.inria.lille.repair.nopol.NoPol - Error ExecutionException java.util.concurrent.ExecutionException: xxl.java.compiler.DynamicCompilationException: Aborting: dynamic compilation failed
10:43:17.737 [pool-2-thread-1] DEBUG fr.inria.lille.repair.nopol.NoPol - looking with class fr.inria.lille.repair.nopol.spoon.smt.ConditionalReplacer
SLF4J: Class path contains multiple SLF4J bindings.
SLF4J: Found binding in [jar:file:/home/tdurieux/.m2/repository/org/slf4j/slf4j-nop/1.5.8/slf4j-nop-1.5.8.jar!/org/slf4j/impl/StaticLoggerBinder.class]
SLF4J: Found binding in [jar:file:/home/tdurieux/.m2/repository/ch/qos/logback/logback-classic/1.0.1/logback-classic-1.0.1.jar!/org/slf4j/impl/StaticLoggerBinder.class]
SLF4J: Found binding in [jar:file:/home/tdurieux/.m2/repository/org/slf4j/slf4j-simple/1.6.1/slf4j-simple-1.6.1.jar!/org/slf4j/impl/StaticLoggerBinder.class]
SLF4J: Found binding in [jar:file:/home/tdurieux/defects4j4repair/script/../repair_tools/nopol.jar!/org/slf4j/impl/StaticLoggerBinder.class]
SLF4J: See http://www.slf4j.org/codes.html#multiple_bindings for an explanation.
SLF4J: The requested version 1.5.8 by your slf4j binding is not compatible with [1.6]
SLF4J: See http://www.slf4j.org/codes.html#version_mismatch for further details.
org.junit.ComparisonFailure: expected:<+"/b":{"l":1[]}> but was:<+"/b":{"l":1[,"x":{"l":2,"y":{}}]}>
    at org.junit.Assert.assertEquals(Assert.java:115)
    at org.junit.Assert.assertEquals(Assert.java:144)
    at org.apache.jackrabbit.mk.MicroKernelImplTest.diffWithDepth(MicroKernelImplTest.java:72)
    at sun.reflect.NativeMethodAccessorImpl.invoke0(Native Method)
    at sun.reflect.NativeMethodAccessorImpl.invoke(NativeMethodAccessorImpl.java:62)
    at sun.reflect.DelegatingMethodAccessorImpl.invoke(DelegatingMethodAccessorImpl.java:43)
org.junit.ComparisonFailure: expected:<...:childNodeCount":2,"[d":{},"c]":{}},"b":{":childNo...> but was:<...:childNodeCount":2,"[c":{},"d]":{}},"b":{":childNo...>
    at org.junit.Assert.assertEquals(Assert.java:115)
    at org.junit.Assert.assertEquals(Assert.java:144)
    at org.apache.jackrabbit.mk.store.DefaultRevisionStoreTest.testRevisionHistory(DefaultRevisionStoreTest.java:102)
    at sun.reflect.NativeMethodAccessorImpl.invoke0(Native Method)
    at sun.reflect.NativeMethodAccessorImpl.invoke(NativeMethodAccessorImpl.java:62)
    at sun.reflect.DelegatingMethodAccessorImpl.invoke(DelegatingMethodAccessorImpl.java:43)
10:43:20.445 [pool-52-thread-1] INFO  xxl.java.junit.TestCasesListener - Tests run finished (2699 ms)
<> Total tests run: 6
<> Ignored tests: 1
<> Failed tests: 2
~ diffWithDepth(org.apache.jackrabbit.mk.MicroKernelImplTest)
[expected:<+"/b":{"l":1[]}> but was:<+"/b":{"l":1[,"x":{"l":2,"y":{}}]}>]
org.junit.ComparisonFailure: expected:<+"/b":{"l":1[]}> but was:<+"/b":{"l":1[,"x":{"l":2,"y":{}}]}>    at org.junit.Assert.assertEquals(Assert.java:115)
    at org.junit.Assert.assertEquals(Assert.java:144)
    at org.apache.jackrabbit.mk.MicroKernelImplTest.diffWithDepth(MicroKernelImplTest.java:72)
    at sun.reflect.NativeMethodAccessorImpl.invoke0(Native Method)
    at sun.reflect.NativeMethodAccessorImpl.invoke(NativeMethodAccessorImpl.java:62)
    at sun.reflect.DelegatingMethodAccessorImpl.invoke(DelegatingMethodAccessorImpl.java:43)
~ testRevisionHistory(org.apache.jackrabbit.mk.store.DefaultRevisionStoreTest)
[expected:<...:childNodeCount":2,"[d":{},"c]":{}},"b":{":childNo...> but was:<...:childNodeCount":2,"[c":{},"d]":{}},"b":{":childNo...>]
org.junit.ComparisonFailure: expected:<...:childNodeCount":2,"[d":{},"c]":{}},"b":{":childNo...> but was:<...:childNodeCount":2,"[c":{},"d]":{}},"b":{":childNo...>    at org.junit.Assert.assertEquals(Assert.java:115)
    at org.junit.Assert.assertEquals(Assert.java:144)
    at org.apache.jackrabbit.mk.store.DefaultRevisionStoreTest.testRevisionHistory(DefaultRevisionStoreTest.java:102)
    at sun.reflect.NativeMethodAccessorImpl.invoke0(Native Method)
    at sun.reflect.NativeMethodAccessorImpl.invoke(NativeMethodAccessorImpl.java:62)
    at sun.reflect.DelegatingMethodAccessorImpl.invoke(DelegatingMethodAccessorImpl.java:43)

SLF4J: Class path contains multiple SLF4J bindings.
SLF4J: Found binding in [jar:file:/home/tdurieux/.m2/repository/org/slf4j/slf4j-nop/1.5.8/slf4j-nop-1.5.8.jar!/org/slf4j/impl/StaticLoggerBinder.class]
SLF4J: Found binding in [jar:file:/home/tdurieux/.m2/repository/ch/qos/logback/logback-classic/1.0.1/logback-classic-1.0.1.jar!/org/slf4j/impl/StaticLoggerBinder.class]
SLF4J: Found binding in [jar:file:/home/tdurieux/.m2/repository/org/slf4j/slf4j-simple/1.6.1/slf4j-simple-1.6.1.jar!/org/slf4j/impl/StaticLoggerBinder.class]
SLF4J: Found binding in [jar:file:/home/tdurieux/defects4j4repair/script/../repair_tools/nopol.jar!/org/slf4j/impl/StaticLoggerBinder.class]
SLF4J: See http://www.slf4j.org/codes.html#multiple_bindings for an explanation.
SLF4J: The requested version 1.5.8 by your slf4j binding is not compatible with [1.6]
SLF4J: See http://www.slf4j.org/codes.html#version_mismatch for further details.
org.junit.ComparisonFailure: expected:<+"/b":{"l":1[]}> but was:<+"/b":{"l":1[,"x":{"l":2,"y":{}}]}>
    at org.junit.Assert.assertEquals(Assert.java:115)
    at org.junit.Assert.assertEquals(Assert.java:144)
    at org.apache.jackrabbit.mk.MicroKernelImplTest.diffWithDepth(MicroKernelImplTest.java:72)
    at sun.reflect.NativeMethodAccessorImpl.invoke0(Native Method)
    at sun.reflect.NativeMethodAccessorImpl.invoke(NativeMethodAccessorImpl.java:62)
    at sun.reflect.DelegatingMethodAccessorImpl.invoke(DelegatingMethodAccessorImpl.java:43)
10:43:21.523 [pool-55-thread-1] INFO  f.i.l.c.t.SpecificationTestCasesListener - Tests run finished (680 ms)
<> Total tests run: 1
<> Ignored tests: 0
<> Failed tests: 1
~ diffWithDepth(org.apache.jackrabbit.mk.MicroKernelImplTest)
[expected:<+"/b":{"l":1[]}> but was:<+"/b":{"l":1[,"x":{"l":2,"y":{}}]}>]
org.junit.ComparisonFailure: expected:<+"/b":{"l":1[]}> but was:<+"/b":{"l":1[,"x":{"l":2,"y":{}}]}>    at org.junit.Assert.assertEquals(Assert.java:115)
    at org.junit.Assert.assertEquals(Assert.java:144)
    at org.apache.jackrabbit.mk.MicroKernelImplTest.diffWithDepth(MicroKernelImplTest.java:72)
    at sun.reflect.NativeMethodAccessorImpl.invoke0(Native Method)
    at sun.reflect.NativeMethodAccessorImpl.invoke(NativeMethodAccessorImpl.java:62)
    at sun.reflect.DelegatingMethodAccessorImpl.invoke(DelegatingMethodAccessorImpl.java:43)

org.junit.ComparisonFailure: expected:<...:childNodeCount":2,"[d":{},"c]":{}},"b":{":childNo...> but was:<...:childNodeCount":2,"[c":{},"d]":{}},"b":{":childNo...>
    at org.junit.Assert.assertEquals(Assert.java:115)
    at org.junit.Assert.assertEquals(Assert.java:144)
    at org.apache.jackrabbit.mk.store.DefaultRevisionStoreTest.testRevisionHistory(DefaultRevisionStoreTest.java:102)
    at sun.reflect.NativeMethodAccessorImpl.invoke0(Native Method)
    at sun.reflect.NativeMethodAccessorImpl.invoke(NativeMethodAccessorImpl.java:62)
    at sun.reflect.DelegatingMethodAccessorImpl.invoke(DelegatingMethodAccessorImpl.java:43)
10:43:21.530 [pool-56-thread-1] INFO  f.i.l.c.t.SpecificationTestCasesListener - Tests run finished (4 ms)
<> Total tests run: 1
<> Ignored tests: 0
<> Failed tests: 1
~ testRevisionHistory(org.apache.jackrabbit.mk.store.DefaultRevisionStoreTest)
[expected:<...:childNodeCount":2,"[d":{},"c]":{}},"b":{":childNo...> but was:<...:childNodeCount":2,"[c":{},"d]":{}},"b":{":childNo...>]
org.junit.ComparisonFailure: expected:<...:childNodeCount":2,"[d":{},"c]":{}},"b":{":childNo...> but was:<...:childNodeCount":2,"[c":{},"d]":{}},"b":{":childNo...>    at org.junit.Assert.assertEquals(Assert.java:115)
    at org.junit.Assert.assertEquals(Assert.java:144)
    at org.apache.jackrabbit.mk.store.DefaultRevisionStoreTest.testRevisionHistory(DefaultRevisionStoreTest.java:102)
    at sun.reflect.NativeMethodAccessorImpl.invoke0(Native Method)
    at sun.reflect.NativeMethodAccessorImpl.invoke(NativeMethodAccessorImpl.java:62)
    at sun.reflect.DelegatingMethodAccessorImpl.invoke(DelegatingMethodAccessorImpl.java:43)

org.junit.ComparisonFailure: expected:<+"/b":{"l":1[,"x":{"l":2}]}> but was:<+"/b":{"l":1[]}>
    at org.junit.Assert.assertEquals(Assert.java:115)
    at org.junit.Assert.assertEquals(Assert.java:144)
    at org.apache.jackrabbit.mk.MicroKernelImplTest.diffWithDepth(MicroKernelImplTest.java:73)
    at sun.reflect.NativeMethodAccessorImpl.invoke0(Native Method)
    at sun.reflect.NativeMethodAccessorImpl.invoke(NativeMethodAccessorImpl.java:62)
    at sun.reflect.DelegatingMethodAccessorImpl.invoke(DelegatingMethodAccessorImpl.java:43)
10:43:21.925 [pool-57-thread-1] INFO  f.i.l.c.t.SpecificationTestCasesListener - Tests run finished (395 ms)
<> Total tests run: 1
<> Ignored tests: 0
<> Failed tests: 1
~ diffWithDepth(org.apache.jackrabbit.mk.MicroKernelImplTest)
[expected:<+"/b":{"l":1[,"x":{"l":2}]}> but was:<+"/b":{"l":1[]}>]
org.junit.ComparisonFailure: expected:<+"/b":{"l":1[,"x":{"l":2}]}> but was:<+"/b":{"l":1[]}>    at org.junit.Assert.assertEquals(Assert.java:115)
    at org.junit.Assert.assertEquals(Assert.java:144)
    at org.apache.jackrabbit.mk.MicroKernelImplTest.diffWithDepth(MicroKernelImplTest.java:73)
    at sun.reflect.NativeMethodAccessorImpl.invoke0(Native Method)
    at sun.reflect.NativeMethodAccessorImpl.invoke(NativeMethodAccessorImpl.java:62)
    at sun.reflect.DelegatingMethodAccessorImpl.invoke(DelegatingMethodAccessorImpl.java:43)

10:43:21.934 [pool-58-thread-1] INFO  f.i.l.c.t.SpecificationTestCasesListener - Tests run finished (8 ms)
<> Total tests run: 1
<> Ignored tests: 0
<> Failed tests: 0

10:43:21.938 [pool-51-thread-1] DEBUG tests.output - Failing tests with false: 
[diffWithDepth(org.apache.jackrabbit.mk.MicroKernelImplTest): expected:<+"/b":{"l":1[]}> but was:<+"/b":{"l":1[,"x":{"l":2,"y":{}}]}>, testRevisionHistory(org.apache.jackrabbit.mk.store.DefaultRevisionStoreTest): expected:<...:childNodeCount":2,"[d":{},"c]":{}},"b":{":childNo...> but was:<...:childNodeCount":2,"[c":{},"d]":{}},"b":{":childNo...>]
10:43:21.938 [pool-51-thread-1] DEBUG tests.output - Failing tests with true: 
[diffWithDepth(org.apache.jackrabbit.mk.MicroKernelImplTest): expected:<+"/b":{"l":1[,"x":{"l":2}]}> but was:<+"/b":{"l":1[]}>]
10:43:21.938 [pool-51-thread-1] INFO  f.i.l.r.n.synth.SMTNopolSynthesizer - Not enough specifications: 0. A trivial patch is "true" or "false", please write new tests specifying SourceLocation org.apache.jackrabbit.mk.store.StoredNodeAsState:136.
10:43:21.938 [pool-2-thread-1] DEBUG fr.inria.lille.repair.nopol.NoPol - statement #22
10:43:21.938 [pool-2-thread-1] DEBUG fr.inria.lille.repair.nopol.NoPol - Analysing SourceLocation org.apache.jackrabbit.mk.store.StoredNodeAsState:134 which is executed by 3 tests
1790659419
10:43:22.099 [pool-2-thread-1] DEBUG fr.inria.lille.repair.nopol.NoPol - looking with class fr.inria.lille.repair.nopol.spoon.smt.ConditionalReplacer
SLF4J: Class path contains multiple SLF4J bindings.
SLF4J: Found binding in [jar:file:/home/tdurieux/.m2/repository/org/slf4j/slf4j-nop/1.5.8/slf4j-nop-1.5.8.jar!/org/slf4j/impl/StaticLoggerBinder.class]
SLF4J: Found binding in [jar:file:/home/tdurieux/.m2/repository/ch/qos/logback/logback-classic/1.0.1/logback-classic-1.0.1.jar!/org/slf4j/impl/StaticLoggerBinder.class]
SLF4J: Found binding in [jar:file:/home/tdurieux/.m2/repository/org/slf4j/slf4j-simple/1.6.1/slf4j-simple-1.6.1.jar!/org/slf4j/impl/StaticLoggerBinder.class]
SLF4J: Found binding in [jar:file:/home/tdurieux/defects4j4repair/script/../repair_tools/nopol.jar!/org/slf4j/impl/StaticLoggerBinder.class]
SLF4J: See http://www.slf4j.org/codes.html#multiple_bindings for an explanation.
SLF4J: The requested version 1.5.8 by your slf4j binding is not compatible with [1.6]
SLF4J: See http://www.slf4j.org/codes.html#version_mismatch for further details.
org.junit.ComparisonFailure: expected:<+"/b":{"l":1[]}> but was:<+"/b":{"l":1[,"x":{"l":2,"y":{}}]}>
    at org.junit.Assert.assertEquals(Assert.java:115)
    at org.junit.Assert.assertEquals(Assert.java:144)
    at org.apache.jackrabbit.mk.MicroKernelImplTest.diffWithDepth(MicroKernelImplTest.java:72)
    at sun.reflect.NativeMethodAccessorImpl.invoke0(Native Method)
    at sun.reflect.NativeMethodAccessorImpl.invoke(NativeMethodAccessorImpl.java:62)
    at sun.reflect.DelegatingMethodAccessorImpl.invoke(DelegatingMethodAccessorImpl.java:43)
org.junit.ComparisonFailure: expected:<...:childNodeCount":2,"[d":{},"c]":{}},"b":{":childNo...> but was:<...:childNodeCount":2,"[c":{},"d]":{}},"b":{":childNo...>
    at org.junit.Assert.assertEquals(Assert.java:115)
    at org.junit.Assert.assertEquals(Assert.java:144)
    at org.apache.jackrabbit.mk.store.DefaultRevisionStoreTest.testRevisionHistory(DefaultRevisionStoreTest.java:102)
    at sun.reflect.NativeMethodAccessorImpl.invoke0(Native Method)
    at sun.reflect.NativeMethodAccessorImpl.invoke(NativeMethodAccessorImpl.java:62)
    at sun.reflect.DelegatingMethodAccessorImpl.invoke(DelegatingMethodAccessorImpl.java:43)
10:43:24.656 [pool-60-thread-1] INFO  xxl.java.junit.TestCasesListener - Tests run finished (2547 ms)
<> Total tests run: 6
<> Ignored tests: 1
<> Failed tests: 2
~ diffWithDepth(org.apache.jackrabbit.mk.MicroKernelImplTest)
[expected:<+"/b":{"l":1[]}> but was:<+"/b":{"l":1[,"x":{"l":2,"y":{}}]}>]
org.junit.ComparisonFailure: expected:<+"/b":{"l":1[]}> but was:<+"/b":{"l":1[,"x":{"l":2,"y":{}}]}>    at org.junit.Assert.assertEquals(Assert.java:115)
    at org.junit.Assert.assertEquals(Assert.java:144)
    at org.apache.jackrabbit.mk.MicroKernelImplTest.diffWithDepth(MicroKernelImplTest.java:72)
    at sun.reflect.NativeMethodAccessorImpl.invoke0(Native Method)
    at sun.reflect.NativeMethodAccessorImpl.invoke(NativeMethodAccessorImpl.java:62)
    at sun.reflect.DelegatingMethodAccessorImpl.invoke(DelegatingMethodAccessorImpl.java:43)
~ testRevisionHistory(org.apache.jackrabbit.mk.store.DefaultRevisionStoreTest)
[expected:<...:childNodeCount":2,"[d":{},"c]":{}},"b":{":childNo...> but was:<...:childNodeCount":2,"[c":{},"d]":{}},"b":{":childNo...>]
org.junit.ComparisonFailure: expected:<...:childNodeCount":2,"[d":{},"c]":{}},"b":{":childNo...> but was:<...:childNodeCount":2,"[c":{},"d]":{}},"b":{":childNo...>    at org.junit.Assert.assertEquals(Assert.java:115)
    at org.junit.Assert.assertEquals(Assert.java:144)
    at org.apache.jackrabbit.mk.store.DefaultRevisionStoreTest.testRevisionHistory(DefaultRevisionStoreTest.java:102)
    at sun.reflect.NativeMethodAccessorImpl.invoke0(Native Method)
    at sun.reflect.NativeMethodAccessorImpl.invoke(NativeMethodAccessorImpl.java:62)
    at sun.reflect.DelegatingMethodAccessorImpl.invoke(DelegatingMethodAccessorImpl.java:43)

SLF4J: Class path contains multiple SLF4J bindings.
SLF4J: Found binding in [jar:file:/home/tdurieux/.m2/repository/org/slf4j/slf4j-nop/1.5.8/slf4j-nop-1.5.8.jar!/org/slf4j/impl/StaticLoggerBinder.class]
SLF4J: Found binding in [jar:file:/home/tdurieux/.m2/repository/ch/qos/logback/logback-classic/1.0.1/logback-classic-1.0.1.jar!/org/slf4j/impl/StaticLoggerBinder.class]
SLF4J: Found binding in [jar:file:/home/tdurieux/.m2/repository/org/slf4j/slf4j-simple/1.6.1/slf4j-simple-1.6.1.jar!/org/slf4j/impl/StaticLoggerBinder.class]
SLF4J: Found binding in [jar:file:/home/tdurieux/defects4j4repair/script/../repair_tools/nopol.jar!/org/slf4j/impl/StaticLoggerBinder.class]
SLF4J: See http://www.slf4j.org/codes.html#multiple_bindings for an explanation.
SLF4J: The requested version 1.5.8 by your slf4j binding is not compatible with [1.6]
SLF4J: See http://www.slf4j.org/codes.html#version_mismatch for further details.
org.junit.ComparisonFailure: expected:<+"/b":{"l":1[]}> but was:<+"/b":{"l":1[,"x":{"l":2,"y":{}}]}>
    at org.junit.Assert.assertEquals(Assert.java:115)
    at org.junit.Assert.assertEquals(Assert.java:144)
    at org.apache.jackrabbit.mk.MicroKernelImplTest.diffWithDepth(MicroKernelImplTest.java:72)
    at sun.reflect.NativeMethodAccessorImpl.invoke0(Native Method)
    at sun.reflect.NativeMethodAccessorImpl.invoke(NativeMethodAccessorImpl.java:62)
    at sun.reflect.DelegatingMethodAccessorImpl.invoke(DelegatingMethodAccessorImpl.java:43)
10:43:25.703 [pool-63-thread-1] INFO  f.i.l.c.t.SpecificationTestCasesListener - Tests run finished (743 ms)
<> Total tests run: 1
<> Ignored tests: 0
<> Failed tests: 1
~ diffWithDepth(org.apache.jackrabbit.mk.MicroKernelImplTest)
[expected:<+"/b":{"l":1[]}> but was:<+"/b":{"l":1[,"x":{"l":2,"y":{}}]}>]
org.junit.ComparisonFailure: expected:<+"/b":{"l":1[]}> but was:<+"/b":{"l":1[,"x":{"l":2,"y":{}}]}>    at org.junit.Assert.assertEquals(Assert.java:115)
    at org.junit.Assert.assertEquals(Assert.java:144)
    at org.apache.jackrabbit.mk.MicroKernelImplTest.diffWithDepth(MicroKernelImplTest.java:72)
    at sun.reflect.NativeMethodAccessorImpl.invoke0(Native Method)
    at sun.reflect.NativeMethodAccessorImpl.invoke(NativeMethodAccessorImpl.java:62)
    at sun.reflect.DelegatingMethodAccessorImpl.invoke(DelegatingMethodAccessorImpl.java:43)

org.junit.ComparisonFailure: expected:<...:childNodeCount":2,"[d":{},"c]":{}},"b":{":childNo...> but was:<...:childNodeCount":2,"[c":{},"d]":{}},"b":{":childNo...>
    at org.junit.Assert.assertEquals(Assert.java:115)
    at org.junit.Assert.assertEquals(Assert.java:144)
    at org.apache.jackrabbit.mk.store.DefaultRevisionStoreTest.testRevisionHistory(DefaultRevisionStoreTest.java:102)
    at sun.reflect.NativeMethodAccessorImpl.invoke0(Native Method)
    at sun.reflect.NativeMethodAccessorImpl.invoke(NativeMethodAccessorImpl.java:62)
    at sun.reflect.DelegatingMethodAccessorImpl.invoke(DelegatingMethodAccessorImpl.java:43)
10:43:25.710 [pool-64-thread-1] INFO  f.i.l.c.t.SpecificationTestCasesListener - Tests run finished (4 ms)
<> Total tests run: 1
<> Ignored tests: 0
<> Failed tests: 1
~ testRevisionHistory(org.apache.jackrabbit.mk.store.DefaultRevisionStoreTest)
[expected:<...:childNodeCount":2,"[d":{},"c]":{}},"b":{":childNo...> but was:<...:childNodeCount":2,"[c":{},"d]":{}},"b":{":childNo...>]
org.junit.ComparisonFailure: expected:<...:childNodeCount":2,"[d":{},"c]":{}},"b":{":childNo...> but was:<...:childNodeCount":2,"[c":{},"d]":{}},"b":{":childNo...>    at org.junit.Assert.assertEquals(Assert.java:115)
    at org.junit.Assert.assertEquals(Assert.java:144)
    at org.apache.jackrabbit.mk.store.DefaultRevisionStoreTest.testRevisionHistory(DefaultRevisionStoreTest.java:102)
    at sun.reflect.NativeMethodAccessorImpl.invoke0(Native Method)
    at sun.reflect.NativeMethodAccessorImpl.invoke(NativeMethodAccessorImpl.java:62)
    at sun.reflect.DelegatingMethodAccessorImpl.invoke(DelegatingMethodAccessorImpl.java:43)

org.apache.jackrabbit.mk.api.MicroKernelException: java.lang.IllegalArgumentException: Illegal count: -1
    at org.apache.jackrabbit.mk.core.MicroKernelImpl.diff(MicroKernelImpl.java:313)
    at org.apache.jackrabbit.mk.MicroKernelImplTest.diffWithDepth(MicroKernelImplTest.java:72)
    at sun.reflect.NativeMethodAccessorImpl.invoke0(Native Method)
    at sun.reflect.NativeMethodAccessorImpl.invoke(NativeMethodAccessorImpl.java:62)
    at sun.reflect.DelegatingMethodAccessorImpl.invoke(DelegatingMethodAccessorImpl.java:43)
    at java.lang.reflect.Method.invoke(Method.java:498)
10:43:26.198 [pool-65-thread-1] INFO  f.i.l.c.t.SpecificationTestCasesListener - Tests run finished (487 ms)
<> Total tests run: 1
<> Ignored tests: 0
<> Failed tests: 1
~ diffWithDepth(org.apache.jackrabbit.mk.MicroKernelImplTest)
[java.lang.IllegalArgumentException: Illegal count: -1]
org.apache.jackrabbit.mk.api.MicroKernelException: java.lang.IllegalArgumentException: Illegal count: -1    at org.apache.jackrabbit.mk.core.MicroKernelImpl.diff(MicroKernelImpl.java:313)
    at org.apache.jackrabbit.mk.MicroKernelImplTest.diffWithDepth(MicroKernelImplTest.java:72)
    at sun.reflect.NativeMethodAccessorImpl.invoke0(Native Method)
    at sun.reflect.NativeMethodAccessorImpl.invoke(NativeMethodAccessorImpl.java:62)
    at sun.reflect.DelegatingMethodAccessorImpl.invoke(DelegatingMethodAccessorImpl.java:43)
    at java.lang.reflect.Method.invoke(Method.java:498)

org.apache.jackrabbit.mk.api.MicroKernelException: java.lang.IllegalArgumentException: Illegal count: -1
    at org.apache.jackrabbit.mk.core.MicroKernelImpl.getNodes(MicroKernelImpl.java:384)
    at org.apache.jackrabbit.mk.store.DefaultRevisionStoreTest.testRevisionHistory(DefaultRevisionStoreTest.java:97)
    at sun.reflect.NativeMethodAccessorImpl.invoke0(Native Method)
    at sun.reflect.NativeMethodAccessorImpl.invoke(NativeMethodAccessorImpl.java:62)
    at sun.reflect.DelegatingMethodAccessorImpl.invoke(DelegatingMethodAccessorImpl.java:43)
    at java.lang.reflect.Method.invoke(Method.java:498)
10:43:26.201 [pool-66-thread-1] INFO  f.i.l.c.t.SpecificationTestCasesListener - Tests run finished (2 ms)
<> Total tests run: 1
<> Ignored tests: 0
<> Failed tests: 1
~ testRevisionHistory(org.apache.jackrabbit.mk.store.DefaultRevisionStoreTest)
[java.lang.IllegalArgumentException: Illegal count: -1]
org.apache.jackrabbit.mk.api.MicroKernelException: java.lang.IllegalArgumentException: Illegal count: -1    at org.apache.jackrabbit.mk.core.MicroKernelImpl.getNodes(MicroKernelImpl.java:384)
    at org.apache.jackrabbit.mk.store.DefaultRevisionStoreTest.testRevisionHistory(DefaultRevisionStoreTest.java:97)
    at sun.reflect.NativeMethodAccessorImpl.invoke0(Native Method)
    at sun.reflect.NativeMethodAccessorImpl.invoke(NativeMethodAccessorImpl.java:62)
    at sun.reflect.DelegatingMethodAccessorImpl.invoke(DelegatingMethodAccessorImpl.java:43)
    at java.lang.reflect.Method.invoke(Method.java:498)

10:43:26.206 [pool-59-thread-1] DEBUG tests.output - Failing tests with false: 
[diffWithDepth(org.apache.jackrabbit.mk.MicroKernelImplTest): expected:<+"/b":{"l":1[]}> but was:<+"/b":{"l":1[,"x":{"l":2,"y":{}}]}>, testRevisionHistory(org.apache.jackrabbit.mk.store.DefaultRevisionStoreTest): expected:<...:childNodeCount":2,"[d":{},"c]":{}},"b":{":childNo...> but was:<...:childNodeCount":2,"[c":{},"d]":{}},"b":{":childNo...>]
10:43:26.206 [pool-59-thread-1] DEBUG tests.output - Failing tests with true: 
[diffWithDepth(org.apache.jackrabbit.mk.MicroKernelImplTest): java.lang.IllegalArgumentException: Illegal count: -1, testRevisionHistory(org.apache.jackrabbit.mk.store.DefaultRevisionStoreTest): java.lang.IllegalArgumentException: Illegal count: -1]
10:43:26.206 [pool-59-thread-1] INFO  f.i.l.r.n.synth.SMTNopolSynthesizer - Not enough specifications: 0. A trivial patch is "true" or "false", please write new tests specifying SourceLocation org.apache.jackrabbit.mk.store.StoredNodeAsState:134.
10:43:26.206 [pool-2-thread-1] DEBUG fr.inria.lille.repair.nopol.NoPol - statement #23
10:43:26.206 [pool-2-thread-1] DEBUG fr.inria.lille.repair.nopol.NoPol - Analysing SourceLocation org.apache.jackrabbit.mk.core.MicroKernelImpl:662 which is executed by 1 tests
-1542657598
10:43:26.389 [pool-2-thread-1] DEBUG fr.inria.lille.repair.nopol.NoPol - statement #24
10:43:26.390 [pool-2-thread-1] DEBUG fr.inria.lille.repair.nopol.NoPol - Analysing SourceLocation org.apache.jackrabbit.mk.core.MicroKernelImpl:660 which is executed by 1 tests
-1542657598
10:43:26.573 [pool-2-thread-1] DEBUG fr.inria.lille.repair.nopol.NoPol - looking with class fr.inria.lille.repair.nopol.spoon.smt.ConditionalAdder
SLF4J: Class path contains multiple SLF4J bindings.
SLF4J: Found binding in [jar:file:/home/tdurieux/.m2/repository/org/slf4j/slf4j-nop/1.5.8/slf4j-nop-1.5.8.jar!/org/slf4j/impl/StaticLoggerBinder.class]
SLF4J: Found binding in [jar:file:/home/tdurieux/.m2/repository/ch/qos/logback/logback-classic/1.0.1/logback-classic-1.0.1.jar!/org/slf4j/impl/StaticLoggerBinder.class]
SLF4J: Found binding in [jar:file:/home/tdurieux/.m2/repository/org/slf4j/slf4j-simple/1.6.1/slf4j-simple-1.6.1.jar!/org/slf4j/impl/StaticLoggerBinder.class]
SLF4J: Found binding in [jar:file:/home/tdurieux/defects4j4repair/script/../repair_tools/nopol.jar!/org/slf4j/impl/StaticLoggerBinder.class]
SLF4J: See http://www.slf4j.org/codes.html#multiple_bindings for an explanation.
SLF4J: The requested version 1.5.8 by your slf4j binding is not compatible with [1.6]
SLF4J: See http://www.slf4j.org/codes.html#version_mismatch for further details.
org.junit.ComparisonFailure: expected:<...:childNodeCount":2,"[d":{},"c]":{}},"b":{":childNo...> but was:<...:childNodeCount":2,"[c":{},"d]":{}},"b":{":childNo...>
    at org.junit.Assert.assertEquals(Assert.java:115)
    at org.junit.Assert.assertEquals(Assert.java:144)
    at org.apache.jackrabbit.mk.store.DefaultRevisionStoreTest.testRevisionHistory(DefaultRevisionStoreTest.java:102)
    at sun.reflect.NativeMethodAccessorImpl.invoke0(Native Method)
    at sun.reflect.NativeMethodAccessorImpl.invoke(NativeMethodAccessorImpl.java:62)
    at sun.reflect.DelegatingMethodAccessorImpl.invoke(DelegatingMethodAccessorImpl.java:43)
10:43:27.713 [pool-68-thread-1] INFO  xxl.java.junit.TestCasesListener - Tests run finished (1131 ms)
<> Total tests run: 4
<> Ignored tests: 1
<> Failed tests: 1
~ testRevisionHistory(org.apache.jackrabbit.mk.store.DefaultRevisionStoreTest)
[expected:<...:childNodeCount":2,"[d":{},"c]":{}},"b":{":childNo...> but was:<...:childNodeCount":2,"[c":{},"d]":{}},"b":{":childNo...>]
org.junit.ComparisonFailure: expected:<...:childNodeCount":2,"[d":{},"c]":{}},"b":{":childNo...> but was:<...:childNodeCount":2,"[c":{},"d]":{}},"b":{":childNo...>    at org.junit.Assert.assertEquals(Assert.java:115)
    at org.junit.Assert.assertEquals(Assert.java:144)
    at org.apache.jackrabbit.mk.store.DefaultRevisionStoreTest.testRevisionHistory(DefaultRevisionStoreTest.java:102)
    at sun.reflect.NativeMethodAccessorImpl.invoke0(Native Method)
    at sun.reflect.NativeMethodAccessorImpl.invoke(NativeMethodAccessorImpl.java:62)
    at sun.reflect.DelegatingMethodAccessorImpl.invoke(DelegatingMethodAccessorImpl.java:43)

SLF4J: Class path contains multiple SLF4J bindings.
SLF4J: Found binding in [jar:file:/home/tdurieux/.m2/repository/org/slf4j/slf4j-nop/1.5.8/slf4j-nop-1.5.8.jar!/org/slf4j/impl/StaticLoggerBinder.class]
SLF4J: Found binding in [jar:file:/home/tdurieux/.m2/repository/ch/qos/logback/logback-classic/1.0.1/logback-classic-1.0.1.jar!/org/slf4j/impl/StaticLoggerBinder.class]
SLF4J: Found binding in [jar:file:/home/tdurieux/.m2/repository/org/slf4j/slf4j-simple/1.6.1/slf4j-simple-1.6.1.jar!/org/slf4j/impl/StaticLoggerBinder.class]
SLF4J: Found binding in [jar:file:/home/tdurieux/defects4j4repair/script/../repair_tools/nopol.jar!/org/slf4j/impl/StaticLoggerBinder.class]
SLF4J: See http://www.slf4j.org/codes.html#multiple_bindings for an explanation.
SLF4J: The requested version 1.5.8 by your slf4j binding is not compatible with [1.6]
SLF4J: See http://www.slf4j.org/codes.html#version_mismatch for further details.
org.junit.ComparisonFailure: expected:<...:childNodeCount":2,"[d":{"c]":{"b":{":childNodeC...> but was:<...:childNodeCount":2,"[c":{"d]":{"b":{":childNodeC...>
    at org.junit.Assert.assertEquals(Assert.java:115)
    at org.junit.Assert.assertEquals(Assert.java:144)
    at org.apache.jackrabbit.mk.store.DefaultRevisionStoreTest.testRevisionHistory(DefaultRevisionStoreTest.java:102)
    at sun.reflect.NativeMethodAccessorImpl.invoke0(Native Method)
    at sun.reflect.NativeMethodAccessorImpl.invoke(NativeMethodAccessorImpl.java:62)
    at sun.reflect.DelegatingMethodAccessorImpl.invoke(DelegatingMethodAccessorImpl.java:43)
10:43:28.200 [pool-71-thread-1] INFO  f.i.l.c.t.SpecificationTestCasesListener - Tests run finished (76 ms)
<> Total tests run: 1
<> Ignored tests: 0
<> Failed tests: 1
~ testRevisionHistory(org.apache.jackrabbit.mk.store.DefaultRevisionStoreTest)
[expected:<...:childNodeCount":2,"[d":{"c]":{"b":{":childNodeC...> but was:<...:childNodeCount":2,"[c":{"d]":{"b":{":childNodeC...>]
org.junit.ComparisonFailure: expected:<...:childNodeCount":2,"[d":{"c]":{"b":{":childNodeC...> but was:<...:childNodeCount":2,"[c":{"d]":{"b":{":childNodeC...>    at org.junit.Assert.assertEquals(Assert.java:115)
    at org.junit.Assert.assertEquals(Assert.java:144)
    at org.apache.jackrabbit.mk.store.DefaultRevisionStoreTest.testRevisionHistory(DefaultRevisionStoreTest.java:102)
    at sun.reflect.NativeMethodAccessorImpl.invoke0(Native Method)
    at sun.reflect.NativeMethodAccessorImpl.invoke(NativeMethodAccessorImpl.java:62)
    at sun.reflect.DelegatingMethodAccessorImpl.invoke(DelegatingMethodAccessorImpl.java:43)

org.junit.ComparisonFailure: expected:<...:childNodeCount":2,"[d":{},"c]":{}},"b":{":childNo...> but was:<...:childNodeCount":2,"[c":{},"d]":{}},"b":{":childNo...>
    at org.junit.Assert.assertEquals(Assert.java:115)
    at org.junit.Assert.assertEquals(Assert.java:144)
    at org.apache.jackrabbit.mk.store.DefaultRevisionStoreTest.testRevisionHistory(DefaultRevisionStoreTest.java:102)
    at sun.reflect.NativeMethodAccessorImpl.invoke0(Native Method)
    at sun.reflect.NativeMethodAccessorImpl.invoke(NativeMethodAccessorImpl.java:62)
    at sun.reflect.DelegatingMethodAccessorImpl.invoke(DelegatingMethodAccessorImpl.java:43)
10:43:28.209 [pool-72-thread-1] INFO  f.i.l.c.t.SpecificationTestCasesListener - Tests run finished (5 ms)
<> Total tests run: 1
<> Ignored tests: 0
<> Failed tests: 1
~ testRevisionHistory(org.apache.jackrabbit.mk.store.DefaultRevisionStoreTest)
[expected:<...:childNodeCount":2,"[d":{},"c]":{}},"b":{":childNo...> but was:<...:childNodeCount":2,"[c":{},"d]":{}},"b":{":childNo...>]
org.junit.ComparisonFailure: expected:<...:childNodeCount":2,"[d":{},"c]":{}},"b":{":childNo...> but was:<...:childNodeCount":2,"[c":{},"d]":{}},"b":{":childNo...>    at org.junit.Assert.assertEquals(Assert.java:115)
    at org.junit.Assert.assertEquals(Assert.java:144)
    at org.apache.jackrabbit.mk.store.DefaultRevisionStoreTest.testRevisionHistory(DefaultRevisionStoreTest.java:102)
    at sun.reflect.NativeMethodAccessorImpl.invoke0(Native Method)
    at sun.reflect.NativeMethodAccessorImpl.invoke(NativeMethodAccessorImpl.java:62)
    at sun.reflect.DelegatingMethodAccessorImpl.invoke(DelegatingMethodAccessorImpl.java:43)

10:43:28.212 [pool-67-thread-1] DEBUG tests.output - Failing tests with false: 
[testRevisionHistory(org.apache.jackrabbit.mk.store.DefaultRevisionStoreTest): expected:<...:childNodeCount":2,"[d":{"c]":{"b":{":childNodeC...> but was:<...:childNodeCount":2,"[c":{"d]":{"b":{":childNodeC...>]
10:43:28.212 [pool-67-thread-1] DEBUG tests.output - Failing tests with true: 
[testRevisionHistory(org.apache.jackrabbit.mk.store.DefaultRevisionStoreTest): expected:<...:childNodeCount":2,"[d":{},"c]":{}},"b":{":childNo...> but was:<...:childNodeCount":2,"[c":{},"d]":{}},"b":{":childNo...>]
10:43:28.212 [pool-67-thread-1] INFO  f.i.l.r.n.synth.SMTNopolSynthesizer - Not enough specifications: 0. A trivial patch is "true" or "false", please write new tests specifying SourceLocation org.apache.jackrabbit.mk.core.MicroKernelImpl:660.
10:43:28.212 [pool-2-thread-1] DEBUG fr.inria.lille.repair.nopol.NoPol - statement #25
10:43:28.212 [pool-2-thread-1] DEBUG fr.inria.lille.repair.nopol.NoPol - Analysing SourceLocation org.apache.jackrabbit.mk.core.MicroKernelImpl:658 which is executed by 1 tests
-1542657598
10:43:28.390 [pool-2-thread-1] DEBUG fr.inria.lille.repair.nopol.NoPol - looking with class fr.inria.lille.repair.nopol.spoon.smt.ConditionalAdder
SLF4J: Class path contains multiple SLF4J bindings.
SLF4J: Found binding in [jar:file:/home/tdurieux/.m2/repository/org/slf4j/slf4j-nop/1.5.8/slf4j-nop-1.5.8.jar!/org/slf4j/impl/StaticLoggerBinder.class]
SLF4J: Found binding in [jar:file:/home/tdurieux/.m2/repository/ch/qos/logback/logback-classic/1.0.1/logback-classic-1.0.1.jar!/org/slf4j/impl/StaticLoggerBinder.class]
SLF4J: Found binding in [jar:file:/home/tdurieux/.m2/repository/org/slf4j/slf4j-simple/1.6.1/slf4j-simple-1.6.1.jar!/org/slf4j/impl/StaticLoggerBinder.class]
SLF4J: Found binding in [jar:file:/home/tdurieux/defects4j4repair/script/../repair_tools/nopol.jar!/org/slf4j/impl/StaticLoggerBinder.class]
SLF4J: See http://www.slf4j.org/codes.html#multiple_bindings for an explanation.
SLF4J: The requested version 1.5.8 by your slf4j binding is not compatible with [1.6]
SLF4J: See http://www.slf4j.org/codes.html#version_mismatch for further details.
org.junit.ComparisonFailure: expected:<...:childNodeCount":2,"[d":{},"c]":{}},"b":{":childNo...> but was:<...:childNodeCount":2,"[c":{},"d]":{}},"b":{":childNo...>
    at org.junit.Assert.assertEquals(Assert.java:115)
    at org.junit.Assert.assertEquals(Assert.java:144)
    at org.apache.jackrabbit.mk.store.DefaultRevisionStoreTest.testRevisionHistory(DefaultRevisionStoreTest.java:102)
    at sun.reflect.NativeMethodAccessorImpl.invoke0(Native Method)
    at sun.reflect.NativeMethodAccessorImpl.invoke(NativeMethodAccessorImpl.java:62)
    at sun.reflect.DelegatingMethodAccessorImpl.invoke(DelegatingMethodAccessorImpl.java:43)
10:43:29.523 [pool-74-thread-1] INFO  xxl.java.junit.TestCasesListener - Tests run finished (1124 ms)
<> Total tests run: 4
<> Ignored tests: 1
<> Failed tests: 1
~ testRevisionHistory(org.apache.jackrabbit.mk.store.DefaultRevisionStoreTest)
[expected:<...:childNodeCount":2,"[d":{},"c]":{}},"b":{":childNo...> but was:<...:childNodeCount":2,"[c":{},"d]":{}},"b":{":childNo...>]
org.junit.ComparisonFailure: expected:<...:childNodeCount":2,"[d":{},"c]":{}},"b":{":childNo...> but was:<...:childNodeCount":2,"[c":{},"d]":{}},"b":{":childNo...>    at org.junit.Assert.assertEquals(Assert.java:115)
    at org.junit.Assert.assertEquals(Assert.java:144)
    at org.apache.jackrabbit.mk.store.DefaultRevisionStoreTest.testRevisionHistory(DefaultRevisionStoreTest.java:102)
    at sun.reflect.NativeMethodAccessorImpl.invoke0(Native Method)
    at sun.reflect.NativeMethodAccessorImpl.invoke(NativeMethodAccessorImpl.java:62)
    at sun.reflect.DelegatingMethodAccessorImpl.invoke(DelegatingMethodAccessorImpl.java:43)

SLF4J: Class path contains multiple SLF4J bindings.
SLF4J: Found binding in [jar:file:/home/tdurieux/.m2/repository/org/slf4j/slf4j-nop/1.5.8/slf4j-nop-1.5.8.jar!/org/slf4j/impl/StaticLoggerBinder.class]
SLF4J: Found binding in [jar:file:/home/tdurieux/.m2/repository/ch/qos/logback/logback-classic/1.0.1/logback-classic-1.0.1.jar!/org/slf4j/impl/StaticLoggerBinder.class]
SLF4J: Found binding in [jar:file:/home/tdurieux/.m2/repository/org/slf4j/slf4j-simple/1.6.1/slf4j-simple-1.6.1.jar!/org/slf4j/impl/StaticLoggerBinder.class]
SLF4J: Found binding in [jar:file:/home/tdurieux/defects4j4repair/script/../repair_tools/nopol.jar!/org/slf4j/impl/StaticLoggerBinder.class]
SLF4J: See http://www.slf4j.org/codes.html#multiple_bindings for an explanation.
SLF4J: The requested version 1.5.8 by your slf4j binding is not compatible with [1.6]
SLF4J: See http://www.slf4j.org/codes.html#version_mismatch for further details.
10:43:29.987 [pool-77-thread-1] INFO  f.i.l.c.t.SpecificationTestCasesListener - Tests run finished (84 ms)
<> Total tests run: 1
<> Ignored tests: 0
<> Failed tests: 0

org.junit.ComparisonFailure: expected:<...:childNodeCount":2,"[d":{},"c]":{}},"b":{":childNo...> but was:<...:childNodeCount":2,"[c":{},"d]":{}},"b":{":childNo...>
    at org.junit.Assert.assertEquals(Assert.java:115)
    at org.junit.Assert.assertEquals(Assert.java:144)
    at org.apache.jackrabbit.mk.store.DefaultRevisionStoreTest.testRevisionHistory(DefaultRevisionStoreTest.java:102)
    at sun.reflect.NativeMethodAccessorImpl.invoke0(Native Method)
    at sun.reflect.NativeMethodAccessorImpl.invoke(NativeMethodAccessorImpl.java:62)
    at sun.reflect.DelegatingMethodAccessorImpl.invoke(DelegatingMethodAccessorImpl.java:43)
10:43:29.990 [pool-78-thread-1] INFO  f.i.l.c.t.SpecificationTestCasesListener - Tests run finished (3 ms)
<> Total tests run: 1
<> Ignored tests: 0
<> Failed tests: 1
~ testRevisionHistory(org.apache.jackrabbit.mk.store.DefaultRevisionStoreTest)
[expected:<...:childNodeCount":2,"[d":{},"c]":{}},"b":{":childNo...> but was:<...:childNodeCount":2,"[c":{},"d]":{}},"b":{":childNo...>]
org.junit.ComparisonFailure: expected:<...:childNodeCount":2,"[d":{},"c]":{}},"b":{":childNo...> but was:<...:childNodeCount":2,"[c":{},"d]":{}},"b":{":childNo...>    at org.junit.Assert.assertEquals(Assert.java:115)
    at org.junit.Assert.assertEquals(Assert.java:144)
    at org.apache.jackrabbit.mk.store.DefaultRevisionStoreTest.testRevisionHistory(DefaultRevisionStoreTest.java:102)
    at sun.reflect.NativeMethodAccessorImpl.invoke0(Native Method)
    at sun.reflect.NativeMethodAccessorImpl.invoke(NativeMethodAccessorImpl.java:62)
    at sun.reflect.DelegatingMethodAccessorImpl.invoke(DelegatingMethodAccessorImpl.java:43)

10:43:29.998 [pool-79-thread-1] INFO  f.i.l.r.n.s.ConstraintModelBuilder$1PassingListener - Tests run finished (2 ms)
<> Total tests run: 1
<> Ignored tests: 0
<> Failed tests: 0

org.junit.ComparisonFailure: expected:<...:childNodeCount":2,"[d":{},"c]":{}},"b":{":childNo...> but was:<...:childNodeCount":2,"[c":{},"d]":{}},"b":{":childNo...>
    at org.junit.Assert.assertEquals(Assert.java:115)
    at org.junit.Assert.assertEquals(Assert.java:144)
    at org.apache.jackrabbit.mk.store.DefaultRevisionStoreTest.testRevisionHistory(DefaultRevisionStoreTest.java:102)
    at sun.reflect.NativeMethodAccessorImpl.invoke0(Native Method)
    at sun.reflect.NativeMethodAccessorImpl.invoke(NativeMethodAccessorImpl.java:62)
    at sun.reflect.DelegatingMethodAccessorImpl.invoke(DelegatingMethodAccessorImpl.java:43)
10:43:30.001 [pool-80-thread-1] INFO  f.i.l.r.n.s.ConstraintModelBuilder$1PassingListener - Tests run finished (3 ms)
<> Total tests run: 1
<> Ignored tests: 0
<> Failed tests: 1
~ testRevisionHistory(org.apache.jackrabbit.mk.store.DefaultRevisionStoreTest)
[expected:<...:childNodeCount":2,"[d":{},"c]":{}},"b":{":childNo...> but was:<...:childNodeCount":2,"[c":{},"d]":{}},"b":{":childNo...>]
org.junit.ComparisonFailure: expected:<...:childNodeCount":2,"[d":{},"c]":{}},"b":{":childNo...> but was:<...:childNodeCount":2,"[c":{},"d]":{}},"b":{":childNo...>    at org.junit.Assert.assertEquals(Assert.java:115)
    at org.junit.Assert.assertEquals(Assert.java:144)
    at org.apache.jackrabbit.mk.store.DefaultRevisionStoreTest.testRevisionHistory(DefaultRevisionStoreTest.java:102)
    at sun.reflect.NativeMethodAccessorImpl.invoke0(Native Method)
    at sun.reflect.NativeMethodAccessorImpl.invoke(NativeMethodAccessorImpl.java:62)
    at sun.reflect.DelegatingMethodAccessorImpl.invoke(DelegatingMethodAccessorImpl.java:43)

10:43:30.001 [pool-73-thread-1] INFO  f.i.l.r.n.synth.SMTNopolSynthesizer - Not enough specifications: 1. A trivial patch is "true" or "false", please write new tests specifying SourceLocation org.apache.jackrabbit.mk.core.MicroKernelImpl:658.
10:43:30.001 [pool-2-thread-1] DEBUG fr.inria.lille.repair.nopol.NoPol - statement #26
10:43:30.001 [pool-2-thread-1] DEBUG fr.inria.lille.repair.nopol.NoPol - Analysing SourceLocation org.apache.jackrabbit.mk.core.MicroKernelImpl:657 which is executed by 1 tests
-1542657598
10:43:30.181 [pool-2-thread-1] DEBUG fr.inria.lille.repair.nopol.NoPol - looking with class fr.inria.lille.repair.nopol.spoon.smt.ConditionalAdder
SLF4J: Class path contains multiple SLF4J bindings.
SLF4J: Found binding in [jar:file:/home/tdurieux/.m2/repository/org/slf4j/slf4j-nop/1.5.8/slf4j-nop-1.5.8.jar!/org/slf4j/impl/StaticLoggerBinder.class]
SLF4J: Found binding in [jar:file:/home/tdurieux/.m2/repository/ch/qos/logback/logback-classic/1.0.1/logback-classic-1.0.1.jar!/org/slf4j/impl/StaticLoggerBinder.class]
SLF4J: Found binding in [jar:file:/home/tdurieux/.m2/repository/org/slf4j/slf4j-simple/1.6.1/slf4j-simple-1.6.1.jar!/org/slf4j/impl/StaticLoggerBinder.class]
SLF4J: Found binding in [jar:file:/home/tdurieux/defects4j4repair/script/../repair_tools/nopol.jar!/org/slf4j/impl/StaticLoggerBinder.class]
SLF4J: See http://www.slf4j.org/codes.html#multiple_bindings for an explanation.
SLF4J: The requested version 1.5.8 by your slf4j binding is not compatible with [1.6]
SLF4J: See http://www.slf4j.org/codes.html#version_mismatch for further details.
org.junit.ComparisonFailure: expected:<...:childNodeCount":2,"[d":{},"c]":{}},"b":{":childNo...> but was:<...:childNodeCount":2,"[c":{},"d]":{}},"b":{":childNo...>
    at org.junit.Assert.assertEquals(Assert.java:115)
    at org.junit.Assert.assertEquals(Assert.java:144)
    at org.apache.jackrabbit.mk.store.DefaultRevisionStoreTest.testRevisionHistory(DefaultRevisionStoreTest.java:102)
    at sun.reflect.NativeMethodAccessorImpl.invoke0(Native Method)
    at sun.reflect.NativeMethodAccessorImpl.invoke(NativeMethodAccessorImpl.java:62)
    at sun.reflect.DelegatingMethodAccessorImpl.invoke(DelegatingMethodAccessorImpl.java:43)
10:43:31.382 [pool-82-thread-1] INFO  xxl.java.junit.TestCasesListener - Tests run finished (1192 ms)
<> Total tests run: 4
<> Ignored tests: 1
<> Failed tests: 1
~ testRevisionHistory(org.apache.jackrabbit.mk.store.DefaultRevisionStoreTest)
[expected:<...:childNodeCount":2,"[d":{},"c]":{}},"b":{":childNo...> but was:<...:childNodeCount":2,"[c":{},"d]":{}},"b":{":childNo...>]
org.junit.ComparisonFailure: expected:<...:childNodeCount":2,"[d":{},"c]":{}},"b":{":childNo...> but was:<...:childNodeCount":2,"[c":{},"d]":{}},"b":{":childNo...>    at org.junit.Assert.assertEquals(Assert.java:115)
    at org.junit.Assert.assertEquals(Assert.java:144)
    at org.apache.jackrabbit.mk.store.DefaultRevisionStoreTest.testRevisionHistory(DefaultRevisionStoreTest.java:102)
    at sun.reflect.NativeMethodAccessorImpl.invoke0(Native Method)
    at sun.reflect.NativeMethodAccessorImpl.invoke(NativeMethodAccessorImpl.java:62)
    at sun.reflect.DelegatingMethodAccessorImpl.invoke(DelegatingMethodAccessorImpl.java:43)

SLF4J: Class path contains multiple SLF4J bindings.
SLF4J: Found binding in [jar:file:/home/tdurieux/.m2/repository/org/slf4j/slf4j-nop/1.5.8/slf4j-nop-1.5.8.jar!/org/slf4j/impl/StaticLoggerBinder.class]
SLF4J: Found binding in [jar:file:/home/tdurieux/.m2/repository/ch/qos/logback/logback-classic/1.0.1/logback-classic-1.0.1.jar!/org/slf4j/impl/StaticLoggerBinder.class]
SLF4J: Found binding in [jar:file:/home/tdurieux/.m2/repository/org/slf4j/slf4j-simple/1.6.1/slf4j-simple-1.6.1.jar!/org/slf4j/impl/StaticLoggerBinder.class]
SLF4J: Found binding in [jar:file:/home/tdurieux/defects4j4repair/script/../repair_tools/nopol.jar!/org/slf4j/impl/StaticLoggerBinder.class]
SLF4J: See http://www.slf4j.org/codes.html#multiple_bindings for an explanation.
SLF4J: The requested version 1.5.8 by your slf4j binding is not compatible with [1.6]
SLF4J: See http://www.slf4j.org/codes.html#version_mismatch for further details.
10:43:31.833 [pool-85-thread-1] INFO  f.i.l.c.t.SpecificationTestCasesListener - Tests run finished (85 ms)
<> Total tests run: 1
<> Ignored tests: 0
<> Failed tests: 0

org.junit.ComparisonFailure: expected:<...:childNodeCount":2,"[d":{},"c]":{}},"b":{":childNo...> but was:<...:childNodeCount":2,"[c":{},"d]":{}},"b":{":childNo...>
    at org.junit.Assert.assertEquals(Assert.java:115)
    at org.junit.Assert.assertEquals(Assert.java:144)
    at org.apache.jackrabbit.mk.store.DefaultRevisionStoreTest.testRevisionHistory(DefaultRevisionStoreTest.java:102)
    at sun.reflect.NativeMethodAccessorImpl.invoke0(Native Method)
    at sun.reflect.NativeMethodAccessorImpl.invoke(NativeMethodAccessorImpl.java:62)
    at sun.reflect.DelegatingMethodAccessorImpl.invoke(DelegatingMethodAccessorImpl.java:43)
10:43:31.838 [pool-86-thread-1] INFO  f.i.l.c.t.SpecificationTestCasesListener - Tests run finished (4 ms)
<> Total tests run: 1
<> Ignored tests: 0
<> Failed tests: 1
~ testRevisionHistory(org.apache.jackrabbit.mk.store.DefaultRevisionStoreTest)
[expected:<...:childNodeCount":2,"[d":{},"c]":{}},"b":{":childNo...> but was:<...:childNodeCount":2,"[c":{},"d]":{}},"b":{":childNo...>]
org.junit.ComparisonFailure: expected:<...:childNodeCount":2,"[d":{},"c]":{}},"b":{":childNo...> but was:<...:childNodeCount":2,"[c":{},"d]":{}},"b":{":childNo...>    at org.junit.Assert.assertEquals(Assert.java:115)
    at org.junit.Assert.assertEquals(Assert.java:144)
    at org.apache.jackrabbit.mk.store.DefaultRevisionStoreTest.testRevisionHistory(DefaultRevisionStoreTest.java:102)
    at sun.reflect.NativeMethodAccessorImpl.invoke0(Native Method)
    at sun.reflect.NativeMethodAccessorImpl.invoke(NativeMethodAccessorImpl.java:62)
    at sun.reflect.DelegatingMethodAccessorImpl.invoke(DelegatingMethodAccessorImpl.java:43)

10:43:31.845 [pool-87-thread-1] INFO  f.i.l.r.n.s.ConstraintModelBuilder$1PassingListener - Tests run finished (2 ms)
<> Total tests run: 1
<> Ignored tests: 0
<> Failed tests: 0

org.junit.ComparisonFailure: expected:<...:childNodeCount":2,"[d":{},"c]":{}},"b":{":childNo...> but was:<...:childNodeCount":2,"[c":{},"d]":{}},"b":{":childNo...>
    at org.junit.Assert.assertEquals(Assert.java:115)
    at org.junit.Assert.assertEquals(Assert.java:144)
    at org.apache.jackrabbit.mk.store.DefaultRevisionStoreTest.testRevisionHistory(DefaultRevisionStoreTest.java:102)
    at sun.reflect.NativeMethodAccessorImpl.invoke0(Native Method)
    at sun.reflect.NativeMethodAccessorImpl.invoke(NativeMethodAccessorImpl.java:62)
    at sun.reflect.DelegatingMethodAccessorImpl.invoke(DelegatingMethodAccessorImpl.java:43)
10:43:31.848 [pool-88-thread-1] INFO  f.i.l.r.n.s.ConstraintModelBuilder$1PassingListener - Tests run finished (2 ms)
<> Total tests run: 1
<> Ignored tests: 0
<> Failed tests: 1
~ testRevisionHistory(org.apache.jackrabbit.mk.store.DefaultRevisionStoreTest)
[expected:<...:childNodeCount":2,"[d":{},"c]":{}},"b":{":childNo...> but was:<...:childNodeCount":2,"[c":{},"d]":{}},"b":{":childNo...>]
org.junit.ComparisonFailure: expected:<...:childNodeCount":2,"[d":{},"c]":{}},"b":{":childNo...> but was:<...:childNodeCount":2,"[c":{},"d]":{}},"b":{":childNo...>    at org.junit.Assert.assertEquals(Assert.java:115)
    at org.junit.Assert.assertEquals(Assert.java:144)
    at org.apache.jackrabbit.mk.store.DefaultRevisionStoreTest.testRevisionHistory(DefaultRevisionStoreTest.java:102)
    at sun.reflect.NativeMethodAccessorImpl.invoke0(Native Method)
    at sun.reflect.NativeMethodAccessorImpl.invoke(NativeMethodAccessorImpl.java:62)
    at sun.reflect.DelegatingMethodAccessorImpl.invoke(DelegatingMethodAccessorImpl.java:43)

10:43:31.849 [pool-81-thread-1] INFO  f.i.l.r.n.synth.SMTNopolSynthesizer - Not enough specifications: 1. A trivial patch is "true" or "false", please write new tests specifying SourceLocation org.apache.jackrabbit.mk.core.MicroKernelImpl:657.
10:43:31.849 [pool-2-thread-1] DEBUG fr.inria.lille.repair.nopol.NoPol - looking with class fr.inria.lille.repair.nopol.spoon.smt.ConditionalReplacer
SLF4J: Class path contains multiple SLF4J bindings.
SLF4J: Found binding in [jar:file:/home/tdurieux/.m2/repository/org/slf4j/slf4j-nop/1.5.8/slf4j-nop-1.5.8.jar!/org/slf4j/impl/StaticLoggerBinder.class]
SLF4J: Found binding in [jar:file:/home/tdurieux/.m2/repository/ch/qos/logback/logback-classic/1.0.1/logback-classic-1.0.1.jar!/org/slf4j/impl/StaticLoggerBinder.class]
SLF4J: Found binding in [jar:file:/home/tdurieux/.m2/repository/org/slf4j/slf4j-simple/1.6.1/slf4j-simple-1.6.1.jar!/org/slf4j/impl/StaticLoggerBinder.class]
SLF4J: Found binding in [jar:file:/home/tdurieux/defects4j4repair/script/../repair_tools/nopol.jar!/org/slf4j/impl/StaticLoggerBinder.class]
SLF4J: See http://www.slf4j.org/codes.html#multiple_bindings for an explanation.
SLF4J: The requested version 1.5.8 by your slf4j binding is not compatible with [1.6]
SLF4J: See http://www.slf4j.org/codes.html#version_mismatch for further details.
org.junit.ComparisonFailure: expected:<...:childNodeCount":2,"[d":{},"c]":{}},"b":{":childNo...> but was:<...:childNodeCount":2,"[c":{},"d]":{}},"b":{":childNo...>
    at org.junit.Assert.assertEquals(Assert.java:115)
    at org.junit.Assert.assertEquals(Assert.java:144)
    at org.apache.jackrabbit.mk.store.DefaultRevisionStoreTest.testRevisionHistory(DefaultRevisionStoreTest.java:102)
    at sun.reflect.NativeMethodAccessorImpl.invoke0(Native Method)
    at sun.reflect.NativeMethodAccessorImpl.invoke(NativeMethodAccessorImpl.java:62)
    at sun.reflect.DelegatingMethodAccessorImpl.invoke(DelegatingMethodAccessorImpl.java:43)
10:43:32.992 [pool-90-thread-1] INFO  xxl.java.junit.TestCasesListener - Tests run finished (1134 ms)
<> Total tests run: 4
<> Ignored tests: 1
<> Failed tests: 1
~ testRevisionHistory(org.apache.jackrabbit.mk.store.DefaultRevisionStoreTest)
[expected:<...:childNodeCount":2,"[d":{},"c]":{}},"b":{":childNo...> but was:<...:childNodeCount":2,"[c":{},"d]":{}},"b":{":childNo...>]
org.junit.ComparisonFailure: expected:<...:childNodeCount":2,"[d":{},"c]":{}},"b":{":childNo...> but was:<...:childNodeCount":2,"[c":{},"d]":{}},"b":{":childNo...>    at org.junit.Assert.assertEquals(Assert.java:115)
    at org.junit.Assert.assertEquals(Assert.java:144)
    at org.apache.jackrabbit.mk.store.DefaultRevisionStoreTest.testRevisionHistory(DefaultRevisionStoreTest.java:102)
    at sun.reflect.NativeMethodAccessorImpl.invoke0(Native Method)
    at sun.reflect.NativeMethodAccessorImpl.invoke(NativeMethodAccessorImpl.java:62)
    at sun.reflect.DelegatingMethodAccessorImpl.invoke(DelegatingMethodAccessorImpl.java:43)

SLF4J: Class path contains multiple SLF4J bindings.
SLF4J: Found binding in [jar:file:/home/tdurieux/.m2/repository/org/slf4j/slf4j-nop/1.5.8/slf4j-nop-1.5.8.jar!/org/slf4j/impl/StaticLoggerBinder.class]
SLF4J: Found binding in [jar:file:/home/tdurieux/.m2/repository/ch/qos/logback/logback-classic/1.0.1/logback-classic-1.0.1.jar!/org/slf4j/impl/StaticLoggerBinder.class]
SLF4J: Found binding in [jar:file:/home/tdurieux/.m2/repository/org/slf4j/slf4j-simple/1.6.1/slf4j-simple-1.6.1.jar!/org/slf4j/impl/StaticLoggerBinder.class]
SLF4J: Found binding in [jar:file:/home/tdurieux/defects4j4repair/script/../repair_tools/nopol.jar!/org/slf4j/impl/StaticLoggerBinder.class]
SLF4J: See http://www.slf4j.org/codes.html#multiple_bindings for an explanation.
SLF4J: The requested version 1.5.8 by your slf4j binding is not compatible with [1.6]
SLF4J: See http://www.slf4j.org/codes.html#version_mismatch for further details.
10:43:33.654 [pool-93-thread-1] INFO  f.i.l.c.t.SpecificationTestCasesListener - Tests run finished (320 ms)
<> Total tests run: 1
<> Ignored tests: 0
<> Failed tests: 0

org.junit.ComparisonFailure: expected:<...:childNodeCount":2,"[d":{":childNodeCount":0},"c":{":childNodeCount":1]}},"b":{":childNodeC...> but was:<...:childNodeCount":2,"[c":{":childNodeCount":1},"d":{":childNodeCount":0]}},"b":{":childNodeC...>
    at org.junit.Assert.assertEquals(Assert.java:115)
    at org.junit.Assert.assertEquals(Assert.java:144)
    at org.apache.jackrabbit.mk.store.DefaultRevisionStoreTest.testRevisionHistory(DefaultRevisionStoreTest.java:102)
    at sun.reflect.NativeMethodAccessorImpl.invoke0(Native Method)
    at sun.reflect.NativeMethodAccessorImpl.invoke(NativeMethodAccessorImpl.java:62)
    at sun.reflect.DelegatingMethodAccessorImpl.invoke(DelegatingMethodAccessorImpl.java:43)
10:43:33.659 [pool-94-thread-1] INFO  f.i.l.c.t.SpecificationTestCasesListener - Tests run finished (4 ms)
<> Total tests run: 1
<> Ignored tests: 0
<> Failed tests: 1
~ testRevisionHistory(org.apache.jackrabbit.mk.store.DefaultRevisionStoreTest)
[expected:<...:childNodeCount":2,"[d":{":childNodeCount":0},"c":{":childNodeCount":1]}},"b":{":childNodeC...> but was:<...:childNodeCount":2,"[c":{":childNodeCount":1},"d":{":childNodeCount":0]}},"b":{":childNodeC...>]
org.junit.ComparisonFailure: expected:<...:childNodeCount":2,"[d":{":childNodeCount":0},"c":{":childNodeCount":1]}},"b":{":childNodeC...> but was:<...:childNodeCount":2,"[c":{":childNodeCount":1},"d":{":childNodeCount":0]}},"b":{":childNodeC...>    at org.junit.Assert.assertEquals(Assert.java:115)
    at org.junit.Assert.assertEquals(Assert.java:144)
    at org.apache.jackrabbit.mk.store.DefaultRevisionStoreTest.testRevisionHistory(DefaultRevisionStoreTest.java:102)
    at sun.reflect.NativeMethodAccessorImpl.invoke0(Native Method)
    at sun.reflect.NativeMethodAccessorImpl.invoke(NativeMethodAccessorImpl.java:62)
    at sun.reflect.DelegatingMethodAccessorImpl.invoke(DelegatingMethodAccessorImpl.java:43)

10:43:33.666 [pool-95-thread-1] INFO  f.i.l.r.n.s.ConstraintModelBuilder$1PassingListener - Tests run finished (2 ms)
<> Total tests run: 1
<> Ignored tests: 0
<> Failed tests: 0

org.junit.ComparisonFailure: expected:<...:childNodeCount":2,"[d":{":childNodeCount":0},"c":{":childNodeCount":1]}},"b":{":childNodeC...> but was:<...:childNodeCount":2,"[c":{":childNodeCount":1},"d":{":childNodeCount":0]}},"b":{":childNodeC...>
    at org.junit.Assert.assertEquals(Assert.java:115)
    at org.junit.Assert.assertEquals(Assert.java:144)
    at org.apache.jackrabbit.mk.store.DefaultRevisionStoreTest.testRevisionHistory(DefaultRevisionStoreTest.java:102)
    at sun.reflect.NativeMethodAccessorImpl.invoke0(Native Method)
    at sun.reflect.NativeMethodAccessorImpl.invoke(NativeMethodAccessorImpl.java:62)
    at sun.reflect.DelegatingMethodAccessorImpl.invoke(DelegatingMethodAccessorImpl.java:43)
10:43:33.669 [pool-96-thread-1] INFO  f.i.l.r.n.s.ConstraintModelBuilder$1PassingListener - Tests run finished (2 ms)
<> Total tests run: 1
<> Ignored tests: 0
<> Failed tests: 1
~ testRevisionHistory(org.apache.jackrabbit.mk.store.DefaultRevisionStoreTest)
[expected:<...:childNodeCount":2,"[d":{":childNodeCount":0},"c":{":childNodeCount":1]}},"b":{":childNodeC...> but was:<...:childNodeCount":2,"[c":{":childNodeCount":1},"d":{":childNodeCount":0]}},"b":{":childNodeC...>]
org.junit.ComparisonFailure: expected:<...:childNodeCount":2,"[d":{":childNodeCount":0},"c":{":childNodeCount":1]}},"b":{":childNodeC...> but was:<...:childNodeCount":2,"[c":{":childNodeCount":1},"d":{":childNodeCount":0]}},"b":{":childNodeC...>    at org.junit.Assert.assertEquals(Assert.java:115)
    at org.junit.Assert.assertEquals(Assert.java:144)
    at org.apache.jackrabbit.mk.store.DefaultRevisionStoreTest.testRevisionHistory(DefaultRevisionStoreTest.java:102)
    at sun.reflect.NativeMethodAccessorImpl.invoke0(Native Method)
    at sun.reflect.NativeMethodAccessorImpl.invoke(NativeMethodAccessorImpl.java:62)
    at sun.reflect.DelegatingMethodAccessorImpl.invoke(DelegatingMethodAccessorImpl.java:43)

10:43:33.670 [pool-89-thread-1] INFO  f.i.l.r.n.synth.SMTNopolSynthesizer - Not enough specifications: 1. A trivial patch is "true" or "false", please write new tests specifying SourceLocation org.apache.jackrabbit.mk.core.MicroKernelImpl:657.
10:43:33.670 [pool-2-thread-1] DEBUG fr.inria.lille.repair.nopol.NoPol - statement #27
10:43:33.670 [pool-2-thread-1] DEBUG fr.inria.lille.repair.nopol.NoPol - Analysing SourceLocation org.apache.jackrabbit.mk.core.MicroKernelImpl:656 which is executed by 1 tests
-1542657598
10:43:33.859 [pool-2-thread-1] DEBUG fr.inria.lille.repair.nopol.NoPol - looking with class fr.inria.lille.repair.nopol.spoon.smt.ConditionalAdder
SLF4J: Class path contains multiple SLF4J bindings.
SLF4J: Found binding in [jar:file:/home/tdurieux/.m2/repository/org/slf4j/slf4j-nop/1.5.8/slf4j-nop-1.5.8.jar!/org/slf4j/impl/StaticLoggerBinder.class]
SLF4J: Found binding in [jar:file:/home/tdurieux/.m2/repository/ch/qos/logback/logback-classic/1.0.1/logback-classic-1.0.1.jar!/org/slf4j/impl/StaticLoggerBinder.class]
SLF4J: Found binding in [jar:file:/home/tdurieux/.m2/repository/org/slf4j/slf4j-simple/1.6.1/slf4j-simple-1.6.1.jar!/org/slf4j/impl/StaticLoggerBinder.class]
SLF4J: Found binding in [jar:file:/home/tdurieux/defects4j4repair/script/../repair_tools/nopol.jar!/org/slf4j/impl/StaticLoggerBinder.class]
SLF4J: See http://www.slf4j.org/codes.html#multiple_bindings for an explanation.
SLF4J: The requested version 1.5.8 by your slf4j binding is not compatible with [1.6]
SLF4J: See http://www.slf4j.org/codes.html#version_mismatch for further details.
org.junit.ComparisonFailure: expected:<...:childNodeCount":2,"[d":{},"c]":{}},"b":{":childNo...> but was:<...:childNodeCount":2,"[c":{},"d]":{}},"b":{":childNo...>
    at org.junit.Assert.assertEquals(Assert.java:115)
    at org.junit.Assert.assertEquals(Assert.java:144)
    at org.apache.jackrabbit.mk.store.DefaultRevisionStoreTest.testRevisionHistory(DefaultRevisionStoreTest.java:102)
    at sun.reflect.NativeMethodAccessorImpl.invoke0(Native Method)
    at sun.reflect.NativeMethodAccessorImpl.invoke(NativeMethodAccessorImpl.java:62)
    at sun.reflect.DelegatingMethodAccessorImpl.invoke(DelegatingMethodAccessorImpl.java:43)
10:43:34.992 [pool-98-thread-1] INFO  xxl.java.junit.TestCasesListener - Tests run finished (1123 ms)
<> Total tests run: 4
<> Ignored tests: 1
<> Failed tests: 1
~ testRevisionHistory(org.apache.jackrabbit.mk.store.DefaultRevisionStoreTest)
[expected:<...:childNodeCount":2,"[d":{},"c]":{}},"b":{":childNo...> but was:<...:childNodeCount":2,"[c":{},"d]":{}},"b":{":childNo...>]
org.junit.ComparisonFailure: expected:<...:childNodeCount":2,"[d":{},"c]":{}},"b":{":childNo...> but was:<...:childNodeCount":2,"[c":{},"d]":{}},"b":{":childNo...>    at org.junit.Assert.assertEquals(Assert.java:115)
    at org.junit.Assert.assertEquals(Assert.java:144)
    at org.apache.jackrabbit.mk.store.DefaultRevisionStoreTest.testRevisionHistory(DefaultRevisionStoreTest.java:102)
    at sun.reflect.NativeMethodAccessorImpl.invoke0(Native Method)
    at sun.reflect.NativeMethodAccessorImpl.invoke(NativeMethodAccessorImpl.java:62)
    at sun.reflect.DelegatingMethodAccessorImpl.invoke(DelegatingMethodAccessorImpl.java:43)

SLF4J: Class path contains multiple SLF4J bindings.
SLF4J: Found binding in [jar:file:/home/tdurieux/.m2/repository/org/slf4j/slf4j-nop/1.5.8/slf4j-nop-1.5.8.jar!/org/slf4j/impl/StaticLoggerBinder.class]
SLF4J: Found binding in [jar:file:/home/tdurieux/.m2/repository/ch/qos/logback/logback-classic/1.0.1/logback-classic-1.0.1.jar!/org/slf4j/impl/StaticLoggerBinder.class]
SLF4J: Found binding in [jar:file:/home/tdurieux/.m2/repository/org/slf4j/slf4j-simple/1.6.1/slf4j-simple-1.6.1.jar!/org/slf4j/impl/StaticLoggerBinder.class]
SLF4J: Found binding in [jar:file:/home/tdurieux/defects4j4repair/script/../repair_tools/nopol.jar!/org/slf4j/impl/StaticLoggerBinder.class]
SLF4J: See http://www.slf4j.org/codes.html#multiple_bindings for an explanation.
SLF4J: The requested version 1.5.8 by your slf4j binding is not compatible with [1.6]
SLF4J: See http://www.slf4j.org/codes.html#version_mismatch for further details.
10:43:35.455 [pool-101-thread-1] INFO  f.i.l.c.t.SpecificationTestCasesListener - Tests run finished (83 ms)
<> Total tests run: 1
<> Ignored tests: 0
<> Failed tests: 0

org.junit.ComparisonFailure: expected:<...:childNodeCount":2,"[d":{},"c]":{}},"b":{":childNo...> but was:<...:childNodeCount":2,"[c":{},"d]":{}},"b":{":childNo...>
    at org.junit.Assert.assertEquals(Assert.java:115)
    at org.junit.Assert.assertEquals(Assert.java:144)
    at org.apache.jackrabbit.mk.store.DefaultRevisionStoreTest.testRevisionHistory(DefaultRevisionStoreTest.java:102)
    at sun.reflect.NativeMethodAccessorImpl.invoke0(Native Method)
    at sun.reflect.NativeMethodAccessorImpl.invoke(NativeMethodAccessorImpl.java:62)
    at sun.reflect.DelegatingMethodAccessorImpl.invoke(DelegatingMethodAccessorImpl.java:43)
10:43:35.458 [pool-102-thread-1] INFO  f.i.l.c.t.SpecificationTestCasesListener - Tests run finished (2 ms)
<> Total tests run: 1
<> Ignored tests: 0
<> Failed tests: 1
~ testRevisionHistory(org.apache.jackrabbit.mk.store.DefaultRevisionStoreTest)
[expected:<...:childNodeCount":2,"[d":{},"c]":{}},"b":{":childNo...> but was:<...:childNodeCount":2,"[c":{},"d]":{}},"b":{":childNo...>]
org.junit.ComparisonFailure: expected:<...:childNodeCount":2,"[d":{},"c]":{}},"b":{":childNo...> but was:<...:childNodeCount":2,"[c":{},"d]":{}},"b":{":childNo...>    at org.junit.Assert.assertEquals(Assert.java:115)
    at org.junit.Assert.assertEquals(Assert.java:144)
    at org.apache.jackrabbit.mk.store.DefaultRevisionStoreTest.testRevisionHistory(DefaultRevisionStoreTest.java:102)
    at sun.reflect.NativeMethodAccessorImpl.invoke0(Native Method)
    at sun.reflect.NativeMethodAccessorImpl.invoke(NativeMethodAccessorImpl.java:62)
    at sun.reflect.DelegatingMethodAccessorImpl.invoke(DelegatingMethodAccessorImpl.java:43)

10:43:35.465 [pool-103-thread-1] INFO  f.i.l.r.n.s.ConstraintModelBuilder$1PassingListener - Tests run finished (2 ms)
<> Total tests run: 1
<> Ignored tests: 0
<> Failed tests: 0

org.junit.ComparisonFailure: expected:<...:childNodeCount":2,"[d":{},"c]":{}},"b":{":childNo...> but was:<...:childNodeCount":2,"[c":{},"d]":{}},"b":{":childNo...>
    at org.junit.Assert.assertEquals(Assert.java:115)
    at org.junit.Assert.assertEquals(Assert.java:144)
    at org.apache.jackrabbit.mk.store.DefaultRevisionStoreTest.testRevisionHistory(DefaultRevisionStoreTest.java:102)
    at sun.reflect.NativeMethodAccessorImpl.invoke0(Native Method)
    at sun.reflect.NativeMethodAccessorImpl.invoke(NativeMethodAccessorImpl.java:62)
    at sun.reflect.DelegatingMethodAccessorImpl.invoke(DelegatingMethodAccessorImpl.java:43)
10:43:35.468 [pool-104-thread-1] INFO  f.i.l.r.n.s.ConstraintModelBuilder$1PassingListener - Tests run finished (2 ms)
<> Total tests run: 1
<> Ignored tests: 0
<> Failed tests: 1
~ testRevisionHistory(org.apache.jackrabbit.mk.store.DefaultRevisionStoreTest)
[expected:<...:childNodeCount":2,"[d":{},"c]":{}},"b":{":childNo...> but was:<...:childNodeCount":2,"[c":{},"d]":{}},"b":{":childNo...>]
org.junit.ComparisonFailure: expected:<...:childNodeCount":2,"[d":{},"c]":{}},"b":{":childNo...> but was:<...:childNodeCount":2,"[c":{},"d]":{}},"b":{":childNo...>    at org.junit.Assert.assertEquals(Assert.java:115)
    at org.junit.Assert.assertEquals(Assert.java:144)
    at org.apache.jackrabbit.mk.store.DefaultRevisionStoreTest.testRevisionHistory(DefaultRevisionStoreTest.java:102)
    at sun.reflect.NativeMethodAccessorImpl.invoke0(Native Method)
    at sun.reflect.NativeMethodAccessorImpl.invoke(NativeMethodAccessorImpl.java:62)
    at sun.reflect.DelegatingMethodAccessorImpl.invoke(DelegatingMethodAccessorImpl.java:43)

10:43:35.810 [pool-97-thread-1] DEBUG f.i.l.c.s.ConstraintBasedSynthesis - Operators:
10:43:35.925 [pool-97-thread-1] DEBUG f.i.l.c.s.ConstraintBasedSynthesis - Successful code synthesis: filter!=null
10:43:35.925 [pool-97-thread-1] INFO  f.i.l.repair.nopol.patch.TestPatch - Applying patch: org.apache.jackrabbit.mk.core.MicroKernelImpl:656: PRECONDITION filter!=null
10:43:36.223 [pool-97-thread-1] INFO  f.i.l.repair.nopol.patch.TestPatch - Running test suite to check the patch "filter!=null" is working
SLF4J: Class path contains multiple SLF4J bindings.
SLF4J: Found binding in [jar:file:/home/tdurieux/.m2/repository/org/slf4j/slf4j-nop/1.5.8/slf4j-nop-1.5.8.jar!/org/slf4j/impl/StaticLoggerBinder.class]
SLF4J: Found binding in [jar:file:/home/tdurieux/.m2/repository/ch/qos/logback/logback-classic/1.0.1/logback-classic-1.0.1.jar!/org/slf4j/impl/StaticLoggerBinder.class]
SLF4J: Found binding in [jar:file:/home/tdurieux/.m2/repository/org/slf4j/slf4j-simple/1.6.1/slf4j-simple-1.6.1.jar!/org/slf4j/impl/StaticLoggerBinder.class]
SLF4J: Found binding in [jar:file:/home/tdurieux/defects4j4repair/script/../repair_tools/nopol.jar!/org/slf4j/impl/StaticLoggerBinder.class]
SLF4J: See http://www.slf4j.org/codes.html#multiple_bindings for an explanation.
SLF4J: The requested version 1.5.8 by your slf4j binding is not compatible with [1.6]
SLF4J: See http://www.slf4j.org/codes.html#version_mismatch for further details.
10:43:36.319 [pool-2-thread-1] INFO  fr.inria.lille.repair.nopol.NoPol - ----INFORMATION----
10:43:36.351 [pool-2-thread-1] INFO  fr.inria.lille.repair.nopol.NoPol - Nb classes : 72
10:43:36.351 [pool-2-thread-1] INFO  fr.inria.lille.repair.nopol.NoPol - Nb methods : 475
10:43:36.351 [pool-2-thread-1] INFO  fr.inria.lille.repair.nopol.NoPol - Nb Statements Analyzed : 14
10:43:36.351 [pool-2-thread-1] INFO  fr.inria.lille.repair.nopol.NoPol - Nb Statements with Angelic Value Found : 1
10:43:36.351 [pool-2-thread-1] INFO  fr.inria.lille.repair.nopol.NoPol - Nb inputs in SMT : 3
10:43:36.351 [pool-2-thread-1] INFO  fr.inria.lille.repair.nopol.NoPol - Nb SMT level: 1
10:43:36.351 [pool-2-thread-1] INFO  fr.inria.lille.repair.nopol.NoPol - Nb SMT components: [0] []
10:43:36.351 [pool-2-thread-1] INFO  fr.inria.lille.repair.nopol.NoPol - Nb variables in SMT : 17
10:43:36.351 [pool-2-thread-1] INFO  fr.inria.lille.repair.nopol.NoPol - NoPol Execution time : 69662ms
10:43:36.352 [pool-2-thread-1] INFO  fr.inria.lille.repair.nopol.NoPol - 
10:43:36.352 [pool-2-thread-1] INFO  fr.inria.lille.repair.nopol.NoPol - ----PATCH FOUND----
10:43:36.352 [pool-2-thread-1] INFO  fr.inria.lille.repair.nopol.NoPol - filter!=null
10:43:36.370 [pool-2-thread-1] INFO  fr.inria.lille.repair.nopol.NoPol - Nb test that executes the patch: 1
10:43:36.371 [pool-2-thread-1] INFO  fr.inria.lille.repair.nopol.NoPol - org.apache.jackrabbit.mk.core.MicroKernelImpl:656: PRECONDITION
10:43:36.406 [pool-2-thread-1] INFO  fr.inria.lille.repair.nopol.NoPol - --- a/oak-mk/src/main/java/org/apache/jackrabbit/mk/core/MicroKernelImpl.java
+++ b/oak-mk/src/main/java/org/apache/jackrabbit/mk/core/MicroKernelImpl.java
@@ -655,3 +655,5 @@
                     }
-                    builder.key(entry.getName()).object();
+                    if (filter!=null) {
+                        builder.key(entry.getName()).object();
+                    }
                     if (depth > 0) {

PATCH
85.93user 6.00system 1:11.66elapsed 128%CPU (0avgtext+0avgdata 1776448maxresident)k
58240inputs+44144outputs (28major+850112minor)pagefaults 0swaps


Node: graphene-109.nancy.grid5000.fr



Date: Sat Dec 29 10:43:36 EST 2018

