cd /tmp/jGenProg_Defects4J_Math_31;
export JAVA_TOOL_OPTIONS="-Dfile.encoding=UTF8 -Duser.language=en-US -Duser.country=US -Duser.language=en";
TZ="America/New_York"; export TZ;
export PATH="/usr/lib/jvm/java-1.8.0-openjdk-amd64/bin/:$PATH";
export JAVA_HOME="/usr/lib/jvm/java-1.8.0-openjdk-amd64/bin/";
time java -Xmx4048m -cp /home/tdurieux/defects4j4repair/script/../libs/jtestex7.jar:/home/tdurieux/defects4j4repair/script/../repair_tools/astor.jar fr.inria.main.evolution.AstorMain \
	-mode jgenprog \
	-location . \
	-id Math-31 \
	-failing org.apache.commons.math3.distribution.BinomialDistributionTest:org.apache.commons.math3.distribution.FDistributionTest \
	-jvm4testexecution /home/tdurieux/openjdk-1.7.0/bin/ \
	-jvm4evosuitetestexecution /home/tdurieux/openjdk-1.7.0/bin/ \
	-maxgen 1000000 \
	-maxtime 120 \
	-stopfirst true \
	-seed 0 \
	-scope local \
	-population 1 \
	-javacompliancelevel 5 \
	-srcjavafolder src/main/java/ \
	-srctestfolder src/test/java/ \
	-binjavafolder target/classes/ \
	-bintestfolder target/test-classes/ \
	-parameters x:x \
	-dependencies /home/tdurieux/defects4j4repair/script/../benchmarks/defects4j/framework/projects/lib/junit-4.11.jar:/home/tdurieux/defects4j4repair/script/../benchmarks/defects4j/framework/projects/lib/cobertura-2.0.3.jar:/tmp/jGenProg_Defects4J_Math_31/target/classes/:/tmp/jGenProg_Defects4J_Math_31/target/test-classes/:/home/tdurieux/defects4j4repair/script/../benchmarks/defects4j/framework/projects/Math/lib/commons-discovery-0.5.jar;
	echo "\n\nNode: `hostname`\n";
	echo "\n\nDate: `date`\n";
Picked up JAVA_TOOL_OPTIONS: -Dfile.encoding=UTF8 -Duser.language=en-US -Duser.country=US -Duser.language=en
2018-12-01 17:47:55,211 INFO main - command line arguments: [-mode  jgenprog  -location  .  -id  Math-31  -failing  org.apache.commons.math3.distribution.BinomialDistributionTest:org.apache.commons.math3.distribution.FDistributionTest  -jvm4testexecution  /home/tdurieux/openjdk-1.7.0/bin/  -jvm4evosuitetestexecution  /home/tdurieux/openjdk-1.7.0/bin/  -maxgen  1000000  -maxtime  120  -stopfirst  true  -seed  0  -scope  local  -population  1  -javacompliancelevel  5  -srcjavafolder  src/main/java/  -srctestfolder  src/test/java/  -binjavafolder  target/classes/  -bintestfolder  target/test-classes/  -parameters  x:x  -dependencies  /home/tdurieux/defects4j4repair/script/../benchmarks/defects4j/framework/projects/lib/junit-4.11.jar:/home/tdurieux/defects4j4repair/script/../benchmarks/defects4j/framework/projects/lib/cobertura-2.0.3.jar:/tmp/jGenProg_Defects4J_Math_31/target/classes/:/tmp/jGenProg_Defects4J_Math_31/target/test-classes/:/home/tdurieux/defects4j4repair/script/../benchmarks/defects4j/framework/projects/Math/lib/commons-discovery-0.5.jar]
2018-12-01 17:47:55,213 INFO fr.inria.main.evolution.AstorMain - Running Astor on a JDK at /usr/lib/jvm/java-8-openjdk-amd64/jre
[INFO ] fr.inria.main.AbstractMain.determineSourceFolders(AbstractMain.java:842) - Source folders: [/tmp/jGenProg_Defects4J_Math_31/./src/main/java]
[INFO ] fr.inria.main.AbstractMain.determineSourceFolders(AbstractMain.java:861) - Source Test folders: [/tmp/jGenProg_Defects4J_Math_31/./src/test/java]
[INFO ] fr.inria.astor.core.faultlocalization.gzoltar.GZoltarFaultLocalization.calculateSuspicious(GZoltarFaultLocalization.java:75) - -Executing Gzoltar classpath: /tmp/jGenProg_Defects4J_Math_31/./output_astor/AstorMain-Math-31//bin//default from 632 classes with test cases
[INFO ] fr.inria.astor.core.faultlocalization.gzoltar.GZoltarFaultLocalization.searchSuspicious(GZoltarFaultLocalization.java:149) - Gzoltar fault localization: min susp value parameter: 0.1
[INFO ] fr.inria.astor.core.faultlocalization.gzoltar.GZoltarFaultLocalization.searchSuspicious(GZoltarFaultLocalization.java:169) - -gz-Adding classpath: [/tmp/jGenProg_Defects4J_Math_31/./output_astor/AstorMain-Math-31//bin//default, /tmp/jGenProg_Defects4J_Math_31/target/classes/, /home/tdurieux/defects4j4repair/script/../benchmarks/defects4j/framework/projects/lib/cobertura-2.0.3.jar, /tmp/jGenProg_Defects4J_Math_31/target/test-classes/, /home/tdurieux/defects4j4repair/script/../benchmarks/defects4j/framework/projects/Math/lib/commons-discovery-0.5.jar, /home/tdurieux/defects4j4repair/script/../benchmarks/defects4j/framework/projects/lib/junit-4.11.jar]
[INFO ] fr.inria.astor.core.faultlocalization.gzoltar.GZoltarFaultLocalization.searchSuspicious(GZoltarFaultLocalization.java:206) - Test failt: org.apache.commons.math3.distribution.BinomialDistributionTest#testMath718
[INFO ] fr.inria.astor.core.faultlocalization.gzoltar.GZoltarFaultLocalization.searchSuspicious(GZoltarFaultLocalization.java:206) - Test failt: org.apache.commons.math3.util.FastMathTest#checkMissingFastMathClasses
[INFO ] fr.inria.astor.core.faultlocalization.gzoltar.GZoltarFaultLocalization.searchSuspicious(GZoltarFaultLocalization.java:206) - Test failt: org.apache.commons.math3.distribution.FDistributionTest#testMath785
[INFO ] fr.inria.astor.core.faultlocalization.gzoltar.GZoltarFaultLocalization.searchSuspicious(GZoltarFaultLocalization.java:218) - Gzoltar Test Result Total:3602, fails: 3, GZoltar suspicious 25657, with positive susp 417
[INFO ] fr.inria.astor.core.faultlocalization.gzoltar.GZoltarFaultLocalization.searchSuspicious(GZoltarFaultLocalization.java:226) - nr test results 3602
[INFO ] fr.inria.astor.core.faultlocalization.gzoltar.GZoltarFaultLocalization.searchSuspicious(GZoltarFaultLocalization.java:271) - Gzoltar found: 68 with susp > 0.1, we consider: 68
[INFO ] fr.inria.astor.core.solutionsearch.AstorCoreEngine.initPopulation(AstorCoreEngine.java:689) - 
---- Creating spoon model
[INFO ] fr.inria.astor.core.solutionsearch.AstorCoreEngine.initModel(AstorCoreEngine.java:781) - Creating model,  Code location from working folder: /tmp/jGenProg_Defects4J_Math_31/./output_astor/AstorMain-Math-31//src//default
[INFO ] fr.inria.astor.core.manipulation.MutationSupporter.buildModel(MutationSupporter.java:65) - building model: /tmp/jGenProg_Defects4J_Math_31/./output_astor/AstorMain-Math-31//src//default, compliance level: 5
[INFO ] fr.inria.astor.core.manipulation.MutationSupporter.buildModel(MutationSupporter.java:78) - Classpath for building SpoonModel [/home/tdurieux/defects4j4repair/script/../benchmarks/defects4j/framework/projects/lib/junit-4.11.jar, /home/tdurieux/defects4j4repair/script/../benchmarks/defects4j/framework/projects/lib/cobertura-2.0.3.jar, /tmp/jGenProg_Defects4J_Math_31/target/classes/, /tmp/jGenProg_Defects4J_Math_31/target/test-classes/, /home/tdurieux/defects4j4repair/script/../benchmarks/defects4j/framework/projects/Math/lib/commons-discovery-0.5.jar]
[INFO ] fr.inria.astor.core.solutionsearch.AstorCoreEngine.initPopulation(AstorCoreEngine.java:693) - 
---- Initial suspicious size: 65
[INFO ] fr.inria.astor.core.solutionsearch.population.ProgramVariantFactory.createProgramInstance(ProgramVariantFactory.java:127) - Total suspicious from FL: 65,  65
[INFO ] fr.inria.astor.core.solutionsearch.population.ProgramVariantFactory.createProgramInstance(ProgramVariantFactory.java:136) - Total ModPoint created: 65
[INFO ] fr.inria.astor.core.solutionsearch.population.ProgramVariantFactory.createInitialPopulation(ProgramVariantFactory.java:82) - Creating program variant #1, [Variant id: 1, #gens: 65, #ops: 0, parent:-]
[INFO ] fr.inria.astor.core.setup.ConfigurationProperties.print(ConfigurationProperties.java:66) - ----------------------------
[INFO ] fr.inria.astor.core.setup.ConfigurationProperties.print(ConfigurationProperties.java:67) - ---Configuration properties:---Execution values
[INFO ] fr.inria.astor.core.setup.ConfigurationProperties.print(ConfigurationProperties.java:69) - p:lastJUnitVersion= ./examples/libs/junit-4.11.jar
[INFO ] fr.inria.astor.core.setup.ConfigurationProperties.print(ConfigurationProperties.java:69) - p:alternativecompliancelevel= 4
[INFO ] fr.inria.astor.core.setup.ConfigurationProperties.print(ConfigurationProperties.java:69) - p:ignoredTestCases= 
[INFO ] fr.inria.astor.core.setup.ConfigurationProperties.print(ConfigurationProperties.java:69) - p:workingDirectory= /tmp/jGenProg_Defects4J_Math_31/./output_astor
[INFO ] fr.inria.astor.core.setup.ConfigurationProperties.print(ConfigurationProperties.java:69) - p:manipulatesuper= false
[INFO ] fr.inria.astor.core.setup.ConfigurationProperties.print(ConfigurationProperties.java:69) - p:validation= process
[INFO ] fr.inria.astor.core.setup.ConfigurationProperties.print(ConfigurationProperties.java:69) - p:jvm4testexecution= /home/tdurieux/openjdk-1.7.0/bin/
[INFO ] fr.inria.astor.core.setup.ConfigurationProperties.print(ConfigurationProperties.java:69) - p:operatorspace= irr-statements
[INFO ] fr.inria.astor.core.setup.ConfigurationProperties.print(ConfigurationProperties.java:69) - p:disablelog= false
[INFO ] fr.inria.astor.core.setup.ConfigurationProperties.print(ConfigurationProperties.java:69) - p:binjavafolder= target/classes/
[INFO ] fr.inria.astor.core.setup.ConfigurationProperties.print(ConfigurationProperties.java:69) - p:synthesis_depth= 3
[INFO ] fr.inria.astor.core.setup.ConfigurationProperties.print(ConfigurationProperties.java:69) - p:gzoltartestpackagetoexclude= junit.framework
[INFO ] fr.inria.astor.core.setup.ConfigurationProperties.print(ConfigurationProperties.java:69) - p:skipfitnessinitialpopulation= false
[INFO ] fr.inria.astor.core.setup.ConfigurationProperties.print(ConfigurationProperties.java:69) - p:evosuiteresultfolder= evosuite
[INFO ] fr.inria.astor.core.setup.ConfigurationProperties.print(ConfigurationProperties.java:69) - p:flthreshold= 0.1
[INFO ] fr.inria.astor.core.setup.ConfigurationProperties.print(ConfigurationProperties.java:69) - p:regressionforfaultlocalization= true
[INFO ] fr.inria.astor.core.setup.ConfigurationProperties.print(ConfigurationProperties.java:69) - p:collectonlyusedmethod= false
[INFO ] fr.inria.astor.core.setup.ConfigurationProperties.print(ConfigurationProperties.java:69) - p:preservelinenumbers= true
[INFO ] fr.inria.astor.core.setup.ConfigurationProperties.print(ConfigurationProperties.java:69) - p:tmax2= 510420
[INFO ] fr.inria.astor.core.setup.ConfigurationProperties.print(ConfigurationProperties.java:69) - p:tmax1= 10000
[INFO ] fr.inria.astor.core.setup.ConfigurationProperties.print(ConfigurationProperties.java:69) - p:probagenmutation= false
[INFO ] fr.inria.astor.core.setup.ConfigurationProperties.print(ConfigurationProperties.java:69) - p:nomodificationconvergence= 100
[INFO ] fr.inria.astor.core.setup.ConfigurationProperties.print(ConfigurationProperties.java:69) - p:targetelementprocessor= statements
[INFO ] fr.inria.astor.core.setup.ConfigurationProperties.print(ConfigurationProperties.java:69) - p:srctestfolder= src/test/java/
[INFO ] fr.inria.astor.core.setup.ConfigurationProperties.print(ConfigurationProperties.java:69) - p:forceExecuteRegression= false
[INFO ] fr.inria.astor.core.setup.ConfigurationProperties.print(ConfigurationProperties.java:69) - p:clusteringfilename= clustering.csv
[INFO ] fr.inria.astor.core.setup.ConfigurationProperties.print(ConfigurationProperties.java:69) - p:failing= org.apache.commons.math3.distribution.BinomialDistributionTest:org.apache.commons.math3.distribution.FDistributionTest
[INFO ] fr.inria.astor.core.setup.ConfigurationProperties.print(ConfigurationProperties.java:69) - p:logtestexecution= false
[INFO ] fr.inria.astor.core.setup.ConfigurationProperties.print(ConfigurationProperties.java:69) - p:evo_buggy_class= true
[INFO ] fr.inria.astor.core.setup.ConfigurationProperties.print(ConfigurationProperties.java:69) - p:numberExecutions= 1
[INFO ] fr.inria.astor.core.setup.ConfigurationProperties.print(ConfigurationProperties.java:69) - p:maxnumbersolutions= 1000000
[INFO ] fr.inria.astor.core.setup.ConfigurationProperties.print(ConfigurationProperties.java:69) - p:evo_affected_by_op= true
[INFO ] fr.inria.astor.core.setup.ConfigurationProperties.print(ConfigurationProperties.java:69) - p:population= 1
[INFO ] fr.inria.astor.core.setup.ConfigurationProperties.print(ConfigurationProperties.java:69) - p:considerzerovaluesusp= false
[INFO ] fr.inria.astor.core.setup.ConfigurationProperties.print(ConfigurationProperties.java:69) - p:maxCombinationVariableLimit= false
[INFO ] fr.inria.astor.core.setup.ConfigurationProperties.print(ConfigurationProperties.java:69) - p:loglevel= INFO
[INFO ] fr.inria.astor.core.setup.ConfigurationProperties.print(ConfigurationProperties.java:69) - p:savesolution= true
[INFO ] fr.inria.astor.core.setup.ConfigurationProperties.print(ConfigurationProperties.java:69) - p:javacompliancelevel= 5
[INFO ] fr.inria.astor.core.setup.ConfigurationProperties.print(ConfigurationProperties.java:69) - p:x= x
[INFO ] fr.inria.astor.core.setup.ConfigurationProperties.print(ConfigurationProperties.java:69) - p:uniqueoptogen= false
[INFO ] fr.inria.astor.core.setup.ConfigurationProperties.print(ConfigurationProperties.java:69) - p:gzoltarpackagetonotinstrument= junit.framework
[INFO ] fr.inria.astor.core.setup.ConfigurationProperties.print(ConfigurationProperties.java:69) - p:projectIdentifier= Math-31
[INFO ] fr.inria.astor.core.setup.ConfigurationProperties.print(ConfigurationProperties.java:69) - p:modificationpointnavigation= weight
[INFO ] fr.inria.astor.core.setup.ConfigurationProperties.print(ConfigurationProperties.java:69) - p:stopfirst= true
[INFO ] fr.inria.astor.core.setup.ConfigurationProperties.print(ConfigurationProperties.java:69) - p:multipointmodification= false
[INFO ] fr.inria.astor.core.setup.ConfigurationProperties.print(ConfigurationProperties.java:69) - p:elementsToMutate= 10
[INFO ] fr.inria.astor.core.setup.ConfigurationProperties.print(ConfigurationProperties.java:69) - p:jsonoutputname= astor_output
[INFO ] fr.inria.astor.core.setup.ConfigurationProperties.print(ConfigurationProperties.java:69) - p:evoDSE= false
[INFO ] fr.inria.astor.core.setup.ConfigurationProperties.print(ConfigurationProperties.java:69) - p:bintestfolder= target/test-classes/
[INFO ] fr.inria.astor.core.setup.ConfigurationProperties.print(ConfigurationProperties.java:69) - p:testbystep= false
[INFO ] fr.inria.astor.core.setup.ConfigurationProperties.print(ConfigurationProperties.java:69) - p:version-location= ./math-version/
[INFO ] fr.inria.astor.core.setup.ConfigurationProperties.print(ConfigurationProperties.java:69) - p:reintroduce= PARENTS:ORIGINAL
[INFO ] fr.inria.astor.core.setup.ConfigurationProperties.print(ConfigurationProperties.java:69) - p:executorjar= ./lib/jtestex7.jar
[INFO ] fr.inria.astor.core.setup.ConfigurationProperties.print(ConfigurationProperties.java:69) - p:maxGeneration= 1000000
[INFO ] fr.inria.astor.core.setup.ConfigurationProperties.print(ConfigurationProperties.java:69) - p:max_synthesis_step= 10000
[INFO ] fr.inria.astor.core.setup.ConfigurationProperties.print(ConfigurationProperties.java:69) - p:maxVarCombination= 1000
[INFO ] fr.inria.astor.core.setup.ConfigurationProperties.print(ConfigurationProperties.java:69) - p:maxtime= 120
[INFO ] fr.inria.astor.core.setup.ConfigurationProperties.print(ConfigurationProperties.java:69) - p:evosuitejar= ./lib/evosuite-master-1.0.4-SNAPSHOT.jar
[INFO ] fr.inria.astor.core.setup.ConfigurationProperties.print(ConfigurationProperties.java:69) - p:jvmversion= 1.7.0-u80-unofficial
[INFO ] fr.inria.astor.core.setup.ConfigurationProperties.print(ConfigurationProperties.java:69) - p:commandTrunk= 50000
[INFO ] fr.inria.astor.core.setup.ConfigurationProperties.print(ConfigurationProperties.java:69) - p:faultlocalization= gzoltar
[INFO ] fr.inria.astor.core.setup.ConfigurationProperties.print(ConfigurationProperties.java:69) - p:resetmodel= true
[INFO ] fr.inria.astor.core.setup.ConfigurationProperties.print(ConfigurationProperties.java:69) - p:maxsuspcandidates= 1000
[INFO ] fr.inria.astor.core.setup.ConfigurationProperties.print(ConfigurationProperties.java:69) - p:mode= jgenprog
[INFO ] fr.inria.astor.core.setup.ConfigurationProperties.print(ConfigurationProperties.java:69) - p:learningdir= 
[INFO ] fr.inria.astor.core.setup.ConfigurationProperties.print(ConfigurationProperties.java:69) - p:jvm4evosuitetestexecution= /home/tdurieux/openjdk-1.7.0/bin/
[INFO ] fr.inria.astor.core.setup.ConfigurationProperties.print(ConfigurationProperties.java:69) - p:filterfaultlocalization= true
[INFO ] fr.inria.astor.core.setup.ConfigurationProperties.print(ConfigurationProperties.java:69) - p:mutationrate= 1 
[INFO ] fr.inria.astor.core.setup.ConfigurationProperties.print(ConfigurationProperties.java:69) - p:pathToMVNRepository= 
[INFO ] fr.inria.astor.core.setup.ConfigurationProperties.print(ConfigurationProperties.java:69) - p:resourcesfolder= /src/main/resources:/src/test/resources:
[INFO ] fr.inria.astor.core.setup.ConfigurationProperties.print(ConfigurationProperties.java:69) - p:runjava7code= false
[INFO ] fr.inria.astor.core.setup.ConfigurationProperties.print(ConfigurationProperties.java:69) - p:timezone= America/Los_Angeles
[INFO ] fr.inria.astor.core.setup.ConfigurationProperties.print(ConfigurationProperties.java:69) - p:evoRunOnBuggyClass= true
[INFO ] fr.inria.astor.core.setup.ConfigurationProperties.print(ConfigurationProperties.java:69) - p:compiler= fr.inria.astor.core.manipulation.bytecode.compiler.SpoonClassCompiler
[INFO ] fr.inria.astor.core.setup.ConfigurationProperties.print(ConfigurationProperties.java:69) - p:limitbysuspicious= true
[INFO ] fr.inria.astor.core.setup.ConfigurationProperties.print(ConfigurationProperties.java:69) - p:logsattemps= true
[INFO ] fr.inria.astor.core.setup.ConfigurationProperties.print(ConfigurationProperties.java:69) - p:dependenciespath= /home/tdurieux/defects4j4repair/script/../benchmarks/defects4j/framework/projects/lib/junit-4.11.jar:/home/tdurieux/defects4j4repair/script/../benchmarks/defects4j/framework/projects/lib/cobertura-2.0.3.jar:/tmp/jGenProg_Defects4J_Math_31/target/classes/:/tmp/jGenProg_Defects4J_Math_31/target/test-classes/:/home/tdurieux/defects4j4repair/script/../benchmarks/defects4j/framework/projects/Math/lib/commons-discovery-0.5.jar
[INFO ] fr.inria.astor.core.setup.ConfigurationProperties.print(ConfigurationProperties.java:69) - p:logpatternlayout= [%-5p] %l - %m%n
[INFO ] fr.inria.astor.core.setup.ConfigurationProperties.print(ConfigurationProperties.java:69) - p:packageToInstrument= 
[INFO ] fr.inria.astor.core.setup.ConfigurationProperties.print(ConfigurationProperties.java:69) - p:skipfaultlocalization= false
[INFO ] fr.inria.astor.core.setup.ConfigurationProperties.print(ConfigurationProperties.java:69) - p:scope= local
[INFO ] fr.inria.astor.core.setup.ConfigurationProperties.print(ConfigurationProperties.java:69) - p:transformingredient= false
[INFO ] fr.inria.astor.core.setup.ConfigurationProperties.print(ConfigurationProperties.java:69) - p:fitnessfunction= fr.inria.astor.core.solutionsearch.population.TestCaseFitnessFunction
[INFO ] fr.inria.astor.core.setup.ConfigurationProperties.print(ConfigurationProperties.java:69) - p:maxnumvariablesperingredient= 10
[INFO ] fr.inria.astor.core.setup.ConfigurationProperties.print(ConfigurationProperties.java:69) - p:parsesourcefromoriginal= false
[INFO ] fr.inria.astor.core.setup.ConfigurationProperties.print(ConfigurationProperties.java:69) - p:pvariantfoldername= variant-
[INFO ] fr.inria.astor.core.setup.ConfigurationProperties.print(ConfigurationProperties.java:69) - p:savespoonmodelondisk= false
[INFO ] fr.inria.astor.core.setup.ConfigurationProperties.print(ConfigurationProperties.java:69) - p:srcjavafolder= src/main/java/
[INFO ] fr.inria.astor.core.setup.ConfigurationProperties.print(ConfigurationProperties.java:69) - p:populationcontroller= fr.inria.astor.core.solutionsearch.population.TestCaseBasedFitnessPopulationController
[INFO ] fr.inria.astor.core.setup.ConfigurationProperties.print(ConfigurationProperties.java:69) - p:ignoreflakyinfl= false
[INFO ] fr.inria.astor.core.setup.ConfigurationProperties.print(ConfigurationProperties.java:69) - p:cleantemplates= true
[INFO ] fr.inria.astor.core.setup.ConfigurationProperties.print(ConfigurationProperties.java:69) - p:applyCrossover= false
[INFO ] fr.inria.astor.core.setup.ConfigurationProperties.print(ConfigurationProperties.java:69) - p:maxmodificationpoints= 1000
[INFO ] fr.inria.astor.core.setup.ConfigurationProperties.print(ConfigurationProperties.java:69) - p:duplicateingredientsinspace= false
[INFO ] fr.inria.astor.core.setup.ConfigurationProperties.print(ConfigurationProperties.java:69) - p:saveall= false
[INFO ] fr.inria.astor.core.setup.ConfigurationProperties.print(ConfigurationProperties.java:69) - p:seed= 0
[INFO ] fr.inria.astor.core.setup.ConfigurationProperties.print(ConfigurationProperties.java:69) - p:savecompletepatched= true
[INFO ] fr.inria.astor.core.setup.ConfigurationProperties.print(ConfigurationProperties.java:69) - p:resetoperations= false
[INFO ] fr.inria.astor.core.setup.ConfigurationProperties.print(ConfigurationProperties.java:69) - p:processoutputinfile= false
[INFO ] fr.inria.astor.core.setup.ConfigurationProperties.print(ConfigurationProperties.java:69) - p:location= .
[INFO ] fr.inria.astor.core.setup.ConfigurationProperties.print(ConfigurationProperties.java:69) - p:probabilistictransformation= true
[INFO ] fr.inria.astor.core.setup.ConfigurationProperties.print(ConfigurationProperties.java:69) - p:overridemaxtime= true
[INFO ] fr.inria.astor.core.setup.ConfigurationProperties.print(ConfigurationProperties.java:69) - p:allpoints= false
[INFO ] fr.inria.astor.core.setup.ConfigurationProperties.print(ConfigurationProperties.java:69) - p:bugId= 280
[INFO ] fr.inria.astor.core.setup.ConfigurationProperties.print(ConfigurationProperties.java:69) - p:evosuitetimeout= 120
[INFO ] fr.inria.astor.core.setup.ConfigurationProperties.print(ConfigurationProperties.java:69) - p:nrPlaceholders= 1
[INFO ] fr.inria.astor.core.setup.ConfigurationProperties.print(ConfigurationProperties.java:69) - p:forcesubprocesskilling= true
[INFO ] fr.inria.astor.core.setup.ConfigurationProperties.print(ConfigurationProperties.java:71) - ----------------------------
[INFO ] fr.inria.astor.core.solutionsearch.EvolutionarySearchEngine.startEvolution(EvolutionarySearchEngine.java:40) - 
----Starting Solution Search
[INFO ] fr.inria.astor.core.validation.processbased.LaucherJUnitProcess.killProcess(LaucherJUnitProcess.java:171) - The Process that runs JUnit test cases did not terminate within waitTime of 10 seconds
[INFO ] fr.inria.astor.core.validation.processbased.LaucherJUnitProcess.killProcess(LaucherJUnitProcess.java:173) - Killed the Process that runs JUnit test cases 5378
[INFO ] fr.inria.astor.core.validation.processbased.LaucherJUnitProcess.killProcess(LaucherJUnitProcess.java:171) - The Process that runs JUnit test cases did not terminate within waitTime of 10 seconds
[INFO ] fr.inria.astor.core.validation.processbased.LaucherJUnitProcess.killProcess(LaucherJUnitProcess.java:173) - Killed the Process that runs JUnit test cases 5439
[ERROR] fr.inria.astor.core.validation.processbased.LaucherJUnitProcess.getTestResult(LaucherJUnitProcess.java:286) - Error reading the validation process
 output: 
/var/lib/oar/.batch_job_bashrc: line 5: /home/tdurieux/.bashrc: No such file or directory
America/Los_Angeles
Picked up JAVA_TOOL_OPTIONS: -Dfile.encoding=UTF8 -Duser.language=en-US -Duser.country=US -Duser.language=en

[ERROR] fr.inria.astor.core.validation.processbased.LaucherJUnitProcess.getTestResult(LaucherJUnitProcess.java:286) - Error reading the validation process
 output: 
/var/lib/oar/.batch_job_bashrc: line 5: /home/tdurieux/.bashrc: No such file or directory
America/Los_Angeles
Picked up JAVA_TOOL_OPTIONS: -Dfile.encoding=UTF8 -Duser.language=en-US -Duser.country=US -Duser.language=en

[INFO ] fr.inria.astor.core.validation.processbased.LaucherJUnitProcess.killProcess(LaucherJUnitProcess.java:171) - The Process that runs JUnit test cases did not terminate within waitTime of 10 seconds
[INFO ] fr.inria.astor.core.validation.processbased.LaucherJUnitProcess.killProcess(LaucherJUnitProcess.java:173) - Killed the Process that runs JUnit test cases 6404
[ERROR] fr.inria.astor.core.validation.processbased.LaucherJUnitProcess.getTestResult(LaucherJUnitProcess.java:286) - Error reading the validation process
 output: 
/var/lib/oar/.batch_job_bashrc: line 5: /home/tdurieux/.bashrc: No such file or directory
America/Los_Angeles
Picked up JAVA_TOOL_OPTIONS: -Dfile.encoding=UTF8 -Duser.language=en-US -Duser.country=US -Duser.language=en

[INFO ] fr.inria.astor.core.validation.processbased.LaucherJUnitProcess.killProcess(LaucherJUnitProcess.java:171) - The Process that runs JUnit test cases did not terminate within waitTime of 10 seconds
[INFO ] fr.inria.astor.core.validation.processbased.LaucherJUnitProcess.killProcess(LaucherJUnitProcess.java:173) - Killed the Process that runs JUnit test cases 7706
[INFO ] fr.inria.astor.core.validation.processbased.LaucherJUnitProcess.killProcess(LaucherJUnitProcess.java:171) - The Process that runs JUnit test cases did not terminate within waitTime of 10 seconds
[INFO ] fr.inria.astor.core.validation.processbased.LaucherJUnitProcess.killProcess(LaucherJUnitProcess.java:173) - Killed the Process that runs JUnit test cases 7859
[INFO ] fr.inria.astor.core.validation.processbased.LaucherJUnitProcess.killProcess(LaucherJUnitProcess.java:171) - The Process that runs JUnit test cases did not terminate within waitTime of 10 seconds
[INFO ] fr.inria.astor.core.validation.processbased.LaucherJUnitProcess.killProcess(LaucherJUnitProcess.java:173) - Killed the Process that runs JUnit test cases 8163
[INFO ] fr.inria.astor.core.validation.processbased.LaucherJUnitProcess.killProcess(LaucherJUnitProcess.java:171) - The Process that runs JUnit test cases did not terminate within waitTime of 10 seconds
[INFO ] fr.inria.astor.core.validation.processbased.LaucherJUnitProcess.killProcess(LaucherJUnitProcess.java:173) - Killed the Process that runs JUnit test cases 8255
[INFO ] fr.inria.astor.core.validation.processbased.LaucherJUnitProcess.killProcess(LaucherJUnitProcess.java:171) - The Process that runs JUnit test cases did not terminate within waitTime of 10 seconds
[INFO ] fr.inria.astor.core.validation.processbased.LaucherJUnitProcess.killProcess(LaucherJUnitProcess.java:173) - Killed the Process that runs JUnit test cases 8437
[INFO ] fr.inria.astor.core.validation.processbased.LaucherJUnitProcess.killProcess(LaucherJUnitProcess.java:171) - The Process that runs JUnit test cases did not terminate within waitTime of 10 seconds
[INFO ] fr.inria.astor.core.validation.processbased.LaucherJUnitProcess.killProcess(LaucherJUnitProcess.java:173) - Killed the Process that runs JUnit test cases 8498
[INFO ] fr.inria.astor.core.validation.processbased.LaucherJUnitProcess.killProcess(LaucherJUnitProcess.java:171) - The Process that runs JUnit test cases did not terminate within waitTime of 10 seconds
[INFO ] fr.inria.astor.core.validation.processbased.LaucherJUnitProcess.killProcess(LaucherJUnitProcess.java:173) - Killed the Process that runs JUnit test cases 8712
[INFO ] fr.inria.astor.core.validation.processbased.LaucherJUnitProcess.killProcess(LaucherJUnitProcess.java:171) - The Process that runs JUnit test cases did not terminate within waitTime of 10 seconds
[INFO ] fr.inria.astor.core.validation.processbased.LaucherJUnitProcess.killProcess(LaucherJUnitProcess.java:173) - Killed the Process that runs JUnit test cases 8745
[INFO ] fr.inria.astor.core.validation.processbased.LaucherJUnitProcess.killProcess(LaucherJUnitProcess.java:171) - The Process that runs JUnit test cases did not terminate within waitTime of 10 seconds
[INFO ] fr.inria.astor.core.validation.processbased.LaucherJUnitProcess.killProcess(LaucherJUnitProcess.java:173) - Killed the Process that runs JUnit test cases 8779
[INFO ] fr.inria.astor.core.validation.processbased.LaucherJUnitProcess.killProcess(LaucherJUnitProcess.java:171) - The Process that runs JUnit test cases did not terminate within waitTime of 10 seconds
[INFO ] fr.inria.astor.core.validation.processbased.LaucherJUnitProcess.killProcess(LaucherJUnitProcess.java:173) - Killed the Process that runs JUnit test cases 9113
[ERROR] fr.inria.astor.core.validation.processbased.LaucherJUnitProcess.getTestResult(LaucherJUnitProcess.java:286) - Error reading the validation process
 output: 
/var/lib/oar/.batch_job_bashrc: line 5: /home/tdurieux/.bashrc: No such file or directory
America/Los_Angeles
Picked up JAVA_TOOL_OPTIONS: -Dfile.encoding=UTF8 -Duser.language=en-US -Duser.country=US -Duser.language=en

[INFO ] fr.inria.astor.core.validation.processbased.LaucherJUnitProcess.killProcess(LaucherJUnitProcess.java:171) - The Process that runs JUnit test cases did not terminate within waitTime of 10 seconds
[INFO ] fr.inria.astor.core.validation.processbased.LaucherJUnitProcess.killProcess(LaucherJUnitProcess.java:173) - Killed the Process that runs JUnit test cases 9600
[INFO ] fr.inria.astor.core.validation.processbased.LaucherJUnitProcess.killProcess(LaucherJUnitProcess.java:171) - The Process that runs JUnit test cases did not terminate within waitTime of 10 seconds
[INFO ] fr.inria.astor.core.validation.processbased.LaucherJUnitProcess.killProcess(LaucherJUnitProcess.java:173) - Killed the Process that runs JUnit test cases 9997
[INFO ] fr.inria.astor.core.validation.processbased.LaucherJUnitProcess.killProcess(LaucherJUnitProcess.java:171) - The Process that runs JUnit test cases did not terminate within waitTime of 10 seconds
[INFO ] fr.inria.astor.core.validation.processbased.LaucherJUnitProcess.killProcess(LaucherJUnitProcess.java:173) - Killed the Process that runs JUnit test cases 10482
[INFO ] fr.inria.astor.core.validation.processbased.LaucherJUnitProcess.killProcess(LaucherJUnitProcess.java:171) - The Process that runs JUnit test cases did not terminate within waitTime of 10 seconds
[INFO ] fr.inria.astor.core.validation.processbased.LaucherJUnitProcess.killProcess(LaucherJUnitProcess.java:173) - Killed the Process that runs JUnit test cases 10786
[ERROR] fr.inria.astor.core.validation.processbased.LaucherJUnitProcess.getTestResult(LaucherJUnitProcess.java:286) - Error reading the validation process
 output: 
/var/lib/oar/.batch_job_bashrc: line 5: /home/tdurieux/.bashrc: No such file or directory
America/Los_Angeles
Picked up JAVA_TOOL_OPTIONS: -Dfile.encoding=UTF8 -Duser.language=en-US -Duser.country=US -Duser.language=en

[INFO ] fr.inria.astor.core.validation.processbased.LaucherJUnitProcess.killProcess(LaucherJUnitProcess.java:171) - The Process that runs JUnit test cases did not terminate within waitTime of 10 seconds
[INFO ] fr.inria.astor.core.validation.processbased.LaucherJUnitProcess.killProcess(LaucherJUnitProcess.java:173) - Killed the Process that runs JUnit test cases 11486
[INFO ] fr.inria.astor.core.validation.processbased.LaucherJUnitProcess.killProcess(LaucherJUnitProcess.java:171) - The Process that runs JUnit test cases did not terminate within waitTime of 10 seconds
[INFO ] fr.inria.astor.core.validation.processbased.LaucherJUnitProcess.killProcess(LaucherJUnitProcess.java:173) - Killed the Process that runs JUnit test cases 11880
[INFO ] fr.inria.astor.core.validation.processbased.LaucherJUnitProcess.killProcess(LaucherJUnitProcess.java:171) - The Process that runs JUnit test cases did not terminate within waitTime of 10 seconds
[INFO ] fr.inria.astor.core.validation.processbased.LaucherJUnitProcess.killProcess(LaucherJUnitProcess.java:173) - Killed the Process that runs JUnit test cases 13087
[INFO ] fr.inria.astor.core.validation.processbased.LaucherJUnitProcess.killProcess(LaucherJUnitProcess.java:171) - The Process that runs JUnit test cases did not terminate within waitTime of 10 seconds
[INFO ] fr.inria.astor.core.validation.processbased.LaucherJUnitProcess.killProcess(LaucherJUnitProcess.java:173) - Killed the Process that runs JUnit test cases 13692
[INFO ] fr.inria.astor.core.validation.processbased.LaucherJUnitProcess.killProcess(LaucherJUnitProcess.java:171) - The Process that runs JUnit test cases did not terminate within waitTime of 10 seconds
[INFO ] fr.inria.astor.core.validation.processbased.LaucherJUnitProcess.killProcess(LaucherJUnitProcess.java:173) - Killed the Process that runs JUnit test cases 13846
[INFO ] fr.inria.astor.core.validation.processbased.LaucherJUnitProcess.killProcess(LaucherJUnitProcess.java:171) - The Process that runs JUnit test cases did not terminate within waitTime of 10 seconds
[INFO ] fr.inria.astor.core.validation.processbased.LaucherJUnitProcess.killProcess(LaucherJUnitProcess.java:173) - Killed the Process that runs JUnit test cases 14208
[INFO ] fr.inria.astor.core.validation.processbased.LaucherJUnitProcess.killProcess(LaucherJUnitProcess.java:171) - The Process that runs JUnit test cases did not terminate within waitTime of 10 seconds
[INFO ] fr.inria.astor.core.validation.processbased.LaucherJUnitProcess.killProcess(LaucherJUnitProcess.java:173) - Killed the Process that runs JUnit test cases 14360
[ERROR] fr.inria.astor.core.validation.processbased.LaucherJUnitProcess.getTestResult(LaucherJUnitProcess.java:286) - Error reading the validation process
 output: 
/var/lib/oar/.batch_job_bashrc: line 5: /home/tdurieux/.bashrc: No such file or directory
America/Los_Angeles
Picked up JAVA_TOOL_OPTIONS: -Dfile.encoding=UTF8 -Duser.language=en-US -Duser.country=US -Duser.language=en

[INFO ] fr.inria.astor.core.validation.processbased.LaucherJUnitProcess.killProcess(LaucherJUnitProcess.java:171) - The Process that runs JUnit test cases did not terminate within waitTime of 10 seconds
[INFO ] fr.inria.astor.core.validation.processbased.LaucherJUnitProcess.killProcess(LaucherJUnitProcess.java:173) - Killed the Process that runs JUnit test cases 15057
[INFO ] fr.inria.astor.core.validation.processbased.LaucherJUnitProcess.killProcess(LaucherJUnitProcess.java:171) - The Process that runs JUnit test cases did not terminate within waitTime of 10 seconds
[INFO ] fr.inria.astor.core.validation.processbased.LaucherJUnitProcess.killProcess(LaucherJUnitProcess.java:173) - Killed the Process that runs JUnit test cases 16326
[INFO ] fr.inria.astor.core.validation.processbased.LaucherJUnitProcess.killProcess(LaucherJUnitProcess.java:171) - The Process that runs JUnit test cases did not terminate within waitTime of 10 seconds
[INFO ] fr.inria.astor.core.validation.processbased.LaucherJUnitProcess.killProcess(LaucherJUnitProcess.java:173) - Killed the Process that runs JUnit test cases 18351
[ERROR] fr.inria.astor.core.validation.processbased.LaucherJUnitProcess.getTestResult(LaucherJUnitProcess.java:286) - Error reading the validation process
 output: 
/var/lib/oar/.batch_job_bashrc: line 5: /home/tdurieux/.bashrc: No such file or directory
America/Los_Angeles
Picked up JAVA_TOOL_OPTIONS: -Dfile.encoding=UTF8 -Duser.language=en-US -Duser.country=US -Duser.language=en

[INFO ] fr.inria.astor.core.validation.processbased.LaucherJUnitProcess.killProcess(LaucherJUnitProcess.java:171) - The Process that runs JUnit test cases did not terminate within waitTime of 10 seconds
[INFO ] fr.inria.astor.core.validation.processbased.LaucherJUnitProcess.killProcess(LaucherJUnitProcess.java:173) - Killed the Process that runs JUnit test cases 18867
[INFO ] fr.inria.astor.core.validation.processbased.LaucherJUnitProcess.killProcess(LaucherJUnitProcess.java:171) - The Process that runs JUnit test cases did not terminate within waitTime of 10 seconds
[INFO ] fr.inria.astor.core.validation.processbased.LaucherJUnitProcess.killProcess(LaucherJUnitProcess.java:173) - Killed the Process that runs JUnit test cases 19952
[INFO ] fr.inria.astor.core.validation.processbased.LaucherJUnitProcess.killProcess(LaucherJUnitProcess.java:171) - The Process that runs JUnit test cases did not terminate within waitTime of 10 seconds
[INFO ] fr.inria.astor.core.validation.processbased.LaucherJUnitProcess.killProcess(LaucherJUnitProcess.java:173) - Killed the Process that runs JUnit test cases 20226
[INFO ] fr.inria.astor.core.validation.processbased.LaucherJUnitProcess.killProcess(LaucherJUnitProcess.java:171) - The Process that runs JUnit test cases did not terminate within waitTime of 10 seconds
[INFO ] fr.inria.astor.core.validation.processbased.LaucherJUnitProcess.killProcess(LaucherJUnitProcess.java:173) - Killed the Process that runs JUnit test cases 20347
[INFO ] fr.inria.astor.core.validation.processbased.LaucherJUnitProcess.killProcess(LaucherJUnitProcess.java:171) - The Process that runs JUnit test cases did not terminate within waitTime of 10 seconds
[INFO ] fr.inria.astor.core.validation.processbased.LaucherJUnitProcess.killProcess(LaucherJUnitProcess.java:173) - Killed the Process that runs JUnit test cases 20561
[INFO ] fr.inria.astor.core.validation.processbased.LaucherJUnitProcess.killProcess(LaucherJUnitProcess.java:171) - The Process that runs JUnit test cases did not terminate within waitTime of 10 seconds
[INFO ] fr.inria.astor.core.validation.processbased.LaucherJUnitProcess.killProcess(LaucherJUnitProcess.java:173) - Killed the Process that runs JUnit test cases 20592
[ERROR] fr.inria.astor.core.validation.processbased.LaucherJUnitProcess.getTestResult(LaucherJUnitProcess.java:286) - Error reading the validation process
 output: 
/var/lib/oar/.batch_job_bashrc: line 5: /home/tdurieux/.bashrc: No such file or directory
America/Los_Angeles
Picked up JAVA_TOOL_OPTIONS: -Dfile.encoding=UTF8 -Duser.language=en-US -Duser.country=US -Duser.language=en

[INFO ] fr.inria.astor.core.validation.processbased.LaucherJUnitProcess.killProcess(LaucherJUnitProcess.java:171) - The Process that runs JUnit test cases did not terminate within waitTime of 10 seconds
[INFO ] fr.inria.astor.core.validation.processbased.LaucherJUnitProcess.killProcess(LaucherJUnitProcess.java:173) - Killed the Process that runs JUnit test cases 20897
[ERROR] fr.inria.astor.core.validation.processbased.LaucherJUnitProcess.getTestResult(LaucherJUnitProcess.java:286) - Error reading the validation process
 output: 
/var/lib/oar/.batch_job_bashrc: line 5: /home/tdurieux/.bashrc: No such file or directory
America/Los_Angeles
Picked up JAVA_TOOL_OPTIONS: -Dfile.encoding=UTF8 -Duser.language=en-US -Duser.country=US -Duser.language=en

[INFO ] fr.inria.astor.core.validation.processbased.LaucherJUnitProcess.killProcess(LaucherJUnitProcess.java:171) - The Process that runs JUnit test cases did not terminate within waitTime of 10 seconds
[INFO ] fr.inria.astor.core.validation.processbased.LaucherJUnitProcess.killProcess(LaucherJUnitProcess.java:173) - Killed the Process that runs JUnit test cases 21261
[INFO ] fr.inria.astor.core.validation.processbased.LaucherJUnitProcess.killProcess(LaucherJUnitProcess.java:171) - The Process that runs JUnit test cases did not terminate within waitTime of 10 seconds
[INFO ] fr.inria.astor.core.validation.processbased.LaucherJUnitProcess.killProcess(LaucherJUnitProcess.java:173) - Killed the Process that runs JUnit test cases 21445
[INFO ] fr.inria.astor.core.validation.processbased.LaucherJUnitProcess.killProcess(LaucherJUnitProcess.java:171) - The Process that runs JUnit test cases did not terminate within waitTime of 10 seconds
[INFO ] fr.inria.astor.core.validation.processbased.LaucherJUnitProcess.killProcess(LaucherJUnitProcess.java:173) - Killed the Process that runs JUnit test cases 21599
[INFO ] fr.inria.astor.core.validation.processbased.LaucherJUnitProcess.killProcess(LaucherJUnitProcess.java:171) - The Process that runs JUnit test cases did not terminate within waitTime of 10 seconds
[INFO ] fr.inria.astor.core.validation.processbased.LaucherJUnitProcess.killProcess(LaucherJUnitProcess.java:173) - Killed the Process that runs JUnit test cases 21903
[INFO ] fr.inria.astor.core.validation.processbased.LaucherJUnitProcess.killProcess(LaucherJUnitProcess.java:171) - The Process that runs JUnit test cases did not terminate within waitTime of 10 seconds
[INFO ] fr.inria.astor.core.validation.processbased.LaucherJUnitProcess.killProcess(LaucherJUnitProcess.java:173) - Killed the Process that runs JUnit test cases 22177
[INFO ] fr.inria.astor.core.validation.processbased.LaucherJUnitProcess.killProcess(LaucherJUnitProcess.java:171) - The Process that runs JUnit test cases did not terminate within waitTime of 10 seconds
[INFO ] fr.inria.astor.core.validation.processbased.LaucherJUnitProcess.killProcess(LaucherJUnitProcess.java:173) - Killed the Process that runs JUnit test cases 23539
[INFO ] fr.inria.astor.core.validation.processbased.LaucherJUnitProcess.killProcess(LaucherJUnitProcess.java:171) - The Process that runs JUnit test cases did not terminate within waitTime of 10 seconds
[INFO ] fr.inria.astor.core.validation.processbased.LaucherJUnitProcess.killProcess(LaucherJUnitProcess.java:173) - Killed the Process that runs JUnit test cases 24386
[ERROR] fr.inria.astor.core.validation.processbased.LaucherJUnitProcess.getTestResult(LaucherJUnitProcess.java:286) - Error reading the validation process
 output: 
/var/lib/oar/.batch_job_bashrc: line 5: /home/tdurieux/.bashrc: No such file or directory
America/Los_Angeles
Picked up JAVA_TOOL_OPTIONS: -Dfile.encoding=UTF8 -Duser.language=en-US -Duser.country=US -Duser.language=en

[INFO ] fr.inria.astor.core.validation.processbased.LaucherJUnitProcess.killProcess(LaucherJUnitProcess.java:171) - The Process that runs JUnit test cases did not terminate within waitTime of 10 seconds
[INFO ] fr.inria.astor.core.validation.processbased.LaucherJUnitProcess.killProcess(LaucherJUnitProcess.java:173) - Killed the Process that runs JUnit test cases 24839
[INFO ] fr.inria.astor.core.validation.processbased.LaucherJUnitProcess.killProcess(LaucherJUnitProcess.java:171) - The Process that runs JUnit test cases did not terminate within waitTime of 10 seconds
[INFO ] fr.inria.astor.core.validation.processbased.LaucherJUnitProcess.killProcess(LaucherJUnitProcess.java:173) - Killed the Process that runs JUnit test cases 25838
[INFO ] fr.inria.astor.core.validation.processbased.LaucherJUnitProcess.killProcess(LaucherJUnitProcess.java:171) - The Process that runs JUnit test cases did not terminate within waitTime of 10 seconds
[INFO ] fr.inria.astor.core.validation.processbased.LaucherJUnitProcess.killProcess(LaucherJUnitProcess.java:173) - Killed the Process that runs JUnit test cases 25900
[INFO ] fr.inria.astor.core.validation.processbased.LaucherJUnitProcess.killProcess(LaucherJUnitProcess.java:171) - The Process that runs JUnit test cases did not terminate within waitTime of 10 seconds
[INFO ] fr.inria.astor.core.validation.processbased.LaucherJUnitProcess.killProcess(LaucherJUnitProcess.java:173) - Killed the Process that runs JUnit test cases 26085
[INFO ] fr.inria.astor.core.validation.processbased.LaucherJUnitProcess.killProcess(LaucherJUnitProcess.java:171) - The Process that runs JUnit test cases did not terminate within waitTime of 10 seconds
[INFO ] fr.inria.astor.core.validation.processbased.LaucherJUnitProcess.killProcess(LaucherJUnitProcess.java:173) - Killed the Process that runs JUnit test cases 26238
[INFO ] fr.inria.astor.core.validation.processbased.LaucherJUnitProcess.killProcess(LaucherJUnitProcess.java:171) - The Process that runs JUnit test cases did not terminate within waitTime of 10 seconds
[INFO ] fr.inria.astor.core.validation.processbased.LaucherJUnitProcess.killProcess(LaucherJUnitProcess.java:173) - Killed the Process that runs JUnit test cases 26511
[INFO ] fr.inria.astor.core.validation.processbased.LaucherJUnitProcess.killProcess(LaucherJUnitProcess.java:171) - The Process that runs JUnit test cases did not terminate within waitTime of 10 seconds
[INFO ] fr.inria.astor.core.validation.processbased.LaucherJUnitProcess.killProcess(LaucherJUnitProcess.java:173) - Killed the Process that runs JUnit test cases 26632
[INFO ] fr.inria.astor.core.validation.processbased.LaucherJUnitProcess.killProcess(LaucherJUnitProcess.java:171) - The Process that runs JUnit test cases did not terminate within waitTime of 10 seconds
[INFO ] fr.inria.astor.core.validation.processbased.LaucherJUnitProcess.killProcess(LaucherJUnitProcess.java:173) - Killed the Process that runs JUnit test cases 26878
[INFO ] fr.inria.astor.core.validation.processbased.LaucherJUnitProcess.killProcess(LaucherJUnitProcess.java:171) - The Process that runs JUnit test cases did not terminate within waitTime of 10 seconds
[INFO ] fr.inria.astor.core.validation.processbased.LaucherJUnitProcess.killProcess(LaucherJUnitProcess.java:173) - Killed the Process that runs JUnit test cases 27032
[INFO ] fr.inria.astor.core.validation.processbased.LaucherJUnitProcess.killProcess(LaucherJUnitProcess.java:171) - The Process that runs JUnit test cases did not terminate within waitTime of 10 seconds
[INFO ] fr.inria.astor.core.validation.processbased.LaucherJUnitProcess.killProcess(LaucherJUnitProcess.java:173) - Killed the Process that runs JUnit test cases 27276
[INFO ] fr.inria.astor.core.validation.processbased.LaucherJUnitProcess.killProcess(LaucherJUnitProcess.java:171) - The Process that runs JUnit test cases did not terminate within waitTime of 10 seconds
[INFO ] fr.inria.astor.core.validation.processbased.LaucherJUnitProcess.killProcess(LaucherJUnitProcess.java:173) - Killed the Process that runs JUnit test cases 27465
[ERROR] fr.inria.astor.core.validation.processbased.LaucherJUnitProcess.getTestResult(LaucherJUnitProcess.java:286) - Error reading the validation process
 output: 
/var/lib/oar/.batch_job_bashrc: line 5: /home/tdurieux/.bashrc: No such file or directory
America/Los_Angeles
Picked up JAVA_TOOL_OPTIONS: -Dfile.encoding=UTF8 -Duser.language=en-US -Duser.country=US -Duser.language=en

[INFO ] fr.inria.astor.core.validation.processbased.LaucherJUnitProcess.killProcess(LaucherJUnitProcess.java:171) - The Process that runs JUnit test cases did not terminate within waitTime of 10 seconds
[INFO ] fr.inria.astor.core.validation.processbased.LaucherJUnitProcess.killProcess(LaucherJUnitProcess.java:173) - Killed the Process that runs JUnit test cases 29067
[INFO ] fr.inria.astor.core.validation.processbased.LaucherJUnitProcess.killProcess(LaucherJUnitProcess.java:171) - The Process that runs JUnit test cases did not terminate within waitTime of 10 seconds
[INFO ] fr.inria.astor.core.validation.processbased.LaucherJUnitProcess.killProcess(LaucherJUnitProcess.java:173) - Killed the Process that runs JUnit test cases 29762
[INFO ] fr.inria.astor.core.validation.processbased.LaucherJUnitProcess.killProcess(LaucherJUnitProcess.java:171) - The Process that runs JUnit test cases did not terminate within waitTime of 10 seconds
[INFO ] fr.inria.astor.core.validation.processbased.LaucherJUnitProcess.killProcess(LaucherJUnitProcess.java:173) - Killed the Process that runs JUnit test cases 29824
[INFO ] fr.inria.astor.core.validation.processbased.LaucherJUnitProcess.killProcess(LaucherJUnitProcess.java:171) - The Process that runs JUnit test cases did not terminate within waitTime of 10 seconds
[INFO ] fr.inria.astor.core.validation.processbased.LaucherJUnitProcess.killProcess(LaucherJUnitProcess.java:173) - Killed the Process that runs JUnit test cases 29885
[INFO ] fr.inria.astor.core.validation.processbased.LaucherJUnitProcess.killProcess(LaucherJUnitProcess.java:171) - The Process that runs JUnit test cases did not terminate within waitTime of 10 seconds
[INFO ] fr.inria.astor.core.validation.processbased.LaucherJUnitProcess.killProcess(LaucherJUnitProcess.java:173) - Killed the Process that runs JUnit test cases 30188
[INFO ] fr.inria.astor.core.validation.processbased.LaucherJUnitProcess.killProcess(LaucherJUnitProcess.java:171) - The Process that runs JUnit test cases did not terminate within waitTime of 10 seconds
[INFO ] fr.inria.astor.core.validation.processbased.LaucherJUnitProcess.killProcess(LaucherJUnitProcess.java:173) - Killed the Process that runs JUnit test cases 30462
[INFO ] fr.inria.astor.core.validation.processbased.LaucherJUnitProcess.killProcess(LaucherJUnitProcess.java:171) - The Process that runs JUnit test cases did not terminate within waitTime of 10 seconds
[INFO ] fr.inria.astor.core.validation.processbased.LaucherJUnitProcess.killProcess(LaucherJUnitProcess.java:173) - Killed the Process that runs JUnit test cases 31159
[INFO ] fr.inria.astor.core.validation.processbased.LaucherJUnitProcess.killProcess(LaucherJUnitProcess.java:171) - The Process that runs JUnit test cases did not terminate within waitTime of 10 seconds
[INFO ] fr.inria.astor.core.validation.processbased.LaucherJUnitProcess.killProcess(LaucherJUnitProcess.java:173) - Killed the Process that runs JUnit test cases 31190
[INFO ] fr.inria.astor.core.validation.processbased.LaucherJUnitProcess.killProcess(LaucherJUnitProcess.java:171) - The Process that runs JUnit test cases did not terminate within waitTime of 10 seconds
[INFO ] fr.inria.astor.core.validation.processbased.LaucherJUnitProcess.killProcess(LaucherJUnitProcess.java:173) - Killed the Process that runs JUnit test cases 31224
[ERROR] fr.inria.astor.core.validation.processbased.LaucherJUnitProcess.getTestResult(LaucherJUnitProcess.java:286) - Error reading the validation process
 output: 
/var/lib/oar/.batch_job_bashrc: line 5: /home/tdurieux/.bashrc: No such file or directory
America/Los_Angeles
Picked up JAVA_TOOL_OPTIONS: -Dfile.encoding=UTF8 -Duser.language=en-US -Duser.country=US -Duser.language=en

[INFO ] fr.inria.astor.core.validation.processbased.LaucherJUnitProcess.killProcess(LaucherJUnitProcess.java:171) - The Process that runs JUnit test cases did not terminate within waitTime of 10 seconds
[INFO ] fr.inria.astor.core.validation.processbased.LaucherJUnitProcess.killProcess(LaucherJUnitProcess.java:173) - Killed the Process that runs JUnit test cases 31589
[INFO ] fr.inria.astor.core.validation.processbased.LaucherJUnitProcess.killProcess(LaucherJUnitProcess.java:171) - The Process that runs JUnit test cases did not terminate within waitTime of 10 seconds
[INFO ] fr.inria.astor.core.validation.processbased.LaucherJUnitProcess.killProcess(LaucherJUnitProcess.java:173) - Killed the Process that runs JUnit test cases 31924
[ERROR] fr.inria.astor.core.validation.processbased.LaucherJUnitProcess.getTestResult(LaucherJUnitProcess.java:286) - Error reading the validation process
 output: 
/var/lib/oar/.batch_job_bashrc: line 5: /home/tdurieux/.bashrc: No such file or directory
America/Los_Angeles
Picked up JAVA_TOOL_OPTIONS: -Dfile.encoding=UTF8 -Duser.language=en-US -Duser.country=US -Duser.language=en

[INFO ] fr.inria.astor.core.validation.processbased.LaucherJUnitProcess.killProcess(LaucherJUnitProcess.java:171) - The Process that runs JUnit test cases did not terminate within waitTime of 10 seconds
[INFO ] fr.inria.astor.core.validation.processbased.LaucherJUnitProcess.killProcess(LaucherJUnitProcess.java:173) - Killed the Process that runs JUnit test cases 32501
[INFO ] fr.inria.astor.core.validation.processbased.LaucherJUnitProcess.killProcess(LaucherJUnitProcess.java:171) - The Process that runs JUnit test cases did not terminate within waitTime of 10 seconds
[INFO ] fr.inria.astor.core.validation.processbased.LaucherJUnitProcess.killProcess(LaucherJUnitProcess.java:173) - Killed the Process that runs JUnit test cases 32775
[INFO ] fr.inria.astor.core.validation.processbased.LaucherJUnitProcess.killProcess(LaucherJUnitProcess.java:171) - The Process that runs JUnit test cases did not terminate within waitTime of 10 seconds
[INFO ] fr.inria.astor.core.validation.processbased.LaucherJUnitProcess.killProcess(LaucherJUnitProcess.java:173) - Killed the Process that runs JUnit test cases 33410
[INFO ] fr.inria.astor.core.validation.processbased.LaucherJUnitProcess.killProcess(LaucherJUnitProcess.java:171) - The Process that runs JUnit test cases did not terminate within waitTime of 10 seconds
[INFO ] fr.inria.astor.core.validation.processbased.LaucherJUnitProcess.killProcess(LaucherJUnitProcess.java:173) - Killed the Process that runs JUnit test cases 33624
[INFO ] fr.inria.astor.core.validation.processbased.LaucherJUnitProcess.killProcess(LaucherJUnitProcess.java:171) - The Process that runs JUnit test cases did not terminate within waitTime of 10 seconds
[INFO ] fr.inria.astor.core.validation.processbased.LaucherJUnitProcess.killProcess(LaucherJUnitProcess.java:173) - Killed the Process that runs JUnit test cases 33836
[INFO ] fr.inria.astor.core.validation.processbased.LaucherJUnitProcess.killProcess(LaucherJUnitProcess.java:171) - The Process that runs JUnit test cases did not terminate within waitTime of 10 seconds
[INFO ] fr.inria.astor.core.validation.processbased.LaucherJUnitProcess.killProcess(LaucherJUnitProcess.java:173) - Killed the Process that runs JUnit test cases 34020
[INFO ] fr.inria.astor.core.validation.processbased.LaucherJUnitProcess.killProcess(LaucherJUnitProcess.java:171) - The Process that runs JUnit test cases did not terminate within waitTime of 10 seconds
[INFO ] fr.inria.astor.core.validation.processbased.LaucherJUnitProcess.killProcess(LaucherJUnitProcess.java:173) - Killed the Process that runs JUnit test cases 34324
[INFO ] fr.inria.astor.core.validation.processbased.LaucherJUnitProcess.killProcess(LaucherJUnitProcess.java:171) - The Process that runs JUnit test cases did not terminate within waitTime of 10 seconds
[INFO ] fr.inria.astor.core.validation.processbased.LaucherJUnitProcess.killProcess(LaucherJUnitProcess.java:173) - Killed the Process that runs JUnit test cases 34357
[INFO ] fr.inria.astor.core.validation.processbased.LaucherJUnitProcess.killProcess(LaucherJUnitProcess.java:171) - The Process that runs JUnit test cases did not terminate within waitTime of 10 seconds
[INFO ] fr.inria.astor.core.validation.processbased.LaucherJUnitProcess.killProcess(LaucherJUnitProcess.java:173) - Killed the Process that runs JUnit test cases 34449
[INFO ] fr.inria.astor.core.validation.processbased.LaucherJUnitProcess.killProcess(LaucherJUnitProcess.java:171) - The Process that runs JUnit test cases did not terminate within waitTime of 10 seconds
[INFO ] fr.inria.astor.core.validation.processbased.LaucherJUnitProcess.killProcess(LaucherJUnitProcess.java:173) - Killed the Process that runs JUnit test cases 34907
[INFO ] fr.inria.astor.core.validation.processbased.LaucherJUnitProcess.killProcess(LaucherJUnitProcess.java:171) - The Process that runs JUnit test cases did not terminate within waitTime of 10 seconds
[INFO ] fr.inria.astor.core.validation.processbased.LaucherJUnitProcess.killProcess(LaucherJUnitProcess.java:173) - Killed the Process that runs JUnit test cases 34941
[INFO ] fr.inria.astor.core.validation.processbased.LaucherJUnitProcess.killProcess(LaucherJUnitProcess.java:171) - The Process that runs JUnit test cases did not terminate within waitTime of 10 seconds
[INFO ] fr.inria.astor.core.validation.processbased.LaucherJUnitProcess.killProcess(LaucherJUnitProcess.java:173) - Killed the Process that runs JUnit test cases 35124
[INFO ] fr.inria.astor.core.validation.processbased.LaucherJUnitProcess.killProcess(LaucherJUnitProcess.java:171) - The Process that runs JUnit test cases did not terminate within waitTime of 10 seconds
[INFO ] fr.inria.astor.core.validation.processbased.LaucherJUnitProcess.killProcess(LaucherJUnitProcess.java:173) - Killed the Process that runs JUnit test cases 35400
[INFO ] fr.inria.astor.core.validation.processbased.LaucherJUnitProcess.killProcess(LaucherJUnitProcess.java:171) - The Process that runs JUnit test cases did not terminate within waitTime of 10 seconds
[INFO ] fr.inria.astor.core.validation.processbased.LaucherJUnitProcess.killProcess(LaucherJUnitProcess.java:173) - Killed the Process that runs JUnit test cases 35612
[INFO ] fr.inria.astor.core.validation.processbased.LaucherJUnitProcess.killProcess(LaucherJUnitProcess.java:171) - The Process that runs JUnit test cases did not terminate within waitTime of 10 seconds
[INFO ] fr.inria.astor.core.validation.processbased.LaucherJUnitProcess.killProcess(LaucherJUnitProcess.java:173) - Killed the Process that runs JUnit test cases 35764
[INFO ] fr.inria.astor.core.validation.processbased.LaucherJUnitProcess.killProcess(LaucherJUnitProcess.java:171) - The Process that runs JUnit test cases did not terminate within waitTime of 10 seconds
[INFO ] fr.inria.astor.core.validation.processbased.LaucherJUnitProcess.killProcess(LaucherJUnitProcess.java:173) - Killed the Process that runs JUnit test cases 36369
[ERROR] fr.inria.astor.core.validation.processbased.LaucherJUnitProcess.getTestResult(LaucherJUnitProcess.java:286) - Error reading the validation process
 output: 
/var/lib/oar/.batch_job_bashrc: line 5: /home/tdurieux/.bashrc: No such file or directory
America/Los_Angeles
Picked up JAVA_TOOL_OPTIONS: -Dfile.encoding=UTF8 -Duser.language=en-US -Duser.country=US -Duser.language=en

[INFO ] fr.inria.astor.core.validation.processbased.LaucherJUnitProcess.killProcess(LaucherJUnitProcess.java:171) - The Process that runs JUnit test cases did not terminate within waitTime of 10 seconds
[INFO ] fr.inria.astor.core.validation.processbased.LaucherJUnitProcess.killProcess(LaucherJUnitProcess.java:173) - Killed the Process that runs JUnit test cases 37190
[ERROR] fr.inria.astor.core.validation.processbased.LaucherJUnitProcess.getTestResult(LaucherJUnitProcess.java:286) - Error reading the validation process
 output: 
/var/lib/oar/.batch_job_bashrc: line 5: /home/tdurieux/.bashrc: No such file or directory
America/Los_Angeles
Picked up JAVA_TOOL_OPTIONS: -Dfile.encoding=UTF8 -Duser.language=en-US -Duser.country=US -Duser.language=en

[INFO ] fr.inria.astor.core.validation.processbased.LaucherJUnitProcess.killProcess(LaucherJUnitProcess.java:171) - The Process that runs JUnit test cases did not terminate within waitTime of 10 seconds
[INFO ] fr.inria.astor.core.validation.processbased.LaucherJUnitProcess.killProcess(LaucherJUnitProcess.java:173) - Killed the Process that runs JUnit test cases 38128
[INFO ] fr.inria.astor.core.validation.processbased.LaucherJUnitProcess.killProcess(LaucherJUnitProcess.java:171) - The Process that runs JUnit test cases did not terminate within waitTime of 10 seconds
[INFO ] fr.inria.astor.core.validation.processbased.LaucherJUnitProcess.killProcess(LaucherJUnitProcess.java:173) - Killed the Process that runs JUnit test cases 38673
[INFO ] fr.inria.astor.core.validation.processbased.LaucherJUnitProcess.killProcess(LaucherJUnitProcess.java:171) - The Process that runs JUnit test cases did not terminate within waitTime of 10 seconds
[INFO ] fr.inria.astor.core.validation.processbased.LaucherJUnitProcess.killProcess(LaucherJUnitProcess.java:173) - Killed the Process that runs JUnit test cases 38704
[INFO ] fr.inria.astor.core.validation.processbased.LaucherJUnitProcess.killProcess(LaucherJUnitProcess.java:171) - The Process that runs JUnit test cases did not terminate within waitTime of 10 seconds
[INFO ] fr.inria.astor.core.validation.processbased.LaucherJUnitProcess.killProcess(LaucherJUnitProcess.java:173) - Killed the Process that runs JUnit test cases 38920
[INFO ] fr.inria.astor.core.validation.processbased.LaucherJUnitProcess.killProcess(LaucherJUnitProcess.java:171) - The Process that runs JUnit test cases did not terminate within waitTime of 10 seconds
[INFO ] fr.inria.astor.core.validation.processbased.LaucherJUnitProcess.killProcess(LaucherJUnitProcess.java:173) - Killed the Process that runs JUnit test cases 39495
[INFO ] fr.inria.astor.core.validation.processbased.LaucherJUnitProcess.killProcess(LaucherJUnitProcess.java:171) - The Process that runs JUnit test cases did not terminate within waitTime of 10 seconds
[INFO ] fr.inria.astor.core.validation.processbased.LaucherJUnitProcess.killProcess(LaucherJUnitProcess.java:173) - Killed the Process that runs JUnit test cases 39677
[ERROR] fr.inria.astor.core.validation.processbased.LaucherJUnitProcess.getTestResult(LaucherJUnitProcess.java:286) - Error reading the validation process
 output: 
/var/lib/oar/.batch_job_bashrc: line 5: /home/tdurieux/.bashrc: No such file or directory
America/Los_Angeles
Picked up JAVA_TOOL_OPTIONS: -Dfile.encoding=UTF8 -Duser.language=en-US -Duser.country=US -Duser.language=en

[INFO ] fr.inria.astor.core.validation.processbased.LaucherJUnitProcess.killProcess(LaucherJUnitProcess.java:171) - The Process that runs JUnit test cases did not terminate within waitTime of 10 seconds
[INFO ] fr.inria.astor.core.validation.processbased.LaucherJUnitProcess.killProcess(LaucherJUnitProcess.java:173) - Killed the Process that runs JUnit test cases 40463
[INFO ] fr.inria.astor.core.validation.processbased.LaucherJUnitProcess.killProcess(LaucherJUnitProcess.java:171) - The Process that runs JUnit test cases did not terminate within waitTime of 10 seconds
[INFO ] fr.inria.astor.core.validation.processbased.LaucherJUnitProcess.killProcess(LaucherJUnitProcess.java:173) - Killed the Process that runs JUnit test cases 40947
[INFO ] fr.inria.astor.core.validation.processbased.LaucherJUnitProcess.killProcess(LaucherJUnitProcess.java:171) - The Process that runs JUnit test cases did not terminate within waitTime of 10 seconds
[INFO ] fr.inria.astor.core.validation.processbased.LaucherJUnitProcess.killProcess(LaucherJUnitProcess.java:173) - Killed the Process that runs JUnit test cases 41101
[INFO ] fr.inria.astor.core.validation.processbased.LaucherJUnitProcess.killProcess(LaucherJUnitProcess.java:171) - The Process that runs JUnit test cases did not terminate within waitTime of 10 seconds
[INFO ] fr.inria.astor.core.validation.processbased.LaucherJUnitProcess.killProcess(LaucherJUnitProcess.java:173) - Killed the Process that runs JUnit test cases 41405
[INFO ] fr.inria.astor.core.validation.processbased.LaucherJUnitProcess.killProcess(LaucherJUnitProcess.java:171) - The Process that runs JUnit test cases did not terminate within waitTime of 10 seconds
[INFO ] fr.inria.astor.core.validation.processbased.LaucherJUnitProcess.killProcess(LaucherJUnitProcess.java:173) - Killed the Process that runs JUnit test cases 41587
[INFO ] fr.inria.astor.core.validation.processbased.LaucherJUnitProcess.killProcess(LaucherJUnitProcess.java:171) - The Process that runs JUnit test cases did not terminate within waitTime of 10 seconds
[INFO ] fr.inria.astor.core.validation.processbased.LaucherJUnitProcess.killProcess(LaucherJUnitProcess.java:173) - Killed the Process that runs JUnit test cases 41620
[INFO ] fr.inria.astor.core.validation.processbased.LaucherJUnitProcess.killProcess(LaucherJUnitProcess.java:171) - The Process that runs JUnit test cases did not terminate within waitTime of 10 seconds
[INFO ] fr.inria.astor.core.validation.processbased.LaucherJUnitProcess.killProcess(LaucherJUnitProcess.java:173) - Killed the Process that runs JUnit test cases 41925
[INFO ] fr.inria.astor.core.validation.processbased.LaucherJUnitProcess.killProcess(LaucherJUnitProcess.java:171) - The Process that runs JUnit test cases did not terminate within waitTime of 10 seconds
[INFO ] fr.inria.astor.core.validation.processbased.LaucherJUnitProcess.killProcess(LaucherJUnitProcess.java:173) - Killed the Process that runs JUnit test cases 41988
[INFO ] fr.inria.astor.core.validation.processbased.LaucherJUnitProcess.killProcess(LaucherJUnitProcess.java:171) - The Process that runs JUnit test cases did not terminate within waitTime of 10 seconds
[INFO ] fr.inria.astor.core.validation.processbased.LaucherJUnitProcess.killProcess(LaucherJUnitProcess.java:173) - Killed the Process that runs JUnit test cases 42353
[ERROR] fr.inria.astor.core.validation.processbased.LaucherJUnitProcess.getTestResult(LaucherJUnitProcess.java:286) - Error reading the validation process
 output: 
/var/lib/oar/.batch_job_bashrc: line 5: /home/tdurieux/.bashrc: No such file or directory
America/Los_Angeles
Picked up JAVA_TOOL_OPTIONS: -Dfile.encoding=UTF8 -Duser.language=en-US -Duser.country=US -Duser.language=en

[INFO ] fr.inria.astor.core.validation.processbased.LaucherJUnitProcess.killProcess(LaucherJUnitProcess.java:171) - The Process that runs JUnit test cases did not terminate within waitTime of 10 seconds
[INFO ] fr.inria.astor.core.validation.processbased.LaucherJUnitProcess.killProcess(LaucherJUnitProcess.java:173) - Killed the Process that runs JUnit test cases 42870
[INFO ] fr.inria.astor.core.validation.processbased.LaucherJUnitProcess.killProcess(LaucherJUnitProcess.java:171) - The Process that runs JUnit test cases did not terminate within waitTime of 10 seconds
[INFO ] fr.inria.astor.core.validation.processbased.LaucherJUnitProcess.killProcess(LaucherJUnitProcess.java:173) - Killed the Process that runs JUnit test cases 43295
[INFO ] fr.inria.astor.core.validation.processbased.LaucherJUnitProcess.killProcess(LaucherJUnitProcess.java:171) - The Process that runs JUnit test cases did not terminate within waitTime of 10 seconds
[INFO ] fr.inria.astor.core.validation.processbased.LaucherJUnitProcess.killProcess(LaucherJUnitProcess.java:173) - Killed the Process that runs JUnit test cases 43449
[INFO ] fr.inria.astor.core.validation.processbased.LaucherJUnitProcess.killProcess(LaucherJUnitProcess.java:171) - The Process that runs JUnit test cases did not terminate within waitTime of 10 seconds
[INFO ] fr.inria.astor.core.validation.processbased.LaucherJUnitProcess.killProcess(LaucherJUnitProcess.java:173) - Killed the Process that runs JUnit test cases 43480
[ERROR] fr.inria.astor.core.validation.processbased.LaucherJUnitProcess.getTestResult(LaucherJUnitProcess.java:286) - Error reading the validation process
 output: 
/var/lib/oar/.batch_job_bashrc: line 5: /home/tdurieux/.bashrc: No such file or directory
America/Los_Angeles
Picked up JAVA_TOOL_OPTIONS: -Dfile.encoding=UTF8 -Duser.language=en-US -Duser.country=US -Duser.language=en

[ERROR] fr.inria.astor.core.validation.processbased.LaucherJUnitProcess.getTestResult(LaucherJUnitProcess.java:286) - Error reading the validation process
 output: 
/var/lib/oar/.batch_job_bashrc: line 5: /home/tdurieux/.bashrc: No such file or directory
America/Los_Angeles
Picked up JAVA_TOOL_OPTIONS: -Dfile.encoding=UTF8 -Duser.language=en-US -Duser.country=US -Duser.language=en

[INFO ] fr.inria.astor.core.validation.processbased.LaucherJUnitProcess.killProcess(LaucherJUnitProcess.java:171) - The Process that runs JUnit test cases did not terminate within waitTime of 10 seconds
[INFO ] fr.inria.astor.core.validation.processbased.LaucherJUnitProcess.killProcess(LaucherJUnitProcess.java:173) - Killed the Process that runs JUnit test cases 45233
[INFO ] fr.inria.astor.core.validation.processbased.LaucherJUnitProcess.killProcess(LaucherJUnitProcess.java:171) - The Process that runs JUnit test cases did not terminate within waitTime of 10 seconds
[INFO ] fr.inria.astor.core.validation.processbased.LaucherJUnitProcess.killProcess(LaucherJUnitProcess.java:173) - Killed the Process that runs JUnit test cases 45507
[INFO ] fr.inria.astor.core.validation.processbased.LaucherJUnitProcess.killProcess(LaucherJUnitProcess.java:171) - The Process that runs JUnit test cases did not terminate within waitTime of 10 seconds
[INFO ] fr.inria.astor.core.validation.processbased.LaucherJUnitProcess.killProcess(LaucherJUnitProcess.java:173) - Killed the Process that runs JUnit test cases 45660
[INFO ] fr.inria.astor.core.validation.processbased.LaucherJUnitProcess.killProcess(LaucherJUnitProcess.java:171) - The Process that runs JUnit test cases did not terminate within waitTime of 10 seconds
[INFO ] fr.inria.astor.core.validation.processbased.LaucherJUnitProcess.killProcess(LaucherJUnitProcess.java:173) - Killed the Process that runs JUnit test cases 46293
[INFO ] fr.inria.astor.core.validation.processbased.LaucherJUnitProcess.killProcess(LaucherJUnitProcess.java:171) - The Process that runs JUnit test cases did not terminate within waitTime of 10 seconds
[INFO ] fr.inria.astor.core.validation.processbased.LaucherJUnitProcess.killProcess(LaucherJUnitProcess.java:173) - Killed the Process that runs JUnit test cases 46778
[INFO ] fr.inria.astor.core.validation.processbased.LaucherJUnitProcess.killProcess(LaucherJUnitProcess.java:171) - The Process that runs JUnit test cases did not terminate within waitTime of 10 seconds
[INFO ] fr.inria.astor.core.validation.processbased.LaucherJUnitProcess.killProcess(LaucherJUnitProcess.java:173) - Killed the Process that runs JUnit test cases 47112
[INFO ] fr.inria.astor.core.validation.processbased.LaucherJUnitProcess.killProcess(LaucherJUnitProcess.java:171) - The Process that runs JUnit test cases did not terminate within waitTime of 10 seconds
[INFO ] fr.inria.astor.core.validation.processbased.LaucherJUnitProcess.killProcess(LaucherJUnitProcess.java:173) - Killed the Process that runs JUnit test cases 47176
[INFO ] fr.inria.astor.core.validation.processbased.LaucherJUnitProcess.killProcess(LaucherJUnitProcess.java:171) - The Process that runs JUnit test cases did not terminate within waitTime of 10 seconds
[INFO ] fr.inria.astor.core.validation.processbased.LaucherJUnitProcess.killProcess(LaucherJUnitProcess.java:173) - Killed the Process that runs JUnit test cases 47237
[INFO ] fr.inria.astor.core.validation.processbased.LaucherJUnitProcess.killProcess(LaucherJUnitProcess.java:171) - The Process that runs JUnit test cases did not terminate within waitTime of 10 seconds
[INFO ] fr.inria.astor.core.validation.processbased.LaucherJUnitProcess.killProcess(LaucherJUnitProcess.java:173) - Killed the Process that runs JUnit test cases 47451
[INFO ] fr.inria.astor.core.validation.processbased.LaucherJUnitProcess.killProcess(LaucherJUnitProcess.java:171) - The Process that runs JUnit test cases did not terminate within waitTime of 10 seconds
[INFO ] fr.inria.astor.core.validation.processbased.LaucherJUnitProcess.killProcess(LaucherJUnitProcess.java:173) - Killed the Process that runs JUnit test cases 47633
[ERROR] fr.inria.astor.core.validation.processbased.LaucherJUnitProcess.getTestResult(LaucherJUnitProcess.java:286) - Error reading the validation process
 output: 
/var/lib/oar/.batch_job_bashrc: line 5: /home/tdurieux/.bashrc: No such file or directory
America/Los_Angeles
Picked up JAVA_TOOL_OPTIONS: -Dfile.encoding=UTF8 -Duser.language=en-US -Duser.country=US -Duser.language=en

[INFO ] fr.inria.astor.core.validation.processbased.LaucherJUnitProcess.killProcess(LaucherJUnitProcess.java:171) - The Process that runs JUnit test cases did not terminate within waitTime of 10 seconds
[INFO ] fr.inria.astor.core.validation.processbased.LaucherJUnitProcess.killProcess(LaucherJUnitProcess.java:173) - Killed the Process that runs JUnit test cases 47967
[INFO ] fr.inria.astor.core.validation.processbased.LaucherJUnitProcess.killProcess(LaucherJUnitProcess.java:171) - The Process that runs JUnit test cases did not terminate within waitTime of 10 seconds
[INFO ] fr.inria.astor.core.validation.processbased.LaucherJUnitProcess.killProcess(LaucherJUnitProcess.java:173) - Killed the Process that runs JUnit test cases 48091
[INFO ] fr.inria.astor.core.validation.processbased.LaucherJUnitProcess.killProcess(LaucherJUnitProcess.java:171) - The Process that runs JUnit test cases did not terminate within waitTime of 10 seconds
[INFO ] fr.inria.astor.core.validation.processbased.LaucherJUnitProcess.killProcess(LaucherJUnitProcess.java:173) - Killed the Process that runs JUnit test cases 48186
[INFO ] fr.inria.astor.core.validation.processbased.LaucherJUnitProcess.killProcess(LaucherJUnitProcess.java:171) - The Process that runs JUnit test cases did not terminate within waitTime of 10 seconds
[INFO ] fr.inria.astor.core.validation.processbased.LaucherJUnitProcess.killProcess(LaucherJUnitProcess.java:173) - Killed the Process that runs JUnit test cases 48460
[INFO ] fr.inria.astor.core.validation.processbased.LaucherJUnitProcess.killProcess(LaucherJUnitProcess.java:171) - The Process that runs JUnit test cases did not terminate within waitTime of 10 seconds
[INFO ] fr.inria.astor.core.validation.processbased.LaucherJUnitProcess.killProcess(LaucherJUnitProcess.java:173) - Killed the Process that runs JUnit test cases 48612
[INFO ] fr.inria.astor.core.validation.processbased.LaucherJUnitProcess.killProcess(LaucherJUnitProcess.java:171) - The Process that runs JUnit test cases did not terminate within waitTime of 10 seconds
[INFO ] fr.inria.astor.core.validation.processbased.LaucherJUnitProcess.killProcess(LaucherJUnitProcess.java:173) - Killed the Process that runs JUnit test cases 48827
[INFO ] fr.inria.astor.core.validation.processbased.LaucherJUnitProcess.killProcess(LaucherJUnitProcess.java:171) - The Process that runs JUnit test cases did not terminate within waitTime of 10 seconds
[INFO ] fr.inria.astor.core.validation.processbased.LaucherJUnitProcess.killProcess(LaucherJUnitProcess.java:173) - Killed the Process that runs JUnit test cases 344
[INFO ] fr.inria.astor.core.validation.processbased.LaucherJUnitProcess.killProcess(LaucherJUnitProcess.java:171) - The Process that runs JUnit test cases did not terminate within waitTime of 10 seconds
[INFO ] fr.inria.astor.core.validation.processbased.LaucherJUnitProcess.killProcess(LaucherJUnitProcess.java:173) - Killed the Process that runs JUnit test cases 557
[INFO ] fr.inria.astor.core.validation.processbased.LaucherJUnitProcess.killProcess(LaucherJUnitProcess.java:171) - The Process that runs JUnit test cases did not terminate within waitTime of 10 seconds
[INFO ] fr.inria.astor.core.validation.processbased.LaucherJUnitProcess.killProcess(LaucherJUnitProcess.java:173) - Killed the Process that runs JUnit test cases 706
[INFO ] fr.inria.astor.core.validation.processbased.LaucherJUnitProcess.killProcess(LaucherJUnitProcess.java:171) - The Process that runs JUnit test cases did not terminate within waitTime of 10 seconds
[INFO ] fr.inria.astor.core.validation.processbased.LaucherJUnitProcess.killProcess(LaucherJUnitProcess.java:173) - Killed the Process that runs JUnit test cases 892
[INFO ] fr.inria.astor.core.validation.processbased.LaucherJUnitProcess.killProcess(LaucherJUnitProcess.java:171) - The Process that runs JUnit test cases did not terminate within waitTime of 10 seconds
[INFO ] fr.inria.astor.core.validation.processbased.LaucherJUnitProcess.killProcess(LaucherJUnitProcess.java:173) - Killed the Process that runs JUnit test cases 923
[INFO ] fr.inria.astor.core.validation.processbased.LaucherJUnitProcess.killProcess(LaucherJUnitProcess.java:171) - The Process that runs JUnit test cases did not terminate within waitTime of 10 seconds
[INFO ] fr.inria.astor.core.validation.processbased.LaucherJUnitProcess.killProcess(LaucherJUnitProcess.java:173) - Killed the Process that runs JUnit test cases 1077
[INFO ] fr.inria.astor.core.validation.processbased.LaucherJUnitProcess.killProcess(LaucherJUnitProcess.java:171) - The Process that runs JUnit test cases did not terminate within waitTime of 10 seconds
[INFO ] fr.inria.astor.core.validation.processbased.LaucherJUnitProcess.killProcess(LaucherJUnitProcess.java:173) - Killed the Process that runs JUnit test cases 2310
[INFO ] fr.inria.astor.core.validation.processbased.LaucherJUnitProcess.killProcess(LaucherJUnitProcess.java:171) - The Process that runs JUnit test cases did not terminate within waitTime of 10 seconds
[INFO ] fr.inria.astor.core.validation.processbased.LaucherJUnitProcess.killProcess(LaucherJUnitProcess.java:173) - Killed the Process that runs JUnit test cases 2598
[INFO ] fr.inria.astor.core.validation.processbased.LaucherJUnitProcess.killProcess(LaucherJUnitProcess.java:171) - The Process that runs JUnit test cases did not terminate within waitTime of 10 seconds
[INFO ] fr.inria.astor.core.validation.processbased.LaucherJUnitProcess.killProcess(LaucherJUnitProcess.java:173) - Killed the Process that runs JUnit test cases 2691
[INFO ] fr.inria.astor.core.validation.processbased.LaucherJUnitProcess.killProcess(LaucherJUnitProcess.java:171) - The Process that runs JUnit test cases did not terminate within waitTime of 10 seconds
[INFO ] fr.inria.astor.core.validation.processbased.LaucherJUnitProcess.killProcess(LaucherJUnitProcess.java:173) - Killed the Process that runs JUnit test cases 2767
[INFO ] fr.inria.astor.core.validation.processbased.LaucherJUnitProcess.killProcess(LaucherJUnitProcess.java:171) - The Process that runs JUnit test cases did not terminate within waitTime of 10 seconds
[INFO ] fr.inria.astor.core.validation.processbased.LaucherJUnitProcess.killProcess(LaucherJUnitProcess.java:173) - Killed the Process that runs JUnit test cases 2863
[INFO ] fr.inria.astor.core.validation.processbased.LaucherJUnitProcess.killProcess(LaucherJUnitProcess.java:171) - The Process that runs JUnit test cases did not terminate within waitTime of 10 seconds
[INFO ] fr.inria.astor.core.validation.processbased.LaucherJUnitProcess.killProcess(LaucherJUnitProcess.java:173) - Killed the Process that runs JUnit test cases 3099
[ERROR] fr.inria.astor.core.validation.processbased.LaucherJUnitProcess.getTestResult(LaucherJUnitProcess.java:286) - Error reading the validation process
 output: 
/var/lib/oar/.batch_job_bashrc: line 5: /home/tdurieux/.bashrc: No such file or directory
America/Los_Angeles
Picked up JAVA_TOOL_OPTIONS: -Dfile.encoding=UTF8 -Duser.language=en-US -Duser.country=US -Duser.language=en

[INFO ] fr.inria.astor.core.validation.processbased.LaucherJUnitProcess.killProcess(LaucherJUnitProcess.java:171) - The Process that runs JUnit test cases did not terminate within waitTime of 10 seconds
[INFO ] fr.inria.astor.core.validation.processbased.LaucherJUnitProcess.killProcess(LaucherJUnitProcess.java:173) - Killed the Process that runs JUnit test cases 4003
[INFO ] fr.inria.astor.core.validation.processbased.LaucherJUnitProcess.killProcess(LaucherJUnitProcess.java:171) - The Process that runs JUnit test cases did not terminate within waitTime of 10 seconds
[INFO ] fr.inria.astor.core.validation.processbased.LaucherJUnitProcess.killProcess(LaucherJUnitProcess.java:173) - Killed the Process that runs JUnit test cases 5054
[INFO ] fr.inria.astor.core.validation.processbased.LaucherJUnitProcess.killProcess(LaucherJUnitProcess.java:171) - The Process that runs JUnit test cases did not terminate within waitTime of 10 seconds
[INFO ] fr.inria.astor.core.validation.processbased.LaucherJUnitProcess.killProcess(LaucherJUnitProcess.java:173) - Killed the Process that runs JUnit test cases 5117
[INFO ] fr.inria.astor.core.validation.processbased.LaucherJUnitProcess.killProcess(LaucherJUnitProcess.java:171) - The Process that runs JUnit test cases did not terminate within waitTime of 10 seconds
[INFO ] fr.inria.astor.core.validation.processbased.LaucherJUnitProcess.killProcess(LaucherJUnitProcess.java:173) - Killed the Process that runs JUnit test cases 5211
[ERROR] fr.inria.astor.core.validation.processbased.LaucherJUnitProcess.getTestResult(LaucherJUnitProcess.java:286) - Error reading the validation process
 output: 
/var/lib/oar/.batch_job_bashrc: line 5: /home/tdurieux/.bashrc: No such file or directory
America/Los_Angeles
Picked up JAVA_TOOL_OPTIONS: -Dfile.encoding=UTF8 -Duser.language=en-US -Duser.country=US -Duser.language=en

[INFO ] fr.inria.astor.core.validation.processbased.LaucherJUnitProcess.killProcess(LaucherJUnitProcess.java:171) - The Process that runs JUnit test cases did not terminate within waitTime of 10 seconds
[INFO ] fr.inria.astor.core.validation.processbased.LaucherJUnitProcess.killProcess(LaucherJUnitProcess.java:173) - Killed the Process that runs JUnit test cases 5998
[INFO ] fr.inria.astor.core.validation.processbased.LaucherJUnitProcess.killProcess(LaucherJUnitProcess.java:171) - The Process that runs JUnit test cases did not terminate within waitTime of 10 seconds
[INFO ] fr.inria.astor.core.validation.processbased.LaucherJUnitProcess.killProcess(LaucherJUnitProcess.java:173) - Killed the Process that runs JUnit test cases 6360
[INFO ] fr.inria.astor.core.validation.processbased.LaucherJUnitProcess.killProcess(LaucherJUnitProcess.java:171) - The Process that runs JUnit test cases did not terminate within waitTime of 10 seconds
[INFO ] fr.inria.astor.core.validation.processbased.LaucherJUnitProcess.killProcess(LaucherJUnitProcess.java:173) - Killed the Process that runs JUnit test cases 6455
[ERROR] fr.inria.astor.core.validation.processbased.LaucherJUnitProcess.getTestResult(LaucherJUnitProcess.java:286) - Error reading the validation process
 output: 
/var/lib/oar/.batch_job_bashrc: line 5: /home/tdurieux/.bashrc: No such file or directory
America/Los_Angeles
Picked up JAVA_TOOL_OPTIONS: -Dfile.encoding=UTF8 -Duser.language=en-US -Duser.country=US -Duser.language=en

[INFO ] fr.inria.astor.core.validation.processbased.LaucherJUnitProcess.killProcess(LaucherJUnitProcess.java:171) - The Process that runs JUnit test cases did not terminate within waitTime of 10 seconds
[INFO ] fr.inria.astor.core.validation.processbased.LaucherJUnitProcess.killProcess(LaucherJUnitProcess.java:173) - Killed the Process that runs JUnit test cases 6850
[INFO ] fr.inria.astor.core.validation.processbased.LaucherJUnitProcess.killProcess(LaucherJUnitProcess.java:171) - The Process that runs JUnit test cases did not terminate within waitTime of 10 seconds
[INFO ] fr.inria.astor.core.validation.processbased.LaucherJUnitProcess.killProcess(LaucherJUnitProcess.java:173) - Killed the Process that runs JUnit test cases 7092
[INFO ] fr.inria.astor.core.validation.processbased.LaucherJUnitProcess.killProcess(LaucherJUnitProcess.java:171) - The Process that runs JUnit test cases did not terminate within waitTime of 10 seconds
[INFO ] fr.inria.astor.core.validation.processbased.LaucherJUnitProcess.killProcess(LaucherJUnitProcess.java:173) - Killed the Process that runs JUnit test cases 7729
[INFO ] fr.inria.astor.core.validation.processbased.LaucherJUnitProcess.killProcess(LaucherJUnitProcess.java:171) - The Process that runs JUnit test cases did not terminate within waitTime of 10 seconds
[INFO ] fr.inria.astor.core.validation.processbased.LaucherJUnitProcess.killProcess(LaucherJUnitProcess.java:173) - Killed the Process that runs JUnit test cases 8818
[ERROR] fr.inria.astor.core.validation.processbased.LaucherJUnitProcess.getTestResult(LaucherJUnitProcess.java:286) - Error reading the validation process
 output: 
/var/lib/oar/.batch_job_bashrc: line 5: /home/tdurieux/.bashrc: No such file or directory
America/Los_Angeles
Picked up JAVA_TOOL_OPTIONS: -Dfile.encoding=UTF8 -Duser.language=en-US -Duser.country=US -Duser.language=en

[INFO ] fr.inria.astor.core.validation.processbased.LaucherJUnitProcess.killProcess(LaucherJUnitProcess.java:171) - The Process that runs JUnit test cases did not terminate within waitTime of 10 seconds
[INFO ] fr.inria.astor.core.validation.processbased.LaucherJUnitProcess.killProcess(LaucherJUnitProcess.java:173) - Killed the Process that runs JUnit test cases 9122
[INFO ] fr.inria.astor.core.validation.processbased.LaucherJUnitProcess.killProcess(LaucherJUnitProcess.java:171) - The Process that runs JUnit test cases did not terminate within waitTime of 10 seconds
[INFO ] fr.inria.astor.core.validation.processbased.LaucherJUnitProcess.killProcess(LaucherJUnitProcess.java:173) - Killed the Process that runs JUnit test cases 9487
[ERROR] fr.inria.astor.core.validation.processbased.LaucherJUnitProcess.getTestResult(LaucherJUnitProcess.java:286) - Error reading the validation process
 output: 
/var/lib/oar/.batch_job_bashrc: line 5: /home/tdurieux/.bashrc: No such file or directory
America/Los_Angeles
Picked up JAVA_TOOL_OPTIONS: -Dfile.encoding=UTF8 -Duser.language=en-US -Duser.country=US -Duser.language=en

[INFO ] fr.inria.astor.core.validation.processbased.LaucherJUnitProcess.killProcess(LaucherJUnitProcess.java:171) - The Process that runs JUnit test cases did not terminate within waitTime of 10 seconds
[INFO ] fr.inria.astor.core.validation.processbased.LaucherJUnitProcess.killProcess(LaucherJUnitProcess.java:173) - Killed the Process that runs JUnit test cases 9849
[INFO ] fr.inria.astor.core.validation.processbased.LaucherJUnitProcess.killProcess(LaucherJUnitProcess.java:171) - The Process that runs JUnit test cases did not terminate within waitTime of 10 seconds
[INFO ] fr.inria.astor.core.validation.processbased.LaucherJUnitProcess.killProcess(LaucherJUnitProcess.java:173) - Killed the Process that runs JUnit test cases 10424
[INFO ] fr.inria.astor.core.validation.processbased.LaucherJUnitProcess.killProcess(LaucherJUnitProcess.java:171) - The Process that runs JUnit test cases did not terminate within waitTime of 10 seconds
[INFO ] fr.inria.astor.core.validation.processbased.LaucherJUnitProcess.killProcess(LaucherJUnitProcess.java:173) - Killed the Process that runs JUnit test cases 10879
[ERROR] fr.inria.astor.core.validation.processbased.LaucherJUnitProcess.getTestResult(LaucherJUnitProcess.java:286) - Error reading the validation process
 output: 
/var/lib/oar/.batch_job_bashrc: line 5: /home/tdurieux/.bashrc: No such file or directory
America/Los_Angeles
Picked up JAVA_TOOL_OPTIONS: -Dfile.encoding=UTF8 -Duser.language=en-US -Duser.country=US -Duser.language=en

[INFO ] fr.inria.astor.core.validation.processbased.LaucherJUnitProcess.killProcess(LaucherJUnitProcess.java:171) - The Process that runs JUnit test cases did not terminate within waitTime of 10 seconds
[INFO ] fr.inria.astor.core.validation.processbased.LaucherJUnitProcess.killProcess(LaucherJUnitProcess.java:173) - Killed the Process that runs JUnit test cases 11636
[ERROR] fr.inria.astor.core.validation.processbased.LaucherJUnitProcess.getTestResult(LaucherJUnitProcess.java:286) - Error reading the validation process
 output: 
/var/lib/oar/.batch_job_bashrc: line 5: /home/tdurieux/.bashrc: No such file or directory
America/Los_Angeles
Picked up JAVA_TOOL_OPTIONS: -Dfile.encoding=UTF8 -Duser.language=en-US -Duser.country=US -Duser.language=en

[INFO ] fr.inria.astor.core.validation.processbased.LaucherJUnitProcess.killProcess(LaucherJUnitProcess.java:171) - The Process that runs JUnit test cases did not terminate within waitTime of 10 seconds
[INFO ] fr.inria.astor.core.validation.processbased.LaucherJUnitProcess.killProcess(LaucherJUnitProcess.java:173) - Killed the Process that runs JUnit test cases 12242
[INFO ] fr.inria.astor.core.validation.processbased.LaucherJUnitProcess.killProcess(LaucherJUnitProcess.java:171) - The Process that runs JUnit test cases did not terminate within waitTime of 10 seconds
[INFO ] fr.inria.astor.core.validation.processbased.LaucherJUnitProcess.killProcess(LaucherJUnitProcess.java:173) - Killed the Process that runs JUnit test cases 12454
[INFO ] fr.inria.astor.core.validation.processbased.LaucherJUnitProcess.killProcess(LaucherJUnitProcess.java:171) - The Process that runs JUnit test cases did not terminate within waitTime of 10 seconds
[INFO ] fr.inria.astor.core.validation.processbased.LaucherJUnitProcess.killProcess(LaucherJUnitProcess.java:173) - Killed the Process that runs JUnit test cases 12487
[INFO ] fr.inria.astor.core.validation.processbased.LaucherJUnitProcess.killProcess(LaucherJUnitProcess.java:171) - The Process that runs JUnit test cases did not terminate within waitTime of 10 seconds
[INFO ] fr.inria.astor.core.validation.processbased.LaucherJUnitProcess.killProcess(LaucherJUnitProcess.java:173) - Killed the Process that runs JUnit test cases 12732
[INFO ] fr.inria.astor.core.validation.processbased.LaucherJUnitProcess.killProcess(LaucherJUnitProcess.java:171) - The Process that runs JUnit test cases did not terminate within waitTime of 10 seconds
[INFO ] fr.inria.astor.core.validation.processbased.LaucherJUnitProcess.killProcess(LaucherJUnitProcess.java:173) - Killed the Process that runs JUnit test cases 13187
[ERROR] fr.inria.astor.core.validation.processbased.LaucherJUnitProcess.getTestResult(LaucherJUnitProcess.java:286) - Error reading the validation process
 output: 
/var/lib/oar/.batch_job_bashrc: line 5: /home/tdurieux/.bashrc: No such file or directory
America/Los_Angeles
Picked up JAVA_TOOL_OPTIONS: -Dfile.encoding=UTF8 -Duser.language=en-US -Duser.country=US -Duser.language=en

[INFO ] fr.inria.astor.core.validation.processbased.LaucherJUnitProcess.killProcess(LaucherJUnitProcess.java:171) - The Process that runs JUnit test cases did not terminate within waitTime of 10 seconds
[INFO ] fr.inria.astor.core.validation.processbased.LaucherJUnitProcess.killProcess(LaucherJUnitProcess.java:173) - Killed the Process that runs JUnit test cases 13944
[INFO ] fr.inria.astor.core.validation.processbased.LaucherJUnitProcess.killProcess(LaucherJUnitProcess.java:171) - The Process that runs JUnit test cases did not terminate within waitTime of 10 seconds
[INFO ] fr.inria.astor.core.validation.processbased.LaucherJUnitProcess.killProcess(LaucherJUnitProcess.java:173) - Killed the Process that runs JUnit test cases 14068
[INFO ] fr.inria.astor.core.validation.processbased.LaucherJUnitProcess.killProcess(LaucherJUnitProcess.java:171) - The Process that runs JUnit test cases did not terminate within waitTime of 10 seconds
[INFO ] fr.inria.astor.core.validation.processbased.LaucherJUnitProcess.killProcess(LaucherJUnitProcess.java:173) - Killed the Process that runs JUnit test cases 14402
[INFO ] fr.inria.astor.core.validation.processbased.LaucherJUnitProcess.killProcess(LaucherJUnitProcess.java:171) - The Process that runs JUnit test cases did not terminate within waitTime of 10 seconds
[INFO ] fr.inria.astor.core.validation.processbased.LaucherJUnitProcess.killProcess(LaucherJUnitProcess.java:173) - Killed the Process that runs JUnit test cases 14464
[INFO ] fr.inria.astor.core.validation.processbased.LaucherJUnitProcess.killProcess(LaucherJUnitProcess.java:171) - The Process that runs JUnit test cases did not terminate within waitTime of 10 seconds
[INFO ] fr.inria.astor.core.validation.processbased.LaucherJUnitProcess.killProcess(LaucherJUnitProcess.java:173) - Killed the Process that runs JUnit test cases 14738
[INFO ] fr.inria.astor.core.validation.processbased.LaucherJUnitProcess.killProcess(LaucherJUnitProcess.java:171) - The Process that runs JUnit test cases did not terminate within waitTime of 10 seconds
[INFO ] fr.inria.astor.core.validation.processbased.LaucherJUnitProcess.killProcess(LaucherJUnitProcess.java:173) - Killed the Process that runs JUnit test cases 15192
[INFO ] fr.inria.astor.core.validation.processbased.LaucherJUnitProcess.killProcess(LaucherJUnitProcess.java:171) - The Process that runs JUnit test cases did not terminate within waitTime of 10 seconds
[INFO ] fr.inria.astor.core.validation.processbased.LaucherJUnitProcess.killProcess(LaucherJUnitProcess.java:173) - Killed the Process that runs JUnit test cases 15346
[INFO ] fr.inria.astor.core.validation.processbased.LaucherJUnitProcess.killProcess(LaucherJUnitProcess.java:171) - The Process that runs JUnit test cases did not terminate within waitTime of 10 seconds
[INFO ] fr.inria.astor.core.validation.processbased.LaucherJUnitProcess.killProcess(LaucherJUnitProcess.java:173) - Killed the Process that runs JUnit test cases 15801
[INFO ] fr.inria.astor.core.validation.processbased.LaucherJUnitProcess.killProcess(LaucherJUnitProcess.java:171) - The Process that runs JUnit test cases did not terminate within waitTime of 10 seconds
[INFO ] fr.inria.astor.core.validation.processbased.LaucherJUnitProcess.killProcess(LaucherJUnitProcess.java:173) - Killed the Process that runs JUnit test cases 16137
[INFO ] fr.inria.astor.core.validation.processbased.LaucherJUnitProcess.killProcess(LaucherJUnitProcess.java:171) - The Process that runs JUnit test cases did not terminate within waitTime of 10 seconds
[INFO ] fr.inria.astor.core.validation.processbased.LaucherJUnitProcess.killProcess(LaucherJUnitProcess.java:173) - Killed the Process that runs JUnit test cases 16228
[INFO ] fr.inria.astor.core.validation.processbased.LaucherJUnitProcess.killProcess(LaucherJUnitProcess.java:171) - The Process that runs JUnit test cases did not terminate within waitTime of 10 seconds
[INFO ] fr.inria.astor.core.validation.processbased.LaucherJUnitProcess.killProcess(LaucherJUnitProcess.java:173) - Killed the Process that runs JUnit test cases 16503
[ERROR] fr.inria.astor.core.validation.processbased.LaucherJUnitProcess.getTestResult(LaucherJUnitProcess.java:286) - Error reading the validation process
 output: 
/var/lib/oar/.batch_job_bashrc: line 5: /home/tdurieux/.bashrc: No such file or directory
America/Los_Angeles
Picked up JAVA_TOOL_OPTIONS: -Dfile.encoding=UTF8 -Duser.language=en-US -Duser.country=US -Duser.language=en

[INFO ] fr.inria.astor.core.validation.processbased.LaucherJUnitProcess.killProcess(LaucherJUnitProcess.java:171) - The Process that runs JUnit test cases did not terminate within waitTime of 10 seconds
[INFO ] fr.inria.astor.core.validation.processbased.LaucherJUnitProcess.killProcess(LaucherJUnitProcess.java:173) - Killed the Process that runs JUnit test cases 17047
[INFO ] fr.inria.astor.core.validation.processbased.LaucherJUnitProcess.killProcess(LaucherJUnitProcess.java:171) - The Process that runs JUnit test cases did not terminate within waitTime of 10 seconds
[INFO ] fr.inria.astor.core.validation.processbased.LaucherJUnitProcess.killProcess(LaucherJUnitProcess.java:173) - Killed the Process that runs JUnit test cases 17927
[INFO ] fr.inria.astor.core.validation.processbased.LaucherJUnitProcess.killProcess(LaucherJUnitProcess.java:171) - The Process that runs JUnit test cases did not terminate within waitTime of 10 seconds
[INFO ] fr.inria.astor.core.validation.processbased.LaucherJUnitProcess.killProcess(LaucherJUnitProcess.java:173) - Killed the Process that runs JUnit test cases 18564
[INFO ] fr.inria.astor.core.validation.processbased.LaucherJUnitProcess.killProcess(LaucherJUnitProcess.java:171) - The Process that runs JUnit test cases did not terminate within waitTime of 10 seconds
[INFO ] fr.inria.astor.core.validation.processbased.LaucherJUnitProcess.killProcess(LaucherJUnitProcess.java:173) - Killed the Process that runs JUnit test cases 18867
[INFO ] fr.inria.astor.core.validation.processbased.LaucherJUnitProcess.killProcess(LaucherJUnitProcess.java:171) - The Process that runs JUnit test cases did not terminate within waitTime of 10 seconds
[INFO ] fr.inria.astor.core.validation.processbased.LaucherJUnitProcess.killProcess(LaucherJUnitProcess.java:173) - Killed the Process that runs JUnit test cases 18991
[INFO ] fr.inria.astor.core.validation.processbased.LaucherJUnitProcess.killProcess(LaucherJUnitProcess.java:171) - The Process that runs JUnit test cases did not terminate within waitTime of 10 seconds
[INFO ] fr.inria.astor.core.validation.processbased.LaucherJUnitProcess.killProcess(LaucherJUnitProcess.java:173) - Killed the Process that runs JUnit test cases 19837
[INFO ] fr.inria.astor.core.validation.processbased.LaucherJUnitProcess.killProcess(LaucherJUnitProcess.java:171) - The Process that runs JUnit test cases did not terminate within waitTime of 10 seconds
[INFO ] fr.inria.astor.core.validation.processbased.LaucherJUnitProcess.killProcess(LaucherJUnitProcess.java:173) - Killed the Process that runs JUnit test cases 20111
[ERROR] fr.inria.astor.core.validation.processbased.LaucherJUnitProcess.getTestResult(LaucherJUnitProcess.java:286) - Error reading the validation process
 output: 
/var/lib/oar/.batch_job_bashrc: line 5: /home/tdurieux/.bashrc: No such file or directory
America/Los_Angeles
Picked up JAVA_TOOL_OPTIONS: -Dfile.encoding=UTF8 -Duser.language=en-US -Duser.country=US -Duser.language=en

[INFO ] fr.inria.astor.core.validation.processbased.LaucherJUnitProcess.killProcess(LaucherJUnitProcess.java:171) - The Process that runs JUnit test cases did not terminate within waitTime of 10 seconds
[INFO ] fr.inria.astor.core.validation.processbased.LaucherJUnitProcess.killProcess(LaucherJUnitProcess.java:173) - Killed the Process that runs JUnit test cases 20505
[INFO ] fr.inria.astor.core.validation.processbased.LaucherJUnitProcess.killProcess(LaucherJUnitProcess.java:171) - The Process that runs JUnit test cases did not terminate within waitTime of 10 seconds
[INFO ] fr.inria.astor.core.validation.processbased.LaucherJUnitProcess.killProcess(LaucherJUnitProcess.java:173) - Killed the Process that runs JUnit test cases 20780
[INFO ] fr.inria.astor.core.validation.processbased.LaucherJUnitProcess.killProcess(LaucherJUnitProcess.java:171) - The Process that runs JUnit test cases did not terminate within waitTime of 10 seconds
[INFO ] fr.inria.astor.core.validation.processbased.LaucherJUnitProcess.killProcess(LaucherJUnitProcess.java:173) - Killed the Process that runs JUnit test cases 21204
[INFO ] fr.inria.astor.core.validation.processbased.LaucherJUnitProcess.killProcess(LaucherJUnitProcess.java:171) - The Process that runs JUnit test cases did not terminate within waitTime of 10 seconds
[INFO ] fr.inria.astor.core.validation.processbased.LaucherJUnitProcess.killProcess(LaucherJUnitProcess.java:173) - Killed the Process that runs JUnit test cases 21478
[INFO ] fr.inria.astor.core.validation.processbased.LaucherJUnitProcess.killProcess(LaucherJUnitProcess.java:171) - The Process that runs JUnit test cases did not terminate within waitTime of 10 seconds
[INFO ] fr.inria.astor.core.validation.processbased.LaucherJUnitProcess.killProcess(LaucherJUnitProcess.java:173) - Killed the Process that runs JUnit test cases 21630
[INFO ] fr.inria.astor.core.validation.processbased.LaucherJUnitProcess.killProcess(LaucherJUnitProcess.java:171) - The Process that runs JUnit test cases did not terminate within waitTime of 10 seconds
[INFO ] fr.inria.astor.core.validation.processbased.LaucherJUnitProcess.killProcess(LaucherJUnitProcess.java:173) - Killed the Process that runs JUnit test cases 22688
[INFO ] fr.inria.astor.core.validation.processbased.LaucherJUnitProcess.killProcess(LaucherJUnitProcess.java:171) - The Process that runs JUnit test cases did not terminate within waitTime of 10 seconds
[INFO ] fr.inria.astor.core.validation.processbased.LaucherJUnitProcess.killProcess(LaucherJUnitProcess.java:173) - Killed the Process that runs JUnit test cases 22752
[INFO ] fr.inria.astor.core.validation.processbased.LaucherJUnitProcess.killProcess(LaucherJUnitProcess.java:171) - The Process that runs JUnit test cases did not terminate within waitTime of 10 seconds
[INFO ] fr.inria.astor.core.validation.processbased.LaucherJUnitProcess.killProcess(LaucherJUnitProcess.java:173) - Killed the Process that runs JUnit test cases 23056
[INFO ] fr.inria.astor.core.validation.processbased.LaucherJUnitProcess.killProcess(LaucherJUnitProcess.java:171) - The Process that runs JUnit test cases did not terminate within waitTime of 10 seconds
[INFO ] fr.inria.astor.core.validation.processbased.LaucherJUnitProcess.killProcess(LaucherJUnitProcess.java:173) - Killed the Process that runs JUnit test cases 23089
[INFO ] fr.inria.astor.core.validation.processbased.LaucherJUnitProcess.killProcess(LaucherJUnitProcess.java:171) - The Process that runs JUnit test cases did not terminate within waitTime of 10 seconds
[INFO ] fr.inria.astor.core.validation.processbased.LaucherJUnitProcess.killProcess(LaucherJUnitProcess.java:173) - Killed the Process that runs JUnit test cases 23121
[INFO ] fr.inria.astor.core.validation.processbased.LaucherJUnitProcess.killProcess(LaucherJUnitProcess.java:171) - The Process that runs JUnit test cases did not terminate within waitTime of 10 seconds
[INFO ] fr.inria.astor.core.validation.processbased.LaucherJUnitProcess.killProcess(LaucherJUnitProcess.java:173) - Killed the Process that runs JUnit test cases 23936
[INFO ] fr.inria.astor.core.validation.processbased.LaucherJUnitProcess.killProcess(LaucherJUnitProcess.java:171) - The Process that runs JUnit test cases did not terminate within waitTime of 10 seconds
[INFO ] fr.inria.astor.core.validation.processbased.LaucherJUnitProcess.killProcess(LaucherJUnitProcess.java:173) - Killed the Process that runs JUnit test cases 24090
[INFO ] fr.inria.astor.core.validation.processbased.LaucherJUnitProcess.killProcess(LaucherJUnitProcess.java:171) - The Process that runs JUnit test cases did not terminate within waitTime of 10 seconds
[INFO ] fr.inria.astor.core.validation.processbased.LaucherJUnitProcess.killProcess(LaucherJUnitProcess.java:173) - Killed the Process that runs JUnit test cases 24484
[INFO ] fr.inria.astor.core.validation.processbased.LaucherJUnitProcess.killProcess(LaucherJUnitProcess.java:171) - The Process that runs JUnit test cases did not terminate within waitTime of 10 seconds
[INFO ] fr.inria.astor.core.validation.processbased.LaucherJUnitProcess.killProcess(LaucherJUnitProcess.java:173) - Killed the Process that runs JUnit test cases 24670
[INFO ] fr.inria.astor.core.validation.processbased.LaucherJUnitProcess.killProcess(LaucherJUnitProcess.java:171) - The Process that runs JUnit test cases did not terminate within waitTime of 10 seconds
[INFO ] fr.inria.astor.core.validation.processbased.LaucherJUnitProcess.killProcess(LaucherJUnitProcess.java:173) - Killed the Process that runs JUnit test cases 25609
[ERROR] fr.inria.astor.core.validation.processbased.LaucherJUnitProcess.getTestResult(LaucherJUnitProcess.java:286) - Error reading the validation process
 output: 
/var/lib/oar/.batch_job_bashrc: line 5: /home/tdurieux/.bashrc: No such file or directory
America/Los_Angeles
Picked up JAVA_TOOL_OPTIONS: -Dfile.encoding=UTF8 -Duser.language=en-US -Duser.country=US -Duser.language=en

[INFO ] fr.inria.astor.core.validation.processbased.LaucherJUnitProcess.killProcess(LaucherJUnitProcess.java:171) - The Process that runs JUnit test cases did not terminate within waitTime of 10 seconds
[INFO ] fr.inria.astor.core.validation.processbased.LaucherJUnitProcess.killProcess(LaucherJUnitProcess.java:173) - Killed the Process that runs JUnit test cases 26488
[INFO ] fr.inria.astor.core.validation.processbased.LaucherJUnitProcess.killProcess(LaucherJUnitProcess.java:171) - The Process that runs JUnit test cases did not terminate within waitTime of 10 seconds
[INFO ] fr.inria.astor.core.validation.processbased.LaucherJUnitProcess.killProcess(LaucherJUnitProcess.java:173) - Killed the Process that runs JUnit test cases 26551
[INFO ] fr.inria.astor.core.validation.processbased.LaucherJUnitProcess.killProcess(LaucherJUnitProcess.java:171) - The Process that runs JUnit test cases did not terminate within waitTime of 10 seconds
[INFO ] fr.inria.astor.core.validation.processbased.LaucherJUnitProcess.killProcess(LaucherJUnitProcess.java:173) - Killed the Process that runs JUnit test cases 27124
[INFO ] fr.inria.astor.core.validation.processbased.LaucherJUnitProcess.killProcess(LaucherJUnitProcess.java:171) - The Process that runs JUnit test cases did not terminate within waitTime of 10 seconds
[INFO ] fr.inria.astor.core.validation.processbased.LaucherJUnitProcess.killProcess(LaucherJUnitProcess.java:173) - Killed the Process that runs JUnit test cases 27158
[INFO ] fr.inria.astor.core.validation.processbased.LaucherJUnitProcess.killProcess(LaucherJUnitProcess.java:171) - The Process that runs JUnit test cases did not terminate within waitTime of 10 seconds
[INFO ] fr.inria.astor.core.validation.processbased.LaucherJUnitProcess.killProcess(LaucherJUnitProcess.java:173) - Killed the Process that runs JUnit test cases 27309
[INFO ] fr.inria.astor.core.validation.processbased.LaucherJUnitProcess.killProcess(LaucherJUnitProcess.java:171) - The Process that runs JUnit test cases did not terminate within waitTime of 10 seconds
[INFO ] fr.inria.astor.core.validation.processbased.LaucherJUnitProcess.killProcess(LaucherJUnitProcess.java:173) - Killed the Process that runs JUnit test cases 27559
[INFO ] fr.inria.astor.core.validation.processbased.LaucherJUnitProcess.killProcess(LaucherJUnitProcess.java:171) - The Process that runs JUnit test cases did not terminate within waitTime of 10 seconds
[INFO ] fr.inria.astor.core.validation.processbased.LaucherJUnitProcess.killProcess(LaucherJUnitProcess.java:173) - Killed the Process that runs JUnit test cases 27833
[INFO ] fr.inria.astor.core.validation.processbased.LaucherJUnitProcess.killProcess(LaucherJUnitProcess.java:171) - The Process that runs JUnit test cases did not terminate within waitTime of 10 seconds
[INFO ] fr.inria.astor.core.validation.processbased.LaucherJUnitProcess.killProcess(LaucherJUnitProcess.java:173) - Killed the Process that runs JUnit test cases 28318
[INFO ] fr.inria.astor.core.validation.processbased.LaucherJUnitProcess.killProcess(LaucherJUnitProcess.java:171) - The Process that runs JUnit test cases did not terminate within waitTime of 10 seconds
[INFO ] fr.inria.astor.core.validation.processbased.LaucherJUnitProcess.killProcess(LaucherJUnitProcess.java:173) - Killed the Process that runs JUnit test cases 28442
[INFO ] fr.inria.astor.core.validation.processbased.LaucherJUnitProcess.killProcess(LaucherJUnitProcess.java:171) - The Process that runs JUnit test cases did not terminate within waitTime of 10 seconds
[INFO ] fr.inria.astor.core.validation.processbased.LaucherJUnitProcess.killProcess(LaucherJUnitProcess.java:173) - Killed the Process that runs JUnit test cases 28565
[INFO ] fr.inria.astor.core.validation.processbased.LaucherJUnitProcess.killProcess(LaucherJUnitProcess.java:171) - The Process that runs JUnit test cases did not terminate within waitTime of 10 seconds
[INFO ] fr.inria.astor.core.validation.processbased.LaucherJUnitProcess.killProcess(LaucherJUnitProcess.java:173) - Killed the Process that runs JUnit test cases 28629
[INFO ] fr.inria.astor.core.validation.processbased.LaucherJUnitProcess.killProcess(LaucherJUnitProcess.java:171) - The Process that runs JUnit test cases did not terminate within waitTime of 10 seconds
[INFO ] fr.inria.astor.core.validation.processbased.LaucherJUnitProcess.killProcess(LaucherJUnitProcess.java:173) - Killed the Process that runs JUnit test cases 28751
[INFO ] fr.inria.astor.core.validation.processbased.LaucherJUnitProcess.killProcess(LaucherJUnitProcess.java:171) - The Process that runs JUnit test cases did not terminate within waitTime of 10 seconds
[INFO ] fr.inria.astor.core.validation.processbased.LaucherJUnitProcess.killProcess(LaucherJUnitProcess.java:173) - Killed the Process that runs JUnit test cases 28814
[INFO ] fr.inria.astor.core.validation.processbased.LaucherJUnitProcess.killProcess(LaucherJUnitProcess.java:171) - The Process that runs JUnit test cases did not terminate within waitTime of 10 seconds
[INFO ] fr.inria.astor.core.validation.processbased.LaucherJUnitProcess.killProcess(LaucherJUnitProcess.java:173) - Killed the Process that runs JUnit test cases 29118
[INFO ] fr.inria.astor.core.validation.processbased.LaucherJUnitProcess.killProcess(LaucherJUnitProcess.java:171) - The Process that runs JUnit test cases did not terminate within waitTime of 10 seconds
[INFO ] fr.inria.astor.core.validation.processbased.LaucherJUnitProcess.killProcess(LaucherJUnitProcess.java:173) - Killed the Process that runs JUnit test cases 29182
[INFO ] fr.inria.astor.core.validation.processbased.LaucherJUnitProcess.killProcess(LaucherJUnitProcess.java:171) - The Process that runs JUnit test cases did not terminate within waitTime of 10 seconds
[INFO ] fr.inria.astor.core.validation.processbased.LaucherJUnitProcess.killProcess(LaucherJUnitProcess.java:173) - Killed the Process that runs JUnit test cases 29576
[INFO ] fr.inria.astor.core.validation.processbased.LaucherJUnitProcess.killProcess(LaucherJUnitProcess.java:171) - The Process that runs JUnit test cases did not terminate within waitTime of 10 seconds
[INFO ] fr.inria.astor.core.validation.processbased.LaucherJUnitProcess.killProcess(LaucherJUnitProcess.java:173) - Killed the Process that runs JUnit test cases 29882
[INFO ] fr.inria.astor.core.validation.processbased.LaucherJUnitProcess.killProcess(LaucherJUnitProcess.java:171) - The Process that runs JUnit test cases did not terminate within waitTime of 10 seconds
[INFO ] fr.inria.astor.core.validation.processbased.LaucherJUnitProcess.killProcess(LaucherJUnitProcess.java:173) - Killed the Process that runs JUnit test cases 30004
[INFO ] fr.inria.astor.core.validation.processbased.LaucherJUnitProcess.killProcess(LaucherJUnitProcess.java:171) - The Process that runs JUnit test cases did not terminate within waitTime of 10 seconds
[INFO ] fr.inria.astor.core.validation.processbased.LaucherJUnitProcess.killProcess(LaucherJUnitProcess.java:173) - Killed the Process that runs JUnit test cases 30399
[INFO ] fr.inria.astor.core.validation.processbased.LaucherJUnitProcess.killProcess(LaucherJUnitProcess.java:171) - The Process that runs JUnit test cases did not terminate within waitTime of 10 seconds
[INFO ] fr.inria.astor.core.validation.processbased.LaucherJUnitProcess.killProcess(LaucherJUnitProcess.java:173) - Killed the Process that runs JUnit test cases 30585
[INFO ] fr.inria.astor.core.validation.processbased.LaucherJUnitProcess.killProcess(LaucherJUnitProcess.java:171) - The Process that runs JUnit test cases did not terminate within waitTime of 10 seconds
[INFO ] fr.inria.astor.core.validation.processbased.LaucherJUnitProcess.killProcess(LaucherJUnitProcess.java:173) - Killed the Process that runs JUnit test cases 30649
[INFO ] fr.inria.astor.core.validation.processbased.LaucherJUnitProcess.killProcess(LaucherJUnitProcess.java:171) - The Process that runs JUnit test cases did not terminate within waitTime of 10 seconds
[INFO ] fr.inria.astor.core.validation.processbased.LaucherJUnitProcess.killProcess(LaucherJUnitProcess.java:173) - Killed the Process that runs JUnit test cases 31948
[INFO ] fr.inria.astor.core.validation.processbased.LaucherJUnitProcess.killProcess(LaucherJUnitProcess.java:171) - The Process that runs JUnit test cases did not terminate within waitTime of 10 seconds
[INFO ] fr.inria.astor.core.validation.processbased.LaucherJUnitProcess.killProcess(LaucherJUnitProcess.java:173) - Killed the Process that runs JUnit test cases 31981
[INFO ] fr.inria.astor.core.validation.processbased.LaucherJUnitProcess.killProcess(LaucherJUnitProcess.java:171) - The Process that runs JUnit test cases did not terminate within waitTime of 10 seconds
[INFO ] fr.inria.astor.core.validation.processbased.LaucherJUnitProcess.killProcess(LaucherJUnitProcess.java:173) - Killed the Process that runs JUnit test cases 32045
[INFO ] fr.inria.astor.core.validation.processbased.LaucherJUnitProcess.killProcess(LaucherJUnitProcess.java:171) - The Process that runs JUnit test cases did not terminate within waitTime of 10 seconds
[INFO ] fr.inria.astor.core.validation.processbased.LaucherJUnitProcess.killProcess(LaucherJUnitProcess.java:173) - Killed the Process that runs JUnit test cases 32560
[INFO ] fr.inria.astor.core.validation.processbased.LaucherJUnitProcess.killProcess(LaucherJUnitProcess.java:171) - The Process that runs JUnit test cases did not terminate within waitTime of 10 seconds
[INFO ] fr.inria.astor.core.validation.processbased.LaucherJUnitProcess.killProcess(LaucherJUnitProcess.java:173) - Killed the Process that runs JUnit test cases 33646
[INFO ] fr.inria.astor.core.validation.processbased.LaucherJUnitProcess.killProcess(LaucherJUnitProcess.java:171) - The Process that runs JUnit test cases did not terminate within waitTime of 10 seconds
[INFO ] fr.inria.astor.core.validation.processbased.LaucherJUnitProcess.killProcess(LaucherJUnitProcess.java:173) - Killed the Process that runs JUnit test cases 33832
[INFO ] fr.inria.astor.core.validation.processbased.LaucherJUnitProcess.killProcess(LaucherJUnitProcess.java:171) - The Process that runs JUnit test cases did not terminate within waitTime of 10 seconds
[INFO ] fr.inria.astor.core.validation.processbased.LaucherJUnitProcess.killProcess(LaucherJUnitProcess.java:173) - Killed the Process that runs JUnit test cases 34074
[INFO ] fr.inria.astor.core.validation.processbased.LaucherJUnitProcess.killProcess(LaucherJUnitProcess.java:171) - The Process that runs JUnit test cases did not terminate within waitTime of 10 seconds
[INFO ] fr.inria.astor.core.validation.processbased.LaucherJUnitProcess.killProcess(LaucherJUnitProcess.java:173) - Killed the Process that runs JUnit test cases 34137
[INFO ] fr.inria.astor.core.validation.processbased.LaucherJUnitProcess.killProcess(LaucherJUnitProcess.java:171) - The Process that runs JUnit test cases did not terminate within waitTime of 10 seconds
[INFO ] fr.inria.astor.core.validation.processbased.LaucherJUnitProcess.killProcess(LaucherJUnitProcess.java:173) - Killed the Process that runs JUnit test cases 34650
[ERROR] fr.inria.astor.core.validation.processbased.LaucherJUnitProcess.getTestResult(LaucherJUnitProcess.java:286) - Error reading the validation process
 output: 
/var/lib/oar/.batch_job_bashrc: line 5: /home/tdurieux/.bashrc: No such file or directory
America/Los_Angeles
Picked up JAVA_TOOL_OPTIONS: -Dfile.encoding=UTF8 -Duser.language=en-US -Duser.country=US -Duser.language=en

[INFO ] fr.inria.astor.core.validation.processbased.LaucherJUnitProcess.killProcess(LaucherJUnitProcess.java:171) - The Process that runs JUnit test cases did not terminate within waitTime of 10 seconds
[INFO ] fr.inria.astor.core.validation.processbased.LaucherJUnitProcess.killProcess(LaucherJUnitProcess.java:173) - Killed the Process that runs JUnit test cases 35257
[INFO ] fr.inria.astor.core.validation.processbased.LaucherJUnitProcess.killProcess(LaucherJUnitProcess.java:171) - The Process that runs JUnit test cases did not terminate within waitTime of 10 seconds
[INFO ] fr.inria.astor.core.validation.processbased.LaucherJUnitProcess.killProcess(LaucherJUnitProcess.java:173) - Killed the Process that runs JUnit test cases 35592
[ERROR] fr.inria.astor.core.validation.processbased.LaucherJUnitProcess.getTestResult(LaucherJUnitProcess.java:286) - Error reading the validation process
 output: 
/var/lib/oar/.batch_job_bashrc: line 5: /home/tdurieux/.bashrc: No such file or directory
America/Los_Angeles
Picked up JAVA_TOOL_OPTIONS: -Dfile.encoding=UTF8 -Duser.language=en-US -Duser.country=US -Duser.language=en

[INFO ] fr.inria.astor.core.validation.processbased.LaucherJUnitProcess.killProcess(LaucherJUnitProcess.java:171) - The Process that runs JUnit test cases did not terminate within waitTime of 10 seconds
[INFO ] fr.inria.astor.core.validation.processbased.LaucherJUnitProcess.killProcess(LaucherJUnitProcess.java:173) - Killed the Process that runs JUnit test cases 36891
[INFO ] fr.inria.astor.core.validation.processbased.LaucherJUnitProcess.killProcess(LaucherJUnitProcess.java:171) - The Process that runs JUnit test cases did not terminate within waitTime of 10 seconds
[INFO ] fr.inria.astor.core.validation.processbased.LaucherJUnitProcess.killProcess(LaucherJUnitProcess.java:173) - Killed the Process that runs JUnit test cases 37619
[INFO ] fr.inria.astor.core.validation.processbased.LaucherJUnitProcess.killProcess(LaucherJUnitProcess.java:171) - The Process that runs JUnit test cases did not terminate within waitTime of 10 seconds
[INFO ] fr.inria.astor.core.validation.processbased.LaucherJUnitProcess.killProcess(LaucherJUnitProcess.java:173) - Killed the Process that runs JUnit test cases 37925
[INFO ] fr.inria.astor.core.validation.processbased.LaucherJUnitProcess.killProcess(LaucherJUnitProcess.java:171) - The Process that runs JUnit test cases did not terminate within waitTime of 10 seconds
[INFO ] fr.inria.astor.core.validation.processbased.LaucherJUnitProcess.killProcess(LaucherJUnitProcess.java:173) - Killed the Process that runs JUnit test cases 38288
[INFO ] fr.inria.astor.core.validation.processbased.LaucherJUnitProcess.killProcess(LaucherJUnitProcess.java:171) - The Process that runs JUnit test cases did not terminate within waitTime of 10 seconds
[INFO ] fr.inria.astor.core.validation.processbased.LaucherJUnitProcess.killProcess(LaucherJUnitProcess.java:173) - Killed the Process that runs JUnit test cases 38712
[INFO ] fr.inria.astor.core.validation.processbased.LaucherJUnitProcess.killProcess(LaucherJUnitProcess.java:171) - The Process that runs JUnit test cases did not terminate within waitTime of 10 seconds
[INFO ] fr.inria.astor.core.validation.processbased.LaucherJUnitProcess.killProcess(LaucherJUnitProcess.java:173) - Killed the Process that runs JUnit test cases 39105
[INFO ] fr.inria.astor.core.validation.processbased.LaucherJUnitProcess.killProcess(LaucherJUnitProcess.java:171) - The Process that runs JUnit test cases did not terminate within waitTime of 10 seconds
[INFO ] fr.inria.astor.core.validation.processbased.LaucherJUnitProcess.killProcess(LaucherJUnitProcess.java:173) - Killed the Process that runs JUnit test cases 39166
[INFO ] fr.inria.astor.core.validation.processbased.LaucherJUnitProcess.killProcess(LaucherJUnitProcess.java:171) - The Process that runs JUnit test cases did not terminate within waitTime of 10 seconds
[INFO ] fr.inria.astor.core.validation.processbased.LaucherJUnitProcess.killProcess(LaucherJUnitProcess.java:173) - Killed the Process that runs JUnit test cases 39621
[ERROR] fr.inria.astor.core.validation.processbased.LaucherJUnitProcess.getTestResult(LaucherJUnitProcess.java:286) - Error reading the validation process
 output: 
/var/lib/oar/.batch_job_bashrc: line 5: /home/tdurieux/.bashrc: No such file or directory
America/Los_Angeles
Picked up JAVA_TOOL_OPTIONS: -Dfile.encoding=UTF8 -Duser.language=en-US -Duser.country=US -Duser.language=en

[ERROR] fr.inria.astor.core.validation.processbased.LaucherJUnitProcess.getTestResult(LaucherJUnitProcess.java:286) - Error reading the validation process
 output: 
/var/lib/oar/.batch_job_bashrc: line 5: /home/tdurieux/.bashrc: No such file or directory
America/Los_Angeles
Picked up JAVA_TOOL_OPTIONS: -Dfile.encoding=UTF8 -Duser.language=en-US -Duser.country=US -Duser.language=en

[INFO ] fr.inria.astor.core.validation.processbased.LaucherJUnitProcess.killProcess(LaucherJUnitProcess.java:171) - The Process that runs JUnit test cases did not terminate within waitTime of 10 seconds
[INFO ] fr.inria.astor.core.validation.processbased.LaucherJUnitProcess.killProcess(LaucherJUnitProcess.java:173) - Killed the Process that runs JUnit test cases 39865
[ERROR] fr.inria.astor.core.validation.processbased.LaucherJUnitProcess.getTestResult(LaucherJUnitProcess.java:286) - Error reading the validation process
 output: 
/var/lib/oar/.batch_job_bashrc: line 5: /home/tdurieux/.bashrc: No such file or directory
America/Los_Angeles
Picked up JAVA_TOOL_OPTIONS: -Dfile.encoding=UTF8 -Duser.language=en-US -Duser.country=US -Duser.language=en

[INFO ] fr.inria.astor.core.validation.processbased.LaucherJUnitProcess.killProcess(LaucherJUnitProcess.java:171) - The Process that runs JUnit test cases did not terminate within waitTime of 10 seconds
[INFO ] fr.inria.astor.core.validation.processbased.LaucherJUnitProcess.killProcess(LaucherJUnitProcess.java:173) - Killed the Process that runs JUnit test cases 40109
[INFO ] fr.inria.astor.core.validation.processbased.LaucherJUnitProcess.killProcess(LaucherJUnitProcess.java:171) - The Process that runs JUnit test cases did not terminate within waitTime of 10 seconds
[INFO ] fr.inria.astor.core.validation.processbased.LaucherJUnitProcess.killProcess(LaucherJUnitProcess.java:173) - Killed the Process that runs JUnit test cases 40143
[ERROR] fr.inria.astor.core.validation.processbased.LaucherJUnitProcess.getTestResult(LaucherJUnitProcess.java:286) - Error reading the validation process
 output: 
/var/lib/oar/.batch_job_bashrc: line 5: /home/tdurieux/.bashrc: No such file or directory
America/Los_Angeles
Picked up JAVA_TOOL_OPTIONS: -Dfile.encoding=UTF8 -Duser.language=en-US -Duser.country=US -Duser.language=en

[ERROR] fr.inria.astor.core.validation.processbased.LaucherJUnitProcess.getTestResult(LaucherJUnitProcess.java:286) - Error reading the validation process
 output: 
/var/lib/oar/.batch_job_bashrc: line 5: /home/tdurieux/.bashrc: No such file or directory
America/Los_Angeles
Picked up JAVA_TOOL_OPTIONS: -Dfile.encoding=UTF8 -Duser.language=en-US -Duser.country=US -Duser.language=en

[INFO ] fr.inria.astor.core.validation.processbased.LaucherJUnitProcess.killProcess(LaucherJUnitProcess.java:171) - The Process that runs JUnit test cases did not terminate within waitTime of 10 seconds
[INFO ] fr.inria.astor.core.validation.processbased.LaucherJUnitProcess.killProcess(LaucherJUnitProcess.java:173) - Killed the Process that runs JUnit test cases 41021
[INFO ] fr.inria.astor.core.validation.processbased.LaucherJUnitProcess.killProcess(LaucherJUnitProcess.java:171) - The Process that runs JUnit test cases did not terminate within waitTime of 10 seconds
[INFO ] fr.inria.astor.core.validation.processbased.LaucherJUnitProcess.killProcess(LaucherJUnitProcess.java:173) - Killed the Process that runs JUnit test cases 41115
[INFO ] fr.inria.astor.core.validation.processbased.LaucherJUnitProcess.killProcess(LaucherJUnitProcess.java:171) - The Process that runs JUnit test cases did not terminate within waitTime of 10 seconds
[INFO ] fr.inria.astor.core.validation.processbased.LaucherJUnitProcess.killProcess(LaucherJUnitProcess.java:173) - Killed the Process that runs JUnit test cases 41146
[INFO ] fr.inria.astor.core.validation.processbased.LaucherJUnitProcess.killProcess(LaucherJUnitProcess.java:171) - The Process that runs JUnit test cases did not terminate within waitTime of 10 seconds
[INFO ] fr.inria.astor.core.validation.processbased.LaucherJUnitProcess.killProcess(LaucherJUnitProcess.java:173) - Killed the Process that runs JUnit test cases 41663
[ERROR] fr.inria.astor.core.validation.processbased.LaucherJUnitProcess.getTestResult(LaucherJUnitProcess.java:286) - Error reading the validation process
 output: 
/var/lib/oar/.batch_job_bashrc: line 5: /home/tdurieux/.bashrc: No such file or directory
America/Los_Angeles
Picked up JAVA_TOOL_OPTIONS: -Dfile.encoding=UTF8 -Duser.language=en-US -Duser.country=US -Duser.language=en

[INFO ] fr.inria.astor.core.validation.processbased.LaucherJUnitProcess.killProcess(LaucherJUnitProcess.java:171) - The Process that runs JUnit test cases did not terminate within waitTime of 10 seconds
[INFO ] fr.inria.astor.core.validation.processbased.LaucherJUnitProcess.killProcess(LaucherJUnitProcess.java:173) - Killed the Process that runs JUnit test cases 41847
[INFO ] fr.inria.astor.core.validation.processbased.LaucherJUnitProcess.killProcess(LaucherJUnitProcess.java:171) - The Process that runs JUnit test cases did not terminate within waitTime of 10 seconds
[INFO ] fr.inria.astor.core.validation.processbased.LaucherJUnitProcess.killProcess(LaucherJUnitProcess.java:173) - Killed the Process that runs JUnit test cases 42273
[INFO ] fr.inria.astor.core.validation.processbased.LaucherJUnitProcess.killProcess(LaucherJUnitProcess.java:171) - The Process that runs JUnit test cases did not terminate within waitTime of 10 seconds
[INFO ] fr.inria.astor.core.validation.processbased.LaucherJUnitProcess.killProcess(LaucherJUnitProcess.java:173) - Killed the Process that runs JUnit test cases 42489
[INFO ] fr.inria.astor.core.validation.processbased.LaucherJUnitProcess.killProcess(LaucherJUnitProcess.java:171) - The Process that runs JUnit test cases did not terminate within waitTime of 10 seconds
[INFO ] fr.inria.astor.core.validation.processbased.LaucherJUnitProcess.killProcess(LaucherJUnitProcess.java:173) - Killed the Process that runs JUnit test cases 43066
[ERROR] fr.inria.astor.core.validation.processbased.LaucherJUnitProcess.getTestResult(LaucherJUnitProcess.java:286) - Error reading the validation process
 output: 
/var/lib/oar/.batch_job_bashrc: line 5: /home/tdurieux/.bashrc: No such file or directory
America/Los_Angeles
Picked up JAVA_TOOL_OPTIONS: -Dfile.encoding=UTF8 -Duser.language=en-US -Duser.country=US -Duser.language=en

[ERROR] fr.inria.astor.core.validation.processbased.LaucherJUnitProcess.getTestResult(LaucherJUnitProcess.java:286) - Error reading the validation process
 output: 
/var/lib/oar/.batch_job_bashrc: line 5: /home/tdurieux/.bashrc: No such file or directory
America/Los_Angeles
Picked up JAVA_TOOL_OPTIONS: -Dfile.encoding=UTF8 -Duser.language=en-US -Duser.country=US -Duser.language=en

[INFO ] fr.inria.astor.core.validation.processbased.LaucherJUnitProcess.killProcess(LaucherJUnitProcess.java:171) - The Process that runs JUnit test cases did not terminate within waitTime of 10 seconds
[INFO ] fr.inria.astor.core.validation.processbased.LaucherJUnitProcess.killProcess(LaucherJUnitProcess.java:173) - Killed the Process that runs JUnit test cases 43881
[INFO ] fr.inria.astor.core.validation.processbased.LaucherJUnitProcess.killProcess(LaucherJUnitProcess.java:171) - The Process that runs JUnit test cases did not terminate within waitTime of 10 seconds
[INFO ] fr.inria.astor.core.validation.processbased.LaucherJUnitProcess.killProcess(LaucherJUnitProcess.java:173) - Killed the Process that runs JUnit test cases 44188
[INFO ] fr.inria.astor.core.validation.processbased.LaucherJUnitProcess.killProcess(LaucherJUnitProcess.java:171) - The Process that runs JUnit test cases did not terminate within waitTime of 10 seconds
[INFO ] fr.inria.astor.core.validation.processbased.LaucherJUnitProcess.killProcess(LaucherJUnitProcess.java:173) - Killed the Process that runs JUnit test cases 44430
[INFO ] fr.inria.astor.core.validation.processbased.LaucherJUnitProcess.killProcess(LaucherJUnitProcess.java:171) - The Process that runs JUnit test cases did not terminate within waitTime of 10 seconds
[INFO ] fr.inria.astor.core.validation.processbased.LaucherJUnitProcess.killProcess(LaucherJUnitProcess.java:173) - Killed the Process that runs JUnit test cases 44734
[ERROR] fr.inria.astor.core.validation.processbased.LaucherJUnitProcess.getTestResult(LaucherJUnitProcess.java:286) - Error reading the validation process
 output: 
/var/lib/oar/.batch_job_bashrc: line 5: /home/tdurieux/.bashrc: No such file or directory
America/Los_Angeles
Picked up JAVA_TOOL_OPTIONS: -Dfile.encoding=UTF8 -Duser.language=en-US -Duser.country=US -Duser.language=en

[INFO ] fr.inria.astor.core.validation.processbased.LaucherJUnitProcess.killProcess(LaucherJUnitProcess.java:171) - The Process that runs JUnit test cases did not terminate within waitTime of 10 seconds
[INFO ] fr.inria.astor.core.validation.processbased.LaucherJUnitProcess.killProcess(LaucherJUnitProcess.java:173) - Killed the Process that runs JUnit test cases 45066
[INFO ] fr.inria.astor.core.validation.processbased.LaucherJUnitProcess.killProcess(LaucherJUnitProcess.java:171) - The Process that runs JUnit test cases did not terminate within waitTime of 10 seconds
[INFO ] fr.inria.astor.core.validation.processbased.LaucherJUnitProcess.killProcess(LaucherJUnitProcess.java:173) - Killed the Process that runs JUnit test cases 45280
[ERROR] fr.inria.astor.core.validation.processbased.LaucherJUnitProcess.getTestResult(LaucherJUnitProcess.java:286) - Error reading the validation process
 output: 
/var/lib/oar/.batch_job_bashrc: line 5: /home/tdurieux/.bashrc: No such file or directory
America/Los_Angeles
Picked up JAVA_TOOL_OPTIONS: -Dfile.encoding=UTF8 -Duser.language=en-US -Duser.country=US -Duser.language=en

[INFO ] fr.inria.astor.core.validation.processbased.LaucherJUnitProcess.killProcess(LaucherJUnitProcess.java:171) - The Process that runs JUnit test cases did not terminate within waitTime of 10 seconds
[INFO ] fr.inria.astor.core.validation.processbased.LaucherJUnitProcess.killProcess(LaucherJUnitProcess.java:173) - Killed the Process that runs JUnit test cases 45767
[INFO ] fr.inria.astor.core.validation.processbased.LaucherJUnitProcess.killProcess(LaucherJUnitProcess.java:171) - The Process that runs JUnit test cases did not terminate within waitTime of 10 seconds
[INFO ] fr.inria.astor.core.validation.processbased.LaucherJUnitProcess.killProcess(LaucherJUnitProcess.java:173) - Killed the Process that runs JUnit test cases 45888
[INFO ] fr.inria.astor.core.validation.processbased.LaucherJUnitProcess.killProcess(LaucherJUnitProcess.java:171) - The Process that runs JUnit test cases did not terminate within waitTime of 10 seconds
[INFO ] fr.inria.astor.core.validation.processbased.LaucherJUnitProcess.killProcess(LaucherJUnitProcess.java:173) - Killed the Process that runs JUnit test cases 46556
[INFO ] fr.inria.astor.core.validation.processbased.LaucherJUnitProcess.killProcess(LaucherJUnitProcess.java:171) - The Process that runs JUnit test cases did not terminate within waitTime of 10 seconds
[INFO ] fr.inria.astor.core.validation.processbased.LaucherJUnitProcess.killProcess(LaucherJUnitProcess.java:173) - Killed the Process that runs JUnit test cases 46619
[INFO ] fr.inria.astor.core.validation.processbased.LaucherJUnitProcess.killProcess(LaucherJUnitProcess.java:171) - The Process that runs JUnit test cases did not terminate within waitTime of 10 seconds
[INFO ] fr.inria.astor.core.validation.processbased.LaucherJUnitProcess.killProcess(LaucherJUnitProcess.java:173) - Killed the Process that runs JUnit test cases 47284
[INFO ] fr.inria.astor.core.validation.processbased.LaucherJUnitProcess.killProcess(LaucherJUnitProcess.java:171) - The Process that runs JUnit test cases did not terminate within waitTime of 10 seconds
[INFO ] fr.inria.astor.core.validation.processbased.LaucherJUnitProcess.killProcess(LaucherJUnitProcess.java:173) - Killed the Process that runs JUnit test cases 48493
[INFO ] fr.inria.astor.core.validation.processbased.LaucherJUnitProcess.killProcess(LaucherJUnitProcess.java:171) - The Process that runs JUnit test cases did not terminate within waitTime of 10 seconds
[INFO ] fr.inria.astor.core.validation.processbased.LaucherJUnitProcess.killProcess(LaucherJUnitProcess.java:173) - Killed the Process that runs JUnit test cases 48737
[ERROR] fr.inria.astor.core.validation.processbased.LaucherJUnitProcess.getTestResult(LaucherJUnitProcess.java:286) - Error reading the validation process
 output: 
/var/lib/oar/.batch_job_bashrc: line 5: /home/tdurieux/.bashrc: No such file or directory
America/Los_Angeles
Picked up JAVA_TOOL_OPTIONS: -Dfile.encoding=UTF8 -Duser.language=en-US -Duser.country=US -Duser.language=en

[ERROR] fr.inria.astor.core.validation.processbased.LaucherJUnitProcess.getTestResult(LaucherJUnitProcess.java:286) - Error reading the validation process
 output: 
/var/lib/oar/.batch_job_bashrc: line 5: /home/tdurieux/.bashrc: No such file or directory
America/Los_Angeles
Picked up JAVA_TOOL_OPTIONS: -Dfile.encoding=UTF8 -Duser.language=en-US -Duser.country=US -Duser.language=en

[INFO ] fr.inria.astor.core.validation.processbased.LaucherJUnitProcess.killProcess(LaucherJUnitProcess.java:171) - The Process that runs JUnit test cases did not terminate within waitTime of 10 seconds
[INFO ] fr.inria.astor.core.validation.processbased.LaucherJUnitProcess.killProcess(LaucherJUnitProcess.java:173) - Killed the Process that runs JUnit test cases 478
[INFO ] fr.inria.astor.core.validation.processbased.LaucherJUnitProcess.killProcess(LaucherJUnitProcess.java:171) - The Process that runs JUnit test cases did not terminate within waitTime of 10 seconds
[INFO ] fr.inria.astor.core.validation.processbased.LaucherJUnitProcess.killProcess(LaucherJUnitProcess.java:173) - Killed the Process that runs JUnit test cases 760
[ERROR] fr.inria.astor.core.validation.processbased.LaucherJUnitProcess.getTestResult(LaucherJUnitProcess.java:286) - Error reading the validation process
 output: 
/var/lib/oar/.batch_job_bashrc: line 5: /home/tdurieux/.bashrc: No such file or directory
America/Los_Angeles
Picked up JAVA_TOOL_OPTIONS: -Dfile.encoding=UTF8 -Duser.language=en-US -Duser.country=US -Duser.language=en

[INFO ] fr.inria.astor.core.validation.processbased.LaucherJUnitProcess.killProcess(LaucherJUnitProcess.java:171) - The Process that runs JUnit test cases did not terminate within waitTime of 10 seconds
[INFO ] fr.inria.astor.core.validation.processbased.LaucherJUnitProcess.killProcess(LaucherJUnitProcess.java:173) - Killed the Process that runs JUnit test cases 1096
[INFO ] fr.inria.astor.core.validation.processbased.LaucherJUnitProcess.killProcess(LaucherJUnitProcess.java:171) - The Process that runs JUnit test cases did not terminate within waitTime of 10 seconds
[INFO ] fr.inria.astor.core.validation.processbased.LaucherJUnitProcess.killProcess(LaucherJUnitProcess.java:173) - Killed the Process that runs JUnit test cases 1648
[INFO ] fr.inria.astor.core.validation.processbased.LaucherJUnitProcess.killProcess(LaucherJUnitProcess.java:171) - The Process that runs JUnit test cases did not terminate within waitTime of 10 seconds
[INFO ] fr.inria.astor.core.validation.processbased.LaucherJUnitProcess.killProcess(LaucherJUnitProcess.java:173) - Killed the Process that runs JUnit test cases 1986
[INFO ] fr.inria.astor.core.validation.processbased.LaucherJUnitProcess.killProcess(LaucherJUnitProcess.java:171) - The Process that runs JUnit test cases did not terminate within waitTime of 10 seconds
[INFO ] fr.inria.astor.core.validation.processbased.LaucherJUnitProcess.killProcess(LaucherJUnitProcess.java:173) - Killed the Process that runs JUnit test cases 2146
[INFO ] fr.inria.astor.core.validation.processbased.LaucherJUnitProcess.killProcess(LaucherJUnitProcess.java:171) - The Process that runs JUnit test cases did not terminate within waitTime of 10 seconds
[INFO ] fr.inria.astor.core.validation.processbased.LaucherJUnitProcess.killProcess(LaucherJUnitProcess.java:173) - Killed the Process that runs JUnit test cases 2209
[INFO ] fr.inria.astor.core.validation.processbased.LaucherJUnitProcess.killProcess(LaucherJUnitProcess.java:171) - The Process that runs JUnit test cases did not terminate within waitTime of 10 seconds
[INFO ] fr.inria.astor.core.validation.processbased.LaucherJUnitProcess.killProcess(LaucherJUnitProcess.java:173) - Killed the Process that runs JUnit test cases 2462
[INFO ] fr.inria.astor.core.validation.processbased.LaucherJUnitProcess.killProcess(LaucherJUnitProcess.java:171) - The Process that runs JUnit test cases did not terminate within waitTime of 10 seconds
[INFO ] fr.inria.astor.core.validation.processbased.LaucherJUnitProcess.killProcess(LaucherJUnitProcess.java:173) - Killed the Process that runs JUnit test cases 2557
[INFO ] fr.inria.astor.core.validation.processbased.LaucherJUnitProcess.killProcess(LaucherJUnitProcess.java:171) - The Process that runs JUnit test cases did not terminate within waitTime of 10 seconds
[INFO ] fr.inria.astor.core.validation.processbased.LaucherJUnitProcess.killProcess(LaucherJUnitProcess.java:173) - Killed the Process that runs JUnit test cases 3054
[ERROR] fr.inria.astor.core.validation.processbased.LaucherJUnitProcess.getTestResult(LaucherJUnitProcess.java:286) - Error reading the validation process
 output: 
/var/lib/oar/.batch_job_bashrc: line 5: /home/tdurieux/.bashrc: No such file or directory
America/Los_Angeles
Picked up JAVA_TOOL_OPTIONS: -Dfile.encoding=UTF8 -Duser.language=en-US -Duser.country=US -Duser.language=en

[INFO ] fr.inria.astor.core.validation.processbased.LaucherJUnitProcess.killProcess(LaucherJUnitProcess.java:171) - The Process that runs JUnit test cases did not terminate within waitTime of 10 seconds
[INFO ] fr.inria.astor.core.validation.processbased.LaucherJUnitProcess.killProcess(LaucherJUnitProcess.java:173) - Killed the Process that runs JUnit test cases 4173
[INFO ] fr.inria.astor.core.validation.processbased.LaucherJUnitProcess.killProcess(LaucherJUnitProcess.java:171) - The Process that runs JUnit test cases did not terminate within waitTime of 10 seconds
[INFO ] fr.inria.astor.core.validation.processbased.LaucherJUnitProcess.killProcess(LaucherJUnitProcess.java:173) - Killed the Process that runs JUnit test cases 4267
[INFO ] fr.inria.astor.core.validation.processbased.LaucherJUnitProcess.killProcess(LaucherJUnitProcess.java:171) - The Process that runs JUnit test cases did not terminate within waitTime of 10 seconds
[INFO ] fr.inria.astor.core.validation.processbased.LaucherJUnitProcess.killProcess(LaucherJUnitProcess.java:173) - Killed the Process that runs JUnit test cases 4720
[ERROR] fr.inria.astor.core.validation.processbased.LaucherJUnitProcess.getTestResult(LaucherJUnitProcess.java:286) - Error reading the validation process
 output: 
/var/lib/oar/.batch_job_bashrc: line 5: /home/tdurieux/.bashrc: No such file or directory
America/Los_Angeles
Picked up JAVA_TOOL_OPTIONS: -Dfile.encoding=UTF8 -Duser.language=en-US -Duser.country=US -Duser.language=en

[ERROR] fr.inria.astor.core.validation.processbased.LaucherJUnitProcess.getTestResult(LaucherJUnitProcess.java:286) - Error reading the validation process
 output: 
/var/lib/oar/.batch_job_bashrc: line 5: /home/tdurieux/.bashrc: No such file or directory
America/Los_Angeles
Picked up JAVA_TOOL_OPTIONS: -Dfile.encoding=UTF8 -Duser.language=en-US -Duser.country=US -Duser.language=en

[INFO ] fr.inria.astor.core.validation.processbased.LaucherJUnitProcess.killProcess(LaucherJUnitProcess.java:171) - The Process that runs JUnit test cases did not terminate within waitTime of 10 seconds
[INFO ] fr.inria.astor.core.validation.processbased.LaucherJUnitProcess.killProcess(LaucherJUnitProcess.java:173) - Killed the Process that runs JUnit test cases 5500
[INFO ] fr.inria.astor.core.validation.processbased.LaucherJUnitProcess.killProcess(LaucherJUnitProcess.java:171) - The Process that runs JUnit test cases did not terminate within waitTime of 10 seconds
[INFO ] fr.inria.astor.core.validation.processbased.LaucherJUnitProcess.killProcess(LaucherJUnitProcess.java:173) - Killed the Process that runs JUnit test cases 5594
[INFO ] fr.inria.astor.core.validation.processbased.LaucherJUnitProcess.killProcess(LaucherJUnitProcess.java:171) - The Process that runs JUnit test cases did not terminate within waitTime of 10 seconds
[INFO ] fr.inria.astor.core.validation.processbased.LaucherJUnitProcess.killProcess(LaucherJUnitProcess.java:173) - Killed the Process that runs JUnit test cases 6409
[ERROR] fr.inria.astor.core.validation.processbased.LaucherJUnitProcess.getTestResult(LaucherJUnitProcess.java:286) - Error reading the validation process
 output: 
/var/lib/oar/.batch_job_bashrc: line 5: /home/tdurieux/.bashrc: No such file or directory
America/Los_Angeles
Picked up JAVA_TOOL_OPTIONS: -Dfile.encoding=UTF8 -Duser.language=en-US -Duser.country=US -Duser.language=en

[INFO ] fr.inria.astor.core.validation.processbased.LaucherJUnitProcess.killProcess(LaucherJUnitProcess.java:171) - The Process that runs JUnit test cases did not terminate within waitTime of 10 seconds
[INFO ] fr.inria.astor.core.validation.processbased.LaucherJUnitProcess.killProcess(LaucherJUnitProcess.java:173) - Killed the Process that runs JUnit test cases 7710
[INFO ] fr.inria.astor.core.validation.processbased.LaucherJUnitProcess.killProcess(LaucherJUnitProcess.java:171) - The Process that runs JUnit test cases did not terminate within waitTime of 10 seconds
[INFO ] fr.inria.astor.core.validation.processbased.LaucherJUnitProcess.killProcess(LaucherJUnitProcess.java:173) - Killed the Process that runs JUnit test cases 7923
[INFO ] fr.inria.astor.core.validation.processbased.LaucherJUnitProcess.killProcess(LaucherJUnitProcess.java:171) - The Process that runs JUnit test cases did not terminate within waitTime of 10 seconds
[INFO ] fr.inria.astor.core.validation.processbased.LaucherJUnitProcess.killProcess(LaucherJUnitProcess.java:173) - Killed the Process that runs JUnit test cases 7985
[ERROR] fr.inria.astor.core.validation.processbased.LaucherJUnitProcess.getTestResult(LaucherJUnitProcess.java:286) - Error reading the validation process
 output: 
/var/lib/oar/.batch_job_bashrc: line 5: /home/tdurieux/.bashrc: No such file or directory
America/Los_Angeles
Picked up JAVA_TOOL_OPTIONS: -Dfile.encoding=UTF8 -Duser.language=en-US -Duser.country=US -Duser.language=en

[INFO ] fr.inria.astor.core.validation.processbased.LaucherJUnitProcess.killProcess(LaucherJUnitProcess.java:171) - The Process that runs JUnit test cases did not terminate within waitTime of 10 seconds
[INFO ] fr.inria.astor.core.validation.processbased.LaucherJUnitProcess.killProcess(LaucherJUnitProcess.java:173) - Killed the Process that runs JUnit test cases 8379
[INFO ] fr.inria.astor.core.validation.processbased.LaucherJUnitProcess.killProcess(LaucherJUnitProcess.java:171) - The Process that runs JUnit test cases did not terminate within waitTime of 10 seconds
[INFO ] fr.inria.astor.core.validation.processbased.LaucherJUnitProcess.killProcess(LaucherJUnitProcess.java:173) - Killed the Process that runs JUnit test cases 8441
[ERROR] fr.inria.astor.core.validation.processbased.LaucherJUnitProcess.getTestResult(LaucherJUnitProcess.java:286) - Error reading the validation process
 output: 
/var/lib/oar/.batch_job_bashrc: line 5: /home/tdurieux/.bashrc: No such file or directory
America/Los_Angeles
Picked up JAVA_TOOL_OPTIONS: -Dfile.encoding=UTF8 -Duser.language=en-US -Duser.country=US -Duser.language=en

[ERROR] fr.inria.astor.core.validation.processbased.LaucherJUnitProcess.getTestResult(LaucherJUnitProcess.java:286) - Error reading the validation process
 output: 
/var/lib/oar/.batch_job_bashrc: line 5: /home/tdurieux/.bashrc: No such file or directory
America/Los_Angeles
Picked up JAVA_TOOL_OPTIONS: -Dfile.encoding=UTF8 -Duser.language=en-US -Duser.country=US -Duser.language=en

[INFO ] fr.inria.astor.core.validation.processbased.LaucherJUnitProcess.killProcess(LaucherJUnitProcess.java:171) - The Process that runs JUnit test cases did not terminate within waitTime of 10 seconds
[INFO ] fr.inria.astor.core.validation.processbased.LaucherJUnitProcess.killProcess(LaucherJUnitProcess.java:173) - Killed the Process that runs JUnit test cases 9196
[INFO ] fr.inria.astor.core.validation.processbased.LaucherJUnitProcess.killProcess(LaucherJUnitProcess.java:171) - The Process that runs JUnit test cases did not terminate within waitTime of 10 seconds
[INFO ] fr.inria.astor.core.validation.processbased.LaucherJUnitProcess.killProcess(LaucherJUnitProcess.java:173) - Killed the Process that runs JUnit test cases 9412
[ERROR] fr.inria.astor.core.validation.processbased.LaucherJUnitProcess.getTestResult(LaucherJUnitProcess.java:286) - Error reading the validation process
 output: 
/var/lib/oar/.batch_job_bashrc: line 5: /home/tdurieux/.bashrc: No such file or directory
America/Los_Angeles
Picked up JAVA_TOOL_OPTIONS: -Dfile.encoding=UTF8 -Duser.language=en-US -Duser.country=US -Duser.language=en

[INFO ] fr.inria.astor.core.validation.processbased.LaucherJUnitProcess.killProcess(LaucherJUnitProcess.java:171) - The Process that runs JUnit test cases did not terminate within waitTime of 10 seconds
[INFO ] fr.inria.astor.core.validation.processbased.LaucherJUnitProcess.killProcess(LaucherJUnitProcess.java:173) - Killed the Process that runs JUnit test cases 10047
[ERROR] fr.inria.astor.core.validation.processbased.LaucherJUnitProcess.getTestResult(LaucherJUnitProcess.java:286) - Error reading the validation process
 output: 
/var/lib/oar/.batch_job_bashrc: line 5: /home/tdurieux/.bashrc: No such file or directory
America/Los_Angeles
Picked up JAVA_TOOL_OPTIONS: -Dfile.encoding=UTF8 -Duser.language=en-US -Duser.country=US -Duser.language=en

[INFO ] fr.inria.astor.core.validation.processbased.LaucherJUnitProcess.killProcess(LaucherJUnitProcess.java:171) - The Process that runs JUnit test cases did not terminate within waitTime of 10 seconds
[INFO ] fr.inria.astor.core.validation.processbased.LaucherJUnitProcess.killProcess(LaucherJUnitProcess.java:173) - Killed the Process that runs JUnit test cases 11407
[ERROR] fr.inria.astor.core.validation.processbased.LaucherJUnitProcess.getTestResult(LaucherJUnitProcess.java:286) - Error reading the validation process
 output: 
/var/lib/oar/.batch_job_bashrc: line 5: /home/tdurieux/.bashrc: No such file or directory
America/Los_Angeles
Picked up JAVA_TOOL_OPTIONS: -Dfile.encoding=UTF8 -Duser.language=en-US -Duser.country=US -Duser.language=en

[ERROR] fr.inria.astor.core.validation.processbased.LaucherJUnitProcess.getTestResult(LaucherJUnitProcess.java:286) - Error reading the validation process
 output: 
/var/lib/oar/.batch_job_bashrc: line 5: /home/tdurieux/.bashrc: No such file or directory
America/Los_Angeles
Picked up JAVA_TOOL_OPTIONS: -Dfile.encoding=UTF8 -Duser.language=en-US -Duser.country=US -Duser.language=en

[INFO ] fr.inria.astor.core.validation.processbased.LaucherJUnitProcess.killProcess(LaucherJUnitProcess.java:171) - The Process that runs JUnit test cases did not terminate within waitTime of 10 seconds
[INFO ] fr.inria.astor.core.validation.processbased.LaucherJUnitProcess.killProcess(LaucherJUnitProcess.java:173) - Killed the Process that runs JUnit test cases 12315
[INFO ] fr.inria.astor.core.validation.processbased.LaucherJUnitProcess.killProcess(LaucherJUnitProcess.java:171) - The Process that runs JUnit test cases did not terminate within waitTime of 10 seconds
[INFO ] fr.inria.astor.core.validation.processbased.LaucherJUnitProcess.killProcess(LaucherJUnitProcess.java:173) - Killed the Process that runs JUnit test cases 13279
[INFO ] fr.inria.astor.core.validation.processbased.LaucherJUnitProcess.killProcess(LaucherJUnitProcess.java:171) - The Process that runs JUnit test cases did not terminate within waitTime of 10 seconds
[INFO ] fr.inria.astor.core.validation.processbased.LaucherJUnitProcess.killProcess(LaucherJUnitProcess.java:173) - Killed the Process that runs JUnit test cases 13343
[ERROR] fr.inria.astor.core.validation.processbased.LaucherJUnitProcess.getTestResult(LaucherJUnitProcess.java:286) - Error reading the validation process
 output: 
/var/lib/oar/.batch_job_bashrc: line 5: /home/tdurieux/.bashrc: No such file or directory
America/Los_Angeles
Picked up JAVA_TOOL_OPTIONS: -Dfile.encoding=UTF8 -Duser.language=en-US -Duser.country=US -Duser.language=en

[INFO ] fr.inria.astor.core.validation.processbased.LaucherJUnitProcess.killProcess(LaucherJUnitProcess.java:171) - The Process that runs JUnit test cases did not terminate within waitTime of 10 seconds
[INFO ] fr.inria.astor.core.validation.processbased.LaucherJUnitProcess.killProcess(LaucherJUnitProcess.java:173) - Killed the Process that runs JUnit test cases 14369
[INFO ] fr.inria.astor.core.validation.processbased.LaucherJUnitProcess.killProcess(LaucherJUnitProcess.java:171) - The Process that runs JUnit test cases did not terminate within waitTime of 10 seconds
[INFO ] fr.inria.astor.core.validation.processbased.LaucherJUnitProcess.killProcess(LaucherJUnitProcess.java:173) - Killed the Process that runs JUnit test cases 14551
[INFO ] fr.inria.astor.core.validation.processbased.LaucherJUnitProcess.killProcess(LaucherJUnitProcess.java:171) - The Process that runs JUnit test cases did not terminate within waitTime of 10 seconds
[INFO ] fr.inria.astor.core.validation.processbased.LaucherJUnitProcess.killProcess(LaucherJUnitProcess.java:173) - Killed the Process that runs JUnit test cases 14584
[INFO ] fr.inria.astor.core.validation.processbased.LaucherJUnitProcess.killProcess(LaucherJUnitProcess.java:171) - The Process that runs JUnit test cases did not terminate within waitTime of 10 seconds
[INFO ] fr.inria.astor.core.validation.processbased.LaucherJUnitProcess.killProcess(LaucherJUnitProcess.java:173) - Killed the Process that runs JUnit test cases 14741
[INFO ] fr.inria.astor.core.validation.processbased.LaucherJUnitProcess.killProcess(LaucherJUnitProcess.java:171) - The Process that runs JUnit test cases did not terminate within waitTime of 10 seconds
[INFO ] fr.inria.astor.core.validation.processbased.LaucherJUnitProcess.killProcess(LaucherJUnitProcess.java:173) - Killed the Process that runs JUnit test cases 15344
[INFO ] fr.inria.astor.core.validation.processbased.LaucherJUnitProcess.killProcess(LaucherJUnitProcess.java:171) - The Process that runs JUnit test cases did not terminate within waitTime of 10 seconds
[INFO ] fr.inria.astor.core.validation.processbased.LaucherJUnitProcess.killProcess(LaucherJUnitProcess.java:173) - Killed the Process that runs JUnit test cases 15377
[ERROR] fr.inria.astor.core.validation.processbased.LaucherJUnitProcess.getTestResult(LaucherJUnitProcess.java:286) - Error reading the validation process
 output: 
/var/lib/oar/.batch_job_bashrc: line 5: /home/tdurieux/.bashrc: No such file or directory
America/Los_Angeles
Picked up JAVA_TOOL_OPTIONS: -Dfile.encoding=UTF8 -Duser.language=en-US -Duser.country=US -Duser.language=en

[INFO ] fr.inria.astor.core.validation.processbased.LaucherJUnitProcess.killProcess(LaucherJUnitProcess.java:171) - The Process that runs JUnit test cases did not terminate within waitTime of 10 seconds
[INFO ] fr.inria.astor.core.validation.processbased.LaucherJUnitProcess.killProcess(LaucherJUnitProcess.java:173) - Killed the Process that runs JUnit test cases 15832
[ERROR] fr.inria.astor.core.validation.processbased.LaucherJUnitProcess.getTestResult(LaucherJUnitProcess.java:286) - Error reading the validation process
 output: 
/var/lib/oar/.batch_job_bashrc: line 5: /home/tdurieux/.bashrc: No such file or directory
America/Los_Angeles
Picked up JAVA_TOOL_OPTIONS: -Dfile.encoding=UTF8 -Duser.language=en-US -Duser.country=US -Duser.language=en

[INFO ] fr.inria.astor.core.validation.processbased.LaucherJUnitProcess.killProcess(LaucherJUnitProcess.java:171) - The Process that runs JUnit test cases did not terminate within waitTime of 10 seconds
[INFO ] fr.inria.astor.core.validation.processbased.LaucherJUnitProcess.killProcess(LaucherJUnitProcess.java:173) - Killed the Process that runs JUnit test cases 17800
[INFO ] fr.inria.astor.core.validation.processbased.LaucherJUnitProcess.killProcess(LaucherJUnitProcess.java:171) - The Process that runs JUnit test cases did not terminate within waitTime of 10 seconds
[INFO ] fr.inria.astor.core.validation.processbased.LaucherJUnitProcess.killProcess(LaucherJUnitProcess.java:173) - Killed the Process that runs JUnit test cases 18012
[ERROR] fr.inria.astor.core.validation.processbased.LaucherJUnitProcess.getTestResult(LaucherJUnitProcess.java:286) - Error reading the validation process
 output: 
/var/lib/oar/.batch_job_bashrc: line 5: /home/tdurieux/.bashrc: No such file or directory
America/Los_Angeles
Picked up JAVA_TOOL_OPTIONS: -Dfile.encoding=UTF8 -Duser.language=en-US -Duser.country=US -Duser.language=en

[INFO ] fr.inria.astor.core.validation.processbased.LaucherJUnitProcess.killProcess(LaucherJUnitProcess.java:171) - The Process that runs JUnit test cases did not terminate within waitTime of 10 seconds
[INFO ] fr.inria.astor.core.validation.processbased.LaucherJUnitProcess.killProcess(LaucherJUnitProcess.java:173) - Killed the Process that runs JUnit test cases 18286
[INFO ] fr.inria.astor.core.validation.processbased.LaucherJUnitProcess.killProcess(LaucherJUnitProcess.java:171) - The Process that runs JUnit test cases did not terminate within waitTime of 10 seconds
[INFO ] fr.inria.astor.core.validation.processbased.LaucherJUnitProcess.killProcess(LaucherJUnitProcess.java:173) - Killed the Process that runs JUnit test cases 18679
[INFO ] fr.inria.astor.core.validation.processbased.LaucherJUnitProcess.killProcess(LaucherJUnitProcess.java:171) - The Process that runs JUnit test cases did not terminate within waitTime of 10 seconds
[INFO ] fr.inria.astor.core.validation.processbased.LaucherJUnitProcess.killProcess(LaucherJUnitProcess.java:173) - Killed the Process that runs JUnit test cases 18830
[INFO ] fr.inria.astor.core.validation.processbased.LaucherJUnitProcess.killProcess(LaucherJUnitProcess.java:171) - The Process that runs JUnit test cases did not terminate within waitTime of 10 seconds
[INFO ] fr.inria.astor.core.validation.processbased.LaucherJUnitProcess.killProcess(LaucherJUnitProcess.java:173) - Killed the Process that runs JUnit test cases 18924
[INFO ] fr.inria.astor.core.validation.processbased.LaucherJUnitProcess.killProcess(LaucherJUnitProcess.java:171) - The Process that runs JUnit test cases did not terminate within waitTime of 10 seconds
[INFO ] fr.inria.astor.core.validation.processbased.LaucherJUnitProcess.killProcess(LaucherJUnitProcess.java:173) - Killed the Process that runs JUnit test cases 19621
[INFO ] fr.inria.astor.core.validation.processbased.LaucherJUnitProcess.killProcess(LaucherJUnitProcess.java:171) - The Process that runs JUnit test cases did not terminate within waitTime of 10 seconds
[INFO ] fr.inria.astor.core.validation.processbased.LaucherJUnitProcess.killProcess(LaucherJUnitProcess.java:173) - Killed the Process that runs JUnit test cases 19713
[INFO ] fr.inria.astor.core.validation.processbased.LaucherJUnitProcess.killProcess(LaucherJUnitProcess.java:171) - The Process that runs JUnit test cases did not terminate within waitTime of 10 seconds
[INFO ] fr.inria.astor.core.validation.processbased.LaucherJUnitProcess.killProcess(LaucherJUnitProcess.java:173) - Killed the Process that runs JUnit test cases 20621
[INFO ] fr.inria.astor.core.validation.processbased.LaucherJUnitProcess.killProcess(LaucherJUnitProcess.java:171) - The Process that runs JUnit test cases did not terminate within waitTime of 10 seconds
[INFO ] fr.inria.astor.core.validation.processbased.LaucherJUnitProcess.killProcess(LaucherJUnitProcess.java:173) - Killed the Process that runs JUnit test cases 20804
[INFO ] fr.inria.astor.core.validation.processbased.LaucherJUnitProcess.killProcess(LaucherJUnitProcess.java:171) - The Process that runs JUnit test cases did not terminate within waitTime of 10 seconds
[INFO ] fr.inria.astor.core.validation.processbased.LaucherJUnitProcess.killProcess(LaucherJUnitProcess.java:173) - Killed the Process that runs JUnit test cases 21230
[INFO ] fr.inria.astor.core.validation.processbased.LaucherJUnitProcess.killProcess(LaucherJUnitProcess.java:171) - The Process that runs JUnit test cases did not terminate within waitTime of 10 seconds
[INFO ] fr.inria.astor.core.validation.processbased.LaucherJUnitProcess.killProcess(LaucherJUnitProcess.java:173) - Killed the Process that runs JUnit test cases 21354
[INFO ] fr.inria.astor.core.validation.processbased.LaucherJUnitProcess.killProcess(LaucherJUnitProcess.java:171) - The Process that runs JUnit test cases did not terminate within waitTime of 10 seconds
[INFO ] fr.inria.astor.core.validation.processbased.LaucherJUnitProcess.killProcess(LaucherJUnitProcess.java:173) - Killed the Process that runs JUnit test cases 21867
[INFO ] fr.inria.astor.core.validation.processbased.LaucherJUnitProcess.killProcess(LaucherJUnitProcess.java:171) - The Process that runs JUnit test cases did not terminate within waitTime of 10 seconds
[INFO ] fr.inria.astor.core.validation.processbased.LaucherJUnitProcess.killProcess(LaucherJUnitProcess.java:173) - Killed the Process that runs JUnit test cases 22021
[ERROR] fr.inria.astor.core.validation.processbased.LaucherJUnitProcess.getTestResult(LaucherJUnitProcess.java:286) - Error reading the validation process
 output: 
/var/lib/oar/.batch_job_bashrc: line 5: /home/tdurieux/.bashrc: No such file or directory
America/Los_Angeles
Picked up JAVA_TOOL_OPTIONS: -Dfile.encoding=UTF8 -Duser.language=en-US -Duser.country=US -Duser.language=en

[INFO ] fr.inria.astor.core.validation.processbased.LaucherJUnitProcess.killProcess(LaucherJUnitProcess.java:171) - The Process that runs JUnit test cases did not terminate within waitTime of 10 seconds
[INFO ] fr.inria.astor.core.validation.processbased.LaucherJUnitProcess.killProcess(LaucherJUnitProcess.java:173) - Killed the Process that runs JUnit test cases 22235
[ERROR] fr.inria.astor.core.validation.processbased.LaucherJUnitProcess.getTestResult(LaucherJUnitProcess.java:286) - Error reading the validation process
 output: 
/var/lib/oar/.batch_job_bashrc: line 5: /home/tdurieux/.bashrc: No such file or directory
America/Los_Angeles
Picked up JAVA_TOOL_OPTIONS: -Dfile.encoding=UTF8 -Duser.language=en-US -Duser.country=US -Duser.language=en

[ERROR] fr.inria.astor.core.validation.processbased.LaucherJUnitProcess.getTestResult(LaucherJUnitProcess.java:286) - Error reading the validation process
 output: 
/var/lib/oar/.batch_job_bashrc: line 5: /home/tdurieux/.bashrc: No such file or directory
America/Los_Angeles
Picked up JAVA_TOOL_OPTIONS: -Dfile.encoding=UTF8 -Duser.language=en-US -Duser.country=US -Duser.language=en

[INFO ] fr.inria.astor.core.validation.processbased.LaucherJUnitProcess.killProcess(LaucherJUnitProcess.java:171) - The Process that runs JUnit test cases did not terminate within waitTime of 10 seconds
[INFO ] fr.inria.astor.core.validation.processbased.LaucherJUnitProcess.killProcess(LaucherJUnitProcess.java:173) - Killed the Process that runs JUnit test cases 22602
[ERROR] fr.inria.astor.core.validation.processbased.LaucherJUnitProcess.getTestResult(LaucherJUnitProcess.java:286) - Error reading the validation process
 output: 
/var/lib/oar/.batch_job_bashrc: line 5: /home/tdurieux/.bashrc: No such file or directory
America/Los_Angeles
Picked up JAVA_TOOL_OPTIONS: -Dfile.encoding=UTF8 -Duser.language=en-US -Duser.country=US -Duser.language=en

[INFO ] fr.inria.astor.core.validation.processbased.LaucherJUnitProcess.killProcess(LaucherJUnitProcess.java:171) - The Process that runs JUnit test cases did not terminate within waitTime of 10 seconds
[INFO ] fr.inria.astor.core.validation.processbased.LaucherJUnitProcess.killProcess(LaucherJUnitProcess.java:173) - Killed the Process that runs JUnit test cases 22964
[INFO ] fr.inria.astor.core.validation.processbased.LaucherJUnitProcess.killProcess(LaucherJUnitProcess.java:171) - The Process that runs JUnit test cases did not terminate within waitTime of 10 seconds
[INFO ] fr.inria.astor.core.validation.processbased.LaucherJUnitProcess.killProcess(LaucherJUnitProcess.java:173) - Killed the Process that runs JUnit test cases 23631
[INFO ] fr.inria.astor.core.validation.processbased.LaucherJUnitProcess.killProcess(LaucherJUnitProcess.java:171) - The Process that runs JUnit test cases did not terminate within waitTime of 10 seconds
[INFO ] fr.inria.astor.core.validation.processbased.LaucherJUnitProcess.killProcess(LaucherJUnitProcess.java:173) - Killed the Process that runs JUnit test cases 24025
[ERROR] fr.inria.astor.core.validation.processbased.LaucherJUnitProcess.getTestResult(LaucherJUnitProcess.java:286) - Error reading the validation process
 output: 
/var/lib/oar/.batch_job_bashrc: line 5: /home/tdurieux/.bashrc: No such file or directory
America/Los_Angeles
Picked up JAVA_TOOL_OPTIONS: -Dfile.encoding=UTF8 -Duser.language=en-US -Duser.country=US -Duser.language=en

[ERROR] fr.inria.astor.core.validation.processbased.LaucherJUnitProcess.getTestResult(LaucherJUnitProcess.java:286) - Error reading the validation process
 output: 
/var/lib/oar/.batch_job_bashrc: line 5: /home/tdurieux/.bashrc: No such file or directory
America/Los_Angeles
Picked up JAVA_TOOL_OPTIONS: -Dfile.encoding=UTF8 -Duser.language=en-US -Duser.country=US -Duser.language=en

[INFO ] fr.inria.astor.core.validation.processbased.LaucherJUnitProcess.killProcess(LaucherJUnitProcess.java:171) - The Process that runs JUnit test cases did not terminate within waitTime of 10 seconds
[INFO ] fr.inria.astor.core.validation.processbased.LaucherJUnitProcess.killProcess(LaucherJUnitProcess.java:173) - Killed the Process that runs JUnit test cases 24964
[INFO ] fr.inria.astor.core.validation.processbased.LaucherJUnitProcess.killProcess(LaucherJUnitProcess.java:171) - The Process that runs JUnit test cases did not terminate within waitTime of 10 seconds
[INFO ] fr.inria.astor.core.validation.processbased.LaucherJUnitProcess.killProcess(LaucherJUnitProcess.java:173) - Killed the Process that runs JUnit test cases 25599
[INFO ] fr.inria.astor.core.validation.processbased.LaucherJUnitProcess.killProcess(LaucherJUnitProcess.java:171) - The Process that runs JUnit test cases did not terminate within waitTime of 10 seconds
[INFO ] fr.inria.astor.core.validation.processbased.LaucherJUnitProcess.killProcess(LaucherJUnitProcess.java:173) - Killed the Process that runs JUnit test cases 25964
[INFO ] fr.inria.astor.core.validation.processbased.LaucherJUnitProcess.killProcess(LaucherJUnitProcess.java:171) - The Process that runs JUnit test cases did not terminate within waitTime of 10 seconds
[INFO ] fr.inria.astor.core.validation.processbased.LaucherJUnitProcess.killProcess(LaucherJUnitProcess.java:173) - Killed the Process that runs JUnit test cases 26537
[INFO ] fr.inria.astor.core.validation.processbased.LaucherJUnitProcess.killProcess(LaucherJUnitProcess.java:171) - The Process that runs JUnit test cases did not terminate within waitTime of 10 seconds
[INFO ] fr.inria.astor.core.validation.processbased.LaucherJUnitProcess.killProcess(LaucherJUnitProcess.java:173) - Killed the Process that runs JUnit test cases 26631
[INFO ] fr.inria.astor.core.validation.processbased.LaucherJUnitProcess.killProcess(LaucherJUnitProcess.java:171) - The Process that runs JUnit test cases did not terminate within waitTime of 10 seconds
[INFO ] fr.inria.astor.core.validation.processbased.LaucherJUnitProcess.killProcess(LaucherJUnitProcess.java:173) - Killed the Process that runs JUnit test cases 26662
[INFO ] fr.inria.astor.core.validation.processbased.LaucherJUnitProcess.killProcess(LaucherJUnitProcess.java:171) - The Process that runs JUnit test cases did not terminate within waitTime of 10 seconds
[INFO ] fr.inria.astor.core.validation.processbased.LaucherJUnitProcess.killProcess(LaucherJUnitProcess.java:173) - Killed the Process that runs JUnit test cases 26756
[INFO ] fr.inria.astor.core.validation.processbased.LaucherJUnitProcess.killProcess(LaucherJUnitProcess.java:171) - The Process that runs JUnit test cases did not terminate within waitTime of 10 seconds
[INFO ] fr.inria.astor.core.validation.processbased.LaucherJUnitProcess.killProcess(LaucherJUnitProcess.java:173) - Killed the Process that runs JUnit test cases 27120
[ERROR] fr.inria.astor.core.validation.processbased.LaucherJUnitProcess.getTestResult(LaucherJUnitProcess.java:286) - Error reading the validation process
 output: 
/var/lib/oar/.batch_job_bashrc: line 5: /home/tdurieux/.bashrc: No such file or directory
America/Los_Angeles
Picked up JAVA_TOOL_OPTIONS: -Dfile.encoding=UTF8 -Duser.language=en-US -Duser.country=US -Duser.language=en

[INFO ] fr.inria.astor.core.validation.processbased.LaucherJUnitProcess.killProcess(LaucherJUnitProcess.java:171) - The Process that runs JUnit test cases did not terminate within waitTime of 10 seconds
[INFO ] fr.inria.astor.core.validation.processbased.LaucherJUnitProcess.killProcess(LaucherJUnitProcess.java:173) - Killed the Process that runs JUnit test cases 27515
[INFO ] fr.inria.astor.core.validation.processbased.LaucherJUnitProcess.killProcess(LaucherJUnitProcess.java:171) - The Process that runs JUnit test cases did not terminate within waitTime of 10 seconds
[INFO ] fr.inria.astor.core.validation.processbased.LaucherJUnitProcess.killProcess(LaucherJUnitProcess.java:173) - Killed the Process that runs JUnit test cases 27551
[INFO ] fr.inria.astor.core.validation.processbased.LaucherJUnitProcess.killProcess(LaucherJUnitProcess.java:171) - The Process that runs JUnit test cases did not terminate within waitTime of 10 seconds
[INFO ] fr.inria.astor.core.validation.processbased.LaucherJUnitProcess.killProcess(LaucherJUnitProcess.java:173) - Killed the Process that runs JUnit test cases 27855
[INFO ] fr.inria.astor.core.validation.processbased.LaucherJUnitProcess.killProcess(LaucherJUnitProcess.java:171) - The Process that runs JUnit test cases did not terminate within waitTime of 10 seconds
[INFO ] fr.inria.astor.core.validation.processbased.LaucherJUnitProcess.killProcess(LaucherJUnitProcess.java:173) - Killed the Process that runs JUnit test cases 28039
[ERROR] fr.inria.astor.core.validation.processbased.LaucherJUnitProcess.getTestResult(LaucherJUnitProcess.java:286) - Error reading the validation process
 output: 
/var/lib/oar/.batch_job_bashrc: line 5: /home/tdurieux/.bashrc: No such file or directory
America/Los_Angeles
Picked up JAVA_TOOL_OPTIONS: -Dfile.encoding=UTF8 -Duser.language=en-US -Duser.country=US -Duser.language=en

[INFO ] fr.inria.astor.core.validation.processbased.LaucherJUnitProcess.killProcess(LaucherJUnitProcess.java:171) - The Process that runs JUnit test cases did not terminate within waitTime of 10 seconds
[INFO ] fr.inria.astor.core.validation.processbased.LaucherJUnitProcess.killProcess(LaucherJUnitProcess.java:173) - Killed the Process that runs JUnit test cases 28434
[INFO ] fr.inria.astor.core.validation.processbased.LaucherJUnitProcess.killProcess(LaucherJUnitProcess.java:171) - The Process that runs JUnit test cases did not terminate within waitTime of 10 seconds
[INFO ] fr.inria.astor.core.validation.processbased.LaucherJUnitProcess.killProcess(LaucherJUnitProcess.java:173) - Killed the Process that runs JUnit test cases 28467
[INFO ] fr.inria.astor.core.validation.processbased.LaucherJUnitProcess.killProcess(LaucherJUnitProcess.java:171) - The Process that runs JUnit test cases did not terminate within waitTime of 10 seconds
[INFO ] fr.inria.astor.core.validation.processbased.LaucherJUnitProcess.killProcess(LaucherJUnitProcess.java:173) - Killed the Process that runs JUnit test cases 28892
[INFO ] fr.inria.astor.core.validation.processbased.LaucherJUnitProcess.killProcess(LaucherJUnitProcess.java:171) - The Process that runs JUnit test cases did not terminate within waitTime of 10 seconds
[INFO ] fr.inria.astor.core.validation.processbased.LaucherJUnitProcess.killProcess(LaucherJUnitProcess.java:173) - Killed the Process that runs JUnit test cases 29196
[INFO ] fr.inria.astor.core.validation.processbased.LaucherJUnitProcess.killProcess(LaucherJUnitProcess.java:171) - The Process that runs JUnit test cases did not terminate within waitTime of 10 seconds
[INFO ] fr.inria.astor.core.validation.processbased.LaucherJUnitProcess.killProcess(LaucherJUnitProcess.java:173) - Killed the Process that runs JUnit test cases 29289
[INFO ] fr.inria.astor.core.validation.processbased.LaucherJUnitProcess.killProcess(LaucherJUnitProcess.java:171) - The Process that runs JUnit test cases did not terminate within waitTime of 10 seconds
[INFO ] fr.inria.astor.core.validation.processbased.LaucherJUnitProcess.killProcess(LaucherJUnitProcess.java:173) - Killed the Process that runs JUnit test cases 30197
[INFO ] fr.inria.astor.core.validation.processbased.LaucherJUnitProcess.killProcess(LaucherJUnitProcess.java:171) - The Process that runs JUnit test cases did not terminate within waitTime of 10 seconds
[INFO ] fr.inria.astor.core.validation.processbased.LaucherJUnitProcess.killProcess(LaucherJUnitProcess.java:173) - Killed the Process that runs JUnit test cases 30923
[INFO ] fr.inria.astor.core.validation.processbased.LaucherJUnitProcess.killProcess(LaucherJUnitProcess.java:171) - The Process that runs JUnit test cases did not terminate within waitTime of 10 seconds
[INFO ] fr.inria.astor.core.validation.processbased.LaucherJUnitProcess.killProcess(LaucherJUnitProcess.java:173) - Killed the Process that runs JUnit test cases 31409
[INFO ] fr.inria.astor.core.validation.processbased.LaucherJUnitProcess.killProcess(LaucherJUnitProcess.java:171) - The Process that runs JUnit test cases did not terminate within waitTime of 10 seconds
[INFO ] fr.inria.astor.core.validation.processbased.LaucherJUnitProcess.killProcess(LaucherJUnitProcess.java:173) - Killed the Process that runs JUnit test cases 32526
[INFO ] fr.inria.astor.core.validation.processbased.LaucherJUnitProcess.killProcess(LaucherJUnitProcess.java:171) - The Process that runs JUnit test cases did not terminate within waitTime of 10 seconds
[INFO ] fr.inria.astor.core.validation.processbased.LaucherJUnitProcess.killProcess(LaucherJUnitProcess.java:173) - Killed the Process that runs JUnit test cases 32830
[INFO ] fr.inria.astor.core.validation.processbased.LaucherJUnitProcess.killProcess(LaucherJUnitProcess.java:171) - The Process that runs JUnit test cases did not terminate within waitTime of 10 seconds
[INFO ] fr.inria.astor.core.validation.processbased.LaucherJUnitProcess.killProcess(LaucherJUnitProcess.java:173) - Killed the Process that runs JUnit test cases 32954
[ERROR] fr.inria.astor.core.validation.processbased.LaucherJUnitProcess.getTestResult(LaucherJUnitProcess.java:286) - Error reading the validation process
 output: 
/var/lib/oar/.batch_job_bashrc: line 5: /home/tdurieux/.bashrc: No such file or directory
America/Los_Angeles
Picked up JAVA_TOOL_OPTIONS: -Dfile.encoding=UTF8 -Duser.language=en-US -Duser.country=US -Duser.language=en

[INFO ] fr.inria.astor.core.validation.processbased.LaucherJUnitProcess.killProcess(LaucherJUnitProcess.java:171) - The Process that runs JUnit test cases did not terminate within waitTime of 10 seconds
[INFO ] fr.inria.astor.core.validation.processbased.LaucherJUnitProcess.killProcess(LaucherJUnitProcess.java:173) - Killed the Process that runs JUnit test cases 33079
[INFO ] fr.inria.astor.core.validation.processbased.LaucherJUnitProcess.killProcess(LaucherJUnitProcess.java:171) - The Process that runs JUnit test cases did not terminate within waitTime of 10 seconds
[INFO ] fr.inria.astor.core.validation.processbased.LaucherJUnitProcess.killProcess(LaucherJUnitProcess.java:173) - Killed the Process that runs JUnit test cases 33351
[INFO ] fr.inria.astor.core.validation.processbased.LaucherJUnitProcess.killProcess(LaucherJUnitProcess.java:171) - The Process that runs JUnit test cases did not terminate within waitTime of 10 seconds
[INFO ] fr.inria.astor.core.validation.processbased.LaucherJUnitProcess.killProcess(LaucherJUnitProcess.java:173) - Killed the Process that runs JUnit test cases 33595
[INFO ] fr.inria.astor.core.validation.processbased.LaucherJUnitProcess.killProcess(LaucherJUnitProcess.java:171) - The Process that runs JUnit test cases did not terminate within waitTime of 10 seconds
[INFO ] fr.inria.astor.core.validation.processbased.LaucherJUnitProcess.killProcess(LaucherJUnitProcess.java:173) - Killed the Process that runs JUnit test cases 33657
[INFO ] fr.inria.astor.core.validation.processbased.LaucherJUnitProcess.killProcess(LaucherJUnitProcess.java:171) - The Process that runs JUnit test cases did not terminate within waitTime of 10 seconds
[INFO ] fr.inria.astor.core.validation.processbased.LaucherJUnitProcess.killProcess(LaucherJUnitProcess.java:173) - Killed the Process that runs JUnit test cases 33872
[ERROR] fr.inria.astor.core.validation.processbased.LaucherJUnitProcess.getTestResult(LaucherJUnitProcess.java:286) - Error reading the validation process
 output: 
/var/lib/oar/.batch_job_bashrc: line 5: /home/tdurieux/.bashrc: No such file or directory
America/Los_Angeles
Picked up JAVA_TOOL_OPTIONS: -Dfile.encoding=UTF8 -Duser.language=en-US -Duser.country=US -Duser.language=en

[INFO ] fr.inria.astor.core.validation.processbased.LaucherJUnitProcess.killProcess(LaucherJUnitProcess.java:171) - The Process that runs JUnit test cases did not terminate within waitTime of 10 seconds
[INFO ] fr.inria.astor.core.validation.processbased.LaucherJUnitProcess.killProcess(LaucherJUnitProcess.java:173) - Killed the Process that runs JUnit test cases 34118
[INFO ] fr.inria.astor.core.validation.processbased.LaucherJUnitProcess.killProcess(LaucherJUnitProcess.java:171) - The Process that runs JUnit test cases did not terminate within waitTime of 10 seconds
[INFO ] fr.inria.astor.core.validation.processbased.LaucherJUnitProcess.killProcess(LaucherJUnitProcess.java:173) - Killed the Process that runs JUnit test cases 35569
[INFO ] fr.inria.astor.core.validation.processbased.LaucherJUnitProcess.killProcess(LaucherJUnitProcess.java:171) - The Process that runs JUnit test cases did not terminate within waitTime of 10 seconds
[INFO ] fr.inria.astor.core.validation.processbased.LaucherJUnitProcess.killProcess(LaucherJUnitProcess.java:173) - Killed the Process that runs JUnit test cases 35753
[INFO ] fr.inria.astor.core.validation.processbased.LaucherJUnitProcess.killProcess(LaucherJUnitProcess.java:171) - The Process that runs JUnit test cases did not terminate within waitTime of 10 seconds
[INFO ] fr.inria.astor.core.validation.processbased.LaucherJUnitProcess.killProcess(LaucherJUnitProcess.java:173) - Killed the Process that runs JUnit test cases 36809
[INFO ] fr.inria.astor.core.validation.processbased.LaucherJUnitProcess.killProcess(LaucherJUnitProcess.java:171) - The Process that runs JUnit test cases did not terminate within waitTime of 10 seconds
[INFO ] fr.inria.astor.core.validation.processbased.LaucherJUnitProcess.killProcess(LaucherJUnitProcess.java:173) - Killed the Process that runs JUnit test cases 37051
[INFO ] fr.inria.astor.core.validation.processbased.LaucherJUnitProcess.killProcess(LaucherJUnitProcess.java:171) - The Process that runs JUnit test cases did not terminate within waitTime of 10 seconds
[INFO ] fr.inria.astor.core.validation.processbased.LaucherJUnitProcess.killProcess(LaucherJUnitProcess.java:173) - Killed the Process that runs JUnit test cases 37293
[INFO ] fr.inria.astor.core.validation.processbased.LaucherJUnitProcess.killProcess(LaucherJUnitProcess.java:171) - The Process that runs JUnit test cases did not terminate within waitTime of 10 seconds
[INFO ] fr.inria.astor.core.validation.processbased.LaucherJUnitProcess.killProcess(LaucherJUnitProcess.java:173) - Killed the Process that runs JUnit test cases 37447
[INFO ] fr.inria.astor.core.validation.processbased.LaucherJUnitProcess.killProcess(LaucherJUnitProcess.java:171) - The Process that runs JUnit test cases did not terminate within waitTime of 10 seconds
[INFO ] fr.inria.astor.core.validation.processbased.LaucherJUnitProcess.killProcess(LaucherJUnitProcess.java:173) - Killed the Process that runs JUnit test cases 37541
[INFO ] fr.inria.astor.core.validation.processbased.LaucherJUnitProcess.killProcess(LaucherJUnitProcess.java:171) - The Process that runs JUnit test cases did not terminate within waitTime of 10 seconds
[INFO ] fr.inria.astor.core.validation.processbased.LaucherJUnitProcess.killProcess(LaucherJUnitProcess.java:173) - Killed the Process that runs JUnit test cases 37725
[INFO ] fr.inria.astor.core.validation.processbased.LaucherJUnitProcess.killProcess(LaucherJUnitProcess.java:171) - The Process that runs JUnit test cases did not terminate within waitTime of 10 seconds
[INFO ] fr.inria.astor.core.validation.processbased.LaucherJUnitProcess.killProcess(LaucherJUnitProcess.java:173) - Killed the Process that runs JUnit test cases 37786
[INFO ] fr.inria.astor.core.validation.processbased.LaucherJUnitProcess.killProcess(LaucherJUnitProcess.java:171) - The Process that runs JUnit test cases did not terminate within waitTime of 10 seconds
[INFO ] fr.inria.astor.core.validation.processbased.LaucherJUnitProcess.killProcess(LaucherJUnitProcess.java:173) - Killed the Process that runs JUnit test cases 37940
[ERROR] fr.inria.astor.core.validation.processbased.LaucherJUnitProcess.getTestResult(LaucherJUnitProcess.java:286) - Error reading the validation process
 output: 
/var/lib/oar/.batch_job_bashrc: line 5: /home/tdurieux/.bashrc: No such file or directory
America/Los_Angeles
Picked up JAVA_TOOL_OPTIONS: -Dfile.encoding=UTF8 -Duser.language=en-US -Duser.country=US -Duser.language=en

[INFO ] fr.inria.astor.core.validation.processbased.LaucherJUnitProcess.killProcess(LaucherJUnitProcess.java:171) - The Process that runs JUnit test cases did not terminate within waitTime of 10 seconds
[INFO ] fr.inria.astor.core.validation.processbased.LaucherJUnitProcess.killProcess(LaucherJUnitProcess.java:173) - Killed the Process that runs JUnit test cases 38517
[ERROR] fr.inria.astor.core.validation.processbased.LaucherJUnitProcess.getTestResult(LaucherJUnitProcess.java:286) - Error reading the validation process
 output: 
/var/lib/oar/.batch_job_bashrc: line 5: /home/tdurieux/.bashrc: No such file or directory
America/Los_Angeles
Picked up JAVA_TOOL_OPTIONS: -Dfile.encoding=UTF8 -Duser.language=en-US -Duser.country=US -Duser.language=en

[INFO ] fr.inria.astor.core.validation.processbased.LaucherJUnitProcess.killProcess(LaucherJUnitProcess.java:171) - The Process that runs JUnit test cases did not terminate within waitTime of 10 seconds
[INFO ] fr.inria.astor.core.validation.processbased.LaucherJUnitProcess.killProcess(LaucherJUnitProcess.java:173) - Killed the Process that runs JUnit test cases 40181
[INFO ] fr.inria.astor.core.validation.processbased.LaucherJUnitProcess.killProcess(LaucherJUnitProcess.java:171) - The Process that runs JUnit test cases did not terminate within waitTime of 10 seconds
[INFO ] fr.inria.astor.core.validation.processbased.LaucherJUnitProcess.killProcess(LaucherJUnitProcess.java:173) - Killed the Process that runs JUnit test cases 40363
[INFO ] fr.inria.astor.core.validation.processbased.LaucherJUnitProcess.killProcess(LaucherJUnitProcess.java:171) - The Process that runs JUnit test cases did not terminate within waitTime of 10 seconds
[INFO ] fr.inria.astor.core.validation.processbased.LaucherJUnitProcess.killProcess(LaucherJUnitProcess.java:173) - Killed the Process that runs JUnit test cases 40430
[INFO ] fr.inria.astor.core.validation.processbased.LaucherJUnitProcess.killProcess(LaucherJUnitProcess.java:171) - The Process that runs JUnit test cases did not terminate within waitTime of 10 seconds
[INFO ] fr.inria.astor.core.validation.processbased.LaucherJUnitProcess.killProcess(LaucherJUnitProcess.java:173) - Killed the Process that runs JUnit test cases 40491
[INFO ] fr.inria.astor.core.validation.processbased.LaucherJUnitProcess.killProcess(LaucherJUnitProcess.java:171) - The Process that runs JUnit test cases did not terminate within waitTime of 10 seconds
[INFO ] fr.inria.astor.core.validation.processbased.LaucherJUnitProcess.killProcess(LaucherJUnitProcess.java:173) - Killed the Process that runs JUnit test cases 41125
[ERROR] fr.inria.astor.core.validation.processbased.LaucherJUnitProcess.getTestResult(LaucherJUnitProcess.java:286) - Error reading the validation process
 output: 
/var/lib/oar/.batch_job_bashrc: line 5: /home/tdurieux/.bashrc: No such file or directory
America/Los_Angeles
Picked up JAVA_TOOL_OPTIONS: -Dfile.encoding=UTF8 -Duser.language=en-US -Duser.country=US -Duser.language=en

[INFO ] fr.inria.astor.core.validation.processbased.LaucherJUnitProcess.killProcess(LaucherJUnitProcess.java:171) - The Process that runs JUnit test cases did not terminate within waitTime of 10 seconds
[INFO ] fr.inria.astor.core.validation.processbased.LaucherJUnitProcess.killProcess(LaucherJUnitProcess.java:173) - Killed the Process that runs JUnit test cases 41308
[INFO ] fr.inria.astor.core.validation.processbased.LaucherJUnitProcess.killProcess(LaucherJUnitProcess.java:171) - The Process that runs JUnit test cases did not terminate within waitTime of 10 seconds
[INFO ] fr.inria.astor.core.validation.processbased.LaucherJUnitProcess.killProcess(LaucherJUnitProcess.java:173) - Killed the Process that runs JUnit test cases 41765
[ERROR] fr.inria.astor.core.validation.processbased.LaucherJUnitProcess.getTestResult(LaucherJUnitProcess.java:286) - Error reading the validation process
 output: 
/var/lib/oar/.batch_job_bashrc: line 5: /home/tdurieux/.bashrc: No such file or directory
America/Los_Angeles
Picked up JAVA_TOOL_OPTIONS: -Dfile.encoding=UTF8 -Duser.language=en-US -Duser.country=US -Duser.language=en

[INFO ] fr.inria.astor.core.validation.processbased.LaucherJUnitProcess.killProcess(LaucherJUnitProcess.java:171) - The Process that runs JUnit test cases did not terminate within waitTime of 10 seconds
[INFO ] fr.inria.astor.core.validation.processbased.LaucherJUnitProcess.killProcess(LaucherJUnitProcess.java:173) - Killed the Process that runs JUnit test cases 42040
[INFO ] fr.inria.astor.core.validation.processbased.LaucherJUnitProcess.killProcess(LaucherJUnitProcess.java:171) - The Process that runs JUnit test cases did not terminate within waitTime of 10 seconds
[INFO ] fr.inria.astor.core.validation.processbased.LaucherJUnitProcess.killProcess(LaucherJUnitProcess.java:173) - Killed the Process that runs JUnit test cases 42162
[INFO ] fr.inria.astor.core.validation.processbased.LaucherJUnitProcess.killProcess(LaucherJUnitProcess.java:171) - The Process that runs JUnit test cases did not terminate within waitTime of 10 seconds
[INFO ] fr.inria.astor.core.validation.processbased.LaucherJUnitProcess.killProcess(LaucherJUnitProcess.java:173) - Killed the Process that runs JUnit test cases 42799
[INFO ] fr.inria.astor.core.validation.processbased.LaucherJUnitProcess.killProcess(LaucherJUnitProcess.java:171) - The Process that runs JUnit test cases did not terminate within waitTime of 10 seconds
[INFO ] fr.inria.astor.core.validation.processbased.LaucherJUnitProcess.killProcess(LaucherJUnitProcess.java:173) - Killed the Process that runs JUnit test cases 42860
[ERROR] fr.inria.astor.core.validation.processbased.LaucherJUnitProcess.getTestResult(LaucherJUnitProcess.java:286) - Error reading the validation process
 output: 
/var/lib/oar/.batch_job_bashrc: line 5: /home/tdurieux/.bashrc: No such file or directory
America/Los_Angeles
Picked up JAVA_TOOL_OPTIONS: -Dfile.encoding=UTF8 -Duser.language=en-US -Duser.country=US -Duser.language=en

[ERROR] fr.inria.astor.core.validation.processbased.LaucherJUnitProcess.getTestResult(LaucherJUnitProcess.java:286) - Error reading the validation process
 output: 
/var/lib/oar/.batch_job_bashrc: line 5: /home/tdurieux/.bashrc: No such file or directory
America/Los_Angeles
Picked up JAVA_TOOL_OPTIONS: -Dfile.encoding=UTF8 -Duser.language=en-US -Duser.country=US -Duser.language=en

[ERROR] fr.inria.astor.core.validation.processbased.LaucherJUnitProcess.getTestResult(LaucherJUnitProcess.java:286) - Error reading the validation process
 output: 
/var/lib/oar/.batch_job_bashrc: line 5: /home/tdurieux/.bashrc: No such file or directory
America/Los_Angeles
Picked up JAVA_TOOL_OPTIONS: -Dfile.encoding=UTF8 -Duser.language=en-US -Duser.country=US -Duser.language=en

[INFO ] fr.inria.astor.core.validation.processbased.LaucherJUnitProcess.killProcess(LaucherJUnitProcess.java:171) - The Process that runs JUnit test cases did not terminate within waitTime of 10 seconds
[INFO ] fr.inria.astor.core.validation.processbased.LaucherJUnitProcess.killProcess(LaucherJUnitProcess.java:173) - Killed the Process that runs JUnit test cases 44041
[INFO ] fr.inria.astor.core.validation.processbased.LaucherJUnitProcess.killProcess(LaucherJUnitProcess.java:171) - The Process that runs JUnit test cases did not terminate within waitTime of 10 seconds
[INFO ] fr.inria.astor.core.validation.processbased.LaucherJUnitProcess.killProcess(LaucherJUnitProcess.java:173) - Killed the Process that runs JUnit test cases 44313
[INFO ] fr.inria.astor.core.validation.processbased.LaucherJUnitProcess.killProcess(LaucherJUnitProcess.java:171) - The Process that runs JUnit test cases did not terminate within waitTime of 10 seconds
[INFO ] fr.inria.astor.core.validation.processbased.LaucherJUnitProcess.killProcess(LaucherJUnitProcess.java:173) - Killed the Process that runs JUnit test cases 44740
[INFO ] fr.inria.astor.core.validation.processbased.LaucherJUnitProcess.killProcess(LaucherJUnitProcess.java:171) - The Process that runs JUnit test cases did not terminate within waitTime of 10 seconds
[INFO ] fr.inria.astor.core.validation.processbased.LaucherJUnitProcess.killProcess(LaucherJUnitProcess.java:173) - Killed the Process that runs JUnit test cases 44771
[INFO ] fr.inria.astor.core.validation.processbased.LaucherJUnitProcess.killProcess(LaucherJUnitProcess.java:171) - The Process that runs JUnit test cases did not terminate within waitTime of 10 seconds
[INFO ] fr.inria.astor.core.validation.processbased.LaucherJUnitProcess.killProcess(LaucherJUnitProcess.java:173) - Killed the Process that runs JUnit test cases 45073
[INFO ] fr.inria.astor.core.validation.processbased.LaucherJUnitProcess.killProcess(LaucherJUnitProcess.java:171) - The Process that runs JUnit test cases did not terminate within waitTime of 10 seconds
[INFO ] fr.inria.astor.core.validation.processbased.LaucherJUnitProcess.killProcess(LaucherJUnitProcess.java:173) - Killed the Process that runs JUnit test cases 45588
[INFO ] fr.inria.astor.core.validation.processbased.LaucherJUnitProcess.killProcess(LaucherJUnitProcess.java:171) - The Process that runs JUnit test cases did not terminate within waitTime of 10 seconds
[INFO ] fr.inria.astor.core.validation.processbased.LaucherJUnitProcess.killProcess(LaucherJUnitProcess.java:173) - Killed the Process that runs JUnit test cases 46679
[INFO ] fr.inria.astor.core.validation.processbased.LaucherJUnitProcess.killProcess(LaucherJUnitProcess.java:171) - The Process that runs JUnit test cases did not terminate within waitTime of 10 seconds
[INFO ] fr.inria.astor.core.validation.processbased.LaucherJUnitProcess.killProcess(LaucherJUnitProcess.java:173) - Killed the Process that runs JUnit test cases 46710
[ERROR] fr.inria.astor.core.validation.processbased.LaucherJUnitProcess.getTestResult(LaucherJUnitProcess.java:286) - Error reading the validation process
 output: 
/var/lib/oar/.batch_job_bashrc: line 5: /home/tdurieux/.bashrc: No such file or directory
America/Los_Angeles
Picked up JAVA_TOOL_OPTIONS: -Dfile.encoding=UTF8 -Duser.language=en-US -Duser.country=US -Duser.language=en

[INFO ] fr.inria.astor.core.validation.processbased.LaucherJUnitProcess.killProcess(LaucherJUnitProcess.java:171) - The Process that runs JUnit test cases did not terminate within waitTime of 10 seconds
[INFO ] fr.inria.astor.core.validation.processbased.LaucherJUnitProcess.killProcess(LaucherJUnitProcess.java:173) - Killed the Process that runs JUnit test cases 47439
[INFO ] fr.inria.astor.core.validation.processbased.LaucherJUnitProcess.killProcess(LaucherJUnitProcess.java:171) - The Process that runs JUnit test cases did not terminate within waitTime of 10 seconds
[INFO ] fr.inria.astor.core.validation.processbased.LaucherJUnitProcess.killProcess(LaucherJUnitProcess.java:173) - Killed the Process that runs JUnit test cases 47981
[INFO ] fr.inria.astor.core.validation.processbased.LaucherJUnitProcess.killProcess(LaucherJUnitProcess.java:171) - The Process that runs JUnit test cases did not terminate within waitTime of 10 seconds
[INFO ] fr.inria.astor.core.validation.processbased.LaucherJUnitProcess.killProcess(LaucherJUnitProcess.java:173) - Killed the Process that runs JUnit test cases 48589
[INFO ] fr.inria.astor.core.validation.processbased.LaucherJUnitProcess.killProcess(LaucherJUnitProcess.java:171) - The Process that runs JUnit test cases did not terminate within waitTime of 10 seconds
[INFO ] fr.inria.astor.core.validation.processbased.LaucherJUnitProcess.killProcess(LaucherJUnitProcess.java:173) - Killed the Process that runs JUnit test cases 48710
[INFO ] fr.inria.astor.core.validation.processbased.LaucherJUnitProcess.killProcess(LaucherJUnitProcess.java:171) - The Process that runs JUnit test cases did not terminate within waitTime of 10 seconds
[INFO ] fr.inria.astor.core.validation.processbased.LaucherJUnitProcess.killProcess(LaucherJUnitProcess.java:173) - Killed the Process that runs JUnit test cases 48864
[INFO ] fr.inria.astor.core.validation.processbased.LaucherJUnitProcess.killProcess(LaucherJUnitProcess.java:171) - The Process that runs JUnit test cases did not terminate within waitTime of 10 seconds
[INFO ] fr.inria.astor.core.validation.processbased.LaucherJUnitProcess.killProcess(LaucherJUnitProcess.java:173) - Killed the Process that runs JUnit test cases 48986
[ERROR] fr.inria.astor.core.validation.processbased.LaucherJUnitProcess.getTestResult(LaucherJUnitProcess.java:286) - Error reading the validation process
 output: 
/var/lib/oar/.batch_job_bashrc: line 5: /home/tdurieux/.bashrc: No such file or directory
America/Los_Angeles
Picked up JAVA_TOOL_OPTIONS: -Dfile.encoding=UTF8 -Duser.language=en-US -Duser.country=US -Duser.language=en

[INFO ] fr.inria.astor.core.validation.processbased.LaucherJUnitProcess.killProcess(LaucherJUnitProcess.java:171) - The Process that runs JUnit test cases did not terminate within waitTime of 10 seconds
[INFO ] fr.inria.astor.core.validation.processbased.LaucherJUnitProcess.killProcess(LaucherJUnitProcess.java:173) - Killed the Process that runs JUnit test cases 379
[ERROR] fr.inria.astor.core.validation.processbased.LaucherJUnitProcess.getTestResult(LaucherJUnitProcess.java:286) - Error reading the validation process
 output: 
/var/lib/oar/.batch_job_bashrc: line 5: /home/tdurieux/.bashrc: No such file or directory
America/Los_Angeles
Picked up JAVA_TOOL_OPTIONS: -Dfile.encoding=UTF8 -Duser.language=en-US -Duser.country=US -Duser.language=en

[INFO ] fr.inria.astor.core.validation.processbased.LaucherJUnitProcess.killProcess(LaucherJUnitProcess.java:171) - The Process that runs JUnit test cases did not terminate within waitTime of 10 seconds
[INFO ] fr.inria.astor.core.validation.processbased.LaucherJUnitProcess.killProcess(LaucherJUnitProcess.java:173) - Killed the Process that runs JUnit test cases 798
[INFO ] fr.inria.astor.core.validation.processbased.LaucherJUnitProcess.killProcess(LaucherJUnitProcess.java:171) - The Process that runs JUnit test cases did not terminate within waitTime of 10 seconds
[INFO ] fr.inria.astor.core.validation.processbased.LaucherJUnitProcess.killProcess(LaucherJUnitProcess.java:173) - Killed the Process that runs JUnit test cases 1103
[ERROR] fr.inria.astor.core.validation.processbased.LaucherJUnitProcess.getTestResult(LaucherJUnitProcess.java:286) - Error reading the validation process
 output: 
/var/lib/oar/.batch_job_bashrc: line 5: /home/tdurieux/.bashrc: No such file or directory
America/Los_Angeles
Picked up JAVA_TOOL_OPTIONS: -Dfile.encoding=UTF8 -Duser.language=en-US -Duser.country=US -Duser.language=en

[INFO ] fr.inria.astor.core.validation.processbased.LaucherJUnitProcess.killProcess(LaucherJUnitProcess.java:171) - The Process that runs JUnit test cases did not terminate within waitTime of 10 seconds
[INFO ] fr.inria.astor.core.validation.processbased.LaucherJUnitProcess.killProcess(LaucherJUnitProcess.java:173) - Killed the Process that runs JUnit test cases 1993
[INFO ] fr.inria.astor.core.validation.processbased.LaucherJUnitProcess.killProcess(LaucherJUnitProcess.java:171) - The Process that runs JUnit test cases did not terminate within waitTime of 10 seconds
[INFO ] fr.inria.astor.core.validation.processbased.LaucherJUnitProcess.killProcess(LaucherJUnitProcess.java:173) - Killed the Process that runs JUnit test cases 2089
[INFO ] fr.inria.astor.core.validation.processbased.LaucherJUnitProcess.killProcess(LaucherJUnitProcess.java:171) - The Process that runs JUnit test cases did not terminate within waitTime of 10 seconds
[INFO ] fr.inria.astor.core.validation.processbased.LaucherJUnitProcess.killProcess(LaucherJUnitProcess.java:173) - Killed the Process that runs JUnit test cases 2373
[INFO ] fr.inria.astor.core.validation.processbased.LaucherJUnitProcess.killProcess(LaucherJUnitProcess.java:171) - The Process that runs JUnit test cases did not terminate within waitTime of 10 seconds
[INFO ] fr.inria.astor.core.validation.processbased.LaucherJUnitProcess.killProcess(LaucherJUnitProcess.java:173) - Killed the Process that runs JUnit test cases 2406
[ERROR] fr.inria.astor.core.validation.processbased.LaucherJUnitProcess.getTestResult(LaucherJUnitProcess.java:286) - Error reading the validation process
 output: 
/var/lib/oar/.batch_job_bashrc: line 5: /home/tdurieux/.bashrc: No such file or directory
America/Los_Angeles
Picked up JAVA_TOOL_OPTIONS: -Dfile.encoding=UTF8 -Duser.language=en-US -Duser.country=US -Duser.language=en

[INFO ] fr.inria.astor.core.validation.processbased.LaucherJUnitProcess.killProcess(LaucherJUnitProcess.java:171) - The Process that runs JUnit test cases did not terminate within waitTime of 10 seconds
[INFO ] fr.inria.astor.core.validation.processbased.LaucherJUnitProcess.killProcess(LaucherJUnitProcess.java:173) - Killed the Process that runs JUnit test cases 2887
[INFO ] fr.inria.astor.core.validation.processbased.LaucherJUnitProcess.killProcess(LaucherJUnitProcess.java:171) - The Process that runs JUnit test cases did not terminate within waitTime of 10 seconds
[INFO ] fr.inria.astor.core.validation.processbased.LaucherJUnitProcess.killProcess(LaucherJUnitProcess.java:173) - Killed the Process that runs JUnit test cases 3468
[INFO ] fr.inria.astor.core.validation.processbased.LaucherJUnitProcess.killProcess(LaucherJUnitProcess.java:171) - The Process that runs JUnit test cases did not terminate within waitTime of 10 seconds
[INFO ] fr.inria.astor.core.validation.processbased.LaucherJUnitProcess.killProcess(LaucherJUnitProcess.java:173) - Killed the Process that runs JUnit test cases 3560
[ERROR] fr.inria.astor.core.validation.processbased.LaucherJUnitProcess.getTestResult(LaucherJUnitProcess.java:286) - Error reading the validation process
 output: 
/var/lib/oar/.batch_job_bashrc: line 5: /home/tdurieux/.bashrc: No such file or directory
America/Los_Angeles
Picked up JAVA_TOOL_OPTIONS: -Dfile.encoding=UTF8 -Duser.language=en-US -Duser.country=US -Duser.language=en

[INFO ] fr.inria.astor.core.validation.processbased.LaucherJUnitProcess.killProcess(LaucherJUnitProcess.java:171) - The Process that runs JUnit test cases did not terminate within waitTime of 10 seconds
[INFO ] fr.inria.astor.core.validation.processbased.LaucherJUnitProcess.killProcess(LaucherJUnitProcess.java:173) - Killed the Process that runs JUnit test cases 4240
[INFO ] fr.inria.astor.core.validation.processbased.LaucherJUnitProcess.killProcess(LaucherJUnitProcess.java:171) - The Process that runs JUnit test cases did not terminate within waitTime of 10 seconds
[INFO ] fr.inria.astor.core.validation.processbased.LaucherJUnitProcess.killProcess(LaucherJUnitProcess.java:173) - Killed the Process that runs JUnit test cases 4666
[INFO ] fr.inria.astor.core.validation.processbased.LaucherJUnitProcess.killProcess(LaucherJUnitProcess.java:171) - The Process that runs JUnit test cases did not terminate within waitTime of 10 seconds
[INFO ] fr.inria.astor.core.validation.processbased.LaucherJUnitProcess.killProcess(LaucherJUnitProcess.java:173) - Killed the Process that runs JUnit test cases 4697
[INFO ] fr.inria.astor.core.validation.processbased.LaucherJUnitProcess.killProcess(LaucherJUnitProcess.java:171) - The Process that runs JUnit test cases did not terminate within waitTime of 10 seconds
[INFO ] fr.inria.astor.core.validation.processbased.LaucherJUnitProcess.killProcess(LaucherJUnitProcess.java:173) - Killed the Process that runs JUnit test cases 4730
[INFO ] fr.inria.astor.core.validation.processbased.LaucherJUnitProcess.killProcess(LaucherJUnitProcess.java:171) - The Process that runs JUnit test cases did not terminate within waitTime of 10 seconds
[INFO ] fr.inria.astor.core.validation.processbased.LaucherJUnitProcess.killProcess(LaucherJUnitProcess.java:173) - Killed the Process that runs JUnit test cases 5145
[INFO ] fr.inria.astor.core.validation.processbased.LaucherJUnitProcess.killProcess(LaucherJUnitProcess.java:171) - The Process that runs JUnit test cases did not terminate within waitTime of 10 seconds
[INFO ] fr.inria.astor.core.validation.processbased.LaucherJUnitProcess.killProcess(LaucherJUnitProcess.java:173) - Killed the Process that runs JUnit test cases 5240
[INFO ] fr.inria.astor.core.validation.processbased.LaucherJUnitProcess.killProcess(LaucherJUnitProcess.java:171) - The Process that runs JUnit test cases did not terminate within waitTime of 10 seconds
[INFO ] fr.inria.astor.core.validation.processbased.LaucherJUnitProcess.killProcess(LaucherJUnitProcess.java:173) - Killed the Process that runs JUnit test cases 5392
[INFO ] fr.inria.astor.core.validation.processbased.LaucherJUnitProcess.killProcess(LaucherJUnitProcess.java:171) - The Process that runs JUnit test cases did not terminate within waitTime of 10 seconds
[INFO ] fr.inria.astor.core.validation.processbased.LaucherJUnitProcess.killProcess(LaucherJUnitProcess.java:173) - Killed the Process that runs JUnit test cases 5425
[INFO ] fr.inria.astor.core.validation.processbased.LaucherJUnitProcess.killProcess(LaucherJUnitProcess.java:171) - The Process that runs JUnit test cases did not terminate within waitTime of 10 seconds
[INFO ] fr.inria.astor.core.validation.processbased.LaucherJUnitProcess.killProcess(LaucherJUnitProcess.java:173) - Killed the Process that runs JUnit test cases 6153
[INFO ] fr.inria.astor.core.validation.processbased.LaucherJUnitProcess.killProcess(LaucherJUnitProcess.java:171) - The Process that runs JUnit test cases did not terminate within waitTime of 10 seconds
[INFO ] fr.inria.astor.core.validation.processbased.LaucherJUnitProcess.killProcess(LaucherJUnitProcess.java:173) - Killed the Process that runs JUnit test cases 6367
[INFO ] fr.inria.astor.core.validation.processbased.LaucherJUnitProcess.killProcess(LaucherJUnitProcess.java:171) - The Process that runs JUnit test cases did not terminate within waitTime of 10 seconds
[INFO ] fr.inria.astor.core.validation.processbased.LaucherJUnitProcess.killProcess(LaucherJUnitProcess.java:173) - Killed the Process that runs JUnit test cases 7064
[INFO ] fr.inria.astor.core.validation.processbased.LaucherJUnitProcess.killProcess(LaucherJUnitProcess.java:171) - The Process that runs JUnit test cases did not terminate within waitTime of 10 seconds
[INFO ] fr.inria.astor.core.validation.processbased.LaucherJUnitProcess.killProcess(LaucherJUnitProcess.java:173) - Killed the Process that runs JUnit test cases 8092
[INFO ] fr.inria.astor.core.validation.processbased.LaucherJUnitProcess.killProcess(LaucherJUnitProcess.java:171) - The Process that runs JUnit test cases did not terminate within waitTime of 10 seconds
[INFO ] fr.inria.astor.core.validation.processbased.LaucherJUnitProcess.killProcess(LaucherJUnitProcess.java:173) - Killed the Process that runs JUnit test cases 8457
[INFO ] fr.inria.astor.core.validation.processbased.LaucherJUnitProcess.killProcess(LaucherJUnitProcess.java:171) - The Process that runs JUnit test cases did not terminate within waitTime of 10 seconds
[INFO ] fr.inria.astor.core.validation.processbased.LaucherJUnitProcess.killProcess(LaucherJUnitProcess.java:173) - Killed the Process that runs JUnit test cases 8488
[INFO ] fr.inria.astor.core.validation.processbased.LaucherJUnitProcess.killProcess(LaucherJUnitProcess.java:171) - The Process that runs JUnit test cases did not terminate within waitTime of 10 seconds
[INFO ] fr.inria.astor.core.validation.processbased.LaucherJUnitProcess.killProcess(LaucherJUnitProcess.java:173) - Killed the Process that runs JUnit test cases 8552
[INFO ] fr.inria.astor.core.validation.processbased.LaucherJUnitProcess.killProcess(LaucherJUnitProcess.java:171) - The Process that runs JUnit test cases did not terminate within waitTime of 10 seconds
[INFO ] fr.inria.astor.core.validation.processbased.LaucherJUnitProcess.killProcess(LaucherJUnitProcess.java:173) - Killed the Process that runs JUnit test cases 9849
[INFO ] fr.inria.astor.core.validation.processbased.LaucherJUnitProcess.killProcess(LaucherJUnitProcess.java:171) - The Process that runs JUnit test cases did not terminate within waitTime of 10 seconds
[INFO ] fr.inria.astor.core.validation.processbased.LaucherJUnitProcess.killProcess(LaucherJUnitProcess.java:173) - Killed the Process that runs JUnit test cases 9882
[INFO ] fr.inria.astor.core.validation.processbased.LaucherJUnitProcess.killProcess(LaucherJUnitProcess.java:171) - The Process that runs JUnit test cases did not terminate within waitTime of 10 seconds
[INFO ] fr.inria.astor.core.validation.processbased.LaucherJUnitProcess.killProcess(LaucherJUnitProcess.java:173) - Killed the Process that runs JUnit test cases 10066
[INFO ] fr.inria.astor.core.validation.processbased.LaucherJUnitProcess.killProcess(LaucherJUnitProcess.java:171) - The Process that runs JUnit test cases did not terminate within waitTime of 10 seconds
[INFO ] fr.inria.astor.core.validation.processbased.LaucherJUnitProcess.killProcess(LaucherJUnitProcess.java:173) - Killed the Process that runs JUnit test cases 10161
[INFO ] fr.inria.astor.core.solutionsearch.AstorCoreEngine.belowMaxTime(AstorCoreEngine.java:265) - 
 No more time for operating
[INFO ] fr.inria.astor.core.solutionsearch.AstorCoreEngine.atEnd(AstorCoreEngine.java:168) - Time Repair Loop (s): 7200.16
[INFO ] fr.inria.astor.core.solutionsearch.AstorCoreEngine.atEnd(AstorCoreEngine.java:170) - generationsexecuted: 9330
[INFO ] fr.inria.astor.core.solutionsearch.AstorCoreEngine.printFinalStatus(AstorCoreEngine.java:234) - 
----SUMMARY_EXECUTION---
[INFO ] fr.inria.astor.core.solutionsearch.AstorCoreEngine.atEnd(AstorCoreEngine.java:184) - 
 --SOLUTIONS DESCRIPTION--


Astor Output:

General stats:
EXECUTION_IDENTIFIER=Math-31
TOTAL_TIME=7200.16
NR_GENERATIONS=9330
NR_RIGHT_COMPILATIONS=4975
NR_FAILLING_COMPILATIONS=4355
NR_ERRONEOUS_VARIANCES=null
NR_FAILING_VALIDATION_PROCESS=null
OUTPUT_STATUS=TIME_OUT

Patch stats:

[INFO ] fr.inria.astor.core.output.PatchJSONStandarOutput.produceOutput(PatchJSONStandarOutput.java:103) - Storing ing JSON at /tmp/jGenProg_Defects4J_Math_31/./output_astor/AstorMain-Math-31//astor_output.json
[INFO ] fr.inria.astor.core.output.PatchJSONStandarOutput.produceOutput(PatchJSONStandarOutput.java:104) - astor_output:
{"general":{"NR_RIGHT_COMPILATIONS":4975,"NR_ERRONEOUS_VARIANCES":null,"EXECUTION_IDENTIFIER":"Math-31","OUTPUT_STATUS":"TIME_OUT","NR_FAILLING_COMPILATIONS":4355,"NR_GENERATIONS":9330,"TOTAL_TIME":7200.16,"NR_FAILING_VALIDATION_PROCESS":null},"patches":[]}
[INFO ] fr.inria.main.evolution.AstorMain.run(AstorMain.java:200) - Time Total(s): 7954.748
5300.90user 206.40system 2:12:35elapsed 69%CPU (0avgtext+0avgdata 2657348maxresident)k
100768inputs+1084848outputs (31major+35198468minor)pagefaults 0swaps


Node: petitprince-7.luxembourg.grid5000.fr



Date: Sat Dec  1 20:00:30 EST 2018

