cd /tmp/Nopol_IntroClassJava_checksum_2c1556672751734adf9a561fbf88767c32224fca14a81e9d9c719f18d0b21765038acc16ecd8377f74d4f43e8c844538161d869605e3516cf797d0a6a59f1f8e_003;
export JAVA_TOOL_OPTIONS="-Dfile.encoding=UTF8 -Duser.language=en-US -Duser.country=US -Duser.language=en";
TZ="America/New_York"; export TZ;
export PATH="/usr/lib/jvm/java-1.8.0-openjdk-amd64/bin/:$PATH";
export JAVA_HOME="/usr/lib/jvm/java-1.8.0-openjdk-amd64/bin/";
time java -Xmx4048m -cp /home/tdurieux/RepairThemAll/script/../repair_tools/nopol.jar:/usr/lib/jvm/java-1.8.0-openjdk-amd64/bin//../lib/tools.jar fr.inria.lille.repair.Main \
	--mode repair \
	--type pre_then_cond \
	--oracle angelic \
	--synthesis smt \
	--flocal gzoltar \
	--json \
	--solver z3 \
	--solver-path /home/tdurieux/RepairThemAll/script/../libs/z3/build/z3 \
	--complianceLevel 7 \
	--source src/main/java \
	--classpath "target/classes:target/test-classes:/home/tdurieux/.m2/repository/junit/junit/4.11/junit-4.11.jar:/home/tdurieux/.m2/repository/org/hamcrest/hamcrest-core/1.3/hamcrest-core-1.3.jar:/home/tdurieux/RepairThemAll/script/../repair_tools/nopol.jar";
	echo "\n\nNode: `hostname`\n";
	echo "\n\nDate: `date`\n";
Picked up JAVA_TOOL_OPTIONS: -Dfile.encoding=UTF8 -Duser.language=en-US -Duser.country=US -Duser.language=en
15:57:08.532 [main] INFO  fr.inria.lille.repair.nopol.NoPol - Source files: [src/main/java]
15:57:08.545 [main] INFO  fr.inria.lille.repair.nopol.NoPol - Classpath: [file:/tmp/Nopol_IntroClassJava_checksum_2c1556672751734adf9a561fbf88767c32224fca14a81e9d9c719f18d0b21765038acc16ecd8377f74d4f43e8c844538161d869605e3516cf797d0a6a59f1f8e_003/target/classes/, file:/tmp/Nopol_IntroClassJava_checksum_2c1556672751734adf9a561fbf88767c32224fca14a81e9d9c719f18d0b21765038acc16ecd8377f74d4f43e8c844538161d869605e3516cf797d0a6a59f1f8e_003/target/test-classes/, file:/home/tdurieux/.m2/repository/junit/junit/4.11/junit-4.11.jar, file:/home/tdurieux/.m2/repository/org/hamcrest/hamcrest-core/1.3/hamcrest-core-1.3.jar, file:/home/tdurieux/RepairThemAll/script/../repair_tools/nopol.jar]
15:57:08.545 [main] INFO  fr.inria.lille.repair.nopol.NoPol - Statement type: PRE_THEN_COND
15:57:08.545 [main] INFO  fr.inria.lille.repair.nopol.NoPol - Args: [introclassJava.checksum_2c155667_003BlackboxTest, introclassJava.checksum_2c155667_003WhiteboxTest]
15:57:08.547 [main] INFO  fr.inria.lille.repair.nopol.NoPol - Config: Config{synthesisDepth=3, collectStaticMethods=true, collectStaticFields=false, collectLiterals=false, onlyOneSynthesisResult=true, sortExpressions=true, maxLineInvocationPerTest=250, timeoutMethodInvocation=2000, dataCollectionTimeoutInSecondForSynthesis=900, addWeight=0.19478, subWeight=0.04554, mulWeight=0.0102, divWeight=0.00613, andWeight=0.10597, orWeight=0.05708, eqWeight=0.22798, nEqWeight=0.0, lessEqWeight=0.0255, lessWeight=0.0947, methodCallWeight=0.1, fieldAccessWeight=0.08099, constantWeight=0.14232, variableWeight=0.05195, mode=REPAIR, type=PRE_THEN_COND, synthesis=SMT, oracle=ANGELIC, solver=Z3, solverPath='/home/tdurieux/RepairThemAll/script/../libs/z3/build/z3', projectSources=[src/main/java], projectClasspath='[Ljava.net.URL;@66d33a', projectTests=[introclassJava.checksum_2c155667_003BlackboxTest, introclassJava.checksum_2c155667_003WhiteboxTest], complianceLevel=7, outputFolder=., json=true}
15:57:08.547 [main] INFO  fr.inria.lille.repair.nopol.NoPol - Available processors (cores): 24
15:57:08.554 [main] INFO  fr.inria.lille.repair.nopol.NoPol - Free memory: 1 GB
15:57:08.555 [main] INFO  fr.inria.lille.repair.nopol.NoPol - Maximum memory: 3 GB
15:57:08.555 [main] INFO  fr.inria.lille.repair.nopol.NoPol - Total memory available to JVM: 1 GB
15:57:08.555 [main] INFO  fr.inria.lille.repair.nopol.NoPol - Java version: 1.8.0_181
15:57:08.556 [main] INFO  fr.inria.lille.repair.nopol.NoPol - JAVA_HOME: /usr/lib/jvm/java-1.8.0-openjdk-amd64/bin/
15:57:08.556 [main] INFO  fr.inria.lille.repair.nopol.NoPol - PATH: /usr/lib/jvm/java-1.8.0-openjdk-amd64/bin/:/usr/lib/oar/oardodo:/usr/lib/oar/oardodo:/usr/local/bin:/usr/bin:/bin:/usr/games
15:57:11.418 [pool-2-thread-1] DEBUG fr.inria.lille.repair.nopol.NoPol - statement #1
15:57:11.419 [pool-2-thread-1] DEBUG fr.inria.lille.repair.nopol.NoPol - Analysing SourceLocation introclassJava.checksum_2c155667_003:78 which is executed by 16 tests
2135544680
15:57:11.722 [pool-2-thread-1] DEBUG fr.inria.lille.repair.nopol.NoPol - looking with class fr.inria.lille.repair.nopol.spoon.smt.ConditionalAdder
org.junit.ComparisonFailure: expected:<...agereturn>Checksumis[]]> but was:<...agereturn>Checksumis[]>
    at org.junit.Assert.assertEquals(Assert.java:115)
    at org.junit.Assert.assertEquals(Assert.java:144)
    at introclassJava.checksum_2c155667_003WhiteboxTest.test1(checksum_2c155667_003WhiteboxTest.java:14)
    at sun.reflect.NativeMethodAccessorImpl.invoke0(Native Method)
    at sun.reflect.NativeMethodAccessorImpl.invoke(NativeMethodAccessorImpl.java:62)
    at sun.reflect.DelegatingMethodAccessorImpl.invoke(DelegatingMethodAccessorImpl.java:43)
org.junit.ComparisonFailure: expected:<...agereturn>Checksumis[V]> but was:<...agereturn>Checksumis[]>
    at org.junit.Assert.assertEquals(Assert.java:115)
    at org.junit.Assert.assertEquals(Assert.java:144)
    at introclassJava.checksum_2c155667_003WhiteboxTest.test7(checksum_2c155667_003WhiteboxTest.java:77)
    at sun.reflect.NativeMethodAccessorImpl.invoke0(Native Method)
    at sun.reflect.NativeMethodAccessorImpl.invoke(NativeMethodAccessorImpl.java:62)
    at sun.reflect.DelegatingMethodAccessorImpl.invoke(DelegatingMethodAccessorImpl.java:43)
org.junit.ComparisonFailure: expected:<...agereturn>Checksumis[X]> but was:<...agereturn>Checksumis[]>
    at org.junit.Assert.assertEquals(Assert.java:115)
    at org.junit.Assert.assertEquals(Assert.java:144)
    at introclassJava.checksum_2c155667_003WhiteboxTest.test8(checksum_2c155667_003WhiteboxTest.java:86)
    at sun.reflect.NativeMethodAccessorImpl.invoke0(Native Method)
    at sun.reflect.NativeMethodAccessorImpl.invoke(NativeMethodAccessorImpl.java:62)
    at sun.reflect.DelegatingMethodAccessorImpl.invoke(DelegatingMethodAccessorImpl.java:43)
org.junit.ComparisonFailure: expected:<...agereturn>Checksumis[]]> but was:<...agereturn>Checksumis[]>
    at org.junit.Assert.assertEquals(Assert.java:115)
    at org.junit.Assert.assertEquals(Assert.java:144)
    at introclassJava.checksum_2c155667_003WhiteboxTest.test1(checksum_2c155667_003WhiteboxTest.java:14)
    at sun.reflect.NativeMethodAccessorImpl.invoke0(Native Method)
    at sun.reflect.NativeMethodAccessorImpl.invoke(NativeMethodAccessorImpl.java:62)
    at sun.reflect.DelegatingMethodAccessorImpl.invoke(DelegatingMethodAccessorImpl.java:43)
org.junit.ComparisonFailure: expected:<...agereturn>Checksumis[V]> but was:<...agereturn>Checksumis[]>
    at org.junit.Assert.assertEquals(Assert.java:115)
    at org.junit.Assert.assertEquals(Assert.java:144)
    at introclassJava.checksum_2c155667_003WhiteboxTest.test7(checksum_2c155667_003WhiteboxTest.java:77)
    at sun.reflect.NativeMethodAccessorImpl.invoke0(Native Method)
    at sun.reflect.NativeMethodAccessorImpl.invoke(NativeMethodAccessorImpl.java:62)
    at sun.reflect.DelegatingMethodAccessorImpl.invoke(DelegatingMethodAccessorImpl.java:43)
org.junit.ComparisonFailure: expected:<...agereturn>Checksumis[X]> but was:<...agereturn>Checksumis[]>
    at org.junit.Assert.assertEquals(Assert.java:115)
    at org.junit.Assert.assertEquals(Assert.java:144)
    at introclassJava.checksum_2c155667_003WhiteboxTest.test8(checksum_2c155667_003WhiteboxTest.java:86)
    at sun.reflect.NativeMethodAccessorImpl.invoke0(Native Method)
    at sun.reflect.NativeMethodAccessorImpl.invoke(NativeMethodAccessorImpl.java:62)
    at sun.reflect.DelegatingMethodAccessorImpl.invoke(DelegatingMethodAccessorImpl.java:43)
org.junit.ComparisonFailure: expected:<...agereturn>Checksumis[]]> but was:<...agereturn>Checksumis[]>
    at org.junit.Assert.assertEquals(Assert.java:115)
    at org.junit.Assert.assertEquals(Assert.java:144)
    at introclassJava.checksum_2c155667_003WhiteboxTest.test1(checksum_2c155667_003WhiteboxTest.java:14)
    at sun.reflect.NativeMethodAccessorImpl.invoke0(Native Method)
    at sun.reflect.NativeMethodAccessorImpl.invoke(NativeMethodAccessorImpl.java:62)
    at sun.reflect.DelegatingMethodAccessorImpl.invoke(DelegatingMethodAccessorImpl.java:43)
org.junit.ComparisonFailure: expected:<...agereturn>Checksumis[V]> but was:<...agereturn>Checksumis[]>
    at org.junit.Assert.assertEquals(Assert.java:115)
    at org.junit.Assert.assertEquals(Assert.java:144)
    at introclassJava.checksum_2c155667_003WhiteboxTest.test7(checksum_2c155667_003WhiteboxTest.java:77)
    at sun.reflect.NativeMethodAccessorImpl.invoke0(Native Method)
    at sun.reflect.NativeMethodAccessorImpl.invoke(NativeMethodAccessorImpl.java:62)
    at sun.reflect.DelegatingMethodAccessorImpl.invoke(DelegatingMethodAccessorImpl.java:43)
org.junit.ComparisonFailure: expected:<...agereturn>Checksumis[X]> but was:<...agereturn>Checksumis[]>
    at org.junit.Assert.assertEquals(Assert.java:115)
    at org.junit.Assert.assertEquals(Assert.java:144)
    at introclassJava.checksum_2c155667_003WhiteboxTest.test8(checksum_2c155667_003WhiteboxTest.java:86)
    at sun.reflect.NativeMethodAccessorImpl.invoke0(Native Method)
    at sun.reflect.NativeMethodAccessorImpl.invoke(NativeMethodAccessorImpl.java:62)
    at sun.reflect.DelegatingMethodAccessorImpl.invoke(DelegatingMethodAccessorImpl.java:43)
15:57:11.789 [pool-4-thread-1] INFO  xxl.java.junit.TestCasesListener - Tests run finished (41 ms)
<> Total tests run: 30
<> Ignored tests: 0
<> Failed tests: 9
~ test1(introclassJava.checksum_2c155667_003WhiteboxTest)
[expected:<...agereturn>Checksumis[]]> but was:<...agereturn>Checksumis[]>]
org.junit.ComparisonFailure: expected:<...agereturn>Checksumis[]]> but was:<...agereturn>Checksumis[]>    at org.junit.Assert.assertEquals(Assert.java:115)
    at org.junit.Assert.assertEquals(Assert.java:144)
    at introclassJava.checksum_2c155667_003WhiteboxTest.test1(checksum_2c155667_003WhiteboxTest.java:14)
    at sun.reflect.NativeMethodAccessorImpl.invoke0(Native Method)
    at sun.reflect.NativeMethodAccessorImpl.invoke(NativeMethodAccessorImpl.java:62)
    at sun.reflect.DelegatingMethodAccessorImpl.invoke(DelegatingMethodAccessorImpl.java:43)
~ test7(introclassJava.checksum_2c155667_003WhiteboxTest)
[expected:<...agereturn>Checksumis[V]> but was:<...agereturn>Checksumis[]>]
org.junit.ComparisonFailure: expected:<...agereturn>Checksumis[V]> but was:<...agereturn>Checksumis[]>    at org.junit.Assert.assertEquals(Assert.java:115)
    at org.junit.Assert.assertEquals(Assert.java:144)
    at introclassJava.checksum_2c155667_003WhiteboxTest.test7(checksum_2c155667_003WhiteboxTest.java:77)
    at sun.reflect.NativeMethodAccessorImpl.invoke0(Native Method)
    at sun.reflect.NativeMethodAccessorImpl.invoke(NativeMethodAccessorImpl.java:62)
    at sun.reflect.DelegatingMethodAccessorImpl.invoke(DelegatingMethodAccessorImpl.java:43)
~ test8(introclassJava.checksum_2c155667_003WhiteboxTest)
[expected:<...agereturn>Checksumis[X]> but was:<...agereturn>Checksumis[]>]
org.junit.ComparisonFailure: expected:<...agereturn>Checksumis[X]> but was:<...agereturn>Checksumis[]>    at org.junit.Assert.assertEquals(Assert.java:115)
    at org.junit.Assert.assertEquals(Assert.java:144)
    at introclassJava.checksum_2c155667_003WhiteboxTest.test8(checksum_2c155667_003WhiteboxTest.java:86)
    at sun.reflect.NativeMethodAccessorImpl.invoke0(Native Method)
    at sun.reflect.NativeMethodAccessorImpl.invoke(NativeMethodAccessorImpl.java:62)
    at sun.reflect.DelegatingMethodAccessorImpl.invoke(DelegatingMethodAccessorImpl.java:43)
~ test1(introclassJava.checksum_2c155667_003WhiteboxTest)
[expected:<...agereturn>Checksumis[]]> but was:<...agereturn>Checksumis[]>]
org.junit.ComparisonFailure: expected:<...agereturn>Checksumis[]]> but was:<...agereturn>Checksumis[]>    at org.junit.Assert.assertEquals(Assert.java:115)
    at org.junit.Assert.assertEquals(Assert.java:144)
    at introclassJava.checksum_2c155667_003WhiteboxTest.test1(checksum_2c155667_003WhiteboxTest.java:14)
    at sun.reflect.NativeMethodAccessorImpl.invoke0(Native Method)
    at sun.reflect.NativeMethodAccessorImpl.invoke(NativeMethodAccessorImpl.java:62)
    at sun.reflect.DelegatingMethodAccessorImpl.invoke(DelegatingMethodAccessorImpl.java:43)
~ test7(introclassJava.checksum_2c155667_003WhiteboxTest)
[expected:<...agereturn>Checksumis[V]> but was:<...agereturn>Checksumis[]>]
org.junit.ComparisonFailure: expected:<...agereturn>Checksumis[V]> but was:<...agereturn>Checksumis[]>    at org.junit.Assert.assertEquals(Assert.java:115)
    at org.junit.Assert.assertEquals(Assert.java:144)
    at introclassJava.checksum_2c155667_003WhiteboxTest.test7(checksum_2c155667_003WhiteboxTest.java:77)
    at sun.reflect.NativeMethodAccessorImpl.invoke0(Native Method)
    at sun.reflect.NativeMethodAccessorImpl.invoke(NativeMethodAccessorImpl.java:62)
    at sun.reflect.DelegatingMethodAccessorImpl.invoke(DelegatingMethodAccessorImpl.java:43)
~ test8(introclassJava.checksum_2c155667_003WhiteboxTest)
[expected:<...agereturn>Checksumis[X]> but was:<...agereturn>Checksumis[]>]
org.junit.ComparisonFailure: expected:<...agereturn>Checksumis[X]> but was:<...agereturn>Checksumis[]>    at org.junit.Assert.assertEquals(Assert.java:115)
    at org.junit.Assert.assertEquals(Assert.java:144)
    at introclassJava.checksum_2c155667_003WhiteboxTest.test8(checksum_2c155667_003WhiteboxTest.java:86)
    at sun.reflect.NativeMethodAccessorImpl.invoke0(Native Method)
    at sun.reflect.NativeMethodAccessorImpl.invoke(NativeMethodAccessorImpl.java:62)
    at sun.reflect.DelegatingMethodAccessorImpl.invoke(DelegatingMethodAccessorImpl.java:43)
~ test1(introclassJava.checksum_2c155667_003WhiteboxTest)
[expected:<...agereturn>Checksumis[]]> but was:<...agereturn>Checksumis[]>]
org.junit.ComparisonFailure: expected:<...agereturn>Checksumis[]]> but was:<...agereturn>Checksumis[]>    at org.junit.Assert.assertEquals(Assert.java:115)
    at org.junit.Assert.assertEquals(Assert.java:144)
    at introclassJava.checksum_2c155667_003WhiteboxTest.test1(checksum_2c155667_003WhiteboxTest.java:14)
    at sun.reflect.NativeMethodAccessorImpl.invoke0(Native Method)
    at sun.reflect.NativeMethodAccessorImpl.invoke(NativeMethodAccessorImpl.java:62)
    at sun.reflect.DelegatingMethodAccessorImpl.invoke(DelegatingMethodAccessorImpl.java:43)
~ test7(introclassJava.checksum_2c155667_003WhiteboxTest)
[expected:<...agereturn>Checksumis[V]> but was:<...agereturn>Checksumis[]>]
org.junit.ComparisonFailure: expected:<...agereturn>Checksumis[V]> but was:<...agereturn>Checksumis[]>    at org.junit.Assert.assertEquals(Assert.java:115)
    at org.junit.Assert.assertEquals(Assert.java:144)
    at introclassJava.checksum_2c155667_003WhiteboxTest.test7(checksum_2c155667_003WhiteboxTest.java:77)
    at sun.reflect.NativeMethodAccessorImpl.invoke0(Native Method)
    at sun.reflect.NativeMethodAccessorImpl.invoke(NativeMethodAccessorImpl.java:62)
    at sun.reflect.DelegatingMethodAccessorImpl.invoke(DelegatingMethodAccessorImpl.java:43)
~ test8(introclassJava.checksum_2c155667_003WhiteboxTest)
[expected:<...agereturn>Checksumis[X]> but was:<...agereturn>Checksumis[]>]
org.junit.ComparisonFailure: expected:<...agereturn>Checksumis[X]> but was:<...agereturn>Checksumis[]>    at org.junit.Assert.assertEquals(Assert.java:115)
    at org.junit.Assert.assertEquals(Assert.java:144)
    at introclassJava.checksum_2c155667_003WhiteboxTest.test8(checksum_2c155667_003WhiteboxTest.java:86)
    at sun.reflect.NativeMethodAccessorImpl.invoke0(Native Method)
    at sun.reflect.NativeMethodAccessorImpl.invoke(NativeMethodAccessorImpl.java:62)
    at sun.reflect.DelegatingMethodAccessorImpl.invoke(DelegatingMethodAccessorImpl.java:43)

org.junit.ComparisonFailure: expected:<...agereturn>Checksumis[X]> but was:<...agereturn>Checksumis[]>
    at org.junit.Assert.assertEquals(Assert.java:115)
    at org.junit.Assert.assertEquals(Assert.java:144)
    at introclassJava.checksum_2c155667_003WhiteboxTest.test8(checksum_2c155667_003WhiteboxTest.java:86)
    at sun.reflect.NativeMethodAccessorImpl.invoke0(Native Method)
    at sun.reflect.NativeMethodAccessorImpl.invoke(NativeMethodAccessorImpl.java:62)
    at sun.reflect.DelegatingMethodAccessorImpl.invoke(DelegatingMethodAccessorImpl.java:43)
15:57:12.409 [pool-5-thread-1] INFO  f.i.l.c.t.SpecificationTestCasesListener - Tests run finished (6 ms)
<> Total tests run: 1
<> Ignored tests: 0
<> Failed tests: 1
~ test8(introclassJava.checksum_2c155667_003WhiteboxTest)
[expected:<...agereturn>Checksumis[X]> but was:<...agereturn>Checksumis[]>]
org.junit.ComparisonFailure: expected:<...agereturn>Checksumis[X]> but was:<...agereturn>Checksumis[]>    at org.junit.Assert.assertEquals(Assert.java:115)
    at org.junit.Assert.assertEquals(Assert.java:144)
    at introclassJava.checksum_2c155667_003WhiteboxTest.test8(checksum_2c155667_003WhiteboxTest.java:86)
    at sun.reflect.NativeMethodAccessorImpl.invoke0(Native Method)
    at sun.reflect.NativeMethodAccessorImpl.invoke(NativeMethodAccessorImpl.java:62)
    at sun.reflect.DelegatingMethodAccessorImpl.invoke(DelegatingMethodAccessorImpl.java:43)

org.junit.ComparisonFailure: expected:<...agereturn>Checksumis[]]> but was:<...agereturn>Checksumis[]>
    at org.junit.Assert.assertEquals(Assert.java:115)
    at org.junit.Assert.assertEquals(Assert.java:144)
    at introclassJava.checksum_2c155667_003WhiteboxTest.test1(checksum_2c155667_003WhiteboxTest.java:14)
    at sun.reflect.NativeMethodAccessorImpl.invoke0(Native Method)
    at sun.reflect.NativeMethodAccessorImpl.invoke(NativeMethodAccessorImpl.java:62)
    at sun.reflect.DelegatingMethodAccessorImpl.invoke(DelegatingMethodAccessorImpl.java:43)
15:57:12.412 [pool-6-thread-1] INFO  f.i.l.c.t.SpecificationTestCasesListener - Tests run finished (1 ms)
<> Total tests run: 1
<> Ignored tests: 0
<> Failed tests: 1
~ test1(introclassJava.checksum_2c155667_003WhiteboxTest)
[expected:<...agereturn>Checksumis[]]> but was:<...agereturn>Checksumis[]>]
org.junit.ComparisonFailure: expected:<...agereturn>Checksumis[]]> but was:<...agereturn>Checksumis[]>    at org.junit.Assert.assertEquals(Assert.java:115)
    at org.junit.Assert.assertEquals(Assert.java:144)
    at introclassJava.checksum_2c155667_003WhiteboxTest.test1(checksum_2c155667_003WhiteboxTest.java:14)
    at sun.reflect.NativeMethodAccessorImpl.invoke0(Native Method)
    at sun.reflect.NativeMethodAccessorImpl.invoke(NativeMethodAccessorImpl.java:62)
    at sun.reflect.DelegatingMethodAccessorImpl.invoke(DelegatingMethodAccessorImpl.java:43)

org.junit.ComparisonFailure: expected:<...agereturn>Checksumis[V]> but was:<...agereturn>Checksumis[]>
    at org.junit.Assert.assertEquals(Assert.java:115)
    at org.junit.Assert.assertEquals(Assert.java:144)
    at introclassJava.checksum_2c155667_003WhiteboxTest.test7(checksum_2c155667_003WhiteboxTest.java:77)
    at sun.reflect.NativeMethodAccessorImpl.invoke0(Native Method)
    at sun.reflect.NativeMethodAccessorImpl.invoke(NativeMethodAccessorImpl.java:62)
    at sun.reflect.DelegatingMethodAccessorImpl.invoke(DelegatingMethodAccessorImpl.java:43)
15:57:12.414 [pool-7-thread-1] INFO  f.i.l.c.t.SpecificationTestCasesListener - Tests run finished (1 ms)
<> Total tests run: 1
<> Ignored tests: 0
<> Failed tests: 1
~ test7(introclassJava.checksum_2c155667_003WhiteboxTest)
[expected:<...agereturn>Checksumis[V]> but was:<...agereturn>Checksumis[]>]
org.junit.ComparisonFailure: expected:<...agereturn>Checksumis[V]> but was:<...agereturn>Checksumis[]>    at org.junit.Assert.assertEquals(Assert.java:115)
    at org.junit.Assert.assertEquals(Assert.java:144)
    at introclassJava.checksum_2c155667_003WhiteboxTest.test7(checksum_2c155667_003WhiteboxTest.java:77)
    at sun.reflect.NativeMethodAccessorImpl.invoke0(Native Method)
    at sun.reflect.NativeMethodAccessorImpl.invoke(NativeMethodAccessorImpl.java:62)
    at sun.reflect.DelegatingMethodAccessorImpl.invoke(DelegatingMethodAccessorImpl.java:43)

org.junit.ComparisonFailure: expected:<...agereturn>Checksumis[X]> but was:<...agereturn>Checksumis[]>
    at org.junit.Assert.assertEquals(Assert.java:115)
    at org.junit.Assert.assertEquals(Assert.java:144)
    at introclassJava.checksum_2c155667_003WhiteboxTest.test8(checksum_2c155667_003WhiteboxTest.java:86)
    at sun.reflect.NativeMethodAccessorImpl.invoke0(Native Method)
    at sun.reflect.NativeMethodAccessorImpl.invoke(NativeMethodAccessorImpl.java:62)
    at sun.reflect.DelegatingMethodAccessorImpl.invoke(DelegatingMethodAccessorImpl.java:43)
15:57:12.416 [pool-8-thread-1] INFO  f.i.l.c.t.SpecificationTestCasesListener - Tests run finished (1 ms)
<> Total tests run: 1
<> Ignored tests: 0
<> Failed tests: 1
~ test8(introclassJava.checksum_2c155667_003WhiteboxTest)
[expected:<...agereturn>Checksumis[X]> but was:<...agereturn>Checksumis[]>]
org.junit.ComparisonFailure: expected:<...agereturn>Checksumis[X]> but was:<...agereturn>Checksumis[]>    at org.junit.Assert.assertEquals(Assert.java:115)
    at org.junit.Assert.assertEquals(Assert.java:144)
    at introclassJava.checksum_2c155667_003WhiteboxTest.test8(checksum_2c155667_003WhiteboxTest.java:86)
    at sun.reflect.NativeMethodAccessorImpl.invoke0(Native Method)
    at sun.reflect.NativeMethodAccessorImpl.invoke(NativeMethodAccessorImpl.java:62)
    at sun.reflect.DelegatingMethodAccessorImpl.invoke(DelegatingMethodAccessorImpl.java:43)

org.junit.ComparisonFailure: expected:<...agereturn>Checksumis[]]> but was:<...agereturn>Checksumis[]>
    at org.junit.Assert.assertEquals(Assert.java:115)
    at org.junit.Assert.assertEquals(Assert.java:144)
    at introclassJava.checksum_2c155667_003WhiteboxTest.test1(checksum_2c155667_003WhiteboxTest.java:14)
    at sun.reflect.NativeMethodAccessorImpl.invoke0(Native Method)
    at sun.reflect.NativeMethodAccessorImpl.invoke(NativeMethodAccessorImpl.java:62)
    at sun.reflect.DelegatingMethodAccessorImpl.invoke(DelegatingMethodAccessorImpl.java:43)
15:57:12.417 [pool-9-thread-1] INFO  f.i.l.c.t.SpecificationTestCasesListener - Tests run finished (0 ms)
<> Total tests run: 1
<> Ignored tests: 0
<> Failed tests: 1
~ test1(introclassJava.checksum_2c155667_003WhiteboxTest)
[expected:<...agereturn>Checksumis[]]> but was:<...agereturn>Checksumis[]>]
org.junit.ComparisonFailure: expected:<...agereturn>Checksumis[]]> but was:<...agereturn>Checksumis[]>    at org.junit.Assert.assertEquals(Assert.java:115)
    at org.junit.Assert.assertEquals(Assert.java:144)
    at introclassJava.checksum_2c155667_003WhiteboxTest.test1(checksum_2c155667_003WhiteboxTest.java:14)
    at sun.reflect.NativeMethodAccessorImpl.invoke0(Native Method)
    at sun.reflect.NativeMethodAccessorImpl.invoke(NativeMethodAccessorImpl.java:62)
    at sun.reflect.DelegatingMethodAccessorImpl.invoke(DelegatingMethodAccessorImpl.java:43)

org.junit.ComparisonFailure: expected:<...agereturn>Checksumis[V]> but was:<...agereturn>Checksumis[]>
    at org.junit.Assert.assertEquals(Assert.java:115)
    at org.junit.Assert.assertEquals(Assert.java:144)
    at introclassJava.checksum_2c155667_003WhiteboxTest.test7(checksum_2c155667_003WhiteboxTest.java:77)
    at sun.reflect.NativeMethodAccessorImpl.invoke0(Native Method)
    at sun.reflect.NativeMethodAccessorImpl.invoke(NativeMethodAccessorImpl.java:62)
    at sun.reflect.DelegatingMethodAccessorImpl.invoke(DelegatingMethodAccessorImpl.java:43)
15:57:12.419 [pool-10-thread-1] INFO  f.i.l.c.t.SpecificationTestCasesListener - Tests run finished (1 ms)
<> Total tests run: 1
<> Ignored tests: 0
<> Failed tests: 1
~ test7(introclassJava.checksum_2c155667_003WhiteboxTest)
[expected:<...agereturn>Checksumis[V]> but was:<...agereturn>Checksumis[]>]
org.junit.ComparisonFailure: expected:<...agereturn>Checksumis[V]> but was:<...agereturn>Checksumis[]>    at org.junit.Assert.assertEquals(Assert.java:115)
    at org.junit.Assert.assertEquals(Assert.java:144)
    at introclassJava.checksum_2c155667_003WhiteboxTest.test7(checksum_2c155667_003WhiteboxTest.java:77)
    at sun.reflect.NativeMethodAccessorImpl.invoke0(Native Method)
    at sun.reflect.NativeMethodAccessorImpl.invoke(NativeMethodAccessorImpl.java:62)
    at sun.reflect.DelegatingMethodAccessorImpl.invoke(DelegatingMethodAccessorImpl.java:43)

15:57:12.420 [pool-3-thread-1] DEBUG tests.output - Failing tests with false: 
[test8(introclassJava.checksum_2c155667_003WhiteboxTest): expected:<...agereturn>Checksumis[X]> but was:<...agereturn>Checksumis[]>, test1(introclassJava.checksum_2c155667_003WhiteboxTest): expected:<...agereturn>Checksumis[]]> but was:<...agereturn>Checksumis[]>, test7(introclassJava.checksum_2c155667_003WhiteboxTest): expected:<...agereturn>Checksumis[V]> but was:<...agereturn>Checksumis[]>]
15:57:12.421 [pool-3-thread-1] DEBUG tests.output - Failing tests with true: 
[test8(introclassJava.checksum_2c155667_003WhiteboxTest): expected:<...agereturn>Checksumis[X]> but was:<...agereturn>Checksumis[]>, test1(introclassJava.checksum_2c155667_003WhiteboxTest): expected:<...agereturn>Checksumis[]]> but was:<...agereturn>Checksumis[]>, test7(introclassJava.checksum_2c155667_003WhiteboxTest): expected:<...agereturn>Checksumis[V]> but was:<...agereturn>Checksumis[]>]
15:57:12.421 [pool-3-thread-1] INFO  f.i.l.r.n.synth.SMTNopolSynthesizer - Not enough specifications: 0. A trivial patch is "true" or "false", please write new tests specifying SourceLocation introclassJava.checksum_2c155667_003:78.
15:57:12.421 [pool-2-thread-1] DEBUG fr.inria.lille.repair.nopol.NoPol - statement #2
15:57:12.421 [pool-2-thread-1] DEBUG fr.inria.lille.repair.nopol.NoPol - Analysing SourceLocation introclassJava.checksum_2c155667_003:76 which is executed by 16 tests
2135544680
15:57:12.474 [pool-2-thread-1] DEBUG fr.inria.lille.repair.nopol.NoPol - looking with class fr.inria.lille.repair.nopol.spoon.smt.ConditionalAdder
org.junit.ComparisonFailure: expected:<...agereturn>Checksumis[]]> but was:<...agereturn>Checksumis[]>
    at org.junit.Assert.assertEquals(Assert.java:115)
    at org.junit.Assert.assertEquals(Assert.java:144)
    at introclassJava.checksum_2c155667_003WhiteboxTest.test1(checksum_2c155667_003WhiteboxTest.java:14)
    at sun.reflect.NativeMethodAccessorImpl.invoke0(Native Method)
    at sun.reflect.NativeMethodAccessorImpl.invoke(NativeMethodAccessorImpl.java:62)
    at sun.reflect.DelegatingMethodAccessorImpl.invoke(DelegatingMethodAccessorImpl.java:43)
org.junit.ComparisonFailure: expected:<...agereturn>Checksumis[V]> but was:<...agereturn>Checksumis[]>
    at org.junit.Assert.assertEquals(Assert.java:115)
    at org.junit.Assert.assertEquals(Assert.java:144)
    at introclassJava.checksum_2c155667_003WhiteboxTest.test7(checksum_2c155667_003WhiteboxTest.java:77)
    at sun.reflect.NativeMethodAccessorImpl.invoke0(Native Method)
    at sun.reflect.NativeMethodAccessorImpl.invoke(NativeMethodAccessorImpl.java:62)
    at sun.reflect.DelegatingMethodAccessorImpl.invoke(DelegatingMethodAccessorImpl.java:43)
org.junit.ComparisonFailure: expected:<...agereturn>Checksumis[X]> but was:<...agereturn>Checksumis[]>
    at org.junit.Assert.assertEquals(Assert.java:115)
    at org.junit.Assert.assertEquals(Assert.java:144)
    at introclassJava.checksum_2c155667_003WhiteboxTest.test8(checksum_2c155667_003WhiteboxTest.java:86)
    at sun.reflect.NativeMethodAccessorImpl.invoke0(Native Method)
    at sun.reflect.NativeMethodAccessorImpl.invoke(NativeMethodAccessorImpl.java:62)
    at sun.reflect.DelegatingMethodAccessorImpl.invoke(DelegatingMethodAccessorImpl.java:43)
org.junit.ComparisonFailure: expected:<...agereturn>Checksumis[]]> but was:<...agereturn>Checksumis[]>
    at org.junit.Assert.assertEquals(Assert.java:115)
    at org.junit.Assert.assertEquals(Assert.java:144)
    at introclassJava.checksum_2c155667_003WhiteboxTest.test1(checksum_2c155667_003WhiteboxTest.java:14)
    at sun.reflect.NativeMethodAccessorImpl.invoke0(Native Method)
    at sun.reflect.NativeMethodAccessorImpl.invoke(NativeMethodAccessorImpl.java:62)
    at sun.reflect.DelegatingMethodAccessorImpl.invoke(DelegatingMethodAccessorImpl.java:43)
org.junit.ComparisonFailure: expected:<...agereturn>Checksumis[V]> but was:<...agereturn>Checksumis[]>
    at org.junit.Assert.assertEquals(Assert.java:115)
    at org.junit.Assert.assertEquals(Assert.java:144)
    at introclassJava.checksum_2c155667_003WhiteboxTest.test7(checksum_2c155667_003WhiteboxTest.java:77)
    at sun.reflect.NativeMethodAccessorImpl.invoke0(Native Method)
    at sun.reflect.NativeMethodAccessorImpl.invoke(NativeMethodAccessorImpl.java:62)
    at sun.reflect.DelegatingMethodAccessorImpl.invoke(DelegatingMethodAccessorImpl.java:43)
org.junit.ComparisonFailure: expected:<...agereturn>Checksumis[X]> but was:<...agereturn>Checksumis[]>
    at org.junit.Assert.assertEquals(Assert.java:115)
    at org.junit.Assert.assertEquals(Assert.java:144)
    at introclassJava.checksum_2c155667_003WhiteboxTest.test8(checksum_2c155667_003WhiteboxTest.java:86)
    at sun.reflect.NativeMethodAccessorImpl.invoke0(Native Method)
    at sun.reflect.NativeMethodAccessorImpl.invoke(NativeMethodAccessorImpl.java:62)
    at sun.reflect.DelegatingMethodAccessorImpl.invoke(DelegatingMethodAccessorImpl.java:43)
org.junit.ComparisonFailure: expected:<...agereturn>Checksumis[]]> but was:<...agereturn>Checksumis[]>
    at org.junit.Assert.assertEquals(Assert.java:115)
    at org.junit.Assert.assertEquals(Assert.java:144)
    at introclassJava.checksum_2c155667_003WhiteboxTest.test1(checksum_2c155667_003WhiteboxTest.java:14)
    at sun.reflect.NativeMethodAccessorImpl.invoke0(Native Method)
    at sun.reflect.NativeMethodAccessorImpl.invoke(NativeMethodAccessorImpl.java:62)
    at sun.reflect.DelegatingMethodAccessorImpl.invoke(DelegatingMethodAccessorImpl.java:43)
org.junit.ComparisonFailure: expected:<...agereturn>Checksumis[V]> but was:<...agereturn>Checksumis[]>
    at org.junit.Assert.assertEquals(Assert.java:115)
    at org.junit.Assert.assertEquals(Assert.java:144)
    at introclassJava.checksum_2c155667_003WhiteboxTest.test7(checksum_2c155667_003WhiteboxTest.java:77)
    at sun.reflect.NativeMethodAccessorImpl.invoke0(Native Method)
    at sun.reflect.NativeMethodAccessorImpl.invoke(NativeMethodAccessorImpl.java:62)
    at sun.reflect.DelegatingMethodAccessorImpl.invoke(DelegatingMethodAccessorImpl.java:43)
org.junit.ComparisonFailure: expected:<...agereturn>Checksumis[X]> but was:<...agereturn>Checksumis[]>
    at org.junit.Assert.assertEquals(Assert.java:115)
    at org.junit.Assert.assertEquals(Assert.java:144)
    at introclassJava.checksum_2c155667_003WhiteboxTest.test8(checksum_2c155667_003WhiteboxTest.java:86)
    at sun.reflect.NativeMethodAccessorImpl.invoke0(Native Method)
    at sun.reflect.NativeMethodAccessorImpl.invoke(NativeMethodAccessorImpl.java:62)
    at sun.reflect.DelegatingMethodAccessorImpl.invoke(DelegatingMethodAccessorImpl.java:43)
15:57:12.495 [pool-12-thread-1] INFO  xxl.java.junit.TestCasesListener - Tests run finished (18 ms)
<> Total tests run: 30
<> Ignored tests: 0
<> Failed tests: 9
~ test1(introclassJava.checksum_2c155667_003WhiteboxTest)
[expected:<...agereturn>Checksumis[]]> but was:<...agereturn>Checksumis[]>]
org.junit.ComparisonFailure: expected:<...agereturn>Checksumis[]]> but was:<...agereturn>Checksumis[]>    at org.junit.Assert.assertEquals(Assert.java:115)
    at org.junit.Assert.assertEquals(Assert.java:144)
    at introclassJava.checksum_2c155667_003WhiteboxTest.test1(checksum_2c155667_003WhiteboxTest.java:14)
    at sun.reflect.NativeMethodAccessorImpl.invoke0(Native Method)
    at sun.reflect.NativeMethodAccessorImpl.invoke(NativeMethodAccessorImpl.java:62)
    at sun.reflect.DelegatingMethodAccessorImpl.invoke(DelegatingMethodAccessorImpl.java:43)
~ test7(introclassJava.checksum_2c155667_003WhiteboxTest)
[expected:<...agereturn>Checksumis[V]> but was:<...agereturn>Checksumis[]>]
org.junit.ComparisonFailure: expected:<...agereturn>Checksumis[V]> but was:<...agereturn>Checksumis[]>    at org.junit.Assert.assertEquals(Assert.java:115)
    at org.junit.Assert.assertEquals(Assert.java:144)
    at introclassJava.checksum_2c155667_003WhiteboxTest.test7(checksum_2c155667_003WhiteboxTest.java:77)
    at sun.reflect.NativeMethodAccessorImpl.invoke0(Native Method)
    at sun.reflect.NativeMethodAccessorImpl.invoke(NativeMethodAccessorImpl.java:62)
    at sun.reflect.DelegatingMethodAccessorImpl.invoke(DelegatingMethodAccessorImpl.java:43)
~ test8(introclassJava.checksum_2c155667_003WhiteboxTest)
[expected:<...agereturn>Checksumis[X]> but was:<...agereturn>Checksumis[]>]
org.junit.ComparisonFailure: expected:<...agereturn>Checksumis[X]> but was:<...agereturn>Checksumis[]>    at org.junit.Assert.assertEquals(Assert.java:115)
    at org.junit.Assert.assertEquals(Assert.java:144)
    at introclassJava.checksum_2c155667_003WhiteboxTest.test8(checksum_2c155667_003WhiteboxTest.java:86)
    at sun.reflect.NativeMethodAccessorImpl.invoke0(Native Method)
    at sun.reflect.NativeMethodAccessorImpl.invoke(NativeMethodAccessorImpl.java:62)
    at sun.reflect.DelegatingMethodAccessorImpl.invoke(DelegatingMethodAccessorImpl.java:43)
~ test1(introclassJava.checksum_2c155667_003WhiteboxTest)
[expected:<...agereturn>Checksumis[]]> but was:<...agereturn>Checksumis[]>]
org.junit.ComparisonFailure: expected:<...agereturn>Checksumis[]]> but was:<...agereturn>Checksumis[]>    at org.junit.Assert.assertEquals(Assert.java:115)
    at org.junit.Assert.assertEquals(Assert.java:144)
    at introclassJava.checksum_2c155667_003WhiteboxTest.test1(checksum_2c155667_003WhiteboxTest.java:14)
    at sun.reflect.NativeMethodAccessorImpl.invoke0(Native Method)
    at sun.reflect.NativeMethodAccessorImpl.invoke(NativeMethodAccessorImpl.java:62)
    at sun.reflect.DelegatingMethodAccessorImpl.invoke(DelegatingMethodAccessorImpl.java:43)
~ test7(introclassJava.checksum_2c155667_003WhiteboxTest)
[expected:<...agereturn>Checksumis[V]> but was:<...agereturn>Checksumis[]>]
org.junit.ComparisonFailure: expected:<...agereturn>Checksumis[V]> but was:<...agereturn>Checksumis[]>    at org.junit.Assert.assertEquals(Assert.java:115)
    at org.junit.Assert.assertEquals(Assert.java:144)
    at introclassJava.checksum_2c155667_003WhiteboxTest.test7(checksum_2c155667_003WhiteboxTest.java:77)
    at sun.reflect.NativeMethodAccessorImpl.invoke0(Native Method)
    at sun.reflect.NativeMethodAccessorImpl.invoke(NativeMethodAccessorImpl.java:62)
    at sun.reflect.DelegatingMethodAccessorImpl.invoke(DelegatingMethodAccessorImpl.java:43)
~ test8(introclassJava.checksum_2c155667_003WhiteboxTest)
[expected:<...agereturn>Checksumis[X]> but was:<...agereturn>Checksumis[]>]
org.junit.ComparisonFailure: expected:<...agereturn>Checksumis[X]> but was:<...agereturn>Checksumis[]>    at org.junit.Assert.assertEquals(Assert.java:115)
    at org.junit.Assert.assertEquals(Assert.java:144)
    at introclassJava.checksum_2c155667_003WhiteboxTest.test8(checksum_2c155667_003WhiteboxTest.java:86)
    at sun.reflect.NativeMethodAccessorImpl.invoke0(Native Method)
    at sun.reflect.NativeMethodAccessorImpl.invoke(NativeMethodAccessorImpl.java:62)
    at sun.reflect.DelegatingMethodAccessorImpl.invoke(DelegatingMethodAccessorImpl.java:43)
~ test1(introclassJava.checksum_2c155667_003WhiteboxTest)
[expected:<...agereturn>Checksumis[]]> but was:<...agereturn>Checksumis[]>]
org.junit.ComparisonFailure: expected:<...agereturn>Checksumis[]]> but was:<...agereturn>Checksumis[]>    at org.junit.Assert.assertEquals(Assert.java:115)
    at org.junit.Assert.assertEquals(Assert.java:144)
    at introclassJava.checksum_2c155667_003WhiteboxTest.test1(checksum_2c155667_003WhiteboxTest.java:14)
    at sun.reflect.NativeMethodAccessorImpl.invoke0(Native Method)
    at sun.reflect.NativeMethodAccessorImpl.invoke(NativeMethodAccessorImpl.java:62)
    at sun.reflect.DelegatingMethodAccessorImpl.invoke(DelegatingMethodAccessorImpl.java:43)
~ test7(introclassJava.checksum_2c155667_003WhiteboxTest)
[expected:<...agereturn>Checksumis[V]> but was:<...agereturn>Checksumis[]>]
org.junit.ComparisonFailure: expected:<...agereturn>Checksumis[V]> but was:<...agereturn>Checksumis[]>    at org.junit.Assert.assertEquals(Assert.java:115)
    at org.junit.Assert.assertEquals(Assert.java:144)
    at introclassJava.checksum_2c155667_003WhiteboxTest.test7(checksum_2c155667_003WhiteboxTest.java:77)
    at sun.reflect.NativeMethodAccessorImpl.invoke0(Native Method)
    at sun.reflect.NativeMethodAccessorImpl.invoke(NativeMethodAccessorImpl.java:62)
    at sun.reflect.DelegatingMethodAccessorImpl.invoke(DelegatingMethodAccessorImpl.java:43)
~ test8(introclassJava.checksum_2c155667_003WhiteboxTest)
[expected:<...agereturn>Checksumis[X]> but was:<...agereturn>Checksumis[]>]
org.junit.ComparisonFailure: expected:<...agereturn>Checksumis[X]> but was:<...agereturn>Checksumis[]>    at org.junit.Assert.assertEquals(Assert.java:115)
    at org.junit.Assert.assertEquals(Assert.java:144)
    at introclassJava.checksum_2c155667_003WhiteboxTest.test8(checksum_2c155667_003WhiteboxTest.java:86)
    at sun.reflect.NativeMethodAccessorImpl.invoke0(Native Method)
    at sun.reflect.NativeMethodAccessorImpl.invoke(NativeMethodAccessorImpl.java:62)
    at sun.reflect.DelegatingMethodAccessorImpl.invoke(DelegatingMethodAccessorImpl.java:43)

org.junit.ComparisonFailure: expected:<...gwithcarriagereturn>[ChecksumisX]> but was:<...gwithcarriagereturn>[]>
    at org.junit.Assert.assertEquals(Assert.java:115)
    at org.junit.Assert.assertEquals(Assert.java:144)
    at introclassJava.checksum_2c155667_003WhiteboxTest.test8(checksum_2c155667_003WhiteboxTest.java:86)
    at sun.reflect.NativeMethodAccessorImpl.invoke0(Native Method)
    at sun.reflect.NativeMethodAccessorImpl.invoke(NativeMethodAccessorImpl.java:62)
    at sun.reflect.DelegatingMethodAccessorImpl.invoke(DelegatingMethodAccessorImpl.java:43)
15:57:12.626 [pool-13-thread-1] INFO  f.i.l.c.t.SpecificationTestCasesListener - Tests run finished (3 ms)
<> Total tests run: 1
<> Ignored tests: 0
<> Failed tests: 1
~ test8(introclassJava.checksum_2c155667_003WhiteboxTest)
[expected:<...gwithcarriagereturn>[ChecksumisX]> but was:<...gwithcarriagereturn>[]>]
org.junit.ComparisonFailure: expected:<...gwithcarriagereturn>[ChecksumisX]> but was:<...gwithcarriagereturn>[]>    at org.junit.Assert.assertEquals(Assert.java:115)
    at org.junit.Assert.assertEquals(Assert.java:144)
    at introclassJava.checksum_2c155667_003WhiteboxTest.test8(checksum_2c155667_003WhiteboxTest.java:86)
    at sun.reflect.NativeMethodAccessorImpl.invoke0(Native Method)
    at sun.reflect.NativeMethodAccessorImpl.invoke(NativeMethodAccessorImpl.java:62)
    at sun.reflect.DelegatingMethodAccessorImpl.invoke(DelegatingMethodAccessorImpl.java:43)

org.junit.ComparisonFailure: expected:<...gwithcarriagereturn>[Checksumis]]> but was:<...gwithcarriagereturn>[]>
    at org.junit.Assert.assertEquals(Assert.java:115)
    at org.junit.Assert.assertEquals(Assert.java:144)
    at introclassJava.checksum_2c155667_003WhiteboxTest.test1(checksum_2c155667_003WhiteboxTest.java:14)
    at sun.reflect.NativeMethodAccessorImpl.invoke0(Native Method)
    at sun.reflect.NativeMethodAccessorImpl.invoke(NativeMethodAccessorImpl.java:62)
    at sun.reflect.DelegatingMethodAccessorImpl.invoke(DelegatingMethodAccessorImpl.java:43)
15:57:12.628 [pool-14-thread-1] INFO  f.i.l.c.t.SpecificationTestCasesListener - Tests run finished (1 ms)
<> Total tests run: 1
<> Ignored tests: 0
<> Failed tests: 1
~ test1(introclassJava.checksum_2c155667_003WhiteboxTest)
[expected:<...gwithcarriagereturn>[Checksumis]]> but was:<...gwithcarriagereturn>[]>]
org.junit.ComparisonFailure: expected:<...gwithcarriagereturn>[Checksumis]]> but was:<...gwithcarriagereturn>[]>    at org.junit.Assert.assertEquals(Assert.java:115)
    at org.junit.Assert.assertEquals(Assert.java:144)
    at introclassJava.checksum_2c155667_003WhiteboxTest.test1(checksum_2c155667_003WhiteboxTest.java:14)
    at sun.reflect.NativeMethodAccessorImpl.invoke0(Native Method)
    at sun.reflect.NativeMethodAccessorImpl.invoke(NativeMethodAccessorImpl.java:62)
    at sun.reflect.DelegatingMethodAccessorImpl.invoke(DelegatingMethodAccessorImpl.java:43)

org.junit.ComparisonFailure: expected:<...gwithcarriagereturn>[ChecksumisV]> but was:<...gwithcarriagereturn>[]>
    at org.junit.Assert.assertEquals(Assert.java:115)
    at org.junit.Assert.assertEquals(Assert.java:144)
    at introclassJava.checksum_2c155667_003WhiteboxTest.test7(checksum_2c155667_003WhiteboxTest.java:77)
    at sun.reflect.NativeMethodAccessorImpl.invoke0(Native Method)
    at sun.reflect.NativeMethodAccessorImpl.invoke(NativeMethodAccessorImpl.java:62)
    at sun.reflect.DelegatingMethodAccessorImpl.invoke(DelegatingMethodAccessorImpl.java:43)
15:57:12.630 [pool-15-thread-1] INFO  f.i.l.c.t.SpecificationTestCasesListener - Tests run finished (0 ms)
<> Total tests run: 1
<> Ignored tests: 0
<> Failed tests: 1
~ test7(introclassJava.checksum_2c155667_003WhiteboxTest)
[expected:<...gwithcarriagereturn>[ChecksumisV]> but was:<...gwithcarriagereturn>[]>]
org.junit.ComparisonFailure: expected:<...gwithcarriagereturn>[ChecksumisV]> but was:<...gwithcarriagereturn>[]>    at org.junit.Assert.assertEquals(Assert.java:115)
    at org.junit.Assert.assertEquals(Assert.java:144)
    at introclassJava.checksum_2c155667_003WhiteboxTest.test7(checksum_2c155667_003WhiteboxTest.java:77)
    at sun.reflect.NativeMethodAccessorImpl.invoke0(Native Method)
    at sun.reflect.NativeMethodAccessorImpl.invoke(NativeMethodAccessorImpl.java:62)
    at sun.reflect.DelegatingMethodAccessorImpl.invoke(DelegatingMethodAccessorImpl.java:43)

org.junit.ComparisonFailure: expected:<...agereturn>Checksumis[X]> but was:<...agereturn>Checksumis[]>
    at org.junit.Assert.assertEquals(Assert.java:115)
    at org.junit.Assert.assertEquals(Assert.java:144)
    at introclassJava.checksum_2c155667_003WhiteboxTest.test8(checksum_2c155667_003WhiteboxTest.java:86)
    at sun.reflect.NativeMethodAccessorImpl.invoke0(Native Method)
    at sun.reflect.NativeMethodAccessorImpl.invoke(NativeMethodAccessorImpl.java:62)
    at sun.reflect.DelegatingMethodAccessorImpl.invoke(DelegatingMethodAccessorImpl.java:43)
15:57:12.631 [pool-16-thread-1] INFO  f.i.l.c.t.SpecificationTestCasesListener - Tests run finished (1 ms)
<> Total tests run: 1
<> Ignored tests: 0
<> Failed tests: 1
~ test8(introclassJava.checksum_2c155667_003WhiteboxTest)
[expected:<...agereturn>Checksumis[X]> but was:<...agereturn>Checksumis[]>]
org.junit.ComparisonFailure: expected:<...agereturn>Checksumis[X]> but was:<...agereturn>Checksumis[]>    at org.junit.Assert.assertEquals(Assert.java:115)
    at org.junit.Assert.assertEquals(Assert.java:144)
    at introclassJava.checksum_2c155667_003WhiteboxTest.test8(checksum_2c155667_003WhiteboxTest.java:86)
    at sun.reflect.NativeMethodAccessorImpl.invoke0(Native Method)
    at sun.reflect.NativeMethodAccessorImpl.invoke(NativeMethodAccessorImpl.java:62)
    at sun.reflect.DelegatingMethodAccessorImpl.invoke(DelegatingMethodAccessorImpl.java:43)

org.junit.ComparisonFailure: expected:<...agereturn>Checksumis[]]> but was:<...agereturn>Checksumis[]>
    at org.junit.Assert.assertEquals(Assert.java:115)
    at org.junit.Assert.assertEquals(Assert.java:144)
    at introclassJava.checksum_2c155667_003WhiteboxTest.test1(checksum_2c155667_003WhiteboxTest.java:14)
    at sun.reflect.NativeMethodAccessorImpl.invoke0(Native Method)
    at sun.reflect.NativeMethodAccessorImpl.invoke(NativeMethodAccessorImpl.java:62)
    at sun.reflect.DelegatingMethodAccessorImpl.invoke(DelegatingMethodAccessorImpl.java:43)
15:57:12.633 [pool-17-thread-1] INFO  f.i.l.c.t.SpecificationTestCasesListener - Tests run finished (1 ms)
<> Total tests run: 1
<> Ignored tests: 0
<> Failed tests: 1
~ test1(introclassJava.checksum_2c155667_003WhiteboxTest)
[expected:<...agereturn>Checksumis[]]> but was:<...agereturn>Checksumis[]>]
org.junit.ComparisonFailure: expected:<...agereturn>Checksumis[]]> but was:<...agereturn>Checksumis[]>    at org.junit.Assert.assertEquals(Assert.java:115)
    at org.junit.Assert.assertEquals(Assert.java:144)
    at introclassJava.checksum_2c155667_003WhiteboxTest.test1(checksum_2c155667_003WhiteboxTest.java:14)
    at sun.reflect.NativeMethodAccessorImpl.invoke0(Native Method)
    at sun.reflect.NativeMethodAccessorImpl.invoke(NativeMethodAccessorImpl.java:62)
    at sun.reflect.DelegatingMethodAccessorImpl.invoke(DelegatingMethodAccessorImpl.java:43)

org.junit.ComparisonFailure: expected:<...agereturn>Checksumis[V]> but was:<...agereturn>Checksumis[]>
    at org.junit.Assert.assertEquals(Assert.java:115)
    at org.junit.Assert.assertEquals(Assert.java:144)
    at introclassJava.checksum_2c155667_003WhiteboxTest.test7(checksum_2c155667_003WhiteboxTest.java:77)
    at sun.reflect.NativeMethodAccessorImpl.invoke0(Native Method)
    at sun.reflect.NativeMethodAccessorImpl.invoke(NativeMethodAccessorImpl.java:62)
    at sun.reflect.DelegatingMethodAccessorImpl.invoke(DelegatingMethodAccessorImpl.java:43)
15:57:12.635 [pool-18-thread-1] INFO  f.i.l.c.t.SpecificationTestCasesListener - Tests run finished (1 ms)
<> Total tests run: 1
<> Ignored tests: 0
<> Failed tests: 1
~ test7(introclassJava.checksum_2c155667_003WhiteboxTest)
[expected:<...agereturn>Checksumis[V]> but was:<...agereturn>Checksumis[]>]
org.junit.ComparisonFailure: expected:<...agereturn>Checksumis[V]> but was:<...agereturn>Checksumis[]>    at org.junit.Assert.assertEquals(Assert.java:115)
    at org.junit.Assert.assertEquals(Assert.java:144)
    at introclassJava.checksum_2c155667_003WhiteboxTest.test7(checksum_2c155667_003WhiteboxTest.java:77)
    at sun.reflect.NativeMethodAccessorImpl.invoke0(Native Method)
    at sun.reflect.NativeMethodAccessorImpl.invoke(NativeMethodAccessorImpl.java:62)
    at sun.reflect.DelegatingMethodAccessorImpl.invoke(DelegatingMethodAccessorImpl.java:43)

15:57:12.635 [pool-11-thread-1] DEBUG tests.output - Failing tests with false: 
[test8(introclassJava.checksum_2c155667_003WhiteboxTest): expected:<...gwithcarriagereturn>[ChecksumisX]> but was:<...gwithcarriagereturn>[]>, test1(introclassJava.checksum_2c155667_003WhiteboxTest): expected:<...gwithcarriagereturn>[Checksumis]]> but was:<...gwithcarriagereturn>[]>, test7(introclassJava.checksum_2c155667_003WhiteboxTest): expected:<...gwithcarriagereturn>[ChecksumisV]> but was:<...gwithcarriagereturn>[]>]
15:57:12.636 [pool-11-thread-1] DEBUG tests.output - Failing tests with true: 
[test8(introclassJava.checksum_2c155667_003WhiteboxTest): expected:<...agereturn>Checksumis[X]> but was:<...agereturn>Checksumis[]>, test1(introclassJava.checksum_2c155667_003WhiteboxTest): expected:<...agereturn>Checksumis[]]> but was:<...agereturn>Checksumis[]>, test7(introclassJava.checksum_2c155667_003WhiteboxTest): expected:<...agereturn>Checksumis[V]> but was:<...agereturn>Checksumis[]>]
15:57:12.636 [pool-11-thread-1] INFO  f.i.l.r.n.synth.SMTNopolSynthesizer - Not enough specifications: 0. A trivial patch is "true" or "false", please write new tests specifying SourceLocation introclassJava.checksum_2c155667_003:76.
15:57:12.636 [pool-2-thread-1] DEBUG fr.inria.lille.repair.nopol.NoPol - statement #3
15:57:12.636 [pool-2-thread-1] DEBUG fr.inria.lille.repair.nopol.NoPol - Analysing SourceLocation introclassJava.checksum_2c155667_003:75 which is executed by 16 tests
2135544680
15:57:12.691 [pool-2-thread-1] DEBUG fr.inria.lille.repair.nopol.NoPol - looking with class fr.inria.lille.repair.nopol.spoon.smt.ConditionalAdder
org.junit.ComparisonFailure: expected:<...agereturn>Checksumis[]]> but was:<...agereturn>Checksumis[]>
    at org.junit.Assert.assertEquals(Assert.java:115)
    at org.junit.Assert.assertEquals(Assert.java:144)
    at introclassJava.checksum_2c155667_003WhiteboxTest.test1(checksum_2c155667_003WhiteboxTest.java:14)
    at sun.reflect.NativeMethodAccessorImpl.invoke0(Native Method)
    at sun.reflect.NativeMethodAccessorImpl.invoke(NativeMethodAccessorImpl.java:62)
    at sun.reflect.DelegatingMethodAccessorImpl.invoke(DelegatingMethodAccessorImpl.java:43)
org.junit.ComparisonFailure: expected:<...agereturn>Checksumis[V]> but was:<...agereturn>Checksumis[]>
    at org.junit.Assert.assertEquals(Assert.java:115)
    at org.junit.Assert.assertEquals(Assert.java:144)
    at introclassJava.checksum_2c155667_003WhiteboxTest.test7(checksum_2c155667_003WhiteboxTest.java:77)
    at sun.reflect.NativeMethodAccessorImpl.invoke0(Native Method)
    at sun.reflect.NativeMethodAccessorImpl.invoke(NativeMethodAccessorImpl.java:62)
    at sun.reflect.DelegatingMethodAccessorImpl.invoke(DelegatingMethodAccessorImpl.java:43)
org.junit.ComparisonFailure: expected:<...agereturn>Checksumis[X]> but was:<...agereturn>Checksumis[]>
    at org.junit.Assert.assertEquals(Assert.java:115)
    at org.junit.Assert.assertEquals(Assert.java:144)
    at introclassJava.checksum_2c155667_003WhiteboxTest.test8(checksum_2c155667_003WhiteboxTest.java:86)
    at sun.reflect.NativeMethodAccessorImpl.invoke0(Native Method)
    at sun.reflect.NativeMethodAccessorImpl.invoke(NativeMethodAccessorImpl.java:62)
    at sun.reflect.DelegatingMethodAccessorImpl.invoke(DelegatingMethodAccessorImpl.java:43)
org.junit.ComparisonFailure: expected:<...agereturn>Checksumis[]]> but was:<...agereturn>Checksumis[]>
    at org.junit.Assert.assertEquals(Assert.java:115)
    at org.junit.Assert.assertEquals(Assert.java:144)
    at introclassJava.checksum_2c155667_003WhiteboxTest.test1(checksum_2c155667_003WhiteboxTest.java:14)
    at sun.reflect.NativeMethodAccessorImpl.invoke0(Native Method)
    at sun.reflect.NativeMethodAccessorImpl.invoke(NativeMethodAccessorImpl.java:62)
    at sun.reflect.DelegatingMethodAccessorImpl.invoke(DelegatingMethodAccessorImpl.java:43)
org.junit.ComparisonFailure: expected:<...agereturn>Checksumis[V]> but was:<...agereturn>Checksumis[]>
    at org.junit.Assert.assertEquals(Assert.java:115)
    at org.junit.Assert.assertEquals(Assert.java:144)
    at introclassJava.checksum_2c155667_003WhiteboxTest.test7(checksum_2c155667_003WhiteboxTest.java:77)
    at sun.reflect.NativeMethodAccessorImpl.invoke0(Native Method)
    at sun.reflect.NativeMethodAccessorImpl.invoke(NativeMethodAccessorImpl.java:62)
    at sun.reflect.DelegatingMethodAccessorImpl.invoke(DelegatingMethodAccessorImpl.java:43)
org.junit.ComparisonFailure: expected:<...agereturn>Checksumis[X]> but was:<...agereturn>Checksumis[]>
    at org.junit.Assert.assertEquals(Assert.java:115)
    at org.junit.Assert.assertEquals(Assert.java:144)
    at introclassJava.checksum_2c155667_003WhiteboxTest.test8(checksum_2c155667_003WhiteboxTest.java:86)
    at sun.reflect.NativeMethodAccessorImpl.invoke0(Native Method)
    at sun.reflect.NativeMethodAccessorImpl.invoke(NativeMethodAccessorImpl.java:62)
    at sun.reflect.DelegatingMethodAccessorImpl.invoke(DelegatingMethodAccessorImpl.java:43)
org.junit.ComparisonFailure: expected:<...agereturn>Checksumis[]]> but was:<...agereturn>Checksumis[]>
    at org.junit.Assert.assertEquals(Assert.java:115)
    at org.junit.Assert.assertEquals(Assert.java:144)
    at introclassJava.checksum_2c155667_003WhiteboxTest.test1(checksum_2c155667_003WhiteboxTest.java:14)
    at sun.reflect.NativeMethodAccessorImpl.invoke0(Native Method)
    at sun.reflect.NativeMethodAccessorImpl.invoke(NativeMethodAccessorImpl.java:62)
    at sun.reflect.DelegatingMethodAccessorImpl.invoke(DelegatingMethodAccessorImpl.java:43)
org.junit.ComparisonFailure: expected:<...agereturn>Checksumis[V]> but was:<...agereturn>Checksumis[]>
    at org.junit.Assert.assertEquals(Assert.java:115)
    at org.junit.Assert.assertEquals(Assert.java:144)
    at introclassJava.checksum_2c155667_003WhiteboxTest.test7(checksum_2c155667_003WhiteboxTest.java:77)
    at sun.reflect.NativeMethodAccessorImpl.invoke0(Native Method)
    at sun.reflect.NativeMethodAccessorImpl.invoke(NativeMethodAccessorImpl.java:62)
    at sun.reflect.DelegatingMethodAccessorImpl.invoke(DelegatingMethodAccessorImpl.java:43)
org.junit.ComparisonFailure: expected:<...agereturn>Checksumis[X]> but was:<...agereturn>Checksumis[]>
    at org.junit.Assert.assertEquals(Assert.java:115)
    at org.junit.Assert.assertEquals(Assert.java:144)
    at introclassJava.checksum_2c155667_003WhiteboxTest.test8(checksum_2c155667_003WhiteboxTest.java:86)
    at sun.reflect.NativeMethodAccessorImpl.invoke0(Native Method)
    at sun.reflect.NativeMethodAccessorImpl.invoke(NativeMethodAccessorImpl.java:62)
    at sun.reflect.DelegatingMethodAccessorImpl.invoke(DelegatingMethodAccessorImpl.java:43)
15:57:12.712 [pool-20-thread-1] INFO  xxl.java.junit.TestCasesListener - Tests run finished (17 ms)
<> Total tests run: 30
<> Ignored tests: 0
<> Failed tests: 9
~ test1(introclassJava.checksum_2c155667_003WhiteboxTest)
[expected:<...agereturn>Checksumis[]]> but was:<...agereturn>Checksumis[]>]
org.junit.ComparisonFailure: expected:<...agereturn>Checksumis[]]> but was:<...agereturn>Checksumis[]>    at org.junit.Assert.assertEquals(Assert.java:115)
    at org.junit.Assert.assertEquals(Assert.java:144)
    at introclassJava.checksum_2c155667_003WhiteboxTest.test1(checksum_2c155667_003WhiteboxTest.java:14)
    at sun.reflect.NativeMethodAccessorImpl.invoke0(Native Method)
    at sun.reflect.NativeMethodAccessorImpl.invoke(NativeMethodAccessorImpl.java:62)
    at sun.reflect.DelegatingMethodAccessorImpl.invoke(DelegatingMethodAccessorImpl.java:43)
~ test7(introclassJava.checksum_2c155667_003WhiteboxTest)
[expected:<...agereturn>Checksumis[V]> but was:<...agereturn>Checksumis[]>]
org.junit.ComparisonFailure: expected:<...agereturn>Checksumis[V]> but was:<...agereturn>Checksumis[]>    at org.junit.Assert.assertEquals(Assert.java:115)
    at org.junit.Assert.assertEquals(Assert.java:144)
    at introclassJava.checksum_2c155667_003WhiteboxTest.test7(checksum_2c155667_003WhiteboxTest.java:77)
    at sun.reflect.NativeMethodAccessorImpl.invoke0(Native Method)
    at sun.reflect.NativeMethodAccessorImpl.invoke(NativeMethodAccessorImpl.java:62)
    at sun.reflect.DelegatingMethodAccessorImpl.invoke(DelegatingMethodAccessorImpl.java:43)
~ test8(introclassJava.checksum_2c155667_003WhiteboxTest)
[expected:<...agereturn>Checksumis[X]> but was:<...agereturn>Checksumis[]>]
org.junit.ComparisonFailure: expected:<...agereturn>Checksumis[X]> but was:<...agereturn>Checksumis[]>    at org.junit.Assert.assertEquals(Assert.java:115)
    at org.junit.Assert.assertEquals(Assert.java:144)
    at introclassJava.checksum_2c155667_003WhiteboxTest.test8(checksum_2c155667_003WhiteboxTest.java:86)
    at sun.reflect.NativeMethodAccessorImpl.invoke0(Native Method)
    at sun.reflect.NativeMethodAccessorImpl.invoke(NativeMethodAccessorImpl.java:62)
    at sun.reflect.DelegatingMethodAccessorImpl.invoke(DelegatingMethodAccessorImpl.java:43)
~ test1(introclassJava.checksum_2c155667_003WhiteboxTest)
[expected:<...agereturn>Checksumis[]]> but was:<...agereturn>Checksumis[]>]
org.junit.ComparisonFailure: expected:<...agereturn>Checksumis[]]> but was:<...agereturn>Checksumis[]>    at org.junit.Assert.assertEquals(Assert.java:115)
    at org.junit.Assert.assertEquals(Assert.java:144)
    at introclassJava.checksum_2c155667_003WhiteboxTest.test1(checksum_2c155667_003WhiteboxTest.java:14)
    at sun.reflect.NativeMethodAccessorImpl.invoke0(Native Method)
    at sun.reflect.NativeMethodAccessorImpl.invoke(NativeMethodAccessorImpl.java:62)
    at sun.reflect.DelegatingMethodAccessorImpl.invoke(DelegatingMethodAccessorImpl.java:43)
~ test7(introclassJava.checksum_2c155667_003WhiteboxTest)
[expected:<...agereturn>Checksumis[V]> but was:<...agereturn>Checksumis[]>]
org.junit.ComparisonFailure: expected:<...agereturn>Checksumis[V]> but was:<...agereturn>Checksumis[]>    at org.junit.Assert.assertEquals(Assert.java:115)
    at org.junit.Assert.assertEquals(Assert.java:144)
    at introclassJava.checksum_2c155667_003WhiteboxTest.test7(checksum_2c155667_003WhiteboxTest.java:77)
    at sun.reflect.NativeMethodAccessorImpl.invoke0(Native Method)
    at sun.reflect.NativeMethodAccessorImpl.invoke(NativeMethodAccessorImpl.java:62)
    at sun.reflect.DelegatingMethodAccessorImpl.invoke(DelegatingMethodAccessorImpl.java:43)
~ test8(introclassJava.checksum_2c155667_003WhiteboxTest)
[expected:<...agereturn>Checksumis[X]> but was:<...agereturn>Checksumis[]>]
org.junit.ComparisonFailure: expected:<...agereturn>Checksumis[X]> but was:<...agereturn>Checksumis[]>    at org.junit.Assert.assertEquals(Assert.java:115)
    at org.junit.Assert.assertEquals(Assert.java:144)
    at introclassJava.checksum_2c155667_003WhiteboxTest.test8(checksum_2c155667_003WhiteboxTest.java:86)
    at sun.reflect.NativeMethodAccessorImpl.invoke0(Native Method)
    at sun.reflect.NativeMethodAccessorImpl.invoke(NativeMethodAccessorImpl.java:62)
    at sun.reflect.DelegatingMethodAccessorImpl.invoke(DelegatingMethodAccessorImpl.java:43)
~ test1(introclassJava.checksum_2c155667_003WhiteboxTest)
[expected:<...agereturn>Checksumis[]]> but was:<...agereturn>Checksumis[]>]
org.junit.ComparisonFailure: expected:<...agereturn>Checksumis[]]> but was:<...agereturn>Checksumis[]>    at org.junit.Assert.assertEquals(Assert.java:115)
    at org.junit.Assert.assertEquals(Assert.java:144)
    at introclassJava.checksum_2c155667_003WhiteboxTest.test1(checksum_2c155667_003WhiteboxTest.java:14)
    at sun.reflect.NativeMethodAccessorImpl.invoke0(Native Method)
    at sun.reflect.NativeMethodAccessorImpl.invoke(NativeMethodAccessorImpl.java:62)
    at sun.reflect.DelegatingMethodAccessorImpl.invoke(DelegatingMethodAccessorImpl.java:43)
~ test7(introclassJava.checksum_2c155667_003WhiteboxTest)
[expected:<...agereturn>Checksumis[V]> but was:<...agereturn>Checksumis[]>]
org.junit.ComparisonFailure: expected:<...agereturn>Checksumis[V]> but was:<...agereturn>Checksumis[]>    at org.junit.Assert.assertEquals(Assert.java:115)
    at org.junit.Assert.assertEquals(Assert.java:144)
    at introclassJava.checksum_2c155667_003WhiteboxTest.test7(checksum_2c155667_003WhiteboxTest.java:77)
    at sun.reflect.NativeMethodAccessorImpl.invoke0(Native Method)
    at sun.reflect.NativeMethodAccessorImpl.invoke(NativeMethodAccessorImpl.java:62)
    at sun.reflect.DelegatingMethodAccessorImpl.invoke(DelegatingMethodAccessorImpl.java:43)
~ test8(introclassJava.checksum_2c155667_003WhiteboxTest)
[expected:<...agereturn>Checksumis[X]> but was:<...agereturn>Checksumis[]>]
org.junit.ComparisonFailure: expected:<...agereturn>Checksumis[X]> but was:<...agereturn>Checksumis[]>    at org.junit.Assert.assertEquals(Assert.java:115)
    at org.junit.Assert.assertEquals(Assert.java:144)
    at introclassJava.checksum_2c155667_003WhiteboxTest.test8(checksum_2c155667_003WhiteboxTest.java:86)
    at sun.reflect.NativeMethodAccessorImpl.invoke0(Native Method)
    at sun.reflect.NativeMethodAccessorImpl.invoke(NativeMethodAccessorImpl.java:62)
    at sun.reflect.DelegatingMethodAccessorImpl.invoke(DelegatingMethodAccessorImpl.java:43)

org.junit.ComparisonFailure: expected:<...agereturn>Checksumis[X]> but was:<...agereturn>Checksumis[]>
    at org.junit.Assert.assertEquals(Assert.java:115)
    at org.junit.Assert.assertEquals(Assert.java:144)
    at introclassJava.checksum_2c155667_003WhiteboxTest.test8(checksum_2c155667_003WhiteboxTest.java:86)
    at sun.reflect.NativeMethodAccessorImpl.invoke0(Native Method)
    at sun.reflect.NativeMethodAccessorImpl.invoke(NativeMethodAccessorImpl.java:62)
    at sun.reflect.DelegatingMethodAccessorImpl.invoke(DelegatingMethodAccessorImpl.java:43)
15:57:12.832 [pool-21-thread-1] INFO  f.i.l.c.t.SpecificationTestCasesListener - Tests run finished (2 ms)
<> Total tests run: 1
<> Ignored tests: 0
<> Failed tests: 1
~ test8(introclassJava.checksum_2c155667_003WhiteboxTest)
[expected:<...agereturn>Checksumis[X]> but was:<...agereturn>Checksumis[]>]
org.junit.ComparisonFailure: expected:<...agereturn>Checksumis[X]> but was:<...agereturn>Checksumis[]>    at org.junit.Assert.assertEquals(Assert.java:115)
    at org.junit.Assert.assertEquals(Assert.java:144)
    at introclassJava.checksum_2c155667_003WhiteboxTest.test8(checksum_2c155667_003WhiteboxTest.java:86)
    at sun.reflect.NativeMethodAccessorImpl.invoke0(Native Method)
    at sun.reflect.NativeMethodAccessorImpl.invoke(NativeMethodAccessorImpl.java:62)
    at sun.reflect.DelegatingMethodAccessorImpl.invoke(DelegatingMethodAccessorImpl.java:43)

org.junit.ComparisonFailure: expected:<...agereturn>Checksumis[]]> but was:<...agereturn>Checksumis[]>
    at org.junit.Assert.assertEquals(Assert.java:115)
    at org.junit.Assert.assertEquals(Assert.java:144)
    at introclassJava.checksum_2c155667_003WhiteboxTest.test1(checksum_2c155667_003WhiteboxTest.java:14)
    at sun.reflect.NativeMethodAccessorImpl.invoke0(Native Method)
    at sun.reflect.NativeMethodAccessorImpl.invoke(NativeMethodAccessorImpl.java:62)
    at sun.reflect.DelegatingMethodAccessorImpl.invoke(DelegatingMethodAccessorImpl.java:43)
15:57:12.834 [pool-22-thread-1] INFO  f.i.l.c.t.SpecificationTestCasesListener - Tests run finished (1 ms)
<> Total tests run: 1
<> Ignored tests: 0
<> Failed tests: 1
~ test1(introclassJava.checksum_2c155667_003WhiteboxTest)
[expected:<...agereturn>Checksumis[]]> but was:<...agereturn>Checksumis[]>]
org.junit.ComparisonFailure: expected:<...agereturn>Checksumis[]]> but was:<...agereturn>Checksumis[]>    at org.junit.Assert.assertEquals(Assert.java:115)
    at org.junit.Assert.assertEquals(Assert.java:144)
    at introclassJava.checksum_2c155667_003WhiteboxTest.test1(checksum_2c155667_003WhiteboxTest.java:14)
    at sun.reflect.NativeMethodAccessorImpl.invoke0(Native Method)
    at sun.reflect.NativeMethodAccessorImpl.invoke(NativeMethodAccessorImpl.java:62)
    at sun.reflect.DelegatingMethodAccessorImpl.invoke(DelegatingMethodAccessorImpl.java:43)

org.junit.ComparisonFailure: expected:<...agereturn>Checksumis[V]> but was:<...agereturn>Checksumis[]>
    at org.junit.Assert.assertEquals(Assert.java:115)
    at org.junit.Assert.assertEquals(Assert.java:144)
    at introclassJava.checksum_2c155667_003WhiteboxTest.test7(checksum_2c155667_003WhiteboxTest.java:77)
    at sun.reflect.NativeMethodAccessorImpl.invoke0(Native Method)
    at sun.reflect.NativeMethodAccessorImpl.invoke(NativeMethodAccessorImpl.java:62)
    at sun.reflect.DelegatingMethodAccessorImpl.invoke(DelegatingMethodAccessorImpl.java:43)
15:57:12.836 [pool-23-thread-1] INFO  f.i.l.c.t.SpecificationTestCasesListener - Tests run finished (1 ms)
<> Total tests run: 1
<> Ignored tests: 0
<> Failed tests: 1
~ test7(introclassJava.checksum_2c155667_003WhiteboxTest)
[expected:<...agereturn>Checksumis[V]> but was:<...agereturn>Checksumis[]>]
org.junit.ComparisonFailure: expected:<...agereturn>Checksumis[V]> but was:<...agereturn>Checksumis[]>    at org.junit.Assert.assertEquals(Assert.java:115)
    at org.junit.Assert.assertEquals(Assert.java:144)
    at introclassJava.checksum_2c155667_003WhiteboxTest.test7(checksum_2c155667_003WhiteboxTest.java:77)
    at sun.reflect.NativeMethodAccessorImpl.invoke0(Native Method)
    at sun.reflect.NativeMethodAccessorImpl.invoke(NativeMethodAccessorImpl.java:62)
    at sun.reflect.DelegatingMethodAccessorImpl.invoke(DelegatingMethodAccessorImpl.java:43)

org.junit.ComparisonFailure: expected:<...agereturn>Checksumis[X]> but was:<...agereturn>Checksumis[]>
    at org.junit.Assert.assertEquals(Assert.java:115)
    at org.junit.Assert.assertEquals(Assert.java:144)
    at introclassJava.checksum_2c155667_003WhiteboxTest.test8(checksum_2c155667_003WhiteboxTest.java:86)
    at sun.reflect.NativeMethodAccessorImpl.invoke0(Native Method)
    at sun.reflect.NativeMethodAccessorImpl.invoke(NativeMethodAccessorImpl.java:62)
    at sun.reflect.DelegatingMethodAccessorImpl.invoke(DelegatingMethodAccessorImpl.java:43)
15:57:12.838 [pool-24-thread-1] INFO  f.i.l.c.t.SpecificationTestCasesListener - Tests run finished (1 ms)
<> Total tests run: 1
<> Ignored tests: 0
<> Failed tests: 1
~ test8(introclassJava.checksum_2c155667_003WhiteboxTest)
[expected:<...agereturn>Checksumis[X]> but was:<...agereturn>Checksumis[]>]
org.junit.ComparisonFailure: expected:<...agereturn>Checksumis[X]> but was:<...agereturn>Checksumis[]>    at org.junit.Assert.assertEquals(Assert.java:115)
    at org.junit.Assert.assertEquals(Assert.java:144)
    at introclassJava.checksum_2c155667_003WhiteboxTest.test8(checksum_2c155667_003WhiteboxTest.java:86)
    at sun.reflect.NativeMethodAccessorImpl.invoke0(Native Method)
    at sun.reflect.NativeMethodAccessorImpl.invoke(NativeMethodAccessorImpl.java:62)
    at sun.reflect.DelegatingMethodAccessorImpl.invoke(DelegatingMethodAccessorImpl.java:43)

org.junit.ComparisonFailure: expected:<...agereturn>Checksumis[]]> but was:<...agereturn>Checksumis[]>
    at org.junit.Assert.assertEquals(Assert.java:115)
    at org.junit.Assert.assertEquals(Assert.java:144)
    at introclassJava.checksum_2c155667_003WhiteboxTest.test1(checksum_2c155667_003WhiteboxTest.java:14)
    at sun.reflect.NativeMethodAccessorImpl.invoke0(Native Method)
    at sun.reflect.NativeMethodAccessorImpl.invoke(NativeMethodAccessorImpl.java:62)
    at sun.reflect.DelegatingMethodAccessorImpl.invoke(DelegatingMethodAccessorImpl.java:43)
15:57:12.840 [pool-25-thread-1] INFO  f.i.l.c.t.SpecificationTestCasesListener - Tests run finished (1 ms)
<> Total tests run: 1
<> Ignored tests: 0
<> Failed tests: 1
~ test1(introclassJava.checksum_2c155667_003WhiteboxTest)
[expected:<...agereturn>Checksumis[]]> but was:<...agereturn>Checksumis[]>]
org.junit.ComparisonFailure: expected:<...agereturn>Checksumis[]]> but was:<...agereturn>Checksumis[]>    at org.junit.Assert.assertEquals(Assert.java:115)
    at org.junit.Assert.assertEquals(Assert.java:144)
    at introclassJava.checksum_2c155667_003WhiteboxTest.test1(checksum_2c155667_003WhiteboxTest.java:14)
    at sun.reflect.NativeMethodAccessorImpl.invoke0(Native Method)
    at sun.reflect.NativeMethodAccessorImpl.invoke(NativeMethodAccessorImpl.java:62)
    at sun.reflect.DelegatingMethodAccessorImpl.invoke(DelegatingMethodAccessorImpl.java:43)

org.junit.ComparisonFailure: expected:<...agereturn>Checksumis[V]> but was:<...agereturn>Checksumis[]>
    at org.junit.Assert.assertEquals(Assert.java:115)
    at org.junit.Assert.assertEquals(Assert.java:144)
    at introclassJava.checksum_2c155667_003WhiteboxTest.test7(checksum_2c155667_003WhiteboxTest.java:77)
    at sun.reflect.NativeMethodAccessorImpl.invoke0(Native Method)
    at sun.reflect.NativeMethodAccessorImpl.invoke(NativeMethodAccessorImpl.java:62)
    at sun.reflect.DelegatingMethodAccessorImpl.invoke(DelegatingMethodAccessorImpl.java:43)
15:57:12.842 [pool-26-thread-1] INFO  f.i.l.c.t.SpecificationTestCasesListener - Tests run finished (1 ms)
<> Total tests run: 1
<> Ignored tests: 0
<> Failed tests: 1
~ test7(introclassJava.checksum_2c155667_003WhiteboxTest)
[expected:<...agereturn>Checksumis[V]> but was:<...agereturn>Checksumis[]>]
org.junit.ComparisonFailure: expected:<...agereturn>Checksumis[V]> but was:<...agereturn>Checksumis[]>    at org.junit.Assert.assertEquals(Assert.java:115)
    at org.junit.Assert.assertEquals(Assert.java:144)
    at introclassJava.checksum_2c155667_003WhiteboxTest.test7(checksum_2c155667_003WhiteboxTest.java:77)
    at sun.reflect.NativeMethodAccessorImpl.invoke0(Native Method)
    at sun.reflect.NativeMethodAccessorImpl.invoke(NativeMethodAccessorImpl.java:62)
    at sun.reflect.DelegatingMethodAccessorImpl.invoke(DelegatingMethodAccessorImpl.java:43)

15:57:12.843 [pool-19-thread-1] DEBUG tests.output - Failing tests with false: 
[test8(introclassJava.checksum_2c155667_003WhiteboxTest): expected:<...agereturn>Checksumis[X]> but was:<...agereturn>Checksumis[]>, test1(introclassJava.checksum_2c155667_003WhiteboxTest): expected:<...agereturn>Checksumis[]]> but was:<...agereturn>Checksumis[]>, test7(introclassJava.checksum_2c155667_003WhiteboxTest): expected:<...agereturn>Checksumis[V]> but was:<...agereturn>Checksumis[]>]
15:57:12.843 [pool-19-thread-1] DEBUG tests.output - Failing tests with true: 
[test8(introclassJava.checksum_2c155667_003WhiteboxTest): expected:<...agereturn>Checksumis[X]> but was:<...agereturn>Checksumis[]>, test1(introclassJava.checksum_2c155667_003WhiteboxTest): expected:<...agereturn>Checksumis[]]> but was:<...agereturn>Checksumis[]>, test7(introclassJava.checksum_2c155667_003WhiteboxTest): expected:<...agereturn>Checksumis[V]> but was:<...agereturn>Checksumis[]>]
15:57:12.844 [pool-19-thread-1] INFO  f.i.l.r.n.synth.SMTNopolSynthesizer - Not enough specifications: 0. A trivial patch is "true" or "false", please write new tests specifying SourceLocation introclassJava.checksum_2c155667_003:75.
15:57:12.844 [pool-2-thread-1] DEBUG fr.inria.lille.repair.nopol.NoPol - statement #4
15:57:12.844 [pool-2-thread-1] DEBUG fr.inria.lille.repair.nopol.NoPol - Analysing SourceLocation introclassJava.checksum_2c155667_003:73 which is executed by 16 tests
2135544680
15:57:12.901 [pool-2-thread-1] DEBUG fr.inria.lille.repair.nopol.NoPol - looking with class fr.inria.lille.repair.nopol.spoon.smt.ConditionalAdder
org.junit.ComparisonFailure: expected:<...agereturn>Checksumis[]]> but was:<...agereturn>Checksumis[]>
    at org.junit.Assert.assertEquals(Assert.java:115)
    at org.junit.Assert.assertEquals(Assert.java:144)
    at introclassJava.checksum_2c155667_003WhiteboxTest.test1(checksum_2c155667_003WhiteboxTest.java:14)
    at sun.reflect.NativeMethodAccessorImpl.invoke0(Native Method)
    at sun.reflect.NativeMethodAccessorImpl.invoke(NativeMethodAccessorImpl.java:62)
    at sun.reflect.DelegatingMethodAccessorImpl.invoke(DelegatingMethodAccessorImpl.java:43)
org.junit.ComparisonFailure: expected:<...agereturn>Checksumis[V]> but was:<...agereturn>Checksumis[]>
    at org.junit.Assert.assertEquals(Assert.java:115)
    at org.junit.Assert.assertEquals(Assert.java:144)
    at introclassJava.checksum_2c155667_003WhiteboxTest.test7(checksum_2c155667_003WhiteboxTest.java:77)
    at sun.reflect.NativeMethodAccessorImpl.invoke0(Native Method)
    at sun.reflect.NativeMethodAccessorImpl.invoke(NativeMethodAccessorImpl.java:62)
    at sun.reflect.DelegatingMethodAccessorImpl.invoke(DelegatingMethodAccessorImpl.java:43)
org.junit.ComparisonFailure: expected:<...agereturn>Checksumis[X]> but was:<...agereturn>Checksumis[]>
    at org.junit.Assert.assertEquals(Assert.java:115)
    at org.junit.Assert.assertEquals(Assert.java:144)
    at introclassJava.checksum_2c155667_003WhiteboxTest.test8(checksum_2c155667_003WhiteboxTest.java:86)
    at sun.reflect.NativeMethodAccessorImpl.invoke0(Native Method)
    at sun.reflect.NativeMethodAccessorImpl.invoke(NativeMethodAccessorImpl.java:62)
    at sun.reflect.DelegatingMethodAccessorImpl.invoke(DelegatingMethodAccessorImpl.java:43)
org.junit.ComparisonFailure: expected:<...agereturn>Checksumis[]]> but was:<...agereturn>Checksumis[]>
    at org.junit.Assert.assertEquals(Assert.java:115)
    at org.junit.Assert.assertEquals(Assert.java:144)
    at introclassJava.checksum_2c155667_003WhiteboxTest.test1(checksum_2c155667_003WhiteboxTest.java:14)
    at sun.reflect.NativeMethodAccessorImpl.invoke0(Native Method)
    at sun.reflect.NativeMethodAccessorImpl.invoke(NativeMethodAccessorImpl.java:62)
    at sun.reflect.DelegatingMethodAccessorImpl.invoke(DelegatingMethodAccessorImpl.java:43)
org.junit.ComparisonFailure: expected:<...agereturn>Checksumis[V]> but was:<...agereturn>Checksumis[]>
    at org.junit.Assert.assertEquals(Assert.java:115)
    at org.junit.Assert.assertEquals(Assert.java:144)
    at introclassJava.checksum_2c155667_003WhiteboxTest.test7(checksum_2c155667_003WhiteboxTest.java:77)
    at sun.reflect.NativeMethodAccessorImpl.invoke0(Native Method)
    at sun.reflect.NativeMethodAccessorImpl.invoke(NativeMethodAccessorImpl.java:62)
    at sun.reflect.DelegatingMethodAccessorImpl.invoke(DelegatingMethodAccessorImpl.java:43)
org.junit.ComparisonFailure: expected:<...agereturn>Checksumis[X]> but was:<...agereturn>Checksumis[]>
    at org.junit.Assert.assertEquals(Assert.java:115)
    at org.junit.Assert.assertEquals(Assert.java:144)
    at introclassJava.checksum_2c155667_003WhiteboxTest.test8(checksum_2c155667_003WhiteboxTest.java:86)
    at sun.reflect.NativeMethodAccessorImpl.invoke0(Native Method)
    at sun.reflect.NativeMethodAccessorImpl.invoke(NativeMethodAccessorImpl.java:62)
    at sun.reflect.DelegatingMethodAccessorImpl.invoke(DelegatingMethodAccessorImpl.java:43)
org.junit.ComparisonFailure: expected:<...agereturn>Checksumis[]]> but was:<...agereturn>Checksumis[]>
    at org.junit.Assert.assertEquals(Assert.java:115)
    at org.junit.Assert.assertEquals(Assert.java:144)
    at introclassJava.checksum_2c155667_003WhiteboxTest.test1(checksum_2c155667_003WhiteboxTest.java:14)
    at sun.reflect.NativeMethodAccessorImpl.invoke0(Native Method)
    at sun.reflect.NativeMethodAccessorImpl.invoke(NativeMethodAccessorImpl.java:62)
    at sun.reflect.DelegatingMethodAccessorImpl.invoke(DelegatingMethodAccessorImpl.java:43)
org.junit.ComparisonFailure: expected:<...agereturn>Checksumis[V]> but was:<...agereturn>Checksumis[]>
    at org.junit.Assert.assertEquals(Assert.java:115)
    at org.junit.Assert.assertEquals(Assert.java:144)
    at introclassJava.checksum_2c155667_003WhiteboxTest.test7(checksum_2c155667_003WhiteboxTest.java:77)
    at sun.reflect.NativeMethodAccessorImpl.invoke0(Native Method)
    at sun.reflect.NativeMethodAccessorImpl.invoke(NativeMethodAccessorImpl.java:62)
    at sun.reflect.DelegatingMethodAccessorImpl.invoke(DelegatingMethodAccessorImpl.java:43)
org.junit.ComparisonFailure: expected:<...agereturn>Checksumis[X]> but was:<...agereturn>Checksumis[]>
    at org.junit.Assert.assertEquals(Assert.java:115)
    at org.junit.Assert.assertEquals(Assert.java:144)
    at introclassJava.checksum_2c155667_003WhiteboxTest.test8(checksum_2c155667_003WhiteboxTest.java:86)
    at sun.reflect.NativeMethodAccessorImpl.invoke0(Native Method)
    at sun.reflect.NativeMethodAccessorImpl.invoke(NativeMethodAccessorImpl.java:62)
    at sun.reflect.DelegatingMethodAccessorImpl.invoke(DelegatingMethodAccessorImpl.java:43)
15:57:12.935 [pool-28-thread-1] INFO  xxl.java.junit.TestCasesListener - Tests run finished (17 ms)
<> Total tests run: 30
<> Ignored tests: 0
<> Failed tests: 9
~ test1(introclassJava.checksum_2c155667_003WhiteboxTest)
[expected:<...agereturn>Checksumis[]]> but was:<...agereturn>Checksumis[]>]
org.junit.ComparisonFailure: expected:<...agereturn>Checksumis[]]> but was:<...agereturn>Checksumis[]>    at org.junit.Assert.assertEquals(Assert.java:115)
    at org.junit.Assert.assertEquals(Assert.java:144)
    at introclassJava.checksum_2c155667_003WhiteboxTest.test1(checksum_2c155667_003WhiteboxTest.java:14)
    at sun.reflect.NativeMethodAccessorImpl.invoke0(Native Method)
    at sun.reflect.NativeMethodAccessorImpl.invoke(NativeMethodAccessorImpl.java:62)
    at sun.reflect.DelegatingMethodAccessorImpl.invoke(DelegatingMethodAccessorImpl.java:43)
~ test7(introclassJava.checksum_2c155667_003WhiteboxTest)
[expected:<...agereturn>Checksumis[V]> but was:<...agereturn>Checksumis[]>]
org.junit.ComparisonFailure: expected:<...agereturn>Checksumis[V]> but was:<...agereturn>Checksumis[]>    at org.junit.Assert.assertEquals(Assert.java:115)
    at org.junit.Assert.assertEquals(Assert.java:144)
    at introclassJava.checksum_2c155667_003WhiteboxTest.test7(checksum_2c155667_003WhiteboxTest.java:77)
    at sun.reflect.NativeMethodAccessorImpl.invoke0(Native Method)
    at sun.reflect.NativeMethodAccessorImpl.invoke(NativeMethodAccessorImpl.java:62)
    at sun.reflect.DelegatingMethodAccessorImpl.invoke(DelegatingMethodAccessorImpl.java:43)
~ test8(introclassJava.checksum_2c155667_003WhiteboxTest)
[expected:<...agereturn>Checksumis[X]> but was:<...agereturn>Checksumis[]>]
org.junit.ComparisonFailure: expected:<...agereturn>Checksumis[X]> but was:<...agereturn>Checksumis[]>    at org.junit.Assert.assertEquals(Assert.java:115)
    at org.junit.Assert.assertEquals(Assert.java:144)
    at introclassJava.checksum_2c155667_003WhiteboxTest.test8(checksum_2c155667_003WhiteboxTest.java:86)
    at sun.reflect.NativeMethodAccessorImpl.invoke0(Native Method)
    at sun.reflect.NativeMethodAccessorImpl.invoke(NativeMethodAccessorImpl.java:62)
    at sun.reflect.DelegatingMethodAccessorImpl.invoke(DelegatingMethodAccessorImpl.java:43)
~ test1(introclassJava.checksum_2c155667_003WhiteboxTest)
[expected:<...agereturn>Checksumis[]]> but was:<...agereturn>Checksumis[]>]
org.junit.ComparisonFailure: expected:<...agereturn>Checksumis[]]> but was:<...agereturn>Checksumis[]>    at org.junit.Assert.assertEquals(Assert.java:115)
    at org.junit.Assert.assertEquals(Assert.java:144)
    at introclassJava.checksum_2c155667_003WhiteboxTest.test1(checksum_2c155667_003WhiteboxTest.java:14)
    at sun.reflect.NativeMethodAccessorImpl.invoke0(Native Method)
    at sun.reflect.NativeMethodAccessorImpl.invoke(NativeMethodAccessorImpl.java:62)
    at sun.reflect.DelegatingMethodAccessorImpl.invoke(DelegatingMethodAccessorImpl.java:43)
~ test7(introclassJava.checksum_2c155667_003WhiteboxTest)
[expected:<...agereturn>Checksumis[V]> but was:<...agereturn>Checksumis[]>]
org.junit.ComparisonFailure: expected:<...agereturn>Checksumis[V]> but was:<...agereturn>Checksumis[]>    at org.junit.Assert.assertEquals(Assert.java:115)
    at org.junit.Assert.assertEquals(Assert.java:144)
    at introclassJava.checksum_2c155667_003WhiteboxTest.test7(checksum_2c155667_003WhiteboxTest.java:77)
    at sun.reflect.NativeMethodAccessorImpl.invoke0(Native Method)
    at sun.reflect.NativeMethodAccessorImpl.invoke(NativeMethodAccessorImpl.java:62)
    at sun.reflect.DelegatingMethodAccessorImpl.invoke(DelegatingMethodAccessorImpl.java:43)
~ test8(introclassJava.checksum_2c155667_003WhiteboxTest)
[expected:<...agereturn>Checksumis[X]> but was:<...agereturn>Checksumis[]>]
org.junit.ComparisonFailure: expected:<...agereturn>Checksumis[X]> but was:<...agereturn>Checksumis[]>    at org.junit.Assert.assertEquals(Assert.java:115)
    at org.junit.Assert.assertEquals(Assert.java:144)
    at introclassJava.checksum_2c155667_003WhiteboxTest.test8(checksum_2c155667_003WhiteboxTest.java:86)
    at sun.reflect.NativeMethodAccessorImpl.invoke0(Native Method)
    at sun.reflect.NativeMethodAccessorImpl.invoke(NativeMethodAccessorImpl.java:62)
    at sun.reflect.DelegatingMethodAccessorImpl.invoke(DelegatingMethodAccessorImpl.java:43)
~ test1(introclassJava.checksum_2c155667_003WhiteboxTest)
[expected:<...agereturn>Checksumis[]]> but was:<...agereturn>Checksumis[]>]
org.junit.ComparisonFailure: expected:<...agereturn>Checksumis[]]> but was:<...agereturn>Checksumis[]>    at org.junit.Assert.assertEquals(Assert.java:115)
    at org.junit.Assert.assertEquals(Assert.java:144)
    at introclassJava.checksum_2c155667_003WhiteboxTest.test1(checksum_2c155667_003WhiteboxTest.java:14)
    at sun.reflect.NativeMethodAccessorImpl.invoke0(Native Method)
    at sun.reflect.NativeMethodAccessorImpl.invoke(NativeMethodAccessorImpl.java:62)
    at sun.reflect.DelegatingMethodAccessorImpl.invoke(DelegatingMethodAccessorImpl.java:43)
~ test7(introclassJava.checksum_2c155667_003WhiteboxTest)
[expected:<...agereturn>Checksumis[V]> but was:<...agereturn>Checksumis[]>]
org.junit.ComparisonFailure: expected:<...agereturn>Checksumis[V]> but was:<...agereturn>Checksumis[]>    at org.junit.Assert.assertEquals(Assert.java:115)
    at org.junit.Assert.assertEquals(Assert.java:144)
    at introclassJava.checksum_2c155667_003WhiteboxTest.test7(checksum_2c155667_003WhiteboxTest.java:77)
    at sun.reflect.NativeMethodAccessorImpl.invoke0(Native Method)
    at sun.reflect.NativeMethodAccessorImpl.invoke(NativeMethodAccessorImpl.java:62)
    at sun.reflect.DelegatingMethodAccessorImpl.invoke(DelegatingMethodAccessorImpl.java:43)
~ test8(introclassJava.checksum_2c155667_003WhiteboxTest)
[expected:<...agereturn>Checksumis[X]> but was:<...agereturn>Checksumis[]>]
org.junit.ComparisonFailure: expected:<...agereturn>Checksumis[X]> but was:<...agereturn>Checksumis[]>    at org.junit.Assert.assertEquals(Assert.java:115)
    at org.junit.Assert.assertEquals(Assert.java:144)
    at introclassJava.checksum_2c155667_003WhiteboxTest.test8(checksum_2c155667_003WhiteboxTest.java:86)
    at sun.reflect.NativeMethodAccessorImpl.invoke0(Native Method)
    at sun.reflect.NativeMethodAccessorImpl.invoke(NativeMethodAccessorImpl.java:62)
    at sun.reflect.DelegatingMethodAccessorImpl.invoke(DelegatingMethodAccessorImpl.java:43)

org.junit.ComparisonFailure: expected:<...agereturn>Checksumis[X]> but was:<...agereturn>Checksumis[]>
    at org.junit.Assert.assertEquals(Assert.java:115)
    at org.junit.Assert.assertEquals(Assert.java:144)
    at introclassJava.checksum_2c155667_003WhiteboxTest.test8(checksum_2c155667_003WhiteboxTest.java:86)
    at sun.reflect.NativeMethodAccessorImpl.invoke0(Native Method)
    at sun.reflect.NativeMethodAccessorImpl.invoke(NativeMethodAccessorImpl.java:62)
    at sun.reflect.DelegatingMethodAccessorImpl.invoke(DelegatingMethodAccessorImpl.java:43)
15:57:13.043 [pool-29-thread-1] INFO  f.i.l.c.t.SpecificationTestCasesListener - Tests run finished (3 ms)
<> Total tests run: 1
<> Ignored tests: 0
<> Failed tests: 1
~ test8(introclassJava.checksum_2c155667_003WhiteboxTest)
[expected:<...agereturn>Checksumis[X]> but was:<...agereturn>Checksumis[]>]
org.junit.ComparisonFailure: expected:<...agereturn>Checksumis[X]> but was:<...agereturn>Checksumis[]>    at org.junit.Assert.assertEquals(Assert.java:115)
    at org.junit.Assert.assertEquals(Assert.java:144)
    at introclassJava.checksum_2c155667_003WhiteboxTest.test8(checksum_2c155667_003WhiteboxTest.java:86)
    at sun.reflect.NativeMethodAccessorImpl.invoke0(Native Method)
    at sun.reflect.NativeMethodAccessorImpl.invoke(NativeMethodAccessorImpl.java:62)
    at sun.reflect.DelegatingMethodAccessorImpl.invoke(DelegatingMethodAccessorImpl.java:43)

org.junit.ComparisonFailure: expected:<...agereturn>Checksumis[]]> but was:<...agereturn>Checksumis[]>
    at org.junit.Assert.assertEquals(Assert.java:115)
    at org.junit.Assert.assertEquals(Assert.java:144)
    at introclassJava.checksum_2c155667_003WhiteboxTest.test1(checksum_2c155667_003WhiteboxTest.java:14)
    at sun.reflect.NativeMethodAccessorImpl.invoke0(Native Method)
    at sun.reflect.NativeMethodAccessorImpl.invoke(NativeMethodAccessorImpl.java:62)
    at sun.reflect.DelegatingMethodAccessorImpl.invoke(DelegatingMethodAccessorImpl.java:43)
15:57:13.045 [pool-30-thread-1] INFO  f.i.l.c.t.SpecificationTestCasesListener - Tests run finished (1 ms)
<> Total tests run: 1
<> Ignored tests: 0
<> Failed tests: 1
~ test1(introclassJava.checksum_2c155667_003WhiteboxTest)
[expected:<...agereturn>Checksumis[]]> but was:<...agereturn>Checksumis[]>]
org.junit.ComparisonFailure: expected:<...agereturn>Checksumis[]]> but was:<...agereturn>Checksumis[]>    at org.junit.Assert.assertEquals(Assert.java:115)
    at org.junit.Assert.assertEquals(Assert.java:144)
    at introclassJava.checksum_2c155667_003WhiteboxTest.test1(checksum_2c155667_003WhiteboxTest.java:14)
    at sun.reflect.NativeMethodAccessorImpl.invoke0(Native Method)
    at sun.reflect.NativeMethodAccessorImpl.invoke(NativeMethodAccessorImpl.java:62)
    at sun.reflect.DelegatingMethodAccessorImpl.invoke(DelegatingMethodAccessorImpl.java:43)

org.junit.ComparisonFailure: expected:<...agereturn>Checksumis[V]> but was:<...agereturn>Checksumis[]>
    at org.junit.Assert.assertEquals(Assert.java:115)
    at org.junit.Assert.assertEquals(Assert.java:144)
    at introclassJava.checksum_2c155667_003WhiteboxTest.test7(checksum_2c155667_003WhiteboxTest.java:77)
    at sun.reflect.NativeMethodAccessorImpl.invoke0(Native Method)
    at sun.reflect.NativeMethodAccessorImpl.invoke(NativeMethodAccessorImpl.java:62)
    at sun.reflect.DelegatingMethodAccessorImpl.invoke(DelegatingMethodAccessorImpl.java:43)
15:57:13.047 [pool-31-thread-1] INFO  f.i.l.c.t.SpecificationTestCasesListener - Tests run finished (1 ms)
<> Total tests run: 1
<> Ignored tests: 0
<> Failed tests: 1
~ test7(introclassJava.checksum_2c155667_003WhiteboxTest)
[expected:<...agereturn>Checksumis[V]> but was:<...agereturn>Checksumis[]>]
org.junit.ComparisonFailure: expected:<...agereturn>Checksumis[V]> but was:<...agereturn>Checksumis[]>    at org.junit.Assert.assertEquals(Assert.java:115)
    at org.junit.Assert.assertEquals(Assert.java:144)
    at introclassJava.checksum_2c155667_003WhiteboxTest.test7(checksum_2c155667_003WhiteboxTest.java:77)
    at sun.reflect.NativeMethodAccessorImpl.invoke0(Native Method)
    at sun.reflect.NativeMethodAccessorImpl.invoke(NativeMethodAccessorImpl.java:62)
    at sun.reflect.DelegatingMethodAccessorImpl.invoke(DelegatingMethodAccessorImpl.java:43)

org.junit.ComparisonFailure: expected:<...agereturn>Checksumis[X]> but was:<...agereturn>Checksumis[]>
    at org.junit.Assert.assertEquals(Assert.java:115)
    at org.junit.Assert.assertEquals(Assert.java:144)
    at introclassJava.checksum_2c155667_003WhiteboxTest.test8(checksum_2c155667_003WhiteboxTest.java:86)
    at sun.reflect.NativeMethodAccessorImpl.invoke0(Native Method)
    at sun.reflect.NativeMethodAccessorImpl.invoke(NativeMethodAccessorImpl.java:62)
    at sun.reflect.DelegatingMethodAccessorImpl.invoke(DelegatingMethodAccessorImpl.java:43)
15:57:13.049 [pool-32-thread-1] INFO  f.i.l.c.t.SpecificationTestCasesListener - Tests run finished (1 ms)
<> Total tests run: 1
<> Ignored tests: 0
<> Failed tests: 1
~ test8(introclassJava.checksum_2c155667_003WhiteboxTest)
[expected:<...agereturn>Checksumis[X]> but was:<...agereturn>Checksumis[]>]
org.junit.ComparisonFailure: expected:<...agereturn>Checksumis[X]> but was:<...agereturn>Checksumis[]>    at org.junit.Assert.assertEquals(Assert.java:115)
    at org.junit.Assert.assertEquals(Assert.java:144)
    at introclassJava.checksum_2c155667_003WhiteboxTest.test8(checksum_2c155667_003WhiteboxTest.java:86)
    at sun.reflect.NativeMethodAccessorImpl.invoke0(Native Method)
    at sun.reflect.NativeMethodAccessorImpl.invoke(NativeMethodAccessorImpl.java:62)
    at sun.reflect.DelegatingMethodAccessorImpl.invoke(DelegatingMethodAccessorImpl.java:43)

org.junit.ComparisonFailure: expected:<...agereturn>Checksumis[]]> but was:<...agereturn>Checksumis[]>
    at org.junit.Assert.assertEquals(Assert.java:115)
    at org.junit.Assert.assertEquals(Assert.java:144)
    at introclassJava.checksum_2c155667_003WhiteboxTest.test1(checksum_2c155667_003WhiteboxTest.java:14)
    at sun.reflect.NativeMethodAccessorImpl.invoke0(Native Method)
    at sun.reflect.NativeMethodAccessorImpl.invoke(NativeMethodAccessorImpl.java:62)
    at sun.reflect.DelegatingMethodAccessorImpl.invoke(DelegatingMethodAccessorImpl.java:43)
15:57:13.056 [pool-33-thread-1] INFO  f.i.l.c.t.SpecificationTestCasesListener - Tests run finished (6 ms)
<> Total tests run: 1
<> Ignored tests: 0
<> Failed tests: 1
~ test1(introclassJava.checksum_2c155667_003WhiteboxTest)
[expected:<...agereturn>Checksumis[]]> but was:<...agereturn>Checksumis[]>]
org.junit.ComparisonFailure: expected:<...agereturn>Checksumis[]]> but was:<...agereturn>Checksumis[]>    at org.junit.Assert.assertEquals(Assert.java:115)
    at org.junit.Assert.assertEquals(Assert.java:144)
    at introclassJava.checksum_2c155667_003WhiteboxTest.test1(checksum_2c155667_003WhiteboxTest.java:14)
    at sun.reflect.NativeMethodAccessorImpl.invoke0(Native Method)
    at sun.reflect.NativeMethodAccessorImpl.invoke(NativeMethodAccessorImpl.java:62)
    at sun.reflect.DelegatingMethodAccessorImpl.invoke(DelegatingMethodAccessorImpl.java:43)

org.junit.ComparisonFailure: expected:<...agereturn>Checksumis[V]> but was:<...agereturn>Checksumis[]>
    at org.junit.Assert.assertEquals(Assert.java:115)
    at org.junit.Assert.assertEquals(Assert.java:144)
    at introclassJava.checksum_2c155667_003WhiteboxTest.test7(checksum_2c155667_003WhiteboxTest.java:77)
    at sun.reflect.NativeMethodAccessorImpl.invoke0(Native Method)
    at sun.reflect.NativeMethodAccessorImpl.invoke(NativeMethodAccessorImpl.java:62)
    at sun.reflect.DelegatingMethodAccessorImpl.invoke(DelegatingMethodAccessorImpl.java:43)
15:57:13.058 [pool-34-thread-1] INFO  f.i.l.c.t.SpecificationTestCasesListener - Tests run finished (1 ms)
<> Total tests run: 1
<> Ignored tests: 0
<> Failed tests: 1
~ test7(introclassJava.checksum_2c155667_003WhiteboxTest)
[expected:<...agereturn>Checksumis[V]> but was:<...agereturn>Checksumis[]>]
org.junit.ComparisonFailure: expected:<...agereturn>Checksumis[V]> but was:<...agereturn>Checksumis[]>    at org.junit.Assert.assertEquals(Assert.java:115)
    at org.junit.Assert.assertEquals(Assert.java:144)
    at introclassJava.checksum_2c155667_003WhiteboxTest.test7(checksum_2c155667_003WhiteboxTest.java:77)
    at sun.reflect.NativeMethodAccessorImpl.invoke0(Native Method)
    at sun.reflect.NativeMethodAccessorImpl.invoke(NativeMethodAccessorImpl.java:62)
    at sun.reflect.DelegatingMethodAccessorImpl.invoke(DelegatingMethodAccessorImpl.java:43)

15:57:13.059 [pool-27-thread-1] DEBUG tests.output - Failing tests with false: 
[test8(introclassJava.checksum_2c155667_003WhiteboxTest): expected:<...agereturn>Checksumis[X]> but was:<...agereturn>Checksumis[]>, test1(introclassJava.checksum_2c155667_003WhiteboxTest): expected:<...agereturn>Checksumis[]]> but was:<...agereturn>Checksumis[]>, test7(introclassJava.checksum_2c155667_003WhiteboxTest): expected:<...agereturn>Checksumis[V]> but was:<...agereturn>Checksumis[]>]
15:57:13.059 [pool-27-thread-1] DEBUG tests.output - Failing tests with true: 
[test8(introclassJava.checksum_2c155667_003WhiteboxTest): expected:<...agereturn>Checksumis[X]> but was:<...agereturn>Checksumis[]>, test1(introclassJava.checksum_2c155667_003WhiteboxTest): expected:<...agereturn>Checksumis[]]> but was:<...agereturn>Checksumis[]>, test7(introclassJava.checksum_2c155667_003WhiteboxTest): expected:<...agereturn>Checksumis[V]> but was:<...agereturn>Checksumis[]>]
15:57:13.059 [pool-27-thread-1] INFO  f.i.l.r.n.synth.SMTNopolSynthesizer - Not enough specifications: 0. A trivial patch is "true" or "false", please write new tests specifying SourceLocation introclassJava.checksum_2c155667_003:73.
15:57:13.059 [pool-2-thread-1] DEBUG fr.inria.lille.repair.nopol.NoPol - statement #5
15:57:13.059 [pool-2-thread-1] DEBUG fr.inria.lille.repair.nopol.NoPol - Analysing SourceLocation introclassJava.checksum_2c155667_003:71 which is executed by 16 tests
2135544680
15:57:13.104 [pool-2-thread-1] DEBUG fr.inria.lille.repair.nopol.NoPol - looking with class fr.inria.lille.repair.nopol.spoon.smt.ConditionalAdder
org.junit.ComparisonFailure: expected:<...agereturn>Checksumis[]]> but was:<...agereturn>Checksumis[]>
    at org.junit.Assert.assertEquals(Assert.java:115)
    at org.junit.Assert.assertEquals(Assert.java:144)
    at introclassJava.checksum_2c155667_003WhiteboxTest.test1(checksum_2c155667_003WhiteboxTest.java:14)
    at sun.reflect.NativeMethodAccessorImpl.invoke0(Native Method)
    at sun.reflect.NativeMethodAccessorImpl.invoke(NativeMethodAccessorImpl.java:62)
    at sun.reflect.DelegatingMethodAccessorImpl.invoke(DelegatingMethodAccessorImpl.java:43)
org.junit.ComparisonFailure: expected:<...agereturn>Checksumis[V]> but was:<...agereturn>Checksumis[]>
    at org.junit.Assert.assertEquals(Assert.java:115)
    at org.junit.Assert.assertEquals(Assert.java:144)
    at introclassJava.checksum_2c155667_003WhiteboxTest.test7(checksum_2c155667_003WhiteboxTest.java:77)
    at sun.reflect.NativeMethodAccessorImpl.invoke0(Native Method)
    at sun.reflect.NativeMethodAccessorImpl.invoke(NativeMethodAccessorImpl.java:62)
    at sun.reflect.DelegatingMethodAccessorImpl.invoke(DelegatingMethodAccessorImpl.java:43)
org.junit.ComparisonFailure: expected:<...agereturn>Checksumis[X]> but was:<...agereturn>Checksumis[]>
    at org.junit.Assert.assertEquals(Assert.java:115)
    at org.junit.Assert.assertEquals(Assert.java:144)
    at introclassJava.checksum_2c155667_003WhiteboxTest.test8(checksum_2c155667_003WhiteboxTest.java:86)
    at sun.reflect.NativeMethodAccessorImpl.invoke0(Native Method)
    at sun.reflect.NativeMethodAccessorImpl.invoke(NativeMethodAccessorImpl.java:62)
    at sun.reflect.DelegatingMethodAccessorImpl.invoke(DelegatingMethodAccessorImpl.java:43)
org.junit.ComparisonFailure: expected:<...agereturn>Checksumis[]]> but was:<...agereturn>Checksumis[]>
    at org.junit.Assert.assertEquals(Assert.java:115)
    at org.junit.Assert.assertEquals(Assert.java:144)
    at introclassJava.checksum_2c155667_003WhiteboxTest.test1(checksum_2c155667_003WhiteboxTest.java:14)
    at sun.reflect.NativeMethodAccessorImpl.invoke0(Native Method)
    at sun.reflect.NativeMethodAccessorImpl.invoke(NativeMethodAccessorImpl.java:62)
    at sun.reflect.DelegatingMethodAccessorImpl.invoke(DelegatingMethodAccessorImpl.java:43)
org.junit.ComparisonFailure: expected:<...agereturn>Checksumis[V]> but was:<...agereturn>Checksumis[]>
    at org.junit.Assert.assertEquals(Assert.java:115)
    at org.junit.Assert.assertEquals(Assert.java:144)
    at introclassJava.checksum_2c155667_003WhiteboxTest.test7(checksum_2c155667_003WhiteboxTest.java:77)
    at sun.reflect.NativeMethodAccessorImpl.invoke0(Native Method)
    at sun.reflect.NativeMethodAccessorImpl.invoke(NativeMethodAccessorImpl.java:62)
    at sun.reflect.DelegatingMethodAccessorImpl.invoke(DelegatingMethodAccessorImpl.java:43)
org.junit.ComparisonFailure: expected:<...agereturn>Checksumis[X]> but was:<...agereturn>Checksumis[]>
    at org.junit.Assert.assertEquals(Assert.java:115)
    at org.junit.Assert.assertEquals(Assert.java:144)
    at introclassJava.checksum_2c155667_003WhiteboxTest.test8(checksum_2c155667_003WhiteboxTest.java:86)
    at sun.reflect.NativeMethodAccessorImpl.invoke0(Native Method)
    at sun.reflect.NativeMethodAccessorImpl.invoke(NativeMethodAccessorImpl.java:62)
    at sun.reflect.DelegatingMethodAccessorImpl.invoke(DelegatingMethodAccessorImpl.java:43)
org.junit.ComparisonFailure: expected:<...agereturn>Checksumis[]]> but was:<...agereturn>Checksumis[]>
    at org.junit.Assert.assertEquals(Assert.java:115)
    at org.junit.Assert.assertEquals(Assert.java:144)
    at introclassJava.checksum_2c155667_003WhiteboxTest.test1(checksum_2c155667_003WhiteboxTest.java:14)
    at sun.reflect.NativeMethodAccessorImpl.invoke0(Native Method)
    at sun.reflect.NativeMethodAccessorImpl.invoke(NativeMethodAccessorImpl.java:62)
    at sun.reflect.DelegatingMethodAccessorImpl.invoke(DelegatingMethodAccessorImpl.java:43)
org.junit.ComparisonFailure: expected:<...agereturn>Checksumis[V]> but was:<...agereturn>Checksumis[]>
    at org.junit.Assert.assertEquals(Assert.java:115)
    at org.junit.Assert.assertEquals(Assert.java:144)
    at introclassJava.checksum_2c155667_003WhiteboxTest.test7(checksum_2c155667_003WhiteboxTest.java:77)
    at sun.reflect.NativeMethodAccessorImpl.invoke0(Native Method)
    at sun.reflect.NativeMethodAccessorImpl.invoke(NativeMethodAccessorImpl.java:62)
    at sun.reflect.DelegatingMethodAccessorImpl.invoke(DelegatingMethodAccessorImpl.java:43)
org.junit.ComparisonFailure: expected:<...agereturn>Checksumis[X]> but was:<...agereturn>Checksumis[]>
    at org.junit.Assert.assertEquals(Assert.java:115)
    at org.junit.Assert.assertEquals(Assert.java:144)
    at introclassJava.checksum_2c155667_003WhiteboxTest.test8(checksum_2c155667_003WhiteboxTest.java:86)
    at sun.reflect.NativeMethodAccessorImpl.invoke0(Native Method)
    at sun.reflect.NativeMethodAccessorImpl.invoke(NativeMethodAccessorImpl.java:62)
    at sun.reflect.DelegatingMethodAccessorImpl.invoke(DelegatingMethodAccessorImpl.java:43)
15:57:13.121 [pool-36-thread-1] INFO  xxl.java.junit.TestCasesListener - Tests run finished (15 ms)
<> Total tests run: 30
<> Ignored tests: 0
<> Failed tests: 9
~ test1(introclassJava.checksum_2c155667_003WhiteboxTest)
[expected:<...agereturn>Checksumis[]]> but was:<...agereturn>Checksumis[]>]
org.junit.ComparisonFailure: expected:<...agereturn>Checksumis[]]> but was:<...agereturn>Checksumis[]>    at org.junit.Assert.assertEquals(Assert.java:115)
    at org.junit.Assert.assertEquals(Assert.java:144)
    at introclassJava.checksum_2c155667_003WhiteboxTest.test1(checksum_2c155667_003WhiteboxTest.java:14)
    at sun.reflect.NativeMethodAccessorImpl.invoke0(Native Method)
    at sun.reflect.NativeMethodAccessorImpl.invoke(NativeMethodAccessorImpl.java:62)
    at sun.reflect.DelegatingMethodAccessorImpl.invoke(DelegatingMethodAccessorImpl.java:43)
~ test7(introclassJava.checksum_2c155667_003WhiteboxTest)
[expected:<...agereturn>Checksumis[V]> but was:<...agereturn>Checksumis[]>]
org.junit.ComparisonFailure: expected:<...agereturn>Checksumis[V]> but was:<...agereturn>Checksumis[]>    at org.junit.Assert.assertEquals(Assert.java:115)
    at org.junit.Assert.assertEquals(Assert.java:144)
    at introclassJava.checksum_2c155667_003WhiteboxTest.test7(checksum_2c155667_003WhiteboxTest.java:77)
    at sun.reflect.NativeMethodAccessorImpl.invoke0(Native Method)
    at sun.reflect.NativeMethodAccessorImpl.invoke(NativeMethodAccessorImpl.java:62)
    at sun.reflect.DelegatingMethodAccessorImpl.invoke(DelegatingMethodAccessorImpl.java:43)
~ test8(introclassJava.checksum_2c155667_003WhiteboxTest)
[expected:<...agereturn>Checksumis[X]> but was:<...agereturn>Checksumis[]>]
org.junit.ComparisonFailure: expected:<...agereturn>Checksumis[X]> but was:<...agereturn>Checksumis[]>    at org.junit.Assert.assertEquals(Assert.java:115)
    at org.junit.Assert.assertEquals(Assert.java:144)
    at introclassJava.checksum_2c155667_003WhiteboxTest.test8(checksum_2c155667_003WhiteboxTest.java:86)
    at sun.reflect.NativeMethodAccessorImpl.invoke0(Native Method)
    at sun.reflect.NativeMethodAccessorImpl.invoke(NativeMethodAccessorImpl.java:62)
    at sun.reflect.DelegatingMethodAccessorImpl.invoke(DelegatingMethodAccessorImpl.java:43)
~ test1(introclassJava.checksum_2c155667_003WhiteboxTest)
[expected:<...agereturn>Checksumis[]]> but was:<...agereturn>Checksumis[]>]
org.junit.ComparisonFailure: expected:<...agereturn>Checksumis[]]> but was:<...agereturn>Checksumis[]>    at org.junit.Assert.assertEquals(Assert.java:115)
    at org.junit.Assert.assertEquals(Assert.java:144)
    at introclassJava.checksum_2c155667_003WhiteboxTest.test1(checksum_2c155667_003WhiteboxTest.java:14)
    at sun.reflect.NativeMethodAccessorImpl.invoke0(Native Method)
    at sun.reflect.NativeMethodAccessorImpl.invoke(NativeMethodAccessorImpl.java:62)
    at sun.reflect.DelegatingMethodAccessorImpl.invoke(DelegatingMethodAccessorImpl.java:43)
~ test7(introclassJava.checksum_2c155667_003WhiteboxTest)
[expected:<...agereturn>Checksumis[V]> but was:<...agereturn>Checksumis[]>]
org.junit.ComparisonFailure: expected:<...agereturn>Checksumis[V]> but was:<...agereturn>Checksumis[]>    at org.junit.Assert.assertEquals(Assert.java:115)
    at org.junit.Assert.assertEquals(Assert.java:144)
    at introclassJava.checksum_2c155667_003WhiteboxTest.test7(checksum_2c155667_003WhiteboxTest.java:77)
    at sun.reflect.NativeMethodAccessorImpl.invoke0(Native Method)
    at sun.reflect.NativeMethodAccessorImpl.invoke(NativeMethodAccessorImpl.java:62)
    at sun.reflect.DelegatingMethodAccessorImpl.invoke(DelegatingMethodAccessorImpl.java:43)
~ test8(introclassJava.checksum_2c155667_003WhiteboxTest)
[expected:<...agereturn>Checksumis[X]> but was:<...agereturn>Checksumis[]>]
org.junit.ComparisonFailure: expected:<...agereturn>Checksumis[X]> but was:<...agereturn>Checksumis[]>    at org.junit.Assert.assertEquals(Assert.java:115)
    at org.junit.Assert.assertEquals(Assert.java:144)
    at introclassJava.checksum_2c155667_003WhiteboxTest.test8(checksum_2c155667_003WhiteboxTest.java:86)
    at sun.reflect.NativeMethodAccessorImpl.invoke0(Native Method)
    at sun.reflect.NativeMethodAccessorImpl.invoke(NativeMethodAccessorImpl.java:62)
    at sun.reflect.DelegatingMethodAccessorImpl.invoke(DelegatingMethodAccessorImpl.java:43)
~ test1(introclassJava.checksum_2c155667_003WhiteboxTest)
[expected:<...agereturn>Checksumis[]]> but was:<...agereturn>Checksumis[]>]
org.junit.ComparisonFailure: expected:<...agereturn>Checksumis[]]> but was:<...agereturn>Checksumis[]>    at org.junit.Assert.assertEquals(Assert.java:115)
    at org.junit.Assert.assertEquals(Assert.java:144)
    at introclassJava.checksum_2c155667_003WhiteboxTest.test1(checksum_2c155667_003WhiteboxTest.java:14)
    at sun.reflect.NativeMethodAccessorImpl.invoke0(Native Method)
    at sun.reflect.NativeMethodAccessorImpl.invoke(NativeMethodAccessorImpl.java:62)
    at sun.reflect.DelegatingMethodAccessorImpl.invoke(DelegatingMethodAccessorImpl.java:43)
~ test7(introclassJava.checksum_2c155667_003WhiteboxTest)
[expected:<...agereturn>Checksumis[V]> but was:<...agereturn>Checksumis[]>]
org.junit.ComparisonFailure: expected:<...agereturn>Checksumis[V]> but was:<...agereturn>Checksumis[]>    at org.junit.Assert.assertEquals(Assert.java:115)
    at org.junit.Assert.assertEquals(Assert.java:144)
    at introclassJava.checksum_2c155667_003WhiteboxTest.test7(checksum_2c155667_003WhiteboxTest.java:77)
    at sun.reflect.NativeMethodAccessorImpl.invoke0(Native Method)
    at sun.reflect.NativeMethodAccessorImpl.invoke(NativeMethodAccessorImpl.java:62)
    at sun.reflect.DelegatingMethodAccessorImpl.invoke(DelegatingMethodAccessorImpl.java:43)
~ test8(introclassJava.checksum_2c155667_003WhiteboxTest)
[expected:<...agereturn>Checksumis[X]> but was:<...agereturn>Checksumis[]>]
org.junit.ComparisonFailure: expected:<...agereturn>Checksumis[X]> but was:<...agereturn>Checksumis[]>    at org.junit.Assert.assertEquals(Assert.java:115)
    at org.junit.Assert.assertEquals(Assert.java:144)
    at introclassJava.checksum_2c155667_003WhiteboxTest.test8(checksum_2c155667_003WhiteboxTest.java:86)
    at sun.reflect.NativeMethodAccessorImpl.invoke0(Native Method)
    at sun.reflect.NativeMethodAccessorImpl.invoke(NativeMethodAccessorImpl.java:62)
    at sun.reflect.DelegatingMethodAccessorImpl.invoke(DelegatingMethodAccessorImpl.java:43)

java.lang.Exception: test timed out after 1000 milliseconds
    at java.lang.String.intern(Native Method)
    at fr.inria.lille.commons.trace.collector.ValueCollector.collectWith(ValueCollector.java:31)
    at fr.inria.lille.commons.trace.collector.ValueCollector.collectFrom(ValueCollector.java:21)
    at fr.inria.lille.commons.trace.RuntimeValues.collectInput(RuntimeValues.java:89)
    at introclassJava.checksum_2c155667_003.exec(checksum_2c155667_003.java:40)
    at introclassJava.checksum_2c155667_003WhiteboxTest.test8(checksum_2c155667_003WhiteboxTest.java:84)
15:57:14.220 [pool-37-thread-1] INFO  f.i.l.c.t.SpecificationTestCasesListener - Tests run finished (1001 ms)
<> Total tests run: 1
<> Ignored tests: 0
<> Failed tests: 1
~ test8(introclassJava.checksum_2c155667_003WhiteboxTest)
[test timed out after 1000 milliseconds]
java.lang.Exception: test timed out after 1000 milliseconds    at java.lang.String.intern(Native Method)
    at fr.inria.lille.commons.trace.collector.ValueCollector.collectWith(ValueCollector.java:31)
    at fr.inria.lille.commons.trace.collector.ValueCollector.collectFrom(ValueCollector.java:21)
    at fr.inria.lille.commons.trace.RuntimeValues.collectInput(RuntimeValues.java:89)
    at introclassJava.checksum_2c155667_003.exec(checksum_2c155667_003.java:40)
    at introclassJava.checksum_2c155667_003WhiteboxTest.test8(checksum_2c155667_003WhiteboxTest.java:84)

java.lang.Exception: test timed out after 1000 milliseconds
    at java.lang.String.intern(Native Method)
    at fr.inria.lille.commons.trace.collector.ValueCollector.collectWith(ValueCollector.java:31)
    at fr.inria.lille.commons.trace.collector.ValueCollector.collectFrom(ValueCollector.java:21)
    at fr.inria.lille.commons.trace.RuntimeValues.collectInput(RuntimeValues.java:89)
    at introclassJava.checksum_2c155667_003.exec(checksum_2c155667_003.java:40)
    at introclassJava.checksum_2c155667_003WhiteboxTest.test1(checksum_2c155667_003WhiteboxTest.java:12)
15:57:15.232 [pool-38-thread-1] INFO  f.i.l.c.t.SpecificationTestCasesListener - Tests run finished (1011 ms)
<> Total tests run: 1
<> Ignored tests: 0
<> Failed tests: 1
~ test1(introclassJava.checksum_2c155667_003WhiteboxTest)
[test timed out after 1000 milliseconds]
java.lang.Exception: test timed out after 1000 milliseconds    at java.lang.String.intern(Native Method)
    at fr.inria.lille.commons.trace.collector.ValueCollector.collectWith(ValueCollector.java:31)
    at fr.inria.lille.commons.trace.collector.ValueCollector.collectFrom(ValueCollector.java:21)
    at fr.inria.lille.commons.trace.RuntimeValues.collectInput(RuntimeValues.java:89)
    at introclassJava.checksum_2c155667_003.exec(checksum_2c155667_003.java:40)
    at introclassJava.checksum_2c155667_003WhiteboxTest.test1(checksum_2c155667_003WhiteboxTest.java:12)

java.lang.Exception: test timed out after 1000 milliseconds
    at xxl.java.support.Lockable.acquiresLock(Lockable.java:21)
    at xxl.java.support.Lockable.acquire(Lockable.java:13)
    at xxl.java.support.GlobalToggle.acquireToggle(GlobalToggle.java:67)
    at fr.inria.lille.commons.trace.RuntimeValues.collectionStarts(RuntimeValues.java:55)
    at introclassJava.checksum_2c155667_003.exec(checksum_2c155667_003.java:36)
    at introclassJava.checksum_2c155667_003WhiteboxTest.test7(checksum_2c155667_003WhiteboxTest.java:75)
15:57:16.244 [pool-39-thread-1] INFO  f.i.l.c.t.SpecificationTestCasesListener - Tests run finished (1010 ms)
<> Total tests run: 1
<> Ignored tests: 0
<> Failed tests: 1
~ test7(introclassJava.checksum_2c155667_003WhiteboxTest)
[test timed out after 1000 milliseconds]
java.lang.Exception: test timed out after 1000 milliseconds    at xxl.java.support.Lockable.acquiresLock(Lockable.java:21)
    at xxl.java.support.Lockable.acquire(Lockable.java:13)
    at xxl.java.support.GlobalToggle.acquireToggle(GlobalToggle.java:67)
    at fr.inria.lille.commons.trace.RuntimeValues.collectionStarts(RuntimeValues.java:55)
    at introclassJava.checksum_2c155667_003.exec(checksum_2c155667_003.java:36)
    at introclassJava.checksum_2c155667_003WhiteboxTest.test7(checksum_2c155667_003WhiteboxTest.java:75)

org.junit.ComparisonFailure: expected:<...agereturn>Checksumis[X]> but was:<...agereturn>Checksumis[]>
    at org.junit.Assert.assertEquals(Assert.java:115)
    at org.junit.Assert.assertEquals(Assert.java:144)
    at introclassJava.checksum_2c155667_003WhiteboxTest.test8(checksum_2c155667_003WhiteboxTest.java:86)
    at sun.reflect.NativeMethodAccessorImpl.invoke0(Native Method)
    at sun.reflect.NativeMethodAccessorImpl.invoke(NativeMethodAccessorImpl.java:62)
    at sun.reflect.DelegatingMethodAccessorImpl.invoke(DelegatingMethodAccessorImpl.java:43)
15:57:16.257 [pool-40-thread-1] INFO  f.i.l.c.t.SpecificationTestCasesListener - Tests run finished (12 ms)
<> Total tests run: 1
<> Ignored tests: 0
<> Failed tests: 1
~ test8(introclassJava.checksum_2c155667_003WhiteboxTest)
[expected:<...agereturn>Checksumis[X]> but was:<...agereturn>Checksumis[]>]
org.junit.ComparisonFailure: expected:<...agereturn>Checksumis[X]> but was:<...agereturn>Checksumis[]>    at org.junit.Assert.assertEquals(Assert.java:115)
    at org.junit.Assert.assertEquals(Assert.java:144)
    at introclassJava.checksum_2c155667_003WhiteboxTest.test8(checksum_2c155667_003WhiteboxTest.java:86)
    at sun.reflect.NativeMethodAccessorImpl.invoke0(Native Method)
    at sun.reflect.NativeMethodAccessorImpl.invoke(NativeMethodAccessorImpl.java:62)
    at sun.reflect.DelegatingMethodAccessorImpl.invoke(DelegatingMethodAccessorImpl.java:43)

org.junit.ComparisonFailure: expected:<...agereturn>Checksumis[]]> but was:<...agereturn>Checksumis[]>
    at org.junit.Assert.assertEquals(Assert.java:115)
    at org.junit.Assert.assertEquals(Assert.java:144)
    at introclassJava.checksum_2c155667_003WhiteboxTest.test1(checksum_2c155667_003WhiteboxTest.java:14)
    at sun.reflect.NativeMethodAccessorImpl.invoke0(Native Method)
    at sun.reflect.NativeMethodAccessorImpl.invoke(NativeMethodAccessorImpl.java:62)
    at sun.reflect.DelegatingMethodAccessorImpl.invoke(DelegatingMethodAccessorImpl.java:43)
15:57:16.258 [pool-41-thread-1] INFO  f.i.l.c.t.SpecificationTestCasesListener - Tests run finished (0 ms)
<> Total tests run: 1
<> Ignored tests: 0
<> Failed tests: 1
~ test1(introclassJava.checksum_2c155667_003WhiteboxTest)
[expected:<...agereturn>Checksumis[]]> but was:<...agereturn>Checksumis[]>]
org.junit.ComparisonFailure: expected:<...agereturn>Checksumis[]]> but was:<...agereturn>Checksumis[]>    at org.junit.Assert.assertEquals(Assert.java:115)
    at org.junit.Assert.assertEquals(Assert.java:144)
    at introclassJava.checksum_2c155667_003WhiteboxTest.test1(checksum_2c155667_003WhiteboxTest.java:14)
    at sun.reflect.NativeMethodAccessorImpl.invoke0(Native Method)
    at sun.reflect.NativeMethodAccessorImpl.invoke(NativeMethodAccessorImpl.java:62)
    at sun.reflect.DelegatingMethodAccessorImpl.invoke(DelegatingMethodAccessorImpl.java:43)

org.junit.ComparisonFailure: expected:<...agereturn>Checksumis[V]> but was:<...agereturn>Checksumis[]>
    at org.junit.Assert.assertEquals(Assert.java:115)
    at org.junit.Assert.assertEquals(Assert.java:144)
    at introclassJava.checksum_2c155667_003WhiteboxTest.test7(checksum_2c155667_003WhiteboxTest.java:77)
    at sun.reflect.NativeMethodAccessorImpl.invoke0(Native Method)
    at sun.reflect.NativeMethodAccessorImpl.invoke(NativeMethodAccessorImpl.java:62)
    at sun.reflect.DelegatingMethodAccessorImpl.invoke(DelegatingMethodAccessorImpl.java:43)
15:57:16.260 [pool-42-thread-1] INFO  f.i.l.c.t.SpecificationTestCasesListener - Tests run finished (1 ms)
<> Total tests run: 1
<> Ignored tests: 0
<> Failed tests: 1
~ test7(introclassJava.checksum_2c155667_003WhiteboxTest)
[expected:<...agereturn>Checksumis[V]> but was:<...agereturn>Checksumis[]>]
org.junit.ComparisonFailure: expected:<...agereturn>Checksumis[V]> but was:<...agereturn>Checksumis[]>    at org.junit.Assert.assertEquals(Assert.java:115)
    at org.junit.Assert.assertEquals(Assert.java:144)
    at introclassJava.checksum_2c155667_003WhiteboxTest.test7(checksum_2c155667_003WhiteboxTest.java:77)
    at sun.reflect.NativeMethodAccessorImpl.invoke0(Native Method)
    at sun.reflect.NativeMethodAccessorImpl.invoke(NativeMethodAccessorImpl.java:62)
    at sun.reflect.DelegatingMethodAccessorImpl.invoke(DelegatingMethodAccessorImpl.java:43)

15:57:16.260 [pool-35-thread-1] DEBUG tests.output - Failing tests with false: 
[test8(introclassJava.checksum_2c155667_003WhiteboxTest): test timed out after 1000 milliseconds, test1(introclassJava.checksum_2c155667_003WhiteboxTest): test timed out after 1000 milliseconds, test7(introclassJava.checksum_2c155667_003WhiteboxTest): test timed out after 1000 milliseconds]
15:57:16.260 [pool-35-thread-1] DEBUG tests.output - Failing tests with true: 
[test8(introclassJava.checksum_2c155667_003WhiteboxTest): expected:<...agereturn>Checksumis[X]> but was:<...agereturn>Checksumis[]>, test1(introclassJava.checksum_2c155667_003WhiteboxTest): expected:<...agereturn>Checksumis[]]> but was:<...agereturn>Checksumis[]>, test7(introclassJava.checksum_2c155667_003WhiteboxTest): expected:<...agereturn>Checksumis[V]> but was:<...agereturn>Checksumis[]>]
15:57:16.260 [pool-35-thread-1] INFO  f.i.l.r.n.synth.SMTNopolSynthesizer - Not enough specifications: 0. A trivial patch is "true" or "false", please write new tests specifying SourceLocation introclassJava.checksum_2c155667_003:71.
15:57:16.261 [pool-2-thread-1] DEBUG fr.inria.lille.repair.nopol.NoPol - statement #6
15:57:16.261 [pool-2-thread-1] DEBUG fr.inria.lille.repair.nopol.NoPol - Analysing SourceLocation introclassJava.checksum_2c155667_003:72 which is executed by 16 tests
2135544680
15:57:16.309 [pool-2-thread-1] DEBUG fr.inria.lille.repair.nopol.NoPol - statement #7
15:57:16.309 [pool-2-thread-1] DEBUG fr.inria.lille.repair.nopol.NoPol - Analysing SourceLocation introclassJava.checksum_2c155667_003:69 which is executed by 16 tests
2135544680
15:57:16.356 [pool-2-thread-1] DEBUG fr.inria.lille.repair.nopol.NoPol - looking with class fr.inria.lille.repair.nopol.spoon.smt.ConditionalAdder
org.junit.ComparisonFailure: expected:<...agereturn>Checksumis[]]> but was:<...agereturn>Checksumis[]>
    at org.junit.Assert.assertEquals(Assert.java:115)
    at org.junit.Assert.assertEquals(Assert.java:144)
    at introclassJava.checksum_2c155667_003WhiteboxTest.test1(checksum_2c155667_003WhiteboxTest.java:14)
    at sun.reflect.NativeMethodAccessorImpl.invoke0(Native Method)
    at sun.reflect.NativeMethodAccessorImpl.invoke(NativeMethodAccessorImpl.java:62)
    at sun.reflect.DelegatingMethodAccessorImpl.invoke(DelegatingMethodAccessorImpl.java:43)
org.junit.ComparisonFailure: expected:<...agereturn>Checksumis[V]> but was:<...agereturn>Checksumis[]>
    at org.junit.Assert.assertEquals(Assert.java:115)
    at org.junit.Assert.assertEquals(Assert.java:144)
    at introclassJava.checksum_2c155667_003WhiteboxTest.test7(checksum_2c155667_003WhiteboxTest.java:77)
    at sun.reflect.NativeMethodAccessorImpl.invoke0(Native Method)
    at sun.reflect.NativeMethodAccessorImpl.invoke(NativeMethodAccessorImpl.java:62)
    at sun.reflect.DelegatingMethodAccessorImpl.invoke(DelegatingMethodAccessorImpl.java:43)
org.junit.ComparisonFailure: expected:<...agereturn>Checksumis[X]> but was:<...agereturn>Checksumis[]>
    at org.junit.Assert.assertEquals(Assert.java:115)
    at org.junit.Assert.assertEquals(Assert.java:144)
    at introclassJava.checksum_2c155667_003WhiteboxTest.test8(checksum_2c155667_003WhiteboxTest.java:86)
    at sun.reflect.NativeMethodAccessorImpl.invoke0(Native Method)
    at sun.reflect.NativeMethodAccessorImpl.invoke(NativeMethodAccessorImpl.java:62)
    at sun.reflect.DelegatingMethodAccessorImpl.invoke(DelegatingMethodAccessorImpl.java:43)
org.junit.ComparisonFailure: expected:<...agereturn>Checksumis[]]> but was:<...agereturn>Checksumis[]>
    at org.junit.Assert.assertEquals(Assert.java:115)
    at org.junit.Assert.assertEquals(Assert.java:144)
    at introclassJava.checksum_2c155667_003WhiteboxTest.test1(checksum_2c155667_003WhiteboxTest.java:14)
    at sun.reflect.NativeMethodAccessorImpl.invoke0(Native Method)
    at sun.reflect.NativeMethodAccessorImpl.invoke(NativeMethodAccessorImpl.java:62)
    at sun.reflect.DelegatingMethodAccessorImpl.invoke(DelegatingMethodAccessorImpl.java:43)
org.junit.ComparisonFailure: expected:<...agereturn>Checksumis[V]> but was:<...agereturn>Checksumis[]>
    at org.junit.Assert.assertEquals(Assert.java:115)
    at org.junit.Assert.assertEquals(Assert.java:144)
    at introclassJava.checksum_2c155667_003WhiteboxTest.test7(checksum_2c155667_003WhiteboxTest.java:77)
    at sun.reflect.NativeMethodAccessorImpl.invoke0(Native Method)
    at sun.reflect.NativeMethodAccessorImpl.invoke(NativeMethodAccessorImpl.java:62)
    at sun.reflect.DelegatingMethodAccessorImpl.invoke(DelegatingMethodAccessorImpl.java:43)
org.junit.ComparisonFailure: expected:<...agereturn>Checksumis[X]> but was:<...agereturn>Checksumis[]>
    at org.junit.Assert.assertEquals(Assert.java:115)
    at org.junit.Assert.assertEquals(Assert.java:144)
    at introclassJava.checksum_2c155667_003WhiteboxTest.test8(checksum_2c155667_003WhiteboxTest.java:86)
    at sun.reflect.NativeMethodAccessorImpl.invoke0(Native Method)
    at sun.reflect.NativeMethodAccessorImpl.invoke(NativeMethodAccessorImpl.java:62)
    at sun.reflect.DelegatingMethodAccessorImpl.invoke(DelegatingMethodAccessorImpl.java:43)
org.junit.ComparisonFailure: expected:<...agereturn>Checksumis[]]> but was:<...agereturn>Checksumis[]>
    at org.junit.Assert.assertEquals(Assert.java:115)
    at org.junit.Assert.assertEquals(Assert.java:144)
    at introclassJava.checksum_2c155667_003WhiteboxTest.test1(checksum_2c155667_003WhiteboxTest.java:14)
    at sun.reflect.NativeMethodAccessorImpl.invoke0(Native Method)
    at sun.reflect.NativeMethodAccessorImpl.invoke(NativeMethodAccessorImpl.java:62)
    at sun.reflect.DelegatingMethodAccessorImpl.invoke(DelegatingMethodAccessorImpl.java:43)
org.junit.ComparisonFailure: expected:<...agereturn>Checksumis[V]> but was:<...agereturn>Checksumis[]>
    at org.junit.Assert.assertEquals(Assert.java:115)
    at org.junit.Assert.assertEquals(Assert.java:144)
    at introclassJava.checksum_2c155667_003WhiteboxTest.test7(checksum_2c155667_003WhiteboxTest.java:77)
    at sun.reflect.NativeMethodAccessorImpl.invoke0(Native Method)
    at sun.reflect.NativeMethodAccessorImpl.invoke(NativeMethodAccessorImpl.java:62)
    at sun.reflect.DelegatingMethodAccessorImpl.invoke(DelegatingMethodAccessorImpl.java:43)
org.junit.ComparisonFailure: expected:<...agereturn>Checksumis[X]> but was:<...agereturn>Checksumis[]>
    at org.junit.Assert.assertEquals(Assert.java:115)
    at org.junit.Assert.assertEquals(Assert.java:144)
    at introclassJava.checksum_2c155667_003WhiteboxTest.test8(checksum_2c155667_003WhiteboxTest.java:86)
    at sun.reflect.NativeMethodAccessorImpl.invoke0(Native Method)
    at sun.reflect.NativeMethodAccessorImpl.invoke(NativeMethodAccessorImpl.java:62)
    at sun.reflect.DelegatingMethodAccessorImpl.invoke(DelegatingMethodAccessorImpl.java:43)
15:57:16.373 [pool-44-thread-1] INFO  xxl.java.junit.TestCasesListener - Tests run finished (14 ms)
<> Total tests run: 30
<> Ignored tests: 0
<> Failed tests: 9
~ test1(introclassJava.checksum_2c155667_003WhiteboxTest)
[expected:<...agereturn>Checksumis[]]> but was:<...agereturn>Checksumis[]>]
org.junit.ComparisonFailure: expected:<...agereturn>Checksumis[]]> but was:<...agereturn>Checksumis[]>    at org.junit.Assert.assertEquals(Assert.java:115)
    at org.junit.Assert.assertEquals(Assert.java:144)
    at introclassJava.checksum_2c155667_003WhiteboxTest.test1(checksum_2c155667_003WhiteboxTest.java:14)
    at sun.reflect.NativeMethodAccessorImpl.invoke0(Native Method)
    at sun.reflect.NativeMethodAccessorImpl.invoke(NativeMethodAccessorImpl.java:62)
    at sun.reflect.DelegatingMethodAccessorImpl.invoke(DelegatingMethodAccessorImpl.java:43)
~ test7(introclassJava.checksum_2c155667_003WhiteboxTest)
[expected:<...agereturn>Checksumis[V]> but was:<...agereturn>Checksumis[]>]
org.junit.ComparisonFailure: expected:<...agereturn>Checksumis[V]> but was:<...agereturn>Checksumis[]>    at org.junit.Assert.assertEquals(Assert.java:115)
    at org.junit.Assert.assertEquals(Assert.java:144)
    at introclassJava.checksum_2c155667_003WhiteboxTest.test7(checksum_2c155667_003WhiteboxTest.java:77)
    at sun.reflect.NativeMethodAccessorImpl.invoke0(Native Method)
    at sun.reflect.NativeMethodAccessorImpl.invoke(NativeMethodAccessorImpl.java:62)
    at sun.reflect.DelegatingMethodAccessorImpl.invoke(DelegatingMethodAccessorImpl.java:43)
~ test8(introclassJava.checksum_2c155667_003WhiteboxTest)
[expected:<...agereturn>Checksumis[X]> but was:<...agereturn>Checksumis[]>]
org.junit.ComparisonFailure: expected:<...agereturn>Checksumis[X]> but was:<...agereturn>Checksumis[]>    at org.junit.Assert.assertEquals(Assert.java:115)
    at org.junit.Assert.assertEquals(Assert.java:144)
    at introclassJava.checksum_2c155667_003WhiteboxTest.test8(checksum_2c155667_003WhiteboxTest.java:86)
    at sun.reflect.NativeMethodAccessorImpl.invoke0(Native Method)
    at sun.reflect.NativeMethodAccessorImpl.invoke(NativeMethodAccessorImpl.java:62)
    at sun.reflect.DelegatingMethodAccessorImpl.invoke(DelegatingMethodAccessorImpl.java:43)
~ test1(introclassJava.checksum_2c155667_003WhiteboxTest)
[expected:<...agereturn>Checksumis[]]> but was:<...agereturn>Checksumis[]>]
org.junit.ComparisonFailure: expected:<...agereturn>Checksumis[]]> but was:<...agereturn>Checksumis[]>    at org.junit.Assert.assertEquals(Assert.java:115)
    at org.junit.Assert.assertEquals(Assert.java:144)
    at introclassJava.checksum_2c155667_003WhiteboxTest.test1(checksum_2c155667_003WhiteboxTest.java:14)
    at sun.reflect.NativeMethodAccessorImpl.invoke0(Native Method)
    at sun.reflect.NativeMethodAccessorImpl.invoke(NativeMethodAccessorImpl.java:62)
    at sun.reflect.DelegatingMethodAccessorImpl.invoke(DelegatingMethodAccessorImpl.java:43)
~ test7(introclassJava.checksum_2c155667_003WhiteboxTest)
[expected:<...agereturn>Checksumis[V]> but was:<...agereturn>Checksumis[]>]
org.junit.ComparisonFailure: expected:<...agereturn>Checksumis[V]> but was:<...agereturn>Checksumis[]>    at org.junit.Assert.assertEquals(Assert.java:115)
    at org.junit.Assert.assertEquals(Assert.java:144)
    at introclassJava.checksum_2c155667_003WhiteboxTest.test7(checksum_2c155667_003WhiteboxTest.java:77)
    at sun.reflect.NativeMethodAccessorImpl.invoke0(Native Method)
    at sun.reflect.NativeMethodAccessorImpl.invoke(NativeMethodAccessorImpl.java:62)
    at sun.reflect.DelegatingMethodAccessorImpl.invoke(DelegatingMethodAccessorImpl.java:43)
~ test8(introclassJava.checksum_2c155667_003WhiteboxTest)
[expected:<...agereturn>Checksumis[X]> but was:<...agereturn>Checksumis[]>]
org.junit.ComparisonFailure: expected:<...agereturn>Checksumis[X]> but was:<...agereturn>Checksumis[]>    at org.junit.Assert.assertEquals(Assert.java:115)
    at org.junit.Assert.assertEquals(Assert.java:144)
    at introclassJava.checksum_2c155667_003WhiteboxTest.test8(checksum_2c155667_003WhiteboxTest.java:86)
    at sun.reflect.NativeMethodAccessorImpl.invoke0(Native Method)
    at sun.reflect.NativeMethodAccessorImpl.invoke(NativeMethodAccessorImpl.java:62)
    at sun.reflect.DelegatingMethodAccessorImpl.invoke(DelegatingMethodAccessorImpl.java:43)
~ test1(introclassJava.checksum_2c155667_003WhiteboxTest)
[expected:<...agereturn>Checksumis[]]> but was:<...agereturn>Checksumis[]>]
org.junit.ComparisonFailure: expected:<...agereturn>Checksumis[]]> but was:<...agereturn>Checksumis[]>    at org.junit.Assert.assertEquals(Assert.java:115)
    at org.junit.Assert.assertEquals(Assert.java:144)
    at introclassJava.checksum_2c155667_003WhiteboxTest.test1(checksum_2c155667_003WhiteboxTest.java:14)
    at sun.reflect.NativeMethodAccessorImpl.invoke0(Native Method)
    at sun.reflect.NativeMethodAccessorImpl.invoke(NativeMethodAccessorImpl.java:62)
    at sun.reflect.DelegatingMethodAccessorImpl.invoke(DelegatingMethodAccessorImpl.java:43)
~ test7(introclassJava.checksum_2c155667_003WhiteboxTest)
[expected:<...agereturn>Checksumis[V]> but was:<...agereturn>Checksumis[]>]
org.junit.ComparisonFailure: expected:<...agereturn>Checksumis[V]> but was:<...agereturn>Checksumis[]>    at org.junit.Assert.assertEquals(Assert.java:115)
    at org.junit.Assert.assertEquals(Assert.java:144)
    at introclassJava.checksum_2c155667_003WhiteboxTest.test7(checksum_2c155667_003WhiteboxTest.java:77)
    at sun.reflect.NativeMethodAccessorImpl.invoke0(Native Method)
    at sun.reflect.NativeMethodAccessorImpl.invoke(NativeMethodAccessorImpl.java:62)
    at sun.reflect.DelegatingMethodAccessorImpl.invoke(DelegatingMethodAccessorImpl.java:43)
~ test8(introclassJava.checksum_2c155667_003WhiteboxTest)
[expected:<...agereturn>Checksumis[X]> but was:<...agereturn>Checksumis[]>]
org.junit.ComparisonFailure: expected:<...agereturn>Checksumis[X]> but was:<...agereturn>Checksumis[]>    at org.junit.Assert.assertEquals(Assert.java:115)
    at org.junit.Assert.assertEquals(Assert.java:144)
    at introclassJava.checksum_2c155667_003WhiteboxTest.test8(checksum_2c155667_003WhiteboxTest.java:86)
    at sun.reflect.NativeMethodAccessorImpl.invoke0(Native Method)
    at sun.reflect.NativeMethodAccessorImpl.invoke(NativeMethodAccessorImpl.java:62)
    at sun.reflect.DelegatingMethodAccessorImpl.invoke(DelegatingMethodAccessorImpl.java:43)

java.lang.Exception: test timed out after 1000 milliseconds
    at java.lang.String.intern(Native Method)
    at fr.inria.lille.commons.trace.collector.ValueCollector.collectWith(ValueCollector.java:31)
    at fr.inria.lille.commons.trace.collector.ValueCollector.collectFrom(ValueCollector.java:21)
    at fr.inria.lille.commons.trace.RuntimeValues.collectInput(RuntimeValues.java:89)
    at introclassJava.checksum_2c155667_003.exec(checksum_2c155667_003.java:35)
    at introclassJava.checksum_2c155667_003WhiteboxTest.test8(checksum_2c155667_003WhiteboxTest.java:84)
15:57:17.454 [pool-45-thread-1] INFO  f.i.l.c.t.SpecificationTestCasesListener - Tests run finished (1001 ms)
<> Total tests run: 1
<> Ignored tests: 0
<> Failed tests: 1
~ test8(introclassJava.checksum_2c155667_003WhiteboxTest)
[test timed out after 1000 milliseconds]
java.lang.Exception: test timed out after 1000 milliseconds    at java.lang.String.intern(Native Method)
    at fr.inria.lille.commons.trace.collector.ValueCollector.collectWith(ValueCollector.java:31)
    at fr.inria.lille.commons.trace.collector.ValueCollector.collectFrom(ValueCollector.java:21)
    at fr.inria.lille.commons.trace.RuntimeValues.collectInput(RuntimeValues.java:89)
    at introclassJava.checksum_2c155667_003.exec(checksum_2c155667_003.java:35)
    at introclassJava.checksum_2c155667_003WhiteboxTest.test8(checksum_2c155667_003WhiteboxTest.java:84)

java.lang.Exception: test timed out after 1000 milliseconds
    at xxl.java.support.Lockable.acquire(Lockable.java:13)
    at xxl.java.support.GlobalToggle.acquireToggle(GlobalToggle.java:67)
    at fr.inria.lille.commons.trace.RuntimeValues.collectionStarts(RuntimeValues.java:55)
    at introclassJava.checksum_2c155667_003.exec(checksum_2c155667_003.java:34)
    at introclassJava.checksum_2c155667_003WhiteboxTest.test1(checksum_2c155667_003WhiteboxTest.java:12)
    at sun.reflect.NativeMethodAccessorImpl.invoke0(Native Method)
15:57:18.475 [pool-46-thread-1] INFO  f.i.l.c.t.SpecificationTestCasesListener - Tests run finished (1020 ms)
<> Total tests run: 1
<> Ignored tests: 0
<> Failed tests: 1
~ test1(introclassJava.checksum_2c155667_003WhiteboxTest)
[test timed out after 1000 milliseconds]
java.lang.Exception: test timed out after 1000 milliseconds    at xxl.java.support.Lockable.acquire(Lockable.java:13)
    at xxl.java.support.GlobalToggle.acquireToggle(GlobalToggle.java:67)
    at fr.inria.lille.commons.trace.RuntimeValues.collectionStarts(RuntimeValues.java:55)
    at introclassJava.checksum_2c155667_003.exec(checksum_2c155667_003.java:34)
    at introclassJava.checksum_2c155667_003WhiteboxTest.test1(checksum_2c155667_003WhiteboxTest.java:12)
    at sun.reflect.NativeMethodAccessorImpl.invoke0(Native Method)

java.lang.Exception: test timed out after 1000 milliseconds
    at xxl.java.support.Lockable.acquiresLock(Lockable.java:21)
    at xxl.java.support.Lockable.acquire(Lockable.java:13)
    at xxl.java.support.GlobalToggle.acquireToggle(GlobalToggle.java:67)
    at fr.inria.lille.commons.trace.RuntimeValues.collectionStarts(RuntimeValues.java:55)
    at introclassJava.checksum_2c155667_003.exec(checksum_2c155667_003.java:34)
    at introclassJava.checksum_2c155667_003WhiteboxTest.test7(checksum_2c155667_003WhiteboxTest.java:75)
15:57:19.489 [pool-47-thread-1] INFO  f.i.l.c.t.SpecificationTestCasesListener - Tests run finished (1012 ms)
<> Total tests run: 1
<> Ignored tests: 0
<> Failed tests: 1
~ test7(introclassJava.checksum_2c155667_003WhiteboxTest)
[test timed out after 1000 milliseconds]
java.lang.Exception: test timed out after 1000 milliseconds    at xxl.java.support.Lockable.acquiresLock(Lockable.java:21)
    at xxl.java.support.Lockable.acquire(Lockable.java:13)
    at xxl.java.support.GlobalToggle.acquireToggle(GlobalToggle.java:67)
    at fr.inria.lille.commons.trace.RuntimeValues.collectionStarts(RuntimeValues.java:55)
    at introclassJava.checksum_2c155667_003.exec(checksum_2c155667_003.java:34)
    at introclassJava.checksum_2c155667_003WhiteboxTest.test7(checksum_2c155667_003WhiteboxTest.java:75)

org.junit.ComparisonFailure: expected:<...agereturn>Checksumis[X]> but was:<...agereturn>Checksumis[]>
    at org.junit.Assert.assertEquals(Assert.java:115)
    at org.junit.Assert.assertEquals(Assert.java:144)
    at introclassJava.checksum_2c155667_003WhiteboxTest.test8(checksum_2c155667_003WhiteboxTest.java:86)
    at sun.reflect.NativeMethodAccessorImpl.invoke0(Native Method)
    at sun.reflect.NativeMethodAccessorImpl.invoke(NativeMethodAccessorImpl.java:62)
    at sun.reflect.DelegatingMethodAccessorImpl.invoke(DelegatingMethodAccessorImpl.java:43)
15:57:19.501 [pool-48-thread-1] INFO  f.i.l.c.t.SpecificationTestCasesListener - Tests run finished (12 ms)
<> Total tests run: 1
<> Ignored tests: 0
<> Failed tests: 1
~ test8(introclassJava.checksum_2c155667_003WhiteboxTest)
[expected:<...agereturn>Checksumis[X]> but was:<...agereturn>Checksumis[]>]
org.junit.ComparisonFailure: expected:<...agereturn>Checksumis[X]> but was:<...agereturn>Checksumis[]>    at org.junit.Assert.assertEquals(Assert.java:115)
    at org.junit.Assert.assertEquals(Assert.java:144)
    at introclassJava.checksum_2c155667_003WhiteboxTest.test8(checksum_2c155667_003WhiteboxTest.java:86)
    at sun.reflect.NativeMethodAccessorImpl.invoke0(Native Method)
    at sun.reflect.NativeMethodAccessorImpl.invoke(NativeMethodAccessorImpl.java:62)
    at sun.reflect.DelegatingMethodAccessorImpl.invoke(DelegatingMethodAccessorImpl.java:43)

org.junit.ComparisonFailure: expected:<...agereturn>Checksumis[]]> but was:<...agereturn>Checksumis[]>
    at org.junit.Assert.assertEquals(Assert.java:115)
    at org.junit.Assert.assertEquals(Assert.java:144)
    at introclassJava.checksum_2c155667_003WhiteboxTest.test1(checksum_2c155667_003WhiteboxTest.java:14)
    at sun.reflect.NativeMethodAccessorImpl.invoke0(Native Method)
    at sun.reflect.NativeMethodAccessorImpl.invoke(NativeMethodAccessorImpl.java:62)
    at sun.reflect.DelegatingMethodAccessorImpl.invoke(DelegatingMethodAccessorImpl.java:43)
15:57:19.502 [pool-49-thread-1] INFO  f.i.l.c.t.SpecificationTestCasesListener - Tests run finished (1 ms)
<> Total tests run: 1
<> Ignored tests: 0
<> Failed tests: 1
~ test1(introclassJava.checksum_2c155667_003WhiteboxTest)
[expected:<...agereturn>Checksumis[]]> but was:<...agereturn>Checksumis[]>]
org.junit.ComparisonFailure: expected:<...agereturn>Checksumis[]]> but was:<...agereturn>Checksumis[]>    at org.junit.Assert.assertEquals(Assert.java:115)
    at org.junit.Assert.assertEquals(Assert.java:144)
    at introclassJava.checksum_2c155667_003WhiteboxTest.test1(checksum_2c155667_003WhiteboxTest.java:14)
    at sun.reflect.NativeMethodAccessorImpl.invoke0(Native Method)
    at sun.reflect.NativeMethodAccessorImpl.invoke(NativeMethodAccessorImpl.java:62)
    at sun.reflect.DelegatingMethodAccessorImpl.invoke(DelegatingMethodAccessorImpl.java:43)

org.junit.ComparisonFailure: expected:<...agereturn>Checksumis[V]> but was:<...agereturn>Checksumis[]>
    at org.junit.Assert.assertEquals(Assert.java:115)
    at org.junit.Assert.assertEquals(Assert.java:144)
    at introclassJava.checksum_2c155667_003WhiteboxTest.test7(checksum_2c155667_003WhiteboxTest.java:77)
    at sun.reflect.NativeMethodAccessorImpl.invoke0(Native Method)
    at sun.reflect.NativeMethodAccessorImpl.invoke(NativeMethodAccessorImpl.java:62)
    at sun.reflect.DelegatingMethodAccessorImpl.invoke(DelegatingMethodAccessorImpl.java:43)
15:57:19.503 [pool-50-thread-1] INFO  f.i.l.c.t.SpecificationTestCasesListener - Tests run finished (0 ms)
<> Total tests run: 1
<> Ignored tests: 0
<> Failed tests: 1
~ test7(introclassJava.checksum_2c155667_003WhiteboxTest)
[expected:<...agereturn>Checksumis[V]> but was:<...agereturn>Checksumis[]>]
org.junit.ComparisonFailure: expected:<...agereturn>Checksumis[V]> but was:<...agereturn>Checksumis[]>    at org.junit.Assert.assertEquals(Assert.java:115)
    at org.junit.Assert.assertEquals(Assert.java:144)
    at introclassJava.checksum_2c155667_003WhiteboxTest.test7(checksum_2c155667_003WhiteboxTest.java:77)
    at sun.reflect.NativeMethodAccessorImpl.invoke0(Native Method)
    at sun.reflect.NativeMethodAccessorImpl.invoke(NativeMethodAccessorImpl.java:62)
    at sun.reflect.DelegatingMethodAccessorImpl.invoke(DelegatingMethodAccessorImpl.java:43)

15:57:19.504 [pool-43-thread-1] DEBUG tests.output - Failing tests with false: 
[test8(introclassJava.checksum_2c155667_003WhiteboxTest): test timed out after 1000 milliseconds, test1(introclassJava.checksum_2c155667_003WhiteboxTest): test timed out after 1000 milliseconds, test7(introclassJava.checksum_2c155667_003WhiteboxTest): test timed out after 1000 milliseconds]
15:57:19.504 [pool-43-thread-1] DEBUG tests.output - Failing tests with true: 
[test8(introclassJava.checksum_2c155667_003WhiteboxTest): expected:<...agereturn>Checksumis[X]> but was:<...agereturn>Checksumis[]>, test1(introclassJava.checksum_2c155667_003WhiteboxTest): expected:<...agereturn>Checksumis[]]> but was:<...agereturn>Checksumis[]>, test7(introclassJava.checksum_2c155667_003WhiteboxTest): expected:<...agereturn>Checksumis[V]> but was:<...agereturn>Checksumis[]>]
15:57:19.504 [pool-43-thread-1] INFO  f.i.l.r.n.synth.SMTNopolSynthesizer - Not enough specifications: 0. A trivial patch is "true" or "false", please write new tests specifying SourceLocation introclassJava.checksum_2c155667_003:69.
15:57:19.504 [pool-2-thread-1] DEBUG fr.inria.lille.repair.nopol.NoPol - statement #8
15:57:19.505 [pool-2-thread-1] DEBUG fr.inria.lille.repair.nopol.NoPol - Analysing SourceLocation introclassJava.checksum_2c155667_003:67 which is executed by 16 tests
2135544680
15:57:19.552 [pool-2-thread-1] DEBUG fr.inria.lille.repair.nopol.NoPol - looking with class fr.inria.lille.repair.nopol.spoon.smt.ConditionalAdder
org.junit.ComparisonFailure: expected:<...agereturn>Checksumis[]]> but was:<...agereturn>Checksumis[]>
    at org.junit.Assert.assertEquals(Assert.java:115)
    at org.junit.Assert.assertEquals(Assert.java:144)
    at introclassJava.checksum_2c155667_003WhiteboxTest.test1(checksum_2c155667_003WhiteboxTest.java:14)
    at sun.reflect.NativeMethodAccessorImpl.invoke0(Native Method)
    at sun.reflect.NativeMethodAccessorImpl.invoke(NativeMethodAccessorImpl.java:62)
    at sun.reflect.DelegatingMethodAccessorImpl.invoke(DelegatingMethodAccessorImpl.java:43)
org.junit.ComparisonFailure: expected:<...agereturn>Checksumis[V]> but was:<...agereturn>Checksumis[]>
    at org.junit.Assert.assertEquals(Assert.java:115)
    at org.junit.Assert.assertEquals(Assert.java:144)
    at introclassJava.checksum_2c155667_003WhiteboxTest.test7(checksum_2c155667_003WhiteboxTest.java:77)
    at sun.reflect.NativeMethodAccessorImpl.invoke0(Native Method)
    at sun.reflect.NativeMethodAccessorImpl.invoke(NativeMethodAccessorImpl.java:62)
    at sun.reflect.DelegatingMethodAccessorImpl.invoke(DelegatingMethodAccessorImpl.java:43)
org.junit.ComparisonFailure: expected:<...agereturn>Checksumis[X]> but was:<...agereturn>Checksumis[]>
    at org.junit.Assert.assertEquals(Assert.java:115)
    at org.junit.Assert.assertEquals(Assert.java:144)
    at introclassJava.checksum_2c155667_003WhiteboxTest.test8(checksum_2c155667_003WhiteboxTest.java:86)
    at sun.reflect.NativeMethodAccessorImpl.invoke0(Native Method)
    at sun.reflect.NativeMethodAccessorImpl.invoke(NativeMethodAccessorImpl.java:62)
    at sun.reflect.DelegatingMethodAccessorImpl.invoke(DelegatingMethodAccessorImpl.java:43)
org.junit.ComparisonFailure: expected:<...agereturn>Checksumis[]]> but was:<...agereturn>Checksumis[]>
    at org.junit.Assert.assertEquals(Assert.java:115)
    at org.junit.Assert.assertEquals(Assert.java:144)
    at introclassJava.checksum_2c155667_003WhiteboxTest.test1(checksum_2c155667_003WhiteboxTest.java:14)
    at sun.reflect.NativeMethodAccessorImpl.invoke0(Native Method)
    at sun.reflect.NativeMethodAccessorImpl.invoke(NativeMethodAccessorImpl.java:62)
    at sun.reflect.DelegatingMethodAccessorImpl.invoke(DelegatingMethodAccessorImpl.java:43)
org.junit.ComparisonFailure: expected:<...agereturn>Checksumis[V]> but was:<...agereturn>Checksumis[]>
    at org.junit.Assert.assertEquals(Assert.java:115)
    at org.junit.Assert.assertEquals(Assert.java:144)
    at introclassJava.checksum_2c155667_003WhiteboxTest.test7(checksum_2c155667_003WhiteboxTest.java:77)
    at sun.reflect.NativeMethodAccessorImpl.invoke0(Native Method)
    at sun.reflect.NativeMethodAccessorImpl.invoke(NativeMethodAccessorImpl.java:62)
    at sun.reflect.DelegatingMethodAccessorImpl.invoke(DelegatingMethodAccessorImpl.java:43)
org.junit.ComparisonFailure: expected:<...agereturn>Checksumis[X]> but was:<...agereturn>Checksumis[]>
    at org.junit.Assert.assertEquals(Assert.java:115)
    at org.junit.Assert.assertEquals(Assert.java:144)
    at introclassJava.checksum_2c155667_003WhiteboxTest.test8(checksum_2c155667_003WhiteboxTest.java:86)
    at sun.reflect.NativeMethodAccessorImpl.invoke0(Native Method)
    at sun.reflect.NativeMethodAccessorImpl.invoke(NativeMethodAccessorImpl.java:62)
    at sun.reflect.DelegatingMethodAccessorImpl.invoke(DelegatingMethodAccessorImpl.java:43)
org.junit.ComparisonFailure: expected:<...agereturn>Checksumis[]]> but was:<...agereturn>Checksumis[]>
    at org.junit.Assert.assertEquals(Assert.java:115)
    at org.junit.Assert.assertEquals(Assert.java:144)
    at introclassJava.checksum_2c155667_003WhiteboxTest.test1(checksum_2c155667_003WhiteboxTest.java:14)
    at sun.reflect.NativeMethodAccessorImpl.invoke0(Native Method)
    at sun.reflect.NativeMethodAccessorImpl.invoke(NativeMethodAccessorImpl.java:62)
    at sun.reflect.DelegatingMethodAccessorImpl.invoke(DelegatingMethodAccessorImpl.java:43)
org.junit.ComparisonFailure: expected:<...agereturn>Checksumis[V]> but was:<...agereturn>Checksumis[]>
    at org.junit.Assert.assertEquals(Assert.java:115)
    at org.junit.Assert.assertEquals(Assert.java:144)
    at introclassJava.checksum_2c155667_003WhiteboxTest.test7(checksum_2c155667_003WhiteboxTest.java:77)
    at sun.reflect.NativeMethodAccessorImpl.invoke0(Native Method)
    at sun.reflect.NativeMethodAccessorImpl.invoke(NativeMethodAccessorImpl.java:62)
    at sun.reflect.DelegatingMethodAccessorImpl.invoke(DelegatingMethodAccessorImpl.java:43)
org.junit.ComparisonFailure: expected:<...agereturn>Checksumis[X]> but was:<...agereturn>Checksumis[]>
    at org.junit.Assert.assertEquals(Assert.java:115)
    at org.junit.Assert.assertEquals(Assert.java:144)
    at introclassJava.checksum_2c155667_003WhiteboxTest.test8(checksum_2c155667_003WhiteboxTest.java:86)
    at sun.reflect.NativeMethodAccessorImpl.invoke0(Native Method)
    at sun.reflect.NativeMethodAccessorImpl.invoke(NativeMethodAccessorImpl.java:62)
    at sun.reflect.DelegatingMethodAccessorImpl.invoke(DelegatingMethodAccessorImpl.java:43)
15:57:19.568 [pool-52-thread-1] INFO  xxl.java.junit.TestCasesListener - Tests run finished (14 ms)
<> Total tests run: 30
<> Ignored tests: 0
<> Failed tests: 9
~ test1(introclassJava.checksum_2c155667_003WhiteboxTest)
[expected:<...agereturn>Checksumis[]]> but was:<...agereturn>Checksumis[]>]
org.junit.ComparisonFailure: expected:<...agereturn>Checksumis[]]> but was:<...agereturn>Checksumis[]>    at org.junit.Assert.assertEquals(Assert.java:115)
    at org.junit.Assert.assertEquals(Assert.java:144)
    at introclassJava.checksum_2c155667_003WhiteboxTest.test1(checksum_2c155667_003WhiteboxTest.java:14)
    at sun.reflect.NativeMethodAccessorImpl.invoke0(Native Method)
    at sun.reflect.NativeMethodAccessorImpl.invoke(NativeMethodAccessorImpl.java:62)
    at sun.reflect.DelegatingMethodAccessorImpl.invoke(DelegatingMethodAccessorImpl.java:43)
~ test7(introclassJava.checksum_2c155667_003WhiteboxTest)
[expected:<...agereturn>Checksumis[V]> but was:<...agereturn>Checksumis[]>]
org.junit.ComparisonFailure: expected:<...agereturn>Checksumis[V]> but was:<...agereturn>Checksumis[]>    at org.junit.Assert.assertEquals(Assert.java:115)
    at org.junit.Assert.assertEquals(Assert.java:144)
    at introclassJava.checksum_2c155667_003WhiteboxTest.test7(checksum_2c155667_003WhiteboxTest.java:77)
    at sun.reflect.NativeMethodAccessorImpl.invoke0(Native Method)
    at sun.reflect.NativeMethodAccessorImpl.invoke(NativeMethodAccessorImpl.java:62)
    at sun.reflect.DelegatingMethodAccessorImpl.invoke(DelegatingMethodAccessorImpl.java:43)
~ test8(introclassJava.checksum_2c155667_003WhiteboxTest)
[expected:<...agereturn>Checksumis[X]> but was:<...agereturn>Checksumis[]>]
org.junit.ComparisonFailure: expected:<...agereturn>Checksumis[X]> but was:<...agereturn>Checksumis[]>    at org.junit.Assert.assertEquals(Assert.java:115)
    at org.junit.Assert.assertEquals(Assert.java:144)
    at introclassJava.checksum_2c155667_003WhiteboxTest.test8(checksum_2c155667_003WhiteboxTest.java:86)
    at sun.reflect.NativeMethodAccessorImpl.invoke0(Native Method)
    at sun.reflect.NativeMethodAccessorImpl.invoke(NativeMethodAccessorImpl.java:62)
    at sun.reflect.DelegatingMethodAccessorImpl.invoke(DelegatingMethodAccessorImpl.java:43)
~ test1(introclassJava.checksum_2c155667_003WhiteboxTest)
[expected:<...agereturn>Checksumis[]]> but was:<...agereturn>Checksumis[]>]
org.junit.ComparisonFailure: expected:<...agereturn>Checksumis[]]> but was:<...agereturn>Checksumis[]>    at org.junit.Assert.assertEquals(Assert.java:115)
    at org.junit.Assert.assertEquals(Assert.java:144)
    at introclassJava.checksum_2c155667_003WhiteboxTest.test1(checksum_2c155667_003WhiteboxTest.java:14)
    at sun.reflect.NativeMethodAccessorImpl.invoke0(Native Method)
    at sun.reflect.NativeMethodAccessorImpl.invoke(NativeMethodAccessorImpl.java:62)
    at sun.reflect.DelegatingMethodAccessorImpl.invoke(DelegatingMethodAccessorImpl.java:43)
~ test7(introclassJava.checksum_2c155667_003WhiteboxTest)
[expected:<...agereturn>Checksumis[V]> but was:<...agereturn>Checksumis[]>]
org.junit.ComparisonFailure: expected:<...agereturn>Checksumis[V]> but was:<...agereturn>Checksumis[]>    at org.junit.Assert.assertEquals(Assert.java:115)
    at org.junit.Assert.assertEquals(Assert.java:144)
    at introclassJava.checksum_2c155667_003WhiteboxTest.test7(checksum_2c155667_003WhiteboxTest.java:77)
    at sun.reflect.NativeMethodAccessorImpl.invoke0(Native Method)
    at sun.reflect.NativeMethodAccessorImpl.invoke(NativeMethodAccessorImpl.java:62)
    at sun.reflect.DelegatingMethodAccessorImpl.invoke(DelegatingMethodAccessorImpl.java:43)
~ test8(introclassJava.checksum_2c155667_003WhiteboxTest)
[expected:<...agereturn>Checksumis[X]> but was:<...agereturn>Checksumis[]>]
org.junit.ComparisonFailure: expected:<...agereturn>Checksumis[X]> but was:<...agereturn>Checksumis[]>    at org.junit.Assert.assertEquals(Assert.java:115)
    at org.junit.Assert.assertEquals(Assert.java:144)
    at introclassJava.checksum_2c155667_003WhiteboxTest.test8(checksum_2c155667_003WhiteboxTest.java:86)
    at sun.reflect.NativeMethodAccessorImpl.invoke0(Native Method)
    at sun.reflect.NativeMethodAccessorImpl.invoke(NativeMethodAccessorImpl.java:62)
    at sun.reflect.DelegatingMethodAccessorImpl.invoke(DelegatingMethodAccessorImpl.java:43)
~ test1(introclassJava.checksum_2c155667_003WhiteboxTest)
[expected:<...agereturn>Checksumis[]]> but was:<...agereturn>Checksumis[]>]
org.junit.ComparisonFailure: expected:<...agereturn>Checksumis[]]> but was:<...agereturn>Checksumis[]>    at org.junit.Assert.assertEquals(Assert.java:115)
    at org.junit.Assert.assertEquals(Assert.java:144)
    at introclassJava.checksum_2c155667_003WhiteboxTest.test1(checksum_2c155667_003WhiteboxTest.java:14)
    at sun.reflect.NativeMethodAccessorImpl.invoke0(Native Method)
    at sun.reflect.NativeMethodAccessorImpl.invoke(NativeMethodAccessorImpl.java:62)
    at sun.reflect.DelegatingMethodAccessorImpl.invoke(DelegatingMethodAccessorImpl.java:43)
~ test7(introclassJava.checksum_2c155667_003WhiteboxTest)
[expected:<...agereturn>Checksumis[V]> but was:<...agereturn>Checksumis[]>]
org.junit.ComparisonFailure: expected:<...agereturn>Checksumis[V]> but was:<...agereturn>Checksumis[]>    at org.junit.Assert.assertEquals(Assert.java:115)
    at org.junit.Assert.assertEquals(Assert.java:144)
    at introclassJava.checksum_2c155667_003WhiteboxTest.test7(checksum_2c155667_003WhiteboxTest.java:77)
    at sun.reflect.NativeMethodAccessorImpl.invoke0(Native Method)
    at sun.reflect.NativeMethodAccessorImpl.invoke(NativeMethodAccessorImpl.java:62)
    at sun.reflect.DelegatingMethodAccessorImpl.invoke(DelegatingMethodAccessorImpl.java:43)
~ test8(introclassJava.checksum_2c155667_003WhiteboxTest)
[expected:<...agereturn>Checksumis[X]> but was:<...agereturn>Checksumis[]>]
org.junit.ComparisonFailure: expected:<...agereturn>Checksumis[X]> but was:<...agereturn>Checksumis[]>    at org.junit.Assert.assertEquals(Assert.java:115)
    at org.junit.Assert.assertEquals(Assert.java:144)
    at introclassJava.checksum_2c155667_003WhiteboxTest.test8(checksum_2c155667_003WhiteboxTest.java:86)
    at sun.reflect.NativeMethodAccessorImpl.invoke0(Native Method)
    at sun.reflect.NativeMethodAccessorImpl.invoke(NativeMethodAccessorImpl.java:62)
    at sun.reflect.DelegatingMethodAccessorImpl.invoke(DelegatingMethodAccessorImpl.java:43)

org.junit.ComparisonFailure: expected:<...agereturn>Checksumis[X]> but was:<...agereturn>Checksumis[]>
    at org.junit.Assert.assertEquals(Assert.java:115)
    at org.junit.Assert.assertEquals(Assert.java:144)
    at introclassJava.checksum_2c155667_003WhiteboxTest.test8(checksum_2c155667_003WhiteboxTest.java:86)
    at sun.reflect.NativeMethodAccessorImpl.invoke0(Native Method)
    at sun.reflect.NativeMethodAccessorImpl.invoke(NativeMethodAccessorImpl.java:62)
    at sun.reflect.DelegatingMethodAccessorImpl.invoke(DelegatingMethodAccessorImpl.java:43)
15:57:19.677 [pool-53-thread-1] INFO  f.i.l.c.t.SpecificationTestCasesListener - Tests run finished (3 ms)
<> Total tests run: 1
<> Ignored tests: 0
<> Failed tests: 1
~ test8(introclassJava.checksum_2c155667_003WhiteboxTest)
[expected:<...agereturn>Checksumis[X]> but was:<...agereturn>Checksumis[]>]
org.junit.ComparisonFailure: expected:<...agereturn>Checksumis[X]> but was:<...agereturn>Checksumis[]>    at org.junit.Assert.assertEquals(Assert.java:115)
    at org.junit.Assert.assertEquals(Assert.java:144)
    at introclassJava.checksum_2c155667_003WhiteboxTest.test8(checksum_2c155667_003WhiteboxTest.java:86)
    at sun.reflect.NativeMethodAccessorImpl.invoke0(Native Method)
    at sun.reflect.NativeMethodAccessorImpl.invoke(NativeMethodAccessorImpl.java:62)
    at sun.reflect.DelegatingMethodAccessorImpl.invoke(DelegatingMethodAccessorImpl.java:43)

org.junit.ComparisonFailure: expected:<...agereturn>Checksumis[]]> but was:<...agereturn>Checksumis[]>
    at org.junit.Assert.assertEquals(Assert.java:115)
    at org.junit.Assert.assertEquals(Assert.java:144)
    at introclassJava.checksum_2c155667_003WhiteboxTest.test1(checksum_2c155667_003WhiteboxTest.java:14)
    at sun.reflect.NativeMethodAccessorImpl.invoke0(Native Method)
    at sun.reflect.NativeMethodAccessorImpl.invoke(NativeMethodAccessorImpl.java:62)
    at sun.reflect.DelegatingMethodAccessorImpl.invoke(DelegatingMethodAccessorImpl.java:43)
15:57:19.678 [pool-54-thread-1] INFO  f.i.l.c.t.SpecificationTestCasesListener - Tests run finished (1 ms)
<> Total tests run: 1
<> Ignored tests: 0
<> Failed tests: 1
~ test1(introclassJava.checksum_2c155667_003WhiteboxTest)
[expected:<...agereturn>Checksumis[]]> but was:<...agereturn>Checksumis[]>]
org.junit.ComparisonFailure: expected:<...agereturn>Checksumis[]]> but was:<...agereturn>Checksumis[]>    at org.junit.Assert.assertEquals(Assert.java:115)
    at org.junit.Assert.assertEquals(Assert.java:144)
    at introclassJava.checksum_2c155667_003WhiteboxTest.test1(checksum_2c155667_003WhiteboxTest.java:14)
    at sun.reflect.NativeMethodAccessorImpl.invoke0(Native Method)
    at sun.reflect.NativeMethodAccessorImpl.invoke(NativeMethodAccessorImpl.java:62)
    at sun.reflect.DelegatingMethodAccessorImpl.invoke(DelegatingMethodAccessorImpl.java:43)

org.junit.ComparisonFailure: expected:<...agereturn>Checksumis[V]> but was:<...agereturn>Checksumis[]>
    at org.junit.Assert.assertEquals(Assert.java:115)
    at org.junit.Assert.assertEquals(Assert.java:144)
    at introclassJava.checksum_2c155667_003WhiteboxTest.test7(checksum_2c155667_003WhiteboxTest.java:77)
    at sun.reflect.NativeMethodAccessorImpl.invoke0(Native Method)
    at sun.reflect.NativeMethodAccessorImpl.invoke(NativeMethodAccessorImpl.java:62)
    at sun.reflect.DelegatingMethodAccessorImpl.invoke(DelegatingMethodAccessorImpl.java:43)
15:57:19.679 [pool-55-thread-1] INFO  f.i.l.c.t.SpecificationTestCasesListener - Tests run finished (1 ms)
<> Total tests run: 1
<> Ignored tests: 0
<> Failed tests: 1
~ test7(introclassJava.checksum_2c155667_003WhiteboxTest)
[expected:<...agereturn>Checksumis[V]> but was:<...agereturn>Checksumis[]>]
org.junit.ComparisonFailure: expected:<...agereturn>Checksumis[V]> but was:<...agereturn>Checksumis[]>    at org.junit.Assert.assertEquals(Assert.java:115)
    at org.junit.Assert.assertEquals(Assert.java:144)
    at introclassJava.checksum_2c155667_003WhiteboxTest.test7(checksum_2c155667_003WhiteboxTest.java:77)
    at sun.reflect.NativeMethodAccessorImpl.invoke0(Native Method)
    at sun.reflect.NativeMethodAccessorImpl.invoke(NativeMethodAccessorImpl.java:62)
    at sun.reflect.DelegatingMethodAccessorImpl.invoke(DelegatingMethodAccessorImpl.java:43)

org.junit.ComparisonFailure: expected:<...agereturn>Checksumis[X]> but was:<...agereturn>Checksumis[]>
    at org.junit.Assert.assertEquals(Assert.java:115)
    at org.junit.Assert.assertEquals(Assert.java:144)
    at introclassJava.checksum_2c155667_003WhiteboxTest.test8(checksum_2c155667_003WhiteboxTest.java:86)
    at sun.reflect.NativeMethodAccessorImpl.invoke0(Native Method)
    at sun.reflect.NativeMethodAccessorImpl.invoke(NativeMethodAccessorImpl.java:62)
    at sun.reflect.DelegatingMethodAccessorImpl.invoke(DelegatingMethodAccessorImpl.java:43)
15:57:19.680 [pool-56-thread-1] INFO  f.i.l.c.t.SpecificationTestCasesListener - Tests run finished (1 ms)
<> Total tests run: 1
<> Ignored tests: 0
<> Failed tests: 1
~ test8(introclassJava.checksum_2c155667_003WhiteboxTest)
[expected:<...agereturn>Checksumis[X]> but was:<...agereturn>Checksumis[]>]
org.junit.ComparisonFailure: expected:<...agereturn>Checksumis[X]> but was:<...agereturn>Checksumis[]>    at org.junit.Assert.assertEquals(Assert.java:115)
    at org.junit.Assert.assertEquals(Assert.java:144)
    at introclassJava.checksum_2c155667_003WhiteboxTest.test8(checksum_2c155667_003WhiteboxTest.java:86)
    at sun.reflect.NativeMethodAccessorImpl.invoke0(Native Method)
    at sun.reflect.NativeMethodAccessorImpl.invoke(NativeMethodAccessorImpl.java:62)
    at sun.reflect.DelegatingMethodAccessorImpl.invoke(DelegatingMethodAccessorImpl.java:43)

org.junit.ComparisonFailure: expected:<...agereturn>Checksumis[]]> but was:<...agereturn>Checksumis[]>
    at org.junit.Assert.assertEquals(Assert.java:115)
    at org.junit.Assert.assertEquals(Assert.java:144)
    at introclassJava.checksum_2c155667_003WhiteboxTest.test1(checksum_2c155667_003WhiteboxTest.java:14)
    at sun.reflect.NativeMethodAccessorImpl.invoke0(Native Method)
    at sun.reflect.NativeMethodAccessorImpl.invoke(NativeMethodAccessorImpl.java:62)
    at sun.reflect.DelegatingMethodAccessorImpl.invoke(DelegatingMethodAccessorImpl.java:43)
15:57:19.681 [pool-57-thread-1] INFO  f.i.l.c.t.SpecificationTestCasesListener - Tests run finished (0 ms)
<> Total tests run: 1
<> Ignored tests: 0
<> Failed tests: 1
~ test1(introclassJava.checksum_2c155667_003WhiteboxTest)
[expected:<...agereturn>Checksumis[]]> but was:<...agereturn>Checksumis[]>]
org.junit.ComparisonFailure: expected:<...agereturn>Checksumis[]]> but was:<...agereturn>Checksumis[]>    at org.junit.Assert.assertEquals(Assert.java:115)
    at org.junit.Assert.assertEquals(Assert.java:144)
    at introclassJava.checksum_2c155667_003WhiteboxTest.test1(checksum_2c155667_003WhiteboxTest.java:14)
    at sun.reflect.NativeMethodAccessorImpl.invoke0(Native Method)
    at sun.reflect.NativeMethodAccessorImpl.invoke(NativeMethodAccessorImpl.java:62)
    at sun.reflect.DelegatingMethodAccessorImpl.invoke(DelegatingMethodAccessorImpl.java:43)

org.junit.ComparisonFailure: expected:<...agereturn>Checksumis[V]> but was:<...agereturn>Checksumis[]>
    at org.junit.Assert.assertEquals(Assert.java:115)
    at org.junit.Assert.assertEquals(Assert.java:144)
    at introclassJava.checksum_2c155667_003WhiteboxTest.test7(checksum_2c155667_003WhiteboxTest.java:77)
    at sun.reflect.NativeMethodAccessorImpl.invoke0(Native Method)
    at sun.reflect.NativeMethodAccessorImpl.invoke(NativeMethodAccessorImpl.java:62)
    at sun.reflect.DelegatingMethodAccessorImpl.invoke(DelegatingMethodAccessorImpl.java:43)
15:57:19.682 [pool-58-thread-1] INFO  f.i.l.c.t.SpecificationTestCasesListener - Tests run finished (1 ms)
<> Total tests run: 1
<> Ignored tests: 0
<> Failed tests: 1
~ test7(introclassJava.checksum_2c155667_003WhiteboxTest)
[expected:<...agereturn>Checksumis[V]> but was:<...agereturn>Checksumis[]>]
org.junit.ComparisonFailure: expected:<...agereturn>Checksumis[V]> but was:<...agereturn>Checksumis[]>    at org.junit.Assert.assertEquals(Assert.java:115)
    at org.junit.Assert.assertEquals(Assert.java:144)
    at introclassJava.checksum_2c155667_003WhiteboxTest.test7(checksum_2c155667_003WhiteboxTest.java:77)
    at sun.reflect.NativeMethodAccessorImpl.invoke0(Native Method)
    at sun.reflect.NativeMethodAccessorImpl.invoke(NativeMethodAccessorImpl.java:62)
    at sun.reflect.DelegatingMethodAccessorImpl.invoke(DelegatingMethodAccessorImpl.java:43)

15:57:19.682 [pool-51-thread-1] DEBUG tests.output - Failing tests with false: 
[test8(introclassJava.checksum_2c155667_003WhiteboxTest): expected:<...agereturn>Checksumis[X]> but was:<...agereturn>Checksumis[]>, test1(introclassJava.checksum_2c155667_003WhiteboxTest): expected:<...agereturn>Checksumis[]]> but was:<...agereturn>Checksumis[]>, test7(introclassJava.checksum_2c155667_003WhiteboxTest): expected:<...agereturn>Checksumis[V]> but was:<...agereturn>Checksumis[]>]
15:57:19.683 [pool-51-thread-1] DEBUG tests.output - Failing tests with true: 
[test8(introclassJava.checksum_2c155667_003WhiteboxTest): expected:<...agereturn>Checksumis[X]> but was:<...agereturn>Checksumis[]>, test1(introclassJava.checksum_2c155667_003WhiteboxTest): expected:<...agereturn>Checksumis[]]> but was:<...agereturn>Checksumis[]>, test7(introclassJava.checksum_2c155667_003WhiteboxTest): expected:<...agereturn>Checksumis[V]> but was:<...agereturn>Checksumis[]>]
15:57:19.683 [pool-51-thread-1] INFO  f.i.l.r.n.synth.SMTNopolSynthesizer - Not enough specifications: 0. A trivial patch is "true" or "false", please write new tests specifying SourceLocation introclassJava.checksum_2c155667_003:67.
15:57:19.683 [pool-2-thread-1] DEBUG fr.inria.lille.repair.nopol.NoPol - statement #9
15:57:19.683 [pool-2-thread-1] DEBUG fr.inria.lille.repair.nopol.NoPol - Analysing SourceLocation introclassJava.checksum_2c155667_003:66 which is executed by 16 tests
2135544680
15:57:19.726 [pool-2-thread-1] DEBUG fr.inria.lille.repair.nopol.NoPol - looking with class fr.inria.lille.repair.nopol.spoon.smt.ConditionalAdder
org.junit.ComparisonFailure: expected:<...agereturn>Checksumis[]]> but was:<...agereturn>Checksumis[]>
    at org.junit.Assert.assertEquals(Assert.java:115)
    at org.junit.Assert.assertEquals(Assert.java:144)
    at introclassJava.checksum_2c155667_003WhiteboxTest.test1(checksum_2c155667_003WhiteboxTest.java:14)
    at sun.reflect.NativeMethodAccessorImpl.invoke0(Native Method)
    at sun.reflect.NativeMethodAccessorImpl.invoke(NativeMethodAccessorImpl.java:62)
    at sun.reflect.DelegatingMethodAccessorImpl.invoke(DelegatingMethodAccessorImpl.java:43)
org.junit.ComparisonFailure: expected:<...agereturn>Checksumis[V]> but was:<...agereturn>Checksumis[]>
    at org.junit.Assert.assertEquals(Assert.java:115)
    at org.junit.Assert.assertEquals(Assert.java:144)
    at introclassJava.checksum_2c155667_003WhiteboxTest.test7(checksum_2c155667_003WhiteboxTest.java:77)
    at sun.reflect.NativeMethodAccessorImpl.invoke0(Native Method)
    at sun.reflect.NativeMethodAccessorImpl.invoke(NativeMethodAccessorImpl.java:62)
    at sun.reflect.DelegatingMethodAccessorImpl.invoke(DelegatingMethodAccessorImpl.java:43)
org.junit.ComparisonFailure: expected:<...agereturn>Checksumis[X]> but was:<...agereturn>Checksumis[]>
    at org.junit.Assert.assertEquals(Assert.java:115)
    at org.junit.Assert.assertEquals(Assert.java:144)
    at introclassJava.checksum_2c155667_003WhiteboxTest.test8(checksum_2c155667_003WhiteboxTest.java:86)
    at sun.reflect.NativeMethodAccessorImpl.invoke0(Native Method)
    at sun.reflect.NativeMethodAccessorImpl.invoke(NativeMethodAccessorImpl.java:62)
    at sun.reflect.DelegatingMethodAccessorImpl.invoke(DelegatingMethodAccessorImpl.java:43)
org.junit.ComparisonFailure: expected:<...agereturn>Checksumis[]]> but was:<...agereturn>Checksumis[]>
    at org.junit.Assert.assertEquals(Assert.java:115)
    at org.junit.Assert.assertEquals(Assert.java:144)
    at introclassJava.checksum_2c155667_003WhiteboxTest.test1(checksum_2c155667_003WhiteboxTest.java:14)
    at sun.reflect.NativeMethodAccessorImpl.invoke0(Native Method)
    at sun.reflect.NativeMethodAccessorImpl.invoke(NativeMethodAccessorImpl.java:62)
    at sun.reflect.DelegatingMethodAccessorImpl.invoke(DelegatingMethodAccessorImpl.java:43)
org.junit.ComparisonFailure: expected:<...agereturn>Checksumis[V]> but was:<...agereturn>Checksumis[]>
    at org.junit.Assert.assertEquals(Assert.java:115)
    at org.junit.Assert.assertEquals(Assert.java:144)
    at introclassJava.checksum_2c155667_003WhiteboxTest.test7(checksum_2c155667_003WhiteboxTest.java:77)
    at sun.reflect.NativeMethodAccessorImpl.invoke0(Native Method)
    at sun.reflect.NativeMethodAccessorImpl.invoke(NativeMethodAccessorImpl.java:62)
    at sun.reflect.DelegatingMethodAccessorImpl.invoke(DelegatingMethodAccessorImpl.java:43)
org.junit.ComparisonFailure: expected:<...agereturn>Checksumis[X]> but was:<...agereturn>Checksumis[]>
    at org.junit.Assert.assertEquals(Assert.java:115)
    at org.junit.Assert.assertEquals(Assert.java:144)
    at introclassJava.checksum_2c155667_003WhiteboxTest.test8(checksum_2c155667_003WhiteboxTest.java:86)
    at sun.reflect.NativeMethodAccessorImpl.invoke0(Native Method)
    at sun.reflect.NativeMethodAccessorImpl.invoke(NativeMethodAccessorImpl.java:62)
    at sun.reflect.DelegatingMethodAccessorImpl.invoke(DelegatingMethodAccessorImpl.java:43)
org.junit.ComparisonFailure: expected:<...agereturn>Checksumis[]]> but was:<...agereturn>Checksumis[]>
    at org.junit.Assert.assertEquals(Assert.java:115)
    at org.junit.Assert.assertEquals(Assert.java:144)
    at introclassJava.checksum_2c155667_003WhiteboxTest.test1(checksum_2c155667_003WhiteboxTest.java:14)
    at sun.reflect.NativeMethodAccessorImpl.invoke0(Native Method)
    at sun.reflect.NativeMethodAccessorImpl.invoke(NativeMethodAccessorImpl.java:62)
    at sun.reflect.DelegatingMethodAccessorImpl.invoke(DelegatingMethodAccessorImpl.java:43)
org.junit.ComparisonFailure: expected:<...agereturn>Checksumis[V]> but was:<...agereturn>Checksumis[]>
    at org.junit.Assert.assertEquals(Assert.java:115)
    at org.junit.Assert.assertEquals(Assert.java:144)
    at introclassJava.checksum_2c155667_003WhiteboxTest.test7(checksum_2c155667_003WhiteboxTest.java:77)
    at sun.reflect.NativeMethodAccessorImpl.invoke0(Native Method)
    at sun.reflect.NativeMethodAccessorImpl.invoke(NativeMethodAccessorImpl.java:62)
    at sun.reflect.DelegatingMethodAccessorImpl.invoke(DelegatingMethodAccessorImpl.java:43)
org.junit.ComparisonFailure: expected:<...agereturn>Checksumis[X]> but was:<...agereturn>Checksumis[]>
    at org.junit.Assert.assertEquals(Assert.java:115)
    at org.junit.Assert.assertEquals(Assert.java:144)
    at introclassJava.checksum_2c155667_003WhiteboxTest.test8(checksum_2c155667_003WhiteboxTest.java:86)
    at sun.reflect.NativeMethodAccessorImpl.invoke0(Native Method)
    at sun.reflect.NativeMethodAccessorImpl.invoke(NativeMethodAccessorImpl.java:62)
    at sun.reflect.DelegatingMethodAccessorImpl.invoke(DelegatingMethodAccessorImpl.java:43)
15:57:19.742 [pool-60-thread-1] INFO  xxl.java.junit.TestCasesListener - Tests run finished (14 ms)
<> Total tests run: 30
<> Ignored tests: 0
<> Failed tests: 9
~ test1(introclassJava.checksum_2c155667_003WhiteboxTest)
[expected:<...agereturn>Checksumis[]]> but was:<...agereturn>Checksumis[]>]
org.junit.ComparisonFailure: expected:<...agereturn>Checksumis[]]> but was:<...agereturn>Checksumis[]>    at org.junit.Assert.assertEquals(Assert.java:115)
    at org.junit.Assert.assertEquals(Assert.java:144)
    at introclassJava.checksum_2c155667_003WhiteboxTest.test1(checksum_2c155667_003WhiteboxTest.java:14)
    at sun.reflect.NativeMethodAccessorImpl.invoke0(Native Method)
    at sun.reflect.NativeMethodAccessorImpl.invoke(NativeMethodAccessorImpl.java:62)
    at sun.reflect.DelegatingMethodAccessorImpl.invoke(DelegatingMethodAccessorImpl.java:43)
~ test7(introclassJava.checksum_2c155667_003WhiteboxTest)
[expected:<...agereturn>Checksumis[V]> but was:<...agereturn>Checksumis[]>]
org.junit.ComparisonFailure: expected:<...agereturn>Checksumis[V]> but was:<...agereturn>Checksumis[]>    at org.junit.Assert.assertEquals(Assert.java:115)
    at org.junit.Assert.assertEquals(Assert.java:144)
    at introclassJava.checksum_2c155667_003WhiteboxTest.test7(checksum_2c155667_003WhiteboxTest.java:77)
    at sun.reflect.NativeMethodAccessorImpl.invoke0(Native Method)
    at sun.reflect.NativeMethodAccessorImpl.invoke(NativeMethodAccessorImpl.java:62)
    at sun.reflect.DelegatingMethodAccessorImpl.invoke(DelegatingMethodAccessorImpl.java:43)
~ test8(introclassJava.checksum_2c155667_003WhiteboxTest)
[expected:<...agereturn>Checksumis[X]> but was:<...agereturn>Checksumis[]>]
org.junit.ComparisonFailure: expected:<...agereturn>Checksumis[X]> but was:<...agereturn>Checksumis[]>    at org.junit.Assert.assertEquals(Assert.java:115)
    at org.junit.Assert.assertEquals(Assert.java:144)
    at introclassJava.checksum_2c155667_003WhiteboxTest.test8(checksum_2c155667_003WhiteboxTest.java:86)
    at sun.reflect.NativeMethodAccessorImpl.invoke0(Native Method)
    at sun.reflect.NativeMethodAccessorImpl.invoke(NativeMethodAccessorImpl.java:62)
    at sun.reflect.DelegatingMethodAccessorImpl.invoke(DelegatingMethodAccessorImpl.java:43)
~ test1(introclassJava.checksum_2c155667_003WhiteboxTest)
[expected:<...agereturn>Checksumis[]]> but was:<...agereturn>Checksumis[]>]
org.junit.ComparisonFailure: expected:<...agereturn>Checksumis[]]> but was:<...agereturn>Checksumis[]>    at org.junit.Assert.assertEquals(Assert.java:115)
    at org.junit.Assert.assertEquals(Assert.java:144)
    at introclassJava.checksum_2c155667_003WhiteboxTest.test1(checksum_2c155667_003WhiteboxTest.java:14)
    at sun.reflect.NativeMethodAccessorImpl.invoke0(Native Method)
    at sun.reflect.NativeMethodAccessorImpl.invoke(NativeMethodAccessorImpl.java:62)
    at sun.reflect.DelegatingMethodAccessorImpl.invoke(DelegatingMethodAccessorImpl.java:43)
~ test7(introclassJava.checksum_2c155667_003WhiteboxTest)
[expected:<...agereturn>Checksumis[V]> but was:<...agereturn>Checksumis[]>]
org.junit.ComparisonFailure: expected:<...agereturn>Checksumis[V]> but was:<...agereturn>Checksumis[]>    at org.junit.Assert.assertEquals(Assert.java:115)
    at org.junit.Assert.assertEquals(Assert.java:144)
    at introclassJava.checksum_2c155667_003WhiteboxTest.test7(checksum_2c155667_003WhiteboxTest.java:77)
    at sun.reflect.NativeMethodAccessorImpl.invoke0(Native Method)
    at sun.reflect.NativeMethodAccessorImpl.invoke(NativeMethodAccessorImpl.java:62)
    at sun.reflect.DelegatingMethodAccessorImpl.invoke(DelegatingMethodAccessorImpl.java:43)
~ test8(introclassJava.checksum_2c155667_003WhiteboxTest)
[expected:<...agereturn>Checksumis[X]> but was:<...agereturn>Checksumis[]>]
org.junit.ComparisonFailure: expected:<...agereturn>Checksumis[X]> but was:<...agereturn>Checksumis[]>    at org.junit.Assert.assertEquals(Assert.java:115)
    at org.junit.Assert.assertEquals(Assert.java:144)
    at introclassJava.checksum_2c155667_003WhiteboxTest.test8(checksum_2c155667_003WhiteboxTest.java:86)
    at sun.reflect.NativeMethodAccessorImpl.invoke0(Native Method)
    at sun.reflect.NativeMethodAccessorImpl.invoke(NativeMethodAccessorImpl.java:62)
    at sun.reflect.DelegatingMethodAccessorImpl.invoke(DelegatingMethodAccessorImpl.java:43)
~ test1(introclassJava.checksum_2c155667_003WhiteboxTest)
[expected:<...agereturn>Checksumis[]]> but was:<...agereturn>Checksumis[]>]
org.junit.ComparisonFailure: expected:<...agereturn>Checksumis[]]> but was:<...agereturn>Checksumis[]>    at org.junit.Assert.assertEquals(Assert.java:115)
    at org.junit.Assert.assertEquals(Assert.java:144)
    at introclassJava.checksum_2c155667_003WhiteboxTest.test1(checksum_2c155667_003WhiteboxTest.java:14)
    at sun.reflect.NativeMethodAccessorImpl.invoke0(Native Method)
    at sun.reflect.NativeMethodAccessorImpl.invoke(NativeMethodAccessorImpl.java:62)
    at sun.reflect.DelegatingMethodAccessorImpl.invoke(DelegatingMethodAccessorImpl.java:43)
~ test7(introclassJava.checksum_2c155667_003WhiteboxTest)
[expected:<...agereturn>Checksumis[V]> but was:<...agereturn>Checksumis[]>]
org.junit.ComparisonFailure: expected:<...agereturn>Checksumis[V]> but was:<...agereturn>Checksumis[]>    at org.junit.Assert.assertEquals(Assert.java:115)
    at org.junit.Assert.assertEquals(Assert.java:144)
    at introclassJava.checksum_2c155667_003WhiteboxTest.test7(checksum_2c155667_003WhiteboxTest.java:77)
    at sun.reflect.NativeMethodAccessorImpl.invoke0(Native Method)
    at sun.reflect.NativeMethodAccessorImpl.invoke(NativeMethodAccessorImpl.java:62)
    at sun.reflect.DelegatingMethodAccessorImpl.invoke(DelegatingMethodAccessorImpl.java:43)
~ test8(introclassJava.checksum_2c155667_003WhiteboxTest)
[expected:<...agereturn>Checksumis[X]> but was:<...agereturn>Checksumis[]>]
org.junit.ComparisonFailure: expected:<...agereturn>Checksumis[X]> but was:<...agereturn>Checksumis[]>    at org.junit.Assert.assertEquals(Assert.java:115)
    at org.junit.Assert.assertEquals(Assert.java:144)
    at introclassJava.checksum_2c155667_003WhiteboxTest.test8(checksum_2c155667_003WhiteboxTest.java:86)
    at sun.reflect.NativeMethodAccessorImpl.invoke0(Native Method)
    at sun.reflect.NativeMethodAccessorImpl.invoke(NativeMethodAccessorImpl.java:62)
    at sun.reflect.DelegatingMethodAccessorImpl.invoke(DelegatingMethodAccessorImpl.java:43)

org.junit.ComparisonFailure: expected:<...agereturn>Checksumis[X]> but was:<...agereturn>Checksumis[]>
    at org.junit.Assert.assertEquals(Assert.java:115)
    at org.junit.Assert.assertEquals(Assert.java:144)
    at introclassJava.checksum_2c155667_003WhiteboxTest.test8(checksum_2c155667_003WhiteboxTest.java:86)
    at sun.reflect.NativeMethodAccessorImpl.invoke0(Native Method)
    at sun.reflect.NativeMethodAccessorImpl.invoke(NativeMethodAccessorImpl.java:62)
    at sun.reflect.DelegatingMethodAccessorImpl.invoke(DelegatingMethodAccessorImpl.java:43)
15:57:19.818 [pool-61-thread-1] INFO  f.i.l.c.t.SpecificationTestCasesListener - Tests run finished (2 ms)
<> Total tests run: 1
<> Ignored tests: 0
<> Failed tests: 1
~ test8(introclassJava.checksum_2c155667_003WhiteboxTest)
[expected:<...agereturn>Checksumis[X]> but was:<...agereturn>Checksumis[]>]
org.junit.ComparisonFailure: expected:<...agereturn>Checksumis[X]> but was:<...agereturn>Checksumis[]>    at org.junit.Assert.assertEquals(Assert.java:115)
    at org.junit.Assert.assertEquals(Assert.java:144)
    at introclassJava.checksum_2c155667_003WhiteboxTest.test8(checksum_2c155667_003WhiteboxTest.java:86)
    at sun.reflect.NativeMethodAccessorImpl.invoke0(Native Method)
    at sun.reflect.NativeMethodAccessorImpl.invoke(NativeMethodAccessorImpl.java:62)
    at sun.reflect.DelegatingMethodAccessorImpl.invoke(DelegatingMethodAccessorImpl.java:43)

org.junit.ComparisonFailure: expected:<...agereturn>Checksumis[]]> but was:<...agereturn>Checksumis[]>
    at org.junit.Assert.assertEquals(Assert.java:115)
    at org.junit.Assert.assertEquals(Assert.java:144)
    at introclassJava.checksum_2c155667_003WhiteboxTest.test1(checksum_2c155667_003WhiteboxTest.java:14)
    at sun.reflect.NativeMethodAccessorImpl.invoke0(Native Method)
    at sun.reflect.NativeMethodAccessorImpl.invoke(NativeMethodAccessorImpl.java:62)
    at sun.reflect.DelegatingMethodAccessorImpl.invoke(DelegatingMethodAccessorImpl.java:43)
15:57:19.820 [pool-62-thread-1] INFO  f.i.l.c.t.SpecificationTestCasesListener - Tests run finished (1 ms)
<> Total tests run: 1
<> Ignored tests: 0
<> Failed tests: 1
~ test1(introclassJava.checksum_2c155667_003WhiteboxTest)
[expected:<...agereturn>Checksumis[]]> but was:<...agereturn>Checksumis[]>]
org.junit.ComparisonFailure: expected:<...agereturn>Checksumis[]]> but was:<...agereturn>Checksumis[]>    at org.junit.Assert.assertEquals(Assert.java:115)
    at org.junit.Assert.assertEquals(Assert.java:144)
    at introclassJava.checksum_2c155667_003WhiteboxTest.test1(checksum_2c155667_003WhiteboxTest.java:14)
    at sun.reflect.NativeMethodAccessorImpl.invoke0(Native Method)
    at sun.reflect.NativeMethodAccessorImpl.invoke(NativeMethodAccessorImpl.java:62)
    at sun.reflect.DelegatingMethodAccessorImpl.invoke(DelegatingMethodAccessorImpl.java:43)

org.junit.ComparisonFailure: expected:<...agereturn>Checksumis[V]> but was:<...agereturn>Checksumis[]>
    at org.junit.Assert.assertEquals(Assert.java:115)
    at org.junit.Assert.assertEquals(Assert.java:144)
    at introclassJava.checksum_2c155667_003WhiteboxTest.test7(checksum_2c155667_003WhiteboxTest.java:77)
    at sun.reflect.NativeMethodAccessorImpl.invoke0(Native Method)
    at sun.reflect.NativeMethodAccessorImpl.invoke(NativeMethodAccessorImpl.java:62)
    at sun.reflect.DelegatingMethodAccessorImpl.invoke(DelegatingMethodAccessorImpl.java:43)
15:57:19.821 [pool-63-thread-1] INFO  f.i.l.c.t.SpecificationTestCasesListener - Tests run finished (0 ms)
<> Total tests run: 1
<> Ignored tests: 0
<> Failed tests: 1
~ test7(introclassJava.checksum_2c155667_003WhiteboxTest)
[expected:<...agereturn>Checksumis[V]> but was:<...agereturn>Checksumis[]>]
org.junit.ComparisonFailure: expected:<...agereturn>Checksumis[V]> but was:<...agereturn>Checksumis[]>    at org.junit.Assert.assertEquals(Assert.java:115)
    at org.junit.Assert.assertEquals(Assert.java:144)
    at introclassJava.checksum_2c155667_003WhiteboxTest.test7(checksum_2c155667_003WhiteboxTest.java:77)
    at sun.reflect.NativeMethodAccessorImpl.invoke0(Native Method)
    at sun.reflect.NativeMethodAccessorImpl.invoke(NativeMethodAccessorImpl.java:62)
    at sun.reflect.DelegatingMethodAccessorImpl.invoke(DelegatingMethodAccessorImpl.java:43)

org.junit.ComparisonFailure: expected:<...agereturn>Checksumis[X]> but was:<...agereturn>Checksumis[]>
    at org.junit.Assert.assertEquals(Assert.java:115)
    at org.junit.Assert.assertEquals(Assert.java:144)
    at introclassJava.checksum_2c155667_003WhiteboxTest.test8(checksum_2c155667_003WhiteboxTest.java:86)
    at sun.reflect.NativeMethodAccessorImpl.invoke0(Native Method)
    at sun.reflect.NativeMethodAccessorImpl.invoke(NativeMethodAccessorImpl.java:62)
    at sun.reflect.DelegatingMethodAccessorImpl.invoke(DelegatingMethodAccessorImpl.java:43)
15:57:19.822 [pool-64-thread-1] INFO  f.i.l.c.t.SpecificationTestCasesListener - Tests run finished (0 ms)
<> Total tests run: 1
<> Ignored tests: 0
<> Failed tests: 1
~ test8(introclassJava.checksum_2c155667_003WhiteboxTest)
[expected:<...agereturn>Checksumis[X]> but was:<...agereturn>Checksumis[]>]
org.junit.ComparisonFailure: expected:<...agereturn>Checksumis[X]> but was:<...agereturn>Checksumis[]>    at org.junit.Assert.assertEquals(Assert.java:115)
    at org.junit.Assert.assertEquals(Assert.java:144)
    at introclassJava.checksum_2c155667_003WhiteboxTest.test8(checksum_2c155667_003WhiteboxTest.java:86)
    at sun.reflect.NativeMethodAccessorImpl.invoke0(Native Method)
    at sun.reflect.NativeMethodAccessorImpl.invoke(NativeMethodAccessorImpl.java:62)
    at sun.reflect.DelegatingMethodAccessorImpl.invoke(DelegatingMethodAccessorImpl.java:43)

org.junit.ComparisonFailure: expected:<...agereturn>Checksumis[]]> but was:<...agereturn>Checksumis[]>
    at org.junit.Assert.assertEquals(Assert.java:115)
    at org.junit.Assert.assertEquals(Assert.java:144)
    at introclassJava.checksum_2c155667_003WhiteboxTest.test1(checksum_2c155667_003WhiteboxTest.java:14)
    at sun.reflect.NativeMethodAccessorImpl.invoke0(Native Method)
    at sun.reflect.NativeMethodAccessorImpl.invoke(NativeMethodAccessorImpl.java:62)
    at sun.reflect.DelegatingMethodAccessorImpl.invoke(DelegatingMethodAccessorImpl.java:43)
15:57:19.823 [pool-65-thread-1] INFO  f.i.l.c.t.SpecificationTestCasesListener - Tests run finished (0 ms)
<> Total tests run: 1
<> Ignored tests: 0
<> Failed tests: 1
~ test1(introclassJava.checksum_2c155667_003WhiteboxTest)
[expected:<...agereturn>Checksumis[]]> but was:<...agereturn>Checksumis[]>]
org.junit.ComparisonFailure: expected:<...agereturn>Checksumis[]]> but was:<...agereturn>Checksumis[]>    at org.junit.Assert.assertEquals(Assert.java:115)
    at org.junit.Assert.assertEquals(Assert.java:144)
    at introclassJava.checksum_2c155667_003WhiteboxTest.test1(checksum_2c155667_003WhiteboxTest.java:14)
    at sun.reflect.NativeMethodAccessorImpl.invoke0(Native Method)
    at sun.reflect.NativeMethodAccessorImpl.invoke(NativeMethodAccessorImpl.java:62)
    at sun.reflect.DelegatingMethodAccessorImpl.invoke(DelegatingMethodAccessorImpl.java:43)

org.junit.ComparisonFailure: expected:<...agereturn>Checksumis[V]> but was:<...agereturn>Checksumis[]>
    at org.junit.Assert.assertEquals(Assert.java:115)
    at org.junit.Assert.assertEquals(Assert.java:144)
    at introclassJava.checksum_2c155667_003WhiteboxTest.test7(checksum_2c155667_003WhiteboxTest.java:77)
    at sun.reflect.NativeMethodAccessorImpl.invoke0(Native Method)
    at sun.reflect.NativeMethodAccessorImpl.invoke(NativeMethodAccessorImpl.java:62)
    at sun.reflect.DelegatingMethodAccessorImpl.invoke(DelegatingMethodAccessorImpl.java:43)
15:57:19.825 [pool-66-thread-1] INFO  f.i.l.c.t.SpecificationTestCasesListener - Tests run finished (0 ms)
<> Total tests run: 1
<> Ignored tests: 0
<> Failed tests: 1
~ test7(introclassJava.checksum_2c155667_003WhiteboxTest)
[expected:<...agereturn>Checksumis[V]> but was:<...agereturn>Checksumis[]>]
org.junit.ComparisonFailure: expected:<...agereturn>Checksumis[V]> but was:<...agereturn>Checksumis[]>    at org.junit.Assert.assertEquals(Assert.java:115)
    at org.junit.Assert.assertEquals(Assert.java:144)
    at introclassJava.checksum_2c155667_003WhiteboxTest.test7(checksum_2c155667_003WhiteboxTest.java:77)
    at sun.reflect.NativeMethodAccessorImpl.invoke0(Native Method)
    at sun.reflect.NativeMethodAccessorImpl.invoke(NativeMethodAccessorImpl.java:62)
    at sun.reflect.DelegatingMethodAccessorImpl.invoke(DelegatingMethodAccessorImpl.java:43)

15:57:19.825 [pool-59-thread-1] DEBUG tests.output - Failing tests with false: 
[test8(introclassJava.checksum_2c155667_003WhiteboxTest): expected:<...agereturn>Checksumis[X]> but was:<...agereturn>Checksumis[]>, test1(introclassJava.checksum_2c155667_003WhiteboxTest): expected:<...agereturn>Checksumis[]]> but was:<...agereturn>Checksumis[]>, test7(introclassJava.checksum_2c155667_003WhiteboxTest): expected:<...agereturn>Checksumis[V]> but was:<...agereturn>Checksumis[]>]
15:57:19.825 [pool-59-thread-1] DEBUG tests.output - Failing tests with true: 
[test8(introclassJava.checksum_2c155667_003WhiteboxTest): expected:<...agereturn>Checksumis[X]> but was:<...agereturn>Checksumis[]>, test1(introclassJava.checksum_2c155667_003WhiteboxTest): expected:<...agereturn>Checksumis[]]> but was:<...agereturn>Checksumis[]>, test7(introclassJava.checksum_2c155667_003WhiteboxTest): expected:<...agereturn>Checksumis[V]> but was:<...agereturn>Checksumis[]>]
15:57:19.825 [pool-59-thread-1] INFO  f.i.l.r.n.synth.SMTNopolSynthesizer - Not enough specifications: 0. A trivial patch is "true" or "false", please write new tests specifying SourceLocation introclassJava.checksum_2c155667_003:66.
15:57:19.825 [pool-2-thread-1] DEBUG fr.inria.lille.repair.nopol.NoPol - statement #10
15:57:19.825 [pool-2-thread-1] DEBUG fr.inria.lille.repair.nopol.NoPol - Analysing SourceLocation introclassJava.checksum_2c155667_003:65 which is executed by 16 tests
2135544680
15:57:19.868 [pool-2-thread-1] DEBUG fr.inria.lille.repair.nopol.NoPol - statement #11
15:57:19.868 [pool-2-thread-1] DEBUG fr.inria.lille.repair.nopol.NoPol - Analysing SourceLocation introclassJava.checksum_2c155667_003:63 which is executed by 16 tests
2135544680
15:57:19.911 [pool-2-thread-1] DEBUG fr.inria.lille.repair.nopol.NoPol - looking with class fr.inria.lille.repair.nopol.spoon.smt.ConditionalAdder
org.junit.ComparisonFailure: expected:<...agereturn>Checksumis[]]> but was:<...agereturn>Checksumis[]>
    at org.junit.Assert.assertEquals(Assert.java:115)
    at org.junit.Assert.assertEquals(Assert.java:144)
    at introclassJava.checksum_2c155667_003WhiteboxTest.test1(checksum_2c155667_003WhiteboxTest.java:14)
    at sun.reflect.NativeMethodAccessorImpl.invoke0(Native Method)
    at sun.reflect.NativeMethodAccessorImpl.invoke(NativeMethodAccessorImpl.java:62)
    at sun.reflect.DelegatingMethodAccessorImpl.invoke(DelegatingMethodAccessorImpl.java:43)
org.junit.ComparisonFailure: expected:<...agereturn>Checksumis[V]> but was:<...agereturn>Checksumis[]>
    at org.junit.Assert.assertEquals(Assert.java:115)
    at org.junit.Assert.assertEquals(Assert.java:144)
    at introclassJava.checksum_2c155667_003WhiteboxTest.test7(checksum_2c155667_003WhiteboxTest.java:77)
    at sun.reflect.NativeMethodAccessorImpl.invoke0(Native Method)
    at sun.reflect.NativeMethodAccessorImpl.invoke(NativeMethodAccessorImpl.java:62)
    at sun.reflect.DelegatingMethodAccessorImpl.invoke(DelegatingMethodAccessorImpl.java:43)
org.junit.ComparisonFailure: expected:<...agereturn>Checksumis[X]> but was:<...agereturn>Checksumis[]>
    at org.junit.Assert.assertEquals(Assert.java:115)
    at org.junit.Assert.assertEquals(Assert.java:144)
    at introclassJava.checksum_2c155667_003WhiteboxTest.test8(checksum_2c155667_003WhiteboxTest.java:86)
    at sun.reflect.NativeMethodAccessorImpl.invoke0(Native Method)
    at sun.reflect.NativeMethodAccessorImpl.invoke(NativeMethodAccessorImpl.java:62)
    at sun.reflect.DelegatingMethodAccessorImpl.invoke(DelegatingMethodAccessorImpl.java:43)
org.junit.ComparisonFailure: expected:<...agereturn>Checksumis[]]> but was:<...agereturn>Checksumis[]>
    at org.junit.Assert.assertEquals(Assert.java:115)
    at org.junit.Assert.assertEquals(Assert.java:144)
    at introclassJava.checksum_2c155667_003WhiteboxTest.test1(checksum_2c155667_003WhiteboxTest.java:14)
    at sun.reflect.NativeMethodAccessorImpl.invoke0(Native Method)
    at sun.reflect.NativeMethodAccessorImpl.invoke(NativeMethodAccessorImpl.java:62)
    at sun.reflect.DelegatingMethodAccessorImpl.invoke(DelegatingMethodAccessorImpl.java:43)
org.junit.ComparisonFailure: expected:<...agereturn>Checksumis[V]> but was:<...agereturn>Checksumis[]>
    at org.junit.Assert.assertEquals(Assert.java:115)
    at org.junit.Assert.assertEquals(Assert.java:144)
    at introclassJava.checksum_2c155667_003WhiteboxTest.test7(checksum_2c155667_003WhiteboxTest.java:77)
    at sun.reflect.NativeMethodAccessorImpl.invoke0(Native Method)
    at sun.reflect.NativeMethodAccessorImpl.invoke(NativeMethodAccessorImpl.java:62)
    at sun.reflect.DelegatingMethodAccessorImpl.invoke(DelegatingMethodAccessorImpl.java:43)
org.junit.ComparisonFailure: expected:<...agereturn>Checksumis[X]> but was:<...agereturn>Checksumis[]>
    at org.junit.Assert.assertEquals(Assert.java:115)
    at org.junit.Assert.assertEquals(Assert.java:144)
    at introclassJava.checksum_2c155667_003WhiteboxTest.test8(checksum_2c155667_003WhiteboxTest.java:86)
    at sun.reflect.NativeMethodAccessorImpl.invoke0(Native Method)
    at sun.reflect.NativeMethodAccessorImpl.invoke(NativeMethodAccessorImpl.java:62)
    at sun.reflect.DelegatingMethodAccessorImpl.invoke(DelegatingMethodAccessorImpl.java:43)
org.junit.ComparisonFailure: expected:<...agereturn>Checksumis[]]> but was:<...agereturn>Checksumis[]>
    at org.junit.Assert.assertEquals(Assert.java:115)
    at org.junit.Assert.assertEquals(Assert.java:144)
    at introclassJava.checksum_2c155667_003WhiteboxTest.test1(checksum_2c155667_003WhiteboxTest.java:14)
    at sun.reflect.NativeMethodAccessorImpl.invoke0(Native Method)
    at sun.reflect.NativeMethodAccessorImpl.invoke(NativeMethodAccessorImpl.java:62)
    at sun.reflect.DelegatingMethodAccessorImpl.invoke(DelegatingMethodAccessorImpl.java:43)
org.junit.ComparisonFailure: expected:<...agereturn>Checksumis[V]> but was:<...agereturn>Checksumis[]>
    at org.junit.Assert.assertEquals(Assert.java:115)
    at org.junit.Assert.assertEquals(Assert.java:144)
    at introclassJava.checksum_2c155667_003WhiteboxTest.test7(checksum_2c155667_003WhiteboxTest.java:77)
    at sun.reflect.NativeMethodAccessorImpl.invoke0(Native Method)
    at sun.reflect.NativeMethodAccessorImpl.invoke(NativeMethodAccessorImpl.java:62)
    at sun.reflect.DelegatingMethodAccessorImpl.invoke(DelegatingMethodAccessorImpl.java:43)
org.junit.ComparisonFailure: expected:<...agereturn>Checksumis[X]> but was:<...agereturn>Checksumis[]>
    at org.junit.Assert.assertEquals(Assert.java:115)
    at org.junit.Assert.assertEquals(Assert.java:144)
    at introclassJava.checksum_2c155667_003WhiteboxTest.test8(checksum_2c155667_003WhiteboxTest.java:86)
    at sun.reflect.NativeMethodAccessorImpl.invoke0(Native Method)
    at sun.reflect.NativeMethodAccessorImpl.invoke(NativeMethodAccessorImpl.java:62)
    at sun.reflect.DelegatingMethodAccessorImpl.invoke(DelegatingMethodAccessorImpl.java:43)
15:57:19.926 [pool-68-thread-1] INFO  xxl.java.junit.TestCasesListener - Tests run finished (11 ms)
<> Total tests run: 30
<> Ignored tests: 0
<> Failed tests: 9
~ test1(introclassJava.checksum_2c155667_003WhiteboxTest)
[expected:<...agereturn>Checksumis[]]> but was:<...agereturn>Checksumis[]>]
org.junit.ComparisonFailure: expected:<...agereturn>Checksumis[]]> but was:<...agereturn>Checksumis[]>    at org.junit.Assert.assertEquals(Assert.java:115)
    at org.junit.Assert.assertEquals(Assert.java:144)
    at introclassJava.checksum_2c155667_003WhiteboxTest.test1(checksum_2c155667_003WhiteboxTest.java:14)
    at sun.reflect.NativeMethodAccessorImpl.invoke0(Native Method)
    at sun.reflect.NativeMethodAccessorImpl.invoke(NativeMethodAccessorImpl.java:62)
    at sun.reflect.DelegatingMethodAccessorImpl.invoke(DelegatingMethodAccessorImpl.java:43)
~ test7(introclassJava.checksum_2c155667_003WhiteboxTest)
[expected:<...agereturn>Checksumis[V]> but was:<...agereturn>Checksumis[]>]
org.junit.ComparisonFailure: expected:<...agereturn>Checksumis[V]> but was:<...agereturn>Checksumis[]>    at org.junit.Assert.assertEquals(Assert.java:115)
    at org.junit.Assert.assertEquals(Assert.java:144)
    at introclassJava.checksum_2c155667_003WhiteboxTest.test7(checksum_2c155667_003WhiteboxTest.java:77)
    at sun.reflect.NativeMethodAccessorImpl.invoke0(Native Method)
    at sun.reflect.NativeMethodAccessorImpl.invoke(NativeMethodAccessorImpl.java:62)
    at sun.reflect.DelegatingMethodAccessorImpl.invoke(DelegatingMethodAccessorImpl.java:43)
~ test8(introclassJava.checksum_2c155667_003WhiteboxTest)
[expected:<...agereturn>Checksumis[X]> but was:<...agereturn>Checksumis[]>]
org.junit.ComparisonFailure: expected:<...agereturn>Checksumis[X]> but was:<...agereturn>Checksumis[]>    at org.junit.Assert.assertEquals(Assert.java:115)
    at org.junit.Assert.assertEquals(Assert.java:144)
    at introclassJava.checksum_2c155667_003WhiteboxTest.test8(checksum_2c155667_003WhiteboxTest.java:86)
    at sun.reflect.NativeMethodAccessorImpl.invoke0(Native Method)
    at sun.reflect.NativeMethodAccessorImpl.invoke(NativeMethodAccessorImpl.java:62)
    at sun.reflect.DelegatingMethodAccessorImpl.invoke(DelegatingMethodAccessorImpl.java:43)
~ test1(introclassJava.checksum_2c155667_003WhiteboxTest)
[expected:<...agereturn>Checksumis[]]> but was:<...agereturn>Checksumis[]>]
org.junit.ComparisonFailure: expected:<...agereturn>Checksumis[]]> but was:<...agereturn>Checksumis[]>    at org.junit.Assert.assertEquals(Assert.java:115)
    at org.junit.Assert.assertEquals(Assert.java:144)
    at introclassJava.checksum_2c155667_003WhiteboxTest.test1(checksum_2c155667_003WhiteboxTest.java:14)
    at sun.reflect.NativeMethodAccessorImpl.invoke0(Native Method)
    at sun.reflect.NativeMethodAccessorImpl.invoke(NativeMethodAccessorImpl.java:62)
    at sun.reflect.DelegatingMethodAccessorImpl.invoke(DelegatingMethodAccessorImpl.java:43)
~ test7(introclassJava.checksum_2c155667_003WhiteboxTest)
[expected:<...agereturn>Checksumis[V]> but was:<...agereturn>Checksumis[]>]
org.junit.ComparisonFailure: expected:<...agereturn>Checksumis[V]> but was:<...agereturn>Checksumis[]>    at org.junit.Assert.assertEquals(Assert.java:115)
    at org.junit.Assert.assertEquals(Assert.java:144)
    at introclassJava.checksum_2c155667_003WhiteboxTest.test7(checksum_2c155667_003WhiteboxTest.java:77)
    at sun.reflect.NativeMethodAccessorImpl.invoke0(Native Method)
    at sun.reflect.NativeMethodAccessorImpl.invoke(NativeMethodAccessorImpl.java:62)
    at sun.reflect.DelegatingMethodAccessorImpl.invoke(DelegatingMethodAccessorImpl.java:43)
~ test8(introclassJava.checksum_2c155667_003WhiteboxTest)
[expected:<...agereturn>Checksumis[X]> but was:<...agereturn>Checksumis[]>]
org.junit.ComparisonFailure: expected:<...agereturn>Checksumis[X]> but was:<...agereturn>Checksumis[]>    at org.junit.Assert.assertEquals(Assert.java:115)
    at org.junit.Assert.assertEquals(Assert.java:144)
    at introclassJava.checksum_2c155667_003WhiteboxTest.test8(checksum_2c155667_003WhiteboxTest.java:86)
    at sun.reflect.NativeMethodAccessorImpl.invoke0(Native Method)
    at sun.reflect.NativeMethodAccessorImpl.invoke(NativeMethodAccessorImpl.java:62)
    at sun.reflect.DelegatingMethodAccessorImpl.invoke(DelegatingMethodAccessorImpl.java:43)
~ test1(introclassJava.checksum_2c155667_003WhiteboxTest)
[expected:<...agereturn>Checksumis[]]> but was:<...agereturn>Checksumis[]>]
org.junit.ComparisonFailure: expected:<...agereturn>Checksumis[]]> but was:<...agereturn>Checksumis[]>    at org.junit.Assert.assertEquals(Assert.java:115)
    at org.junit.Assert.assertEquals(Assert.java:144)
    at introclassJava.checksum_2c155667_003WhiteboxTest.test1(checksum_2c155667_003WhiteboxTest.java:14)
    at sun.reflect.NativeMethodAccessorImpl.invoke0(Native Method)
    at sun.reflect.NativeMethodAccessorImpl.invoke(NativeMethodAccessorImpl.java:62)
    at sun.reflect.DelegatingMethodAccessorImpl.invoke(DelegatingMethodAccessorImpl.java:43)
~ test7(introclassJava.checksum_2c155667_003WhiteboxTest)
[expected:<...agereturn>Checksumis[V]> but was:<...agereturn>Checksumis[]>]
org.junit.ComparisonFailure: expected:<...agereturn>Checksumis[V]> but was:<...agereturn>Checksumis[]>    at org.junit.Assert.assertEquals(Assert.java:115)
    at org.junit.Assert.assertEquals(Assert.java:144)
    at introclassJava.checksum_2c155667_003WhiteboxTest.test7(checksum_2c155667_003WhiteboxTest.java:77)
    at sun.reflect.NativeMethodAccessorImpl.invoke0(Native Method)
    at sun.reflect.NativeMethodAccessorImpl.invoke(NativeMethodAccessorImpl.java:62)
    at sun.reflect.DelegatingMethodAccessorImpl.invoke(DelegatingMethodAccessorImpl.java:43)
~ test8(introclassJava.checksum_2c155667_003WhiteboxTest)
[expected:<...agereturn>Checksumis[X]> but was:<...agereturn>Checksumis[]>]
org.junit.ComparisonFailure: expected:<...agereturn>Checksumis[X]> but was:<...agereturn>Checksumis[]>    at org.junit.Assert.assertEquals(Assert.java:115)
    at org.junit.Assert.assertEquals(Assert.java:144)
    at introclassJava.checksum_2c155667_003WhiteboxTest.test8(checksum_2c155667_003WhiteboxTest.java:86)
    at sun.reflect.NativeMethodAccessorImpl.invoke0(Native Method)
    at sun.reflect.NativeMethodAccessorImpl.invoke(NativeMethodAccessorImpl.java:62)
    at sun.reflect.DelegatingMethodAccessorImpl.invoke(DelegatingMethodAccessorImpl.java:43)

org.junit.ComparisonFailure: expected:<[Enteranabitrarilylongstring,endingwithcarriagereturn>ChecksumisX]> but was:<[Checksumis]>
    at org.junit.Assert.assertEquals(Assert.java:115)
    at org.junit.Assert.assertEquals(Assert.java:144)
    at introclassJava.checksum_2c155667_003WhiteboxTest.test8(checksum_2c155667_003WhiteboxTest.java:86)
    at sun.reflect.NativeMethodAccessorImpl.invoke0(Native Method)
    at sun.reflect.NativeMethodAccessorImpl.invoke(NativeMethodAccessorImpl.java:62)
    at sun.reflect.DelegatingMethodAccessorImpl.invoke(DelegatingMethodAccessorImpl.java:43)
15:57:19.998 [pool-69-thread-1] INFO  f.i.l.c.t.SpecificationTestCasesListener - Tests run finished (2 ms)
<> Total tests run: 1
<> Ignored tests: 0
<> Failed tests: 1
~ test8(introclassJava.checksum_2c155667_003WhiteboxTest)
[expected:<[Enteranabitrarilylongstring,endingwithcarriagereturn>ChecksumisX]> but was:<[Checksumis]>]
org.junit.ComparisonFailure: expected:<[Enteranabitrarilylongstring,endingwithcarriagereturn>ChecksumisX]> but was:<[Checksumis]>    at org.junit.Assert.assertEquals(Assert.java:115)
    at org.junit.Assert.assertEquals(Assert.java:144)
    at introclassJava.checksum_2c155667_003WhiteboxTest.test8(checksum_2c155667_003WhiteboxTest.java:86)
    at sun.reflect.NativeMethodAccessorImpl.invoke0(Native Method)
    at sun.reflect.NativeMethodAccessorImpl.invoke(NativeMethodAccessorImpl.java:62)
    at sun.reflect.DelegatingMethodAccessorImpl.invoke(DelegatingMethodAccessorImpl.java:43)

org.junit.ComparisonFailure: expected:<[Enteranabitrarilylongstring,endingwithcarriagereturn>Checksumis]]> but was:<[Checksumis]>
    at org.junit.Assert.assertEquals(Assert.java:115)
    at org.junit.Assert.assertEquals(Assert.java:144)
    at introclassJava.checksum_2c155667_003WhiteboxTest.test1(checksum_2c155667_003WhiteboxTest.java:14)
    at sun.reflect.NativeMethodAccessorImpl.invoke0(Native Method)
    at sun.reflect.NativeMethodAccessorImpl.invoke(NativeMethodAccessorImpl.java:62)
    at sun.reflect.DelegatingMethodAccessorImpl.invoke(DelegatingMethodAccessorImpl.java:43)
15:57:20.000 [pool-70-thread-1] INFO  f.i.l.c.t.SpecificationTestCasesListener - Tests run finished (1 ms)
<> Total tests run: 1
<> Ignored tests: 0
<> Failed tests: 1
~ test1(introclassJava.checksum_2c155667_003WhiteboxTest)
[expected:<[Enteranabitrarilylongstring,endingwithcarriagereturn>Checksumis]]> but was:<[Checksumis]>]
org.junit.ComparisonFailure: expected:<[Enteranabitrarilylongstring,endingwithcarriagereturn>Checksumis]]> but was:<[Checksumis]>    at org.junit.Assert.assertEquals(Assert.java:115)
    at org.junit.Assert.assertEquals(Assert.java:144)
    at introclassJava.checksum_2c155667_003WhiteboxTest.test1(checksum_2c155667_003WhiteboxTest.java:14)
    at sun.reflect.NativeMethodAccessorImpl.invoke0(Native Method)
    at sun.reflect.NativeMethodAccessorImpl.invoke(NativeMethodAccessorImpl.java:62)
    at sun.reflect.DelegatingMethodAccessorImpl.invoke(DelegatingMethodAccessorImpl.java:43)

org.junit.ComparisonFailure: expected:<[Enteranabitrarilylongstring,endingwithcarriagereturn>ChecksumisV]> but was:<[Checksumis]>
    at org.junit.Assert.assertEquals(Assert.java:115)
    at org.junit.Assert.assertEquals(Assert.java:144)
    at introclassJava.checksum_2c155667_003WhiteboxTest.test7(checksum_2c155667_003WhiteboxTest.java:77)
    at sun.reflect.NativeMethodAccessorImpl.invoke0(Native Method)
    at sun.reflect.NativeMethodAccessorImpl.invoke(NativeMethodAccessorImpl.java:62)
    at sun.reflect.DelegatingMethodAccessorImpl.invoke(DelegatingMethodAccessorImpl.java:43)
15:57:20.001 [pool-71-thread-1] INFO  f.i.l.c.t.SpecificationTestCasesListener - Tests run finished (1 ms)
<> Total tests run: 1
<> Ignored tests: 0
<> Failed tests: 1
~ test7(introclassJava.checksum_2c155667_003WhiteboxTest)
[expected:<[Enteranabitrarilylongstring,endingwithcarriagereturn>ChecksumisV]> but was:<[Checksumis]>]
org.junit.ComparisonFailure: expected:<[Enteranabitrarilylongstring,endingwithcarriagereturn>ChecksumisV]> but was:<[Checksumis]>    at org.junit.Assert.assertEquals(Assert.java:115)
    at org.junit.Assert.assertEquals(Assert.java:144)
    at introclassJava.checksum_2c155667_003WhiteboxTest.test7(checksum_2c155667_003WhiteboxTest.java:77)
    at sun.reflect.NativeMethodAccessorImpl.invoke0(Native Method)
    at sun.reflect.NativeMethodAccessorImpl.invoke(NativeMethodAccessorImpl.java:62)
    at sun.reflect.DelegatingMethodAccessorImpl.invoke(DelegatingMethodAccessorImpl.java:43)

org.junit.ComparisonFailure: expected:<...agereturn>Checksumis[X]> but was:<...agereturn>Checksumis[]>
    at org.junit.Assert.assertEquals(Assert.java:115)
    at org.junit.Assert.assertEquals(Assert.java:144)
    at introclassJava.checksum_2c155667_003WhiteboxTest.test8(checksum_2c155667_003WhiteboxTest.java:86)
    at sun.reflect.NativeMethodAccessorImpl.invoke0(Native Method)
    at sun.reflect.NativeMethodAccessorImpl.invoke(NativeMethodAccessorImpl.java:62)
    at sun.reflect.DelegatingMethodAccessorImpl.invoke(DelegatingMethodAccessorImpl.java:43)
15:57:20.002 [pool-72-thread-1] INFO  f.i.l.c.t.SpecificationTestCasesListener - Tests run finished (1 ms)
<> Total tests run: 1
<> Ignored tests: 0
<> Failed tests: 1
~ test8(introclassJava.checksum_2c155667_003WhiteboxTest)
[expected:<...agereturn>Checksumis[X]> but was:<...agereturn>Checksumis[]>]
org.junit.ComparisonFailure: expected:<...agereturn>Checksumis[X]> but was:<...agereturn>Checksumis[]>    at org.junit.Assert.assertEquals(Assert.java:115)
    at org.junit.Assert.assertEquals(Assert.java:144)
    at introclassJava.checksum_2c155667_003WhiteboxTest.test8(checksum_2c155667_003WhiteboxTest.java:86)
    at sun.reflect.NativeMethodAccessorImpl.invoke0(Native Method)
    at sun.reflect.NativeMethodAccessorImpl.invoke(NativeMethodAccessorImpl.java:62)
    at sun.reflect.DelegatingMethodAccessorImpl.invoke(DelegatingMethodAccessorImpl.java:43)

org.junit.ComparisonFailure: expected:<...agereturn>Checksumis[]]> but was:<...agereturn>Checksumis[]>
    at org.junit.Assert.assertEquals(Assert.java:115)
    at org.junit.Assert.assertEquals(Assert.java:144)
    at introclassJava.checksum_2c155667_003WhiteboxTest.test1(checksum_2c155667_003WhiteboxTest.java:14)
    at sun.reflect.NativeMethodAccessorImpl.invoke0(Native Method)
    at sun.reflect.NativeMethodAccessorImpl.invoke(NativeMethodAccessorImpl.java:62)
    at sun.reflect.DelegatingMethodAccessorImpl.invoke(DelegatingMethodAccessorImpl.java:43)
15:57:20.003 [pool-73-thread-1] INFO  f.i.l.c.t.SpecificationTestCasesListener - Tests run finished (0 ms)
<> Total tests run: 1
<> Ignored tests: 0
<> Failed tests: 1
~ test1(introclassJava.checksum_2c155667_003WhiteboxTest)
[expected:<...agereturn>Checksumis[]]> but was:<...agereturn>Checksumis[]>]
org.junit.ComparisonFailure: expected:<...agereturn>Checksumis[]]> but was:<...agereturn>Checksumis[]>    at org.junit.Assert.assertEquals(Assert.java:115)
    at org.junit.Assert.assertEquals(Assert.java:144)
    at introclassJava.checksum_2c155667_003WhiteboxTest.test1(checksum_2c155667_003WhiteboxTest.java:14)
    at sun.reflect.NativeMethodAccessorImpl.invoke0(Native Method)
    at sun.reflect.NativeMethodAccessorImpl.invoke(NativeMethodAccessorImpl.java:62)
    at sun.reflect.DelegatingMethodAccessorImpl.invoke(DelegatingMethodAccessorImpl.java:43)

org.junit.ComparisonFailure: expected:<...agereturn>Checksumis[V]> but was:<...agereturn>Checksumis[]>
    at org.junit.Assert.assertEquals(Assert.java:115)
    at org.junit.Assert.assertEquals(Assert.java:144)
    at introclassJava.checksum_2c155667_003WhiteboxTest.test7(checksum_2c155667_003WhiteboxTest.java:77)
    at sun.reflect.NativeMethodAccessorImpl.invoke0(Native Method)
    at sun.reflect.NativeMethodAccessorImpl.invoke(NativeMethodAccessorImpl.java:62)
    at sun.reflect.DelegatingMethodAccessorImpl.invoke(DelegatingMethodAccessorImpl.java:43)
15:57:20.004 [pool-74-thread-1] INFO  f.i.l.c.t.SpecificationTestCasesListener - Tests run finished (0 ms)
<> Total tests run: 1
<> Ignored tests: 0
<> Failed tests: 1
~ test7(introclassJava.checksum_2c155667_003WhiteboxTest)
[expected:<...agereturn>Checksumis[V]> but was:<...agereturn>Checksumis[]>]
org.junit.ComparisonFailure: expected:<...agereturn>Checksumis[V]> but was:<...agereturn>Checksumis[]>    at org.junit.Assert.assertEquals(Assert.java:115)
    at org.junit.Assert.assertEquals(Assert.java:144)
    at introclassJava.checksum_2c155667_003WhiteboxTest.test7(checksum_2c155667_003WhiteboxTest.java:77)
    at sun.reflect.NativeMethodAccessorImpl.invoke0(Native Method)
    at sun.reflect.NativeMethodAccessorImpl.invoke(NativeMethodAccessorImpl.java:62)
    at sun.reflect.DelegatingMethodAccessorImpl.invoke(DelegatingMethodAccessorImpl.java:43)

15:57:20.004 [pool-67-thread-1] DEBUG tests.output - Failing tests with false: 
[test8(introclassJava.checksum_2c155667_003WhiteboxTest): expected:<[Enteranabitrarilylongstring,endingwithcarriagereturn>ChecksumisX]> but was:<[Checksumis]>, test1(introclassJava.checksum_2c155667_003WhiteboxTest): expected:<[Enteranabitrarilylongstring,endingwithcarriagereturn>Checksumis]]> but was:<[Checksumis]>, test7(introclassJava.checksum_2c155667_003WhiteboxTest): expected:<[Enteranabitrarilylongstring,endingwithcarriagereturn>ChecksumisV]> but was:<[Checksumis]>]
15:57:20.004 [pool-67-thread-1] DEBUG tests.output - Failing tests with true: 
[test8(introclassJava.checksum_2c155667_003WhiteboxTest): expected:<...agereturn>Checksumis[X]> but was:<...agereturn>Checksumis[]>, test1(introclassJava.checksum_2c155667_003WhiteboxTest): expected:<...agereturn>Checksumis[]]> but was:<...agereturn>Checksumis[]>, test7(introclassJava.checksum_2c155667_003WhiteboxTest): expected:<...agereturn>Checksumis[V]> but was:<...agereturn>Checksumis[]>]
15:57:20.005 [pool-67-thread-1] INFO  f.i.l.r.n.synth.SMTNopolSynthesizer - Not enough specifications: 0. A trivial patch is "true" or "false", please write new tests specifying SourceLocation introclassJava.checksum_2c155667_003:63.
15:57:20.005 [pool-2-thread-1] DEBUG fr.inria.lille.repair.nopol.NoPol - statement #12
15:57:20.005 [pool-2-thread-1] DEBUG fr.inria.lille.repair.nopol.NoPol - Analysing SourceLocation introclassJava.checksum_2c155667_003:62 which is executed by 16 tests
2135544680
15:57:20.045 [pool-2-thread-1] DEBUG fr.inria.lille.repair.nopol.NoPol - statement #13
15:57:20.046 [pool-2-thread-1] DEBUG fr.inria.lille.repair.nopol.NoPol - Analysing SourceLocation introclassJava.checksum_2c155667_003:61 which is executed by 16 tests
2135544680
15:57:20.085 [pool-2-thread-1] DEBUG fr.inria.lille.repair.nopol.NoPol - statement #14
15:57:20.085 [pool-2-thread-1] DEBUG fr.inria.lille.repair.nopol.NoPol - Analysing SourceLocation introclassJava.checksum_2c155667_003:60 which is executed by 16 tests
2135544680
15:57:20.129 [pool-2-thread-1] INFO  fr.inria.lille.repair.nopol.NoPol - ----INFORMATION----
15:57:20.135 [pool-2-thread-1] INFO  fr.inria.lille.repair.nopol.NoPol - Nb classes : 6
15:57:20.135 [pool-2-thread-1] INFO  fr.inria.lille.repair.nopol.NoPol - Nb methods : 2
15:57:20.135 [pool-2-thread-1] INFO  fr.inria.lille.repair.nopol.NoPol - Nb Statements Analyzed : 9
15:57:20.136 [pool-2-thread-1] INFO  fr.inria.lille.repair.nopol.NoPol - Nb Statements with Angelic Value Found : 0
15:57:20.136 [pool-2-thread-1] INFO  fr.inria.lille.repair.nopol.NoPol - Nb inputs in SMT : 0
15:57:20.138 [pool-2-thread-1] INFO  fr.inria.lille.repair.nopol.NoPol - Nb SMT level: 0
15:57:20.138 [pool-2-thread-1] INFO  fr.inria.lille.repair.nopol.NoPol - Nb variables in SMT : 0
15:57:20.138 [pool-2-thread-1] INFO  fr.inria.lille.repair.nopol.NoPol - NoPol Execution time : 11600ms
15:57:20.138 [pool-2-thread-1] INFO  fr.inria.lille.repair.nopol.NoPol - 
NO_ANGELIC_VALUE
Command exited with non-zero status 255
29.56user 1.82system 0:12.73elapsed 246%CPU (0avgtext+0avgdata 1121936maxresident)k
46240inputs+5712outputs (3major+329452minor)pagefaults 0swaps


Node: uvb-6.sophia.grid5000.fr



Date: Wed Dec  5 15:57:20 EST 2018

